<?xml version="1.0" encoding="UTF-8"?>
<testsuites name="VPS-Payments-TestSuite" time="3329.865" tests="3" failures="1" errors="0">
   <testsuite name="VPS-Payments-TestSuite" tests="3" failures="1" errors="0" time="3329.865" skipped="0" timestamp="2022-06-30 22:03:35" hostname="imtiaz - DESKTOP-B2QI6NS.govolution.com" id="Test Suites/QA/VSP-Bootstrap/VPS-Payments-TestSuite">
      <properties>
         <property name="deviceName" value=""/>
         <property name="devicePlatform" value=""/>
         <property name="logFolder" value="E:\\Cloned-Project-Katalon\\VPS-Katalon\\Reports\\20220630_220315\\QA\\VSP-Bootstrap\\VPS-Payments-TestSuite\\20220630_220317"/>
         <property name="logFiles" value="E:\\Cloned-Project-Katalon\\VPS-Katalon\\Reports\\20220630_220315\\QA\\VSP-Bootstrap\\VPS-Payments-TestSuite\\20220630_220317\\execution0.log"/>
         <property name="attachments" value="E:\\Cloned-Project-Katalon\\VPS-Katalon\\Reports\\20220630_220315\\QA\\VSP-Bootstrap\\VPS-Payments-TestSuite\\20220630_220317\\1656641160160.png, E:\\Cloned-Project-Katalon\\VPS-Katalon\\Reports\\20220630_220315\\QA\\VSP-Bootstrap\\VPS-Payments-TestSuite\\20220630_220317\\1656641181450.png, E:\\Cloned-Project-Katalon\\VPS-Katalon\\Reports\\20220630_220315\\QA\\VSP-Bootstrap\\VPS-Payments-TestSuite\\20220630_220317\\1656641212680.png, E:\\Cloned-Project-Katalon\\VPS-Katalon\\Reports\\20220630_220315\\QA\\VSP-Bootstrap\\VPS-Payments-TestSuite\\20220630_220317\\1656641233945.png, E:\\Cloned-Project-Katalon\\VPS-Katalon\\Reports\\20220630_220315\\QA\\VSP-Bootstrap\\VPS-Payments-TestSuite\\20220630_220317\\1656641312434.png, E:\\Cloned-Project-Katalon\\VPS-Katalon\\Reports\\20220630_220315\\QA\\VSP-Bootstrap\\VPS-Payments-TestSuite\\20220630_220317\\1656641343699.png, E:\\Cloned-Project-Katalon\\VPS-Katalon\\Reports\\20220630_220315\\QA\\VSP-Bootstrap\\VPS-Payments-TestSuite\\20220630_220317\\1656641374970.png, E:\\Cloned-Project-Katalon\\VPS-Katalon\\Reports\\20220630_220315\\QA\\VSP-Bootstrap\\VPS-Payments-TestSuite\\20220630_220317\\1656641406252.png, E:\\Cloned-Project-Katalon\\VPS-Katalon\\Reports\\20220630_220315\\QA\\VSP-Bootstrap\\VPS-Payments-TestSuite\\20220630_220317\\1656641437531.png, E:\\Cloned-Project-Katalon\\VPS-Katalon\\Reports\\20220630_220315\\QA\\VSP-Bootstrap\\VPS-Payments-TestSuite\\20220630_220317\\1656641468833.png, E:\\Cloned-Project-Katalon\\VPS-Katalon\\Reports\\20220630_220315\\QA\\VSP-Bootstrap\\VPS-Payments-TestSuite\\20220630_220317\\1656641500103.png, E:\\Cloned-Project-Katalon\\VPS-Katalon\\Reports\\20220630_220315\\QA\\VSP-Bootstrap\\VPS-Payments-TestSuite\\20220630_220317\\1656641532102.png, E:\\Cloned-Project-Katalon\\VPS-Katalon\\Reports\\20220630_220315\\QA\\VSP-Bootstrap\\VPS-Payments-TestSuite\\20220630_220317\\1656641563357.png, E:\\Cloned-Project-Katalon\\VPS-Katalon\\Reports\\20220630_220315\\QA\\VSP-Bootstrap\\VPS-Payments-TestSuite\\20220630_220317\\1656641594623.png, E:\\Cloned-Project-Katalon\\VPS-Katalon\\Reports\\20220630_220315\\QA\\VSP-Bootstrap\\VPS-Payments-TestSuite\\20220630_220317\\1656641625894.png"/>
         <property name="hostName" value="imtiaz - DESKTOP-B2QI6NS.govolution.com"/>
         <property name="os" value="Windows 10 64bit"/>
         <property name="katalonVersion" value="8.2.5.208"/>
         <property name="browser" value="Chrome 103.0.5060.66"/>
         <property name="hostAddress" value="172.31.253.180"/>
         <property name="sessionId" value="ab7586c21c9e897b3161846e40fa9f3a"/>
         <property name="seleniumVersion" value="3.141.59"/>
         <property name="proxyInformation" value="ProxyInformation { proxyOption=NO_PROXY, proxyServerType=HTTP, username=, password=********, proxyServerAddress=, proxyServerPort=0, executionList=&quot;&quot;, isApplyToDesiredCapabilities=true }"/>
         <property name="platform" value="Windows 10"/>
      </properties>
      <testcase name="Test Cases/Admin Suite Bootstrap/VSP_Payments_TestCases/Sale_TP_AllCF_Generic_Payment_TC" time="2416.862" classname="Test Cases/Admin Suite Bootstrap/VSP_Payments_TestCases/Sale_TP_AllCF_Generic_Payment_TC" status="FAILED">
         <failure type="FAILED" message="Test Cases/Admin Suite Bootstrap/VSP_Payments_TestCases/Sale_TP_AllCF_Generic_Payment_TC FAILED.
Reason:
com.kms.katalon.core.exception.StepFailedException: Text 'Transaction Successful' is not present on page  using regular expression (Root cause: com.kms.katalon.core.exception.StepFailedException: Text 'Transaction Successful' is not present on page  using regular expression
	at com.kms.katalon.core.webui.keyword.internal.WebUIKeywordMain.stepFailed(WebUIKeywordMain.groovy:64)
	at com.kms.katalon.core.webui.keyword.builtin.VerifyTextPresentKeyword$_verifyTextPresent_closure1.doCall(VerifyTextPresentKeyword.groovy:79)
	at com.kms.katalon.core.webui.keyword.builtin.VerifyTextPresentKeyword$_verifyTextPresent_closure1.call(VerifyTextPresentKeyword.groovy)
	at com.kms.katalon.core.webui.keyword.internal.WebUIKeywordMain.runKeyword(WebUIKeywordMain.groovy:20)
	at com.kms.katalon.core.webui.keyword.builtin.VerifyTextPresentKeyword.verifyTextPresent(VerifyTextPresentKeyword.groovy:83)
	at com.kms.katalon.core.webui.keyword.builtin.VerifyTextPresentKeyword.execute(VerifyTextPresentKeyword.groovy:68)
	at com.kms.katalon.core.keyword.internal.KeywordExecutor.executeKeywordForPlatform(KeywordExecutor.groovy:74)
	at com.kms.katalon.core.webui.keyword.WebUiBuiltInKeywords.verifyTextPresent(WebUiBuiltInKeywords.groovy:1723)
	at com.kms.katalon.core.webui.keyword.WebUiBuiltInKeywords$verifyTextPresent$4.call(Unknown Source)
	at Sale_TP_AllCF_Generic_Payment_TC.run(Sale_TP_AllCF_Generic_Payment_TC:134)
	at com.kms.katalon.core.main.ScriptEngine.run(ScriptEngine.java:194)
	at com.kms.katalon.core.main.ScriptEngine.runScriptAsRawText(ScriptEngine.java:119)
	at com.kms.katalon.core.main.TestCaseExecutor.runScript(TestCaseExecutor.java:442)
	at com.kms.katalon.core.main.TestCaseExecutor.doExecute(TestCaseExecutor.java:433)
	at com.kms.katalon.core.main.TestCaseExecutor.processExecutionPhase(TestCaseExecutor.java:412)
	at com.kms.katalon.core.main.TestCaseExecutor.accessMainPhase(TestCaseExecutor.java:404)
	at com.kms.katalon.core.main.TestCaseExecutor.execute(TestCaseExecutor.java:281)
	at com.kms.katalon.core.main.TestSuiteExecutor.accessTestCaseMainPhase(TestSuiteExecutor.java:202)
	at com.kms.katalon.core.main.TestSuiteExecutor.accessTestSuiteMainPhase(TestSuiteExecutor.java:164)
	at com.kms.katalon.core.main.TestSuiteExecutor.execute(TestSuiteExecutor.java:105)
	at com.kms.katalon.core.main.TestCaseMain.startTestSuite(TestCaseMain.java:185)
	at com.kms.katalon.core.main.TestCaseMain$startTestSuite$0.call(Unknown Source)
	at TempTestSuite1656640997204.run(TempTestSuite1656640997204.groovy:36)
)
	at com.kms.katalon.core.keyword.internal.KeywordMain.stepFailed(KeywordMain.groovy:39)
	at com.kms.katalon.core.webui.keyword.internal.WebUIKeywordMain.stepFailed(WebUIKeywordMain.groovy:64)
	at com.kms.katalon.core.webui.keyword.builtin.VerifyTextPresentKeyword$_verifyTextPresent_closure1.doCall(VerifyTextPresentKeyword.groovy:79)
	at com.kms.katalon.core.webui.keyword.builtin.VerifyTextPresentKeyword$_verifyTextPresent_closure1.call(VerifyTextPresentKeyword.groovy)
	at com.kms.katalon.core.webui.keyword.internal.WebUIKeywordMain.runKeyword(WebUIKeywordMain.groovy:20)
	at com.kms.katalon.core.webui.keyword.builtin.VerifyTextPresentKeyword.verifyTextPresent(VerifyTextPresentKeyword.groovy:83)
	at com.kms.katalon.core.webui.keyword.builtin.VerifyTextPresentKeyword.execute(VerifyTextPresentKeyword.groovy:68)
	at com.kms.katalon.core.keyword.internal.KeywordExecutor.executeKeywordForPlatform(KeywordExecutor.groovy:74)
	at com.kms.katalon.core.webui.keyword.WebUiBuiltInKeywords.verifyTextPresent(WebUiBuiltInKeywords.groovy:1723)
	at com.kms.katalon.core.webui.keyword.WebUiBuiltInKeywords$verifyTextPresent$4.call(Unknown Source)
	at Sale_TP_AllCF_Generic_Payment_TC.run(Sale_TP_AllCF_Generic_Payment_TC:134)
	at com.kms.katalon.core.main.ScriptEngine.run(ScriptEngine.java:194)
	at com.kms.katalon.core.main.ScriptEngine.runScriptAsRawText(ScriptEngine.java:119)
	at com.kms.katalon.core.main.TestCaseExecutor.runScript(TestCaseExecutor.java:442)
	at com.kms.katalon.core.main.TestCaseExecutor.doExecute(TestCaseExecutor.java:433)
	at com.kms.katalon.core.main.TestCaseExecutor.processExecutionPhase(TestCaseExecutor.java:412)
	at com.kms.katalon.core.main.TestCaseExecutor.accessMainPhase(TestCaseExecutor.java:404)
	at com.kms.katalon.core.main.TestCaseExecutor.execute(TestCaseExecutor.java:281)
	at com.kms.katalon.core.main.TestSuiteExecutor.accessTestCaseMainPhase(TestSuiteExecutor.java:202)
	at com.kms.katalon.core.main.TestSuiteExecutor.accessTestSuiteMainPhase(TestSuiteExecutor.java:164)
	at com.kms.katalon.core.main.TestSuiteExecutor.execute(TestSuiteExecutor.java:105)
	at com.kms.katalon.core.main.TestCaseMain.startTestSuite(TestCaseMain.java:185)
	at com.kms.katalon.core.main.TestCaseMain$startTestSuite$0.call(Unknown Source)
	at TempTestSuite1656640997204.run(TempTestSuite1656640997204.groovy:36)
Caused by: com.kms.katalon.core.exception.StepFailedException: Text 'Transaction Successful' is not present on page  using regular expression
	... 23 more
"/>
         <system-out><![CDATA[2022-06-30 22:03:35 - [TEST_CASE][FAILED] - Test Cases/Admin Suite Bootstrap/VSP_Payments_TestCases/Sale_TP_AllCF_Generic_Payment_TC: Test Cases/Admin Suite Bootstrap/VSP_Payments_TestCases/Sale_TP_AllCF_Generic_Payment_TC FAILED.
Reason:
com.kms.katalon.core.exception.StepFailedException: Text 'Transaction Successful' is not present on page  using regular expression (Root cause: com.kms.katalon.core.exception.StepFailedException: Text 'Transaction Successful' is not present on page  using regular expression
	at com.kms.katalon.core.webui.keyword.internal.WebUIKeywordMain.stepFailed(WebUIKeywordMain.groovy:64)
	at com.kms.katalon.core.webui.keyword.builtin.VerifyTextPresentKeyword$_verifyTextPresent_closure1.doCall(VerifyTextPresentKeyword.groovy:79)
	at com.kms.katalon.core.webui.keyword.builtin.VerifyTextPresentKeyword$_verifyTextPresent_closure1.call(VerifyTextPresentKeyword.groovy)
	at com.kms.katalon.core.webui.keyword.internal.WebUIKeywordMain.runKeyword(WebUIKeywordMain.groovy:20)
	at com.kms.katalon.core.webui.keyword.builtin.VerifyTextPresentKeyword.verifyTextPresent(VerifyTextPresentKeyword.groovy:83)
	at com.kms.katalon.core.webui.keyword.builtin.VerifyTextPresentKeyword.execute(VerifyTextPresentKeyword.groovy:68)
	at com.kms.katalon.core.keyword.internal.KeywordExecutor.executeKeywordForPlatform(KeywordExecutor.groovy:74)
	at com.kms.katalon.core.webui.keyword.WebUiBuiltInKeywords.verifyTextPresent(WebUiBuiltInKeywords.groovy:1723)
	at com.kms.katalon.core.webui.keyword.WebUiBuiltInKeywords$verifyTextPresent$4.call(Unknown Source)
	at Sale_TP_AllCF_Generic_Payment_TC.run(Sale_TP_AllCF_Generic_Payment_TC:134)
	at com.kms.katalon.core.main.ScriptEngine.run(ScriptEngine.java:194)
	at com.kms.katalon.core.main.ScriptEngine.runScriptAsRawText(ScriptEngine.java:119)
	at com.kms.katalon.core.main.TestCaseExecutor.runScript(TestCaseExecutor.java:442)
	at com.kms.katalon.core.main.TestCaseExecutor.doExecute(TestCaseExecutor.java:433)
	at com.kms.katalon.core.main.TestCaseExecutor.processExecutionPhase(TestCaseExecutor.java:412)
	at com.kms.katalon.core.main.TestCaseExecutor.accessMainPhase(TestCaseExecutor.java:404)
	at com.kms.katalon.core.main.TestCaseExecutor.execute(TestCaseExecutor.java:281)
	at com.kms.katalon.core.main.TestSuiteExecutor.accessTestCaseMainPhase(TestSuiteExecutor.java:202)
	at com.kms.katalon.core.main.TestSuiteExecutor.accessTestSuiteMainPhase(TestSuiteExecutor.java:164)
	at com.kms.katalon.core.main.TestSuiteExecutor.execute(TestSuiteExecutor.java:105)
	at com.kms.katalon.core.main.TestCaseMain.startTestSuite(TestCaseMain.java:185)
	at com.kms.katalon.core.main.TestCaseMain$startTestSuite$0.call(Unknown Source)
	at TempTestSuite1656640997204.run(TempTestSuite1656640997204.groovy:36)
)
	at com.kms.katalon.core.keyword.internal.KeywordMain.stepFailed(KeywordMain.groovy:39)
	at com.kms.katalon.core.webui.keyword.internal.WebUIKeywordMain.stepFailed(WebUIKeywordMain.groovy:64)
	at com.kms.katalon.core.webui.keyword.builtin.VerifyTextPresentKeyword$_verifyTextPresent_closure1.doCall(VerifyTextPresentKeyword.groovy:79)
	at com.kms.katalon.core.webui.keyword.builtin.VerifyTextPresentKeyword$_verifyTextPresent_closure1.call(VerifyTextPresentKeyword.groovy)
	at com.kms.katalon.core.webui.keyword.internal.WebUIKeywordMain.runKeyword(WebUIKeywordMain.groovy:20)
	at com.kms.katalon.core.webui.keyword.builtin.VerifyTextPresentKeyword.verifyTextPresent(VerifyTextPresentKeyword.groovy:83)
	at com.kms.katalon.core.webui.keyword.builtin.VerifyTextPresentKeyword.execute(VerifyTextPresentKeyword.groovy:68)
	at com.kms.katalon.core.keyword.internal.KeywordExecutor.executeKeywordForPlatform(KeywordExecutor.groovy:74)
	at com.kms.katalon.core.webui.keyword.WebUiBuiltInKeywords.verifyTextPresent(WebUiBuiltInKeywords.groovy:1723)
	at com.kms.katalon.core.webui.keyword.WebUiBuiltInKeywords$verifyTextPresent$4.call(Unknown Source)
	at Sale_TP_AllCF_Generic_Payment_TC.run(Sale_TP_AllCF_Generic_Payment_TC:134)
	at com.kms.katalon.core.main.ScriptEngine.run(ScriptEngine.java:194)
	at com.kms.katalon.core.main.ScriptEngine.runScriptAsRawText(ScriptEngine.java:119)
	at com.kms.katalon.core.main.TestCaseExecutor.runScript(TestCaseExecutor.java:442)
	at com.kms.katalon.core.main.TestCaseExecutor.doExecute(TestCaseExecutor.java:433)
	at com.kms.katalon.core.main.TestCaseExecutor.processExecutionPhase(TestCaseExecutor.java:412)
	at com.kms.katalon.core.main.TestCaseExecutor.accessMainPhase(TestCaseExecutor.java:404)
	at com.kms.katalon.core.main.TestCaseExecutor.execute(TestCaseExecutor.java:281)
	at com.kms.katalon.core.main.TestSuiteExecutor.accessTestCaseMainPhase(TestSuiteExecutor.java:202)
	at com.kms.katalon.core.main.TestSuiteExecutor.accessTestSuiteMainPhase(TestSuiteExecutor.java:164)
	at com.kms.katalon.core.main.TestSuiteExecutor.execute(TestSuiteExecutor.java:105)
	at com.kms.katalon.core.main.TestCaseMain.startTestSuite(TestCaseMain.java:185)
	at com.kms.katalon.core.main.TestCaseMain$startTestSuite$0.call(Unknown Source)
	at TempTestSuite1656640997204.run(TempTestSuite1656640997204.groovy:36)
Caused by: com.kms.katalon.core.exception.StepFailedException: Text 'Transaction Successful' is not present on page  using regular expression
	... 23 more


2022-06-30 22:03:36 - [TEST_STEP][PASSED] - path_Dashboard = "Object Repository/AdminSuiteBootstrap_Pages/Dashboard_Bootstrap/": null

2022-06-30 22:03:36 - [TEST_STEP][PASSED] - path_VT = "Object Repository/AdminSuiteBootstrap_Pages/VT_Bootstrap/IssueTransactions/": null

2022-06-30 22:03:36 - [TEST_STEP][PASSED] - path_CreateProfile = "Object Repository/AdminSuiteBootstrap_Pages/VSP_Bootstrap/CreateProfile/": null

2022-06-30 22:03:36 - [TEST_STEP][PASSED] - path_AddAccount = "Object Repository/AdminSuiteBootstrap_Pages/VSP_Bootstrap/AddAccount/": null

2022-06-30 22:03:36 - [TEST_STEP][PASSED] - path_Add_ACH = "Object Repository/AdminSuiteBootstrap_Pages/VSP_Bootstrap/AddACH/": null

2022-06-30 22:03:36 - [TEST_STEP][PASSED] - path_Add_CC = "Object Repository/AdminSuiteBootstrap_Pages/VSP_Bootstrap/AddCreditCard/": null

2022-06-30 22:03:36 - [TEST_STEP][PASSED] - path_App_Plan = "Object Repository/AdminSuiteBootstrap_Pages/VSP_Bootstrap/AddPaymentPlan/": null

2022-06-30 22:03:36 - [TEST_STEP][PASSED] - path_DeleteProfile = "Object Repository/AdminSuiteBootstrap_Pages/VSP_Bootstrap/DeleteProfile/": null

2022-06-30 22:03:36 - [TEST_STEP][PASSED] - path_ModifyProfile = "Object Repository/AdminSuiteBootstrap_Pages/VSP_Bootstrap/ModifyProfile/": null

2022-06-30 22:03:36 - [TEST_STEP][PASSED] - path_ViewProfile = "Object Repository/AdminSuiteBootstrap_Pages/VSP_Bootstrap/View Profile/": null

2022-06-30 22:03:36 - [TEST_STEP][PASSED] - path_VSPAuth = "Object Repository/AdminSuiteBootstrap_Pages/VSP_Bootstrap/VSP_Auth/": null

2022-06-30 22:03:36 - [TEST_STEP][PASSED] - path_VSPAuthCap = "Object Repository/AdminSuiteBootstrap_Pages/VSP_Bootstrap/VSP_Authcap/": null

2022-06-30 22:03:36 - [TEST_STEP][PASSED] - path_Debit = "Object Repository/AdminSuiteBootstrap_Pages/VSP_Bootstrap/VSP_Debit/": null

2022-06-30 22:03:36 - [TEST_STEP][PASSED] - path_DeleteProfileConfirm = "Object Repository/AdminSuiteBootstrap_Pages/VSP_Bootstrap/DeleteProfileConfirm/": null

2022-06-30 22:03:36 - [TEST_STEP][PASSED] - executionProfile = getExecutionProfile(): null

2022-06-30 22:03:36 - [TEST_STEP][PASSED] - out.println("executionProfile : " + executionProfile): null

2022-06-30 22:03:36 - [TEST_STEP][PASSED] - appName = <not implemented yet for class: org.codehaus.groovy.ast.expr.EmptyExpression>: null

2022-06-30 22:03:36 - [TEST_STEP][PASSED] - appID = <not implemented yet for class: org.codehaus.groovy.ast.expr.EmptyExpression>: null

2022-06-30 22:03:36 - [TEST_STEP][PASSED] - cardNameV = <not implemented yet for class: org.codehaus.groovy.ast.expr.EmptyExpression>: null

2022-06-30 22:03:36 - [TEST_STEP][PASSED] - al1V = <not implemented yet for class: org.codehaus.groovy.ast.expr.EmptyExpression>: null

2022-06-30 22:03:36 - [TEST_STEP][PASSED] - al2V = <not implemented yet for class: org.codehaus.groovy.ast.expr.EmptyExpression>: null

2022-06-30 22:03:36 - [TEST_STEP][PASSED] - zipV = <not implemented yet for class: org.codehaus.groovy.ast.expr.EmptyExpression>: null

2022-06-30 22:03:36 - [TEST_STEP][PASSED] - cardTypeV = <not implemented yet for class: org.codehaus.groovy.ast.expr.EmptyExpression>: null

2022-06-30 22:03:36 - [TEST_STEP][PASSED] - last4V = <not implemented yet for class: org.codehaus.groovy.ast.expr.EmptyExpression>: null

2022-06-30 22:03:36 - [TEST_STEP][PASSED] - nameSheet = "CC-Payments-Sale": null

2022-06-30 22:03:36 - [TEST_STEP][PASSED] - numOfRows = findTestData("QA/Bootstrap/VSP-Payments-TestData/CC-Payments-Sale").getRowNumbers(): null

2022-06-30 22:03:37 - [TEST_STEP][PASSED] - println("Number of Records: " + numOfRows): null

2022-06-30 22:03:37 - [TEST_STEP][PASSED] - dataFile = "QA/Bootstrap/VSP-Payments-TestData/CC-Payments-Sale": null

2022-06-30 22:03:37 - [TEST_STEP][FAILED] - for ([row = 1, row <= numOfRows, (row++)]): null

2022-06-30 22:03:37 - [TEST_STEP][PASSED] - ExecuteTC = findTestData(dataFile).getValue("Execute", row): null

2022-06-30 22:03:37 - [TEST_STEP][PASSED] - out.println("Value of Execute is : " + ExecuteTC): null

2022-06-30 22:03:37 - [TEST_STEP][PASSED] - switch (executionProfile): null

2022-06-30 22:03:37 - [TEST_STEP][PASSED] - case "QAProfile":: null

2022-06-30 22:03:37 - [TEST_STEP][PASSED] - appName = findTestData(dataFile).getValue("AppNameQA", row): null

2022-06-30 22:03:37 - [TEST_STEP][PASSED] - appID = findTestData(dataFile).getValue("AppIDQA", row): null

2022-06-30 22:03:37 - [TEST_STEP][PASSED] - break: null

2022-06-30 22:03:37 - [TEST_STEP][PASSED] - if (ExecuteTC.equalsIgnoreCase("Y")): null

2022-06-30 22:03:37 - [TEST_STEP][PASSED] - out.println("Begin Record Number: " + row): null

2022-06-30 22:03:37 - [TEST_STEP][PASSED] - today = new java.util.Date(): null

2022-06-30 22:03:37 - [TEST_STEP][PASSED] - println(today): null

2022-06-30 22:03:37 - [TEST_STEP][PASSED] - datText = today: null

2022-06-30 22:03:37 - [TEST_STEP][PASSED] - adminSuiteBootstrap.loginFunctionality.login_AdminSuite(): adminSuiteBootstrap.loginFunctionality.login_AdminSuite is PASSED

2022-06-30 22:03:38 - [MESSAGE][INFO] - Starting 'Chrome' driver

2022-06-30 22:03:38 - [MESSAGE][INFO] - User set preference: ['acceptInsecureCerts', 'true']

2022-06-30 22:03:38 - [MESSAGE][INFO] - Action delay is set to 0 milliseconds

2022-06-30 22:03:42 - [MESSAGE][PASSED] - Browser is opened with url: 'https://qa.velocitypayment.com/admin/imtiaz'

2022-06-30 22:03:42 - [MESSAGE][PASSED] - Current window maximized

2022-06-30 22:03:43 - [MESSAGE][PASSED] - Object 'Object Repository/Login_Page/Login_Username' is present

2022-06-30 22:03:44 - [MESSAGE][PASSED] - Text 'iahmed' is set on object 'Object Repository/Login_Page/Login_Username'

2022-06-30 22:03:44 - [MESSAGE][PASSED] - Text 'hello2222' is set on object 'Object Repository/Login_Page/Login_Password'

2022-06-30 22:03:49 - [MESSAGE][PASSED] - Object: 'Object Repository/Login_Page/Login_Submit' is clicked on

2022-06-30 22:03:49 - [MESSAGE][PASSED] - adminSuiteBootstrap.loginFunctionality.login_AdminSuite is PASSED

2022-06-30 22:03:49 - [TEST_STEP][PASSED] - click(findTestObject(path_Dashboard + appName)): Object: 'Object Repository/AdminSuiteBootstrap_Pages/Dashboard_Bootstrap/a_Access AutoNoCFtp' is clicked on

2022-06-30 22:03:50 - [MESSAGE][PASSED] - Object: 'Object Repository/AdminSuiteBootstrap_Pages/Dashboard_Bootstrap/a_Access AutoNoCFtp' is clicked on

2022-06-30 22:03:50 - [TEST_STEP][PASSED] - click(findTestObject(path_VT + "a_Find Profile")): Object: 'Object Repository/AdminSuiteBootstrap_Pages/VT_Bootstrap/IssueTransactions/a_Find Profile' is clicked on

2022-06-30 22:03:51 - [MESSAGE][PASSED] - Object: 'Object Repository/AdminSuiteBootstrap_Pages/VT_Bootstrap/IssueTransactions/a_Find Profile' is clicked on

2022-06-30 22:03:51 - [TEST_STEP][PASSED] - criteria = <not implemented yet for class: org.codehaus.groovy.ast.expr.EmptyExpression>: null

2022-06-30 22:03:51 - [TEST_STEP][PASSED] - searchBy = <not implemented yet for class: org.codehaus.groovy.ast.expr.EmptyExpression>: null

2022-06-30 22:03:51 - [TEST_STEP][PASSED] - criteria = findTestData(dataFile).getValue("ProfileName", row): null

2022-06-30 22:03:51 - [TEST_STEP][PASSED] - path_SearchProfile = "Object Repository/AdminSuiteBootstrap_Pages/VSP_Bootstrap/SearchProfile/": null

2022-06-30 22:03:51 - [TEST_STEP][PASSED] - setText(findTestObject(path_SearchProfile + "input_Criteria"), criteria): Text 'PaymentsVisa' is set on object 'Object Repository/AdminSuiteBootstrap_Pages/VSP_Bootstrap/SearchProfile/input_Criteria'

2022-06-30 22:03:52 - [MESSAGE][PASSED] - Text 'PaymentsVisa' is set on object 'Object Repository/AdminSuiteBootstrap_Pages/VSP_Bootstrap/SearchProfile/input_Criteria'

2022-06-30 22:03:52 - [TEST_STEP][PASSED] - click(findTestObject(path_SearchProfile + "button_Search")): Object: 'Object Repository/AdminSuiteBootstrap_Pages/VSP_Bootstrap/SearchProfile/button_Search' is clicked on

2022-06-30 22:03:55 - [MESSAGE][PASSED] - Object: 'Object Repository/AdminSuiteBootstrap_Pages/VSP_Bootstrap/SearchProfile/button_Search' is clicked on

2022-06-30 22:03:55 - [TEST_STEP][PASSED] - profNameLink = findTestData(dataFile).getValue("ProfileNameLink", row): null

2022-06-30 22:03:55 - [TEST_STEP][PASSED] - click(findTestObject(path_ViewProfile + profNameLink)): Object: 'Object Repository/AdminSuiteBootstrap_Pages/VSP_Bootstrap/View Profile/a_PaymentsVisa' is clicked on

2022-06-30 22:03:59 - [MESSAGE][PASSED] - Object: 'Object Repository/AdminSuiteBootstrap_Pages/VSP_Bootstrap/View Profile/a_PaymentsVisa' is clicked on

2022-06-30 22:03:59 - [TEST_STEP][PASSED] - click(findTestObject(path_ViewProfile + "a_AuthCap")): Object: 'Object Repository/AdminSuiteBootstrap_Pages/VSP_Bootstrap/View Profile/a_AuthCap' is clicked on

2022-06-30 22:04:00 - [MESSAGE][PASSED] - Object: 'Object Repository/AdminSuiteBootstrap_Pages/VSP_Bootstrap/View Profile/a_AuthCap' is clicked on

2022-06-30 22:04:00 - [TEST_STEP][PASSED] - verifyTextPresent("Credit Card Authorization Capture", true): Text 'Credit Card Authorization Capture' is present on page  using regular expression

2022-06-30 22:04:01 - [MESSAGE][PASSED] - Text 'Credit Card Authorization Capture' is present on page  using regular expression

2022-06-30 22:04:01 - [TEST_STEP][PASSED] - verifyTextPresent("Sale", true): Text 'Sale' is present on page  using regular expression

2022-06-30 22:04:01 - [MESSAGE][PASSED] - Text 'Sale' is present on page  using regular expression

2022-06-30 22:04:01 - [TEST_STEP][PASSED] - verifyTextPresent("Required fields are highlighted with an asterisk", true): Text 'Required fields are highlighted with an asterisk' is present on page  using regular expression

2022-06-30 22:04:02 - [MESSAGE][PASSED] - Text 'Required fields are highlighted with an asterisk' is present on page  using regular expression

2022-06-30 22:04:02 - [TEST_STEP][PASSED] - verifyTextPresent("Remittance ID", true): Text 'Remittance ID' is present on page  using regular expression

2022-06-30 22:04:02 - [MESSAGE][PASSED] - Text 'Remittance ID' is present on page  using regular expression

2022-06-30 22:04:02 - [TEST_STEP][PASSED] - vspBootstrap.SalePage.setDataSaleAndAuth(row, dataFile): vspBootstrap.SalePage.setDataSaleAndAuth is PASSED

2022-06-30 22:04:04 - [MESSAGE][PASSED] - All options with value 'MOTO' are selected in object 'Object Repository/AdminSuiteBootstrap_Pages/VSP_Bootstrap/VSP_Authcap/select_TransactionCategory'  using regular expression

2022-06-30 22:04:04 - [MESSAGE][PASSED] - Text '123' is set on object 'Object Repository/AdminSuiteBootstrap_Pages/VSP_Bootstrap/VSP_Authcap/input_cvv'

2022-06-30 22:04:05 - [MESSAGE][PASSED] - Text '' is set on object 'Object Repository/AdminSuiteBootstrap_Pages/VSP_Bootstrap/VSP_Authcap/input_smsNumber'

2022-06-30 22:04:06 - [MESSAGE][PASSED] - Text '2.50' is set on object 'Object Repository/AdminSuiteBootstrap_Pages/VSP_Bootstrap/VSP_Authcap/input_amount'

2022-06-30 22:04:06 - [MESSAGE][PASSED] - Text 'Delhi' is set on object 'Object Repository/AdminSuiteBootstrap_Pages/VSP_Bootstrap/VSP_Authcap/input_userDefined1'

2022-06-30 22:04:07 - [MESSAGE][PASSED] - Text 'Chennai' is set on object 'Object Repository/AdminSuiteBootstrap_Pages/VSP_Bootstrap/VSP_Authcap/input_userDefined2'

2022-06-30 22:04:08 - [MESSAGE][PASSED] - Text 'Mumbai' is set on object 'Object Repository/AdminSuiteBootstrap_Pages/VSP_Bootstrap/VSP_Authcap/input_userDefined3'

2022-06-30 22:04:09 - [MESSAGE][PASSED] - Text 'Kanpur' is set on object 'Object Repository/AdminSuiteBootstrap_Pages/VSP_Bootstrap/VSP_Authcap/input_userDefined4'

2022-06-30 22:04:10 - [MESSAGE][PASSED] - All options with label 'Orange' are selected in object 'Object Repository/AdminSuiteBootstrap_Pages/VSP_Bootstrap/VSP_Authcap/select_UDF5'  using regular expression

2022-06-30 22:04:11 - [MESSAGE][PASSED] - All options with label 'Yellow' are selected in object 'Object Repository/AdminSuiteBootstrap_Pages/VSP_Bootstrap/VSP_Authcap/select_UDF6'  using regular expression

2022-06-30 22:04:11 - [MESSAGE][PASSED] - Text 'Kolkata' is set on object 'Object Repository/AdminSuiteBootstrap_Pages/VSP_Bootstrap/VSP_Authcap/input_userDefined7'

2022-06-30 22:04:12 - [MESSAGE][PASSED] - Text 'Pune' is set on object 'Object Repository/AdminSuiteBootstrap_Pages/VSP_Bootstrap/VSP_Authcap/input_userDefined8'

2022-06-30 22:04:13 - [MESSAGE][PASSED] - Text 'Bhavnagar' is set on object 'Object Repository/AdminSuiteBootstrap_Pages/VSP_Bootstrap/VSP_Authcap/input_userDefined9'

2022-06-30 22:04:13 - [MESSAGE][PASSED] - Text 'Noida' is set on object 'Object Repository/AdminSuiteBootstrap_Pages/VSP_Bootstrap/VSP_Authcap/input_userDefined10'

2022-06-30 22:04:16 - [MESSAGE][PASSED] - Object: 'Object Repository/AdminSuiteBootstrap_Pages/VSP_Bootstrap/VSP_Authcap/button_Submit' is clicked on

2022-06-30 22:04:16 - [MESSAGE][PASSED] - vspBootstrap.SalePage.setDataSaleAndAuth is PASSED

2022-06-30 22:04:16 - [TEST_STEP][PASSED] - verifyTextPresent("Transaction Successful", true): Text 'Transaction Successful' is present on page  using regular expression

2022-06-30 22:04:16 - [MESSAGE][PASSED] - Text 'Transaction Successful' is present on page  using regular expression

2022-06-30 22:04:16 - [TEST_STEP][PASSED] - verifyElementVisible(findTestObject("Object Repository/AdminSuiteBootstrap_Pages/VT_Bootstrap/Receipt/button_Continue")): Object 'Object Repository/AdminSuiteBootstrap_Pages/VT_Bootstrap/Receipt/button_Continue' is visible

2022-06-30 22:04:17 - [MESSAGE][PASSED] - Object 'Object Repository/AdminSuiteBootstrap_Pages/VT_Bootstrap/Receipt/button_Continue' is visible

2022-06-30 22:04:17 - [TEST_STEP][PASSED] - verifyElementPresent(findTestObject("Object Repository/AdminSuiteBootstrap_Pages/VT_Bootstrap/Receipt/button_Continue"), 20): Object 'Object Repository/AdminSuiteBootstrap_Pages/VT_Bootstrap/Receipt/button_Continue' is present

2022-06-30 22:04:17 - [MESSAGE][PASSED] - Object 'Object Repository/AdminSuiteBootstrap_Pages/VT_Bootstrap/Receipt/button_Continue' is present

2022-06-30 22:04:17 - [TEST_STEP][PASSED] - verifyElementVisible(findTestObject("Object Repository/AdminSuiteBootstrap_Pages/VT_Bootstrap/Receipt/button_Print")): Object 'Object Repository/AdminSuiteBootstrap_Pages/VT_Bootstrap/Receipt/button_Print' is visible

2022-06-30 22:04:17 - [MESSAGE][PASSED] - Object 'Object Repository/AdminSuiteBootstrap_Pages/VT_Bootstrap/Receipt/button_Print' is visible

2022-06-30 22:04:17 - [TEST_STEP][PASSED] - verifyElementPresent(findTestObject("Object Repository/AdminSuiteBootstrap_Pages/VT_Bootstrap/Receipt/button_Print"), 20): Object 'Object Repository/AdminSuiteBootstrap_Pages/VT_Bootstrap/Receipt/button_Print' is present

2022-06-30 22:04:18 - [MESSAGE][PASSED] - Object 'Object Repository/AdminSuiteBootstrap_Pages/VT_Bootstrap/Receipt/button_Print' is present

2022-06-30 22:04:18 - [TEST_STEP][PASSED] - verifyTextPresent("Remittance ID", true): Text 'Remittance ID' is present on page  using regular expression

2022-06-30 22:04:18 - [MESSAGE][PASSED] - Text 'Remittance ID' is present on page  using regular expression

2022-06-30 22:04:18 - [TEST_STEP][PASSED] - verifyTextPresent("Received", true): Text 'Received' is present on page  using regular expression

2022-06-30 22:04:18 - [MESSAGE][PASSED] - Text 'Received' is present on page  using regular expression

2022-06-30 22:04:18 - [TEST_STEP][PASSED] - verifyTextPresent("UDF1", true): Text 'UDF1' is present on page  using regular expression

2022-06-30 22:04:19 - [MESSAGE][PASSED] - Text 'UDF1' is present on page  using regular expression

2022-06-30 22:04:19 - [TEST_STEP][PASSED] - verifyTextPresent("UDF2", true): Text 'UDF2' is present on page  using regular expression

2022-06-30 22:04:19 - [MESSAGE][PASSED] - Text 'UDF2' is present on page  using regular expression

2022-06-30 22:04:19 - [TEST_STEP][PASSED] - verifyTextPresent("UDF3", true): Text 'UDF3' is present on page  using regular expression

2022-06-30 22:04:19 - [MESSAGE][PASSED] - Text 'UDF3' is present on page  using regular expression

2022-06-30 22:04:19 - [TEST_STEP][PASSED] - verifyTextPresent("UDF4", true): Text 'UDF4' is present on page  using regular expression

2022-06-30 22:04:20 - [MESSAGE][PASSED] - Text 'UDF4' is present on page  using regular expression

2022-06-30 22:04:20 - [TEST_STEP][PASSED] - verifyTextPresent("UDF5", true): Text 'UDF5' is present on page  using regular expression

2022-06-30 22:04:20 - [MESSAGE][PASSED] - Text 'UDF5' is present on page  using regular expression

2022-06-30 22:04:20 - [TEST_STEP][PASSED] - verifyTextPresent("UDF6", true): Text 'UDF6' is present on page  using regular expression

2022-06-30 22:04:20 - [MESSAGE][PASSED] - Text 'UDF6' is present on page  using regular expression

2022-06-30 22:04:20 - [TEST_STEP][PASSED] - verifyTextPresent("UDF7", true): Text 'UDF7' is present on page  using regular expression

2022-06-30 22:04:21 - [MESSAGE][PASSED] - Text 'UDF7' is present on page  using regular expression

2022-06-30 22:04:21 - [TEST_STEP][PASSED] - verifyTextPresent("UDF8", true): Text 'UDF8' is present on page  using regular expression

2022-06-30 22:04:21 - [MESSAGE][PASSED] - Text 'UDF8' is present on page  using regular expression

2022-06-30 22:04:21 - [TEST_STEP][PASSED] - verifyTextPresent("UDF9", true): Text 'UDF9' is present on page  using regular expression

2022-06-30 22:04:21 - [MESSAGE][PASSED] - Text 'UDF9' is present on page  using regular expression

2022-06-30 22:04:21 - [TEST_STEP][PASSED] - verifyTextPresent("UDF 10", true): Text 'UDF 10' is present on page  using regular expression

2022-06-30 22:04:22 - [MESSAGE][PASSED] - Text 'UDF 10' is present on page  using regular expression

2022-06-30 22:04:22 - [TEST_STEP][PASSED] - verifyTextPresent("Delhi", true): Text 'Delhi' is present on page  using regular expression

2022-06-30 22:04:22 - [MESSAGE][PASSED] - Text 'Delhi' is present on page  using regular expression

2022-06-30 22:04:22 - [TEST_STEP][PASSED] - verifyTextPresent("Chennai", true): Text 'Chennai' is present on page  using regular expression

2022-06-30 22:04:22 - [MESSAGE][PASSED] - Text 'Chennai' is present on page  using regular expression

2022-06-30 22:04:22 - [TEST_STEP][PASSED] - verifyTextPresent("Mumbai", true): Text 'Mumbai' is present on page  using regular expression

2022-06-30 22:04:23 - [MESSAGE][PASSED] - Text 'Mumbai' is present on page  using regular expression

2022-06-30 22:04:23 - [TEST_STEP][PASSED] - verifyTextPresent("Kanpur", true): Text 'Kanpur' is present on page  using regular expression

2022-06-30 22:04:23 - [MESSAGE][PASSED] - Text 'Kanpur' is present on page  using regular expression

2022-06-30 22:04:23 - [TEST_STEP][PASSED] - verifyTextPresent("Orange Recorded", true): Text 'Orange Recorded' is present on page  using regular expression

2022-06-30 22:04:23 - [MESSAGE][PASSED] - Text 'Orange Recorded' is present on page  using regular expression

2022-06-30 22:04:23 - [TEST_STEP][PASSED] - verifyTextPresent("Yellow Recorded", true): Text 'Yellow Recorded' is present on page  using regular expression

2022-06-30 22:04:24 - [MESSAGE][PASSED] - Text 'Yellow Recorded' is present on page  using regular expression

2022-06-30 22:04:24 - [TEST_STEP][PASSED] - verifyTextPresent("Kolkata", true): Text 'Kolkata' is present on page  using regular expression

2022-06-30 22:04:24 - [MESSAGE][PASSED] - Text 'Kolkata' is present on page  using regular expression

2022-06-30 22:04:24 - [TEST_STEP][PASSED] - verifyTextPresent("Pune", true): Text 'Pune' is present on page  using regular expression

2022-06-30 22:04:25 - [MESSAGE][PASSED] - Text 'Pune' is present on page  using regular expression

2022-06-30 22:04:25 - [TEST_STEP][PASSED] - verifyTextPresent("Bhavnagar", true): Text 'Bhavnagar' is present on page  using regular expression

2022-06-30 22:04:25 - [MESSAGE][PASSED] - Text 'Bhavnagar' is present on page  using regular expression

2022-06-30 22:04:25 - [TEST_STEP][PASSED] - verifyTextPresent("Noida", true): Text 'Noida' is present on page  using regular expression

2022-06-30 22:04:25 - [MESSAGE][PASSED] - Text 'Noida' is present on page  using regular expression

2022-06-30 22:04:25 - [TEST_STEP][PASSED] - verifyTextPresent("Amount", true): Text 'Amount' is present on page  using regular expression

2022-06-30 22:04:26 - [MESSAGE][PASSED] - Text 'Amount' is present on page  using regular expression

2022-06-30 22:04:26 - [TEST_STEP][PASSED] - verifyTextPresent("2.50", true): Text '2.50' is present on page  using regular expression

2022-06-30 22:04:26 - [MESSAGE][PASSED] - Text '2.50' is present on page  using regular expression

2022-06-30 22:04:26 - [TEST_STEP][PASSED] - verifyTextPresent("Authorization and Capture", true): Text 'Authorization and Capture' is present on page  using regular expression

2022-06-30 22:04:26 - [MESSAGE][PASSED] - Text 'Authorization and Capture' is present on page  using regular expression

2022-06-30 22:04:26 - [TEST_STEP][PASSED] - verifyTextPresent("Card Information", true): Text 'Card Information' is present on page  using regular expression

2022-06-30 22:04:27 - [MESSAGE][PASSED] - Text 'Card Information' is present on page  using regular expression

2022-06-30 22:04:27 - [TEST_STEP][PASSED] - verifyTextPresent("TANDON RAVENA", true): Text 'TANDON RAVENA' is present on page  using regular expression

2022-06-30 22:04:27 - [MESSAGE][PASSED] - Text 'TANDON RAVENA' is present on page  using regular expression

2022-06-30 22:04:27 - [TEST_STEP][PASSED] - verifyTextPresent("Address Line 1", true): Text 'Address Line 1' is present on page  using regular expression

2022-06-30 22:04:27 - [MESSAGE][PASSED] - Text 'Address Line 1' is present on page  using regular expression

2022-06-30 22:04:27 - [TEST_STEP][PASSED] - verifyTextPresent("Address Line 2", true): Text 'Address Line 2' is present on page  using regular expression

2022-06-30 22:04:28 - [MESSAGE][PASSED] - Text 'Address Line 2' is present on page  using regular expression

2022-06-30 22:04:28 - [TEST_STEP][PASSED] - verifyTextPresent("Country", true): Text 'Country' is present on page  using regular expression

2022-06-30 22:04:28 - [MESSAGE][PASSED] - Text 'Country' is present on page  using regular expression

2022-06-30 22:04:28 - [TEST_STEP][PASSED] - verifyTextPresent("City", true): Text 'City' is present on page  using regular expression

2022-06-30 22:04:28 - [MESSAGE][PASSED] - Text 'City' is present on page  using regular expression

2022-06-30 22:04:28 - [TEST_STEP][PASSED] - verifyTextPresent("State", true): Text 'State' is present on page  using regular expression

2022-06-30 22:04:29 - [MESSAGE][PASSED] - Text 'State' is present on page  using regular expression

2022-06-30 22:04:29 - [TEST_STEP][PASSED] - verifyTextPresent("ZIP Code", true): Text 'ZIP Code' is present on page  using regular expression

2022-06-30 22:04:29 - [MESSAGE][PASSED] - Text 'ZIP Code' is present on page  using regular expression

2022-06-30 22:04:29 - [TEST_STEP][PASSED] - verifyTextPresent("248 PhoolKaante road", true): Text '248 PhoolKaante road' is present on page  using regular expression

2022-06-30 22:04:29 - [MESSAGE][PASSED] - Text '248 PhoolKaante road' is present on page  using regular expression

2022-06-30 22:04:29 - [TEST_STEP][PASSED] - verifyTextPresent("Suite 678", true): Text 'Suite 678' is present on page  using regular expression

2022-06-30 22:04:30 - [MESSAGE][PASSED] - Text 'Suite 678' is present on page  using regular expression

2022-06-30 22:04:30 - [TEST_STEP][PASSED] - verifyTextPresent("United States", true): Text 'United States' is present on page  using regular expression

2022-06-30 22:04:30 - [MESSAGE][PASSED] - Text 'United States' is present on page  using regular expression

2022-06-30 22:04:30 - [TEST_STEP][PASSED] - verifyTextPresent("ARLINGTON", true): Text 'ARLINGTON' is present on page  using regular expression

2022-06-30 22:04:30 - [MESSAGE][PASSED] - Text 'ARLINGTON' is present on page  using regular expression

2022-06-30 22:04:30 - [TEST_STEP][PASSED] - verifyTextPresent("VA", true): Text 'VA' is present on page  using regular expression

2022-06-30 22:04:31 - [MESSAGE][PASSED] - Text 'VA' is present on page  using regular expression

2022-06-30 22:04:31 - [TEST_STEP][PASSED] - verifyTextPresent("22201", true): Text '22201' is present on page  using regular expression

2022-06-30 22:04:31 - [MESSAGE][PASSED] - Text '22201' is present on page  using regular expression

2022-06-30 22:04:31 - [TEST_STEP][PASSED] - cardTypeV = findTestData(dataFile).getValue("CardType", row): null

2022-06-30 22:04:31 - [TEST_STEP][PASSED] - last4V = findTestData(dataFile).getValue("Last4", row): null

2022-06-30 22:04:31 - [TEST_STEP][PASSED] - verifyTextPresent(cardTypeV, true): Text 'Visa' is present on page  using regular expression

2022-06-30 22:04:31 - [MESSAGE][PASSED] - Text 'Visa' is present on page  using regular expression

2022-06-30 22:04:31 - [TEST_STEP][PASSED] - verifyTextPresent(last4V, true): Text '5439' is present on page  using regular expression

2022-06-30 22:04:32 - [MESSAGE][PASSED] - Text '5439' is present on page  using regular expression

2022-06-30 22:04:32 - [TEST_STEP][PASSED] - switch (appName): null

2022-06-30 22:04:32 - [TEST_STEP][PASSED] - closeBrowser(): Browser is closed

2022-06-30 22:04:33 - [MESSAGE][PASSED] - Browser is closed

2022-06-30 22:04:33 - [TEST_STEP][PASSED] - ExecuteTC = findTestData(dataFile).getValue("Execute", row): null

2022-06-30 22:04:33 - [TEST_STEP][PASSED] - out.println("Value of Execute is : " + ExecuteTC): null

2022-06-30 22:04:33 - [TEST_STEP][PASSED] - switch (executionProfile): null

2022-06-30 22:04:33 - [TEST_STEP][PASSED] - case "QAProfile":: null

2022-06-30 22:04:33 - [TEST_STEP][PASSED] - appName = findTestData(dataFile).getValue("AppNameQA", row): null

2022-06-30 22:04:33 - [TEST_STEP][PASSED] - appID = findTestData(dataFile).getValue("AppIDQA", row): null

2022-06-30 22:04:33 - [TEST_STEP][PASSED] - break: null

2022-06-30 22:04:33 - [TEST_STEP][FAILED] - if (ExecuteTC.equalsIgnoreCase("Y")): null

2022-06-30 22:04:33 - [TEST_STEP][PASSED] - out.println("Begin Record Number: " + row): null

2022-06-30 22:04:33 - [TEST_STEP][PASSED] - today = new java.util.Date(): null

2022-06-30 22:04:33 - [TEST_STEP][PASSED] - println(today): null

2022-06-30 22:04:33 - [TEST_STEP][PASSED] - datText = today: null

2022-06-30 22:04:33 - [TEST_STEP][PASSED] - adminSuiteBootstrap.loginFunctionality.login_AdminSuite(): adminSuiteBootstrap.loginFunctionality.login_AdminSuite is PASSED

2022-06-30 22:04:33 - [MESSAGE][INFO] - Starting 'Chrome' driver

2022-06-30 22:04:33 - [MESSAGE][INFO] - User set preference: ['acceptInsecureCerts', 'true']

2022-06-30 22:04:33 - [MESSAGE][INFO] - Action delay is set to 0 milliseconds

2022-06-30 22:04:36 - [MESSAGE][PASSED] - Browser is opened with url: 'https://qa.velocitypayment.com/admin/imtiaz'

2022-06-30 22:04:36 - [MESSAGE][PASSED] - Current window maximized

2022-06-30 22:04:37 - [MESSAGE][PASSED] - Object 'Object Repository/Login_Page/Login_Username' is present

2022-06-30 22:04:38 - [MESSAGE][PASSED] - Text 'iahmed' is set on object 'Object Repository/Login_Page/Login_Username'

2022-06-30 22:04:38 - [MESSAGE][PASSED] - Text 'hello2222' is set on object 'Object Repository/Login_Page/Login_Password'

2022-06-30 22:04:43 - [MESSAGE][PASSED] - Object: 'Object Repository/Login_Page/Login_Submit' is clicked on

2022-06-30 22:04:43 - [MESSAGE][PASSED] - adminSuiteBootstrap.loginFunctionality.login_AdminSuite is PASSED

2022-06-30 22:04:43 - [TEST_STEP][PASSED] - click(findTestObject(path_Dashboard + appName)): Object: 'Object Repository/AdminSuiteBootstrap_Pages/Dashboard_Bootstrap/a_Access AutoNoCFtp' is clicked on

2022-06-30 22:04:44 - [MESSAGE][PASSED] - Object: 'Object Repository/AdminSuiteBootstrap_Pages/Dashboard_Bootstrap/a_Access AutoNoCFtp' is clicked on

2022-06-30 22:04:44 - [TEST_STEP][PASSED] - click(findTestObject(path_VT + "a_Find Profile")): Object: 'Object Repository/AdminSuiteBootstrap_Pages/VT_Bootstrap/IssueTransactions/a_Find Profile' is clicked on

2022-06-30 22:04:44 - [MESSAGE][PASSED] - Object: 'Object Repository/AdminSuiteBootstrap_Pages/VT_Bootstrap/IssueTransactions/a_Find Profile' is clicked on

2022-06-30 22:04:44 - [TEST_STEP][PASSED] - criteria = <not implemented yet for class: org.codehaus.groovy.ast.expr.EmptyExpression>: null

2022-06-30 22:04:44 - [TEST_STEP][PASSED] - searchBy = <not implemented yet for class: org.codehaus.groovy.ast.expr.EmptyExpression>: null

2022-06-30 22:04:44 - [TEST_STEP][PASSED] - criteria = findTestData(dataFile).getValue("ProfileName", row): null

2022-06-30 22:04:44 - [TEST_STEP][PASSED] - path_SearchProfile = "Object Repository/AdminSuiteBootstrap_Pages/VSP_Bootstrap/SearchProfile/": null

2022-06-30 22:04:44 - [TEST_STEP][PASSED] - setText(findTestObject(path_SearchProfile + "input_Criteria"), criteria): Text 'PaymentsMC' is set on object 'Object Repository/AdminSuiteBootstrap_Pages/VSP_Bootstrap/SearchProfile/input_Criteria'

2022-06-30 22:04:45 - [MESSAGE][PASSED] - Text 'PaymentsMC' is set on object 'Object Repository/AdminSuiteBootstrap_Pages/VSP_Bootstrap/SearchProfile/input_Criteria'

2022-06-30 22:04:45 - [TEST_STEP][PASSED] - click(findTestObject(path_SearchProfile + "button_Search")): Object: 'Object Repository/AdminSuiteBootstrap_Pages/VSP_Bootstrap/SearchProfile/button_Search' is clicked on

2022-06-30 22:04:46 - [MESSAGE][PASSED] - Object: 'Object Repository/AdminSuiteBootstrap_Pages/VSP_Bootstrap/SearchProfile/button_Search' is clicked on

2022-06-30 22:04:46 - [TEST_STEP][PASSED] - profNameLink = findTestData(dataFile).getValue("ProfileNameLink", row): null

2022-06-30 22:04:46 - [TEST_STEP][PASSED] - click(findTestObject(path_ViewProfile + profNameLink)): Object: 'Object Repository/AdminSuiteBootstrap_Pages/VSP_Bootstrap/View Profile/a_PaymentsMC' is clicked on

2022-06-30 22:04:49 - [MESSAGE][PASSED] - Object: 'Object Repository/AdminSuiteBootstrap_Pages/VSP_Bootstrap/View Profile/a_PaymentsMC' is clicked on

2022-06-30 22:04:49 - [TEST_STEP][PASSED] - click(findTestObject(path_ViewProfile + "a_AuthCap")): Object: 'Object Repository/AdminSuiteBootstrap_Pages/VSP_Bootstrap/View Profile/a_AuthCap' is clicked on

2022-06-30 22:04:54 - [MESSAGE][PASSED] - Object: 'Object Repository/AdminSuiteBootstrap_Pages/VSP_Bootstrap/View Profile/a_AuthCap' is clicked on

2022-06-30 22:04:54 - [TEST_STEP][PASSED] - verifyTextPresent("Credit Card Authorization Capture", true): Text 'Credit Card Authorization Capture' is present on page  using regular expression

2022-06-30 22:04:54 - [MESSAGE][PASSED] - Text 'Credit Card Authorization Capture' is present on page  using regular expression

2022-06-30 22:04:54 - [TEST_STEP][PASSED] - verifyTextPresent("Sale", true): Text 'Sale' is present on page  using regular expression

2022-06-30 22:04:55 - [MESSAGE][PASSED] - Text 'Sale' is present on page  using regular expression

2022-06-30 22:04:55 - [TEST_STEP][PASSED] - verifyTextPresent("Required fields are highlighted with an asterisk", true): Text 'Required fields are highlighted with an asterisk' is present on page  using regular expression

2022-06-30 22:04:55 - [MESSAGE][PASSED] - Text 'Required fields are highlighted with an asterisk' is present on page  using regular expression

2022-06-30 22:04:55 - [TEST_STEP][PASSED] - verifyTextPresent("Remittance ID", true): Text 'Remittance ID' is present on page  using regular expression

2022-06-30 22:04:55 - [MESSAGE][PASSED] - Text 'Remittance ID' is present on page  using regular expression

2022-06-30 22:04:55 - [TEST_STEP][PASSED] - vspBootstrap.SalePage.setDataSaleAndAuth(row, dataFile): vspBootstrap.SalePage.setDataSaleAndAuth is PASSED

2022-06-30 22:04:57 - [MESSAGE][PASSED] - All options with value 'MOTO' are selected in object 'Object Repository/AdminSuiteBootstrap_Pages/VSP_Bootstrap/VSP_Authcap/select_TransactionCategory'  using regular expression

2022-06-30 22:04:58 - [MESSAGE][PASSED] - Text '123' is set on object 'Object Repository/AdminSuiteBootstrap_Pages/VSP_Bootstrap/VSP_Authcap/input_cvv'

2022-06-30 22:04:58 - [MESSAGE][PASSED] - Text '' is set on object 'Object Repository/AdminSuiteBootstrap_Pages/VSP_Bootstrap/VSP_Authcap/input_smsNumber'

2022-06-30 22:04:59 - [MESSAGE][PASSED] - Text '2.50' is set on object 'Object Repository/AdminSuiteBootstrap_Pages/VSP_Bootstrap/VSP_Authcap/input_amount'

2022-06-30 22:05:00 - [MESSAGE][PASSED] - Text 'Delhi' is set on object 'Object Repository/AdminSuiteBootstrap_Pages/VSP_Bootstrap/VSP_Authcap/input_userDefined1'

2022-06-30 22:05:01 - [MESSAGE][PASSED] - Text 'Chennai' is set on object 'Object Repository/AdminSuiteBootstrap_Pages/VSP_Bootstrap/VSP_Authcap/input_userDefined2'

2022-06-30 22:05:01 - [MESSAGE][PASSED] - Text 'Mumbai' is set on object 'Object Repository/AdminSuiteBootstrap_Pages/VSP_Bootstrap/VSP_Authcap/input_userDefined3'

2022-06-30 22:05:02 - [MESSAGE][PASSED] - Text 'Kanpur' is set on object 'Object Repository/AdminSuiteBootstrap_Pages/VSP_Bootstrap/VSP_Authcap/input_userDefined4'

2022-06-30 22:05:03 - [MESSAGE][PASSED] - All options with label 'Orange' are selected in object 'Object Repository/AdminSuiteBootstrap_Pages/VSP_Bootstrap/VSP_Authcap/select_UDF5'  using regular expression

2022-06-30 22:05:04 - [MESSAGE][PASSED] - All options with label 'Yellow' are selected in object 'Object Repository/AdminSuiteBootstrap_Pages/VSP_Bootstrap/VSP_Authcap/select_UDF6'  using regular expression

2022-06-30 22:05:05 - [MESSAGE][PASSED] - Text 'Kolkata' is set on object 'Object Repository/AdminSuiteBootstrap_Pages/VSP_Bootstrap/VSP_Authcap/input_userDefined7'

2022-06-30 22:05:05 - [MESSAGE][PASSED] - Text 'Pune' is set on object 'Object Repository/AdminSuiteBootstrap_Pages/VSP_Bootstrap/VSP_Authcap/input_userDefined8'

2022-06-30 22:05:06 - [MESSAGE][PASSED] - Text 'Bhavnagar' is set on object 'Object Repository/AdminSuiteBootstrap_Pages/VSP_Bootstrap/VSP_Authcap/input_userDefined9'

2022-06-30 22:05:07 - [MESSAGE][PASSED] - Text 'Noida' is set on object 'Object Repository/AdminSuiteBootstrap_Pages/VSP_Bootstrap/VSP_Authcap/input_userDefined10'

2022-06-30 22:05:28 - [MESSAGE][PASSED] - Object: 'Object Repository/AdminSuiteBootstrap_Pages/VSP_Bootstrap/VSP_Authcap/button_Submit' is clicked on

2022-06-30 22:05:28 - [MESSAGE][PASSED] - vspBootstrap.SalePage.setDataSaleAndAuth is PASSED

2022-06-30 22:05:28 - [TEST_STEP][FAILED] - verifyTextPresent("Transaction Successful", true): Text 'Transaction Successful' is not present on page  using regular expression (Root cause: com.kms.katalon.core.exception.StepFailedException: Text 'Transaction Successful' is not present on page  using regular expression
	at com.kms.katalon.core.webui.keyword.internal.WebUIKeywordMain.stepFailed(WebUIKeywordMain.groovy:64)
	at com.kms.katalon.core.webui.keyword.builtin.VerifyTextPresentKeyword$_verifyTextPresent_closure1.doCall(VerifyTextPresentKeyword.groovy:79)
	at com.kms.katalon.core.webui.keyword.builtin.VerifyTextPresentKeyword$_verifyTextPresent_closure1.call(VerifyTextPresentKeyword.groovy)
	at com.kms.katalon.core.webui.keyword.internal.WebUIKeywordMain.runKeyword(WebUIKeywordMain.groovy:20)
	at com.kms.katalon.core.webui.keyword.builtin.VerifyTextPresentKeyword.verifyTextPresent(VerifyTextPresentKeyword.groovy:83)
	at com.kms.katalon.core.webui.keyword.builtin.VerifyTextPresentKeyword.execute(VerifyTextPresentKeyword.groovy:68)
	at com.kms.katalon.core.keyword.internal.KeywordExecutor.executeKeywordForPlatform(KeywordExecutor.groovy:74)
	at com.kms.katalon.core.webui.keyword.WebUiBuiltInKeywords.verifyTextPresent(WebUiBuiltInKeywords.groovy:1723)
	at com.kms.katalon.core.webui.keyword.WebUiBuiltInKeywords$verifyTextPresent$4.call(Unknown Source)
	at Sale_TP_AllCF_Generic_Payment_TC.run(Sale_TP_AllCF_Generic_Payment_TC:134)
	at com.kms.katalon.core.main.ScriptEngine.run(ScriptEngine.java:194)
	at com.kms.katalon.core.main.ScriptEngine.runScriptAsRawText(ScriptEngine.java:119)
	at com.kms.katalon.core.main.TestCaseExecutor.runScript(TestCaseExecutor.java:442)
	at com.kms.katalon.core.main.TestCaseExecutor.doExecute(TestCaseExecutor.java:433)
	at com.kms.katalon.core.main.TestCaseExecutor.processExecutionPhase(TestCaseExecutor.java:412)
	at com.kms.katalon.core.main.TestCaseExecutor.accessMainPhase(TestCaseExecutor.java:404)
	at com.kms.katalon.core.main.TestCaseExecutor.execute(TestCaseExecutor.java:281)
	at com.kms.katalon.core.main.TestSuiteExecutor.accessTestCaseMainPhase(TestSuiteExecutor.java:202)
	at com.kms.katalon.core.main.TestSuiteExecutor.accessTestSuiteMainPhase(TestSuiteExecutor.java:164)
	at com.kms.katalon.core.main.TestSuiteExecutor.execute(TestSuiteExecutor.java:105)
	at com.kms.katalon.core.main.TestCaseMain.startTestSuite(TestCaseMain.java:185)
	at com.kms.katalon.core.main.TestCaseMain$startTestSuite$0.call(Unknown Source)
	at TempTestSuite1656640997204.run(TempTestSuite1656640997204.groovy:36)
)

2022-06-30 22:05:29 - [MESSAGE][FAILED] - Text 'Transaction Successful' is not present on page  using regular expression (Root cause: com.kms.katalon.core.exception.StepFailedException: Text 'Transaction Successful' is not present on page  using regular expression
	at com.kms.katalon.core.webui.keyword.internal.WebUIKeywordMain.stepFailed(WebUIKeywordMain.groovy:64)
	at com.kms.katalon.core.webui.keyword.builtin.VerifyTextPresentKeyword$_verifyTextPresent_closure1.doCall(VerifyTextPresentKeyword.groovy:79)
	at com.kms.katalon.core.webui.keyword.builtin.VerifyTextPresentKeyword$_verifyTextPresent_closure1.call(VerifyTextPresentKeyword.groovy)
	at com.kms.katalon.core.webui.keyword.internal.WebUIKeywordMain.runKeyword(WebUIKeywordMain.groovy:20)
	at com.kms.katalon.core.webui.keyword.builtin.VerifyTextPresentKeyword.verifyTextPresent(VerifyTextPresentKeyword.groovy:83)
	at com.kms.katalon.core.webui.keyword.builtin.VerifyTextPresentKeyword.execute(VerifyTextPresentKeyword.groovy:68)
	at com.kms.katalon.core.keyword.internal.KeywordExecutor.executeKeywordForPlatform(KeywordExecutor.groovy:74)
	at com.kms.katalon.core.webui.keyword.WebUiBuiltInKeywords.verifyTextPresent(WebUiBuiltInKeywords.groovy:1723)
	at com.kms.katalon.core.webui.keyword.WebUiBuiltInKeywords$verifyTextPresent$4.call(Unknown Source)
	at Sale_TP_AllCF_Generic_Payment_TC.run(Sale_TP_AllCF_Generic_Payment_TC:134)
	at com.kms.katalon.core.main.ScriptEngine.run(ScriptEngine.java:194)
	at com.kms.katalon.core.main.ScriptEngine.runScriptAsRawText(ScriptEngine.java:119)
	at com.kms.katalon.core.main.TestCaseExecutor.runScript(TestCaseExecutor.java:442)
	at com.kms.katalon.core.main.TestCaseExecutor.doExecute(TestCaseExecutor.java:433)
	at com.kms.katalon.core.main.TestCaseExecutor.processExecutionPhase(TestCaseExecutor.java:412)
	at com.kms.katalon.core.main.TestCaseExecutor.accessMainPhase(TestCaseExecutor.java:404)
	at com.kms.katalon.core.main.TestCaseExecutor.execute(TestCaseExecutor.java:281)
	at com.kms.katalon.core.main.TestSuiteExecutor.accessTestCaseMainPhase(TestSuiteExecutor.java:202)
	at com.kms.katalon.core.main.TestSuiteExecutor.accessTestSuiteMainPhase(TestSuiteExecutor.java:164)
	at com.kms.katalon.core.main.TestSuiteExecutor.execute(TestSuiteExecutor.java:105)
	at com.kms.katalon.core.main.TestCaseMain.startTestSuite(TestCaseMain.java:185)
	at com.kms.katalon.core.main.TestCaseMain$startTestSuite$0.call(Unknown Source)
	at TempTestSuite1656640997204.run(TempTestSuite1656640997204.groovy:36)
)

2022-06-30 22:05:29 - [TEST_STEP][FAILED] - verifyElementVisible(findTestObject("Object Repository/AdminSuiteBootstrap_Pages/VT_Bootstrap/Receipt/button_Continue")): Web element with id: 'Object Repository/AdminSuiteBootstrap_Pages/VT_Bootstrap/Receipt/button_Continue' located by '//*[@type = 'button' and (text() = 'Continue' or . = 'Continue')]' not found (Root cause: com.kms.katalon.core.exception.StepFailedException: Web element with id: 'Object Repository/AdminSuiteBootstrap_Pages/VT_Bootstrap/Receipt/button_Continue' located by '//*[@type = 'button' and (text() = 'Continue' or . = 'Continue')]' not found
	at com.kms.katalon.core.webui.keyword.internal.WebUIKeywordMain.stepFailed(WebUIKeywordMain.groovy:64)
	at com.kms.katalon.core.webui.keyword.builtin.VerifyElementVisibleKeyword$_verifyElementVisible_closure1.doCall(VerifyElementVisibleKeyword.groovy:89)
	at com.kms.katalon.core.webui.keyword.builtin.VerifyElementVisibleKeyword$_verifyElementVisible_closure1.call(VerifyElementVisibleKeyword.groovy)
	at com.kms.katalon.core.webui.keyword.internal.WebUIKeywordMain.runKeyword(WebUIKeywordMain.groovy:20)
	at com.kms.katalon.core.webui.keyword.builtin.VerifyElementVisibleKeyword.verifyElementVisible(VerifyElementVisibleKeyword.groovy:97)
	at com.kms.katalon.core.webui.keyword.builtin.VerifyElementVisibleKeyword.execute(VerifyElementVisibleKeyword.groovy:67)
	at com.kms.katalon.core.keyword.internal.KeywordExecutor.executeKeywordForPlatform(KeywordExecutor.groovy:74)
	at com.kms.katalon.core.webui.keyword.WebUiBuiltInKeywords.verifyElementVisible(WebUiBuiltInKeywords.groovy:376)
	at com.kms.katalon.core.webui.keyword.WebUiBuiltInKeywords$verifyElementVisible$7.call(Unknown Source)
	at Sale_TP_AllCF_Generic_Payment_TC.run(Sale_TP_AllCF_Generic_Payment_TC:136)
	at com.kms.katalon.core.main.ScriptEngine.run(ScriptEngine.java:194)
	at com.kms.katalon.core.main.ScriptEngine.runScriptAsRawText(ScriptEngine.java:119)
	at com.kms.katalon.core.main.TestCaseExecutor.runScript(TestCaseExecutor.java:442)
	at com.kms.katalon.core.main.TestCaseExecutor.doExecute(TestCaseExecutor.java:433)
	at com.kms.katalon.core.main.TestCaseExecutor.processExecutionPhase(TestCaseExecutor.java:412)
	at com.kms.katalon.core.main.TestCaseExecutor.accessMainPhase(TestCaseExecutor.java:404)
	at com.kms.katalon.core.main.TestCaseExecutor.execute(TestCaseExecutor.java:281)
	at com.kms.katalon.core.main.TestSuiteExecutor.accessTestCaseMainPhase(TestSuiteExecutor.java:202)
	at com.kms.katalon.core.main.TestSuiteExecutor.accessTestSuiteMainPhase(TestSuiteExecutor.java:164)
	at com.kms.katalon.core.main.TestSuiteExecutor.execute(TestSuiteExecutor.java:105)
	at com.kms.katalon.core.main.TestCaseMain.startTestSuite(TestCaseMain.java:185)
	at com.kms.katalon.core.main.TestCaseMain$startTestSuite$0.call(Unknown Source)
	at TempTestSuite1656640997204.run(TempTestSuite1656640997204.groovy:36)
)

2022-06-30 22:06:00 - [MESSAGE][INFO] - Unable to find the element located by 'By.xpath: //*[@type = 'button' and (text() = 'Continue' or . = 'Continue')]'. Please recheck the objects properties to make sure the desired element is located. 

2022-06-30 22:06:00 - [MESSAGE][FAILED] - Web element with id: 'Object Repository/AdminSuiteBootstrap_Pages/VT_Bootstrap/Receipt/button_Continue' located by '//*[@type = 'button' and (text() = 'Continue' or . = 'Continue')]' not found (Root cause: com.kms.katalon.core.exception.StepFailedException: Web element with id: 'Object Repository/AdminSuiteBootstrap_Pages/VT_Bootstrap/Receipt/button_Continue' located by '//*[@type = 'button' and (text() = 'Continue' or . = 'Continue')]' not found
	at com.kms.katalon.core.webui.keyword.internal.WebUIKeywordMain.stepFailed(WebUIKeywordMain.groovy:64)
	at com.kms.katalon.core.webui.keyword.builtin.VerifyElementVisibleKeyword$_verifyElementVisible_closure1.doCall(VerifyElementVisibleKeyword.groovy:89)
	at com.kms.katalon.core.webui.keyword.builtin.VerifyElementVisibleKeyword$_verifyElementVisible_closure1.call(VerifyElementVisibleKeyword.groovy)
	at com.kms.katalon.core.webui.keyword.internal.WebUIKeywordMain.runKeyword(WebUIKeywordMain.groovy:20)
	at com.kms.katalon.core.webui.keyword.builtin.VerifyElementVisibleKeyword.verifyElementVisible(VerifyElementVisibleKeyword.groovy:97)
	at com.kms.katalon.core.webui.keyword.builtin.VerifyElementVisibleKeyword.execute(VerifyElementVisibleKeyword.groovy:67)
	at com.kms.katalon.core.keyword.internal.KeywordExecutor.executeKeywordForPlatform(KeywordExecutor.groovy:74)
	at com.kms.katalon.core.webui.keyword.WebUiBuiltInKeywords.verifyElementVisible(WebUiBuiltInKeywords.groovy:376)
	at com.kms.katalon.core.webui.keyword.WebUiBuiltInKeywords$verifyElementVisible$7.call(Unknown Source)
	at Sale_TP_AllCF_Generic_Payment_TC.run(Sale_TP_AllCF_Generic_Payment_TC:136)
	at com.kms.katalon.core.main.ScriptEngine.run(ScriptEngine.java:194)
	at com.kms.katalon.core.main.ScriptEngine.runScriptAsRawText(ScriptEngine.java:119)
	at com.kms.katalon.core.main.TestCaseExecutor.runScript(TestCaseExecutor.java:442)
	at com.kms.katalon.core.main.TestCaseExecutor.doExecute(TestCaseExecutor.java:433)
	at com.kms.katalon.core.main.TestCaseExecutor.processExecutionPhase(TestCaseExecutor.java:412)
	at com.kms.katalon.core.main.TestCaseExecutor.accessMainPhase(TestCaseExecutor.java:404)
	at com.kms.katalon.core.main.TestCaseExecutor.execute(TestCaseExecutor.java:281)
	at com.kms.katalon.core.main.TestSuiteExecutor.accessTestCaseMainPhase(TestSuiteExecutor.java:202)
	at com.kms.katalon.core.main.TestSuiteExecutor.accessTestSuiteMainPhase(TestSuiteExecutor.java:164)
	at com.kms.katalon.core.main.TestSuiteExecutor.execute(TestSuiteExecutor.java:105)
	at com.kms.katalon.core.main.TestCaseMain.startTestSuite(TestCaseMain.java:185)
	at com.kms.katalon.core.main.TestCaseMain$startTestSuite$0.call(Unknown Source)
	at TempTestSuite1656640997204.run(TempTestSuite1656640997204.groovy:36)
)
[[ATTACHMENT|E:\\Cloned-Project-Katalon\\VPS-Katalon\\Reports\\20220630_220315\\QA\\VSP-Bootstrap\\VPS-Payments-TestSuite\\20220630_220317\\1656641160160.png]]

2022-06-30 22:06:00 - [TEST_STEP][FAILED] - verifyElementPresent(findTestObject("Object Repository/AdminSuiteBootstrap_Pages/VT_Bootstrap/Receipt/button_Continue"), 20): com.kms.katalon.core.webui.exception.WebElementNotFoundException: Web element with id: 'Object Repository/AdminSuiteBootstrap_Pages/VT_Bootstrap/Receipt/button_Continue' located by '//*[@type = 'button' and (text() = 'Continue' or . = 'Continue')]' not found (Root cause: com.kms.katalon.core.exception.StepFailedException: com.kms.katalon.core.webui.exception.WebElementNotFoundException: Web element with id: 'Object Repository/AdminSuiteBootstrap_Pages/VT_Bootstrap/Receipt/button_Continue' located by '//*[@type = 'button' and (text() = 'Continue' or . = 'Continue')]' not found
	at com.kms.katalon.core.webui.keyword.internal.WebUIKeywordMain.stepFailed(WebUIKeywordMain.groovy:64)
	at com.kms.katalon.core.webui.keyword.builtin.VerifyElementPresentKeyword$_verifyElementPresent_closure1.doCall(VerifyElementPresentKeyword.groovy:85)
	at com.kms.katalon.core.webui.keyword.builtin.VerifyElementPresentKeyword$_verifyElementPresent_closure1.call(VerifyElementPresentKeyword.groovy)
	at com.kms.katalon.core.webui.keyword.internal.WebUIKeywordMain.runKeyword(WebUIKeywordMain.groovy:20)
	at com.kms.katalon.core.webui.keyword.builtin.VerifyElementPresentKeyword.verifyElementPresent(VerifyElementPresentKeyword.groovy:92)
	at com.kms.katalon.core.webui.keyword.builtin.VerifyElementPresentKeyword.execute(VerifyElementPresentKeyword.groovy:68)
	at com.kms.katalon.core.keyword.internal.KeywordExecutor.executeKeywordForPlatform(KeywordExecutor.groovy:74)
	at com.kms.katalon.core.webui.keyword.WebUiBuiltInKeywords.verifyElementPresent(WebUiBuiltInKeywords.groovy:1464)
	at com.kms.katalon.core.webui.keyword.WebUiBuiltInKeywords$verifyElementPresent$1.call(Unknown Source)
	at Sale_TP_AllCF_Generic_Payment_TC.run(Sale_TP_AllCF_Generic_Payment_TC:137)
	at com.kms.katalon.core.main.ScriptEngine.run(ScriptEngine.java:194)
	at com.kms.katalon.core.main.ScriptEngine.runScriptAsRawText(ScriptEngine.java:119)
	at com.kms.katalon.core.main.TestCaseExecutor.runScript(TestCaseExecutor.java:442)
	at com.kms.katalon.core.main.TestCaseExecutor.doExecute(TestCaseExecutor.java:433)
	at com.kms.katalon.core.main.TestCaseExecutor.processExecutionPhase(TestCaseExecutor.java:412)
	at com.kms.katalon.core.main.TestCaseExecutor.accessMainPhase(TestCaseExecutor.java:404)
	at com.kms.katalon.core.main.TestCaseExecutor.execute(TestCaseExecutor.java:281)
	at com.kms.katalon.core.main.TestSuiteExecutor.accessTestCaseMainPhase(TestSuiteExecutor.java:202)
	at com.kms.katalon.core.main.TestSuiteExecutor.accessTestSuiteMainPhase(TestSuiteExecutor.java:164)
	at com.kms.katalon.core.main.TestSuiteExecutor.execute(TestSuiteExecutor.java:105)
	at com.kms.katalon.core.main.TestCaseMain.startTestSuite(TestCaseMain.java:185)
	at com.kms.katalon.core.main.TestCaseMain$startTestSuite$0.call(Unknown Source)
	at TempTestSuite1656640997204.run(TempTestSuite1656640997204.groovy:36)
)

2022-06-30 22:06:21 - [MESSAGE][INFO] - Unable to find the element located by 'By.xpath: //*[@type = 'button' and (text() = 'Continue' or . = 'Continue')]'. Please recheck the objects properties to make sure the desired element is located. 

2022-06-30 22:06:21 - [MESSAGE][FAILED] - com.kms.katalon.core.webui.exception.WebElementNotFoundException: Web element with id: 'Object Repository/AdminSuiteBootstrap_Pages/VT_Bootstrap/Receipt/button_Continue' located by '//*[@type = 'button' and (text() = 'Continue' or . = 'Continue')]' not found (Root cause: com.kms.katalon.core.exception.StepFailedException: com.kms.katalon.core.webui.exception.WebElementNotFoundException: Web element with id: 'Object Repository/AdminSuiteBootstrap_Pages/VT_Bootstrap/Receipt/button_Continue' located by '//*[@type = 'button' and (text() = 'Continue' or . = 'Continue')]' not found
	at com.kms.katalon.core.webui.keyword.internal.WebUIKeywordMain.stepFailed(WebUIKeywordMain.groovy:64)
	at com.kms.katalon.core.webui.keyword.builtin.VerifyElementPresentKeyword$_verifyElementPresent_closure1.doCall(VerifyElementPresentKeyword.groovy:85)
	at com.kms.katalon.core.webui.keyword.builtin.VerifyElementPresentKeyword$_verifyElementPresent_closure1.call(VerifyElementPresentKeyword.groovy)
	at com.kms.katalon.core.webui.keyword.internal.WebUIKeywordMain.runKeyword(WebUIKeywordMain.groovy:20)
	at com.kms.katalon.core.webui.keyword.builtin.VerifyElementPresentKeyword.verifyElementPresent(VerifyElementPresentKeyword.groovy:92)
	at com.kms.katalon.core.webui.keyword.builtin.VerifyElementPresentKeyword.execute(VerifyElementPresentKeyword.groovy:68)
	at com.kms.katalon.core.keyword.internal.KeywordExecutor.executeKeywordForPlatform(KeywordExecutor.groovy:74)
	at com.kms.katalon.core.webui.keyword.WebUiBuiltInKeywords.verifyElementPresent(WebUiBuiltInKeywords.groovy:1464)
	at com.kms.katalon.core.webui.keyword.WebUiBuiltInKeywords$verifyElementPresent$1.call(Unknown Source)
	at Sale_TP_AllCF_Generic_Payment_TC.run(Sale_TP_AllCF_Generic_Payment_TC:137)
	at com.kms.katalon.core.main.ScriptEngine.run(ScriptEngine.java:194)
	at com.kms.katalon.core.main.ScriptEngine.runScriptAsRawText(ScriptEngine.java:119)
	at com.kms.katalon.core.main.TestCaseExecutor.runScript(TestCaseExecutor.java:442)
	at com.kms.katalon.core.main.TestCaseExecutor.doExecute(TestCaseExecutor.java:433)
	at com.kms.katalon.core.main.TestCaseExecutor.processExecutionPhase(TestCaseExecutor.java:412)
	at com.kms.katalon.core.main.TestCaseExecutor.accessMainPhase(TestCaseExecutor.java:404)
	at com.kms.katalon.core.main.TestCaseExecutor.execute(TestCaseExecutor.java:281)
	at com.kms.katalon.core.main.TestSuiteExecutor.accessTestCaseMainPhase(TestSuiteExecutor.java:202)
	at com.kms.katalon.core.main.TestSuiteExecutor.accessTestSuiteMainPhase(TestSuiteExecutor.java:164)
	at com.kms.katalon.core.main.TestSuiteExecutor.execute(TestSuiteExecutor.java:105)
	at com.kms.katalon.core.main.TestCaseMain.startTestSuite(TestCaseMain.java:185)
	at com.kms.katalon.core.main.TestCaseMain$startTestSuite$0.call(Unknown Source)
	at TempTestSuite1656640997204.run(TempTestSuite1656640997204.groovy:36)
)
[[ATTACHMENT|E:\\Cloned-Project-Katalon\\VPS-Katalon\\Reports\\20220630_220315\\QA\\VSP-Bootstrap\\VPS-Payments-TestSuite\\20220630_220317\\1656641181450.png]]

2022-06-30 22:06:21 - [TEST_STEP][FAILED] - verifyElementVisible(findTestObject("Object Repository/AdminSuiteBootstrap_Pages/VT_Bootstrap/Receipt/button_Print")): Web element with id: 'Object Repository/AdminSuiteBootstrap_Pages/VT_Bootstrap/Receipt/button_Print' located by '//*[@type = 'submit' and (text() = 'Print' or . = 'Print')]' not found (Root cause: com.kms.katalon.core.exception.StepFailedException: Web element with id: 'Object Repository/AdminSuiteBootstrap_Pages/VT_Bootstrap/Receipt/button_Print' located by '//*[@type = 'submit' and (text() = 'Print' or . = 'Print')]' not found
	at com.kms.katalon.core.webui.keyword.internal.WebUIKeywordMain.stepFailed(WebUIKeywordMain.groovy:64)
	at com.kms.katalon.core.webui.keyword.builtin.VerifyElementVisibleKeyword$_verifyElementVisible_closure1.doCall(VerifyElementVisibleKeyword.groovy:89)
	at com.kms.katalon.core.webui.keyword.builtin.VerifyElementVisibleKeyword$_verifyElementVisible_closure1.call(VerifyElementVisibleKeyword.groovy)
	at com.kms.katalon.core.webui.keyword.internal.WebUIKeywordMain.runKeyword(WebUIKeywordMain.groovy:20)
	at com.kms.katalon.core.webui.keyword.builtin.VerifyElementVisibleKeyword.verifyElementVisible(VerifyElementVisibleKeyword.groovy:97)
	at com.kms.katalon.core.webui.keyword.builtin.VerifyElementVisibleKeyword.execute(VerifyElementVisibleKeyword.groovy:67)
	at com.kms.katalon.core.keyword.internal.KeywordExecutor.executeKeywordForPlatform(KeywordExecutor.groovy:74)
	at com.kms.katalon.core.webui.keyword.WebUiBuiltInKeywords.verifyElementVisible(WebUiBuiltInKeywords.groovy:376)
	at com.kms.katalon.core.webui.keyword.WebUiBuiltInKeywords$verifyElementVisible$7.call(Unknown Source)
	at Sale_TP_AllCF_Generic_Payment_TC.run(Sale_TP_AllCF_Generic_Payment_TC:139)
	at com.kms.katalon.core.main.ScriptEngine.run(ScriptEngine.java:194)
	at com.kms.katalon.core.main.ScriptEngine.runScriptAsRawText(ScriptEngine.java:119)
	at com.kms.katalon.core.main.TestCaseExecutor.runScript(TestCaseExecutor.java:442)
	at com.kms.katalon.core.main.TestCaseExecutor.doExecute(TestCaseExecutor.java:433)
	at com.kms.katalon.core.main.TestCaseExecutor.processExecutionPhase(TestCaseExecutor.java:412)
	at com.kms.katalon.core.main.TestCaseExecutor.accessMainPhase(TestCaseExecutor.java:404)
	at com.kms.katalon.core.main.TestCaseExecutor.execute(TestCaseExecutor.java:281)
	at com.kms.katalon.core.main.TestSuiteExecutor.accessTestCaseMainPhase(TestSuiteExecutor.java:202)
	at com.kms.katalon.core.main.TestSuiteExecutor.accessTestSuiteMainPhase(TestSuiteExecutor.java:164)
	at com.kms.katalon.core.main.TestSuiteExecutor.execute(TestSuiteExecutor.java:105)
	at com.kms.katalon.core.main.TestCaseMain.startTestSuite(TestCaseMain.java:185)
	at com.kms.katalon.core.main.TestCaseMain$startTestSuite$0.call(Unknown Source)
	at TempTestSuite1656640997204.run(TempTestSuite1656640997204.groovy:36)
)

2022-06-30 22:06:52 - [MESSAGE][INFO] - Unable to find the element located by 'By.xpath: //*[@type = 'submit' and (text() = 'Print' or . = 'Print')]'. Please recheck the objects properties to make sure the desired element is located. 

2022-06-30 22:06:52 - [MESSAGE][FAILED] - Web element with id: 'Object Repository/AdminSuiteBootstrap_Pages/VT_Bootstrap/Receipt/button_Print' located by '//*[@type = 'submit' and (text() = 'Print' or . = 'Print')]' not found (Root cause: com.kms.katalon.core.exception.StepFailedException: Web element with id: 'Object Repository/AdminSuiteBootstrap_Pages/VT_Bootstrap/Receipt/button_Print' located by '//*[@type = 'submit' and (text() = 'Print' or . = 'Print')]' not found
	at com.kms.katalon.core.webui.keyword.internal.WebUIKeywordMain.stepFailed(WebUIKeywordMain.groovy:64)
	at com.kms.katalon.core.webui.keyword.builtin.VerifyElementVisibleKeyword$_verifyElementVisible_closure1.doCall(VerifyElementVisibleKeyword.groovy:89)
	at com.kms.katalon.core.webui.keyword.builtin.VerifyElementVisibleKeyword$_verifyElementVisible_closure1.call(VerifyElementVisibleKeyword.groovy)
	at com.kms.katalon.core.webui.keyword.internal.WebUIKeywordMain.runKeyword(WebUIKeywordMain.groovy:20)
	at com.kms.katalon.core.webui.keyword.builtin.VerifyElementVisibleKeyword.verifyElementVisible(VerifyElementVisibleKeyword.groovy:97)
	at com.kms.katalon.core.webui.keyword.builtin.VerifyElementVisibleKeyword.execute(VerifyElementVisibleKeyword.groovy:67)
	at com.kms.katalon.core.keyword.internal.KeywordExecutor.executeKeywordForPlatform(KeywordExecutor.groovy:74)
	at com.kms.katalon.core.webui.keyword.WebUiBuiltInKeywords.verifyElementVisible(WebUiBuiltInKeywords.groovy:376)
	at com.kms.katalon.core.webui.keyword.WebUiBuiltInKeywords$verifyElementVisible$7.call(Unknown Source)
	at Sale_TP_AllCF_Generic_Payment_TC.run(Sale_TP_AllCF_Generic_Payment_TC:139)
	at com.kms.katalon.core.main.ScriptEngine.run(ScriptEngine.java:194)
	at com.kms.katalon.core.main.ScriptEngine.runScriptAsRawText(ScriptEngine.java:119)
	at com.kms.katalon.core.main.TestCaseExecutor.runScript(TestCaseExecutor.java:442)
	at com.kms.katalon.core.main.TestCaseExecutor.doExecute(TestCaseExecutor.java:433)
	at com.kms.katalon.core.main.TestCaseExecutor.processExecutionPhase(TestCaseExecutor.java:412)
	at com.kms.katalon.core.main.TestCaseExecutor.accessMainPhase(TestCaseExecutor.java:404)
	at com.kms.katalon.core.main.TestCaseExecutor.execute(TestCaseExecutor.java:281)
	at com.kms.katalon.core.main.TestSuiteExecutor.accessTestCaseMainPhase(TestSuiteExecutor.java:202)
	at com.kms.katalon.core.main.TestSuiteExecutor.accessTestSuiteMainPhase(TestSuiteExecutor.java:164)
	at com.kms.katalon.core.main.TestSuiteExecutor.execute(TestSuiteExecutor.java:105)
	at com.kms.katalon.core.main.TestCaseMain.startTestSuite(TestCaseMain.java:185)
	at com.kms.katalon.core.main.TestCaseMain$startTestSuite$0.call(Unknown Source)
	at TempTestSuite1656640997204.run(TempTestSuite1656640997204.groovy:36)
)
[[ATTACHMENT|E:\\Cloned-Project-Katalon\\VPS-Katalon\\Reports\\20220630_220315\\QA\\VSP-Bootstrap\\VPS-Payments-TestSuite\\20220630_220317\\1656641212680.png]]

2022-06-30 22:06:52 - [TEST_STEP][FAILED] - verifyElementPresent(findTestObject("Object Repository/AdminSuiteBootstrap_Pages/VT_Bootstrap/Receipt/button_Print"), 20): com.kms.katalon.core.webui.exception.WebElementNotFoundException: Web element with id: 'Object Repository/AdminSuiteBootstrap_Pages/VT_Bootstrap/Receipt/button_Print' located by '//*[@type = 'submit' and (text() = 'Print' or . = 'Print')]' not found (Root cause: com.kms.katalon.core.exception.StepFailedException: com.kms.katalon.core.webui.exception.WebElementNotFoundException: Web element with id: 'Object Repository/AdminSuiteBootstrap_Pages/VT_Bootstrap/Receipt/button_Print' located by '//*[@type = 'submit' and (text() = 'Print' or . = 'Print')]' not found
	at com.kms.katalon.core.webui.keyword.internal.WebUIKeywordMain.stepFailed(WebUIKeywordMain.groovy:64)
	at com.kms.katalon.core.webui.keyword.builtin.VerifyElementPresentKeyword$_verifyElementPresent_closure1.doCall(VerifyElementPresentKeyword.groovy:85)
	at com.kms.katalon.core.webui.keyword.builtin.VerifyElementPresentKeyword$_verifyElementPresent_closure1.call(VerifyElementPresentKeyword.groovy)
	at com.kms.katalon.core.webui.keyword.internal.WebUIKeywordMain.runKeyword(WebUIKeywordMain.groovy:20)
	at com.kms.katalon.core.webui.keyword.builtin.VerifyElementPresentKeyword.verifyElementPresent(VerifyElementPresentKeyword.groovy:92)
	at com.kms.katalon.core.webui.keyword.builtin.VerifyElementPresentKeyword.execute(VerifyElementPresentKeyword.groovy:68)
	at com.kms.katalon.core.keyword.internal.KeywordExecutor.executeKeywordForPlatform(KeywordExecutor.groovy:74)
	at com.kms.katalon.core.webui.keyword.WebUiBuiltInKeywords.verifyElementPresent(WebUiBuiltInKeywords.groovy:1464)
	at com.kms.katalon.core.webui.keyword.WebUiBuiltInKeywords$verifyElementPresent$1.call(Unknown Source)
	at Sale_TP_AllCF_Generic_Payment_TC.run(Sale_TP_AllCF_Generic_Payment_TC:140)
	at com.kms.katalon.core.main.ScriptEngine.run(ScriptEngine.java:194)
	at com.kms.katalon.core.main.ScriptEngine.runScriptAsRawText(ScriptEngine.java:119)
	at com.kms.katalon.core.main.TestCaseExecutor.runScript(TestCaseExecutor.java:442)
	at com.kms.katalon.core.main.TestCaseExecutor.doExecute(TestCaseExecutor.java:433)
	at com.kms.katalon.core.main.TestCaseExecutor.processExecutionPhase(TestCaseExecutor.java:412)
	at com.kms.katalon.core.main.TestCaseExecutor.accessMainPhase(TestCaseExecutor.java:404)
	at com.kms.katalon.core.main.TestCaseExecutor.execute(TestCaseExecutor.java:281)
	at com.kms.katalon.core.main.TestSuiteExecutor.accessTestCaseMainPhase(TestSuiteExecutor.java:202)
	at com.kms.katalon.core.main.TestSuiteExecutor.accessTestSuiteMainPhase(TestSuiteExecutor.java:164)
	at com.kms.katalon.core.main.TestSuiteExecutor.execute(TestSuiteExecutor.java:105)
	at com.kms.katalon.core.main.TestCaseMain.startTestSuite(TestCaseMain.java:185)
	at com.kms.katalon.core.main.TestCaseMain$startTestSuite$0.call(Unknown Source)
	at TempTestSuite1656640997204.run(TempTestSuite1656640997204.groovy:36)
)

2022-06-30 22:07:13 - [MESSAGE][INFO] - Unable to find the element located by 'By.xpath: //*[@type = 'submit' and (text() = 'Print' or . = 'Print')]'. Please recheck the objects properties to make sure the desired element is located. 

2022-06-30 22:07:14 - [MESSAGE][FAILED] - com.kms.katalon.core.webui.exception.WebElementNotFoundException: Web element with id: 'Object Repository/AdminSuiteBootstrap_Pages/VT_Bootstrap/Receipt/button_Print' located by '//*[@type = 'submit' and (text() = 'Print' or . = 'Print')]' not found (Root cause: com.kms.katalon.core.exception.StepFailedException: com.kms.katalon.core.webui.exception.WebElementNotFoundException: Web element with id: 'Object Repository/AdminSuiteBootstrap_Pages/VT_Bootstrap/Receipt/button_Print' located by '//*[@type = 'submit' and (text() = 'Print' or . = 'Print')]' not found
	at com.kms.katalon.core.webui.keyword.internal.WebUIKeywordMain.stepFailed(WebUIKeywordMain.groovy:64)
	at com.kms.katalon.core.webui.keyword.builtin.VerifyElementPresentKeyword$_verifyElementPresent_closure1.doCall(VerifyElementPresentKeyword.groovy:85)
	at com.kms.katalon.core.webui.keyword.builtin.VerifyElementPresentKeyword$_verifyElementPresent_closure1.call(VerifyElementPresentKeyword.groovy)
	at com.kms.katalon.core.webui.keyword.internal.WebUIKeywordMain.runKeyword(WebUIKeywordMain.groovy:20)
	at com.kms.katalon.core.webui.keyword.builtin.VerifyElementPresentKeyword.verifyElementPresent(VerifyElementPresentKeyword.groovy:92)
	at com.kms.katalon.core.webui.keyword.builtin.VerifyElementPresentKeyword.execute(VerifyElementPresentKeyword.groovy:68)
	at com.kms.katalon.core.keyword.internal.KeywordExecutor.executeKeywordForPlatform(KeywordExecutor.groovy:74)
	at com.kms.katalon.core.webui.keyword.WebUiBuiltInKeywords.verifyElementPresent(WebUiBuiltInKeywords.groovy:1464)
	at com.kms.katalon.core.webui.keyword.WebUiBuiltInKeywords$verifyElementPresent$1.call(Unknown Source)
	at Sale_TP_AllCF_Generic_Payment_TC.run(Sale_TP_AllCF_Generic_Payment_TC:140)
	at com.kms.katalon.core.main.ScriptEngine.run(ScriptEngine.java:194)
	at com.kms.katalon.core.main.ScriptEngine.runScriptAsRawText(ScriptEngine.java:119)
	at com.kms.katalon.core.main.TestCaseExecutor.runScript(TestCaseExecutor.java:442)
	at com.kms.katalon.core.main.TestCaseExecutor.doExecute(TestCaseExecutor.java:433)
	at com.kms.katalon.core.main.TestCaseExecutor.processExecutionPhase(TestCaseExecutor.java:412)
	at com.kms.katalon.core.main.TestCaseExecutor.accessMainPhase(TestCaseExecutor.java:404)
	at com.kms.katalon.core.main.TestCaseExecutor.execute(TestCaseExecutor.java:281)
	at com.kms.katalon.core.main.TestSuiteExecutor.accessTestCaseMainPhase(TestSuiteExecutor.java:202)
	at com.kms.katalon.core.main.TestSuiteExecutor.accessTestSuiteMainPhase(TestSuiteExecutor.java:164)
	at com.kms.katalon.core.main.TestSuiteExecutor.execute(TestSuiteExecutor.java:105)
	at com.kms.katalon.core.main.TestCaseMain.startTestSuite(TestCaseMain.java:185)
	at com.kms.katalon.core.main.TestCaseMain$startTestSuite$0.call(Unknown Source)
	at TempTestSuite1656640997204.run(TempTestSuite1656640997204.groovy:36)
)
[[ATTACHMENT|E:\\Cloned-Project-Katalon\\VPS-Katalon\\Reports\\20220630_220315\\QA\\VSP-Bootstrap\\VPS-Payments-TestSuite\\20220630_220317\\1656641233945.png]]

2022-06-30 22:07:14 - [TEST_STEP][FAILED] - verifyTextPresent("Remittance ID", true): Text 'Remittance ID' is not present on page  using regular expression (Root cause: com.kms.katalon.core.exception.StepFailedException: Text 'Remittance ID' is not present on page  using regular expression
	at com.kms.katalon.core.webui.keyword.internal.WebUIKeywordMain.stepFailed(WebUIKeywordMain.groovy:64)
	at com.kms.katalon.core.webui.keyword.builtin.VerifyTextPresentKeyword$_verifyTextPresent_closure1.doCall(VerifyTextPresentKeyword.groovy:79)
	at com.kms.katalon.core.webui.keyword.builtin.VerifyTextPresentKeyword$_verifyTextPresent_closure1.call(VerifyTextPresentKeyword.groovy)
	at com.kms.katalon.core.webui.keyword.internal.WebUIKeywordMain.runKeyword(WebUIKeywordMain.groovy:20)
	at com.kms.katalon.core.webui.keyword.builtin.VerifyTextPresentKeyword.verifyTextPresent(VerifyTextPresentKeyword.groovy:83)
	at com.kms.katalon.core.webui.keyword.builtin.VerifyTextPresentKeyword.execute(VerifyTextPresentKeyword.groovy:68)
	at com.kms.katalon.core.keyword.internal.KeywordExecutor.executeKeywordForPlatform(KeywordExecutor.groovy:74)
	at com.kms.katalon.core.webui.keyword.WebUiBuiltInKeywords.verifyTextPresent(WebUiBuiltInKeywords.groovy:1723)
	at com.kms.katalon.core.webui.keyword.WebUiBuiltInKeywords$verifyTextPresent$4.call(Unknown Source)
	at Sale_TP_AllCF_Generic_Payment_TC.run(Sale_TP_AllCF_Generic_Payment_TC:143)
	at com.kms.katalon.core.main.ScriptEngine.run(ScriptEngine.java:194)
	at com.kms.katalon.core.main.ScriptEngine.runScriptAsRawText(ScriptEngine.java:119)
	at com.kms.katalon.core.main.TestCaseExecutor.runScript(TestCaseExecutor.java:442)
	at com.kms.katalon.core.main.TestCaseExecutor.doExecute(TestCaseExecutor.java:433)
	at com.kms.katalon.core.main.TestCaseExecutor.processExecutionPhase(TestCaseExecutor.java:412)
	at com.kms.katalon.core.main.TestCaseExecutor.accessMainPhase(TestCaseExecutor.java:404)
	at com.kms.katalon.core.main.TestCaseExecutor.execute(TestCaseExecutor.java:281)
	at com.kms.katalon.core.main.TestSuiteExecutor.accessTestCaseMainPhase(TestSuiteExecutor.java:202)
	at com.kms.katalon.core.main.TestSuiteExecutor.accessTestSuiteMainPhase(TestSuiteExecutor.java:164)
	at com.kms.katalon.core.main.TestSuiteExecutor.execute(TestSuiteExecutor.java:105)
	at com.kms.katalon.core.main.TestCaseMain.startTestSuite(TestCaseMain.java:185)
	at com.kms.katalon.core.main.TestCaseMain$startTestSuite$0.call(Unknown Source)
	at TempTestSuite1656640997204.run(TempTestSuite1656640997204.groovy:36)
)

2022-06-30 22:07:14 - [MESSAGE][FAILED] - Text 'Remittance ID' is not present on page  using regular expression (Root cause: com.kms.katalon.core.exception.StepFailedException: Text 'Remittance ID' is not present on page  using regular expression
	at com.kms.katalon.core.webui.keyword.internal.WebUIKeywordMain.stepFailed(WebUIKeywordMain.groovy:64)
	at com.kms.katalon.core.webui.keyword.builtin.VerifyTextPresentKeyword$_verifyTextPresent_closure1.doCall(VerifyTextPresentKeyword.groovy:79)
	at com.kms.katalon.core.webui.keyword.builtin.VerifyTextPresentKeyword$_verifyTextPresent_closure1.call(VerifyTextPresentKeyword.groovy)
	at com.kms.katalon.core.webui.keyword.internal.WebUIKeywordMain.runKeyword(WebUIKeywordMain.groovy:20)
	at com.kms.katalon.core.webui.keyword.builtin.VerifyTextPresentKeyword.verifyTextPresent(VerifyTextPresentKeyword.groovy:83)
	at com.kms.katalon.core.webui.keyword.builtin.VerifyTextPresentKeyword.execute(VerifyTextPresentKeyword.groovy:68)
	at com.kms.katalon.core.keyword.internal.KeywordExecutor.executeKeywordForPlatform(KeywordExecutor.groovy:74)
	at com.kms.katalon.core.webui.keyword.WebUiBuiltInKeywords.verifyTextPresent(WebUiBuiltInKeywords.groovy:1723)
	at com.kms.katalon.core.webui.keyword.WebUiBuiltInKeywords$verifyTextPresent$4.call(Unknown Source)
	at Sale_TP_AllCF_Generic_Payment_TC.run(Sale_TP_AllCF_Generic_Payment_TC:143)
	at com.kms.katalon.core.main.ScriptEngine.run(ScriptEngine.java:194)
	at com.kms.katalon.core.main.ScriptEngine.runScriptAsRawText(ScriptEngine.java:119)
	at com.kms.katalon.core.main.TestCaseExecutor.runScript(TestCaseExecutor.java:442)
	at com.kms.katalon.core.main.TestCaseExecutor.doExecute(TestCaseExecutor.java:433)
	at com.kms.katalon.core.main.TestCaseExecutor.processExecutionPhase(TestCaseExecutor.java:412)
	at com.kms.katalon.core.main.TestCaseExecutor.accessMainPhase(TestCaseExecutor.java:404)
	at com.kms.katalon.core.main.TestCaseExecutor.execute(TestCaseExecutor.java:281)
	at com.kms.katalon.core.main.TestSuiteExecutor.accessTestCaseMainPhase(TestSuiteExecutor.java:202)
	at com.kms.katalon.core.main.TestSuiteExecutor.accessTestSuiteMainPhase(TestSuiteExecutor.java:164)
	at com.kms.katalon.core.main.TestSuiteExecutor.execute(TestSuiteExecutor.java:105)
	at com.kms.katalon.core.main.TestCaseMain.startTestSuite(TestCaseMain.java:185)
	at com.kms.katalon.core.main.TestCaseMain$startTestSuite$0.call(Unknown Source)
	at TempTestSuite1656640997204.run(TempTestSuite1656640997204.groovy:36)
)

2022-06-30 22:07:14 - [TEST_STEP][FAILED] - verifyTextPresent("Received", true): Text 'Received' is not present on page  using regular expression (Root cause: com.kms.katalon.core.exception.StepFailedException: Text 'Received' is not present on page  using regular expression
	at com.kms.katalon.core.webui.keyword.internal.WebUIKeywordMain.stepFailed(WebUIKeywordMain.groovy:64)
	at com.kms.katalon.core.webui.keyword.builtin.VerifyTextPresentKeyword$_verifyTextPresent_closure1.doCall(VerifyTextPresentKeyword.groovy:79)
	at com.kms.katalon.core.webui.keyword.builtin.VerifyTextPresentKeyword$_verifyTextPresent_closure1.call(VerifyTextPresentKeyword.groovy)
	at com.kms.katalon.core.webui.keyword.internal.WebUIKeywordMain.runKeyword(WebUIKeywordMain.groovy:20)
	at com.kms.katalon.core.webui.keyword.builtin.VerifyTextPresentKeyword.verifyTextPresent(VerifyTextPresentKeyword.groovy:83)
	at com.kms.katalon.core.webui.keyword.builtin.VerifyTextPresentKeyword.execute(VerifyTextPresentKeyword.groovy:68)
	at com.kms.katalon.core.keyword.internal.KeywordExecutor.executeKeywordForPlatform(KeywordExecutor.groovy:74)
	at com.kms.katalon.core.webui.keyword.WebUiBuiltInKeywords.verifyTextPresent(WebUiBuiltInKeywords.groovy:1723)
	at com.kms.katalon.core.webui.keyword.WebUiBuiltInKeywords$verifyTextPresent$4.call(Unknown Source)
	at Sale_TP_AllCF_Generic_Payment_TC.run(Sale_TP_AllCF_Generic_Payment_TC:144)
	at com.kms.katalon.core.main.ScriptEngine.run(ScriptEngine.java:194)
	at com.kms.katalon.core.main.ScriptEngine.runScriptAsRawText(ScriptEngine.java:119)
	at com.kms.katalon.core.main.TestCaseExecutor.runScript(TestCaseExecutor.java:442)
	at com.kms.katalon.core.main.TestCaseExecutor.doExecute(TestCaseExecutor.java:433)
	at com.kms.katalon.core.main.TestCaseExecutor.processExecutionPhase(TestCaseExecutor.java:412)
	at com.kms.katalon.core.main.TestCaseExecutor.accessMainPhase(TestCaseExecutor.java:404)
	at com.kms.katalon.core.main.TestCaseExecutor.execute(TestCaseExecutor.java:281)
	at com.kms.katalon.core.main.TestSuiteExecutor.accessTestCaseMainPhase(TestSuiteExecutor.java:202)
	at com.kms.katalon.core.main.TestSuiteExecutor.accessTestSuiteMainPhase(TestSuiteExecutor.java:164)
	at com.kms.katalon.core.main.TestSuiteExecutor.execute(TestSuiteExecutor.java:105)
	at com.kms.katalon.core.main.TestCaseMain.startTestSuite(TestCaseMain.java:185)
	at com.kms.katalon.core.main.TestCaseMain$startTestSuite$0.call(Unknown Source)
	at TempTestSuite1656640997204.run(TempTestSuite1656640997204.groovy:36)
)

2022-06-30 22:07:14 - [MESSAGE][FAILED] - Text 'Received' is not present on page  using regular expression (Root cause: com.kms.katalon.core.exception.StepFailedException: Text 'Received' is not present on page  using regular expression
	at com.kms.katalon.core.webui.keyword.internal.WebUIKeywordMain.stepFailed(WebUIKeywordMain.groovy:64)
	at com.kms.katalon.core.webui.keyword.builtin.VerifyTextPresentKeyword$_verifyTextPresent_closure1.doCall(VerifyTextPresentKeyword.groovy:79)
	at com.kms.katalon.core.webui.keyword.builtin.VerifyTextPresentKeyword$_verifyTextPresent_closure1.call(VerifyTextPresentKeyword.groovy)
	at com.kms.katalon.core.webui.keyword.internal.WebUIKeywordMain.runKeyword(WebUIKeywordMain.groovy:20)
	at com.kms.katalon.core.webui.keyword.builtin.VerifyTextPresentKeyword.verifyTextPresent(VerifyTextPresentKeyword.groovy:83)
	at com.kms.katalon.core.webui.keyword.builtin.VerifyTextPresentKeyword.execute(VerifyTextPresentKeyword.groovy:68)
	at com.kms.katalon.core.keyword.internal.KeywordExecutor.executeKeywordForPlatform(KeywordExecutor.groovy:74)
	at com.kms.katalon.core.webui.keyword.WebUiBuiltInKeywords.verifyTextPresent(WebUiBuiltInKeywords.groovy:1723)
	at com.kms.katalon.core.webui.keyword.WebUiBuiltInKeywords$verifyTextPresent$4.call(Unknown Source)
	at Sale_TP_AllCF_Generic_Payment_TC.run(Sale_TP_AllCF_Generic_Payment_TC:144)
	at com.kms.katalon.core.main.ScriptEngine.run(ScriptEngine.java:194)
	at com.kms.katalon.core.main.ScriptEngine.runScriptAsRawText(ScriptEngine.java:119)
	at com.kms.katalon.core.main.TestCaseExecutor.runScript(TestCaseExecutor.java:442)
	at com.kms.katalon.core.main.TestCaseExecutor.doExecute(TestCaseExecutor.java:433)
	at com.kms.katalon.core.main.TestCaseExecutor.processExecutionPhase(TestCaseExecutor.java:412)
	at com.kms.katalon.core.main.TestCaseExecutor.accessMainPhase(TestCaseExecutor.java:404)
	at com.kms.katalon.core.main.TestCaseExecutor.execute(TestCaseExecutor.java:281)
	at com.kms.katalon.core.main.TestSuiteExecutor.accessTestCaseMainPhase(TestSuiteExecutor.java:202)
	at com.kms.katalon.core.main.TestSuiteExecutor.accessTestSuiteMainPhase(TestSuiteExecutor.java:164)
	at com.kms.katalon.core.main.TestSuiteExecutor.execute(TestSuiteExecutor.java:105)
	at com.kms.katalon.core.main.TestCaseMain.startTestSuite(TestCaseMain.java:185)
	at com.kms.katalon.core.main.TestCaseMain$startTestSuite$0.call(Unknown Source)
	at TempTestSuite1656640997204.run(TempTestSuite1656640997204.groovy:36)
)

2022-06-30 22:07:14 - [TEST_STEP][FAILED] - verifyTextPresent("UDF1", true): Text 'UDF1' is not present on page  using regular expression (Root cause: com.kms.katalon.core.exception.StepFailedException: Text 'UDF1' is not present on page  using regular expression
	at com.kms.katalon.core.webui.keyword.internal.WebUIKeywordMain.stepFailed(WebUIKeywordMain.groovy:64)
	at com.kms.katalon.core.webui.keyword.builtin.VerifyTextPresentKeyword$_verifyTextPresent_closure1.doCall(VerifyTextPresentKeyword.groovy:79)
	at com.kms.katalon.core.webui.keyword.builtin.VerifyTextPresentKeyword$_verifyTextPresent_closure1.call(VerifyTextPresentKeyword.groovy)
	at com.kms.katalon.core.webui.keyword.internal.WebUIKeywordMain.runKeyword(WebUIKeywordMain.groovy:20)
	at com.kms.katalon.core.webui.keyword.builtin.VerifyTextPresentKeyword.verifyTextPresent(VerifyTextPresentKeyword.groovy:83)
	at com.kms.katalon.core.webui.keyword.builtin.VerifyTextPresentKeyword.execute(VerifyTextPresentKeyword.groovy:68)
	at com.kms.katalon.core.keyword.internal.KeywordExecutor.executeKeywordForPlatform(KeywordExecutor.groovy:74)
	at com.kms.katalon.core.webui.keyword.WebUiBuiltInKeywords.verifyTextPresent(WebUiBuiltInKeywords.groovy:1723)
	at com.kms.katalon.core.webui.keyword.WebUiBuiltInKeywords$verifyTextPresent$4.call(Unknown Source)
	at Sale_TP_AllCF_Generic_Payment_TC.run(Sale_TP_AllCF_Generic_Payment_TC:146)
	at com.kms.katalon.core.main.ScriptEngine.run(ScriptEngine.java:194)
	at com.kms.katalon.core.main.ScriptEngine.runScriptAsRawText(ScriptEngine.java:119)
	at com.kms.katalon.core.main.TestCaseExecutor.runScript(TestCaseExecutor.java:442)
	at com.kms.katalon.core.main.TestCaseExecutor.doExecute(TestCaseExecutor.java:433)
	at com.kms.katalon.core.main.TestCaseExecutor.processExecutionPhase(TestCaseExecutor.java:412)
	at com.kms.katalon.core.main.TestCaseExecutor.accessMainPhase(TestCaseExecutor.java:404)
	at com.kms.katalon.core.main.TestCaseExecutor.execute(TestCaseExecutor.java:281)
	at com.kms.katalon.core.main.TestSuiteExecutor.accessTestCaseMainPhase(TestSuiteExecutor.java:202)
	at com.kms.katalon.core.main.TestSuiteExecutor.accessTestSuiteMainPhase(TestSuiteExecutor.java:164)
	at com.kms.katalon.core.main.TestSuiteExecutor.execute(TestSuiteExecutor.java:105)
	at com.kms.katalon.core.main.TestCaseMain.startTestSuite(TestCaseMain.java:185)
	at com.kms.katalon.core.main.TestCaseMain$startTestSuite$0.call(Unknown Source)
	at TempTestSuite1656640997204.run(TempTestSuite1656640997204.groovy:36)
)

2022-06-30 22:07:14 - [MESSAGE][FAILED] - Text 'UDF1' is not present on page  using regular expression (Root cause: com.kms.katalon.core.exception.StepFailedException: Text 'UDF1' is not present on page  using regular expression
	at com.kms.katalon.core.webui.keyword.internal.WebUIKeywordMain.stepFailed(WebUIKeywordMain.groovy:64)
	at com.kms.katalon.core.webui.keyword.builtin.VerifyTextPresentKeyword$_verifyTextPresent_closure1.doCall(VerifyTextPresentKeyword.groovy:79)
	at com.kms.katalon.core.webui.keyword.builtin.VerifyTextPresentKeyword$_verifyTextPresent_closure1.call(VerifyTextPresentKeyword.groovy)
	at com.kms.katalon.core.webui.keyword.internal.WebUIKeywordMain.runKeyword(WebUIKeywordMain.groovy:20)
	at com.kms.katalon.core.webui.keyword.builtin.VerifyTextPresentKeyword.verifyTextPresent(VerifyTextPresentKeyword.groovy:83)
	at com.kms.katalon.core.webui.keyword.builtin.VerifyTextPresentKeyword.execute(VerifyTextPresentKeyword.groovy:68)
	at com.kms.katalon.core.keyword.internal.KeywordExecutor.executeKeywordForPlatform(KeywordExecutor.groovy:74)
	at com.kms.katalon.core.webui.keyword.WebUiBuiltInKeywords.verifyTextPresent(WebUiBuiltInKeywords.groovy:1723)
	at com.kms.katalon.core.webui.keyword.WebUiBuiltInKeywords$verifyTextPresent$4.call(Unknown Source)
	at Sale_TP_AllCF_Generic_Payment_TC.run(Sale_TP_AllCF_Generic_Payment_TC:146)
	at com.kms.katalon.core.main.ScriptEngine.run(ScriptEngine.java:194)
	at com.kms.katalon.core.main.ScriptEngine.runScriptAsRawText(ScriptEngine.java:119)
	at com.kms.katalon.core.main.TestCaseExecutor.runScript(TestCaseExecutor.java:442)
	at com.kms.katalon.core.main.TestCaseExecutor.doExecute(TestCaseExecutor.java:433)
	at com.kms.katalon.core.main.TestCaseExecutor.processExecutionPhase(TestCaseExecutor.java:412)
	at com.kms.katalon.core.main.TestCaseExecutor.accessMainPhase(TestCaseExecutor.java:404)
	at com.kms.katalon.core.main.TestCaseExecutor.execute(TestCaseExecutor.java:281)
	at com.kms.katalon.core.main.TestSuiteExecutor.accessTestCaseMainPhase(TestSuiteExecutor.java:202)
	at com.kms.katalon.core.main.TestSuiteExecutor.accessTestSuiteMainPhase(TestSuiteExecutor.java:164)
	at com.kms.katalon.core.main.TestSuiteExecutor.execute(TestSuiteExecutor.java:105)
	at com.kms.katalon.core.main.TestCaseMain.startTestSuite(TestCaseMain.java:185)
	at com.kms.katalon.core.main.TestCaseMain$startTestSuite$0.call(Unknown Source)
	at TempTestSuite1656640997204.run(TempTestSuite1656640997204.groovy:36)
)

2022-06-30 22:07:14 - [TEST_STEP][FAILED] - verifyTextPresent("UDF2", true): Text 'UDF2' is not present on page  using regular expression (Root cause: com.kms.katalon.core.exception.StepFailedException: Text 'UDF2' is not present on page  using regular expression
	at com.kms.katalon.core.webui.keyword.internal.WebUIKeywordMain.stepFailed(WebUIKeywordMain.groovy:64)
	at com.kms.katalon.core.webui.keyword.builtin.VerifyTextPresentKeyword$_verifyTextPresent_closure1.doCall(VerifyTextPresentKeyword.groovy:79)
	at com.kms.katalon.core.webui.keyword.builtin.VerifyTextPresentKeyword$_verifyTextPresent_closure1.call(VerifyTextPresentKeyword.groovy)
	at com.kms.katalon.core.webui.keyword.internal.WebUIKeywordMain.runKeyword(WebUIKeywordMain.groovy:20)
	at com.kms.katalon.core.webui.keyword.builtin.VerifyTextPresentKeyword.verifyTextPresent(VerifyTextPresentKeyword.groovy:83)
	at com.kms.katalon.core.webui.keyword.builtin.VerifyTextPresentKeyword.execute(VerifyTextPresentKeyword.groovy:68)
	at com.kms.katalon.core.keyword.internal.KeywordExecutor.executeKeywordForPlatform(KeywordExecutor.groovy:74)
	at com.kms.katalon.core.webui.keyword.WebUiBuiltInKeywords.verifyTextPresent(WebUiBuiltInKeywords.groovy:1723)
	at com.kms.katalon.core.webui.keyword.WebUiBuiltInKeywords$verifyTextPresent$4.call(Unknown Source)
	at Sale_TP_AllCF_Generic_Payment_TC.run(Sale_TP_AllCF_Generic_Payment_TC:147)
	at com.kms.katalon.core.main.ScriptEngine.run(ScriptEngine.java:194)
	at com.kms.katalon.core.main.ScriptEngine.runScriptAsRawText(ScriptEngine.java:119)
	at com.kms.katalon.core.main.TestCaseExecutor.runScript(TestCaseExecutor.java:442)
	at com.kms.katalon.core.main.TestCaseExecutor.doExecute(TestCaseExecutor.java:433)
	at com.kms.katalon.core.main.TestCaseExecutor.processExecutionPhase(TestCaseExecutor.java:412)
	at com.kms.katalon.core.main.TestCaseExecutor.accessMainPhase(TestCaseExecutor.java:404)
	at com.kms.katalon.core.main.TestCaseExecutor.execute(TestCaseExecutor.java:281)
	at com.kms.katalon.core.main.TestSuiteExecutor.accessTestCaseMainPhase(TestSuiteExecutor.java:202)
	at com.kms.katalon.core.main.TestSuiteExecutor.accessTestSuiteMainPhase(TestSuiteExecutor.java:164)
	at com.kms.katalon.core.main.TestSuiteExecutor.execute(TestSuiteExecutor.java:105)
	at com.kms.katalon.core.main.TestCaseMain.startTestSuite(TestCaseMain.java:185)
	at com.kms.katalon.core.main.TestCaseMain$startTestSuite$0.call(Unknown Source)
	at TempTestSuite1656640997204.run(TempTestSuite1656640997204.groovy:36)
)

2022-06-30 22:07:14 - [MESSAGE][FAILED] - Text 'UDF2' is not present on page  using regular expression (Root cause: com.kms.katalon.core.exception.StepFailedException: Text 'UDF2' is not present on page  using regular expression
	at com.kms.katalon.core.webui.keyword.internal.WebUIKeywordMain.stepFailed(WebUIKeywordMain.groovy:64)
	at com.kms.katalon.core.webui.keyword.builtin.VerifyTextPresentKeyword$_verifyTextPresent_closure1.doCall(VerifyTextPresentKeyword.groovy:79)
	at com.kms.katalon.core.webui.keyword.builtin.VerifyTextPresentKeyword$_verifyTextPresent_closure1.call(VerifyTextPresentKeyword.groovy)
	at com.kms.katalon.core.webui.keyword.internal.WebUIKeywordMain.runKeyword(WebUIKeywordMain.groovy:20)
	at com.kms.katalon.core.webui.keyword.builtin.VerifyTextPresentKeyword.verifyTextPresent(VerifyTextPresentKeyword.groovy:83)
	at com.kms.katalon.core.webui.keyword.builtin.VerifyTextPresentKeyword.execute(VerifyTextPresentKeyword.groovy:68)
	at com.kms.katalon.core.keyword.internal.KeywordExecutor.executeKeywordForPlatform(KeywordExecutor.groovy:74)
	at com.kms.katalon.core.webui.keyword.WebUiBuiltInKeywords.verifyTextPresent(WebUiBuiltInKeywords.groovy:1723)
	at com.kms.katalon.core.webui.keyword.WebUiBuiltInKeywords$verifyTextPresent$4.call(Unknown Source)
	at Sale_TP_AllCF_Generic_Payment_TC.run(Sale_TP_AllCF_Generic_Payment_TC:147)
	at com.kms.katalon.core.main.ScriptEngine.run(ScriptEngine.java:194)
	at com.kms.katalon.core.main.ScriptEngine.runScriptAsRawText(ScriptEngine.java:119)
	at com.kms.katalon.core.main.TestCaseExecutor.runScript(TestCaseExecutor.java:442)
	at com.kms.katalon.core.main.TestCaseExecutor.doExecute(TestCaseExecutor.java:433)
	at com.kms.katalon.core.main.TestCaseExecutor.processExecutionPhase(TestCaseExecutor.java:412)
	at com.kms.katalon.core.main.TestCaseExecutor.accessMainPhase(TestCaseExecutor.java:404)
	at com.kms.katalon.core.main.TestCaseExecutor.execute(TestCaseExecutor.java:281)
	at com.kms.katalon.core.main.TestSuiteExecutor.accessTestCaseMainPhase(TestSuiteExecutor.java:202)
	at com.kms.katalon.core.main.TestSuiteExecutor.accessTestSuiteMainPhase(TestSuiteExecutor.java:164)
	at com.kms.katalon.core.main.TestSuiteExecutor.execute(TestSuiteExecutor.java:105)
	at com.kms.katalon.core.main.TestCaseMain.startTestSuite(TestCaseMain.java:185)
	at com.kms.katalon.core.main.TestCaseMain$startTestSuite$0.call(Unknown Source)
	at TempTestSuite1656640997204.run(TempTestSuite1656640997204.groovy:36)
)

2022-06-30 22:07:14 - [TEST_STEP][FAILED] - verifyTextPresent("UDF3", true): Text 'UDF3' is not present on page  using regular expression (Root cause: com.kms.katalon.core.exception.StepFailedException: Text 'UDF3' is not present on page  using regular expression
	at com.kms.katalon.core.webui.keyword.internal.WebUIKeywordMain.stepFailed(WebUIKeywordMain.groovy:64)
	at com.kms.katalon.core.webui.keyword.builtin.VerifyTextPresentKeyword$_verifyTextPresent_closure1.doCall(VerifyTextPresentKeyword.groovy:79)
	at com.kms.katalon.core.webui.keyword.builtin.VerifyTextPresentKeyword$_verifyTextPresent_closure1.call(VerifyTextPresentKeyword.groovy)
	at com.kms.katalon.core.webui.keyword.internal.WebUIKeywordMain.runKeyword(WebUIKeywordMain.groovy:20)
	at com.kms.katalon.core.webui.keyword.builtin.VerifyTextPresentKeyword.verifyTextPresent(VerifyTextPresentKeyword.groovy:83)
	at com.kms.katalon.core.webui.keyword.builtin.VerifyTextPresentKeyword.execute(VerifyTextPresentKeyword.groovy:68)
	at com.kms.katalon.core.keyword.internal.KeywordExecutor.executeKeywordForPlatform(KeywordExecutor.groovy:74)
	at com.kms.katalon.core.webui.keyword.WebUiBuiltInKeywords.verifyTextPresent(WebUiBuiltInKeywords.groovy:1723)
	at com.kms.katalon.core.webui.keyword.WebUiBuiltInKeywords$verifyTextPresent$4.call(Unknown Source)
	at Sale_TP_AllCF_Generic_Payment_TC.run(Sale_TP_AllCF_Generic_Payment_TC:148)
	at com.kms.katalon.core.main.ScriptEngine.run(ScriptEngine.java:194)
	at com.kms.katalon.core.main.ScriptEngine.runScriptAsRawText(ScriptEngine.java:119)
	at com.kms.katalon.core.main.TestCaseExecutor.runScript(TestCaseExecutor.java:442)
	at com.kms.katalon.core.main.TestCaseExecutor.doExecute(TestCaseExecutor.java:433)
	at com.kms.katalon.core.main.TestCaseExecutor.processExecutionPhase(TestCaseExecutor.java:412)
	at com.kms.katalon.core.main.TestCaseExecutor.accessMainPhase(TestCaseExecutor.java:404)
	at com.kms.katalon.core.main.TestCaseExecutor.execute(TestCaseExecutor.java:281)
	at com.kms.katalon.core.main.TestSuiteExecutor.accessTestCaseMainPhase(TestSuiteExecutor.java:202)
	at com.kms.katalon.core.main.TestSuiteExecutor.accessTestSuiteMainPhase(TestSuiteExecutor.java:164)
	at com.kms.katalon.core.main.TestSuiteExecutor.execute(TestSuiteExecutor.java:105)
	at com.kms.katalon.core.main.TestCaseMain.startTestSuite(TestCaseMain.java:185)
	at com.kms.katalon.core.main.TestCaseMain$startTestSuite$0.call(Unknown Source)
	at TempTestSuite1656640997204.run(TempTestSuite1656640997204.groovy:36)
)

2022-06-30 22:07:14 - [MESSAGE][FAILED] - Text 'UDF3' is not present on page  using regular expression (Root cause: com.kms.katalon.core.exception.StepFailedException: Text 'UDF3' is not present on page  using regular expression
	at com.kms.katalon.core.webui.keyword.internal.WebUIKeywordMain.stepFailed(WebUIKeywordMain.groovy:64)
	at com.kms.katalon.core.webui.keyword.builtin.VerifyTextPresentKeyword$_verifyTextPresent_closure1.doCall(VerifyTextPresentKeyword.groovy:79)
	at com.kms.katalon.core.webui.keyword.builtin.VerifyTextPresentKeyword$_verifyTextPresent_closure1.call(VerifyTextPresentKeyword.groovy)
	at com.kms.katalon.core.webui.keyword.internal.WebUIKeywordMain.runKeyword(WebUIKeywordMain.groovy:20)
	at com.kms.katalon.core.webui.keyword.builtin.VerifyTextPresentKeyword.verifyTextPresent(VerifyTextPresentKeyword.groovy:83)
	at com.kms.katalon.core.webui.keyword.builtin.VerifyTextPresentKeyword.execute(VerifyTextPresentKeyword.groovy:68)
	at com.kms.katalon.core.keyword.internal.KeywordExecutor.executeKeywordForPlatform(KeywordExecutor.groovy:74)
	at com.kms.katalon.core.webui.keyword.WebUiBuiltInKeywords.verifyTextPresent(WebUiBuiltInKeywords.groovy:1723)
	at com.kms.katalon.core.webui.keyword.WebUiBuiltInKeywords$verifyTextPresent$4.call(Unknown Source)
	at Sale_TP_AllCF_Generic_Payment_TC.run(Sale_TP_AllCF_Generic_Payment_TC:148)
	at com.kms.katalon.core.main.ScriptEngine.run(ScriptEngine.java:194)
	at com.kms.katalon.core.main.ScriptEngine.runScriptAsRawText(ScriptEngine.java:119)
	at com.kms.katalon.core.main.TestCaseExecutor.runScript(TestCaseExecutor.java:442)
	at com.kms.katalon.core.main.TestCaseExecutor.doExecute(TestCaseExecutor.java:433)
	at com.kms.katalon.core.main.TestCaseExecutor.processExecutionPhase(TestCaseExecutor.java:412)
	at com.kms.katalon.core.main.TestCaseExecutor.accessMainPhase(TestCaseExecutor.java:404)
	at com.kms.katalon.core.main.TestCaseExecutor.execute(TestCaseExecutor.java:281)
	at com.kms.katalon.core.main.TestSuiteExecutor.accessTestCaseMainPhase(TestSuiteExecutor.java:202)
	at com.kms.katalon.core.main.TestSuiteExecutor.accessTestSuiteMainPhase(TestSuiteExecutor.java:164)
	at com.kms.katalon.core.main.TestSuiteExecutor.execute(TestSuiteExecutor.java:105)
	at com.kms.katalon.core.main.TestCaseMain.startTestSuite(TestCaseMain.java:185)
	at com.kms.katalon.core.main.TestCaseMain$startTestSuite$0.call(Unknown Source)
	at TempTestSuite1656640997204.run(TempTestSuite1656640997204.groovy:36)
)

2022-06-30 22:07:14 - [TEST_STEP][FAILED] - verifyTextPresent("UDF4", true): Text 'UDF4' is not present on page  using regular expression (Root cause: com.kms.katalon.core.exception.StepFailedException: Text 'UDF4' is not present on page  using regular expression
	at com.kms.katalon.core.webui.keyword.internal.WebUIKeywordMain.stepFailed(WebUIKeywordMain.groovy:64)
	at com.kms.katalon.core.webui.keyword.builtin.VerifyTextPresentKeyword$_verifyTextPresent_closure1.doCall(VerifyTextPresentKeyword.groovy:79)
	at com.kms.katalon.core.webui.keyword.builtin.VerifyTextPresentKeyword$_verifyTextPresent_closure1.call(VerifyTextPresentKeyword.groovy)
	at com.kms.katalon.core.webui.keyword.internal.WebUIKeywordMain.runKeyword(WebUIKeywordMain.groovy:20)
	at com.kms.katalon.core.webui.keyword.builtin.VerifyTextPresentKeyword.verifyTextPresent(VerifyTextPresentKeyword.groovy:83)
	at com.kms.katalon.core.webui.keyword.builtin.VerifyTextPresentKeyword.execute(VerifyTextPresentKeyword.groovy:68)
	at com.kms.katalon.core.keyword.internal.KeywordExecutor.executeKeywordForPlatform(KeywordExecutor.groovy:74)
	at com.kms.katalon.core.webui.keyword.WebUiBuiltInKeywords.verifyTextPresent(WebUiBuiltInKeywords.groovy:1723)
	at com.kms.katalon.core.webui.keyword.WebUiBuiltInKeywords$verifyTextPresent$4.call(Unknown Source)
	at Sale_TP_AllCF_Generic_Payment_TC.run(Sale_TP_AllCF_Generic_Payment_TC:149)
	at com.kms.katalon.core.main.ScriptEngine.run(ScriptEngine.java:194)
	at com.kms.katalon.core.main.ScriptEngine.runScriptAsRawText(ScriptEngine.java:119)
	at com.kms.katalon.core.main.TestCaseExecutor.runScript(TestCaseExecutor.java:442)
	at com.kms.katalon.core.main.TestCaseExecutor.doExecute(TestCaseExecutor.java:433)
	at com.kms.katalon.core.main.TestCaseExecutor.processExecutionPhase(TestCaseExecutor.java:412)
	at com.kms.katalon.core.main.TestCaseExecutor.accessMainPhase(TestCaseExecutor.java:404)
	at com.kms.katalon.core.main.TestCaseExecutor.execute(TestCaseExecutor.java:281)
	at com.kms.katalon.core.main.TestSuiteExecutor.accessTestCaseMainPhase(TestSuiteExecutor.java:202)
	at com.kms.katalon.core.main.TestSuiteExecutor.accessTestSuiteMainPhase(TestSuiteExecutor.java:164)
	at com.kms.katalon.core.main.TestSuiteExecutor.execute(TestSuiteExecutor.java:105)
	at com.kms.katalon.core.main.TestCaseMain.startTestSuite(TestCaseMain.java:185)
	at com.kms.katalon.core.main.TestCaseMain$startTestSuite$0.call(Unknown Source)
	at TempTestSuite1656640997204.run(TempTestSuite1656640997204.groovy:36)
)

2022-06-30 22:07:14 - [MESSAGE][FAILED] - Text 'UDF4' is not present on page  using regular expression (Root cause: com.kms.katalon.core.exception.StepFailedException: Text 'UDF4' is not present on page  using regular expression
	at com.kms.katalon.core.webui.keyword.internal.WebUIKeywordMain.stepFailed(WebUIKeywordMain.groovy:64)
	at com.kms.katalon.core.webui.keyword.builtin.VerifyTextPresentKeyword$_verifyTextPresent_closure1.doCall(VerifyTextPresentKeyword.groovy:79)
	at com.kms.katalon.core.webui.keyword.builtin.VerifyTextPresentKeyword$_verifyTextPresent_closure1.call(VerifyTextPresentKeyword.groovy)
	at com.kms.katalon.core.webui.keyword.internal.WebUIKeywordMain.runKeyword(WebUIKeywordMain.groovy:20)
	at com.kms.katalon.core.webui.keyword.builtin.VerifyTextPresentKeyword.verifyTextPresent(VerifyTextPresentKeyword.groovy:83)
	at com.kms.katalon.core.webui.keyword.builtin.VerifyTextPresentKeyword.execute(VerifyTextPresentKeyword.groovy:68)
	at com.kms.katalon.core.keyword.internal.KeywordExecutor.executeKeywordForPlatform(KeywordExecutor.groovy:74)
	at com.kms.katalon.core.webui.keyword.WebUiBuiltInKeywords.verifyTextPresent(WebUiBuiltInKeywords.groovy:1723)
	at com.kms.katalon.core.webui.keyword.WebUiBuiltInKeywords$verifyTextPresent$4.call(Unknown Source)
	at Sale_TP_AllCF_Generic_Payment_TC.run(Sale_TP_AllCF_Generic_Payment_TC:149)
	at com.kms.katalon.core.main.ScriptEngine.run(ScriptEngine.java:194)
	at com.kms.katalon.core.main.ScriptEngine.runScriptAsRawText(ScriptEngine.java:119)
	at com.kms.katalon.core.main.TestCaseExecutor.runScript(TestCaseExecutor.java:442)
	at com.kms.katalon.core.main.TestCaseExecutor.doExecute(TestCaseExecutor.java:433)
	at com.kms.katalon.core.main.TestCaseExecutor.processExecutionPhase(TestCaseExecutor.java:412)
	at com.kms.katalon.core.main.TestCaseExecutor.accessMainPhase(TestCaseExecutor.java:404)
	at com.kms.katalon.core.main.TestCaseExecutor.execute(TestCaseExecutor.java:281)
	at com.kms.katalon.core.main.TestSuiteExecutor.accessTestCaseMainPhase(TestSuiteExecutor.java:202)
	at com.kms.katalon.core.main.TestSuiteExecutor.accessTestSuiteMainPhase(TestSuiteExecutor.java:164)
	at com.kms.katalon.core.main.TestSuiteExecutor.execute(TestSuiteExecutor.java:105)
	at com.kms.katalon.core.main.TestCaseMain.startTestSuite(TestCaseMain.java:185)
	at com.kms.katalon.core.main.TestCaseMain$startTestSuite$0.call(Unknown Source)
	at TempTestSuite1656640997204.run(TempTestSuite1656640997204.groovy:36)
)

2022-06-30 22:07:14 - [TEST_STEP][FAILED] - verifyTextPresent("UDF5", true): Text 'UDF5' is not present on page  using regular expression (Root cause: com.kms.katalon.core.exception.StepFailedException: Text 'UDF5' is not present on page  using regular expression
	at com.kms.katalon.core.webui.keyword.internal.WebUIKeywordMain.stepFailed(WebUIKeywordMain.groovy:64)
	at com.kms.katalon.core.webui.keyword.builtin.VerifyTextPresentKeyword$_verifyTextPresent_closure1.doCall(VerifyTextPresentKeyword.groovy:79)
	at com.kms.katalon.core.webui.keyword.builtin.VerifyTextPresentKeyword$_verifyTextPresent_closure1.call(VerifyTextPresentKeyword.groovy)
	at com.kms.katalon.core.webui.keyword.internal.WebUIKeywordMain.runKeyword(WebUIKeywordMain.groovy:20)
	at com.kms.katalon.core.webui.keyword.builtin.VerifyTextPresentKeyword.verifyTextPresent(VerifyTextPresentKeyword.groovy:83)
	at com.kms.katalon.core.webui.keyword.builtin.VerifyTextPresentKeyword.execute(VerifyTextPresentKeyword.groovy:68)
	at com.kms.katalon.core.keyword.internal.KeywordExecutor.executeKeywordForPlatform(KeywordExecutor.groovy:74)
	at com.kms.katalon.core.webui.keyword.WebUiBuiltInKeywords.verifyTextPresent(WebUiBuiltInKeywords.groovy:1723)
	at com.kms.katalon.core.webui.keyword.WebUiBuiltInKeywords$verifyTextPresent$4.call(Unknown Source)
	at Sale_TP_AllCF_Generic_Payment_TC.run(Sale_TP_AllCF_Generic_Payment_TC:150)
	at com.kms.katalon.core.main.ScriptEngine.run(ScriptEngine.java:194)
	at com.kms.katalon.core.main.ScriptEngine.runScriptAsRawText(ScriptEngine.java:119)
	at com.kms.katalon.core.main.TestCaseExecutor.runScript(TestCaseExecutor.java:442)
	at com.kms.katalon.core.main.TestCaseExecutor.doExecute(TestCaseExecutor.java:433)
	at com.kms.katalon.core.main.TestCaseExecutor.processExecutionPhase(TestCaseExecutor.java:412)
	at com.kms.katalon.core.main.TestCaseExecutor.accessMainPhase(TestCaseExecutor.java:404)
	at com.kms.katalon.core.main.TestCaseExecutor.execute(TestCaseExecutor.java:281)
	at com.kms.katalon.core.main.TestSuiteExecutor.accessTestCaseMainPhase(TestSuiteExecutor.java:202)
	at com.kms.katalon.core.main.TestSuiteExecutor.accessTestSuiteMainPhase(TestSuiteExecutor.java:164)
	at com.kms.katalon.core.main.TestSuiteExecutor.execute(TestSuiteExecutor.java:105)
	at com.kms.katalon.core.main.TestCaseMain.startTestSuite(TestCaseMain.java:185)
	at com.kms.katalon.core.main.TestCaseMain$startTestSuite$0.call(Unknown Source)
	at TempTestSuite1656640997204.run(TempTestSuite1656640997204.groovy:36)
)

2022-06-30 22:07:14 - [MESSAGE][FAILED] - Text 'UDF5' is not present on page  using regular expression (Root cause: com.kms.katalon.core.exception.StepFailedException: Text 'UDF5' is not present on page  using regular expression
	at com.kms.katalon.core.webui.keyword.internal.WebUIKeywordMain.stepFailed(WebUIKeywordMain.groovy:64)
	at com.kms.katalon.core.webui.keyword.builtin.VerifyTextPresentKeyword$_verifyTextPresent_closure1.doCall(VerifyTextPresentKeyword.groovy:79)
	at com.kms.katalon.core.webui.keyword.builtin.VerifyTextPresentKeyword$_verifyTextPresent_closure1.call(VerifyTextPresentKeyword.groovy)
	at com.kms.katalon.core.webui.keyword.internal.WebUIKeywordMain.runKeyword(WebUIKeywordMain.groovy:20)
	at com.kms.katalon.core.webui.keyword.builtin.VerifyTextPresentKeyword.verifyTextPresent(VerifyTextPresentKeyword.groovy:83)
	at com.kms.katalon.core.webui.keyword.builtin.VerifyTextPresentKeyword.execute(VerifyTextPresentKeyword.groovy:68)
	at com.kms.katalon.core.keyword.internal.KeywordExecutor.executeKeywordForPlatform(KeywordExecutor.groovy:74)
	at com.kms.katalon.core.webui.keyword.WebUiBuiltInKeywords.verifyTextPresent(WebUiBuiltInKeywords.groovy:1723)
	at com.kms.katalon.core.webui.keyword.WebUiBuiltInKeywords$verifyTextPresent$4.call(Unknown Source)
	at Sale_TP_AllCF_Generic_Payment_TC.run(Sale_TP_AllCF_Generic_Payment_TC:150)
	at com.kms.katalon.core.main.ScriptEngine.run(ScriptEngine.java:194)
	at com.kms.katalon.core.main.ScriptEngine.runScriptAsRawText(ScriptEngine.java:119)
	at com.kms.katalon.core.main.TestCaseExecutor.runScript(TestCaseExecutor.java:442)
	at com.kms.katalon.core.main.TestCaseExecutor.doExecute(TestCaseExecutor.java:433)
	at com.kms.katalon.core.main.TestCaseExecutor.processExecutionPhase(TestCaseExecutor.java:412)
	at com.kms.katalon.core.main.TestCaseExecutor.accessMainPhase(TestCaseExecutor.java:404)
	at com.kms.katalon.core.main.TestCaseExecutor.execute(TestCaseExecutor.java:281)
	at com.kms.katalon.core.main.TestSuiteExecutor.accessTestCaseMainPhase(TestSuiteExecutor.java:202)
	at com.kms.katalon.core.main.TestSuiteExecutor.accessTestSuiteMainPhase(TestSuiteExecutor.java:164)
	at com.kms.katalon.core.main.TestSuiteExecutor.execute(TestSuiteExecutor.java:105)
	at com.kms.katalon.core.main.TestCaseMain.startTestSuite(TestCaseMain.java:185)
	at com.kms.katalon.core.main.TestCaseMain$startTestSuite$0.call(Unknown Source)
	at TempTestSuite1656640997204.run(TempTestSuite1656640997204.groovy:36)
)

2022-06-30 22:07:14 - [TEST_STEP][FAILED] - verifyTextPresent("UDF6", true): Text 'UDF6' is not present on page  using regular expression (Root cause: com.kms.katalon.core.exception.StepFailedException: Text 'UDF6' is not present on page  using regular expression
	at com.kms.katalon.core.webui.keyword.internal.WebUIKeywordMain.stepFailed(WebUIKeywordMain.groovy:64)
	at com.kms.katalon.core.webui.keyword.builtin.VerifyTextPresentKeyword$_verifyTextPresent_closure1.doCall(VerifyTextPresentKeyword.groovy:79)
	at com.kms.katalon.core.webui.keyword.builtin.VerifyTextPresentKeyword$_verifyTextPresent_closure1.call(VerifyTextPresentKeyword.groovy)
	at com.kms.katalon.core.webui.keyword.internal.WebUIKeywordMain.runKeyword(WebUIKeywordMain.groovy:20)
	at com.kms.katalon.core.webui.keyword.builtin.VerifyTextPresentKeyword.verifyTextPresent(VerifyTextPresentKeyword.groovy:83)
	at com.kms.katalon.core.webui.keyword.builtin.VerifyTextPresentKeyword.execute(VerifyTextPresentKeyword.groovy:68)
	at com.kms.katalon.core.keyword.internal.KeywordExecutor.executeKeywordForPlatform(KeywordExecutor.groovy:74)
	at com.kms.katalon.core.webui.keyword.WebUiBuiltInKeywords.verifyTextPresent(WebUiBuiltInKeywords.groovy:1723)
	at com.kms.katalon.core.webui.keyword.WebUiBuiltInKeywords$verifyTextPresent$4.call(Unknown Source)
	at Sale_TP_AllCF_Generic_Payment_TC.run(Sale_TP_AllCF_Generic_Payment_TC:151)
	at com.kms.katalon.core.main.ScriptEngine.run(ScriptEngine.java:194)
	at com.kms.katalon.core.main.ScriptEngine.runScriptAsRawText(ScriptEngine.java:119)
	at com.kms.katalon.core.main.TestCaseExecutor.runScript(TestCaseExecutor.java:442)
	at com.kms.katalon.core.main.TestCaseExecutor.doExecute(TestCaseExecutor.java:433)
	at com.kms.katalon.core.main.TestCaseExecutor.processExecutionPhase(TestCaseExecutor.java:412)
	at com.kms.katalon.core.main.TestCaseExecutor.accessMainPhase(TestCaseExecutor.java:404)
	at com.kms.katalon.core.main.TestCaseExecutor.execute(TestCaseExecutor.java:281)
	at com.kms.katalon.core.main.TestSuiteExecutor.accessTestCaseMainPhase(TestSuiteExecutor.java:202)
	at com.kms.katalon.core.main.TestSuiteExecutor.accessTestSuiteMainPhase(TestSuiteExecutor.java:164)
	at com.kms.katalon.core.main.TestSuiteExecutor.execute(TestSuiteExecutor.java:105)
	at com.kms.katalon.core.main.TestCaseMain.startTestSuite(TestCaseMain.java:185)
	at com.kms.katalon.core.main.TestCaseMain$startTestSuite$0.call(Unknown Source)
	at TempTestSuite1656640997204.run(TempTestSuite1656640997204.groovy:36)
)

2022-06-30 22:07:14 - [MESSAGE][FAILED] - Text 'UDF6' is not present on page  using regular expression (Root cause: com.kms.katalon.core.exception.StepFailedException: Text 'UDF6' is not present on page  using regular expression
	at com.kms.katalon.core.webui.keyword.internal.WebUIKeywordMain.stepFailed(WebUIKeywordMain.groovy:64)
	at com.kms.katalon.core.webui.keyword.builtin.VerifyTextPresentKeyword$_verifyTextPresent_closure1.doCall(VerifyTextPresentKeyword.groovy:79)
	at com.kms.katalon.core.webui.keyword.builtin.VerifyTextPresentKeyword$_verifyTextPresent_closure1.call(VerifyTextPresentKeyword.groovy)
	at com.kms.katalon.core.webui.keyword.internal.WebUIKeywordMain.runKeyword(WebUIKeywordMain.groovy:20)
	at com.kms.katalon.core.webui.keyword.builtin.VerifyTextPresentKeyword.verifyTextPresent(VerifyTextPresentKeyword.groovy:83)
	at com.kms.katalon.core.webui.keyword.builtin.VerifyTextPresentKeyword.execute(VerifyTextPresentKeyword.groovy:68)
	at com.kms.katalon.core.keyword.internal.KeywordExecutor.executeKeywordForPlatform(KeywordExecutor.groovy:74)
	at com.kms.katalon.core.webui.keyword.WebUiBuiltInKeywords.verifyTextPresent(WebUiBuiltInKeywords.groovy:1723)
	at com.kms.katalon.core.webui.keyword.WebUiBuiltInKeywords$verifyTextPresent$4.call(Unknown Source)
	at Sale_TP_AllCF_Generic_Payment_TC.run(Sale_TP_AllCF_Generic_Payment_TC:151)
	at com.kms.katalon.core.main.ScriptEngine.run(ScriptEngine.java:194)
	at com.kms.katalon.core.main.ScriptEngine.runScriptAsRawText(ScriptEngine.java:119)
	at com.kms.katalon.core.main.TestCaseExecutor.runScript(TestCaseExecutor.java:442)
	at com.kms.katalon.core.main.TestCaseExecutor.doExecute(TestCaseExecutor.java:433)
	at com.kms.katalon.core.main.TestCaseExecutor.processExecutionPhase(TestCaseExecutor.java:412)
	at com.kms.katalon.core.main.TestCaseExecutor.accessMainPhase(TestCaseExecutor.java:404)
	at com.kms.katalon.core.main.TestCaseExecutor.execute(TestCaseExecutor.java:281)
	at com.kms.katalon.core.main.TestSuiteExecutor.accessTestCaseMainPhase(TestSuiteExecutor.java:202)
	at com.kms.katalon.core.main.TestSuiteExecutor.accessTestSuiteMainPhase(TestSuiteExecutor.java:164)
	at com.kms.katalon.core.main.TestSuiteExecutor.execute(TestSuiteExecutor.java:105)
	at com.kms.katalon.core.main.TestCaseMain.startTestSuite(TestCaseMain.java:185)
	at com.kms.katalon.core.main.TestCaseMain$startTestSuite$0.call(Unknown Source)
	at TempTestSuite1656640997204.run(TempTestSuite1656640997204.groovy:36)
)

2022-06-30 22:07:14 - [TEST_STEP][FAILED] - verifyTextPresent("UDF7", true): Text 'UDF7' is not present on page  using regular expression (Root cause: com.kms.katalon.core.exception.StepFailedException: Text 'UDF7' is not present on page  using regular expression
	at com.kms.katalon.core.webui.keyword.internal.WebUIKeywordMain.stepFailed(WebUIKeywordMain.groovy:64)
	at com.kms.katalon.core.webui.keyword.builtin.VerifyTextPresentKeyword$_verifyTextPresent_closure1.doCall(VerifyTextPresentKeyword.groovy:79)
	at com.kms.katalon.core.webui.keyword.builtin.VerifyTextPresentKeyword$_verifyTextPresent_closure1.call(VerifyTextPresentKeyword.groovy)
	at com.kms.katalon.core.webui.keyword.internal.WebUIKeywordMain.runKeyword(WebUIKeywordMain.groovy:20)
	at com.kms.katalon.core.webui.keyword.builtin.VerifyTextPresentKeyword.verifyTextPresent(VerifyTextPresentKeyword.groovy:83)
	at com.kms.katalon.core.webui.keyword.builtin.VerifyTextPresentKeyword.execute(VerifyTextPresentKeyword.groovy:68)
	at com.kms.katalon.core.keyword.internal.KeywordExecutor.executeKeywordForPlatform(KeywordExecutor.groovy:74)
	at com.kms.katalon.core.webui.keyword.WebUiBuiltInKeywords.verifyTextPresent(WebUiBuiltInKeywords.groovy:1723)
	at com.kms.katalon.core.webui.keyword.WebUiBuiltInKeywords$verifyTextPresent$4.call(Unknown Source)
	at Sale_TP_AllCF_Generic_Payment_TC.run(Sale_TP_AllCF_Generic_Payment_TC:152)
	at com.kms.katalon.core.main.ScriptEngine.run(ScriptEngine.java:194)
	at com.kms.katalon.core.main.ScriptEngine.runScriptAsRawText(ScriptEngine.java:119)
	at com.kms.katalon.core.main.TestCaseExecutor.runScript(TestCaseExecutor.java:442)
	at com.kms.katalon.core.main.TestCaseExecutor.doExecute(TestCaseExecutor.java:433)
	at com.kms.katalon.core.main.TestCaseExecutor.processExecutionPhase(TestCaseExecutor.java:412)
	at com.kms.katalon.core.main.TestCaseExecutor.accessMainPhase(TestCaseExecutor.java:404)
	at com.kms.katalon.core.main.TestCaseExecutor.execute(TestCaseExecutor.java:281)
	at com.kms.katalon.core.main.TestSuiteExecutor.accessTestCaseMainPhase(TestSuiteExecutor.java:202)
	at com.kms.katalon.core.main.TestSuiteExecutor.accessTestSuiteMainPhase(TestSuiteExecutor.java:164)
	at com.kms.katalon.core.main.TestSuiteExecutor.execute(TestSuiteExecutor.java:105)
	at com.kms.katalon.core.main.TestCaseMain.startTestSuite(TestCaseMain.java:185)
	at com.kms.katalon.core.main.TestCaseMain$startTestSuite$0.call(Unknown Source)
	at TempTestSuite1656640997204.run(TempTestSuite1656640997204.groovy:36)
)

2022-06-30 22:07:14 - [MESSAGE][FAILED] - Text 'UDF7' is not present on page  using regular expression (Root cause: com.kms.katalon.core.exception.StepFailedException: Text 'UDF7' is not present on page  using regular expression
	at com.kms.katalon.core.webui.keyword.internal.WebUIKeywordMain.stepFailed(WebUIKeywordMain.groovy:64)
	at com.kms.katalon.core.webui.keyword.builtin.VerifyTextPresentKeyword$_verifyTextPresent_closure1.doCall(VerifyTextPresentKeyword.groovy:79)
	at com.kms.katalon.core.webui.keyword.builtin.VerifyTextPresentKeyword$_verifyTextPresent_closure1.call(VerifyTextPresentKeyword.groovy)
	at com.kms.katalon.core.webui.keyword.internal.WebUIKeywordMain.runKeyword(WebUIKeywordMain.groovy:20)
	at com.kms.katalon.core.webui.keyword.builtin.VerifyTextPresentKeyword.verifyTextPresent(VerifyTextPresentKeyword.groovy:83)
	at com.kms.katalon.core.webui.keyword.builtin.VerifyTextPresentKeyword.execute(VerifyTextPresentKeyword.groovy:68)
	at com.kms.katalon.core.keyword.internal.KeywordExecutor.executeKeywordForPlatform(KeywordExecutor.groovy:74)
	at com.kms.katalon.core.webui.keyword.WebUiBuiltInKeywords.verifyTextPresent(WebUiBuiltInKeywords.groovy:1723)
	at com.kms.katalon.core.webui.keyword.WebUiBuiltInKeywords$verifyTextPresent$4.call(Unknown Source)
	at Sale_TP_AllCF_Generic_Payment_TC.run(Sale_TP_AllCF_Generic_Payment_TC:152)
	at com.kms.katalon.core.main.ScriptEngine.run(ScriptEngine.java:194)
	at com.kms.katalon.core.main.ScriptEngine.runScriptAsRawText(ScriptEngine.java:119)
	at com.kms.katalon.core.main.TestCaseExecutor.runScript(TestCaseExecutor.java:442)
	at com.kms.katalon.core.main.TestCaseExecutor.doExecute(TestCaseExecutor.java:433)
	at com.kms.katalon.core.main.TestCaseExecutor.processExecutionPhase(TestCaseExecutor.java:412)
	at com.kms.katalon.core.main.TestCaseExecutor.accessMainPhase(TestCaseExecutor.java:404)
	at com.kms.katalon.core.main.TestCaseExecutor.execute(TestCaseExecutor.java:281)
	at com.kms.katalon.core.main.TestSuiteExecutor.accessTestCaseMainPhase(TestSuiteExecutor.java:202)
	at com.kms.katalon.core.main.TestSuiteExecutor.accessTestSuiteMainPhase(TestSuiteExecutor.java:164)
	at com.kms.katalon.core.main.TestSuiteExecutor.execute(TestSuiteExecutor.java:105)
	at com.kms.katalon.core.main.TestCaseMain.startTestSuite(TestCaseMain.java:185)
	at com.kms.katalon.core.main.TestCaseMain$startTestSuite$0.call(Unknown Source)
	at TempTestSuite1656640997204.run(TempTestSuite1656640997204.groovy:36)
)

2022-06-30 22:07:14 - [TEST_STEP][FAILED] - verifyTextPresent("UDF8", true): Text 'UDF8' is not present on page  using regular expression (Root cause: com.kms.katalon.core.exception.StepFailedException: Text 'UDF8' is not present on page  using regular expression
	at com.kms.katalon.core.webui.keyword.internal.WebUIKeywordMain.stepFailed(WebUIKeywordMain.groovy:64)
	at com.kms.katalon.core.webui.keyword.builtin.VerifyTextPresentKeyword$_verifyTextPresent_closure1.doCall(VerifyTextPresentKeyword.groovy:79)
	at com.kms.katalon.core.webui.keyword.builtin.VerifyTextPresentKeyword$_verifyTextPresent_closure1.call(VerifyTextPresentKeyword.groovy)
	at com.kms.katalon.core.webui.keyword.internal.WebUIKeywordMain.runKeyword(WebUIKeywordMain.groovy:20)
	at com.kms.katalon.core.webui.keyword.builtin.VerifyTextPresentKeyword.verifyTextPresent(VerifyTextPresentKeyword.groovy:83)
	at com.kms.katalon.core.webui.keyword.builtin.VerifyTextPresentKeyword.execute(VerifyTextPresentKeyword.groovy:68)
	at com.kms.katalon.core.keyword.internal.KeywordExecutor.executeKeywordForPlatform(KeywordExecutor.groovy:74)
	at com.kms.katalon.core.webui.keyword.WebUiBuiltInKeywords.verifyTextPresent(WebUiBuiltInKeywords.groovy:1723)
	at com.kms.katalon.core.webui.keyword.WebUiBuiltInKeywords$verifyTextPresent$4.call(Unknown Source)
	at Sale_TP_AllCF_Generic_Payment_TC.run(Sale_TP_AllCF_Generic_Payment_TC:153)
	at com.kms.katalon.core.main.ScriptEngine.run(ScriptEngine.java:194)
	at com.kms.katalon.core.main.ScriptEngine.runScriptAsRawText(ScriptEngine.java:119)
	at com.kms.katalon.core.main.TestCaseExecutor.runScript(TestCaseExecutor.java:442)
	at com.kms.katalon.core.main.TestCaseExecutor.doExecute(TestCaseExecutor.java:433)
	at com.kms.katalon.core.main.TestCaseExecutor.processExecutionPhase(TestCaseExecutor.java:412)
	at com.kms.katalon.core.main.TestCaseExecutor.accessMainPhase(TestCaseExecutor.java:404)
	at com.kms.katalon.core.main.TestCaseExecutor.execute(TestCaseExecutor.java:281)
	at com.kms.katalon.core.main.TestSuiteExecutor.accessTestCaseMainPhase(TestSuiteExecutor.java:202)
	at com.kms.katalon.core.main.TestSuiteExecutor.accessTestSuiteMainPhase(TestSuiteExecutor.java:164)
	at com.kms.katalon.core.main.TestSuiteExecutor.execute(TestSuiteExecutor.java:105)
	at com.kms.katalon.core.main.TestCaseMain.startTestSuite(TestCaseMain.java:185)
	at com.kms.katalon.core.main.TestCaseMain$startTestSuite$0.call(Unknown Source)
	at TempTestSuite1656640997204.run(TempTestSuite1656640997204.groovy:36)
)

2022-06-30 22:07:14 - [MESSAGE][FAILED] - Text 'UDF8' is not present on page  using regular expression (Root cause: com.kms.katalon.core.exception.StepFailedException: Text 'UDF8' is not present on page  using regular expression
	at com.kms.katalon.core.webui.keyword.internal.WebUIKeywordMain.stepFailed(WebUIKeywordMain.groovy:64)
	at com.kms.katalon.core.webui.keyword.builtin.VerifyTextPresentKeyword$_verifyTextPresent_closure1.doCall(VerifyTextPresentKeyword.groovy:79)
	at com.kms.katalon.core.webui.keyword.builtin.VerifyTextPresentKeyword$_verifyTextPresent_closure1.call(VerifyTextPresentKeyword.groovy)
	at com.kms.katalon.core.webui.keyword.internal.WebUIKeywordMain.runKeyword(WebUIKeywordMain.groovy:20)
	at com.kms.katalon.core.webui.keyword.builtin.VerifyTextPresentKeyword.verifyTextPresent(VerifyTextPresentKeyword.groovy:83)
	at com.kms.katalon.core.webui.keyword.builtin.VerifyTextPresentKeyword.execute(VerifyTextPresentKeyword.groovy:68)
	at com.kms.katalon.core.keyword.internal.KeywordExecutor.executeKeywordForPlatform(KeywordExecutor.groovy:74)
	at com.kms.katalon.core.webui.keyword.WebUiBuiltInKeywords.verifyTextPresent(WebUiBuiltInKeywords.groovy:1723)
	at com.kms.katalon.core.webui.keyword.WebUiBuiltInKeywords$verifyTextPresent$4.call(Unknown Source)
	at Sale_TP_AllCF_Generic_Payment_TC.run(Sale_TP_AllCF_Generic_Payment_TC:153)
	at com.kms.katalon.core.main.ScriptEngine.run(ScriptEngine.java:194)
	at com.kms.katalon.core.main.ScriptEngine.runScriptAsRawText(ScriptEngine.java:119)
	at com.kms.katalon.core.main.TestCaseExecutor.runScript(TestCaseExecutor.java:442)
	at com.kms.katalon.core.main.TestCaseExecutor.doExecute(TestCaseExecutor.java:433)
	at com.kms.katalon.core.main.TestCaseExecutor.processExecutionPhase(TestCaseExecutor.java:412)
	at com.kms.katalon.core.main.TestCaseExecutor.accessMainPhase(TestCaseExecutor.java:404)
	at com.kms.katalon.core.main.TestCaseExecutor.execute(TestCaseExecutor.java:281)
	at com.kms.katalon.core.main.TestSuiteExecutor.accessTestCaseMainPhase(TestSuiteExecutor.java:202)
	at com.kms.katalon.core.main.TestSuiteExecutor.accessTestSuiteMainPhase(TestSuiteExecutor.java:164)
	at com.kms.katalon.core.main.TestSuiteExecutor.execute(TestSuiteExecutor.java:105)
	at com.kms.katalon.core.main.TestCaseMain.startTestSuite(TestCaseMain.java:185)
	at com.kms.katalon.core.main.TestCaseMain$startTestSuite$0.call(Unknown Source)
	at TempTestSuite1656640997204.run(TempTestSuite1656640997204.groovy:36)
)

2022-06-30 22:07:14 - [TEST_STEP][FAILED] - verifyTextPresent("UDF9", true): Text 'UDF9' is not present on page  using regular expression (Root cause: com.kms.katalon.core.exception.StepFailedException: Text 'UDF9' is not present on page  using regular expression
	at com.kms.katalon.core.webui.keyword.internal.WebUIKeywordMain.stepFailed(WebUIKeywordMain.groovy:64)
	at com.kms.katalon.core.webui.keyword.builtin.VerifyTextPresentKeyword$_verifyTextPresent_closure1.doCall(VerifyTextPresentKeyword.groovy:79)
	at com.kms.katalon.core.webui.keyword.builtin.VerifyTextPresentKeyword$_verifyTextPresent_closure1.call(VerifyTextPresentKeyword.groovy)
	at com.kms.katalon.core.webui.keyword.internal.WebUIKeywordMain.runKeyword(WebUIKeywordMain.groovy:20)
	at com.kms.katalon.core.webui.keyword.builtin.VerifyTextPresentKeyword.verifyTextPresent(VerifyTextPresentKeyword.groovy:83)
	at com.kms.katalon.core.webui.keyword.builtin.VerifyTextPresentKeyword.execute(VerifyTextPresentKeyword.groovy:68)
	at com.kms.katalon.core.keyword.internal.KeywordExecutor.executeKeywordForPlatform(KeywordExecutor.groovy:74)
	at com.kms.katalon.core.webui.keyword.WebUiBuiltInKeywords.verifyTextPresent(WebUiBuiltInKeywords.groovy:1723)
	at com.kms.katalon.core.webui.keyword.WebUiBuiltInKeywords$verifyTextPresent$4.call(Unknown Source)
	at Sale_TP_AllCF_Generic_Payment_TC.run(Sale_TP_AllCF_Generic_Payment_TC:154)
	at com.kms.katalon.core.main.ScriptEngine.run(ScriptEngine.java:194)
	at com.kms.katalon.core.main.ScriptEngine.runScriptAsRawText(ScriptEngine.java:119)
	at com.kms.katalon.core.main.TestCaseExecutor.runScript(TestCaseExecutor.java:442)
	at com.kms.katalon.core.main.TestCaseExecutor.doExecute(TestCaseExecutor.java:433)
	at com.kms.katalon.core.main.TestCaseExecutor.processExecutionPhase(TestCaseExecutor.java:412)
	at com.kms.katalon.core.main.TestCaseExecutor.accessMainPhase(TestCaseExecutor.java:404)
	at com.kms.katalon.core.main.TestCaseExecutor.execute(TestCaseExecutor.java:281)
	at com.kms.katalon.core.main.TestSuiteExecutor.accessTestCaseMainPhase(TestSuiteExecutor.java:202)
	at com.kms.katalon.core.main.TestSuiteExecutor.accessTestSuiteMainPhase(TestSuiteExecutor.java:164)
	at com.kms.katalon.core.main.TestSuiteExecutor.execute(TestSuiteExecutor.java:105)
	at com.kms.katalon.core.main.TestCaseMain.startTestSuite(TestCaseMain.java:185)
	at com.kms.katalon.core.main.TestCaseMain$startTestSuite$0.call(Unknown Source)
	at TempTestSuite1656640997204.run(TempTestSuite1656640997204.groovy:36)
)

2022-06-30 22:07:14 - [MESSAGE][FAILED] - Text 'UDF9' is not present on page  using regular expression (Root cause: com.kms.katalon.core.exception.StepFailedException: Text 'UDF9' is not present on page  using regular expression
	at com.kms.katalon.core.webui.keyword.internal.WebUIKeywordMain.stepFailed(WebUIKeywordMain.groovy:64)
	at com.kms.katalon.core.webui.keyword.builtin.VerifyTextPresentKeyword$_verifyTextPresent_closure1.doCall(VerifyTextPresentKeyword.groovy:79)
	at com.kms.katalon.core.webui.keyword.builtin.VerifyTextPresentKeyword$_verifyTextPresent_closure1.call(VerifyTextPresentKeyword.groovy)
	at com.kms.katalon.core.webui.keyword.internal.WebUIKeywordMain.runKeyword(WebUIKeywordMain.groovy:20)
	at com.kms.katalon.core.webui.keyword.builtin.VerifyTextPresentKeyword.verifyTextPresent(VerifyTextPresentKeyword.groovy:83)
	at com.kms.katalon.core.webui.keyword.builtin.VerifyTextPresentKeyword.execute(VerifyTextPresentKeyword.groovy:68)
	at com.kms.katalon.core.keyword.internal.KeywordExecutor.executeKeywordForPlatform(KeywordExecutor.groovy:74)
	at com.kms.katalon.core.webui.keyword.WebUiBuiltInKeywords.verifyTextPresent(WebUiBuiltInKeywords.groovy:1723)
	at com.kms.katalon.core.webui.keyword.WebUiBuiltInKeywords$verifyTextPresent$4.call(Unknown Source)
	at Sale_TP_AllCF_Generic_Payment_TC.run(Sale_TP_AllCF_Generic_Payment_TC:154)
	at com.kms.katalon.core.main.ScriptEngine.run(ScriptEngine.java:194)
	at com.kms.katalon.core.main.ScriptEngine.runScriptAsRawText(ScriptEngine.java:119)
	at com.kms.katalon.core.main.TestCaseExecutor.runScript(TestCaseExecutor.java:442)
	at com.kms.katalon.core.main.TestCaseExecutor.doExecute(TestCaseExecutor.java:433)
	at com.kms.katalon.core.main.TestCaseExecutor.processExecutionPhase(TestCaseExecutor.java:412)
	at com.kms.katalon.core.main.TestCaseExecutor.accessMainPhase(TestCaseExecutor.java:404)
	at com.kms.katalon.core.main.TestCaseExecutor.execute(TestCaseExecutor.java:281)
	at com.kms.katalon.core.main.TestSuiteExecutor.accessTestCaseMainPhase(TestSuiteExecutor.java:202)
	at com.kms.katalon.core.main.TestSuiteExecutor.accessTestSuiteMainPhase(TestSuiteExecutor.java:164)
	at com.kms.katalon.core.main.TestSuiteExecutor.execute(TestSuiteExecutor.java:105)
	at com.kms.katalon.core.main.TestCaseMain.startTestSuite(TestCaseMain.java:185)
	at com.kms.katalon.core.main.TestCaseMain$startTestSuite$0.call(Unknown Source)
	at TempTestSuite1656640997204.run(TempTestSuite1656640997204.groovy:36)
)

2022-06-30 22:07:14 - [TEST_STEP][FAILED] - verifyTextPresent("UDF 10", true): Text 'UDF 10' is not present on page  using regular expression (Root cause: com.kms.katalon.core.exception.StepFailedException: Text 'UDF 10' is not present on page  using regular expression
	at com.kms.katalon.core.webui.keyword.internal.WebUIKeywordMain.stepFailed(WebUIKeywordMain.groovy:64)
	at com.kms.katalon.core.webui.keyword.builtin.VerifyTextPresentKeyword$_verifyTextPresent_closure1.doCall(VerifyTextPresentKeyword.groovy:79)
	at com.kms.katalon.core.webui.keyword.builtin.VerifyTextPresentKeyword$_verifyTextPresent_closure1.call(VerifyTextPresentKeyword.groovy)
	at com.kms.katalon.core.webui.keyword.internal.WebUIKeywordMain.runKeyword(WebUIKeywordMain.groovy:20)
	at com.kms.katalon.core.webui.keyword.builtin.VerifyTextPresentKeyword.verifyTextPresent(VerifyTextPresentKeyword.groovy:83)
	at com.kms.katalon.core.webui.keyword.builtin.VerifyTextPresentKeyword.execute(VerifyTextPresentKeyword.groovy:68)
	at com.kms.katalon.core.keyword.internal.KeywordExecutor.executeKeywordForPlatform(KeywordExecutor.groovy:74)
	at com.kms.katalon.core.webui.keyword.WebUiBuiltInKeywords.verifyTextPresent(WebUiBuiltInKeywords.groovy:1723)
	at com.kms.katalon.core.webui.keyword.WebUiBuiltInKeywords$verifyTextPresent$4.call(Unknown Source)
	at Sale_TP_AllCF_Generic_Payment_TC.run(Sale_TP_AllCF_Generic_Payment_TC:155)
	at com.kms.katalon.core.main.ScriptEngine.run(ScriptEngine.java:194)
	at com.kms.katalon.core.main.ScriptEngine.runScriptAsRawText(ScriptEngine.java:119)
	at com.kms.katalon.core.main.TestCaseExecutor.runScript(TestCaseExecutor.java:442)
	at com.kms.katalon.core.main.TestCaseExecutor.doExecute(TestCaseExecutor.java:433)
	at com.kms.katalon.core.main.TestCaseExecutor.processExecutionPhase(TestCaseExecutor.java:412)
	at com.kms.katalon.core.main.TestCaseExecutor.accessMainPhase(TestCaseExecutor.java:404)
	at com.kms.katalon.core.main.TestCaseExecutor.execute(TestCaseExecutor.java:281)
	at com.kms.katalon.core.main.TestSuiteExecutor.accessTestCaseMainPhase(TestSuiteExecutor.java:202)
	at com.kms.katalon.core.main.TestSuiteExecutor.accessTestSuiteMainPhase(TestSuiteExecutor.java:164)
	at com.kms.katalon.core.main.TestSuiteExecutor.execute(TestSuiteExecutor.java:105)
	at com.kms.katalon.core.main.TestCaseMain.startTestSuite(TestCaseMain.java:185)
	at com.kms.katalon.core.main.TestCaseMain$startTestSuite$0.call(Unknown Source)
	at TempTestSuite1656640997204.run(TempTestSuite1656640997204.groovy:36)
)

2022-06-30 22:07:14 - [MESSAGE][FAILED] - Text 'UDF 10' is not present on page  using regular expression (Root cause: com.kms.katalon.core.exception.StepFailedException: Text 'UDF 10' is not present on page  using regular expression
	at com.kms.katalon.core.webui.keyword.internal.WebUIKeywordMain.stepFailed(WebUIKeywordMain.groovy:64)
	at com.kms.katalon.core.webui.keyword.builtin.VerifyTextPresentKeyword$_verifyTextPresent_closure1.doCall(VerifyTextPresentKeyword.groovy:79)
	at com.kms.katalon.core.webui.keyword.builtin.VerifyTextPresentKeyword$_verifyTextPresent_closure1.call(VerifyTextPresentKeyword.groovy)
	at com.kms.katalon.core.webui.keyword.internal.WebUIKeywordMain.runKeyword(WebUIKeywordMain.groovy:20)
	at com.kms.katalon.core.webui.keyword.builtin.VerifyTextPresentKeyword.verifyTextPresent(VerifyTextPresentKeyword.groovy:83)
	at com.kms.katalon.core.webui.keyword.builtin.VerifyTextPresentKeyword.execute(VerifyTextPresentKeyword.groovy:68)
	at com.kms.katalon.core.keyword.internal.KeywordExecutor.executeKeywordForPlatform(KeywordExecutor.groovy:74)
	at com.kms.katalon.core.webui.keyword.WebUiBuiltInKeywords.verifyTextPresent(WebUiBuiltInKeywords.groovy:1723)
	at com.kms.katalon.core.webui.keyword.WebUiBuiltInKeywords$verifyTextPresent$4.call(Unknown Source)
	at Sale_TP_AllCF_Generic_Payment_TC.run(Sale_TP_AllCF_Generic_Payment_TC:155)
	at com.kms.katalon.core.main.ScriptEngine.run(ScriptEngine.java:194)
	at com.kms.katalon.core.main.ScriptEngine.runScriptAsRawText(ScriptEngine.java:119)
	at com.kms.katalon.core.main.TestCaseExecutor.runScript(TestCaseExecutor.java:442)
	at com.kms.katalon.core.main.TestCaseExecutor.doExecute(TestCaseExecutor.java:433)
	at com.kms.katalon.core.main.TestCaseExecutor.processExecutionPhase(TestCaseExecutor.java:412)
	at com.kms.katalon.core.main.TestCaseExecutor.accessMainPhase(TestCaseExecutor.java:404)
	at com.kms.katalon.core.main.TestCaseExecutor.execute(TestCaseExecutor.java:281)
	at com.kms.katalon.core.main.TestSuiteExecutor.accessTestCaseMainPhase(TestSuiteExecutor.java:202)
	at com.kms.katalon.core.main.TestSuiteExecutor.accessTestSuiteMainPhase(TestSuiteExecutor.java:164)
	at com.kms.katalon.core.main.TestSuiteExecutor.execute(TestSuiteExecutor.java:105)
	at com.kms.katalon.core.main.TestCaseMain.startTestSuite(TestCaseMain.java:185)
	at com.kms.katalon.core.main.TestCaseMain$startTestSuite$0.call(Unknown Source)
	at TempTestSuite1656640997204.run(TempTestSuite1656640997204.groovy:36)
)

2022-06-30 22:07:14 - [TEST_STEP][FAILED] - verifyTextPresent("Delhi", true): Text 'Delhi' is not present on page  using regular expression (Root cause: com.kms.katalon.core.exception.StepFailedException: Text 'Delhi' is not present on page  using regular expression
	at com.kms.katalon.core.webui.keyword.internal.WebUIKeywordMain.stepFailed(WebUIKeywordMain.groovy:64)
	at com.kms.katalon.core.webui.keyword.builtin.VerifyTextPresentKeyword$_verifyTextPresent_closure1.doCall(VerifyTextPresentKeyword.groovy:79)
	at com.kms.katalon.core.webui.keyword.builtin.VerifyTextPresentKeyword$_verifyTextPresent_closure1.call(VerifyTextPresentKeyword.groovy)
	at com.kms.katalon.core.webui.keyword.internal.WebUIKeywordMain.runKeyword(WebUIKeywordMain.groovy:20)
	at com.kms.katalon.core.webui.keyword.builtin.VerifyTextPresentKeyword.verifyTextPresent(VerifyTextPresentKeyword.groovy:83)
	at com.kms.katalon.core.webui.keyword.builtin.VerifyTextPresentKeyword.execute(VerifyTextPresentKeyword.groovy:68)
	at com.kms.katalon.core.keyword.internal.KeywordExecutor.executeKeywordForPlatform(KeywordExecutor.groovy:74)
	at com.kms.katalon.core.webui.keyword.WebUiBuiltInKeywords.verifyTextPresent(WebUiBuiltInKeywords.groovy:1723)
	at com.kms.katalon.core.webui.keyword.WebUiBuiltInKeywords$verifyTextPresent$4.call(Unknown Source)
	at Sale_TP_AllCF_Generic_Payment_TC.run(Sale_TP_AllCF_Generic_Payment_TC:157)
	at com.kms.katalon.core.main.ScriptEngine.run(ScriptEngine.java:194)
	at com.kms.katalon.core.main.ScriptEngine.runScriptAsRawText(ScriptEngine.java:119)
	at com.kms.katalon.core.main.TestCaseExecutor.runScript(TestCaseExecutor.java:442)
	at com.kms.katalon.core.main.TestCaseExecutor.doExecute(TestCaseExecutor.java:433)
	at com.kms.katalon.core.main.TestCaseExecutor.processExecutionPhase(TestCaseExecutor.java:412)
	at com.kms.katalon.core.main.TestCaseExecutor.accessMainPhase(TestCaseExecutor.java:404)
	at com.kms.katalon.core.main.TestCaseExecutor.execute(TestCaseExecutor.java:281)
	at com.kms.katalon.core.main.TestSuiteExecutor.accessTestCaseMainPhase(TestSuiteExecutor.java:202)
	at com.kms.katalon.core.main.TestSuiteExecutor.accessTestSuiteMainPhase(TestSuiteExecutor.java:164)
	at com.kms.katalon.core.main.TestSuiteExecutor.execute(TestSuiteExecutor.java:105)
	at com.kms.katalon.core.main.TestCaseMain.startTestSuite(TestCaseMain.java:185)
	at com.kms.katalon.core.main.TestCaseMain$startTestSuite$0.call(Unknown Source)
	at TempTestSuite1656640997204.run(TempTestSuite1656640997204.groovy:36)
)

2022-06-30 22:07:14 - [MESSAGE][FAILED] - Text 'Delhi' is not present on page  using regular expression (Root cause: com.kms.katalon.core.exception.StepFailedException: Text 'Delhi' is not present on page  using regular expression
	at com.kms.katalon.core.webui.keyword.internal.WebUIKeywordMain.stepFailed(WebUIKeywordMain.groovy:64)
	at com.kms.katalon.core.webui.keyword.builtin.VerifyTextPresentKeyword$_verifyTextPresent_closure1.doCall(VerifyTextPresentKeyword.groovy:79)
	at com.kms.katalon.core.webui.keyword.builtin.VerifyTextPresentKeyword$_verifyTextPresent_closure1.call(VerifyTextPresentKeyword.groovy)
	at com.kms.katalon.core.webui.keyword.internal.WebUIKeywordMain.runKeyword(WebUIKeywordMain.groovy:20)
	at com.kms.katalon.core.webui.keyword.builtin.VerifyTextPresentKeyword.verifyTextPresent(VerifyTextPresentKeyword.groovy:83)
	at com.kms.katalon.core.webui.keyword.builtin.VerifyTextPresentKeyword.execute(VerifyTextPresentKeyword.groovy:68)
	at com.kms.katalon.core.keyword.internal.KeywordExecutor.executeKeywordForPlatform(KeywordExecutor.groovy:74)
	at com.kms.katalon.core.webui.keyword.WebUiBuiltInKeywords.verifyTextPresent(WebUiBuiltInKeywords.groovy:1723)
	at com.kms.katalon.core.webui.keyword.WebUiBuiltInKeywords$verifyTextPresent$4.call(Unknown Source)
	at Sale_TP_AllCF_Generic_Payment_TC.run(Sale_TP_AllCF_Generic_Payment_TC:157)
	at com.kms.katalon.core.main.ScriptEngine.run(ScriptEngine.java:194)
	at com.kms.katalon.core.main.ScriptEngine.runScriptAsRawText(ScriptEngine.java:119)
	at com.kms.katalon.core.main.TestCaseExecutor.runScript(TestCaseExecutor.java:442)
	at com.kms.katalon.core.main.TestCaseExecutor.doExecute(TestCaseExecutor.java:433)
	at com.kms.katalon.core.main.TestCaseExecutor.processExecutionPhase(TestCaseExecutor.java:412)
	at com.kms.katalon.core.main.TestCaseExecutor.accessMainPhase(TestCaseExecutor.java:404)
	at com.kms.katalon.core.main.TestCaseExecutor.execute(TestCaseExecutor.java:281)
	at com.kms.katalon.core.main.TestSuiteExecutor.accessTestCaseMainPhase(TestSuiteExecutor.java:202)
	at com.kms.katalon.core.main.TestSuiteExecutor.accessTestSuiteMainPhase(TestSuiteExecutor.java:164)
	at com.kms.katalon.core.main.TestSuiteExecutor.execute(TestSuiteExecutor.java:105)
	at com.kms.katalon.core.main.TestCaseMain.startTestSuite(TestCaseMain.java:185)
	at com.kms.katalon.core.main.TestCaseMain$startTestSuite$0.call(Unknown Source)
	at TempTestSuite1656640997204.run(TempTestSuite1656640997204.groovy:36)
)

2022-06-30 22:07:14 - [TEST_STEP][FAILED] - verifyTextPresent("Chennai", true): Text 'Chennai' is not present on page  using regular expression (Root cause: com.kms.katalon.core.exception.StepFailedException: Text 'Chennai' is not present on page  using regular expression
	at com.kms.katalon.core.webui.keyword.internal.WebUIKeywordMain.stepFailed(WebUIKeywordMain.groovy:64)
	at com.kms.katalon.core.webui.keyword.builtin.VerifyTextPresentKeyword$_verifyTextPresent_closure1.doCall(VerifyTextPresentKeyword.groovy:79)
	at com.kms.katalon.core.webui.keyword.builtin.VerifyTextPresentKeyword$_verifyTextPresent_closure1.call(VerifyTextPresentKeyword.groovy)
	at com.kms.katalon.core.webui.keyword.internal.WebUIKeywordMain.runKeyword(WebUIKeywordMain.groovy:20)
	at com.kms.katalon.core.webui.keyword.builtin.VerifyTextPresentKeyword.verifyTextPresent(VerifyTextPresentKeyword.groovy:83)
	at com.kms.katalon.core.webui.keyword.builtin.VerifyTextPresentKeyword.execute(VerifyTextPresentKeyword.groovy:68)
	at com.kms.katalon.core.keyword.internal.KeywordExecutor.executeKeywordForPlatform(KeywordExecutor.groovy:74)
	at com.kms.katalon.core.webui.keyword.WebUiBuiltInKeywords.verifyTextPresent(WebUiBuiltInKeywords.groovy:1723)
	at com.kms.katalon.core.webui.keyword.WebUiBuiltInKeywords$verifyTextPresent$4.call(Unknown Source)
	at Sale_TP_AllCF_Generic_Payment_TC.run(Sale_TP_AllCF_Generic_Payment_TC:158)
	at com.kms.katalon.core.main.ScriptEngine.run(ScriptEngine.java:194)
	at com.kms.katalon.core.main.ScriptEngine.runScriptAsRawText(ScriptEngine.java:119)
	at com.kms.katalon.core.main.TestCaseExecutor.runScript(TestCaseExecutor.java:442)
	at com.kms.katalon.core.main.TestCaseExecutor.doExecute(TestCaseExecutor.java:433)
	at com.kms.katalon.core.main.TestCaseExecutor.processExecutionPhase(TestCaseExecutor.java:412)
	at com.kms.katalon.core.main.TestCaseExecutor.accessMainPhase(TestCaseExecutor.java:404)
	at com.kms.katalon.core.main.TestCaseExecutor.execute(TestCaseExecutor.java:281)
	at com.kms.katalon.core.main.TestSuiteExecutor.accessTestCaseMainPhase(TestSuiteExecutor.java:202)
	at com.kms.katalon.core.main.TestSuiteExecutor.accessTestSuiteMainPhase(TestSuiteExecutor.java:164)
	at com.kms.katalon.core.main.TestSuiteExecutor.execute(TestSuiteExecutor.java:105)
	at com.kms.katalon.core.main.TestCaseMain.startTestSuite(TestCaseMain.java:185)
	at com.kms.katalon.core.main.TestCaseMain$startTestSuite$0.call(Unknown Source)
	at TempTestSuite1656640997204.run(TempTestSuite1656640997204.groovy:36)
)

2022-06-30 22:07:14 - [MESSAGE][FAILED] - Text 'Chennai' is not present on page  using regular expression (Root cause: com.kms.katalon.core.exception.StepFailedException: Text 'Chennai' is not present on page  using regular expression
	at com.kms.katalon.core.webui.keyword.internal.WebUIKeywordMain.stepFailed(WebUIKeywordMain.groovy:64)
	at com.kms.katalon.core.webui.keyword.builtin.VerifyTextPresentKeyword$_verifyTextPresent_closure1.doCall(VerifyTextPresentKeyword.groovy:79)
	at com.kms.katalon.core.webui.keyword.builtin.VerifyTextPresentKeyword$_verifyTextPresent_closure1.call(VerifyTextPresentKeyword.groovy)
	at com.kms.katalon.core.webui.keyword.internal.WebUIKeywordMain.runKeyword(WebUIKeywordMain.groovy:20)
	at com.kms.katalon.core.webui.keyword.builtin.VerifyTextPresentKeyword.verifyTextPresent(VerifyTextPresentKeyword.groovy:83)
	at com.kms.katalon.core.webui.keyword.builtin.VerifyTextPresentKeyword.execute(VerifyTextPresentKeyword.groovy:68)
	at com.kms.katalon.core.keyword.internal.KeywordExecutor.executeKeywordForPlatform(KeywordExecutor.groovy:74)
	at com.kms.katalon.core.webui.keyword.WebUiBuiltInKeywords.verifyTextPresent(WebUiBuiltInKeywords.groovy:1723)
	at com.kms.katalon.core.webui.keyword.WebUiBuiltInKeywords$verifyTextPresent$4.call(Unknown Source)
	at Sale_TP_AllCF_Generic_Payment_TC.run(Sale_TP_AllCF_Generic_Payment_TC:158)
	at com.kms.katalon.core.main.ScriptEngine.run(ScriptEngine.java:194)
	at com.kms.katalon.core.main.ScriptEngine.runScriptAsRawText(ScriptEngine.java:119)
	at com.kms.katalon.core.main.TestCaseExecutor.runScript(TestCaseExecutor.java:442)
	at com.kms.katalon.core.main.TestCaseExecutor.doExecute(TestCaseExecutor.java:433)
	at com.kms.katalon.core.main.TestCaseExecutor.processExecutionPhase(TestCaseExecutor.java:412)
	at com.kms.katalon.core.main.TestCaseExecutor.accessMainPhase(TestCaseExecutor.java:404)
	at com.kms.katalon.core.main.TestCaseExecutor.execute(TestCaseExecutor.java:281)
	at com.kms.katalon.core.main.TestSuiteExecutor.accessTestCaseMainPhase(TestSuiteExecutor.java:202)
	at com.kms.katalon.core.main.TestSuiteExecutor.accessTestSuiteMainPhase(TestSuiteExecutor.java:164)
	at com.kms.katalon.core.main.TestSuiteExecutor.execute(TestSuiteExecutor.java:105)
	at com.kms.katalon.core.main.TestCaseMain.startTestSuite(TestCaseMain.java:185)
	at com.kms.katalon.core.main.TestCaseMain$startTestSuite$0.call(Unknown Source)
	at TempTestSuite1656640997204.run(TempTestSuite1656640997204.groovy:36)
)

2022-06-30 22:07:14 - [TEST_STEP][FAILED] - verifyTextPresent("Mumbai", true): Text 'Mumbai' is not present on page  using regular expression (Root cause: com.kms.katalon.core.exception.StepFailedException: Text 'Mumbai' is not present on page  using regular expression
	at com.kms.katalon.core.webui.keyword.internal.WebUIKeywordMain.stepFailed(WebUIKeywordMain.groovy:64)
	at com.kms.katalon.core.webui.keyword.builtin.VerifyTextPresentKeyword$_verifyTextPresent_closure1.doCall(VerifyTextPresentKeyword.groovy:79)
	at com.kms.katalon.core.webui.keyword.builtin.VerifyTextPresentKeyword$_verifyTextPresent_closure1.call(VerifyTextPresentKeyword.groovy)
	at com.kms.katalon.core.webui.keyword.internal.WebUIKeywordMain.runKeyword(WebUIKeywordMain.groovy:20)
	at com.kms.katalon.core.webui.keyword.builtin.VerifyTextPresentKeyword.verifyTextPresent(VerifyTextPresentKeyword.groovy:83)
	at com.kms.katalon.core.webui.keyword.builtin.VerifyTextPresentKeyword.execute(VerifyTextPresentKeyword.groovy:68)
	at com.kms.katalon.core.keyword.internal.KeywordExecutor.executeKeywordForPlatform(KeywordExecutor.groovy:74)
	at com.kms.katalon.core.webui.keyword.WebUiBuiltInKeywords.verifyTextPresent(WebUiBuiltInKeywords.groovy:1723)
	at com.kms.katalon.core.webui.keyword.WebUiBuiltInKeywords$verifyTextPresent$4.call(Unknown Source)
	at Sale_TP_AllCF_Generic_Payment_TC.run(Sale_TP_AllCF_Generic_Payment_TC:159)
	at com.kms.katalon.core.main.ScriptEngine.run(ScriptEngine.java:194)
	at com.kms.katalon.core.main.ScriptEngine.runScriptAsRawText(ScriptEngine.java:119)
	at com.kms.katalon.core.main.TestCaseExecutor.runScript(TestCaseExecutor.java:442)
	at com.kms.katalon.core.main.TestCaseExecutor.doExecute(TestCaseExecutor.java:433)
	at com.kms.katalon.core.main.TestCaseExecutor.processExecutionPhase(TestCaseExecutor.java:412)
	at com.kms.katalon.core.main.TestCaseExecutor.accessMainPhase(TestCaseExecutor.java:404)
	at com.kms.katalon.core.main.TestCaseExecutor.execute(TestCaseExecutor.java:281)
	at com.kms.katalon.core.main.TestSuiteExecutor.accessTestCaseMainPhase(TestSuiteExecutor.java:202)
	at com.kms.katalon.core.main.TestSuiteExecutor.accessTestSuiteMainPhase(TestSuiteExecutor.java:164)
	at com.kms.katalon.core.main.TestSuiteExecutor.execute(TestSuiteExecutor.java:105)
	at com.kms.katalon.core.main.TestCaseMain.startTestSuite(TestCaseMain.java:185)
	at com.kms.katalon.core.main.TestCaseMain$startTestSuite$0.call(Unknown Source)
	at TempTestSuite1656640997204.run(TempTestSuite1656640997204.groovy:36)
)

2022-06-30 22:07:15 - [MESSAGE][FAILED] - Text 'Mumbai' is not present on page  using regular expression (Root cause: com.kms.katalon.core.exception.StepFailedException: Text 'Mumbai' is not present on page  using regular expression
	at com.kms.katalon.core.webui.keyword.internal.WebUIKeywordMain.stepFailed(WebUIKeywordMain.groovy:64)
	at com.kms.katalon.core.webui.keyword.builtin.VerifyTextPresentKeyword$_verifyTextPresent_closure1.doCall(VerifyTextPresentKeyword.groovy:79)
	at com.kms.katalon.core.webui.keyword.builtin.VerifyTextPresentKeyword$_verifyTextPresent_closure1.call(VerifyTextPresentKeyword.groovy)
	at com.kms.katalon.core.webui.keyword.internal.WebUIKeywordMain.runKeyword(WebUIKeywordMain.groovy:20)
	at com.kms.katalon.core.webui.keyword.builtin.VerifyTextPresentKeyword.verifyTextPresent(VerifyTextPresentKeyword.groovy:83)
	at com.kms.katalon.core.webui.keyword.builtin.VerifyTextPresentKeyword.execute(VerifyTextPresentKeyword.groovy:68)
	at com.kms.katalon.core.keyword.internal.KeywordExecutor.executeKeywordForPlatform(KeywordExecutor.groovy:74)
	at com.kms.katalon.core.webui.keyword.WebUiBuiltInKeywords.verifyTextPresent(WebUiBuiltInKeywords.groovy:1723)
	at com.kms.katalon.core.webui.keyword.WebUiBuiltInKeywords$verifyTextPresent$4.call(Unknown Source)
	at Sale_TP_AllCF_Generic_Payment_TC.run(Sale_TP_AllCF_Generic_Payment_TC:159)
	at com.kms.katalon.core.main.ScriptEngine.run(ScriptEngine.java:194)
	at com.kms.katalon.core.main.ScriptEngine.runScriptAsRawText(ScriptEngine.java:119)
	at com.kms.katalon.core.main.TestCaseExecutor.runScript(TestCaseExecutor.java:442)
	at com.kms.katalon.core.main.TestCaseExecutor.doExecute(TestCaseExecutor.java:433)
	at com.kms.katalon.core.main.TestCaseExecutor.processExecutionPhase(TestCaseExecutor.java:412)
	at com.kms.katalon.core.main.TestCaseExecutor.accessMainPhase(TestCaseExecutor.java:404)
	at com.kms.katalon.core.main.TestCaseExecutor.execute(TestCaseExecutor.java:281)
	at com.kms.katalon.core.main.TestSuiteExecutor.accessTestCaseMainPhase(TestSuiteExecutor.java:202)
	at com.kms.katalon.core.main.TestSuiteExecutor.accessTestSuiteMainPhase(TestSuiteExecutor.java:164)
	at com.kms.katalon.core.main.TestSuiteExecutor.execute(TestSuiteExecutor.java:105)
	at com.kms.katalon.core.main.TestCaseMain.startTestSuite(TestCaseMain.java:185)
	at com.kms.katalon.core.main.TestCaseMain$startTestSuite$0.call(Unknown Source)
	at TempTestSuite1656640997204.run(TempTestSuite1656640997204.groovy:36)
)

2022-06-30 22:07:15 - [TEST_STEP][FAILED] - verifyTextPresent("Kanpur", true): Text 'Kanpur' is not present on page  using regular expression (Root cause: com.kms.katalon.core.exception.StepFailedException: Text 'Kanpur' is not present on page  using regular expression
	at com.kms.katalon.core.webui.keyword.internal.WebUIKeywordMain.stepFailed(WebUIKeywordMain.groovy:64)
	at com.kms.katalon.core.webui.keyword.builtin.VerifyTextPresentKeyword$_verifyTextPresent_closure1.doCall(VerifyTextPresentKeyword.groovy:79)
	at com.kms.katalon.core.webui.keyword.builtin.VerifyTextPresentKeyword$_verifyTextPresent_closure1.call(VerifyTextPresentKeyword.groovy)
	at com.kms.katalon.core.webui.keyword.internal.WebUIKeywordMain.runKeyword(WebUIKeywordMain.groovy:20)
	at com.kms.katalon.core.webui.keyword.builtin.VerifyTextPresentKeyword.verifyTextPresent(VerifyTextPresentKeyword.groovy:83)
	at com.kms.katalon.core.webui.keyword.builtin.VerifyTextPresentKeyword.execute(VerifyTextPresentKeyword.groovy:68)
	at com.kms.katalon.core.keyword.internal.KeywordExecutor.executeKeywordForPlatform(KeywordExecutor.groovy:74)
	at com.kms.katalon.core.webui.keyword.WebUiBuiltInKeywords.verifyTextPresent(WebUiBuiltInKeywords.groovy:1723)
	at com.kms.katalon.core.webui.keyword.WebUiBuiltInKeywords$verifyTextPresent$4.call(Unknown Source)
	at Sale_TP_AllCF_Generic_Payment_TC.run(Sale_TP_AllCF_Generic_Payment_TC:160)
	at com.kms.katalon.core.main.ScriptEngine.run(ScriptEngine.java:194)
	at com.kms.katalon.core.main.ScriptEngine.runScriptAsRawText(ScriptEngine.java:119)
	at com.kms.katalon.core.main.TestCaseExecutor.runScript(TestCaseExecutor.java:442)
	at com.kms.katalon.core.main.TestCaseExecutor.doExecute(TestCaseExecutor.java:433)
	at com.kms.katalon.core.main.TestCaseExecutor.processExecutionPhase(TestCaseExecutor.java:412)
	at com.kms.katalon.core.main.TestCaseExecutor.accessMainPhase(TestCaseExecutor.java:404)
	at com.kms.katalon.core.main.TestCaseExecutor.execute(TestCaseExecutor.java:281)
	at com.kms.katalon.core.main.TestSuiteExecutor.accessTestCaseMainPhase(TestSuiteExecutor.java:202)
	at com.kms.katalon.core.main.TestSuiteExecutor.accessTestSuiteMainPhase(TestSuiteExecutor.java:164)
	at com.kms.katalon.core.main.TestSuiteExecutor.execute(TestSuiteExecutor.java:105)
	at com.kms.katalon.core.main.TestCaseMain.startTestSuite(TestCaseMain.java:185)
	at com.kms.katalon.core.main.TestCaseMain$startTestSuite$0.call(Unknown Source)
	at TempTestSuite1656640997204.run(TempTestSuite1656640997204.groovy:36)
)

2022-06-30 22:07:15 - [MESSAGE][FAILED] - Text 'Kanpur' is not present on page  using regular expression (Root cause: com.kms.katalon.core.exception.StepFailedException: Text 'Kanpur' is not present on page  using regular expression
	at com.kms.katalon.core.webui.keyword.internal.WebUIKeywordMain.stepFailed(WebUIKeywordMain.groovy:64)
	at com.kms.katalon.core.webui.keyword.builtin.VerifyTextPresentKeyword$_verifyTextPresent_closure1.doCall(VerifyTextPresentKeyword.groovy:79)
	at com.kms.katalon.core.webui.keyword.builtin.VerifyTextPresentKeyword$_verifyTextPresent_closure1.call(VerifyTextPresentKeyword.groovy)
	at com.kms.katalon.core.webui.keyword.internal.WebUIKeywordMain.runKeyword(WebUIKeywordMain.groovy:20)
	at com.kms.katalon.core.webui.keyword.builtin.VerifyTextPresentKeyword.verifyTextPresent(VerifyTextPresentKeyword.groovy:83)
	at com.kms.katalon.core.webui.keyword.builtin.VerifyTextPresentKeyword.execute(VerifyTextPresentKeyword.groovy:68)
	at com.kms.katalon.core.keyword.internal.KeywordExecutor.executeKeywordForPlatform(KeywordExecutor.groovy:74)
	at com.kms.katalon.core.webui.keyword.WebUiBuiltInKeywords.verifyTextPresent(WebUiBuiltInKeywords.groovy:1723)
	at com.kms.katalon.core.webui.keyword.WebUiBuiltInKeywords$verifyTextPresent$4.call(Unknown Source)
	at Sale_TP_AllCF_Generic_Payment_TC.run(Sale_TP_AllCF_Generic_Payment_TC:160)
	at com.kms.katalon.core.main.ScriptEngine.run(ScriptEngine.java:194)
	at com.kms.katalon.core.main.ScriptEngine.runScriptAsRawText(ScriptEngine.java:119)
	at com.kms.katalon.core.main.TestCaseExecutor.runScript(TestCaseExecutor.java:442)
	at com.kms.katalon.core.main.TestCaseExecutor.doExecute(TestCaseExecutor.java:433)
	at com.kms.katalon.core.main.TestCaseExecutor.processExecutionPhase(TestCaseExecutor.java:412)
	at com.kms.katalon.core.main.TestCaseExecutor.accessMainPhase(TestCaseExecutor.java:404)
	at com.kms.katalon.core.main.TestCaseExecutor.execute(TestCaseExecutor.java:281)
	at com.kms.katalon.core.main.TestSuiteExecutor.accessTestCaseMainPhase(TestSuiteExecutor.java:202)
	at com.kms.katalon.core.main.TestSuiteExecutor.accessTestSuiteMainPhase(TestSuiteExecutor.java:164)
	at com.kms.katalon.core.main.TestSuiteExecutor.execute(TestSuiteExecutor.java:105)
	at com.kms.katalon.core.main.TestCaseMain.startTestSuite(TestCaseMain.java:185)
	at com.kms.katalon.core.main.TestCaseMain$startTestSuite$0.call(Unknown Source)
	at TempTestSuite1656640997204.run(TempTestSuite1656640997204.groovy:36)
)

2022-06-30 22:07:15 - [TEST_STEP][FAILED] - verifyTextPresent("Orange Recorded", true): Text 'Orange Recorded' is not present on page  using regular expression (Root cause: com.kms.katalon.core.exception.StepFailedException: Text 'Orange Recorded' is not present on page  using regular expression
	at com.kms.katalon.core.webui.keyword.internal.WebUIKeywordMain.stepFailed(WebUIKeywordMain.groovy:64)
	at com.kms.katalon.core.webui.keyword.builtin.VerifyTextPresentKeyword$_verifyTextPresent_closure1.doCall(VerifyTextPresentKeyword.groovy:79)
	at com.kms.katalon.core.webui.keyword.builtin.VerifyTextPresentKeyword$_verifyTextPresent_closure1.call(VerifyTextPresentKeyword.groovy)
	at com.kms.katalon.core.webui.keyword.internal.WebUIKeywordMain.runKeyword(WebUIKeywordMain.groovy:20)
	at com.kms.katalon.core.webui.keyword.builtin.VerifyTextPresentKeyword.verifyTextPresent(VerifyTextPresentKeyword.groovy:83)
	at com.kms.katalon.core.webui.keyword.builtin.VerifyTextPresentKeyword.execute(VerifyTextPresentKeyword.groovy:68)
	at com.kms.katalon.core.keyword.internal.KeywordExecutor.executeKeywordForPlatform(KeywordExecutor.groovy:74)
	at com.kms.katalon.core.webui.keyword.WebUiBuiltInKeywords.verifyTextPresent(WebUiBuiltInKeywords.groovy:1723)
	at com.kms.katalon.core.webui.keyword.WebUiBuiltInKeywords$verifyTextPresent$4.call(Unknown Source)
	at Sale_TP_AllCF_Generic_Payment_TC.run(Sale_TP_AllCF_Generic_Payment_TC:161)
	at com.kms.katalon.core.main.ScriptEngine.run(ScriptEngine.java:194)
	at com.kms.katalon.core.main.ScriptEngine.runScriptAsRawText(ScriptEngine.java:119)
	at com.kms.katalon.core.main.TestCaseExecutor.runScript(TestCaseExecutor.java:442)
	at com.kms.katalon.core.main.TestCaseExecutor.doExecute(TestCaseExecutor.java:433)
	at com.kms.katalon.core.main.TestCaseExecutor.processExecutionPhase(TestCaseExecutor.java:412)
	at com.kms.katalon.core.main.TestCaseExecutor.accessMainPhase(TestCaseExecutor.java:404)
	at com.kms.katalon.core.main.TestCaseExecutor.execute(TestCaseExecutor.java:281)
	at com.kms.katalon.core.main.TestSuiteExecutor.accessTestCaseMainPhase(TestSuiteExecutor.java:202)
	at com.kms.katalon.core.main.TestSuiteExecutor.accessTestSuiteMainPhase(TestSuiteExecutor.java:164)
	at com.kms.katalon.core.main.TestSuiteExecutor.execute(TestSuiteExecutor.java:105)
	at com.kms.katalon.core.main.TestCaseMain.startTestSuite(TestCaseMain.java:185)
	at com.kms.katalon.core.main.TestCaseMain$startTestSuite$0.call(Unknown Source)
	at TempTestSuite1656640997204.run(TempTestSuite1656640997204.groovy:36)
)

2022-06-30 22:07:15 - [MESSAGE][FAILED] - Text 'Orange Recorded' is not present on page  using regular expression (Root cause: com.kms.katalon.core.exception.StepFailedException: Text 'Orange Recorded' is not present on page  using regular expression
	at com.kms.katalon.core.webui.keyword.internal.WebUIKeywordMain.stepFailed(WebUIKeywordMain.groovy:64)
	at com.kms.katalon.core.webui.keyword.builtin.VerifyTextPresentKeyword$_verifyTextPresent_closure1.doCall(VerifyTextPresentKeyword.groovy:79)
	at com.kms.katalon.core.webui.keyword.builtin.VerifyTextPresentKeyword$_verifyTextPresent_closure1.call(VerifyTextPresentKeyword.groovy)
	at com.kms.katalon.core.webui.keyword.internal.WebUIKeywordMain.runKeyword(WebUIKeywordMain.groovy:20)
	at com.kms.katalon.core.webui.keyword.builtin.VerifyTextPresentKeyword.verifyTextPresent(VerifyTextPresentKeyword.groovy:83)
	at com.kms.katalon.core.webui.keyword.builtin.VerifyTextPresentKeyword.execute(VerifyTextPresentKeyword.groovy:68)
	at com.kms.katalon.core.keyword.internal.KeywordExecutor.executeKeywordForPlatform(KeywordExecutor.groovy:74)
	at com.kms.katalon.core.webui.keyword.WebUiBuiltInKeywords.verifyTextPresent(WebUiBuiltInKeywords.groovy:1723)
	at com.kms.katalon.core.webui.keyword.WebUiBuiltInKeywords$verifyTextPresent$4.call(Unknown Source)
	at Sale_TP_AllCF_Generic_Payment_TC.run(Sale_TP_AllCF_Generic_Payment_TC:161)
	at com.kms.katalon.core.main.ScriptEngine.run(ScriptEngine.java:194)
	at com.kms.katalon.core.main.ScriptEngine.runScriptAsRawText(ScriptEngine.java:119)
	at com.kms.katalon.core.main.TestCaseExecutor.runScript(TestCaseExecutor.java:442)
	at com.kms.katalon.core.main.TestCaseExecutor.doExecute(TestCaseExecutor.java:433)
	at com.kms.katalon.core.main.TestCaseExecutor.processExecutionPhase(TestCaseExecutor.java:412)
	at com.kms.katalon.core.main.TestCaseExecutor.accessMainPhase(TestCaseExecutor.java:404)
	at com.kms.katalon.core.main.TestCaseExecutor.execute(TestCaseExecutor.java:281)
	at com.kms.katalon.core.main.TestSuiteExecutor.accessTestCaseMainPhase(TestSuiteExecutor.java:202)
	at com.kms.katalon.core.main.TestSuiteExecutor.accessTestSuiteMainPhase(TestSuiteExecutor.java:164)
	at com.kms.katalon.core.main.TestSuiteExecutor.execute(TestSuiteExecutor.java:105)
	at com.kms.katalon.core.main.TestCaseMain.startTestSuite(TestCaseMain.java:185)
	at com.kms.katalon.core.main.TestCaseMain$startTestSuite$0.call(Unknown Source)
	at TempTestSuite1656640997204.run(TempTestSuite1656640997204.groovy:36)
)

2022-06-30 22:07:15 - [TEST_STEP][FAILED] - verifyTextPresent("Yellow Recorded", true): Text 'Yellow Recorded' is not present on page  using regular expression (Root cause: com.kms.katalon.core.exception.StepFailedException: Text 'Yellow Recorded' is not present on page  using regular expression
	at com.kms.katalon.core.webui.keyword.internal.WebUIKeywordMain.stepFailed(WebUIKeywordMain.groovy:64)
	at com.kms.katalon.core.webui.keyword.builtin.VerifyTextPresentKeyword$_verifyTextPresent_closure1.doCall(VerifyTextPresentKeyword.groovy:79)
	at com.kms.katalon.core.webui.keyword.builtin.VerifyTextPresentKeyword$_verifyTextPresent_closure1.call(VerifyTextPresentKeyword.groovy)
	at com.kms.katalon.core.webui.keyword.internal.WebUIKeywordMain.runKeyword(WebUIKeywordMain.groovy:20)
	at com.kms.katalon.core.webui.keyword.builtin.VerifyTextPresentKeyword.verifyTextPresent(VerifyTextPresentKeyword.groovy:83)
	at com.kms.katalon.core.webui.keyword.builtin.VerifyTextPresentKeyword.execute(VerifyTextPresentKeyword.groovy:68)
	at com.kms.katalon.core.keyword.internal.KeywordExecutor.executeKeywordForPlatform(KeywordExecutor.groovy:74)
	at com.kms.katalon.core.webui.keyword.WebUiBuiltInKeywords.verifyTextPresent(WebUiBuiltInKeywords.groovy:1723)
	at com.kms.katalon.core.webui.keyword.WebUiBuiltInKeywords$verifyTextPresent$4.call(Unknown Source)
	at Sale_TP_AllCF_Generic_Payment_TC.run(Sale_TP_AllCF_Generic_Payment_TC:162)
	at com.kms.katalon.core.main.ScriptEngine.run(ScriptEngine.java:194)
	at com.kms.katalon.core.main.ScriptEngine.runScriptAsRawText(ScriptEngine.java:119)
	at com.kms.katalon.core.main.TestCaseExecutor.runScript(TestCaseExecutor.java:442)
	at com.kms.katalon.core.main.TestCaseExecutor.doExecute(TestCaseExecutor.java:433)
	at com.kms.katalon.core.main.TestCaseExecutor.processExecutionPhase(TestCaseExecutor.java:412)
	at com.kms.katalon.core.main.TestCaseExecutor.accessMainPhase(TestCaseExecutor.java:404)
	at com.kms.katalon.core.main.TestCaseExecutor.execute(TestCaseExecutor.java:281)
	at com.kms.katalon.core.main.TestSuiteExecutor.accessTestCaseMainPhase(TestSuiteExecutor.java:202)
	at com.kms.katalon.core.main.TestSuiteExecutor.accessTestSuiteMainPhase(TestSuiteExecutor.java:164)
	at com.kms.katalon.core.main.TestSuiteExecutor.execute(TestSuiteExecutor.java:105)
	at com.kms.katalon.core.main.TestCaseMain.startTestSuite(TestCaseMain.java:185)
	at com.kms.katalon.core.main.TestCaseMain$startTestSuite$0.call(Unknown Source)
	at TempTestSuite1656640997204.run(TempTestSuite1656640997204.groovy:36)
)

2022-06-30 22:07:15 - [MESSAGE][FAILED] - Text 'Yellow Recorded' is not present on page  using regular expression (Root cause: com.kms.katalon.core.exception.StepFailedException: Text 'Yellow Recorded' is not present on page  using regular expression
	at com.kms.katalon.core.webui.keyword.internal.WebUIKeywordMain.stepFailed(WebUIKeywordMain.groovy:64)
	at com.kms.katalon.core.webui.keyword.builtin.VerifyTextPresentKeyword$_verifyTextPresent_closure1.doCall(VerifyTextPresentKeyword.groovy:79)
	at com.kms.katalon.core.webui.keyword.builtin.VerifyTextPresentKeyword$_verifyTextPresent_closure1.call(VerifyTextPresentKeyword.groovy)
	at com.kms.katalon.core.webui.keyword.internal.WebUIKeywordMain.runKeyword(WebUIKeywordMain.groovy:20)
	at com.kms.katalon.core.webui.keyword.builtin.VerifyTextPresentKeyword.verifyTextPresent(VerifyTextPresentKeyword.groovy:83)
	at com.kms.katalon.core.webui.keyword.builtin.VerifyTextPresentKeyword.execute(VerifyTextPresentKeyword.groovy:68)
	at com.kms.katalon.core.keyword.internal.KeywordExecutor.executeKeywordForPlatform(KeywordExecutor.groovy:74)
	at com.kms.katalon.core.webui.keyword.WebUiBuiltInKeywords.verifyTextPresent(WebUiBuiltInKeywords.groovy:1723)
	at com.kms.katalon.core.webui.keyword.WebUiBuiltInKeywords$verifyTextPresent$4.call(Unknown Source)
	at Sale_TP_AllCF_Generic_Payment_TC.run(Sale_TP_AllCF_Generic_Payment_TC:162)
	at com.kms.katalon.core.main.ScriptEngine.run(ScriptEngine.java:194)
	at com.kms.katalon.core.main.ScriptEngine.runScriptAsRawText(ScriptEngine.java:119)
	at com.kms.katalon.core.main.TestCaseExecutor.runScript(TestCaseExecutor.java:442)
	at com.kms.katalon.core.main.TestCaseExecutor.doExecute(TestCaseExecutor.java:433)
	at com.kms.katalon.core.main.TestCaseExecutor.processExecutionPhase(TestCaseExecutor.java:412)
	at com.kms.katalon.core.main.TestCaseExecutor.accessMainPhase(TestCaseExecutor.java:404)
	at com.kms.katalon.core.main.TestCaseExecutor.execute(TestCaseExecutor.java:281)
	at com.kms.katalon.core.main.TestSuiteExecutor.accessTestCaseMainPhase(TestSuiteExecutor.java:202)
	at com.kms.katalon.core.main.TestSuiteExecutor.accessTestSuiteMainPhase(TestSuiteExecutor.java:164)
	at com.kms.katalon.core.main.TestSuiteExecutor.execute(TestSuiteExecutor.java:105)
	at com.kms.katalon.core.main.TestCaseMain.startTestSuite(TestCaseMain.java:185)
	at com.kms.katalon.core.main.TestCaseMain$startTestSuite$0.call(Unknown Source)
	at TempTestSuite1656640997204.run(TempTestSuite1656640997204.groovy:36)
)

2022-06-30 22:07:15 - [TEST_STEP][FAILED] - verifyTextPresent("Kolkata", true): Text 'Kolkata' is not present on page  using regular expression (Root cause: com.kms.katalon.core.exception.StepFailedException: Text 'Kolkata' is not present on page  using regular expression
	at com.kms.katalon.core.webui.keyword.internal.WebUIKeywordMain.stepFailed(WebUIKeywordMain.groovy:64)
	at com.kms.katalon.core.webui.keyword.builtin.VerifyTextPresentKeyword$_verifyTextPresent_closure1.doCall(VerifyTextPresentKeyword.groovy:79)
	at com.kms.katalon.core.webui.keyword.builtin.VerifyTextPresentKeyword$_verifyTextPresent_closure1.call(VerifyTextPresentKeyword.groovy)
	at com.kms.katalon.core.webui.keyword.internal.WebUIKeywordMain.runKeyword(WebUIKeywordMain.groovy:20)
	at com.kms.katalon.core.webui.keyword.builtin.VerifyTextPresentKeyword.verifyTextPresent(VerifyTextPresentKeyword.groovy:83)
	at com.kms.katalon.core.webui.keyword.builtin.VerifyTextPresentKeyword.execute(VerifyTextPresentKeyword.groovy:68)
	at com.kms.katalon.core.keyword.internal.KeywordExecutor.executeKeywordForPlatform(KeywordExecutor.groovy:74)
	at com.kms.katalon.core.webui.keyword.WebUiBuiltInKeywords.verifyTextPresent(WebUiBuiltInKeywords.groovy:1723)
	at com.kms.katalon.core.webui.keyword.WebUiBuiltInKeywords$verifyTextPresent$4.call(Unknown Source)
	at Sale_TP_AllCF_Generic_Payment_TC.run(Sale_TP_AllCF_Generic_Payment_TC:163)
	at com.kms.katalon.core.main.ScriptEngine.run(ScriptEngine.java:194)
	at com.kms.katalon.core.main.ScriptEngine.runScriptAsRawText(ScriptEngine.java:119)
	at com.kms.katalon.core.main.TestCaseExecutor.runScript(TestCaseExecutor.java:442)
	at com.kms.katalon.core.main.TestCaseExecutor.doExecute(TestCaseExecutor.java:433)
	at com.kms.katalon.core.main.TestCaseExecutor.processExecutionPhase(TestCaseExecutor.java:412)
	at com.kms.katalon.core.main.TestCaseExecutor.accessMainPhase(TestCaseExecutor.java:404)
	at com.kms.katalon.core.main.TestCaseExecutor.execute(TestCaseExecutor.java:281)
	at com.kms.katalon.core.main.TestSuiteExecutor.accessTestCaseMainPhase(TestSuiteExecutor.java:202)
	at com.kms.katalon.core.main.TestSuiteExecutor.accessTestSuiteMainPhase(TestSuiteExecutor.java:164)
	at com.kms.katalon.core.main.TestSuiteExecutor.execute(TestSuiteExecutor.java:105)
	at com.kms.katalon.core.main.TestCaseMain.startTestSuite(TestCaseMain.java:185)
	at com.kms.katalon.core.main.TestCaseMain$startTestSuite$0.call(Unknown Source)
	at TempTestSuite1656640997204.run(TempTestSuite1656640997204.groovy:36)
)

2022-06-30 22:07:15 - [MESSAGE][FAILED] - Text 'Kolkata' is not present on page  using regular expression (Root cause: com.kms.katalon.core.exception.StepFailedException: Text 'Kolkata' is not present on page  using regular expression
	at com.kms.katalon.core.webui.keyword.internal.WebUIKeywordMain.stepFailed(WebUIKeywordMain.groovy:64)
	at com.kms.katalon.core.webui.keyword.builtin.VerifyTextPresentKeyword$_verifyTextPresent_closure1.doCall(VerifyTextPresentKeyword.groovy:79)
	at com.kms.katalon.core.webui.keyword.builtin.VerifyTextPresentKeyword$_verifyTextPresent_closure1.call(VerifyTextPresentKeyword.groovy)
	at com.kms.katalon.core.webui.keyword.internal.WebUIKeywordMain.runKeyword(WebUIKeywordMain.groovy:20)
	at com.kms.katalon.core.webui.keyword.builtin.VerifyTextPresentKeyword.verifyTextPresent(VerifyTextPresentKeyword.groovy:83)
	at com.kms.katalon.core.webui.keyword.builtin.VerifyTextPresentKeyword.execute(VerifyTextPresentKeyword.groovy:68)
	at com.kms.katalon.core.keyword.internal.KeywordExecutor.executeKeywordForPlatform(KeywordExecutor.groovy:74)
	at com.kms.katalon.core.webui.keyword.WebUiBuiltInKeywords.verifyTextPresent(WebUiBuiltInKeywords.groovy:1723)
	at com.kms.katalon.core.webui.keyword.WebUiBuiltInKeywords$verifyTextPresent$4.call(Unknown Source)
	at Sale_TP_AllCF_Generic_Payment_TC.run(Sale_TP_AllCF_Generic_Payment_TC:163)
	at com.kms.katalon.core.main.ScriptEngine.run(ScriptEngine.java:194)
	at com.kms.katalon.core.main.ScriptEngine.runScriptAsRawText(ScriptEngine.java:119)
	at com.kms.katalon.core.main.TestCaseExecutor.runScript(TestCaseExecutor.java:442)
	at com.kms.katalon.core.main.TestCaseExecutor.doExecute(TestCaseExecutor.java:433)
	at com.kms.katalon.core.main.TestCaseExecutor.processExecutionPhase(TestCaseExecutor.java:412)
	at com.kms.katalon.core.main.TestCaseExecutor.accessMainPhase(TestCaseExecutor.java:404)
	at com.kms.katalon.core.main.TestCaseExecutor.execute(TestCaseExecutor.java:281)
	at com.kms.katalon.core.main.TestSuiteExecutor.accessTestCaseMainPhase(TestSuiteExecutor.java:202)
	at com.kms.katalon.core.main.TestSuiteExecutor.accessTestSuiteMainPhase(TestSuiteExecutor.java:164)
	at com.kms.katalon.core.main.TestSuiteExecutor.execute(TestSuiteExecutor.java:105)
	at com.kms.katalon.core.main.TestCaseMain.startTestSuite(TestCaseMain.java:185)
	at com.kms.katalon.core.main.TestCaseMain$startTestSuite$0.call(Unknown Source)
	at TempTestSuite1656640997204.run(TempTestSuite1656640997204.groovy:36)
)

2022-06-30 22:07:15 - [TEST_STEP][FAILED] - verifyTextPresent("Pune", true): Text 'Pune' is not present on page  using regular expression (Root cause: com.kms.katalon.core.exception.StepFailedException: Text 'Pune' is not present on page  using regular expression
	at com.kms.katalon.core.webui.keyword.internal.WebUIKeywordMain.stepFailed(WebUIKeywordMain.groovy:64)
	at com.kms.katalon.core.webui.keyword.builtin.VerifyTextPresentKeyword$_verifyTextPresent_closure1.doCall(VerifyTextPresentKeyword.groovy:79)
	at com.kms.katalon.core.webui.keyword.builtin.VerifyTextPresentKeyword$_verifyTextPresent_closure1.call(VerifyTextPresentKeyword.groovy)
	at com.kms.katalon.core.webui.keyword.internal.WebUIKeywordMain.runKeyword(WebUIKeywordMain.groovy:20)
	at com.kms.katalon.core.webui.keyword.builtin.VerifyTextPresentKeyword.verifyTextPresent(VerifyTextPresentKeyword.groovy:83)
	at com.kms.katalon.core.webui.keyword.builtin.VerifyTextPresentKeyword.execute(VerifyTextPresentKeyword.groovy:68)
	at com.kms.katalon.core.keyword.internal.KeywordExecutor.executeKeywordForPlatform(KeywordExecutor.groovy:74)
	at com.kms.katalon.core.webui.keyword.WebUiBuiltInKeywords.verifyTextPresent(WebUiBuiltInKeywords.groovy:1723)
	at com.kms.katalon.core.webui.keyword.WebUiBuiltInKeywords$verifyTextPresent$4.call(Unknown Source)
	at Sale_TP_AllCF_Generic_Payment_TC.run(Sale_TP_AllCF_Generic_Payment_TC:164)
	at com.kms.katalon.core.main.ScriptEngine.run(ScriptEngine.java:194)
	at com.kms.katalon.core.main.ScriptEngine.runScriptAsRawText(ScriptEngine.java:119)
	at com.kms.katalon.core.main.TestCaseExecutor.runScript(TestCaseExecutor.java:442)
	at com.kms.katalon.core.main.TestCaseExecutor.doExecute(TestCaseExecutor.java:433)
	at com.kms.katalon.core.main.TestCaseExecutor.processExecutionPhase(TestCaseExecutor.java:412)
	at com.kms.katalon.core.main.TestCaseExecutor.accessMainPhase(TestCaseExecutor.java:404)
	at com.kms.katalon.core.main.TestCaseExecutor.execute(TestCaseExecutor.java:281)
	at com.kms.katalon.core.main.TestSuiteExecutor.accessTestCaseMainPhase(TestSuiteExecutor.java:202)
	at com.kms.katalon.core.main.TestSuiteExecutor.accessTestSuiteMainPhase(TestSuiteExecutor.java:164)
	at com.kms.katalon.core.main.TestSuiteExecutor.execute(TestSuiteExecutor.java:105)
	at com.kms.katalon.core.main.TestCaseMain.startTestSuite(TestCaseMain.java:185)
	at com.kms.katalon.core.main.TestCaseMain$startTestSuite$0.call(Unknown Source)
	at TempTestSuite1656640997204.run(TempTestSuite1656640997204.groovy:36)
)

2022-06-30 22:07:15 - [MESSAGE][FAILED] - Text 'Pune' is not present on page  using regular expression (Root cause: com.kms.katalon.core.exception.StepFailedException: Text 'Pune' is not present on page  using regular expression
	at com.kms.katalon.core.webui.keyword.internal.WebUIKeywordMain.stepFailed(WebUIKeywordMain.groovy:64)
	at com.kms.katalon.core.webui.keyword.builtin.VerifyTextPresentKeyword$_verifyTextPresent_closure1.doCall(VerifyTextPresentKeyword.groovy:79)
	at com.kms.katalon.core.webui.keyword.builtin.VerifyTextPresentKeyword$_verifyTextPresent_closure1.call(VerifyTextPresentKeyword.groovy)
	at com.kms.katalon.core.webui.keyword.internal.WebUIKeywordMain.runKeyword(WebUIKeywordMain.groovy:20)
	at com.kms.katalon.core.webui.keyword.builtin.VerifyTextPresentKeyword.verifyTextPresent(VerifyTextPresentKeyword.groovy:83)
	at com.kms.katalon.core.webui.keyword.builtin.VerifyTextPresentKeyword.execute(VerifyTextPresentKeyword.groovy:68)
	at com.kms.katalon.core.keyword.internal.KeywordExecutor.executeKeywordForPlatform(KeywordExecutor.groovy:74)
	at com.kms.katalon.core.webui.keyword.WebUiBuiltInKeywords.verifyTextPresent(WebUiBuiltInKeywords.groovy:1723)
	at com.kms.katalon.core.webui.keyword.WebUiBuiltInKeywords$verifyTextPresent$4.call(Unknown Source)
	at Sale_TP_AllCF_Generic_Payment_TC.run(Sale_TP_AllCF_Generic_Payment_TC:164)
	at com.kms.katalon.core.main.ScriptEngine.run(ScriptEngine.java:194)
	at com.kms.katalon.core.main.ScriptEngine.runScriptAsRawText(ScriptEngine.java:119)
	at com.kms.katalon.core.main.TestCaseExecutor.runScript(TestCaseExecutor.java:442)
	at com.kms.katalon.core.main.TestCaseExecutor.doExecute(TestCaseExecutor.java:433)
	at com.kms.katalon.core.main.TestCaseExecutor.processExecutionPhase(TestCaseExecutor.java:412)
	at com.kms.katalon.core.main.TestCaseExecutor.accessMainPhase(TestCaseExecutor.java:404)
	at com.kms.katalon.core.main.TestCaseExecutor.execute(TestCaseExecutor.java:281)
	at com.kms.katalon.core.main.TestSuiteExecutor.accessTestCaseMainPhase(TestSuiteExecutor.java:202)
	at com.kms.katalon.core.main.TestSuiteExecutor.accessTestSuiteMainPhase(TestSuiteExecutor.java:164)
	at com.kms.katalon.core.main.TestSuiteExecutor.execute(TestSuiteExecutor.java:105)
	at com.kms.katalon.core.main.TestCaseMain.startTestSuite(TestCaseMain.java:185)
	at com.kms.katalon.core.main.TestCaseMain$startTestSuite$0.call(Unknown Source)
	at TempTestSuite1656640997204.run(TempTestSuite1656640997204.groovy:36)
)

2022-06-30 22:07:15 - [TEST_STEP][FAILED] - verifyTextPresent("Bhavnagar", true): Text 'Bhavnagar' is not present on page  using regular expression (Root cause: com.kms.katalon.core.exception.StepFailedException: Text 'Bhavnagar' is not present on page  using regular expression
	at com.kms.katalon.core.webui.keyword.internal.WebUIKeywordMain.stepFailed(WebUIKeywordMain.groovy:64)
	at com.kms.katalon.core.webui.keyword.builtin.VerifyTextPresentKeyword$_verifyTextPresent_closure1.doCall(VerifyTextPresentKeyword.groovy:79)
	at com.kms.katalon.core.webui.keyword.builtin.VerifyTextPresentKeyword$_verifyTextPresent_closure1.call(VerifyTextPresentKeyword.groovy)
	at com.kms.katalon.core.webui.keyword.internal.WebUIKeywordMain.runKeyword(WebUIKeywordMain.groovy:20)
	at com.kms.katalon.core.webui.keyword.builtin.VerifyTextPresentKeyword.verifyTextPresent(VerifyTextPresentKeyword.groovy:83)
	at com.kms.katalon.core.webui.keyword.builtin.VerifyTextPresentKeyword.execute(VerifyTextPresentKeyword.groovy:68)
	at com.kms.katalon.core.keyword.internal.KeywordExecutor.executeKeywordForPlatform(KeywordExecutor.groovy:74)
	at com.kms.katalon.core.webui.keyword.WebUiBuiltInKeywords.verifyTextPresent(WebUiBuiltInKeywords.groovy:1723)
	at com.kms.katalon.core.webui.keyword.WebUiBuiltInKeywords$verifyTextPresent$4.call(Unknown Source)
	at Sale_TP_AllCF_Generic_Payment_TC.run(Sale_TP_AllCF_Generic_Payment_TC:165)
	at com.kms.katalon.core.main.ScriptEngine.run(ScriptEngine.java:194)
	at com.kms.katalon.core.main.ScriptEngine.runScriptAsRawText(ScriptEngine.java:119)
	at com.kms.katalon.core.main.TestCaseExecutor.runScript(TestCaseExecutor.java:442)
	at com.kms.katalon.core.main.TestCaseExecutor.doExecute(TestCaseExecutor.java:433)
	at com.kms.katalon.core.main.TestCaseExecutor.processExecutionPhase(TestCaseExecutor.java:412)
	at com.kms.katalon.core.main.TestCaseExecutor.accessMainPhase(TestCaseExecutor.java:404)
	at com.kms.katalon.core.main.TestCaseExecutor.execute(TestCaseExecutor.java:281)
	at com.kms.katalon.core.main.TestSuiteExecutor.accessTestCaseMainPhase(TestSuiteExecutor.java:202)
	at com.kms.katalon.core.main.TestSuiteExecutor.accessTestSuiteMainPhase(TestSuiteExecutor.java:164)
	at com.kms.katalon.core.main.TestSuiteExecutor.execute(TestSuiteExecutor.java:105)
	at com.kms.katalon.core.main.TestCaseMain.startTestSuite(TestCaseMain.java:185)
	at com.kms.katalon.core.main.TestCaseMain$startTestSuite$0.call(Unknown Source)
	at TempTestSuite1656640997204.run(TempTestSuite1656640997204.groovy:36)
)

2022-06-30 22:07:15 - [MESSAGE][FAILED] - Text 'Bhavnagar' is not present on page  using regular expression (Root cause: com.kms.katalon.core.exception.StepFailedException: Text 'Bhavnagar' is not present on page  using regular expression
	at com.kms.katalon.core.webui.keyword.internal.WebUIKeywordMain.stepFailed(WebUIKeywordMain.groovy:64)
	at com.kms.katalon.core.webui.keyword.builtin.VerifyTextPresentKeyword$_verifyTextPresent_closure1.doCall(VerifyTextPresentKeyword.groovy:79)
	at com.kms.katalon.core.webui.keyword.builtin.VerifyTextPresentKeyword$_verifyTextPresent_closure1.call(VerifyTextPresentKeyword.groovy)
	at com.kms.katalon.core.webui.keyword.internal.WebUIKeywordMain.runKeyword(WebUIKeywordMain.groovy:20)
	at com.kms.katalon.core.webui.keyword.builtin.VerifyTextPresentKeyword.verifyTextPresent(VerifyTextPresentKeyword.groovy:83)
	at com.kms.katalon.core.webui.keyword.builtin.VerifyTextPresentKeyword.execute(VerifyTextPresentKeyword.groovy:68)
	at com.kms.katalon.core.keyword.internal.KeywordExecutor.executeKeywordForPlatform(KeywordExecutor.groovy:74)
	at com.kms.katalon.core.webui.keyword.WebUiBuiltInKeywords.verifyTextPresent(WebUiBuiltInKeywords.groovy:1723)
	at com.kms.katalon.core.webui.keyword.WebUiBuiltInKeywords$verifyTextPresent$4.call(Unknown Source)
	at Sale_TP_AllCF_Generic_Payment_TC.run(Sale_TP_AllCF_Generic_Payment_TC:165)
	at com.kms.katalon.core.main.ScriptEngine.run(ScriptEngine.java:194)
	at com.kms.katalon.core.main.ScriptEngine.runScriptAsRawText(ScriptEngine.java:119)
	at com.kms.katalon.core.main.TestCaseExecutor.runScript(TestCaseExecutor.java:442)
	at com.kms.katalon.core.main.TestCaseExecutor.doExecute(TestCaseExecutor.java:433)
	at com.kms.katalon.core.main.TestCaseExecutor.processExecutionPhase(TestCaseExecutor.java:412)
	at com.kms.katalon.core.main.TestCaseExecutor.accessMainPhase(TestCaseExecutor.java:404)
	at com.kms.katalon.core.main.TestCaseExecutor.execute(TestCaseExecutor.java:281)
	at com.kms.katalon.core.main.TestSuiteExecutor.accessTestCaseMainPhase(TestSuiteExecutor.java:202)
	at com.kms.katalon.core.main.TestSuiteExecutor.accessTestSuiteMainPhase(TestSuiteExecutor.java:164)
	at com.kms.katalon.core.main.TestSuiteExecutor.execute(TestSuiteExecutor.java:105)
	at com.kms.katalon.core.main.TestCaseMain.startTestSuite(TestCaseMain.java:185)
	at com.kms.katalon.core.main.TestCaseMain$startTestSuite$0.call(Unknown Source)
	at TempTestSuite1656640997204.run(TempTestSuite1656640997204.groovy:36)
)

2022-06-30 22:07:15 - [TEST_STEP][FAILED] - verifyTextPresent("Noida", true): Text 'Noida' is not present on page  using regular expression (Root cause: com.kms.katalon.core.exception.StepFailedException: Text 'Noida' is not present on page  using regular expression
	at com.kms.katalon.core.webui.keyword.internal.WebUIKeywordMain.stepFailed(WebUIKeywordMain.groovy:64)
	at com.kms.katalon.core.webui.keyword.builtin.VerifyTextPresentKeyword$_verifyTextPresent_closure1.doCall(VerifyTextPresentKeyword.groovy:79)
	at com.kms.katalon.core.webui.keyword.builtin.VerifyTextPresentKeyword$_verifyTextPresent_closure1.call(VerifyTextPresentKeyword.groovy)
	at com.kms.katalon.core.webui.keyword.internal.WebUIKeywordMain.runKeyword(WebUIKeywordMain.groovy:20)
	at com.kms.katalon.core.webui.keyword.builtin.VerifyTextPresentKeyword.verifyTextPresent(VerifyTextPresentKeyword.groovy:83)
	at com.kms.katalon.core.webui.keyword.builtin.VerifyTextPresentKeyword.execute(VerifyTextPresentKeyword.groovy:68)
	at com.kms.katalon.core.keyword.internal.KeywordExecutor.executeKeywordForPlatform(KeywordExecutor.groovy:74)
	at com.kms.katalon.core.webui.keyword.WebUiBuiltInKeywords.verifyTextPresent(WebUiBuiltInKeywords.groovy:1723)
	at com.kms.katalon.core.webui.keyword.WebUiBuiltInKeywords$verifyTextPresent$4.call(Unknown Source)
	at Sale_TP_AllCF_Generic_Payment_TC.run(Sale_TP_AllCF_Generic_Payment_TC:166)
	at com.kms.katalon.core.main.ScriptEngine.run(ScriptEngine.java:194)
	at com.kms.katalon.core.main.ScriptEngine.runScriptAsRawText(ScriptEngine.java:119)
	at com.kms.katalon.core.main.TestCaseExecutor.runScript(TestCaseExecutor.java:442)
	at com.kms.katalon.core.main.TestCaseExecutor.doExecute(TestCaseExecutor.java:433)
	at com.kms.katalon.core.main.TestCaseExecutor.processExecutionPhase(TestCaseExecutor.java:412)
	at com.kms.katalon.core.main.TestCaseExecutor.accessMainPhase(TestCaseExecutor.java:404)
	at com.kms.katalon.core.main.TestCaseExecutor.execute(TestCaseExecutor.java:281)
	at com.kms.katalon.core.main.TestSuiteExecutor.accessTestCaseMainPhase(TestSuiteExecutor.java:202)
	at com.kms.katalon.core.main.TestSuiteExecutor.accessTestSuiteMainPhase(TestSuiteExecutor.java:164)
	at com.kms.katalon.core.main.TestSuiteExecutor.execute(TestSuiteExecutor.java:105)
	at com.kms.katalon.core.main.TestCaseMain.startTestSuite(TestCaseMain.java:185)
	at com.kms.katalon.core.main.TestCaseMain$startTestSuite$0.call(Unknown Source)
	at TempTestSuite1656640997204.run(TempTestSuite1656640997204.groovy:36)
)

2022-06-30 22:07:15 - [MESSAGE][FAILED] - Text 'Noida' is not present on page  using regular expression (Root cause: com.kms.katalon.core.exception.StepFailedException: Text 'Noida' is not present on page  using regular expression
	at com.kms.katalon.core.webui.keyword.internal.WebUIKeywordMain.stepFailed(WebUIKeywordMain.groovy:64)
	at com.kms.katalon.core.webui.keyword.builtin.VerifyTextPresentKeyword$_verifyTextPresent_closure1.doCall(VerifyTextPresentKeyword.groovy:79)
	at com.kms.katalon.core.webui.keyword.builtin.VerifyTextPresentKeyword$_verifyTextPresent_closure1.call(VerifyTextPresentKeyword.groovy)
	at com.kms.katalon.core.webui.keyword.internal.WebUIKeywordMain.runKeyword(WebUIKeywordMain.groovy:20)
	at com.kms.katalon.core.webui.keyword.builtin.VerifyTextPresentKeyword.verifyTextPresent(VerifyTextPresentKeyword.groovy:83)
	at com.kms.katalon.core.webui.keyword.builtin.VerifyTextPresentKeyword.execute(VerifyTextPresentKeyword.groovy:68)
	at com.kms.katalon.core.keyword.internal.KeywordExecutor.executeKeywordForPlatform(KeywordExecutor.groovy:74)
	at com.kms.katalon.core.webui.keyword.WebUiBuiltInKeywords.verifyTextPresent(WebUiBuiltInKeywords.groovy:1723)
	at com.kms.katalon.core.webui.keyword.WebUiBuiltInKeywords$verifyTextPresent$4.call(Unknown Source)
	at Sale_TP_AllCF_Generic_Payment_TC.run(Sale_TP_AllCF_Generic_Payment_TC:166)
	at com.kms.katalon.core.main.ScriptEngine.run(ScriptEngine.java:194)
	at com.kms.katalon.core.main.ScriptEngine.runScriptAsRawText(ScriptEngine.java:119)
	at com.kms.katalon.core.main.TestCaseExecutor.runScript(TestCaseExecutor.java:442)
	at com.kms.katalon.core.main.TestCaseExecutor.doExecute(TestCaseExecutor.java:433)
	at com.kms.katalon.core.main.TestCaseExecutor.processExecutionPhase(TestCaseExecutor.java:412)
	at com.kms.katalon.core.main.TestCaseExecutor.accessMainPhase(TestCaseExecutor.java:404)
	at com.kms.katalon.core.main.TestCaseExecutor.execute(TestCaseExecutor.java:281)
	at com.kms.katalon.core.main.TestSuiteExecutor.accessTestCaseMainPhase(TestSuiteExecutor.java:202)
	at com.kms.katalon.core.main.TestSuiteExecutor.accessTestSuiteMainPhase(TestSuiteExecutor.java:164)
	at com.kms.katalon.core.main.TestSuiteExecutor.execute(TestSuiteExecutor.java:105)
	at com.kms.katalon.core.main.TestCaseMain.startTestSuite(TestCaseMain.java:185)
	at com.kms.katalon.core.main.TestCaseMain$startTestSuite$0.call(Unknown Source)
	at TempTestSuite1656640997204.run(TempTestSuite1656640997204.groovy:36)
)

2022-06-30 22:07:15 - [TEST_STEP][FAILED] - verifyTextPresent("Amount", true): Text 'Amount' is not present on page  using regular expression (Root cause: com.kms.katalon.core.exception.StepFailedException: Text 'Amount' is not present on page  using regular expression
	at com.kms.katalon.core.webui.keyword.internal.WebUIKeywordMain.stepFailed(WebUIKeywordMain.groovy:64)
	at com.kms.katalon.core.webui.keyword.builtin.VerifyTextPresentKeyword$_verifyTextPresent_closure1.doCall(VerifyTextPresentKeyword.groovy:79)
	at com.kms.katalon.core.webui.keyword.builtin.VerifyTextPresentKeyword$_verifyTextPresent_closure1.call(VerifyTextPresentKeyword.groovy)
	at com.kms.katalon.core.webui.keyword.internal.WebUIKeywordMain.runKeyword(WebUIKeywordMain.groovy:20)
	at com.kms.katalon.core.webui.keyword.builtin.VerifyTextPresentKeyword.verifyTextPresent(VerifyTextPresentKeyword.groovy:83)
	at com.kms.katalon.core.webui.keyword.builtin.VerifyTextPresentKeyword.execute(VerifyTextPresentKeyword.groovy:68)
	at com.kms.katalon.core.keyword.internal.KeywordExecutor.executeKeywordForPlatform(KeywordExecutor.groovy:74)
	at com.kms.katalon.core.webui.keyword.WebUiBuiltInKeywords.verifyTextPresent(WebUiBuiltInKeywords.groovy:1723)
	at com.kms.katalon.core.webui.keyword.WebUiBuiltInKeywords$verifyTextPresent$4.call(Unknown Source)
	at Sale_TP_AllCF_Generic_Payment_TC.run(Sale_TP_AllCF_Generic_Payment_TC:169)
	at com.kms.katalon.core.main.ScriptEngine.run(ScriptEngine.java:194)
	at com.kms.katalon.core.main.ScriptEngine.runScriptAsRawText(ScriptEngine.java:119)
	at com.kms.katalon.core.main.TestCaseExecutor.runScript(TestCaseExecutor.java:442)
	at com.kms.katalon.core.main.TestCaseExecutor.doExecute(TestCaseExecutor.java:433)
	at com.kms.katalon.core.main.TestCaseExecutor.processExecutionPhase(TestCaseExecutor.java:412)
	at com.kms.katalon.core.main.TestCaseExecutor.accessMainPhase(TestCaseExecutor.java:404)
	at com.kms.katalon.core.main.TestCaseExecutor.execute(TestCaseExecutor.java:281)
	at com.kms.katalon.core.main.TestSuiteExecutor.accessTestCaseMainPhase(TestSuiteExecutor.java:202)
	at com.kms.katalon.core.main.TestSuiteExecutor.accessTestSuiteMainPhase(TestSuiteExecutor.java:164)
	at com.kms.katalon.core.main.TestSuiteExecutor.execute(TestSuiteExecutor.java:105)
	at com.kms.katalon.core.main.TestCaseMain.startTestSuite(TestCaseMain.java:185)
	at com.kms.katalon.core.main.TestCaseMain$startTestSuite$0.call(Unknown Source)
	at TempTestSuite1656640997204.run(TempTestSuite1656640997204.groovy:36)
)

2022-06-30 22:07:15 - [MESSAGE][FAILED] - Text 'Amount' is not present on page  using regular expression (Root cause: com.kms.katalon.core.exception.StepFailedException: Text 'Amount' is not present on page  using regular expression
	at com.kms.katalon.core.webui.keyword.internal.WebUIKeywordMain.stepFailed(WebUIKeywordMain.groovy:64)
	at com.kms.katalon.core.webui.keyword.builtin.VerifyTextPresentKeyword$_verifyTextPresent_closure1.doCall(VerifyTextPresentKeyword.groovy:79)
	at com.kms.katalon.core.webui.keyword.builtin.VerifyTextPresentKeyword$_verifyTextPresent_closure1.call(VerifyTextPresentKeyword.groovy)
	at com.kms.katalon.core.webui.keyword.internal.WebUIKeywordMain.runKeyword(WebUIKeywordMain.groovy:20)
	at com.kms.katalon.core.webui.keyword.builtin.VerifyTextPresentKeyword.verifyTextPresent(VerifyTextPresentKeyword.groovy:83)
	at com.kms.katalon.core.webui.keyword.builtin.VerifyTextPresentKeyword.execute(VerifyTextPresentKeyword.groovy:68)
	at com.kms.katalon.core.keyword.internal.KeywordExecutor.executeKeywordForPlatform(KeywordExecutor.groovy:74)
	at com.kms.katalon.core.webui.keyword.WebUiBuiltInKeywords.verifyTextPresent(WebUiBuiltInKeywords.groovy:1723)
	at com.kms.katalon.core.webui.keyword.WebUiBuiltInKeywords$verifyTextPresent$4.call(Unknown Source)
	at Sale_TP_AllCF_Generic_Payment_TC.run(Sale_TP_AllCF_Generic_Payment_TC:169)
	at com.kms.katalon.core.main.ScriptEngine.run(ScriptEngine.java:194)
	at com.kms.katalon.core.main.ScriptEngine.runScriptAsRawText(ScriptEngine.java:119)
	at com.kms.katalon.core.main.TestCaseExecutor.runScript(TestCaseExecutor.java:442)
	at com.kms.katalon.core.main.TestCaseExecutor.doExecute(TestCaseExecutor.java:433)
	at com.kms.katalon.core.main.TestCaseExecutor.processExecutionPhase(TestCaseExecutor.java:412)
	at com.kms.katalon.core.main.TestCaseExecutor.accessMainPhase(TestCaseExecutor.java:404)
	at com.kms.katalon.core.main.TestCaseExecutor.execute(TestCaseExecutor.java:281)
	at com.kms.katalon.core.main.TestSuiteExecutor.accessTestCaseMainPhase(TestSuiteExecutor.java:202)
	at com.kms.katalon.core.main.TestSuiteExecutor.accessTestSuiteMainPhase(TestSuiteExecutor.java:164)
	at com.kms.katalon.core.main.TestSuiteExecutor.execute(TestSuiteExecutor.java:105)
	at com.kms.katalon.core.main.TestCaseMain.startTestSuite(TestCaseMain.java:185)
	at com.kms.katalon.core.main.TestCaseMain$startTestSuite$0.call(Unknown Source)
	at TempTestSuite1656640997204.run(TempTestSuite1656640997204.groovy:36)
)

2022-06-30 22:07:15 - [TEST_STEP][FAILED] - verifyTextPresent("2.50", true): Text '2.50' is not present on page  using regular expression (Root cause: com.kms.katalon.core.exception.StepFailedException: Text '2.50' is not present on page  using regular expression
	at com.kms.katalon.core.webui.keyword.internal.WebUIKeywordMain.stepFailed(WebUIKeywordMain.groovy:64)
	at com.kms.katalon.core.webui.keyword.builtin.VerifyTextPresentKeyword$_verifyTextPresent_closure1.doCall(VerifyTextPresentKeyword.groovy:79)
	at com.kms.katalon.core.webui.keyword.builtin.VerifyTextPresentKeyword$_verifyTextPresent_closure1.call(VerifyTextPresentKeyword.groovy)
	at com.kms.katalon.core.webui.keyword.internal.WebUIKeywordMain.runKeyword(WebUIKeywordMain.groovy:20)
	at com.kms.katalon.core.webui.keyword.builtin.VerifyTextPresentKeyword.verifyTextPresent(VerifyTextPresentKeyword.groovy:83)
	at com.kms.katalon.core.webui.keyword.builtin.VerifyTextPresentKeyword.execute(VerifyTextPresentKeyword.groovy:68)
	at com.kms.katalon.core.keyword.internal.KeywordExecutor.executeKeywordForPlatform(KeywordExecutor.groovy:74)
	at com.kms.katalon.core.webui.keyword.WebUiBuiltInKeywords.verifyTextPresent(WebUiBuiltInKeywords.groovy:1723)
	at com.kms.katalon.core.webui.keyword.WebUiBuiltInKeywords$verifyTextPresent$4.call(Unknown Source)
	at Sale_TP_AllCF_Generic_Payment_TC.run(Sale_TP_AllCF_Generic_Payment_TC:170)
	at com.kms.katalon.core.main.ScriptEngine.run(ScriptEngine.java:194)
	at com.kms.katalon.core.main.ScriptEngine.runScriptAsRawText(ScriptEngine.java:119)
	at com.kms.katalon.core.main.TestCaseExecutor.runScript(TestCaseExecutor.java:442)
	at com.kms.katalon.core.main.TestCaseExecutor.doExecute(TestCaseExecutor.java:433)
	at com.kms.katalon.core.main.TestCaseExecutor.processExecutionPhase(TestCaseExecutor.java:412)
	at com.kms.katalon.core.main.TestCaseExecutor.accessMainPhase(TestCaseExecutor.java:404)
	at com.kms.katalon.core.main.TestCaseExecutor.execute(TestCaseExecutor.java:281)
	at com.kms.katalon.core.main.TestSuiteExecutor.accessTestCaseMainPhase(TestSuiteExecutor.java:202)
	at com.kms.katalon.core.main.TestSuiteExecutor.accessTestSuiteMainPhase(TestSuiteExecutor.java:164)
	at com.kms.katalon.core.main.TestSuiteExecutor.execute(TestSuiteExecutor.java:105)
	at com.kms.katalon.core.main.TestCaseMain.startTestSuite(TestCaseMain.java:185)
	at com.kms.katalon.core.main.TestCaseMain$startTestSuite$0.call(Unknown Source)
	at TempTestSuite1656640997204.run(TempTestSuite1656640997204.groovy:36)
)

2022-06-30 22:07:15 - [MESSAGE][FAILED] - Text '2.50' is not present on page  using regular expression (Root cause: com.kms.katalon.core.exception.StepFailedException: Text '2.50' is not present on page  using regular expression
	at com.kms.katalon.core.webui.keyword.internal.WebUIKeywordMain.stepFailed(WebUIKeywordMain.groovy:64)
	at com.kms.katalon.core.webui.keyword.builtin.VerifyTextPresentKeyword$_verifyTextPresent_closure1.doCall(VerifyTextPresentKeyword.groovy:79)
	at com.kms.katalon.core.webui.keyword.builtin.VerifyTextPresentKeyword$_verifyTextPresent_closure1.call(VerifyTextPresentKeyword.groovy)
	at com.kms.katalon.core.webui.keyword.internal.WebUIKeywordMain.runKeyword(WebUIKeywordMain.groovy:20)
	at com.kms.katalon.core.webui.keyword.builtin.VerifyTextPresentKeyword.verifyTextPresent(VerifyTextPresentKeyword.groovy:83)
	at com.kms.katalon.core.webui.keyword.builtin.VerifyTextPresentKeyword.execute(VerifyTextPresentKeyword.groovy:68)
	at com.kms.katalon.core.keyword.internal.KeywordExecutor.executeKeywordForPlatform(KeywordExecutor.groovy:74)
	at com.kms.katalon.core.webui.keyword.WebUiBuiltInKeywords.verifyTextPresent(WebUiBuiltInKeywords.groovy:1723)
	at com.kms.katalon.core.webui.keyword.WebUiBuiltInKeywords$verifyTextPresent$4.call(Unknown Source)
	at Sale_TP_AllCF_Generic_Payment_TC.run(Sale_TP_AllCF_Generic_Payment_TC:170)
	at com.kms.katalon.core.main.ScriptEngine.run(ScriptEngine.java:194)
	at com.kms.katalon.core.main.ScriptEngine.runScriptAsRawText(ScriptEngine.java:119)
	at com.kms.katalon.core.main.TestCaseExecutor.runScript(TestCaseExecutor.java:442)
	at com.kms.katalon.core.main.TestCaseExecutor.doExecute(TestCaseExecutor.java:433)
	at com.kms.katalon.core.main.TestCaseExecutor.processExecutionPhase(TestCaseExecutor.java:412)
	at com.kms.katalon.core.main.TestCaseExecutor.accessMainPhase(TestCaseExecutor.java:404)
	at com.kms.katalon.core.main.TestCaseExecutor.execute(TestCaseExecutor.java:281)
	at com.kms.katalon.core.main.TestSuiteExecutor.accessTestCaseMainPhase(TestSuiteExecutor.java:202)
	at com.kms.katalon.core.main.TestSuiteExecutor.accessTestSuiteMainPhase(TestSuiteExecutor.java:164)
	at com.kms.katalon.core.main.TestSuiteExecutor.execute(TestSuiteExecutor.java:105)
	at com.kms.katalon.core.main.TestCaseMain.startTestSuite(TestCaseMain.java:185)
	at com.kms.katalon.core.main.TestCaseMain$startTestSuite$0.call(Unknown Source)
	at TempTestSuite1656640997204.run(TempTestSuite1656640997204.groovy:36)
)

2022-06-30 22:07:15 - [TEST_STEP][FAILED] - verifyTextPresent("Authorization and Capture", true): Text 'Authorization and Capture' is not present on page  using regular expression (Root cause: com.kms.katalon.core.exception.StepFailedException: Text 'Authorization and Capture' is not present on page  using regular expression
	at com.kms.katalon.core.webui.keyword.internal.WebUIKeywordMain.stepFailed(WebUIKeywordMain.groovy:64)
	at com.kms.katalon.core.webui.keyword.builtin.VerifyTextPresentKeyword$_verifyTextPresent_closure1.doCall(VerifyTextPresentKeyword.groovy:79)
	at com.kms.katalon.core.webui.keyword.builtin.VerifyTextPresentKeyword$_verifyTextPresent_closure1.call(VerifyTextPresentKeyword.groovy)
	at com.kms.katalon.core.webui.keyword.internal.WebUIKeywordMain.runKeyword(WebUIKeywordMain.groovy:20)
	at com.kms.katalon.core.webui.keyword.builtin.VerifyTextPresentKeyword.verifyTextPresent(VerifyTextPresentKeyword.groovy:83)
	at com.kms.katalon.core.webui.keyword.builtin.VerifyTextPresentKeyword.execute(VerifyTextPresentKeyword.groovy:68)
	at com.kms.katalon.core.keyword.internal.KeywordExecutor.executeKeywordForPlatform(KeywordExecutor.groovy:74)
	at com.kms.katalon.core.webui.keyword.WebUiBuiltInKeywords.verifyTextPresent(WebUiBuiltInKeywords.groovy:1723)
	at com.kms.katalon.core.webui.keyword.WebUiBuiltInKeywords$verifyTextPresent$4.call(Unknown Source)
	at Sale_TP_AllCF_Generic_Payment_TC.run(Sale_TP_AllCF_Generic_Payment_TC:171)
	at com.kms.katalon.core.main.ScriptEngine.run(ScriptEngine.java:194)
	at com.kms.katalon.core.main.ScriptEngine.runScriptAsRawText(ScriptEngine.java:119)
	at com.kms.katalon.core.main.TestCaseExecutor.runScript(TestCaseExecutor.java:442)
	at com.kms.katalon.core.main.TestCaseExecutor.doExecute(TestCaseExecutor.java:433)
	at com.kms.katalon.core.main.TestCaseExecutor.processExecutionPhase(TestCaseExecutor.java:412)
	at com.kms.katalon.core.main.TestCaseExecutor.accessMainPhase(TestCaseExecutor.java:404)
	at com.kms.katalon.core.main.TestCaseExecutor.execute(TestCaseExecutor.java:281)
	at com.kms.katalon.core.main.TestSuiteExecutor.accessTestCaseMainPhase(TestSuiteExecutor.java:202)
	at com.kms.katalon.core.main.TestSuiteExecutor.accessTestSuiteMainPhase(TestSuiteExecutor.java:164)
	at com.kms.katalon.core.main.TestSuiteExecutor.execute(TestSuiteExecutor.java:105)
	at com.kms.katalon.core.main.TestCaseMain.startTestSuite(TestCaseMain.java:185)
	at com.kms.katalon.core.main.TestCaseMain$startTestSuite$0.call(Unknown Source)
	at TempTestSuite1656640997204.run(TempTestSuite1656640997204.groovy:36)
)

2022-06-30 22:07:15 - [MESSAGE][FAILED] - Text 'Authorization and Capture' is not present on page  using regular expression (Root cause: com.kms.katalon.core.exception.StepFailedException: Text 'Authorization and Capture' is not present on page  using regular expression
	at com.kms.katalon.core.webui.keyword.internal.WebUIKeywordMain.stepFailed(WebUIKeywordMain.groovy:64)
	at com.kms.katalon.core.webui.keyword.builtin.VerifyTextPresentKeyword$_verifyTextPresent_closure1.doCall(VerifyTextPresentKeyword.groovy:79)
	at com.kms.katalon.core.webui.keyword.builtin.VerifyTextPresentKeyword$_verifyTextPresent_closure1.call(VerifyTextPresentKeyword.groovy)
	at com.kms.katalon.core.webui.keyword.internal.WebUIKeywordMain.runKeyword(WebUIKeywordMain.groovy:20)
	at com.kms.katalon.core.webui.keyword.builtin.VerifyTextPresentKeyword.verifyTextPresent(VerifyTextPresentKeyword.groovy:83)
	at com.kms.katalon.core.webui.keyword.builtin.VerifyTextPresentKeyword.execute(VerifyTextPresentKeyword.groovy:68)
	at com.kms.katalon.core.keyword.internal.KeywordExecutor.executeKeywordForPlatform(KeywordExecutor.groovy:74)
	at com.kms.katalon.core.webui.keyword.WebUiBuiltInKeywords.verifyTextPresent(WebUiBuiltInKeywords.groovy:1723)
	at com.kms.katalon.core.webui.keyword.WebUiBuiltInKeywords$verifyTextPresent$4.call(Unknown Source)
	at Sale_TP_AllCF_Generic_Payment_TC.run(Sale_TP_AllCF_Generic_Payment_TC:171)
	at com.kms.katalon.core.main.ScriptEngine.run(ScriptEngine.java:194)
	at com.kms.katalon.core.main.ScriptEngine.runScriptAsRawText(ScriptEngine.java:119)
	at com.kms.katalon.core.main.TestCaseExecutor.runScript(TestCaseExecutor.java:442)
	at com.kms.katalon.core.main.TestCaseExecutor.doExecute(TestCaseExecutor.java:433)
	at com.kms.katalon.core.main.TestCaseExecutor.processExecutionPhase(TestCaseExecutor.java:412)
	at com.kms.katalon.core.main.TestCaseExecutor.accessMainPhase(TestCaseExecutor.java:404)
	at com.kms.katalon.core.main.TestCaseExecutor.execute(TestCaseExecutor.java:281)
	at com.kms.katalon.core.main.TestSuiteExecutor.accessTestCaseMainPhase(TestSuiteExecutor.java:202)
	at com.kms.katalon.core.main.TestSuiteExecutor.accessTestSuiteMainPhase(TestSuiteExecutor.java:164)
	at com.kms.katalon.core.main.TestSuiteExecutor.execute(TestSuiteExecutor.java:105)
	at com.kms.katalon.core.main.TestCaseMain.startTestSuite(TestCaseMain.java:185)
	at com.kms.katalon.core.main.TestCaseMain$startTestSuite$0.call(Unknown Source)
	at TempTestSuite1656640997204.run(TempTestSuite1656640997204.groovy:36)
)

2022-06-30 22:07:15 - [TEST_STEP][FAILED] - verifyTextPresent("Card Information", true): Text 'Card Information' is not present on page  using regular expression (Root cause: com.kms.katalon.core.exception.StepFailedException: Text 'Card Information' is not present on page  using regular expression
	at com.kms.katalon.core.webui.keyword.internal.WebUIKeywordMain.stepFailed(WebUIKeywordMain.groovy:64)
	at com.kms.katalon.core.webui.keyword.builtin.VerifyTextPresentKeyword$_verifyTextPresent_closure1.doCall(VerifyTextPresentKeyword.groovy:79)
	at com.kms.katalon.core.webui.keyword.builtin.VerifyTextPresentKeyword$_verifyTextPresent_closure1.call(VerifyTextPresentKeyword.groovy)
	at com.kms.katalon.core.webui.keyword.internal.WebUIKeywordMain.runKeyword(WebUIKeywordMain.groovy:20)
	at com.kms.katalon.core.webui.keyword.builtin.VerifyTextPresentKeyword.verifyTextPresent(VerifyTextPresentKeyword.groovy:83)
	at com.kms.katalon.core.webui.keyword.builtin.VerifyTextPresentKeyword.execute(VerifyTextPresentKeyword.groovy:68)
	at com.kms.katalon.core.keyword.internal.KeywordExecutor.executeKeywordForPlatform(KeywordExecutor.groovy:74)
	at com.kms.katalon.core.webui.keyword.WebUiBuiltInKeywords.verifyTextPresent(WebUiBuiltInKeywords.groovy:1723)
	at com.kms.katalon.core.webui.keyword.WebUiBuiltInKeywords$verifyTextPresent$4.call(Unknown Source)
	at Sale_TP_AllCF_Generic_Payment_TC.run(Sale_TP_AllCF_Generic_Payment_TC:172)
	at com.kms.katalon.core.main.ScriptEngine.run(ScriptEngine.java:194)
	at com.kms.katalon.core.main.ScriptEngine.runScriptAsRawText(ScriptEngine.java:119)
	at com.kms.katalon.core.main.TestCaseExecutor.runScript(TestCaseExecutor.java:442)
	at com.kms.katalon.core.main.TestCaseExecutor.doExecute(TestCaseExecutor.java:433)
	at com.kms.katalon.core.main.TestCaseExecutor.processExecutionPhase(TestCaseExecutor.java:412)
	at com.kms.katalon.core.main.TestCaseExecutor.accessMainPhase(TestCaseExecutor.java:404)
	at com.kms.katalon.core.main.TestCaseExecutor.execute(TestCaseExecutor.java:281)
	at com.kms.katalon.core.main.TestSuiteExecutor.accessTestCaseMainPhase(TestSuiteExecutor.java:202)
	at com.kms.katalon.core.main.TestSuiteExecutor.accessTestSuiteMainPhase(TestSuiteExecutor.java:164)
	at com.kms.katalon.core.main.TestSuiteExecutor.execute(TestSuiteExecutor.java:105)
	at com.kms.katalon.core.main.TestCaseMain.startTestSuite(TestCaseMain.java:185)
	at com.kms.katalon.core.main.TestCaseMain$startTestSuite$0.call(Unknown Source)
	at TempTestSuite1656640997204.run(TempTestSuite1656640997204.groovy:36)
)

2022-06-30 22:07:15 - [MESSAGE][FAILED] - Text 'Card Information' is not present on page  using regular expression (Root cause: com.kms.katalon.core.exception.StepFailedException: Text 'Card Information' is not present on page  using regular expression
	at com.kms.katalon.core.webui.keyword.internal.WebUIKeywordMain.stepFailed(WebUIKeywordMain.groovy:64)
	at com.kms.katalon.core.webui.keyword.builtin.VerifyTextPresentKeyword$_verifyTextPresent_closure1.doCall(VerifyTextPresentKeyword.groovy:79)
	at com.kms.katalon.core.webui.keyword.builtin.VerifyTextPresentKeyword$_verifyTextPresent_closure1.call(VerifyTextPresentKeyword.groovy)
	at com.kms.katalon.core.webui.keyword.internal.WebUIKeywordMain.runKeyword(WebUIKeywordMain.groovy:20)
	at com.kms.katalon.core.webui.keyword.builtin.VerifyTextPresentKeyword.verifyTextPresent(VerifyTextPresentKeyword.groovy:83)
	at com.kms.katalon.core.webui.keyword.builtin.VerifyTextPresentKeyword.execute(VerifyTextPresentKeyword.groovy:68)
	at com.kms.katalon.core.keyword.internal.KeywordExecutor.executeKeywordForPlatform(KeywordExecutor.groovy:74)
	at com.kms.katalon.core.webui.keyword.WebUiBuiltInKeywords.verifyTextPresent(WebUiBuiltInKeywords.groovy:1723)
	at com.kms.katalon.core.webui.keyword.WebUiBuiltInKeywords$verifyTextPresent$4.call(Unknown Source)
	at Sale_TP_AllCF_Generic_Payment_TC.run(Sale_TP_AllCF_Generic_Payment_TC:172)
	at com.kms.katalon.core.main.ScriptEngine.run(ScriptEngine.java:194)
	at com.kms.katalon.core.main.ScriptEngine.runScriptAsRawText(ScriptEngine.java:119)
	at com.kms.katalon.core.main.TestCaseExecutor.runScript(TestCaseExecutor.java:442)
	at com.kms.katalon.core.main.TestCaseExecutor.doExecute(TestCaseExecutor.java:433)
	at com.kms.katalon.core.main.TestCaseExecutor.processExecutionPhase(TestCaseExecutor.java:412)
	at com.kms.katalon.core.main.TestCaseExecutor.accessMainPhase(TestCaseExecutor.java:404)
	at com.kms.katalon.core.main.TestCaseExecutor.execute(TestCaseExecutor.java:281)
	at com.kms.katalon.core.main.TestSuiteExecutor.accessTestCaseMainPhase(TestSuiteExecutor.java:202)
	at com.kms.katalon.core.main.TestSuiteExecutor.accessTestSuiteMainPhase(TestSuiteExecutor.java:164)
	at com.kms.katalon.core.main.TestSuiteExecutor.execute(TestSuiteExecutor.java:105)
	at com.kms.katalon.core.main.TestCaseMain.startTestSuite(TestCaseMain.java:185)
	at com.kms.katalon.core.main.TestCaseMain$startTestSuite$0.call(Unknown Source)
	at TempTestSuite1656640997204.run(TempTestSuite1656640997204.groovy:36)
)

2022-06-30 22:07:15 - [TEST_STEP][FAILED] - verifyTextPresent("TANDON RAVENA", true): Text 'TANDON RAVENA' is not present on page  using regular expression (Root cause: com.kms.katalon.core.exception.StepFailedException: Text 'TANDON RAVENA' is not present on page  using regular expression
	at com.kms.katalon.core.webui.keyword.internal.WebUIKeywordMain.stepFailed(WebUIKeywordMain.groovy:64)
	at com.kms.katalon.core.webui.keyword.builtin.VerifyTextPresentKeyword$_verifyTextPresent_closure1.doCall(VerifyTextPresentKeyword.groovy:79)
	at com.kms.katalon.core.webui.keyword.builtin.VerifyTextPresentKeyword$_verifyTextPresent_closure1.call(VerifyTextPresentKeyword.groovy)
	at com.kms.katalon.core.webui.keyword.internal.WebUIKeywordMain.runKeyword(WebUIKeywordMain.groovy:20)
	at com.kms.katalon.core.webui.keyword.builtin.VerifyTextPresentKeyword.verifyTextPresent(VerifyTextPresentKeyword.groovy:83)
	at com.kms.katalon.core.webui.keyword.builtin.VerifyTextPresentKeyword.execute(VerifyTextPresentKeyword.groovy:68)
	at com.kms.katalon.core.keyword.internal.KeywordExecutor.executeKeywordForPlatform(KeywordExecutor.groovy:74)
	at com.kms.katalon.core.webui.keyword.WebUiBuiltInKeywords.verifyTextPresent(WebUiBuiltInKeywords.groovy:1723)
	at com.kms.katalon.core.webui.keyword.WebUiBuiltInKeywords$verifyTextPresent$4.call(Unknown Source)
	at Sale_TP_AllCF_Generic_Payment_TC.run(Sale_TP_AllCF_Generic_Payment_TC:173)
	at com.kms.katalon.core.main.ScriptEngine.run(ScriptEngine.java:194)
	at com.kms.katalon.core.main.ScriptEngine.runScriptAsRawText(ScriptEngine.java:119)
	at com.kms.katalon.core.main.TestCaseExecutor.runScript(TestCaseExecutor.java:442)
	at com.kms.katalon.core.main.TestCaseExecutor.doExecute(TestCaseExecutor.java:433)
	at com.kms.katalon.core.main.TestCaseExecutor.processExecutionPhase(TestCaseExecutor.java:412)
	at com.kms.katalon.core.main.TestCaseExecutor.accessMainPhase(TestCaseExecutor.java:404)
	at com.kms.katalon.core.main.TestCaseExecutor.execute(TestCaseExecutor.java:281)
	at com.kms.katalon.core.main.TestSuiteExecutor.accessTestCaseMainPhase(TestSuiteExecutor.java:202)
	at com.kms.katalon.core.main.TestSuiteExecutor.accessTestSuiteMainPhase(TestSuiteExecutor.java:164)
	at com.kms.katalon.core.main.TestSuiteExecutor.execute(TestSuiteExecutor.java:105)
	at com.kms.katalon.core.main.TestCaseMain.startTestSuite(TestCaseMain.java:185)
	at com.kms.katalon.core.main.TestCaseMain$startTestSuite$0.call(Unknown Source)
	at TempTestSuite1656640997204.run(TempTestSuite1656640997204.groovy:36)
)

2022-06-30 22:07:15 - [MESSAGE][FAILED] - Text 'TANDON RAVENA' is not present on page  using regular expression (Root cause: com.kms.katalon.core.exception.StepFailedException: Text 'TANDON RAVENA' is not present on page  using regular expression
	at com.kms.katalon.core.webui.keyword.internal.WebUIKeywordMain.stepFailed(WebUIKeywordMain.groovy:64)
	at com.kms.katalon.core.webui.keyword.builtin.VerifyTextPresentKeyword$_verifyTextPresent_closure1.doCall(VerifyTextPresentKeyword.groovy:79)
	at com.kms.katalon.core.webui.keyword.builtin.VerifyTextPresentKeyword$_verifyTextPresent_closure1.call(VerifyTextPresentKeyword.groovy)
	at com.kms.katalon.core.webui.keyword.internal.WebUIKeywordMain.runKeyword(WebUIKeywordMain.groovy:20)
	at com.kms.katalon.core.webui.keyword.builtin.VerifyTextPresentKeyword.verifyTextPresent(VerifyTextPresentKeyword.groovy:83)
	at com.kms.katalon.core.webui.keyword.builtin.VerifyTextPresentKeyword.execute(VerifyTextPresentKeyword.groovy:68)
	at com.kms.katalon.core.keyword.internal.KeywordExecutor.executeKeywordForPlatform(KeywordExecutor.groovy:74)
	at com.kms.katalon.core.webui.keyword.WebUiBuiltInKeywords.verifyTextPresent(WebUiBuiltInKeywords.groovy:1723)
	at com.kms.katalon.core.webui.keyword.WebUiBuiltInKeywords$verifyTextPresent$4.call(Unknown Source)
	at Sale_TP_AllCF_Generic_Payment_TC.run(Sale_TP_AllCF_Generic_Payment_TC:173)
	at com.kms.katalon.core.main.ScriptEngine.run(ScriptEngine.java:194)
	at com.kms.katalon.core.main.ScriptEngine.runScriptAsRawText(ScriptEngine.java:119)
	at com.kms.katalon.core.main.TestCaseExecutor.runScript(TestCaseExecutor.java:442)
	at com.kms.katalon.core.main.TestCaseExecutor.doExecute(TestCaseExecutor.java:433)
	at com.kms.katalon.core.main.TestCaseExecutor.processExecutionPhase(TestCaseExecutor.java:412)
	at com.kms.katalon.core.main.TestCaseExecutor.accessMainPhase(TestCaseExecutor.java:404)
	at com.kms.katalon.core.main.TestCaseExecutor.execute(TestCaseExecutor.java:281)
	at com.kms.katalon.core.main.TestSuiteExecutor.accessTestCaseMainPhase(TestSuiteExecutor.java:202)
	at com.kms.katalon.core.main.TestSuiteExecutor.accessTestSuiteMainPhase(TestSuiteExecutor.java:164)
	at com.kms.katalon.core.main.TestSuiteExecutor.execute(TestSuiteExecutor.java:105)
	at com.kms.katalon.core.main.TestCaseMain.startTestSuite(TestCaseMain.java:185)
	at com.kms.katalon.core.main.TestCaseMain$startTestSuite$0.call(Unknown Source)
	at TempTestSuite1656640997204.run(TempTestSuite1656640997204.groovy:36)
)

2022-06-30 22:07:15 - [TEST_STEP][FAILED] - verifyTextPresent("Address Line 1", true): Text 'Address Line 1' is not present on page  using regular expression (Root cause: com.kms.katalon.core.exception.StepFailedException: Text 'Address Line 1' is not present on page  using regular expression
	at com.kms.katalon.core.webui.keyword.internal.WebUIKeywordMain.stepFailed(WebUIKeywordMain.groovy:64)
	at com.kms.katalon.core.webui.keyword.builtin.VerifyTextPresentKeyword$_verifyTextPresent_closure1.doCall(VerifyTextPresentKeyword.groovy:79)
	at com.kms.katalon.core.webui.keyword.builtin.VerifyTextPresentKeyword$_verifyTextPresent_closure1.call(VerifyTextPresentKeyword.groovy)
	at com.kms.katalon.core.webui.keyword.internal.WebUIKeywordMain.runKeyword(WebUIKeywordMain.groovy:20)
	at com.kms.katalon.core.webui.keyword.builtin.VerifyTextPresentKeyword.verifyTextPresent(VerifyTextPresentKeyword.groovy:83)
	at com.kms.katalon.core.webui.keyword.builtin.VerifyTextPresentKeyword.execute(VerifyTextPresentKeyword.groovy:68)
	at com.kms.katalon.core.keyword.internal.KeywordExecutor.executeKeywordForPlatform(KeywordExecutor.groovy:74)
	at com.kms.katalon.core.webui.keyword.WebUiBuiltInKeywords.verifyTextPresent(WebUiBuiltInKeywords.groovy:1723)
	at com.kms.katalon.core.webui.keyword.WebUiBuiltInKeywords$verifyTextPresent$4.call(Unknown Source)
	at Sale_TP_AllCF_Generic_Payment_TC.run(Sale_TP_AllCF_Generic_Payment_TC:175)
	at com.kms.katalon.core.main.ScriptEngine.run(ScriptEngine.java:194)
	at com.kms.katalon.core.main.ScriptEngine.runScriptAsRawText(ScriptEngine.java:119)
	at com.kms.katalon.core.main.TestCaseExecutor.runScript(TestCaseExecutor.java:442)
	at com.kms.katalon.core.main.TestCaseExecutor.doExecute(TestCaseExecutor.java:433)
	at com.kms.katalon.core.main.TestCaseExecutor.processExecutionPhase(TestCaseExecutor.java:412)
	at com.kms.katalon.core.main.TestCaseExecutor.accessMainPhase(TestCaseExecutor.java:404)
	at com.kms.katalon.core.main.TestCaseExecutor.execute(TestCaseExecutor.java:281)
	at com.kms.katalon.core.main.TestSuiteExecutor.accessTestCaseMainPhase(TestSuiteExecutor.java:202)
	at com.kms.katalon.core.main.TestSuiteExecutor.accessTestSuiteMainPhase(TestSuiteExecutor.java:164)
	at com.kms.katalon.core.main.TestSuiteExecutor.execute(TestSuiteExecutor.java:105)
	at com.kms.katalon.core.main.TestCaseMain.startTestSuite(TestCaseMain.java:185)
	at com.kms.katalon.core.main.TestCaseMain$startTestSuite$0.call(Unknown Source)
	at TempTestSuite1656640997204.run(TempTestSuite1656640997204.groovy:36)
)

2022-06-30 22:07:15 - [MESSAGE][FAILED] - Text 'Address Line 1' is not present on page  using regular expression (Root cause: com.kms.katalon.core.exception.StepFailedException: Text 'Address Line 1' is not present on page  using regular expression
	at com.kms.katalon.core.webui.keyword.internal.WebUIKeywordMain.stepFailed(WebUIKeywordMain.groovy:64)
	at com.kms.katalon.core.webui.keyword.builtin.VerifyTextPresentKeyword$_verifyTextPresent_closure1.doCall(VerifyTextPresentKeyword.groovy:79)
	at com.kms.katalon.core.webui.keyword.builtin.VerifyTextPresentKeyword$_verifyTextPresent_closure1.call(VerifyTextPresentKeyword.groovy)
	at com.kms.katalon.core.webui.keyword.internal.WebUIKeywordMain.runKeyword(WebUIKeywordMain.groovy:20)
	at com.kms.katalon.core.webui.keyword.builtin.VerifyTextPresentKeyword.verifyTextPresent(VerifyTextPresentKeyword.groovy:83)
	at com.kms.katalon.core.webui.keyword.builtin.VerifyTextPresentKeyword.execute(VerifyTextPresentKeyword.groovy:68)
	at com.kms.katalon.core.keyword.internal.KeywordExecutor.executeKeywordForPlatform(KeywordExecutor.groovy:74)
	at com.kms.katalon.core.webui.keyword.WebUiBuiltInKeywords.verifyTextPresent(WebUiBuiltInKeywords.groovy:1723)
	at com.kms.katalon.core.webui.keyword.WebUiBuiltInKeywords$verifyTextPresent$4.call(Unknown Source)
	at Sale_TP_AllCF_Generic_Payment_TC.run(Sale_TP_AllCF_Generic_Payment_TC:175)
	at com.kms.katalon.core.main.ScriptEngine.run(ScriptEngine.java:194)
	at com.kms.katalon.core.main.ScriptEngine.runScriptAsRawText(ScriptEngine.java:119)
	at com.kms.katalon.core.main.TestCaseExecutor.runScript(TestCaseExecutor.java:442)
	at com.kms.katalon.core.main.TestCaseExecutor.doExecute(TestCaseExecutor.java:433)
	at com.kms.katalon.core.main.TestCaseExecutor.processExecutionPhase(TestCaseExecutor.java:412)
	at com.kms.katalon.core.main.TestCaseExecutor.accessMainPhase(TestCaseExecutor.java:404)
	at com.kms.katalon.core.main.TestCaseExecutor.execute(TestCaseExecutor.java:281)
	at com.kms.katalon.core.main.TestSuiteExecutor.accessTestCaseMainPhase(TestSuiteExecutor.java:202)
	at com.kms.katalon.core.main.TestSuiteExecutor.accessTestSuiteMainPhase(TestSuiteExecutor.java:164)
	at com.kms.katalon.core.main.TestSuiteExecutor.execute(TestSuiteExecutor.java:105)
	at com.kms.katalon.core.main.TestCaseMain.startTestSuite(TestCaseMain.java:185)
	at com.kms.katalon.core.main.TestCaseMain$startTestSuite$0.call(Unknown Source)
	at TempTestSuite1656640997204.run(TempTestSuite1656640997204.groovy:36)
)

2022-06-30 22:07:15 - [TEST_STEP][FAILED] - verifyTextPresent("Address Line 2", true): Text 'Address Line 2' is not present on page  using regular expression (Root cause: com.kms.katalon.core.exception.StepFailedException: Text 'Address Line 2' is not present on page  using regular expression
	at com.kms.katalon.core.webui.keyword.internal.WebUIKeywordMain.stepFailed(WebUIKeywordMain.groovy:64)
	at com.kms.katalon.core.webui.keyword.builtin.VerifyTextPresentKeyword$_verifyTextPresent_closure1.doCall(VerifyTextPresentKeyword.groovy:79)
	at com.kms.katalon.core.webui.keyword.builtin.VerifyTextPresentKeyword$_verifyTextPresent_closure1.call(VerifyTextPresentKeyword.groovy)
	at com.kms.katalon.core.webui.keyword.internal.WebUIKeywordMain.runKeyword(WebUIKeywordMain.groovy:20)
	at com.kms.katalon.core.webui.keyword.builtin.VerifyTextPresentKeyword.verifyTextPresent(VerifyTextPresentKeyword.groovy:83)
	at com.kms.katalon.core.webui.keyword.builtin.VerifyTextPresentKeyword.execute(VerifyTextPresentKeyword.groovy:68)
	at com.kms.katalon.core.keyword.internal.KeywordExecutor.executeKeywordForPlatform(KeywordExecutor.groovy:74)
	at com.kms.katalon.core.webui.keyword.WebUiBuiltInKeywords.verifyTextPresent(WebUiBuiltInKeywords.groovy:1723)
	at com.kms.katalon.core.webui.keyword.WebUiBuiltInKeywords$verifyTextPresent$4.call(Unknown Source)
	at Sale_TP_AllCF_Generic_Payment_TC.run(Sale_TP_AllCF_Generic_Payment_TC:176)
	at com.kms.katalon.core.main.ScriptEngine.run(ScriptEngine.java:194)
	at com.kms.katalon.core.main.ScriptEngine.runScriptAsRawText(ScriptEngine.java:119)
	at com.kms.katalon.core.main.TestCaseExecutor.runScript(TestCaseExecutor.java:442)
	at com.kms.katalon.core.main.TestCaseExecutor.doExecute(TestCaseExecutor.java:433)
	at com.kms.katalon.core.main.TestCaseExecutor.processExecutionPhase(TestCaseExecutor.java:412)
	at com.kms.katalon.core.main.TestCaseExecutor.accessMainPhase(TestCaseExecutor.java:404)
	at com.kms.katalon.core.main.TestCaseExecutor.execute(TestCaseExecutor.java:281)
	at com.kms.katalon.core.main.TestSuiteExecutor.accessTestCaseMainPhase(TestSuiteExecutor.java:202)
	at com.kms.katalon.core.main.TestSuiteExecutor.accessTestSuiteMainPhase(TestSuiteExecutor.java:164)
	at com.kms.katalon.core.main.TestSuiteExecutor.execute(TestSuiteExecutor.java:105)
	at com.kms.katalon.core.main.TestCaseMain.startTestSuite(TestCaseMain.java:185)
	at com.kms.katalon.core.main.TestCaseMain$startTestSuite$0.call(Unknown Source)
	at TempTestSuite1656640997204.run(TempTestSuite1656640997204.groovy:36)
)

2022-06-30 22:07:15 - [MESSAGE][FAILED] - Text 'Address Line 2' is not present on page  using regular expression (Root cause: com.kms.katalon.core.exception.StepFailedException: Text 'Address Line 2' is not present on page  using regular expression
	at com.kms.katalon.core.webui.keyword.internal.WebUIKeywordMain.stepFailed(WebUIKeywordMain.groovy:64)
	at com.kms.katalon.core.webui.keyword.builtin.VerifyTextPresentKeyword$_verifyTextPresent_closure1.doCall(VerifyTextPresentKeyword.groovy:79)
	at com.kms.katalon.core.webui.keyword.builtin.VerifyTextPresentKeyword$_verifyTextPresent_closure1.call(VerifyTextPresentKeyword.groovy)
	at com.kms.katalon.core.webui.keyword.internal.WebUIKeywordMain.runKeyword(WebUIKeywordMain.groovy:20)
	at com.kms.katalon.core.webui.keyword.builtin.VerifyTextPresentKeyword.verifyTextPresent(VerifyTextPresentKeyword.groovy:83)
	at com.kms.katalon.core.webui.keyword.builtin.VerifyTextPresentKeyword.execute(VerifyTextPresentKeyword.groovy:68)
	at com.kms.katalon.core.keyword.internal.KeywordExecutor.executeKeywordForPlatform(KeywordExecutor.groovy:74)
	at com.kms.katalon.core.webui.keyword.WebUiBuiltInKeywords.verifyTextPresent(WebUiBuiltInKeywords.groovy:1723)
	at com.kms.katalon.core.webui.keyword.WebUiBuiltInKeywords$verifyTextPresent$4.call(Unknown Source)
	at Sale_TP_AllCF_Generic_Payment_TC.run(Sale_TP_AllCF_Generic_Payment_TC:176)
	at com.kms.katalon.core.main.ScriptEngine.run(ScriptEngine.java:194)
	at com.kms.katalon.core.main.ScriptEngine.runScriptAsRawText(ScriptEngine.java:119)
	at com.kms.katalon.core.main.TestCaseExecutor.runScript(TestCaseExecutor.java:442)
	at com.kms.katalon.core.main.TestCaseExecutor.doExecute(TestCaseExecutor.java:433)
	at com.kms.katalon.core.main.TestCaseExecutor.processExecutionPhase(TestCaseExecutor.java:412)
	at com.kms.katalon.core.main.TestCaseExecutor.accessMainPhase(TestCaseExecutor.java:404)
	at com.kms.katalon.core.main.TestCaseExecutor.execute(TestCaseExecutor.java:281)
	at com.kms.katalon.core.main.TestSuiteExecutor.accessTestCaseMainPhase(TestSuiteExecutor.java:202)
	at com.kms.katalon.core.main.TestSuiteExecutor.accessTestSuiteMainPhase(TestSuiteExecutor.java:164)
	at com.kms.katalon.core.main.TestSuiteExecutor.execute(TestSuiteExecutor.java:105)
	at com.kms.katalon.core.main.TestCaseMain.startTestSuite(TestCaseMain.java:185)
	at com.kms.katalon.core.main.TestCaseMain$startTestSuite$0.call(Unknown Source)
	at TempTestSuite1656640997204.run(TempTestSuite1656640997204.groovy:36)
)

2022-06-30 22:07:15 - [TEST_STEP][FAILED] - verifyTextPresent("Country", true): Text 'Country' is not present on page  using regular expression (Root cause: com.kms.katalon.core.exception.StepFailedException: Text 'Country' is not present on page  using regular expression
	at com.kms.katalon.core.webui.keyword.internal.WebUIKeywordMain.stepFailed(WebUIKeywordMain.groovy:64)
	at com.kms.katalon.core.webui.keyword.builtin.VerifyTextPresentKeyword$_verifyTextPresent_closure1.doCall(VerifyTextPresentKeyword.groovy:79)
	at com.kms.katalon.core.webui.keyword.builtin.VerifyTextPresentKeyword$_verifyTextPresent_closure1.call(VerifyTextPresentKeyword.groovy)
	at com.kms.katalon.core.webui.keyword.internal.WebUIKeywordMain.runKeyword(WebUIKeywordMain.groovy:20)
	at com.kms.katalon.core.webui.keyword.builtin.VerifyTextPresentKeyword.verifyTextPresent(VerifyTextPresentKeyword.groovy:83)
	at com.kms.katalon.core.webui.keyword.builtin.VerifyTextPresentKeyword.execute(VerifyTextPresentKeyword.groovy:68)
	at com.kms.katalon.core.keyword.internal.KeywordExecutor.executeKeywordForPlatform(KeywordExecutor.groovy:74)
	at com.kms.katalon.core.webui.keyword.WebUiBuiltInKeywords.verifyTextPresent(WebUiBuiltInKeywords.groovy:1723)
	at com.kms.katalon.core.webui.keyword.WebUiBuiltInKeywords$verifyTextPresent$4.call(Unknown Source)
	at Sale_TP_AllCF_Generic_Payment_TC.run(Sale_TP_AllCF_Generic_Payment_TC:177)
	at com.kms.katalon.core.main.ScriptEngine.run(ScriptEngine.java:194)
	at com.kms.katalon.core.main.ScriptEngine.runScriptAsRawText(ScriptEngine.java:119)
	at com.kms.katalon.core.main.TestCaseExecutor.runScript(TestCaseExecutor.java:442)
	at com.kms.katalon.core.main.TestCaseExecutor.doExecute(TestCaseExecutor.java:433)
	at com.kms.katalon.core.main.TestCaseExecutor.processExecutionPhase(TestCaseExecutor.java:412)
	at com.kms.katalon.core.main.TestCaseExecutor.accessMainPhase(TestCaseExecutor.java:404)
	at com.kms.katalon.core.main.TestCaseExecutor.execute(TestCaseExecutor.java:281)
	at com.kms.katalon.core.main.TestSuiteExecutor.accessTestCaseMainPhase(TestSuiteExecutor.java:202)
	at com.kms.katalon.core.main.TestSuiteExecutor.accessTestSuiteMainPhase(TestSuiteExecutor.java:164)
	at com.kms.katalon.core.main.TestSuiteExecutor.execute(TestSuiteExecutor.java:105)
	at com.kms.katalon.core.main.TestCaseMain.startTestSuite(TestCaseMain.java:185)
	at com.kms.katalon.core.main.TestCaseMain$startTestSuite$0.call(Unknown Source)
	at TempTestSuite1656640997204.run(TempTestSuite1656640997204.groovy:36)
)

2022-06-30 22:07:15 - [MESSAGE][FAILED] - Text 'Country' is not present on page  using regular expression (Root cause: com.kms.katalon.core.exception.StepFailedException: Text 'Country' is not present on page  using regular expression
	at com.kms.katalon.core.webui.keyword.internal.WebUIKeywordMain.stepFailed(WebUIKeywordMain.groovy:64)
	at com.kms.katalon.core.webui.keyword.builtin.VerifyTextPresentKeyword$_verifyTextPresent_closure1.doCall(VerifyTextPresentKeyword.groovy:79)
	at com.kms.katalon.core.webui.keyword.builtin.VerifyTextPresentKeyword$_verifyTextPresent_closure1.call(VerifyTextPresentKeyword.groovy)
	at com.kms.katalon.core.webui.keyword.internal.WebUIKeywordMain.runKeyword(WebUIKeywordMain.groovy:20)
	at com.kms.katalon.core.webui.keyword.builtin.VerifyTextPresentKeyword.verifyTextPresent(VerifyTextPresentKeyword.groovy:83)
	at com.kms.katalon.core.webui.keyword.builtin.VerifyTextPresentKeyword.execute(VerifyTextPresentKeyword.groovy:68)
	at com.kms.katalon.core.keyword.internal.KeywordExecutor.executeKeywordForPlatform(KeywordExecutor.groovy:74)
	at com.kms.katalon.core.webui.keyword.WebUiBuiltInKeywords.verifyTextPresent(WebUiBuiltInKeywords.groovy:1723)
	at com.kms.katalon.core.webui.keyword.WebUiBuiltInKeywords$verifyTextPresent$4.call(Unknown Source)
	at Sale_TP_AllCF_Generic_Payment_TC.run(Sale_TP_AllCF_Generic_Payment_TC:177)
	at com.kms.katalon.core.main.ScriptEngine.run(ScriptEngine.java:194)
	at com.kms.katalon.core.main.ScriptEngine.runScriptAsRawText(ScriptEngine.java:119)
	at com.kms.katalon.core.main.TestCaseExecutor.runScript(TestCaseExecutor.java:442)
	at com.kms.katalon.core.main.TestCaseExecutor.doExecute(TestCaseExecutor.java:433)
	at com.kms.katalon.core.main.TestCaseExecutor.processExecutionPhase(TestCaseExecutor.java:412)
	at com.kms.katalon.core.main.TestCaseExecutor.accessMainPhase(TestCaseExecutor.java:404)
	at com.kms.katalon.core.main.TestCaseExecutor.execute(TestCaseExecutor.java:281)
	at com.kms.katalon.core.main.TestSuiteExecutor.accessTestCaseMainPhase(TestSuiteExecutor.java:202)
	at com.kms.katalon.core.main.TestSuiteExecutor.accessTestSuiteMainPhase(TestSuiteExecutor.java:164)
	at com.kms.katalon.core.main.TestSuiteExecutor.execute(TestSuiteExecutor.java:105)
	at com.kms.katalon.core.main.TestCaseMain.startTestSuite(TestCaseMain.java:185)
	at com.kms.katalon.core.main.TestCaseMain$startTestSuite$0.call(Unknown Source)
	at TempTestSuite1656640997204.run(TempTestSuite1656640997204.groovy:36)
)

2022-06-30 22:07:15 - [TEST_STEP][FAILED] - verifyTextPresent("City", true): Text 'City' is not present on page  using regular expression (Root cause: com.kms.katalon.core.exception.StepFailedException: Text 'City' is not present on page  using regular expression
	at com.kms.katalon.core.webui.keyword.internal.WebUIKeywordMain.stepFailed(WebUIKeywordMain.groovy:64)
	at com.kms.katalon.core.webui.keyword.builtin.VerifyTextPresentKeyword$_verifyTextPresent_closure1.doCall(VerifyTextPresentKeyword.groovy:79)
	at com.kms.katalon.core.webui.keyword.builtin.VerifyTextPresentKeyword$_verifyTextPresent_closure1.call(VerifyTextPresentKeyword.groovy)
	at com.kms.katalon.core.webui.keyword.internal.WebUIKeywordMain.runKeyword(WebUIKeywordMain.groovy:20)
	at com.kms.katalon.core.webui.keyword.builtin.VerifyTextPresentKeyword.verifyTextPresent(VerifyTextPresentKeyword.groovy:83)
	at com.kms.katalon.core.webui.keyword.builtin.VerifyTextPresentKeyword.execute(VerifyTextPresentKeyword.groovy:68)
	at com.kms.katalon.core.keyword.internal.KeywordExecutor.executeKeywordForPlatform(KeywordExecutor.groovy:74)
	at com.kms.katalon.core.webui.keyword.WebUiBuiltInKeywords.verifyTextPresent(WebUiBuiltInKeywords.groovy:1723)
	at com.kms.katalon.core.webui.keyword.WebUiBuiltInKeywords$verifyTextPresent$4.call(Unknown Source)
	at Sale_TP_AllCF_Generic_Payment_TC.run(Sale_TP_AllCF_Generic_Payment_TC:178)
	at com.kms.katalon.core.main.ScriptEngine.run(ScriptEngine.java:194)
	at com.kms.katalon.core.main.ScriptEngine.runScriptAsRawText(ScriptEngine.java:119)
	at com.kms.katalon.core.main.TestCaseExecutor.runScript(TestCaseExecutor.java:442)
	at com.kms.katalon.core.main.TestCaseExecutor.doExecute(TestCaseExecutor.java:433)
	at com.kms.katalon.core.main.TestCaseExecutor.processExecutionPhase(TestCaseExecutor.java:412)
	at com.kms.katalon.core.main.TestCaseExecutor.accessMainPhase(TestCaseExecutor.java:404)
	at com.kms.katalon.core.main.TestCaseExecutor.execute(TestCaseExecutor.java:281)
	at com.kms.katalon.core.main.TestSuiteExecutor.accessTestCaseMainPhase(TestSuiteExecutor.java:202)
	at com.kms.katalon.core.main.TestSuiteExecutor.accessTestSuiteMainPhase(TestSuiteExecutor.java:164)
	at com.kms.katalon.core.main.TestSuiteExecutor.execute(TestSuiteExecutor.java:105)
	at com.kms.katalon.core.main.TestCaseMain.startTestSuite(TestCaseMain.java:185)
	at com.kms.katalon.core.main.TestCaseMain$startTestSuite$0.call(Unknown Source)
	at TempTestSuite1656640997204.run(TempTestSuite1656640997204.groovy:36)
)

2022-06-30 22:07:15 - [MESSAGE][FAILED] - Text 'City' is not present on page  using regular expression (Root cause: com.kms.katalon.core.exception.StepFailedException: Text 'City' is not present on page  using regular expression
	at com.kms.katalon.core.webui.keyword.internal.WebUIKeywordMain.stepFailed(WebUIKeywordMain.groovy:64)
	at com.kms.katalon.core.webui.keyword.builtin.VerifyTextPresentKeyword$_verifyTextPresent_closure1.doCall(VerifyTextPresentKeyword.groovy:79)
	at com.kms.katalon.core.webui.keyword.builtin.VerifyTextPresentKeyword$_verifyTextPresent_closure1.call(VerifyTextPresentKeyword.groovy)
	at com.kms.katalon.core.webui.keyword.internal.WebUIKeywordMain.runKeyword(WebUIKeywordMain.groovy:20)
	at com.kms.katalon.core.webui.keyword.builtin.VerifyTextPresentKeyword.verifyTextPresent(VerifyTextPresentKeyword.groovy:83)
	at com.kms.katalon.core.webui.keyword.builtin.VerifyTextPresentKeyword.execute(VerifyTextPresentKeyword.groovy:68)
	at com.kms.katalon.core.keyword.internal.KeywordExecutor.executeKeywordForPlatform(KeywordExecutor.groovy:74)
	at com.kms.katalon.core.webui.keyword.WebUiBuiltInKeywords.verifyTextPresent(WebUiBuiltInKeywords.groovy:1723)
	at com.kms.katalon.core.webui.keyword.WebUiBuiltInKeywords$verifyTextPresent$4.call(Unknown Source)
	at Sale_TP_AllCF_Generic_Payment_TC.run(Sale_TP_AllCF_Generic_Payment_TC:178)
	at com.kms.katalon.core.main.ScriptEngine.run(ScriptEngine.java:194)
	at com.kms.katalon.core.main.ScriptEngine.runScriptAsRawText(ScriptEngine.java:119)
	at com.kms.katalon.core.main.TestCaseExecutor.runScript(TestCaseExecutor.java:442)
	at com.kms.katalon.core.main.TestCaseExecutor.doExecute(TestCaseExecutor.java:433)
	at com.kms.katalon.core.main.TestCaseExecutor.processExecutionPhase(TestCaseExecutor.java:412)
	at com.kms.katalon.core.main.TestCaseExecutor.accessMainPhase(TestCaseExecutor.java:404)
	at com.kms.katalon.core.main.TestCaseExecutor.execute(TestCaseExecutor.java:281)
	at com.kms.katalon.core.main.TestSuiteExecutor.accessTestCaseMainPhase(TestSuiteExecutor.java:202)
	at com.kms.katalon.core.main.TestSuiteExecutor.accessTestSuiteMainPhase(TestSuiteExecutor.java:164)
	at com.kms.katalon.core.main.TestSuiteExecutor.execute(TestSuiteExecutor.java:105)
	at com.kms.katalon.core.main.TestCaseMain.startTestSuite(TestCaseMain.java:185)
	at com.kms.katalon.core.main.TestCaseMain$startTestSuite$0.call(Unknown Source)
	at TempTestSuite1656640997204.run(TempTestSuite1656640997204.groovy:36)
)

2022-06-30 22:07:15 - [TEST_STEP][FAILED] - verifyTextPresent("State", true): Text 'State' is not present on page  using regular expression (Root cause: com.kms.katalon.core.exception.StepFailedException: Text 'State' is not present on page  using regular expression
	at com.kms.katalon.core.webui.keyword.internal.WebUIKeywordMain.stepFailed(WebUIKeywordMain.groovy:64)
	at com.kms.katalon.core.webui.keyword.builtin.VerifyTextPresentKeyword$_verifyTextPresent_closure1.doCall(VerifyTextPresentKeyword.groovy:79)
	at com.kms.katalon.core.webui.keyword.builtin.VerifyTextPresentKeyword$_verifyTextPresent_closure1.call(VerifyTextPresentKeyword.groovy)
	at com.kms.katalon.core.webui.keyword.internal.WebUIKeywordMain.runKeyword(WebUIKeywordMain.groovy:20)
	at com.kms.katalon.core.webui.keyword.builtin.VerifyTextPresentKeyword.verifyTextPresent(VerifyTextPresentKeyword.groovy:83)
	at com.kms.katalon.core.webui.keyword.builtin.VerifyTextPresentKeyword.execute(VerifyTextPresentKeyword.groovy:68)
	at com.kms.katalon.core.keyword.internal.KeywordExecutor.executeKeywordForPlatform(KeywordExecutor.groovy:74)
	at com.kms.katalon.core.webui.keyword.WebUiBuiltInKeywords.verifyTextPresent(WebUiBuiltInKeywords.groovy:1723)
	at com.kms.katalon.core.webui.keyword.WebUiBuiltInKeywords$verifyTextPresent$4.call(Unknown Source)
	at Sale_TP_AllCF_Generic_Payment_TC.run(Sale_TP_AllCF_Generic_Payment_TC:179)
	at com.kms.katalon.core.main.ScriptEngine.run(ScriptEngine.java:194)
	at com.kms.katalon.core.main.ScriptEngine.runScriptAsRawText(ScriptEngine.java:119)
	at com.kms.katalon.core.main.TestCaseExecutor.runScript(TestCaseExecutor.java:442)
	at com.kms.katalon.core.main.TestCaseExecutor.doExecute(TestCaseExecutor.java:433)
	at com.kms.katalon.core.main.TestCaseExecutor.processExecutionPhase(TestCaseExecutor.java:412)
	at com.kms.katalon.core.main.TestCaseExecutor.accessMainPhase(TestCaseExecutor.java:404)
	at com.kms.katalon.core.main.TestCaseExecutor.execute(TestCaseExecutor.java:281)
	at com.kms.katalon.core.main.TestSuiteExecutor.accessTestCaseMainPhase(TestSuiteExecutor.java:202)
	at com.kms.katalon.core.main.TestSuiteExecutor.accessTestSuiteMainPhase(TestSuiteExecutor.java:164)
	at com.kms.katalon.core.main.TestSuiteExecutor.execute(TestSuiteExecutor.java:105)
	at com.kms.katalon.core.main.TestCaseMain.startTestSuite(TestCaseMain.java:185)
	at com.kms.katalon.core.main.TestCaseMain$startTestSuite$0.call(Unknown Source)
	at TempTestSuite1656640997204.run(TempTestSuite1656640997204.groovy:36)
)

2022-06-30 22:07:15 - [MESSAGE][FAILED] - Text 'State' is not present on page  using regular expression (Root cause: com.kms.katalon.core.exception.StepFailedException: Text 'State' is not present on page  using regular expression
	at com.kms.katalon.core.webui.keyword.internal.WebUIKeywordMain.stepFailed(WebUIKeywordMain.groovy:64)
	at com.kms.katalon.core.webui.keyword.builtin.VerifyTextPresentKeyword$_verifyTextPresent_closure1.doCall(VerifyTextPresentKeyword.groovy:79)
	at com.kms.katalon.core.webui.keyword.builtin.VerifyTextPresentKeyword$_verifyTextPresent_closure1.call(VerifyTextPresentKeyword.groovy)
	at com.kms.katalon.core.webui.keyword.internal.WebUIKeywordMain.runKeyword(WebUIKeywordMain.groovy:20)
	at com.kms.katalon.core.webui.keyword.builtin.VerifyTextPresentKeyword.verifyTextPresent(VerifyTextPresentKeyword.groovy:83)
	at com.kms.katalon.core.webui.keyword.builtin.VerifyTextPresentKeyword.execute(VerifyTextPresentKeyword.groovy:68)
	at com.kms.katalon.core.keyword.internal.KeywordExecutor.executeKeywordForPlatform(KeywordExecutor.groovy:74)
	at com.kms.katalon.core.webui.keyword.WebUiBuiltInKeywords.verifyTextPresent(WebUiBuiltInKeywords.groovy:1723)
	at com.kms.katalon.core.webui.keyword.WebUiBuiltInKeywords$verifyTextPresent$4.call(Unknown Source)
	at Sale_TP_AllCF_Generic_Payment_TC.run(Sale_TP_AllCF_Generic_Payment_TC:179)
	at com.kms.katalon.core.main.ScriptEngine.run(ScriptEngine.java:194)
	at com.kms.katalon.core.main.ScriptEngine.runScriptAsRawText(ScriptEngine.java:119)
	at com.kms.katalon.core.main.TestCaseExecutor.runScript(TestCaseExecutor.java:442)
	at com.kms.katalon.core.main.TestCaseExecutor.doExecute(TestCaseExecutor.java:433)
	at com.kms.katalon.core.main.TestCaseExecutor.processExecutionPhase(TestCaseExecutor.java:412)
	at com.kms.katalon.core.main.TestCaseExecutor.accessMainPhase(TestCaseExecutor.java:404)
	at com.kms.katalon.core.main.TestCaseExecutor.execute(TestCaseExecutor.java:281)
	at com.kms.katalon.core.main.TestSuiteExecutor.accessTestCaseMainPhase(TestSuiteExecutor.java:202)
	at com.kms.katalon.core.main.TestSuiteExecutor.accessTestSuiteMainPhase(TestSuiteExecutor.java:164)
	at com.kms.katalon.core.main.TestSuiteExecutor.execute(TestSuiteExecutor.java:105)
	at com.kms.katalon.core.main.TestCaseMain.startTestSuite(TestCaseMain.java:185)
	at com.kms.katalon.core.main.TestCaseMain$startTestSuite$0.call(Unknown Source)
	at TempTestSuite1656640997204.run(TempTestSuite1656640997204.groovy:36)
)

2022-06-30 22:07:15 - [TEST_STEP][FAILED] - verifyTextPresent("ZIP Code", true): Text 'ZIP Code' is not present on page  using regular expression (Root cause: com.kms.katalon.core.exception.StepFailedException: Text 'ZIP Code' is not present on page  using regular expression
	at com.kms.katalon.core.webui.keyword.internal.WebUIKeywordMain.stepFailed(WebUIKeywordMain.groovy:64)
	at com.kms.katalon.core.webui.keyword.builtin.VerifyTextPresentKeyword$_verifyTextPresent_closure1.doCall(VerifyTextPresentKeyword.groovy:79)
	at com.kms.katalon.core.webui.keyword.builtin.VerifyTextPresentKeyword$_verifyTextPresent_closure1.call(VerifyTextPresentKeyword.groovy)
	at com.kms.katalon.core.webui.keyword.internal.WebUIKeywordMain.runKeyword(WebUIKeywordMain.groovy:20)
	at com.kms.katalon.core.webui.keyword.builtin.VerifyTextPresentKeyword.verifyTextPresent(VerifyTextPresentKeyword.groovy:83)
	at com.kms.katalon.core.webui.keyword.builtin.VerifyTextPresentKeyword.execute(VerifyTextPresentKeyword.groovy:68)
	at com.kms.katalon.core.keyword.internal.KeywordExecutor.executeKeywordForPlatform(KeywordExecutor.groovy:74)
	at com.kms.katalon.core.webui.keyword.WebUiBuiltInKeywords.verifyTextPresent(WebUiBuiltInKeywords.groovy:1723)
	at com.kms.katalon.core.webui.keyword.WebUiBuiltInKeywords$verifyTextPresent$4.call(Unknown Source)
	at Sale_TP_AllCF_Generic_Payment_TC.run(Sale_TP_AllCF_Generic_Payment_TC:180)
	at com.kms.katalon.core.main.ScriptEngine.run(ScriptEngine.java:194)
	at com.kms.katalon.core.main.ScriptEngine.runScriptAsRawText(ScriptEngine.java:119)
	at com.kms.katalon.core.main.TestCaseExecutor.runScript(TestCaseExecutor.java:442)
	at com.kms.katalon.core.main.TestCaseExecutor.doExecute(TestCaseExecutor.java:433)
	at com.kms.katalon.core.main.TestCaseExecutor.processExecutionPhase(TestCaseExecutor.java:412)
	at com.kms.katalon.core.main.TestCaseExecutor.accessMainPhase(TestCaseExecutor.java:404)
	at com.kms.katalon.core.main.TestCaseExecutor.execute(TestCaseExecutor.java:281)
	at com.kms.katalon.core.main.TestSuiteExecutor.accessTestCaseMainPhase(TestSuiteExecutor.java:202)
	at com.kms.katalon.core.main.TestSuiteExecutor.accessTestSuiteMainPhase(TestSuiteExecutor.java:164)
	at com.kms.katalon.core.main.TestSuiteExecutor.execute(TestSuiteExecutor.java:105)
	at com.kms.katalon.core.main.TestCaseMain.startTestSuite(TestCaseMain.java:185)
	at com.kms.katalon.core.main.TestCaseMain$startTestSuite$0.call(Unknown Source)
	at TempTestSuite1656640997204.run(TempTestSuite1656640997204.groovy:36)
)

2022-06-30 22:07:15 - [MESSAGE][FAILED] - Text 'ZIP Code' is not present on page  using regular expression (Root cause: com.kms.katalon.core.exception.StepFailedException: Text 'ZIP Code' is not present on page  using regular expression
	at com.kms.katalon.core.webui.keyword.internal.WebUIKeywordMain.stepFailed(WebUIKeywordMain.groovy:64)
	at com.kms.katalon.core.webui.keyword.builtin.VerifyTextPresentKeyword$_verifyTextPresent_closure1.doCall(VerifyTextPresentKeyword.groovy:79)
	at com.kms.katalon.core.webui.keyword.builtin.VerifyTextPresentKeyword$_verifyTextPresent_closure1.call(VerifyTextPresentKeyword.groovy)
	at com.kms.katalon.core.webui.keyword.internal.WebUIKeywordMain.runKeyword(WebUIKeywordMain.groovy:20)
	at com.kms.katalon.core.webui.keyword.builtin.VerifyTextPresentKeyword.verifyTextPresent(VerifyTextPresentKeyword.groovy:83)
	at com.kms.katalon.core.webui.keyword.builtin.VerifyTextPresentKeyword.execute(VerifyTextPresentKeyword.groovy:68)
	at com.kms.katalon.core.keyword.internal.KeywordExecutor.executeKeywordForPlatform(KeywordExecutor.groovy:74)
	at com.kms.katalon.core.webui.keyword.WebUiBuiltInKeywords.verifyTextPresent(WebUiBuiltInKeywords.groovy:1723)
	at com.kms.katalon.core.webui.keyword.WebUiBuiltInKeywords$verifyTextPresent$4.call(Unknown Source)
	at Sale_TP_AllCF_Generic_Payment_TC.run(Sale_TP_AllCF_Generic_Payment_TC:180)
	at com.kms.katalon.core.main.ScriptEngine.run(ScriptEngine.java:194)
	at com.kms.katalon.core.main.ScriptEngine.runScriptAsRawText(ScriptEngine.java:119)
	at com.kms.katalon.core.main.TestCaseExecutor.runScript(TestCaseExecutor.java:442)
	at com.kms.katalon.core.main.TestCaseExecutor.doExecute(TestCaseExecutor.java:433)
	at com.kms.katalon.core.main.TestCaseExecutor.processExecutionPhase(TestCaseExecutor.java:412)
	at com.kms.katalon.core.main.TestCaseExecutor.accessMainPhase(TestCaseExecutor.java:404)
	at com.kms.katalon.core.main.TestCaseExecutor.execute(TestCaseExecutor.java:281)
	at com.kms.katalon.core.main.TestSuiteExecutor.accessTestCaseMainPhase(TestSuiteExecutor.java:202)
	at com.kms.katalon.core.main.TestSuiteExecutor.accessTestSuiteMainPhase(TestSuiteExecutor.java:164)
	at com.kms.katalon.core.main.TestSuiteExecutor.execute(TestSuiteExecutor.java:105)
	at com.kms.katalon.core.main.TestCaseMain.startTestSuite(TestCaseMain.java:185)
	at com.kms.katalon.core.main.TestCaseMain$startTestSuite$0.call(Unknown Source)
	at TempTestSuite1656640997204.run(TempTestSuite1656640997204.groovy:36)
)

2022-06-30 22:07:15 - [TEST_STEP][FAILED] - verifyTextPresent("248 PhoolKaante road", true): Text '248 PhoolKaante road' is not present on page  using regular expression (Root cause: com.kms.katalon.core.exception.StepFailedException: Text '248 PhoolKaante road' is not present on page  using regular expression
	at com.kms.katalon.core.webui.keyword.internal.WebUIKeywordMain.stepFailed(WebUIKeywordMain.groovy:64)
	at com.kms.katalon.core.webui.keyword.builtin.VerifyTextPresentKeyword$_verifyTextPresent_closure1.doCall(VerifyTextPresentKeyword.groovy:79)
	at com.kms.katalon.core.webui.keyword.builtin.VerifyTextPresentKeyword$_verifyTextPresent_closure1.call(VerifyTextPresentKeyword.groovy)
	at com.kms.katalon.core.webui.keyword.internal.WebUIKeywordMain.runKeyword(WebUIKeywordMain.groovy:20)
	at com.kms.katalon.core.webui.keyword.builtin.VerifyTextPresentKeyword.verifyTextPresent(VerifyTextPresentKeyword.groovy:83)
	at com.kms.katalon.core.webui.keyword.builtin.VerifyTextPresentKeyword.execute(VerifyTextPresentKeyword.groovy:68)
	at com.kms.katalon.core.keyword.internal.KeywordExecutor.executeKeywordForPlatform(KeywordExecutor.groovy:74)
	at com.kms.katalon.core.webui.keyword.WebUiBuiltInKeywords.verifyTextPresent(WebUiBuiltInKeywords.groovy:1723)
	at com.kms.katalon.core.webui.keyword.WebUiBuiltInKeywords$verifyTextPresent$4.call(Unknown Source)
	at Sale_TP_AllCF_Generic_Payment_TC.run(Sale_TP_AllCF_Generic_Payment_TC:182)
	at com.kms.katalon.core.main.ScriptEngine.run(ScriptEngine.java:194)
	at com.kms.katalon.core.main.ScriptEngine.runScriptAsRawText(ScriptEngine.java:119)
	at com.kms.katalon.core.main.TestCaseExecutor.runScript(TestCaseExecutor.java:442)
	at com.kms.katalon.core.main.TestCaseExecutor.doExecute(TestCaseExecutor.java:433)
	at com.kms.katalon.core.main.TestCaseExecutor.processExecutionPhase(TestCaseExecutor.java:412)
	at com.kms.katalon.core.main.TestCaseExecutor.accessMainPhase(TestCaseExecutor.java:404)
	at com.kms.katalon.core.main.TestCaseExecutor.execute(TestCaseExecutor.java:281)
	at com.kms.katalon.core.main.TestSuiteExecutor.accessTestCaseMainPhase(TestSuiteExecutor.java:202)
	at com.kms.katalon.core.main.TestSuiteExecutor.accessTestSuiteMainPhase(TestSuiteExecutor.java:164)
	at com.kms.katalon.core.main.TestSuiteExecutor.execute(TestSuiteExecutor.java:105)
	at com.kms.katalon.core.main.TestCaseMain.startTestSuite(TestCaseMain.java:185)
	at com.kms.katalon.core.main.TestCaseMain$startTestSuite$0.call(Unknown Source)
	at TempTestSuite1656640997204.run(TempTestSuite1656640997204.groovy:36)
)

2022-06-30 22:07:15 - [MESSAGE][FAILED] - Text '248 PhoolKaante road' is not present on page  using regular expression (Root cause: com.kms.katalon.core.exception.StepFailedException: Text '248 PhoolKaante road' is not present on page  using regular expression
	at com.kms.katalon.core.webui.keyword.internal.WebUIKeywordMain.stepFailed(WebUIKeywordMain.groovy:64)
	at com.kms.katalon.core.webui.keyword.builtin.VerifyTextPresentKeyword$_verifyTextPresent_closure1.doCall(VerifyTextPresentKeyword.groovy:79)
	at com.kms.katalon.core.webui.keyword.builtin.VerifyTextPresentKeyword$_verifyTextPresent_closure1.call(VerifyTextPresentKeyword.groovy)
	at com.kms.katalon.core.webui.keyword.internal.WebUIKeywordMain.runKeyword(WebUIKeywordMain.groovy:20)
	at com.kms.katalon.core.webui.keyword.builtin.VerifyTextPresentKeyword.verifyTextPresent(VerifyTextPresentKeyword.groovy:83)
	at com.kms.katalon.core.webui.keyword.builtin.VerifyTextPresentKeyword.execute(VerifyTextPresentKeyword.groovy:68)
	at com.kms.katalon.core.keyword.internal.KeywordExecutor.executeKeywordForPlatform(KeywordExecutor.groovy:74)
	at com.kms.katalon.core.webui.keyword.WebUiBuiltInKeywords.verifyTextPresent(WebUiBuiltInKeywords.groovy:1723)
	at com.kms.katalon.core.webui.keyword.WebUiBuiltInKeywords$verifyTextPresent$4.call(Unknown Source)
	at Sale_TP_AllCF_Generic_Payment_TC.run(Sale_TP_AllCF_Generic_Payment_TC:182)
	at com.kms.katalon.core.main.ScriptEngine.run(ScriptEngine.java:194)
	at com.kms.katalon.core.main.ScriptEngine.runScriptAsRawText(ScriptEngine.java:119)
	at com.kms.katalon.core.main.TestCaseExecutor.runScript(TestCaseExecutor.java:442)
	at com.kms.katalon.core.main.TestCaseExecutor.doExecute(TestCaseExecutor.java:433)
	at com.kms.katalon.core.main.TestCaseExecutor.processExecutionPhase(TestCaseExecutor.java:412)
	at com.kms.katalon.core.main.TestCaseExecutor.accessMainPhase(TestCaseExecutor.java:404)
	at com.kms.katalon.core.main.TestCaseExecutor.execute(TestCaseExecutor.java:281)
	at com.kms.katalon.core.main.TestSuiteExecutor.accessTestCaseMainPhase(TestSuiteExecutor.java:202)
	at com.kms.katalon.core.main.TestSuiteExecutor.accessTestSuiteMainPhase(TestSuiteExecutor.java:164)
	at com.kms.katalon.core.main.TestSuiteExecutor.execute(TestSuiteExecutor.java:105)
	at com.kms.katalon.core.main.TestCaseMain.startTestSuite(TestCaseMain.java:185)
	at com.kms.katalon.core.main.TestCaseMain$startTestSuite$0.call(Unknown Source)
	at TempTestSuite1656640997204.run(TempTestSuite1656640997204.groovy:36)
)

2022-06-30 22:07:15 - [TEST_STEP][FAILED] - verifyTextPresent("Suite 678", true): Text 'Suite 678' is not present on page  using regular expression (Root cause: com.kms.katalon.core.exception.StepFailedException: Text 'Suite 678' is not present on page  using regular expression
	at com.kms.katalon.core.webui.keyword.internal.WebUIKeywordMain.stepFailed(WebUIKeywordMain.groovy:64)
	at com.kms.katalon.core.webui.keyword.builtin.VerifyTextPresentKeyword$_verifyTextPresent_closure1.doCall(VerifyTextPresentKeyword.groovy:79)
	at com.kms.katalon.core.webui.keyword.builtin.VerifyTextPresentKeyword$_verifyTextPresent_closure1.call(VerifyTextPresentKeyword.groovy)
	at com.kms.katalon.core.webui.keyword.internal.WebUIKeywordMain.runKeyword(WebUIKeywordMain.groovy:20)
	at com.kms.katalon.core.webui.keyword.builtin.VerifyTextPresentKeyword.verifyTextPresent(VerifyTextPresentKeyword.groovy:83)
	at com.kms.katalon.core.webui.keyword.builtin.VerifyTextPresentKeyword.execute(VerifyTextPresentKeyword.groovy:68)
	at com.kms.katalon.core.keyword.internal.KeywordExecutor.executeKeywordForPlatform(KeywordExecutor.groovy:74)
	at com.kms.katalon.core.webui.keyword.WebUiBuiltInKeywords.verifyTextPresent(WebUiBuiltInKeywords.groovy:1723)
	at com.kms.katalon.core.webui.keyword.WebUiBuiltInKeywords$verifyTextPresent$4.call(Unknown Source)
	at Sale_TP_AllCF_Generic_Payment_TC.run(Sale_TP_AllCF_Generic_Payment_TC:183)
	at com.kms.katalon.core.main.ScriptEngine.run(ScriptEngine.java:194)
	at com.kms.katalon.core.main.ScriptEngine.runScriptAsRawText(ScriptEngine.java:119)
	at com.kms.katalon.core.main.TestCaseExecutor.runScript(TestCaseExecutor.java:442)
	at com.kms.katalon.core.main.TestCaseExecutor.doExecute(TestCaseExecutor.java:433)
	at com.kms.katalon.core.main.TestCaseExecutor.processExecutionPhase(TestCaseExecutor.java:412)
	at com.kms.katalon.core.main.TestCaseExecutor.accessMainPhase(TestCaseExecutor.java:404)
	at com.kms.katalon.core.main.TestCaseExecutor.execute(TestCaseExecutor.java:281)
	at com.kms.katalon.core.main.TestSuiteExecutor.accessTestCaseMainPhase(TestSuiteExecutor.java:202)
	at com.kms.katalon.core.main.TestSuiteExecutor.accessTestSuiteMainPhase(TestSuiteExecutor.java:164)
	at com.kms.katalon.core.main.TestSuiteExecutor.execute(TestSuiteExecutor.java:105)
	at com.kms.katalon.core.main.TestCaseMain.startTestSuite(TestCaseMain.java:185)
	at com.kms.katalon.core.main.TestCaseMain$startTestSuite$0.call(Unknown Source)
	at TempTestSuite1656640997204.run(TempTestSuite1656640997204.groovy:36)
)

2022-06-30 22:07:16 - [MESSAGE][FAILED] - Text 'Suite 678' is not present on page  using regular expression (Root cause: com.kms.katalon.core.exception.StepFailedException: Text 'Suite 678' is not present on page  using regular expression
	at com.kms.katalon.core.webui.keyword.internal.WebUIKeywordMain.stepFailed(WebUIKeywordMain.groovy:64)
	at com.kms.katalon.core.webui.keyword.builtin.VerifyTextPresentKeyword$_verifyTextPresent_closure1.doCall(VerifyTextPresentKeyword.groovy:79)
	at com.kms.katalon.core.webui.keyword.builtin.VerifyTextPresentKeyword$_verifyTextPresent_closure1.call(VerifyTextPresentKeyword.groovy)
	at com.kms.katalon.core.webui.keyword.internal.WebUIKeywordMain.runKeyword(WebUIKeywordMain.groovy:20)
	at com.kms.katalon.core.webui.keyword.builtin.VerifyTextPresentKeyword.verifyTextPresent(VerifyTextPresentKeyword.groovy:83)
	at com.kms.katalon.core.webui.keyword.builtin.VerifyTextPresentKeyword.execute(VerifyTextPresentKeyword.groovy:68)
	at com.kms.katalon.core.keyword.internal.KeywordExecutor.executeKeywordForPlatform(KeywordExecutor.groovy:74)
	at com.kms.katalon.core.webui.keyword.WebUiBuiltInKeywords.verifyTextPresent(WebUiBuiltInKeywords.groovy:1723)
	at com.kms.katalon.core.webui.keyword.WebUiBuiltInKeywords$verifyTextPresent$4.call(Unknown Source)
	at Sale_TP_AllCF_Generic_Payment_TC.run(Sale_TP_AllCF_Generic_Payment_TC:183)
	at com.kms.katalon.core.main.ScriptEngine.run(ScriptEngine.java:194)
	at com.kms.katalon.core.main.ScriptEngine.runScriptAsRawText(ScriptEngine.java:119)
	at com.kms.katalon.core.main.TestCaseExecutor.runScript(TestCaseExecutor.java:442)
	at com.kms.katalon.core.main.TestCaseExecutor.doExecute(TestCaseExecutor.java:433)
	at com.kms.katalon.core.main.TestCaseExecutor.processExecutionPhase(TestCaseExecutor.java:412)
	at com.kms.katalon.core.main.TestCaseExecutor.accessMainPhase(TestCaseExecutor.java:404)
	at com.kms.katalon.core.main.TestCaseExecutor.execute(TestCaseExecutor.java:281)
	at com.kms.katalon.core.main.TestSuiteExecutor.accessTestCaseMainPhase(TestSuiteExecutor.java:202)
	at com.kms.katalon.core.main.TestSuiteExecutor.accessTestSuiteMainPhase(TestSuiteExecutor.java:164)
	at com.kms.katalon.core.main.TestSuiteExecutor.execute(TestSuiteExecutor.java:105)
	at com.kms.katalon.core.main.TestCaseMain.startTestSuite(TestCaseMain.java:185)
	at com.kms.katalon.core.main.TestCaseMain$startTestSuite$0.call(Unknown Source)
	at TempTestSuite1656640997204.run(TempTestSuite1656640997204.groovy:36)
)

2022-06-30 22:07:16 - [TEST_STEP][FAILED] - verifyTextPresent("United States", true): Text 'United States' is not present on page  using regular expression (Root cause: com.kms.katalon.core.exception.StepFailedException: Text 'United States' is not present on page  using regular expression
	at com.kms.katalon.core.webui.keyword.internal.WebUIKeywordMain.stepFailed(WebUIKeywordMain.groovy:64)
	at com.kms.katalon.core.webui.keyword.builtin.VerifyTextPresentKeyword$_verifyTextPresent_closure1.doCall(VerifyTextPresentKeyword.groovy:79)
	at com.kms.katalon.core.webui.keyword.builtin.VerifyTextPresentKeyword$_verifyTextPresent_closure1.call(VerifyTextPresentKeyword.groovy)
	at com.kms.katalon.core.webui.keyword.internal.WebUIKeywordMain.runKeyword(WebUIKeywordMain.groovy:20)
	at com.kms.katalon.core.webui.keyword.builtin.VerifyTextPresentKeyword.verifyTextPresent(VerifyTextPresentKeyword.groovy:83)
	at com.kms.katalon.core.webui.keyword.builtin.VerifyTextPresentKeyword.execute(VerifyTextPresentKeyword.groovy:68)
	at com.kms.katalon.core.keyword.internal.KeywordExecutor.executeKeywordForPlatform(KeywordExecutor.groovy:74)
	at com.kms.katalon.core.webui.keyword.WebUiBuiltInKeywords.verifyTextPresent(WebUiBuiltInKeywords.groovy:1723)
	at com.kms.katalon.core.webui.keyword.WebUiBuiltInKeywords$verifyTextPresent$4.call(Unknown Source)
	at Sale_TP_AllCF_Generic_Payment_TC.run(Sale_TP_AllCF_Generic_Payment_TC:184)
	at com.kms.katalon.core.main.ScriptEngine.run(ScriptEngine.java:194)
	at com.kms.katalon.core.main.ScriptEngine.runScriptAsRawText(ScriptEngine.java:119)
	at com.kms.katalon.core.main.TestCaseExecutor.runScript(TestCaseExecutor.java:442)
	at com.kms.katalon.core.main.TestCaseExecutor.doExecute(TestCaseExecutor.java:433)
	at com.kms.katalon.core.main.TestCaseExecutor.processExecutionPhase(TestCaseExecutor.java:412)
	at com.kms.katalon.core.main.TestCaseExecutor.accessMainPhase(TestCaseExecutor.java:404)
	at com.kms.katalon.core.main.TestCaseExecutor.execute(TestCaseExecutor.java:281)
	at com.kms.katalon.core.main.TestSuiteExecutor.accessTestCaseMainPhase(TestSuiteExecutor.java:202)
	at com.kms.katalon.core.main.TestSuiteExecutor.accessTestSuiteMainPhase(TestSuiteExecutor.java:164)
	at com.kms.katalon.core.main.TestSuiteExecutor.execute(TestSuiteExecutor.java:105)
	at com.kms.katalon.core.main.TestCaseMain.startTestSuite(TestCaseMain.java:185)
	at com.kms.katalon.core.main.TestCaseMain$startTestSuite$0.call(Unknown Source)
	at TempTestSuite1656640997204.run(TempTestSuite1656640997204.groovy:36)
)

2022-06-30 22:07:16 - [MESSAGE][FAILED] - Text 'United States' is not present on page  using regular expression (Root cause: com.kms.katalon.core.exception.StepFailedException: Text 'United States' is not present on page  using regular expression
	at com.kms.katalon.core.webui.keyword.internal.WebUIKeywordMain.stepFailed(WebUIKeywordMain.groovy:64)
	at com.kms.katalon.core.webui.keyword.builtin.VerifyTextPresentKeyword$_verifyTextPresent_closure1.doCall(VerifyTextPresentKeyword.groovy:79)
	at com.kms.katalon.core.webui.keyword.builtin.VerifyTextPresentKeyword$_verifyTextPresent_closure1.call(VerifyTextPresentKeyword.groovy)
	at com.kms.katalon.core.webui.keyword.internal.WebUIKeywordMain.runKeyword(WebUIKeywordMain.groovy:20)
	at com.kms.katalon.core.webui.keyword.builtin.VerifyTextPresentKeyword.verifyTextPresent(VerifyTextPresentKeyword.groovy:83)
	at com.kms.katalon.core.webui.keyword.builtin.VerifyTextPresentKeyword.execute(VerifyTextPresentKeyword.groovy:68)
	at com.kms.katalon.core.keyword.internal.KeywordExecutor.executeKeywordForPlatform(KeywordExecutor.groovy:74)
	at com.kms.katalon.core.webui.keyword.WebUiBuiltInKeywords.verifyTextPresent(WebUiBuiltInKeywords.groovy:1723)
	at com.kms.katalon.core.webui.keyword.WebUiBuiltInKeywords$verifyTextPresent$4.call(Unknown Source)
	at Sale_TP_AllCF_Generic_Payment_TC.run(Sale_TP_AllCF_Generic_Payment_TC:184)
	at com.kms.katalon.core.main.ScriptEngine.run(ScriptEngine.java:194)
	at com.kms.katalon.core.main.ScriptEngine.runScriptAsRawText(ScriptEngine.java:119)
	at com.kms.katalon.core.main.TestCaseExecutor.runScript(TestCaseExecutor.java:442)
	at com.kms.katalon.core.main.TestCaseExecutor.doExecute(TestCaseExecutor.java:433)
	at com.kms.katalon.core.main.TestCaseExecutor.processExecutionPhase(TestCaseExecutor.java:412)
	at com.kms.katalon.core.main.TestCaseExecutor.accessMainPhase(TestCaseExecutor.java:404)
	at com.kms.katalon.core.main.TestCaseExecutor.execute(TestCaseExecutor.java:281)
	at com.kms.katalon.core.main.TestSuiteExecutor.accessTestCaseMainPhase(TestSuiteExecutor.java:202)
	at com.kms.katalon.core.main.TestSuiteExecutor.accessTestSuiteMainPhase(TestSuiteExecutor.java:164)
	at com.kms.katalon.core.main.TestSuiteExecutor.execute(TestSuiteExecutor.java:105)
	at com.kms.katalon.core.main.TestCaseMain.startTestSuite(TestCaseMain.java:185)
	at com.kms.katalon.core.main.TestCaseMain$startTestSuite$0.call(Unknown Source)
	at TempTestSuite1656640997204.run(TempTestSuite1656640997204.groovy:36)
)

2022-06-30 22:07:16 - [TEST_STEP][FAILED] - verifyTextPresent("ARLINGTON", true): Text 'ARLINGTON' is not present on page  using regular expression (Root cause: com.kms.katalon.core.exception.StepFailedException: Text 'ARLINGTON' is not present on page  using regular expression
	at com.kms.katalon.core.webui.keyword.internal.WebUIKeywordMain.stepFailed(WebUIKeywordMain.groovy:64)
	at com.kms.katalon.core.webui.keyword.builtin.VerifyTextPresentKeyword$_verifyTextPresent_closure1.doCall(VerifyTextPresentKeyword.groovy:79)
	at com.kms.katalon.core.webui.keyword.builtin.VerifyTextPresentKeyword$_verifyTextPresent_closure1.call(VerifyTextPresentKeyword.groovy)
	at com.kms.katalon.core.webui.keyword.internal.WebUIKeywordMain.runKeyword(WebUIKeywordMain.groovy:20)
	at com.kms.katalon.core.webui.keyword.builtin.VerifyTextPresentKeyword.verifyTextPresent(VerifyTextPresentKeyword.groovy:83)
	at com.kms.katalon.core.webui.keyword.builtin.VerifyTextPresentKeyword.execute(VerifyTextPresentKeyword.groovy:68)
	at com.kms.katalon.core.keyword.internal.KeywordExecutor.executeKeywordForPlatform(KeywordExecutor.groovy:74)
	at com.kms.katalon.core.webui.keyword.WebUiBuiltInKeywords.verifyTextPresent(WebUiBuiltInKeywords.groovy:1723)
	at com.kms.katalon.core.webui.keyword.WebUiBuiltInKeywords$verifyTextPresent$4.call(Unknown Source)
	at Sale_TP_AllCF_Generic_Payment_TC.run(Sale_TP_AllCF_Generic_Payment_TC:185)
	at com.kms.katalon.core.main.ScriptEngine.run(ScriptEngine.java:194)
	at com.kms.katalon.core.main.ScriptEngine.runScriptAsRawText(ScriptEngine.java:119)
	at com.kms.katalon.core.main.TestCaseExecutor.runScript(TestCaseExecutor.java:442)
	at com.kms.katalon.core.main.TestCaseExecutor.doExecute(TestCaseExecutor.java:433)
	at com.kms.katalon.core.main.TestCaseExecutor.processExecutionPhase(TestCaseExecutor.java:412)
	at com.kms.katalon.core.main.TestCaseExecutor.accessMainPhase(TestCaseExecutor.java:404)
	at com.kms.katalon.core.main.TestCaseExecutor.execute(TestCaseExecutor.java:281)
	at com.kms.katalon.core.main.TestSuiteExecutor.accessTestCaseMainPhase(TestSuiteExecutor.java:202)
	at com.kms.katalon.core.main.TestSuiteExecutor.accessTestSuiteMainPhase(TestSuiteExecutor.java:164)
	at com.kms.katalon.core.main.TestSuiteExecutor.execute(TestSuiteExecutor.java:105)
	at com.kms.katalon.core.main.TestCaseMain.startTestSuite(TestCaseMain.java:185)
	at com.kms.katalon.core.main.TestCaseMain$startTestSuite$0.call(Unknown Source)
	at TempTestSuite1656640997204.run(TempTestSuite1656640997204.groovy:36)
)

2022-06-30 22:07:16 - [MESSAGE][FAILED] - Text 'ARLINGTON' is not present on page  using regular expression (Root cause: com.kms.katalon.core.exception.StepFailedException: Text 'ARLINGTON' is not present on page  using regular expression
	at com.kms.katalon.core.webui.keyword.internal.WebUIKeywordMain.stepFailed(WebUIKeywordMain.groovy:64)
	at com.kms.katalon.core.webui.keyword.builtin.VerifyTextPresentKeyword$_verifyTextPresent_closure1.doCall(VerifyTextPresentKeyword.groovy:79)
	at com.kms.katalon.core.webui.keyword.builtin.VerifyTextPresentKeyword$_verifyTextPresent_closure1.call(VerifyTextPresentKeyword.groovy)
	at com.kms.katalon.core.webui.keyword.internal.WebUIKeywordMain.runKeyword(WebUIKeywordMain.groovy:20)
	at com.kms.katalon.core.webui.keyword.builtin.VerifyTextPresentKeyword.verifyTextPresent(VerifyTextPresentKeyword.groovy:83)
	at com.kms.katalon.core.webui.keyword.builtin.VerifyTextPresentKeyword.execute(VerifyTextPresentKeyword.groovy:68)
	at com.kms.katalon.core.keyword.internal.KeywordExecutor.executeKeywordForPlatform(KeywordExecutor.groovy:74)
	at com.kms.katalon.core.webui.keyword.WebUiBuiltInKeywords.verifyTextPresent(WebUiBuiltInKeywords.groovy:1723)
	at com.kms.katalon.core.webui.keyword.WebUiBuiltInKeywords$verifyTextPresent$4.call(Unknown Source)
	at Sale_TP_AllCF_Generic_Payment_TC.run(Sale_TP_AllCF_Generic_Payment_TC:185)
	at com.kms.katalon.core.main.ScriptEngine.run(ScriptEngine.java:194)
	at com.kms.katalon.core.main.ScriptEngine.runScriptAsRawText(ScriptEngine.java:119)
	at com.kms.katalon.core.main.TestCaseExecutor.runScript(TestCaseExecutor.java:442)
	at com.kms.katalon.core.main.TestCaseExecutor.doExecute(TestCaseExecutor.java:433)
	at com.kms.katalon.core.main.TestCaseExecutor.processExecutionPhase(TestCaseExecutor.java:412)
	at com.kms.katalon.core.main.TestCaseExecutor.accessMainPhase(TestCaseExecutor.java:404)
	at com.kms.katalon.core.main.TestCaseExecutor.execute(TestCaseExecutor.java:281)
	at com.kms.katalon.core.main.TestSuiteExecutor.accessTestCaseMainPhase(TestSuiteExecutor.java:202)
	at com.kms.katalon.core.main.TestSuiteExecutor.accessTestSuiteMainPhase(TestSuiteExecutor.java:164)
	at com.kms.katalon.core.main.TestSuiteExecutor.execute(TestSuiteExecutor.java:105)
	at com.kms.katalon.core.main.TestCaseMain.startTestSuite(TestCaseMain.java:185)
	at com.kms.katalon.core.main.TestCaseMain$startTestSuite$0.call(Unknown Source)
	at TempTestSuite1656640997204.run(TempTestSuite1656640997204.groovy:36)
)

2022-06-30 22:07:16 - [TEST_STEP][FAILED] - verifyTextPresent("VA", true): Text 'VA' is not present on page  using regular expression (Root cause: com.kms.katalon.core.exception.StepFailedException: Text 'VA' is not present on page  using regular expression
	at com.kms.katalon.core.webui.keyword.internal.WebUIKeywordMain.stepFailed(WebUIKeywordMain.groovy:64)
	at com.kms.katalon.core.webui.keyword.builtin.VerifyTextPresentKeyword$_verifyTextPresent_closure1.doCall(VerifyTextPresentKeyword.groovy:79)
	at com.kms.katalon.core.webui.keyword.builtin.VerifyTextPresentKeyword$_verifyTextPresent_closure1.call(VerifyTextPresentKeyword.groovy)
	at com.kms.katalon.core.webui.keyword.internal.WebUIKeywordMain.runKeyword(WebUIKeywordMain.groovy:20)
	at com.kms.katalon.core.webui.keyword.builtin.VerifyTextPresentKeyword.verifyTextPresent(VerifyTextPresentKeyword.groovy:83)
	at com.kms.katalon.core.webui.keyword.builtin.VerifyTextPresentKeyword.execute(VerifyTextPresentKeyword.groovy:68)
	at com.kms.katalon.core.keyword.internal.KeywordExecutor.executeKeywordForPlatform(KeywordExecutor.groovy:74)
	at com.kms.katalon.core.webui.keyword.WebUiBuiltInKeywords.verifyTextPresent(WebUiBuiltInKeywords.groovy:1723)
	at com.kms.katalon.core.webui.keyword.WebUiBuiltInKeywords$verifyTextPresent$4.call(Unknown Source)
	at Sale_TP_AllCF_Generic_Payment_TC.run(Sale_TP_AllCF_Generic_Payment_TC:186)
	at com.kms.katalon.core.main.ScriptEngine.run(ScriptEngine.java:194)
	at com.kms.katalon.core.main.ScriptEngine.runScriptAsRawText(ScriptEngine.java:119)
	at com.kms.katalon.core.main.TestCaseExecutor.runScript(TestCaseExecutor.java:442)
	at com.kms.katalon.core.main.TestCaseExecutor.doExecute(TestCaseExecutor.java:433)
	at com.kms.katalon.core.main.TestCaseExecutor.processExecutionPhase(TestCaseExecutor.java:412)
	at com.kms.katalon.core.main.TestCaseExecutor.accessMainPhase(TestCaseExecutor.java:404)
	at com.kms.katalon.core.main.TestCaseExecutor.execute(TestCaseExecutor.java:281)
	at com.kms.katalon.core.main.TestSuiteExecutor.accessTestCaseMainPhase(TestSuiteExecutor.java:202)
	at com.kms.katalon.core.main.TestSuiteExecutor.accessTestSuiteMainPhase(TestSuiteExecutor.java:164)
	at com.kms.katalon.core.main.TestSuiteExecutor.execute(TestSuiteExecutor.java:105)
	at com.kms.katalon.core.main.TestCaseMain.startTestSuite(TestCaseMain.java:185)
	at com.kms.katalon.core.main.TestCaseMain$startTestSuite$0.call(Unknown Source)
	at TempTestSuite1656640997204.run(TempTestSuite1656640997204.groovy:36)
)

2022-06-30 22:07:16 - [MESSAGE][FAILED] - Text 'VA' is not present on page  using regular expression (Root cause: com.kms.katalon.core.exception.StepFailedException: Text 'VA' is not present on page  using regular expression
	at com.kms.katalon.core.webui.keyword.internal.WebUIKeywordMain.stepFailed(WebUIKeywordMain.groovy:64)
	at com.kms.katalon.core.webui.keyword.builtin.VerifyTextPresentKeyword$_verifyTextPresent_closure1.doCall(VerifyTextPresentKeyword.groovy:79)
	at com.kms.katalon.core.webui.keyword.builtin.VerifyTextPresentKeyword$_verifyTextPresent_closure1.call(VerifyTextPresentKeyword.groovy)
	at com.kms.katalon.core.webui.keyword.internal.WebUIKeywordMain.runKeyword(WebUIKeywordMain.groovy:20)
	at com.kms.katalon.core.webui.keyword.builtin.VerifyTextPresentKeyword.verifyTextPresent(VerifyTextPresentKeyword.groovy:83)
	at com.kms.katalon.core.webui.keyword.builtin.VerifyTextPresentKeyword.execute(VerifyTextPresentKeyword.groovy:68)
	at com.kms.katalon.core.keyword.internal.KeywordExecutor.executeKeywordForPlatform(KeywordExecutor.groovy:74)
	at com.kms.katalon.core.webui.keyword.WebUiBuiltInKeywords.verifyTextPresent(WebUiBuiltInKeywords.groovy:1723)
	at com.kms.katalon.core.webui.keyword.WebUiBuiltInKeywords$verifyTextPresent$4.call(Unknown Source)
	at Sale_TP_AllCF_Generic_Payment_TC.run(Sale_TP_AllCF_Generic_Payment_TC:186)
	at com.kms.katalon.core.main.ScriptEngine.run(ScriptEngine.java:194)
	at com.kms.katalon.core.main.ScriptEngine.runScriptAsRawText(ScriptEngine.java:119)
	at com.kms.katalon.core.main.TestCaseExecutor.runScript(TestCaseExecutor.java:442)
	at com.kms.katalon.core.main.TestCaseExecutor.doExecute(TestCaseExecutor.java:433)
	at com.kms.katalon.core.main.TestCaseExecutor.processExecutionPhase(TestCaseExecutor.java:412)
	at com.kms.katalon.core.main.TestCaseExecutor.accessMainPhase(TestCaseExecutor.java:404)
	at com.kms.katalon.core.main.TestCaseExecutor.execute(TestCaseExecutor.java:281)
	at com.kms.katalon.core.main.TestSuiteExecutor.accessTestCaseMainPhase(TestSuiteExecutor.java:202)
	at com.kms.katalon.core.main.TestSuiteExecutor.accessTestSuiteMainPhase(TestSuiteExecutor.java:164)
	at com.kms.katalon.core.main.TestSuiteExecutor.execute(TestSuiteExecutor.java:105)
	at com.kms.katalon.core.main.TestCaseMain.startTestSuite(TestCaseMain.java:185)
	at com.kms.katalon.core.main.TestCaseMain$startTestSuite$0.call(Unknown Source)
	at TempTestSuite1656640997204.run(TempTestSuite1656640997204.groovy:36)
)

2022-06-30 22:07:16 - [TEST_STEP][FAILED] - verifyTextPresent("22201", true): Text '22201' is not present on page  using regular expression (Root cause: com.kms.katalon.core.exception.StepFailedException: Text '22201' is not present on page  using regular expression
	at com.kms.katalon.core.webui.keyword.internal.WebUIKeywordMain.stepFailed(WebUIKeywordMain.groovy:64)
	at com.kms.katalon.core.webui.keyword.builtin.VerifyTextPresentKeyword$_verifyTextPresent_closure1.doCall(VerifyTextPresentKeyword.groovy:79)
	at com.kms.katalon.core.webui.keyword.builtin.VerifyTextPresentKeyword$_verifyTextPresent_closure1.call(VerifyTextPresentKeyword.groovy)
	at com.kms.katalon.core.webui.keyword.internal.WebUIKeywordMain.runKeyword(WebUIKeywordMain.groovy:20)
	at com.kms.katalon.core.webui.keyword.builtin.VerifyTextPresentKeyword.verifyTextPresent(VerifyTextPresentKeyword.groovy:83)
	at com.kms.katalon.core.webui.keyword.builtin.VerifyTextPresentKeyword.execute(VerifyTextPresentKeyword.groovy:68)
	at com.kms.katalon.core.keyword.internal.KeywordExecutor.executeKeywordForPlatform(KeywordExecutor.groovy:74)
	at com.kms.katalon.core.webui.keyword.WebUiBuiltInKeywords.verifyTextPresent(WebUiBuiltInKeywords.groovy:1723)
	at com.kms.katalon.core.webui.keyword.WebUiBuiltInKeywords$verifyTextPresent$4.call(Unknown Source)
	at Sale_TP_AllCF_Generic_Payment_TC.run(Sale_TP_AllCF_Generic_Payment_TC:187)
	at com.kms.katalon.core.main.ScriptEngine.run(ScriptEngine.java:194)
	at com.kms.katalon.core.main.ScriptEngine.runScriptAsRawText(ScriptEngine.java:119)
	at com.kms.katalon.core.main.TestCaseExecutor.runScript(TestCaseExecutor.java:442)
	at com.kms.katalon.core.main.TestCaseExecutor.doExecute(TestCaseExecutor.java:433)
	at com.kms.katalon.core.main.TestCaseExecutor.processExecutionPhase(TestCaseExecutor.java:412)
	at com.kms.katalon.core.main.TestCaseExecutor.accessMainPhase(TestCaseExecutor.java:404)
	at com.kms.katalon.core.main.TestCaseExecutor.execute(TestCaseExecutor.java:281)
	at com.kms.katalon.core.main.TestSuiteExecutor.accessTestCaseMainPhase(TestSuiteExecutor.java:202)
	at com.kms.katalon.core.main.TestSuiteExecutor.accessTestSuiteMainPhase(TestSuiteExecutor.java:164)
	at com.kms.katalon.core.main.TestSuiteExecutor.execute(TestSuiteExecutor.java:105)
	at com.kms.katalon.core.main.TestCaseMain.startTestSuite(TestCaseMain.java:185)
	at com.kms.katalon.core.main.TestCaseMain$startTestSuite$0.call(Unknown Source)
	at TempTestSuite1656640997204.run(TempTestSuite1656640997204.groovy:36)
)

2022-06-30 22:07:16 - [MESSAGE][FAILED] - Text '22201' is not present on page  using regular expression (Root cause: com.kms.katalon.core.exception.StepFailedException: Text '22201' is not present on page  using regular expression
	at com.kms.katalon.core.webui.keyword.internal.WebUIKeywordMain.stepFailed(WebUIKeywordMain.groovy:64)
	at com.kms.katalon.core.webui.keyword.builtin.VerifyTextPresentKeyword$_verifyTextPresent_closure1.doCall(VerifyTextPresentKeyword.groovy:79)
	at com.kms.katalon.core.webui.keyword.builtin.VerifyTextPresentKeyword$_verifyTextPresent_closure1.call(VerifyTextPresentKeyword.groovy)
	at com.kms.katalon.core.webui.keyword.internal.WebUIKeywordMain.runKeyword(WebUIKeywordMain.groovy:20)
	at com.kms.katalon.core.webui.keyword.builtin.VerifyTextPresentKeyword.verifyTextPresent(VerifyTextPresentKeyword.groovy:83)
	at com.kms.katalon.core.webui.keyword.builtin.VerifyTextPresentKeyword.execute(VerifyTextPresentKeyword.groovy:68)
	at com.kms.katalon.core.keyword.internal.KeywordExecutor.executeKeywordForPlatform(KeywordExecutor.groovy:74)
	at com.kms.katalon.core.webui.keyword.WebUiBuiltInKeywords.verifyTextPresent(WebUiBuiltInKeywords.groovy:1723)
	at com.kms.katalon.core.webui.keyword.WebUiBuiltInKeywords$verifyTextPresent$4.call(Unknown Source)
	at Sale_TP_AllCF_Generic_Payment_TC.run(Sale_TP_AllCF_Generic_Payment_TC:187)
	at com.kms.katalon.core.main.ScriptEngine.run(ScriptEngine.java:194)
	at com.kms.katalon.core.main.ScriptEngine.runScriptAsRawText(ScriptEngine.java:119)
	at com.kms.katalon.core.main.TestCaseExecutor.runScript(TestCaseExecutor.java:442)
	at com.kms.katalon.core.main.TestCaseExecutor.doExecute(TestCaseExecutor.java:433)
	at com.kms.katalon.core.main.TestCaseExecutor.processExecutionPhase(TestCaseExecutor.java:412)
	at com.kms.katalon.core.main.TestCaseExecutor.accessMainPhase(TestCaseExecutor.java:404)
	at com.kms.katalon.core.main.TestCaseExecutor.execute(TestCaseExecutor.java:281)
	at com.kms.katalon.core.main.TestSuiteExecutor.accessTestCaseMainPhase(TestSuiteExecutor.java:202)
	at com.kms.katalon.core.main.TestSuiteExecutor.accessTestSuiteMainPhase(TestSuiteExecutor.java:164)
	at com.kms.katalon.core.main.TestSuiteExecutor.execute(TestSuiteExecutor.java:105)
	at com.kms.katalon.core.main.TestCaseMain.startTestSuite(TestCaseMain.java:185)
	at com.kms.katalon.core.main.TestCaseMain$startTestSuite$0.call(Unknown Source)
	at TempTestSuite1656640997204.run(TempTestSuite1656640997204.groovy:36)
)

2022-06-30 22:07:16 - [TEST_STEP][PASSED] - cardTypeV = findTestData(dataFile).getValue("CardType", row): null

2022-06-30 22:07:16 - [TEST_STEP][PASSED] - last4V = findTestData(dataFile).getValue("Last4", row): null

2022-06-30 22:07:16 - [TEST_STEP][FAILED] - verifyTextPresent(cardTypeV, true): Text 'MasterCard' is not present on page  using regular expression (Root cause: com.kms.katalon.core.exception.StepFailedException: Text 'MasterCard' is not present on page  using regular expression
	at com.kms.katalon.core.webui.keyword.internal.WebUIKeywordMain.stepFailed(WebUIKeywordMain.groovy:64)
	at com.kms.katalon.core.webui.keyword.builtin.VerifyTextPresentKeyword$_verifyTextPresent_closure1.doCall(VerifyTextPresentKeyword.groovy:79)
	at com.kms.katalon.core.webui.keyword.builtin.VerifyTextPresentKeyword$_verifyTextPresent_closure1.call(VerifyTextPresentKeyword.groovy)
	at com.kms.katalon.core.webui.keyword.internal.WebUIKeywordMain.runKeyword(WebUIKeywordMain.groovy:20)
	at com.kms.katalon.core.webui.keyword.builtin.VerifyTextPresentKeyword.verifyTextPresent(VerifyTextPresentKeyword.groovy:83)
	at com.kms.katalon.core.webui.keyword.builtin.VerifyTextPresentKeyword.execute(VerifyTextPresentKeyword.groovy:68)
	at com.kms.katalon.core.keyword.internal.KeywordExecutor.executeKeywordForPlatform(KeywordExecutor.groovy:74)
	at com.kms.katalon.core.webui.keyword.WebUiBuiltInKeywords.verifyTextPresent(WebUiBuiltInKeywords.groovy:1723)
	at com.kms.katalon.core.webui.keyword.WebUiBuiltInKeywords$verifyTextPresent$4.call(Unknown Source)
	at Sale_TP_AllCF_Generic_Payment_TC.run(Sale_TP_AllCF_Generic_Payment_TC:192)
	at com.kms.katalon.core.main.ScriptEngine.run(ScriptEngine.java:194)
	at com.kms.katalon.core.main.ScriptEngine.runScriptAsRawText(ScriptEngine.java:119)
	at com.kms.katalon.core.main.TestCaseExecutor.runScript(TestCaseExecutor.java:442)
	at com.kms.katalon.core.main.TestCaseExecutor.doExecute(TestCaseExecutor.java:433)
	at com.kms.katalon.core.main.TestCaseExecutor.processExecutionPhase(TestCaseExecutor.java:412)
	at com.kms.katalon.core.main.TestCaseExecutor.accessMainPhase(TestCaseExecutor.java:404)
	at com.kms.katalon.core.main.TestCaseExecutor.execute(TestCaseExecutor.java:281)
	at com.kms.katalon.core.main.TestSuiteExecutor.accessTestCaseMainPhase(TestSuiteExecutor.java:202)
	at com.kms.katalon.core.main.TestSuiteExecutor.accessTestSuiteMainPhase(TestSuiteExecutor.java:164)
	at com.kms.katalon.core.main.TestSuiteExecutor.execute(TestSuiteExecutor.java:105)
	at com.kms.katalon.core.main.TestCaseMain.startTestSuite(TestCaseMain.java:185)
	at com.kms.katalon.core.main.TestCaseMain$startTestSuite$0.call(Unknown Source)
	at TempTestSuite1656640997204.run(TempTestSuite1656640997204.groovy:36)
)

2022-06-30 22:07:16 - [MESSAGE][FAILED] - Text 'MasterCard' is not present on page  using regular expression (Root cause: com.kms.katalon.core.exception.StepFailedException: Text 'MasterCard' is not present on page  using regular expression
	at com.kms.katalon.core.webui.keyword.internal.WebUIKeywordMain.stepFailed(WebUIKeywordMain.groovy:64)
	at com.kms.katalon.core.webui.keyword.builtin.VerifyTextPresentKeyword$_verifyTextPresent_closure1.doCall(VerifyTextPresentKeyword.groovy:79)
	at com.kms.katalon.core.webui.keyword.builtin.VerifyTextPresentKeyword$_verifyTextPresent_closure1.call(VerifyTextPresentKeyword.groovy)
	at com.kms.katalon.core.webui.keyword.internal.WebUIKeywordMain.runKeyword(WebUIKeywordMain.groovy:20)
	at com.kms.katalon.core.webui.keyword.builtin.VerifyTextPresentKeyword.verifyTextPresent(VerifyTextPresentKeyword.groovy:83)
	at com.kms.katalon.core.webui.keyword.builtin.VerifyTextPresentKeyword.execute(VerifyTextPresentKeyword.groovy:68)
	at com.kms.katalon.core.keyword.internal.KeywordExecutor.executeKeywordForPlatform(KeywordExecutor.groovy:74)
	at com.kms.katalon.core.webui.keyword.WebUiBuiltInKeywords.verifyTextPresent(WebUiBuiltInKeywords.groovy:1723)
	at com.kms.katalon.core.webui.keyword.WebUiBuiltInKeywords$verifyTextPresent$4.call(Unknown Source)
	at Sale_TP_AllCF_Generic_Payment_TC.run(Sale_TP_AllCF_Generic_Payment_TC:192)
	at com.kms.katalon.core.main.ScriptEngine.run(ScriptEngine.java:194)
	at com.kms.katalon.core.main.ScriptEngine.runScriptAsRawText(ScriptEngine.java:119)
	at com.kms.katalon.core.main.TestCaseExecutor.runScript(TestCaseExecutor.java:442)
	at com.kms.katalon.core.main.TestCaseExecutor.doExecute(TestCaseExecutor.java:433)
	at com.kms.katalon.core.main.TestCaseExecutor.processExecutionPhase(TestCaseExecutor.java:412)
	at com.kms.katalon.core.main.TestCaseExecutor.accessMainPhase(TestCaseExecutor.java:404)
	at com.kms.katalon.core.main.TestCaseExecutor.execute(TestCaseExecutor.java:281)
	at com.kms.katalon.core.main.TestSuiteExecutor.accessTestCaseMainPhase(TestSuiteExecutor.java:202)
	at com.kms.katalon.core.main.TestSuiteExecutor.accessTestSuiteMainPhase(TestSuiteExecutor.java:164)
	at com.kms.katalon.core.main.TestSuiteExecutor.execute(TestSuiteExecutor.java:105)
	at com.kms.katalon.core.main.TestCaseMain.startTestSuite(TestCaseMain.java:185)
	at com.kms.katalon.core.main.TestCaseMain$startTestSuite$0.call(Unknown Source)
	at TempTestSuite1656640997204.run(TempTestSuite1656640997204.groovy:36)
)

2022-06-30 22:07:16 - [TEST_STEP][FAILED] - verifyTextPresent(last4V, true): Text '0035' is not present on page  using regular expression (Root cause: com.kms.katalon.core.exception.StepFailedException: Text '0035' is not present on page  using regular expression
	at com.kms.katalon.core.webui.keyword.internal.WebUIKeywordMain.stepFailed(WebUIKeywordMain.groovy:64)
	at com.kms.katalon.core.webui.keyword.builtin.VerifyTextPresentKeyword$_verifyTextPresent_closure1.doCall(VerifyTextPresentKeyword.groovy:79)
	at com.kms.katalon.core.webui.keyword.builtin.VerifyTextPresentKeyword$_verifyTextPresent_closure1.call(VerifyTextPresentKeyword.groovy)
	at com.kms.katalon.core.webui.keyword.internal.WebUIKeywordMain.runKeyword(WebUIKeywordMain.groovy:20)
	at com.kms.katalon.core.webui.keyword.builtin.VerifyTextPresentKeyword.verifyTextPresent(VerifyTextPresentKeyword.groovy:83)
	at com.kms.katalon.core.webui.keyword.builtin.VerifyTextPresentKeyword.execute(VerifyTextPresentKeyword.groovy:68)
	at com.kms.katalon.core.keyword.internal.KeywordExecutor.executeKeywordForPlatform(KeywordExecutor.groovy:74)
	at com.kms.katalon.core.webui.keyword.WebUiBuiltInKeywords.verifyTextPresent(WebUiBuiltInKeywords.groovy:1723)
	at com.kms.katalon.core.webui.keyword.WebUiBuiltInKeywords$verifyTextPresent$4.call(Unknown Source)
	at Sale_TP_AllCF_Generic_Payment_TC.run(Sale_TP_AllCF_Generic_Payment_TC:193)
	at com.kms.katalon.core.main.ScriptEngine.run(ScriptEngine.java:194)
	at com.kms.katalon.core.main.ScriptEngine.runScriptAsRawText(ScriptEngine.java:119)
	at com.kms.katalon.core.main.TestCaseExecutor.runScript(TestCaseExecutor.java:442)
	at com.kms.katalon.core.main.TestCaseExecutor.doExecute(TestCaseExecutor.java:433)
	at com.kms.katalon.core.main.TestCaseExecutor.processExecutionPhase(TestCaseExecutor.java:412)
	at com.kms.katalon.core.main.TestCaseExecutor.accessMainPhase(TestCaseExecutor.java:404)
	at com.kms.katalon.core.main.TestCaseExecutor.execute(TestCaseExecutor.java:281)
	at com.kms.katalon.core.main.TestSuiteExecutor.accessTestCaseMainPhase(TestSuiteExecutor.java:202)
	at com.kms.katalon.core.main.TestSuiteExecutor.accessTestSuiteMainPhase(TestSuiteExecutor.java:164)
	at com.kms.katalon.core.main.TestSuiteExecutor.execute(TestSuiteExecutor.java:105)
	at com.kms.katalon.core.main.TestCaseMain.startTestSuite(TestCaseMain.java:185)
	at com.kms.katalon.core.main.TestCaseMain$startTestSuite$0.call(Unknown Source)
	at TempTestSuite1656640997204.run(TempTestSuite1656640997204.groovy:36)
)

2022-06-30 22:07:16 - [MESSAGE][FAILED] - Text '0035' is not present on page  using regular expression (Root cause: com.kms.katalon.core.exception.StepFailedException: Text '0035' is not present on page  using regular expression
	at com.kms.katalon.core.webui.keyword.internal.WebUIKeywordMain.stepFailed(WebUIKeywordMain.groovy:64)
	at com.kms.katalon.core.webui.keyword.builtin.VerifyTextPresentKeyword$_verifyTextPresent_closure1.doCall(VerifyTextPresentKeyword.groovy:79)
	at com.kms.katalon.core.webui.keyword.builtin.VerifyTextPresentKeyword$_verifyTextPresent_closure1.call(VerifyTextPresentKeyword.groovy)
	at com.kms.katalon.core.webui.keyword.internal.WebUIKeywordMain.runKeyword(WebUIKeywordMain.groovy:20)
	at com.kms.katalon.core.webui.keyword.builtin.VerifyTextPresentKeyword.verifyTextPresent(VerifyTextPresentKeyword.groovy:83)
	at com.kms.katalon.core.webui.keyword.builtin.VerifyTextPresentKeyword.execute(VerifyTextPresentKeyword.groovy:68)
	at com.kms.katalon.core.keyword.internal.KeywordExecutor.executeKeywordForPlatform(KeywordExecutor.groovy:74)
	at com.kms.katalon.core.webui.keyword.WebUiBuiltInKeywords.verifyTextPresent(WebUiBuiltInKeywords.groovy:1723)
	at com.kms.katalon.core.webui.keyword.WebUiBuiltInKeywords$verifyTextPresent$4.call(Unknown Source)
	at Sale_TP_AllCF_Generic_Payment_TC.run(Sale_TP_AllCF_Generic_Payment_TC:193)
	at com.kms.katalon.core.main.ScriptEngine.run(ScriptEngine.java:194)
	at com.kms.katalon.core.main.ScriptEngine.runScriptAsRawText(ScriptEngine.java:119)
	at com.kms.katalon.core.main.TestCaseExecutor.runScript(TestCaseExecutor.java:442)
	at com.kms.katalon.core.main.TestCaseExecutor.doExecute(TestCaseExecutor.java:433)
	at com.kms.katalon.core.main.TestCaseExecutor.processExecutionPhase(TestCaseExecutor.java:412)
	at com.kms.katalon.core.main.TestCaseExecutor.accessMainPhase(TestCaseExecutor.java:404)
	at com.kms.katalon.core.main.TestCaseExecutor.execute(TestCaseExecutor.java:281)
	at com.kms.katalon.core.main.TestSuiteExecutor.accessTestCaseMainPhase(TestSuiteExecutor.java:202)
	at com.kms.katalon.core.main.TestSuiteExecutor.accessTestSuiteMainPhase(TestSuiteExecutor.java:164)
	at com.kms.katalon.core.main.TestSuiteExecutor.execute(TestSuiteExecutor.java:105)
	at com.kms.katalon.core.main.TestCaseMain.startTestSuite(TestCaseMain.java:185)
	at com.kms.katalon.core.main.TestCaseMain$startTestSuite$0.call(Unknown Source)
	at TempTestSuite1656640997204.run(TempTestSuite1656640997204.groovy:36)
)

2022-06-30 22:07:16 - [TEST_STEP][PASSED] - switch (appName): null

2022-06-30 22:07:16 - [TEST_STEP][PASSED] - closeBrowser(): Browser is closed

2022-06-30 22:07:17 - [MESSAGE][PASSED] - Browser is closed

2022-06-30 22:07:17 - [TEST_STEP][PASSED] - ExecuteTC = findTestData(dataFile).getValue("Execute", row): null

2022-06-30 22:07:17 - [TEST_STEP][PASSED] - out.println("Value of Execute is : " + ExecuteTC): null

2022-06-30 22:07:17 - [TEST_STEP][PASSED] - switch (executionProfile): null

2022-06-30 22:07:17 - [TEST_STEP][PASSED] - case "QAProfile":: null

2022-06-30 22:07:17 - [TEST_STEP][PASSED] - appName = findTestData(dataFile).getValue("AppNameQA", row): null

2022-06-30 22:07:17 - [TEST_STEP][PASSED] - appID = findTestData(dataFile).getValue("AppIDQA", row): null

2022-06-30 22:07:17 - [TEST_STEP][PASSED] - break: null

2022-06-30 22:07:17 - [TEST_STEP][FAILED] - if (ExecuteTC.equalsIgnoreCase("Y")): null

2022-06-30 22:07:17 - [TEST_STEP][PASSED] - out.println("Begin Record Number: " + row): null

2022-06-30 22:07:17 - [TEST_STEP][PASSED] - today = new java.util.Date(): null

2022-06-30 22:07:17 - [TEST_STEP][PASSED] - println(today): null

2022-06-30 22:07:17 - [TEST_STEP][PASSED] - datText = today: null

2022-06-30 22:07:17 - [TEST_STEP][FAILED] - adminSuiteBootstrap.loginFunctionality.login_AdminSuite(): com.kms.katalon.core.exception.StepFailedException: Unable to open browser with url: 'https://qa.velocitypayment.com/admin/imtiaz' (Root cause: com.kms.katalon.core.exception.StepFailedException: Unable to open browser with url: 'https://qa.velocitypayment.com/admin/imtiaz'
	at com.kms.katalon.core.webui.keyword.internal.WebUIKeywordMain.stepFailed(WebUIKeywordMain.groovy:64)
	at com.kms.katalon.core.webui.keyword.internal.WebUIKeywordMain.runKeyword(WebUIKeywordMain.groovy:26)
	at com.kms.katalon.core.webui.keyword.builtin.OpenBrowserKeyword.openBrowser(OpenBrowserKeyword.groovy:81)
	at com.kms.katalon.core.webui.keyword.builtin.OpenBrowserKeyword.execute(OpenBrowserKeyword.groovy:67)
	at com.kms.katalon.core.keyword.internal.KeywordExecutor.executeKeywordForPlatform(KeywordExecutor.groovy:74)
	at com.kms.katalon.core.webui.keyword.WebUiBuiltInKeywords.openBrowser(WebUiBuiltInKeywords.groovy:64)
	at com.kms.katalon.core.webui.keyword.WebUiBuiltInKeywords$openBrowser.call(Unknown Source)
	at adminSuiteBootstrap.loginFunctionality.login_AdminSuite(loginFunctionality.groovy:41)
	at adminSuiteBootstrap.loginFunctionality.invokeMethod(loginFunctionality.groovy)
	at com.kms.katalon.core.main.CustomKeywordDelegatingMetaClass.invokeStaticMethod(CustomKeywordDelegatingMetaClass.java:50)
	at Sale_TP_AllCF_Generic_Payment_TC.run(Sale_TP_AllCF_Generic_Payment_TC:96)
	at com.kms.katalon.core.main.ScriptEngine.run(ScriptEngine.java:194)
	at com.kms.katalon.core.main.ScriptEngine.runScriptAsRawText(ScriptEngine.java:119)
	at com.kms.katalon.core.main.TestCaseExecutor.runScript(TestCaseExecutor.java:442)
	at com.kms.katalon.core.main.TestCaseExecutor.doExecute(TestCaseExecutor.java:433)
	at com.kms.katalon.core.main.TestCaseExecutor.processExecutionPhase(TestCaseExecutor.java:412)
	at com.kms.katalon.core.main.TestCaseExecutor.accessMainPhase(TestCaseExecutor.java:404)
	at com.kms.katalon.core.main.TestCaseExecutor.execute(TestCaseExecutor.java:281)
	at com.kms.katalon.core.main.TestSuiteExecutor.accessTestCaseMainPhase(TestSuiteExecutor.java:202)
	at com.kms.katalon.core.main.TestSuiteExecutor.accessTestSuiteMainPhase(TestSuiteExecutor.java:164)
	at com.kms.katalon.core.main.TestSuiteExecutor.execute(TestSuiteExecutor.java:105)
	at com.kms.katalon.core.main.TestCaseMain.startTestSuite(TestCaseMain.java:185)
	at com.kms.katalon.core.main.TestCaseMain$startTestSuite$0.call(Unknown Source)
	at TempTestSuite1656640997204.run(TempTestSuite1656640997204.groovy:36)
Caused by: org.openqa.selenium.WebDriverException: unknown error: net::ERR_CONNECTION_TIMED_OUT
  (Session info: chrome=103.0.5060.66)
Build info: version: '3.141.59', revision: 'e82be7d358', time: '2018-11-14T08:25:53'
System info: host: 'DESKTOP-B2QI6NS', ip: '192.168.1.87', os.name: 'Windows 10', os.arch: 'amd64', os.version: '10.0', java.version: '1.8.0_181'
Driver info: com.kms.katalon.selenium.driver.CChromeDriver
Capabilities {acceptInsecureCerts: true, browserName: chrome, browserVersion: 103.0.5060.66, chrome: {chromedriverVersion: 103.0.5060.53 (a1711811edd7..., userDataDir: C:\Users\imtiaz\AppData\Loc...}, goog:chromeOptions: {debuggerAddress: localhost:55017}, javascriptEnabled: true, networkConnectionEnabled: false, pageLoadStrategy: normal, platform: WINDOWS, platformName: WINDOWS, proxy: Proxy(), setWindowRect: true, strictFileInteractability: false, timeouts: {implicit: 0, pageLoad: 300000, script: 30000}, unhandledPromptBehavior: dismiss and notify, webauthn:extension:credBlob: true, webauthn:extension:largeBlob: true, webauthn:virtualAuthenticators: true}
Session ID: efa2b9eb7928154ba23a0472bf5e7ff5
	at org.openqa.selenium.remote.http.W3CHttpResponseCodec.createException(W3CHttpResponseCodec.java:187)
	at org.openqa.selenium.remote.http.W3CHttpResponseCodec.decode(W3CHttpResponseCodec.java:122)
	at org.openqa.selenium.remote.http.W3CHttpResponseCodec.decode(W3CHttpResponseCodec.java:49)
	at org.openqa.selenium.remote.HttpCommandExecutor.execute(HttpCommandExecutor.java:158)
	at org.openqa.selenium.remote.service.DriverCommandExecutor.execute(DriverCommandExecutor.java:83)
	at org.openqa.selenium.remote.RemoteWebDriver.execute(RemoteWebDriver.java:552)
	at com.kms.katalon.selenium.driver.CChromeDriver.execute(CChromeDriver.java:19)
	at org.openqa.selenium.remote.RemoteWebDriver.get(RemoteWebDriver.java:277)
	at org.openqa.selenium.support.events.EventFiringWebDriver.lambda$new$1(EventFiringWebDriver.java:105)
	at com.sun.proxy.$Proxy10.get(Unknown Source)
	at org.openqa.selenium.support.events.EventFiringWebDriver.get(EventFiringWebDriver.java:165)
	at com.kms.katalon.core.webui.keyword.builtin.OpenBrowserKeyword$_openBrowser_closure1.doCall(OpenBrowserKeyword.groovy:78)
	at com.kms.katalon.core.webui.keyword.builtin.OpenBrowserKeyword$_openBrowser_closure1.call(OpenBrowserKeyword.groovy)
	at com.kms.katalon.core.webui.keyword.internal.WebUIKeywordMain.runKeyword(WebUIKeywordMain.groovy:20)
	at com.kms.katalon.core.webui.keyword.builtin.OpenBrowserKeyword.openBrowser(OpenBrowserKeyword.groovy:81)
	at com.kms.katalon.core.webui.keyword.builtin.OpenBrowserKeyword.execute(OpenBrowserKeyword.groovy:67)
	at com.kms.katalon.core.keyword.internal.KeywordExecutor.executeKeywordForPlatform(KeywordExecutor.groovy:74)
	at com.kms.katalon.core.webui.keyword.WebUiBuiltInKeywords.openBrowser(WebUiBuiltInKeywords.groovy:64)
	at com.kms.katalon.core.webui.keyword.WebUiBuiltInKeywords$openBrowser.call(Unknown Source)
	at adminSuiteBootstrap.loginFunctionality.login_AdminSuite(loginFunctionality.groovy:41)
	at adminSuiteBootstrap.loginFunctionality.invokeMethod(loginFunctionality.groovy)
	at com.kms.katalon.core.main.CustomKeywordDelegatingMetaClass.invokeStaticMethod(CustomKeywordDelegatingMetaClass.java:50)
	at Script1652205847657.run(Script1652205847657.groovy:96)
	... 13 more
)

2022-06-30 22:07:17 - [MESSAGE][INFO] - Starting 'Chrome' driver

2022-06-30 22:07:17 - [MESSAGE][INFO] - User set preference: ['acceptInsecureCerts', 'true']

2022-06-30 22:07:17 - [MESSAGE][INFO] - Action delay is set to 0 milliseconds

2022-06-30 22:08:01 - [MESSAGE][FAILED] - Unable to open browser with url: 'https://qa.velocitypayment.com/admin/imtiaz' (Root cause: com.kms.katalon.core.exception.StepFailedException: Unable to open browser with url: 'https://qa.velocitypayment.com/admin/imtiaz'
	at com.kms.katalon.core.webui.keyword.internal.WebUIKeywordMain.stepFailed(WebUIKeywordMain.groovy:64)
	at com.kms.katalon.core.webui.keyword.internal.WebUIKeywordMain.runKeyword(WebUIKeywordMain.groovy:26)
	at com.kms.katalon.core.webui.keyword.builtin.OpenBrowserKeyword.openBrowser(OpenBrowserKeyword.groovy:81)
	at com.kms.katalon.core.webui.keyword.builtin.OpenBrowserKeyword.execute(OpenBrowserKeyword.groovy:67)
	at com.kms.katalon.core.keyword.internal.KeywordExecutor.executeKeywordForPlatform(KeywordExecutor.groovy:74)
	at com.kms.katalon.core.webui.keyword.WebUiBuiltInKeywords.openBrowser(WebUiBuiltInKeywords.groovy:64)
	at com.kms.katalon.core.webui.keyword.WebUiBuiltInKeywords$openBrowser.call(Unknown Source)
	at adminSuiteBootstrap.loginFunctionality.login_AdminSuite(loginFunctionality.groovy:41)
	at adminSuiteBootstrap.loginFunctionality.invokeMethod(loginFunctionality.groovy)
	at com.kms.katalon.core.main.CustomKeywordDelegatingMetaClass.invokeStaticMethod(CustomKeywordDelegatingMetaClass.java:50)
	at Sale_TP_AllCF_Generic_Payment_TC.run(Sale_TP_AllCF_Generic_Payment_TC:96)
	at com.kms.katalon.core.main.ScriptEngine.run(ScriptEngine.java:194)
	at com.kms.katalon.core.main.ScriptEngine.runScriptAsRawText(ScriptEngine.java:119)
	at com.kms.katalon.core.main.TestCaseExecutor.runScript(TestCaseExecutor.java:442)
	at com.kms.katalon.core.main.TestCaseExecutor.doExecute(TestCaseExecutor.java:433)
	at com.kms.katalon.core.main.TestCaseExecutor.processExecutionPhase(TestCaseExecutor.java:412)
	at com.kms.katalon.core.main.TestCaseExecutor.accessMainPhase(TestCaseExecutor.java:404)
	at com.kms.katalon.core.main.TestCaseExecutor.execute(TestCaseExecutor.java:281)
	at com.kms.katalon.core.main.TestSuiteExecutor.accessTestCaseMainPhase(TestSuiteExecutor.java:202)
	at com.kms.katalon.core.main.TestSuiteExecutor.accessTestSuiteMainPhase(TestSuiteExecutor.java:164)
	at com.kms.katalon.core.main.TestSuiteExecutor.execute(TestSuiteExecutor.java:105)
	at com.kms.katalon.core.main.TestCaseMain.startTestSuite(TestCaseMain.java:185)
	at com.kms.katalon.core.main.TestCaseMain$startTestSuite$0.call(Unknown Source)
	at TempTestSuite1656640997204.run(TempTestSuite1656640997204.groovy:36)
Caused by: org.openqa.selenium.WebDriverException: unknown error: net::ERR_CONNECTION_TIMED_OUT
  (Session info: chrome=103.0.5060.66)
Build info: version: '3.141.59', revision: 'e82be7d358', time: '2018-11-14T08:25:53'
System info: host: 'DESKTOP-B2QI6NS', ip: '192.168.1.87', os.name: 'Windows 10', os.arch: 'amd64', os.version: '10.0', java.version: '1.8.0_181'
Driver info: com.kms.katalon.selenium.driver.CChromeDriver
Capabilities {acceptInsecureCerts: true, browserName: chrome, browserVersion: 103.0.5060.66, chrome: {chromedriverVersion: 103.0.5060.53 (a1711811edd7..., userDataDir: C:\Users\imtiaz\AppData\Loc...}, goog:chromeOptions: {debuggerAddress: localhost:55017}, javascriptEnabled: true, networkConnectionEnabled: false, pageLoadStrategy: normal, platform: WINDOWS, platformName: WINDOWS, proxy: Proxy(), setWindowRect: true, strictFileInteractability: false, timeouts: {implicit: 0, pageLoad: 300000, script: 30000}, unhandledPromptBehavior: dismiss and notify, webauthn:extension:credBlob: true, webauthn:extension:largeBlob: true, webauthn:virtualAuthenticators: true}
Session ID: efa2b9eb7928154ba23a0472bf5e7ff5
	at org.openqa.selenium.remote.http.W3CHttpResponseCodec.createException(W3CHttpResponseCodec.java:187)
	at org.openqa.selenium.remote.http.W3CHttpResponseCodec.decode(W3CHttpResponseCodec.java:122)
	at org.openqa.selenium.remote.http.W3CHttpResponseCodec.decode(W3CHttpResponseCodec.java:49)
	at org.openqa.selenium.remote.HttpCommandExecutor.execute(HttpCommandExecutor.java:158)
	at org.openqa.selenium.remote.service.DriverCommandExecutor.execute(DriverCommandExecutor.java:83)
	at org.openqa.selenium.remote.RemoteWebDriver.execute(RemoteWebDriver.java:552)
	at com.kms.katalon.selenium.driver.CChromeDriver.execute(CChromeDriver.java:19)
	at org.openqa.selenium.remote.RemoteWebDriver.get(RemoteWebDriver.java:277)
	at org.openqa.selenium.support.events.EventFiringWebDriver.lambda$new$1(EventFiringWebDriver.java:105)
	at com.sun.proxy.$Proxy10.get(Unknown Source)
	at org.openqa.selenium.support.events.EventFiringWebDriver.get(EventFiringWebDriver.java:165)
	at com.kms.katalon.core.webui.keyword.builtin.OpenBrowserKeyword$_openBrowser_closure1.doCall(OpenBrowserKeyword.groovy:78)
	at com.kms.katalon.core.webui.keyword.builtin.OpenBrowserKeyword$_openBrowser_closure1.call(OpenBrowserKeyword.groovy)
	at com.kms.katalon.core.webui.keyword.internal.WebUIKeywordMain.runKeyword(WebUIKeywordMain.groovy:20)
	at com.kms.katalon.core.webui.keyword.builtin.OpenBrowserKeyword.openBrowser(OpenBrowserKeyword.groovy:81)
	at com.kms.katalon.core.webui.keyword.builtin.OpenBrowserKeyword.execute(OpenBrowserKeyword.groovy:67)
	at com.kms.katalon.core.keyword.internal.KeywordExecutor.executeKeywordForPlatform(KeywordExecutor.groovy:74)
	at com.kms.katalon.core.webui.keyword.WebUiBuiltInKeywords.openBrowser(WebUiBuiltInKeywords.groovy:64)
	at com.kms.katalon.core.webui.keyword.WebUiBuiltInKeywords$openBrowser.call(Unknown Source)
	at adminSuiteBootstrap.loginFunctionality.login_AdminSuite(loginFunctionality.groovy:41)
	at adminSuiteBootstrap.loginFunctionality.invokeMethod(loginFunctionality.groovy)
	at com.kms.katalon.core.main.CustomKeywordDelegatingMetaClass.invokeStaticMethod(CustomKeywordDelegatingMetaClass.java:50)
	at Script1652205847657.run(Script1652205847657.groovy:96)
	... 13 more
)

2022-06-30 22:08:01 - [MESSAGE][PASSED] - Current window maximized

2022-06-30 22:08:32 - [MESSAGE][INFO] - Unable to find the element located by 'By.xpath: //input[@name = 'user' and @type = 'text' and @id = 'input-username']'. Please recheck the objects properties to make sure the desired element is located. 

2022-06-30 22:08:32 - [MESSAGE][FAILED] - com.kms.katalon.core.webui.exception.WebElementNotFoundException: Web element with id: 'Object Repository/Login_Page/Login_Username' located by '//input[@name = 'user' and @type = 'text' and @id = 'input-username']' not found (Root cause: com.kms.katalon.core.exception.StepFailedException: com.kms.katalon.core.webui.exception.WebElementNotFoundException: Web element with id: 'Object Repository/Login_Page/Login_Username' located by '//input[@name = 'user' and @type = 'text' and @id = 'input-username']' not found
	at com.kms.katalon.core.webui.keyword.internal.WebUIKeywordMain.stepFailed(WebUIKeywordMain.groovy:64)
	at com.kms.katalon.core.webui.keyword.builtin.VerifyElementPresentKeyword$_verifyElementPresent_closure1.doCall(VerifyElementPresentKeyword.groovy:85)
	at com.kms.katalon.core.webui.keyword.builtin.VerifyElementPresentKeyword$_verifyElementPresent_closure1.call(VerifyElementPresentKeyword.groovy)
	at com.kms.katalon.core.webui.keyword.internal.WebUIKeywordMain.runKeyword(WebUIKeywordMain.groovy:20)
	at com.kms.katalon.core.webui.keyword.builtin.VerifyElementPresentKeyword.verifyElementPresent(VerifyElementPresentKeyword.groovy:92)
	at com.kms.katalon.core.webui.keyword.builtin.VerifyElementPresentKeyword.execute(VerifyElementPresentKeyword.groovy:68)
	at com.kms.katalon.core.keyword.internal.KeywordExecutor.executeKeywordForPlatform(KeywordExecutor.groovy:74)
	at com.kms.katalon.core.webui.keyword.WebUiBuiltInKeywords.verifyElementPresent(WebUiBuiltInKeywords.groovy:1464)
	at com.kms.katalon.core.webui.keyword.WebUiBuiltInKeywords$verifyElementPresent$1.call(Unknown Source)
	at adminSuiteBootstrap.loginFunctionality.login_AdminSuite(loginFunctionality.groovy:45)
	at adminSuiteBootstrap.loginFunctionality.invokeMethod(loginFunctionality.groovy)
	at com.kms.katalon.core.main.CustomKeywordDelegatingMetaClass.invokeStaticMethod(CustomKeywordDelegatingMetaClass.java:50)
	at Sale_TP_AllCF_Generic_Payment_TC.run(Sale_TP_AllCF_Generic_Payment_TC:96)
	at com.kms.katalon.core.main.ScriptEngine.run(ScriptEngine.java:194)
	at com.kms.katalon.core.main.ScriptEngine.runScriptAsRawText(ScriptEngine.java:119)
	at com.kms.katalon.core.main.TestCaseExecutor.runScript(TestCaseExecutor.java:442)
	at com.kms.katalon.core.main.TestCaseExecutor.doExecute(TestCaseExecutor.java:433)
	at com.kms.katalon.core.main.TestCaseExecutor.processExecutionPhase(TestCaseExecutor.java:412)
	at com.kms.katalon.core.main.TestCaseExecutor.accessMainPhase(TestCaseExecutor.java:404)
	at com.kms.katalon.core.main.TestCaseExecutor.execute(TestCaseExecutor.java:281)
	at com.kms.katalon.core.main.TestSuiteExecutor.accessTestCaseMainPhase(TestSuiteExecutor.java:202)
	at com.kms.katalon.core.main.TestSuiteExecutor.accessTestSuiteMainPhase(TestSuiteExecutor.java:164)
	at com.kms.katalon.core.main.TestSuiteExecutor.execute(TestSuiteExecutor.java:105)
	at com.kms.katalon.core.main.TestCaseMain.startTestSuite(TestCaseMain.java:185)
	at com.kms.katalon.core.main.TestCaseMain$startTestSuite$0.call(Unknown Source)
	at TempTestSuite1656640997204.run(TempTestSuite1656640997204.groovy:36)
)
[[ATTACHMENT|E:\\Cloned-Project-Katalon\\VPS-Katalon\\Reports\\20220630_220315\\QA\\VSP-Bootstrap\\VPS-Payments-TestSuite\\20220630_220317\\1656641312434.png]]

2022-06-30 22:08:32 - [MESSAGE][FAILED] - com.kms.katalon.core.exception.StepFailedException: Unable to open browser with url: 'https://qa.velocitypayment.com/admin/imtiaz' (Root cause: com.kms.katalon.core.exception.StepFailedException: Unable to open browser with url: 'https://qa.velocitypayment.com/admin/imtiaz'
	at com.kms.katalon.core.webui.keyword.internal.WebUIKeywordMain.stepFailed(WebUIKeywordMain.groovy:64)
	at com.kms.katalon.core.webui.keyword.internal.WebUIKeywordMain.runKeyword(WebUIKeywordMain.groovy:26)
	at com.kms.katalon.core.webui.keyword.builtin.OpenBrowserKeyword.openBrowser(OpenBrowserKeyword.groovy:81)
	at com.kms.katalon.core.webui.keyword.builtin.OpenBrowserKeyword.execute(OpenBrowserKeyword.groovy:67)
	at com.kms.katalon.core.keyword.internal.KeywordExecutor.executeKeywordForPlatform(KeywordExecutor.groovy:74)
	at com.kms.katalon.core.webui.keyword.WebUiBuiltInKeywords.openBrowser(WebUiBuiltInKeywords.groovy:64)
	at com.kms.katalon.core.webui.keyword.WebUiBuiltInKeywords$openBrowser.call(Unknown Source)
	at adminSuiteBootstrap.loginFunctionality.login_AdminSuite(loginFunctionality.groovy:41)
	at adminSuiteBootstrap.loginFunctionality.invokeMethod(loginFunctionality.groovy)
	at com.kms.katalon.core.main.CustomKeywordDelegatingMetaClass.invokeStaticMethod(CustomKeywordDelegatingMetaClass.java:50)
	at Sale_TP_AllCF_Generic_Payment_TC.run(Sale_TP_AllCF_Generic_Payment_TC:96)
	at com.kms.katalon.core.main.ScriptEngine.run(ScriptEngine.java:194)
	at com.kms.katalon.core.main.ScriptEngine.runScriptAsRawText(ScriptEngine.java:119)
	at com.kms.katalon.core.main.TestCaseExecutor.runScript(TestCaseExecutor.java:442)
	at com.kms.katalon.core.main.TestCaseExecutor.doExecute(TestCaseExecutor.java:433)
	at com.kms.katalon.core.main.TestCaseExecutor.processExecutionPhase(TestCaseExecutor.java:412)
	at com.kms.katalon.core.main.TestCaseExecutor.accessMainPhase(TestCaseExecutor.java:404)
	at com.kms.katalon.core.main.TestCaseExecutor.execute(TestCaseExecutor.java:281)
	at com.kms.katalon.core.main.TestSuiteExecutor.accessTestCaseMainPhase(TestSuiteExecutor.java:202)
	at com.kms.katalon.core.main.TestSuiteExecutor.accessTestSuiteMainPhase(TestSuiteExecutor.java:164)
	at com.kms.katalon.core.main.TestSuiteExecutor.execute(TestSuiteExecutor.java:105)
	at com.kms.katalon.core.main.TestCaseMain.startTestSuite(TestCaseMain.java:185)
	at com.kms.katalon.core.main.TestCaseMain$startTestSuite$0.call(Unknown Source)
	at TempTestSuite1656640997204.run(TempTestSuite1656640997204.groovy:36)
Caused by: org.openqa.selenium.WebDriverException: unknown error: net::ERR_CONNECTION_TIMED_OUT
  (Session info: chrome=103.0.5060.66)
Build info: version: '3.141.59', revision: 'e82be7d358', time: '2018-11-14T08:25:53'
System info: host: 'DESKTOP-B2QI6NS', ip: '192.168.1.87', os.name: 'Windows 10', os.arch: 'amd64', os.version: '10.0', java.version: '1.8.0_181'
Driver info: com.kms.katalon.selenium.driver.CChromeDriver
Capabilities {acceptInsecureCerts: true, browserName: chrome, browserVersion: 103.0.5060.66, chrome: {chromedriverVersion: 103.0.5060.53 (a1711811edd7..., userDataDir: C:\Users\imtiaz\AppData\Loc...}, goog:chromeOptions: {debuggerAddress: localhost:55017}, javascriptEnabled: true, networkConnectionEnabled: false, pageLoadStrategy: normal, platform: WINDOWS, platformName: WINDOWS, proxy: Proxy(), setWindowRect: true, strictFileInteractability: false, timeouts: {implicit: 0, pageLoad: 300000, script: 30000}, unhandledPromptBehavior: dismiss and notify, webauthn:extension:credBlob: true, webauthn:extension:largeBlob: true, webauthn:virtualAuthenticators: true}
Session ID: efa2b9eb7928154ba23a0472bf5e7ff5
	at org.openqa.selenium.remote.http.W3CHttpResponseCodec.createException(W3CHttpResponseCodec.java:187)
	at org.openqa.selenium.remote.http.W3CHttpResponseCodec.decode(W3CHttpResponseCodec.java:122)
	at org.openqa.selenium.remote.http.W3CHttpResponseCodec.decode(W3CHttpResponseCodec.java:49)
	at org.openqa.selenium.remote.HttpCommandExecutor.execute(HttpCommandExecutor.java:158)
	at org.openqa.selenium.remote.service.DriverCommandExecutor.execute(DriverCommandExecutor.java:83)
	at org.openqa.selenium.remote.RemoteWebDriver.execute(RemoteWebDriver.java:552)
	at com.kms.katalon.selenium.driver.CChromeDriver.execute(CChromeDriver.java:19)
	at org.openqa.selenium.remote.RemoteWebDriver.get(RemoteWebDriver.java:277)
	at org.openqa.selenium.support.events.EventFiringWebDriver.lambda$new$1(EventFiringWebDriver.java:105)
	at com.sun.proxy.$Proxy10.get(Unknown Source)
	at org.openqa.selenium.support.events.EventFiringWebDriver.get(EventFiringWebDriver.java:165)
	at com.kms.katalon.core.webui.keyword.builtin.OpenBrowserKeyword$_openBrowser_closure1.doCall(OpenBrowserKeyword.groovy:78)
	at com.kms.katalon.core.webui.keyword.builtin.OpenBrowserKeyword$_openBrowser_closure1.call(OpenBrowserKeyword.groovy)
	at com.kms.katalon.core.webui.keyword.internal.WebUIKeywordMain.runKeyword(WebUIKeywordMain.groovy:20)
	at com.kms.katalon.core.webui.keyword.builtin.OpenBrowserKeyword.openBrowser(OpenBrowserKeyword.groovy:81)
	at com.kms.katalon.core.webui.keyword.builtin.OpenBrowserKeyword.execute(OpenBrowserKeyword.groovy:67)
	at com.kms.katalon.core.keyword.internal.KeywordExecutor.executeKeywordForPlatform(KeywordExecutor.groovy:74)
	at com.kms.katalon.core.webui.keyword.WebUiBuiltInKeywords.openBrowser(WebUiBuiltInKeywords.groovy:64)
	at com.kms.katalon.core.webui.keyword.WebUiBuiltInKeywords$openBrowser.call(Unknown Source)
	at adminSuiteBootstrap.loginFunctionality.login_AdminSuite(loginFunctionality.groovy:41)
	at adminSuiteBootstrap.loginFunctionality.invokeMethod(loginFunctionality.groovy)
	at com.kms.katalon.core.main.CustomKeywordDelegatingMetaClass.invokeStaticMethod(CustomKeywordDelegatingMetaClass.java:50)
	at Script1652205847657.run(Script1652205847657.groovy:96)
	... 13 more
)

2022-06-30 22:08:32 - [TEST_STEP][FAILED] - click(findTestObject(path_Dashboard + appName)): Unable to click on object 'Object Repository/AdminSuiteBootstrap_Pages/Dashboard_Bootstrap/a_Access AutoNoCFtp' (Root cause: com.kms.katalon.core.exception.StepFailedException: Unable to click on object 'Object Repository/AdminSuiteBootstrap_Pages/Dashboard_Bootstrap/a_Access AutoNoCFtp'
	at com.kms.katalon.core.webui.keyword.internal.WebUIKeywordMain.stepFailed(WebUIKeywordMain.groovy:64)
	at com.kms.katalon.core.webui.keyword.internal.WebUIKeywordMain.runKeyword(WebUIKeywordMain.groovy:26)
	at com.kms.katalon.core.webui.keyword.builtin.ClickKeyword.click(ClickKeyword.groovy:74)
	at com.kms.katalon.core.webui.keyword.builtin.ClickKeyword.execute(ClickKeyword.groovy:40)
	at com.kms.katalon.core.keyword.internal.KeywordExecutor.executeKeywordForPlatform(KeywordExecutor.groovy:74)
	at com.kms.katalon.core.webui.keyword.WebUiBuiltInKeywords.click(WebUiBuiltInKeywords.groovy:620)
	at com.kms.katalon.core.webui.keyword.WebUiBuiltInKeywords$click$3.call(Unknown Source)
	at Sale_TP_AllCF_Generic_Payment_TC.run(Sale_TP_AllCF_Generic_Payment_TC:99)
	at com.kms.katalon.core.main.ScriptEngine.run(ScriptEngine.java:194)
	at com.kms.katalon.core.main.ScriptEngine.runScriptAsRawText(ScriptEngine.java:119)
	at com.kms.katalon.core.main.TestCaseExecutor.runScript(TestCaseExecutor.java:442)
	at com.kms.katalon.core.main.TestCaseExecutor.doExecute(TestCaseExecutor.java:433)
	at com.kms.katalon.core.main.TestCaseExecutor.processExecutionPhase(TestCaseExecutor.java:412)
	at com.kms.katalon.core.main.TestCaseExecutor.accessMainPhase(TestCaseExecutor.java:404)
	at com.kms.katalon.core.main.TestCaseExecutor.execute(TestCaseExecutor.java:281)
	at com.kms.katalon.core.main.TestSuiteExecutor.accessTestCaseMainPhase(TestSuiteExecutor.java:202)
	at com.kms.katalon.core.main.TestSuiteExecutor.accessTestSuiteMainPhase(TestSuiteExecutor.java:164)
	at com.kms.katalon.core.main.TestSuiteExecutor.execute(TestSuiteExecutor.java:105)
	at com.kms.katalon.core.main.TestCaseMain.startTestSuite(TestCaseMain.java:185)
	at com.kms.katalon.core.main.TestCaseMain$startTestSuite$0.call(Unknown Source)
	at TempTestSuite1656640997204.run(TempTestSuite1656640997204.groovy:36)
Caused by: com.kms.katalon.core.webui.exception.WebElementNotFoundException: Web element with id: 'Object Repository/AdminSuiteBootstrap_Pages/Dashboard_Bootstrap/a_Access AutoNoCFtp' located by '//*[@href = '/admin/imtiaz/bootstrap/vpos/742/' and (text() = 'Access AutoNoCFtp' or . = 'Access AutoNoCFtp')]' not found
	at com.kms.katalon.core.webui.common.WebUiCommonHelper.findWebElement(WebUiCommonHelper.java:1370)
	at com.kms.katalon.core.webui.keyword.internal.WebUIAbstractKeyword.findWebElement(WebUIAbstractKeyword.groovy:27)
	at com.kms.katalon.core.webui.keyword.builtin.ClickKeyword$_click_closure1.doCall(ClickKeyword.groovy:65)
	at com.kms.katalon.core.webui.keyword.builtin.ClickKeyword$_click_closure1.call(ClickKeyword.groovy)
	at com.kms.katalon.core.webui.keyword.internal.WebUIKeywordMain.runKeyword(WebUIKeywordMain.groovy:20)
	at com.kms.katalon.core.webui.keyword.builtin.ClickKeyword.click(ClickKeyword.groovy:74)
	at com.kms.katalon.core.webui.keyword.builtin.ClickKeyword.execute(ClickKeyword.groovy:40)
	at com.kms.katalon.core.keyword.internal.KeywordExecutor.executeKeywordForPlatform(KeywordExecutor.groovy:74)
	at com.kms.katalon.core.webui.keyword.WebUiBuiltInKeywords.click(WebUiBuiltInKeywords.groovy:620)
	at com.kms.katalon.core.webui.keyword.WebUiBuiltInKeywords$click$3.call(Unknown Source)
	at Script1652205847657.run(Script1652205847657.groovy:99)
	... 13 more
)

2022-06-30 22:09:03 - [MESSAGE][INFO] - Unable to find the element located by 'By.xpath: //*[@href = '/admin/imtiaz/bootstrap/vpos/742/' and (text() = 'Access AutoNoCFtp' or . = 'Access AutoNoCFtp')]'. Please recheck the objects properties to make sure the desired element is located. 

2022-06-30 22:09:03 - [MESSAGE][FAILED] - Unable to click on object 'Object Repository/AdminSuiteBootstrap_Pages/Dashboard_Bootstrap/a_Access AutoNoCFtp' (Root cause: com.kms.katalon.core.exception.StepFailedException: Unable to click on object 'Object Repository/AdminSuiteBootstrap_Pages/Dashboard_Bootstrap/a_Access AutoNoCFtp'
	at com.kms.katalon.core.webui.keyword.internal.WebUIKeywordMain.stepFailed(WebUIKeywordMain.groovy:64)
	at com.kms.katalon.core.webui.keyword.internal.WebUIKeywordMain.runKeyword(WebUIKeywordMain.groovy:26)
	at com.kms.katalon.core.webui.keyword.builtin.ClickKeyword.click(ClickKeyword.groovy:74)
	at com.kms.katalon.core.webui.keyword.builtin.ClickKeyword.execute(ClickKeyword.groovy:40)
	at com.kms.katalon.core.keyword.internal.KeywordExecutor.executeKeywordForPlatform(KeywordExecutor.groovy:74)
	at com.kms.katalon.core.webui.keyword.WebUiBuiltInKeywords.click(WebUiBuiltInKeywords.groovy:620)
	at com.kms.katalon.core.webui.keyword.WebUiBuiltInKeywords$click$3.call(Unknown Source)
	at Sale_TP_AllCF_Generic_Payment_TC.run(Sale_TP_AllCF_Generic_Payment_TC:99)
	at com.kms.katalon.core.main.ScriptEngine.run(ScriptEngine.java:194)
	at com.kms.katalon.core.main.ScriptEngine.runScriptAsRawText(ScriptEngine.java:119)
	at com.kms.katalon.core.main.TestCaseExecutor.runScript(TestCaseExecutor.java:442)
	at com.kms.katalon.core.main.TestCaseExecutor.doExecute(TestCaseExecutor.java:433)
	at com.kms.katalon.core.main.TestCaseExecutor.processExecutionPhase(TestCaseExecutor.java:412)
	at com.kms.katalon.core.main.TestCaseExecutor.accessMainPhase(TestCaseExecutor.java:404)
	at com.kms.katalon.core.main.TestCaseExecutor.execute(TestCaseExecutor.java:281)
	at com.kms.katalon.core.main.TestSuiteExecutor.accessTestCaseMainPhase(TestSuiteExecutor.java:202)
	at com.kms.katalon.core.main.TestSuiteExecutor.accessTestSuiteMainPhase(TestSuiteExecutor.java:164)
	at com.kms.katalon.core.main.TestSuiteExecutor.execute(TestSuiteExecutor.java:105)
	at com.kms.katalon.core.main.TestCaseMain.startTestSuite(TestCaseMain.java:185)
	at com.kms.katalon.core.main.TestCaseMain$startTestSuite$0.call(Unknown Source)
	at TempTestSuite1656640997204.run(TempTestSuite1656640997204.groovy:36)
Caused by: com.kms.katalon.core.webui.exception.WebElementNotFoundException: Web element with id: 'Object Repository/AdminSuiteBootstrap_Pages/Dashboard_Bootstrap/a_Access AutoNoCFtp' located by '//*[@href = '/admin/imtiaz/bootstrap/vpos/742/' and (text() = 'Access AutoNoCFtp' or . = 'Access AutoNoCFtp')]' not found
	at com.kms.katalon.core.webui.common.WebUiCommonHelper.findWebElement(WebUiCommonHelper.java:1370)
	at com.kms.katalon.core.webui.keyword.internal.WebUIAbstractKeyword.findWebElement(WebUIAbstractKeyword.groovy:27)
	at com.kms.katalon.core.webui.keyword.builtin.ClickKeyword$_click_closure1.doCall(ClickKeyword.groovy:65)
	at com.kms.katalon.core.webui.keyword.builtin.ClickKeyword$_click_closure1.call(ClickKeyword.groovy)
	at com.kms.katalon.core.webui.keyword.internal.WebUIKeywordMain.runKeyword(WebUIKeywordMain.groovy:20)
	at com.kms.katalon.core.webui.keyword.builtin.ClickKeyword.click(ClickKeyword.groovy:74)
	at com.kms.katalon.core.webui.keyword.builtin.ClickKeyword.execute(ClickKeyword.groovy:40)
	at com.kms.katalon.core.keyword.internal.KeywordExecutor.executeKeywordForPlatform(KeywordExecutor.groovy:74)
	at com.kms.katalon.core.webui.keyword.WebUiBuiltInKeywords.click(WebUiBuiltInKeywords.groovy:620)
	at com.kms.katalon.core.webui.keyword.WebUiBuiltInKeywords$click$3.call(Unknown Source)
	at Script1652205847657.run(Script1652205847657.groovy:99)
	... 13 more
)
[[ATTACHMENT|E:\\Cloned-Project-Katalon\\VPS-Katalon\\Reports\\20220630_220315\\QA\\VSP-Bootstrap\\VPS-Payments-TestSuite\\20220630_220317\\1656641343699.png]]

2022-06-30 22:09:03 - [TEST_STEP][FAILED] - click(findTestObject(path_VT + "a_Find Profile")): Unable to click on object 'Object Repository/AdminSuiteBootstrap_Pages/VT_Bootstrap/IssueTransactions/a_Find Profile' (Root cause: com.kms.katalon.core.exception.StepFailedException: Unable to click on object 'Object Repository/AdminSuiteBootstrap_Pages/VT_Bootstrap/IssueTransactions/a_Find Profile'
	at com.kms.katalon.core.webui.keyword.internal.WebUIKeywordMain.stepFailed(WebUIKeywordMain.groovy:64)
	at com.kms.katalon.core.webui.keyword.internal.WebUIKeywordMain.runKeyword(WebUIKeywordMain.groovy:26)
	at com.kms.katalon.core.webui.keyword.builtin.ClickKeyword.click(ClickKeyword.groovy:74)
	at com.kms.katalon.core.webui.keyword.builtin.ClickKeyword.execute(ClickKeyword.groovy:40)
	at com.kms.katalon.core.keyword.internal.KeywordExecutor.executeKeywordForPlatform(KeywordExecutor.groovy:74)
	at com.kms.katalon.core.webui.keyword.WebUiBuiltInKeywords.click(WebUiBuiltInKeywords.groovy:620)
	at com.kms.katalon.core.webui.keyword.WebUiBuiltInKeywords$click$3.call(Unknown Source)
	at Sale_TP_AllCF_Generic_Payment_TC.run(Sale_TP_AllCF_Generic_Payment_TC:102)
	at com.kms.katalon.core.main.ScriptEngine.run(ScriptEngine.java:194)
	at com.kms.katalon.core.main.ScriptEngine.runScriptAsRawText(ScriptEngine.java:119)
	at com.kms.katalon.core.main.TestCaseExecutor.runScript(TestCaseExecutor.java:442)
	at com.kms.katalon.core.main.TestCaseExecutor.doExecute(TestCaseExecutor.java:433)
	at com.kms.katalon.core.main.TestCaseExecutor.processExecutionPhase(TestCaseExecutor.java:412)
	at com.kms.katalon.core.main.TestCaseExecutor.accessMainPhase(TestCaseExecutor.java:404)
	at com.kms.katalon.core.main.TestCaseExecutor.execute(TestCaseExecutor.java:281)
	at com.kms.katalon.core.main.TestSuiteExecutor.accessTestCaseMainPhase(TestSuiteExecutor.java:202)
	at com.kms.katalon.core.main.TestSuiteExecutor.accessTestSuiteMainPhase(TestSuiteExecutor.java:164)
	at com.kms.katalon.core.main.TestSuiteExecutor.execute(TestSuiteExecutor.java:105)
	at com.kms.katalon.core.main.TestCaseMain.startTestSuite(TestCaseMain.java:185)
	at com.kms.katalon.core.main.TestCaseMain$startTestSuite$0.call(Unknown Source)
	at TempTestSuite1656640997204.run(TempTestSuite1656640997204.groovy:36)
Caused by: com.kms.katalon.core.webui.exception.WebElementNotFoundException: Web element with id: 'Object Repository/AdminSuiteBootstrap_Pages/VT_Bootstrap/IssueTransactions/a_Find Profile' located by '//*[@href = 'javascript:;' and (text() = 'Find Profile' or . = 'Find Profile')]' not found
	at com.kms.katalon.core.webui.common.WebUiCommonHelper.findWebElement(WebUiCommonHelper.java:1370)
	at com.kms.katalon.core.webui.keyword.internal.WebUIAbstractKeyword.findWebElement(WebUIAbstractKeyword.groovy:27)
	at com.kms.katalon.core.webui.keyword.builtin.ClickKeyword$_click_closure1.doCall(ClickKeyword.groovy:65)
	at com.kms.katalon.core.webui.keyword.builtin.ClickKeyword$_click_closure1.call(ClickKeyword.groovy)
	at com.kms.katalon.core.webui.keyword.internal.WebUIKeywordMain.runKeyword(WebUIKeywordMain.groovy:20)
	at com.kms.katalon.core.webui.keyword.builtin.ClickKeyword.click(ClickKeyword.groovy:74)
	at com.kms.katalon.core.webui.keyword.builtin.ClickKeyword.execute(ClickKeyword.groovy:40)
	at com.kms.katalon.core.keyword.internal.KeywordExecutor.executeKeywordForPlatform(KeywordExecutor.groovy:74)
	at com.kms.katalon.core.webui.keyword.WebUiBuiltInKeywords.click(WebUiBuiltInKeywords.groovy:620)
	at com.kms.katalon.core.webui.keyword.WebUiBuiltInKeywords$click$3.call(Unknown Source)
	at Script1652205847657.run(Script1652205847657.groovy:102)
	... 13 more
)

2022-06-30 22:09:34 - [MESSAGE][INFO] - Unable to find the element located by 'By.xpath: //*[@href = 'javascript:;' and (text() = 'Find Profile' or . = 'Find Profile')]'. Please recheck the objects properties to make sure the desired element is located. 

2022-06-30 22:09:35 - [MESSAGE][FAILED] - Unable to click on object 'Object Repository/AdminSuiteBootstrap_Pages/VT_Bootstrap/IssueTransactions/a_Find Profile' (Root cause: com.kms.katalon.core.exception.StepFailedException: Unable to click on object 'Object Repository/AdminSuiteBootstrap_Pages/VT_Bootstrap/IssueTransactions/a_Find Profile'
	at com.kms.katalon.core.webui.keyword.internal.WebUIKeywordMain.stepFailed(WebUIKeywordMain.groovy:64)
	at com.kms.katalon.core.webui.keyword.internal.WebUIKeywordMain.runKeyword(WebUIKeywordMain.groovy:26)
	at com.kms.katalon.core.webui.keyword.builtin.ClickKeyword.click(ClickKeyword.groovy:74)
	at com.kms.katalon.core.webui.keyword.builtin.ClickKeyword.execute(ClickKeyword.groovy:40)
	at com.kms.katalon.core.keyword.internal.KeywordExecutor.executeKeywordForPlatform(KeywordExecutor.groovy:74)
	at com.kms.katalon.core.webui.keyword.WebUiBuiltInKeywords.click(WebUiBuiltInKeywords.groovy:620)
	at com.kms.katalon.core.webui.keyword.WebUiBuiltInKeywords$click$3.call(Unknown Source)
	at Sale_TP_AllCF_Generic_Payment_TC.run(Sale_TP_AllCF_Generic_Payment_TC:102)
	at com.kms.katalon.core.main.ScriptEngine.run(ScriptEngine.java:194)
	at com.kms.katalon.core.main.ScriptEngine.runScriptAsRawText(ScriptEngine.java:119)
	at com.kms.katalon.core.main.TestCaseExecutor.runScript(TestCaseExecutor.java:442)
	at com.kms.katalon.core.main.TestCaseExecutor.doExecute(TestCaseExecutor.java:433)
	at com.kms.katalon.core.main.TestCaseExecutor.processExecutionPhase(TestCaseExecutor.java:412)
	at com.kms.katalon.core.main.TestCaseExecutor.accessMainPhase(TestCaseExecutor.java:404)
	at com.kms.katalon.core.main.TestCaseExecutor.execute(TestCaseExecutor.java:281)
	at com.kms.katalon.core.main.TestSuiteExecutor.accessTestCaseMainPhase(TestSuiteExecutor.java:202)
	at com.kms.katalon.core.main.TestSuiteExecutor.accessTestSuiteMainPhase(TestSuiteExecutor.java:164)
	at com.kms.katalon.core.main.TestSuiteExecutor.execute(TestSuiteExecutor.java:105)
	at com.kms.katalon.core.main.TestCaseMain.startTestSuite(TestCaseMain.java:185)
	at com.kms.katalon.core.main.TestCaseMain$startTestSuite$0.call(Unknown Source)
	at TempTestSuite1656640997204.run(TempTestSuite1656640997204.groovy:36)
Caused by: com.kms.katalon.core.webui.exception.WebElementNotFoundException: Web element with id: 'Object Repository/AdminSuiteBootstrap_Pages/VT_Bootstrap/IssueTransactions/a_Find Profile' located by '//*[@href = 'javascript:;' and (text() = 'Find Profile' or . = 'Find Profile')]' not found
	at com.kms.katalon.core.webui.common.WebUiCommonHelper.findWebElement(WebUiCommonHelper.java:1370)
	at com.kms.katalon.core.webui.keyword.internal.WebUIAbstractKeyword.findWebElement(WebUIAbstractKeyword.groovy:27)
	at com.kms.katalon.core.webui.keyword.builtin.ClickKeyword$_click_closure1.doCall(ClickKeyword.groovy:65)
	at com.kms.katalon.core.webui.keyword.builtin.ClickKeyword$_click_closure1.call(ClickKeyword.groovy)
	at com.kms.katalon.core.webui.keyword.internal.WebUIKeywordMain.runKeyword(WebUIKeywordMain.groovy:20)
	at com.kms.katalon.core.webui.keyword.builtin.ClickKeyword.click(ClickKeyword.groovy:74)
	at com.kms.katalon.core.webui.keyword.builtin.ClickKeyword.execute(ClickKeyword.groovy:40)
	at com.kms.katalon.core.keyword.internal.KeywordExecutor.executeKeywordForPlatform(KeywordExecutor.groovy:74)
	at com.kms.katalon.core.webui.keyword.WebUiBuiltInKeywords.click(WebUiBuiltInKeywords.groovy:620)
	at com.kms.katalon.core.webui.keyword.WebUiBuiltInKeywords$click$3.call(Unknown Source)
	at Script1652205847657.run(Script1652205847657.groovy:102)
	... 13 more
)
[[ATTACHMENT|E:\\Cloned-Project-Katalon\\VPS-Katalon\\Reports\\20220630_220315\\QA\\VSP-Bootstrap\\VPS-Payments-TestSuite\\20220630_220317\\1656641374970.png]]

2022-06-30 22:09:35 - [TEST_STEP][PASSED] - criteria = <not implemented yet for class: org.codehaus.groovy.ast.expr.EmptyExpression>: null

2022-06-30 22:09:35 - [TEST_STEP][PASSED] - searchBy = <not implemented yet for class: org.codehaus.groovy.ast.expr.EmptyExpression>: null

2022-06-30 22:09:35 - [TEST_STEP][PASSED] - criteria = findTestData(dataFile).getValue("ProfileName", row): null

2022-06-30 22:09:35 - [TEST_STEP][PASSED] - path_SearchProfile = "Object Repository/AdminSuiteBootstrap_Pages/VSP_Bootstrap/SearchProfile/": null

2022-06-30 22:09:35 - [TEST_STEP][FAILED] - setText(findTestObject(path_SearchProfile + "input_Criteria"), criteria): Unable to set text 'PaymentsAmEx' of object 'Object Repository/AdminSuiteBootstrap_Pages/VSP_Bootstrap/SearchProfile/input_Criteria' (Root cause: com.kms.katalon.core.exception.StepFailedException: Unable to set text 'PaymentsAmEx' of object 'Object Repository/AdminSuiteBootstrap_Pages/VSP_Bootstrap/SearchProfile/input_Criteria'
	at com.kms.katalon.core.webui.keyword.internal.WebUIKeywordMain.stepFailed(WebUIKeywordMain.groovy:64)
	at com.kms.katalon.core.webui.keyword.internal.WebUIKeywordMain.runKeyword(WebUIKeywordMain.groovy:26)
	at com.kms.katalon.core.webui.keyword.builtin.SetTextKeyword.setText(SetTextKeyword.groovy:66)
	at com.kms.katalon.core.webui.keyword.builtin.SetTextKeyword.execute(SetTextKeyword.groovy:37)
	at com.kms.katalon.core.keyword.internal.KeywordExecutor.executeKeywordForPlatform(KeywordExecutor.groovy:74)
	at com.kms.katalon.core.webui.keyword.WebUiBuiltInKeywords.setText(WebUiBuiltInKeywords.groovy:980)
	at com.kms.katalon.core.webui.keyword.WebUiBuiltInKeywords$setText$2.call(Unknown Source)
	at Sale_TP_AllCF_Generic_Payment_TC.run(Sale_TP_AllCF_Generic_Payment_TC:113)
	at com.kms.katalon.core.main.ScriptEngine.run(ScriptEngine.java:194)
	at com.kms.katalon.core.main.ScriptEngine.runScriptAsRawText(ScriptEngine.java:119)
	at com.kms.katalon.core.main.TestCaseExecutor.runScript(TestCaseExecutor.java:442)
	at com.kms.katalon.core.main.TestCaseExecutor.doExecute(TestCaseExecutor.java:433)
	at com.kms.katalon.core.main.TestCaseExecutor.processExecutionPhase(TestCaseExecutor.java:412)
	at com.kms.katalon.core.main.TestCaseExecutor.accessMainPhase(TestCaseExecutor.java:404)
	at com.kms.katalon.core.main.TestCaseExecutor.execute(TestCaseExecutor.java:281)
	at com.kms.katalon.core.main.TestSuiteExecutor.accessTestCaseMainPhase(TestSuiteExecutor.java:202)
	at com.kms.katalon.core.main.TestSuiteExecutor.accessTestSuiteMainPhase(TestSuiteExecutor.java:164)
	at com.kms.katalon.core.main.TestSuiteExecutor.execute(TestSuiteExecutor.java:105)
	at com.kms.katalon.core.main.TestCaseMain.startTestSuite(TestCaseMain.java:185)
	at com.kms.katalon.core.main.TestCaseMain$startTestSuite$0.call(Unknown Source)
	at TempTestSuite1656640997204.run(TempTestSuite1656640997204.groovy:36)
Caused by: com.kms.katalon.core.webui.exception.WebElementNotFoundException: Web element with id: 'Object Repository/AdminSuiteBootstrap_Pages/VSP_Bootstrap/SearchProfile/input_Criteria' located by '//*[@type = 'text' and @name = 'searchString']' not found
	at com.kms.katalon.core.webui.common.WebUiCommonHelper.findWebElement(WebUiCommonHelper.java:1370)
	at com.kms.katalon.core.webui.keyword.internal.WebUIAbstractKeyword.findWebElement(WebUIAbstractKeyword.groovy:27)
	at com.kms.katalon.core.webui.keyword.internal.WebUIAbstractKeyword.findWebElement(WebUIAbstractKeyword.groovy:26)
	at com.kms.katalon.core.webui.keyword.builtin.SetTextKeyword$_setText_closure1.doCall(SetTextKeyword.groovy:51)
	at com.kms.katalon.core.webui.keyword.builtin.SetTextKeyword$_setText_closure1.call(SetTextKeyword.groovy)
	at com.kms.katalon.core.webui.keyword.internal.WebUIKeywordMain.runKeyword(WebUIKeywordMain.groovy:20)
	at com.kms.katalon.core.webui.keyword.builtin.SetTextKeyword.setText(SetTextKeyword.groovy:66)
	at com.kms.katalon.core.webui.keyword.builtin.SetTextKeyword.execute(SetTextKeyword.groovy:37)
	at com.kms.katalon.core.keyword.internal.KeywordExecutor.executeKeywordForPlatform(KeywordExecutor.groovy:74)
	at com.kms.katalon.core.webui.keyword.WebUiBuiltInKeywords.setText(WebUiBuiltInKeywords.groovy:980)
	at com.kms.katalon.core.webui.keyword.WebUiBuiltInKeywords$setText$2.call(Unknown Source)
	at Script1652205847657.run(Script1652205847657.groovy:113)
	... 13 more
)

2022-06-30 22:10:06 - [MESSAGE][INFO] - Unable to find the element located by 'By.xpath: //*[@type = 'text' and @name = 'searchString']'. Please recheck the objects properties to make sure the desired element is located. 

2022-06-30 22:10:06 - [MESSAGE][FAILED] - Unable to set text 'PaymentsAmEx' of object 'Object Repository/AdminSuiteBootstrap_Pages/VSP_Bootstrap/SearchProfile/input_Criteria' (Root cause: com.kms.katalon.core.exception.StepFailedException: Unable to set text 'PaymentsAmEx' of object 'Object Repository/AdminSuiteBootstrap_Pages/VSP_Bootstrap/SearchProfile/input_Criteria'
	at com.kms.katalon.core.webui.keyword.internal.WebUIKeywordMain.stepFailed(WebUIKeywordMain.groovy:64)
	at com.kms.katalon.core.webui.keyword.internal.WebUIKeywordMain.runKeyword(WebUIKeywordMain.groovy:26)
	at com.kms.katalon.core.webui.keyword.builtin.SetTextKeyword.setText(SetTextKeyword.groovy:66)
	at com.kms.katalon.core.webui.keyword.builtin.SetTextKeyword.execute(SetTextKeyword.groovy:37)
	at com.kms.katalon.core.keyword.internal.KeywordExecutor.executeKeywordForPlatform(KeywordExecutor.groovy:74)
	at com.kms.katalon.core.webui.keyword.WebUiBuiltInKeywords.setText(WebUiBuiltInKeywords.groovy:980)
	at com.kms.katalon.core.webui.keyword.WebUiBuiltInKeywords$setText$2.call(Unknown Source)
	at Sale_TP_AllCF_Generic_Payment_TC.run(Sale_TP_AllCF_Generic_Payment_TC:113)
	at com.kms.katalon.core.main.ScriptEngine.run(ScriptEngine.java:194)
	at com.kms.katalon.core.main.ScriptEngine.runScriptAsRawText(ScriptEngine.java:119)
	at com.kms.katalon.core.main.TestCaseExecutor.runScript(TestCaseExecutor.java:442)
	at com.kms.katalon.core.main.TestCaseExecutor.doExecute(TestCaseExecutor.java:433)
	at com.kms.katalon.core.main.TestCaseExecutor.processExecutionPhase(TestCaseExecutor.java:412)
	at com.kms.katalon.core.main.TestCaseExecutor.accessMainPhase(TestCaseExecutor.java:404)
	at com.kms.katalon.core.main.TestCaseExecutor.execute(TestCaseExecutor.java:281)
	at com.kms.katalon.core.main.TestSuiteExecutor.accessTestCaseMainPhase(TestSuiteExecutor.java:202)
	at com.kms.katalon.core.main.TestSuiteExecutor.accessTestSuiteMainPhase(TestSuiteExecutor.java:164)
	at com.kms.katalon.core.main.TestSuiteExecutor.execute(TestSuiteExecutor.java:105)
	at com.kms.katalon.core.main.TestCaseMain.startTestSuite(TestCaseMain.java:185)
	at com.kms.katalon.core.main.TestCaseMain$startTestSuite$0.call(Unknown Source)
	at TempTestSuite1656640997204.run(TempTestSuite1656640997204.groovy:36)
Caused by: com.kms.katalon.core.webui.exception.WebElementNotFoundException: Web element with id: 'Object Repository/AdminSuiteBootstrap_Pages/VSP_Bootstrap/SearchProfile/input_Criteria' located by '//*[@type = 'text' and @name = 'searchString']' not found
	at com.kms.katalon.core.webui.common.WebUiCommonHelper.findWebElement(WebUiCommonHelper.java:1370)
	at com.kms.katalon.core.webui.keyword.internal.WebUIAbstractKeyword.findWebElement(WebUIAbstractKeyword.groovy:27)
	at com.kms.katalon.core.webui.keyword.internal.WebUIAbstractKeyword.findWebElement(WebUIAbstractKeyword.groovy:26)
	at com.kms.katalon.core.webui.keyword.builtin.SetTextKeyword$_setText_closure1.doCall(SetTextKeyword.groovy:51)
	at com.kms.katalon.core.webui.keyword.builtin.SetTextKeyword$_setText_closure1.call(SetTextKeyword.groovy)
	at com.kms.katalon.core.webui.keyword.internal.WebUIKeywordMain.runKeyword(WebUIKeywordMain.groovy:20)
	at com.kms.katalon.core.webui.keyword.builtin.SetTextKeyword.setText(SetTextKeyword.groovy:66)
	at com.kms.katalon.core.webui.keyword.builtin.SetTextKeyword.execute(SetTextKeyword.groovy:37)
	at com.kms.katalon.core.keyword.internal.KeywordExecutor.executeKeywordForPlatform(KeywordExecutor.groovy:74)
	at com.kms.katalon.core.webui.keyword.WebUiBuiltInKeywords.setText(WebUiBuiltInKeywords.groovy:980)
	at com.kms.katalon.core.webui.keyword.WebUiBuiltInKeywords$setText$2.call(Unknown Source)
	at Script1652205847657.run(Script1652205847657.groovy:113)
	... 13 more
)
[[ATTACHMENT|E:\\Cloned-Project-Katalon\\VPS-Katalon\\Reports\\20220630_220315\\QA\\VSP-Bootstrap\\VPS-Payments-TestSuite\\20220630_220317\\1656641406252.png]]

2022-06-30 22:10:06 - [TEST_STEP][FAILED] - click(findTestObject(path_SearchProfile + "button_Search")): Unable to click on object 'Object Repository/AdminSuiteBootstrap_Pages/VSP_Bootstrap/SearchProfile/button_Search' (Root cause: com.kms.katalon.core.exception.StepFailedException: Unable to click on object 'Object Repository/AdminSuiteBootstrap_Pages/VSP_Bootstrap/SearchProfile/button_Search'
	at com.kms.katalon.core.webui.keyword.internal.WebUIKeywordMain.stepFailed(WebUIKeywordMain.groovy:64)
	at com.kms.katalon.core.webui.keyword.internal.WebUIKeywordMain.runKeyword(WebUIKeywordMain.groovy:26)
	at com.kms.katalon.core.webui.keyword.builtin.ClickKeyword.click(ClickKeyword.groovy:74)
	at com.kms.katalon.core.webui.keyword.builtin.ClickKeyword.execute(ClickKeyword.groovy:40)
	at com.kms.katalon.core.keyword.internal.KeywordExecutor.executeKeywordForPlatform(KeywordExecutor.groovy:74)
	at com.kms.katalon.core.webui.keyword.WebUiBuiltInKeywords.click(WebUiBuiltInKeywords.groovy:620)
	at com.kms.katalon.core.webui.keyword.WebUiBuiltInKeywords$click$3.call(Unknown Source)
	at Sale_TP_AllCF_Generic_Payment_TC.run(Sale_TP_AllCF_Generic_Payment_TC:115)
	at com.kms.katalon.core.main.ScriptEngine.run(ScriptEngine.java:194)
	at com.kms.katalon.core.main.ScriptEngine.runScriptAsRawText(ScriptEngine.java:119)
	at com.kms.katalon.core.main.TestCaseExecutor.runScript(TestCaseExecutor.java:442)
	at com.kms.katalon.core.main.TestCaseExecutor.doExecute(TestCaseExecutor.java:433)
	at com.kms.katalon.core.main.TestCaseExecutor.processExecutionPhase(TestCaseExecutor.java:412)
	at com.kms.katalon.core.main.TestCaseExecutor.accessMainPhase(TestCaseExecutor.java:404)
	at com.kms.katalon.core.main.TestCaseExecutor.execute(TestCaseExecutor.java:281)
	at com.kms.katalon.core.main.TestSuiteExecutor.accessTestCaseMainPhase(TestSuiteExecutor.java:202)
	at com.kms.katalon.core.main.TestSuiteExecutor.accessTestSuiteMainPhase(TestSuiteExecutor.java:164)
	at com.kms.katalon.core.main.TestSuiteExecutor.execute(TestSuiteExecutor.java:105)
	at com.kms.katalon.core.main.TestCaseMain.startTestSuite(TestCaseMain.java:185)
	at com.kms.katalon.core.main.TestCaseMain$startTestSuite$0.call(Unknown Source)
	at TempTestSuite1656640997204.run(TempTestSuite1656640997204.groovy:36)
Caused by: com.kms.katalon.core.webui.exception.WebElementNotFoundException: Web element with id: 'Object Repository/AdminSuiteBootstrap_Pages/VSP_Bootstrap/SearchProfile/button_Search' located by '//*[@type = 'submit' and @name = 'searchButton' and @alt = 'Search' and (text() = '
                          Search' or . = '
                          Search')]' not found
	at com.kms.katalon.core.webui.common.WebUiCommonHelper.findWebElement(WebUiCommonHelper.java:1370)
	at com.kms.katalon.core.webui.keyword.internal.WebUIAbstractKeyword.findWebElement(WebUIAbstractKeyword.groovy:27)
	at com.kms.katalon.core.webui.keyword.builtin.ClickKeyword$_click_closure1.doCall(ClickKeyword.groovy:65)
	at com.kms.katalon.core.webui.keyword.builtin.ClickKeyword$_click_closure1.call(ClickKeyword.groovy)
	at com.kms.katalon.core.webui.keyword.internal.WebUIKeywordMain.runKeyword(WebUIKeywordMain.groovy:20)
	at com.kms.katalon.core.webui.keyword.builtin.ClickKeyword.click(ClickKeyword.groovy:74)
	at com.kms.katalon.core.webui.keyword.builtin.ClickKeyword.execute(ClickKeyword.groovy:40)
	at com.kms.katalon.core.keyword.internal.KeywordExecutor.executeKeywordForPlatform(KeywordExecutor.groovy:74)
	at com.kms.katalon.core.webui.keyword.WebUiBuiltInKeywords.click(WebUiBuiltInKeywords.groovy:620)
	at com.kms.katalon.core.webui.keyword.WebUiBuiltInKeywords$click$3.call(Unknown Source)
	at Script1652205847657.run(Script1652205847657.groovy:115)
	... 13 more
)

2022-06-30 22:10:37 - [MESSAGE][INFO] - Unable to find the element located by 'By.xpath: //*[@type = 'submit' and @name = 'searchButton' and @alt = 'Search' and (text() = '
                          Search' or . = '
                          Search')]'. Please recheck the objects properties to make sure the desired element is located. 

2022-06-30 22:10:37 - [MESSAGE][FAILED] - Unable to click on object 'Object Repository/AdminSuiteBootstrap_Pages/VSP_Bootstrap/SearchProfile/button_Search' (Root cause: com.kms.katalon.core.exception.StepFailedException: Unable to click on object 'Object Repository/AdminSuiteBootstrap_Pages/VSP_Bootstrap/SearchProfile/button_Search'
	at com.kms.katalon.core.webui.keyword.internal.WebUIKeywordMain.stepFailed(WebUIKeywordMain.groovy:64)
	at com.kms.katalon.core.webui.keyword.internal.WebUIKeywordMain.runKeyword(WebUIKeywordMain.groovy:26)
	at com.kms.katalon.core.webui.keyword.builtin.ClickKeyword.click(ClickKeyword.groovy:74)
	at com.kms.katalon.core.webui.keyword.builtin.ClickKeyword.execute(ClickKeyword.groovy:40)
	at com.kms.katalon.core.keyword.internal.KeywordExecutor.executeKeywordForPlatform(KeywordExecutor.groovy:74)
	at com.kms.katalon.core.webui.keyword.WebUiBuiltInKeywords.click(WebUiBuiltInKeywords.groovy:620)
	at com.kms.katalon.core.webui.keyword.WebUiBuiltInKeywords$click$3.call(Unknown Source)
	at Sale_TP_AllCF_Generic_Payment_TC.run(Sale_TP_AllCF_Generic_Payment_TC:115)
	at com.kms.katalon.core.main.ScriptEngine.run(ScriptEngine.java:194)
	at com.kms.katalon.core.main.ScriptEngine.runScriptAsRawText(ScriptEngine.java:119)
	at com.kms.katalon.core.main.TestCaseExecutor.runScript(TestCaseExecutor.java:442)
	at com.kms.katalon.core.main.TestCaseExecutor.doExecute(TestCaseExecutor.java:433)
	at com.kms.katalon.core.main.TestCaseExecutor.processExecutionPhase(TestCaseExecutor.java:412)
	at com.kms.katalon.core.main.TestCaseExecutor.accessMainPhase(TestCaseExecutor.java:404)
	at com.kms.katalon.core.main.TestCaseExecutor.execute(TestCaseExecutor.java:281)
	at com.kms.katalon.core.main.TestSuiteExecutor.accessTestCaseMainPhase(TestSuiteExecutor.java:202)
	at com.kms.katalon.core.main.TestSuiteExecutor.accessTestSuiteMainPhase(TestSuiteExecutor.java:164)
	at com.kms.katalon.core.main.TestSuiteExecutor.execute(TestSuiteExecutor.java:105)
	at com.kms.katalon.core.main.TestCaseMain.startTestSuite(TestCaseMain.java:185)
	at com.kms.katalon.core.main.TestCaseMain$startTestSuite$0.call(Unknown Source)
	at TempTestSuite1656640997204.run(TempTestSuite1656640997204.groovy:36)
Caused by: com.kms.katalon.core.webui.exception.WebElementNotFoundException: Web element with id: 'Object Repository/AdminSuiteBootstrap_Pages/VSP_Bootstrap/SearchProfile/button_Search' located by '//*[@type = 'submit' and @name = 'searchButton' and @alt = 'Search' and (text() = '
                          Search' or . = '
                          Search')]' not found
	at com.kms.katalon.core.webui.common.WebUiCommonHelper.findWebElement(WebUiCommonHelper.java:1370)
	at com.kms.katalon.core.webui.keyword.internal.WebUIAbstractKeyword.findWebElement(WebUIAbstractKeyword.groovy:27)
	at com.kms.katalon.core.webui.keyword.builtin.ClickKeyword$_click_closure1.doCall(ClickKeyword.groovy:65)
	at com.kms.katalon.core.webui.keyword.builtin.ClickKeyword$_click_closure1.call(ClickKeyword.groovy)
	at com.kms.katalon.core.webui.keyword.internal.WebUIKeywordMain.runKeyword(WebUIKeywordMain.groovy:20)
	at com.kms.katalon.core.webui.keyword.builtin.ClickKeyword.click(ClickKeyword.groovy:74)
	at com.kms.katalon.core.webui.keyword.builtin.ClickKeyword.execute(ClickKeyword.groovy:40)
	at com.kms.katalon.core.keyword.internal.KeywordExecutor.executeKeywordForPlatform(KeywordExecutor.groovy:74)
	at com.kms.katalon.core.webui.keyword.WebUiBuiltInKeywords.click(WebUiBuiltInKeywords.groovy:620)
	at com.kms.katalon.core.webui.keyword.WebUiBuiltInKeywords$click$3.call(Unknown Source)
	at Script1652205847657.run(Script1652205847657.groovy:115)
	... 13 more
)
[[ATTACHMENT|E:\\Cloned-Project-Katalon\\VPS-Katalon\\Reports\\20220630_220315\\QA\\VSP-Bootstrap\\VPS-Payments-TestSuite\\20220630_220317\\1656641437531.png]]

2022-06-30 22:10:37 - [TEST_STEP][PASSED] - profNameLink = findTestData(dataFile).getValue("ProfileNameLink", row): null

2022-06-30 22:10:37 - [TEST_STEP][FAILED] - click(findTestObject(path_ViewProfile + profNameLink)): Unable to click on object 'Object Repository/AdminSuiteBootstrap_Pages/VSP_Bootstrap/View Profile/a_PaymentsAmEx' (Root cause: com.kms.katalon.core.exception.StepFailedException: Unable to click on object 'Object Repository/AdminSuiteBootstrap_Pages/VSP_Bootstrap/View Profile/a_PaymentsAmEx'
	at com.kms.katalon.core.webui.keyword.internal.WebUIKeywordMain.stepFailed(WebUIKeywordMain.groovy:64)
	at com.kms.katalon.core.webui.keyword.internal.WebUIKeywordMain.runKeyword(WebUIKeywordMain.groovy:26)
	at com.kms.katalon.core.webui.keyword.builtin.ClickKeyword.click(ClickKeyword.groovy:74)
	at com.kms.katalon.core.webui.keyword.builtin.ClickKeyword.execute(ClickKeyword.groovy:40)
	at com.kms.katalon.core.keyword.internal.KeywordExecutor.executeKeywordForPlatform(KeywordExecutor.groovy:74)
	at com.kms.katalon.core.webui.keyword.WebUiBuiltInKeywords.click(WebUiBuiltInKeywords.groovy:620)
	at com.kms.katalon.core.webui.keyword.WebUiBuiltInKeywords$click$3.call(Unknown Source)
	at Sale_TP_AllCF_Generic_Payment_TC.run(Sale_TP_AllCF_Generic_Payment_TC:119)
	at com.kms.katalon.core.main.ScriptEngine.run(ScriptEngine.java:194)
	at com.kms.katalon.core.main.ScriptEngine.runScriptAsRawText(ScriptEngine.java:119)
	at com.kms.katalon.core.main.TestCaseExecutor.runScript(TestCaseExecutor.java:442)
	at com.kms.katalon.core.main.TestCaseExecutor.doExecute(TestCaseExecutor.java:433)
	at com.kms.katalon.core.main.TestCaseExecutor.processExecutionPhase(TestCaseExecutor.java:412)
	at com.kms.katalon.core.main.TestCaseExecutor.accessMainPhase(TestCaseExecutor.java:404)
	at com.kms.katalon.core.main.TestCaseExecutor.execute(TestCaseExecutor.java:281)
	at com.kms.katalon.core.main.TestSuiteExecutor.accessTestCaseMainPhase(TestSuiteExecutor.java:202)
	at com.kms.katalon.core.main.TestSuiteExecutor.accessTestSuiteMainPhase(TestSuiteExecutor.java:164)
	at com.kms.katalon.core.main.TestSuiteExecutor.execute(TestSuiteExecutor.java:105)
	at com.kms.katalon.core.main.TestCaseMain.startTestSuite(TestCaseMain.java:185)
	at com.kms.katalon.core.main.TestCaseMain$startTestSuite$0.call(Unknown Source)
	at TempTestSuite1656640997204.run(TempTestSuite1656640997204.groovy:36)
Caused by: com.kms.katalon.core.webui.exception.WebElementNotFoundException: Web element with id: 'Object Repository/AdminSuiteBootstrap_Pages/VSP_Bootstrap/View Profile/a_PaymentsAmEx' located by '//*[(text() = '						
					PaymentsAmEx
				' or . = '						
					PaymentsAmEx
				')]' not found
	at com.kms.katalon.core.webui.common.WebUiCommonHelper.findWebElement(WebUiCommonHelper.java:1370)
	at com.kms.katalon.core.webui.keyword.internal.WebUIAbstractKeyword.findWebElement(WebUIAbstractKeyword.groovy:27)
	at com.kms.katalon.core.webui.keyword.builtin.ClickKeyword$_click_closure1.doCall(ClickKeyword.groovy:65)
	at com.kms.katalon.core.webui.keyword.builtin.ClickKeyword$_click_closure1.call(ClickKeyword.groovy)
	at com.kms.katalon.core.webui.keyword.internal.WebUIKeywordMain.runKeyword(WebUIKeywordMain.groovy:20)
	at com.kms.katalon.core.webui.keyword.builtin.ClickKeyword.click(ClickKeyword.groovy:74)
	at com.kms.katalon.core.webui.keyword.builtin.ClickKeyword.execute(ClickKeyword.groovy:40)
	at com.kms.katalon.core.keyword.internal.KeywordExecutor.executeKeywordForPlatform(KeywordExecutor.groovy:74)
	at com.kms.katalon.core.webui.keyword.WebUiBuiltInKeywords.click(WebUiBuiltInKeywords.groovy:620)
	at com.kms.katalon.core.webui.keyword.WebUiBuiltInKeywords$click$3.call(Unknown Source)
	at Script1652205847657.run(Script1652205847657.groovy:119)
	... 13 more
)

2022-06-30 22:11:08 - [MESSAGE][INFO] - Unable to find the element located by 'By.xpath: //*[(text() = '						
					PaymentsAmEx
				' or . = '						
					PaymentsAmEx
				')]'. Please recheck the objects properties to make sure the desired element is located. 

2022-06-30 22:11:09 - [MESSAGE][FAILED] - Unable to click on object 'Object Repository/AdminSuiteBootstrap_Pages/VSP_Bootstrap/View Profile/a_PaymentsAmEx' (Root cause: com.kms.katalon.core.exception.StepFailedException: Unable to click on object 'Object Repository/AdminSuiteBootstrap_Pages/VSP_Bootstrap/View Profile/a_PaymentsAmEx'
	at com.kms.katalon.core.webui.keyword.internal.WebUIKeywordMain.stepFailed(WebUIKeywordMain.groovy:64)
	at com.kms.katalon.core.webui.keyword.internal.WebUIKeywordMain.runKeyword(WebUIKeywordMain.groovy:26)
	at com.kms.katalon.core.webui.keyword.builtin.ClickKeyword.click(ClickKeyword.groovy:74)
	at com.kms.katalon.core.webui.keyword.builtin.ClickKeyword.execute(ClickKeyword.groovy:40)
	at com.kms.katalon.core.keyword.internal.KeywordExecutor.executeKeywordForPlatform(KeywordExecutor.groovy:74)
	at com.kms.katalon.core.webui.keyword.WebUiBuiltInKeywords.click(WebUiBuiltInKeywords.groovy:620)
	at com.kms.katalon.core.webui.keyword.WebUiBuiltInKeywords$click$3.call(Unknown Source)
	at Sale_TP_AllCF_Generic_Payment_TC.run(Sale_TP_AllCF_Generic_Payment_TC:119)
	at com.kms.katalon.core.main.ScriptEngine.run(ScriptEngine.java:194)
	at com.kms.katalon.core.main.ScriptEngine.runScriptAsRawText(ScriptEngine.java:119)
	at com.kms.katalon.core.main.TestCaseExecutor.runScript(TestCaseExecutor.java:442)
	at com.kms.katalon.core.main.TestCaseExecutor.doExecute(TestCaseExecutor.java:433)
	at com.kms.katalon.core.main.TestCaseExecutor.processExecutionPhase(TestCaseExecutor.java:412)
	at com.kms.katalon.core.main.TestCaseExecutor.accessMainPhase(TestCaseExecutor.java:404)
	at com.kms.katalon.core.main.TestCaseExecutor.execute(TestCaseExecutor.java:281)
	at com.kms.katalon.core.main.TestSuiteExecutor.accessTestCaseMainPhase(TestSuiteExecutor.java:202)
	at com.kms.katalon.core.main.TestSuiteExecutor.accessTestSuiteMainPhase(TestSuiteExecutor.java:164)
	at com.kms.katalon.core.main.TestSuiteExecutor.execute(TestSuiteExecutor.java:105)
	at com.kms.katalon.core.main.TestCaseMain.startTestSuite(TestCaseMain.java:185)
	at com.kms.katalon.core.main.TestCaseMain$startTestSuite$0.call(Unknown Source)
	at TempTestSuite1656640997204.run(TempTestSuite1656640997204.groovy:36)
Caused by: com.kms.katalon.core.webui.exception.WebElementNotFoundException: Web element with id: 'Object Repository/AdminSuiteBootstrap_Pages/VSP_Bootstrap/View Profile/a_PaymentsAmEx' located by '//*[(text() = '						
					PaymentsAmEx
				' or . = '						
					PaymentsAmEx
				')]' not found
	at com.kms.katalon.core.webui.common.WebUiCommonHelper.findWebElement(WebUiCommonHelper.java:1370)
	at com.kms.katalon.core.webui.keyword.internal.WebUIAbstractKeyword.findWebElement(WebUIAbstractKeyword.groovy:27)
	at com.kms.katalon.core.webui.keyword.builtin.ClickKeyword$_click_closure1.doCall(ClickKeyword.groovy:65)
	at com.kms.katalon.core.webui.keyword.builtin.ClickKeyword$_click_closure1.call(ClickKeyword.groovy)
	at com.kms.katalon.core.webui.keyword.internal.WebUIKeywordMain.runKeyword(WebUIKeywordMain.groovy:20)
	at com.kms.katalon.core.webui.keyword.builtin.ClickKeyword.click(ClickKeyword.groovy:74)
	at com.kms.katalon.core.webui.keyword.builtin.ClickKeyword.execute(ClickKeyword.groovy:40)
	at com.kms.katalon.core.keyword.internal.KeywordExecutor.executeKeywordForPlatform(KeywordExecutor.groovy:74)
	at com.kms.katalon.core.webui.keyword.WebUiBuiltInKeywords.click(WebUiBuiltInKeywords.groovy:620)
	at com.kms.katalon.core.webui.keyword.WebUiBuiltInKeywords$click$3.call(Unknown Source)
	at Script1652205847657.run(Script1652205847657.groovy:119)
	... 13 more
)
[[ATTACHMENT|E:\\Cloned-Project-Katalon\\VPS-Katalon\\Reports\\20220630_220315\\QA\\VSP-Bootstrap\\VPS-Payments-TestSuite\\20220630_220317\\1656641468833.png]]

2022-06-30 22:11:09 - [TEST_STEP][FAILED] - click(findTestObject(path_ViewProfile + "a_AuthCap")): Unable to click on object 'Object Repository/AdminSuiteBootstrap_Pages/VSP_Bootstrap/View Profile/a_AuthCap' (Root cause: com.kms.katalon.core.exception.StepFailedException: Unable to click on object 'Object Repository/AdminSuiteBootstrap_Pages/VSP_Bootstrap/View Profile/a_AuthCap'
	at com.kms.katalon.core.webui.keyword.internal.WebUIKeywordMain.stepFailed(WebUIKeywordMain.groovy:64)
	at com.kms.katalon.core.webui.keyword.internal.WebUIKeywordMain.runKeyword(WebUIKeywordMain.groovy:26)
	at com.kms.katalon.core.webui.keyword.builtin.ClickKeyword.click(ClickKeyword.groovy:74)
	at com.kms.katalon.core.webui.keyword.builtin.ClickKeyword.execute(ClickKeyword.groovy:40)
	at com.kms.katalon.core.keyword.internal.KeywordExecutor.executeKeywordForPlatform(KeywordExecutor.groovy:74)
	at com.kms.katalon.core.webui.keyword.WebUiBuiltInKeywords.click(WebUiBuiltInKeywords.groovy:620)
	at com.kms.katalon.core.webui.keyword.WebUiBuiltInKeywords$click$3.call(Unknown Source)
	at Sale_TP_AllCF_Generic_Payment_TC.run(Sale_TP_AllCF_Generic_Payment_TC:122)
	at com.kms.katalon.core.main.ScriptEngine.run(ScriptEngine.java:194)
	at com.kms.katalon.core.main.ScriptEngine.runScriptAsRawText(ScriptEngine.java:119)
	at com.kms.katalon.core.main.TestCaseExecutor.runScript(TestCaseExecutor.java:442)
	at com.kms.katalon.core.main.TestCaseExecutor.doExecute(TestCaseExecutor.java:433)
	at com.kms.katalon.core.main.TestCaseExecutor.processExecutionPhase(TestCaseExecutor.java:412)
	at com.kms.katalon.core.main.TestCaseExecutor.accessMainPhase(TestCaseExecutor.java:404)
	at com.kms.katalon.core.main.TestCaseExecutor.execute(TestCaseExecutor.java:281)
	at com.kms.katalon.core.main.TestSuiteExecutor.accessTestCaseMainPhase(TestSuiteExecutor.java:202)
	at com.kms.katalon.core.main.TestSuiteExecutor.accessTestSuiteMainPhase(TestSuiteExecutor.java:164)
	at com.kms.katalon.core.main.TestSuiteExecutor.execute(TestSuiteExecutor.java:105)
	at com.kms.katalon.core.main.TestCaseMain.startTestSuite(TestCaseMain.java:185)
	at com.kms.katalon.core.main.TestCaseMain$startTestSuite$0.call(Unknown Source)
	at TempTestSuite1656640997204.run(TempTestSuite1656640997204.groovy:36)
Caused by: com.kms.katalon.core.webui.exception.WebElementNotFoundException: Web element with id: 'Object Repository/AdminSuiteBootstrap_Pages/VSP_Bootstrap/View Profile/a_AuthCap' located by '//*[(text() = 'AuthCap' or . = 'AuthCap')]' not found
	at com.kms.katalon.core.webui.common.WebUiCommonHelper.findWebElement(WebUiCommonHelper.java:1370)
	at com.kms.katalon.core.webui.keyword.internal.WebUIAbstractKeyword.findWebElement(WebUIAbstractKeyword.groovy:27)
	at com.kms.katalon.core.webui.keyword.builtin.ClickKeyword$_click_closure1.doCall(ClickKeyword.groovy:65)
	at com.kms.katalon.core.webui.keyword.builtin.ClickKeyword$_click_closure1.call(ClickKeyword.groovy)
	at com.kms.katalon.core.webui.keyword.internal.WebUIKeywordMain.runKeyword(WebUIKeywordMain.groovy:20)
	at com.kms.katalon.core.webui.keyword.builtin.ClickKeyword.click(ClickKeyword.groovy:74)
	at com.kms.katalon.core.webui.keyword.builtin.ClickKeyword.execute(ClickKeyword.groovy:40)
	at com.kms.katalon.core.keyword.internal.KeywordExecutor.executeKeywordForPlatform(KeywordExecutor.groovy:74)
	at com.kms.katalon.core.webui.keyword.WebUiBuiltInKeywords.click(WebUiBuiltInKeywords.groovy:620)
	at com.kms.katalon.core.webui.keyword.WebUiBuiltInKeywords$click$3.call(Unknown Source)
	at Script1652205847657.run(Script1652205847657.groovy:122)
	... 13 more
)

2022-06-30 22:11:40 - [MESSAGE][INFO] - Unable to find the element located by 'By.xpath: //*[(text() = 'AuthCap' or . = 'AuthCap')]'. Please recheck the objects properties to make sure the desired element is located. 

2022-06-30 22:11:40 - [MESSAGE][FAILED] - Unable to click on object 'Object Repository/AdminSuiteBootstrap_Pages/VSP_Bootstrap/View Profile/a_AuthCap' (Root cause: com.kms.katalon.core.exception.StepFailedException: Unable to click on object 'Object Repository/AdminSuiteBootstrap_Pages/VSP_Bootstrap/View Profile/a_AuthCap'
	at com.kms.katalon.core.webui.keyword.internal.WebUIKeywordMain.stepFailed(WebUIKeywordMain.groovy:64)
	at com.kms.katalon.core.webui.keyword.internal.WebUIKeywordMain.runKeyword(WebUIKeywordMain.groovy:26)
	at com.kms.katalon.core.webui.keyword.builtin.ClickKeyword.click(ClickKeyword.groovy:74)
	at com.kms.katalon.core.webui.keyword.builtin.ClickKeyword.execute(ClickKeyword.groovy:40)
	at com.kms.katalon.core.keyword.internal.KeywordExecutor.executeKeywordForPlatform(KeywordExecutor.groovy:74)
	at com.kms.katalon.core.webui.keyword.WebUiBuiltInKeywords.click(WebUiBuiltInKeywords.groovy:620)
	at com.kms.katalon.core.webui.keyword.WebUiBuiltInKeywords$click$3.call(Unknown Source)
	at Sale_TP_AllCF_Generic_Payment_TC.run(Sale_TP_AllCF_Generic_Payment_TC:122)
	at com.kms.katalon.core.main.ScriptEngine.run(ScriptEngine.java:194)
	at com.kms.katalon.core.main.ScriptEngine.runScriptAsRawText(ScriptEngine.java:119)
	at com.kms.katalon.core.main.TestCaseExecutor.runScript(TestCaseExecutor.java:442)
	at com.kms.katalon.core.main.TestCaseExecutor.doExecute(TestCaseExecutor.java:433)
	at com.kms.katalon.core.main.TestCaseExecutor.processExecutionPhase(TestCaseExecutor.java:412)
	at com.kms.katalon.core.main.TestCaseExecutor.accessMainPhase(TestCaseExecutor.java:404)
	at com.kms.katalon.core.main.TestCaseExecutor.execute(TestCaseExecutor.java:281)
	at com.kms.katalon.core.main.TestSuiteExecutor.accessTestCaseMainPhase(TestSuiteExecutor.java:202)
	at com.kms.katalon.core.main.TestSuiteExecutor.accessTestSuiteMainPhase(TestSuiteExecutor.java:164)
	at com.kms.katalon.core.main.TestSuiteExecutor.execute(TestSuiteExecutor.java:105)
	at com.kms.katalon.core.main.TestCaseMain.startTestSuite(TestCaseMain.java:185)
	at com.kms.katalon.core.main.TestCaseMain$startTestSuite$0.call(Unknown Source)
	at TempTestSuite1656640997204.run(TempTestSuite1656640997204.groovy:36)
Caused by: com.kms.katalon.core.webui.exception.WebElementNotFoundException: Web element with id: 'Object Repository/AdminSuiteBootstrap_Pages/VSP_Bootstrap/View Profile/a_AuthCap' located by '//*[(text() = 'AuthCap' or . = 'AuthCap')]' not found
	at com.kms.katalon.core.webui.common.WebUiCommonHelper.findWebElement(WebUiCommonHelper.java:1370)
	at com.kms.katalon.core.webui.keyword.internal.WebUIAbstractKeyword.findWebElement(WebUIAbstractKeyword.groovy:27)
	at com.kms.katalon.core.webui.keyword.builtin.ClickKeyword$_click_closure1.doCall(ClickKeyword.groovy:65)
	at com.kms.katalon.core.webui.keyword.builtin.ClickKeyword$_click_closure1.call(ClickKeyword.groovy)
	at com.kms.katalon.core.webui.keyword.internal.WebUIKeywordMain.runKeyword(WebUIKeywordMain.groovy:20)
	at com.kms.katalon.core.webui.keyword.builtin.ClickKeyword.click(ClickKeyword.groovy:74)
	at com.kms.katalon.core.webui.keyword.builtin.ClickKeyword.execute(ClickKeyword.groovy:40)
	at com.kms.katalon.core.keyword.internal.KeywordExecutor.executeKeywordForPlatform(KeywordExecutor.groovy:74)
	at com.kms.katalon.core.webui.keyword.WebUiBuiltInKeywords.click(WebUiBuiltInKeywords.groovy:620)
	at com.kms.katalon.core.webui.keyword.WebUiBuiltInKeywords$click$3.call(Unknown Source)
	at Script1652205847657.run(Script1652205847657.groovy:122)
	... 13 more
)
[[ATTACHMENT|E:\\Cloned-Project-Katalon\\VPS-Katalon\\Reports\\20220630_220315\\QA\\VSP-Bootstrap\\VPS-Payments-TestSuite\\20220630_220317\\1656641500103.png]]

2022-06-30 22:11:40 - [TEST_STEP][FAILED] - verifyTextPresent("Credit Card Authorization Capture", true): Text 'Credit Card Authorization Capture' is not present on page  using regular expression (Root cause: com.kms.katalon.core.exception.StepFailedException: Text 'Credit Card Authorization Capture' is not present on page  using regular expression
	at com.kms.katalon.core.webui.keyword.internal.WebUIKeywordMain.stepFailed(WebUIKeywordMain.groovy:64)
	at com.kms.katalon.core.webui.keyword.builtin.VerifyTextPresentKeyword$_verifyTextPresent_closure1.doCall(VerifyTextPresentKeyword.groovy:79)
	at com.kms.katalon.core.webui.keyword.builtin.VerifyTextPresentKeyword$_verifyTextPresent_closure1.call(VerifyTextPresentKeyword.groovy)
	at com.kms.katalon.core.webui.keyword.internal.WebUIKeywordMain.runKeyword(WebUIKeywordMain.groovy:20)
	at com.kms.katalon.core.webui.keyword.builtin.VerifyTextPresentKeyword.verifyTextPresent(VerifyTextPresentKeyword.groovy:83)
	at com.kms.katalon.core.webui.keyword.builtin.VerifyTextPresentKeyword.execute(VerifyTextPresentKeyword.groovy:68)
	at com.kms.katalon.core.keyword.internal.KeywordExecutor.executeKeywordForPlatform(KeywordExecutor.groovy:74)
	at com.kms.katalon.core.webui.keyword.WebUiBuiltInKeywords.verifyTextPresent(WebUiBuiltInKeywords.groovy:1723)
	at com.kms.katalon.core.webui.keyword.WebUiBuiltInKeywords$verifyTextPresent$4.call(Unknown Source)
	at Sale_TP_AllCF_Generic_Payment_TC.run(Sale_TP_AllCF_Generic_Payment_TC:125)
	at com.kms.katalon.core.main.ScriptEngine.run(ScriptEngine.java:194)
	at com.kms.katalon.core.main.ScriptEngine.runScriptAsRawText(ScriptEngine.java:119)
	at com.kms.katalon.core.main.TestCaseExecutor.runScript(TestCaseExecutor.java:442)
	at com.kms.katalon.core.main.TestCaseExecutor.doExecute(TestCaseExecutor.java:433)
	at com.kms.katalon.core.main.TestCaseExecutor.processExecutionPhase(TestCaseExecutor.java:412)
	at com.kms.katalon.core.main.TestCaseExecutor.accessMainPhase(TestCaseExecutor.java:404)
	at com.kms.katalon.core.main.TestCaseExecutor.execute(TestCaseExecutor.java:281)
	at com.kms.katalon.core.main.TestSuiteExecutor.accessTestCaseMainPhase(TestSuiteExecutor.java:202)
	at com.kms.katalon.core.main.TestSuiteExecutor.accessTestSuiteMainPhase(TestSuiteExecutor.java:164)
	at com.kms.katalon.core.main.TestSuiteExecutor.execute(TestSuiteExecutor.java:105)
	at com.kms.katalon.core.main.TestCaseMain.startTestSuite(TestCaseMain.java:185)
	at com.kms.katalon.core.main.TestCaseMain$startTestSuite$0.call(Unknown Source)
	at TempTestSuite1656640997204.run(TempTestSuite1656640997204.groovy:36)
)

2022-06-30 22:11:40 - [MESSAGE][FAILED] - Text 'Credit Card Authorization Capture' is not present on page  using regular expression (Root cause: com.kms.katalon.core.exception.StepFailedException: Text 'Credit Card Authorization Capture' is not present on page  using regular expression
	at com.kms.katalon.core.webui.keyword.internal.WebUIKeywordMain.stepFailed(WebUIKeywordMain.groovy:64)
	at com.kms.katalon.core.webui.keyword.builtin.VerifyTextPresentKeyword$_verifyTextPresent_closure1.doCall(VerifyTextPresentKeyword.groovy:79)
	at com.kms.katalon.core.webui.keyword.builtin.VerifyTextPresentKeyword$_verifyTextPresent_closure1.call(VerifyTextPresentKeyword.groovy)
	at com.kms.katalon.core.webui.keyword.internal.WebUIKeywordMain.runKeyword(WebUIKeywordMain.groovy:20)
	at com.kms.katalon.core.webui.keyword.builtin.VerifyTextPresentKeyword.verifyTextPresent(VerifyTextPresentKeyword.groovy:83)
	at com.kms.katalon.core.webui.keyword.builtin.VerifyTextPresentKeyword.execute(VerifyTextPresentKeyword.groovy:68)
	at com.kms.katalon.core.keyword.internal.KeywordExecutor.executeKeywordForPlatform(KeywordExecutor.groovy:74)
	at com.kms.katalon.core.webui.keyword.WebUiBuiltInKeywords.verifyTextPresent(WebUiBuiltInKeywords.groovy:1723)
	at com.kms.katalon.core.webui.keyword.WebUiBuiltInKeywords$verifyTextPresent$4.call(Unknown Source)
	at Sale_TP_AllCF_Generic_Payment_TC.run(Sale_TP_AllCF_Generic_Payment_TC:125)
	at com.kms.katalon.core.main.ScriptEngine.run(ScriptEngine.java:194)
	at com.kms.katalon.core.main.ScriptEngine.runScriptAsRawText(ScriptEngine.java:119)
	at com.kms.katalon.core.main.TestCaseExecutor.runScript(TestCaseExecutor.java:442)
	at com.kms.katalon.core.main.TestCaseExecutor.doExecute(TestCaseExecutor.java:433)
	at com.kms.katalon.core.main.TestCaseExecutor.processExecutionPhase(TestCaseExecutor.java:412)
	at com.kms.katalon.core.main.TestCaseExecutor.accessMainPhase(TestCaseExecutor.java:404)
	at com.kms.katalon.core.main.TestCaseExecutor.execute(TestCaseExecutor.java:281)
	at com.kms.katalon.core.main.TestSuiteExecutor.accessTestCaseMainPhase(TestSuiteExecutor.java:202)
	at com.kms.katalon.core.main.TestSuiteExecutor.accessTestSuiteMainPhase(TestSuiteExecutor.java:164)
	at com.kms.katalon.core.main.TestSuiteExecutor.execute(TestSuiteExecutor.java:105)
	at com.kms.katalon.core.main.TestCaseMain.startTestSuite(TestCaseMain.java:185)
	at com.kms.katalon.core.main.TestCaseMain$startTestSuite$0.call(Unknown Source)
	at TempTestSuite1656640997204.run(TempTestSuite1656640997204.groovy:36)
)

2022-06-30 22:11:40 - [TEST_STEP][FAILED] - verifyTextPresent("Sale", true): Text 'Sale' is not present on page  using regular expression (Root cause: com.kms.katalon.core.exception.StepFailedException: Text 'Sale' is not present on page  using regular expression
	at com.kms.katalon.core.webui.keyword.internal.WebUIKeywordMain.stepFailed(WebUIKeywordMain.groovy:64)
	at com.kms.katalon.core.webui.keyword.builtin.VerifyTextPresentKeyword$_verifyTextPresent_closure1.doCall(VerifyTextPresentKeyword.groovy:79)
	at com.kms.katalon.core.webui.keyword.builtin.VerifyTextPresentKeyword$_verifyTextPresent_closure1.call(VerifyTextPresentKeyword.groovy)
	at com.kms.katalon.core.webui.keyword.internal.WebUIKeywordMain.runKeyword(WebUIKeywordMain.groovy:20)
	at com.kms.katalon.core.webui.keyword.builtin.VerifyTextPresentKeyword.verifyTextPresent(VerifyTextPresentKeyword.groovy:83)
	at com.kms.katalon.core.webui.keyword.builtin.VerifyTextPresentKeyword.execute(VerifyTextPresentKeyword.groovy:68)
	at com.kms.katalon.core.keyword.internal.KeywordExecutor.executeKeywordForPlatform(KeywordExecutor.groovy:74)
	at com.kms.katalon.core.webui.keyword.WebUiBuiltInKeywords.verifyTextPresent(WebUiBuiltInKeywords.groovy:1723)
	at com.kms.katalon.core.webui.keyword.WebUiBuiltInKeywords$verifyTextPresent$4.call(Unknown Source)
	at Sale_TP_AllCF_Generic_Payment_TC.run(Sale_TP_AllCF_Generic_Payment_TC:126)
	at com.kms.katalon.core.main.ScriptEngine.run(ScriptEngine.java:194)
	at com.kms.katalon.core.main.ScriptEngine.runScriptAsRawText(ScriptEngine.java:119)
	at com.kms.katalon.core.main.TestCaseExecutor.runScript(TestCaseExecutor.java:442)
	at com.kms.katalon.core.main.TestCaseExecutor.doExecute(TestCaseExecutor.java:433)
	at com.kms.katalon.core.main.TestCaseExecutor.processExecutionPhase(TestCaseExecutor.java:412)
	at com.kms.katalon.core.main.TestCaseExecutor.accessMainPhase(TestCaseExecutor.java:404)
	at com.kms.katalon.core.main.TestCaseExecutor.execute(TestCaseExecutor.java:281)
	at com.kms.katalon.core.main.TestSuiteExecutor.accessTestCaseMainPhase(TestSuiteExecutor.java:202)
	at com.kms.katalon.core.main.TestSuiteExecutor.accessTestSuiteMainPhase(TestSuiteExecutor.java:164)
	at com.kms.katalon.core.main.TestSuiteExecutor.execute(TestSuiteExecutor.java:105)
	at com.kms.katalon.core.main.TestCaseMain.startTestSuite(TestCaseMain.java:185)
	at com.kms.katalon.core.main.TestCaseMain$startTestSuite$0.call(Unknown Source)
	at TempTestSuite1656640997204.run(TempTestSuite1656640997204.groovy:36)
)

2022-06-30 22:11:40 - [MESSAGE][FAILED] - Text 'Sale' is not present on page  using regular expression (Root cause: com.kms.katalon.core.exception.StepFailedException: Text 'Sale' is not present on page  using regular expression
	at com.kms.katalon.core.webui.keyword.internal.WebUIKeywordMain.stepFailed(WebUIKeywordMain.groovy:64)
	at com.kms.katalon.core.webui.keyword.builtin.VerifyTextPresentKeyword$_verifyTextPresent_closure1.doCall(VerifyTextPresentKeyword.groovy:79)
	at com.kms.katalon.core.webui.keyword.builtin.VerifyTextPresentKeyword$_verifyTextPresent_closure1.call(VerifyTextPresentKeyword.groovy)
	at com.kms.katalon.core.webui.keyword.internal.WebUIKeywordMain.runKeyword(WebUIKeywordMain.groovy:20)
	at com.kms.katalon.core.webui.keyword.builtin.VerifyTextPresentKeyword.verifyTextPresent(VerifyTextPresentKeyword.groovy:83)
	at com.kms.katalon.core.webui.keyword.builtin.VerifyTextPresentKeyword.execute(VerifyTextPresentKeyword.groovy:68)
	at com.kms.katalon.core.keyword.internal.KeywordExecutor.executeKeywordForPlatform(KeywordExecutor.groovy:74)
	at com.kms.katalon.core.webui.keyword.WebUiBuiltInKeywords.verifyTextPresent(WebUiBuiltInKeywords.groovy:1723)
	at com.kms.katalon.core.webui.keyword.WebUiBuiltInKeywords$verifyTextPresent$4.call(Unknown Source)
	at Sale_TP_AllCF_Generic_Payment_TC.run(Sale_TP_AllCF_Generic_Payment_TC:126)
	at com.kms.katalon.core.main.ScriptEngine.run(ScriptEngine.java:194)
	at com.kms.katalon.core.main.ScriptEngine.runScriptAsRawText(ScriptEngine.java:119)
	at com.kms.katalon.core.main.TestCaseExecutor.runScript(TestCaseExecutor.java:442)
	at com.kms.katalon.core.main.TestCaseExecutor.doExecute(TestCaseExecutor.java:433)
	at com.kms.katalon.core.main.TestCaseExecutor.processExecutionPhase(TestCaseExecutor.java:412)
	at com.kms.katalon.core.main.TestCaseExecutor.accessMainPhase(TestCaseExecutor.java:404)
	at com.kms.katalon.core.main.TestCaseExecutor.execute(TestCaseExecutor.java:281)
	at com.kms.katalon.core.main.TestSuiteExecutor.accessTestCaseMainPhase(TestSuiteExecutor.java:202)
	at com.kms.katalon.core.main.TestSuiteExecutor.accessTestSuiteMainPhase(TestSuiteExecutor.java:164)
	at com.kms.katalon.core.main.TestSuiteExecutor.execute(TestSuiteExecutor.java:105)
	at com.kms.katalon.core.main.TestCaseMain.startTestSuite(TestCaseMain.java:185)
	at com.kms.katalon.core.main.TestCaseMain$startTestSuite$0.call(Unknown Source)
	at TempTestSuite1656640997204.run(TempTestSuite1656640997204.groovy:36)
)

2022-06-30 22:11:40 - [TEST_STEP][FAILED] - verifyTextPresent("Required fields are highlighted with an asterisk", true): Text 'Required fields are highlighted with an asterisk' is not present on page  using regular expression (Root cause: com.kms.katalon.core.exception.StepFailedException: Text 'Required fields are highlighted with an asterisk' is not present on page  using regular expression
	at com.kms.katalon.core.webui.keyword.internal.WebUIKeywordMain.stepFailed(WebUIKeywordMain.groovy:64)
	at com.kms.katalon.core.webui.keyword.builtin.VerifyTextPresentKeyword$_verifyTextPresent_closure1.doCall(VerifyTextPresentKeyword.groovy:79)
	at com.kms.katalon.core.webui.keyword.builtin.VerifyTextPresentKeyword$_verifyTextPresent_closure1.call(VerifyTextPresentKeyword.groovy)
	at com.kms.katalon.core.webui.keyword.internal.WebUIKeywordMain.runKeyword(WebUIKeywordMain.groovy:20)
	at com.kms.katalon.core.webui.keyword.builtin.VerifyTextPresentKeyword.verifyTextPresent(VerifyTextPresentKeyword.groovy:83)
	at com.kms.katalon.core.webui.keyword.builtin.VerifyTextPresentKeyword.execute(VerifyTextPresentKeyword.groovy:68)
	at com.kms.katalon.core.keyword.internal.KeywordExecutor.executeKeywordForPlatform(KeywordExecutor.groovy:74)
	at com.kms.katalon.core.webui.keyword.WebUiBuiltInKeywords.verifyTextPresent(WebUiBuiltInKeywords.groovy:1723)
	at com.kms.katalon.core.webui.keyword.WebUiBuiltInKeywords$verifyTextPresent$4.call(Unknown Source)
	at Sale_TP_AllCF_Generic_Payment_TC.run(Sale_TP_AllCF_Generic_Payment_TC:127)
	at com.kms.katalon.core.main.ScriptEngine.run(ScriptEngine.java:194)
	at com.kms.katalon.core.main.ScriptEngine.runScriptAsRawText(ScriptEngine.java:119)
	at com.kms.katalon.core.main.TestCaseExecutor.runScript(TestCaseExecutor.java:442)
	at com.kms.katalon.core.main.TestCaseExecutor.doExecute(TestCaseExecutor.java:433)
	at com.kms.katalon.core.main.TestCaseExecutor.processExecutionPhase(TestCaseExecutor.java:412)
	at com.kms.katalon.core.main.TestCaseExecutor.accessMainPhase(TestCaseExecutor.java:404)
	at com.kms.katalon.core.main.TestCaseExecutor.execute(TestCaseExecutor.java:281)
	at com.kms.katalon.core.main.TestSuiteExecutor.accessTestCaseMainPhase(TestSuiteExecutor.java:202)
	at com.kms.katalon.core.main.TestSuiteExecutor.accessTestSuiteMainPhase(TestSuiteExecutor.java:164)
	at com.kms.katalon.core.main.TestSuiteExecutor.execute(TestSuiteExecutor.java:105)
	at com.kms.katalon.core.main.TestCaseMain.startTestSuite(TestCaseMain.java:185)
	at com.kms.katalon.core.main.TestCaseMain$startTestSuite$0.call(Unknown Source)
	at TempTestSuite1656640997204.run(TempTestSuite1656640997204.groovy:36)
)

2022-06-30 22:11:40 - [MESSAGE][FAILED] - Text 'Required fields are highlighted with an asterisk' is not present on page  using regular expression (Root cause: com.kms.katalon.core.exception.StepFailedException: Text 'Required fields are highlighted with an asterisk' is not present on page  using regular expression
	at com.kms.katalon.core.webui.keyword.internal.WebUIKeywordMain.stepFailed(WebUIKeywordMain.groovy:64)
	at com.kms.katalon.core.webui.keyword.builtin.VerifyTextPresentKeyword$_verifyTextPresent_closure1.doCall(VerifyTextPresentKeyword.groovy:79)
	at com.kms.katalon.core.webui.keyword.builtin.VerifyTextPresentKeyword$_verifyTextPresent_closure1.call(VerifyTextPresentKeyword.groovy)
	at com.kms.katalon.core.webui.keyword.internal.WebUIKeywordMain.runKeyword(WebUIKeywordMain.groovy:20)
	at com.kms.katalon.core.webui.keyword.builtin.VerifyTextPresentKeyword.verifyTextPresent(VerifyTextPresentKeyword.groovy:83)
	at com.kms.katalon.core.webui.keyword.builtin.VerifyTextPresentKeyword.execute(VerifyTextPresentKeyword.groovy:68)
	at com.kms.katalon.core.keyword.internal.KeywordExecutor.executeKeywordForPlatform(KeywordExecutor.groovy:74)
	at com.kms.katalon.core.webui.keyword.WebUiBuiltInKeywords.verifyTextPresent(WebUiBuiltInKeywords.groovy:1723)
	at com.kms.katalon.core.webui.keyword.WebUiBuiltInKeywords$verifyTextPresent$4.call(Unknown Source)
	at Sale_TP_AllCF_Generic_Payment_TC.run(Sale_TP_AllCF_Generic_Payment_TC:127)
	at com.kms.katalon.core.main.ScriptEngine.run(ScriptEngine.java:194)
	at com.kms.katalon.core.main.ScriptEngine.runScriptAsRawText(ScriptEngine.java:119)
	at com.kms.katalon.core.main.TestCaseExecutor.runScript(TestCaseExecutor.java:442)
	at com.kms.katalon.core.main.TestCaseExecutor.doExecute(TestCaseExecutor.java:433)
	at com.kms.katalon.core.main.TestCaseExecutor.processExecutionPhase(TestCaseExecutor.java:412)
	at com.kms.katalon.core.main.TestCaseExecutor.accessMainPhase(TestCaseExecutor.java:404)
	at com.kms.katalon.core.main.TestCaseExecutor.execute(TestCaseExecutor.java:281)
	at com.kms.katalon.core.main.TestSuiteExecutor.accessTestCaseMainPhase(TestSuiteExecutor.java:202)
	at com.kms.katalon.core.main.TestSuiteExecutor.accessTestSuiteMainPhase(TestSuiteExecutor.java:164)
	at com.kms.katalon.core.main.TestSuiteExecutor.execute(TestSuiteExecutor.java:105)
	at com.kms.katalon.core.main.TestCaseMain.startTestSuite(TestCaseMain.java:185)
	at com.kms.katalon.core.main.TestCaseMain$startTestSuite$0.call(Unknown Source)
	at TempTestSuite1656640997204.run(TempTestSuite1656640997204.groovy:36)
)

2022-06-30 22:11:40 - [TEST_STEP][FAILED] - verifyTextPresent("Remittance ID", true): Text 'Remittance ID' is not present on page  using regular expression (Root cause: com.kms.katalon.core.exception.StepFailedException: Text 'Remittance ID' is not present on page  using regular expression
	at com.kms.katalon.core.webui.keyword.internal.WebUIKeywordMain.stepFailed(WebUIKeywordMain.groovy:64)
	at com.kms.katalon.core.webui.keyword.builtin.VerifyTextPresentKeyword$_verifyTextPresent_closure1.doCall(VerifyTextPresentKeyword.groovy:79)
	at com.kms.katalon.core.webui.keyword.builtin.VerifyTextPresentKeyword$_verifyTextPresent_closure1.call(VerifyTextPresentKeyword.groovy)
	at com.kms.katalon.core.webui.keyword.internal.WebUIKeywordMain.runKeyword(WebUIKeywordMain.groovy:20)
	at com.kms.katalon.core.webui.keyword.builtin.VerifyTextPresentKeyword.verifyTextPresent(VerifyTextPresentKeyword.groovy:83)
	at com.kms.katalon.core.webui.keyword.builtin.VerifyTextPresentKeyword.execute(VerifyTextPresentKeyword.groovy:68)
	at com.kms.katalon.core.keyword.internal.KeywordExecutor.executeKeywordForPlatform(KeywordExecutor.groovy:74)
	at com.kms.katalon.core.webui.keyword.WebUiBuiltInKeywords.verifyTextPresent(WebUiBuiltInKeywords.groovy:1723)
	at com.kms.katalon.core.webui.keyword.WebUiBuiltInKeywords$verifyTextPresent$4.call(Unknown Source)
	at Sale_TP_AllCF_Generic_Payment_TC.run(Sale_TP_AllCF_Generic_Payment_TC:128)
	at com.kms.katalon.core.main.ScriptEngine.run(ScriptEngine.java:194)
	at com.kms.katalon.core.main.ScriptEngine.runScriptAsRawText(ScriptEngine.java:119)
	at com.kms.katalon.core.main.TestCaseExecutor.runScript(TestCaseExecutor.java:442)
	at com.kms.katalon.core.main.TestCaseExecutor.doExecute(TestCaseExecutor.java:433)
	at com.kms.katalon.core.main.TestCaseExecutor.processExecutionPhase(TestCaseExecutor.java:412)
	at com.kms.katalon.core.main.TestCaseExecutor.accessMainPhase(TestCaseExecutor.java:404)
	at com.kms.katalon.core.main.TestCaseExecutor.execute(TestCaseExecutor.java:281)
	at com.kms.katalon.core.main.TestSuiteExecutor.accessTestCaseMainPhase(TestSuiteExecutor.java:202)
	at com.kms.katalon.core.main.TestSuiteExecutor.accessTestSuiteMainPhase(TestSuiteExecutor.java:164)
	at com.kms.katalon.core.main.TestSuiteExecutor.execute(TestSuiteExecutor.java:105)
	at com.kms.katalon.core.main.TestCaseMain.startTestSuite(TestCaseMain.java:185)
	at com.kms.katalon.core.main.TestCaseMain$startTestSuite$0.call(Unknown Source)
	at TempTestSuite1656640997204.run(TempTestSuite1656640997204.groovy:36)
)

2022-06-30 22:11:40 - [MESSAGE][FAILED] - Text 'Remittance ID' is not present on page  using regular expression (Root cause: com.kms.katalon.core.exception.StepFailedException: Text 'Remittance ID' is not present on page  using regular expression
	at com.kms.katalon.core.webui.keyword.internal.WebUIKeywordMain.stepFailed(WebUIKeywordMain.groovy:64)
	at com.kms.katalon.core.webui.keyword.builtin.VerifyTextPresentKeyword$_verifyTextPresent_closure1.doCall(VerifyTextPresentKeyword.groovy:79)
	at com.kms.katalon.core.webui.keyword.builtin.VerifyTextPresentKeyword$_verifyTextPresent_closure1.call(VerifyTextPresentKeyword.groovy)
	at com.kms.katalon.core.webui.keyword.internal.WebUIKeywordMain.runKeyword(WebUIKeywordMain.groovy:20)
	at com.kms.katalon.core.webui.keyword.builtin.VerifyTextPresentKeyword.verifyTextPresent(VerifyTextPresentKeyword.groovy:83)
	at com.kms.katalon.core.webui.keyword.builtin.VerifyTextPresentKeyword.execute(VerifyTextPresentKeyword.groovy:68)
	at com.kms.katalon.core.keyword.internal.KeywordExecutor.executeKeywordForPlatform(KeywordExecutor.groovy:74)
	at com.kms.katalon.core.webui.keyword.WebUiBuiltInKeywords.verifyTextPresent(WebUiBuiltInKeywords.groovy:1723)
	at com.kms.katalon.core.webui.keyword.WebUiBuiltInKeywords$verifyTextPresent$4.call(Unknown Source)
	at Sale_TP_AllCF_Generic_Payment_TC.run(Sale_TP_AllCF_Generic_Payment_TC:128)
	at com.kms.katalon.core.main.ScriptEngine.run(ScriptEngine.java:194)
	at com.kms.katalon.core.main.ScriptEngine.runScriptAsRawText(ScriptEngine.java:119)
	at com.kms.katalon.core.main.TestCaseExecutor.runScript(TestCaseExecutor.java:442)
	at com.kms.katalon.core.main.TestCaseExecutor.doExecute(TestCaseExecutor.java:433)
	at com.kms.katalon.core.main.TestCaseExecutor.processExecutionPhase(TestCaseExecutor.java:412)
	at com.kms.katalon.core.main.TestCaseExecutor.accessMainPhase(TestCaseExecutor.java:404)
	at com.kms.katalon.core.main.TestCaseExecutor.execute(TestCaseExecutor.java:281)
	at com.kms.katalon.core.main.TestSuiteExecutor.accessTestCaseMainPhase(TestSuiteExecutor.java:202)
	at com.kms.katalon.core.main.TestSuiteExecutor.accessTestSuiteMainPhase(TestSuiteExecutor.java:164)
	at com.kms.katalon.core.main.TestSuiteExecutor.execute(TestSuiteExecutor.java:105)
	at com.kms.katalon.core.main.TestCaseMain.startTestSuite(TestCaseMain.java:185)
	at com.kms.katalon.core.main.TestCaseMain$startTestSuite$0.call(Unknown Source)
	at TempTestSuite1656640997204.run(TempTestSuite1656640997204.groovy:36)
)

2022-06-30 22:11:40 - [TEST_STEP][FAILED] - vspBootstrap.SalePage.setDataSaleAndAuth(row, dataFile): com.kms.katalon.core.exception.StepFailedException: Unable to select option by value 'MOTO' of object 'Object Repository/AdminSuiteBootstrap_Pages/VSP_Bootstrap/VSP_Authcap/select_TransactionCategory'  using regular expression (Root cause: com.kms.katalon.core.exception.StepFailedException: Unable to select option by value 'MOTO' of object 'Object Repository/AdminSuiteBootstrap_Pages/VSP_Bootstrap/VSP_Authcap/select_TransactionCategory'  using regular expression
	at com.kms.katalon.core.webui.keyword.internal.WebUIKeywordMain.stepFailed(WebUIKeywordMain.groovy:64)
	at com.kms.katalon.core.webui.keyword.internal.WebUIKeywordMain.runKeyword(WebUIKeywordMain.groovy:26)
	at com.kms.katalon.core.webui.keyword.builtin.SelectOptionByValueKeyword.selectOptionByValue(SelectOptionByValueKeyword.groovy:99)
	at com.kms.katalon.core.webui.keyword.builtin.SelectOptionByValueKeyword.execute(SelectOptionByValueKeyword.groovy:71)
	at com.kms.katalon.core.keyword.internal.KeywordExecutor.executeKeywordForPlatform(KeywordExecutor.groovy:74)
	at com.kms.katalon.core.webui.keyword.WebUiBuiltInKeywords.selectOptionByValue(WebUiBuiltInKeywords.groovy:1168)
	at com.kms.katalon.core.webui.keyword.WebUiBuiltInKeywords$selectOptionByValue$5.call(Unknown Source)
	at vspBootstrap.SalePage.setDataSaleAndAuth(SalePage.groovy:49)
	at vspBootstrap.SalePage.invokeMethod(SalePage.groovy)
	at com.kms.katalon.core.main.CustomKeywordDelegatingMetaClass.invokeStaticMethod(CustomKeywordDelegatingMetaClass.java:50)
	at Sale_TP_AllCF_Generic_Payment_TC.run(Sale_TP_AllCF_Generic_Payment_TC:131)
	at com.kms.katalon.core.main.ScriptEngine.run(ScriptEngine.java:194)
	at com.kms.katalon.core.main.ScriptEngine.runScriptAsRawText(ScriptEngine.java:119)
	at com.kms.katalon.core.main.TestCaseExecutor.runScript(TestCaseExecutor.java:442)
	at com.kms.katalon.core.main.TestCaseExecutor.doExecute(TestCaseExecutor.java:433)
	at com.kms.katalon.core.main.TestCaseExecutor.processExecutionPhase(TestCaseExecutor.java:412)
	at com.kms.katalon.core.main.TestCaseExecutor.accessMainPhase(TestCaseExecutor.java:404)
	at com.kms.katalon.core.main.TestCaseExecutor.execute(TestCaseExecutor.java:281)
	at com.kms.katalon.core.main.TestSuiteExecutor.accessTestCaseMainPhase(TestSuiteExecutor.java:202)
	at com.kms.katalon.core.main.TestSuiteExecutor.accessTestSuiteMainPhase(TestSuiteExecutor.java:164)
	at com.kms.katalon.core.main.TestSuiteExecutor.execute(TestSuiteExecutor.java:105)
	at com.kms.katalon.core.main.TestCaseMain.startTestSuite(TestCaseMain.java:185)
	at com.kms.katalon.core.main.TestCaseMain$startTestSuite$0.call(Unknown Source)
	at TempTestSuite1656640997204.run(TempTestSuite1656640997204.groovy:36)
Caused by: com.kms.katalon.core.webui.exception.WebElementNotFoundException: Web element with id: 'Object Repository/AdminSuiteBootstrap_Pages/VSP_Bootstrap/VSP_Authcap/select_TransactionCategory' located by '//*[@name = 'transactionCategory' and @id = 'transactionCategory']' not found
	at com.kms.katalon.core.webui.common.WebUiCommonHelper.findWebElement(WebUiCommonHelper.java:1370)
	at com.kms.katalon.core.webui.keyword.internal.WebUIAbstractKeyword.findWebElement(WebUIAbstractKeyword.groovy:27)
	at com.kms.katalon.core.webui.keyword.internal.WebUIAbstractKeyword.findWebElement(WebUIAbstractKeyword.groovy:26)
	at com.kms.katalon.core.webui.keyword.builtin.SelectOptionByValueKeyword$_selectOptionByValue_closure1.doCall(SelectOptionByValueKeyword.groovy:86)
	at com.kms.katalon.core.webui.keyword.builtin.SelectOptionByValueKeyword$_selectOptionByValue_closure1.call(SelectOptionByValueKeyword.groovy)
	at com.kms.katalon.core.webui.keyword.internal.WebUIKeywordMain.runKeyword(WebUIKeywordMain.groovy:20)
	at com.kms.katalon.core.webui.keyword.builtin.SelectOptionByValueKeyword.selectOptionByValue(SelectOptionByValueKeyword.groovy:99)
	at com.kms.katalon.core.webui.keyword.builtin.SelectOptionByValueKeyword.execute(SelectOptionByValueKeyword.groovy:71)
	at com.kms.katalon.core.keyword.internal.KeywordExecutor.executeKeywordForPlatform(KeywordExecutor.groovy:74)
	at com.kms.katalon.core.webui.keyword.WebUiBuiltInKeywords.selectOptionByValue(WebUiBuiltInKeywords.groovy:1168)
	at com.kms.katalon.core.webui.keyword.WebUiBuiltInKeywords$selectOptionByValue$5.call(Unknown Source)
	at vspBootstrap.SalePage.setDataSaleAndAuth(SalePage.groovy:49)
	at vspBootstrap.SalePage.invokeMethod(SalePage.groovy)
	at com.kms.katalon.core.main.CustomKeywordDelegatingMetaClass.invokeStaticMethod(CustomKeywordDelegatingMetaClass.java:50)
	at Script1652205847657.run(Script1652205847657.groovy:131)
	... 13 more
)

2022-06-30 22:12:12 - [MESSAGE][INFO] - Unable to find the element located by 'By.xpath: //*[@name = 'transactionCategory' and @id = 'transactionCategory']'. Please recheck the objects properties to make sure the desired element is located. 

2022-06-30 22:12:12 - [MESSAGE][FAILED] - Unable to select option by value 'MOTO' of object 'Object Repository/AdminSuiteBootstrap_Pages/VSP_Bootstrap/VSP_Authcap/select_TransactionCategory'  using regular expression (Root cause: com.kms.katalon.core.exception.StepFailedException: Unable to select option by value 'MOTO' of object 'Object Repository/AdminSuiteBootstrap_Pages/VSP_Bootstrap/VSP_Authcap/select_TransactionCategory'  using regular expression
	at com.kms.katalon.core.webui.keyword.internal.WebUIKeywordMain.stepFailed(WebUIKeywordMain.groovy:64)
	at com.kms.katalon.core.webui.keyword.internal.WebUIKeywordMain.runKeyword(WebUIKeywordMain.groovy:26)
	at com.kms.katalon.core.webui.keyword.builtin.SelectOptionByValueKeyword.selectOptionByValue(SelectOptionByValueKeyword.groovy:99)
	at com.kms.katalon.core.webui.keyword.builtin.SelectOptionByValueKeyword.execute(SelectOptionByValueKeyword.groovy:71)
	at com.kms.katalon.core.keyword.internal.KeywordExecutor.executeKeywordForPlatform(KeywordExecutor.groovy:74)
	at com.kms.katalon.core.webui.keyword.WebUiBuiltInKeywords.selectOptionByValue(WebUiBuiltInKeywords.groovy:1168)
	at com.kms.katalon.core.webui.keyword.WebUiBuiltInKeywords$selectOptionByValue$5.call(Unknown Source)
	at vspBootstrap.SalePage.setDataSaleAndAuth(SalePage.groovy:49)
	at vspBootstrap.SalePage.invokeMethod(SalePage.groovy)
	at com.kms.katalon.core.main.CustomKeywordDelegatingMetaClass.invokeStaticMethod(CustomKeywordDelegatingMetaClass.java:50)
	at Sale_TP_AllCF_Generic_Payment_TC.run(Sale_TP_AllCF_Generic_Payment_TC:131)
	at com.kms.katalon.core.main.ScriptEngine.run(ScriptEngine.java:194)
	at com.kms.katalon.core.main.ScriptEngine.runScriptAsRawText(ScriptEngine.java:119)
	at com.kms.katalon.core.main.TestCaseExecutor.runScript(TestCaseExecutor.java:442)
	at com.kms.katalon.core.main.TestCaseExecutor.doExecute(TestCaseExecutor.java:433)
	at com.kms.katalon.core.main.TestCaseExecutor.processExecutionPhase(TestCaseExecutor.java:412)
	at com.kms.katalon.core.main.TestCaseExecutor.accessMainPhase(TestCaseExecutor.java:404)
	at com.kms.katalon.core.main.TestCaseExecutor.execute(TestCaseExecutor.java:281)
	at com.kms.katalon.core.main.TestSuiteExecutor.accessTestCaseMainPhase(TestSuiteExecutor.java:202)
	at com.kms.katalon.core.main.TestSuiteExecutor.accessTestSuiteMainPhase(TestSuiteExecutor.java:164)
	at com.kms.katalon.core.main.TestSuiteExecutor.execute(TestSuiteExecutor.java:105)
	at com.kms.katalon.core.main.TestCaseMain.startTestSuite(TestCaseMain.java:185)
	at com.kms.katalon.core.main.TestCaseMain$startTestSuite$0.call(Unknown Source)
	at TempTestSuite1656640997204.run(TempTestSuite1656640997204.groovy:36)
Caused by: com.kms.katalon.core.webui.exception.WebElementNotFoundException: Web element with id: 'Object Repository/AdminSuiteBootstrap_Pages/VSP_Bootstrap/VSP_Authcap/select_TransactionCategory' located by '//*[@name = 'transactionCategory' and @id = 'transactionCategory']' not found
	at com.kms.katalon.core.webui.common.WebUiCommonHelper.findWebElement(WebUiCommonHelper.java:1370)
	at com.kms.katalon.core.webui.keyword.internal.WebUIAbstractKeyword.findWebElement(WebUIAbstractKeyword.groovy:27)
	at com.kms.katalon.core.webui.keyword.internal.WebUIAbstractKeyword.findWebElement(WebUIAbstractKeyword.groovy:26)
	at com.kms.katalon.core.webui.keyword.builtin.SelectOptionByValueKeyword$_selectOptionByValue_closure1.doCall(SelectOptionByValueKeyword.groovy:86)
	at com.kms.katalon.core.webui.keyword.builtin.SelectOptionByValueKeyword$_selectOptionByValue_closure1.call(SelectOptionByValueKeyword.groovy)
	at com.kms.katalon.core.webui.keyword.internal.WebUIKeywordMain.runKeyword(WebUIKeywordMain.groovy:20)
	at com.kms.katalon.core.webui.keyword.builtin.SelectOptionByValueKeyword.selectOptionByValue(SelectOptionByValueKeyword.groovy:99)
	at com.kms.katalon.core.webui.keyword.builtin.SelectOptionByValueKeyword.execute(SelectOptionByValueKeyword.groovy:71)
	at com.kms.katalon.core.keyword.internal.KeywordExecutor.executeKeywordForPlatform(KeywordExecutor.groovy:74)
	at com.kms.katalon.core.webui.keyword.WebUiBuiltInKeywords.selectOptionByValue(WebUiBuiltInKeywords.groovy:1168)
	at com.kms.katalon.core.webui.keyword.WebUiBuiltInKeywords$selectOptionByValue$5.call(Unknown Source)
	at vspBootstrap.SalePage.setDataSaleAndAuth(SalePage.groovy:49)
	at vspBootstrap.SalePage.invokeMethod(SalePage.groovy)
	at com.kms.katalon.core.main.CustomKeywordDelegatingMetaClass.invokeStaticMethod(CustomKeywordDelegatingMetaClass.java:50)
	at Script1652205847657.run(Script1652205847657.groovy:131)
	... 13 more
)
[[ATTACHMENT|E:\\Cloned-Project-Katalon\\VPS-Katalon\\Reports\\20220630_220315\\QA\\VSP-Bootstrap\\VPS-Payments-TestSuite\\20220630_220317\\1656641532102.png]]

2022-06-30 22:12:43 - [MESSAGE][INFO] - Unable to find the element located by 'By.xpath: //*[@type = 'text' and @name = 'cvv' and @id = 'cvv' and @placeholder = 'Card Security Code']'. Please recheck the objects properties to make sure the desired element is located. 

2022-06-30 22:12:43 - [MESSAGE][FAILED] - Unable to set text '1234' of object 'Object Repository/AdminSuiteBootstrap_Pages/VSP_Bootstrap/VSP_Authcap/input_cvv' (Root cause: com.kms.katalon.core.exception.StepFailedException: Unable to set text '1234' of object 'Object Repository/AdminSuiteBootstrap_Pages/VSP_Bootstrap/VSP_Authcap/input_cvv'
	at com.kms.katalon.core.webui.keyword.internal.WebUIKeywordMain.stepFailed(WebUIKeywordMain.groovy:64)
	at com.kms.katalon.core.webui.keyword.internal.WebUIKeywordMain.runKeyword(WebUIKeywordMain.groovy:26)
	at com.kms.katalon.core.webui.keyword.builtin.SetTextKeyword.setText(SetTextKeyword.groovy:66)
	at com.kms.katalon.core.webui.keyword.builtin.SetTextKeyword.execute(SetTextKeyword.groovy:37)
	at com.kms.katalon.core.keyword.internal.KeywordExecutor.executeKeywordForPlatform(KeywordExecutor.groovy:74)
	at com.kms.katalon.core.webui.keyword.WebUiBuiltInKeywords.setText(WebUiBuiltInKeywords.groovy:980)
	at com.kms.katalon.core.webui.keyword.WebUiBuiltInKeywords$setText$2.call(Unknown Source)
	at vspBootstrap.SalePage.setDataSaleAndAuth(SalePage.groovy:50)
	at vspBootstrap.SalePage.invokeMethod(SalePage.groovy)
	at com.kms.katalon.core.main.CustomKeywordDelegatingMetaClass.invokeStaticMethod(CustomKeywordDelegatingMetaClass.java:50)
	at Sale_TP_AllCF_Generic_Payment_TC.run(Sale_TP_AllCF_Generic_Payment_TC:131)
	at com.kms.katalon.core.main.ScriptEngine.run(ScriptEngine.java:194)
	at com.kms.katalon.core.main.ScriptEngine.runScriptAsRawText(ScriptEngine.java:119)
	at com.kms.katalon.core.main.TestCaseExecutor.runScript(TestCaseExecutor.java:442)
	at com.kms.katalon.core.main.TestCaseExecutor.doExecute(TestCaseExecutor.java:433)
	at com.kms.katalon.core.main.TestCaseExecutor.processExecutionPhase(TestCaseExecutor.java:412)
	at com.kms.katalon.core.main.TestCaseExecutor.accessMainPhase(TestCaseExecutor.java:404)
	at com.kms.katalon.core.main.TestCaseExecutor.execute(TestCaseExecutor.java:281)
	at com.kms.katalon.core.main.TestSuiteExecutor.accessTestCaseMainPhase(TestSuiteExecutor.java:202)
	at com.kms.katalon.core.main.TestSuiteExecutor.accessTestSuiteMainPhase(TestSuiteExecutor.java:164)
	at com.kms.katalon.core.main.TestSuiteExecutor.execute(TestSuiteExecutor.java:105)
	at com.kms.katalon.core.main.TestCaseMain.startTestSuite(TestCaseMain.java:185)
	at com.kms.katalon.core.main.TestCaseMain$startTestSuite$0.call(Unknown Source)
	at TempTestSuite1656640997204.run(TempTestSuite1656640997204.groovy:36)
Caused by: com.kms.katalon.core.webui.exception.WebElementNotFoundException: Web element with id: 'Object Repository/AdminSuiteBootstrap_Pages/VSP_Bootstrap/VSP_Authcap/input_cvv' located by '//*[@type = 'text' and @name = 'cvv' and @id = 'cvv' and @placeholder = 'Card Security Code']' not found
	at com.kms.katalon.core.webui.common.WebUiCommonHelper.findWebElement(WebUiCommonHelper.java:1370)
	at com.kms.katalon.core.webui.keyword.internal.WebUIAbstractKeyword.findWebElement(WebUIAbstractKeyword.groovy:27)
	at com.kms.katalon.core.webui.keyword.internal.WebUIAbstractKeyword.findWebElement(WebUIAbstractKeyword.groovy:26)
	at com.kms.katalon.core.webui.keyword.builtin.SetTextKeyword$_setText_closure1.doCall(SetTextKeyword.groovy:51)
	at com.kms.katalon.core.webui.keyword.builtin.SetTextKeyword$_setText_closure1.call(SetTextKeyword.groovy)
	at com.kms.katalon.core.webui.keyword.internal.WebUIKeywordMain.runKeyword(WebUIKeywordMain.groovy:20)
	at com.kms.katalon.core.webui.keyword.builtin.SetTextKeyword.setText(SetTextKeyword.groovy:66)
	at com.kms.katalon.core.webui.keyword.builtin.SetTextKeyword.execute(SetTextKeyword.groovy:37)
	at com.kms.katalon.core.keyword.internal.KeywordExecutor.executeKeywordForPlatform(KeywordExecutor.groovy:74)
	at com.kms.katalon.core.webui.keyword.WebUiBuiltInKeywords.setText(WebUiBuiltInKeywords.groovy:980)
	at com.kms.katalon.core.webui.keyword.WebUiBuiltInKeywords$setText$2.call(Unknown Source)
	at vspBootstrap.SalePage.setDataSaleAndAuth(SalePage.groovy:50)
	at vspBootstrap.SalePage.invokeMethod(SalePage.groovy)
	at com.kms.katalon.core.main.CustomKeywordDelegatingMetaClass.invokeStaticMethod(CustomKeywordDelegatingMetaClass.java:50)
	at Script1652205847657.run(Script1652205847657.groovy:131)
	... 13 more
)
[[ATTACHMENT|E:\\Cloned-Project-Katalon\\VPS-Katalon\\Reports\\20220630_220315\\QA\\VSP-Bootstrap\\VPS-Payments-TestSuite\\20220630_220317\\1656641563357.png]]

2022-06-30 22:13:14 - [MESSAGE][INFO] - Unable to find the element located by 'By.xpath: //*[@name = 'smsNumber' and @id = 'smsNumber']'. Please recheck the objects properties to make sure the desired element is located. 

2022-06-30 22:13:14 - [MESSAGE][FAILED] - Unable to set text '' of object 'Object Repository/AdminSuiteBootstrap_Pages/VSP_Bootstrap/VSP_Authcap/input_smsNumber' (Root cause: com.kms.katalon.core.exception.StepFailedException: Unable to set text '' of object 'Object Repository/AdminSuiteBootstrap_Pages/VSP_Bootstrap/VSP_Authcap/input_smsNumber'
	at com.kms.katalon.core.webui.keyword.internal.WebUIKeywordMain.stepFailed(WebUIKeywordMain.groovy:64)
	at com.kms.katalon.core.webui.keyword.internal.WebUIKeywordMain.runKeyword(WebUIKeywordMain.groovy:26)
	at com.kms.katalon.core.webui.keyword.builtin.SetTextKeyword.setText(SetTextKeyword.groovy:66)
	at com.kms.katalon.core.webui.keyword.builtin.SetTextKeyword.execute(SetTextKeyword.groovy:37)
	at com.kms.katalon.core.keyword.internal.KeywordExecutor.executeKeywordForPlatform(KeywordExecutor.groovy:74)
	at com.kms.katalon.core.webui.keyword.WebUiBuiltInKeywords.setText(WebUiBuiltInKeywords.groovy:980)
	at com.kms.katalon.core.webui.keyword.WebUiBuiltInKeywords$setText$2.call(Unknown Source)
	at vspBootstrap.SalePage.setDataSaleAndAuth(SalePage.groovy:51)
	at vspBootstrap.SalePage.invokeMethod(SalePage.groovy)
	at com.kms.katalon.core.main.CustomKeywordDelegatingMetaClass.invokeStaticMethod(CustomKeywordDelegatingMetaClass.java:50)
	at Sale_TP_AllCF_Generic_Payment_TC.run(Sale_TP_AllCF_Generic_Payment_TC:131)
	at com.kms.katalon.core.main.ScriptEngine.run(ScriptEngine.java:194)
	at com.kms.katalon.core.main.ScriptEngine.runScriptAsRawText(ScriptEngine.java:119)
	at com.kms.katalon.core.main.TestCaseExecutor.runScript(TestCaseExecutor.java:442)
	at com.kms.katalon.core.main.TestCaseExecutor.doExecute(TestCaseExecutor.java:433)
	at com.kms.katalon.core.main.TestCaseExecutor.processExecutionPhase(TestCaseExecutor.java:412)
	at com.kms.katalon.core.main.TestCaseExecutor.accessMainPhase(TestCaseExecutor.java:404)
	at com.kms.katalon.core.main.TestCaseExecutor.execute(TestCaseExecutor.java:281)
	at com.kms.katalon.core.main.TestSuiteExecutor.accessTestCaseMainPhase(TestSuiteExecutor.java:202)
	at com.kms.katalon.core.main.TestSuiteExecutor.accessTestSuiteMainPhase(TestSuiteExecutor.java:164)
	at com.kms.katalon.core.main.TestSuiteExecutor.execute(TestSuiteExecutor.java:105)
	at com.kms.katalon.core.main.TestCaseMain.startTestSuite(TestCaseMain.java:185)
	at com.kms.katalon.core.main.TestCaseMain$startTestSuite$0.call(Unknown Source)
	at TempTestSuite1656640997204.run(TempTestSuite1656640997204.groovy:36)
Caused by: com.kms.katalon.core.webui.exception.WebElementNotFoundException: Web element with id: 'Object Repository/AdminSuiteBootstrap_Pages/VSP_Bootstrap/VSP_Authcap/input_smsNumber' located by '//*[@name = 'smsNumber' and @id = 'smsNumber']' not found
	at com.kms.katalon.core.webui.common.WebUiCommonHelper.findWebElement(WebUiCommonHelper.java:1370)
	at com.kms.katalon.core.webui.keyword.internal.WebUIAbstractKeyword.findWebElement(WebUIAbstractKeyword.groovy:27)
	at com.kms.katalon.core.webui.keyword.internal.WebUIAbstractKeyword.findWebElement(WebUIAbstractKeyword.groovy:26)
	at com.kms.katalon.core.webui.keyword.builtin.SetTextKeyword$_setText_closure1.doCall(SetTextKeyword.groovy:51)
	at com.kms.katalon.core.webui.keyword.builtin.SetTextKeyword$_setText_closure1.call(SetTextKeyword.groovy)
	at com.kms.katalon.core.webui.keyword.internal.WebUIKeywordMain.runKeyword(WebUIKeywordMain.groovy:20)
	at com.kms.katalon.core.webui.keyword.builtin.SetTextKeyword.setText(SetTextKeyword.groovy:66)
	at com.kms.katalon.core.webui.keyword.builtin.SetTextKeyword.execute(SetTextKeyword.groovy:37)
	at com.kms.katalon.core.keyword.internal.KeywordExecutor.executeKeywordForPlatform(KeywordExecutor.groovy:74)
	at com.kms.katalon.core.webui.keyword.WebUiBuiltInKeywords.setText(WebUiBuiltInKeywords.groovy:980)
	at com.kms.katalon.core.webui.keyword.WebUiBuiltInKeywords$setText$2.call(Unknown Source)
	at vspBootstrap.SalePage.setDataSaleAndAuth(SalePage.groovy:51)
	at vspBootstrap.SalePage.invokeMethod(SalePage.groovy)
	at com.kms.katalon.core.main.CustomKeywordDelegatingMetaClass.invokeStaticMethod(CustomKeywordDelegatingMetaClass.java:50)
	at Script1652205847657.run(Script1652205847657.groovy:131)
	... 13 more
)
[[ATTACHMENT|E:\\Cloned-Project-Katalon\\VPS-Katalon\\Reports\\20220630_220315\\QA\\VSP-Bootstrap\\VPS-Payments-TestSuite\\20220630_220317\\1656641594623.png]]

2022-06-30 22:13:45 - [MESSAGE][INFO] - Unable to find the element located by 'By.xpath: //*[@type = 'text' and @placeholder = 'Amount' and @name = 'amount' and @id = 'amount']'. Please recheck the objects properties to make sure the desired element is located. 

2022-06-30 22:13:46 - [MESSAGE][FAILED] - Unable to set text '2.50' of object 'Object Repository/AdminSuiteBootstrap_Pages/VSP_Bootstrap/VSP_Authcap/input_amount' (Root cause: com.kms.katalon.core.exception.StepFailedException: Unable to set text '2.50' of object 'Object Repository/AdminSuiteBootstrap_Pages/VSP_Bootstrap/VSP_Authcap/input_amount'
	at com.kms.katalon.core.webui.keyword.internal.WebUIKeywordMain.stepFailed(WebUIKeywordMain.groovy:64)
	at com.kms.katalon.core.webui.keyword.internal.WebUIKeywordMain.runKeyword(WebUIKeywordMain.groovy:26)
	at com.kms.katalon.core.webui.keyword.builtin.SetTextKeyword.setText(SetTextKeyword.groovy:66)
	at com.kms.katalon.core.webui.keyword.builtin.SetTextKeyword.execute(SetTextKeyword.groovy:37)
	at com.kms.katalon.core.keyword.internal.KeywordExecutor.executeKeywordForPlatform(KeywordExecutor.groovy:74)
	at com.kms.katalon.core.webui.keyword.WebUiBuiltInKeywords.setText(WebUiBuiltInKeywords.groovy:980)
	at com.kms.katalon.core.webui.keyword.WebUiBuiltInKeywords$setText$2.call(Unknown Source)
	at vspBootstrap.SalePage.setDataSaleAndAuth(SalePage.groovy:52)
	at vspBootstrap.SalePage.invokeMethod(SalePage.groovy)
	at com.kms.katalon.core.main.CustomKeywordDelegatingMetaClass.invokeStaticMethod(CustomKeywordDelegatingMetaClass.java:50)
	at Sale_TP_AllCF_Generic_Payment_TC.run(Sale_TP_AllCF_Generic_Payment_TC:131)
	at com.kms.katalon.core.main.ScriptEngine.run(ScriptEngine.java:194)
	at com.kms.katalon.core.main.ScriptEngine.runScriptAsRawText(ScriptEngine.java:119)
	at com.kms.katalon.core.main.TestCaseExecutor.runScript(TestCaseExecutor.java:442)
	at com.kms.katalon.core.main.TestCaseExecutor.doExecute(TestCaseExecutor.java:433)
	at com.kms.katalon.core.main.TestCaseExecutor.processExecutionPhase(TestCaseExecutor.java:412)
	at com.kms.katalon.core.main.TestCaseExecutor.accessMainPhase(TestCaseExecutor.java:404)
	at com.kms.katalon.core.main.TestCaseExecutor.execute(TestCaseExecutor.java:281)
	at com.kms.katalon.core.main.TestSuiteExecutor.accessTestCaseMainPhase(TestSuiteExecutor.java:202)
	at com.kms.katalon.core.main.TestSuiteExecutor.accessTestSuiteMainPhase(TestSuiteExecutor.java:164)
	at com.kms.katalon.core.main.TestSuiteExecutor.execute(TestSuiteExecutor.java:105)
	at com.kms.katalon.core.main.TestCaseMain.startTestSuite(TestCaseMain.java:185)
	at com.kms.katalon.core.main.TestCaseMain$startTestSuite$0.call(Unknown Source)
	at TempTestSuite1656640997204.run(TempTestSuite1656640997204.groovy:36)
Caused by: com.kms.katalon.core.webui.exception.WebElementNotFoundException: Web element with id: 'Object Repository/AdminSuiteBootstrap_Pages/VSP_Bootstrap/VSP_Authcap/input_amount' located by '//*[@type = 'text' and @placeholder = 'Amount' and @name = 'amount' and @id = 'amount']' not found
	at com.kms.katalon.core.webui.common.WebUiCommonHelper.findWebElement(WebUiCommonHelper.java:1370)
	at com.kms.katalon.core.webui.keyword.internal.WebUIAbstractKeyword.findWebElement(WebUIAbstractKeyword.groovy:27)
	at com.kms.katalon.core.webui.keyword.internal.WebUIAbstractKeyword.findWebElement(WebUIAbstractKeyword.groovy:26)
	at com.kms.katalon.core.webui.keyword.builtin.SetTextKeyword$_setText_closure1.doCall(SetTextKeyword.groovy:51)
	at com.kms.katalon.core.webui.keyword.builtin.SetTextKeyword$_setText_closure1.call(SetTextKeyword.groovy)
	at com.kms.katalon.core.webui.keyword.internal.WebUIKeywordMain.runKeyword(WebUIKeywordMain.groovy:20)
	at com.kms.katalon.core.webui.keyword.builtin.SetTextKeyword.setText(SetTextKeyword.groovy:66)
	at com.kms.katalon.core.webui.keyword.builtin.SetTextKeyword.execute(SetTextKeyword.groovy:37)
	at com.kms.katalon.core.keyword.internal.KeywordExecutor.executeKeywordForPlatform(KeywordExecutor.groovy:74)
	at com.kms.katalon.core.webui.keyword.WebUiBuiltInKeywords.setText(WebUiBuiltInKeywords.groovy:980)
	at com.kms.katalon.core.webui.keyword.WebUiBuiltInKeywords$setText$2.call(Unknown Source)
	at vspBootstrap.SalePage.setDataSaleAndAuth(SalePage.groovy:52)
	at vspBootstrap.SalePage.invokeMethod(SalePage.groovy)
	at com.kms.katalon.core.main.CustomKeywordDelegatingMetaClass.invokeStaticMethod(CustomKeywordDelegatingMetaClass.java:50)
	at Script1652205847657.run(Script1652205847657.groovy:131)
	... 13 more
)
[[ATTACHMENT|E:\\Cloned-Project-Katalon\\VPS-Katalon\\Reports\\20220630_220315\\QA\\VSP-Bootstrap\\VPS-Payments-TestSuite\\20220630_220317\\1656641625894.png]]

2022-06-30 22:14:19 - [MESSAGE][INFO] - Unable to find the element located by 'By.xpath: //*[@type = 'text' and @name = 'userDefined1' and @id = 'userDefined1']'. Please recheck the objects properties to make sure the desired element is located. 

2022-06-30 22:14:27 - [MESSAGE][WARNING] - Cannot take screenshot

2022-06-30 22:14:27 - [MESSAGE][FAILED] - Unable to set text 'Delhi' of object 'Object Repository/AdminSuiteBootstrap_Pages/VSP_Bootstrap/VSP_Authcap/input_userDefined1' (Root cause: com.kms.katalon.core.exception.StepFailedException: Unable to set text 'Delhi' of object 'Object Repository/AdminSuiteBootstrap_Pages/VSP_Bootstrap/VSP_Authcap/input_userDefined1'
	at com.kms.katalon.core.webui.keyword.internal.WebUIKeywordMain.stepFailed(WebUIKeywordMain.groovy:64)
	at com.kms.katalon.core.webui.keyword.internal.WebUIKeywordMain.runKeyword(WebUIKeywordMain.groovy:26)
	at com.kms.katalon.core.webui.keyword.builtin.SetTextKeyword.setText(SetTextKeyword.groovy:66)
	at com.kms.katalon.core.webui.keyword.builtin.SetTextKeyword.execute(SetTextKeyword.groovy:37)
	at com.kms.katalon.core.keyword.internal.KeywordExecutor.executeKeywordForPlatform(KeywordExecutor.groovy:74)
	at com.kms.katalon.core.webui.keyword.WebUiBuiltInKeywords.setText(WebUiBuiltInKeywords.groovy:980)
	at com.kms.katalon.core.webui.keyword.WebUiBuiltInKeywords$setText$2.call(Unknown Source)
	at vspBootstrap.SalePage.setDataSaleAndAuth(SalePage.groovy:53)
	at vspBootstrap.SalePage.invokeMethod(SalePage.groovy)
	at com.kms.katalon.core.main.CustomKeywordDelegatingMetaClass.invokeStaticMethod(CustomKeywordDelegatingMetaClass.java:50)
	at Sale_TP_AllCF_Generic_Payment_TC.run(Sale_TP_AllCF_Generic_Payment_TC:131)
	at com.kms.katalon.core.main.ScriptEngine.run(ScriptEngine.java:194)
	at com.kms.katalon.core.main.ScriptEngine.runScriptAsRawText(ScriptEngine.java:119)
	at com.kms.katalon.core.main.TestCaseExecutor.runScript(TestCaseExecutor.java:442)
	at com.kms.katalon.core.main.TestCaseExecutor.doExecute(TestCaseExecutor.java:433)
	at com.kms.katalon.core.main.TestCaseExecutor.processExecutionPhase(TestCaseExecutor.java:412)
	at com.kms.katalon.core.main.TestCaseExecutor.accessMainPhase(TestCaseExecutor.java:404)
	at com.kms.katalon.core.main.TestCaseExecutor.execute(TestCaseExecutor.java:281)
	at com.kms.katalon.core.main.TestSuiteExecutor.accessTestCaseMainPhase(TestSuiteExecutor.java:202)
	at com.kms.katalon.core.main.TestSuiteExecutor.accessTestSuiteMainPhase(TestSuiteExecutor.java:164)
	at com.kms.katalon.core.main.TestSuiteExecutor.execute(TestSuiteExecutor.java:105)
	at com.kms.katalon.core.main.TestCaseMain.startTestSuite(TestCaseMain.java:185)
	at com.kms.katalon.core.main.TestCaseMain$startTestSuite$0.call(Unknown Source)
	at TempTestSuite1656640997204.run(TempTestSuite1656640997204.groovy:36)
Caused by: com.kms.katalon.core.webui.exception.WebElementNotFoundException: Web element with id: 'Object Repository/AdminSuiteBootstrap_Pages/VSP_Bootstrap/VSP_Authcap/input_userDefined1' located by '//*[@type = 'text' and @name = 'userDefined1' and @id = 'userDefined1']' not found
	at com.kms.katalon.core.webui.common.WebUiCommonHelper.findWebElement(WebUiCommonHelper.java:1370)
	at com.kms.katalon.core.webui.keyword.internal.WebUIAbstractKeyword.findWebElement(WebUIAbstractKeyword.groovy:27)
	at com.kms.katalon.core.webui.keyword.internal.WebUIAbstractKeyword.findWebElement(WebUIAbstractKeyword.groovy:26)
	at com.kms.katalon.core.webui.keyword.builtin.SetTextKeyword$_setText_closure1.doCall(SetTextKeyword.groovy:51)
	at com.kms.katalon.core.webui.keyword.builtin.SetTextKeyword$_setText_closure1.call(SetTextKeyword.groovy)
	at com.kms.katalon.core.webui.keyword.internal.WebUIKeywordMain.runKeyword(WebUIKeywordMain.groovy:20)
	at com.kms.katalon.core.webui.keyword.builtin.SetTextKeyword.setText(SetTextKeyword.groovy:66)
	at com.kms.katalon.core.webui.keyword.builtin.SetTextKeyword.execute(SetTextKeyword.groovy:37)
	at com.kms.katalon.core.keyword.internal.KeywordExecutor.executeKeywordForPlatform(KeywordExecutor.groovy:74)
	at com.kms.katalon.core.webui.keyword.WebUiBuiltInKeywords.setText(WebUiBuiltInKeywords.groovy:980)
	at com.kms.katalon.core.webui.keyword.WebUiBuiltInKeywords$setText$2.call(Unknown Source)
	at vspBootstrap.SalePage.setDataSaleAndAuth(SalePage.groovy:53)
	at vspBootstrap.SalePage.invokeMethod(SalePage.groovy)
	at com.kms.katalon.core.main.CustomKeywordDelegatingMetaClass.invokeStaticMethod(CustomKeywordDelegatingMetaClass.java:50)
	at Script1652205847657.run(Script1652205847657.groovy:131)
	... 13 more
)

2022-06-30 22:14:39 - [MESSAGE][WARNING] - Cannot take screenshot

2022-06-30 22:14:39 - [MESSAGE][FAILED] - Unable to set text 'Chennai' of object 'Object Repository/AdminSuiteBootstrap_Pages/VSP_Bootstrap/VSP_Authcap/input_userDefined2' (Root cause: com.kms.katalon.core.exception.StepFailedException: Unable to set text 'Chennai' of object 'Object Repository/AdminSuiteBootstrap_Pages/VSP_Bootstrap/VSP_Authcap/input_userDefined2'
	at com.kms.katalon.core.webui.keyword.internal.WebUIKeywordMain.stepFailed(WebUIKeywordMain.groovy:64)
	at com.kms.katalon.core.webui.keyword.internal.WebUIKeywordMain.runKeyword(WebUIKeywordMain.groovy:26)
	at com.kms.katalon.core.webui.keyword.builtin.SetTextKeyword.setText(SetTextKeyword.groovy:66)
	at com.kms.katalon.core.webui.keyword.builtin.SetTextKeyword.execute(SetTextKeyword.groovy:37)
	at com.kms.katalon.core.keyword.internal.KeywordExecutor.executeKeywordForPlatform(KeywordExecutor.groovy:74)
	at com.kms.katalon.core.webui.keyword.WebUiBuiltInKeywords.setText(WebUiBuiltInKeywords.groovy:980)
	at com.kms.katalon.core.webui.keyword.WebUiBuiltInKeywords$setText$2.call(Unknown Source)
	at vspBootstrap.SalePage.setDataSaleAndAuth(SalePage.groovy:54)
	at vspBootstrap.SalePage.invokeMethod(SalePage.groovy)
	at com.kms.katalon.core.main.CustomKeywordDelegatingMetaClass.invokeStaticMethod(CustomKeywordDelegatingMetaClass.java:50)
	at Sale_TP_AllCF_Generic_Payment_TC.run(Sale_TP_AllCF_Generic_Payment_TC:131)
	at com.kms.katalon.core.main.ScriptEngine.run(ScriptEngine.java:194)
	at com.kms.katalon.core.main.ScriptEngine.runScriptAsRawText(ScriptEngine.java:119)
	at com.kms.katalon.core.main.TestCaseExecutor.runScript(TestCaseExecutor.java:442)
	at com.kms.katalon.core.main.TestCaseExecutor.doExecute(TestCaseExecutor.java:433)
	at com.kms.katalon.core.main.TestCaseExecutor.processExecutionPhase(TestCaseExecutor.java:412)
	at com.kms.katalon.core.main.TestCaseExecutor.accessMainPhase(TestCaseExecutor.java:404)
	at com.kms.katalon.core.main.TestCaseExecutor.execute(TestCaseExecutor.java:281)
	at com.kms.katalon.core.main.TestSuiteExecutor.accessTestCaseMainPhase(TestSuiteExecutor.java:202)
	at com.kms.katalon.core.main.TestSuiteExecutor.accessTestSuiteMainPhase(TestSuiteExecutor.java:164)
	at com.kms.katalon.core.main.TestSuiteExecutor.execute(TestSuiteExecutor.java:105)
	at com.kms.katalon.core.main.TestCaseMain.startTestSuite(TestCaseMain.java:185)
	at com.kms.katalon.core.main.TestCaseMain$startTestSuite$0.call(Unknown Source)
	at TempTestSuite1656640997204.run(TempTestSuite1656640997204.groovy:36)
Caused by: org.openqa.selenium.WebDriverException: chrome not reachable
  (Session info: chrome=103.0.5060.66)
Build info: version: '3.141.59', revision: 'e82be7d358', time: '2018-11-14T08:25:53'
System info: host: 'DESKTOP-B2QI6NS', ip: '192.168.1.87', os.name: 'Windows 10', os.arch: 'amd64', os.version: '10.0', java.version: '1.8.0_181'
Driver info: com.kms.katalon.selenium.driver.CChromeDriver
Capabilities {acceptInsecureCerts: true, browserName: chrome, browserVersion: 103.0.5060.66, chrome: {chromedriverVersion: 103.0.5060.53 (a1711811edd7..., userDataDir: C:\Users\imtiaz\AppData\Loc...}, goog:chromeOptions: {debuggerAddress: localhost:55017}, javascriptEnabled: true, networkConnectionEnabled: false, pageLoadStrategy: normal, platform: WINDOWS, platformName: WINDOWS, proxy: Proxy(), setWindowRect: true, strictFileInteractability: false, timeouts: {implicit: 0, pageLoad: 300000, script: 30000}, unhandledPromptBehavior: dismiss and notify, webauthn:extension:credBlob: true, webauthn:extension:largeBlob: true, webauthn:virtualAuthenticators: true}
Session ID: efa2b9eb7928154ba23a0472bf5e7ff5
*** Element info: {Using=xpath, value=//*[@type = 'text' and @name = 'userDefined2' and @id = 'userDefined2']}
	at org.openqa.selenium.remote.http.W3CHttpResponseCodec.createException(W3CHttpResponseCodec.java:187)
	at org.openqa.selenium.remote.http.W3CHttpResponseCodec.decode(W3CHttpResponseCodec.java:122)
	at org.openqa.selenium.remote.http.W3CHttpResponseCodec.decode(W3CHttpResponseCodec.java:49)
	at org.openqa.selenium.remote.HttpCommandExecutor.execute(HttpCommandExecutor.java:158)
	at org.openqa.selenium.remote.service.DriverCommandExecutor.execute(DriverCommandExecutor.java:83)
	at org.openqa.selenium.remote.RemoteWebDriver.execute(RemoteWebDriver.java:552)
	at com.kms.katalon.selenium.driver.CChromeDriver.execute(CChromeDriver.java:19)
	at org.openqa.selenium.remote.RemoteWebDriver.findElements(RemoteWebDriver.java:353)
	at org.openqa.selenium.remote.RemoteWebDriver.findElementsByXPath(RemoteWebDriver.java:432)
	at org.openqa.selenium.By$ByXPath.findElements(By.java:348)
	at org.openqa.selenium.remote.RemoteWebDriver.findElements(RemoteWebDriver.java:311)
	at org.openqa.selenium.support.events.EventFiringWebDriver.lambda$new$1(EventFiringWebDriver.java:105)
	at com.sun.proxy.$Proxy10.findElements(Unknown Source)
	at org.openqa.selenium.support.events.EventFiringWebDriver.findElements(EventFiringWebDriver.java:182)
	at com.kms.katalon.core.webui.common.WebUiCommonHelper.findElementByNormalMethods(WebUiCommonHelper.java:1016)
	at com.kms.katalon.core.webui.common.WebUiCommonHelper.findElementsBySelectedMethod(WebUiCommonHelper.java:905)
	at com.kms.katalon.core.webui.common.WebUiCommonHelper.findElementsBySelectedMethod(WebUiCommonHelper.java:894)
	at com.kms.katalon.core.webui.common.WebUiCommonHelper.findElementsBySelectedMethod(WebUiCommonHelper.java:889)
	at com.kms.katalon.core.webui.common.WebUiCommonHelper.findElementsByDefault(WebUiCommonHelper.java:885)
	at com.kms.katalon.core.webui.common.WebUiCommonHelper.findWebElements(WebUiCommonHelper.java:720)
	at com.kms.katalon.core.webui.common.WebUiCommonHelper.findWebElement(WebUiCommonHelper.java:1365)
	at com.kms.katalon.core.webui.keyword.internal.WebUIAbstractKeyword.findWebElement(WebUIAbstractKeyword.groovy:27)
	at com.kms.katalon.core.webui.keyword.internal.WebUIAbstractKeyword.findWebElement(WebUIAbstractKeyword.groovy:26)
	at com.kms.katalon.core.webui.keyword.builtin.SetTextKeyword$_setText_closure1.doCall(SetTextKeyword.groovy:51)
	at com.kms.katalon.core.webui.keyword.builtin.SetTextKeyword$_setText_closure1.call(SetTextKeyword.groovy)
	at com.kms.katalon.core.webui.keyword.internal.WebUIKeywordMain.runKeyword(WebUIKeywordMain.groovy:20)
	at com.kms.katalon.core.webui.keyword.builtin.SetTextKeyword.setText(SetTextKeyword.groovy:66)
	at com.kms.katalon.core.webui.keyword.builtin.SetTextKeyword.execute(SetTextKeyword.groovy:37)
	at com.kms.katalon.core.keyword.internal.KeywordExecutor.executeKeywordForPlatform(KeywordExecutor.groovy:74)
	at com.kms.katalon.core.webui.keyword.WebUiBuiltInKeywords.setText(WebUiBuiltInKeywords.groovy:980)
	at com.kms.katalon.core.webui.keyword.WebUiBuiltInKeywords$setText$2.call(Unknown Source)
	at vspBootstrap.SalePage.setDataSaleAndAuth(SalePage.groovy:54)
	at vspBootstrap.SalePage.invokeMethod(SalePage.groovy)
	at com.kms.katalon.core.main.CustomKeywordDelegatingMetaClass.invokeStaticMethod(CustomKeywordDelegatingMetaClass.java:50)
	at Script1652205847657.run(Script1652205847657.groovy:131)
	... 13 more
)

2022-06-30 22:14:51 - [MESSAGE][WARNING] - Cannot take screenshot

2022-06-30 22:14:51 - [MESSAGE][FAILED] - Unable to set text 'Mumbai' of object 'Object Repository/AdminSuiteBootstrap_Pages/VSP_Bootstrap/VSP_Authcap/input_userDefined3' (Root cause: com.kms.katalon.core.exception.StepFailedException: Unable to set text 'Mumbai' of object 'Object Repository/AdminSuiteBootstrap_Pages/VSP_Bootstrap/VSP_Authcap/input_userDefined3'
	at com.kms.katalon.core.webui.keyword.internal.WebUIKeywordMain.stepFailed(WebUIKeywordMain.groovy:64)
	at com.kms.katalon.core.webui.keyword.internal.WebUIKeywordMain.runKeyword(WebUIKeywordMain.groovy:26)
	at com.kms.katalon.core.webui.keyword.builtin.SetTextKeyword.setText(SetTextKeyword.groovy:66)
	at com.kms.katalon.core.webui.keyword.builtin.SetTextKeyword.execute(SetTextKeyword.groovy:37)
	at com.kms.katalon.core.keyword.internal.KeywordExecutor.executeKeywordForPlatform(KeywordExecutor.groovy:74)
	at com.kms.katalon.core.webui.keyword.WebUiBuiltInKeywords.setText(WebUiBuiltInKeywords.groovy:980)
	at com.kms.katalon.core.webui.keyword.WebUiBuiltInKeywords$setText$2.call(Unknown Source)
	at vspBootstrap.SalePage.setDataSaleAndAuth(SalePage.groovy:55)
	at vspBootstrap.SalePage.invokeMethod(SalePage.groovy)
	at com.kms.katalon.core.main.CustomKeywordDelegatingMetaClass.invokeStaticMethod(CustomKeywordDelegatingMetaClass.java:50)
	at Sale_TP_AllCF_Generic_Payment_TC.run(Sale_TP_AllCF_Generic_Payment_TC:131)
	at com.kms.katalon.core.main.ScriptEngine.run(ScriptEngine.java:194)
	at com.kms.katalon.core.main.ScriptEngine.runScriptAsRawText(ScriptEngine.java:119)
	at com.kms.katalon.core.main.TestCaseExecutor.runScript(TestCaseExecutor.java:442)
	at com.kms.katalon.core.main.TestCaseExecutor.doExecute(TestCaseExecutor.java:433)
	at com.kms.katalon.core.main.TestCaseExecutor.processExecutionPhase(TestCaseExecutor.java:412)
	at com.kms.katalon.core.main.TestCaseExecutor.accessMainPhase(TestCaseExecutor.java:404)
	at com.kms.katalon.core.main.TestCaseExecutor.execute(TestCaseExecutor.java:281)
	at com.kms.katalon.core.main.TestSuiteExecutor.accessTestCaseMainPhase(TestSuiteExecutor.java:202)
	at com.kms.katalon.core.main.TestSuiteExecutor.accessTestSuiteMainPhase(TestSuiteExecutor.java:164)
	at com.kms.katalon.core.main.TestSuiteExecutor.execute(TestSuiteExecutor.java:105)
	at com.kms.katalon.core.main.TestCaseMain.startTestSuite(TestCaseMain.java:185)
	at com.kms.katalon.core.main.TestCaseMain$startTestSuite$0.call(Unknown Source)
	at TempTestSuite1656640997204.run(TempTestSuite1656640997204.groovy:36)
Caused by: org.openqa.selenium.WebDriverException: chrome not reachable
  (Session info: chrome=103.0.5060.66)
Build info: version: '3.141.59', revision: 'e82be7d358', time: '2018-11-14T08:25:53'
System info: host: 'DESKTOP-B2QI6NS', ip: '192.168.1.87', os.name: 'Windows 10', os.arch: 'amd64', os.version: '10.0', java.version: '1.8.0_181'
Driver info: com.kms.katalon.selenium.driver.CChromeDriver
Capabilities {acceptInsecureCerts: true, browserName: chrome, browserVersion: 103.0.5060.66, chrome: {chromedriverVersion: 103.0.5060.53 (a1711811edd7..., userDataDir: C:\Users\imtiaz\AppData\Loc...}, goog:chromeOptions: {debuggerAddress: localhost:55017}, javascriptEnabled: true, networkConnectionEnabled: false, pageLoadStrategy: normal, platform: WINDOWS, platformName: WINDOWS, proxy: Proxy(), setWindowRect: true, strictFileInteractability: false, timeouts: {implicit: 0, pageLoad: 300000, script: 30000}, unhandledPromptBehavior: dismiss and notify, webauthn:extension:credBlob: true, webauthn:extension:largeBlob: true, webauthn:virtualAuthenticators: true}
Session ID: efa2b9eb7928154ba23a0472bf5e7ff5
*** Element info: {Using=xpath, value=//*[@type = 'text' and @name = 'userDefined3' and @id = 'userDefined3']}
	at org.openqa.selenium.remote.http.W3CHttpResponseCodec.createException(W3CHttpResponseCodec.java:187)
	at org.openqa.selenium.remote.http.W3CHttpResponseCodec.decode(W3CHttpResponseCodec.java:122)
	at org.openqa.selenium.remote.http.W3CHttpResponseCodec.decode(W3CHttpResponseCodec.java:49)
	at org.openqa.selenium.remote.HttpCommandExecutor.execute(HttpCommandExecutor.java:158)
	at org.openqa.selenium.remote.service.DriverCommandExecutor.execute(DriverCommandExecutor.java:83)
	at org.openqa.selenium.remote.RemoteWebDriver.execute(RemoteWebDriver.java:552)
	at com.kms.katalon.selenium.driver.CChromeDriver.execute(CChromeDriver.java:19)
	at org.openqa.selenium.remote.RemoteWebDriver.findElements(RemoteWebDriver.java:353)
	at org.openqa.selenium.remote.RemoteWebDriver.findElementsByXPath(RemoteWebDriver.java:432)
	at org.openqa.selenium.By$ByXPath.findElements(By.java:348)
	at org.openqa.selenium.remote.RemoteWebDriver.findElements(RemoteWebDriver.java:311)
	at org.openqa.selenium.support.events.EventFiringWebDriver.lambda$new$1(EventFiringWebDriver.java:105)
	at com.sun.proxy.$Proxy10.findElements(Unknown Source)
	at org.openqa.selenium.support.events.EventFiringWebDriver.findElements(EventFiringWebDriver.java:182)
	at com.kms.katalon.core.webui.common.WebUiCommonHelper.findElementByNormalMethods(WebUiCommonHelper.java:1016)
	at com.kms.katalon.core.webui.common.WebUiCommonHelper.findElementsBySelectedMethod(WebUiCommonHelper.java:905)
	at com.kms.katalon.core.webui.common.WebUiCommonHelper.findElementsBySelectedMethod(WebUiCommonHelper.java:894)
	at com.kms.katalon.core.webui.common.WebUiCommonHelper.findElementsBySelectedMethod(WebUiCommonHelper.java:889)
	at com.kms.katalon.core.webui.common.WebUiCommonHelper.findElementsByDefault(WebUiCommonHelper.java:885)
	at com.kms.katalon.core.webui.common.WebUiCommonHelper.findWebElements(WebUiCommonHelper.java:720)
	at com.kms.katalon.core.webui.common.WebUiCommonHelper.findWebElement(WebUiCommonHelper.java:1365)
	at com.kms.katalon.core.webui.keyword.internal.WebUIAbstractKeyword.findWebElement(WebUIAbstractKeyword.groovy:27)
	at com.kms.katalon.core.webui.keyword.internal.WebUIAbstractKeyword.findWebElement(WebUIAbstractKeyword.groovy:26)
	at com.kms.katalon.core.webui.keyword.builtin.SetTextKeyword$_setText_closure1.doCall(SetTextKeyword.groovy:51)
	at com.kms.katalon.core.webui.keyword.builtin.SetTextKeyword$_setText_closure1.call(SetTextKeyword.groovy)
	at com.kms.katalon.core.webui.keyword.internal.WebUIKeywordMain.runKeyword(WebUIKeywordMain.groovy:20)
	at com.kms.katalon.core.webui.keyword.builtin.SetTextKeyword.setText(SetTextKeyword.groovy:66)
	at com.kms.katalon.core.webui.keyword.builtin.SetTextKeyword.execute(SetTextKeyword.groovy:37)
	at com.kms.katalon.core.keyword.internal.KeywordExecutor.executeKeywordForPlatform(KeywordExecutor.groovy:74)
	at com.kms.katalon.core.webui.keyword.WebUiBuiltInKeywords.setText(WebUiBuiltInKeywords.groovy:980)
	at com.kms.katalon.core.webui.keyword.WebUiBuiltInKeywords$setText$2.call(Unknown Source)
	at vspBootstrap.SalePage.setDataSaleAndAuth(SalePage.groovy:55)
	at vspBootstrap.SalePage.invokeMethod(SalePage.groovy)
	at com.kms.katalon.core.main.CustomKeywordDelegatingMetaClass.invokeStaticMethod(CustomKeywordDelegatingMetaClass.java:50)
	at Script1652205847657.run(Script1652205847657.groovy:131)
	... 13 more
)

2022-06-30 22:15:03 - [MESSAGE][WARNING] - Cannot take screenshot

2022-06-30 22:15:03 - [MESSAGE][FAILED] - Unable to set text 'Kanpur' of object 'Object Repository/AdminSuiteBootstrap_Pages/VSP_Bootstrap/VSP_Authcap/input_userDefined4' (Root cause: com.kms.katalon.core.exception.StepFailedException: Unable to set text 'Kanpur' of object 'Object Repository/AdminSuiteBootstrap_Pages/VSP_Bootstrap/VSP_Authcap/input_userDefined4'
	at com.kms.katalon.core.webui.keyword.internal.WebUIKeywordMain.stepFailed(WebUIKeywordMain.groovy:64)
	at com.kms.katalon.core.webui.keyword.internal.WebUIKeywordMain.runKeyword(WebUIKeywordMain.groovy:26)
	at com.kms.katalon.core.webui.keyword.builtin.SetTextKeyword.setText(SetTextKeyword.groovy:66)
	at com.kms.katalon.core.webui.keyword.builtin.SetTextKeyword.execute(SetTextKeyword.groovy:37)
	at com.kms.katalon.core.keyword.internal.KeywordExecutor.executeKeywordForPlatform(KeywordExecutor.groovy:74)
	at com.kms.katalon.core.webui.keyword.WebUiBuiltInKeywords.setText(WebUiBuiltInKeywords.groovy:980)
	at com.kms.katalon.core.webui.keyword.WebUiBuiltInKeywords$setText$2.call(Unknown Source)
	at vspBootstrap.SalePage.setDataSaleAndAuth(SalePage.groovy:56)
	at vspBootstrap.SalePage.invokeMethod(SalePage.groovy)
	at com.kms.katalon.core.main.CustomKeywordDelegatingMetaClass.invokeStaticMethod(CustomKeywordDelegatingMetaClass.java:50)
	at Sale_TP_AllCF_Generic_Payment_TC.run(Sale_TP_AllCF_Generic_Payment_TC:131)
	at com.kms.katalon.core.main.ScriptEngine.run(ScriptEngine.java:194)
	at com.kms.katalon.core.main.ScriptEngine.runScriptAsRawText(ScriptEngine.java:119)
	at com.kms.katalon.core.main.TestCaseExecutor.runScript(TestCaseExecutor.java:442)
	at com.kms.katalon.core.main.TestCaseExecutor.doExecute(TestCaseExecutor.java:433)
	at com.kms.katalon.core.main.TestCaseExecutor.processExecutionPhase(TestCaseExecutor.java:412)
	at com.kms.katalon.core.main.TestCaseExecutor.accessMainPhase(TestCaseExecutor.java:404)
	at com.kms.katalon.core.main.TestCaseExecutor.execute(TestCaseExecutor.java:281)
	at com.kms.katalon.core.main.TestSuiteExecutor.accessTestCaseMainPhase(TestSuiteExecutor.java:202)
	at com.kms.katalon.core.main.TestSuiteExecutor.accessTestSuiteMainPhase(TestSuiteExecutor.java:164)
	at com.kms.katalon.core.main.TestSuiteExecutor.execute(TestSuiteExecutor.java:105)
	at com.kms.katalon.core.main.TestCaseMain.startTestSuite(TestCaseMain.java:185)
	at com.kms.katalon.core.main.TestCaseMain$startTestSuite$0.call(Unknown Source)
	at TempTestSuite1656640997204.run(TempTestSuite1656640997204.groovy:36)
Caused by: org.openqa.selenium.WebDriverException: chrome not reachable
  (Session info: chrome=103.0.5060.66)
Build info: version: '3.141.59', revision: 'e82be7d358', time: '2018-11-14T08:25:53'
System info: host: 'DESKTOP-B2QI6NS', ip: '192.168.1.87', os.name: 'Windows 10', os.arch: 'amd64', os.version: '10.0', java.version: '1.8.0_181'
Driver info: com.kms.katalon.selenium.driver.CChromeDriver
Capabilities {acceptInsecureCerts: true, browserName: chrome, browserVersion: 103.0.5060.66, chrome: {chromedriverVersion: 103.0.5060.53 (a1711811edd7..., userDataDir: C:\Users\imtiaz\AppData\Loc...}, goog:chromeOptions: {debuggerAddress: localhost:55017}, javascriptEnabled: true, networkConnectionEnabled: false, pageLoadStrategy: normal, platform: WINDOWS, platformName: WINDOWS, proxy: Proxy(), setWindowRect: true, strictFileInteractability: false, timeouts: {implicit: 0, pageLoad: 300000, script: 30000}, unhandledPromptBehavior: dismiss and notify, webauthn:extension:credBlob: true, webauthn:extension:largeBlob: true, webauthn:virtualAuthenticators: true}
Session ID: efa2b9eb7928154ba23a0472bf5e7ff5
*** Element info: {Using=xpath, value=//*[@type = 'text' and @name = 'userDefined4' and @id = 'userDefined4']}
	at org.openqa.selenium.remote.http.W3CHttpResponseCodec.createException(W3CHttpResponseCodec.java:187)
	at org.openqa.selenium.remote.http.W3CHttpResponseCodec.decode(W3CHttpResponseCodec.java:122)
	at org.openqa.selenium.remote.http.W3CHttpResponseCodec.decode(W3CHttpResponseCodec.java:49)
	at org.openqa.selenium.remote.HttpCommandExecutor.execute(HttpCommandExecutor.java:158)
	at org.openqa.selenium.remote.service.DriverCommandExecutor.execute(DriverCommandExecutor.java:83)
	at org.openqa.selenium.remote.RemoteWebDriver.execute(RemoteWebDriver.java:552)
	at com.kms.katalon.selenium.driver.CChromeDriver.execute(CChromeDriver.java:19)
	at org.openqa.selenium.remote.RemoteWebDriver.findElements(RemoteWebDriver.java:353)
	at org.openqa.selenium.remote.RemoteWebDriver.findElementsByXPath(RemoteWebDriver.java:432)
	at org.openqa.selenium.By$ByXPath.findElements(By.java:348)
	at org.openqa.selenium.remote.RemoteWebDriver.findElements(RemoteWebDriver.java:311)
	at org.openqa.selenium.support.events.EventFiringWebDriver.lambda$new$1(EventFiringWebDriver.java:105)
	at com.sun.proxy.$Proxy10.findElements(Unknown Source)
	at org.openqa.selenium.support.events.EventFiringWebDriver.findElements(EventFiringWebDriver.java:182)
	at com.kms.katalon.core.webui.common.WebUiCommonHelper.findElementByNormalMethods(WebUiCommonHelper.java:1016)
	at com.kms.katalon.core.webui.common.WebUiCommonHelper.findElementsBySelectedMethod(WebUiCommonHelper.java:905)
	at com.kms.katalon.core.webui.common.WebUiCommonHelper.findElementsBySelectedMethod(WebUiCommonHelper.java:894)
	at com.kms.katalon.core.webui.common.WebUiCommonHelper.findElementsBySelectedMethod(WebUiCommonHelper.java:889)
	at com.kms.katalon.core.webui.common.WebUiCommonHelper.findElementsByDefault(WebUiCommonHelper.java:885)
	at com.kms.katalon.core.webui.common.WebUiCommonHelper.findWebElements(WebUiCommonHelper.java:720)
	at com.kms.katalon.core.webui.common.WebUiCommonHelper.findWebElement(WebUiCommonHelper.java:1365)
	at com.kms.katalon.core.webui.keyword.internal.WebUIAbstractKeyword.findWebElement(WebUIAbstractKeyword.groovy:27)
	at com.kms.katalon.core.webui.keyword.internal.WebUIAbstractKeyword.findWebElement(WebUIAbstractKeyword.groovy:26)
	at com.kms.katalon.core.webui.keyword.builtin.SetTextKeyword$_setText_closure1.doCall(SetTextKeyword.groovy:51)
	at com.kms.katalon.core.webui.keyword.builtin.SetTextKeyword$_setText_closure1.call(SetTextKeyword.groovy)
	at com.kms.katalon.core.webui.keyword.internal.WebUIKeywordMain.runKeyword(WebUIKeywordMain.groovy:20)
	at com.kms.katalon.core.webui.keyword.builtin.SetTextKeyword.setText(SetTextKeyword.groovy:66)
	at com.kms.katalon.core.webui.keyword.builtin.SetTextKeyword.execute(SetTextKeyword.groovy:37)
	at com.kms.katalon.core.keyword.internal.KeywordExecutor.executeKeywordForPlatform(KeywordExecutor.groovy:74)
	at com.kms.katalon.core.webui.keyword.WebUiBuiltInKeywords.setText(WebUiBuiltInKeywords.groovy:980)
	at com.kms.katalon.core.webui.keyword.WebUiBuiltInKeywords$setText$2.call(Unknown Source)
	at vspBootstrap.SalePage.setDataSaleAndAuth(SalePage.groovy:56)
	at vspBootstrap.SalePage.invokeMethod(SalePage.groovy)
	at com.kms.katalon.core.main.CustomKeywordDelegatingMetaClass.invokeStaticMethod(CustomKeywordDelegatingMetaClass.java:50)
	at Script1652205847657.run(Script1652205847657.groovy:131)
	... 13 more
)

2022-06-30 22:15:15 - [MESSAGE][WARNING] - Cannot take screenshot

2022-06-30 22:15:15 - [MESSAGE][FAILED] - Unable to select option by label 'Orange' of object 'Object Repository/AdminSuiteBootstrap_Pages/VSP_Bootstrap/VSP_Authcap/select_UDF5'  using regular expression (Root cause: com.kms.katalon.core.exception.StepFailedException: Unable to select option by label 'Orange' of object 'Object Repository/AdminSuiteBootstrap_Pages/VSP_Bootstrap/VSP_Authcap/select_UDF5'  using regular expression
	at com.kms.katalon.core.webui.keyword.internal.WebUIKeywordMain.stepFailed(WebUIKeywordMain.groovy:64)
	at com.kms.katalon.core.webui.keyword.internal.WebUIKeywordMain.runKeyword(WebUIKeywordMain.groovy:26)
	at com.kms.katalon.core.webui.keyword.builtin.SelectOptionByLabelKeyword.selectOptionByLabel(SelectOptionByLabelKeyword.groovy:98)
	at com.kms.katalon.core.webui.keyword.builtin.SelectOptionByLabelKeyword.execute(SelectOptionByLabelKeyword.groovy:71)
	at com.kms.katalon.core.keyword.internal.KeywordExecutor.executeKeywordForPlatform(KeywordExecutor.groovy:74)
	at com.kms.katalon.core.webui.keyword.WebUiBuiltInKeywords.selectOptionByLabel(WebUiBuiltInKeywords.groovy:1230)
	at com.kms.katalon.core.webui.keyword.WebUiBuiltInKeywords$selectOptionByLabel$6.call(Unknown Source)
	at vspBootstrap.SalePage.setDataSaleAndAuth(SalePage.groovy:58)
	at vspBootstrap.SalePage.invokeMethod(SalePage.groovy)
	at com.kms.katalon.core.main.CustomKeywordDelegatingMetaClass.invokeStaticMethod(CustomKeywordDelegatingMetaClass.java:50)
	at Sale_TP_AllCF_Generic_Payment_TC.run(Sale_TP_AllCF_Generic_Payment_TC:131)
	at com.kms.katalon.core.main.ScriptEngine.run(ScriptEngine.java:194)
	at com.kms.katalon.core.main.ScriptEngine.runScriptAsRawText(ScriptEngine.java:119)
	at com.kms.katalon.core.main.TestCaseExecutor.runScript(TestCaseExecutor.java:442)
	at com.kms.katalon.core.main.TestCaseExecutor.doExecute(TestCaseExecutor.java:433)
	at com.kms.katalon.core.main.TestCaseExecutor.processExecutionPhase(TestCaseExecutor.java:412)
	at com.kms.katalon.core.main.TestCaseExecutor.accessMainPhase(TestCaseExecutor.java:404)
	at com.kms.katalon.core.main.TestCaseExecutor.execute(TestCaseExecutor.java:281)
	at com.kms.katalon.core.main.TestSuiteExecutor.accessTestCaseMainPhase(TestSuiteExecutor.java:202)
	at com.kms.katalon.core.main.TestSuiteExecutor.accessTestSuiteMainPhase(TestSuiteExecutor.java:164)
	at com.kms.katalon.core.main.TestSuiteExecutor.execute(TestSuiteExecutor.java:105)
	at com.kms.katalon.core.main.TestCaseMain.startTestSuite(TestCaseMain.java:185)
	at com.kms.katalon.core.main.TestCaseMain$startTestSuite$0.call(Unknown Source)
	at TempTestSuite1656640997204.run(TempTestSuite1656640997204.groovy:36)
Caused by: org.openqa.selenium.WebDriverException: chrome not reachable
  (Session info: chrome=103.0.5060.66)
Build info: version: '3.141.59', revision: 'e82be7d358', time: '2018-11-14T08:25:53'
System info: host: 'DESKTOP-B2QI6NS', ip: '192.168.1.87', os.name: 'Windows 10', os.arch: 'amd64', os.version: '10.0', java.version: '1.8.0_181'
Driver info: com.kms.katalon.selenium.driver.CChromeDriver
Capabilities {acceptInsecureCerts: true, browserName: chrome, browserVersion: 103.0.5060.66, chrome: {chromedriverVersion: 103.0.5060.53 (a1711811edd7..., userDataDir: C:\Users\imtiaz\AppData\Loc...}, goog:chromeOptions: {debuggerAddress: localhost:55017}, javascriptEnabled: true, networkConnectionEnabled: false, pageLoadStrategy: normal, platform: WINDOWS, platformName: WINDOWS, proxy: Proxy(), setWindowRect: true, strictFileInteractability: false, timeouts: {implicit: 0, pageLoad: 300000, script: 30000}, unhandledPromptBehavior: dismiss and notify, webauthn:extension:credBlob: true, webauthn:extension:largeBlob: true, webauthn:virtualAuthenticators: true}
Session ID: efa2b9eb7928154ba23a0472bf5e7ff5
*** Element info: {Using=xpath, value=//*[@id = 'userDefined5' and @name = 'userDefined5']}
	at org.openqa.selenium.remote.http.W3CHttpResponseCodec.createException(W3CHttpResponseCodec.java:187)
	at org.openqa.selenium.remote.http.W3CHttpResponseCodec.decode(W3CHttpResponseCodec.java:122)
	at org.openqa.selenium.remote.http.W3CHttpResponseCodec.decode(W3CHttpResponseCodec.java:49)
	at org.openqa.selenium.remote.HttpCommandExecutor.execute(HttpCommandExecutor.java:158)
	at org.openqa.selenium.remote.service.DriverCommandExecutor.execute(DriverCommandExecutor.java:83)
	at org.openqa.selenium.remote.RemoteWebDriver.execute(RemoteWebDriver.java:552)
	at com.kms.katalon.selenium.driver.CChromeDriver.execute(CChromeDriver.java:19)
	at org.openqa.selenium.remote.RemoteWebDriver.findElements(RemoteWebDriver.java:353)
	at org.openqa.selenium.remote.RemoteWebDriver.findElementsByXPath(RemoteWebDriver.java:432)
	at org.openqa.selenium.By$ByXPath.findElements(By.java:348)
	at org.openqa.selenium.remote.RemoteWebDriver.findElements(RemoteWebDriver.java:311)
	at org.openqa.selenium.support.events.EventFiringWebDriver.lambda$new$1(EventFiringWebDriver.java:105)
	at com.sun.proxy.$Proxy10.findElements(Unknown Source)
	at org.openqa.selenium.support.events.EventFiringWebDriver.findElements(EventFiringWebDriver.java:182)
	at com.kms.katalon.core.webui.common.WebUiCommonHelper.findElementByNormalMethods(WebUiCommonHelper.java:1016)
	at com.kms.katalon.core.webui.common.WebUiCommonHelper.findElementsBySelectedMethod(WebUiCommonHelper.java:905)
	at com.kms.katalon.core.webui.common.WebUiCommonHelper.findElementsBySelectedMethod(WebUiCommonHelper.java:894)
	at com.kms.katalon.core.webui.common.WebUiCommonHelper.findElementsBySelectedMethod(WebUiCommonHelper.java:889)
	at com.kms.katalon.core.webui.common.WebUiCommonHelper.findElementsByDefault(WebUiCommonHelper.java:885)
	at com.kms.katalon.core.webui.common.WebUiCommonHelper.findWebElements(WebUiCommonHelper.java:720)
	at com.kms.katalon.core.webui.common.WebUiCommonHelper.findWebElement(WebUiCommonHelper.java:1365)
	at com.kms.katalon.core.webui.keyword.internal.WebUIAbstractKeyword.findWebElement(WebUIAbstractKeyword.groovy:27)
	at com.kms.katalon.core.webui.keyword.internal.WebUIAbstractKeyword.findWebElement(WebUIAbstractKeyword.groovy:26)
	at com.kms.katalon.core.webui.keyword.builtin.SelectOptionByLabelKeyword$_selectOptionByLabel_closure1.doCall(SelectOptionByLabelKeyword.groovy:86)
	at com.kms.katalon.core.webui.keyword.builtin.SelectOptionByLabelKeyword$_selectOptionByLabel_closure1.call(SelectOptionByLabelKeyword.groovy)
	at com.kms.katalon.core.webui.keyword.internal.WebUIKeywordMain.runKeyword(WebUIKeywordMain.groovy:20)
	at com.kms.katalon.core.webui.keyword.builtin.SelectOptionByLabelKeyword.selectOptionByLabel(SelectOptionByLabelKeyword.groovy:98)
	at com.kms.katalon.core.webui.keyword.builtin.SelectOptionByLabelKeyword.execute(SelectOptionByLabelKeyword.groovy:71)
	at com.kms.katalon.core.keyword.internal.KeywordExecutor.executeKeywordForPlatform(KeywordExecutor.groovy:74)
	at com.kms.katalon.core.webui.keyword.WebUiBuiltInKeywords.selectOptionByLabel(WebUiBuiltInKeywords.groovy:1230)
	at com.kms.katalon.core.webui.keyword.WebUiBuiltInKeywords$selectOptionByLabel$6.call(Unknown Source)
	at vspBootstrap.SalePage.setDataSaleAndAuth(SalePage.groovy:58)
	at vspBootstrap.SalePage.invokeMethod(SalePage.groovy)
	at com.kms.katalon.core.main.CustomKeywordDelegatingMetaClass.invokeStaticMethod(CustomKeywordDelegatingMetaClass.java:50)
	at Script1652205847657.run(Script1652205847657.groovy:131)
	... 13 more
)

2022-06-30 22:15:27 - [MESSAGE][WARNING] - Cannot take screenshot

2022-06-30 22:15:27 - [MESSAGE][FAILED] - Unable to select option by label 'Yellow' of object 'Object Repository/AdminSuiteBootstrap_Pages/VSP_Bootstrap/VSP_Authcap/select_UDF6'  using regular expression (Root cause: com.kms.katalon.core.exception.StepFailedException: Unable to select option by label 'Yellow' of object 'Object Repository/AdminSuiteBootstrap_Pages/VSP_Bootstrap/VSP_Authcap/select_UDF6'  using regular expression
	at com.kms.katalon.core.webui.keyword.internal.WebUIKeywordMain.stepFailed(WebUIKeywordMain.groovy:64)
	at com.kms.katalon.core.webui.keyword.internal.WebUIKeywordMain.runKeyword(WebUIKeywordMain.groovy:26)
	at com.kms.katalon.core.webui.keyword.builtin.SelectOptionByLabelKeyword.selectOptionByLabel(SelectOptionByLabelKeyword.groovy:98)
	at com.kms.katalon.core.webui.keyword.builtin.SelectOptionByLabelKeyword.execute(SelectOptionByLabelKeyword.groovy:71)
	at com.kms.katalon.core.keyword.internal.KeywordExecutor.executeKeywordForPlatform(KeywordExecutor.groovy:74)
	at com.kms.katalon.core.webui.keyword.WebUiBuiltInKeywords.selectOptionByLabel(WebUiBuiltInKeywords.groovy:1230)
	at com.kms.katalon.core.webui.keyword.WebUiBuiltInKeywords$selectOptionByLabel$6.call(Unknown Source)
	at vspBootstrap.SalePage.setDataSaleAndAuth(SalePage.groovy:59)
	at vspBootstrap.SalePage.invokeMethod(SalePage.groovy)
	at com.kms.katalon.core.main.CustomKeywordDelegatingMetaClass.invokeStaticMethod(CustomKeywordDelegatingMetaClass.java:50)
	at Sale_TP_AllCF_Generic_Payment_TC.run(Sale_TP_AllCF_Generic_Payment_TC:131)
	at com.kms.katalon.core.main.ScriptEngine.run(ScriptEngine.java:194)
	at com.kms.katalon.core.main.ScriptEngine.runScriptAsRawText(ScriptEngine.java:119)
	at com.kms.katalon.core.main.TestCaseExecutor.runScript(TestCaseExecutor.java:442)
	at com.kms.katalon.core.main.TestCaseExecutor.doExecute(TestCaseExecutor.java:433)
	at com.kms.katalon.core.main.TestCaseExecutor.processExecutionPhase(TestCaseExecutor.java:412)
	at com.kms.katalon.core.main.TestCaseExecutor.accessMainPhase(TestCaseExecutor.java:404)
	at com.kms.katalon.core.main.TestCaseExecutor.execute(TestCaseExecutor.java:281)
	at com.kms.katalon.core.main.TestSuiteExecutor.accessTestCaseMainPhase(TestSuiteExecutor.java:202)
	at com.kms.katalon.core.main.TestSuiteExecutor.accessTestSuiteMainPhase(TestSuiteExecutor.java:164)
	at com.kms.katalon.core.main.TestSuiteExecutor.execute(TestSuiteExecutor.java:105)
	at com.kms.katalon.core.main.TestCaseMain.startTestSuite(TestCaseMain.java:185)
	at com.kms.katalon.core.main.TestCaseMain$startTestSuite$0.call(Unknown Source)
	at TempTestSuite1656640997204.run(TempTestSuite1656640997204.groovy:36)
Caused by: org.openqa.selenium.WebDriverException: chrome not reachable
  (Session info: chrome=103.0.5060.66)
Build info: version: '3.141.59', revision: 'e82be7d358', time: '2018-11-14T08:25:53'
System info: host: 'DESKTOP-B2QI6NS', ip: '192.168.1.87', os.name: 'Windows 10', os.arch: 'amd64', os.version: '10.0', java.version: '1.8.0_181'
Driver info: com.kms.katalon.selenium.driver.CChromeDriver
Capabilities {acceptInsecureCerts: true, browserName: chrome, browserVersion: 103.0.5060.66, chrome: {chromedriverVersion: 103.0.5060.53 (a1711811edd7..., userDataDir: C:\Users\imtiaz\AppData\Loc...}, goog:chromeOptions: {debuggerAddress: localhost:55017}, javascriptEnabled: true, networkConnectionEnabled: false, pageLoadStrategy: normal, platform: WINDOWS, platformName: WINDOWS, proxy: Proxy(), setWindowRect: true, strictFileInteractability: false, timeouts: {implicit: 0, pageLoad: 300000, script: 30000}, unhandledPromptBehavior: dismiss and notify, webauthn:extension:credBlob: true, webauthn:extension:largeBlob: true, webauthn:virtualAuthenticators: true}
Session ID: efa2b9eb7928154ba23a0472bf5e7ff5
*** Element info: {Using=xpath, value=//*[@id = 'userDefined6' and @name = 'userDefined6']}
	at org.openqa.selenium.remote.http.W3CHttpResponseCodec.createException(W3CHttpResponseCodec.java:187)
	at org.openqa.selenium.remote.http.W3CHttpResponseCodec.decode(W3CHttpResponseCodec.java:122)
	at org.openqa.selenium.remote.http.W3CHttpResponseCodec.decode(W3CHttpResponseCodec.java:49)
	at org.openqa.selenium.remote.HttpCommandExecutor.execute(HttpCommandExecutor.java:158)
	at org.openqa.selenium.remote.service.DriverCommandExecutor.execute(DriverCommandExecutor.java:83)
	at org.openqa.selenium.remote.RemoteWebDriver.execute(RemoteWebDriver.java:552)
	at com.kms.katalon.selenium.driver.CChromeDriver.execute(CChromeDriver.java:19)
	at org.openqa.selenium.remote.RemoteWebDriver.findElements(RemoteWebDriver.java:353)
	at org.openqa.selenium.remote.RemoteWebDriver.findElementsByXPath(RemoteWebDriver.java:432)
	at org.openqa.selenium.By$ByXPath.findElements(By.java:348)
	at org.openqa.selenium.remote.RemoteWebDriver.findElements(RemoteWebDriver.java:311)
	at org.openqa.selenium.support.events.EventFiringWebDriver.lambda$new$1(EventFiringWebDriver.java:105)
	at com.sun.proxy.$Proxy10.findElements(Unknown Source)
	at org.openqa.selenium.support.events.EventFiringWebDriver.findElements(EventFiringWebDriver.java:182)
	at com.kms.katalon.core.webui.common.WebUiCommonHelper.findElementByNormalMethods(WebUiCommonHelper.java:1016)
	at com.kms.katalon.core.webui.common.WebUiCommonHelper.findElementsBySelectedMethod(WebUiCommonHelper.java:905)
	at com.kms.katalon.core.webui.common.WebUiCommonHelper.findElementsBySelectedMethod(WebUiCommonHelper.java:894)
	at com.kms.katalon.core.webui.common.WebUiCommonHelper.findElementsBySelectedMethod(WebUiCommonHelper.java:889)
	at com.kms.katalon.core.webui.common.WebUiCommonHelper.findElementsByDefault(WebUiCommonHelper.java:885)
	at com.kms.katalon.core.webui.common.WebUiCommonHelper.findWebElements(WebUiCommonHelper.java:720)
	at com.kms.katalon.core.webui.common.WebUiCommonHelper.findWebElement(WebUiCommonHelper.java:1365)
	at com.kms.katalon.core.webui.keyword.internal.WebUIAbstractKeyword.findWebElement(WebUIAbstractKeyword.groovy:27)
	at com.kms.katalon.core.webui.keyword.internal.WebUIAbstractKeyword.findWebElement(WebUIAbstractKeyword.groovy:26)
	at com.kms.katalon.core.webui.keyword.builtin.SelectOptionByLabelKeyword$_selectOptionByLabel_closure1.doCall(SelectOptionByLabelKeyword.groovy:86)
	at com.kms.katalon.core.webui.keyword.builtin.SelectOptionByLabelKeyword$_selectOptionByLabel_closure1.call(SelectOptionByLabelKeyword.groovy)
	at com.kms.katalon.core.webui.keyword.internal.WebUIKeywordMain.runKeyword(WebUIKeywordMain.groovy:20)
	at com.kms.katalon.core.webui.keyword.builtin.SelectOptionByLabelKeyword.selectOptionByLabel(SelectOptionByLabelKeyword.groovy:98)
	at com.kms.katalon.core.webui.keyword.builtin.SelectOptionByLabelKeyword.execute(SelectOptionByLabelKeyword.groovy:71)
	at com.kms.katalon.core.keyword.internal.KeywordExecutor.executeKeywordForPlatform(KeywordExecutor.groovy:74)
	at com.kms.katalon.core.webui.keyword.WebUiBuiltInKeywords.selectOptionByLabel(WebUiBuiltInKeywords.groovy:1230)
	at com.kms.katalon.core.webui.keyword.WebUiBuiltInKeywords$selectOptionByLabel$6.call(Unknown Source)
	at vspBootstrap.SalePage.setDataSaleAndAuth(SalePage.groovy:59)
	at vspBootstrap.SalePage.invokeMethod(SalePage.groovy)
	at com.kms.katalon.core.main.CustomKeywordDelegatingMetaClass.invokeStaticMethod(CustomKeywordDelegatingMetaClass.java:50)
	at Script1652205847657.run(Script1652205847657.groovy:131)
	... 13 more
)

2022-06-30 22:15:39 - [MESSAGE][WARNING] - Cannot take screenshot

2022-06-30 22:15:39 - [MESSAGE][FAILED] - Unable to set text 'Kolkata' of object 'Object Repository/AdminSuiteBootstrap_Pages/VSP_Bootstrap/VSP_Authcap/input_userDefined7' (Root cause: com.kms.katalon.core.exception.StepFailedException: Unable to set text 'Kolkata' of object 'Object Repository/AdminSuiteBootstrap_Pages/VSP_Bootstrap/VSP_Authcap/input_userDefined7'
	at com.kms.katalon.core.webui.keyword.internal.WebUIKeywordMain.stepFailed(WebUIKeywordMain.groovy:64)
	at com.kms.katalon.core.webui.keyword.internal.WebUIKeywordMain.runKeyword(WebUIKeywordMain.groovy:26)
	at com.kms.katalon.core.webui.keyword.builtin.SetTextKeyword.setText(SetTextKeyword.groovy:66)
	at com.kms.katalon.core.webui.keyword.builtin.SetTextKeyword.execute(SetTextKeyword.groovy:37)
	at com.kms.katalon.core.keyword.internal.KeywordExecutor.executeKeywordForPlatform(KeywordExecutor.groovy:74)
	at com.kms.katalon.core.webui.keyword.WebUiBuiltInKeywords.setText(WebUiBuiltInKeywords.groovy:980)
	at com.kms.katalon.core.webui.keyword.WebUiBuiltInKeywords$setText$2.call(Unknown Source)
	at vspBootstrap.SalePage.setDataSaleAndAuth(SalePage.groovy:61)
	at vspBootstrap.SalePage.invokeMethod(SalePage.groovy)
	at com.kms.katalon.core.main.CustomKeywordDelegatingMetaClass.invokeStaticMethod(CustomKeywordDelegatingMetaClass.java:50)
	at Sale_TP_AllCF_Generic_Payment_TC.run(Sale_TP_AllCF_Generic_Payment_TC:131)
	at com.kms.katalon.core.main.ScriptEngine.run(ScriptEngine.java:194)
	at com.kms.katalon.core.main.ScriptEngine.runScriptAsRawText(ScriptEngine.java:119)
	at com.kms.katalon.core.main.TestCaseExecutor.runScript(TestCaseExecutor.java:442)
	at com.kms.katalon.core.main.TestCaseExecutor.doExecute(TestCaseExecutor.java:433)
	at com.kms.katalon.core.main.TestCaseExecutor.processExecutionPhase(TestCaseExecutor.java:412)
	at com.kms.katalon.core.main.TestCaseExecutor.accessMainPhase(TestCaseExecutor.java:404)
	at com.kms.katalon.core.main.TestCaseExecutor.execute(TestCaseExecutor.java:281)
	at com.kms.katalon.core.main.TestSuiteExecutor.accessTestCaseMainPhase(TestSuiteExecutor.java:202)
	at com.kms.katalon.core.main.TestSuiteExecutor.accessTestSuiteMainPhase(TestSuiteExecutor.java:164)
	at com.kms.katalon.core.main.TestSuiteExecutor.execute(TestSuiteExecutor.java:105)
	at com.kms.katalon.core.main.TestCaseMain.startTestSuite(TestCaseMain.java:185)
	at com.kms.katalon.core.main.TestCaseMain$startTestSuite$0.call(Unknown Source)
	at TempTestSuite1656640997204.run(TempTestSuite1656640997204.groovy:36)
Caused by: org.openqa.selenium.WebDriverException: chrome not reachable
  (Session info: chrome=103.0.5060.66)
Build info: version: '3.141.59', revision: 'e82be7d358', time: '2018-11-14T08:25:53'
System info: host: 'DESKTOP-B2QI6NS', ip: '192.168.1.87', os.name: 'Windows 10', os.arch: 'amd64', os.version: '10.0', java.version: '1.8.0_181'
Driver info: com.kms.katalon.selenium.driver.CChromeDriver
Capabilities {acceptInsecureCerts: true, browserName: chrome, browserVersion: 103.0.5060.66, chrome: {chromedriverVersion: 103.0.5060.53 (a1711811edd7..., userDataDir: C:\Users\imtiaz\AppData\Loc...}, goog:chromeOptions: {debuggerAddress: localhost:55017}, javascriptEnabled: true, networkConnectionEnabled: false, pageLoadStrategy: normal, platform: WINDOWS, platformName: WINDOWS, proxy: Proxy(), setWindowRect: true, strictFileInteractability: false, timeouts: {implicit: 0, pageLoad: 300000, script: 30000}, unhandledPromptBehavior: dismiss and notify, webauthn:extension:credBlob: true, webauthn:extension:largeBlob: true, webauthn:virtualAuthenticators: true}
Session ID: efa2b9eb7928154ba23a0472bf5e7ff5
*** Element info: {Using=xpath, value=//*[@type = 'text' and @name = 'userDefined7' and @id = 'userDefined7']}
	at org.openqa.selenium.remote.http.W3CHttpResponseCodec.createException(W3CHttpResponseCodec.java:187)
	at org.openqa.selenium.remote.http.W3CHttpResponseCodec.decode(W3CHttpResponseCodec.java:122)
	at org.openqa.selenium.remote.http.W3CHttpResponseCodec.decode(W3CHttpResponseCodec.java:49)
	at org.openqa.selenium.remote.HttpCommandExecutor.execute(HttpCommandExecutor.java:158)
	at org.openqa.selenium.remote.service.DriverCommandExecutor.execute(DriverCommandExecutor.java:83)
	at org.openqa.selenium.remote.RemoteWebDriver.execute(RemoteWebDriver.java:552)
	at com.kms.katalon.selenium.driver.CChromeDriver.execute(CChromeDriver.java:19)
	at org.openqa.selenium.remote.RemoteWebDriver.findElements(RemoteWebDriver.java:353)
	at org.openqa.selenium.remote.RemoteWebDriver.findElementsByXPath(RemoteWebDriver.java:432)
	at org.openqa.selenium.By$ByXPath.findElements(By.java:348)
	at org.openqa.selenium.remote.RemoteWebDriver.findElements(RemoteWebDriver.java:311)
	at org.openqa.selenium.support.events.EventFiringWebDriver.lambda$new$1(EventFiringWebDriver.java:105)
	at com.sun.proxy.$Proxy10.findElements(Unknown Source)
	at org.openqa.selenium.support.events.EventFiringWebDriver.findElements(EventFiringWebDriver.java:182)
	at com.kms.katalon.core.webui.common.WebUiCommonHelper.findElementByNormalMethods(WebUiCommonHelper.java:1016)
	at com.kms.katalon.core.webui.common.WebUiCommonHelper.findElementsBySelectedMethod(WebUiCommonHelper.java:905)
	at com.kms.katalon.core.webui.common.WebUiCommonHelper.findElementsBySelectedMethod(WebUiCommonHelper.java:894)
	at com.kms.katalon.core.webui.common.WebUiCommonHelper.findElementsBySelectedMethod(WebUiCommonHelper.java:889)
	at com.kms.katalon.core.webui.common.WebUiCommonHelper.findElementsByDefault(WebUiCommonHelper.java:885)
	at com.kms.katalon.core.webui.common.WebUiCommonHelper.findWebElements(WebUiCommonHelper.java:720)
	at com.kms.katalon.core.webui.common.WebUiCommonHelper.findWebElement(WebUiCommonHelper.java:1365)
	at com.kms.katalon.core.webui.keyword.internal.WebUIAbstractKeyword.findWebElement(WebUIAbstractKeyword.groovy:27)
	at com.kms.katalon.core.webui.keyword.internal.WebUIAbstractKeyword.findWebElement(WebUIAbstractKeyword.groovy:26)
	at com.kms.katalon.core.webui.keyword.builtin.SetTextKeyword$_setText_closure1.doCall(SetTextKeyword.groovy:51)
	at com.kms.katalon.core.webui.keyword.builtin.SetTextKeyword$_setText_closure1.call(SetTextKeyword.groovy)
	at com.kms.katalon.core.webui.keyword.internal.WebUIKeywordMain.runKeyword(WebUIKeywordMain.groovy:20)
	at com.kms.katalon.core.webui.keyword.builtin.SetTextKeyword.setText(SetTextKeyword.groovy:66)
	at com.kms.katalon.core.webui.keyword.builtin.SetTextKeyword.execute(SetTextKeyword.groovy:37)
	at com.kms.katalon.core.keyword.internal.KeywordExecutor.executeKeywordForPlatform(KeywordExecutor.groovy:74)
	at com.kms.katalon.core.webui.keyword.WebUiBuiltInKeywords.setText(WebUiBuiltInKeywords.groovy:980)
	at com.kms.katalon.core.webui.keyword.WebUiBuiltInKeywords$setText$2.call(Unknown Source)
	at vspBootstrap.SalePage.setDataSaleAndAuth(SalePage.groovy:61)
	at vspBootstrap.SalePage.invokeMethod(SalePage.groovy)
	at com.kms.katalon.core.main.CustomKeywordDelegatingMetaClass.invokeStaticMethod(CustomKeywordDelegatingMetaClass.java:50)
	at Script1652205847657.run(Script1652205847657.groovy:131)
	... 13 more
)

2022-06-30 22:15:51 - [MESSAGE][WARNING] - Cannot take screenshot

2022-06-30 22:15:51 - [MESSAGE][FAILED] - Unable to set text 'Pune' of object 'Object Repository/AdminSuiteBootstrap_Pages/VSP_Bootstrap/VSP_Authcap/input_userDefined8' (Root cause: com.kms.katalon.core.exception.StepFailedException: Unable to set text 'Pune' of object 'Object Repository/AdminSuiteBootstrap_Pages/VSP_Bootstrap/VSP_Authcap/input_userDefined8'
	at com.kms.katalon.core.webui.keyword.internal.WebUIKeywordMain.stepFailed(WebUIKeywordMain.groovy:64)
	at com.kms.katalon.core.webui.keyword.internal.WebUIKeywordMain.runKeyword(WebUIKeywordMain.groovy:26)
	at com.kms.katalon.core.webui.keyword.builtin.SetTextKeyword.setText(SetTextKeyword.groovy:66)
	at com.kms.katalon.core.webui.keyword.builtin.SetTextKeyword.execute(SetTextKeyword.groovy:37)
	at com.kms.katalon.core.keyword.internal.KeywordExecutor.executeKeywordForPlatform(KeywordExecutor.groovy:74)
	at com.kms.katalon.core.webui.keyword.WebUiBuiltInKeywords.setText(WebUiBuiltInKeywords.groovy:980)
	at com.kms.katalon.core.webui.keyword.WebUiBuiltInKeywords$setText$2.call(Unknown Source)
	at vspBootstrap.SalePage.setDataSaleAndAuth(SalePage.groovy:62)
	at vspBootstrap.SalePage.invokeMethod(SalePage.groovy)
	at com.kms.katalon.core.main.CustomKeywordDelegatingMetaClass.invokeStaticMethod(CustomKeywordDelegatingMetaClass.java:50)
	at Sale_TP_AllCF_Generic_Payment_TC.run(Sale_TP_AllCF_Generic_Payment_TC:131)
	at com.kms.katalon.core.main.ScriptEngine.run(ScriptEngine.java:194)
	at com.kms.katalon.core.main.ScriptEngine.runScriptAsRawText(ScriptEngine.java:119)
	at com.kms.katalon.core.main.TestCaseExecutor.runScript(TestCaseExecutor.java:442)
	at com.kms.katalon.core.main.TestCaseExecutor.doExecute(TestCaseExecutor.java:433)
	at com.kms.katalon.core.main.TestCaseExecutor.processExecutionPhase(TestCaseExecutor.java:412)
	at com.kms.katalon.core.main.TestCaseExecutor.accessMainPhase(TestCaseExecutor.java:404)
	at com.kms.katalon.core.main.TestCaseExecutor.execute(TestCaseExecutor.java:281)
	at com.kms.katalon.core.main.TestSuiteExecutor.accessTestCaseMainPhase(TestSuiteExecutor.java:202)
	at com.kms.katalon.core.main.TestSuiteExecutor.accessTestSuiteMainPhase(TestSuiteExecutor.java:164)
	at com.kms.katalon.core.main.TestSuiteExecutor.execute(TestSuiteExecutor.java:105)
	at com.kms.katalon.core.main.TestCaseMain.startTestSuite(TestCaseMain.java:185)
	at com.kms.katalon.core.main.TestCaseMain$startTestSuite$0.call(Unknown Source)
	at TempTestSuite1656640997204.run(TempTestSuite1656640997204.groovy:36)
Caused by: org.openqa.selenium.WebDriverException: chrome not reachable
  (Session info: chrome=103.0.5060.66)
Build info: version: '3.141.59', revision: 'e82be7d358', time: '2018-11-14T08:25:53'
System info: host: 'DESKTOP-B2QI6NS', ip: '192.168.1.87', os.name: 'Windows 10', os.arch: 'amd64', os.version: '10.0', java.version: '1.8.0_181'
Driver info: com.kms.katalon.selenium.driver.CChromeDriver
Capabilities {acceptInsecureCerts: true, browserName: chrome, browserVersion: 103.0.5060.66, chrome: {chromedriverVersion: 103.0.5060.53 (a1711811edd7..., userDataDir: C:\Users\imtiaz\AppData\Loc...}, goog:chromeOptions: {debuggerAddress: localhost:55017}, javascriptEnabled: true, networkConnectionEnabled: false, pageLoadStrategy: normal, platform: WINDOWS, platformName: WINDOWS, proxy: Proxy(), setWindowRect: true, strictFileInteractability: false, timeouts: {implicit: 0, pageLoad: 300000, script: 30000}, unhandledPromptBehavior: dismiss and notify, webauthn:extension:credBlob: true, webauthn:extension:largeBlob: true, webauthn:virtualAuthenticators: true}
Session ID: efa2b9eb7928154ba23a0472bf5e7ff5
*** Element info: {Using=xpath, value=//*[@type = 'text' and @name = 'userDefined8' and @id = 'userDefined8']}
	at org.openqa.selenium.remote.http.W3CHttpResponseCodec.createException(W3CHttpResponseCodec.java:187)
	at org.openqa.selenium.remote.http.W3CHttpResponseCodec.decode(W3CHttpResponseCodec.java:122)
	at org.openqa.selenium.remote.http.W3CHttpResponseCodec.decode(W3CHttpResponseCodec.java:49)
	at org.openqa.selenium.remote.HttpCommandExecutor.execute(HttpCommandExecutor.java:158)
	at org.openqa.selenium.remote.service.DriverCommandExecutor.execute(DriverCommandExecutor.java:83)
	at org.openqa.selenium.remote.RemoteWebDriver.execute(RemoteWebDriver.java:552)
	at com.kms.katalon.selenium.driver.CChromeDriver.execute(CChromeDriver.java:19)
	at org.openqa.selenium.remote.RemoteWebDriver.findElements(RemoteWebDriver.java:353)
	at org.openqa.selenium.remote.RemoteWebDriver.findElementsByXPath(RemoteWebDriver.java:432)
	at org.openqa.selenium.By$ByXPath.findElements(By.java:348)
	at org.openqa.selenium.remote.RemoteWebDriver.findElements(RemoteWebDriver.java:311)
	at org.openqa.selenium.support.events.EventFiringWebDriver.lambda$new$1(EventFiringWebDriver.java:105)
	at com.sun.proxy.$Proxy10.findElements(Unknown Source)
	at org.openqa.selenium.support.events.EventFiringWebDriver.findElements(EventFiringWebDriver.java:182)
	at com.kms.katalon.core.webui.common.WebUiCommonHelper.findElementByNormalMethods(WebUiCommonHelper.java:1016)
	at com.kms.katalon.core.webui.common.WebUiCommonHelper.findElementsBySelectedMethod(WebUiCommonHelper.java:905)
	at com.kms.katalon.core.webui.common.WebUiCommonHelper.findElementsBySelectedMethod(WebUiCommonHelper.java:894)
	at com.kms.katalon.core.webui.common.WebUiCommonHelper.findElementsBySelectedMethod(WebUiCommonHelper.java:889)
	at com.kms.katalon.core.webui.common.WebUiCommonHelper.findElementsByDefault(WebUiCommonHelper.java:885)
	at com.kms.katalon.core.webui.common.WebUiCommonHelper.findWebElements(WebUiCommonHelper.java:720)
	at com.kms.katalon.core.webui.common.WebUiCommonHelper.findWebElement(WebUiCommonHelper.java:1365)
	at com.kms.katalon.core.webui.keyword.internal.WebUIAbstractKeyword.findWebElement(WebUIAbstractKeyword.groovy:27)
	at com.kms.katalon.core.webui.keyword.internal.WebUIAbstractKeyword.findWebElement(WebUIAbstractKeyword.groovy:26)
	at com.kms.katalon.core.webui.keyword.builtin.SetTextKeyword$_setText_closure1.doCall(SetTextKeyword.groovy:51)
	at com.kms.katalon.core.webui.keyword.builtin.SetTextKeyword$_setText_closure1.call(SetTextKeyword.groovy)
	at com.kms.katalon.core.webui.keyword.internal.WebUIKeywordMain.runKeyword(WebUIKeywordMain.groovy:20)
	at com.kms.katalon.core.webui.keyword.builtin.SetTextKeyword.setText(SetTextKeyword.groovy:66)
	at com.kms.katalon.core.webui.keyword.builtin.SetTextKeyword.execute(SetTextKeyword.groovy:37)
	at com.kms.katalon.core.keyword.internal.KeywordExecutor.executeKeywordForPlatform(KeywordExecutor.groovy:74)
	at com.kms.katalon.core.webui.keyword.WebUiBuiltInKeywords.setText(WebUiBuiltInKeywords.groovy:980)
	at com.kms.katalon.core.webui.keyword.WebUiBuiltInKeywords$setText$2.call(Unknown Source)
	at vspBootstrap.SalePage.setDataSaleAndAuth(SalePage.groovy:62)
	at vspBootstrap.SalePage.invokeMethod(SalePage.groovy)
	at com.kms.katalon.core.main.CustomKeywordDelegatingMetaClass.invokeStaticMethod(CustomKeywordDelegatingMetaClass.java:50)
	at Script1652205847657.run(Script1652205847657.groovy:131)
	... 13 more
)

2022-06-30 22:16:04 - [MESSAGE][WARNING] - Cannot take screenshot

2022-06-30 22:16:04 - [MESSAGE][FAILED] - Unable to set text 'Bhavnagar' of object 'Object Repository/AdminSuiteBootstrap_Pages/VSP_Bootstrap/VSP_Authcap/input_userDefined9' (Root cause: com.kms.katalon.core.exception.StepFailedException: Unable to set text 'Bhavnagar' of object 'Object Repository/AdminSuiteBootstrap_Pages/VSP_Bootstrap/VSP_Authcap/input_userDefined9'
	at com.kms.katalon.core.webui.keyword.internal.WebUIKeywordMain.stepFailed(WebUIKeywordMain.groovy:64)
	at com.kms.katalon.core.webui.keyword.internal.WebUIKeywordMain.runKeyword(WebUIKeywordMain.groovy:26)
	at com.kms.katalon.core.webui.keyword.builtin.SetTextKeyword.setText(SetTextKeyword.groovy:66)
	at com.kms.katalon.core.webui.keyword.builtin.SetTextKeyword.execute(SetTextKeyword.groovy:37)
	at com.kms.katalon.core.keyword.internal.KeywordExecutor.executeKeywordForPlatform(KeywordExecutor.groovy:74)
	at com.kms.katalon.core.webui.keyword.WebUiBuiltInKeywords.setText(WebUiBuiltInKeywords.groovy:980)
	at com.kms.katalon.core.webui.keyword.WebUiBuiltInKeywords$setText$2.call(Unknown Source)
	at vspBootstrap.SalePage.setDataSaleAndAuth(SalePage.groovy:63)
	at vspBootstrap.SalePage.invokeMethod(SalePage.groovy)
	at com.kms.katalon.core.main.CustomKeywordDelegatingMetaClass.invokeStaticMethod(CustomKeywordDelegatingMetaClass.java:50)
	at Sale_TP_AllCF_Generic_Payment_TC.run(Sale_TP_AllCF_Generic_Payment_TC:131)
	at com.kms.katalon.core.main.ScriptEngine.run(ScriptEngine.java:194)
	at com.kms.katalon.core.main.ScriptEngine.runScriptAsRawText(ScriptEngine.java:119)
	at com.kms.katalon.core.main.TestCaseExecutor.runScript(TestCaseExecutor.java:442)
	at com.kms.katalon.core.main.TestCaseExecutor.doExecute(TestCaseExecutor.java:433)
	at com.kms.katalon.core.main.TestCaseExecutor.processExecutionPhase(TestCaseExecutor.java:412)
	at com.kms.katalon.core.main.TestCaseExecutor.accessMainPhase(TestCaseExecutor.java:404)
	at com.kms.katalon.core.main.TestCaseExecutor.execute(TestCaseExecutor.java:281)
	at com.kms.katalon.core.main.TestSuiteExecutor.accessTestCaseMainPhase(TestSuiteExecutor.java:202)
	at com.kms.katalon.core.main.TestSuiteExecutor.accessTestSuiteMainPhase(TestSuiteExecutor.java:164)
	at com.kms.katalon.core.main.TestSuiteExecutor.execute(TestSuiteExecutor.java:105)
	at com.kms.katalon.core.main.TestCaseMain.startTestSuite(TestCaseMain.java:185)
	at com.kms.katalon.core.main.TestCaseMain$startTestSuite$0.call(Unknown Source)
	at TempTestSuite1656640997204.run(TempTestSuite1656640997204.groovy:36)
Caused by: org.openqa.selenium.WebDriverException: chrome not reachable
  (Session info: chrome=103.0.5060.66)
Build info: version: '3.141.59', revision: 'e82be7d358', time: '2018-11-14T08:25:53'
System info: host: 'DESKTOP-B2QI6NS', ip: '192.168.1.87', os.name: 'Windows 10', os.arch: 'amd64', os.version: '10.0', java.version: '1.8.0_181'
Driver info: com.kms.katalon.selenium.driver.CChromeDriver
Capabilities {acceptInsecureCerts: true, browserName: chrome, browserVersion: 103.0.5060.66, chrome: {chromedriverVersion: 103.0.5060.53 (a1711811edd7..., userDataDir: C:\Users\imtiaz\AppData\Loc...}, goog:chromeOptions: {debuggerAddress: localhost:55017}, javascriptEnabled: true, networkConnectionEnabled: false, pageLoadStrategy: normal, platform: WINDOWS, platformName: WINDOWS, proxy: Proxy(), setWindowRect: true, strictFileInteractability: false, timeouts: {implicit: 0, pageLoad: 300000, script: 30000}, unhandledPromptBehavior: dismiss and notify, webauthn:extension:credBlob: true, webauthn:extension:largeBlob: true, webauthn:virtualAuthenticators: true}
Session ID: efa2b9eb7928154ba23a0472bf5e7ff5
*** Element info: {Using=xpath, value=//*[@type = 'text' and @name = 'userDefined9' and @id = 'userDefined9']}
	at org.openqa.selenium.remote.http.W3CHttpResponseCodec.createException(W3CHttpResponseCodec.java:187)
	at org.openqa.selenium.remote.http.W3CHttpResponseCodec.decode(W3CHttpResponseCodec.java:122)
	at org.openqa.selenium.remote.http.W3CHttpResponseCodec.decode(W3CHttpResponseCodec.java:49)
	at org.openqa.selenium.remote.HttpCommandExecutor.execute(HttpCommandExecutor.java:158)
	at org.openqa.selenium.remote.service.DriverCommandExecutor.execute(DriverCommandExecutor.java:83)
	at org.openqa.selenium.remote.RemoteWebDriver.execute(RemoteWebDriver.java:552)
	at com.kms.katalon.selenium.driver.CChromeDriver.execute(CChromeDriver.java:19)
	at org.openqa.selenium.remote.RemoteWebDriver.findElements(RemoteWebDriver.java:353)
	at org.openqa.selenium.remote.RemoteWebDriver.findElementsByXPath(RemoteWebDriver.java:432)
	at org.openqa.selenium.By$ByXPath.findElements(By.java:348)
	at org.openqa.selenium.remote.RemoteWebDriver.findElements(RemoteWebDriver.java:311)
	at org.openqa.selenium.support.events.EventFiringWebDriver.lambda$new$1(EventFiringWebDriver.java:105)
	at com.sun.proxy.$Proxy10.findElements(Unknown Source)
	at org.openqa.selenium.support.events.EventFiringWebDriver.findElements(EventFiringWebDriver.java:182)
	at com.kms.katalon.core.webui.common.WebUiCommonHelper.findElementByNormalMethods(WebUiCommonHelper.java:1016)
	at com.kms.katalon.core.webui.common.WebUiCommonHelper.findElementsBySelectedMethod(WebUiCommonHelper.java:905)
	at com.kms.katalon.core.webui.common.WebUiCommonHelper.findElementsBySelectedMethod(WebUiCommonHelper.java:894)
	at com.kms.katalon.core.webui.common.WebUiCommonHelper.findElementsBySelectedMethod(WebUiCommonHelper.java:889)
	at com.kms.katalon.core.webui.common.WebUiCommonHelper.findElementsByDefault(WebUiCommonHelper.java:885)
	at com.kms.katalon.core.webui.common.WebUiCommonHelper.findWebElements(WebUiCommonHelper.java:720)
	at com.kms.katalon.core.webui.common.WebUiCommonHelper.findWebElement(WebUiCommonHelper.java:1365)
	at com.kms.katalon.core.webui.keyword.internal.WebUIAbstractKeyword.findWebElement(WebUIAbstractKeyword.groovy:27)
	at com.kms.katalon.core.webui.keyword.internal.WebUIAbstractKeyword.findWebElement(WebUIAbstractKeyword.groovy:26)
	at com.kms.katalon.core.webui.keyword.builtin.SetTextKeyword$_setText_closure1.doCall(SetTextKeyword.groovy:51)
	at com.kms.katalon.core.webui.keyword.builtin.SetTextKeyword$_setText_closure1.call(SetTextKeyword.groovy)
	at com.kms.katalon.core.webui.keyword.internal.WebUIKeywordMain.runKeyword(WebUIKeywordMain.groovy:20)
	at com.kms.katalon.core.webui.keyword.builtin.SetTextKeyword.setText(SetTextKeyword.groovy:66)
	at com.kms.katalon.core.webui.keyword.builtin.SetTextKeyword.execute(SetTextKeyword.groovy:37)
	at com.kms.katalon.core.keyword.internal.KeywordExecutor.executeKeywordForPlatform(KeywordExecutor.groovy:74)
	at com.kms.katalon.core.webui.keyword.WebUiBuiltInKeywords.setText(WebUiBuiltInKeywords.groovy:980)
	at com.kms.katalon.core.webui.keyword.WebUiBuiltInKeywords$setText$2.call(Unknown Source)
	at vspBootstrap.SalePage.setDataSaleAndAuth(SalePage.groovy:63)
	at vspBootstrap.SalePage.invokeMethod(SalePage.groovy)
	at com.kms.katalon.core.main.CustomKeywordDelegatingMetaClass.invokeStaticMethod(CustomKeywordDelegatingMetaClass.java:50)
	at Script1652205847657.run(Script1652205847657.groovy:131)
	... 13 more
)

2022-06-30 22:16:16 - [MESSAGE][WARNING] - Cannot take screenshot

2022-06-30 22:16:16 - [MESSAGE][FAILED] - Unable to set text 'Noida' of object 'Object Repository/AdminSuiteBootstrap_Pages/VSP_Bootstrap/VSP_Authcap/input_userDefined10' (Root cause: com.kms.katalon.core.exception.StepFailedException: Unable to set text 'Noida' of object 'Object Repository/AdminSuiteBootstrap_Pages/VSP_Bootstrap/VSP_Authcap/input_userDefined10'
	at com.kms.katalon.core.webui.keyword.internal.WebUIKeywordMain.stepFailed(WebUIKeywordMain.groovy:64)
	at com.kms.katalon.core.webui.keyword.internal.WebUIKeywordMain.runKeyword(WebUIKeywordMain.groovy:26)
	at com.kms.katalon.core.webui.keyword.builtin.SetTextKeyword.setText(SetTextKeyword.groovy:66)
	at com.kms.katalon.core.webui.keyword.builtin.SetTextKeyword.execute(SetTextKeyword.groovy:37)
	at com.kms.katalon.core.keyword.internal.KeywordExecutor.executeKeywordForPlatform(KeywordExecutor.groovy:74)
	at com.kms.katalon.core.webui.keyword.WebUiBuiltInKeywords.setText(WebUiBuiltInKeywords.groovy:980)
	at com.kms.katalon.core.webui.keyword.WebUiBuiltInKeywords$setText$2.call(Unknown Source)
	at vspBootstrap.SalePage.setDataSaleAndAuth(SalePage.groovy:64)
	at vspBootstrap.SalePage.invokeMethod(SalePage.groovy)
	at com.kms.katalon.core.main.CustomKeywordDelegatingMetaClass.invokeStaticMethod(CustomKeywordDelegatingMetaClass.java:50)
	at Sale_TP_AllCF_Generic_Payment_TC.run(Sale_TP_AllCF_Generic_Payment_TC:131)
	at com.kms.katalon.core.main.ScriptEngine.run(ScriptEngine.java:194)
	at com.kms.katalon.core.main.ScriptEngine.runScriptAsRawText(ScriptEngine.java:119)
	at com.kms.katalon.core.main.TestCaseExecutor.runScript(TestCaseExecutor.java:442)
	at com.kms.katalon.core.main.TestCaseExecutor.doExecute(TestCaseExecutor.java:433)
	at com.kms.katalon.core.main.TestCaseExecutor.processExecutionPhase(TestCaseExecutor.java:412)
	at com.kms.katalon.core.main.TestCaseExecutor.accessMainPhase(TestCaseExecutor.java:404)
	at com.kms.katalon.core.main.TestCaseExecutor.execute(TestCaseExecutor.java:281)
	at com.kms.katalon.core.main.TestSuiteExecutor.accessTestCaseMainPhase(TestSuiteExecutor.java:202)
	at com.kms.katalon.core.main.TestSuiteExecutor.accessTestSuiteMainPhase(TestSuiteExecutor.java:164)
	at com.kms.katalon.core.main.TestSuiteExecutor.execute(TestSuiteExecutor.java:105)
	at com.kms.katalon.core.main.TestCaseMain.startTestSuite(TestCaseMain.java:185)
	at com.kms.katalon.core.main.TestCaseMain$startTestSuite$0.call(Unknown Source)
	at TempTestSuite1656640997204.run(TempTestSuite1656640997204.groovy:36)
Caused by: org.openqa.selenium.WebDriverException: chrome not reachable
  (Session info: chrome=103.0.5060.66)
Build info: version: '3.141.59', revision: 'e82be7d358', time: '2018-11-14T08:25:53'
System info: host: 'DESKTOP-B2QI6NS', ip: '192.168.1.87', os.name: 'Windows 10', os.arch: 'amd64', os.version: '10.0', java.version: '1.8.0_181'
Driver info: com.kms.katalon.selenium.driver.CChromeDriver
Capabilities {acceptInsecureCerts: true, browserName: chrome, browserVersion: 103.0.5060.66, chrome: {chromedriverVersion: 103.0.5060.53 (a1711811edd7..., userDataDir: C:\Users\imtiaz\AppData\Loc...}, goog:chromeOptions: {debuggerAddress: localhost:55017}, javascriptEnabled: true, networkConnectionEnabled: false, pageLoadStrategy: normal, platform: WINDOWS, platformName: WINDOWS, proxy: Proxy(), setWindowRect: true, strictFileInteractability: false, timeouts: {implicit: 0, pageLoad: 300000, script: 30000}, unhandledPromptBehavior: dismiss and notify, webauthn:extension:credBlob: true, webauthn:extension:largeBlob: true, webauthn:virtualAuthenticators: true}
Session ID: efa2b9eb7928154ba23a0472bf5e7ff5
*** Element info: {Using=xpath, value=//*[@type = 'text' and @name = 'userDefined10' and @id = 'userDefined10']}
	at org.openqa.selenium.remote.http.W3CHttpResponseCodec.createException(W3CHttpResponseCodec.java:187)
	at org.openqa.selenium.remote.http.W3CHttpResponseCodec.decode(W3CHttpResponseCodec.java:122)
	at org.openqa.selenium.remote.http.W3CHttpResponseCodec.decode(W3CHttpResponseCodec.java:49)
	at org.openqa.selenium.remote.HttpCommandExecutor.execute(HttpCommandExecutor.java:158)
	at org.openqa.selenium.remote.service.DriverCommandExecutor.execute(DriverCommandExecutor.java:83)
	at org.openqa.selenium.remote.RemoteWebDriver.execute(RemoteWebDriver.java:552)
	at com.kms.katalon.selenium.driver.CChromeDriver.execute(CChromeDriver.java:19)
	at org.openqa.selenium.remote.RemoteWebDriver.findElements(RemoteWebDriver.java:353)
	at org.openqa.selenium.remote.RemoteWebDriver.findElementsByXPath(RemoteWebDriver.java:432)
	at org.openqa.selenium.By$ByXPath.findElements(By.java:348)
	at org.openqa.selenium.remote.RemoteWebDriver.findElements(RemoteWebDriver.java:311)
	at org.openqa.selenium.support.events.EventFiringWebDriver.lambda$new$1(EventFiringWebDriver.java:105)
	at com.sun.proxy.$Proxy10.findElements(Unknown Source)
	at org.openqa.selenium.support.events.EventFiringWebDriver.findElements(EventFiringWebDriver.java:182)
	at com.kms.katalon.core.webui.common.WebUiCommonHelper.findElementByNormalMethods(WebUiCommonHelper.java:1016)
	at com.kms.katalon.core.webui.common.WebUiCommonHelper.findElementsBySelectedMethod(WebUiCommonHelper.java:905)
	at com.kms.katalon.core.webui.common.WebUiCommonHelper.findElementsBySelectedMethod(WebUiCommonHelper.java:894)
	at com.kms.katalon.core.webui.common.WebUiCommonHelper.findElementsBySelectedMethod(WebUiCommonHelper.java:889)
	at com.kms.katalon.core.webui.common.WebUiCommonHelper.findElementsByDefault(WebUiCommonHelper.java:885)
	at com.kms.katalon.core.webui.common.WebUiCommonHelper.findWebElements(WebUiCommonHelper.java:720)
	at com.kms.katalon.core.webui.common.WebUiCommonHelper.findWebElement(WebUiCommonHelper.java:1365)
	at com.kms.katalon.core.webui.keyword.internal.WebUIAbstractKeyword.findWebElement(WebUIAbstractKeyword.groovy:27)
	at com.kms.katalon.core.webui.keyword.internal.WebUIAbstractKeyword.findWebElement(WebUIAbstractKeyword.groovy:26)
	at com.kms.katalon.core.webui.keyword.builtin.SetTextKeyword$_setText_closure1.doCall(SetTextKeyword.groovy:51)
	at com.kms.katalon.core.webui.keyword.builtin.SetTextKeyword$_setText_closure1.call(SetTextKeyword.groovy)
	at com.kms.katalon.core.webui.keyword.internal.WebUIKeywordMain.runKeyword(WebUIKeywordMain.groovy:20)
	at com.kms.katalon.core.webui.keyword.builtin.SetTextKeyword.setText(SetTextKeyword.groovy:66)
	at com.kms.katalon.core.webui.keyword.builtin.SetTextKeyword.execute(SetTextKeyword.groovy:37)
	at com.kms.katalon.core.keyword.internal.KeywordExecutor.executeKeywordForPlatform(KeywordExecutor.groovy:74)
	at com.kms.katalon.core.webui.keyword.WebUiBuiltInKeywords.setText(WebUiBuiltInKeywords.groovy:980)
	at com.kms.katalon.core.webui.keyword.WebUiBuiltInKeywords$setText$2.call(Unknown Source)
	at vspBootstrap.SalePage.setDataSaleAndAuth(SalePage.groovy:64)
	at vspBootstrap.SalePage.invokeMethod(SalePage.groovy)
	at com.kms.katalon.core.main.CustomKeywordDelegatingMetaClass.invokeStaticMethod(CustomKeywordDelegatingMetaClass.java:50)
	at Script1652205847657.run(Script1652205847657.groovy:131)
	... 13 more
)

2022-06-30 22:16:28 - [MESSAGE][WARNING] - Cannot take screenshot

2022-06-30 22:16:28 - [MESSAGE][FAILED] - Unable to click on object 'Object Repository/AdminSuiteBootstrap_Pages/VSP_Bootstrap/VSP_Authcap/button_Submit' (Root cause: com.kms.katalon.core.exception.StepFailedException: Unable to click on object 'Object Repository/AdminSuiteBootstrap_Pages/VSP_Bootstrap/VSP_Authcap/button_Submit'
	at com.kms.katalon.core.webui.keyword.internal.WebUIKeywordMain.stepFailed(WebUIKeywordMain.groovy:64)
	at com.kms.katalon.core.webui.keyword.internal.WebUIKeywordMain.runKeyword(WebUIKeywordMain.groovy:26)
	at com.kms.katalon.core.webui.keyword.builtin.ClickKeyword.click(ClickKeyword.groovy:74)
	at com.kms.katalon.core.webui.keyword.builtin.ClickKeyword.execute(ClickKeyword.groovy:40)
	at com.kms.katalon.core.keyword.internal.KeywordExecutor.executeKeywordForPlatform(KeywordExecutor.groovy:74)
	at com.kms.katalon.core.webui.keyword.WebUiBuiltInKeywords.click(WebUiBuiltInKeywords.groovy:620)
	at com.kms.katalon.core.webui.keyword.WebUiBuiltInKeywords$click$3.call(Unknown Source)
	at vspBootstrap.SalePage.setDataSaleAndAuth(SalePage.groovy:66)
	at vspBootstrap.SalePage.invokeMethod(SalePage.groovy)
	at com.kms.katalon.core.main.CustomKeywordDelegatingMetaClass.invokeStaticMethod(CustomKeywordDelegatingMetaClass.java:50)
	at Sale_TP_AllCF_Generic_Payment_TC.run(Sale_TP_AllCF_Generic_Payment_TC:131)
	at com.kms.katalon.core.main.ScriptEngine.run(ScriptEngine.java:194)
	at com.kms.katalon.core.main.ScriptEngine.runScriptAsRawText(ScriptEngine.java:119)
	at com.kms.katalon.core.main.TestCaseExecutor.runScript(TestCaseExecutor.java:442)
	at com.kms.katalon.core.main.TestCaseExecutor.doExecute(TestCaseExecutor.java:433)
	at com.kms.katalon.core.main.TestCaseExecutor.processExecutionPhase(TestCaseExecutor.java:412)
	at com.kms.katalon.core.main.TestCaseExecutor.accessMainPhase(TestCaseExecutor.java:404)
	at com.kms.katalon.core.main.TestCaseExecutor.execute(TestCaseExecutor.java:281)
	at com.kms.katalon.core.main.TestSuiteExecutor.accessTestCaseMainPhase(TestSuiteExecutor.java:202)
	at com.kms.katalon.core.main.TestSuiteExecutor.accessTestSuiteMainPhase(TestSuiteExecutor.java:164)
	at com.kms.katalon.core.main.TestSuiteExecutor.execute(TestSuiteExecutor.java:105)
	at com.kms.katalon.core.main.TestCaseMain.startTestSuite(TestCaseMain.java:185)
	at com.kms.katalon.core.main.TestCaseMain$startTestSuite$0.call(Unknown Source)
	at TempTestSuite1656640997204.run(TempTestSuite1656640997204.groovy:36)
Caused by: org.openqa.selenium.WebDriverException: chrome not reachable
  (Session info: chrome=103.0.5060.66)
Build info: version: '3.141.59', revision: 'e82be7d358', time: '2018-11-14T08:25:53'
System info: host: 'DESKTOP-B2QI6NS', ip: '192.168.1.87', os.name: 'Windows 10', os.arch: 'amd64', os.version: '10.0', java.version: '1.8.0_181'
Driver info: com.kms.katalon.selenium.driver.CChromeDriver
Capabilities {acceptInsecureCerts: true, browserName: chrome, browserVersion: 103.0.5060.66, chrome: {chromedriverVersion: 103.0.5060.53 (a1711811edd7..., userDataDir: C:\Users\imtiaz\AppData\Loc...}, goog:chromeOptions: {debuggerAddress: localhost:55017}, javascriptEnabled: true, networkConnectionEnabled: false, pageLoadStrategy: normal, platform: WINDOWS, platformName: WINDOWS, proxy: Proxy(), setWindowRect: true, strictFileInteractability: false, timeouts: {implicit: 0, pageLoad: 300000, script: 30000}, unhandledPromptBehavior: dismiss and notify, webauthn:extension:credBlob: true, webauthn:extension:largeBlob: true, webauthn:virtualAuthenticators: true}
Session ID: efa2b9eb7928154ba23a0472bf5e7ff5
*** Element info: {Using=xpath, value=//*[@type = 'button' and @id = 'submit1' and (text() = 'Submit' or . = 'Submit')]}
	at org.openqa.selenium.remote.http.W3CHttpResponseCodec.createException(W3CHttpResponseCodec.java:187)
	at org.openqa.selenium.remote.http.W3CHttpResponseCodec.decode(W3CHttpResponseCodec.java:122)
	at org.openqa.selenium.remote.http.W3CHttpResponseCodec.decode(W3CHttpResponseCodec.java:49)
	at org.openqa.selenium.remote.HttpCommandExecutor.execute(HttpCommandExecutor.java:158)
	at org.openqa.selenium.remote.service.DriverCommandExecutor.execute(DriverCommandExecutor.java:83)
	at org.openqa.selenium.remote.RemoteWebDriver.execute(RemoteWebDriver.java:552)
	at com.kms.katalon.selenium.driver.CChromeDriver.execute(CChromeDriver.java:19)
	at org.openqa.selenium.remote.RemoteWebDriver.findElements(RemoteWebDriver.java:353)
	at org.openqa.selenium.remote.RemoteWebDriver.findElementsByXPath(RemoteWebDriver.java:432)
	at org.openqa.selenium.By$ByXPath.findElements(By.java:348)
	at org.openqa.selenium.remote.RemoteWebDriver.findElements(RemoteWebDriver.java:311)
	at org.openqa.selenium.support.events.EventFiringWebDriver.lambda$new$1(EventFiringWebDriver.java:105)
	at com.sun.proxy.$Proxy10.findElements(Unknown Source)
	at org.openqa.selenium.support.events.EventFiringWebDriver.findElements(EventFiringWebDriver.java:182)
	at com.kms.katalon.core.webui.common.WebUiCommonHelper.findElementByNormalMethods(WebUiCommonHelper.java:1016)
	at com.kms.katalon.core.webui.common.WebUiCommonHelper.findElementsBySelectedMethod(WebUiCommonHelper.java:905)
	at com.kms.katalon.core.webui.common.WebUiCommonHelper.findElementsBySelectedMethod(WebUiCommonHelper.java:894)
	at com.kms.katalon.core.webui.common.WebUiCommonHelper.findElementsBySelectedMethod(WebUiCommonHelper.java:889)
	at com.kms.katalon.core.webui.common.WebUiCommonHelper.findElementsByDefault(WebUiCommonHelper.java:885)
	at com.kms.katalon.core.webui.common.WebUiCommonHelper.findWebElements(WebUiCommonHelper.java:720)
	at com.kms.katalon.core.webui.common.WebUiCommonHelper.findWebElement(WebUiCommonHelper.java:1365)
	at com.kms.katalon.core.webui.keyword.internal.WebUIAbstractKeyword.findWebElement(WebUIAbstractKeyword.groovy:27)
	at com.kms.katalon.core.webui.keyword.builtin.ClickKeyword$_click_closure1.doCall(ClickKeyword.groovy:65)
	at com.kms.katalon.core.webui.keyword.builtin.ClickKeyword$_click_closure1.call(ClickKeyword.groovy)
	at com.kms.katalon.core.webui.keyword.internal.WebUIKeywordMain.runKeyword(WebUIKeywordMain.groovy:20)
	at com.kms.katalon.core.webui.keyword.builtin.ClickKeyword.click(ClickKeyword.groovy:74)
	at com.kms.katalon.core.webui.keyword.builtin.ClickKeyword.execute(ClickKeyword.groovy:40)
	at com.kms.katalon.core.keyword.internal.KeywordExecutor.executeKeywordForPlatform(KeywordExecutor.groovy:74)
	at com.kms.katalon.core.webui.keyword.WebUiBuiltInKeywords.click(WebUiBuiltInKeywords.groovy:620)
	at com.kms.katalon.core.webui.keyword.WebUiBuiltInKeywords$click$3.call(Unknown Source)
	at vspBootstrap.SalePage.setDataSaleAndAuth(SalePage.groovy:66)
	at vspBootstrap.SalePage.invokeMethod(SalePage.groovy)
	at com.kms.katalon.core.main.CustomKeywordDelegatingMetaClass.invokeStaticMethod(CustomKeywordDelegatingMetaClass.java:50)
	at Script1652205847657.run(Script1652205847657.groovy:131)
	... 13 more
)

2022-06-30 22:16:28 - [MESSAGE][FAILED] - com.kms.katalon.core.exception.StepFailedException: Unable to select option by value 'MOTO' of object 'Object Repository/AdminSuiteBootstrap_Pages/VSP_Bootstrap/VSP_Authcap/select_TransactionCategory'  using regular expression (Root cause: com.kms.katalon.core.exception.StepFailedException: Unable to select option by value 'MOTO' of object 'Object Repository/AdminSuiteBootstrap_Pages/VSP_Bootstrap/VSP_Authcap/select_TransactionCategory'  using regular expression
	at com.kms.katalon.core.webui.keyword.internal.WebUIKeywordMain.stepFailed(WebUIKeywordMain.groovy:64)
	at com.kms.katalon.core.webui.keyword.internal.WebUIKeywordMain.runKeyword(WebUIKeywordMain.groovy:26)
	at com.kms.katalon.core.webui.keyword.builtin.SelectOptionByValueKeyword.selectOptionByValue(SelectOptionByValueKeyword.groovy:99)
	at com.kms.katalon.core.webui.keyword.builtin.SelectOptionByValueKeyword.execute(SelectOptionByValueKeyword.groovy:71)
	at com.kms.katalon.core.keyword.internal.KeywordExecutor.executeKeywordForPlatform(KeywordExecutor.groovy:74)
	at com.kms.katalon.core.webui.keyword.WebUiBuiltInKeywords.selectOptionByValue(WebUiBuiltInKeywords.groovy:1168)
	at com.kms.katalon.core.webui.keyword.WebUiBuiltInKeywords$selectOptionByValue$5.call(Unknown Source)
	at vspBootstrap.SalePage.setDataSaleAndAuth(SalePage.groovy:49)
	at vspBootstrap.SalePage.invokeMethod(SalePage.groovy)
	at com.kms.katalon.core.main.CustomKeywordDelegatingMetaClass.invokeStaticMethod(CustomKeywordDelegatingMetaClass.java:50)
	at Sale_TP_AllCF_Generic_Payment_TC.run(Sale_TP_AllCF_Generic_Payment_TC:131)
	at com.kms.katalon.core.main.ScriptEngine.run(ScriptEngine.java:194)
	at com.kms.katalon.core.main.ScriptEngine.runScriptAsRawText(ScriptEngine.java:119)
	at com.kms.katalon.core.main.TestCaseExecutor.runScript(TestCaseExecutor.java:442)
	at com.kms.katalon.core.main.TestCaseExecutor.doExecute(TestCaseExecutor.java:433)
	at com.kms.katalon.core.main.TestCaseExecutor.processExecutionPhase(TestCaseExecutor.java:412)
	at com.kms.katalon.core.main.TestCaseExecutor.accessMainPhase(TestCaseExecutor.java:404)
	at com.kms.katalon.core.main.TestCaseExecutor.execute(TestCaseExecutor.java:281)
	at com.kms.katalon.core.main.TestSuiteExecutor.accessTestCaseMainPhase(TestSuiteExecutor.java:202)
	at com.kms.katalon.core.main.TestSuiteExecutor.accessTestSuiteMainPhase(TestSuiteExecutor.java:164)
	at com.kms.katalon.core.main.TestSuiteExecutor.execute(TestSuiteExecutor.java:105)
	at com.kms.katalon.core.main.TestCaseMain.startTestSuite(TestCaseMain.java:185)
	at com.kms.katalon.core.main.TestCaseMain$startTestSuite$0.call(Unknown Source)
	at TempTestSuite1656640997204.run(TempTestSuite1656640997204.groovy:36)
Caused by: com.kms.katalon.core.webui.exception.WebElementNotFoundException: Web element with id: 'Object Repository/AdminSuiteBootstrap_Pages/VSP_Bootstrap/VSP_Authcap/select_TransactionCategory' located by '//*[@name = 'transactionCategory' and @id = 'transactionCategory']' not found
	at com.kms.katalon.core.webui.common.WebUiCommonHelper.findWebElement(WebUiCommonHelper.java:1370)
	at com.kms.katalon.core.webui.keyword.internal.WebUIAbstractKeyword.findWebElement(WebUIAbstractKeyword.groovy:27)
	at com.kms.katalon.core.webui.keyword.internal.WebUIAbstractKeyword.findWebElement(WebUIAbstractKeyword.groovy:26)
	at com.kms.katalon.core.webui.keyword.builtin.SelectOptionByValueKeyword$_selectOptionByValue_closure1.doCall(SelectOptionByValueKeyword.groovy:86)
	at com.kms.katalon.core.webui.keyword.builtin.SelectOptionByValueKeyword$_selectOptionByValue_closure1.call(SelectOptionByValueKeyword.groovy)
	at com.kms.katalon.core.webui.keyword.internal.WebUIKeywordMain.runKeyword(WebUIKeywordMain.groovy:20)
	at com.kms.katalon.core.webui.keyword.builtin.SelectOptionByValueKeyword.selectOptionByValue(SelectOptionByValueKeyword.groovy:99)
	at com.kms.katalon.core.webui.keyword.builtin.SelectOptionByValueKeyword.execute(SelectOptionByValueKeyword.groovy:71)
	at com.kms.katalon.core.keyword.internal.KeywordExecutor.executeKeywordForPlatform(KeywordExecutor.groovy:74)
	at com.kms.katalon.core.webui.keyword.WebUiBuiltInKeywords.selectOptionByValue(WebUiBuiltInKeywords.groovy:1168)
	at com.kms.katalon.core.webui.keyword.WebUiBuiltInKeywords$selectOptionByValue$5.call(Unknown Source)
	at vspBootstrap.SalePage.setDataSaleAndAuth(SalePage.groovy:49)
	at vspBootstrap.SalePage.invokeMethod(SalePage.groovy)
	at com.kms.katalon.core.main.CustomKeywordDelegatingMetaClass.invokeStaticMethod(CustomKeywordDelegatingMetaClass.java:50)
	at Script1652205847657.run(Script1652205847657.groovy:131)
	... 13 more
)

2022-06-30 22:16:28 - [TEST_STEP][FAILED] - verifyTextPresent("Transaction Successful", true): Unable to verify text 'Transaction Successful' is present  using regular expression (Root cause: com.kms.katalon.core.exception.StepFailedException: Unable to verify text 'Transaction Successful' is present  using regular expression
	at com.kms.katalon.core.webui.keyword.internal.WebUIKeywordMain.stepFailed(WebUIKeywordMain.groovy:64)
	at com.kms.katalon.core.webui.keyword.internal.WebUIKeywordMain.runKeyword(WebUIKeywordMain.groovy:26)
	at com.kms.katalon.core.webui.keyword.builtin.VerifyTextPresentKeyword.verifyTextPresent(VerifyTextPresentKeyword.groovy:83)
	at com.kms.katalon.core.webui.keyword.builtin.VerifyTextPresentKeyword.execute(VerifyTextPresentKeyword.groovy:68)
	at com.kms.katalon.core.keyword.internal.KeywordExecutor.executeKeywordForPlatform(KeywordExecutor.groovy:74)
	at com.kms.katalon.core.webui.keyword.WebUiBuiltInKeywords.verifyTextPresent(WebUiBuiltInKeywords.groovy:1723)
	at com.kms.katalon.core.webui.keyword.WebUiBuiltInKeywords$verifyTextPresent$4.call(Unknown Source)
	at Sale_TP_AllCF_Generic_Payment_TC.run(Sale_TP_AllCF_Generic_Payment_TC:134)
	at com.kms.katalon.core.main.ScriptEngine.run(ScriptEngine.java:194)
	at com.kms.katalon.core.main.ScriptEngine.runScriptAsRawText(ScriptEngine.java:119)
	at com.kms.katalon.core.main.TestCaseExecutor.runScript(TestCaseExecutor.java:442)
	at com.kms.katalon.core.main.TestCaseExecutor.doExecute(TestCaseExecutor.java:433)
	at com.kms.katalon.core.main.TestCaseExecutor.processExecutionPhase(TestCaseExecutor.java:412)
	at com.kms.katalon.core.main.TestCaseExecutor.accessMainPhase(TestCaseExecutor.java:404)
	at com.kms.katalon.core.main.TestCaseExecutor.execute(TestCaseExecutor.java:281)
	at com.kms.katalon.core.main.TestSuiteExecutor.accessTestCaseMainPhase(TestSuiteExecutor.java:202)
	at com.kms.katalon.core.main.TestSuiteExecutor.accessTestSuiteMainPhase(TestSuiteExecutor.java:164)
	at com.kms.katalon.core.main.TestSuiteExecutor.execute(TestSuiteExecutor.java:105)
	at com.kms.katalon.core.main.TestCaseMain.startTestSuite(TestCaseMain.java:185)
	at com.kms.katalon.core.main.TestCaseMain$startTestSuite$0.call(Unknown Source)
	at TempTestSuite1656640997204.run(TempTestSuite1656640997204.groovy:36)
Caused by: org.openqa.selenium.WebDriverException: chrome not reachable
  (Session info: chrome=103.0.5060.66)
Build info: version: '3.141.59', revision: 'e82be7d358', time: '2018-11-14T08:25:53'
System info: host: 'DESKTOP-B2QI6NS', ip: '192.168.1.87', os.name: 'Windows 10', os.arch: 'amd64', os.version: '10.0', java.version: '1.8.0_181'
Driver info: com.kms.katalon.selenium.driver.CChromeDriver
Capabilities {acceptInsecureCerts: true, browserName: chrome, browserVersion: 103.0.5060.66, chrome: {chromedriverVersion: 103.0.5060.53 (a1711811edd7..., userDataDir: C:\Users\imtiaz\AppData\Loc...}, goog:chromeOptions: {debuggerAddress: localhost:55017}, javascriptEnabled: true, networkConnectionEnabled: false, pageLoadStrategy: normal, platform: WINDOWS, platformName: WINDOWS, proxy: Proxy(), setWindowRect: true, strictFileInteractability: false, timeouts: {implicit: 0, pageLoad: 300000, script: 30000}, unhandledPromptBehavior: dismiss and notify, webauthn:extension:credBlob: true, webauthn:extension:largeBlob: true, webauthn:virtualAuthenticators: true}
Session ID: efa2b9eb7928154ba23a0472bf5e7ff5
*** Element info: {Using=tag name, value=body}
	at org.openqa.selenium.remote.http.W3CHttpResponseCodec.createException(W3CHttpResponseCodec.java:187)
	at org.openqa.selenium.remote.http.W3CHttpResponseCodec.decode(W3CHttpResponseCodec.java:122)
	at org.openqa.selenium.remote.http.W3CHttpResponseCodec.decode(W3CHttpResponseCodec.java:49)
	at org.openqa.selenium.remote.HttpCommandExecutor.execute(HttpCommandExecutor.java:158)
	at org.openqa.selenium.remote.service.DriverCommandExecutor.execute(DriverCommandExecutor.java:83)
	at org.openqa.selenium.remote.RemoteWebDriver.execute(RemoteWebDriver.java:552)
	at com.kms.katalon.selenium.driver.CChromeDriver.execute(CChromeDriver.java:19)
	at org.openqa.selenium.remote.RemoteWebDriver.findElement(RemoteWebDriver.java:323)
	at org.openqa.selenium.remote.RemoteWebDriver.findElementByTagName(RemoteWebDriver.java:396)
	at org.openqa.selenium.By$ByTagName.findElement(By.java:320)
	at org.openqa.selenium.remote.RemoteWebDriver.findElement(RemoteWebDriver.java:315)
	at org.openqa.selenium.support.events.EventFiringWebDriver.lambda$new$1(EventFiringWebDriver.java:105)
	at com.sun.proxy.$Proxy10.findElement(Unknown Source)
	at org.openqa.selenium.support.events.EventFiringWebDriver.findElement(EventFiringWebDriver.java:194)
	at com.kms.katalon.core.webui.common.WebUiCommonHelper.isTextPresent(WebUiCommonHelper.java:86)
	at com.kms.katalon.core.webui.keyword.builtin.VerifyTextPresentKeyword$_verifyTextPresent_closure1.doCall(VerifyTextPresentKeyword.groovy:75)
	at com.kms.katalon.core.webui.keyword.builtin.VerifyTextPresentKeyword$_verifyTextPresent_closure1.call(VerifyTextPresentKeyword.groovy)
	at com.kms.katalon.core.webui.keyword.internal.WebUIKeywordMain.runKeyword(WebUIKeywordMain.groovy:20)
	at com.kms.katalon.core.webui.keyword.builtin.VerifyTextPresentKeyword.verifyTextPresent(VerifyTextPresentKeyword.groovy:83)
	at com.kms.katalon.core.webui.keyword.builtin.VerifyTextPresentKeyword.execute(VerifyTextPresentKeyword.groovy:68)
	at com.kms.katalon.core.keyword.internal.KeywordExecutor.executeKeywordForPlatform(KeywordExecutor.groovy:74)
	at com.kms.katalon.core.webui.keyword.WebUiBuiltInKeywords.verifyTextPresent(WebUiBuiltInKeywords.groovy:1723)
	at com.kms.katalon.core.webui.keyword.WebUiBuiltInKeywords$verifyTextPresent$4.call(Unknown Source)
	at Script1652205847657.run(Script1652205847657.groovy:134)
	... 13 more
)

2022-06-30 22:16:40 - [MESSAGE][WARNING] - Cannot take screenshot

2022-06-30 22:16:40 - [MESSAGE][FAILED] - Unable to verify text 'Transaction Successful' is present  using regular expression (Root cause: com.kms.katalon.core.exception.StepFailedException: Unable to verify text 'Transaction Successful' is present  using regular expression
	at com.kms.katalon.core.webui.keyword.internal.WebUIKeywordMain.stepFailed(WebUIKeywordMain.groovy:64)
	at com.kms.katalon.core.webui.keyword.internal.WebUIKeywordMain.runKeyword(WebUIKeywordMain.groovy:26)
	at com.kms.katalon.core.webui.keyword.builtin.VerifyTextPresentKeyword.verifyTextPresent(VerifyTextPresentKeyword.groovy:83)
	at com.kms.katalon.core.webui.keyword.builtin.VerifyTextPresentKeyword.execute(VerifyTextPresentKeyword.groovy:68)
	at com.kms.katalon.core.keyword.internal.KeywordExecutor.executeKeywordForPlatform(KeywordExecutor.groovy:74)
	at com.kms.katalon.core.webui.keyword.WebUiBuiltInKeywords.verifyTextPresent(WebUiBuiltInKeywords.groovy:1723)
	at com.kms.katalon.core.webui.keyword.WebUiBuiltInKeywords$verifyTextPresent$4.call(Unknown Source)
	at Sale_TP_AllCF_Generic_Payment_TC.run(Sale_TP_AllCF_Generic_Payment_TC:134)
	at com.kms.katalon.core.main.ScriptEngine.run(ScriptEngine.java:194)
	at com.kms.katalon.core.main.ScriptEngine.runScriptAsRawText(ScriptEngine.java:119)
	at com.kms.katalon.core.main.TestCaseExecutor.runScript(TestCaseExecutor.java:442)
	at com.kms.katalon.core.main.TestCaseExecutor.doExecute(TestCaseExecutor.java:433)
	at com.kms.katalon.core.main.TestCaseExecutor.processExecutionPhase(TestCaseExecutor.java:412)
	at com.kms.katalon.core.main.TestCaseExecutor.accessMainPhase(TestCaseExecutor.java:404)
	at com.kms.katalon.core.main.TestCaseExecutor.execute(TestCaseExecutor.java:281)
	at com.kms.katalon.core.main.TestSuiteExecutor.accessTestCaseMainPhase(TestSuiteExecutor.java:202)
	at com.kms.katalon.core.main.TestSuiteExecutor.accessTestSuiteMainPhase(TestSuiteExecutor.java:164)
	at com.kms.katalon.core.main.TestSuiteExecutor.execute(TestSuiteExecutor.java:105)
	at com.kms.katalon.core.main.TestCaseMain.startTestSuite(TestCaseMain.java:185)
	at com.kms.katalon.core.main.TestCaseMain$startTestSuite$0.call(Unknown Source)
	at TempTestSuite1656640997204.run(TempTestSuite1656640997204.groovy:36)
Caused by: org.openqa.selenium.WebDriverException: chrome not reachable
  (Session info: chrome=103.0.5060.66)
Build info: version: '3.141.59', revision: 'e82be7d358', time: '2018-11-14T08:25:53'
System info: host: 'DESKTOP-B2QI6NS', ip: '192.168.1.87', os.name: 'Windows 10', os.arch: 'amd64', os.version: '10.0', java.version: '1.8.0_181'
Driver info: com.kms.katalon.selenium.driver.CChromeDriver
Capabilities {acceptInsecureCerts: true, browserName: chrome, browserVersion: 103.0.5060.66, chrome: {chromedriverVersion: 103.0.5060.53 (a1711811edd7..., userDataDir: C:\Users\imtiaz\AppData\Loc...}, goog:chromeOptions: {debuggerAddress: localhost:55017}, javascriptEnabled: true, networkConnectionEnabled: false, pageLoadStrategy: normal, platform: WINDOWS, platformName: WINDOWS, proxy: Proxy(), setWindowRect: true, strictFileInteractability: false, timeouts: {implicit: 0, pageLoad: 300000, script: 30000}, unhandledPromptBehavior: dismiss and notify, webauthn:extension:credBlob: true, webauthn:extension:largeBlob: true, webauthn:virtualAuthenticators: true}
Session ID: efa2b9eb7928154ba23a0472bf5e7ff5
*** Element info: {Using=tag name, value=body}
	at org.openqa.selenium.remote.http.W3CHttpResponseCodec.createException(W3CHttpResponseCodec.java:187)
	at org.openqa.selenium.remote.http.W3CHttpResponseCodec.decode(W3CHttpResponseCodec.java:122)
	at org.openqa.selenium.remote.http.W3CHttpResponseCodec.decode(W3CHttpResponseCodec.java:49)
	at org.openqa.selenium.remote.HttpCommandExecutor.execute(HttpCommandExecutor.java:158)
	at org.openqa.selenium.remote.service.DriverCommandExecutor.execute(DriverCommandExecutor.java:83)
	at org.openqa.selenium.remote.RemoteWebDriver.execute(RemoteWebDriver.java:552)
	at com.kms.katalon.selenium.driver.CChromeDriver.execute(CChromeDriver.java:19)
	at org.openqa.selenium.remote.RemoteWebDriver.findElement(RemoteWebDriver.java:323)
	at org.openqa.selenium.remote.RemoteWebDriver.findElementByTagName(RemoteWebDriver.java:396)
	at org.openqa.selenium.By$ByTagName.findElement(By.java:320)
	at org.openqa.selenium.remote.RemoteWebDriver.findElement(RemoteWebDriver.java:315)
	at org.openqa.selenium.support.events.EventFiringWebDriver.lambda$new$1(EventFiringWebDriver.java:105)
	at com.sun.proxy.$Proxy10.findElement(Unknown Source)
	at org.openqa.selenium.support.events.EventFiringWebDriver.findElement(EventFiringWebDriver.java:194)
	at com.kms.katalon.core.webui.common.WebUiCommonHelper.isTextPresent(WebUiCommonHelper.java:86)
	at com.kms.katalon.core.webui.keyword.builtin.VerifyTextPresentKeyword$_verifyTextPresent_closure1.doCall(VerifyTextPresentKeyword.groovy:75)
	at com.kms.katalon.core.webui.keyword.builtin.VerifyTextPresentKeyword$_verifyTextPresent_closure1.call(VerifyTextPresentKeyword.groovy)
	at com.kms.katalon.core.webui.keyword.internal.WebUIKeywordMain.runKeyword(WebUIKeywordMain.groovy:20)
	at com.kms.katalon.core.webui.keyword.builtin.VerifyTextPresentKeyword.verifyTextPresent(VerifyTextPresentKeyword.groovy:83)
	at com.kms.katalon.core.webui.keyword.builtin.VerifyTextPresentKeyword.execute(VerifyTextPresentKeyword.groovy:68)
	at com.kms.katalon.core.keyword.internal.KeywordExecutor.executeKeywordForPlatform(KeywordExecutor.groovy:74)
	at com.kms.katalon.core.webui.keyword.WebUiBuiltInKeywords.verifyTextPresent(WebUiBuiltInKeywords.groovy:1723)
	at com.kms.katalon.core.webui.keyword.WebUiBuiltInKeywords$verifyTextPresent$4.call(Unknown Source)
	at Script1652205847657.run(Script1652205847657.groovy:134)
	... 13 more
)

2022-06-30 22:16:40 - [TEST_STEP][FAILED] - verifyElementVisible(findTestObject("Object Repository/AdminSuiteBootstrap_Pages/VT_Bootstrap/Receipt/button_Continue")): Unable to verify object 'Object Repository/AdminSuiteBootstrap_Pages/VT_Bootstrap/Receipt/button_Continue' is visible (Root cause: com.kms.katalon.core.exception.StepFailedException: Unable to verify object 'Object Repository/AdminSuiteBootstrap_Pages/VT_Bootstrap/Receipt/button_Continue' is visible
	at com.kms.katalon.core.webui.keyword.internal.WebUIKeywordMain.stepFailed(WebUIKeywordMain.groovy:64)
	at com.kms.katalon.core.webui.keyword.internal.WebUIKeywordMain.runKeyword(WebUIKeywordMain.groovy:26)
	at com.kms.katalon.core.webui.keyword.builtin.VerifyElementVisibleKeyword.verifyElementVisible(VerifyElementVisibleKeyword.groovy:97)
	at com.kms.katalon.core.webui.keyword.builtin.VerifyElementVisibleKeyword.execute(VerifyElementVisibleKeyword.groovy:67)
	at com.kms.katalon.core.keyword.internal.KeywordExecutor.executeKeywordForPlatform(KeywordExecutor.groovy:74)
	at com.kms.katalon.core.webui.keyword.WebUiBuiltInKeywords.verifyElementVisible(WebUiBuiltInKeywords.groovy:376)
	at com.kms.katalon.core.webui.keyword.WebUiBuiltInKeywords$verifyElementVisible$7.call(Unknown Source)
	at Sale_TP_AllCF_Generic_Payment_TC.run(Sale_TP_AllCF_Generic_Payment_TC:136)
	at com.kms.katalon.core.main.ScriptEngine.run(ScriptEngine.java:194)
	at com.kms.katalon.core.main.ScriptEngine.runScriptAsRawText(ScriptEngine.java:119)
	at com.kms.katalon.core.main.TestCaseExecutor.runScript(TestCaseExecutor.java:442)
	at com.kms.katalon.core.main.TestCaseExecutor.doExecute(TestCaseExecutor.java:433)
	at com.kms.katalon.core.main.TestCaseExecutor.processExecutionPhase(TestCaseExecutor.java:412)
	at com.kms.katalon.core.main.TestCaseExecutor.accessMainPhase(TestCaseExecutor.java:404)
	at com.kms.katalon.core.main.TestCaseExecutor.execute(TestCaseExecutor.java:281)
	at com.kms.katalon.core.main.TestSuiteExecutor.accessTestCaseMainPhase(TestSuiteExecutor.java:202)
	at com.kms.katalon.core.main.TestSuiteExecutor.accessTestSuiteMainPhase(TestSuiteExecutor.java:164)
	at com.kms.katalon.core.main.TestSuiteExecutor.execute(TestSuiteExecutor.java:105)
	at com.kms.katalon.core.main.TestCaseMain.startTestSuite(TestCaseMain.java:185)
	at com.kms.katalon.core.main.TestCaseMain$startTestSuite$0.call(Unknown Source)
	at TempTestSuite1656640997204.run(TempTestSuite1656640997204.groovy:36)
Caused by: org.openqa.selenium.WebDriverException: chrome not reachable
  (Session info: chrome=103.0.5060.66)
Build info: version: '3.141.59', revision: 'e82be7d358', time: '2018-11-14T08:25:53'
System info: host: 'DESKTOP-B2QI6NS', ip: '192.168.1.87', os.name: 'Windows 10', os.arch: 'amd64', os.version: '10.0', java.version: '1.8.0_181'
Driver info: com.kms.katalon.selenium.driver.CChromeDriver
Capabilities {acceptInsecureCerts: true, browserName: chrome, browserVersion: 103.0.5060.66, chrome: {chromedriverVersion: 103.0.5060.53 (a1711811edd7..., userDataDir: C:\Users\imtiaz\AppData\Loc...}, goog:chromeOptions: {debuggerAddress: localhost:55017}, javascriptEnabled: true, networkConnectionEnabled: false, pageLoadStrategy: normal, platform: WINDOWS, platformName: WINDOWS, proxy: Proxy(), setWindowRect: true, strictFileInteractability: false, timeouts: {implicit: 0, pageLoad: 300000, script: 30000}, unhandledPromptBehavior: dismiss and notify, webauthn:extension:credBlob: true, webauthn:extension:largeBlob: true, webauthn:virtualAuthenticators: true}
Session ID: efa2b9eb7928154ba23a0472bf5e7ff5
*** Element info: {Using=xpath, value=//*[@type = 'button' and (text() = 'Continue' or . = 'Continue')]}
	at org.openqa.selenium.remote.http.W3CHttpResponseCodec.createException(W3CHttpResponseCodec.java:187)
	at org.openqa.selenium.remote.http.W3CHttpResponseCodec.decode(W3CHttpResponseCodec.java:122)
	at org.openqa.selenium.remote.http.W3CHttpResponseCodec.decode(W3CHttpResponseCodec.java:49)
	at org.openqa.selenium.remote.HttpCommandExecutor.execute(HttpCommandExecutor.java:158)
	at org.openqa.selenium.remote.service.DriverCommandExecutor.execute(DriverCommandExecutor.java:83)
	at org.openqa.selenium.remote.RemoteWebDriver.execute(RemoteWebDriver.java:552)
	at com.kms.katalon.selenium.driver.CChromeDriver.execute(CChromeDriver.java:19)
	at org.openqa.selenium.remote.RemoteWebDriver.findElements(RemoteWebDriver.java:353)
	at org.openqa.selenium.remote.RemoteWebDriver.findElementsByXPath(RemoteWebDriver.java:432)
	at org.openqa.selenium.By$ByXPath.findElements(By.java:348)
	at org.openqa.selenium.remote.RemoteWebDriver.findElements(RemoteWebDriver.java:311)
	at org.openqa.selenium.support.events.EventFiringWebDriver.lambda$new$1(EventFiringWebDriver.java:105)
	at com.sun.proxy.$Proxy10.findElements(Unknown Source)
	at org.openqa.selenium.support.events.EventFiringWebDriver.findElements(EventFiringWebDriver.java:182)
	at com.kms.katalon.core.webui.common.WebUiCommonHelper.findElementByNormalMethods(WebUiCommonHelper.java:1016)
	at com.kms.katalon.core.webui.common.WebUiCommonHelper.findElementsBySelectedMethod(WebUiCommonHelper.java:905)
	at com.kms.katalon.core.webui.common.WebUiCommonHelper.findElementsBySelectedMethod(WebUiCommonHelper.java:894)
	at com.kms.katalon.core.webui.common.WebUiCommonHelper.findElementsBySelectedMethod(WebUiCommonHelper.java:889)
	at com.kms.katalon.core.webui.common.WebUiCommonHelper.findElementsByDefault(WebUiCommonHelper.java:885)
	at com.kms.katalon.core.webui.common.WebUiCommonHelper.findWebElements(WebUiCommonHelper.java:720)
	at com.kms.katalon.core.webui.common.WebUiCommonHelper.findWebElement(WebUiCommonHelper.java:1365)
	at com.kms.katalon.core.webui.keyword.internal.WebUIAbstractKeyword.findWebElement(WebUIAbstractKeyword.groovy:27)
	at com.kms.katalon.core.webui.keyword.builtin.VerifyElementVisibleKeyword$_verifyElementVisible_closure1.doCall(VerifyElementVisibleKeyword.groovy:78)
	at com.kms.katalon.core.webui.keyword.builtin.VerifyElementVisibleKeyword$_verifyElementVisible_closure1.call(VerifyElementVisibleKeyword.groovy)
	at com.kms.katalon.core.webui.keyword.internal.WebUIKeywordMain.runKeyword(WebUIKeywordMain.groovy:20)
	at com.kms.katalon.core.webui.keyword.builtin.VerifyElementVisibleKeyword.verifyElementVisible(VerifyElementVisibleKeyword.groovy:97)
	at com.kms.katalon.core.webui.keyword.builtin.VerifyElementVisibleKeyword.execute(VerifyElementVisibleKeyword.groovy:67)
	at com.kms.katalon.core.keyword.internal.KeywordExecutor.executeKeywordForPlatform(KeywordExecutor.groovy:74)
	at com.kms.katalon.core.webui.keyword.WebUiBuiltInKeywords.verifyElementVisible(WebUiBuiltInKeywords.groovy:376)
	at com.kms.katalon.core.webui.keyword.WebUiBuiltInKeywords$verifyElementVisible$7.call(Unknown Source)
	at Script1652205847657.run(Script1652205847657.groovy:136)
	... 13 more
)

2022-06-30 22:16:52 - [MESSAGE][WARNING] - Cannot take screenshot

2022-06-30 22:16:52 - [MESSAGE][FAILED] - Unable to verify object 'Object Repository/AdminSuiteBootstrap_Pages/VT_Bootstrap/Receipt/button_Continue' is visible (Root cause: com.kms.katalon.core.exception.StepFailedException: Unable to verify object 'Object Repository/AdminSuiteBootstrap_Pages/VT_Bootstrap/Receipt/button_Continue' is visible
	at com.kms.katalon.core.webui.keyword.internal.WebUIKeywordMain.stepFailed(WebUIKeywordMain.groovy:64)
	at com.kms.katalon.core.webui.keyword.internal.WebUIKeywordMain.runKeyword(WebUIKeywordMain.groovy:26)
	at com.kms.katalon.core.webui.keyword.builtin.VerifyElementVisibleKeyword.verifyElementVisible(VerifyElementVisibleKeyword.groovy:97)
	at com.kms.katalon.core.webui.keyword.builtin.VerifyElementVisibleKeyword.execute(VerifyElementVisibleKeyword.groovy:67)
	at com.kms.katalon.core.keyword.internal.KeywordExecutor.executeKeywordForPlatform(KeywordExecutor.groovy:74)
	at com.kms.katalon.core.webui.keyword.WebUiBuiltInKeywords.verifyElementVisible(WebUiBuiltInKeywords.groovy:376)
	at com.kms.katalon.core.webui.keyword.WebUiBuiltInKeywords$verifyElementVisible$7.call(Unknown Source)
	at Sale_TP_AllCF_Generic_Payment_TC.run(Sale_TP_AllCF_Generic_Payment_TC:136)
	at com.kms.katalon.core.main.ScriptEngine.run(ScriptEngine.java:194)
	at com.kms.katalon.core.main.ScriptEngine.runScriptAsRawText(ScriptEngine.java:119)
	at com.kms.katalon.core.main.TestCaseExecutor.runScript(TestCaseExecutor.java:442)
	at com.kms.katalon.core.main.TestCaseExecutor.doExecute(TestCaseExecutor.java:433)
	at com.kms.katalon.core.main.TestCaseExecutor.processExecutionPhase(TestCaseExecutor.java:412)
	at com.kms.katalon.core.main.TestCaseExecutor.accessMainPhase(TestCaseExecutor.java:404)
	at com.kms.katalon.core.main.TestCaseExecutor.execute(TestCaseExecutor.java:281)
	at com.kms.katalon.core.main.TestSuiteExecutor.accessTestCaseMainPhase(TestSuiteExecutor.java:202)
	at com.kms.katalon.core.main.TestSuiteExecutor.accessTestSuiteMainPhase(TestSuiteExecutor.java:164)
	at com.kms.katalon.core.main.TestSuiteExecutor.execute(TestSuiteExecutor.java:105)
	at com.kms.katalon.core.main.TestCaseMain.startTestSuite(TestCaseMain.java:185)
	at com.kms.katalon.core.main.TestCaseMain$startTestSuite$0.call(Unknown Source)
	at TempTestSuite1656640997204.run(TempTestSuite1656640997204.groovy:36)
Caused by: org.openqa.selenium.WebDriverException: chrome not reachable
  (Session info: chrome=103.0.5060.66)
Build info: version: '3.141.59', revision: 'e82be7d358', time: '2018-11-14T08:25:53'
System info: host: 'DESKTOP-B2QI6NS', ip: '192.168.1.87', os.name: 'Windows 10', os.arch: 'amd64', os.version: '10.0', java.version: '1.8.0_181'
Driver info: com.kms.katalon.selenium.driver.CChromeDriver
Capabilities {acceptInsecureCerts: true, browserName: chrome, browserVersion: 103.0.5060.66, chrome: {chromedriverVersion: 103.0.5060.53 (a1711811edd7..., userDataDir: C:\Users\imtiaz\AppData\Loc...}, goog:chromeOptions: {debuggerAddress: localhost:55017}, javascriptEnabled: true, networkConnectionEnabled: false, pageLoadStrategy: normal, platform: WINDOWS, platformName: WINDOWS, proxy: Proxy(), setWindowRect: true, strictFileInteractability: false, timeouts: {implicit: 0, pageLoad: 300000, script: 30000}, unhandledPromptBehavior: dismiss and notify, webauthn:extension:credBlob: true, webauthn:extension:largeBlob: true, webauthn:virtualAuthenticators: true}
Session ID: efa2b9eb7928154ba23a0472bf5e7ff5
*** Element info: {Using=xpath, value=//*[@type = 'button' and (text() = 'Continue' or . = 'Continue')]}
	at org.openqa.selenium.remote.http.W3CHttpResponseCodec.createException(W3CHttpResponseCodec.java:187)
	at org.openqa.selenium.remote.http.W3CHttpResponseCodec.decode(W3CHttpResponseCodec.java:122)
	at org.openqa.selenium.remote.http.W3CHttpResponseCodec.decode(W3CHttpResponseCodec.java:49)
	at org.openqa.selenium.remote.HttpCommandExecutor.execute(HttpCommandExecutor.java:158)
	at org.openqa.selenium.remote.service.DriverCommandExecutor.execute(DriverCommandExecutor.java:83)
	at org.openqa.selenium.remote.RemoteWebDriver.execute(RemoteWebDriver.java:552)
	at com.kms.katalon.selenium.driver.CChromeDriver.execute(CChromeDriver.java:19)
	at org.openqa.selenium.remote.RemoteWebDriver.findElements(RemoteWebDriver.java:353)
	at org.openqa.selenium.remote.RemoteWebDriver.findElementsByXPath(RemoteWebDriver.java:432)
	at org.openqa.selenium.By$ByXPath.findElements(By.java:348)
	at org.openqa.selenium.remote.RemoteWebDriver.findElements(RemoteWebDriver.java:311)
	at org.openqa.selenium.support.events.EventFiringWebDriver.lambda$new$1(EventFiringWebDriver.java:105)
	at com.sun.proxy.$Proxy10.findElements(Unknown Source)
	at org.openqa.selenium.support.events.EventFiringWebDriver.findElements(EventFiringWebDriver.java:182)
	at com.kms.katalon.core.webui.common.WebUiCommonHelper.findElementByNormalMethods(WebUiCommonHelper.java:1016)
	at com.kms.katalon.core.webui.common.WebUiCommonHelper.findElementsBySelectedMethod(WebUiCommonHelper.java:905)
	at com.kms.katalon.core.webui.common.WebUiCommonHelper.findElementsBySelectedMethod(WebUiCommonHelper.java:894)
	at com.kms.katalon.core.webui.common.WebUiCommonHelper.findElementsBySelectedMethod(WebUiCommonHelper.java:889)
	at com.kms.katalon.core.webui.common.WebUiCommonHelper.findElementsByDefault(WebUiCommonHelper.java:885)
	at com.kms.katalon.core.webui.common.WebUiCommonHelper.findWebElements(WebUiCommonHelper.java:720)
	at com.kms.katalon.core.webui.common.WebUiCommonHelper.findWebElement(WebUiCommonHelper.java:1365)
	at com.kms.katalon.core.webui.keyword.internal.WebUIAbstractKeyword.findWebElement(WebUIAbstractKeyword.groovy:27)
	at com.kms.katalon.core.webui.keyword.builtin.VerifyElementVisibleKeyword$_verifyElementVisible_closure1.doCall(VerifyElementVisibleKeyword.groovy:78)
	at com.kms.katalon.core.webui.keyword.builtin.VerifyElementVisibleKeyword$_verifyElementVisible_closure1.call(VerifyElementVisibleKeyword.groovy)
	at com.kms.katalon.core.webui.keyword.internal.WebUIKeywordMain.runKeyword(WebUIKeywordMain.groovy:20)
	at com.kms.katalon.core.webui.keyword.builtin.VerifyElementVisibleKeyword.verifyElementVisible(VerifyElementVisibleKeyword.groovy:97)
	at com.kms.katalon.core.webui.keyword.builtin.VerifyElementVisibleKeyword.execute(VerifyElementVisibleKeyword.groovy:67)
	at com.kms.katalon.core.keyword.internal.KeywordExecutor.executeKeywordForPlatform(KeywordExecutor.groovy:74)
	at com.kms.katalon.core.webui.keyword.WebUiBuiltInKeywords.verifyElementVisible(WebUiBuiltInKeywords.groovy:376)
	at com.kms.katalon.core.webui.keyword.WebUiBuiltInKeywords$verifyElementVisible$7.call(Unknown Source)
	at Script1652205847657.run(Script1652205847657.groovy:136)
	... 13 more
)

2022-06-30 22:16:52 - [TEST_STEP][FAILED] - verifyElementPresent(findTestObject("Object Repository/AdminSuiteBootstrap_Pages/VT_Bootstrap/Receipt/button_Continue"), 20): Unable to verify object 'Object Repository/AdminSuiteBootstrap_Pages/VT_Bootstrap/Receipt/button_Continue' is present (Root cause: com.kms.katalon.core.exception.StepFailedException: Unable to verify object 'Object Repository/AdminSuiteBootstrap_Pages/VT_Bootstrap/Receipt/button_Continue' is present
	at com.kms.katalon.core.webui.keyword.internal.WebUIKeywordMain.stepFailed(WebUIKeywordMain.groovy:64)
	at com.kms.katalon.core.webui.keyword.internal.WebUIKeywordMain.runKeyword(WebUIKeywordMain.groovy:26)
	at com.kms.katalon.core.webui.keyword.builtin.VerifyElementPresentKeyword.verifyElementPresent(VerifyElementPresentKeyword.groovy:92)
	at com.kms.katalon.core.webui.keyword.builtin.VerifyElementPresentKeyword.execute(VerifyElementPresentKeyword.groovy:68)
	at com.kms.katalon.core.keyword.internal.KeywordExecutor.executeKeywordForPlatform(KeywordExecutor.groovy:74)
	at com.kms.katalon.core.webui.keyword.WebUiBuiltInKeywords.verifyElementPresent(WebUiBuiltInKeywords.groovy:1464)
	at com.kms.katalon.core.webui.keyword.WebUiBuiltInKeywords$verifyElementPresent$1.call(Unknown Source)
	at Sale_TP_AllCF_Generic_Payment_TC.run(Sale_TP_AllCF_Generic_Payment_TC:137)
	at com.kms.katalon.core.main.ScriptEngine.run(ScriptEngine.java:194)
	at com.kms.katalon.core.main.ScriptEngine.runScriptAsRawText(ScriptEngine.java:119)
	at com.kms.katalon.core.main.TestCaseExecutor.runScript(TestCaseExecutor.java:442)
	at com.kms.katalon.core.main.TestCaseExecutor.doExecute(TestCaseExecutor.java:433)
	at com.kms.katalon.core.main.TestCaseExecutor.processExecutionPhase(TestCaseExecutor.java:412)
	at com.kms.katalon.core.main.TestCaseExecutor.accessMainPhase(TestCaseExecutor.java:404)
	at com.kms.katalon.core.main.TestCaseExecutor.execute(TestCaseExecutor.java:281)
	at com.kms.katalon.core.main.TestSuiteExecutor.accessTestCaseMainPhase(TestSuiteExecutor.java:202)
	at com.kms.katalon.core.main.TestSuiteExecutor.accessTestSuiteMainPhase(TestSuiteExecutor.java:164)
	at com.kms.katalon.core.main.TestSuiteExecutor.execute(TestSuiteExecutor.java:105)
	at com.kms.katalon.core.main.TestCaseMain.startTestSuite(TestCaseMain.java:185)
	at com.kms.katalon.core.main.TestCaseMain$startTestSuite$0.call(Unknown Source)
	at TempTestSuite1656640997204.run(TempTestSuite1656640997204.groovy:36)
Caused by: org.openqa.selenium.WebDriverException: chrome not reachable
  (Session info: chrome=103.0.5060.66)
Build info: version: '3.141.59', revision: 'e82be7d358', time: '2018-11-14T08:25:53'
System info: host: 'DESKTOP-B2QI6NS', ip: '192.168.1.87', os.name: 'Windows 10', os.arch: 'amd64', os.version: '10.0', java.version: '1.8.0_181'
Driver info: com.kms.katalon.selenium.driver.CChromeDriver
Capabilities {acceptInsecureCerts: true, browserName: chrome, browserVersion: 103.0.5060.66, chrome: {chromedriverVersion: 103.0.5060.53 (a1711811edd7..., userDataDir: C:\Users\imtiaz\AppData\Loc...}, goog:chromeOptions: {debuggerAddress: localhost:55017}, javascriptEnabled: true, networkConnectionEnabled: false, pageLoadStrategy: normal, platform: WINDOWS, platformName: WINDOWS, proxy: Proxy(), setWindowRect: true, strictFileInteractability: false, timeouts: {implicit: 0, pageLoad: 300000, script: 30000}, unhandledPromptBehavior: dismiss and notify, webauthn:extension:credBlob: true, webauthn:extension:largeBlob: true, webauthn:virtualAuthenticators: true}
Session ID: efa2b9eb7928154ba23a0472bf5e7ff5
*** Element info: {Using=xpath, value=//*[@type = 'button' and (text() = 'Continue' or . = 'Continue')]}
	at org.openqa.selenium.remote.http.W3CHttpResponseCodec.createException(W3CHttpResponseCodec.java:187)
	at org.openqa.selenium.remote.http.W3CHttpResponseCodec.decode(W3CHttpResponseCodec.java:122)
	at org.openqa.selenium.remote.http.W3CHttpResponseCodec.decode(W3CHttpResponseCodec.java:49)
	at org.openqa.selenium.remote.HttpCommandExecutor.execute(HttpCommandExecutor.java:158)
	at org.openqa.selenium.remote.service.DriverCommandExecutor.execute(DriverCommandExecutor.java:83)
	at org.openqa.selenium.remote.RemoteWebDriver.execute(RemoteWebDriver.java:552)
	at com.kms.katalon.selenium.driver.CChromeDriver.execute(CChromeDriver.java:19)
	at org.openqa.selenium.remote.RemoteWebDriver.findElements(RemoteWebDriver.java:353)
	at org.openqa.selenium.remote.RemoteWebDriver.findElementsByXPath(RemoteWebDriver.java:432)
	at org.openqa.selenium.By$ByXPath.findElements(By.java:348)
	at org.openqa.selenium.remote.RemoteWebDriver.findElements(RemoteWebDriver.java:311)
	at org.openqa.selenium.support.events.EventFiringWebDriver.lambda$new$1(EventFiringWebDriver.java:105)
	at com.sun.proxy.$Proxy10.findElements(Unknown Source)
	at org.openqa.selenium.support.events.EventFiringWebDriver.findElements(EventFiringWebDriver.java:182)
	at com.kms.katalon.core.webui.common.WebUiCommonHelper.findElementByNormalMethods(WebUiCommonHelper.java:1016)
	at com.kms.katalon.core.webui.common.WebUiCommonHelper.findElementsBySelectedMethod(WebUiCommonHelper.java:905)
	at com.kms.katalon.core.webui.common.WebUiCommonHelper.findElementsBySelectedMethod(WebUiCommonHelper.java:894)
	at com.kms.katalon.core.webui.common.WebUiCommonHelper.findElementsBySelectedMethod(WebUiCommonHelper.java:889)
	at com.kms.katalon.core.webui.common.WebUiCommonHelper.findElementsByDefault(WebUiCommonHelper.java:885)
	at com.kms.katalon.core.webui.common.WebUiCommonHelper.findWebElements(WebUiCommonHelper.java:720)
	at com.kms.katalon.core.webui.common.WebUiCommonHelper.findWebElement(WebUiCommonHelper.java:1365)
	at com.kms.katalon.core.webui.keyword.internal.WebUIAbstractKeyword.findWebElement(WebUIAbstractKeyword.groovy:27)
	at com.kms.katalon.core.webui.keyword.builtin.VerifyElementPresentKeyword$_verifyElementPresent_closure1.doCall(VerifyElementPresentKeyword.groovy:79)
	at com.kms.katalon.core.webui.keyword.builtin.VerifyElementPresentKeyword$_verifyElementPresent_closure1.call(VerifyElementPresentKeyword.groovy)
	at com.kms.katalon.core.webui.keyword.internal.WebUIKeywordMain.runKeyword(WebUIKeywordMain.groovy:20)
	at com.kms.katalon.core.webui.keyword.builtin.VerifyElementPresentKeyword.verifyElementPresent(VerifyElementPresentKeyword.groovy:92)
	at com.kms.katalon.core.webui.keyword.builtin.VerifyElementPresentKeyword.execute(VerifyElementPresentKeyword.groovy:68)
	at com.kms.katalon.core.keyword.internal.KeywordExecutor.executeKeywordForPlatform(KeywordExecutor.groovy:74)
	at com.kms.katalon.core.webui.keyword.WebUiBuiltInKeywords.verifyElementPresent(WebUiBuiltInKeywords.groovy:1464)
	at com.kms.katalon.core.webui.keyword.WebUiBuiltInKeywords$verifyElementPresent$1.call(Unknown Source)
	at Script1652205847657.run(Script1652205847657.groovy:137)
	... 13 more
)

2022-06-30 22:17:04 - [MESSAGE][WARNING] - Cannot take screenshot

2022-06-30 22:17:04 - [MESSAGE][FAILED] - Unable to verify object 'Object Repository/AdminSuiteBootstrap_Pages/VT_Bootstrap/Receipt/button_Continue' is present (Root cause: com.kms.katalon.core.exception.StepFailedException: Unable to verify object 'Object Repository/AdminSuiteBootstrap_Pages/VT_Bootstrap/Receipt/button_Continue' is present
	at com.kms.katalon.core.webui.keyword.internal.WebUIKeywordMain.stepFailed(WebUIKeywordMain.groovy:64)
	at com.kms.katalon.core.webui.keyword.internal.WebUIKeywordMain.runKeyword(WebUIKeywordMain.groovy:26)
	at com.kms.katalon.core.webui.keyword.builtin.VerifyElementPresentKeyword.verifyElementPresent(VerifyElementPresentKeyword.groovy:92)
	at com.kms.katalon.core.webui.keyword.builtin.VerifyElementPresentKeyword.execute(VerifyElementPresentKeyword.groovy:68)
	at com.kms.katalon.core.keyword.internal.KeywordExecutor.executeKeywordForPlatform(KeywordExecutor.groovy:74)
	at com.kms.katalon.core.webui.keyword.WebUiBuiltInKeywords.verifyElementPresent(WebUiBuiltInKeywords.groovy:1464)
	at com.kms.katalon.core.webui.keyword.WebUiBuiltInKeywords$verifyElementPresent$1.call(Unknown Source)
	at Sale_TP_AllCF_Generic_Payment_TC.run(Sale_TP_AllCF_Generic_Payment_TC:137)
	at com.kms.katalon.core.main.ScriptEngine.run(ScriptEngine.java:194)
	at com.kms.katalon.core.main.ScriptEngine.runScriptAsRawText(ScriptEngine.java:119)
	at com.kms.katalon.core.main.TestCaseExecutor.runScript(TestCaseExecutor.java:442)
	at com.kms.katalon.core.main.TestCaseExecutor.doExecute(TestCaseExecutor.java:433)
	at com.kms.katalon.core.main.TestCaseExecutor.processExecutionPhase(TestCaseExecutor.java:412)
	at com.kms.katalon.core.main.TestCaseExecutor.accessMainPhase(TestCaseExecutor.java:404)
	at com.kms.katalon.core.main.TestCaseExecutor.execute(TestCaseExecutor.java:281)
	at com.kms.katalon.core.main.TestSuiteExecutor.accessTestCaseMainPhase(TestSuiteExecutor.java:202)
	at com.kms.katalon.core.main.TestSuiteExecutor.accessTestSuiteMainPhase(TestSuiteExecutor.java:164)
	at com.kms.katalon.core.main.TestSuiteExecutor.execute(TestSuiteExecutor.java:105)
	at com.kms.katalon.core.main.TestCaseMain.startTestSuite(TestCaseMain.java:185)
	at com.kms.katalon.core.main.TestCaseMain$startTestSuite$0.call(Unknown Source)
	at TempTestSuite1656640997204.run(TempTestSuite1656640997204.groovy:36)
Caused by: org.openqa.selenium.WebDriverException: chrome not reachable
  (Session info: chrome=103.0.5060.66)
Build info: version: '3.141.59', revision: 'e82be7d358', time: '2018-11-14T08:25:53'
System info: host: 'DESKTOP-B2QI6NS', ip: '192.168.1.87', os.name: 'Windows 10', os.arch: 'amd64', os.version: '10.0', java.version: '1.8.0_181'
Driver info: com.kms.katalon.selenium.driver.CChromeDriver
Capabilities {acceptInsecureCerts: true, browserName: chrome, browserVersion: 103.0.5060.66, chrome: {chromedriverVersion: 103.0.5060.53 (a1711811edd7..., userDataDir: C:\Users\imtiaz\AppData\Loc...}, goog:chromeOptions: {debuggerAddress: localhost:55017}, javascriptEnabled: true, networkConnectionEnabled: false, pageLoadStrategy: normal, platform: WINDOWS, platformName: WINDOWS, proxy: Proxy(), setWindowRect: true, strictFileInteractability: false, timeouts: {implicit: 0, pageLoad: 300000, script: 30000}, unhandledPromptBehavior: dismiss and notify, webauthn:extension:credBlob: true, webauthn:extension:largeBlob: true, webauthn:virtualAuthenticators: true}
Session ID: efa2b9eb7928154ba23a0472bf5e7ff5
*** Element info: {Using=xpath, value=//*[@type = 'button' and (text() = 'Continue' or . = 'Continue')]}
	at org.openqa.selenium.remote.http.W3CHttpResponseCodec.createException(W3CHttpResponseCodec.java:187)
	at org.openqa.selenium.remote.http.W3CHttpResponseCodec.decode(W3CHttpResponseCodec.java:122)
	at org.openqa.selenium.remote.http.W3CHttpResponseCodec.decode(W3CHttpResponseCodec.java:49)
	at org.openqa.selenium.remote.HttpCommandExecutor.execute(HttpCommandExecutor.java:158)
	at org.openqa.selenium.remote.service.DriverCommandExecutor.execute(DriverCommandExecutor.java:83)
	at org.openqa.selenium.remote.RemoteWebDriver.execute(RemoteWebDriver.java:552)
	at com.kms.katalon.selenium.driver.CChromeDriver.execute(CChromeDriver.java:19)
	at org.openqa.selenium.remote.RemoteWebDriver.findElements(RemoteWebDriver.java:353)
	at org.openqa.selenium.remote.RemoteWebDriver.findElementsByXPath(RemoteWebDriver.java:432)
	at org.openqa.selenium.By$ByXPath.findElements(By.java:348)
	at org.openqa.selenium.remote.RemoteWebDriver.findElements(RemoteWebDriver.java:311)
	at org.openqa.selenium.support.events.EventFiringWebDriver.lambda$new$1(EventFiringWebDriver.java:105)
	at com.sun.proxy.$Proxy10.findElements(Unknown Source)
	at org.openqa.selenium.support.events.EventFiringWebDriver.findElements(EventFiringWebDriver.java:182)
	at com.kms.katalon.core.webui.common.WebUiCommonHelper.findElementByNormalMethods(WebUiCommonHelper.java:1016)
	at com.kms.katalon.core.webui.common.WebUiCommonHelper.findElementsBySelectedMethod(WebUiCommonHelper.java:905)
	at com.kms.katalon.core.webui.common.WebUiCommonHelper.findElementsBySelectedMethod(WebUiCommonHelper.java:894)
	at com.kms.katalon.core.webui.common.WebUiCommonHelper.findElementsBySelectedMethod(WebUiCommonHelper.java:889)
	at com.kms.katalon.core.webui.common.WebUiCommonHelper.findElementsByDefault(WebUiCommonHelper.java:885)
	at com.kms.katalon.core.webui.common.WebUiCommonHelper.findWebElements(WebUiCommonHelper.java:720)
	at com.kms.katalon.core.webui.common.WebUiCommonHelper.findWebElement(WebUiCommonHelper.java:1365)
	at com.kms.katalon.core.webui.keyword.internal.WebUIAbstractKeyword.findWebElement(WebUIAbstractKeyword.groovy:27)
	at com.kms.katalon.core.webui.keyword.builtin.VerifyElementPresentKeyword$_verifyElementPresent_closure1.doCall(VerifyElementPresentKeyword.groovy:79)
	at com.kms.katalon.core.webui.keyword.builtin.VerifyElementPresentKeyword$_verifyElementPresent_closure1.call(VerifyElementPresentKeyword.groovy)
	at com.kms.katalon.core.webui.keyword.internal.WebUIKeywordMain.runKeyword(WebUIKeywordMain.groovy:20)
	at com.kms.katalon.core.webui.keyword.builtin.VerifyElementPresentKeyword.verifyElementPresent(VerifyElementPresentKeyword.groovy:92)
	at com.kms.katalon.core.webui.keyword.builtin.VerifyElementPresentKeyword.execute(VerifyElementPresentKeyword.groovy:68)
	at com.kms.katalon.core.keyword.internal.KeywordExecutor.executeKeywordForPlatform(KeywordExecutor.groovy:74)
	at com.kms.katalon.core.webui.keyword.WebUiBuiltInKeywords.verifyElementPresent(WebUiBuiltInKeywords.groovy:1464)
	at com.kms.katalon.core.webui.keyword.WebUiBuiltInKeywords$verifyElementPresent$1.call(Unknown Source)
	at Script1652205847657.run(Script1652205847657.groovy:137)
	... 13 more
)

2022-06-30 22:17:04 - [TEST_STEP][FAILED] - verifyElementVisible(findTestObject("Object Repository/AdminSuiteBootstrap_Pages/VT_Bootstrap/Receipt/button_Print")): Unable to verify object 'Object Repository/AdminSuiteBootstrap_Pages/VT_Bootstrap/Receipt/button_Print' is visible (Root cause: com.kms.katalon.core.exception.StepFailedException: Unable to verify object 'Object Repository/AdminSuiteBootstrap_Pages/VT_Bootstrap/Receipt/button_Print' is visible
	at com.kms.katalon.core.webui.keyword.internal.WebUIKeywordMain.stepFailed(WebUIKeywordMain.groovy:64)
	at com.kms.katalon.core.webui.keyword.internal.WebUIKeywordMain.runKeyword(WebUIKeywordMain.groovy:26)
	at com.kms.katalon.core.webui.keyword.builtin.VerifyElementVisibleKeyword.verifyElementVisible(VerifyElementVisibleKeyword.groovy:97)
	at com.kms.katalon.core.webui.keyword.builtin.VerifyElementVisibleKeyword.execute(VerifyElementVisibleKeyword.groovy:67)
	at com.kms.katalon.core.keyword.internal.KeywordExecutor.executeKeywordForPlatform(KeywordExecutor.groovy:74)
	at com.kms.katalon.core.webui.keyword.WebUiBuiltInKeywords.verifyElementVisible(WebUiBuiltInKeywords.groovy:376)
	at com.kms.katalon.core.webui.keyword.WebUiBuiltInKeywords$verifyElementVisible$7.call(Unknown Source)
	at Sale_TP_AllCF_Generic_Payment_TC.run(Sale_TP_AllCF_Generic_Payment_TC:139)
	at com.kms.katalon.core.main.ScriptEngine.run(ScriptEngine.java:194)
	at com.kms.katalon.core.main.ScriptEngine.runScriptAsRawText(ScriptEngine.java:119)
	at com.kms.katalon.core.main.TestCaseExecutor.runScript(TestCaseExecutor.java:442)
	at com.kms.katalon.core.main.TestCaseExecutor.doExecute(TestCaseExecutor.java:433)
	at com.kms.katalon.core.main.TestCaseExecutor.processExecutionPhase(TestCaseExecutor.java:412)
	at com.kms.katalon.core.main.TestCaseExecutor.accessMainPhase(TestCaseExecutor.java:404)
	at com.kms.katalon.core.main.TestCaseExecutor.execute(TestCaseExecutor.java:281)
	at com.kms.katalon.core.main.TestSuiteExecutor.accessTestCaseMainPhase(TestSuiteExecutor.java:202)
	at com.kms.katalon.core.main.TestSuiteExecutor.accessTestSuiteMainPhase(TestSuiteExecutor.java:164)
	at com.kms.katalon.core.main.TestSuiteExecutor.execute(TestSuiteExecutor.java:105)
	at com.kms.katalon.core.main.TestCaseMain.startTestSuite(TestCaseMain.java:185)
	at com.kms.katalon.core.main.TestCaseMain$startTestSuite$0.call(Unknown Source)
	at TempTestSuite1656640997204.run(TempTestSuite1656640997204.groovy:36)
Caused by: org.openqa.selenium.WebDriverException: chrome not reachable
  (Session info: chrome=103.0.5060.66)
Build info: version: '3.141.59', revision: 'e82be7d358', time: '2018-11-14T08:25:53'
System info: host: 'DESKTOP-B2QI6NS', ip: '192.168.1.87', os.name: 'Windows 10', os.arch: 'amd64', os.version: '10.0', java.version: '1.8.0_181'
Driver info: com.kms.katalon.selenium.driver.CChromeDriver
Capabilities {acceptInsecureCerts: true, browserName: chrome, browserVersion: 103.0.5060.66, chrome: {chromedriverVersion: 103.0.5060.53 (a1711811edd7..., userDataDir: C:\Users\imtiaz\AppData\Loc...}, goog:chromeOptions: {debuggerAddress: localhost:55017}, javascriptEnabled: true, networkConnectionEnabled: false, pageLoadStrategy: normal, platform: WINDOWS, platformName: WINDOWS, proxy: Proxy(), setWindowRect: true, strictFileInteractability: false, timeouts: {implicit: 0, pageLoad: 300000, script: 30000}, unhandledPromptBehavior: dismiss and notify, webauthn:extension:credBlob: true, webauthn:extension:largeBlob: true, webauthn:virtualAuthenticators: true}
Session ID: efa2b9eb7928154ba23a0472bf5e7ff5
*** Element info: {Using=xpath, value=//*[@type = 'submit' and (text() = 'Print' or . = 'Print')]}
	at org.openqa.selenium.remote.http.W3CHttpResponseCodec.createException(W3CHttpResponseCodec.java:187)
	at org.openqa.selenium.remote.http.W3CHttpResponseCodec.decode(W3CHttpResponseCodec.java:122)
	at org.openqa.selenium.remote.http.W3CHttpResponseCodec.decode(W3CHttpResponseCodec.java:49)
	at org.openqa.selenium.remote.HttpCommandExecutor.execute(HttpCommandExecutor.java:158)
	at org.openqa.selenium.remote.service.DriverCommandExecutor.execute(DriverCommandExecutor.java:83)
	at org.openqa.selenium.remote.RemoteWebDriver.execute(RemoteWebDriver.java:552)
	at com.kms.katalon.selenium.driver.CChromeDriver.execute(CChromeDriver.java:19)
	at org.openqa.selenium.remote.RemoteWebDriver.findElements(RemoteWebDriver.java:353)
	at org.openqa.selenium.remote.RemoteWebDriver.findElementsByXPath(RemoteWebDriver.java:432)
	at org.openqa.selenium.By$ByXPath.findElements(By.java:348)
	at org.openqa.selenium.remote.RemoteWebDriver.findElements(RemoteWebDriver.java:311)
	at org.openqa.selenium.support.events.EventFiringWebDriver.lambda$new$1(EventFiringWebDriver.java:105)
	at com.sun.proxy.$Proxy10.findElements(Unknown Source)
	at org.openqa.selenium.support.events.EventFiringWebDriver.findElements(EventFiringWebDriver.java:182)
	at com.kms.katalon.core.webui.common.WebUiCommonHelper.findElementByNormalMethods(WebUiCommonHelper.java:1016)
	at com.kms.katalon.core.webui.common.WebUiCommonHelper.findElementsBySelectedMethod(WebUiCommonHelper.java:905)
	at com.kms.katalon.core.webui.common.WebUiCommonHelper.findElementsBySelectedMethod(WebUiCommonHelper.java:894)
	at com.kms.katalon.core.webui.common.WebUiCommonHelper.findElementsBySelectedMethod(WebUiCommonHelper.java:889)
	at com.kms.katalon.core.webui.common.WebUiCommonHelper.findElementsByDefault(WebUiCommonHelper.java:885)
	at com.kms.katalon.core.webui.common.WebUiCommonHelper.findWebElements(WebUiCommonHelper.java:720)
	at com.kms.katalon.core.webui.common.WebUiCommonHelper.findWebElement(WebUiCommonHelper.java:1365)
	at com.kms.katalon.core.webui.keyword.internal.WebUIAbstractKeyword.findWebElement(WebUIAbstractKeyword.groovy:27)
	at com.kms.katalon.core.webui.keyword.builtin.VerifyElementVisibleKeyword$_verifyElementVisible_closure1.doCall(VerifyElementVisibleKeyword.groovy:78)
	at com.kms.katalon.core.webui.keyword.builtin.VerifyElementVisibleKeyword$_verifyElementVisible_closure1.call(VerifyElementVisibleKeyword.groovy)
	at com.kms.katalon.core.webui.keyword.internal.WebUIKeywordMain.runKeyword(WebUIKeywordMain.groovy:20)
	at com.kms.katalon.core.webui.keyword.builtin.VerifyElementVisibleKeyword.verifyElementVisible(VerifyElementVisibleKeyword.groovy:97)
	at com.kms.katalon.core.webui.keyword.builtin.VerifyElementVisibleKeyword.execute(VerifyElementVisibleKeyword.groovy:67)
	at com.kms.katalon.core.keyword.internal.KeywordExecutor.executeKeywordForPlatform(KeywordExecutor.groovy:74)
	at com.kms.katalon.core.webui.keyword.WebUiBuiltInKeywords.verifyElementVisible(WebUiBuiltInKeywords.groovy:376)
	at com.kms.katalon.core.webui.keyword.WebUiBuiltInKeywords$verifyElementVisible$7.call(Unknown Source)
	at Script1652205847657.run(Script1652205847657.groovy:139)
	... 13 more
)

2022-06-30 22:17:16 - [MESSAGE][WARNING] - Cannot take screenshot

2022-06-30 22:17:16 - [MESSAGE][FAILED] - Unable to verify object 'Object Repository/AdminSuiteBootstrap_Pages/VT_Bootstrap/Receipt/button_Print' is visible (Root cause: com.kms.katalon.core.exception.StepFailedException: Unable to verify object 'Object Repository/AdminSuiteBootstrap_Pages/VT_Bootstrap/Receipt/button_Print' is visible
	at com.kms.katalon.core.webui.keyword.internal.WebUIKeywordMain.stepFailed(WebUIKeywordMain.groovy:64)
	at com.kms.katalon.core.webui.keyword.internal.WebUIKeywordMain.runKeyword(WebUIKeywordMain.groovy:26)
	at com.kms.katalon.core.webui.keyword.builtin.VerifyElementVisibleKeyword.verifyElementVisible(VerifyElementVisibleKeyword.groovy:97)
	at com.kms.katalon.core.webui.keyword.builtin.VerifyElementVisibleKeyword.execute(VerifyElementVisibleKeyword.groovy:67)
	at com.kms.katalon.core.keyword.internal.KeywordExecutor.executeKeywordForPlatform(KeywordExecutor.groovy:74)
	at com.kms.katalon.core.webui.keyword.WebUiBuiltInKeywords.verifyElementVisible(WebUiBuiltInKeywords.groovy:376)
	at com.kms.katalon.core.webui.keyword.WebUiBuiltInKeywords$verifyElementVisible$7.call(Unknown Source)
	at Sale_TP_AllCF_Generic_Payment_TC.run(Sale_TP_AllCF_Generic_Payment_TC:139)
	at com.kms.katalon.core.main.ScriptEngine.run(ScriptEngine.java:194)
	at com.kms.katalon.core.main.ScriptEngine.runScriptAsRawText(ScriptEngine.java:119)
	at com.kms.katalon.core.main.TestCaseExecutor.runScript(TestCaseExecutor.java:442)
	at com.kms.katalon.core.main.TestCaseExecutor.doExecute(TestCaseExecutor.java:433)
	at com.kms.katalon.core.main.TestCaseExecutor.processExecutionPhase(TestCaseExecutor.java:412)
	at com.kms.katalon.core.main.TestCaseExecutor.accessMainPhase(TestCaseExecutor.java:404)
	at com.kms.katalon.core.main.TestCaseExecutor.execute(TestCaseExecutor.java:281)
	at com.kms.katalon.core.main.TestSuiteExecutor.accessTestCaseMainPhase(TestSuiteExecutor.java:202)
	at com.kms.katalon.core.main.TestSuiteExecutor.accessTestSuiteMainPhase(TestSuiteExecutor.java:164)
	at com.kms.katalon.core.main.TestSuiteExecutor.execute(TestSuiteExecutor.java:105)
	at com.kms.katalon.core.main.TestCaseMain.startTestSuite(TestCaseMain.java:185)
	at com.kms.katalon.core.main.TestCaseMain$startTestSuite$0.call(Unknown Source)
	at TempTestSuite1656640997204.run(TempTestSuite1656640997204.groovy:36)
Caused by: org.openqa.selenium.WebDriverException: chrome not reachable
  (Session info: chrome=103.0.5060.66)
Build info: version: '3.141.59', revision: 'e82be7d358', time: '2018-11-14T08:25:53'
System info: host: 'DESKTOP-B2QI6NS', ip: '192.168.1.87', os.name: 'Windows 10', os.arch: 'amd64', os.version: '10.0', java.version: '1.8.0_181'
Driver info: com.kms.katalon.selenium.driver.CChromeDriver
Capabilities {acceptInsecureCerts: true, browserName: chrome, browserVersion: 103.0.5060.66, chrome: {chromedriverVersion: 103.0.5060.53 (a1711811edd7..., userDataDir: C:\Users\imtiaz\AppData\Loc...}, goog:chromeOptions: {debuggerAddress: localhost:55017}, javascriptEnabled: true, networkConnectionEnabled: false, pageLoadStrategy: normal, platform: WINDOWS, platformName: WINDOWS, proxy: Proxy(), setWindowRect: true, strictFileInteractability: false, timeouts: {implicit: 0, pageLoad: 300000, script: 30000}, unhandledPromptBehavior: dismiss and notify, webauthn:extension:credBlob: true, webauthn:extension:largeBlob: true, webauthn:virtualAuthenticators: true}
Session ID: efa2b9eb7928154ba23a0472bf5e7ff5
*** Element info: {Using=xpath, value=//*[@type = 'submit' and (text() = 'Print' or . = 'Print')]}
	at org.openqa.selenium.remote.http.W3CHttpResponseCodec.createException(W3CHttpResponseCodec.java:187)
	at org.openqa.selenium.remote.http.W3CHttpResponseCodec.decode(W3CHttpResponseCodec.java:122)
	at org.openqa.selenium.remote.http.W3CHttpResponseCodec.decode(W3CHttpResponseCodec.java:49)
	at org.openqa.selenium.remote.HttpCommandExecutor.execute(HttpCommandExecutor.java:158)
	at org.openqa.selenium.remote.service.DriverCommandExecutor.execute(DriverCommandExecutor.java:83)
	at org.openqa.selenium.remote.RemoteWebDriver.execute(RemoteWebDriver.java:552)
	at com.kms.katalon.selenium.driver.CChromeDriver.execute(CChromeDriver.java:19)
	at org.openqa.selenium.remote.RemoteWebDriver.findElements(RemoteWebDriver.java:353)
	at org.openqa.selenium.remote.RemoteWebDriver.findElementsByXPath(RemoteWebDriver.java:432)
	at org.openqa.selenium.By$ByXPath.findElements(By.java:348)
	at org.openqa.selenium.remote.RemoteWebDriver.findElements(RemoteWebDriver.java:311)
	at org.openqa.selenium.support.events.EventFiringWebDriver.lambda$new$1(EventFiringWebDriver.java:105)
	at com.sun.proxy.$Proxy10.findElements(Unknown Source)
	at org.openqa.selenium.support.events.EventFiringWebDriver.findElements(EventFiringWebDriver.java:182)
	at com.kms.katalon.core.webui.common.WebUiCommonHelper.findElementByNormalMethods(WebUiCommonHelper.java:1016)
	at com.kms.katalon.core.webui.common.WebUiCommonHelper.findElementsBySelectedMethod(WebUiCommonHelper.java:905)
	at com.kms.katalon.core.webui.common.WebUiCommonHelper.findElementsBySelectedMethod(WebUiCommonHelper.java:894)
	at com.kms.katalon.core.webui.common.WebUiCommonHelper.findElementsBySelectedMethod(WebUiCommonHelper.java:889)
	at com.kms.katalon.core.webui.common.WebUiCommonHelper.findElementsByDefault(WebUiCommonHelper.java:885)
	at com.kms.katalon.core.webui.common.WebUiCommonHelper.findWebElements(WebUiCommonHelper.java:720)
	at com.kms.katalon.core.webui.common.WebUiCommonHelper.findWebElement(WebUiCommonHelper.java:1365)
	at com.kms.katalon.core.webui.keyword.internal.WebUIAbstractKeyword.findWebElement(WebUIAbstractKeyword.groovy:27)
	at com.kms.katalon.core.webui.keyword.builtin.VerifyElementVisibleKeyword$_verifyElementVisible_closure1.doCall(VerifyElementVisibleKeyword.groovy:78)
	at com.kms.katalon.core.webui.keyword.builtin.VerifyElementVisibleKeyword$_verifyElementVisible_closure1.call(VerifyElementVisibleKeyword.groovy)
	at com.kms.katalon.core.webui.keyword.internal.WebUIKeywordMain.runKeyword(WebUIKeywordMain.groovy:20)
	at com.kms.katalon.core.webui.keyword.builtin.VerifyElementVisibleKeyword.verifyElementVisible(VerifyElementVisibleKeyword.groovy:97)
	at com.kms.katalon.core.webui.keyword.builtin.VerifyElementVisibleKeyword.execute(VerifyElementVisibleKeyword.groovy:67)
	at com.kms.katalon.core.keyword.internal.KeywordExecutor.executeKeywordForPlatform(KeywordExecutor.groovy:74)
	at com.kms.katalon.core.webui.keyword.WebUiBuiltInKeywords.verifyElementVisible(WebUiBuiltInKeywords.groovy:376)
	at com.kms.katalon.core.webui.keyword.WebUiBuiltInKeywords$verifyElementVisible$7.call(Unknown Source)
	at Script1652205847657.run(Script1652205847657.groovy:139)
	... 13 more
)

2022-06-30 22:17:16 - [TEST_STEP][FAILED] - verifyElementPresent(findTestObject("Object Repository/AdminSuiteBootstrap_Pages/VT_Bootstrap/Receipt/button_Print"), 20): Unable to verify object 'Object Repository/AdminSuiteBootstrap_Pages/VT_Bootstrap/Receipt/button_Print' is present (Root cause: com.kms.katalon.core.exception.StepFailedException: Unable to verify object 'Object Repository/AdminSuiteBootstrap_Pages/VT_Bootstrap/Receipt/button_Print' is present
	at com.kms.katalon.core.webui.keyword.internal.WebUIKeywordMain.stepFailed(WebUIKeywordMain.groovy:64)
	at com.kms.katalon.core.webui.keyword.internal.WebUIKeywordMain.runKeyword(WebUIKeywordMain.groovy:26)
	at com.kms.katalon.core.webui.keyword.builtin.VerifyElementPresentKeyword.verifyElementPresent(VerifyElementPresentKeyword.groovy:92)
	at com.kms.katalon.core.webui.keyword.builtin.VerifyElementPresentKeyword.execute(VerifyElementPresentKeyword.groovy:68)
	at com.kms.katalon.core.keyword.internal.KeywordExecutor.executeKeywordForPlatform(KeywordExecutor.groovy:74)
	at com.kms.katalon.core.webui.keyword.WebUiBuiltInKeywords.verifyElementPresent(WebUiBuiltInKeywords.groovy:1464)
	at com.kms.katalon.core.webui.keyword.WebUiBuiltInKeywords$verifyElementPresent$1.call(Unknown Source)
	at Sale_TP_AllCF_Generic_Payment_TC.run(Sale_TP_AllCF_Generic_Payment_TC:140)
	at com.kms.katalon.core.main.ScriptEngine.run(ScriptEngine.java:194)
	at com.kms.katalon.core.main.ScriptEngine.runScriptAsRawText(ScriptEngine.java:119)
	at com.kms.katalon.core.main.TestCaseExecutor.runScript(TestCaseExecutor.java:442)
	at com.kms.katalon.core.main.TestCaseExecutor.doExecute(TestCaseExecutor.java:433)
	at com.kms.katalon.core.main.TestCaseExecutor.processExecutionPhase(TestCaseExecutor.java:412)
	at com.kms.katalon.core.main.TestCaseExecutor.accessMainPhase(TestCaseExecutor.java:404)
	at com.kms.katalon.core.main.TestCaseExecutor.execute(TestCaseExecutor.java:281)
	at com.kms.katalon.core.main.TestSuiteExecutor.accessTestCaseMainPhase(TestSuiteExecutor.java:202)
	at com.kms.katalon.core.main.TestSuiteExecutor.accessTestSuiteMainPhase(TestSuiteExecutor.java:164)
	at com.kms.katalon.core.main.TestSuiteExecutor.execute(TestSuiteExecutor.java:105)
	at com.kms.katalon.core.main.TestCaseMain.startTestSuite(TestCaseMain.java:185)
	at com.kms.katalon.core.main.TestCaseMain$startTestSuite$0.call(Unknown Source)
	at TempTestSuite1656640997204.run(TempTestSuite1656640997204.groovy:36)
Caused by: org.openqa.selenium.WebDriverException: chrome not reachable
  (Session info: chrome=103.0.5060.66)
Build info: version: '3.141.59', revision: 'e82be7d358', time: '2018-11-14T08:25:53'
System info: host: 'DESKTOP-B2QI6NS', ip: '192.168.1.87', os.name: 'Windows 10', os.arch: 'amd64', os.version: '10.0', java.version: '1.8.0_181'
Driver info: com.kms.katalon.selenium.driver.CChromeDriver
Capabilities {acceptInsecureCerts: true, browserName: chrome, browserVersion: 103.0.5060.66, chrome: {chromedriverVersion: 103.0.5060.53 (a1711811edd7..., userDataDir: C:\Users\imtiaz\AppData\Loc...}, goog:chromeOptions: {debuggerAddress: localhost:55017}, javascriptEnabled: true, networkConnectionEnabled: false, pageLoadStrategy: normal, platform: WINDOWS, platformName: WINDOWS, proxy: Proxy(), setWindowRect: true, strictFileInteractability: false, timeouts: {implicit: 0, pageLoad: 300000, script: 30000}, unhandledPromptBehavior: dismiss and notify, webauthn:extension:credBlob: true, webauthn:extension:largeBlob: true, webauthn:virtualAuthenticators: true}
Session ID: efa2b9eb7928154ba23a0472bf5e7ff5
*** Element info: {Using=xpath, value=//*[@type = 'submit' and (text() = 'Print' or . = 'Print')]}
	at org.openqa.selenium.remote.http.W3CHttpResponseCodec.createException(W3CHttpResponseCodec.java:187)
	at org.openqa.selenium.remote.http.W3CHttpResponseCodec.decode(W3CHttpResponseCodec.java:122)
	at org.openqa.selenium.remote.http.W3CHttpResponseCodec.decode(W3CHttpResponseCodec.java:49)
	at org.openqa.selenium.remote.HttpCommandExecutor.execute(HttpCommandExecutor.java:158)
	at org.openqa.selenium.remote.service.DriverCommandExecutor.execute(DriverCommandExecutor.java:83)
	at org.openqa.selenium.remote.RemoteWebDriver.execute(RemoteWebDriver.java:552)
	at com.kms.katalon.selenium.driver.CChromeDriver.execute(CChromeDriver.java:19)
	at org.openqa.selenium.remote.RemoteWebDriver.findElements(RemoteWebDriver.java:353)
	at org.openqa.selenium.remote.RemoteWebDriver.findElementsByXPath(RemoteWebDriver.java:432)
	at org.openqa.selenium.By$ByXPath.findElements(By.java:348)
	at org.openqa.selenium.remote.RemoteWebDriver.findElements(RemoteWebDriver.java:311)
	at org.openqa.selenium.support.events.EventFiringWebDriver.lambda$new$1(EventFiringWebDriver.java:105)
	at com.sun.proxy.$Proxy10.findElements(Unknown Source)
	at org.openqa.selenium.support.events.EventFiringWebDriver.findElements(EventFiringWebDriver.java:182)
	at com.kms.katalon.core.webui.common.WebUiCommonHelper.findElementByNormalMethods(WebUiCommonHelper.java:1016)
	at com.kms.katalon.core.webui.common.WebUiCommonHelper.findElementsBySelectedMethod(WebUiCommonHelper.java:905)
	at com.kms.katalon.core.webui.common.WebUiCommonHelper.findElementsBySelectedMethod(WebUiCommonHelper.java:894)
	at com.kms.katalon.core.webui.common.WebUiCommonHelper.findElementsBySelectedMethod(WebUiCommonHelper.java:889)
	at com.kms.katalon.core.webui.common.WebUiCommonHelper.findElementsByDefault(WebUiCommonHelper.java:885)
	at com.kms.katalon.core.webui.common.WebUiCommonHelper.findWebElements(WebUiCommonHelper.java:720)
	at com.kms.katalon.core.webui.common.WebUiCommonHelper.findWebElement(WebUiCommonHelper.java:1365)
	at com.kms.katalon.core.webui.keyword.internal.WebUIAbstractKeyword.findWebElement(WebUIAbstractKeyword.groovy:27)
	at com.kms.katalon.core.webui.keyword.builtin.VerifyElementPresentKeyword$_verifyElementPresent_closure1.doCall(VerifyElementPresentKeyword.groovy:79)
	at com.kms.katalon.core.webui.keyword.builtin.VerifyElementPresentKeyword$_verifyElementPresent_closure1.call(VerifyElementPresentKeyword.groovy)
	at com.kms.katalon.core.webui.keyword.internal.WebUIKeywordMain.runKeyword(WebUIKeywordMain.groovy:20)
	at com.kms.katalon.core.webui.keyword.builtin.VerifyElementPresentKeyword.verifyElementPresent(VerifyElementPresentKeyword.groovy:92)
	at com.kms.katalon.core.webui.keyword.builtin.VerifyElementPresentKeyword.execute(VerifyElementPresentKeyword.groovy:68)
	at com.kms.katalon.core.keyword.internal.KeywordExecutor.executeKeywordForPlatform(KeywordExecutor.groovy:74)
	at com.kms.katalon.core.webui.keyword.WebUiBuiltInKeywords.verifyElementPresent(WebUiBuiltInKeywords.groovy:1464)
	at com.kms.katalon.core.webui.keyword.WebUiBuiltInKeywords$verifyElementPresent$1.call(Unknown Source)
	at Script1652205847657.run(Script1652205847657.groovy:140)
	... 13 more
)

2022-06-30 22:17:28 - [MESSAGE][WARNING] - Cannot take screenshot

2022-06-30 22:17:28 - [MESSAGE][FAILED] - Unable to verify object 'Object Repository/AdminSuiteBootstrap_Pages/VT_Bootstrap/Receipt/button_Print' is present (Root cause: com.kms.katalon.core.exception.StepFailedException: Unable to verify object 'Object Repository/AdminSuiteBootstrap_Pages/VT_Bootstrap/Receipt/button_Print' is present
	at com.kms.katalon.core.webui.keyword.internal.WebUIKeywordMain.stepFailed(WebUIKeywordMain.groovy:64)
	at com.kms.katalon.core.webui.keyword.internal.WebUIKeywordMain.runKeyword(WebUIKeywordMain.groovy:26)
	at com.kms.katalon.core.webui.keyword.builtin.VerifyElementPresentKeyword.verifyElementPresent(VerifyElementPresentKeyword.groovy:92)
	at com.kms.katalon.core.webui.keyword.builtin.VerifyElementPresentKeyword.execute(VerifyElementPresentKeyword.groovy:68)
	at com.kms.katalon.core.keyword.internal.KeywordExecutor.executeKeywordForPlatform(KeywordExecutor.groovy:74)
	at com.kms.katalon.core.webui.keyword.WebUiBuiltInKeywords.verifyElementPresent(WebUiBuiltInKeywords.groovy:1464)
	at com.kms.katalon.core.webui.keyword.WebUiBuiltInKeywords$verifyElementPresent$1.call(Unknown Source)
	at Sale_TP_AllCF_Generic_Payment_TC.run(Sale_TP_AllCF_Generic_Payment_TC:140)
	at com.kms.katalon.core.main.ScriptEngine.run(ScriptEngine.java:194)
	at com.kms.katalon.core.main.ScriptEngine.runScriptAsRawText(ScriptEngine.java:119)
	at com.kms.katalon.core.main.TestCaseExecutor.runScript(TestCaseExecutor.java:442)
	at com.kms.katalon.core.main.TestCaseExecutor.doExecute(TestCaseExecutor.java:433)
	at com.kms.katalon.core.main.TestCaseExecutor.processExecutionPhase(TestCaseExecutor.java:412)
	at com.kms.katalon.core.main.TestCaseExecutor.accessMainPhase(TestCaseExecutor.java:404)
	at com.kms.katalon.core.main.TestCaseExecutor.execute(TestCaseExecutor.java:281)
	at com.kms.katalon.core.main.TestSuiteExecutor.accessTestCaseMainPhase(TestSuiteExecutor.java:202)
	at com.kms.katalon.core.main.TestSuiteExecutor.accessTestSuiteMainPhase(TestSuiteExecutor.java:164)
	at com.kms.katalon.core.main.TestSuiteExecutor.execute(TestSuiteExecutor.java:105)
	at com.kms.katalon.core.main.TestCaseMain.startTestSuite(TestCaseMain.java:185)
	at com.kms.katalon.core.main.TestCaseMain$startTestSuite$0.call(Unknown Source)
	at TempTestSuite1656640997204.run(TempTestSuite1656640997204.groovy:36)
Caused by: org.openqa.selenium.WebDriverException: chrome not reachable
  (Session info: chrome=103.0.5060.66)
Build info: version: '3.141.59', revision: 'e82be7d358', time: '2018-11-14T08:25:53'
System info: host: 'DESKTOP-B2QI6NS', ip: '192.168.1.87', os.name: 'Windows 10', os.arch: 'amd64', os.version: '10.0', java.version: '1.8.0_181'
Driver info: com.kms.katalon.selenium.driver.CChromeDriver
Capabilities {acceptInsecureCerts: true, browserName: chrome, browserVersion: 103.0.5060.66, chrome: {chromedriverVersion: 103.0.5060.53 (a1711811edd7..., userDataDir: C:\Users\imtiaz\AppData\Loc...}, goog:chromeOptions: {debuggerAddress: localhost:55017}, javascriptEnabled: true, networkConnectionEnabled: false, pageLoadStrategy: normal, platform: WINDOWS, platformName: WINDOWS, proxy: Proxy(), setWindowRect: true, strictFileInteractability: false, timeouts: {implicit: 0, pageLoad: 300000, script: 30000}, unhandledPromptBehavior: dismiss and notify, webauthn:extension:credBlob: true, webauthn:extension:largeBlob: true, webauthn:virtualAuthenticators: true}
Session ID: efa2b9eb7928154ba23a0472bf5e7ff5
*** Element info: {Using=xpath, value=//*[@type = 'submit' and (text() = 'Print' or . = 'Print')]}
	at org.openqa.selenium.remote.http.W3CHttpResponseCodec.createException(W3CHttpResponseCodec.java:187)
	at org.openqa.selenium.remote.http.W3CHttpResponseCodec.decode(W3CHttpResponseCodec.java:122)
	at org.openqa.selenium.remote.http.W3CHttpResponseCodec.decode(W3CHttpResponseCodec.java:49)
	at org.openqa.selenium.remote.HttpCommandExecutor.execute(HttpCommandExecutor.java:158)
	at org.openqa.selenium.remote.service.DriverCommandExecutor.execute(DriverCommandExecutor.java:83)
	at org.openqa.selenium.remote.RemoteWebDriver.execute(RemoteWebDriver.java:552)
	at com.kms.katalon.selenium.driver.CChromeDriver.execute(CChromeDriver.java:19)
	at org.openqa.selenium.remote.RemoteWebDriver.findElements(RemoteWebDriver.java:353)
	at org.openqa.selenium.remote.RemoteWebDriver.findElementsByXPath(RemoteWebDriver.java:432)
	at org.openqa.selenium.By$ByXPath.findElements(By.java:348)
	at org.openqa.selenium.remote.RemoteWebDriver.findElements(RemoteWebDriver.java:311)
	at org.openqa.selenium.support.events.EventFiringWebDriver.lambda$new$1(EventFiringWebDriver.java:105)
	at com.sun.proxy.$Proxy10.findElements(Unknown Source)
	at org.openqa.selenium.support.events.EventFiringWebDriver.findElements(EventFiringWebDriver.java:182)
	at com.kms.katalon.core.webui.common.WebUiCommonHelper.findElementByNormalMethods(WebUiCommonHelper.java:1016)
	at com.kms.katalon.core.webui.common.WebUiCommonHelper.findElementsBySelectedMethod(WebUiCommonHelper.java:905)
	at com.kms.katalon.core.webui.common.WebUiCommonHelper.findElementsBySelectedMethod(WebUiCommonHelper.java:894)
	at com.kms.katalon.core.webui.common.WebUiCommonHelper.findElementsBySelectedMethod(WebUiCommonHelper.java:889)
	at com.kms.katalon.core.webui.common.WebUiCommonHelper.findElementsByDefault(WebUiCommonHelper.java:885)
	at com.kms.katalon.core.webui.common.WebUiCommonHelper.findWebElements(WebUiCommonHelper.java:720)
	at com.kms.katalon.core.webui.common.WebUiCommonHelper.findWebElement(WebUiCommonHelper.java:1365)
	at com.kms.katalon.core.webui.keyword.internal.WebUIAbstractKeyword.findWebElement(WebUIAbstractKeyword.groovy:27)
	at com.kms.katalon.core.webui.keyword.builtin.VerifyElementPresentKeyword$_verifyElementPresent_closure1.doCall(VerifyElementPresentKeyword.groovy:79)
	at com.kms.katalon.core.webui.keyword.builtin.VerifyElementPresentKeyword$_verifyElementPresent_closure1.call(VerifyElementPresentKeyword.groovy)
	at com.kms.katalon.core.webui.keyword.internal.WebUIKeywordMain.runKeyword(WebUIKeywordMain.groovy:20)
	at com.kms.katalon.core.webui.keyword.builtin.VerifyElementPresentKeyword.verifyElementPresent(VerifyElementPresentKeyword.groovy:92)
	at com.kms.katalon.core.webui.keyword.builtin.VerifyElementPresentKeyword.execute(VerifyElementPresentKeyword.groovy:68)
	at com.kms.katalon.core.keyword.internal.KeywordExecutor.executeKeywordForPlatform(KeywordExecutor.groovy:74)
	at com.kms.katalon.core.webui.keyword.WebUiBuiltInKeywords.verifyElementPresent(WebUiBuiltInKeywords.groovy:1464)
	at com.kms.katalon.core.webui.keyword.WebUiBuiltInKeywords$verifyElementPresent$1.call(Unknown Source)
	at Script1652205847657.run(Script1652205847657.groovy:140)
	... 13 more
)

2022-06-30 22:17:28 - [TEST_STEP][FAILED] - verifyTextPresent("Remittance ID", true): Unable to verify text 'Remittance ID' is present  using regular expression (Root cause: com.kms.katalon.core.exception.StepFailedException: Unable to verify text 'Remittance ID' is present  using regular expression
	at com.kms.katalon.core.webui.keyword.internal.WebUIKeywordMain.stepFailed(WebUIKeywordMain.groovy:64)
	at com.kms.katalon.core.webui.keyword.internal.WebUIKeywordMain.runKeyword(WebUIKeywordMain.groovy:26)
	at com.kms.katalon.core.webui.keyword.builtin.VerifyTextPresentKeyword.verifyTextPresent(VerifyTextPresentKeyword.groovy:83)
	at com.kms.katalon.core.webui.keyword.builtin.VerifyTextPresentKeyword.execute(VerifyTextPresentKeyword.groovy:68)
	at com.kms.katalon.core.keyword.internal.KeywordExecutor.executeKeywordForPlatform(KeywordExecutor.groovy:74)
	at com.kms.katalon.core.webui.keyword.WebUiBuiltInKeywords.verifyTextPresent(WebUiBuiltInKeywords.groovy:1723)
	at com.kms.katalon.core.webui.keyword.WebUiBuiltInKeywords$verifyTextPresent$4.call(Unknown Source)
	at Sale_TP_AllCF_Generic_Payment_TC.run(Sale_TP_AllCF_Generic_Payment_TC:143)
	at com.kms.katalon.core.main.ScriptEngine.run(ScriptEngine.java:194)
	at com.kms.katalon.core.main.ScriptEngine.runScriptAsRawText(ScriptEngine.java:119)
	at com.kms.katalon.core.main.TestCaseExecutor.runScript(TestCaseExecutor.java:442)
	at com.kms.katalon.core.main.TestCaseExecutor.doExecute(TestCaseExecutor.java:433)
	at com.kms.katalon.core.main.TestCaseExecutor.processExecutionPhase(TestCaseExecutor.java:412)
	at com.kms.katalon.core.main.TestCaseExecutor.accessMainPhase(TestCaseExecutor.java:404)
	at com.kms.katalon.core.main.TestCaseExecutor.execute(TestCaseExecutor.java:281)
	at com.kms.katalon.core.main.TestSuiteExecutor.accessTestCaseMainPhase(TestSuiteExecutor.java:202)
	at com.kms.katalon.core.main.TestSuiteExecutor.accessTestSuiteMainPhase(TestSuiteExecutor.java:164)
	at com.kms.katalon.core.main.TestSuiteExecutor.execute(TestSuiteExecutor.java:105)
	at com.kms.katalon.core.main.TestCaseMain.startTestSuite(TestCaseMain.java:185)
	at com.kms.katalon.core.main.TestCaseMain$startTestSuite$0.call(Unknown Source)
	at TempTestSuite1656640997204.run(TempTestSuite1656640997204.groovy:36)
Caused by: org.openqa.selenium.WebDriverException: chrome not reachable
  (Session info: chrome=103.0.5060.66)
Build info: version: '3.141.59', revision: 'e82be7d358', time: '2018-11-14T08:25:53'
System info: host: 'DESKTOP-B2QI6NS', ip: '192.168.1.87', os.name: 'Windows 10', os.arch: 'amd64', os.version: '10.0', java.version: '1.8.0_181'
Driver info: com.kms.katalon.selenium.driver.CChromeDriver
Capabilities {acceptInsecureCerts: true, browserName: chrome, browserVersion: 103.0.5060.66, chrome: {chromedriverVersion: 103.0.5060.53 (a1711811edd7..., userDataDir: C:\Users\imtiaz\AppData\Loc...}, goog:chromeOptions: {debuggerAddress: localhost:55017}, javascriptEnabled: true, networkConnectionEnabled: false, pageLoadStrategy: normal, platform: WINDOWS, platformName: WINDOWS, proxy: Proxy(), setWindowRect: true, strictFileInteractability: false, timeouts: {implicit: 0, pageLoad: 300000, script: 30000}, unhandledPromptBehavior: dismiss and notify, webauthn:extension:credBlob: true, webauthn:extension:largeBlob: true, webauthn:virtualAuthenticators: true}
Session ID: efa2b9eb7928154ba23a0472bf5e7ff5
*** Element info: {Using=tag name, value=body}
	at org.openqa.selenium.remote.http.W3CHttpResponseCodec.createException(W3CHttpResponseCodec.java:187)
	at org.openqa.selenium.remote.http.W3CHttpResponseCodec.decode(W3CHttpResponseCodec.java:122)
	at org.openqa.selenium.remote.http.W3CHttpResponseCodec.decode(W3CHttpResponseCodec.java:49)
	at org.openqa.selenium.remote.HttpCommandExecutor.execute(HttpCommandExecutor.java:158)
	at org.openqa.selenium.remote.service.DriverCommandExecutor.execute(DriverCommandExecutor.java:83)
	at org.openqa.selenium.remote.RemoteWebDriver.execute(RemoteWebDriver.java:552)
	at com.kms.katalon.selenium.driver.CChromeDriver.execute(CChromeDriver.java:19)
	at org.openqa.selenium.remote.RemoteWebDriver.findElement(RemoteWebDriver.java:323)
	at org.openqa.selenium.remote.RemoteWebDriver.findElementByTagName(RemoteWebDriver.java:396)
	at org.openqa.selenium.By$ByTagName.findElement(By.java:320)
	at org.openqa.selenium.remote.RemoteWebDriver.findElement(RemoteWebDriver.java:315)
	at org.openqa.selenium.support.events.EventFiringWebDriver.lambda$new$1(EventFiringWebDriver.java:105)
	at com.sun.proxy.$Proxy10.findElement(Unknown Source)
	at org.openqa.selenium.support.events.EventFiringWebDriver.findElement(EventFiringWebDriver.java:194)
	at com.kms.katalon.core.webui.common.WebUiCommonHelper.isTextPresent(WebUiCommonHelper.java:86)
	at com.kms.katalon.core.webui.keyword.builtin.VerifyTextPresentKeyword$_verifyTextPresent_closure1.doCall(VerifyTextPresentKeyword.groovy:75)
	at com.kms.katalon.core.webui.keyword.builtin.VerifyTextPresentKeyword$_verifyTextPresent_closure1.call(VerifyTextPresentKeyword.groovy)
	at com.kms.katalon.core.webui.keyword.internal.WebUIKeywordMain.runKeyword(WebUIKeywordMain.groovy:20)
	at com.kms.katalon.core.webui.keyword.builtin.VerifyTextPresentKeyword.verifyTextPresent(VerifyTextPresentKeyword.groovy:83)
	at com.kms.katalon.core.webui.keyword.builtin.VerifyTextPresentKeyword.execute(VerifyTextPresentKeyword.groovy:68)
	at com.kms.katalon.core.keyword.internal.KeywordExecutor.executeKeywordForPlatform(KeywordExecutor.groovy:74)
	at com.kms.katalon.core.webui.keyword.WebUiBuiltInKeywords.verifyTextPresent(WebUiBuiltInKeywords.groovy:1723)
	at com.kms.katalon.core.webui.keyword.WebUiBuiltInKeywords$verifyTextPresent$4.call(Unknown Source)
	at Script1652205847657.run(Script1652205847657.groovy:143)
	... 13 more
)

2022-06-30 22:17:40 - [MESSAGE][WARNING] - Cannot take screenshot

2022-06-30 22:17:40 - [MESSAGE][FAILED] - Unable to verify text 'Remittance ID' is present  using regular expression (Root cause: com.kms.katalon.core.exception.StepFailedException: Unable to verify text 'Remittance ID' is present  using regular expression
	at com.kms.katalon.core.webui.keyword.internal.WebUIKeywordMain.stepFailed(WebUIKeywordMain.groovy:64)
	at com.kms.katalon.core.webui.keyword.internal.WebUIKeywordMain.runKeyword(WebUIKeywordMain.groovy:26)
	at com.kms.katalon.core.webui.keyword.builtin.VerifyTextPresentKeyword.verifyTextPresent(VerifyTextPresentKeyword.groovy:83)
	at com.kms.katalon.core.webui.keyword.builtin.VerifyTextPresentKeyword.execute(VerifyTextPresentKeyword.groovy:68)
	at com.kms.katalon.core.keyword.internal.KeywordExecutor.executeKeywordForPlatform(KeywordExecutor.groovy:74)
	at com.kms.katalon.core.webui.keyword.WebUiBuiltInKeywords.verifyTextPresent(WebUiBuiltInKeywords.groovy:1723)
	at com.kms.katalon.core.webui.keyword.WebUiBuiltInKeywords$verifyTextPresent$4.call(Unknown Source)
	at Sale_TP_AllCF_Generic_Payment_TC.run(Sale_TP_AllCF_Generic_Payment_TC:143)
	at com.kms.katalon.core.main.ScriptEngine.run(ScriptEngine.java:194)
	at com.kms.katalon.core.main.ScriptEngine.runScriptAsRawText(ScriptEngine.java:119)
	at com.kms.katalon.core.main.TestCaseExecutor.runScript(TestCaseExecutor.java:442)
	at com.kms.katalon.core.main.TestCaseExecutor.doExecute(TestCaseExecutor.java:433)
	at com.kms.katalon.core.main.TestCaseExecutor.processExecutionPhase(TestCaseExecutor.java:412)
	at com.kms.katalon.core.main.TestCaseExecutor.accessMainPhase(TestCaseExecutor.java:404)
	at com.kms.katalon.core.main.TestCaseExecutor.execute(TestCaseExecutor.java:281)
	at com.kms.katalon.core.main.TestSuiteExecutor.accessTestCaseMainPhase(TestSuiteExecutor.java:202)
	at com.kms.katalon.core.main.TestSuiteExecutor.accessTestSuiteMainPhase(TestSuiteExecutor.java:164)
	at com.kms.katalon.core.main.TestSuiteExecutor.execute(TestSuiteExecutor.java:105)
	at com.kms.katalon.core.main.TestCaseMain.startTestSuite(TestCaseMain.java:185)
	at com.kms.katalon.core.main.TestCaseMain$startTestSuite$0.call(Unknown Source)
	at TempTestSuite1656640997204.run(TempTestSuite1656640997204.groovy:36)
Caused by: org.openqa.selenium.WebDriverException: chrome not reachable
  (Session info: chrome=103.0.5060.66)
Build info: version: '3.141.59', revision: 'e82be7d358', time: '2018-11-14T08:25:53'
System info: host: 'DESKTOP-B2QI6NS', ip: '192.168.1.87', os.name: 'Windows 10', os.arch: 'amd64', os.version: '10.0', java.version: '1.8.0_181'
Driver info: com.kms.katalon.selenium.driver.CChromeDriver
Capabilities {acceptInsecureCerts: true, browserName: chrome, browserVersion: 103.0.5060.66, chrome: {chromedriverVersion: 103.0.5060.53 (a1711811edd7..., userDataDir: C:\Users\imtiaz\AppData\Loc...}, goog:chromeOptions: {debuggerAddress: localhost:55017}, javascriptEnabled: true, networkConnectionEnabled: false, pageLoadStrategy: normal, platform: WINDOWS, platformName: WINDOWS, proxy: Proxy(), setWindowRect: true, strictFileInteractability: false, timeouts: {implicit: 0, pageLoad: 300000, script: 30000}, unhandledPromptBehavior: dismiss and notify, webauthn:extension:credBlob: true, webauthn:extension:largeBlob: true, webauthn:virtualAuthenticators: true}
Session ID: efa2b9eb7928154ba23a0472bf5e7ff5
*** Element info: {Using=tag name, value=body}
	at org.openqa.selenium.remote.http.W3CHttpResponseCodec.createException(W3CHttpResponseCodec.java:187)
	at org.openqa.selenium.remote.http.W3CHttpResponseCodec.decode(W3CHttpResponseCodec.java:122)
	at org.openqa.selenium.remote.http.W3CHttpResponseCodec.decode(W3CHttpResponseCodec.java:49)
	at org.openqa.selenium.remote.HttpCommandExecutor.execute(HttpCommandExecutor.java:158)
	at org.openqa.selenium.remote.service.DriverCommandExecutor.execute(DriverCommandExecutor.java:83)
	at org.openqa.selenium.remote.RemoteWebDriver.execute(RemoteWebDriver.java:552)
	at com.kms.katalon.selenium.driver.CChromeDriver.execute(CChromeDriver.java:19)
	at org.openqa.selenium.remote.RemoteWebDriver.findElement(RemoteWebDriver.java:323)
	at org.openqa.selenium.remote.RemoteWebDriver.findElementByTagName(RemoteWebDriver.java:396)
	at org.openqa.selenium.By$ByTagName.findElement(By.java:320)
	at org.openqa.selenium.remote.RemoteWebDriver.findElement(RemoteWebDriver.java:315)
	at org.openqa.selenium.support.events.EventFiringWebDriver.lambda$new$1(EventFiringWebDriver.java:105)
	at com.sun.proxy.$Proxy10.findElement(Unknown Source)
	at org.openqa.selenium.support.events.EventFiringWebDriver.findElement(EventFiringWebDriver.java:194)
	at com.kms.katalon.core.webui.common.WebUiCommonHelper.isTextPresent(WebUiCommonHelper.java:86)
	at com.kms.katalon.core.webui.keyword.builtin.VerifyTextPresentKeyword$_verifyTextPresent_closure1.doCall(VerifyTextPresentKeyword.groovy:75)
	at com.kms.katalon.core.webui.keyword.builtin.VerifyTextPresentKeyword$_verifyTextPresent_closure1.call(VerifyTextPresentKeyword.groovy)
	at com.kms.katalon.core.webui.keyword.internal.WebUIKeywordMain.runKeyword(WebUIKeywordMain.groovy:20)
	at com.kms.katalon.core.webui.keyword.builtin.VerifyTextPresentKeyword.verifyTextPresent(VerifyTextPresentKeyword.groovy:83)
	at com.kms.katalon.core.webui.keyword.builtin.VerifyTextPresentKeyword.execute(VerifyTextPresentKeyword.groovy:68)
	at com.kms.katalon.core.keyword.internal.KeywordExecutor.executeKeywordForPlatform(KeywordExecutor.groovy:74)
	at com.kms.katalon.core.webui.keyword.WebUiBuiltInKeywords.verifyTextPresent(WebUiBuiltInKeywords.groovy:1723)
	at com.kms.katalon.core.webui.keyword.WebUiBuiltInKeywords$verifyTextPresent$4.call(Unknown Source)
	at Script1652205847657.run(Script1652205847657.groovy:143)
	... 13 more
)

2022-06-30 22:17:40 - [TEST_STEP][FAILED] - verifyTextPresent("Received", true): Unable to verify text 'Received' is present  using regular expression (Root cause: com.kms.katalon.core.exception.StepFailedException: Unable to verify text 'Received' is present  using regular expression
	at com.kms.katalon.core.webui.keyword.internal.WebUIKeywordMain.stepFailed(WebUIKeywordMain.groovy:64)
	at com.kms.katalon.core.webui.keyword.internal.WebUIKeywordMain.runKeyword(WebUIKeywordMain.groovy:26)
	at com.kms.katalon.core.webui.keyword.builtin.VerifyTextPresentKeyword.verifyTextPresent(VerifyTextPresentKeyword.groovy:83)
	at com.kms.katalon.core.webui.keyword.builtin.VerifyTextPresentKeyword.execute(VerifyTextPresentKeyword.groovy:68)
	at com.kms.katalon.core.keyword.internal.KeywordExecutor.executeKeywordForPlatform(KeywordExecutor.groovy:74)
	at com.kms.katalon.core.webui.keyword.WebUiBuiltInKeywords.verifyTextPresent(WebUiBuiltInKeywords.groovy:1723)
	at com.kms.katalon.core.webui.keyword.WebUiBuiltInKeywords$verifyTextPresent$4.call(Unknown Source)
	at Sale_TP_AllCF_Generic_Payment_TC.run(Sale_TP_AllCF_Generic_Payment_TC:144)
	at com.kms.katalon.core.main.ScriptEngine.run(ScriptEngine.java:194)
	at com.kms.katalon.core.main.ScriptEngine.runScriptAsRawText(ScriptEngine.java:119)
	at com.kms.katalon.core.main.TestCaseExecutor.runScript(TestCaseExecutor.java:442)
	at com.kms.katalon.core.main.TestCaseExecutor.doExecute(TestCaseExecutor.java:433)
	at com.kms.katalon.core.main.TestCaseExecutor.processExecutionPhase(TestCaseExecutor.java:412)
	at com.kms.katalon.core.main.TestCaseExecutor.accessMainPhase(TestCaseExecutor.java:404)
	at com.kms.katalon.core.main.TestCaseExecutor.execute(TestCaseExecutor.java:281)
	at com.kms.katalon.core.main.TestSuiteExecutor.accessTestCaseMainPhase(TestSuiteExecutor.java:202)
	at com.kms.katalon.core.main.TestSuiteExecutor.accessTestSuiteMainPhase(TestSuiteExecutor.java:164)
	at com.kms.katalon.core.main.TestSuiteExecutor.execute(TestSuiteExecutor.java:105)
	at com.kms.katalon.core.main.TestCaseMain.startTestSuite(TestCaseMain.java:185)
	at com.kms.katalon.core.main.TestCaseMain$startTestSuite$0.call(Unknown Source)
	at TempTestSuite1656640997204.run(TempTestSuite1656640997204.groovy:36)
Caused by: org.openqa.selenium.WebDriverException: chrome not reachable
  (Session info: chrome=103.0.5060.66)
Build info: version: '3.141.59', revision: 'e82be7d358', time: '2018-11-14T08:25:53'
System info: host: 'DESKTOP-B2QI6NS', ip: '192.168.1.87', os.name: 'Windows 10', os.arch: 'amd64', os.version: '10.0', java.version: '1.8.0_181'
Driver info: com.kms.katalon.selenium.driver.CChromeDriver
Capabilities {acceptInsecureCerts: true, browserName: chrome, browserVersion: 103.0.5060.66, chrome: {chromedriverVersion: 103.0.5060.53 (a1711811edd7..., userDataDir: C:\Users\imtiaz\AppData\Loc...}, goog:chromeOptions: {debuggerAddress: localhost:55017}, javascriptEnabled: true, networkConnectionEnabled: false, pageLoadStrategy: normal, platform: WINDOWS, platformName: WINDOWS, proxy: Proxy(), setWindowRect: true, strictFileInteractability: false, timeouts: {implicit: 0, pageLoad: 300000, script: 30000}, unhandledPromptBehavior: dismiss and notify, webauthn:extension:credBlob: true, webauthn:extension:largeBlob: true, webauthn:virtualAuthenticators: true}
Session ID: efa2b9eb7928154ba23a0472bf5e7ff5
*** Element info: {Using=tag name, value=body}
	at org.openqa.selenium.remote.http.W3CHttpResponseCodec.createException(W3CHttpResponseCodec.java:187)
	at org.openqa.selenium.remote.http.W3CHttpResponseCodec.decode(W3CHttpResponseCodec.java:122)
	at org.openqa.selenium.remote.http.W3CHttpResponseCodec.decode(W3CHttpResponseCodec.java:49)
	at org.openqa.selenium.remote.HttpCommandExecutor.execute(HttpCommandExecutor.java:158)
	at org.openqa.selenium.remote.service.DriverCommandExecutor.execute(DriverCommandExecutor.java:83)
	at org.openqa.selenium.remote.RemoteWebDriver.execute(RemoteWebDriver.java:552)
	at com.kms.katalon.selenium.driver.CChromeDriver.execute(CChromeDriver.java:19)
	at org.openqa.selenium.remote.RemoteWebDriver.findElement(RemoteWebDriver.java:323)
	at org.openqa.selenium.remote.RemoteWebDriver.findElementByTagName(RemoteWebDriver.java:396)
	at org.openqa.selenium.By$ByTagName.findElement(By.java:320)
	at org.openqa.selenium.remote.RemoteWebDriver.findElement(RemoteWebDriver.java:315)
	at org.openqa.selenium.support.events.EventFiringWebDriver.lambda$new$1(EventFiringWebDriver.java:105)
	at com.sun.proxy.$Proxy10.findElement(Unknown Source)
	at org.openqa.selenium.support.events.EventFiringWebDriver.findElement(EventFiringWebDriver.java:194)
	at com.kms.katalon.core.webui.common.WebUiCommonHelper.isTextPresent(WebUiCommonHelper.java:86)
	at com.kms.katalon.core.webui.keyword.builtin.VerifyTextPresentKeyword$_verifyTextPresent_closure1.doCall(VerifyTextPresentKeyword.groovy:75)
	at com.kms.katalon.core.webui.keyword.builtin.VerifyTextPresentKeyword$_verifyTextPresent_closure1.call(VerifyTextPresentKeyword.groovy)
	at com.kms.katalon.core.webui.keyword.internal.WebUIKeywordMain.runKeyword(WebUIKeywordMain.groovy:20)
	at com.kms.katalon.core.webui.keyword.builtin.VerifyTextPresentKeyword.verifyTextPresent(VerifyTextPresentKeyword.groovy:83)
	at com.kms.katalon.core.webui.keyword.builtin.VerifyTextPresentKeyword.execute(VerifyTextPresentKeyword.groovy:68)
	at com.kms.katalon.core.keyword.internal.KeywordExecutor.executeKeywordForPlatform(KeywordExecutor.groovy:74)
	at com.kms.katalon.core.webui.keyword.WebUiBuiltInKeywords.verifyTextPresent(WebUiBuiltInKeywords.groovy:1723)
	at com.kms.katalon.core.webui.keyword.WebUiBuiltInKeywords$verifyTextPresent$4.call(Unknown Source)
	at Script1652205847657.run(Script1652205847657.groovy:144)
	... 13 more
)

2022-06-30 22:17:52 - [MESSAGE][WARNING] - Cannot take screenshot

2022-06-30 22:17:52 - [MESSAGE][FAILED] - Unable to verify text 'Received' is present  using regular expression (Root cause: com.kms.katalon.core.exception.StepFailedException: Unable to verify text 'Received' is present  using regular expression
	at com.kms.katalon.core.webui.keyword.internal.WebUIKeywordMain.stepFailed(WebUIKeywordMain.groovy:64)
	at com.kms.katalon.core.webui.keyword.internal.WebUIKeywordMain.runKeyword(WebUIKeywordMain.groovy:26)
	at com.kms.katalon.core.webui.keyword.builtin.VerifyTextPresentKeyword.verifyTextPresent(VerifyTextPresentKeyword.groovy:83)
	at com.kms.katalon.core.webui.keyword.builtin.VerifyTextPresentKeyword.execute(VerifyTextPresentKeyword.groovy:68)
	at com.kms.katalon.core.keyword.internal.KeywordExecutor.executeKeywordForPlatform(KeywordExecutor.groovy:74)
	at com.kms.katalon.core.webui.keyword.WebUiBuiltInKeywords.verifyTextPresent(WebUiBuiltInKeywords.groovy:1723)
	at com.kms.katalon.core.webui.keyword.WebUiBuiltInKeywords$verifyTextPresent$4.call(Unknown Source)
	at Sale_TP_AllCF_Generic_Payment_TC.run(Sale_TP_AllCF_Generic_Payment_TC:144)
	at com.kms.katalon.core.main.ScriptEngine.run(ScriptEngine.java:194)
	at com.kms.katalon.core.main.ScriptEngine.runScriptAsRawText(ScriptEngine.java:119)
	at com.kms.katalon.core.main.TestCaseExecutor.runScript(TestCaseExecutor.java:442)
	at com.kms.katalon.core.main.TestCaseExecutor.doExecute(TestCaseExecutor.java:433)
	at com.kms.katalon.core.main.TestCaseExecutor.processExecutionPhase(TestCaseExecutor.java:412)
	at com.kms.katalon.core.main.TestCaseExecutor.accessMainPhase(TestCaseExecutor.java:404)
	at com.kms.katalon.core.main.TestCaseExecutor.execute(TestCaseExecutor.java:281)
	at com.kms.katalon.core.main.TestSuiteExecutor.accessTestCaseMainPhase(TestSuiteExecutor.java:202)
	at com.kms.katalon.core.main.TestSuiteExecutor.accessTestSuiteMainPhase(TestSuiteExecutor.java:164)
	at com.kms.katalon.core.main.TestSuiteExecutor.execute(TestSuiteExecutor.java:105)
	at com.kms.katalon.core.main.TestCaseMain.startTestSuite(TestCaseMain.java:185)
	at com.kms.katalon.core.main.TestCaseMain$startTestSuite$0.call(Unknown Source)
	at TempTestSuite1656640997204.run(TempTestSuite1656640997204.groovy:36)
Caused by: org.openqa.selenium.WebDriverException: chrome not reachable
  (Session info: chrome=103.0.5060.66)
Build info: version: '3.141.59', revision: 'e82be7d358', time: '2018-11-14T08:25:53'
System info: host: 'DESKTOP-B2QI6NS', ip: '192.168.1.87', os.name: 'Windows 10', os.arch: 'amd64', os.version: '10.0', java.version: '1.8.0_181'
Driver info: com.kms.katalon.selenium.driver.CChromeDriver
Capabilities {acceptInsecureCerts: true, browserName: chrome, browserVersion: 103.0.5060.66, chrome: {chromedriverVersion: 103.0.5060.53 (a1711811edd7..., userDataDir: C:\Users\imtiaz\AppData\Loc...}, goog:chromeOptions: {debuggerAddress: localhost:55017}, javascriptEnabled: true, networkConnectionEnabled: false, pageLoadStrategy: normal, platform: WINDOWS, platformName: WINDOWS, proxy: Proxy(), setWindowRect: true, strictFileInteractability: false, timeouts: {implicit: 0, pageLoad: 300000, script: 30000}, unhandledPromptBehavior: dismiss and notify, webauthn:extension:credBlob: true, webauthn:extension:largeBlob: true, webauthn:virtualAuthenticators: true}
Session ID: efa2b9eb7928154ba23a0472bf5e7ff5
*** Element info: {Using=tag name, value=body}
	at org.openqa.selenium.remote.http.W3CHttpResponseCodec.createException(W3CHttpResponseCodec.java:187)
	at org.openqa.selenium.remote.http.W3CHttpResponseCodec.decode(W3CHttpResponseCodec.java:122)
	at org.openqa.selenium.remote.http.W3CHttpResponseCodec.decode(W3CHttpResponseCodec.java:49)
	at org.openqa.selenium.remote.HttpCommandExecutor.execute(HttpCommandExecutor.java:158)
	at org.openqa.selenium.remote.service.DriverCommandExecutor.execute(DriverCommandExecutor.java:83)
	at org.openqa.selenium.remote.RemoteWebDriver.execute(RemoteWebDriver.java:552)
	at com.kms.katalon.selenium.driver.CChromeDriver.execute(CChromeDriver.java:19)
	at org.openqa.selenium.remote.RemoteWebDriver.findElement(RemoteWebDriver.java:323)
	at org.openqa.selenium.remote.RemoteWebDriver.findElementByTagName(RemoteWebDriver.java:396)
	at org.openqa.selenium.By$ByTagName.findElement(By.java:320)
	at org.openqa.selenium.remote.RemoteWebDriver.findElement(RemoteWebDriver.java:315)
	at org.openqa.selenium.support.events.EventFiringWebDriver.lambda$new$1(EventFiringWebDriver.java:105)
	at com.sun.proxy.$Proxy10.findElement(Unknown Source)
	at org.openqa.selenium.support.events.EventFiringWebDriver.findElement(EventFiringWebDriver.java:194)
	at com.kms.katalon.core.webui.common.WebUiCommonHelper.isTextPresent(WebUiCommonHelper.java:86)
	at com.kms.katalon.core.webui.keyword.builtin.VerifyTextPresentKeyword$_verifyTextPresent_closure1.doCall(VerifyTextPresentKeyword.groovy:75)
	at com.kms.katalon.core.webui.keyword.builtin.VerifyTextPresentKeyword$_verifyTextPresent_closure1.call(VerifyTextPresentKeyword.groovy)
	at com.kms.katalon.core.webui.keyword.internal.WebUIKeywordMain.runKeyword(WebUIKeywordMain.groovy:20)
	at com.kms.katalon.core.webui.keyword.builtin.VerifyTextPresentKeyword.verifyTextPresent(VerifyTextPresentKeyword.groovy:83)
	at com.kms.katalon.core.webui.keyword.builtin.VerifyTextPresentKeyword.execute(VerifyTextPresentKeyword.groovy:68)
	at com.kms.katalon.core.keyword.internal.KeywordExecutor.executeKeywordForPlatform(KeywordExecutor.groovy:74)
	at com.kms.katalon.core.webui.keyword.WebUiBuiltInKeywords.verifyTextPresent(WebUiBuiltInKeywords.groovy:1723)
	at com.kms.katalon.core.webui.keyword.WebUiBuiltInKeywords$verifyTextPresent$4.call(Unknown Source)
	at Script1652205847657.run(Script1652205847657.groovy:144)
	... 13 more
)

2022-06-30 22:17:52 - [TEST_STEP][FAILED] - verifyTextPresent("UDF1", true): Unable to verify text 'UDF1' is present  using regular expression (Root cause: com.kms.katalon.core.exception.StepFailedException: Unable to verify text 'UDF1' is present  using regular expression
	at com.kms.katalon.core.webui.keyword.internal.WebUIKeywordMain.stepFailed(WebUIKeywordMain.groovy:64)
	at com.kms.katalon.core.webui.keyword.internal.WebUIKeywordMain.runKeyword(WebUIKeywordMain.groovy:26)
	at com.kms.katalon.core.webui.keyword.builtin.VerifyTextPresentKeyword.verifyTextPresent(VerifyTextPresentKeyword.groovy:83)
	at com.kms.katalon.core.webui.keyword.builtin.VerifyTextPresentKeyword.execute(VerifyTextPresentKeyword.groovy:68)
	at com.kms.katalon.core.keyword.internal.KeywordExecutor.executeKeywordForPlatform(KeywordExecutor.groovy:74)
	at com.kms.katalon.core.webui.keyword.WebUiBuiltInKeywords.verifyTextPresent(WebUiBuiltInKeywords.groovy:1723)
	at com.kms.katalon.core.webui.keyword.WebUiBuiltInKeywords$verifyTextPresent$4.call(Unknown Source)
	at Sale_TP_AllCF_Generic_Payment_TC.run(Sale_TP_AllCF_Generic_Payment_TC:146)
	at com.kms.katalon.core.main.ScriptEngine.run(ScriptEngine.java:194)
	at com.kms.katalon.core.main.ScriptEngine.runScriptAsRawText(ScriptEngine.java:119)
	at com.kms.katalon.core.main.TestCaseExecutor.runScript(TestCaseExecutor.java:442)
	at com.kms.katalon.core.main.TestCaseExecutor.doExecute(TestCaseExecutor.java:433)
	at com.kms.katalon.core.main.TestCaseExecutor.processExecutionPhase(TestCaseExecutor.java:412)
	at com.kms.katalon.core.main.TestCaseExecutor.accessMainPhase(TestCaseExecutor.java:404)
	at com.kms.katalon.core.main.TestCaseExecutor.execute(TestCaseExecutor.java:281)
	at com.kms.katalon.core.main.TestSuiteExecutor.accessTestCaseMainPhase(TestSuiteExecutor.java:202)
	at com.kms.katalon.core.main.TestSuiteExecutor.accessTestSuiteMainPhase(TestSuiteExecutor.java:164)
	at com.kms.katalon.core.main.TestSuiteExecutor.execute(TestSuiteExecutor.java:105)
	at com.kms.katalon.core.main.TestCaseMain.startTestSuite(TestCaseMain.java:185)
	at com.kms.katalon.core.main.TestCaseMain$startTestSuite$0.call(Unknown Source)
	at TempTestSuite1656640997204.run(TempTestSuite1656640997204.groovy:36)
Caused by: org.openqa.selenium.WebDriverException: chrome not reachable
  (Session info: chrome=103.0.5060.66)
Build info: version: '3.141.59', revision: 'e82be7d358', time: '2018-11-14T08:25:53'
System info: host: 'DESKTOP-B2QI6NS', ip: '192.168.1.87', os.name: 'Windows 10', os.arch: 'amd64', os.version: '10.0', java.version: '1.8.0_181'
Driver info: com.kms.katalon.selenium.driver.CChromeDriver
Capabilities {acceptInsecureCerts: true, browserName: chrome, browserVersion: 103.0.5060.66, chrome: {chromedriverVersion: 103.0.5060.53 (a1711811edd7..., userDataDir: C:\Users\imtiaz\AppData\Loc...}, goog:chromeOptions: {debuggerAddress: localhost:55017}, javascriptEnabled: true, networkConnectionEnabled: false, pageLoadStrategy: normal, platform: WINDOWS, platformName: WINDOWS, proxy: Proxy(), setWindowRect: true, strictFileInteractability: false, timeouts: {implicit: 0, pageLoad: 300000, script: 30000}, unhandledPromptBehavior: dismiss and notify, webauthn:extension:credBlob: true, webauthn:extension:largeBlob: true, webauthn:virtualAuthenticators: true}
Session ID: efa2b9eb7928154ba23a0472bf5e7ff5
*** Element info: {Using=tag name, value=body}
	at org.openqa.selenium.remote.http.W3CHttpResponseCodec.createException(W3CHttpResponseCodec.java:187)
	at org.openqa.selenium.remote.http.W3CHttpResponseCodec.decode(W3CHttpResponseCodec.java:122)
	at org.openqa.selenium.remote.http.W3CHttpResponseCodec.decode(W3CHttpResponseCodec.java:49)
	at org.openqa.selenium.remote.HttpCommandExecutor.execute(HttpCommandExecutor.java:158)
	at org.openqa.selenium.remote.service.DriverCommandExecutor.execute(DriverCommandExecutor.java:83)
	at org.openqa.selenium.remote.RemoteWebDriver.execute(RemoteWebDriver.java:552)
	at com.kms.katalon.selenium.driver.CChromeDriver.execute(CChromeDriver.java:19)
	at org.openqa.selenium.remote.RemoteWebDriver.findElement(RemoteWebDriver.java:323)
	at org.openqa.selenium.remote.RemoteWebDriver.findElementByTagName(RemoteWebDriver.java:396)
	at org.openqa.selenium.By$ByTagName.findElement(By.java:320)
	at org.openqa.selenium.remote.RemoteWebDriver.findElement(RemoteWebDriver.java:315)
	at org.openqa.selenium.support.events.EventFiringWebDriver.lambda$new$1(EventFiringWebDriver.java:105)
	at com.sun.proxy.$Proxy10.findElement(Unknown Source)
	at org.openqa.selenium.support.events.EventFiringWebDriver.findElement(EventFiringWebDriver.java:194)
	at com.kms.katalon.core.webui.common.WebUiCommonHelper.isTextPresent(WebUiCommonHelper.java:86)
	at com.kms.katalon.core.webui.keyword.builtin.VerifyTextPresentKeyword$_verifyTextPresent_closure1.doCall(VerifyTextPresentKeyword.groovy:75)
	at com.kms.katalon.core.webui.keyword.builtin.VerifyTextPresentKeyword$_verifyTextPresent_closure1.call(VerifyTextPresentKeyword.groovy)
	at com.kms.katalon.core.webui.keyword.internal.WebUIKeywordMain.runKeyword(WebUIKeywordMain.groovy:20)
	at com.kms.katalon.core.webui.keyword.builtin.VerifyTextPresentKeyword.verifyTextPresent(VerifyTextPresentKeyword.groovy:83)
	at com.kms.katalon.core.webui.keyword.builtin.VerifyTextPresentKeyword.execute(VerifyTextPresentKeyword.groovy:68)
	at com.kms.katalon.core.keyword.internal.KeywordExecutor.executeKeywordForPlatform(KeywordExecutor.groovy:74)
	at com.kms.katalon.core.webui.keyword.WebUiBuiltInKeywords.verifyTextPresent(WebUiBuiltInKeywords.groovy:1723)
	at com.kms.katalon.core.webui.keyword.WebUiBuiltInKeywords$verifyTextPresent$4.call(Unknown Source)
	at Script1652205847657.run(Script1652205847657.groovy:146)
	... 13 more
)

2022-06-30 22:18:05 - [MESSAGE][WARNING] - Cannot take screenshot

2022-06-30 22:18:05 - [MESSAGE][FAILED] - Unable to verify text 'UDF1' is present  using regular expression (Root cause: com.kms.katalon.core.exception.StepFailedException: Unable to verify text 'UDF1' is present  using regular expression
	at com.kms.katalon.core.webui.keyword.internal.WebUIKeywordMain.stepFailed(WebUIKeywordMain.groovy:64)
	at com.kms.katalon.core.webui.keyword.internal.WebUIKeywordMain.runKeyword(WebUIKeywordMain.groovy:26)
	at com.kms.katalon.core.webui.keyword.builtin.VerifyTextPresentKeyword.verifyTextPresent(VerifyTextPresentKeyword.groovy:83)
	at com.kms.katalon.core.webui.keyword.builtin.VerifyTextPresentKeyword.execute(VerifyTextPresentKeyword.groovy:68)
	at com.kms.katalon.core.keyword.internal.KeywordExecutor.executeKeywordForPlatform(KeywordExecutor.groovy:74)
	at com.kms.katalon.core.webui.keyword.WebUiBuiltInKeywords.verifyTextPresent(WebUiBuiltInKeywords.groovy:1723)
	at com.kms.katalon.core.webui.keyword.WebUiBuiltInKeywords$verifyTextPresent$4.call(Unknown Source)
	at Sale_TP_AllCF_Generic_Payment_TC.run(Sale_TP_AllCF_Generic_Payment_TC:146)
	at com.kms.katalon.core.main.ScriptEngine.run(ScriptEngine.java:194)
	at com.kms.katalon.core.main.ScriptEngine.runScriptAsRawText(ScriptEngine.java:119)
	at com.kms.katalon.core.main.TestCaseExecutor.runScript(TestCaseExecutor.java:442)
	at com.kms.katalon.core.main.TestCaseExecutor.doExecute(TestCaseExecutor.java:433)
	at com.kms.katalon.core.main.TestCaseExecutor.processExecutionPhase(TestCaseExecutor.java:412)
	at com.kms.katalon.core.main.TestCaseExecutor.accessMainPhase(TestCaseExecutor.java:404)
	at com.kms.katalon.core.main.TestCaseExecutor.execute(TestCaseExecutor.java:281)
	at com.kms.katalon.core.main.TestSuiteExecutor.accessTestCaseMainPhase(TestSuiteExecutor.java:202)
	at com.kms.katalon.core.main.TestSuiteExecutor.accessTestSuiteMainPhase(TestSuiteExecutor.java:164)
	at com.kms.katalon.core.main.TestSuiteExecutor.execute(TestSuiteExecutor.java:105)
	at com.kms.katalon.core.main.TestCaseMain.startTestSuite(TestCaseMain.java:185)
	at com.kms.katalon.core.main.TestCaseMain$startTestSuite$0.call(Unknown Source)
	at TempTestSuite1656640997204.run(TempTestSuite1656640997204.groovy:36)
Caused by: org.openqa.selenium.WebDriverException: chrome not reachable
  (Session info: chrome=103.0.5060.66)
Build info: version: '3.141.59', revision: 'e82be7d358', time: '2018-11-14T08:25:53'
System info: host: 'DESKTOP-B2QI6NS', ip: '192.168.1.87', os.name: 'Windows 10', os.arch: 'amd64', os.version: '10.0', java.version: '1.8.0_181'
Driver info: com.kms.katalon.selenium.driver.CChromeDriver
Capabilities {acceptInsecureCerts: true, browserName: chrome, browserVersion: 103.0.5060.66, chrome: {chromedriverVersion: 103.0.5060.53 (a1711811edd7..., userDataDir: C:\Users\imtiaz\AppData\Loc...}, goog:chromeOptions: {debuggerAddress: localhost:55017}, javascriptEnabled: true, networkConnectionEnabled: false, pageLoadStrategy: normal, platform: WINDOWS, platformName: WINDOWS, proxy: Proxy(), setWindowRect: true, strictFileInteractability: false, timeouts: {implicit: 0, pageLoad: 300000, script: 30000}, unhandledPromptBehavior: dismiss and notify, webauthn:extension:credBlob: true, webauthn:extension:largeBlob: true, webauthn:virtualAuthenticators: true}
Session ID: efa2b9eb7928154ba23a0472bf5e7ff5
*** Element info: {Using=tag name, value=body}
	at org.openqa.selenium.remote.http.W3CHttpResponseCodec.createException(W3CHttpResponseCodec.java:187)
	at org.openqa.selenium.remote.http.W3CHttpResponseCodec.decode(W3CHttpResponseCodec.java:122)
	at org.openqa.selenium.remote.http.W3CHttpResponseCodec.decode(W3CHttpResponseCodec.java:49)
	at org.openqa.selenium.remote.HttpCommandExecutor.execute(HttpCommandExecutor.java:158)
	at org.openqa.selenium.remote.service.DriverCommandExecutor.execute(DriverCommandExecutor.java:83)
	at org.openqa.selenium.remote.RemoteWebDriver.execute(RemoteWebDriver.java:552)
	at com.kms.katalon.selenium.driver.CChromeDriver.execute(CChromeDriver.java:19)
	at org.openqa.selenium.remote.RemoteWebDriver.findElement(RemoteWebDriver.java:323)
	at org.openqa.selenium.remote.RemoteWebDriver.findElementByTagName(RemoteWebDriver.java:396)
	at org.openqa.selenium.By$ByTagName.findElement(By.java:320)
	at org.openqa.selenium.remote.RemoteWebDriver.findElement(RemoteWebDriver.java:315)
	at org.openqa.selenium.support.events.EventFiringWebDriver.lambda$new$1(EventFiringWebDriver.java:105)
	at com.sun.proxy.$Proxy10.findElement(Unknown Source)
	at org.openqa.selenium.support.events.EventFiringWebDriver.findElement(EventFiringWebDriver.java:194)
	at com.kms.katalon.core.webui.common.WebUiCommonHelper.isTextPresent(WebUiCommonHelper.java:86)
	at com.kms.katalon.core.webui.keyword.builtin.VerifyTextPresentKeyword$_verifyTextPresent_closure1.doCall(VerifyTextPresentKeyword.groovy:75)
	at com.kms.katalon.core.webui.keyword.builtin.VerifyTextPresentKeyword$_verifyTextPresent_closure1.call(VerifyTextPresentKeyword.groovy)
	at com.kms.katalon.core.webui.keyword.internal.WebUIKeywordMain.runKeyword(WebUIKeywordMain.groovy:20)
	at com.kms.katalon.core.webui.keyword.builtin.VerifyTextPresentKeyword.verifyTextPresent(VerifyTextPresentKeyword.groovy:83)
	at com.kms.katalon.core.webui.keyword.builtin.VerifyTextPresentKeyword.execute(VerifyTextPresentKeyword.groovy:68)
	at com.kms.katalon.core.keyword.internal.KeywordExecutor.executeKeywordForPlatform(KeywordExecutor.groovy:74)
	at com.kms.katalon.core.webui.keyword.WebUiBuiltInKeywords.verifyTextPresent(WebUiBuiltInKeywords.groovy:1723)
	at com.kms.katalon.core.webui.keyword.WebUiBuiltInKeywords$verifyTextPresent$4.call(Unknown Source)
	at Script1652205847657.run(Script1652205847657.groovy:146)
	... 13 more
)

2022-06-30 22:18:05 - [TEST_STEP][FAILED] - verifyTextPresent("UDF2", true): Unable to verify text 'UDF2' is present  using regular expression (Root cause: com.kms.katalon.core.exception.StepFailedException: Unable to verify text 'UDF2' is present  using regular expression
	at com.kms.katalon.core.webui.keyword.internal.WebUIKeywordMain.stepFailed(WebUIKeywordMain.groovy:64)
	at com.kms.katalon.core.webui.keyword.internal.WebUIKeywordMain.runKeyword(WebUIKeywordMain.groovy:26)
	at com.kms.katalon.core.webui.keyword.builtin.VerifyTextPresentKeyword.verifyTextPresent(VerifyTextPresentKeyword.groovy:83)
	at com.kms.katalon.core.webui.keyword.builtin.VerifyTextPresentKeyword.execute(VerifyTextPresentKeyword.groovy:68)
	at com.kms.katalon.core.keyword.internal.KeywordExecutor.executeKeywordForPlatform(KeywordExecutor.groovy:74)
	at com.kms.katalon.core.webui.keyword.WebUiBuiltInKeywords.verifyTextPresent(WebUiBuiltInKeywords.groovy:1723)
	at com.kms.katalon.core.webui.keyword.WebUiBuiltInKeywords$verifyTextPresent$4.call(Unknown Source)
	at Sale_TP_AllCF_Generic_Payment_TC.run(Sale_TP_AllCF_Generic_Payment_TC:147)
	at com.kms.katalon.core.main.ScriptEngine.run(ScriptEngine.java:194)
	at com.kms.katalon.core.main.ScriptEngine.runScriptAsRawText(ScriptEngine.java:119)
	at com.kms.katalon.core.main.TestCaseExecutor.runScript(TestCaseExecutor.java:442)
	at com.kms.katalon.core.main.TestCaseExecutor.doExecute(TestCaseExecutor.java:433)
	at com.kms.katalon.core.main.TestCaseExecutor.processExecutionPhase(TestCaseExecutor.java:412)
	at com.kms.katalon.core.main.TestCaseExecutor.accessMainPhase(TestCaseExecutor.java:404)
	at com.kms.katalon.core.main.TestCaseExecutor.execute(TestCaseExecutor.java:281)
	at com.kms.katalon.core.main.TestSuiteExecutor.accessTestCaseMainPhase(TestSuiteExecutor.java:202)
	at com.kms.katalon.core.main.TestSuiteExecutor.accessTestSuiteMainPhase(TestSuiteExecutor.java:164)
	at com.kms.katalon.core.main.TestSuiteExecutor.execute(TestSuiteExecutor.java:105)
	at com.kms.katalon.core.main.TestCaseMain.startTestSuite(TestCaseMain.java:185)
	at com.kms.katalon.core.main.TestCaseMain$startTestSuite$0.call(Unknown Source)
	at TempTestSuite1656640997204.run(TempTestSuite1656640997204.groovy:36)
Caused by: org.openqa.selenium.WebDriverException: chrome not reachable
  (Session info: chrome=103.0.5060.66)
Build info: version: '3.141.59', revision: 'e82be7d358', time: '2018-11-14T08:25:53'
System info: host: 'DESKTOP-B2QI6NS', ip: '192.168.1.87', os.name: 'Windows 10', os.arch: 'amd64', os.version: '10.0', java.version: '1.8.0_181'
Driver info: com.kms.katalon.selenium.driver.CChromeDriver
Capabilities {acceptInsecureCerts: true, browserName: chrome, browserVersion: 103.0.5060.66, chrome: {chromedriverVersion: 103.0.5060.53 (a1711811edd7..., userDataDir: C:\Users\imtiaz\AppData\Loc...}, goog:chromeOptions: {debuggerAddress: localhost:55017}, javascriptEnabled: true, networkConnectionEnabled: false, pageLoadStrategy: normal, platform: WINDOWS, platformName: WINDOWS, proxy: Proxy(), setWindowRect: true, strictFileInteractability: false, timeouts: {implicit: 0, pageLoad: 300000, script: 30000}, unhandledPromptBehavior: dismiss and notify, webauthn:extension:credBlob: true, webauthn:extension:largeBlob: true, webauthn:virtualAuthenticators: true}
Session ID: efa2b9eb7928154ba23a0472bf5e7ff5
*** Element info: {Using=tag name, value=body}
	at org.openqa.selenium.remote.http.W3CHttpResponseCodec.createException(W3CHttpResponseCodec.java:187)
	at org.openqa.selenium.remote.http.W3CHttpResponseCodec.decode(W3CHttpResponseCodec.java:122)
	at org.openqa.selenium.remote.http.W3CHttpResponseCodec.decode(W3CHttpResponseCodec.java:49)
	at org.openqa.selenium.remote.HttpCommandExecutor.execute(HttpCommandExecutor.java:158)
	at org.openqa.selenium.remote.service.DriverCommandExecutor.execute(DriverCommandExecutor.java:83)
	at org.openqa.selenium.remote.RemoteWebDriver.execute(RemoteWebDriver.java:552)
	at com.kms.katalon.selenium.driver.CChromeDriver.execute(CChromeDriver.java:19)
	at org.openqa.selenium.remote.RemoteWebDriver.findElement(RemoteWebDriver.java:323)
	at org.openqa.selenium.remote.RemoteWebDriver.findElementByTagName(RemoteWebDriver.java:396)
	at org.openqa.selenium.By$ByTagName.findElement(By.java:320)
	at org.openqa.selenium.remote.RemoteWebDriver.findElement(RemoteWebDriver.java:315)
	at org.openqa.selenium.support.events.EventFiringWebDriver.lambda$new$1(EventFiringWebDriver.java:105)
	at com.sun.proxy.$Proxy10.findElement(Unknown Source)
	at org.openqa.selenium.support.events.EventFiringWebDriver.findElement(EventFiringWebDriver.java:194)
	at com.kms.katalon.core.webui.common.WebUiCommonHelper.isTextPresent(WebUiCommonHelper.java:86)
	at com.kms.katalon.core.webui.keyword.builtin.VerifyTextPresentKeyword$_verifyTextPresent_closure1.doCall(VerifyTextPresentKeyword.groovy:75)
	at com.kms.katalon.core.webui.keyword.builtin.VerifyTextPresentKeyword$_verifyTextPresent_closure1.call(VerifyTextPresentKeyword.groovy)
	at com.kms.katalon.core.webui.keyword.internal.WebUIKeywordMain.runKeyword(WebUIKeywordMain.groovy:20)
	at com.kms.katalon.core.webui.keyword.builtin.VerifyTextPresentKeyword.verifyTextPresent(VerifyTextPresentKeyword.groovy:83)
	at com.kms.katalon.core.webui.keyword.builtin.VerifyTextPresentKeyword.execute(VerifyTextPresentKeyword.groovy:68)
	at com.kms.katalon.core.keyword.internal.KeywordExecutor.executeKeywordForPlatform(KeywordExecutor.groovy:74)
	at com.kms.katalon.core.webui.keyword.WebUiBuiltInKeywords.verifyTextPresent(WebUiBuiltInKeywords.groovy:1723)
	at com.kms.katalon.core.webui.keyword.WebUiBuiltInKeywords$verifyTextPresent$4.call(Unknown Source)
	at Script1652205847657.run(Script1652205847657.groovy:147)
	... 13 more
)

2022-06-30 22:18:17 - [MESSAGE][WARNING] - Cannot take screenshot

2022-06-30 22:18:17 - [MESSAGE][FAILED] - Unable to verify text 'UDF2' is present  using regular expression (Root cause: com.kms.katalon.core.exception.StepFailedException: Unable to verify text 'UDF2' is present  using regular expression
	at com.kms.katalon.core.webui.keyword.internal.WebUIKeywordMain.stepFailed(WebUIKeywordMain.groovy:64)
	at com.kms.katalon.core.webui.keyword.internal.WebUIKeywordMain.runKeyword(WebUIKeywordMain.groovy:26)
	at com.kms.katalon.core.webui.keyword.builtin.VerifyTextPresentKeyword.verifyTextPresent(VerifyTextPresentKeyword.groovy:83)
	at com.kms.katalon.core.webui.keyword.builtin.VerifyTextPresentKeyword.execute(VerifyTextPresentKeyword.groovy:68)
	at com.kms.katalon.core.keyword.internal.KeywordExecutor.executeKeywordForPlatform(KeywordExecutor.groovy:74)
	at com.kms.katalon.core.webui.keyword.WebUiBuiltInKeywords.verifyTextPresent(WebUiBuiltInKeywords.groovy:1723)
	at com.kms.katalon.core.webui.keyword.WebUiBuiltInKeywords$verifyTextPresent$4.call(Unknown Source)
	at Sale_TP_AllCF_Generic_Payment_TC.run(Sale_TP_AllCF_Generic_Payment_TC:147)
	at com.kms.katalon.core.main.ScriptEngine.run(ScriptEngine.java:194)
	at com.kms.katalon.core.main.ScriptEngine.runScriptAsRawText(ScriptEngine.java:119)
	at com.kms.katalon.core.main.TestCaseExecutor.runScript(TestCaseExecutor.java:442)
	at com.kms.katalon.core.main.TestCaseExecutor.doExecute(TestCaseExecutor.java:433)
	at com.kms.katalon.core.main.TestCaseExecutor.processExecutionPhase(TestCaseExecutor.java:412)
	at com.kms.katalon.core.main.TestCaseExecutor.accessMainPhase(TestCaseExecutor.java:404)
	at com.kms.katalon.core.main.TestCaseExecutor.execute(TestCaseExecutor.java:281)
	at com.kms.katalon.core.main.TestSuiteExecutor.accessTestCaseMainPhase(TestSuiteExecutor.java:202)
	at com.kms.katalon.core.main.TestSuiteExecutor.accessTestSuiteMainPhase(TestSuiteExecutor.java:164)
	at com.kms.katalon.core.main.TestSuiteExecutor.execute(TestSuiteExecutor.java:105)
	at com.kms.katalon.core.main.TestCaseMain.startTestSuite(TestCaseMain.java:185)
	at com.kms.katalon.core.main.TestCaseMain$startTestSuite$0.call(Unknown Source)
	at TempTestSuite1656640997204.run(TempTestSuite1656640997204.groovy:36)
Caused by: org.openqa.selenium.WebDriverException: chrome not reachable
  (Session info: chrome=103.0.5060.66)
Build info: version: '3.141.59', revision: 'e82be7d358', time: '2018-11-14T08:25:53'
System info: host: 'DESKTOP-B2QI6NS', ip: '192.168.1.87', os.name: 'Windows 10', os.arch: 'amd64', os.version: '10.0', java.version: '1.8.0_181'
Driver info: com.kms.katalon.selenium.driver.CChromeDriver
Capabilities {acceptInsecureCerts: true, browserName: chrome, browserVersion: 103.0.5060.66, chrome: {chromedriverVersion: 103.0.5060.53 (a1711811edd7..., userDataDir: C:\Users\imtiaz\AppData\Loc...}, goog:chromeOptions: {debuggerAddress: localhost:55017}, javascriptEnabled: true, networkConnectionEnabled: false, pageLoadStrategy: normal, platform: WINDOWS, platformName: WINDOWS, proxy: Proxy(), setWindowRect: true, strictFileInteractability: false, timeouts: {implicit: 0, pageLoad: 300000, script: 30000}, unhandledPromptBehavior: dismiss and notify, webauthn:extension:credBlob: true, webauthn:extension:largeBlob: true, webauthn:virtualAuthenticators: true}
Session ID: efa2b9eb7928154ba23a0472bf5e7ff5
*** Element info: {Using=tag name, value=body}
	at org.openqa.selenium.remote.http.W3CHttpResponseCodec.createException(W3CHttpResponseCodec.java:187)
	at org.openqa.selenium.remote.http.W3CHttpResponseCodec.decode(W3CHttpResponseCodec.java:122)
	at org.openqa.selenium.remote.http.W3CHttpResponseCodec.decode(W3CHttpResponseCodec.java:49)
	at org.openqa.selenium.remote.HttpCommandExecutor.execute(HttpCommandExecutor.java:158)
	at org.openqa.selenium.remote.service.DriverCommandExecutor.execute(DriverCommandExecutor.java:83)
	at org.openqa.selenium.remote.RemoteWebDriver.execute(RemoteWebDriver.java:552)
	at com.kms.katalon.selenium.driver.CChromeDriver.execute(CChromeDriver.java:19)
	at org.openqa.selenium.remote.RemoteWebDriver.findElement(RemoteWebDriver.java:323)
	at org.openqa.selenium.remote.RemoteWebDriver.findElementByTagName(RemoteWebDriver.java:396)
	at org.openqa.selenium.By$ByTagName.findElement(By.java:320)
	at org.openqa.selenium.remote.RemoteWebDriver.findElement(RemoteWebDriver.java:315)
	at org.openqa.selenium.support.events.EventFiringWebDriver.lambda$new$1(EventFiringWebDriver.java:105)
	at com.sun.proxy.$Proxy10.findElement(Unknown Source)
	at org.openqa.selenium.support.events.EventFiringWebDriver.findElement(EventFiringWebDriver.java:194)
	at com.kms.katalon.core.webui.common.WebUiCommonHelper.isTextPresent(WebUiCommonHelper.java:86)
	at com.kms.katalon.core.webui.keyword.builtin.VerifyTextPresentKeyword$_verifyTextPresent_closure1.doCall(VerifyTextPresentKeyword.groovy:75)
	at com.kms.katalon.core.webui.keyword.builtin.VerifyTextPresentKeyword$_verifyTextPresent_closure1.call(VerifyTextPresentKeyword.groovy)
	at com.kms.katalon.core.webui.keyword.internal.WebUIKeywordMain.runKeyword(WebUIKeywordMain.groovy:20)
	at com.kms.katalon.core.webui.keyword.builtin.VerifyTextPresentKeyword.verifyTextPresent(VerifyTextPresentKeyword.groovy:83)
	at com.kms.katalon.core.webui.keyword.builtin.VerifyTextPresentKeyword.execute(VerifyTextPresentKeyword.groovy:68)
	at com.kms.katalon.core.keyword.internal.KeywordExecutor.executeKeywordForPlatform(KeywordExecutor.groovy:74)
	at com.kms.katalon.core.webui.keyword.WebUiBuiltInKeywords.verifyTextPresent(WebUiBuiltInKeywords.groovy:1723)
	at com.kms.katalon.core.webui.keyword.WebUiBuiltInKeywords$verifyTextPresent$4.call(Unknown Source)
	at Script1652205847657.run(Script1652205847657.groovy:147)
	... 13 more
)

2022-06-30 22:18:17 - [TEST_STEP][FAILED] - verifyTextPresent("UDF3", true): Unable to verify text 'UDF3' is present  using regular expression (Root cause: com.kms.katalon.core.exception.StepFailedException: Unable to verify text 'UDF3' is present  using regular expression
	at com.kms.katalon.core.webui.keyword.internal.WebUIKeywordMain.stepFailed(WebUIKeywordMain.groovy:64)
	at com.kms.katalon.core.webui.keyword.internal.WebUIKeywordMain.runKeyword(WebUIKeywordMain.groovy:26)
	at com.kms.katalon.core.webui.keyword.builtin.VerifyTextPresentKeyword.verifyTextPresent(VerifyTextPresentKeyword.groovy:83)
	at com.kms.katalon.core.webui.keyword.builtin.VerifyTextPresentKeyword.execute(VerifyTextPresentKeyword.groovy:68)
	at com.kms.katalon.core.keyword.internal.KeywordExecutor.executeKeywordForPlatform(KeywordExecutor.groovy:74)
	at com.kms.katalon.core.webui.keyword.WebUiBuiltInKeywords.verifyTextPresent(WebUiBuiltInKeywords.groovy:1723)
	at com.kms.katalon.core.webui.keyword.WebUiBuiltInKeywords$verifyTextPresent$4.call(Unknown Source)
	at Sale_TP_AllCF_Generic_Payment_TC.run(Sale_TP_AllCF_Generic_Payment_TC:148)
	at com.kms.katalon.core.main.ScriptEngine.run(ScriptEngine.java:194)
	at com.kms.katalon.core.main.ScriptEngine.runScriptAsRawText(ScriptEngine.java:119)
	at com.kms.katalon.core.main.TestCaseExecutor.runScript(TestCaseExecutor.java:442)
	at com.kms.katalon.core.main.TestCaseExecutor.doExecute(TestCaseExecutor.java:433)
	at com.kms.katalon.core.main.TestCaseExecutor.processExecutionPhase(TestCaseExecutor.java:412)
	at com.kms.katalon.core.main.TestCaseExecutor.accessMainPhase(TestCaseExecutor.java:404)
	at com.kms.katalon.core.main.TestCaseExecutor.execute(TestCaseExecutor.java:281)
	at com.kms.katalon.core.main.TestSuiteExecutor.accessTestCaseMainPhase(TestSuiteExecutor.java:202)
	at com.kms.katalon.core.main.TestSuiteExecutor.accessTestSuiteMainPhase(TestSuiteExecutor.java:164)
	at com.kms.katalon.core.main.TestSuiteExecutor.execute(TestSuiteExecutor.java:105)
	at com.kms.katalon.core.main.TestCaseMain.startTestSuite(TestCaseMain.java:185)
	at com.kms.katalon.core.main.TestCaseMain$startTestSuite$0.call(Unknown Source)
	at TempTestSuite1656640997204.run(TempTestSuite1656640997204.groovy:36)
Caused by: org.openqa.selenium.WebDriverException: chrome not reachable
  (Session info: chrome=103.0.5060.66)
Build info: version: '3.141.59', revision: 'e82be7d358', time: '2018-11-14T08:25:53'
System info: host: 'DESKTOP-B2QI6NS', ip: '192.168.1.87', os.name: 'Windows 10', os.arch: 'amd64', os.version: '10.0', java.version: '1.8.0_181'
Driver info: com.kms.katalon.selenium.driver.CChromeDriver
Capabilities {acceptInsecureCerts: true, browserName: chrome, browserVersion: 103.0.5060.66, chrome: {chromedriverVersion: 103.0.5060.53 (a1711811edd7..., userDataDir: C:\Users\imtiaz\AppData\Loc...}, goog:chromeOptions: {debuggerAddress: localhost:55017}, javascriptEnabled: true, networkConnectionEnabled: false, pageLoadStrategy: normal, platform: WINDOWS, platformName: WINDOWS, proxy: Proxy(), setWindowRect: true, strictFileInteractability: false, timeouts: {implicit: 0, pageLoad: 300000, script: 30000}, unhandledPromptBehavior: dismiss and notify, webauthn:extension:credBlob: true, webauthn:extension:largeBlob: true, webauthn:virtualAuthenticators: true}
Session ID: efa2b9eb7928154ba23a0472bf5e7ff5
*** Element info: {Using=tag name, value=body}
	at org.openqa.selenium.remote.http.W3CHttpResponseCodec.createException(W3CHttpResponseCodec.java:187)
	at org.openqa.selenium.remote.http.W3CHttpResponseCodec.decode(W3CHttpResponseCodec.java:122)
	at org.openqa.selenium.remote.http.W3CHttpResponseCodec.decode(W3CHttpResponseCodec.java:49)
	at org.openqa.selenium.remote.HttpCommandExecutor.execute(HttpCommandExecutor.java:158)
	at org.openqa.selenium.remote.service.DriverCommandExecutor.execute(DriverCommandExecutor.java:83)
	at org.openqa.selenium.remote.RemoteWebDriver.execute(RemoteWebDriver.java:552)
	at com.kms.katalon.selenium.driver.CChromeDriver.execute(CChromeDriver.java:19)
	at org.openqa.selenium.remote.RemoteWebDriver.findElement(RemoteWebDriver.java:323)
	at org.openqa.selenium.remote.RemoteWebDriver.findElementByTagName(RemoteWebDriver.java:396)
	at org.openqa.selenium.By$ByTagName.findElement(By.java:320)
	at org.openqa.selenium.remote.RemoteWebDriver.findElement(RemoteWebDriver.java:315)
	at org.openqa.selenium.support.events.EventFiringWebDriver.lambda$new$1(EventFiringWebDriver.java:105)
	at com.sun.proxy.$Proxy10.findElement(Unknown Source)
	at org.openqa.selenium.support.events.EventFiringWebDriver.findElement(EventFiringWebDriver.java:194)
	at com.kms.katalon.core.webui.common.WebUiCommonHelper.isTextPresent(WebUiCommonHelper.java:86)
	at com.kms.katalon.core.webui.keyword.builtin.VerifyTextPresentKeyword$_verifyTextPresent_closure1.doCall(VerifyTextPresentKeyword.groovy:75)
	at com.kms.katalon.core.webui.keyword.builtin.VerifyTextPresentKeyword$_verifyTextPresent_closure1.call(VerifyTextPresentKeyword.groovy)
	at com.kms.katalon.core.webui.keyword.internal.WebUIKeywordMain.runKeyword(WebUIKeywordMain.groovy:20)
	at com.kms.katalon.core.webui.keyword.builtin.VerifyTextPresentKeyword.verifyTextPresent(VerifyTextPresentKeyword.groovy:83)
	at com.kms.katalon.core.webui.keyword.builtin.VerifyTextPresentKeyword.execute(VerifyTextPresentKeyword.groovy:68)
	at com.kms.katalon.core.keyword.internal.KeywordExecutor.executeKeywordForPlatform(KeywordExecutor.groovy:74)
	at com.kms.katalon.core.webui.keyword.WebUiBuiltInKeywords.verifyTextPresent(WebUiBuiltInKeywords.groovy:1723)
	at com.kms.katalon.core.webui.keyword.WebUiBuiltInKeywords$verifyTextPresent$4.call(Unknown Source)
	at Script1652205847657.run(Script1652205847657.groovy:148)
	... 13 more
)

2022-06-30 22:18:29 - [MESSAGE][WARNING] - Cannot take screenshot

2022-06-30 22:18:29 - [MESSAGE][FAILED] - Unable to verify text 'UDF3' is present  using regular expression (Root cause: com.kms.katalon.core.exception.StepFailedException: Unable to verify text 'UDF3' is present  using regular expression
	at com.kms.katalon.core.webui.keyword.internal.WebUIKeywordMain.stepFailed(WebUIKeywordMain.groovy:64)
	at com.kms.katalon.core.webui.keyword.internal.WebUIKeywordMain.runKeyword(WebUIKeywordMain.groovy:26)
	at com.kms.katalon.core.webui.keyword.builtin.VerifyTextPresentKeyword.verifyTextPresent(VerifyTextPresentKeyword.groovy:83)
	at com.kms.katalon.core.webui.keyword.builtin.VerifyTextPresentKeyword.execute(VerifyTextPresentKeyword.groovy:68)
	at com.kms.katalon.core.keyword.internal.KeywordExecutor.executeKeywordForPlatform(KeywordExecutor.groovy:74)
	at com.kms.katalon.core.webui.keyword.WebUiBuiltInKeywords.verifyTextPresent(WebUiBuiltInKeywords.groovy:1723)
	at com.kms.katalon.core.webui.keyword.WebUiBuiltInKeywords$verifyTextPresent$4.call(Unknown Source)
	at Sale_TP_AllCF_Generic_Payment_TC.run(Sale_TP_AllCF_Generic_Payment_TC:148)
	at com.kms.katalon.core.main.ScriptEngine.run(ScriptEngine.java:194)
	at com.kms.katalon.core.main.ScriptEngine.runScriptAsRawText(ScriptEngine.java:119)
	at com.kms.katalon.core.main.TestCaseExecutor.runScript(TestCaseExecutor.java:442)
	at com.kms.katalon.core.main.TestCaseExecutor.doExecute(TestCaseExecutor.java:433)
	at com.kms.katalon.core.main.TestCaseExecutor.processExecutionPhase(TestCaseExecutor.java:412)
	at com.kms.katalon.core.main.TestCaseExecutor.accessMainPhase(TestCaseExecutor.java:404)
	at com.kms.katalon.core.main.TestCaseExecutor.execute(TestCaseExecutor.java:281)
	at com.kms.katalon.core.main.TestSuiteExecutor.accessTestCaseMainPhase(TestSuiteExecutor.java:202)
	at com.kms.katalon.core.main.TestSuiteExecutor.accessTestSuiteMainPhase(TestSuiteExecutor.java:164)
	at com.kms.katalon.core.main.TestSuiteExecutor.execute(TestSuiteExecutor.java:105)
	at com.kms.katalon.core.main.TestCaseMain.startTestSuite(TestCaseMain.java:185)
	at com.kms.katalon.core.main.TestCaseMain$startTestSuite$0.call(Unknown Source)
	at TempTestSuite1656640997204.run(TempTestSuite1656640997204.groovy:36)
Caused by: org.openqa.selenium.WebDriverException: chrome not reachable
  (Session info: chrome=103.0.5060.66)
Build info: version: '3.141.59', revision: 'e82be7d358', time: '2018-11-14T08:25:53'
System info: host: 'DESKTOP-B2QI6NS', ip: '192.168.1.87', os.name: 'Windows 10', os.arch: 'amd64', os.version: '10.0', java.version: '1.8.0_181'
Driver info: com.kms.katalon.selenium.driver.CChromeDriver
Capabilities {acceptInsecureCerts: true, browserName: chrome, browserVersion: 103.0.5060.66, chrome: {chromedriverVersion: 103.0.5060.53 (a1711811edd7..., userDataDir: C:\Users\imtiaz\AppData\Loc...}, goog:chromeOptions: {debuggerAddress: localhost:55017}, javascriptEnabled: true, networkConnectionEnabled: false, pageLoadStrategy: normal, platform: WINDOWS, platformName: WINDOWS, proxy: Proxy(), setWindowRect: true, strictFileInteractability: false, timeouts: {implicit: 0, pageLoad: 300000, script: 30000}, unhandledPromptBehavior: dismiss and notify, webauthn:extension:credBlob: true, webauthn:extension:largeBlob: true, webauthn:virtualAuthenticators: true}
Session ID: efa2b9eb7928154ba23a0472bf5e7ff5
*** Element info: {Using=tag name, value=body}
	at org.openqa.selenium.remote.http.W3CHttpResponseCodec.createException(W3CHttpResponseCodec.java:187)
	at org.openqa.selenium.remote.http.W3CHttpResponseCodec.decode(W3CHttpResponseCodec.java:122)
	at org.openqa.selenium.remote.http.W3CHttpResponseCodec.decode(W3CHttpResponseCodec.java:49)
	at org.openqa.selenium.remote.HttpCommandExecutor.execute(HttpCommandExecutor.java:158)
	at org.openqa.selenium.remote.service.DriverCommandExecutor.execute(DriverCommandExecutor.java:83)
	at org.openqa.selenium.remote.RemoteWebDriver.execute(RemoteWebDriver.java:552)
	at com.kms.katalon.selenium.driver.CChromeDriver.execute(CChromeDriver.java:19)
	at org.openqa.selenium.remote.RemoteWebDriver.findElement(RemoteWebDriver.java:323)
	at org.openqa.selenium.remote.RemoteWebDriver.findElementByTagName(RemoteWebDriver.java:396)
	at org.openqa.selenium.By$ByTagName.findElement(By.java:320)
	at org.openqa.selenium.remote.RemoteWebDriver.findElement(RemoteWebDriver.java:315)
	at org.openqa.selenium.support.events.EventFiringWebDriver.lambda$new$1(EventFiringWebDriver.java:105)
	at com.sun.proxy.$Proxy10.findElement(Unknown Source)
	at org.openqa.selenium.support.events.EventFiringWebDriver.findElement(EventFiringWebDriver.java:194)
	at com.kms.katalon.core.webui.common.WebUiCommonHelper.isTextPresent(WebUiCommonHelper.java:86)
	at com.kms.katalon.core.webui.keyword.builtin.VerifyTextPresentKeyword$_verifyTextPresent_closure1.doCall(VerifyTextPresentKeyword.groovy:75)
	at com.kms.katalon.core.webui.keyword.builtin.VerifyTextPresentKeyword$_verifyTextPresent_closure1.call(VerifyTextPresentKeyword.groovy)
	at com.kms.katalon.core.webui.keyword.internal.WebUIKeywordMain.runKeyword(WebUIKeywordMain.groovy:20)
	at com.kms.katalon.core.webui.keyword.builtin.VerifyTextPresentKeyword.verifyTextPresent(VerifyTextPresentKeyword.groovy:83)
	at com.kms.katalon.core.webui.keyword.builtin.VerifyTextPresentKeyword.execute(VerifyTextPresentKeyword.groovy:68)
	at com.kms.katalon.core.keyword.internal.KeywordExecutor.executeKeywordForPlatform(KeywordExecutor.groovy:74)
	at com.kms.katalon.core.webui.keyword.WebUiBuiltInKeywords.verifyTextPresent(WebUiBuiltInKeywords.groovy:1723)
	at com.kms.katalon.core.webui.keyword.WebUiBuiltInKeywords$verifyTextPresent$4.call(Unknown Source)
	at Script1652205847657.run(Script1652205847657.groovy:148)
	... 13 more
)

2022-06-30 22:18:29 - [TEST_STEP][FAILED] - verifyTextPresent("UDF4", true): Unable to verify text 'UDF4' is present  using regular expression (Root cause: com.kms.katalon.core.exception.StepFailedException: Unable to verify text 'UDF4' is present  using regular expression
	at com.kms.katalon.core.webui.keyword.internal.WebUIKeywordMain.stepFailed(WebUIKeywordMain.groovy:64)
	at com.kms.katalon.core.webui.keyword.internal.WebUIKeywordMain.runKeyword(WebUIKeywordMain.groovy:26)
	at com.kms.katalon.core.webui.keyword.builtin.VerifyTextPresentKeyword.verifyTextPresent(VerifyTextPresentKeyword.groovy:83)
	at com.kms.katalon.core.webui.keyword.builtin.VerifyTextPresentKeyword.execute(VerifyTextPresentKeyword.groovy:68)
	at com.kms.katalon.core.keyword.internal.KeywordExecutor.executeKeywordForPlatform(KeywordExecutor.groovy:74)
	at com.kms.katalon.core.webui.keyword.WebUiBuiltInKeywords.verifyTextPresent(WebUiBuiltInKeywords.groovy:1723)
	at com.kms.katalon.core.webui.keyword.WebUiBuiltInKeywords$verifyTextPresent$4.call(Unknown Source)
	at Sale_TP_AllCF_Generic_Payment_TC.run(Sale_TP_AllCF_Generic_Payment_TC:149)
	at com.kms.katalon.core.main.ScriptEngine.run(ScriptEngine.java:194)
	at com.kms.katalon.core.main.ScriptEngine.runScriptAsRawText(ScriptEngine.java:119)
	at com.kms.katalon.core.main.TestCaseExecutor.runScript(TestCaseExecutor.java:442)
	at com.kms.katalon.core.main.TestCaseExecutor.doExecute(TestCaseExecutor.java:433)
	at com.kms.katalon.core.main.TestCaseExecutor.processExecutionPhase(TestCaseExecutor.java:412)
	at com.kms.katalon.core.main.TestCaseExecutor.accessMainPhase(TestCaseExecutor.java:404)
	at com.kms.katalon.core.main.TestCaseExecutor.execute(TestCaseExecutor.java:281)
	at com.kms.katalon.core.main.TestSuiteExecutor.accessTestCaseMainPhase(TestSuiteExecutor.java:202)
	at com.kms.katalon.core.main.TestSuiteExecutor.accessTestSuiteMainPhase(TestSuiteExecutor.java:164)
	at com.kms.katalon.core.main.TestSuiteExecutor.execute(TestSuiteExecutor.java:105)
	at com.kms.katalon.core.main.TestCaseMain.startTestSuite(TestCaseMain.java:185)
	at com.kms.katalon.core.main.TestCaseMain$startTestSuite$0.call(Unknown Source)
	at TempTestSuite1656640997204.run(TempTestSuite1656640997204.groovy:36)
Caused by: org.openqa.selenium.WebDriverException: chrome not reachable
  (Session info: chrome=103.0.5060.66)
Build info: version: '3.141.59', revision: 'e82be7d358', time: '2018-11-14T08:25:53'
System info: host: 'DESKTOP-B2QI6NS', ip: '192.168.1.87', os.name: 'Windows 10', os.arch: 'amd64', os.version: '10.0', java.version: '1.8.0_181'
Driver info: com.kms.katalon.selenium.driver.CChromeDriver
Capabilities {acceptInsecureCerts: true, browserName: chrome, browserVersion: 103.0.5060.66, chrome: {chromedriverVersion: 103.0.5060.53 (a1711811edd7..., userDataDir: C:\Users\imtiaz\AppData\Loc...}, goog:chromeOptions: {debuggerAddress: localhost:55017}, javascriptEnabled: true, networkConnectionEnabled: false, pageLoadStrategy: normal, platform: WINDOWS, platformName: WINDOWS, proxy: Proxy(), setWindowRect: true, strictFileInteractability: false, timeouts: {implicit: 0, pageLoad: 300000, script: 30000}, unhandledPromptBehavior: dismiss and notify, webauthn:extension:credBlob: true, webauthn:extension:largeBlob: true, webauthn:virtualAuthenticators: true}
Session ID: efa2b9eb7928154ba23a0472bf5e7ff5
*** Element info: {Using=tag name, value=body}
	at org.openqa.selenium.remote.http.W3CHttpResponseCodec.createException(W3CHttpResponseCodec.java:187)
	at org.openqa.selenium.remote.http.W3CHttpResponseCodec.decode(W3CHttpResponseCodec.java:122)
	at org.openqa.selenium.remote.http.W3CHttpResponseCodec.decode(W3CHttpResponseCodec.java:49)
	at org.openqa.selenium.remote.HttpCommandExecutor.execute(HttpCommandExecutor.java:158)
	at org.openqa.selenium.remote.service.DriverCommandExecutor.execute(DriverCommandExecutor.java:83)
	at org.openqa.selenium.remote.RemoteWebDriver.execute(RemoteWebDriver.java:552)
	at com.kms.katalon.selenium.driver.CChromeDriver.execute(CChromeDriver.java:19)
	at org.openqa.selenium.remote.RemoteWebDriver.findElement(RemoteWebDriver.java:323)
	at org.openqa.selenium.remote.RemoteWebDriver.findElementByTagName(RemoteWebDriver.java:396)
	at org.openqa.selenium.By$ByTagName.findElement(By.java:320)
	at org.openqa.selenium.remote.RemoteWebDriver.findElement(RemoteWebDriver.java:315)
	at org.openqa.selenium.support.events.EventFiringWebDriver.lambda$new$1(EventFiringWebDriver.java:105)
	at com.sun.proxy.$Proxy10.findElement(Unknown Source)
	at org.openqa.selenium.support.events.EventFiringWebDriver.findElement(EventFiringWebDriver.java:194)
	at com.kms.katalon.core.webui.common.WebUiCommonHelper.isTextPresent(WebUiCommonHelper.java:86)
	at com.kms.katalon.core.webui.keyword.builtin.VerifyTextPresentKeyword$_verifyTextPresent_closure1.doCall(VerifyTextPresentKeyword.groovy:75)
	at com.kms.katalon.core.webui.keyword.builtin.VerifyTextPresentKeyword$_verifyTextPresent_closure1.call(VerifyTextPresentKeyword.groovy)
	at com.kms.katalon.core.webui.keyword.internal.WebUIKeywordMain.runKeyword(WebUIKeywordMain.groovy:20)
	at com.kms.katalon.core.webui.keyword.builtin.VerifyTextPresentKeyword.verifyTextPresent(VerifyTextPresentKeyword.groovy:83)
	at com.kms.katalon.core.webui.keyword.builtin.VerifyTextPresentKeyword.execute(VerifyTextPresentKeyword.groovy:68)
	at com.kms.katalon.core.keyword.internal.KeywordExecutor.executeKeywordForPlatform(KeywordExecutor.groovy:74)
	at com.kms.katalon.core.webui.keyword.WebUiBuiltInKeywords.verifyTextPresent(WebUiBuiltInKeywords.groovy:1723)
	at com.kms.katalon.core.webui.keyword.WebUiBuiltInKeywords$verifyTextPresent$4.call(Unknown Source)
	at Script1652205847657.run(Script1652205847657.groovy:149)
	... 13 more
)

2022-06-30 22:18:41 - [MESSAGE][WARNING] - Cannot take screenshot

2022-06-30 22:18:41 - [MESSAGE][FAILED] - Unable to verify text 'UDF4' is present  using regular expression (Root cause: com.kms.katalon.core.exception.StepFailedException: Unable to verify text 'UDF4' is present  using regular expression
	at com.kms.katalon.core.webui.keyword.internal.WebUIKeywordMain.stepFailed(WebUIKeywordMain.groovy:64)
	at com.kms.katalon.core.webui.keyword.internal.WebUIKeywordMain.runKeyword(WebUIKeywordMain.groovy:26)
	at com.kms.katalon.core.webui.keyword.builtin.VerifyTextPresentKeyword.verifyTextPresent(VerifyTextPresentKeyword.groovy:83)
	at com.kms.katalon.core.webui.keyword.builtin.VerifyTextPresentKeyword.execute(VerifyTextPresentKeyword.groovy:68)
	at com.kms.katalon.core.keyword.internal.KeywordExecutor.executeKeywordForPlatform(KeywordExecutor.groovy:74)
	at com.kms.katalon.core.webui.keyword.WebUiBuiltInKeywords.verifyTextPresent(WebUiBuiltInKeywords.groovy:1723)
	at com.kms.katalon.core.webui.keyword.WebUiBuiltInKeywords$verifyTextPresent$4.call(Unknown Source)
	at Sale_TP_AllCF_Generic_Payment_TC.run(Sale_TP_AllCF_Generic_Payment_TC:149)
	at com.kms.katalon.core.main.ScriptEngine.run(ScriptEngine.java:194)
	at com.kms.katalon.core.main.ScriptEngine.runScriptAsRawText(ScriptEngine.java:119)
	at com.kms.katalon.core.main.TestCaseExecutor.runScript(TestCaseExecutor.java:442)
	at com.kms.katalon.core.main.TestCaseExecutor.doExecute(TestCaseExecutor.java:433)
	at com.kms.katalon.core.main.TestCaseExecutor.processExecutionPhase(TestCaseExecutor.java:412)
	at com.kms.katalon.core.main.TestCaseExecutor.accessMainPhase(TestCaseExecutor.java:404)
	at com.kms.katalon.core.main.TestCaseExecutor.execute(TestCaseExecutor.java:281)
	at com.kms.katalon.core.main.TestSuiteExecutor.accessTestCaseMainPhase(TestSuiteExecutor.java:202)
	at com.kms.katalon.core.main.TestSuiteExecutor.accessTestSuiteMainPhase(TestSuiteExecutor.java:164)
	at com.kms.katalon.core.main.TestSuiteExecutor.execute(TestSuiteExecutor.java:105)
	at com.kms.katalon.core.main.TestCaseMain.startTestSuite(TestCaseMain.java:185)
	at com.kms.katalon.core.main.TestCaseMain$startTestSuite$0.call(Unknown Source)
	at TempTestSuite1656640997204.run(TempTestSuite1656640997204.groovy:36)
Caused by: org.openqa.selenium.WebDriverException: chrome not reachable
  (Session info: chrome=103.0.5060.66)
Build info: version: '3.141.59', revision: 'e82be7d358', time: '2018-11-14T08:25:53'
System info: host: 'DESKTOP-B2QI6NS', ip: '192.168.1.87', os.name: 'Windows 10', os.arch: 'amd64', os.version: '10.0', java.version: '1.8.0_181'
Driver info: com.kms.katalon.selenium.driver.CChromeDriver
Capabilities {acceptInsecureCerts: true, browserName: chrome, browserVersion: 103.0.5060.66, chrome: {chromedriverVersion: 103.0.5060.53 (a1711811edd7..., userDataDir: C:\Users\imtiaz\AppData\Loc...}, goog:chromeOptions: {debuggerAddress: localhost:55017}, javascriptEnabled: true, networkConnectionEnabled: false, pageLoadStrategy: normal, platform: WINDOWS, platformName: WINDOWS, proxy: Proxy(), setWindowRect: true, strictFileInteractability: false, timeouts: {implicit: 0, pageLoad: 300000, script: 30000}, unhandledPromptBehavior: dismiss and notify, webauthn:extension:credBlob: true, webauthn:extension:largeBlob: true, webauthn:virtualAuthenticators: true}
Session ID: efa2b9eb7928154ba23a0472bf5e7ff5
*** Element info: {Using=tag name, value=body}
	at org.openqa.selenium.remote.http.W3CHttpResponseCodec.createException(W3CHttpResponseCodec.java:187)
	at org.openqa.selenium.remote.http.W3CHttpResponseCodec.decode(W3CHttpResponseCodec.java:122)
	at org.openqa.selenium.remote.http.W3CHttpResponseCodec.decode(W3CHttpResponseCodec.java:49)
	at org.openqa.selenium.remote.HttpCommandExecutor.execute(HttpCommandExecutor.java:158)
	at org.openqa.selenium.remote.service.DriverCommandExecutor.execute(DriverCommandExecutor.java:83)
	at org.openqa.selenium.remote.RemoteWebDriver.execute(RemoteWebDriver.java:552)
	at com.kms.katalon.selenium.driver.CChromeDriver.execute(CChromeDriver.java:19)
	at org.openqa.selenium.remote.RemoteWebDriver.findElement(RemoteWebDriver.java:323)
	at org.openqa.selenium.remote.RemoteWebDriver.findElementByTagName(RemoteWebDriver.java:396)
	at org.openqa.selenium.By$ByTagName.findElement(By.java:320)
	at org.openqa.selenium.remote.RemoteWebDriver.findElement(RemoteWebDriver.java:315)
	at org.openqa.selenium.support.events.EventFiringWebDriver.lambda$new$1(EventFiringWebDriver.java:105)
	at com.sun.proxy.$Proxy10.findElement(Unknown Source)
	at org.openqa.selenium.support.events.EventFiringWebDriver.findElement(EventFiringWebDriver.java:194)
	at com.kms.katalon.core.webui.common.WebUiCommonHelper.isTextPresent(WebUiCommonHelper.java:86)
	at com.kms.katalon.core.webui.keyword.builtin.VerifyTextPresentKeyword$_verifyTextPresent_closure1.doCall(VerifyTextPresentKeyword.groovy:75)
	at com.kms.katalon.core.webui.keyword.builtin.VerifyTextPresentKeyword$_verifyTextPresent_closure1.call(VerifyTextPresentKeyword.groovy)
	at com.kms.katalon.core.webui.keyword.internal.WebUIKeywordMain.runKeyword(WebUIKeywordMain.groovy:20)
	at com.kms.katalon.core.webui.keyword.builtin.VerifyTextPresentKeyword.verifyTextPresent(VerifyTextPresentKeyword.groovy:83)
	at com.kms.katalon.core.webui.keyword.builtin.VerifyTextPresentKeyword.execute(VerifyTextPresentKeyword.groovy:68)
	at com.kms.katalon.core.keyword.internal.KeywordExecutor.executeKeywordForPlatform(KeywordExecutor.groovy:74)
	at com.kms.katalon.core.webui.keyword.WebUiBuiltInKeywords.verifyTextPresent(WebUiBuiltInKeywords.groovy:1723)
	at com.kms.katalon.core.webui.keyword.WebUiBuiltInKeywords$verifyTextPresent$4.call(Unknown Source)
	at Script1652205847657.run(Script1652205847657.groovy:149)
	... 13 more
)

2022-06-30 22:18:41 - [TEST_STEP][FAILED] - verifyTextPresent("UDF5", true): Unable to verify text 'UDF5' is present  using regular expression (Root cause: com.kms.katalon.core.exception.StepFailedException: Unable to verify text 'UDF5' is present  using regular expression
	at com.kms.katalon.core.webui.keyword.internal.WebUIKeywordMain.stepFailed(WebUIKeywordMain.groovy:64)
	at com.kms.katalon.core.webui.keyword.internal.WebUIKeywordMain.runKeyword(WebUIKeywordMain.groovy:26)
	at com.kms.katalon.core.webui.keyword.builtin.VerifyTextPresentKeyword.verifyTextPresent(VerifyTextPresentKeyword.groovy:83)
	at com.kms.katalon.core.webui.keyword.builtin.VerifyTextPresentKeyword.execute(VerifyTextPresentKeyword.groovy:68)
	at com.kms.katalon.core.keyword.internal.KeywordExecutor.executeKeywordForPlatform(KeywordExecutor.groovy:74)
	at com.kms.katalon.core.webui.keyword.WebUiBuiltInKeywords.verifyTextPresent(WebUiBuiltInKeywords.groovy:1723)
	at com.kms.katalon.core.webui.keyword.WebUiBuiltInKeywords$verifyTextPresent$4.call(Unknown Source)
	at Sale_TP_AllCF_Generic_Payment_TC.run(Sale_TP_AllCF_Generic_Payment_TC:150)
	at com.kms.katalon.core.main.ScriptEngine.run(ScriptEngine.java:194)
	at com.kms.katalon.core.main.ScriptEngine.runScriptAsRawText(ScriptEngine.java:119)
	at com.kms.katalon.core.main.TestCaseExecutor.runScript(TestCaseExecutor.java:442)
	at com.kms.katalon.core.main.TestCaseExecutor.doExecute(TestCaseExecutor.java:433)
	at com.kms.katalon.core.main.TestCaseExecutor.processExecutionPhase(TestCaseExecutor.java:412)
	at com.kms.katalon.core.main.TestCaseExecutor.accessMainPhase(TestCaseExecutor.java:404)
	at com.kms.katalon.core.main.TestCaseExecutor.execute(TestCaseExecutor.java:281)
	at com.kms.katalon.core.main.TestSuiteExecutor.accessTestCaseMainPhase(TestSuiteExecutor.java:202)
	at com.kms.katalon.core.main.TestSuiteExecutor.accessTestSuiteMainPhase(TestSuiteExecutor.java:164)
	at com.kms.katalon.core.main.TestSuiteExecutor.execute(TestSuiteExecutor.java:105)
	at com.kms.katalon.core.main.TestCaseMain.startTestSuite(TestCaseMain.java:185)
	at com.kms.katalon.core.main.TestCaseMain$startTestSuite$0.call(Unknown Source)
	at TempTestSuite1656640997204.run(TempTestSuite1656640997204.groovy:36)
Caused by: org.openqa.selenium.WebDriverException: chrome not reachable
  (Session info: chrome=103.0.5060.66)
Build info: version: '3.141.59', revision: 'e82be7d358', time: '2018-11-14T08:25:53'
System info: host: 'DESKTOP-B2QI6NS', ip: '192.168.1.87', os.name: 'Windows 10', os.arch: 'amd64', os.version: '10.0', java.version: '1.8.0_181'
Driver info: com.kms.katalon.selenium.driver.CChromeDriver
Capabilities {acceptInsecureCerts: true, browserName: chrome, browserVersion: 103.0.5060.66, chrome: {chromedriverVersion: 103.0.5060.53 (a1711811edd7..., userDataDir: C:\Users\imtiaz\AppData\Loc...}, goog:chromeOptions: {debuggerAddress: localhost:55017}, javascriptEnabled: true, networkConnectionEnabled: false, pageLoadStrategy: normal, platform: WINDOWS, platformName: WINDOWS, proxy: Proxy(), setWindowRect: true, strictFileInteractability: false, timeouts: {implicit: 0, pageLoad: 300000, script: 30000}, unhandledPromptBehavior: dismiss and notify, webauthn:extension:credBlob: true, webauthn:extension:largeBlob: true, webauthn:virtualAuthenticators: true}
Session ID: efa2b9eb7928154ba23a0472bf5e7ff5
*** Element info: {Using=tag name, value=body}
	at org.openqa.selenium.remote.http.W3CHttpResponseCodec.createException(W3CHttpResponseCodec.java:187)
	at org.openqa.selenium.remote.http.W3CHttpResponseCodec.decode(W3CHttpResponseCodec.java:122)
	at org.openqa.selenium.remote.http.W3CHttpResponseCodec.decode(W3CHttpResponseCodec.java:49)
	at org.openqa.selenium.remote.HttpCommandExecutor.execute(HttpCommandExecutor.java:158)
	at org.openqa.selenium.remote.service.DriverCommandExecutor.execute(DriverCommandExecutor.java:83)
	at org.openqa.selenium.remote.RemoteWebDriver.execute(RemoteWebDriver.java:552)
	at com.kms.katalon.selenium.driver.CChromeDriver.execute(CChromeDriver.java:19)
	at org.openqa.selenium.remote.RemoteWebDriver.findElement(RemoteWebDriver.java:323)
	at org.openqa.selenium.remote.RemoteWebDriver.findElementByTagName(RemoteWebDriver.java:396)
	at org.openqa.selenium.By$ByTagName.findElement(By.java:320)
	at org.openqa.selenium.remote.RemoteWebDriver.findElement(RemoteWebDriver.java:315)
	at org.openqa.selenium.support.events.EventFiringWebDriver.lambda$new$1(EventFiringWebDriver.java:105)
	at com.sun.proxy.$Proxy10.findElement(Unknown Source)
	at org.openqa.selenium.support.events.EventFiringWebDriver.findElement(EventFiringWebDriver.java:194)
	at com.kms.katalon.core.webui.common.WebUiCommonHelper.isTextPresent(WebUiCommonHelper.java:86)
	at com.kms.katalon.core.webui.keyword.builtin.VerifyTextPresentKeyword$_verifyTextPresent_closure1.doCall(VerifyTextPresentKeyword.groovy:75)
	at com.kms.katalon.core.webui.keyword.builtin.VerifyTextPresentKeyword$_verifyTextPresent_closure1.call(VerifyTextPresentKeyword.groovy)
	at com.kms.katalon.core.webui.keyword.internal.WebUIKeywordMain.runKeyword(WebUIKeywordMain.groovy:20)
	at com.kms.katalon.core.webui.keyword.builtin.VerifyTextPresentKeyword.verifyTextPresent(VerifyTextPresentKeyword.groovy:83)
	at com.kms.katalon.core.webui.keyword.builtin.VerifyTextPresentKeyword.execute(VerifyTextPresentKeyword.groovy:68)
	at com.kms.katalon.core.keyword.internal.KeywordExecutor.executeKeywordForPlatform(KeywordExecutor.groovy:74)
	at com.kms.katalon.core.webui.keyword.WebUiBuiltInKeywords.verifyTextPresent(WebUiBuiltInKeywords.groovy:1723)
	at com.kms.katalon.core.webui.keyword.WebUiBuiltInKeywords$verifyTextPresent$4.call(Unknown Source)
	at Script1652205847657.run(Script1652205847657.groovy:150)
	... 13 more
)

2022-06-30 22:18:53 - [MESSAGE][WARNING] - Cannot take screenshot

2022-06-30 22:18:53 - [MESSAGE][FAILED] - Unable to verify text 'UDF5' is present  using regular expression (Root cause: com.kms.katalon.core.exception.StepFailedException: Unable to verify text 'UDF5' is present  using regular expression
	at com.kms.katalon.core.webui.keyword.internal.WebUIKeywordMain.stepFailed(WebUIKeywordMain.groovy:64)
	at com.kms.katalon.core.webui.keyword.internal.WebUIKeywordMain.runKeyword(WebUIKeywordMain.groovy:26)
	at com.kms.katalon.core.webui.keyword.builtin.VerifyTextPresentKeyword.verifyTextPresent(VerifyTextPresentKeyword.groovy:83)
	at com.kms.katalon.core.webui.keyword.builtin.VerifyTextPresentKeyword.execute(VerifyTextPresentKeyword.groovy:68)
	at com.kms.katalon.core.keyword.internal.KeywordExecutor.executeKeywordForPlatform(KeywordExecutor.groovy:74)
	at com.kms.katalon.core.webui.keyword.WebUiBuiltInKeywords.verifyTextPresent(WebUiBuiltInKeywords.groovy:1723)
	at com.kms.katalon.core.webui.keyword.WebUiBuiltInKeywords$verifyTextPresent$4.call(Unknown Source)
	at Sale_TP_AllCF_Generic_Payment_TC.run(Sale_TP_AllCF_Generic_Payment_TC:150)
	at com.kms.katalon.core.main.ScriptEngine.run(ScriptEngine.java:194)
	at com.kms.katalon.core.main.ScriptEngine.runScriptAsRawText(ScriptEngine.java:119)
	at com.kms.katalon.core.main.TestCaseExecutor.runScript(TestCaseExecutor.java:442)
	at com.kms.katalon.core.main.TestCaseExecutor.doExecute(TestCaseExecutor.java:433)
	at com.kms.katalon.core.main.TestCaseExecutor.processExecutionPhase(TestCaseExecutor.java:412)
	at com.kms.katalon.core.main.TestCaseExecutor.accessMainPhase(TestCaseExecutor.java:404)
	at com.kms.katalon.core.main.TestCaseExecutor.execute(TestCaseExecutor.java:281)
	at com.kms.katalon.core.main.TestSuiteExecutor.accessTestCaseMainPhase(TestSuiteExecutor.java:202)
	at com.kms.katalon.core.main.TestSuiteExecutor.accessTestSuiteMainPhase(TestSuiteExecutor.java:164)
	at com.kms.katalon.core.main.TestSuiteExecutor.execute(TestSuiteExecutor.java:105)
	at com.kms.katalon.core.main.TestCaseMain.startTestSuite(TestCaseMain.java:185)
	at com.kms.katalon.core.main.TestCaseMain$startTestSuite$0.call(Unknown Source)
	at TempTestSuite1656640997204.run(TempTestSuite1656640997204.groovy:36)
Caused by: org.openqa.selenium.WebDriverException: chrome not reachable
  (Session info: chrome=103.0.5060.66)
Build info: version: '3.141.59', revision: 'e82be7d358', time: '2018-11-14T08:25:53'
System info: host: 'DESKTOP-B2QI6NS', ip: '192.168.1.87', os.name: 'Windows 10', os.arch: 'amd64', os.version: '10.0', java.version: '1.8.0_181'
Driver info: com.kms.katalon.selenium.driver.CChromeDriver
Capabilities {acceptInsecureCerts: true, browserName: chrome, browserVersion: 103.0.5060.66, chrome: {chromedriverVersion: 103.0.5060.53 (a1711811edd7..., userDataDir: C:\Users\imtiaz\AppData\Loc...}, goog:chromeOptions: {debuggerAddress: localhost:55017}, javascriptEnabled: true, networkConnectionEnabled: false, pageLoadStrategy: normal, platform: WINDOWS, platformName: WINDOWS, proxy: Proxy(), setWindowRect: true, strictFileInteractability: false, timeouts: {implicit: 0, pageLoad: 300000, script: 30000}, unhandledPromptBehavior: dismiss and notify, webauthn:extension:credBlob: true, webauthn:extension:largeBlob: true, webauthn:virtualAuthenticators: true}
Session ID: efa2b9eb7928154ba23a0472bf5e7ff5
*** Element info: {Using=tag name, value=body}
	at org.openqa.selenium.remote.http.W3CHttpResponseCodec.createException(W3CHttpResponseCodec.java:187)
	at org.openqa.selenium.remote.http.W3CHttpResponseCodec.decode(W3CHttpResponseCodec.java:122)
	at org.openqa.selenium.remote.http.W3CHttpResponseCodec.decode(W3CHttpResponseCodec.java:49)
	at org.openqa.selenium.remote.HttpCommandExecutor.execute(HttpCommandExecutor.java:158)
	at org.openqa.selenium.remote.service.DriverCommandExecutor.execute(DriverCommandExecutor.java:83)
	at org.openqa.selenium.remote.RemoteWebDriver.execute(RemoteWebDriver.java:552)
	at com.kms.katalon.selenium.driver.CChromeDriver.execute(CChromeDriver.java:19)
	at org.openqa.selenium.remote.RemoteWebDriver.findElement(RemoteWebDriver.java:323)
	at org.openqa.selenium.remote.RemoteWebDriver.findElementByTagName(RemoteWebDriver.java:396)
	at org.openqa.selenium.By$ByTagName.findElement(By.java:320)
	at org.openqa.selenium.remote.RemoteWebDriver.findElement(RemoteWebDriver.java:315)
	at org.openqa.selenium.support.events.EventFiringWebDriver.lambda$new$1(EventFiringWebDriver.java:105)
	at com.sun.proxy.$Proxy10.findElement(Unknown Source)
	at org.openqa.selenium.support.events.EventFiringWebDriver.findElement(EventFiringWebDriver.java:194)
	at com.kms.katalon.core.webui.common.WebUiCommonHelper.isTextPresent(WebUiCommonHelper.java:86)
	at com.kms.katalon.core.webui.keyword.builtin.VerifyTextPresentKeyword$_verifyTextPresent_closure1.doCall(VerifyTextPresentKeyword.groovy:75)
	at com.kms.katalon.core.webui.keyword.builtin.VerifyTextPresentKeyword$_verifyTextPresent_closure1.call(VerifyTextPresentKeyword.groovy)
	at com.kms.katalon.core.webui.keyword.internal.WebUIKeywordMain.runKeyword(WebUIKeywordMain.groovy:20)
	at com.kms.katalon.core.webui.keyword.builtin.VerifyTextPresentKeyword.verifyTextPresent(VerifyTextPresentKeyword.groovy:83)
	at com.kms.katalon.core.webui.keyword.builtin.VerifyTextPresentKeyword.execute(VerifyTextPresentKeyword.groovy:68)
	at com.kms.katalon.core.keyword.internal.KeywordExecutor.executeKeywordForPlatform(KeywordExecutor.groovy:74)
	at com.kms.katalon.core.webui.keyword.WebUiBuiltInKeywords.verifyTextPresent(WebUiBuiltInKeywords.groovy:1723)
	at com.kms.katalon.core.webui.keyword.WebUiBuiltInKeywords$verifyTextPresent$4.call(Unknown Source)
	at Script1652205847657.run(Script1652205847657.groovy:150)
	... 13 more
)

2022-06-30 22:18:53 - [TEST_STEP][FAILED] - verifyTextPresent("UDF6", true): Unable to verify text 'UDF6' is present  using regular expression (Root cause: com.kms.katalon.core.exception.StepFailedException: Unable to verify text 'UDF6' is present  using regular expression
	at com.kms.katalon.core.webui.keyword.internal.WebUIKeywordMain.stepFailed(WebUIKeywordMain.groovy:64)
	at com.kms.katalon.core.webui.keyword.internal.WebUIKeywordMain.runKeyword(WebUIKeywordMain.groovy:26)
	at com.kms.katalon.core.webui.keyword.builtin.VerifyTextPresentKeyword.verifyTextPresent(VerifyTextPresentKeyword.groovy:83)
	at com.kms.katalon.core.webui.keyword.builtin.VerifyTextPresentKeyword.execute(VerifyTextPresentKeyword.groovy:68)
	at com.kms.katalon.core.keyword.internal.KeywordExecutor.executeKeywordForPlatform(KeywordExecutor.groovy:74)
	at com.kms.katalon.core.webui.keyword.WebUiBuiltInKeywords.verifyTextPresent(WebUiBuiltInKeywords.groovy:1723)
	at com.kms.katalon.core.webui.keyword.WebUiBuiltInKeywords$verifyTextPresent$4.call(Unknown Source)
	at Sale_TP_AllCF_Generic_Payment_TC.run(Sale_TP_AllCF_Generic_Payment_TC:151)
	at com.kms.katalon.core.main.ScriptEngine.run(ScriptEngine.java:194)
	at com.kms.katalon.core.main.ScriptEngine.runScriptAsRawText(ScriptEngine.java:119)
	at com.kms.katalon.core.main.TestCaseExecutor.runScript(TestCaseExecutor.java:442)
	at com.kms.katalon.core.main.TestCaseExecutor.doExecute(TestCaseExecutor.java:433)
	at com.kms.katalon.core.main.TestCaseExecutor.processExecutionPhase(TestCaseExecutor.java:412)
	at com.kms.katalon.core.main.TestCaseExecutor.accessMainPhase(TestCaseExecutor.java:404)
	at com.kms.katalon.core.main.TestCaseExecutor.execute(TestCaseExecutor.java:281)
	at com.kms.katalon.core.main.TestSuiteExecutor.accessTestCaseMainPhase(TestSuiteExecutor.java:202)
	at com.kms.katalon.core.main.TestSuiteExecutor.accessTestSuiteMainPhase(TestSuiteExecutor.java:164)
	at com.kms.katalon.core.main.TestSuiteExecutor.execute(TestSuiteExecutor.java:105)
	at com.kms.katalon.core.main.TestCaseMain.startTestSuite(TestCaseMain.java:185)
	at com.kms.katalon.core.main.TestCaseMain$startTestSuite$0.call(Unknown Source)
	at TempTestSuite1656640997204.run(TempTestSuite1656640997204.groovy:36)
Caused by: org.openqa.selenium.WebDriverException: chrome not reachable
  (Session info: chrome=103.0.5060.66)
Build info: version: '3.141.59', revision: 'e82be7d358', time: '2018-11-14T08:25:53'
System info: host: 'DESKTOP-B2QI6NS', ip: '192.168.1.87', os.name: 'Windows 10', os.arch: 'amd64', os.version: '10.0', java.version: '1.8.0_181'
Driver info: com.kms.katalon.selenium.driver.CChromeDriver
Capabilities {acceptInsecureCerts: true, browserName: chrome, browserVersion: 103.0.5060.66, chrome: {chromedriverVersion: 103.0.5060.53 (a1711811edd7..., userDataDir: C:\Users\imtiaz\AppData\Loc...}, goog:chromeOptions: {debuggerAddress: localhost:55017}, javascriptEnabled: true, networkConnectionEnabled: false, pageLoadStrategy: normal, platform: WINDOWS, platformName: WINDOWS, proxy: Proxy(), setWindowRect: true, strictFileInteractability: false, timeouts: {implicit: 0, pageLoad: 300000, script: 30000}, unhandledPromptBehavior: dismiss and notify, webauthn:extension:credBlob: true, webauthn:extension:largeBlob: true, webauthn:virtualAuthenticators: true}
Session ID: efa2b9eb7928154ba23a0472bf5e7ff5
*** Element info: {Using=tag name, value=body}
	at org.openqa.selenium.remote.http.W3CHttpResponseCodec.createException(W3CHttpResponseCodec.java:187)
	at org.openqa.selenium.remote.http.W3CHttpResponseCodec.decode(W3CHttpResponseCodec.java:122)
	at org.openqa.selenium.remote.http.W3CHttpResponseCodec.decode(W3CHttpResponseCodec.java:49)
	at org.openqa.selenium.remote.HttpCommandExecutor.execute(HttpCommandExecutor.java:158)
	at org.openqa.selenium.remote.service.DriverCommandExecutor.execute(DriverCommandExecutor.java:83)
	at org.openqa.selenium.remote.RemoteWebDriver.execute(RemoteWebDriver.java:552)
	at com.kms.katalon.selenium.driver.CChromeDriver.execute(CChromeDriver.java:19)
	at org.openqa.selenium.remote.RemoteWebDriver.findElement(RemoteWebDriver.java:323)
	at org.openqa.selenium.remote.RemoteWebDriver.findElementByTagName(RemoteWebDriver.java:396)
	at org.openqa.selenium.By$ByTagName.findElement(By.java:320)
	at org.openqa.selenium.remote.RemoteWebDriver.findElement(RemoteWebDriver.java:315)
	at org.openqa.selenium.support.events.EventFiringWebDriver.lambda$new$1(EventFiringWebDriver.java:105)
	at com.sun.proxy.$Proxy10.findElement(Unknown Source)
	at org.openqa.selenium.support.events.EventFiringWebDriver.findElement(EventFiringWebDriver.java:194)
	at com.kms.katalon.core.webui.common.WebUiCommonHelper.isTextPresent(WebUiCommonHelper.java:86)
	at com.kms.katalon.core.webui.keyword.builtin.VerifyTextPresentKeyword$_verifyTextPresent_closure1.doCall(VerifyTextPresentKeyword.groovy:75)
	at com.kms.katalon.core.webui.keyword.builtin.VerifyTextPresentKeyword$_verifyTextPresent_closure1.call(VerifyTextPresentKeyword.groovy)
	at com.kms.katalon.core.webui.keyword.internal.WebUIKeywordMain.runKeyword(WebUIKeywordMain.groovy:20)
	at com.kms.katalon.core.webui.keyword.builtin.VerifyTextPresentKeyword.verifyTextPresent(VerifyTextPresentKeyword.groovy:83)
	at com.kms.katalon.core.webui.keyword.builtin.VerifyTextPresentKeyword.execute(VerifyTextPresentKeyword.groovy:68)
	at com.kms.katalon.core.keyword.internal.KeywordExecutor.executeKeywordForPlatform(KeywordExecutor.groovy:74)
	at com.kms.katalon.core.webui.keyword.WebUiBuiltInKeywords.verifyTextPresent(WebUiBuiltInKeywords.groovy:1723)
	at com.kms.katalon.core.webui.keyword.WebUiBuiltInKeywords$verifyTextPresent$4.call(Unknown Source)
	at Script1652205847657.run(Script1652205847657.groovy:151)
	... 13 more
)

2022-06-30 22:19:05 - [MESSAGE][WARNING] - Cannot take screenshot

2022-06-30 22:19:05 - [MESSAGE][FAILED] - Unable to verify text 'UDF6' is present  using regular expression (Root cause: com.kms.katalon.core.exception.StepFailedException: Unable to verify text 'UDF6' is present  using regular expression
	at com.kms.katalon.core.webui.keyword.internal.WebUIKeywordMain.stepFailed(WebUIKeywordMain.groovy:64)
	at com.kms.katalon.core.webui.keyword.internal.WebUIKeywordMain.runKeyword(WebUIKeywordMain.groovy:26)
	at com.kms.katalon.core.webui.keyword.builtin.VerifyTextPresentKeyword.verifyTextPresent(VerifyTextPresentKeyword.groovy:83)
	at com.kms.katalon.core.webui.keyword.builtin.VerifyTextPresentKeyword.execute(VerifyTextPresentKeyword.groovy:68)
	at com.kms.katalon.core.keyword.internal.KeywordExecutor.executeKeywordForPlatform(KeywordExecutor.groovy:74)
	at com.kms.katalon.core.webui.keyword.WebUiBuiltInKeywords.verifyTextPresent(WebUiBuiltInKeywords.groovy:1723)
	at com.kms.katalon.core.webui.keyword.WebUiBuiltInKeywords$verifyTextPresent$4.call(Unknown Source)
	at Sale_TP_AllCF_Generic_Payment_TC.run(Sale_TP_AllCF_Generic_Payment_TC:151)
	at com.kms.katalon.core.main.ScriptEngine.run(ScriptEngine.java:194)
	at com.kms.katalon.core.main.ScriptEngine.runScriptAsRawText(ScriptEngine.java:119)
	at com.kms.katalon.core.main.TestCaseExecutor.runScript(TestCaseExecutor.java:442)
	at com.kms.katalon.core.main.TestCaseExecutor.doExecute(TestCaseExecutor.java:433)
	at com.kms.katalon.core.main.TestCaseExecutor.processExecutionPhase(TestCaseExecutor.java:412)
	at com.kms.katalon.core.main.TestCaseExecutor.accessMainPhase(TestCaseExecutor.java:404)
	at com.kms.katalon.core.main.TestCaseExecutor.execute(TestCaseExecutor.java:281)
	at com.kms.katalon.core.main.TestSuiteExecutor.accessTestCaseMainPhase(TestSuiteExecutor.java:202)
	at com.kms.katalon.core.main.TestSuiteExecutor.accessTestSuiteMainPhase(TestSuiteExecutor.java:164)
	at com.kms.katalon.core.main.TestSuiteExecutor.execute(TestSuiteExecutor.java:105)
	at com.kms.katalon.core.main.TestCaseMain.startTestSuite(TestCaseMain.java:185)
	at com.kms.katalon.core.main.TestCaseMain$startTestSuite$0.call(Unknown Source)
	at TempTestSuite1656640997204.run(TempTestSuite1656640997204.groovy:36)
Caused by: org.openqa.selenium.WebDriverException: chrome not reachable
  (Session info: chrome=103.0.5060.66)
Build info: version: '3.141.59', revision: 'e82be7d358', time: '2018-11-14T08:25:53'
System info: host: 'DESKTOP-B2QI6NS', ip: '192.168.1.87', os.name: 'Windows 10', os.arch: 'amd64', os.version: '10.0', java.version: '1.8.0_181'
Driver info: com.kms.katalon.selenium.driver.CChromeDriver
Capabilities {acceptInsecureCerts: true, browserName: chrome, browserVersion: 103.0.5060.66, chrome: {chromedriverVersion: 103.0.5060.53 (a1711811edd7..., userDataDir: C:\Users\imtiaz\AppData\Loc...}, goog:chromeOptions: {debuggerAddress: localhost:55017}, javascriptEnabled: true, networkConnectionEnabled: false, pageLoadStrategy: normal, platform: WINDOWS, platformName: WINDOWS, proxy: Proxy(), setWindowRect: true, strictFileInteractability: false, timeouts: {implicit: 0, pageLoad: 300000, script: 30000}, unhandledPromptBehavior: dismiss and notify, webauthn:extension:credBlob: true, webauthn:extension:largeBlob: true, webauthn:virtualAuthenticators: true}
Session ID: efa2b9eb7928154ba23a0472bf5e7ff5
*** Element info: {Using=tag name, value=body}
	at org.openqa.selenium.remote.http.W3CHttpResponseCodec.createException(W3CHttpResponseCodec.java:187)
	at org.openqa.selenium.remote.http.W3CHttpResponseCodec.decode(W3CHttpResponseCodec.java:122)
	at org.openqa.selenium.remote.http.W3CHttpResponseCodec.decode(W3CHttpResponseCodec.java:49)
	at org.openqa.selenium.remote.HttpCommandExecutor.execute(HttpCommandExecutor.java:158)
	at org.openqa.selenium.remote.service.DriverCommandExecutor.execute(DriverCommandExecutor.java:83)
	at org.openqa.selenium.remote.RemoteWebDriver.execute(RemoteWebDriver.java:552)
	at com.kms.katalon.selenium.driver.CChromeDriver.execute(CChromeDriver.java:19)
	at org.openqa.selenium.remote.RemoteWebDriver.findElement(RemoteWebDriver.java:323)
	at org.openqa.selenium.remote.RemoteWebDriver.findElementByTagName(RemoteWebDriver.java:396)
	at org.openqa.selenium.By$ByTagName.findElement(By.java:320)
	at org.openqa.selenium.remote.RemoteWebDriver.findElement(RemoteWebDriver.java:315)
	at org.openqa.selenium.support.events.EventFiringWebDriver.lambda$new$1(EventFiringWebDriver.java:105)
	at com.sun.proxy.$Proxy10.findElement(Unknown Source)
	at org.openqa.selenium.support.events.EventFiringWebDriver.findElement(EventFiringWebDriver.java:194)
	at com.kms.katalon.core.webui.common.WebUiCommonHelper.isTextPresent(WebUiCommonHelper.java:86)
	at com.kms.katalon.core.webui.keyword.builtin.VerifyTextPresentKeyword$_verifyTextPresent_closure1.doCall(VerifyTextPresentKeyword.groovy:75)
	at com.kms.katalon.core.webui.keyword.builtin.VerifyTextPresentKeyword$_verifyTextPresent_closure1.call(VerifyTextPresentKeyword.groovy)
	at com.kms.katalon.core.webui.keyword.internal.WebUIKeywordMain.runKeyword(WebUIKeywordMain.groovy:20)
	at com.kms.katalon.core.webui.keyword.builtin.VerifyTextPresentKeyword.verifyTextPresent(VerifyTextPresentKeyword.groovy:83)
	at com.kms.katalon.core.webui.keyword.builtin.VerifyTextPresentKeyword.execute(VerifyTextPresentKeyword.groovy:68)
	at com.kms.katalon.core.keyword.internal.KeywordExecutor.executeKeywordForPlatform(KeywordExecutor.groovy:74)
	at com.kms.katalon.core.webui.keyword.WebUiBuiltInKeywords.verifyTextPresent(WebUiBuiltInKeywords.groovy:1723)
	at com.kms.katalon.core.webui.keyword.WebUiBuiltInKeywords$verifyTextPresent$4.call(Unknown Source)
	at Script1652205847657.run(Script1652205847657.groovy:151)
	... 13 more
)

2022-06-30 22:19:05 - [TEST_STEP][FAILED] - verifyTextPresent("UDF7", true): Unable to verify text 'UDF7' is present  using regular expression (Root cause: com.kms.katalon.core.exception.StepFailedException: Unable to verify text 'UDF7' is present  using regular expression
	at com.kms.katalon.core.webui.keyword.internal.WebUIKeywordMain.stepFailed(WebUIKeywordMain.groovy:64)
	at com.kms.katalon.core.webui.keyword.internal.WebUIKeywordMain.runKeyword(WebUIKeywordMain.groovy:26)
	at com.kms.katalon.core.webui.keyword.builtin.VerifyTextPresentKeyword.verifyTextPresent(VerifyTextPresentKeyword.groovy:83)
	at com.kms.katalon.core.webui.keyword.builtin.VerifyTextPresentKeyword.execute(VerifyTextPresentKeyword.groovy:68)
	at com.kms.katalon.core.keyword.internal.KeywordExecutor.executeKeywordForPlatform(KeywordExecutor.groovy:74)
	at com.kms.katalon.core.webui.keyword.WebUiBuiltInKeywords.verifyTextPresent(WebUiBuiltInKeywords.groovy:1723)
	at com.kms.katalon.core.webui.keyword.WebUiBuiltInKeywords$verifyTextPresent$4.call(Unknown Source)
	at Sale_TP_AllCF_Generic_Payment_TC.run(Sale_TP_AllCF_Generic_Payment_TC:152)
	at com.kms.katalon.core.main.ScriptEngine.run(ScriptEngine.java:194)
	at com.kms.katalon.core.main.ScriptEngine.runScriptAsRawText(ScriptEngine.java:119)
	at com.kms.katalon.core.main.TestCaseExecutor.runScript(TestCaseExecutor.java:442)
	at com.kms.katalon.core.main.TestCaseExecutor.doExecute(TestCaseExecutor.java:433)
	at com.kms.katalon.core.main.TestCaseExecutor.processExecutionPhase(TestCaseExecutor.java:412)
	at com.kms.katalon.core.main.TestCaseExecutor.accessMainPhase(TestCaseExecutor.java:404)
	at com.kms.katalon.core.main.TestCaseExecutor.execute(TestCaseExecutor.java:281)
	at com.kms.katalon.core.main.TestSuiteExecutor.accessTestCaseMainPhase(TestSuiteExecutor.java:202)
	at com.kms.katalon.core.main.TestSuiteExecutor.accessTestSuiteMainPhase(TestSuiteExecutor.java:164)
	at com.kms.katalon.core.main.TestSuiteExecutor.execute(TestSuiteExecutor.java:105)
	at com.kms.katalon.core.main.TestCaseMain.startTestSuite(TestCaseMain.java:185)
	at com.kms.katalon.core.main.TestCaseMain$startTestSuite$0.call(Unknown Source)
	at TempTestSuite1656640997204.run(TempTestSuite1656640997204.groovy:36)
Caused by: org.openqa.selenium.WebDriverException: chrome not reachable
  (Session info: chrome=103.0.5060.66)
Build info: version: '3.141.59', revision: 'e82be7d358', time: '2018-11-14T08:25:53'
System info: host: 'DESKTOP-B2QI6NS', ip: '192.168.1.87', os.name: 'Windows 10', os.arch: 'amd64', os.version: '10.0', java.version: '1.8.0_181'
Driver info: com.kms.katalon.selenium.driver.CChromeDriver
Capabilities {acceptInsecureCerts: true, browserName: chrome, browserVersion: 103.0.5060.66, chrome: {chromedriverVersion: 103.0.5060.53 (a1711811edd7..., userDataDir: C:\Users\imtiaz\AppData\Loc...}, goog:chromeOptions: {debuggerAddress: localhost:55017}, javascriptEnabled: true, networkConnectionEnabled: false, pageLoadStrategy: normal, platform: WINDOWS, platformName: WINDOWS, proxy: Proxy(), setWindowRect: true, strictFileInteractability: false, timeouts: {implicit: 0, pageLoad: 300000, script: 30000}, unhandledPromptBehavior: dismiss and notify, webauthn:extension:credBlob: true, webauthn:extension:largeBlob: true, webauthn:virtualAuthenticators: true}
Session ID: efa2b9eb7928154ba23a0472bf5e7ff5
*** Element info: {Using=tag name, value=body}
	at org.openqa.selenium.remote.http.W3CHttpResponseCodec.createException(W3CHttpResponseCodec.java:187)
	at org.openqa.selenium.remote.http.W3CHttpResponseCodec.decode(W3CHttpResponseCodec.java:122)
	at org.openqa.selenium.remote.http.W3CHttpResponseCodec.decode(W3CHttpResponseCodec.java:49)
	at org.openqa.selenium.remote.HttpCommandExecutor.execute(HttpCommandExecutor.java:158)
	at org.openqa.selenium.remote.service.DriverCommandExecutor.execute(DriverCommandExecutor.java:83)
	at org.openqa.selenium.remote.RemoteWebDriver.execute(RemoteWebDriver.java:552)
	at com.kms.katalon.selenium.driver.CChromeDriver.execute(CChromeDriver.java:19)
	at org.openqa.selenium.remote.RemoteWebDriver.findElement(RemoteWebDriver.java:323)
	at org.openqa.selenium.remote.RemoteWebDriver.findElementByTagName(RemoteWebDriver.java:396)
	at org.openqa.selenium.By$ByTagName.findElement(By.java:320)
	at org.openqa.selenium.remote.RemoteWebDriver.findElement(RemoteWebDriver.java:315)
	at org.openqa.selenium.support.events.EventFiringWebDriver.lambda$new$1(EventFiringWebDriver.java:105)
	at com.sun.proxy.$Proxy10.findElement(Unknown Source)
	at org.openqa.selenium.support.events.EventFiringWebDriver.findElement(EventFiringWebDriver.java:194)
	at com.kms.katalon.core.webui.common.WebUiCommonHelper.isTextPresent(WebUiCommonHelper.java:86)
	at com.kms.katalon.core.webui.keyword.builtin.VerifyTextPresentKeyword$_verifyTextPresent_closure1.doCall(VerifyTextPresentKeyword.groovy:75)
	at com.kms.katalon.core.webui.keyword.builtin.VerifyTextPresentKeyword$_verifyTextPresent_closure1.call(VerifyTextPresentKeyword.groovy)
	at com.kms.katalon.core.webui.keyword.internal.WebUIKeywordMain.runKeyword(WebUIKeywordMain.groovy:20)
	at com.kms.katalon.core.webui.keyword.builtin.VerifyTextPresentKeyword.verifyTextPresent(VerifyTextPresentKeyword.groovy:83)
	at com.kms.katalon.core.webui.keyword.builtin.VerifyTextPresentKeyword.execute(VerifyTextPresentKeyword.groovy:68)
	at com.kms.katalon.core.keyword.internal.KeywordExecutor.executeKeywordForPlatform(KeywordExecutor.groovy:74)
	at com.kms.katalon.core.webui.keyword.WebUiBuiltInKeywords.verifyTextPresent(WebUiBuiltInKeywords.groovy:1723)
	at com.kms.katalon.core.webui.keyword.WebUiBuiltInKeywords$verifyTextPresent$4.call(Unknown Source)
	at Script1652205847657.run(Script1652205847657.groovy:152)
	... 13 more
)

2022-06-30 22:19:17 - [MESSAGE][WARNING] - Cannot take screenshot

2022-06-30 22:19:17 - [MESSAGE][FAILED] - Unable to verify text 'UDF7' is present  using regular expression (Root cause: com.kms.katalon.core.exception.StepFailedException: Unable to verify text 'UDF7' is present  using regular expression
	at com.kms.katalon.core.webui.keyword.internal.WebUIKeywordMain.stepFailed(WebUIKeywordMain.groovy:64)
	at com.kms.katalon.core.webui.keyword.internal.WebUIKeywordMain.runKeyword(WebUIKeywordMain.groovy:26)
	at com.kms.katalon.core.webui.keyword.builtin.VerifyTextPresentKeyword.verifyTextPresent(VerifyTextPresentKeyword.groovy:83)
	at com.kms.katalon.core.webui.keyword.builtin.VerifyTextPresentKeyword.execute(VerifyTextPresentKeyword.groovy:68)
	at com.kms.katalon.core.keyword.internal.KeywordExecutor.executeKeywordForPlatform(KeywordExecutor.groovy:74)
	at com.kms.katalon.core.webui.keyword.WebUiBuiltInKeywords.verifyTextPresent(WebUiBuiltInKeywords.groovy:1723)
	at com.kms.katalon.core.webui.keyword.WebUiBuiltInKeywords$verifyTextPresent$4.call(Unknown Source)
	at Sale_TP_AllCF_Generic_Payment_TC.run(Sale_TP_AllCF_Generic_Payment_TC:152)
	at com.kms.katalon.core.main.ScriptEngine.run(ScriptEngine.java:194)
	at com.kms.katalon.core.main.ScriptEngine.runScriptAsRawText(ScriptEngine.java:119)
	at com.kms.katalon.core.main.TestCaseExecutor.runScript(TestCaseExecutor.java:442)
	at com.kms.katalon.core.main.TestCaseExecutor.doExecute(TestCaseExecutor.java:433)
	at com.kms.katalon.core.main.TestCaseExecutor.processExecutionPhase(TestCaseExecutor.java:412)
	at com.kms.katalon.core.main.TestCaseExecutor.accessMainPhase(TestCaseExecutor.java:404)
	at com.kms.katalon.core.main.TestCaseExecutor.execute(TestCaseExecutor.java:281)
	at com.kms.katalon.core.main.TestSuiteExecutor.accessTestCaseMainPhase(TestSuiteExecutor.java:202)
	at com.kms.katalon.core.main.TestSuiteExecutor.accessTestSuiteMainPhase(TestSuiteExecutor.java:164)
	at com.kms.katalon.core.main.TestSuiteExecutor.execute(TestSuiteExecutor.java:105)
	at com.kms.katalon.core.main.TestCaseMain.startTestSuite(TestCaseMain.java:185)
	at com.kms.katalon.core.main.TestCaseMain$startTestSuite$0.call(Unknown Source)
	at TempTestSuite1656640997204.run(TempTestSuite1656640997204.groovy:36)
Caused by: org.openqa.selenium.WebDriverException: chrome not reachable
  (Session info: chrome=103.0.5060.66)
Build info: version: '3.141.59', revision: 'e82be7d358', time: '2018-11-14T08:25:53'
System info: host: 'DESKTOP-B2QI6NS', ip: '192.168.1.87', os.name: 'Windows 10', os.arch: 'amd64', os.version: '10.0', java.version: '1.8.0_181'
Driver info: com.kms.katalon.selenium.driver.CChromeDriver
Capabilities {acceptInsecureCerts: true, browserName: chrome, browserVersion: 103.0.5060.66, chrome: {chromedriverVersion: 103.0.5060.53 (a1711811edd7..., userDataDir: C:\Users\imtiaz\AppData\Loc...}, goog:chromeOptions: {debuggerAddress: localhost:55017}, javascriptEnabled: true, networkConnectionEnabled: false, pageLoadStrategy: normal, platform: WINDOWS, platformName: WINDOWS, proxy: Proxy(), setWindowRect: true, strictFileInteractability: false, timeouts: {implicit: 0, pageLoad: 300000, script: 30000}, unhandledPromptBehavior: dismiss and notify, webauthn:extension:credBlob: true, webauthn:extension:largeBlob: true, webauthn:virtualAuthenticators: true}
Session ID: efa2b9eb7928154ba23a0472bf5e7ff5
*** Element info: {Using=tag name, value=body}
	at org.openqa.selenium.remote.http.W3CHttpResponseCodec.createException(W3CHttpResponseCodec.java:187)
	at org.openqa.selenium.remote.http.W3CHttpResponseCodec.decode(W3CHttpResponseCodec.java:122)
	at org.openqa.selenium.remote.http.W3CHttpResponseCodec.decode(W3CHttpResponseCodec.java:49)
	at org.openqa.selenium.remote.HttpCommandExecutor.execute(HttpCommandExecutor.java:158)
	at org.openqa.selenium.remote.service.DriverCommandExecutor.execute(DriverCommandExecutor.java:83)
	at org.openqa.selenium.remote.RemoteWebDriver.execute(RemoteWebDriver.java:552)
	at com.kms.katalon.selenium.driver.CChromeDriver.execute(CChromeDriver.java:19)
	at org.openqa.selenium.remote.RemoteWebDriver.findElement(RemoteWebDriver.java:323)
	at org.openqa.selenium.remote.RemoteWebDriver.findElementByTagName(RemoteWebDriver.java:396)
	at org.openqa.selenium.By$ByTagName.findElement(By.java:320)
	at org.openqa.selenium.remote.RemoteWebDriver.findElement(RemoteWebDriver.java:315)
	at org.openqa.selenium.support.events.EventFiringWebDriver.lambda$new$1(EventFiringWebDriver.java:105)
	at com.sun.proxy.$Proxy10.findElement(Unknown Source)
	at org.openqa.selenium.support.events.EventFiringWebDriver.findElement(EventFiringWebDriver.java:194)
	at com.kms.katalon.core.webui.common.WebUiCommonHelper.isTextPresent(WebUiCommonHelper.java:86)
	at com.kms.katalon.core.webui.keyword.builtin.VerifyTextPresentKeyword$_verifyTextPresent_closure1.doCall(VerifyTextPresentKeyword.groovy:75)
	at com.kms.katalon.core.webui.keyword.builtin.VerifyTextPresentKeyword$_verifyTextPresent_closure1.call(VerifyTextPresentKeyword.groovy)
	at com.kms.katalon.core.webui.keyword.internal.WebUIKeywordMain.runKeyword(WebUIKeywordMain.groovy:20)
	at com.kms.katalon.core.webui.keyword.builtin.VerifyTextPresentKeyword.verifyTextPresent(VerifyTextPresentKeyword.groovy:83)
	at com.kms.katalon.core.webui.keyword.builtin.VerifyTextPresentKeyword.execute(VerifyTextPresentKeyword.groovy:68)
	at com.kms.katalon.core.keyword.internal.KeywordExecutor.executeKeywordForPlatform(KeywordExecutor.groovy:74)
	at com.kms.katalon.core.webui.keyword.WebUiBuiltInKeywords.verifyTextPresent(WebUiBuiltInKeywords.groovy:1723)
	at com.kms.katalon.core.webui.keyword.WebUiBuiltInKeywords$verifyTextPresent$4.call(Unknown Source)
	at Script1652205847657.run(Script1652205847657.groovy:152)
	... 13 more
)

2022-06-30 22:19:17 - [TEST_STEP][FAILED] - verifyTextPresent("UDF8", true): Unable to verify text 'UDF8' is present  using regular expression (Root cause: com.kms.katalon.core.exception.StepFailedException: Unable to verify text 'UDF8' is present  using regular expression
	at com.kms.katalon.core.webui.keyword.internal.WebUIKeywordMain.stepFailed(WebUIKeywordMain.groovy:64)
	at com.kms.katalon.core.webui.keyword.internal.WebUIKeywordMain.runKeyword(WebUIKeywordMain.groovy:26)
	at com.kms.katalon.core.webui.keyword.builtin.VerifyTextPresentKeyword.verifyTextPresent(VerifyTextPresentKeyword.groovy:83)
	at com.kms.katalon.core.webui.keyword.builtin.VerifyTextPresentKeyword.execute(VerifyTextPresentKeyword.groovy:68)
	at com.kms.katalon.core.keyword.internal.KeywordExecutor.executeKeywordForPlatform(KeywordExecutor.groovy:74)
	at com.kms.katalon.core.webui.keyword.WebUiBuiltInKeywords.verifyTextPresent(WebUiBuiltInKeywords.groovy:1723)
	at com.kms.katalon.core.webui.keyword.WebUiBuiltInKeywords$verifyTextPresent$4.call(Unknown Source)
	at Sale_TP_AllCF_Generic_Payment_TC.run(Sale_TP_AllCF_Generic_Payment_TC:153)
	at com.kms.katalon.core.main.ScriptEngine.run(ScriptEngine.java:194)
	at com.kms.katalon.core.main.ScriptEngine.runScriptAsRawText(ScriptEngine.java:119)
	at com.kms.katalon.core.main.TestCaseExecutor.runScript(TestCaseExecutor.java:442)
	at com.kms.katalon.core.main.TestCaseExecutor.doExecute(TestCaseExecutor.java:433)
	at com.kms.katalon.core.main.TestCaseExecutor.processExecutionPhase(TestCaseExecutor.java:412)
	at com.kms.katalon.core.main.TestCaseExecutor.accessMainPhase(TestCaseExecutor.java:404)
	at com.kms.katalon.core.main.TestCaseExecutor.execute(TestCaseExecutor.java:281)
	at com.kms.katalon.core.main.TestSuiteExecutor.accessTestCaseMainPhase(TestSuiteExecutor.java:202)
	at com.kms.katalon.core.main.TestSuiteExecutor.accessTestSuiteMainPhase(TestSuiteExecutor.java:164)
	at com.kms.katalon.core.main.TestSuiteExecutor.execute(TestSuiteExecutor.java:105)
	at com.kms.katalon.core.main.TestCaseMain.startTestSuite(TestCaseMain.java:185)
	at com.kms.katalon.core.main.TestCaseMain$startTestSuite$0.call(Unknown Source)
	at TempTestSuite1656640997204.run(TempTestSuite1656640997204.groovy:36)
Caused by: org.openqa.selenium.WebDriverException: chrome not reachable
  (Session info: chrome=103.0.5060.66)
Build info: version: '3.141.59', revision: 'e82be7d358', time: '2018-11-14T08:25:53'
System info: host: 'DESKTOP-B2QI6NS', ip: '192.168.1.87', os.name: 'Windows 10', os.arch: 'amd64', os.version: '10.0', java.version: '1.8.0_181'
Driver info: com.kms.katalon.selenium.driver.CChromeDriver
Capabilities {acceptInsecureCerts: true, browserName: chrome, browserVersion: 103.0.5060.66, chrome: {chromedriverVersion: 103.0.5060.53 (a1711811edd7..., userDataDir: C:\Users\imtiaz\AppData\Loc...}, goog:chromeOptions: {debuggerAddress: localhost:55017}, javascriptEnabled: true, networkConnectionEnabled: false, pageLoadStrategy: normal, platform: WINDOWS, platformName: WINDOWS, proxy: Proxy(), setWindowRect: true, strictFileInteractability: false, timeouts: {implicit: 0, pageLoad: 300000, script: 30000}, unhandledPromptBehavior: dismiss and notify, webauthn:extension:credBlob: true, webauthn:extension:largeBlob: true, webauthn:virtualAuthenticators: true}
Session ID: efa2b9eb7928154ba23a0472bf5e7ff5
*** Element info: {Using=tag name, value=body}
	at org.openqa.selenium.remote.http.W3CHttpResponseCodec.createException(W3CHttpResponseCodec.java:187)
	at org.openqa.selenium.remote.http.W3CHttpResponseCodec.decode(W3CHttpResponseCodec.java:122)
	at org.openqa.selenium.remote.http.W3CHttpResponseCodec.decode(W3CHttpResponseCodec.java:49)
	at org.openqa.selenium.remote.HttpCommandExecutor.execute(HttpCommandExecutor.java:158)
	at org.openqa.selenium.remote.service.DriverCommandExecutor.execute(DriverCommandExecutor.java:83)
	at org.openqa.selenium.remote.RemoteWebDriver.execute(RemoteWebDriver.java:552)
	at com.kms.katalon.selenium.driver.CChromeDriver.execute(CChromeDriver.java:19)
	at org.openqa.selenium.remote.RemoteWebDriver.findElement(RemoteWebDriver.java:323)
	at org.openqa.selenium.remote.RemoteWebDriver.findElementByTagName(RemoteWebDriver.java:396)
	at org.openqa.selenium.By$ByTagName.findElement(By.java:320)
	at org.openqa.selenium.remote.RemoteWebDriver.findElement(RemoteWebDriver.java:315)
	at org.openqa.selenium.support.events.EventFiringWebDriver.lambda$new$1(EventFiringWebDriver.java:105)
	at com.sun.proxy.$Proxy10.findElement(Unknown Source)
	at org.openqa.selenium.support.events.EventFiringWebDriver.findElement(EventFiringWebDriver.java:194)
	at com.kms.katalon.core.webui.common.WebUiCommonHelper.isTextPresent(WebUiCommonHelper.java:86)
	at com.kms.katalon.core.webui.keyword.builtin.VerifyTextPresentKeyword$_verifyTextPresent_closure1.doCall(VerifyTextPresentKeyword.groovy:75)
	at com.kms.katalon.core.webui.keyword.builtin.VerifyTextPresentKeyword$_verifyTextPresent_closure1.call(VerifyTextPresentKeyword.groovy)
	at com.kms.katalon.core.webui.keyword.internal.WebUIKeywordMain.runKeyword(WebUIKeywordMain.groovy:20)
	at com.kms.katalon.core.webui.keyword.builtin.VerifyTextPresentKeyword.verifyTextPresent(VerifyTextPresentKeyword.groovy:83)
	at com.kms.katalon.core.webui.keyword.builtin.VerifyTextPresentKeyword.execute(VerifyTextPresentKeyword.groovy:68)
	at com.kms.katalon.core.keyword.internal.KeywordExecutor.executeKeywordForPlatform(KeywordExecutor.groovy:74)
	at com.kms.katalon.core.webui.keyword.WebUiBuiltInKeywords.verifyTextPresent(WebUiBuiltInKeywords.groovy:1723)
	at com.kms.katalon.core.webui.keyword.WebUiBuiltInKeywords$verifyTextPresent$4.call(Unknown Source)
	at Script1652205847657.run(Script1652205847657.groovy:153)
	... 13 more
)

2022-06-30 22:19:29 - [MESSAGE][WARNING] - Cannot take screenshot

2022-06-30 22:19:29 - [MESSAGE][FAILED] - Unable to verify text 'UDF8' is present  using regular expression (Root cause: com.kms.katalon.core.exception.StepFailedException: Unable to verify text 'UDF8' is present  using regular expression
	at com.kms.katalon.core.webui.keyword.internal.WebUIKeywordMain.stepFailed(WebUIKeywordMain.groovy:64)
	at com.kms.katalon.core.webui.keyword.internal.WebUIKeywordMain.runKeyword(WebUIKeywordMain.groovy:26)
	at com.kms.katalon.core.webui.keyword.builtin.VerifyTextPresentKeyword.verifyTextPresent(VerifyTextPresentKeyword.groovy:83)
	at com.kms.katalon.core.webui.keyword.builtin.VerifyTextPresentKeyword.execute(VerifyTextPresentKeyword.groovy:68)
	at com.kms.katalon.core.keyword.internal.KeywordExecutor.executeKeywordForPlatform(KeywordExecutor.groovy:74)
	at com.kms.katalon.core.webui.keyword.WebUiBuiltInKeywords.verifyTextPresent(WebUiBuiltInKeywords.groovy:1723)
	at com.kms.katalon.core.webui.keyword.WebUiBuiltInKeywords$verifyTextPresent$4.call(Unknown Source)
	at Sale_TP_AllCF_Generic_Payment_TC.run(Sale_TP_AllCF_Generic_Payment_TC:153)
	at com.kms.katalon.core.main.ScriptEngine.run(ScriptEngine.java:194)
	at com.kms.katalon.core.main.ScriptEngine.runScriptAsRawText(ScriptEngine.java:119)
	at com.kms.katalon.core.main.TestCaseExecutor.runScript(TestCaseExecutor.java:442)
	at com.kms.katalon.core.main.TestCaseExecutor.doExecute(TestCaseExecutor.java:433)
	at com.kms.katalon.core.main.TestCaseExecutor.processExecutionPhase(TestCaseExecutor.java:412)
	at com.kms.katalon.core.main.TestCaseExecutor.accessMainPhase(TestCaseExecutor.java:404)
	at com.kms.katalon.core.main.TestCaseExecutor.execute(TestCaseExecutor.java:281)
	at com.kms.katalon.core.main.TestSuiteExecutor.accessTestCaseMainPhase(TestSuiteExecutor.java:202)
	at com.kms.katalon.core.main.TestSuiteExecutor.accessTestSuiteMainPhase(TestSuiteExecutor.java:164)
	at com.kms.katalon.core.main.TestSuiteExecutor.execute(TestSuiteExecutor.java:105)
	at com.kms.katalon.core.main.TestCaseMain.startTestSuite(TestCaseMain.java:185)
	at com.kms.katalon.core.main.TestCaseMain$startTestSuite$0.call(Unknown Source)
	at TempTestSuite1656640997204.run(TempTestSuite1656640997204.groovy:36)
Caused by: org.openqa.selenium.WebDriverException: chrome not reachable
  (Session info: chrome=103.0.5060.66)
Build info: version: '3.141.59', revision: 'e82be7d358', time: '2018-11-14T08:25:53'
System info: host: 'DESKTOP-B2QI6NS', ip: '192.168.1.87', os.name: 'Windows 10', os.arch: 'amd64', os.version: '10.0', java.version: '1.8.0_181'
Driver info: com.kms.katalon.selenium.driver.CChromeDriver
Capabilities {acceptInsecureCerts: true, browserName: chrome, browserVersion: 103.0.5060.66, chrome: {chromedriverVersion: 103.0.5060.53 (a1711811edd7..., userDataDir: C:\Users\imtiaz\AppData\Loc...}, goog:chromeOptions: {debuggerAddress: localhost:55017}, javascriptEnabled: true, networkConnectionEnabled: false, pageLoadStrategy: normal, platform: WINDOWS, platformName: WINDOWS, proxy: Proxy(), setWindowRect: true, strictFileInteractability: false, timeouts: {implicit: 0, pageLoad: 300000, script: 30000}, unhandledPromptBehavior: dismiss and notify, webauthn:extension:credBlob: true, webauthn:extension:largeBlob: true, webauthn:virtualAuthenticators: true}
Session ID: efa2b9eb7928154ba23a0472bf5e7ff5
*** Element info: {Using=tag name, value=body}
	at org.openqa.selenium.remote.http.W3CHttpResponseCodec.createException(W3CHttpResponseCodec.java:187)
	at org.openqa.selenium.remote.http.W3CHttpResponseCodec.decode(W3CHttpResponseCodec.java:122)
	at org.openqa.selenium.remote.http.W3CHttpResponseCodec.decode(W3CHttpResponseCodec.java:49)
	at org.openqa.selenium.remote.HttpCommandExecutor.execute(HttpCommandExecutor.java:158)
	at org.openqa.selenium.remote.service.DriverCommandExecutor.execute(DriverCommandExecutor.java:83)
	at org.openqa.selenium.remote.RemoteWebDriver.execute(RemoteWebDriver.java:552)
	at com.kms.katalon.selenium.driver.CChromeDriver.execute(CChromeDriver.java:19)
	at org.openqa.selenium.remote.RemoteWebDriver.findElement(RemoteWebDriver.java:323)
	at org.openqa.selenium.remote.RemoteWebDriver.findElementByTagName(RemoteWebDriver.java:396)
	at org.openqa.selenium.By$ByTagName.findElement(By.java:320)
	at org.openqa.selenium.remote.RemoteWebDriver.findElement(RemoteWebDriver.java:315)
	at org.openqa.selenium.support.events.EventFiringWebDriver.lambda$new$1(EventFiringWebDriver.java:105)
	at com.sun.proxy.$Proxy10.findElement(Unknown Source)
	at org.openqa.selenium.support.events.EventFiringWebDriver.findElement(EventFiringWebDriver.java:194)
	at com.kms.katalon.core.webui.common.WebUiCommonHelper.isTextPresent(WebUiCommonHelper.java:86)
	at com.kms.katalon.core.webui.keyword.builtin.VerifyTextPresentKeyword$_verifyTextPresent_closure1.doCall(VerifyTextPresentKeyword.groovy:75)
	at com.kms.katalon.core.webui.keyword.builtin.VerifyTextPresentKeyword$_verifyTextPresent_closure1.call(VerifyTextPresentKeyword.groovy)
	at com.kms.katalon.core.webui.keyword.internal.WebUIKeywordMain.runKeyword(WebUIKeywordMain.groovy:20)
	at com.kms.katalon.core.webui.keyword.builtin.VerifyTextPresentKeyword.verifyTextPresent(VerifyTextPresentKeyword.groovy:83)
	at com.kms.katalon.core.webui.keyword.builtin.VerifyTextPresentKeyword.execute(VerifyTextPresentKeyword.groovy:68)
	at com.kms.katalon.core.keyword.internal.KeywordExecutor.executeKeywordForPlatform(KeywordExecutor.groovy:74)
	at com.kms.katalon.core.webui.keyword.WebUiBuiltInKeywords.verifyTextPresent(WebUiBuiltInKeywords.groovy:1723)
	at com.kms.katalon.core.webui.keyword.WebUiBuiltInKeywords$verifyTextPresent$4.call(Unknown Source)
	at Script1652205847657.run(Script1652205847657.groovy:153)
	... 13 more
)

2022-06-30 22:19:29 - [TEST_STEP][FAILED] - verifyTextPresent("UDF9", true): Unable to verify text 'UDF9' is present  using regular expression (Root cause: com.kms.katalon.core.exception.StepFailedException: Unable to verify text 'UDF9' is present  using regular expression
	at com.kms.katalon.core.webui.keyword.internal.WebUIKeywordMain.stepFailed(WebUIKeywordMain.groovy:64)
	at com.kms.katalon.core.webui.keyword.internal.WebUIKeywordMain.runKeyword(WebUIKeywordMain.groovy:26)
	at com.kms.katalon.core.webui.keyword.builtin.VerifyTextPresentKeyword.verifyTextPresent(VerifyTextPresentKeyword.groovy:83)
	at com.kms.katalon.core.webui.keyword.builtin.VerifyTextPresentKeyword.execute(VerifyTextPresentKeyword.groovy:68)
	at com.kms.katalon.core.keyword.internal.KeywordExecutor.executeKeywordForPlatform(KeywordExecutor.groovy:74)
	at com.kms.katalon.core.webui.keyword.WebUiBuiltInKeywords.verifyTextPresent(WebUiBuiltInKeywords.groovy:1723)
	at com.kms.katalon.core.webui.keyword.WebUiBuiltInKeywords$verifyTextPresent$4.call(Unknown Source)
	at Sale_TP_AllCF_Generic_Payment_TC.run(Sale_TP_AllCF_Generic_Payment_TC:154)
	at com.kms.katalon.core.main.ScriptEngine.run(ScriptEngine.java:194)
	at com.kms.katalon.core.main.ScriptEngine.runScriptAsRawText(ScriptEngine.java:119)
	at com.kms.katalon.core.main.TestCaseExecutor.runScript(TestCaseExecutor.java:442)
	at com.kms.katalon.core.main.TestCaseExecutor.doExecute(TestCaseExecutor.java:433)
	at com.kms.katalon.core.main.TestCaseExecutor.processExecutionPhase(TestCaseExecutor.java:412)
	at com.kms.katalon.core.main.TestCaseExecutor.accessMainPhase(TestCaseExecutor.java:404)
	at com.kms.katalon.core.main.TestCaseExecutor.execute(TestCaseExecutor.java:281)
	at com.kms.katalon.core.main.TestSuiteExecutor.accessTestCaseMainPhase(TestSuiteExecutor.java:202)
	at com.kms.katalon.core.main.TestSuiteExecutor.accessTestSuiteMainPhase(TestSuiteExecutor.java:164)
	at com.kms.katalon.core.main.TestSuiteExecutor.execute(TestSuiteExecutor.java:105)
	at com.kms.katalon.core.main.TestCaseMain.startTestSuite(TestCaseMain.java:185)
	at com.kms.katalon.core.main.TestCaseMain$startTestSuite$0.call(Unknown Source)
	at TempTestSuite1656640997204.run(TempTestSuite1656640997204.groovy:36)
Caused by: org.openqa.selenium.WebDriverException: chrome not reachable
  (Session info: chrome=103.0.5060.66)
Build info: version: '3.141.59', revision: 'e82be7d358', time: '2018-11-14T08:25:53'
System info: host: 'DESKTOP-B2QI6NS', ip: '192.168.1.87', os.name: 'Windows 10', os.arch: 'amd64', os.version: '10.0', java.version: '1.8.0_181'
Driver info: com.kms.katalon.selenium.driver.CChromeDriver
Capabilities {acceptInsecureCerts: true, browserName: chrome, browserVersion: 103.0.5060.66, chrome: {chromedriverVersion: 103.0.5060.53 (a1711811edd7..., userDataDir: C:\Users\imtiaz\AppData\Loc...}, goog:chromeOptions: {debuggerAddress: localhost:55017}, javascriptEnabled: true, networkConnectionEnabled: false, pageLoadStrategy: normal, platform: WINDOWS, platformName: WINDOWS, proxy: Proxy(), setWindowRect: true, strictFileInteractability: false, timeouts: {implicit: 0, pageLoad: 300000, script: 30000}, unhandledPromptBehavior: dismiss and notify, webauthn:extension:credBlob: true, webauthn:extension:largeBlob: true, webauthn:virtualAuthenticators: true}
Session ID: efa2b9eb7928154ba23a0472bf5e7ff5
*** Element info: {Using=tag name, value=body}
	at org.openqa.selenium.remote.http.W3CHttpResponseCodec.createException(W3CHttpResponseCodec.java:187)
	at org.openqa.selenium.remote.http.W3CHttpResponseCodec.decode(W3CHttpResponseCodec.java:122)
	at org.openqa.selenium.remote.http.W3CHttpResponseCodec.decode(W3CHttpResponseCodec.java:49)
	at org.openqa.selenium.remote.HttpCommandExecutor.execute(HttpCommandExecutor.java:158)
	at org.openqa.selenium.remote.service.DriverCommandExecutor.execute(DriverCommandExecutor.java:83)
	at org.openqa.selenium.remote.RemoteWebDriver.execute(RemoteWebDriver.java:552)
	at com.kms.katalon.selenium.driver.CChromeDriver.execute(CChromeDriver.java:19)
	at org.openqa.selenium.remote.RemoteWebDriver.findElement(RemoteWebDriver.java:323)
	at org.openqa.selenium.remote.RemoteWebDriver.findElementByTagName(RemoteWebDriver.java:396)
	at org.openqa.selenium.By$ByTagName.findElement(By.java:320)
	at org.openqa.selenium.remote.RemoteWebDriver.findElement(RemoteWebDriver.java:315)
	at org.openqa.selenium.support.events.EventFiringWebDriver.lambda$new$1(EventFiringWebDriver.java:105)
	at com.sun.proxy.$Proxy10.findElement(Unknown Source)
	at org.openqa.selenium.support.events.EventFiringWebDriver.findElement(EventFiringWebDriver.java:194)
	at com.kms.katalon.core.webui.common.WebUiCommonHelper.isTextPresent(WebUiCommonHelper.java:86)
	at com.kms.katalon.core.webui.keyword.builtin.VerifyTextPresentKeyword$_verifyTextPresent_closure1.doCall(VerifyTextPresentKeyword.groovy:75)
	at com.kms.katalon.core.webui.keyword.builtin.VerifyTextPresentKeyword$_verifyTextPresent_closure1.call(VerifyTextPresentKeyword.groovy)
	at com.kms.katalon.core.webui.keyword.internal.WebUIKeywordMain.runKeyword(WebUIKeywordMain.groovy:20)
	at com.kms.katalon.core.webui.keyword.builtin.VerifyTextPresentKeyword.verifyTextPresent(VerifyTextPresentKeyword.groovy:83)
	at com.kms.katalon.core.webui.keyword.builtin.VerifyTextPresentKeyword.execute(VerifyTextPresentKeyword.groovy:68)
	at com.kms.katalon.core.keyword.internal.KeywordExecutor.executeKeywordForPlatform(KeywordExecutor.groovy:74)
	at com.kms.katalon.core.webui.keyword.WebUiBuiltInKeywords.verifyTextPresent(WebUiBuiltInKeywords.groovy:1723)
	at com.kms.katalon.core.webui.keyword.WebUiBuiltInKeywords$verifyTextPresent$4.call(Unknown Source)
	at Script1652205847657.run(Script1652205847657.groovy:154)
	... 13 more
)

2022-06-30 22:19:41 - [MESSAGE][WARNING] - Cannot take screenshot

2022-06-30 22:19:41 - [MESSAGE][FAILED] - Unable to verify text 'UDF9' is present  using regular expression (Root cause: com.kms.katalon.core.exception.StepFailedException: Unable to verify text 'UDF9' is present  using regular expression
	at com.kms.katalon.core.webui.keyword.internal.WebUIKeywordMain.stepFailed(WebUIKeywordMain.groovy:64)
	at com.kms.katalon.core.webui.keyword.internal.WebUIKeywordMain.runKeyword(WebUIKeywordMain.groovy:26)
	at com.kms.katalon.core.webui.keyword.builtin.VerifyTextPresentKeyword.verifyTextPresent(VerifyTextPresentKeyword.groovy:83)
	at com.kms.katalon.core.webui.keyword.builtin.VerifyTextPresentKeyword.execute(VerifyTextPresentKeyword.groovy:68)
	at com.kms.katalon.core.keyword.internal.KeywordExecutor.executeKeywordForPlatform(KeywordExecutor.groovy:74)
	at com.kms.katalon.core.webui.keyword.WebUiBuiltInKeywords.verifyTextPresent(WebUiBuiltInKeywords.groovy:1723)
	at com.kms.katalon.core.webui.keyword.WebUiBuiltInKeywords$verifyTextPresent$4.call(Unknown Source)
	at Sale_TP_AllCF_Generic_Payment_TC.run(Sale_TP_AllCF_Generic_Payment_TC:154)
	at com.kms.katalon.core.main.ScriptEngine.run(ScriptEngine.java:194)
	at com.kms.katalon.core.main.ScriptEngine.runScriptAsRawText(ScriptEngine.java:119)
	at com.kms.katalon.core.main.TestCaseExecutor.runScript(TestCaseExecutor.java:442)
	at com.kms.katalon.core.main.TestCaseExecutor.doExecute(TestCaseExecutor.java:433)
	at com.kms.katalon.core.main.TestCaseExecutor.processExecutionPhase(TestCaseExecutor.java:412)
	at com.kms.katalon.core.main.TestCaseExecutor.accessMainPhase(TestCaseExecutor.java:404)
	at com.kms.katalon.core.main.TestCaseExecutor.execute(TestCaseExecutor.java:281)
	at com.kms.katalon.core.main.TestSuiteExecutor.accessTestCaseMainPhase(TestSuiteExecutor.java:202)
	at com.kms.katalon.core.main.TestSuiteExecutor.accessTestSuiteMainPhase(TestSuiteExecutor.java:164)
	at com.kms.katalon.core.main.TestSuiteExecutor.execute(TestSuiteExecutor.java:105)
	at com.kms.katalon.core.main.TestCaseMain.startTestSuite(TestCaseMain.java:185)
	at com.kms.katalon.core.main.TestCaseMain$startTestSuite$0.call(Unknown Source)
	at TempTestSuite1656640997204.run(TempTestSuite1656640997204.groovy:36)
Caused by: org.openqa.selenium.WebDriverException: chrome not reachable
  (Session info: chrome=103.0.5060.66)
Build info: version: '3.141.59', revision: 'e82be7d358', time: '2018-11-14T08:25:53'
System info: host: 'DESKTOP-B2QI6NS', ip: '192.168.1.87', os.name: 'Windows 10', os.arch: 'amd64', os.version: '10.0', java.version: '1.8.0_181'
Driver info: com.kms.katalon.selenium.driver.CChromeDriver
Capabilities {acceptInsecureCerts: true, browserName: chrome, browserVersion: 103.0.5060.66, chrome: {chromedriverVersion: 103.0.5060.53 (a1711811edd7..., userDataDir: C:\Users\imtiaz\AppData\Loc...}, goog:chromeOptions: {debuggerAddress: localhost:55017}, javascriptEnabled: true, networkConnectionEnabled: false, pageLoadStrategy: normal, platform: WINDOWS, platformName: WINDOWS, proxy: Proxy(), setWindowRect: true, strictFileInteractability: false, timeouts: {implicit: 0, pageLoad: 300000, script: 30000}, unhandledPromptBehavior: dismiss and notify, webauthn:extension:credBlob: true, webauthn:extension:largeBlob: true, webauthn:virtualAuthenticators: true}
Session ID: efa2b9eb7928154ba23a0472bf5e7ff5
*** Element info: {Using=tag name, value=body}
	at org.openqa.selenium.remote.http.W3CHttpResponseCodec.createException(W3CHttpResponseCodec.java:187)
	at org.openqa.selenium.remote.http.W3CHttpResponseCodec.decode(W3CHttpResponseCodec.java:122)
	at org.openqa.selenium.remote.http.W3CHttpResponseCodec.decode(W3CHttpResponseCodec.java:49)
	at org.openqa.selenium.remote.HttpCommandExecutor.execute(HttpCommandExecutor.java:158)
	at org.openqa.selenium.remote.service.DriverCommandExecutor.execute(DriverCommandExecutor.java:83)
	at org.openqa.selenium.remote.RemoteWebDriver.execute(RemoteWebDriver.java:552)
	at com.kms.katalon.selenium.driver.CChromeDriver.execute(CChromeDriver.java:19)
	at org.openqa.selenium.remote.RemoteWebDriver.findElement(RemoteWebDriver.java:323)
	at org.openqa.selenium.remote.RemoteWebDriver.findElementByTagName(RemoteWebDriver.java:396)
	at org.openqa.selenium.By$ByTagName.findElement(By.java:320)
	at org.openqa.selenium.remote.RemoteWebDriver.findElement(RemoteWebDriver.java:315)
	at org.openqa.selenium.support.events.EventFiringWebDriver.lambda$new$1(EventFiringWebDriver.java:105)
	at com.sun.proxy.$Proxy10.findElement(Unknown Source)
	at org.openqa.selenium.support.events.EventFiringWebDriver.findElement(EventFiringWebDriver.java:194)
	at com.kms.katalon.core.webui.common.WebUiCommonHelper.isTextPresent(WebUiCommonHelper.java:86)
	at com.kms.katalon.core.webui.keyword.builtin.VerifyTextPresentKeyword$_verifyTextPresent_closure1.doCall(VerifyTextPresentKeyword.groovy:75)
	at com.kms.katalon.core.webui.keyword.builtin.VerifyTextPresentKeyword$_verifyTextPresent_closure1.call(VerifyTextPresentKeyword.groovy)
	at com.kms.katalon.core.webui.keyword.internal.WebUIKeywordMain.runKeyword(WebUIKeywordMain.groovy:20)
	at com.kms.katalon.core.webui.keyword.builtin.VerifyTextPresentKeyword.verifyTextPresent(VerifyTextPresentKeyword.groovy:83)
	at com.kms.katalon.core.webui.keyword.builtin.VerifyTextPresentKeyword.execute(VerifyTextPresentKeyword.groovy:68)
	at com.kms.katalon.core.keyword.internal.KeywordExecutor.executeKeywordForPlatform(KeywordExecutor.groovy:74)
	at com.kms.katalon.core.webui.keyword.WebUiBuiltInKeywords.verifyTextPresent(WebUiBuiltInKeywords.groovy:1723)
	at com.kms.katalon.core.webui.keyword.WebUiBuiltInKeywords$verifyTextPresent$4.call(Unknown Source)
	at Script1652205847657.run(Script1652205847657.groovy:154)
	... 13 more
)

2022-06-30 22:19:41 - [TEST_STEP][FAILED] - verifyTextPresent("UDF 10", true): Unable to verify text 'UDF 10' is present  using regular expression (Root cause: com.kms.katalon.core.exception.StepFailedException: Unable to verify text 'UDF 10' is present  using regular expression
	at com.kms.katalon.core.webui.keyword.internal.WebUIKeywordMain.stepFailed(WebUIKeywordMain.groovy:64)
	at com.kms.katalon.core.webui.keyword.internal.WebUIKeywordMain.runKeyword(WebUIKeywordMain.groovy:26)
	at com.kms.katalon.core.webui.keyword.builtin.VerifyTextPresentKeyword.verifyTextPresent(VerifyTextPresentKeyword.groovy:83)
	at com.kms.katalon.core.webui.keyword.builtin.VerifyTextPresentKeyword.execute(VerifyTextPresentKeyword.groovy:68)
	at com.kms.katalon.core.keyword.internal.KeywordExecutor.executeKeywordForPlatform(KeywordExecutor.groovy:74)
	at com.kms.katalon.core.webui.keyword.WebUiBuiltInKeywords.verifyTextPresent(WebUiBuiltInKeywords.groovy:1723)
	at com.kms.katalon.core.webui.keyword.WebUiBuiltInKeywords$verifyTextPresent$4.call(Unknown Source)
	at Sale_TP_AllCF_Generic_Payment_TC.run(Sale_TP_AllCF_Generic_Payment_TC:155)
	at com.kms.katalon.core.main.ScriptEngine.run(ScriptEngine.java:194)
	at com.kms.katalon.core.main.ScriptEngine.runScriptAsRawText(ScriptEngine.java:119)
	at com.kms.katalon.core.main.TestCaseExecutor.runScript(TestCaseExecutor.java:442)
	at com.kms.katalon.core.main.TestCaseExecutor.doExecute(TestCaseExecutor.java:433)
	at com.kms.katalon.core.main.TestCaseExecutor.processExecutionPhase(TestCaseExecutor.java:412)
	at com.kms.katalon.core.main.TestCaseExecutor.accessMainPhase(TestCaseExecutor.java:404)
	at com.kms.katalon.core.main.TestCaseExecutor.execute(TestCaseExecutor.java:281)
	at com.kms.katalon.core.main.TestSuiteExecutor.accessTestCaseMainPhase(TestSuiteExecutor.java:202)
	at com.kms.katalon.core.main.TestSuiteExecutor.accessTestSuiteMainPhase(TestSuiteExecutor.java:164)
	at com.kms.katalon.core.main.TestSuiteExecutor.execute(TestSuiteExecutor.java:105)
	at com.kms.katalon.core.main.TestCaseMain.startTestSuite(TestCaseMain.java:185)
	at com.kms.katalon.core.main.TestCaseMain$startTestSuite$0.call(Unknown Source)
	at TempTestSuite1656640997204.run(TempTestSuite1656640997204.groovy:36)
Caused by: org.openqa.selenium.WebDriverException: chrome not reachable
  (Session info: chrome=103.0.5060.66)
Build info: version: '3.141.59', revision: 'e82be7d358', time: '2018-11-14T08:25:53'
System info: host: 'DESKTOP-B2QI6NS', ip: '192.168.1.87', os.name: 'Windows 10', os.arch: 'amd64', os.version: '10.0', java.version: '1.8.0_181'
Driver info: com.kms.katalon.selenium.driver.CChromeDriver
Capabilities {acceptInsecureCerts: true, browserName: chrome, browserVersion: 103.0.5060.66, chrome: {chromedriverVersion: 103.0.5060.53 (a1711811edd7..., userDataDir: C:\Users\imtiaz\AppData\Loc...}, goog:chromeOptions: {debuggerAddress: localhost:55017}, javascriptEnabled: true, networkConnectionEnabled: false, pageLoadStrategy: normal, platform: WINDOWS, platformName: WINDOWS, proxy: Proxy(), setWindowRect: true, strictFileInteractability: false, timeouts: {implicit: 0, pageLoad: 300000, script: 30000}, unhandledPromptBehavior: dismiss and notify, webauthn:extension:credBlob: true, webauthn:extension:largeBlob: true, webauthn:virtualAuthenticators: true}
Session ID: efa2b9eb7928154ba23a0472bf5e7ff5
*** Element info: {Using=tag name, value=body}
	at org.openqa.selenium.remote.http.W3CHttpResponseCodec.createException(W3CHttpResponseCodec.java:187)
	at org.openqa.selenium.remote.http.W3CHttpResponseCodec.decode(W3CHttpResponseCodec.java:122)
	at org.openqa.selenium.remote.http.W3CHttpResponseCodec.decode(W3CHttpResponseCodec.java:49)
	at org.openqa.selenium.remote.HttpCommandExecutor.execute(HttpCommandExecutor.java:158)
	at org.openqa.selenium.remote.service.DriverCommandExecutor.execute(DriverCommandExecutor.java:83)
	at org.openqa.selenium.remote.RemoteWebDriver.execute(RemoteWebDriver.java:552)
	at com.kms.katalon.selenium.driver.CChromeDriver.execute(CChromeDriver.java:19)
	at org.openqa.selenium.remote.RemoteWebDriver.findElement(RemoteWebDriver.java:323)
	at org.openqa.selenium.remote.RemoteWebDriver.findElementByTagName(RemoteWebDriver.java:396)
	at org.openqa.selenium.By$ByTagName.findElement(By.java:320)
	at org.openqa.selenium.remote.RemoteWebDriver.findElement(RemoteWebDriver.java:315)
	at org.openqa.selenium.support.events.EventFiringWebDriver.lambda$new$1(EventFiringWebDriver.java:105)
	at com.sun.proxy.$Proxy10.findElement(Unknown Source)
	at org.openqa.selenium.support.events.EventFiringWebDriver.findElement(EventFiringWebDriver.java:194)
	at com.kms.katalon.core.webui.common.WebUiCommonHelper.isTextPresent(WebUiCommonHelper.java:86)
	at com.kms.katalon.core.webui.keyword.builtin.VerifyTextPresentKeyword$_verifyTextPresent_closure1.doCall(VerifyTextPresentKeyword.groovy:75)
	at com.kms.katalon.core.webui.keyword.builtin.VerifyTextPresentKeyword$_verifyTextPresent_closure1.call(VerifyTextPresentKeyword.groovy)
	at com.kms.katalon.core.webui.keyword.internal.WebUIKeywordMain.runKeyword(WebUIKeywordMain.groovy:20)
	at com.kms.katalon.core.webui.keyword.builtin.VerifyTextPresentKeyword.verifyTextPresent(VerifyTextPresentKeyword.groovy:83)
	at com.kms.katalon.core.webui.keyword.builtin.VerifyTextPresentKeyword.execute(VerifyTextPresentKeyword.groovy:68)
	at com.kms.katalon.core.keyword.internal.KeywordExecutor.executeKeywordForPlatform(KeywordExecutor.groovy:74)
	at com.kms.katalon.core.webui.keyword.WebUiBuiltInKeywords.verifyTextPresent(WebUiBuiltInKeywords.groovy:1723)
	at com.kms.katalon.core.webui.keyword.WebUiBuiltInKeywords$verifyTextPresent$4.call(Unknown Source)
	at Script1652205847657.run(Script1652205847657.groovy:155)
	... 13 more
)

2022-06-30 22:19:53 - [MESSAGE][WARNING] - Cannot take screenshot

2022-06-30 22:19:53 - [MESSAGE][FAILED] - Unable to verify text 'UDF 10' is present  using regular expression (Root cause: com.kms.katalon.core.exception.StepFailedException: Unable to verify text 'UDF 10' is present  using regular expression
	at com.kms.katalon.core.webui.keyword.internal.WebUIKeywordMain.stepFailed(WebUIKeywordMain.groovy:64)
	at com.kms.katalon.core.webui.keyword.internal.WebUIKeywordMain.runKeyword(WebUIKeywordMain.groovy:26)
	at com.kms.katalon.core.webui.keyword.builtin.VerifyTextPresentKeyword.verifyTextPresent(VerifyTextPresentKeyword.groovy:83)
	at com.kms.katalon.core.webui.keyword.builtin.VerifyTextPresentKeyword.execute(VerifyTextPresentKeyword.groovy:68)
	at com.kms.katalon.core.keyword.internal.KeywordExecutor.executeKeywordForPlatform(KeywordExecutor.groovy:74)
	at com.kms.katalon.core.webui.keyword.WebUiBuiltInKeywords.verifyTextPresent(WebUiBuiltInKeywords.groovy:1723)
	at com.kms.katalon.core.webui.keyword.WebUiBuiltInKeywords$verifyTextPresent$4.call(Unknown Source)
	at Sale_TP_AllCF_Generic_Payment_TC.run(Sale_TP_AllCF_Generic_Payment_TC:155)
	at com.kms.katalon.core.main.ScriptEngine.run(ScriptEngine.java:194)
	at com.kms.katalon.core.main.ScriptEngine.runScriptAsRawText(ScriptEngine.java:119)
	at com.kms.katalon.core.main.TestCaseExecutor.runScript(TestCaseExecutor.java:442)
	at com.kms.katalon.core.main.TestCaseExecutor.doExecute(TestCaseExecutor.java:433)
	at com.kms.katalon.core.main.TestCaseExecutor.processExecutionPhase(TestCaseExecutor.java:412)
	at com.kms.katalon.core.main.TestCaseExecutor.accessMainPhase(TestCaseExecutor.java:404)
	at com.kms.katalon.core.main.TestCaseExecutor.execute(TestCaseExecutor.java:281)
	at com.kms.katalon.core.main.TestSuiteExecutor.accessTestCaseMainPhase(TestSuiteExecutor.java:202)
	at com.kms.katalon.core.main.TestSuiteExecutor.accessTestSuiteMainPhase(TestSuiteExecutor.java:164)
	at com.kms.katalon.core.main.TestSuiteExecutor.execute(TestSuiteExecutor.java:105)
	at com.kms.katalon.core.main.TestCaseMain.startTestSuite(TestCaseMain.java:185)
	at com.kms.katalon.core.main.TestCaseMain$startTestSuite$0.call(Unknown Source)
	at TempTestSuite1656640997204.run(TempTestSuite1656640997204.groovy:36)
Caused by: org.openqa.selenium.WebDriverException: chrome not reachable
  (Session info: chrome=103.0.5060.66)
Build info: version: '3.141.59', revision: 'e82be7d358', time: '2018-11-14T08:25:53'
System info: host: 'DESKTOP-B2QI6NS', ip: '192.168.1.87', os.name: 'Windows 10', os.arch: 'amd64', os.version: '10.0', java.version: '1.8.0_181'
Driver info: com.kms.katalon.selenium.driver.CChromeDriver
Capabilities {acceptInsecureCerts: true, browserName: chrome, browserVersion: 103.0.5060.66, chrome: {chromedriverVersion: 103.0.5060.53 (a1711811edd7..., userDataDir: C:\Users\imtiaz\AppData\Loc...}, goog:chromeOptions: {debuggerAddress: localhost:55017}, javascriptEnabled: true, networkConnectionEnabled: false, pageLoadStrategy: normal, platform: WINDOWS, platformName: WINDOWS, proxy: Proxy(), setWindowRect: true, strictFileInteractability: false, timeouts: {implicit: 0, pageLoad: 300000, script: 30000}, unhandledPromptBehavior: dismiss and notify, webauthn:extension:credBlob: true, webauthn:extension:largeBlob: true, webauthn:virtualAuthenticators: true}
Session ID: efa2b9eb7928154ba23a0472bf5e7ff5
*** Element info: {Using=tag name, value=body}
	at org.openqa.selenium.remote.http.W3CHttpResponseCodec.createException(W3CHttpResponseCodec.java:187)
	at org.openqa.selenium.remote.http.W3CHttpResponseCodec.decode(W3CHttpResponseCodec.java:122)
	at org.openqa.selenium.remote.http.W3CHttpResponseCodec.decode(W3CHttpResponseCodec.java:49)
	at org.openqa.selenium.remote.HttpCommandExecutor.execute(HttpCommandExecutor.java:158)
	at org.openqa.selenium.remote.service.DriverCommandExecutor.execute(DriverCommandExecutor.java:83)
	at org.openqa.selenium.remote.RemoteWebDriver.execute(RemoteWebDriver.java:552)
	at com.kms.katalon.selenium.driver.CChromeDriver.execute(CChromeDriver.java:19)
	at org.openqa.selenium.remote.RemoteWebDriver.findElement(RemoteWebDriver.java:323)
	at org.openqa.selenium.remote.RemoteWebDriver.findElementByTagName(RemoteWebDriver.java:396)
	at org.openqa.selenium.By$ByTagName.findElement(By.java:320)
	at org.openqa.selenium.remote.RemoteWebDriver.findElement(RemoteWebDriver.java:315)
	at org.openqa.selenium.support.events.EventFiringWebDriver.lambda$new$1(EventFiringWebDriver.java:105)
	at com.sun.proxy.$Proxy10.findElement(Unknown Source)
	at org.openqa.selenium.support.events.EventFiringWebDriver.findElement(EventFiringWebDriver.java:194)
	at com.kms.katalon.core.webui.common.WebUiCommonHelper.isTextPresent(WebUiCommonHelper.java:86)
	at com.kms.katalon.core.webui.keyword.builtin.VerifyTextPresentKeyword$_verifyTextPresent_closure1.doCall(VerifyTextPresentKeyword.groovy:75)
	at com.kms.katalon.core.webui.keyword.builtin.VerifyTextPresentKeyword$_verifyTextPresent_closure1.call(VerifyTextPresentKeyword.groovy)
	at com.kms.katalon.core.webui.keyword.internal.WebUIKeywordMain.runKeyword(WebUIKeywordMain.groovy:20)
	at com.kms.katalon.core.webui.keyword.builtin.VerifyTextPresentKeyword.verifyTextPresent(VerifyTextPresentKeyword.groovy:83)
	at com.kms.katalon.core.webui.keyword.builtin.VerifyTextPresentKeyword.execute(VerifyTextPresentKeyword.groovy:68)
	at com.kms.katalon.core.keyword.internal.KeywordExecutor.executeKeywordForPlatform(KeywordExecutor.groovy:74)
	at com.kms.katalon.core.webui.keyword.WebUiBuiltInKeywords.verifyTextPresent(WebUiBuiltInKeywords.groovy:1723)
	at com.kms.katalon.core.webui.keyword.WebUiBuiltInKeywords$verifyTextPresent$4.call(Unknown Source)
	at Script1652205847657.run(Script1652205847657.groovy:155)
	... 13 more
)

2022-06-30 22:19:53 - [TEST_STEP][FAILED] - verifyTextPresent("Delhi", true): Unable to verify text 'Delhi' is present  using regular expression (Root cause: com.kms.katalon.core.exception.StepFailedException: Unable to verify text 'Delhi' is present  using regular expression
	at com.kms.katalon.core.webui.keyword.internal.WebUIKeywordMain.stepFailed(WebUIKeywordMain.groovy:64)
	at com.kms.katalon.core.webui.keyword.internal.WebUIKeywordMain.runKeyword(WebUIKeywordMain.groovy:26)
	at com.kms.katalon.core.webui.keyword.builtin.VerifyTextPresentKeyword.verifyTextPresent(VerifyTextPresentKeyword.groovy:83)
	at com.kms.katalon.core.webui.keyword.builtin.VerifyTextPresentKeyword.execute(VerifyTextPresentKeyword.groovy:68)
	at com.kms.katalon.core.keyword.internal.KeywordExecutor.executeKeywordForPlatform(KeywordExecutor.groovy:74)
	at com.kms.katalon.core.webui.keyword.WebUiBuiltInKeywords.verifyTextPresent(WebUiBuiltInKeywords.groovy:1723)
	at com.kms.katalon.core.webui.keyword.WebUiBuiltInKeywords$verifyTextPresent$4.call(Unknown Source)
	at Sale_TP_AllCF_Generic_Payment_TC.run(Sale_TP_AllCF_Generic_Payment_TC:157)
	at com.kms.katalon.core.main.ScriptEngine.run(ScriptEngine.java:194)
	at com.kms.katalon.core.main.ScriptEngine.runScriptAsRawText(ScriptEngine.java:119)
	at com.kms.katalon.core.main.TestCaseExecutor.runScript(TestCaseExecutor.java:442)
	at com.kms.katalon.core.main.TestCaseExecutor.doExecute(TestCaseExecutor.java:433)
	at com.kms.katalon.core.main.TestCaseExecutor.processExecutionPhase(TestCaseExecutor.java:412)
	at com.kms.katalon.core.main.TestCaseExecutor.accessMainPhase(TestCaseExecutor.java:404)
	at com.kms.katalon.core.main.TestCaseExecutor.execute(TestCaseExecutor.java:281)
	at com.kms.katalon.core.main.TestSuiteExecutor.accessTestCaseMainPhase(TestSuiteExecutor.java:202)
	at com.kms.katalon.core.main.TestSuiteExecutor.accessTestSuiteMainPhase(TestSuiteExecutor.java:164)
	at com.kms.katalon.core.main.TestSuiteExecutor.execute(TestSuiteExecutor.java:105)
	at com.kms.katalon.core.main.TestCaseMain.startTestSuite(TestCaseMain.java:185)
	at com.kms.katalon.core.main.TestCaseMain$startTestSuite$0.call(Unknown Source)
	at TempTestSuite1656640997204.run(TempTestSuite1656640997204.groovy:36)
Caused by: org.openqa.selenium.WebDriverException: chrome not reachable
  (Session info: chrome=103.0.5060.66)
Build info: version: '3.141.59', revision: 'e82be7d358', time: '2018-11-14T08:25:53'
System info: host: 'DESKTOP-B2QI6NS', ip: '192.168.1.87', os.name: 'Windows 10', os.arch: 'amd64', os.version: '10.0', java.version: '1.8.0_181'
Driver info: com.kms.katalon.selenium.driver.CChromeDriver
Capabilities {acceptInsecureCerts: true, browserName: chrome, browserVersion: 103.0.5060.66, chrome: {chromedriverVersion: 103.0.5060.53 (a1711811edd7..., userDataDir: C:\Users\imtiaz\AppData\Loc...}, goog:chromeOptions: {debuggerAddress: localhost:55017}, javascriptEnabled: true, networkConnectionEnabled: false, pageLoadStrategy: normal, platform: WINDOWS, platformName: WINDOWS, proxy: Proxy(), setWindowRect: true, strictFileInteractability: false, timeouts: {implicit: 0, pageLoad: 300000, script: 30000}, unhandledPromptBehavior: dismiss and notify, webauthn:extension:credBlob: true, webauthn:extension:largeBlob: true, webauthn:virtualAuthenticators: true}
Session ID: efa2b9eb7928154ba23a0472bf5e7ff5
*** Element info: {Using=tag name, value=body}
	at org.openqa.selenium.remote.http.W3CHttpResponseCodec.createException(W3CHttpResponseCodec.java:187)
	at org.openqa.selenium.remote.http.W3CHttpResponseCodec.decode(W3CHttpResponseCodec.java:122)
	at org.openqa.selenium.remote.http.W3CHttpResponseCodec.decode(W3CHttpResponseCodec.java:49)
	at org.openqa.selenium.remote.HttpCommandExecutor.execute(HttpCommandExecutor.java:158)
	at org.openqa.selenium.remote.service.DriverCommandExecutor.execute(DriverCommandExecutor.java:83)
	at org.openqa.selenium.remote.RemoteWebDriver.execute(RemoteWebDriver.java:552)
	at com.kms.katalon.selenium.driver.CChromeDriver.execute(CChromeDriver.java:19)
	at org.openqa.selenium.remote.RemoteWebDriver.findElement(RemoteWebDriver.java:323)
	at org.openqa.selenium.remote.RemoteWebDriver.findElementByTagName(RemoteWebDriver.java:396)
	at org.openqa.selenium.By$ByTagName.findElement(By.java:320)
	at org.openqa.selenium.remote.RemoteWebDriver.findElement(RemoteWebDriver.java:315)
	at org.openqa.selenium.support.events.EventFiringWebDriver.lambda$new$1(EventFiringWebDriver.java:105)
	at com.sun.proxy.$Proxy10.findElement(Unknown Source)
	at org.openqa.selenium.support.events.EventFiringWebDriver.findElement(EventFiringWebDriver.java:194)
	at com.kms.katalon.core.webui.common.WebUiCommonHelper.isTextPresent(WebUiCommonHelper.java:86)
	at com.kms.katalon.core.webui.keyword.builtin.VerifyTextPresentKeyword$_verifyTextPresent_closure1.doCall(VerifyTextPresentKeyword.groovy:75)
	at com.kms.katalon.core.webui.keyword.builtin.VerifyTextPresentKeyword$_verifyTextPresent_closure1.call(VerifyTextPresentKeyword.groovy)
	at com.kms.katalon.core.webui.keyword.internal.WebUIKeywordMain.runKeyword(WebUIKeywordMain.groovy:20)
	at com.kms.katalon.core.webui.keyword.builtin.VerifyTextPresentKeyword.verifyTextPresent(VerifyTextPresentKeyword.groovy:83)
	at com.kms.katalon.core.webui.keyword.builtin.VerifyTextPresentKeyword.execute(VerifyTextPresentKeyword.groovy:68)
	at com.kms.katalon.core.keyword.internal.KeywordExecutor.executeKeywordForPlatform(KeywordExecutor.groovy:74)
	at com.kms.katalon.core.webui.keyword.WebUiBuiltInKeywords.verifyTextPresent(WebUiBuiltInKeywords.groovy:1723)
	at com.kms.katalon.core.webui.keyword.WebUiBuiltInKeywords$verifyTextPresent$4.call(Unknown Source)
	at Script1652205847657.run(Script1652205847657.groovy:157)
	... 13 more
)

2022-06-30 22:20:05 - [MESSAGE][WARNING] - Cannot take screenshot

2022-06-30 22:20:05 - [MESSAGE][FAILED] - Unable to verify text 'Delhi' is present  using regular expression (Root cause: com.kms.katalon.core.exception.StepFailedException: Unable to verify text 'Delhi' is present  using regular expression
	at com.kms.katalon.core.webui.keyword.internal.WebUIKeywordMain.stepFailed(WebUIKeywordMain.groovy:64)
	at com.kms.katalon.core.webui.keyword.internal.WebUIKeywordMain.runKeyword(WebUIKeywordMain.groovy:26)
	at com.kms.katalon.core.webui.keyword.builtin.VerifyTextPresentKeyword.verifyTextPresent(VerifyTextPresentKeyword.groovy:83)
	at com.kms.katalon.core.webui.keyword.builtin.VerifyTextPresentKeyword.execute(VerifyTextPresentKeyword.groovy:68)
	at com.kms.katalon.core.keyword.internal.KeywordExecutor.executeKeywordForPlatform(KeywordExecutor.groovy:74)
	at com.kms.katalon.core.webui.keyword.WebUiBuiltInKeywords.verifyTextPresent(WebUiBuiltInKeywords.groovy:1723)
	at com.kms.katalon.core.webui.keyword.WebUiBuiltInKeywords$verifyTextPresent$4.call(Unknown Source)
	at Sale_TP_AllCF_Generic_Payment_TC.run(Sale_TP_AllCF_Generic_Payment_TC:157)
	at com.kms.katalon.core.main.ScriptEngine.run(ScriptEngine.java:194)
	at com.kms.katalon.core.main.ScriptEngine.runScriptAsRawText(ScriptEngine.java:119)
	at com.kms.katalon.core.main.TestCaseExecutor.runScript(TestCaseExecutor.java:442)
	at com.kms.katalon.core.main.TestCaseExecutor.doExecute(TestCaseExecutor.java:433)
	at com.kms.katalon.core.main.TestCaseExecutor.processExecutionPhase(TestCaseExecutor.java:412)
	at com.kms.katalon.core.main.TestCaseExecutor.accessMainPhase(TestCaseExecutor.java:404)
	at com.kms.katalon.core.main.TestCaseExecutor.execute(TestCaseExecutor.java:281)
	at com.kms.katalon.core.main.TestSuiteExecutor.accessTestCaseMainPhase(TestSuiteExecutor.java:202)
	at com.kms.katalon.core.main.TestSuiteExecutor.accessTestSuiteMainPhase(TestSuiteExecutor.java:164)
	at com.kms.katalon.core.main.TestSuiteExecutor.execute(TestSuiteExecutor.java:105)
	at com.kms.katalon.core.main.TestCaseMain.startTestSuite(TestCaseMain.java:185)
	at com.kms.katalon.core.main.TestCaseMain$startTestSuite$0.call(Unknown Source)
	at TempTestSuite1656640997204.run(TempTestSuite1656640997204.groovy:36)
Caused by: org.openqa.selenium.WebDriverException: chrome not reachable
  (Session info: chrome=103.0.5060.66)
Build info: version: '3.141.59', revision: 'e82be7d358', time: '2018-11-14T08:25:53'
System info: host: 'DESKTOP-B2QI6NS', ip: '192.168.1.87', os.name: 'Windows 10', os.arch: 'amd64', os.version: '10.0', java.version: '1.8.0_181'
Driver info: com.kms.katalon.selenium.driver.CChromeDriver
Capabilities {acceptInsecureCerts: true, browserName: chrome, browserVersion: 103.0.5060.66, chrome: {chromedriverVersion: 103.0.5060.53 (a1711811edd7..., userDataDir: C:\Users\imtiaz\AppData\Loc...}, goog:chromeOptions: {debuggerAddress: localhost:55017}, javascriptEnabled: true, networkConnectionEnabled: false, pageLoadStrategy: normal, platform: WINDOWS, platformName: WINDOWS, proxy: Proxy(), setWindowRect: true, strictFileInteractability: false, timeouts: {implicit: 0, pageLoad: 300000, script: 30000}, unhandledPromptBehavior: dismiss and notify, webauthn:extension:credBlob: true, webauthn:extension:largeBlob: true, webauthn:virtualAuthenticators: true}
Session ID: efa2b9eb7928154ba23a0472bf5e7ff5
*** Element info: {Using=tag name, value=body}
	at org.openqa.selenium.remote.http.W3CHttpResponseCodec.createException(W3CHttpResponseCodec.java:187)
	at org.openqa.selenium.remote.http.W3CHttpResponseCodec.decode(W3CHttpResponseCodec.java:122)
	at org.openqa.selenium.remote.http.W3CHttpResponseCodec.decode(W3CHttpResponseCodec.java:49)
	at org.openqa.selenium.remote.HttpCommandExecutor.execute(HttpCommandExecutor.java:158)
	at org.openqa.selenium.remote.service.DriverCommandExecutor.execute(DriverCommandExecutor.java:83)
	at org.openqa.selenium.remote.RemoteWebDriver.execute(RemoteWebDriver.java:552)
	at com.kms.katalon.selenium.driver.CChromeDriver.execute(CChromeDriver.java:19)
	at org.openqa.selenium.remote.RemoteWebDriver.findElement(RemoteWebDriver.java:323)
	at org.openqa.selenium.remote.RemoteWebDriver.findElementByTagName(RemoteWebDriver.java:396)
	at org.openqa.selenium.By$ByTagName.findElement(By.java:320)
	at org.openqa.selenium.remote.RemoteWebDriver.findElement(RemoteWebDriver.java:315)
	at org.openqa.selenium.support.events.EventFiringWebDriver.lambda$new$1(EventFiringWebDriver.java:105)
	at com.sun.proxy.$Proxy10.findElement(Unknown Source)
	at org.openqa.selenium.support.events.EventFiringWebDriver.findElement(EventFiringWebDriver.java:194)
	at com.kms.katalon.core.webui.common.WebUiCommonHelper.isTextPresent(WebUiCommonHelper.java:86)
	at com.kms.katalon.core.webui.keyword.builtin.VerifyTextPresentKeyword$_verifyTextPresent_closure1.doCall(VerifyTextPresentKeyword.groovy:75)
	at com.kms.katalon.core.webui.keyword.builtin.VerifyTextPresentKeyword$_verifyTextPresent_closure1.call(VerifyTextPresentKeyword.groovy)
	at com.kms.katalon.core.webui.keyword.internal.WebUIKeywordMain.runKeyword(WebUIKeywordMain.groovy:20)
	at com.kms.katalon.core.webui.keyword.builtin.VerifyTextPresentKeyword.verifyTextPresent(VerifyTextPresentKeyword.groovy:83)
	at com.kms.katalon.core.webui.keyword.builtin.VerifyTextPresentKeyword.execute(VerifyTextPresentKeyword.groovy:68)
	at com.kms.katalon.core.keyword.internal.KeywordExecutor.executeKeywordForPlatform(KeywordExecutor.groovy:74)
	at com.kms.katalon.core.webui.keyword.WebUiBuiltInKeywords.verifyTextPresent(WebUiBuiltInKeywords.groovy:1723)
	at com.kms.katalon.core.webui.keyword.WebUiBuiltInKeywords$verifyTextPresent$4.call(Unknown Source)
	at Script1652205847657.run(Script1652205847657.groovy:157)
	... 13 more
)

2022-06-30 22:20:05 - [TEST_STEP][FAILED] - verifyTextPresent("Chennai", true): Unable to verify text 'Chennai' is present  using regular expression (Root cause: com.kms.katalon.core.exception.StepFailedException: Unable to verify text 'Chennai' is present  using regular expression
	at com.kms.katalon.core.webui.keyword.internal.WebUIKeywordMain.stepFailed(WebUIKeywordMain.groovy:64)
	at com.kms.katalon.core.webui.keyword.internal.WebUIKeywordMain.runKeyword(WebUIKeywordMain.groovy:26)
	at com.kms.katalon.core.webui.keyword.builtin.VerifyTextPresentKeyword.verifyTextPresent(VerifyTextPresentKeyword.groovy:83)
	at com.kms.katalon.core.webui.keyword.builtin.VerifyTextPresentKeyword.execute(VerifyTextPresentKeyword.groovy:68)
	at com.kms.katalon.core.keyword.internal.KeywordExecutor.executeKeywordForPlatform(KeywordExecutor.groovy:74)
	at com.kms.katalon.core.webui.keyword.WebUiBuiltInKeywords.verifyTextPresent(WebUiBuiltInKeywords.groovy:1723)
	at com.kms.katalon.core.webui.keyword.WebUiBuiltInKeywords$verifyTextPresent$4.call(Unknown Source)
	at Sale_TP_AllCF_Generic_Payment_TC.run(Sale_TP_AllCF_Generic_Payment_TC:158)
	at com.kms.katalon.core.main.ScriptEngine.run(ScriptEngine.java:194)
	at com.kms.katalon.core.main.ScriptEngine.runScriptAsRawText(ScriptEngine.java:119)
	at com.kms.katalon.core.main.TestCaseExecutor.runScript(TestCaseExecutor.java:442)
	at com.kms.katalon.core.main.TestCaseExecutor.doExecute(TestCaseExecutor.java:433)
	at com.kms.katalon.core.main.TestCaseExecutor.processExecutionPhase(TestCaseExecutor.java:412)
	at com.kms.katalon.core.main.TestCaseExecutor.accessMainPhase(TestCaseExecutor.java:404)
	at com.kms.katalon.core.main.TestCaseExecutor.execute(TestCaseExecutor.java:281)
	at com.kms.katalon.core.main.TestSuiteExecutor.accessTestCaseMainPhase(TestSuiteExecutor.java:202)
	at com.kms.katalon.core.main.TestSuiteExecutor.accessTestSuiteMainPhase(TestSuiteExecutor.java:164)
	at com.kms.katalon.core.main.TestSuiteExecutor.execute(TestSuiteExecutor.java:105)
	at com.kms.katalon.core.main.TestCaseMain.startTestSuite(TestCaseMain.java:185)
	at com.kms.katalon.core.main.TestCaseMain$startTestSuite$0.call(Unknown Source)
	at TempTestSuite1656640997204.run(TempTestSuite1656640997204.groovy:36)
Caused by: org.openqa.selenium.WebDriverException: chrome not reachable
  (Session info: chrome=103.0.5060.66)
Build info: version: '3.141.59', revision: 'e82be7d358', time: '2018-11-14T08:25:53'
System info: host: 'DESKTOP-B2QI6NS', ip: '192.168.1.87', os.name: 'Windows 10', os.arch: 'amd64', os.version: '10.0', java.version: '1.8.0_181'
Driver info: com.kms.katalon.selenium.driver.CChromeDriver
Capabilities {acceptInsecureCerts: true, browserName: chrome, browserVersion: 103.0.5060.66, chrome: {chromedriverVersion: 103.0.5060.53 (a1711811edd7..., userDataDir: C:\Users\imtiaz\AppData\Loc...}, goog:chromeOptions: {debuggerAddress: localhost:55017}, javascriptEnabled: true, networkConnectionEnabled: false, pageLoadStrategy: normal, platform: WINDOWS, platformName: WINDOWS, proxy: Proxy(), setWindowRect: true, strictFileInteractability: false, timeouts: {implicit: 0, pageLoad: 300000, script: 30000}, unhandledPromptBehavior: dismiss and notify, webauthn:extension:credBlob: true, webauthn:extension:largeBlob: true, webauthn:virtualAuthenticators: true}
Session ID: efa2b9eb7928154ba23a0472bf5e7ff5
*** Element info: {Using=tag name, value=body}
	at org.openqa.selenium.remote.http.W3CHttpResponseCodec.createException(W3CHttpResponseCodec.java:187)
	at org.openqa.selenium.remote.http.W3CHttpResponseCodec.decode(W3CHttpResponseCodec.java:122)
	at org.openqa.selenium.remote.http.W3CHttpResponseCodec.decode(W3CHttpResponseCodec.java:49)
	at org.openqa.selenium.remote.HttpCommandExecutor.execute(HttpCommandExecutor.java:158)
	at org.openqa.selenium.remote.service.DriverCommandExecutor.execute(DriverCommandExecutor.java:83)
	at org.openqa.selenium.remote.RemoteWebDriver.execute(RemoteWebDriver.java:552)
	at com.kms.katalon.selenium.driver.CChromeDriver.execute(CChromeDriver.java:19)
	at org.openqa.selenium.remote.RemoteWebDriver.findElement(RemoteWebDriver.java:323)
	at org.openqa.selenium.remote.RemoteWebDriver.findElementByTagName(RemoteWebDriver.java:396)
	at org.openqa.selenium.By$ByTagName.findElement(By.java:320)
	at org.openqa.selenium.remote.RemoteWebDriver.findElement(RemoteWebDriver.java:315)
	at org.openqa.selenium.support.events.EventFiringWebDriver.lambda$new$1(EventFiringWebDriver.java:105)
	at com.sun.proxy.$Proxy10.findElement(Unknown Source)
	at org.openqa.selenium.support.events.EventFiringWebDriver.findElement(EventFiringWebDriver.java:194)
	at com.kms.katalon.core.webui.common.WebUiCommonHelper.isTextPresent(WebUiCommonHelper.java:86)
	at com.kms.katalon.core.webui.keyword.builtin.VerifyTextPresentKeyword$_verifyTextPresent_closure1.doCall(VerifyTextPresentKeyword.groovy:75)
	at com.kms.katalon.core.webui.keyword.builtin.VerifyTextPresentKeyword$_verifyTextPresent_closure1.call(VerifyTextPresentKeyword.groovy)
	at com.kms.katalon.core.webui.keyword.internal.WebUIKeywordMain.runKeyword(WebUIKeywordMain.groovy:20)
	at com.kms.katalon.core.webui.keyword.builtin.VerifyTextPresentKeyword.verifyTextPresent(VerifyTextPresentKeyword.groovy:83)
	at com.kms.katalon.core.webui.keyword.builtin.VerifyTextPresentKeyword.execute(VerifyTextPresentKeyword.groovy:68)
	at com.kms.katalon.core.keyword.internal.KeywordExecutor.executeKeywordForPlatform(KeywordExecutor.groovy:74)
	at com.kms.katalon.core.webui.keyword.WebUiBuiltInKeywords.verifyTextPresent(WebUiBuiltInKeywords.groovy:1723)
	at com.kms.katalon.core.webui.keyword.WebUiBuiltInKeywords$verifyTextPresent$4.call(Unknown Source)
	at Script1652205847657.run(Script1652205847657.groovy:158)
	... 13 more
)

2022-06-30 22:20:17 - [MESSAGE][WARNING] - Cannot take screenshot

2022-06-30 22:20:17 - [MESSAGE][FAILED] - Unable to verify text 'Chennai' is present  using regular expression (Root cause: com.kms.katalon.core.exception.StepFailedException: Unable to verify text 'Chennai' is present  using regular expression
	at com.kms.katalon.core.webui.keyword.internal.WebUIKeywordMain.stepFailed(WebUIKeywordMain.groovy:64)
	at com.kms.katalon.core.webui.keyword.internal.WebUIKeywordMain.runKeyword(WebUIKeywordMain.groovy:26)
	at com.kms.katalon.core.webui.keyword.builtin.VerifyTextPresentKeyword.verifyTextPresent(VerifyTextPresentKeyword.groovy:83)
	at com.kms.katalon.core.webui.keyword.builtin.VerifyTextPresentKeyword.execute(VerifyTextPresentKeyword.groovy:68)
	at com.kms.katalon.core.keyword.internal.KeywordExecutor.executeKeywordForPlatform(KeywordExecutor.groovy:74)
	at com.kms.katalon.core.webui.keyword.WebUiBuiltInKeywords.verifyTextPresent(WebUiBuiltInKeywords.groovy:1723)
	at com.kms.katalon.core.webui.keyword.WebUiBuiltInKeywords$verifyTextPresent$4.call(Unknown Source)
	at Sale_TP_AllCF_Generic_Payment_TC.run(Sale_TP_AllCF_Generic_Payment_TC:158)
	at com.kms.katalon.core.main.ScriptEngine.run(ScriptEngine.java:194)
	at com.kms.katalon.core.main.ScriptEngine.runScriptAsRawText(ScriptEngine.java:119)
	at com.kms.katalon.core.main.TestCaseExecutor.runScript(TestCaseExecutor.java:442)
	at com.kms.katalon.core.main.TestCaseExecutor.doExecute(TestCaseExecutor.java:433)
	at com.kms.katalon.core.main.TestCaseExecutor.processExecutionPhase(TestCaseExecutor.java:412)
	at com.kms.katalon.core.main.TestCaseExecutor.accessMainPhase(TestCaseExecutor.java:404)
	at com.kms.katalon.core.main.TestCaseExecutor.execute(TestCaseExecutor.java:281)
	at com.kms.katalon.core.main.TestSuiteExecutor.accessTestCaseMainPhase(TestSuiteExecutor.java:202)
	at com.kms.katalon.core.main.TestSuiteExecutor.accessTestSuiteMainPhase(TestSuiteExecutor.java:164)
	at com.kms.katalon.core.main.TestSuiteExecutor.execute(TestSuiteExecutor.java:105)
	at com.kms.katalon.core.main.TestCaseMain.startTestSuite(TestCaseMain.java:185)
	at com.kms.katalon.core.main.TestCaseMain$startTestSuite$0.call(Unknown Source)
	at TempTestSuite1656640997204.run(TempTestSuite1656640997204.groovy:36)
Caused by: org.openqa.selenium.WebDriverException: chrome not reachable
  (Session info: chrome=103.0.5060.66)
Build info: version: '3.141.59', revision: 'e82be7d358', time: '2018-11-14T08:25:53'
System info: host: 'DESKTOP-B2QI6NS', ip: '192.168.1.87', os.name: 'Windows 10', os.arch: 'amd64', os.version: '10.0', java.version: '1.8.0_181'
Driver info: com.kms.katalon.selenium.driver.CChromeDriver
Capabilities {acceptInsecureCerts: true, browserName: chrome, browserVersion: 103.0.5060.66, chrome: {chromedriverVersion: 103.0.5060.53 (a1711811edd7..., userDataDir: C:\Users\imtiaz\AppData\Loc...}, goog:chromeOptions: {debuggerAddress: localhost:55017}, javascriptEnabled: true, networkConnectionEnabled: false, pageLoadStrategy: normal, platform: WINDOWS, platformName: WINDOWS, proxy: Proxy(), setWindowRect: true, strictFileInteractability: false, timeouts: {implicit: 0, pageLoad: 300000, script: 30000}, unhandledPromptBehavior: dismiss and notify, webauthn:extension:credBlob: true, webauthn:extension:largeBlob: true, webauthn:virtualAuthenticators: true}
Session ID: efa2b9eb7928154ba23a0472bf5e7ff5
*** Element info: {Using=tag name, value=body}
	at org.openqa.selenium.remote.http.W3CHttpResponseCodec.createException(W3CHttpResponseCodec.java:187)
	at org.openqa.selenium.remote.http.W3CHttpResponseCodec.decode(W3CHttpResponseCodec.java:122)
	at org.openqa.selenium.remote.http.W3CHttpResponseCodec.decode(W3CHttpResponseCodec.java:49)
	at org.openqa.selenium.remote.HttpCommandExecutor.execute(HttpCommandExecutor.java:158)
	at org.openqa.selenium.remote.service.DriverCommandExecutor.execute(DriverCommandExecutor.java:83)
	at org.openqa.selenium.remote.RemoteWebDriver.execute(RemoteWebDriver.java:552)
	at com.kms.katalon.selenium.driver.CChromeDriver.execute(CChromeDriver.java:19)
	at org.openqa.selenium.remote.RemoteWebDriver.findElement(RemoteWebDriver.java:323)
	at org.openqa.selenium.remote.RemoteWebDriver.findElementByTagName(RemoteWebDriver.java:396)
	at org.openqa.selenium.By$ByTagName.findElement(By.java:320)
	at org.openqa.selenium.remote.RemoteWebDriver.findElement(RemoteWebDriver.java:315)
	at org.openqa.selenium.support.events.EventFiringWebDriver.lambda$new$1(EventFiringWebDriver.java:105)
	at com.sun.proxy.$Proxy10.findElement(Unknown Source)
	at org.openqa.selenium.support.events.EventFiringWebDriver.findElement(EventFiringWebDriver.java:194)
	at com.kms.katalon.core.webui.common.WebUiCommonHelper.isTextPresent(WebUiCommonHelper.java:86)
	at com.kms.katalon.core.webui.keyword.builtin.VerifyTextPresentKeyword$_verifyTextPresent_closure1.doCall(VerifyTextPresentKeyword.groovy:75)
	at com.kms.katalon.core.webui.keyword.builtin.VerifyTextPresentKeyword$_verifyTextPresent_closure1.call(VerifyTextPresentKeyword.groovy)
	at com.kms.katalon.core.webui.keyword.internal.WebUIKeywordMain.runKeyword(WebUIKeywordMain.groovy:20)
	at com.kms.katalon.core.webui.keyword.builtin.VerifyTextPresentKeyword.verifyTextPresent(VerifyTextPresentKeyword.groovy:83)
	at com.kms.katalon.core.webui.keyword.builtin.VerifyTextPresentKeyword.execute(VerifyTextPresentKeyword.groovy:68)
	at com.kms.katalon.core.keyword.internal.KeywordExecutor.executeKeywordForPlatform(KeywordExecutor.groovy:74)
	at com.kms.katalon.core.webui.keyword.WebUiBuiltInKeywords.verifyTextPresent(WebUiBuiltInKeywords.groovy:1723)
	at com.kms.katalon.core.webui.keyword.WebUiBuiltInKeywords$verifyTextPresent$4.call(Unknown Source)
	at Script1652205847657.run(Script1652205847657.groovy:158)
	... 13 more
)

2022-06-30 22:20:17 - [TEST_STEP][FAILED] - verifyTextPresent("Mumbai", true): Unable to verify text 'Mumbai' is present  using regular expression (Root cause: com.kms.katalon.core.exception.StepFailedException: Unable to verify text 'Mumbai' is present  using regular expression
	at com.kms.katalon.core.webui.keyword.internal.WebUIKeywordMain.stepFailed(WebUIKeywordMain.groovy:64)
	at com.kms.katalon.core.webui.keyword.internal.WebUIKeywordMain.runKeyword(WebUIKeywordMain.groovy:26)
	at com.kms.katalon.core.webui.keyword.builtin.VerifyTextPresentKeyword.verifyTextPresent(VerifyTextPresentKeyword.groovy:83)
	at com.kms.katalon.core.webui.keyword.builtin.VerifyTextPresentKeyword.execute(VerifyTextPresentKeyword.groovy:68)
	at com.kms.katalon.core.keyword.internal.KeywordExecutor.executeKeywordForPlatform(KeywordExecutor.groovy:74)
	at com.kms.katalon.core.webui.keyword.WebUiBuiltInKeywords.verifyTextPresent(WebUiBuiltInKeywords.groovy:1723)
	at com.kms.katalon.core.webui.keyword.WebUiBuiltInKeywords$verifyTextPresent$4.call(Unknown Source)
	at Sale_TP_AllCF_Generic_Payment_TC.run(Sale_TP_AllCF_Generic_Payment_TC:159)
	at com.kms.katalon.core.main.ScriptEngine.run(ScriptEngine.java:194)
	at com.kms.katalon.core.main.ScriptEngine.runScriptAsRawText(ScriptEngine.java:119)
	at com.kms.katalon.core.main.TestCaseExecutor.runScript(TestCaseExecutor.java:442)
	at com.kms.katalon.core.main.TestCaseExecutor.doExecute(TestCaseExecutor.java:433)
	at com.kms.katalon.core.main.TestCaseExecutor.processExecutionPhase(TestCaseExecutor.java:412)
	at com.kms.katalon.core.main.TestCaseExecutor.accessMainPhase(TestCaseExecutor.java:404)
	at com.kms.katalon.core.main.TestCaseExecutor.execute(TestCaseExecutor.java:281)
	at com.kms.katalon.core.main.TestSuiteExecutor.accessTestCaseMainPhase(TestSuiteExecutor.java:202)
	at com.kms.katalon.core.main.TestSuiteExecutor.accessTestSuiteMainPhase(TestSuiteExecutor.java:164)
	at com.kms.katalon.core.main.TestSuiteExecutor.execute(TestSuiteExecutor.java:105)
	at com.kms.katalon.core.main.TestCaseMain.startTestSuite(TestCaseMain.java:185)
	at com.kms.katalon.core.main.TestCaseMain$startTestSuite$0.call(Unknown Source)
	at TempTestSuite1656640997204.run(TempTestSuite1656640997204.groovy:36)
Caused by: org.openqa.selenium.WebDriverException: chrome not reachable
  (Session info: chrome=103.0.5060.66)
Build info: version: '3.141.59', revision: 'e82be7d358', time: '2018-11-14T08:25:53'
System info: host: 'DESKTOP-B2QI6NS', ip: '192.168.1.87', os.name: 'Windows 10', os.arch: 'amd64', os.version: '10.0', java.version: '1.8.0_181'
Driver info: com.kms.katalon.selenium.driver.CChromeDriver
Capabilities {acceptInsecureCerts: true, browserName: chrome, browserVersion: 103.0.5060.66, chrome: {chromedriverVersion: 103.0.5060.53 (a1711811edd7..., userDataDir: C:\Users\imtiaz\AppData\Loc...}, goog:chromeOptions: {debuggerAddress: localhost:55017}, javascriptEnabled: true, networkConnectionEnabled: false, pageLoadStrategy: normal, platform: WINDOWS, platformName: WINDOWS, proxy: Proxy(), setWindowRect: true, strictFileInteractability: false, timeouts: {implicit: 0, pageLoad: 300000, script: 30000}, unhandledPromptBehavior: dismiss and notify, webauthn:extension:credBlob: true, webauthn:extension:largeBlob: true, webauthn:virtualAuthenticators: true}
Session ID: efa2b9eb7928154ba23a0472bf5e7ff5
*** Element info: {Using=tag name, value=body}
	at org.openqa.selenium.remote.http.W3CHttpResponseCodec.createException(W3CHttpResponseCodec.java:187)
	at org.openqa.selenium.remote.http.W3CHttpResponseCodec.decode(W3CHttpResponseCodec.java:122)
	at org.openqa.selenium.remote.http.W3CHttpResponseCodec.decode(W3CHttpResponseCodec.java:49)
	at org.openqa.selenium.remote.HttpCommandExecutor.execute(HttpCommandExecutor.java:158)
	at org.openqa.selenium.remote.service.DriverCommandExecutor.execute(DriverCommandExecutor.java:83)
	at org.openqa.selenium.remote.RemoteWebDriver.execute(RemoteWebDriver.java:552)
	at com.kms.katalon.selenium.driver.CChromeDriver.execute(CChromeDriver.java:19)
	at org.openqa.selenium.remote.RemoteWebDriver.findElement(RemoteWebDriver.java:323)
	at org.openqa.selenium.remote.RemoteWebDriver.findElementByTagName(RemoteWebDriver.java:396)
	at org.openqa.selenium.By$ByTagName.findElement(By.java:320)
	at org.openqa.selenium.remote.RemoteWebDriver.findElement(RemoteWebDriver.java:315)
	at org.openqa.selenium.support.events.EventFiringWebDriver.lambda$new$1(EventFiringWebDriver.java:105)
	at com.sun.proxy.$Proxy10.findElement(Unknown Source)
	at org.openqa.selenium.support.events.EventFiringWebDriver.findElement(EventFiringWebDriver.java:194)
	at com.kms.katalon.core.webui.common.WebUiCommonHelper.isTextPresent(WebUiCommonHelper.java:86)
	at com.kms.katalon.core.webui.keyword.builtin.VerifyTextPresentKeyword$_verifyTextPresent_closure1.doCall(VerifyTextPresentKeyword.groovy:75)
	at com.kms.katalon.core.webui.keyword.builtin.VerifyTextPresentKeyword$_verifyTextPresent_closure1.call(VerifyTextPresentKeyword.groovy)
	at com.kms.katalon.core.webui.keyword.internal.WebUIKeywordMain.runKeyword(WebUIKeywordMain.groovy:20)
	at com.kms.katalon.core.webui.keyword.builtin.VerifyTextPresentKeyword.verifyTextPresent(VerifyTextPresentKeyword.groovy:83)
	at com.kms.katalon.core.webui.keyword.builtin.VerifyTextPresentKeyword.execute(VerifyTextPresentKeyword.groovy:68)
	at com.kms.katalon.core.keyword.internal.KeywordExecutor.executeKeywordForPlatform(KeywordExecutor.groovy:74)
	at com.kms.katalon.core.webui.keyword.WebUiBuiltInKeywords.verifyTextPresent(WebUiBuiltInKeywords.groovy:1723)
	at com.kms.katalon.core.webui.keyword.WebUiBuiltInKeywords$verifyTextPresent$4.call(Unknown Source)
	at Script1652205847657.run(Script1652205847657.groovy:159)
	... 13 more
)

2022-06-30 22:20:29 - [MESSAGE][WARNING] - Cannot take screenshot

2022-06-30 22:20:29 - [MESSAGE][FAILED] - Unable to verify text 'Mumbai' is present  using regular expression (Root cause: com.kms.katalon.core.exception.StepFailedException: Unable to verify text 'Mumbai' is present  using regular expression
	at com.kms.katalon.core.webui.keyword.internal.WebUIKeywordMain.stepFailed(WebUIKeywordMain.groovy:64)
	at com.kms.katalon.core.webui.keyword.internal.WebUIKeywordMain.runKeyword(WebUIKeywordMain.groovy:26)
	at com.kms.katalon.core.webui.keyword.builtin.VerifyTextPresentKeyword.verifyTextPresent(VerifyTextPresentKeyword.groovy:83)
	at com.kms.katalon.core.webui.keyword.builtin.VerifyTextPresentKeyword.execute(VerifyTextPresentKeyword.groovy:68)
	at com.kms.katalon.core.keyword.internal.KeywordExecutor.executeKeywordForPlatform(KeywordExecutor.groovy:74)
	at com.kms.katalon.core.webui.keyword.WebUiBuiltInKeywords.verifyTextPresent(WebUiBuiltInKeywords.groovy:1723)
	at com.kms.katalon.core.webui.keyword.WebUiBuiltInKeywords$verifyTextPresent$4.call(Unknown Source)
	at Sale_TP_AllCF_Generic_Payment_TC.run(Sale_TP_AllCF_Generic_Payment_TC:159)
	at com.kms.katalon.core.main.ScriptEngine.run(ScriptEngine.java:194)
	at com.kms.katalon.core.main.ScriptEngine.runScriptAsRawText(ScriptEngine.java:119)
	at com.kms.katalon.core.main.TestCaseExecutor.runScript(TestCaseExecutor.java:442)
	at com.kms.katalon.core.main.TestCaseExecutor.doExecute(TestCaseExecutor.java:433)
	at com.kms.katalon.core.main.TestCaseExecutor.processExecutionPhase(TestCaseExecutor.java:412)
	at com.kms.katalon.core.main.TestCaseExecutor.accessMainPhase(TestCaseExecutor.java:404)
	at com.kms.katalon.core.main.TestCaseExecutor.execute(TestCaseExecutor.java:281)
	at com.kms.katalon.core.main.TestSuiteExecutor.accessTestCaseMainPhase(TestSuiteExecutor.java:202)
	at com.kms.katalon.core.main.TestSuiteExecutor.accessTestSuiteMainPhase(TestSuiteExecutor.java:164)
	at com.kms.katalon.core.main.TestSuiteExecutor.execute(TestSuiteExecutor.java:105)
	at com.kms.katalon.core.main.TestCaseMain.startTestSuite(TestCaseMain.java:185)
	at com.kms.katalon.core.main.TestCaseMain$startTestSuite$0.call(Unknown Source)
	at TempTestSuite1656640997204.run(TempTestSuite1656640997204.groovy:36)
Caused by: org.openqa.selenium.WebDriverException: chrome not reachable
  (Session info: chrome=103.0.5060.66)
Build info: version: '3.141.59', revision: 'e82be7d358', time: '2018-11-14T08:25:53'
System info: host: 'DESKTOP-B2QI6NS', ip: '192.168.1.87', os.name: 'Windows 10', os.arch: 'amd64', os.version: '10.0', java.version: '1.8.0_181'
Driver info: com.kms.katalon.selenium.driver.CChromeDriver
Capabilities {acceptInsecureCerts: true, browserName: chrome, browserVersion: 103.0.5060.66, chrome: {chromedriverVersion: 103.0.5060.53 (a1711811edd7..., userDataDir: C:\Users\imtiaz\AppData\Loc...}, goog:chromeOptions: {debuggerAddress: localhost:55017}, javascriptEnabled: true, networkConnectionEnabled: false, pageLoadStrategy: normal, platform: WINDOWS, platformName: WINDOWS, proxy: Proxy(), setWindowRect: true, strictFileInteractability: false, timeouts: {implicit: 0, pageLoad: 300000, script: 30000}, unhandledPromptBehavior: dismiss and notify, webauthn:extension:credBlob: true, webauthn:extension:largeBlob: true, webauthn:virtualAuthenticators: true}
Session ID: efa2b9eb7928154ba23a0472bf5e7ff5
*** Element info: {Using=tag name, value=body}
	at org.openqa.selenium.remote.http.W3CHttpResponseCodec.createException(W3CHttpResponseCodec.java:187)
	at org.openqa.selenium.remote.http.W3CHttpResponseCodec.decode(W3CHttpResponseCodec.java:122)
	at org.openqa.selenium.remote.http.W3CHttpResponseCodec.decode(W3CHttpResponseCodec.java:49)
	at org.openqa.selenium.remote.HttpCommandExecutor.execute(HttpCommandExecutor.java:158)
	at org.openqa.selenium.remote.service.DriverCommandExecutor.execute(DriverCommandExecutor.java:83)
	at org.openqa.selenium.remote.RemoteWebDriver.execute(RemoteWebDriver.java:552)
	at com.kms.katalon.selenium.driver.CChromeDriver.execute(CChromeDriver.java:19)
	at org.openqa.selenium.remote.RemoteWebDriver.findElement(RemoteWebDriver.java:323)
	at org.openqa.selenium.remote.RemoteWebDriver.findElementByTagName(RemoteWebDriver.java:396)
	at org.openqa.selenium.By$ByTagName.findElement(By.java:320)
	at org.openqa.selenium.remote.RemoteWebDriver.findElement(RemoteWebDriver.java:315)
	at org.openqa.selenium.support.events.EventFiringWebDriver.lambda$new$1(EventFiringWebDriver.java:105)
	at com.sun.proxy.$Proxy10.findElement(Unknown Source)
	at org.openqa.selenium.support.events.EventFiringWebDriver.findElement(EventFiringWebDriver.java:194)
	at com.kms.katalon.core.webui.common.WebUiCommonHelper.isTextPresent(WebUiCommonHelper.java:86)
	at com.kms.katalon.core.webui.keyword.builtin.VerifyTextPresentKeyword$_verifyTextPresent_closure1.doCall(VerifyTextPresentKeyword.groovy:75)
	at com.kms.katalon.core.webui.keyword.builtin.VerifyTextPresentKeyword$_verifyTextPresent_closure1.call(VerifyTextPresentKeyword.groovy)
	at com.kms.katalon.core.webui.keyword.internal.WebUIKeywordMain.runKeyword(WebUIKeywordMain.groovy:20)
	at com.kms.katalon.core.webui.keyword.builtin.VerifyTextPresentKeyword.verifyTextPresent(VerifyTextPresentKeyword.groovy:83)
	at com.kms.katalon.core.webui.keyword.builtin.VerifyTextPresentKeyword.execute(VerifyTextPresentKeyword.groovy:68)
	at com.kms.katalon.core.keyword.internal.KeywordExecutor.executeKeywordForPlatform(KeywordExecutor.groovy:74)
	at com.kms.katalon.core.webui.keyword.WebUiBuiltInKeywords.verifyTextPresent(WebUiBuiltInKeywords.groovy:1723)
	at com.kms.katalon.core.webui.keyword.WebUiBuiltInKeywords$verifyTextPresent$4.call(Unknown Source)
	at Script1652205847657.run(Script1652205847657.groovy:159)
	... 13 more
)

2022-06-30 22:20:29 - [TEST_STEP][FAILED] - verifyTextPresent("Kanpur", true): Unable to verify text 'Kanpur' is present  using regular expression (Root cause: com.kms.katalon.core.exception.StepFailedException: Unable to verify text 'Kanpur' is present  using regular expression
	at com.kms.katalon.core.webui.keyword.internal.WebUIKeywordMain.stepFailed(WebUIKeywordMain.groovy:64)
	at com.kms.katalon.core.webui.keyword.internal.WebUIKeywordMain.runKeyword(WebUIKeywordMain.groovy:26)
	at com.kms.katalon.core.webui.keyword.builtin.VerifyTextPresentKeyword.verifyTextPresent(VerifyTextPresentKeyword.groovy:83)
	at com.kms.katalon.core.webui.keyword.builtin.VerifyTextPresentKeyword.execute(VerifyTextPresentKeyword.groovy:68)
	at com.kms.katalon.core.keyword.internal.KeywordExecutor.executeKeywordForPlatform(KeywordExecutor.groovy:74)
	at com.kms.katalon.core.webui.keyword.WebUiBuiltInKeywords.verifyTextPresent(WebUiBuiltInKeywords.groovy:1723)
	at com.kms.katalon.core.webui.keyword.WebUiBuiltInKeywords$verifyTextPresent$4.call(Unknown Source)
	at Sale_TP_AllCF_Generic_Payment_TC.run(Sale_TP_AllCF_Generic_Payment_TC:160)
	at com.kms.katalon.core.main.ScriptEngine.run(ScriptEngine.java:194)
	at com.kms.katalon.core.main.ScriptEngine.runScriptAsRawText(ScriptEngine.java:119)
	at com.kms.katalon.core.main.TestCaseExecutor.runScript(TestCaseExecutor.java:442)
	at com.kms.katalon.core.main.TestCaseExecutor.doExecute(TestCaseExecutor.java:433)
	at com.kms.katalon.core.main.TestCaseExecutor.processExecutionPhase(TestCaseExecutor.java:412)
	at com.kms.katalon.core.main.TestCaseExecutor.accessMainPhase(TestCaseExecutor.java:404)
	at com.kms.katalon.core.main.TestCaseExecutor.execute(TestCaseExecutor.java:281)
	at com.kms.katalon.core.main.TestSuiteExecutor.accessTestCaseMainPhase(TestSuiteExecutor.java:202)
	at com.kms.katalon.core.main.TestSuiteExecutor.accessTestSuiteMainPhase(TestSuiteExecutor.java:164)
	at com.kms.katalon.core.main.TestSuiteExecutor.execute(TestSuiteExecutor.java:105)
	at com.kms.katalon.core.main.TestCaseMain.startTestSuite(TestCaseMain.java:185)
	at com.kms.katalon.core.main.TestCaseMain$startTestSuite$0.call(Unknown Source)
	at TempTestSuite1656640997204.run(TempTestSuite1656640997204.groovy:36)
Caused by: org.openqa.selenium.WebDriverException: chrome not reachable
  (Session info: chrome=103.0.5060.66)
Build info: version: '3.141.59', revision: 'e82be7d358', time: '2018-11-14T08:25:53'
System info: host: 'DESKTOP-B2QI6NS', ip: '192.168.1.87', os.name: 'Windows 10', os.arch: 'amd64', os.version: '10.0', java.version: '1.8.0_181'
Driver info: com.kms.katalon.selenium.driver.CChromeDriver
Capabilities {acceptInsecureCerts: true, browserName: chrome, browserVersion: 103.0.5060.66, chrome: {chromedriverVersion: 103.0.5060.53 (a1711811edd7..., userDataDir: C:\Users\imtiaz\AppData\Loc...}, goog:chromeOptions: {debuggerAddress: localhost:55017}, javascriptEnabled: true, networkConnectionEnabled: false, pageLoadStrategy: normal, platform: WINDOWS, platformName: WINDOWS, proxy: Proxy(), setWindowRect: true, strictFileInteractability: false, timeouts: {implicit: 0, pageLoad: 300000, script: 30000}, unhandledPromptBehavior: dismiss and notify, webauthn:extension:credBlob: true, webauthn:extension:largeBlob: true, webauthn:virtualAuthenticators: true}
Session ID: efa2b9eb7928154ba23a0472bf5e7ff5
*** Element info: {Using=tag name, value=body}
	at org.openqa.selenium.remote.http.W3CHttpResponseCodec.createException(W3CHttpResponseCodec.java:187)
	at org.openqa.selenium.remote.http.W3CHttpResponseCodec.decode(W3CHttpResponseCodec.java:122)
	at org.openqa.selenium.remote.http.W3CHttpResponseCodec.decode(W3CHttpResponseCodec.java:49)
	at org.openqa.selenium.remote.HttpCommandExecutor.execute(HttpCommandExecutor.java:158)
	at org.openqa.selenium.remote.service.DriverCommandExecutor.execute(DriverCommandExecutor.java:83)
	at org.openqa.selenium.remote.RemoteWebDriver.execute(RemoteWebDriver.java:552)
	at com.kms.katalon.selenium.driver.CChromeDriver.execute(CChromeDriver.java:19)
	at org.openqa.selenium.remote.RemoteWebDriver.findElement(RemoteWebDriver.java:323)
	at org.openqa.selenium.remote.RemoteWebDriver.findElementByTagName(RemoteWebDriver.java:396)
	at org.openqa.selenium.By$ByTagName.findElement(By.java:320)
	at org.openqa.selenium.remote.RemoteWebDriver.findElement(RemoteWebDriver.java:315)
	at org.openqa.selenium.support.events.EventFiringWebDriver.lambda$new$1(EventFiringWebDriver.java:105)
	at com.sun.proxy.$Proxy10.findElement(Unknown Source)
	at org.openqa.selenium.support.events.EventFiringWebDriver.findElement(EventFiringWebDriver.java:194)
	at com.kms.katalon.core.webui.common.WebUiCommonHelper.isTextPresent(WebUiCommonHelper.java:86)
	at com.kms.katalon.core.webui.keyword.builtin.VerifyTextPresentKeyword$_verifyTextPresent_closure1.doCall(VerifyTextPresentKeyword.groovy:75)
	at com.kms.katalon.core.webui.keyword.builtin.VerifyTextPresentKeyword$_verifyTextPresent_closure1.call(VerifyTextPresentKeyword.groovy)
	at com.kms.katalon.core.webui.keyword.internal.WebUIKeywordMain.runKeyword(WebUIKeywordMain.groovy:20)
	at com.kms.katalon.core.webui.keyword.builtin.VerifyTextPresentKeyword.verifyTextPresent(VerifyTextPresentKeyword.groovy:83)
	at com.kms.katalon.core.webui.keyword.builtin.VerifyTextPresentKeyword.execute(VerifyTextPresentKeyword.groovy:68)
	at com.kms.katalon.core.keyword.internal.KeywordExecutor.executeKeywordForPlatform(KeywordExecutor.groovy:74)
	at com.kms.katalon.core.webui.keyword.WebUiBuiltInKeywords.verifyTextPresent(WebUiBuiltInKeywords.groovy:1723)
	at com.kms.katalon.core.webui.keyword.WebUiBuiltInKeywords$verifyTextPresent$4.call(Unknown Source)
	at Script1652205847657.run(Script1652205847657.groovy:160)
	... 13 more
)

2022-06-30 22:20:41 - [MESSAGE][WARNING] - Cannot take screenshot

2022-06-30 22:20:41 - [MESSAGE][FAILED] - Unable to verify text 'Kanpur' is present  using regular expression (Root cause: com.kms.katalon.core.exception.StepFailedException: Unable to verify text 'Kanpur' is present  using regular expression
	at com.kms.katalon.core.webui.keyword.internal.WebUIKeywordMain.stepFailed(WebUIKeywordMain.groovy:64)
	at com.kms.katalon.core.webui.keyword.internal.WebUIKeywordMain.runKeyword(WebUIKeywordMain.groovy:26)
	at com.kms.katalon.core.webui.keyword.builtin.VerifyTextPresentKeyword.verifyTextPresent(VerifyTextPresentKeyword.groovy:83)
	at com.kms.katalon.core.webui.keyword.builtin.VerifyTextPresentKeyword.execute(VerifyTextPresentKeyword.groovy:68)
	at com.kms.katalon.core.keyword.internal.KeywordExecutor.executeKeywordForPlatform(KeywordExecutor.groovy:74)
	at com.kms.katalon.core.webui.keyword.WebUiBuiltInKeywords.verifyTextPresent(WebUiBuiltInKeywords.groovy:1723)
	at com.kms.katalon.core.webui.keyword.WebUiBuiltInKeywords$verifyTextPresent$4.call(Unknown Source)
	at Sale_TP_AllCF_Generic_Payment_TC.run(Sale_TP_AllCF_Generic_Payment_TC:160)
	at com.kms.katalon.core.main.ScriptEngine.run(ScriptEngine.java:194)
	at com.kms.katalon.core.main.ScriptEngine.runScriptAsRawText(ScriptEngine.java:119)
	at com.kms.katalon.core.main.TestCaseExecutor.runScript(TestCaseExecutor.java:442)
	at com.kms.katalon.core.main.TestCaseExecutor.doExecute(TestCaseExecutor.java:433)
	at com.kms.katalon.core.main.TestCaseExecutor.processExecutionPhase(TestCaseExecutor.java:412)
	at com.kms.katalon.core.main.TestCaseExecutor.accessMainPhase(TestCaseExecutor.java:404)
	at com.kms.katalon.core.main.TestCaseExecutor.execute(TestCaseExecutor.java:281)
	at com.kms.katalon.core.main.TestSuiteExecutor.accessTestCaseMainPhase(TestSuiteExecutor.java:202)
	at com.kms.katalon.core.main.TestSuiteExecutor.accessTestSuiteMainPhase(TestSuiteExecutor.java:164)
	at com.kms.katalon.core.main.TestSuiteExecutor.execute(TestSuiteExecutor.java:105)
	at com.kms.katalon.core.main.TestCaseMain.startTestSuite(TestCaseMain.java:185)
	at com.kms.katalon.core.main.TestCaseMain$startTestSuite$0.call(Unknown Source)
	at TempTestSuite1656640997204.run(TempTestSuite1656640997204.groovy:36)
Caused by: org.openqa.selenium.WebDriverException: chrome not reachable
  (Session info: chrome=103.0.5060.66)
Build info: version: '3.141.59', revision: 'e82be7d358', time: '2018-11-14T08:25:53'
System info: host: 'DESKTOP-B2QI6NS', ip: '192.168.1.87', os.name: 'Windows 10', os.arch: 'amd64', os.version: '10.0', java.version: '1.8.0_181'
Driver info: com.kms.katalon.selenium.driver.CChromeDriver
Capabilities {acceptInsecureCerts: true, browserName: chrome, browserVersion: 103.0.5060.66, chrome: {chromedriverVersion: 103.0.5060.53 (a1711811edd7..., userDataDir: C:\Users\imtiaz\AppData\Loc...}, goog:chromeOptions: {debuggerAddress: localhost:55017}, javascriptEnabled: true, networkConnectionEnabled: false, pageLoadStrategy: normal, platform: WINDOWS, platformName: WINDOWS, proxy: Proxy(), setWindowRect: true, strictFileInteractability: false, timeouts: {implicit: 0, pageLoad: 300000, script: 30000}, unhandledPromptBehavior: dismiss and notify, webauthn:extension:credBlob: true, webauthn:extension:largeBlob: true, webauthn:virtualAuthenticators: true}
Session ID: efa2b9eb7928154ba23a0472bf5e7ff5
*** Element info: {Using=tag name, value=body}
	at org.openqa.selenium.remote.http.W3CHttpResponseCodec.createException(W3CHttpResponseCodec.java:187)
	at org.openqa.selenium.remote.http.W3CHttpResponseCodec.decode(W3CHttpResponseCodec.java:122)
	at org.openqa.selenium.remote.http.W3CHttpResponseCodec.decode(W3CHttpResponseCodec.java:49)
	at org.openqa.selenium.remote.HttpCommandExecutor.execute(HttpCommandExecutor.java:158)
	at org.openqa.selenium.remote.service.DriverCommandExecutor.execute(DriverCommandExecutor.java:83)
	at org.openqa.selenium.remote.RemoteWebDriver.execute(RemoteWebDriver.java:552)
	at com.kms.katalon.selenium.driver.CChromeDriver.execute(CChromeDriver.java:19)
	at org.openqa.selenium.remote.RemoteWebDriver.findElement(RemoteWebDriver.java:323)
	at org.openqa.selenium.remote.RemoteWebDriver.findElementByTagName(RemoteWebDriver.java:396)
	at org.openqa.selenium.By$ByTagName.findElement(By.java:320)
	at org.openqa.selenium.remote.RemoteWebDriver.findElement(RemoteWebDriver.java:315)
	at org.openqa.selenium.support.events.EventFiringWebDriver.lambda$new$1(EventFiringWebDriver.java:105)
	at com.sun.proxy.$Proxy10.findElement(Unknown Source)
	at org.openqa.selenium.support.events.EventFiringWebDriver.findElement(EventFiringWebDriver.java:194)
	at com.kms.katalon.core.webui.common.WebUiCommonHelper.isTextPresent(WebUiCommonHelper.java:86)
	at com.kms.katalon.core.webui.keyword.builtin.VerifyTextPresentKeyword$_verifyTextPresent_closure1.doCall(VerifyTextPresentKeyword.groovy:75)
	at com.kms.katalon.core.webui.keyword.builtin.VerifyTextPresentKeyword$_verifyTextPresent_closure1.call(VerifyTextPresentKeyword.groovy)
	at com.kms.katalon.core.webui.keyword.internal.WebUIKeywordMain.runKeyword(WebUIKeywordMain.groovy:20)
	at com.kms.katalon.core.webui.keyword.builtin.VerifyTextPresentKeyword.verifyTextPresent(VerifyTextPresentKeyword.groovy:83)
	at com.kms.katalon.core.webui.keyword.builtin.VerifyTextPresentKeyword.execute(VerifyTextPresentKeyword.groovy:68)
	at com.kms.katalon.core.keyword.internal.KeywordExecutor.executeKeywordForPlatform(KeywordExecutor.groovy:74)
	at com.kms.katalon.core.webui.keyword.WebUiBuiltInKeywords.verifyTextPresent(WebUiBuiltInKeywords.groovy:1723)
	at com.kms.katalon.core.webui.keyword.WebUiBuiltInKeywords$verifyTextPresent$4.call(Unknown Source)
	at Script1652205847657.run(Script1652205847657.groovy:160)
	... 13 more
)

2022-06-30 22:20:41 - [TEST_STEP][FAILED] - verifyTextPresent("Orange Recorded", true): Unable to verify text 'Orange Recorded' is present  using regular expression (Root cause: com.kms.katalon.core.exception.StepFailedException: Unable to verify text 'Orange Recorded' is present  using regular expression
	at com.kms.katalon.core.webui.keyword.internal.WebUIKeywordMain.stepFailed(WebUIKeywordMain.groovy:64)
	at com.kms.katalon.core.webui.keyword.internal.WebUIKeywordMain.runKeyword(WebUIKeywordMain.groovy:26)
	at com.kms.katalon.core.webui.keyword.builtin.VerifyTextPresentKeyword.verifyTextPresent(VerifyTextPresentKeyword.groovy:83)
	at com.kms.katalon.core.webui.keyword.builtin.VerifyTextPresentKeyword.execute(VerifyTextPresentKeyword.groovy:68)
	at com.kms.katalon.core.keyword.internal.KeywordExecutor.executeKeywordForPlatform(KeywordExecutor.groovy:74)
	at com.kms.katalon.core.webui.keyword.WebUiBuiltInKeywords.verifyTextPresent(WebUiBuiltInKeywords.groovy:1723)
	at com.kms.katalon.core.webui.keyword.WebUiBuiltInKeywords$verifyTextPresent$4.call(Unknown Source)
	at Sale_TP_AllCF_Generic_Payment_TC.run(Sale_TP_AllCF_Generic_Payment_TC:161)
	at com.kms.katalon.core.main.ScriptEngine.run(ScriptEngine.java:194)
	at com.kms.katalon.core.main.ScriptEngine.runScriptAsRawText(ScriptEngine.java:119)
	at com.kms.katalon.core.main.TestCaseExecutor.runScript(TestCaseExecutor.java:442)
	at com.kms.katalon.core.main.TestCaseExecutor.doExecute(TestCaseExecutor.java:433)
	at com.kms.katalon.core.main.TestCaseExecutor.processExecutionPhase(TestCaseExecutor.java:412)
	at com.kms.katalon.core.main.TestCaseExecutor.accessMainPhase(TestCaseExecutor.java:404)
	at com.kms.katalon.core.main.TestCaseExecutor.execute(TestCaseExecutor.java:281)
	at com.kms.katalon.core.main.TestSuiteExecutor.accessTestCaseMainPhase(TestSuiteExecutor.java:202)
	at com.kms.katalon.core.main.TestSuiteExecutor.accessTestSuiteMainPhase(TestSuiteExecutor.java:164)
	at com.kms.katalon.core.main.TestSuiteExecutor.execute(TestSuiteExecutor.java:105)
	at com.kms.katalon.core.main.TestCaseMain.startTestSuite(TestCaseMain.java:185)
	at com.kms.katalon.core.main.TestCaseMain$startTestSuite$0.call(Unknown Source)
	at TempTestSuite1656640997204.run(TempTestSuite1656640997204.groovy:36)
Caused by: org.openqa.selenium.WebDriverException: chrome not reachable
  (Session info: chrome=103.0.5060.66)
Build info: version: '3.141.59', revision: 'e82be7d358', time: '2018-11-14T08:25:53'
System info: host: 'DESKTOP-B2QI6NS', ip: '192.168.1.87', os.name: 'Windows 10', os.arch: 'amd64', os.version: '10.0', java.version: '1.8.0_181'
Driver info: com.kms.katalon.selenium.driver.CChromeDriver
Capabilities {acceptInsecureCerts: true, browserName: chrome, browserVersion: 103.0.5060.66, chrome: {chromedriverVersion: 103.0.5060.53 (a1711811edd7..., userDataDir: C:\Users\imtiaz\AppData\Loc...}, goog:chromeOptions: {debuggerAddress: localhost:55017}, javascriptEnabled: true, networkConnectionEnabled: false, pageLoadStrategy: normal, platform: WINDOWS, platformName: WINDOWS, proxy: Proxy(), setWindowRect: true, strictFileInteractability: false, timeouts: {implicit: 0, pageLoad: 300000, script: 30000}, unhandledPromptBehavior: dismiss and notify, webauthn:extension:credBlob: true, webauthn:extension:largeBlob: true, webauthn:virtualAuthenticators: true}
Session ID: efa2b9eb7928154ba23a0472bf5e7ff5
*** Element info: {Using=tag name, value=body}
	at org.openqa.selenium.remote.http.W3CHttpResponseCodec.createException(W3CHttpResponseCodec.java:187)
	at org.openqa.selenium.remote.http.W3CHttpResponseCodec.decode(W3CHttpResponseCodec.java:122)
	at org.openqa.selenium.remote.http.W3CHttpResponseCodec.decode(W3CHttpResponseCodec.java:49)
	at org.openqa.selenium.remote.HttpCommandExecutor.execute(HttpCommandExecutor.java:158)
	at org.openqa.selenium.remote.service.DriverCommandExecutor.execute(DriverCommandExecutor.java:83)
	at org.openqa.selenium.remote.RemoteWebDriver.execute(RemoteWebDriver.java:552)
	at com.kms.katalon.selenium.driver.CChromeDriver.execute(CChromeDriver.java:19)
	at org.openqa.selenium.remote.RemoteWebDriver.findElement(RemoteWebDriver.java:323)
	at org.openqa.selenium.remote.RemoteWebDriver.findElementByTagName(RemoteWebDriver.java:396)
	at org.openqa.selenium.By$ByTagName.findElement(By.java:320)
	at org.openqa.selenium.remote.RemoteWebDriver.findElement(RemoteWebDriver.java:315)
	at org.openqa.selenium.support.events.EventFiringWebDriver.lambda$new$1(EventFiringWebDriver.java:105)
	at com.sun.proxy.$Proxy10.findElement(Unknown Source)
	at org.openqa.selenium.support.events.EventFiringWebDriver.findElement(EventFiringWebDriver.java:194)
	at com.kms.katalon.core.webui.common.WebUiCommonHelper.isTextPresent(WebUiCommonHelper.java:86)
	at com.kms.katalon.core.webui.keyword.builtin.VerifyTextPresentKeyword$_verifyTextPresent_closure1.doCall(VerifyTextPresentKeyword.groovy:75)
	at com.kms.katalon.core.webui.keyword.builtin.VerifyTextPresentKeyword$_verifyTextPresent_closure1.call(VerifyTextPresentKeyword.groovy)
	at com.kms.katalon.core.webui.keyword.internal.WebUIKeywordMain.runKeyword(WebUIKeywordMain.groovy:20)
	at com.kms.katalon.core.webui.keyword.builtin.VerifyTextPresentKeyword.verifyTextPresent(VerifyTextPresentKeyword.groovy:83)
	at com.kms.katalon.core.webui.keyword.builtin.VerifyTextPresentKeyword.execute(VerifyTextPresentKeyword.groovy:68)
	at com.kms.katalon.core.keyword.internal.KeywordExecutor.executeKeywordForPlatform(KeywordExecutor.groovy:74)
	at com.kms.katalon.core.webui.keyword.WebUiBuiltInKeywords.verifyTextPresent(WebUiBuiltInKeywords.groovy:1723)
	at com.kms.katalon.core.webui.keyword.WebUiBuiltInKeywords$verifyTextPresent$4.call(Unknown Source)
	at Script1652205847657.run(Script1652205847657.groovy:161)
	... 13 more
)

2022-06-30 22:20:53 - [MESSAGE][WARNING] - Cannot take screenshot

2022-06-30 22:20:53 - [MESSAGE][FAILED] - Unable to verify text 'Orange Recorded' is present  using regular expression (Root cause: com.kms.katalon.core.exception.StepFailedException: Unable to verify text 'Orange Recorded' is present  using regular expression
	at com.kms.katalon.core.webui.keyword.internal.WebUIKeywordMain.stepFailed(WebUIKeywordMain.groovy:64)
	at com.kms.katalon.core.webui.keyword.internal.WebUIKeywordMain.runKeyword(WebUIKeywordMain.groovy:26)
	at com.kms.katalon.core.webui.keyword.builtin.VerifyTextPresentKeyword.verifyTextPresent(VerifyTextPresentKeyword.groovy:83)
	at com.kms.katalon.core.webui.keyword.builtin.VerifyTextPresentKeyword.execute(VerifyTextPresentKeyword.groovy:68)
	at com.kms.katalon.core.keyword.internal.KeywordExecutor.executeKeywordForPlatform(KeywordExecutor.groovy:74)
	at com.kms.katalon.core.webui.keyword.WebUiBuiltInKeywords.verifyTextPresent(WebUiBuiltInKeywords.groovy:1723)
	at com.kms.katalon.core.webui.keyword.WebUiBuiltInKeywords$verifyTextPresent$4.call(Unknown Source)
	at Sale_TP_AllCF_Generic_Payment_TC.run(Sale_TP_AllCF_Generic_Payment_TC:161)
	at com.kms.katalon.core.main.ScriptEngine.run(ScriptEngine.java:194)
	at com.kms.katalon.core.main.ScriptEngine.runScriptAsRawText(ScriptEngine.java:119)
	at com.kms.katalon.core.main.TestCaseExecutor.runScript(TestCaseExecutor.java:442)
	at com.kms.katalon.core.main.TestCaseExecutor.doExecute(TestCaseExecutor.java:433)
	at com.kms.katalon.core.main.TestCaseExecutor.processExecutionPhase(TestCaseExecutor.java:412)
	at com.kms.katalon.core.main.TestCaseExecutor.accessMainPhase(TestCaseExecutor.java:404)
	at com.kms.katalon.core.main.TestCaseExecutor.execute(TestCaseExecutor.java:281)
	at com.kms.katalon.core.main.TestSuiteExecutor.accessTestCaseMainPhase(TestSuiteExecutor.java:202)
	at com.kms.katalon.core.main.TestSuiteExecutor.accessTestSuiteMainPhase(TestSuiteExecutor.java:164)
	at com.kms.katalon.core.main.TestSuiteExecutor.execute(TestSuiteExecutor.java:105)
	at com.kms.katalon.core.main.TestCaseMain.startTestSuite(TestCaseMain.java:185)
	at com.kms.katalon.core.main.TestCaseMain$startTestSuite$0.call(Unknown Source)
	at TempTestSuite1656640997204.run(TempTestSuite1656640997204.groovy:36)
Caused by: org.openqa.selenium.WebDriverException: chrome not reachable
  (Session info: chrome=103.0.5060.66)
Build info: version: '3.141.59', revision: 'e82be7d358', time: '2018-11-14T08:25:53'
System info: host: 'DESKTOP-B2QI6NS', ip: '192.168.1.87', os.name: 'Windows 10', os.arch: 'amd64', os.version: '10.0', java.version: '1.8.0_181'
Driver info: com.kms.katalon.selenium.driver.CChromeDriver
Capabilities {acceptInsecureCerts: true, browserName: chrome, browserVersion: 103.0.5060.66, chrome: {chromedriverVersion: 103.0.5060.53 (a1711811edd7..., userDataDir: C:\Users\imtiaz\AppData\Loc...}, goog:chromeOptions: {debuggerAddress: localhost:55017}, javascriptEnabled: true, networkConnectionEnabled: false, pageLoadStrategy: normal, platform: WINDOWS, platformName: WINDOWS, proxy: Proxy(), setWindowRect: true, strictFileInteractability: false, timeouts: {implicit: 0, pageLoad: 300000, script: 30000}, unhandledPromptBehavior: dismiss and notify, webauthn:extension:credBlob: true, webauthn:extension:largeBlob: true, webauthn:virtualAuthenticators: true}
Session ID: efa2b9eb7928154ba23a0472bf5e7ff5
*** Element info: {Using=tag name, value=body}
	at org.openqa.selenium.remote.http.W3CHttpResponseCodec.createException(W3CHttpResponseCodec.java:187)
	at org.openqa.selenium.remote.http.W3CHttpResponseCodec.decode(W3CHttpResponseCodec.java:122)
	at org.openqa.selenium.remote.http.W3CHttpResponseCodec.decode(W3CHttpResponseCodec.java:49)
	at org.openqa.selenium.remote.HttpCommandExecutor.execute(HttpCommandExecutor.java:158)
	at org.openqa.selenium.remote.service.DriverCommandExecutor.execute(DriverCommandExecutor.java:83)
	at org.openqa.selenium.remote.RemoteWebDriver.execute(RemoteWebDriver.java:552)
	at com.kms.katalon.selenium.driver.CChromeDriver.execute(CChromeDriver.java:19)
	at org.openqa.selenium.remote.RemoteWebDriver.findElement(RemoteWebDriver.java:323)
	at org.openqa.selenium.remote.RemoteWebDriver.findElementByTagName(RemoteWebDriver.java:396)
	at org.openqa.selenium.By$ByTagName.findElement(By.java:320)
	at org.openqa.selenium.remote.RemoteWebDriver.findElement(RemoteWebDriver.java:315)
	at org.openqa.selenium.support.events.EventFiringWebDriver.lambda$new$1(EventFiringWebDriver.java:105)
	at com.sun.proxy.$Proxy10.findElement(Unknown Source)
	at org.openqa.selenium.support.events.EventFiringWebDriver.findElement(EventFiringWebDriver.java:194)
	at com.kms.katalon.core.webui.common.WebUiCommonHelper.isTextPresent(WebUiCommonHelper.java:86)
	at com.kms.katalon.core.webui.keyword.builtin.VerifyTextPresentKeyword$_verifyTextPresent_closure1.doCall(VerifyTextPresentKeyword.groovy:75)
	at com.kms.katalon.core.webui.keyword.builtin.VerifyTextPresentKeyword$_verifyTextPresent_closure1.call(VerifyTextPresentKeyword.groovy)
	at com.kms.katalon.core.webui.keyword.internal.WebUIKeywordMain.runKeyword(WebUIKeywordMain.groovy:20)
	at com.kms.katalon.core.webui.keyword.builtin.VerifyTextPresentKeyword.verifyTextPresent(VerifyTextPresentKeyword.groovy:83)
	at com.kms.katalon.core.webui.keyword.builtin.VerifyTextPresentKeyword.execute(VerifyTextPresentKeyword.groovy:68)
	at com.kms.katalon.core.keyword.internal.KeywordExecutor.executeKeywordForPlatform(KeywordExecutor.groovy:74)
	at com.kms.katalon.core.webui.keyword.WebUiBuiltInKeywords.verifyTextPresent(WebUiBuiltInKeywords.groovy:1723)
	at com.kms.katalon.core.webui.keyword.WebUiBuiltInKeywords$verifyTextPresent$4.call(Unknown Source)
	at Script1652205847657.run(Script1652205847657.groovy:161)
	... 13 more
)

2022-06-30 22:20:53 - [TEST_STEP][FAILED] - verifyTextPresent("Yellow Recorded", true): Unable to verify text 'Yellow Recorded' is present  using regular expression (Root cause: com.kms.katalon.core.exception.StepFailedException: Unable to verify text 'Yellow Recorded' is present  using regular expression
	at com.kms.katalon.core.webui.keyword.internal.WebUIKeywordMain.stepFailed(WebUIKeywordMain.groovy:64)
	at com.kms.katalon.core.webui.keyword.internal.WebUIKeywordMain.runKeyword(WebUIKeywordMain.groovy:26)
	at com.kms.katalon.core.webui.keyword.builtin.VerifyTextPresentKeyword.verifyTextPresent(VerifyTextPresentKeyword.groovy:83)
	at com.kms.katalon.core.webui.keyword.builtin.VerifyTextPresentKeyword.execute(VerifyTextPresentKeyword.groovy:68)
	at com.kms.katalon.core.keyword.internal.KeywordExecutor.executeKeywordForPlatform(KeywordExecutor.groovy:74)
	at com.kms.katalon.core.webui.keyword.WebUiBuiltInKeywords.verifyTextPresent(WebUiBuiltInKeywords.groovy:1723)
	at com.kms.katalon.core.webui.keyword.WebUiBuiltInKeywords$verifyTextPresent$4.call(Unknown Source)
	at Sale_TP_AllCF_Generic_Payment_TC.run(Sale_TP_AllCF_Generic_Payment_TC:162)
	at com.kms.katalon.core.main.ScriptEngine.run(ScriptEngine.java:194)
	at com.kms.katalon.core.main.ScriptEngine.runScriptAsRawText(ScriptEngine.java:119)
	at com.kms.katalon.core.main.TestCaseExecutor.runScript(TestCaseExecutor.java:442)
	at com.kms.katalon.core.main.TestCaseExecutor.doExecute(TestCaseExecutor.java:433)
	at com.kms.katalon.core.main.TestCaseExecutor.processExecutionPhase(TestCaseExecutor.java:412)
	at com.kms.katalon.core.main.TestCaseExecutor.accessMainPhase(TestCaseExecutor.java:404)
	at com.kms.katalon.core.main.TestCaseExecutor.execute(TestCaseExecutor.java:281)
	at com.kms.katalon.core.main.TestSuiteExecutor.accessTestCaseMainPhase(TestSuiteExecutor.java:202)
	at com.kms.katalon.core.main.TestSuiteExecutor.accessTestSuiteMainPhase(TestSuiteExecutor.java:164)
	at com.kms.katalon.core.main.TestSuiteExecutor.execute(TestSuiteExecutor.java:105)
	at com.kms.katalon.core.main.TestCaseMain.startTestSuite(TestCaseMain.java:185)
	at com.kms.katalon.core.main.TestCaseMain$startTestSuite$0.call(Unknown Source)
	at TempTestSuite1656640997204.run(TempTestSuite1656640997204.groovy:36)
Caused by: org.openqa.selenium.WebDriverException: chrome not reachable
  (Session info: chrome=103.0.5060.66)
Build info: version: '3.141.59', revision: 'e82be7d358', time: '2018-11-14T08:25:53'
System info: host: 'DESKTOP-B2QI6NS', ip: '192.168.1.87', os.name: 'Windows 10', os.arch: 'amd64', os.version: '10.0', java.version: '1.8.0_181'
Driver info: com.kms.katalon.selenium.driver.CChromeDriver
Capabilities {acceptInsecureCerts: true, browserName: chrome, browserVersion: 103.0.5060.66, chrome: {chromedriverVersion: 103.0.5060.53 (a1711811edd7..., userDataDir: C:\Users\imtiaz\AppData\Loc...}, goog:chromeOptions: {debuggerAddress: localhost:55017}, javascriptEnabled: true, networkConnectionEnabled: false, pageLoadStrategy: normal, platform: WINDOWS, platformName: WINDOWS, proxy: Proxy(), setWindowRect: true, strictFileInteractability: false, timeouts: {implicit: 0, pageLoad: 300000, script: 30000}, unhandledPromptBehavior: dismiss and notify, webauthn:extension:credBlob: true, webauthn:extension:largeBlob: true, webauthn:virtualAuthenticators: true}
Session ID: efa2b9eb7928154ba23a0472bf5e7ff5
*** Element info: {Using=tag name, value=body}
	at org.openqa.selenium.remote.http.W3CHttpResponseCodec.createException(W3CHttpResponseCodec.java:187)
	at org.openqa.selenium.remote.http.W3CHttpResponseCodec.decode(W3CHttpResponseCodec.java:122)
	at org.openqa.selenium.remote.http.W3CHttpResponseCodec.decode(W3CHttpResponseCodec.java:49)
	at org.openqa.selenium.remote.HttpCommandExecutor.execute(HttpCommandExecutor.java:158)
	at org.openqa.selenium.remote.service.DriverCommandExecutor.execute(DriverCommandExecutor.java:83)
	at org.openqa.selenium.remote.RemoteWebDriver.execute(RemoteWebDriver.java:552)
	at com.kms.katalon.selenium.driver.CChromeDriver.execute(CChromeDriver.java:19)
	at org.openqa.selenium.remote.RemoteWebDriver.findElement(RemoteWebDriver.java:323)
	at org.openqa.selenium.remote.RemoteWebDriver.findElementByTagName(RemoteWebDriver.java:396)
	at org.openqa.selenium.By$ByTagName.findElement(By.java:320)
	at org.openqa.selenium.remote.RemoteWebDriver.findElement(RemoteWebDriver.java:315)
	at org.openqa.selenium.support.events.EventFiringWebDriver.lambda$new$1(EventFiringWebDriver.java:105)
	at com.sun.proxy.$Proxy10.findElement(Unknown Source)
	at org.openqa.selenium.support.events.EventFiringWebDriver.findElement(EventFiringWebDriver.java:194)
	at com.kms.katalon.core.webui.common.WebUiCommonHelper.isTextPresent(WebUiCommonHelper.java:86)
	at com.kms.katalon.core.webui.keyword.builtin.VerifyTextPresentKeyword$_verifyTextPresent_closure1.doCall(VerifyTextPresentKeyword.groovy:75)
	at com.kms.katalon.core.webui.keyword.builtin.VerifyTextPresentKeyword$_verifyTextPresent_closure1.call(VerifyTextPresentKeyword.groovy)
	at com.kms.katalon.core.webui.keyword.internal.WebUIKeywordMain.runKeyword(WebUIKeywordMain.groovy:20)
	at com.kms.katalon.core.webui.keyword.builtin.VerifyTextPresentKeyword.verifyTextPresent(VerifyTextPresentKeyword.groovy:83)
	at com.kms.katalon.core.webui.keyword.builtin.VerifyTextPresentKeyword.execute(VerifyTextPresentKeyword.groovy:68)
	at com.kms.katalon.core.keyword.internal.KeywordExecutor.executeKeywordForPlatform(KeywordExecutor.groovy:74)
	at com.kms.katalon.core.webui.keyword.WebUiBuiltInKeywords.verifyTextPresent(WebUiBuiltInKeywords.groovy:1723)
	at com.kms.katalon.core.webui.keyword.WebUiBuiltInKeywords$verifyTextPresent$4.call(Unknown Source)
	at Script1652205847657.run(Script1652205847657.groovy:162)
	... 13 more
)

2022-06-30 22:21:05 - [MESSAGE][WARNING] - Cannot take screenshot

2022-06-30 22:21:05 - [MESSAGE][FAILED] - Unable to verify text 'Yellow Recorded' is present  using regular expression (Root cause: com.kms.katalon.core.exception.StepFailedException: Unable to verify text 'Yellow Recorded' is present  using regular expression
	at com.kms.katalon.core.webui.keyword.internal.WebUIKeywordMain.stepFailed(WebUIKeywordMain.groovy:64)
	at com.kms.katalon.core.webui.keyword.internal.WebUIKeywordMain.runKeyword(WebUIKeywordMain.groovy:26)
	at com.kms.katalon.core.webui.keyword.builtin.VerifyTextPresentKeyword.verifyTextPresent(VerifyTextPresentKeyword.groovy:83)
	at com.kms.katalon.core.webui.keyword.builtin.VerifyTextPresentKeyword.execute(VerifyTextPresentKeyword.groovy:68)
	at com.kms.katalon.core.keyword.internal.KeywordExecutor.executeKeywordForPlatform(KeywordExecutor.groovy:74)
	at com.kms.katalon.core.webui.keyword.WebUiBuiltInKeywords.verifyTextPresent(WebUiBuiltInKeywords.groovy:1723)
	at com.kms.katalon.core.webui.keyword.WebUiBuiltInKeywords$verifyTextPresent$4.call(Unknown Source)
	at Sale_TP_AllCF_Generic_Payment_TC.run(Sale_TP_AllCF_Generic_Payment_TC:162)
	at com.kms.katalon.core.main.ScriptEngine.run(ScriptEngine.java:194)
	at com.kms.katalon.core.main.ScriptEngine.runScriptAsRawText(ScriptEngine.java:119)
	at com.kms.katalon.core.main.TestCaseExecutor.runScript(TestCaseExecutor.java:442)
	at com.kms.katalon.core.main.TestCaseExecutor.doExecute(TestCaseExecutor.java:433)
	at com.kms.katalon.core.main.TestCaseExecutor.processExecutionPhase(TestCaseExecutor.java:412)
	at com.kms.katalon.core.main.TestCaseExecutor.accessMainPhase(TestCaseExecutor.java:404)
	at com.kms.katalon.core.main.TestCaseExecutor.execute(TestCaseExecutor.java:281)
	at com.kms.katalon.core.main.TestSuiteExecutor.accessTestCaseMainPhase(TestSuiteExecutor.java:202)
	at com.kms.katalon.core.main.TestSuiteExecutor.accessTestSuiteMainPhase(TestSuiteExecutor.java:164)
	at com.kms.katalon.core.main.TestSuiteExecutor.execute(TestSuiteExecutor.java:105)
	at com.kms.katalon.core.main.TestCaseMain.startTestSuite(TestCaseMain.java:185)
	at com.kms.katalon.core.main.TestCaseMain$startTestSuite$0.call(Unknown Source)
	at TempTestSuite1656640997204.run(TempTestSuite1656640997204.groovy:36)
Caused by: org.openqa.selenium.WebDriverException: chrome not reachable
  (Session info: chrome=103.0.5060.66)
Build info: version: '3.141.59', revision: 'e82be7d358', time: '2018-11-14T08:25:53'
System info: host: 'DESKTOP-B2QI6NS', ip: '192.168.1.87', os.name: 'Windows 10', os.arch: 'amd64', os.version: '10.0', java.version: '1.8.0_181'
Driver info: com.kms.katalon.selenium.driver.CChromeDriver
Capabilities {acceptInsecureCerts: true, browserName: chrome, browserVersion: 103.0.5060.66, chrome: {chromedriverVersion: 103.0.5060.53 (a1711811edd7..., userDataDir: C:\Users\imtiaz\AppData\Loc...}, goog:chromeOptions: {debuggerAddress: localhost:55017}, javascriptEnabled: true, networkConnectionEnabled: false, pageLoadStrategy: normal, platform: WINDOWS, platformName: WINDOWS, proxy: Proxy(), setWindowRect: true, strictFileInteractability: false, timeouts: {implicit: 0, pageLoad: 300000, script: 30000}, unhandledPromptBehavior: dismiss and notify, webauthn:extension:credBlob: true, webauthn:extension:largeBlob: true, webauthn:virtualAuthenticators: true}
Session ID: efa2b9eb7928154ba23a0472bf5e7ff5
*** Element info: {Using=tag name, value=body}
	at org.openqa.selenium.remote.http.W3CHttpResponseCodec.createException(W3CHttpResponseCodec.java:187)
	at org.openqa.selenium.remote.http.W3CHttpResponseCodec.decode(W3CHttpResponseCodec.java:122)
	at org.openqa.selenium.remote.http.W3CHttpResponseCodec.decode(W3CHttpResponseCodec.java:49)
	at org.openqa.selenium.remote.HttpCommandExecutor.execute(HttpCommandExecutor.java:158)
	at org.openqa.selenium.remote.service.DriverCommandExecutor.execute(DriverCommandExecutor.java:83)
	at org.openqa.selenium.remote.RemoteWebDriver.execute(RemoteWebDriver.java:552)
	at com.kms.katalon.selenium.driver.CChromeDriver.execute(CChromeDriver.java:19)
	at org.openqa.selenium.remote.RemoteWebDriver.findElement(RemoteWebDriver.java:323)
	at org.openqa.selenium.remote.RemoteWebDriver.findElementByTagName(RemoteWebDriver.java:396)
	at org.openqa.selenium.By$ByTagName.findElement(By.java:320)
	at org.openqa.selenium.remote.RemoteWebDriver.findElement(RemoteWebDriver.java:315)
	at org.openqa.selenium.support.events.EventFiringWebDriver.lambda$new$1(EventFiringWebDriver.java:105)
	at com.sun.proxy.$Proxy10.findElement(Unknown Source)
	at org.openqa.selenium.support.events.EventFiringWebDriver.findElement(EventFiringWebDriver.java:194)
	at com.kms.katalon.core.webui.common.WebUiCommonHelper.isTextPresent(WebUiCommonHelper.java:86)
	at com.kms.katalon.core.webui.keyword.builtin.VerifyTextPresentKeyword$_verifyTextPresent_closure1.doCall(VerifyTextPresentKeyword.groovy:75)
	at com.kms.katalon.core.webui.keyword.builtin.VerifyTextPresentKeyword$_verifyTextPresent_closure1.call(VerifyTextPresentKeyword.groovy)
	at com.kms.katalon.core.webui.keyword.internal.WebUIKeywordMain.runKeyword(WebUIKeywordMain.groovy:20)
	at com.kms.katalon.core.webui.keyword.builtin.VerifyTextPresentKeyword.verifyTextPresent(VerifyTextPresentKeyword.groovy:83)
	at com.kms.katalon.core.webui.keyword.builtin.VerifyTextPresentKeyword.execute(VerifyTextPresentKeyword.groovy:68)
	at com.kms.katalon.core.keyword.internal.KeywordExecutor.executeKeywordForPlatform(KeywordExecutor.groovy:74)
	at com.kms.katalon.core.webui.keyword.WebUiBuiltInKeywords.verifyTextPresent(WebUiBuiltInKeywords.groovy:1723)
	at com.kms.katalon.core.webui.keyword.WebUiBuiltInKeywords$verifyTextPresent$4.call(Unknown Source)
	at Script1652205847657.run(Script1652205847657.groovy:162)
	... 13 more
)

2022-06-30 22:21:05 - [TEST_STEP][FAILED] - verifyTextPresent("Kolkata", true): Unable to verify text 'Kolkata' is present  using regular expression (Root cause: com.kms.katalon.core.exception.StepFailedException: Unable to verify text 'Kolkata' is present  using regular expression
	at com.kms.katalon.core.webui.keyword.internal.WebUIKeywordMain.stepFailed(WebUIKeywordMain.groovy:64)
	at com.kms.katalon.core.webui.keyword.internal.WebUIKeywordMain.runKeyword(WebUIKeywordMain.groovy:26)
	at com.kms.katalon.core.webui.keyword.builtin.VerifyTextPresentKeyword.verifyTextPresent(VerifyTextPresentKeyword.groovy:83)
	at com.kms.katalon.core.webui.keyword.builtin.VerifyTextPresentKeyword.execute(VerifyTextPresentKeyword.groovy:68)
	at com.kms.katalon.core.keyword.internal.KeywordExecutor.executeKeywordForPlatform(KeywordExecutor.groovy:74)
	at com.kms.katalon.core.webui.keyword.WebUiBuiltInKeywords.verifyTextPresent(WebUiBuiltInKeywords.groovy:1723)
	at com.kms.katalon.core.webui.keyword.WebUiBuiltInKeywords$verifyTextPresent$4.call(Unknown Source)
	at Sale_TP_AllCF_Generic_Payment_TC.run(Sale_TP_AllCF_Generic_Payment_TC:163)
	at com.kms.katalon.core.main.ScriptEngine.run(ScriptEngine.java:194)
	at com.kms.katalon.core.main.ScriptEngine.runScriptAsRawText(ScriptEngine.java:119)
	at com.kms.katalon.core.main.TestCaseExecutor.runScript(TestCaseExecutor.java:442)
	at com.kms.katalon.core.main.TestCaseExecutor.doExecute(TestCaseExecutor.java:433)
	at com.kms.katalon.core.main.TestCaseExecutor.processExecutionPhase(TestCaseExecutor.java:412)
	at com.kms.katalon.core.main.TestCaseExecutor.accessMainPhase(TestCaseExecutor.java:404)
	at com.kms.katalon.core.main.TestCaseExecutor.execute(TestCaseExecutor.java:281)
	at com.kms.katalon.core.main.TestSuiteExecutor.accessTestCaseMainPhase(TestSuiteExecutor.java:202)
	at com.kms.katalon.core.main.TestSuiteExecutor.accessTestSuiteMainPhase(TestSuiteExecutor.java:164)
	at com.kms.katalon.core.main.TestSuiteExecutor.execute(TestSuiteExecutor.java:105)
	at com.kms.katalon.core.main.TestCaseMain.startTestSuite(TestCaseMain.java:185)
	at com.kms.katalon.core.main.TestCaseMain$startTestSuite$0.call(Unknown Source)
	at TempTestSuite1656640997204.run(TempTestSuite1656640997204.groovy:36)
Caused by: org.openqa.selenium.WebDriverException: chrome not reachable
  (Session info: chrome=103.0.5060.66)
Build info: version: '3.141.59', revision: 'e82be7d358', time: '2018-11-14T08:25:53'
System info: host: 'DESKTOP-B2QI6NS', ip: '192.168.1.87', os.name: 'Windows 10', os.arch: 'amd64', os.version: '10.0', java.version: '1.8.0_181'
Driver info: com.kms.katalon.selenium.driver.CChromeDriver
Capabilities {acceptInsecureCerts: true, browserName: chrome, browserVersion: 103.0.5060.66, chrome: {chromedriverVersion: 103.0.5060.53 (a1711811edd7..., userDataDir: C:\Users\imtiaz\AppData\Loc...}, goog:chromeOptions: {debuggerAddress: localhost:55017}, javascriptEnabled: true, networkConnectionEnabled: false, pageLoadStrategy: normal, platform: WINDOWS, platformName: WINDOWS, proxy: Proxy(), setWindowRect: true, strictFileInteractability: false, timeouts: {implicit: 0, pageLoad: 300000, script: 30000}, unhandledPromptBehavior: dismiss and notify, webauthn:extension:credBlob: true, webauthn:extension:largeBlob: true, webauthn:virtualAuthenticators: true}
Session ID: efa2b9eb7928154ba23a0472bf5e7ff5
*** Element info: {Using=tag name, value=body}
	at org.openqa.selenium.remote.http.W3CHttpResponseCodec.createException(W3CHttpResponseCodec.java:187)
	at org.openqa.selenium.remote.http.W3CHttpResponseCodec.decode(W3CHttpResponseCodec.java:122)
	at org.openqa.selenium.remote.http.W3CHttpResponseCodec.decode(W3CHttpResponseCodec.java:49)
	at org.openqa.selenium.remote.HttpCommandExecutor.execute(HttpCommandExecutor.java:158)
	at org.openqa.selenium.remote.service.DriverCommandExecutor.execute(DriverCommandExecutor.java:83)
	at org.openqa.selenium.remote.RemoteWebDriver.execute(RemoteWebDriver.java:552)
	at com.kms.katalon.selenium.driver.CChromeDriver.execute(CChromeDriver.java:19)
	at org.openqa.selenium.remote.RemoteWebDriver.findElement(RemoteWebDriver.java:323)
	at org.openqa.selenium.remote.RemoteWebDriver.findElementByTagName(RemoteWebDriver.java:396)
	at org.openqa.selenium.By$ByTagName.findElement(By.java:320)
	at org.openqa.selenium.remote.RemoteWebDriver.findElement(RemoteWebDriver.java:315)
	at org.openqa.selenium.support.events.EventFiringWebDriver.lambda$new$1(EventFiringWebDriver.java:105)
	at com.sun.proxy.$Proxy10.findElement(Unknown Source)
	at org.openqa.selenium.support.events.EventFiringWebDriver.findElement(EventFiringWebDriver.java:194)
	at com.kms.katalon.core.webui.common.WebUiCommonHelper.isTextPresent(WebUiCommonHelper.java:86)
	at com.kms.katalon.core.webui.keyword.builtin.VerifyTextPresentKeyword$_verifyTextPresent_closure1.doCall(VerifyTextPresentKeyword.groovy:75)
	at com.kms.katalon.core.webui.keyword.builtin.VerifyTextPresentKeyword$_verifyTextPresent_closure1.call(VerifyTextPresentKeyword.groovy)
	at com.kms.katalon.core.webui.keyword.internal.WebUIKeywordMain.runKeyword(WebUIKeywordMain.groovy:20)
	at com.kms.katalon.core.webui.keyword.builtin.VerifyTextPresentKeyword.verifyTextPresent(VerifyTextPresentKeyword.groovy:83)
	at com.kms.katalon.core.webui.keyword.builtin.VerifyTextPresentKeyword.execute(VerifyTextPresentKeyword.groovy:68)
	at com.kms.katalon.core.keyword.internal.KeywordExecutor.executeKeywordForPlatform(KeywordExecutor.groovy:74)
	at com.kms.katalon.core.webui.keyword.WebUiBuiltInKeywords.verifyTextPresent(WebUiBuiltInKeywords.groovy:1723)
	at com.kms.katalon.core.webui.keyword.WebUiBuiltInKeywords$verifyTextPresent$4.call(Unknown Source)
	at Script1652205847657.run(Script1652205847657.groovy:163)
	... 13 more
)

2022-06-30 22:21:17 - [MESSAGE][WARNING] - Cannot take screenshot

2022-06-30 22:21:17 - [MESSAGE][FAILED] - Unable to verify text 'Kolkata' is present  using regular expression (Root cause: com.kms.katalon.core.exception.StepFailedException: Unable to verify text 'Kolkata' is present  using regular expression
	at com.kms.katalon.core.webui.keyword.internal.WebUIKeywordMain.stepFailed(WebUIKeywordMain.groovy:64)
	at com.kms.katalon.core.webui.keyword.internal.WebUIKeywordMain.runKeyword(WebUIKeywordMain.groovy:26)
	at com.kms.katalon.core.webui.keyword.builtin.VerifyTextPresentKeyword.verifyTextPresent(VerifyTextPresentKeyword.groovy:83)
	at com.kms.katalon.core.webui.keyword.builtin.VerifyTextPresentKeyword.execute(VerifyTextPresentKeyword.groovy:68)
	at com.kms.katalon.core.keyword.internal.KeywordExecutor.executeKeywordForPlatform(KeywordExecutor.groovy:74)
	at com.kms.katalon.core.webui.keyword.WebUiBuiltInKeywords.verifyTextPresent(WebUiBuiltInKeywords.groovy:1723)
	at com.kms.katalon.core.webui.keyword.WebUiBuiltInKeywords$verifyTextPresent$4.call(Unknown Source)
	at Sale_TP_AllCF_Generic_Payment_TC.run(Sale_TP_AllCF_Generic_Payment_TC:163)
	at com.kms.katalon.core.main.ScriptEngine.run(ScriptEngine.java:194)
	at com.kms.katalon.core.main.ScriptEngine.runScriptAsRawText(ScriptEngine.java:119)
	at com.kms.katalon.core.main.TestCaseExecutor.runScript(TestCaseExecutor.java:442)
	at com.kms.katalon.core.main.TestCaseExecutor.doExecute(TestCaseExecutor.java:433)
	at com.kms.katalon.core.main.TestCaseExecutor.processExecutionPhase(TestCaseExecutor.java:412)
	at com.kms.katalon.core.main.TestCaseExecutor.accessMainPhase(TestCaseExecutor.java:404)
	at com.kms.katalon.core.main.TestCaseExecutor.execute(TestCaseExecutor.java:281)
	at com.kms.katalon.core.main.TestSuiteExecutor.accessTestCaseMainPhase(TestSuiteExecutor.java:202)
	at com.kms.katalon.core.main.TestSuiteExecutor.accessTestSuiteMainPhase(TestSuiteExecutor.java:164)
	at com.kms.katalon.core.main.TestSuiteExecutor.execute(TestSuiteExecutor.java:105)
	at com.kms.katalon.core.main.TestCaseMain.startTestSuite(TestCaseMain.java:185)
	at com.kms.katalon.core.main.TestCaseMain$startTestSuite$0.call(Unknown Source)
	at TempTestSuite1656640997204.run(TempTestSuite1656640997204.groovy:36)
Caused by: org.openqa.selenium.WebDriverException: chrome not reachable
  (Session info: chrome=103.0.5060.66)
Build info: version: '3.141.59', revision: 'e82be7d358', time: '2018-11-14T08:25:53'
System info: host: 'DESKTOP-B2QI6NS', ip: '192.168.1.87', os.name: 'Windows 10', os.arch: 'amd64', os.version: '10.0', java.version: '1.8.0_181'
Driver info: com.kms.katalon.selenium.driver.CChromeDriver
Capabilities {acceptInsecureCerts: true, browserName: chrome, browserVersion: 103.0.5060.66, chrome: {chromedriverVersion: 103.0.5060.53 (a1711811edd7..., userDataDir: C:\Users\imtiaz\AppData\Loc...}, goog:chromeOptions: {debuggerAddress: localhost:55017}, javascriptEnabled: true, networkConnectionEnabled: false, pageLoadStrategy: normal, platform: WINDOWS, platformName: WINDOWS, proxy: Proxy(), setWindowRect: true, strictFileInteractability: false, timeouts: {implicit: 0, pageLoad: 300000, script: 30000}, unhandledPromptBehavior: dismiss and notify, webauthn:extension:credBlob: true, webauthn:extension:largeBlob: true, webauthn:virtualAuthenticators: true}
Session ID: efa2b9eb7928154ba23a0472bf5e7ff5
*** Element info: {Using=tag name, value=body}
	at org.openqa.selenium.remote.http.W3CHttpResponseCodec.createException(W3CHttpResponseCodec.java:187)
	at org.openqa.selenium.remote.http.W3CHttpResponseCodec.decode(W3CHttpResponseCodec.java:122)
	at org.openqa.selenium.remote.http.W3CHttpResponseCodec.decode(W3CHttpResponseCodec.java:49)
	at org.openqa.selenium.remote.HttpCommandExecutor.execute(HttpCommandExecutor.java:158)
	at org.openqa.selenium.remote.service.DriverCommandExecutor.execute(DriverCommandExecutor.java:83)
	at org.openqa.selenium.remote.RemoteWebDriver.execute(RemoteWebDriver.java:552)
	at com.kms.katalon.selenium.driver.CChromeDriver.execute(CChromeDriver.java:19)
	at org.openqa.selenium.remote.RemoteWebDriver.findElement(RemoteWebDriver.java:323)
	at org.openqa.selenium.remote.RemoteWebDriver.findElementByTagName(RemoteWebDriver.java:396)
	at org.openqa.selenium.By$ByTagName.findElement(By.java:320)
	at org.openqa.selenium.remote.RemoteWebDriver.findElement(RemoteWebDriver.java:315)
	at org.openqa.selenium.support.events.EventFiringWebDriver.lambda$new$1(EventFiringWebDriver.java:105)
	at com.sun.proxy.$Proxy10.findElement(Unknown Source)
	at org.openqa.selenium.support.events.EventFiringWebDriver.findElement(EventFiringWebDriver.java:194)
	at com.kms.katalon.core.webui.common.WebUiCommonHelper.isTextPresent(WebUiCommonHelper.java:86)
	at com.kms.katalon.core.webui.keyword.builtin.VerifyTextPresentKeyword$_verifyTextPresent_closure1.doCall(VerifyTextPresentKeyword.groovy:75)
	at com.kms.katalon.core.webui.keyword.builtin.VerifyTextPresentKeyword$_verifyTextPresent_closure1.call(VerifyTextPresentKeyword.groovy)
	at com.kms.katalon.core.webui.keyword.internal.WebUIKeywordMain.runKeyword(WebUIKeywordMain.groovy:20)
	at com.kms.katalon.core.webui.keyword.builtin.VerifyTextPresentKeyword.verifyTextPresent(VerifyTextPresentKeyword.groovy:83)
	at com.kms.katalon.core.webui.keyword.builtin.VerifyTextPresentKeyword.execute(VerifyTextPresentKeyword.groovy:68)
	at com.kms.katalon.core.keyword.internal.KeywordExecutor.executeKeywordForPlatform(KeywordExecutor.groovy:74)
	at com.kms.katalon.core.webui.keyword.WebUiBuiltInKeywords.verifyTextPresent(WebUiBuiltInKeywords.groovy:1723)
	at com.kms.katalon.core.webui.keyword.WebUiBuiltInKeywords$verifyTextPresent$4.call(Unknown Source)
	at Script1652205847657.run(Script1652205847657.groovy:163)
	... 13 more
)

2022-06-30 22:21:17 - [TEST_STEP][FAILED] - verifyTextPresent("Pune", true): Unable to verify text 'Pune' is present  using regular expression (Root cause: com.kms.katalon.core.exception.StepFailedException: Unable to verify text 'Pune' is present  using regular expression
	at com.kms.katalon.core.webui.keyword.internal.WebUIKeywordMain.stepFailed(WebUIKeywordMain.groovy:64)
	at com.kms.katalon.core.webui.keyword.internal.WebUIKeywordMain.runKeyword(WebUIKeywordMain.groovy:26)
	at com.kms.katalon.core.webui.keyword.builtin.VerifyTextPresentKeyword.verifyTextPresent(VerifyTextPresentKeyword.groovy:83)
	at com.kms.katalon.core.webui.keyword.builtin.VerifyTextPresentKeyword.execute(VerifyTextPresentKeyword.groovy:68)
	at com.kms.katalon.core.keyword.internal.KeywordExecutor.executeKeywordForPlatform(KeywordExecutor.groovy:74)
	at com.kms.katalon.core.webui.keyword.WebUiBuiltInKeywords.verifyTextPresent(WebUiBuiltInKeywords.groovy:1723)
	at com.kms.katalon.core.webui.keyword.WebUiBuiltInKeywords$verifyTextPresent$4.call(Unknown Source)
	at Sale_TP_AllCF_Generic_Payment_TC.run(Sale_TP_AllCF_Generic_Payment_TC:164)
	at com.kms.katalon.core.main.ScriptEngine.run(ScriptEngine.java:194)
	at com.kms.katalon.core.main.ScriptEngine.runScriptAsRawText(ScriptEngine.java:119)
	at com.kms.katalon.core.main.TestCaseExecutor.runScript(TestCaseExecutor.java:442)
	at com.kms.katalon.core.main.TestCaseExecutor.doExecute(TestCaseExecutor.java:433)
	at com.kms.katalon.core.main.TestCaseExecutor.processExecutionPhase(TestCaseExecutor.java:412)
	at com.kms.katalon.core.main.TestCaseExecutor.accessMainPhase(TestCaseExecutor.java:404)
	at com.kms.katalon.core.main.TestCaseExecutor.execute(TestCaseExecutor.java:281)
	at com.kms.katalon.core.main.TestSuiteExecutor.accessTestCaseMainPhase(TestSuiteExecutor.java:202)
	at com.kms.katalon.core.main.TestSuiteExecutor.accessTestSuiteMainPhase(TestSuiteExecutor.java:164)
	at com.kms.katalon.core.main.TestSuiteExecutor.execute(TestSuiteExecutor.java:105)
	at com.kms.katalon.core.main.TestCaseMain.startTestSuite(TestCaseMain.java:185)
	at com.kms.katalon.core.main.TestCaseMain$startTestSuite$0.call(Unknown Source)
	at TempTestSuite1656640997204.run(TempTestSuite1656640997204.groovy:36)
Caused by: org.openqa.selenium.WebDriverException: chrome not reachable
  (Session info: chrome=103.0.5060.66)
Build info: version: '3.141.59', revision: 'e82be7d358', time: '2018-11-14T08:25:53'
System info: host: 'DESKTOP-B2QI6NS', ip: '192.168.1.87', os.name: 'Windows 10', os.arch: 'amd64', os.version: '10.0', java.version: '1.8.0_181'
Driver info: com.kms.katalon.selenium.driver.CChromeDriver
Capabilities {acceptInsecureCerts: true, browserName: chrome, browserVersion: 103.0.5060.66, chrome: {chromedriverVersion: 103.0.5060.53 (a1711811edd7..., userDataDir: C:\Users\imtiaz\AppData\Loc...}, goog:chromeOptions: {debuggerAddress: localhost:55017}, javascriptEnabled: true, networkConnectionEnabled: false, pageLoadStrategy: normal, platform: WINDOWS, platformName: WINDOWS, proxy: Proxy(), setWindowRect: true, strictFileInteractability: false, timeouts: {implicit: 0, pageLoad: 300000, script: 30000}, unhandledPromptBehavior: dismiss and notify, webauthn:extension:credBlob: true, webauthn:extension:largeBlob: true, webauthn:virtualAuthenticators: true}
Session ID: efa2b9eb7928154ba23a0472bf5e7ff5
*** Element info: {Using=tag name, value=body}
	at org.openqa.selenium.remote.http.W3CHttpResponseCodec.createException(W3CHttpResponseCodec.java:187)
	at org.openqa.selenium.remote.http.W3CHttpResponseCodec.decode(W3CHttpResponseCodec.java:122)
	at org.openqa.selenium.remote.http.W3CHttpResponseCodec.decode(W3CHttpResponseCodec.java:49)
	at org.openqa.selenium.remote.HttpCommandExecutor.execute(HttpCommandExecutor.java:158)
	at org.openqa.selenium.remote.service.DriverCommandExecutor.execute(DriverCommandExecutor.java:83)
	at org.openqa.selenium.remote.RemoteWebDriver.execute(RemoteWebDriver.java:552)
	at com.kms.katalon.selenium.driver.CChromeDriver.execute(CChromeDriver.java:19)
	at org.openqa.selenium.remote.RemoteWebDriver.findElement(RemoteWebDriver.java:323)
	at org.openqa.selenium.remote.RemoteWebDriver.findElementByTagName(RemoteWebDriver.java:396)
	at org.openqa.selenium.By$ByTagName.findElement(By.java:320)
	at org.openqa.selenium.remote.RemoteWebDriver.findElement(RemoteWebDriver.java:315)
	at org.openqa.selenium.support.events.EventFiringWebDriver.lambda$new$1(EventFiringWebDriver.java:105)
	at com.sun.proxy.$Proxy10.findElement(Unknown Source)
	at org.openqa.selenium.support.events.EventFiringWebDriver.findElement(EventFiringWebDriver.java:194)
	at com.kms.katalon.core.webui.common.WebUiCommonHelper.isTextPresent(WebUiCommonHelper.java:86)
	at com.kms.katalon.core.webui.keyword.builtin.VerifyTextPresentKeyword$_verifyTextPresent_closure1.doCall(VerifyTextPresentKeyword.groovy:75)
	at com.kms.katalon.core.webui.keyword.builtin.VerifyTextPresentKeyword$_verifyTextPresent_closure1.call(VerifyTextPresentKeyword.groovy)
	at com.kms.katalon.core.webui.keyword.internal.WebUIKeywordMain.runKeyword(WebUIKeywordMain.groovy:20)
	at com.kms.katalon.core.webui.keyword.builtin.VerifyTextPresentKeyword.verifyTextPresent(VerifyTextPresentKeyword.groovy:83)
	at com.kms.katalon.core.webui.keyword.builtin.VerifyTextPresentKeyword.execute(VerifyTextPresentKeyword.groovy:68)
	at com.kms.katalon.core.keyword.internal.KeywordExecutor.executeKeywordForPlatform(KeywordExecutor.groovy:74)
	at com.kms.katalon.core.webui.keyword.WebUiBuiltInKeywords.verifyTextPresent(WebUiBuiltInKeywords.groovy:1723)
	at com.kms.katalon.core.webui.keyword.WebUiBuiltInKeywords$verifyTextPresent$4.call(Unknown Source)
	at Script1652205847657.run(Script1652205847657.groovy:164)
	... 13 more
)

2022-06-30 22:21:29 - [MESSAGE][WARNING] - Cannot take screenshot

2022-06-30 22:21:29 - [MESSAGE][FAILED] - Unable to verify text 'Pune' is present  using regular expression (Root cause: com.kms.katalon.core.exception.StepFailedException: Unable to verify text 'Pune' is present  using regular expression
	at com.kms.katalon.core.webui.keyword.internal.WebUIKeywordMain.stepFailed(WebUIKeywordMain.groovy:64)
	at com.kms.katalon.core.webui.keyword.internal.WebUIKeywordMain.runKeyword(WebUIKeywordMain.groovy:26)
	at com.kms.katalon.core.webui.keyword.builtin.VerifyTextPresentKeyword.verifyTextPresent(VerifyTextPresentKeyword.groovy:83)
	at com.kms.katalon.core.webui.keyword.builtin.VerifyTextPresentKeyword.execute(VerifyTextPresentKeyword.groovy:68)
	at com.kms.katalon.core.keyword.internal.KeywordExecutor.executeKeywordForPlatform(KeywordExecutor.groovy:74)
	at com.kms.katalon.core.webui.keyword.WebUiBuiltInKeywords.verifyTextPresent(WebUiBuiltInKeywords.groovy:1723)
	at com.kms.katalon.core.webui.keyword.WebUiBuiltInKeywords$verifyTextPresent$4.call(Unknown Source)
	at Sale_TP_AllCF_Generic_Payment_TC.run(Sale_TP_AllCF_Generic_Payment_TC:164)
	at com.kms.katalon.core.main.ScriptEngine.run(ScriptEngine.java:194)
	at com.kms.katalon.core.main.ScriptEngine.runScriptAsRawText(ScriptEngine.java:119)
	at com.kms.katalon.core.main.TestCaseExecutor.runScript(TestCaseExecutor.java:442)
	at com.kms.katalon.core.main.TestCaseExecutor.doExecute(TestCaseExecutor.java:433)
	at com.kms.katalon.core.main.TestCaseExecutor.processExecutionPhase(TestCaseExecutor.java:412)
	at com.kms.katalon.core.main.TestCaseExecutor.accessMainPhase(TestCaseExecutor.java:404)
	at com.kms.katalon.core.main.TestCaseExecutor.execute(TestCaseExecutor.java:281)
	at com.kms.katalon.core.main.TestSuiteExecutor.accessTestCaseMainPhase(TestSuiteExecutor.java:202)
	at com.kms.katalon.core.main.TestSuiteExecutor.accessTestSuiteMainPhase(TestSuiteExecutor.java:164)
	at com.kms.katalon.core.main.TestSuiteExecutor.execute(TestSuiteExecutor.java:105)
	at com.kms.katalon.core.main.TestCaseMain.startTestSuite(TestCaseMain.java:185)
	at com.kms.katalon.core.main.TestCaseMain$startTestSuite$0.call(Unknown Source)
	at TempTestSuite1656640997204.run(TempTestSuite1656640997204.groovy:36)
Caused by: org.openqa.selenium.WebDriverException: chrome not reachable
  (Session info: chrome=103.0.5060.66)
Build info: version: '3.141.59', revision: 'e82be7d358', time: '2018-11-14T08:25:53'
System info: host: 'DESKTOP-B2QI6NS', ip: '192.168.1.87', os.name: 'Windows 10', os.arch: 'amd64', os.version: '10.0', java.version: '1.8.0_181'
Driver info: com.kms.katalon.selenium.driver.CChromeDriver
Capabilities {acceptInsecureCerts: true, browserName: chrome, browserVersion: 103.0.5060.66, chrome: {chromedriverVersion: 103.0.5060.53 (a1711811edd7..., userDataDir: C:\Users\imtiaz\AppData\Loc...}, goog:chromeOptions: {debuggerAddress: localhost:55017}, javascriptEnabled: true, networkConnectionEnabled: false, pageLoadStrategy: normal, platform: WINDOWS, platformName: WINDOWS, proxy: Proxy(), setWindowRect: true, strictFileInteractability: false, timeouts: {implicit: 0, pageLoad: 300000, script: 30000}, unhandledPromptBehavior: dismiss and notify, webauthn:extension:credBlob: true, webauthn:extension:largeBlob: true, webauthn:virtualAuthenticators: true}
Session ID: efa2b9eb7928154ba23a0472bf5e7ff5
*** Element info: {Using=tag name, value=body}
	at org.openqa.selenium.remote.http.W3CHttpResponseCodec.createException(W3CHttpResponseCodec.java:187)
	at org.openqa.selenium.remote.http.W3CHttpResponseCodec.decode(W3CHttpResponseCodec.java:122)
	at org.openqa.selenium.remote.http.W3CHttpResponseCodec.decode(W3CHttpResponseCodec.java:49)
	at org.openqa.selenium.remote.HttpCommandExecutor.execute(HttpCommandExecutor.java:158)
	at org.openqa.selenium.remote.service.DriverCommandExecutor.execute(DriverCommandExecutor.java:83)
	at org.openqa.selenium.remote.RemoteWebDriver.execute(RemoteWebDriver.java:552)
	at com.kms.katalon.selenium.driver.CChromeDriver.execute(CChromeDriver.java:19)
	at org.openqa.selenium.remote.RemoteWebDriver.findElement(RemoteWebDriver.java:323)
	at org.openqa.selenium.remote.RemoteWebDriver.findElementByTagName(RemoteWebDriver.java:396)
	at org.openqa.selenium.By$ByTagName.findElement(By.java:320)
	at org.openqa.selenium.remote.RemoteWebDriver.findElement(RemoteWebDriver.java:315)
	at org.openqa.selenium.support.events.EventFiringWebDriver.lambda$new$1(EventFiringWebDriver.java:105)
	at com.sun.proxy.$Proxy10.findElement(Unknown Source)
	at org.openqa.selenium.support.events.EventFiringWebDriver.findElement(EventFiringWebDriver.java:194)
	at com.kms.katalon.core.webui.common.WebUiCommonHelper.isTextPresent(WebUiCommonHelper.java:86)
	at com.kms.katalon.core.webui.keyword.builtin.VerifyTextPresentKeyword$_verifyTextPresent_closure1.doCall(VerifyTextPresentKeyword.groovy:75)
	at com.kms.katalon.core.webui.keyword.builtin.VerifyTextPresentKeyword$_verifyTextPresent_closure1.call(VerifyTextPresentKeyword.groovy)
	at com.kms.katalon.core.webui.keyword.internal.WebUIKeywordMain.runKeyword(WebUIKeywordMain.groovy:20)
	at com.kms.katalon.core.webui.keyword.builtin.VerifyTextPresentKeyword.verifyTextPresent(VerifyTextPresentKeyword.groovy:83)
	at com.kms.katalon.core.webui.keyword.builtin.VerifyTextPresentKeyword.execute(VerifyTextPresentKeyword.groovy:68)
	at com.kms.katalon.core.keyword.internal.KeywordExecutor.executeKeywordForPlatform(KeywordExecutor.groovy:74)
	at com.kms.katalon.core.webui.keyword.WebUiBuiltInKeywords.verifyTextPresent(WebUiBuiltInKeywords.groovy:1723)
	at com.kms.katalon.core.webui.keyword.WebUiBuiltInKeywords$verifyTextPresent$4.call(Unknown Source)
	at Script1652205847657.run(Script1652205847657.groovy:164)
	... 13 more
)

2022-06-30 22:21:29 - [TEST_STEP][FAILED] - verifyTextPresent("Bhavnagar", true): Unable to verify text 'Bhavnagar' is present  using regular expression (Root cause: com.kms.katalon.core.exception.StepFailedException: Unable to verify text 'Bhavnagar' is present  using regular expression
	at com.kms.katalon.core.webui.keyword.internal.WebUIKeywordMain.stepFailed(WebUIKeywordMain.groovy:64)
	at com.kms.katalon.core.webui.keyword.internal.WebUIKeywordMain.runKeyword(WebUIKeywordMain.groovy:26)
	at com.kms.katalon.core.webui.keyword.builtin.VerifyTextPresentKeyword.verifyTextPresent(VerifyTextPresentKeyword.groovy:83)
	at com.kms.katalon.core.webui.keyword.builtin.VerifyTextPresentKeyword.execute(VerifyTextPresentKeyword.groovy:68)
	at com.kms.katalon.core.keyword.internal.KeywordExecutor.executeKeywordForPlatform(KeywordExecutor.groovy:74)
	at com.kms.katalon.core.webui.keyword.WebUiBuiltInKeywords.verifyTextPresent(WebUiBuiltInKeywords.groovy:1723)
	at com.kms.katalon.core.webui.keyword.WebUiBuiltInKeywords$verifyTextPresent$4.call(Unknown Source)
	at Sale_TP_AllCF_Generic_Payment_TC.run(Sale_TP_AllCF_Generic_Payment_TC:165)
	at com.kms.katalon.core.main.ScriptEngine.run(ScriptEngine.java:194)
	at com.kms.katalon.core.main.ScriptEngine.runScriptAsRawText(ScriptEngine.java:119)
	at com.kms.katalon.core.main.TestCaseExecutor.runScript(TestCaseExecutor.java:442)
	at com.kms.katalon.core.main.TestCaseExecutor.doExecute(TestCaseExecutor.java:433)
	at com.kms.katalon.core.main.TestCaseExecutor.processExecutionPhase(TestCaseExecutor.java:412)
	at com.kms.katalon.core.main.TestCaseExecutor.accessMainPhase(TestCaseExecutor.java:404)
	at com.kms.katalon.core.main.TestCaseExecutor.execute(TestCaseExecutor.java:281)
	at com.kms.katalon.core.main.TestSuiteExecutor.accessTestCaseMainPhase(TestSuiteExecutor.java:202)
	at com.kms.katalon.core.main.TestSuiteExecutor.accessTestSuiteMainPhase(TestSuiteExecutor.java:164)
	at com.kms.katalon.core.main.TestSuiteExecutor.execute(TestSuiteExecutor.java:105)
	at com.kms.katalon.core.main.TestCaseMain.startTestSuite(TestCaseMain.java:185)
	at com.kms.katalon.core.main.TestCaseMain$startTestSuite$0.call(Unknown Source)
	at TempTestSuite1656640997204.run(TempTestSuite1656640997204.groovy:36)
Caused by: org.openqa.selenium.WebDriverException: chrome not reachable
  (Session info: chrome=103.0.5060.66)
Build info: version: '3.141.59', revision: 'e82be7d358', time: '2018-11-14T08:25:53'
System info: host: 'DESKTOP-B2QI6NS', ip: '192.168.1.87', os.name: 'Windows 10', os.arch: 'amd64', os.version: '10.0', java.version: '1.8.0_181'
Driver info: com.kms.katalon.selenium.driver.CChromeDriver
Capabilities {acceptInsecureCerts: true, browserName: chrome, browserVersion: 103.0.5060.66, chrome: {chromedriverVersion: 103.0.5060.53 (a1711811edd7..., userDataDir: C:\Users\imtiaz\AppData\Loc...}, goog:chromeOptions: {debuggerAddress: localhost:55017}, javascriptEnabled: true, networkConnectionEnabled: false, pageLoadStrategy: normal, platform: WINDOWS, platformName: WINDOWS, proxy: Proxy(), setWindowRect: true, strictFileInteractability: false, timeouts: {implicit: 0, pageLoad: 300000, script: 30000}, unhandledPromptBehavior: dismiss and notify, webauthn:extension:credBlob: true, webauthn:extension:largeBlob: true, webauthn:virtualAuthenticators: true}
Session ID: efa2b9eb7928154ba23a0472bf5e7ff5
*** Element info: {Using=tag name, value=body}
	at org.openqa.selenium.remote.http.W3CHttpResponseCodec.createException(W3CHttpResponseCodec.java:187)
	at org.openqa.selenium.remote.http.W3CHttpResponseCodec.decode(W3CHttpResponseCodec.java:122)
	at org.openqa.selenium.remote.http.W3CHttpResponseCodec.decode(W3CHttpResponseCodec.java:49)
	at org.openqa.selenium.remote.HttpCommandExecutor.execute(HttpCommandExecutor.java:158)
	at org.openqa.selenium.remote.service.DriverCommandExecutor.execute(DriverCommandExecutor.java:83)
	at org.openqa.selenium.remote.RemoteWebDriver.execute(RemoteWebDriver.java:552)
	at com.kms.katalon.selenium.driver.CChromeDriver.execute(CChromeDriver.java:19)
	at org.openqa.selenium.remote.RemoteWebDriver.findElement(RemoteWebDriver.java:323)
	at org.openqa.selenium.remote.RemoteWebDriver.findElementByTagName(RemoteWebDriver.java:396)
	at org.openqa.selenium.By$ByTagName.findElement(By.java:320)
	at org.openqa.selenium.remote.RemoteWebDriver.findElement(RemoteWebDriver.java:315)
	at org.openqa.selenium.support.events.EventFiringWebDriver.lambda$new$1(EventFiringWebDriver.java:105)
	at com.sun.proxy.$Proxy10.findElement(Unknown Source)
	at org.openqa.selenium.support.events.EventFiringWebDriver.findElement(EventFiringWebDriver.java:194)
	at com.kms.katalon.core.webui.common.WebUiCommonHelper.isTextPresent(WebUiCommonHelper.java:86)
	at com.kms.katalon.core.webui.keyword.builtin.VerifyTextPresentKeyword$_verifyTextPresent_closure1.doCall(VerifyTextPresentKeyword.groovy:75)
	at com.kms.katalon.core.webui.keyword.builtin.VerifyTextPresentKeyword$_verifyTextPresent_closure1.call(VerifyTextPresentKeyword.groovy)
	at com.kms.katalon.core.webui.keyword.internal.WebUIKeywordMain.runKeyword(WebUIKeywordMain.groovy:20)
	at com.kms.katalon.core.webui.keyword.builtin.VerifyTextPresentKeyword.verifyTextPresent(VerifyTextPresentKeyword.groovy:83)
	at com.kms.katalon.core.webui.keyword.builtin.VerifyTextPresentKeyword.execute(VerifyTextPresentKeyword.groovy:68)
	at com.kms.katalon.core.keyword.internal.KeywordExecutor.executeKeywordForPlatform(KeywordExecutor.groovy:74)
	at com.kms.katalon.core.webui.keyword.WebUiBuiltInKeywords.verifyTextPresent(WebUiBuiltInKeywords.groovy:1723)
	at com.kms.katalon.core.webui.keyword.WebUiBuiltInKeywords$verifyTextPresent$4.call(Unknown Source)
	at Script1652205847657.run(Script1652205847657.groovy:165)
	... 13 more
)

2022-06-30 22:21:42 - [MESSAGE][WARNING] - Cannot take screenshot

2022-06-30 22:21:42 - [MESSAGE][FAILED] - Unable to verify text 'Bhavnagar' is present  using regular expression (Root cause: com.kms.katalon.core.exception.StepFailedException: Unable to verify text 'Bhavnagar' is present  using regular expression
	at com.kms.katalon.core.webui.keyword.internal.WebUIKeywordMain.stepFailed(WebUIKeywordMain.groovy:64)
	at com.kms.katalon.core.webui.keyword.internal.WebUIKeywordMain.runKeyword(WebUIKeywordMain.groovy:26)
	at com.kms.katalon.core.webui.keyword.builtin.VerifyTextPresentKeyword.verifyTextPresent(VerifyTextPresentKeyword.groovy:83)
	at com.kms.katalon.core.webui.keyword.builtin.VerifyTextPresentKeyword.execute(VerifyTextPresentKeyword.groovy:68)
	at com.kms.katalon.core.keyword.internal.KeywordExecutor.executeKeywordForPlatform(KeywordExecutor.groovy:74)
	at com.kms.katalon.core.webui.keyword.WebUiBuiltInKeywords.verifyTextPresent(WebUiBuiltInKeywords.groovy:1723)
	at com.kms.katalon.core.webui.keyword.WebUiBuiltInKeywords$verifyTextPresent$4.call(Unknown Source)
	at Sale_TP_AllCF_Generic_Payment_TC.run(Sale_TP_AllCF_Generic_Payment_TC:165)
	at com.kms.katalon.core.main.ScriptEngine.run(ScriptEngine.java:194)
	at com.kms.katalon.core.main.ScriptEngine.runScriptAsRawText(ScriptEngine.java:119)
	at com.kms.katalon.core.main.TestCaseExecutor.runScript(TestCaseExecutor.java:442)
	at com.kms.katalon.core.main.TestCaseExecutor.doExecute(TestCaseExecutor.java:433)
	at com.kms.katalon.core.main.TestCaseExecutor.processExecutionPhase(TestCaseExecutor.java:412)
	at com.kms.katalon.core.main.TestCaseExecutor.accessMainPhase(TestCaseExecutor.java:404)
	at com.kms.katalon.core.main.TestCaseExecutor.execute(TestCaseExecutor.java:281)
	at com.kms.katalon.core.main.TestSuiteExecutor.accessTestCaseMainPhase(TestSuiteExecutor.java:202)
	at com.kms.katalon.core.main.TestSuiteExecutor.accessTestSuiteMainPhase(TestSuiteExecutor.java:164)
	at com.kms.katalon.core.main.TestSuiteExecutor.execute(TestSuiteExecutor.java:105)
	at com.kms.katalon.core.main.TestCaseMain.startTestSuite(TestCaseMain.java:185)
	at com.kms.katalon.core.main.TestCaseMain$startTestSuite$0.call(Unknown Source)
	at TempTestSuite1656640997204.run(TempTestSuite1656640997204.groovy:36)
Caused by: org.openqa.selenium.WebDriverException: chrome not reachable
  (Session info: chrome=103.0.5060.66)
Build info: version: '3.141.59', revision: 'e82be7d358', time: '2018-11-14T08:25:53'
System info: host: 'DESKTOP-B2QI6NS', ip: '192.168.1.87', os.name: 'Windows 10', os.arch: 'amd64', os.version: '10.0', java.version: '1.8.0_181'
Driver info: com.kms.katalon.selenium.driver.CChromeDriver
Capabilities {acceptInsecureCerts: true, browserName: chrome, browserVersion: 103.0.5060.66, chrome: {chromedriverVersion: 103.0.5060.53 (a1711811edd7..., userDataDir: C:\Users\imtiaz\AppData\Loc...}, goog:chromeOptions: {debuggerAddress: localhost:55017}, javascriptEnabled: true, networkConnectionEnabled: false, pageLoadStrategy: normal, platform: WINDOWS, platformName: WINDOWS, proxy: Proxy(), setWindowRect: true, strictFileInteractability: false, timeouts: {implicit: 0, pageLoad: 300000, script: 30000}, unhandledPromptBehavior: dismiss and notify, webauthn:extension:credBlob: true, webauthn:extension:largeBlob: true, webauthn:virtualAuthenticators: true}
Session ID: efa2b9eb7928154ba23a0472bf5e7ff5
*** Element info: {Using=tag name, value=body}
	at org.openqa.selenium.remote.http.W3CHttpResponseCodec.createException(W3CHttpResponseCodec.java:187)
	at org.openqa.selenium.remote.http.W3CHttpResponseCodec.decode(W3CHttpResponseCodec.java:122)
	at org.openqa.selenium.remote.http.W3CHttpResponseCodec.decode(W3CHttpResponseCodec.java:49)
	at org.openqa.selenium.remote.HttpCommandExecutor.execute(HttpCommandExecutor.java:158)
	at org.openqa.selenium.remote.service.DriverCommandExecutor.execute(DriverCommandExecutor.java:83)
	at org.openqa.selenium.remote.RemoteWebDriver.execute(RemoteWebDriver.java:552)
	at com.kms.katalon.selenium.driver.CChromeDriver.execute(CChromeDriver.java:19)
	at org.openqa.selenium.remote.RemoteWebDriver.findElement(RemoteWebDriver.java:323)
	at org.openqa.selenium.remote.RemoteWebDriver.findElementByTagName(RemoteWebDriver.java:396)
	at org.openqa.selenium.By$ByTagName.findElement(By.java:320)
	at org.openqa.selenium.remote.RemoteWebDriver.findElement(RemoteWebDriver.java:315)
	at org.openqa.selenium.support.events.EventFiringWebDriver.lambda$new$1(EventFiringWebDriver.java:105)
	at com.sun.proxy.$Proxy10.findElement(Unknown Source)
	at org.openqa.selenium.support.events.EventFiringWebDriver.findElement(EventFiringWebDriver.java:194)
	at com.kms.katalon.core.webui.common.WebUiCommonHelper.isTextPresent(WebUiCommonHelper.java:86)
	at com.kms.katalon.core.webui.keyword.builtin.VerifyTextPresentKeyword$_verifyTextPresent_closure1.doCall(VerifyTextPresentKeyword.groovy:75)
	at com.kms.katalon.core.webui.keyword.builtin.VerifyTextPresentKeyword$_verifyTextPresent_closure1.call(VerifyTextPresentKeyword.groovy)
	at com.kms.katalon.core.webui.keyword.internal.WebUIKeywordMain.runKeyword(WebUIKeywordMain.groovy:20)
	at com.kms.katalon.core.webui.keyword.builtin.VerifyTextPresentKeyword.verifyTextPresent(VerifyTextPresentKeyword.groovy:83)
	at com.kms.katalon.core.webui.keyword.builtin.VerifyTextPresentKeyword.execute(VerifyTextPresentKeyword.groovy:68)
	at com.kms.katalon.core.keyword.internal.KeywordExecutor.executeKeywordForPlatform(KeywordExecutor.groovy:74)
	at com.kms.katalon.core.webui.keyword.WebUiBuiltInKeywords.verifyTextPresent(WebUiBuiltInKeywords.groovy:1723)
	at com.kms.katalon.core.webui.keyword.WebUiBuiltInKeywords$verifyTextPresent$4.call(Unknown Source)
	at Script1652205847657.run(Script1652205847657.groovy:165)
	... 13 more
)

2022-06-30 22:21:42 - [TEST_STEP][FAILED] - verifyTextPresent("Noida", true): Unable to verify text 'Noida' is present  using regular expression (Root cause: com.kms.katalon.core.exception.StepFailedException: Unable to verify text 'Noida' is present  using regular expression
	at com.kms.katalon.core.webui.keyword.internal.WebUIKeywordMain.stepFailed(WebUIKeywordMain.groovy:64)
	at com.kms.katalon.core.webui.keyword.internal.WebUIKeywordMain.runKeyword(WebUIKeywordMain.groovy:26)
	at com.kms.katalon.core.webui.keyword.builtin.VerifyTextPresentKeyword.verifyTextPresent(VerifyTextPresentKeyword.groovy:83)
	at com.kms.katalon.core.webui.keyword.builtin.VerifyTextPresentKeyword.execute(VerifyTextPresentKeyword.groovy:68)
	at com.kms.katalon.core.keyword.internal.KeywordExecutor.executeKeywordForPlatform(KeywordExecutor.groovy:74)
	at com.kms.katalon.core.webui.keyword.WebUiBuiltInKeywords.verifyTextPresent(WebUiBuiltInKeywords.groovy:1723)
	at com.kms.katalon.core.webui.keyword.WebUiBuiltInKeywords$verifyTextPresent$4.call(Unknown Source)
	at Sale_TP_AllCF_Generic_Payment_TC.run(Sale_TP_AllCF_Generic_Payment_TC:166)
	at com.kms.katalon.core.main.ScriptEngine.run(ScriptEngine.java:194)
	at com.kms.katalon.core.main.ScriptEngine.runScriptAsRawText(ScriptEngine.java:119)
	at com.kms.katalon.core.main.TestCaseExecutor.runScript(TestCaseExecutor.java:442)
	at com.kms.katalon.core.main.TestCaseExecutor.doExecute(TestCaseExecutor.java:433)
	at com.kms.katalon.core.main.TestCaseExecutor.processExecutionPhase(TestCaseExecutor.java:412)
	at com.kms.katalon.core.main.TestCaseExecutor.accessMainPhase(TestCaseExecutor.java:404)
	at com.kms.katalon.core.main.TestCaseExecutor.execute(TestCaseExecutor.java:281)
	at com.kms.katalon.core.main.TestSuiteExecutor.accessTestCaseMainPhase(TestSuiteExecutor.java:202)
	at com.kms.katalon.core.main.TestSuiteExecutor.accessTestSuiteMainPhase(TestSuiteExecutor.java:164)
	at com.kms.katalon.core.main.TestSuiteExecutor.execute(TestSuiteExecutor.java:105)
	at com.kms.katalon.core.main.TestCaseMain.startTestSuite(TestCaseMain.java:185)
	at com.kms.katalon.core.main.TestCaseMain$startTestSuite$0.call(Unknown Source)
	at TempTestSuite1656640997204.run(TempTestSuite1656640997204.groovy:36)
Caused by: org.openqa.selenium.WebDriverException: chrome not reachable
  (Session info: chrome=103.0.5060.66)
Build info: version: '3.141.59', revision: 'e82be7d358', time: '2018-11-14T08:25:53'
System info: host: 'DESKTOP-B2QI6NS', ip: '192.168.1.87', os.name: 'Windows 10', os.arch: 'amd64', os.version: '10.0', java.version: '1.8.0_181'
Driver info: com.kms.katalon.selenium.driver.CChromeDriver
Capabilities {acceptInsecureCerts: true, browserName: chrome, browserVersion: 103.0.5060.66, chrome: {chromedriverVersion: 103.0.5060.53 (a1711811edd7..., userDataDir: C:\Users\imtiaz\AppData\Loc...}, goog:chromeOptions: {debuggerAddress: localhost:55017}, javascriptEnabled: true, networkConnectionEnabled: false, pageLoadStrategy: normal, platform: WINDOWS, platformName: WINDOWS, proxy: Proxy(), setWindowRect: true, strictFileInteractability: false, timeouts: {implicit: 0, pageLoad: 300000, script: 30000}, unhandledPromptBehavior: dismiss and notify, webauthn:extension:credBlob: true, webauthn:extension:largeBlob: true, webauthn:virtualAuthenticators: true}
Session ID: efa2b9eb7928154ba23a0472bf5e7ff5
*** Element info: {Using=tag name, value=body}
	at org.openqa.selenium.remote.http.W3CHttpResponseCodec.createException(W3CHttpResponseCodec.java:187)
	at org.openqa.selenium.remote.http.W3CHttpResponseCodec.decode(W3CHttpResponseCodec.java:122)
	at org.openqa.selenium.remote.http.W3CHttpResponseCodec.decode(W3CHttpResponseCodec.java:49)
	at org.openqa.selenium.remote.HttpCommandExecutor.execute(HttpCommandExecutor.java:158)
	at org.openqa.selenium.remote.service.DriverCommandExecutor.execute(DriverCommandExecutor.java:83)
	at org.openqa.selenium.remote.RemoteWebDriver.execute(RemoteWebDriver.java:552)
	at com.kms.katalon.selenium.driver.CChromeDriver.execute(CChromeDriver.java:19)
	at org.openqa.selenium.remote.RemoteWebDriver.findElement(RemoteWebDriver.java:323)
	at org.openqa.selenium.remote.RemoteWebDriver.findElementByTagName(RemoteWebDriver.java:396)
	at org.openqa.selenium.By$ByTagName.findElement(By.java:320)
	at org.openqa.selenium.remote.RemoteWebDriver.findElement(RemoteWebDriver.java:315)
	at org.openqa.selenium.support.events.EventFiringWebDriver.lambda$new$1(EventFiringWebDriver.java:105)
	at com.sun.proxy.$Proxy10.findElement(Unknown Source)
	at org.openqa.selenium.support.events.EventFiringWebDriver.findElement(EventFiringWebDriver.java:194)
	at com.kms.katalon.core.webui.common.WebUiCommonHelper.isTextPresent(WebUiCommonHelper.java:86)
	at com.kms.katalon.core.webui.keyword.builtin.VerifyTextPresentKeyword$_verifyTextPresent_closure1.doCall(VerifyTextPresentKeyword.groovy:75)
	at com.kms.katalon.core.webui.keyword.builtin.VerifyTextPresentKeyword$_verifyTextPresent_closure1.call(VerifyTextPresentKeyword.groovy)
	at com.kms.katalon.core.webui.keyword.internal.WebUIKeywordMain.runKeyword(WebUIKeywordMain.groovy:20)
	at com.kms.katalon.core.webui.keyword.builtin.VerifyTextPresentKeyword.verifyTextPresent(VerifyTextPresentKeyword.groovy:83)
	at com.kms.katalon.core.webui.keyword.builtin.VerifyTextPresentKeyword.execute(VerifyTextPresentKeyword.groovy:68)
	at com.kms.katalon.core.keyword.internal.KeywordExecutor.executeKeywordForPlatform(KeywordExecutor.groovy:74)
	at com.kms.katalon.core.webui.keyword.WebUiBuiltInKeywords.verifyTextPresent(WebUiBuiltInKeywords.groovy:1723)
	at com.kms.katalon.core.webui.keyword.WebUiBuiltInKeywords$verifyTextPresent$4.call(Unknown Source)
	at Script1652205847657.run(Script1652205847657.groovy:166)
	... 13 more
)

2022-06-30 22:21:54 - [MESSAGE][WARNING] - Cannot take screenshot

2022-06-30 22:21:54 - [MESSAGE][FAILED] - Unable to verify text 'Noida' is present  using regular expression (Root cause: com.kms.katalon.core.exception.StepFailedException: Unable to verify text 'Noida' is present  using regular expression
	at com.kms.katalon.core.webui.keyword.internal.WebUIKeywordMain.stepFailed(WebUIKeywordMain.groovy:64)
	at com.kms.katalon.core.webui.keyword.internal.WebUIKeywordMain.runKeyword(WebUIKeywordMain.groovy:26)
	at com.kms.katalon.core.webui.keyword.builtin.VerifyTextPresentKeyword.verifyTextPresent(VerifyTextPresentKeyword.groovy:83)
	at com.kms.katalon.core.webui.keyword.builtin.VerifyTextPresentKeyword.execute(VerifyTextPresentKeyword.groovy:68)
	at com.kms.katalon.core.keyword.internal.KeywordExecutor.executeKeywordForPlatform(KeywordExecutor.groovy:74)
	at com.kms.katalon.core.webui.keyword.WebUiBuiltInKeywords.verifyTextPresent(WebUiBuiltInKeywords.groovy:1723)
	at com.kms.katalon.core.webui.keyword.WebUiBuiltInKeywords$verifyTextPresent$4.call(Unknown Source)
	at Sale_TP_AllCF_Generic_Payment_TC.run(Sale_TP_AllCF_Generic_Payment_TC:166)
	at com.kms.katalon.core.main.ScriptEngine.run(ScriptEngine.java:194)
	at com.kms.katalon.core.main.ScriptEngine.runScriptAsRawText(ScriptEngine.java:119)
	at com.kms.katalon.core.main.TestCaseExecutor.runScript(TestCaseExecutor.java:442)
	at com.kms.katalon.core.main.TestCaseExecutor.doExecute(TestCaseExecutor.java:433)
	at com.kms.katalon.core.main.TestCaseExecutor.processExecutionPhase(TestCaseExecutor.java:412)
	at com.kms.katalon.core.main.TestCaseExecutor.accessMainPhase(TestCaseExecutor.java:404)
	at com.kms.katalon.core.main.TestCaseExecutor.execute(TestCaseExecutor.java:281)
	at com.kms.katalon.core.main.TestSuiteExecutor.accessTestCaseMainPhase(TestSuiteExecutor.java:202)
	at com.kms.katalon.core.main.TestSuiteExecutor.accessTestSuiteMainPhase(TestSuiteExecutor.java:164)
	at com.kms.katalon.core.main.TestSuiteExecutor.execute(TestSuiteExecutor.java:105)
	at com.kms.katalon.core.main.TestCaseMain.startTestSuite(TestCaseMain.java:185)
	at com.kms.katalon.core.main.TestCaseMain$startTestSuite$0.call(Unknown Source)
	at TempTestSuite1656640997204.run(TempTestSuite1656640997204.groovy:36)
Caused by: org.openqa.selenium.WebDriverException: chrome not reachable
  (Session info: chrome=103.0.5060.66)
Build info: version: '3.141.59', revision: 'e82be7d358', time: '2018-11-14T08:25:53'
System info: host: 'DESKTOP-B2QI6NS', ip: '192.168.1.87', os.name: 'Windows 10', os.arch: 'amd64', os.version: '10.0', java.version: '1.8.0_181'
Driver info: com.kms.katalon.selenium.driver.CChromeDriver
Capabilities {acceptInsecureCerts: true, browserName: chrome, browserVersion: 103.0.5060.66, chrome: {chromedriverVersion: 103.0.5060.53 (a1711811edd7..., userDataDir: C:\Users\imtiaz\AppData\Loc...}, goog:chromeOptions: {debuggerAddress: localhost:55017}, javascriptEnabled: true, networkConnectionEnabled: false, pageLoadStrategy: normal, platform: WINDOWS, platformName: WINDOWS, proxy: Proxy(), setWindowRect: true, strictFileInteractability: false, timeouts: {implicit: 0, pageLoad: 300000, script: 30000}, unhandledPromptBehavior: dismiss and notify, webauthn:extension:credBlob: true, webauthn:extension:largeBlob: true, webauthn:virtualAuthenticators: true}
Session ID: efa2b9eb7928154ba23a0472bf5e7ff5
*** Element info: {Using=tag name, value=body}
	at org.openqa.selenium.remote.http.W3CHttpResponseCodec.createException(W3CHttpResponseCodec.java:187)
	at org.openqa.selenium.remote.http.W3CHttpResponseCodec.decode(W3CHttpResponseCodec.java:122)
	at org.openqa.selenium.remote.http.W3CHttpResponseCodec.decode(W3CHttpResponseCodec.java:49)
	at org.openqa.selenium.remote.HttpCommandExecutor.execute(HttpCommandExecutor.java:158)
	at org.openqa.selenium.remote.service.DriverCommandExecutor.execute(DriverCommandExecutor.java:83)
	at org.openqa.selenium.remote.RemoteWebDriver.execute(RemoteWebDriver.java:552)
	at com.kms.katalon.selenium.driver.CChromeDriver.execute(CChromeDriver.java:19)
	at org.openqa.selenium.remote.RemoteWebDriver.findElement(RemoteWebDriver.java:323)
	at org.openqa.selenium.remote.RemoteWebDriver.findElementByTagName(RemoteWebDriver.java:396)
	at org.openqa.selenium.By$ByTagName.findElement(By.java:320)
	at org.openqa.selenium.remote.RemoteWebDriver.findElement(RemoteWebDriver.java:315)
	at org.openqa.selenium.support.events.EventFiringWebDriver.lambda$new$1(EventFiringWebDriver.java:105)
	at com.sun.proxy.$Proxy10.findElement(Unknown Source)
	at org.openqa.selenium.support.events.EventFiringWebDriver.findElement(EventFiringWebDriver.java:194)
	at com.kms.katalon.core.webui.common.WebUiCommonHelper.isTextPresent(WebUiCommonHelper.java:86)
	at com.kms.katalon.core.webui.keyword.builtin.VerifyTextPresentKeyword$_verifyTextPresent_closure1.doCall(VerifyTextPresentKeyword.groovy:75)
	at com.kms.katalon.core.webui.keyword.builtin.VerifyTextPresentKeyword$_verifyTextPresent_closure1.call(VerifyTextPresentKeyword.groovy)
	at com.kms.katalon.core.webui.keyword.internal.WebUIKeywordMain.runKeyword(WebUIKeywordMain.groovy:20)
	at com.kms.katalon.core.webui.keyword.builtin.VerifyTextPresentKeyword.verifyTextPresent(VerifyTextPresentKeyword.groovy:83)
	at com.kms.katalon.core.webui.keyword.builtin.VerifyTextPresentKeyword.execute(VerifyTextPresentKeyword.groovy:68)
	at com.kms.katalon.core.keyword.internal.KeywordExecutor.executeKeywordForPlatform(KeywordExecutor.groovy:74)
	at com.kms.katalon.core.webui.keyword.WebUiBuiltInKeywords.verifyTextPresent(WebUiBuiltInKeywords.groovy:1723)
	at com.kms.katalon.core.webui.keyword.WebUiBuiltInKeywords$verifyTextPresent$4.call(Unknown Source)
	at Script1652205847657.run(Script1652205847657.groovy:166)
	... 13 more
)

2022-06-30 22:21:54 - [TEST_STEP][FAILED] - verifyTextPresent("Amount", true): Unable to verify text 'Amount' is present  using regular expression (Root cause: com.kms.katalon.core.exception.StepFailedException: Unable to verify text 'Amount' is present  using regular expression
	at com.kms.katalon.core.webui.keyword.internal.WebUIKeywordMain.stepFailed(WebUIKeywordMain.groovy:64)
	at com.kms.katalon.core.webui.keyword.internal.WebUIKeywordMain.runKeyword(WebUIKeywordMain.groovy:26)
	at com.kms.katalon.core.webui.keyword.builtin.VerifyTextPresentKeyword.verifyTextPresent(VerifyTextPresentKeyword.groovy:83)
	at com.kms.katalon.core.webui.keyword.builtin.VerifyTextPresentKeyword.execute(VerifyTextPresentKeyword.groovy:68)
	at com.kms.katalon.core.keyword.internal.KeywordExecutor.executeKeywordForPlatform(KeywordExecutor.groovy:74)
	at com.kms.katalon.core.webui.keyword.WebUiBuiltInKeywords.verifyTextPresent(WebUiBuiltInKeywords.groovy:1723)
	at com.kms.katalon.core.webui.keyword.WebUiBuiltInKeywords$verifyTextPresent$4.call(Unknown Source)
	at Sale_TP_AllCF_Generic_Payment_TC.run(Sale_TP_AllCF_Generic_Payment_TC:169)
	at com.kms.katalon.core.main.ScriptEngine.run(ScriptEngine.java:194)
	at com.kms.katalon.core.main.ScriptEngine.runScriptAsRawText(ScriptEngine.java:119)
	at com.kms.katalon.core.main.TestCaseExecutor.runScript(TestCaseExecutor.java:442)
	at com.kms.katalon.core.main.TestCaseExecutor.doExecute(TestCaseExecutor.java:433)
	at com.kms.katalon.core.main.TestCaseExecutor.processExecutionPhase(TestCaseExecutor.java:412)
	at com.kms.katalon.core.main.TestCaseExecutor.accessMainPhase(TestCaseExecutor.java:404)
	at com.kms.katalon.core.main.TestCaseExecutor.execute(TestCaseExecutor.java:281)
	at com.kms.katalon.core.main.TestSuiteExecutor.accessTestCaseMainPhase(TestSuiteExecutor.java:202)
	at com.kms.katalon.core.main.TestSuiteExecutor.accessTestSuiteMainPhase(TestSuiteExecutor.java:164)
	at com.kms.katalon.core.main.TestSuiteExecutor.execute(TestSuiteExecutor.java:105)
	at com.kms.katalon.core.main.TestCaseMain.startTestSuite(TestCaseMain.java:185)
	at com.kms.katalon.core.main.TestCaseMain$startTestSuite$0.call(Unknown Source)
	at TempTestSuite1656640997204.run(TempTestSuite1656640997204.groovy:36)
Caused by: org.openqa.selenium.WebDriverException: chrome not reachable
  (Session info: chrome=103.0.5060.66)
Build info: version: '3.141.59', revision: 'e82be7d358', time: '2018-11-14T08:25:53'
System info: host: 'DESKTOP-B2QI6NS', ip: '192.168.1.87', os.name: 'Windows 10', os.arch: 'amd64', os.version: '10.0', java.version: '1.8.0_181'
Driver info: com.kms.katalon.selenium.driver.CChromeDriver
Capabilities {acceptInsecureCerts: true, browserName: chrome, browserVersion: 103.0.5060.66, chrome: {chromedriverVersion: 103.0.5060.53 (a1711811edd7..., userDataDir: C:\Users\imtiaz\AppData\Loc...}, goog:chromeOptions: {debuggerAddress: localhost:55017}, javascriptEnabled: true, networkConnectionEnabled: false, pageLoadStrategy: normal, platform: WINDOWS, platformName: WINDOWS, proxy: Proxy(), setWindowRect: true, strictFileInteractability: false, timeouts: {implicit: 0, pageLoad: 300000, script: 30000}, unhandledPromptBehavior: dismiss and notify, webauthn:extension:credBlob: true, webauthn:extension:largeBlob: true, webauthn:virtualAuthenticators: true}
Session ID: efa2b9eb7928154ba23a0472bf5e7ff5
*** Element info: {Using=tag name, value=body}
	at org.openqa.selenium.remote.http.W3CHttpResponseCodec.createException(W3CHttpResponseCodec.java:187)
	at org.openqa.selenium.remote.http.W3CHttpResponseCodec.decode(W3CHttpResponseCodec.java:122)
	at org.openqa.selenium.remote.http.W3CHttpResponseCodec.decode(W3CHttpResponseCodec.java:49)
	at org.openqa.selenium.remote.HttpCommandExecutor.execute(HttpCommandExecutor.java:158)
	at org.openqa.selenium.remote.service.DriverCommandExecutor.execute(DriverCommandExecutor.java:83)
	at org.openqa.selenium.remote.RemoteWebDriver.execute(RemoteWebDriver.java:552)
	at com.kms.katalon.selenium.driver.CChromeDriver.execute(CChromeDriver.java:19)
	at org.openqa.selenium.remote.RemoteWebDriver.findElement(RemoteWebDriver.java:323)
	at org.openqa.selenium.remote.RemoteWebDriver.findElementByTagName(RemoteWebDriver.java:396)
	at org.openqa.selenium.By$ByTagName.findElement(By.java:320)
	at org.openqa.selenium.remote.RemoteWebDriver.findElement(RemoteWebDriver.java:315)
	at org.openqa.selenium.support.events.EventFiringWebDriver.lambda$new$1(EventFiringWebDriver.java:105)
	at com.sun.proxy.$Proxy10.findElement(Unknown Source)
	at org.openqa.selenium.support.events.EventFiringWebDriver.findElement(EventFiringWebDriver.java:194)
	at com.kms.katalon.core.webui.common.WebUiCommonHelper.isTextPresent(WebUiCommonHelper.java:86)
	at com.kms.katalon.core.webui.keyword.builtin.VerifyTextPresentKeyword$_verifyTextPresent_closure1.doCall(VerifyTextPresentKeyword.groovy:75)
	at com.kms.katalon.core.webui.keyword.builtin.VerifyTextPresentKeyword$_verifyTextPresent_closure1.call(VerifyTextPresentKeyword.groovy)
	at com.kms.katalon.core.webui.keyword.internal.WebUIKeywordMain.runKeyword(WebUIKeywordMain.groovy:20)
	at com.kms.katalon.core.webui.keyword.builtin.VerifyTextPresentKeyword.verifyTextPresent(VerifyTextPresentKeyword.groovy:83)
	at com.kms.katalon.core.webui.keyword.builtin.VerifyTextPresentKeyword.execute(VerifyTextPresentKeyword.groovy:68)
	at com.kms.katalon.core.keyword.internal.KeywordExecutor.executeKeywordForPlatform(KeywordExecutor.groovy:74)
	at com.kms.katalon.core.webui.keyword.WebUiBuiltInKeywords.verifyTextPresent(WebUiBuiltInKeywords.groovy:1723)
	at com.kms.katalon.core.webui.keyword.WebUiBuiltInKeywords$verifyTextPresent$4.call(Unknown Source)
	at Script1652205847657.run(Script1652205847657.groovy:169)
	... 13 more
)

2022-06-30 22:22:06 - [MESSAGE][WARNING] - Cannot take screenshot

2022-06-30 22:22:06 - [MESSAGE][FAILED] - Unable to verify text 'Amount' is present  using regular expression (Root cause: com.kms.katalon.core.exception.StepFailedException: Unable to verify text 'Amount' is present  using regular expression
	at com.kms.katalon.core.webui.keyword.internal.WebUIKeywordMain.stepFailed(WebUIKeywordMain.groovy:64)
	at com.kms.katalon.core.webui.keyword.internal.WebUIKeywordMain.runKeyword(WebUIKeywordMain.groovy:26)
	at com.kms.katalon.core.webui.keyword.builtin.VerifyTextPresentKeyword.verifyTextPresent(VerifyTextPresentKeyword.groovy:83)
	at com.kms.katalon.core.webui.keyword.builtin.VerifyTextPresentKeyword.execute(VerifyTextPresentKeyword.groovy:68)
	at com.kms.katalon.core.keyword.internal.KeywordExecutor.executeKeywordForPlatform(KeywordExecutor.groovy:74)
	at com.kms.katalon.core.webui.keyword.WebUiBuiltInKeywords.verifyTextPresent(WebUiBuiltInKeywords.groovy:1723)
	at com.kms.katalon.core.webui.keyword.WebUiBuiltInKeywords$verifyTextPresent$4.call(Unknown Source)
	at Sale_TP_AllCF_Generic_Payment_TC.run(Sale_TP_AllCF_Generic_Payment_TC:169)
	at com.kms.katalon.core.main.ScriptEngine.run(ScriptEngine.java:194)
	at com.kms.katalon.core.main.ScriptEngine.runScriptAsRawText(ScriptEngine.java:119)
	at com.kms.katalon.core.main.TestCaseExecutor.runScript(TestCaseExecutor.java:442)
	at com.kms.katalon.core.main.TestCaseExecutor.doExecute(TestCaseExecutor.java:433)
	at com.kms.katalon.core.main.TestCaseExecutor.processExecutionPhase(TestCaseExecutor.java:412)
	at com.kms.katalon.core.main.TestCaseExecutor.accessMainPhase(TestCaseExecutor.java:404)
	at com.kms.katalon.core.main.TestCaseExecutor.execute(TestCaseExecutor.java:281)
	at com.kms.katalon.core.main.TestSuiteExecutor.accessTestCaseMainPhase(TestSuiteExecutor.java:202)
	at com.kms.katalon.core.main.TestSuiteExecutor.accessTestSuiteMainPhase(TestSuiteExecutor.java:164)
	at com.kms.katalon.core.main.TestSuiteExecutor.execute(TestSuiteExecutor.java:105)
	at com.kms.katalon.core.main.TestCaseMain.startTestSuite(TestCaseMain.java:185)
	at com.kms.katalon.core.main.TestCaseMain$startTestSuite$0.call(Unknown Source)
	at TempTestSuite1656640997204.run(TempTestSuite1656640997204.groovy:36)
Caused by: org.openqa.selenium.WebDriverException: chrome not reachable
  (Session info: chrome=103.0.5060.66)
Build info: version: '3.141.59', revision: 'e82be7d358', time: '2018-11-14T08:25:53'
System info: host: 'DESKTOP-B2QI6NS', ip: '192.168.1.87', os.name: 'Windows 10', os.arch: 'amd64', os.version: '10.0', java.version: '1.8.0_181'
Driver info: com.kms.katalon.selenium.driver.CChromeDriver
Capabilities {acceptInsecureCerts: true, browserName: chrome, browserVersion: 103.0.5060.66, chrome: {chromedriverVersion: 103.0.5060.53 (a1711811edd7..., userDataDir: C:\Users\imtiaz\AppData\Loc...}, goog:chromeOptions: {debuggerAddress: localhost:55017}, javascriptEnabled: true, networkConnectionEnabled: false, pageLoadStrategy: normal, platform: WINDOWS, platformName: WINDOWS, proxy: Proxy(), setWindowRect: true, strictFileInteractability: false, timeouts: {implicit: 0, pageLoad: 300000, script: 30000}, unhandledPromptBehavior: dismiss and notify, webauthn:extension:credBlob: true, webauthn:extension:largeBlob: true, webauthn:virtualAuthenticators: true}
Session ID: efa2b9eb7928154ba23a0472bf5e7ff5
*** Element info: {Using=tag name, value=body}
	at org.openqa.selenium.remote.http.W3CHttpResponseCodec.createException(W3CHttpResponseCodec.java:187)
	at org.openqa.selenium.remote.http.W3CHttpResponseCodec.decode(W3CHttpResponseCodec.java:122)
	at org.openqa.selenium.remote.http.W3CHttpResponseCodec.decode(W3CHttpResponseCodec.java:49)
	at org.openqa.selenium.remote.HttpCommandExecutor.execute(HttpCommandExecutor.java:158)
	at org.openqa.selenium.remote.service.DriverCommandExecutor.execute(DriverCommandExecutor.java:83)
	at org.openqa.selenium.remote.RemoteWebDriver.execute(RemoteWebDriver.java:552)
	at com.kms.katalon.selenium.driver.CChromeDriver.execute(CChromeDriver.java:19)
	at org.openqa.selenium.remote.RemoteWebDriver.findElement(RemoteWebDriver.java:323)
	at org.openqa.selenium.remote.RemoteWebDriver.findElementByTagName(RemoteWebDriver.java:396)
	at org.openqa.selenium.By$ByTagName.findElement(By.java:320)
	at org.openqa.selenium.remote.RemoteWebDriver.findElement(RemoteWebDriver.java:315)
	at org.openqa.selenium.support.events.EventFiringWebDriver.lambda$new$1(EventFiringWebDriver.java:105)
	at com.sun.proxy.$Proxy10.findElement(Unknown Source)
	at org.openqa.selenium.support.events.EventFiringWebDriver.findElement(EventFiringWebDriver.java:194)
	at com.kms.katalon.core.webui.common.WebUiCommonHelper.isTextPresent(WebUiCommonHelper.java:86)
	at com.kms.katalon.core.webui.keyword.builtin.VerifyTextPresentKeyword$_verifyTextPresent_closure1.doCall(VerifyTextPresentKeyword.groovy:75)
	at com.kms.katalon.core.webui.keyword.builtin.VerifyTextPresentKeyword$_verifyTextPresent_closure1.call(VerifyTextPresentKeyword.groovy)
	at com.kms.katalon.core.webui.keyword.internal.WebUIKeywordMain.runKeyword(WebUIKeywordMain.groovy:20)
	at com.kms.katalon.core.webui.keyword.builtin.VerifyTextPresentKeyword.verifyTextPresent(VerifyTextPresentKeyword.groovy:83)
	at com.kms.katalon.core.webui.keyword.builtin.VerifyTextPresentKeyword.execute(VerifyTextPresentKeyword.groovy:68)
	at com.kms.katalon.core.keyword.internal.KeywordExecutor.executeKeywordForPlatform(KeywordExecutor.groovy:74)
	at com.kms.katalon.core.webui.keyword.WebUiBuiltInKeywords.verifyTextPresent(WebUiBuiltInKeywords.groovy:1723)
	at com.kms.katalon.core.webui.keyword.WebUiBuiltInKeywords$verifyTextPresent$4.call(Unknown Source)
	at Script1652205847657.run(Script1652205847657.groovy:169)
	... 13 more
)

2022-06-30 22:22:06 - [TEST_STEP][FAILED] - verifyTextPresent("2.50", true): Unable to verify text '2.50' is present  using regular expression (Root cause: com.kms.katalon.core.exception.StepFailedException: Unable to verify text '2.50' is present  using regular expression
	at com.kms.katalon.core.webui.keyword.internal.WebUIKeywordMain.stepFailed(WebUIKeywordMain.groovy:64)
	at com.kms.katalon.core.webui.keyword.internal.WebUIKeywordMain.runKeyword(WebUIKeywordMain.groovy:26)
	at com.kms.katalon.core.webui.keyword.builtin.VerifyTextPresentKeyword.verifyTextPresent(VerifyTextPresentKeyword.groovy:83)
	at com.kms.katalon.core.webui.keyword.builtin.VerifyTextPresentKeyword.execute(VerifyTextPresentKeyword.groovy:68)
	at com.kms.katalon.core.keyword.internal.KeywordExecutor.executeKeywordForPlatform(KeywordExecutor.groovy:74)
	at com.kms.katalon.core.webui.keyword.WebUiBuiltInKeywords.verifyTextPresent(WebUiBuiltInKeywords.groovy:1723)
	at com.kms.katalon.core.webui.keyword.WebUiBuiltInKeywords$verifyTextPresent$4.call(Unknown Source)
	at Sale_TP_AllCF_Generic_Payment_TC.run(Sale_TP_AllCF_Generic_Payment_TC:170)
	at com.kms.katalon.core.main.ScriptEngine.run(ScriptEngine.java:194)
	at com.kms.katalon.core.main.ScriptEngine.runScriptAsRawText(ScriptEngine.java:119)
	at com.kms.katalon.core.main.TestCaseExecutor.runScript(TestCaseExecutor.java:442)
	at com.kms.katalon.core.main.TestCaseExecutor.doExecute(TestCaseExecutor.java:433)
	at com.kms.katalon.core.main.TestCaseExecutor.processExecutionPhase(TestCaseExecutor.java:412)
	at com.kms.katalon.core.main.TestCaseExecutor.accessMainPhase(TestCaseExecutor.java:404)
	at com.kms.katalon.core.main.TestCaseExecutor.execute(TestCaseExecutor.java:281)
	at com.kms.katalon.core.main.TestSuiteExecutor.accessTestCaseMainPhase(TestSuiteExecutor.java:202)
	at com.kms.katalon.core.main.TestSuiteExecutor.accessTestSuiteMainPhase(TestSuiteExecutor.java:164)
	at com.kms.katalon.core.main.TestSuiteExecutor.execute(TestSuiteExecutor.java:105)
	at com.kms.katalon.core.main.TestCaseMain.startTestSuite(TestCaseMain.java:185)
	at com.kms.katalon.core.main.TestCaseMain$startTestSuite$0.call(Unknown Source)
	at TempTestSuite1656640997204.run(TempTestSuite1656640997204.groovy:36)
Caused by: org.openqa.selenium.WebDriverException: chrome not reachable
  (Session info: chrome=103.0.5060.66)
Build info: version: '3.141.59', revision: 'e82be7d358', time: '2018-11-14T08:25:53'
System info: host: 'DESKTOP-B2QI6NS', ip: '192.168.1.87', os.name: 'Windows 10', os.arch: 'amd64', os.version: '10.0', java.version: '1.8.0_181'
Driver info: com.kms.katalon.selenium.driver.CChromeDriver
Capabilities {acceptInsecureCerts: true, browserName: chrome, browserVersion: 103.0.5060.66, chrome: {chromedriverVersion: 103.0.5060.53 (a1711811edd7..., userDataDir: C:\Users\imtiaz\AppData\Loc...}, goog:chromeOptions: {debuggerAddress: localhost:55017}, javascriptEnabled: true, networkConnectionEnabled: false, pageLoadStrategy: normal, platform: WINDOWS, platformName: WINDOWS, proxy: Proxy(), setWindowRect: true, strictFileInteractability: false, timeouts: {implicit: 0, pageLoad: 300000, script: 30000}, unhandledPromptBehavior: dismiss and notify, webauthn:extension:credBlob: true, webauthn:extension:largeBlob: true, webauthn:virtualAuthenticators: true}
Session ID: efa2b9eb7928154ba23a0472bf5e7ff5
*** Element info: {Using=tag name, value=body}
	at org.openqa.selenium.remote.http.W3CHttpResponseCodec.createException(W3CHttpResponseCodec.java:187)
	at org.openqa.selenium.remote.http.W3CHttpResponseCodec.decode(W3CHttpResponseCodec.java:122)
	at org.openqa.selenium.remote.http.W3CHttpResponseCodec.decode(W3CHttpResponseCodec.java:49)
	at org.openqa.selenium.remote.HttpCommandExecutor.execute(HttpCommandExecutor.java:158)
	at org.openqa.selenium.remote.service.DriverCommandExecutor.execute(DriverCommandExecutor.java:83)
	at org.openqa.selenium.remote.RemoteWebDriver.execute(RemoteWebDriver.java:552)
	at com.kms.katalon.selenium.driver.CChromeDriver.execute(CChromeDriver.java:19)
	at org.openqa.selenium.remote.RemoteWebDriver.findElement(RemoteWebDriver.java:323)
	at org.openqa.selenium.remote.RemoteWebDriver.findElementByTagName(RemoteWebDriver.java:396)
	at org.openqa.selenium.By$ByTagName.findElement(By.java:320)
	at org.openqa.selenium.remote.RemoteWebDriver.findElement(RemoteWebDriver.java:315)
	at org.openqa.selenium.support.events.EventFiringWebDriver.lambda$new$1(EventFiringWebDriver.java:105)
	at com.sun.proxy.$Proxy10.findElement(Unknown Source)
	at org.openqa.selenium.support.events.EventFiringWebDriver.findElement(EventFiringWebDriver.java:194)
	at com.kms.katalon.core.webui.common.WebUiCommonHelper.isTextPresent(WebUiCommonHelper.java:86)
	at com.kms.katalon.core.webui.keyword.builtin.VerifyTextPresentKeyword$_verifyTextPresent_closure1.doCall(VerifyTextPresentKeyword.groovy:75)
	at com.kms.katalon.core.webui.keyword.builtin.VerifyTextPresentKeyword$_verifyTextPresent_closure1.call(VerifyTextPresentKeyword.groovy)
	at com.kms.katalon.core.webui.keyword.internal.WebUIKeywordMain.runKeyword(WebUIKeywordMain.groovy:20)
	at com.kms.katalon.core.webui.keyword.builtin.VerifyTextPresentKeyword.verifyTextPresent(VerifyTextPresentKeyword.groovy:83)
	at com.kms.katalon.core.webui.keyword.builtin.VerifyTextPresentKeyword.execute(VerifyTextPresentKeyword.groovy:68)
	at com.kms.katalon.core.keyword.internal.KeywordExecutor.executeKeywordForPlatform(KeywordExecutor.groovy:74)
	at com.kms.katalon.core.webui.keyword.WebUiBuiltInKeywords.verifyTextPresent(WebUiBuiltInKeywords.groovy:1723)
	at com.kms.katalon.core.webui.keyword.WebUiBuiltInKeywords$verifyTextPresent$4.call(Unknown Source)
	at Script1652205847657.run(Script1652205847657.groovy:170)
	... 13 more
)

2022-06-30 22:22:18 - [MESSAGE][WARNING] - Cannot take screenshot

2022-06-30 22:22:18 - [MESSAGE][FAILED] - Unable to verify text '2.50' is present  using regular expression (Root cause: com.kms.katalon.core.exception.StepFailedException: Unable to verify text '2.50' is present  using regular expression
	at com.kms.katalon.core.webui.keyword.internal.WebUIKeywordMain.stepFailed(WebUIKeywordMain.groovy:64)
	at com.kms.katalon.core.webui.keyword.internal.WebUIKeywordMain.runKeyword(WebUIKeywordMain.groovy:26)
	at com.kms.katalon.core.webui.keyword.builtin.VerifyTextPresentKeyword.verifyTextPresent(VerifyTextPresentKeyword.groovy:83)
	at com.kms.katalon.core.webui.keyword.builtin.VerifyTextPresentKeyword.execute(VerifyTextPresentKeyword.groovy:68)
	at com.kms.katalon.core.keyword.internal.KeywordExecutor.executeKeywordForPlatform(KeywordExecutor.groovy:74)
	at com.kms.katalon.core.webui.keyword.WebUiBuiltInKeywords.verifyTextPresent(WebUiBuiltInKeywords.groovy:1723)
	at com.kms.katalon.core.webui.keyword.WebUiBuiltInKeywords$verifyTextPresent$4.call(Unknown Source)
	at Sale_TP_AllCF_Generic_Payment_TC.run(Sale_TP_AllCF_Generic_Payment_TC:170)
	at com.kms.katalon.core.main.ScriptEngine.run(ScriptEngine.java:194)
	at com.kms.katalon.core.main.ScriptEngine.runScriptAsRawText(ScriptEngine.java:119)
	at com.kms.katalon.core.main.TestCaseExecutor.runScript(TestCaseExecutor.java:442)
	at com.kms.katalon.core.main.TestCaseExecutor.doExecute(TestCaseExecutor.java:433)
	at com.kms.katalon.core.main.TestCaseExecutor.processExecutionPhase(TestCaseExecutor.java:412)
	at com.kms.katalon.core.main.TestCaseExecutor.accessMainPhase(TestCaseExecutor.java:404)
	at com.kms.katalon.core.main.TestCaseExecutor.execute(TestCaseExecutor.java:281)
	at com.kms.katalon.core.main.TestSuiteExecutor.accessTestCaseMainPhase(TestSuiteExecutor.java:202)
	at com.kms.katalon.core.main.TestSuiteExecutor.accessTestSuiteMainPhase(TestSuiteExecutor.java:164)
	at com.kms.katalon.core.main.TestSuiteExecutor.execute(TestSuiteExecutor.java:105)
	at com.kms.katalon.core.main.TestCaseMain.startTestSuite(TestCaseMain.java:185)
	at com.kms.katalon.core.main.TestCaseMain$startTestSuite$0.call(Unknown Source)
	at TempTestSuite1656640997204.run(TempTestSuite1656640997204.groovy:36)
Caused by: org.openqa.selenium.WebDriverException: chrome not reachable
  (Session info: chrome=103.0.5060.66)
Build info: version: '3.141.59', revision: 'e82be7d358', time: '2018-11-14T08:25:53'
System info: host: 'DESKTOP-B2QI6NS', ip: '192.168.1.87', os.name: 'Windows 10', os.arch: 'amd64', os.version: '10.0', java.version: '1.8.0_181'
Driver info: com.kms.katalon.selenium.driver.CChromeDriver
Capabilities {acceptInsecureCerts: true, browserName: chrome, browserVersion: 103.0.5060.66, chrome: {chromedriverVersion: 103.0.5060.53 (a1711811edd7..., userDataDir: C:\Users\imtiaz\AppData\Loc...}, goog:chromeOptions: {debuggerAddress: localhost:55017}, javascriptEnabled: true, networkConnectionEnabled: false, pageLoadStrategy: normal, platform: WINDOWS, platformName: WINDOWS, proxy: Proxy(), setWindowRect: true, strictFileInteractability: false, timeouts: {implicit: 0, pageLoad: 300000, script: 30000}, unhandledPromptBehavior: dismiss and notify, webauthn:extension:credBlob: true, webauthn:extension:largeBlob: true, webauthn:virtualAuthenticators: true}
Session ID: efa2b9eb7928154ba23a0472bf5e7ff5
*** Element info: {Using=tag name, value=body}
	at org.openqa.selenium.remote.http.W3CHttpResponseCodec.createException(W3CHttpResponseCodec.java:187)
	at org.openqa.selenium.remote.http.W3CHttpResponseCodec.decode(W3CHttpResponseCodec.java:122)
	at org.openqa.selenium.remote.http.W3CHttpResponseCodec.decode(W3CHttpResponseCodec.java:49)
	at org.openqa.selenium.remote.HttpCommandExecutor.execute(HttpCommandExecutor.java:158)
	at org.openqa.selenium.remote.service.DriverCommandExecutor.execute(DriverCommandExecutor.java:83)
	at org.openqa.selenium.remote.RemoteWebDriver.execute(RemoteWebDriver.java:552)
	at com.kms.katalon.selenium.driver.CChromeDriver.execute(CChromeDriver.java:19)
	at org.openqa.selenium.remote.RemoteWebDriver.findElement(RemoteWebDriver.java:323)
	at org.openqa.selenium.remote.RemoteWebDriver.findElementByTagName(RemoteWebDriver.java:396)
	at org.openqa.selenium.By$ByTagName.findElement(By.java:320)
	at org.openqa.selenium.remote.RemoteWebDriver.findElement(RemoteWebDriver.java:315)
	at org.openqa.selenium.support.events.EventFiringWebDriver.lambda$new$1(EventFiringWebDriver.java:105)
	at com.sun.proxy.$Proxy10.findElement(Unknown Source)
	at org.openqa.selenium.support.events.EventFiringWebDriver.findElement(EventFiringWebDriver.java:194)
	at com.kms.katalon.core.webui.common.WebUiCommonHelper.isTextPresent(WebUiCommonHelper.java:86)
	at com.kms.katalon.core.webui.keyword.builtin.VerifyTextPresentKeyword$_verifyTextPresent_closure1.doCall(VerifyTextPresentKeyword.groovy:75)
	at com.kms.katalon.core.webui.keyword.builtin.VerifyTextPresentKeyword$_verifyTextPresent_closure1.call(VerifyTextPresentKeyword.groovy)
	at com.kms.katalon.core.webui.keyword.internal.WebUIKeywordMain.runKeyword(WebUIKeywordMain.groovy:20)
	at com.kms.katalon.core.webui.keyword.builtin.VerifyTextPresentKeyword.verifyTextPresent(VerifyTextPresentKeyword.groovy:83)
	at com.kms.katalon.core.webui.keyword.builtin.VerifyTextPresentKeyword.execute(VerifyTextPresentKeyword.groovy:68)
	at com.kms.katalon.core.keyword.internal.KeywordExecutor.executeKeywordForPlatform(KeywordExecutor.groovy:74)
	at com.kms.katalon.core.webui.keyword.WebUiBuiltInKeywords.verifyTextPresent(WebUiBuiltInKeywords.groovy:1723)
	at com.kms.katalon.core.webui.keyword.WebUiBuiltInKeywords$verifyTextPresent$4.call(Unknown Source)
	at Script1652205847657.run(Script1652205847657.groovy:170)
	... 13 more
)

2022-06-30 22:22:18 - [TEST_STEP][FAILED] - verifyTextPresent("Authorization and Capture", true): Unable to verify text 'Authorization and Capture' is present  using regular expression (Root cause: com.kms.katalon.core.exception.StepFailedException: Unable to verify text 'Authorization and Capture' is present  using regular expression
	at com.kms.katalon.core.webui.keyword.internal.WebUIKeywordMain.stepFailed(WebUIKeywordMain.groovy:64)
	at com.kms.katalon.core.webui.keyword.internal.WebUIKeywordMain.runKeyword(WebUIKeywordMain.groovy:26)
	at com.kms.katalon.core.webui.keyword.builtin.VerifyTextPresentKeyword.verifyTextPresent(VerifyTextPresentKeyword.groovy:83)
	at com.kms.katalon.core.webui.keyword.builtin.VerifyTextPresentKeyword.execute(VerifyTextPresentKeyword.groovy:68)
	at com.kms.katalon.core.keyword.internal.KeywordExecutor.executeKeywordForPlatform(KeywordExecutor.groovy:74)
	at com.kms.katalon.core.webui.keyword.WebUiBuiltInKeywords.verifyTextPresent(WebUiBuiltInKeywords.groovy:1723)
	at com.kms.katalon.core.webui.keyword.WebUiBuiltInKeywords$verifyTextPresent$4.call(Unknown Source)
	at Sale_TP_AllCF_Generic_Payment_TC.run(Sale_TP_AllCF_Generic_Payment_TC:171)
	at com.kms.katalon.core.main.ScriptEngine.run(ScriptEngine.java:194)
	at com.kms.katalon.core.main.ScriptEngine.runScriptAsRawText(ScriptEngine.java:119)
	at com.kms.katalon.core.main.TestCaseExecutor.runScript(TestCaseExecutor.java:442)
	at com.kms.katalon.core.main.TestCaseExecutor.doExecute(TestCaseExecutor.java:433)
	at com.kms.katalon.core.main.TestCaseExecutor.processExecutionPhase(TestCaseExecutor.java:412)
	at com.kms.katalon.core.main.TestCaseExecutor.accessMainPhase(TestCaseExecutor.java:404)
	at com.kms.katalon.core.main.TestCaseExecutor.execute(TestCaseExecutor.java:281)
	at com.kms.katalon.core.main.TestSuiteExecutor.accessTestCaseMainPhase(TestSuiteExecutor.java:202)
	at com.kms.katalon.core.main.TestSuiteExecutor.accessTestSuiteMainPhase(TestSuiteExecutor.java:164)
	at com.kms.katalon.core.main.TestSuiteExecutor.execute(TestSuiteExecutor.java:105)
	at com.kms.katalon.core.main.TestCaseMain.startTestSuite(TestCaseMain.java:185)
	at com.kms.katalon.core.main.TestCaseMain$startTestSuite$0.call(Unknown Source)
	at TempTestSuite1656640997204.run(TempTestSuite1656640997204.groovy:36)
Caused by: org.openqa.selenium.WebDriverException: chrome not reachable
  (Session info: chrome=103.0.5060.66)
Build info: version: '3.141.59', revision: 'e82be7d358', time: '2018-11-14T08:25:53'
System info: host: 'DESKTOP-B2QI6NS', ip: '192.168.1.87', os.name: 'Windows 10', os.arch: 'amd64', os.version: '10.0', java.version: '1.8.0_181'
Driver info: com.kms.katalon.selenium.driver.CChromeDriver
Capabilities {acceptInsecureCerts: true, browserName: chrome, browserVersion: 103.0.5060.66, chrome: {chromedriverVersion: 103.0.5060.53 (a1711811edd7..., userDataDir: C:\Users\imtiaz\AppData\Loc...}, goog:chromeOptions: {debuggerAddress: localhost:55017}, javascriptEnabled: true, networkConnectionEnabled: false, pageLoadStrategy: normal, platform: WINDOWS, platformName: WINDOWS, proxy: Proxy(), setWindowRect: true, strictFileInteractability: false, timeouts: {implicit: 0, pageLoad: 300000, script: 30000}, unhandledPromptBehavior: dismiss and notify, webauthn:extension:credBlob: true, webauthn:extension:largeBlob: true, webauthn:virtualAuthenticators: true}
Session ID: efa2b9eb7928154ba23a0472bf5e7ff5
*** Element info: {Using=tag name, value=body}
	at org.openqa.selenium.remote.http.W3CHttpResponseCodec.createException(W3CHttpResponseCodec.java:187)
	at org.openqa.selenium.remote.http.W3CHttpResponseCodec.decode(W3CHttpResponseCodec.java:122)
	at org.openqa.selenium.remote.http.W3CHttpResponseCodec.decode(W3CHttpResponseCodec.java:49)
	at org.openqa.selenium.remote.HttpCommandExecutor.execute(HttpCommandExecutor.java:158)
	at org.openqa.selenium.remote.service.DriverCommandExecutor.execute(DriverCommandExecutor.java:83)
	at org.openqa.selenium.remote.RemoteWebDriver.execute(RemoteWebDriver.java:552)
	at com.kms.katalon.selenium.driver.CChromeDriver.execute(CChromeDriver.java:19)
	at org.openqa.selenium.remote.RemoteWebDriver.findElement(RemoteWebDriver.java:323)
	at org.openqa.selenium.remote.RemoteWebDriver.findElementByTagName(RemoteWebDriver.java:396)
	at org.openqa.selenium.By$ByTagName.findElement(By.java:320)
	at org.openqa.selenium.remote.RemoteWebDriver.findElement(RemoteWebDriver.java:315)
	at org.openqa.selenium.support.events.EventFiringWebDriver.lambda$new$1(EventFiringWebDriver.java:105)
	at com.sun.proxy.$Proxy10.findElement(Unknown Source)
	at org.openqa.selenium.support.events.EventFiringWebDriver.findElement(EventFiringWebDriver.java:194)
	at com.kms.katalon.core.webui.common.WebUiCommonHelper.isTextPresent(WebUiCommonHelper.java:86)
	at com.kms.katalon.core.webui.keyword.builtin.VerifyTextPresentKeyword$_verifyTextPresent_closure1.doCall(VerifyTextPresentKeyword.groovy:75)
	at com.kms.katalon.core.webui.keyword.builtin.VerifyTextPresentKeyword$_verifyTextPresent_closure1.call(VerifyTextPresentKeyword.groovy)
	at com.kms.katalon.core.webui.keyword.internal.WebUIKeywordMain.runKeyword(WebUIKeywordMain.groovy:20)
	at com.kms.katalon.core.webui.keyword.builtin.VerifyTextPresentKeyword.verifyTextPresent(VerifyTextPresentKeyword.groovy:83)
	at com.kms.katalon.core.webui.keyword.builtin.VerifyTextPresentKeyword.execute(VerifyTextPresentKeyword.groovy:68)
	at com.kms.katalon.core.keyword.internal.KeywordExecutor.executeKeywordForPlatform(KeywordExecutor.groovy:74)
	at com.kms.katalon.core.webui.keyword.WebUiBuiltInKeywords.verifyTextPresent(WebUiBuiltInKeywords.groovy:1723)
	at com.kms.katalon.core.webui.keyword.WebUiBuiltInKeywords$verifyTextPresent$4.call(Unknown Source)
	at Script1652205847657.run(Script1652205847657.groovy:171)
	... 13 more
)

2022-06-30 22:22:30 - [MESSAGE][WARNING] - Cannot take screenshot

2022-06-30 22:22:30 - [MESSAGE][FAILED] - Unable to verify text 'Authorization and Capture' is present  using regular expression (Root cause: com.kms.katalon.core.exception.StepFailedException: Unable to verify text 'Authorization and Capture' is present  using regular expression
	at com.kms.katalon.core.webui.keyword.internal.WebUIKeywordMain.stepFailed(WebUIKeywordMain.groovy:64)
	at com.kms.katalon.core.webui.keyword.internal.WebUIKeywordMain.runKeyword(WebUIKeywordMain.groovy:26)
	at com.kms.katalon.core.webui.keyword.builtin.VerifyTextPresentKeyword.verifyTextPresent(VerifyTextPresentKeyword.groovy:83)
	at com.kms.katalon.core.webui.keyword.builtin.VerifyTextPresentKeyword.execute(VerifyTextPresentKeyword.groovy:68)
	at com.kms.katalon.core.keyword.internal.KeywordExecutor.executeKeywordForPlatform(KeywordExecutor.groovy:74)
	at com.kms.katalon.core.webui.keyword.WebUiBuiltInKeywords.verifyTextPresent(WebUiBuiltInKeywords.groovy:1723)
	at com.kms.katalon.core.webui.keyword.WebUiBuiltInKeywords$verifyTextPresent$4.call(Unknown Source)
	at Sale_TP_AllCF_Generic_Payment_TC.run(Sale_TP_AllCF_Generic_Payment_TC:171)
	at com.kms.katalon.core.main.ScriptEngine.run(ScriptEngine.java:194)
	at com.kms.katalon.core.main.ScriptEngine.runScriptAsRawText(ScriptEngine.java:119)
	at com.kms.katalon.core.main.TestCaseExecutor.runScript(TestCaseExecutor.java:442)
	at com.kms.katalon.core.main.TestCaseExecutor.doExecute(TestCaseExecutor.java:433)
	at com.kms.katalon.core.main.TestCaseExecutor.processExecutionPhase(TestCaseExecutor.java:412)
	at com.kms.katalon.core.main.TestCaseExecutor.accessMainPhase(TestCaseExecutor.java:404)
	at com.kms.katalon.core.main.TestCaseExecutor.execute(TestCaseExecutor.java:281)
	at com.kms.katalon.core.main.TestSuiteExecutor.accessTestCaseMainPhase(TestSuiteExecutor.java:202)
	at com.kms.katalon.core.main.TestSuiteExecutor.accessTestSuiteMainPhase(TestSuiteExecutor.java:164)
	at com.kms.katalon.core.main.TestSuiteExecutor.execute(TestSuiteExecutor.java:105)
	at com.kms.katalon.core.main.TestCaseMain.startTestSuite(TestCaseMain.java:185)
	at com.kms.katalon.core.main.TestCaseMain$startTestSuite$0.call(Unknown Source)
	at TempTestSuite1656640997204.run(TempTestSuite1656640997204.groovy:36)
Caused by: org.openqa.selenium.WebDriverException: chrome not reachable
  (Session info: chrome=103.0.5060.66)
Build info: version: '3.141.59', revision: 'e82be7d358', time: '2018-11-14T08:25:53'
System info: host: 'DESKTOP-B2QI6NS', ip: '192.168.1.87', os.name: 'Windows 10', os.arch: 'amd64', os.version: '10.0', java.version: '1.8.0_181'
Driver info: com.kms.katalon.selenium.driver.CChromeDriver
Capabilities {acceptInsecureCerts: true, browserName: chrome, browserVersion: 103.0.5060.66, chrome: {chromedriverVersion: 103.0.5060.53 (a1711811edd7..., userDataDir: C:\Users\imtiaz\AppData\Loc...}, goog:chromeOptions: {debuggerAddress: localhost:55017}, javascriptEnabled: true, networkConnectionEnabled: false, pageLoadStrategy: normal, platform: WINDOWS, platformName: WINDOWS, proxy: Proxy(), setWindowRect: true, strictFileInteractability: false, timeouts: {implicit: 0, pageLoad: 300000, script: 30000}, unhandledPromptBehavior: dismiss and notify, webauthn:extension:credBlob: true, webauthn:extension:largeBlob: true, webauthn:virtualAuthenticators: true}
Session ID: efa2b9eb7928154ba23a0472bf5e7ff5
*** Element info: {Using=tag name, value=body}
	at org.openqa.selenium.remote.http.W3CHttpResponseCodec.createException(W3CHttpResponseCodec.java:187)
	at org.openqa.selenium.remote.http.W3CHttpResponseCodec.decode(W3CHttpResponseCodec.java:122)
	at org.openqa.selenium.remote.http.W3CHttpResponseCodec.decode(W3CHttpResponseCodec.java:49)
	at org.openqa.selenium.remote.HttpCommandExecutor.execute(HttpCommandExecutor.java:158)
	at org.openqa.selenium.remote.service.DriverCommandExecutor.execute(DriverCommandExecutor.java:83)
	at org.openqa.selenium.remote.RemoteWebDriver.execute(RemoteWebDriver.java:552)
	at com.kms.katalon.selenium.driver.CChromeDriver.execute(CChromeDriver.java:19)
	at org.openqa.selenium.remote.RemoteWebDriver.findElement(RemoteWebDriver.java:323)
	at org.openqa.selenium.remote.RemoteWebDriver.findElementByTagName(RemoteWebDriver.java:396)
	at org.openqa.selenium.By$ByTagName.findElement(By.java:320)
	at org.openqa.selenium.remote.RemoteWebDriver.findElement(RemoteWebDriver.java:315)
	at org.openqa.selenium.support.events.EventFiringWebDriver.lambda$new$1(EventFiringWebDriver.java:105)
	at com.sun.proxy.$Proxy10.findElement(Unknown Source)
	at org.openqa.selenium.support.events.EventFiringWebDriver.findElement(EventFiringWebDriver.java:194)
	at com.kms.katalon.core.webui.common.WebUiCommonHelper.isTextPresent(WebUiCommonHelper.java:86)
	at com.kms.katalon.core.webui.keyword.builtin.VerifyTextPresentKeyword$_verifyTextPresent_closure1.doCall(VerifyTextPresentKeyword.groovy:75)
	at com.kms.katalon.core.webui.keyword.builtin.VerifyTextPresentKeyword$_verifyTextPresent_closure1.call(VerifyTextPresentKeyword.groovy)
	at com.kms.katalon.core.webui.keyword.internal.WebUIKeywordMain.runKeyword(WebUIKeywordMain.groovy:20)
	at com.kms.katalon.core.webui.keyword.builtin.VerifyTextPresentKeyword.verifyTextPresent(VerifyTextPresentKeyword.groovy:83)
	at com.kms.katalon.core.webui.keyword.builtin.VerifyTextPresentKeyword.execute(VerifyTextPresentKeyword.groovy:68)
	at com.kms.katalon.core.keyword.internal.KeywordExecutor.executeKeywordForPlatform(KeywordExecutor.groovy:74)
	at com.kms.katalon.core.webui.keyword.WebUiBuiltInKeywords.verifyTextPresent(WebUiBuiltInKeywords.groovy:1723)
	at com.kms.katalon.core.webui.keyword.WebUiBuiltInKeywords$verifyTextPresent$4.call(Unknown Source)
	at Script1652205847657.run(Script1652205847657.groovy:171)
	... 13 more
)

2022-06-30 22:22:30 - [TEST_STEP][FAILED] - verifyTextPresent("Card Information", true): Unable to verify text 'Card Information' is present  using regular expression (Root cause: com.kms.katalon.core.exception.StepFailedException: Unable to verify text 'Card Information' is present  using regular expression
	at com.kms.katalon.core.webui.keyword.internal.WebUIKeywordMain.stepFailed(WebUIKeywordMain.groovy:64)
	at com.kms.katalon.core.webui.keyword.internal.WebUIKeywordMain.runKeyword(WebUIKeywordMain.groovy:26)
	at com.kms.katalon.core.webui.keyword.builtin.VerifyTextPresentKeyword.verifyTextPresent(VerifyTextPresentKeyword.groovy:83)
	at com.kms.katalon.core.webui.keyword.builtin.VerifyTextPresentKeyword.execute(VerifyTextPresentKeyword.groovy:68)
	at com.kms.katalon.core.keyword.internal.KeywordExecutor.executeKeywordForPlatform(KeywordExecutor.groovy:74)
	at com.kms.katalon.core.webui.keyword.WebUiBuiltInKeywords.verifyTextPresent(WebUiBuiltInKeywords.groovy:1723)
	at com.kms.katalon.core.webui.keyword.WebUiBuiltInKeywords$verifyTextPresent$4.call(Unknown Source)
	at Sale_TP_AllCF_Generic_Payment_TC.run(Sale_TP_AllCF_Generic_Payment_TC:172)
	at com.kms.katalon.core.main.ScriptEngine.run(ScriptEngine.java:194)
	at com.kms.katalon.core.main.ScriptEngine.runScriptAsRawText(ScriptEngine.java:119)
	at com.kms.katalon.core.main.TestCaseExecutor.runScript(TestCaseExecutor.java:442)
	at com.kms.katalon.core.main.TestCaseExecutor.doExecute(TestCaseExecutor.java:433)
	at com.kms.katalon.core.main.TestCaseExecutor.processExecutionPhase(TestCaseExecutor.java:412)
	at com.kms.katalon.core.main.TestCaseExecutor.accessMainPhase(TestCaseExecutor.java:404)
	at com.kms.katalon.core.main.TestCaseExecutor.execute(TestCaseExecutor.java:281)
	at com.kms.katalon.core.main.TestSuiteExecutor.accessTestCaseMainPhase(TestSuiteExecutor.java:202)
	at com.kms.katalon.core.main.TestSuiteExecutor.accessTestSuiteMainPhase(TestSuiteExecutor.java:164)
	at com.kms.katalon.core.main.TestSuiteExecutor.execute(TestSuiteExecutor.java:105)
	at com.kms.katalon.core.main.TestCaseMain.startTestSuite(TestCaseMain.java:185)
	at com.kms.katalon.core.main.TestCaseMain$startTestSuite$0.call(Unknown Source)
	at TempTestSuite1656640997204.run(TempTestSuite1656640997204.groovy:36)
Caused by: org.openqa.selenium.WebDriverException: chrome not reachable
  (Session info: chrome=103.0.5060.66)
Build info: version: '3.141.59', revision: 'e82be7d358', time: '2018-11-14T08:25:53'
System info: host: 'DESKTOP-B2QI6NS', ip: '192.168.1.87', os.name: 'Windows 10', os.arch: 'amd64', os.version: '10.0', java.version: '1.8.0_181'
Driver info: com.kms.katalon.selenium.driver.CChromeDriver
Capabilities {acceptInsecureCerts: true, browserName: chrome, browserVersion: 103.0.5060.66, chrome: {chromedriverVersion: 103.0.5060.53 (a1711811edd7..., userDataDir: C:\Users\imtiaz\AppData\Loc...}, goog:chromeOptions: {debuggerAddress: localhost:55017}, javascriptEnabled: true, networkConnectionEnabled: false, pageLoadStrategy: normal, platform: WINDOWS, platformName: WINDOWS, proxy: Proxy(), setWindowRect: true, strictFileInteractability: false, timeouts: {implicit: 0, pageLoad: 300000, script: 30000}, unhandledPromptBehavior: dismiss and notify, webauthn:extension:credBlob: true, webauthn:extension:largeBlob: true, webauthn:virtualAuthenticators: true}
Session ID: efa2b9eb7928154ba23a0472bf5e7ff5
*** Element info: {Using=tag name, value=body}
	at org.openqa.selenium.remote.http.W3CHttpResponseCodec.createException(W3CHttpResponseCodec.java:187)
	at org.openqa.selenium.remote.http.W3CHttpResponseCodec.decode(W3CHttpResponseCodec.java:122)
	at org.openqa.selenium.remote.http.W3CHttpResponseCodec.decode(W3CHttpResponseCodec.java:49)
	at org.openqa.selenium.remote.HttpCommandExecutor.execute(HttpCommandExecutor.java:158)
	at org.openqa.selenium.remote.service.DriverCommandExecutor.execute(DriverCommandExecutor.java:83)
	at org.openqa.selenium.remote.RemoteWebDriver.execute(RemoteWebDriver.java:552)
	at com.kms.katalon.selenium.driver.CChromeDriver.execute(CChromeDriver.java:19)
	at org.openqa.selenium.remote.RemoteWebDriver.findElement(RemoteWebDriver.java:323)
	at org.openqa.selenium.remote.RemoteWebDriver.findElementByTagName(RemoteWebDriver.java:396)
	at org.openqa.selenium.By$ByTagName.findElement(By.java:320)
	at org.openqa.selenium.remote.RemoteWebDriver.findElement(RemoteWebDriver.java:315)
	at org.openqa.selenium.support.events.EventFiringWebDriver.lambda$new$1(EventFiringWebDriver.java:105)
	at com.sun.proxy.$Proxy10.findElement(Unknown Source)
	at org.openqa.selenium.support.events.EventFiringWebDriver.findElement(EventFiringWebDriver.java:194)
	at com.kms.katalon.core.webui.common.WebUiCommonHelper.isTextPresent(WebUiCommonHelper.java:86)
	at com.kms.katalon.core.webui.keyword.builtin.VerifyTextPresentKeyword$_verifyTextPresent_closure1.doCall(VerifyTextPresentKeyword.groovy:75)
	at com.kms.katalon.core.webui.keyword.builtin.VerifyTextPresentKeyword$_verifyTextPresent_closure1.call(VerifyTextPresentKeyword.groovy)
	at com.kms.katalon.core.webui.keyword.internal.WebUIKeywordMain.runKeyword(WebUIKeywordMain.groovy:20)
	at com.kms.katalon.core.webui.keyword.builtin.VerifyTextPresentKeyword.verifyTextPresent(VerifyTextPresentKeyword.groovy:83)
	at com.kms.katalon.core.webui.keyword.builtin.VerifyTextPresentKeyword.execute(VerifyTextPresentKeyword.groovy:68)
	at com.kms.katalon.core.keyword.internal.KeywordExecutor.executeKeywordForPlatform(KeywordExecutor.groovy:74)
	at com.kms.katalon.core.webui.keyword.WebUiBuiltInKeywords.verifyTextPresent(WebUiBuiltInKeywords.groovy:1723)
	at com.kms.katalon.core.webui.keyword.WebUiBuiltInKeywords$verifyTextPresent$4.call(Unknown Source)
	at Script1652205847657.run(Script1652205847657.groovy:172)
	... 13 more
)

2022-06-30 22:22:42 - [MESSAGE][WARNING] - Cannot take screenshot

2022-06-30 22:22:42 - [MESSAGE][FAILED] - Unable to verify text 'Card Information' is present  using regular expression (Root cause: com.kms.katalon.core.exception.StepFailedException: Unable to verify text 'Card Information' is present  using regular expression
	at com.kms.katalon.core.webui.keyword.internal.WebUIKeywordMain.stepFailed(WebUIKeywordMain.groovy:64)
	at com.kms.katalon.core.webui.keyword.internal.WebUIKeywordMain.runKeyword(WebUIKeywordMain.groovy:26)
	at com.kms.katalon.core.webui.keyword.builtin.VerifyTextPresentKeyword.verifyTextPresent(VerifyTextPresentKeyword.groovy:83)
	at com.kms.katalon.core.webui.keyword.builtin.VerifyTextPresentKeyword.execute(VerifyTextPresentKeyword.groovy:68)
	at com.kms.katalon.core.keyword.internal.KeywordExecutor.executeKeywordForPlatform(KeywordExecutor.groovy:74)
	at com.kms.katalon.core.webui.keyword.WebUiBuiltInKeywords.verifyTextPresent(WebUiBuiltInKeywords.groovy:1723)
	at com.kms.katalon.core.webui.keyword.WebUiBuiltInKeywords$verifyTextPresent$4.call(Unknown Source)
	at Sale_TP_AllCF_Generic_Payment_TC.run(Sale_TP_AllCF_Generic_Payment_TC:172)
	at com.kms.katalon.core.main.ScriptEngine.run(ScriptEngine.java:194)
	at com.kms.katalon.core.main.ScriptEngine.runScriptAsRawText(ScriptEngine.java:119)
	at com.kms.katalon.core.main.TestCaseExecutor.runScript(TestCaseExecutor.java:442)
	at com.kms.katalon.core.main.TestCaseExecutor.doExecute(TestCaseExecutor.java:433)
	at com.kms.katalon.core.main.TestCaseExecutor.processExecutionPhase(TestCaseExecutor.java:412)
	at com.kms.katalon.core.main.TestCaseExecutor.accessMainPhase(TestCaseExecutor.java:404)
	at com.kms.katalon.core.main.TestCaseExecutor.execute(TestCaseExecutor.java:281)
	at com.kms.katalon.core.main.TestSuiteExecutor.accessTestCaseMainPhase(TestSuiteExecutor.java:202)
	at com.kms.katalon.core.main.TestSuiteExecutor.accessTestSuiteMainPhase(TestSuiteExecutor.java:164)
	at com.kms.katalon.core.main.TestSuiteExecutor.execute(TestSuiteExecutor.java:105)
	at com.kms.katalon.core.main.TestCaseMain.startTestSuite(TestCaseMain.java:185)
	at com.kms.katalon.core.main.TestCaseMain$startTestSuite$0.call(Unknown Source)
	at TempTestSuite1656640997204.run(TempTestSuite1656640997204.groovy:36)
Caused by: org.openqa.selenium.WebDriverException: chrome not reachable
  (Session info: chrome=103.0.5060.66)
Build info: version: '3.141.59', revision: 'e82be7d358', time: '2018-11-14T08:25:53'
System info: host: 'DESKTOP-B2QI6NS', ip: '192.168.1.87', os.name: 'Windows 10', os.arch: 'amd64', os.version: '10.0', java.version: '1.8.0_181'
Driver info: com.kms.katalon.selenium.driver.CChromeDriver
Capabilities {acceptInsecureCerts: true, browserName: chrome, browserVersion: 103.0.5060.66, chrome: {chromedriverVersion: 103.0.5060.53 (a1711811edd7..., userDataDir: C:\Users\imtiaz\AppData\Loc...}, goog:chromeOptions: {debuggerAddress: localhost:55017}, javascriptEnabled: true, networkConnectionEnabled: false, pageLoadStrategy: normal, platform: WINDOWS, platformName: WINDOWS, proxy: Proxy(), setWindowRect: true, strictFileInteractability: false, timeouts: {implicit: 0, pageLoad: 300000, script: 30000}, unhandledPromptBehavior: dismiss and notify, webauthn:extension:credBlob: true, webauthn:extension:largeBlob: true, webauthn:virtualAuthenticators: true}
Session ID: efa2b9eb7928154ba23a0472bf5e7ff5
*** Element info: {Using=tag name, value=body}
	at org.openqa.selenium.remote.http.W3CHttpResponseCodec.createException(W3CHttpResponseCodec.java:187)
	at org.openqa.selenium.remote.http.W3CHttpResponseCodec.decode(W3CHttpResponseCodec.java:122)
	at org.openqa.selenium.remote.http.W3CHttpResponseCodec.decode(W3CHttpResponseCodec.java:49)
	at org.openqa.selenium.remote.HttpCommandExecutor.execute(HttpCommandExecutor.java:158)
	at org.openqa.selenium.remote.service.DriverCommandExecutor.execute(DriverCommandExecutor.java:83)
	at org.openqa.selenium.remote.RemoteWebDriver.execute(RemoteWebDriver.java:552)
	at com.kms.katalon.selenium.driver.CChromeDriver.execute(CChromeDriver.java:19)
	at org.openqa.selenium.remote.RemoteWebDriver.findElement(RemoteWebDriver.java:323)
	at org.openqa.selenium.remote.RemoteWebDriver.findElementByTagName(RemoteWebDriver.java:396)
	at org.openqa.selenium.By$ByTagName.findElement(By.java:320)
	at org.openqa.selenium.remote.RemoteWebDriver.findElement(RemoteWebDriver.java:315)
	at org.openqa.selenium.support.events.EventFiringWebDriver.lambda$new$1(EventFiringWebDriver.java:105)
	at com.sun.proxy.$Proxy10.findElement(Unknown Source)
	at org.openqa.selenium.support.events.EventFiringWebDriver.findElement(EventFiringWebDriver.java:194)
	at com.kms.katalon.core.webui.common.WebUiCommonHelper.isTextPresent(WebUiCommonHelper.java:86)
	at com.kms.katalon.core.webui.keyword.builtin.VerifyTextPresentKeyword$_verifyTextPresent_closure1.doCall(VerifyTextPresentKeyword.groovy:75)
	at com.kms.katalon.core.webui.keyword.builtin.VerifyTextPresentKeyword$_verifyTextPresent_closure1.call(VerifyTextPresentKeyword.groovy)
	at com.kms.katalon.core.webui.keyword.internal.WebUIKeywordMain.runKeyword(WebUIKeywordMain.groovy:20)
	at com.kms.katalon.core.webui.keyword.builtin.VerifyTextPresentKeyword.verifyTextPresent(VerifyTextPresentKeyword.groovy:83)
	at com.kms.katalon.core.webui.keyword.builtin.VerifyTextPresentKeyword.execute(VerifyTextPresentKeyword.groovy:68)
	at com.kms.katalon.core.keyword.internal.KeywordExecutor.executeKeywordForPlatform(KeywordExecutor.groovy:74)
	at com.kms.katalon.core.webui.keyword.WebUiBuiltInKeywords.verifyTextPresent(WebUiBuiltInKeywords.groovy:1723)
	at com.kms.katalon.core.webui.keyword.WebUiBuiltInKeywords$verifyTextPresent$4.call(Unknown Source)
	at Script1652205847657.run(Script1652205847657.groovy:172)
	... 13 more
)

2022-06-30 22:22:42 - [TEST_STEP][FAILED] - verifyTextPresent("TANDON RAVENA", true): Unable to verify text 'TANDON RAVENA' is present  using regular expression (Root cause: com.kms.katalon.core.exception.StepFailedException: Unable to verify text 'TANDON RAVENA' is present  using regular expression
	at com.kms.katalon.core.webui.keyword.internal.WebUIKeywordMain.stepFailed(WebUIKeywordMain.groovy:64)
	at com.kms.katalon.core.webui.keyword.internal.WebUIKeywordMain.runKeyword(WebUIKeywordMain.groovy:26)
	at com.kms.katalon.core.webui.keyword.builtin.VerifyTextPresentKeyword.verifyTextPresent(VerifyTextPresentKeyword.groovy:83)
	at com.kms.katalon.core.webui.keyword.builtin.VerifyTextPresentKeyword.execute(VerifyTextPresentKeyword.groovy:68)
	at com.kms.katalon.core.keyword.internal.KeywordExecutor.executeKeywordForPlatform(KeywordExecutor.groovy:74)
	at com.kms.katalon.core.webui.keyword.WebUiBuiltInKeywords.verifyTextPresent(WebUiBuiltInKeywords.groovy:1723)
	at com.kms.katalon.core.webui.keyword.WebUiBuiltInKeywords$verifyTextPresent$4.call(Unknown Source)
	at Sale_TP_AllCF_Generic_Payment_TC.run(Sale_TP_AllCF_Generic_Payment_TC:173)
	at com.kms.katalon.core.main.ScriptEngine.run(ScriptEngine.java:194)
	at com.kms.katalon.core.main.ScriptEngine.runScriptAsRawText(ScriptEngine.java:119)
	at com.kms.katalon.core.main.TestCaseExecutor.runScript(TestCaseExecutor.java:442)
	at com.kms.katalon.core.main.TestCaseExecutor.doExecute(TestCaseExecutor.java:433)
	at com.kms.katalon.core.main.TestCaseExecutor.processExecutionPhase(TestCaseExecutor.java:412)
	at com.kms.katalon.core.main.TestCaseExecutor.accessMainPhase(TestCaseExecutor.java:404)
	at com.kms.katalon.core.main.TestCaseExecutor.execute(TestCaseExecutor.java:281)
	at com.kms.katalon.core.main.TestSuiteExecutor.accessTestCaseMainPhase(TestSuiteExecutor.java:202)
	at com.kms.katalon.core.main.TestSuiteExecutor.accessTestSuiteMainPhase(TestSuiteExecutor.java:164)
	at com.kms.katalon.core.main.TestSuiteExecutor.execute(TestSuiteExecutor.java:105)
	at com.kms.katalon.core.main.TestCaseMain.startTestSuite(TestCaseMain.java:185)
	at com.kms.katalon.core.main.TestCaseMain$startTestSuite$0.call(Unknown Source)
	at TempTestSuite1656640997204.run(TempTestSuite1656640997204.groovy:36)
Caused by: org.openqa.selenium.WebDriverException: chrome not reachable
  (Session info: chrome=103.0.5060.66)
Build info: version: '3.141.59', revision: 'e82be7d358', time: '2018-11-14T08:25:53'
System info: host: 'DESKTOP-B2QI6NS', ip: '192.168.1.87', os.name: 'Windows 10', os.arch: 'amd64', os.version: '10.0', java.version: '1.8.0_181'
Driver info: com.kms.katalon.selenium.driver.CChromeDriver
Capabilities {acceptInsecureCerts: true, browserName: chrome, browserVersion: 103.0.5060.66, chrome: {chromedriverVersion: 103.0.5060.53 (a1711811edd7..., userDataDir: C:\Users\imtiaz\AppData\Loc...}, goog:chromeOptions: {debuggerAddress: localhost:55017}, javascriptEnabled: true, networkConnectionEnabled: false, pageLoadStrategy: normal, platform: WINDOWS, platformName: WINDOWS, proxy: Proxy(), setWindowRect: true, strictFileInteractability: false, timeouts: {implicit: 0, pageLoad: 300000, script: 30000}, unhandledPromptBehavior: dismiss and notify, webauthn:extension:credBlob: true, webauthn:extension:largeBlob: true, webauthn:virtualAuthenticators: true}
Session ID: efa2b9eb7928154ba23a0472bf5e7ff5
*** Element info: {Using=tag name, value=body}
	at org.openqa.selenium.remote.http.W3CHttpResponseCodec.createException(W3CHttpResponseCodec.java:187)
	at org.openqa.selenium.remote.http.W3CHttpResponseCodec.decode(W3CHttpResponseCodec.java:122)
	at org.openqa.selenium.remote.http.W3CHttpResponseCodec.decode(W3CHttpResponseCodec.java:49)
	at org.openqa.selenium.remote.HttpCommandExecutor.execute(HttpCommandExecutor.java:158)
	at org.openqa.selenium.remote.service.DriverCommandExecutor.execute(DriverCommandExecutor.java:83)
	at org.openqa.selenium.remote.RemoteWebDriver.execute(RemoteWebDriver.java:552)
	at com.kms.katalon.selenium.driver.CChromeDriver.execute(CChromeDriver.java:19)
	at org.openqa.selenium.remote.RemoteWebDriver.findElement(RemoteWebDriver.java:323)
	at org.openqa.selenium.remote.RemoteWebDriver.findElementByTagName(RemoteWebDriver.java:396)
	at org.openqa.selenium.By$ByTagName.findElement(By.java:320)
	at org.openqa.selenium.remote.RemoteWebDriver.findElement(RemoteWebDriver.java:315)
	at org.openqa.selenium.support.events.EventFiringWebDriver.lambda$new$1(EventFiringWebDriver.java:105)
	at com.sun.proxy.$Proxy10.findElement(Unknown Source)
	at org.openqa.selenium.support.events.EventFiringWebDriver.findElement(EventFiringWebDriver.java:194)
	at com.kms.katalon.core.webui.common.WebUiCommonHelper.isTextPresent(WebUiCommonHelper.java:86)
	at com.kms.katalon.core.webui.keyword.builtin.VerifyTextPresentKeyword$_verifyTextPresent_closure1.doCall(VerifyTextPresentKeyword.groovy:75)
	at com.kms.katalon.core.webui.keyword.builtin.VerifyTextPresentKeyword$_verifyTextPresent_closure1.call(VerifyTextPresentKeyword.groovy)
	at com.kms.katalon.core.webui.keyword.internal.WebUIKeywordMain.runKeyword(WebUIKeywordMain.groovy:20)
	at com.kms.katalon.core.webui.keyword.builtin.VerifyTextPresentKeyword.verifyTextPresent(VerifyTextPresentKeyword.groovy:83)
	at com.kms.katalon.core.webui.keyword.builtin.VerifyTextPresentKeyword.execute(VerifyTextPresentKeyword.groovy:68)
	at com.kms.katalon.core.keyword.internal.KeywordExecutor.executeKeywordForPlatform(KeywordExecutor.groovy:74)
	at com.kms.katalon.core.webui.keyword.WebUiBuiltInKeywords.verifyTextPresent(WebUiBuiltInKeywords.groovy:1723)
	at com.kms.katalon.core.webui.keyword.WebUiBuiltInKeywords$verifyTextPresent$4.call(Unknown Source)
	at Script1652205847657.run(Script1652205847657.groovy:173)
	... 13 more
)

2022-06-30 22:22:54 - [MESSAGE][WARNING] - Cannot take screenshot

2022-06-30 22:22:54 - [MESSAGE][FAILED] - Unable to verify text 'TANDON RAVENA' is present  using regular expression (Root cause: com.kms.katalon.core.exception.StepFailedException: Unable to verify text 'TANDON RAVENA' is present  using regular expression
	at com.kms.katalon.core.webui.keyword.internal.WebUIKeywordMain.stepFailed(WebUIKeywordMain.groovy:64)
	at com.kms.katalon.core.webui.keyword.internal.WebUIKeywordMain.runKeyword(WebUIKeywordMain.groovy:26)
	at com.kms.katalon.core.webui.keyword.builtin.VerifyTextPresentKeyword.verifyTextPresent(VerifyTextPresentKeyword.groovy:83)
	at com.kms.katalon.core.webui.keyword.builtin.VerifyTextPresentKeyword.execute(VerifyTextPresentKeyword.groovy:68)
	at com.kms.katalon.core.keyword.internal.KeywordExecutor.executeKeywordForPlatform(KeywordExecutor.groovy:74)
	at com.kms.katalon.core.webui.keyword.WebUiBuiltInKeywords.verifyTextPresent(WebUiBuiltInKeywords.groovy:1723)
	at com.kms.katalon.core.webui.keyword.WebUiBuiltInKeywords$verifyTextPresent$4.call(Unknown Source)
	at Sale_TP_AllCF_Generic_Payment_TC.run(Sale_TP_AllCF_Generic_Payment_TC:173)
	at com.kms.katalon.core.main.ScriptEngine.run(ScriptEngine.java:194)
	at com.kms.katalon.core.main.ScriptEngine.runScriptAsRawText(ScriptEngine.java:119)
	at com.kms.katalon.core.main.TestCaseExecutor.runScript(TestCaseExecutor.java:442)
	at com.kms.katalon.core.main.TestCaseExecutor.doExecute(TestCaseExecutor.java:433)
	at com.kms.katalon.core.main.TestCaseExecutor.processExecutionPhase(TestCaseExecutor.java:412)
	at com.kms.katalon.core.main.TestCaseExecutor.accessMainPhase(TestCaseExecutor.java:404)
	at com.kms.katalon.core.main.TestCaseExecutor.execute(TestCaseExecutor.java:281)
	at com.kms.katalon.core.main.TestSuiteExecutor.accessTestCaseMainPhase(TestSuiteExecutor.java:202)
	at com.kms.katalon.core.main.TestSuiteExecutor.accessTestSuiteMainPhase(TestSuiteExecutor.java:164)
	at com.kms.katalon.core.main.TestSuiteExecutor.execute(TestSuiteExecutor.java:105)
	at com.kms.katalon.core.main.TestCaseMain.startTestSuite(TestCaseMain.java:185)
	at com.kms.katalon.core.main.TestCaseMain$startTestSuite$0.call(Unknown Source)
	at TempTestSuite1656640997204.run(TempTestSuite1656640997204.groovy:36)
Caused by: org.openqa.selenium.WebDriverException: chrome not reachable
  (Session info: chrome=103.0.5060.66)
Build info: version: '3.141.59', revision: 'e82be7d358', time: '2018-11-14T08:25:53'
System info: host: 'DESKTOP-B2QI6NS', ip: '192.168.1.87', os.name: 'Windows 10', os.arch: 'amd64', os.version: '10.0', java.version: '1.8.0_181'
Driver info: com.kms.katalon.selenium.driver.CChromeDriver
Capabilities {acceptInsecureCerts: true, browserName: chrome, browserVersion: 103.0.5060.66, chrome: {chromedriverVersion: 103.0.5060.53 (a1711811edd7..., userDataDir: C:\Users\imtiaz\AppData\Loc...}, goog:chromeOptions: {debuggerAddress: localhost:55017}, javascriptEnabled: true, networkConnectionEnabled: false, pageLoadStrategy: normal, platform: WINDOWS, platformName: WINDOWS, proxy: Proxy(), setWindowRect: true, strictFileInteractability: false, timeouts: {implicit: 0, pageLoad: 300000, script: 30000}, unhandledPromptBehavior: dismiss and notify, webauthn:extension:credBlob: true, webauthn:extension:largeBlob: true, webauthn:virtualAuthenticators: true}
Session ID: efa2b9eb7928154ba23a0472bf5e7ff5
*** Element info: {Using=tag name, value=body}
	at org.openqa.selenium.remote.http.W3CHttpResponseCodec.createException(W3CHttpResponseCodec.java:187)
	at org.openqa.selenium.remote.http.W3CHttpResponseCodec.decode(W3CHttpResponseCodec.java:122)
	at org.openqa.selenium.remote.http.W3CHttpResponseCodec.decode(W3CHttpResponseCodec.java:49)
	at org.openqa.selenium.remote.HttpCommandExecutor.execute(HttpCommandExecutor.java:158)
	at org.openqa.selenium.remote.service.DriverCommandExecutor.execute(DriverCommandExecutor.java:83)
	at org.openqa.selenium.remote.RemoteWebDriver.execute(RemoteWebDriver.java:552)
	at com.kms.katalon.selenium.driver.CChromeDriver.execute(CChromeDriver.java:19)
	at org.openqa.selenium.remote.RemoteWebDriver.findElement(RemoteWebDriver.java:323)
	at org.openqa.selenium.remote.RemoteWebDriver.findElementByTagName(RemoteWebDriver.java:396)
	at org.openqa.selenium.By$ByTagName.findElement(By.java:320)
	at org.openqa.selenium.remote.RemoteWebDriver.findElement(RemoteWebDriver.java:315)
	at org.openqa.selenium.support.events.EventFiringWebDriver.lambda$new$1(EventFiringWebDriver.java:105)
	at com.sun.proxy.$Proxy10.findElement(Unknown Source)
	at org.openqa.selenium.support.events.EventFiringWebDriver.findElement(EventFiringWebDriver.java:194)
	at com.kms.katalon.core.webui.common.WebUiCommonHelper.isTextPresent(WebUiCommonHelper.java:86)
	at com.kms.katalon.core.webui.keyword.builtin.VerifyTextPresentKeyword$_verifyTextPresent_closure1.doCall(VerifyTextPresentKeyword.groovy:75)
	at com.kms.katalon.core.webui.keyword.builtin.VerifyTextPresentKeyword$_verifyTextPresent_closure1.call(VerifyTextPresentKeyword.groovy)
	at com.kms.katalon.core.webui.keyword.internal.WebUIKeywordMain.runKeyword(WebUIKeywordMain.groovy:20)
	at com.kms.katalon.core.webui.keyword.builtin.VerifyTextPresentKeyword.verifyTextPresent(VerifyTextPresentKeyword.groovy:83)
	at com.kms.katalon.core.webui.keyword.builtin.VerifyTextPresentKeyword.execute(VerifyTextPresentKeyword.groovy:68)
	at com.kms.katalon.core.keyword.internal.KeywordExecutor.executeKeywordForPlatform(KeywordExecutor.groovy:74)
	at com.kms.katalon.core.webui.keyword.WebUiBuiltInKeywords.verifyTextPresent(WebUiBuiltInKeywords.groovy:1723)
	at com.kms.katalon.core.webui.keyword.WebUiBuiltInKeywords$verifyTextPresent$4.call(Unknown Source)
	at Script1652205847657.run(Script1652205847657.groovy:173)
	... 13 more
)

2022-06-30 22:22:54 - [TEST_STEP][FAILED] - verifyTextPresent("Address Line 1", true): Unable to verify text 'Address Line 1' is present  using regular expression (Root cause: com.kms.katalon.core.exception.StepFailedException: Unable to verify text 'Address Line 1' is present  using regular expression
	at com.kms.katalon.core.webui.keyword.internal.WebUIKeywordMain.stepFailed(WebUIKeywordMain.groovy:64)
	at com.kms.katalon.core.webui.keyword.internal.WebUIKeywordMain.runKeyword(WebUIKeywordMain.groovy:26)
	at com.kms.katalon.core.webui.keyword.builtin.VerifyTextPresentKeyword.verifyTextPresent(VerifyTextPresentKeyword.groovy:83)
	at com.kms.katalon.core.webui.keyword.builtin.VerifyTextPresentKeyword.execute(VerifyTextPresentKeyword.groovy:68)
	at com.kms.katalon.core.keyword.internal.KeywordExecutor.executeKeywordForPlatform(KeywordExecutor.groovy:74)
	at com.kms.katalon.core.webui.keyword.WebUiBuiltInKeywords.verifyTextPresent(WebUiBuiltInKeywords.groovy:1723)
	at com.kms.katalon.core.webui.keyword.WebUiBuiltInKeywords$verifyTextPresent$4.call(Unknown Source)
	at Sale_TP_AllCF_Generic_Payment_TC.run(Sale_TP_AllCF_Generic_Payment_TC:175)
	at com.kms.katalon.core.main.ScriptEngine.run(ScriptEngine.java:194)
	at com.kms.katalon.core.main.ScriptEngine.runScriptAsRawText(ScriptEngine.java:119)
	at com.kms.katalon.core.main.TestCaseExecutor.runScript(TestCaseExecutor.java:442)
	at com.kms.katalon.core.main.TestCaseExecutor.doExecute(TestCaseExecutor.java:433)
	at com.kms.katalon.core.main.TestCaseExecutor.processExecutionPhase(TestCaseExecutor.java:412)
	at com.kms.katalon.core.main.TestCaseExecutor.accessMainPhase(TestCaseExecutor.java:404)
	at com.kms.katalon.core.main.TestCaseExecutor.execute(TestCaseExecutor.java:281)
	at com.kms.katalon.core.main.TestSuiteExecutor.accessTestCaseMainPhase(TestSuiteExecutor.java:202)
	at com.kms.katalon.core.main.TestSuiteExecutor.accessTestSuiteMainPhase(TestSuiteExecutor.java:164)
	at com.kms.katalon.core.main.TestSuiteExecutor.execute(TestSuiteExecutor.java:105)
	at com.kms.katalon.core.main.TestCaseMain.startTestSuite(TestCaseMain.java:185)
	at com.kms.katalon.core.main.TestCaseMain$startTestSuite$0.call(Unknown Source)
	at TempTestSuite1656640997204.run(TempTestSuite1656640997204.groovy:36)
Caused by: org.openqa.selenium.WebDriverException: chrome not reachable
  (Session info: chrome=103.0.5060.66)
Build info: version: '3.141.59', revision: 'e82be7d358', time: '2018-11-14T08:25:53'
System info: host: 'DESKTOP-B2QI6NS', ip: '192.168.1.87', os.name: 'Windows 10', os.arch: 'amd64', os.version: '10.0', java.version: '1.8.0_181'
Driver info: com.kms.katalon.selenium.driver.CChromeDriver
Capabilities {acceptInsecureCerts: true, browserName: chrome, browserVersion: 103.0.5060.66, chrome: {chromedriverVersion: 103.0.5060.53 (a1711811edd7..., userDataDir: C:\Users\imtiaz\AppData\Loc...}, goog:chromeOptions: {debuggerAddress: localhost:55017}, javascriptEnabled: true, networkConnectionEnabled: false, pageLoadStrategy: normal, platform: WINDOWS, platformName: WINDOWS, proxy: Proxy(), setWindowRect: true, strictFileInteractability: false, timeouts: {implicit: 0, pageLoad: 300000, script: 30000}, unhandledPromptBehavior: dismiss and notify, webauthn:extension:credBlob: true, webauthn:extension:largeBlob: true, webauthn:virtualAuthenticators: true}
Session ID: efa2b9eb7928154ba23a0472bf5e7ff5
*** Element info: {Using=tag name, value=body}
	at org.openqa.selenium.remote.http.W3CHttpResponseCodec.createException(W3CHttpResponseCodec.java:187)
	at org.openqa.selenium.remote.http.W3CHttpResponseCodec.decode(W3CHttpResponseCodec.java:122)
	at org.openqa.selenium.remote.http.W3CHttpResponseCodec.decode(W3CHttpResponseCodec.java:49)
	at org.openqa.selenium.remote.HttpCommandExecutor.execute(HttpCommandExecutor.java:158)
	at org.openqa.selenium.remote.service.DriverCommandExecutor.execute(DriverCommandExecutor.java:83)
	at org.openqa.selenium.remote.RemoteWebDriver.execute(RemoteWebDriver.java:552)
	at com.kms.katalon.selenium.driver.CChromeDriver.execute(CChromeDriver.java:19)
	at org.openqa.selenium.remote.RemoteWebDriver.findElement(RemoteWebDriver.java:323)
	at org.openqa.selenium.remote.RemoteWebDriver.findElementByTagName(RemoteWebDriver.java:396)
	at org.openqa.selenium.By$ByTagName.findElement(By.java:320)
	at org.openqa.selenium.remote.RemoteWebDriver.findElement(RemoteWebDriver.java:315)
	at org.openqa.selenium.support.events.EventFiringWebDriver.lambda$new$1(EventFiringWebDriver.java:105)
	at com.sun.proxy.$Proxy10.findElement(Unknown Source)
	at org.openqa.selenium.support.events.EventFiringWebDriver.findElement(EventFiringWebDriver.java:194)
	at com.kms.katalon.core.webui.common.WebUiCommonHelper.isTextPresent(WebUiCommonHelper.java:86)
	at com.kms.katalon.core.webui.keyword.builtin.VerifyTextPresentKeyword$_verifyTextPresent_closure1.doCall(VerifyTextPresentKeyword.groovy:75)
	at com.kms.katalon.core.webui.keyword.builtin.VerifyTextPresentKeyword$_verifyTextPresent_closure1.call(VerifyTextPresentKeyword.groovy)
	at com.kms.katalon.core.webui.keyword.internal.WebUIKeywordMain.runKeyword(WebUIKeywordMain.groovy:20)
	at com.kms.katalon.core.webui.keyword.builtin.VerifyTextPresentKeyword.verifyTextPresent(VerifyTextPresentKeyword.groovy:83)
	at com.kms.katalon.core.webui.keyword.builtin.VerifyTextPresentKeyword.execute(VerifyTextPresentKeyword.groovy:68)
	at com.kms.katalon.core.keyword.internal.KeywordExecutor.executeKeywordForPlatform(KeywordExecutor.groovy:74)
	at com.kms.katalon.core.webui.keyword.WebUiBuiltInKeywords.verifyTextPresent(WebUiBuiltInKeywords.groovy:1723)
	at com.kms.katalon.core.webui.keyword.WebUiBuiltInKeywords$verifyTextPresent$4.call(Unknown Source)
	at Script1652205847657.run(Script1652205847657.groovy:175)
	... 13 more
)

2022-06-30 22:23:06 - [MESSAGE][WARNING] - Cannot take screenshot

2022-06-30 22:23:06 - [MESSAGE][FAILED] - Unable to verify text 'Address Line 1' is present  using regular expression (Root cause: com.kms.katalon.core.exception.StepFailedException: Unable to verify text 'Address Line 1' is present  using regular expression
	at com.kms.katalon.core.webui.keyword.internal.WebUIKeywordMain.stepFailed(WebUIKeywordMain.groovy:64)
	at com.kms.katalon.core.webui.keyword.internal.WebUIKeywordMain.runKeyword(WebUIKeywordMain.groovy:26)
	at com.kms.katalon.core.webui.keyword.builtin.VerifyTextPresentKeyword.verifyTextPresent(VerifyTextPresentKeyword.groovy:83)
	at com.kms.katalon.core.webui.keyword.builtin.VerifyTextPresentKeyword.execute(VerifyTextPresentKeyword.groovy:68)
	at com.kms.katalon.core.keyword.internal.KeywordExecutor.executeKeywordForPlatform(KeywordExecutor.groovy:74)
	at com.kms.katalon.core.webui.keyword.WebUiBuiltInKeywords.verifyTextPresent(WebUiBuiltInKeywords.groovy:1723)
	at com.kms.katalon.core.webui.keyword.WebUiBuiltInKeywords$verifyTextPresent$4.call(Unknown Source)
	at Sale_TP_AllCF_Generic_Payment_TC.run(Sale_TP_AllCF_Generic_Payment_TC:175)
	at com.kms.katalon.core.main.ScriptEngine.run(ScriptEngine.java:194)
	at com.kms.katalon.core.main.ScriptEngine.runScriptAsRawText(ScriptEngine.java:119)
	at com.kms.katalon.core.main.TestCaseExecutor.runScript(TestCaseExecutor.java:442)
	at com.kms.katalon.core.main.TestCaseExecutor.doExecute(TestCaseExecutor.java:433)
	at com.kms.katalon.core.main.TestCaseExecutor.processExecutionPhase(TestCaseExecutor.java:412)
	at com.kms.katalon.core.main.TestCaseExecutor.accessMainPhase(TestCaseExecutor.java:404)
	at com.kms.katalon.core.main.TestCaseExecutor.execute(TestCaseExecutor.java:281)
	at com.kms.katalon.core.main.TestSuiteExecutor.accessTestCaseMainPhase(TestSuiteExecutor.java:202)
	at com.kms.katalon.core.main.TestSuiteExecutor.accessTestSuiteMainPhase(TestSuiteExecutor.java:164)
	at com.kms.katalon.core.main.TestSuiteExecutor.execute(TestSuiteExecutor.java:105)
	at com.kms.katalon.core.main.TestCaseMain.startTestSuite(TestCaseMain.java:185)
	at com.kms.katalon.core.main.TestCaseMain$startTestSuite$0.call(Unknown Source)
	at TempTestSuite1656640997204.run(TempTestSuite1656640997204.groovy:36)
Caused by: org.openqa.selenium.WebDriverException: chrome not reachable
  (Session info: chrome=103.0.5060.66)
Build info: version: '3.141.59', revision: 'e82be7d358', time: '2018-11-14T08:25:53'
System info: host: 'DESKTOP-B2QI6NS', ip: '192.168.1.87', os.name: 'Windows 10', os.arch: 'amd64', os.version: '10.0', java.version: '1.8.0_181'
Driver info: com.kms.katalon.selenium.driver.CChromeDriver
Capabilities {acceptInsecureCerts: true, browserName: chrome, browserVersion: 103.0.5060.66, chrome: {chromedriverVersion: 103.0.5060.53 (a1711811edd7..., userDataDir: C:\Users\imtiaz\AppData\Loc...}, goog:chromeOptions: {debuggerAddress: localhost:55017}, javascriptEnabled: true, networkConnectionEnabled: false, pageLoadStrategy: normal, platform: WINDOWS, platformName: WINDOWS, proxy: Proxy(), setWindowRect: true, strictFileInteractability: false, timeouts: {implicit: 0, pageLoad: 300000, script: 30000}, unhandledPromptBehavior: dismiss and notify, webauthn:extension:credBlob: true, webauthn:extension:largeBlob: true, webauthn:virtualAuthenticators: true}
Session ID: efa2b9eb7928154ba23a0472bf5e7ff5
*** Element info: {Using=tag name, value=body}
	at org.openqa.selenium.remote.http.W3CHttpResponseCodec.createException(W3CHttpResponseCodec.java:187)
	at org.openqa.selenium.remote.http.W3CHttpResponseCodec.decode(W3CHttpResponseCodec.java:122)
	at org.openqa.selenium.remote.http.W3CHttpResponseCodec.decode(W3CHttpResponseCodec.java:49)
	at org.openqa.selenium.remote.HttpCommandExecutor.execute(HttpCommandExecutor.java:158)
	at org.openqa.selenium.remote.service.DriverCommandExecutor.execute(DriverCommandExecutor.java:83)
	at org.openqa.selenium.remote.RemoteWebDriver.execute(RemoteWebDriver.java:552)
	at com.kms.katalon.selenium.driver.CChromeDriver.execute(CChromeDriver.java:19)
	at org.openqa.selenium.remote.RemoteWebDriver.findElement(RemoteWebDriver.java:323)
	at org.openqa.selenium.remote.RemoteWebDriver.findElementByTagName(RemoteWebDriver.java:396)
	at org.openqa.selenium.By$ByTagName.findElement(By.java:320)
	at org.openqa.selenium.remote.RemoteWebDriver.findElement(RemoteWebDriver.java:315)
	at org.openqa.selenium.support.events.EventFiringWebDriver.lambda$new$1(EventFiringWebDriver.java:105)
	at com.sun.proxy.$Proxy10.findElement(Unknown Source)
	at org.openqa.selenium.support.events.EventFiringWebDriver.findElement(EventFiringWebDriver.java:194)
	at com.kms.katalon.core.webui.common.WebUiCommonHelper.isTextPresent(WebUiCommonHelper.java:86)
	at com.kms.katalon.core.webui.keyword.builtin.VerifyTextPresentKeyword$_verifyTextPresent_closure1.doCall(VerifyTextPresentKeyword.groovy:75)
	at com.kms.katalon.core.webui.keyword.builtin.VerifyTextPresentKeyword$_verifyTextPresent_closure1.call(VerifyTextPresentKeyword.groovy)
	at com.kms.katalon.core.webui.keyword.internal.WebUIKeywordMain.runKeyword(WebUIKeywordMain.groovy:20)
	at com.kms.katalon.core.webui.keyword.builtin.VerifyTextPresentKeyword.verifyTextPresent(VerifyTextPresentKeyword.groovy:83)
	at com.kms.katalon.core.webui.keyword.builtin.VerifyTextPresentKeyword.execute(VerifyTextPresentKeyword.groovy:68)
	at com.kms.katalon.core.keyword.internal.KeywordExecutor.executeKeywordForPlatform(KeywordExecutor.groovy:74)
	at com.kms.katalon.core.webui.keyword.WebUiBuiltInKeywords.verifyTextPresent(WebUiBuiltInKeywords.groovy:1723)
	at com.kms.katalon.core.webui.keyword.WebUiBuiltInKeywords$verifyTextPresent$4.call(Unknown Source)
	at Script1652205847657.run(Script1652205847657.groovy:175)
	... 13 more
)

2022-06-30 22:23:06 - [TEST_STEP][FAILED] - verifyTextPresent("Address Line 2", true): Unable to verify text 'Address Line 2' is present  using regular expression (Root cause: com.kms.katalon.core.exception.StepFailedException: Unable to verify text 'Address Line 2' is present  using regular expression
	at com.kms.katalon.core.webui.keyword.internal.WebUIKeywordMain.stepFailed(WebUIKeywordMain.groovy:64)
	at com.kms.katalon.core.webui.keyword.internal.WebUIKeywordMain.runKeyword(WebUIKeywordMain.groovy:26)
	at com.kms.katalon.core.webui.keyword.builtin.VerifyTextPresentKeyword.verifyTextPresent(VerifyTextPresentKeyword.groovy:83)
	at com.kms.katalon.core.webui.keyword.builtin.VerifyTextPresentKeyword.execute(VerifyTextPresentKeyword.groovy:68)
	at com.kms.katalon.core.keyword.internal.KeywordExecutor.executeKeywordForPlatform(KeywordExecutor.groovy:74)
	at com.kms.katalon.core.webui.keyword.WebUiBuiltInKeywords.verifyTextPresent(WebUiBuiltInKeywords.groovy:1723)
	at com.kms.katalon.core.webui.keyword.WebUiBuiltInKeywords$verifyTextPresent$4.call(Unknown Source)
	at Sale_TP_AllCF_Generic_Payment_TC.run(Sale_TP_AllCF_Generic_Payment_TC:176)
	at com.kms.katalon.core.main.ScriptEngine.run(ScriptEngine.java:194)
	at com.kms.katalon.core.main.ScriptEngine.runScriptAsRawText(ScriptEngine.java:119)
	at com.kms.katalon.core.main.TestCaseExecutor.runScript(TestCaseExecutor.java:442)
	at com.kms.katalon.core.main.TestCaseExecutor.doExecute(TestCaseExecutor.java:433)
	at com.kms.katalon.core.main.TestCaseExecutor.processExecutionPhase(TestCaseExecutor.java:412)
	at com.kms.katalon.core.main.TestCaseExecutor.accessMainPhase(TestCaseExecutor.java:404)
	at com.kms.katalon.core.main.TestCaseExecutor.execute(TestCaseExecutor.java:281)
	at com.kms.katalon.core.main.TestSuiteExecutor.accessTestCaseMainPhase(TestSuiteExecutor.java:202)
	at com.kms.katalon.core.main.TestSuiteExecutor.accessTestSuiteMainPhase(TestSuiteExecutor.java:164)
	at com.kms.katalon.core.main.TestSuiteExecutor.execute(TestSuiteExecutor.java:105)
	at com.kms.katalon.core.main.TestCaseMain.startTestSuite(TestCaseMain.java:185)
	at com.kms.katalon.core.main.TestCaseMain$startTestSuite$0.call(Unknown Source)
	at TempTestSuite1656640997204.run(TempTestSuite1656640997204.groovy:36)
Caused by: org.openqa.selenium.WebDriverException: chrome not reachable
  (Session info: chrome=103.0.5060.66)
Build info: version: '3.141.59', revision: 'e82be7d358', time: '2018-11-14T08:25:53'
System info: host: 'DESKTOP-B2QI6NS', ip: '192.168.1.87', os.name: 'Windows 10', os.arch: 'amd64', os.version: '10.0', java.version: '1.8.0_181'
Driver info: com.kms.katalon.selenium.driver.CChromeDriver
Capabilities {acceptInsecureCerts: true, browserName: chrome, browserVersion: 103.0.5060.66, chrome: {chromedriverVersion: 103.0.5060.53 (a1711811edd7..., userDataDir: C:\Users\imtiaz\AppData\Loc...}, goog:chromeOptions: {debuggerAddress: localhost:55017}, javascriptEnabled: true, networkConnectionEnabled: false, pageLoadStrategy: normal, platform: WINDOWS, platformName: WINDOWS, proxy: Proxy(), setWindowRect: true, strictFileInteractability: false, timeouts: {implicit: 0, pageLoad: 300000, script: 30000}, unhandledPromptBehavior: dismiss and notify, webauthn:extension:credBlob: true, webauthn:extension:largeBlob: true, webauthn:virtualAuthenticators: true}
Session ID: efa2b9eb7928154ba23a0472bf5e7ff5
*** Element info: {Using=tag name, value=body}
	at org.openqa.selenium.remote.http.W3CHttpResponseCodec.createException(W3CHttpResponseCodec.java:187)
	at org.openqa.selenium.remote.http.W3CHttpResponseCodec.decode(W3CHttpResponseCodec.java:122)
	at org.openqa.selenium.remote.http.W3CHttpResponseCodec.decode(W3CHttpResponseCodec.java:49)
	at org.openqa.selenium.remote.HttpCommandExecutor.execute(HttpCommandExecutor.java:158)
	at org.openqa.selenium.remote.service.DriverCommandExecutor.execute(DriverCommandExecutor.java:83)
	at org.openqa.selenium.remote.RemoteWebDriver.execute(RemoteWebDriver.java:552)
	at com.kms.katalon.selenium.driver.CChromeDriver.execute(CChromeDriver.java:19)
	at org.openqa.selenium.remote.RemoteWebDriver.findElement(RemoteWebDriver.java:323)
	at org.openqa.selenium.remote.RemoteWebDriver.findElementByTagName(RemoteWebDriver.java:396)
	at org.openqa.selenium.By$ByTagName.findElement(By.java:320)
	at org.openqa.selenium.remote.RemoteWebDriver.findElement(RemoteWebDriver.java:315)
	at org.openqa.selenium.support.events.EventFiringWebDriver.lambda$new$1(EventFiringWebDriver.java:105)
	at com.sun.proxy.$Proxy10.findElement(Unknown Source)
	at org.openqa.selenium.support.events.EventFiringWebDriver.findElement(EventFiringWebDriver.java:194)
	at com.kms.katalon.core.webui.common.WebUiCommonHelper.isTextPresent(WebUiCommonHelper.java:86)
	at com.kms.katalon.core.webui.keyword.builtin.VerifyTextPresentKeyword$_verifyTextPresent_closure1.doCall(VerifyTextPresentKeyword.groovy:75)
	at com.kms.katalon.core.webui.keyword.builtin.VerifyTextPresentKeyword$_verifyTextPresent_closure1.call(VerifyTextPresentKeyword.groovy)
	at com.kms.katalon.core.webui.keyword.internal.WebUIKeywordMain.runKeyword(WebUIKeywordMain.groovy:20)
	at com.kms.katalon.core.webui.keyword.builtin.VerifyTextPresentKeyword.verifyTextPresent(VerifyTextPresentKeyword.groovy:83)
	at com.kms.katalon.core.webui.keyword.builtin.VerifyTextPresentKeyword.execute(VerifyTextPresentKeyword.groovy:68)
	at com.kms.katalon.core.keyword.internal.KeywordExecutor.executeKeywordForPlatform(KeywordExecutor.groovy:74)
	at com.kms.katalon.core.webui.keyword.WebUiBuiltInKeywords.verifyTextPresent(WebUiBuiltInKeywords.groovy:1723)
	at com.kms.katalon.core.webui.keyword.WebUiBuiltInKeywords$verifyTextPresent$4.call(Unknown Source)
	at Script1652205847657.run(Script1652205847657.groovy:176)
	... 13 more
)

2022-06-30 22:23:18 - [MESSAGE][WARNING] - Cannot take screenshot

2022-06-30 22:23:18 - [MESSAGE][FAILED] - Unable to verify text 'Address Line 2' is present  using regular expression (Root cause: com.kms.katalon.core.exception.StepFailedException: Unable to verify text 'Address Line 2' is present  using regular expression
	at com.kms.katalon.core.webui.keyword.internal.WebUIKeywordMain.stepFailed(WebUIKeywordMain.groovy:64)
	at com.kms.katalon.core.webui.keyword.internal.WebUIKeywordMain.runKeyword(WebUIKeywordMain.groovy:26)
	at com.kms.katalon.core.webui.keyword.builtin.VerifyTextPresentKeyword.verifyTextPresent(VerifyTextPresentKeyword.groovy:83)
	at com.kms.katalon.core.webui.keyword.builtin.VerifyTextPresentKeyword.execute(VerifyTextPresentKeyword.groovy:68)
	at com.kms.katalon.core.keyword.internal.KeywordExecutor.executeKeywordForPlatform(KeywordExecutor.groovy:74)
	at com.kms.katalon.core.webui.keyword.WebUiBuiltInKeywords.verifyTextPresent(WebUiBuiltInKeywords.groovy:1723)
	at com.kms.katalon.core.webui.keyword.WebUiBuiltInKeywords$verifyTextPresent$4.call(Unknown Source)
	at Sale_TP_AllCF_Generic_Payment_TC.run(Sale_TP_AllCF_Generic_Payment_TC:176)
	at com.kms.katalon.core.main.ScriptEngine.run(ScriptEngine.java:194)
	at com.kms.katalon.core.main.ScriptEngine.runScriptAsRawText(ScriptEngine.java:119)
	at com.kms.katalon.core.main.TestCaseExecutor.runScript(TestCaseExecutor.java:442)
	at com.kms.katalon.core.main.TestCaseExecutor.doExecute(TestCaseExecutor.java:433)
	at com.kms.katalon.core.main.TestCaseExecutor.processExecutionPhase(TestCaseExecutor.java:412)
	at com.kms.katalon.core.main.TestCaseExecutor.accessMainPhase(TestCaseExecutor.java:404)
	at com.kms.katalon.core.main.TestCaseExecutor.execute(TestCaseExecutor.java:281)
	at com.kms.katalon.core.main.TestSuiteExecutor.accessTestCaseMainPhase(TestSuiteExecutor.java:202)
	at com.kms.katalon.core.main.TestSuiteExecutor.accessTestSuiteMainPhase(TestSuiteExecutor.java:164)
	at com.kms.katalon.core.main.TestSuiteExecutor.execute(TestSuiteExecutor.java:105)
	at com.kms.katalon.core.main.TestCaseMain.startTestSuite(TestCaseMain.java:185)
	at com.kms.katalon.core.main.TestCaseMain$startTestSuite$0.call(Unknown Source)
	at TempTestSuite1656640997204.run(TempTestSuite1656640997204.groovy:36)
Caused by: org.openqa.selenium.WebDriverException: chrome not reachable
  (Session info: chrome=103.0.5060.66)
Build info: version: '3.141.59', revision: 'e82be7d358', time: '2018-11-14T08:25:53'
System info: host: 'DESKTOP-B2QI6NS', ip: '192.168.1.87', os.name: 'Windows 10', os.arch: 'amd64', os.version: '10.0', java.version: '1.8.0_181'
Driver info: com.kms.katalon.selenium.driver.CChromeDriver
Capabilities {acceptInsecureCerts: true, browserName: chrome, browserVersion: 103.0.5060.66, chrome: {chromedriverVersion: 103.0.5060.53 (a1711811edd7..., userDataDir: C:\Users\imtiaz\AppData\Loc...}, goog:chromeOptions: {debuggerAddress: localhost:55017}, javascriptEnabled: true, networkConnectionEnabled: false, pageLoadStrategy: normal, platform: WINDOWS, platformName: WINDOWS, proxy: Proxy(), setWindowRect: true, strictFileInteractability: false, timeouts: {implicit: 0, pageLoad: 300000, script: 30000}, unhandledPromptBehavior: dismiss and notify, webauthn:extension:credBlob: true, webauthn:extension:largeBlob: true, webauthn:virtualAuthenticators: true}
Session ID: efa2b9eb7928154ba23a0472bf5e7ff5
*** Element info: {Using=tag name, value=body}
	at org.openqa.selenium.remote.http.W3CHttpResponseCodec.createException(W3CHttpResponseCodec.java:187)
	at org.openqa.selenium.remote.http.W3CHttpResponseCodec.decode(W3CHttpResponseCodec.java:122)
	at org.openqa.selenium.remote.http.W3CHttpResponseCodec.decode(W3CHttpResponseCodec.java:49)
	at org.openqa.selenium.remote.HttpCommandExecutor.execute(HttpCommandExecutor.java:158)
	at org.openqa.selenium.remote.service.DriverCommandExecutor.execute(DriverCommandExecutor.java:83)
	at org.openqa.selenium.remote.RemoteWebDriver.execute(RemoteWebDriver.java:552)
	at com.kms.katalon.selenium.driver.CChromeDriver.execute(CChromeDriver.java:19)
	at org.openqa.selenium.remote.RemoteWebDriver.findElement(RemoteWebDriver.java:323)
	at org.openqa.selenium.remote.RemoteWebDriver.findElementByTagName(RemoteWebDriver.java:396)
	at org.openqa.selenium.By$ByTagName.findElement(By.java:320)
	at org.openqa.selenium.remote.RemoteWebDriver.findElement(RemoteWebDriver.java:315)
	at org.openqa.selenium.support.events.EventFiringWebDriver.lambda$new$1(EventFiringWebDriver.java:105)
	at com.sun.proxy.$Proxy10.findElement(Unknown Source)
	at org.openqa.selenium.support.events.EventFiringWebDriver.findElement(EventFiringWebDriver.java:194)
	at com.kms.katalon.core.webui.common.WebUiCommonHelper.isTextPresent(WebUiCommonHelper.java:86)
	at com.kms.katalon.core.webui.keyword.builtin.VerifyTextPresentKeyword$_verifyTextPresent_closure1.doCall(VerifyTextPresentKeyword.groovy:75)
	at com.kms.katalon.core.webui.keyword.builtin.VerifyTextPresentKeyword$_verifyTextPresent_closure1.call(VerifyTextPresentKeyword.groovy)
	at com.kms.katalon.core.webui.keyword.internal.WebUIKeywordMain.runKeyword(WebUIKeywordMain.groovy:20)
	at com.kms.katalon.core.webui.keyword.builtin.VerifyTextPresentKeyword.verifyTextPresent(VerifyTextPresentKeyword.groovy:83)
	at com.kms.katalon.core.webui.keyword.builtin.VerifyTextPresentKeyword.execute(VerifyTextPresentKeyword.groovy:68)
	at com.kms.katalon.core.keyword.internal.KeywordExecutor.executeKeywordForPlatform(KeywordExecutor.groovy:74)
	at com.kms.katalon.core.webui.keyword.WebUiBuiltInKeywords.verifyTextPresent(WebUiBuiltInKeywords.groovy:1723)
	at com.kms.katalon.core.webui.keyword.WebUiBuiltInKeywords$verifyTextPresent$4.call(Unknown Source)
	at Script1652205847657.run(Script1652205847657.groovy:176)
	... 13 more
)

2022-06-30 22:23:18 - [TEST_STEP][FAILED] - verifyTextPresent("Country", true): Unable to verify text 'Country' is present  using regular expression (Root cause: com.kms.katalon.core.exception.StepFailedException: Unable to verify text 'Country' is present  using regular expression
	at com.kms.katalon.core.webui.keyword.internal.WebUIKeywordMain.stepFailed(WebUIKeywordMain.groovy:64)
	at com.kms.katalon.core.webui.keyword.internal.WebUIKeywordMain.runKeyword(WebUIKeywordMain.groovy:26)
	at com.kms.katalon.core.webui.keyword.builtin.VerifyTextPresentKeyword.verifyTextPresent(VerifyTextPresentKeyword.groovy:83)
	at com.kms.katalon.core.webui.keyword.builtin.VerifyTextPresentKeyword.execute(VerifyTextPresentKeyword.groovy:68)
	at com.kms.katalon.core.keyword.internal.KeywordExecutor.executeKeywordForPlatform(KeywordExecutor.groovy:74)
	at com.kms.katalon.core.webui.keyword.WebUiBuiltInKeywords.verifyTextPresent(WebUiBuiltInKeywords.groovy:1723)
	at com.kms.katalon.core.webui.keyword.WebUiBuiltInKeywords$verifyTextPresent$4.call(Unknown Source)
	at Sale_TP_AllCF_Generic_Payment_TC.run(Sale_TP_AllCF_Generic_Payment_TC:177)
	at com.kms.katalon.core.main.ScriptEngine.run(ScriptEngine.java:194)
	at com.kms.katalon.core.main.ScriptEngine.runScriptAsRawText(ScriptEngine.java:119)
	at com.kms.katalon.core.main.TestCaseExecutor.runScript(TestCaseExecutor.java:442)
	at com.kms.katalon.core.main.TestCaseExecutor.doExecute(TestCaseExecutor.java:433)
	at com.kms.katalon.core.main.TestCaseExecutor.processExecutionPhase(TestCaseExecutor.java:412)
	at com.kms.katalon.core.main.TestCaseExecutor.accessMainPhase(TestCaseExecutor.java:404)
	at com.kms.katalon.core.main.TestCaseExecutor.execute(TestCaseExecutor.java:281)
	at com.kms.katalon.core.main.TestSuiteExecutor.accessTestCaseMainPhase(TestSuiteExecutor.java:202)
	at com.kms.katalon.core.main.TestSuiteExecutor.accessTestSuiteMainPhase(TestSuiteExecutor.java:164)
	at com.kms.katalon.core.main.TestSuiteExecutor.execute(TestSuiteExecutor.java:105)
	at com.kms.katalon.core.main.TestCaseMain.startTestSuite(TestCaseMain.java:185)
	at com.kms.katalon.core.main.TestCaseMain$startTestSuite$0.call(Unknown Source)
	at TempTestSuite1656640997204.run(TempTestSuite1656640997204.groovy:36)
Caused by: org.openqa.selenium.WebDriverException: chrome not reachable
  (Session info: chrome=103.0.5060.66)
Build info: version: '3.141.59', revision: 'e82be7d358', time: '2018-11-14T08:25:53'
System info: host: 'DESKTOP-B2QI6NS', ip: '192.168.1.87', os.name: 'Windows 10', os.arch: 'amd64', os.version: '10.0', java.version: '1.8.0_181'
Driver info: com.kms.katalon.selenium.driver.CChromeDriver
Capabilities {acceptInsecureCerts: true, browserName: chrome, browserVersion: 103.0.5060.66, chrome: {chromedriverVersion: 103.0.5060.53 (a1711811edd7..., userDataDir: C:\Users\imtiaz\AppData\Loc...}, goog:chromeOptions: {debuggerAddress: localhost:55017}, javascriptEnabled: true, networkConnectionEnabled: false, pageLoadStrategy: normal, platform: WINDOWS, platformName: WINDOWS, proxy: Proxy(), setWindowRect: true, strictFileInteractability: false, timeouts: {implicit: 0, pageLoad: 300000, script: 30000}, unhandledPromptBehavior: dismiss and notify, webauthn:extension:credBlob: true, webauthn:extension:largeBlob: true, webauthn:virtualAuthenticators: true}
Session ID: efa2b9eb7928154ba23a0472bf5e7ff5
*** Element info: {Using=tag name, value=body}
	at org.openqa.selenium.remote.http.W3CHttpResponseCodec.createException(W3CHttpResponseCodec.java:187)
	at org.openqa.selenium.remote.http.W3CHttpResponseCodec.decode(W3CHttpResponseCodec.java:122)
	at org.openqa.selenium.remote.http.W3CHttpResponseCodec.decode(W3CHttpResponseCodec.java:49)
	at org.openqa.selenium.remote.HttpCommandExecutor.execute(HttpCommandExecutor.java:158)
	at org.openqa.selenium.remote.service.DriverCommandExecutor.execute(DriverCommandExecutor.java:83)
	at org.openqa.selenium.remote.RemoteWebDriver.execute(RemoteWebDriver.java:552)
	at com.kms.katalon.selenium.driver.CChromeDriver.execute(CChromeDriver.java:19)
	at org.openqa.selenium.remote.RemoteWebDriver.findElement(RemoteWebDriver.java:323)
	at org.openqa.selenium.remote.RemoteWebDriver.findElementByTagName(RemoteWebDriver.java:396)
	at org.openqa.selenium.By$ByTagName.findElement(By.java:320)
	at org.openqa.selenium.remote.RemoteWebDriver.findElement(RemoteWebDriver.java:315)
	at org.openqa.selenium.support.events.EventFiringWebDriver.lambda$new$1(EventFiringWebDriver.java:105)
	at com.sun.proxy.$Proxy10.findElement(Unknown Source)
	at org.openqa.selenium.support.events.EventFiringWebDriver.findElement(EventFiringWebDriver.java:194)
	at com.kms.katalon.core.webui.common.WebUiCommonHelper.isTextPresent(WebUiCommonHelper.java:86)
	at com.kms.katalon.core.webui.keyword.builtin.VerifyTextPresentKeyword$_verifyTextPresent_closure1.doCall(VerifyTextPresentKeyword.groovy:75)
	at com.kms.katalon.core.webui.keyword.builtin.VerifyTextPresentKeyword$_verifyTextPresent_closure1.call(VerifyTextPresentKeyword.groovy)
	at com.kms.katalon.core.webui.keyword.internal.WebUIKeywordMain.runKeyword(WebUIKeywordMain.groovy:20)
	at com.kms.katalon.core.webui.keyword.builtin.VerifyTextPresentKeyword.verifyTextPresent(VerifyTextPresentKeyword.groovy:83)
	at com.kms.katalon.core.webui.keyword.builtin.VerifyTextPresentKeyword.execute(VerifyTextPresentKeyword.groovy:68)
	at com.kms.katalon.core.keyword.internal.KeywordExecutor.executeKeywordForPlatform(KeywordExecutor.groovy:74)
	at com.kms.katalon.core.webui.keyword.WebUiBuiltInKeywords.verifyTextPresent(WebUiBuiltInKeywords.groovy:1723)
	at com.kms.katalon.core.webui.keyword.WebUiBuiltInKeywords$verifyTextPresent$4.call(Unknown Source)
	at Script1652205847657.run(Script1652205847657.groovy:177)
	... 13 more
)

2022-06-30 22:23:30 - [MESSAGE][WARNING] - Cannot take screenshot

2022-06-30 22:23:30 - [MESSAGE][FAILED] - Unable to verify text 'Country' is present  using regular expression (Root cause: com.kms.katalon.core.exception.StepFailedException: Unable to verify text 'Country' is present  using regular expression
	at com.kms.katalon.core.webui.keyword.internal.WebUIKeywordMain.stepFailed(WebUIKeywordMain.groovy:64)
	at com.kms.katalon.core.webui.keyword.internal.WebUIKeywordMain.runKeyword(WebUIKeywordMain.groovy:26)
	at com.kms.katalon.core.webui.keyword.builtin.VerifyTextPresentKeyword.verifyTextPresent(VerifyTextPresentKeyword.groovy:83)
	at com.kms.katalon.core.webui.keyword.builtin.VerifyTextPresentKeyword.execute(VerifyTextPresentKeyword.groovy:68)
	at com.kms.katalon.core.keyword.internal.KeywordExecutor.executeKeywordForPlatform(KeywordExecutor.groovy:74)
	at com.kms.katalon.core.webui.keyword.WebUiBuiltInKeywords.verifyTextPresent(WebUiBuiltInKeywords.groovy:1723)
	at com.kms.katalon.core.webui.keyword.WebUiBuiltInKeywords$verifyTextPresent$4.call(Unknown Source)
	at Sale_TP_AllCF_Generic_Payment_TC.run(Sale_TP_AllCF_Generic_Payment_TC:177)
	at com.kms.katalon.core.main.ScriptEngine.run(ScriptEngine.java:194)
	at com.kms.katalon.core.main.ScriptEngine.runScriptAsRawText(ScriptEngine.java:119)
	at com.kms.katalon.core.main.TestCaseExecutor.runScript(TestCaseExecutor.java:442)
	at com.kms.katalon.core.main.TestCaseExecutor.doExecute(TestCaseExecutor.java:433)
	at com.kms.katalon.core.main.TestCaseExecutor.processExecutionPhase(TestCaseExecutor.java:412)
	at com.kms.katalon.core.main.TestCaseExecutor.accessMainPhase(TestCaseExecutor.java:404)
	at com.kms.katalon.core.main.TestCaseExecutor.execute(TestCaseExecutor.java:281)
	at com.kms.katalon.core.main.TestSuiteExecutor.accessTestCaseMainPhase(TestSuiteExecutor.java:202)
	at com.kms.katalon.core.main.TestSuiteExecutor.accessTestSuiteMainPhase(TestSuiteExecutor.java:164)
	at com.kms.katalon.core.main.TestSuiteExecutor.execute(TestSuiteExecutor.java:105)
	at com.kms.katalon.core.main.TestCaseMain.startTestSuite(TestCaseMain.java:185)
	at com.kms.katalon.core.main.TestCaseMain$startTestSuite$0.call(Unknown Source)
	at TempTestSuite1656640997204.run(TempTestSuite1656640997204.groovy:36)
Caused by: org.openqa.selenium.WebDriverException: chrome not reachable
  (Session info: chrome=103.0.5060.66)
Build info: version: '3.141.59', revision: 'e82be7d358', time: '2018-11-14T08:25:53'
System info: host: 'DESKTOP-B2QI6NS', ip: '192.168.1.87', os.name: 'Windows 10', os.arch: 'amd64', os.version: '10.0', java.version: '1.8.0_181'
Driver info: com.kms.katalon.selenium.driver.CChromeDriver
Capabilities {acceptInsecureCerts: true, browserName: chrome, browserVersion: 103.0.5060.66, chrome: {chromedriverVersion: 103.0.5060.53 (a1711811edd7..., userDataDir: C:\Users\imtiaz\AppData\Loc...}, goog:chromeOptions: {debuggerAddress: localhost:55017}, javascriptEnabled: true, networkConnectionEnabled: false, pageLoadStrategy: normal, platform: WINDOWS, platformName: WINDOWS, proxy: Proxy(), setWindowRect: true, strictFileInteractability: false, timeouts: {implicit: 0, pageLoad: 300000, script: 30000}, unhandledPromptBehavior: dismiss and notify, webauthn:extension:credBlob: true, webauthn:extension:largeBlob: true, webauthn:virtualAuthenticators: true}
Session ID: efa2b9eb7928154ba23a0472bf5e7ff5
*** Element info: {Using=tag name, value=body}
	at org.openqa.selenium.remote.http.W3CHttpResponseCodec.createException(W3CHttpResponseCodec.java:187)
	at org.openqa.selenium.remote.http.W3CHttpResponseCodec.decode(W3CHttpResponseCodec.java:122)
	at org.openqa.selenium.remote.http.W3CHttpResponseCodec.decode(W3CHttpResponseCodec.java:49)
	at org.openqa.selenium.remote.HttpCommandExecutor.execute(HttpCommandExecutor.java:158)
	at org.openqa.selenium.remote.service.DriverCommandExecutor.execute(DriverCommandExecutor.java:83)
	at org.openqa.selenium.remote.RemoteWebDriver.execute(RemoteWebDriver.java:552)
	at com.kms.katalon.selenium.driver.CChromeDriver.execute(CChromeDriver.java:19)
	at org.openqa.selenium.remote.RemoteWebDriver.findElement(RemoteWebDriver.java:323)
	at org.openqa.selenium.remote.RemoteWebDriver.findElementByTagName(RemoteWebDriver.java:396)
	at org.openqa.selenium.By$ByTagName.findElement(By.java:320)
	at org.openqa.selenium.remote.RemoteWebDriver.findElement(RemoteWebDriver.java:315)
	at org.openqa.selenium.support.events.EventFiringWebDriver.lambda$new$1(EventFiringWebDriver.java:105)
	at com.sun.proxy.$Proxy10.findElement(Unknown Source)
	at org.openqa.selenium.support.events.EventFiringWebDriver.findElement(EventFiringWebDriver.java:194)
	at com.kms.katalon.core.webui.common.WebUiCommonHelper.isTextPresent(WebUiCommonHelper.java:86)
	at com.kms.katalon.core.webui.keyword.builtin.VerifyTextPresentKeyword$_verifyTextPresent_closure1.doCall(VerifyTextPresentKeyword.groovy:75)
	at com.kms.katalon.core.webui.keyword.builtin.VerifyTextPresentKeyword$_verifyTextPresent_closure1.call(VerifyTextPresentKeyword.groovy)
	at com.kms.katalon.core.webui.keyword.internal.WebUIKeywordMain.runKeyword(WebUIKeywordMain.groovy:20)
	at com.kms.katalon.core.webui.keyword.builtin.VerifyTextPresentKeyword.verifyTextPresent(VerifyTextPresentKeyword.groovy:83)
	at com.kms.katalon.core.webui.keyword.builtin.VerifyTextPresentKeyword.execute(VerifyTextPresentKeyword.groovy:68)
	at com.kms.katalon.core.keyword.internal.KeywordExecutor.executeKeywordForPlatform(KeywordExecutor.groovy:74)
	at com.kms.katalon.core.webui.keyword.WebUiBuiltInKeywords.verifyTextPresent(WebUiBuiltInKeywords.groovy:1723)
	at com.kms.katalon.core.webui.keyword.WebUiBuiltInKeywords$verifyTextPresent$4.call(Unknown Source)
	at Script1652205847657.run(Script1652205847657.groovy:177)
	... 13 more
)

2022-06-30 22:23:30 - [TEST_STEP][FAILED] - verifyTextPresent("City", true): Unable to verify text 'City' is present  using regular expression (Root cause: com.kms.katalon.core.exception.StepFailedException: Unable to verify text 'City' is present  using regular expression
	at com.kms.katalon.core.webui.keyword.internal.WebUIKeywordMain.stepFailed(WebUIKeywordMain.groovy:64)
	at com.kms.katalon.core.webui.keyword.internal.WebUIKeywordMain.runKeyword(WebUIKeywordMain.groovy:26)
	at com.kms.katalon.core.webui.keyword.builtin.VerifyTextPresentKeyword.verifyTextPresent(VerifyTextPresentKeyword.groovy:83)
	at com.kms.katalon.core.webui.keyword.builtin.VerifyTextPresentKeyword.execute(VerifyTextPresentKeyword.groovy:68)
	at com.kms.katalon.core.keyword.internal.KeywordExecutor.executeKeywordForPlatform(KeywordExecutor.groovy:74)
	at com.kms.katalon.core.webui.keyword.WebUiBuiltInKeywords.verifyTextPresent(WebUiBuiltInKeywords.groovy:1723)
	at com.kms.katalon.core.webui.keyword.WebUiBuiltInKeywords$verifyTextPresent$4.call(Unknown Source)
	at Sale_TP_AllCF_Generic_Payment_TC.run(Sale_TP_AllCF_Generic_Payment_TC:178)
	at com.kms.katalon.core.main.ScriptEngine.run(ScriptEngine.java:194)
	at com.kms.katalon.core.main.ScriptEngine.runScriptAsRawText(ScriptEngine.java:119)
	at com.kms.katalon.core.main.TestCaseExecutor.runScript(TestCaseExecutor.java:442)
	at com.kms.katalon.core.main.TestCaseExecutor.doExecute(TestCaseExecutor.java:433)
	at com.kms.katalon.core.main.TestCaseExecutor.processExecutionPhase(TestCaseExecutor.java:412)
	at com.kms.katalon.core.main.TestCaseExecutor.accessMainPhase(TestCaseExecutor.java:404)
	at com.kms.katalon.core.main.TestCaseExecutor.execute(TestCaseExecutor.java:281)
	at com.kms.katalon.core.main.TestSuiteExecutor.accessTestCaseMainPhase(TestSuiteExecutor.java:202)
	at com.kms.katalon.core.main.TestSuiteExecutor.accessTestSuiteMainPhase(TestSuiteExecutor.java:164)
	at com.kms.katalon.core.main.TestSuiteExecutor.execute(TestSuiteExecutor.java:105)
	at com.kms.katalon.core.main.TestCaseMain.startTestSuite(TestCaseMain.java:185)
	at com.kms.katalon.core.main.TestCaseMain$startTestSuite$0.call(Unknown Source)
	at TempTestSuite1656640997204.run(TempTestSuite1656640997204.groovy:36)
Caused by: org.openqa.selenium.WebDriverException: chrome not reachable
  (Session info: chrome=103.0.5060.66)
Build info: version: '3.141.59', revision: 'e82be7d358', time: '2018-11-14T08:25:53'
System info: host: 'DESKTOP-B2QI6NS', ip: '192.168.1.87', os.name: 'Windows 10', os.arch: 'amd64', os.version: '10.0', java.version: '1.8.0_181'
Driver info: com.kms.katalon.selenium.driver.CChromeDriver
Capabilities {acceptInsecureCerts: true, browserName: chrome, browserVersion: 103.0.5060.66, chrome: {chromedriverVersion: 103.0.5060.53 (a1711811edd7..., userDataDir: C:\Users\imtiaz\AppData\Loc...}, goog:chromeOptions: {debuggerAddress: localhost:55017}, javascriptEnabled: true, networkConnectionEnabled: false, pageLoadStrategy: normal, platform: WINDOWS, platformName: WINDOWS, proxy: Proxy(), setWindowRect: true, strictFileInteractability: false, timeouts: {implicit: 0, pageLoad: 300000, script: 30000}, unhandledPromptBehavior: dismiss and notify, webauthn:extension:credBlob: true, webauthn:extension:largeBlob: true, webauthn:virtualAuthenticators: true}
Session ID: efa2b9eb7928154ba23a0472bf5e7ff5
*** Element info: {Using=tag name, value=body}
	at org.openqa.selenium.remote.http.W3CHttpResponseCodec.createException(W3CHttpResponseCodec.java:187)
	at org.openqa.selenium.remote.http.W3CHttpResponseCodec.decode(W3CHttpResponseCodec.java:122)
	at org.openqa.selenium.remote.http.W3CHttpResponseCodec.decode(W3CHttpResponseCodec.java:49)
	at org.openqa.selenium.remote.HttpCommandExecutor.execute(HttpCommandExecutor.java:158)
	at org.openqa.selenium.remote.service.DriverCommandExecutor.execute(DriverCommandExecutor.java:83)
	at org.openqa.selenium.remote.RemoteWebDriver.execute(RemoteWebDriver.java:552)
	at com.kms.katalon.selenium.driver.CChromeDriver.execute(CChromeDriver.java:19)
	at org.openqa.selenium.remote.RemoteWebDriver.findElement(RemoteWebDriver.java:323)
	at org.openqa.selenium.remote.RemoteWebDriver.findElementByTagName(RemoteWebDriver.java:396)
	at org.openqa.selenium.By$ByTagName.findElement(By.java:320)
	at org.openqa.selenium.remote.RemoteWebDriver.findElement(RemoteWebDriver.java:315)
	at org.openqa.selenium.support.events.EventFiringWebDriver.lambda$new$1(EventFiringWebDriver.java:105)
	at com.sun.proxy.$Proxy10.findElement(Unknown Source)
	at org.openqa.selenium.support.events.EventFiringWebDriver.findElement(EventFiringWebDriver.java:194)
	at com.kms.katalon.core.webui.common.WebUiCommonHelper.isTextPresent(WebUiCommonHelper.java:86)
	at com.kms.katalon.core.webui.keyword.builtin.VerifyTextPresentKeyword$_verifyTextPresent_closure1.doCall(VerifyTextPresentKeyword.groovy:75)
	at com.kms.katalon.core.webui.keyword.builtin.VerifyTextPresentKeyword$_verifyTextPresent_closure1.call(VerifyTextPresentKeyword.groovy)
	at com.kms.katalon.core.webui.keyword.internal.WebUIKeywordMain.runKeyword(WebUIKeywordMain.groovy:20)
	at com.kms.katalon.core.webui.keyword.builtin.VerifyTextPresentKeyword.verifyTextPresent(VerifyTextPresentKeyword.groovy:83)
	at com.kms.katalon.core.webui.keyword.builtin.VerifyTextPresentKeyword.execute(VerifyTextPresentKeyword.groovy:68)
	at com.kms.katalon.core.keyword.internal.KeywordExecutor.executeKeywordForPlatform(KeywordExecutor.groovy:74)
	at com.kms.katalon.core.webui.keyword.WebUiBuiltInKeywords.verifyTextPresent(WebUiBuiltInKeywords.groovy:1723)
	at com.kms.katalon.core.webui.keyword.WebUiBuiltInKeywords$verifyTextPresent$4.call(Unknown Source)
	at Script1652205847657.run(Script1652205847657.groovy:178)
	... 13 more
)

2022-06-30 22:23:42 - [MESSAGE][WARNING] - Cannot take screenshot

2022-06-30 22:23:42 - [MESSAGE][FAILED] - Unable to verify text 'City' is present  using regular expression (Root cause: com.kms.katalon.core.exception.StepFailedException: Unable to verify text 'City' is present  using regular expression
	at com.kms.katalon.core.webui.keyword.internal.WebUIKeywordMain.stepFailed(WebUIKeywordMain.groovy:64)
	at com.kms.katalon.core.webui.keyword.internal.WebUIKeywordMain.runKeyword(WebUIKeywordMain.groovy:26)
	at com.kms.katalon.core.webui.keyword.builtin.VerifyTextPresentKeyword.verifyTextPresent(VerifyTextPresentKeyword.groovy:83)
	at com.kms.katalon.core.webui.keyword.builtin.VerifyTextPresentKeyword.execute(VerifyTextPresentKeyword.groovy:68)
	at com.kms.katalon.core.keyword.internal.KeywordExecutor.executeKeywordForPlatform(KeywordExecutor.groovy:74)
	at com.kms.katalon.core.webui.keyword.WebUiBuiltInKeywords.verifyTextPresent(WebUiBuiltInKeywords.groovy:1723)
	at com.kms.katalon.core.webui.keyword.WebUiBuiltInKeywords$verifyTextPresent$4.call(Unknown Source)
	at Sale_TP_AllCF_Generic_Payment_TC.run(Sale_TP_AllCF_Generic_Payment_TC:178)
	at com.kms.katalon.core.main.ScriptEngine.run(ScriptEngine.java:194)
	at com.kms.katalon.core.main.ScriptEngine.runScriptAsRawText(ScriptEngine.java:119)
	at com.kms.katalon.core.main.TestCaseExecutor.runScript(TestCaseExecutor.java:442)
	at com.kms.katalon.core.main.TestCaseExecutor.doExecute(TestCaseExecutor.java:433)
	at com.kms.katalon.core.main.TestCaseExecutor.processExecutionPhase(TestCaseExecutor.java:412)
	at com.kms.katalon.core.main.TestCaseExecutor.accessMainPhase(TestCaseExecutor.java:404)
	at com.kms.katalon.core.main.TestCaseExecutor.execute(TestCaseExecutor.java:281)
	at com.kms.katalon.core.main.TestSuiteExecutor.accessTestCaseMainPhase(TestSuiteExecutor.java:202)
	at com.kms.katalon.core.main.TestSuiteExecutor.accessTestSuiteMainPhase(TestSuiteExecutor.java:164)
	at com.kms.katalon.core.main.TestSuiteExecutor.execute(TestSuiteExecutor.java:105)
	at com.kms.katalon.core.main.TestCaseMain.startTestSuite(TestCaseMain.java:185)
	at com.kms.katalon.core.main.TestCaseMain$startTestSuite$0.call(Unknown Source)
	at TempTestSuite1656640997204.run(TempTestSuite1656640997204.groovy:36)
Caused by: org.openqa.selenium.WebDriverException: chrome not reachable
  (Session info: chrome=103.0.5060.66)
Build info: version: '3.141.59', revision: 'e82be7d358', time: '2018-11-14T08:25:53'
System info: host: 'DESKTOP-B2QI6NS', ip: '192.168.1.87', os.name: 'Windows 10', os.arch: 'amd64', os.version: '10.0', java.version: '1.8.0_181'
Driver info: com.kms.katalon.selenium.driver.CChromeDriver
Capabilities {acceptInsecureCerts: true, browserName: chrome, browserVersion: 103.0.5060.66, chrome: {chromedriverVersion: 103.0.5060.53 (a1711811edd7..., userDataDir: C:\Users\imtiaz\AppData\Loc...}, goog:chromeOptions: {debuggerAddress: localhost:55017}, javascriptEnabled: true, networkConnectionEnabled: false, pageLoadStrategy: normal, platform: WINDOWS, platformName: WINDOWS, proxy: Proxy(), setWindowRect: true, strictFileInteractability: false, timeouts: {implicit: 0, pageLoad: 300000, script: 30000}, unhandledPromptBehavior: dismiss and notify, webauthn:extension:credBlob: true, webauthn:extension:largeBlob: true, webauthn:virtualAuthenticators: true}
Session ID: efa2b9eb7928154ba23a0472bf5e7ff5
*** Element info: {Using=tag name, value=body}
	at org.openqa.selenium.remote.http.W3CHttpResponseCodec.createException(W3CHttpResponseCodec.java:187)
	at org.openqa.selenium.remote.http.W3CHttpResponseCodec.decode(W3CHttpResponseCodec.java:122)
	at org.openqa.selenium.remote.http.W3CHttpResponseCodec.decode(W3CHttpResponseCodec.java:49)
	at org.openqa.selenium.remote.HttpCommandExecutor.execute(HttpCommandExecutor.java:158)
	at org.openqa.selenium.remote.service.DriverCommandExecutor.execute(DriverCommandExecutor.java:83)
	at org.openqa.selenium.remote.RemoteWebDriver.execute(RemoteWebDriver.java:552)
	at com.kms.katalon.selenium.driver.CChromeDriver.execute(CChromeDriver.java:19)
	at org.openqa.selenium.remote.RemoteWebDriver.findElement(RemoteWebDriver.java:323)
	at org.openqa.selenium.remote.RemoteWebDriver.findElementByTagName(RemoteWebDriver.java:396)
	at org.openqa.selenium.By$ByTagName.findElement(By.java:320)
	at org.openqa.selenium.remote.RemoteWebDriver.findElement(RemoteWebDriver.java:315)
	at org.openqa.selenium.support.events.EventFiringWebDriver.lambda$new$1(EventFiringWebDriver.java:105)
	at com.sun.proxy.$Proxy10.findElement(Unknown Source)
	at org.openqa.selenium.support.events.EventFiringWebDriver.findElement(EventFiringWebDriver.java:194)
	at com.kms.katalon.core.webui.common.WebUiCommonHelper.isTextPresent(WebUiCommonHelper.java:86)
	at com.kms.katalon.core.webui.keyword.builtin.VerifyTextPresentKeyword$_verifyTextPresent_closure1.doCall(VerifyTextPresentKeyword.groovy:75)
	at com.kms.katalon.core.webui.keyword.builtin.VerifyTextPresentKeyword$_verifyTextPresent_closure1.call(VerifyTextPresentKeyword.groovy)
	at com.kms.katalon.core.webui.keyword.internal.WebUIKeywordMain.runKeyword(WebUIKeywordMain.groovy:20)
	at com.kms.katalon.core.webui.keyword.builtin.VerifyTextPresentKeyword.verifyTextPresent(VerifyTextPresentKeyword.groovy:83)
	at com.kms.katalon.core.webui.keyword.builtin.VerifyTextPresentKeyword.execute(VerifyTextPresentKeyword.groovy:68)
	at com.kms.katalon.core.keyword.internal.KeywordExecutor.executeKeywordForPlatform(KeywordExecutor.groovy:74)
	at com.kms.katalon.core.webui.keyword.WebUiBuiltInKeywords.verifyTextPresent(WebUiBuiltInKeywords.groovy:1723)
	at com.kms.katalon.core.webui.keyword.WebUiBuiltInKeywords$verifyTextPresent$4.call(Unknown Source)
	at Script1652205847657.run(Script1652205847657.groovy:178)
	... 13 more
)

2022-06-30 22:23:42 - [TEST_STEP][FAILED] - verifyTextPresent("State", true): Unable to verify text 'State' is present  using regular expression (Root cause: com.kms.katalon.core.exception.StepFailedException: Unable to verify text 'State' is present  using regular expression
	at com.kms.katalon.core.webui.keyword.internal.WebUIKeywordMain.stepFailed(WebUIKeywordMain.groovy:64)
	at com.kms.katalon.core.webui.keyword.internal.WebUIKeywordMain.runKeyword(WebUIKeywordMain.groovy:26)
	at com.kms.katalon.core.webui.keyword.builtin.VerifyTextPresentKeyword.verifyTextPresent(VerifyTextPresentKeyword.groovy:83)
	at com.kms.katalon.core.webui.keyword.builtin.VerifyTextPresentKeyword.execute(VerifyTextPresentKeyword.groovy:68)
	at com.kms.katalon.core.keyword.internal.KeywordExecutor.executeKeywordForPlatform(KeywordExecutor.groovy:74)
	at com.kms.katalon.core.webui.keyword.WebUiBuiltInKeywords.verifyTextPresent(WebUiBuiltInKeywords.groovy:1723)
	at com.kms.katalon.core.webui.keyword.WebUiBuiltInKeywords$verifyTextPresent$4.call(Unknown Source)
	at Sale_TP_AllCF_Generic_Payment_TC.run(Sale_TP_AllCF_Generic_Payment_TC:179)
	at com.kms.katalon.core.main.ScriptEngine.run(ScriptEngine.java:194)
	at com.kms.katalon.core.main.ScriptEngine.runScriptAsRawText(ScriptEngine.java:119)
	at com.kms.katalon.core.main.TestCaseExecutor.runScript(TestCaseExecutor.java:442)
	at com.kms.katalon.core.main.TestCaseExecutor.doExecute(TestCaseExecutor.java:433)
	at com.kms.katalon.core.main.TestCaseExecutor.processExecutionPhase(TestCaseExecutor.java:412)
	at com.kms.katalon.core.main.TestCaseExecutor.accessMainPhase(TestCaseExecutor.java:404)
	at com.kms.katalon.core.main.TestCaseExecutor.execute(TestCaseExecutor.java:281)
	at com.kms.katalon.core.main.TestSuiteExecutor.accessTestCaseMainPhase(TestSuiteExecutor.java:202)
	at com.kms.katalon.core.main.TestSuiteExecutor.accessTestSuiteMainPhase(TestSuiteExecutor.java:164)
	at com.kms.katalon.core.main.TestSuiteExecutor.execute(TestSuiteExecutor.java:105)
	at com.kms.katalon.core.main.TestCaseMain.startTestSuite(TestCaseMain.java:185)
	at com.kms.katalon.core.main.TestCaseMain$startTestSuite$0.call(Unknown Source)
	at TempTestSuite1656640997204.run(TempTestSuite1656640997204.groovy:36)
Caused by: org.openqa.selenium.WebDriverException: chrome not reachable
  (Session info: chrome=103.0.5060.66)
Build info: version: '3.141.59', revision: 'e82be7d358', time: '2018-11-14T08:25:53'
System info: host: 'DESKTOP-B2QI6NS', ip: '192.168.1.87', os.name: 'Windows 10', os.arch: 'amd64', os.version: '10.0', java.version: '1.8.0_181'
Driver info: com.kms.katalon.selenium.driver.CChromeDriver
Capabilities {acceptInsecureCerts: true, browserName: chrome, browserVersion: 103.0.5060.66, chrome: {chromedriverVersion: 103.0.5060.53 (a1711811edd7..., userDataDir: C:\Users\imtiaz\AppData\Loc...}, goog:chromeOptions: {debuggerAddress: localhost:55017}, javascriptEnabled: true, networkConnectionEnabled: false, pageLoadStrategy: normal, platform: WINDOWS, platformName: WINDOWS, proxy: Proxy(), setWindowRect: true, strictFileInteractability: false, timeouts: {implicit: 0, pageLoad: 300000, script: 30000}, unhandledPromptBehavior: dismiss and notify, webauthn:extension:credBlob: true, webauthn:extension:largeBlob: true, webauthn:virtualAuthenticators: true}
Session ID: efa2b9eb7928154ba23a0472bf5e7ff5
*** Element info: {Using=tag name, value=body}
	at org.openqa.selenium.remote.http.W3CHttpResponseCodec.createException(W3CHttpResponseCodec.java:187)
	at org.openqa.selenium.remote.http.W3CHttpResponseCodec.decode(W3CHttpResponseCodec.java:122)
	at org.openqa.selenium.remote.http.W3CHttpResponseCodec.decode(W3CHttpResponseCodec.java:49)
	at org.openqa.selenium.remote.HttpCommandExecutor.execute(HttpCommandExecutor.java:158)
	at org.openqa.selenium.remote.service.DriverCommandExecutor.execute(DriverCommandExecutor.java:83)
	at org.openqa.selenium.remote.RemoteWebDriver.execute(RemoteWebDriver.java:552)
	at com.kms.katalon.selenium.driver.CChromeDriver.execute(CChromeDriver.java:19)
	at org.openqa.selenium.remote.RemoteWebDriver.findElement(RemoteWebDriver.java:323)
	at org.openqa.selenium.remote.RemoteWebDriver.findElementByTagName(RemoteWebDriver.java:396)
	at org.openqa.selenium.By$ByTagName.findElement(By.java:320)
	at org.openqa.selenium.remote.RemoteWebDriver.findElement(RemoteWebDriver.java:315)
	at org.openqa.selenium.support.events.EventFiringWebDriver.lambda$new$1(EventFiringWebDriver.java:105)
	at com.sun.proxy.$Proxy10.findElement(Unknown Source)
	at org.openqa.selenium.support.events.EventFiringWebDriver.findElement(EventFiringWebDriver.java:194)
	at com.kms.katalon.core.webui.common.WebUiCommonHelper.isTextPresent(WebUiCommonHelper.java:86)
	at com.kms.katalon.core.webui.keyword.builtin.VerifyTextPresentKeyword$_verifyTextPresent_closure1.doCall(VerifyTextPresentKeyword.groovy:75)
	at com.kms.katalon.core.webui.keyword.builtin.VerifyTextPresentKeyword$_verifyTextPresent_closure1.call(VerifyTextPresentKeyword.groovy)
	at com.kms.katalon.core.webui.keyword.internal.WebUIKeywordMain.runKeyword(WebUIKeywordMain.groovy:20)
	at com.kms.katalon.core.webui.keyword.builtin.VerifyTextPresentKeyword.verifyTextPresent(VerifyTextPresentKeyword.groovy:83)
	at com.kms.katalon.core.webui.keyword.builtin.VerifyTextPresentKeyword.execute(VerifyTextPresentKeyword.groovy:68)
	at com.kms.katalon.core.keyword.internal.KeywordExecutor.executeKeywordForPlatform(KeywordExecutor.groovy:74)
	at com.kms.katalon.core.webui.keyword.WebUiBuiltInKeywords.verifyTextPresent(WebUiBuiltInKeywords.groovy:1723)
	at com.kms.katalon.core.webui.keyword.WebUiBuiltInKeywords$verifyTextPresent$4.call(Unknown Source)
	at Script1652205847657.run(Script1652205847657.groovy:179)
	... 13 more
)

2022-06-30 22:23:54 - [MESSAGE][WARNING] - Cannot take screenshot

2022-06-30 22:23:54 - [MESSAGE][FAILED] - Unable to verify text 'State' is present  using regular expression (Root cause: com.kms.katalon.core.exception.StepFailedException: Unable to verify text 'State' is present  using regular expression
	at com.kms.katalon.core.webui.keyword.internal.WebUIKeywordMain.stepFailed(WebUIKeywordMain.groovy:64)
	at com.kms.katalon.core.webui.keyword.internal.WebUIKeywordMain.runKeyword(WebUIKeywordMain.groovy:26)
	at com.kms.katalon.core.webui.keyword.builtin.VerifyTextPresentKeyword.verifyTextPresent(VerifyTextPresentKeyword.groovy:83)
	at com.kms.katalon.core.webui.keyword.builtin.VerifyTextPresentKeyword.execute(VerifyTextPresentKeyword.groovy:68)
	at com.kms.katalon.core.keyword.internal.KeywordExecutor.executeKeywordForPlatform(KeywordExecutor.groovy:74)
	at com.kms.katalon.core.webui.keyword.WebUiBuiltInKeywords.verifyTextPresent(WebUiBuiltInKeywords.groovy:1723)
	at com.kms.katalon.core.webui.keyword.WebUiBuiltInKeywords$verifyTextPresent$4.call(Unknown Source)
	at Sale_TP_AllCF_Generic_Payment_TC.run(Sale_TP_AllCF_Generic_Payment_TC:179)
	at com.kms.katalon.core.main.ScriptEngine.run(ScriptEngine.java:194)
	at com.kms.katalon.core.main.ScriptEngine.runScriptAsRawText(ScriptEngine.java:119)
	at com.kms.katalon.core.main.TestCaseExecutor.runScript(TestCaseExecutor.java:442)
	at com.kms.katalon.core.main.TestCaseExecutor.doExecute(TestCaseExecutor.java:433)
	at com.kms.katalon.core.main.TestCaseExecutor.processExecutionPhase(TestCaseExecutor.java:412)
	at com.kms.katalon.core.main.TestCaseExecutor.accessMainPhase(TestCaseExecutor.java:404)
	at com.kms.katalon.core.main.TestCaseExecutor.execute(TestCaseExecutor.java:281)
	at com.kms.katalon.core.main.TestSuiteExecutor.accessTestCaseMainPhase(TestSuiteExecutor.java:202)
	at com.kms.katalon.core.main.TestSuiteExecutor.accessTestSuiteMainPhase(TestSuiteExecutor.java:164)
	at com.kms.katalon.core.main.TestSuiteExecutor.execute(TestSuiteExecutor.java:105)
	at com.kms.katalon.core.main.TestCaseMain.startTestSuite(TestCaseMain.java:185)
	at com.kms.katalon.core.main.TestCaseMain$startTestSuite$0.call(Unknown Source)
	at TempTestSuite1656640997204.run(TempTestSuite1656640997204.groovy:36)
Caused by: org.openqa.selenium.WebDriverException: chrome not reachable
  (Session info: chrome=103.0.5060.66)
Build info: version: '3.141.59', revision: 'e82be7d358', time: '2018-11-14T08:25:53'
System info: host: 'DESKTOP-B2QI6NS', ip: '192.168.1.87', os.name: 'Windows 10', os.arch: 'amd64', os.version: '10.0', java.version: '1.8.0_181'
Driver info: com.kms.katalon.selenium.driver.CChromeDriver
Capabilities {acceptInsecureCerts: true, browserName: chrome, browserVersion: 103.0.5060.66, chrome: {chromedriverVersion: 103.0.5060.53 (a1711811edd7..., userDataDir: C:\Users\imtiaz\AppData\Loc...}, goog:chromeOptions: {debuggerAddress: localhost:55017}, javascriptEnabled: true, networkConnectionEnabled: false, pageLoadStrategy: normal, platform: WINDOWS, platformName: WINDOWS, proxy: Proxy(), setWindowRect: true, strictFileInteractability: false, timeouts: {implicit: 0, pageLoad: 300000, script: 30000}, unhandledPromptBehavior: dismiss and notify, webauthn:extension:credBlob: true, webauthn:extension:largeBlob: true, webauthn:virtualAuthenticators: true}
Session ID: efa2b9eb7928154ba23a0472bf5e7ff5
*** Element info: {Using=tag name, value=body}
	at org.openqa.selenium.remote.http.W3CHttpResponseCodec.createException(W3CHttpResponseCodec.java:187)
	at org.openqa.selenium.remote.http.W3CHttpResponseCodec.decode(W3CHttpResponseCodec.java:122)
	at org.openqa.selenium.remote.http.W3CHttpResponseCodec.decode(W3CHttpResponseCodec.java:49)
	at org.openqa.selenium.remote.HttpCommandExecutor.execute(HttpCommandExecutor.java:158)
	at org.openqa.selenium.remote.service.DriverCommandExecutor.execute(DriverCommandExecutor.java:83)
	at org.openqa.selenium.remote.RemoteWebDriver.execute(RemoteWebDriver.java:552)
	at com.kms.katalon.selenium.driver.CChromeDriver.execute(CChromeDriver.java:19)
	at org.openqa.selenium.remote.RemoteWebDriver.findElement(RemoteWebDriver.java:323)
	at org.openqa.selenium.remote.RemoteWebDriver.findElementByTagName(RemoteWebDriver.java:396)
	at org.openqa.selenium.By$ByTagName.findElement(By.java:320)
	at org.openqa.selenium.remote.RemoteWebDriver.findElement(RemoteWebDriver.java:315)
	at org.openqa.selenium.support.events.EventFiringWebDriver.lambda$new$1(EventFiringWebDriver.java:105)
	at com.sun.proxy.$Proxy10.findElement(Unknown Source)
	at org.openqa.selenium.support.events.EventFiringWebDriver.findElement(EventFiringWebDriver.java:194)
	at com.kms.katalon.core.webui.common.WebUiCommonHelper.isTextPresent(WebUiCommonHelper.java:86)
	at com.kms.katalon.core.webui.keyword.builtin.VerifyTextPresentKeyword$_verifyTextPresent_closure1.doCall(VerifyTextPresentKeyword.groovy:75)
	at com.kms.katalon.core.webui.keyword.builtin.VerifyTextPresentKeyword$_verifyTextPresent_closure1.call(VerifyTextPresentKeyword.groovy)
	at com.kms.katalon.core.webui.keyword.internal.WebUIKeywordMain.runKeyword(WebUIKeywordMain.groovy:20)
	at com.kms.katalon.core.webui.keyword.builtin.VerifyTextPresentKeyword.verifyTextPresent(VerifyTextPresentKeyword.groovy:83)
	at com.kms.katalon.core.webui.keyword.builtin.VerifyTextPresentKeyword.execute(VerifyTextPresentKeyword.groovy:68)
	at com.kms.katalon.core.keyword.internal.KeywordExecutor.executeKeywordForPlatform(KeywordExecutor.groovy:74)
	at com.kms.katalon.core.webui.keyword.WebUiBuiltInKeywords.verifyTextPresent(WebUiBuiltInKeywords.groovy:1723)
	at com.kms.katalon.core.webui.keyword.WebUiBuiltInKeywords$verifyTextPresent$4.call(Unknown Source)
	at Script1652205847657.run(Script1652205847657.groovy:179)
	... 13 more
)

2022-06-30 22:23:54 - [TEST_STEP][FAILED] - verifyTextPresent("ZIP Code", true): Unable to verify text 'ZIP Code' is present  using regular expression (Root cause: com.kms.katalon.core.exception.StepFailedException: Unable to verify text 'ZIP Code' is present  using regular expression
	at com.kms.katalon.core.webui.keyword.internal.WebUIKeywordMain.stepFailed(WebUIKeywordMain.groovy:64)
	at com.kms.katalon.core.webui.keyword.internal.WebUIKeywordMain.runKeyword(WebUIKeywordMain.groovy:26)
	at com.kms.katalon.core.webui.keyword.builtin.VerifyTextPresentKeyword.verifyTextPresent(VerifyTextPresentKeyword.groovy:83)
	at com.kms.katalon.core.webui.keyword.builtin.VerifyTextPresentKeyword.execute(VerifyTextPresentKeyword.groovy:68)
	at com.kms.katalon.core.keyword.internal.KeywordExecutor.executeKeywordForPlatform(KeywordExecutor.groovy:74)
	at com.kms.katalon.core.webui.keyword.WebUiBuiltInKeywords.verifyTextPresent(WebUiBuiltInKeywords.groovy:1723)
	at com.kms.katalon.core.webui.keyword.WebUiBuiltInKeywords$verifyTextPresent$4.call(Unknown Source)
	at Sale_TP_AllCF_Generic_Payment_TC.run(Sale_TP_AllCF_Generic_Payment_TC:180)
	at com.kms.katalon.core.main.ScriptEngine.run(ScriptEngine.java:194)
	at com.kms.katalon.core.main.ScriptEngine.runScriptAsRawText(ScriptEngine.java:119)
	at com.kms.katalon.core.main.TestCaseExecutor.runScript(TestCaseExecutor.java:442)
	at com.kms.katalon.core.main.TestCaseExecutor.doExecute(TestCaseExecutor.java:433)
	at com.kms.katalon.core.main.TestCaseExecutor.processExecutionPhase(TestCaseExecutor.java:412)
	at com.kms.katalon.core.main.TestCaseExecutor.accessMainPhase(TestCaseExecutor.java:404)
	at com.kms.katalon.core.main.TestCaseExecutor.execute(TestCaseExecutor.java:281)
	at com.kms.katalon.core.main.TestSuiteExecutor.accessTestCaseMainPhase(TestSuiteExecutor.java:202)
	at com.kms.katalon.core.main.TestSuiteExecutor.accessTestSuiteMainPhase(TestSuiteExecutor.java:164)
	at com.kms.katalon.core.main.TestSuiteExecutor.execute(TestSuiteExecutor.java:105)
	at com.kms.katalon.core.main.TestCaseMain.startTestSuite(TestCaseMain.java:185)
	at com.kms.katalon.core.main.TestCaseMain$startTestSuite$0.call(Unknown Source)
	at TempTestSuite1656640997204.run(TempTestSuite1656640997204.groovy:36)
Caused by: org.openqa.selenium.WebDriverException: chrome not reachable
  (Session info: chrome=103.0.5060.66)
Build info: version: '3.141.59', revision: 'e82be7d358', time: '2018-11-14T08:25:53'
System info: host: 'DESKTOP-B2QI6NS', ip: '192.168.1.87', os.name: 'Windows 10', os.arch: 'amd64', os.version: '10.0', java.version: '1.8.0_181'
Driver info: com.kms.katalon.selenium.driver.CChromeDriver
Capabilities {acceptInsecureCerts: true, browserName: chrome, browserVersion: 103.0.5060.66, chrome: {chromedriverVersion: 103.0.5060.53 (a1711811edd7..., userDataDir: C:\Users\imtiaz\AppData\Loc...}, goog:chromeOptions: {debuggerAddress: localhost:55017}, javascriptEnabled: true, networkConnectionEnabled: false, pageLoadStrategy: normal, platform: WINDOWS, platformName: WINDOWS, proxy: Proxy(), setWindowRect: true, strictFileInteractability: false, timeouts: {implicit: 0, pageLoad: 300000, script: 30000}, unhandledPromptBehavior: dismiss and notify, webauthn:extension:credBlob: true, webauthn:extension:largeBlob: true, webauthn:virtualAuthenticators: true}
Session ID: efa2b9eb7928154ba23a0472bf5e7ff5
*** Element info: {Using=tag name, value=body}
	at org.openqa.selenium.remote.http.W3CHttpResponseCodec.createException(W3CHttpResponseCodec.java:187)
	at org.openqa.selenium.remote.http.W3CHttpResponseCodec.decode(W3CHttpResponseCodec.java:122)
	at org.openqa.selenium.remote.http.W3CHttpResponseCodec.decode(W3CHttpResponseCodec.java:49)
	at org.openqa.selenium.remote.HttpCommandExecutor.execute(HttpCommandExecutor.java:158)
	at org.openqa.selenium.remote.service.DriverCommandExecutor.execute(DriverCommandExecutor.java:83)
	at org.openqa.selenium.remote.RemoteWebDriver.execute(RemoteWebDriver.java:552)
	at com.kms.katalon.selenium.driver.CChromeDriver.execute(CChromeDriver.java:19)
	at org.openqa.selenium.remote.RemoteWebDriver.findElement(RemoteWebDriver.java:323)
	at org.openqa.selenium.remote.RemoteWebDriver.findElementByTagName(RemoteWebDriver.java:396)
	at org.openqa.selenium.By$ByTagName.findElement(By.java:320)
	at org.openqa.selenium.remote.RemoteWebDriver.findElement(RemoteWebDriver.java:315)
	at org.openqa.selenium.support.events.EventFiringWebDriver.lambda$new$1(EventFiringWebDriver.java:105)
	at com.sun.proxy.$Proxy10.findElement(Unknown Source)
	at org.openqa.selenium.support.events.EventFiringWebDriver.findElement(EventFiringWebDriver.java:194)
	at com.kms.katalon.core.webui.common.WebUiCommonHelper.isTextPresent(WebUiCommonHelper.java:86)
	at com.kms.katalon.core.webui.keyword.builtin.VerifyTextPresentKeyword$_verifyTextPresent_closure1.doCall(VerifyTextPresentKeyword.groovy:75)
	at com.kms.katalon.core.webui.keyword.builtin.VerifyTextPresentKeyword$_verifyTextPresent_closure1.call(VerifyTextPresentKeyword.groovy)
	at com.kms.katalon.core.webui.keyword.internal.WebUIKeywordMain.runKeyword(WebUIKeywordMain.groovy:20)
	at com.kms.katalon.core.webui.keyword.builtin.VerifyTextPresentKeyword.verifyTextPresent(VerifyTextPresentKeyword.groovy:83)
	at com.kms.katalon.core.webui.keyword.builtin.VerifyTextPresentKeyword.execute(VerifyTextPresentKeyword.groovy:68)
	at com.kms.katalon.core.keyword.internal.KeywordExecutor.executeKeywordForPlatform(KeywordExecutor.groovy:74)
	at com.kms.katalon.core.webui.keyword.WebUiBuiltInKeywords.verifyTextPresent(WebUiBuiltInKeywords.groovy:1723)
	at com.kms.katalon.core.webui.keyword.WebUiBuiltInKeywords$verifyTextPresent$4.call(Unknown Source)
	at Script1652205847657.run(Script1652205847657.groovy:180)
	... 13 more
)

2022-06-30 22:24:06 - [MESSAGE][WARNING] - Cannot take screenshot

2022-06-30 22:24:06 - [MESSAGE][FAILED] - Unable to verify text 'ZIP Code' is present  using regular expression (Root cause: com.kms.katalon.core.exception.StepFailedException: Unable to verify text 'ZIP Code' is present  using regular expression
	at com.kms.katalon.core.webui.keyword.internal.WebUIKeywordMain.stepFailed(WebUIKeywordMain.groovy:64)
	at com.kms.katalon.core.webui.keyword.internal.WebUIKeywordMain.runKeyword(WebUIKeywordMain.groovy:26)
	at com.kms.katalon.core.webui.keyword.builtin.VerifyTextPresentKeyword.verifyTextPresent(VerifyTextPresentKeyword.groovy:83)
	at com.kms.katalon.core.webui.keyword.builtin.VerifyTextPresentKeyword.execute(VerifyTextPresentKeyword.groovy:68)
	at com.kms.katalon.core.keyword.internal.KeywordExecutor.executeKeywordForPlatform(KeywordExecutor.groovy:74)
	at com.kms.katalon.core.webui.keyword.WebUiBuiltInKeywords.verifyTextPresent(WebUiBuiltInKeywords.groovy:1723)
	at com.kms.katalon.core.webui.keyword.WebUiBuiltInKeywords$verifyTextPresent$4.call(Unknown Source)
	at Sale_TP_AllCF_Generic_Payment_TC.run(Sale_TP_AllCF_Generic_Payment_TC:180)
	at com.kms.katalon.core.main.ScriptEngine.run(ScriptEngine.java:194)
	at com.kms.katalon.core.main.ScriptEngine.runScriptAsRawText(ScriptEngine.java:119)
	at com.kms.katalon.core.main.TestCaseExecutor.runScript(TestCaseExecutor.java:442)
	at com.kms.katalon.core.main.TestCaseExecutor.doExecute(TestCaseExecutor.java:433)
	at com.kms.katalon.core.main.TestCaseExecutor.processExecutionPhase(TestCaseExecutor.java:412)
	at com.kms.katalon.core.main.TestCaseExecutor.accessMainPhase(TestCaseExecutor.java:404)
	at com.kms.katalon.core.main.TestCaseExecutor.execute(TestCaseExecutor.java:281)
	at com.kms.katalon.core.main.TestSuiteExecutor.accessTestCaseMainPhase(TestSuiteExecutor.java:202)
	at com.kms.katalon.core.main.TestSuiteExecutor.accessTestSuiteMainPhase(TestSuiteExecutor.java:164)
	at com.kms.katalon.core.main.TestSuiteExecutor.execute(TestSuiteExecutor.java:105)
	at com.kms.katalon.core.main.TestCaseMain.startTestSuite(TestCaseMain.java:185)
	at com.kms.katalon.core.main.TestCaseMain$startTestSuite$0.call(Unknown Source)
	at TempTestSuite1656640997204.run(TempTestSuite1656640997204.groovy:36)
Caused by: org.openqa.selenium.WebDriverException: chrome not reachable
  (Session info: chrome=103.0.5060.66)
Build info: version: '3.141.59', revision: 'e82be7d358', time: '2018-11-14T08:25:53'
System info: host: 'DESKTOP-B2QI6NS', ip: '192.168.1.87', os.name: 'Windows 10', os.arch: 'amd64', os.version: '10.0', java.version: '1.8.0_181'
Driver info: com.kms.katalon.selenium.driver.CChromeDriver
Capabilities {acceptInsecureCerts: true, browserName: chrome, browserVersion: 103.0.5060.66, chrome: {chromedriverVersion: 103.0.5060.53 (a1711811edd7..., userDataDir: C:\Users\imtiaz\AppData\Loc...}, goog:chromeOptions: {debuggerAddress: localhost:55017}, javascriptEnabled: true, networkConnectionEnabled: false, pageLoadStrategy: normal, platform: WINDOWS, platformName: WINDOWS, proxy: Proxy(), setWindowRect: true, strictFileInteractability: false, timeouts: {implicit: 0, pageLoad: 300000, script: 30000}, unhandledPromptBehavior: dismiss and notify, webauthn:extension:credBlob: true, webauthn:extension:largeBlob: true, webauthn:virtualAuthenticators: true}
Session ID: efa2b9eb7928154ba23a0472bf5e7ff5
*** Element info: {Using=tag name, value=body}
	at org.openqa.selenium.remote.http.W3CHttpResponseCodec.createException(W3CHttpResponseCodec.java:187)
	at org.openqa.selenium.remote.http.W3CHttpResponseCodec.decode(W3CHttpResponseCodec.java:122)
	at org.openqa.selenium.remote.http.W3CHttpResponseCodec.decode(W3CHttpResponseCodec.java:49)
	at org.openqa.selenium.remote.HttpCommandExecutor.execute(HttpCommandExecutor.java:158)
	at org.openqa.selenium.remote.service.DriverCommandExecutor.execute(DriverCommandExecutor.java:83)
	at org.openqa.selenium.remote.RemoteWebDriver.execute(RemoteWebDriver.java:552)
	at com.kms.katalon.selenium.driver.CChromeDriver.execute(CChromeDriver.java:19)
	at org.openqa.selenium.remote.RemoteWebDriver.findElement(RemoteWebDriver.java:323)
	at org.openqa.selenium.remote.RemoteWebDriver.findElementByTagName(RemoteWebDriver.java:396)
	at org.openqa.selenium.By$ByTagName.findElement(By.java:320)
	at org.openqa.selenium.remote.RemoteWebDriver.findElement(RemoteWebDriver.java:315)
	at org.openqa.selenium.support.events.EventFiringWebDriver.lambda$new$1(EventFiringWebDriver.java:105)
	at com.sun.proxy.$Proxy10.findElement(Unknown Source)
	at org.openqa.selenium.support.events.EventFiringWebDriver.findElement(EventFiringWebDriver.java:194)
	at com.kms.katalon.core.webui.common.WebUiCommonHelper.isTextPresent(WebUiCommonHelper.java:86)
	at com.kms.katalon.core.webui.keyword.builtin.VerifyTextPresentKeyword$_verifyTextPresent_closure1.doCall(VerifyTextPresentKeyword.groovy:75)
	at com.kms.katalon.core.webui.keyword.builtin.VerifyTextPresentKeyword$_verifyTextPresent_closure1.call(VerifyTextPresentKeyword.groovy)
	at com.kms.katalon.core.webui.keyword.internal.WebUIKeywordMain.runKeyword(WebUIKeywordMain.groovy:20)
	at com.kms.katalon.core.webui.keyword.builtin.VerifyTextPresentKeyword.verifyTextPresent(VerifyTextPresentKeyword.groovy:83)
	at com.kms.katalon.core.webui.keyword.builtin.VerifyTextPresentKeyword.execute(VerifyTextPresentKeyword.groovy:68)
	at com.kms.katalon.core.keyword.internal.KeywordExecutor.executeKeywordForPlatform(KeywordExecutor.groovy:74)
	at com.kms.katalon.core.webui.keyword.WebUiBuiltInKeywords.verifyTextPresent(WebUiBuiltInKeywords.groovy:1723)
	at com.kms.katalon.core.webui.keyword.WebUiBuiltInKeywords$verifyTextPresent$4.call(Unknown Source)
	at Script1652205847657.run(Script1652205847657.groovy:180)
	... 13 more
)

2022-06-30 22:24:06 - [TEST_STEP][FAILED] - verifyTextPresent("248 PhoolKaante road", true): Unable to verify text '248 PhoolKaante road' is present  using regular expression (Root cause: com.kms.katalon.core.exception.StepFailedException: Unable to verify text '248 PhoolKaante road' is present  using regular expression
	at com.kms.katalon.core.webui.keyword.internal.WebUIKeywordMain.stepFailed(WebUIKeywordMain.groovy:64)
	at com.kms.katalon.core.webui.keyword.internal.WebUIKeywordMain.runKeyword(WebUIKeywordMain.groovy:26)
	at com.kms.katalon.core.webui.keyword.builtin.VerifyTextPresentKeyword.verifyTextPresent(VerifyTextPresentKeyword.groovy:83)
	at com.kms.katalon.core.webui.keyword.builtin.VerifyTextPresentKeyword.execute(VerifyTextPresentKeyword.groovy:68)
	at com.kms.katalon.core.keyword.internal.KeywordExecutor.executeKeywordForPlatform(KeywordExecutor.groovy:74)
	at com.kms.katalon.core.webui.keyword.WebUiBuiltInKeywords.verifyTextPresent(WebUiBuiltInKeywords.groovy:1723)
	at com.kms.katalon.core.webui.keyword.WebUiBuiltInKeywords$verifyTextPresent$4.call(Unknown Source)
	at Sale_TP_AllCF_Generic_Payment_TC.run(Sale_TP_AllCF_Generic_Payment_TC:182)
	at com.kms.katalon.core.main.ScriptEngine.run(ScriptEngine.java:194)
	at com.kms.katalon.core.main.ScriptEngine.runScriptAsRawText(ScriptEngine.java:119)
	at com.kms.katalon.core.main.TestCaseExecutor.runScript(TestCaseExecutor.java:442)
	at com.kms.katalon.core.main.TestCaseExecutor.doExecute(TestCaseExecutor.java:433)
	at com.kms.katalon.core.main.TestCaseExecutor.processExecutionPhase(TestCaseExecutor.java:412)
	at com.kms.katalon.core.main.TestCaseExecutor.accessMainPhase(TestCaseExecutor.java:404)
	at com.kms.katalon.core.main.TestCaseExecutor.execute(TestCaseExecutor.java:281)
	at com.kms.katalon.core.main.TestSuiteExecutor.accessTestCaseMainPhase(TestSuiteExecutor.java:202)
	at com.kms.katalon.core.main.TestSuiteExecutor.accessTestSuiteMainPhase(TestSuiteExecutor.java:164)
	at com.kms.katalon.core.main.TestSuiteExecutor.execute(TestSuiteExecutor.java:105)
	at com.kms.katalon.core.main.TestCaseMain.startTestSuite(TestCaseMain.java:185)
	at com.kms.katalon.core.main.TestCaseMain$startTestSuite$0.call(Unknown Source)
	at TempTestSuite1656640997204.run(TempTestSuite1656640997204.groovy:36)
Caused by: org.openqa.selenium.WebDriverException: chrome not reachable
  (Session info: chrome=103.0.5060.66)
Build info: version: '3.141.59', revision: 'e82be7d358', time: '2018-11-14T08:25:53'
System info: host: 'DESKTOP-B2QI6NS', ip: '192.168.1.87', os.name: 'Windows 10', os.arch: 'amd64', os.version: '10.0', java.version: '1.8.0_181'
Driver info: com.kms.katalon.selenium.driver.CChromeDriver
Capabilities {acceptInsecureCerts: true, browserName: chrome, browserVersion: 103.0.5060.66, chrome: {chromedriverVersion: 103.0.5060.53 (a1711811edd7..., userDataDir: C:\Users\imtiaz\AppData\Loc...}, goog:chromeOptions: {debuggerAddress: localhost:55017}, javascriptEnabled: true, networkConnectionEnabled: false, pageLoadStrategy: normal, platform: WINDOWS, platformName: WINDOWS, proxy: Proxy(), setWindowRect: true, strictFileInteractability: false, timeouts: {implicit: 0, pageLoad: 300000, script: 30000}, unhandledPromptBehavior: dismiss and notify, webauthn:extension:credBlob: true, webauthn:extension:largeBlob: true, webauthn:virtualAuthenticators: true}
Session ID: efa2b9eb7928154ba23a0472bf5e7ff5
*** Element info: {Using=tag name, value=body}
	at org.openqa.selenium.remote.http.W3CHttpResponseCodec.createException(W3CHttpResponseCodec.java:187)
	at org.openqa.selenium.remote.http.W3CHttpResponseCodec.decode(W3CHttpResponseCodec.java:122)
	at org.openqa.selenium.remote.http.W3CHttpResponseCodec.decode(W3CHttpResponseCodec.java:49)
	at org.openqa.selenium.remote.HttpCommandExecutor.execute(HttpCommandExecutor.java:158)
	at org.openqa.selenium.remote.service.DriverCommandExecutor.execute(DriverCommandExecutor.java:83)
	at org.openqa.selenium.remote.RemoteWebDriver.execute(RemoteWebDriver.java:552)
	at com.kms.katalon.selenium.driver.CChromeDriver.execute(CChromeDriver.java:19)
	at org.openqa.selenium.remote.RemoteWebDriver.findElement(RemoteWebDriver.java:323)
	at org.openqa.selenium.remote.RemoteWebDriver.findElementByTagName(RemoteWebDriver.java:396)
	at org.openqa.selenium.By$ByTagName.findElement(By.java:320)
	at org.openqa.selenium.remote.RemoteWebDriver.findElement(RemoteWebDriver.java:315)
	at org.openqa.selenium.support.events.EventFiringWebDriver.lambda$new$1(EventFiringWebDriver.java:105)
	at com.sun.proxy.$Proxy10.findElement(Unknown Source)
	at org.openqa.selenium.support.events.EventFiringWebDriver.findElement(EventFiringWebDriver.java:194)
	at com.kms.katalon.core.webui.common.WebUiCommonHelper.isTextPresent(WebUiCommonHelper.java:86)
	at com.kms.katalon.core.webui.keyword.builtin.VerifyTextPresentKeyword$_verifyTextPresent_closure1.doCall(VerifyTextPresentKeyword.groovy:75)
	at com.kms.katalon.core.webui.keyword.builtin.VerifyTextPresentKeyword$_verifyTextPresent_closure1.call(VerifyTextPresentKeyword.groovy)
	at com.kms.katalon.core.webui.keyword.internal.WebUIKeywordMain.runKeyword(WebUIKeywordMain.groovy:20)
	at com.kms.katalon.core.webui.keyword.builtin.VerifyTextPresentKeyword.verifyTextPresent(VerifyTextPresentKeyword.groovy:83)
	at com.kms.katalon.core.webui.keyword.builtin.VerifyTextPresentKeyword.execute(VerifyTextPresentKeyword.groovy:68)
	at com.kms.katalon.core.keyword.internal.KeywordExecutor.executeKeywordForPlatform(KeywordExecutor.groovy:74)
	at com.kms.katalon.core.webui.keyword.WebUiBuiltInKeywords.verifyTextPresent(WebUiBuiltInKeywords.groovy:1723)
	at com.kms.katalon.core.webui.keyword.WebUiBuiltInKeywords$verifyTextPresent$4.call(Unknown Source)
	at Script1652205847657.run(Script1652205847657.groovy:182)
	... 13 more
)

2022-06-30 22:24:18 - [MESSAGE][WARNING] - Cannot take screenshot

2022-06-30 22:24:18 - [MESSAGE][FAILED] - Unable to verify text '248 PhoolKaante road' is present  using regular expression (Root cause: com.kms.katalon.core.exception.StepFailedException: Unable to verify text '248 PhoolKaante road' is present  using regular expression
	at com.kms.katalon.core.webui.keyword.internal.WebUIKeywordMain.stepFailed(WebUIKeywordMain.groovy:64)
	at com.kms.katalon.core.webui.keyword.internal.WebUIKeywordMain.runKeyword(WebUIKeywordMain.groovy:26)
	at com.kms.katalon.core.webui.keyword.builtin.VerifyTextPresentKeyword.verifyTextPresent(VerifyTextPresentKeyword.groovy:83)
	at com.kms.katalon.core.webui.keyword.builtin.VerifyTextPresentKeyword.execute(VerifyTextPresentKeyword.groovy:68)
	at com.kms.katalon.core.keyword.internal.KeywordExecutor.executeKeywordForPlatform(KeywordExecutor.groovy:74)
	at com.kms.katalon.core.webui.keyword.WebUiBuiltInKeywords.verifyTextPresent(WebUiBuiltInKeywords.groovy:1723)
	at com.kms.katalon.core.webui.keyword.WebUiBuiltInKeywords$verifyTextPresent$4.call(Unknown Source)
	at Sale_TP_AllCF_Generic_Payment_TC.run(Sale_TP_AllCF_Generic_Payment_TC:182)
	at com.kms.katalon.core.main.ScriptEngine.run(ScriptEngine.java:194)
	at com.kms.katalon.core.main.ScriptEngine.runScriptAsRawText(ScriptEngine.java:119)
	at com.kms.katalon.core.main.TestCaseExecutor.runScript(TestCaseExecutor.java:442)
	at com.kms.katalon.core.main.TestCaseExecutor.doExecute(TestCaseExecutor.java:433)
	at com.kms.katalon.core.main.TestCaseExecutor.processExecutionPhase(TestCaseExecutor.java:412)
	at com.kms.katalon.core.main.TestCaseExecutor.accessMainPhase(TestCaseExecutor.java:404)
	at com.kms.katalon.core.main.TestCaseExecutor.execute(TestCaseExecutor.java:281)
	at com.kms.katalon.core.main.TestSuiteExecutor.accessTestCaseMainPhase(TestSuiteExecutor.java:202)
	at com.kms.katalon.core.main.TestSuiteExecutor.accessTestSuiteMainPhase(TestSuiteExecutor.java:164)
	at com.kms.katalon.core.main.TestSuiteExecutor.execute(TestSuiteExecutor.java:105)
	at com.kms.katalon.core.main.TestCaseMain.startTestSuite(TestCaseMain.java:185)
	at com.kms.katalon.core.main.TestCaseMain$startTestSuite$0.call(Unknown Source)
	at TempTestSuite1656640997204.run(TempTestSuite1656640997204.groovy:36)
Caused by: org.openqa.selenium.WebDriverException: chrome not reachable
  (Session info: chrome=103.0.5060.66)
Build info: version: '3.141.59', revision: 'e82be7d358', time: '2018-11-14T08:25:53'
System info: host: 'DESKTOP-B2QI6NS', ip: '192.168.1.87', os.name: 'Windows 10', os.arch: 'amd64', os.version: '10.0', java.version: '1.8.0_181'
Driver info: com.kms.katalon.selenium.driver.CChromeDriver
Capabilities {acceptInsecureCerts: true, browserName: chrome, browserVersion: 103.0.5060.66, chrome: {chromedriverVersion: 103.0.5060.53 (a1711811edd7..., userDataDir: C:\Users\imtiaz\AppData\Loc...}, goog:chromeOptions: {debuggerAddress: localhost:55017}, javascriptEnabled: true, networkConnectionEnabled: false, pageLoadStrategy: normal, platform: WINDOWS, platformName: WINDOWS, proxy: Proxy(), setWindowRect: true, strictFileInteractability: false, timeouts: {implicit: 0, pageLoad: 300000, script: 30000}, unhandledPromptBehavior: dismiss and notify, webauthn:extension:credBlob: true, webauthn:extension:largeBlob: true, webauthn:virtualAuthenticators: true}
Session ID: efa2b9eb7928154ba23a0472bf5e7ff5
*** Element info: {Using=tag name, value=body}
	at org.openqa.selenium.remote.http.W3CHttpResponseCodec.createException(W3CHttpResponseCodec.java:187)
	at org.openqa.selenium.remote.http.W3CHttpResponseCodec.decode(W3CHttpResponseCodec.java:122)
	at org.openqa.selenium.remote.http.W3CHttpResponseCodec.decode(W3CHttpResponseCodec.java:49)
	at org.openqa.selenium.remote.HttpCommandExecutor.execute(HttpCommandExecutor.java:158)
	at org.openqa.selenium.remote.service.DriverCommandExecutor.execute(DriverCommandExecutor.java:83)
	at org.openqa.selenium.remote.RemoteWebDriver.execute(RemoteWebDriver.java:552)
	at com.kms.katalon.selenium.driver.CChromeDriver.execute(CChromeDriver.java:19)
	at org.openqa.selenium.remote.RemoteWebDriver.findElement(RemoteWebDriver.java:323)
	at org.openqa.selenium.remote.RemoteWebDriver.findElementByTagName(RemoteWebDriver.java:396)
	at org.openqa.selenium.By$ByTagName.findElement(By.java:320)
	at org.openqa.selenium.remote.RemoteWebDriver.findElement(RemoteWebDriver.java:315)
	at org.openqa.selenium.support.events.EventFiringWebDriver.lambda$new$1(EventFiringWebDriver.java:105)
	at com.sun.proxy.$Proxy10.findElement(Unknown Source)
	at org.openqa.selenium.support.events.EventFiringWebDriver.findElement(EventFiringWebDriver.java:194)
	at com.kms.katalon.core.webui.common.WebUiCommonHelper.isTextPresent(WebUiCommonHelper.java:86)
	at com.kms.katalon.core.webui.keyword.builtin.VerifyTextPresentKeyword$_verifyTextPresent_closure1.doCall(VerifyTextPresentKeyword.groovy:75)
	at com.kms.katalon.core.webui.keyword.builtin.VerifyTextPresentKeyword$_verifyTextPresent_closure1.call(VerifyTextPresentKeyword.groovy)
	at com.kms.katalon.core.webui.keyword.internal.WebUIKeywordMain.runKeyword(WebUIKeywordMain.groovy:20)
	at com.kms.katalon.core.webui.keyword.builtin.VerifyTextPresentKeyword.verifyTextPresent(VerifyTextPresentKeyword.groovy:83)
	at com.kms.katalon.core.webui.keyword.builtin.VerifyTextPresentKeyword.execute(VerifyTextPresentKeyword.groovy:68)
	at com.kms.katalon.core.keyword.internal.KeywordExecutor.executeKeywordForPlatform(KeywordExecutor.groovy:74)
	at com.kms.katalon.core.webui.keyword.WebUiBuiltInKeywords.verifyTextPresent(WebUiBuiltInKeywords.groovy:1723)
	at com.kms.katalon.core.webui.keyword.WebUiBuiltInKeywords$verifyTextPresent$4.call(Unknown Source)
	at Script1652205847657.run(Script1652205847657.groovy:182)
	... 13 more
)

2022-06-30 22:24:18 - [TEST_STEP][FAILED] - verifyTextPresent("Suite 678", true): Unable to verify text 'Suite 678' is present  using regular expression (Root cause: com.kms.katalon.core.exception.StepFailedException: Unable to verify text 'Suite 678' is present  using regular expression
	at com.kms.katalon.core.webui.keyword.internal.WebUIKeywordMain.stepFailed(WebUIKeywordMain.groovy:64)
	at com.kms.katalon.core.webui.keyword.internal.WebUIKeywordMain.runKeyword(WebUIKeywordMain.groovy:26)
	at com.kms.katalon.core.webui.keyword.builtin.VerifyTextPresentKeyword.verifyTextPresent(VerifyTextPresentKeyword.groovy:83)
	at com.kms.katalon.core.webui.keyword.builtin.VerifyTextPresentKeyword.execute(VerifyTextPresentKeyword.groovy:68)
	at com.kms.katalon.core.keyword.internal.KeywordExecutor.executeKeywordForPlatform(KeywordExecutor.groovy:74)
	at com.kms.katalon.core.webui.keyword.WebUiBuiltInKeywords.verifyTextPresent(WebUiBuiltInKeywords.groovy:1723)
	at com.kms.katalon.core.webui.keyword.WebUiBuiltInKeywords$verifyTextPresent$4.call(Unknown Source)
	at Sale_TP_AllCF_Generic_Payment_TC.run(Sale_TP_AllCF_Generic_Payment_TC:183)
	at com.kms.katalon.core.main.ScriptEngine.run(ScriptEngine.java:194)
	at com.kms.katalon.core.main.ScriptEngine.runScriptAsRawText(ScriptEngine.java:119)
	at com.kms.katalon.core.main.TestCaseExecutor.runScript(TestCaseExecutor.java:442)
	at com.kms.katalon.core.main.TestCaseExecutor.doExecute(TestCaseExecutor.java:433)
	at com.kms.katalon.core.main.TestCaseExecutor.processExecutionPhase(TestCaseExecutor.java:412)
	at com.kms.katalon.core.main.TestCaseExecutor.accessMainPhase(TestCaseExecutor.java:404)
	at com.kms.katalon.core.main.TestCaseExecutor.execute(TestCaseExecutor.java:281)
	at com.kms.katalon.core.main.TestSuiteExecutor.accessTestCaseMainPhase(TestSuiteExecutor.java:202)
	at com.kms.katalon.core.main.TestSuiteExecutor.accessTestSuiteMainPhase(TestSuiteExecutor.java:164)
	at com.kms.katalon.core.main.TestSuiteExecutor.execute(TestSuiteExecutor.java:105)
	at com.kms.katalon.core.main.TestCaseMain.startTestSuite(TestCaseMain.java:185)
	at com.kms.katalon.core.main.TestCaseMain$startTestSuite$0.call(Unknown Source)
	at TempTestSuite1656640997204.run(TempTestSuite1656640997204.groovy:36)
Caused by: org.openqa.selenium.WebDriverException: chrome not reachable
  (Session info: chrome=103.0.5060.66)
Build info: version: '3.141.59', revision: 'e82be7d358', time: '2018-11-14T08:25:53'
System info: host: 'DESKTOP-B2QI6NS', ip: '192.168.1.87', os.name: 'Windows 10', os.arch: 'amd64', os.version: '10.0', java.version: '1.8.0_181'
Driver info: com.kms.katalon.selenium.driver.CChromeDriver
Capabilities {acceptInsecureCerts: true, browserName: chrome, browserVersion: 103.0.5060.66, chrome: {chromedriverVersion: 103.0.5060.53 (a1711811edd7..., userDataDir: C:\Users\imtiaz\AppData\Loc...}, goog:chromeOptions: {debuggerAddress: localhost:55017}, javascriptEnabled: true, networkConnectionEnabled: false, pageLoadStrategy: normal, platform: WINDOWS, platformName: WINDOWS, proxy: Proxy(), setWindowRect: true, strictFileInteractability: false, timeouts: {implicit: 0, pageLoad: 300000, script: 30000}, unhandledPromptBehavior: dismiss and notify, webauthn:extension:credBlob: true, webauthn:extension:largeBlob: true, webauthn:virtualAuthenticators: true}
Session ID: efa2b9eb7928154ba23a0472bf5e7ff5
*** Element info: {Using=tag name, value=body}
	at org.openqa.selenium.remote.http.W3CHttpResponseCodec.createException(W3CHttpResponseCodec.java:187)
	at org.openqa.selenium.remote.http.W3CHttpResponseCodec.decode(W3CHttpResponseCodec.java:122)
	at org.openqa.selenium.remote.http.W3CHttpResponseCodec.decode(W3CHttpResponseCodec.java:49)
	at org.openqa.selenium.remote.HttpCommandExecutor.execute(HttpCommandExecutor.java:158)
	at org.openqa.selenium.remote.service.DriverCommandExecutor.execute(DriverCommandExecutor.java:83)
	at org.openqa.selenium.remote.RemoteWebDriver.execute(RemoteWebDriver.java:552)
	at com.kms.katalon.selenium.driver.CChromeDriver.execute(CChromeDriver.java:19)
	at org.openqa.selenium.remote.RemoteWebDriver.findElement(RemoteWebDriver.java:323)
	at org.openqa.selenium.remote.RemoteWebDriver.findElementByTagName(RemoteWebDriver.java:396)
	at org.openqa.selenium.By$ByTagName.findElement(By.java:320)
	at org.openqa.selenium.remote.RemoteWebDriver.findElement(RemoteWebDriver.java:315)
	at org.openqa.selenium.support.events.EventFiringWebDriver.lambda$new$1(EventFiringWebDriver.java:105)
	at com.sun.proxy.$Proxy10.findElement(Unknown Source)
	at org.openqa.selenium.support.events.EventFiringWebDriver.findElement(EventFiringWebDriver.java:194)
	at com.kms.katalon.core.webui.common.WebUiCommonHelper.isTextPresent(WebUiCommonHelper.java:86)
	at com.kms.katalon.core.webui.keyword.builtin.VerifyTextPresentKeyword$_verifyTextPresent_closure1.doCall(VerifyTextPresentKeyword.groovy:75)
	at com.kms.katalon.core.webui.keyword.builtin.VerifyTextPresentKeyword$_verifyTextPresent_closure1.call(VerifyTextPresentKeyword.groovy)
	at com.kms.katalon.core.webui.keyword.internal.WebUIKeywordMain.runKeyword(WebUIKeywordMain.groovy:20)
	at com.kms.katalon.core.webui.keyword.builtin.VerifyTextPresentKeyword.verifyTextPresent(VerifyTextPresentKeyword.groovy:83)
	at com.kms.katalon.core.webui.keyword.builtin.VerifyTextPresentKeyword.execute(VerifyTextPresentKeyword.groovy:68)
	at com.kms.katalon.core.keyword.internal.KeywordExecutor.executeKeywordForPlatform(KeywordExecutor.groovy:74)
	at com.kms.katalon.core.webui.keyword.WebUiBuiltInKeywords.verifyTextPresent(WebUiBuiltInKeywords.groovy:1723)
	at com.kms.katalon.core.webui.keyword.WebUiBuiltInKeywords$verifyTextPresent$4.call(Unknown Source)
	at Script1652205847657.run(Script1652205847657.groovy:183)
	... 13 more
)

2022-06-30 22:24:30 - [MESSAGE][WARNING] - Cannot take screenshot

2022-06-30 22:24:30 - [MESSAGE][FAILED] - Unable to verify text 'Suite 678' is present  using regular expression (Root cause: com.kms.katalon.core.exception.StepFailedException: Unable to verify text 'Suite 678' is present  using regular expression
	at com.kms.katalon.core.webui.keyword.internal.WebUIKeywordMain.stepFailed(WebUIKeywordMain.groovy:64)
	at com.kms.katalon.core.webui.keyword.internal.WebUIKeywordMain.runKeyword(WebUIKeywordMain.groovy:26)
	at com.kms.katalon.core.webui.keyword.builtin.VerifyTextPresentKeyword.verifyTextPresent(VerifyTextPresentKeyword.groovy:83)
	at com.kms.katalon.core.webui.keyword.builtin.VerifyTextPresentKeyword.execute(VerifyTextPresentKeyword.groovy:68)
	at com.kms.katalon.core.keyword.internal.KeywordExecutor.executeKeywordForPlatform(KeywordExecutor.groovy:74)
	at com.kms.katalon.core.webui.keyword.WebUiBuiltInKeywords.verifyTextPresent(WebUiBuiltInKeywords.groovy:1723)
	at com.kms.katalon.core.webui.keyword.WebUiBuiltInKeywords$verifyTextPresent$4.call(Unknown Source)
	at Sale_TP_AllCF_Generic_Payment_TC.run(Sale_TP_AllCF_Generic_Payment_TC:183)
	at com.kms.katalon.core.main.ScriptEngine.run(ScriptEngine.java:194)
	at com.kms.katalon.core.main.ScriptEngine.runScriptAsRawText(ScriptEngine.java:119)
	at com.kms.katalon.core.main.TestCaseExecutor.runScript(TestCaseExecutor.java:442)
	at com.kms.katalon.core.main.TestCaseExecutor.doExecute(TestCaseExecutor.java:433)
	at com.kms.katalon.core.main.TestCaseExecutor.processExecutionPhase(TestCaseExecutor.java:412)
	at com.kms.katalon.core.main.TestCaseExecutor.accessMainPhase(TestCaseExecutor.java:404)
	at com.kms.katalon.core.main.TestCaseExecutor.execute(TestCaseExecutor.java:281)
	at com.kms.katalon.core.main.TestSuiteExecutor.accessTestCaseMainPhase(TestSuiteExecutor.java:202)
	at com.kms.katalon.core.main.TestSuiteExecutor.accessTestSuiteMainPhase(TestSuiteExecutor.java:164)
	at com.kms.katalon.core.main.TestSuiteExecutor.execute(TestSuiteExecutor.java:105)
	at com.kms.katalon.core.main.TestCaseMain.startTestSuite(TestCaseMain.java:185)
	at com.kms.katalon.core.main.TestCaseMain$startTestSuite$0.call(Unknown Source)
	at TempTestSuite1656640997204.run(TempTestSuite1656640997204.groovy:36)
Caused by: org.openqa.selenium.WebDriverException: chrome not reachable
  (Session info: chrome=103.0.5060.66)
Build info: version: '3.141.59', revision: 'e82be7d358', time: '2018-11-14T08:25:53'
System info: host: 'DESKTOP-B2QI6NS', ip: '192.168.1.87', os.name: 'Windows 10', os.arch: 'amd64', os.version: '10.0', java.version: '1.8.0_181'
Driver info: com.kms.katalon.selenium.driver.CChromeDriver
Capabilities {acceptInsecureCerts: true, browserName: chrome, browserVersion: 103.0.5060.66, chrome: {chromedriverVersion: 103.0.5060.53 (a1711811edd7..., userDataDir: C:\Users\imtiaz\AppData\Loc...}, goog:chromeOptions: {debuggerAddress: localhost:55017}, javascriptEnabled: true, networkConnectionEnabled: false, pageLoadStrategy: normal, platform: WINDOWS, platformName: WINDOWS, proxy: Proxy(), setWindowRect: true, strictFileInteractability: false, timeouts: {implicit: 0, pageLoad: 300000, script: 30000}, unhandledPromptBehavior: dismiss and notify, webauthn:extension:credBlob: true, webauthn:extension:largeBlob: true, webauthn:virtualAuthenticators: true}
Session ID: efa2b9eb7928154ba23a0472bf5e7ff5
*** Element info: {Using=tag name, value=body}
	at org.openqa.selenium.remote.http.W3CHttpResponseCodec.createException(W3CHttpResponseCodec.java:187)
	at org.openqa.selenium.remote.http.W3CHttpResponseCodec.decode(W3CHttpResponseCodec.java:122)
	at org.openqa.selenium.remote.http.W3CHttpResponseCodec.decode(W3CHttpResponseCodec.java:49)
	at org.openqa.selenium.remote.HttpCommandExecutor.execute(HttpCommandExecutor.java:158)
	at org.openqa.selenium.remote.service.DriverCommandExecutor.execute(DriverCommandExecutor.java:83)
	at org.openqa.selenium.remote.RemoteWebDriver.execute(RemoteWebDriver.java:552)
	at com.kms.katalon.selenium.driver.CChromeDriver.execute(CChromeDriver.java:19)
	at org.openqa.selenium.remote.RemoteWebDriver.findElement(RemoteWebDriver.java:323)
	at org.openqa.selenium.remote.RemoteWebDriver.findElementByTagName(RemoteWebDriver.java:396)
	at org.openqa.selenium.By$ByTagName.findElement(By.java:320)
	at org.openqa.selenium.remote.RemoteWebDriver.findElement(RemoteWebDriver.java:315)
	at org.openqa.selenium.support.events.EventFiringWebDriver.lambda$new$1(EventFiringWebDriver.java:105)
	at com.sun.proxy.$Proxy10.findElement(Unknown Source)
	at org.openqa.selenium.support.events.EventFiringWebDriver.findElement(EventFiringWebDriver.java:194)
	at com.kms.katalon.core.webui.common.WebUiCommonHelper.isTextPresent(WebUiCommonHelper.java:86)
	at com.kms.katalon.core.webui.keyword.builtin.VerifyTextPresentKeyword$_verifyTextPresent_closure1.doCall(VerifyTextPresentKeyword.groovy:75)
	at com.kms.katalon.core.webui.keyword.builtin.VerifyTextPresentKeyword$_verifyTextPresent_closure1.call(VerifyTextPresentKeyword.groovy)
	at com.kms.katalon.core.webui.keyword.internal.WebUIKeywordMain.runKeyword(WebUIKeywordMain.groovy:20)
	at com.kms.katalon.core.webui.keyword.builtin.VerifyTextPresentKeyword.verifyTextPresent(VerifyTextPresentKeyword.groovy:83)
	at com.kms.katalon.core.webui.keyword.builtin.VerifyTextPresentKeyword.execute(VerifyTextPresentKeyword.groovy:68)
	at com.kms.katalon.core.keyword.internal.KeywordExecutor.executeKeywordForPlatform(KeywordExecutor.groovy:74)
	at com.kms.katalon.core.webui.keyword.WebUiBuiltInKeywords.verifyTextPresent(WebUiBuiltInKeywords.groovy:1723)
	at com.kms.katalon.core.webui.keyword.WebUiBuiltInKeywords$verifyTextPresent$4.call(Unknown Source)
	at Script1652205847657.run(Script1652205847657.groovy:183)
	... 13 more
)

2022-06-30 22:24:30 - [TEST_STEP][FAILED] - verifyTextPresent("United States", true): Unable to verify text 'United States' is present  using regular expression (Root cause: com.kms.katalon.core.exception.StepFailedException: Unable to verify text 'United States' is present  using regular expression
	at com.kms.katalon.core.webui.keyword.internal.WebUIKeywordMain.stepFailed(WebUIKeywordMain.groovy:64)
	at com.kms.katalon.core.webui.keyword.internal.WebUIKeywordMain.runKeyword(WebUIKeywordMain.groovy:26)
	at com.kms.katalon.core.webui.keyword.builtin.VerifyTextPresentKeyword.verifyTextPresent(VerifyTextPresentKeyword.groovy:83)
	at com.kms.katalon.core.webui.keyword.builtin.VerifyTextPresentKeyword.execute(VerifyTextPresentKeyword.groovy:68)
	at com.kms.katalon.core.keyword.internal.KeywordExecutor.executeKeywordForPlatform(KeywordExecutor.groovy:74)
	at com.kms.katalon.core.webui.keyword.WebUiBuiltInKeywords.verifyTextPresent(WebUiBuiltInKeywords.groovy:1723)
	at com.kms.katalon.core.webui.keyword.WebUiBuiltInKeywords$verifyTextPresent$4.call(Unknown Source)
	at Sale_TP_AllCF_Generic_Payment_TC.run(Sale_TP_AllCF_Generic_Payment_TC:184)
	at com.kms.katalon.core.main.ScriptEngine.run(ScriptEngine.java:194)
	at com.kms.katalon.core.main.ScriptEngine.runScriptAsRawText(ScriptEngine.java:119)
	at com.kms.katalon.core.main.TestCaseExecutor.runScript(TestCaseExecutor.java:442)
	at com.kms.katalon.core.main.TestCaseExecutor.doExecute(TestCaseExecutor.java:433)
	at com.kms.katalon.core.main.TestCaseExecutor.processExecutionPhase(TestCaseExecutor.java:412)
	at com.kms.katalon.core.main.TestCaseExecutor.accessMainPhase(TestCaseExecutor.java:404)
	at com.kms.katalon.core.main.TestCaseExecutor.execute(TestCaseExecutor.java:281)
	at com.kms.katalon.core.main.TestSuiteExecutor.accessTestCaseMainPhase(TestSuiteExecutor.java:202)
	at com.kms.katalon.core.main.TestSuiteExecutor.accessTestSuiteMainPhase(TestSuiteExecutor.java:164)
	at com.kms.katalon.core.main.TestSuiteExecutor.execute(TestSuiteExecutor.java:105)
	at com.kms.katalon.core.main.TestCaseMain.startTestSuite(TestCaseMain.java:185)
	at com.kms.katalon.core.main.TestCaseMain$startTestSuite$0.call(Unknown Source)
	at TempTestSuite1656640997204.run(TempTestSuite1656640997204.groovy:36)
Caused by: org.openqa.selenium.WebDriverException: chrome not reachable
  (Session info: chrome=103.0.5060.66)
Build info: version: '3.141.59', revision: 'e82be7d358', time: '2018-11-14T08:25:53'
System info: host: 'DESKTOP-B2QI6NS', ip: '192.168.1.87', os.name: 'Windows 10', os.arch: 'amd64', os.version: '10.0', java.version: '1.8.0_181'
Driver info: com.kms.katalon.selenium.driver.CChromeDriver
Capabilities {acceptInsecureCerts: true, browserName: chrome, browserVersion: 103.0.5060.66, chrome: {chromedriverVersion: 103.0.5060.53 (a1711811edd7..., userDataDir: C:\Users\imtiaz\AppData\Loc...}, goog:chromeOptions: {debuggerAddress: localhost:55017}, javascriptEnabled: true, networkConnectionEnabled: false, pageLoadStrategy: normal, platform: WINDOWS, platformName: WINDOWS, proxy: Proxy(), setWindowRect: true, strictFileInteractability: false, timeouts: {implicit: 0, pageLoad: 300000, script: 30000}, unhandledPromptBehavior: dismiss and notify, webauthn:extension:credBlob: true, webauthn:extension:largeBlob: true, webauthn:virtualAuthenticators: true}
Session ID: efa2b9eb7928154ba23a0472bf5e7ff5
*** Element info: {Using=tag name, value=body}
	at org.openqa.selenium.remote.http.W3CHttpResponseCodec.createException(W3CHttpResponseCodec.java:187)
	at org.openqa.selenium.remote.http.W3CHttpResponseCodec.decode(W3CHttpResponseCodec.java:122)
	at org.openqa.selenium.remote.http.W3CHttpResponseCodec.decode(W3CHttpResponseCodec.java:49)
	at org.openqa.selenium.remote.HttpCommandExecutor.execute(HttpCommandExecutor.java:158)
	at org.openqa.selenium.remote.service.DriverCommandExecutor.execute(DriverCommandExecutor.java:83)
	at org.openqa.selenium.remote.RemoteWebDriver.execute(RemoteWebDriver.java:552)
	at com.kms.katalon.selenium.driver.CChromeDriver.execute(CChromeDriver.java:19)
	at org.openqa.selenium.remote.RemoteWebDriver.findElement(RemoteWebDriver.java:323)
	at org.openqa.selenium.remote.RemoteWebDriver.findElementByTagName(RemoteWebDriver.java:396)
	at org.openqa.selenium.By$ByTagName.findElement(By.java:320)
	at org.openqa.selenium.remote.RemoteWebDriver.findElement(RemoteWebDriver.java:315)
	at org.openqa.selenium.support.events.EventFiringWebDriver.lambda$new$1(EventFiringWebDriver.java:105)
	at com.sun.proxy.$Proxy10.findElement(Unknown Source)
	at org.openqa.selenium.support.events.EventFiringWebDriver.findElement(EventFiringWebDriver.java:194)
	at com.kms.katalon.core.webui.common.WebUiCommonHelper.isTextPresent(WebUiCommonHelper.java:86)
	at com.kms.katalon.core.webui.keyword.builtin.VerifyTextPresentKeyword$_verifyTextPresent_closure1.doCall(VerifyTextPresentKeyword.groovy:75)
	at com.kms.katalon.core.webui.keyword.builtin.VerifyTextPresentKeyword$_verifyTextPresent_closure1.call(VerifyTextPresentKeyword.groovy)
	at com.kms.katalon.core.webui.keyword.internal.WebUIKeywordMain.runKeyword(WebUIKeywordMain.groovy:20)
	at com.kms.katalon.core.webui.keyword.builtin.VerifyTextPresentKeyword.verifyTextPresent(VerifyTextPresentKeyword.groovy:83)
	at com.kms.katalon.core.webui.keyword.builtin.VerifyTextPresentKeyword.execute(VerifyTextPresentKeyword.groovy:68)
	at com.kms.katalon.core.keyword.internal.KeywordExecutor.executeKeywordForPlatform(KeywordExecutor.groovy:74)
	at com.kms.katalon.core.webui.keyword.WebUiBuiltInKeywords.verifyTextPresent(WebUiBuiltInKeywords.groovy:1723)
	at com.kms.katalon.core.webui.keyword.WebUiBuiltInKeywords$verifyTextPresent$4.call(Unknown Source)
	at Script1652205847657.run(Script1652205847657.groovy:184)
	... 13 more
)

2022-06-30 22:24:42 - [MESSAGE][WARNING] - Cannot take screenshot

2022-06-30 22:24:42 - [MESSAGE][FAILED] - Unable to verify text 'United States' is present  using regular expression (Root cause: com.kms.katalon.core.exception.StepFailedException: Unable to verify text 'United States' is present  using regular expression
	at com.kms.katalon.core.webui.keyword.internal.WebUIKeywordMain.stepFailed(WebUIKeywordMain.groovy:64)
	at com.kms.katalon.core.webui.keyword.internal.WebUIKeywordMain.runKeyword(WebUIKeywordMain.groovy:26)
	at com.kms.katalon.core.webui.keyword.builtin.VerifyTextPresentKeyword.verifyTextPresent(VerifyTextPresentKeyword.groovy:83)
	at com.kms.katalon.core.webui.keyword.builtin.VerifyTextPresentKeyword.execute(VerifyTextPresentKeyword.groovy:68)
	at com.kms.katalon.core.keyword.internal.KeywordExecutor.executeKeywordForPlatform(KeywordExecutor.groovy:74)
	at com.kms.katalon.core.webui.keyword.WebUiBuiltInKeywords.verifyTextPresent(WebUiBuiltInKeywords.groovy:1723)
	at com.kms.katalon.core.webui.keyword.WebUiBuiltInKeywords$verifyTextPresent$4.call(Unknown Source)
	at Sale_TP_AllCF_Generic_Payment_TC.run(Sale_TP_AllCF_Generic_Payment_TC:184)
	at com.kms.katalon.core.main.ScriptEngine.run(ScriptEngine.java:194)
	at com.kms.katalon.core.main.ScriptEngine.runScriptAsRawText(ScriptEngine.java:119)
	at com.kms.katalon.core.main.TestCaseExecutor.runScript(TestCaseExecutor.java:442)
	at com.kms.katalon.core.main.TestCaseExecutor.doExecute(TestCaseExecutor.java:433)
	at com.kms.katalon.core.main.TestCaseExecutor.processExecutionPhase(TestCaseExecutor.java:412)
	at com.kms.katalon.core.main.TestCaseExecutor.accessMainPhase(TestCaseExecutor.java:404)
	at com.kms.katalon.core.main.TestCaseExecutor.execute(TestCaseExecutor.java:281)
	at com.kms.katalon.core.main.TestSuiteExecutor.accessTestCaseMainPhase(TestSuiteExecutor.java:202)
	at com.kms.katalon.core.main.TestSuiteExecutor.accessTestSuiteMainPhase(TestSuiteExecutor.java:164)
	at com.kms.katalon.core.main.TestSuiteExecutor.execute(TestSuiteExecutor.java:105)
	at com.kms.katalon.core.main.TestCaseMain.startTestSuite(TestCaseMain.java:185)
	at com.kms.katalon.core.main.TestCaseMain$startTestSuite$0.call(Unknown Source)
	at TempTestSuite1656640997204.run(TempTestSuite1656640997204.groovy:36)
Caused by: org.openqa.selenium.WebDriverException: chrome not reachable
  (Session info: chrome=103.0.5060.66)
Build info: version: '3.141.59', revision: 'e82be7d358', time: '2018-11-14T08:25:53'
System info: host: 'DESKTOP-B2QI6NS', ip: '192.168.1.87', os.name: 'Windows 10', os.arch: 'amd64', os.version: '10.0', java.version: '1.8.0_181'
Driver info: com.kms.katalon.selenium.driver.CChromeDriver
Capabilities {acceptInsecureCerts: true, browserName: chrome, browserVersion: 103.0.5060.66, chrome: {chromedriverVersion: 103.0.5060.53 (a1711811edd7..., userDataDir: C:\Users\imtiaz\AppData\Loc...}, goog:chromeOptions: {debuggerAddress: localhost:55017}, javascriptEnabled: true, networkConnectionEnabled: false, pageLoadStrategy: normal, platform: WINDOWS, platformName: WINDOWS, proxy: Proxy(), setWindowRect: true, strictFileInteractability: false, timeouts: {implicit: 0, pageLoad: 300000, script: 30000}, unhandledPromptBehavior: dismiss and notify, webauthn:extension:credBlob: true, webauthn:extension:largeBlob: true, webauthn:virtualAuthenticators: true}
Session ID: efa2b9eb7928154ba23a0472bf5e7ff5
*** Element info: {Using=tag name, value=body}
	at org.openqa.selenium.remote.http.W3CHttpResponseCodec.createException(W3CHttpResponseCodec.java:187)
	at org.openqa.selenium.remote.http.W3CHttpResponseCodec.decode(W3CHttpResponseCodec.java:122)
	at org.openqa.selenium.remote.http.W3CHttpResponseCodec.decode(W3CHttpResponseCodec.java:49)
	at org.openqa.selenium.remote.HttpCommandExecutor.execute(HttpCommandExecutor.java:158)
	at org.openqa.selenium.remote.service.DriverCommandExecutor.execute(DriverCommandExecutor.java:83)
	at org.openqa.selenium.remote.RemoteWebDriver.execute(RemoteWebDriver.java:552)
	at com.kms.katalon.selenium.driver.CChromeDriver.execute(CChromeDriver.java:19)
	at org.openqa.selenium.remote.RemoteWebDriver.findElement(RemoteWebDriver.java:323)
	at org.openqa.selenium.remote.RemoteWebDriver.findElementByTagName(RemoteWebDriver.java:396)
	at org.openqa.selenium.By$ByTagName.findElement(By.java:320)
	at org.openqa.selenium.remote.RemoteWebDriver.findElement(RemoteWebDriver.java:315)
	at org.openqa.selenium.support.events.EventFiringWebDriver.lambda$new$1(EventFiringWebDriver.java:105)
	at com.sun.proxy.$Proxy10.findElement(Unknown Source)
	at org.openqa.selenium.support.events.EventFiringWebDriver.findElement(EventFiringWebDriver.java:194)
	at com.kms.katalon.core.webui.common.WebUiCommonHelper.isTextPresent(WebUiCommonHelper.java:86)
	at com.kms.katalon.core.webui.keyword.builtin.VerifyTextPresentKeyword$_verifyTextPresent_closure1.doCall(VerifyTextPresentKeyword.groovy:75)
	at com.kms.katalon.core.webui.keyword.builtin.VerifyTextPresentKeyword$_verifyTextPresent_closure1.call(VerifyTextPresentKeyword.groovy)
	at com.kms.katalon.core.webui.keyword.internal.WebUIKeywordMain.runKeyword(WebUIKeywordMain.groovy:20)
	at com.kms.katalon.core.webui.keyword.builtin.VerifyTextPresentKeyword.verifyTextPresent(VerifyTextPresentKeyword.groovy:83)
	at com.kms.katalon.core.webui.keyword.builtin.VerifyTextPresentKeyword.execute(VerifyTextPresentKeyword.groovy:68)
	at com.kms.katalon.core.keyword.internal.KeywordExecutor.executeKeywordForPlatform(KeywordExecutor.groovy:74)
	at com.kms.katalon.core.webui.keyword.WebUiBuiltInKeywords.verifyTextPresent(WebUiBuiltInKeywords.groovy:1723)
	at com.kms.katalon.core.webui.keyword.WebUiBuiltInKeywords$verifyTextPresent$4.call(Unknown Source)
	at Script1652205847657.run(Script1652205847657.groovy:184)
	... 13 more
)

2022-06-30 22:24:42 - [TEST_STEP][FAILED] - verifyTextPresent("ARLINGTON", true): Unable to verify text 'ARLINGTON' is present  using regular expression (Root cause: com.kms.katalon.core.exception.StepFailedException: Unable to verify text 'ARLINGTON' is present  using regular expression
	at com.kms.katalon.core.webui.keyword.internal.WebUIKeywordMain.stepFailed(WebUIKeywordMain.groovy:64)
	at com.kms.katalon.core.webui.keyword.internal.WebUIKeywordMain.runKeyword(WebUIKeywordMain.groovy:26)
	at com.kms.katalon.core.webui.keyword.builtin.VerifyTextPresentKeyword.verifyTextPresent(VerifyTextPresentKeyword.groovy:83)
	at com.kms.katalon.core.webui.keyword.builtin.VerifyTextPresentKeyword.execute(VerifyTextPresentKeyword.groovy:68)
	at com.kms.katalon.core.keyword.internal.KeywordExecutor.executeKeywordForPlatform(KeywordExecutor.groovy:74)
	at com.kms.katalon.core.webui.keyword.WebUiBuiltInKeywords.verifyTextPresent(WebUiBuiltInKeywords.groovy:1723)
	at com.kms.katalon.core.webui.keyword.WebUiBuiltInKeywords$verifyTextPresent$4.call(Unknown Source)
	at Sale_TP_AllCF_Generic_Payment_TC.run(Sale_TP_AllCF_Generic_Payment_TC:185)
	at com.kms.katalon.core.main.ScriptEngine.run(ScriptEngine.java:194)
	at com.kms.katalon.core.main.ScriptEngine.runScriptAsRawText(ScriptEngine.java:119)
	at com.kms.katalon.core.main.TestCaseExecutor.runScript(TestCaseExecutor.java:442)
	at com.kms.katalon.core.main.TestCaseExecutor.doExecute(TestCaseExecutor.java:433)
	at com.kms.katalon.core.main.TestCaseExecutor.processExecutionPhase(TestCaseExecutor.java:412)
	at com.kms.katalon.core.main.TestCaseExecutor.accessMainPhase(TestCaseExecutor.java:404)
	at com.kms.katalon.core.main.TestCaseExecutor.execute(TestCaseExecutor.java:281)
	at com.kms.katalon.core.main.TestSuiteExecutor.accessTestCaseMainPhase(TestSuiteExecutor.java:202)
	at com.kms.katalon.core.main.TestSuiteExecutor.accessTestSuiteMainPhase(TestSuiteExecutor.java:164)
	at com.kms.katalon.core.main.TestSuiteExecutor.execute(TestSuiteExecutor.java:105)
	at com.kms.katalon.core.main.TestCaseMain.startTestSuite(TestCaseMain.java:185)
	at com.kms.katalon.core.main.TestCaseMain$startTestSuite$0.call(Unknown Source)
	at TempTestSuite1656640997204.run(TempTestSuite1656640997204.groovy:36)
Caused by: org.openqa.selenium.WebDriverException: chrome not reachable
  (Session info: chrome=103.0.5060.66)
Build info: version: '3.141.59', revision: 'e82be7d358', time: '2018-11-14T08:25:53'
System info: host: 'DESKTOP-B2QI6NS', ip: '192.168.1.87', os.name: 'Windows 10', os.arch: 'amd64', os.version: '10.0', java.version: '1.8.0_181'
Driver info: com.kms.katalon.selenium.driver.CChromeDriver
Capabilities {acceptInsecureCerts: true, browserName: chrome, browserVersion: 103.0.5060.66, chrome: {chromedriverVersion: 103.0.5060.53 (a1711811edd7..., userDataDir: C:\Users\imtiaz\AppData\Loc...}, goog:chromeOptions: {debuggerAddress: localhost:55017}, javascriptEnabled: true, networkConnectionEnabled: false, pageLoadStrategy: normal, platform: WINDOWS, platformName: WINDOWS, proxy: Proxy(), setWindowRect: true, strictFileInteractability: false, timeouts: {implicit: 0, pageLoad: 300000, script: 30000}, unhandledPromptBehavior: dismiss and notify, webauthn:extension:credBlob: true, webauthn:extension:largeBlob: true, webauthn:virtualAuthenticators: true}
Session ID: efa2b9eb7928154ba23a0472bf5e7ff5
*** Element info: {Using=tag name, value=body}
	at org.openqa.selenium.remote.http.W3CHttpResponseCodec.createException(W3CHttpResponseCodec.java:187)
	at org.openqa.selenium.remote.http.W3CHttpResponseCodec.decode(W3CHttpResponseCodec.java:122)
	at org.openqa.selenium.remote.http.W3CHttpResponseCodec.decode(W3CHttpResponseCodec.java:49)
	at org.openqa.selenium.remote.HttpCommandExecutor.execute(HttpCommandExecutor.java:158)
	at org.openqa.selenium.remote.service.DriverCommandExecutor.execute(DriverCommandExecutor.java:83)
	at org.openqa.selenium.remote.RemoteWebDriver.execute(RemoteWebDriver.java:552)
	at com.kms.katalon.selenium.driver.CChromeDriver.execute(CChromeDriver.java:19)
	at org.openqa.selenium.remote.RemoteWebDriver.findElement(RemoteWebDriver.java:323)
	at org.openqa.selenium.remote.RemoteWebDriver.findElementByTagName(RemoteWebDriver.java:396)
	at org.openqa.selenium.By$ByTagName.findElement(By.java:320)
	at org.openqa.selenium.remote.RemoteWebDriver.findElement(RemoteWebDriver.java:315)
	at org.openqa.selenium.support.events.EventFiringWebDriver.lambda$new$1(EventFiringWebDriver.java:105)
	at com.sun.proxy.$Proxy10.findElement(Unknown Source)
	at org.openqa.selenium.support.events.EventFiringWebDriver.findElement(EventFiringWebDriver.java:194)
	at com.kms.katalon.core.webui.common.WebUiCommonHelper.isTextPresent(WebUiCommonHelper.java:86)
	at com.kms.katalon.core.webui.keyword.builtin.VerifyTextPresentKeyword$_verifyTextPresent_closure1.doCall(VerifyTextPresentKeyword.groovy:75)
	at com.kms.katalon.core.webui.keyword.builtin.VerifyTextPresentKeyword$_verifyTextPresent_closure1.call(VerifyTextPresentKeyword.groovy)
	at com.kms.katalon.core.webui.keyword.internal.WebUIKeywordMain.runKeyword(WebUIKeywordMain.groovy:20)
	at com.kms.katalon.core.webui.keyword.builtin.VerifyTextPresentKeyword.verifyTextPresent(VerifyTextPresentKeyword.groovy:83)
	at com.kms.katalon.core.webui.keyword.builtin.VerifyTextPresentKeyword.execute(VerifyTextPresentKeyword.groovy:68)
	at com.kms.katalon.core.keyword.internal.KeywordExecutor.executeKeywordForPlatform(KeywordExecutor.groovy:74)
	at com.kms.katalon.core.webui.keyword.WebUiBuiltInKeywords.verifyTextPresent(WebUiBuiltInKeywords.groovy:1723)
	at com.kms.katalon.core.webui.keyword.WebUiBuiltInKeywords$verifyTextPresent$4.call(Unknown Source)
	at Script1652205847657.run(Script1652205847657.groovy:185)
	... 13 more
)

2022-06-30 22:24:54 - [MESSAGE][WARNING] - Cannot take screenshot

2022-06-30 22:24:54 - [MESSAGE][FAILED] - Unable to verify text 'ARLINGTON' is present  using regular expression (Root cause: com.kms.katalon.core.exception.StepFailedException: Unable to verify text 'ARLINGTON' is present  using regular expression
	at com.kms.katalon.core.webui.keyword.internal.WebUIKeywordMain.stepFailed(WebUIKeywordMain.groovy:64)
	at com.kms.katalon.core.webui.keyword.internal.WebUIKeywordMain.runKeyword(WebUIKeywordMain.groovy:26)
	at com.kms.katalon.core.webui.keyword.builtin.VerifyTextPresentKeyword.verifyTextPresent(VerifyTextPresentKeyword.groovy:83)
	at com.kms.katalon.core.webui.keyword.builtin.VerifyTextPresentKeyword.execute(VerifyTextPresentKeyword.groovy:68)
	at com.kms.katalon.core.keyword.internal.KeywordExecutor.executeKeywordForPlatform(KeywordExecutor.groovy:74)
	at com.kms.katalon.core.webui.keyword.WebUiBuiltInKeywords.verifyTextPresent(WebUiBuiltInKeywords.groovy:1723)
	at com.kms.katalon.core.webui.keyword.WebUiBuiltInKeywords$verifyTextPresent$4.call(Unknown Source)
	at Sale_TP_AllCF_Generic_Payment_TC.run(Sale_TP_AllCF_Generic_Payment_TC:185)
	at com.kms.katalon.core.main.ScriptEngine.run(ScriptEngine.java:194)
	at com.kms.katalon.core.main.ScriptEngine.runScriptAsRawText(ScriptEngine.java:119)
	at com.kms.katalon.core.main.TestCaseExecutor.runScript(TestCaseExecutor.java:442)
	at com.kms.katalon.core.main.TestCaseExecutor.doExecute(TestCaseExecutor.java:433)
	at com.kms.katalon.core.main.TestCaseExecutor.processExecutionPhase(TestCaseExecutor.java:412)
	at com.kms.katalon.core.main.TestCaseExecutor.accessMainPhase(TestCaseExecutor.java:404)
	at com.kms.katalon.core.main.TestCaseExecutor.execute(TestCaseExecutor.java:281)
	at com.kms.katalon.core.main.TestSuiteExecutor.accessTestCaseMainPhase(TestSuiteExecutor.java:202)
	at com.kms.katalon.core.main.TestSuiteExecutor.accessTestSuiteMainPhase(TestSuiteExecutor.java:164)
	at com.kms.katalon.core.main.TestSuiteExecutor.execute(TestSuiteExecutor.java:105)
	at com.kms.katalon.core.main.TestCaseMain.startTestSuite(TestCaseMain.java:185)
	at com.kms.katalon.core.main.TestCaseMain$startTestSuite$0.call(Unknown Source)
	at TempTestSuite1656640997204.run(TempTestSuite1656640997204.groovy:36)
Caused by: org.openqa.selenium.WebDriverException: chrome not reachable
  (Session info: chrome=103.0.5060.66)
Build info: version: '3.141.59', revision: 'e82be7d358', time: '2018-11-14T08:25:53'
System info: host: 'DESKTOP-B2QI6NS', ip: '192.168.1.87', os.name: 'Windows 10', os.arch: 'amd64', os.version: '10.0', java.version: '1.8.0_181'
Driver info: com.kms.katalon.selenium.driver.CChromeDriver
Capabilities {acceptInsecureCerts: true, browserName: chrome, browserVersion: 103.0.5060.66, chrome: {chromedriverVersion: 103.0.5060.53 (a1711811edd7..., userDataDir: C:\Users\imtiaz\AppData\Loc...}, goog:chromeOptions: {debuggerAddress: localhost:55017}, javascriptEnabled: true, networkConnectionEnabled: false, pageLoadStrategy: normal, platform: WINDOWS, platformName: WINDOWS, proxy: Proxy(), setWindowRect: true, strictFileInteractability: false, timeouts: {implicit: 0, pageLoad: 300000, script: 30000}, unhandledPromptBehavior: dismiss and notify, webauthn:extension:credBlob: true, webauthn:extension:largeBlob: true, webauthn:virtualAuthenticators: true}
Session ID: efa2b9eb7928154ba23a0472bf5e7ff5
*** Element info: {Using=tag name, value=body}
	at org.openqa.selenium.remote.http.W3CHttpResponseCodec.createException(W3CHttpResponseCodec.java:187)
	at org.openqa.selenium.remote.http.W3CHttpResponseCodec.decode(W3CHttpResponseCodec.java:122)
	at org.openqa.selenium.remote.http.W3CHttpResponseCodec.decode(W3CHttpResponseCodec.java:49)
	at org.openqa.selenium.remote.HttpCommandExecutor.execute(HttpCommandExecutor.java:158)
	at org.openqa.selenium.remote.service.DriverCommandExecutor.execute(DriverCommandExecutor.java:83)
	at org.openqa.selenium.remote.RemoteWebDriver.execute(RemoteWebDriver.java:552)
	at com.kms.katalon.selenium.driver.CChromeDriver.execute(CChromeDriver.java:19)
	at org.openqa.selenium.remote.RemoteWebDriver.findElement(RemoteWebDriver.java:323)
	at org.openqa.selenium.remote.RemoteWebDriver.findElementByTagName(RemoteWebDriver.java:396)
	at org.openqa.selenium.By$ByTagName.findElement(By.java:320)
	at org.openqa.selenium.remote.RemoteWebDriver.findElement(RemoteWebDriver.java:315)
	at org.openqa.selenium.support.events.EventFiringWebDriver.lambda$new$1(EventFiringWebDriver.java:105)
	at com.sun.proxy.$Proxy10.findElement(Unknown Source)
	at org.openqa.selenium.support.events.EventFiringWebDriver.findElement(EventFiringWebDriver.java:194)
	at com.kms.katalon.core.webui.common.WebUiCommonHelper.isTextPresent(WebUiCommonHelper.java:86)
	at com.kms.katalon.core.webui.keyword.builtin.VerifyTextPresentKeyword$_verifyTextPresent_closure1.doCall(VerifyTextPresentKeyword.groovy:75)
	at com.kms.katalon.core.webui.keyword.builtin.VerifyTextPresentKeyword$_verifyTextPresent_closure1.call(VerifyTextPresentKeyword.groovy)
	at com.kms.katalon.core.webui.keyword.internal.WebUIKeywordMain.runKeyword(WebUIKeywordMain.groovy:20)
	at com.kms.katalon.core.webui.keyword.builtin.VerifyTextPresentKeyword.verifyTextPresent(VerifyTextPresentKeyword.groovy:83)
	at com.kms.katalon.core.webui.keyword.builtin.VerifyTextPresentKeyword.execute(VerifyTextPresentKeyword.groovy:68)
	at com.kms.katalon.core.keyword.internal.KeywordExecutor.executeKeywordForPlatform(KeywordExecutor.groovy:74)
	at com.kms.katalon.core.webui.keyword.WebUiBuiltInKeywords.verifyTextPresent(WebUiBuiltInKeywords.groovy:1723)
	at com.kms.katalon.core.webui.keyword.WebUiBuiltInKeywords$verifyTextPresent$4.call(Unknown Source)
	at Script1652205847657.run(Script1652205847657.groovy:185)
	... 13 more
)

2022-06-30 22:24:54 - [TEST_STEP][FAILED] - verifyTextPresent("VA", true): Unable to verify text 'VA' is present  using regular expression (Root cause: com.kms.katalon.core.exception.StepFailedException: Unable to verify text 'VA' is present  using regular expression
	at com.kms.katalon.core.webui.keyword.internal.WebUIKeywordMain.stepFailed(WebUIKeywordMain.groovy:64)
	at com.kms.katalon.core.webui.keyword.internal.WebUIKeywordMain.runKeyword(WebUIKeywordMain.groovy:26)
	at com.kms.katalon.core.webui.keyword.builtin.VerifyTextPresentKeyword.verifyTextPresent(VerifyTextPresentKeyword.groovy:83)
	at com.kms.katalon.core.webui.keyword.builtin.VerifyTextPresentKeyword.execute(VerifyTextPresentKeyword.groovy:68)
	at com.kms.katalon.core.keyword.internal.KeywordExecutor.executeKeywordForPlatform(KeywordExecutor.groovy:74)
	at com.kms.katalon.core.webui.keyword.WebUiBuiltInKeywords.verifyTextPresent(WebUiBuiltInKeywords.groovy:1723)
	at com.kms.katalon.core.webui.keyword.WebUiBuiltInKeywords$verifyTextPresent$4.call(Unknown Source)
	at Sale_TP_AllCF_Generic_Payment_TC.run(Sale_TP_AllCF_Generic_Payment_TC:186)
	at com.kms.katalon.core.main.ScriptEngine.run(ScriptEngine.java:194)
	at com.kms.katalon.core.main.ScriptEngine.runScriptAsRawText(ScriptEngine.java:119)
	at com.kms.katalon.core.main.TestCaseExecutor.runScript(TestCaseExecutor.java:442)
	at com.kms.katalon.core.main.TestCaseExecutor.doExecute(TestCaseExecutor.java:433)
	at com.kms.katalon.core.main.TestCaseExecutor.processExecutionPhase(TestCaseExecutor.java:412)
	at com.kms.katalon.core.main.TestCaseExecutor.accessMainPhase(TestCaseExecutor.java:404)
	at com.kms.katalon.core.main.TestCaseExecutor.execute(TestCaseExecutor.java:281)
	at com.kms.katalon.core.main.TestSuiteExecutor.accessTestCaseMainPhase(TestSuiteExecutor.java:202)
	at com.kms.katalon.core.main.TestSuiteExecutor.accessTestSuiteMainPhase(TestSuiteExecutor.java:164)
	at com.kms.katalon.core.main.TestSuiteExecutor.execute(TestSuiteExecutor.java:105)
	at com.kms.katalon.core.main.TestCaseMain.startTestSuite(TestCaseMain.java:185)
	at com.kms.katalon.core.main.TestCaseMain$startTestSuite$0.call(Unknown Source)
	at TempTestSuite1656640997204.run(TempTestSuite1656640997204.groovy:36)
Caused by: org.openqa.selenium.WebDriverException: chrome not reachable
  (Session info: chrome=103.0.5060.66)
Build info: version: '3.141.59', revision: 'e82be7d358', time: '2018-11-14T08:25:53'
System info: host: 'DESKTOP-B2QI6NS', ip: '192.168.1.87', os.name: 'Windows 10', os.arch: 'amd64', os.version: '10.0', java.version: '1.8.0_181'
Driver info: com.kms.katalon.selenium.driver.CChromeDriver
Capabilities {acceptInsecureCerts: true, browserName: chrome, browserVersion: 103.0.5060.66, chrome: {chromedriverVersion: 103.0.5060.53 (a1711811edd7..., userDataDir: C:\Users\imtiaz\AppData\Loc...}, goog:chromeOptions: {debuggerAddress: localhost:55017}, javascriptEnabled: true, networkConnectionEnabled: false, pageLoadStrategy: normal, platform: WINDOWS, platformName: WINDOWS, proxy: Proxy(), setWindowRect: true, strictFileInteractability: false, timeouts: {implicit: 0, pageLoad: 300000, script: 30000}, unhandledPromptBehavior: dismiss and notify, webauthn:extension:credBlob: true, webauthn:extension:largeBlob: true, webauthn:virtualAuthenticators: true}
Session ID: efa2b9eb7928154ba23a0472bf5e7ff5
*** Element info: {Using=tag name, value=body}
	at org.openqa.selenium.remote.http.W3CHttpResponseCodec.createException(W3CHttpResponseCodec.java:187)
	at org.openqa.selenium.remote.http.W3CHttpResponseCodec.decode(W3CHttpResponseCodec.java:122)
	at org.openqa.selenium.remote.http.W3CHttpResponseCodec.decode(W3CHttpResponseCodec.java:49)
	at org.openqa.selenium.remote.HttpCommandExecutor.execute(HttpCommandExecutor.java:158)
	at org.openqa.selenium.remote.service.DriverCommandExecutor.execute(DriverCommandExecutor.java:83)
	at org.openqa.selenium.remote.RemoteWebDriver.execute(RemoteWebDriver.java:552)
	at com.kms.katalon.selenium.driver.CChromeDriver.execute(CChromeDriver.java:19)
	at org.openqa.selenium.remote.RemoteWebDriver.findElement(RemoteWebDriver.java:323)
	at org.openqa.selenium.remote.RemoteWebDriver.findElementByTagName(RemoteWebDriver.java:396)
	at org.openqa.selenium.By$ByTagName.findElement(By.java:320)
	at org.openqa.selenium.remote.RemoteWebDriver.findElement(RemoteWebDriver.java:315)
	at org.openqa.selenium.support.events.EventFiringWebDriver.lambda$new$1(EventFiringWebDriver.java:105)
	at com.sun.proxy.$Proxy10.findElement(Unknown Source)
	at org.openqa.selenium.support.events.EventFiringWebDriver.findElement(EventFiringWebDriver.java:194)
	at com.kms.katalon.core.webui.common.WebUiCommonHelper.isTextPresent(WebUiCommonHelper.java:86)
	at com.kms.katalon.core.webui.keyword.builtin.VerifyTextPresentKeyword$_verifyTextPresent_closure1.doCall(VerifyTextPresentKeyword.groovy:75)
	at com.kms.katalon.core.webui.keyword.builtin.VerifyTextPresentKeyword$_verifyTextPresent_closure1.call(VerifyTextPresentKeyword.groovy)
	at com.kms.katalon.core.webui.keyword.internal.WebUIKeywordMain.runKeyword(WebUIKeywordMain.groovy:20)
	at com.kms.katalon.core.webui.keyword.builtin.VerifyTextPresentKeyword.verifyTextPresent(VerifyTextPresentKeyword.groovy:83)
	at com.kms.katalon.core.webui.keyword.builtin.VerifyTextPresentKeyword.execute(VerifyTextPresentKeyword.groovy:68)
	at com.kms.katalon.core.keyword.internal.KeywordExecutor.executeKeywordForPlatform(KeywordExecutor.groovy:74)
	at com.kms.katalon.core.webui.keyword.WebUiBuiltInKeywords.verifyTextPresent(WebUiBuiltInKeywords.groovy:1723)
	at com.kms.katalon.core.webui.keyword.WebUiBuiltInKeywords$verifyTextPresent$4.call(Unknown Source)
	at Script1652205847657.run(Script1652205847657.groovy:186)
	... 13 more
)

2022-06-30 22:25:06 - [MESSAGE][WARNING] - Cannot take screenshot

2022-06-30 22:25:06 - [MESSAGE][FAILED] - Unable to verify text 'VA' is present  using regular expression (Root cause: com.kms.katalon.core.exception.StepFailedException: Unable to verify text 'VA' is present  using regular expression
	at com.kms.katalon.core.webui.keyword.internal.WebUIKeywordMain.stepFailed(WebUIKeywordMain.groovy:64)
	at com.kms.katalon.core.webui.keyword.internal.WebUIKeywordMain.runKeyword(WebUIKeywordMain.groovy:26)
	at com.kms.katalon.core.webui.keyword.builtin.VerifyTextPresentKeyword.verifyTextPresent(VerifyTextPresentKeyword.groovy:83)
	at com.kms.katalon.core.webui.keyword.builtin.VerifyTextPresentKeyword.execute(VerifyTextPresentKeyword.groovy:68)
	at com.kms.katalon.core.keyword.internal.KeywordExecutor.executeKeywordForPlatform(KeywordExecutor.groovy:74)
	at com.kms.katalon.core.webui.keyword.WebUiBuiltInKeywords.verifyTextPresent(WebUiBuiltInKeywords.groovy:1723)
	at com.kms.katalon.core.webui.keyword.WebUiBuiltInKeywords$verifyTextPresent$4.call(Unknown Source)
	at Sale_TP_AllCF_Generic_Payment_TC.run(Sale_TP_AllCF_Generic_Payment_TC:186)
	at com.kms.katalon.core.main.ScriptEngine.run(ScriptEngine.java:194)
	at com.kms.katalon.core.main.ScriptEngine.runScriptAsRawText(ScriptEngine.java:119)
	at com.kms.katalon.core.main.TestCaseExecutor.runScript(TestCaseExecutor.java:442)
	at com.kms.katalon.core.main.TestCaseExecutor.doExecute(TestCaseExecutor.java:433)
	at com.kms.katalon.core.main.TestCaseExecutor.processExecutionPhase(TestCaseExecutor.java:412)
	at com.kms.katalon.core.main.TestCaseExecutor.accessMainPhase(TestCaseExecutor.java:404)
	at com.kms.katalon.core.main.TestCaseExecutor.execute(TestCaseExecutor.java:281)
	at com.kms.katalon.core.main.TestSuiteExecutor.accessTestCaseMainPhase(TestSuiteExecutor.java:202)
	at com.kms.katalon.core.main.TestSuiteExecutor.accessTestSuiteMainPhase(TestSuiteExecutor.java:164)
	at com.kms.katalon.core.main.TestSuiteExecutor.execute(TestSuiteExecutor.java:105)
	at com.kms.katalon.core.main.TestCaseMain.startTestSuite(TestCaseMain.java:185)
	at com.kms.katalon.core.main.TestCaseMain$startTestSuite$0.call(Unknown Source)
	at TempTestSuite1656640997204.run(TempTestSuite1656640997204.groovy:36)
Caused by: org.openqa.selenium.WebDriverException: chrome not reachable
  (Session info: chrome=103.0.5060.66)
Build info: version: '3.141.59', revision: 'e82be7d358', time: '2018-11-14T08:25:53'
System info: host: 'DESKTOP-B2QI6NS', ip: '192.168.1.87', os.name: 'Windows 10', os.arch: 'amd64', os.version: '10.0', java.version: '1.8.0_181'
Driver info: com.kms.katalon.selenium.driver.CChromeDriver
Capabilities {acceptInsecureCerts: true, browserName: chrome, browserVersion: 103.0.5060.66, chrome: {chromedriverVersion: 103.0.5060.53 (a1711811edd7..., userDataDir: C:\Users\imtiaz\AppData\Loc...}, goog:chromeOptions: {debuggerAddress: localhost:55017}, javascriptEnabled: true, networkConnectionEnabled: false, pageLoadStrategy: normal, platform: WINDOWS, platformName: WINDOWS, proxy: Proxy(), setWindowRect: true, strictFileInteractability: false, timeouts: {implicit: 0, pageLoad: 300000, script: 30000}, unhandledPromptBehavior: dismiss and notify, webauthn:extension:credBlob: true, webauthn:extension:largeBlob: true, webauthn:virtualAuthenticators: true}
Session ID: efa2b9eb7928154ba23a0472bf5e7ff5
*** Element info: {Using=tag name, value=body}
	at org.openqa.selenium.remote.http.W3CHttpResponseCodec.createException(W3CHttpResponseCodec.java:187)
	at org.openqa.selenium.remote.http.W3CHttpResponseCodec.decode(W3CHttpResponseCodec.java:122)
	at org.openqa.selenium.remote.http.W3CHttpResponseCodec.decode(W3CHttpResponseCodec.java:49)
	at org.openqa.selenium.remote.HttpCommandExecutor.execute(HttpCommandExecutor.java:158)
	at org.openqa.selenium.remote.service.DriverCommandExecutor.execute(DriverCommandExecutor.java:83)
	at org.openqa.selenium.remote.RemoteWebDriver.execute(RemoteWebDriver.java:552)
	at com.kms.katalon.selenium.driver.CChromeDriver.execute(CChromeDriver.java:19)
	at org.openqa.selenium.remote.RemoteWebDriver.findElement(RemoteWebDriver.java:323)
	at org.openqa.selenium.remote.RemoteWebDriver.findElementByTagName(RemoteWebDriver.java:396)
	at org.openqa.selenium.By$ByTagName.findElement(By.java:320)
	at org.openqa.selenium.remote.RemoteWebDriver.findElement(RemoteWebDriver.java:315)
	at org.openqa.selenium.support.events.EventFiringWebDriver.lambda$new$1(EventFiringWebDriver.java:105)
	at com.sun.proxy.$Proxy10.findElement(Unknown Source)
	at org.openqa.selenium.support.events.EventFiringWebDriver.findElement(EventFiringWebDriver.java:194)
	at com.kms.katalon.core.webui.common.WebUiCommonHelper.isTextPresent(WebUiCommonHelper.java:86)
	at com.kms.katalon.core.webui.keyword.builtin.VerifyTextPresentKeyword$_verifyTextPresent_closure1.doCall(VerifyTextPresentKeyword.groovy:75)
	at com.kms.katalon.core.webui.keyword.builtin.VerifyTextPresentKeyword$_verifyTextPresent_closure1.call(VerifyTextPresentKeyword.groovy)
	at com.kms.katalon.core.webui.keyword.internal.WebUIKeywordMain.runKeyword(WebUIKeywordMain.groovy:20)
	at com.kms.katalon.core.webui.keyword.builtin.VerifyTextPresentKeyword.verifyTextPresent(VerifyTextPresentKeyword.groovy:83)
	at com.kms.katalon.core.webui.keyword.builtin.VerifyTextPresentKeyword.execute(VerifyTextPresentKeyword.groovy:68)
	at com.kms.katalon.core.keyword.internal.KeywordExecutor.executeKeywordForPlatform(KeywordExecutor.groovy:74)
	at com.kms.katalon.core.webui.keyword.WebUiBuiltInKeywords.verifyTextPresent(WebUiBuiltInKeywords.groovy:1723)
	at com.kms.katalon.core.webui.keyword.WebUiBuiltInKeywords$verifyTextPresent$4.call(Unknown Source)
	at Script1652205847657.run(Script1652205847657.groovy:186)
	... 13 more
)

2022-06-30 22:25:06 - [TEST_STEP][FAILED] - verifyTextPresent("22201", true): Unable to verify text '22201' is present  using regular expression (Root cause: com.kms.katalon.core.exception.StepFailedException: Unable to verify text '22201' is present  using regular expression
	at com.kms.katalon.core.webui.keyword.internal.WebUIKeywordMain.stepFailed(WebUIKeywordMain.groovy:64)
	at com.kms.katalon.core.webui.keyword.internal.WebUIKeywordMain.runKeyword(WebUIKeywordMain.groovy:26)
	at com.kms.katalon.core.webui.keyword.builtin.VerifyTextPresentKeyword.verifyTextPresent(VerifyTextPresentKeyword.groovy:83)
	at com.kms.katalon.core.webui.keyword.builtin.VerifyTextPresentKeyword.execute(VerifyTextPresentKeyword.groovy:68)
	at com.kms.katalon.core.keyword.internal.KeywordExecutor.executeKeywordForPlatform(KeywordExecutor.groovy:74)
	at com.kms.katalon.core.webui.keyword.WebUiBuiltInKeywords.verifyTextPresent(WebUiBuiltInKeywords.groovy:1723)
	at com.kms.katalon.core.webui.keyword.WebUiBuiltInKeywords$verifyTextPresent$4.call(Unknown Source)
	at Sale_TP_AllCF_Generic_Payment_TC.run(Sale_TP_AllCF_Generic_Payment_TC:187)
	at com.kms.katalon.core.main.ScriptEngine.run(ScriptEngine.java:194)
	at com.kms.katalon.core.main.ScriptEngine.runScriptAsRawText(ScriptEngine.java:119)
	at com.kms.katalon.core.main.TestCaseExecutor.runScript(TestCaseExecutor.java:442)
	at com.kms.katalon.core.main.TestCaseExecutor.doExecute(TestCaseExecutor.java:433)
	at com.kms.katalon.core.main.TestCaseExecutor.processExecutionPhase(TestCaseExecutor.java:412)
	at com.kms.katalon.core.main.TestCaseExecutor.accessMainPhase(TestCaseExecutor.java:404)
	at com.kms.katalon.core.main.TestCaseExecutor.execute(TestCaseExecutor.java:281)
	at com.kms.katalon.core.main.TestSuiteExecutor.accessTestCaseMainPhase(TestSuiteExecutor.java:202)
	at com.kms.katalon.core.main.TestSuiteExecutor.accessTestSuiteMainPhase(TestSuiteExecutor.java:164)
	at com.kms.katalon.core.main.TestSuiteExecutor.execute(TestSuiteExecutor.java:105)
	at com.kms.katalon.core.main.TestCaseMain.startTestSuite(TestCaseMain.java:185)
	at com.kms.katalon.core.main.TestCaseMain$startTestSuite$0.call(Unknown Source)
	at TempTestSuite1656640997204.run(TempTestSuite1656640997204.groovy:36)
Caused by: org.openqa.selenium.WebDriverException: chrome not reachable
  (Session info: chrome=103.0.5060.66)
Build info: version: '3.141.59', revision: 'e82be7d358', time: '2018-11-14T08:25:53'
System info: host: 'DESKTOP-B2QI6NS', ip: '192.168.1.87', os.name: 'Windows 10', os.arch: 'amd64', os.version: '10.0', java.version: '1.8.0_181'
Driver info: com.kms.katalon.selenium.driver.CChromeDriver
Capabilities {acceptInsecureCerts: true, browserName: chrome, browserVersion: 103.0.5060.66, chrome: {chromedriverVersion: 103.0.5060.53 (a1711811edd7..., userDataDir: C:\Users\imtiaz\AppData\Loc...}, goog:chromeOptions: {debuggerAddress: localhost:55017}, javascriptEnabled: true, networkConnectionEnabled: false, pageLoadStrategy: normal, platform: WINDOWS, platformName: WINDOWS, proxy: Proxy(), setWindowRect: true, strictFileInteractability: false, timeouts: {implicit: 0, pageLoad: 300000, script: 30000}, unhandledPromptBehavior: dismiss and notify, webauthn:extension:credBlob: true, webauthn:extension:largeBlob: true, webauthn:virtualAuthenticators: true}
Session ID: efa2b9eb7928154ba23a0472bf5e7ff5
*** Element info: {Using=tag name, value=body}
	at org.openqa.selenium.remote.http.W3CHttpResponseCodec.createException(W3CHttpResponseCodec.java:187)
	at org.openqa.selenium.remote.http.W3CHttpResponseCodec.decode(W3CHttpResponseCodec.java:122)
	at org.openqa.selenium.remote.http.W3CHttpResponseCodec.decode(W3CHttpResponseCodec.java:49)
	at org.openqa.selenium.remote.HttpCommandExecutor.execute(HttpCommandExecutor.java:158)
	at org.openqa.selenium.remote.service.DriverCommandExecutor.execute(DriverCommandExecutor.java:83)
	at org.openqa.selenium.remote.RemoteWebDriver.execute(RemoteWebDriver.java:552)
	at com.kms.katalon.selenium.driver.CChromeDriver.execute(CChromeDriver.java:19)
	at org.openqa.selenium.remote.RemoteWebDriver.findElement(RemoteWebDriver.java:323)
	at org.openqa.selenium.remote.RemoteWebDriver.findElementByTagName(RemoteWebDriver.java:396)
	at org.openqa.selenium.By$ByTagName.findElement(By.java:320)
	at org.openqa.selenium.remote.RemoteWebDriver.findElement(RemoteWebDriver.java:315)
	at org.openqa.selenium.support.events.EventFiringWebDriver.lambda$new$1(EventFiringWebDriver.java:105)
	at com.sun.proxy.$Proxy10.findElement(Unknown Source)
	at org.openqa.selenium.support.events.EventFiringWebDriver.findElement(EventFiringWebDriver.java:194)
	at com.kms.katalon.core.webui.common.WebUiCommonHelper.isTextPresent(WebUiCommonHelper.java:86)
	at com.kms.katalon.core.webui.keyword.builtin.VerifyTextPresentKeyword$_verifyTextPresent_closure1.doCall(VerifyTextPresentKeyword.groovy:75)
	at com.kms.katalon.core.webui.keyword.builtin.VerifyTextPresentKeyword$_verifyTextPresent_closure1.call(VerifyTextPresentKeyword.groovy)
	at com.kms.katalon.core.webui.keyword.internal.WebUIKeywordMain.runKeyword(WebUIKeywordMain.groovy:20)
	at com.kms.katalon.core.webui.keyword.builtin.VerifyTextPresentKeyword.verifyTextPresent(VerifyTextPresentKeyword.groovy:83)
	at com.kms.katalon.core.webui.keyword.builtin.VerifyTextPresentKeyword.execute(VerifyTextPresentKeyword.groovy:68)
	at com.kms.katalon.core.keyword.internal.KeywordExecutor.executeKeywordForPlatform(KeywordExecutor.groovy:74)
	at com.kms.katalon.core.webui.keyword.WebUiBuiltInKeywords.verifyTextPresent(WebUiBuiltInKeywords.groovy:1723)
	at com.kms.katalon.core.webui.keyword.WebUiBuiltInKeywords$verifyTextPresent$4.call(Unknown Source)
	at Script1652205847657.run(Script1652205847657.groovy:187)
	... 13 more
)

2022-06-30 22:25:19 - [MESSAGE][WARNING] - Cannot take screenshot

2022-06-30 22:25:19 - [MESSAGE][FAILED] - Unable to verify text '22201' is present  using regular expression (Root cause: com.kms.katalon.core.exception.StepFailedException: Unable to verify text '22201' is present  using regular expression
	at com.kms.katalon.core.webui.keyword.internal.WebUIKeywordMain.stepFailed(WebUIKeywordMain.groovy:64)
	at com.kms.katalon.core.webui.keyword.internal.WebUIKeywordMain.runKeyword(WebUIKeywordMain.groovy:26)
	at com.kms.katalon.core.webui.keyword.builtin.VerifyTextPresentKeyword.verifyTextPresent(VerifyTextPresentKeyword.groovy:83)
	at com.kms.katalon.core.webui.keyword.builtin.VerifyTextPresentKeyword.execute(VerifyTextPresentKeyword.groovy:68)
	at com.kms.katalon.core.keyword.internal.KeywordExecutor.executeKeywordForPlatform(KeywordExecutor.groovy:74)
	at com.kms.katalon.core.webui.keyword.WebUiBuiltInKeywords.verifyTextPresent(WebUiBuiltInKeywords.groovy:1723)
	at com.kms.katalon.core.webui.keyword.WebUiBuiltInKeywords$verifyTextPresent$4.call(Unknown Source)
	at Sale_TP_AllCF_Generic_Payment_TC.run(Sale_TP_AllCF_Generic_Payment_TC:187)
	at com.kms.katalon.core.main.ScriptEngine.run(ScriptEngine.java:194)
	at com.kms.katalon.core.main.ScriptEngine.runScriptAsRawText(ScriptEngine.java:119)
	at com.kms.katalon.core.main.TestCaseExecutor.runScript(TestCaseExecutor.java:442)
	at com.kms.katalon.core.main.TestCaseExecutor.doExecute(TestCaseExecutor.java:433)
	at com.kms.katalon.core.main.TestCaseExecutor.processExecutionPhase(TestCaseExecutor.java:412)
	at com.kms.katalon.core.main.TestCaseExecutor.accessMainPhase(TestCaseExecutor.java:404)
	at com.kms.katalon.core.main.TestCaseExecutor.execute(TestCaseExecutor.java:281)
	at com.kms.katalon.core.main.TestSuiteExecutor.accessTestCaseMainPhase(TestSuiteExecutor.java:202)
	at com.kms.katalon.core.main.TestSuiteExecutor.accessTestSuiteMainPhase(TestSuiteExecutor.java:164)
	at com.kms.katalon.core.main.TestSuiteExecutor.execute(TestSuiteExecutor.java:105)
	at com.kms.katalon.core.main.TestCaseMain.startTestSuite(TestCaseMain.java:185)
	at com.kms.katalon.core.main.TestCaseMain$startTestSuite$0.call(Unknown Source)
	at TempTestSuite1656640997204.run(TempTestSuite1656640997204.groovy:36)
Caused by: org.openqa.selenium.WebDriverException: chrome not reachable
  (Session info: chrome=103.0.5060.66)
Build info: version: '3.141.59', revision: 'e82be7d358', time: '2018-11-14T08:25:53'
System info: host: 'DESKTOP-B2QI6NS', ip: '192.168.1.87', os.name: 'Windows 10', os.arch: 'amd64', os.version: '10.0', java.version: '1.8.0_181'
Driver info: com.kms.katalon.selenium.driver.CChromeDriver
Capabilities {acceptInsecureCerts: true, browserName: chrome, browserVersion: 103.0.5060.66, chrome: {chromedriverVersion: 103.0.5060.53 (a1711811edd7..., userDataDir: C:\Users\imtiaz\AppData\Loc...}, goog:chromeOptions: {debuggerAddress: localhost:55017}, javascriptEnabled: true, networkConnectionEnabled: false, pageLoadStrategy: normal, platform: WINDOWS, platformName: WINDOWS, proxy: Proxy(), setWindowRect: true, strictFileInteractability: false, timeouts: {implicit: 0, pageLoad: 300000, script: 30000}, unhandledPromptBehavior: dismiss and notify, webauthn:extension:credBlob: true, webauthn:extension:largeBlob: true, webauthn:virtualAuthenticators: true}
Session ID: efa2b9eb7928154ba23a0472bf5e7ff5
*** Element info: {Using=tag name, value=body}
	at org.openqa.selenium.remote.http.W3CHttpResponseCodec.createException(W3CHttpResponseCodec.java:187)
	at org.openqa.selenium.remote.http.W3CHttpResponseCodec.decode(W3CHttpResponseCodec.java:122)
	at org.openqa.selenium.remote.http.W3CHttpResponseCodec.decode(W3CHttpResponseCodec.java:49)
	at org.openqa.selenium.remote.HttpCommandExecutor.execute(HttpCommandExecutor.java:158)
	at org.openqa.selenium.remote.service.DriverCommandExecutor.execute(DriverCommandExecutor.java:83)
	at org.openqa.selenium.remote.RemoteWebDriver.execute(RemoteWebDriver.java:552)
	at com.kms.katalon.selenium.driver.CChromeDriver.execute(CChromeDriver.java:19)
	at org.openqa.selenium.remote.RemoteWebDriver.findElement(RemoteWebDriver.java:323)
	at org.openqa.selenium.remote.RemoteWebDriver.findElementByTagName(RemoteWebDriver.java:396)
	at org.openqa.selenium.By$ByTagName.findElement(By.java:320)
	at org.openqa.selenium.remote.RemoteWebDriver.findElement(RemoteWebDriver.java:315)
	at org.openqa.selenium.support.events.EventFiringWebDriver.lambda$new$1(EventFiringWebDriver.java:105)
	at com.sun.proxy.$Proxy10.findElement(Unknown Source)
	at org.openqa.selenium.support.events.EventFiringWebDriver.findElement(EventFiringWebDriver.java:194)
	at com.kms.katalon.core.webui.common.WebUiCommonHelper.isTextPresent(WebUiCommonHelper.java:86)
	at com.kms.katalon.core.webui.keyword.builtin.VerifyTextPresentKeyword$_verifyTextPresent_closure1.doCall(VerifyTextPresentKeyword.groovy:75)
	at com.kms.katalon.core.webui.keyword.builtin.VerifyTextPresentKeyword$_verifyTextPresent_closure1.call(VerifyTextPresentKeyword.groovy)
	at com.kms.katalon.core.webui.keyword.internal.WebUIKeywordMain.runKeyword(WebUIKeywordMain.groovy:20)
	at com.kms.katalon.core.webui.keyword.builtin.VerifyTextPresentKeyword.verifyTextPresent(VerifyTextPresentKeyword.groovy:83)
	at com.kms.katalon.core.webui.keyword.builtin.VerifyTextPresentKeyword.execute(VerifyTextPresentKeyword.groovy:68)
	at com.kms.katalon.core.keyword.internal.KeywordExecutor.executeKeywordForPlatform(KeywordExecutor.groovy:74)
	at com.kms.katalon.core.webui.keyword.WebUiBuiltInKeywords.verifyTextPresent(WebUiBuiltInKeywords.groovy:1723)
	at com.kms.katalon.core.webui.keyword.WebUiBuiltInKeywords$verifyTextPresent$4.call(Unknown Source)
	at Script1652205847657.run(Script1652205847657.groovy:187)
	... 13 more
)

2022-06-30 22:25:19 - [TEST_STEP][PASSED] - cardTypeV = findTestData(dataFile).getValue("CardType", row): null

2022-06-30 22:25:19 - [TEST_STEP][PASSED] - last4V = findTestData(dataFile).getValue("Last4", row): null

2022-06-30 22:25:19 - [TEST_STEP][FAILED] - verifyTextPresent(cardTypeV, true): Unable to verify text 'American Express' is present  using regular expression (Root cause: com.kms.katalon.core.exception.StepFailedException: Unable to verify text 'American Express' is present  using regular expression
	at com.kms.katalon.core.webui.keyword.internal.WebUIKeywordMain.stepFailed(WebUIKeywordMain.groovy:64)
	at com.kms.katalon.core.webui.keyword.internal.WebUIKeywordMain.runKeyword(WebUIKeywordMain.groovy:26)
	at com.kms.katalon.core.webui.keyword.builtin.VerifyTextPresentKeyword.verifyTextPresent(VerifyTextPresentKeyword.groovy:83)
	at com.kms.katalon.core.webui.keyword.builtin.VerifyTextPresentKeyword.execute(VerifyTextPresentKeyword.groovy:68)
	at com.kms.katalon.core.keyword.internal.KeywordExecutor.executeKeywordForPlatform(KeywordExecutor.groovy:74)
	at com.kms.katalon.core.webui.keyword.WebUiBuiltInKeywords.verifyTextPresent(WebUiBuiltInKeywords.groovy:1723)
	at com.kms.katalon.core.webui.keyword.WebUiBuiltInKeywords$verifyTextPresent$4.call(Unknown Source)
	at Sale_TP_AllCF_Generic_Payment_TC.run(Sale_TP_AllCF_Generic_Payment_TC:192)
	at com.kms.katalon.core.main.ScriptEngine.run(ScriptEngine.java:194)
	at com.kms.katalon.core.main.ScriptEngine.runScriptAsRawText(ScriptEngine.java:119)
	at com.kms.katalon.core.main.TestCaseExecutor.runScript(TestCaseExecutor.java:442)
	at com.kms.katalon.core.main.TestCaseExecutor.doExecute(TestCaseExecutor.java:433)
	at com.kms.katalon.core.main.TestCaseExecutor.processExecutionPhase(TestCaseExecutor.java:412)
	at com.kms.katalon.core.main.TestCaseExecutor.accessMainPhase(TestCaseExecutor.java:404)
	at com.kms.katalon.core.main.TestCaseExecutor.execute(TestCaseExecutor.java:281)
	at com.kms.katalon.core.main.TestSuiteExecutor.accessTestCaseMainPhase(TestSuiteExecutor.java:202)
	at com.kms.katalon.core.main.TestSuiteExecutor.accessTestSuiteMainPhase(TestSuiteExecutor.java:164)
	at com.kms.katalon.core.main.TestSuiteExecutor.execute(TestSuiteExecutor.java:105)
	at com.kms.katalon.core.main.TestCaseMain.startTestSuite(TestCaseMain.java:185)
	at com.kms.katalon.core.main.TestCaseMain$startTestSuite$0.call(Unknown Source)
	at TempTestSuite1656640997204.run(TempTestSuite1656640997204.groovy:36)
Caused by: org.openqa.selenium.WebDriverException: chrome not reachable
  (Session info: chrome=103.0.5060.66)
Build info: version: '3.141.59', revision: 'e82be7d358', time: '2018-11-14T08:25:53'
System info: host: 'DESKTOP-B2QI6NS', ip: '192.168.1.87', os.name: 'Windows 10', os.arch: 'amd64', os.version: '10.0', java.version: '1.8.0_181'
Driver info: com.kms.katalon.selenium.driver.CChromeDriver
Capabilities {acceptInsecureCerts: true, browserName: chrome, browserVersion: 103.0.5060.66, chrome: {chromedriverVersion: 103.0.5060.53 (a1711811edd7..., userDataDir: C:\Users\imtiaz\AppData\Loc...}, goog:chromeOptions: {debuggerAddress: localhost:55017}, javascriptEnabled: true, networkConnectionEnabled: false, pageLoadStrategy: normal, platform: WINDOWS, platformName: WINDOWS, proxy: Proxy(), setWindowRect: true, strictFileInteractability: false, timeouts: {implicit: 0, pageLoad: 300000, script: 30000}, unhandledPromptBehavior: dismiss and notify, webauthn:extension:credBlob: true, webauthn:extension:largeBlob: true, webauthn:virtualAuthenticators: true}
Session ID: efa2b9eb7928154ba23a0472bf5e7ff5
*** Element info: {Using=tag name, value=body}
	at org.openqa.selenium.remote.http.W3CHttpResponseCodec.createException(W3CHttpResponseCodec.java:187)
	at org.openqa.selenium.remote.http.W3CHttpResponseCodec.decode(W3CHttpResponseCodec.java:122)
	at org.openqa.selenium.remote.http.W3CHttpResponseCodec.decode(W3CHttpResponseCodec.java:49)
	at org.openqa.selenium.remote.HttpCommandExecutor.execute(HttpCommandExecutor.java:158)
	at org.openqa.selenium.remote.service.DriverCommandExecutor.execute(DriverCommandExecutor.java:83)
	at org.openqa.selenium.remote.RemoteWebDriver.execute(RemoteWebDriver.java:552)
	at com.kms.katalon.selenium.driver.CChromeDriver.execute(CChromeDriver.java:19)
	at org.openqa.selenium.remote.RemoteWebDriver.findElement(RemoteWebDriver.java:323)
	at org.openqa.selenium.remote.RemoteWebDriver.findElementByTagName(RemoteWebDriver.java:396)
	at org.openqa.selenium.By$ByTagName.findElement(By.java:320)
	at org.openqa.selenium.remote.RemoteWebDriver.findElement(RemoteWebDriver.java:315)
	at org.openqa.selenium.support.events.EventFiringWebDriver.lambda$new$1(EventFiringWebDriver.java:105)
	at com.sun.proxy.$Proxy10.findElement(Unknown Source)
	at org.openqa.selenium.support.events.EventFiringWebDriver.findElement(EventFiringWebDriver.java:194)
	at com.kms.katalon.core.webui.common.WebUiCommonHelper.isTextPresent(WebUiCommonHelper.java:86)
	at com.kms.katalon.core.webui.keyword.builtin.VerifyTextPresentKeyword$_verifyTextPresent_closure1.doCall(VerifyTextPresentKeyword.groovy:75)
	at com.kms.katalon.core.webui.keyword.builtin.VerifyTextPresentKeyword$_verifyTextPresent_closure1.call(VerifyTextPresentKeyword.groovy)
	at com.kms.katalon.core.webui.keyword.internal.WebUIKeywordMain.runKeyword(WebUIKeywordMain.groovy:20)
	at com.kms.katalon.core.webui.keyword.builtin.VerifyTextPresentKeyword.verifyTextPresent(VerifyTextPresentKeyword.groovy:83)
	at com.kms.katalon.core.webui.keyword.builtin.VerifyTextPresentKeyword.execute(VerifyTextPresentKeyword.groovy:68)
	at com.kms.katalon.core.keyword.internal.KeywordExecutor.executeKeywordForPlatform(KeywordExecutor.groovy:74)
	at com.kms.katalon.core.webui.keyword.WebUiBuiltInKeywords.verifyTextPresent(WebUiBuiltInKeywords.groovy:1723)
	at com.kms.katalon.core.webui.keyword.WebUiBuiltInKeywords$verifyTextPresent$4.call(Unknown Source)
	at Script1652205847657.run(Script1652205847657.groovy:192)
	... 13 more
)

2022-06-30 22:25:31 - [MESSAGE][WARNING] - Cannot take screenshot

2022-06-30 22:25:31 - [MESSAGE][FAILED] - Unable to verify text 'American Express' is present  using regular expression (Root cause: com.kms.katalon.core.exception.StepFailedException: Unable to verify text 'American Express' is present  using regular expression
	at com.kms.katalon.core.webui.keyword.internal.WebUIKeywordMain.stepFailed(WebUIKeywordMain.groovy:64)
	at com.kms.katalon.core.webui.keyword.internal.WebUIKeywordMain.runKeyword(WebUIKeywordMain.groovy:26)
	at com.kms.katalon.core.webui.keyword.builtin.VerifyTextPresentKeyword.verifyTextPresent(VerifyTextPresentKeyword.groovy:83)
	at com.kms.katalon.core.webui.keyword.builtin.VerifyTextPresentKeyword.execute(VerifyTextPresentKeyword.groovy:68)
	at com.kms.katalon.core.keyword.internal.KeywordExecutor.executeKeywordForPlatform(KeywordExecutor.groovy:74)
	at com.kms.katalon.core.webui.keyword.WebUiBuiltInKeywords.verifyTextPresent(WebUiBuiltInKeywords.groovy:1723)
	at com.kms.katalon.core.webui.keyword.WebUiBuiltInKeywords$verifyTextPresent$4.call(Unknown Source)
	at Sale_TP_AllCF_Generic_Payment_TC.run(Sale_TP_AllCF_Generic_Payment_TC:192)
	at com.kms.katalon.core.main.ScriptEngine.run(ScriptEngine.java:194)
	at com.kms.katalon.core.main.ScriptEngine.runScriptAsRawText(ScriptEngine.java:119)
	at com.kms.katalon.core.main.TestCaseExecutor.runScript(TestCaseExecutor.java:442)
	at com.kms.katalon.core.main.TestCaseExecutor.doExecute(TestCaseExecutor.java:433)
	at com.kms.katalon.core.main.TestCaseExecutor.processExecutionPhase(TestCaseExecutor.java:412)
	at com.kms.katalon.core.main.TestCaseExecutor.accessMainPhase(TestCaseExecutor.java:404)
	at com.kms.katalon.core.main.TestCaseExecutor.execute(TestCaseExecutor.java:281)
	at com.kms.katalon.core.main.TestSuiteExecutor.accessTestCaseMainPhase(TestSuiteExecutor.java:202)
	at com.kms.katalon.core.main.TestSuiteExecutor.accessTestSuiteMainPhase(TestSuiteExecutor.java:164)
	at com.kms.katalon.core.main.TestSuiteExecutor.execute(TestSuiteExecutor.java:105)
	at com.kms.katalon.core.main.TestCaseMain.startTestSuite(TestCaseMain.java:185)
	at com.kms.katalon.core.main.TestCaseMain$startTestSuite$0.call(Unknown Source)
	at TempTestSuite1656640997204.run(TempTestSuite1656640997204.groovy:36)
Caused by: org.openqa.selenium.WebDriverException: chrome not reachable
  (Session info: chrome=103.0.5060.66)
Build info: version: '3.141.59', revision: 'e82be7d358', time: '2018-11-14T08:25:53'
System info: host: 'DESKTOP-B2QI6NS', ip: '192.168.1.87', os.name: 'Windows 10', os.arch: 'amd64', os.version: '10.0', java.version: '1.8.0_181'
Driver info: com.kms.katalon.selenium.driver.CChromeDriver
Capabilities {acceptInsecureCerts: true, browserName: chrome, browserVersion: 103.0.5060.66, chrome: {chromedriverVersion: 103.0.5060.53 (a1711811edd7..., userDataDir: C:\Users\imtiaz\AppData\Loc...}, goog:chromeOptions: {debuggerAddress: localhost:55017}, javascriptEnabled: true, networkConnectionEnabled: false, pageLoadStrategy: normal, platform: WINDOWS, platformName: WINDOWS, proxy: Proxy(), setWindowRect: true, strictFileInteractability: false, timeouts: {implicit: 0, pageLoad: 300000, script: 30000}, unhandledPromptBehavior: dismiss and notify, webauthn:extension:credBlob: true, webauthn:extension:largeBlob: true, webauthn:virtualAuthenticators: true}
Session ID: efa2b9eb7928154ba23a0472bf5e7ff5
*** Element info: {Using=tag name, value=body}
	at org.openqa.selenium.remote.http.W3CHttpResponseCodec.createException(W3CHttpResponseCodec.java:187)
	at org.openqa.selenium.remote.http.W3CHttpResponseCodec.decode(W3CHttpResponseCodec.java:122)
	at org.openqa.selenium.remote.http.W3CHttpResponseCodec.decode(W3CHttpResponseCodec.java:49)
	at org.openqa.selenium.remote.HttpCommandExecutor.execute(HttpCommandExecutor.java:158)
	at org.openqa.selenium.remote.service.DriverCommandExecutor.execute(DriverCommandExecutor.java:83)
	at org.openqa.selenium.remote.RemoteWebDriver.execute(RemoteWebDriver.java:552)
	at com.kms.katalon.selenium.driver.CChromeDriver.execute(CChromeDriver.java:19)
	at org.openqa.selenium.remote.RemoteWebDriver.findElement(RemoteWebDriver.java:323)
	at org.openqa.selenium.remote.RemoteWebDriver.findElementByTagName(RemoteWebDriver.java:396)
	at org.openqa.selenium.By$ByTagName.findElement(By.java:320)
	at org.openqa.selenium.remote.RemoteWebDriver.findElement(RemoteWebDriver.java:315)
	at org.openqa.selenium.support.events.EventFiringWebDriver.lambda$new$1(EventFiringWebDriver.java:105)
	at com.sun.proxy.$Proxy10.findElement(Unknown Source)
	at org.openqa.selenium.support.events.EventFiringWebDriver.findElement(EventFiringWebDriver.java:194)
	at com.kms.katalon.core.webui.common.WebUiCommonHelper.isTextPresent(WebUiCommonHelper.java:86)
	at com.kms.katalon.core.webui.keyword.builtin.VerifyTextPresentKeyword$_verifyTextPresent_closure1.doCall(VerifyTextPresentKeyword.groovy:75)
	at com.kms.katalon.core.webui.keyword.builtin.VerifyTextPresentKeyword$_verifyTextPresent_closure1.call(VerifyTextPresentKeyword.groovy)
	at com.kms.katalon.core.webui.keyword.internal.WebUIKeywordMain.runKeyword(WebUIKeywordMain.groovy:20)
	at com.kms.katalon.core.webui.keyword.builtin.VerifyTextPresentKeyword.verifyTextPresent(VerifyTextPresentKeyword.groovy:83)
	at com.kms.katalon.core.webui.keyword.builtin.VerifyTextPresentKeyword.execute(VerifyTextPresentKeyword.groovy:68)
	at com.kms.katalon.core.keyword.internal.KeywordExecutor.executeKeywordForPlatform(KeywordExecutor.groovy:74)
	at com.kms.katalon.core.webui.keyword.WebUiBuiltInKeywords.verifyTextPresent(WebUiBuiltInKeywords.groovy:1723)
	at com.kms.katalon.core.webui.keyword.WebUiBuiltInKeywords$verifyTextPresent$4.call(Unknown Source)
	at Script1652205847657.run(Script1652205847657.groovy:192)
	... 13 more
)

2022-06-30 22:25:31 - [TEST_STEP][FAILED] - verifyTextPresent(last4V, true): Unable to verify text '2376' is present  using regular expression (Root cause: com.kms.katalon.core.exception.StepFailedException: Unable to verify text '2376' is present  using regular expression
	at com.kms.katalon.core.webui.keyword.internal.WebUIKeywordMain.stepFailed(WebUIKeywordMain.groovy:64)
	at com.kms.katalon.core.webui.keyword.internal.WebUIKeywordMain.runKeyword(WebUIKeywordMain.groovy:26)
	at com.kms.katalon.core.webui.keyword.builtin.VerifyTextPresentKeyword.verifyTextPresent(VerifyTextPresentKeyword.groovy:83)
	at com.kms.katalon.core.webui.keyword.builtin.VerifyTextPresentKeyword.execute(VerifyTextPresentKeyword.groovy:68)
	at com.kms.katalon.core.keyword.internal.KeywordExecutor.executeKeywordForPlatform(KeywordExecutor.groovy:74)
	at com.kms.katalon.core.webui.keyword.WebUiBuiltInKeywords.verifyTextPresent(WebUiBuiltInKeywords.groovy:1723)
	at com.kms.katalon.core.webui.keyword.WebUiBuiltInKeywords$verifyTextPresent$4.call(Unknown Source)
	at Sale_TP_AllCF_Generic_Payment_TC.run(Sale_TP_AllCF_Generic_Payment_TC:193)
	at com.kms.katalon.core.main.ScriptEngine.run(ScriptEngine.java:194)
	at com.kms.katalon.core.main.ScriptEngine.runScriptAsRawText(ScriptEngine.java:119)
	at com.kms.katalon.core.main.TestCaseExecutor.runScript(TestCaseExecutor.java:442)
	at com.kms.katalon.core.main.TestCaseExecutor.doExecute(TestCaseExecutor.java:433)
	at com.kms.katalon.core.main.TestCaseExecutor.processExecutionPhase(TestCaseExecutor.java:412)
	at com.kms.katalon.core.main.TestCaseExecutor.accessMainPhase(TestCaseExecutor.java:404)
	at com.kms.katalon.core.main.TestCaseExecutor.execute(TestCaseExecutor.java:281)
	at com.kms.katalon.core.main.TestSuiteExecutor.accessTestCaseMainPhase(TestSuiteExecutor.java:202)
	at com.kms.katalon.core.main.TestSuiteExecutor.accessTestSuiteMainPhase(TestSuiteExecutor.java:164)
	at com.kms.katalon.core.main.TestSuiteExecutor.execute(TestSuiteExecutor.java:105)
	at com.kms.katalon.core.main.TestCaseMain.startTestSuite(TestCaseMain.java:185)
	at com.kms.katalon.core.main.TestCaseMain$startTestSuite$0.call(Unknown Source)
	at TempTestSuite1656640997204.run(TempTestSuite1656640997204.groovy:36)
Caused by: org.openqa.selenium.WebDriverException: chrome not reachable
  (Session info: chrome=103.0.5060.66)
Build info: version: '3.141.59', revision: 'e82be7d358', time: '2018-11-14T08:25:53'
System info: host: 'DESKTOP-B2QI6NS', ip: '192.168.1.87', os.name: 'Windows 10', os.arch: 'amd64', os.version: '10.0', java.version: '1.8.0_181'
Driver info: com.kms.katalon.selenium.driver.CChromeDriver
Capabilities {acceptInsecureCerts: true, browserName: chrome, browserVersion: 103.0.5060.66, chrome: {chromedriverVersion: 103.0.5060.53 (a1711811edd7..., userDataDir: C:\Users\imtiaz\AppData\Loc...}, goog:chromeOptions: {debuggerAddress: localhost:55017}, javascriptEnabled: true, networkConnectionEnabled: false, pageLoadStrategy: normal, platform: WINDOWS, platformName: WINDOWS, proxy: Proxy(), setWindowRect: true, strictFileInteractability: false, timeouts: {implicit: 0, pageLoad: 300000, script: 30000}, unhandledPromptBehavior: dismiss and notify, webauthn:extension:credBlob: true, webauthn:extension:largeBlob: true, webauthn:virtualAuthenticators: true}
Session ID: efa2b9eb7928154ba23a0472bf5e7ff5
*** Element info: {Using=tag name, value=body}
	at org.openqa.selenium.remote.http.W3CHttpResponseCodec.createException(W3CHttpResponseCodec.java:187)
	at org.openqa.selenium.remote.http.W3CHttpResponseCodec.decode(W3CHttpResponseCodec.java:122)
	at org.openqa.selenium.remote.http.W3CHttpResponseCodec.decode(W3CHttpResponseCodec.java:49)
	at org.openqa.selenium.remote.HttpCommandExecutor.execute(HttpCommandExecutor.java:158)
	at org.openqa.selenium.remote.service.DriverCommandExecutor.execute(DriverCommandExecutor.java:83)
	at org.openqa.selenium.remote.RemoteWebDriver.execute(RemoteWebDriver.java:552)
	at com.kms.katalon.selenium.driver.CChromeDriver.execute(CChromeDriver.java:19)
	at org.openqa.selenium.remote.RemoteWebDriver.findElement(RemoteWebDriver.java:323)
	at org.openqa.selenium.remote.RemoteWebDriver.findElementByTagName(RemoteWebDriver.java:396)
	at org.openqa.selenium.By$ByTagName.findElement(By.java:320)
	at org.openqa.selenium.remote.RemoteWebDriver.findElement(RemoteWebDriver.java:315)
	at org.openqa.selenium.support.events.EventFiringWebDriver.lambda$new$1(EventFiringWebDriver.java:105)
	at com.sun.proxy.$Proxy10.findElement(Unknown Source)
	at org.openqa.selenium.support.events.EventFiringWebDriver.findElement(EventFiringWebDriver.java:194)
	at com.kms.katalon.core.webui.common.WebUiCommonHelper.isTextPresent(WebUiCommonHelper.java:86)
	at com.kms.katalon.core.webui.keyword.builtin.VerifyTextPresentKeyword$_verifyTextPresent_closure1.doCall(VerifyTextPresentKeyword.groovy:75)
	at com.kms.katalon.core.webui.keyword.builtin.VerifyTextPresentKeyword$_verifyTextPresent_closure1.call(VerifyTextPresentKeyword.groovy)
	at com.kms.katalon.core.webui.keyword.internal.WebUIKeywordMain.runKeyword(WebUIKeywordMain.groovy:20)
	at com.kms.katalon.core.webui.keyword.builtin.VerifyTextPresentKeyword.verifyTextPresent(VerifyTextPresentKeyword.groovy:83)
	at com.kms.katalon.core.webui.keyword.builtin.VerifyTextPresentKeyword.execute(VerifyTextPresentKeyword.groovy:68)
	at com.kms.katalon.core.keyword.internal.KeywordExecutor.executeKeywordForPlatform(KeywordExecutor.groovy:74)
	at com.kms.katalon.core.webui.keyword.WebUiBuiltInKeywords.verifyTextPresent(WebUiBuiltInKeywords.groovy:1723)
	at com.kms.katalon.core.webui.keyword.WebUiBuiltInKeywords$verifyTextPresent$4.call(Unknown Source)
	at Script1652205847657.run(Script1652205847657.groovy:193)
	... 13 more
)

2022-06-30 22:25:43 - [MESSAGE][WARNING] - Cannot take screenshot

2022-06-30 22:25:43 - [MESSAGE][FAILED] - Unable to verify text '2376' is present  using regular expression (Root cause: com.kms.katalon.core.exception.StepFailedException: Unable to verify text '2376' is present  using regular expression
	at com.kms.katalon.core.webui.keyword.internal.WebUIKeywordMain.stepFailed(WebUIKeywordMain.groovy:64)
	at com.kms.katalon.core.webui.keyword.internal.WebUIKeywordMain.runKeyword(WebUIKeywordMain.groovy:26)
	at com.kms.katalon.core.webui.keyword.builtin.VerifyTextPresentKeyword.verifyTextPresent(VerifyTextPresentKeyword.groovy:83)
	at com.kms.katalon.core.webui.keyword.builtin.VerifyTextPresentKeyword.execute(VerifyTextPresentKeyword.groovy:68)
	at com.kms.katalon.core.keyword.internal.KeywordExecutor.executeKeywordForPlatform(KeywordExecutor.groovy:74)
	at com.kms.katalon.core.webui.keyword.WebUiBuiltInKeywords.verifyTextPresent(WebUiBuiltInKeywords.groovy:1723)
	at com.kms.katalon.core.webui.keyword.WebUiBuiltInKeywords$verifyTextPresent$4.call(Unknown Source)
	at Sale_TP_AllCF_Generic_Payment_TC.run(Sale_TP_AllCF_Generic_Payment_TC:193)
	at com.kms.katalon.core.main.ScriptEngine.run(ScriptEngine.java:194)
	at com.kms.katalon.core.main.ScriptEngine.runScriptAsRawText(ScriptEngine.java:119)
	at com.kms.katalon.core.main.TestCaseExecutor.runScript(TestCaseExecutor.java:442)
	at com.kms.katalon.core.main.TestCaseExecutor.doExecute(TestCaseExecutor.java:433)
	at com.kms.katalon.core.main.TestCaseExecutor.processExecutionPhase(TestCaseExecutor.java:412)
	at com.kms.katalon.core.main.TestCaseExecutor.accessMainPhase(TestCaseExecutor.java:404)
	at com.kms.katalon.core.main.TestCaseExecutor.execute(TestCaseExecutor.java:281)
	at com.kms.katalon.core.main.TestSuiteExecutor.accessTestCaseMainPhase(TestSuiteExecutor.java:202)
	at com.kms.katalon.core.main.TestSuiteExecutor.accessTestSuiteMainPhase(TestSuiteExecutor.java:164)
	at com.kms.katalon.core.main.TestSuiteExecutor.execute(TestSuiteExecutor.java:105)
	at com.kms.katalon.core.main.TestCaseMain.startTestSuite(TestCaseMain.java:185)
	at com.kms.katalon.core.main.TestCaseMain$startTestSuite$0.call(Unknown Source)
	at TempTestSuite1656640997204.run(TempTestSuite1656640997204.groovy:36)
Caused by: org.openqa.selenium.WebDriverException: chrome not reachable
  (Session info: chrome=103.0.5060.66)
Build info: version: '3.141.59', revision: 'e82be7d358', time: '2018-11-14T08:25:53'
System info: host: 'DESKTOP-B2QI6NS', ip: '192.168.1.87', os.name: 'Windows 10', os.arch: 'amd64', os.version: '10.0', java.version: '1.8.0_181'
Driver info: com.kms.katalon.selenium.driver.CChromeDriver
Capabilities {acceptInsecureCerts: true, browserName: chrome, browserVersion: 103.0.5060.66, chrome: {chromedriverVersion: 103.0.5060.53 (a1711811edd7..., userDataDir: C:\Users\imtiaz\AppData\Loc...}, goog:chromeOptions: {debuggerAddress: localhost:55017}, javascriptEnabled: true, networkConnectionEnabled: false, pageLoadStrategy: normal, platform: WINDOWS, platformName: WINDOWS, proxy: Proxy(), setWindowRect: true, strictFileInteractability: false, timeouts: {implicit: 0, pageLoad: 300000, script: 30000}, unhandledPromptBehavior: dismiss and notify, webauthn:extension:credBlob: true, webauthn:extension:largeBlob: true, webauthn:virtualAuthenticators: true}
Session ID: efa2b9eb7928154ba23a0472bf5e7ff5
*** Element info: {Using=tag name, value=body}
	at org.openqa.selenium.remote.http.W3CHttpResponseCodec.createException(W3CHttpResponseCodec.java:187)
	at org.openqa.selenium.remote.http.W3CHttpResponseCodec.decode(W3CHttpResponseCodec.java:122)
	at org.openqa.selenium.remote.http.W3CHttpResponseCodec.decode(W3CHttpResponseCodec.java:49)
	at org.openqa.selenium.remote.HttpCommandExecutor.execute(HttpCommandExecutor.java:158)
	at org.openqa.selenium.remote.service.DriverCommandExecutor.execute(DriverCommandExecutor.java:83)
	at org.openqa.selenium.remote.RemoteWebDriver.execute(RemoteWebDriver.java:552)
	at com.kms.katalon.selenium.driver.CChromeDriver.execute(CChromeDriver.java:19)
	at org.openqa.selenium.remote.RemoteWebDriver.findElement(RemoteWebDriver.java:323)
	at org.openqa.selenium.remote.RemoteWebDriver.findElementByTagName(RemoteWebDriver.java:396)
	at org.openqa.selenium.By$ByTagName.findElement(By.java:320)
	at org.openqa.selenium.remote.RemoteWebDriver.findElement(RemoteWebDriver.java:315)
	at org.openqa.selenium.support.events.EventFiringWebDriver.lambda$new$1(EventFiringWebDriver.java:105)
	at com.sun.proxy.$Proxy10.findElement(Unknown Source)
	at org.openqa.selenium.support.events.EventFiringWebDriver.findElement(EventFiringWebDriver.java:194)
	at com.kms.katalon.core.webui.common.WebUiCommonHelper.isTextPresent(WebUiCommonHelper.java:86)
	at com.kms.katalon.core.webui.keyword.builtin.VerifyTextPresentKeyword$_verifyTextPresent_closure1.doCall(VerifyTextPresentKeyword.groovy:75)
	at com.kms.katalon.core.webui.keyword.builtin.VerifyTextPresentKeyword$_verifyTextPresent_closure1.call(VerifyTextPresentKeyword.groovy)
	at com.kms.katalon.core.webui.keyword.internal.WebUIKeywordMain.runKeyword(WebUIKeywordMain.groovy:20)
	at com.kms.katalon.core.webui.keyword.builtin.VerifyTextPresentKeyword.verifyTextPresent(VerifyTextPresentKeyword.groovy:83)
	at com.kms.katalon.core.webui.keyword.builtin.VerifyTextPresentKeyword.execute(VerifyTextPresentKeyword.groovy:68)
	at com.kms.katalon.core.keyword.internal.KeywordExecutor.executeKeywordForPlatform(KeywordExecutor.groovy:74)
	at com.kms.katalon.core.webui.keyword.WebUiBuiltInKeywords.verifyTextPresent(WebUiBuiltInKeywords.groovy:1723)
	at com.kms.katalon.core.webui.keyword.WebUiBuiltInKeywords$verifyTextPresent$4.call(Unknown Source)
	at Script1652205847657.run(Script1652205847657.groovy:193)
	... 13 more
)

2022-06-30 22:25:43 - [TEST_STEP][PASSED] - switch (appName): null

2022-06-30 22:25:43 - [TEST_STEP][PASSED] - closeBrowser(): Browser is closed

2022-06-30 22:25:44 - [MESSAGE][PASSED] - Browser is closed

2022-06-30 22:25:44 - [TEST_STEP][PASSED] - ExecuteTC = findTestData(dataFile).getValue("Execute", row): null

2022-06-30 22:25:44 - [TEST_STEP][PASSED] - out.println("Value of Execute is : " + ExecuteTC): null

2022-06-30 22:25:44 - [TEST_STEP][PASSED] - switch (executionProfile): null

2022-06-30 22:25:44 - [TEST_STEP][PASSED] - case "QAProfile":: null

2022-06-30 22:25:44 - [TEST_STEP][PASSED] - appName = findTestData(dataFile).getValue("AppNameQA", row): null

2022-06-30 22:25:44 - [TEST_STEP][PASSED] - appID = findTestData(dataFile).getValue("AppIDQA", row): null

2022-06-30 22:25:44 - [TEST_STEP][PASSED] - break: null

2022-06-30 22:25:44 - [TEST_STEP][PASSED] - if (ExecuteTC.equalsIgnoreCase("Y")): null

2022-06-30 22:25:44 - [TEST_STEP][PASSED] - out.println("Begin Record Number: " + row): null

2022-06-30 22:25:44 - [TEST_STEP][PASSED] - today = new java.util.Date(): null

2022-06-30 22:25:44 - [TEST_STEP][PASSED] - println(today): null

2022-06-30 22:25:44 - [TEST_STEP][PASSED] - datText = today: null

2022-06-30 22:25:44 - [TEST_STEP][PASSED] - adminSuiteBootstrap.loginFunctionality.login_AdminSuite(): adminSuiteBootstrap.loginFunctionality.login_AdminSuite is PASSED

2022-06-30 22:25:44 - [MESSAGE][INFO] - Starting 'Chrome' driver

2022-06-30 22:25:44 - [MESSAGE][INFO] - User set preference: ['acceptInsecureCerts', 'true']

2022-06-30 22:25:44 - [MESSAGE][INFO] - Action delay is set to 0 milliseconds

2022-06-30 22:25:48 - [MESSAGE][PASSED] - Browser is opened with url: 'https://qa.velocitypayment.com/admin/imtiaz'

2022-06-30 22:25:48 - [MESSAGE][PASSED] - Current window maximized

2022-06-30 22:25:48 - [MESSAGE][PASSED] - Object 'Object Repository/Login_Page/Login_Username' is present

2022-06-30 22:25:49 - [MESSAGE][PASSED] - Text 'iahmed' is set on object 'Object Repository/Login_Page/Login_Username'

2022-06-30 22:25:50 - [MESSAGE][PASSED] - Text 'hello2222' is set on object 'Object Repository/Login_Page/Login_Password'

2022-06-30 22:25:58 - [MESSAGE][PASSED] - Object: 'Object Repository/Login_Page/Login_Submit' is clicked on

2022-06-30 22:25:58 - [MESSAGE][PASSED] - adminSuiteBootstrap.loginFunctionality.login_AdminSuite is PASSED

2022-06-30 22:25:58 - [TEST_STEP][PASSED] - click(findTestObject(path_Dashboard + appName)): Object: 'Object Repository/AdminSuiteBootstrap_Pages/Dashboard_Bootstrap/a_Access AutoNoCFtp' is clicked on

2022-06-30 22:25:59 - [MESSAGE][PASSED] - Object: 'Object Repository/AdminSuiteBootstrap_Pages/Dashboard_Bootstrap/a_Access AutoNoCFtp' is clicked on

2022-06-30 22:25:59 - [TEST_STEP][PASSED] - click(findTestObject(path_VT + "a_Find Profile")): Object: 'Object Repository/AdminSuiteBootstrap_Pages/VT_Bootstrap/IssueTransactions/a_Find Profile' is clicked on

2022-06-30 22:26:00 - [MESSAGE][PASSED] - Object: 'Object Repository/AdminSuiteBootstrap_Pages/VT_Bootstrap/IssueTransactions/a_Find Profile' is clicked on

2022-06-30 22:26:00 - [TEST_STEP][PASSED] - criteria = <not implemented yet for class: org.codehaus.groovy.ast.expr.EmptyExpression>: null

2022-06-30 22:26:00 - [TEST_STEP][PASSED] - searchBy = <not implemented yet for class: org.codehaus.groovy.ast.expr.EmptyExpression>: null

2022-06-30 22:26:00 - [TEST_STEP][PASSED] - criteria = findTestData(dataFile).getValue("ProfileName", row): null

2022-06-30 22:26:00 - [TEST_STEP][PASSED] - path_SearchProfile = "Object Repository/AdminSuiteBootstrap_Pages/VSP_Bootstrap/SearchProfile/": null

2022-06-30 22:26:00 - [TEST_STEP][PASSED] - setText(findTestObject(path_SearchProfile + "input_Criteria"), criteria): Text 'PaymentsDI' is set on object 'Object Repository/AdminSuiteBootstrap_Pages/VSP_Bootstrap/SearchProfile/input_Criteria'

2022-06-30 22:26:00 - [MESSAGE][PASSED] - Text 'PaymentsDI' is set on object 'Object Repository/AdminSuiteBootstrap_Pages/VSP_Bootstrap/SearchProfile/input_Criteria'

2022-06-30 22:26:00 - [TEST_STEP][PASSED] - click(findTestObject(path_SearchProfile + "button_Search")): Object: 'Object Repository/AdminSuiteBootstrap_Pages/VSP_Bootstrap/SearchProfile/button_Search' is clicked on

2022-06-30 22:26:04 - [MESSAGE][PASSED] - Object: 'Object Repository/AdminSuiteBootstrap_Pages/VSP_Bootstrap/SearchProfile/button_Search' is clicked on

2022-06-30 22:26:04 - [TEST_STEP][PASSED] - profNameLink = findTestData(dataFile).getValue("ProfileNameLink", row): null

2022-06-30 22:26:05 - [TEST_STEP][PASSED] - click(findTestObject(path_ViewProfile + profNameLink)): Object: 'Object Repository/AdminSuiteBootstrap_Pages/VSP_Bootstrap/View Profile/a_PaymentsDI' is clicked on

2022-06-30 22:26:08 - [MESSAGE][PASSED] - Object: 'Object Repository/AdminSuiteBootstrap_Pages/VSP_Bootstrap/View Profile/a_PaymentsDI' is clicked on

2022-06-30 22:26:08 - [TEST_STEP][PASSED] - click(findTestObject(path_ViewProfile + "a_AuthCap")): Object: 'Object Repository/AdminSuiteBootstrap_Pages/VSP_Bootstrap/View Profile/a_AuthCap' is clicked on

2022-06-30 22:26:09 - [MESSAGE][PASSED] - Object: 'Object Repository/AdminSuiteBootstrap_Pages/VSP_Bootstrap/View Profile/a_AuthCap' is clicked on

2022-06-30 22:26:09 - [TEST_STEP][PASSED] - verifyTextPresent("Credit Card Authorization Capture", true): Text 'Credit Card Authorization Capture' is present on page  using regular expression

2022-06-30 22:26:10 - [MESSAGE][PASSED] - Text 'Credit Card Authorization Capture' is present on page  using regular expression

2022-06-30 22:26:10 - [TEST_STEP][PASSED] - verifyTextPresent("Sale", true): Text 'Sale' is present on page  using regular expression

2022-06-30 22:26:10 - [MESSAGE][PASSED] - Text 'Sale' is present on page  using regular expression

2022-06-30 22:26:10 - [TEST_STEP][PASSED] - verifyTextPresent("Required fields are highlighted with an asterisk", true): Text 'Required fields are highlighted with an asterisk' is present on page  using regular expression

2022-06-30 22:26:11 - [MESSAGE][PASSED] - Text 'Required fields are highlighted with an asterisk' is present on page  using regular expression

2022-06-30 22:26:11 - [TEST_STEP][PASSED] - verifyTextPresent("Remittance ID", true): Text 'Remittance ID' is present on page  using regular expression

2022-06-30 22:26:11 - [MESSAGE][PASSED] - Text 'Remittance ID' is present on page  using regular expression

2022-06-30 22:26:11 - [TEST_STEP][PASSED] - vspBootstrap.SalePage.setDataSaleAndAuth(row, dataFile): vspBootstrap.SalePage.setDataSaleAndAuth is PASSED

2022-06-30 22:26:13 - [MESSAGE][PASSED] - All options with value 'MOTO' are selected in object 'Object Repository/AdminSuiteBootstrap_Pages/VSP_Bootstrap/VSP_Authcap/select_TransactionCategory'  using regular expression

2022-06-30 22:26:13 - [MESSAGE][PASSED] - Text '123' is set on object 'Object Repository/AdminSuiteBootstrap_Pages/VSP_Bootstrap/VSP_Authcap/input_cvv'

2022-06-30 22:26:14 - [MESSAGE][PASSED] - Text '' is set on object 'Object Repository/AdminSuiteBootstrap_Pages/VSP_Bootstrap/VSP_Authcap/input_smsNumber'

2022-06-30 22:26:15 - [MESSAGE][PASSED] - Text '2.50' is set on object 'Object Repository/AdminSuiteBootstrap_Pages/VSP_Bootstrap/VSP_Authcap/input_amount'

2022-06-30 22:26:15 - [MESSAGE][PASSED] - Text 'Delhi' is set on object 'Object Repository/AdminSuiteBootstrap_Pages/VSP_Bootstrap/VSP_Authcap/input_userDefined1'

2022-06-30 22:26:16 - [MESSAGE][PASSED] - Text 'Chennai' is set on object 'Object Repository/AdminSuiteBootstrap_Pages/VSP_Bootstrap/VSP_Authcap/input_userDefined2'

2022-06-30 22:26:17 - [MESSAGE][PASSED] - Text 'Mumbai' is set on object 'Object Repository/AdminSuiteBootstrap_Pages/VSP_Bootstrap/VSP_Authcap/input_userDefined3'

2022-06-30 22:26:17 - [MESSAGE][PASSED] - Text 'Kanpur' is set on object 'Object Repository/AdminSuiteBootstrap_Pages/VSP_Bootstrap/VSP_Authcap/input_userDefined4'

2022-06-30 22:26:18 - [MESSAGE][PASSED] - All options with label 'Orange' are selected in object 'Object Repository/AdminSuiteBootstrap_Pages/VSP_Bootstrap/VSP_Authcap/select_UDF5'  using regular expression

2022-06-30 22:26:19 - [MESSAGE][PASSED] - All options with label 'Yellow' are selected in object 'Object Repository/AdminSuiteBootstrap_Pages/VSP_Bootstrap/VSP_Authcap/select_UDF6'  using regular expression

2022-06-30 22:26:20 - [MESSAGE][PASSED] - Text 'Kolkata' is set on object 'Object Repository/AdminSuiteBootstrap_Pages/VSP_Bootstrap/VSP_Authcap/input_userDefined7'

2022-06-30 22:26:20 - [MESSAGE][PASSED] - Text 'Pune' is set on object 'Object Repository/AdminSuiteBootstrap_Pages/VSP_Bootstrap/VSP_Authcap/input_userDefined8'

2022-06-30 22:26:21 - [MESSAGE][PASSED] - Text 'Bhavnagar' is set on object 'Object Repository/AdminSuiteBootstrap_Pages/VSP_Bootstrap/VSP_Authcap/input_userDefined9'

2022-06-30 22:26:22 - [MESSAGE][PASSED] - Text 'Noida' is set on object 'Object Repository/AdminSuiteBootstrap_Pages/VSP_Bootstrap/VSP_Authcap/input_userDefined10'

2022-06-30 22:26:24 - [MESSAGE][PASSED] - Object: 'Object Repository/AdminSuiteBootstrap_Pages/VSP_Bootstrap/VSP_Authcap/button_Submit' is clicked on

2022-06-30 22:26:24 - [MESSAGE][PASSED] - vspBootstrap.SalePage.setDataSaleAndAuth is PASSED

2022-06-30 22:26:24 - [TEST_STEP][PASSED] - verifyTextPresent("Transaction Successful", true): Text 'Transaction Successful' is present on page  using regular expression

2022-06-30 22:26:24 - [MESSAGE][PASSED] - Text 'Transaction Successful' is present on page  using regular expression

2022-06-30 22:26:24 - [TEST_STEP][PASSED] - verifyElementVisible(findTestObject("Object Repository/AdminSuiteBootstrap_Pages/VT_Bootstrap/Receipt/button_Continue")): Object 'Object Repository/AdminSuiteBootstrap_Pages/VT_Bootstrap/Receipt/button_Continue' is visible

2022-06-30 22:26:25 - [MESSAGE][PASSED] - Object 'Object Repository/AdminSuiteBootstrap_Pages/VT_Bootstrap/Receipt/button_Continue' is visible

2022-06-30 22:26:25 - [TEST_STEP][PASSED] - verifyElementPresent(findTestObject("Object Repository/AdminSuiteBootstrap_Pages/VT_Bootstrap/Receipt/button_Continue"), 20): Object 'Object Repository/AdminSuiteBootstrap_Pages/VT_Bootstrap/Receipt/button_Continue' is present

2022-06-30 22:26:25 - [MESSAGE][PASSED] - Object 'Object Repository/AdminSuiteBootstrap_Pages/VT_Bootstrap/Receipt/button_Continue' is present

2022-06-30 22:26:25 - [TEST_STEP][PASSED] - verifyElementVisible(findTestObject("Object Repository/AdminSuiteBootstrap_Pages/VT_Bootstrap/Receipt/button_Print")): Object 'Object Repository/AdminSuiteBootstrap_Pages/VT_Bootstrap/Receipt/button_Print' is visible

2022-06-30 22:26:25 - [MESSAGE][PASSED] - Object 'Object Repository/AdminSuiteBootstrap_Pages/VT_Bootstrap/Receipt/button_Print' is visible

2022-06-30 22:26:25 - [TEST_STEP][PASSED] - verifyElementPresent(findTestObject("Object Repository/AdminSuiteBootstrap_Pages/VT_Bootstrap/Receipt/button_Print"), 20): Object 'Object Repository/AdminSuiteBootstrap_Pages/VT_Bootstrap/Receipt/button_Print' is present

2022-06-30 22:26:26 - [MESSAGE][PASSED] - Object 'Object Repository/AdminSuiteBootstrap_Pages/VT_Bootstrap/Receipt/button_Print' is present

2022-06-30 22:26:26 - [TEST_STEP][PASSED] - verifyTextPresent("Remittance ID", true): Text 'Remittance ID' is present on page  using regular expression

2022-06-30 22:26:26 - [MESSAGE][PASSED] - Text 'Remittance ID' is present on page  using regular expression

2022-06-30 22:26:26 - [TEST_STEP][PASSED] - verifyTextPresent("Received", true): Text 'Received' is present on page  using regular expression

2022-06-30 22:26:26 - [MESSAGE][PASSED] - Text 'Received' is present on page  using regular expression

2022-06-30 22:26:26 - [TEST_STEP][PASSED] - verifyTextPresent("UDF1", true): Text 'UDF1' is present on page  using regular expression

2022-06-30 22:26:27 - [MESSAGE][PASSED] - Text 'UDF1' is present on page  using regular expression

2022-06-30 22:26:27 - [TEST_STEP][PASSED] - verifyTextPresent("UDF2", true): Text 'UDF2' is present on page  using regular expression

2022-06-30 22:26:27 - [MESSAGE][PASSED] - Text 'UDF2' is present on page  using regular expression

2022-06-30 22:26:27 - [TEST_STEP][PASSED] - verifyTextPresent("UDF3", true): Text 'UDF3' is present on page  using regular expression

2022-06-30 22:26:27 - [MESSAGE][PASSED] - Text 'UDF3' is present on page  using regular expression

2022-06-30 22:26:27 - [TEST_STEP][PASSED] - verifyTextPresent("UDF4", true): Text 'UDF4' is present on page  using regular expression

2022-06-30 22:26:28 - [MESSAGE][PASSED] - Text 'UDF4' is present on page  using regular expression

2022-06-30 22:26:28 - [TEST_STEP][PASSED] - verifyTextPresent("UDF5", true): Text 'UDF5' is present on page  using regular expression

2022-06-30 22:26:28 - [MESSAGE][PASSED] - Text 'UDF5' is present on page  using regular expression

2022-06-30 22:26:28 - [TEST_STEP][PASSED] - verifyTextPresent("UDF6", true): Text 'UDF6' is present on page  using regular expression

2022-06-30 22:26:28 - [MESSAGE][PASSED] - Text 'UDF6' is present on page  using regular expression

2022-06-30 22:26:28 - [TEST_STEP][PASSED] - verifyTextPresent("UDF7", true): Text 'UDF7' is present on page  using regular expression

2022-06-30 22:26:29 - [MESSAGE][PASSED] - Text 'UDF7' is present on page  using regular expression

2022-06-30 22:26:29 - [TEST_STEP][PASSED] - verifyTextPresent("UDF8", true): Text 'UDF8' is present on page  using regular expression

2022-06-30 22:26:29 - [MESSAGE][PASSED] - Text 'UDF8' is present on page  using regular expression

2022-06-30 22:26:29 - [TEST_STEP][PASSED] - verifyTextPresent("UDF9", true): Text 'UDF9' is present on page  using regular expression

2022-06-30 22:26:29 - [MESSAGE][PASSED] - Text 'UDF9' is present on page  using regular expression

2022-06-30 22:26:29 - [TEST_STEP][PASSED] - verifyTextPresent("UDF 10", true): Text 'UDF 10' is present on page  using regular expression

2022-06-30 22:26:30 - [MESSAGE][PASSED] - Text 'UDF 10' is present on page  using regular expression

2022-06-30 22:26:30 - [TEST_STEP][PASSED] - verifyTextPresent("Delhi", true): Text 'Delhi' is present on page  using regular expression

2022-06-30 22:26:30 - [MESSAGE][PASSED] - Text 'Delhi' is present on page  using regular expression

2022-06-30 22:26:30 - [TEST_STEP][PASSED] - verifyTextPresent("Chennai", true): Text 'Chennai' is present on page  using regular expression

2022-06-30 22:26:30 - [MESSAGE][PASSED] - Text 'Chennai' is present on page  using regular expression

2022-06-30 22:26:30 - [TEST_STEP][PASSED] - verifyTextPresent("Mumbai", true): Text 'Mumbai' is present on page  using regular expression

2022-06-30 22:26:31 - [MESSAGE][PASSED] - Text 'Mumbai' is present on page  using regular expression

2022-06-30 22:26:31 - [TEST_STEP][PASSED] - verifyTextPresent("Kanpur", true): Text 'Kanpur' is present on page  using regular expression

2022-06-30 22:26:31 - [MESSAGE][PASSED] - Text 'Kanpur' is present on page  using regular expression

2022-06-30 22:26:31 - [TEST_STEP][PASSED] - verifyTextPresent("Orange Recorded", true): Text 'Orange Recorded' is present on page  using regular expression

2022-06-30 22:26:31 - [MESSAGE][PASSED] - Text 'Orange Recorded' is present on page  using regular expression

2022-06-30 22:26:31 - [TEST_STEP][PASSED] - verifyTextPresent("Yellow Recorded", true): Text 'Yellow Recorded' is present on page  using regular expression

2022-06-30 22:26:32 - [MESSAGE][PASSED] - Text 'Yellow Recorded' is present on page  using regular expression

2022-06-30 22:26:32 - [TEST_STEP][PASSED] - verifyTextPresent("Kolkata", true): Text 'Kolkata' is present on page  using regular expression

2022-06-30 22:26:32 - [MESSAGE][PASSED] - Text 'Kolkata' is present on page  using regular expression

2022-06-30 22:26:32 - [TEST_STEP][PASSED] - verifyTextPresent("Pune", true): Text 'Pune' is present on page  using regular expression

2022-06-30 22:26:32 - [MESSAGE][PASSED] - Text 'Pune' is present on page  using regular expression

2022-06-30 22:26:32 - [TEST_STEP][PASSED] - verifyTextPresent("Bhavnagar", true): Text 'Bhavnagar' is present on page  using regular expression

2022-06-30 22:26:33 - [MESSAGE][PASSED] - Text 'Bhavnagar' is present on page  using regular expression

2022-06-30 22:26:33 - [TEST_STEP][PASSED] - verifyTextPresent("Noida", true): Text 'Noida' is present on page  using regular expression

2022-06-30 22:26:33 - [MESSAGE][PASSED] - Text 'Noida' is present on page  using regular expression

2022-06-30 22:26:33 - [TEST_STEP][PASSED] - verifyTextPresent("Amount", true): Text 'Amount' is present on page  using regular expression

2022-06-30 22:26:33 - [MESSAGE][PASSED] - Text 'Amount' is present on page  using regular expression

2022-06-30 22:26:33 - [TEST_STEP][PASSED] - verifyTextPresent("2.50", true): Text '2.50' is present on page  using regular expression

2022-06-30 22:26:34 - [MESSAGE][PASSED] - Text '2.50' is present on page  using regular expression

2022-06-30 22:26:34 - [TEST_STEP][PASSED] - verifyTextPresent("Authorization and Capture", true): Text 'Authorization and Capture' is present on page  using regular expression

2022-06-30 22:26:34 - [MESSAGE][PASSED] - Text 'Authorization and Capture' is present on page  using regular expression

2022-06-30 22:26:34 - [TEST_STEP][PASSED] - verifyTextPresent("Card Information", true): Text 'Card Information' is present on page  using regular expression

2022-06-30 22:26:34 - [MESSAGE][PASSED] - Text 'Card Information' is present on page  using regular expression

2022-06-30 22:26:34 - [TEST_STEP][PASSED] - verifyTextPresent("TANDON RAVENA", true): Text 'TANDON RAVENA' is present on page  using regular expression

2022-06-30 22:26:35 - [MESSAGE][PASSED] - Text 'TANDON RAVENA' is present on page  using regular expression

2022-06-30 22:26:35 - [TEST_STEP][PASSED] - verifyTextPresent("Address Line 1", true): Text 'Address Line 1' is present on page  using regular expression

2022-06-30 22:26:35 - [MESSAGE][PASSED] - Text 'Address Line 1' is present on page  using regular expression

2022-06-30 22:26:35 - [TEST_STEP][PASSED] - verifyTextPresent("Address Line 2", true): Text 'Address Line 2' is present on page  using regular expression

2022-06-30 22:26:35 - [MESSAGE][PASSED] - Text 'Address Line 2' is present on page  using regular expression

2022-06-30 22:26:35 - [TEST_STEP][PASSED] - verifyTextPresent("Country", true): Text 'Country' is present on page  using regular expression

2022-06-30 22:26:35 - [MESSAGE][PASSED] - Text 'Country' is present on page  using regular expression

2022-06-30 22:26:35 - [TEST_STEP][PASSED] - verifyTextPresent("City", true): Text 'City' is present on page  using regular expression

2022-06-30 22:26:36 - [MESSAGE][PASSED] - Text 'City' is present on page  using regular expression

2022-06-30 22:26:36 - [TEST_STEP][PASSED] - verifyTextPresent("State", true): Text 'State' is present on page  using regular expression

2022-06-30 22:26:36 - [MESSAGE][PASSED] - Text 'State' is present on page  using regular expression

2022-06-30 22:26:36 - [TEST_STEP][PASSED] - verifyTextPresent("ZIP Code", true): Text 'ZIP Code' is present on page  using regular expression

2022-06-30 22:26:36 - [MESSAGE][PASSED] - Text 'ZIP Code' is present on page  using regular expression

2022-06-30 22:26:36 - [TEST_STEP][PASSED] - verifyTextPresent("248 PhoolKaante road", true): Text '248 PhoolKaante road' is present on page  using regular expression

2022-06-30 22:26:37 - [MESSAGE][PASSED] - Text '248 PhoolKaante road' is present on page  using regular expression

2022-06-30 22:26:37 - [TEST_STEP][PASSED] - verifyTextPresent("Suite 678", true): Text 'Suite 678' is present on page  using regular expression

2022-06-30 22:26:37 - [MESSAGE][PASSED] - Text 'Suite 678' is present on page  using regular expression

2022-06-30 22:26:37 - [TEST_STEP][PASSED] - verifyTextPresent("United States", true): Text 'United States' is present on page  using regular expression

2022-06-30 22:26:37 - [MESSAGE][PASSED] - Text 'United States' is present on page  using regular expression

2022-06-30 22:26:37 - [TEST_STEP][PASSED] - verifyTextPresent("ARLINGTON", true): Text 'ARLINGTON' is present on page  using regular expression

2022-06-30 22:26:38 - [MESSAGE][PASSED] - Text 'ARLINGTON' is present on page  using regular expression

2022-06-30 22:26:38 - [TEST_STEP][PASSED] - verifyTextPresent("VA", true): Text 'VA' is present on page  using regular expression

2022-06-30 22:26:38 - [MESSAGE][PASSED] - Text 'VA' is present on page  using regular expression

2022-06-30 22:26:38 - [TEST_STEP][PASSED] - verifyTextPresent("22201", true): Text '22201' is present on page  using regular expression

2022-06-30 22:26:38 - [MESSAGE][PASSED] - Text '22201' is present on page  using regular expression

2022-06-30 22:26:38 - [TEST_STEP][PASSED] - cardTypeV = findTestData(dataFile).getValue("CardType", row): null

2022-06-30 22:26:38 - [TEST_STEP][PASSED] - last4V = findTestData(dataFile).getValue("Last4", row): null

2022-06-30 22:26:38 - [TEST_STEP][PASSED] - verifyTextPresent(cardTypeV, true): Text 'Discover' is present on page  using regular expression

2022-06-30 22:26:39 - [MESSAGE][PASSED] - Text 'Discover' is present on page  using regular expression

2022-06-30 22:26:39 - [TEST_STEP][PASSED] - verifyTextPresent(last4V, true): Text '6909' is present on page  using regular expression

2022-06-30 22:26:39 - [MESSAGE][PASSED] - Text '6909' is present on page  using regular expression

2022-06-30 22:26:39 - [TEST_STEP][PASSED] - switch (appName): null

2022-06-30 22:26:39 - [TEST_STEP][PASSED] - closeBrowser(): Browser is closed

2022-06-30 22:26:40 - [MESSAGE][PASSED] - Browser is closed

2022-06-30 22:26:40 - [TEST_STEP][PASSED] - ExecuteTC = findTestData(dataFile).getValue("Execute", row): null

2022-06-30 22:26:40 - [TEST_STEP][PASSED] - out.println("Value of Execute is : " + ExecuteTC): null

2022-06-30 22:26:40 - [TEST_STEP][PASSED] - switch (executionProfile): null

2022-06-30 22:26:40 - [TEST_STEP][PASSED] - case "QAProfile":: null

2022-06-30 22:26:40 - [TEST_STEP][PASSED] - appName = findTestData(dataFile).getValue("AppNameQA", row): null

2022-06-30 22:26:40 - [TEST_STEP][PASSED] - appID = findTestData(dataFile).getValue("AppIDQA", row): null

2022-06-30 22:26:40 - [TEST_STEP][PASSED] - break: null

2022-06-30 22:26:40 - [TEST_STEP][PASSED] - if (ExecuteTC.equalsIgnoreCase("Y")): null

2022-06-30 22:26:40 - [TEST_STEP][PASSED] - out.println("Begin Record Number: " + row): null

2022-06-30 22:26:40 - [TEST_STEP][PASSED] - today = new java.util.Date(): null

2022-06-30 22:26:40 - [TEST_STEP][PASSED] - println(today): null

2022-06-30 22:26:40 - [TEST_STEP][PASSED] - datText = today: null

2022-06-30 22:26:40 - [TEST_STEP][PASSED] - adminSuiteBootstrap.loginFunctionality.login_AdminSuite(): adminSuiteBootstrap.loginFunctionality.login_AdminSuite is PASSED

2022-06-30 22:26:40 - [MESSAGE][INFO] - Starting 'Chrome' driver

2022-06-30 22:26:40 - [MESSAGE][INFO] - User set preference: ['acceptInsecureCerts', 'true']

2022-06-30 22:26:40 - [MESSAGE][INFO] - Action delay is set to 0 milliseconds

2022-06-30 22:26:46 - [MESSAGE][PASSED] - Browser is opened with url: 'https://qa.velocitypayment.com/admin/imtiaz'

2022-06-30 22:26:46 - [MESSAGE][PASSED] - Current window maximized

2022-06-30 22:26:46 - [MESSAGE][PASSED] - Object 'Object Repository/Login_Page/Login_Username' is present

2022-06-30 22:26:47 - [MESSAGE][PASSED] - Text 'iahmed' is set on object 'Object Repository/Login_Page/Login_Username'

2022-06-30 22:26:48 - [MESSAGE][PASSED] - Text 'hello2222' is set on object 'Object Repository/Login_Page/Login_Password'

2022-06-30 22:26:52 - [MESSAGE][PASSED] - Object: 'Object Repository/Login_Page/Login_Submit' is clicked on

2022-06-30 22:26:52 - [MESSAGE][PASSED] - adminSuiteBootstrap.loginFunctionality.login_AdminSuite is PASSED

2022-06-30 22:26:52 - [TEST_STEP][PASSED] - click(findTestObject(path_Dashboard + appName)): Object: 'Object Repository/AdminSuiteBootstrap_Pages/Dashboard_Bootstrap/a_Access AutoNoCFtp' is clicked on

2022-06-30 22:26:53 - [MESSAGE][PASSED] - Object: 'Object Repository/AdminSuiteBootstrap_Pages/Dashboard_Bootstrap/a_Access AutoNoCFtp' is clicked on

2022-06-30 22:26:53 - [TEST_STEP][PASSED] - click(findTestObject(path_VT + "a_Find Profile")): Object: 'Object Repository/AdminSuiteBootstrap_Pages/VT_Bootstrap/IssueTransactions/a_Find Profile' is clicked on

2022-06-30 22:26:54 - [MESSAGE][PASSED] - Object: 'Object Repository/AdminSuiteBootstrap_Pages/VT_Bootstrap/IssueTransactions/a_Find Profile' is clicked on

2022-06-30 22:26:54 - [TEST_STEP][PASSED] - criteria = <not implemented yet for class: org.codehaus.groovy.ast.expr.EmptyExpression>: null

2022-06-30 22:26:54 - [TEST_STEP][PASSED] - searchBy = <not implemented yet for class: org.codehaus.groovy.ast.expr.EmptyExpression>: null

2022-06-30 22:26:54 - [TEST_STEP][PASSED] - criteria = findTestData(dataFile).getValue("ProfileName", row): null

2022-06-30 22:26:54 - [TEST_STEP][PASSED] - path_SearchProfile = "Object Repository/AdminSuiteBootstrap_Pages/VSP_Bootstrap/SearchProfile/": null

2022-06-30 22:26:54 - [TEST_STEP][PASSED] - setText(findTestObject(path_SearchProfile + "input_Criteria"), criteria): Text 'PaymentsVisa' is set on object 'Object Repository/AdminSuiteBootstrap_Pages/VSP_Bootstrap/SearchProfile/input_Criteria'

2022-06-30 22:26:55 - [MESSAGE][PASSED] - Text 'PaymentsVisa' is set on object 'Object Repository/AdminSuiteBootstrap_Pages/VSP_Bootstrap/SearchProfile/input_Criteria'

2022-06-30 22:26:55 - [TEST_STEP][PASSED] - click(findTestObject(path_SearchProfile + "button_Search")): Object: 'Object Repository/AdminSuiteBootstrap_Pages/VSP_Bootstrap/SearchProfile/button_Search' is clicked on

2022-06-30 22:26:56 - [MESSAGE][PASSED] - Object: 'Object Repository/AdminSuiteBootstrap_Pages/VSP_Bootstrap/SearchProfile/button_Search' is clicked on

2022-06-30 22:26:56 - [TEST_STEP][PASSED] - profNameLink = findTestData(dataFile).getValue("ProfileNameLink", row): null

2022-06-30 22:26:56 - [TEST_STEP][PASSED] - click(findTestObject(path_ViewProfile + profNameLink)): Object: 'Object Repository/AdminSuiteBootstrap_Pages/VSP_Bootstrap/View Profile/a_PaymentsVisa' is clicked on

2022-06-30 22:27:01 - [MESSAGE][PASSED] - Object: 'Object Repository/AdminSuiteBootstrap_Pages/VSP_Bootstrap/View Profile/a_PaymentsVisa' is clicked on

2022-06-30 22:27:01 - [TEST_STEP][PASSED] - click(findTestObject(path_ViewProfile + "a_AuthCap")): Object: 'Object Repository/AdminSuiteBootstrap_Pages/VSP_Bootstrap/View Profile/a_AuthCap' is clicked on

2022-06-30 22:27:03 - [MESSAGE][PASSED] - Object: 'Object Repository/AdminSuiteBootstrap_Pages/VSP_Bootstrap/View Profile/a_AuthCap' is clicked on

2022-06-30 22:27:03 - [TEST_STEP][PASSED] - verifyTextPresent("Credit Card Authorization Capture", true): Text 'Credit Card Authorization Capture' is present on page  using regular expression

2022-06-30 22:27:03 - [MESSAGE][PASSED] - Text 'Credit Card Authorization Capture' is present on page  using regular expression

2022-06-30 22:27:03 - [TEST_STEP][PASSED] - verifyTextPresent("Sale", true): Text 'Sale' is present on page  using regular expression

2022-06-30 22:27:04 - [MESSAGE][PASSED] - Text 'Sale' is present on page  using regular expression

2022-06-30 22:27:04 - [TEST_STEP][PASSED] - verifyTextPresent("Required fields are highlighted with an asterisk", true): Text 'Required fields are highlighted with an asterisk' is present on page  using regular expression

2022-06-30 22:27:04 - [MESSAGE][PASSED] - Text 'Required fields are highlighted with an asterisk' is present on page  using regular expression

2022-06-30 22:27:04 - [TEST_STEP][PASSED] - verifyTextPresent("Remittance ID", true): Text 'Remittance ID' is present on page  using regular expression

2022-06-30 22:27:04 - [MESSAGE][PASSED] - Text 'Remittance ID' is present on page  using regular expression

2022-06-30 22:27:04 - [TEST_STEP][PASSED] - vspBootstrap.SalePage.setDataSaleAndAuth(row, dataFile): vspBootstrap.SalePage.setDataSaleAndAuth is PASSED

2022-06-30 22:27:06 - [MESSAGE][PASSED] - All options with value 'RETL' are selected in object 'Object Repository/AdminSuiteBootstrap_Pages/VSP_Bootstrap/VSP_Authcap/select_TransactionCategory'  using regular expression

2022-06-30 22:27:06 - [MESSAGE][PASSED] - Text '123' is set on object 'Object Repository/AdminSuiteBootstrap_Pages/VSP_Bootstrap/VSP_Authcap/input_cvv'

2022-06-30 22:27:07 - [MESSAGE][PASSED] - Text '' is set on object 'Object Repository/AdminSuiteBootstrap_Pages/VSP_Bootstrap/VSP_Authcap/input_smsNumber'

2022-06-30 22:27:08 - [MESSAGE][PASSED] - Text '2.50' is set on object 'Object Repository/AdminSuiteBootstrap_Pages/VSP_Bootstrap/VSP_Authcap/input_amount'

2022-06-30 22:27:08 - [MESSAGE][PASSED] - Text 'Delhi' is set on object 'Object Repository/AdminSuiteBootstrap_Pages/VSP_Bootstrap/VSP_Authcap/input_userDefined1'

2022-06-30 22:27:09 - [MESSAGE][PASSED] - Text 'Chennai' is set on object 'Object Repository/AdminSuiteBootstrap_Pages/VSP_Bootstrap/VSP_Authcap/input_userDefined2'

2022-06-30 22:27:10 - [MESSAGE][PASSED] - Text 'Mumbai' is set on object 'Object Repository/AdminSuiteBootstrap_Pages/VSP_Bootstrap/VSP_Authcap/input_userDefined3'

2022-06-30 22:27:10 - [MESSAGE][PASSED] - Text 'Kanpur' is set on object 'Object Repository/AdminSuiteBootstrap_Pages/VSP_Bootstrap/VSP_Authcap/input_userDefined4'

2022-06-30 22:27:11 - [MESSAGE][PASSED] - All options with label 'Orange' are selected in object 'Object Repository/AdminSuiteBootstrap_Pages/VSP_Bootstrap/VSP_Authcap/select_UDF5'  using regular expression

2022-06-30 22:27:12 - [MESSAGE][PASSED] - All options with label 'Yellow' are selected in object 'Object Repository/AdminSuiteBootstrap_Pages/VSP_Bootstrap/VSP_Authcap/select_UDF6'  using regular expression

2022-06-30 22:27:13 - [MESSAGE][PASSED] - Text 'Kolkata' is set on object 'Object Repository/AdminSuiteBootstrap_Pages/VSP_Bootstrap/VSP_Authcap/input_userDefined7'

2022-06-30 22:27:14 - [MESSAGE][PASSED] - Text 'Pune' is set on object 'Object Repository/AdminSuiteBootstrap_Pages/VSP_Bootstrap/VSP_Authcap/input_userDefined8'

2022-06-30 22:27:14 - [MESSAGE][PASSED] - Text 'Bhavnagar' is set on object 'Object Repository/AdminSuiteBootstrap_Pages/VSP_Bootstrap/VSP_Authcap/input_userDefined9'

2022-06-30 22:27:15 - [MESSAGE][PASSED] - Text 'Noida' is set on object 'Object Repository/AdminSuiteBootstrap_Pages/VSP_Bootstrap/VSP_Authcap/input_userDefined10'

2022-06-30 22:27:17 - [MESSAGE][PASSED] - Object: 'Object Repository/AdminSuiteBootstrap_Pages/VSP_Bootstrap/VSP_Authcap/button_Submit' is clicked on

2022-06-30 22:27:17 - [MESSAGE][PASSED] - vspBootstrap.SalePage.setDataSaleAndAuth is PASSED

2022-06-30 22:27:17 - [TEST_STEP][PASSED] - verifyTextPresent("Transaction Successful", true): Text 'Transaction Successful' is present on page  using regular expression

2022-06-30 22:27:17 - [MESSAGE][PASSED] - Text 'Transaction Successful' is present on page  using regular expression

2022-06-30 22:27:17 - [TEST_STEP][PASSED] - verifyElementVisible(findTestObject("Object Repository/AdminSuiteBootstrap_Pages/VT_Bootstrap/Receipt/button_Continue")): Object 'Object Repository/AdminSuiteBootstrap_Pages/VT_Bootstrap/Receipt/button_Continue' is visible

2022-06-30 22:27:18 - [MESSAGE][PASSED] - Object 'Object Repository/AdminSuiteBootstrap_Pages/VT_Bootstrap/Receipt/button_Continue' is visible

2022-06-30 22:27:18 - [TEST_STEP][PASSED] - verifyElementPresent(findTestObject("Object Repository/AdminSuiteBootstrap_Pages/VT_Bootstrap/Receipt/button_Continue"), 20): Object 'Object Repository/AdminSuiteBootstrap_Pages/VT_Bootstrap/Receipt/button_Continue' is present

2022-06-30 22:27:18 - [MESSAGE][PASSED] - Object 'Object Repository/AdminSuiteBootstrap_Pages/VT_Bootstrap/Receipt/button_Continue' is present

2022-06-30 22:27:18 - [TEST_STEP][PASSED] - verifyElementVisible(findTestObject("Object Repository/AdminSuiteBootstrap_Pages/VT_Bootstrap/Receipt/button_Print")): Object 'Object Repository/AdminSuiteBootstrap_Pages/VT_Bootstrap/Receipt/button_Print' is visible

2022-06-30 22:27:18 - [MESSAGE][PASSED] - Object 'Object Repository/AdminSuiteBootstrap_Pages/VT_Bootstrap/Receipt/button_Print' is visible

2022-06-30 22:27:18 - [TEST_STEP][PASSED] - verifyElementPresent(findTestObject("Object Repository/AdminSuiteBootstrap_Pages/VT_Bootstrap/Receipt/button_Print"), 20): Object 'Object Repository/AdminSuiteBootstrap_Pages/VT_Bootstrap/Receipt/button_Print' is present

2022-06-30 22:27:19 - [MESSAGE][PASSED] - Object 'Object Repository/AdminSuiteBootstrap_Pages/VT_Bootstrap/Receipt/button_Print' is present

2022-06-30 22:27:19 - [TEST_STEP][PASSED] - verifyTextPresent("Remittance ID", true): Text 'Remittance ID' is present on page  using regular expression

2022-06-30 22:27:19 - [MESSAGE][PASSED] - Text 'Remittance ID' is present on page  using regular expression

2022-06-30 22:27:19 - [TEST_STEP][PASSED] - verifyTextPresent("Received", true): Text 'Received' is present on page  using regular expression

2022-06-30 22:27:20 - [MESSAGE][PASSED] - Text 'Received' is present on page  using regular expression

2022-06-30 22:27:20 - [TEST_STEP][PASSED] - verifyTextPresent("UDF1", true): Text 'UDF1' is present on page  using regular expression

2022-06-30 22:27:20 - [MESSAGE][PASSED] - Text 'UDF1' is present on page  using regular expression

2022-06-30 22:27:20 - [TEST_STEP][PASSED] - verifyTextPresent("UDF2", true): Text 'UDF2' is present on page  using regular expression

2022-06-30 22:27:20 - [MESSAGE][PASSED] - Text 'UDF2' is present on page  using regular expression

2022-06-30 22:27:20 - [TEST_STEP][PASSED] - verifyTextPresent("UDF3", true): Text 'UDF3' is present on page  using regular expression

2022-06-30 22:27:21 - [MESSAGE][PASSED] - Text 'UDF3' is present on page  using regular expression

2022-06-30 22:27:21 - [TEST_STEP][PASSED] - verifyTextPresent("UDF4", true): Text 'UDF4' is present on page  using regular expression

2022-06-30 22:27:21 - [MESSAGE][PASSED] - Text 'UDF4' is present on page  using regular expression

2022-06-30 22:27:21 - [TEST_STEP][PASSED] - verifyTextPresent("UDF5", true): Text 'UDF5' is present on page  using regular expression

2022-06-30 22:27:21 - [MESSAGE][PASSED] - Text 'UDF5' is present on page  using regular expression

2022-06-30 22:27:21 - [TEST_STEP][PASSED] - verifyTextPresent("UDF6", true): Text 'UDF6' is present on page  using regular expression

2022-06-30 22:27:22 - [MESSAGE][PASSED] - Text 'UDF6' is present on page  using regular expression

2022-06-30 22:27:22 - [TEST_STEP][PASSED] - verifyTextPresent("UDF7", true): Text 'UDF7' is present on page  using regular expression

2022-06-30 22:27:22 - [MESSAGE][PASSED] - Text 'UDF7' is present on page  using regular expression

2022-06-30 22:27:22 - [TEST_STEP][PASSED] - verifyTextPresent("UDF8", true): Text 'UDF8' is present on page  using regular expression

2022-06-30 22:27:22 - [MESSAGE][PASSED] - Text 'UDF8' is present on page  using regular expression

2022-06-30 22:27:22 - [TEST_STEP][PASSED] - verifyTextPresent("UDF9", true): Text 'UDF9' is present on page  using regular expression

2022-06-30 22:27:23 - [MESSAGE][PASSED] - Text 'UDF9' is present on page  using regular expression

2022-06-30 22:27:23 - [TEST_STEP][PASSED] - verifyTextPresent("UDF 10", true): Text 'UDF 10' is present on page  using regular expression

2022-06-30 22:27:23 - [MESSAGE][PASSED] - Text 'UDF 10' is present on page  using regular expression

2022-06-30 22:27:23 - [TEST_STEP][PASSED] - verifyTextPresent("Delhi", true): Text 'Delhi' is present on page  using regular expression

2022-06-30 22:27:23 - [MESSAGE][PASSED] - Text 'Delhi' is present on page  using regular expression

2022-06-30 22:27:23 - [TEST_STEP][PASSED] - verifyTextPresent("Chennai", true): Text 'Chennai' is present on page  using regular expression

2022-06-30 22:27:24 - [MESSAGE][PASSED] - Text 'Chennai' is present on page  using regular expression

2022-06-30 22:27:24 - [TEST_STEP][PASSED] - verifyTextPresent("Mumbai", true): Text 'Mumbai' is present on page  using regular expression

2022-06-30 22:27:24 - [MESSAGE][PASSED] - Text 'Mumbai' is present on page  using regular expression

2022-06-30 22:27:24 - [TEST_STEP][PASSED] - verifyTextPresent("Kanpur", true): Text 'Kanpur' is present on page  using regular expression

2022-06-30 22:27:24 - [MESSAGE][PASSED] - Text 'Kanpur' is present on page  using regular expression

2022-06-30 22:27:24 - [TEST_STEP][PASSED] - verifyTextPresent("Orange Recorded", true): Text 'Orange Recorded' is present on page  using regular expression

2022-06-30 22:27:24 - [MESSAGE][PASSED] - Text 'Orange Recorded' is present on page  using regular expression

2022-06-30 22:27:25 - [TEST_STEP][PASSED] - verifyTextPresent("Yellow Recorded", true): Text 'Yellow Recorded' is present on page  using regular expression

2022-06-30 22:27:25 - [MESSAGE][PASSED] - Text 'Yellow Recorded' is present on page  using regular expression

2022-06-30 22:27:25 - [TEST_STEP][PASSED] - verifyTextPresent("Kolkata", true): Text 'Kolkata' is present on page  using regular expression

2022-06-30 22:27:25 - [MESSAGE][PASSED] - Text 'Kolkata' is present on page  using regular expression

2022-06-30 22:27:25 - [TEST_STEP][PASSED] - verifyTextPresent("Pune", true): Text 'Pune' is present on page  using regular expression

2022-06-30 22:27:25 - [MESSAGE][PASSED] - Text 'Pune' is present on page  using regular expression

2022-06-30 22:27:25 - [TEST_STEP][PASSED] - verifyTextPresent("Bhavnagar", true): Text 'Bhavnagar' is present on page  using regular expression

2022-06-30 22:27:26 - [MESSAGE][PASSED] - Text 'Bhavnagar' is present on page  using regular expression

2022-06-30 22:27:26 - [TEST_STEP][PASSED] - verifyTextPresent("Noida", true): Text 'Noida' is present on page  using regular expression

2022-06-30 22:27:26 - [MESSAGE][PASSED] - Text 'Noida' is present on page  using regular expression

2022-06-30 22:27:26 - [TEST_STEP][PASSED] - verifyTextPresent("Amount", true): Text 'Amount' is present on page  using regular expression

2022-06-30 22:27:26 - [MESSAGE][PASSED] - Text 'Amount' is present on page  using regular expression

2022-06-30 22:27:26 - [TEST_STEP][PASSED] - verifyTextPresent("2.50", true): Text '2.50' is present on page  using regular expression

2022-06-30 22:27:27 - [MESSAGE][PASSED] - Text '2.50' is present on page  using regular expression

2022-06-30 22:27:27 - [TEST_STEP][PASSED] - verifyTextPresent("Authorization and Capture", true): Text 'Authorization and Capture' is present on page  using regular expression

2022-06-30 22:27:27 - [MESSAGE][PASSED] - Text 'Authorization and Capture' is present on page  using regular expression

2022-06-30 22:27:27 - [TEST_STEP][PASSED] - verifyTextPresent("Card Information", true): Text 'Card Information' is present on page  using regular expression

2022-06-30 22:27:27 - [MESSAGE][PASSED] - Text 'Card Information' is present on page  using regular expression

2022-06-30 22:27:27 - [TEST_STEP][PASSED] - verifyTextPresent("TANDON RAVENA", true): Text 'TANDON RAVENA' is present on page  using regular expression

2022-06-30 22:27:27 - [MESSAGE][PASSED] - Text 'TANDON RAVENA' is present on page  using regular expression

2022-06-30 22:27:27 - [TEST_STEP][PASSED] - verifyTextPresent("Address Line 1", true): Text 'Address Line 1' is present on page  using regular expression

2022-06-30 22:27:28 - [MESSAGE][PASSED] - Text 'Address Line 1' is present on page  using regular expression

2022-06-30 22:27:28 - [TEST_STEP][PASSED] - verifyTextPresent("Address Line 2", true): Text 'Address Line 2' is present on page  using regular expression

2022-06-30 22:27:28 - [MESSAGE][PASSED] - Text 'Address Line 2' is present on page  using regular expression

2022-06-30 22:27:28 - [TEST_STEP][PASSED] - verifyTextPresent("Country", true): Text 'Country' is present on page  using regular expression

2022-06-30 22:27:28 - [MESSAGE][PASSED] - Text 'Country' is present on page  using regular expression

2022-06-30 22:27:28 - [TEST_STEP][PASSED] - verifyTextPresent("City", true): Text 'City' is present on page  using regular expression

2022-06-30 22:27:29 - [MESSAGE][PASSED] - Text 'City' is present on page  using regular expression

2022-06-30 22:27:29 - [TEST_STEP][PASSED] - verifyTextPresent("State", true): Text 'State' is present on page  using regular expression

2022-06-30 22:27:29 - [MESSAGE][PASSED] - Text 'State' is present on page  using regular expression

2022-06-30 22:27:29 - [TEST_STEP][PASSED] - verifyTextPresent("ZIP Code", true): Text 'ZIP Code' is present on page  using regular expression

2022-06-30 22:27:29 - [MESSAGE][PASSED] - Text 'ZIP Code' is present on page  using regular expression

2022-06-30 22:27:29 - [TEST_STEP][PASSED] - verifyTextPresent("248 PhoolKaante road", true): Text '248 PhoolKaante road' is present on page  using regular expression

2022-06-30 22:27:30 - [MESSAGE][PASSED] - Text '248 PhoolKaante road' is present on page  using regular expression

2022-06-30 22:27:30 - [TEST_STEP][PASSED] - verifyTextPresent("Suite 678", true): Text 'Suite 678' is present on page  using regular expression

2022-06-30 22:27:30 - [MESSAGE][PASSED] - Text 'Suite 678' is present on page  using regular expression

2022-06-30 22:27:30 - [TEST_STEP][PASSED] - verifyTextPresent("United States", true): Text 'United States' is present on page  using regular expression

2022-06-30 22:27:30 - [MESSAGE][PASSED] - Text 'United States' is present on page  using regular expression

2022-06-30 22:27:30 - [TEST_STEP][PASSED] - verifyTextPresent("ARLINGTON", true): Text 'ARLINGTON' is present on page  using regular expression

2022-06-30 22:27:31 - [MESSAGE][PASSED] - Text 'ARLINGTON' is present on page  using regular expression

2022-06-30 22:27:31 - [TEST_STEP][PASSED] - verifyTextPresent("VA", true): Text 'VA' is present on page  using regular expression

2022-06-30 22:27:31 - [MESSAGE][PASSED] - Text 'VA' is present on page  using regular expression

2022-06-30 22:27:31 - [TEST_STEP][PASSED] - verifyTextPresent("22201", true): Text '22201' is present on page  using regular expression

2022-06-30 22:27:31 - [MESSAGE][PASSED] - Text '22201' is present on page  using regular expression

2022-06-30 22:27:31 - [TEST_STEP][PASSED] - cardTypeV = findTestData(dataFile).getValue("CardType", row): null

2022-06-30 22:27:31 - [TEST_STEP][PASSED] - last4V = findTestData(dataFile).getValue("Last4", row): null

2022-06-30 22:27:31 - [TEST_STEP][PASSED] - verifyTextPresent(cardTypeV, true): Text 'Visa' is present on page  using regular expression

2022-06-30 22:27:32 - [MESSAGE][PASSED] - Text 'Visa' is present on page  using regular expression

2022-06-30 22:27:32 - [TEST_STEP][PASSED] - verifyTextPresent(last4V, true): Text '5439' is present on page  using regular expression

2022-06-30 22:27:32 - [MESSAGE][PASSED] - Text '5439' is present on page  using regular expression

2022-06-30 22:27:32 - [TEST_STEP][PASSED] - switch (appName): null

2022-06-30 22:27:32 - [TEST_STEP][PASSED] - closeBrowser(): Browser is closed

2022-06-30 22:27:33 - [MESSAGE][PASSED] - Browser is closed

2022-06-30 22:27:33 - [TEST_STEP][PASSED] - ExecuteTC = findTestData(dataFile).getValue("Execute", row): null

2022-06-30 22:27:33 - [TEST_STEP][PASSED] - out.println("Value of Execute is : " + ExecuteTC): null

2022-06-30 22:27:33 - [TEST_STEP][PASSED] - switch (executionProfile): null

2022-06-30 22:27:33 - [TEST_STEP][PASSED] - case "QAProfile":: null

2022-06-30 22:27:33 - [TEST_STEP][PASSED] - appName = findTestData(dataFile).getValue("AppNameQA", row): null

2022-06-30 22:27:33 - [TEST_STEP][PASSED] - appID = findTestData(dataFile).getValue("AppIDQA", row): null

2022-06-30 22:27:33 - [TEST_STEP][PASSED] - break: null

2022-06-30 22:27:33 - [TEST_STEP][PASSED] - if (ExecuteTC.equalsIgnoreCase("Y")): null

2022-06-30 22:27:33 - [TEST_STEP][PASSED] - out.println("Begin Record Number: " + row): null

2022-06-30 22:27:33 - [TEST_STEP][PASSED] - today = new java.util.Date(): null

2022-06-30 22:27:33 - [TEST_STEP][PASSED] - println(today): null

2022-06-30 22:27:33 - [TEST_STEP][PASSED] - datText = today: null

2022-06-30 22:27:33 - [TEST_STEP][PASSED] - adminSuiteBootstrap.loginFunctionality.login_AdminSuite(): adminSuiteBootstrap.loginFunctionality.login_AdminSuite is PASSED

2022-06-30 22:27:33 - [MESSAGE][INFO] - Starting 'Chrome' driver

2022-06-30 22:27:33 - [MESSAGE][INFO] - User set preference: ['acceptInsecureCerts', 'true']

2022-06-30 22:27:33 - [MESSAGE][INFO] - Action delay is set to 0 milliseconds

2022-06-30 22:27:39 - [MESSAGE][PASSED] - Browser is opened with url: 'https://qa.velocitypayment.com/admin/imtiaz'

2022-06-30 22:27:39 - [MESSAGE][PASSED] - Current window maximized

2022-06-30 22:27:40 - [MESSAGE][PASSED] - Object 'Object Repository/Login_Page/Login_Username' is present

2022-06-30 22:27:40 - [MESSAGE][PASSED] - Text 'iahmed' is set on object 'Object Repository/Login_Page/Login_Username'

2022-06-30 22:27:41 - [MESSAGE][PASSED] - Text 'hello2222' is set on object 'Object Repository/Login_Page/Login_Password'

2022-06-30 22:27:45 - [MESSAGE][PASSED] - Object: 'Object Repository/Login_Page/Login_Submit' is clicked on

2022-06-30 22:27:45 - [MESSAGE][PASSED] - adminSuiteBootstrap.loginFunctionality.login_AdminSuite is PASSED

2022-06-30 22:27:45 - [TEST_STEP][PASSED] - click(findTestObject(path_Dashboard + appName)): Object: 'Object Repository/AdminSuiteBootstrap_Pages/Dashboard_Bootstrap/a_Access AutoNoCFtp' is clicked on

2022-06-30 22:27:46 - [MESSAGE][PASSED] - Object: 'Object Repository/AdminSuiteBootstrap_Pages/Dashboard_Bootstrap/a_Access AutoNoCFtp' is clicked on

2022-06-30 22:27:46 - [TEST_STEP][PASSED] - click(findTestObject(path_VT + "a_Find Profile")): Object: 'Object Repository/AdminSuiteBootstrap_Pages/VT_Bootstrap/IssueTransactions/a_Find Profile' is clicked on

2022-06-30 22:27:47 - [MESSAGE][PASSED] - Object: 'Object Repository/AdminSuiteBootstrap_Pages/VT_Bootstrap/IssueTransactions/a_Find Profile' is clicked on

2022-06-30 22:27:47 - [TEST_STEP][PASSED] - criteria = <not implemented yet for class: org.codehaus.groovy.ast.expr.EmptyExpression>: null

2022-06-30 22:27:47 - [TEST_STEP][PASSED] - searchBy = <not implemented yet for class: org.codehaus.groovy.ast.expr.EmptyExpression>: null

2022-06-30 22:27:47 - [TEST_STEP][PASSED] - criteria = findTestData(dataFile).getValue("ProfileName", row): null

2022-06-30 22:27:47 - [TEST_STEP][PASSED] - path_SearchProfile = "Object Repository/AdminSuiteBootstrap_Pages/VSP_Bootstrap/SearchProfile/": null

2022-06-30 22:27:47 - [TEST_STEP][PASSED] - setText(findTestObject(path_SearchProfile + "input_Criteria"), criteria): Text 'PaymentsMC' is set on object 'Object Repository/AdminSuiteBootstrap_Pages/VSP_Bootstrap/SearchProfile/input_Criteria'

2022-06-30 22:27:48 - [MESSAGE][PASSED] - Text 'PaymentsMC' is set on object 'Object Repository/AdminSuiteBootstrap_Pages/VSP_Bootstrap/SearchProfile/input_Criteria'

2022-06-30 22:27:48 - [TEST_STEP][PASSED] - click(findTestObject(path_SearchProfile + "button_Search")): Object: 'Object Repository/AdminSuiteBootstrap_Pages/VSP_Bootstrap/SearchProfile/button_Search' is clicked on

2022-06-30 22:27:49 - [MESSAGE][PASSED] - Object: 'Object Repository/AdminSuiteBootstrap_Pages/VSP_Bootstrap/SearchProfile/button_Search' is clicked on

2022-06-30 22:27:49 - [TEST_STEP][PASSED] - profNameLink = findTestData(dataFile).getValue("ProfileNameLink", row): null

2022-06-30 22:27:49 - [TEST_STEP][PASSED] - click(findTestObject(path_ViewProfile + profNameLink)): Object: 'Object Repository/AdminSuiteBootstrap_Pages/VSP_Bootstrap/View Profile/a_PaymentsMC' is clicked on

2022-06-30 22:27:51 - [MESSAGE][PASSED] - Object: 'Object Repository/AdminSuiteBootstrap_Pages/VSP_Bootstrap/View Profile/a_PaymentsMC' is clicked on

2022-06-30 22:27:51 - [TEST_STEP][PASSED] - click(findTestObject(path_ViewProfile + "a_AuthCap")): Object: 'Object Repository/AdminSuiteBootstrap_Pages/VSP_Bootstrap/View Profile/a_AuthCap' is clicked on

2022-06-30 22:27:53 - [MESSAGE][PASSED] - Object: 'Object Repository/AdminSuiteBootstrap_Pages/VSP_Bootstrap/View Profile/a_AuthCap' is clicked on

2022-06-30 22:27:53 - [TEST_STEP][PASSED] - verifyTextPresent("Credit Card Authorization Capture", true): Text 'Credit Card Authorization Capture' is present on page  using regular expression

2022-06-30 22:27:54 - [MESSAGE][PASSED] - Text 'Credit Card Authorization Capture' is present on page  using regular expression

2022-06-30 22:27:54 - [TEST_STEP][PASSED] - verifyTextPresent("Sale", true): Text 'Sale' is present on page  using regular expression

2022-06-30 22:27:54 - [MESSAGE][PASSED] - Text 'Sale' is present on page  using regular expression

2022-06-30 22:27:54 - [TEST_STEP][PASSED] - verifyTextPresent("Required fields are highlighted with an asterisk", true): Text 'Required fields are highlighted with an asterisk' is present on page  using regular expression

2022-06-30 22:27:54 - [MESSAGE][PASSED] - Text 'Required fields are highlighted with an asterisk' is present on page  using regular expression

2022-06-30 22:27:54 - [TEST_STEP][PASSED] - verifyTextPresent("Remittance ID", true): Text 'Remittance ID' is present on page  using regular expression

2022-06-30 22:27:55 - [MESSAGE][PASSED] - Text 'Remittance ID' is present on page  using regular expression

2022-06-30 22:27:55 - [TEST_STEP][PASSED] - vspBootstrap.SalePage.setDataSaleAndAuth(row, dataFile): vspBootstrap.SalePage.setDataSaleAndAuth is PASSED

2022-06-30 22:27:56 - [MESSAGE][PASSED] - All options with value 'RETL' are selected in object 'Object Repository/AdminSuiteBootstrap_Pages/VSP_Bootstrap/VSP_Authcap/select_TransactionCategory'  using regular expression

2022-06-30 22:27:57 - [MESSAGE][PASSED] - Text '123' is set on object 'Object Repository/AdminSuiteBootstrap_Pages/VSP_Bootstrap/VSP_Authcap/input_cvv'

2022-06-30 22:27:57 - [MESSAGE][PASSED] - Text '' is set on object 'Object Repository/AdminSuiteBootstrap_Pages/VSP_Bootstrap/VSP_Authcap/input_smsNumber'

2022-06-30 22:27:58 - [MESSAGE][PASSED] - Text '2.50' is set on object 'Object Repository/AdminSuiteBootstrap_Pages/VSP_Bootstrap/VSP_Authcap/input_amount'

2022-06-30 22:27:59 - [MESSAGE][PASSED] - Text 'Delhi' is set on object 'Object Repository/AdminSuiteBootstrap_Pages/VSP_Bootstrap/VSP_Authcap/input_userDefined1'

2022-06-30 22:27:59 - [MESSAGE][PASSED] - Text 'Chennai' is set on object 'Object Repository/AdminSuiteBootstrap_Pages/VSP_Bootstrap/VSP_Authcap/input_userDefined2'

2022-06-30 22:28:00 - [MESSAGE][PASSED] - Text 'Mumbai' is set on object 'Object Repository/AdminSuiteBootstrap_Pages/VSP_Bootstrap/VSP_Authcap/input_userDefined3'

2022-06-30 22:28:01 - [MESSAGE][PASSED] - Text 'Kanpur' is set on object 'Object Repository/AdminSuiteBootstrap_Pages/VSP_Bootstrap/VSP_Authcap/input_userDefined4'

2022-06-30 22:28:02 - [MESSAGE][PASSED] - All options with label 'Orange' are selected in object 'Object Repository/AdminSuiteBootstrap_Pages/VSP_Bootstrap/VSP_Authcap/select_UDF5'  using regular expression

2022-06-30 22:28:03 - [MESSAGE][PASSED] - All options with label 'Yellow' are selected in object 'Object Repository/AdminSuiteBootstrap_Pages/VSP_Bootstrap/VSP_Authcap/select_UDF6'  using regular expression

2022-06-30 22:28:03 - [MESSAGE][PASSED] - Text 'Kolkata' is set on object 'Object Repository/AdminSuiteBootstrap_Pages/VSP_Bootstrap/VSP_Authcap/input_userDefined7'

2022-06-30 22:28:04 - [MESSAGE][PASSED] - Text 'Pune' is set on object 'Object Repository/AdminSuiteBootstrap_Pages/VSP_Bootstrap/VSP_Authcap/input_userDefined8'

2022-06-30 22:28:05 - [MESSAGE][PASSED] - Text 'Bhavnagar' is set on object 'Object Repository/AdminSuiteBootstrap_Pages/VSP_Bootstrap/VSP_Authcap/input_userDefined9'

2022-06-30 22:28:05 - [MESSAGE][PASSED] - Text 'Noida' is set on object 'Object Repository/AdminSuiteBootstrap_Pages/VSP_Bootstrap/VSP_Authcap/input_userDefined10'

2022-06-30 22:28:07 - [MESSAGE][PASSED] - Object: 'Object Repository/AdminSuiteBootstrap_Pages/VSP_Bootstrap/VSP_Authcap/button_Submit' is clicked on

2022-06-30 22:28:07 - [MESSAGE][PASSED] - vspBootstrap.SalePage.setDataSaleAndAuth is PASSED

2022-06-30 22:28:07 - [TEST_STEP][PASSED] - verifyTextPresent("Transaction Successful", true): Text 'Transaction Successful' is present on page  using regular expression

2022-06-30 22:28:08 - [MESSAGE][PASSED] - Text 'Transaction Successful' is present on page  using regular expression

2022-06-30 22:28:08 - [TEST_STEP][PASSED] - verifyElementVisible(findTestObject("Object Repository/AdminSuiteBootstrap_Pages/VT_Bootstrap/Receipt/button_Continue")): Object 'Object Repository/AdminSuiteBootstrap_Pages/VT_Bootstrap/Receipt/button_Continue' is visible

2022-06-30 22:28:08 - [MESSAGE][PASSED] - Object 'Object Repository/AdminSuiteBootstrap_Pages/VT_Bootstrap/Receipt/button_Continue' is visible

2022-06-30 22:28:08 - [TEST_STEP][PASSED] - verifyElementPresent(findTestObject("Object Repository/AdminSuiteBootstrap_Pages/VT_Bootstrap/Receipt/button_Continue"), 20): Object 'Object Repository/AdminSuiteBootstrap_Pages/VT_Bootstrap/Receipt/button_Continue' is present

2022-06-30 22:28:09 - [MESSAGE][PASSED] - Object 'Object Repository/AdminSuiteBootstrap_Pages/VT_Bootstrap/Receipt/button_Continue' is present

2022-06-30 22:28:09 - [TEST_STEP][PASSED] - verifyElementVisible(findTestObject("Object Repository/AdminSuiteBootstrap_Pages/VT_Bootstrap/Receipt/button_Print")): Object 'Object Repository/AdminSuiteBootstrap_Pages/VT_Bootstrap/Receipt/button_Print' is visible

2022-06-30 22:28:09 - [MESSAGE][PASSED] - Object 'Object Repository/AdminSuiteBootstrap_Pages/VT_Bootstrap/Receipt/button_Print' is visible

2022-06-30 22:28:09 - [TEST_STEP][PASSED] - verifyElementPresent(findTestObject("Object Repository/AdminSuiteBootstrap_Pages/VT_Bootstrap/Receipt/button_Print"), 20): Object 'Object Repository/AdminSuiteBootstrap_Pages/VT_Bootstrap/Receipt/button_Print' is present

2022-06-30 22:28:09 - [MESSAGE][PASSED] - Object 'Object Repository/AdminSuiteBootstrap_Pages/VT_Bootstrap/Receipt/button_Print' is present

2022-06-30 22:28:09 - [TEST_STEP][PASSED] - verifyTextPresent("Remittance ID", true): Text 'Remittance ID' is present on page  using regular expression

2022-06-30 22:28:10 - [MESSAGE][PASSED] - Text 'Remittance ID' is present on page  using regular expression

2022-06-30 22:28:10 - [TEST_STEP][PASSED] - verifyTextPresent("Received", true): Text 'Received' is present on page  using regular expression

2022-06-30 22:28:10 - [MESSAGE][PASSED] - Text 'Received' is present on page  using regular expression

2022-06-30 22:28:10 - [TEST_STEP][PASSED] - verifyTextPresent("UDF1", true): Text 'UDF1' is present on page  using regular expression

2022-06-30 22:28:10 - [MESSAGE][PASSED] - Text 'UDF1' is present on page  using regular expression

2022-06-30 22:28:10 - [TEST_STEP][PASSED] - verifyTextPresent("UDF2", true): Text 'UDF2' is present on page  using regular expression

2022-06-30 22:28:11 - [MESSAGE][PASSED] - Text 'UDF2' is present on page  using regular expression

2022-06-30 22:28:11 - [TEST_STEP][PASSED] - verifyTextPresent("UDF3", true): Text 'UDF3' is present on page  using regular expression

2022-06-30 22:28:11 - [MESSAGE][PASSED] - Text 'UDF3' is present on page  using regular expression

2022-06-30 22:28:11 - [TEST_STEP][PASSED] - verifyTextPresent("UDF4", true): Text 'UDF4' is present on page  using regular expression

2022-06-30 22:28:11 - [MESSAGE][PASSED] - Text 'UDF4' is present on page  using regular expression

2022-06-30 22:28:11 - [TEST_STEP][PASSED] - verifyTextPresent("UDF5", true): Text 'UDF5' is present on page  using regular expression

2022-06-30 22:28:12 - [MESSAGE][PASSED] - Text 'UDF5' is present on page  using regular expression

2022-06-30 22:28:12 - [TEST_STEP][PASSED] - verifyTextPresent("UDF6", true): Text 'UDF6' is present on page  using regular expression

2022-06-30 22:28:12 - [MESSAGE][PASSED] - Text 'UDF6' is present on page  using regular expression

2022-06-30 22:28:12 - [TEST_STEP][PASSED] - verifyTextPresent("UDF7", true): Text 'UDF7' is present on page  using regular expression

2022-06-30 22:28:12 - [MESSAGE][PASSED] - Text 'UDF7' is present on page  using regular expression

2022-06-30 22:28:12 - [TEST_STEP][PASSED] - verifyTextPresent("UDF8", true): Text 'UDF8' is present on page  using regular expression

2022-06-30 22:28:13 - [MESSAGE][PASSED] - Text 'UDF8' is present on page  using regular expression

2022-06-30 22:28:13 - [TEST_STEP][PASSED] - verifyTextPresent("UDF9", true): Text 'UDF9' is present on page  using regular expression

2022-06-30 22:28:13 - [MESSAGE][PASSED] - Text 'UDF9' is present on page  using regular expression

2022-06-30 22:28:13 - [TEST_STEP][PASSED] - verifyTextPresent("UDF 10", true): Text 'UDF 10' is present on page  using regular expression

2022-06-30 22:28:13 - [MESSAGE][PASSED] - Text 'UDF 10' is present on page  using regular expression

2022-06-30 22:28:13 - [TEST_STEP][PASSED] - verifyTextPresent("Delhi", true): Text 'Delhi' is present on page  using regular expression

2022-06-30 22:28:14 - [MESSAGE][PASSED] - Text 'Delhi' is present on page  using regular expression

2022-06-30 22:28:14 - [TEST_STEP][PASSED] - verifyTextPresent("Chennai", true): Text 'Chennai' is present on page  using regular expression

2022-06-30 22:28:14 - [MESSAGE][PASSED] - Text 'Chennai' is present on page  using regular expression

2022-06-30 22:28:14 - [TEST_STEP][PASSED] - verifyTextPresent("Mumbai", true): Text 'Mumbai' is present on page  using regular expression

2022-06-30 22:28:14 - [MESSAGE][PASSED] - Text 'Mumbai' is present on page  using regular expression

2022-06-30 22:28:14 - [TEST_STEP][PASSED] - verifyTextPresent("Kanpur", true): Text 'Kanpur' is present on page  using regular expression

2022-06-30 22:28:15 - [MESSAGE][PASSED] - Text 'Kanpur' is present on page  using regular expression

2022-06-30 22:28:15 - [TEST_STEP][PASSED] - verifyTextPresent("Orange Recorded", true): Text 'Orange Recorded' is present on page  using regular expression

2022-06-30 22:28:15 - [MESSAGE][PASSED] - Text 'Orange Recorded' is present on page  using regular expression

2022-06-30 22:28:15 - [TEST_STEP][PASSED] - verifyTextPresent("Yellow Recorded", true): Text 'Yellow Recorded' is present on page  using regular expression

2022-06-30 22:28:15 - [MESSAGE][PASSED] - Text 'Yellow Recorded' is present on page  using regular expression

2022-06-30 22:28:15 - [TEST_STEP][PASSED] - verifyTextPresent("Kolkata", true): Text 'Kolkata' is present on page  using regular expression

2022-06-30 22:28:15 - [MESSAGE][PASSED] - Text 'Kolkata' is present on page  using regular expression

2022-06-30 22:28:15 - [TEST_STEP][PASSED] - verifyTextPresent("Pune", true): Text 'Pune' is present on page  using regular expression

2022-06-30 22:28:16 - [MESSAGE][PASSED] - Text 'Pune' is present on page  using regular expression

2022-06-30 22:28:16 - [TEST_STEP][PASSED] - verifyTextPresent("Bhavnagar", true): Text 'Bhavnagar' is present on page  using regular expression

2022-06-30 22:28:16 - [MESSAGE][PASSED] - Text 'Bhavnagar' is present on page  using regular expression

2022-06-30 22:28:16 - [TEST_STEP][PASSED] - verifyTextPresent("Noida", true): Text 'Noida' is present on page  using regular expression

2022-06-30 22:28:16 - [MESSAGE][PASSED] - Text 'Noida' is present on page  using regular expression

2022-06-30 22:28:16 - [TEST_STEP][PASSED] - verifyTextPresent("Amount", true): Text 'Amount' is present on page  using regular expression

2022-06-30 22:28:17 - [MESSAGE][PASSED] - Text 'Amount' is present on page  using regular expression

2022-06-30 22:28:17 - [TEST_STEP][PASSED] - verifyTextPresent("2.50", true): Text '2.50' is present on page  using regular expression

2022-06-30 22:28:17 - [MESSAGE][PASSED] - Text '2.50' is present on page  using regular expression

2022-06-30 22:28:17 - [TEST_STEP][PASSED] - verifyTextPresent("Authorization and Capture", true): Text 'Authorization and Capture' is present on page  using regular expression

2022-06-30 22:28:17 - [MESSAGE][PASSED] - Text 'Authorization and Capture' is present on page  using regular expression

2022-06-30 22:28:17 - [TEST_STEP][PASSED] - verifyTextPresent("Card Information", true): Text 'Card Information' is present on page  using regular expression

2022-06-30 22:28:18 - [MESSAGE][PASSED] - Text 'Card Information' is present on page  using regular expression

2022-06-30 22:28:18 - [TEST_STEP][PASSED] - verifyTextPresent("TANDON RAVENA", true): Text 'TANDON RAVENA' is present on page  using regular expression

2022-06-30 22:28:18 - [MESSAGE][PASSED] - Text 'TANDON RAVENA' is present on page  using regular expression

2022-06-30 22:28:18 - [TEST_STEP][PASSED] - verifyTextPresent("Address Line 1", true): Text 'Address Line 1' is present on page  using regular expression

2022-06-30 22:28:18 - [MESSAGE][PASSED] - Text 'Address Line 1' is present on page  using regular expression

2022-06-30 22:28:18 - [TEST_STEP][PASSED] - verifyTextPresent("Address Line 2", true): Text 'Address Line 2' is present on page  using regular expression

2022-06-30 22:28:19 - [MESSAGE][PASSED] - Text 'Address Line 2' is present on page  using regular expression

2022-06-30 22:28:19 - [TEST_STEP][PASSED] - verifyTextPresent("Country", true): Text 'Country' is present on page  using regular expression

2022-06-30 22:28:19 - [MESSAGE][PASSED] - Text 'Country' is present on page  using regular expression

2022-06-30 22:28:19 - [TEST_STEP][PASSED] - verifyTextPresent("City", true): Text 'City' is present on page  using regular expression

2022-06-30 22:28:19 - [MESSAGE][PASSED] - Text 'City' is present on page  using regular expression

2022-06-30 22:28:19 - [TEST_STEP][PASSED] - verifyTextPresent("State", true): Text 'State' is present on page  using regular expression

2022-06-30 22:28:19 - [MESSAGE][PASSED] - Text 'State' is present on page  using regular expression

2022-06-30 22:28:19 - [TEST_STEP][PASSED] - verifyTextPresent("ZIP Code", true): Text 'ZIP Code' is present on page  using regular expression

2022-06-30 22:28:20 - [MESSAGE][PASSED] - Text 'ZIP Code' is present on page  using regular expression

2022-06-30 22:28:20 - [TEST_STEP][PASSED] - verifyTextPresent("248 PhoolKaante road", true): Text '248 PhoolKaante road' is present on page  using regular expression

2022-06-30 22:28:20 - [MESSAGE][PASSED] - Text '248 PhoolKaante road' is present on page  using regular expression

2022-06-30 22:28:20 - [TEST_STEP][PASSED] - verifyTextPresent("Suite 678", true): Text 'Suite 678' is present on page  using regular expression

2022-06-30 22:28:20 - [MESSAGE][PASSED] - Text 'Suite 678' is present on page  using regular expression

2022-06-30 22:28:20 - [TEST_STEP][PASSED] - verifyTextPresent("United States", true): Text 'United States' is present on page  using regular expression

2022-06-30 22:28:21 - [MESSAGE][PASSED] - Text 'United States' is present on page  using regular expression

2022-06-30 22:28:21 - [TEST_STEP][PASSED] - verifyTextPresent("ARLINGTON", true): Text 'ARLINGTON' is present on page  using regular expression

2022-06-30 22:28:21 - [MESSAGE][PASSED] - Text 'ARLINGTON' is present on page  using regular expression

2022-06-30 22:28:21 - [TEST_STEP][PASSED] - verifyTextPresent("VA", true): Text 'VA' is present on page  using regular expression

2022-06-30 22:28:21 - [MESSAGE][PASSED] - Text 'VA' is present on page  using regular expression

2022-06-30 22:28:21 - [TEST_STEP][PASSED] - verifyTextPresent("22201", true): Text '22201' is present on page  using regular expression

2022-06-30 22:28:22 - [MESSAGE][PASSED] - Text '22201' is present on page  using regular expression

2022-06-30 22:28:22 - [TEST_STEP][PASSED] - cardTypeV = findTestData(dataFile).getValue("CardType", row): null

2022-06-30 22:28:22 - [TEST_STEP][PASSED] - last4V = findTestData(dataFile).getValue("Last4", row): null

2022-06-30 22:28:22 - [TEST_STEP][PASSED] - verifyTextPresent(cardTypeV, true): Text 'MasterCard' is present on page  using regular expression

2022-06-30 22:28:22 - [MESSAGE][PASSED] - Text 'MasterCard' is present on page  using regular expression

2022-06-30 22:28:22 - [TEST_STEP][PASSED] - verifyTextPresent(last4V, true): Text '0035' is present on page  using regular expression

2022-06-30 22:28:22 - [MESSAGE][PASSED] - Text '0035' is present on page  using regular expression

2022-06-30 22:28:22 - [TEST_STEP][PASSED] - switch (appName): null

2022-06-30 22:28:22 - [TEST_STEP][PASSED] - closeBrowser(): Browser is closed

2022-06-30 22:28:23 - [MESSAGE][PASSED] - Browser is closed

2022-06-30 22:28:23 - [TEST_STEP][PASSED] - ExecuteTC = findTestData(dataFile).getValue("Execute", row): null

2022-06-30 22:28:23 - [TEST_STEP][PASSED] - out.println("Value of Execute is : " + ExecuteTC): null

2022-06-30 22:28:23 - [TEST_STEP][PASSED] - switch (executionProfile): null

2022-06-30 22:28:23 - [TEST_STEP][PASSED] - case "QAProfile":: null

2022-06-30 22:28:23 - [TEST_STEP][PASSED] - appName = findTestData(dataFile).getValue("AppNameQA", row): null

2022-06-30 22:28:23 - [TEST_STEP][PASSED] - appID = findTestData(dataFile).getValue("AppIDQA", row): null

2022-06-30 22:28:24 - [TEST_STEP][PASSED] - break: null

2022-06-30 22:28:24 - [TEST_STEP][PASSED] - if (ExecuteTC.equalsIgnoreCase("Y")): null

2022-06-30 22:28:24 - [TEST_STEP][PASSED] - out.println("Begin Record Number: " + row): null

2022-06-30 22:28:24 - [TEST_STEP][PASSED] - today = new java.util.Date(): null

2022-06-30 22:28:24 - [TEST_STEP][PASSED] - println(today): null

2022-06-30 22:28:24 - [TEST_STEP][PASSED] - datText = today: null

2022-06-30 22:28:24 - [TEST_STEP][PASSED] - adminSuiteBootstrap.loginFunctionality.login_AdminSuite(): adminSuiteBootstrap.loginFunctionality.login_AdminSuite is PASSED

2022-06-30 22:28:24 - [MESSAGE][INFO] - Starting 'Chrome' driver

2022-06-30 22:28:24 - [MESSAGE][INFO] - User set preference: ['acceptInsecureCerts', 'true']

2022-06-30 22:28:24 - [MESSAGE][INFO] - Action delay is set to 0 milliseconds

2022-06-30 22:28:29 - [MESSAGE][PASSED] - Browser is opened with url: 'https://qa.velocitypayment.com/admin/imtiaz'

2022-06-30 22:28:29 - [MESSAGE][PASSED] - Current window maximized

2022-06-30 22:28:30 - [MESSAGE][PASSED] - Object 'Object Repository/Login_Page/Login_Username' is present

2022-06-30 22:28:30 - [MESSAGE][PASSED] - Text 'iahmed' is set on object 'Object Repository/Login_Page/Login_Username'

2022-06-30 22:28:31 - [MESSAGE][PASSED] - Text 'hello2222' is set on object 'Object Repository/Login_Page/Login_Password'

2022-06-30 22:28:35 - [MESSAGE][PASSED] - Object: 'Object Repository/Login_Page/Login_Submit' is clicked on

2022-06-30 22:28:35 - [MESSAGE][PASSED] - adminSuiteBootstrap.loginFunctionality.login_AdminSuite is PASSED

2022-06-30 22:28:35 - [TEST_STEP][PASSED] - click(findTestObject(path_Dashboard + appName)): Object: 'Object Repository/AdminSuiteBootstrap_Pages/Dashboard_Bootstrap/a_Access AutoNoCFtp' is clicked on

2022-06-30 22:28:36 - [MESSAGE][PASSED] - Object: 'Object Repository/AdminSuiteBootstrap_Pages/Dashboard_Bootstrap/a_Access AutoNoCFtp' is clicked on

2022-06-30 22:28:36 - [TEST_STEP][PASSED] - click(findTestObject(path_VT + "a_Find Profile")): Object: 'Object Repository/AdminSuiteBootstrap_Pages/VT_Bootstrap/IssueTransactions/a_Find Profile' is clicked on

2022-06-30 22:28:36 - [MESSAGE][PASSED] - Object: 'Object Repository/AdminSuiteBootstrap_Pages/VT_Bootstrap/IssueTransactions/a_Find Profile' is clicked on

2022-06-30 22:28:36 - [TEST_STEP][PASSED] - criteria = <not implemented yet for class: org.codehaus.groovy.ast.expr.EmptyExpression>: null

2022-06-30 22:28:36 - [TEST_STEP][PASSED] - searchBy = <not implemented yet for class: org.codehaus.groovy.ast.expr.EmptyExpression>: null

2022-06-30 22:28:36 - [TEST_STEP][PASSED] - criteria = findTestData(dataFile).getValue("ProfileName", row): null

2022-06-30 22:28:36 - [TEST_STEP][PASSED] - path_SearchProfile = "Object Repository/AdminSuiteBootstrap_Pages/VSP_Bootstrap/SearchProfile/": null

2022-06-30 22:28:36 - [TEST_STEP][PASSED] - setText(findTestObject(path_SearchProfile + "input_Criteria"), criteria): Text 'PaymentsAmEx' is set on object 'Object Repository/AdminSuiteBootstrap_Pages/VSP_Bootstrap/SearchProfile/input_Criteria'

2022-06-30 22:28:37 - [MESSAGE][PASSED] - Text 'PaymentsAmEx' is set on object 'Object Repository/AdminSuiteBootstrap_Pages/VSP_Bootstrap/SearchProfile/input_Criteria'

2022-06-30 22:28:37 - [TEST_STEP][PASSED] - click(findTestObject(path_SearchProfile + "button_Search")): Object: 'Object Repository/AdminSuiteBootstrap_Pages/VSP_Bootstrap/SearchProfile/button_Search' is clicked on

2022-06-30 22:28:38 - [MESSAGE][PASSED] - Object: 'Object Repository/AdminSuiteBootstrap_Pages/VSP_Bootstrap/SearchProfile/button_Search' is clicked on

2022-06-30 22:28:38 - [TEST_STEP][PASSED] - profNameLink = findTestData(dataFile).getValue("ProfileNameLink", row): null

2022-06-30 22:28:38 - [TEST_STEP][PASSED] - click(findTestObject(path_ViewProfile + profNameLink)): Object: 'Object Repository/AdminSuiteBootstrap_Pages/VSP_Bootstrap/View Profile/a_PaymentsAmEx' is clicked on

2022-06-30 22:28:40 - [MESSAGE][PASSED] - Object: 'Object Repository/AdminSuiteBootstrap_Pages/VSP_Bootstrap/View Profile/a_PaymentsAmEx' is clicked on

2022-06-30 22:28:40 - [TEST_STEP][PASSED] - click(findTestObject(path_ViewProfile + "a_AuthCap")): Object: 'Object Repository/AdminSuiteBootstrap_Pages/VSP_Bootstrap/View Profile/a_AuthCap' is clicked on

2022-06-30 22:28:42 - [MESSAGE][PASSED] - Object: 'Object Repository/AdminSuiteBootstrap_Pages/VSP_Bootstrap/View Profile/a_AuthCap' is clicked on

2022-06-30 22:28:42 - [TEST_STEP][PASSED] - verifyTextPresent("Credit Card Authorization Capture", true): Text 'Credit Card Authorization Capture' is present on page  using regular expression

2022-06-30 22:28:43 - [MESSAGE][PASSED] - Text 'Credit Card Authorization Capture' is present on page  using regular expression

2022-06-30 22:28:43 - [TEST_STEP][PASSED] - verifyTextPresent("Sale", true): Text 'Sale' is present on page  using regular expression

2022-06-30 22:28:43 - [MESSAGE][PASSED] - Text 'Sale' is present on page  using regular expression

2022-06-30 22:28:43 - [TEST_STEP][PASSED] - verifyTextPresent("Required fields are highlighted with an asterisk", true): Text 'Required fields are highlighted with an asterisk' is present on page  using regular expression

2022-06-30 22:28:44 - [MESSAGE][PASSED] - Text 'Required fields are highlighted with an asterisk' is present on page  using regular expression

2022-06-30 22:28:44 - [TEST_STEP][PASSED] - verifyTextPresent("Remittance ID", true): Text 'Remittance ID' is present on page  using regular expression

2022-06-30 22:28:44 - [MESSAGE][PASSED] - Text 'Remittance ID' is present on page  using regular expression

2022-06-30 22:28:44 - [TEST_STEP][PASSED] - vspBootstrap.SalePage.setDataSaleAndAuth(row, dataFile): vspBootstrap.SalePage.setDataSaleAndAuth is PASSED

2022-06-30 22:28:46 - [MESSAGE][PASSED] - All options with value 'RETL' are selected in object 'Object Repository/AdminSuiteBootstrap_Pages/VSP_Bootstrap/VSP_Authcap/select_TransactionCategory'  using regular expression

2022-06-30 22:28:46 - [MESSAGE][PASSED] - Text '1234' is set on object 'Object Repository/AdminSuiteBootstrap_Pages/VSP_Bootstrap/VSP_Authcap/input_cvv'

2022-06-30 22:28:47 - [MESSAGE][PASSED] - Text '' is set on object 'Object Repository/AdminSuiteBootstrap_Pages/VSP_Bootstrap/VSP_Authcap/input_smsNumber'

2022-06-30 22:28:48 - [MESSAGE][PASSED] - Text '2.50' is set on object 'Object Repository/AdminSuiteBootstrap_Pages/VSP_Bootstrap/VSP_Authcap/input_amount'

2022-06-30 22:28:48 - [MESSAGE][PASSED] - Text 'Delhi' is set on object 'Object Repository/AdminSuiteBootstrap_Pages/VSP_Bootstrap/VSP_Authcap/input_userDefined1'

2022-06-30 22:28:49 - [MESSAGE][PASSED] - Text 'Chennai' is set on object 'Object Repository/AdminSuiteBootstrap_Pages/VSP_Bootstrap/VSP_Authcap/input_userDefined2'

2022-06-30 22:28:50 - [MESSAGE][PASSED] - Text 'Mumbai' is set on object 'Object Repository/AdminSuiteBootstrap_Pages/VSP_Bootstrap/VSP_Authcap/input_userDefined3'

2022-06-30 22:28:50 - [MESSAGE][PASSED] - Text 'Kanpur' is set on object 'Object Repository/AdminSuiteBootstrap_Pages/VSP_Bootstrap/VSP_Authcap/input_userDefined4'

2022-06-30 22:28:51 - [MESSAGE][PASSED] - All options with label 'Orange' are selected in object 'Object Repository/AdminSuiteBootstrap_Pages/VSP_Bootstrap/VSP_Authcap/select_UDF5'  using regular expression

2022-06-30 22:28:52 - [MESSAGE][PASSED] - All options with label 'Yellow' are selected in object 'Object Repository/AdminSuiteBootstrap_Pages/VSP_Bootstrap/VSP_Authcap/select_UDF6'  using regular expression

2022-06-30 22:28:53 - [MESSAGE][PASSED] - Text 'Kolkata' is set on object 'Object Repository/AdminSuiteBootstrap_Pages/VSP_Bootstrap/VSP_Authcap/input_userDefined7'

2022-06-30 22:28:53 - [MESSAGE][PASSED] - Text 'Pune' is set on object 'Object Repository/AdminSuiteBootstrap_Pages/VSP_Bootstrap/VSP_Authcap/input_userDefined8'

2022-06-30 22:28:54 - [MESSAGE][PASSED] - Text 'Bhavnagar' is set on object 'Object Repository/AdminSuiteBootstrap_Pages/VSP_Bootstrap/VSP_Authcap/input_userDefined9'

2022-06-30 22:28:55 - [MESSAGE][PASSED] - Text 'Noida' is set on object 'Object Repository/AdminSuiteBootstrap_Pages/VSP_Bootstrap/VSP_Authcap/input_userDefined10'

2022-06-30 22:28:57 - [MESSAGE][PASSED] - Object: 'Object Repository/AdminSuiteBootstrap_Pages/VSP_Bootstrap/VSP_Authcap/button_Submit' is clicked on

2022-06-30 22:28:57 - [MESSAGE][PASSED] - vspBootstrap.SalePage.setDataSaleAndAuth is PASSED

2022-06-30 22:28:57 - [TEST_STEP][PASSED] - verifyTextPresent("Transaction Successful", true): Text 'Transaction Successful' is present on page  using regular expression

2022-06-30 22:28:57 - [MESSAGE][PASSED] - Text 'Transaction Successful' is present on page  using regular expression

2022-06-30 22:28:57 - [TEST_STEP][PASSED] - verifyElementVisible(findTestObject("Object Repository/AdminSuiteBootstrap_Pages/VT_Bootstrap/Receipt/button_Continue")): Object 'Object Repository/AdminSuiteBootstrap_Pages/VT_Bootstrap/Receipt/button_Continue' is visible

2022-06-30 22:28:58 - [MESSAGE][PASSED] - Object 'Object Repository/AdminSuiteBootstrap_Pages/VT_Bootstrap/Receipt/button_Continue' is visible

2022-06-30 22:28:58 - [TEST_STEP][PASSED] - verifyElementPresent(findTestObject("Object Repository/AdminSuiteBootstrap_Pages/VT_Bootstrap/Receipt/button_Continue"), 20): Object 'Object Repository/AdminSuiteBootstrap_Pages/VT_Bootstrap/Receipt/button_Continue' is present

2022-06-30 22:28:58 - [MESSAGE][PASSED] - Object 'Object Repository/AdminSuiteBootstrap_Pages/VT_Bootstrap/Receipt/button_Continue' is present

2022-06-30 22:28:58 - [TEST_STEP][PASSED] - verifyElementVisible(findTestObject("Object Repository/AdminSuiteBootstrap_Pages/VT_Bootstrap/Receipt/button_Print")): Object 'Object Repository/AdminSuiteBootstrap_Pages/VT_Bootstrap/Receipt/button_Print' is visible

2022-06-30 22:28:58 - [MESSAGE][PASSED] - Object 'Object Repository/AdminSuiteBootstrap_Pages/VT_Bootstrap/Receipt/button_Print' is visible

2022-06-30 22:28:58 - [TEST_STEP][PASSED] - verifyElementPresent(findTestObject("Object Repository/AdminSuiteBootstrap_Pages/VT_Bootstrap/Receipt/button_Print"), 20): Object 'Object Repository/AdminSuiteBootstrap_Pages/VT_Bootstrap/Receipt/button_Print' is present

2022-06-30 22:28:59 - [MESSAGE][PASSED] - Object 'Object Repository/AdminSuiteBootstrap_Pages/VT_Bootstrap/Receipt/button_Print' is present

2022-06-30 22:28:59 - [TEST_STEP][PASSED] - verifyTextPresent("Remittance ID", true): Text 'Remittance ID' is present on page  using regular expression

2022-06-30 22:28:59 - [MESSAGE][PASSED] - Text 'Remittance ID' is present on page  using regular expression

2022-06-30 22:28:59 - [TEST_STEP][PASSED] - verifyTextPresent("Received", true): Text 'Received' is present on page  using regular expression

2022-06-30 22:28:59 - [MESSAGE][PASSED] - Text 'Received' is present on page  using regular expression

2022-06-30 22:28:59 - [TEST_STEP][PASSED] - verifyTextPresent("UDF1", true): Text 'UDF1' is present on page  using regular expression

2022-06-30 22:29:00 - [MESSAGE][PASSED] - Text 'UDF1' is present on page  using regular expression

2022-06-30 22:29:00 - [TEST_STEP][PASSED] - verifyTextPresent("UDF2", true): Text 'UDF2' is present on page  using regular expression

2022-06-30 22:29:00 - [MESSAGE][PASSED] - Text 'UDF2' is present on page  using regular expression

2022-06-30 22:29:00 - [TEST_STEP][PASSED] - verifyTextPresent("UDF3", true): Text 'UDF3' is present on page  using regular expression

2022-06-30 22:29:00 - [MESSAGE][PASSED] - Text 'UDF3' is present on page  using regular expression

2022-06-30 22:29:00 - [TEST_STEP][PASSED] - verifyTextPresent("UDF4", true): Text 'UDF4' is present on page  using regular expression

2022-06-30 22:29:00 - [MESSAGE][PASSED] - Text 'UDF4' is present on page  using regular expression

2022-06-30 22:29:00 - [TEST_STEP][PASSED] - verifyTextPresent("UDF5", true): Text 'UDF5' is present on page  using regular expression

2022-06-30 22:29:01 - [MESSAGE][PASSED] - Text 'UDF5' is present on page  using regular expression

2022-06-30 22:29:01 - [TEST_STEP][PASSED] - verifyTextPresent("UDF6", true): Text 'UDF6' is present on page  using regular expression

2022-06-30 22:29:01 - [MESSAGE][PASSED] - Text 'UDF6' is present on page  using regular expression

2022-06-30 22:29:01 - [TEST_STEP][PASSED] - verifyTextPresent("UDF7", true): Text 'UDF7' is present on page  using regular expression

2022-06-30 22:29:01 - [MESSAGE][PASSED] - Text 'UDF7' is present on page  using regular expression

2022-06-30 22:29:01 - [TEST_STEP][PASSED] - verifyTextPresent("UDF8", true): Text 'UDF8' is present on page  using regular expression

2022-06-30 22:29:02 - [MESSAGE][PASSED] - Text 'UDF8' is present on page  using regular expression

2022-06-30 22:29:02 - [TEST_STEP][PASSED] - verifyTextPresent("UDF9", true): Text 'UDF9' is present on page  using regular expression

2022-06-30 22:29:02 - [MESSAGE][PASSED] - Text 'UDF9' is present on page  using regular expression

2022-06-30 22:29:02 - [TEST_STEP][PASSED] - verifyTextPresent("UDF 10", true): Text 'UDF 10' is present on page  using regular expression

2022-06-30 22:29:02 - [MESSAGE][PASSED] - Text 'UDF 10' is present on page  using regular expression

2022-06-30 22:29:02 - [TEST_STEP][PASSED] - verifyTextPresent("Delhi", true): Text 'Delhi' is present on page  using regular expression

2022-06-30 22:29:03 - [MESSAGE][PASSED] - Text 'Delhi' is present on page  using regular expression

2022-06-30 22:29:03 - [TEST_STEP][PASSED] - verifyTextPresent("Chennai", true): Text 'Chennai' is present on page  using regular expression

2022-06-30 22:29:03 - [MESSAGE][PASSED] - Text 'Chennai' is present on page  using regular expression

2022-06-30 22:29:03 - [TEST_STEP][PASSED] - verifyTextPresent("Mumbai", true): Text 'Mumbai' is present on page  using regular expression

2022-06-30 22:29:04 - [MESSAGE][PASSED] - Text 'Mumbai' is present on page  using regular expression

2022-06-30 22:29:04 - [TEST_STEP][PASSED] - verifyTextPresent("Kanpur", true): Text 'Kanpur' is present on page  using regular expression

2022-06-30 22:29:04 - [MESSAGE][PASSED] - Text 'Kanpur' is present on page  using regular expression

2022-06-30 22:29:04 - [TEST_STEP][PASSED] - verifyTextPresent("Orange Recorded", true): Text 'Orange Recorded' is present on page  using regular expression

2022-06-30 22:29:04 - [MESSAGE][PASSED] - Text 'Orange Recorded' is present on page  using regular expression

2022-06-30 22:29:04 - [TEST_STEP][PASSED] - verifyTextPresent("Yellow Recorded", true): Text 'Yellow Recorded' is present on page  using regular expression

2022-06-30 22:29:05 - [MESSAGE][PASSED] - Text 'Yellow Recorded' is present on page  using regular expression

2022-06-30 22:29:05 - [TEST_STEP][PASSED] - verifyTextPresent("Kolkata", true): Text 'Kolkata' is present on page  using regular expression

2022-06-30 22:29:05 - [MESSAGE][PASSED] - Text 'Kolkata' is present on page  using regular expression

2022-06-30 22:29:05 - [TEST_STEP][PASSED] - verifyTextPresent("Pune", true): Text 'Pune' is present on page  using regular expression

2022-06-30 22:29:05 - [MESSAGE][PASSED] - Text 'Pune' is present on page  using regular expression

2022-06-30 22:29:05 - [TEST_STEP][PASSED] - verifyTextPresent("Bhavnagar", true): Text 'Bhavnagar' is present on page  using regular expression

2022-06-30 22:29:06 - [MESSAGE][PASSED] - Text 'Bhavnagar' is present on page  using regular expression

2022-06-30 22:29:06 - [TEST_STEP][PASSED] - verifyTextPresent("Noida", true): Text 'Noida' is present on page  using regular expression

2022-06-30 22:29:06 - [MESSAGE][PASSED] - Text 'Noida' is present on page  using regular expression

2022-06-30 22:29:06 - [TEST_STEP][PASSED] - verifyTextPresent("Amount", true): Text 'Amount' is present on page  using regular expression

2022-06-30 22:29:06 - [MESSAGE][PASSED] - Text 'Amount' is present on page  using regular expression

2022-06-30 22:29:06 - [TEST_STEP][PASSED] - verifyTextPresent("2.50", true): Text '2.50' is present on page  using regular expression

2022-06-30 22:29:07 - [MESSAGE][PASSED] - Text '2.50' is present on page  using regular expression

2022-06-30 22:29:07 - [TEST_STEP][PASSED] - verifyTextPresent("Authorization and Capture", true): Text 'Authorization and Capture' is present on page  using regular expression

2022-06-30 22:29:07 - [MESSAGE][PASSED] - Text 'Authorization and Capture' is present on page  using regular expression

2022-06-30 22:29:07 - [TEST_STEP][PASSED] - verifyTextPresent("Card Information", true): Text 'Card Information' is present on page  using regular expression

2022-06-30 22:29:07 - [MESSAGE][PASSED] - Text 'Card Information' is present on page  using regular expression

2022-06-30 22:29:07 - [TEST_STEP][PASSED] - verifyTextPresent("TANDON RAVENA", true): Text 'TANDON RAVENA' is present on page  using regular expression

2022-06-30 22:29:08 - [MESSAGE][PASSED] - Text 'TANDON RAVENA' is present on page  using regular expression

2022-06-30 22:29:08 - [TEST_STEP][PASSED] - verifyTextPresent("Address Line 1", true): Text 'Address Line 1' is present on page  using regular expression

2022-06-30 22:29:08 - [MESSAGE][PASSED] - Text 'Address Line 1' is present on page  using regular expression

2022-06-30 22:29:08 - [TEST_STEP][PASSED] - verifyTextPresent("Address Line 2", true): Text 'Address Line 2' is present on page  using regular expression

2022-06-30 22:29:08 - [MESSAGE][PASSED] - Text 'Address Line 2' is present on page  using regular expression

2022-06-30 22:29:08 - [TEST_STEP][PASSED] - verifyTextPresent("Country", true): Text 'Country' is present on page  using regular expression

2022-06-30 22:29:09 - [MESSAGE][PASSED] - Text 'Country' is present on page  using regular expression

2022-06-30 22:29:09 - [TEST_STEP][PASSED] - verifyTextPresent("City", true): Text 'City' is present on page  using regular expression

2022-06-30 22:29:09 - [MESSAGE][PASSED] - Text 'City' is present on page  using regular expression

2022-06-30 22:29:09 - [TEST_STEP][PASSED] - verifyTextPresent("State", true): Text 'State' is present on page  using regular expression

2022-06-30 22:29:09 - [MESSAGE][PASSED] - Text 'State' is present on page  using regular expression

2022-06-30 22:29:09 - [TEST_STEP][PASSED] - verifyTextPresent("ZIP Code", true): Text 'ZIP Code' is present on page  using regular expression

2022-06-30 22:29:09 - [MESSAGE][PASSED] - Text 'ZIP Code' is present on page  using regular expression

2022-06-30 22:29:09 - [TEST_STEP][PASSED] - verifyTextPresent("248 PhoolKaante road", true): Text '248 PhoolKaante road' is present on page  using regular expression

2022-06-30 22:29:10 - [MESSAGE][PASSED] - Text '248 PhoolKaante road' is present on page  using regular expression

2022-06-30 22:29:10 - [TEST_STEP][PASSED] - verifyTextPresent("Suite 678", true): Text 'Suite 678' is present on page  using regular expression

2022-06-30 22:29:10 - [MESSAGE][PASSED] - Text 'Suite 678' is present on page  using regular expression

2022-06-30 22:29:10 - [TEST_STEP][PASSED] - verifyTextPresent("United States", true): Text 'United States' is present on page  using regular expression

2022-06-30 22:29:10 - [MESSAGE][PASSED] - Text 'United States' is present on page  using regular expression

2022-06-30 22:29:10 - [TEST_STEP][PASSED] - verifyTextPresent("ARLINGTON", true): Text 'ARLINGTON' is present on page  using regular expression

2022-06-30 22:29:11 - [MESSAGE][PASSED] - Text 'ARLINGTON' is present on page  using regular expression

2022-06-30 22:29:11 - [TEST_STEP][PASSED] - verifyTextPresent("VA", true): Text 'VA' is present on page  using regular expression

2022-06-30 22:29:11 - [MESSAGE][PASSED] - Text 'VA' is present on page  using regular expression

2022-06-30 22:29:11 - [TEST_STEP][PASSED] - verifyTextPresent("22201", true): Text '22201' is present on page  using regular expression

2022-06-30 22:29:11 - [MESSAGE][PASSED] - Text '22201' is present on page  using regular expression

2022-06-30 22:29:11 - [TEST_STEP][PASSED] - cardTypeV = findTestData(dataFile).getValue("CardType", row): null

2022-06-30 22:29:11 - [TEST_STEP][PASSED] - last4V = findTestData(dataFile).getValue("Last4", row): null

2022-06-30 22:29:11 - [TEST_STEP][PASSED] - verifyTextPresent(cardTypeV, true): Text 'American Express' is present on page  using regular expression

2022-06-30 22:29:12 - [MESSAGE][PASSED] - Text 'American Express' is present on page  using regular expression

2022-06-30 22:29:12 - [TEST_STEP][PASSED] - verifyTextPresent(last4V, true): Text '2376' is present on page  using regular expression

2022-06-30 22:29:12 - [MESSAGE][PASSED] - Text '2376' is present on page  using regular expression

2022-06-30 22:29:12 - [TEST_STEP][PASSED] - switch (appName): null

2022-06-30 22:29:12 - [TEST_STEP][PASSED] - closeBrowser(): Browser is closed

2022-06-30 22:29:13 - [MESSAGE][PASSED] - Browser is closed

2022-06-30 22:29:13 - [TEST_STEP][PASSED] - ExecuteTC = findTestData(dataFile).getValue("Execute", row): null

2022-06-30 22:29:13 - [TEST_STEP][PASSED] - out.println("Value of Execute is : " + ExecuteTC): null

2022-06-30 22:29:13 - [TEST_STEP][PASSED] - switch (executionProfile): null

2022-06-30 22:29:13 - [TEST_STEP][PASSED] - case "QAProfile":: null

2022-06-30 22:29:13 - [TEST_STEP][PASSED] - appName = findTestData(dataFile).getValue("AppNameQA", row): null

2022-06-30 22:29:13 - [TEST_STEP][PASSED] - appID = findTestData(dataFile).getValue("AppIDQA", row): null

2022-06-30 22:29:13 - [TEST_STEP][PASSED] - break: null

2022-06-30 22:29:13 - [TEST_STEP][PASSED] - if (ExecuteTC.equalsIgnoreCase("Y")): null

2022-06-30 22:29:13 - [TEST_STEP][PASSED] - out.println("Begin Record Number: " + row): null

2022-06-30 22:29:13 - [TEST_STEP][PASSED] - today = new java.util.Date(): null

2022-06-30 22:29:13 - [TEST_STEP][PASSED] - println(today): null

2022-06-30 22:29:13 - [TEST_STEP][PASSED] - datText = today: null

2022-06-30 22:29:13 - [TEST_STEP][PASSED] - adminSuiteBootstrap.loginFunctionality.login_AdminSuite(): adminSuiteBootstrap.loginFunctionality.login_AdminSuite is PASSED

2022-06-30 22:29:13 - [MESSAGE][INFO] - Starting 'Chrome' driver

2022-06-30 22:29:13 - [MESSAGE][INFO] - User set preference: ['acceptInsecureCerts', 'true']

2022-06-30 22:29:13 - [MESSAGE][INFO] - Action delay is set to 0 milliseconds

2022-06-30 22:29:17 - [MESSAGE][PASSED] - Browser is opened with url: 'https://qa.velocitypayment.com/admin/imtiaz'

2022-06-30 22:29:17 - [MESSAGE][PASSED] - Current window maximized

2022-06-30 22:29:17 - [MESSAGE][PASSED] - Object 'Object Repository/Login_Page/Login_Username' is present

2022-06-30 22:29:18 - [MESSAGE][PASSED] - Text 'iahmed' is set on object 'Object Repository/Login_Page/Login_Username'

2022-06-30 22:29:19 - [MESSAGE][PASSED] - Text 'hello2222' is set on object 'Object Repository/Login_Page/Login_Password'

2022-06-30 22:29:25 - [MESSAGE][PASSED] - Object: 'Object Repository/Login_Page/Login_Submit' is clicked on

2022-06-30 22:29:25 - [MESSAGE][PASSED] - adminSuiteBootstrap.loginFunctionality.login_AdminSuite is PASSED

2022-06-30 22:29:25 - [TEST_STEP][PASSED] - click(findTestObject(path_Dashboard + appName)): Object: 'Object Repository/AdminSuiteBootstrap_Pages/Dashboard_Bootstrap/a_Access AutoNoCFtp' is clicked on

2022-06-30 22:29:26 - [MESSAGE][PASSED] - Object: 'Object Repository/AdminSuiteBootstrap_Pages/Dashboard_Bootstrap/a_Access AutoNoCFtp' is clicked on

2022-06-30 22:29:26 - [TEST_STEP][PASSED] - click(findTestObject(path_VT + "a_Find Profile")): Object: 'Object Repository/AdminSuiteBootstrap_Pages/VT_Bootstrap/IssueTransactions/a_Find Profile' is clicked on

2022-06-30 22:29:26 - [MESSAGE][PASSED] - Object: 'Object Repository/AdminSuiteBootstrap_Pages/VT_Bootstrap/IssueTransactions/a_Find Profile' is clicked on

2022-06-30 22:29:26 - [TEST_STEP][PASSED] - criteria = <not implemented yet for class: org.codehaus.groovy.ast.expr.EmptyExpression>: null

2022-06-30 22:29:26 - [TEST_STEP][PASSED] - searchBy = <not implemented yet for class: org.codehaus.groovy.ast.expr.EmptyExpression>: null

2022-06-30 22:29:26 - [TEST_STEP][PASSED] - criteria = findTestData(dataFile).getValue("ProfileName", row): null

2022-06-30 22:29:26 - [TEST_STEP][PASSED] - path_SearchProfile = "Object Repository/AdminSuiteBootstrap_Pages/VSP_Bootstrap/SearchProfile/": null

2022-06-30 22:29:26 - [TEST_STEP][PASSED] - setText(findTestObject(path_SearchProfile + "input_Criteria"), criteria): Text 'PaymentsDI' is set on object 'Object Repository/AdminSuiteBootstrap_Pages/VSP_Bootstrap/SearchProfile/input_Criteria'

2022-06-30 22:29:27 - [MESSAGE][PASSED] - Text 'PaymentsDI' is set on object 'Object Repository/AdminSuiteBootstrap_Pages/VSP_Bootstrap/SearchProfile/input_Criteria'

2022-06-30 22:29:27 - [TEST_STEP][PASSED] - click(findTestObject(path_SearchProfile + "button_Search")): Object: 'Object Repository/AdminSuiteBootstrap_Pages/VSP_Bootstrap/SearchProfile/button_Search' is clicked on

2022-06-30 22:29:28 - [MESSAGE][PASSED] - Object: 'Object Repository/AdminSuiteBootstrap_Pages/VSP_Bootstrap/SearchProfile/button_Search' is clicked on

2022-06-30 22:29:28 - [TEST_STEP][PASSED] - profNameLink = findTestData(dataFile).getValue("ProfileNameLink", row): null

2022-06-30 22:29:28 - [TEST_STEP][PASSED] - click(findTestObject(path_ViewProfile + profNameLink)): Object: 'Object Repository/AdminSuiteBootstrap_Pages/VSP_Bootstrap/View Profile/a_PaymentsDI' is clicked on

2022-06-30 22:29:31 - [MESSAGE][PASSED] - Object: 'Object Repository/AdminSuiteBootstrap_Pages/VSP_Bootstrap/View Profile/a_PaymentsDI' is clicked on

2022-06-30 22:29:31 - [TEST_STEP][PASSED] - click(findTestObject(path_ViewProfile + "a_AuthCap")): Object: 'Object Repository/AdminSuiteBootstrap_Pages/VSP_Bootstrap/View Profile/a_AuthCap' is clicked on

2022-06-30 22:29:33 - [MESSAGE][PASSED] - Object: 'Object Repository/AdminSuiteBootstrap_Pages/VSP_Bootstrap/View Profile/a_AuthCap' is clicked on

2022-06-30 22:29:33 - [TEST_STEP][PASSED] - verifyTextPresent("Credit Card Authorization Capture", true): Text 'Credit Card Authorization Capture' is present on page  using regular expression

2022-06-30 22:29:34 - [MESSAGE][PASSED] - Text 'Credit Card Authorization Capture' is present on page  using regular expression

2022-06-30 22:29:34 - [TEST_STEP][PASSED] - verifyTextPresent("Sale", true): Text 'Sale' is present on page  using regular expression

2022-06-30 22:29:34 - [MESSAGE][PASSED] - Text 'Sale' is present on page  using regular expression

2022-06-30 22:29:34 - [TEST_STEP][PASSED] - verifyTextPresent("Required fields are highlighted with an asterisk", true): Text 'Required fields are highlighted with an asterisk' is present on page  using regular expression

2022-06-30 22:29:34 - [MESSAGE][PASSED] - Text 'Required fields are highlighted with an asterisk' is present on page  using regular expression

2022-06-30 22:29:34 - [TEST_STEP][PASSED] - verifyTextPresent("Remittance ID", true): Text 'Remittance ID' is present on page  using regular expression

2022-06-30 22:29:34 - [MESSAGE][PASSED] - Text 'Remittance ID' is present on page  using regular expression

2022-06-30 22:29:34 - [TEST_STEP][PASSED] - vspBootstrap.SalePage.setDataSaleAndAuth(row, dataFile): vspBootstrap.SalePage.setDataSaleAndAuth is PASSED

2022-06-30 22:29:36 - [MESSAGE][PASSED] - All options with value 'RETL' are selected in object 'Object Repository/AdminSuiteBootstrap_Pages/VSP_Bootstrap/VSP_Authcap/select_TransactionCategory'  using regular expression

2022-06-30 22:29:37 - [MESSAGE][PASSED] - Text '123' is set on object 'Object Repository/AdminSuiteBootstrap_Pages/VSP_Bootstrap/VSP_Authcap/input_cvv'

2022-06-30 22:29:37 - [MESSAGE][PASSED] - Text '' is set on object 'Object Repository/AdminSuiteBootstrap_Pages/VSP_Bootstrap/VSP_Authcap/input_smsNumber'

2022-06-30 22:29:38 - [MESSAGE][PASSED] - Text '2.50' is set on object 'Object Repository/AdminSuiteBootstrap_Pages/VSP_Bootstrap/VSP_Authcap/input_amount'

2022-06-30 22:29:39 - [MESSAGE][PASSED] - Text 'Delhi' is set on object 'Object Repository/AdminSuiteBootstrap_Pages/VSP_Bootstrap/VSP_Authcap/input_userDefined1'

2022-06-30 22:29:39 - [MESSAGE][PASSED] - Text 'Chennai' is set on object 'Object Repository/AdminSuiteBootstrap_Pages/VSP_Bootstrap/VSP_Authcap/input_userDefined2'

2022-06-30 22:29:40 - [MESSAGE][PASSED] - Text 'Mumbai' is set on object 'Object Repository/AdminSuiteBootstrap_Pages/VSP_Bootstrap/VSP_Authcap/input_userDefined3'

2022-06-30 22:29:41 - [MESSAGE][PASSED] - Text 'Kanpur' is set on object 'Object Repository/AdminSuiteBootstrap_Pages/VSP_Bootstrap/VSP_Authcap/input_userDefined4'

2022-06-30 22:29:41 - [MESSAGE][PASSED] - All options with label 'Orange' are selected in object 'Object Repository/AdminSuiteBootstrap_Pages/VSP_Bootstrap/VSP_Authcap/select_UDF5'  using regular expression

2022-06-30 22:29:42 - [MESSAGE][PASSED] - All options with label 'Yellow' are selected in object 'Object Repository/AdminSuiteBootstrap_Pages/VSP_Bootstrap/VSP_Authcap/select_UDF6'  using regular expression

2022-06-30 22:29:43 - [MESSAGE][PASSED] - Text 'Kolkata' is set on object 'Object Repository/AdminSuiteBootstrap_Pages/VSP_Bootstrap/VSP_Authcap/input_userDefined7'

2022-06-30 22:29:44 - [MESSAGE][PASSED] - Text 'Pune' is set on object 'Object Repository/AdminSuiteBootstrap_Pages/VSP_Bootstrap/VSP_Authcap/input_userDefined8'

2022-06-30 22:29:44 - [MESSAGE][PASSED] - Text 'Bhavnagar' is set on object 'Object Repository/AdminSuiteBootstrap_Pages/VSP_Bootstrap/VSP_Authcap/input_userDefined9'

2022-06-30 22:29:45 - [MESSAGE][PASSED] - Text 'Noida' is set on object 'Object Repository/AdminSuiteBootstrap_Pages/VSP_Bootstrap/VSP_Authcap/input_userDefined10'

2022-06-30 22:29:47 - [MESSAGE][PASSED] - Object: 'Object Repository/AdminSuiteBootstrap_Pages/VSP_Bootstrap/VSP_Authcap/button_Submit' is clicked on

2022-06-30 22:29:47 - [MESSAGE][PASSED] - vspBootstrap.SalePage.setDataSaleAndAuth is PASSED

2022-06-30 22:29:47 - [TEST_STEP][PASSED] - verifyTextPresent("Transaction Successful", true): Text 'Transaction Successful' is present on page  using regular expression

2022-06-30 22:29:48 - [MESSAGE][PASSED] - Text 'Transaction Successful' is present on page  using regular expression

2022-06-30 22:29:48 - [TEST_STEP][PASSED] - verifyElementVisible(findTestObject("Object Repository/AdminSuiteBootstrap_Pages/VT_Bootstrap/Receipt/button_Continue")): Object 'Object Repository/AdminSuiteBootstrap_Pages/VT_Bootstrap/Receipt/button_Continue' is visible

2022-06-30 22:29:48 - [MESSAGE][PASSED] - Object 'Object Repository/AdminSuiteBootstrap_Pages/VT_Bootstrap/Receipt/button_Continue' is visible

2022-06-30 22:29:48 - [TEST_STEP][PASSED] - verifyElementPresent(findTestObject("Object Repository/AdminSuiteBootstrap_Pages/VT_Bootstrap/Receipt/button_Continue"), 20): Object 'Object Repository/AdminSuiteBootstrap_Pages/VT_Bootstrap/Receipt/button_Continue' is present

2022-06-30 22:29:48 - [MESSAGE][PASSED] - Object 'Object Repository/AdminSuiteBootstrap_Pages/VT_Bootstrap/Receipt/button_Continue' is present

2022-06-30 22:29:48 - [TEST_STEP][PASSED] - verifyElementVisible(findTestObject("Object Repository/AdminSuiteBootstrap_Pages/VT_Bootstrap/Receipt/button_Print")): Object 'Object Repository/AdminSuiteBootstrap_Pages/VT_Bootstrap/Receipt/button_Print' is visible

2022-06-30 22:29:49 - [MESSAGE][PASSED] - Object 'Object Repository/AdminSuiteBootstrap_Pages/VT_Bootstrap/Receipt/button_Print' is visible

2022-06-30 22:29:49 - [TEST_STEP][PASSED] - verifyElementPresent(findTestObject("Object Repository/AdminSuiteBootstrap_Pages/VT_Bootstrap/Receipt/button_Print"), 20): Object 'Object Repository/AdminSuiteBootstrap_Pages/VT_Bootstrap/Receipt/button_Print' is present

2022-06-30 22:29:49 - [MESSAGE][PASSED] - Object 'Object Repository/AdminSuiteBootstrap_Pages/VT_Bootstrap/Receipt/button_Print' is present

2022-06-30 22:29:49 - [TEST_STEP][PASSED] - verifyTextPresent("Remittance ID", true): Text 'Remittance ID' is present on page  using regular expression

2022-06-30 22:29:49 - [MESSAGE][PASSED] - Text 'Remittance ID' is present on page  using regular expression

2022-06-30 22:29:49 - [TEST_STEP][PASSED] - verifyTextPresent("Received", true): Text 'Received' is present on page  using regular expression

2022-06-30 22:29:50 - [MESSAGE][PASSED] - Text 'Received' is present on page  using regular expression

2022-06-30 22:29:50 - [TEST_STEP][PASSED] - verifyTextPresent("UDF1", true): Text 'UDF1' is present on page  using regular expression

2022-06-30 22:29:50 - [MESSAGE][PASSED] - Text 'UDF1' is present on page  using regular expression

2022-06-30 22:29:50 - [TEST_STEP][PASSED] - verifyTextPresent("UDF2", true): Text 'UDF2' is present on page  using regular expression

2022-06-30 22:29:50 - [MESSAGE][PASSED] - Text 'UDF2' is present on page  using regular expression

2022-06-30 22:29:50 - [TEST_STEP][PASSED] - verifyTextPresent("UDF3", true): Text 'UDF3' is present on page  using regular expression

2022-06-30 22:29:51 - [MESSAGE][PASSED] - Text 'UDF3' is present on page  using regular expression

2022-06-30 22:29:51 - [TEST_STEP][PASSED] - verifyTextPresent("UDF4", true): Text 'UDF4' is present on page  using regular expression

2022-06-30 22:29:51 - [MESSAGE][PASSED] - Text 'UDF4' is present on page  using regular expression

2022-06-30 22:29:51 - [TEST_STEP][PASSED] - verifyTextPresent("UDF5", true): Text 'UDF5' is present on page  using regular expression

2022-06-30 22:29:51 - [MESSAGE][PASSED] - Text 'UDF5' is present on page  using regular expression

2022-06-30 22:29:51 - [TEST_STEP][PASSED] - verifyTextPresent("UDF6", true): Text 'UDF6' is present on page  using regular expression

2022-06-30 22:29:51 - [MESSAGE][PASSED] - Text 'UDF6' is present on page  using regular expression

2022-06-30 22:29:51 - [TEST_STEP][PASSED] - verifyTextPresent("UDF7", true): Text 'UDF7' is present on page  using regular expression

2022-06-30 22:29:52 - [MESSAGE][PASSED] - Text 'UDF7' is present on page  using regular expression

2022-06-30 22:29:52 - [TEST_STEP][PASSED] - verifyTextPresent("UDF8", true): Text 'UDF8' is present on page  using regular expression

2022-06-30 22:29:52 - [MESSAGE][PASSED] - Text 'UDF8' is present on page  using regular expression

2022-06-30 22:29:52 - [TEST_STEP][PASSED] - verifyTextPresent("UDF9", true): Text 'UDF9' is present on page  using regular expression

2022-06-30 22:29:52 - [MESSAGE][PASSED] - Text 'UDF9' is present on page  using regular expression

2022-06-30 22:29:52 - [TEST_STEP][PASSED] - verifyTextPresent("UDF 10", true): Text 'UDF 10' is present on page  using regular expression

2022-06-30 22:29:53 - [MESSAGE][PASSED] - Text 'UDF 10' is present on page  using regular expression

2022-06-30 22:29:53 - [TEST_STEP][PASSED] - verifyTextPresent("Delhi", true): Text 'Delhi' is present on page  using regular expression

2022-06-30 22:29:53 - [MESSAGE][PASSED] - Text 'Delhi' is present on page  using regular expression

2022-06-30 22:29:53 - [TEST_STEP][PASSED] - verifyTextPresent("Chennai", true): Text 'Chennai' is present on page  using regular expression

2022-06-30 22:29:53 - [MESSAGE][PASSED] - Text 'Chennai' is present on page  using regular expression

2022-06-30 22:29:53 - [TEST_STEP][PASSED] - verifyTextPresent("Mumbai", true): Text 'Mumbai' is present on page  using regular expression

2022-06-30 22:29:54 - [MESSAGE][PASSED] - Text 'Mumbai' is present on page  using regular expression

2022-06-30 22:29:54 - [TEST_STEP][PASSED] - verifyTextPresent("Kanpur", true): Text 'Kanpur' is present on page  using regular expression

2022-06-30 22:29:54 - [MESSAGE][PASSED] - Text 'Kanpur' is present on page  using regular expression

2022-06-30 22:29:54 - [TEST_STEP][PASSED] - verifyTextPresent("Orange Recorded", true): Text 'Orange Recorded' is present on page  using regular expression

2022-06-30 22:29:54 - [MESSAGE][PASSED] - Text 'Orange Recorded' is present on page  using regular expression

2022-06-30 22:29:54 - [TEST_STEP][PASSED] - verifyTextPresent("Yellow Recorded", true): Text 'Yellow Recorded' is present on page  using regular expression

2022-06-30 22:29:55 - [MESSAGE][PASSED] - Text 'Yellow Recorded' is present on page  using regular expression

2022-06-30 22:29:55 - [TEST_STEP][PASSED] - verifyTextPresent("Kolkata", true): Text 'Kolkata' is present on page  using regular expression

2022-06-30 22:29:55 - [MESSAGE][PASSED] - Text 'Kolkata' is present on page  using regular expression

2022-06-30 22:29:55 - [TEST_STEP][PASSED] - verifyTextPresent("Pune", true): Text 'Pune' is present on page  using regular expression

2022-06-30 22:29:55 - [MESSAGE][PASSED] - Text 'Pune' is present on page  using regular expression

2022-06-30 22:29:55 - [TEST_STEP][PASSED] - verifyTextPresent("Bhavnagar", true): Text 'Bhavnagar' is present on page  using regular expression

2022-06-30 22:29:56 - [MESSAGE][PASSED] - Text 'Bhavnagar' is present on page  using regular expression

2022-06-30 22:29:56 - [TEST_STEP][PASSED] - verifyTextPresent("Noida", true): Text 'Noida' is present on page  using regular expression

2022-06-30 22:29:56 - [MESSAGE][PASSED] - Text 'Noida' is present on page  using regular expression

2022-06-30 22:29:56 - [TEST_STEP][PASSED] - verifyTextPresent("Amount", true): Text 'Amount' is present on page  using regular expression

2022-06-30 22:29:56 - [MESSAGE][PASSED] - Text 'Amount' is present on page  using regular expression

2022-06-30 22:29:56 - [TEST_STEP][PASSED] - verifyTextPresent("2.50", true): Text '2.50' is present on page  using regular expression

2022-06-30 22:29:57 - [MESSAGE][PASSED] - Text '2.50' is present on page  using regular expression

2022-06-30 22:29:57 - [TEST_STEP][PASSED] - verifyTextPresent("Authorization and Capture", true): Text 'Authorization and Capture' is present on page  using regular expression

2022-06-30 22:29:57 - [MESSAGE][PASSED] - Text 'Authorization and Capture' is present on page  using regular expression

2022-06-30 22:29:57 - [TEST_STEP][PASSED] - verifyTextPresent("Card Information", true): Text 'Card Information' is present on page  using regular expression

2022-06-30 22:29:57 - [MESSAGE][PASSED] - Text 'Card Information' is present on page  using regular expression

2022-06-30 22:29:57 - [TEST_STEP][PASSED] - verifyTextPresent("TANDON RAVENA", true): Text 'TANDON RAVENA' is present on page  using regular expression

2022-06-30 22:29:58 - [MESSAGE][PASSED] - Text 'TANDON RAVENA' is present on page  using regular expression

2022-06-30 22:29:58 - [TEST_STEP][PASSED] - verifyTextPresent("Address Line 1", true): Text 'Address Line 1' is present on page  using regular expression

2022-06-30 22:29:58 - [MESSAGE][PASSED] - Text 'Address Line 1' is present on page  using regular expression

2022-06-30 22:29:58 - [TEST_STEP][PASSED] - verifyTextPresent("Address Line 2", true): Text 'Address Line 2' is present on page  using regular expression

2022-06-30 22:29:58 - [MESSAGE][PASSED] - Text 'Address Line 2' is present on page  using regular expression

2022-06-30 22:29:58 - [TEST_STEP][PASSED] - verifyTextPresent("Country", true): Text 'Country' is present on page  using regular expression

2022-06-30 22:29:59 - [MESSAGE][PASSED] - Text 'Country' is present on page  using regular expression

2022-06-30 22:29:59 - [TEST_STEP][PASSED] - verifyTextPresent("City", true): Text 'City' is present on page  using regular expression

2022-06-30 22:29:59 - [MESSAGE][PASSED] - Text 'City' is present on page  using regular expression

2022-06-30 22:29:59 - [TEST_STEP][PASSED] - verifyTextPresent("State", true): Text 'State' is present on page  using regular expression

2022-06-30 22:29:59 - [MESSAGE][PASSED] - Text 'State' is present on page  using regular expression

2022-06-30 22:29:59 - [TEST_STEP][PASSED] - verifyTextPresent("ZIP Code", true): Text 'ZIP Code' is present on page  using regular expression

2022-06-30 22:30:00 - [MESSAGE][PASSED] - Text 'ZIP Code' is present on page  using regular expression

2022-06-30 22:30:00 - [TEST_STEP][PASSED] - verifyTextPresent("248 PhoolKaante road", true): Text '248 PhoolKaante road' is present on page  using regular expression

2022-06-30 22:30:00 - [MESSAGE][PASSED] - Text '248 PhoolKaante road' is present on page  using regular expression

2022-06-30 22:30:00 - [TEST_STEP][PASSED] - verifyTextPresent("Suite 678", true): Text 'Suite 678' is present on page  using regular expression

2022-06-30 22:30:00 - [MESSAGE][PASSED] - Text 'Suite 678' is present on page  using regular expression

2022-06-30 22:30:00 - [TEST_STEP][PASSED] - verifyTextPresent("United States", true): Text 'United States' is present on page  using regular expression

2022-06-30 22:30:01 - [MESSAGE][PASSED] - Text 'United States' is present on page  using regular expression

2022-06-30 22:30:01 - [TEST_STEP][PASSED] - verifyTextPresent("ARLINGTON", true): Text 'ARLINGTON' is present on page  using regular expression

2022-06-30 22:30:01 - [MESSAGE][PASSED] - Text 'ARLINGTON' is present on page  using regular expression

2022-06-30 22:30:01 - [TEST_STEP][PASSED] - verifyTextPresent("VA", true): Text 'VA' is present on page  using regular expression

2022-06-30 22:30:01 - [MESSAGE][PASSED] - Text 'VA' is present on page  using regular expression

2022-06-30 22:30:01 - [TEST_STEP][PASSED] - verifyTextPresent("22201", true): Text '22201' is present on page  using regular expression

2022-06-30 22:30:01 - [MESSAGE][PASSED] - Text '22201' is present on page  using regular expression

2022-06-30 22:30:01 - [TEST_STEP][PASSED] - cardTypeV = findTestData(dataFile).getValue("CardType", row): null

2022-06-30 22:30:01 - [TEST_STEP][PASSED] - last4V = findTestData(dataFile).getValue("Last4", row): null

2022-06-30 22:30:02 - [TEST_STEP][PASSED] - verifyTextPresent(cardTypeV, true): Text 'Discover' is present on page  using regular expression

2022-06-30 22:30:02 - [MESSAGE][PASSED] - Text 'Discover' is present on page  using regular expression

2022-06-30 22:30:02 - [TEST_STEP][PASSED] - verifyTextPresent(last4V, true): Text '6909' is present on page  using regular expression

2022-06-30 22:30:02 - [MESSAGE][PASSED] - Text '6909' is present on page  using regular expression

2022-06-30 22:30:02 - [TEST_STEP][PASSED] - switch (appName): null

2022-06-30 22:30:02 - [TEST_STEP][PASSED] - closeBrowser(): Browser is closed

2022-06-30 22:30:03 - [MESSAGE][PASSED] - Browser is closed

2022-06-30 22:30:03 - [TEST_STEP][PASSED] - ExecuteTC = findTestData(dataFile).getValue("Execute", row): null

2022-06-30 22:30:03 - [TEST_STEP][PASSED] - out.println("Value of Execute is : " + ExecuteTC): null

2022-06-30 22:30:03 - [TEST_STEP][PASSED] - switch (executionProfile): null

2022-06-30 22:30:03 - [TEST_STEP][PASSED] - case "QAProfile":: null

2022-06-30 22:30:03 - [TEST_STEP][PASSED] - appName = findTestData(dataFile).getValue("AppNameQA", row): null

2022-06-30 22:30:03 - [TEST_STEP][PASSED] - appID = findTestData(dataFile).getValue("AppIDQA", row): null

2022-06-30 22:30:03 - [TEST_STEP][PASSED] - break: null

2022-06-30 22:30:03 - [TEST_STEP][PASSED] - if (ExecuteTC.equalsIgnoreCase("Y")): null

2022-06-30 22:30:03 - [TEST_STEP][PASSED] - out.println("Begin Record Number: " + row): null

2022-06-30 22:30:03 - [TEST_STEP][PASSED] - today = new java.util.Date(): null

2022-06-30 22:30:03 - [TEST_STEP][PASSED] - println(today): null

2022-06-30 22:30:03 - [TEST_STEP][PASSED] - datText = today: null

2022-06-30 22:30:03 - [TEST_STEP][PASSED] - adminSuiteBootstrap.loginFunctionality.login_AdminSuite(): adminSuiteBootstrap.loginFunctionality.login_AdminSuite is PASSED

2022-06-30 22:30:03 - [MESSAGE][INFO] - Starting 'Chrome' driver

2022-06-30 22:30:03 - [MESSAGE][INFO] - User set preference: ['acceptInsecureCerts', 'true']

2022-06-30 22:30:03 - [MESSAGE][INFO] - Action delay is set to 0 milliseconds

2022-06-30 22:30:06 - [MESSAGE][PASSED] - Browser is opened with url: 'https://qa.velocitypayment.com/admin/imtiaz'

2022-06-30 22:30:07 - [MESSAGE][PASSED] - Current window maximized

2022-06-30 22:30:07 - [MESSAGE][PASSED] - Object 'Object Repository/Login_Page/Login_Username' is present

2022-06-30 22:30:08 - [MESSAGE][PASSED] - Text 'iahmed' is set on object 'Object Repository/Login_Page/Login_Username'

2022-06-30 22:30:08 - [MESSAGE][PASSED] - Text 'hello2222' is set on object 'Object Repository/Login_Page/Login_Password'

2022-06-30 22:30:16 - [MESSAGE][PASSED] - Object: 'Object Repository/Login_Page/Login_Submit' is clicked on

2022-06-30 22:30:16 - [MESSAGE][PASSED] - adminSuiteBootstrap.loginFunctionality.login_AdminSuite is PASSED

2022-06-30 22:30:16 - [TEST_STEP][PASSED] - click(findTestObject(path_Dashboard + appName)): Object: 'Object Repository/AdminSuiteBootstrap_Pages/Dashboard_Bootstrap/a_Access AutoSingleCFtpQA' is clicked on

2022-06-30 22:30:17 - [MESSAGE][PASSED] - Object: 'Object Repository/AdminSuiteBootstrap_Pages/Dashboard_Bootstrap/a_Access AutoSingleCFtpQA' is clicked on

2022-06-30 22:30:17 - [TEST_STEP][PASSED] - click(findTestObject(path_VT + "a_Find Profile")): Object: 'Object Repository/AdminSuiteBootstrap_Pages/VT_Bootstrap/IssueTransactions/a_Find Profile' is clicked on

2022-06-30 22:30:18 - [MESSAGE][PASSED] - Object: 'Object Repository/AdminSuiteBootstrap_Pages/VT_Bootstrap/IssueTransactions/a_Find Profile' is clicked on

2022-06-30 22:30:18 - [TEST_STEP][PASSED] - criteria = <not implemented yet for class: org.codehaus.groovy.ast.expr.EmptyExpression>: null

2022-06-30 22:30:18 - [TEST_STEP][PASSED] - searchBy = <not implemented yet for class: org.codehaus.groovy.ast.expr.EmptyExpression>: null

2022-06-30 22:30:18 - [TEST_STEP][PASSED] - criteria = findTestData(dataFile).getValue("ProfileName", row): null

2022-06-30 22:30:18 - [TEST_STEP][PASSED] - path_SearchProfile = "Object Repository/AdminSuiteBootstrap_Pages/VSP_Bootstrap/SearchProfile/": null

2022-06-30 22:30:18 - [TEST_STEP][PASSED] - setText(findTestObject(path_SearchProfile + "input_Criteria"), criteria): Text 'PaymentsVisa' is set on object 'Object Repository/AdminSuiteBootstrap_Pages/VSP_Bootstrap/SearchProfile/input_Criteria'

2022-06-30 22:30:18 - [MESSAGE][PASSED] - Text 'PaymentsVisa' is set on object 'Object Repository/AdminSuiteBootstrap_Pages/VSP_Bootstrap/SearchProfile/input_Criteria'

2022-06-30 22:30:18 - [TEST_STEP][PASSED] - click(findTestObject(path_SearchProfile + "button_Search")): Object: 'Object Repository/AdminSuiteBootstrap_Pages/VSP_Bootstrap/SearchProfile/button_Search' is clicked on

2022-06-30 22:30:21 - [MESSAGE][PASSED] - Object: 'Object Repository/AdminSuiteBootstrap_Pages/VSP_Bootstrap/SearchProfile/button_Search' is clicked on

2022-06-30 22:30:21 - [TEST_STEP][PASSED] - profNameLink = findTestData(dataFile).getValue("ProfileNameLink", row): null

2022-06-30 22:30:21 - [TEST_STEP][PASSED] - click(findTestObject(path_ViewProfile + profNameLink)): Object: 'Object Repository/AdminSuiteBootstrap_Pages/VSP_Bootstrap/View Profile/a_PaymentsVisa' is clicked on

2022-06-30 22:30:24 - [MESSAGE][PASSED] - Object: 'Object Repository/AdminSuiteBootstrap_Pages/VSP_Bootstrap/View Profile/a_PaymentsVisa' is clicked on

2022-06-30 22:30:24 - [TEST_STEP][PASSED] - click(findTestObject(path_ViewProfile + "a_AuthCap")): Object: 'Object Repository/AdminSuiteBootstrap_Pages/VSP_Bootstrap/View Profile/a_AuthCap' is clicked on

2022-06-30 22:30:26 - [MESSAGE][PASSED] - Object: 'Object Repository/AdminSuiteBootstrap_Pages/VSP_Bootstrap/View Profile/a_AuthCap' is clicked on

2022-06-30 22:30:26 - [TEST_STEP][PASSED] - verifyTextPresent("Credit Card Authorization Capture", true): Text 'Credit Card Authorization Capture' is present on page  using regular expression

2022-06-30 22:30:27 - [MESSAGE][PASSED] - Text 'Credit Card Authorization Capture' is present on page  using regular expression

2022-06-30 22:30:27 - [TEST_STEP][PASSED] - verifyTextPresent("Sale", true): Text 'Sale' is present on page  using regular expression

2022-06-30 22:30:27 - [MESSAGE][PASSED] - Text 'Sale' is present on page  using regular expression

2022-06-30 22:30:27 - [TEST_STEP][PASSED] - verifyTextPresent("Required fields are highlighted with an asterisk", true): Text 'Required fields are highlighted with an asterisk' is present on page  using regular expression

2022-06-30 22:30:27 - [MESSAGE][PASSED] - Text 'Required fields are highlighted with an asterisk' is present on page  using regular expression

2022-06-30 22:30:27 - [TEST_STEP][PASSED] - verifyTextPresent("Remittance ID", true): Text 'Remittance ID' is present on page  using regular expression

2022-06-30 22:30:28 - [MESSAGE][PASSED] - Text 'Remittance ID' is present on page  using regular expression

2022-06-30 22:30:28 - [TEST_STEP][PASSED] - vspBootstrap.SalePage.setDataSaleAndAuth(row, dataFile): vspBootstrap.SalePage.setDataSaleAndAuth is PASSED

2022-06-30 22:30:29 - [MESSAGE][PASSED] - All options with value 'MOTO' are selected in object 'Object Repository/AdminSuiteBootstrap_Pages/VSP_Bootstrap/VSP_Authcap/select_TransactionCategory'  using regular expression

2022-06-30 22:30:30 - [MESSAGE][PASSED] - Text '123' is set on object 'Object Repository/AdminSuiteBootstrap_Pages/VSP_Bootstrap/VSP_Authcap/input_cvv'

2022-06-30 22:30:30 - [MESSAGE][PASSED] - Text '' is set on object 'Object Repository/AdminSuiteBootstrap_Pages/VSP_Bootstrap/VSP_Authcap/input_smsNumber'

2022-06-30 22:30:31 - [MESSAGE][PASSED] - Text '2.50' is set on object 'Object Repository/AdminSuiteBootstrap_Pages/VSP_Bootstrap/VSP_Authcap/input_amount'

2022-06-30 22:30:32 - [MESSAGE][PASSED] - Text 'Delhi' is set on object 'Object Repository/AdminSuiteBootstrap_Pages/VSP_Bootstrap/VSP_Authcap/input_userDefined1'

2022-06-30 22:30:33 - [MESSAGE][PASSED] - Text 'Chennai' is set on object 'Object Repository/AdminSuiteBootstrap_Pages/VSP_Bootstrap/VSP_Authcap/input_userDefined2'

2022-06-30 22:30:34 - [MESSAGE][PASSED] - Text 'Mumbai' is set on object 'Object Repository/AdminSuiteBootstrap_Pages/VSP_Bootstrap/VSP_Authcap/input_userDefined3'

2022-06-30 22:30:34 - [MESSAGE][PASSED] - Text 'Kanpur' is set on object 'Object Repository/AdminSuiteBootstrap_Pages/VSP_Bootstrap/VSP_Authcap/input_userDefined4'

2022-06-30 22:30:35 - [MESSAGE][PASSED] - All options with label 'Orange' are selected in object 'Object Repository/AdminSuiteBootstrap_Pages/VSP_Bootstrap/VSP_Authcap/select_UDF5'  using regular expression

2022-06-30 22:30:36 - [MESSAGE][PASSED] - All options with label 'Yellow' are selected in object 'Object Repository/AdminSuiteBootstrap_Pages/VSP_Bootstrap/VSP_Authcap/select_UDF6'  using regular expression

2022-06-30 22:30:37 - [MESSAGE][PASSED] - Text 'Kolkata' is set on object 'Object Repository/AdminSuiteBootstrap_Pages/VSP_Bootstrap/VSP_Authcap/input_userDefined7'

2022-06-30 22:30:38 - [MESSAGE][PASSED] - Text 'Pune' is set on object 'Object Repository/AdminSuiteBootstrap_Pages/VSP_Bootstrap/VSP_Authcap/input_userDefined8'

2022-06-30 22:30:38 - [MESSAGE][PASSED] - Text 'Bhavnagar' is set on object 'Object Repository/AdminSuiteBootstrap_Pages/VSP_Bootstrap/VSP_Authcap/input_userDefined9'

2022-06-30 22:30:39 - [MESSAGE][PASSED] - Text 'Noida' is set on object 'Object Repository/AdminSuiteBootstrap_Pages/VSP_Bootstrap/VSP_Authcap/input_userDefined10'

2022-06-30 22:30:41 - [MESSAGE][PASSED] - Object: 'Object Repository/AdminSuiteBootstrap_Pages/VSP_Bootstrap/VSP_Authcap/button_Submit' is clicked on

2022-06-30 22:30:41 - [MESSAGE][PASSED] - vspBootstrap.SalePage.setDataSaleAndAuth is PASSED

2022-06-30 22:30:41 - [TEST_STEP][PASSED] - verifyTextPresent("Transaction Successful", true): Text 'Transaction Successful' is present on page  using regular expression

2022-06-30 22:30:42 - [MESSAGE][PASSED] - Text 'Transaction Successful' is present on page  using regular expression

2022-06-30 22:30:42 - [TEST_STEP][PASSED] - verifyElementVisible(findTestObject("Object Repository/AdminSuiteBootstrap_Pages/VT_Bootstrap/Receipt/button_Continue")): Object 'Object Repository/AdminSuiteBootstrap_Pages/VT_Bootstrap/Receipt/button_Continue' is visible

2022-06-30 22:30:42 - [MESSAGE][PASSED] - Object 'Object Repository/AdminSuiteBootstrap_Pages/VT_Bootstrap/Receipt/button_Continue' is visible

2022-06-30 22:30:42 - [TEST_STEP][PASSED] - verifyElementPresent(findTestObject("Object Repository/AdminSuiteBootstrap_Pages/VT_Bootstrap/Receipt/button_Continue"), 20): Object 'Object Repository/AdminSuiteBootstrap_Pages/VT_Bootstrap/Receipt/button_Continue' is present

2022-06-30 22:30:42 - [MESSAGE][PASSED] - Object 'Object Repository/AdminSuiteBootstrap_Pages/VT_Bootstrap/Receipt/button_Continue' is present

2022-06-30 22:30:42 - [TEST_STEP][PASSED] - verifyElementVisible(findTestObject("Object Repository/AdminSuiteBootstrap_Pages/VT_Bootstrap/Receipt/button_Print")): Object 'Object Repository/AdminSuiteBootstrap_Pages/VT_Bootstrap/Receipt/button_Print' is visible

2022-06-30 22:30:42 - [MESSAGE][PASSED] - Object 'Object Repository/AdminSuiteBootstrap_Pages/VT_Bootstrap/Receipt/button_Print' is visible

2022-06-30 22:30:42 - [TEST_STEP][PASSED] - verifyElementPresent(findTestObject("Object Repository/AdminSuiteBootstrap_Pages/VT_Bootstrap/Receipt/button_Print"), 20): Object 'Object Repository/AdminSuiteBootstrap_Pages/VT_Bootstrap/Receipt/button_Print' is present

2022-06-30 22:30:43 - [MESSAGE][PASSED] - Object 'Object Repository/AdminSuiteBootstrap_Pages/VT_Bootstrap/Receipt/button_Print' is present

2022-06-30 22:30:43 - [TEST_STEP][PASSED] - verifyTextPresent("Remittance ID", true): Text 'Remittance ID' is present on page  using regular expression

2022-06-30 22:30:43 - [MESSAGE][PASSED] - Text 'Remittance ID' is present on page  using regular expression

2022-06-30 22:30:43 - [TEST_STEP][PASSED] - verifyTextPresent("Received", true): Text 'Received' is present on page  using regular expression

2022-06-30 22:30:43 - [MESSAGE][PASSED] - Text 'Received' is present on page  using regular expression

2022-06-30 22:30:43 - [TEST_STEP][PASSED] - verifyTextPresent("UDF1", true): Text 'UDF1' is present on page  using regular expression

2022-06-30 22:30:44 - [MESSAGE][PASSED] - Text 'UDF1' is present on page  using regular expression

2022-06-30 22:30:44 - [TEST_STEP][PASSED] - verifyTextPresent("UDF2", true): Text 'UDF2' is present on page  using regular expression

2022-06-30 22:30:44 - [MESSAGE][PASSED] - Text 'UDF2' is present on page  using regular expression

2022-06-30 22:30:44 - [TEST_STEP][PASSED] - verifyTextPresent("UDF3", true): Text 'UDF3' is present on page  using regular expression

2022-06-30 22:30:44 - [MESSAGE][PASSED] - Text 'UDF3' is present on page  using regular expression

2022-06-30 22:30:44 - [TEST_STEP][PASSED] - verifyTextPresent("UDF4", true): Text 'UDF4' is present on page  using regular expression

2022-06-30 22:30:45 - [MESSAGE][PASSED] - Text 'UDF4' is present on page  using regular expression

2022-06-30 22:30:45 - [TEST_STEP][PASSED] - verifyTextPresent("UDF5", true): Text 'UDF5' is present on page  using regular expression

2022-06-30 22:30:45 - [MESSAGE][PASSED] - Text 'UDF5' is present on page  using regular expression

2022-06-30 22:30:45 - [TEST_STEP][PASSED] - verifyTextPresent("UDF6", true): Text 'UDF6' is present on page  using regular expression

2022-06-30 22:30:45 - [MESSAGE][PASSED] - Text 'UDF6' is present on page  using regular expression

2022-06-30 22:30:45 - [TEST_STEP][PASSED] - verifyTextPresent("UDF7", true): Text 'UDF7' is present on page  using regular expression

2022-06-30 22:30:46 - [MESSAGE][PASSED] - Text 'UDF7' is present on page  using regular expression

2022-06-30 22:30:46 - [TEST_STEP][PASSED] - verifyTextPresent("UDF8", true): Text 'UDF8' is present on page  using regular expression

2022-06-30 22:30:46 - [MESSAGE][PASSED] - Text 'UDF8' is present on page  using regular expression

2022-06-30 22:30:46 - [TEST_STEP][PASSED] - verifyTextPresent("UDF9", true): Text 'UDF9' is present on page  using regular expression

2022-06-30 22:30:46 - [MESSAGE][PASSED] - Text 'UDF9' is present on page  using regular expression

2022-06-30 22:30:46 - [TEST_STEP][PASSED] - verifyTextPresent("UDF 10", true): Text 'UDF 10' is present on page  using regular expression

2022-06-30 22:30:47 - [MESSAGE][PASSED] - Text 'UDF 10' is present on page  using regular expression

2022-06-30 22:30:47 - [TEST_STEP][PASSED] - verifyTextPresent("Delhi", true): Text 'Delhi' is present on page  using regular expression

2022-06-30 22:30:47 - [MESSAGE][PASSED] - Text 'Delhi' is present on page  using regular expression

2022-06-30 22:30:47 - [TEST_STEP][PASSED] - verifyTextPresent("Chennai", true): Text 'Chennai' is present on page  using regular expression

2022-06-30 22:30:47 - [MESSAGE][PASSED] - Text 'Chennai' is present on page  using regular expression

2022-06-30 22:30:47 - [TEST_STEP][PASSED] - verifyTextPresent("Mumbai", true): Text 'Mumbai' is present on page  using regular expression

2022-06-30 22:30:48 - [MESSAGE][PASSED] - Text 'Mumbai' is present on page  using regular expression

2022-06-30 22:30:48 - [TEST_STEP][PASSED] - verifyTextPresent("Kanpur", true): Text 'Kanpur' is present on page  using regular expression

2022-06-30 22:30:48 - [MESSAGE][PASSED] - Text 'Kanpur' is present on page  using regular expression

2022-06-30 22:30:48 - [TEST_STEP][PASSED] - verifyTextPresent("Orange Recorded", true): Text 'Orange Recorded' is present on page  using regular expression

2022-06-30 22:30:48 - [MESSAGE][PASSED] - Text 'Orange Recorded' is present on page  using regular expression

2022-06-30 22:30:48 - [TEST_STEP][PASSED] - verifyTextPresent("Yellow Recorded", true): Text 'Yellow Recorded' is present on page  using regular expression

2022-06-30 22:30:49 - [MESSAGE][PASSED] - Text 'Yellow Recorded' is present on page  using regular expression

2022-06-30 22:30:49 - [TEST_STEP][PASSED] - verifyTextPresent("Kolkata", true): Text 'Kolkata' is present on page  using regular expression

2022-06-30 22:30:49 - [MESSAGE][PASSED] - Text 'Kolkata' is present on page  using regular expression

2022-06-30 22:30:49 - [TEST_STEP][PASSED] - verifyTextPresent("Pune", true): Text 'Pune' is present on page  using regular expression

2022-06-30 22:30:49 - [MESSAGE][PASSED] - Text 'Pune' is present on page  using regular expression

2022-06-30 22:30:49 - [TEST_STEP][PASSED] - verifyTextPresent("Bhavnagar", true): Text 'Bhavnagar' is present on page  using regular expression

2022-06-30 22:30:50 - [MESSAGE][PASSED] - Text 'Bhavnagar' is present on page  using regular expression

2022-06-30 22:30:50 - [TEST_STEP][PASSED] - verifyTextPresent("Noida", true): Text 'Noida' is present on page  using regular expression

2022-06-30 22:30:50 - [MESSAGE][PASSED] - Text 'Noida' is present on page  using regular expression

2022-06-30 22:30:50 - [TEST_STEP][PASSED] - verifyTextPresent("Amount", true): Text 'Amount' is present on page  using regular expression

2022-06-30 22:30:50 - [MESSAGE][PASSED] - Text 'Amount' is present on page  using regular expression

2022-06-30 22:30:50 - [TEST_STEP][PASSED] - verifyTextPresent("2.50", true): Text '2.50' is present on page  using regular expression

2022-06-30 22:30:51 - [MESSAGE][PASSED] - Text '2.50' is present on page  using regular expression

2022-06-30 22:30:51 - [TEST_STEP][PASSED] - verifyTextPresent("Authorization and Capture", true): Text 'Authorization and Capture' is present on page  using regular expression

2022-06-30 22:30:51 - [MESSAGE][PASSED] - Text 'Authorization and Capture' is present on page  using regular expression

2022-06-30 22:30:51 - [TEST_STEP][PASSED] - verifyTextPresent("Card Information", true): Text 'Card Information' is present on page  using regular expression

2022-06-30 22:30:51 - [MESSAGE][PASSED] - Text 'Card Information' is present on page  using regular expression

2022-06-30 22:30:51 - [TEST_STEP][PASSED] - verifyTextPresent("TANDON RAVENA", true): Text 'TANDON RAVENA' is present on page  using regular expression

2022-06-30 22:30:52 - [MESSAGE][PASSED] - Text 'TANDON RAVENA' is present on page  using regular expression

2022-06-30 22:30:52 - [TEST_STEP][PASSED] - verifyTextPresent("Address Line 1", true): Text 'Address Line 1' is present on page  using regular expression

2022-06-30 22:30:52 - [MESSAGE][PASSED] - Text 'Address Line 1' is present on page  using regular expression

2022-06-30 22:30:52 - [TEST_STEP][PASSED] - verifyTextPresent("Address Line 2", true): Text 'Address Line 2' is present on page  using regular expression

2022-06-30 22:30:52 - [MESSAGE][PASSED] - Text 'Address Line 2' is present on page  using regular expression

2022-06-30 22:30:52 - [TEST_STEP][PASSED] - verifyTextPresent("Country", true): Text 'Country' is present on page  using regular expression

2022-06-30 22:30:52 - [MESSAGE][PASSED] - Text 'Country' is present on page  using regular expression

2022-06-30 22:30:52 - [TEST_STEP][PASSED] - verifyTextPresent("City", true): Text 'City' is present on page  using regular expression

2022-06-30 22:30:53 - [MESSAGE][PASSED] - Text 'City' is present on page  using regular expression

2022-06-30 22:30:53 - [TEST_STEP][PASSED] - verifyTextPresent("State", true): Text 'State' is present on page  using regular expression

2022-06-30 22:30:53 - [MESSAGE][PASSED] - Text 'State' is present on page  using regular expression

2022-06-30 22:30:53 - [TEST_STEP][PASSED] - verifyTextPresent("ZIP Code", true): Text 'ZIP Code' is present on page  using regular expression

2022-06-30 22:30:53 - [MESSAGE][PASSED] - Text 'ZIP Code' is present on page  using regular expression

2022-06-30 22:30:53 - [TEST_STEP][PASSED] - verifyTextPresent("248 PhoolKaante road", true): Text '248 PhoolKaante road' is present on page  using regular expression

2022-06-30 22:30:54 - [MESSAGE][PASSED] - Text '248 PhoolKaante road' is present on page  using regular expression

2022-06-30 22:30:54 - [TEST_STEP][PASSED] - verifyTextPresent("Suite 678", true): Text 'Suite 678' is present on page  using regular expression

2022-06-30 22:30:54 - [MESSAGE][PASSED] - Text 'Suite 678' is present on page  using regular expression

2022-06-30 22:30:54 - [TEST_STEP][PASSED] - verifyTextPresent("United States", true): Text 'United States' is present on page  using regular expression

2022-06-30 22:30:54 - [MESSAGE][PASSED] - Text 'United States' is present on page  using regular expression

2022-06-30 22:30:54 - [TEST_STEP][PASSED] - verifyTextPresent("ARLINGTON", true): Text 'ARLINGTON' is present on page  using regular expression

2022-06-30 22:30:55 - [MESSAGE][PASSED] - Text 'ARLINGTON' is present on page  using regular expression

2022-06-30 22:30:55 - [TEST_STEP][PASSED] - verifyTextPresent("VA", true): Text 'VA' is present on page  using regular expression

2022-06-30 22:30:55 - [MESSAGE][PASSED] - Text 'VA' is present on page  using regular expression

2022-06-30 22:30:55 - [TEST_STEP][PASSED] - verifyTextPresent("22201", true): Text '22201' is present on page  using regular expression

2022-06-30 22:30:55 - [MESSAGE][PASSED] - Text '22201' is present on page  using regular expression

2022-06-30 22:30:55 - [TEST_STEP][PASSED] - cardTypeV = findTestData(dataFile).getValue("CardType", row): null

2022-06-30 22:30:55 - [TEST_STEP][PASSED] - last4V = findTestData(dataFile).getValue("Last4", row): null

2022-06-30 22:30:55 - [TEST_STEP][PASSED] - verifyTextPresent(cardTypeV, true): Text 'Visa' is present on page  using regular expression

2022-06-30 22:30:56 - [MESSAGE][PASSED] - Text 'Visa' is present on page  using regular expression

2022-06-30 22:30:56 - [TEST_STEP][PASSED] - verifyTextPresent(last4V, true): Text '5439' is present on page  using regular expression

2022-06-30 22:30:56 - [MESSAGE][PASSED] - Text '5439' is present on page  using regular expression

2022-06-30 22:30:56 - [TEST_STEP][PASSED] - switch (appName): null

2022-06-30 22:30:56 - [TEST_STEP][PASSED] - case "a_Access AutoSingleCFtpQA":: null

2022-06-30 22:30:56 - [TEST_STEP][PASSED] - verifyTextPresent("5.00", true): Text '5.00' is present on page  using regular expression

2022-06-30 22:30:56 - [MESSAGE][PASSED] - Text '5.00' is present on page  using regular expression

2022-06-30 22:30:56 - [TEST_STEP][PASSED] - verifyTextPresent("Single Transaction", true): Text 'Single Transaction' is present on page  using regular expression

2022-06-30 22:30:56 - [MESSAGE][PASSED] - Text 'Single Transaction' is present on page  using regular expression

2022-06-30 22:30:56 - [TEST_STEP][PASSED] - verifyTextPresent("7.50", true): Text '7.50' is present on page  using regular expression

2022-06-30 22:30:57 - [MESSAGE][PASSED] - Text '7.50' is present on page  using regular expression

2022-06-30 22:30:57 - [TEST_STEP][PASSED] - verifyTextPresent("Total Amount", true): Text 'Total Amount' is present on page  using regular expression

2022-06-30 22:30:57 - [MESSAGE][PASSED] - Text 'Total Amount' is present on page  using regular expression

2022-06-30 22:30:57 - [TEST_STEP][PASSED] - verifyTextPresent("Transaction Type", true): Text 'Transaction Type' is present on page  using regular expression

2022-06-30 22:30:57 - [MESSAGE][PASSED] - Text 'Transaction Type' is present on page  using regular expression

2022-06-30 22:30:57 - [TEST_STEP][PASSED] - break: null

2022-06-30 22:30:57 - [TEST_STEP][PASSED] - closeBrowser(): Browser is closed

2022-06-30 22:30:58 - [MESSAGE][PASSED] - Browser is closed

2022-06-30 22:30:58 - [TEST_STEP][PASSED] - ExecuteTC = findTestData(dataFile).getValue("Execute", row): null

2022-06-30 22:30:58 - [TEST_STEP][PASSED] - out.println("Value of Execute is : " + ExecuteTC): null

2022-06-30 22:30:58 - [TEST_STEP][PASSED] - switch (executionProfile): null

2022-06-30 22:30:58 - [TEST_STEP][PASSED] - case "QAProfile":: null

2022-06-30 22:30:58 - [TEST_STEP][PASSED] - appName = findTestData(dataFile).getValue("AppNameQA", row): null

2022-06-30 22:30:59 - [TEST_STEP][PASSED] - appID = findTestData(dataFile).getValue("AppIDQA", row): null

2022-06-30 22:30:59 - [TEST_STEP][PASSED] - break: null

2022-06-30 22:30:59 - [TEST_STEP][PASSED] - if (ExecuteTC.equalsIgnoreCase("Y")): null

2022-06-30 22:30:59 - [TEST_STEP][PASSED] - out.println("Begin Record Number: " + row): null

2022-06-30 22:30:59 - [TEST_STEP][PASSED] - today = new java.util.Date(): null

2022-06-30 22:30:59 - [TEST_STEP][PASSED] - println(today): null

2022-06-30 22:30:59 - [TEST_STEP][PASSED] - datText = today: null

2022-06-30 22:30:59 - [TEST_STEP][PASSED] - adminSuiteBootstrap.loginFunctionality.login_AdminSuite(): adminSuiteBootstrap.loginFunctionality.login_AdminSuite is PASSED

2022-06-30 22:30:59 - [MESSAGE][INFO] - Starting 'Chrome' driver

2022-06-30 22:30:59 - [MESSAGE][INFO] - User set preference: ['acceptInsecureCerts', 'true']

2022-06-30 22:30:59 - [MESSAGE][INFO] - Action delay is set to 0 milliseconds

2022-06-30 22:31:02 - [MESSAGE][PASSED] - Browser is opened with url: 'https://qa.velocitypayment.com/admin/imtiaz'

2022-06-30 22:31:02 - [MESSAGE][PASSED] - Current window maximized

2022-06-30 22:31:02 - [MESSAGE][PASSED] - Object 'Object Repository/Login_Page/Login_Username' is present

2022-06-30 22:31:03 - [MESSAGE][PASSED] - Text 'iahmed' is set on object 'Object Repository/Login_Page/Login_Username'

2022-06-30 22:31:03 - [MESSAGE][PASSED] - Text 'hello2222' is set on object 'Object Repository/Login_Page/Login_Password'

2022-06-30 22:31:08 - [MESSAGE][PASSED] - Object: 'Object Repository/Login_Page/Login_Submit' is clicked on

2022-06-30 22:31:08 - [MESSAGE][PASSED] - adminSuiteBootstrap.loginFunctionality.login_AdminSuite is PASSED

2022-06-30 22:31:08 - [TEST_STEP][PASSED] - click(findTestObject(path_Dashboard + appName)): Object: 'Object Repository/AdminSuiteBootstrap_Pages/Dashboard_Bootstrap/a_Access AutoSingleCFtpQA' is clicked on

2022-06-30 22:31:09 - [MESSAGE][PASSED] - Object: 'Object Repository/AdminSuiteBootstrap_Pages/Dashboard_Bootstrap/a_Access AutoSingleCFtpQA' is clicked on

2022-06-30 22:31:09 - [TEST_STEP][PASSED] - click(findTestObject(path_VT + "a_Find Profile")): Object: 'Object Repository/AdminSuiteBootstrap_Pages/VT_Bootstrap/IssueTransactions/a_Find Profile' is clicked on

2022-06-30 22:31:09 - [MESSAGE][PASSED] - Object: 'Object Repository/AdminSuiteBootstrap_Pages/VT_Bootstrap/IssueTransactions/a_Find Profile' is clicked on

2022-06-30 22:31:09 - [TEST_STEP][PASSED] - criteria = <not implemented yet for class: org.codehaus.groovy.ast.expr.EmptyExpression>: null

2022-06-30 22:31:09 - [TEST_STEP][PASSED] - searchBy = <not implemented yet for class: org.codehaus.groovy.ast.expr.EmptyExpression>: null

2022-06-30 22:31:09 - [TEST_STEP][PASSED] - criteria = findTestData(dataFile).getValue("ProfileName", row): null

2022-06-30 22:31:09 - [TEST_STEP][PASSED] - path_SearchProfile = "Object Repository/AdminSuiteBootstrap_Pages/VSP_Bootstrap/SearchProfile/": null

2022-06-30 22:31:09 - [TEST_STEP][PASSED] - setText(findTestObject(path_SearchProfile + "input_Criteria"), criteria): Text 'PaymentsMC' is set on object 'Object Repository/AdminSuiteBootstrap_Pages/VSP_Bootstrap/SearchProfile/input_Criteria'

2022-06-30 22:31:10 - [MESSAGE][PASSED] - Text 'PaymentsMC' is set on object 'Object Repository/AdminSuiteBootstrap_Pages/VSP_Bootstrap/SearchProfile/input_Criteria'

2022-06-30 22:31:10 - [TEST_STEP][PASSED] - click(findTestObject(path_SearchProfile + "button_Search")): Object: 'Object Repository/AdminSuiteBootstrap_Pages/VSP_Bootstrap/SearchProfile/button_Search' is clicked on

2022-06-30 22:31:12 - [MESSAGE][PASSED] - Object: 'Object Repository/AdminSuiteBootstrap_Pages/VSP_Bootstrap/SearchProfile/button_Search' is clicked on

2022-06-30 22:31:12 - [TEST_STEP][PASSED] - profNameLink = findTestData(dataFile).getValue("ProfileNameLink", row): null

2022-06-30 22:31:12 - [TEST_STEP][PASSED] - click(findTestObject(path_ViewProfile + profNameLink)): Object: 'Object Repository/AdminSuiteBootstrap_Pages/VSP_Bootstrap/View Profile/a_PaymentsMC' is clicked on

2022-06-30 22:31:13 - [MESSAGE][PASSED] - Object: 'Object Repository/AdminSuiteBootstrap_Pages/VSP_Bootstrap/View Profile/a_PaymentsMC' is clicked on

2022-06-30 22:31:13 - [TEST_STEP][PASSED] - click(findTestObject(path_ViewProfile + "a_AuthCap")): Object: 'Object Repository/AdminSuiteBootstrap_Pages/VSP_Bootstrap/View Profile/a_AuthCap' is clicked on

2022-06-30 22:31:15 - [MESSAGE][PASSED] - Object: 'Object Repository/AdminSuiteBootstrap_Pages/VSP_Bootstrap/View Profile/a_AuthCap' is clicked on

2022-06-30 22:31:15 - [TEST_STEP][PASSED] - verifyTextPresent("Credit Card Authorization Capture", true): Text 'Credit Card Authorization Capture' is present on page  using regular expression

2022-06-30 22:31:15 - [MESSAGE][PASSED] - Text 'Credit Card Authorization Capture' is present on page  using regular expression

2022-06-30 22:31:15 - [TEST_STEP][PASSED] - verifyTextPresent("Sale", true): Text 'Sale' is present on page  using regular expression

2022-06-30 22:31:16 - [MESSAGE][PASSED] - Text 'Sale' is present on page  using regular expression

2022-06-30 22:31:16 - [TEST_STEP][PASSED] - verifyTextPresent("Required fields are highlighted with an asterisk", true): Text 'Required fields are highlighted with an asterisk' is present on page  using regular expression

2022-06-30 22:31:16 - [MESSAGE][PASSED] - Text 'Required fields are highlighted with an asterisk' is present on page  using regular expression

2022-06-30 22:31:16 - [TEST_STEP][PASSED] - verifyTextPresent("Remittance ID", true): Text 'Remittance ID' is present on page  using regular expression

2022-06-30 22:31:16 - [MESSAGE][PASSED] - Text 'Remittance ID' is present on page  using regular expression

2022-06-30 22:31:16 - [TEST_STEP][PASSED] - vspBootstrap.SalePage.setDataSaleAndAuth(row, dataFile): vspBootstrap.SalePage.setDataSaleAndAuth is PASSED

2022-06-30 22:31:18 - [MESSAGE][PASSED] - All options with value 'MOTO' are selected in object 'Object Repository/AdminSuiteBootstrap_Pages/VSP_Bootstrap/VSP_Authcap/select_TransactionCategory'  using regular expression

2022-06-30 22:31:19 - [MESSAGE][PASSED] - Text '123' is set on object 'Object Repository/AdminSuiteBootstrap_Pages/VSP_Bootstrap/VSP_Authcap/input_cvv'

2022-06-30 22:31:19 - [MESSAGE][PASSED] - Text '' is set on object 'Object Repository/AdminSuiteBootstrap_Pages/VSP_Bootstrap/VSP_Authcap/input_smsNumber'

2022-06-30 22:31:20 - [MESSAGE][PASSED] - Text '2.50' is set on object 'Object Repository/AdminSuiteBootstrap_Pages/VSP_Bootstrap/VSP_Authcap/input_amount'

2022-06-30 22:31:21 - [MESSAGE][PASSED] - Text 'Delhi' is set on object 'Object Repository/AdminSuiteBootstrap_Pages/VSP_Bootstrap/VSP_Authcap/input_userDefined1'

2022-06-30 22:31:22 - [MESSAGE][PASSED] - Text 'Chennai' is set on object 'Object Repository/AdminSuiteBootstrap_Pages/VSP_Bootstrap/VSP_Authcap/input_userDefined2'

2022-06-30 22:31:22 - [MESSAGE][PASSED] - Text 'Mumbai' is set on object 'Object Repository/AdminSuiteBootstrap_Pages/VSP_Bootstrap/VSP_Authcap/input_userDefined3'

2022-06-30 22:31:23 - [MESSAGE][PASSED] - Text 'Kanpur' is set on object 'Object Repository/AdminSuiteBootstrap_Pages/VSP_Bootstrap/VSP_Authcap/input_userDefined4'

2022-06-30 22:31:24 - [MESSAGE][PASSED] - All options with label 'Orange' are selected in object 'Object Repository/AdminSuiteBootstrap_Pages/VSP_Bootstrap/VSP_Authcap/select_UDF5'  using regular expression

2022-06-30 22:31:25 - [MESSAGE][PASSED] - All options with label 'Yellow' are selected in object 'Object Repository/AdminSuiteBootstrap_Pages/VSP_Bootstrap/VSP_Authcap/select_UDF6'  using regular expression

2022-06-30 22:31:25 - [MESSAGE][PASSED] - Text 'Kolkata' is set on object 'Object Repository/AdminSuiteBootstrap_Pages/VSP_Bootstrap/VSP_Authcap/input_userDefined7'

2022-06-30 22:31:26 - [MESSAGE][PASSED] - Text 'Pune' is set on object 'Object Repository/AdminSuiteBootstrap_Pages/VSP_Bootstrap/VSP_Authcap/input_userDefined8'

2022-06-30 22:31:27 - [MESSAGE][PASSED] - Text 'Bhavnagar' is set on object 'Object Repository/AdminSuiteBootstrap_Pages/VSP_Bootstrap/VSP_Authcap/input_userDefined9'

2022-06-30 22:31:27 - [MESSAGE][PASSED] - Text 'Noida' is set on object 'Object Repository/AdminSuiteBootstrap_Pages/VSP_Bootstrap/VSP_Authcap/input_userDefined10'

2022-06-30 22:31:29 - [MESSAGE][PASSED] - Object: 'Object Repository/AdminSuiteBootstrap_Pages/VSP_Bootstrap/VSP_Authcap/button_Submit' is clicked on

2022-06-30 22:31:29 - [MESSAGE][PASSED] - vspBootstrap.SalePage.setDataSaleAndAuth is PASSED

2022-06-30 22:31:29 - [TEST_STEP][PASSED] - verifyTextPresent("Transaction Successful", true): Text 'Transaction Successful' is present on page  using regular expression

2022-06-30 22:31:30 - [MESSAGE][PASSED] - Text 'Transaction Successful' is present on page  using regular expression

2022-06-30 22:31:30 - [TEST_STEP][PASSED] - verifyElementVisible(findTestObject("Object Repository/AdminSuiteBootstrap_Pages/VT_Bootstrap/Receipt/button_Continue")): Object 'Object Repository/AdminSuiteBootstrap_Pages/VT_Bootstrap/Receipt/button_Continue' is visible

2022-06-30 22:31:30 - [MESSAGE][PASSED] - Object 'Object Repository/AdminSuiteBootstrap_Pages/VT_Bootstrap/Receipt/button_Continue' is visible

2022-06-30 22:31:30 - [TEST_STEP][PASSED] - verifyElementPresent(findTestObject("Object Repository/AdminSuiteBootstrap_Pages/VT_Bootstrap/Receipt/button_Continue"), 20): Object 'Object Repository/AdminSuiteBootstrap_Pages/VT_Bootstrap/Receipt/button_Continue' is present

2022-06-30 22:31:31 - [MESSAGE][PASSED] - Object 'Object Repository/AdminSuiteBootstrap_Pages/VT_Bootstrap/Receipt/button_Continue' is present

2022-06-30 22:31:31 - [TEST_STEP][PASSED] - verifyElementVisible(findTestObject("Object Repository/AdminSuiteBootstrap_Pages/VT_Bootstrap/Receipt/button_Print")): Object 'Object Repository/AdminSuiteBootstrap_Pages/VT_Bootstrap/Receipt/button_Print' is visible

2022-06-30 22:31:31 - [MESSAGE][PASSED] - Object 'Object Repository/AdminSuiteBootstrap_Pages/VT_Bootstrap/Receipt/button_Print' is visible

2022-06-30 22:31:31 - [TEST_STEP][PASSED] - verifyElementPresent(findTestObject("Object Repository/AdminSuiteBootstrap_Pages/VT_Bootstrap/Receipt/button_Print"), 20): Object 'Object Repository/AdminSuiteBootstrap_Pages/VT_Bootstrap/Receipt/button_Print' is present

2022-06-30 22:31:31 - [MESSAGE][PASSED] - Object 'Object Repository/AdminSuiteBootstrap_Pages/VT_Bootstrap/Receipt/button_Print' is present

2022-06-30 22:31:31 - [TEST_STEP][PASSED] - verifyTextPresent("Remittance ID", true): Text 'Remittance ID' is present on page  using regular expression

2022-06-30 22:31:32 - [MESSAGE][PASSED] - Text 'Remittance ID' is present on page  using regular expression

2022-06-30 22:31:32 - [TEST_STEP][PASSED] - verifyTextPresent("Received", true): Text 'Received' is present on page  using regular expression

2022-06-30 22:31:32 - [MESSAGE][PASSED] - Text 'Received' is present on page  using regular expression

2022-06-30 22:31:32 - [TEST_STEP][PASSED] - verifyTextPresent("UDF1", true): Text 'UDF1' is present on page  using regular expression

2022-06-30 22:31:32 - [MESSAGE][PASSED] - Text 'UDF1' is present on page  using regular expression

2022-06-30 22:31:32 - [TEST_STEP][PASSED] - verifyTextPresent("UDF2", true): Text 'UDF2' is present on page  using regular expression

2022-06-30 22:31:33 - [MESSAGE][PASSED] - Text 'UDF2' is present on page  using regular expression

2022-06-30 22:31:33 - [TEST_STEP][PASSED] - verifyTextPresent("UDF3", true): Text 'UDF3' is present on page  using regular expression

2022-06-30 22:31:33 - [MESSAGE][PASSED] - Text 'UDF3' is present on page  using regular expression

2022-06-30 22:31:33 - [TEST_STEP][PASSED] - verifyTextPresent("UDF4", true): Text 'UDF4' is present on page  using regular expression

2022-06-30 22:31:33 - [MESSAGE][PASSED] - Text 'UDF4' is present on page  using regular expression

2022-06-30 22:31:33 - [TEST_STEP][PASSED] - verifyTextPresent("UDF5", true): Text 'UDF5' is present on page  using regular expression

2022-06-30 22:31:34 - [MESSAGE][PASSED] - Text 'UDF5' is present on page  using regular expression

2022-06-30 22:31:34 - [TEST_STEP][PASSED] - verifyTextPresent("UDF6", true): Text 'UDF6' is present on page  using regular expression

2022-06-30 22:31:34 - [MESSAGE][PASSED] - Text 'UDF6' is present on page  using regular expression

2022-06-30 22:31:34 - [TEST_STEP][PASSED] - verifyTextPresent("UDF7", true): Text 'UDF7' is present on page  using regular expression

2022-06-30 22:31:34 - [MESSAGE][PASSED] - Text 'UDF7' is present on page  using regular expression

2022-06-30 22:31:34 - [TEST_STEP][PASSED] - verifyTextPresent("UDF8", true): Text 'UDF8' is present on page  using regular expression

2022-06-30 22:31:34 - [MESSAGE][PASSED] - Text 'UDF8' is present on page  using regular expression

2022-06-30 22:31:34 - [TEST_STEP][PASSED] - verifyTextPresent("UDF9", true): Text 'UDF9' is present on page  using regular expression

2022-06-30 22:31:35 - [MESSAGE][PASSED] - Text 'UDF9' is present on page  using regular expression

2022-06-30 22:31:35 - [TEST_STEP][PASSED] - verifyTextPresent("UDF 10", true): Text 'UDF 10' is present on page  using regular expression

2022-06-30 22:31:35 - [MESSAGE][PASSED] - Text 'UDF 10' is present on page  using regular expression

2022-06-30 22:31:35 - [TEST_STEP][PASSED] - verifyTextPresent("Delhi", true): Text 'Delhi' is present on page  using regular expression

2022-06-30 22:31:35 - [MESSAGE][PASSED] - Text 'Delhi' is present on page  using regular expression

2022-06-30 22:31:35 - [TEST_STEP][PASSED] - verifyTextPresent("Chennai", true): Text 'Chennai' is present on page  using regular expression

2022-06-30 22:31:36 - [MESSAGE][PASSED] - Text 'Chennai' is present on page  using regular expression

2022-06-30 22:31:36 - [TEST_STEP][PASSED] - verifyTextPresent("Mumbai", true): Text 'Mumbai' is present on page  using regular expression

2022-06-30 22:31:36 - [MESSAGE][PASSED] - Text 'Mumbai' is present on page  using regular expression

2022-06-30 22:31:36 - [TEST_STEP][PASSED] - verifyTextPresent("Kanpur", true): Text 'Kanpur' is present on page  using regular expression

2022-06-30 22:31:37 - [MESSAGE][PASSED] - Text 'Kanpur' is present on page  using regular expression

2022-06-30 22:31:37 - [TEST_STEP][PASSED] - verifyTextPresent("Orange Recorded", true): Text 'Orange Recorded' is present on page  using regular expression

2022-06-30 22:31:37 - [MESSAGE][PASSED] - Text 'Orange Recorded' is present on page  using regular expression

2022-06-30 22:31:37 - [TEST_STEP][PASSED] - verifyTextPresent("Yellow Recorded", true): Text 'Yellow Recorded' is present on page  using regular expression

2022-06-30 22:31:37 - [MESSAGE][PASSED] - Text 'Yellow Recorded' is present on page  using regular expression

2022-06-30 22:31:37 - [TEST_STEP][PASSED] - verifyTextPresent("Kolkata", true): Text 'Kolkata' is present on page  using regular expression

2022-06-30 22:31:38 - [MESSAGE][PASSED] - Text 'Kolkata' is present on page  using regular expression

2022-06-30 22:31:38 - [TEST_STEP][PASSED] - verifyTextPresent("Pune", true): Text 'Pune' is present on page  using regular expression

2022-06-30 22:31:38 - [MESSAGE][PASSED] - Text 'Pune' is present on page  using regular expression

2022-06-30 22:31:38 - [TEST_STEP][PASSED] - verifyTextPresent("Bhavnagar", true): Text 'Bhavnagar' is present on page  using regular expression

2022-06-30 22:31:38 - [MESSAGE][PASSED] - Text 'Bhavnagar' is present on page  using regular expression

2022-06-30 22:31:38 - [TEST_STEP][PASSED] - verifyTextPresent("Noida", true): Text 'Noida' is present on page  using regular expression

2022-06-30 22:31:39 - [MESSAGE][PASSED] - Text 'Noida' is present on page  using regular expression

2022-06-30 22:31:39 - [TEST_STEP][PASSED] - verifyTextPresent("Amount", true): Text 'Amount' is present on page  using regular expression

2022-06-30 22:31:39 - [MESSAGE][PASSED] - Text 'Amount' is present on page  using regular expression

2022-06-30 22:31:39 - [TEST_STEP][PASSED] - verifyTextPresent("2.50", true): Text '2.50' is present on page  using regular expression

2022-06-30 22:31:39 - [MESSAGE][PASSED] - Text '2.50' is present on page  using regular expression

2022-06-30 22:31:39 - [TEST_STEP][PASSED] - verifyTextPresent("Authorization and Capture", true): Text 'Authorization and Capture' is present on page  using regular expression

2022-06-30 22:31:40 - [MESSAGE][PASSED] - Text 'Authorization and Capture' is present on page  using regular expression

2022-06-30 22:31:40 - [TEST_STEP][PASSED] - verifyTextPresent("Card Information", true): Text 'Card Information' is present on page  using regular expression

2022-06-30 22:31:40 - [MESSAGE][PASSED] - Text 'Card Information' is present on page  using regular expression

2022-06-30 22:31:40 - [TEST_STEP][PASSED] - verifyTextPresent("TANDON RAVENA", true): Text 'TANDON RAVENA' is present on page  using regular expression

2022-06-30 22:31:40 - [MESSAGE][PASSED] - Text 'TANDON RAVENA' is present on page  using regular expression

2022-06-30 22:31:40 - [TEST_STEP][PASSED] - verifyTextPresent("Address Line 1", true): Text 'Address Line 1' is present on page  using regular expression

2022-06-30 22:31:41 - [MESSAGE][PASSED] - Text 'Address Line 1' is present on page  using regular expression

2022-06-30 22:31:41 - [TEST_STEP][PASSED] - verifyTextPresent("Address Line 2", true): Text 'Address Line 2' is present on page  using regular expression

2022-06-30 22:31:41 - [MESSAGE][PASSED] - Text 'Address Line 2' is present on page  using regular expression

2022-06-30 22:31:41 - [TEST_STEP][PASSED] - verifyTextPresent("Country", true): Text 'Country' is present on page  using regular expression

2022-06-30 22:31:41 - [MESSAGE][PASSED] - Text 'Country' is present on page  using regular expression

2022-06-30 22:31:41 - [TEST_STEP][PASSED] - verifyTextPresent("City", true): Text 'City' is present on page  using regular expression

2022-06-30 22:31:42 - [MESSAGE][PASSED] - Text 'City' is present on page  using regular expression

2022-06-30 22:31:42 - [TEST_STEP][PASSED] - verifyTextPresent("State", true): Text 'State' is present on page  using regular expression

2022-06-30 22:31:42 - [MESSAGE][PASSED] - Text 'State' is present on page  using regular expression

2022-06-30 22:31:42 - [TEST_STEP][PASSED] - verifyTextPresent("ZIP Code", true): Text 'ZIP Code' is present on page  using regular expression

2022-06-30 22:31:42 - [MESSAGE][PASSED] - Text 'ZIP Code' is present on page  using regular expression

2022-06-30 22:31:42 - [TEST_STEP][PASSED] - verifyTextPresent("248 PhoolKaante road", true): Text '248 PhoolKaante road' is present on page  using regular expression

2022-06-30 22:31:43 - [MESSAGE][PASSED] - Text '248 PhoolKaante road' is present on page  using regular expression

2022-06-30 22:31:43 - [TEST_STEP][PASSED] - verifyTextPresent("Suite 678", true): Text 'Suite 678' is present on page  using regular expression

2022-06-30 22:31:43 - [MESSAGE][PASSED] - Text 'Suite 678' is present on page  using regular expression

2022-06-30 22:31:43 - [TEST_STEP][PASSED] - verifyTextPresent("United States", true): Text 'United States' is present on page  using regular expression

2022-06-30 22:31:43 - [MESSAGE][PASSED] - Text 'United States' is present on page  using regular expression

2022-06-30 22:31:43 - [TEST_STEP][PASSED] - verifyTextPresent("ARLINGTON", true): Text 'ARLINGTON' is present on page  using regular expression

2022-06-30 22:31:43 - [MESSAGE][PASSED] - Text 'ARLINGTON' is present on page  using regular expression

2022-06-30 22:31:43 - [TEST_STEP][PASSED] - verifyTextPresent("VA", true): Text 'VA' is present on page  using regular expression

2022-06-30 22:31:44 - [MESSAGE][PASSED] - Text 'VA' is present on page  using regular expression

2022-06-30 22:31:44 - [TEST_STEP][PASSED] - verifyTextPresent("22201", true): Text '22201' is present on page  using regular expression

2022-06-30 22:31:44 - [MESSAGE][PASSED] - Text '22201' is present on page  using regular expression

2022-06-30 22:31:44 - [TEST_STEP][PASSED] - cardTypeV = findTestData(dataFile).getValue("CardType", row): null

2022-06-30 22:31:44 - [TEST_STEP][PASSED] - last4V = findTestData(dataFile).getValue("Last4", row): null

2022-06-30 22:31:44 - [TEST_STEP][PASSED] - verifyTextPresent(cardTypeV, true): Text 'MasterCard' is present on page  using regular expression

2022-06-30 22:31:44 - [MESSAGE][PASSED] - Text 'MasterCard' is present on page  using regular expression

2022-06-30 22:31:44 - [TEST_STEP][PASSED] - verifyTextPresent(last4V, true): Text '0035' is present on page  using regular expression

2022-06-30 22:31:45 - [MESSAGE][PASSED] - Text '0035' is present on page  using regular expression

2022-06-30 22:31:45 - [TEST_STEP][PASSED] - switch (appName): null

2022-06-30 22:31:45 - [TEST_STEP][PASSED] - case "a_Access AutoSingleCFtpQA":: null

2022-06-30 22:31:45 - [TEST_STEP][PASSED] - verifyTextPresent("5.00", true): Text '5.00' is present on page  using regular expression

2022-06-30 22:31:45 - [MESSAGE][PASSED] - Text '5.00' is present on page  using regular expression

2022-06-30 22:31:45 - [TEST_STEP][PASSED] - verifyTextPresent("Single Transaction", true): Text 'Single Transaction' is present on page  using regular expression

2022-06-30 22:31:45 - [MESSAGE][PASSED] - Text 'Single Transaction' is present on page  using regular expression

2022-06-30 22:31:45 - [TEST_STEP][PASSED] - verifyTextPresent("7.50", true): Text '7.50' is present on page  using regular expression

2022-06-30 22:31:46 - [MESSAGE][PASSED] - Text '7.50' is present on page  using regular expression

2022-06-30 22:31:46 - [TEST_STEP][PASSED] - verifyTextPresent("Total Amount", true): Text 'Total Amount' is present on page  using regular expression

2022-06-30 22:31:46 - [MESSAGE][PASSED] - Text 'Total Amount' is present on page  using regular expression

2022-06-30 22:31:46 - [TEST_STEP][PASSED] - verifyTextPresent("Transaction Type", true): Text 'Transaction Type' is present on page  using regular expression

2022-06-30 22:31:46 - [MESSAGE][PASSED] - Text 'Transaction Type' is present on page  using regular expression

2022-06-30 22:31:46 - [TEST_STEP][PASSED] - break: null

2022-06-30 22:31:46 - [TEST_STEP][PASSED] - closeBrowser(): Browser is closed

2022-06-30 22:31:47 - [MESSAGE][PASSED] - Browser is closed

2022-06-30 22:31:47 - [TEST_STEP][PASSED] - ExecuteTC = findTestData(dataFile).getValue("Execute", row): null

2022-06-30 22:31:47 - [TEST_STEP][PASSED] - out.println("Value of Execute is : " + ExecuteTC): null

2022-06-30 22:31:47 - [TEST_STEP][PASSED] - switch (executionProfile): null

2022-06-30 22:31:47 - [TEST_STEP][PASSED] - case "QAProfile":: null

2022-06-30 22:31:47 - [TEST_STEP][PASSED] - appName = findTestData(dataFile).getValue("AppNameQA", row): null

2022-06-30 22:31:47 - [TEST_STEP][PASSED] - appID = findTestData(dataFile).getValue("AppIDQA", row): null

2022-06-30 22:31:47 - [TEST_STEP][PASSED] - break: null

2022-06-30 22:31:47 - [TEST_STEP][PASSED] - if (ExecuteTC.equalsIgnoreCase("Y")): null

2022-06-30 22:31:47 - [TEST_STEP][PASSED] - out.println("Begin Record Number: " + row): null

2022-06-30 22:31:47 - [TEST_STEP][PASSED] - today = new java.util.Date(): null

2022-06-30 22:31:47 - [TEST_STEP][PASSED] - println(today): null

2022-06-30 22:31:47 - [TEST_STEP][PASSED] - datText = today: null

2022-06-30 22:31:47 - [TEST_STEP][PASSED] - adminSuiteBootstrap.loginFunctionality.login_AdminSuite(): adminSuiteBootstrap.loginFunctionality.login_AdminSuite is PASSED

2022-06-30 22:31:47 - [MESSAGE][INFO] - Starting 'Chrome' driver

2022-06-30 22:31:47 - [MESSAGE][INFO] - User set preference: ['acceptInsecureCerts', 'true']

2022-06-30 22:31:47 - [MESSAGE][INFO] - Action delay is set to 0 milliseconds

2022-06-30 22:31:51 - [MESSAGE][PASSED] - Browser is opened with url: 'https://qa.velocitypayment.com/admin/imtiaz'

2022-06-30 22:31:51 - [MESSAGE][PASSED] - Current window maximized

2022-06-30 22:31:51 - [MESSAGE][PASSED] - Object 'Object Repository/Login_Page/Login_Username' is present

2022-06-30 22:31:52 - [MESSAGE][PASSED] - Text 'iahmed' is set on object 'Object Repository/Login_Page/Login_Username'

2022-06-30 22:31:52 - [MESSAGE][PASSED] - Text 'hello2222' is set on object 'Object Repository/Login_Page/Login_Password'

2022-06-30 22:31:58 - [MESSAGE][PASSED] - Object: 'Object Repository/Login_Page/Login_Submit' is clicked on

2022-06-30 22:31:58 - [MESSAGE][PASSED] - adminSuiteBootstrap.loginFunctionality.login_AdminSuite is PASSED

2022-06-30 22:31:58 - [TEST_STEP][PASSED] - click(findTestObject(path_Dashboard + appName)): Object: 'Object Repository/AdminSuiteBootstrap_Pages/Dashboard_Bootstrap/a_Access AutoSingleCFtpQA' is clicked on

2022-06-30 22:31:59 - [MESSAGE][PASSED] - Object: 'Object Repository/AdminSuiteBootstrap_Pages/Dashboard_Bootstrap/a_Access AutoSingleCFtpQA' is clicked on

2022-06-30 22:31:59 - [TEST_STEP][PASSED] - click(findTestObject(path_VT + "a_Find Profile")): Object: 'Object Repository/AdminSuiteBootstrap_Pages/VT_Bootstrap/IssueTransactions/a_Find Profile' is clicked on

2022-06-30 22:32:00 - [MESSAGE][PASSED] - Object: 'Object Repository/AdminSuiteBootstrap_Pages/VT_Bootstrap/IssueTransactions/a_Find Profile' is clicked on

2022-06-30 22:32:00 - [TEST_STEP][PASSED] - criteria = <not implemented yet for class: org.codehaus.groovy.ast.expr.EmptyExpression>: null

2022-06-30 22:32:00 - [TEST_STEP][PASSED] - searchBy = <not implemented yet for class: org.codehaus.groovy.ast.expr.EmptyExpression>: null

2022-06-30 22:32:00 - [TEST_STEP][PASSED] - criteria = findTestData(dataFile).getValue("ProfileName", row): null

2022-06-30 22:32:00 - [TEST_STEP][PASSED] - path_SearchProfile = "Object Repository/AdminSuiteBootstrap_Pages/VSP_Bootstrap/SearchProfile/": null

2022-06-30 22:32:00 - [TEST_STEP][PASSED] - setText(findTestObject(path_SearchProfile + "input_Criteria"), criteria): Text 'PaymentsAmEx' is set on object 'Object Repository/AdminSuiteBootstrap_Pages/VSP_Bootstrap/SearchProfile/input_Criteria'

2022-06-30 22:32:00 - [MESSAGE][PASSED] - Text 'PaymentsAmEx' is set on object 'Object Repository/AdminSuiteBootstrap_Pages/VSP_Bootstrap/SearchProfile/input_Criteria'

2022-06-30 22:32:00 - [TEST_STEP][PASSED] - click(findTestObject(path_SearchProfile + "button_Search")): Object: 'Object Repository/AdminSuiteBootstrap_Pages/VSP_Bootstrap/SearchProfile/button_Search' is clicked on

2022-06-30 22:32:02 - [MESSAGE][PASSED] - Object: 'Object Repository/AdminSuiteBootstrap_Pages/VSP_Bootstrap/SearchProfile/button_Search' is clicked on

2022-06-30 22:32:02 - [TEST_STEP][PASSED] - profNameLink = findTestData(dataFile).getValue("ProfileNameLink", row): null

2022-06-30 22:32:02 - [TEST_STEP][PASSED] - click(findTestObject(path_ViewProfile + profNameLink)): Object: 'Object Repository/AdminSuiteBootstrap_Pages/VSP_Bootstrap/View Profile/a_PaymentsAmEx' is clicked on

2022-06-30 22:32:08 - [MESSAGE][PASSED] - Object: 'Object Repository/AdminSuiteBootstrap_Pages/VSP_Bootstrap/View Profile/a_PaymentsAmEx' is clicked on

2022-06-30 22:32:08 - [TEST_STEP][PASSED] - click(findTestObject(path_ViewProfile + "a_AuthCap")): Object: 'Object Repository/AdminSuiteBootstrap_Pages/VSP_Bootstrap/View Profile/a_AuthCap' is clicked on

2022-06-30 22:32:10 - [MESSAGE][PASSED] - Object: 'Object Repository/AdminSuiteBootstrap_Pages/VSP_Bootstrap/View Profile/a_AuthCap' is clicked on

2022-06-30 22:32:10 - [TEST_STEP][PASSED] - verifyTextPresent("Credit Card Authorization Capture", true): Text 'Credit Card Authorization Capture' is present on page  using regular expression

2022-06-30 22:32:11 - [MESSAGE][PASSED] - Text 'Credit Card Authorization Capture' is present on page  using regular expression

2022-06-30 22:32:11 - [TEST_STEP][PASSED] - verifyTextPresent("Sale", true): Text 'Sale' is present on page  using regular expression

2022-06-30 22:32:11 - [MESSAGE][PASSED] - Text 'Sale' is present on page  using regular expression

2022-06-30 22:32:11 - [TEST_STEP][PASSED] - verifyTextPresent("Required fields are highlighted with an asterisk", true): Text 'Required fields are highlighted with an asterisk' is present on page  using regular expression

2022-06-30 22:32:11 - [MESSAGE][PASSED] - Text 'Required fields are highlighted with an asterisk' is present on page  using regular expression

2022-06-30 22:32:11 - [TEST_STEP][PASSED] - verifyTextPresent("Remittance ID", true): Text 'Remittance ID' is present on page  using regular expression

2022-06-30 22:32:12 - [MESSAGE][PASSED] - Text 'Remittance ID' is present on page  using regular expression

2022-06-30 22:32:12 - [TEST_STEP][PASSED] - vspBootstrap.SalePage.setDataSaleAndAuth(row, dataFile): vspBootstrap.SalePage.setDataSaleAndAuth is PASSED

2022-06-30 22:32:13 - [MESSAGE][PASSED] - All options with value 'MOTO' are selected in object 'Object Repository/AdminSuiteBootstrap_Pages/VSP_Bootstrap/VSP_Authcap/select_TransactionCategory'  using regular expression

2022-06-30 22:32:14 - [MESSAGE][PASSED] - Text '1234' is set on object 'Object Repository/AdminSuiteBootstrap_Pages/VSP_Bootstrap/VSP_Authcap/input_cvv'

2022-06-30 22:32:14 - [MESSAGE][PASSED] - Text '' is set on object 'Object Repository/AdminSuiteBootstrap_Pages/VSP_Bootstrap/VSP_Authcap/input_smsNumber'

2022-06-30 22:32:15 - [MESSAGE][PASSED] - Text '2.50' is set on object 'Object Repository/AdminSuiteBootstrap_Pages/VSP_Bootstrap/VSP_Authcap/input_amount'

2022-06-30 22:32:16 - [MESSAGE][PASSED] - Text 'Delhi' is set on object 'Object Repository/AdminSuiteBootstrap_Pages/VSP_Bootstrap/VSP_Authcap/input_userDefined1'

2022-06-30 22:32:17 - [MESSAGE][PASSED] - Text 'Chennai' is set on object 'Object Repository/AdminSuiteBootstrap_Pages/VSP_Bootstrap/VSP_Authcap/input_userDefined2'

2022-06-30 22:32:17 - [MESSAGE][PASSED] - Text 'Mumbai' is set on object 'Object Repository/AdminSuiteBootstrap_Pages/VSP_Bootstrap/VSP_Authcap/input_userDefined3'

2022-06-30 22:32:18 - [MESSAGE][PASSED] - Text 'Kanpur' is set on object 'Object Repository/AdminSuiteBootstrap_Pages/VSP_Bootstrap/VSP_Authcap/input_userDefined4'

2022-06-30 22:32:19 - [MESSAGE][PASSED] - All options with label 'Orange' are selected in object 'Object Repository/AdminSuiteBootstrap_Pages/VSP_Bootstrap/VSP_Authcap/select_UDF5'  using regular expression

2022-06-30 22:32:20 - [MESSAGE][PASSED] - All options with label 'Yellow' are selected in object 'Object Repository/AdminSuiteBootstrap_Pages/VSP_Bootstrap/VSP_Authcap/select_UDF6'  using regular expression

2022-06-30 22:32:21 - [MESSAGE][PASSED] - Text 'Kolkata' is set on object 'Object Repository/AdminSuiteBootstrap_Pages/VSP_Bootstrap/VSP_Authcap/input_userDefined7'

2022-06-30 22:32:21 - [MESSAGE][PASSED] - Text 'Pune' is set on object 'Object Repository/AdminSuiteBootstrap_Pages/VSP_Bootstrap/VSP_Authcap/input_userDefined8'

2022-06-30 22:32:22 - [MESSAGE][PASSED] - Text 'Bhavnagar' is set on object 'Object Repository/AdminSuiteBootstrap_Pages/VSP_Bootstrap/VSP_Authcap/input_userDefined9'

2022-06-30 22:32:23 - [MESSAGE][PASSED] - Text 'Noida' is set on object 'Object Repository/AdminSuiteBootstrap_Pages/VSP_Bootstrap/VSP_Authcap/input_userDefined10'

2022-06-30 22:32:25 - [MESSAGE][PASSED] - Object: 'Object Repository/AdminSuiteBootstrap_Pages/VSP_Bootstrap/VSP_Authcap/button_Submit' is clicked on

2022-06-30 22:32:25 - [MESSAGE][PASSED] - vspBootstrap.SalePage.setDataSaleAndAuth is PASSED

2022-06-30 22:32:25 - [TEST_STEP][PASSED] - verifyTextPresent("Transaction Successful", true): Text 'Transaction Successful' is present on page  using regular expression

2022-06-30 22:32:25 - [MESSAGE][PASSED] - Text 'Transaction Successful' is present on page  using regular expression

2022-06-30 22:32:25 - [TEST_STEP][PASSED] - verifyElementVisible(findTestObject("Object Repository/AdminSuiteBootstrap_Pages/VT_Bootstrap/Receipt/button_Continue")): Object 'Object Repository/AdminSuiteBootstrap_Pages/VT_Bootstrap/Receipt/button_Continue' is visible

2022-06-30 22:32:26 - [MESSAGE][PASSED] - Object 'Object Repository/AdminSuiteBootstrap_Pages/VT_Bootstrap/Receipt/button_Continue' is visible

2022-06-30 22:32:26 - [TEST_STEP][PASSED] - verifyElementPresent(findTestObject("Object Repository/AdminSuiteBootstrap_Pages/VT_Bootstrap/Receipt/button_Continue"), 20): Object 'Object Repository/AdminSuiteBootstrap_Pages/VT_Bootstrap/Receipt/button_Continue' is present

2022-06-30 22:32:26 - [MESSAGE][PASSED] - Object 'Object Repository/AdminSuiteBootstrap_Pages/VT_Bootstrap/Receipt/button_Continue' is present

2022-06-30 22:32:26 - [TEST_STEP][PASSED] - verifyElementVisible(findTestObject("Object Repository/AdminSuiteBootstrap_Pages/VT_Bootstrap/Receipt/button_Print")): Object 'Object Repository/AdminSuiteBootstrap_Pages/VT_Bootstrap/Receipt/button_Print' is visible

2022-06-30 22:32:26 - [MESSAGE][PASSED] - Object 'Object Repository/AdminSuiteBootstrap_Pages/VT_Bootstrap/Receipt/button_Print' is visible

2022-06-30 22:32:26 - [TEST_STEP][PASSED] - verifyElementPresent(findTestObject("Object Repository/AdminSuiteBootstrap_Pages/VT_Bootstrap/Receipt/button_Print"), 20): Object 'Object Repository/AdminSuiteBootstrap_Pages/VT_Bootstrap/Receipt/button_Print' is present

2022-06-30 22:32:27 - [MESSAGE][PASSED] - Object 'Object Repository/AdminSuiteBootstrap_Pages/VT_Bootstrap/Receipt/button_Print' is present

2022-06-30 22:32:27 - [TEST_STEP][PASSED] - verifyTextPresent("Remittance ID", true): Text 'Remittance ID' is present on page  using regular expression

2022-06-30 22:32:27 - [MESSAGE][PASSED] - Text 'Remittance ID' is present on page  using regular expression

2022-06-30 22:32:27 - [TEST_STEP][PASSED] - verifyTextPresent("Received", true): Text 'Received' is present on page  using regular expression

2022-06-30 22:32:27 - [MESSAGE][PASSED] - Text 'Received' is present on page  using regular expression

2022-06-30 22:32:27 - [TEST_STEP][PASSED] - verifyTextPresent("UDF1", true): Text 'UDF1' is present on page  using regular expression

2022-06-30 22:32:28 - [MESSAGE][PASSED] - Text 'UDF1' is present on page  using regular expression

2022-06-30 22:32:28 - [TEST_STEP][PASSED] - verifyTextPresent("UDF2", true): Text 'UDF2' is present on page  using regular expression

2022-06-30 22:32:28 - [MESSAGE][PASSED] - Text 'UDF2' is present on page  using regular expression

2022-06-30 22:32:28 - [TEST_STEP][PASSED] - verifyTextPresent("UDF3", true): Text 'UDF3' is present on page  using regular expression

2022-06-30 22:32:28 - [MESSAGE][PASSED] - Text 'UDF3' is present on page  using regular expression

2022-06-30 22:32:28 - [TEST_STEP][PASSED] - verifyTextPresent("UDF4", true): Text 'UDF4' is present on page  using regular expression

2022-06-30 22:32:29 - [MESSAGE][PASSED] - Text 'UDF4' is present on page  using regular expression

2022-06-30 22:32:29 - [TEST_STEP][PASSED] - verifyTextPresent("UDF5", true): Text 'UDF5' is present on page  using regular expression

2022-06-30 22:32:29 - [MESSAGE][PASSED] - Text 'UDF5' is present on page  using regular expression

2022-06-30 22:32:29 - [TEST_STEP][PASSED] - verifyTextPresent("UDF6", true): Text 'UDF6' is present on page  using regular expression

2022-06-30 22:32:29 - [MESSAGE][PASSED] - Text 'UDF6' is present on page  using regular expression

2022-06-30 22:32:29 - [TEST_STEP][PASSED] - verifyTextPresent("UDF7", true): Text 'UDF7' is present on page  using regular expression

2022-06-30 22:32:30 - [MESSAGE][PASSED] - Text 'UDF7' is present on page  using regular expression

2022-06-30 22:32:30 - [TEST_STEP][PASSED] - verifyTextPresent("UDF8", true): Text 'UDF8' is present on page  using regular expression

2022-06-30 22:32:30 - [MESSAGE][PASSED] - Text 'UDF8' is present on page  using regular expression

2022-06-30 22:32:30 - [TEST_STEP][PASSED] - verifyTextPresent("UDF9", true): Text 'UDF9' is present on page  using regular expression

2022-06-30 22:32:30 - [MESSAGE][PASSED] - Text 'UDF9' is present on page  using regular expression

2022-06-30 22:32:30 - [TEST_STEP][PASSED] - verifyTextPresent("UDF 10", true): Text 'UDF 10' is present on page  using regular expression

2022-06-30 22:32:31 - [MESSAGE][PASSED] - Text 'UDF 10' is present on page  using regular expression

2022-06-30 22:32:31 - [TEST_STEP][PASSED] - verifyTextPresent("Delhi", true): Text 'Delhi' is present on page  using regular expression

2022-06-30 22:32:31 - [MESSAGE][PASSED] - Text 'Delhi' is present on page  using regular expression

2022-06-30 22:32:31 - [TEST_STEP][PASSED] - verifyTextPresent("Chennai", true): Text 'Chennai' is present on page  using regular expression

2022-06-30 22:32:31 - [MESSAGE][PASSED] - Text 'Chennai' is present on page  using regular expression

2022-06-30 22:32:31 - [TEST_STEP][PASSED] - verifyTextPresent("Mumbai", true): Text 'Mumbai' is present on page  using regular expression

2022-06-30 22:32:32 - [MESSAGE][PASSED] - Text 'Mumbai' is present on page  using regular expression

2022-06-30 22:32:32 - [TEST_STEP][PASSED] - verifyTextPresent("Kanpur", true): Text 'Kanpur' is present on page  using regular expression

2022-06-30 22:32:32 - [MESSAGE][PASSED] - Text 'Kanpur' is present on page  using regular expression

2022-06-30 22:32:32 - [TEST_STEP][PASSED] - verifyTextPresent("Orange Recorded", true): Text 'Orange Recorded' is present on page  using regular expression

2022-06-30 22:32:32 - [MESSAGE][PASSED] - Text 'Orange Recorded' is present on page  using regular expression

2022-06-30 22:32:32 - [TEST_STEP][PASSED] - verifyTextPresent("Yellow Recorded", true): Text 'Yellow Recorded' is present on page  using regular expression

2022-06-30 22:32:33 - [MESSAGE][PASSED] - Text 'Yellow Recorded' is present on page  using regular expression

2022-06-30 22:32:33 - [TEST_STEP][PASSED] - verifyTextPresent("Kolkata", true): Text 'Kolkata' is present on page  using regular expression

2022-06-30 22:32:33 - [MESSAGE][PASSED] - Text 'Kolkata' is present on page  using regular expression

2022-06-30 22:32:33 - [TEST_STEP][PASSED] - verifyTextPresent("Pune", true): Text 'Pune' is present on page  using regular expression

2022-06-30 22:32:33 - [MESSAGE][PASSED] - Text 'Pune' is present on page  using regular expression

2022-06-30 22:32:33 - [TEST_STEP][PASSED] - verifyTextPresent("Bhavnagar", true): Text 'Bhavnagar' is present on page  using regular expression

2022-06-30 22:32:34 - [MESSAGE][PASSED] - Text 'Bhavnagar' is present on page  using regular expression

2022-06-30 22:32:34 - [TEST_STEP][PASSED] - verifyTextPresent("Noida", true): Text 'Noida' is present on page  using regular expression

2022-06-30 22:32:34 - [MESSAGE][PASSED] - Text 'Noida' is present on page  using regular expression

2022-06-30 22:32:34 - [TEST_STEP][PASSED] - verifyTextPresent("Amount", true): Text 'Amount' is present on page  using regular expression

2022-06-30 22:32:34 - [MESSAGE][PASSED] - Text 'Amount' is present on page  using regular expression

2022-06-30 22:32:34 - [TEST_STEP][PASSED] - verifyTextPresent("2.50", true): Text '2.50' is present on page  using regular expression

2022-06-30 22:32:34 - [MESSAGE][PASSED] - Text '2.50' is present on page  using regular expression

2022-06-30 22:32:34 - [TEST_STEP][PASSED] - verifyTextPresent("Authorization and Capture", true): Text 'Authorization and Capture' is present on page  using regular expression

2022-06-30 22:32:35 - [MESSAGE][PASSED] - Text 'Authorization and Capture' is present on page  using regular expression

2022-06-30 22:32:35 - [TEST_STEP][PASSED] - verifyTextPresent("Card Information", true): Text 'Card Information' is present on page  using regular expression

2022-06-30 22:32:35 - [MESSAGE][PASSED] - Text 'Card Information' is present on page  using regular expression

2022-06-30 22:32:35 - [TEST_STEP][PASSED] - verifyTextPresent("TANDON RAVENA", true): Text 'TANDON RAVENA' is present on page  using regular expression

2022-06-30 22:32:35 - [MESSAGE][PASSED] - Text 'TANDON RAVENA' is present on page  using regular expression

2022-06-30 22:32:35 - [TEST_STEP][PASSED] - verifyTextPresent("Address Line 1", true): Text 'Address Line 1' is present on page  using regular expression

2022-06-30 22:32:36 - [MESSAGE][PASSED] - Text 'Address Line 1' is present on page  using regular expression

2022-06-30 22:32:36 - [TEST_STEP][PASSED] - verifyTextPresent("Address Line 2", true): Text 'Address Line 2' is present on page  using regular expression

2022-06-30 22:32:36 - [MESSAGE][PASSED] - Text 'Address Line 2' is present on page  using regular expression

2022-06-30 22:32:36 - [TEST_STEP][PASSED] - verifyTextPresent("Country", true): Text 'Country' is present on page  using regular expression

2022-06-30 22:32:36 - [MESSAGE][PASSED] - Text 'Country' is present on page  using regular expression

2022-06-30 22:32:36 - [TEST_STEP][PASSED] - verifyTextPresent("City", true): Text 'City' is present on page  using regular expression

2022-06-30 22:32:37 - [MESSAGE][PASSED] - Text 'City' is present on page  using regular expression

2022-06-30 22:32:37 - [TEST_STEP][PASSED] - verifyTextPresent("State", true): Text 'State' is present on page  using regular expression

2022-06-30 22:32:37 - [MESSAGE][PASSED] - Text 'State' is present on page  using regular expression

2022-06-30 22:32:37 - [TEST_STEP][PASSED] - verifyTextPresent("ZIP Code", true): Text 'ZIP Code' is present on page  using regular expression

2022-06-30 22:32:37 - [MESSAGE][PASSED] - Text 'ZIP Code' is present on page  using regular expression

2022-06-30 22:32:37 - [TEST_STEP][PASSED] - verifyTextPresent("248 PhoolKaante road", true): Text '248 PhoolKaante road' is present on page  using regular expression

2022-06-30 22:32:37 - [MESSAGE][PASSED] - Text '248 PhoolKaante road' is present on page  using regular expression

2022-06-30 22:32:37 - [TEST_STEP][PASSED] - verifyTextPresent("Suite 678", true): Text 'Suite 678' is present on page  using regular expression

2022-06-30 22:32:38 - [MESSAGE][PASSED] - Text 'Suite 678' is present on page  using regular expression

2022-06-30 22:32:38 - [TEST_STEP][PASSED] - verifyTextPresent("United States", true): Text 'United States' is present on page  using regular expression

2022-06-30 22:32:38 - [MESSAGE][PASSED] - Text 'United States' is present on page  using regular expression

2022-06-30 22:32:38 - [TEST_STEP][PASSED] - verifyTextPresent("ARLINGTON", true): Text 'ARLINGTON' is present on page  using regular expression

2022-06-30 22:32:38 - [MESSAGE][PASSED] - Text 'ARLINGTON' is present on page  using regular expression

2022-06-30 22:32:38 - [TEST_STEP][PASSED] - verifyTextPresent("VA", true): Text 'VA' is present on page  using regular expression

2022-06-30 22:32:39 - [MESSAGE][PASSED] - Text 'VA' is present on page  using regular expression

2022-06-30 22:32:39 - [TEST_STEP][PASSED] - verifyTextPresent("22201", true): Text '22201' is present on page  using regular expression

2022-06-30 22:32:39 - [MESSAGE][PASSED] - Text '22201' is present on page  using regular expression

2022-06-30 22:32:39 - [TEST_STEP][PASSED] - cardTypeV = findTestData(dataFile).getValue("CardType", row): null

2022-06-30 22:32:39 - [TEST_STEP][PASSED] - last4V = findTestData(dataFile).getValue("Last4", row): null

2022-06-30 22:32:39 - [TEST_STEP][PASSED] - verifyTextPresent(cardTypeV, true): Text 'American Express' is present on page  using regular expression

2022-06-30 22:32:39 - [MESSAGE][PASSED] - Text 'American Express' is present on page  using regular expression

2022-06-30 22:32:39 - [TEST_STEP][PASSED] - verifyTextPresent(last4V, true): Text '2376' is present on page  using regular expression

2022-06-30 22:32:40 - [MESSAGE][PASSED] - Text '2376' is present on page  using regular expression

2022-06-30 22:32:40 - [TEST_STEP][PASSED] - switch (appName): null

2022-06-30 22:32:40 - [TEST_STEP][PASSED] - case "a_Access AutoSingleCFtpQA":: null

2022-06-30 22:32:40 - [TEST_STEP][PASSED] - verifyTextPresent("5.00", true): Text '5.00' is present on page  using regular expression

2022-06-30 22:32:40 - [MESSAGE][PASSED] - Text '5.00' is present on page  using regular expression

2022-06-30 22:32:40 - [TEST_STEP][PASSED] - verifyTextPresent("Single Transaction", true): Text 'Single Transaction' is present on page  using regular expression

2022-06-30 22:32:40 - [MESSAGE][PASSED] - Text 'Single Transaction' is present on page  using regular expression

2022-06-30 22:32:40 - [TEST_STEP][PASSED] - verifyTextPresent("7.50", true): Text '7.50' is present on page  using regular expression

2022-06-30 22:32:41 - [MESSAGE][PASSED] - Text '7.50' is present on page  using regular expression

2022-06-30 22:32:41 - [TEST_STEP][PASSED] - verifyTextPresent("Total Amount", true): Text 'Total Amount' is present on page  using regular expression

2022-06-30 22:32:41 - [MESSAGE][PASSED] - Text 'Total Amount' is present on page  using regular expression

2022-06-30 22:32:41 - [TEST_STEP][PASSED] - verifyTextPresent("Transaction Type", true): Text 'Transaction Type' is present on page  using regular expression

2022-06-30 22:32:41 - [MESSAGE][PASSED] - Text 'Transaction Type' is present on page  using regular expression

2022-06-30 22:32:41 - [TEST_STEP][PASSED] - break: null

2022-06-30 22:32:41 - [TEST_STEP][PASSED] - closeBrowser(): Browser is closed

2022-06-30 22:32:42 - [MESSAGE][PASSED] - Browser is closed

2022-06-30 22:32:42 - [TEST_STEP][PASSED] - ExecuteTC = findTestData(dataFile).getValue("Execute", row): null

2022-06-30 22:32:42 - [TEST_STEP][PASSED] - out.println("Value of Execute is : " + ExecuteTC): null

2022-06-30 22:32:42 - [TEST_STEP][PASSED] - switch (executionProfile): null

2022-06-30 22:32:42 - [TEST_STEP][PASSED] - case "QAProfile":: null

2022-06-30 22:32:42 - [TEST_STEP][PASSED] - appName = findTestData(dataFile).getValue("AppNameQA", row): null

2022-06-30 22:32:42 - [TEST_STEP][PASSED] - appID = findTestData(dataFile).getValue("AppIDQA", row): null

2022-06-30 22:32:42 - [TEST_STEP][PASSED] - break: null

2022-06-30 22:32:42 - [TEST_STEP][PASSED] - if (ExecuteTC.equalsIgnoreCase("Y")): null

2022-06-30 22:32:42 - [TEST_STEP][PASSED] - out.println("Begin Record Number: " + row): null

2022-06-30 22:32:42 - [TEST_STEP][PASSED] - today = new java.util.Date(): null

2022-06-30 22:32:42 - [TEST_STEP][PASSED] - println(today): null

2022-06-30 22:32:42 - [TEST_STEP][PASSED] - datText = today: null

2022-06-30 22:32:42 - [TEST_STEP][PASSED] - adminSuiteBootstrap.loginFunctionality.login_AdminSuite(): adminSuiteBootstrap.loginFunctionality.login_AdminSuite is PASSED

2022-06-30 22:32:42 - [MESSAGE][INFO] - Starting 'Chrome' driver

2022-06-30 22:32:42 - [MESSAGE][INFO] - User set preference: ['acceptInsecureCerts', 'true']

2022-06-30 22:32:42 - [MESSAGE][INFO] - Action delay is set to 0 milliseconds

2022-06-30 22:32:49 - [MESSAGE][PASSED] - Browser is opened with url: 'https://qa.velocitypayment.com/admin/imtiaz'

2022-06-30 22:32:49 - [MESSAGE][PASSED] - Current window maximized

2022-06-30 22:32:49 - [MESSAGE][PASSED] - Object 'Object Repository/Login_Page/Login_Username' is present

2022-06-30 22:32:50 - [MESSAGE][PASSED] - Text 'iahmed' is set on object 'Object Repository/Login_Page/Login_Username'

2022-06-30 22:32:51 - [MESSAGE][PASSED] - Text 'hello2222' is set on object 'Object Repository/Login_Page/Login_Password'

2022-06-30 22:32:55 - [MESSAGE][PASSED] - Object: 'Object Repository/Login_Page/Login_Submit' is clicked on

2022-06-30 22:32:55 - [MESSAGE][PASSED] - adminSuiteBootstrap.loginFunctionality.login_AdminSuite is PASSED

2022-06-30 22:32:55 - [TEST_STEP][PASSED] - click(findTestObject(path_Dashboard + appName)): Object: 'Object Repository/AdminSuiteBootstrap_Pages/Dashboard_Bootstrap/a_Access AutoSingleCFtpQA' is clicked on

2022-06-30 22:32:56 - [MESSAGE][PASSED] - Object: 'Object Repository/AdminSuiteBootstrap_Pages/Dashboard_Bootstrap/a_Access AutoSingleCFtpQA' is clicked on

2022-06-30 22:32:56 - [TEST_STEP][PASSED] - click(findTestObject(path_VT + "a_Find Profile")): Object: 'Object Repository/AdminSuiteBootstrap_Pages/VT_Bootstrap/IssueTransactions/a_Find Profile' is clicked on

2022-06-30 22:32:56 - [MESSAGE][PASSED] - Object: 'Object Repository/AdminSuiteBootstrap_Pages/VT_Bootstrap/IssueTransactions/a_Find Profile' is clicked on

2022-06-30 22:32:56 - [TEST_STEP][PASSED] - criteria = <not implemented yet for class: org.codehaus.groovy.ast.expr.EmptyExpression>: null

2022-06-30 22:32:56 - [TEST_STEP][PASSED] - searchBy = <not implemented yet for class: org.codehaus.groovy.ast.expr.EmptyExpression>: null

2022-06-30 22:32:56 - [TEST_STEP][PASSED] - criteria = findTestData(dataFile).getValue("ProfileName", row): null

2022-06-30 22:32:56 - [TEST_STEP][PASSED] - path_SearchProfile = "Object Repository/AdminSuiteBootstrap_Pages/VSP_Bootstrap/SearchProfile/": null

2022-06-30 22:32:56 - [TEST_STEP][PASSED] - setText(findTestObject(path_SearchProfile + "input_Criteria"), criteria): Text 'PaymentsDI' is set on object 'Object Repository/AdminSuiteBootstrap_Pages/VSP_Bootstrap/SearchProfile/input_Criteria'

2022-06-30 22:32:57 - [MESSAGE][PASSED] - Text 'PaymentsDI' is set on object 'Object Repository/AdminSuiteBootstrap_Pages/VSP_Bootstrap/SearchProfile/input_Criteria'

2022-06-30 22:32:57 - [TEST_STEP][PASSED] - click(findTestObject(path_SearchProfile + "button_Search")): Object: 'Object Repository/AdminSuiteBootstrap_Pages/VSP_Bootstrap/SearchProfile/button_Search' is clicked on

2022-06-30 22:32:59 - [MESSAGE][PASSED] - Object: 'Object Repository/AdminSuiteBootstrap_Pages/VSP_Bootstrap/SearchProfile/button_Search' is clicked on

2022-06-30 22:32:59 - [TEST_STEP][PASSED] - profNameLink = findTestData(dataFile).getValue("ProfileNameLink", row): null

2022-06-30 22:32:59 - [TEST_STEP][PASSED] - click(findTestObject(path_ViewProfile + profNameLink)): Object: 'Object Repository/AdminSuiteBootstrap_Pages/VSP_Bootstrap/View Profile/a_PaymentsDI' is clicked on

2022-06-30 22:33:01 - [MESSAGE][PASSED] - Object: 'Object Repository/AdminSuiteBootstrap_Pages/VSP_Bootstrap/View Profile/a_PaymentsDI' is clicked on

2022-06-30 22:33:01 - [TEST_STEP][PASSED] - click(findTestObject(path_ViewProfile + "a_AuthCap")): Object: 'Object Repository/AdminSuiteBootstrap_Pages/VSP_Bootstrap/View Profile/a_AuthCap' is clicked on

2022-06-30 22:33:02 - [MESSAGE][PASSED] - Object: 'Object Repository/AdminSuiteBootstrap_Pages/VSP_Bootstrap/View Profile/a_AuthCap' is clicked on

2022-06-30 22:33:02 - [TEST_STEP][PASSED] - verifyTextPresent("Credit Card Authorization Capture", true): Text 'Credit Card Authorization Capture' is present on page  using regular expression

2022-06-30 22:33:03 - [MESSAGE][PASSED] - Text 'Credit Card Authorization Capture' is present on page  using regular expression

2022-06-30 22:33:03 - [TEST_STEP][PASSED] - verifyTextPresent("Sale", true): Text 'Sale' is present on page  using regular expression

2022-06-30 22:33:03 - [MESSAGE][PASSED] - Text 'Sale' is present on page  using regular expression

2022-06-30 22:33:03 - [TEST_STEP][PASSED] - verifyTextPresent("Required fields are highlighted with an asterisk", true): Text 'Required fields are highlighted with an asterisk' is present on page  using regular expression

2022-06-30 22:33:04 - [MESSAGE][PASSED] - Text 'Required fields are highlighted with an asterisk' is present on page  using regular expression

2022-06-30 22:33:04 - [TEST_STEP][PASSED] - verifyTextPresent("Remittance ID", true): Text 'Remittance ID' is present on page  using regular expression

2022-06-30 22:33:04 - [MESSAGE][PASSED] - Text 'Remittance ID' is present on page  using regular expression

2022-06-30 22:33:04 - [TEST_STEP][PASSED] - vspBootstrap.SalePage.setDataSaleAndAuth(row, dataFile): vspBootstrap.SalePage.setDataSaleAndAuth is PASSED

2022-06-30 22:33:05 - [MESSAGE][PASSED] - All options with value 'MOTO' are selected in object 'Object Repository/AdminSuiteBootstrap_Pages/VSP_Bootstrap/VSP_Authcap/select_TransactionCategory'  using regular expression

2022-06-30 22:33:06 - [MESSAGE][PASSED] - Text '123' is set on object 'Object Repository/AdminSuiteBootstrap_Pages/VSP_Bootstrap/VSP_Authcap/input_cvv'

2022-06-30 22:33:07 - [MESSAGE][PASSED] - Text '' is set on object 'Object Repository/AdminSuiteBootstrap_Pages/VSP_Bootstrap/VSP_Authcap/input_smsNumber'

2022-06-30 22:33:07 - [MESSAGE][PASSED] - Text '2.50' is set on object 'Object Repository/AdminSuiteBootstrap_Pages/VSP_Bootstrap/VSP_Authcap/input_amount'

2022-06-30 22:33:08 - [MESSAGE][PASSED] - Text 'Delhi' is set on object 'Object Repository/AdminSuiteBootstrap_Pages/VSP_Bootstrap/VSP_Authcap/input_userDefined1'

2022-06-30 22:33:09 - [MESSAGE][PASSED] - Text 'Chennai' is set on object 'Object Repository/AdminSuiteBootstrap_Pages/VSP_Bootstrap/VSP_Authcap/input_userDefined2'

2022-06-30 22:33:10 - [MESSAGE][PASSED] - Text 'Mumbai' is set on object 'Object Repository/AdminSuiteBootstrap_Pages/VSP_Bootstrap/VSP_Authcap/input_userDefined3'

2022-06-30 22:33:10 - [MESSAGE][PASSED] - Text 'Kanpur' is set on object 'Object Repository/AdminSuiteBootstrap_Pages/VSP_Bootstrap/VSP_Authcap/input_userDefined4'

2022-06-30 22:33:11 - [MESSAGE][PASSED] - All options with label 'Orange' are selected in object 'Object Repository/AdminSuiteBootstrap_Pages/VSP_Bootstrap/VSP_Authcap/select_UDF5'  using regular expression

2022-06-30 22:33:12 - [MESSAGE][PASSED] - All options with label 'Yellow' are selected in object 'Object Repository/AdminSuiteBootstrap_Pages/VSP_Bootstrap/VSP_Authcap/select_UDF6'  using regular expression

2022-06-30 22:33:13 - [MESSAGE][PASSED] - Text 'Kolkata' is set on object 'Object Repository/AdminSuiteBootstrap_Pages/VSP_Bootstrap/VSP_Authcap/input_userDefined7'

2022-06-30 22:33:14 - [MESSAGE][PASSED] - Text 'Pune' is set on object 'Object Repository/AdminSuiteBootstrap_Pages/VSP_Bootstrap/VSP_Authcap/input_userDefined8'

2022-06-30 22:33:14 - [MESSAGE][PASSED] - Text 'Bhavnagar' is set on object 'Object Repository/AdminSuiteBootstrap_Pages/VSP_Bootstrap/VSP_Authcap/input_userDefined9'

2022-06-30 22:33:15 - [MESSAGE][PASSED] - Text 'Noida' is set on object 'Object Repository/AdminSuiteBootstrap_Pages/VSP_Bootstrap/VSP_Authcap/input_userDefined10'

2022-06-30 22:33:17 - [MESSAGE][PASSED] - Object: 'Object Repository/AdminSuiteBootstrap_Pages/VSP_Bootstrap/VSP_Authcap/button_Submit' is clicked on

2022-06-30 22:33:17 - [MESSAGE][PASSED] - vspBootstrap.SalePage.setDataSaleAndAuth is PASSED

2022-06-30 22:33:17 - [TEST_STEP][PASSED] - verifyTextPresent("Transaction Successful", true): Text 'Transaction Successful' is present on page  using regular expression

2022-06-30 22:33:18 - [MESSAGE][PASSED] - Text 'Transaction Successful' is present on page  using regular expression

2022-06-30 22:33:18 - [TEST_STEP][PASSED] - verifyElementVisible(findTestObject("Object Repository/AdminSuiteBootstrap_Pages/VT_Bootstrap/Receipt/button_Continue")): Object 'Object Repository/AdminSuiteBootstrap_Pages/VT_Bootstrap/Receipt/button_Continue' is visible

2022-06-30 22:33:18 - [MESSAGE][PASSED] - Object 'Object Repository/AdminSuiteBootstrap_Pages/VT_Bootstrap/Receipt/button_Continue' is visible

2022-06-30 22:33:18 - [TEST_STEP][PASSED] - verifyElementPresent(findTestObject("Object Repository/AdminSuiteBootstrap_Pages/VT_Bootstrap/Receipt/button_Continue"), 20): Object 'Object Repository/AdminSuiteBootstrap_Pages/VT_Bootstrap/Receipt/button_Continue' is present

2022-06-30 22:33:18 - [MESSAGE][PASSED] - Object 'Object Repository/AdminSuiteBootstrap_Pages/VT_Bootstrap/Receipt/button_Continue' is present

2022-06-30 22:33:18 - [TEST_STEP][PASSED] - verifyElementVisible(findTestObject("Object Repository/AdminSuiteBootstrap_Pages/VT_Bootstrap/Receipt/button_Print")): Object 'Object Repository/AdminSuiteBootstrap_Pages/VT_Bootstrap/Receipt/button_Print' is visible

2022-06-30 22:33:18 - [MESSAGE][PASSED] - Object 'Object Repository/AdminSuiteBootstrap_Pages/VT_Bootstrap/Receipt/button_Print' is visible

2022-06-30 22:33:18 - [TEST_STEP][PASSED] - verifyElementPresent(findTestObject("Object Repository/AdminSuiteBootstrap_Pages/VT_Bootstrap/Receipt/button_Print"), 20): Object 'Object Repository/AdminSuiteBootstrap_Pages/VT_Bootstrap/Receipt/button_Print' is present

2022-06-30 22:33:19 - [MESSAGE][PASSED] - Object 'Object Repository/AdminSuiteBootstrap_Pages/VT_Bootstrap/Receipt/button_Print' is present

2022-06-30 22:33:19 - [TEST_STEP][PASSED] - verifyTextPresent("Remittance ID", true): Text 'Remittance ID' is present on page  using regular expression

2022-06-30 22:33:19 - [MESSAGE][PASSED] - Text 'Remittance ID' is present on page  using regular expression

2022-06-30 22:33:19 - [TEST_STEP][PASSED] - verifyTextPresent("Received", true): Text 'Received' is present on page  using regular expression

2022-06-30 22:33:20 - [MESSAGE][PASSED] - Text 'Received' is present on page  using regular expression

2022-06-30 22:33:20 - [TEST_STEP][PASSED] - verifyTextPresent("UDF1", true): Text 'UDF1' is present on page  using regular expression

2022-06-30 22:33:20 - [MESSAGE][PASSED] - Text 'UDF1' is present on page  using regular expression

2022-06-30 22:33:20 - [TEST_STEP][PASSED] - verifyTextPresent("UDF2", true): Text 'UDF2' is present on page  using regular expression

2022-06-30 22:33:20 - [MESSAGE][PASSED] - Text 'UDF2' is present on page  using regular expression

2022-06-30 22:33:20 - [TEST_STEP][PASSED] - verifyTextPresent("UDF3", true): Text 'UDF3' is present on page  using regular expression

2022-06-30 22:33:21 - [MESSAGE][PASSED] - Text 'UDF3' is present on page  using regular expression

2022-06-30 22:33:21 - [TEST_STEP][PASSED] - verifyTextPresent("UDF4", true): Text 'UDF4' is present on page  using regular expression

2022-06-30 22:33:21 - [MESSAGE][PASSED] - Text 'UDF4' is present on page  using regular expression

2022-06-30 22:33:21 - [TEST_STEP][PASSED] - verifyTextPresent("UDF5", true): Text 'UDF5' is present on page  using regular expression

2022-06-30 22:33:21 - [MESSAGE][PASSED] - Text 'UDF5' is present on page  using regular expression

2022-06-30 22:33:21 - [TEST_STEP][PASSED] - verifyTextPresent("UDF6", true): Text 'UDF6' is present on page  using regular expression

2022-06-30 22:33:22 - [MESSAGE][PASSED] - Text 'UDF6' is present on page  using regular expression

2022-06-30 22:33:22 - [TEST_STEP][PASSED] - verifyTextPresent("UDF7", true): Text 'UDF7' is present on page  using regular expression

2022-06-30 22:33:22 - [MESSAGE][PASSED] - Text 'UDF7' is present on page  using regular expression

2022-06-30 22:33:22 - [TEST_STEP][PASSED] - verifyTextPresent("UDF8", true): Text 'UDF8' is present on page  using regular expression

2022-06-30 22:33:22 - [MESSAGE][PASSED] - Text 'UDF8' is present on page  using regular expression

2022-06-30 22:33:22 - [TEST_STEP][PASSED] - verifyTextPresent("UDF9", true): Text 'UDF9' is present on page  using regular expression

2022-06-30 22:33:23 - [MESSAGE][PASSED] - Text 'UDF9' is present on page  using regular expression

2022-06-30 22:33:23 - [TEST_STEP][PASSED] - verifyTextPresent("UDF 10", true): Text 'UDF 10' is present on page  using regular expression

2022-06-30 22:33:23 - [MESSAGE][PASSED] - Text 'UDF 10' is present on page  using regular expression

2022-06-30 22:33:23 - [TEST_STEP][PASSED] - verifyTextPresent("Delhi", true): Text 'Delhi' is present on page  using regular expression

2022-06-30 22:33:23 - [MESSAGE][PASSED] - Text 'Delhi' is present on page  using regular expression

2022-06-30 22:33:23 - [TEST_STEP][PASSED] - verifyTextPresent("Chennai", true): Text 'Chennai' is present on page  using regular expression

2022-06-30 22:33:24 - [MESSAGE][PASSED] - Text 'Chennai' is present on page  using regular expression

2022-06-30 22:33:24 - [TEST_STEP][PASSED] - verifyTextPresent("Mumbai", true): Text 'Mumbai' is present on page  using regular expression

2022-06-30 22:33:24 - [MESSAGE][PASSED] - Text 'Mumbai' is present on page  using regular expression

2022-06-30 22:33:24 - [TEST_STEP][PASSED] - verifyTextPresent("Kanpur", true): Text 'Kanpur' is present on page  using regular expression

2022-06-30 22:33:25 - [MESSAGE][PASSED] - Text 'Kanpur' is present on page  using regular expression

2022-06-30 22:33:25 - [TEST_STEP][PASSED] - verifyTextPresent("Orange Recorded", true): Text 'Orange Recorded' is present on page  using regular expression

2022-06-30 22:33:25 - [MESSAGE][PASSED] - Text 'Orange Recorded' is present on page  using regular expression

2022-06-30 22:33:25 - [TEST_STEP][PASSED] - verifyTextPresent("Yellow Recorded", true): Text 'Yellow Recorded' is present on page  using regular expression

2022-06-30 22:33:25 - [MESSAGE][PASSED] - Text 'Yellow Recorded' is present on page  using regular expression

2022-06-30 22:33:25 - [TEST_STEP][PASSED] - verifyTextPresent("Kolkata", true): Text 'Kolkata' is present on page  using regular expression

2022-06-30 22:33:26 - [MESSAGE][PASSED] - Text 'Kolkata' is present on page  using regular expression

2022-06-30 22:33:26 - [TEST_STEP][PASSED] - verifyTextPresent("Pune", true): Text 'Pune' is present on page  using regular expression

2022-06-30 22:33:26 - [MESSAGE][PASSED] - Text 'Pune' is present on page  using regular expression

2022-06-30 22:33:26 - [TEST_STEP][PASSED] - verifyTextPresent("Bhavnagar", true): Text 'Bhavnagar' is present on page  using regular expression

2022-06-30 22:33:26 - [MESSAGE][PASSED] - Text 'Bhavnagar' is present on page  using regular expression

2022-06-30 22:33:26 - [TEST_STEP][PASSED] - verifyTextPresent("Noida", true): Text 'Noida' is present on page  using regular expression

2022-06-30 22:33:26 - [MESSAGE][PASSED] - Text 'Noida' is present on page  using regular expression

2022-06-30 22:33:26 - [TEST_STEP][PASSED] - verifyTextPresent("Amount", true): Text 'Amount' is present on page  using regular expression

2022-06-30 22:33:27 - [MESSAGE][PASSED] - Text 'Amount' is present on page  using regular expression

2022-06-30 22:33:27 - [TEST_STEP][PASSED] - verifyTextPresent("2.50", true): Text '2.50' is present on page  using regular expression

2022-06-30 22:33:27 - [MESSAGE][PASSED] - Text '2.50' is present on page  using regular expression

2022-06-30 22:33:27 - [TEST_STEP][PASSED] - verifyTextPresent("Authorization and Capture", true): Text 'Authorization and Capture' is present on page  using regular expression

2022-06-30 22:33:27 - [MESSAGE][PASSED] - Text 'Authorization and Capture' is present on page  using regular expression

2022-06-30 22:33:27 - [TEST_STEP][PASSED] - verifyTextPresent("Card Information", true): Text 'Card Information' is present on page  using regular expression

2022-06-30 22:33:28 - [MESSAGE][PASSED] - Text 'Card Information' is present on page  using regular expression

2022-06-30 22:33:28 - [TEST_STEP][PASSED] - verifyTextPresent("TANDON RAVENA", true): Text 'TANDON RAVENA' is present on page  using regular expression

2022-06-30 22:33:28 - [MESSAGE][PASSED] - Text 'TANDON RAVENA' is present on page  using regular expression

2022-06-30 22:33:28 - [TEST_STEP][PASSED] - verifyTextPresent("Address Line 1", true): Text 'Address Line 1' is present on page  using regular expression

2022-06-30 22:33:28 - [MESSAGE][PASSED] - Text 'Address Line 1' is present on page  using regular expression

2022-06-30 22:33:28 - [TEST_STEP][PASSED] - verifyTextPresent("Address Line 2", true): Text 'Address Line 2' is present on page  using regular expression

2022-06-30 22:33:29 - [MESSAGE][PASSED] - Text 'Address Line 2' is present on page  using regular expression

2022-06-30 22:33:29 - [TEST_STEP][PASSED] - verifyTextPresent("Country", true): Text 'Country' is present on page  using regular expression

2022-06-30 22:33:29 - [MESSAGE][PASSED] - Text 'Country' is present on page  using regular expression

2022-06-30 22:33:29 - [TEST_STEP][PASSED] - verifyTextPresent("City", true): Text 'City' is present on page  using regular expression

2022-06-30 22:33:30 - [MESSAGE][PASSED] - Text 'City' is present on page  using regular expression

2022-06-30 22:33:30 - [TEST_STEP][PASSED] - verifyTextPresent("State", true): Text 'State' is present on page  using regular expression

2022-06-30 22:33:30 - [MESSAGE][PASSED] - Text 'State' is present on page  using regular expression

2022-06-30 22:33:30 - [TEST_STEP][PASSED] - verifyTextPresent("ZIP Code", true): Text 'ZIP Code' is present on page  using regular expression

2022-06-30 22:33:30 - [MESSAGE][PASSED] - Text 'ZIP Code' is present on page  using regular expression

2022-06-30 22:33:30 - [TEST_STEP][PASSED] - verifyTextPresent("248 PhoolKaante road", true): Text '248 PhoolKaante road' is present on page  using regular expression

2022-06-30 22:33:30 - [MESSAGE][PASSED] - Text '248 PhoolKaante road' is present on page  using regular expression

2022-06-30 22:33:30 - [TEST_STEP][PASSED] - verifyTextPresent("Suite 678", true): Text 'Suite 678' is present on page  using regular expression

2022-06-30 22:33:31 - [MESSAGE][PASSED] - Text 'Suite 678' is present on page  using regular expression

2022-06-30 22:33:31 - [TEST_STEP][PASSED] - verifyTextPresent("United States", true): Text 'United States' is present on page  using regular expression

2022-06-30 22:33:31 - [MESSAGE][PASSED] - Text 'United States' is present on page  using regular expression

2022-06-30 22:33:31 - [TEST_STEP][PASSED] - verifyTextPresent("ARLINGTON", true): Text 'ARLINGTON' is present on page  using regular expression

2022-06-30 22:33:31 - [MESSAGE][PASSED] - Text 'ARLINGTON' is present on page  using regular expression

2022-06-30 22:33:31 - [TEST_STEP][PASSED] - verifyTextPresent("VA", true): Text 'VA' is present on page  using regular expression

2022-06-30 22:33:32 - [MESSAGE][PASSED] - Text 'VA' is present on page  using regular expression

2022-06-30 22:33:32 - [TEST_STEP][PASSED] - verifyTextPresent("22201", true): Text '22201' is present on page  using regular expression

2022-06-30 22:33:32 - [MESSAGE][PASSED] - Text '22201' is present on page  using regular expression

2022-06-30 22:33:32 - [TEST_STEP][PASSED] - cardTypeV = findTestData(dataFile).getValue("CardType", row): null

2022-06-30 22:33:32 - [TEST_STEP][PASSED] - last4V = findTestData(dataFile).getValue("Last4", row): null

2022-06-30 22:33:32 - [TEST_STEP][PASSED] - verifyTextPresent(cardTypeV, true): Text 'Discover' is present on page  using regular expression

2022-06-30 22:33:32 - [MESSAGE][PASSED] - Text 'Discover' is present on page  using regular expression

2022-06-30 22:33:32 - [TEST_STEP][PASSED] - verifyTextPresent(last4V, true): Text '6909' is present on page  using regular expression

2022-06-30 22:33:33 - [MESSAGE][PASSED] - Text '6909' is present on page  using regular expression

2022-06-30 22:33:33 - [TEST_STEP][PASSED] - switch (appName): null

2022-06-30 22:33:33 - [TEST_STEP][PASSED] - case "a_Access AutoSingleCFtpQA":: null

2022-06-30 22:33:33 - [TEST_STEP][PASSED] - verifyTextPresent("5.00", true): Text '5.00' is present on page  using regular expression

2022-06-30 22:33:33 - [MESSAGE][PASSED] - Text '5.00' is present on page  using regular expression

2022-06-30 22:33:33 - [TEST_STEP][PASSED] - verifyTextPresent("Single Transaction", true): Text 'Single Transaction' is present on page  using regular expression

2022-06-30 22:33:33 - [MESSAGE][PASSED] - Text 'Single Transaction' is present on page  using regular expression

2022-06-30 22:33:33 - [TEST_STEP][PASSED] - verifyTextPresent("7.50", true): Text '7.50' is present on page  using regular expression

2022-06-30 22:33:34 - [MESSAGE][PASSED] - Text '7.50' is present on page  using regular expression

2022-06-30 22:33:34 - [TEST_STEP][PASSED] - verifyTextPresent("Total Amount", true): Text 'Total Amount' is present on page  using regular expression

2022-06-30 22:33:34 - [MESSAGE][PASSED] - Text 'Total Amount' is present on page  using regular expression

2022-06-30 22:33:34 - [TEST_STEP][PASSED] - verifyTextPresent("Transaction Type", true): Text 'Transaction Type' is present on page  using regular expression

2022-06-30 22:33:34 - [MESSAGE][PASSED] - Text 'Transaction Type' is present on page  using regular expression

2022-06-30 22:33:34 - [TEST_STEP][PASSED] - break: null

2022-06-30 22:33:34 - [TEST_STEP][PASSED] - closeBrowser(): Browser is closed

2022-06-30 22:33:35 - [MESSAGE][PASSED] - Browser is closed

2022-06-30 22:33:35 - [TEST_STEP][PASSED] - ExecuteTC = findTestData(dataFile).getValue("Execute", row): null

2022-06-30 22:33:35 - [TEST_STEP][PASSED] - out.println("Value of Execute is : " + ExecuteTC): null

2022-06-30 22:33:35 - [TEST_STEP][PASSED] - switch (executionProfile): null

2022-06-30 22:33:35 - [TEST_STEP][PASSED] - case "QAProfile":: null

2022-06-30 22:33:35 - [TEST_STEP][PASSED] - appName = findTestData(dataFile).getValue("AppNameQA", row): null

2022-06-30 22:33:35 - [TEST_STEP][PASSED] - appID = findTestData(dataFile).getValue("AppIDQA", row): null

2022-06-30 22:33:35 - [TEST_STEP][PASSED] - break: null

2022-06-30 22:33:35 - [TEST_STEP][PASSED] - if (ExecuteTC.equalsIgnoreCase("Y")): null

2022-06-30 22:33:35 - [TEST_STEP][PASSED] - out.println("Begin Record Number: " + row): null

2022-06-30 22:33:35 - [TEST_STEP][PASSED] - today = new java.util.Date(): null

2022-06-30 22:33:35 - [TEST_STEP][PASSED] - println(today): null

2022-06-30 22:33:35 - [TEST_STEP][PASSED] - datText = today: null

2022-06-30 22:33:35 - [TEST_STEP][PASSED] - adminSuiteBootstrap.loginFunctionality.login_AdminSuite(): adminSuiteBootstrap.loginFunctionality.login_AdminSuite is PASSED

2022-06-30 22:33:35 - [MESSAGE][INFO] - Starting 'Chrome' driver

2022-06-30 22:33:35 - [MESSAGE][INFO] - User set preference: ['acceptInsecureCerts', 'true']

2022-06-30 22:33:35 - [MESSAGE][INFO] - Action delay is set to 0 milliseconds

2022-06-30 22:33:39 - [MESSAGE][PASSED] - Browser is opened with url: 'https://qa.velocitypayment.com/admin/imtiaz'

2022-06-30 22:33:39 - [MESSAGE][PASSED] - Current window maximized

2022-06-30 22:33:39 - [MESSAGE][PASSED] - Object 'Object Repository/Login_Page/Login_Username' is present

2022-06-30 22:33:40 - [MESSAGE][PASSED] - Text 'iahmed' is set on object 'Object Repository/Login_Page/Login_Username'

2022-06-30 22:33:40 - [MESSAGE][PASSED] - Text 'hello2222' is set on object 'Object Repository/Login_Page/Login_Password'

2022-06-30 22:33:46 - [MESSAGE][PASSED] - Object: 'Object Repository/Login_Page/Login_Submit' is clicked on

2022-06-30 22:33:46 - [MESSAGE][PASSED] - adminSuiteBootstrap.loginFunctionality.login_AdminSuite is PASSED

2022-06-30 22:33:46 - [TEST_STEP][PASSED] - click(findTestObject(path_Dashboard + appName)): Object: 'Object Repository/AdminSuiteBootstrap_Pages/Dashboard_Bootstrap/a_Access AutoSingleCFtpQA' is clicked on

2022-06-30 22:33:47 - [MESSAGE][PASSED] - Object: 'Object Repository/AdminSuiteBootstrap_Pages/Dashboard_Bootstrap/a_Access AutoSingleCFtpQA' is clicked on

2022-06-30 22:33:47 - [TEST_STEP][PASSED] - click(findTestObject(path_VT + "a_Find Profile")): Object: 'Object Repository/AdminSuiteBootstrap_Pages/VT_Bootstrap/IssueTransactions/a_Find Profile' is clicked on

2022-06-30 22:33:48 - [MESSAGE][PASSED] - Object: 'Object Repository/AdminSuiteBootstrap_Pages/VT_Bootstrap/IssueTransactions/a_Find Profile' is clicked on

2022-06-30 22:33:48 - [TEST_STEP][PASSED] - criteria = <not implemented yet for class: org.codehaus.groovy.ast.expr.EmptyExpression>: null

2022-06-30 22:33:48 - [TEST_STEP][PASSED] - searchBy = <not implemented yet for class: org.codehaus.groovy.ast.expr.EmptyExpression>: null

2022-06-30 22:33:48 - [TEST_STEP][PASSED] - criteria = findTestData(dataFile).getValue("ProfileName", row): null

2022-06-30 22:33:48 - [TEST_STEP][PASSED] - path_SearchProfile = "Object Repository/AdminSuiteBootstrap_Pages/VSP_Bootstrap/SearchProfile/": null

2022-06-30 22:33:48 - [TEST_STEP][PASSED] - setText(findTestObject(path_SearchProfile + "input_Criteria"), criteria): Text 'PaymentsVisa' is set on object 'Object Repository/AdminSuiteBootstrap_Pages/VSP_Bootstrap/SearchProfile/input_Criteria'

2022-06-30 22:33:48 - [MESSAGE][PASSED] - Text 'PaymentsVisa' is set on object 'Object Repository/AdminSuiteBootstrap_Pages/VSP_Bootstrap/SearchProfile/input_Criteria'

2022-06-30 22:33:48 - [TEST_STEP][PASSED] - click(findTestObject(path_SearchProfile + "button_Search")): Object: 'Object Repository/AdminSuiteBootstrap_Pages/VSP_Bootstrap/SearchProfile/button_Search' is clicked on

2022-06-30 22:33:50 - [MESSAGE][PASSED] - Object: 'Object Repository/AdminSuiteBootstrap_Pages/VSP_Bootstrap/SearchProfile/button_Search' is clicked on

2022-06-30 22:33:50 - [TEST_STEP][PASSED] - profNameLink = findTestData(dataFile).getValue("ProfileNameLink", row): null

2022-06-30 22:33:50 - [TEST_STEP][PASSED] - click(findTestObject(path_ViewProfile + profNameLink)): Object: 'Object Repository/AdminSuiteBootstrap_Pages/VSP_Bootstrap/View Profile/a_PaymentsVisa' is clicked on

2022-06-30 22:33:52 - [MESSAGE][PASSED] - Object: 'Object Repository/AdminSuiteBootstrap_Pages/VSP_Bootstrap/View Profile/a_PaymentsVisa' is clicked on

2022-06-30 22:33:52 - [TEST_STEP][PASSED] - click(findTestObject(path_ViewProfile + "a_AuthCap")): Object: 'Object Repository/AdminSuiteBootstrap_Pages/VSP_Bootstrap/View Profile/a_AuthCap' is clicked on

2022-06-30 22:33:54 - [MESSAGE][PASSED] - Object: 'Object Repository/AdminSuiteBootstrap_Pages/VSP_Bootstrap/View Profile/a_AuthCap' is clicked on

2022-06-30 22:33:54 - [TEST_STEP][PASSED] - verifyTextPresent("Credit Card Authorization Capture", true): Text 'Credit Card Authorization Capture' is present on page  using regular expression

2022-06-30 22:33:54 - [MESSAGE][PASSED] - Text 'Credit Card Authorization Capture' is present on page  using regular expression

2022-06-30 22:33:54 - [TEST_STEP][PASSED] - verifyTextPresent("Sale", true): Text 'Sale' is present on page  using regular expression

2022-06-30 22:33:55 - [MESSAGE][PASSED] - Text 'Sale' is present on page  using regular expression

2022-06-30 22:33:55 - [TEST_STEP][PASSED] - verifyTextPresent("Required fields are highlighted with an asterisk", true): Text 'Required fields are highlighted with an asterisk' is present on page  using regular expression

2022-06-30 22:33:55 - [MESSAGE][PASSED] - Text 'Required fields are highlighted with an asterisk' is present on page  using regular expression

2022-06-30 22:33:55 - [TEST_STEP][PASSED] - verifyTextPresent("Remittance ID", true): Text 'Remittance ID' is present on page  using regular expression

2022-06-30 22:33:56 - [MESSAGE][PASSED] - Text 'Remittance ID' is present on page  using regular expression

2022-06-30 22:33:56 - [TEST_STEP][PASSED] - vspBootstrap.SalePage.setDataSaleAndAuth(row, dataFile): vspBootstrap.SalePage.setDataSaleAndAuth is PASSED

2022-06-30 22:33:57 - [MESSAGE][PASSED] - All options with value 'RETL' are selected in object 'Object Repository/AdminSuiteBootstrap_Pages/VSP_Bootstrap/VSP_Authcap/select_TransactionCategory'  using regular expression

2022-06-30 22:33:58 - [MESSAGE][PASSED] - Text '123' is set on object 'Object Repository/AdminSuiteBootstrap_Pages/VSP_Bootstrap/VSP_Authcap/input_cvv'

2022-06-30 22:33:58 - [MESSAGE][PASSED] - Text '' is set on object 'Object Repository/AdminSuiteBootstrap_Pages/VSP_Bootstrap/VSP_Authcap/input_smsNumber'

2022-06-30 22:33:59 - [MESSAGE][PASSED] - Text '2.50' is set on object 'Object Repository/AdminSuiteBootstrap_Pages/VSP_Bootstrap/VSP_Authcap/input_amount'

2022-06-30 22:34:00 - [MESSAGE][PASSED] - Text 'Delhi' is set on object 'Object Repository/AdminSuiteBootstrap_Pages/VSP_Bootstrap/VSP_Authcap/input_userDefined1'

2022-06-30 22:34:01 - [MESSAGE][PASSED] - Text 'Chennai' is set on object 'Object Repository/AdminSuiteBootstrap_Pages/VSP_Bootstrap/VSP_Authcap/input_userDefined2'

2022-06-30 22:34:01 - [MESSAGE][PASSED] - Text 'Mumbai' is set on object 'Object Repository/AdminSuiteBootstrap_Pages/VSP_Bootstrap/VSP_Authcap/input_userDefined3'

2022-06-30 22:34:02 - [MESSAGE][PASSED] - Text 'Kanpur' is set on object 'Object Repository/AdminSuiteBootstrap_Pages/VSP_Bootstrap/VSP_Authcap/input_userDefined4'

2022-06-30 22:34:03 - [MESSAGE][PASSED] - All options with label 'Orange' are selected in object 'Object Repository/AdminSuiteBootstrap_Pages/VSP_Bootstrap/VSP_Authcap/select_UDF5'  using regular expression

2022-06-30 22:34:04 - [MESSAGE][PASSED] - All options with label 'Yellow' are selected in object 'Object Repository/AdminSuiteBootstrap_Pages/VSP_Bootstrap/VSP_Authcap/select_UDF6'  using regular expression

2022-06-30 22:34:04 - [MESSAGE][PASSED] - Text 'Kolkata' is set on object 'Object Repository/AdminSuiteBootstrap_Pages/VSP_Bootstrap/VSP_Authcap/input_userDefined7'

2022-06-30 22:34:05 - [MESSAGE][PASSED] - Text 'Pune' is set on object 'Object Repository/AdminSuiteBootstrap_Pages/VSP_Bootstrap/VSP_Authcap/input_userDefined8'

2022-06-30 22:34:06 - [MESSAGE][PASSED] - Text 'Bhavnagar' is set on object 'Object Repository/AdminSuiteBootstrap_Pages/VSP_Bootstrap/VSP_Authcap/input_userDefined9'

2022-06-30 22:34:06 - [MESSAGE][PASSED] - Text 'Noida' is set on object 'Object Repository/AdminSuiteBootstrap_Pages/VSP_Bootstrap/VSP_Authcap/input_userDefined10'

2022-06-30 22:34:08 - [MESSAGE][PASSED] - Object: 'Object Repository/AdminSuiteBootstrap_Pages/VSP_Bootstrap/VSP_Authcap/button_Submit' is clicked on

2022-06-30 22:34:08 - [MESSAGE][PASSED] - vspBootstrap.SalePage.setDataSaleAndAuth is PASSED

2022-06-30 22:34:08 - [TEST_STEP][PASSED] - verifyTextPresent("Transaction Successful", true): Text 'Transaction Successful' is present on page  using regular expression

2022-06-30 22:34:09 - [MESSAGE][PASSED] - Text 'Transaction Successful' is present on page  using regular expression

2022-06-30 22:34:09 - [TEST_STEP][PASSED] - verifyElementVisible(findTestObject("Object Repository/AdminSuiteBootstrap_Pages/VT_Bootstrap/Receipt/button_Continue")): Object 'Object Repository/AdminSuiteBootstrap_Pages/VT_Bootstrap/Receipt/button_Continue' is visible

2022-06-30 22:34:09 - [MESSAGE][PASSED] - Object 'Object Repository/AdminSuiteBootstrap_Pages/VT_Bootstrap/Receipt/button_Continue' is visible

2022-06-30 22:34:09 - [TEST_STEP][PASSED] - verifyElementPresent(findTestObject("Object Repository/AdminSuiteBootstrap_Pages/VT_Bootstrap/Receipt/button_Continue"), 20): Object 'Object Repository/AdminSuiteBootstrap_Pages/VT_Bootstrap/Receipt/button_Continue' is present

2022-06-30 22:34:10 - [MESSAGE][PASSED] - Object 'Object Repository/AdminSuiteBootstrap_Pages/VT_Bootstrap/Receipt/button_Continue' is present

2022-06-30 22:34:10 - [TEST_STEP][PASSED] - verifyElementVisible(findTestObject("Object Repository/AdminSuiteBootstrap_Pages/VT_Bootstrap/Receipt/button_Print")): Object 'Object Repository/AdminSuiteBootstrap_Pages/VT_Bootstrap/Receipt/button_Print' is visible

2022-06-30 22:34:10 - [MESSAGE][PASSED] - Object 'Object Repository/AdminSuiteBootstrap_Pages/VT_Bootstrap/Receipt/button_Print' is visible

2022-06-30 22:34:10 - [TEST_STEP][PASSED] - verifyElementPresent(findTestObject("Object Repository/AdminSuiteBootstrap_Pages/VT_Bootstrap/Receipt/button_Print"), 20): Object 'Object Repository/AdminSuiteBootstrap_Pages/VT_Bootstrap/Receipt/button_Print' is present

2022-06-30 22:34:10 - [MESSAGE][PASSED] - Object 'Object Repository/AdminSuiteBootstrap_Pages/VT_Bootstrap/Receipt/button_Print' is present

2022-06-30 22:34:10 - [TEST_STEP][PASSED] - verifyTextPresent("Remittance ID", true): Text 'Remittance ID' is present on page  using regular expression

2022-06-30 22:34:11 - [MESSAGE][PASSED] - Text 'Remittance ID' is present on page  using regular expression

2022-06-30 22:34:11 - [TEST_STEP][PASSED] - verifyTextPresent("Received", true): Text 'Received' is present on page  using regular expression

2022-06-30 22:34:11 - [MESSAGE][PASSED] - Text 'Received' is present on page  using regular expression

2022-06-30 22:34:11 - [TEST_STEP][PASSED] - verifyTextPresent("UDF1", true): Text 'UDF1' is present on page  using regular expression

2022-06-30 22:34:11 - [MESSAGE][PASSED] - Text 'UDF1' is present on page  using regular expression

2022-06-30 22:34:11 - [TEST_STEP][PASSED] - verifyTextPresent("UDF2", true): Text 'UDF2' is present on page  using regular expression

2022-06-30 22:34:12 - [MESSAGE][PASSED] - Text 'UDF2' is present on page  using regular expression

2022-06-30 22:34:12 - [TEST_STEP][PASSED] - verifyTextPresent("UDF3", true): Text 'UDF3' is present on page  using regular expression

2022-06-30 22:34:12 - [MESSAGE][PASSED] - Text 'UDF3' is present on page  using regular expression

2022-06-30 22:34:12 - [TEST_STEP][PASSED] - verifyTextPresent("UDF4", true): Text 'UDF4' is present on page  using regular expression

2022-06-30 22:34:12 - [MESSAGE][PASSED] - Text 'UDF4' is present on page  using regular expression

2022-06-30 22:34:12 - [TEST_STEP][PASSED] - verifyTextPresent("UDF5", true): Text 'UDF5' is present on page  using regular expression

2022-06-30 22:34:13 - [MESSAGE][PASSED] - Text 'UDF5' is present on page  using regular expression

2022-06-30 22:34:13 - [TEST_STEP][PASSED] - verifyTextPresent("UDF6", true): Text 'UDF6' is present on page  using regular expression

2022-06-30 22:34:13 - [MESSAGE][PASSED] - Text 'UDF6' is present on page  using regular expression

2022-06-30 22:34:13 - [TEST_STEP][PASSED] - verifyTextPresent("UDF7", true): Text 'UDF7' is present on page  using regular expression

2022-06-30 22:34:13 - [MESSAGE][PASSED] - Text 'UDF7' is present on page  using regular expression

2022-06-30 22:34:13 - [TEST_STEP][PASSED] - verifyTextPresent("UDF8", true): Text 'UDF8' is present on page  using regular expression

2022-06-30 22:34:14 - [MESSAGE][PASSED] - Text 'UDF8' is present on page  using regular expression

2022-06-30 22:34:14 - [TEST_STEP][PASSED] - verifyTextPresent("UDF9", true): Text 'UDF9' is present on page  using regular expression

2022-06-30 22:34:14 - [MESSAGE][PASSED] - Text 'UDF9' is present on page  using regular expression

2022-06-30 22:34:14 - [TEST_STEP][PASSED] - verifyTextPresent("UDF 10", true): Text 'UDF 10' is present on page  using regular expression

2022-06-30 22:34:14 - [MESSAGE][PASSED] - Text 'UDF 10' is present on page  using regular expression

2022-06-30 22:34:14 - [TEST_STEP][PASSED] - verifyTextPresent("Delhi", true): Text 'Delhi' is present on page  using regular expression

2022-06-30 22:34:14 - [MESSAGE][PASSED] - Text 'Delhi' is present on page  using regular expression

2022-06-30 22:34:14 - [TEST_STEP][PASSED] - verifyTextPresent("Chennai", true): Text 'Chennai' is present on page  using regular expression

2022-06-30 22:34:15 - [MESSAGE][PASSED] - Text 'Chennai' is present on page  using regular expression

2022-06-30 22:34:15 - [TEST_STEP][PASSED] - verifyTextPresent("Mumbai", true): Text 'Mumbai' is present on page  using regular expression

2022-06-30 22:34:15 - [MESSAGE][PASSED] - Text 'Mumbai' is present on page  using regular expression

2022-06-30 22:34:15 - [TEST_STEP][PASSED] - verifyTextPresent("Kanpur", true): Text 'Kanpur' is present on page  using regular expression

2022-06-30 22:34:15 - [MESSAGE][PASSED] - Text 'Kanpur' is present on page  using regular expression

2022-06-30 22:34:15 - [TEST_STEP][PASSED] - verifyTextPresent("Orange Recorded", true): Text 'Orange Recorded' is present on page  using regular expression

2022-06-30 22:34:16 - [MESSAGE][PASSED] - Text 'Orange Recorded' is present on page  using regular expression

2022-06-30 22:34:16 - [TEST_STEP][PASSED] - verifyTextPresent("Yellow Recorded", true): Text 'Yellow Recorded' is present on page  using regular expression

2022-06-30 22:34:16 - [MESSAGE][PASSED] - Text 'Yellow Recorded' is present on page  using regular expression

2022-06-30 22:34:16 - [TEST_STEP][PASSED] - verifyTextPresent("Kolkata", true): Text 'Kolkata' is present on page  using regular expression

2022-06-30 22:34:16 - [MESSAGE][PASSED] - Text 'Kolkata' is present on page  using regular expression

2022-06-30 22:34:16 - [TEST_STEP][PASSED] - verifyTextPresent("Pune", true): Text 'Pune' is present on page  using regular expression

2022-06-30 22:34:17 - [MESSAGE][PASSED] - Text 'Pune' is present on page  using regular expression

2022-06-30 22:34:17 - [TEST_STEP][PASSED] - verifyTextPresent("Bhavnagar", true): Text 'Bhavnagar' is present on page  using regular expression

2022-06-30 22:34:17 - [MESSAGE][PASSED] - Text 'Bhavnagar' is present on page  using regular expression

2022-06-30 22:34:17 - [TEST_STEP][PASSED] - verifyTextPresent("Noida", true): Text 'Noida' is present on page  using regular expression

2022-06-30 22:34:17 - [MESSAGE][PASSED] - Text 'Noida' is present on page  using regular expression

2022-06-30 22:34:17 - [TEST_STEP][PASSED] - verifyTextPresent("Amount", true): Text 'Amount' is present on page  using regular expression

2022-06-30 22:34:18 - [MESSAGE][PASSED] - Text 'Amount' is present on page  using regular expression

2022-06-30 22:34:18 - [TEST_STEP][PASSED] - verifyTextPresent("2.50", true): Text '2.50' is present on page  using regular expression

2022-06-30 22:34:18 - [MESSAGE][PASSED] - Text '2.50' is present on page  using regular expression

2022-06-30 22:34:18 - [TEST_STEP][PASSED] - verifyTextPresent("Authorization and Capture", true): Text 'Authorization and Capture' is present on page  using regular expression

2022-06-30 22:34:18 - [MESSAGE][PASSED] - Text 'Authorization and Capture' is present on page  using regular expression

2022-06-30 22:34:18 - [TEST_STEP][PASSED] - verifyTextPresent("Card Information", true): Text 'Card Information' is present on page  using regular expression

2022-06-30 22:34:18 - [MESSAGE][PASSED] - Text 'Card Information' is present on page  using regular expression

2022-06-30 22:34:18 - [TEST_STEP][PASSED] - verifyTextPresent("TANDON RAVENA", true): Text 'TANDON RAVENA' is present on page  using regular expression

2022-06-30 22:34:19 - [MESSAGE][PASSED] - Text 'TANDON RAVENA' is present on page  using regular expression

2022-06-30 22:34:19 - [TEST_STEP][PASSED] - verifyTextPresent("Address Line 1", true): Text 'Address Line 1' is present on page  using regular expression

2022-06-30 22:34:19 - [MESSAGE][PASSED] - Text 'Address Line 1' is present on page  using regular expression

2022-06-30 22:34:19 - [TEST_STEP][PASSED] - verifyTextPresent("Address Line 2", true): Text 'Address Line 2' is present on page  using regular expression

2022-06-30 22:34:19 - [MESSAGE][PASSED] - Text 'Address Line 2' is present on page  using regular expression

2022-06-30 22:34:19 - [TEST_STEP][PASSED] - verifyTextPresent("Country", true): Text 'Country' is present on page  using regular expression

2022-06-30 22:34:20 - [MESSAGE][PASSED] - Text 'Country' is present on page  using regular expression

2022-06-30 22:34:20 - [TEST_STEP][PASSED] - verifyTextPresent("City", true): Text 'City' is present on page  using regular expression

2022-06-30 22:34:20 - [MESSAGE][PASSED] - Text 'City' is present on page  using regular expression

2022-06-30 22:34:20 - [TEST_STEP][PASSED] - verifyTextPresent("State", true): Text 'State' is present on page  using regular expression

2022-06-30 22:34:20 - [MESSAGE][PASSED] - Text 'State' is present on page  using regular expression

2022-06-30 22:34:20 - [TEST_STEP][PASSED] - verifyTextPresent("ZIP Code", true): Text 'ZIP Code' is present on page  using regular expression

2022-06-30 22:34:21 - [MESSAGE][PASSED] - Text 'ZIP Code' is present on page  using regular expression

2022-06-30 22:34:21 - [TEST_STEP][PASSED] - verifyTextPresent("248 PhoolKaante road", true): Text '248 PhoolKaante road' is present on page  using regular expression

2022-06-30 22:34:21 - [MESSAGE][PASSED] - Text '248 PhoolKaante road' is present on page  using regular expression

2022-06-30 22:34:21 - [TEST_STEP][PASSED] - verifyTextPresent("Suite 678", true): Text 'Suite 678' is present on page  using regular expression

2022-06-30 22:34:21 - [MESSAGE][PASSED] - Text 'Suite 678' is present on page  using regular expression

2022-06-30 22:34:21 - [TEST_STEP][PASSED] - verifyTextPresent("United States", true): Text 'United States' is present on page  using regular expression

2022-06-30 22:34:22 - [MESSAGE][PASSED] - Text 'United States' is present on page  using regular expression

2022-06-30 22:34:22 - [TEST_STEP][PASSED] - verifyTextPresent("ARLINGTON", true): Text 'ARLINGTON' is present on page  using regular expression

2022-06-30 22:34:22 - [MESSAGE][PASSED] - Text 'ARLINGTON' is present on page  using regular expression

2022-06-30 22:34:22 - [TEST_STEP][PASSED] - verifyTextPresent("VA", true): Text 'VA' is present on page  using regular expression

2022-06-30 22:34:22 - [MESSAGE][PASSED] - Text 'VA' is present on page  using regular expression

2022-06-30 22:34:22 - [TEST_STEP][PASSED] - verifyTextPresent("22201", true): Text '22201' is present on page  using regular expression

2022-06-30 22:34:23 - [MESSAGE][PASSED] - Text '22201' is present on page  using regular expression

2022-06-30 22:34:23 - [TEST_STEP][PASSED] - cardTypeV = findTestData(dataFile).getValue("CardType", row): null

2022-06-30 22:34:23 - [TEST_STEP][PASSED] - last4V = findTestData(dataFile).getValue("Last4", row): null

2022-06-30 22:34:23 - [TEST_STEP][PASSED] - verifyTextPresent(cardTypeV, true): Text 'Visa' is present on page  using regular expression

2022-06-30 22:34:23 - [MESSAGE][PASSED] - Text 'Visa' is present on page  using regular expression

2022-06-30 22:34:23 - [TEST_STEP][PASSED] - verifyTextPresent(last4V, true): Text '5439' is present on page  using regular expression

2022-06-30 22:34:23 - [MESSAGE][PASSED] - Text '5439' is present on page  using regular expression

2022-06-30 22:34:23 - [TEST_STEP][PASSED] - switch (appName): null

2022-06-30 22:34:23 - [TEST_STEP][PASSED] - case "a_Access AutoSingleCFtpQA":: null

2022-06-30 22:34:23 - [TEST_STEP][PASSED] - verifyTextPresent("5.00", true): Text '5.00' is present on page  using regular expression

2022-06-30 22:34:24 - [MESSAGE][PASSED] - Text '5.00' is present on page  using regular expression

2022-06-30 22:34:24 - [TEST_STEP][PASSED] - verifyTextPresent("Single Transaction", true): Text 'Single Transaction' is present on page  using regular expression

2022-06-30 22:34:24 - [MESSAGE][PASSED] - Text 'Single Transaction' is present on page  using regular expression

2022-06-30 22:34:24 - [TEST_STEP][PASSED] - verifyTextPresent("7.50", true): Text '7.50' is present on page  using regular expression

2022-06-30 22:34:24 - [MESSAGE][PASSED] - Text '7.50' is present on page  using regular expression

2022-06-30 22:34:24 - [TEST_STEP][PASSED] - verifyTextPresent("Total Amount", true): Text 'Total Amount' is present on page  using regular expression

2022-06-30 22:34:25 - [MESSAGE][PASSED] - Text 'Total Amount' is present on page  using regular expression

2022-06-30 22:34:25 - [TEST_STEP][PASSED] - verifyTextPresent("Transaction Type", true): Text 'Transaction Type' is present on page  using regular expression

2022-06-30 22:34:25 - [MESSAGE][PASSED] - Text 'Transaction Type' is present on page  using regular expression

2022-06-30 22:34:25 - [TEST_STEP][PASSED] - break: null

2022-06-30 22:34:25 - [TEST_STEP][PASSED] - closeBrowser(): Browser is closed

2022-06-30 22:34:26 - [MESSAGE][PASSED] - Browser is closed

2022-06-30 22:34:26 - [TEST_STEP][PASSED] - ExecuteTC = findTestData(dataFile).getValue("Execute", row): null

2022-06-30 22:34:26 - [TEST_STEP][PASSED] - out.println("Value of Execute is : " + ExecuteTC): null

2022-06-30 22:34:26 - [TEST_STEP][PASSED] - switch (executionProfile): null

2022-06-30 22:34:26 - [TEST_STEP][PASSED] - case "QAProfile":: null

2022-06-30 22:34:26 - [TEST_STEP][PASSED] - appName = findTestData(dataFile).getValue("AppNameQA", row): null

2022-06-30 22:34:26 - [TEST_STEP][PASSED] - appID = findTestData(dataFile).getValue("AppIDQA", row): null

2022-06-30 22:34:26 - [TEST_STEP][PASSED] - break: null

2022-06-30 22:34:26 - [TEST_STEP][PASSED] - if (ExecuteTC.equalsIgnoreCase("Y")): null

2022-06-30 22:34:26 - [TEST_STEP][PASSED] - out.println("Begin Record Number: " + row): null

2022-06-30 22:34:26 - [TEST_STEP][PASSED] - today = new java.util.Date(): null

2022-06-30 22:34:26 - [TEST_STEP][PASSED] - println(today): null

2022-06-30 22:34:26 - [TEST_STEP][PASSED] - datText = today: null

2022-06-30 22:34:26 - [TEST_STEP][PASSED] - adminSuiteBootstrap.loginFunctionality.login_AdminSuite(): adminSuiteBootstrap.loginFunctionality.login_AdminSuite is PASSED

2022-06-30 22:34:26 - [MESSAGE][INFO] - Starting 'Chrome' driver

2022-06-30 22:34:26 - [MESSAGE][INFO] - User set preference: ['acceptInsecureCerts', 'true']

2022-06-30 22:34:26 - [MESSAGE][INFO] - Action delay is set to 0 milliseconds

2022-06-30 22:34:30 - [MESSAGE][PASSED] - Browser is opened with url: 'https://qa.velocitypayment.com/admin/imtiaz'

2022-06-30 22:34:30 - [MESSAGE][PASSED] - Current window maximized

2022-06-30 22:34:30 - [MESSAGE][PASSED] - Object 'Object Repository/Login_Page/Login_Username' is present

2022-06-30 22:34:31 - [MESSAGE][PASSED] - Text 'iahmed' is set on object 'Object Repository/Login_Page/Login_Username'

2022-06-30 22:34:32 - [MESSAGE][PASSED] - Text 'hello2222' is set on object 'Object Repository/Login_Page/Login_Password'

2022-06-30 22:34:37 - [MESSAGE][PASSED] - Object: 'Object Repository/Login_Page/Login_Submit' is clicked on

2022-06-30 22:34:37 - [MESSAGE][PASSED] - adminSuiteBootstrap.loginFunctionality.login_AdminSuite is PASSED

2022-06-30 22:34:37 - [TEST_STEP][PASSED] - click(findTestObject(path_Dashboard + appName)): Object: 'Object Repository/AdminSuiteBootstrap_Pages/Dashboard_Bootstrap/a_Access AutoSingleCFtpQA' is clicked on

2022-06-30 22:34:38 - [MESSAGE][PASSED] - Object: 'Object Repository/AdminSuiteBootstrap_Pages/Dashboard_Bootstrap/a_Access AutoSingleCFtpQA' is clicked on

2022-06-30 22:34:38 - [TEST_STEP][PASSED] - click(findTestObject(path_VT + "a_Find Profile")): Object: 'Object Repository/AdminSuiteBootstrap_Pages/VT_Bootstrap/IssueTransactions/a_Find Profile' is clicked on

2022-06-30 22:34:38 - [MESSAGE][PASSED] - Object: 'Object Repository/AdminSuiteBootstrap_Pages/VT_Bootstrap/IssueTransactions/a_Find Profile' is clicked on

2022-06-30 22:34:38 - [TEST_STEP][PASSED] - criteria = <not implemented yet for class: org.codehaus.groovy.ast.expr.EmptyExpression>: null

2022-06-30 22:34:38 - [TEST_STEP][PASSED] - searchBy = <not implemented yet for class: org.codehaus.groovy.ast.expr.EmptyExpression>: null

2022-06-30 22:34:38 - [TEST_STEP][PASSED] - criteria = findTestData(dataFile).getValue("ProfileName", row): null

2022-06-30 22:34:38 - [TEST_STEP][PASSED] - path_SearchProfile = "Object Repository/AdminSuiteBootstrap_Pages/VSP_Bootstrap/SearchProfile/": null

2022-06-30 22:34:38 - [TEST_STEP][PASSED] - setText(findTestObject(path_SearchProfile + "input_Criteria"), criteria): Text 'PaymentsMC' is set on object 'Object Repository/AdminSuiteBootstrap_Pages/VSP_Bootstrap/SearchProfile/input_Criteria'

2022-06-30 22:34:39 - [MESSAGE][PASSED] - Text 'PaymentsMC' is set on object 'Object Repository/AdminSuiteBootstrap_Pages/VSP_Bootstrap/SearchProfile/input_Criteria'

2022-06-30 22:34:39 - [TEST_STEP][PASSED] - click(findTestObject(path_SearchProfile + "button_Search")): Object: 'Object Repository/AdminSuiteBootstrap_Pages/VSP_Bootstrap/SearchProfile/button_Search' is clicked on

2022-06-30 22:34:40 - [MESSAGE][PASSED] - Object: 'Object Repository/AdminSuiteBootstrap_Pages/VSP_Bootstrap/SearchProfile/button_Search' is clicked on

2022-06-30 22:34:40 - [TEST_STEP][PASSED] - profNameLink = findTestData(dataFile).getValue("ProfileNameLink", row): null

2022-06-30 22:34:40 - [TEST_STEP][PASSED] - click(findTestObject(path_ViewProfile + profNameLink)): Object: 'Object Repository/AdminSuiteBootstrap_Pages/VSP_Bootstrap/View Profile/a_PaymentsMC' is clicked on

2022-06-30 22:34:44 - [MESSAGE][PASSED] - Object: 'Object Repository/AdminSuiteBootstrap_Pages/VSP_Bootstrap/View Profile/a_PaymentsMC' is clicked on

2022-06-30 22:34:44 - [TEST_STEP][PASSED] - click(findTestObject(path_ViewProfile + "a_AuthCap")): Object: 'Object Repository/AdminSuiteBootstrap_Pages/VSP_Bootstrap/View Profile/a_AuthCap' is clicked on

2022-06-30 22:34:47 - [MESSAGE][PASSED] - Object: 'Object Repository/AdminSuiteBootstrap_Pages/VSP_Bootstrap/View Profile/a_AuthCap' is clicked on

2022-06-30 22:34:47 - [TEST_STEP][PASSED] - verifyTextPresent("Credit Card Authorization Capture", true): Text 'Credit Card Authorization Capture' is present on page  using regular expression

2022-06-30 22:34:47 - [MESSAGE][PASSED] - Text 'Credit Card Authorization Capture' is present on page  using regular expression

2022-06-30 22:34:47 - [TEST_STEP][PASSED] - verifyTextPresent("Sale", true): Text 'Sale' is present on page  using regular expression

2022-06-30 22:34:48 - [MESSAGE][PASSED] - Text 'Sale' is present on page  using regular expression

2022-06-30 22:34:48 - [TEST_STEP][PASSED] - verifyTextPresent("Required fields are highlighted with an asterisk", true): Text 'Required fields are highlighted with an asterisk' is present on page  using regular expression

2022-06-30 22:34:48 - [MESSAGE][PASSED] - Text 'Required fields are highlighted with an asterisk' is present on page  using regular expression

2022-06-30 22:34:48 - [TEST_STEP][PASSED] - verifyTextPresent("Remittance ID", true): Text 'Remittance ID' is present on page  using regular expression

2022-06-30 22:34:48 - [MESSAGE][PASSED] - Text 'Remittance ID' is present on page  using regular expression

2022-06-30 22:34:48 - [TEST_STEP][PASSED] - vspBootstrap.SalePage.setDataSaleAndAuth(row, dataFile): vspBootstrap.SalePage.setDataSaleAndAuth is PASSED

2022-06-30 22:34:50 - [MESSAGE][PASSED] - All options with value 'RETL' are selected in object 'Object Repository/AdminSuiteBootstrap_Pages/VSP_Bootstrap/VSP_Authcap/select_TransactionCategory'  using regular expression

2022-06-30 22:34:51 - [MESSAGE][PASSED] - Text '123' is set on object 'Object Repository/AdminSuiteBootstrap_Pages/VSP_Bootstrap/VSP_Authcap/input_cvv'

2022-06-30 22:34:51 - [MESSAGE][PASSED] - Text '' is set on object 'Object Repository/AdminSuiteBootstrap_Pages/VSP_Bootstrap/VSP_Authcap/input_smsNumber'

2022-06-30 22:34:52 - [MESSAGE][PASSED] - Text '2.50' is set on object 'Object Repository/AdminSuiteBootstrap_Pages/VSP_Bootstrap/VSP_Authcap/input_amount'

2022-06-30 22:34:53 - [MESSAGE][PASSED] - Text 'Delhi' is set on object 'Object Repository/AdminSuiteBootstrap_Pages/VSP_Bootstrap/VSP_Authcap/input_userDefined1'

2022-06-30 22:34:54 - [MESSAGE][PASSED] - Text 'Chennai' is set on object 'Object Repository/AdminSuiteBootstrap_Pages/VSP_Bootstrap/VSP_Authcap/input_userDefined2'

2022-06-30 22:34:54 - [MESSAGE][PASSED] - Text 'Mumbai' is set on object 'Object Repository/AdminSuiteBootstrap_Pages/VSP_Bootstrap/VSP_Authcap/input_userDefined3'

2022-06-30 22:34:55 - [MESSAGE][PASSED] - Text 'Kanpur' is set on object 'Object Repository/AdminSuiteBootstrap_Pages/VSP_Bootstrap/VSP_Authcap/input_userDefined4'

2022-06-30 22:34:56 - [MESSAGE][PASSED] - All options with label 'Orange' are selected in object 'Object Repository/AdminSuiteBootstrap_Pages/VSP_Bootstrap/VSP_Authcap/select_UDF5'  using regular expression

2022-06-30 22:34:57 - [MESSAGE][PASSED] - All options with label 'Yellow' are selected in object 'Object Repository/AdminSuiteBootstrap_Pages/VSP_Bootstrap/VSP_Authcap/select_UDF6'  using regular expression

2022-06-30 22:34:57 - [MESSAGE][PASSED] - Text 'Kolkata' is set on object 'Object Repository/AdminSuiteBootstrap_Pages/VSP_Bootstrap/VSP_Authcap/input_userDefined7'

2022-06-30 22:34:58 - [MESSAGE][PASSED] - Text 'Pune' is set on object 'Object Repository/AdminSuiteBootstrap_Pages/VSP_Bootstrap/VSP_Authcap/input_userDefined8'

2022-06-30 22:34:59 - [MESSAGE][PASSED] - Text 'Bhavnagar' is set on object 'Object Repository/AdminSuiteBootstrap_Pages/VSP_Bootstrap/VSP_Authcap/input_userDefined9'

2022-06-30 22:35:00 - [MESSAGE][PASSED] - Text 'Noida' is set on object 'Object Repository/AdminSuiteBootstrap_Pages/VSP_Bootstrap/VSP_Authcap/input_userDefined10'

2022-06-30 22:35:02 - [MESSAGE][PASSED] - Object: 'Object Repository/AdminSuiteBootstrap_Pages/VSP_Bootstrap/VSP_Authcap/button_Submit' is clicked on

2022-06-30 22:35:02 - [MESSAGE][PASSED] - vspBootstrap.SalePage.setDataSaleAndAuth is PASSED

2022-06-30 22:35:02 - [TEST_STEP][PASSED] - verifyTextPresent("Transaction Successful", true): Text 'Transaction Successful' is present on page  using regular expression

2022-06-30 22:35:02 - [MESSAGE][PASSED] - Text 'Transaction Successful' is present on page  using regular expression

2022-06-30 22:35:02 - [TEST_STEP][PASSED] - verifyElementVisible(findTestObject("Object Repository/AdminSuiteBootstrap_Pages/VT_Bootstrap/Receipt/button_Continue")): Object 'Object Repository/AdminSuiteBootstrap_Pages/VT_Bootstrap/Receipt/button_Continue' is visible

2022-06-30 22:35:03 - [MESSAGE][PASSED] - Object 'Object Repository/AdminSuiteBootstrap_Pages/VT_Bootstrap/Receipt/button_Continue' is visible

2022-06-30 22:35:03 - [TEST_STEP][PASSED] - verifyElementPresent(findTestObject("Object Repository/AdminSuiteBootstrap_Pages/VT_Bootstrap/Receipt/button_Continue"), 20): Object 'Object Repository/AdminSuiteBootstrap_Pages/VT_Bootstrap/Receipt/button_Continue' is present

2022-06-30 22:35:03 - [MESSAGE][PASSED] - Object 'Object Repository/AdminSuiteBootstrap_Pages/VT_Bootstrap/Receipt/button_Continue' is present

2022-06-30 22:35:03 - [TEST_STEP][PASSED] - verifyElementVisible(findTestObject("Object Repository/AdminSuiteBootstrap_Pages/VT_Bootstrap/Receipt/button_Print")): Object 'Object Repository/AdminSuiteBootstrap_Pages/VT_Bootstrap/Receipt/button_Print' is visible

2022-06-30 22:35:03 - [MESSAGE][PASSED] - Object 'Object Repository/AdminSuiteBootstrap_Pages/VT_Bootstrap/Receipt/button_Print' is visible

2022-06-30 22:35:03 - [TEST_STEP][PASSED] - verifyElementPresent(findTestObject("Object Repository/AdminSuiteBootstrap_Pages/VT_Bootstrap/Receipt/button_Print"), 20): Object 'Object Repository/AdminSuiteBootstrap_Pages/VT_Bootstrap/Receipt/button_Print' is present

2022-06-30 22:35:04 - [MESSAGE][PASSED] - Object 'Object Repository/AdminSuiteBootstrap_Pages/VT_Bootstrap/Receipt/button_Print' is present

2022-06-30 22:35:04 - [TEST_STEP][PASSED] - verifyTextPresent("Remittance ID", true): Text 'Remittance ID' is present on page  using regular expression

2022-06-30 22:35:04 - [MESSAGE][PASSED] - Text 'Remittance ID' is present on page  using regular expression

2022-06-30 22:35:04 - [TEST_STEP][PASSED] - verifyTextPresent("Received", true): Text 'Received' is present on page  using regular expression

2022-06-30 22:35:04 - [MESSAGE][PASSED] - Text 'Received' is present on page  using regular expression

2022-06-30 22:35:04 - [TEST_STEP][PASSED] - verifyTextPresent("UDF1", true): Text 'UDF1' is present on page  using regular expression

2022-06-30 22:35:05 - [MESSAGE][PASSED] - Text 'UDF1' is present on page  using regular expression

2022-06-30 22:35:05 - [TEST_STEP][PASSED] - verifyTextPresent("UDF2", true): Text 'UDF2' is present on page  using regular expression

2022-06-30 22:35:05 - [MESSAGE][PASSED] - Text 'UDF2' is present on page  using regular expression

2022-06-30 22:35:05 - [TEST_STEP][PASSED] - verifyTextPresent("UDF3", true): Text 'UDF3' is present on page  using regular expression

2022-06-30 22:35:05 - [MESSAGE][PASSED] - Text 'UDF3' is present on page  using regular expression

2022-06-30 22:35:05 - [TEST_STEP][PASSED] - verifyTextPresent("UDF4", true): Text 'UDF4' is present on page  using regular expression

2022-06-30 22:35:05 - [MESSAGE][PASSED] - Text 'UDF4' is present on page  using regular expression

2022-06-30 22:35:05 - [TEST_STEP][PASSED] - verifyTextPresent("UDF5", true): Text 'UDF5' is present on page  using regular expression

2022-06-30 22:35:06 - [MESSAGE][PASSED] - Text 'UDF5' is present on page  using regular expression

2022-06-30 22:35:06 - [TEST_STEP][PASSED] - verifyTextPresent("UDF6", true): Text 'UDF6' is present on page  using regular expression

2022-06-30 22:35:06 - [MESSAGE][PASSED] - Text 'UDF6' is present on page  using regular expression

2022-06-30 22:35:06 - [TEST_STEP][PASSED] - verifyTextPresent("UDF7", true): Text 'UDF7' is present on page  using regular expression

2022-06-30 22:35:06 - [MESSAGE][PASSED] - Text 'UDF7' is present on page  using regular expression

2022-06-30 22:35:06 - [TEST_STEP][PASSED] - verifyTextPresent("UDF8", true): Text 'UDF8' is present on page  using regular expression

2022-06-30 22:35:07 - [MESSAGE][PASSED] - Text 'UDF8' is present on page  using regular expression

2022-06-30 22:35:07 - [TEST_STEP][PASSED] - verifyTextPresent("UDF9", true): Text 'UDF9' is present on page  using regular expression

2022-06-30 22:35:07 - [MESSAGE][PASSED] - Text 'UDF9' is present on page  using regular expression

2022-06-30 22:35:07 - [TEST_STEP][PASSED] - verifyTextPresent("UDF 10", true): Text 'UDF 10' is present on page  using regular expression

2022-06-30 22:35:07 - [MESSAGE][PASSED] - Text 'UDF 10' is present on page  using regular expression

2022-06-30 22:35:07 - [TEST_STEP][PASSED] - verifyTextPresent("Delhi", true): Text 'Delhi' is present on page  using regular expression

2022-06-30 22:35:08 - [MESSAGE][PASSED] - Text 'Delhi' is present on page  using regular expression

2022-06-30 22:35:08 - [TEST_STEP][PASSED] - verifyTextPresent("Chennai", true): Text 'Chennai' is present on page  using regular expression

2022-06-30 22:35:08 - [MESSAGE][PASSED] - Text 'Chennai' is present on page  using regular expression

2022-06-30 22:35:08 - [TEST_STEP][PASSED] - verifyTextPresent("Mumbai", true): Text 'Mumbai' is present on page  using regular expression

2022-06-30 22:35:08 - [MESSAGE][PASSED] - Text 'Mumbai' is present on page  using regular expression

2022-06-30 22:35:08 - [TEST_STEP][PASSED] - verifyTextPresent("Kanpur", true): Text 'Kanpur' is present on page  using regular expression

2022-06-30 22:35:08 - [MESSAGE][PASSED] - Text 'Kanpur' is present on page  using regular expression

2022-06-30 22:35:08 - [TEST_STEP][PASSED] - verifyTextPresent("Orange Recorded", true): Text 'Orange Recorded' is present on page  using regular expression

2022-06-30 22:35:09 - [MESSAGE][PASSED] - Text 'Orange Recorded' is present on page  using regular expression

2022-06-30 22:35:09 - [TEST_STEP][PASSED] - verifyTextPresent("Yellow Recorded", true): Text 'Yellow Recorded' is present on page  using regular expression

2022-06-30 22:35:09 - [MESSAGE][PASSED] - Text 'Yellow Recorded' is present on page  using regular expression

2022-06-30 22:35:09 - [TEST_STEP][PASSED] - verifyTextPresent("Kolkata", true): Text 'Kolkata' is present on page  using regular expression

2022-06-30 22:35:09 - [MESSAGE][PASSED] - Text 'Kolkata' is present on page  using regular expression

2022-06-30 22:35:09 - [TEST_STEP][PASSED] - verifyTextPresent("Pune", true): Text 'Pune' is present on page  using regular expression

2022-06-30 22:35:10 - [MESSAGE][PASSED] - Text 'Pune' is present on page  using regular expression

2022-06-30 22:35:10 - [TEST_STEP][PASSED] - verifyTextPresent("Bhavnagar", true): Text 'Bhavnagar' is present on page  using regular expression

2022-06-30 22:35:10 - [MESSAGE][PASSED] - Text 'Bhavnagar' is present on page  using regular expression

2022-06-30 22:35:10 - [TEST_STEP][PASSED] - verifyTextPresent("Noida", true): Text 'Noida' is present on page  using regular expression

2022-06-30 22:35:10 - [MESSAGE][PASSED] - Text 'Noida' is present on page  using regular expression

2022-06-30 22:35:10 - [TEST_STEP][PASSED] - verifyTextPresent("Amount", true): Text 'Amount' is present on page  using regular expression

2022-06-30 22:35:11 - [MESSAGE][PASSED] - Text 'Amount' is present on page  using regular expression

2022-06-30 22:35:11 - [TEST_STEP][PASSED] - verifyTextPresent("2.50", true): Text '2.50' is present on page  using regular expression

2022-06-30 22:35:11 - [MESSAGE][PASSED] - Text '2.50' is present on page  using regular expression

2022-06-30 22:35:11 - [TEST_STEP][PASSED] - verifyTextPresent("Authorization and Capture", true): Text 'Authorization and Capture' is present on page  using regular expression

2022-06-30 22:35:11 - [MESSAGE][PASSED] - Text 'Authorization and Capture' is present on page  using regular expression

2022-06-30 22:35:11 - [TEST_STEP][PASSED] - verifyTextPresent("Card Information", true): Text 'Card Information' is present on page  using regular expression

2022-06-30 22:35:12 - [MESSAGE][PASSED] - Text 'Card Information' is present on page  using regular expression

2022-06-30 22:35:12 - [TEST_STEP][PASSED] - verifyTextPresent("TANDON RAVENA", true): Text 'TANDON RAVENA' is present on page  using regular expression

2022-06-30 22:35:12 - [MESSAGE][PASSED] - Text 'TANDON RAVENA' is present on page  using regular expression

2022-06-30 22:35:12 - [TEST_STEP][PASSED] - verifyTextPresent("Address Line 1", true): Text 'Address Line 1' is present on page  using regular expression

2022-06-30 22:35:12 - [MESSAGE][PASSED] - Text 'Address Line 1' is present on page  using regular expression

2022-06-30 22:35:12 - [TEST_STEP][PASSED] - verifyTextPresent("Address Line 2", true): Text 'Address Line 2' is present on page  using regular expression

2022-06-30 22:35:13 - [MESSAGE][PASSED] - Text 'Address Line 2' is present on page  using regular expression

2022-06-30 22:35:13 - [TEST_STEP][PASSED] - verifyTextPresent("Country", true): Text 'Country' is present on page  using regular expression

2022-06-30 22:35:13 - [MESSAGE][PASSED] - Text 'Country' is present on page  using regular expression

2022-06-30 22:35:13 - [TEST_STEP][PASSED] - verifyTextPresent("City", true): Text 'City' is present on page  using regular expression

2022-06-30 22:35:13 - [MESSAGE][PASSED] - Text 'City' is present on page  using regular expression

2022-06-30 22:35:13 - [TEST_STEP][PASSED] - verifyTextPresent("State", true): Text 'State' is present on page  using regular expression

2022-06-30 22:35:14 - [MESSAGE][PASSED] - Text 'State' is present on page  using regular expression

2022-06-30 22:35:14 - [TEST_STEP][PASSED] - verifyTextPresent("ZIP Code", true): Text 'ZIP Code' is present on page  using regular expression

2022-06-30 22:35:14 - [MESSAGE][PASSED] - Text 'ZIP Code' is present on page  using regular expression

2022-06-30 22:35:14 - [TEST_STEP][PASSED] - verifyTextPresent("248 PhoolKaante road", true): Text '248 PhoolKaante road' is present on page  using regular expression

2022-06-30 22:35:14 - [MESSAGE][PASSED] - Text '248 PhoolKaante road' is present on page  using regular expression

2022-06-30 22:35:14 - [TEST_STEP][PASSED] - verifyTextPresent("Suite 678", true): Text 'Suite 678' is present on page  using regular expression

2022-06-30 22:35:15 - [MESSAGE][PASSED] - Text 'Suite 678' is present on page  using regular expression

2022-06-30 22:35:15 - [TEST_STEP][PASSED] - verifyTextPresent("United States", true): Text 'United States' is present on page  using regular expression

2022-06-30 22:35:15 - [MESSAGE][PASSED] - Text 'United States' is present on page  using regular expression

2022-06-30 22:35:15 - [TEST_STEP][PASSED] - verifyTextPresent("ARLINGTON", true): Text 'ARLINGTON' is present on page  using regular expression

2022-06-30 22:35:15 - [MESSAGE][PASSED] - Text 'ARLINGTON' is present on page  using regular expression

2022-06-30 22:35:15 - [TEST_STEP][PASSED] - verifyTextPresent("VA", true): Text 'VA' is present on page  using regular expression

2022-06-30 22:35:16 - [MESSAGE][PASSED] - Text 'VA' is present on page  using regular expression

2022-06-30 22:35:16 - [TEST_STEP][PASSED] - verifyTextPresent("22201", true): Text '22201' is present on page  using regular expression

2022-06-30 22:35:16 - [MESSAGE][PASSED] - Text '22201' is present on page  using regular expression

2022-06-30 22:35:16 - [TEST_STEP][PASSED] - cardTypeV = findTestData(dataFile).getValue("CardType", row): null

2022-06-30 22:35:16 - [TEST_STEP][PASSED] - last4V = findTestData(dataFile).getValue("Last4", row): null

2022-06-30 22:35:16 - [TEST_STEP][PASSED] - verifyTextPresent(cardTypeV, true): Text 'MasterCard' is present on page  using regular expression

2022-06-30 22:35:16 - [MESSAGE][PASSED] - Text 'MasterCard' is present on page  using regular expression

2022-06-30 22:35:16 - [TEST_STEP][PASSED] - verifyTextPresent(last4V, true): Text '0035' is present on page  using regular expression

2022-06-30 22:35:17 - [MESSAGE][PASSED] - Text '0035' is present on page  using regular expression

2022-06-30 22:35:17 - [TEST_STEP][PASSED] - switch (appName): null

2022-06-30 22:35:17 - [TEST_STEP][PASSED] - case "a_Access AutoSingleCFtpQA":: null

2022-06-30 22:35:17 - [TEST_STEP][PASSED] - verifyTextPresent("5.00", true): Text '5.00' is present on page  using regular expression

2022-06-30 22:35:17 - [MESSAGE][PASSED] - Text '5.00' is present on page  using regular expression

2022-06-30 22:35:17 - [TEST_STEP][PASSED] - verifyTextPresent("Single Transaction", true): Text 'Single Transaction' is present on page  using regular expression

2022-06-30 22:35:17 - [MESSAGE][PASSED] - Text 'Single Transaction' is present on page  using regular expression

2022-06-30 22:35:17 - [TEST_STEP][PASSED] - verifyTextPresent("7.50", true): Text '7.50' is present on page  using regular expression

2022-06-30 22:35:18 - [MESSAGE][PASSED] - Text '7.50' is present on page  using regular expression

2022-06-30 22:35:18 - [TEST_STEP][PASSED] - verifyTextPresent("Total Amount", true): Text 'Total Amount' is present on page  using regular expression

2022-06-30 22:35:18 - [MESSAGE][PASSED] - Text 'Total Amount' is present on page  using regular expression

2022-06-30 22:35:18 - [TEST_STEP][PASSED] - verifyTextPresent("Transaction Type", true): Text 'Transaction Type' is present on page  using regular expression

2022-06-30 22:35:18 - [MESSAGE][PASSED] - Text 'Transaction Type' is present on page  using regular expression

2022-06-30 22:35:18 - [TEST_STEP][PASSED] - break: null

2022-06-30 22:35:18 - [TEST_STEP][PASSED] - closeBrowser(): Browser is closed

2022-06-30 22:35:19 - [MESSAGE][PASSED] - Browser is closed

2022-06-30 22:35:19 - [TEST_STEP][PASSED] - ExecuteTC = findTestData(dataFile).getValue("Execute", row): null

2022-06-30 22:35:19 - [TEST_STEP][PASSED] - out.println("Value of Execute is : " + ExecuteTC): null

2022-06-30 22:35:19 - [TEST_STEP][PASSED] - switch (executionProfile): null

2022-06-30 22:35:19 - [TEST_STEP][PASSED] - case "QAProfile":: null

2022-06-30 22:35:19 - [TEST_STEP][PASSED] - appName = findTestData(dataFile).getValue("AppNameQA", row): null

2022-06-30 22:35:19 - [TEST_STEP][PASSED] - appID = findTestData(dataFile).getValue("AppIDQA", row): null

2022-06-30 22:35:19 - [TEST_STEP][PASSED] - break: null

2022-06-30 22:35:19 - [TEST_STEP][PASSED] - if (ExecuteTC.equalsIgnoreCase("Y")): null

2022-06-30 22:35:19 - [TEST_STEP][PASSED] - out.println("Begin Record Number: " + row): null

2022-06-30 22:35:19 - [TEST_STEP][PASSED] - today = new java.util.Date(): null

2022-06-30 22:35:19 - [TEST_STEP][PASSED] - println(today): null

2022-06-30 22:35:19 - [TEST_STEP][PASSED] - datText = today: null

2022-06-30 22:35:19 - [TEST_STEP][PASSED] - adminSuiteBootstrap.loginFunctionality.login_AdminSuite(): adminSuiteBootstrap.loginFunctionality.login_AdminSuite is PASSED

2022-06-30 22:35:19 - [MESSAGE][INFO] - Starting 'Chrome' driver

2022-06-30 22:35:19 - [MESSAGE][INFO] - User set preference: ['acceptInsecureCerts', 'true']

2022-06-30 22:35:19 - [MESSAGE][INFO] - Action delay is set to 0 milliseconds

2022-06-30 22:35:23 - [MESSAGE][PASSED] - Browser is opened with url: 'https://qa.velocitypayment.com/admin/imtiaz'

2022-06-30 22:35:24 - [MESSAGE][PASSED] - Current window maximized

2022-06-30 22:35:24 - [MESSAGE][PASSED] - Object 'Object Repository/Login_Page/Login_Username' is present

2022-06-30 22:35:25 - [MESSAGE][PASSED] - Text 'iahmed' is set on object 'Object Repository/Login_Page/Login_Username'

2022-06-30 22:35:25 - [MESSAGE][PASSED] - Text 'hello2222' is set on object 'Object Repository/Login_Page/Login_Password'

2022-06-30 22:35:30 - [MESSAGE][PASSED] - Object: 'Object Repository/Login_Page/Login_Submit' is clicked on

2022-06-30 22:35:30 - [MESSAGE][PASSED] - adminSuiteBootstrap.loginFunctionality.login_AdminSuite is PASSED

2022-06-30 22:35:30 - [TEST_STEP][PASSED] - click(findTestObject(path_Dashboard + appName)): Object: 'Object Repository/AdminSuiteBootstrap_Pages/Dashboard_Bootstrap/a_Access AutoSingleCFtpQA' is clicked on

2022-06-30 22:35:31 - [MESSAGE][PASSED] - Object: 'Object Repository/AdminSuiteBootstrap_Pages/Dashboard_Bootstrap/a_Access AutoSingleCFtpQA' is clicked on

2022-06-30 22:35:31 - [TEST_STEP][PASSED] - click(findTestObject(path_VT + "a_Find Profile")): Object: 'Object Repository/AdminSuiteBootstrap_Pages/VT_Bootstrap/IssueTransactions/a_Find Profile' is clicked on

2022-06-30 22:35:31 - [MESSAGE][PASSED] - Object: 'Object Repository/AdminSuiteBootstrap_Pages/VT_Bootstrap/IssueTransactions/a_Find Profile' is clicked on

2022-06-30 22:35:31 - [TEST_STEP][PASSED] - criteria = <not implemented yet for class: org.codehaus.groovy.ast.expr.EmptyExpression>: null

2022-06-30 22:35:31 - [TEST_STEP][PASSED] - searchBy = <not implemented yet for class: org.codehaus.groovy.ast.expr.EmptyExpression>: null

2022-06-30 22:35:31 - [TEST_STEP][PASSED] - criteria = findTestData(dataFile).getValue("ProfileName", row): null

2022-06-30 22:35:32 - [TEST_STEP][PASSED] - path_SearchProfile = "Object Repository/AdminSuiteBootstrap_Pages/VSP_Bootstrap/SearchProfile/": null

2022-06-30 22:35:32 - [TEST_STEP][PASSED] - setText(findTestObject(path_SearchProfile + "input_Criteria"), criteria): Text 'PaymentsAmEx' is set on object 'Object Repository/AdminSuiteBootstrap_Pages/VSP_Bootstrap/SearchProfile/input_Criteria'

2022-06-30 22:35:32 - [MESSAGE][PASSED] - Text 'PaymentsAmEx' is set on object 'Object Repository/AdminSuiteBootstrap_Pages/VSP_Bootstrap/SearchProfile/input_Criteria'

2022-06-30 22:35:32 - [TEST_STEP][PASSED] - click(findTestObject(path_SearchProfile + "button_Search")): Object: 'Object Repository/AdminSuiteBootstrap_Pages/VSP_Bootstrap/SearchProfile/button_Search' is clicked on

2022-06-30 22:35:34 - [MESSAGE][PASSED] - Object: 'Object Repository/AdminSuiteBootstrap_Pages/VSP_Bootstrap/SearchProfile/button_Search' is clicked on

2022-06-30 22:35:34 - [TEST_STEP][PASSED] - profNameLink = findTestData(dataFile).getValue("ProfileNameLink", row): null

2022-06-30 22:35:34 - [TEST_STEP][PASSED] - click(findTestObject(path_ViewProfile + profNameLink)): Object: 'Object Repository/AdminSuiteBootstrap_Pages/VSP_Bootstrap/View Profile/a_PaymentsAmEx' is clicked on

2022-06-30 22:35:36 - [MESSAGE][PASSED] - Object: 'Object Repository/AdminSuiteBootstrap_Pages/VSP_Bootstrap/View Profile/a_PaymentsAmEx' is clicked on

2022-06-30 22:35:36 - [TEST_STEP][PASSED] - click(findTestObject(path_ViewProfile + "a_AuthCap")): Object: 'Object Repository/AdminSuiteBootstrap_Pages/VSP_Bootstrap/View Profile/a_AuthCap' is clicked on

2022-06-30 22:35:40 - [MESSAGE][PASSED] - Object: 'Object Repository/AdminSuiteBootstrap_Pages/VSP_Bootstrap/View Profile/a_AuthCap' is clicked on

2022-06-30 22:35:40 - [TEST_STEP][PASSED] - verifyTextPresent("Credit Card Authorization Capture", true): Text 'Credit Card Authorization Capture' is present on page  using regular expression

2022-06-30 22:35:40 - [MESSAGE][PASSED] - Text 'Credit Card Authorization Capture' is present on page  using regular expression

2022-06-30 22:35:40 - [TEST_STEP][PASSED] - verifyTextPresent("Sale", true): Text 'Sale' is present on page  using regular expression

2022-06-30 22:35:41 - [MESSAGE][PASSED] - Text 'Sale' is present on page  using regular expression

2022-06-30 22:35:41 - [TEST_STEP][PASSED] - verifyTextPresent("Required fields are highlighted with an asterisk", true): Text 'Required fields are highlighted with an asterisk' is present on page  using regular expression

2022-06-30 22:35:41 - [MESSAGE][PASSED] - Text 'Required fields are highlighted with an asterisk' is present on page  using regular expression

2022-06-30 22:35:41 - [TEST_STEP][PASSED] - verifyTextPresent("Remittance ID", true): Text 'Remittance ID' is present on page  using regular expression

2022-06-30 22:35:42 - [MESSAGE][PASSED] - Text 'Remittance ID' is present on page  using regular expression

2022-06-30 22:35:42 - [TEST_STEP][PASSED] - vspBootstrap.SalePage.setDataSaleAndAuth(row, dataFile): vspBootstrap.SalePage.setDataSaleAndAuth is PASSED

2022-06-30 22:35:43 - [MESSAGE][PASSED] - All options with value 'RETL' are selected in object 'Object Repository/AdminSuiteBootstrap_Pages/VSP_Bootstrap/VSP_Authcap/select_TransactionCategory'  using regular expression

2022-06-30 22:35:44 - [MESSAGE][PASSED] - Text '1234' is set on object 'Object Repository/AdminSuiteBootstrap_Pages/VSP_Bootstrap/VSP_Authcap/input_cvv'

2022-06-30 22:35:44 - [MESSAGE][PASSED] - Text '' is set on object 'Object Repository/AdminSuiteBootstrap_Pages/VSP_Bootstrap/VSP_Authcap/input_smsNumber'

2022-06-30 22:35:45 - [MESSAGE][PASSED] - Text '2.50' is set on object 'Object Repository/AdminSuiteBootstrap_Pages/VSP_Bootstrap/VSP_Authcap/input_amount'

2022-06-30 22:35:46 - [MESSAGE][PASSED] - Text 'Delhi' is set on object 'Object Repository/AdminSuiteBootstrap_Pages/VSP_Bootstrap/VSP_Authcap/input_userDefined1'

2022-06-30 22:35:47 - [MESSAGE][PASSED] - Text 'Chennai' is set on object 'Object Repository/AdminSuiteBootstrap_Pages/VSP_Bootstrap/VSP_Authcap/input_userDefined2'

2022-06-30 22:35:47 - [MESSAGE][PASSED] - Text 'Mumbai' is set on object 'Object Repository/AdminSuiteBootstrap_Pages/VSP_Bootstrap/VSP_Authcap/input_userDefined3'

2022-06-30 22:35:48 - [MESSAGE][PASSED] - Text 'Kanpur' is set on object 'Object Repository/AdminSuiteBootstrap_Pages/VSP_Bootstrap/VSP_Authcap/input_userDefined4'

2022-06-30 22:35:49 - [MESSAGE][PASSED] - All options with label 'Orange' are selected in object 'Object Repository/AdminSuiteBootstrap_Pages/VSP_Bootstrap/VSP_Authcap/select_UDF5'  using regular expression

2022-06-30 22:35:50 - [MESSAGE][PASSED] - All options with label 'Yellow' are selected in object 'Object Repository/AdminSuiteBootstrap_Pages/VSP_Bootstrap/VSP_Authcap/select_UDF6'  using regular expression

2022-06-30 22:35:51 - [MESSAGE][PASSED] - Text 'Kolkata' is set on object 'Object Repository/AdminSuiteBootstrap_Pages/VSP_Bootstrap/VSP_Authcap/input_userDefined7'

2022-06-30 22:35:52 - [MESSAGE][PASSED] - Text 'Pune' is set on object 'Object Repository/AdminSuiteBootstrap_Pages/VSP_Bootstrap/VSP_Authcap/input_userDefined8'

2022-06-30 22:35:52 - [MESSAGE][PASSED] - Text 'Bhavnagar' is set on object 'Object Repository/AdminSuiteBootstrap_Pages/VSP_Bootstrap/VSP_Authcap/input_userDefined9'

2022-06-30 22:35:53 - [MESSAGE][PASSED] - Text 'Noida' is set on object 'Object Repository/AdminSuiteBootstrap_Pages/VSP_Bootstrap/VSP_Authcap/input_userDefined10'

2022-06-30 22:35:56 - [MESSAGE][PASSED] - Object: 'Object Repository/AdminSuiteBootstrap_Pages/VSP_Bootstrap/VSP_Authcap/button_Submit' is clicked on

2022-06-30 22:35:56 - [MESSAGE][PASSED] - vspBootstrap.SalePage.setDataSaleAndAuth is PASSED

2022-06-30 22:35:56 - [TEST_STEP][PASSED] - verifyTextPresent("Transaction Successful", true): Text 'Transaction Successful' is present on page  using regular expression

2022-06-30 22:35:56 - [MESSAGE][PASSED] - Text 'Transaction Successful' is present on page  using regular expression

2022-06-30 22:35:56 - [TEST_STEP][PASSED] - verifyElementVisible(findTestObject("Object Repository/AdminSuiteBootstrap_Pages/VT_Bootstrap/Receipt/button_Continue")): Object 'Object Repository/AdminSuiteBootstrap_Pages/VT_Bootstrap/Receipt/button_Continue' is visible

2022-06-30 22:35:56 - [MESSAGE][PASSED] - Object 'Object Repository/AdminSuiteBootstrap_Pages/VT_Bootstrap/Receipt/button_Continue' is visible

2022-06-30 22:35:56 - [TEST_STEP][PASSED] - verifyElementPresent(findTestObject("Object Repository/AdminSuiteBootstrap_Pages/VT_Bootstrap/Receipt/button_Continue"), 20): Object 'Object Repository/AdminSuiteBootstrap_Pages/VT_Bootstrap/Receipt/button_Continue' is present

2022-06-30 22:35:57 - [MESSAGE][PASSED] - Object 'Object Repository/AdminSuiteBootstrap_Pages/VT_Bootstrap/Receipt/button_Continue' is present

2022-06-30 22:35:57 - [TEST_STEP][PASSED] - verifyElementVisible(findTestObject("Object Repository/AdminSuiteBootstrap_Pages/VT_Bootstrap/Receipt/button_Print")): Object 'Object Repository/AdminSuiteBootstrap_Pages/VT_Bootstrap/Receipt/button_Print' is visible

2022-06-30 22:35:57 - [MESSAGE][PASSED] - Object 'Object Repository/AdminSuiteBootstrap_Pages/VT_Bootstrap/Receipt/button_Print' is visible

2022-06-30 22:35:57 - [TEST_STEP][PASSED] - verifyElementPresent(findTestObject("Object Repository/AdminSuiteBootstrap_Pages/VT_Bootstrap/Receipt/button_Print"), 20): Object 'Object Repository/AdminSuiteBootstrap_Pages/VT_Bootstrap/Receipt/button_Print' is present

2022-06-30 22:35:57 - [MESSAGE][PASSED] - Object 'Object Repository/AdminSuiteBootstrap_Pages/VT_Bootstrap/Receipt/button_Print' is present

2022-06-30 22:35:57 - [TEST_STEP][PASSED] - verifyTextPresent("Remittance ID", true): Text 'Remittance ID' is present on page  using regular expression

2022-06-30 22:35:58 - [MESSAGE][PASSED] - Text 'Remittance ID' is present on page  using regular expression

2022-06-30 22:35:58 - [TEST_STEP][PASSED] - verifyTextPresent("Received", true): Text 'Received' is present on page  using regular expression

2022-06-30 22:35:58 - [MESSAGE][PASSED] - Text 'Received' is present on page  using regular expression

2022-06-30 22:35:58 - [TEST_STEP][PASSED] - verifyTextPresent("UDF1", true): Text 'UDF1' is present on page  using regular expression

2022-06-30 22:35:58 - [MESSAGE][PASSED] - Text 'UDF1' is present on page  using regular expression

2022-06-30 22:35:58 - [TEST_STEP][PASSED] - verifyTextPresent("UDF2", true): Text 'UDF2' is present on page  using regular expression

2022-06-30 22:35:59 - [MESSAGE][PASSED] - Text 'UDF2' is present on page  using regular expression

2022-06-30 22:35:59 - [TEST_STEP][PASSED] - verifyTextPresent("UDF3", true): Text 'UDF3' is present on page  using regular expression

2022-06-30 22:35:59 - [MESSAGE][PASSED] - Text 'UDF3' is present on page  using regular expression

2022-06-30 22:35:59 - [TEST_STEP][PASSED] - verifyTextPresent("UDF4", true): Text 'UDF4' is present on page  using regular expression

2022-06-30 22:35:59 - [MESSAGE][PASSED] - Text 'UDF4' is present on page  using regular expression

2022-06-30 22:35:59 - [TEST_STEP][PASSED] - verifyTextPresent("UDF5", true): Text 'UDF5' is present on page  using regular expression

2022-06-30 22:36:00 - [MESSAGE][PASSED] - Text 'UDF5' is present on page  using regular expression

2022-06-30 22:36:00 - [TEST_STEP][PASSED] - verifyTextPresent("UDF6", true): Text 'UDF6' is present on page  using regular expression

2022-06-30 22:36:00 - [MESSAGE][PASSED] - Text 'UDF6' is present on page  using regular expression

2022-06-30 22:36:00 - [TEST_STEP][PASSED] - verifyTextPresent("UDF7", true): Text 'UDF7' is present on page  using regular expression

2022-06-30 22:36:00 - [MESSAGE][PASSED] - Text 'UDF7' is present on page  using regular expression

2022-06-30 22:36:00 - [TEST_STEP][PASSED] - verifyTextPresent("UDF8", true): Text 'UDF8' is present on page  using regular expression

2022-06-30 22:36:01 - [MESSAGE][PASSED] - Text 'UDF8' is present on page  using regular expression

2022-06-30 22:36:01 - [TEST_STEP][PASSED] - verifyTextPresent("UDF9", true): Text 'UDF9' is present on page  using regular expression

2022-06-30 22:36:01 - [MESSAGE][PASSED] - Text 'UDF9' is present on page  using regular expression

2022-06-30 22:36:01 - [TEST_STEP][PASSED] - verifyTextPresent("UDF 10", true): Text 'UDF 10' is present on page  using regular expression

2022-06-30 22:36:01 - [MESSAGE][PASSED] - Text 'UDF 10' is present on page  using regular expression

2022-06-30 22:36:01 - [TEST_STEP][PASSED] - verifyTextPresent("Delhi", true): Text 'Delhi' is present on page  using regular expression

2022-06-30 22:36:02 - [MESSAGE][PASSED] - Text 'Delhi' is present on page  using regular expression

2022-06-30 22:36:02 - [TEST_STEP][PASSED] - verifyTextPresent("Chennai", true): Text 'Chennai' is present on page  using regular expression

2022-06-30 22:36:02 - [MESSAGE][PASSED] - Text 'Chennai' is present on page  using regular expression

2022-06-30 22:36:02 - [TEST_STEP][PASSED] - verifyTextPresent("Mumbai", true): Text 'Mumbai' is present on page  using regular expression

2022-06-30 22:36:02 - [MESSAGE][PASSED] - Text 'Mumbai' is present on page  using regular expression

2022-06-30 22:36:02 - [TEST_STEP][PASSED] - verifyTextPresent("Kanpur", true): Text 'Kanpur' is present on page  using regular expression

2022-06-30 22:36:03 - [MESSAGE][PASSED] - Text 'Kanpur' is present on page  using regular expression

2022-06-30 22:36:03 - [TEST_STEP][PASSED] - verifyTextPresent("Orange Recorded", true): Text 'Orange Recorded' is present on page  using regular expression

2022-06-30 22:36:03 - [MESSAGE][PASSED] - Text 'Orange Recorded' is present on page  using regular expression

2022-06-30 22:36:03 - [TEST_STEP][PASSED] - verifyTextPresent("Yellow Recorded", true): Text 'Yellow Recorded' is present on page  using regular expression

2022-06-30 22:36:03 - [MESSAGE][PASSED] - Text 'Yellow Recorded' is present on page  using regular expression

2022-06-30 22:36:03 - [TEST_STEP][PASSED] - verifyTextPresent("Kolkata", true): Text 'Kolkata' is present on page  using regular expression

2022-06-30 22:36:03 - [MESSAGE][PASSED] - Text 'Kolkata' is present on page  using regular expression

2022-06-30 22:36:03 - [TEST_STEP][PASSED] - verifyTextPresent("Pune", true): Text 'Pune' is present on page  using regular expression

2022-06-30 22:36:04 - [MESSAGE][PASSED] - Text 'Pune' is present on page  using regular expression

2022-06-30 22:36:04 - [TEST_STEP][PASSED] - verifyTextPresent("Bhavnagar", true): Text 'Bhavnagar' is present on page  using regular expression

2022-06-30 22:36:04 - [MESSAGE][PASSED] - Text 'Bhavnagar' is present on page  using regular expression

2022-06-30 22:36:04 - [TEST_STEP][PASSED] - verifyTextPresent("Noida", true): Text 'Noida' is present on page  using regular expression

2022-06-30 22:36:04 - [MESSAGE][PASSED] - Text 'Noida' is present on page  using regular expression

2022-06-30 22:36:04 - [TEST_STEP][PASSED] - verifyTextPresent("Amount", true): Text 'Amount' is present on page  using regular expression

2022-06-30 22:36:05 - [MESSAGE][PASSED] - Text 'Amount' is present on page  using regular expression

2022-06-30 22:36:05 - [TEST_STEP][PASSED] - verifyTextPresent("2.50", true): Text '2.50' is present on page  using regular expression

2022-06-30 22:36:05 - [MESSAGE][PASSED] - Text '2.50' is present on page  using regular expression

2022-06-30 22:36:05 - [TEST_STEP][PASSED] - verifyTextPresent("Authorization and Capture", true): Text 'Authorization and Capture' is present on page  using regular expression

2022-06-30 22:36:05 - [MESSAGE][PASSED] - Text 'Authorization and Capture' is present on page  using regular expression

2022-06-30 22:36:05 - [TEST_STEP][PASSED] - verifyTextPresent("Card Information", true): Text 'Card Information' is present on page  using regular expression

2022-06-30 22:36:06 - [MESSAGE][PASSED] - Text 'Card Information' is present on page  using regular expression

2022-06-30 22:36:06 - [TEST_STEP][PASSED] - verifyTextPresent("TANDON RAVENA", true): Text 'TANDON RAVENA' is present on page  using regular expression

2022-06-30 22:36:06 - [MESSAGE][PASSED] - Text 'TANDON RAVENA' is present on page  using regular expression

2022-06-30 22:36:06 - [TEST_STEP][PASSED] - verifyTextPresent("Address Line 1", true): Text 'Address Line 1' is present on page  using regular expression

2022-06-30 22:36:06 - [MESSAGE][PASSED] - Text 'Address Line 1' is present on page  using regular expression

2022-06-30 22:36:06 - [TEST_STEP][PASSED] - verifyTextPresent("Address Line 2", true): Text 'Address Line 2' is present on page  using regular expression

2022-06-30 22:36:07 - [MESSAGE][PASSED] - Text 'Address Line 2' is present on page  using regular expression

2022-06-30 22:36:07 - [TEST_STEP][PASSED] - verifyTextPresent("Country", true): Text 'Country' is present on page  using regular expression

2022-06-30 22:36:07 - [MESSAGE][PASSED] - Text 'Country' is present on page  using regular expression

2022-06-30 22:36:07 - [TEST_STEP][PASSED] - verifyTextPresent("City", true): Text 'City' is present on page  using regular expression

2022-06-30 22:36:07 - [MESSAGE][PASSED] - Text 'City' is present on page  using regular expression

2022-06-30 22:36:07 - [TEST_STEP][PASSED] - verifyTextPresent("State", true): Text 'State' is present on page  using regular expression

2022-06-30 22:36:08 - [MESSAGE][PASSED] - Text 'State' is present on page  using regular expression

2022-06-30 22:36:08 - [TEST_STEP][PASSED] - verifyTextPresent("ZIP Code", true): Text 'ZIP Code' is present on page  using regular expression

2022-06-30 22:36:08 - [MESSAGE][PASSED] - Text 'ZIP Code' is present on page  using regular expression

2022-06-30 22:36:08 - [TEST_STEP][PASSED] - verifyTextPresent("248 PhoolKaante road", true): Text '248 PhoolKaante road' is present on page  using regular expression

2022-06-30 22:36:08 - [MESSAGE][PASSED] - Text '248 PhoolKaante road' is present on page  using regular expression

2022-06-30 22:36:08 - [TEST_STEP][PASSED] - verifyTextPresent("Suite 678", true): Text 'Suite 678' is present on page  using regular expression

2022-06-30 22:36:09 - [MESSAGE][PASSED] - Text 'Suite 678' is present on page  using regular expression

2022-06-30 22:36:09 - [TEST_STEP][PASSED] - verifyTextPresent("United States", true): Text 'United States' is present on page  using regular expression

2022-06-30 22:36:09 - [MESSAGE][PASSED] - Text 'United States' is present on page  using regular expression

2022-06-30 22:36:09 - [TEST_STEP][PASSED] - verifyTextPresent("ARLINGTON", true): Text 'ARLINGTON' is present on page  using regular expression

2022-06-30 22:36:09 - [MESSAGE][PASSED] - Text 'ARLINGTON' is present on page  using regular expression

2022-06-30 22:36:09 - [TEST_STEP][PASSED] - verifyTextPresent("VA", true): Text 'VA' is present on page  using regular expression

2022-06-30 22:36:09 - [MESSAGE][PASSED] - Text 'VA' is present on page  using regular expression

2022-06-30 22:36:09 - [TEST_STEP][PASSED] - verifyTextPresent("22201", true): Text '22201' is present on page  using regular expression

2022-06-30 22:36:10 - [MESSAGE][PASSED] - Text '22201' is present on page  using regular expression

2022-06-30 22:36:10 - [TEST_STEP][PASSED] - cardTypeV = findTestData(dataFile).getValue("CardType", row): null

2022-06-30 22:36:10 - [TEST_STEP][PASSED] - last4V = findTestData(dataFile).getValue("Last4", row): null

2022-06-30 22:36:10 - [TEST_STEP][PASSED] - verifyTextPresent(cardTypeV, true): Text 'American Express' is present on page  using regular expression

2022-06-30 22:36:10 - [MESSAGE][PASSED] - Text 'American Express' is present on page  using regular expression

2022-06-30 22:36:10 - [TEST_STEP][PASSED] - verifyTextPresent(last4V, true): Text '2376' is present on page  using regular expression

2022-06-30 22:36:10 - [MESSAGE][PASSED] - Text '2376' is present on page  using regular expression

2022-06-30 22:36:10 - [TEST_STEP][PASSED] - switch (appName): null

2022-06-30 22:36:10 - [TEST_STEP][PASSED] - case "a_Access AutoSingleCFtpQA":: null

2022-06-30 22:36:10 - [TEST_STEP][PASSED] - verifyTextPresent("5.00", true): Text '5.00' is present on page  using regular expression

2022-06-30 22:36:11 - [MESSAGE][PASSED] - Text '5.00' is present on page  using regular expression

2022-06-30 22:36:11 - [TEST_STEP][PASSED] - verifyTextPresent("Single Transaction", true): Text 'Single Transaction' is present on page  using regular expression

2022-06-30 22:36:11 - [MESSAGE][PASSED] - Text 'Single Transaction' is present on page  using regular expression

2022-06-30 22:36:11 - [TEST_STEP][PASSED] - verifyTextPresent("7.50", true): Text '7.50' is present on page  using regular expression

2022-06-30 22:36:12 - [MESSAGE][PASSED] - Text '7.50' is present on page  using regular expression

2022-06-30 22:36:12 - [TEST_STEP][PASSED] - verifyTextPresent("Total Amount", true): Text 'Total Amount' is present on page  using regular expression

2022-06-30 22:36:12 - [MESSAGE][PASSED] - Text 'Total Amount' is present on page  using regular expression

2022-06-30 22:36:12 - [TEST_STEP][PASSED] - verifyTextPresent("Transaction Type", true): Text 'Transaction Type' is present on page  using regular expression

2022-06-30 22:36:12 - [MESSAGE][PASSED] - Text 'Transaction Type' is present on page  using regular expression

2022-06-30 22:36:12 - [TEST_STEP][PASSED] - break: null

2022-06-30 22:36:12 - [TEST_STEP][PASSED] - closeBrowser(): Browser is closed

2022-06-30 22:36:13 - [MESSAGE][PASSED] - Browser is closed

2022-06-30 22:36:13 - [TEST_STEP][PASSED] - ExecuteTC = findTestData(dataFile).getValue("Execute", row): null

2022-06-30 22:36:13 - [TEST_STEP][PASSED] - out.println("Value of Execute is : " + ExecuteTC): null

2022-06-30 22:36:13 - [TEST_STEP][PASSED] - switch (executionProfile): null

2022-06-30 22:36:13 - [TEST_STEP][PASSED] - case "QAProfile":: null

2022-06-30 22:36:13 - [TEST_STEP][PASSED] - appName = findTestData(dataFile).getValue("AppNameQA", row): null

2022-06-30 22:36:13 - [TEST_STEP][PASSED] - appID = findTestData(dataFile).getValue("AppIDQA", row): null

2022-06-30 22:36:13 - [TEST_STEP][PASSED] - break: null

2022-06-30 22:36:13 - [TEST_STEP][PASSED] - if (ExecuteTC.equalsIgnoreCase("Y")): null

2022-06-30 22:36:13 - [TEST_STEP][PASSED] - out.println("Begin Record Number: " + row): null

2022-06-30 22:36:13 - [TEST_STEP][PASSED] - today = new java.util.Date(): null

2022-06-30 22:36:13 - [TEST_STEP][PASSED] - println(today): null

2022-06-30 22:36:13 - [TEST_STEP][PASSED] - datText = today: null

2022-06-30 22:36:13 - [TEST_STEP][PASSED] - adminSuiteBootstrap.loginFunctionality.login_AdminSuite(): adminSuiteBootstrap.loginFunctionality.login_AdminSuite is PASSED

2022-06-30 22:36:13 - [MESSAGE][INFO] - Starting 'Chrome' driver

2022-06-30 22:36:13 - [MESSAGE][INFO] - User set preference: ['acceptInsecureCerts', 'true']

2022-06-30 22:36:13 - [MESSAGE][INFO] - Action delay is set to 0 milliseconds

2022-06-30 22:36:16 - [MESSAGE][PASSED] - Browser is opened with url: 'https://qa.velocitypayment.com/admin/imtiaz'

2022-06-30 22:36:17 - [MESSAGE][PASSED] - Current window maximized

2022-06-30 22:36:17 - [MESSAGE][PASSED] - Object 'Object Repository/Login_Page/Login_Username' is present

2022-06-30 22:36:18 - [MESSAGE][PASSED] - Text 'iahmed' is set on object 'Object Repository/Login_Page/Login_Username'

2022-06-30 22:36:18 - [MESSAGE][PASSED] - Text 'hello2222' is set on object 'Object Repository/Login_Page/Login_Password'

2022-06-30 22:36:22 - [MESSAGE][PASSED] - Object: 'Object Repository/Login_Page/Login_Submit' is clicked on

2022-06-30 22:36:22 - [MESSAGE][PASSED] - adminSuiteBootstrap.loginFunctionality.login_AdminSuite is PASSED

2022-06-30 22:36:22 - [TEST_STEP][PASSED] - click(findTestObject(path_Dashboard + appName)): Object: 'Object Repository/AdminSuiteBootstrap_Pages/Dashboard_Bootstrap/a_Access AutoSingleCFtpQA' is clicked on

2022-06-30 22:36:24 - [MESSAGE][PASSED] - Object: 'Object Repository/AdminSuiteBootstrap_Pages/Dashboard_Bootstrap/a_Access AutoSingleCFtpQA' is clicked on

2022-06-30 22:36:24 - [TEST_STEP][PASSED] - click(findTestObject(path_VT + "a_Find Profile")): Object: 'Object Repository/AdminSuiteBootstrap_Pages/VT_Bootstrap/IssueTransactions/a_Find Profile' is clicked on

2022-06-30 22:36:24 - [MESSAGE][PASSED] - Object: 'Object Repository/AdminSuiteBootstrap_Pages/VT_Bootstrap/IssueTransactions/a_Find Profile' is clicked on

2022-06-30 22:36:24 - [TEST_STEP][PASSED] - criteria = <not implemented yet for class: org.codehaus.groovy.ast.expr.EmptyExpression>: null

2022-06-30 22:36:24 - [TEST_STEP][PASSED] - searchBy = <not implemented yet for class: org.codehaus.groovy.ast.expr.EmptyExpression>: null

2022-06-30 22:36:24 - [TEST_STEP][PASSED] - criteria = findTestData(dataFile).getValue("ProfileName", row): null

2022-06-30 22:36:24 - [TEST_STEP][PASSED] - path_SearchProfile = "Object Repository/AdminSuiteBootstrap_Pages/VSP_Bootstrap/SearchProfile/": null

2022-06-30 22:36:24 - [TEST_STEP][PASSED] - setText(findTestObject(path_SearchProfile + "input_Criteria"), criteria): Text 'PaymentsDI' is set on object 'Object Repository/AdminSuiteBootstrap_Pages/VSP_Bootstrap/SearchProfile/input_Criteria'

2022-06-30 22:36:25 - [MESSAGE][PASSED] - Text 'PaymentsDI' is set on object 'Object Repository/AdminSuiteBootstrap_Pages/VSP_Bootstrap/SearchProfile/input_Criteria'

2022-06-30 22:36:25 - [TEST_STEP][PASSED] - click(findTestObject(path_SearchProfile + "button_Search")): Object: 'Object Repository/AdminSuiteBootstrap_Pages/VSP_Bootstrap/SearchProfile/button_Search' is clicked on

2022-06-30 22:36:26 - [MESSAGE][PASSED] - Object: 'Object Repository/AdminSuiteBootstrap_Pages/VSP_Bootstrap/SearchProfile/button_Search' is clicked on

2022-06-30 22:36:26 - [TEST_STEP][PASSED] - profNameLink = findTestData(dataFile).getValue("ProfileNameLink", row): null

2022-06-30 22:36:26 - [TEST_STEP][PASSED] - click(findTestObject(path_ViewProfile + profNameLink)): Object: 'Object Repository/AdminSuiteBootstrap_Pages/VSP_Bootstrap/View Profile/a_PaymentsDI' is clicked on

2022-06-30 22:36:28 - [MESSAGE][PASSED] - Object: 'Object Repository/AdminSuiteBootstrap_Pages/VSP_Bootstrap/View Profile/a_PaymentsDI' is clicked on

2022-06-30 22:36:28 - [TEST_STEP][PASSED] - click(findTestObject(path_ViewProfile + "a_AuthCap")): Object: 'Object Repository/AdminSuiteBootstrap_Pages/VSP_Bootstrap/View Profile/a_AuthCap' is clicked on

2022-06-30 22:36:30 - [MESSAGE][PASSED] - Object: 'Object Repository/AdminSuiteBootstrap_Pages/VSP_Bootstrap/View Profile/a_AuthCap' is clicked on

2022-06-30 22:36:30 - [TEST_STEP][PASSED] - verifyTextPresent("Credit Card Authorization Capture", true): Text 'Credit Card Authorization Capture' is present on page  using regular expression

2022-06-30 22:36:31 - [MESSAGE][PASSED] - Text 'Credit Card Authorization Capture' is present on page  using regular expression

2022-06-30 22:36:31 - [TEST_STEP][PASSED] - verifyTextPresent("Sale", true): Text 'Sale' is present on page  using regular expression

2022-06-30 22:36:31 - [MESSAGE][PASSED] - Text 'Sale' is present on page  using regular expression

2022-06-30 22:36:31 - [TEST_STEP][PASSED] - verifyTextPresent("Required fields are highlighted with an asterisk", true): Text 'Required fields are highlighted with an asterisk' is present on page  using regular expression

2022-06-30 22:36:31 - [MESSAGE][PASSED] - Text 'Required fields are highlighted with an asterisk' is present on page  using regular expression

2022-06-30 22:36:31 - [TEST_STEP][PASSED] - verifyTextPresent("Remittance ID", true): Text 'Remittance ID' is present on page  using regular expression

2022-06-30 22:36:32 - [MESSAGE][PASSED] - Text 'Remittance ID' is present on page  using regular expression

2022-06-30 22:36:32 - [TEST_STEP][PASSED] - vspBootstrap.SalePage.setDataSaleAndAuth(row, dataFile): vspBootstrap.SalePage.setDataSaleAndAuth is PASSED

2022-06-30 22:36:33 - [MESSAGE][PASSED] - All options with value 'RETL' are selected in object 'Object Repository/AdminSuiteBootstrap_Pages/VSP_Bootstrap/VSP_Authcap/select_TransactionCategory'  using regular expression

2022-06-30 22:36:34 - [MESSAGE][PASSED] - Text '123' is set on object 'Object Repository/AdminSuiteBootstrap_Pages/VSP_Bootstrap/VSP_Authcap/input_cvv'

2022-06-30 22:36:35 - [MESSAGE][PASSED] - Text '' is set on object 'Object Repository/AdminSuiteBootstrap_Pages/VSP_Bootstrap/VSP_Authcap/input_smsNumber'

2022-06-30 22:36:35 - [MESSAGE][PASSED] - Text '2.50' is set on object 'Object Repository/AdminSuiteBootstrap_Pages/VSP_Bootstrap/VSP_Authcap/input_amount'

2022-06-30 22:36:36 - [MESSAGE][PASSED] - Text 'Delhi' is set on object 'Object Repository/AdminSuiteBootstrap_Pages/VSP_Bootstrap/VSP_Authcap/input_userDefined1'

2022-06-30 22:36:37 - [MESSAGE][PASSED] - Text 'Chennai' is set on object 'Object Repository/AdminSuiteBootstrap_Pages/VSP_Bootstrap/VSP_Authcap/input_userDefined2'

2022-06-30 22:36:38 - [MESSAGE][PASSED] - Text 'Mumbai' is set on object 'Object Repository/AdminSuiteBootstrap_Pages/VSP_Bootstrap/VSP_Authcap/input_userDefined3'

2022-06-30 22:36:38 - [MESSAGE][PASSED] - Text 'Kanpur' is set on object 'Object Repository/AdminSuiteBootstrap_Pages/VSP_Bootstrap/VSP_Authcap/input_userDefined4'

2022-06-30 22:36:39 - [MESSAGE][PASSED] - All options with label 'Orange' are selected in object 'Object Repository/AdminSuiteBootstrap_Pages/VSP_Bootstrap/VSP_Authcap/select_UDF5'  using regular expression

2022-06-30 22:36:40 - [MESSAGE][PASSED] - All options with label 'Yellow' are selected in object 'Object Repository/AdminSuiteBootstrap_Pages/VSP_Bootstrap/VSP_Authcap/select_UDF6'  using regular expression

2022-06-30 22:36:41 - [MESSAGE][PASSED] - Text 'Kolkata' is set on object 'Object Repository/AdminSuiteBootstrap_Pages/VSP_Bootstrap/VSP_Authcap/input_userDefined7'

2022-06-30 22:36:42 - [MESSAGE][PASSED] - Text 'Pune' is set on object 'Object Repository/AdminSuiteBootstrap_Pages/VSP_Bootstrap/VSP_Authcap/input_userDefined8'

2022-06-30 22:36:42 - [MESSAGE][PASSED] - Text 'Bhavnagar' is set on object 'Object Repository/AdminSuiteBootstrap_Pages/VSP_Bootstrap/VSP_Authcap/input_userDefined9'

2022-06-30 22:36:43 - [MESSAGE][PASSED] - Text 'Noida' is set on object 'Object Repository/AdminSuiteBootstrap_Pages/VSP_Bootstrap/VSP_Authcap/input_userDefined10'

2022-06-30 22:36:46 - [MESSAGE][PASSED] - Object: 'Object Repository/AdminSuiteBootstrap_Pages/VSP_Bootstrap/VSP_Authcap/button_Submit' is clicked on

2022-06-30 22:36:46 - [MESSAGE][PASSED] - vspBootstrap.SalePage.setDataSaleAndAuth is PASSED

2022-06-30 22:36:46 - [TEST_STEP][PASSED] - verifyTextPresent("Transaction Successful", true): Text 'Transaction Successful' is present on page  using regular expression

2022-06-30 22:36:47 - [MESSAGE][PASSED] - Text 'Transaction Successful' is present on page  using regular expression

2022-06-30 22:36:47 - [TEST_STEP][PASSED] - verifyElementVisible(findTestObject("Object Repository/AdminSuiteBootstrap_Pages/VT_Bootstrap/Receipt/button_Continue")): Object 'Object Repository/AdminSuiteBootstrap_Pages/VT_Bootstrap/Receipt/button_Continue' is visible

2022-06-30 22:36:47 - [MESSAGE][PASSED] - Object 'Object Repository/AdminSuiteBootstrap_Pages/VT_Bootstrap/Receipt/button_Continue' is visible

2022-06-30 22:36:47 - [TEST_STEP][PASSED] - verifyElementPresent(findTestObject("Object Repository/AdminSuiteBootstrap_Pages/VT_Bootstrap/Receipt/button_Continue"), 20): Object 'Object Repository/AdminSuiteBootstrap_Pages/VT_Bootstrap/Receipt/button_Continue' is present

2022-06-30 22:36:47 - [MESSAGE][PASSED] - Object 'Object Repository/AdminSuiteBootstrap_Pages/VT_Bootstrap/Receipt/button_Continue' is present

2022-06-30 22:36:47 - [TEST_STEP][PASSED] - verifyElementVisible(findTestObject("Object Repository/AdminSuiteBootstrap_Pages/VT_Bootstrap/Receipt/button_Print")): Object 'Object Repository/AdminSuiteBootstrap_Pages/VT_Bootstrap/Receipt/button_Print' is visible

2022-06-30 22:36:47 - [MESSAGE][PASSED] - Object 'Object Repository/AdminSuiteBootstrap_Pages/VT_Bootstrap/Receipt/button_Print' is visible

2022-06-30 22:36:47 - [TEST_STEP][PASSED] - verifyElementPresent(findTestObject("Object Repository/AdminSuiteBootstrap_Pages/VT_Bootstrap/Receipt/button_Print"), 20): Object 'Object Repository/AdminSuiteBootstrap_Pages/VT_Bootstrap/Receipt/button_Print' is present

2022-06-30 22:36:48 - [MESSAGE][PASSED] - Object 'Object Repository/AdminSuiteBootstrap_Pages/VT_Bootstrap/Receipt/button_Print' is present

2022-06-30 22:36:48 - [TEST_STEP][PASSED] - verifyTextPresent("Remittance ID", true): Text 'Remittance ID' is present on page  using regular expression

2022-06-30 22:36:48 - [MESSAGE][PASSED] - Text 'Remittance ID' is present on page  using regular expression

2022-06-30 22:36:48 - [TEST_STEP][PASSED] - verifyTextPresent("Received", true): Text 'Received' is present on page  using regular expression

2022-06-30 22:36:48 - [MESSAGE][PASSED] - Text 'Received' is present on page  using regular expression

2022-06-30 22:36:48 - [TEST_STEP][PASSED] - verifyTextPresent("UDF1", true): Text 'UDF1' is present on page  using regular expression

2022-06-30 22:36:49 - [MESSAGE][PASSED] - Text 'UDF1' is present on page  using regular expression

2022-06-30 22:36:49 - [TEST_STEP][PASSED] - verifyTextPresent("UDF2", true): Text 'UDF2' is present on page  using regular expression

2022-06-30 22:36:49 - [MESSAGE][PASSED] - Text 'UDF2' is present on page  using regular expression

2022-06-30 22:36:49 - [TEST_STEP][PASSED] - verifyTextPresent("UDF3", true): Text 'UDF3' is present on page  using regular expression

2022-06-30 22:36:49 - [MESSAGE][PASSED] - Text 'UDF3' is present on page  using regular expression

2022-06-30 22:36:49 - [TEST_STEP][PASSED] - verifyTextPresent("UDF4", true): Text 'UDF4' is present on page  using regular expression

2022-06-30 22:36:50 - [MESSAGE][PASSED] - Text 'UDF4' is present on page  using regular expression

2022-06-30 22:36:50 - [TEST_STEP][PASSED] - verifyTextPresent("UDF5", true): Text 'UDF5' is present on page  using regular expression

2022-06-30 22:36:50 - [MESSAGE][PASSED] - Text 'UDF5' is present on page  using regular expression

2022-06-30 22:36:50 - [TEST_STEP][PASSED] - verifyTextPresent("UDF6", true): Text 'UDF6' is present on page  using regular expression

2022-06-30 22:36:50 - [MESSAGE][PASSED] - Text 'UDF6' is present on page  using regular expression

2022-06-30 22:36:50 - [TEST_STEP][PASSED] - verifyTextPresent("UDF7", true): Text 'UDF7' is present on page  using regular expression

2022-06-30 22:36:51 - [MESSAGE][PASSED] - Text 'UDF7' is present on page  using regular expression

2022-06-30 22:36:51 - [TEST_STEP][PASSED] - verifyTextPresent("UDF8", true): Text 'UDF8' is present on page  using regular expression

2022-06-30 22:36:51 - [MESSAGE][PASSED] - Text 'UDF8' is present on page  using regular expression

2022-06-30 22:36:51 - [TEST_STEP][PASSED] - verifyTextPresent("UDF9", true): Text 'UDF9' is present on page  using regular expression

2022-06-30 22:36:51 - [MESSAGE][PASSED] - Text 'UDF9' is present on page  using regular expression

2022-06-30 22:36:51 - [TEST_STEP][PASSED] - verifyTextPresent("UDF 10", true): Text 'UDF 10' is present on page  using regular expression

2022-06-30 22:36:52 - [MESSAGE][PASSED] - Text 'UDF 10' is present on page  using regular expression

2022-06-30 22:36:52 - [TEST_STEP][PASSED] - verifyTextPresent("Delhi", true): Text 'Delhi' is present on page  using regular expression

2022-06-30 22:36:52 - [MESSAGE][PASSED] - Text 'Delhi' is present on page  using regular expression

2022-06-30 22:36:52 - [TEST_STEP][PASSED] - verifyTextPresent("Chennai", true): Text 'Chennai' is present on page  using regular expression

2022-06-30 22:36:52 - [MESSAGE][PASSED] - Text 'Chennai' is present on page  using regular expression

2022-06-30 22:36:52 - [TEST_STEP][PASSED] - verifyTextPresent("Mumbai", true): Text 'Mumbai' is present on page  using regular expression

2022-06-30 22:36:53 - [MESSAGE][PASSED] - Text 'Mumbai' is present on page  using regular expression

2022-06-30 22:36:53 - [TEST_STEP][PASSED] - verifyTextPresent("Kanpur", true): Text 'Kanpur' is present on page  using regular expression

2022-06-30 22:36:53 - [MESSAGE][PASSED] - Text 'Kanpur' is present on page  using regular expression

2022-06-30 22:36:53 - [TEST_STEP][PASSED] - verifyTextPresent("Orange Recorded", true): Text 'Orange Recorded' is present on page  using regular expression

2022-06-30 22:36:53 - [MESSAGE][PASSED] - Text 'Orange Recorded' is present on page  using regular expression

2022-06-30 22:36:53 - [TEST_STEP][PASSED] - verifyTextPresent("Yellow Recorded", true): Text 'Yellow Recorded' is present on page  using regular expression

2022-06-30 22:36:54 - [MESSAGE][PASSED] - Text 'Yellow Recorded' is present on page  using regular expression

2022-06-30 22:36:54 - [TEST_STEP][PASSED] - verifyTextPresent("Kolkata", true): Text 'Kolkata' is present on page  using regular expression

2022-06-30 22:36:54 - [MESSAGE][PASSED] - Text 'Kolkata' is present on page  using regular expression

2022-06-30 22:36:54 - [TEST_STEP][PASSED] - verifyTextPresent("Pune", true): Text 'Pune' is present on page  using regular expression

2022-06-30 22:36:54 - [MESSAGE][PASSED] - Text 'Pune' is present on page  using regular expression

2022-06-30 22:36:54 - [TEST_STEP][PASSED] - verifyTextPresent("Bhavnagar", true): Text 'Bhavnagar' is present on page  using regular expression

2022-06-30 22:36:55 - [MESSAGE][PASSED] - Text 'Bhavnagar' is present on page  using regular expression

2022-06-30 22:36:55 - [TEST_STEP][PASSED] - verifyTextPresent("Noida", true): Text 'Noida' is present on page  using regular expression

2022-06-30 22:36:55 - [MESSAGE][PASSED] - Text 'Noida' is present on page  using regular expression

2022-06-30 22:36:55 - [TEST_STEP][PASSED] - verifyTextPresent("Amount", true): Text 'Amount' is present on page  using regular expression

2022-06-30 22:36:55 - [MESSAGE][PASSED] - Text 'Amount' is present on page  using regular expression

2022-06-30 22:36:55 - [TEST_STEP][PASSED] - verifyTextPresent("2.50", true): Text '2.50' is present on page  using regular expression

2022-06-30 22:36:56 - [MESSAGE][PASSED] - Text '2.50' is present on page  using regular expression

2022-06-30 22:36:56 - [TEST_STEP][PASSED] - verifyTextPresent("Authorization and Capture", true): Text 'Authorization and Capture' is present on page  using regular expression

2022-06-30 22:36:56 - [MESSAGE][PASSED] - Text 'Authorization and Capture' is present on page  using regular expression

2022-06-30 22:36:56 - [TEST_STEP][PASSED] - verifyTextPresent("Card Information", true): Text 'Card Information' is present on page  using regular expression

2022-06-30 22:36:56 - [MESSAGE][PASSED] - Text 'Card Information' is present on page  using regular expression

2022-06-30 22:36:56 - [TEST_STEP][PASSED] - verifyTextPresent("TANDON RAVENA", true): Text 'TANDON RAVENA' is present on page  using regular expression

2022-06-30 22:36:56 - [MESSAGE][PASSED] - Text 'TANDON RAVENA' is present on page  using regular expression

2022-06-30 22:36:56 - [TEST_STEP][PASSED] - verifyTextPresent("Address Line 1", true): Text 'Address Line 1' is present on page  using regular expression

2022-06-30 22:36:57 - [MESSAGE][PASSED] - Text 'Address Line 1' is present on page  using regular expression

2022-06-30 22:36:57 - [TEST_STEP][PASSED] - verifyTextPresent("Address Line 2", true): Text 'Address Line 2' is present on page  using regular expression

2022-06-30 22:36:57 - [MESSAGE][PASSED] - Text 'Address Line 2' is present on page  using regular expression

2022-06-30 22:36:57 - [TEST_STEP][PASSED] - verifyTextPresent("Country", true): Text 'Country' is present on page  using regular expression

2022-06-30 22:36:57 - [MESSAGE][PASSED] - Text 'Country' is present on page  using regular expression

2022-06-30 22:36:57 - [TEST_STEP][PASSED] - verifyTextPresent("City", true): Text 'City' is present on page  using regular expression

2022-06-30 22:36:58 - [MESSAGE][PASSED] - Text 'City' is present on page  using regular expression

2022-06-30 22:36:58 - [TEST_STEP][PASSED] - verifyTextPresent("State", true): Text 'State' is present on page  using regular expression

2022-06-30 22:36:58 - [MESSAGE][PASSED] - Text 'State' is present on page  using regular expression

2022-06-30 22:36:58 - [TEST_STEP][PASSED] - verifyTextPresent("ZIP Code", true): Text 'ZIP Code' is present on page  using regular expression

2022-06-30 22:36:58 - [MESSAGE][PASSED] - Text 'ZIP Code' is present on page  using regular expression

2022-06-30 22:36:58 - [TEST_STEP][PASSED] - verifyTextPresent("248 PhoolKaante road", true): Text '248 PhoolKaante road' is present on page  using regular expression

2022-06-30 22:36:59 - [MESSAGE][PASSED] - Text '248 PhoolKaante road' is present on page  using regular expression

2022-06-30 22:36:59 - [TEST_STEP][PASSED] - verifyTextPresent("Suite 678", true): Text 'Suite 678' is present on page  using regular expression

2022-06-30 22:36:59 - [MESSAGE][PASSED] - Text 'Suite 678' is present on page  using regular expression

2022-06-30 22:36:59 - [TEST_STEP][PASSED] - verifyTextPresent("United States", true): Text 'United States' is present on page  using regular expression

2022-06-30 22:36:59 - [MESSAGE][PASSED] - Text 'United States' is present on page  using regular expression

2022-06-30 22:36:59 - [TEST_STEP][PASSED] - verifyTextPresent("ARLINGTON", true): Text 'ARLINGTON' is present on page  using regular expression

2022-06-30 22:36:59 - [MESSAGE][PASSED] - Text 'ARLINGTON' is present on page  using regular expression

2022-06-30 22:36:59 - [TEST_STEP][PASSED] - verifyTextPresent("VA", true): Text 'VA' is present on page  using regular expression

2022-06-30 22:37:00 - [MESSAGE][PASSED] - Text 'VA' is present on page  using regular expression

2022-06-30 22:37:00 - [TEST_STEP][PASSED] - verifyTextPresent("22201", true): Text '22201' is present on page  using regular expression

2022-06-30 22:37:00 - [MESSAGE][PASSED] - Text '22201' is present on page  using regular expression

2022-06-30 22:37:00 - [TEST_STEP][PASSED] - cardTypeV = findTestData(dataFile).getValue("CardType", row): null

2022-06-30 22:37:00 - [TEST_STEP][PASSED] - last4V = findTestData(dataFile).getValue("Last4", row): null

2022-06-30 22:37:00 - [TEST_STEP][PASSED] - verifyTextPresent(cardTypeV, true): Text 'Discover' is present on page  using regular expression

2022-06-30 22:37:00 - [MESSAGE][PASSED] - Text 'Discover' is present on page  using regular expression

2022-06-30 22:37:00 - [TEST_STEP][PASSED] - verifyTextPresent(last4V, true): Text '6909' is present on page  using regular expression

2022-06-30 22:37:01 - [MESSAGE][PASSED] - Text '6909' is present on page  using regular expression

2022-06-30 22:37:01 - [TEST_STEP][PASSED] - switch (appName): null

2022-06-30 22:37:01 - [TEST_STEP][PASSED] - case "a_Access AutoSingleCFtpQA":: null

2022-06-30 22:37:01 - [TEST_STEP][PASSED] - verifyTextPresent("5.00", true): Text '5.00' is present on page  using regular expression

2022-06-30 22:37:01 - [MESSAGE][PASSED] - Text '5.00' is present on page  using regular expression

2022-06-30 22:37:01 - [TEST_STEP][PASSED] - verifyTextPresent("Single Transaction", true): Text 'Single Transaction' is present on page  using regular expression

2022-06-30 22:37:01 - [MESSAGE][PASSED] - Text 'Single Transaction' is present on page  using regular expression

2022-06-30 22:37:01 - [TEST_STEP][PASSED] - verifyTextPresent("7.50", true): Text '7.50' is present on page  using regular expression

2022-06-30 22:37:02 - [MESSAGE][PASSED] - Text '7.50' is present on page  using regular expression

2022-06-30 22:37:02 - [TEST_STEP][PASSED] - verifyTextPresent("Total Amount", true): Text 'Total Amount' is present on page  using regular expression

2022-06-30 22:37:02 - [MESSAGE][PASSED] - Text 'Total Amount' is present on page  using regular expression

2022-06-30 22:37:02 - [TEST_STEP][PASSED] - verifyTextPresent("Transaction Type", true): Text 'Transaction Type' is present on page  using regular expression

2022-06-30 22:37:02 - [MESSAGE][PASSED] - Text 'Transaction Type' is present on page  using regular expression

2022-06-30 22:37:02 - [TEST_STEP][PASSED] - break: null

2022-06-30 22:37:02 - [TEST_STEP][PASSED] - closeBrowser(): Browser is closed

2022-06-30 22:37:03 - [MESSAGE][PASSED] - Browser is closed

2022-06-30 22:37:03 - [TEST_STEP][PASSED] - ExecuteTC = findTestData(dataFile).getValue("Execute", row): null

2022-06-30 22:37:03 - [TEST_STEP][PASSED] - out.println("Value of Execute is : " + ExecuteTC): null

2022-06-30 22:37:03 - [TEST_STEP][PASSED] - switch (executionProfile): null

2022-06-30 22:37:03 - [TEST_STEP][PASSED] - case "QAProfile":: null

2022-06-30 22:37:03 - [TEST_STEP][PASSED] - appName = findTestData(dataFile).getValue("AppNameQA", row): null

2022-06-30 22:37:04 - [TEST_STEP][PASSED] - appID = findTestData(dataFile).getValue("AppIDQA", row): null

2022-06-30 22:37:04 - [TEST_STEP][PASSED] - break: null

2022-06-30 22:37:04 - [TEST_STEP][PASSED] - if (ExecuteTC.equalsIgnoreCase("Y")): null

2022-06-30 22:37:04 - [TEST_STEP][PASSED] - out.println("Begin Record Number: " + row): null

2022-06-30 22:37:04 - [TEST_STEP][PASSED] - today = new java.util.Date(): null

2022-06-30 22:37:04 - [TEST_STEP][PASSED] - println(today): null

2022-06-30 22:37:04 - [TEST_STEP][PASSED] - datText = today: null

2022-06-30 22:37:04 - [TEST_STEP][PASSED] - adminSuiteBootstrap.loginFunctionality.login_AdminSuite(): adminSuiteBootstrap.loginFunctionality.login_AdminSuite is PASSED

2022-06-30 22:37:04 - [MESSAGE][INFO] - Starting 'Chrome' driver

2022-06-30 22:37:04 - [MESSAGE][INFO] - User set preference: ['acceptInsecureCerts', 'true']

2022-06-30 22:37:04 - [MESSAGE][INFO] - Action delay is set to 0 milliseconds

2022-06-30 22:37:07 - [MESSAGE][PASSED] - Browser is opened with url: 'https://qa.velocitypayment.com/admin/imtiaz'

2022-06-30 22:37:07 - [MESSAGE][PASSED] - Current window maximized

2022-06-30 22:37:07 - [MESSAGE][PASSED] - Object 'Object Repository/Login_Page/Login_Username' is present

2022-06-30 22:37:08 - [MESSAGE][PASSED] - Text 'iahmed' is set on object 'Object Repository/Login_Page/Login_Username'

2022-06-30 22:37:09 - [MESSAGE][PASSED] - Text 'hello2222' is set on object 'Object Repository/Login_Page/Login_Password'

2022-06-30 22:37:13 - [MESSAGE][PASSED] - Object: 'Object Repository/Login_Page/Login_Submit' is clicked on

2022-06-30 22:37:13 - [MESSAGE][PASSED] - adminSuiteBootstrap.loginFunctionality.login_AdminSuite is PASSED

2022-06-30 22:37:13 - [TEST_STEP][PASSED] - click(findTestObject(path_Dashboard + appName)): Object: 'Object Repository/AdminSuiteBootstrap_Pages/Dashboard_Bootstrap/a_Access AutoDualCFtpQA' is clicked on

2022-06-30 22:37:14 - [MESSAGE][PASSED] - Object: 'Object Repository/AdminSuiteBootstrap_Pages/Dashboard_Bootstrap/a_Access AutoDualCFtpQA' is clicked on

2022-06-30 22:37:14 - [TEST_STEP][PASSED] - click(findTestObject(path_VT + "a_Find Profile")): Object: 'Object Repository/AdminSuiteBootstrap_Pages/VT_Bootstrap/IssueTransactions/a_Find Profile' is clicked on

2022-06-30 22:37:14 - [MESSAGE][PASSED] - Object: 'Object Repository/AdminSuiteBootstrap_Pages/VT_Bootstrap/IssueTransactions/a_Find Profile' is clicked on

2022-06-30 22:37:14 - [TEST_STEP][PASSED] - criteria = <not implemented yet for class: org.codehaus.groovy.ast.expr.EmptyExpression>: null

2022-06-30 22:37:14 - [TEST_STEP][PASSED] - searchBy = <not implemented yet for class: org.codehaus.groovy.ast.expr.EmptyExpression>: null

2022-06-30 22:37:14 - [TEST_STEP][PASSED] - criteria = findTestData(dataFile).getValue("ProfileName", row): null

2022-06-30 22:37:14 - [TEST_STEP][PASSED] - path_SearchProfile = "Object Repository/AdminSuiteBootstrap_Pages/VSP_Bootstrap/SearchProfile/": null

2022-06-30 22:37:14 - [TEST_STEP][PASSED] - setText(findTestObject(path_SearchProfile + "input_Criteria"), criteria): Text 'PaymentsVisa' is set on object 'Object Repository/AdminSuiteBootstrap_Pages/VSP_Bootstrap/SearchProfile/input_Criteria'

2022-06-30 22:37:15 - [MESSAGE][PASSED] - Text 'PaymentsVisa' is set on object 'Object Repository/AdminSuiteBootstrap_Pages/VSP_Bootstrap/SearchProfile/input_Criteria'

2022-06-30 22:37:15 - [TEST_STEP][PASSED] - click(findTestObject(path_SearchProfile + "button_Search")): Object: 'Object Repository/AdminSuiteBootstrap_Pages/VSP_Bootstrap/SearchProfile/button_Search' is clicked on

2022-06-30 22:37:16 - [MESSAGE][PASSED] - Object: 'Object Repository/AdminSuiteBootstrap_Pages/VSP_Bootstrap/SearchProfile/button_Search' is clicked on

2022-06-30 22:37:16 - [TEST_STEP][PASSED] - profNameLink = findTestData(dataFile).getValue("ProfileNameLink", row): null

2022-06-30 22:37:16 - [TEST_STEP][PASSED] - click(findTestObject(path_ViewProfile + profNameLink)): Object: 'Object Repository/AdminSuiteBootstrap_Pages/VSP_Bootstrap/View Profile/a_PaymentsVisa' is clicked on

2022-06-30 22:37:18 - [MESSAGE][PASSED] - Object: 'Object Repository/AdminSuiteBootstrap_Pages/VSP_Bootstrap/View Profile/a_PaymentsVisa' is clicked on

2022-06-30 22:37:18 - [TEST_STEP][PASSED] - click(findTestObject(path_ViewProfile + "a_AuthCap")): Object: 'Object Repository/AdminSuiteBootstrap_Pages/VSP_Bootstrap/View Profile/a_AuthCap' is clicked on

2022-06-30 22:37:20 - [MESSAGE][PASSED] - Object: 'Object Repository/AdminSuiteBootstrap_Pages/VSP_Bootstrap/View Profile/a_AuthCap' is clicked on

2022-06-30 22:37:20 - [TEST_STEP][PASSED] - verifyTextPresent("Credit Card Authorization Capture", true): Text 'Credit Card Authorization Capture' is present on page  using regular expression

2022-06-30 22:37:21 - [MESSAGE][PASSED] - Text 'Credit Card Authorization Capture' is present on page  using regular expression

2022-06-30 22:37:21 - [TEST_STEP][PASSED] - verifyTextPresent("Sale", true): Text 'Sale' is present on page  using regular expression

2022-06-30 22:37:21 - [MESSAGE][PASSED] - Text 'Sale' is present on page  using regular expression

2022-06-30 22:37:21 - [TEST_STEP][PASSED] - verifyTextPresent("Required fields are highlighted with an asterisk", true): Text 'Required fields are highlighted with an asterisk' is present on page  using regular expression

2022-06-30 22:37:21 - [MESSAGE][PASSED] - Text 'Required fields are highlighted with an asterisk' is present on page  using regular expression

2022-06-30 22:37:21 - [TEST_STEP][PASSED] - verifyTextPresent("Remittance ID", true): Text 'Remittance ID' is present on page  using regular expression

2022-06-30 22:37:22 - [MESSAGE][PASSED] - Text 'Remittance ID' is present on page  using regular expression

2022-06-30 22:37:22 - [TEST_STEP][PASSED] - vspBootstrap.SalePage.setDataSaleAndAuth(row, dataFile): vspBootstrap.SalePage.setDataSaleAndAuth is PASSED

2022-06-30 22:37:23 - [MESSAGE][PASSED] - All options with value 'MOTO' are selected in object 'Object Repository/AdminSuiteBootstrap_Pages/VSP_Bootstrap/VSP_Authcap/select_TransactionCategory'  using regular expression

2022-06-30 22:37:24 - [MESSAGE][PASSED] - Text '123' is set on object 'Object Repository/AdminSuiteBootstrap_Pages/VSP_Bootstrap/VSP_Authcap/input_cvv'

2022-06-30 22:37:25 - [MESSAGE][PASSED] - Text '' is set on object 'Object Repository/AdminSuiteBootstrap_Pages/VSP_Bootstrap/VSP_Authcap/input_smsNumber'

2022-06-30 22:37:25 - [MESSAGE][PASSED] - Text '2.50' is set on object 'Object Repository/AdminSuiteBootstrap_Pages/VSP_Bootstrap/VSP_Authcap/input_amount'

2022-06-30 22:37:27 - [MESSAGE][PASSED] - Text 'Delhi' is set on object 'Object Repository/AdminSuiteBootstrap_Pages/VSP_Bootstrap/VSP_Authcap/input_userDefined1'

2022-06-30 22:37:27 - [MESSAGE][PASSED] - Text 'Chennai' is set on object 'Object Repository/AdminSuiteBootstrap_Pages/VSP_Bootstrap/VSP_Authcap/input_userDefined2'

2022-06-30 22:37:28 - [MESSAGE][PASSED] - Text 'Mumbai' is set on object 'Object Repository/AdminSuiteBootstrap_Pages/VSP_Bootstrap/VSP_Authcap/input_userDefined3'

2022-06-30 22:37:29 - [MESSAGE][PASSED] - Text 'Kanpur' is set on object 'Object Repository/AdminSuiteBootstrap_Pages/VSP_Bootstrap/VSP_Authcap/input_userDefined4'

2022-06-30 22:37:30 - [MESSAGE][PASSED] - All options with label 'Orange' are selected in object 'Object Repository/AdminSuiteBootstrap_Pages/VSP_Bootstrap/VSP_Authcap/select_UDF5'  using regular expression

2022-06-30 22:37:31 - [MESSAGE][PASSED] - All options with label 'Yellow' are selected in object 'Object Repository/AdminSuiteBootstrap_Pages/VSP_Bootstrap/VSP_Authcap/select_UDF6'  using regular expression

2022-06-30 22:37:31 - [MESSAGE][PASSED] - Text 'Kolkata' is set on object 'Object Repository/AdminSuiteBootstrap_Pages/VSP_Bootstrap/VSP_Authcap/input_userDefined7'

2022-06-30 22:37:32 - [MESSAGE][PASSED] - Text 'Pune' is set on object 'Object Repository/AdminSuiteBootstrap_Pages/VSP_Bootstrap/VSP_Authcap/input_userDefined8'

2022-06-30 22:37:33 - [MESSAGE][PASSED] - Text 'Bhavnagar' is set on object 'Object Repository/AdminSuiteBootstrap_Pages/VSP_Bootstrap/VSP_Authcap/input_userDefined9'

2022-06-30 22:37:33 - [MESSAGE][PASSED] - Text 'Noida' is set on object 'Object Repository/AdminSuiteBootstrap_Pages/VSP_Bootstrap/VSP_Authcap/input_userDefined10'

2022-06-30 22:37:36 - [MESSAGE][PASSED] - Object: 'Object Repository/AdminSuiteBootstrap_Pages/VSP_Bootstrap/VSP_Authcap/button_Submit' is clicked on

2022-06-30 22:37:36 - [MESSAGE][PASSED] - vspBootstrap.SalePage.setDataSaleAndAuth is PASSED

2022-06-30 22:37:36 - [TEST_STEP][PASSED] - verifyTextPresent("Transaction Successful", true): Text 'Transaction Successful' is present on page  using regular expression

2022-06-30 22:37:37 - [MESSAGE][PASSED] - Text 'Transaction Successful' is present on page  using regular expression

2022-06-30 22:37:37 - [TEST_STEP][PASSED] - verifyElementVisible(findTestObject("Object Repository/AdminSuiteBootstrap_Pages/VT_Bootstrap/Receipt/button_Continue")): Object 'Object Repository/AdminSuiteBootstrap_Pages/VT_Bootstrap/Receipt/button_Continue' is visible

2022-06-30 22:37:37 - [MESSAGE][PASSED] - Object 'Object Repository/AdminSuiteBootstrap_Pages/VT_Bootstrap/Receipt/button_Continue' is visible

2022-06-30 22:37:37 - [TEST_STEP][PASSED] - verifyElementPresent(findTestObject("Object Repository/AdminSuiteBootstrap_Pages/VT_Bootstrap/Receipt/button_Continue"), 20): Object 'Object Repository/AdminSuiteBootstrap_Pages/VT_Bootstrap/Receipt/button_Continue' is present

2022-06-30 22:37:37 - [MESSAGE][PASSED] - Object 'Object Repository/AdminSuiteBootstrap_Pages/VT_Bootstrap/Receipt/button_Continue' is present

2022-06-30 22:37:37 - [TEST_STEP][PASSED] - verifyElementVisible(findTestObject("Object Repository/AdminSuiteBootstrap_Pages/VT_Bootstrap/Receipt/button_Print")): Object 'Object Repository/AdminSuiteBootstrap_Pages/VT_Bootstrap/Receipt/button_Print' is visible

2022-06-30 22:37:38 - [MESSAGE][PASSED] - Object 'Object Repository/AdminSuiteBootstrap_Pages/VT_Bootstrap/Receipt/button_Print' is visible

2022-06-30 22:37:38 - [TEST_STEP][PASSED] - verifyElementPresent(findTestObject("Object Repository/AdminSuiteBootstrap_Pages/VT_Bootstrap/Receipt/button_Print"), 20): Object 'Object Repository/AdminSuiteBootstrap_Pages/VT_Bootstrap/Receipt/button_Print' is present

2022-06-30 22:37:38 - [MESSAGE][PASSED] - Object 'Object Repository/AdminSuiteBootstrap_Pages/VT_Bootstrap/Receipt/button_Print' is present

2022-06-30 22:37:38 - [TEST_STEP][PASSED] - verifyTextPresent("Remittance ID", true): Text 'Remittance ID' is present on page  using regular expression

2022-06-30 22:37:38 - [MESSAGE][PASSED] - Text 'Remittance ID' is present on page  using regular expression

2022-06-30 22:37:39 - [TEST_STEP][PASSED] - verifyTextPresent("Received", true): Text 'Received' is present on page  using regular expression

2022-06-30 22:37:39 - [MESSAGE][PASSED] - Text 'Received' is present on page  using regular expression

2022-06-30 22:37:39 - [TEST_STEP][PASSED] - verifyTextPresent("UDF1", true): Text 'UDF1' is present on page  using regular expression

2022-06-30 22:37:39 - [MESSAGE][PASSED] - Text 'UDF1' is present on page  using regular expression

2022-06-30 22:37:39 - [TEST_STEP][PASSED] - verifyTextPresent("UDF2", true): Text 'UDF2' is present on page  using regular expression

2022-06-30 22:37:39 - [MESSAGE][PASSED] - Text 'UDF2' is present on page  using regular expression

2022-06-30 22:37:39 - [TEST_STEP][PASSED] - verifyTextPresent("UDF3", true): Text 'UDF3' is present on page  using regular expression

2022-06-30 22:37:40 - [MESSAGE][PASSED] - Text 'UDF3' is present on page  using regular expression

2022-06-30 22:37:40 - [TEST_STEP][PASSED] - verifyTextPresent("UDF4", true): Text 'UDF4' is present on page  using regular expression

2022-06-30 22:37:40 - [MESSAGE][PASSED] - Text 'UDF4' is present on page  using regular expression

2022-06-30 22:37:40 - [TEST_STEP][PASSED] - verifyTextPresent("UDF5", true): Text 'UDF5' is present on page  using regular expression

2022-06-30 22:37:40 - [MESSAGE][PASSED] - Text 'UDF5' is present on page  using regular expression

2022-06-30 22:37:40 - [TEST_STEP][PASSED] - verifyTextPresent("UDF6", true): Text 'UDF6' is present on page  using regular expression

2022-06-30 22:37:41 - [MESSAGE][PASSED] - Text 'UDF6' is present on page  using regular expression

2022-06-30 22:37:41 - [TEST_STEP][PASSED] - verifyTextPresent("UDF7", true): Text 'UDF7' is present on page  using regular expression

2022-06-30 22:37:41 - [MESSAGE][PASSED] - Text 'UDF7' is present on page  using regular expression

2022-06-30 22:37:41 - [TEST_STEP][PASSED] - verifyTextPresent("UDF8", true): Text 'UDF8' is present on page  using regular expression

2022-06-30 22:37:41 - [MESSAGE][PASSED] - Text 'UDF8' is present on page  using regular expression

2022-06-30 22:37:41 - [TEST_STEP][PASSED] - verifyTextPresent("UDF9", true): Text 'UDF9' is present on page  using regular expression

2022-06-30 22:37:41 - [MESSAGE][PASSED] - Text 'UDF9' is present on page  using regular expression

2022-06-30 22:37:42 - [TEST_STEP][PASSED] - verifyTextPresent("UDF 10", true): Text 'UDF 10' is present on page  using regular expression

2022-06-30 22:37:42 - [MESSAGE][PASSED] - Text 'UDF 10' is present on page  using regular expression

2022-06-30 22:37:42 - [TEST_STEP][PASSED] - verifyTextPresent("Delhi", true): Text 'Delhi' is present on page  using regular expression

2022-06-30 22:37:42 - [MESSAGE][PASSED] - Text 'Delhi' is present on page  using regular expression

2022-06-30 22:37:42 - [TEST_STEP][PASSED] - verifyTextPresent("Chennai", true): Text 'Chennai' is present on page  using regular expression

2022-06-30 22:37:42 - [MESSAGE][PASSED] - Text 'Chennai' is present on page  using regular expression

2022-06-30 22:37:42 - [TEST_STEP][PASSED] - verifyTextPresent("Mumbai", true): Text 'Mumbai' is present on page  using regular expression

2022-06-30 22:37:43 - [MESSAGE][PASSED] - Text 'Mumbai' is present on page  using regular expression

2022-06-30 22:37:43 - [TEST_STEP][PASSED] - verifyTextPresent("Kanpur", true): Text 'Kanpur' is present on page  using regular expression

2022-06-30 22:37:43 - [MESSAGE][PASSED] - Text 'Kanpur' is present on page  using regular expression

2022-06-30 22:37:43 - [TEST_STEP][PASSED] - verifyTextPresent("Orange Recorded", true): Text 'Orange Recorded' is present on page  using regular expression

2022-06-30 22:37:43 - [MESSAGE][PASSED] - Text 'Orange Recorded' is present on page  using regular expression

2022-06-30 22:37:43 - [TEST_STEP][PASSED] - verifyTextPresent("Yellow Recorded", true): Text 'Yellow Recorded' is present on page  using regular expression

2022-06-30 22:37:44 - [MESSAGE][PASSED] - Text 'Yellow Recorded' is present on page  using regular expression

2022-06-30 22:37:44 - [TEST_STEP][PASSED] - verifyTextPresent("Kolkata", true): Text 'Kolkata' is present on page  using regular expression

2022-06-30 22:37:44 - [MESSAGE][PASSED] - Text 'Kolkata' is present on page  using regular expression

2022-06-30 22:37:44 - [TEST_STEP][PASSED] - verifyTextPresent("Pune", true): Text 'Pune' is present on page  using regular expression

2022-06-30 22:37:44 - [MESSAGE][PASSED] - Text 'Pune' is present on page  using regular expression

2022-06-30 22:37:44 - [TEST_STEP][PASSED] - verifyTextPresent("Bhavnagar", true): Text 'Bhavnagar' is present on page  using regular expression

2022-06-30 22:37:45 - [MESSAGE][PASSED] - Text 'Bhavnagar' is present on page  using regular expression

2022-06-30 22:37:45 - [TEST_STEP][PASSED] - verifyTextPresent("Noida", true): Text 'Noida' is present on page  using regular expression

2022-06-30 22:37:45 - [MESSAGE][PASSED] - Text 'Noida' is present on page  using regular expression

2022-06-30 22:37:45 - [TEST_STEP][PASSED] - verifyTextPresent("Amount", true): Text 'Amount' is present on page  using regular expression

2022-06-30 22:37:45 - [MESSAGE][PASSED] - Text 'Amount' is present on page  using regular expression

2022-06-30 22:37:45 - [TEST_STEP][PASSED] - verifyTextPresent("2.50", true): Text '2.50' is present on page  using regular expression

2022-06-30 22:37:46 - [MESSAGE][PASSED] - Text '2.50' is present on page  using regular expression

2022-06-30 22:37:46 - [TEST_STEP][PASSED] - verifyTextPresent("Authorization and Capture", true): Text 'Authorization and Capture' is present on page  using regular expression

2022-06-30 22:37:46 - [MESSAGE][PASSED] - Text 'Authorization and Capture' is present on page  using regular expression

2022-06-30 22:37:46 - [TEST_STEP][PASSED] - verifyTextPresent("Card Information", true): Text 'Card Information' is present on page  using regular expression

2022-06-30 22:37:46 - [MESSAGE][PASSED] - Text 'Card Information' is present on page  using regular expression

2022-06-30 22:37:46 - [TEST_STEP][PASSED] - verifyTextPresent("TANDON RAVENA", true): Text 'TANDON RAVENA' is present on page  using regular expression

2022-06-30 22:37:47 - [MESSAGE][PASSED] - Text 'TANDON RAVENA' is present on page  using regular expression

2022-06-30 22:37:47 - [TEST_STEP][PASSED] - verifyTextPresent("Address Line 1", true): Text 'Address Line 1' is present on page  using regular expression

2022-06-30 22:37:47 - [MESSAGE][PASSED] - Text 'Address Line 1' is present on page  using regular expression

2022-06-30 22:37:47 - [TEST_STEP][PASSED] - verifyTextPresent("Address Line 2", true): Text 'Address Line 2' is present on page  using regular expression

2022-06-30 22:37:47 - [MESSAGE][PASSED] - Text 'Address Line 2' is present on page  using regular expression

2022-06-30 22:37:47 - [TEST_STEP][PASSED] - verifyTextPresent("Country", true): Text 'Country' is present on page  using regular expression

2022-06-30 22:37:48 - [MESSAGE][PASSED] - Text 'Country' is present on page  using regular expression

2022-06-30 22:37:48 - [TEST_STEP][PASSED] - verifyTextPresent("City", true): Text 'City' is present on page  using regular expression

2022-06-30 22:37:48 - [MESSAGE][PASSED] - Text 'City' is present on page  using regular expression

2022-06-30 22:37:48 - [TEST_STEP][PASSED] - verifyTextPresent("State", true): Text 'State' is present on page  using regular expression

2022-06-30 22:37:48 - [MESSAGE][PASSED] - Text 'State' is present on page  using regular expression

2022-06-30 22:37:48 - [TEST_STEP][PASSED] - verifyTextPresent("ZIP Code", true): Text 'ZIP Code' is present on page  using regular expression

2022-06-30 22:37:49 - [MESSAGE][PASSED] - Text 'ZIP Code' is present on page  using regular expression

2022-06-30 22:37:49 - [TEST_STEP][PASSED] - verifyTextPresent("248 PhoolKaante road", true): Text '248 PhoolKaante road' is present on page  using regular expression

2022-06-30 22:37:49 - [MESSAGE][PASSED] - Text '248 PhoolKaante road' is present on page  using regular expression

2022-06-30 22:37:49 - [TEST_STEP][PASSED] - verifyTextPresent("Suite 678", true): Text 'Suite 678' is present on page  using regular expression

2022-06-30 22:37:49 - [MESSAGE][PASSED] - Text 'Suite 678' is present on page  using regular expression

2022-06-30 22:37:49 - [TEST_STEP][PASSED] - verifyTextPresent("United States", true): Text 'United States' is present on page  using regular expression

2022-06-30 22:37:49 - [MESSAGE][PASSED] - Text 'United States' is present on page  using regular expression

2022-06-30 22:37:49 - [TEST_STEP][PASSED] - verifyTextPresent("ARLINGTON", true): Text 'ARLINGTON' is present on page  using regular expression

2022-06-30 22:37:50 - [MESSAGE][PASSED] - Text 'ARLINGTON' is present on page  using regular expression

2022-06-30 22:37:50 - [TEST_STEP][PASSED] - verifyTextPresent("VA", true): Text 'VA' is present on page  using regular expression

2022-06-30 22:37:50 - [MESSAGE][PASSED] - Text 'VA' is present on page  using regular expression

2022-06-30 22:37:50 - [TEST_STEP][PASSED] - verifyTextPresent("22201", true): Text '22201' is present on page  using regular expression

2022-06-30 22:37:50 - [MESSAGE][PASSED] - Text '22201' is present on page  using regular expression

2022-06-30 22:37:50 - [TEST_STEP][PASSED] - cardTypeV = findTestData(dataFile).getValue("CardType", row): null

2022-06-30 22:37:50 - [TEST_STEP][PASSED] - last4V = findTestData(dataFile).getValue("Last4", row): null

2022-06-30 22:37:51 - [TEST_STEP][PASSED] - verifyTextPresent(cardTypeV, true): Text 'Visa' is present on page  using regular expression

2022-06-30 22:37:51 - [MESSAGE][PASSED] - Text 'Visa' is present on page  using regular expression

2022-06-30 22:37:51 - [TEST_STEP][PASSED] - verifyTextPresent(last4V, true): Text '5439' is present on page  using regular expression

2022-06-30 22:37:51 - [MESSAGE][PASSED] - Text '5439' is present on page  using regular expression

2022-06-30 22:37:51 - [TEST_STEP][PASSED] - switch (appName): null

2022-06-30 22:37:51 - [TEST_STEP][PASSED] - case "a_Access AutoDualCFtpQA":: null

2022-06-30 22:37:51 - [TEST_STEP][PASSED] - verifyTextPresent("5.00", true): Text '5.00' is present on page  using regular expression

2022-06-30 22:37:51 - [MESSAGE][PASSED] - Text '5.00' is present on page  using regular expression

2022-06-30 22:37:51 - [TEST_STEP][PASSED] - verifyTextPresent("Dual Transaction", true): Text 'Dual Transaction' is present on page  using regular expression

2022-06-30 22:37:52 - [MESSAGE][PASSED] - Text 'Dual Transaction' is present on page  using regular expression

2022-06-30 22:37:52 - [TEST_STEP][PASSED] - verifyTextPresent("7.50", true): Text '7.50' is present on page  using regular expression

2022-06-30 22:37:52 - [MESSAGE][PASSED] - Text '7.50' is present on page  using regular expression

2022-06-30 22:37:52 - [TEST_STEP][PASSED] - verifyTextPresent("Total Amount", true): Text 'Total Amount' is present on page  using regular expression

2022-06-30 22:37:52 - [MESSAGE][PASSED] - Text 'Total Amount' is present on page  using regular expression

2022-06-30 22:37:52 - [TEST_STEP][PASSED] - verifyTextPresent("Transaction Type", true): Text 'Transaction Type' is present on page  using regular expression

2022-06-30 22:37:53 - [MESSAGE][PASSED] - Text 'Transaction Type' is present on page  using regular expression

2022-06-30 22:37:53 - [TEST_STEP][PASSED] - break: null

2022-06-30 22:37:53 - [TEST_STEP][PASSED] - closeBrowser(): Browser is closed

2022-06-30 22:37:54 - [MESSAGE][PASSED] - Browser is closed

2022-06-30 22:37:54 - [TEST_STEP][PASSED] - ExecuteTC = findTestData(dataFile).getValue("Execute", row): null

2022-06-30 22:37:54 - [TEST_STEP][PASSED] - out.println("Value of Execute is : " + ExecuteTC): null

2022-06-30 22:37:54 - [TEST_STEP][PASSED] - switch (executionProfile): null

2022-06-30 22:37:54 - [TEST_STEP][PASSED] - case "QAProfile":: null

2022-06-30 22:37:54 - [TEST_STEP][PASSED] - appName = findTestData(dataFile).getValue("AppNameQA", row): null

2022-06-30 22:37:54 - [TEST_STEP][PASSED] - appID = findTestData(dataFile).getValue("AppIDQA", row): null

2022-06-30 22:37:54 - [TEST_STEP][PASSED] - break: null

2022-06-30 22:37:54 - [TEST_STEP][PASSED] - if (ExecuteTC.equalsIgnoreCase("Y")): null

2022-06-30 22:37:54 - [TEST_STEP][PASSED] - out.println("Begin Record Number: " + row): null

2022-06-30 22:37:54 - [TEST_STEP][PASSED] - today = new java.util.Date(): null

2022-06-30 22:37:54 - [TEST_STEP][PASSED] - println(today): null

2022-06-30 22:37:54 - [TEST_STEP][PASSED] - datText = today: null

2022-06-30 22:37:54 - [TEST_STEP][PASSED] - adminSuiteBootstrap.loginFunctionality.login_AdminSuite(): adminSuiteBootstrap.loginFunctionality.login_AdminSuite is PASSED

2022-06-30 22:37:54 - [MESSAGE][INFO] - Starting 'Chrome' driver

2022-06-30 22:37:54 - [MESSAGE][INFO] - User set preference: ['acceptInsecureCerts', 'true']

2022-06-30 22:37:54 - [MESSAGE][INFO] - Action delay is set to 0 milliseconds

2022-06-30 22:37:57 - [MESSAGE][PASSED] - Browser is opened with url: 'https://qa.velocitypayment.com/admin/imtiaz'

2022-06-30 22:37:57 - [MESSAGE][PASSED] - Current window maximized

2022-06-30 22:37:58 - [MESSAGE][PASSED] - Object 'Object Repository/Login_Page/Login_Username' is present

2022-06-30 22:37:58 - [MESSAGE][PASSED] - Text 'iahmed' is set on object 'Object Repository/Login_Page/Login_Username'

2022-06-30 22:37:59 - [MESSAGE][PASSED] - Text 'hello2222' is set on object 'Object Repository/Login_Page/Login_Password'

2022-06-30 22:38:03 - [MESSAGE][PASSED] - Object: 'Object Repository/Login_Page/Login_Submit' is clicked on

2022-06-30 22:38:03 - [MESSAGE][PASSED] - adminSuiteBootstrap.loginFunctionality.login_AdminSuite is PASSED

2022-06-30 22:38:03 - [TEST_STEP][PASSED] - click(findTestObject(path_Dashboard + appName)): Object: 'Object Repository/AdminSuiteBootstrap_Pages/Dashboard_Bootstrap/a_Access AutoDualCFtpQA' is clicked on

2022-06-30 22:38:04 - [MESSAGE][PASSED] - Object: 'Object Repository/AdminSuiteBootstrap_Pages/Dashboard_Bootstrap/a_Access AutoDualCFtpQA' is clicked on

2022-06-30 22:38:04 - [TEST_STEP][PASSED] - click(findTestObject(path_VT + "a_Find Profile")): Object: 'Object Repository/AdminSuiteBootstrap_Pages/VT_Bootstrap/IssueTransactions/a_Find Profile' is clicked on

2022-06-30 22:38:04 - [MESSAGE][PASSED] - Object: 'Object Repository/AdminSuiteBootstrap_Pages/VT_Bootstrap/IssueTransactions/a_Find Profile' is clicked on

2022-06-30 22:38:04 - [TEST_STEP][PASSED] - criteria = <not implemented yet for class: org.codehaus.groovy.ast.expr.EmptyExpression>: null

2022-06-30 22:38:04 - [TEST_STEP][PASSED] - searchBy = <not implemented yet for class: org.codehaus.groovy.ast.expr.EmptyExpression>: null

2022-06-30 22:38:04 - [TEST_STEP][PASSED] - criteria = findTestData(dataFile).getValue("ProfileName", row): null

2022-06-30 22:38:04 - [TEST_STEP][PASSED] - path_SearchProfile = "Object Repository/AdminSuiteBootstrap_Pages/VSP_Bootstrap/SearchProfile/": null

2022-06-30 22:38:04 - [TEST_STEP][PASSED] - setText(findTestObject(path_SearchProfile + "input_Criteria"), criteria): Text 'PaymentsMC' is set on object 'Object Repository/AdminSuiteBootstrap_Pages/VSP_Bootstrap/SearchProfile/input_Criteria'

2022-06-30 22:38:05 - [MESSAGE][PASSED] - Text 'PaymentsMC' is set on object 'Object Repository/AdminSuiteBootstrap_Pages/VSP_Bootstrap/SearchProfile/input_Criteria'

2022-06-30 22:38:05 - [TEST_STEP][PASSED] - click(findTestObject(path_SearchProfile + "button_Search")): Object: 'Object Repository/AdminSuiteBootstrap_Pages/VSP_Bootstrap/SearchProfile/button_Search' is clicked on

2022-06-30 22:38:06 - [MESSAGE][PASSED] - Object: 'Object Repository/AdminSuiteBootstrap_Pages/VSP_Bootstrap/SearchProfile/button_Search' is clicked on

2022-06-30 22:38:06 - [TEST_STEP][PASSED] - profNameLink = findTestData(dataFile).getValue("ProfileNameLink", row): null

2022-06-30 22:38:06 - [TEST_STEP][PASSED] - click(findTestObject(path_ViewProfile + profNameLink)): Object: 'Object Repository/AdminSuiteBootstrap_Pages/VSP_Bootstrap/View Profile/a_PaymentsMC' is clicked on

2022-06-30 22:38:08 - [MESSAGE][PASSED] - Object: 'Object Repository/AdminSuiteBootstrap_Pages/VSP_Bootstrap/View Profile/a_PaymentsMC' is clicked on

2022-06-30 22:38:08 - [TEST_STEP][PASSED] - click(findTestObject(path_ViewProfile + "a_AuthCap")): Object: 'Object Repository/AdminSuiteBootstrap_Pages/VSP_Bootstrap/View Profile/a_AuthCap' is clicked on

2022-06-30 22:38:09 - [MESSAGE][PASSED] - Object: 'Object Repository/AdminSuiteBootstrap_Pages/VSP_Bootstrap/View Profile/a_AuthCap' is clicked on

2022-06-30 22:38:09 - [TEST_STEP][PASSED] - verifyTextPresent("Credit Card Authorization Capture", true): Text 'Credit Card Authorization Capture' is present on page  using regular expression

2022-06-30 22:38:10 - [MESSAGE][PASSED] - Text 'Credit Card Authorization Capture' is present on page  using regular expression

2022-06-30 22:38:10 - [TEST_STEP][PASSED] - verifyTextPresent("Sale", true): Text 'Sale' is present on page  using regular expression

2022-06-30 22:38:10 - [MESSAGE][PASSED] - Text 'Sale' is present on page  using regular expression

2022-06-30 22:38:10 - [TEST_STEP][PASSED] - verifyTextPresent("Required fields are highlighted with an asterisk", true): Text 'Required fields are highlighted with an asterisk' is present on page  using regular expression

2022-06-30 22:38:11 - [MESSAGE][PASSED] - Text 'Required fields are highlighted with an asterisk' is present on page  using regular expression

2022-06-30 22:38:11 - [TEST_STEP][PASSED] - verifyTextPresent("Remittance ID", true): Text 'Remittance ID' is present on page  using regular expression

2022-06-30 22:38:11 - [MESSAGE][PASSED] - Text 'Remittance ID' is present on page  using regular expression

2022-06-30 22:38:11 - [TEST_STEP][PASSED] - vspBootstrap.SalePage.setDataSaleAndAuth(row, dataFile): vspBootstrap.SalePage.setDataSaleAndAuth is PASSED

2022-06-30 22:38:12 - [MESSAGE][PASSED] - All options with value 'MOTO' are selected in object 'Object Repository/AdminSuiteBootstrap_Pages/VSP_Bootstrap/VSP_Authcap/select_TransactionCategory'  using regular expression

2022-06-30 22:38:13 - [MESSAGE][PASSED] - Text '123' is set on object 'Object Repository/AdminSuiteBootstrap_Pages/VSP_Bootstrap/VSP_Authcap/input_cvv'

2022-06-30 22:38:14 - [MESSAGE][PASSED] - Text '' is set on object 'Object Repository/AdminSuiteBootstrap_Pages/VSP_Bootstrap/VSP_Authcap/input_smsNumber'

2022-06-30 22:38:14 - [MESSAGE][PASSED] - Text '2.50' is set on object 'Object Repository/AdminSuiteBootstrap_Pages/VSP_Bootstrap/VSP_Authcap/input_amount'

2022-06-30 22:38:15 - [MESSAGE][PASSED] - Text 'Delhi' is set on object 'Object Repository/AdminSuiteBootstrap_Pages/VSP_Bootstrap/VSP_Authcap/input_userDefined1'

2022-06-30 22:38:16 - [MESSAGE][PASSED] - Text 'Chennai' is set on object 'Object Repository/AdminSuiteBootstrap_Pages/VSP_Bootstrap/VSP_Authcap/input_userDefined2'

2022-06-30 22:38:17 - [MESSAGE][PASSED] - Text 'Mumbai' is set on object 'Object Repository/AdminSuiteBootstrap_Pages/VSP_Bootstrap/VSP_Authcap/input_userDefined3'

2022-06-30 22:38:17 - [MESSAGE][PASSED] - Text 'Kanpur' is set on object 'Object Repository/AdminSuiteBootstrap_Pages/VSP_Bootstrap/VSP_Authcap/input_userDefined4'

2022-06-30 22:38:18 - [MESSAGE][PASSED] - All options with label 'Orange' are selected in object 'Object Repository/AdminSuiteBootstrap_Pages/VSP_Bootstrap/VSP_Authcap/select_UDF5'  using regular expression

2022-06-30 22:38:19 - [MESSAGE][PASSED] - All options with label 'Yellow' are selected in object 'Object Repository/AdminSuiteBootstrap_Pages/VSP_Bootstrap/VSP_Authcap/select_UDF6'  using regular expression

2022-06-30 22:38:20 - [MESSAGE][PASSED] - Text 'Kolkata' is set on object 'Object Repository/AdminSuiteBootstrap_Pages/VSP_Bootstrap/VSP_Authcap/input_userDefined7'

2022-06-30 22:38:21 - [MESSAGE][PASSED] - Text 'Pune' is set on object 'Object Repository/AdminSuiteBootstrap_Pages/VSP_Bootstrap/VSP_Authcap/input_userDefined8'

2022-06-30 22:38:22 - [MESSAGE][PASSED] - Text 'Bhavnagar' is set on object 'Object Repository/AdminSuiteBootstrap_Pages/VSP_Bootstrap/VSP_Authcap/input_userDefined9'

2022-06-30 22:38:22 - [MESSAGE][PASSED] - Text 'Noida' is set on object 'Object Repository/AdminSuiteBootstrap_Pages/VSP_Bootstrap/VSP_Authcap/input_userDefined10'

2022-06-30 22:38:25 - [MESSAGE][PASSED] - Object: 'Object Repository/AdminSuiteBootstrap_Pages/VSP_Bootstrap/VSP_Authcap/button_Submit' is clicked on

2022-06-30 22:38:25 - [MESSAGE][PASSED] - vspBootstrap.SalePage.setDataSaleAndAuth is PASSED

2022-06-30 22:38:25 - [TEST_STEP][PASSED] - verifyTextPresent("Transaction Successful", true): Text 'Transaction Successful' is present on page  using regular expression

2022-06-30 22:38:25 - [MESSAGE][PASSED] - Text 'Transaction Successful' is present on page  using regular expression

2022-06-30 22:38:25 - [TEST_STEP][PASSED] - verifyElementVisible(findTestObject("Object Repository/AdminSuiteBootstrap_Pages/VT_Bootstrap/Receipt/button_Continue")): Object 'Object Repository/AdminSuiteBootstrap_Pages/VT_Bootstrap/Receipt/button_Continue' is visible

2022-06-30 22:38:26 - [MESSAGE][PASSED] - Object 'Object Repository/AdminSuiteBootstrap_Pages/VT_Bootstrap/Receipt/button_Continue' is visible

2022-06-30 22:38:26 - [TEST_STEP][PASSED] - verifyElementPresent(findTestObject("Object Repository/AdminSuiteBootstrap_Pages/VT_Bootstrap/Receipt/button_Continue"), 20): Object 'Object Repository/AdminSuiteBootstrap_Pages/VT_Bootstrap/Receipt/button_Continue' is present

2022-06-30 22:38:26 - [MESSAGE][PASSED] - Object 'Object Repository/AdminSuiteBootstrap_Pages/VT_Bootstrap/Receipt/button_Continue' is present

2022-06-30 22:38:26 - [TEST_STEP][PASSED] - verifyElementVisible(findTestObject("Object Repository/AdminSuiteBootstrap_Pages/VT_Bootstrap/Receipt/button_Print")): Object 'Object Repository/AdminSuiteBootstrap_Pages/VT_Bootstrap/Receipt/button_Print' is visible

2022-06-30 22:38:26 - [MESSAGE][PASSED] - Object 'Object Repository/AdminSuiteBootstrap_Pages/VT_Bootstrap/Receipt/button_Print' is visible

2022-06-30 22:38:26 - [TEST_STEP][PASSED] - verifyElementPresent(findTestObject("Object Repository/AdminSuiteBootstrap_Pages/VT_Bootstrap/Receipt/button_Print"), 20): Object 'Object Repository/AdminSuiteBootstrap_Pages/VT_Bootstrap/Receipt/button_Print' is present

2022-06-30 22:38:27 - [MESSAGE][PASSED] - Object 'Object Repository/AdminSuiteBootstrap_Pages/VT_Bootstrap/Receipt/button_Print' is present

2022-06-30 22:38:27 - [TEST_STEP][PASSED] - verifyTextPresent("Remittance ID", true): Text 'Remittance ID' is present on page  using regular expression

2022-06-30 22:38:27 - [MESSAGE][PASSED] - Text 'Remittance ID' is present on page  using regular expression

2022-06-30 22:38:27 - [TEST_STEP][PASSED] - verifyTextPresent("Received", true): Text 'Received' is present on page  using regular expression

2022-06-30 22:38:27 - [MESSAGE][PASSED] - Text 'Received' is present on page  using regular expression

2022-06-30 22:38:27 - [TEST_STEP][PASSED] - verifyTextPresent("UDF1", true): Text 'UDF1' is present on page  using regular expression

2022-06-30 22:38:28 - [MESSAGE][PASSED] - Text 'UDF1' is present on page  using regular expression

2022-06-30 22:38:28 - [TEST_STEP][PASSED] - verifyTextPresent("UDF2", true): Text 'UDF2' is present on page  using regular expression

2022-06-30 22:38:28 - [MESSAGE][PASSED] - Text 'UDF2' is present on page  using regular expression

2022-06-30 22:38:28 - [TEST_STEP][PASSED] - verifyTextPresent("UDF3", true): Text 'UDF3' is present on page  using regular expression

2022-06-30 22:38:28 - [MESSAGE][PASSED] - Text 'UDF3' is present on page  using regular expression

2022-06-30 22:38:28 - [TEST_STEP][PASSED] - verifyTextPresent("UDF4", true): Text 'UDF4' is present on page  using regular expression

2022-06-30 22:38:29 - [MESSAGE][PASSED] - Text 'UDF4' is present on page  using regular expression

2022-06-30 22:38:29 - [TEST_STEP][PASSED] - verifyTextPresent("UDF5", true): Text 'UDF5' is present on page  using regular expression

2022-06-30 22:38:29 - [MESSAGE][PASSED] - Text 'UDF5' is present on page  using regular expression

2022-06-30 22:38:29 - [TEST_STEP][PASSED] - verifyTextPresent("UDF6", true): Text 'UDF6' is present on page  using regular expression

2022-06-30 22:38:29 - [MESSAGE][PASSED] - Text 'UDF6' is present on page  using regular expression

2022-06-30 22:38:29 - [TEST_STEP][PASSED] - verifyTextPresent("UDF7", true): Text 'UDF7' is present on page  using regular expression

2022-06-30 22:38:29 - [MESSAGE][PASSED] - Text 'UDF7' is present on page  using regular expression

2022-06-30 22:38:29 - [TEST_STEP][PASSED] - verifyTextPresent("UDF8", true): Text 'UDF8' is present on page  using regular expression

2022-06-30 22:38:30 - [MESSAGE][PASSED] - Text 'UDF8' is present on page  using regular expression

2022-06-30 22:38:30 - [TEST_STEP][PASSED] - verifyTextPresent("UDF9", true): Text 'UDF9' is present on page  using regular expression

2022-06-30 22:38:30 - [MESSAGE][PASSED] - Text 'UDF9' is present on page  using regular expression

2022-06-30 22:38:30 - [TEST_STEP][PASSED] - verifyTextPresent("UDF 10", true): Text 'UDF 10' is present on page  using regular expression

2022-06-30 22:38:30 - [MESSAGE][PASSED] - Text 'UDF 10' is present on page  using regular expression

2022-06-30 22:38:30 - [TEST_STEP][PASSED] - verifyTextPresent("Delhi", true): Text 'Delhi' is present on page  using regular expression

2022-06-30 22:38:31 - [MESSAGE][PASSED] - Text 'Delhi' is present on page  using regular expression

2022-06-30 22:38:31 - [TEST_STEP][PASSED] - verifyTextPresent("Chennai", true): Text 'Chennai' is present on page  using regular expression

2022-06-30 22:38:31 - [MESSAGE][PASSED] - Text 'Chennai' is present on page  using regular expression

2022-06-30 22:38:31 - [TEST_STEP][PASSED] - verifyTextPresent("Mumbai", true): Text 'Mumbai' is present on page  using regular expression

2022-06-30 22:38:31 - [MESSAGE][PASSED] - Text 'Mumbai' is present on page  using regular expression

2022-06-30 22:38:31 - [TEST_STEP][PASSED] - verifyTextPresent("Kanpur", true): Text 'Kanpur' is present on page  using regular expression

2022-06-30 22:38:32 - [MESSAGE][PASSED] - Text 'Kanpur' is present on page  using regular expression

2022-06-30 22:38:32 - [TEST_STEP][PASSED] - verifyTextPresent("Orange Recorded", true): Text 'Orange Recorded' is present on page  using regular expression

2022-06-30 22:38:32 - [MESSAGE][PASSED] - Text 'Orange Recorded' is present on page  using regular expression

2022-06-30 22:38:32 - [TEST_STEP][PASSED] - verifyTextPresent("Yellow Recorded", true): Text 'Yellow Recorded' is present on page  using regular expression

2022-06-30 22:38:32 - [MESSAGE][PASSED] - Text 'Yellow Recorded' is present on page  using regular expression

2022-06-30 22:38:32 - [TEST_STEP][PASSED] - verifyTextPresent("Kolkata", true): Text 'Kolkata' is present on page  using regular expression

2022-06-30 22:38:33 - [MESSAGE][PASSED] - Text 'Kolkata' is present on page  using regular expression

2022-06-30 22:38:33 - [TEST_STEP][PASSED] - verifyTextPresent("Pune", true): Text 'Pune' is present on page  using regular expression

2022-06-30 22:38:33 - [MESSAGE][PASSED] - Text 'Pune' is present on page  using regular expression

2022-06-30 22:38:33 - [TEST_STEP][PASSED] - verifyTextPresent("Bhavnagar", true): Text 'Bhavnagar' is present on page  using regular expression

2022-06-30 22:38:33 - [MESSAGE][PASSED] - Text 'Bhavnagar' is present on page  using regular expression

2022-06-30 22:38:33 - [TEST_STEP][PASSED] - verifyTextPresent("Noida", true): Text 'Noida' is present on page  using regular expression

2022-06-30 22:38:34 - [MESSAGE][PASSED] - Text 'Noida' is present on page  using regular expression

2022-06-30 22:38:34 - [TEST_STEP][PASSED] - verifyTextPresent("Amount", true): Text 'Amount' is present on page  using regular expression

2022-06-30 22:38:34 - [MESSAGE][PASSED] - Text 'Amount' is present on page  using regular expression

2022-06-30 22:38:34 - [TEST_STEP][PASSED] - verifyTextPresent("2.50", true): Text '2.50' is present on page  using regular expression

2022-06-30 22:38:34 - [MESSAGE][PASSED] - Text '2.50' is present on page  using regular expression

2022-06-30 22:38:34 - [TEST_STEP][PASSED] - verifyTextPresent("Authorization and Capture", true): Text 'Authorization and Capture' is present on page  using regular expression

2022-06-30 22:38:35 - [MESSAGE][PASSED] - Text 'Authorization and Capture' is present on page  using regular expression

2022-06-30 22:38:35 - [TEST_STEP][PASSED] - verifyTextPresent("Card Information", true): Text 'Card Information' is present on page  using regular expression

2022-06-30 22:38:35 - [MESSAGE][PASSED] - Text 'Card Information' is present on page  using regular expression

2022-06-30 22:38:35 - [TEST_STEP][PASSED] - verifyTextPresent("TANDON RAVENA", true): Text 'TANDON RAVENA' is present on page  using regular expression

2022-06-30 22:38:35 - [MESSAGE][PASSED] - Text 'TANDON RAVENA' is present on page  using regular expression

2022-06-30 22:38:35 - [TEST_STEP][PASSED] - verifyTextPresent("Address Line 1", true): Text 'Address Line 1' is present on page  using regular expression

2022-06-30 22:38:36 - [MESSAGE][PASSED] - Text 'Address Line 1' is present on page  using regular expression

2022-06-30 22:38:36 - [TEST_STEP][PASSED] - verifyTextPresent("Address Line 2", true): Text 'Address Line 2' is present on page  using regular expression

2022-06-30 22:38:36 - [MESSAGE][PASSED] - Text 'Address Line 2' is present on page  using regular expression

2022-06-30 22:38:36 - [TEST_STEP][PASSED] - verifyTextPresent("Country", true): Text 'Country' is present on page  using regular expression

2022-06-30 22:38:36 - [MESSAGE][PASSED] - Text 'Country' is present on page  using regular expression

2022-06-30 22:38:36 - [TEST_STEP][PASSED] - verifyTextPresent("City", true): Text 'City' is present on page  using regular expression

2022-06-30 22:38:37 - [MESSAGE][PASSED] - Text 'City' is present on page  using regular expression

2022-06-30 22:38:37 - [TEST_STEP][PASSED] - verifyTextPresent("State", true): Text 'State' is present on page  using regular expression

2022-06-30 22:38:37 - [MESSAGE][PASSED] - Text 'State' is present on page  using regular expression

2022-06-30 22:38:37 - [TEST_STEP][PASSED] - verifyTextPresent("ZIP Code", true): Text 'ZIP Code' is present on page  using regular expression

2022-06-30 22:38:37 - [MESSAGE][PASSED] - Text 'ZIP Code' is present on page  using regular expression

2022-06-30 22:38:37 - [TEST_STEP][PASSED] - verifyTextPresent("248 PhoolKaante road", true): Text '248 PhoolKaante road' is present on page  using regular expression

2022-06-30 22:38:38 - [MESSAGE][PASSED] - Text '248 PhoolKaante road' is present on page  using regular expression

2022-06-30 22:38:38 - [TEST_STEP][PASSED] - verifyTextPresent("Suite 678", true): Text 'Suite 678' is present on page  using regular expression

2022-06-30 22:38:38 - [MESSAGE][PASSED] - Text 'Suite 678' is present on page  using regular expression

2022-06-30 22:38:38 - [TEST_STEP][PASSED] - verifyTextPresent("United States", true): Text 'United States' is present on page  using regular expression

2022-06-30 22:38:38 - [MESSAGE][PASSED] - Text 'United States' is present on page  using regular expression

2022-06-30 22:38:38 - [TEST_STEP][PASSED] - verifyTextPresent("ARLINGTON", true): Text 'ARLINGTON' is present on page  using regular expression

2022-06-30 22:38:38 - [MESSAGE][PASSED] - Text 'ARLINGTON' is present on page  using regular expression

2022-06-30 22:38:38 - [TEST_STEP][PASSED] - verifyTextPresent("VA", true): Text 'VA' is present on page  using regular expression

2022-06-30 22:38:39 - [MESSAGE][PASSED] - Text 'VA' is present on page  using regular expression

2022-06-30 22:38:39 - [TEST_STEP][PASSED] - verifyTextPresent("22201", true): Text '22201' is present on page  using regular expression

2022-06-30 22:38:39 - [MESSAGE][PASSED] - Text '22201' is present on page  using regular expression

2022-06-30 22:38:39 - [TEST_STEP][PASSED] - cardTypeV = findTestData(dataFile).getValue("CardType", row): null

2022-06-30 22:38:39 - [TEST_STEP][PASSED] - last4V = findTestData(dataFile).getValue("Last4", row): null

2022-06-30 22:38:39 - [TEST_STEP][PASSED] - verifyTextPresent(cardTypeV, true): Text 'MasterCard' is present on page  using regular expression

2022-06-30 22:38:40 - [MESSAGE][PASSED] - Text 'MasterCard' is present on page  using regular expression

2022-06-30 22:38:40 - [TEST_STEP][PASSED] - verifyTextPresent(last4V, true): Text '0035' is present on page  using regular expression

2022-06-30 22:38:40 - [MESSAGE][PASSED] - Text '0035' is present on page  using regular expression

2022-06-30 22:38:40 - [TEST_STEP][PASSED] - switch (appName): null

2022-06-30 22:38:40 - [TEST_STEP][PASSED] - case "a_Access AutoDualCFtpQA":: null

2022-06-30 22:38:40 - [TEST_STEP][PASSED] - verifyTextPresent("5.00", true): Text '5.00' is present on page  using regular expression

2022-06-30 22:38:40 - [MESSAGE][PASSED] - Text '5.00' is present on page  using regular expression

2022-06-30 22:38:40 - [TEST_STEP][PASSED] - verifyTextPresent("Dual Transaction", true): Text 'Dual Transaction' is present on page  using regular expression

2022-06-30 22:38:41 - [MESSAGE][PASSED] - Text 'Dual Transaction' is present on page  using regular expression

2022-06-30 22:38:41 - [TEST_STEP][PASSED] - verifyTextPresent("7.50", true): Text '7.50' is present on page  using regular expression

2022-06-30 22:38:41 - [MESSAGE][PASSED] - Text '7.50' is present on page  using regular expression

2022-06-30 22:38:41 - [TEST_STEP][PASSED] - verifyTextPresent("Total Amount", true): Text 'Total Amount' is present on page  using regular expression

2022-06-30 22:38:41 - [MESSAGE][PASSED] - Text 'Total Amount' is present on page  using regular expression

2022-06-30 22:38:41 - [TEST_STEP][PASSED] - verifyTextPresent("Transaction Type", true): Text 'Transaction Type' is present on page  using regular expression

2022-06-30 22:38:41 - [MESSAGE][PASSED] - Text 'Transaction Type' is present on page  using regular expression

2022-06-30 22:38:41 - [TEST_STEP][PASSED] - break: null

2022-06-30 22:38:41 - [TEST_STEP][PASSED] - closeBrowser(): Browser is closed

2022-06-30 22:38:42 - [MESSAGE][PASSED] - Browser is closed

2022-06-30 22:38:42 - [TEST_STEP][PASSED] - ExecuteTC = findTestData(dataFile).getValue("Execute", row): null

2022-06-30 22:38:42 - [TEST_STEP][PASSED] - out.println("Value of Execute is : " + ExecuteTC): null

2022-06-30 22:38:42 - [TEST_STEP][PASSED] - switch (executionProfile): null

2022-06-30 22:38:42 - [TEST_STEP][PASSED] - case "QAProfile":: null

2022-06-30 22:38:42 - [TEST_STEP][PASSED] - appName = findTestData(dataFile).getValue("AppNameQA", row): null

2022-06-30 22:38:42 - [TEST_STEP][PASSED] - appID = findTestData(dataFile).getValue("AppIDQA", row): null

2022-06-30 22:38:42 - [TEST_STEP][PASSED] - break: null

2022-06-30 22:38:42 - [TEST_STEP][PASSED] - if (ExecuteTC.equalsIgnoreCase("Y")): null

2022-06-30 22:38:42 - [TEST_STEP][PASSED] - out.println("Begin Record Number: " + row): null

2022-06-30 22:38:42 - [TEST_STEP][PASSED] - today = new java.util.Date(): null

2022-06-30 22:38:42 - [TEST_STEP][PASSED] - println(today): null

2022-06-30 22:38:42 - [TEST_STEP][PASSED] - datText = today: null

2022-06-30 22:38:42 - [TEST_STEP][PASSED] - adminSuiteBootstrap.loginFunctionality.login_AdminSuite(): adminSuiteBootstrap.loginFunctionality.login_AdminSuite is PASSED

2022-06-30 22:38:42 - [MESSAGE][INFO] - Starting 'Chrome' driver

2022-06-30 22:38:42 - [MESSAGE][INFO] - User set preference: ['acceptInsecureCerts', 'true']

2022-06-30 22:38:42 - [MESSAGE][INFO] - Action delay is set to 0 milliseconds

2022-06-30 22:38:46 - [MESSAGE][PASSED] - Browser is opened with url: 'https://qa.velocitypayment.com/admin/imtiaz'

2022-06-30 22:38:46 - [MESSAGE][PASSED] - Current window maximized

2022-06-30 22:38:47 - [MESSAGE][PASSED] - Object 'Object Repository/Login_Page/Login_Username' is present

2022-06-30 22:38:47 - [MESSAGE][PASSED] - Text 'iahmed' is set on object 'Object Repository/Login_Page/Login_Username'

2022-06-30 22:38:48 - [MESSAGE][PASSED] - Text 'hello2222' is set on object 'Object Repository/Login_Page/Login_Password'

2022-06-30 22:38:52 - [MESSAGE][PASSED] - Object: 'Object Repository/Login_Page/Login_Submit' is clicked on

2022-06-30 22:38:52 - [MESSAGE][PASSED] - adminSuiteBootstrap.loginFunctionality.login_AdminSuite is PASSED

2022-06-30 22:38:52 - [TEST_STEP][PASSED] - click(findTestObject(path_Dashboard + appName)): Object: 'Object Repository/AdminSuiteBootstrap_Pages/Dashboard_Bootstrap/a_Access AutoDualCFtpQA' is clicked on

2022-06-30 22:38:53 - [MESSAGE][PASSED] - Object: 'Object Repository/AdminSuiteBootstrap_Pages/Dashboard_Bootstrap/a_Access AutoDualCFtpQA' is clicked on

2022-06-30 22:38:53 - [TEST_STEP][PASSED] - click(findTestObject(path_VT + "a_Find Profile")): Object: 'Object Repository/AdminSuiteBootstrap_Pages/VT_Bootstrap/IssueTransactions/a_Find Profile' is clicked on

2022-06-30 22:38:54 - [MESSAGE][PASSED] - Object: 'Object Repository/AdminSuiteBootstrap_Pages/VT_Bootstrap/IssueTransactions/a_Find Profile' is clicked on

2022-06-30 22:38:54 - [TEST_STEP][PASSED] - criteria = <not implemented yet for class: org.codehaus.groovy.ast.expr.EmptyExpression>: null

2022-06-30 22:38:54 - [TEST_STEP][PASSED] - searchBy = <not implemented yet for class: org.codehaus.groovy.ast.expr.EmptyExpression>: null

2022-06-30 22:38:54 - [TEST_STEP][PASSED] - criteria = findTestData(dataFile).getValue("ProfileName", row): null

2022-06-30 22:38:54 - [TEST_STEP][PASSED] - path_SearchProfile = "Object Repository/AdminSuiteBootstrap_Pages/VSP_Bootstrap/SearchProfile/": null

2022-06-30 22:38:54 - [TEST_STEP][PASSED] - setText(findTestObject(path_SearchProfile + "input_Criteria"), criteria): Text 'PaymentsAmEx' is set on object 'Object Repository/AdminSuiteBootstrap_Pages/VSP_Bootstrap/SearchProfile/input_Criteria'

2022-06-30 22:38:54 - [MESSAGE][PASSED] - Text 'PaymentsAmEx' is set on object 'Object Repository/AdminSuiteBootstrap_Pages/VSP_Bootstrap/SearchProfile/input_Criteria'

2022-06-30 22:38:54 - [TEST_STEP][PASSED] - click(findTestObject(path_SearchProfile + "button_Search")): Object: 'Object Repository/AdminSuiteBootstrap_Pages/VSP_Bootstrap/SearchProfile/button_Search' is clicked on

2022-06-30 22:38:55 - [MESSAGE][PASSED] - Object: 'Object Repository/AdminSuiteBootstrap_Pages/VSP_Bootstrap/SearchProfile/button_Search' is clicked on

2022-06-30 22:38:55 - [TEST_STEP][PASSED] - profNameLink = findTestData(dataFile).getValue("ProfileNameLink", row): null

2022-06-30 22:38:55 - [TEST_STEP][PASSED] - click(findTestObject(path_ViewProfile + profNameLink)): Object: 'Object Repository/AdminSuiteBootstrap_Pages/VSP_Bootstrap/View Profile/a_PaymentsAmEx' is clicked on

2022-06-30 22:38:57 - [MESSAGE][PASSED] - Object: 'Object Repository/AdminSuiteBootstrap_Pages/VSP_Bootstrap/View Profile/a_PaymentsAmEx' is clicked on

2022-06-30 22:38:57 - [TEST_STEP][PASSED] - click(findTestObject(path_ViewProfile + "a_AuthCap")): Object: 'Object Repository/AdminSuiteBootstrap_Pages/VSP_Bootstrap/View Profile/a_AuthCap' is clicked on

2022-06-30 22:38:58 - [MESSAGE][PASSED] - Object: 'Object Repository/AdminSuiteBootstrap_Pages/VSP_Bootstrap/View Profile/a_AuthCap' is clicked on

2022-06-30 22:38:58 - [TEST_STEP][PASSED] - verifyTextPresent("Credit Card Authorization Capture", true): Text 'Credit Card Authorization Capture' is present on page  using regular expression

2022-06-30 22:38:59 - [MESSAGE][PASSED] - Text 'Credit Card Authorization Capture' is present on page  using regular expression

2022-06-30 22:38:59 - [TEST_STEP][PASSED] - verifyTextPresent("Sale", true): Text 'Sale' is present on page  using regular expression

2022-06-30 22:38:59 - [MESSAGE][PASSED] - Text 'Sale' is present on page  using regular expression

2022-06-30 22:38:59 - [TEST_STEP][PASSED] - verifyTextPresent("Required fields are highlighted with an asterisk", true): Text 'Required fields are highlighted with an asterisk' is present on page  using regular expression

2022-06-30 22:39:00 - [MESSAGE][PASSED] - Text 'Required fields are highlighted with an asterisk' is present on page  using regular expression

2022-06-30 22:39:00 - [TEST_STEP][PASSED] - verifyTextPresent("Remittance ID", true): Text 'Remittance ID' is present on page  using regular expression

2022-06-30 22:39:00 - [MESSAGE][PASSED] - Text 'Remittance ID' is present on page  using regular expression

2022-06-30 22:39:00 - [TEST_STEP][PASSED] - vspBootstrap.SalePage.setDataSaleAndAuth(row, dataFile): vspBootstrap.SalePage.setDataSaleAndAuth is PASSED

2022-06-30 22:39:02 - [MESSAGE][PASSED] - All options with value 'MOTO' are selected in object 'Object Repository/AdminSuiteBootstrap_Pages/VSP_Bootstrap/VSP_Authcap/select_TransactionCategory'  using regular expression

2022-06-30 22:39:02 - [MESSAGE][PASSED] - Text '1234' is set on object 'Object Repository/AdminSuiteBootstrap_Pages/VSP_Bootstrap/VSP_Authcap/input_cvv'

2022-06-30 22:39:03 - [MESSAGE][PASSED] - Text '' is set on object 'Object Repository/AdminSuiteBootstrap_Pages/VSP_Bootstrap/VSP_Authcap/input_smsNumber'

2022-06-30 22:39:04 - [MESSAGE][PASSED] - Text '2.50' is set on object 'Object Repository/AdminSuiteBootstrap_Pages/VSP_Bootstrap/VSP_Authcap/input_amount'

2022-06-30 22:39:05 - [MESSAGE][PASSED] - Text 'Delhi' is set on object 'Object Repository/AdminSuiteBootstrap_Pages/VSP_Bootstrap/VSP_Authcap/input_userDefined1'

2022-06-30 22:39:05 - [MESSAGE][PASSED] - Text 'Chennai' is set on object 'Object Repository/AdminSuiteBootstrap_Pages/VSP_Bootstrap/VSP_Authcap/input_userDefined2'

2022-06-30 22:39:06 - [MESSAGE][PASSED] - Text 'Mumbai' is set on object 'Object Repository/AdminSuiteBootstrap_Pages/VSP_Bootstrap/VSP_Authcap/input_userDefined3'

2022-06-30 22:39:07 - [MESSAGE][PASSED] - Text 'Kanpur' is set on object 'Object Repository/AdminSuiteBootstrap_Pages/VSP_Bootstrap/VSP_Authcap/input_userDefined4'

2022-06-30 22:39:08 - [MESSAGE][PASSED] - All options with label 'Orange' are selected in object 'Object Repository/AdminSuiteBootstrap_Pages/VSP_Bootstrap/VSP_Authcap/select_UDF5'  using regular expression

2022-06-30 22:39:09 - [MESSAGE][PASSED] - All options with label 'Yellow' are selected in object 'Object Repository/AdminSuiteBootstrap_Pages/VSP_Bootstrap/VSP_Authcap/select_UDF6'  using regular expression

2022-06-30 22:39:10 - [MESSAGE][PASSED] - Text 'Kolkata' is set on object 'Object Repository/AdminSuiteBootstrap_Pages/VSP_Bootstrap/VSP_Authcap/input_userDefined7'

2022-06-30 22:39:10 - [MESSAGE][PASSED] - Text 'Pune' is set on object 'Object Repository/AdminSuiteBootstrap_Pages/VSP_Bootstrap/VSP_Authcap/input_userDefined8'

2022-06-30 22:39:11 - [MESSAGE][PASSED] - Text 'Bhavnagar' is set on object 'Object Repository/AdminSuiteBootstrap_Pages/VSP_Bootstrap/VSP_Authcap/input_userDefined9'

2022-06-30 22:39:12 - [MESSAGE][PASSED] - Text 'Noida' is set on object 'Object Repository/AdminSuiteBootstrap_Pages/VSP_Bootstrap/VSP_Authcap/input_userDefined10'

2022-06-30 22:39:15 - [MESSAGE][PASSED] - Object: 'Object Repository/AdminSuiteBootstrap_Pages/VSP_Bootstrap/VSP_Authcap/button_Submit' is clicked on

2022-06-30 22:39:15 - [MESSAGE][PASSED] - vspBootstrap.SalePage.setDataSaleAndAuth is PASSED

2022-06-30 22:39:15 - [TEST_STEP][PASSED] - verifyTextPresent("Transaction Successful", true): Text 'Transaction Successful' is present on page  using regular expression

2022-06-30 22:39:15 - [MESSAGE][PASSED] - Text 'Transaction Successful' is present on page  using regular expression

2022-06-30 22:39:15 - [TEST_STEP][PASSED] - verifyElementVisible(findTestObject("Object Repository/AdminSuiteBootstrap_Pages/VT_Bootstrap/Receipt/button_Continue")): Object 'Object Repository/AdminSuiteBootstrap_Pages/VT_Bootstrap/Receipt/button_Continue' is visible

2022-06-30 22:39:16 - [MESSAGE][PASSED] - Object 'Object Repository/AdminSuiteBootstrap_Pages/VT_Bootstrap/Receipt/button_Continue' is visible

2022-06-30 22:39:16 - [TEST_STEP][PASSED] - verifyElementPresent(findTestObject("Object Repository/AdminSuiteBootstrap_Pages/VT_Bootstrap/Receipt/button_Continue"), 20): Object 'Object Repository/AdminSuiteBootstrap_Pages/VT_Bootstrap/Receipt/button_Continue' is present

2022-06-30 22:39:16 - [MESSAGE][PASSED] - Object 'Object Repository/AdminSuiteBootstrap_Pages/VT_Bootstrap/Receipt/button_Continue' is present

2022-06-30 22:39:16 - [TEST_STEP][PASSED] - verifyElementVisible(findTestObject("Object Repository/AdminSuiteBootstrap_Pages/VT_Bootstrap/Receipt/button_Print")): Object 'Object Repository/AdminSuiteBootstrap_Pages/VT_Bootstrap/Receipt/button_Print' is visible

2022-06-30 22:39:16 - [MESSAGE][PASSED] - Object 'Object Repository/AdminSuiteBootstrap_Pages/VT_Bootstrap/Receipt/button_Print' is visible

2022-06-30 22:39:16 - [TEST_STEP][PASSED] - verifyElementPresent(findTestObject("Object Repository/AdminSuiteBootstrap_Pages/VT_Bootstrap/Receipt/button_Print"), 20): Object 'Object Repository/AdminSuiteBootstrap_Pages/VT_Bootstrap/Receipt/button_Print' is present

2022-06-30 22:39:16 - [MESSAGE][PASSED] - Object 'Object Repository/AdminSuiteBootstrap_Pages/VT_Bootstrap/Receipt/button_Print' is present

2022-06-30 22:39:16 - [TEST_STEP][PASSED] - verifyTextPresent("Remittance ID", true): Text 'Remittance ID' is present on page  using regular expression

2022-06-30 22:39:17 - [MESSAGE][PASSED] - Text 'Remittance ID' is present on page  using regular expression

2022-06-30 22:39:17 - [TEST_STEP][PASSED] - verifyTextPresent("Received", true): Text 'Received' is present on page  using regular expression

2022-06-30 22:39:17 - [MESSAGE][PASSED] - Text 'Received' is present on page  using regular expression

2022-06-30 22:39:17 - [TEST_STEP][PASSED] - verifyTextPresent("UDF1", true): Text 'UDF1' is present on page  using regular expression

2022-06-30 22:39:17 - [MESSAGE][PASSED] - Text 'UDF1' is present on page  using regular expression

2022-06-30 22:39:17 - [TEST_STEP][PASSED] - verifyTextPresent("UDF2", true): Text 'UDF2' is present on page  using regular expression

2022-06-30 22:39:18 - [MESSAGE][PASSED] - Text 'UDF2' is present on page  using regular expression

2022-06-30 22:39:18 - [TEST_STEP][PASSED] - verifyTextPresent("UDF3", true): Text 'UDF3' is present on page  using regular expression

2022-06-30 22:39:18 - [MESSAGE][PASSED] - Text 'UDF3' is present on page  using regular expression

2022-06-30 22:39:18 - [TEST_STEP][PASSED] - verifyTextPresent("UDF4", true): Text 'UDF4' is present on page  using regular expression

2022-06-30 22:39:18 - [MESSAGE][PASSED] - Text 'UDF4' is present on page  using regular expression

2022-06-30 22:39:18 - [TEST_STEP][PASSED] - verifyTextPresent("UDF5", true): Text 'UDF5' is present on page  using regular expression

2022-06-30 22:39:19 - [MESSAGE][PASSED] - Text 'UDF5' is present on page  using regular expression

2022-06-30 22:39:19 - [TEST_STEP][PASSED] - verifyTextPresent("UDF6", true): Text 'UDF6' is present on page  using regular expression

2022-06-30 22:39:19 - [MESSAGE][PASSED] - Text 'UDF6' is present on page  using regular expression

2022-06-30 22:39:19 - [TEST_STEP][PASSED] - verifyTextPresent("UDF7", true): Text 'UDF7' is present on page  using regular expression

2022-06-30 22:39:19 - [MESSAGE][PASSED] - Text 'UDF7' is present on page  using regular expression

2022-06-30 22:39:19 - [TEST_STEP][PASSED] - verifyTextPresent("UDF8", true): Text 'UDF8' is present on page  using regular expression

2022-06-30 22:39:20 - [MESSAGE][PASSED] - Text 'UDF8' is present on page  using regular expression

2022-06-30 22:39:20 - [TEST_STEP][PASSED] - verifyTextPresent("UDF9", true): Text 'UDF9' is present on page  using regular expression

2022-06-30 22:39:20 - [MESSAGE][PASSED] - Text 'UDF9' is present on page  using regular expression

2022-06-30 22:39:20 - [TEST_STEP][PASSED] - verifyTextPresent("UDF 10", true): Text 'UDF 10' is present on page  using regular expression

2022-06-30 22:39:20 - [MESSAGE][PASSED] - Text 'UDF 10' is present on page  using regular expression

2022-06-30 22:39:20 - [TEST_STEP][PASSED] - verifyTextPresent("Delhi", true): Text 'Delhi' is present on page  using regular expression

2022-06-30 22:39:21 - [MESSAGE][PASSED] - Text 'Delhi' is present on page  using regular expression

2022-06-30 22:39:21 - [TEST_STEP][PASSED] - verifyTextPresent("Chennai", true): Text 'Chennai' is present on page  using regular expression

2022-06-30 22:39:21 - [MESSAGE][PASSED] - Text 'Chennai' is present on page  using regular expression

2022-06-30 22:39:21 - [TEST_STEP][PASSED] - verifyTextPresent("Mumbai", true): Text 'Mumbai' is present on page  using regular expression

2022-06-30 22:39:21 - [MESSAGE][PASSED] - Text 'Mumbai' is present on page  using regular expression

2022-06-30 22:39:21 - [TEST_STEP][PASSED] - verifyTextPresent("Kanpur", true): Text 'Kanpur' is present on page  using regular expression

2022-06-30 22:39:22 - [MESSAGE][PASSED] - Text 'Kanpur' is present on page  using regular expression

2022-06-30 22:39:22 - [TEST_STEP][PASSED] - verifyTextPresent("Orange Recorded", true): Text 'Orange Recorded' is present on page  using regular expression

2022-06-30 22:39:22 - [MESSAGE][PASSED] - Text 'Orange Recorded' is present on page  using regular expression

2022-06-30 22:39:22 - [TEST_STEP][PASSED] - verifyTextPresent("Yellow Recorded", true): Text 'Yellow Recorded' is present on page  using regular expression

2022-06-30 22:39:22 - [MESSAGE][PASSED] - Text 'Yellow Recorded' is present on page  using regular expression

2022-06-30 22:39:22 - [TEST_STEP][PASSED] - verifyTextPresent("Kolkata", true): Text 'Kolkata' is present on page  using regular expression

2022-06-30 22:39:23 - [MESSAGE][PASSED] - Text 'Kolkata' is present on page  using regular expression

2022-06-30 22:39:23 - [TEST_STEP][PASSED] - verifyTextPresent("Pune", true): Text 'Pune' is present on page  using regular expression

2022-06-30 22:39:23 - [MESSAGE][PASSED] - Text 'Pune' is present on page  using regular expression

2022-06-30 22:39:23 - [TEST_STEP][PASSED] - verifyTextPresent("Bhavnagar", true): Text 'Bhavnagar' is present on page  using regular expression

2022-06-30 22:39:23 - [MESSAGE][PASSED] - Text 'Bhavnagar' is present on page  using regular expression

2022-06-30 22:39:23 - [TEST_STEP][PASSED] - verifyTextPresent("Noida", true): Text 'Noida' is present on page  using regular expression

2022-06-30 22:39:24 - [MESSAGE][PASSED] - Text 'Noida' is present on page  using regular expression

2022-06-30 22:39:24 - [TEST_STEP][PASSED] - verifyTextPresent("Amount", true): Text 'Amount' is present on page  using regular expression

2022-06-30 22:39:24 - [MESSAGE][PASSED] - Text 'Amount' is present on page  using regular expression

2022-06-30 22:39:24 - [TEST_STEP][PASSED] - verifyTextPresent("2.50", true): Text '2.50' is present on page  using regular expression

2022-06-30 22:39:24 - [MESSAGE][PASSED] - Text '2.50' is present on page  using regular expression

2022-06-30 22:39:24 - [TEST_STEP][PASSED] - verifyTextPresent("Authorization and Capture", true): Text 'Authorization and Capture' is present on page  using regular expression

2022-06-30 22:39:24 - [MESSAGE][PASSED] - Text 'Authorization and Capture' is present on page  using regular expression

2022-06-30 22:39:24 - [TEST_STEP][PASSED] - verifyTextPresent("Card Information", true): Text 'Card Information' is present on page  using regular expression

2022-06-30 22:39:25 - [MESSAGE][PASSED] - Text 'Card Information' is present on page  using regular expression

2022-06-30 22:39:25 - [TEST_STEP][PASSED] - verifyTextPresent("TANDON RAVENA", true): Text 'TANDON RAVENA' is present on page  using regular expression

2022-06-30 22:39:25 - [MESSAGE][PASSED] - Text 'TANDON RAVENA' is present on page  using regular expression

2022-06-30 22:39:25 - [TEST_STEP][PASSED] - verifyTextPresent("Address Line 1", true): Text 'Address Line 1' is present on page  using regular expression

2022-06-30 22:39:25 - [MESSAGE][PASSED] - Text 'Address Line 1' is present on page  using regular expression

2022-06-30 22:39:25 - [TEST_STEP][PASSED] - verifyTextPresent("Address Line 2", true): Text 'Address Line 2' is present on page  using regular expression

2022-06-30 22:39:26 - [MESSAGE][PASSED] - Text 'Address Line 2' is present on page  using regular expression

2022-06-30 22:39:26 - [TEST_STEP][PASSED] - verifyTextPresent("Country", true): Text 'Country' is present on page  using regular expression

2022-06-30 22:39:26 - [MESSAGE][PASSED] - Text 'Country' is present on page  using regular expression

2022-06-30 22:39:26 - [TEST_STEP][PASSED] - verifyTextPresent("City", true): Text 'City' is present on page  using regular expression

2022-06-30 22:39:26 - [MESSAGE][PASSED] - Text 'City' is present on page  using regular expression

2022-06-30 22:39:26 - [TEST_STEP][PASSED] - verifyTextPresent("State", true): Text 'State' is present on page  using regular expression

2022-06-30 22:39:27 - [MESSAGE][PASSED] - Text 'State' is present on page  using regular expression

2022-06-30 22:39:27 - [TEST_STEP][PASSED] - verifyTextPresent("ZIP Code", true): Text 'ZIP Code' is present on page  using regular expression

2022-06-30 22:39:27 - [MESSAGE][PASSED] - Text 'ZIP Code' is present on page  using regular expression

2022-06-30 22:39:27 - [TEST_STEP][PASSED] - verifyTextPresent("248 PhoolKaante road", true): Text '248 PhoolKaante road' is present on page  using regular expression

2022-06-30 22:39:27 - [MESSAGE][PASSED] - Text '248 PhoolKaante road' is present on page  using regular expression

2022-06-30 22:39:27 - [TEST_STEP][PASSED] - verifyTextPresent("Suite 678", true): Text 'Suite 678' is present on page  using regular expression

2022-06-30 22:39:28 - [MESSAGE][PASSED] - Text 'Suite 678' is present on page  using regular expression

2022-06-30 22:39:28 - [TEST_STEP][PASSED] - verifyTextPresent("United States", true): Text 'United States' is present on page  using regular expression

2022-06-30 22:39:28 - [MESSAGE][PASSED] - Text 'United States' is present on page  using regular expression

2022-06-30 22:39:28 - [TEST_STEP][PASSED] - verifyTextPresent("ARLINGTON", true): Text 'ARLINGTON' is present on page  using regular expression

2022-06-30 22:39:28 - [MESSAGE][PASSED] - Text 'ARLINGTON' is present on page  using regular expression

2022-06-30 22:39:28 - [TEST_STEP][PASSED] - verifyTextPresent("VA", true): Text 'VA' is present on page  using regular expression

2022-06-30 22:39:28 - [MESSAGE][PASSED] - Text 'VA' is present on page  using regular expression

2022-06-30 22:39:28 - [TEST_STEP][PASSED] - verifyTextPresent("22201", true): Text '22201' is present on page  using regular expression

2022-06-30 22:39:29 - [MESSAGE][PASSED] - Text '22201' is present on page  using regular expression

2022-06-30 22:39:29 - [TEST_STEP][PASSED] - cardTypeV = findTestData(dataFile).getValue("CardType", row): null

2022-06-30 22:39:29 - [TEST_STEP][PASSED] - last4V = findTestData(dataFile).getValue("Last4", row): null

2022-06-30 22:39:29 - [TEST_STEP][PASSED] - verifyTextPresent(cardTypeV, true): Text 'American Express' is present on page  using regular expression

2022-06-30 22:39:29 - [MESSAGE][PASSED] - Text 'American Express' is present on page  using regular expression

2022-06-30 22:39:29 - [TEST_STEP][PASSED] - verifyTextPresent(last4V, true): Text '2376' is present on page  using regular expression

2022-06-30 22:39:29 - [MESSAGE][PASSED] - Text '2376' is present on page  using regular expression

2022-06-30 22:39:29 - [TEST_STEP][PASSED] - switch (appName): null

2022-06-30 22:39:29 - [TEST_STEP][PASSED] - case "a_Access AutoDualCFtpQA":: null

2022-06-30 22:39:29 - [TEST_STEP][PASSED] - verifyTextPresent("5.00", true): Text '5.00' is present on page  using regular expression

2022-06-30 22:39:30 - [MESSAGE][PASSED] - Text '5.00' is present on page  using regular expression

2022-06-30 22:39:30 - [TEST_STEP][PASSED] - verifyTextPresent("Dual Transaction", true): Text 'Dual Transaction' is present on page  using regular expression

2022-06-30 22:39:30 - [MESSAGE][PASSED] - Text 'Dual Transaction' is present on page  using regular expression

2022-06-30 22:39:30 - [TEST_STEP][PASSED] - verifyTextPresent("7.50", true): Text '7.50' is present on page  using regular expression

2022-06-30 22:39:30 - [MESSAGE][PASSED] - Text '7.50' is present on page  using regular expression

2022-06-30 22:39:30 - [TEST_STEP][PASSED] - verifyTextPresent("Total Amount", true): Text 'Total Amount' is present on page  using regular expression

2022-06-30 22:39:31 - [MESSAGE][PASSED] - Text 'Total Amount' is present on page  using regular expression

2022-06-30 22:39:31 - [TEST_STEP][PASSED] - verifyTextPresent("Transaction Type", true): Text 'Transaction Type' is present on page  using regular expression

2022-06-30 22:39:31 - [MESSAGE][PASSED] - Text 'Transaction Type' is present on page  using regular expression

2022-06-30 22:39:31 - [TEST_STEP][PASSED] - break: null

2022-06-30 22:39:31 - [TEST_STEP][PASSED] - closeBrowser(): Browser is closed

2022-06-30 22:39:32 - [MESSAGE][PASSED] - Browser is closed

2022-06-30 22:39:32 - [TEST_STEP][PASSED] - ExecuteTC = findTestData(dataFile).getValue("Execute", row): null

2022-06-30 22:39:32 - [TEST_STEP][PASSED] - out.println("Value of Execute is : " + ExecuteTC): null

2022-06-30 22:39:32 - [TEST_STEP][PASSED] - switch (executionProfile): null

2022-06-30 22:39:32 - [TEST_STEP][PASSED] - case "QAProfile":: null

2022-06-30 22:39:32 - [TEST_STEP][PASSED] - appName = findTestData(dataFile).getValue("AppNameQA", row): null

2022-06-30 22:39:32 - [TEST_STEP][PASSED] - appID = findTestData(dataFile).getValue("AppIDQA", row): null

2022-06-30 22:39:32 - [TEST_STEP][PASSED] - break: null

2022-06-30 22:39:32 - [TEST_STEP][PASSED] - if (ExecuteTC.equalsIgnoreCase("Y")): null

2022-06-30 22:39:32 - [TEST_STEP][PASSED] - out.println("Begin Record Number: " + row): null

2022-06-30 22:39:32 - [TEST_STEP][PASSED] - today = new java.util.Date(): null

2022-06-30 22:39:32 - [TEST_STEP][PASSED] - println(today): null

2022-06-30 22:39:32 - [TEST_STEP][PASSED] - datText = today: null

2022-06-30 22:39:32 - [TEST_STEP][PASSED] - adminSuiteBootstrap.loginFunctionality.login_AdminSuite(): adminSuiteBootstrap.loginFunctionality.login_AdminSuite is PASSED

2022-06-30 22:39:32 - [MESSAGE][INFO] - Starting 'Chrome' driver

2022-06-30 22:39:32 - [MESSAGE][INFO] - User set preference: ['acceptInsecureCerts', 'true']

2022-06-30 22:39:32 - [MESSAGE][INFO] - Action delay is set to 0 milliseconds

2022-06-30 22:39:36 - [MESSAGE][PASSED] - Browser is opened with url: 'https://qa.velocitypayment.com/admin/imtiaz'

2022-06-30 22:39:36 - [MESSAGE][PASSED] - Current window maximized

2022-06-30 22:39:36 - [MESSAGE][PASSED] - Object 'Object Repository/Login_Page/Login_Username' is present

2022-06-30 22:39:37 - [MESSAGE][PASSED] - Text 'iahmed' is set on object 'Object Repository/Login_Page/Login_Username'

2022-06-30 22:39:37 - [MESSAGE][PASSED] - Text 'hello2222' is set on object 'Object Repository/Login_Page/Login_Password'

2022-06-30 22:39:42 - [MESSAGE][PASSED] - Object: 'Object Repository/Login_Page/Login_Submit' is clicked on

2022-06-30 22:39:42 - [MESSAGE][PASSED] - adminSuiteBootstrap.loginFunctionality.login_AdminSuite is PASSED

2022-06-30 22:39:42 - [TEST_STEP][PASSED] - click(findTestObject(path_Dashboard + appName)): Object: 'Object Repository/AdminSuiteBootstrap_Pages/Dashboard_Bootstrap/a_Access AutoDualCFtpQA' is clicked on

2022-06-30 22:39:43 - [MESSAGE][PASSED] - Object: 'Object Repository/AdminSuiteBootstrap_Pages/Dashboard_Bootstrap/a_Access AutoDualCFtpQA' is clicked on

2022-06-30 22:39:43 - [TEST_STEP][PASSED] - click(findTestObject(path_VT + "a_Find Profile")): Object: 'Object Repository/AdminSuiteBootstrap_Pages/VT_Bootstrap/IssueTransactions/a_Find Profile' is clicked on

2022-06-30 22:39:44 - [MESSAGE][PASSED] - Object: 'Object Repository/AdminSuiteBootstrap_Pages/VT_Bootstrap/IssueTransactions/a_Find Profile' is clicked on

2022-06-30 22:39:44 - [TEST_STEP][PASSED] - criteria = <not implemented yet for class: org.codehaus.groovy.ast.expr.EmptyExpression>: null

2022-06-30 22:39:44 - [TEST_STEP][PASSED] - searchBy = <not implemented yet for class: org.codehaus.groovy.ast.expr.EmptyExpression>: null

2022-06-30 22:39:44 - [TEST_STEP][PASSED] - criteria = findTestData(dataFile).getValue("ProfileName", row): null

2022-06-30 22:39:44 - [TEST_STEP][PASSED] - path_SearchProfile = "Object Repository/AdminSuiteBootstrap_Pages/VSP_Bootstrap/SearchProfile/": null

2022-06-30 22:39:44 - [TEST_STEP][PASSED] - setText(findTestObject(path_SearchProfile + "input_Criteria"), criteria): Text 'PaymentsDI' is set on object 'Object Repository/AdminSuiteBootstrap_Pages/VSP_Bootstrap/SearchProfile/input_Criteria'

2022-06-30 22:39:44 - [MESSAGE][PASSED] - Text 'PaymentsDI' is set on object 'Object Repository/AdminSuiteBootstrap_Pages/VSP_Bootstrap/SearchProfile/input_Criteria'

2022-06-30 22:39:44 - [TEST_STEP][PASSED] - click(findTestObject(path_SearchProfile + "button_Search")): Object: 'Object Repository/AdminSuiteBootstrap_Pages/VSP_Bootstrap/SearchProfile/button_Search' is clicked on

2022-06-30 22:39:46 - [MESSAGE][PASSED] - Object: 'Object Repository/AdminSuiteBootstrap_Pages/VSP_Bootstrap/SearchProfile/button_Search' is clicked on

2022-06-30 22:39:46 - [TEST_STEP][PASSED] - profNameLink = findTestData(dataFile).getValue("ProfileNameLink", row): null

2022-06-30 22:39:46 - [TEST_STEP][PASSED] - click(findTestObject(path_ViewProfile + profNameLink)): Object: 'Object Repository/AdminSuiteBootstrap_Pages/VSP_Bootstrap/View Profile/a_PaymentsDI' is clicked on

2022-06-30 22:39:47 - [MESSAGE][PASSED] - Object: 'Object Repository/AdminSuiteBootstrap_Pages/VSP_Bootstrap/View Profile/a_PaymentsDI' is clicked on

2022-06-30 22:39:47 - [TEST_STEP][PASSED] - click(findTestObject(path_ViewProfile + "a_AuthCap")): Object: 'Object Repository/AdminSuiteBootstrap_Pages/VSP_Bootstrap/View Profile/a_AuthCap' is clicked on

2022-06-30 22:39:50 - [MESSAGE][PASSED] - Object: 'Object Repository/AdminSuiteBootstrap_Pages/VSP_Bootstrap/View Profile/a_AuthCap' is clicked on

2022-06-30 22:39:50 - [TEST_STEP][PASSED] - verifyTextPresent("Credit Card Authorization Capture", true): Text 'Credit Card Authorization Capture' is present on page  using regular expression

2022-06-30 22:39:51 - [MESSAGE][PASSED] - Text 'Credit Card Authorization Capture' is present on page  using regular expression

2022-06-30 22:39:51 - [TEST_STEP][PASSED] - verifyTextPresent("Sale", true): Text 'Sale' is present on page  using regular expression

2022-06-30 22:39:51 - [MESSAGE][PASSED] - Text 'Sale' is present on page  using regular expression

2022-06-30 22:39:51 - [TEST_STEP][PASSED] - verifyTextPresent("Required fields are highlighted with an asterisk", true): Text 'Required fields are highlighted with an asterisk' is present on page  using regular expression

2022-06-30 22:39:52 - [MESSAGE][PASSED] - Text 'Required fields are highlighted with an asterisk' is present on page  using regular expression

2022-06-30 22:39:52 - [TEST_STEP][PASSED] - verifyTextPresent("Remittance ID", true): Text 'Remittance ID' is present on page  using regular expression

2022-06-30 22:39:52 - [MESSAGE][PASSED] - Text 'Remittance ID' is present on page  using regular expression

2022-06-30 22:39:52 - [TEST_STEP][PASSED] - vspBootstrap.SalePage.setDataSaleAndAuth(row, dataFile): vspBootstrap.SalePage.setDataSaleAndAuth is PASSED

2022-06-30 22:39:54 - [MESSAGE][PASSED] - All options with value 'MOTO' are selected in object 'Object Repository/AdminSuiteBootstrap_Pages/VSP_Bootstrap/VSP_Authcap/select_TransactionCategory'  using regular expression

2022-06-30 22:39:54 - [MESSAGE][PASSED] - Text '123' is set on object 'Object Repository/AdminSuiteBootstrap_Pages/VSP_Bootstrap/VSP_Authcap/input_cvv'

2022-06-30 22:39:55 - [MESSAGE][PASSED] - Text '' is set on object 'Object Repository/AdminSuiteBootstrap_Pages/VSP_Bootstrap/VSP_Authcap/input_smsNumber'

2022-06-30 22:39:56 - [MESSAGE][PASSED] - Text '2.50' is set on object 'Object Repository/AdminSuiteBootstrap_Pages/VSP_Bootstrap/VSP_Authcap/input_amount'

2022-06-30 22:39:57 - [MESSAGE][PASSED] - Text 'Delhi' is set on object 'Object Repository/AdminSuiteBootstrap_Pages/VSP_Bootstrap/VSP_Authcap/input_userDefined1'

2022-06-30 22:39:58 - [MESSAGE][PASSED] - Text 'Chennai' is set on object 'Object Repository/AdminSuiteBootstrap_Pages/VSP_Bootstrap/VSP_Authcap/input_userDefined2'

2022-06-30 22:39:58 - [MESSAGE][PASSED] - Text 'Mumbai' is set on object 'Object Repository/AdminSuiteBootstrap_Pages/VSP_Bootstrap/VSP_Authcap/input_userDefined3'

2022-06-30 22:39:59 - [MESSAGE][PASSED] - Text 'Kanpur' is set on object 'Object Repository/AdminSuiteBootstrap_Pages/VSP_Bootstrap/VSP_Authcap/input_userDefined4'

2022-06-30 22:40:00 - [MESSAGE][PASSED] - All options with label 'Orange' are selected in object 'Object Repository/AdminSuiteBootstrap_Pages/VSP_Bootstrap/VSP_Authcap/select_UDF5'  using regular expression

2022-06-30 22:40:00 - [MESSAGE][PASSED] - All options with label 'Yellow' are selected in object 'Object Repository/AdminSuiteBootstrap_Pages/VSP_Bootstrap/VSP_Authcap/select_UDF6'  using regular expression

2022-06-30 22:40:01 - [MESSAGE][PASSED] - Text 'Kolkata' is set on object 'Object Repository/AdminSuiteBootstrap_Pages/VSP_Bootstrap/VSP_Authcap/input_userDefined7'

2022-06-30 22:40:02 - [MESSAGE][PASSED] - Text 'Pune' is set on object 'Object Repository/AdminSuiteBootstrap_Pages/VSP_Bootstrap/VSP_Authcap/input_userDefined8'

2022-06-30 22:40:02 - [MESSAGE][PASSED] - Text 'Bhavnagar' is set on object 'Object Repository/AdminSuiteBootstrap_Pages/VSP_Bootstrap/VSP_Authcap/input_userDefined9'

2022-06-30 22:40:03 - [MESSAGE][PASSED] - Text 'Noida' is set on object 'Object Repository/AdminSuiteBootstrap_Pages/VSP_Bootstrap/VSP_Authcap/input_userDefined10'

2022-06-30 22:40:06 - [MESSAGE][PASSED] - Object: 'Object Repository/AdminSuiteBootstrap_Pages/VSP_Bootstrap/VSP_Authcap/button_Submit' is clicked on

2022-06-30 22:40:06 - [MESSAGE][PASSED] - vspBootstrap.SalePage.setDataSaleAndAuth is PASSED

2022-06-30 22:40:06 - [TEST_STEP][PASSED] - verifyTextPresent("Transaction Successful", true): Text 'Transaction Successful' is present on page  using regular expression

2022-06-30 22:40:06 - [MESSAGE][PASSED] - Text 'Transaction Successful' is present on page  using regular expression

2022-06-30 22:40:06 - [TEST_STEP][PASSED] - verifyElementVisible(findTestObject("Object Repository/AdminSuiteBootstrap_Pages/VT_Bootstrap/Receipt/button_Continue")): Object 'Object Repository/AdminSuiteBootstrap_Pages/VT_Bootstrap/Receipt/button_Continue' is visible

2022-06-30 22:40:07 - [MESSAGE][PASSED] - Object 'Object Repository/AdminSuiteBootstrap_Pages/VT_Bootstrap/Receipt/button_Continue' is visible

2022-06-30 22:40:07 - [TEST_STEP][PASSED] - verifyElementPresent(findTestObject("Object Repository/AdminSuiteBootstrap_Pages/VT_Bootstrap/Receipt/button_Continue"), 20): Object 'Object Repository/AdminSuiteBootstrap_Pages/VT_Bootstrap/Receipt/button_Continue' is present

2022-06-30 22:40:07 - [MESSAGE][PASSED] - Object 'Object Repository/AdminSuiteBootstrap_Pages/VT_Bootstrap/Receipt/button_Continue' is present

2022-06-30 22:40:07 - [TEST_STEP][PASSED] - verifyElementVisible(findTestObject("Object Repository/AdminSuiteBootstrap_Pages/VT_Bootstrap/Receipt/button_Print")): Object 'Object Repository/AdminSuiteBootstrap_Pages/VT_Bootstrap/Receipt/button_Print' is visible

2022-06-30 22:40:07 - [MESSAGE][PASSED] - Object 'Object Repository/AdminSuiteBootstrap_Pages/VT_Bootstrap/Receipt/button_Print' is visible

2022-06-30 22:40:07 - [TEST_STEP][PASSED] - verifyElementPresent(findTestObject("Object Repository/AdminSuiteBootstrap_Pages/VT_Bootstrap/Receipt/button_Print"), 20): Object 'Object Repository/AdminSuiteBootstrap_Pages/VT_Bootstrap/Receipt/button_Print' is present

2022-06-30 22:40:08 - [MESSAGE][PASSED] - Object 'Object Repository/AdminSuiteBootstrap_Pages/VT_Bootstrap/Receipt/button_Print' is present

2022-06-30 22:40:08 - [TEST_STEP][PASSED] - verifyTextPresent("Remittance ID", true): Text 'Remittance ID' is present on page  using regular expression

2022-06-30 22:40:08 - [MESSAGE][PASSED] - Text 'Remittance ID' is present on page  using regular expression

2022-06-30 22:40:08 - [TEST_STEP][PASSED] - verifyTextPresent("Received", true): Text 'Received' is present on page  using regular expression

2022-06-30 22:40:08 - [MESSAGE][PASSED] - Text 'Received' is present on page  using regular expression

2022-06-30 22:40:08 - [TEST_STEP][PASSED] - verifyTextPresent("UDF1", true): Text 'UDF1' is present on page  using regular expression

2022-06-30 22:40:09 - [MESSAGE][PASSED] - Text 'UDF1' is present on page  using regular expression

2022-06-30 22:40:09 - [TEST_STEP][PASSED] - verifyTextPresent("UDF2", true): Text 'UDF2' is present on page  using regular expression

2022-06-30 22:40:09 - [MESSAGE][PASSED] - Text 'UDF2' is present on page  using regular expression

2022-06-30 22:40:09 - [TEST_STEP][PASSED] - verifyTextPresent("UDF3", true): Text 'UDF3' is present on page  using regular expression

2022-06-30 22:40:09 - [MESSAGE][PASSED] - Text 'UDF3' is present on page  using regular expression

2022-06-30 22:40:09 - [TEST_STEP][PASSED] - verifyTextPresent("UDF4", true): Text 'UDF4' is present on page  using regular expression

2022-06-30 22:40:10 - [MESSAGE][PASSED] - Text 'UDF4' is present on page  using regular expression

2022-06-30 22:40:10 - [TEST_STEP][PASSED] - verifyTextPresent("UDF5", true): Text 'UDF5' is present on page  using regular expression

2022-06-30 22:40:10 - [MESSAGE][PASSED] - Text 'UDF5' is present on page  using regular expression

2022-06-30 22:40:10 - [TEST_STEP][PASSED] - verifyTextPresent("UDF6", true): Text 'UDF6' is present on page  using regular expression

2022-06-30 22:40:10 - [MESSAGE][PASSED] - Text 'UDF6' is present on page  using regular expression

2022-06-30 22:40:10 - [TEST_STEP][PASSED] - verifyTextPresent("UDF7", true): Text 'UDF7' is present on page  using regular expression

2022-06-30 22:40:11 - [MESSAGE][PASSED] - Text 'UDF7' is present on page  using regular expression

2022-06-30 22:40:11 - [TEST_STEP][PASSED] - verifyTextPresent("UDF8", true): Text 'UDF8' is present on page  using regular expression

2022-06-30 22:40:11 - [MESSAGE][PASSED] - Text 'UDF8' is present on page  using regular expression

2022-06-30 22:40:11 - [TEST_STEP][PASSED] - verifyTextPresent("UDF9", true): Text 'UDF9' is present on page  using regular expression

2022-06-30 22:40:11 - [MESSAGE][PASSED] - Text 'UDF9' is present on page  using regular expression

2022-06-30 22:40:11 - [TEST_STEP][PASSED] - verifyTextPresent("UDF 10", true): Text 'UDF 10' is present on page  using regular expression

2022-06-30 22:40:11 - [MESSAGE][PASSED] - Text 'UDF 10' is present on page  using regular expression

2022-06-30 22:40:11 - [TEST_STEP][PASSED] - verifyTextPresent("Delhi", true): Text 'Delhi' is present on page  using regular expression

2022-06-30 22:40:12 - [MESSAGE][PASSED] - Text 'Delhi' is present on page  using regular expression

2022-06-30 22:40:12 - [TEST_STEP][PASSED] - verifyTextPresent("Chennai", true): Text 'Chennai' is present on page  using regular expression

2022-06-30 22:40:12 - [MESSAGE][PASSED] - Text 'Chennai' is present on page  using regular expression

2022-06-30 22:40:12 - [TEST_STEP][PASSED] - verifyTextPresent("Mumbai", true): Text 'Mumbai' is present on page  using regular expression

2022-06-30 22:40:12 - [MESSAGE][PASSED] - Text 'Mumbai' is present on page  using regular expression

2022-06-30 22:40:12 - [TEST_STEP][PASSED] - verifyTextPresent("Kanpur", true): Text 'Kanpur' is present on page  using regular expression

2022-06-30 22:40:13 - [MESSAGE][PASSED] - Text 'Kanpur' is present on page  using regular expression

2022-06-30 22:40:13 - [TEST_STEP][PASSED] - verifyTextPresent("Orange Recorded", true): Text 'Orange Recorded' is present on page  using regular expression

2022-06-30 22:40:13 - [MESSAGE][PASSED] - Text 'Orange Recorded' is present on page  using regular expression

2022-06-30 22:40:13 - [TEST_STEP][PASSED] - verifyTextPresent("Yellow Recorded", true): Text 'Yellow Recorded' is present on page  using regular expression

2022-06-30 22:40:13 - [MESSAGE][PASSED] - Text 'Yellow Recorded' is present on page  using regular expression

2022-06-30 22:40:13 - [TEST_STEP][PASSED] - verifyTextPresent("Kolkata", true): Text 'Kolkata' is present on page  using regular expression

2022-06-30 22:40:14 - [MESSAGE][PASSED] - Text 'Kolkata' is present on page  using regular expression

2022-06-30 22:40:14 - [TEST_STEP][PASSED] - verifyTextPresent("Pune", true): Text 'Pune' is present on page  using regular expression

2022-06-30 22:40:14 - [MESSAGE][PASSED] - Text 'Pune' is present on page  using regular expression

2022-06-30 22:40:14 - [TEST_STEP][PASSED] - verifyTextPresent("Bhavnagar", true): Text 'Bhavnagar' is present on page  using regular expression

2022-06-30 22:40:14 - [MESSAGE][PASSED] - Text 'Bhavnagar' is present on page  using regular expression

2022-06-30 22:40:14 - [TEST_STEP][PASSED] - verifyTextPresent("Noida", true): Text 'Noida' is present on page  using regular expression

2022-06-30 22:40:15 - [MESSAGE][PASSED] - Text 'Noida' is present on page  using regular expression

2022-06-30 22:40:15 - [TEST_STEP][PASSED] - verifyTextPresent("Amount", true): Text 'Amount' is present on page  using regular expression

2022-06-30 22:40:15 - [MESSAGE][PASSED] - Text 'Amount' is present on page  using regular expression

2022-06-30 22:40:15 - [TEST_STEP][PASSED] - verifyTextPresent("2.50", true): Text '2.50' is present on page  using regular expression

2022-06-30 22:40:15 - [MESSAGE][PASSED] - Text '2.50' is present on page  using regular expression

2022-06-30 22:40:15 - [TEST_STEP][PASSED] - verifyTextPresent("Authorization and Capture", true): Text 'Authorization and Capture' is present on page  using regular expression

2022-06-30 22:40:16 - [MESSAGE][PASSED] - Text 'Authorization and Capture' is present on page  using regular expression

2022-06-30 22:40:16 - [TEST_STEP][PASSED] - verifyTextPresent("Card Information", true): Text 'Card Information' is present on page  using regular expression

2022-06-30 22:40:16 - [MESSAGE][PASSED] - Text 'Card Information' is present on page  using regular expression

2022-06-30 22:40:16 - [TEST_STEP][PASSED] - verifyTextPresent("TANDON RAVENA", true): Text 'TANDON RAVENA' is present on page  using regular expression

2022-06-30 22:40:16 - [MESSAGE][PASSED] - Text 'TANDON RAVENA' is present on page  using regular expression

2022-06-30 22:40:16 - [TEST_STEP][PASSED] - verifyTextPresent("Address Line 1", true): Text 'Address Line 1' is present on page  using regular expression

2022-06-30 22:40:17 - [MESSAGE][PASSED] - Text 'Address Line 1' is present on page  using regular expression

2022-06-30 22:40:17 - [TEST_STEP][PASSED] - verifyTextPresent("Address Line 2", true): Text 'Address Line 2' is present on page  using regular expression

2022-06-30 22:40:17 - [MESSAGE][PASSED] - Text 'Address Line 2' is present on page  using regular expression

2022-06-30 22:40:17 - [TEST_STEP][PASSED] - verifyTextPresent("Country", true): Text 'Country' is present on page  using regular expression

2022-06-30 22:40:17 - [MESSAGE][PASSED] - Text 'Country' is present on page  using regular expression

2022-06-30 22:40:17 - [TEST_STEP][PASSED] - verifyTextPresent("City", true): Text 'City' is present on page  using regular expression

2022-06-30 22:40:18 - [MESSAGE][PASSED] - Text 'City' is present on page  using regular expression

2022-06-30 22:40:18 - [TEST_STEP][PASSED] - verifyTextPresent("State", true): Text 'State' is present on page  using regular expression

2022-06-30 22:40:18 - [MESSAGE][PASSED] - Text 'State' is present on page  using regular expression

2022-06-30 22:40:18 - [TEST_STEP][PASSED] - verifyTextPresent("ZIP Code", true): Text 'ZIP Code' is present on page  using regular expression

2022-06-30 22:40:18 - [MESSAGE][PASSED] - Text 'ZIP Code' is present on page  using regular expression

2022-06-30 22:40:18 - [TEST_STEP][PASSED] - verifyTextPresent("248 PhoolKaante road", true): Text '248 PhoolKaante road' is present on page  using regular expression

2022-06-30 22:40:19 - [MESSAGE][PASSED] - Text '248 PhoolKaante road' is present on page  using regular expression

2022-06-30 22:40:19 - [TEST_STEP][PASSED] - verifyTextPresent("Suite 678", true): Text 'Suite 678' is present on page  using regular expression

2022-06-30 22:40:19 - [MESSAGE][PASSED] - Text 'Suite 678' is present on page  using regular expression

2022-06-30 22:40:19 - [TEST_STEP][PASSED] - verifyTextPresent("United States", true): Text 'United States' is present on page  using regular expression

2022-06-30 22:40:19 - [MESSAGE][PASSED] - Text 'United States' is present on page  using regular expression

2022-06-30 22:40:19 - [TEST_STEP][PASSED] - verifyTextPresent("ARLINGTON", true): Text 'ARLINGTON' is present on page  using regular expression

2022-06-30 22:40:20 - [MESSAGE][PASSED] - Text 'ARLINGTON' is present on page  using regular expression

2022-06-30 22:40:20 - [TEST_STEP][PASSED] - verifyTextPresent("VA", true): Text 'VA' is present on page  using regular expression

2022-06-30 22:40:20 - [MESSAGE][PASSED] - Text 'VA' is present on page  using regular expression

2022-06-30 22:40:20 - [TEST_STEP][PASSED] - verifyTextPresent("22201", true): Text '22201' is present on page  using regular expression

2022-06-30 22:40:20 - [MESSAGE][PASSED] - Text '22201' is present on page  using regular expression

2022-06-30 22:40:20 - [TEST_STEP][PASSED] - cardTypeV = findTestData(dataFile).getValue("CardType", row): null

2022-06-30 22:40:20 - [TEST_STEP][PASSED] - last4V = findTestData(dataFile).getValue("Last4", row): null

2022-06-30 22:40:20 - [TEST_STEP][PASSED] - verifyTextPresent(cardTypeV, true): Text 'Discover' is present on page  using regular expression

2022-06-30 22:40:21 - [MESSAGE][PASSED] - Text 'Discover' is present on page  using regular expression

2022-06-30 22:40:21 - [TEST_STEP][PASSED] - verifyTextPresent(last4V, true): Text '6909' is present on page  using regular expression

2022-06-30 22:40:21 - [MESSAGE][PASSED] - Text '6909' is present on page  using regular expression

2022-06-30 22:40:21 - [TEST_STEP][PASSED] - switch (appName): null

2022-06-30 22:40:21 - [TEST_STEP][PASSED] - case "a_Access AutoDualCFtpQA":: null

2022-06-30 22:40:21 - [TEST_STEP][PASSED] - verifyTextPresent("5.00", true): Text '5.00' is present on page  using regular expression

2022-06-30 22:40:21 - [MESSAGE][PASSED] - Text '5.00' is present on page  using regular expression

2022-06-30 22:40:21 - [TEST_STEP][PASSED] - verifyTextPresent("Dual Transaction", true): Text 'Dual Transaction' is present on page  using regular expression

2022-06-30 22:40:22 - [MESSAGE][PASSED] - Text 'Dual Transaction' is present on page  using regular expression

2022-06-30 22:40:22 - [TEST_STEP][PASSED] - verifyTextPresent("7.50", true): Text '7.50' is present on page  using regular expression

2022-06-30 22:40:22 - [MESSAGE][PASSED] - Text '7.50' is present on page  using regular expression

2022-06-30 22:40:22 - [TEST_STEP][PASSED] - verifyTextPresent("Total Amount", true): Text 'Total Amount' is present on page  using regular expression

2022-06-30 22:40:22 - [MESSAGE][PASSED] - Text 'Total Amount' is present on page  using regular expression

2022-06-30 22:40:22 - [TEST_STEP][PASSED] - verifyTextPresent("Transaction Type", true): Text 'Transaction Type' is present on page  using regular expression

2022-06-30 22:40:23 - [MESSAGE][PASSED] - Text 'Transaction Type' is present on page  using regular expression

2022-06-30 22:40:23 - [TEST_STEP][PASSED] - break: null

2022-06-30 22:40:23 - [TEST_STEP][PASSED] - closeBrowser(): Browser is closed

2022-06-30 22:40:24 - [MESSAGE][PASSED] - Browser is closed

2022-06-30 22:40:24 - [TEST_STEP][PASSED] - ExecuteTC = findTestData(dataFile).getValue("Execute", row): null

2022-06-30 22:40:24 - [TEST_STEP][PASSED] - out.println("Value of Execute is : " + ExecuteTC): null

2022-06-30 22:40:24 - [TEST_STEP][PASSED] - switch (executionProfile): null

2022-06-30 22:40:24 - [TEST_STEP][PASSED] - case "QAProfile":: null

2022-06-30 22:40:24 - [TEST_STEP][PASSED] - appName = findTestData(dataFile).getValue("AppNameQA", row): null

2022-06-30 22:40:24 - [TEST_STEP][PASSED] - appID = findTestData(dataFile).getValue("AppIDQA", row): null

2022-06-30 22:40:24 - [TEST_STEP][PASSED] - break: null

2022-06-30 22:40:24 - [TEST_STEP][PASSED] - if (ExecuteTC.equalsIgnoreCase("Y")): null

2022-06-30 22:40:24 - [TEST_STEP][PASSED] - out.println("Begin Record Number: " + row): null

2022-06-30 22:40:24 - [TEST_STEP][PASSED] - today = new java.util.Date(): null

2022-06-30 22:40:24 - [TEST_STEP][PASSED] - println(today): null

2022-06-30 22:40:24 - [TEST_STEP][PASSED] - datText = today: null

2022-06-30 22:40:24 - [TEST_STEP][PASSED] - adminSuiteBootstrap.loginFunctionality.login_AdminSuite(): adminSuiteBootstrap.loginFunctionality.login_AdminSuite is PASSED

2022-06-30 22:40:24 - [MESSAGE][INFO] - Starting 'Chrome' driver

2022-06-30 22:40:24 - [MESSAGE][INFO] - User set preference: ['acceptInsecureCerts', 'true']

2022-06-30 22:40:24 - [MESSAGE][INFO] - Action delay is set to 0 milliseconds

2022-06-30 22:40:27 - [MESSAGE][PASSED] - Browser is opened with url: 'https://qa.velocitypayment.com/admin/imtiaz'

2022-06-30 22:40:27 - [MESSAGE][PASSED] - Current window maximized

2022-06-30 22:40:28 - [MESSAGE][PASSED] - Object 'Object Repository/Login_Page/Login_Username' is present

2022-06-30 22:40:28 - [MESSAGE][PASSED] - Text 'iahmed' is set on object 'Object Repository/Login_Page/Login_Username'

2022-06-30 22:40:29 - [MESSAGE][PASSED] - Text 'hello2222' is set on object 'Object Repository/Login_Page/Login_Password'

2022-06-30 22:40:33 - [MESSAGE][PASSED] - Object: 'Object Repository/Login_Page/Login_Submit' is clicked on

2022-06-30 22:40:33 - [MESSAGE][PASSED] - adminSuiteBootstrap.loginFunctionality.login_AdminSuite is PASSED

2022-06-30 22:40:33 - [TEST_STEP][PASSED] - click(findTestObject(path_Dashboard + appName)): Object: 'Object Repository/AdminSuiteBootstrap_Pages/Dashboard_Bootstrap/a_Access AutoDualCFtpQA' is clicked on

2022-06-30 22:40:34 - [MESSAGE][PASSED] - Object: 'Object Repository/AdminSuiteBootstrap_Pages/Dashboard_Bootstrap/a_Access AutoDualCFtpQA' is clicked on

2022-06-30 22:40:34 - [TEST_STEP][PASSED] - click(findTestObject(path_VT + "a_Find Profile")): Object: 'Object Repository/AdminSuiteBootstrap_Pages/VT_Bootstrap/IssueTransactions/a_Find Profile' is clicked on

2022-06-30 22:40:34 - [MESSAGE][PASSED] - Object: 'Object Repository/AdminSuiteBootstrap_Pages/VT_Bootstrap/IssueTransactions/a_Find Profile' is clicked on

2022-06-30 22:40:34 - [TEST_STEP][PASSED] - criteria = <not implemented yet for class: org.codehaus.groovy.ast.expr.EmptyExpression>: null

2022-06-30 22:40:34 - [TEST_STEP][PASSED] - searchBy = <not implemented yet for class: org.codehaus.groovy.ast.expr.EmptyExpression>: null

2022-06-30 22:40:34 - [TEST_STEP][PASSED] - criteria = findTestData(dataFile).getValue("ProfileName", row): null

2022-06-30 22:40:34 - [TEST_STEP][PASSED] - path_SearchProfile = "Object Repository/AdminSuiteBootstrap_Pages/VSP_Bootstrap/SearchProfile/": null

2022-06-30 22:40:34 - [TEST_STEP][PASSED] - setText(findTestObject(path_SearchProfile + "input_Criteria"), criteria): Text 'PaymentsVisa' is set on object 'Object Repository/AdminSuiteBootstrap_Pages/VSP_Bootstrap/SearchProfile/input_Criteria'

2022-06-30 22:40:35 - [MESSAGE][PASSED] - Text 'PaymentsVisa' is set on object 'Object Repository/AdminSuiteBootstrap_Pages/VSP_Bootstrap/SearchProfile/input_Criteria'

2022-06-30 22:40:35 - [TEST_STEP][PASSED] - click(findTestObject(path_SearchProfile + "button_Search")): Object: 'Object Repository/AdminSuiteBootstrap_Pages/VSP_Bootstrap/SearchProfile/button_Search' is clicked on

2022-06-30 22:40:37 - [MESSAGE][PASSED] - Object: 'Object Repository/AdminSuiteBootstrap_Pages/VSP_Bootstrap/SearchProfile/button_Search' is clicked on

2022-06-30 22:40:37 - [TEST_STEP][PASSED] - profNameLink = findTestData(dataFile).getValue("ProfileNameLink", row): null

2022-06-30 22:40:38 - [TEST_STEP][PASSED] - click(findTestObject(path_ViewProfile + profNameLink)): Object: 'Object Repository/AdminSuiteBootstrap_Pages/VSP_Bootstrap/View Profile/a_PaymentsVisa' is clicked on

2022-06-30 22:40:40 - [MESSAGE][PASSED] - Object: 'Object Repository/AdminSuiteBootstrap_Pages/VSP_Bootstrap/View Profile/a_PaymentsVisa' is clicked on

2022-06-30 22:40:40 - [TEST_STEP][PASSED] - click(findTestObject(path_ViewProfile + "a_AuthCap")): Object: 'Object Repository/AdminSuiteBootstrap_Pages/VSP_Bootstrap/View Profile/a_AuthCap' is clicked on

2022-06-30 22:40:42 - [MESSAGE][PASSED] - Object: 'Object Repository/AdminSuiteBootstrap_Pages/VSP_Bootstrap/View Profile/a_AuthCap' is clicked on

2022-06-30 22:40:42 - [TEST_STEP][PASSED] - verifyTextPresent("Credit Card Authorization Capture", true): Text 'Credit Card Authorization Capture' is present on page  using regular expression

2022-06-30 22:40:43 - [MESSAGE][PASSED] - Text 'Credit Card Authorization Capture' is present on page  using regular expression

2022-06-30 22:40:43 - [TEST_STEP][PASSED] - verifyTextPresent("Sale", true): Text 'Sale' is present on page  using regular expression

2022-06-30 22:40:43 - [MESSAGE][PASSED] - Text 'Sale' is present on page  using regular expression

2022-06-30 22:40:43 - [TEST_STEP][PASSED] - verifyTextPresent("Required fields are highlighted with an asterisk", true): Text 'Required fields are highlighted with an asterisk' is present on page  using regular expression

2022-06-30 22:40:43 - [MESSAGE][PASSED] - Text 'Required fields are highlighted with an asterisk' is present on page  using regular expression

2022-06-30 22:40:43 - [TEST_STEP][PASSED] - verifyTextPresent("Remittance ID", true): Text 'Remittance ID' is present on page  using regular expression

2022-06-30 22:40:44 - [MESSAGE][PASSED] - Text 'Remittance ID' is present on page  using regular expression

2022-06-30 22:40:44 - [TEST_STEP][PASSED] - vspBootstrap.SalePage.setDataSaleAndAuth(row, dataFile): vspBootstrap.SalePage.setDataSaleAndAuth is PASSED

2022-06-30 22:40:45 - [MESSAGE][PASSED] - All options with value 'RETL' are selected in object 'Object Repository/AdminSuiteBootstrap_Pages/VSP_Bootstrap/VSP_Authcap/select_TransactionCategory'  using regular expression

2022-06-30 22:40:46 - [MESSAGE][PASSED] - Text '123' is set on object 'Object Repository/AdminSuiteBootstrap_Pages/VSP_Bootstrap/VSP_Authcap/input_cvv'

2022-06-30 22:40:46 - [MESSAGE][PASSED] - Text '' is set on object 'Object Repository/AdminSuiteBootstrap_Pages/VSP_Bootstrap/VSP_Authcap/input_smsNumber'

2022-06-30 22:40:47 - [MESSAGE][PASSED] - Text '2.50' is set on object 'Object Repository/AdminSuiteBootstrap_Pages/VSP_Bootstrap/VSP_Authcap/input_amount'

2022-06-30 22:40:48 - [MESSAGE][PASSED] - Text 'Delhi' is set on object 'Object Repository/AdminSuiteBootstrap_Pages/VSP_Bootstrap/VSP_Authcap/input_userDefined1'

2022-06-30 22:40:49 - [MESSAGE][PASSED] - Text 'Chennai' is set on object 'Object Repository/AdminSuiteBootstrap_Pages/VSP_Bootstrap/VSP_Authcap/input_userDefined2'

2022-06-30 22:40:49 - [MESSAGE][PASSED] - Text 'Mumbai' is set on object 'Object Repository/AdminSuiteBootstrap_Pages/VSP_Bootstrap/VSP_Authcap/input_userDefined3'

2022-06-30 22:40:50 - [MESSAGE][PASSED] - Text 'Kanpur' is set on object 'Object Repository/AdminSuiteBootstrap_Pages/VSP_Bootstrap/VSP_Authcap/input_userDefined4'

2022-06-30 22:40:51 - [MESSAGE][PASSED] - All options with label 'Orange' are selected in object 'Object Repository/AdminSuiteBootstrap_Pages/VSP_Bootstrap/VSP_Authcap/select_UDF5'  using regular expression

2022-06-30 22:40:52 - [MESSAGE][PASSED] - All options with label 'Yellow' are selected in object 'Object Repository/AdminSuiteBootstrap_Pages/VSP_Bootstrap/VSP_Authcap/select_UDF6'  using regular expression

2022-06-30 22:40:52 - [MESSAGE][PASSED] - Text 'Kolkata' is set on object 'Object Repository/AdminSuiteBootstrap_Pages/VSP_Bootstrap/VSP_Authcap/input_userDefined7'

2022-06-30 22:40:53 - [MESSAGE][PASSED] - Text 'Pune' is set on object 'Object Repository/AdminSuiteBootstrap_Pages/VSP_Bootstrap/VSP_Authcap/input_userDefined8'

2022-06-30 22:40:54 - [MESSAGE][PASSED] - Text 'Bhavnagar' is set on object 'Object Repository/AdminSuiteBootstrap_Pages/VSP_Bootstrap/VSP_Authcap/input_userDefined9'

2022-06-30 22:40:54 - [MESSAGE][PASSED] - Text 'Noida' is set on object 'Object Repository/AdminSuiteBootstrap_Pages/VSP_Bootstrap/VSP_Authcap/input_userDefined10'

2022-06-30 22:41:00 - [MESSAGE][PASSED] - Object: 'Object Repository/AdminSuiteBootstrap_Pages/VSP_Bootstrap/VSP_Authcap/button_Submit' is clicked on

2022-06-30 22:41:00 - [MESSAGE][PASSED] - vspBootstrap.SalePage.setDataSaleAndAuth is PASSED

2022-06-30 22:41:00 - [TEST_STEP][PASSED] - verifyTextPresent("Transaction Successful", true): Text 'Transaction Successful' is present on page  using regular expression

2022-06-30 22:41:00 - [MESSAGE][PASSED] - Text 'Transaction Successful' is present on page  using regular expression

2022-06-30 22:41:00 - [TEST_STEP][PASSED] - verifyElementVisible(findTestObject("Object Repository/AdminSuiteBootstrap_Pages/VT_Bootstrap/Receipt/button_Continue")): Object 'Object Repository/AdminSuiteBootstrap_Pages/VT_Bootstrap/Receipt/button_Continue' is visible

2022-06-30 22:41:00 - [MESSAGE][PASSED] - Object 'Object Repository/AdminSuiteBootstrap_Pages/VT_Bootstrap/Receipt/button_Continue' is visible

2022-06-30 22:41:00 - [TEST_STEP][PASSED] - verifyElementPresent(findTestObject("Object Repository/AdminSuiteBootstrap_Pages/VT_Bootstrap/Receipt/button_Continue"), 20): Object 'Object Repository/AdminSuiteBootstrap_Pages/VT_Bootstrap/Receipt/button_Continue' is present

2022-06-30 22:41:01 - [MESSAGE][PASSED] - Object 'Object Repository/AdminSuiteBootstrap_Pages/VT_Bootstrap/Receipt/button_Continue' is present

2022-06-30 22:41:01 - [TEST_STEP][PASSED] - verifyElementVisible(findTestObject("Object Repository/AdminSuiteBootstrap_Pages/VT_Bootstrap/Receipt/button_Print")): Object 'Object Repository/AdminSuiteBootstrap_Pages/VT_Bootstrap/Receipt/button_Print' is visible

2022-06-30 22:41:01 - [MESSAGE][PASSED] - Object 'Object Repository/AdminSuiteBootstrap_Pages/VT_Bootstrap/Receipt/button_Print' is visible

2022-06-30 22:41:01 - [TEST_STEP][PASSED] - verifyElementPresent(findTestObject("Object Repository/AdminSuiteBootstrap_Pages/VT_Bootstrap/Receipt/button_Print"), 20): Object 'Object Repository/AdminSuiteBootstrap_Pages/VT_Bootstrap/Receipt/button_Print' is present

2022-06-30 22:41:01 - [MESSAGE][PASSED] - Object 'Object Repository/AdminSuiteBootstrap_Pages/VT_Bootstrap/Receipt/button_Print' is present

2022-06-30 22:41:01 - [TEST_STEP][PASSED] - verifyTextPresent("Remittance ID", true): Text 'Remittance ID' is present on page  using regular expression

2022-06-30 22:41:02 - [MESSAGE][PASSED] - Text 'Remittance ID' is present on page  using regular expression

2022-06-30 22:41:02 - [TEST_STEP][PASSED] - verifyTextPresent("Received", true): Text 'Received' is present on page  using regular expression

2022-06-30 22:41:02 - [MESSAGE][PASSED] - Text 'Received' is present on page  using regular expression

2022-06-30 22:41:02 - [TEST_STEP][PASSED] - verifyTextPresent("UDF1", true): Text 'UDF1' is present on page  using regular expression

2022-06-30 22:41:02 - [MESSAGE][PASSED] - Text 'UDF1' is present on page  using regular expression

2022-06-30 22:41:02 - [TEST_STEP][PASSED] - verifyTextPresent("UDF2", true): Text 'UDF2' is present on page  using regular expression

2022-06-30 22:41:03 - [MESSAGE][PASSED] - Text 'UDF2' is present on page  using regular expression

2022-06-30 22:41:03 - [TEST_STEP][PASSED] - verifyTextPresent("UDF3", true): Text 'UDF3' is present on page  using regular expression

2022-06-30 22:41:03 - [MESSAGE][PASSED] - Text 'UDF3' is present on page  using regular expression

2022-06-30 22:41:03 - [TEST_STEP][PASSED] - verifyTextPresent("UDF4", true): Text 'UDF4' is present on page  using regular expression

2022-06-30 22:41:03 - [MESSAGE][PASSED] - Text 'UDF4' is present on page  using regular expression

2022-06-30 22:41:03 - [TEST_STEP][PASSED] - verifyTextPresent("UDF5", true): Text 'UDF5' is present on page  using regular expression

2022-06-30 22:41:03 - [MESSAGE][PASSED] - Text 'UDF5' is present on page  using regular expression

2022-06-30 22:41:03 - [TEST_STEP][PASSED] - verifyTextPresent("UDF6", true): Text 'UDF6' is present on page  using regular expression

2022-06-30 22:41:04 - [MESSAGE][PASSED] - Text 'UDF6' is present on page  using regular expression

2022-06-30 22:41:04 - [TEST_STEP][PASSED] - verifyTextPresent("UDF7", true): Text 'UDF7' is present on page  using regular expression

2022-06-30 22:41:04 - [MESSAGE][PASSED] - Text 'UDF7' is present on page  using regular expression

2022-06-30 22:41:04 - [TEST_STEP][PASSED] - verifyTextPresent("UDF8", true): Text 'UDF8' is present on page  using regular expression

2022-06-30 22:41:04 - [MESSAGE][PASSED] - Text 'UDF8' is present on page  using regular expression

2022-06-30 22:41:04 - [TEST_STEP][PASSED] - verifyTextPresent("UDF9", true): Text 'UDF9' is present on page  using regular expression

2022-06-30 22:41:05 - [MESSAGE][PASSED] - Text 'UDF9' is present on page  using regular expression

2022-06-30 22:41:05 - [TEST_STEP][PASSED] - verifyTextPresent("UDF 10", true): Text 'UDF 10' is present on page  using regular expression

2022-06-30 22:41:05 - [MESSAGE][PASSED] - Text 'UDF 10' is present on page  using regular expression

2022-06-30 22:41:05 - [TEST_STEP][PASSED] - verifyTextPresent("Delhi", true): Text 'Delhi' is present on page  using regular expression

2022-06-30 22:41:05 - [MESSAGE][PASSED] - Text 'Delhi' is present on page  using regular expression

2022-06-30 22:41:05 - [TEST_STEP][PASSED] - verifyTextPresent("Chennai", true): Text 'Chennai' is present on page  using regular expression

2022-06-30 22:41:06 - [MESSAGE][PASSED] - Text 'Chennai' is present on page  using regular expression

2022-06-30 22:41:06 - [TEST_STEP][PASSED] - verifyTextPresent("Mumbai", true): Text 'Mumbai' is present on page  using regular expression

2022-06-30 22:41:06 - [MESSAGE][PASSED] - Text 'Mumbai' is present on page  using regular expression

2022-06-30 22:41:06 - [TEST_STEP][PASSED] - verifyTextPresent("Kanpur", true): Text 'Kanpur' is present on page  using regular expression

2022-06-30 22:41:06 - [MESSAGE][PASSED] - Text 'Kanpur' is present on page  using regular expression

2022-06-30 22:41:06 - [TEST_STEP][PASSED] - verifyTextPresent("Orange Recorded", true): Text 'Orange Recorded' is present on page  using regular expression

2022-06-30 22:41:07 - [MESSAGE][PASSED] - Text 'Orange Recorded' is present on page  using regular expression

2022-06-30 22:41:07 - [TEST_STEP][PASSED] - verifyTextPresent("Yellow Recorded", true): Text 'Yellow Recorded' is present on page  using regular expression

2022-06-30 22:41:07 - [MESSAGE][PASSED] - Text 'Yellow Recorded' is present on page  using regular expression

2022-06-30 22:41:07 - [TEST_STEP][PASSED] - verifyTextPresent("Kolkata", true): Text 'Kolkata' is present on page  using regular expression

2022-06-30 22:41:07 - [MESSAGE][PASSED] - Text 'Kolkata' is present on page  using regular expression

2022-06-30 22:41:07 - [TEST_STEP][PASSED] - verifyTextPresent("Pune", true): Text 'Pune' is present on page  using regular expression

2022-06-30 22:41:08 - [MESSAGE][PASSED] - Text 'Pune' is present on page  using regular expression

2022-06-30 22:41:08 - [TEST_STEP][PASSED] - verifyTextPresent("Bhavnagar", true): Text 'Bhavnagar' is present on page  using regular expression

2022-06-30 22:41:08 - [MESSAGE][PASSED] - Text 'Bhavnagar' is present on page  using regular expression

2022-06-30 22:41:08 - [TEST_STEP][PASSED] - verifyTextPresent("Noida", true): Text 'Noida' is present on page  using regular expression

2022-06-30 22:41:08 - [MESSAGE][PASSED] - Text 'Noida' is present on page  using regular expression

2022-06-30 22:41:08 - [TEST_STEP][PASSED] - verifyTextPresent("Amount", true): Text 'Amount' is present on page  using regular expression

2022-06-30 22:41:09 - [MESSAGE][PASSED] - Text 'Amount' is present on page  using regular expression

2022-06-30 22:41:09 - [TEST_STEP][PASSED] - verifyTextPresent("2.50", true): Text '2.50' is present on page  using regular expression

2022-06-30 22:41:09 - [MESSAGE][PASSED] - Text '2.50' is present on page  using regular expression

2022-06-30 22:41:09 - [TEST_STEP][PASSED] - verifyTextPresent("Authorization and Capture", true): Text 'Authorization and Capture' is present on page  using regular expression

2022-06-30 22:41:09 - [MESSAGE][PASSED] - Text 'Authorization and Capture' is present on page  using regular expression

2022-06-30 22:41:09 - [TEST_STEP][PASSED] - verifyTextPresent("Card Information", true): Text 'Card Information' is present on page  using regular expression

2022-06-30 22:41:10 - [MESSAGE][PASSED] - Text 'Card Information' is present on page  using regular expression

2022-06-30 22:41:10 - [TEST_STEP][PASSED] - verifyTextPresent("TANDON RAVENA", true): Text 'TANDON RAVENA' is present on page  using regular expression

2022-06-30 22:41:10 - [MESSAGE][PASSED] - Text 'TANDON RAVENA' is present on page  using regular expression

2022-06-30 22:41:10 - [TEST_STEP][PASSED] - verifyTextPresent("Address Line 1", true): Text 'Address Line 1' is present on page  using regular expression

2022-06-30 22:41:10 - [MESSAGE][PASSED] - Text 'Address Line 1' is present on page  using regular expression

2022-06-30 22:41:10 - [TEST_STEP][PASSED] - verifyTextPresent("Address Line 2", true): Text 'Address Line 2' is present on page  using regular expression

2022-06-30 22:41:11 - [MESSAGE][PASSED] - Text 'Address Line 2' is present on page  using regular expression

2022-06-30 22:41:11 - [TEST_STEP][PASSED] - verifyTextPresent("Country", true): Text 'Country' is present on page  using regular expression

2022-06-30 22:41:11 - [MESSAGE][PASSED] - Text 'Country' is present on page  using regular expression

2022-06-30 22:41:11 - [TEST_STEP][PASSED] - verifyTextPresent("City", true): Text 'City' is present on page  using regular expression

2022-06-30 22:41:11 - [MESSAGE][PASSED] - Text 'City' is present on page  using regular expression

2022-06-30 22:41:11 - [TEST_STEP][PASSED] - verifyTextPresent("State", true): Text 'State' is present on page  using regular expression

2022-06-30 22:41:12 - [MESSAGE][PASSED] - Text 'State' is present on page  using regular expression

2022-06-30 22:41:12 - [TEST_STEP][PASSED] - verifyTextPresent("ZIP Code", true): Text 'ZIP Code' is present on page  using regular expression

2022-06-30 22:41:12 - [MESSAGE][PASSED] - Text 'ZIP Code' is present on page  using regular expression

2022-06-30 22:41:12 - [TEST_STEP][PASSED] - verifyTextPresent("248 PhoolKaante road", true): Text '248 PhoolKaante road' is present on page  using regular expression

2022-06-30 22:41:12 - [MESSAGE][PASSED] - Text '248 PhoolKaante road' is present on page  using regular expression

2022-06-30 22:41:12 - [TEST_STEP][PASSED] - verifyTextPresent("Suite 678", true): Text 'Suite 678' is present on page  using regular expression

2022-06-30 22:41:13 - [MESSAGE][PASSED] - Text 'Suite 678' is present on page  using regular expression

2022-06-30 22:41:13 - [TEST_STEP][PASSED] - verifyTextPresent("United States", true): Text 'United States' is present on page  using regular expression

2022-06-30 22:41:13 - [MESSAGE][PASSED] - Text 'United States' is present on page  using regular expression

2022-06-30 22:41:13 - [TEST_STEP][PASSED] - verifyTextPresent("ARLINGTON", true): Text 'ARLINGTON' is present on page  using regular expression

2022-06-30 22:41:13 - [MESSAGE][PASSED] - Text 'ARLINGTON' is present on page  using regular expression

2022-06-30 22:41:13 - [TEST_STEP][PASSED] - verifyTextPresent("VA", true): Text 'VA' is present on page  using regular expression

2022-06-30 22:41:14 - [MESSAGE][PASSED] - Text 'VA' is present on page  using regular expression

2022-06-30 22:41:14 - [TEST_STEP][PASSED] - verifyTextPresent("22201", true): Text '22201' is present on page  using regular expression

2022-06-30 22:41:14 - [MESSAGE][PASSED] - Text '22201' is present on page  using regular expression

2022-06-30 22:41:14 - [TEST_STEP][PASSED] - cardTypeV = findTestData(dataFile).getValue("CardType", row): null

2022-06-30 22:41:14 - [TEST_STEP][PASSED] - last4V = findTestData(dataFile).getValue("Last4", row): null

2022-06-30 22:41:14 - [TEST_STEP][PASSED] - verifyTextPresent(cardTypeV, true): Text 'Visa' is present on page  using regular expression

2022-06-30 22:41:14 - [MESSAGE][PASSED] - Text 'Visa' is present on page  using regular expression

2022-06-30 22:41:14 - [TEST_STEP][PASSED] - verifyTextPresent(last4V, true): Text '5439' is present on page  using regular expression

2022-06-30 22:41:15 - [MESSAGE][PASSED] - Text '5439' is present on page  using regular expression

2022-06-30 22:41:15 - [TEST_STEP][PASSED] - switch (appName): null

2022-06-30 22:41:15 - [TEST_STEP][PASSED] - case "a_Access AutoDualCFtpQA":: null

2022-06-30 22:41:15 - [TEST_STEP][PASSED] - verifyTextPresent("5.00", true): Text '5.00' is present on page  using regular expression

2022-06-30 22:41:15 - [MESSAGE][PASSED] - Text '5.00' is present on page  using regular expression

2022-06-30 22:41:15 - [TEST_STEP][PASSED] - verifyTextPresent("Dual Transaction", true): Text 'Dual Transaction' is present on page  using regular expression

2022-06-30 22:41:15 - [MESSAGE][PASSED] - Text 'Dual Transaction' is present on page  using regular expression

2022-06-30 22:41:15 - [TEST_STEP][PASSED] - verifyTextPresent("7.50", true): Text '7.50' is present on page  using regular expression

2022-06-30 22:41:16 - [MESSAGE][PASSED] - Text '7.50' is present on page  using regular expression

2022-06-30 22:41:16 - [TEST_STEP][PASSED] - verifyTextPresent("Total Amount", true): Text 'Total Amount' is present on page  using regular expression

2022-06-30 22:41:16 - [MESSAGE][PASSED] - Text 'Total Amount' is present on page  using regular expression

2022-06-30 22:41:16 - [TEST_STEP][PASSED] - verifyTextPresent("Transaction Type", true): Text 'Transaction Type' is present on page  using regular expression

2022-06-30 22:41:16 - [MESSAGE][PASSED] - Text 'Transaction Type' is present on page  using regular expression

2022-06-30 22:41:16 - [TEST_STEP][PASSED] - break: null

2022-06-30 22:41:16 - [TEST_STEP][PASSED] - closeBrowser(): Browser is closed

2022-06-30 22:41:17 - [MESSAGE][PASSED] - Browser is closed

2022-06-30 22:41:17 - [TEST_STEP][PASSED] - ExecuteTC = findTestData(dataFile).getValue("Execute", row): null

2022-06-30 22:41:17 - [TEST_STEP][PASSED] - out.println("Value of Execute is : " + ExecuteTC): null

2022-06-30 22:41:17 - [TEST_STEP][PASSED] - switch (executionProfile): null

2022-06-30 22:41:17 - [TEST_STEP][PASSED] - case "QAProfile":: null

2022-06-30 22:41:17 - [TEST_STEP][PASSED] - appName = findTestData(dataFile).getValue("AppNameQA", row): null

2022-06-30 22:41:17 - [TEST_STEP][PASSED] - appID = findTestData(dataFile).getValue("AppIDQA", row): null

2022-06-30 22:41:17 - [TEST_STEP][PASSED] - break: null

2022-06-30 22:41:17 - [TEST_STEP][PASSED] - if (ExecuteTC.equalsIgnoreCase("Y")): null

2022-06-30 22:41:17 - [TEST_STEP][PASSED] - out.println("Begin Record Number: " + row): null

2022-06-30 22:41:17 - [TEST_STEP][PASSED] - today = new java.util.Date(): null

2022-06-30 22:41:17 - [TEST_STEP][PASSED] - println(today): null

2022-06-30 22:41:17 - [TEST_STEP][PASSED] - datText = today: null

2022-06-30 22:41:17 - [TEST_STEP][PASSED] - adminSuiteBootstrap.loginFunctionality.login_AdminSuite(): adminSuiteBootstrap.loginFunctionality.login_AdminSuite is PASSED

2022-06-30 22:41:17 - [MESSAGE][INFO] - Starting 'Chrome' driver

2022-06-30 22:41:17 - [MESSAGE][INFO] - User set preference: ['acceptInsecureCerts', 'true']

2022-06-30 22:41:17 - [MESSAGE][INFO] - Action delay is set to 0 milliseconds

2022-06-30 22:41:21 - [MESSAGE][PASSED] - Browser is opened with url: 'https://qa.velocitypayment.com/admin/imtiaz'

2022-06-30 22:41:21 - [MESSAGE][PASSED] - Current window maximized

2022-06-30 22:41:22 - [MESSAGE][PASSED] - Object 'Object Repository/Login_Page/Login_Username' is present

2022-06-30 22:41:23 - [MESSAGE][PASSED] - Text 'iahmed' is set on object 'Object Repository/Login_Page/Login_Username'

2022-06-30 22:41:23 - [MESSAGE][PASSED] - Text 'hello2222' is set on object 'Object Repository/Login_Page/Login_Password'

2022-06-30 22:41:27 - [MESSAGE][PASSED] - Object: 'Object Repository/Login_Page/Login_Submit' is clicked on

2022-06-30 22:41:27 - [MESSAGE][PASSED] - adminSuiteBootstrap.loginFunctionality.login_AdminSuite is PASSED

2022-06-30 22:41:27 - [TEST_STEP][PASSED] - click(findTestObject(path_Dashboard + appName)): Object: 'Object Repository/AdminSuiteBootstrap_Pages/Dashboard_Bootstrap/a_Access AutoDualCFtpQA' is clicked on

2022-06-30 22:41:28 - [MESSAGE][PASSED] - Object: 'Object Repository/AdminSuiteBootstrap_Pages/Dashboard_Bootstrap/a_Access AutoDualCFtpQA' is clicked on

2022-06-30 22:41:28 - [TEST_STEP][PASSED] - click(findTestObject(path_VT + "a_Find Profile")): Object: 'Object Repository/AdminSuiteBootstrap_Pages/VT_Bootstrap/IssueTransactions/a_Find Profile' is clicked on

2022-06-30 22:41:29 - [MESSAGE][PASSED] - Object: 'Object Repository/AdminSuiteBootstrap_Pages/VT_Bootstrap/IssueTransactions/a_Find Profile' is clicked on

2022-06-30 22:41:29 - [TEST_STEP][PASSED] - criteria = <not implemented yet for class: org.codehaus.groovy.ast.expr.EmptyExpression>: null

2022-06-30 22:41:29 - [TEST_STEP][PASSED] - searchBy = <not implemented yet for class: org.codehaus.groovy.ast.expr.EmptyExpression>: null

2022-06-30 22:41:29 - [TEST_STEP][PASSED] - criteria = findTestData(dataFile).getValue("ProfileName", row): null

2022-06-30 22:41:29 - [TEST_STEP][PASSED] - path_SearchProfile = "Object Repository/AdminSuiteBootstrap_Pages/VSP_Bootstrap/SearchProfile/": null

2022-06-30 22:41:29 - [TEST_STEP][PASSED] - setText(findTestObject(path_SearchProfile + "input_Criteria"), criteria): Text 'PaymentsMC' is set on object 'Object Repository/AdminSuiteBootstrap_Pages/VSP_Bootstrap/SearchProfile/input_Criteria'

2022-06-30 22:41:29 - [MESSAGE][PASSED] - Text 'PaymentsMC' is set on object 'Object Repository/AdminSuiteBootstrap_Pages/VSP_Bootstrap/SearchProfile/input_Criteria'

2022-06-30 22:41:29 - [TEST_STEP][PASSED] - click(findTestObject(path_SearchProfile + "button_Search")): Object: 'Object Repository/AdminSuiteBootstrap_Pages/VSP_Bootstrap/SearchProfile/button_Search' is clicked on

2022-06-30 22:41:31 - [MESSAGE][PASSED] - Object: 'Object Repository/AdminSuiteBootstrap_Pages/VSP_Bootstrap/SearchProfile/button_Search' is clicked on

2022-06-30 22:41:31 - [TEST_STEP][PASSED] - profNameLink = findTestData(dataFile).getValue("ProfileNameLink", row): null

2022-06-30 22:41:31 - [TEST_STEP][PASSED] - click(findTestObject(path_ViewProfile + profNameLink)): Object: 'Object Repository/AdminSuiteBootstrap_Pages/VSP_Bootstrap/View Profile/a_PaymentsMC' is clicked on

2022-06-30 22:41:33 - [MESSAGE][PASSED] - Object: 'Object Repository/AdminSuiteBootstrap_Pages/VSP_Bootstrap/View Profile/a_PaymentsMC' is clicked on

2022-06-30 22:41:33 - [TEST_STEP][PASSED] - click(findTestObject(path_ViewProfile + "a_AuthCap")): Object: 'Object Repository/AdminSuiteBootstrap_Pages/VSP_Bootstrap/View Profile/a_AuthCap' is clicked on

2022-06-30 22:41:34 - [MESSAGE][PASSED] - Object: 'Object Repository/AdminSuiteBootstrap_Pages/VSP_Bootstrap/View Profile/a_AuthCap' is clicked on

2022-06-30 22:41:34 - [TEST_STEP][PASSED] - verifyTextPresent("Credit Card Authorization Capture", true): Text 'Credit Card Authorization Capture' is present on page  using regular expression

2022-06-30 22:41:35 - [MESSAGE][PASSED] - Text 'Credit Card Authorization Capture' is present on page  using regular expression

2022-06-30 22:41:35 - [TEST_STEP][PASSED] - verifyTextPresent("Sale", true): Text 'Sale' is present on page  using regular expression

2022-06-30 22:41:35 - [MESSAGE][PASSED] - Text 'Sale' is present on page  using regular expression

2022-06-30 22:41:35 - [TEST_STEP][PASSED] - verifyTextPresent("Required fields are highlighted with an asterisk", true): Text 'Required fields are highlighted with an asterisk' is present on page  using regular expression

2022-06-30 22:41:35 - [MESSAGE][PASSED] - Text 'Required fields are highlighted with an asterisk' is present on page  using regular expression

2022-06-30 22:41:35 - [TEST_STEP][PASSED] - verifyTextPresent("Remittance ID", true): Text 'Remittance ID' is present on page  using regular expression

2022-06-30 22:41:36 - [MESSAGE][PASSED] - Text 'Remittance ID' is present on page  using regular expression

2022-06-30 22:41:36 - [TEST_STEP][PASSED] - vspBootstrap.SalePage.setDataSaleAndAuth(row, dataFile): vspBootstrap.SalePage.setDataSaleAndAuth is PASSED

2022-06-30 22:41:37 - [MESSAGE][PASSED] - All options with value 'RETL' are selected in object 'Object Repository/AdminSuiteBootstrap_Pages/VSP_Bootstrap/VSP_Authcap/select_TransactionCategory'  using regular expression

2022-06-30 22:41:38 - [MESSAGE][PASSED] - Text '123' is set on object 'Object Repository/AdminSuiteBootstrap_Pages/VSP_Bootstrap/VSP_Authcap/input_cvv'

2022-06-30 22:41:39 - [MESSAGE][PASSED] - Text '' is set on object 'Object Repository/AdminSuiteBootstrap_Pages/VSP_Bootstrap/VSP_Authcap/input_smsNumber'

2022-06-30 22:41:39 - [MESSAGE][PASSED] - Text '2.50' is set on object 'Object Repository/AdminSuiteBootstrap_Pages/VSP_Bootstrap/VSP_Authcap/input_amount'

2022-06-30 22:41:41 - [MESSAGE][PASSED] - Text 'Delhi' is set on object 'Object Repository/AdminSuiteBootstrap_Pages/VSP_Bootstrap/VSP_Authcap/input_userDefined1'

2022-06-30 22:41:41 - [MESSAGE][PASSED] - Text 'Chennai' is set on object 'Object Repository/AdminSuiteBootstrap_Pages/VSP_Bootstrap/VSP_Authcap/input_userDefined2'

2022-06-30 22:41:42 - [MESSAGE][PASSED] - Text 'Mumbai' is set on object 'Object Repository/AdminSuiteBootstrap_Pages/VSP_Bootstrap/VSP_Authcap/input_userDefined3'

2022-06-30 22:41:43 - [MESSAGE][PASSED] - Text 'Kanpur' is set on object 'Object Repository/AdminSuiteBootstrap_Pages/VSP_Bootstrap/VSP_Authcap/input_userDefined4'

2022-06-30 22:41:44 - [MESSAGE][PASSED] - All options with label 'Orange' are selected in object 'Object Repository/AdminSuiteBootstrap_Pages/VSP_Bootstrap/VSP_Authcap/select_UDF5'  using regular expression

2022-06-30 22:41:45 - [MESSAGE][PASSED] - All options with label 'Yellow' are selected in object 'Object Repository/AdminSuiteBootstrap_Pages/VSP_Bootstrap/VSP_Authcap/select_UDF6'  using regular expression

2022-06-30 22:41:45 - [MESSAGE][PASSED] - Text 'Kolkata' is set on object 'Object Repository/AdminSuiteBootstrap_Pages/VSP_Bootstrap/VSP_Authcap/input_userDefined7'

2022-06-30 22:41:46 - [MESSAGE][PASSED] - Text 'Pune' is set on object 'Object Repository/AdminSuiteBootstrap_Pages/VSP_Bootstrap/VSP_Authcap/input_userDefined8'

2022-06-30 22:41:47 - [MESSAGE][PASSED] - Text 'Bhavnagar' is set on object 'Object Repository/AdminSuiteBootstrap_Pages/VSP_Bootstrap/VSP_Authcap/input_userDefined9'

2022-06-30 22:41:47 - [MESSAGE][PASSED] - Text 'Noida' is set on object 'Object Repository/AdminSuiteBootstrap_Pages/VSP_Bootstrap/VSP_Authcap/input_userDefined10'

2022-06-30 22:41:51 - [MESSAGE][PASSED] - Object: 'Object Repository/AdminSuiteBootstrap_Pages/VSP_Bootstrap/VSP_Authcap/button_Submit' is clicked on

2022-06-30 22:41:51 - [MESSAGE][PASSED] - vspBootstrap.SalePage.setDataSaleAndAuth is PASSED

2022-06-30 22:41:51 - [TEST_STEP][PASSED] - verifyTextPresent("Transaction Successful", true): Text 'Transaction Successful' is present on page  using regular expression

2022-06-30 22:41:52 - [MESSAGE][PASSED] - Text 'Transaction Successful' is present on page  using regular expression

2022-06-30 22:41:52 - [TEST_STEP][PASSED] - verifyElementVisible(findTestObject("Object Repository/AdminSuiteBootstrap_Pages/VT_Bootstrap/Receipt/button_Continue")): Object 'Object Repository/AdminSuiteBootstrap_Pages/VT_Bootstrap/Receipt/button_Continue' is visible

2022-06-30 22:41:52 - [MESSAGE][PASSED] - Object 'Object Repository/AdminSuiteBootstrap_Pages/VT_Bootstrap/Receipt/button_Continue' is visible

2022-06-30 22:41:52 - [TEST_STEP][PASSED] - verifyElementPresent(findTestObject("Object Repository/AdminSuiteBootstrap_Pages/VT_Bootstrap/Receipt/button_Continue"), 20): Object 'Object Repository/AdminSuiteBootstrap_Pages/VT_Bootstrap/Receipt/button_Continue' is present

2022-06-30 22:41:52 - [MESSAGE][PASSED] - Object 'Object Repository/AdminSuiteBootstrap_Pages/VT_Bootstrap/Receipt/button_Continue' is present

2022-06-30 22:41:52 - [TEST_STEP][PASSED] - verifyElementVisible(findTestObject("Object Repository/AdminSuiteBootstrap_Pages/VT_Bootstrap/Receipt/button_Print")): Object 'Object Repository/AdminSuiteBootstrap_Pages/VT_Bootstrap/Receipt/button_Print' is visible

2022-06-30 22:41:53 - [MESSAGE][PASSED] - Object 'Object Repository/AdminSuiteBootstrap_Pages/VT_Bootstrap/Receipt/button_Print' is visible

2022-06-30 22:41:53 - [TEST_STEP][PASSED] - verifyElementPresent(findTestObject("Object Repository/AdminSuiteBootstrap_Pages/VT_Bootstrap/Receipt/button_Print"), 20): Object 'Object Repository/AdminSuiteBootstrap_Pages/VT_Bootstrap/Receipt/button_Print' is present

2022-06-30 22:41:53 - [MESSAGE][PASSED] - Object 'Object Repository/AdminSuiteBootstrap_Pages/VT_Bootstrap/Receipt/button_Print' is present

2022-06-30 22:41:53 - [TEST_STEP][PASSED] - verifyTextPresent("Remittance ID", true): Text 'Remittance ID' is present on page  using regular expression

2022-06-30 22:41:53 - [MESSAGE][PASSED] - Text 'Remittance ID' is present on page  using regular expression

2022-06-30 22:41:53 - [TEST_STEP][PASSED] - verifyTextPresent("Received", true): Text 'Received' is present on page  using regular expression

2022-06-30 22:41:54 - [MESSAGE][PASSED] - Text 'Received' is present on page  using regular expression

2022-06-30 22:41:54 - [TEST_STEP][PASSED] - verifyTextPresent("UDF1", true): Text 'UDF1' is present on page  using regular expression

2022-06-30 22:41:54 - [MESSAGE][PASSED] - Text 'UDF1' is present on page  using regular expression

2022-06-30 22:41:54 - [TEST_STEP][PASSED] - verifyTextPresent("UDF2", true): Text 'UDF2' is present on page  using regular expression

2022-06-30 22:41:54 - [MESSAGE][PASSED] - Text 'UDF2' is present on page  using regular expression

2022-06-30 22:41:54 - [TEST_STEP][PASSED] - verifyTextPresent("UDF3", true): Text 'UDF3' is present on page  using regular expression

2022-06-30 22:41:55 - [MESSAGE][PASSED] - Text 'UDF3' is present on page  using regular expression

2022-06-30 22:41:55 - [TEST_STEP][PASSED] - verifyTextPresent("UDF4", true): Text 'UDF4' is present on page  using regular expression

2022-06-30 22:41:55 - [MESSAGE][PASSED] - Text 'UDF4' is present on page  using regular expression

2022-06-30 22:41:55 - [TEST_STEP][PASSED] - verifyTextPresent("UDF5", true): Text 'UDF5' is present on page  using regular expression

2022-06-30 22:41:55 - [MESSAGE][PASSED] - Text 'UDF5' is present on page  using regular expression

2022-06-30 22:41:55 - [TEST_STEP][PASSED] - verifyTextPresent("UDF6", true): Text 'UDF6' is present on page  using regular expression

2022-06-30 22:41:56 - [MESSAGE][PASSED] - Text 'UDF6' is present on page  using regular expression

2022-06-30 22:41:56 - [TEST_STEP][PASSED] - verifyTextPresent("UDF7", true): Text 'UDF7' is present on page  using regular expression

2022-06-30 22:41:56 - [MESSAGE][PASSED] - Text 'UDF7' is present on page  using regular expression

2022-06-30 22:41:56 - [TEST_STEP][PASSED] - verifyTextPresent("UDF8", true): Text 'UDF8' is present on page  using regular expression

2022-06-30 22:41:56 - [MESSAGE][PASSED] - Text 'UDF8' is present on page  using regular expression

2022-06-30 22:41:56 - [TEST_STEP][PASSED] - verifyTextPresent("UDF9", true): Text 'UDF9' is present on page  using regular expression

2022-06-30 22:41:57 - [MESSAGE][PASSED] - Text 'UDF9' is present on page  using regular expression

2022-06-30 22:41:57 - [TEST_STEP][PASSED] - verifyTextPresent("UDF 10", true): Text 'UDF 10' is present on page  using regular expression

2022-06-30 22:41:57 - [MESSAGE][PASSED] - Text 'UDF 10' is present on page  using regular expression

2022-06-30 22:41:57 - [TEST_STEP][PASSED] - verifyTextPresent("Delhi", true): Text 'Delhi' is present on page  using regular expression

2022-06-30 22:41:57 - [MESSAGE][PASSED] - Text 'Delhi' is present on page  using regular expression

2022-06-30 22:41:57 - [TEST_STEP][PASSED] - verifyTextPresent("Chennai", true): Text 'Chennai' is present on page  using regular expression

2022-06-30 22:41:57 - [MESSAGE][PASSED] - Text 'Chennai' is present on page  using regular expression

2022-06-30 22:41:57 - [TEST_STEP][PASSED] - verifyTextPresent("Mumbai", true): Text 'Mumbai' is present on page  using regular expression

2022-06-30 22:41:58 - [MESSAGE][PASSED] - Text 'Mumbai' is present on page  using regular expression

2022-06-30 22:41:58 - [TEST_STEP][PASSED] - verifyTextPresent("Kanpur", true): Text 'Kanpur' is present on page  using regular expression

2022-06-30 22:41:58 - [MESSAGE][PASSED] - Text 'Kanpur' is present on page  using regular expression

2022-06-30 22:41:58 - [TEST_STEP][PASSED] - verifyTextPresent("Orange Recorded", true): Text 'Orange Recorded' is present on page  using regular expression

2022-06-30 22:41:58 - [MESSAGE][PASSED] - Text 'Orange Recorded' is present on page  using regular expression

2022-06-30 22:41:58 - [TEST_STEP][PASSED] - verifyTextPresent("Yellow Recorded", true): Text 'Yellow Recorded' is present on page  using regular expression

2022-06-30 22:41:59 - [MESSAGE][PASSED] - Text 'Yellow Recorded' is present on page  using regular expression

2022-06-30 22:41:59 - [TEST_STEP][PASSED] - verifyTextPresent("Kolkata", true): Text 'Kolkata' is present on page  using regular expression

2022-06-30 22:41:59 - [MESSAGE][PASSED] - Text 'Kolkata' is present on page  using regular expression

2022-06-30 22:41:59 - [TEST_STEP][PASSED] - verifyTextPresent("Pune", true): Text 'Pune' is present on page  using regular expression

2022-06-30 22:41:59 - [MESSAGE][PASSED] - Text 'Pune' is present on page  using regular expression

2022-06-30 22:41:59 - [TEST_STEP][PASSED] - verifyTextPresent("Bhavnagar", true): Text 'Bhavnagar' is present on page  using regular expression

2022-06-30 22:42:00 - [MESSAGE][PASSED] - Text 'Bhavnagar' is present on page  using regular expression

2022-06-30 22:42:00 - [TEST_STEP][PASSED] - verifyTextPresent("Noida", true): Text 'Noida' is present on page  using regular expression

2022-06-30 22:42:00 - [MESSAGE][PASSED] - Text 'Noida' is present on page  using regular expression

2022-06-30 22:42:00 - [TEST_STEP][PASSED] - verifyTextPresent("Amount", true): Text 'Amount' is present on page  using regular expression

2022-06-30 22:42:00 - [MESSAGE][PASSED] - Text 'Amount' is present on page  using regular expression

2022-06-30 22:42:00 - [TEST_STEP][PASSED] - verifyTextPresent("2.50", true): Text '2.50' is present on page  using regular expression

2022-06-30 22:42:01 - [MESSAGE][PASSED] - Text '2.50' is present on page  using regular expression

2022-06-30 22:42:01 - [TEST_STEP][PASSED] - verifyTextPresent("Authorization and Capture", true): Text 'Authorization and Capture' is present on page  using regular expression

2022-06-30 22:42:01 - [MESSAGE][PASSED] - Text 'Authorization and Capture' is present on page  using regular expression

2022-06-30 22:42:01 - [TEST_STEP][PASSED] - verifyTextPresent("Card Information", true): Text 'Card Information' is present on page  using regular expression

2022-06-30 22:42:01 - [MESSAGE][PASSED] - Text 'Card Information' is present on page  using regular expression

2022-06-30 22:42:01 - [TEST_STEP][PASSED] - verifyTextPresent("TANDON RAVENA", true): Text 'TANDON RAVENA' is present on page  using regular expression

2022-06-30 22:42:01 - [MESSAGE][PASSED] - Text 'TANDON RAVENA' is present on page  using regular expression

2022-06-30 22:42:01 - [TEST_STEP][PASSED] - verifyTextPresent("Address Line 1", true): Text 'Address Line 1' is present on page  using regular expression

2022-06-30 22:42:02 - [MESSAGE][PASSED] - Text 'Address Line 1' is present on page  using regular expression

2022-06-30 22:42:02 - [TEST_STEP][PASSED] - verifyTextPresent("Address Line 2", true): Text 'Address Line 2' is present on page  using regular expression

2022-06-30 22:42:02 - [MESSAGE][PASSED] - Text 'Address Line 2' is present on page  using regular expression

2022-06-30 22:42:02 - [TEST_STEP][PASSED] - verifyTextPresent("Country", true): Text 'Country' is present on page  using regular expression

2022-06-30 22:42:02 - [MESSAGE][PASSED] - Text 'Country' is present on page  using regular expression

2022-06-30 22:42:02 - [TEST_STEP][PASSED] - verifyTextPresent("City", true): Text 'City' is present on page  using regular expression

2022-06-30 22:42:03 - [MESSAGE][PASSED] - Text 'City' is present on page  using regular expression

2022-06-30 22:42:03 - [TEST_STEP][PASSED] - verifyTextPresent("State", true): Text 'State' is present on page  using regular expression

2022-06-30 22:42:03 - [MESSAGE][PASSED] - Text 'State' is present on page  using regular expression

2022-06-30 22:42:03 - [TEST_STEP][PASSED] - verifyTextPresent("ZIP Code", true): Text 'ZIP Code' is present on page  using regular expression

2022-06-30 22:42:03 - [MESSAGE][PASSED] - Text 'ZIP Code' is present on page  using regular expression

2022-06-30 22:42:03 - [TEST_STEP][PASSED] - verifyTextPresent("248 PhoolKaante road", true): Text '248 PhoolKaante road' is present on page  using regular expression

2022-06-30 22:42:04 - [MESSAGE][PASSED] - Text '248 PhoolKaante road' is present on page  using regular expression

2022-06-30 22:42:04 - [TEST_STEP][PASSED] - verifyTextPresent("Suite 678", true): Text 'Suite 678' is present on page  using regular expression

2022-06-30 22:42:04 - [MESSAGE][PASSED] - Text 'Suite 678' is present on page  using regular expression

2022-06-30 22:42:04 - [TEST_STEP][PASSED] - verifyTextPresent("United States", true): Text 'United States' is present on page  using regular expression

2022-06-30 22:42:04 - [MESSAGE][PASSED] - Text 'United States' is present on page  using regular expression

2022-06-30 22:42:04 - [TEST_STEP][PASSED] - verifyTextPresent("ARLINGTON", true): Text 'ARLINGTON' is present on page  using regular expression

2022-06-30 22:42:05 - [MESSAGE][PASSED] - Text 'ARLINGTON' is present on page  using regular expression

2022-06-30 22:42:05 - [TEST_STEP][PASSED] - verifyTextPresent("VA", true): Text 'VA' is present on page  using regular expression

2022-06-30 22:42:05 - [MESSAGE][PASSED] - Text 'VA' is present on page  using regular expression

2022-06-30 22:42:05 - [TEST_STEP][PASSED] - verifyTextPresent("22201", true): Text '22201' is present on page  using regular expression

2022-06-30 22:42:05 - [MESSAGE][PASSED] - Text '22201' is present on page  using regular expression

2022-06-30 22:42:05 - [TEST_STEP][PASSED] - cardTypeV = findTestData(dataFile).getValue("CardType", row): null

2022-06-30 22:42:05 - [TEST_STEP][PASSED] - last4V = findTestData(dataFile).getValue("Last4", row): null

2022-06-30 22:42:05 - [TEST_STEP][PASSED] - verifyTextPresent(cardTypeV, true): Text 'MasterCard' is present on page  using regular expression

2022-06-30 22:42:06 - [MESSAGE][PASSED] - Text 'MasterCard' is present on page  using regular expression

2022-06-30 22:42:06 - [TEST_STEP][PASSED] - verifyTextPresent(last4V, true): Text '0035' is present on page  using regular expression

2022-06-30 22:42:06 - [MESSAGE][PASSED] - Text '0035' is present on page  using regular expression

2022-06-30 22:42:06 - [TEST_STEP][PASSED] - switch (appName): null

2022-06-30 22:42:06 - [TEST_STEP][PASSED] - case "a_Access AutoDualCFtpQA":: null

2022-06-30 22:42:06 - [TEST_STEP][PASSED] - verifyTextPresent("5.00", true): Text '5.00' is present on page  using regular expression

2022-06-30 22:42:06 - [MESSAGE][PASSED] - Text '5.00' is present on page  using regular expression

2022-06-30 22:42:06 - [TEST_STEP][PASSED] - verifyTextPresent("Dual Transaction", true): Text 'Dual Transaction' is present on page  using regular expression

2022-06-30 22:42:07 - [MESSAGE][PASSED] - Text 'Dual Transaction' is present on page  using regular expression

2022-06-30 22:42:07 - [TEST_STEP][PASSED] - verifyTextPresent("7.50", true): Text '7.50' is present on page  using regular expression

2022-06-30 22:42:07 - [MESSAGE][PASSED] - Text '7.50' is present on page  using regular expression

2022-06-30 22:42:07 - [TEST_STEP][PASSED] - verifyTextPresent("Total Amount", true): Text 'Total Amount' is present on page  using regular expression

2022-06-30 22:42:07 - [MESSAGE][PASSED] - Text 'Total Amount' is present on page  using regular expression

2022-06-30 22:42:07 - [TEST_STEP][PASSED] - verifyTextPresent("Transaction Type", true): Text 'Transaction Type' is present on page  using regular expression

2022-06-30 22:42:08 - [MESSAGE][PASSED] - Text 'Transaction Type' is present on page  using regular expression

2022-06-30 22:42:08 - [TEST_STEP][PASSED] - break: null

2022-06-30 22:42:08 - [TEST_STEP][PASSED] - closeBrowser(): Browser is closed

2022-06-30 22:42:09 - [MESSAGE][PASSED] - Browser is closed

2022-06-30 22:42:09 - [TEST_STEP][PASSED] - ExecuteTC = findTestData(dataFile).getValue("Execute", row): null

2022-06-30 22:42:09 - [TEST_STEP][PASSED] - out.println("Value of Execute is : " + ExecuteTC): null

2022-06-30 22:42:09 - [TEST_STEP][PASSED] - switch (executionProfile): null

2022-06-30 22:42:09 - [TEST_STEP][PASSED] - case "QAProfile":: null

2022-06-30 22:42:09 - [TEST_STEP][PASSED] - appName = findTestData(dataFile).getValue("AppNameQA", row): null

2022-06-30 22:42:09 - [TEST_STEP][PASSED] - appID = findTestData(dataFile).getValue("AppIDQA", row): null

2022-06-30 22:42:09 - [TEST_STEP][PASSED] - break: null

2022-06-30 22:42:09 - [TEST_STEP][PASSED] - if (ExecuteTC.equalsIgnoreCase("Y")): null

2022-06-30 22:42:09 - [TEST_STEP][PASSED] - out.println("Begin Record Number: " + row): null

2022-06-30 22:42:09 - [TEST_STEP][PASSED] - today = new java.util.Date(): null

2022-06-30 22:42:09 - [TEST_STEP][PASSED] - println(today): null

2022-06-30 22:42:09 - [TEST_STEP][PASSED] - datText = today: null

2022-06-30 22:42:09 - [TEST_STEP][PASSED] - adminSuiteBootstrap.loginFunctionality.login_AdminSuite(): adminSuiteBootstrap.loginFunctionality.login_AdminSuite is PASSED

2022-06-30 22:42:09 - [MESSAGE][INFO] - Starting 'Chrome' driver

2022-06-30 22:42:09 - [MESSAGE][INFO] - User set preference: ['acceptInsecureCerts', 'true']

2022-06-30 22:42:09 - [MESSAGE][INFO] - Action delay is set to 0 milliseconds

2022-06-30 22:42:12 - [MESSAGE][PASSED] - Browser is opened with url: 'https://qa.velocitypayment.com/admin/imtiaz'

2022-06-30 22:42:12 - [MESSAGE][PASSED] - Current window maximized

2022-06-30 22:42:13 - [MESSAGE][PASSED] - Object 'Object Repository/Login_Page/Login_Username' is present

2022-06-30 22:42:13 - [MESSAGE][PASSED] - Text 'iahmed' is set on object 'Object Repository/Login_Page/Login_Username'

2022-06-30 22:42:14 - [MESSAGE][PASSED] - Text 'hello2222' is set on object 'Object Repository/Login_Page/Login_Password'

2022-06-30 22:42:18 - [MESSAGE][PASSED] - Object: 'Object Repository/Login_Page/Login_Submit' is clicked on

2022-06-30 22:42:18 - [MESSAGE][PASSED] - adminSuiteBootstrap.loginFunctionality.login_AdminSuite is PASSED

2022-06-30 22:42:18 - [TEST_STEP][PASSED] - click(findTestObject(path_Dashboard + appName)): Object: 'Object Repository/AdminSuiteBootstrap_Pages/Dashboard_Bootstrap/a_Access AutoDualCFtpQA' is clicked on

2022-06-30 22:42:19 - [MESSAGE][PASSED] - Object: 'Object Repository/AdminSuiteBootstrap_Pages/Dashboard_Bootstrap/a_Access AutoDualCFtpQA' is clicked on

2022-06-30 22:42:19 - [TEST_STEP][PASSED] - click(findTestObject(path_VT + "a_Find Profile")): Object: 'Object Repository/AdminSuiteBootstrap_Pages/VT_Bootstrap/IssueTransactions/a_Find Profile' is clicked on

2022-06-30 22:42:19 - [MESSAGE][PASSED] - Object: 'Object Repository/AdminSuiteBootstrap_Pages/VT_Bootstrap/IssueTransactions/a_Find Profile' is clicked on

2022-06-30 22:42:19 - [TEST_STEP][PASSED] - criteria = <not implemented yet for class: org.codehaus.groovy.ast.expr.EmptyExpression>: null

2022-06-30 22:42:19 - [TEST_STEP][PASSED] - searchBy = <not implemented yet for class: org.codehaus.groovy.ast.expr.EmptyExpression>: null

2022-06-30 22:42:19 - [TEST_STEP][PASSED] - criteria = findTestData(dataFile).getValue("ProfileName", row): null

2022-06-30 22:42:19 - [TEST_STEP][PASSED] - path_SearchProfile = "Object Repository/AdminSuiteBootstrap_Pages/VSP_Bootstrap/SearchProfile/": null

2022-06-30 22:42:19 - [TEST_STEP][PASSED] - setText(findTestObject(path_SearchProfile + "input_Criteria"), criteria): Text 'PaymentsAmEx' is set on object 'Object Repository/AdminSuiteBootstrap_Pages/VSP_Bootstrap/SearchProfile/input_Criteria'

2022-06-30 22:42:20 - [MESSAGE][PASSED] - Text 'PaymentsAmEx' is set on object 'Object Repository/AdminSuiteBootstrap_Pages/VSP_Bootstrap/SearchProfile/input_Criteria'

2022-06-30 22:42:20 - [TEST_STEP][PASSED] - click(findTestObject(path_SearchProfile + "button_Search")): Object: 'Object Repository/AdminSuiteBootstrap_Pages/VSP_Bootstrap/SearchProfile/button_Search' is clicked on

2022-06-30 22:42:21 - [MESSAGE][PASSED] - Object: 'Object Repository/AdminSuiteBootstrap_Pages/VSP_Bootstrap/SearchProfile/button_Search' is clicked on

2022-06-30 22:42:21 - [TEST_STEP][PASSED] - profNameLink = findTestData(dataFile).getValue("ProfileNameLink", row): null

2022-06-30 22:42:21 - [TEST_STEP][PASSED] - click(findTestObject(path_ViewProfile + profNameLink)): Object: 'Object Repository/AdminSuiteBootstrap_Pages/VSP_Bootstrap/View Profile/a_PaymentsAmEx' is clicked on

2022-06-30 22:42:23 - [MESSAGE][PASSED] - Object: 'Object Repository/AdminSuiteBootstrap_Pages/VSP_Bootstrap/View Profile/a_PaymentsAmEx' is clicked on

2022-06-30 22:42:23 - [TEST_STEP][PASSED] - click(findTestObject(path_ViewProfile + "a_AuthCap")): Object: 'Object Repository/AdminSuiteBootstrap_Pages/VSP_Bootstrap/View Profile/a_AuthCap' is clicked on

2022-06-30 22:42:25 - [MESSAGE][PASSED] - Object: 'Object Repository/AdminSuiteBootstrap_Pages/VSP_Bootstrap/View Profile/a_AuthCap' is clicked on

2022-06-30 22:42:25 - [TEST_STEP][PASSED] - verifyTextPresent("Credit Card Authorization Capture", true): Text 'Credit Card Authorization Capture' is present on page  using regular expression

2022-06-30 22:42:26 - [MESSAGE][PASSED] - Text 'Credit Card Authorization Capture' is present on page  using regular expression

2022-06-30 22:42:26 - [TEST_STEP][PASSED] - verifyTextPresent("Sale", true): Text 'Sale' is present on page  using regular expression

2022-06-30 22:42:26 - [MESSAGE][PASSED] - Text 'Sale' is present on page  using regular expression

2022-06-30 22:42:26 - [TEST_STEP][PASSED] - verifyTextPresent("Required fields are highlighted with an asterisk", true): Text 'Required fields are highlighted with an asterisk' is present on page  using regular expression

2022-06-30 22:42:27 - [MESSAGE][PASSED] - Text 'Required fields are highlighted with an asterisk' is present on page  using regular expression

2022-06-30 22:42:27 - [TEST_STEP][PASSED] - verifyTextPresent("Remittance ID", true): Text 'Remittance ID' is present on page  using regular expression

2022-06-30 22:42:27 - [MESSAGE][PASSED] - Text 'Remittance ID' is present on page  using regular expression

2022-06-30 22:42:27 - [TEST_STEP][PASSED] - vspBootstrap.SalePage.setDataSaleAndAuth(row, dataFile): vspBootstrap.SalePage.setDataSaleAndAuth is PASSED

2022-06-30 22:42:29 - [MESSAGE][PASSED] - All options with value 'RETL' are selected in object 'Object Repository/AdminSuiteBootstrap_Pages/VSP_Bootstrap/VSP_Authcap/select_TransactionCategory'  using regular expression

2022-06-30 22:42:29 - [MESSAGE][PASSED] - Text '1234' is set on object 'Object Repository/AdminSuiteBootstrap_Pages/VSP_Bootstrap/VSP_Authcap/input_cvv'

2022-06-30 22:42:30 - [MESSAGE][PASSED] - Text '' is set on object 'Object Repository/AdminSuiteBootstrap_Pages/VSP_Bootstrap/VSP_Authcap/input_smsNumber'

2022-06-30 22:42:30 - [MESSAGE][PASSED] - Text '2.50' is set on object 'Object Repository/AdminSuiteBootstrap_Pages/VSP_Bootstrap/VSP_Authcap/input_amount'

2022-06-30 22:42:32 - [MESSAGE][PASSED] - Text 'Delhi' is set on object 'Object Repository/AdminSuiteBootstrap_Pages/VSP_Bootstrap/VSP_Authcap/input_userDefined1'

2022-06-30 22:42:32 - [MESSAGE][PASSED] - Text 'Chennai' is set on object 'Object Repository/AdminSuiteBootstrap_Pages/VSP_Bootstrap/VSP_Authcap/input_userDefined2'

2022-06-30 22:42:33 - [MESSAGE][PASSED] - Text 'Mumbai' is set on object 'Object Repository/AdminSuiteBootstrap_Pages/VSP_Bootstrap/VSP_Authcap/input_userDefined3'

2022-06-30 22:42:34 - [MESSAGE][PASSED] - Text 'Kanpur' is set on object 'Object Repository/AdminSuiteBootstrap_Pages/VSP_Bootstrap/VSP_Authcap/input_userDefined4'

2022-06-30 22:42:35 - [MESSAGE][PASSED] - All options with label 'Orange' are selected in object 'Object Repository/AdminSuiteBootstrap_Pages/VSP_Bootstrap/VSP_Authcap/select_UDF5'  using regular expression

2022-06-30 22:42:36 - [MESSAGE][PASSED] - All options with label 'Yellow' are selected in object 'Object Repository/AdminSuiteBootstrap_Pages/VSP_Bootstrap/VSP_Authcap/select_UDF6'  using regular expression

2022-06-30 22:42:36 - [MESSAGE][PASSED] - Text 'Kolkata' is set on object 'Object Repository/AdminSuiteBootstrap_Pages/VSP_Bootstrap/VSP_Authcap/input_userDefined7'

2022-06-30 22:42:37 - [MESSAGE][PASSED] - Text 'Pune' is set on object 'Object Repository/AdminSuiteBootstrap_Pages/VSP_Bootstrap/VSP_Authcap/input_userDefined8'

2022-06-30 22:42:38 - [MESSAGE][PASSED] - Text 'Bhavnagar' is set on object 'Object Repository/AdminSuiteBootstrap_Pages/VSP_Bootstrap/VSP_Authcap/input_userDefined9'

2022-06-30 22:42:38 - [MESSAGE][PASSED] - Text 'Noida' is set on object 'Object Repository/AdminSuiteBootstrap_Pages/VSP_Bootstrap/VSP_Authcap/input_userDefined10'

2022-06-30 22:42:41 - [MESSAGE][PASSED] - Object: 'Object Repository/AdminSuiteBootstrap_Pages/VSP_Bootstrap/VSP_Authcap/button_Submit' is clicked on

2022-06-30 22:42:41 - [MESSAGE][PASSED] - vspBootstrap.SalePage.setDataSaleAndAuth is PASSED

2022-06-30 22:42:41 - [TEST_STEP][PASSED] - verifyTextPresent("Transaction Successful", true): Text 'Transaction Successful' is present on page  using regular expression

2022-06-30 22:42:42 - [MESSAGE][PASSED] - Text 'Transaction Successful' is present on page  using regular expression

2022-06-30 22:42:42 - [TEST_STEP][PASSED] - verifyElementVisible(findTestObject("Object Repository/AdminSuiteBootstrap_Pages/VT_Bootstrap/Receipt/button_Continue")): Object 'Object Repository/AdminSuiteBootstrap_Pages/VT_Bootstrap/Receipt/button_Continue' is visible

2022-06-30 22:42:42 - [MESSAGE][PASSED] - Object 'Object Repository/AdminSuiteBootstrap_Pages/VT_Bootstrap/Receipt/button_Continue' is visible

2022-06-30 22:42:42 - [TEST_STEP][PASSED] - verifyElementPresent(findTestObject("Object Repository/AdminSuiteBootstrap_Pages/VT_Bootstrap/Receipt/button_Continue"), 20): Object 'Object Repository/AdminSuiteBootstrap_Pages/VT_Bootstrap/Receipt/button_Continue' is present

2022-06-30 22:42:43 - [MESSAGE][PASSED] - Object 'Object Repository/AdminSuiteBootstrap_Pages/VT_Bootstrap/Receipt/button_Continue' is present

2022-06-30 22:42:43 - [TEST_STEP][PASSED] - verifyElementVisible(findTestObject("Object Repository/AdminSuiteBootstrap_Pages/VT_Bootstrap/Receipt/button_Print")): Object 'Object Repository/AdminSuiteBootstrap_Pages/VT_Bootstrap/Receipt/button_Print' is visible

2022-06-30 22:42:43 - [MESSAGE][PASSED] - Object 'Object Repository/AdminSuiteBootstrap_Pages/VT_Bootstrap/Receipt/button_Print' is visible

2022-06-30 22:42:43 - [TEST_STEP][PASSED] - verifyElementPresent(findTestObject("Object Repository/AdminSuiteBootstrap_Pages/VT_Bootstrap/Receipt/button_Print"), 20): Object 'Object Repository/AdminSuiteBootstrap_Pages/VT_Bootstrap/Receipt/button_Print' is present

2022-06-30 22:42:43 - [MESSAGE][PASSED] - Object 'Object Repository/AdminSuiteBootstrap_Pages/VT_Bootstrap/Receipt/button_Print' is present

2022-06-30 22:42:43 - [TEST_STEP][PASSED] - verifyTextPresent("Remittance ID", true): Text 'Remittance ID' is present on page  using regular expression

2022-06-30 22:42:43 - [MESSAGE][PASSED] - Text 'Remittance ID' is present on page  using regular expression

2022-06-30 22:42:43 - [TEST_STEP][PASSED] - verifyTextPresent("Received", true): Text 'Received' is present on page  using regular expression

2022-06-30 22:42:44 - [MESSAGE][PASSED] - Text 'Received' is present on page  using regular expression

2022-06-30 22:42:44 - [TEST_STEP][PASSED] - verifyTextPresent("UDF1", true): Text 'UDF1' is present on page  using regular expression

2022-06-30 22:42:44 - [MESSAGE][PASSED] - Text 'UDF1' is present on page  using regular expression

2022-06-30 22:42:44 - [TEST_STEP][PASSED] - verifyTextPresent("UDF2", true): Text 'UDF2' is present on page  using regular expression

2022-06-30 22:42:44 - [MESSAGE][PASSED] - Text 'UDF2' is present on page  using regular expression

2022-06-30 22:42:44 - [TEST_STEP][PASSED] - verifyTextPresent("UDF3", true): Text 'UDF3' is present on page  using regular expression

2022-06-30 22:42:45 - [MESSAGE][PASSED] - Text 'UDF3' is present on page  using regular expression

2022-06-30 22:42:45 - [TEST_STEP][PASSED] - verifyTextPresent("UDF4", true): Text 'UDF4' is present on page  using regular expression

2022-06-30 22:42:45 - [MESSAGE][PASSED] - Text 'UDF4' is present on page  using regular expression

2022-06-30 22:42:45 - [TEST_STEP][PASSED] - verifyTextPresent("UDF5", true): Text 'UDF5' is present on page  using regular expression

2022-06-30 22:42:45 - [MESSAGE][PASSED] - Text 'UDF5' is present on page  using regular expression

2022-06-30 22:42:45 - [TEST_STEP][PASSED] - verifyTextPresent("UDF6", true): Text 'UDF6' is present on page  using regular expression

2022-06-30 22:42:46 - [MESSAGE][PASSED] - Text 'UDF6' is present on page  using regular expression

2022-06-30 22:42:46 - [TEST_STEP][PASSED] - verifyTextPresent("UDF7", true): Text 'UDF7' is present on page  using regular expression

2022-06-30 22:42:46 - [MESSAGE][PASSED] - Text 'UDF7' is present on page  using regular expression

2022-06-30 22:42:46 - [TEST_STEP][PASSED] - verifyTextPresent("UDF8", true): Text 'UDF8' is present on page  using regular expression

2022-06-30 22:42:46 - [MESSAGE][PASSED] - Text 'UDF8' is present on page  using regular expression

2022-06-30 22:42:46 - [TEST_STEP][PASSED] - verifyTextPresent("UDF9", true): Text 'UDF9' is present on page  using regular expression

2022-06-30 22:42:47 - [MESSAGE][PASSED] - Text 'UDF9' is present on page  using regular expression

2022-06-30 22:42:47 - [TEST_STEP][PASSED] - verifyTextPresent("UDF 10", true): Text 'UDF 10' is present on page  using regular expression

2022-06-30 22:42:47 - [MESSAGE][PASSED] - Text 'UDF 10' is present on page  using regular expression

2022-06-30 22:42:47 - [TEST_STEP][PASSED] - verifyTextPresent("Delhi", true): Text 'Delhi' is present on page  using regular expression

2022-06-30 22:42:47 - [MESSAGE][PASSED] - Text 'Delhi' is present on page  using regular expression

2022-06-30 22:42:47 - [TEST_STEP][PASSED] - verifyTextPresent("Chennai", true): Text 'Chennai' is present on page  using regular expression

2022-06-30 22:42:48 - [MESSAGE][PASSED] - Text 'Chennai' is present on page  using regular expression

2022-06-30 22:42:48 - [TEST_STEP][PASSED] - verifyTextPresent("Mumbai", true): Text 'Mumbai' is present on page  using regular expression

2022-06-30 22:42:48 - [MESSAGE][PASSED] - Text 'Mumbai' is present on page  using regular expression

2022-06-30 22:42:48 - [TEST_STEP][PASSED] - verifyTextPresent("Kanpur", true): Text 'Kanpur' is present on page  using regular expression

2022-06-30 22:42:48 - [MESSAGE][PASSED] - Text 'Kanpur' is present on page  using regular expression

2022-06-30 22:42:48 - [TEST_STEP][PASSED] - verifyTextPresent("Orange Recorded", true): Text 'Orange Recorded' is present on page  using regular expression

2022-06-30 22:42:49 - [MESSAGE][PASSED] - Text 'Orange Recorded' is present on page  using regular expression

2022-06-30 22:42:49 - [TEST_STEP][PASSED] - verifyTextPresent("Yellow Recorded", true): Text 'Yellow Recorded' is present on page  using regular expression

2022-06-30 22:42:49 - [MESSAGE][PASSED] - Text 'Yellow Recorded' is present on page  using regular expression

2022-06-30 22:42:49 - [TEST_STEP][PASSED] - verifyTextPresent("Kolkata", true): Text 'Kolkata' is present on page  using regular expression

2022-06-30 22:42:49 - [MESSAGE][PASSED] - Text 'Kolkata' is present on page  using regular expression

2022-06-30 22:42:49 - [TEST_STEP][PASSED] - verifyTextPresent("Pune", true): Text 'Pune' is present on page  using regular expression

2022-06-30 22:42:50 - [MESSAGE][PASSED] - Text 'Pune' is present on page  using regular expression

2022-06-30 22:42:50 - [TEST_STEP][PASSED] - verifyTextPresent("Bhavnagar", true): Text 'Bhavnagar' is present on page  using regular expression

2022-06-30 22:42:50 - [MESSAGE][PASSED] - Text 'Bhavnagar' is present on page  using regular expression

2022-06-30 22:42:50 - [TEST_STEP][PASSED] - verifyTextPresent("Noida", true): Text 'Noida' is present on page  using regular expression

2022-06-30 22:42:50 - [MESSAGE][PASSED] - Text 'Noida' is present on page  using regular expression

2022-06-30 22:42:50 - [TEST_STEP][PASSED] - verifyTextPresent("Amount", true): Text 'Amount' is present on page  using regular expression

2022-06-30 22:42:50 - [MESSAGE][PASSED] - Text 'Amount' is present on page  using regular expression

2022-06-30 22:42:50 - [TEST_STEP][PASSED] - verifyTextPresent("2.50", true): Text '2.50' is present on page  using regular expression

2022-06-30 22:42:51 - [MESSAGE][PASSED] - Text '2.50' is present on page  using regular expression

2022-06-30 22:42:51 - [TEST_STEP][PASSED] - verifyTextPresent("Authorization and Capture", true): Text 'Authorization and Capture' is present on page  using regular expression

2022-06-30 22:42:51 - [MESSAGE][PASSED] - Text 'Authorization and Capture' is present on page  using regular expression

2022-06-30 22:42:51 - [TEST_STEP][PASSED] - verifyTextPresent("Card Information", true): Text 'Card Information' is present on page  using regular expression

2022-06-30 22:42:51 - [MESSAGE][PASSED] - Text 'Card Information' is present on page  using regular expression

2022-06-30 22:42:51 - [TEST_STEP][PASSED] - verifyTextPresent("TANDON RAVENA", true): Text 'TANDON RAVENA' is present on page  using regular expression

2022-06-30 22:42:52 - [MESSAGE][PASSED] - Text 'TANDON RAVENA' is present on page  using regular expression

2022-06-30 22:42:52 - [TEST_STEP][PASSED] - verifyTextPresent("Address Line 1", true): Text 'Address Line 1' is present on page  using regular expression

2022-06-30 22:42:52 - [MESSAGE][PASSED] - Text 'Address Line 1' is present on page  using regular expression

2022-06-30 22:42:52 - [TEST_STEP][PASSED] - verifyTextPresent("Address Line 2", true): Text 'Address Line 2' is present on page  using regular expression

2022-06-30 22:42:52 - [MESSAGE][PASSED] - Text 'Address Line 2' is present on page  using regular expression

2022-06-30 22:42:52 - [TEST_STEP][PASSED] - verifyTextPresent("Country", true): Text 'Country' is present on page  using regular expression

2022-06-30 22:42:53 - [MESSAGE][PASSED] - Text 'Country' is present on page  using regular expression

2022-06-30 22:42:53 - [TEST_STEP][PASSED] - verifyTextPresent("City", true): Text 'City' is present on page  using regular expression

2022-06-30 22:42:53 - [MESSAGE][PASSED] - Text 'City' is present on page  using regular expression

2022-06-30 22:42:53 - [TEST_STEP][PASSED] - verifyTextPresent("State", true): Text 'State' is present on page  using regular expression

2022-06-30 22:42:53 - [MESSAGE][PASSED] - Text 'State' is present on page  using regular expression

2022-06-30 22:42:53 - [TEST_STEP][PASSED] - verifyTextPresent("ZIP Code", true): Text 'ZIP Code' is present on page  using regular expression

2022-06-30 22:42:54 - [MESSAGE][PASSED] - Text 'ZIP Code' is present on page  using regular expression

2022-06-30 22:42:54 - [TEST_STEP][PASSED] - verifyTextPresent("248 PhoolKaante road", true): Text '248 PhoolKaante road' is present on page  using regular expression

2022-06-30 22:42:54 - [MESSAGE][PASSED] - Text '248 PhoolKaante road' is present on page  using regular expression

2022-06-30 22:42:54 - [TEST_STEP][PASSED] - verifyTextPresent("Suite 678", true): Text 'Suite 678' is present on page  using regular expression

2022-06-30 22:42:54 - [MESSAGE][PASSED] - Text 'Suite 678' is present on page  using regular expression

2022-06-30 22:42:54 - [TEST_STEP][PASSED] - verifyTextPresent("United States", true): Text 'United States' is present on page  using regular expression

2022-06-30 22:42:54 - [MESSAGE][PASSED] - Text 'United States' is present on page  using regular expression

2022-06-30 22:42:54 - [TEST_STEP][PASSED] - verifyTextPresent("ARLINGTON", true): Text 'ARLINGTON' is present on page  using regular expression

2022-06-30 22:42:55 - [MESSAGE][PASSED] - Text 'ARLINGTON' is present on page  using regular expression

2022-06-30 22:42:55 - [TEST_STEP][PASSED] - verifyTextPresent("VA", true): Text 'VA' is present on page  using regular expression

2022-06-30 22:42:55 - [MESSAGE][PASSED] - Text 'VA' is present on page  using regular expression

2022-06-30 22:42:55 - [TEST_STEP][PASSED] - verifyTextPresent("22201", true): Text '22201' is present on page  using regular expression

2022-06-30 22:42:55 - [MESSAGE][PASSED] - Text '22201' is present on page  using regular expression

2022-06-30 22:42:55 - [TEST_STEP][PASSED] - cardTypeV = findTestData(dataFile).getValue("CardType", row): null

2022-06-30 22:42:55 - [TEST_STEP][PASSED] - last4V = findTestData(dataFile).getValue("Last4", row): null

2022-06-30 22:42:55 - [TEST_STEP][PASSED] - verifyTextPresent(cardTypeV, true): Text 'American Express' is present on page  using regular expression

2022-06-30 22:42:56 - [MESSAGE][PASSED] - Text 'American Express' is present on page  using regular expression

2022-06-30 22:42:56 - [TEST_STEP][PASSED] - verifyTextPresent(last4V, true): Text '2376' is present on page  using regular expression

2022-06-30 22:42:56 - [MESSAGE][PASSED] - Text '2376' is present on page  using regular expression

2022-06-30 22:42:56 - [TEST_STEP][PASSED] - switch (appName): null

2022-06-30 22:42:56 - [TEST_STEP][PASSED] - case "a_Access AutoDualCFtpQA":: null

2022-06-30 22:42:56 - [TEST_STEP][PASSED] - verifyTextPresent("5.00", true): Text '5.00' is present on page  using regular expression

2022-06-30 22:42:56 - [MESSAGE][PASSED] - Text '5.00' is present on page  using regular expression

2022-06-30 22:42:56 - [TEST_STEP][PASSED] - verifyTextPresent("Dual Transaction", true): Text 'Dual Transaction' is present on page  using regular expression

2022-06-30 22:42:57 - [MESSAGE][PASSED] - Text 'Dual Transaction' is present on page  using regular expression

2022-06-30 22:42:57 - [TEST_STEP][PASSED] - verifyTextPresent("7.50", true): Text '7.50' is present on page  using regular expression

2022-06-30 22:42:57 - [MESSAGE][PASSED] - Text '7.50' is present on page  using regular expression

2022-06-30 22:42:57 - [TEST_STEP][PASSED] - verifyTextPresent("Total Amount", true): Text 'Total Amount' is present on page  using regular expression

2022-06-30 22:42:58 - [MESSAGE][PASSED] - Text 'Total Amount' is present on page  using regular expression

2022-06-30 22:42:58 - [TEST_STEP][PASSED] - verifyTextPresent("Transaction Type", true): Text 'Transaction Type' is present on page  using regular expression

2022-06-30 22:42:58 - [MESSAGE][PASSED] - Text 'Transaction Type' is present on page  using regular expression

2022-06-30 22:42:58 - [TEST_STEP][PASSED] - break: null

2022-06-30 22:42:58 - [TEST_STEP][PASSED] - closeBrowser(): Browser is closed

2022-06-30 22:42:59 - [MESSAGE][PASSED] - Browser is closed

2022-06-30 22:42:59 - [TEST_STEP][PASSED] - ExecuteTC = findTestData(dataFile).getValue("Execute", row): null

2022-06-30 22:42:59 - [TEST_STEP][PASSED] - out.println("Value of Execute is : " + ExecuteTC): null

2022-06-30 22:42:59 - [TEST_STEP][PASSED] - switch (executionProfile): null

2022-06-30 22:42:59 - [TEST_STEP][PASSED] - case "QAProfile":: null

2022-06-30 22:42:59 - [TEST_STEP][PASSED] - appName = findTestData(dataFile).getValue("AppNameQA", row): null

2022-06-30 22:42:59 - [TEST_STEP][PASSED] - appID = findTestData(dataFile).getValue("AppIDQA", row): null

2022-06-30 22:42:59 - [TEST_STEP][PASSED] - break: null

2022-06-30 22:42:59 - [TEST_STEP][PASSED] - if (ExecuteTC.equalsIgnoreCase("Y")): null

2022-06-30 22:42:59 - [TEST_STEP][PASSED] - out.println("Begin Record Number: " + row): null

2022-06-30 22:42:59 - [TEST_STEP][PASSED] - today = new java.util.Date(): null

2022-06-30 22:42:59 - [TEST_STEP][PASSED] - println(today): null

2022-06-30 22:42:59 - [TEST_STEP][PASSED] - datText = today: null

2022-06-30 22:42:59 - [TEST_STEP][PASSED] - adminSuiteBootstrap.loginFunctionality.login_AdminSuite(): adminSuiteBootstrap.loginFunctionality.login_AdminSuite is PASSED

2022-06-30 22:42:59 - [MESSAGE][INFO] - Starting 'Chrome' driver

2022-06-30 22:42:59 - [MESSAGE][INFO] - User set preference: ['acceptInsecureCerts', 'true']

2022-06-30 22:42:59 - [MESSAGE][INFO] - Action delay is set to 0 milliseconds

2022-06-30 22:43:03 - [MESSAGE][PASSED] - Browser is opened with url: 'https://qa.velocitypayment.com/admin/imtiaz'

2022-06-30 22:43:03 - [MESSAGE][PASSED] - Current window maximized

2022-06-30 22:43:04 - [MESSAGE][PASSED] - Object 'Object Repository/Login_Page/Login_Username' is present

2022-06-30 22:43:04 - [MESSAGE][PASSED] - Text 'iahmed' is set on object 'Object Repository/Login_Page/Login_Username'

2022-06-30 22:43:05 - [MESSAGE][PASSED] - Text 'hello2222' is set on object 'Object Repository/Login_Page/Login_Password'

2022-06-30 22:43:10 - [MESSAGE][PASSED] - Object: 'Object Repository/Login_Page/Login_Submit' is clicked on

2022-06-30 22:43:10 - [MESSAGE][PASSED] - adminSuiteBootstrap.loginFunctionality.login_AdminSuite is PASSED

2022-06-30 22:43:10 - [TEST_STEP][PASSED] - click(findTestObject(path_Dashboard + appName)): Object: 'Object Repository/AdminSuiteBootstrap_Pages/Dashboard_Bootstrap/a_Access AutoDualCFtpQA' is clicked on

2022-06-30 22:43:11 - [MESSAGE][PASSED] - Object: 'Object Repository/AdminSuiteBootstrap_Pages/Dashboard_Bootstrap/a_Access AutoDualCFtpQA' is clicked on

2022-06-30 22:43:11 - [TEST_STEP][PASSED] - click(findTestObject(path_VT + "a_Find Profile")): Object: 'Object Repository/AdminSuiteBootstrap_Pages/VT_Bootstrap/IssueTransactions/a_Find Profile' is clicked on

2022-06-30 22:43:12 - [MESSAGE][PASSED] - Object: 'Object Repository/AdminSuiteBootstrap_Pages/VT_Bootstrap/IssueTransactions/a_Find Profile' is clicked on

2022-06-30 22:43:12 - [TEST_STEP][PASSED] - criteria = <not implemented yet for class: org.codehaus.groovy.ast.expr.EmptyExpression>: null

2022-06-30 22:43:12 - [TEST_STEP][PASSED] - searchBy = <not implemented yet for class: org.codehaus.groovy.ast.expr.EmptyExpression>: null

2022-06-30 22:43:12 - [TEST_STEP][PASSED] - criteria = findTestData(dataFile).getValue("ProfileName", row): null

2022-06-30 22:43:12 - [TEST_STEP][PASSED] - path_SearchProfile = "Object Repository/AdminSuiteBootstrap_Pages/VSP_Bootstrap/SearchProfile/": null

2022-06-30 22:43:12 - [TEST_STEP][PASSED] - setText(findTestObject(path_SearchProfile + "input_Criteria"), criteria): Text 'PaymentsDI' is set on object 'Object Repository/AdminSuiteBootstrap_Pages/VSP_Bootstrap/SearchProfile/input_Criteria'

2022-06-30 22:43:13 - [MESSAGE][PASSED] - Text 'PaymentsDI' is set on object 'Object Repository/AdminSuiteBootstrap_Pages/VSP_Bootstrap/SearchProfile/input_Criteria'

2022-06-30 22:43:13 - [TEST_STEP][PASSED] - click(findTestObject(path_SearchProfile + "button_Search")): Object: 'Object Repository/AdminSuiteBootstrap_Pages/VSP_Bootstrap/SearchProfile/button_Search' is clicked on

2022-06-30 22:43:14 - [MESSAGE][PASSED] - Object: 'Object Repository/AdminSuiteBootstrap_Pages/VSP_Bootstrap/SearchProfile/button_Search' is clicked on

2022-06-30 22:43:14 - [TEST_STEP][PASSED] - profNameLink = findTestData(dataFile).getValue("ProfileNameLink", row): null

2022-06-30 22:43:14 - [TEST_STEP][PASSED] - click(findTestObject(path_ViewProfile + profNameLink)): Object: 'Object Repository/AdminSuiteBootstrap_Pages/VSP_Bootstrap/View Profile/a_PaymentsDI' is clicked on

2022-06-30 22:43:16 - [MESSAGE][PASSED] - Object: 'Object Repository/AdminSuiteBootstrap_Pages/VSP_Bootstrap/View Profile/a_PaymentsDI' is clicked on

2022-06-30 22:43:16 - [TEST_STEP][PASSED] - click(findTestObject(path_ViewProfile + "a_AuthCap")): Object: 'Object Repository/AdminSuiteBootstrap_Pages/VSP_Bootstrap/View Profile/a_AuthCap' is clicked on

2022-06-30 22:43:19 - [MESSAGE][PASSED] - Object: 'Object Repository/AdminSuiteBootstrap_Pages/VSP_Bootstrap/View Profile/a_AuthCap' is clicked on

2022-06-30 22:43:19 - [TEST_STEP][PASSED] - verifyTextPresent("Credit Card Authorization Capture", true): Text 'Credit Card Authorization Capture' is present on page  using regular expression

2022-06-30 22:43:20 - [MESSAGE][PASSED] - Text 'Credit Card Authorization Capture' is present on page  using regular expression

2022-06-30 22:43:20 - [TEST_STEP][PASSED] - verifyTextPresent("Sale", true): Text 'Sale' is present on page  using regular expression

2022-06-30 22:43:20 - [MESSAGE][PASSED] - Text 'Sale' is present on page  using regular expression

2022-06-30 22:43:20 - [TEST_STEP][PASSED] - verifyTextPresent("Required fields are highlighted with an asterisk", true): Text 'Required fields are highlighted with an asterisk' is present on page  using regular expression

2022-06-30 22:43:20 - [MESSAGE][PASSED] - Text 'Required fields are highlighted with an asterisk' is present on page  using regular expression

2022-06-30 22:43:20 - [TEST_STEP][PASSED] - verifyTextPresent("Remittance ID", true): Text 'Remittance ID' is present on page  using regular expression

2022-06-30 22:43:21 - [MESSAGE][PASSED] - Text 'Remittance ID' is present on page  using regular expression

2022-06-30 22:43:21 - [TEST_STEP][PASSED] - vspBootstrap.SalePage.setDataSaleAndAuth(row, dataFile): vspBootstrap.SalePage.setDataSaleAndAuth is PASSED

2022-06-30 22:43:22 - [MESSAGE][PASSED] - All options with value 'RETL' are selected in object 'Object Repository/AdminSuiteBootstrap_Pages/VSP_Bootstrap/VSP_Authcap/select_TransactionCategory'  using regular expression

2022-06-30 22:43:23 - [MESSAGE][PASSED] - Text '123' is set on object 'Object Repository/AdminSuiteBootstrap_Pages/VSP_Bootstrap/VSP_Authcap/input_cvv'

2022-06-30 22:43:23 - [MESSAGE][PASSED] - Text '' is set on object 'Object Repository/AdminSuiteBootstrap_Pages/VSP_Bootstrap/VSP_Authcap/input_smsNumber'

2022-06-30 22:43:24 - [MESSAGE][PASSED] - Text '2.50' is set on object 'Object Repository/AdminSuiteBootstrap_Pages/VSP_Bootstrap/VSP_Authcap/input_amount'

2022-06-30 22:43:25 - [MESSAGE][PASSED] - Text 'Delhi' is set on object 'Object Repository/AdminSuiteBootstrap_Pages/VSP_Bootstrap/VSP_Authcap/input_userDefined1'

2022-06-30 22:43:26 - [MESSAGE][PASSED] - Text 'Chennai' is set on object 'Object Repository/AdminSuiteBootstrap_Pages/VSP_Bootstrap/VSP_Authcap/input_userDefined2'

2022-06-30 22:43:27 - [MESSAGE][PASSED] - Text 'Mumbai' is set on object 'Object Repository/AdminSuiteBootstrap_Pages/VSP_Bootstrap/VSP_Authcap/input_userDefined3'

2022-06-30 22:43:27 - [MESSAGE][PASSED] - Text 'Kanpur' is set on object 'Object Repository/AdminSuiteBootstrap_Pages/VSP_Bootstrap/VSP_Authcap/input_userDefined4'

2022-06-30 22:43:28 - [MESSAGE][PASSED] - All options with label 'Orange' are selected in object 'Object Repository/AdminSuiteBootstrap_Pages/VSP_Bootstrap/VSP_Authcap/select_UDF5'  using regular expression

2022-06-30 22:43:29 - [MESSAGE][PASSED] - All options with label 'Yellow' are selected in object 'Object Repository/AdminSuiteBootstrap_Pages/VSP_Bootstrap/VSP_Authcap/select_UDF6'  using regular expression

2022-06-30 22:43:30 - [MESSAGE][PASSED] - Text 'Kolkata' is set on object 'Object Repository/AdminSuiteBootstrap_Pages/VSP_Bootstrap/VSP_Authcap/input_userDefined7'

2022-06-30 22:43:31 - [MESSAGE][PASSED] - Text 'Pune' is set on object 'Object Repository/AdminSuiteBootstrap_Pages/VSP_Bootstrap/VSP_Authcap/input_userDefined8'

2022-06-30 22:43:31 - [MESSAGE][PASSED] - Text 'Bhavnagar' is set on object 'Object Repository/AdminSuiteBootstrap_Pages/VSP_Bootstrap/VSP_Authcap/input_userDefined9'

2022-06-30 22:43:32 - [MESSAGE][PASSED] - Text 'Noida' is set on object 'Object Repository/AdminSuiteBootstrap_Pages/VSP_Bootstrap/VSP_Authcap/input_userDefined10'

2022-06-30 22:43:34 - [MESSAGE][PASSED] - Object: 'Object Repository/AdminSuiteBootstrap_Pages/VSP_Bootstrap/VSP_Authcap/button_Submit' is clicked on

2022-06-30 22:43:34 - [MESSAGE][PASSED] - vspBootstrap.SalePage.setDataSaleAndAuth is PASSED

2022-06-30 22:43:34 - [TEST_STEP][PASSED] - verifyTextPresent("Transaction Successful", true): Text 'Transaction Successful' is present on page  using regular expression

2022-06-30 22:43:35 - [MESSAGE][PASSED] - Text 'Transaction Successful' is present on page  using regular expression

2022-06-30 22:43:35 - [TEST_STEP][PASSED] - verifyElementVisible(findTestObject("Object Repository/AdminSuiteBootstrap_Pages/VT_Bootstrap/Receipt/button_Continue")): Object 'Object Repository/AdminSuiteBootstrap_Pages/VT_Bootstrap/Receipt/button_Continue' is visible

2022-06-30 22:43:35 - [MESSAGE][PASSED] - Object 'Object Repository/AdminSuiteBootstrap_Pages/VT_Bootstrap/Receipt/button_Continue' is visible

2022-06-30 22:43:35 - [TEST_STEP][PASSED] - verifyElementPresent(findTestObject("Object Repository/AdminSuiteBootstrap_Pages/VT_Bootstrap/Receipt/button_Continue"), 20): Object 'Object Repository/AdminSuiteBootstrap_Pages/VT_Bootstrap/Receipt/button_Continue' is present

2022-06-30 22:43:36 - [MESSAGE][PASSED] - Object 'Object Repository/AdminSuiteBootstrap_Pages/VT_Bootstrap/Receipt/button_Continue' is present

2022-06-30 22:43:36 - [TEST_STEP][PASSED] - verifyElementVisible(findTestObject("Object Repository/AdminSuiteBootstrap_Pages/VT_Bootstrap/Receipt/button_Print")): Object 'Object Repository/AdminSuiteBootstrap_Pages/VT_Bootstrap/Receipt/button_Print' is visible

2022-06-30 22:43:36 - [MESSAGE][PASSED] - Object 'Object Repository/AdminSuiteBootstrap_Pages/VT_Bootstrap/Receipt/button_Print' is visible

2022-06-30 22:43:36 - [TEST_STEP][PASSED] - verifyElementPresent(findTestObject("Object Repository/AdminSuiteBootstrap_Pages/VT_Bootstrap/Receipt/button_Print"), 20): Object 'Object Repository/AdminSuiteBootstrap_Pages/VT_Bootstrap/Receipt/button_Print' is present

2022-06-30 22:43:36 - [MESSAGE][PASSED] - Object 'Object Repository/AdminSuiteBootstrap_Pages/VT_Bootstrap/Receipt/button_Print' is present

2022-06-30 22:43:36 - [TEST_STEP][PASSED] - verifyTextPresent("Remittance ID", true): Text 'Remittance ID' is present on page  using regular expression

2022-06-30 22:43:37 - [MESSAGE][PASSED] - Text 'Remittance ID' is present on page  using regular expression

2022-06-30 22:43:37 - [TEST_STEP][PASSED] - verifyTextPresent("Received", true): Text 'Received' is present on page  using regular expression

2022-06-30 22:43:37 - [MESSAGE][PASSED] - Text 'Received' is present on page  using regular expression

2022-06-30 22:43:37 - [TEST_STEP][PASSED] - verifyTextPresent("UDF1", true): Text 'UDF1' is present on page  using regular expression

2022-06-30 22:43:37 - [MESSAGE][PASSED] - Text 'UDF1' is present on page  using regular expression

2022-06-30 22:43:37 - [TEST_STEP][PASSED] - verifyTextPresent("UDF2", true): Text 'UDF2' is present on page  using regular expression

2022-06-30 22:43:38 - [MESSAGE][PASSED] - Text 'UDF2' is present on page  using regular expression

2022-06-30 22:43:38 - [TEST_STEP][PASSED] - verifyTextPresent("UDF3", true): Text 'UDF3' is present on page  using regular expression

2022-06-30 22:43:38 - [MESSAGE][PASSED] - Text 'UDF3' is present on page  using regular expression

2022-06-30 22:43:38 - [TEST_STEP][PASSED] - verifyTextPresent("UDF4", true): Text 'UDF4' is present on page  using regular expression

2022-06-30 22:43:38 - [MESSAGE][PASSED] - Text 'UDF4' is present on page  using regular expression

2022-06-30 22:43:38 - [TEST_STEP][PASSED] - verifyTextPresent("UDF5", true): Text 'UDF5' is present on page  using regular expression

2022-06-30 22:43:39 - [MESSAGE][PASSED] - Text 'UDF5' is present on page  using regular expression

2022-06-30 22:43:39 - [TEST_STEP][PASSED] - verifyTextPresent("UDF6", true): Text 'UDF6' is present on page  using regular expression

2022-06-30 22:43:39 - [MESSAGE][PASSED] - Text 'UDF6' is present on page  using regular expression

2022-06-30 22:43:39 - [TEST_STEP][PASSED] - verifyTextPresent("UDF7", true): Text 'UDF7' is present on page  using regular expression

2022-06-30 22:43:39 - [MESSAGE][PASSED] - Text 'UDF7' is present on page  using regular expression

2022-06-30 22:43:39 - [TEST_STEP][PASSED] - verifyTextPresent("UDF8", true): Text 'UDF8' is present on page  using regular expression

2022-06-30 22:43:40 - [MESSAGE][PASSED] - Text 'UDF8' is present on page  using regular expression

2022-06-30 22:43:40 - [TEST_STEP][PASSED] - verifyTextPresent("UDF9", true): Text 'UDF9' is present on page  using regular expression

2022-06-30 22:43:40 - [MESSAGE][PASSED] - Text 'UDF9' is present on page  using regular expression

2022-06-30 22:43:40 - [TEST_STEP][PASSED] - verifyTextPresent("UDF 10", true): Text 'UDF 10' is present on page  using regular expression

2022-06-30 22:43:40 - [MESSAGE][PASSED] - Text 'UDF 10' is present on page  using regular expression

2022-06-30 22:43:40 - [TEST_STEP][PASSED] - verifyTextPresent("Delhi", true): Text 'Delhi' is present on page  using regular expression

2022-06-30 22:43:41 - [MESSAGE][PASSED] - Text 'Delhi' is present on page  using regular expression

2022-06-30 22:43:41 - [TEST_STEP][PASSED] - verifyTextPresent("Chennai", true): Text 'Chennai' is present on page  using regular expression

2022-06-30 22:43:41 - [MESSAGE][PASSED] - Text 'Chennai' is present on page  using regular expression

2022-06-30 22:43:41 - [TEST_STEP][PASSED] - verifyTextPresent("Mumbai", true): Text 'Mumbai' is present on page  using regular expression

2022-06-30 22:43:41 - [MESSAGE][PASSED] - Text 'Mumbai' is present on page  using regular expression

2022-06-30 22:43:41 - [TEST_STEP][PASSED] - verifyTextPresent("Kanpur", true): Text 'Kanpur' is present on page  using regular expression

2022-06-30 22:43:42 - [MESSAGE][PASSED] - Text 'Kanpur' is present on page  using regular expression

2022-06-30 22:43:42 - [TEST_STEP][PASSED] - verifyTextPresent("Orange Recorded", true): Text 'Orange Recorded' is present on page  using regular expression

2022-06-30 22:43:42 - [MESSAGE][PASSED] - Text 'Orange Recorded' is present on page  using regular expression

2022-06-30 22:43:42 - [TEST_STEP][PASSED] - verifyTextPresent("Yellow Recorded", true): Text 'Yellow Recorded' is present on page  using regular expression

2022-06-30 22:43:42 - [MESSAGE][PASSED] - Text 'Yellow Recorded' is present on page  using regular expression

2022-06-30 22:43:42 - [TEST_STEP][PASSED] - verifyTextPresent("Kolkata", true): Text 'Kolkata' is present on page  using regular expression

2022-06-30 22:43:43 - [MESSAGE][PASSED] - Text 'Kolkata' is present on page  using regular expression

2022-06-30 22:43:43 - [TEST_STEP][PASSED] - verifyTextPresent("Pune", true): Text 'Pune' is present on page  using regular expression

2022-06-30 22:43:43 - [MESSAGE][PASSED] - Text 'Pune' is present on page  using regular expression

2022-06-30 22:43:43 - [TEST_STEP][PASSED] - verifyTextPresent("Bhavnagar", true): Text 'Bhavnagar' is present on page  using regular expression

2022-06-30 22:43:43 - [MESSAGE][PASSED] - Text 'Bhavnagar' is present on page  using regular expression

2022-06-30 22:43:43 - [TEST_STEP][PASSED] - verifyTextPresent("Noida", true): Text 'Noida' is present on page  using regular expression

2022-06-30 22:43:43 - [MESSAGE][PASSED] - Text 'Noida' is present on page  using regular expression

2022-06-30 22:43:43 - [TEST_STEP][PASSED] - verifyTextPresent("Amount", true): Text 'Amount' is present on page  using regular expression

2022-06-30 22:43:44 - [MESSAGE][PASSED] - Text 'Amount' is present on page  using regular expression

2022-06-30 22:43:44 - [TEST_STEP][PASSED] - verifyTextPresent("2.50", true): Text '2.50' is present on page  using regular expression

2022-06-30 22:43:44 - [MESSAGE][PASSED] - Text '2.50' is present on page  using regular expression

2022-06-30 22:43:44 - [TEST_STEP][PASSED] - verifyTextPresent("Authorization and Capture", true): Text 'Authorization and Capture' is present on page  using regular expression

2022-06-30 22:43:44 - [MESSAGE][PASSED] - Text 'Authorization and Capture' is present on page  using regular expression

2022-06-30 22:43:44 - [TEST_STEP][PASSED] - verifyTextPresent("Card Information", true): Text 'Card Information' is present on page  using regular expression

2022-06-30 22:43:45 - [MESSAGE][PASSED] - Text 'Card Information' is present on page  using regular expression

2022-06-30 22:43:45 - [TEST_STEP][PASSED] - verifyTextPresent("TANDON RAVENA", true): Text 'TANDON RAVENA' is present on page  using regular expression

2022-06-30 22:43:45 - [MESSAGE][PASSED] - Text 'TANDON RAVENA' is present on page  using regular expression

2022-06-30 22:43:45 - [TEST_STEP][PASSED] - verifyTextPresent("Address Line 1", true): Text 'Address Line 1' is present on page  using regular expression

2022-06-30 22:43:45 - [MESSAGE][PASSED] - Text 'Address Line 1' is present on page  using regular expression

2022-06-30 22:43:45 - [TEST_STEP][PASSED] - verifyTextPresent("Address Line 2", true): Text 'Address Line 2' is present on page  using regular expression

2022-06-30 22:43:46 - [MESSAGE][PASSED] - Text 'Address Line 2' is present on page  using regular expression

2022-06-30 22:43:46 - [TEST_STEP][PASSED] - verifyTextPresent("Country", true): Text 'Country' is present on page  using regular expression

2022-06-30 22:43:46 - [MESSAGE][PASSED] - Text 'Country' is present on page  using regular expression

2022-06-30 22:43:46 - [TEST_STEP][PASSED] - verifyTextPresent("City", true): Text 'City' is present on page  using regular expression

2022-06-30 22:43:46 - [MESSAGE][PASSED] - Text 'City' is present on page  using regular expression

2022-06-30 22:43:46 - [TEST_STEP][PASSED] - verifyTextPresent("State", true): Text 'State' is present on page  using regular expression

2022-06-30 22:43:47 - [MESSAGE][PASSED] - Text 'State' is present on page  using regular expression

2022-06-30 22:43:47 - [TEST_STEP][PASSED] - verifyTextPresent("ZIP Code", true): Text 'ZIP Code' is present on page  using regular expression

2022-06-30 22:43:47 - [MESSAGE][PASSED] - Text 'ZIP Code' is present on page  using regular expression

2022-06-30 22:43:47 - [TEST_STEP][PASSED] - verifyTextPresent("248 PhoolKaante road", true): Text '248 PhoolKaante road' is present on page  using regular expression

2022-06-30 22:43:47 - [MESSAGE][PASSED] - Text '248 PhoolKaante road' is present on page  using regular expression

2022-06-30 22:43:47 - [TEST_STEP][PASSED] - verifyTextPresent("Suite 678", true): Text 'Suite 678' is present on page  using regular expression

2022-06-30 22:43:48 - [MESSAGE][PASSED] - Text 'Suite 678' is present on page  using regular expression

2022-06-30 22:43:48 - [TEST_STEP][PASSED] - verifyTextPresent("United States", true): Text 'United States' is present on page  using regular expression

2022-06-30 22:43:48 - [MESSAGE][PASSED] - Text 'United States' is present on page  using regular expression

2022-06-30 22:43:48 - [TEST_STEP][PASSED] - verifyTextPresent("ARLINGTON", true): Text 'ARLINGTON' is present on page  using regular expression

2022-06-30 22:43:48 - [MESSAGE][PASSED] - Text 'ARLINGTON' is present on page  using regular expression

2022-06-30 22:43:48 - [TEST_STEP][PASSED] - verifyTextPresent("VA", true): Text 'VA' is present on page  using regular expression

2022-06-30 22:43:49 - [MESSAGE][PASSED] - Text 'VA' is present on page  using regular expression

2022-06-30 22:43:49 - [TEST_STEP][PASSED] - verifyTextPresent("22201", true): Text '22201' is present on page  using regular expression

2022-06-30 22:43:49 - [MESSAGE][PASSED] - Text '22201' is present on page  using regular expression

2022-06-30 22:43:49 - [TEST_STEP][PASSED] - cardTypeV = findTestData(dataFile).getValue("CardType", row): null

2022-06-30 22:43:49 - [TEST_STEP][PASSED] - last4V = findTestData(dataFile).getValue("Last4", row): null

2022-06-30 22:43:49 - [TEST_STEP][PASSED] - verifyTextPresent(cardTypeV, true): Text 'Discover' is present on page  using regular expression

2022-06-30 22:43:49 - [MESSAGE][PASSED] - Text 'Discover' is present on page  using regular expression

2022-06-30 22:43:49 - [TEST_STEP][PASSED] - verifyTextPresent(last4V, true): Text '6909' is present on page  using regular expression

2022-06-30 22:43:50 - [MESSAGE][PASSED] - Text '6909' is present on page  using regular expression

2022-06-30 22:43:50 - [TEST_STEP][PASSED] - switch (appName): null

2022-06-30 22:43:50 - [TEST_STEP][PASSED] - case "a_Access AutoDualCFtpQA":: null

2022-06-30 22:43:50 - [TEST_STEP][PASSED] - verifyTextPresent("5.00", true): Text '5.00' is present on page  using regular expression

2022-06-30 22:43:50 - [MESSAGE][PASSED] - Text '5.00' is present on page  using regular expression

2022-06-30 22:43:50 - [TEST_STEP][PASSED] - verifyTextPresent("Dual Transaction", true): Text 'Dual Transaction' is present on page  using regular expression

2022-06-30 22:43:50 - [MESSAGE][PASSED] - Text 'Dual Transaction' is present on page  using regular expression

2022-06-30 22:43:50 - [TEST_STEP][PASSED] - verifyTextPresent("7.50", true): Text '7.50' is present on page  using regular expression

2022-06-30 22:43:51 - [MESSAGE][PASSED] - Text '7.50' is present on page  using regular expression

2022-06-30 22:43:51 - [TEST_STEP][PASSED] - verifyTextPresent("Total Amount", true): Text 'Total Amount' is present on page  using regular expression

2022-06-30 22:43:51 - [MESSAGE][PASSED] - Text 'Total Amount' is present on page  using regular expression

2022-06-30 22:43:51 - [TEST_STEP][PASSED] - verifyTextPresent("Transaction Type", true): Text 'Transaction Type' is present on page  using regular expression

2022-06-30 22:43:51 - [MESSAGE][PASSED] - Text 'Transaction Type' is present on page  using regular expression

2022-06-30 22:43:51 - [TEST_STEP][PASSED] - break: null

2022-06-30 22:43:51 - [TEST_STEP][PASSED] - closeBrowser(): Browser is closed

2022-06-30 22:43:52 - [MESSAGE][PASSED] - Browser is closed]]></system-out>
         <system-err><![CDATA[2022-06-30 22:03:35 - [TEST_CASE][FAILED] - Test Cases/Admin Suite Bootstrap/VSP_Payments_TestCases/Sale_TP_AllCF_Generic_Payment_TC: Test Cases/Admin Suite Bootstrap/VSP_Payments_TestCases/Sale_TP_AllCF_Generic_Payment_TC FAILED.
Reason:
com.kms.katalon.core.exception.StepFailedException: Text 'Transaction Successful' is not present on page  using regular expression (Root cause: com.kms.katalon.core.exception.StepFailedException: Text 'Transaction Successful' is not present on page  using regular expression
	at com.kms.katalon.core.webui.keyword.internal.WebUIKeywordMain.stepFailed(WebUIKeywordMain.groovy:64)
	at com.kms.katalon.core.webui.keyword.builtin.VerifyTextPresentKeyword$_verifyTextPresent_closure1.doCall(VerifyTextPresentKeyword.groovy:79)
	at com.kms.katalon.core.webui.keyword.builtin.VerifyTextPresentKeyword$_verifyTextPresent_closure1.call(VerifyTextPresentKeyword.groovy)
	at com.kms.katalon.core.webui.keyword.internal.WebUIKeywordMain.runKeyword(WebUIKeywordMain.groovy:20)
	at com.kms.katalon.core.webui.keyword.builtin.VerifyTextPresentKeyword.verifyTextPresent(VerifyTextPresentKeyword.groovy:83)
	at com.kms.katalon.core.webui.keyword.builtin.VerifyTextPresentKeyword.execute(VerifyTextPresentKeyword.groovy:68)
	at com.kms.katalon.core.keyword.internal.KeywordExecutor.executeKeywordForPlatform(KeywordExecutor.groovy:74)
	at com.kms.katalon.core.webui.keyword.WebUiBuiltInKeywords.verifyTextPresent(WebUiBuiltInKeywords.groovy:1723)
	at com.kms.katalon.core.webui.keyword.WebUiBuiltInKeywords$verifyTextPresent$4.call(Unknown Source)
	at Sale_TP_AllCF_Generic_Payment_TC.run(Sale_TP_AllCF_Generic_Payment_TC:134)
	at com.kms.katalon.core.main.ScriptEngine.run(ScriptEngine.java:194)
	at com.kms.katalon.core.main.ScriptEngine.runScriptAsRawText(ScriptEngine.java:119)
	at com.kms.katalon.core.main.TestCaseExecutor.runScript(TestCaseExecutor.java:442)
	at com.kms.katalon.core.main.TestCaseExecutor.doExecute(TestCaseExecutor.java:433)
	at com.kms.katalon.core.main.TestCaseExecutor.processExecutionPhase(TestCaseExecutor.java:412)
	at com.kms.katalon.core.main.TestCaseExecutor.accessMainPhase(TestCaseExecutor.java:404)
	at com.kms.katalon.core.main.TestCaseExecutor.execute(TestCaseExecutor.java:281)
	at com.kms.katalon.core.main.TestSuiteExecutor.accessTestCaseMainPhase(TestSuiteExecutor.java:202)
	at com.kms.katalon.core.main.TestSuiteExecutor.accessTestSuiteMainPhase(TestSuiteExecutor.java:164)
	at com.kms.katalon.core.main.TestSuiteExecutor.execute(TestSuiteExecutor.java:105)
	at com.kms.katalon.core.main.TestCaseMain.startTestSuite(TestCaseMain.java:185)
	at com.kms.katalon.core.main.TestCaseMain$startTestSuite$0.call(Unknown Source)
	at TempTestSuite1656640997204.run(TempTestSuite1656640997204.groovy:36)
)
	at com.kms.katalon.core.keyword.internal.KeywordMain.stepFailed(KeywordMain.groovy:39)
	at com.kms.katalon.core.webui.keyword.internal.WebUIKeywordMain.stepFailed(WebUIKeywordMain.groovy:64)
	at com.kms.katalon.core.webui.keyword.builtin.VerifyTextPresentKeyword$_verifyTextPresent_closure1.doCall(VerifyTextPresentKeyword.groovy:79)
	at com.kms.katalon.core.webui.keyword.builtin.VerifyTextPresentKeyword$_verifyTextPresent_closure1.call(VerifyTextPresentKeyword.groovy)
	at com.kms.katalon.core.webui.keyword.internal.WebUIKeywordMain.runKeyword(WebUIKeywordMain.groovy:20)
	at com.kms.katalon.core.webui.keyword.builtin.VerifyTextPresentKeyword.verifyTextPresent(VerifyTextPresentKeyword.groovy:83)
	at com.kms.katalon.core.webui.keyword.builtin.VerifyTextPresentKeyword.execute(VerifyTextPresentKeyword.groovy:68)
	at com.kms.katalon.core.keyword.internal.KeywordExecutor.executeKeywordForPlatform(KeywordExecutor.groovy:74)
	at com.kms.katalon.core.webui.keyword.WebUiBuiltInKeywords.verifyTextPresent(WebUiBuiltInKeywords.groovy:1723)
	at com.kms.katalon.core.webui.keyword.WebUiBuiltInKeywords$verifyTextPresent$4.call(Unknown Source)
	at Sale_TP_AllCF_Generic_Payment_TC.run(Sale_TP_AllCF_Generic_Payment_TC:134)
	at com.kms.katalon.core.main.ScriptEngine.run(ScriptEngine.java:194)
	at com.kms.katalon.core.main.ScriptEngine.runScriptAsRawText(ScriptEngine.java:119)
	at com.kms.katalon.core.main.TestCaseExecutor.runScript(TestCaseExecutor.java:442)
	at com.kms.katalon.core.main.TestCaseExecutor.doExecute(TestCaseExecutor.java:433)
	at com.kms.katalon.core.main.TestCaseExecutor.processExecutionPhase(TestCaseExecutor.java:412)
	at com.kms.katalon.core.main.TestCaseExecutor.accessMainPhase(TestCaseExecutor.java:404)
	at com.kms.katalon.core.main.TestCaseExecutor.execute(TestCaseExecutor.java:281)
	at com.kms.katalon.core.main.TestSuiteExecutor.accessTestCaseMainPhase(TestSuiteExecutor.java:202)
	at com.kms.katalon.core.main.TestSuiteExecutor.accessTestSuiteMainPhase(TestSuiteExecutor.java:164)
	at com.kms.katalon.core.main.TestSuiteExecutor.execute(TestSuiteExecutor.java:105)
	at com.kms.katalon.core.main.TestCaseMain.startTestSuite(TestCaseMain.java:185)
	at com.kms.katalon.core.main.TestCaseMain$startTestSuite$0.call(Unknown Source)
	at TempTestSuite1656640997204.run(TempTestSuite1656640997204.groovy:36)
Caused by: com.kms.katalon.core.exception.StepFailedException: Text 'Transaction Successful' is not present on page  using regular expression
	... 23 more]]></system-err>
      </testcase>
      <testcase name="Test Cases/Admin Suite Bootstrap/VSP_Payments_TestCases/AuthOnly_TP_AllCF_Generic_Payment_TC" time="156.104" classname="Test Cases/Admin Suite Bootstrap/VSP_Payments_TestCases/AuthOnly_TP_AllCF_Generic_Payment_TC" status="PASSED">
         <system-out><![CDATA[2022-06-30 22:43:52 - [TEST_CASE][PASSED] - Test Cases/Admin Suite Bootstrap/VSP_Payments_TestCases/AuthOnly_TP_AllCF_Generic_Payment_TC: Test Cases/Admin Suite Bootstrap/VSP_Payments_TestCases/AuthOnly_TP_AllCF_Generic_Payment_TC

2022-06-30 22:43:53 - [TEST_STEP][PASSED] - path_Dashboard = "Object Repository/AdminSuiteBootstrap_Pages/Dashboard_Bootstrap/": null

2022-06-30 22:43:53 - [TEST_STEP][PASSED] - path_VT = "Object Repository/AdminSuiteBootstrap_Pages/VT_Bootstrap/IssueTransactions/": null

2022-06-30 22:43:53 - [TEST_STEP][PASSED] - path_CreateProfile = "Object Repository/AdminSuiteBootstrap_Pages/VSP_Bootstrap/CreateProfile/": null

2022-06-30 22:43:53 - [TEST_STEP][PASSED] - path_AddAccount = "Object Repository/AdminSuiteBootstrap_Pages/VSP_Bootstrap/AddAccount/": null

2022-06-30 22:43:53 - [TEST_STEP][PASSED] - path_Add_ACH = "Object Repository/AdminSuiteBootstrap_Pages/VSP_Bootstrap/AddACH/": null

2022-06-30 22:43:53 - [TEST_STEP][PASSED] - path_Add_CC = "Object Repository/AdminSuiteBootstrap_Pages/VSP_Bootstrap/AddCreditCard/": null

2022-06-30 22:43:53 - [TEST_STEP][PASSED] - path_App_Plan = "Object Repository/AdminSuiteBootstrap_Pages/VSP_Bootstrap/AddPaymentPlan/": null

2022-06-30 22:43:53 - [TEST_STEP][PASSED] - path_DeleteProfile = "Object Repository/AdminSuiteBootstrap_Pages/VSP_Bootstrap/DeleteProfile/": null

2022-06-30 22:43:53 - [TEST_STEP][PASSED] - path_ModifyProfile = "Object Repository/AdminSuiteBootstrap_Pages/VSP_Bootstrap/ModifyProfile/": null

2022-06-30 22:43:53 - [TEST_STEP][PASSED] - path_ViewProfile = "Object Repository/AdminSuiteBootstrap_Pages/VSP_Bootstrap/View Profile/": null

2022-06-30 22:43:53 - [TEST_STEP][PASSED] - path_VSPAuth = "Object Repository/AdminSuiteBootstrap_Pages/VSP_Bootstrap/VSP_Auth/": null

2022-06-30 22:43:53 - [TEST_STEP][PASSED] - path_VSPAuthCap = "Object Repository/AdminSuiteBootstrap_Pages/VSP_Bootstrap/VSP_Authcap/": null

2022-06-30 22:43:53 - [TEST_STEP][PASSED] - path_Debit = "Object Repository/AdminSuiteBootstrap_Pages/VSP_Bootstrap/VSP_Debit/": null

2022-06-30 22:43:53 - [TEST_STEP][PASSED] - path_DeleteProfileConfirm = "Object Repository/AdminSuiteBootstrap_Pages/VSP_Bootstrap/DeleteProfileConfirm/": null

2022-06-30 22:43:53 - [TEST_STEP][PASSED] - executionProfile = getExecutionProfile(): null

2022-06-30 22:43:53 - [TEST_STEP][PASSED] - out.println("executionProfile : " + executionProfile): null

2022-06-30 22:43:53 - [TEST_STEP][PASSED] - appName = <not implemented yet for class: org.codehaus.groovy.ast.expr.EmptyExpression>: null

2022-06-30 22:43:53 - [TEST_STEP][PASSED] - appID = <not implemented yet for class: org.codehaus.groovy.ast.expr.EmptyExpression>: null

2022-06-30 22:43:53 - [TEST_STEP][PASSED] - cardNameV = <not implemented yet for class: org.codehaus.groovy.ast.expr.EmptyExpression>: null

2022-06-30 22:43:53 - [TEST_STEP][PASSED] - al1V = <not implemented yet for class: org.codehaus.groovy.ast.expr.EmptyExpression>: null

2022-06-30 22:43:53 - [TEST_STEP][PASSED] - al2V = <not implemented yet for class: org.codehaus.groovy.ast.expr.EmptyExpression>: null

2022-06-30 22:43:53 - [TEST_STEP][PASSED] - zipV = <not implemented yet for class: org.codehaus.groovy.ast.expr.EmptyExpression>: null

2022-06-30 22:43:53 - [TEST_STEP][PASSED] - cardTypeV = <not implemented yet for class: org.codehaus.groovy.ast.expr.EmptyExpression>: null

2022-06-30 22:43:53 - [TEST_STEP][PASSED] - last4V = <not implemented yet for class: org.codehaus.groovy.ast.expr.EmptyExpression>: null

2022-06-30 22:43:53 - [TEST_STEP][PASSED] - nameSheet = "CC-Payments-Auth": null

2022-06-30 22:43:53 - [TEST_STEP][PASSED] - numOfRows = findTestData("QA/Bootstrap/VSP-Payments-TestData/CC-Payments-Auth").getRowNumbers(): null

2022-06-30 22:43:53 - [TEST_STEP][PASSED] - println("Number of Records: " + numOfRows): null

2022-06-30 22:43:53 - [TEST_STEP][PASSED] - dataFile = "QA/Bootstrap/VSP-Payments-TestData/CC-Payments-Auth": null

2022-06-30 22:43:53 - [TEST_STEP][PASSED] - for ([row = 1, row <= numOfRows, (row++)]): Browser is closed

2022-06-30 22:43:53 - [TEST_STEP][PASSED] - ExecuteTC = findTestData(dataFile).getValue("Execute", row): null

2022-06-30 22:43:53 - [TEST_STEP][PASSED] - out.println("Value of Execute is : " + ExecuteTC): null

2022-06-30 22:43:53 - [TEST_STEP][PASSED] - switch (executionProfile): null

2022-06-30 22:43:53 - [TEST_STEP][PASSED] - case "QAProfile":: null

2022-06-30 22:43:53 - [TEST_STEP][PASSED] - appName = findTestData(dataFile).getValue("AppNameQA", row): null

2022-06-30 22:43:53 - [TEST_STEP][PASSED] - appID = findTestData(dataFile).getValue("AppIDQA", row): null

2022-06-30 22:43:53 - [TEST_STEP][PASSED] - break: null

2022-06-30 22:43:53 - [TEST_STEP][PASSED] - if (ExecuteTC.equalsIgnoreCase("Y")): null

2022-06-30 22:43:53 - [TEST_STEP][PASSED] - out.println("Begin Record Number: " + row): null

2022-06-30 22:43:53 - [TEST_STEP][PASSED] - today = new java.util.Date(): null

2022-06-30 22:43:53 - [TEST_STEP][PASSED] - println(today): null

2022-06-30 22:43:53 - [TEST_STEP][PASSED] - datText = today: null

2022-06-30 22:43:53 - [TEST_STEP][PASSED] - adminSuiteBootstrap.loginFunctionality.login_AdminSuite(): adminSuiteBootstrap.loginFunctionality.login_AdminSuite is PASSED

2022-06-30 22:43:53 - [MESSAGE][INFO] - Starting 'Chrome' driver

2022-06-30 22:43:53 - [MESSAGE][INFO] - User set preference: ['acceptInsecureCerts', 'true']

2022-06-30 22:43:53 - [MESSAGE][INFO] - Action delay is set to 0 milliseconds

2022-06-30 22:43:57 - [MESSAGE][PASSED] - Browser is opened with url: 'https://qa.velocitypayment.com/admin/imtiaz'

2022-06-30 22:43:57 - [MESSAGE][PASSED] - Current window maximized

2022-06-30 22:43:58 - [MESSAGE][PASSED] - Object 'Object Repository/Login_Page/Login_Username' is present

2022-06-30 22:43:58 - [MESSAGE][PASSED] - Text 'iahmed' is set on object 'Object Repository/Login_Page/Login_Username'

2022-06-30 22:43:59 - [MESSAGE][PASSED] - Text 'hello2222' is set on object 'Object Repository/Login_Page/Login_Password'

2022-06-30 22:44:04 - [MESSAGE][PASSED] - Object: 'Object Repository/Login_Page/Login_Submit' is clicked on

2022-06-30 22:44:04 - [MESSAGE][PASSED] - adminSuiteBootstrap.loginFunctionality.login_AdminSuite is PASSED

2022-06-30 22:44:04 - [TEST_STEP][PASSED] - click(findTestObject(path_Dashboard + appName)): Object: 'Object Repository/AdminSuiteBootstrap_Pages/Dashboard_Bootstrap/a_Access AutoNoCFtp' is clicked on

2022-06-30 22:44:06 - [MESSAGE][PASSED] - Object: 'Object Repository/AdminSuiteBootstrap_Pages/Dashboard_Bootstrap/a_Access AutoNoCFtp' is clicked on

2022-06-30 22:44:06 - [TEST_STEP][PASSED] - click(findTestObject(path_VT + "a_Find Profile")): Object: 'Object Repository/AdminSuiteBootstrap_Pages/VT_Bootstrap/IssueTransactions/a_Find Profile' is clicked on

2022-06-30 22:44:06 - [MESSAGE][PASSED] - Object: 'Object Repository/AdminSuiteBootstrap_Pages/VT_Bootstrap/IssueTransactions/a_Find Profile' is clicked on

2022-06-30 22:44:06 - [TEST_STEP][PASSED] - criteria = <not implemented yet for class: org.codehaus.groovy.ast.expr.EmptyExpression>: null

2022-06-30 22:44:06 - [TEST_STEP][PASSED] - searchBy = <not implemented yet for class: org.codehaus.groovy.ast.expr.EmptyExpression>: null

2022-06-30 22:44:06 - [TEST_STEP][PASSED] - criteria = findTestData(dataFile).getValue("ProfileName", row): null

2022-06-30 22:44:06 - [TEST_STEP][PASSED] - path_SearchProfile = "Object Repository/AdminSuiteBootstrap_Pages/VSP_Bootstrap/SearchProfile/": null

2022-06-30 22:44:06 - [TEST_STEP][PASSED] - setText(findTestObject(path_SearchProfile + "input_Criteria"), criteria): Text 'PaymentsVisa' is set on object 'Object Repository/AdminSuiteBootstrap_Pages/VSP_Bootstrap/SearchProfile/input_Criteria'

2022-06-30 22:44:07 - [MESSAGE][PASSED] - Text 'PaymentsVisa' is set on object 'Object Repository/AdminSuiteBootstrap_Pages/VSP_Bootstrap/SearchProfile/input_Criteria'

2022-06-30 22:44:07 - [TEST_STEP][PASSED] - click(findTestObject(path_SearchProfile + "button_Search")): Object: 'Object Repository/AdminSuiteBootstrap_Pages/VSP_Bootstrap/SearchProfile/button_Search' is clicked on

2022-06-30 22:44:09 - [MESSAGE][PASSED] - Object: 'Object Repository/AdminSuiteBootstrap_Pages/VSP_Bootstrap/SearchProfile/button_Search' is clicked on

2022-06-30 22:44:09 - [TEST_STEP][PASSED] - profNameLink = findTestData(dataFile).getValue("ProfileNameLink", row): null

2022-06-30 22:44:09 - [TEST_STEP][PASSED] - click(findTestObject(path_ViewProfile + profNameLink)): Object: 'Object Repository/AdminSuiteBootstrap_Pages/VSP_Bootstrap/View Profile/a_PaymentsVisa' is clicked on

2022-06-30 22:44:13 - [MESSAGE][PASSED] - Object: 'Object Repository/AdminSuiteBootstrap_Pages/VSP_Bootstrap/View Profile/a_PaymentsVisa' is clicked on

2022-06-30 22:44:13 - [TEST_STEP][PASSED] - click(findTestObject(path_ViewProfile + "a_Auth")): Object: 'Object Repository/AdminSuiteBootstrap_Pages/VSP_Bootstrap/View Profile/a_Auth' is clicked on

2022-06-30 22:44:14 - [MESSAGE][PASSED] - Object: 'Object Repository/AdminSuiteBootstrap_Pages/VSP_Bootstrap/View Profile/a_Auth' is clicked on

2022-06-30 22:44:14 - [TEST_STEP][PASSED] - verifyTextPresent("Credit Card Authorization", true): Text 'Credit Card Authorization' is present on page  using regular expression

2022-06-30 22:44:15 - [MESSAGE][PASSED] - Text 'Credit Card Authorization' is present on page  using regular expression

2022-06-30 22:44:15 - [TEST_STEP][PASSED] - verifyTextPresent("Required fields are highlighted with an asterisk", true): Text 'Required fields are highlighted with an asterisk' is present on page  using regular expression

2022-06-30 22:44:16 - [MESSAGE][PASSED] - Text 'Required fields are highlighted with an asterisk' is present on page  using regular expression

2022-06-30 22:44:16 - [TEST_STEP][PASSED] - verifyTextPresent("Remittance ID", true): Text 'Remittance ID' is present on page  using regular expression

2022-06-30 22:44:16 - [MESSAGE][PASSED] - Text 'Remittance ID' is present on page  using regular expression

2022-06-30 22:44:16 - [TEST_STEP][PASSED] - vspBootstrap.SalePage.setDataSaleAndAuth(row, dataFile): vspBootstrap.SalePage.setDataSaleAndAuth is PASSED

2022-06-30 22:44:17 - [MESSAGE][PASSED] - All options with value 'MOTO' are selected in object 'Object Repository/AdminSuiteBootstrap_Pages/VSP_Bootstrap/VSP_Authcap/select_TransactionCategory'  using regular expression

2022-06-30 22:44:18 - [MESSAGE][PASSED] - Text '123' is set on object 'Object Repository/AdminSuiteBootstrap_Pages/VSP_Bootstrap/VSP_Authcap/input_cvv'

2022-06-30 22:44:19 - [MESSAGE][PASSED] - Text '' is set on object 'Object Repository/AdminSuiteBootstrap_Pages/VSP_Bootstrap/VSP_Authcap/input_smsNumber'

2022-06-30 22:44:19 - [MESSAGE][PASSED] - Text '2.50' is set on object 'Object Repository/AdminSuiteBootstrap_Pages/VSP_Bootstrap/VSP_Authcap/input_amount'

2022-06-30 22:44:20 - [MESSAGE][PASSED] - Text 'Delhi' is set on object 'Object Repository/AdminSuiteBootstrap_Pages/VSP_Bootstrap/VSP_Authcap/input_userDefined1'

2022-06-30 22:44:21 - [MESSAGE][PASSED] - Text 'Chennai' is set on object 'Object Repository/AdminSuiteBootstrap_Pages/VSP_Bootstrap/VSP_Authcap/input_userDefined2'

2022-06-30 22:44:21 - [MESSAGE][PASSED] - Text 'Mumbai' is set on object 'Object Repository/AdminSuiteBootstrap_Pages/VSP_Bootstrap/VSP_Authcap/input_userDefined3'

2022-06-30 22:44:22 - [MESSAGE][PASSED] - Text 'Kanpur' is set on object 'Object Repository/AdminSuiteBootstrap_Pages/VSP_Bootstrap/VSP_Authcap/input_userDefined4'

2022-06-30 22:44:23 - [MESSAGE][PASSED] - All options with label 'Orange' are selected in object 'Object Repository/AdminSuiteBootstrap_Pages/VSP_Bootstrap/VSP_Authcap/select_UDF5'  using regular expression

2022-06-30 22:44:24 - [MESSAGE][PASSED] - All options with label 'Yellow' are selected in object 'Object Repository/AdminSuiteBootstrap_Pages/VSP_Bootstrap/VSP_Authcap/select_UDF6'  using regular expression

2022-06-30 22:44:24 - [MESSAGE][PASSED] - Text 'Kolkata' is set on object 'Object Repository/AdminSuiteBootstrap_Pages/VSP_Bootstrap/VSP_Authcap/input_userDefined7'

2022-06-30 22:44:25 - [MESSAGE][PASSED] - Text 'Pune' is set on object 'Object Repository/AdminSuiteBootstrap_Pages/VSP_Bootstrap/VSP_Authcap/input_userDefined8'

2022-06-30 22:44:26 - [MESSAGE][PASSED] - Text 'Bhavnagar' is set on object 'Object Repository/AdminSuiteBootstrap_Pages/VSP_Bootstrap/VSP_Authcap/input_userDefined9'

2022-06-30 22:44:26 - [MESSAGE][PASSED] - Text 'Noida' is set on object 'Object Repository/AdminSuiteBootstrap_Pages/VSP_Bootstrap/VSP_Authcap/input_userDefined10'

2022-06-30 22:44:28 - [MESSAGE][PASSED] - Object: 'Object Repository/AdminSuiteBootstrap_Pages/VSP_Bootstrap/VSP_Authcap/button_Submit' is clicked on

2022-06-30 22:44:28 - [MESSAGE][PASSED] - vspBootstrap.SalePage.setDataSaleAndAuth is PASSED

2022-06-30 22:44:28 - [TEST_STEP][PASSED] - verifyTextPresent("Transaction Successful", true): Text 'Transaction Successful' is present on page  using regular expression

2022-06-30 22:44:29 - [MESSAGE][PASSED] - Text 'Transaction Successful' is present on page  using regular expression

2022-06-30 22:44:29 - [TEST_STEP][PASSED] - verifyElementVisible(findTestObject("Object Repository/AdminSuiteBootstrap_Pages/VT_Bootstrap/Receipt/button_Continue")): Object 'Object Repository/AdminSuiteBootstrap_Pages/VT_Bootstrap/Receipt/button_Continue' is visible

2022-06-30 22:44:29 - [MESSAGE][PASSED] - Object 'Object Repository/AdminSuiteBootstrap_Pages/VT_Bootstrap/Receipt/button_Continue' is visible

2022-06-30 22:44:29 - [TEST_STEP][PASSED] - verifyElementPresent(findTestObject("Object Repository/AdminSuiteBootstrap_Pages/VT_Bootstrap/Receipt/button_Continue"), 20): Object 'Object Repository/AdminSuiteBootstrap_Pages/VT_Bootstrap/Receipt/button_Continue' is present

2022-06-30 22:44:30 - [MESSAGE][PASSED] - Object 'Object Repository/AdminSuiteBootstrap_Pages/VT_Bootstrap/Receipt/button_Continue' is present

2022-06-30 22:44:30 - [TEST_STEP][PASSED] - verifyElementVisible(findTestObject("Object Repository/AdminSuiteBootstrap_Pages/VT_Bootstrap/Receipt/button_Print")): Object 'Object Repository/AdminSuiteBootstrap_Pages/VT_Bootstrap/Receipt/button_Print' is visible

2022-06-30 22:44:30 - [MESSAGE][PASSED] - Object 'Object Repository/AdminSuiteBootstrap_Pages/VT_Bootstrap/Receipt/button_Print' is visible

2022-06-30 22:44:30 - [TEST_STEP][PASSED] - verifyElementPresent(findTestObject("Object Repository/AdminSuiteBootstrap_Pages/VT_Bootstrap/Receipt/button_Print"), 20): Object 'Object Repository/AdminSuiteBootstrap_Pages/VT_Bootstrap/Receipt/button_Print' is present

2022-06-30 22:44:30 - [MESSAGE][PASSED] - Object 'Object Repository/AdminSuiteBootstrap_Pages/VT_Bootstrap/Receipt/button_Print' is present

2022-06-30 22:44:30 - [TEST_STEP][PASSED] - verifyTextPresent("Remittance ID", true): Text 'Remittance ID' is present on page  using regular expression

2022-06-30 22:44:31 - [MESSAGE][PASSED] - Text 'Remittance ID' is present on page  using regular expression

2022-06-30 22:44:31 - [TEST_STEP][PASSED] - verifyTextPresent("Received", true): Text 'Received' is present on page  using regular expression

2022-06-30 22:44:31 - [MESSAGE][PASSED] - Text 'Received' is present on page  using regular expression

2022-06-30 22:44:31 - [TEST_STEP][PASSED] - verifyTextPresent("UDF1", true): Text 'UDF1' is present on page  using regular expression

2022-06-30 22:44:31 - [MESSAGE][PASSED] - Text 'UDF1' is present on page  using regular expression

2022-06-30 22:44:31 - [TEST_STEP][PASSED] - verifyTextPresent("UDF2", true): Text 'UDF2' is present on page  using regular expression

2022-06-30 22:44:31 - [MESSAGE][PASSED] - Text 'UDF2' is present on page  using regular expression

2022-06-30 22:44:31 - [TEST_STEP][PASSED] - verifyTextPresent("UDF3", true): Text 'UDF3' is present on page  using regular expression

2022-06-30 22:44:32 - [MESSAGE][PASSED] - Text 'UDF3' is present on page  using regular expression

2022-06-30 22:44:32 - [TEST_STEP][PASSED] - verifyTextPresent("UDF4", true): Text 'UDF4' is present on page  using regular expression

2022-06-30 22:44:32 - [MESSAGE][PASSED] - Text 'UDF4' is present on page  using regular expression

2022-06-30 22:44:32 - [TEST_STEP][PASSED] - verifyTextPresent("UDF5", true): Text 'UDF5' is present on page  using regular expression

2022-06-30 22:44:32 - [MESSAGE][PASSED] - Text 'UDF5' is present on page  using regular expression

2022-06-30 22:44:32 - [TEST_STEP][PASSED] - verifyTextPresent("UDF6", true): Text 'UDF6' is present on page  using regular expression

2022-06-30 22:44:33 - [MESSAGE][PASSED] - Text 'UDF6' is present on page  using regular expression

2022-06-30 22:44:33 - [TEST_STEP][PASSED] - verifyTextPresent("UDF7", true): Text 'UDF7' is present on page  using regular expression

2022-06-30 22:44:33 - [MESSAGE][PASSED] - Text 'UDF7' is present on page  using regular expression

2022-06-30 22:44:33 - [TEST_STEP][PASSED] - verifyTextPresent("UDF8", true): Text 'UDF8' is present on page  using regular expression

2022-06-30 22:44:33 - [MESSAGE][PASSED] - Text 'UDF8' is present on page  using regular expression

2022-06-30 22:44:33 - [TEST_STEP][PASSED] - verifyTextPresent("UDF9", true): Text 'UDF9' is present on page  using regular expression

2022-06-30 22:44:34 - [MESSAGE][PASSED] - Text 'UDF9' is present on page  using regular expression

2022-06-30 22:44:34 - [TEST_STEP][PASSED] - verifyTextPresent("UDF 10", true): Text 'UDF 10' is present on page  using regular expression

2022-06-30 22:44:34 - [MESSAGE][PASSED] - Text 'UDF 10' is present on page  using regular expression

2022-06-30 22:44:34 - [TEST_STEP][PASSED] - verifyTextPresent("Delhi", true): Text 'Delhi' is present on page  using regular expression

2022-06-30 22:44:34 - [MESSAGE][PASSED] - Text 'Delhi' is present on page  using regular expression

2022-06-30 22:44:34 - [TEST_STEP][PASSED] - verifyTextPresent("Chennai", true): Text 'Chennai' is present on page  using regular expression

2022-06-30 22:44:35 - [MESSAGE][PASSED] - Text 'Chennai' is present on page  using regular expression

2022-06-30 22:44:35 - [TEST_STEP][PASSED] - verifyTextPresent("Mumbai", true): Text 'Mumbai' is present on page  using regular expression

2022-06-30 22:44:35 - [MESSAGE][PASSED] - Text 'Mumbai' is present on page  using regular expression

2022-06-30 22:44:35 - [TEST_STEP][PASSED] - verifyTextPresent("Kanpur", true): Text 'Kanpur' is present on page  using regular expression

2022-06-30 22:44:35 - [MESSAGE][PASSED] - Text 'Kanpur' is present on page  using regular expression

2022-06-30 22:44:35 - [TEST_STEP][PASSED] - verifyTextPresent("Orange Recorded", true): Text 'Orange Recorded' is present on page  using regular expression

2022-06-30 22:44:36 - [MESSAGE][PASSED] - Text 'Orange Recorded' is present on page  using regular expression

2022-06-30 22:44:36 - [TEST_STEP][PASSED] - verifyTextPresent("Yellow Recorded", true): Text 'Yellow Recorded' is present on page  using regular expression

2022-06-30 22:44:36 - [MESSAGE][PASSED] - Text 'Yellow Recorded' is present on page  using regular expression

2022-06-30 22:44:36 - [TEST_STEP][PASSED] - verifyTextPresent("Kolkata", true): Text 'Kolkata' is present on page  using regular expression

2022-06-30 22:44:36 - [MESSAGE][PASSED] - Text 'Kolkata' is present on page  using regular expression

2022-06-30 22:44:36 - [TEST_STEP][PASSED] - verifyTextPresent("Pune", true): Text 'Pune' is present on page  using regular expression

2022-06-30 22:44:37 - [MESSAGE][PASSED] - Text 'Pune' is present on page  using regular expression

2022-06-30 22:44:37 - [TEST_STEP][PASSED] - verifyTextPresent("Bhavnagar", true): Text 'Bhavnagar' is present on page  using regular expression

2022-06-30 22:44:37 - [MESSAGE][PASSED] - Text 'Bhavnagar' is present on page  using regular expression

2022-06-30 22:44:37 - [TEST_STEP][PASSED] - verifyTextPresent("Noida", true): Text 'Noida' is present on page  using regular expression

2022-06-30 22:44:37 - [MESSAGE][PASSED] - Text 'Noida' is present on page  using regular expression

2022-06-30 22:44:37 - [TEST_STEP][PASSED] - verifyTextPresent("Amount", true): Text 'Amount' is present on page  using regular expression

2022-06-30 22:44:38 - [MESSAGE][PASSED] - Text 'Amount' is present on page  using regular expression

2022-06-30 22:44:38 - [TEST_STEP][PASSED] - verifyTextPresent("2.50", true): Text '2.50' is present on page  using regular expression

2022-06-30 22:44:38 - [MESSAGE][PASSED] - Text '2.50' is present on page  using regular expression

2022-06-30 22:44:38 - [TEST_STEP][PASSED] - verifyTextPresent("Authorization", true): Text 'Authorization' is present on page  using regular expression

2022-06-30 22:44:38 - [MESSAGE][PASSED] - Text 'Authorization' is present on page  using regular expression

2022-06-30 22:44:38 - [TEST_STEP][PASSED] - verifyTextPresent("Card Information", true): Text 'Card Information' is present on page  using regular expression

2022-06-30 22:44:39 - [MESSAGE][PASSED] - Text 'Card Information' is present on page  using regular expression

2022-06-30 22:44:39 - [TEST_STEP][PASSED] - verifyTextPresent("TANDON RAVENA", true): Text 'TANDON RAVENA' is present on page  using regular expression

2022-06-30 22:44:39 - [MESSAGE][PASSED] - Text 'TANDON RAVENA' is present on page  using regular expression

2022-06-30 22:44:39 - [TEST_STEP][PASSED] - verifyTextPresent("Address Line 1", true): Text 'Address Line 1' is present on page  using regular expression

2022-06-30 22:44:39 - [MESSAGE][PASSED] - Text 'Address Line 1' is present on page  using regular expression

2022-06-30 22:44:39 - [TEST_STEP][PASSED] - verifyTextPresent("Address Line 2", true): Text 'Address Line 2' is present on page  using regular expression

2022-06-30 22:44:40 - [MESSAGE][PASSED] - Text 'Address Line 2' is present on page  using regular expression

2022-06-30 22:44:40 - [TEST_STEP][PASSED] - verifyTextPresent("Country", true): Text 'Country' is present on page  using regular expression

2022-06-30 22:44:40 - [MESSAGE][PASSED] - Text 'Country' is present on page  using regular expression

2022-06-30 22:44:40 - [TEST_STEP][PASSED] - verifyTextPresent("City", true): Text 'City' is present on page  using regular expression

2022-06-30 22:44:40 - [MESSAGE][PASSED] - Text 'City' is present on page  using regular expression

2022-06-30 22:44:40 - [TEST_STEP][PASSED] - verifyTextPresent("State", true): Text 'State' is present on page  using regular expression

2022-06-30 22:44:41 - [MESSAGE][PASSED] - Text 'State' is present on page  using regular expression

2022-06-30 22:44:41 - [TEST_STEP][PASSED] - verifyTextPresent("ZIP Code", true): Text 'ZIP Code' is present on page  using regular expression

2022-06-30 22:44:41 - [MESSAGE][PASSED] - Text 'ZIP Code' is present on page  using regular expression

2022-06-30 22:44:41 - [TEST_STEP][PASSED] - verifyTextPresent("248 PhoolKaante road", true): Text '248 PhoolKaante road' is present on page  using regular expression

2022-06-30 22:44:41 - [MESSAGE][PASSED] - Text '248 PhoolKaante road' is present on page  using regular expression

2022-06-30 22:44:41 - [TEST_STEP][PASSED] - verifyTextPresent("Suite 678", true): Text 'Suite 678' is present on page  using regular expression

2022-06-30 22:44:42 - [MESSAGE][PASSED] - Text 'Suite 678' is present on page  using regular expression

2022-06-30 22:44:42 - [TEST_STEP][PASSED] - verifyTextPresent("United States", true): Text 'United States' is present on page  using regular expression

2022-06-30 22:44:42 - [MESSAGE][PASSED] - Text 'United States' is present on page  using regular expression

2022-06-30 22:44:42 - [TEST_STEP][PASSED] - verifyTextPresent("ARLINGTON", true): Text 'ARLINGTON' is present on page  using regular expression

2022-06-30 22:44:42 - [MESSAGE][PASSED] - Text 'ARLINGTON' is present on page  using regular expression

2022-06-30 22:44:42 - [TEST_STEP][PASSED] - verifyTextPresent("VA", true): Text 'VA' is present on page  using regular expression

2022-06-30 22:44:43 - [MESSAGE][PASSED] - Text 'VA' is present on page  using regular expression

2022-06-30 22:44:43 - [TEST_STEP][PASSED] - verifyTextPresent("22201", true): Text '22201' is present on page  using regular expression

2022-06-30 22:44:43 - [MESSAGE][PASSED] - Text '22201' is present on page  using regular expression

2022-06-30 22:44:43 - [TEST_STEP][PASSED] - cardTypeV = findTestData(dataFile).getValue("CardType", row): null

2022-06-30 22:44:43 - [TEST_STEP][PASSED] - last4V = findTestData(dataFile).getValue("Last4", row): null

2022-06-30 22:44:43 - [TEST_STEP][PASSED] - verifyTextPresent(cardTypeV, true): Text 'Visa' is present on page  using regular expression

2022-06-30 22:44:43 - [MESSAGE][PASSED] - Text 'Visa' is present on page  using regular expression

2022-06-30 22:44:43 - [TEST_STEP][PASSED] - verifyTextPresent(last4V, true): Text '5439' is present on page  using regular expression

2022-06-30 22:44:44 - [MESSAGE][PASSED] - Text '5439' is present on page  using regular expression

2022-06-30 22:44:44 - [TEST_STEP][PASSED] - switch (appName): null

2022-06-30 22:44:44 - [TEST_STEP][PASSED] - closeBrowser(): Browser is closed

2022-06-30 22:44:45 - [MESSAGE][PASSED] - Browser is closed

2022-06-30 22:44:45 - [TEST_STEP][PASSED] - ExecuteTC = findTestData(dataFile).getValue("Execute", row): null

2022-06-30 22:44:45 - [TEST_STEP][PASSED] - out.println("Value of Execute is : " + ExecuteTC): null

2022-06-30 22:44:45 - [TEST_STEP][PASSED] - switch (executionProfile): null

2022-06-30 22:44:45 - [TEST_STEP][PASSED] - case "QAProfile":: null

2022-06-30 22:44:45 - [TEST_STEP][PASSED] - appName = findTestData(dataFile).getValue("AppNameQA", row): null

2022-06-30 22:44:45 - [TEST_STEP][PASSED] - appID = findTestData(dataFile).getValue("AppIDQA", row): null

2022-06-30 22:44:45 - [TEST_STEP][PASSED] - break: null

2022-06-30 22:44:45 - [TEST_STEP][PASSED] - if (ExecuteTC.equalsIgnoreCase("Y")): null

2022-06-30 22:44:45 - [TEST_STEP][PASSED] - closeBrowser(): Browser is closed

2022-06-30 22:44:45 - [MESSAGE][PASSED] - Browser is closed

2022-06-30 22:44:45 - [TEST_STEP][PASSED] - ExecuteTC = findTestData(dataFile).getValue("Execute", row): null

2022-06-30 22:44:45 - [TEST_STEP][PASSED] - out.println("Value of Execute is : " + ExecuteTC): null

2022-06-30 22:44:45 - [TEST_STEP][PASSED] - switch (executionProfile): null

2022-06-30 22:44:45 - [TEST_STEP][PASSED] - case "QAProfile":: null

2022-06-30 22:44:45 - [TEST_STEP][PASSED] - appName = findTestData(dataFile).getValue("AppNameQA", row): null

2022-06-30 22:44:45 - [TEST_STEP][PASSED] - appID = findTestData(dataFile).getValue("AppIDQA", row): null

2022-06-30 22:44:45 - [TEST_STEP][PASSED] - break: null

2022-06-30 22:44:45 - [TEST_STEP][PASSED] - if (ExecuteTC.equalsIgnoreCase("Y")): null

2022-06-30 22:44:45 - [TEST_STEP][PASSED] - closeBrowser(): Browser is closed

2022-06-30 22:44:45 - [MESSAGE][PASSED] - Browser is closed

2022-06-30 22:44:45 - [TEST_STEP][PASSED] - ExecuteTC = findTestData(dataFile).getValue("Execute", row): null

2022-06-30 22:44:45 - [TEST_STEP][PASSED] - out.println("Value of Execute is : " + ExecuteTC): null

2022-06-30 22:44:45 - [TEST_STEP][PASSED] - switch (executionProfile): null

2022-06-30 22:44:45 - [TEST_STEP][PASSED] - case "QAProfile":: null

2022-06-30 22:44:45 - [TEST_STEP][PASSED] - appName = findTestData(dataFile).getValue("AppNameQA", row): null

2022-06-30 22:44:45 - [TEST_STEP][PASSED] - appID = findTestData(dataFile).getValue("AppIDQA", row): null

2022-06-30 22:44:45 - [TEST_STEP][PASSED] - break: null

2022-06-30 22:44:45 - [TEST_STEP][PASSED] - if (ExecuteTC.equalsIgnoreCase("Y")): null

2022-06-30 22:44:45 - [TEST_STEP][PASSED] - closeBrowser(): Browser is closed

2022-06-30 22:44:45 - [MESSAGE][PASSED] - Browser is closed

2022-06-30 22:44:45 - [TEST_STEP][PASSED] - ExecuteTC = findTestData(dataFile).getValue("Execute", row): null

2022-06-30 22:44:45 - [TEST_STEP][PASSED] - out.println("Value of Execute is : " + ExecuteTC): null

2022-06-30 22:44:45 - [TEST_STEP][PASSED] - switch (executionProfile): null

2022-06-30 22:44:45 - [TEST_STEP][PASSED] - case "QAProfile":: null

2022-06-30 22:44:45 - [TEST_STEP][PASSED] - appName = findTestData(dataFile).getValue("AppNameQA", row): null

2022-06-30 22:44:45 - [TEST_STEP][PASSED] - appID = findTestData(dataFile).getValue("AppIDQA", row): null

2022-06-30 22:44:45 - [TEST_STEP][PASSED] - break: null

2022-06-30 22:44:45 - [TEST_STEP][PASSED] - if (ExecuteTC.equalsIgnoreCase("Y")): null

2022-06-30 22:44:45 - [TEST_STEP][PASSED] - closeBrowser(): Browser is closed

2022-06-30 22:44:45 - [MESSAGE][PASSED] - Browser is closed

2022-06-30 22:44:45 - [TEST_STEP][PASSED] - ExecuteTC = findTestData(dataFile).getValue("Execute", row): null

2022-06-30 22:44:45 - [TEST_STEP][PASSED] - out.println("Value of Execute is : " + ExecuteTC): null

2022-06-30 22:44:45 - [TEST_STEP][PASSED] - switch (executionProfile): null

2022-06-30 22:44:45 - [TEST_STEP][PASSED] - case "QAProfile":: null

2022-06-30 22:44:45 - [TEST_STEP][PASSED] - appName = findTestData(dataFile).getValue("AppNameQA", row): null

2022-06-30 22:44:45 - [TEST_STEP][PASSED] - appID = findTestData(dataFile).getValue("AppIDQA", row): null

2022-06-30 22:44:45 - [TEST_STEP][PASSED] - break: null

2022-06-30 22:44:45 - [TEST_STEP][PASSED] - if (ExecuteTC.equalsIgnoreCase("Y")): null

2022-06-30 22:44:45 - [TEST_STEP][PASSED] - closeBrowser(): Browser is closed

2022-06-30 22:44:45 - [MESSAGE][PASSED] - Browser is closed

2022-06-30 22:44:45 - [TEST_STEP][PASSED] - ExecuteTC = findTestData(dataFile).getValue("Execute", row): null

2022-06-30 22:44:46 - [TEST_STEP][PASSED] - out.println("Value of Execute is : " + ExecuteTC): null

2022-06-30 22:44:46 - [TEST_STEP][PASSED] - switch (executionProfile): null

2022-06-30 22:44:46 - [TEST_STEP][PASSED] - case "QAProfile":: null

2022-06-30 22:44:46 - [TEST_STEP][PASSED] - appName = findTestData(dataFile).getValue("AppNameQA", row): null

2022-06-30 22:44:46 - [TEST_STEP][PASSED] - appID = findTestData(dataFile).getValue("AppIDQA", row): null

2022-06-30 22:44:46 - [TEST_STEP][PASSED] - break: null

2022-06-30 22:44:46 - [TEST_STEP][PASSED] - if (ExecuteTC.equalsIgnoreCase("Y")): null

2022-06-30 22:44:46 - [TEST_STEP][PASSED] - closeBrowser(): Browser is closed

2022-06-30 22:44:46 - [MESSAGE][PASSED] - Browser is closed

2022-06-30 22:44:46 - [TEST_STEP][PASSED] - ExecuteTC = findTestData(dataFile).getValue("Execute", row): null

2022-06-30 22:44:46 - [TEST_STEP][PASSED] - out.println("Value of Execute is : " + ExecuteTC): null

2022-06-30 22:44:46 - [TEST_STEP][PASSED] - switch (executionProfile): null

2022-06-30 22:44:46 - [TEST_STEP][PASSED] - case "QAProfile":: null

2022-06-30 22:44:46 - [TEST_STEP][PASSED] - appName = findTestData(dataFile).getValue("AppNameQA", row): null

2022-06-30 22:44:46 - [TEST_STEP][PASSED] - appID = findTestData(dataFile).getValue("AppIDQA", row): null

2022-06-30 22:44:46 - [TEST_STEP][PASSED] - break: null

2022-06-30 22:44:46 - [TEST_STEP][PASSED] - if (ExecuteTC.equalsIgnoreCase("Y")): null

2022-06-30 22:44:46 - [TEST_STEP][PASSED] - closeBrowser(): Browser is closed

2022-06-30 22:44:46 - [MESSAGE][PASSED] - Browser is closed

2022-06-30 22:44:46 - [TEST_STEP][PASSED] - ExecuteTC = findTestData(dataFile).getValue("Execute", row): null

2022-06-30 22:44:46 - [TEST_STEP][PASSED] - out.println("Value of Execute is : " + ExecuteTC): null

2022-06-30 22:44:46 - [TEST_STEP][PASSED] - switch (executionProfile): null

2022-06-30 22:44:46 - [TEST_STEP][PASSED] - case "QAProfile":: null

2022-06-30 22:44:46 - [TEST_STEP][PASSED] - appName = findTestData(dataFile).getValue("AppNameQA", row): null

2022-06-30 22:44:46 - [TEST_STEP][PASSED] - appID = findTestData(dataFile).getValue("AppIDQA", row): null

2022-06-30 22:44:46 - [TEST_STEP][PASSED] - break: null

2022-06-30 22:44:46 - [TEST_STEP][PASSED] - if (ExecuteTC.equalsIgnoreCase("Y")): null

2022-06-30 22:44:46 - [TEST_STEP][PASSED] - out.println("Begin Record Number: " + row): null

2022-06-30 22:44:46 - [TEST_STEP][PASSED] - today = new java.util.Date(): null

2022-06-30 22:44:46 - [TEST_STEP][PASSED] - println(today): null

2022-06-30 22:44:46 - [TEST_STEP][PASSED] - datText = today: null

2022-06-30 22:44:46 - [TEST_STEP][PASSED] - adminSuiteBootstrap.loginFunctionality.login_AdminSuite(): adminSuiteBootstrap.loginFunctionality.login_AdminSuite is PASSED

2022-06-30 22:44:46 - [MESSAGE][INFO] - Starting 'Chrome' driver

2022-06-30 22:44:46 - [MESSAGE][INFO] - User set preference: ['acceptInsecureCerts', 'true']

2022-06-30 22:44:46 - [MESSAGE][INFO] - Action delay is set to 0 milliseconds

2022-06-30 22:44:50 - [MESSAGE][PASSED] - Browser is opened with url: 'https://qa.velocitypayment.com/admin/imtiaz'

2022-06-30 22:44:50 - [MESSAGE][PASSED] - Current window maximized

2022-06-30 22:44:50 - [MESSAGE][PASSED] - Object 'Object Repository/Login_Page/Login_Username' is present

2022-06-30 22:44:51 - [MESSAGE][PASSED] - Text 'iahmed' is set on object 'Object Repository/Login_Page/Login_Username'

2022-06-30 22:44:52 - [MESSAGE][PASSED] - Text 'hello2222' is set on object 'Object Repository/Login_Page/Login_Password'

2022-06-30 22:44:56 - [MESSAGE][PASSED] - Object: 'Object Repository/Login_Page/Login_Submit' is clicked on

2022-06-30 22:44:56 - [MESSAGE][PASSED] - adminSuiteBootstrap.loginFunctionality.login_AdminSuite is PASSED

2022-06-30 22:44:56 - [TEST_STEP][PASSED] - click(findTestObject(path_Dashboard + appName)): Object: 'Object Repository/AdminSuiteBootstrap_Pages/Dashboard_Bootstrap/a_Access AutoSingleCFtpQA' is clicked on

2022-06-30 22:44:57 - [MESSAGE][PASSED] - Object: 'Object Repository/AdminSuiteBootstrap_Pages/Dashboard_Bootstrap/a_Access AutoSingleCFtpQA' is clicked on

2022-06-30 22:44:57 - [TEST_STEP][PASSED] - click(findTestObject(path_VT + "a_Find Profile")): Object: 'Object Repository/AdminSuiteBootstrap_Pages/VT_Bootstrap/IssueTransactions/a_Find Profile' is clicked on

2022-06-30 22:44:57 - [MESSAGE][PASSED] - Object: 'Object Repository/AdminSuiteBootstrap_Pages/VT_Bootstrap/IssueTransactions/a_Find Profile' is clicked on

2022-06-30 22:44:57 - [TEST_STEP][PASSED] - criteria = <not implemented yet for class: org.codehaus.groovy.ast.expr.EmptyExpression>: null

2022-06-30 22:44:57 - [TEST_STEP][PASSED] - searchBy = <not implemented yet for class: org.codehaus.groovy.ast.expr.EmptyExpression>: null

2022-06-30 22:44:57 - [TEST_STEP][PASSED] - criteria = findTestData(dataFile).getValue("ProfileName", row): null

2022-06-30 22:44:57 - [TEST_STEP][PASSED] - path_SearchProfile = "Object Repository/AdminSuiteBootstrap_Pages/VSP_Bootstrap/SearchProfile/": null

2022-06-30 22:44:57 - [TEST_STEP][PASSED] - setText(findTestObject(path_SearchProfile + "input_Criteria"), criteria): Text 'PaymentsVisa' is set on object 'Object Repository/AdminSuiteBootstrap_Pages/VSP_Bootstrap/SearchProfile/input_Criteria'

2022-06-30 22:44:58 - [MESSAGE][PASSED] - Text 'PaymentsVisa' is set on object 'Object Repository/AdminSuiteBootstrap_Pages/VSP_Bootstrap/SearchProfile/input_Criteria'

2022-06-30 22:44:58 - [TEST_STEP][PASSED] - click(findTestObject(path_SearchProfile + "button_Search")): Object: 'Object Repository/AdminSuiteBootstrap_Pages/VSP_Bootstrap/SearchProfile/button_Search' is clicked on

2022-06-30 22:44:59 - [MESSAGE][PASSED] - Object: 'Object Repository/AdminSuiteBootstrap_Pages/VSP_Bootstrap/SearchProfile/button_Search' is clicked on

2022-06-30 22:44:59 - [TEST_STEP][PASSED] - profNameLink = findTestData(dataFile).getValue("ProfileNameLink", row): null

2022-06-30 22:44:59 - [TEST_STEP][PASSED] - click(findTestObject(path_ViewProfile + profNameLink)): Object: 'Object Repository/AdminSuiteBootstrap_Pages/VSP_Bootstrap/View Profile/a_PaymentsVisa' is clicked on

2022-06-30 22:45:02 - [MESSAGE][PASSED] - Object: 'Object Repository/AdminSuiteBootstrap_Pages/VSP_Bootstrap/View Profile/a_PaymentsVisa' is clicked on

2022-06-30 22:45:02 - [TEST_STEP][PASSED] - click(findTestObject(path_ViewProfile + "a_Auth")): Object: 'Object Repository/AdminSuiteBootstrap_Pages/VSP_Bootstrap/View Profile/a_Auth' is clicked on

2022-06-30 22:45:04 - [MESSAGE][PASSED] - Object: 'Object Repository/AdminSuiteBootstrap_Pages/VSP_Bootstrap/View Profile/a_Auth' is clicked on

2022-06-30 22:45:04 - [TEST_STEP][PASSED] - verifyTextPresent("Credit Card Authorization", true): Text 'Credit Card Authorization' is present on page  using regular expression

2022-06-30 22:45:04 - [MESSAGE][PASSED] - Text 'Credit Card Authorization' is present on page  using regular expression

2022-06-30 22:45:04 - [TEST_STEP][PASSED] - verifyTextPresent("Required fields are highlighted with an asterisk", true): Text 'Required fields are highlighted with an asterisk' is present on page  using regular expression

2022-06-30 22:45:05 - [MESSAGE][PASSED] - Text 'Required fields are highlighted with an asterisk' is present on page  using regular expression

2022-06-30 22:45:05 - [TEST_STEP][PASSED] - verifyTextPresent("Remittance ID", true): Text 'Remittance ID' is present on page  using regular expression

2022-06-30 22:45:05 - [MESSAGE][PASSED] - Text 'Remittance ID' is present on page  using regular expression

2022-06-30 22:45:05 - [TEST_STEP][PASSED] - vspBootstrap.SalePage.setDataSaleAndAuth(row, dataFile): vspBootstrap.SalePage.setDataSaleAndAuth is PASSED

2022-06-30 22:45:07 - [MESSAGE][PASSED] - All options with value 'MOTO' are selected in object 'Object Repository/AdminSuiteBootstrap_Pages/VSP_Bootstrap/VSP_Authcap/select_TransactionCategory'  using regular expression

2022-06-30 22:45:08 - [MESSAGE][PASSED] - Text '123' is set on object 'Object Repository/AdminSuiteBootstrap_Pages/VSP_Bootstrap/VSP_Authcap/input_cvv'

2022-06-30 22:45:08 - [MESSAGE][PASSED] - Text '' is set on object 'Object Repository/AdminSuiteBootstrap_Pages/VSP_Bootstrap/VSP_Authcap/input_smsNumber'

2022-06-30 22:45:09 - [MESSAGE][PASSED] - Text '2.50' is set on object 'Object Repository/AdminSuiteBootstrap_Pages/VSP_Bootstrap/VSP_Authcap/input_amount'

2022-06-30 22:45:10 - [MESSAGE][PASSED] - Text 'Delhi' is set on object 'Object Repository/AdminSuiteBootstrap_Pages/VSP_Bootstrap/VSP_Authcap/input_userDefined1'

2022-06-30 22:45:11 - [MESSAGE][PASSED] - Text 'Chennai' is set on object 'Object Repository/AdminSuiteBootstrap_Pages/VSP_Bootstrap/VSP_Authcap/input_userDefined2'

2022-06-30 22:45:11 - [MESSAGE][PASSED] - Text 'Mumbai' is set on object 'Object Repository/AdminSuiteBootstrap_Pages/VSP_Bootstrap/VSP_Authcap/input_userDefined3'

2022-06-30 22:45:12 - [MESSAGE][PASSED] - Text 'Kanpur' is set on object 'Object Repository/AdminSuiteBootstrap_Pages/VSP_Bootstrap/VSP_Authcap/input_userDefined4'

2022-06-30 22:45:13 - [MESSAGE][PASSED] - All options with label 'Orange' are selected in object 'Object Repository/AdminSuiteBootstrap_Pages/VSP_Bootstrap/VSP_Authcap/select_UDF5'  using regular expression

2022-06-30 22:45:14 - [MESSAGE][PASSED] - All options with label 'Yellow' are selected in object 'Object Repository/AdminSuiteBootstrap_Pages/VSP_Bootstrap/VSP_Authcap/select_UDF6'  using regular expression

2022-06-30 22:45:15 - [MESSAGE][PASSED] - Text 'Kolkata' is set on object 'Object Repository/AdminSuiteBootstrap_Pages/VSP_Bootstrap/VSP_Authcap/input_userDefined7'

2022-06-30 22:45:15 - [MESSAGE][PASSED] - Text 'Pune' is set on object 'Object Repository/AdminSuiteBootstrap_Pages/VSP_Bootstrap/VSP_Authcap/input_userDefined8'

2022-06-30 22:45:16 - [MESSAGE][PASSED] - Text 'Bhavnagar' is set on object 'Object Repository/AdminSuiteBootstrap_Pages/VSP_Bootstrap/VSP_Authcap/input_userDefined9'

2022-06-30 22:45:16 - [MESSAGE][PASSED] - Text 'Noida' is set on object 'Object Repository/AdminSuiteBootstrap_Pages/VSP_Bootstrap/VSP_Authcap/input_userDefined10'

2022-06-30 22:45:19 - [MESSAGE][PASSED] - Object: 'Object Repository/AdminSuiteBootstrap_Pages/VSP_Bootstrap/VSP_Authcap/button_Submit' is clicked on

2022-06-30 22:45:19 - [MESSAGE][PASSED] - vspBootstrap.SalePage.setDataSaleAndAuth is PASSED

2022-06-30 22:45:19 - [TEST_STEP][PASSED] - verifyTextPresent("Transaction Successful", true): Text 'Transaction Successful' is present on page  using regular expression

2022-06-30 22:45:19 - [MESSAGE][PASSED] - Text 'Transaction Successful' is present on page  using regular expression

2022-06-30 22:45:19 - [TEST_STEP][PASSED] - verifyElementVisible(findTestObject("Object Repository/AdminSuiteBootstrap_Pages/VT_Bootstrap/Receipt/button_Continue")): Object 'Object Repository/AdminSuiteBootstrap_Pages/VT_Bootstrap/Receipt/button_Continue' is visible

2022-06-30 22:45:19 - [MESSAGE][PASSED] - Object 'Object Repository/AdminSuiteBootstrap_Pages/VT_Bootstrap/Receipt/button_Continue' is visible

2022-06-30 22:45:19 - [TEST_STEP][PASSED] - verifyElementPresent(findTestObject("Object Repository/AdminSuiteBootstrap_Pages/VT_Bootstrap/Receipt/button_Continue"), 20): Object 'Object Repository/AdminSuiteBootstrap_Pages/VT_Bootstrap/Receipt/button_Continue' is present

2022-06-30 22:45:20 - [MESSAGE][PASSED] - Object 'Object Repository/AdminSuiteBootstrap_Pages/VT_Bootstrap/Receipt/button_Continue' is present

2022-06-30 22:45:20 - [TEST_STEP][PASSED] - verifyElementVisible(findTestObject("Object Repository/AdminSuiteBootstrap_Pages/VT_Bootstrap/Receipt/button_Print")): Object 'Object Repository/AdminSuiteBootstrap_Pages/VT_Bootstrap/Receipt/button_Print' is visible

2022-06-30 22:45:20 - [MESSAGE][PASSED] - Object 'Object Repository/AdminSuiteBootstrap_Pages/VT_Bootstrap/Receipt/button_Print' is visible

2022-06-30 22:45:20 - [TEST_STEP][PASSED] - verifyElementPresent(findTestObject("Object Repository/AdminSuiteBootstrap_Pages/VT_Bootstrap/Receipt/button_Print"), 20): Object 'Object Repository/AdminSuiteBootstrap_Pages/VT_Bootstrap/Receipt/button_Print' is present

2022-06-30 22:45:20 - [MESSAGE][PASSED] - Object 'Object Repository/AdminSuiteBootstrap_Pages/VT_Bootstrap/Receipt/button_Print' is present

2022-06-30 22:45:20 - [TEST_STEP][PASSED] - verifyTextPresent("Remittance ID", true): Text 'Remittance ID' is present on page  using regular expression

2022-06-30 22:45:21 - [MESSAGE][PASSED] - Text 'Remittance ID' is present on page  using regular expression

2022-06-30 22:45:21 - [TEST_STEP][PASSED] - verifyTextPresent("Received", true): Text 'Received' is present on page  using regular expression

2022-06-30 22:45:21 - [MESSAGE][PASSED] - Text 'Received' is present on page  using regular expression

2022-06-30 22:45:21 - [TEST_STEP][PASSED] - verifyTextPresent("UDF1", true): Text 'UDF1' is present on page  using regular expression

2022-06-30 22:45:21 - [MESSAGE][PASSED] - Text 'UDF1' is present on page  using regular expression

2022-06-30 22:45:21 - [TEST_STEP][PASSED] - verifyTextPresent("UDF2", true): Text 'UDF2' is present on page  using regular expression

2022-06-30 22:45:22 - [MESSAGE][PASSED] - Text 'UDF2' is present on page  using regular expression

2022-06-30 22:45:22 - [TEST_STEP][PASSED] - verifyTextPresent("UDF3", true): Text 'UDF3' is present on page  using regular expression

2022-06-30 22:45:22 - [MESSAGE][PASSED] - Text 'UDF3' is present on page  using regular expression

2022-06-30 22:45:22 - [TEST_STEP][PASSED] - verifyTextPresent("UDF4", true): Text 'UDF4' is present on page  using regular expression

2022-06-30 22:45:22 - [MESSAGE][PASSED] - Text 'UDF4' is present on page  using regular expression

2022-06-30 22:45:22 - [TEST_STEP][PASSED] - verifyTextPresent("UDF5", true): Text 'UDF5' is present on page  using regular expression

2022-06-30 22:45:23 - [MESSAGE][PASSED] - Text 'UDF5' is present on page  using regular expression

2022-06-30 22:45:23 - [TEST_STEP][PASSED] - verifyTextPresent("UDF6", true): Text 'UDF6' is present on page  using regular expression

2022-06-30 22:45:23 - [MESSAGE][PASSED] - Text 'UDF6' is present on page  using regular expression

2022-06-30 22:45:23 - [TEST_STEP][PASSED] - verifyTextPresent("UDF7", true): Text 'UDF7' is present on page  using regular expression

2022-06-30 22:45:23 - [MESSAGE][PASSED] - Text 'UDF7' is present on page  using regular expression

2022-06-30 22:45:23 - [TEST_STEP][PASSED] - verifyTextPresent("UDF8", true): Text 'UDF8' is present on page  using regular expression

2022-06-30 22:45:24 - [MESSAGE][PASSED] - Text 'UDF8' is present on page  using regular expression

2022-06-30 22:45:24 - [TEST_STEP][PASSED] - verifyTextPresent("UDF9", true): Text 'UDF9' is present on page  using regular expression

2022-06-30 22:45:24 - [MESSAGE][PASSED] - Text 'UDF9' is present on page  using regular expression

2022-06-30 22:45:24 - [TEST_STEP][PASSED] - verifyTextPresent("UDF 10", true): Text 'UDF 10' is present on page  using regular expression

2022-06-30 22:45:24 - [MESSAGE][PASSED] - Text 'UDF 10' is present on page  using regular expression

2022-06-30 22:45:24 - [TEST_STEP][PASSED] - verifyTextPresent("Delhi", true): Text 'Delhi' is present on page  using regular expression

2022-06-30 22:45:25 - [MESSAGE][PASSED] - Text 'Delhi' is present on page  using regular expression

2022-06-30 22:45:25 - [TEST_STEP][PASSED] - verifyTextPresent("Chennai", true): Text 'Chennai' is present on page  using regular expression

2022-06-30 22:45:25 - [MESSAGE][PASSED] - Text 'Chennai' is present on page  using regular expression

2022-06-30 22:45:25 - [TEST_STEP][PASSED] - verifyTextPresent("Mumbai", true): Text 'Mumbai' is present on page  using regular expression

2022-06-30 22:45:25 - [MESSAGE][PASSED] - Text 'Mumbai' is present on page  using regular expression

2022-06-30 22:45:25 - [TEST_STEP][PASSED] - verifyTextPresent("Kanpur", true): Text 'Kanpur' is present on page  using regular expression

2022-06-30 22:45:26 - [MESSAGE][PASSED] - Text 'Kanpur' is present on page  using regular expression

2022-06-30 22:45:26 - [TEST_STEP][PASSED] - verifyTextPresent("Orange Recorded", true): Text 'Orange Recorded' is present on page  using regular expression

2022-06-30 22:45:26 - [MESSAGE][PASSED] - Text 'Orange Recorded' is present on page  using regular expression

2022-06-30 22:45:26 - [TEST_STEP][PASSED] - verifyTextPresent("Yellow Recorded", true): Text 'Yellow Recorded' is present on page  using regular expression

2022-06-30 22:45:26 - [MESSAGE][PASSED] - Text 'Yellow Recorded' is present on page  using regular expression

2022-06-30 22:45:26 - [TEST_STEP][PASSED] - verifyTextPresent("Kolkata", true): Text 'Kolkata' is present on page  using regular expression

2022-06-30 22:45:27 - [MESSAGE][PASSED] - Text 'Kolkata' is present on page  using regular expression

2022-06-30 22:45:27 - [TEST_STEP][PASSED] - verifyTextPresent("Pune", true): Text 'Pune' is present on page  using regular expression

2022-06-30 22:45:27 - [MESSAGE][PASSED] - Text 'Pune' is present on page  using regular expression

2022-06-30 22:45:27 - [TEST_STEP][PASSED] - verifyTextPresent("Bhavnagar", true): Text 'Bhavnagar' is present on page  using regular expression

2022-06-30 22:45:27 - [MESSAGE][PASSED] - Text 'Bhavnagar' is present on page  using regular expression

2022-06-30 22:45:27 - [TEST_STEP][PASSED] - verifyTextPresent("Noida", true): Text 'Noida' is present on page  using regular expression

2022-06-30 22:45:28 - [MESSAGE][PASSED] - Text 'Noida' is present on page  using regular expression

2022-06-30 22:45:28 - [TEST_STEP][PASSED] - verifyTextPresent("Amount", true): Text 'Amount' is present on page  using regular expression

2022-06-30 22:45:28 - [MESSAGE][PASSED] - Text 'Amount' is present on page  using regular expression

2022-06-30 22:45:28 - [TEST_STEP][PASSED] - verifyTextPresent("2.50", true): Text '2.50' is present on page  using regular expression

2022-06-30 22:45:28 - [MESSAGE][PASSED] - Text '2.50' is present on page  using regular expression

2022-06-30 22:45:28 - [TEST_STEP][PASSED] - verifyTextPresent("Authorization", true): Text 'Authorization' is present on page  using regular expression

2022-06-30 22:45:29 - [MESSAGE][PASSED] - Text 'Authorization' is present on page  using regular expression

2022-06-30 22:45:29 - [TEST_STEP][PASSED] - verifyTextPresent("Card Information", true): Text 'Card Information' is present on page  using regular expression

2022-06-30 22:45:29 - [MESSAGE][PASSED] - Text 'Card Information' is present on page  using regular expression

2022-06-30 22:45:29 - [TEST_STEP][PASSED] - verifyTextPresent("TANDON RAVENA", true): Text 'TANDON RAVENA' is present on page  using regular expression

2022-06-30 22:45:29 - [MESSAGE][PASSED] - Text 'TANDON RAVENA' is present on page  using regular expression

2022-06-30 22:45:29 - [TEST_STEP][PASSED] - verifyTextPresent("Address Line 1", true): Text 'Address Line 1' is present on page  using regular expression

2022-06-30 22:45:30 - [MESSAGE][PASSED] - Text 'Address Line 1' is present on page  using regular expression

2022-06-30 22:45:30 - [TEST_STEP][PASSED] - verifyTextPresent("Address Line 2", true): Text 'Address Line 2' is present on page  using regular expression

2022-06-30 22:45:30 - [MESSAGE][PASSED] - Text 'Address Line 2' is present on page  using regular expression

2022-06-30 22:45:30 - [TEST_STEP][PASSED] - verifyTextPresent("Country", true): Text 'Country' is present on page  using regular expression

2022-06-30 22:45:30 - [MESSAGE][PASSED] - Text 'Country' is present on page  using regular expression

2022-06-30 22:45:30 - [TEST_STEP][PASSED] - verifyTextPresent("City", true): Text 'City' is present on page  using regular expression

2022-06-30 22:45:31 - [MESSAGE][PASSED] - Text 'City' is present on page  using regular expression

2022-06-30 22:45:31 - [TEST_STEP][PASSED] - verifyTextPresent("State", true): Text 'State' is present on page  using regular expression

2022-06-30 22:45:31 - [MESSAGE][PASSED] - Text 'State' is present on page  using regular expression

2022-06-30 22:45:31 - [TEST_STEP][PASSED] - verifyTextPresent("ZIP Code", true): Text 'ZIP Code' is present on page  using regular expression

2022-06-30 22:45:31 - [MESSAGE][PASSED] - Text 'ZIP Code' is present on page  using regular expression

2022-06-30 22:45:31 - [TEST_STEP][PASSED] - verifyTextPresent("248 PhoolKaante road", true): Text '248 PhoolKaante road' is present on page  using regular expression

2022-06-30 22:45:32 - [MESSAGE][PASSED] - Text '248 PhoolKaante road' is present on page  using regular expression

2022-06-30 22:45:32 - [TEST_STEP][PASSED] - verifyTextPresent("Suite 678", true): Text 'Suite 678' is present on page  using regular expression

2022-06-30 22:45:32 - [MESSAGE][PASSED] - Text 'Suite 678' is present on page  using regular expression

2022-06-30 22:45:32 - [TEST_STEP][PASSED] - verifyTextPresent("United States", true): Text 'United States' is present on page  using regular expression

2022-06-30 22:45:32 - [MESSAGE][PASSED] - Text 'United States' is present on page  using regular expression

2022-06-30 22:45:32 - [TEST_STEP][PASSED] - verifyTextPresent("ARLINGTON", true): Text 'ARLINGTON' is present on page  using regular expression

2022-06-30 22:45:33 - [MESSAGE][PASSED] - Text 'ARLINGTON' is present on page  using regular expression

2022-06-30 22:45:33 - [TEST_STEP][PASSED] - verifyTextPresent("VA", true): Text 'VA' is present on page  using regular expression

2022-06-30 22:45:33 - [MESSAGE][PASSED] - Text 'VA' is present on page  using regular expression

2022-06-30 22:45:33 - [TEST_STEP][PASSED] - verifyTextPresent("22201", true): Text '22201' is present on page  using regular expression

2022-06-30 22:45:33 - [MESSAGE][PASSED] - Text '22201' is present on page  using regular expression

2022-06-30 22:45:33 - [TEST_STEP][PASSED] - cardTypeV = findTestData(dataFile).getValue("CardType", row): null

2022-06-30 22:45:33 - [TEST_STEP][PASSED] - last4V = findTestData(dataFile).getValue("Last4", row): null

2022-06-30 22:45:33 - [TEST_STEP][PASSED] - verifyTextPresent(cardTypeV, true): Text 'Visa' is present on page  using regular expression

2022-06-30 22:45:34 - [MESSAGE][PASSED] - Text 'Visa' is present on page  using regular expression

2022-06-30 22:45:34 - [TEST_STEP][PASSED] - verifyTextPresent(last4V, true): Text '5439' is present on page  using regular expression

2022-06-30 22:45:34 - [MESSAGE][PASSED] - Text '5439' is present on page  using regular expression

2022-06-30 22:45:34 - [TEST_STEP][PASSED] - switch (appName): null

2022-06-30 22:45:34 - [TEST_STEP][PASSED] - case "a_Access AutoSingleCFtpQA":: null

2022-06-30 22:45:34 - [TEST_STEP][PASSED] - verifyTextPresent("5.00", true): Text '5.00' is present on page  using regular expression

2022-06-30 22:45:34 - [MESSAGE][PASSED] - Text '5.00' is present on page  using regular expression

2022-06-30 22:45:34 - [TEST_STEP][PASSED] - verifyTextPresent("Single Transaction", true): Text 'Single Transaction' is present on page  using regular expression

2022-06-30 22:45:35 - [MESSAGE][PASSED] - Text 'Single Transaction' is present on page  using regular expression

2022-06-30 22:45:35 - [TEST_STEP][PASSED] - verifyTextPresent("7.50", true): Text '7.50' is present on page  using regular expression

2022-06-30 22:45:35 - [MESSAGE][PASSED] - Text '7.50' is present on page  using regular expression

2022-06-30 22:45:35 - [TEST_STEP][PASSED] - verifyTextPresent("Total Amount", true): Text 'Total Amount' is present on page  using regular expression

2022-06-30 22:45:35 - [MESSAGE][PASSED] - Text 'Total Amount' is present on page  using regular expression

2022-06-30 22:45:35 - [TEST_STEP][PASSED] - verifyTextPresent("Transaction Type", true): Text 'Transaction Type' is present on page  using regular expression

2022-06-30 22:45:36 - [MESSAGE][PASSED] - Text 'Transaction Type' is present on page  using regular expression

2022-06-30 22:45:36 - [TEST_STEP][PASSED] - break: null

2022-06-30 22:45:36 - [TEST_STEP][PASSED] - closeBrowser(): Browser is closed

2022-06-30 22:45:37 - [MESSAGE][PASSED] - Browser is closed

2022-06-30 22:45:37 - [TEST_STEP][PASSED] - ExecuteTC = findTestData(dataFile).getValue("Execute", row): null

2022-06-30 22:45:37 - [TEST_STEP][PASSED] - out.println("Value of Execute is : " + ExecuteTC): null

2022-06-30 22:45:37 - [TEST_STEP][PASSED] - switch (executionProfile): null

2022-06-30 22:45:37 - [TEST_STEP][PASSED] - case "QAProfile":: null

2022-06-30 22:45:37 - [TEST_STEP][PASSED] - appName = findTestData(dataFile).getValue("AppNameQA", row): null

2022-06-30 22:45:37 - [TEST_STEP][PASSED] - appID = findTestData(dataFile).getValue("AppIDQA", row): null

2022-06-30 22:45:37 - [TEST_STEP][PASSED] - break: null

2022-06-30 22:45:37 - [TEST_STEP][PASSED] - if (ExecuteTC.equalsIgnoreCase("Y")): null

2022-06-30 22:45:37 - [TEST_STEP][PASSED] - closeBrowser(): Browser is closed

2022-06-30 22:45:37 - [MESSAGE][PASSED] - Browser is closed

2022-06-30 22:45:37 - [TEST_STEP][PASSED] - ExecuteTC = findTestData(dataFile).getValue("Execute", row): null

2022-06-30 22:45:37 - [TEST_STEP][PASSED] - out.println("Value of Execute is : " + ExecuteTC): null

2022-06-30 22:45:37 - [TEST_STEP][PASSED] - switch (executionProfile): null

2022-06-30 22:45:37 - [TEST_STEP][PASSED] - case "QAProfile":: null

2022-06-30 22:45:37 - [TEST_STEP][PASSED] - appName = findTestData(dataFile).getValue("AppNameQA", row): null

2022-06-30 22:45:37 - [TEST_STEP][PASSED] - appID = findTestData(dataFile).getValue("AppIDQA", row): null

2022-06-30 22:45:37 - [TEST_STEP][PASSED] - break: null

2022-06-30 22:45:37 - [TEST_STEP][PASSED] - if (ExecuteTC.equalsIgnoreCase("Y")): null

2022-06-30 22:45:37 - [TEST_STEP][PASSED] - closeBrowser(): Browser is closed

2022-06-30 22:45:37 - [MESSAGE][PASSED] - Browser is closed

2022-06-30 22:45:37 - [TEST_STEP][PASSED] - ExecuteTC = findTestData(dataFile).getValue("Execute", row): null

2022-06-30 22:45:37 - [TEST_STEP][PASSED] - out.println("Value of Execute is : " + ExecuteTC): null

2022-06-30 22:45:37 - [TEST_STEP][PASSED] - switch (executionProfile): null

2022-06-30 22:45:37 - [TEST_STEP][PASSED] - case "QAProfile":: null

2022-06-30 22:45:37 - [TEST_STEP][PASSED] - appName = findTestData(dataFile).getValue("AppNameQA", row): null

2022-06-30 22:45:37 - [TEST_STEP][PASSED] - appID = findTestData(dataFile).getValue("AppIDQA", row): null

2022-06-30 22:45:37 - [TEST_STEP][PASSED] - break: null

2022-06-30 22:45:37 - [TEST_STEP][PASSED] - if (ExecuteTC.equalsIgnoreCase("Y")): null

2022-06-30 22:45:37 - [TEST_STEP][PASSED] - closeBrowser(): Browser is closed

2022-06-30 22:45:37 - [MESSAGE][PASSED] - Browser is closed

2022-06-30 22:45:37 - [TEST_STEP][PASSED] - ExecuteTC = findTestData(dataFile).getValue("Execute", row): null

2022-06-30 22:45:37 - [TEST_STEP][PASSED] - out.println("Value of Execute is : " + ExecuteTC): null

2022-06-30 22:45:37 - [TEST_STEP][PASSED] - switch (executionProfile): null

2022-06-30 22:45:37 - [TEST_STEP][PASSED] - case "QAProfile":: null

2022-06-30 22:45:37 - [TEST_STEP][PASSED] - appName = findTestData(dataFile).getValue("AppNameQA", row): null

2022-06-30 22:45:37 - [TEST_STEP][PASSED] - appID = findTestData(dataFile).getValue("AppIDQA", row): null

2022-06-30 22:45:37 - [TEST_STEP][PASSED] - break: null

2022-06-30 22:45:37 - [TEST_STEP][PASSED] - if (ExecuteTC.equalsIgnoreCase("Y")): null

2022-06-30 22:45:37 - [TEST_STEP][PASSED] - closeBrowser(): Browser is closed

2022-06-30 22:45:37 - [MESSAGE][PASSED] - Browser is closed

2022-06-30 22:45:37 - [TEST_STEP][PASSED] - ExecuteTC = findTestData(dataFile).getValue("Execute", row): null

2022-06-30 22:45:37 - [TEST_STEP][PASSED] - out.println("Value of Execute is : " + ExecuteTC): null

2022-06-30 22:45:37 - [TEST_STEP][PASSED] - switch (executionProfile): null

2022-06-30 22:45:37 - [TEST_STEP][PASSED] - case "QAProfile":: null

2022-06-30 22:45:37 - [TEST_STEP][PASSED] - appName = findTestData(dataFile).getValue("AppNameQA", row): null

2022-06-30 22:45:37 - [TEST_STEP][PASSED] - appID = findTestData(dataFile).getValue("AppIDQA", row): null

2022-06-30 22:45:37 - [TEST_STEP][PASSED] - break: null

2022-06-30 22:45:37 - [TEST_STEP][PASSED] - if (ExecuteTC.equalsIgnoreCase("Y")): null

2022-06-30 22:45:37 - [TEST_STEP][PASSED] - closeBrowser(): Browser is closed

2022-06-30 22:45:37 - [MESSAGE][PASSED] - Browser is closed

2022-06-30 22:45:37 - [TEST_STEP][PASSED] - ExecuteTC = findTestData(dataFile).getValue("Execute", row): null

2022-06-30 22:45:37 - [TEST_STEP][PASSED] - out.println("Value of Execute is : " + ExecuteTC): null

2022-06-30 22:45:37 - [TEST_STEP][PASSED] - switch (executionProfile): null

2022-06-30 22:45:37 - [TEST_STEP][PASSED] - case "QAProfile":: null

2022-06-30 22:45:37 - [TEST_STEP][PASSED] - appName = findTestData(dataFile).getValue("AppNameQA", row): null

2022-06-30 22:45:37 - [TEST_STEP][PASSED] - appID = findTestData(dataFile).getValue("AppIDQA", row): null

2022-06-30 22:45:37 - [TEST_STEP][PASSED] - break: null

2022-06-30 22:45:37 - [TEST_STEP][PASSED] - if (ExecuteTC.equalsIgnoreCase("Y")): null

2022-06-30 22:45:37 - [TEST_STEP][PASSED] - closeBrowser(): Browser is closed

2022-06-30 22:45:37 - [MESSAGE][PASSED] - Browser is closed

2022-06-30 22:45:37 - [TEST_STEP][PASSED] - ExecuteTC = findTestData(dataFile).getValue("Execute", row): null

2022-06-30 22:45:37 - [TEST_STEP][PASSED] - out.println("Value of Execute is : " + ExecuteTC): null

2022-06-30 22:45:37 - [TEST_STEP][PASSED] - switch (executionProfile): null

2022-06-30 22:45:37 - [TEST_STEP][PASSED] - case "QAProfile":: null

2022-06-30 22:45:37 - [TEST_STEP][PASSED] - appName = findTestData(dataFile).getValue("AppNameQA", row): null

2022-06-30 22:45:37 - [TEST_STEP][PASSED] - appID = findTestData(dataFile).getValue("AppIDQA", row): null

2022-06-30 22:45:38 - [TEST_STEP][PASSED] - break: null

2022-06-30 22:45:38 - [TEST_STEP][PASSED] - if (ExecuteTC.equalsIgnoreCase("Y")): null

2022-06-30 22:45:38 - [TEST_STEP][PASSED] - closeBrowser(): Browser is closed

2022-06-30 22:45:38 - [MESSAGE][PASSED] - Browser is closed

2022-06-30 22:45:38 - [TEST_STEP][PASSED] - ExecuteTC = findTestData(dataFile).getValue("Execute", row): null

2022-06-30 22:45:38 - [TEST_STEP][PASSED] - out.println("Value of Execute is : " + ExecuteTC): null

2022-06-30 22:45:38 - [TEST_STEP][PASSED] - switch (executionProfile): null

2022-06-30 22:45:38 - [TEST_STEP][PASSED] - case "QAProfile":: null

2022-06-30 22:45:38 - [TEST_STEP][PASSED] - appName = findTestData(dataFile).getValue("AppNameQA", row): null

2022-06-30 22:45:38 - [TEST_STEP][PASSED] - appID = findTestData(dataFile).getValue("AppIDQA", row): null

2022-06-30 22:45:38 - [TEST_STEP][PASSED] - break: null

2022-06-30 22:45:38 - [TEST_STEP][PASSED] - if (ExecuteTC.equalsIgnoreCase("Y")): null

2022-06-30 22:45:38 - [TEST_STEP][PASSED] - out.println("Begin Record Number: " + row): null

2022-06-30 22:45:38 - [TEST_STEP][PASSED] - today = new java.util.Date(): null

2022-06-30 22:45:38 - [TEST_STEP][PASSED] - println(today): null

2022-06-30 22:45:38 - [TEST_STEP][PASSED] - datText = today: null

2022-06-30 22:45:38 - [TEST_STEP][PASSED] - adminSuiteBootstrap.loginFunctionality.login_AdminSuite(): adminSuiteBootstrap.loginFunctionality.login_AdminSuite is PASSED

2022-06-30 22:45:38 - [MESSAGE][INFO] - Starting 'Chrome' driver

2022-06-30 22:45:38 - [MESSAGE][INFO] - User set preference: ['acceptInsecureCerts', 'true']

2022-06-30 22:45:38 - [MESSAGE][INFO] - Action delay is set to 0 milliseconds

2022-06-30 22:45:42 - [MESSAGE][PASSED] - Browser is opened with url: 'https://qa.velocitypayment.com/admin/imtiaz'

2022-06-30 22:45:42 - [MESSAGE][PASSED] - Current window maximized

2022-06-30 22:45:42 - [MESSAGE][PASSED] - Object 'Object Repository/Login_Page/Login_Username' is present

2022-06-30 22:45:43 - [MESSAGE][PASSED] - Text 'iahmed' is set on object 'Object Repository/Login_Page/Login_Username'

2022-06-30 22:45:44 - [MESSAGE][PASSED] - Text 'hello2222' is set on object 'Object Repository/Login_Page/Login_Password'

2022-06-30 22:45:48 - [MESSAGE][PASSED] - Object: 'Object Repository/Login_Page/Login_Submit' is clicked on

2022-06-30 22:45:48 - [MESSAGE][PASSED] - adminSuiteBootstrap.loginFunctionality.login_AdminSuite is PASSED

2022-06-30 22:45:48 - [TEST_STEP][PASSED] - click(findTestObject(path_Dashboard + appName)): Object: 'Object Repository/AdminSuiteBootstrap_Pages/Dashboard_Bootstrap/a_Access AutoDualCFtpQA' is clicked on

2022-06-30 22:45:49 - [MESSAGE][PASSED] - Object: 'Object Repository/AdminSuiteBootstrap_Pages/Dashboard_Bootstrap/a_Access AutoDualCFtpQA' is clicked on

2022-06-30 22:45:49 - [TEST_STEP][PASSED] - click(findTestObject(path_VT + "a_Find Profile")): Object: 'Object Repository/AdminSuiteBootstrap_Pages/VT_Bootstrap/IssueTransactions/a_Find Profile' is clicked on

2022-06-30 22:45:49 - [MESSAGE][PASSED] - Object: 'Object Repository/AdminSuiteBootstrap_Pages/VT_Bootstrap/IssueTransactions/a_Find Profile' is clicked on

2022-06-30 22:45:49 - [TEST_STEP][PASSED] - criteria = <not implemented yet for class: org.codehaus.groovy.ast.expr.EmptyExpression>: null

2022-06-30 22:45:49 - [TEST_STEP][PASSED] - searchBy = <not implemented yet for class: org.codehaus.groovy.ast.expr.EmptyExpression>: null

2022-06-30 22:45:49 - [TEST_STEP][PASSED] - criteria = findTestData(dataFile).getValue("ProfileName", row): null

2022-06-30 22:45:49 - [TEST_STEP][PASSED] - path_SearchProfile = "Object Repository/AdminSuiteBootstrap_Pages/VSP_Bootstrap/SearchProfile/": null

2022-06-30 22:45:49 - [TEST_STEP][PASSED] - setText(findTestObject(path_SearchProfile + "input_Criteria"), criteria): Text 'PaymentsVisa' is set on object 'Object Repository/AdminSuiteBootstrap_Pages/VSP_Bootstrap/SearchProfile/input_Criteria'

2022-06-30 22:45:50 - [MESSAGE][PASSED] - Text 'PaymentsVisa' is set on object 'Object Repository/AdminSuiteBootstrap_Pages/VSP_Bootstrap/SearchProfile/input_Criteria'

2022-06-30 22:45:50 - [TEST_STEP][PASSED] - click(findTestObject(path_SearchProfile + "button_Search")): Object: 'Object Repository/AdminSuiteBootstrap_Pages/VSP_Bootstrap/SearchProfile/button_Search' is clicked on

2022-06-30 22:45:51 - [MESSAGE][PASSED] - Object: 'Object Repository/AdminSuiteBootstrap_Pages/VSP_Bootstrap/SearchProfile/button_Search' is clicked on

2022-06-30 22:45:51 - [TEST_STEP][PASSED] - profNameLink = findTestData(dataFile).getValue("ProfileNameLink", row): null

2022-06-30 22:45:51 - [TEST_STEP][PASSED] - click(findTestObject(path_ViewProfile + profNameLink)): Object: 'Object Repository/AdminSuiteBootstrap_Pages/VSP_Bootstrap/View Profile/a_PaymentsVisa' is clicked on

2022-06-30 22:45:53 - [MESSAGE][PASSED] - Object: 'Object Repository/AdminSuiteBootstrap_Pages/VSP_Bootstrap/View Profile/a_PaymentsVisa' is clicked on

2022-06-30 22:45:53 - [TEST_STEP][PASSED] - click(findTestObject(path_ViewProfile + "a_Auth")): Object: 'Object Repository/AdminSuiteBootstrap_Pages/VSP_Bootstrap/View Profile/a_Auth' is clicked on

2022-06-30 22:45:54 - [MESSAGE][PASSED] - Object: 'Object Repository/AdminSuiteBootstrap_Pages/VSP_Bootstrap/View Profile/a_Auth' is clicked on

2022-06-30 22:45:54 - [TEST_STEP][PASSED] - verifyTextPresent("Credit Card Authorization", true): Text 'Credit Card Authorization' is present on page  using regular expression

2022-06-30 22:45:55 - [MESSAGE][PASSED] - Text 'Credit Card Authorization' is present on page  using regular expression

2022-06-30 22:45:55 - [TEST_STEP][PASSED] - verifyTextPresent("Required fields are highlighted with an asterisk", true): Text 'Required fields are highlighted with an asterisk' is present on page  using regular expression

2022-06-30 22:45:55 - [MESSAGE][PASSED] - Text 'Required fields are highlighted with an asterisk' is present on page  using regular expression

2022-06-30 22:45:55 - [TEST_STEP][PASSED] - verifyTextPresent("Remittance ID", true): Text 'Remittance ID' is present on page  using regular expression

2022-06-30 22:45:56 - [MESSAGE][PASSED] - Text 'Remittance ID' is present on page  using regular expression

2022-06-30 22:45:56 - [TEST_STEP][PASSED] - vspBootstrap.SalePage.setDataSaleAndAuth(row, dataFile): vspBootstrap.SalePage.setDataSaleAndAuth is PASSED

2022-06-30 22:45:57 - [MESSAGE][PASSED] - All options with value 'MOTO' are selected in object 'Object Repository/AdminSuiteBootstrap_Pages/VSP_Bootstrap/VSP_Authcap/select_TransactionCategory'  using regular expression

2022-06-30 22:45:58 - [MESSAGE][PASSED] - Text '123' is set on object 'Object Repository/AdminSuiteBootstrap_Pages/VSP_Bootstrap/VSP_Authcap/input_cvv'

2022-06-30 22:45:59 - [MESSAGE][PASSED] - Text '' is set on object 'Object Repository/AdminSuiteBootstrap_Pages/VSP_Bootstrap/VSP_Authcap/input_smsNumber'

2022-06-30 22:45:59 - [MESSAGE][PASSED] - Text '2.50' is set on object 'Object Repository/AdminSuiteBootstrap_Pages/VSP_Bootstrap/VSP_Authcap/input_amount'

2022-06-30 22:46:00 - [MESSAGE][PASSED] - Text 'Delhi' is set on object 'Object Repository/AdminSuiteBootstrap_Pages/VSP_Bootstrap/VSP_Authcap/input_userDefined1'

2022-06-30 22:46:01 - [MESSAGE][PASSED] - Text 'Chennai' is set on object 'Object Repository/AdminSuiteBootstrap_Pages/VSP_Bootstrap/VSP_Authcap/input_userDefined2'

2022-06-30 22:46:02 - [MESSAGE][PASSED] - Text 'Mumbai' is set on object 'Object Repository/AdminSuiteBootstrap_Pages/VSP_Bootstrap/VSP_Authcap/input_userDefined3'

2022-06-30 22:46:02 - [MESSAGE][PASSED] - Text 'Kanpur' is set on object 'Object Repository/AdminSuiteBootstrap_Pages/VSP_Bootstrap/VSP_Authcap/input_userDefined4'

2022-06-30 22:46:03 - [MESSAGE][PASSED] - All options with label 'Orange' are selected in object 'Object Repository/AdminSuiteBootstrap_Pages/VSP_Bootstrap/VSP_Authcap/select_UDF5'  using regular expression

2022-06-30 22:46:04 - [MESSAGE][PASSED] - All options with label 'Yellow' are selected in object 'Object Repository/AdminSuiteBootstrap_Pages/VSP_Bootstrap/VSP_Authcap/select_UDF6'  using regular expression

2022-06-30 22:46:05 - [MESSAGE][PASSED] - Text 'Kolkata' is set on object 'Object Repository/AdminSuiteBootstrap_Pages/VSP_Bootstrap/VSP_Authcap/input_userDefined7'

2022-06-30 22:46:05 - [MESSAGE][PASSED] - Text 'Pune' is set on object 'Object Repository/AdminSuiteBootstrap_Pages/VSP_Bootstrap/VSP_Authcap/input_userDefined8'

2022-06-30 22:46:06 - [MESSAGE][PASSED] - Text 'Bhavnagar' is set on object 'Object Repository/AdminSuiteBootstrap_Pages/VSP_Bootstrap/VSP_Authcap/input_userDefined9'

2022-06-30 22:46:07 - [MESSAGE][PASSED] - Text 'Noida' is set on object 'Object Repository/AdminSuiteBootstrap_Pages/VSP_Bootstrap/VSP_Authcap/input_userDefined10'

2022-06-30 22:46:09 - [MESSAGE][PASSED] - Object: 'Object Repository/AdminSuiteBootstrap_Pages/VSP_Bootstrap/VSP_Authcap/button_Submit' is clicked on

2022-06-30 22:46:09 - [MESSAGE][PASSED] - vspBootstrap.SalePage.setDataSaleAndAuth is PASSED

2022-06-30 22:46:09 - [TEST_STEP][PASSED] - verifyTextPresent("Transaction Successful", true): Text 'Transaction Successful' is present on page  using regular expression

2022-06-30 22:46:10 - [MESSAGE][PASSED] - Text 'Transaction Successful' is present on page  using regular expression

2022-06-30 22:46:10 - [TEST_STEP][PASSED] - verifyElementVisible(findTestObject("Object Repository/AdminSuiteBootstrap_Pages/VT_Bootstrap/Receipt/button_Continue")): Object 'Object Repository/AdminSuiteBootstrap_Pages/VT_Bootstrap/Receipt/button_Continue' is visible

2022-06-30 22:46:10 - [MESSAGE][PASSED] - Object 'Object Repository/AdminSuiteBootstrap_Pages/VT_Bootstrap/Receipt/button_Continue' is visible

2022-06-30 22:46:10 - [TEST_STEP][PASSED] - verifyElementPresent(findTestObject("Object Repository/AdminSuiteBootstrap_Pages/VT_Bootstrap/Receipt/button_Continue"), 20): Object 'Object Repository/AdminSuiteBootstrap_Pages/VT_Bootstrap/Receipt/button_Continue' is present

2022-06-30 22:46:11 - [MESSAGE][PASSED] - Object 'Object Repository/AdminSuiteBootstrap_Pages/VT_Bootstrap/Receipt/button_Continue' is present

2022-06-30 22:46:11 - [TEST_STEP][PASSED] - verifyElementVisible(findTestObject("Object Repository/AdminSuiteBootstrap_Pages/VT_Bootstrap/Receipt/button_Print")): Object 'Object Repository/AdminSuiteBootstrap_Pages/VT_Bootstrap/Receipt/button_Print' is visible

2022-06-30 22:46:11 - [MESSAGE][PASSED] - Object 'Object Repository/AdminSuiteBootstrap_Pages/VT_Bootstrap/Receipt/button_Print' is visible

2022-06-30 22:46:11 - [TEST_STEP][PASSED] - verifyElementPresent(findTestObject("Object Repository/AdminSuiteBootstrap_Pages/VT_Bootstrap/Receipt/button_Print"), 20): Object 'Object Repository/AdminSuiteBootstrap_Pages/VT_Bootstrap/Receipt/button_Print' is present

2022-06-30 22:46:11 - [MESSAGE][PASSED] - Object 'Object Repository/AdminSuiteBootstrap_Pages/VT_Bootstrap/Receipt/button_Print' is present

2022-06-30 22:46:11 - [TEST_STEP][PASSED] - verifyTextPresent("Remittance ID", true): Text 'Remittance ID' is present on page  using regular expression

2022-06-30 22:46:12 - [MESSAGE][PASSED] - Text 'Remittance ID' is present on page  using regular expression

2022-06-30 22:46:12 - [TEST_STEP][PASSED] - verifyTextPresent("Received", true): Text 'Received' is present on page  using regular expression

2022-06-30 22:46:12 - [MESSAGE][PASSED] - Text 'Received' is present on page  using regular expression

2022-06-30 22:46:12 - [TEST_STEP][PASSED] - verifyTextPresent("UDF1", true): Text 'UDF1' is present on page  using regular expression

2022-06-30 22:46:12 - [MESSAGE][PASSED] - Text 'UDF1' is present on page  using regular expression

2022-06-30 22:46:12 - [TEST_STEP][PASSED] - verifyTextPresent("UDF2", true): Text 'UDF2' is present on page  using regular expression

2022-06-30 22:46:13 - [MESSAGE][PASSED] - Text 'UDF2' is present on page  using regular expression

2022-06-30 22:46:13 - [TEST_STEP][PASSED] - verifyTextPresent("UDF3", true): Text 'UDF3' is present on page  using regular expression

2022-06-30 22:46:13 - [MESSAGE][PASSED] - Text 'UDF3' is present on page  using regular expression

2022-06-30 22:46:13 - [TEST_STEP][PASSED] - verifyTextPresent("UDF4", true): Text 'UDF4' is present on page  using regular expression

2022-06-30 22:46:13 - [MESSAGE][PASSED] - Text 'UDF4' is present on page  using regular expression

2022-06-30 22:46:13 - [TEST_STEP][PASSED] - verifyTextPresent("UDF5", true): Text 'UDF5' is present on page  using regular expression

2022-06-30 22:46:14 - [MESSAGE][PASSED] - Text 'UDF5' is present on page  using regular expression

2022-06-30 22:46:14 - [TEST_STEP][PASSED] - verifyTextPresent("UDF6", true): Text 'UDF6' is present on page  using regular expression

2022-06-30 22:46:14 - [MESSAGE][PASSED] - Text 'UDF6' is present on page  using regular expression

2022-06-30 22:46:14 - [TEST_STEP][PASSED] - verifyTextPresent("UDF7", true): Text 'UDF7' is present on page  using regular expression

2022-06-30 22:46:14 - [MESSAGE][PASSED] - Text 'UDF7' is present on page  using regular expression

2022-06-30 22:46:14 - [TEST_STEP][PASSED] - verifyTextPresent("UDF8", true): Text 'UDF8' is present on page  using regular expression

2022-06-30 22:46:15 - [MESSAGE][PASSED] - Text 'UDF8' is present on page  using regular expression

2022-06-30 22:46:15 - [TEST_STEP][PASSED] - verifyTextPresent("UDF9", true): Text 'UDF9' is present on page  using regular expression

2022-06-30 22:46:15 - [MESSAGE][PASSED] - Text 'UDF9' is present on page  using regular expression

2022-06-30 22:46:15 - [TEST_STEP][PASSED] - verifyTextPresent("UDF 10", true): Text 'UDF 10' is present on page  using regular expression

2022-06-30 22:46:15 - [MESSAGE][PASSED] - Text 'UDF 10' is present on page  using regular expression

2022-06-30 22:46:15 - [TEST_STEP][PASSED] - verifyTextPresent("Delhi", true): Text 'Delhi' is present on page  using regular expression

2022-06-30 22:46:16 - [MESSAGE][PASSED] - Text 'Delhi' is present on page  using regular expression

2022-06-30 22:46:16 - [TEST_STEP][PASSED] - verifyTextPresent("Chennai", true): Text 'Chennai' is present on page  using regular expression

2022-06-30 22:46:16 - [MESSAGE][PASSED] - Text 'Chennai' is present on page  using regular expression

2022-06-30 22:46:16 - [TEST_STEP][PASSED] - verifyTextPresent("Mumbai", true): Text 'Mumbai' is present on page  using regular expression

2022-06-30 22:46:16 - [MESSAGE][PASSED] - Text 'Mumbai' is present on page  using regular expression

2022-06-30 22:46:16 - [TEST_STEP][PASSED] - verifyTextPresent("Kanpur", true): Text 'Kanpur' is present on page  using regular expression

2022-06-30 22:46:17 - [MESSAGE][PASSED] - Text 'Kanpur' is present on page  using regular expression

2022-06-30 22:46:17 - [TEST_STEP][PASSED] - verifyTextPresent("Orange Recorded", true): Text 'Orange Recorded' is present on page  using regular expression

2022-06-30 22:46:17 - [MESSAGE][PASSED] - Text 'Orange Recorded' is present on page  using regular expression

2022-06-30 22:46:17 - [TEST_STEP][PASSED] - verifyTextPresent("Yellow Recorded", true): Text 'Yellow Recorded' is present on page  using regular expression

2022-06-30 22:46:17 - [MESSAGE][PASSED] - Text 'Yellow Recorded' is present on page  using regular expression

2022-06-30 22:46:17 - [TEST_STEP][PASSED] - verifyTextPresent("Kolkata", true): Text 'Kolkata' is present on page  using regular expression

2022-06-30 22:46:18 - [MESSAGE][PASSED] - Text 'Kolkata' is present on page  using regular expression

2022-06-30 22:46:18 - [TEST_STEP][PASSED] - verifyTextPresent("Pune", true): Text 'Pune' is present on page  using regular expression

2022-06-30 22:46:18 - [MESSAGE][PASSED] - Text 'Pune' is present on page  using regular expression

2022-06-30 22:46:18 - [TEST_STEP][PASSED] - verifyTextPresent("Bhavnagar", true): Text 'Bhavnagar' is present on page  using regular expression

2022-06-30 22:46:18 - [MESSAGE][PASSED] - Text 'Bhavnagar' is present on page  using regular expression

2022-06-30 22:46:18 - [TEST_STEP][PASSED] - verifyTextPresent("Noida", true): Text 'Noida' is present on page  using regular expression

2022-06-30 22:46:19 - [MESSAGE][PASSED] - Text 'Noida' is present on page  using regular expression

2022-06-30 22:46:19 - [TEST_STEP][PASSED] - verifyTextPresent("Amount", true): Text 'Amount' is present on page  using regular expression

2022-06-30 22:46:19 - [MESSAGE][PASSED] - Text 'Amount' is present on page  using regular expression

2022-06-30 22:46:19 - [TEST_STEP][PASSED] - verifyTextPresent("2.50", true): Text '2.50' is present on page  using regular expression

2022-06-30 22:46:19 - [MESSAGE][PASSED] - Text '2.50' is present on page  using regular expression

2022-06-30 22:46:19 - [TEST_STEP][PASSED] - verifyTextPresent("Authorization", true): Text 'Authorization' is present on page  using regular expression

2022-06-30 22:46:20 - [MESSAGE][PASSED] - Text 'Authorization' is present on page  using regular expression

2022-06-30 22:46:20 - [TEST_STEP][PASSED] - verifyTextPresent("Card Information", true): Text 'Card Information' is present on page  using regular expression

2022-06-30 22:46:20 - [MESSAGE][PASSED] - Text 'Card Information' is present on page  using regular expression

2022-06-30 22:46:20 - [TEST_STEP][PASSED] - verifyTextPresent("TANDON RAVENA", true): Text 'TANDON RAVENA' is present on page  using regular expression

2022-06-30 22:46:20 - [MESSAGE][PASSED] - Text 'TANDON RAVENA' is present on page  using regular expression

2022-06-30 22:46:20 - [TEST_STEP][PASSED] - verifyTextPresent("Address Line 1", true): Text 'Address Line 1' is present on page  using regular expression

2022-06-30 22:46:21 - [MESSAGE][PASSED] - Text 'Address Line 1' is present on page  using regular expression

2022-06-30 22:46:21 - [TEST_STEP][PASSED] - verifyTextPresent("Address Line 2", true): Text 'Address Line 2' is present on page  using regular expression

2022-06-30 22:46:21 - [MESSAGE][PASSED] - Text 'Address Line 2' is present on page  using regular expression

2022-06-30 22:46:21 - [TEST_STEP][PASSED] - verifyTextPresent("Country", true): Text 'Country' is present on page  using regular expression

2022-06-30 22:46:21 - [MESSAGE][PASSED] - Text 'Country' is present on page  using regular expression

2022-06-30 22:46:21 - [TEST_STEP][PASSED] - verifyTextPresent("City", true): Text 'City' is present on page  using regular expression

2022-06-30 22:46:21 - [MESSAGE][PASSED] - Text 'City' is present on page  using regular expression

2022-06-30 22:46:21 - [TEST_STEP][PASSED] - verifyTextPresent("State", true): Text 'State' is present on page  using regular expression

2022-06-30 22:46:22 - [MESSAGE][PASSED] - Text 'State' is present on page  using regular expression

2022-06-30 22:46:22 - [TEST_STEP][PASSED] - verifyTextPresent("ZIP Code", true): Text 'ZIP Code' is present on page  using regular expression

2022-06-30 22:46:22 - [MESSAGE][PASSED] - Text 'ZIP Code' is present on page  using regular expression

2022-06-30 22:46:22 - [TEST_STEP][PASSED] - verifyTextPresent("248 PhoolKaante road", true): Text '248 PhoolKaante road' is present on page  using regular expression

2022-06-30 22:46:22 - [MESSAGE][PASSED] - Text '248 PhoolKaante road' is present on page  using regular expression

2022-06-30 22:46:22 - [TEST_STEP][PASSED] - verifyTextPresent("Suite 678", true): Text 'Suite 678' is present on page  using regular expression

2022-06-30 22:46:23 - [MESSAGE][PASSED] - Text 'Suite 678' is present on page  using regular expression

2022-06-30 22:46:23 - [TEST_STEP][PASSED] - verifyTextPresent("United States", true): Text 'United States' is present on page  using regular expression

2022-06-30 22:46:23 - [MESSAGE][PASSED] - Text 'United States' is present on page  using regular expression

2022-06-30 22:46:23 - [TEST_STEP][PASSED] - verifyTextPresent("ARLINGTON", true): Text 'ARLINGTON' is present on page  using regular expression

2022-06-30 22:46:23 - [MESSAGE][PASSED] - Text 'ARLINGTON' is present on page  using regular expression

2022-06-30 22:46:23 - [TEST_STEP][PASSED] - verifyTextPresent("VA", true): Text 'VA' is present on page  using regular expression

2022-06-30 22:46:24 - [MESSAGE][PASSED] - Text 'VA' is present on page  using regular expression

2022-06-30 22:46:24 - [TEST_STEP][PASSED] - verifyTextPresent("22201", true): Text '22201' is present on page  using regular expression

2022-06-30 22:46:24 - [MESSAGE][PASSED] - Text '22201' is present on page  using regular expression

2022-06-30 22:46:24 - [TEST_STEP][PASSED] - cardTypeV = findTestData(dataFile).getValue("CardType", row): null

2022-06-30 22:46:24 - [TEST_STEP][PASSED] - last4V = findTestData(dataFile).getValue("Last4", row): null

2022-06-30 22:46:24 - [TEST_STEP][PASSED] - verifyTextPresent(cardTypeV, true): Text 'Visa' is present on page  using regular expression

2022-06-30 22:46:25 - [MESSAGE][PASSED] - Text 'Visa' is present on page  using regular expression

2022-06-30 22:46:25 - [TEST_STEP][PASSED] - verifyTextPresent(last4V, true): Text '5439' is present on page  using regular expression

2022-06-30 22:46:25 - [MESSAGE][PASSED] - Text '5439' is present on page  using regular expression

2022-06-30 22:46:25 - [TEST_STEP][PASSED] - switch (appName): null

2022-06-30 22:46:25 - [TEST_STEP][PASSED] - case "a_Access AutoDualCFtpQA":: null

2022-06-30 22:46:25 - [TEST_STEP][PASSED] - verifyTextPresent("5.00", true): Text '5.00' is present on page  using regular expression

2022-06-30 22:46:25 - [MESSAGE][PASSED] - Text '5.00' is present on page  using regular expression

2022-06-30 22:46:25 - [TEST_STEP][PASSED] - verifyTextPresent("Dual Transaction", true): Text 'Dual Transaction' is present on page  using regular expression

2022-06-30 22:46:26 - [MESSAGE][PASSED] - Text 'Dual Transaction' is present on page  using regular expression

2022-06-30 22:46:26 - [TEST_STEP][PASSED] - verifyTextPresent("7.50", true): Text '7.50' is present on page  using regular expression

2022-06-30 22:46:26 - [MESSAGE][PASSED] - Text '7.50' is present on page  using regular expression

2022-06-30 22:46:26 - [TEST_STEP][PASSED] - verifyTextPresent("Total Amount", true): Text 'Total Amount' is present on page  using regular expression

2022-06-30 22:46:26 - [MESSAGE][PASSED] - Text 'Total Amount' is present on page  using regular expression

2022-06-30 22:46:26 - [TEST_STEP][PASSED] - verifyTextPresent("Transaction Type", true): Text 'Transaction Type' is present on page  using regular expression

2022-06-30 22:46:27 - [MESSAGE][PASSED] - Text 'Transaction Type' is present on page  using regular expression

2022-06-30 22:46:27 - [TEST_STEP][PASSED] - break: null

2022-06-30 22:46:27 - [TEST_STEP][PASSED] - closeBrowser(): Browser is closed

2022-06-30 22:46:27 - [MESSAGE][PASSED] - Browser is closed

2022-06-30 22:46:27 - [TEST_STEP][PASSED] - ExecuteTC = findTestData(dataFile).getValue("Execute", row): null

2022-06-30 22:46:27 - [TEST_STEP][PASSED] - out.println("Value of Execute is : " + ExecuteTC): null

2022-06-30 22:46:27 - [TEST_STEP][PASSED] - switch (executionProfile): null

2022-06-30 22:46:27 - [TEST_STEP][PASSED] - case "QAProfile":: null

2022-06-30 22:46:27 - [TEST_STEP][PASSED] - appName = findTestData(dataFile).getValue("AppNameQA", row): null

2022-06-30 22:46:28 - [TEST_STEP][PASSED] - appID = findTestData(dataFile).getValue("AppIDQA", row): null

2022-06-30 22:46:28 - [TEST_STEP][PASSED] - break: null

2022-06-30 22:46:28 - [TEST_STEP][PASSED] - if (ExecuteTC.equalsIgnoreCase("Y")): null

2022-06-30 22:46:28 - [TEST_STEP][PASSED] - closeBrowser(): Browser is closed

2022-06-30 22:46:28 - [MESSAGE][PASSED] - Browser is closed

2022-06-30 22:46:28 - [TEST_STEP][PASSED] - ExecuteTC = findTestData(dataFile).getValue("Execute", row): null

2022-06-30 22:46:28 - [TEST_STEP][PASSED] - out.println("Value of Execute is : " + ExecuteTC): null

2022-06-30 22:46:28 - [TEST_STEP][PASSED] - switch (executionProfile): null

2022-06-30 22:46:28 - [TEST_STEP][PASSED] - case "QAProfile":: null

2022-06-30 22:46:28 - [TEST_STEP][PASSED] - appName = findTestData(dataFile).getValue("AppNameQA", row): null

2022-06-30 22:46:28 - [TEST_STEP][PASSED] - appID = findTestData(dataFile).getValue("AppIDQA", row): null

2022-06-30 22:46:28 - [TEST_STEP][PASSED] - break: null

2022-06-30 22:46:28 - [TEST_STEP][PASSED] - if (ExecuteTC.equalsIgnoreCase("Y")): null

2022-06-30 22:46:28 - [TEST_STEP][PASSED] - closeBrowser(): Browser is closed

2022-06-30 22:46:28 - [MESSAGE][PASSED] - Browser is closed

2022-06-30 22:46:28 - [TEST_STEP][PASSED] - ExecuteTC = findTestData(dataFile).getValue("Execute", row): null

2022-06-30 22:46:28 - [TEST_STEP][PASSED] - out.println("Value of Execute is : " + ExecuteTC): null

2022-06-30 22:46:28 - [TEST_STEP][PASSED] - switch (executionProfile): null

2022-06-30 22:46:28 - [TEST_STEP][PASSED] - case "QAProfile":: null

2022-06-30 22:46:28 - [TEST_STEP][PASSED] - appName = findTestData(dataFile).getValue("AppNameQA", row): null

2022-06-30 22:46:28 - [TEST_STEP][PASSED] - appID = findTestData(dataFile).getValue("AppIDQA", row): null

2022-06-30 22:46:28 - [TEST_STEP][PASSED] - break: null

2022-06-30 22:46:28 - [TEST_STEP][PASSED] - if (ExecuteTC.equalsIgnoreCase("Y")): null

2022-06-30 22:46:28 - [TEST_STEP][PASSED] - closeBrowser(): Browser is closed

2022-06-30 22:46:28 - [MESSAGE][PASSED] - Browser is closed

2022-06-30 22:46:28 - [TEST_STEP][PASSED] - ExecuteTC = findTestData(dataFile).getValue("Execute", row): null

2022-06-30 22:46:28 - [TEST_STEP][PASSED] - out.println("Value of Execute is : " + ExecuteTC): null

2022-06-30 22:46:28 - [TEST_STEP][PASSED] - switch (executionProfile): null

2022-06-30 22:46:28 - [TEST_STEP][PASSED] - case "QAProfile":: null

2022-06-30 22:46:28 - [TEST_STEP][PASSED] - appName = findTestData(dataFile).getValue("AppNameQA", row): null

2022-06-30 22:46:28 - [TEST_STEP][PASSED] - appID = findTestData(dataFile).getValue("AppIDQA", row): null

2022-06-30 22:46:28 - [TEST_STEP][PASSED] - break: null

2022-06-30 22:46:28 - [TEST_STEP][PASSED] - if (ExecuteTC.equalsIgnoreCase("Y")): null

2022-06-30 22:46:28 - [TEST_STEP][PASSED] - closeBrowser(): Browser is closed

2022-06-30 22:46:28 - [MESSAGE][PASSED] - Browser is closed

2022-06-30 22:46:28 - [TEST_STEP][PASSED] - ExecuteTC = findTestData(dataFile).getValue("Execute", row): null

2022-06-30 22:46:28 - [TEST_STEP][PASSED] - out.println("Value of Execute is : " + ExecuteTC): null

2022-06-30 22:46:28 - [TEST_STEP][PASSED] - switch (executionProfile): null

2022-06-30 22:46:28 - [TEST_STEP][PASSED] - case "QAProfile":: null

2022-06-30 22:46:28 - [TEST_STEP][PASSED] - appName = findTestData(dataFile).getValue("AppNameQA", row): null

2022-06-30 22:46:28 - [TEST_STEP][PASSED] - appID = findTestData(dataFile).getValue("AppIDQA", row): null

2022-06-30 22:46:28 - [TEST_STEP][PASSED] - break: null

2022-06-30 22:46:28 - [TEST_STEP][PASSED] - if (ExecuteTC.equalsIgnoreCase("Y")): null

2022-06-30 22:46:28 - [TEST_STEP][PASSED] - closeBrowser(): Browser is closed

2022-06-30 22:46:28 - [MESSAGE][PASSED] - Browser is closed

2022-06-30 22:46:28 - [TEST_STEP][PASSED] - ExecuteTC = findTestData(dataFile).getValue("Execute", row): null

2022-06-30 22:46:28 - [TEST_STEP][PASSED] - out.println("Value of Execute is : " + ExecuteTC): null

2022-06-30 22:46:28 - [TEST_STEP][PASSED] - switch (executionProfile): null

2022-06-30 22:46:28 - [TEST_STEP][PASSED] - case "QAProfile":: null

2022-06-30 22:46:28 - [TEST_STEP][PASSED] - appName = findTestData(dataFile).getValue("AppNameQA", row): null

2022-06-30 22:46:28 - [TEST_STEP][PASSED] - appID = findTestData(dataFile).getValue("AppIDQA", row): null

2022-06-30 22:46:28 - [TEST_STEP][PASSED] - break: null

2022-06-30 22:46:28 - [TEST_STEP][PASSED] - if (ExecuteTC.equalsIgnoreCase("Y")): null

2022-06-30 22:46:28 - [TEST_STEP][PASSED] - closeBrowser(): Browser is closed

2022-06-30 22:46:28 - [MESSAGE][PASSED] - Browser is closed

2022-06-30 22:46:28 - [TEST_STEP][PASSED] - ExecuteTC = findTestData(dataFile).getValue("Execute", row): null

2022-06-30 22:46:28 - [TEST_STEP][PASSED] - out.println("Value of Execute is : " + ExecuteTC): null

2022-06-30 22:46:28 - [TEST_STEP][PASSED] - switch (executionProfile): null

2022-06-30 22:46:28 - [TEST_STEP][PASSED] - case "QAProfile":: null

2022-06-30 22:46:28 - [TEST_STEP][PASSED] - appName = findTestData(dataFile).getValue("AppNameQA", row): null

2022-06-30 22:46:28 - [TEST_STEP][PASSED] - appID = findTestData(dataFile).getValue("AppIDQA", row): null

2022-06-30 22:46:28 - [TEST_STEP][PASSED] - break: null

2022-06-30 22:46:28 - [TEST_STEP][PASSED] - if (ExecuteTC.equalsIgnoreCase("Y")): null

2022-06-30 22:46:28 - [TEST_STEP][PASSED] - closeBrowser(): Browser is closed

2022-06-30 22:46:28 - [MESSAGE][PASSED] - Browser is closed]]></system-out>
         <system-err><![CDATA[]]></system-err>
      </testcase>
      <testcase name="Test Cases/Admin Suite Bootstrap/VSP_Payments_TestCases/Debit_TP_AllCF_Generic_Payment_TC" time="756.47" classname="Test Cases/Admin Suite Bootstrap/VSP_Payments_TestCases/Debit_TP_AllCF_Generic_Payment_TC" status="PASSED">
         <system-out><![CDATA[2022-06-30 22:46:28 - [TEST_CASE][PASSED] - Test Cases/Admin Suite Bootstrap/VSP_Payments_TestCases/Debit_TP_AllCF_Generic_Payment_TC: Test Cases/Admin Suite Bootstrap/VSP_Payments_TestCases/Debit_TP_AllCF_Generic_Payment_TC

2022-06-30 22:46:29 - [TEST_STEP][PASSED] - path_Dashboard = "Object Repository/AdminSuiteBootstrap_Pages/Dashboard_Bootstrap/": null

2022-06-30 22:46:29 - [TEST_STEP][PASSED] - path_VT = "Object Repository/AdminSuiteBootstrap_Pages/VT_Bootstrap/IssueTransactions/": null

2022-06-30 22:46:29 - [TEST_STEP][PASSED] - path_CreateProfile = "Object Repository/AdminSuiteBootstrap_Pages/VSP_Bootstrap/CreateProfile/": null

2022-06-30 22:46:29 - [TEST_STEP][PASSED] - path_AddAccount = "Object Repository/AdminSuiteBootstrap_Pages/VSP_Bootstrap/AddAccount/": null

2022-06-30 22:46:29 - [TEST_STEP][PASSED] - path_Add_ACH = "Object Repository/AdminSuiteBootstrap_Pages/VSP_Bootstrap/AddACH/": null

2022-06-30 22:46:29 - [TEST_STEP][PASSED] - path_Add_CC = "Object Repository/AdminSuiteBootstrap_Pages/VSP_Bootstrap/AddCreditCard/": null

2022-06-30 22:46:29 - [TEST_STEP][PASSED] - path_App_Plan = "Object Repository/AdminSuiteBootstrap_Pages/VSP_Bootstrap/AddPaymentPlan/": null

2022-06-30 22:46:29 - [TEST_STEP][PASSED] - path_DeleteProfile = "Object Repository/AdminSuiteBootstrap_Pages/VSP_Bootstrap/DeleteProfile/": null

2022-06-30 22:46:29 - [TEST_STEP][PASSED] - path_ModifyProfile = "Object Repository/AdminSuiteBootstrap_Pages/VSP_Bootstrap/ModifyProfile/": null

2022-06-30 22:46:29 - [TEST_STEP][PASSED] - path_ViewProfile = "Object Repository/AdminSuiteBootstrap_Pages/VSP_Bootstrap/View Profile/": null

2022-06-30 22:46:29 - [TEST_STEP][PASSED] - path_VSPAuth = "Object Repository/AdminSuiteBootstrap_Pages/VSP_Bootstrap/VSP_Auth/": null

2022-06-30 22:46:29 - [TEST_STEP][PASSED] - path_VSPAuthCap = "Object Repository/AdminSuiteBootstrap_Pages/VSP_Bootstrap/VSP_Authcap/": null

2022-06-30 22:46:29 - [TEST_STEP][PASSED] - path_Debit = "Object Repository/AdminSuiteBootstrap_Pages/VSP_Bootstrap/VSP_Debit/": null

2022-06-30 22:46:29 - [TEST_STEP][PASSED] - path_DeleteProfileConfirm = "Object Repository/AdminSuiteBootstrap_Pages/VSP_Bootstrap/DeleteProfileConfirm/": null

2022-06-30 22:46:29 - [TEST_STEP][PASSED] - executionProfile = getExecutionProfile(): null

2022-06-30 22:46:29 - [TEST_STEP][PASSED] - out.println("executionProfile : " + executionProfile): null

2022-06-30 22:46:29 - [TEST_STEP][PASSED] - appName = <not implemented yet for class: org.codehaus.groovy.ast.expr.EmptyExpression>: null

2022-06-30 22:46:29 - [TEST_STEP][PASSED] - appID = <not implemented yet for class: org.codehaus.groovy.ast.expr.EmptyExpression>: null

2022-06-30 22:46:29 - [TEST_STEP][PASSED] - cardNameV = <not implemented yet for class: org.codehaus.groovy.ast.expr.EmptyExpression>: null

2022-06-30 22:46:29 - [TEST_STEP][PASSED] - al1V = <not implemented yet for class: org.codehaus.groovy.ast.expr.EmptyExpression>: null

2022-06-30 22:46:29 - [TEST_STEP][PASSED] - al2V = <not implemented yet for class: org.codehaus.groovy.ast.expr.EmptyExpression>: null

2022-06-30 22:46:29 - [TEST_STEP][PASSED] - zipV = <not implemented yet for class: org.codehaus.groovy.ast.expr.EmptyExpression>: null

2022-06-30 22:46:29 - [TEST_STEP][PASSED] - tranType = <not implemented yet for class: org.codehaus.groovy.ast.expr.EmptyExpression>: null

2022-06-30 22:46:29 - [TEST_STEP][PASSED] - last4V = <not implemented yet for class: org.codehaus.groovy.ast.expr.EmptyExpression>: null

2022-06-30 22:46:29 - [TEST_STEP][PASSED] - nameSheet = "ACH-Payments-Debit": null

2022-06-30 22:46:29 - [TEST_STEP][PASSED] - numOfRows = findTestData("QA/Bootstrap/VSP-Payments-TestData/ACH-Payments-Debit").getRowNumbers(): null

2022-06-30 22:46:29 - [TEST_STEP][PASSED] - println("Number of Records: " + numOfRows): null

2022-06-30 22:46:29 - [TEST_STEP][PASSED] - dataFile = "QA/Bootstrap/VSP-Payments-TestData/ACH-Payments-Debit": null

2022-06-30 22:46:29 - [TEST_STEP][PASSED] - for ([row = 1, row <= numOfRows, (row++)]): Browser is closed

2022-06-30 22:46:29 - [TEST_STEP][PASSED] - ExecuteTC = findTestData(dataFile).getValue("Execute", row): null

2022-06-30 22:46:29 - [TEST_STEP][PASSED] - out.println("Value of Execute is : " + ExecuteTC): null

2022-06-30 22:46:29 - [TEST_STEP][PASSED] - switch (executionProfile): null

2022-06-30 22:46:29 - [TEST_STEP][PASSED] - case "QAProfile":: null

2022-06-30 22:46:29 - [TEST_STEP][PASSED] - appName = findTestData(dataFile).getValue("AppNameQA", row): null

2022-06-30 22:46:29 - [TEST_STEP][PASSED] - appID = findTestData(dataFile).getValue("AppIDQA", row): null

2022-06-30 22:46:29 - [TEST_STEP][PASSED] - break: null

2022-06-30 22:46:29 - [TEST_STEP][PASSED] - if (ExecuteTC.equalsIgnoreCase("Y")): null

2022-06-30 22:46:29 - [TEST_STEP][PASSED] - out.println("Begin Record Number: " + row): null

2022-06-30 22:46:29 - [TEST_STEP][PASSED] - today = new java.util.Date(): null

2022-06-30 22:46:29 - [TEST_STEP][PASSED] - println(today): null

2022-06-30 22:46:29 - [TEST_STEP][PASSED] - datText = today: null

2022-06-30 22:46:29 - [TEST_STEP][PASSED] - adminSuiteBootstrap.loginFunctionality.login_AdminSuite(): adminSuiteBootstrap.loginFunctionality.login_AdminSuite is PASSED

2022-06-30 22:46:29 - [MESSAGE][INFO] - Starting 'Chrome' driver

2022-06-30 22:46:29 - [MESSAGE][INFO] - User set preference: ['acceptInsecureCerts', 'true']

2022-06-30 22:46:29 - [MESSAGE][INFO] - Action delay is set to 0 milliseconds

2022-06-30 22:46:33 - [MESSAGE][PASSED] - Browser is opened with url: 'https://qa.velocitypayment.com/admin/imtiaz'

2022-06-30 22:46:33 - [MESSAGE][PASSED] - Current window maximized

2022-06-30 22:46:33 - [MESSAGE][PASSED] - Object 'Object Repository/Login_Page/Login_Username' is present

2022-06-30 22:46:34 - [MESSAGE][PASSED] - Text 'iahmed' is set on object 'Object Repository/Login_Page/Login_Username'

2022-06-30 22:46:35 - [MESSAGE][PASSED] - Text 'hello2222' is set on object 'Object Repository/Login_Page/Login_Password'

2022-06-30 22:46:39 - [MESSAGE][PASSED] - Object: 'Object Repository/Login_Page/Login_Submit' is clicked on

2022-06-30 22:46:39 - [MESSAGE][PASSED] - adminSuiteBootstrap.loginFunctionality.login_AdminSuite is PASSED

2022-06-30 22:46:39 - [TEST_STEP][PASSED] - click(findTestObject(path_Dashboard + appName)): Object: 'Object Repository/AdminSuiteBootstrap_Pages/Dashboard_Bootstrap/a_Access AutoNoCFtp' is clicked on

2022-06-30 22:46:40 - [MESSAGE][PASSED] - Object: 'Object Repository/AdminSuiteBootstrap_Pages/Dashboard_Bootstrap/a_Access AutoNoCFtp' is clicked on

2022-06-30 22:46:40 - [TEST_STEP][PASSED] - click(findTestObject(path_VT + "a_Find Profile")): Object: 'Object Repository/AdminSuiteBootstrap_Pages/VT_Bootstrap/IssueTransactions/a_Find Profile' is clicked on

2022-06-30 22:46:40 - [MESSAGE][PASSED] - Object: 'Object Repository/AdminSuiteBootstrap_Pages/VT_Bootstrap/IssueTransactions/a_Find Profile' is clicked on

2022-06-30 22:46:40 - [TEST_STEP][PASSED] - criteria = <not implemented yet for class: org.codehaus.groovy.ast.expr.EmptyExpression>: null

2022-06-30 22:46:40 - [TEST_STEP][PASSED] - searchBy = <not implemented yet for class: org.codehaus.groovy.ast.expr.EmptyExpression>: null

2022-06-30 22:46:40 - [TEST_STEP][PASSED] - criteria = findTestData(dataFile).getValue("ProfileName", row): null

2022-06-30 22:46:40 - [TEST_STEP][PASSED] - path_SearchProfile = "Object Repository/AdminSuiteBootstrap_Pages/VSP_Bootstrap/SearchProfile/": null

2022-06-30 22:46:40 - [TEST_STEP][PASSED] - setText(findTestObject(path_SearchProfile + "input_Criteria"), criteria): Text 'PaymentsPC' is set on object 'Object Repository/AdminSuiteBootstrap_Pages/VSP_Bootstrap/SearchProfile/input_Criteria'

2022-06-30 22:46:41 - [MESSAGE][PASSED] - Text 'PaymentsPC' is set on object 'Object Repository/AdminSuiteBootstrap_Pages/VSP_Bootstrap/SearchProfile/input_Criteria'

2022-06-30 22:46:41 - [TEST_STEP][PASSED] - click(findTestObject(path_SearchProfile + "button_Search")): Object: 'Object Repository/AdminSuiteBootstrap_Pages/VSP_Bootstrap/SearchProfile/button_Search' is clicked on

2022-06-30 22:46:42 - [MESSAGE][PASSED] - Object: 'Object Repository/AdminSuiteBootstrap_Pages/VSP_Bootstrap/SearchProfile/button_Search' is clicked on

2022-06-30 22:46:42 - [TEST_STEP][PASSED] - profNameLink = findTestData(dataFile).getValue("ProfileNameLink", row): null

2022-06-30 22:46:43 - [TEST_STEP][PASSED] - click(findTestObject(path_ViewProfile + profNameLink)): Object: 'Object Repository/AdminSuiteBootstrap_Pages/VSP_Bootstrap/View Profile/a_PaymentsPC' is clicked on

2022-06-30 22:46:44 - [MESSAGE][PASSED] - Object: 'Object Repository/AdminSuiteBootstrap_Pages/VSP_Bootstrap/View Profile/a_PaymentsPC' is clicked on

2022-06-30 22:46:44 - [TEST_STEP][PASSED] - click(findTestObject(path_ViewProfile + "a_Debit")): Object: 'Object Repository/AdminSuiteBootstrap_Pages/VSP_Bootstrap/View Profile/a_Debit' is clicked on

2022-06-30 22:46:48 - [MESSAGE][PASSED] - Object: 'Object Repository/AdminSuiteBootstrap_Pages/VSP_Bootstrap/View Profile/a_Debit' is clicked on

2022-06-30 22:46:48 - [TEST_STEP][PASSED] - verifyTextPresent("Remittance ID", true): Text 'Remittance ID' is present on page  using regular expression

2022-06-30 22:46:49 - [MESSAGE][PASSED] - Text 'Remittance ID' is present on page  using regular expression

2022-06-30 22:46:49 - [TEST_STEP][PASSED] - vspBootstrap.ACHDebitPage.setDataACHDebit(row, dataFile): vspBootstrap.ACHDebitPage.setDataACHDebit is PASSED

2022-06-30 22:46:51 - [MESSAGE][PASSED] - All options with value 'PPD' are selected in object 'Object Repository/AdminSuiteBootstrap_Pages/VSP_Bootstrap/VSP_Debit/select_StdEntryClass'  using regular expression

2022-06-30 22:46:51 - [MESSAGE][PASSED] - Text '' is set on object 'Object Repository/AdminSuiteBootstrap_Pages/VSP_Bootstrap/VSP_Debit/input_smsNumber'

2022-06-30 22:46:52 - [MESSAGE][PASSED] - Text '2.50' is set on object 'Object Repository/AdminSuiteBootstrap_Pages/VSP_Bootstrap/VSP_Debit/input_amount'

2022-06-30 22:46:53 - [MESSAGE][PASSED] - Text 'Delhi' is set on object 'Object Repository/AdminSuiteBootstrap_Pages/VSP_Bootstrap/VSP_Debit/input_userDefined1'

2022-06-30 22:46:53 - [MESSAGE][PASSED] - Text 'Chennai' is set on object 'Object Repository/AdminSuiteBootstrap_Pages/VSP_Bootstrap/VSP_Debit/input_userDefined2'

2022-06-30 22:46:54 - [MESSAGE][PASSED] - Text 'Mumbai' is set on object 'Object Repository/AdminSuiteBootstrap_Pages/VSP_Bootstrap/VSP_Debit/input_userDefined3'

2022-06-30 22:46:55 - [MESSAGE][PASSED] - Text 'Kanpur' is set on object 'Object Repository/AdminSuiteBootstrap_Pages/VSP_Bootstrap/VSP_Debit/input_userDefined4'

2022-06-30 22:46:55 - [MESSAGE][PASSED] - All options with label 'Orange' are selected in object 'Object Repository/AdminSuiteBootstrap_Pages/VSP_Bootstrap/VSP_Debit/select_UDF5'  using regular expression

2022-06-30 22:46:56 - [MESSAGE][PASSED] - All options with label 'Yellow' are selected in object 'Object Repository/AdminSuiteBootstrap_Pages/VSP_Bootstrap/VSP_Debit/select_UDF6'  using regular expression

2022-06-30 22:46:57 - [MESSAGE][PASSED] - Text 'Kolkata' is set on object 'Object Repository/AdminSuiteBootstrap_Pages/VSP_Bootstrap/VSP_Debit/input_userDefined7'

2022-06-30 22:46:58 - [MESSAGE][PASSED] - Text 'Pune' is set on object 'Object Repository/AdminSuiteBootstrap_Pages/VSP_Bootstrap/VSP_Debit/input_userDefined8'

2022-06-30 22:46:58 - [MESSAGE][PASSED] - Text 'Bhavnagar' is set on object 'Object Repository/AdminSuiteBootstrap_Pages/VSP_Bootstrap/VSP_Debit/input_userDefined9'

2022-06-30 22:46:59 - [MESSAGE][PASSED] - Text 'Noida' is set on object 'Object Repository/AdminSuiteBootstrap_Pages/VSP_Bootstrap/VSP_Debit/input_userDefined10'

2022-06-30 22:47:01 - [MESSAGE][PASSED] - Object: 'Object Repository/AdminSuiteBootstrap_Pages/VSP_Bootstrap/VSP_Debit/button_Submit' is clicked on

2022-06-30 22:47:01 - [MESSAGE][PASSED] - vspBootstrap.ACHDebitPage.setDataACHDebit is PASSED

2022-06-30 22:47:01 - [TEST_STEP][PASSED] - verifyTextPresent("Transaction Successful", true): Text 'Transaction Successful' is present on page  using regular expression

2022-06-30 22:47:01 - [MESSAGE][PASSED] - Text 'Transaction Successful' is present on page  using regular expression

2022-06-30 22:47:01 - [TEST_STEP][PASSED] - verifyElementVisible(findTestObject("Object Repository/AdminSuiteBootstrap_Pages/VT_Bootstrap/Receipt/button_Continue")): Object 'Object Repository/AdminSuiteBootstrap_Pages/VT_Bootstrap/Receipt/button_Continue' is visible

2022-06-30 22:47:02 - [MESSAGE][PASSED] - Object 'Object Repository/AdminSuiteBootstrap_Pages/VT_Bootstrap/Receipt/button_Continue' is visible

2022-06-30 22:47:02 - [TEST_STEP][PASSED] - verifyElementPresent(findTestObject("Object Repository/AdminSuiteBootstrap_Pages/VT_Bootstrap/Receipt/button_Continue"), 20): Object 'Object Repository/AdminSuiteBootstrap_Pages/VT_Bootstrap/Receipt/button_Continue' is present

2022-06-30 22:47:02 - [MESSAGE][PASSED] - Object 'Object Repository/AdminSuiteBootstrap_Pages/VT_Bootstrap/Receipt/button_Continue' is present

2022-06-30 22:47:02 - [TEST_STEP][PASSED] - verifyElementVisible(findTestObject("Object Repository/AdminSuiteBootstrap_Pages/VT_Bootstrap/Receipt/button_Print")): Object 'Object Repository/AdminSuiteBootstrap_Pages/VT_Bootstrap/Receipt/button_Print' is visible

2022-06-30 22:47:02 - [MESSAGE][PASSED] - Object 'Object Repository/AdminSuiteBootstrap_Pages/VT_Bootstrap/Receipt/button_Print' is visible

2022-06-30 22:47:02 - [TEST_STEP][PASSED] - verifyElementPresent(findTestObject("Object Repository/AdminSuiteBootstrap_Pages/VT_Bootstrap/Receipt/button_Print"), 20): Object 'Object Repository/AdminSuiteBootstrap_Pages/VT_Bootstrap/Receipt/button_Print' is present

2022-06-30 22:47:03 - [MESSAGE][PASSED] - Object 'Object Repository/AdminSuiteBootstrap_Pages/VT_Bootstrap/Receipt/button_Print' is present

2022-06-30 22:47:03 - [TEST_STEP][PASSED] - verifyTextPresent("Remittance ID", true): Text 'Remittance ID' is present on page  using regular expression

2022-06-30 22:47:03 - [MESSAGE][PASSED] - Text 'Remittance ID' is present on page  using regular expression

2022-06-30 22:47:03 - [TEST_STEP][PASSED] - verifyTextPresent("Received", true): Text 'Received' is present on page  using regular expression

2022-06-30 22:47:03 - [MESSAGE][PASSED] - Text 'Received' is present on page  using regular expression

2022-06-30 22:47:03 - [TEST_STEP][PASSED] - verifyTextPresent("UDF1", true): Text 'UDF1' is present on page  using regular expression

2022-06-30 22:47:04 - [MESSAGE][PASSED] - Text 'UDF1' is present on page  using regular expression

2022-06-30 22:47:04 - [TEST_STEP][PASSED] - verifyTextPresent("UDF2", true): Text 'UDF2' is present on page  using regular expression

2022-06-30 22:47:04 - [MESSAGE][PASSED] - Text 'UDF2' is present on page  using regular expression

2022-06-30 22:47:04 - [TEST_STEP][PASSED] - verifyTextPresent("UDF3", true): Text 'UDF3' is present on page  using regular expression

2022-06-30 22:47:04 - [MESSAGE][PASSED] - Text 'UDF3' is present on page  using regular expression

2022-06-30 22:47:04 - [TEST_STEP][PASSED] - verifyTextPresent("UDF4", true): Text 'UDF4' is present on page  using regular expression

2022-06-30 22:47:05 - [MESSAGE][PASSED] - Text 'UDF4' is present on page  using regular expression

2022-06-30 22:47:05 - [TEST_STEP][PASSED] - verifyTextPresent("UDF5", true): Text 'UDF5' is present on page  using regular expression

2022-06-30 22:47:05 - [MESSAGE][PASSED] - Text 'UDF5' is present on page  using regular expression

2022-06-30 22:47:05 - [TEST_STEP][PASSED] - verifyTextPresent("UDF6", true): Text 'UDF6' is present on page  using regular expression

2022-06-30 22:47:05 - [MESSAGE][PASSED] - Text 'UDF6' is present on page  using regular expression

2022-06-30 22:47:05 - [TEST_STEP][PASSED] - verifyTextPresent("UDF7", true): Text 'UDF7' is present on page  using regular expression

2022-06-30 22:47:06 - [MESSAGE][PASSED] - Text 'UDF7' is present on page  using regular expression

2022-06-30 22:47:06 - [TEST_STEP][PASSED] - verifyTextPresent("UDF8", true): Text 'UDF8' is present on page  using regular expression

2022-06-30 22:47:06 - [MESSAGE][PASSED] - Text 'UDF8' is present on page  using regular expression

2022-06-30 22:47:06 - [TEST_STEP][PASSED] - verifyTextPresent("UDF9", true): Text 'UDF9' is present on page  using regular expression

2022-06-30 22:47:06 - [MESSAGE][PASSED] - Text 'UDF9' is present on page  using regular expression

2022-06-30 22:47:06 - [TEST_STEP][PASSED] - verifyTextPresent("UDF 10", true): Text 'UDF 10' is present on page  using regular expression

2022-06-30 22:47:07 - [MESSAGE][PASSED] - Text 'UDF 10' is present on page  using regular expression

2022-06-30 22:47:07 - [TEST_STEP][PASSED] - verifyTextPresent("Delhi", true): Text 'Delhi' is present on page  using regular expression

2022-06-30 22:47:07 - [MESSAGE][PASSED] - Text 'Delhi' is present on page  using regular expression

2022-06-30 22:47:07 - [TEST_STEP][PASSED] - verifyTextPresent("Chennai", true): Text 'Chennai' is present on page  using regular expression

2022-06-30 22:47:07 - [MESSAGE][PASSED] - Text 'Chennai' is present on page  using regular expression

2022-06-30 22:47:07 - [TEST_STEP][PASSED] - verifyTextPresent("Mumbai", true): Text 'Mumbai' is present on page  using regular expression

2022-06-30 22:47:07 - [MESSAGE][PASSED] - Text 'Mumbai' is present on page  using regular expression

2022-06-30 22:47:07 - [TEST_STEP][PASSED] - verifyTextPresent("Kanpur", true): Text 'Kanpur' is present on page  using regular expression

2022-06-30 22:47:08 - [MESSAGE][PASSED] - Text 'Kanpur' is present on page  using regular expression

2022-06-30 22:47:08 - [TEST_STEP][PASSED] - verifyTextPresent("Orange Recorded", true): Text 'Orange Recorded' is present on page  using regular expression

2022-06-30 22:47:08 - [MESSAGE][PASSED] - Text 'Orange Recorded' is present on page  using regular expression

2022-06-30 22:47:08 - [TEST_STEP][PASSED] - verifyTextPresent("Yellow Recorded", true): Text 'Yellow Recorded' is present on page  using regular expression

2022-06-30 22:47:08 - [MESSAGE][PASSED] - Text 'Yellow Recorded' is present on page  using regular expression

2022-06-30 22:47:08 - [TEST_STEP][PASSED] - verifyTextPresent("Kolkata", true): Text 'Kolkata' is present on page  using regular expression

2022-06-30 22:47:09 - [MESSAGE][PASSED] - Text 'Kolkata' is present on page  using regular expression

2022-06-30 22:47:09 - [TEST_STEP][PASSED] - verifyTextPresent("Pune", true): Text 'Pune' is present on page  using regular expression

2022-06-30 22:47:09 - [MESSAGE][PASSED] - Text 'Pune' is present on page  using regular expression

2022-06-30 22:47:09 - [TEST_STEP][PASSED] - verifyTextPresent("Bhavnagar", true): Text 'Bhavnagar' is present on page  using regular expression

2022-06-30 22:47:09 - [MESSAGE][PASSED] - Text 'Bhavnagar' is present on page  using regular expression

2022-06-30 22:47:09 - [TEST_STEP][PASSED] - verifyTextPresent("Noida", true): Text 'Noida' is present on page  using regular expression

2022-06-30 22:47:10 - [MESSAGE][PASSED] - Text 'Noida' is present on page  using regular expression

2022-06-30 22:47:10 - [TEST_STEP][PASSED] - verifyTextPresent("Amount", true): Text 'Amount' is present on page  using regular expression

2022-06-30 22:47:10 - [MESSAGE][PASSED] - Text 'Amount' is present on page  using regular expression

2022-06-30 22:47:10 - [TEST_STEP][PASSED] - verifyTextPresent("2.50", true): Text '2.50' is present on page  using regular expression

2022-06-30 22:47:10 - [MESSAGE][PASSED] - Text '2.50' is present on page  using regular expression

2022-06-30 22:47:10 - [TEST_STEP][PASSED] - verifyTextPresent("Transaction Type", true): Text 'Transaction Type' is present on page  using regular expression

2022-06-30 22:47:11 - [MESSAGE][PASSED] - Text 'Transaction Type' is present on page  using regular expression

2022-06-30 22:47:11 - [TEST_STEP][PASSED] - verifyTextPresent("Debit", true): Text 'Debit' is present on page  using regular expression

2022-06-30 22:47:11 - [MESSAGE][PASSED] - Text 'Debit' is present on page  using regular expression

2022-06-30 22:47:11 - [TEST_STEP][PASSED] - verifyTextPresent("Check Information", true): Text 'Check Information' is present on page  using regular expression

2022-06-30 22:47:11 - [MESSAGE][PASSED] - Text 'Check Information' is present on page  using regular expression

2022-06-30 22:47:11 - [TEST_STEP][PASSED] - verifyTextPresent("Account Type", true): Text 'Account Type' is present on page  using regular expression

2022-06-30 22:47:12 - [MESSAGE][PASSED] - Text 'Account Type' is present on page  using regular expression

2022-06-30 22:47:12 - [TEST_STEP][PASSED] - verifyTextPresent("Account Number", true): Text 'Account Number' is present on page  using regular expression

2022-06-30 22:47:12 - [MESSAGE][PASSED] - Text 'Account Number' is present on page  using regular expression

2022-06-30 22:47:12 - [TEST_STEP][PASSED] - verifyTextPresent("Routing Number", true): Text 'Routing Number' is present on page  using regular expression

2022-06-30 22:47:12 - [MESSAGE][PASSED] - Text 'Routing Number' is present on page  using regular expression

2022-06-30 22:47:12 - [TEST_STEP][PASSED] - verifyTextPresent("Address Line 1", true): Text 'Address Line 1' is present on page  using regular expression

2022-06-30 22:47:13 - [MESSAGE][PASSED] - Text 'Address Line 1' is present on page  using regular expression

2022-06-30 22:47:13 - [TEST_STEP][PASSED] - verifyTextPresent("Address Line 2", true): Text 'Address Line 2' is present on page  using regular expression

2022-06-30 22:47:13 - [MESSAGE][PASSED] - Text 'Address Line 2' is present on page  using regular expression

2022-06-30 22:47:13 - [TEST_STEP][PASSED] - verifyTextPresent("Country", true): Text 'Country' is present on page  using regular expression

2022-06-30 22:47:13 - [MESSAGE][PASSED] - Text 'Country' is present on page  using regular expression

2022-06-30 22:47:13 - [TEST_STEP][PASSED] - verifyTextPresent("City", true): Text 'City' is present on page  using regular expression

2022-06-30 22:47:14 - [MESSAGE][PASSED] - Text 'City' is present on page  using regular expression

2022-06-30 22:47:14 - [TEST_STEP][PASSED] - verifyTextPresent("State", true): Text 'State' is present on page  using regular expression

2022-06-30 22:47:14 - [MESSAGE][PASSED] - Text 'State' is present on page  using regular expression

2022-06-30 22:47:14 - [TEST_STEP][PASSED] - verifyTextPresent("ZIP Code", true): Text 'ZIP Code' is present on page  using regular expression

2022-06-30 22:47:14 - [MESSAGE][PASSED] - Text 'ZIP Code' is present on page  using regular expression

2022-06-30 22:47:14 - [TEST_STEP][PASSED] - verifyTextPresent("248 PhoolKaante road", true): Text '248 PhoolKaante road' is present on page  using regular expression

2022-06-30 22:47:15 - [MESSAGE][PASSED] - Text '248 PhoolKaante road' is present on page  using regular expression

2022-06-30 22:47:15 - [TEST_STEP][PASSED] - verifyTextPresent("Suite 678", true): Text 'Suite 678' is present on page  using regular expression

2022-06-30 22:47:15 - [MESSAGE][PASSED] - Text 'Suite 678' is present on page  using regular expression

2022-06-30 22:47:15 - [TEST_STEP][PASSED] - verifyTextPresent("United States", true): Text 'United States' is present on page  using regular expression

2022-06-30 22:47:15 - [MESSAGE][PASSED] - Text 'United States' is present on page  using regular expression

2022-06-30 22:47:15 - [TEST_STEP][PASSED] - verifyTextPresent("ARLINGTON", true): Text 'ARLINGTON' is present on page  using regular expression

2022-06-30 22:47:16 - [MESSAGE][PASSED] - Text 'ARLINGTON' is present on page  using regular expression

2022-06-30 22:47:16 - [TEST_STEP][PASSED] - verifyTextPresent("Virginia", true): Text 'Virginia' is present on page  using regular expression

2022-06-30 22:47:16 - [MESSAGE][PASSED] - Text 'Virginia' is present on page  using regular expression

2022-06-30 22:47:16 - [TEST_STEP][PASSED] - verifyTextPresent("22201", true): Text '22201' is present on page  using regular expression

2022-06-30 22:47:16 - [MESSAGE][PASSED] - Text '22201' is present on page  using regular expression

2022-06-30 22:47:16 - [TEST_STEP][PASSED] - tranType = findTestData(dataFile).getValue("TranType", row): null

2022-06-30 22:47:17 - [TEST_STEP][PASSED] - last4V = findTestData(dataFile).getValue("Last4", row): null

2022-06-30 22:47:17 - [TEST_STEP][PASSED] - verifyTextPresent(tranType, true): Text 'Checking' is present on page  using regular expression

2022-06-30 22:47:17 - [MESSAGE][PASSED] - Text 'Checking' is present on page  using regular expression

2022-06-30 22:47:17 - [TEST_STEP][PASSED] - verifyTextPresent(last4V, true): Text '2222' is present on page  using regular expression

2022-06-30 22:47:17 - [MESSAGE][PASSED] - Text '2222' is present on page  using regular expression

2022-06-30 22:47:17 - [TEST_STEP][PASSED] - if (profNameLink.equalsIgnoreCase("a_PaymentsPC")): Text 'TANDON RAVENA' is present on page  using regular expression

2022-06-30 22:47:17 - [TEST_STEP][PASSED] - verifyTextPresent("Name on Account", true): Text 'Name on Account' is present on page  using regular expression

2022-06-30 22:47:18 - [MESSAGE][PASSED] - Text 'Name on Account' is present on page  using regular expression

2022-06-30 22:47:18 - [TEST_STEP][PASSED] - verifyTextPresent("TANDON RAVENA", true): Text 'TANDON RAVENA' is present on page  using regular expression

2022-06-30 22:47:18 - [MESSAGE][PASSED] - Text 'TANDON RAVENA' is present on page  using regular expression

2022-06-30 22:47:18 - [TEST_STEP][PASSED] - if (profNameLink.equalsIgnoreCase("a_PaymentsPS")): null

2022-06-30 22:47:18 - [TEST_STEP][PASSED] - if (profNameLink.equalsIgnoreCase("a_PaymentsCorp")): null

2022-06-30 22:47:18 - [TEST_STEP][PASSED] - switch (appName): null

2022-06-30 22:47:18 - [TEST_STEP][PASSED] - closeBrowser(): Browser is closed

2022-06-30 22:47:19 - [MESSAGE][PASSED] - Browser is closed

2022-06-30 22:47:19 - [TEST_STEP][PASSED] - ExecuteTC = findTestData(dataFile).getValue("Execute", row): null

2022-06-30 22:47:19 - [TEST_STEP][PASSED] - out.println("Value of Execute is : " + ExecuteTC): null

2022-06-30 22:47:19 - [TEST_STEP][PASSED] - switch (executionProfile): null

2022-06-30 22:47:19 - [TEST_STEP][PASSED] - case "QAProfile":: null

2022-06-30 22:47:19 - [TEST_STEP][PASSED] - appName = findTestData(dataFile).getValue("AppNameQA", row): null

2022-06-30 22:47:19 - [TEST_STEP][PASSED] - appID = findTestData(dataFile).getValue("AppIDQA", row): null

2022-06-30 22:47:19 - [TEST_STEP][PASSED] - break: null

2022-06-30 22:47:19 - [TEST_STEP][PASSED] - if (ExecuteTC.equalsIgnoreCase("Y")): null

2022-06-30 22:47:19 - [TEST_STEP][PASSED] - out.println("Begin Record Number: " + row): null

2022-06-30 22:47:19 - [TEST_STEP][PASSED] - today = new java.util.Date(): null

2022-06-30 22:47:19 - [TEST_STEP][PASSED] - println(today): null

2022-06-30 22:47:19 - [TEST_STEP][PASSED] - datText = today: null

2022-06-30 22:47:19 - [TEST_STEP][PASSED] - adminSuiteBootstrap.loginFunctionality.login_AdminSuite(): adminSuiteBootstrap.loginFunctionality.login_AdminSuite is PASSED

2022-06-30 22:47:19 - [MESSAGE][INFO] - Starting 'Chrome' driver

2022-06-30 22:47:19 - [MESSAGE][INFO] - User set preference: ['acceptInsecureCerts', 'true']

2022-06-30 22:47:19 - [MESSAGE][INFO] - Action delay is set to 0 milliseconds

2022-06-30 22:47:22 - [MESSAGE][PASSED] - Browser is opened with url: 'https://qa.velocitypayment.com/admin/imtiaz'

2022-06-30 22:47:22 - [MESSAGE][PASSED] - Current window maximized

2022-06-30 22:47:22 - [MESSAGE][PASSED] - Object 'Object Repository/Login_Page/Login_Username' is present

2022-06-30 22:47:23 - [MESSAGE][PASSED] - Text 'iahmed' is set on object 'Object Repository/Login_Page/Login_Username'

2022-06-30 22:47:24 - [MESSAGE][PASSED] - Text 'hello2222' is set on object 'Object Repository/Login_Page/Login_Password'

2022-06-30 22:47:27 - [MESSAGE][PASSED] - Object: 'Object Repository/Login_Page/Login_Submit' is clicked on

2022-06-30 22:47:27 - [MESSAGE][PASSED] - adminSuiteBootstrap.loginFunctionality.login_AdminSuite is PASSED

2022-06-30 22:47:27 - [TEST_STEP][PASSED] - click(findTestObject(path_Dashboard + appName)): Object: 'Object Repository/AdminSuiteBootstrap_Pages/Dashboard_Bootstrap/a_Access AutoNoCFtp' is clicked on

2022-06-30 22:47:28 - [MESSAGE][PASSED] - Object: 'Object Repository/AdminSuiteBootstrap_Pages/Dashboard_Bootstrap/a_Access AutoNoCFtp' is clicked on

2022-06-30 22:47:28 - [TEST_STEP][PASSED] - click(findTestObject(path_VT + "a_Find Profile")): Object: 'Object Repository/AdminSuiteBootstrap_Pages/VT_Bootstrap/IssueTransactions/a_Find Profile' is clicked on

2022-06-30 22:47:28 - [MESSAGE][PASSED] - Object: 'Object Repository/AdminSuiteBootstrap_Pages/VT_Bootstrap/IssueTransactions/a_Find Profile' is clicked on

2022-06-30 22:47:28 - [TEST_STEP][PASSED] - criteria = <not implemented yet for class: org.codehaus.groovy.ast.expr.EmptyExpression>: null

2022-06-30 22:47:28 - [TEST_STEP][PASSED] - searchBy = <not implemented yet for class: org.codehaus.groovy.ast.expr.EmptyExpression>: null

2022-06-30 22:47:28 - [TEST_STEP][PASSED] - criteria = findTestData(dataFile).getValue("ProfileName", row): null

2022-06-30 22:47:28 - [TEST_STEP][PASSED] - path_SearchProfile = "Object Repository/AdminSuiteBootstrap_Pages/VSP_Bootstrap/SearchProfile/": null

2022-06-30 22:47:28 - [TEST_STEP][PASSED] - setText(findTestObject(path_SearchProfile + "input_Criteria"), criteria): Text 'PaymentsPC' is set on object 'Object Repository/AdminSuiteBootstrap_Pages/VSP_Bootstrap/SearchProfile/input_Criteria'

2022-06-30 22:47:29 - [MESSAGE][PASSED] - Text 'PaymentsPC' is set on object 'Object Repository/AdminSuiteBootstrap_Pages/VSP_Bootstrap/SearchProfile/input_Criteria'

2022-06-30 22:47:29 - [TEST_STEP][PASSED] - click(findTestObject(path_SearchProfile + "button_Search")): Object: 'Object Repository/AdminSuiteBootstrap_Pages/VSP_Bootstrap/SearchProfile/button_Search' is clicked on

2022-06-30 22:47:30 - [MESSAGE][PASSED] - Object: 'Object Repository/AdminSuiteBootstrap_Pages/VSP_Bootstrap/SearchProfile/button_Search' is clicked on

2022-06-30 22:47:30 - [TEST_STEP][PASSED] - profNameLink = findTestData(dataFile).getValue("ProfileNameLink", row): null

2022-06-30 22:47:30 - [TEST_STEP][PASSED] - click(findTestObject(path_ViewProfile + profNameLink)): Object: 'Object Repository/AdminSuiteBootstrap_Pages/VSP_Bootstrap/View Profile/a_PaymentsPC' is clicked on

2022-06-30 22:47:32 - [MESSAGE][PASSED] - Object: 'Object Repository/AdminSuiteBootstrap_Pages/VSP_Bootstrap/View Profile/a_PaymentsPC' is clicked on

2022-06-30 22:47:32 - [TEST_STEP][PASSED] - click(findTestObject(path_ViewProfile + "a_Debit")): Object: 'Object Repository/AdminSuiteBootstrap_Pages/VSP_Bootstrap/View Profile/a_Debit' is clicked on

2022-06-30 22:47:33 - [MESSAGE][PASSED] - Object: 'Object Repository/AdminSuiteBootstrap_Pages/VSP_Bootstrap/View Profile/a_Debit' is clicked on

2022-06-30 22:47:33 - [TEST_STEP][PASSED] - verifyTextPresent("Remittance ID", true): Text 'Remittance ID' is present on page  using regular expression

2022-06-30 22:47:34 - [MESSAGE][PASSED] - Text 'Remittance ID' is present on page  using regular expression

2022-06-30 22:47:34 - [TEST_STEP][PASSED] - vspBootstrap.ACHDebitPage.setDataACHDebit(row, dataFile): vspBootstrap.ACHDebitPage.setDataACHDebit is PASSED

2022-06-30 22:47:36 - [MESSAGE][PASSED] - All options with value 'TEL' are selected in object 'Object Repository/AdminSuiteBootstrap_Pages/VSP_Bootstrap/VSP_Debit/select_StdEntryClass'  using regular expression

2022-06-30 22:47:36 - [MESSAGE][PASSED] - Text '' is set on object 'Object Repository/AdminSuiteBootstrap_Pages/VSP_Bootstrap/VSP_Debit/input_smsNumber'

2022-06-30 22:47:37 - [MESSAGE][PASSED] - Text '2.50' is set on object 'Object Repository/AdminSuiteBootstrap_Pages/VSP_Bootstrap/VSP_Debit/input_amount'

2022-06-30 22:47:38 - [MESSAGE][PASSED] - Text 'Delhi' is set on object 'Object Repository/AdminSuiteBootstrap_Pages/VSP_Bootstrap/VSP_Debit/input_userDefined1'

2022-06-30 22:47:38 - [MESSAGE][PASSED] - Text 'Chennai' is set on object 'Object Repository/AdminSuiteBootstrap_Pages/VSP_Bootstrap/VSP_Debit/input_userDefined2'

2022-06-30 22:47:39 - [MESSAGE][PASSED] - Text 'Mumbai' is set on object 'Object Repository/AdminSuiteBootstrap_Pages/VSP_Bootstrap/VSP_Debit/input_userDefined3'

2022-06-30 22:47:40 - [MESSAGE][PASSED] - Text 'Kanpur' is set on object 'Object Repository/AdminSuiteBootstrap_Pages/VSP_Bootstrap/VSP_Debit/input_userDefined4'

2022-06-30 22:47:41 - [MESSAGE][PASSED] - All options with label 'Orange' are selected in object 'Object Repository/AdminSuiteBootstrap_Pages/VSP_Bootstrap/VSP_Debit/select_UDF5'  using regular expression

2022-06-30 22:47:42 - [MESSAGE][PASSED] - All options with label 'Yellow' are selected in object 'Object Repository/AdminSuiteBootstrap_Pages/VSP_Bootstrap/VSP_Debit/select_UDF6'  using regular expression

2022-06-30 22:47:43 - [MESSAGE][PASSED] - Text 'Kolkata' is set on object 'Object Repository/AdminSuiteBootstrap_Pages/VSP_Bootstrap/VSP_Debit/input_userDefined7'

2022-06-30 22:47:43 - [MESSAGE][PASSED] - Text 'Pune' is set on object 'Object Repository/AdminSuiteBootstrap_Pages/VSP_Bootstrap/VSP_Debit/input_userDefined8'

2022-06-30 22:47:44 - [MESSAGE][PASSED] - Text 'Bhavnagar' is set on object 'Object Repository/AdminSuiteBootstrap_Pages/VSP_Bootstrap/VSP_Debit/input_userDefined9'

2022-06-30 22:47:45 - [MESSAGE][PASSED] - Text 'Noida' is set on object 'Object Repository/AdminSuiteBootstrap_Pages/VSP_Bootstrap/VSP_Debit/input_userDefined10'

2022-06-30 22:47:47 - [MESSAGE][PASSED] - Object: 'Object Repository/AdminSuiteBootstrap_Pages/VSP_Bootstrap/VSP_Debit/button_Submit' is clicked on

2022-06-30 22:47:47 - [MESSAGE][PASSED] - vspBootstrap.ACHDebitPage.setDataACHDebit is PASSED

2022-06-30 22:47:47 - [TEST_STEP][PASSED] - verifyTextPresent("Transaction Successful", true): Text 'Transaction Successful' is present on page  using regular expression

2022-06-30 22:47:47 - [MESSAGE][PASSED] - Text 'Transaction Successful' is present on page  using regular expression

2022-06-30 22:47:47 - [TEST_STEP][PASSED] - verifyElementVisible(findTestObject("Object Repository/AdminSuiteBootstrap_Pages/VT_Bootstrap/Receipt/button_Continue")): Object 'Object Repository/AdminSuiteBootstrap_Pages/VT_Bootstrap/Receipt/button_Continue' is visible

2022-06-30 22:47:48 - [MESSAGE][PASSED] - Object 'Object Repository/AdminSuiteBootstrap_Pages/VT_Bootstrap/Receipt/button_Continue' is visible

2022-06-30 22:47:48 - [TEST_STEP][PASSED] - verifyElementPresent(findTestObject("Object Repository/AdminSuiteBootstrap_Pages/VT_Bootstrap/Receipt/button_Continue"), 20): Object 'Object Repository/AdminSuiteBootstrap_Pages/VT_Bootstrap/Receipt/button_Continue' is present

2022-06-30 22:47:48 - [MESSAGE][PASSED] - Object 'Object Repository/AdminSuiteBootstrap_Pages/VT_Bootstrap/Receipt/button_Continue' is present

2022-06-30 22:47:48 - [TEST_STEP][PASSED] - verifyElementVisible(findTestObject("Object Repository/AdminSuiteBootstrap_Pages/VT_Bootstrap/Receipt/button_Print")): Object 'Object Repository/AdminSuiteBootstrap_Pages/VT_Bootstrap/Receipt/button_Print' is visible

2022-06-30 22:47:49 - [MESSAGE][PASSED] - Object 'Object Repository/AdminSuiteBootstrap_Pages/VT_Bootstrap/Receipt/button_Print' is visible

2022-06-30 22:47:49 - [TEST_STEP][PASSED] - verifyElementPresent(findTestObject("Object Repository/AdminSuiteBootstrap_Pages/VT_Bootstrap/Receipt/button_Print"), 20): Object 'Object Repository/AdminSuiteBootstrap_Pages/VT_Bootstrap/Receipt/button_Print' is present

2022-06-30 22:47:49 - [MESSAGE][PASSED] - Object 'Object Repository/AdminSuiteBootstrap_Pages/VT_Bootstrap/Receipt/button_Print' is present

2022-06-30 22:47:49 - [TEST_STEP][PASSED] - verifyTextPresent("Remittance ID", true): Text 'Remittance ID' is present on page  using regular expression

2022-06-30 22:47:49 - [MESSAGE][PASSED] - Text 'Remittance ID' is present on page  using regular expression

2022-06-30 22:47:49 - [TEST_STEP][PASSED] - verifyTextPresent("Received", true): Text 'Received' is present on page  using regular expression

2022-06-30 22:47:50 - [MESSAGE][PASSED] - Text 'Received' is present on page  using regular expression

2022-06-30 22:47:50 - [TEST_STEP][PASSED] - verifyTextPresent("UDF1", true): Text 'UDF1' is present on page  using regular expression

2022-06-30 22:47:50 - [MESSAGE][PASSED] - Text 'UDF1' is present on page  using regular expression

2022-06-30 22:47:50 - [TEST_STEP][PASSED] - verifyTextPresent("UDF2", true): Text 'UDF2' is present on page  using regular expression

2022-06-30 22:47:50 - [MESSAGE][PASSED] - Text 'UDF2' is present on page  using regular expression

2022-06-30 22:47:50 - [TEST_STEP][PASSED] - verifyTextPresent("UDF3", true): Text 'UDF3' is present on page  using regular expression

2022-06-30 22:47:50 - [MESSAGE][PASSED] - Text 'UDF3' is present on page  using regular expression

2022-06-30 22:47:50 - [TEST_STEP][PASSED] - verifyTextPresent("UDF4", true): Text 'UDF4' is present on page  using regular expression

2022-06-30 22:47:51 - [MESSAGE][PASSED] - Text 'UDF4' is present on page  using regular expression

2022-06-30 22:47:51 - [TEST_STEP][PASSED] - verifyTextPresent("UDF5", true): Text 'UDF5' is present on page  using regular expression

2022-06-30 22:47:51 - [MESSAGE][PASSED] - Text 'UDF5' is present on page  using regular expression

2022-06-30 22:47:51 - [TEST_STEP][PASSED] - verifyTextPresent("UDF6", true): Text 'UDF6' is present on page  using regular expression

2022-06-30 22:47:51 - [MESSAGE][PASSED] - Text 'UDF6' is present on page  using regular expression

2022-06-30 22:47:51 - [TEST_STEP][PASSED] - verifyTextPresent("UDF7", true): Text 'UDF7' is present on page  using regular expression

2022-06-30 22:47:52 - [MESSAGE][PASSED] - Text 'UDF7' is present on page  using regular expression

2022-06-30 22:47:52 - [TEST_STEP][PASSED] - verifyTextPresent("UDF8", true): Text 'UDF8' is present on page  using regular expression

2022-06-30 22:47:52 - [MESSAGE][PASSED] - Text 'UDF8' is present on page  using regular expression

2022-06-30 22:47:52 - [TEST_STEP][PASSED] - verifyTextPresent("UDF9", true): Text 'UDF9' is present on page  using regular expression

2022-06-30 22:47:52 - [MESSAGE][PASSED] - Text 'UDF9' is present on page  using regular expression

2022-06-30 22:47:52 - [TEST_STEP][PASSED] - verifyTextPresent("UDF 10", true): Text 'UDF 10' is present on page  using regular expression

2022-06-30 22:47:53 - [MESSAGE][PASSED] - Text 'UDF 10' is present on page  using regular expression

2022-06-30 22:47:53 - [TEST_STEP][PASSED] - verifyTextPresent("Delhi", true): Text 'Delhi' is present on page  using regular expression

2022-06-30 22:47:53 - [MESSAGE][PASSED] - Text 'Delhi' is present on page  using regular expression

2022-06-30 22:47:53 - [TEST_STEP][PASSED] - verifyTextPresent("Chennai", true): Text 'Chennai' is present on page  using regular expression

2022-06-30 22:47:53 - [MESSAGE][PASSED] - Text 'Chennai' is present on page  using regular expression

2022-06-30 22:47:53 - [TEST_STEP][PASSED] - verifyTextPresent("Mumbai", true): Text 'Mumbai' is present on page  using regular expression

2022-06-30 22:47:54 - [MESSAGE][PASSED] - Text 'Mumbai' is present on page  using regular expression

2022-06-30 22:47:54 - [TEST_STEP][PASSED] - verifyTextPresent("Kanpur", true): Text 'Kanpur' is present on page  using regular expression

2022-06-30 22:47:54 - [MESSAGE][PASSED] - Text 'Kanpur' is present on page  using regular expression

2022-06-30 22:47:54 - [TEST_STEP][PASSED] - verifyTextPresent("Orange Recorded", true): Text 'Orange Recorded' is present on page  using regular expression

2022-06-30 22:47:54 - [MESSAGE][PASSED] - Text 'Orange Recorded' is present on page  using regular expression

2022-06-30 22:47:54 - [TEST_STEP][PASSED] - verifyTextPresent("Yellow Recorded", true): Text 'Yellow Recorded' is present on page  using regular expression

2022-06-30 22:47:55 - [MESSAGE][PASSED] - Text 'Yellow Recorded' is present on page  using regular expression

2022-06-30 22:47:55 - [TEST_STEP][PASSED] - verifyTextPresent("Kolkata", true): Text 'Kolkata' is present on page  using regular expression

2022-06-30 22:47:55 - [MESSAGE][PASSED] - Text 'Kolkata' is present on page  using regular expression

2022-06-30 22:47:55 - [TEST_STEP][PASSED] - verifyTextPresent("Pune", true): Text 'Pune' is present on page  using regular expression

2022-06-30 22:47:55 - [MESSAGE][PASSED] - Text 'Pune' is present on page  using regular expression

2022-06-30 22:47:55 - [TEST_STEP][PASSED] - verifyTextPresent("Bhavnagar", true): Text 'Bhavnagar' is present on page  using regular expression

2022-06-30 22:47:56 - [MESSAGE][PASSED] - Text 'Bhavnagar' is present on page  using regular expression

2022-06-30 22:47:56 - [TEST_STEP][PASSED] - verifyTextPresent("Noida", true): Text 'Noida' is present on page  using regular expression

2022-06-30 22:47:56 - [MESSAGE][PASSED] - Text 'Noida' is present on page  using regular expression

2022-06-30 22:47:56 - [TEST_STEP][PASSED] - verifyTextPresent("Amount", true): Text 'Amount' is present on page  using regular expression

2022-06-30 22:47:56 - [MESSAGE][PASSED] - Text 'Amount' is present on page  using regular expression

2022-06-30 22:47:56 - [TEST_STEP][PASSED] - verifyTextPresent("2.50", true): Text '2.50' is present on page  using regular expression

2022-06-30 22:47:57 - [MESSAGE][PASSED] - Text '2.50' is present on page  using regular expression

2022-06-30 22:47:57 - [TEST_STEP][PASSED] - verifyTextPresent("Transaction Type", true): Text 'Transaction Type' is present on page  using regular expression

2022-06-30 22:47:57 - [MESSAGE][PASSED] - Text 'Transaction Type' is present on page  using regular expression

2022-06-30 22:47:57 - [TEST_STEP][PASSED] - verifyTextPresent("Debit", true): Text 'Debit' is present on page  using regular expression

2022-06-30 22:47:57 - [MESSAGE][PASSED] - Text 'Debit' is present on page  using regular expression

2022-06-30 22:47:57 - [TEST_STEP][PASSED] - verifyTextPresent("Check Information", true): Text 'Check Information' is present on page  using regular expression

2022-06-30 22:47:58 - [MESSAGE][PASSED] - Text 'Check Information' is present on page  using regular expression

2022-06-30 22:47:58 - [TEST_STEP][PASSED] - verifyTextPresent("Account Type", true): Text 'Account Type' is present on page  using regular expression

2022-06-30 22:47:58 - [MESSAGE][PASSED] - Text 'Account Type' is present on page  using regular expression

2022-06-30 22:47:58 - [TEST_STEP][PASSED] - verifyTextPresent("Account Number", true): Text 'Account Number' is present on page  using regular expression

2022-06-30 22:47:58 - [MESSAGE][PASSED] - Text 'Account Number' is present on page  using regular expression

2022-06-30 22:47:58 - [TEST_STEP][PASSED] - verifyTextPresent("Routing Number", true): Text 'Routing Number' is present on page  using regular expression

2022-06-30 22:47:59 - [MESSAGE][PASSED] - Text 'Routing Number' is present on page  using regular expression

2022-06-30 22:47:59 - [TEST_STEP][PASSED] - verifyTextPresent("Address Line 1", true): Text 'Address Line 1' is present on page  using regular expression

2022-06-30 22:47:59 - [MESSAGE][PASSED] - Text 'Address Line 1' is present on page  using regular expression

2022-06-30 22:47:59 - [TEST_STEP][PASSED] - verifyTextPresent("Address Line 2", true): Text 'Address Line 2' is present on page  using regular expression

2022-06-30 22:47:59 - [MESSAGE][PASSED] - Text 'Address Line 2' is present on page  using regular expression

2022-06-30 22:47:59 - [TEST_STEP][PASSED] - verifyTextPresent("Country", true): Text 'Country' is present on page  using regular expression

2022-06-30 22:48:00 - [MESSAGE][PASSED] - Text 'Country' is present on page  using regular expression

2022-06-30 22:48:00 - [TEST_STEP][PASSED] - verifyTextPresent("City", true): Text 'City' is present on page  using regular expression

2022-06-30 22:48:00 - [MESSAGE][PASSED] - Text 'City' is present on page  using regular expression

2022-06-30 22:48:00 - [TEST_STEP][PASSED] - verifyTextPresent("State", true): Text 'State' is present on page  using regular expression

2022-06-30 22:48:00 - [MESSAGE][PASSED] - Text 'State' is present on page  using regular expression

2022-06-30 22:48:00 - [TEST_STEP][PASSED] - verifyTextPresent("ZIP Code", true): Text 'ZIP Code' is present on page  using regular expression

2022-06-30 22:48:00 - [MESSAGE][PASSED] - Text 'ZIP Code' is present on page  using regular expression

2022-06-30 22:48:00 - [TEST_STEP][PASSED] - verifyTextPresent("248 PhoolKaante road", true): Text '248 PhoolKaante road' is present on page  using regular expression

2022-06-30 22:48:01 - [MESSAGE][PASSED] - Text '248 PhoolKaante road' is present on page  using regular expression

2022-06-30 22:48:01 - [TEST_STEP][PASSED] - verifyTextPresent("Suite 678", true): Text 'Suite 678' is present on page  using regular expression

2022-06-30 22:48:01 - [MESSAGE][PASSED] - Text 'Suite 678' is present on page  using regular expression

2022-06-30 22:48:01 - [TEST_STEP][PASSED] - verifyTextPresent("United States", true): Text 'United States' is present on page  using regular expression

2022-06-30 22:48:01 - [MESSAGE][PASSED] - Text 'United States' is present on page  using regular expression

2022-06-30 22:48:01 - [TEST_STEP][PASSED] - verifyTextPresent("ARLINGTON", true): Text 'ARLINGTON' is present on page  using regular expression

2022-06-30 22:48:02 - [MESSAGE][PASSED] - Text 'ARLINGTON' is present on page  using regular expression

2022-06-30 22:48:02 - [TEST_STEP][PASSED] - verifyTextPresent("Virginia", true): Text 'Virginia' is present on page  using regular expression

2022-06-30 22:48:02 - [MESSAGE][PASSED] - Text 'Virginia' is present on page  using regular expression

2022-06-30 22:48:02 - [TEST_STEP][PASSED] - verifyTextPresent("22201", true): Text '22201' is present on page  using regular expression

2022-06-30 22:48:02 - [MESSAGE][PASSED] - Text '22201' is present on page  using regular expression

2022-06-30 22:48:02 - [TEST_STEP][PASSED] - tranType = findTestData(dataFile).getValue("TranType", row): null

2022-06-30 22:48:02 - [TEST_STEP][PASSED] - last4V = findTestData(dataFile).getValue("Last4", row): null

2022-06-30 22:48:03 - [TEST_STEP][PASSED] - verifyTextPresent(tranType, true): Text 'Checking' is present on page  using regular expression

2022-06-30 22:48:03 - [MESSAGE][PASSED] - Text 'Checking' is present on page  using regular expression

2022-06-30 22:48:03 - [TEST_STEP][PASSED] - verifyTextPresent(last4V, true): Text '2222' is present on page  using regular expression

2022-06-30 22:48:03 - [MESSAGE][PASSED] - Text '2222' is present on page  using regular expression

2022-06-30 22:48:03 - [TEST_STEP][PASSED] - if (profNameLink.equalsIgnoreCase("a_PaymentsPC")): Text 'TANDON RAVENA' is present on page  using regular expression

2022-06-30 22:48:03 - [TEST_STEP][PASSED] - verifyTextPresent("Name on Account", true): Text 'Name on Account' is present on page  using regular expression

2022-06-30 22:48:03 - [MESSAGE][PASSED] - Text 'Name on Account' is present on page  using regular expression

2022-06-30 22:48:03 - [TEST_STEP][PASSED] - verifyTextPresent("TANDON RAVENA", true): Text 'TANDON RAVENA' is present on page  using regular expression

2022-06-30 22:48:04 - [MESSAGE][PASSED] - Text 'TANDON RAVENA' is present on page  using regular expression

2022-06-30 22:48:04 - [TEST_STEP][PASSED] - if (profNameLink.equalsIgnoreCase("a_PaymentsPS")): null

2022-06-30 22:48:04 - [TEST_STEP][PASSED] - if (profNameLink.equalsIgnoreCase("a_PaymentsCorp")): null

2022-06-30 22:48:04 - [TEST_STEP][PASSED] - switch (appName): null

2022-06-30 22:48:04 - [TEST_STEP][PASSED] - closeBrowser(): Browser is closed

2022-06-30 22:48:05 - [MESSAGE][PASSED] - Browser is closed

2022-06-30 22:48:05 - [TEST_STEP][PASSED] - ExecuteTC = findTestData(dataFile).getValue("Execute", row): null

2022-06-30 22:48:05 - [TEST_STEP][PASSED] - out.println("Value of Execute is : " + ExecuteTC): null

2022-06-30 22:48:05 - [TEST_STEP][PASSED] - switch (executionProfile): null

2022-06-30 22:48:05 - [TEST_STEP][PASSED] - case "QAProfile":: null

2022-06-30 22:48:05 - [TEST_STEP][PASSED] - appName = findTestData(dataFile).getValue("AppNameQA", row): null

2022-06-30 22:48:05 - [TEST_STEP][PASSED] - appID = findTestData(dataFile).getValue("AppIDQA", row): null

2022-06-30 22:48:05 - [TEST_STEP][PASSED] - break: null

2022-06-30 22:48:05 - [TEST_STEP][PASSED] - if (ExecuteTC.equalsIgnoreCase("Y")): null

2022-06-30 22:48:05 - [TEST_STEP][PASSED] - out.println("Begin Record Number: " + row): null

2022-06-30 22:48:05 - [TEST_STEP][PASSED] - today = new java.util.Date(): null

2022-06-30 22:48:05 - [TEST_STEP][PASSED] - println(today): null

2022-06-30 22:48:05 - [TEST_STEP][PASSED] - datText = today: null

2022-06-30 22:48:05 - [TEST_STEP][PASSED] - adminSuiteBootstrap.loginFunctionality.login_AdminSuite(): adminSuiteBootstrap.loginFunctionality.login_AdminSuite is PASSED

2022-06-30 22:48:05 - [MESSAGE][INFO] - Starting 'Chrome' driver

2022-06-30 22:48:05 - [MESSAGE][INFO] - User set preference: ['acceptInsecureCerts', 'true']

2022-06-30 22:48:05 - [MESSAGE][INFO] - Action delay is set to 0 milliseconds

2022-06-30 22:48:08 - [MESSAGE][PASSED] - Browser is opened with url: 'https://qa.velocitypayment.com/admin/imtiaz'

2022-06-30 22:48:08 - [MESSAGE][PASSED] - Current window maximized

2022-06-30 22:48:09 - [MESSAGE][PASSED] - Object 'Object Repository/Login_Page/Login_Username' is present

2022-06-30 22:48:09 - [MESSAGE][PASSED] - Text 'iahmed' is set on object 'Object Repository/Login_Page/Login_Username'

2022-06-30 22:48:10 - [MESSAGE][PASSED] - Text 'hello2222' is set on object 'Object Repository/Login_Page/Login_Password'

2022-06-30 22:48:15 - [MESSAGE][PASSED] - Object: 'Object Repository/Login_Page/Login_Submit' is clicked on

2022-06-30 22:48:15 - [MESSAGE][PASSED] - adminSuiteBootstrap.loginFunctionality.login_AdminSuite is PASSED

2022-06-30 22:48:15 - [TEST_STEP][PASSED] - click(findTestObject(path_Dashboard + appName)): Object: 'Object Repository/AdminSuiteBootstrap_Pages/Dashboard_Bootstrap/a_Access AutoNoCFtp' is clicked on

2022-06-30 22:48:15 - [MESSAGE][PASSED] - Object: 'Object Repository/AdminSuiteBootstrap_Pages/Dashboard_Bootstrap/a_Access AutoNoCFtp' is clicked on

2022-06-30 22:48:15 - [TEST_STEP][PASSED] - click(findTestObject(path_VT + "a_Find Profile")): Object: 'Object Repository/AdminSuiteBootstrap_Pages/VT_Bootstrap/IssueTransactions/a_Find Profile' is clicked on

2022-06-30 22:48:16 - [MESSAGE][PASSED] - Object: 'Object Repository/AdminSuiteBootstrap_Pages/VT_Bootstrap/IssueTransactions/a_Find Profile' is clicked on

2022-06-30 22:48:16 - [TEST_STEP][PASSED] - criteria = <not implemented yet for class: org.codehaus.groovy.ast.expr.EmptyExpression>: null

2022-06-30 22:48:16 - [TEST_STEP][PASSED] - searchBy = <not implemented yet for class: org.codehaus.groovy.ast.expr.EmptyExpression>: null

2022-06-30 22:48:16 - [TEST_STEP][PASSED] - criteria = findTestData(dataFile).getValue("ProfileName", row): null

2022-06-30 22:48:16 - [TEST_STEP][PASSED] - path_SearchProfile = "Object Repository/AdminSuiteBootstrap_Pages/VSP_Bootstrap/SearchProfile/": null

2022-06-30 22:48:16 - [TEST_STEP][PASSED] - setText(findTestObject(path_SearchProfile + "input_Criteria"), criteria): Text 'PaymentsPS' is set on object 'Object Repository/AdminSuiteBootstrap_Pages/VSP_Bootstrap/SearchProfile/input_Criteria'

2022-06-30 22:48:17 - [MESSAGE][PASSED] - Text 'PaymentsPS' is set on object 'Object Repository/AdminSuiteBootstrap_Pages/VSP_Bootstrap/SearchProfile/input_Criteria'

2022-06-30 22:48:17 - [TEST_STEP][PASSED] - click(findTestObject(path_SearchProfile + "button_Search")): Object: 'Object Repository/AdminSuiteBootstrap_Pages/VSP_Bootstrap/SearchProfile/button_Search' is clicked on

2022-06-30 22:48:18 - [MESSAGE][PASSED] - Object: 'Object Repository/AdminSuiteBootstrap_Pages/VSP_Bootstrap/SearchProfile/button_Search' is clicked on

2022-06-30 22:48:18 - [TEST_STEP][PASSED] - profNameLink = findTestData(dataFile).getValue("ProfileNameLink", row): null

2022-06-30 22:48:18 - [TEST_STEP][PASSED] - click(findTestObject(path_ViewProfile + profNameLink)): Object: 'Object Repository/AdminSuiteBootstrap_Pages/VSP_Bootstrap/View Profile/a_PaymentsPS' is clicked on

2022-06-30 22:48:19 - [MESSAGE][PASSED] - Object: 'Object Repository/AdminSuiteBootstrap_Pages/VSP_Bootstrap/View Profile/a_PaymentsPS' is clicked on

2022-06-30 22:48:19 - [TEST_STEP][PASSED] - click(findTestObject(path_ViewProfile + "a_Debit")): Object: 'Object Repository/AdminSuiteBootstrap_Pages/VSP_Bootstrap/View Profile/a_Debit' is clicked on

2022-06-30 22:48:21 - [MESSAGE][PASSED] - Object: 'Object Repository/AdminSuiteBootstrap_Pages/VSP_Bootstrap/View Profile/a_Debit' is clicked on

2022-06-30 22:48:21 - [TEST_STEP][PASSED] - verifyTextPresent("Remittance ID", true): Text 'Remittance ID' is present on page  using regular expression

2022-06-30 22:48:22 - [MESSAGE][PASSED] - Text 'Remittance ID' is present on page  using regular expression

2022-06-30 22:48:22 - [TEST_STEP][PASSED] - vspBootstrap.ACHDebitPage.setDataACHDebit(row, dataFile): vspBootstrap.ACHDebitPage.setDataACHDebit is PASSED

2022-06-30 22:48:23 - [MESSAGE][PASSED] - All options with value 'PPD' are selected in object 'Object Repository/AdminSuiteBootstrap_Pages/VSP_Bootstrap/VSP_Debit/select_StdEntryClass'  using regular expression

2022-06-30 22:48:24 - [MESSAGE][PASSED] - Text '' is set on object 'Object Repository/AdminSuiteBootstrap_Pages/VSP_Bootstrap/VSP_Debit/input_smsNumber'

2022-06-30 22:48:25 - [MESSAGE][PASSED] - Text '2.50' is set on object 'Object Repository/AdminSuiteBootstrap_Pages/VSP_Bootstrap/VSP_Debit/input_amount'

2022-06-30 22:48:25 - [MESSAGE][PASSED] - Text 'Delhi' is set on object 'Object Repository/AdminSuiteBootstrap_Pages/VSP_Bootstrap/VSP_Debit/input_userDefined1'

2022-06-30 22:48:26 - [MESSAGE][PASSED] - Text 'Chennai' is set on object 'Object Repository/AdminSuiteBootstrap_Pages/VSP_Bootstrap/VSP_Debit/input_userDefined2'

2022-06-30 22:48:27 - [MESSAGE][PASSED] - Text 'Mumbai' is set on object 'Object Repository/AdminSuiteBootstrap_Pages/VSP_Bootstrap/VSP_Debit/input_userDefined3'

2022-06-30 22:48:27 - [MESSAGE][PASSED] - Text 'Kanpur' is set on object 'Object Repository/AdminSuiteBootstrap_Pages/VSP_Bootstrap/VSP_Debit/input_userDefined4'

2022-06-30 22:48:29 - [MESSAGE][PASSED] - All options with label 'Orange' are selected in object 'Object Repository/AdminSuiteBootstrap_Pages/VSP_Bootstrap/VSP_Debit/select_UDF5'  using regular expression

2022-06-30 22:48:30 - [MESSAGE][PASSED] - All options with label 'Yellow' are selected in object 'Object Repository/AdminSuiteBootstrap_Pages/VSP_Bootstrap/VSP_Debit/select_UDF6'  using regular expression

2022-06-30 22:48:30 - [MESSAGE][PASSED] - Text 'Kolkata' is set on object 'Object Repository/AdminSuiteBootstrap_Pages/VSP_Bootstrap/VSP_Debit/input_userDefined7'

2022-06-30 22:48:31 - [MESSAGE][PASSED] - Text 'Pune' is set on object 'Object Repository/AdminSuiteBootstrap_Pages/VSP_Bootstrap/VSP_Debit/input_userDefined8'

2022-06-30 22:48:32 - [MESSAGE][PASSED] - Text 'Bhavnagar' is set on object 'Object Repository/AdminSuiteBootstrap_Pages/VSP_Bootstrap/VSP_Debit/input_userDefined9'

2022-06-30 22:48:32 - [MESSAGE][PASSED] - Text 'Noida' is set on object 'Object Repository/AdminSuiteBootstrap_Pages/VSP_Bootstrap/VSP_Debit/input_userDefined10'

2022-06-30 22:48:34 - [MESSAGE][PASSED] - Object: 'Object Repository/AdminSuiteBootstrap_Pages/VSP_Bootstrap/VSP_Debit/button_Submit' is clicked on

2022-06-30 22:48:34 - [MESSAGE][PASSED] - vspBootstrap.ACHDebitPage.setDataACHDebit is PASSED

2022-06-30 22:48:34 - [TEST_STEP][PASSED] - verifyTextPresent("Transaction Successful", true): Text 'Transaction Successful' is present on page  using regular expression

2022-06-30 22:48:35 - [MESSAGE][PASSED] - Text 'Transaction Successful' is present on page  using regular expression

2022-06-30 22:48:35 - [TEST_STEP][PASSED] - verifyElementVisible(findTestObject("Object Repository/AdminSuiteBootstrap_Pages/VT_Bootstrap/Receipt/button_Continue")): Object 'Object Repository/AdminSuiteBootstrap_Pages/VT_Bootstrap/Receipt/button_Continue' is visible

2022-06-30 22:48:35 - [MESSAGE][PASSED] - Object 'Object Repository/AdminSuiteBootstrap_Pages/VT_Bootstrap/Receipt/button_Continue' is visible

2022-06-30 22:48:35 - [TEST_STEP][PASSED] - verifyElementPresent(findTestObject("Object Repository/AdminSuiteBootstrap_Pages/VT_Bootstrap/Receipt/button_Continue"), 20): Object 'Object Repository/AdminSuiteBootstrap_Pages/VT_Bootstrap/Receipt/button_Continue' is present

2022-06-30 22:48:35 - [MESSAGE][PASSED] - Object 'Object Repository/AdminSuiteBootstrap_Pages/VT_Bootstrap/Receipt/button_Continue' is present

2022-06-30 22:48:35 - [TEST_STEP][PASSED] - verifyElementVisible(findTestObject("Object Repository/AdminSuiteBootstrap_Pages/VT_Bootstrap/Receipt/button_Print")): Object 'Object Repository/AdminSuiteBootstrap_Pages/VT_Bootstrap/Receipt/button_Print' is visible

2022-06-30 22:48:36 - [MESSAGE][PASSED] - Object 'Object Repository/AdminSuiteBootstrap_Pages/VT_Bootstrap/Receipt/button_Print' is visible

2022-06-30 22:48:36 - [TEST_STEP][PASSED] - verifyElementPresent(findTestObject("Object Repository/AdminSuiteBootstrap_Pages/VT_Bootstrap/Receipt/button_Print"), 20): Object 'Object Repository/AdminSuiteBootstrap_Pages/VT_Bootstrap/Receipt/button_Print' is present

2022-06-30 22:48:36 - [MESSAGE][PASSED] - Object 'Object Repository/AdminSuiteBootstrap_Pages/VT_Bootstrap/Receipt/button_Print' is present

2022-06-30 22:48:36 - [TEST_STEP][PASSED] - verifyTextPresent("Remittance ID", true): Text 'Remittance ID' is present on page  using regular expression

2022-06-30 22:48:36 - [MESSAGE][PASSED] - Text 'Remittance ID' is present on page  using regular expression

2022-06-30 22:48:36 - [TEST_STEP][PASSED] - verifyTextPresent("Received", true): Text 'Received' is present on page  using regular expression

2022-06-30 22:48:36 - [MESSAGE][PASSED] - Text 'Received' is present on page  using regular expression

2022-06-30 22:48:36 - [TEST_STEP][PASSED] - verifyTextPresent("UDF1", true): Text 'UDF1' is present on page  using regular expression

2022-06-30 22:48:37 - [MESSAGE][PASSED] - Text 'UDF1' is present on page  using regular expression

2022-06-30 22:48:37 - [TEST_STEP][PASSED] - verifyTextPresent("UDF2", true): Text 'UDF2' is present on page  using regular expression

2022-06-30 22:48:37 - [MESSAGE][PASSED] - Text 'UDF2' is present on page  using regular expression

2022-06-30 22:48:37 - [TEST_STEP][PASSED] - verifyTextPresent("UDF3", true): Text 'UDF3' is present on page  using regular expression

2022-06-30 22:48:37 - [MESSAGE][PASSED] - Text 'UDF3' is present on page  using regular expression

2022-06-30 22:48:37 - [TEST_STEP][PASSED] - verifyTextPresent("UDF4", true): Text 'UDF4' is present on page  using regular expression

2022-06-30 22:48:38 - [MESSAGE][PASSED] - Text 'UDF4' is present on page  using regular expression

2022-06-30 22:48:38 - [TEST_STEP][PASSED] - verifyTextPresent("UDF5", true): Text 'UDF5' is present on page  using regular expression

2022-06-30 22:48:38 - [MESSAGE][PASSED] - Text 'UDF5' is present on page  using regular expression

2022-06-30 22:48:38 - [TEST_STEP][PASSED] - verifyTextPresent("UDF6", true): Text 'UDF6' is present on page  using regular expression

2022-06-30 22:48:38 - [MESSAGE][PASSED] - Text 'UDF6' is present on page  using regular expression

2022-06-30 22:48:38 - [TEST_STEP][PASSED] - verifyTextPresent("UDF7", true): Text 'UDF7' is present on page  using regular expression

2022-06-30 22:48:39 - [MESSAGE][PASSED] - Text 'UDF7' is present on page  using regular expression

2022-06-30 22:48:39 - [TEST_STEP][PASSED] - verifyTextPresent("UDF8", true): Text 'UDF8' is present on page  using regular expression

2022-06-30 22:48:39 - [MESSAGE][PASSED] - Text 'UDF8' is present on page  using regular expression

2022-06-30 22:48:39 - [TEST_STEP][PASSED] - verifyTextPresent("UDF9", true): Text 'UDF9' is present on page  using regular expression

2022-06-30 22:48:39 - [MESSAGE][PASSED] - Text 'UDF9' is present on page  using regular expression

2022-06-30 22:48:39 - [TEST_STEP][PASSED] - verifyTextPresent("UDF 10", true): Text 'UDF 10' is present on page  using regular expression

2022-06-30 22:48:39 - [MESSAGE][PASSED] - Text 'UDF 10' is present on page  using regular expression

2022-06-30 22:48:39 - [TEST_STEP][PASSED] - verifyTextPresent("Delhi", true): Text 'Delhi' is present on page  using regular expression

2022-06-30 22:48:40 - [MESSAGE][PASSED] - Text 'Delhi' is present on page  using regular expression

2022-06-30 22:48:40 - [TEST_STEP][PASSED] - verifyTextPresent("Chennai", true): Text 'Chennai' is present on page  using regular expression

2022-06-30 22:48:40 - [MESSAGE][PASSED] - Text 'Chennai' is present on page  using regular expression

2022-06-30 22:48:40 - [TEST_STEP][PASSED] - verifyTextPresent("Mumbai", true): Text 'Mumbai' is present on page  using regular expression

2022-06-30 22:48:40 - [MESSAGE][PASSED] - Text 'Mumbai' is present on page  using regular expression

2022-06-30 22:48:40 - [TEST_STEP][PASSED] - verifyTextPresent("Kanpur", true): Text 'Kanpur' is present on page  using regular expression

2022-06-30 22:48:41 - [MESSAGE][PASSED] - Text 'Kanpur' is present on page  using regular expression

2022-06-30 22:48:41 - [TEST_STEP][PASSED] - verifyTextPresent("Orange Recorded", true): Text 'Orange Recorded' is present on page  using regular expression

2022-06-30 22:48:41 - [MESSAGE][PASSED] - Text 'Orange Recorded' is present on page  using regular expression

2022-06-30 22:48:41 - [TEST_STEP][PASSED] - verifyTextPresent("Yellow Recorded", true): Text 'Yellow Recorded' is present on page  using regular expression

2022-06-30 22:48:41 - [MESSAGE][PASSED] - Text 'Yellow Recorded' is present on page  using regular expression

2022-06-30 22:48:41 - [TEST_STEP][PASSED] - verifyTextPresent("Kolkata", true): Text 'Kolkata' is present on page  using regular expression

2022-06-30 22:48:42 - [MESSAGE][PASSED] - Text 'Kolkata' is present on page  using regular expression

2022-06-30 22:48:42 - [TEST_STEP][PASSED] - verifyTextPresent("Pune", true): Text 'Pune' is present on page  using regular expression

2022-06-30 22:48:42 - [MESSAGE][PASSED] - Text 'Pune' is present on page  using regular expression

2022-06-30 22:48:42 - [TEST_STEP][PASSED] - verifyTextPresent("Bhavnagar", true): Text 'Bhavnagar' is present on page  using regular expression

2022-06-30 22:48:42 - [MESSAGE][PASSED] - Text 'Bhavnagar' is present on page  using regular expression

2022-06-30 22:48:42 - [TEST_STEP][PASSED] - verifyTextPresent("Noida", true): Text 'Noida' is present on page  using regular expression

2022-06-30 22:48:43 - [MESSAGE][PASSED] - Text 'Noida' is present on page  using regular expression

2022-06-30 22:48:43 - [TEST_STEP][PASSED] - verifyTextPresent("Amount", true): Text 'Amount' is present on page  using regular expression

2022-06-30 22:48:43 - [MESSAGE][PASSED] - Text 'Amount' is present on page  using regular expression

2022-06-30 22:48:43 - [TEST_STEP][PASSED] - verifyTextPresent("2.50", true): Text '2.50' is present on page  using regular expression

2022-06-30 22:48:43 - [MESSAGE][PASSED] - Text '2.50' is present on page  using regular expression

2022-06-30 22:48:43 - [TEST_STEP][PASSED] - verifyTextPresent("Transaction Type", true): Text 'Transaction Type' is present on page  using regular expression

2022-06-30 22:48:44 - [MESSAGE][PASSED] - Text 'Transaction Type' is present on page  using regular expression

2022-06-30 22:48:44 - [TEST_STEP][PASSED] - verifyTextPresent("Debit", true): Text 'Debit' is present on page  using regular expression

2022-06-30 22:48:44 - [MESSAGE][PASSED] - Text 'Debit' is present on page  using regular expression

2022-06-30 22:48:44 - [TEST_STEP][PASSED] - verifyTextPresent("Check Information", true): Text 'Check Information' is present on page  using regular expression

2022-06-30 22:48:44 - [MESSAGE][PASSED] - Text 'Check Information' is present on page  using regular expression

2022-06-30 22:48:44 - [TEST_STEP][PASSED] - verifyTextPresent("Account Type", true): Text 'Account Type' is present on page  using regular expression

2022-06-30 22:48:45 - [MESSAGE][PASSED] - Text 'Account Type' is present on page  using regular expression

2022-06-30 22:48:45 - [TEST_STEP][PASSED] - verifyTextPresent("Account Number", true): Text 'Account Number' is present on page  using regular expression

2022-06-30 22:48:45 - [MESSAGE][PASSED] - Text 'Account Number' is present on page  using regular expression

2022-06-30 22:48:45 - [TEST_STEP][PASSED] - verifyTextPresent("Routing Number", true): Text 'Routing Number' is present on page  using regular expression

2022-06-30 22:48:45 - [MESSAGE][PASSED] - Text 'Routing Number' is present on page  using regular expression

2022-06-30 22:48:45 - [TEST_STEP][PASSED] - verifyTextPresent("Address Line 1", true): Text 'Address Line 1' is present on page  using regular expression

2022-06-30 22:48:46 - [MESSAGE][PASSED] - Text 'Address Line 1' is present on page  using regular expression

2022-06-30 22:48:46 - [TEST_STEP][PASSED] - verifyTextPresent("Address Line 2", true): Text 'Address Line 2' is present on page  using regular expression

2022-06-30 22:48:46 - [MESSAGE][PASSED] - Text 'Address Line 2' is present on page  using regular expression

2022-06-30 22:48:46 - [TEST_STEP][PASSED] - verifyTextPresent("Country", true): Text 'Country' is present on page  using regular expression

2022-06-30 22:48:46 - [MESSAGE][PASSED] - Text 'Country' is present on page  using regular expression

2022-06-30 22:48:46 - [TEST_STEP][PASSED] - verifyTextPresent("City", true): Text 'City' is present on page  using regular expression

2022-06-30 22:48:47 - [MESSAGE][PASSED] - Text 'City' is present on page  using regular expression

2022-06-30 22:48:47 - [TEST_STEP][PASSED] - verifyTextPresent("State", true): Text 'State' is present on page  using regular expression

2022-06-30 22:48:47 - [MESSAGE][PASSED] - Text 'State' is present on page  using regular expression

2022-06-30 22:48:47 - [TEST_STEP][PASSED] - verifyTextPresent("ZIP Code", true): Text 'ZIP Code' is present on page  using regular expression

2022-06-30 22:48:47 - [MESSAGE][PASSED] - Text 'ZIP Code' is present on page  using regular expression

2022-06-30 22:48:47 - [TEST_STEP][PASSED] - verifyTextPresent("248 PhoolKaante road", true): Text '248 PhoolKaante road' is present on page  using regular expression

2022-06-30 22:48:48 - [MESSAGE][PASSED] - Text '248 PhoolKaante road' is present on page  using regular expression

2022-06-30 22:48:48 - [TEST_STEP][PASSED] - verifyTextPresent("Suite 678", true): Text 'Suite 678' is present on page  using regular expression

2022-06-30 22:48:48 - [MESSAGE][PASSED] - Text 'Suite 678' is present on page  using regular expression

2022-06-30 22:48:48 - [TEST_STEP][PASSED] - verifyTextPresent("United States", true): Text 'United States' is present on page  using regular expression

2022-06-30 22:48:48 - [MESSAGE][PASSED] - Text 'United States' is present on page  using regular expression

2022-06-30 22:48:48 - [TEST_STEP][PASSED] - verifyTextPresent("ARLINGTON", true): Text 'ARLINGTON' is present on page  using regular expression

2022-06-30 22:48:49 - [MESSAGE][PASSED] - Text 'ARLINGTON' is present on page  using regular expression

2022-06-30 22:48:49 - [TEST_STEP][PASSED] - verifyTextPresent("Virginia", true): Text 'Virginia' is present on page  using regular expression

2022-06-30 22:48:49 - [MESSAGE][PASSED] - Text 'Virginia' is present on page  using regular expression

2022-06-30 22:48:49 - [TEST_STEP][PASSED] - verifyTextPresent("22201", true): Text '22201' is present on page  using regular expression

2022-06-30 22:48:49 - [MESSAGE][PASSED] - Text '22201' is present on page  using regular expression

2022-06-30 22:48:49 - [TEST_STEP][PASSED] - tranType = findTestData(dataFile).getValue("TranType", row): null

2022-06-30 22:48:49 - [TEST_STEP][PASSED] - last4V = findTestData(dataFile).getValue("Last4", row): null

2022-06-30 22:48:49 - [TEST_STEP][PASSED] - verifyTextPresent(tranType, true): Text 'Savings' is present on page  using regular expression

2022-06-30 22:48:50 - [MESSAGE][PASSED] - Text 'Savings' is present on page  using regular expression

2022-06-30 22:48:50 - [TEST_STEP][PASSED] - verifyTextPresent(last4V, true): Text '3333' is present on page  using regular expression

2022-06-30 22:48:50 - [MESSAGE][PASSED] - Text '3333' is present on page  using regular expression

2022-06-30 22:48:50 - [TEST_STEP][PASSED] - if (profNameLink.equalsIgnoreCase("a_PaymentsPC")): null

2022-06-30 22:48:50 - [TEST_STEP][PASSED] - if (profNameLink.equalsIgnoreCase("a_PaymentsPS")): Text 'TANDON RAVENA' is present on page  using regular expression

2022-06-30 22:48:50 - [TEST_STEP][PASSED] - verifyTextPresent("Name on Account", true): Text 'Name on Account' is present on page  using regular expression

2022-06-30 22:48:50 - [MESSAGE][PASSED] - Text 'Name on Account' is present on page  using regular expression

2022-06-30 22:48:50 - [TEST_STEP][PASSED] - verifyTextPresent("TANDON RAVENA", true): Text 'TANDON RAVENA' is present on page  using regular expression

2022-06-30 22:48:51 - [MESSAGE][PASSED] - Text 'TANDON RAVENA' is present on page  using regular expression

2022-06-30 22:48:51 - [TEST_STEP][PASSED] - if (profNameLink.equalsIgnoreCase("a_PaymentsCorp")): null

2022-06-30 22:48:51 - [TEST_STEP][PASSED] - switch (appName): null

2022-06-30 22:48:51 - [TEST_STEP][PASSED] - closeBrowser(): Browser is closed

2022-06-30 22:48:51 - [MESSAGE][PASSED] - Browser is closed

2022-06-30 22:48:51 - [TEST_STEP][PASSED] - ExecuteTC = findTestData(dataFile).getValue("Execute", row): null

2022-06-30 22:48:52 - [TEST_STEP][PASSED] - out.println("Value of Execute is : " + ExecuteTC): null

2022-06-30 22:48:52 - [TEST_STEP][PASSED] - switch (executionProfile): null

2022-06-30 22:48:52 - [TEST_STEP][PASSED] - case "QAProfile":: null

2022-06-30 22:48:52 - [TEST_STEP][PASSED] - appName = findTestData(dataFile).getValue("AppNameQA", row): null

2022-06-30 22:48:52 - [TEST_STEP][PASSED] - appID = findTestData(dataFile).getValue("AppIDQA", row): null

2022-06-30 22:48:52 - [TEST_STEP][PASSED] - break: null

2022-06-30 22:48:52 - [TEST_STEP][PASSED] - if (ExecuteTC.equalsIgnoreCase("Y")): null

2022-06-30 22:48:52 - [TEST_STEP][PASSED] - out.println("Begin Record Number: " + row): null

2022-06-30 22:48:52 - [TEST_STEP][PASSED] - today = new java.util.Date(): null

2022-06-30 22:48:52 - [TEST_STEP][PASSED] - println(today): null

2022-06-30 22:48:52 - [TEST_STEP][PASSED] - datText = today: null

2022-06-30 22:48:52 - [TEST_STEP][PASSED] - adminSuiteBootstrap.loginFunctionality.login_AdminSuite(): adminSuiteBootstrap.loginFunctionality.login_AdminSuite is PASSED

2022-06-30 22:48:52 - [MESSAGE][INFO] - Starting 'Chrome' driver

2022-06-30 22:48:52 - [MESSAGE][INFO] - User set preference: ['acceptInsecureCerts', 'true']

2022-06-30 22:48:52 - [MESSAGE][INFO] - Action delay is set to 0 milliseconds

2022-06-30 22:48:54 - [MESSAGE][PASSED] - Browser is opened with url: 'https://qa.velocitypayment.com/admin/imtiaz'

2022-06-30 22:48:54 - [MESSAGE][PASSED] - Current window maximized

2022-06-30 22:48:55 - [MESSAGE][PASSED] - Object 'Object Repository/Login_Page/Login_Username' is present

2022-06-30 22:48:56 - [MESSAGE][PASSED] - Text 'iahmed' is set on object 'Object Repository/Login_Page/Login_Username'

2022-06-30 22:48:56 - [MESSAGE][PASSED] - Text 'hello2222' is set on object 'Object Repository/Login_Page/Login_Password'

2022-06-30 22:49:00 - [MESSAGE][PASSED] - Object: 'Object Repository/Login_Page/Login_Submit' is clicked on

2022-06-30 22:49:00 - [MESSAGE][PASSED] - adminSuiteBootstrap.loginFunctionality.login_AdminSuite is PASSED

2022-06-30 22:49:00 - [TEST_STEP][PASSED] - click(findTestObject(path_Dashboard + appName)): Object: 'Object Repository/AdminSuiteBootstrap_Pages/Dashboard_Bootstrap/a_Access AutoNoCFtp' is clicked on

2022-06-30 22:49:01 - [MESSAGE][PASSED] - Object: 'Object Repository/AdminSuiteBootstrap_Pages/Dashboard_Bootstrap/a_Access AutoNoCFtp' is clicked on

2022-06-30 22:49:01 - [TEST_STEP][PASSED] - click(findTestObject(path_VT + "a_Find Profile")): Object: 'Object Repository/AdminSuiteBootstrap_Pages/VT_Bootstrap/IssueTransactions/a_Find Profile' is clicked on

2022-06-30 22:49:02 - [MESSAGE][PASSED] - Object: 'Object Repository/AdminSuiteBootstrap_Pages/VT_Bootstrap/IssueTransactions/a_Find Profile' is clicked on

2022-06-30 22:49:02 - [TEST_STEP][PASSED] - criteria = <not implemented yet for class: org.codehaus.groovy.ast.expr.EmptyExpression>: null

2022-06-30 22:49:02 - [TEST_STEP][PASSED] - searchBy = <not implemented yet for class: org.codehaus.groovy.ast.expr.EmptyExpression>: null

2022-06-30 22:49:02 - [TEST_STEP][PASSED] - criteria = findTestData(dataFile).getValue("ProfileName", row): null

2022-06-30 22:49:02 - [TEST_STEP][PASSED] - path_SearchProfile = "Object Repository/AdminSuiteBootstrap_Pages/VSP_Bootstrap/SearchProfile/": null

2022-06-30 22:49:02 - [TEST_STEP][PASSED] - setText(findTestObject(path_SearchProfile + "input_Criteria"), criteria): Text 'PaymentsPS' is set on object 'Object Repository/AdminSuiteBootstrap_Pages/VSP_Bootstrap/SearchProfile/input_Criteria'

2022-06-30 22:49:02 - [MESSAGE][PASSED] - Text 'PaymentsPS' is set on object 'Object Repository/AdminSuiteBootstrap_Pages/VSP_Bootstrap/SearchProfile/input_Criteria'

2022-06-30 22:49:02 - [TEST_STEP][PASSED] - click(findTestObject(path_SearchProfile + "button_Search")): Object: 'Object Repository/AdminSuiteBootstrap_Pages/VSP_Bootstrap/SearchProfile/button_Search' is clicked on

2022-06-30 22:49:03 - [MESSAGE][PASSED] - Object: 'Object Repository/AdminSuiteBootstrap_Pages/VSP_Bootstrap/SearchProfile/button_Search' is clicked on

2022-06-30 22:49:03 - [TEST_STEP][PASSED] - profNameLink = findTestData(dataFile).getValue("ProfileNameLink", row): null

2022-06-30 22:49:03 - [TEST_STEP][PASSED] - click(findTestObject(path_ViewProfile + profNameLink)): Object: 'Object Repository/AdminSuiteBootstrap_Pages/VSP_Bootstrap/View Profile/a_PaymentsPS' is clicked on

2022-06-30 22:49:06 - [MESSAGE][PASSED] - Object: 'Object Repository/AdminSuiteBootstrap_Pages/VSP_Bootstrap/View Profile/a_PaymentsPS' is clicked on

2022-06-30 22:49:06 - [TEST_STEP][PASSED] - click(findTestObject(path_ViewProfile + "a_Debit")): Object: 'Object Repository/AdminSuiteBootstrap_Pages/VSP_Bootstrap/View Profile/a_Debit' is clicked on

2022-06-30 22:49:09 - [MESSAGE][PASSED] - Object: 'Object Repository/AdminSuiteBootstrap_Pages/VSP_Bootstrap/View Profile/a_Debit' is clicked on

2022-06-30 22:49:09 - [TEST_STEP][PASSED] - verifyTextPresent("Remittance ID", true): Text 'Remittance ID' is present on page  using regular expression

2022-06-30 22:49:11 - [MESSAGE][PASSED] - Text 'Remittance ID' is present on page  using regular expression

2022-06-30 22:49:11 - [TEST_STEP][PASSED] - vspBootstrap.ACHDebitPage.setDataACHDebit(row, dataFile): vspBootstrap.ACHDebitPage.setDataACHDebit is PASSED

2022-06-30 22:49:12 - [MESSAGE][PASSED] - All options with value 'TEL' are selected in object 'Object Repository/AdminSuiteBootstrap_Pages/VSP_Bootstrap/VSP_Debit/select_StdEntryClass'  using regular expression

2022-06-30 22:49:13 - [MESSAGE][PASSED] - Text '' is set on object 'Object Repository/AdminSuiteBootstrap_Pages/VSP_Bootstrap/VSP_Debit/input_smsNumber'

2022-06-30 22:49:13 - [MESSAGE][PASSED] - Text '2.50' is set on object 'Object Repository/AdminSuiteBootstrap_Pages/VSP_Bootstrap/VSP_Debit/input_amount'

2022-06-30 22:49:14 - [MESSAGE][PASSED] - Text 'Delhi' is set on object 'Object Repository/AdminSuiteBootstrap_Pages/VSP_Bootstrap/VSP_Debit/input_userDefined1'

2022-06-30 22:49:15 - [MESSAGE][PASSED] - Text 'Chennai' is set on object 'Object Repository/AdminSuiteBootstrap_Pages/VSP_Bootstrap/VSP_Debit/input_userDefined2'

2022-06-30 22:49:15 - [MESSAGE][PASSED] - Text 'Mumbai' is set on object 'Object Repository/AdminSuiteBootstrap_Pages/VSP_Bootstrap/VSP_Debit/input_userDefined3'

2022-06-30 22:49:16 - [MESSAGE][PASSED] - Text 'Kanpur' is set on object 'Object Repository/AdminSuiteBootstrap_Pages/VSP_Bootstrap/VSP_Debit/input_userDefined4'

2022-06-30 22:49:17 - [MESSAGE][PASSED] - All options with label 'Orange' are selected in object 'Object Repository/AdminSuiteBootstrap_Pages/VSP_Bootstrap/VSP_Debit/select_UDF5'  using regular expression

2022-06-30 22:49:18 - [MESSAGE][PASSED] - All options with label 'Yellow' are selected in object 'Object Repository/AdminSuiteBootstrap_Pages/VSP_Bootstrap/VSP_Debit/select_UDF6'  using regular expression

2022-06-30 22:49:19 - [MESSAGE][PASSED] - Text 'Kolkata' is set on object 'Object Repository/AdminSuiteBootstrap_Pages/VSP_Bootstrap/VSP_Debit/input_userDefined7'

2022-06-30 22:49:20 - [MESSAGE][PASSED] - Text 'Pune' is set on object 'Object Repository/AdminSuiteBootstrap_Pages/VSP_Bootstrap/VSP_Debit/input_userDefined8'

2022-06-30 22:49:20 - [MESSAGE][PASSED] - Text 'Bhavnagar' is set on object 'Object Repository/AdminSuiteBootstrap_Pages/VSP_Bootstrap/VSP_Debit/input_userDefined9'

2022-06-30 22:49:21 - [MESSAGE][PASSED] - Text 'Noida' is set on object 'Object Repository/AdminSuiteBootstrap_Pages/VSP_Bootstrap/VSP_Debit/input_userDefined10'

2022-06-30 22:49:22 - [MESSAGE][PASSED] - Object: 'Object Repository/AdminSuiteBootstrap_Pages/VSP_Bootstrap/VSP_Debit/button_Submit' is clicked on

2022-06-30 22:49:22 - [MESSAGE][PASSED] - vspBootstrap.ACHDebitPage.setDataACHDebit is PASSED

2022-06-30 22:49:22 - [TEST_STEP][PASSED] - verifyTextPresent("Transaction Successful", true): Text 'Transaction Successful' is present on page  using regular expression

2022-06-30 22:49:23 - [MESSAGE][PASSED] - Text 'Transaction Successful' is present on page  using regular expression

2022-06-30 22:49:23 - [TEST_STEP][PASSED] - verifyElementVisible(findTestObject("Object Repository/AdminSuiteBootstrap_Pages/VT_Bootstrap/Receipt/button_Continue")): Object 'Object Repository/AdminSuiteBootstrap_Pages/VT_Bootstrap/Receipt/button_Continue' is visible

2022-06-30 22:49:23 - [MESSAGE][PASSED] - Object 'Object Repository/AdminSuiteBootstrap_Pages/VT_Bootstrap/Receipt/button_Continue' is visible

2022-06-30 22:49:23 - [TEST_STEP][PASSED] - verifyElementPresent(findTestObject("Object Repository/AdminSuiteBootstrap_Pages/VT_Bootstrap/Receipt/button_Continue"), 20): Object 'Object Repository/AdminSuiteBootstrap_Pages/VT_Bootstrap/Receipt/button_Continue' is present

2022-06-30 22:49:24 - [MESSAGE][PASSED] - Object 'Object Repository/AdminSuiteBootstrap_Pages/VT_Bootstrap/Receipt/button_Continue' is present

2022-06-30 22:49:24 - [TEST_STEP][PASSED] - verifyElementVisible(findTestObject("Object Repository/AdminSuiteBootstrap_Pages/VT_Bootstrap/Receipt/button_Print")): Object 'Object Repository/AdminSuiteBootstrap_Pages/VT_Bootstrap/Receipt/button_Print' is visible

2022-06-30 22:49:24 - [MESSAGE][PASSED] - Object 'Object Repository/AdminSuiteBootstrap_Pages/VT_Bootstrap/Receipt/button_Print' is visible

2022-06-30 22:49:24 - [TEST_STEP][PASSED] - verifyElementPresent(findTestObject("Object Repository/AdminSuiteBootstrap_Pages/VT_Bootstrap/Receipt/button_Print"), 20): Object 'Object Repository/AdminSuiteBootstrap_Pages/VT_Bootstrap/Receipt/button_Print' is present

2022-06-30 22:49:24 - [MESSAGE][PASSED] - Object 'Object Repository/AdminSuiteBootstrap_Pages/VT_Bootstrap/Receipt/button_Print' is present

2022-06-30 22:49:24 - [TEST_STEP][PASSED] - verifyTextPresent("Remittance ID", true): Text 'Remittance ID' is present on page  using regular expression

2022-06-30 22:49:25 - [MESSAGE][PASSED] - Text 'Remittance ID' is present on page  using regular expression

2022-06-30 22:49:25 - [TEST_STEP][PASSED] - verifyTextPresent("Received", true): Text 'Received' is present on page  using regular expression

2022-06-30 22:49:25 - [MESSAGE][PASSED] - Text 'Received' is present on page  using regular expression

2022-06-30 22:49:25 - [TEST_STEP][PASSED] - verifyTextPresent("UDF1", true): Text 'UDF1' is present on page  using regular expression

2022-06-30 22:49:25 - [MESSAGE][PASSED] - Text 'UDF1' is present on page  using regular expression

2022-06-30 22:49:25 - [TEST_STEP][PASSED] - verifyTextPresent("UDF2", true): Text 'UDF2' is present on page  using regular expression

2022-06-30 22:49:26 - [MESSAGE][PASSED] - Text 'UDF2' is present on page  using regular expression

2022-06-30 22:49:26 - [TEST_STEP][PASSED] - verifyTextPresent("UDF3", true): Text 'UDF3' is present on page  using regular expression

2022-06-30 22:49:26 - [MESSAGE][PASSED] - Text 'UDF3' is present on page  using regular expression

2022-06-30 22:49:26 - [TEST_STEP][PASSED] - verifyTextPresent("UDF4", true): Text 'UDF4' is present on page  using regular expression

2022-06-30 22:49:26 - [MESSAGE][PASSED] - Text 'UDF4' is present on page  using regular expression

2022-06-30 22:49:26 - [TEST_STEP][PASSED] - verifyTextPresent("UDF5", true): Text 'UDF5' is present on page  using regular expression

2022-06-30 22:49:26 - [MESSAGE][PASSED] - Text 'UDF5' is present on page  using regular expression

2022-06-30 22:49:26 - [TEST_STEP][PASSED] - verifyTextPresent("UDF6", true): Text 'UDF6' is present on page  using regular expression

2022-06-30 22:49:27 - [MESSAGE][PASSED] - Text 'UDF6' is present on page  using regular expression

2022-06-30 22:49:27 - [TEST_STEP][PASSED] - verifyTextPresent("UDF7", true): Text 'UDF7' is present on page  using regular expression

2022-06-30 22:49:27 - [MESSAGE][PASSED] - Text 'UDF7' is present on page  using regular expression

2022-06-30 22:49:27 - [TEST_STEP][PASSED] - verifyTextPresent("UDF8", true): Text 'UDF8' is present on page  using regular expression

2022-06-30 22:49:27 - [MESSAGE][PASSED] - Text 'UDF8' is present on page  using regular expression

2022-06-30 22:49:27 - [TEST_STEP][PASSED] - verifyTextPresent("UDF9", true): Text 'UDF9' is present on page  using regular expression

2022-06-30 22:49:28 - [MESSAGE][PASSED] - Text 'UDF9' is present on page  using regular expression

2022-06-30 22:49:28 - [TEST_STEP][PASSED] - verifyTextPresent("UDF 10", true): Text 'UDF 10' is present on page  using regular expression

2022-06-30 22:49:28 - [MESSAGE][PASSED] - Text 'UDF 10' is present on page  using regular expression

2022-06-30 22:49:28 - [TEST_STEP][PASSED] - verifyTextPresent("Delhi", true): Text 'Delhi' is present on page  using regular expression

2022-06-30 22:49:28 - [MESSAGE][PASSED] - Text 'Delhi' is present on page  using regular expression

2022-06-30 22:49:28 - [TEST_STEP][PASSED] - verifyTextPresent("Chennai", true): Text 'Chennai' is present on page  using regular expression

2022-06-30 22:49:29 - [MESSAGE][PASSED] - Text 'Chennai' is present on page  using regular expression

2022-06-30 22:49:29 - [TEST_STEP][PASSED] - verifyTextPresent("Mumbai", true): Text 'Mumbai' is present on page  using regular expression

2022-06-30 22:49:29 - [MESSAGE][PASSED] - Text 'Mumbai' is present on page  using regular expression

2022-06-30 22:49:29 - [TEST_STEP][PASSED] - verifyTextPresent("Kanpur", true): Text 'Kanpur' is present on page  using regular expression

2022-06-30 22:49:29 - [MESSAGE][PASSED] - Text 'Kanpur' is present on page  using regular expression

2022-06-30 22:49:29 - [TEST_STEP][PASSED] - verifyTextPresent("Orange Recorded", true): Text 'Orange Recorded' is present on page  using regular expression

2022-06-30 22:49:29 - [MESSAGE][PASSED] - Text 'Orange Recorded' is present on page  using regular expression

2022-06-30 22:49:29 - [TEST_STEP][PASSED] - verifyTextPresent("Yellow Recorded", true): Text 'Yellow Recorded' is present on page  using regular expression

2022-06-30 22:49:30 - [MESSAGE][PASSED] - Text 'Yellow Recorded' is present on page  using regular expression

2022-06-30 22:49:30 - [TEST_STEP][PASSED] - verifyTextPresent("Kolkata", true): Text 'Kolkata' is present on page  using regular expression

2022-06-30 22:49:30 - [MESSAGE][PASSED] - Text 'Kolkata' is present on page  using regular expression

2022-06-30 22:49:30 - [TEST_STEP][PASSED] - verifyTextPresent("Pune", true): Text 'Pune' is present on page  using regular expression

2022-06-30 22:49:30 - [MESSAGE][PASSED] - Text 'Pune' is present on page  using regular expression

2022-06-30 22:49:30 - [TEST_STEP][PASSED] - verifyTextPresent("Bhavnagar", true): Text 'Bhavnagar' is present on page  using regular expression

2022-06-30 22:49:31 - [MESSAGE][PASSED] - Text 'Bhavnagar' is present on page  using regular expression

2022-06-30 22:49:31 - [TEST_STEP][PASSED] - verifyTextPresent("Noida", true): Text 'Noida' is present on page  using regular expression

2022-06-30 22:49:31 - [MESSAGE][PASSED] - Text 'Noida' is present on page  using regular expression

2022-06-30 22:49:31 - [TEST_STEP][PASSED] - verifyTextPresent("Amount", true): Text 'Amount' is present on page  using regular expression

2022-06-30 22:49:31 - [MESSAGE][PASSED] - Text 'Amount' is present on page  using regular expression

2022-06-30 22:49:31 - [TEST_STEP][PASSED] - verifyTextPresent("2.50", true): Text '2.50' is present on page  using regular expression

2022-06-30 22:49:32 - [MESSAGE][PASSED] - Text '2.50' is present on page  using regular expression

2022-06-30 22:49:32 - [TEST_STEP][PASSED] - verifyTextPresent("Transaction Type", true): Text 'Transaction Type' is present on page  using regular expression

2022-06-30 22:49:32 - [MESSAGE][PASSED] - Text 'Transaction Type' is present on page  using regular expression

2022-06-30 22:49:32 - [TEST_STEP][PASSED] - verifyTextPresent("Debit", true): Text 'Debit' is present on page  using regular expression

2022-06-30 22:49:32 - [MESSAGE][PASSED] - Text 'Debit' is present on page  using regular expression

2022-06-30 22:49:32 - [TEST_STEP][PASSED] - verifyTextPresent("Check Information", true): Text 'Check Information' is present on page  using regular expression

2022-06-30 22:49:33 - [MESSAGE][PASSED] - Text 'Check Information' is present on page  using regular expression

2022-06-30 22:49:33 - [TEST_STEP][PASSED] - verifyTextPresent("Account Type", true): Text 'Account Type' is present on page  using regular expression

2022-06-30 22:49:33 - [MESSAGE][PASSED] - Text 'Account Type' is present on page  using regular expression

2022-06-30 22:49:33 - [TEST_STEP][PASSED] - verifyTextPresent("Account Number", true): Text 'Account Number' is present on page  using regular expression

2022-06-30 22:49:33 - [MESSAGE][PASSED] - Text 'Account Number' is present on page  using regular expression

2022-06-30 22:49:33 - [TEST_STEP][PASSED] - verifyTextPresent("Routing Number", true): Text 'Routing Number' is present on page  using regular expression

2022-06-30 22:49:34 - [MESSAGE][PASSED] - Text 'Routing Number' is present on page  using regular expression

2022-06-30 22:49:34 - [TEST_STEP][PASSED] - verifyTextPresent("Address Line 1", true): Text 'Address Line 1' is present on page  using regular expression

2022-06-30 22:49:34 - [MESSAGE][PASSED] - Text 'Address Line 1' is present on page  using regular expression

2022-06-30 22:49:34 - [TEST_STEP][PASSED] - verifyTextPresent("Address Line 2", true): Text 'Address Line 2' is present on page  using regular expression

2022-06-30 22:49:34 - [MESSAGE][PASSED] - Text 'Address Line 2' is present on page  using regular expression

2022-06-30 22:49:34 - [TEST_STEP][PASSED] - verifyTextPresent("Country", true): Text 'Country' is present on page  using regular expression

2022-06-30 22:49:35 - [MESSAGE][PASSED] - Text 'Country' is present on page  using regular expression

2022-06-30 22:49:35 - [TEST_STEP][PASSED] - verifyTextPresent("City", true): Text 'City' is present on page  using regular expression

2022-06-30 22:49:35 - [MESSAGE][PASSED] - Text 'City' is present on page  using regular expression

2022-06-30 22:49:35 - [TEST_STEP][PASSED] - verifyTextPresent("State", true): Text 'State' is present on page  using regular expression

2022-06-30 22:49:35 - [MESSAGE][PASSED] - Text 'State' is present on page  using regular expression

2022-06-30 22:49:35 - [TEST_STEP][PASSED] - verifyTextPresent("ZIP Code", true): Text 'ZIP Code' is present on page  using regular expression

2022-06-30 22:49:36 - [MESSAGE][PASSED] - Text 'ZIP Code' is present on page  using regular expression

2022-06-30 22:49:36 - [TEST_STEP][PASSED] - verifyTextPresent("248 PhoolKaante road", true): Text '248 PhoolKaante road' is present on page  using regular expression

2022-06-30 22:49:36 - [MESSAGE][PASSED] - Text '248 PhoolKaante road' is present on page  using regular expression

2022-06-30 22:49:36 - [TEST_STEP][PASSED] - verifyTextPresent("Suite 678", true): Text 'Suite 678' is present on page  using regular expression

2022-06-30 22:49:36 - [MESSAGE][PASSED] - Text 'Suite 678' is present on page  using regular expression

2022-06-30 22:49:36 - [TEST_STEP][PASSED] - verifyTextPresent("United States", true): Text 'United States' is present on page  using regular expression

2022-06-30 22:49:36 - [MESSAGE][PASSED] - Text 'United States' is present on page  using regular expression

2022-06-30 22:49:36 - [TEST_STEP][PASSED] - verifyTextPresent("ARLINGTON", true): Text 'ARLINGTON' is present on page  using regular expression

2022-06-30 22:49:37 - [MESSAGE][PASSED] - Text 'ARLINGTON' is present on page  using regular expression

2022-06-30 22:49:37 - [TEST_STEP][PASSED] - verifyTextPresent("Virginia", true): Text 'Virginia' is present on page  using regular expression

2022-06-30 22:49:37 - [MESSAGE][PASSED] - Text 'Virginia' is present on page  using regular expression

2022-06-30 22:49:37 - [TEST_STEP][PASSED] - verifyTextPresent("22201", true): Text '22201' is present on page  using regular expression

2022-06-30 22:49:37 - [MESSAGE][PASSED] - Text '22201' is present on page  using regular expression

2022-06-30 22:49:37 - [TEST_STEP][PASSED] - tranType = findTestData(dataFile).getValue("TranType", row): null

2022-06-30 22:49:37 - [TEST_STEP][PASSED] - last4V = findTestData(dataFile).getValue("Last4", row): null

2022-06-30 22:49:38 - [TEST_STEP][PASSED] - verifyTextPresent(tranType, true): Text 'Savings' is present on page  using regular expression

2022-06-30 22:49:38 - [MESSAGE][PASSED] - Text 'Savings' is present on page  using regular expression

2022-06-30 22:49:38 - [TEST_STEP][PASSED] - verifyTextPresent(last4V, true): Text '3333' is present on page  using regular expression

2022-06-30 22:49:38 - [MESSAGE][PASSED] - Text '3333' is present on page  using regular expression

2022-06-30 22:49:38 - [TEST_STEP][PASSED] - if (profNameLink.equalsIgnoreCase("a_PaymentsPC")): null

2022-06-30 22:49:38 - [TEST_STEP][PASSED] - if (profNameLink.equalsIgnoreCase("a_PaymentsPS")): Text 'TANDON RAVENA' is present on page  using regular expression

2022-06-30 22:49:38 - [TEST_STEP][PASSED] - verifyTextPresent("Name on Account", true): Text 'Name on Account' is present on page  using regular expression

2022-06-30 22:49:38 - [MESSAGE][PASSED] - Text 'Name on Account' is present on page  using regular expression

2022-06-30 22:49:38 - [TEST_STEP][PASSED] - verifyTextPresent("TANDON RAVENA", true): Text 'TANDON RAVENA' is present on page  using regular expression

2022-06-30 22:49:39 - [MESSAGE][PASSED] - Text 'TANDON RAVENA' is present on page  using regular expression

2022-06-30 22:49:39 - [TEST_STEP][PASSED] - if (profNameLink.equalsIgnoreCase("a_PaymentsCorp")): null

2022-06-30 22:49:39 - [TEST_STEP][PASSED] - switch (appName): null

2022-06-30 22:49:39 - [TEST_STEP][PASSED] - closeBrowser(): Browser is closed

2022-06-30 22:49:40 - [MESSAGE][PASSED] - Browser is closed

2022-06-30 22:49:40 - [TEST_STEP][PASSED] - ExecuteTC = findTestData(dataFile).getValue("Execute", row): null

2022-06-30 22:49:40 - [TEST_STEP][PASSED] - out.println("Value of Execute is : " + ExecuteTC): null

2022-06-30 22:49:40 - [TEST_STEP][PASSED] - switch (executionProfile): null

2022-06-30 22:49:40 - [TEST_STEP][PASSED] - case "QAProfile":: null

2022-06-30 22:49:40 - [TEST_STEP][PASSED] - appName = findTestData(dataFile).getValue("AppNameQA", row): null

2022-06-30 22:49:40 - [TEST_STEP][PASSED] - appID = findTestData(dataFile).getValue("AppIDQA", row): null

2022-06-30 22:49:40 - [TEST_STEP][PASSED] - break: null

2022-06-30 22:49:40 - [TEST_STEP][PASSED] - if (ExecuteTC.equalsIgnoreCase("Y")): null

2022-06-30 22:49:40 - [TEST_STEP][PASSED] - out.println("Begin Record Number: " + row): null

2022-06-30 22:49:40 - [TEST_STEP][PASSED] - today = new java.util.Date(): null

2022-06-30 22:49:40 - [TEST_STEP][PASSED] - println(today): null

2022-06-30 22:49:40 - [TEST_STEP][PASSED] - datText = today: null

2022-06-30 22:49:40 - [TEST_STEP][PASSED] - adminSuiteBootstrap.loginFunctionality.login_AdminSuite(): adminSuiteBootstrap.loginFunctionality.login_AdminSuite is PASSED

2022-06-30 22:49:40 - [MESSAGE][INFO] - Starting 'Chrome' driver

2022-06-30 22:49:40 - [MESSAGE][INFO] - User set preference: ['acceptInsecureCerts', 'true']

2022-06-30 22:49:40 - [MESSAGE][INFO] - Action delay is set to 0 milliseconds

2022-06-30 22:49:43 - [MESSAGE][PASSED] - Browser is opened with url: 'https://qa.velocitypayment.com/admin/imtiaz'

2022-06-30 22:49:43 - [MESSAGE][PASSED] - Current window maximized

2022-06-30 22:49:44 - [MESSAGE][PASSED] - Object 'Object Repository/Login_Page/Login_Username' is present

2022-06-30 22:49:45 - [MESSAGE][PASSED] - Text 'iahmed' is set on object 'Object Repository/Login_Page/Login_Username'

2022-06-30 22:49:45 - [MESSAGE][PASSED] - Text 'hello2222' is set on object 'Object Repository/Login_Page/Login_Password'

2022-06-30 22:49:49 - [MESSAGE][PASSED] - Object: 'Object Repository/Login_Page/Login_Submit' is clicked on

2022-06-30 22:49:49 - [MESSAGE][PASSED] - adminSuiteBootstrap.loginFunctionality.login_AdminSuite is PASSED

2022-06-30 22:49:49 - [TEST_STEP][PASSED] - click(findTestObject(path_Dashboard + appName)): Object: 'Object Repository/AdminSuiteBootstrap_Pages/Dashboard_Bootstrap/a_Access AutoNoCFtp' is clicked on

2022-06-30 22:49:50 - [MESSAGE][PASSED] - Object: 'Object Repository/AdminSuiteBootstrap_Pages/Dashboard_Bootstrap/a_Access AutoNoCFtp' is clicked on

2022-06-30 22:49:50 - [TEST_STEP][PASSED] - click(findTestObject(path_VT + "a_Find Profile")): Object: 'Object Repository/AdminSuiteBootstrap_Pages/VT_Bootstrap/IssueTransactions/a_Find Profile' is clicked on

2022-06-30 22:49:51 - [MESSAGE][PASSED] - Object: 'Object Repository/AdminSuiteBootstrap_Pages/VT_Bootstrap/IssueTransactions/a_Find Profile' is clicked on

2022-06-30 22:49:51 - [TEST_STEP][PASSED] - criteria = <not implemented yet for class: org.codehaus.groovy.ast.expr.EmptyExpression>: null

2022-06-30 22:49:51 - [TEST_STEP][PASSED] - searchBy = <not implemented yet for class: org.codehaus.groovy.ast.expr.EmptyExpression>: null

2022-06-30 22:49:51 - [TEST_STEP][PASSED] - criteria = findTestData(dataFile).getValue("ProfileName", row): null

2022-06-30 22:49:51 - [TEST_STEP][PASSED] - path_SearchProfile = "Object Repository/AdminSuiteBootstrap_Pages/VSP_Bootstrap/SearchProfile/": null

2022-06-30 22:49:51 - [TEST_STEP][PASSED] - setText(findTestObject(path_SearchProfile + "input_Criteria"), criteria): Text 'PaymentsCorp' is set on object 'Object Repository/AdminSuiteBootstrap_Pages/VSP_Bootstrap/SearchProfile/input_Criteria'

2022-06-30 22:49:52 - [MESSAGE][PASSED] - Text 'PaymentsCorp' is set on object 'Object Repository/AdminSuiteBootstrap_Pages/VSP_Bootstrap/SearchProfile/input_Criteria'

2022-06-30 22:49:52 - [TEST_STEP][PASSED] - click(findTestObject(path_SearchProfile + "button_Search")): Object: 'Object Repository/AdminSuiteBootstrap_Pages/VSP_Bootstrap/SearchProfile/button_Search' is clicked on

2022-06-30 22:49:53 - [MESSAGE][PASSED] - Object: 'Object Repository/AdminSuiteBootstrap_Pages/VSP_Bootstrap/SearchProfile/button_Search' is clicked on

2022-06-30 22:49:53 - [TEST_STEP][PASSED] - profNameLink = findTestData(dataFile).getValue("ProfileNameLink", row): null

2022-06-30 22:49:53 - [TEST_STEP][PASSED] - click(findTestObject(path_ViewProfile + profNameLink)): Object: 'Object Repository/AdminSuiteBootstrap_Pages/VSP_Bootstrap/View Profile/a_PaymentsCorp' is clicked on

2022-06-30 22:49:54 - [MESSAGE][PASSED] - Object: 'Object Repository/AdminSuiteBootstrap_Pages/VSP_Bootstrap/View Profile/a_PaymentsCorp' is clicked on

2022-06-30 22:49:54 - [TEST_STEP][PASSED] - click(findTestObject(path_ViewProfile + "a_Debit")): Object: 'Object Repository/AdminSuiteBootstrap_Pages/VSP_Bootstrap/View Profile/a_Debit' is clicked on

2022-06-30 22:49:56 - [MESSAGE][PASSED] - Object: 'Object Repository/AdminSuiteBootstrap_Pages/VSP_Bootstrap/View Profile/a_Debit' is clicked on

2022-06-30 22:49:56 - [TEST_STEP][PASSED] - verifyTextPresent("Remittance ID", true): Text 'Remittance ID' is present on page  using regular expression

2022-06-30 22:49:56 - [MESSAGE][PASSED] - Text 'Remittance ID' is present on page  using regular expression

2022-06-30 22:49:56 - [TEST_STEP][PASSED] - vspBootstrap.ACHDebitPage.setDataACHDebit(row, dataFile): vspBootstrap.ACHDebitPage.setDataACHDebit is PASSED

2022-06-30 22:49:58 - [MESSAGE][PASSED] - All options with value 'CCD' are selected in object 'Object Repository/AdminSuiteBootstrap_Pages/VSP_Bootstrap/VSP_Debit/select_StdEntryClass'  using regular expression

2022-06-30 22:49:58 - [MESSAGE][PASSED] - Text '' is set on object 'Object Repository/AdminSuiteBootstrap_Pages/VSP_Bootstrap/VSP_Debit/input_smsNumber'

2022-06-30 22:49:59 - [MESSAGE][PASSED] - Text '2.50' is set on object 'Object Repository/AdminSuiteBootstrap_Pages/VSP_Bootstrap/VSP_Debit/input_amount'

2022-06-30 22:50:00 - [MESSAGE][PASSED] - Text '123456789' is set on object 'Object Repository/AdminSuiteBootstrap_Pages/VSP_Bootstrap/VSP_Debit/input_ein'

2022-06-30 22:50:00 - [MESSAGE][PASSED] - Text 'Delhi' is set on object 'Object Repository/AdminSuiteBootstrap_Pages/VSP_Bootstrap/VSP_Debit/input_userDefined1'

2022-06-30 22:50:01 - [MESSAGE][PASSED] - Text 'Chennai' is set on object 'Object Repository/AdminSuiteBootstrap_Pages/VSP_Bootstrap/VSP_Debit/input_userDefined2'

2022-06-30 22:50:02 - [MESSAGE][PASSED] - Text 'Mumbai' is set on object 'Object Repository/AdminSuiteBootstrap_Pages/VSP_Bootstrap/VSP_Debit/input_userDefined3'

2022-06-30 22:50:03 - [MESSAGE][PASSED] - Text 'Kanpur' is set on object 'Object Repository/AdminSuiteBootstrap_Pages/VSP_Bootstrap/VSP_Debit/input_userDefined4'

2022-06-30 22:50:03 - [MESSAGE][PASSED] - All options with label 'Orange' are selected in object 'Object Repository/AdminSuiteBootstrap_Pages/VSP_Bootstrap/VSP_Debit/select_UDF5'  using regular expression

2022-06-30 22:50:04 - [MESSAGE][PASSED] - All options with label 'Yellow' are selected in object 'Object Repository/AdminSuiteBootstrap_Pages/VSP_Bootstrap/VSP_Debit/select_UDF6'  using regular expression

2022-06-30 22:50:05 - [MESSAGE][PASSED] - Text 'Kolkata' is set on object 'Object Repository/AdminSuiteBootstrap_Pages/VSP_Bootstrap/VSP_Debit/input_userDefined7'

2022-06-30 22:50:06 - [MESSAGE][PASSED] - Text 'Pune' is set on object 'Object Repository/AdminSuiteBootstrap_Pages/VSP_Bootstrap/VSP_Debit/input_userDefined8'

2022-06-30 22:50:06 - [MESSAGE][PASSED] - Text 'Bhavnagar' is set on object 'Object Repository/AdminSuiteBootstrap_Pages/VSP_Bootstrap/VSP_Debit/input_userDefined9'

2022-06-30 22:50:07 - [MESSAGE][PASSED] - Text 'Noida' is set on object 'Object Repository/AdminSuiteBootstrap_Pages/VSP_Bootstrap/VSP_Debit/input_userDefined10'

2022-06-30 22:50:09 - [MESSAGE][PASSED] - Object: 'Object Repository/AdminSuiteBootstrap_Pages/VSP_Bootstrap/VSP_Debit/button_Submit' is clicked on

2022-06-30 22:50:09 - [MESSAGE][PASSED] - vspBootstrap.ACHDebitPage.setDataACHDebit is PASSED

2022-06-30 22:50:09 - [TEST_STEP][PASSED] - verifyTextPresent("Transaction Successful", true): Text 'Transaction Successful' is present on page  using regular expression

2022-06-30 22:50:09 - [MESSAGE][PASSED] - Text 'Transaction Successful' is present on page  using regular expression

2022-06-30 22:50:09 - [TEST_STEP][PASSED] - verifyElementVisible(findTestObject("Object Repository/AdminSuiteBootstrap_Pages/VT_Bootstrap/Receipt/button_Continue")): Object 'Object Repository/AdminSuiteBootstrap_Pages/VT_Bootstrap/Receipt/button_Continue' is visible

2022-06-30 22:50:10 - [MESSAGE][PASSED] - Object 'Object Repository/AdminSuiteBootstrap_Pages/VT_Bootstrap/Receipt/button_Continue' is visible

2022-06-30 22:50:10 - [TEST_STEP][PASSED] - verifyElementPresent(findTestObject("Object Repository/AdminSuiteBootstrap_Pages/VT_Bootstrap/Receipt/button_Continue"), 20): Object 'Object Repository/AdminSuiteBootstrap_Pages/VT_Bootstrap/Receipt/button_Continue' is present

2022-06-30 22:50:10 - [MESSAGE][PASSED] - Object 'Object Repository/AdminSuiteBootstrap_Pages/VT_Bootstrap/Receipt/button_Continue' is present

2022-06-30 22:50:10 - [TEST_STEP][PASSED] - verifyElementVisible(findTestObject("Object Repository/AdminSuiteBootstrap_Pages/VT_Bootstrap/Receipt/button_Print")): Object 'Object Repository/AdminSuiteBootstrap_Pages/VT_Bootstrap/Receipt/button_Print' is visible

2022-06-30 22:50:10 - [MESSAGE][PASSED] - Object 'Object Repository/AdminSuiteBootstrap_Pages/VT_Bootstrap/Receipt/button_Print' is visible

2022-06-30 22:50:10 - [TEST_STEP][PASSED] - verifyElementPresent(findTestObject("Object Repository/AdminSuiteBootstrap_Pages/VT_Bootstrap/Receipt/button_Print"), 20): Object 'Object Repository/AdminSuiteBootstrap_Pages/VT_Bootstrap/Receipt/button_Print' is present

2022-06-30 22:50:10 - [MESSAGE][PASSED] - Object 'Object Repository/AdminSuiteBootstrap_Pages/VT_Bootstrap/Receipt/button_Print' is present

2022-06-30 22:50:10 - [TEST_STEP][PASSED] - verifyTextPresent("Remittance ID", true): Text 'Remittance ID' is present on page  using regular expression

2022-06-30 22:50:11 - [MESSAGE][PASSED] - Text 'Remittance ID' is present on page  using regular expression

2022-06-30 22:50:11 - [TEST_STEP][PASSED] - verifyTextPresent("Received", true): Text 'Received' is present on page  using regular expression

2022-06-30 22:50:11 - [MESSAGE][PASSED] - Text 'Received' is present on page  using regular expression

2022-06-30 22:50:11 - [TEST_STEP][PASSED] - verifyTextPresent("UDF1", true): Text 'UDF1' is present on page  using regular expression

2022-06-30 22:50:11 - [MESSAGE][PASSED] - Text 'UDF1' is present on page  using regular expression

2022-06-30 22:50:11 - [TEST_STEP][PASSED] - verifyTextPresent("UDF2", true): Text 'UDF2' is present on page  using regular expression

2022-06-30 22:50:12 - [MESSAGE][PASSED] - Text 'UDF2' is present on page  using regular expression

2022-06-30 22:50:12 - [TEST_STEP][PASSED] - verifyTextPresent("UDF3", true): Text 'UDF3' is present on page  using regular expression

2022-06-30 22:50:12 - [MESSAGE][PASSED] - Text 'UDF3' is present on page  using regular expression

2022-06-30 22:50:12 - [TEST_STEP][PASSED] - verifyTextPresent("UDF4", true): Text 'UDF4' is present on page  using regular expression

2022-06-30 22:50:13 - [MESSAGE][PASSED] - Text 'UDF4' is present on page  using regular expression

2022-06-30 22:50:13 - [TEST_STEP][PASSED] - verifyTextPresent("UDF5", true): Text 'UDF5' is present on page  using regular expression

2022-06-30 22:50:13 - [MESSAGE][PASSED] - Text 'UDF5' is present on page  using regular expression

2022-06-30 22:50:13 - [TEST_STEP][PASSED] - verifyTextPresent("UDF6", true): Text 'UDF6' is present on page  using regular expression

2022-06-30 22:50:13 - [MESSAGE][PASSED] - Text 'UDF6' is present on page  using regular expression

2022-06-30 22:50:13 - [TEST_STEP][PASSED] - verifyTextPresent("UDF7", true): Text 'UDF7' is present on page  using regular expression

2022-06-30 22:50:14 - [MESSAGE][PASSED] - Text 'UDF7' is present on page  using regular expression

2022-06-30 22:50:14 - [TEST_STEP][PASSED] - verifyTextPresent("UDF8", true): Text 'UDF8' is present on page  using regular expression

2022-06-30 22:50:14 - [MESSAGE][PASSED] - Text 'UDF8' is present on page  using regular expression

2022-06-30 22:50:14 - [TEST_STEP][PASSED] - verifyTextPresent("UDF9", true): Text 'UDF9' is present on page  using regular expression

2022-06-30 22:50:14 - [MESSAGE][PASSED] - Text 'UDF9' is present on page  using regular expression

2022-06-30 22:50:14 - [TEST_STEP][PASSED] - verifyTextPresent("UDF 10", true): Text 'UDF 10' is present on page  using regular expression

2022-06-30 22:50:14 - [MESSAGE][PASSED] - Text 'UDF 10' is present on page  using regular expression

2022-06-30 22:50:14 - [TEST_STEP][PASSED] - verifyTextPresent("Delhi", true): Text 'Delhi' is present on page  using regular expression

2022-06-30 22:50:15 - [MESSAGE][PASSED] - Text 'Delhi' is present on page  using regular expression

2022-06-30 22:50:15 - [TEST_STEP][PASSED] - verifyTextPresent("Chennai", true): Text 'Chennai' is present on page  using regular expression

2022-06-30 22:50:15 - [MESSAGE][PASSED] - Text 'Chennai' is present on page  using regular expression

2022-06-30 22:50:15 - [TEST_STEP][PASSED] - verifyTextPresent("Mumbai", true): Text 'Mumbai' is present on page  using regular expression

2022-06-30 22:50:15 - [MESSAGE][PASSED] - Text 'Mumbai' is present on page  using regular expression

2022-06-30 22:50:15 - [TEST_STEP][PASSED] - verifyTextPresent("Kanpur", true): Text 'Kanpur' is present on page  using regular expression

2022-06-30 22:50:16 - [MESSAGE][PASSED] - Text 'Kanpur' is present on page  using regular expression

2022-06-30 22:50:16 - [TEST_STEP][PASSED] - verifyTextPresent("Orange Recorded", true): Text 'Orange Recorded' is present on page  using regular expression

2022-06-30 22:50:16 - [MESSAGE][PASSED] - Text 'Orange Recorded' is present on page  using regular expression

2022-06-30 22:50:16 - [TEST_STEP][PASSED] - verifyTextPresent("Yellow Recorded", true): Text 'Yellow Recorded' is present on page  using regular expression

2022-06-30 22:50:16 - [MESSAGE][PASSED] - Text 'Yellow Recorded' is present on page  using regular expression

2022-06-30 22:50:16 - [TEST_STEP][PASSED] - verifyTextPresent("Kolkata", true): Text 'Kolkata' is present on page  using regular expression

2022-06-30 22:50:17 - [MESSAGE][PASSED] - Text 'Kolkata' is present on page  using regular expression

2022-06-30 22:50:17 - [TEST_STEP][PASSED] - verifyTextPresent("Pune", true): Text 'Pune' is present on page  using regular expression

2022-06-30 22:50:17 - [MESSAGE][PASSED] - Text 'Pune' is present on page  using regular expression

2022-06-30 22:50:17 - [TEST_STEP][PASSED] - verifyTextPresent("Bhavnagar", true): Text 'Bhavnagar' is present on page  using regular expression

2022-06-30 22:50:17 - [MESSAGE][PASSED] - Text 'Bhavnagar' is present on page  using regular expression

2022-06-30 22:50:17 - [TEST_STEP][PASSED] - verifyTextPresent("Noida", true): Text 'Noida' is present on page  using regular expression

2022-06-30 22:50:18 - [MESSAGE][PASSED] - Text 'Noida' is present on page  using regular expression

2022-06-30 22:50:18 - [TEST_STEP][PASSED] - verifyTextPresent("Amount", true): Text 'Amount' is present on page  using regular expression

2022-06-30 22:50:18 - [MESSAGE][PASSED] - Text 'Amount' is present on page  using regular expression

2022-06-30 22:50:18 - [TEST_STEP][PASSED] - verifyTextPresent("2.50", true): Text '2.50' is present on page  using regular expression

2022-06-30 22:50:18 - [MESSAGE][PASSED] - Text '2.50' is present on page  using regular expression

2022-06-30 22:50:18 - [TEST_STEP][PASSED] - verifyTextPresent("Transaction Type", true): Text 'Transaction Type' is present on page  using regular expression

2022-06-30 22:50:19 - [MESSAGE][PASSED] - Text 'Transaction Type' is present on page  using regular expression

2022-06-30 22:50:19 - [TEST_STEP][PASSED] - verifyTextPresent("Debit", true): Text 'Debit' is present on page  using regular expression

2022-06-30 22:50:19 - [MESSAGE][PASSED] - Text 'Debit' is present on page  using regular expression

2022-06-30 22:50:19 - [TEST_STEP][PASSED] - verifyTextPresent("Check Information", true): Text 'Check Information' is present on page  using regular expression

2022-06-30 22:50:20 - [MESSAGE][PASSED] - Text 'Check Information' is present on page  using regular expression

2022-06-30 22:50:20 - [TEST_STEP][PASSED] - verifyTextPresent("Account Type", true): Text 'Account Type' is present on page  using regular expression

2022-06-30 22:50:20 - [MESSAGE][PASSED] - Text 'Account Type' is present on page  using regular expression

2022-06-30 22:50:20 - [TEST_STEP][PASSED] - verifyTextPresent("Account Number", true): Text 'Account Number' is present on page  using regular expression

2022-06-30 22:50:20 - [MESSAGE][PASSED] - Text 'Account Number' is present on page  using regular expression

2022-06-30 22:50:20 - [TEST_STEP][PASSED] - verifyTextPresent("Routing Number", true): Text 'Routing Number' is present on page  using regular expression

2022-06-30 22:50:21 - [MESSAGE][PASSED] - Text 'Routing Number' is present on page  using regular expression

2022-06-30 22:50:21 - [TEST_STEP][PASSED] - verifyTextPresent("Address Line 1", true): Text 'Address Line 1' is present on page  using regular expression

2022-06-30 22:50:21 - [MESSAGE][PASSED] - Text 'Address Line 1' is present on page  using regular expression

2022-06-30 22:50:21 - [TEST_STEP][PASSED] - verifyTextPresent("Address Line 2", true): Text 'Address Line 2' is present on page  using regular expression

2022-06-30 22:50:22 - [MESSAGE][PASSED] - Text 'Address Line 2' is present on page  using regular expression

2022-06-30 22:50:22 - [TEST_STEP][PASSED] - verifyTextPresent("Country", true): Text 'Country' is present on page  using regular expression

2022-06-30 22:50:22 - [MESSAGE][PASSED] - Text 'Country' is present on page  using regular expression

2022-06-30 22:50:22 - [TEST_STEP][PASSED] - verifyTextPresent("City", true): Text 'City' is present on page  using regular expression

2022-06-30 22:50:22 - [MESSAGE][PASSED] - Text 'City' is present on page  using regular expression

2022-06-30 22:50:22 - [TEST_STEP][PASSED] - verifyTextPresent("State", true): Text 'State' is present on page  using regular expression

2022-06-30 22:50:22 - [MESSAGE][PASSED] - Text 'State' is present on page  using regular expression

2022-06-30 22:50:22 - [TEST_STEP][PASSED] - verifyTextPresent("ZIP Code", true): Text 'ZIP Code' is present on page  using regular expression

2022-06-30 22:50:23 - [MESSAGE][PASSED] - Text 'ZIP Code' is present on page  using regular expression

2022-06-30 22:50:23 - [TEST_STEP][PASSED] - verifyTextPresent("248 PhoolKaante road", true): Text '248 PhoolKaante road' is present on page  using regular expression

2022-06-30 22:50:23 - [MESSAGE][PASSED] - Text '248 PhoolKaante road' is present on page  using regular expression

2022-06-30 22:50:23 - [TEST_STEP][PASSED] - verifyTextPresent("Suite 678", true): Text 'Suite 678' is present on page  using regular expression

2022-06-30 22:50:23 - [MESSAGE][PASSED] - Text 'Suite 678' is present on page  using regular expression

2022-06-30 22:50:23 - [TEST_STEP][PASSED] - verifyTextPresent("United States", true): Text 'United States' is present on page  using regular expression

2022-06-30 22:50:24 - [MESSAGE][PASSED] - Text 'United States' is present on page  using regular expression

2022-06-30 22:50:24 - [TEST_STEP][PASSED] - verifyTextPresent("ARLINGTON", true): Text 'ARLINGTON' is present on page  using regular expression

2022-06-30 22:50:24 - [MESSAGE][PASSED] - Text 'ARLINGTON' is present on page  using regular expression

2022-06-30 22:50:24 - [TEST_STEP][PASSED] - verifyTextPresent("Virginia", true): Text 'Virginia' is present on page  using regular expression

2022-06-30 22:50:24 - [MESSAGE][PASSED] - Text 'Virginia' is present on page  using regular expression

2022-06-30 22:50:24 - [TEST_STEP][PASSED] - verifyTextPresent("22201", true): Text '22201' is present on page  using regular expression

2022-06-30 22:50:25 - [MESSAGE][PASSED] - Text '22201' is present on page  using regular expression

2022-06-30 22:50:25 - [TEST_STEP][PASSED] - tranType = findTestData(dataFile).getValue("TranType", row): null

2022-06-30 22:50:25 - [TEST_STEP][PASSED] - last4V = findTestData(dataFile).getValue("Last4", row): null

2022-06-30 22:50:25 - [TEST_STEP][PASSED] - verifyTextPresent(tranType, true): Text 'Checking' is present on page  using regular expression

2022-06-30 22:50:25 - [MESSAGE][PASSED] - Text 'Checking' is present on page  using regular expression

2022-06-30 22:50:25 - [TEST_STEP][PASSED] - verifyTextPresent(last4V, true): Text '4444' is present on page  using regular expression

2022-06-30 22:50:25 - [MESSAGE][PASSED] - Text '4444' is present on page  using regular expression

2022-06-30 22:50:25 - [TEST_STEP][PASSED] - if (profNameLink.equalsIgnoreCase("a_PaymentsPC")): null

2022-06-30 22:50:25 - [TEST_STEP][PASSED] - if (profNameLink.equalsIgnoreCase("a_PaymentsPS")): null

2022-06-30 22:50:25 - [TEST_STEP][PASSED] - if (profNameLink.equalsIgnoreCase("a_PaymentsCorp")): Text '123456789' is present on page  using regular expression

2022-06-30 22:50:25 - [TEST_STEP][PASSED] - verifyTextPresent("Employer Identification Number", true): Text 'Employer Identification Number' is present on page  using regular expression

2022-06-30 22:50:26 - [MESSAGE][PASSED] - Text 'Employer Identification Number' is present on page  using regular expression

2022-06-30 22:50:26 - [TEST_STEP][PASSED] - verifyTextPresent("EIN", true): Text 'EIN' is present on page  using regular expression

2022-06-30 22:50:26 - [MESSAGE][PASSED] - Text 'EIN' is present on page  using regular expression

2022-06-30 22:50:26 - [TEST_STEP][PASSED] - verifyTextPresent("123456789", true): Text '123456789' is present on page  using regular expression

2022-06-30 22:50:26 - [MESSAGE][PASSED] - Text '123456789' is present on page  using regular expression

2022-06-30 22:50:26 - [TEST_STEP][PASSED] - switch (appName): null

2022-06-30 22:50:26 - [TEST_STEP][PASSED] - closeBrowser(): Browser is closed

2022-06-30 22:50:27 - [MESSAGE][PASSED] - Browser is closed

2022-06-30 22:50:27 - [TEST_STEP][PASSED] - ExecuteTC = findTestData(dataFile).getValue("Execute", row): null

2022-06-30 22:50:27 - [TEST_STEP][PASSED] - out.println("Value of Execute is : " + ExecuteTC): null

2022-06-30 22:50:27 - [TEST_STEP][PASSED] - switch (executionProfile): null

2022-06-30 22:50:27 - [TEST_STEP][PASSED] - case "QAProfile":: null

2022-06-30 22:50:27 - [TEST_STEP][PASSED] - appName = findTestData(dataFile).getValue("AppNameQA", row): null

2022-06-30 22:50:27 - [TEST_STEP][PASSED] - appID = findTestData(dataFile).getValue("AppIDQA", row): null

2022-06-30 22:50:27 - [TEST_STEP][PASSED] - break: null

2022-06-30 22:50:27 - [TEST_STEP][PASSED] - if (ExecuteTC.equalsIgnoreCase("Y")): null

2022-06-30 22:50:27 - [TEST_STEP][PASSED] - out.println("Begin Record Number: " + row): null

2022-06-30 22:50:27 - [TEST_STEP][PASSED] - today = new java.util.Date(): null

2022-06-30 22:50:27 - [TEST_STEP][PASSED] - println(today): null

2022-06-30 22:50:27 - [TEST_STEP][PASSED] - datText = today: null

2022-06-30 22:50:27 - [TEST_STEP][PASSED] - adminSuiteBootstrap.loginFunctionality.login_AdminSuite(): adminSuiteBootstrap.loginFunctionality.login_AdminSuite is PASSED

2022-06-30 22:50:27 - [MESSAGE][INFO] - Starting 'Chrome' driver

2022-06-30 22:50:27 - [MESSAGE][INFO] - User set preference: ['acceptInsecureCerts', 'true']

2022-06-30 22:50:27 - [MESSAGE][INFO] - Action delay is set to 0 milliseconds

2022-06-30 22:50:31 - [MESSAGE][PASSED] - Browser is opened with url: 'https://qa.velocitypayment.com/admin/imtiaz'

2022-06-30 22:50:31 - [MESSAGE][PASSED] - Current window maximized

2022-06-30 22:50:31 - [MESSAGE][PASSED] - Object 'Object Repository/Login_Page/Login_Username' is present

2022-06-30 22:50:32 - [MESSAGE][PASSED] - Text 'iahmed' is set on object 'Object Repository/Login_Page/Login_Username'

2022-06-30 22:50:33 - [MESSAGE][PASSED] - Text 'hello2222' is set on object 'Object Repository/Login_Page/Login_Password'

2022-06-30 22:50:37 - [MESSAGE][PASSED] - Object: 'Object Repository/Login_Page/Login_Submit' is clicked on

2022-06-30 22:50:37 - [MESSAGE][PASSED] - adminSuiteBootstrap.loginFunctionality.login_AdminSuite is PASSED

2022-06-30 22:50:37 - [TEST_STEP][PASSED] - click(findTestObject(path_Dashboard + appName)): Object: 'Object Repository/AdminSuiteBootstrap_Pages/Dashboard_Bootstrap/a_Access AutoSingleCFtpQA' is clicked on

2022-06-30 22:50:38 - [MESSAGE][PASSED] - Object: 'Object Repository/AdminSuiteBootstrap_Pages/Dashboard_Bootstrap/a_Access AutoSingleCFtpQA' is clicked on

2022-06-30 22:50:38 - [TEST_STEP][PASSED] - click(findTestObject(path_VT + "a_Find Profile")): Object: 'Object Repository/AdminSuiteBootstrap_Pages/VT_Bootstrap/IssueTransactions/a_Find Profile' is clicked on

2022-06-30 22:50:39 - [MESSAGE][PASSED] - Object: 'Object Repository/AdminSuiteBootstrap_Pages/VT_Bootstrap/IssueTransactions/a_Find Profile' is clicked on

2022-06-30 22:50:39 - [TEST_STEP][PASSED] - criteria = <not implemented yet for class: org.codehaus.groovy.ast.expr.EmptyExpression>: null

2022-06-30 22:50:39 - [TEST_STEP][PASSED] - searchBy = <not implemented yet for class: org.codehaus.groovy.ast.expr.EmptyExpression>: null

2022-06-30 22:50:39 - [TEST_STEP][PASSED] - criteria = findTestData(dataFile).getValue("ProfileName", row): null

2022-06-30 22:50:39 - [TEST_STEP][PASSED] - path_SearchProfile = "Object Repository/AdminSuiteBootstrap_Pages/VSP_Bootstrap/SearchProfile/": null

2022-06-30 22:50:39 - [TEST_STEP][PASSED] - setText(findTestObject(path_SearchProfile + "input_Criteria"), criteria): Text 'PaymentsPC' is set on object 'Object Repository/AdminSuiteBootstrap_Pages/VSP_Bootstrap/SearchProfile/input_Criteria'

2022-06-30 22:50:39 - [MESSAGE][PASSED] - Text 'PaymentsPC' is set on object 'Object Repository/AdminSuiteBootstrap_Pages/VSP_Bootstrap/SearchProfile/input_Criteria'

2022-06-30 22:50:39 - [TEST_STEP][PASSED] - click(findTestObject(path_SearchProfile + "button_Search")): Object: 'Object Repository/AdminSuiteBootstrap_Pages/VSP_Bootstrap/SearchProfile/button_Search' is clicked on

2022-06-30 22:50:41 - [MESSAGE][PASSED] - Object: 'Object Repository/AdminSuiteBootstrap_Pages/VSP_Bootstrap/SearchProfile/button_Search' is clicked on

2022-06-30 22:50:41 - [TEST_STEP][PASSED] - profNameLink = findTestData(dataFile).getValue("ProfileNameLink", row): null

2022-06-30 22:50:41 - [TEST_STEP][PASSED] - click(findTestObject(path_ViewProfile + profNameLink)): Object: 'Object Repository/AdminSuiteBootstrap_Pages/VSP_Bootstrap/View Profile/a_PaymentsPC' is clicked on

2022-06-30 22:50:45 - [MESSAGE][PASSED] - Object: 'Object Repository/AdminSuiteBootstrap_Pages/VSP_Bootstrap/View Profile/a_PaymentsPC' is clicked on

2022-06-30 22:50:45 - [TEST_STEP][PASSED] - click(findTestObject(path_ViewProfile + "a_Debit")): Object: 'Object Repository/AdminSuiteBootstrap_Pages/VSP_Bootstrap/View Profile/a_Debit' is clicked on

2022-06-30 22:50:48 - [MESSAGE][PASSED] - Object: 'Object Repository/AdminSuiteBootstrap_Pages/VSP_Bootstrap/View Profile/a_Debit' is clicked on

2022-06-30 22:50:48 - [TEST_STEP][PASSED] - verifyTextPresent("Remittance ID", true): Text 'Remittance ID' is present on page  using regular expression

2022-06-30 22:50:48 - [MESSAGE][PASSED] - Text 'Remittance ID' is present on page  using regular expression

2022-06-30 22:50:48 - [TEST_STEP][PASSED] - vspBootstrap.ACHDebitPage.setDataACHDebit(row, dataFile): vspBootstrap.ACHDebitPage.setDataACHDebit is PASSED

2022-06-30 22:50:50 - [MESSAGE][PASSED] - All options with value 'PPD' are selected in object 'Object Repository/AdminSuiteBootstrap_Pages/VSP_Bootstrap/VSP_Debit/select_StdEntryClass'  using regular expression

2022-06-30 22:50:50 - [MESSAGE][PASSED] - Text '' is set on object 'Object Repository/AdminSuiteBootstrap_Pages/VSP_Bootstrap/VSP_Debit/input_smsNumber'

2022-06-30 22:50:51 - [MESSAGE][PASSED] - Text '2.50' is set on object 'Object Repository/AdminSuiteBootstrap_Pages/VSP_Bootstrap/VSP_Debit/input_amount'

2022-06-30 22:50:52 - [MESSAGE][PASSED] - Text 'Delhi' is set on object 'Object Repository/AdminSuiteBootstrap_Pages/VSP_Bootstrap/VSP_Debit/input_userDefined1'

2022-06-30 22:50:53 - [MESSAGE][PASSED] - Text 'Chennai' is set on object 'Object Repository/AdminSuiteBootstrap_Pages/VSP_Bootstrap/VSP_Debit/input_userDefined2'

2022-06-30 22:50:54 - [MESSAGE][PASSED] - Text 'Mumbai' is set on object 'Object Repository/AdminSuiteBootstrap_Pages/VSP_Bootstrap/VSP_Debit/input_userDefined3'

2022-06-30 22:50:55 - [MESSAGE][PASSED] - Text 'Kanpur' is set on object 'Object Repository/AdminSuiteBootstrap_Pages/VSP_Bootstrap/VSP_Debit/input_userDefined4'

2022-06-30 22:50:55 - [MESSAGE][PASSED] - All options with label 'Orange' are selected in object 'Object Repository/AdminSuiteBootstrap_Pages/VSP_Bootstrap/VSP_Debit/select_UDF5'  using regular expression

2022-06-30 22:50:56 - [MESSAGE][PASSED] - All options with label 'Yellow' are selected in object 'Object Repository/AdminSuiteBootstrap_Pages/VSP_Bootstrap/VSP_Debit/select_UDF6'  using regular expression

2022-06-30 22:50:57 - [MESSAGE][PASSED] - Text 'Kolkata' is set on object 'Object Repository/AdminSuiteBootstrap_Pages/VSP_Bootstrap/VSP_Debit/input_userDefined7'

2022-06-30 22:50:58 - [MESSAGE][PASSED] - Text 'Pune' is set on object 'Object Repository/AdminSuiteBootstrap_Pages/VSP_Bootstrap/VSP_Debit/input_userDefined8'

2022-06-30 22:50:58 - [MESSAGE][PASSED] - Text 'Bhavnagar' is set on object 'Object Repository/AdminSuiteBootstrap_Pages/VSP_Bootstrap/VSP_Debit/input_userDefined9'

2022-06-30 22:50:59 - [MESSAGE][PASSED] - Text 'Noida' is set on object 'Object Repository/AdminSuiteBootstrap_Pages/VSP_Bootstrap/VSP_Debit/input_userDefined10'

2022-06-30 22:51:00 - [MESSAGE][PASSED] - Object: 'Object Repository/AdminSuiteBootstrap_Pages/VSP_Bootstrap/VSP_Debit/button_Submit' is clicked on

2022-06-30 22:51:00 - [MESSAGE][PASSED] - vspBootstrap.ACHDebitPage.setDataACHDebit is PASSED

2022-06-30 22:51:00 - [TEST_STEP][PASSED] - verifyTextPresent("Transaction Successful", true): Text 'Transaction Successful' is present on page  using regular expression

2022-06-30 22:51:01 - [MESSAGE][PASSED] - Text 'Transaction Successful' is present on page  using regular expression

2022-06-30 22:51:01 - [TEST_STEP][PASSED] - verifyElementVisible(findTestObject("Object Repository/AdminSuiteBootstrap_Pages/VT_Bootstrap/Receipt/button_Continue")): Object 'Object Repository/AdminSuiteBootstrap_Pages/VT_Bootstrap/Receipt/button_Continue' is visible

2022-06-30 22:51:01 - [MESSAGE][PASSED] - Object 'Object Repository/AdminSuiteBootstrap_Pages/VT_Bootstrap/Receipt/button_Continue' is visible

2022-06-30 22:51:01 - [TEST_STEP][PASSED] - verifyElementPresent(findTestObject("Object Repository/AdminSuiteBootstrap_Pages/VT_Bootstrap/Receipt/button_Continue"), 20): Object 'Object Repository/AdminSuiteBootstrap_Pages/VT_Bootstrap/Receipt/button_Continue' is present

2022-06-30 22:51:01 - [MESSAGE][PASSED] - Object 'Object Repository/AdminSuiteBootstrap_Pages/VT_Bootstrap/Receipt/button_Continue' is present

2022-06-30 22:51:01 - [TEST_STEP][PASSED] - verifyElementVisible(findTestObject("Object Repository/AdminSuiteBootstrap_Pages/VT_Bootstrap/Receipt/button_Print")): Object 'Object Repository/AdminSuiteBootstrap_Pages/VT_Bootstrap/Receipt/button_Print' is visible

2022-06-30 22:51:02 - [MESSAGE][PASSED] - Object 'Object Repository/AdminSuiteBootstrap_Pages/VT_Bootstrap/Receipt/button_Print' is visible

2022-06-30 22:51:02 - [TEST_STEP][PASSED] - verifyElementPresent(findTestObject("Object Repository/AdminSuiteBootstrap_Pages/VT_Bootstrap/Receipt/button_Print"), 20): Object 'Object Repository/AdminSuiteBootstrap_Pages/VT_Bootstrap/Receipt/button_Print' is present

2022-06-30 22:51:02 - [MESSAGE][PASSED] - Object 'Object Repository/AdminSuiteBootstrap_Pages/VT_Bootstrap/Receipt/button_Print' is present

2022-06-30 22:51:02 - [TEST_STEP][PASSED] - verifyTextPresent("Remittance ID", true): Text 'Remittance ID' is present on page  using regular expression

2022-06-30 22:51:02 - [MESSAGE][PASSED] - Text 'Remittance ID' is present on page  using regular expression

2022-06-30 22:51:02 - [TEST_STEP][PASSED] - verifyTextPresent("Received", true): Text 'Received' is present on page  using regular expression

2022-06-30 22:51:03 - [MESSAGE][PASSED] - Text 'Received' is present on page  using regular expression

2022-06-30 22:51:03 - [TEST_STEP][PASSED] - verifyTextPresent("UDF1", true): Text 'UDF1' is present on page  using regular expression

2022-06-30 22:51:03 - [MESSAGE][PASSED] - Text 'UDF1' is present on page  using regular expression

2022-06-30 22:51:03 - [TEST_STEP][PASSED] - verifyTextPresent("UDF2", true): Text 'UDF2' is present on page  using regular expression

2022-06-30 22:51:03 - [MESSAGE][PASSED] - Text 'UDF2' is present on page  using regular expression

2022-06-30 22:51:03 - [TEST_STEP][PASSED] - verifyTextPresent("UDF3", true): Text 'UDF3' is present on page  using regular expression

2022-06-30 22:51:04 - [MESSAGE][PASSED] - Text 'UDF3' is present on page  using regular expression

2022-06-30 22:51:04 - [TEST_STEP][PASSED] - verifyTextPresent("UDF4", true): Text 'UDF4' is present on page  using regular expression

2022-06-30 22:51:04 - [MESSAGE][PASSED] - Text 'UDF4' is present on page  using regular expression

2022-06-30 22:51:04 - [TEST_STEP][PASSED] - verifyTextPresent("UDF5", true): Text 'UDF5' is present on page  using regular expression

2022-06-30 22:51:04 - [MESSAGE][PASSED] - Text 'UDF5' is present on page  using regular expression

2022-06-30 22:51:04 - [TEST_STEP][PASSED] - verifyTextPresent("UDF6", true): Text 'UDF6' is present on page  using regular expression

2022-06-30 22:51:04 - [MESSAGE][PASSED] - Text 'UDF6' is present on page  using regular expression

2022-06-30 22:51:04 - [TEST_STEP][PASSED] - verifyTextPresent("UDF7", true): Text 'UDF7' is present on page  using regular expression

2022-06-30 22:51:05 - [MESSAGE][PASSED] - Text 'UDF7' is present on page  using regular expression

2022-06-30 22:51:05 - [TEST_STEP][PASSED] - verifyTextPresent("UDF8", true): Text 'UDF8' is present on page  using regular expression

2022-06-30 22:51:05 - [MESSAGE][PASSED] - Text 'UDF8' is present on page  using regular expression

2022-06-30 22:51:05 - [TEST_STEP][PASSED] - verifyTextPresent("UDF9", true): Text 'UDF9' is present on page  using regular expression

2022-06-30 22:51:05 - [MESSAGE][PASSED] - Text 'UDF9' is present on page  using regular expression

2022-06-30 22:51:05 - [TEST_STEP][PASSED] - verifyTextPresent("UDF 10", true): Text 'UDF 10' is present on page  using regular expression

2022-06-30 22:51:06 - [MESSAGE][PASSED] - Text 'UDF 10' is present on page  using regular expression

2022-06-30 22:51:06 - [TEST_STEP][PASSED] - verifyTextPresent("Delhi", true): Text 'Delhi' is present on page  using regular expression

2022-06-30 22:51:06 - [MESSAGE][PASSED] - Text 'Delhi' is present on page  using regular expression

2022-06-30 22:51:06 - [TEST_STEP][PASSED] - verifyTextPresent("Chennai", true): Text 'Chennai' is present on page  using regular expression

2022-06-30 22:51:06 - [MESSAGE][PASSED] - Text 'Chennai' is present on page  using regular expression

2022-06-30 22:51:06 - [TEST_STEP][PASSED] - verifyTextPresent("Mumbai", true): Text 'Mumbai' is present on page  using regular expression

2022-06-30 22:51:07 - [MESSAGE][PASSED] - Text 'Mumbai' is present on page  using regular expression

2022-06-30 22:51:07 - [TEST_STEP][PASSED] - verifyTextPresent("Kanpur", true): Text 'Kanpur' is present on page  using regular expression

2022-06-30 22:51:07 - [MESSAGE][PASSED] - Text 'Kanpur' is present on page  using regular expression

2022-06-30 22:51:07 - [TEST_STEP][PASSED] - verifyTextPresent("Orange Recorded", true): Text 'Orange Recorded' is present on page  using regular expression

2022-06-30 22:51:07 - [MESSAGE][PASSED] - Text 'Orange Recorded' is present on page  using regular expression

2022-06-30 22:51:07 - [TEST_STEP][PASSED] - verifyTextPresent("Yellow Recorded", true): Text 'Yellow Recorded' is present on page  using regular expression

2022-06-30 22:51:08 - [MESSAGE][PASSED] - Text 'Yellow Recorded' is present on page  using regular expression

2022-06-30 22:51:08 - [TEST_STEP][PASSED] - verifyTextPresent("Kolkata", true): Text 'Kolkata' is present on page  using regular expression

2022-06-30 22:51:08 - [MESSAGE][PASSED] - Text 'Kolkata' is present on page  using regular expression

2022-06-30 22:51:08 - [TEST_STEP][PASSED] - verifyTextPresent("Pune", true): Text 'Pune' is present on page  using regular expression

2022-06-30 22:51:08 - [MESSAGE][PASSED] - Text 'Pune' is present on page  using regular expression

2022-06-30 22:51:08 - [TEST_STEP][PASSED] - verifyTextPresent("Bhavnagar", true): Text 'Bhavnagar' is present on page  using regular expression

2022-06-30 22:51:09 - [MESSAGE][PASSED] - Text 'Bhavnagar' is present on page  using regular expression

2022-06-30 22:51:09 - [TEST_STEP][PASSED] - verifyTextPresent("Noida", true): Text 'Noida' is present on page  using regular expression

2022-06-30 22:51:09 - [MESSAGE][PASSED] - Text 'Noida' is present on page  using regular expression

2022-06-30 22:51:09 - [TEST_STEP][PASSED] - verifyTextPresent("Amount", true): Text 'Amount' is present on page  using regular expression

2022-06-30 22:51:09 - [MESSAGE][PASSED] - Text 'Amount' is present on page  using regular expression

2022-06-30 22:51:09 - [TEST_STEP][PASSED] - verifyTextPresent("2.50", true): Text '2.50' is present on page  using regular expression

2022-06-30 22:51:10 - [MESSAGE][PASSED] - Text '2.50' is present on page  using regular expression

2022-06-30 22:51:10 - [TEST_STEP][PASSED] - verifyTextPresent("Transaction Type", true): Text 'Transaction Type' is present on page  using regular expression

2022-06-30 22:51:10 - [MESSAGE][PASSED] - Text 'Transaction Type' is present on page  using regular expression

2022-06-30 22:51:10 - [TEST_STEP][PASSED] - verifyTextPresent("Debit", true): Text 'Debit' is present on page  using regular expression

2022-06-30 22:51:10 - [MESSAGE][PASSED] - Text 'Debit' is present on page  using regular expression

2022-06-30 22:51:10 - [TEST_STEP][PASSED] - verifyTextPresent("Check Information", true): Text 'Check Information' is present on page  using regular expression

2022-06-30 22:51:11 - [MESSAGE][PASSED] - Text 'Check Information' is present on page  using regular expression

2022-06-30 22:51:11 - [TEST_STEP][PASSED] - verifyTextPresent("Account Type", true): Text 'Account Type' is present on page  using regular expression

2022-06-30 22:51:11 - [MESSAGE][PASSED] - Text 'Account Type' is present on page  using regular expression

2022-06-30 22:51:11 - [TEST_STEP][PASSED] - verifyTextPresent("Account Number", true): Text 'Account Number' is present on page  using regular expression

2022-06-30 22:51:11 - [MESSAGE][PASSED] - Text 'Account Number' is present on page  using regular expression

2022-06-30 22:51:11 - [TEST_STEP][PASSED] - verifyTextPresent("Routing Number", true): Text 'Routing Number' is present on page  using regular expression

2022-06-30 22:51:12 - [MESSAGE][PASSED] - Text 'Routing Number' is present on page  using regular expression

2022-06-30 22:51:12 - [TEST_STEP][PASSED] - verifyTextPresent("Address Line 1", true): Text 'Address Line 1' is present on page  using regular expression

2022-06-30 22:51:12 - [MESSAGE][PASSED] - Text 'Address Line 1' is present on page  using regular expression

2022-06-30 22:51:12 - [TEST_STEP][PASSED] - verifyTextPresent("Address Line 2", true): Text 'Address Line 2' is present on page  using regular expression

2022-06-30 22:51:12 - [MESSAGE][PASSED] - Text 'Address Line 2' is present on page  using regular expression

2022-06-30 22:51:12 - [TEST_STEP][PASSED] - verifyTextPresent("Country", true): Text 'Country' is present on page  using regular expression

2022-06-30 22:51:13 - [MESSAGE][PASSED] - Text 'Country' is present on page  using regular expression

2022-06-30 22:51:13 - [TEST_STEP][PASSED] - verifyTextPresent("City", true): Text 'City' is present on page  using regular expression

2022-06-30 22:51:13 - [MESSAGE][PASSED] - Text 'City' is present on page  using regular expression

2022-06-30 22:51:13 - [TEST_STEP][PASSED] - verifyTextPresent("State", true): Text 'State' is present on page  using regular expression

2022-06-30 22:51:13 - [MESSAGE][PASSED] - Text 'State' is present on page  using regular expression

2022-06-30 22:51:13 - [TEST_STEP][PASSED] - verifyTextPresent("ZIP Code", true): Text 'ZIP Code' is present on page  using regular expression

2022-06-30 22:51:14 - [MESSAGE][PASSED] - Text 'ZIP Code' is present on page  using regular expression

2022-06-30 22:51:14 - [TEST_STEP][PASSED] - verifyTextPresent("248 PhoolKaante road", true): Text '248 PhoolKaante road' is present on page  using regular expression

2022-06-30 22:51:14 - [MESSAGE][PASSED] - Text '248 PhoolKaante road' is present on page  using regular expression

2022-06-30 22:51:14 - [TEST_STEP][PASSED] - verifyTextPresent("Suite 678", true): Text 'Suite 678' is present on page  using regular expression

2022-06-30 22:51:14 - [MESSAGE][PASSED] - Text 'Suite 678' is present on page  using regular expression

2022-06-30 22:51:14 - [TEST_STEP][PASSED] - verifyTextPresent("United States", true): Text 'United States' is present on page  using regular expression

2022-06-30 22:51:14 - [MESSAGE][PASSED] - Text 'United States' is present on page  using regular expression

2022-06-30 22:51:14 - [TEST_STEP][PASSED] - verifyTextPresent("ARLINGTON", true): Text 'ARLINGTON' is present on page  using regular expression

2022-06-30 22:51:15 - [MESSAGE][PASSED] - Text 'ARLINGTON' is present on page  using regular expression

2022-06-30 22:51:15 - [TEST_STEP][PASSED] - verifyTextPresent("Virginia", true): Text 'Virginia' is present on page  using regular expression

2022-06-30 22:51:15 - [MESSAGE][PASSED] - Text 'Virginia' is present on page  using regular expression

2022-06-30 22:51:15 - [TEST_STEP][PASSED] - verifyTextPresent("22201", true): Text '22201' is present on page  using regular expression

2022-06-30 22:51:15 - [MESSAGE][PASSED] - Text '22201' is present on page  using regular expression

2022-06-30 22:51:15 - [TEST_STEP][PASSED] - tranType = findTestData(dataFile).getValue("TranType", row): null

2022-06-30 22:51:15 - [TEST_STEP][PASSED] - last4V = findTestData(dataFile).getValue("Last4", row): null

2022-06-30 22:51:16 - [TEST_STEP][PASSED] - verifyTextPresent(tranType, true): Text 'Checking' is present on page  using regular expression

2022-06-30 22:51:16 - [MESSAGE][PASSED] - Text 'Checking' is present on page  using regular expression

2022-06-30 22:51:16 - [TEST_STEP][PASSED] - verifyTextPresent(last4V, true): Text '2222' is present on page  using regular expression

2022-06-30 22:51:16 - [MESSAGE][PASSED] - Text '2222' is present on page  using regular expression

2022-06-30 22:51:16 - [TEST_STEP][PASSED] - if (profNameLink.equalsIgnoreCase("a_PaymentsPC")): Text 'TANDON RAVENA' is present on page  using regular expression

2022-06-30 22:51:16 - [TEST_STEP][PASSED] - verifyTextPresent("Name on Account", true): Text 'Name on Account' is present on page  using regular expression

2022-06-30 22:51:17 - [MESSAGE][PASSED] - Text 'Name on Account' is present on page  using regular expression

2022-06-30 22:51:17 - [TEST_STEP][PASSED] - verifyTextPresent("TANDON RAVENA", true): Text 'TANDON RAVENA' is present on page  using regular expression

2022-06-30 22:51:17 - [MESSAGE][PASSED] - Text 'TANDON RAVENA' is present on page  using regular expression

2022-06-30 22:51:17 - [TEST_STEP][PASSED] - if (profNameLink.equalsIgnoreCase("a_PaymentsPS")): null

2022-06-30 22:51:17 - [TEST_STEP][PASSED] - if (profNameLink.equalsIgnoreCase("a_PaymentsCorp")): null

2022-06-30 22:51:17 - [TEST_STEP][PASSED] - switch (appName): null

2022-06-30 22:51:17 - [TEST_STEP][PASSED] - case "a_Access AutoSingleCFtpQA":: null

2022-06-30 22:51:17 - [TEST_STEP][PASSED] - verifyTextPresent("5.00", true): Text '5.00' is present on page  using regular expression

2022-06-30 22:51:17 - [MESSAGE][PASSED] - Text '5.00' is present on page  using regular expression

2022-06-30 22:51:17 - [TEST_STEP][PASSED] - verifyTextPresent("Single Transaction", true): Text 'Single Transaction' is present on page  using regular expression

2022-06-30 22:51:18 - [MESSAGE][PASSED] - Text 'Single Transaction' is present on page  using regular expression

2022-06-30 22:51:18 - [TEST_STEP][PASSED] - verifyTextPresent("7.50", true): Text '7.50' is present on page  using regular expression

2022-06-30 22:51:18 - [MESSAGE][PASSED] - Text '7.50' is present on page  using regular expression

2022-06-30 22:51:18 - [TEST_STEP][PASSED] - verifyTextPresent("Total Amount", true): Text 'Total Amount' is present on page  using regular expression

2022-06-30 22:51:18 - [MESSAGE][PASSED] - Text 'Total Amount' is present on page  using regular expression

2022-06-30 22:51:18 - [TEST_STEP][PASSED] - verifyTextPresent("Transaction Type", true): Text 'Transaction Type' is present on page  using regular expression

2022-06-30 22:51:19 - [MESSAGE][PASSED] - Text 'Transaction Type' is present on page  using regular expression

2022-06-30 22:51:19 - [TEST_STEP][PASSED] - break: null

2022-06-30 22:51:19 - [TEST_STEP][PASSED] - closeBrowser(): Browser is closed

2022-06-30 22:51:19 - [MESSAGE][PASSED] - Browser is closed

2022-06-30 22:51:19 - [TEST_STEP][PASSED] - ExecuteTC = findTestData(dataFile).getValue("Execute", row): null

2022-06-30 22:51:19 - [TEST_STEP][PASSED] - out.println("Value of Execute is : " + ExecuteTC): null

2022-06-30 22:51:19 - [TEST_STEP][PASSED] - switch (executionProfile): null

2022-06-30 22:51:19 - [TEST_STEP][PASSED] - case "QAProfile":: null

2022-06-30 22:51:19 - [TEST_STEP][PASSED] - appName = findTestData(dataFile).getValue("AppNameQA", row): null

2022-06-30 22:51:20 - [TEST_STEP][PASSED] - appID = findTestData(dataFile).getValue("AppIDQA", row): null

2022-06-30 22:51:20 - [TEST_STEP][PASSED] - break: null

2022-06-30 22:51:20 - [TEST_STEP][PASSED] - if (ExecuteTC.equalsIgnoreCase("Y")): null

2022-06-30 22:51:20 - [TEST_STEP][PASSED] - out.println("Begin Record Number: " + row): null

2022-06-30 22:51:20 - [TEST_STEP][PASSED] - today = new java.util.Date(): null

2022-06-30 22:51:20 - [TEST_STEP][PASSED] - println(today): null

2022-06-30 22:51:20 - [TEST_STEP][PASSED] - datText = today: null

2022-06-30 22:51:20 - [TEST_STEP][PASSED] - adminSuiteBootstrap.loginFunctionality.login_AdminSuite(): adminSuiteBootstrap.loginFunctionality.login_AdminSuite is PASSED

2022-06-30 22:51:20 - [MESSAGE][INFO] - Starting 'Chrome' driver

2022-06-30 22:51:20 - [MESSAGE][INFO] - User set preference: ['acceptInsecureCerts', 'true']

2022-06-30 22:51:20 - [MESSAGE][INFO] - Action delay is set to 0 milliseconds

2022-06-30 22:51:23 - [MESSAGE][PASSED] - Browser is opened with url: 'https://qa.velocitypayment.com/admin/imtiaz'

2022-06-30 22:51:23 - [MESSAGE][PASSED] - Current window maximized

2022-06-30 22:51:24 - [MESSAGE][PASSED] - Object 'Object Repository/Login_Page/Login_Username' is present

2022-06-30 22:51:24 - [MESSAGE][PASSED] - Text 'iahmed' is set on object 'Object Repository/Login_Page/Login_Username'

2022-06-30 22:51:25 - [MESSAGE][PASSED] - Text 'hello2222' is set on object 'Object Repository/Login_Page/Login_Password'

2022-06-30 22:51:29 - [MESSAGE][PASSED] - Object: 'Object Repository/Login_Page/Login_Submit' is clicked on

2022-06-30 22:51:29 - [MESSAGE][PASSED] - adminSuiteBootstrap.loginFunctionality.login_AdminSuite is PASSED

2022-06-30 22:51:29 - [TEST_STEP][PASSED] - click(findTestObject(path_Dashboard + appName)): Object: 'Object Repository/AdminSuiteBootstrap_Pages/Dashboard_Bootstrap/a_Access AutoSingleCFtpQA' is clicked on

2022-06-30 22:51:30 - [MESSAGE][PASSED] - Object: 'Object Repository/AdminSuiteBootstrap_Pages/Dashboard_Bootstrap/a_Access AutoSingleCFtpQA' is clicked on

2022-06-30 22:51:30 - [TEST_STEP][PASSED] - click(findTestObject(path_VT + "a_Find Profile")): Object: 'Object Repository/AdminSuiteBootstrap_Pages/VT_Bootstrap/IssueTransactions/a_Find Profile' is clicked on

2022-06-30 22:51:30 - [MESSAGE][PASSED] - Object: 'Object Repository/AdminSuiteBootstrap_Pages/VT_Bootstrap/IssueTransactions/a_Find Profile' is clicked on

2022-06-30 22:51:30 - [TEST_STEP][PASSED] - criteria = <not implemented yet for class: org.codehaus.groovy.ast.expr.EmptyExpression>: null

2022-06-30 22:51:30 - [TEST_STEP][PASSED] - searchBy = <not implemented yet for class: org.codehaus.groovy.ast.expr.EmptyExpression>: null

2022-06-30 22:51:30 - [TEST_STEP][PASSED] - criteria = findTestData(dataFile).getValue("ProfileName", row): null

2022-06-30 22:51:31 - [TEST_STEP][PASSED] - path_SearchProfile = "Object Repository/AdminSuiteBootstrap_Pages/VSP_Bootstrap/SearchProfile/": null

2022-06-30 22:51:31 - [TEST_STEP][PASSED] - setText(findTestObject(path_SearchProfile + "input_Criteria"), criteria): Text 'PaymentsPC' is set on object 'Object Repository/AdminSuiteBootstrap_Pages/VSP_Bootstrap/SearchProfile/input_Criteria'

2022-06-30 22:51:31 - [MESSAGE][PASSED] - Text 'PaymentsPC' is set on object 'Object Repository/AdminSuiteBootstrap_Pages/VSP_Bootstrap/SearchProfile/input_Criteria'

2022-06-30 22:51:31 - [TEST_STEP][PASSED] - click(findTestObject(path_SearchProfile + "button_Search")): Object: 'Object Repository/AdminSuiteBootstrap_Pages/VSP_Bootstrap/SearchProfile/button_Search' is clicked on

2022-06-30 22:51:33 - [MESSAGE][PASSED] - Object: 'Object Repository/AdminSuiteBootstrap_Pages/VSP_Bootstrap/SearchProfile/button_Search' is clicked on

2022-06-30 22:51:33 - [TEST_STEP][PASSED] - profNameLink = findTestData(dataFile).getValue("ProfileNameLink", row): null

2022-06-30 22:51:33 - [TEST_STEP][PASSED] - click(findTestObject(path_ViewProfile + profNameLink)): Object: 'Object Repository/AdminSuiteBootstrap_Pages/VSP_Bootstrap/View Profile/a_PaymentsPC' is clicked on

2022-06-30 22:51:34 - [MESSAGE][PASSED] - Object: 'Object Repository/AdminSuiteBootstrap_Pages/VSP_Bootstrap/View Profile/a_PaymentsPC' is clicked on

2022-06-30 22:51:34 - [TEST_STEP][PASSED] - click(findTestObject(path_ViewProfile + "a_Debit")): Object: 'Object Repository/AdminSuiteBootstrap_Pages/VSP_Bootstrap/View Profile/a_Debit' is clicked on

2022-06-30 22:51:40 - [MESSAGE][PASSED] - Object: 'Object Repository/AdminSuiteBootstrap_Pages/VSP_Bootstrap/View Profile/a_Debit' is clicked on

2022-06-30 22:51:40 - [TEST_STEP][PASSED] - verifyTextPresent("Remittance ID", true): Text 'Remittance ID' is present on page  using regular expression

2022-06-30 22:51:41 - [MESSAGE][PASSED] - Text 'Remittance ID' is present on page  using regular expression

2022-06-30 22:51:41 - [TEST_STEP][PASSED] - vspBootstrap.ACHDebitPage.setDataACHDebit(row, dataFile): vspBootstrap.ACHDebitPage.setDataACHDebit is PASSED

2022-06-30 22:51:43 - [MESSAGE][PASSED] - All options with value 'TEL' are selected in object 'Object Repository/AdminSuiteBootstrap_Pages/VSP_Bootstrap/VSP_Debit/select_StdEntryClass'  using regular expression

2022-06-30 22:51:44 - [MESSAGE][PASSED] - Text '' is set on object 'Object Repository/AdminSuiteBootstrap_Pages/VSP_Bootstrap/VSP_Debit/input_smsNumber'

2022-06-30 22:51:44 - [MESSAGE][PASSED] - Text '2.50' is set on object 'Object Repository/AdminSuiteBootstrap_Pages/VSP_Bootstrap/VSP_Debit/input_amount'

2022-06-30 22:51:46 - [MESSAGE][PASSED] - Text 'Delhi' is set on object 'Object Repository/AdminSuiteBootstrap_Pages/VSP_Bootstrap/VSP_Debit/input_userDefined1'

2022-06-30 22:51:47 - [MESSAGE][PASSED] - Text 'Chennai' is set on object 'Object Repository/AdminSuiteBootstrap_Pages/VSP_Bootstrap/VSP_Debit/input_userDefined2'

2022-06-30 22:51:47 - [MESSAGE][PASSED] - Text 'Mumbai' is set on object 'Object Repository/AdminSuiteBootstrap_Pages/VSP_Bootstrap/VSP_Debit/input_userDefined3'

2022-06-30 22:51:48 - [MESSAGE][PASSED] - Text 'Kanpur' is set on object 'Object Repository/AdminSuiteBootstrap_Pages/VSP_Bootstrap/VSP_Debit/input_userDefined4'

2022-06-30 22:51:49 - [MESSAGE][PASSED] - All options with label 'Orange' are selected in object 'Object Repository/AdminSuiteBootstrap_Pages/VSP_Bootstrap/VSP_Debit/select_UDF5'  using regular expression

2022-06-30 22:51:50 - [MESSAGE][PASSED] - All options with label 'Yellow' are selected in object 'Object Repository/AdminSuiteBootstrap_Pages/VSP_Bootstrap/VSP_Debit/select_UDF6'  using regular expression

2022-06-30 22:51:51 - [MESSAGE][PASSED] - Text 'Kolkata' is set on object 'Object Repository/AdminSuiteBootstrap_Pages/VSP_Bootstrap/VSP_Debit/input_userDefined7'

2022-06-30 22:51:51 - [MESSAGE][PASSED] - Text 'Pune' is set on object 'Object Repository/AdminSuiteBootstrap_Pages/VSP_Bootstrap/VSP_Debit/input_userDefined8'

2022-06-30 22:51:52 - [MESSAGE][PASSED] - Text 'Bhavnagar' is set on object 'Object Repository/AdminSuiteBootstrap_Pages/VSP_Bootstrap/VSP_Debit/input_userDefined9'

2022-06-30 22:51:53 - [MESSAGE][PASSED] - Text 'Noida' is set on object 'Object Repository/AdminSuiteBootstrap_Pages/VSP_Bootstrap/VSP_Debit/input_userDefined10'

2022-06-30 22:51:58 - [MESSAGE][PASSED] - Object: 'Object Repository/AdminSuiteBootstrap_Pages/VSP_Bootstrap/VSP_Debit/button_Submit' is clicked on

2022-06-30 22:51:58 - [MESSAGE][PASSED] - vspBootstrap.ACHDebitPage.setDataACHDebit is PASSED

2022-06-30 22:51:58 - [TEST_STEP][PASSED] - verifyTextPresent("Transaction Successful", true): Text 'Transaction Successful' is present on page  using regular expression

2022-06-30 22:51:59 - [MESSAGE][PASSED] - Text 'Transaction Successful' is present on page  using regular expression

2022-06-30 22:51:59 - [TEST_STEP][PASSED] - verifyElementVisible(findTestObject("Object Repository/AdminSuiteBootstrap_Pages/VT_Bootstrap/Receipt/button_Continue")): Object 'Object Repository/AdminSuiteBootstrap_Pages/VT_Bootstrap/Receipt/button_Continue' is visible

2022-06-30 22:51:59 - [MESSAGE][PASSED] - Object 'Object Repository/AdminSuiteBootstrap_Pages/VT_Bootstrap/Receipt/button_Continue' is visible

2022-06-30 22:51:59 - [TEST_STEP][PASSED] - verifyElementPresent(findTestObject("Object Repository/AdminSuiteBootstrap_Pages/VT_Bootstrap/Receipt/button_Continue"), 20): Object 'Object Repository/AdminSuiteBootstrap_Pages/VT_Bootstrap/Receipt/button_Continue' is present

2022-06-30 22:52:00 - [MESSAGE][PASSED] - Object 'Object Repository/AdminSuiteBootstrap_Pages/VT_Bootstrap/Receipt/button_Continue' is present

2022-06-30 22:52:00 - [TEST_STEP][PASSED] - verifyElementVisible(findTestObject("Object Repository/AdminSuiteBootstrap_Pages/VT_Bootstrap/Receipt/button_Print")): Object 'Object Repository/AdminSuiteBootstrap_Pages/VT_Bootstrap/Receipt/button_Print' is visible

2022-06-30 22:52:00 - [MESSAGE][PASSED] - Object 'Object Repository/AdminSuiteBootstrap_Pages/VT_Bootstrap/Receipt/button_Print' is visible

2022-06-30 22:52:00 - [TEST_STEP][PASSED] - verifyElementPresent(findTestObject("Object Repository/AdminSuiteBootstrap_Pages/VT_Bootstrap/Receipt/button_Print"), 20): Object 'Object Repository/AdminSuiteBootstrap_Pages/VT_Bootstrap/Receipt/button_Print' is present

2022-06-30 22:52:00 - [MESSAGE][PASSED] - Object 'Object Repository/AdminSuiteBootstrap_Pages/VT_Bootstrap/Receipt/button_Print' is present

2022-06-30 22:52:00 - [TEST_STEP][PASSED] - verifyTextPresent("Remittance ID", true): Text 'Remittance ID' is present on page  using regular expression

2022-06-30 22:52:01 - [MESSAGE][PASSED] - Text 'Remittance ID' is present on page  using regular expression

2022-06-30 22:52:01 - [TEST_STEP][PASSED] - verifyTextPresent("Received", true): Text 'Received' is present on page  using regular expression

2022-06-30 22:52:01 - [MESSAGE][PASSED] - Text 'Received' is present on page  using regular expression

2022-06-30 22:52:01 - [TEST_STEP][PASSED] - verifyTextPresent("UDF1", true): Text 'UDF1' is present on page  using regular expression

2022-06-30 22:52:01 - [MESSAGE][PASSED] - Text 'UDF1' is present on page  using regular expression

2022-06-30 22:52:01 - [TEST_STEP][PASSED] - verifyTextPresent("UDF2", true): Text 'UDF2' is present on page  using regular expression

2022-06-30 22:52:02 - [MESSAGE][PASSED] - Text 'UDF2' is present on page  using regular expression

2022-06-30 22:52:02 - [TEST_STEP][PASSED] - verifyTextPresent("UDF3", true): Text 'UDF3' is present on page  using regular expression

2022-06-30 22:52:02 - [MESSAGE][PASSED] - Text 'UDF3' is present on page  using regular expression

2022-06-30 22:52:02 - [TEST_STEP][PASSED] - verifyTextPresent("UDF4", true): Text 'UDF4' is present on page  using regular expression

2022-06-30 22:52:02 - [MESSAGE][PASSED] - Text 'UDF4' is present on page  using regular expression

2022-06-30 22:52:02 - [TEST_STEP][PASSED] - verifyTextPresent("UDF5", true): Text 'UDF5' is present on page  using regular expression

2022-06-30 22:52:03 - [MESSAGE][PASSED] - Text 'UDF5' is present on page  using regular expression

2022-06-30 22:52:03 - [TEST_STEP][PASSED] - verifyTextPresent("UDF6", true): Text 'UDF6' is present on page  using regular expression

2022-06-30 22:52:03 - [MESSAGE][PASSED] - Text 'UDF6' is present on page  using regular expression

2022-06-30 22:52:03 - [TEST_STEP][PASSED] - verifyTextPresent("UDF7", true): Text 'UDF7' is present on page  using regular expression

2022-06-30 22:52:03 - [MESSAGE][PASSED] - Text 'UDF7' is present on page  using regular expression

2022-06-30 22:52:03 - [TEST_STEP][PASSED] - verifyTextPresent("UDF8", true): Text 'UDF8' is present on page  using regular expression

2022-06-30 22:52:04 - [MESSAGE][PASSED] - Text 'UDF8' is present on page  using regular expression

2022-06-30 22:52:04 - [TEST_STEP][PASSED] - verifyTextPresent("UDF9", true): Text 'UDF9' is present on page  using regular expression

2022-06-30 22:52:04 - [MESSAGE][PASSED] - Text 'UDF9' is present on page  using regular expression

2022-06-30 22:52:04 - [TEST_STEP][PASSED] - verifyTextPresent("UDF 10", true): Text 'UDF 10' is present on page  using regular expression

2022-06-30 22:52:04 - [MESSAGE][PASSED] - Text 'UDF 10' is present on page  using regular expression

2022-06-30 22:52:04 - [TEST_STEP][PASSED] - verifyTextPresent("Delhi", true): Text 'Delhi' is present on page  using regular expression

2022-06-30 22:52:05 - [MESSAGE][PASSED] - Text 'Delhi' is present on page  using regular expression

2022-06-30 22:52:05 - [TEST_STEP][PASSED] - verifyTextPresent("Chennai", true): Text 'Chennai' is present on page  using regular expression

2022-06-30 22:52:05 - [MESSAGE][PASSED] - Text 'Chennai' is present on page  using regular expression

2022-06-30 22:52:05 - [TEST_STEP][PASSED] - verifyTextPresent("Mumbai", true): Text 'Mumbai' is present on page  using regular expression

2022-06-30 22:52:05 - [MESSAGE][PASSED] - Text 'Mumbai' is present on page  using regular expression

2022-06-30 22:52:05 - [TEST_STEP][PASSED] - verifyTextPresent("Kanpur", true): Text 'Kanpur' is present on page  using regular expression

2022-06-30 22:52:06 - [MESSAGE][PASSED] - Text 'Kanpur' is present on page  using regular expression

2022-06-30 22:52:06 - [TEST_STEP][PASSED] - verifyTextPresent("Orange Recorded", true): Text 'Orange Recorded' is present on page  using regular expression

2022-06-30 22:52:06 - [MESSAGE][PASSED] - Text 'Orange Recorded' is present on page  using regular expression

2022-06-30 22:52:06 - [TEST_STEP][PASSED] - verifyTextPresent("Yellow Recorded", true): Text 'Yellow Recorded' is present on page  using regular expression

2022-06-30 22:52:06 - [MESSAGE][PASSED] - Text 'Yellow Recorded' is present on page  using regular expression

2022-06-30 22:52:06 - [TEST_STEP][PASSED] - verifyTextPresent("Kolkata", true): Text 'Kolkata' is present on page  using regular expression

2022-06-30 22:52:07 - [MESSAGE][PASSED] - Text 'Kolkata' is present on page  using regular expression

2022-06-30 22:52:07 - [TEST_STEP][PASSED] - verifyTextPresent("Pune", true): Text 'Pune' is present on page  using regular expression

2022-06-30 22:52:07 - [MESSAGE][PASSED] - Text 'Pune' is present on page  using regular expression

2022-06-30 22:52:07 - [TEST_STEP][PASSED] - verifyTextPresent("Bhavnagar", true): Text 'Bhavnagar' is present on page  using regular expression

2022-06-30 22:52:07 - [MESSAGE][PASSED] - Text 'Bhavnagar' is present on page  using regular expression

2022-06-30 22:52:07 - [TEST_STEP][PASSED] - verifyTextPresent("Noida", true): Text 'Noida' is present on page  using regular expression

2022-06-30 22:52:08 - [MESSAGE][PASSED] - Text 'Noida' is present on page  using regular expression

2022-06-30 22:52:08 - [TEST_STEP][PASSED] - verifyTextPresent("Amount", true): Text 'Amount' is present on page  using regular expression

2022-06-30 22:52:08 - [MESSAGE][PASSED] - Text 'Amount' is present on page  using regular expression

2022-06-30 22:52:08 - [TEST_STEP][PASSED] - verifyTextPresent("2.50", true): Text '2.50' is present on page  using regular expression

2022-06-30 22:52:08 - [MESSAGE][PASSED] - Text '2.50' is present on page  using regular expression

2022-06-30 22:52:08 - [TEST_STEP][PASSED] - verifyTextPresent("Transaction Type", true): Text 'Transaction Type' is present on page  using regular expression

2022-06-30 22:52:09 - [MESSAGE][PASSED] - Text 'Transaction Type' is present on page  using regular expression

2022-06-30 22:52:09 - [TEST_STEP][PASSED] - verifyTextPresent("Debit", true): Text 'Debit' is present on page  using regular expression

2022-06-30 22:52:09 - [MESSAGE][PASSED] - Text 'Debit' is present on page  using regular expression

2022-06-30 22:52:09 - [TEST_STEP][PASSED] - verifyTextPresent("Check Information", true): Text 'Check Information' is present on page  using regular expression

2022-06-30 22:52:09 - [MESSAGE][PASSED] - Text 'Check Information' is present on page  using regular expression

2022-06-30 22:52:09 - [TEST_STEP][PASSED] - verifyTextPresent("Account Type", true): Text 'Account Type' is present on page  using regular expression

2022-06-30 22:52:10 - [MESSAGE][PASSED] - Text 'Account Type' is present on page  using regular expression

2022-06-30 22:52:10 - [TEST_STEP][PASSED] - verifyTextPresent("Account Number", true): Text 'Account Number' is present on page  using regular expression

2022-06-30 22:52:10 - [MESSAGE][PASSED] - Text 'Account Number' is present on page  using regular expression

2022-06-30 22:52:10 - [TEST_STEP][PASSED] - verifyTextPresent("Routing Number", true): Text 'Routing Number' is present on page  using regular expression

2022-06-30 22:52:10 - [MESSAGE][PASSED] - Text 'Routing Number' is present on page  using regular expression

2022-06-30 22:52:10 - [TEST_STEP][PASSED] - verifyTextPresent("Address Line 1", true): Text 'Address Line 1' is present on page  using regular expression

2022-06-30 22:52:11 - [MESSAGE][PASSED] - Text 'Address Line 1' is present on page  using regular expression

2022-06-30 22:52:11 - [TEST_STEP][PASSED] - verifyTextPresent("Address Line 2", true): Text 'Address Line 2' is present on page  using regular expression

2022-06-30 22:52:11 - [MESSAGE][PASSED] - Text 'Address Line 2' is present on page  using regular expression

2022-06-30 22:52:11 - [TEST_STEP][PASSED] - verifyTextPresent("Country", true): Text 'Country' is present on page  using regular expression

2022-06-30 22:52:11 - [MESSAGE][PASSED] - Text 'Country' is present on page  using regular expression

2022-06-30 22:52:11 - [TEST_STEP][PASSED] - verifyTextPresent("City", true): Text 'City' is present on page  using regular expression

2022-06-30 22:52:12 - [MESSAGE][PASSED] - Text 'City' is present on page  using regular expression

2022-06-30 22:52:12 - [TEST_STEP][PASSED] - verifyTextPresent("State", true): Text 'State' is present on page  using regular expression

2022-06-30 22:52:12 - [MESSAGE][PASSED] - Text 'State' is present on page  using regular expression

2022-06-30 22:52:12 - [TEST_STEP][PASSED] - verifyTextPresent("ZIP Code", true): Text 'ZIP Code' is present on page  using regular expression

2022-06-30 22:52:12 - [MESSAGE][PASSED] - Text 'ZIP Code' is present on page  using regular expression

2022-06-30 22:52:12 - [TEST_STEP][PASSED] - verifyTextPresent("248 PhoolKaante road", true): Text '248 PhoolKaante road' is present on page  using regular expression

2022-06-30 22:52:13 - [MESSAGE][PASSED] - Text '248 PhoolKaante road' is present on page  using regular expression

2022-06-30 22:52:13 - [TEST_STEP][PASSED] - verifyTextPresent("Suite 678", true): Text 'Suite 678' is present on page  using regular expression

2022-06-30 22:52:13 - [MESSAGE][PASSED] - Text 'Suite 678' is present on page  using regular expression

2022-06-30 22:52:13 - [TEST_STEP][PASSED] - verifyTextPresent("United States", true): Text 'United States' is present on page  using regular expression

2022-06-30 22:52:13 - [MESSAGE][PASSED] - Text 'United States' is present on page  using regular expression

2022-06-30 22:52:13 - [TEST_STEP][PASSED] - verifyTextPresent("ARLINGTON", true): Text 'ARLINGTON' is present on page  using regular expression

2022-06-30 22:52:14 - [MESSAGE][PASSED] - Text 'ARLINGTON' is present on page  using regular expression

2022-06-30 22:52:14 - [TEST_STEP][PASSED] - verifyTextPresent("Virginia", true): Text 'Virginia' is present on page  using regular expression

2022-06-30 22:52:14 - [MESSAGE][PASSED] - Text 'Virginia' is present on page  using regular expression

2022-06-30 22:52:14 - [TEST_STEP][PASSED] - verifyTextPresent("22201", true): Text '22201' is present on page  using regular expression

2022-06-30 22:52:14 - [MESSAGE][PASSED] - Text '22201' is present on page  using regular expression

2022-06-30 22:52:14 - [TEST_STEP][PASSED] - tranType = findTestData(dataFile).getValue("TranType", row): null

2022-06-30 22:52:14 - [TEST_STEP][PASSED] - last4V = findTestData(dataFile).getValue("Last4", row): null

2022-06-30 22:52:14 - [TEST_STEP][PASSED] - verifyTextPresent(tranType, true): Text 'Checking' is present on page  using regular expression

2022-06-30 22:52:15 - [MESSAGE][PASSED] - Text 'Checking' is present on page  using regular expression

2022-06-30 22:52:15 - [TEST_STEP][PASSED] - verifyTextPresent(last4V, true): Text '2222' is present on page  using regular expression

2022-06-30 22:52:15 - [MESSAGE][PASSED] - Text '2222' is present on page  using regular expression

2022-06-30 22:52:15 - [TEST_STEP][PASSED] - if (profNameLink.equalsIgnoreCase("a_PaymentsPC")): Text 'TANDON RAVENA' is present on page  using regular expression

2022-06-30 22:52:15 - [TEST_STEP][PASSED] - verifyTextPresent("Name on Account", true): Text 'Name on Account' is present on page  using regular expression

2022-06-30 22:52:15 - [MESSAGE][PASSED] - Text 'Name on Account' is present on page  using regular expression

2022-06-30 22:52:15 - [TEST_STEP][PASSED] - verifyTextPresent("TANDON RAVENA", true): Text 'TANDON RAVENA' is present on page  using regular expression

2022-06-30 22:52:16 - [MESSAGE][PASSED] - Text 'TANDON RAVENA' is present on page  using regular expression

2022-06-30 22:52:16 - [TEST_STEP][PASSED] - if (profNameLink.equalsIgnoreCase("a_PaymentsPS")): null

2022-06-30 22:52:16 - [TEST_STEP][PASSED] - if (profNameLink.equalsIgnoreCase("a_PaymentsCorp")): null

2022-06-30 22:52:16 - [TEST_STEP][PASSED] - switch (appName): null

2022-06-30 22:52:16 - [TEST_STEP][PASSED] - case "a_Access AutoSingleCFtpQA":: null

2022-06-30 22:52:16 - [TEST_STEP][PASSED] - verifyTextPresent("5.00", true): Text '5.00' is present on page  using regular expression

2022-06-30 22:52:16 - [MESSAGE][PASSED] - Text '5.00' is present on page  using regular expression

2022-06-30 22:52:16 - [TEST_STEP][PASSED] - verifyTextPresent("Single Transaction", true): Text 'Single Transaction' is present on page  using regular expression

2022-06-30 22:52:16 - [MESSAGE][PASSED] - Text 'Single Transaction' is present on page  using regular expression

2022-06-30 22:52:16 - [TEST_STEP][PASSED] - verifyTextPresent("7.50", true): Text '7.50' is present on page  using regular expression

2022-06-30 22:52:17 - [MESSAGE][PASSED] - Text '7.50' is present on page  using regular expression

2022-06-30 22:52:17 - [TEST_STEP][PASSED] - verifyTextPresent("Total Amount", true): Text 'Total Amount' is present on page  using regular expression

2022-06-30 22:52:17 - [MESSAGE][PASSED] - Text 'Total Amount' is present on page  using regular expression

2022-06-30 22:52:17 - [TEST_STEP][PASSED] - verifyTextPresent("Transaction Type", true): Text 'Transaction Type' is present on page  using regular expression

2022-06-30 22:52:17 - [MESSAGE][PASSED] - Text 'Transaction Type' is present on page  using regular expression

2022-06-30 22:52:17 - [TEST_STEP][PASSED] - break: null

2022-06-30 22:52:17 - [TEST_STEP][PASSED] - closeBrowser(): Browser is closed

2022-06-30 22:52:18 - [MESSAGE][PASSED] - Browser is closed

2022-06-30 22:52:18 - [TEST_STEP][PASSED] - ExecuteTC = findTestData(dataFile).getValue("Execute", row): null

2022-06-30 22:52:18 - [TEST_STEP][PASSED] - out.println("Value of Execute is : " + ExecuteTC): null

2022-06-30 22:52:18 - [TEST_STEP][PASSED] - switch (executionProfile): null

2022-06-30 22:52:18 - [TEST_STEP][PASSED] - case "QAProfile":: null

2022-06-30 22:52:18 - [TEST_STEP][PASSED] - appName = findTestData(dataFile).getValue("AppNameQA", row): null

2022-06-30 22:52:18 - [TEST_STEP][PASSED] - appID = findTestData(dataFile).getValue("AppIDQA", row): null

2022-06-30 22:52:18 - [TEST_STEP][PASSED] - break: null

2022-06-30 22:52:18 - [TEST_STEP][PASSED] - if (ExecuteTC.equalsIgnoreCase("Y")): null

2022-06-30 22:52:18 - [TEST_STEP][PASSED] - out.println("Begin Record Number: " + row): null

2022-06-30 22:52:18 - [TEST_STEP][PASSED] - today = new java.util.Date(): null

2022-06-30 22:52:18 - [TEST_STEP][PASSED] - println(today): null

2022-06-30 22:52:18 - [TEST_STEP][PASSED] - datText = today: null

2022-06-30 22:52:18 - [TEST_STEP][PASSED] - adminSuiteBootstrap.loginFunctionality.login_AdminSuite(): adminSuiteBootstrap.loginFunctionality.login_AdminSuite is PASSED

2022-06-30 22:52:18 - [MESSAGE][INFO] - Starting 'Chrome' driver

2022-06-30 22:52:18 - [MESSAGE][INFO] - User set preference: ['acceptInsecureCerts', 'true']

2022-06-30 22:52:18 - [MESSAGE][INFO] - Action delay is set to 0 milliseconds

2022-06-30 22:52:23 - [MESSAGE][PASSED] - Browser is opened with url: 'https://qa.velocitypayment.com/admin/imtiaz'

2022-06-30 22:52:23 - [MESSAGE][PASSED] - Current window maximized

2022-06-30 22:52:23 - [MESSAGE][PASSED] - Object 'Object Repository/Login_Page/Login_Username' is present

2022-06-30 22:52:24 - [MESSAGE][PASSED] - Text 'iahmed' is set on object 'Object Repository/Login_Page/Login_Username'

2022-06-30 22:52:25 - [MESSAGE][PASSED] - Text 'hello2222' is set on object 'Object Repository/Login_Page/Login_Password'

2022-06-30 22:52:29 - [MESSAGE][PASSED] - Object: 'Object Repository/Login_Page/Login_Submit' is clicked on

2022-06-30 22:52:29 - [MESSAGE][PASSED] - adminSuiteBootstrap.loginFunctionality.login_AdminSuite is PASSED

2022-06-30 22:52:29 - [TEST_STEP][PASSED] - click(findTestObject(path_Dashboard + appName)): Object: 'Object Repository/AdminSuiteBootstrap_Pages/Dashboard_Bootstrap/a_Access AutoSingleCFtpQA' is clicked on

2022-06-30 22:52:30 - [MESSAGE][PASSED] - Object: 'Object Repository/AdminSuiteBootstrap_Pages/Dashboard_Bootstrap/a_Access AutoSingleCFtpQA' is clicked on

2022-06-30 22:52:30 - [TEST_STEP][PASSED] - click(findTestObject(path_VT + "a_Find Profile")): Object: 'Object Repository/AdminSuiteBootstrap_Pages/VT_Bootstrap/IssueTransactions/a_Find Profile' is clicked on

2022-06-30 22:52:31 - [MESSAGE][PASSED] - Object: 'Object Repository/AdminSuiteBootstrap_Pages/VT_Bootstrap/IssueTransactions/a_Find Profile' is clicked on

2022-06-30 22:52:31 - [TEST_STEP][PASSED] - criteria = <not implemented yet for class: org.codehaus.groovy.ast.expr.EmptyExpression>: null

2022-06-30 22:52:31 - [TEST_STEP][PASSED] - searchBy = <not implemented yet for class: org.codehaus.groovy.ast.expr.EmptyExpression>: null

2022-06-30 22:52:31 - [TEST_STEP][PASSED] - criteria = findTestData(dataFile).getValue("ProfileName", row): null

2022-06-30 22:52:31 - [TEST_STEP][PASSED] - path_SearchProfile = "Object Repository/AdminSuiteBootstrap_Pages/VSP_Bootstrap/SearchProfile/": null

2022-06-30 22:52:31 - [TEST_STEP][PASSED] - setText(findTestObject(path_SearchProfile + "input_Criteria"), criteria): Text 'PaymentsPS' is set on object 'Object Repository/AdminSuiteBootstrap_Pages/VSP_Bootstrap/SearchProfile/input_Criteria'

2022-06-30 22:52:31 - [MESSAGE][PASSED] - Text 'PaymentsPS' is set on object 'Object Repository/AdminSuiteBootstrap_Pages/VSP_Bootstrap/SearchProfile/input_Criteria'

2022-06-30 22:52:31 - [TEST_STEP][PASSED] - click(findTestObject(path_SearchProfile + "button_Search")): Object: 'Object Repository/AdminSuiteBootstrap_Pages/VSP_Bootstrap/SearchProfile/button_Search' is clicked on

2022-06-30 22:52:33 - [MESSAGE][PASSED] - Object: 'Object Repository/AdminSuiteBootstrap_Pages/VSP_Bootstrap/SearchProfile/button_Search' is clicked on

2022-06-30 22:52:33 - [TEST_STEP][PASSED] - profNameLink = findTestData(dataFile).getValue("ProfileNameLink", row): null

2022-06-30 22:52:33 - [TEST_STEP][PASSED] - click(findTestObject(path_ViewProfile + profNameLink)): Object: 'Object Repository/AdminSuiteBootstrap_Pages/VSP_Bootstrap/View Profile/a_PaymentsPS' is clicked on

2022-06-30 22:52:34 - [MESSAGE][PASSED] - Object: 'Object Repository/AdminSuiteBootstrap_Pages/VSP_Bootstrap/View Profile/a_PaymentsPS' is clicked on

2022-06-30 22:52:34 - [TEST_STEP][PASSED] - click(findTestObject(path_ViewProfile + "a_Debit")): Object: 'Object Repository/AdminSuiteBootstrap_Pages/VSP_Bootstrap/View Profile/a_Debit' is clicked on

2022-06-30 22:52:36 - [MESSAGE][PASSED] - Object: 'Object Repository/AdminSuiteBootstrap_Pages/VSP_Bootstrap/View Profile/a_Debit' is clicked on

2022-06-30 22:52:36 - [TEST_STEP][PASSED] - verifyTextPresent("Remittance ID", true): Text 'Remittance ID' is present on page  using regular expression

2022-06-30 22:52:37 - [MESSAGE][PASSED] - Text 'Remittance ID' is present on page  using regular expression

2022-06-30 22:52:37 - [TEST_STEP][PASSED] - vspBootstrap.ACHDebitPage.setDataACHDebit(row, dataFile): vspBootstrap.ACHDebitPage.setDataACHDebit is PASSED

2022-06-30 22:52:38 - [MESSAGE][PASSED] - All options with value 'PPD' are selected in object 'Object Repository/AdminSuiteBootstrap_Pages/VSP_Bootstrap/VSP_Debit/select_StdEntryClass'  using regular expression

2022-06-30 22:52:39 - [MESSAGE][PASSED] - Text '' is set on object 'Object Repository/AdminSuiteBootstrap_Pages/VSP_Bootstrap/VSP_Debit/input_smsNumber'

2022-06-30 22:52:40 - [MESSAGE][PASSED] - Text '2.50' is set on object 'Object Repository/AdminSuiteBootstrap_Pages/VSP_Bootstrap/VSP_Debit/input_amount'

2022-06-30 22:52:41 - [MESSAGE][PASSED] - Text 'Delhi' is set on object 'Object Repository/AdminSuiteBootstrap_Pages/VSP_Bootstrap/VSP_Debit/input_userDefined1'

2022-06-30 22:52:41 - [MESSAGE][PASSED] - Text 'Chennai' is set on object 'Object Repository/AdminSuiteBootstrap_Pages/VSP_Bootstrap/VSP_Debit/input_userDefined2'

2022-06-30 22:52:42 - [MESSAGE][PASSED] - Text 'Mumbai' is set on object 'Object Repository/AdminSuiteBootstrap_Pages/VSP_Bootstrap/VSP_Debit/input_userDefined3'

2022-06-30 22:52:42 - [MESSAGE][PASSED] - Text 'Kanpur' is set on object 'Object Repository/AdminSuiteBootstrap_Pages/VSP_Bootstrap/VSP_Debit/input_userDefined4'

2022-06-30 22:52:43 - [MESSAGE][PASSED] - All options with label 'Orange' are selected in object 'Object Repository/AdminSuiteBootstrap_Pages/VSP_Bootstrap/VSP_Debit/select_UDF5'  using regular expression

2022-06-30 22:52:44 - [MESSAGE][PASSED] - All options with label 'Yellow' are selected in object 'Object Repository/AdminSuiteBootstrap_Pages/VSP_Bootstrap/VSP_Debit/select_UDF6'  using regular expression

2022-06-30 22:52:45 - [MESSAGE][PASSED] - Text 'Kolkata' is set on object 'Object Repository/AdminSuiteBootstrap_Pages/VSP_Bootstrap/VSP_Debit/input_userDefined7'

2022-06-30 22:52:46 - [MESSAGE][PASSED] - Text 'Pune' is set on object 'Object Repository/AdminSuiteBootstrap_Pages/VSP_Bootstrap/VSP_Debit/input_userDefined8'

2022-06-30 22:52:46 - [MESSAGE][PASSED] - Text 'Bhavnagar' is set on object 'Object Repository/AdminSuiteBootstrap_Pages/VSP_Bootstrap/VSP_Debit/input_userDefined9'

2022-06-30 22:52:47 - [MESSAGE][PASSED] - Text 'Noida' is set on object 'Object Repository/AdminSuiteBootstrap_Pages/VSP_Bootstrap/VSP_Debit/input_userDefined10'

2022-06-30 22:52:49 - [MESSAGE][PASSED] - Object: 'Object Repository/AdminSuiteBootstrap_Pages/VSP_Bootstrap/VSP_Debit/button_Submit' is clicked on

2022-06-30 22:52:49 - [MESSAGE][PASSED] - vspBootstrap.ACHDebitPage.setDataACHDebit is PASSED

2022-06-30 22:52:49 - [TEST_STEP][PASSED] - verifyTextPresent("Transaction Successful", true): Text 'Transaction Successful' is present on page  using regular expression

2022-06-30 22:52:50 - [MESSAGE][PASSED] - Text 'Transaction Successful' is present on page  using regular expression

2022-06-30 22:52:50 - [TEST_STEP][PASSED] - verifyElementVisible(findTestObject("Object Repository/AdminSuiteBootstrap_Pages/VT_Bootstrap/Receipt/button_Continue")): Object 'Object Repository/AdminSuiteBootstrap_Pages/VT_Bootstrap/Receipt/button_Continue' is visible

2022-06-30 22:52:50 - [MESSAGE][PASSED] - Object 'Object Repository/AdminSuiteBootstrap_Pages/VT_Bootstrap/Receipt/button_Continue' is visible

2022-06-30 22:52:50 - [TEST_STEP][PASSED] - verifyElementPresent(findTestObject("Object Repository/AdminSuiteBootstrap_Pages/VT_Bootstrap/Receipt/button_Continue"), 20): Object 'Object Repository/AdminSuiteBootstrap_Pages/VT_Bootstrap/Receipt/button_Continue' is present

2022-06-30 22:52:50 - [MESSAGE][PASSED] - Object 'Object Repository/AdminSuiteBootstrap_Pages/VT_Bootstrap/Receipt/button_Continue' is present

2022-06-30 22:52:50 - [TEST_STEP][PASSED] - verifyElementVisible(findTestObject("Object Repository/AdminSuiteBootstrap_Pages/VT_Bootstrap/Receipt/button_Print")): Object 'Object Repository/AdminSuiteBootstrap_Pages/VT_Bootstrap/Receipt/button_Print' is visible

2022-06-30 22:52:51 - [MESSAGE][PASSED] - Object 'Object Repository/AdminSuiteBootstrap_Pages/VT_Bootstrap/Receipt/button_Print' is visible

2022-06-30 22:52:51 - [TEST_STEP][PASSED] - verifyElementPresent(findTestObject("Object Repository/AdminSuiteBootstrap_Pages/VT_Bootstrap/Receipt/button_Print"), 20): Object 'Object Repository/AdminSuiteBootstrap_Pages/VT_Bootstrap/Receipt/button_Print' is present

2022-06-30 22:52:51 - [MESSAGE][PASSED] - Object 'Object Repository/AdminSuiteBootstrap_Pages/VT_Bootstrap/Receipt/button_Print' is present

2022-06-30 22:52:51 - [TEST_STEP][PASSED] - verifyTextPresent("Remittance ID", true): Text 'Remittance ID' is present on page  using regular expression

2022-06-30 22:52:51 - [MESSAGE][PASSED] - Text 'Remittance ID' is present on page  using regular expression

2022-06-30 22:52:51 - [TEST_STEP][PASSED] - verifyTextPresent("Received", true): Text 'Received' is present on page  using regular expression

2022-06-30 22:52:52 - [MESSAGE][PASSED] - Text 'Received' is present on page  using regular expression

2022-06-30 22:52:52 - [TEST_STEP][PASSED] - verifyTextPresent("UDF1", true): Text 'UDF1' is present on page  using regular expression

2022-06-30 22:52:52 - [MESSAGE][PASSED] - Text 'UDF1' is present on page  using regular expression

2022-06-30 22:52:52 - [TEST_STEP][PASSED] - verifyTextPresent("UDF2", true): Text 'UDF2' is present on page  using regular expression

2022-06-30 22:52:52 - [MESSAGE][PASSED] - Text 'UDF2' is present on page  using regular expression

2022-06-30 22:52:52 - [TEST_STEP][PASSED] - verifyTextPresent("UDF3", true): Text 'UDF3' is present on page  using regular expression

2022-06-30 22:52:53 - [MESSAGE][PASSED] - Text 'UDF3' is present on page  using regular expression

2022-06-30 22:52:53 - [TEST_STEP][PASSED] - verifyTextPresent("UDF4", true): Text 'UDF4' is present on page  using regular expression

2022-06-30 22:52:53 - [MESSAGE][PASSED] - Text 'UDF4' is present on page  using regular expression

2022-06-30 22:52:53 - [TEST_STEP][PASSED] - verifyTextPresent("UDF5", true): Text 'UDF5' is present on page  using regular expression

2022-06-30 22:52:53 - [MESSAGE][PASSED] - Text 'UDF5' is present on page  using regular expression

2022-06-30 22:52:53 - [TEST_STEP][PASSED] - verifyTextPresent("UDF6", true): Text 'UDF6' is present on page  using regular expression

2022-06-30 22:52:54 - [MESSAGE][PASSED] - Text 'UDF6' is present on page  using regular expression

2022-06-30 22:52:54 - [TEST_STEP][PASSED] - verifyTextPresent("UDF7", true): Text 'UDF7' is present on page  using regular expression

2022-06-30 22:52:54 - [MESSAGE][PASSED] - Text 'UDF7' is present on page  using regular expression

2022-06-30 22:52:54 - [TEST_STEP][PASSED] - verifyTextPresent("UDF8", true): Text 'UDF8' is present on page  using regular expression

2022-06-30 22:52:54 - [MESSAGE][PASSED] - Text 'UDF8' is present on page  using regular expression

2022-06-30 22:52:54 - [TEST_STEP][PASSED] - verifyTextPresent("UDF9", true): Text 'UDF9' is present on page  using regular expression

2022-06-30 22:52:55 - [MESSAGE][PASSED] - Text 'UDF9' is present on page  using regular expression

2022-06-30 22:52:55 - [TEST_STEP][PASSED] - verifyTextPresent("UDF 10", true): Text 'UDF 10' is present on page  using regular expression

2022-06-30 22:52:55 - [MESSAGE][PASSED] - Text 'UDF 10' is present on page  using regular expression

2022-06-30 22:52:55 - [TEST_STEP][PASSED] - verifyTextPresent("Delhi", true): Text 'Delhi' is present on page  using regular expression

2022-06-30 22:52:55 - [MESSAGE][PASSED] - Text 'Delhi' is present on page  using regular expression

2022-06-30 22:52:55 - [TEST_STEP][PASSED] - verifyTextPresent("Chennai", true): Text 'Chennai' is present on page  using regular expression

2022-06-30 22:52:56 - [MESSAGE][PASSED] - Text 'Chennai' is present on page  using regular expression

2022-06-30 22:52:56 - [TEST_STEP][PASSED] - verifyTextPresent("Mumbai", true): Text 'Mumbai' is present on page  using regular expression

2022-06-30 22:52:56 - [MESSAGE][PASSED] - Text 'Mumbai' is present on page  using regular expression

2022-06-30 22:52:56 - [TEST_STEP][PASSED] - verifyTextPresent("Kanpur", true): Text 'Kanpur' is present on page  using regular expression

2022-06-30 22:52:56 - [MESSAGE][PASSED] - Text 'Kanpur' is present on page  using regular expression

2022-06-30 22:52:56 - [TEST_STEP][PASSED] - verifyTextPresent("Orange Recorded", true): Text 'Orange Recorded' is present on page  using regular expression

2022-06-30 22:52:57 - [MESSAGE][PASSED] - Text 'Orange Recorded' is present on page  using regular expression

2022-06-30 22:52:57 - [TEST_STEP][PASSED] - verifyTextPresent("Yellow Recorded", true): Text 'Yellow Recorded' is present on page  using regular expression

2022-06-30 22:52:57 - [MESSAGE][PASSED] - Text 'Yellow Recorded' is present on page  using regular expression

2022-06-30 22:52:57 - [TEST_STEP][PASSED] - verifyTextPresent("Kolkata", true): Text 'Kolkata' is present on page  using regular expression

2022-06-30 22:52:57 - [MESSAGE][PASSED] - Text 'Kolkata' is present on page  using regular expression

2022-06-30 22:52:57 - [TEST_STEP][PASSED] - verifyTextPresent("Pune", true): Text 'Pune' is present on page  using regular expression

2022-06-30 22:52:58 - [MESSAGE][PASSED] - Text 'Pune' is present on page  using regular expression

2022-06-30 22:52:58 - [TEST_STEP][PASSED] - verifyTextPresent("Bhavnagar", true): Text 'Bhavnagar' is present on page  using regular expression

2022-06-30 22:52:58 - [MESSAGE][PASSED] - Text 'Bhavnagar' is present on page  using regular expression

2022-06-30 22:52:58 - [TEST_STEP][PASSED] - verifyTextPresent("Noida", true): Text 'Noida' is present on page  using regular expression

2022-06-30 22:52:58 - [MESSAGE][PASSED] - Text 'Noida' is present on page  using regular expression

2022-06-30 22:52:58 - [TEST_STEP][PASSED] - verifyTextPresent("Amount", true): Text 'Amount' is present on page  using regular expression

2022-06-30 22:52:59 - [MESSAGE][PASSED] - Text 'Amount' is present on page  using regular expression

2022-06-30 22:52:59 - [TEST_STEP][PASSED] - verifyTextPresent("2.50", true): Text '2.50' is present on page  using regular expression

2022-06-30 22:52:59 - [MESSAGE][PASSED] - Text '2.50' is present on page  using regular expression

2022-06-30 22:52:59 - [TEST_STEP][PASSED] - verifyTextPresent("Transaction Type", true): Text 'Transaction Type' is present on page  using regular expression

2022-06-30 22:52:59 - [MESSAGE][PASSED] - Text 'Transaction Type' is present on page  using regular expression

2022-06-30 22:52:59 - [TEST_STEP][PASSED] - verifyTextPresent("Debit", true): Text 'Debit' is present on page  using regular expression

2022-06-30 22:53:00 - [MESSAGE][PASSED] - Text 'Debit' is present on page  using regular expression

2022-06-30 22:53:00 - [TEST_STEP][PASSED] - verifyTextPresent("Check Information", true): Text 'Check Information' is present on page  using regular expression

2022-06-30 22:53:00 - [MESSAGE][PASSED] - Text 'Check Information' is present on page  using regular expression

2022-06-30 22:53:00 - [TEST_STEP][PASSED] - verifyTextPresent("Account Type", true): Text 'Account Type' is present on page  using regular expression

2022-06-30 22:53:00 - [MESSAGE][PASSED] - Text 'Account Type' is present on page  using regular expression

2022-06-30 22:53:00 - [TEST_STEP][PASSED] - verifyTextPresent("Account Number", true): Text 'Account Number' is present on page  using regular expression

2022-06-30 22:53:01 - [MESSAGE][PASSED] - Text 'Account Number' is present on page  using regular expression

2022-06-30 22:53:01 - [TEST_STEP][PASSED] - verifyTextPresent("Routing Number", true): Text 'Routing Number' is present on page  using regular expression

2022-06-30 22:53:01 - [MESSAGE][PASSED] - Text 'Routing Number' is present on page  using regular expression

2022-06-30 22:53:01 - [TEST_STEP][PASSED] - verifyTextPresent("Address Line 1", true): Text 'Address Line 1' is present on page  using regular expression

2022-06-30 22:53:01 - [MESSAGE][PASSED] - Text 'Address Line 1' is present on page  using regular expression

2022-06-30 22:53:01 - [TEST_STEP][PASSED] - verifyTextPresent("Address Line 2", true): Text 'Address Line 2' is present on page  using regular expression

2022-06-30 22:53:02 - [MESSAGE][PASSED] - Text 'Address Line 2' is present on page  using regular expression

2022-06-30 22:53:02 - [TEST_STEP][PASSED] - verifyTextPresent("Country", true): Text 'Country' is present on page  using regular expression

2022-06-30 22:53:02 - [MESSAGE][PASSED] - Text 'Country' is present on page  using regular expression

2022-06-30 22:53:02 - [TEST_STEP][PASSED] - verifyTextPresent("City", true): Text 'City' is present on page  using regular expression

2022-06-30 22:53:02 - [MESSAGE][PASSED] - Text 'City' is present on page  using regular expression

2022-06-30 22:53:02 - [TEST_STEP][PASSED] - verifyTextPresent("State", true): Text 'State' is present on page  using regular expression

2022-06-30 22:53:03 - [MESSAGE][PASSED] - Text 'State' is present on page  using regular expression

2022-06-30 22:53:03 - [TEST_STEP][PASSED] - verifyTextPresent("ZIP Code", true): Text 'ZIP Code' is present on page  using regular expression

2022-06-30 22:53:03 - [MESSAGE][PASSED] - Text 'ZIP Code' is present on page  using regular expression

2022-06-30 22:53:03 - [TEST_STEP][PASSED] - verifyTextPresent("248 PhoolKaante road", true): Text '248 PhoolKaante road' is present on page  using regular expression

2022-06-30 22:53:03 - [MESSAGE][PASSED] - Text '248 PhoolKaante road' is present on page  using regular expression

2022-06-30 22:53:03 - [TEST_STEP][PASSED] - verifyTextPresent("Suite 678", true): Text 'Suite 678' is present on page  using regular expression

2022-06-30 22:53:04 - [MESSAGE][PASSED] - Text 'Suite 678' is present on page  using regular expression

2022-06-30 22:53:04 - [TEST_STEP][PASSED] - verifyTextPresent("United States", true): Text 'United States' is present on page  using regular expression

2022-06-30 22:53:04 - [MESSAGE][PASSED] - Text 'United States' is present on page  using regular expression

2022-06-30 22:53:04 - [TEST_STEP][PASSED] - verifyTextPresent("ARLINGTON", true): Text 'ARLINGTON' is present on page  using regular expression

2022-06-30 22:53:04 - [MESSAGE][PASSED] - Text 'ARLINGTON' is present on page  using regular expression

2022-06-30 22:53:04 - [TEST_STEP][PASSED] - verifyTextPresent("Virginia", true): Text 'Virginia' is present on page  using regular expression

2022-06-30 22:53:05 - [MESSAGE][PASSED] - Text 'Virginia' is present on page  using regular expression

2022-06-30 22:53:05 - [TEST_STEP][PASSED] - verifyTextPresent("22201", true): Text '22201' is present on page  using regular expression

2022-06-30 22:53:05 - [MESSAGE][PASSED] - Text '22201' is present on page  using regular expression

2022-06-30 22:53:05 - [TEST_STEP][PASSED] - tranType = findTestData(dataFile).getValue("TranType", row): null

2022-06-30 22:53:05 - [TEST_STEP][PASSED] - last4V = findTestData(dataFile).getValue("Last4", row): null

2022-06-30 22:53:05 - [TEST_STEP][PASSED] - verifyTextPresent(tranType, true): Text 'Savings' is present on page  using regular expression

2022-06-30 22:53:06 - [MESSAGE][PASSED] - Text 'Savings' is present on page  using regular expression

2022-06-30 22:53:06 - [TEST_STEP][PASSED] - verifyTextPresent(last4V, true): Text '3333' is present on page  using regular expression

2022-06-30 22:53:06 - [MESSAGE][PASSED] - Text '3333' is present on page  using regular expression

2022-06-30 22:53:06 - [TEST_STEP][PASSED] - if (profNameLink.equalsIgnoreCase("a_PaymentsPC")): null

2022-06-30 22:53:06 - [TEST_STEP][PASSED] - if (profNameLink.equalsIgnoreCase("a_PaymentsPS")): Text 'TANDON RAVENA' is present on page  using regular expression

2022-06-30 22:53:06 - [TEST_STEP][PASSED] - verifyTextPresent("Name on Account", true): Text 'Name on Account' is present on page  using regular expression

2022-06-30 22:53:06 - [MESSAGE][PASSED] - Text 'Name on Account' is present on page  using regular expression

2022-06-30 22:53:06 - [TEST_STEP][PASSED] - verifyTextPresent("TANDON RAVENA", true): Text 'TANDON RAVENA' is present on page  using regular expression

2022-06-30 22:53:06 - [MESSAGE][PASSED] - Text 'TANDON RAVENA' is present on page  using regular expression

2022-06-30 22:53:06 - [TEST_STEP][PASSED] - if (profNameLink.equalsIgnoreCase("a_PaymentsCorp")): null

2022-06-30 22:53:06 - [TEST_STEP][PASSED] - switch (appName): null

2022-06-30 22:53:06 - [TEST_STEP][PASSED] - case "a_Access AutoSingleCFtpQA":: null

2022-06-30 22:53:06 - [TEST_STEP][PASSED] - verifyTextPresent("5.00", true): Text '5.00' is present on page  using regular expression

2022-06-30 22:53:07 - [MESSAGE][PASSED] - Text '5.00' is present on page  using regular expression

2022-06-30 22:53:07 - [TEST_STEP][PASSED] - verifyTextPresent("Single Transaction", true): Text 'Single Transaction' is present on page  using regular expression

2022-06-30 22:53:07 - [MESSAGE][PASSED] - Text 'Single Transaction' is present on page  using regular expression

2022-06-30 22:53:07 - [TEST_STEP][PASSED] - verifyTextPresent("7.50", true): Text '7.50' is present on page  using regular expression

2022-06-30 22:53:07 - [MESSAGE][PASSED] - Text '7.50' is present on page  using regular expression

2022-06-30 22:53:07 - [TEST_STEP][PASSED] - verifyTextPresent("Total Amount", true): Text 'Total Amount' is present on page  using regular expression

2022-06-30 22:53:08 - [MESSAGE][PASSED] - Text 'Total Amount' is present on page  using regular expression

2022-06-30 22:53:08 - [TEST_STEP][PASSED] - verifyTextPresent("Transaction Type", true): Text 'Transaction Type' is present on page  using regular expression

2022-06-30 22:53:08 - [MESSAGE][PASSED] - Text 'Transaction Type' is present on page  using regular expression

2022-06-30 22:53:08 - [TEST_STEP][PASSED] - break: null

2022-06-30 22:53:08 - [TEST_STEP][PASSED] - closeBrowser(): Browser is closed

2022-06-30 22:53:09 - [MESSAGE][PASSED] - Browser is closed

2022-06-30 22:53:09 - [TEST_STEP][PASSED] - ExecuteTC = findTestData(dataFile).getValue("Execute", row): null

2022-06-30 22:53:09 - [TEST_STEP][PASSED] - out.println("Value of Execute is : " + ExecuteTC): null

2022-06-30 22:53:09 - [TEST_STEP][PASSED] - switch (executionProfile): null

2022-06-30 22:53:09 - [TEST_STEP][PASSED] - case "QAProfile":: null

2022-06-30 22:53:09 - [TEST_STEP][PASSED] - appName = findTestData(dataFile).getValue("AppNameQA", row): null

2022-06-30 22:53:09 - [TEST_STEP][PASSED] - appID = findTestData(dataFile).getValue("AppIDQA", row): null

2022-06-30 22:53:09 - [TEST_STEP][PASSED] - break: null

2022-06-30 22:53:09 - [TEST_STEP][PASSED] - if (ExecuteTC.equalsIgnoreCase("Y")): null

2022-06-30 22:53:09 - [TEST_STEP][PASSED] - out.println("Begin Record Number: " + row): null

2022-06-30 22:53:09 - [TEST_STEP][PASSED] - today = new java.util.Date(): null

2022-06-30 22:53:09 - [TEST_STEP][PASSED] - println(today): null

2022-06-30 22:53:09 - [TEST_STEP][PASSED] - datText = today: null

2022-06-30 22:53:09 - [TEST_STEP][PASSED] - adminSuiteBootstrap.loginFunctionality.login_AdminSuite(): adminSuiteBootstrap.loginFunctionality.login_AdminSuite is PASSED

2022-06-30 22:53:09 - [MESSAGE][INFO] - Starting 'Chrome' driver

2022-06-30 22:53:09 - [MESSAGE][INFO] - User set preference: ['acceptInsecureCerts', 'true']

2022-06-30 22:53:09 - [MESSAGE][INFO] - Action delay is set to 0 milliseconds

2022-06-30 22:53:13 - [MESSAGE][PASSED] - Browser is opened with url: 'https://qa.velocitypayment.com/admin/imtiaz'

2022-06-30 22:53:13 - [MESSAGE][PASSED] - Current window maximized

2022-06-30 22:53:14 - [MESSAGE][PASSED] - Object 'Object Repository/Login_Page/Login_Username' is present

2022-06-30 22:53:14 - [MESSAGE][PASSED] - Text 'iahmed' is set on object 'Object Repository/Login_Page/Login_Username'

2022-06-30 22:53:15 - [MESSAGE][PASSED] - Text 'hello2222' is set on object 'Object Repository/Login_Page/Login_Password'

2022-06-30 22:53:19 - [MESSAGE][PASSED] - Object: 'Object Repository/Login_Page/Login_Submit' is clicked on

2022-06-30 22:53:19 - [MESSAGE][PASSED] - adminSuiteBootstrap.loginFunctionality.login_AdminSuite is PASSED

2022-06-30 22:53:19 - [TEST_STEP][PASSED] - click(findTestObject(path_Dashboard + appName)): Object: 'Object Repository/AdminSuiteBootstrap_Pages/Dashboard_Bootstrap/a_Access AutoSingleCFtpQA' is clicked on

2022-06-30 22:53:20 - [MESSAGE][PASSED] - Object: 'Object Repository/AdminSuiteBootstrap_Pages/Dashboard_Bootstrap/a_Access AutoSingleCFtpQA' is clicked on

2022-06-30 22:53:20 - [TEST_STEP][PASSED] - click(findTestObject(path_VT + "a_Find Profile")): Object: 'Object Repository/AdminSuiteBootstrap_Pages/VT_Bootstrap/IssueTransactions/a_Find Profile' is clicked on

2022-06-30 22:53:21 - [MESSAGE][PASSED] - Object: 'Object Repository/AdminSuiteBootstrap_Pages/VT_Bootstrap/IssueTransactions/a_Find Profile' is clicked on

2022-06-30 22:53:21 - [TEST_STEP][PASSED] - criteria = <not implemented yet for class: org.codehaus.groovy.ast.expr.EmptyExpression>: null

2022-06-30 22:53:21 - [TEST_STEP][PASSED] - searchBy = <not implemented yet for class: org.codehaus.groovy.ast.expr.EmptyExpression>: null

2022-06-30 22:53:21 - [TEST_STEP][PASSED] - criteria = findTestData(dataFile).getValue("ProfileName", row): null

2022-06-30 22:53:21 - [TEST_STEP][PASSED] - path_SearchProfile = "Object Repository/AdminSuiteBootstrap_Pages/VSP_Bootstrap/SearchProfile/": null

2022-06-30 22:53:21 - [TEST_STEP][PASSED] - setText(findTestObject(path_SearchProfile + "input_Criteria"), criteria): Text 'PaymentsPS' is set on object 'Object Repository/AdminSuiteBootstrap_Pages/VSP_Bootstrap/SearchProfile/input_Criteria'

2022-06-30 22:53:22 - [MESSAGE][PASSED] - Text 'PaymentsPS' is set on object 'Object Repository/AdminSuiteBootstrap_Pages/VSP_Bootstrap/SearchProfile/input_Criteria'

2022-06-30 22:53:22 - [TEST_STEP][PASSED] - click(findTestObject(path_SearchProfile + "button_Search")): Object: 'Object Repository/AdminSuiteBootstrap_Pages/VSP_Bootstrap/SearchProfile/button_Search' is clicked on

2022-06-30 22:53:23 - [MESSAGE][PASSED] - Object: 'Object Repository/AdminSuiteBootstrap_Pages/VSP_Bootstrap/SearchProfile/button_Search' is clicked on

2022-06-30 22:53:23 - [TEST_STEP][PASSED] - profNameLink = findTestData(dataFile).getValue("ProfileNameLink", row): null

2022-06-30 22:53:23 - [TEST_STEP][PASSED] - click(findTestObject(path_ViewProfile + profNameLink)): Object: 'Object Repository/AdminSuiteBootstrap_Pages/VSP_Bootstrap/View Profile/a_PaymentsPS' is clicked on

2022-06-30 22:53:25 - [MESSAGE][PASSED] - Object: 'Object Repository/AdminSuiteBootstrap_Pages/VSP_Bootstrap/View Profile/a_PaymentsPS' is clicked on

2022-06-30 22:53:25 - [TEST_STEP][PASSED] - click(findTestObject(path_ViewProfile + "a_Debit")): Object: 'Object Repository/AdminSuiteBootstrap_Pages/VSP_Bootstrap/View Profile/a_Debit' is clicked on

2022-06-30 22:53:27 - [MESSAGE][PASSED] - Object: 'Object Repository/AdminSuiteBootstrap_Pages/VSP_Bootstrap/View Profile/a_Debit' is clicked on

2022-06-30 22:53:27 - [TEST_STEP][PASSED] - verifyTextPresent("Remittance ID", true): Text 'Remittance ID' is present on page  using regular expression

2022-06-30 22:53:27 - [MESSAGE][PASSED] - Text 'Remittance ID' is present on page  using regular expression

2022-06-30 22:53:27 - [TEST_STEP][PASSED] - vspBootstrap.ACHDebitPage.setDataACHDebit(row, dataFile): vspBootstrap.ACHDebitPage.setDataACHDebit is PASSED

2022-06-30 22:53:29 - [MESSAGE][PASSED] - All options with value 'TEL' are selected in object 'Object Repository/AdminSuiteBootstrap_Pages/VSP_Bootstrap/VSP_Debit/select_StdEntryClass'  using regular expression

2022-06-30 22:53:30 - [MESSAGE][PASSED] - Text '' is set on object 'Object Repository/AdminSuiteBootstrap_Pages/VSP_Bootstrap/VSP_Debit/input_smsNumber'

2022-06-30 22:53:30 - [MESSAGE][PASSED] - Text '2.50' is set on object 'Object Repository/AdminSuiteBootstrap_Pages/VSP_Bootstrap/VSP_Debit/input_amount'

2022-06-30 22:53:31 - [MESSAGE][PASSED] - Text 'Delhi' is set on object 'Object Repository/AdminSuiteBootstrap_Pages/VSP_Bootstrap/VSP_Debit/input_userDefined1'

2022-06-30 22:53:32 - [MESSAGE][PASSED] - Text 'Chennai' is set on object 'Object Repository/AdminSuiteBootstrap_Pages/VSP_Bootstrap/VSP_Debit/input_userDefined2'

2022-06-30 22:53:33 - [MESSAGE][PASSED] - Text 'Mumbai' is set on object 'Object Repository/AdminSuiteBootstrap_Pages/VSP_Bootstrap/VSP_Debit/input_userDefined3'

2022-06-30 22:53:33 - [MESSAGE][PASSED] - Text 'Kanpur' is set on object 'Object Repository/AdminSuiteBootstrap_Pages/VSP_Bootstrap/VSP_Debit/input_userDefined4'

2022-06-30 22:53:34 - [MESSAGE][PASSED] - All options with label 'Orange' are selected in object 'Object Repository/AdminSuiteBootstrap_Pages/VSP_Bootstrap/VSP_Debit/select_UDF5'  using regular expression

2022-06-30 22:53:35 - [MESSAGE][PASSED] - All options with label 'Yellow' are selected in object 'Object Repository/AdminSuiteBootstrap_Pages/VSP_Bootstrap/VSP_Debit/select_UDF6'  using regular expression

2022-06-30 22:53:36 - [MESSAGE][PASSED] - Text 'Kolkata' is set on object 'Object Repository/AdminSuiteBootstrap_Pages/VSP_Bootstrap/VSP_Debit/input_userDefined7'

2022-06-30 22:53:37 - [MESSAGE][PASSED] - Text 'Pune' is set on object 'Object Repository/AdminSuiteBootstrap_Pages/VSP_Bootstrap/VSP_Debit/input_userDefined8'

2022-06-30 22:53:37 - [MESSAGE][PASSED] - Text 'Bhavnagar' is set on object 'Object Repository/AdminSuiteBootstrap_Pages/VSP_Bootstrap/VSP_Debit/input_userDefined9'

2022-06-30 22:53:38 - [MESSAGE][PASSED] - Text 'Noida' is set on object 'Object Repository/AdminSuiteBootstrap_Pages/VSP_Bootstrap/VSP_Debit/input_userDefined10'

2022-06-30 22:53:40 - [MESSAGE][PASSED] - Object: 'Object Repository/AdminSuiteBootstrap_Pages/VSP_Bootstrap/VSP_Debit/button_Submit' is clicked on

2022-06-30 22:53:40 - [MESSAGE][PASSED] - vspBootstrap.ACHDebitPage.setDataACHDebit is PASSED

2022-06-30 22:53:40 - [TEST_STEP][PASSED] - verifyTextPresent("Transaction Successful", true): Text 'Transaction Successful' is present on page  using regular expression

2022-06-30 22:53:40 - [MESSAGE][PASSED] - Text 'Transaction Successful' is present on page  using regular expression

2022-06-30 22:53:40 - [TEST_STEP][PASSED] - verifyElementVisible(findTestObject("Object Repository/AdminSuiteBootstrap_Pages/VT_Bootstrap/Receipt/button_Continue")): Object 'Object Repository/AdminSuiteBootstrap_Pages/VT_Bootstrap/Receipt/button_Continue' is visible

2022-06-30 22:53:41 - [MESSAGE][PASSED] - Object 'Object Repository/AdminSuiteBootstrap_Pages/VT_Bootstrap/Receipt/button_Continue' is visible

2022-06-30 22:53:41 - [TEST_STEP][PASSED] - verifyElementPresent(findTestObject("Object Repository/AdminSuiteBootstrap_Pages/VT_Bootstrap/Receipt/button_Continue"), 20): Object 'Object Repository/AdminSuiteBootstrap_Pages/VT_Bootstrap/Receipt/button_Continue' is present

2022-06-30 22:53:41 - [MESSAGE][PASSED] - Object 'Object Repository/AdminSuiteBootstrap_Pages/VT_Bootstrap/Receipt/button_Continue' is present

2022-06-30 22:53:41 - [TEST_STEP][PASSED] - verifyElementVisible(findTestObject("Object Repository/AdminSuiteBootstrap_Pages/VT_Bootstrap/Receipt/button_Print")): Object 'Object Repository/AdminSuiteBootstrap_Pages/VT_Bootstrap/Receipt/button_Print' is visible

2022-06-30 22:53:41 - [MESSAGE][PASSED] - Object 'Object Repository/AdminSuiteBootstrap_Pages/VT_Bootstrap/Receipt/button_Print' is visible

2022-06-30 22:53:41 - [TEST_STEP][PASSED] - verifyElementPresent(findTestObject("Object Repository/AdminSuiteBootstrap_Pages/VT_Bootstrap/Receipt/button_Print"), 20): Object 'Object Repository/AdminSuiteBootstrap_Pages/VT_Bootstrap/Receipt/button_Print' is present

2022-06-30 22:53:41 - [MESSAGE][PASSED] - Object 'Object Repository/AdminSuiteBootstrap_Pages/VT_Bootstrap/Receipt/button_Print' is present

2022-06-30 22:53:41 - [TEST_STEP][PASSED] - verifyTextPresent("Remittance ID", true): Text 'Remittance ID' is present on page  using regular expression

2022-06-30 22:53:42 - [MESSAGE][PASSED] - Text 'Remittance ID' is present on page  using regular expression

2022-06-30 22:53:42 - [TEST_STEP][PASSED] - verifyTextPresent("Received", true): Text 'Received' is present on page  using regular expression

2022-06-30 22:53:42 - [MESSAGE][PASSED] - Text 'Received' is present on page  using regular expression

2022-06-30 22:53:42 - [TEST_STEP][PASSED] - verifyTextPresent("UDF1", true): Text 'UDF1' is present on page  using regular expression

2022-06-30 22:53:42 - [MESSAGE][PASSED] - Text 'UDF1' is present on page  using regular expression

2022-06-30 22:53:42 - [TEST_STEP][PASSED] - verifyTextPresent("UDF2", true): Text 'UDF2' is present on page  using regular expression

2022-06-30 22:53:43 - [MESSAGE][PASSED] - Text 'UDF2' is present on page  using regular expression

2022-06-30 22:53:43 - [TEST_STEP][PASSED] - verifyTextPresent("UDF3", true): Text 'UDF3' is present on page  using regular expression

2022-06-30 22:53:43 - [MESSAGE][PASSED] - Text 'UDF3' is present on page  using regular expression

2022-06-30 22:53:43 - [TEST_STEP][PASSED] - verifyTextPresent("UDF4", true): Text 'UDF4' is present on page  using regular expression

2022-06-30 22:53:44 - [MESSAGE][PASSED] - Text 'UDF4' is present on page  using regular expression

2022-06-30 22:53:44 - [TEST_STEP][PASSED] - verifyTextPresent("UDF5", true): Text 'UDF5' is present on page  using regular expression

2022-06-30 22:53:44 - [MESSAGE][PASSED] - Text 'UDF5' is present on page  using regular expression

2022-06-30 22:53:44 - [TEST_STEP][PASSED] - verifyTextPresent("UDF6", true): Text 'UDF6' is present on page  using regular expression

2022-06-30 22:53:44 - [MESSAGE][PASSED] - Text 'UDF6' is present on page  using regular expression

2022-06-30 22:53:44 - [TEST_STEP][PASSED] - verifyTextPresent("UDF7", true): Text 'UDF7' is present on page  using regular expression

2022-06-30 22:53:45 - [MESSAGE][PASSED] - Text 'UDF7' is present on page  using regular expression

2022-06-30 22:53:45 - [TEST_STEP][PASSED] - verifyTextPresent("UDF8", true): Text 'UDF8' is present on page  using regular expression

2022-06-30 22:53:45 - [MESSAGE][PASSED] - Text 'UDF8' is present on page  using regular expression

2022-06-30 22:53:45 - [TEST_STEP][PASSED] - verifyTextPresent("UDF9", true): Text 'UDF9' is present on page  using regular expression

2022-06-30 22:53:45 - [MESSAGE][PASSED] - Text 'UDF9' is present on page  using regular expression

2022-06-30 22:53:45 - [TEST_STEP][PASSED] - verifyTextPresent("UDF 10", true): Text 'UDF 10' is present on page  using regular expression

2022-06-30 22:53:46 - [MESSAGE][PASSED] - Text 'UDF 10' is present on page  using regular expression

2022-06-30 22:53:46 - [TEST_STEP][PASSED] - verifyTextPresent("Delhi", true): Text 'Delhi' is present on page  using regular expression

2022-06-30 22:53:46 - [MESSAGE][PASSED] - Text 'Delhi' is present on page  using regular expression

2022-06-30 22:53:46 - [TEST_STEP][PASSED] - verifyTextPresent("Chennai", true): Text 'Chennai' is present on page  using regular expression

2022-06-30 22:53:46 - [MESSAGE][PASSED] - Text 'Chennai' is present on page  using regular expression

2022-06-30 22:53:46 - [TEST_STEP][PASSED] - verifyTextPresent("Mumbai", true): Text 'Mumbai' is present on page  using regular expression

2022-06-30 22:53:46 - [MESSAGE][PASSED] - Text 'Mumbai' is present on page  using regular expression

2022-06-30 22:53:46 - [TEST_STEP][PASSED] - verifyTextPresent("Kanpur", true): Text 'Kanpur' is present on page  using regular expression

2022-06-30 22:53:47 - [MESSAGE][PASSED] - Text 'Kanpur' is present on page  using regular expression

2022-06-30 22:53:47 - [TEST_STEP][PASSED] - verifyTextPresent("Orange Recorded", true): Text 'Orange Recorded' is present on page  using regular expression

2022-06-30 22:53:47 - [MESSAGE][PASSED] - Text 'Orange Recorded' is present on page  using regular expression

2022-06-30 22:53:47 - [TEST_STEP][PASSED] - verifyTextPresent("Yellow Recorded", true): Text 'Yellow Recorded' is present on page  using regular expression

2022-06-30 22:53:47 - [MESSAGE][PASSED] - Text 'Yellow Recorded' is present on page  using regular expression

2022-06-30 22:53:47 - [TEST_STEP][PASSED] - verifyTextPresent("Kolkata", true): Text 'Kolkata' is present on page  using regular expression

2022-06-30 22:53:48 - [MESSAGE][PASSED] - Text 'Kolkata' is present on page  using regular expression

2022-06-30 22:53:48 - [TEST_STEP][PASSED] - verifyTextPresent("Pune", true): Text 'Pune' is present on page  using regular expression

2022-06-30 22:53:48 - [MESSAGE][PASSED] - Text 'Pune' is present on page  using regular expression

2022-06-30 22:53:48 - [TEST_STEP][PASSED] - verifyTextPresent("Bhavnagar", true): Text 'Bhavnagar' is present on page  using regular expression

2022-06-30 22:53:48 - [MESSAGE][PASSED] - Text 'Bhavnagar' is present on page  using regular expression

2022-06-30 22:53:48 - [TEST_STEP][PASSED] - verifyTextPresent("Noida", true): Text 'Noida' is present on page  using regular expression

2022-06-30 22:53:49 - [MESSAGE][PASSED] - Text 'Noida' is present on page  using regular expression

2022-06-30 22:53:49 - [TEST_STEP][PASSED] - verifyTextPresent("Amount", true): Text 'Amount' is present on page  using regular expression

2022-06-30 22:53:49 - [MESSAGE][PASSED] - Text 'Amount' is present on page  using regular expression

2022-06-30 22:53:49 - [TEST_STEP][PASSED] - verifyTextPresent("2.50", true): Text '2.50' is present on page  using regular expression

2022-06-30 22:53:49 - [MESSAGE][PASSED] - Text '2.50' is present on page  using regular expression

2022-06-30 22:53:49 - [TEST_STEP][PASSED] - verifyTextPresent("Transaction Type", true): Text 'Transaction Type' is present on page  using regular expression

2022-06-30 22:53:50 - [MESSAGE][PASSED] - Text 'Transaction Type' is present on page  using regular expression

2022-06-30 22:53:50 - [TEST_STEP][PASSED] - verifyTextPresent("Debit", true): Text 'Debit' is present on page  using regular expression

2022-06-30 22:53:50 - [MESSAGE][PASSED] - Text 'Debit' is present on page  using regular expression

2022-06-30 22:53:50 - [TEST_STEP][PASSED] - verifyTextPresent("Check Information", true): Text 'Check Information' is present on page  using regular expression

2022-06-30 22:53:50 - [MESSAGE][PASSED] - Text 'Check Information' is present on page  using regular expression

2022-06-30 22:53:50 - [TEST_STEP][PASSED] - verifyTextPresent("Account Type", true): Text 'Account Type' is present on page  using regular expression

2022-06-30 22:53:50 - [MESSAGE][PASSED] - Text 'Account Type' is present on page  using regular expression

2022-06-30 22:53:50 - [TEST_STEP][PASSED] - verifyTextPresent("Account Number", true): Text 'Account Number' is present on page  using regular expression

2022-06-30 22:53:51 - [MESSAGE][PASSED] - Text 'Account Number' is present on page  using regular expression

2022-06-30 22:53:51 - [TEST_STEP][PASSED] - verifyTextPresent("Routing Number", true): Text 'Routing Number' is present on page  using regular expression

2022-06-30 22:53:51 - [MESSAGE][PASSED] - Text 'Routing Number' is present on page  using regular expression

2022-06-30 22:53:51 - [TEST_STEP][PASSED] - verifyTextPresent("Address Line 1", true): Text 'Address Line 1' is present on page  using regular expression

2022-06-30 22:53:52 - [MESSAGE][PASSED] - Text 'Address Line 1' is present on page  using regular expression

2022-06-30 22:53:52 - [TEST_STEP][PASSED] - verifyTextPresent("Address Line 2", true): Text 'Address Line 2' is present on page  using regular expression

2022-06-30 22:53:52 - [MESSAGE][PASSED] - Text 'Address Line 2' is present on page  using regular expression

2022-06-30 22:53:52 - [TEST_STEP][PASSED] - verifyTextPresent("Country", true): Text 'Country' is present on page  using regular expression

2022-06-30 22:53:52 - [MESSAGE][PASSED] - Text 'Country' is present on page  using regular expression

2022-06-30 22:53:52 - [TEST_STEP][PASSED] - verifyTextPresent("City", true): Text 'City' is present on page  using regular expression

2022-06-30 22:53:53 - [MESSAGE][PASSED] - Text 'City' is present on page  using regular expression

2022-06-30 22:53:53 - [TEST_STEP][PASSED] - verifyTextPresent("State", true): Text 'State' is present on page  using regular expression

2022-06-30 22:53:53 - [MESSAGE][PASSED] - Text 'State' is present on page  using regular expression

2022-06-30 22:53:53 - [TEST_STEP][PASSED] - verifyTextPresent("ZIP Code", true): Text 'ZIP Code' is present on page  using regular expression

2022-06-30 22:53:53 - [MESSAGE][PASSED] - Text 'ZIP Code' is present on page  using regular expression

2022-06-30 22:53:53 - [TEST_STEP][PASSED] - verifyTextPresent("248 PhoolKaante road", true): Text '248 PhoolKaante road' is present on page  using regular expression

2022-06-30 22:53:54 - [MESSAGE][PASSED] - Text '248 PhoolKaante road' is present on page  using regular expression

2022-06-30 22:53:54 - [TEST_STEP][PASSED] - verifyTextPresent("Suite 678", true): Text 'Suite 678' is present on page  using regular expression

2022-06-30 22:53:54 - [MESSAGE][PASSED] - Text 'Suite 678' is present on page  using regular expression

2022-06-30 22:53:54 - [TEST_STEP][PASSED] - verifyTextPresent("United States", true): Text 'United States' is present on page  using regular expression

2022-06-30 22:53:54 - [MESSAGE][PASSED] - Text 'United States' is present on page  using regular expression

2022-06-30 22:53:54 - [TEST_STEP][PASSED] - verifyTextPresent("ARLINGTON", true): Text 'ARLINGTON' is present on page  using regular expression

2022-06-30 22:53:55 - [MESSAGE][PASSED] - Text 'ARLINGTON' is present on page  using regular expression

2022-06-30 22:53:55 - [TEST_STEP][PASSED] - verifyTextPresent("Virginia", true): Text 'Virginia' is present on page  using regular expression

2022-06-30 22:53:55 - [MESSAGE][PASSED] - Text 'Virginia' is present on page  using regular expression

2022-06-30 22:53:55 - [TEST_STEP][PASSED] - verifyTextPresent("22201", true): Text '22201' is present on page  using regular expression

2022-06-30 22:53:55 - [MESSAGE][PASSED] - Text '22201' is present on page  using regular expression

2022-06-30 22:53:55 - [TEST_STEP][PASSED] - tranType = findTestData(dataFile).getValue("TranType", row): null

2022-06-30 22:53:55 - [TEST_STEP][PASSED] - last4V = findTestData(dataFile).getValue("Last4", row): null

2022-06-30 22:53:55 - [TEST_STEP][PASSED] - verifyTextPresent(tranType, true): Text 'Savings' is present on page  using regular expression

2022-06-30 22:53:56 - [MESSAGE][PASSED] - Text 'Savings' is present on page  using regular expression

2022-06-30 22:53:56 - [TEST_STEP][PASSED] - verifyTextPresent(last4V, true): Text '3333' is present on page  using regular expression

2022-06-30 22:53:56 - [MESSAGE][PASSED] - Text '3333' is present on page  using regular expression

2022-06-30 22:53:56 - [TEST_STEP][PASSED] - if (profNameLink.equalsIgnoreCase("a_PaymentsPC")): null

2022-06-30 22:53:56 - [TEST_STEP][PASSED] - if (profNameLink.equalsIgnoreCase("a_PaymentsPS")): Text 'TANDON RAVENA' is present on page  using regular expression

2022-06-30 22:53:56 - [TEST_STEP][PASSED] - verifyTextPresent("Name on Account", true): Text 'Name on Account' is present on page  using regular expression

2022-06-30 22:53:56 - [MESSAGE][PASSED] - Text 'Name on Account' is present on page  using regular expression

2022-06-30 22:53:56 - [TEST_STEP][PASSED] - verifyTextPresent("TANDON RAVENA", true): Text 'TANDON RAVENA' is present on page  using regular expression

2022-06-30 22:53:57 - [MESSAGE][PASSED] - Text 'TANDON RAVENA' is present on page  using regular expression

2022-06-30 22:53:57 - [TEST_STEP][PASSED] - if (profNameLink.equalsIgnoreCase("a_PaymentsCorp")): null

2022-06-30 22:53:57 - [TEST_STEP][PASSED] - switch (appName): null

2022-06-30 22:53:57 - [TEST_STEP][PASSED] - case "a_Access AutoSingleCFtpQA":: null

2022-06-30 22:53:57 - [TEST_STEP][PASSED] - verifyTextPresent("5.00", true): Text '5.00' is present on page  using regular expression

2022-06-30 22:53:57 - [MESSAGE][PASSED] - Text '5.00' is present on page  using regular expression

2022-06-30 22:53:57 - [TEST_STEP][PASSED] - verifyTextPresent("Single Transaction", true): Text 'Single Transaction' is present on page  using regular expression

2022-06-30 22:53:57 - [MESSAGE][PASSED] - Text 'Single Transaction' is present on page  using regular expression

2022-06-30 22:53:57 - [TEST_STEP][PASSED] - verifyTextPresent("7.50", true): Text '7.50' is present on page  using regular expression

2022-06-30 22:53:58 - [MESSAGE][PASSED] - Text '7.50' is present on page  using regular expression

2022-06-30 22:53:58 - [TEST_STEP][PASSED] - verifyTextPresent("Total Amount", true): Text 'Total Amount' is present on page  using regular expression

2022-06-30 22:53:58 - [MESSAGE][PASSED] - Text 'Total Amount' is present on page  using regular expression

2022-06-30 22:53:58 - [TEST_STEP][PASSED] - verifyTextPresent("Transaction Type", true): Text 'Transaction Type' is present on page  using regular expression

2022-06-30 22:53:58 - [MESSAGE][PASSED] - Text 'Transaction Type' is present on page  using regular expression

2022-06-30 22:53:58 - [TEST_STEP][PASSED] - break: null

2022-06-30 22:53:58 - [TEST_STEP][PASSED] - closeBrowser(): Browser is closed

2022-06-30 22:53:59 - [MESSAGE][PASSED] - Browser is closed

2022-06-30 22:53:59 - [TEST_STEP][PASSED] - ExecuteTC = findTestData(dataFile).getValue("Execute", row): null

2022-06-30 22:53:59 - [TEST_STEP][PASSED] - out.println("Value of Execute is : " + ExecuteTC): null

2022-06-30 22:53:59 - [TEST_STEP][PASSED] - switch (executionProfile): null

2022-06-30 22:53:59 - [TEST_STEP][PASSED] - case "QAProfile":: null

2022-06-30 22:53:59 - [TEST_STEP][PASSED] - appName = findTestData(dataFile).getValue("AppNameQA", row): null

2022-06-30 22:53:59 - [TEST_STEP][PASSED] - appID = findTestData(dataFile).getValue("AppIDQA", row): null

2022-06-30 22:54:00 - [TEST_STEP][PASSED] - break: null

2022-06-30 22:54:00 - [TEST_STEP][PASSED] - if (ExecuteTC.equalsIgnoreCase("Y")): null

2022-06-30 22:54:00 - [TEST_STEP][PASSED] - out.println("Begin Record Number: " + row): null

2022-06-30 22:54:00 - [TEST_STEP][PASSED] - today = new java.util.Date(): null

2022-06-30 22:54:00 - [TEST_STEP][PASSED] - println(today): null

2022-06-30 22:54:00 - [TEST_STEP][PASSED] - datText = today: null

2022-06-30 22:54:00 - [TEST_STEP][PASSED] - adminSuiteBootstrap.loginFunctionality.login_AdminSuite(): adminSuiteBootstrap.loginFunctionality.login_AdminSuite is PASSED

2022-06-30 22:54:00 - [MESSAGE][INFO] - Starting 'Chrome' driver

2022-06-30 22:54:00 - [MESSAGE][INFO] - User set preference: ['acceptInsecureCerts', 'true']

2022-06-30 22:54:00 - [MESSAGE][INFO] - Action delay is set to 0 milliseconds

2022-06-30 22:54:03 - [MESSAGE][PASSED] - Browser is opened with url: 'https://qa.velocitypayment.com/admin/imtiaz'

2022-06-30 22:54:03 - [MESSAGE][PASSED] - Current window maximized

2022-06-30 22:54:04 - [MESSAGE][PASSED] - Object 'Object Repository/Login_Page/Login_Username' is present

2022-06-30 22:54:04 - [MESSAGE][PASSED] - Text 'iahmed' is set on object 'Object Repository/Login_Page/Login_Username'

2022-06-30 22:54:05 - [MESSAGE][PASSED] - Text 'hello2222' is set on object 'Object Repository/Login_Page/Login_Password'

2022-06-30 22:54:09 - [MESSAGE][PASSED] - Object: 'Object Repository/Login_Page/Login_Submit' is clicked on

2022-06-30 22:54:09 - [MESSAGE][PASSED] - adminSuiteBootstrap.loginFunctionality.login_AdminSuite is PASSED

2022-06-30 22:54:09 - [TEST_STEP][PASSED] - click(findTestObject(path_Dashboard + appName)): Object: 'Object Repository/AdminSuiteBootstrap_Pages/Dashboard_Bootstrap/a_Access AutoSingleCFtpQA' is clicked on

2022-06-30 22:54:10 - [MESSAGE][PASSED] - Object: 'Object Repository/AdminSuiteBootstrap_Pages/Dashboard_Bootstrap/a_Access AutoSingleCFtpQA' is clicked on

2022-06-30 22:54:10 - [TEST_STEP][PASSED] - click(findTestObject(path_VT + "a_Find Profile")): Object: 'Object Repository/AdminSuiteBootstrap_Pages/VT_Bootstrap/IssueTransactions/a_Find Profile' is clicked on

2022-06-30 22:54:11 - [MESSAGE][PASSED] - Object: 'Object Repository/AdminSuiteBootstrap_Pages/VT_Bootstrap/IssueTransactions/a_Find Profile' is clicked on

2022-06-30 22:54:11 - [TEST_STEP][PASSED] - criteria = <not implemented yet for class: org.codehaus.groovy.ast.expr.EmptyExpression>: null

2022-06-30 22:54:11 - [TEST_STEP][PASSED] - searchBy = <not implemented yet for class: org.codehaus.groovy.ast.expr.EmptyExpression>: null

2022-06-30 22:54:11 - [TEST_STEP][PASSED] - criteria = findTestData(dataFile).getValue("ProfileName", row): null

2022-06-30 22:54:11 - [TEST_STEP][PASSED] - path_SearchProfile = "Object Repository/AdminSuiteBootstrap_Pages/VSP_Bootstrap/SearchProfile/": null

2022-06-30 22:54:11 - [TEST_STEP][PASSED] - setText(findTestObject(path_SearchProfile + "input_Criteria"), criteria): Text 'PaymentsCorp' is set on object 'Object Repository/AdminSuiteBootstrap_Pages/VSP_Bootstrap/SearchProfile/input_Criteria'

2022-06-30 22:54:12 - [MESSAGE][PASSED] - Text 'PaymentsCorp' is set on object 'Object Repository/AdminSuiteBootstrap_Pages/VSP_Bootstrap/SearchProfile/input_Criteria'

2022-06-30 22:54:12 - [TEST_STEP][PASSED] - click(findTestObject(path_SearchProfile + "button_Search")): Object: 'Object Repository/AdminSuiteBootstrap_Pages/VSP_Bootstrap/SearchProfile/button_Search' is clicked on

2022-06-30 22:54:13 - [MESSAGE][PASSED] - Object: 'Object Repository/AdminSuiteBootstrap_Pages/VSP_Bootstrap/SearchProfile/button_Search' is clicked on

2022-06-30 22:54:13 - [TEST_STEP][PASSED] - profNameLink = findTestData(dataFile).getValue("ProfileNameLink", row): null

2022-06-30 22:54:13 - [TEST_STEP][PASSED] - click(findTestObject(path_ViewProfile + profNameLink)): Object: 'Object Repository/AdminSuiteBootstrap_Pages/VSP_Bootstrap/View Profile/a_PaymentsCorp' is clicked on

2022-06-30 22:54:15 - [MESSAGE][PASSED] - Object: 'Object Repository/AdminSuiteBootstrap_Pages/VSP_Bootstrap/View Profile/a_PaymentsCorp' is clicked on

2022-06-30 22:54:15 - [TEST_STEP][PASSED] - click(findTestObject(path_ViewProfile + "a_Debit")): Object: 'Object Repository/AdminSuiteBootstrap_Pages/VSP_Bootstrap/View Profile/a_Debit' is clicked on

2022-06-30 22:54:19 - [MESSAGE][PASSED] - Object: 'Object Repository/AdminSuiteBootstrap_Pages/VSP_Bootstrap/View Profile/a_Debit' is clicked on

2022-06-30 22:54:19 - [TEST_STEP][PASSED] - verifyTextPresent("Remittance ID", true): Text 'Remittance ID' is present on page  using regular expression

2022-06-30 22:54:19 - [MESSAGE][PASSED] - Text 'Remittance ID' is present on page  using regular expression

2022-06-30 22:54:19 - [TEST_STEP][PASSED] - vspBootstrap.ACHDebitPage.setDataACHDebit(row, dataFile): vspBootstrap.ACHDebitPage.setDataACHDebit is PASSED

2022-06-30 22:54:21 - [MESSAGE][PASSED] - All options with value 'CCD' are selected in object 'Object Repository/AdminSuiteBootstrap_Pages/VSP_Bootstrap/VSP_Debit/select_StdEntryClass'  using regular expression

2022-06-30 22:54:21 - [MESSAGE][PASSED] - Text '' is set on object 'Object Repository/AdminSuiteBootstrap_Pages/VSP_Bootstrap/VSP_Debit/input_smsNumber'

2022-06-30 22:54:22 - [MESSAGE][PASSED] - Text '2.50' is set on object 'Object Repository/AdminSuiteBootstrap_Pages/VSP_Bootstrap/VSP_Debit/input_amount'

2022-06-30 22:54:23 - [MESSAGE][PASSED] - Text '123456789' is set on object 'Object Repository/AdminSuiteBootstrap_Pages/VSP_Bootstrap/VSP_Debit/input_ein'

2022-06-30 22:54:24 - [MESSAGE][PASSED] - Text 'Delhi' is set on object 'Object Repository/AdminSuiteBootstrap_Pages/VSP_Bootstrap/VSP_Debit/input_userDefined1'

2022-06-30 22:54:25 - [MESSAGE][PASSED] - Text 'Chennai' is set on object 'Object Repository/AdminSuiteBootstrap_Pages/VSP_Bootstrap/VSP_Debit/input_userDefined2'

2022-06-30 22:54:25 - [MESSAGE][PASSED] - Text 'Mumbai' is set on object 'Object Repository/AdminSuiteBootstrap_Pages/VSP_Bootstrap/VSP_Debit/input_userDefined3'

2022-06-30 22:54:26 - [MESSAGE][PASSED] - Text 'Kanpur' is set on object 'Object Repository/AdminSuiteBootstrap_Pages/VSP_Bootstrap/VSP_Debit/input_userDefined4'

2022-06-30 22:54:27 - [MESSAGE][PASSED] - All options with label 'Orange' are selected in object 'Object Repository/AdminSuiteBootstrap_Pages/VSP_Bootstrap/VSP_Debit/select_UDF5'  using regular expression

2022-06-30 22:54:27 - [MESSAGE][PASSED] - All options with label 'Yellow' are selected in object 'Object Repository/AdminSuiteBootstrap_Pages/VSP_Bootstrap/VSP_Debit/select_UDF6'  using regular expression

2022-06-30 22:54:28 - [MESSAGE][PASSED] - Text 'Kolkata' is set on object 'Object Repository/AdminSuiteBootstrap_Pages/VSP_Bootstrap/VSP_Debit/input_userDefined7'

2022-06-30 22:54:29 - [MESSAGE][PASSED] - Text 'Pune' is set on object 'Object Repository/AdminSuiteBootstrap_Pages/VSP_Bootstrap/VSP_Debit/input_userDefined8'

2022-06-30 22:54:29 - [MESSAGE][PASSED] - Text 'Bhavnagar' is set on object 'Object Repository/AdminSuiteBootstrap_Pages/VSP_Bootstrap/VSP_Debit/input_userDefined9'

2022-06-30 22:54:30 - [MESSAGE][PASSED] - Text 'Noida' is set on object 'Object Repository/AdminSuiteBootstrap_Pages/VSP_Bootstrap/VSP_Debit/input_userDefined10'

2022-06-30 22:54:32 - [MESSAGE][PASSED] - Object: 'Object Repository/AdminSuiteBootstrap_Pages/VSP_Bootstrap/VSP_Debit/button_Submit' is clicked on

2022-06-30 22:54:32 - [MESSAGE][PASSED] - vspBootstrap.ACHDebitPage.setDataACHDebit is PASSED

2022-06-30 22:54:32 - [TEST_STEP][PASSED] - verifyTextPresent("Transaction Successful", true): Text 'Transaction Successful' is present on page  using regular expression

2022-06-30 22:54:32 - [MESSAGE][PASSED] - Text 'Transaction Successful' is present on page  using regular expression

2022-06-30 22:54:32 - [TEST_STEP][PASSED] - verifyElementVisible(findTestObject("Object Repository/AdminSuiteBootstrap_Pages/VT_Bootstrap/Receipt/button_Continue")): Object 'Object Repository/AdminSuiteBootstrap_Pages/VT_Bootstrap/Receipt/button_Continue' is visible

2022-06-30 22:54:32 - [MESSAGE][PASSED] - Object 'Object Repository/AdminSuiteBootstrap_Pages/VT_Bootstrap/Receipt/button_Continue' is visible

2022-06-30 22:54:32 - [TEST_STEP][PASSED] - verifyElementPresent(findTestObject("Object Repository/AdminSuiteBootstrap_Pages/VT_Bootstrap/Receipt/button_Continue"), 20): Object 'Object Repository/AdminSuiteBootstrap_Pages/VT_Bootstrap/Receipt/button_Continue' is present

2022-06-30 22:54:33 - [MESSAGE][PASSED] - Object 'Object Repository/AdminSuiteBootstrap_Pages/VT_Bootstrap/Receipt/button_Continue' is present

2022-06-30 22:54:33 - [TEST_STEP][PASSED] - verifyElementVisible(findTestObject("Object Repository/AdminSuiteBootstrap_Pages/VT_Bootstrap/Receipt/button_Print")): Object 'Object Repository/AdminSuiteBootstrap_Pages/VT_Bootstrap/Receipt/button_Print' is visible

2022-06-30 22:54:33 - [MESSAGE][PASSED] - Object 'Object Repository/AdminSuiteBootstrap_Pages/VT_Bootstrap/Receipt/button_Print' is visible

2022-06-30 22:54:33 - [TEST_STEP][PASSED] - verifyElementPresent(findTestObject("Object Repository/AdminSuiteBootstrap_Pages/VT_Bootstrap/Receipt/button_Print"), 20): Object 'Object Repository/AdminSuiteBootstrap_Pages/VT_Bootstrap/Receipt/button_Print' is present

2022-06-30 22:54:33 - [MESSAGE][PASSED] - Object 'Object Repository/AdminSuiteBootstrap_Pages/VT_Bootstrap/Receipt/button_Print' is present

2022-06-30 22:54:33 - [TEST_STEP][PASSED] - verifyTextPresent("Remittance ID", true): Text 'Remittance ID' is present on page  using regular expression

2022-06-30 22:54:34 - [MESSAGE][PASSED] - Text 'Remittance ID' is present on page  using regular expression

2022-06-30 22:54:34 - [TEST_STEP][PASSED] - verifyTextPresent("Received", true): Text 'Received' is present on page  using regular expression

2022-06-30 22:54:34 - [MESSAGE][PASSED] - Text 'Received' is present on page  using regular expression

2022-06-30 22:54:34 - [TEST_STEP][PASSED] - verifyTextPresent("UDF1", true): Text 'UDF1' is present on page  using regular expression

2022-06-30 22:54:34 - [MESSAGE][PASSED] - Text 'UDF1' is present on page  using regular expression

2022-06-30 22:54:34 - [TEST_STEP][PASSED] - verifyTextPresent("UDF2", true): Text 'UDF2' is present on page  using regular expression

2022-06-30 22:54:35 - [MESSAGE][PASSED] - Text 'UDF2' is present on page  using regular expression

2022-06-30 22:54:35 - [TEST_STEP][PASSED] - verifyTextPresent("UDF3", true): Text 'UDF3' is present on page  using regular expression

2022-06-30 22:54:35 - [MESSAGE][PASSED] - Text 'UDF3' is present on page  using regular expression

2022-06-30 22:54:35 - [TEST_STEP][PASSED] - verifyTextPresent("UDF4", true): Text 'UDF4' is present on page  using regular expression

2022-06-30 22:54:35 - [MESSAGE][PASSED] - Text 'UDF4' is present on page  using regular expression

2022-06-30 22:54:35 - [TEST_STEP][PASSED] - verifyTextPresent("UDF5", true): Text 'UDF5' is present on page  using regular expression

2022-06-30 22:54:36 - [MESSAGE][PASSED] - Text 'UDF5' is present on page  using regular expression

2022-06-30 22:54:36 - [TEST_STEP][PASSED] - verifyTextPresent("UDF6", true): Text 'UDF6' is present on page  using regular expression

2022-06-30 22:54:36 - [MESSAGE][PASSED] - Text 'UDF6' is present on page  using regular expression

2022-06-30 22:54:36 - [TEST_STEP][PASSED] - verifyTextPresent("UDF7", true): Text 'UDF7' is present on page  using regular expression

2022-06-30 22:54:36 - [MESSAGE][PASSED] - Text 'UDF7' is present on page  using regular expression

2022-06-30 22:54:36 - [TEST_STEP][PASSED] - verifyTextPresent("UDF8", true): Text 'UDF8' is present on page  using regular expression

2022-06-30 22:54:36 - [MESSAGE][PASSED] - Text 'UDF8' is present on page  using regular expression

2022-06-30 22:54:36 - [TEST_STEP][PASSED] - verifyTextPresent("UDF9", true): Text 'UDF9' is present on page  using regular expression

2022-06-30 22:54:37 - [MESSAGE][PASSED] - Text 'UDF9' is present on page  using regular expression

2022-06-30 22:54:37 - [TEST_STEP][PASSED] - verifyTextPresent("UDF 10", true): Text 'UDF 10' is present on page  using regular expression

2022-06-30 22:54:37 - [MESSAGE][PASSED] - Text 'UDF 10' is present on page  using regular expression

2022-06-30 22:54:37 - [TEST_STEP][PASSED] - verifyTextPresent("Delhi", true): Text 'Delhi' is present on page  using regular expression

2022-06-30 22:54:37 - [MESSAGE][PASSED] - Text 'Delhi' is present on page  using regular expression

2022-06-30 22:54:37 - [TEST_STEP][PASSED] - verifyTextPresent("Chennai", true): Text 'Chennai' is present on page  using regular expression

2022-06-30 22:54:38 - [MESSAGE][PASSED] - Text 'Chennai' is present on page  using regular expression

2022-06-30 22:54:38 - [TEST_STEP][PASSED] - verifyTextPresent("Mumbai", true): Text 'Mumbai' is present on page  using regular expression

2022-06-30 22:54:38 - [MESSAGE][PASSED] - Text 'Mumbai' is present on page  using regular expression

2022-06-30 22:54:38 - [TEST_STEP][PASSED] - verifyTextPresent("Kanpur", true): Text 'Kanpur' is present on page  using regular expression

2022-06-30 22:54:38 - [MESSAGE][PASSED] - Text 'Kanpur' is present on page  using regular expression

2022-06-30 22:54:38 - [TEST_STEP][PASSED] - verifyTextPresent("Orange Recorded", true): Text 'Orange Recorded' is present on page  using regular expression

2022-06-30 22:54:39 - [MESSAGE][PASSED] - Text 'Orange Recorded' is present on page  using regular expression

2022-06-30 22:54:39 - [TEST_STEP][PASSED] - verifyTextPresent("Yellow Recorded", true): Text 'Yellow Recorded' is present on page  using regular expression

2022-06-30 22:54:39 - [MESSAGE][PASSED] - Text 'Yellow Recorded' is present on page  using regular expression

2022-06-30 22:54:39 - [TEST_STEP][PASSED] - verifyTextPresent("Kolkata", true): Text 'Kolkata' is present on page  using regular expression

2022-06-30 22:54:39 - [MESSAGE][PASSED] - Text 'Kolkata' is present on page  using regular expression

2022-06-30 22:54:39 - [TEST_STEP][PASSED] - verifyTextPresent("Pune", true): Text 'Pune' is present on page  using regular expression

2022-06-30 22:54:40 - [MESSAGE][PASSED] - Text 'Pune' is present on page  using regular expression

2022-06-30 22:54:40 - [TEST_STEP][PASSED] - verifyTextPresent("Bhavnagar", true): Text 'Bhavnagar' is present on page  using regular expression

2022-06-30 22:54:40 - [MESSAGE][PASSED] - Text 'Bhavnagar' is present on page  using regular expression

2022-06-30 22:54:40 - [TEST_STEP][PASSED] - verifyTextPresent("Noida", true): Text 'Noida' is present on page  using regular expression

2022-06-30 22:54:40 - [MESSAGE][PASSED] - Text 'Noida' is present on page  using regular expression

2022-06-30 22:54:40 - [TEST_STEP][PASSED] - verifyTextPresent("Amount", true): Text 'Amount' is present on page  using regular expression

2022-06-30 22:54:41 - [MESSAGE][PASSED] - Text 'Amount' is present on page  using regular expression

2022-06-30 22:54:41 - [TEST_STEP][PASSED] - verifyTextPresent("2.50", true): Text '2.50' is present on page  using regular expression

2022-06-30 22:54:41 - [MESSAGE][PASSED] - Text '2.50' is present on page  using regular expression

2022-06-30 22:54:41 - [TEST_STEP][PASSED] - verifyTextPresent("Transaction Type", true): Text 'Transaction Type' is present on page  using regular expression

2022-06-30 22:54:41 - [MESSAGE][PASSED] - Text 'Transaction Type' is present on page  using regular expression

2022-06-30 22:54:41 - [TEST_STEP][PASSED] - verifyTextPresent("Debit", true): Text 'Debit' is present on page  using regular expression

2022-06-30 22:54:42 - [MESSAGE][PASSED] - Text 'Debit' is present on page  using regular expression

2022-06-30 22:54:42 - [TEST_STEP][PASSED] - verifyTextPresent("Check Information", true): Text 'Check Information' is present on page  using regular expression

2022-06-30 22:54:42 - [MESSAGE][PASSED] - Text 'Check Information' is present on page  using regular expression

2022-06-30 22:54:42 - [TEST_STEP][PASSED] - verifyTextPresent("Account Type", true): Text 'Account Type' is present on page  using regular expression

2022-06-30 22:54:42 - [MESSAGE][PASSED] - Text 'Account Type' is present on page  using regular expression

2022-06-30 22:54:42 - [TEST_STEP][PASSED] - verifyTextPresent("Account Number", true): Text 'Account Number' is present on page  using regular expression

2022-06-30 22:54:43 - [MESSAGE][PASSED] - Text 'Account Number' is present on page  using regular expression

2022-06-30 22:54:43 - [TEST_STEP][PASSED] - verifyTextPresent("Routing Number", true): Text 'Routing Number' is present on page  using regular expression

2022-06-30 22:54:43 - [MESSAGE][PASSED] - Text 'Routing Number' is present on page  using regular expression

2022-06-30 22:54:43 - [TEST_STEP][PASSED] - verifyTextPresent("Address Line 1", true): Text 'Address Line 1' is present on page  using regular expression

2022-06-30 22:54:43 - [MESSAGE][PASSED] - Text 'Address Line 1' is present on page  using regular expression

2022-06-30 22:54:43 - [TEST_STEP][PASSED] - verifyTextPresent("Address Line 2", true): Text 'Address Line 2' is present on page  using regular expression

2022-06-30 22:54:44 - [MESSAGE][PASSED] - Text 'Address Line 2' is present on page  using regular expression

2022-06-30 22:54:44 - [TEST_STEP][PASSED] - verifyTextPresent("Country", true): Text 'Country' is present on page  using regular expression

2022-06-30 22:54:44 - [MESSAGE][PASSED] - Text 'Country' is present on page  using regular expression

2022-06-30 22:54:44 - [TEST_STEP][PASSED] - verifyTextPresent("City", true): Text 'City' is present on page  using regular expression

2022-06-30 22:54:44 - [MESSAGE][PASSED] - Text 'City' is present on page  using regular expression

2022-06-30 22:54:44 - [TEST_STEP][PASSED] - verifyTextPresent("State", true): Text 'State' is present on page  using regular expression

2022-06-30 22:54:45 - [MESSAGE][PASSED] - Text 'State' is present on page  using regular expression

2022-06-30 22:54:45 - [TEST_STEP][PASSED] - verifyTextPresent("ZIP Code", true): Text 'ZIP Code' is present on page  using regular expression

2022-06-30 22:54:45 - [MESSAGE][PASSED] - Text 'ZIP Code' is present on page  using regular expression

2022-06-30 22:54:45 - [TEST_STEP][PASSED] - verifyTextPresent("248 PhoolKaante road", true): Text '248 PhoolKaante road' is present on page  using regular expression

2022-06-30 22:54:45 - [MESSAGE][PASSED] - Text '248 PhoolKaante road' is present on page  using regular expression

2022-06-30 22:54:45 - [TEST_STEP][PASSED] - verifyTextPresent("Suite 678", true): Text 'Suite 678' is present on page  using regular expression

2022-06-30 22:54:46 - [MESSAGE][PASSED] - Text 'Suite 678' is present on page  using regular expression

2022-06-30 22:54:46 - [TEST_STEP][PASSED] - verifyTextPresent("United States", true): Text 'United States' is present on page  using regular expression

2022-06-30 22:54:46 - [MESSAGE][PASSED] - Text 'United States' is present on page  using regular expression

2022-06-30 22:54:46 - [TEST_STEP][PASSED] - verifyTextPresent("ARLINGTON", true): Text 'ARLINGTON' is present on page  using regular expression

2022-06-30 22:54:46 - [MESSAGE][PASSED] - Text 'ARLINGTON' is present on page  using regular expression

2022-06-30 22:54:46 - [TEST_STEP][PASSED] - verifyTextPresent("Virginia", true): Text 'Virginia' is present on page  using regular expression

2022-06-30 22:54:47 - [MESSAGE][PASSED] - Text 'Virginia' is present on page  using regular expression

2022-06-30 22:54:47 - [TEST_STEP][PASSED] - verifyTextPresent("22201", true): Text '22201' is present on page  using regular expression

2022-06-30 22:54:47 - [MESSAGE][PASSED] - Text '22201' is present on page  using regular expression

2022-06-30 22:54:47 - [TEST_STEP][PASSED] - tranType = findTestData(dataFile).getValue("TranType", row): null

2022-06-30 22:54:47 - [TEST_STEP][PASSED] - last4V = findTestData(dataFile).getValue("Last4", row): null

2022-06-30 22:54:47 - [TEST_STEP][PASSED] - verifyTextPresent(tranType, true): Text 'Checking' is present on page  using regular expression

2022-06-30 22:54:47 - [MESSAGE][PASSED] - Text 'Checking' is present on page  using regular expression

2022-06-30 22:54:47 - [TEST_STEP][PASSED] - verifyTextPresent(last4V, true): Text '4444' is present on page  using regular expression

2022-06-30 22:54:48 - [MESSAGE][PASSED] - Text '4444' is present on page  using regular expression

2022-06-30 22:54:48 - [TEST_STEP][PASSED] - if (profNameLink.equalsIgnoreCase("a_PaymentsPC")): null

2022-06-30 22:54:48 - [TEST_STEP][PASSED] - if (profNameLink.equalsIgnoreCase("a_PaymentsPS")): null

2022-06-30 22:54:48 - [TEST_STEP][PASSED] - if (profNameLink.equalsIgnoreCase("a_PaymentsCorp")): Text '123456789' is present on page  using regular expression

2022-06-30 22:54:48 - [TEST_STEP][PASSED] - verifyTextPresent("Employer Identification Number", true): Text 'Employer Identification Number' is present on page  using regular expression

2022-06-30 22:54:48 - [MESSAGE][PASSED] - Text 'Employer Identification Number' is present on page  using regular expression

2022-06-30 22:54:48 - [TEST_STEP][PASSED] - verifyTextPresent("EIN", true): Text 'EIN' is present on page  using regular expression

2022-06-30 22:54:48 - [MESSAGE][PASSED] - Text 'EIN' is present on page  using regular expression

2022-06-30 22:54:48 - [TEST_STEP][PASSED] - verifyTextPresent("123456789", true): Text '123456789' is present on page  using regular expression

2022-06-30 22:54:49 - [MESSAGE][PASSED] - Text '123456789' is present on page  using regular expression

2022-06-30 22:54:49 - [TEST_STEP][PASSED] - switch (appName): null

2022-06-30 22:54:49 - [TEST_STEP][PASSED] - case "a_Access AutoSingleCFtpQA":: null

2022-06-30 22:54:49 - [TEST_STEP][PASSED] - verifyTextPresent("5.00", true): Text '5.00' is present on page  using regular expression

2022-06-30 22:54:49 - [MESSAGE][PASSED] - Text '5.00' is present on page  using regular expression

2022-06-30 22:54:49 - [TEST_STEP][PASSED] - verifyTextPresent("Single Transaction", true): Text 'Single Transaction' is present on page  using regular expression

2022-06-30 22:54:50 - [MESSAGE][PASSED] - Text 'Single Transaction' is present on page  using regular expression

2022-06-30 22:54:50 - [TEST_STEP][PASSED] - verifyTextPresent("7.50", true): Text '7.50' is present on page  using regular expression

2022-06-30 22:54:50 - [MESSAGE][PASSED] - Text '7.50' is present on page  using regular expression

2022-06-30 22:54:50 - [TEST_STEP][PASSED] - verifyTextPresent("Total Amount", true): Text 'Total Amount' is present on page  using regular expression

2022-06-30 22:54:50 - [MESSAGE][PASSED] - Text 'Total Amount' is present on page  using regular expression

2022-06-30 22:54:50 - [TEST_STEP][PASSED] - verifyTextPresent("Transaction Type", true): Text 'Transaction Type' is present on page  using regular expression

2022-06-30 22:54:50 - [MESSAGE][PASSED] - Text 'Transaction Type' is present on page  using regular expression

2022-06-30 22:54:50 - [TEST_STEP][PASSED] - break: null

2022-06-30 22:54:50 - [TEST_STEP][PASSED] - closeBrowser(): Browser is closed

2022-06-30 22:54:51 - [MESSAGE][PASSED] - Browser is closed

2022-06-30 22:54:51 - [TEST_STEP][PASSED] - ExecuteTC = findTestData(dataFile).getValue("Execute", row): null

2022-06-30 22:54:51 - [TEST_STEP][PASSED] - out.println("Value of Execute is : " + ExecuteTC): null

2022-06-30 22:54:51 - [TEST_STEP][PASSED] - switch (executionProfile): null

2022-06-30 22:54:51 - [TEST_STEP][PASSED] - case "QAProfile":: null

2022-06-30 22:54:51 - [TEST_STEP][PASSED] - appName = findTestData(dataFile).getValue("AppNameQA", row): null

2022-06-30 22:54:51 - [TEST_STEP][PASSED] - appID = findTestData(dataFile).getValue("AppIDQA", row): null

2022-06-30 22:54:51 - [TEST_STEP][PASSED] - break: null

2022-06-30 22:54:51 - [TEST_STEP][PASSED] - if (ExecuteTC.equalsIgnoreCase("Y")): null

2022-06-30 22:54:51 - [TEST_STEP][PASSED] - out.println("Begin Record Number: " + row): null

2022-06-30 22:54:51 - [TEST_STEP][PASSED] - today = new java.util.Date(): null

2022-06-30 22:54:51 - [TEST_STEP][PASSED] - println(today): null

2022-06-30 22:54:51 - [TEST_STEP][PASSED] - datText = today: null

2022-06-30 22:54:51 - [TEST_STEP][PASSED] - adminSuiteBootstrap.loginFunctionality.login_AdminSuite(): adminSuiteBootstrap.loginFunctionality.login_AdminSuite is PASSED

2022-06-30 22:54:52 - [MESSAGE][INFO] - Starting 'Chrome' driver

2022-06-30 22:54:52 - [MESSAGE][INFO] - User set preference: ['acceptInsecureCerts', 'true']

2022-06-30 22:54:52 - [MESSAGE][INFO] - Action delay is set to 0 milliseconds

2022-06-30 22:54:55 - [MESSAGE][PASSED] - Browser is opened with url: 'https://qa.velocitypayment.com/admin/imtiaz'

2022-06-30 22:54:55 - [MESSAGE][PASSED] - Current window maximized

2022-06-30 22:54:55 - [MESSAGE][PASSED] - Object 'Object Repository/Login_Page/Login_Username' is present

2022-06-30 22:54:56 - [MESSAGE][PASSED] - Text 'iahmed' is set on object 'Object Repository/Login_Page/Login_Username'

2022-06-30 22:54:57 - [MESSAGE][PASSED] - Text 'hello2222' is set on object 'Object Repository/Login_Page/Login_Password'

2022-06-30 22:55:01 - [MESSAGE][PASSED] - Object: 'Object Repository/Login_Page/Login_Submit' is clicked on

2022-06-30 22:55:01 - [MESSAGE][PASSED] - adminSuiteBootstrap.loginFunctionality.login_AdminSuite is PASSED

2022-06-30 22:55:01 - [TEST_STEP][PASSED] - click(findTestObject(path_Dashboard + appName)): Object: 'Object Repository/AdminSuiteBootstrap_Pages/Dashboard_Bootstrap/a_Access AutoDualCFtpQA' is clicked on

2022-06-30 22:55:02 - [MESSAGE][PASSED] - Object: 'Object Repository/AdminSuiteBootstrap_Pages/Dashboard_Bootstrap/a_Access AutoDualCFtpQA' is clicked on

2022-06-30 22:55:02 - [TEST_STEP][PASSED] - click(findTestObject(path_VT + "a_Find Profile")): Object: 'Object Repository/AdminSuiteBootstrap_Pages/VT_Bootstrap/IssueTransactions/a_Find Profile' is clicked on

2022-06-30 22:55:03 - [MESSAGE][PASSED] - Object: 'Object Repository/AdminSuiteBootstrap_Pages/VT_Bootstrap/IssueTransactions/a_Find Profile' is clicked on

2022-06-30 22:55:03 - [TEST_STEP][PASSED] - criteria = <not implemented yet for class: org.codehaus.groovy.ast.expr.EmptyExpression>: null

2022-06-30 22:55:03 - [TEST_STEP][PASSED] - searchBy = <not implemented yet for class: org.codehaus.groovy.ast.expr.EmptyExpression>: null

2022-06-30 22:55:03 - [TEST_STEP][PASSED] - criteria = findTestData(dataFile).getValue("ProfileName", row): null

2022-06-30 22:55:03 - [TEST_STEP][PASSED] - path_SearchProfile = "Object Repository/AdminSuiteBootstrap_Pages/VSP_Bootstrap/SearchProfile/": null

2022-06-30 22:55:03 - [TEST_STEP][PASSED] - setText(findTestObject(path_SearchProfile + "input_Criteria"), criteria): Text 'PaymentsPC' is set on object 'Object Repository/AdminSuiteBootstrap_Pages/VSP_Bootstrap/SearchProfile/input_Criteria'

2022-06-30 22:55:03 - [MESSAGE][PASSED] - Text 'PaymentsPC' is set on object 'Object Repository/AdminSuiteBootstrap_Pages/VSP_Bootstrap/SearchProfile/input_Criteria'

2022-06-30 22:55:03 - [TEST_STEP][PASSED] - click(findTestObject(path_SearchProfile + "button_Search")): Object: 'Object Repository/AdminSuiteBootstrap_Pages/VSP_Bootstrap/SearchProfile/button_Search' is clicked on

2022-06-30 22:55:05 - [MESSAGE][PASSED] - Object: 'Object Repository/AdminSuiteBootstrap_Pages/VSP_Bootstrap/SearchProfile/button_Search' is clicked on

2022-06-30 22:55:05 - [TEST_STEP][PASSED] - profNameLink = findTestData(dataFile).getValue("ProfileNameLink", row): null

2022-06-30 22:55:05 - [TEST_STEP][PASSED] - click(findTestObject(path_ViewProfile + profNameLink)): Object: 'Object Repository/AdminSuiteBootstrap_Pages/VSP_Bootstrap/View Profile/a_PaymentsPC' is clicked on

2022-06-30 22:55:07 - [MESSAGE][PASSED] - Object: 'Object Repository/AdminSuiteBootstrap_Pages/VSP_Bootstrap/View Profile/a_PaymentsPC' is clicked on

2022-06-30 22:55:07 - [TEST_STEP][PASSED] - click(findTestObject(path_ViewProfile + "a_Debit")): Object: 'Object Repository/AdminSuiteBootstrap_Pages/VSP_Bootstrap/View Profile/a_Debit' is clicked on

2022-06-30 22:55:09 - [MESSAGE][PASSED] - Object: 'Object Repository/AdminSuiteBootstrap_Pages/VSP_Bootstrap/View Profile/a_Debit' is clicked on

2022-06-30 22:55:09 - [TEST_STEP][PASSED] - verifyTextPresent("Remittance ID", true): Text 'Remittance ID' is present on page  using regular expression

2022-06-30 22:55:10 - [MESSAGE][PASSED] - Text 'Remittance ID' is present on page  using regular expression

2022-06-30 22:55:10 - [TEST_STEP][PASSED] - vspBootstrap.ACHDebitPage.setDataACHDebit(row, dataFile): vspBootstrap.ACHDebitPage.setDataACHDebit is PASSED

2022-06-30 22:55:11 - [MESSAGE][PASSED] - All options with value 'PPD' are selected in object 'Object Repository/AdminSuiteBootstrap_Pages/VSP_Bootstrap/VSP_Debit/select_StdEntryClass'  using regular expression

2022-06-30 22:55:12 - [MESSAGE][PASSED] - Text '' is set on object 'Object Repository/AdminSuiteBootstrap_Pages/VSP_Bootstrap/VSP_Debit/input_smsNumber'

2022-06-30 22:55:13 - [MESSAGE][PASSED] - Text '2.50' is set on object 'Object Repository/AdminSuiteBootstrap_Pages/VSP_Bootstrap/VSP_Debit/input_amount'

2022-06-30 22:55:14 - [MESSAGE][PASSED] - Text 'Delhi' is set on object 'Object Repository/AdminSuiteBootstrap_Pages/VSP_Bootstrap/VSP_Debit/input_userDefined1'

2022-06-30 22:55:15 - [MESSAGE][PASSED] - Text 'Chennai' is set on object 'Object Repository/AdminSuiteBootstrap_Pages/VSP_Bootstrap/VSP_Debit/input_userDefined2'

2022-06-30 22:55:16 - [MESSAGE][PASSED] - Text 'Mumbai' is set on object 'Object Repository/AdminSuiteBootstrap_Pages/VSP_Bootstrap/VSP_Debit/input_userDefined3'

2022-06-30 22:55:16 - [MESSAGE][PASSED] - Text 'Kanpur' is set on object 'Object Repository/AdminSuiteBootstrap_Pages/VSP_Bootstrap/VSP_Debit/input_userDefined4'

2022-06-30 22:55:17 - [MESSAGE][PASSED] - All options with label 'Orange' are selected in object 'Object Repository/AdminSuiteBootstrap_Pages/VSP_Bootstrap/VSP_Debit/select_UDF5'  using regular expression

2022-06-30 22:55:18 - [MESSAGE][PASSED] - All options with label 'Yellow' are selected in object 'Object Repository/AdminSuiteBootstrap_Pages/VSP_Bootstrap/VSP_Debit/select_UDF6'  using regular expression

2022-06-30 22:55:19 - [MESSAGE][PASSED] - Text 'Kolkata' is set on object 'Object Repository/AdminSuiteBootstrap_Pages/VSP_Bootstrap/VSP_Debit/input_userDefined7'

2022-06-30 22:55:19 - [MESSAGE][PASSED] - Text 'Pune' is set on object 'Object Repository/AdminSuiteBootstrap_Pages/VSP_Bootstrap/VSP_Debit/input_userDefined8'

2022-06-30 22:55:20 - [MESSAGE][PASSED] - Text 'Bhavnagar' is set on object 'Object Repository/AdminSuiteBootstrap_Pages/VSP_Bootstrap/VSP_Debit/input_userDefined9'

2022-06-30 22:55:20 - [MESSAGE][PASSED] - Text 'Noida' is set on object 'Object Repository/AdminSuiteBootstrap_Pages/VSP_Bootstrap/VSP_Debit/input_userDefined10'

2022-06-30 22:55:22 - [MESSAGE][PASSED] - Object: 'Object Repository/AdminSuiteBootstrap_Pages/VSP_Bootstrap/VSP_Debit/button_Submit' is clicked on

2022-06-30 22:55:22 - [MESSAGE][PASSED] - vspBootstrap.ACHDebitPage.setDataACHDebit is PASSED

2022-06-30 22:55:22 - [TEST_STEP][PASSED] - verifyTextPresent("Transaction Successful", true): Text 'Transaction Successful' is present on page  using regular expression

2022-06-30 22:55:22 - [MESSAGE][PASSED] - Text 'Transaction Successful' is present on page  using regular expression

2022-06-30 22:55:22 - [TEST_STEP][PASSED] - verifyElementVisible(findTestObject("Object Repository/AdminSuiteBootstrap_Pages/VT_Bootstrap/Receipt/button_Continue")): Object 'Object Repository/AdminSuiteBootstrap_Pages/VT_Bootstrap/Receipt/button_Continue' is visible

2022-06-30 22:55:23 - [MESSAGE][PASSED] - Object 'Object Repository/AdminSuiteBootstrap_Pages/VT_Bootstrap/Receipt/button_Continue' is visible

2022-06-30 22:55:23 - [TEST_STEP][PASSED] - verifyElementPresent(findTestObject("Object Repository/AdminSuiteBootstrap_Pages/VT_Bootstrap/Receipt/button_Continue"), 20): Object 'Object Repository/AdminSuiteBootstrap_Pages/VT_Bootstrap/Receipt/button_Continue' is present

2022-06-30 22:55:23 - [MESSAGE][PASSED] - Object 'Object Repository/AdminSuiteBootstrap_Pages/VT_Bootstrap/Receipt/button_Continue' is present

2022-06-30 22:55:23 - [TEST_STEP][PASSED] - verifyElementVisible(findTestObject("Object Repository/AdminSuiteBootstrap_Pages/VT_Bootstrap/Receipt/button_Print")): Object 'Object Repository/AdminSuiteBootstrap_Pages/VT_Bootstrap/Receipt/button_Print' is visible

2022-06-30 22:55:23 - [MESSAGE][PASSED] - Object 'Object Repository/AdminSuiteBootstrap_Pages/VT_Bootstrap/Receipt/button_Print' is visible

2022-06-30 22:55:23 - [TEST_STEP][PASSED] - verifyElementPresent(findTestObject("Object Repository/AdminSuiteBootstrap_Pages/VT_Bootstrap/Receipt/button_Print"), 20): Object 'Object Repository/AdminSuiteBootstrap_Pages/VT_Bootstrap/Receipt/button_Print' is present

2022-06-30 22:55:24 - [MESSAGE][PASSED] - Object 'Object Repository/AdminSuiteBootstrap_Pages/VT_Bootstrap/Receipt/button_Print' is present

2022-06-30 22:55:24 - [TEST_STEP][PASSED] - verifyTextPresent("Remittance ID", true): Text 'Remittance ID' is present on page  using regular expression

2022-06-30 22:55:24 - [MESSAGE][PASSED] - Text 'Remittance ID' is present on page  using regular expression

2022-06-30 22:55:24 - [TEST_STEP][PASSED] - verifyTextPresent("Received", true): Text 'Received' is present on page  using regular expression

2022-06-30 22:55:24 - [MESSAGE][PASSED] - Text 'Received' is present on page  using regular expression

2022-06-30 22:55:24 - [TEST_STEP][PASSED] - verifyTextPresent("UDF1", true): Text 'UDF1' is present on page  using regular expression

2022-06-30 22:55:25 - [MESSAGE][PASSED] - Text 'UDF1' is present on page  using regular expression

2022-06-30 22:55:25 - [TEST_STEP][PASSED] - verifyTextPresent("UDF2", true): Text 'UDF2' is present on page  using regular expression

2022-06-30 22:55:25 - [MESSAGE][PASSED] - Text 'UDF2' is present on page  using regular expression

2022-06-30 22:55:25 - [TEST_STEP][PASSED] - verifyTextPresent("UDF3", true): Text 'UDF3' is present on page  using regular expression

2022-06-30 22:55:25 - [MESSAGE][PASSED] - Text 'UDF3' is present on page  using regular expression

2022-06-30 22:55:25 - [TEST_STEP][PASSED] - verifyTextPresent("UDF4", true): Text 'UDF4' is present on page  using regular expression

2022-06-30 22:55:26 - [MESSAGE][PASSED] - Text 'UDF4' is present on page  using regular expression

2022-06-30 22:55:26 - [TEST_STEP][PASSED] - verifyTextPresent("UDF5", true): Text 'UDF5' is present on page  using regular expression

2022-06-30 22:55:26 - [MESSAGE][PASSED] - Text 'UDF5' is present on page  using regular expression

2022-06-30 22:55:26 - [TEST_STEP][PASSED] - verifyTextPresent("UDF6", true): Text 'UDF6' is present on page  using regular expression

2022-06-30 22:55:26 - [MESSAGE][PASSED] - Text 'UDF6' is present on page  using regular expression

2022-06-30 22:55:26 - [TEST_STEP][PASSED] - verifyTextPresent("UDF7", true): Text 'UDF7' is present on page  using regular expression

2022-06-30 22:55:27 - [MESSAGE][PASSED] - Text 'UDF7' is present on page  using regular expression

2022-06-30 22:55:27 - [TEST_STEP][PASSED] - verifyTextPresent("UDF8", true): Text 'UDF8' is present on page  using regular expression

2022-06-30 22:55:27 - [MESSAGE][PASSED] - Text 'UDF8' is present on page  using regular expression

2022-06-30 22:55:27 - [TEST_STEP][PASSED] - verifyTextPresent("UDF9", true): Text 'UDF9' is present on page  using regular expression

2022-06-30 22:55:27 - [MESSAGE][PASSED] - Text 'UDF9' is present on page  using regular expression

2022-06-30 22:55:27 - [TEST_STEP][PASSED] - verifyTextPresent("UDF 10", true): Text 'UDF 10' is present on page  using regular expression

2022-06-30 22:55:28 - [MESSAGE][PASSED] - Text 'UDF 10' is present on page  using regular expression

2022-06-30 22:55:28 - [TEST_STEP][PASSED] - verifyTextPresent("Delhi", true): Text 'Delhi' is present on page  using regular expression

2022-06-30 22:55:28 - [MESSAGE][PASSED] - Text 'Delhi' is present on page  using regular expression

2022-06-30 22:55:28 - [TEST_STEP][PASSED] - verifyTextPresent("Chennai", true): Text 'Chennai' is present on page  using regular expression

2022-06-30 22:55:29 - [MESSAGE][PASSED] - Text 'Chennai' is present on page  using regular expression

2022-06-30 22:55:29 - [TEST_STEP][PASSED] - verifyTextPresent("Mumbai", true): Text 'Mumbai' is present on page  using regular expression

2022-06-30 22:55:29 - [MESSAGE][PASSED] - Text 'Mumbai' is present on page  using regular expression

2022-06-30 22:55:29 - [TEST_STEP][PASSED] - verifyTextPresent("Kanpur", true): Text 'Kanpur' is present on page  using regular expression

2022-06-30 22:55:29 - [MESSAGE][PASSED] - Text 'Kanpur' is present on page  using regular expression

2022-06-30 22:55:29 - [TEST_STEP][PASSED] - verifyTextPresent("Orange Recorded", true): Text 'Orange Recorded' is present on page  using regular expression

2022-06-30 22:55:29 - [MESSAGE][PASSED] - Text 'Orange Recorded' is present on page  using regular expression

2022-06-30 22:55:29 - [TEST_STEP][PASSED] - verifyTextPresent("Yellow Recorded", true): Text 'Yellow Recorded' is present on page  using regular expression

2022-06-30 22:55:30 - [MESSAGE][PASSED] - Text 'Yellow Recorded' is present on page  using regular expression

2022-06-30 22:55:30 - [TEST_STEP][PASSED] - verifyTextPresent("Kolkata", true): Text 'Kolkata' is present on page  using regular expression

2022-06-30 22:55:30 - [MESSAGE][PASSED] - Text 'Kolkata' is present on page  using regular expression

2022-06-30 22:55:30 - [TEST_STEP][PASSED] - verifyTextPresent("Pune", true): Text 'Pune' is present on page  using regular expression

2022-06-30 22:55:30 - [MESSAGE][PASSED] - Text 'Pune' is present on page  using regular expression

2022-06-30 22:55:30 - [TEST_STEP][PASSED] - verifyTextPresent("Bhavnagar", true): Text 'Bhavnagar' is present on page  using regular expression

2022-06-30 22:55:31 - [MESSAGE][PASSED] - Text 'Bhavnagar' is present on page  using regular expression

2022-06-30 22:55:31 - [TEST_STEP][PASSED] - verifyTextPresent("Noida", true): Text 'Noida' is present on page  using regular expression

2022-06-30 22:55:31 - [MESSAGE][PASSED] - Text 'Noida' is present on page  using regular expression

2022-06-30 22:55:31 - [TEST_STEP][PASSED] - verifyTextPresent("Amount", true): Text 'Amount' is present on page  using regular expression

2022-06-30 22:55:31 - [MESSAGE][PASSED] - Text 'Amount' is present on page  using regular expression

2022-06-30 22:55:31 - [TEST_STEP][PASSED] - verifyTextPresent("2.50", true): Text '2.50' is present on page  using regular expression

2022-06-30 22:55:32 - [MESSAGE][PASSED] - Text '2.50' is present on page  using regular expression

2022-06-30 22:55:32 - [TEST_STEP][PASSED] - verifyTextPresent("Transaction Type", true): Text 'Transaction Type' is present on page  using regular expression

2022-06-30 22:55:32 - [MESSAGE][PASSED] - Text 'Transaction Type' is present on page  using regular expression

2022-06-30 22:55:32 - [TEST_STEP][PASSED] - verifyTextPresent("Debit", true): Text 'Debit' is present on page  using regular expression

2022-06-30 22:55:32 - [MESSAGE][PASSED] - Text 'Debit' is present on page  using regular expression

2022-06-30 22:55:32 - [TEST_STEP][PASSED] - verifyTextPresent("Check Information", true): Text 'Check Information' is present on page  using regular expression

2022-06-30 22:55:33 - [MESSAGE][PASSED] - Text 'Check Information' is present on page  using regular expression

2022-06-30 22:55:33 - [TEST_STEP][PASSED] - verifyTextPresent("Account Type", true): Text 'Account Type' is present on page  using regular expression

2022-06-30 22:55:33 - [MESSAGE][PASSED] - Text 'Account Type' is present on page  using regular expression

2022-06-30 22:55:33 - [TEST_STEP][PASSED] - verifyTextPresent("Account Number", true): Text 'Account Number' is present on page  using regular expression

2022-06-30 22:55:33 - [MESSAGE][PASSED] - Text 'Account Number' is present on page  using regular expression

2022-06-30 22:55:33 - [TEST_STEP][PASSED] - verifyTextPresent("Routing Number", true): Text 'Routing Number' is present on page  using regular expression

2022-06-30 22:55:34 - [MESSAGE][PASSED] - Text 'Routing Number' is present on page  using regular expression

2022-06-30 22:55:34 - [TEST_STEP][PASSED] - verifyTextPresent("Address Line 1", true): Text 'Address Line 1' is present on page  using regular expression

2022-06-30 22:55:34 - [MESSAGE][PASSED] - Text 'Address Line 1' is present on page  using regular expression

2022-06-30 22:55:34 - [TEST_STEP][PASSED] - verifyTextPresent("Address Line 2", true): Text 'Address Line 2' is present on page  using regular expression

2022-06-30 22:55:34 - [MESSAGE][PASSED] - Text 'Address Line 2' is present on page  using regular expression

2022-06-30 22:55:34 - [TEST_STEP][PASSED] - verifyTextPresent("Country", true): Text 'Country' is present on page  using regular expression

2022-06-30 22:55:34 - [MESSAGE][PASSED] - Text 'Country' is present on page  using regular expression

2022-06-30 22:55:34 - [TEST_STEP][PASSED] - verifyTextPresent("City", true): Text 'City' is present on page  using regular expression

2022-06-30 22:55:35 - [MESSAGE][PASSED] - Text 'City' is present on page  using regular expression

2022-06-30 22:55:35 - [TEST_STEP][PASSED] - verifyTextPresent("State", true): Text 'State' is present on page  using regular expression

2022-06-30 22:55:35 - [MESSAGE][PASSED] - Text 'State' is present on page  using regular expression

2022-06-30 22:55:35 - [TEST_STEP][PASSED] - verifyTextPresent("ZIP Code", true): Text 'ZIP Code' is present on page  using regular expression

2022-06-30 22:55:35 - [MESSAGE][PASSED] - Text 'ZIP Code' is present on page  using regular expression

2022-06-30 22:55:35 - [TEST_STEP][PASSED] - verifyTextPresent("248 PhoolKaante road", true): Text '248 PhoolKaante road' is present on page  using regular expression

2022-06-30 22:55:36 - [MESSAGE][PASSED] - Text '248 PhoolKaante road' is present on page  using regular expression

2022-06-30 22:55:36 - [TEST_STEP][PASSED] - verifyTextPresent("Suite 678", true): Text 'Suite 678' is present on page  using regular expression

2022-06-30 22:55:36 - [MESSAGE][PASSED] - Text 'Suite 678' is present on page  using regular expression

2022-06-30 22:55:36 - [TEST_STEP][PASSED] - verifyTextPresent("United States", true): Text 'United States' is present on page  using regular expression

2022-06-30 22:55:36 - [MESSAGE][PASSED] - Text 'United States' is present on page  using regular expression

2022-06-30 22:55:36 - [TEST_STEP][PASSED] - verifyTextPresent("ARLINGTON", true): Text 'ARLINGTON' is present on page  using regular expression

2022-06-30 22:55:37 - [MESSAGE][PASSED] - Text 'ARLINGTON' is present on page  using regular expression

2022-06-30 22:55:37 - [TEST_STEP][PASSED] - verifyTextPresent("Virginia", true): Text 'Virginia' is present on page  using regular expression

2022-06-30 22:55:37 - [MESSAGE][PASSED] - Text 'Virginia' is present on page  using regular expression

2022-06-30 22:55:37 - [TEST_STEP][PASSED] - verifyTextPresent("22201", true): Text '22201' is present on page  using regular expression

2022-06-30 22:55:37 - [MESSAGE][PASSED] - Text '22201' is present on page  using regular expression

2022-06-30 22:55:37 - [TEST_STEP][PASSED] - tranType = findTestData(dataFile).getValue("TranType", row): null

2022-06-30 22:55:37 - [TEST_STEP][PASSED] - last4V = findTestData(dataFile).getValue("Last4", row): null

2022-06-30 22:55:37 - [TEST_STEP][PASSED] - verifyTextPresent(tranType, true): Text 'Checking' is present on page  using regular expression

2022-06-30 22:55:38 - [MESSAGE][PASSED] - Text 'Checking' is present on page  using regular expression

2022-06-30 22:55:38 - [TEST_STEP][PASSED] - verifyTextPresent(last4V, true): Text '2222' is present on page  using regular expression

2022-06-30 22:55:38 - [MESSAGE][PASSED] - Text '2222' is present on page  using regular expression

2022-06-30 22:55:38 - [TEST_STEP][PASSED] - if (profNameLink.equalsIgnoreCase("a_PaymentsPC")): Text 'TANDON RAVENA' is present on page  using regular expression

2022-06-30 22:55:38 - [TEST_STEP][PASSED] - verifyTextPresent("Name on Account", true): Text 'Name on Account' is present on page  using regular expression

2022-06-30 22:55:38 - [MESSAGE][PASSED] - Text 'Name on Account' is present on page  using regular expression

2022-06-30 22:55:38 - [TEST_STEP][PASSED] - verifyTextPresent("TANDON RAVENA", true): Text 'TANDON RAVENA' is present on page  using regular expression

2022-06-30 22:55:39 - [MESSAGE][PASSED] - Text 'TANDON RAVENA' is present on page  using regular expression

2022-06-30 22:55:39 - [TEST_STEP][PASSED] - if (profNameLink.equalsIgnoreCase("a_PaymentsPS")): null

2022-06-30 22:55:39 - [TEST_STEP][PASSED] - if (profNameLink.equalsIgnoreCase("a_PaymentsCorp")): null

2022-06-30 22:55:39 - [TEST_STEP][PASSED] - switch (appName): null

2022-06-30 22:55:39 - [TEST_STEP][PASSED] - case "a_Access AutoDualCFtpQA":: null

2022-06-30 22:55:39 - [TEST_STEP][PASSED] - verifyTextPresent("5.00", true): Text '5.00' is present on page  using regular expression

2022-06-30 22:55:39 - [MESSAGE][PASSED] - Text '5.00' is present on page  using regular expression

2022-06-30 22:55:39 - [TEST_STEP][PASSED] - verifyTextPresent("Dual Transaction", true): Text 'Dual Transaction' is present on page  using regular expression

2022-06-30 22:55:39 - [MESSAGE][PASSED] - Text 'Dual Transaction' is present on page  using regular expression

2022-06-30 22:55:39 - [TEST_STEP][PASSED] - verifyTextPresent("7.50", true): Text '7.50' is present on page  using regular expression

2022-06-30 22:55:40 - [MESSAGE][PASSED] - Text '7.50' is present on page  using regular expression

2022-06-30 22:55:40 - [TEST_STEP][PASSED] - verifyTextPresent("Total Amount", true): Text 'Total Amount' is present on page  using regular expression

2022-06-30 22:55:40 - [MESSAGE][PASSED] - Text 'Total Amount' is present on page  using regular expression

2022-06-30 22:55:40 - [TEST_STEP][PASSED] - verifyTextPresent("Transaction Type", true): Text 'Transaction Type' is present on page  using regular expression

2022-06-30 22:55:40 - [MESSAGE][PASSED] - Text 'Transaction Type' is present on page  using regular expression

2022-06-30 22:55:40 - [TEST_STEP][PASSED] - break: null

2022-06-30 22:55:40 - [TEST_STEP][PASSED] - closeBrowser(): Browser is closed

2022-06-30 22:55:41 - [MESSAGE][PASSED] - Browser is closed

2022-06-30 22:55:41 - [TEST_STEP][PASSED] - ExecuteTC = findTestData(dataFile).getValue("Execute", row): null

2022-06-30 22:55:41 - [TEST_STEP][PASSED] - out.println("Value of Execute is : " + ExecuteTC): null

2022-06-30 22:55:41 - [TEST_STEP][PASSED] - switch (executionProfile): null

2022-06-30 22:55:41 - [TEST_STEP][PASSED] - case "QAProfile":: null

2022-06-30 22:55:41 - [TEST_STEP][PASSED] - appName = findTestData(dataFile).getValue("AppNameQA", row): null

2022-06-30 22:55:41 - [TEST_STEP][PASSED] - appID = findTestData(dataFile).getValue("AppIDQA", row): null

2022-06-30 22:55:41 - [TEST_STEP][PASSED] - break: null

2022-06-30 22:55:41 - [TEST_STEP][PASSED] - if (ExecuteTC.equalsIgnoreCase("Y")): null

2022-06-30 22:55:41 - [TEST_STEP][PASSED] - out.println("Begin Record Number: " + row): null

2022-06-30 22:55:41 - [TEST_STEP][PASSED] - today = new java.util.Date(): null

2022-06-30 22:55:41 - [TEST_STEP][PASSED] - println(today): null

2022-06-30 22:55:41 - [TEST_STEP][PASSED] - datText = today: null

2022-06-30 22:55:41 - [TEST_STEP][PASSED] - adminSuiteBootstrap.loginFunctionality.login_AdminSuite(): adminSuiteBootstrap.loginFunctionality.login_AdminSuite is PASSED

2022-06-30 22:55:41 - [MESSAGE][INFO] - Starting 'Chrome' driver

2022-06-30 22:55:41 - [MESSAGE][INFO] - User set preference: ['acceptInsecureCerts', 'true']

2022-06-30 22:55:41 - [MESSAGE][INFO] - Action delay is set to 0 milliseconds

2022-06-30 22:55:45 - [MESSAGE][PASSED] - Browser is opened with url: 'https://qa.velocitypayment.com/admin/imtiaz'

2022-06-30 22:55:45 - [MESSAGE][PASSED] - Current window maximized

2022-06-30 22:55:45 - [MESSAGE][PASSED] - Object 'Object Repository/Login_Page/Login_Username' is present

2022-06-30 22:55:46 - [MESSAGE][PASSED] - Text 'iahmed' is set on object 'Object Repository/Login_Page/Login_Username'

2022-06-30 22:55:47 - [MESSAGE][PASSED] - Text 'hello2222' is set on object 'Object Repository/Login_Page/Login_Password'

2022-06-30 22:55:51 - [MESSAGE][PASSED] - Object: 'Object Repository/Login_Page/Login_Submit' is clicked on

2022-06-30 22:55:51 - [MESSAGE][PASSED] - adminSuiteBootstrap.loginFunctionality.login_AdminSuite is PASSED

2022-06-30 22:55:51 - [TEST_STEP][PASSED] - click(findTestObject(path_Dashboard + appName)): Object: 'Object Repository/AdminSuiteBootstrap_Pages/Dashboard_Bootstrap/a_Access AutoDualCFtpQA' is clicked on

2022-06-30 22:55:52 - [MESSAGE][PASSED] - Object: 'Object Repository/AdminSuiteBootstrap_Pages/Dashboard_Bootstrap/a_Access AutoDualCFtpQA' is clicked on

2022-06-30 22:55:52 - [TEST_STEP][PASSED] - click(findTestObject(path_VT + "a_Find Profile")): Object: 'Object Repository/AdminSuiteBootstrap_Pages/VT_Bootstrap/IssueTransactions/a_Find Profile' is clicked on

2022-06-30 22:55:53 - [MESSAGE][PASSED] - Object: 'Object Repository/AdminSuiteBootstrap_Pages/VT_Bootstrap/IssueTransactions/a_Find Profile' is clicked on

2022-06-30 22:55:53 - [TEST_STEP][PASSED] - criteria = <not implemented yet for class: org.codehaus.groovy.ast.expr.EmptyExpression>: null

2022-06-30 22:55:53 - [TEST_STEP][PASSED] - searchBy = <not implemented yet for class: org.codehaus.groovy.ast.expr.EmptyExpression>: null

2022-06-30 22:55:53 - [TEST_STEP][PASSED] - criteria = findTestData(dataFile).getValue("ProfileName", row): null

2022-06-30 22:55:53 - [TEST_STEP][PASSED] - path_SearchProfile = "Object Repository/AdminSuiteBootstrap_Pages/VSP_Bootstrap/SearchProfile/": null

2022-06-30 22:55:53 - [TEST_STEP][PASSED] - setText(findTestObject(path_SearchProfile + "input_Criteria"), criteria): Text 'PaymentsPC' is set on object 'Object Repository/AdminSuiteBootstrap_Pages/VSP_Bootstrap/SearchProfile/input_Criteria'

2022-06-30 22:55:53 - [MESSAGE][PASSED] - Text 'PaymentsPC' is set on object 'Object Repository/AdminSuiteBootstrap_Pages/VSP_Bootstrap/SearchProfile/input_Criteria'

2022-06-30 22:55:53 - [TEST_STEP][PASSED] - click(findTestObject(path_SearchProfile + "button_Search")): Object: 'Object Repository/AdminSuiteBootstrap_Pages/VSP_Bootstrap/SearchProfile/button_Search' is clicked on

2022-06-30 22:55:55 - [MESSAGE][PASSED] - Object: 'Object Repository/AdminSuiteBootstrap_Pages/VSP_Bootstrap/SearchProfile/button_Search' is clicked on

2022-06-30 22:55:55 - [TEST_STEP][PASSED] - profNameLink = findTestData(dataFile).getValue("ProfileNameLink", row): null

2022-06-30 22:55:55 - [TEST_STEP][PASSED] - click(findTestObject(path_ViewProfile + profNameLink)): Object: 'Object Repository/AdminSuiteBootstrap_Pages/VSP_Bootstrap/View Profile/a_PaymentsPC' is clicked on

2022-06-30 22:55:58 - [MESSAGE][PASSED] - Object: 'Object Repository/AdminSuiteBootstrap_Pages/VSP_Bootstrap/View Profile/a_PaymentsPC' is clicked on

2022-06-30 22:55:58 - [TEST_STEP][PASSED] - click(findTestObject(path_ViewProfile + "a_Debit")): Object: 'Object Repository/AdminSuiteBootstrap_Pages/VSP_Bootstrap/View Profile/a_Debit' is clicked on

2022-06-30 22:56:00 - [MESSAGE][PASSED] - Object: 'Object Repository/AdminSuiteBootstrap_Pages/VSP_Bootstrap/View Profile/a_Debit' is clicked on

2022-06-30 22:56:00 - [TEST_STEP][PASSED] - verifyTextPresent("Remittance ID", true): Text 'Remittance ID' is present on page  using regular expression

2022-06-30 22:56:01 - [MESSAGE][PASSED] - Text 'Remittance ID' is present on page  using regular expression

2022-06-30 22:56:01 - [TEST_STEP][PASSED] - vspBootstrap.ACHDebitPage.setDataACHDebit(row, dataFile): vspBootstrap.ACHDebitPage.setDataACHDebit is PASSED

2022-06-30 22:56:03 - [MESSAGE][PASSED] - All options with value 'TEL' are selected in object 'Object Repository/AdminSuiteBootstrap_Pages/VSP_Bootstrap/VSP_Debit/select_StdEntryClass'  using regular expression

2022-06-30 22:56:03 - [MESSAGE][PASSED] - Text '' is set on object 'Object Repository/AdminSuiteBootstrap_Pages/VSP_Bootstrap/VSP_Debit/input_smsNumber'

2022-06-30 22:56:04 - [MESSAGE][PASSED] - Text '2.50' is set on object 'Object Repository/AdminSuiteBootstrap_Pages/VSP_Bootstrap/VSP_Debit/input_amount'

2022-06-30 22:56:05 - [MESSAGE][PASSED] - Text 'Delhi' is set on object 'Object Repository/AdminSuiteBootstrap_Pages/VSP_Bootstrap/VSP_Debit/input_userDefined1'

2022-06-30 22:56:06 - [MESSAGE][PASSED] - Text 'Chennai' is set on object 'Object Repository/AdminSuiteBootstrap_Pages/VSP_Bootstrap/VSP_Debit/input_userDefined2'

2022-06-30 22:56:07 - [MESSAGE][PASSED] - Text 'Mumbai' is set on object 'Object Repository/AdminSuiteBootstrap_Pages/VSP_Bootstrap/VSP_Debit/input_userDefined3'

2022-06-30 22:56:07 - [MESSAGE][PASSED] - Text 'Kanpur' is set on object 'Object Repository/AdminSuiteBootstrap_Pages/VSP_Bootstrap/VSP_Debit/input_userDefined4'

2022-06-30 22:56:08 - [MESSAGE][PASSED] - All options with label 'Orange' are selected in object 'Object Repository/AdminSuiteBootstrap_Pages/VSP_Bootstrap/VSP_Debit/select_UDF5'  using regular expression

2022-06-30 22:56:09 - [MESSAGE][PASSED] - All options with label 'Yellow' are selected in object 'Object Repository/AdminSuiteBootstrap_Pages/VSP_Bootstrap/VSP_Debit/select_UDF6'  using regular expression

2022-06-30 22:56:10 - [MESSAGE][PASSED] - Text 'Kolkata' is set on object 'Object Repository/AdminSuiteBootstrap_Pages/VSP_Bootstrap/VSP_Debit/input_userDefined7'

2022-06-30 22:56:10 - [MESSAGE][PASSED] - Text 'Pune' is set on object 'Object Repository/AdminSuiteBootstrap_Pages/VSP_Bootstrap/VSP_Debit/input_userDefined8'

2022-06-30 22:56:11 - [MESSAGE][PASSED] - Text 'Bhavnagar' is set on object 'Object Repository/AdminSuiteBootstrap_Pages/VSP_Bootstrap/VSP_Debit/input_userDefined9'

2022-06-30 22:56:12 - [MESSAGE][PASSED] - Text 'Noida' is set on object 'Object Repository/AdminSuiteBootstrap_Pages/VSP_Bootstrap/VSP_Debit/input_userDefined10'

2022-06-30 22:56:13 - [MESSAGE][PASSED] - Object: 'Object Repository/AdminSuiteBootstrap_Pages/VSP_Bootstrap/VSP_Debit/button_Submit' is clicked on

2022-06-30 22:56:13 - [MESSAGE][PASSED] - vspBootstrap.ACHDebitPage.setDataACHDebit is PASSED

2022-06-30 22:56:13 - [TEST_STEP][PASSED] - verifyTextPresent("Transaction Successful", true): Text 'Transaction Successful' is present on page  using regular expression

2022-06-30 22:56:14 - [MESSAGE][PASSED] - Text 'Transaction Successful' is present on page  using regular expression

2022-06-30 22:56:14 - [TEST_STEP][PASSED] - verifyElementVisible(findTestObject("Object Repository/AdminSuiteBootstrap_Pages/VT_Bootstrap/Receipt/button_Continue")): Object 'Object Repository/AdminSuiteBootstrap_Pages/VT_Bootstrap/Receipt/button_Continue' is visible

2022-06-30 22:56:14 - [MESSAGE][PASSED] - Object 'Object Repository/AdminSuiteBootstrap_Pages/VT_Bootstrap/Receipt/button_Continue' is visible

2022-06-30 22:56:14 - [TEST_STEP][PASSED] - verifyElementPresent(findTestObject("Object Repository/AdminSuiteBootstrap_Pages/VT_Bootstrap/Receipt/button_Continue"), 20): Object 'Object Repository/AdminSuiteBootstrap_Pages/VT_Bootstrap/Receipt/button_Continue' is present

2022-06-30 22:56:14 - [MESSAGE][PASSED] - Object 'Object Repository/AdminSuiteBootstrap_Pages/VT_Bootstrap/Receipt/button_Continue' is present

2022-06-30 22:56:14 - [TEST_STEP][PASSED] - verifyElementVisible(findTestObject("Object Repository/AdminSuiteBootstrap_Pages/VT_Bootstrap/Receipt/button_Print")): Object 'Object Repository/AdminSuiteBootstrap_Pages/VT_Bootstrap/Receipt/button_Print' is visible

2022-06-30 22:56:15 - [MESSAGE][PASSED] - Object 'Object Repository/AdminSuiteBootstrap_Pages/VT_Bootstrap/Receipt/button_Print' is visible

2022-06-30 22:56:15 - [TEST_STEP][PASSED] - verifyElementPresent(findTestObject("Object Repository/AdminSuiteBootstrap_Pages/VT_Bootstrap/Receipt/button_Print"), 20): Object 'Object Repository/AdminSuiteBootstrap_Pages/VT_Bootstrap/Receipt/button_Print' is present

2022-06-30 22:56:15 - [MESSAGE][PASSED] - Object 'Object Repository/AdminSuiteBootstrap_Pages/VT_Bootstrap/Receipt/button_Print' is present

2022-06-30 22:56:15 - [TEST_STEP][PASSED] - verifyTextPresent("Remittance ID", true): Text 'Remittance ID' is present on page  using regular expression

2022-06-30 22:56:15 - [MESSAGE][PASSED] - Text 'Remittance ID' is present on page  using regular expression

2022-06-30 22:56:15 - [TEST_STEP][PASSED] - verifyTextPresent("Received", true): Text 'Received' is present on page  using regular expression

2022-06-30 22:56:16 - [MESSAGE][PASSED] - Text 'Received' is present on page  using regular expression

2022-06-30 22:56:16 - [TEST_STEP][PASSED] - verifyTextPresent("UDF1", true): Text 'UDF1' is present on page  using regular expression

2022-06-30 22:56:16 - [MESSAGE][PASSED] - Text 'UDF1' is present on page  using regular expression

2022-06-30 22:56:16 - [TEST_STEP][PASSED] - verifyTextPresent("UDF2", true): Text 'UDF2' is present on page  using regular expression

2022-06-30 22:56:16 - [MESSAGE][PASSED] - Text 'UDF2' is present on page  using regular expression

2022-06-30 22:56:16 - [TEST_STEP][PASSED] - verifyTextPresent("UDF3", true): Text 'UDF3' is present on page  using regular expression

2022-06-30 22:56:17 - [MESSAGE][PASSED] - Text 'UDF3' is present on page  using regular expression

2022-06-30 22:56:17 - [TEST_STEP][PASSED] - verifyTextPresent("UDF4", true): Text 'UDF4' is present on page  using regular expression

2022-06-30 22:56:17 - [MESSAGE][PASSED] - Text 'UDF4' is present on page  using regular expression

2022-06-30 22:56:17 - [TEST_STEP][PASSED] - verifyTextPresent("UDF5", true): Text 'UDF5' is present on page  using regular expression

2022-06-30 22:56:17 - [MESSAGE][PASSED] - Text 'UDF5' is present on page  using regular expression

2022-06-30 22:56:17 - [TEST_STEP][PASSED] - verifyTextPresent("UDF6", true): Text 'UDF6' is present on page  using regular expression

2022-06-30 22:56:18 - [MESSAGE][PASSED] - Text 'UDF6' is present on page  using regular expression

2022-06-30 22:56:18 - [TEST_STEP][PASSED] - verifyTextPresent("UDF7", true): Text 'UDF7' is present on page  using regular expression

2022-06-30 22:56:18 - [MESSAGE][PASSED] - Text 'UDF7' is present on page  using regular expression

2022-06-30 22:56:18 - [TEST_STEP][PASSED] - verifyTextPresent("UDF8", true): Text 'UDF8' is present on page  using regular expression

2022-06-30 22:56:18 - [MESSAGE][PASSED] - Text 'UDF8' is present on page  using regular expression

2022-06-30 22:56:18 - [TEST_STEP][PASSED] - verifyTextPresent("UDF9", true): Text 'UDF9' is present on page  using regular expression

2022-06-30 22:56:19 - [MESSAGE][PASSED] - Text 'UDF9' is present on page  using regular expression

2022-06-30 22:56:19 - [TEST_STEP][PASSED] - verifyTextPresent("UDF 10", true): Text 'UDF 10' is present on page  using regular expression

2022-06-30 22:56:19 - [MESSAGE][PASSED] - Text 'UDF 10' is present on page  using regular expression

2022-06-30 22:56:19 - [TEST_STEP][PASSED] - verifyTextPresent("Delhi", true): Text 'Delhi' is present on page  using regular expression

2022-06-30 22:56:19 - [MESSAGE][PASSED] - Text 'Delhi' is present on page  using regular expression

2022-06-30 22:56:19 - [TEST_STEP][PASSED] - verifyTextPresent("Chennai", true): Text 'Chennai' is present on page  using regular expression

2022-06-30 22:56:19 - [MESSAGE][PASSED] - Text 'Chennai' is present on page  using regular expression

2022-06-30 22:56:19 - [TEST_STEP][PASSED] - verifyTextPresent("Mumbai", true): Text 'Mumbai' is present on page  using regular expression

2022-06-30 22:56:20 - [MESSAGE][PASSED] - Text 'Mumbai' is present on page  using regular expression

2022-06-30 22:56:20 - [TEST_STEP][PASSED] - verifyTextPresent("Kanpur", true): Text 'Kanpur' is present on page  using regular expression

2022-06-30 22:56:20 - [MESSAGE][PASSED] - Text 'Kanpur' is present on page  using regular expression

2022-06-30 22:56:20 - [TEST_STEP][PASSED] - verifyTextPresent("Orange Recorded", true): Text 'Orange Recorded' is present on page  using regular expression

2022-06-30 22:56:20 - [MESSAGE][PASSED] - Text 'Orange Recorded' is present on page  using regular expression

2022-06-30 22:56:20 - [TEST_STEP][PASSED] - verifyTextPresent("Yellow Recorded", true): Text 'Yellow Recorded' is present on page  using regular expression

2022-06-30 22:56:21 - [MESSAGE][PASSED] - Text 'Yellow Recorded' is present on page  using regular expression

2022-06-30 22:56:21 - [TEST_STEP][PASSED] - verifyTextPresent("Kolkata", true): Text 'Kolkata' is present on page  using regular expression

2022-06-30 22:56:21 - [MESSAGE][PASSED] - Text 'Kolkata' is present on page  using regular expression

2022-06-30 22:56:21 - [TEST_STEP][PASSED] - verifyTextPresent("Pune", true): Text 'Pune' is present on page  using regular expression

2022-06-30 22:56:21 - [MESSAGE][PASSED] - Text 'Pune' is present on page  using regular expression

2022-06-30 22:56:21 - [TEST_STEP][PASSED] - verifyTextPresent("Bhavnagar", true): Text 'Bhavnagar' is present on page  using regular expression

2022-06-30 22:56:22 - [MESSAGE][PASSED] - Text 'Bhavnagar' is present on page  using regular expression

2022-06-30 22:56:22 - [TEST_STEP][PASSED] - verifyTextPresent("Noida", true): Text 'Noida' is present on page  using regular expression

2022-06-30 22:56:22 - [MESSAGE][PASSED] - Text 'Noida' is present on page  using regular expression

2022-06-30 22:56:22 - [TEST_STEP][PASSED] - verifyTextPresent("Amount", true): Text 'Amount' is present on page  using regular expression

2022-06-30 22:56:22 - [MESSAGE][PASSED] - Text 'Amount' is present on page  using regular expression

2022-06-30 22:56:22 - [TEST_STEP][PASSED] - verifyTextPresent("2.50", true): Text '2.50' is present on page  using regular expression

2022-06-30 22:56:23 - [MESSAGE][PASSED] - Text '2.50' is present on page  using regular expression

2022-06-30 22:56:23 - [TEST_STEP][PASSED] - verifyTextPresent("Transaction Type", true): Text 'Transaction Type' is present on page  using regular expression

2022-06-30 22:56:23 - [MESSAGE][PASSED] - Text 'Transaction Type' is present on page  using regular expression

2022-06-30 22:56:23 - [TEST_STEP][PASSED] - verifyTextPresent("Debit", true): Text 'Debit' is present on page  using regular expression

2022-06-30 22:56:23 - [MESSAGE][PASSED] - Text 'Debit' is present on page  using regular expression

2022-06-30 22:56:23 - [TEST_STEP][PASSED] - verifyTextPresent("Check Information", true): Text 'Check Information' is present on page  using regular expression

2022-06-30 22:56:24 - [MESSAGE][PASSED] - Text 'Check Information' is present on page  using regular expression

2022-06-30 22:56:24 - [TEST_STEP][PASSED] - verifyTextPresent("Account Type", true): Text 'Account Type' is present on page  using regular expression

2022-06-30 22:56:24 - [MESSAGE][PASSED] - Text 'Account Type' is present on page  using regular expression

2022-06-30 22:56:24 - [TEST_STEP][PASSED] - verifyTextPresent("Account Number", true): Text 'Account Number' is present on page  using regular expression

2022-06-30 22:56:24 - [MESSAGE][PASSED] - Text 'Account Number' is present on page  using regular expression

2022-06-30 22:56:24 - [TEST_STEP][PASSED] - verifyTextPresent("Routing Number", true): Text 'Routing Number' is present on page  using regular expression

2022-06-30 22:56:25 - [MESSAGE][PASSED] - Text 'Routing Number' is present on page  using regular expression

2022-06-30 22:56:25 - [TEST_STEP][PASSED] - verifyTextPresent("Address Line 1", true): Text 'Address Line 1' is present on page  using regular expression

2022-06-30 22:56:25 - [MESSAGE][PASSED] - Text 'Address Line 1' is present on page  using regular expression

2022-06-30 22:56:25 - [TEST_STEP][PASSED] - verifyTextPresent("Address Line 2", true): Text 'Address Line 2' is present on page  using regular expression

2022-06-30 22:56:25 - [MESSAGE][PASSED] - Text 'Address Line 2' is present on page  using regular expression

2022-06-30 22:56:25 - [TEST_STEP][PASSED] - verifyTextPresent("Country", true): Text 'Country' is present on page  using regular expression

2022-06-30 22:56:26 - [MESSAGE][PASSED] - Text 'Country' is present on page  using regular expression

2022-06-30 22:56:26 - [TEST_STEP][PASSED] - verifyTextPresent("City", true): Text 'City' is present on page  using regular expression

2022-06-30 22:56:26 - [MESSAGE][PASSED] - Text 'City' is present on page  using regular expression

2022-06-30 22:56:26 - [TEST_STEP][PASSED] - verifyTextPresent("State", true): Text 'State' is present on page  using regular expression

2022-06-30 22:56:26 - [MESSAGE][PASSED] - Text 'State' is present on page  using regular expression

2022-06-30 22:56:26 - [TEST_STEP][PASSED] - verifyTextPresent("ZIP Code", true): Text 'ZIP Code' is present on page  using regular expression

2022-06-30 22:56:27 - [MESSAGE][PASSED] - Text 'ZIP Code' is present on page  using regular expression

2022-06-30 22:56:27 - [TEST_STEP][PASSED] - verifyTextPresent("248 PhoolKaante road", true): Text '248 PhoolKaante road' is present on page  using regular expression

2022-06-30 22:56:27 - [MESSAGE][PASSED] - Text '248 PhoolKaante road' is present on page  using regular expression

2022-06-30 22:56:27 - [TEST_STEP][PASSED] - verifyTextPresent("Suite 678", true): Text 'Suite 678' is present on page  using regular expression

2022-06-30 22:56:27 - [MESSAGE][PASSED] - Text 'Suite 678' is present on page  using regular expression

2022-06-30 22:56:27 - [TEST_STEP][PASSED] - verifyTextPresent("United States", true): Text 'United States' is present on page  using regular expression

2022-06-30 22:56:28 - [MESSAGE][PASSED] - Text 'United States' is present on page  using regular expression

2022-06-30 22:56:28 - [TEST_STEP][PASSED] - verifyTextPresent("ARLINGTON", true): Text 'ARLINGTON' is present on page  using regular expression

2022-06-30 22:56:28 - [MESSAGE][PASSED] - Text 'ARLINGTON' is present on page  using regular expression

2022-06-30 22:56:28 - [TEST_STEP][PASSED] - verifyTextPresent("Virginia", true): Text 'Virginia' is present on page  using regular expression

2022-06-30 22:56:28 - [MESSAGE][PASSED] - Text 'Virginia' is present on page  using regular expression

2022-06-30 22:56:28 - [TEST_STEP][PASSED] - verifyTextPresent("22201", true): Text '22201' is present on page  using regular expression

2022-06-30 22:56:29 - [MESSAGE][PASSED] - Text '22201' is present on page  using regular expression

2022-06-30 22:56:29 - [TEST_STEP][PASSED] - tranType = findTestData(dataFile).getValue("TranType", row): null

2022-06-30 22:56:29 - [TEST_STEP][PASSED] - last4V = findTestData(dataFile).getValue("Last4", row): null

2022-06-30 22:56:29 - [TEST_STEP][PASSED] - verifyTextPresent(tranType, true): Text 'Checking' is present on page  using regular expression

2022-06-30 22:56:29 - [MESSAGE][PASSED] - Text 'Checking' is present on page  using regular expression

2022-06-30 22:56:29 - [TEST_STEP][PASSED] - verifyTextPresent(last4V, true): Text '2222' is present on page  using regular expression

2022-06-30 22:56:29 - [MESSAGE][PASSED] - Text '2222' is present on page  using regular expression

2022-06-30 22:56:29 - [TEST_STEP][PASSED] - if (profNameLink.equalsIgnoreCase("a_PaymentsPC")): Text 'TANDON RAVENA' is present on page  using regular expression

2022-06-30 22:56:29 - [TEST_STEP][PASSED] - verifyTextPresent("Name on Account", true): Text 'Name on Account' is present on page  using regular expression

2022-06-30 22:56:30 - [MESSAGE][PASSED] - Text 'Name on Account' is present on page  using regular expression

2022-06-30 22:56:30 - [TEST_STEP][PASSED] - verifyTextPresent("TANDON RAVENA", true): Text 'TANDON RAVENA' is present on page  using regular expression

2022-06-30 22:56:30 - [MESSAGE][PASSED] - Text 'TANDON RAVENA' is present on page  using regular expression

2022-06-30 22:56:30 - [TEST_STEP][PASSED] - if (profNameLink.equalsIgnoreCase("a_PaymentsPS")): null

2022-06-30 22:56:30 - [TEST_STEP][PASSED] - if (profNameLink.equalsIgnoreCase("a_PaymentsCorp")): null

2022-06-30 22:56:30 - [TEST_STEP][PASSED] - switch (appName): null

2022-06-30 22:56:30 - [TEST_STEP][PASSED] - case "a_Access AutoDualCFtpQA":: null

2022-06-30 22:56:30 - [TEST_STEP][PASSED] - verifyTextPresent("5.00", true): Text '5.00' is present on page  using regular expression

2022-06-30 22:56:30 - [MESSAGE][PASSED] - Text '5.00' is present on page  using regular expression

2022-06-30 22:56:30 - [TEST_STEP][PASSED] - verifyTextPresent("Dual Transaction", true): Text 'Dual Transaction' is present on page  using regular expression

2022-06-30 22:56:31 - [MESSAGE][PASSED] - Text 'Dual Transaction' is present on page  using regular expression

2022-06-30 22:56:31 - [TEST_STEP][PASSED] - verifyTextPresent("7.50", true): Text '7.50' is present on page  using regular expression

2022-06-30 22:56:31 - [MESSAGE][PASSED] - Text '7.50' is present on page  using regular expression

2022-06-30 22:56:31 - [TEST_STEP][PASSED] - verifyTextPresent("Total Amount", true): Text 'Total Amount' is present on page  using regular expression

2022-06-30 22:56:31 - [MESSAGE][PASSED] - Text 'Total Amount' is present on page  using regular expression

2022-06-30 22:56:31 - [TEST_STEP][PASSED] - verifyTextPresent("Transaction Type", true): Text 'Transaction Type' is present on page  using regular expression

2022-06-30 22:56:32 - [MESSAGE][PASSED] - Text 'Transaction Type' is present on page  using regular expression

2022-06-30 22:56:32 - [TEST_STEP][PASSED] - break: null

2022-06-30 22:56:32 - [TEST_STEP][PASSED] - closeBrowser(): Browser is closed

2022-06-30 22:56:33 - [MESSAGE][PASSED] - Browser is closed

2022-06-30 22:56:33 - [TEST_STEP][PASSED] - ExecuteTC = findTestData(dataFile).getValue("Execute", row): null

2022-06-30 22:56:33 - [TEST_STEP][PASSED] - out.println("Value of Execute is : " + ExecuteTC): null

2022-06-30 22:56:33 - [TEST_STEP][PASSED] - switch (executionProfile): null

2022-06-30 22:56:33 - [TEST_STEP][PASSED] - case "QAProfile":: null

2022-06-30 22:56:33 - [TEST_STEP][PASSED] - appName = findTestData(dataFile).getValue("AppNameQA", row): null

2022-06-30 22:56:33 - [TEST_STEP][PASSED] - appID = findTestData(dataFile).getValue("AppIDQA", row): null

2022-06-30 22:56:33 - [TEST_STEP][PASSED] - break: null

2022-06-30 22:56:33 - [TEST_STEP][PASSED] - if (ExecuteTC.equalsIgnoreCase("Y")): null

2022-06-30 22:56:33 - [TEST_STEP][PASSED] - out.println("Begin Record Number: " + row): null

2022-06-30 22:56:33 - [TEST_STEP][PASSED] - today = new java.util.Date(): null

2022-06-30 22:56:33 - [TEST_STEP][PASSED] - println(today): null

2022-06-30 22:56:33 - [TEST_STEP][PASSED] - datText = today: null

2022-06-30 22:56:33 - [TEST_STEP][PASSED] - adminSuiteBootstrap.loginFunctionality.login_AdminSuite(): adminSuiteBootstrap.loginFunctionality.login_AdminSuite is PASSED

2022-06-30 22:56:33 - [MESSAGE][INFO] - Starting 'Chrome' driver

2022-06-30 22:56:33 - [MESSAGE][INFO] - User set preference: ['acceptInsecureCerts', 'true']

2022-06-30 22:56:33 - [MESSAGE][INFO] - Action delay is set to 0 milliseconds

2022-06-30 22:56:36 - [MESSAGE][PASSED] - Browser is opened with url: 'https://qa.velocitypayment.com/admin/imtiaz'

2022-06-30 22:56:36 - [MESSAGE][PASSED] - Current window maximized

2022-06-30 22:56:36 - [MESSAGE][PASSED] - Object 'Object Repository/Login_Page/Login_Username' is present

2022-06-30 22:56:37 - [MESSAGE][PASSED] - Text 'iahmed' is set on object 'Object Repository/Login_Page/Login_Username'

2022-06-30 22:56:38 - [MESSAGE][PASSED] - Text 'hello2222' is set on object 'Object Repository/Login_Page/Login_Password'

2022-06-30 22:56:44 - [MESSAGE][PASSED] - Object: 'Object Repository/Login_Page/Login_Submit' is clicked on

2022-06-30 22:56:44 - [MESSAGE][PASSED] - adminSuiteBootstrap.loginFunctionality.login_AdminSuite is PASSED

2022-06-30 22:56:44 - [TEST_STEP][PASSED] - click(findTestObject(path_Dashboard + appName)): Object: 'Object Repository/AdminSuiteBootstrap_Pages/Dashboard_Bootstrap/a_Access AutoDualCFtpQA' is clicked on

2022-06-30 22:56:45 - [MESSAGE][PASSED] - Object: 'Object Repository/AdminSuiteBootstrap_Pages/Dashboard_Bootstrap/a_Access AutoDualCFtpQA' is clicked on

2022-06-30 22:56:45 - [TEST_STEP][PASSED] - click(findTestObject(path_VT + "a_Find Profile")): Object: 'Object Repository/AdminSuiteBootstrap_Pages/VT_Bootstrap/IssueTransactions/a_Find Profile' is clicked on

2022-06-30 22:56:45 - [MESSAGE][PASSED] - Object: 'Object Repository/AdminSuiteBootstrap_Pages/VT_Bootstrap/IssueTransactions/a_Find Profile' is clicked on

2022-06-30 22:56:45 - [TEST_STEP][PASSED] - criteria = <not implemented yet for class: org.codehaus.groovy.ast.expr.EmptyExpression>: null

2022-06-30 22:56:45 - [TEST_STEP][PASSED] - searchBy = <not implemented yet for class: org.codehaus.groovy.ast.expr.EmptyExpression>: null

2022-06-30 22:56:45 - [TEST_STEP][PASSED] - criteria = findTestData(dataFile).getValue("ProfileName", row): null

2022-06-30 22:56:45 - [TEST_STEP][PASSED] - path_SearchProfile = "Object Repository/AdminSuiteBootstrap_Pages/VSP_Bootstrap/SearchProfile/": null

2022-06-30 22:56:45 - [TEST_STEP][PASSED] - setText(findTestObject(path_SearchProfile + "input_Criteria"), criteria): Text 'PaymentsPS' is set on object 'Object Repository/AdminSuiteBootstrap_Pages/VSP_Bootstrap/SearchProfile/input_Criteria'

2022-06-30 22:56:46 - [MESSAGE][PASSED] - Text 'PaymentsPS' is set on object 'Object Repository/AdminSuiteBootstrap_Pages/VSP_Bootstrap/SearchProfile/input_Criteria'

2022-06-30 22:56:46 - [TEST_STEP][PASSED] - click(findTestObject(path_SearchProfile + "button_Search")): Object: 'Object Repository/AdminSuiteBootstrap_Pages/VSP_Bootstrap/SearchProfile/button_Search' is clicked on

2022-06-30 22:56:47 - [MESSAGE][PASSED] - Object: 'Object Repository/AdminSuiteBootstrap_Pages/VSP_Bootstrap/SearchProfile/button_Search' is clicked on

2022-06-30 22:56:47 - [TEST_STEP][PASSED] - profNameLink = findTestData(dataFile).getValue("ProfileNameLink", row): null

2022-06-30 22:56:47 - [TEST_STEP][PASSED] - click(findTestObject(path_ViewProfile + profNameLink)): Object: 'Object Repository/AdminSuiteBootstrap_Pages/VSP_Bootstrap/View Profile/a_PaymentsPS' is clicked on

2022-06-30 22:56:52 - [MESSAGE][PASSED] - Object: 'Object Repository/AdminSuiteBootstrap_Pages/VSP_Bootstrap/View Profile/a_PaymentsPS' is clicked on

2022-06-30 22:56:52 - [TEST_STEP][PASSED] - click(findTestObject(path_ViewProfile + "a_Debit")): Object: 'Object Repository/AdminSuiteBootstrap_Pages/VSP_Bootstrap/View Profile/a_Debit' is clicked on

2022-06-30 22:56:54 - [MESSAGE][PASSED] - Object: 'Object Repository/AdminSuiteBootstrap_Pages/VSP_Bootstrap/View Profile/a_Debit' is clicked on

2022-06-30 22:56:54 - [TEST_STEP][PASSED] - verifyTextPresent("Remittance ID", true): Text 'Remittance ID' is present on page  using regular expression

2022-06-30 22:56:55 - [MESSAGE][PASSED] - Text 'Remittance ID' is present on page  using regular expression

2022-06-30 22:56:55 - [TEST_STEP][PASSED] - vspBootstrap.ACHDebitPage.setDataACHDebit(row, dataFile): vspBootstrap.ACHDebitPage.setDataACHDebit is PASSED

2022-06-30 22:56:56 - [MESSAGE][PASSED] - All options with value 'PPD' are selected in object 'Object Repository/AdminSuiteBootstrap_Pages/VSP_Bootstrap/VSP_Debit/select_StdEntryClass'  using regular expression

2022-06-30 22:56:57 - [MESSAGE][PASSED] - Text '' is set on object 'Object Repository/AdminSuiteBootstrap_Pages/VSP_Bootstrap/VSP_Debit/input_smsNumber'

2022-06-30 22:56:58 - [MESSAGE][PASSED] - Text '2.50' is set on object 'Object Repository/AdminSuiteBootstrap_Pages/VSP_Bootstrap/VSP_Debit/input_amount'

2022-06-30 22:56:59 - [MESSAGE][PASSED] - Text 'Delhi' is set on object 'Object Repository/AdminSuiteBootstrap_Pages/VSP_Bootstrap/VSP_Debit/input_userDefined1'

2022-06-30 22:57:00 - [MESSAGE][PASSED] - Text 'Chennai' is set on object 'Object Repository/AdminSuiteBootstrap_Pages/VSP_Bootstrap/VSP_Debit/input_userDefined2'

2022-06-30 22:57:00 - [MESSAGE][PASSED] - Text 'Mumbai' is set on object 'Object Repository/AdminSuiteBootstrap_Pages/VSP_Bootstrap/VSP_Debit/input_userDefined3'

2022-06-30 22:57:01 - [MESSAGE][PASSED] - Text 'Kanpur' is set on object 'Object Repository/AdminSuiteBootstrap_Pages/VSP_Bootstrap/VSP_Debit/input_userDefined4'

2022-06-30 22:57:02 - [MESSAGE][PASSED] - All options with label 'Orange' are selected in object 'Object Repository/AdminSuiteBootstrap_Pages/VSP_Bootstrap/VSP_Debit/select_UDF5'  using regular expression

2022-06-30 22:57:03 - [MESSAGE][PASSED] - All options with label 'Yellow' are selected in object 'Object Repository/AdminSuiteBootstrap_Pages/VSP_Bootstrap/VSP_Debit/select_UDF6'  using regular expression

2022-06-30 22:57:04 - [MESSAGE][PASSED] - Text 'Kolkata' is set on object 'Object Repository/AdminSuiteBootstrap_Pages/VSP_Bootstrap/VSP_Debit/input_userDefined7'

2022-06-30 22:57:04 - [MESSAGE][PASSED] - Text 'Pune' is set on object 'Object Repository/AdminSuiteBootstrap_Pages/VSP_Bootstrap/VSP_Debit/input_userDefined8'

2022-06-30 22:57:05 - [MESSAGE][PASSED] - Text 'Bhavnagar' is set on object 'Object Repository/AdminSuiteBootstrap_Pages/VSP_Bootstrap/VSP_Debit/input_userDefined9'

2022-06-30 22:57:06 - [MESSAGE][PASSED] - Text 'Noida' is set on object 'Object Repository/AdminSuiteBootstrap_Pages/VSP_Bootstrap/VSP_Debit/input_userDefined10'

2022-06-30 22:57:07 - [MESSAGE][PASSED] - Object: 'Object Repository/AdminSuiteBootstrap_Pages/VSP_Bootstrap/VSP_Debit/button_Submit' is clicked on

2022-06-30 22:57:07 - [MESSAGE][PASSED] - vspBootstrap.ACHDebitPage.setDataACHDebit is PASSED

2022-06-30 22:57:07 - [TEST_STEP][PASSED] - verifyTextPresent("Transaction Successful", true): Text 'Transaction Successful' is present on page  using regular expression

2022-06-30 22:57:08 - [MESSAGE][PASSED] - Text 'Transaction Successful' is present on page  using regular expression

2022-06-30 22:57:08 - [TEST_STEP][PASSED] - verifyElementVisible(findTestObject("Object Repository/AdminSuiteBootstrap_Pages/VT_Bootstrap/Receipt/button_Continue")): Object 'Object Repository/AdminSuiteBootstrap_Pages/VT_Bootstrap/Receipt/button_Continue' is visible

2022-06-30 22:57:08 - [MESSAGE][PASSED] - Object 'Object Repository/AdminSuiteBootstrap_Pages/VT_Bootstrap/Receipt/button_Continue' is visible

2022-06-30 22:57:08 - [TEST_STEP][PASSED] - verifyElementPresent(findTestObject("Object Repository/AdminSuiteBootstrap_Pages/VT_Bootstrap/Receipt/button_Continue"), 20): Object 'Object Repository/AdminSuiteBootstrap_Pages/VT_Bootstrap/Receipt/button_Continue' is present

2022-06-30 22:57:09 - [MESSAGE][PASSED] - Object 'Object Repository/AdminSuiteBootstrap_Pages/VT_Bootstrap/Receipt/button_Continue' is present

2022-06-30 22:57:09 - [TEST_STEP][PASSED] - verifyElementVisible(findTestObject("Object Repository/AdminSuiteBootstrap_Pages/VT_Bootstrap/Receipt/button_Print")): Object 'Object Repository/AdminSuiteBootstrap_Pages/VT_Bootstrap/Receipt/button_Print' is visible

2022-06-30 22:57:09 - [MESSAGE][PASSED] - Object 'Object Repository/AdminSuiteBootstrap_Pages/VT_Bootstrap/Receipt/button_Print' is visible

2022-06-30 22:57:09 - [TEST_STEP][PASSED] - verifyElementPresent(findTestObject("Object Repository/AdminSuiteBootstrap_Pages/VT_Bootstrap/Receipt/button_Print"), 20): Object 'Object Repository/AdminSuiteBootstrap_Pages/VT_Bootstrap/Receipt/button_Print' is present

2022-06-30 22:57:09 - [MESSAGE][PASSED] - Object 'Object Repository/AdminSuiteBootstrap_Pages/VT_Bootstrap/Receipt/button_Print' is present

2022-06-30 22:57:09 - [TEST_STEP][PASSED] - verifyTextPresent("Remittance ID", true): Text 'Remittance ID' is present on page  using regular expression

2022-06-30 22:57:09 - [MESSAGE][PASSED] - Text 'Remittance ID' is present on page  using regular expression

2022-06-30 22:57:09 - [TEST_STEP][PASSED] - verifyTextPresent("Received", true): Text 'Received' is present on page  using regular expression

2022-06-30 22:57:10 - [MESSAGE][PASSED] - Text 'Received' is present on page  using regular expression

2022-06-30 22:57:10 - [TEST_STEP][PASSED] - verifyTextPresent("UDF1", true): Text 'UDF1' is present on page  using regular expression

2022-06-30 22:57:10 - [MESSAGE][PASSED] - Text 'UDF1' is present on page  using regular expression

2022-06-30 22:57:10 - [TEST_STEP][PASSED] - verifyTextPresent("UDF2", true): Text 'UDF2' is present on page  using regular expression

2022-06-30 22:57:10 - [MESSAGE][PASSED] - Text 'UDF2' is present on page  using regular expression

2022-06-30 22:57:10 - [TEST_STEP][PASSED] - verifyTextPresent("UDF3", true): Text 'UDF3' is present on page  using regular expression

2022-06-30 22:57:11 - [MESSAGE][PASSED] - Text 'UDF3' is present on page  using regular expression

2022-06-30 22:57:11 - [TEST_STEP][PASSED] - verifyTextPresent("UDF4", true): Text 'UDF4' is present on page  using regular expression

2022-06-30 22:57:11 - [MESSAGE][PASSED] - Text 'UDF4' is present on page  using regular expression

2022-06-30 22:57:11 - [TEST_STEP][PASSED] - verifyTextPresent("UDF5", true): Text 'UDF5' is present on page  using regular expression

2022-06-30 22:57:11 - [MESSAGE][PASSED] - Text 'UDF5' is present on page  using regular expression

2022-06-30 22:57:11 - [TEST_STEP][PASSED] - verifyTextPresent("UDF6", true): Text 'UDF6' is present on page  using regular expression

2022-06-30 22:57:12 - [MESSAGE][PASSED] - Text 'UDF6' is present on page  using regular expression

2022-06-30 22:57:12 - [TEST_STEP][PASSED] - verifyTextPresent("UDF7", true): Text 'UDF7' is present on page  using regular expression

2022-06-30 22:57:12 - [MESSAGE][PASSED] - Text 'UDF7' is present on page  using regular expression

2022-06-30 22:57:12 - [TEST_STEP][PASSED] - verifyTextPresent("UDF8", true): Text 'UDF8' is present on page  using regular expression

2022-06-30 22:57:12 - [MESSAGE][PASSED] - Text 'UDF8' is present on page  using regular expression

2022-06-30 22:57:12 - [TEST_STEP][PASSED] - verifyTextPresent("UDF9", true): Text 'UDF9' is present on page  using regular expression

2022-06-30 22:57:13 - [MESSAGE][PASSED] - Text 'UDF9' is present on page  using regular expression

2022-06-30 22:57:13 - [TEST_STEP][PASSED] - verifyTextPresent("UDF 10", true): Text 'UDF 10' is present on page  using regular expression

2022-06-30 22:57:13 - [MESSAGE][PASSED] - Text 'UDF 10' is present on page  using regular expression

2022-06-30 22:57:13 - [TEST_STEP][PASSED] - verifyTextPresent("Delhi", true): Text 'Delhi' is present on page  using regular expression

2022-06-30 22:57:13 - [MESSAGE][PASSED] - Text 'Delhi' is present on page  using regular expression

2022-06-30 22:57:13 - [TEST_STEP][PASSED] - verifyTextPresent("Chennai", true): Text 'Chennai' is present on page  using regular expression

2022-06-30 22:57:13 - [MESSAGE][PASSED] - Text 'Chennai' is present on page  using regular expression

2022-06-30 22:57:13 - [TEST_STEP][PASSED] - verifyTextPresent("Mumbai", true): Text 'Mumbai' is present on page  using regular expression

2022-06-30 22:57:14 - [MESSAGE][PASSED] - Text 'Mumbai' is present on page  using regular expression

2022-06-30 22:57:14 - [TEST_STEP][PASSED] - verifyTextPresent("Kanpur", true): Text 'Kanpur' is present on page  using regular expression

2022-06-30 22:57:14 - [MESSAGE][PASSED] - Text 'Kanpur' is present on page  using regular expression

2022-06-30 22:57:14 - [TEST_STEP][PASSED] - verifyTextPresent("Orange Recorded", true): Text 'Orange Recorded' is present on page  using regular expression

2022-06-30 22:57:14 - [MESSAGE][PASSED] - Text 'Orange Recorded' is present on page  using regular expression

2022-06-30 22:57:14 - [TEST_STEP][PASSED] - verifyTextPresent("Yellow Recorded", true): Text 'Yellow Recorded' is present on page  using regular expression

2022-06-30 22:57:15 - [MESSAGE][PASSED] - Text 'Yellow Recorded' is present on page  using regular expression

2022-06-30 22:57:15 - [TEST_STEP][PASSED] - verifyTextPresent("Kolkata", true): Text 'Kolkata' is present on page  using regular expression

2022-06-30 22:57:15 - [MESSAGE][PASSED] - Text 'Kolkata' is present on page  using regular expression

2022-06-30 22:57:15 - [TEST_STEP][PASSED] - verifyTextPresent("Pune", true): Text 'Pune' is present on page  using regular expression

2022-06-30 22:57:16 - [MESSAGE][PASSED] - Text 'Pune' is present on page  using regular expression

2022-06-30 22:57:16 - [TEST_STEP][PASSED] - verifyTextPresent("Bhavnagar", true): Text 'Bhavnagar' is present on page  using regular expression

2022-06-30 22:57:16 - [MESSAGE][PASSED] - Text 'Bhavnagar' is present on page  using regular expression

2022-06-30 22:57:16 - [TEST_STEP][PASSED] - verifyTextPresent("Noida", true): Text 'Noida' is present on page  using regular expression

2022-06-30 22:57:16 - [MESSAGE][PASSED] - Text 'Noida' is present on page  using regular expression

2022-06-30 22:57:16 - [TEST_STEP][PASSED] - verifyTextPresent("Amount", true): Text 'Amount' is present on page  using regular expression

2022-06-30 22:57:17 - [MESSAGE][PASSED] - Text 'Amount' is present on page  using regular expression

2022-06-30 22:57:17 - [TEST_STEP][PASSED] - verifyTextPresent("2.50", true): Text '2.50' is present on page  using regular expression

2022-06-30 22:57:17 - [MESSAGE][PASSED] - Text '2.50' is present on page  using regular expression

2022-06-30 22:57:17 - [TEST_STEP][PASSED] - verifyTextPresent("Transaction Type", true): Text 'Transaction Type' is present on page  using regular expression

2022-06-30 22:57:17 - [MESSAGE][PASSED] - Text 'Transaction Type' is present on page  using regular expression

2022-06-30 22:57:17 - [TEST_STEP][PASSED] - verifyTextPresent("Debit", true): Text 'Debit' is present on page  using regular expression

2022-06-30 22:57:17 - [MESSAGE][PASSED] - Text 'Debit' is present on page  using regular expression

2022-06-30 22:57:17 - [TEST_STEP][PASSED] - verifyTextPresent("Check Information", true): Text 'Check Information' is present on page  using regular expression

2022-06-30 22:57:18 - [MESSAGE][PASSED] - Text 'Check Information' is present on page  using regular expression

2022-06-30 22:57:18 - [TEST_STEP][PASSED] - verifyTextPresent("Account Type", true): Text 'Account Type' is present on page  using regular expression

2022-06-30 22:57:18 - [MESSAGE][PASSED] - Text 'Account Type' is present on page  using regular expression

2022-06-30 22:57:18 - [TEST_STEP][PASSED] - verifyTextPresent("Account Number", true): Text 'Account Number' is present on page  using regular expression

2022-06-30 22:57:18 - [MESSAGE][PASSED] - Text 'Account Number' is present on page  using regular expression

2022-06-30 22:57:18 - [TEST_STEP][PASSED] - verifyTextPresent("Routing Number", true): Text 'Routing Number' is present on page  using regular expression

2022-06-30 22:57:19 - [MESSAGE][PASSED] - Text 'Routing Number' is present on page  using regular expression

2022-06-30 22:57:19 - [TEST_STEP][PASSED] - verifyTextPresent("Address Line 1", true): Text 'Address Line 1' is present on page  using regular expression

2022-06-30 22:57:19 - [MESSAGE][PASSED] - Text 'Address Line 1' is present on page  using regular expression

2022-06-30 22:57:19 - [TEST_STEP][PASSED] - verifyTextPresent("Address Line 2", true): Text 'Address Line 2' is present on page  using regular expression

2022-06-30 22:57:19 - [MESSAGE][PASSED] - Text 'Address Line 2' is present on page  using regular expression

2022-06-30 22:57:19 - [TEST_STEP][PASSED] - verifyTextPresent("Country", true): Text 'Country' is present on page  using regular expression

2022-06-30 22:57:20 - [MESSAGE][PASSED] - Text 'Country' is present on page  using regular expression

2022-06-30 22:57:20 - [TEST_STEP][PASSED] - verifyTextPresent("City", true): Text 'City' is present on page  using regular expression

2022-06-30 22:57:20 - [MESSAGE][PASSED] - Text 'City' is present on page  using regular expression

2022-06-30 22:57:20 - [TEST_STEP][PASSED] - verifyTextPresent("State", true): Text 'State' is present on page  using regular expression

2022-06-30 22:57:20 - [MESSAGE][PASSED] - Text 'State' is present on page  using regular expression

2022-06-30 22:57:20 - [TEST_STEP][PASSED] - verifyTextPresent("ZIP Code", true): Text 'ZIP Code' is present on page  using regular expression

2022-06-30 22:57:21 - [MESSAGE][PASSED] - Text 'ZIP Code' is present on page  using regular expression

2022-06-30 22:57:21 - [TEST_STEP][PASSED] - verifyTextPresent("248 PhoolKaante road", true): Text '248 PhoolKaante road' is present on page  using regular expression

2022-06-30 22:57:21 - [MESSAGE][PASSED] - Text '248 PhoolKaante road' is present on page  using regular expression

2022-06-30 22:57:21 - [TEST_STEP][PASSED] - verifyTextPresent("Suite 678", true): Text 'Suite 678' is present on page  using regular expression

2022-06-30 22:57:21 - [MESSAGE][PASSED] - Text 'Suite 678' is present on page  using regular expression

2022-06-30 22:57:21 - [TEST_STEP][PASSED] - verifyTextPresent("United States", true): Text 'United States' is present on page  using regular expression

2022-06-30 22:57:21 - [MESSAGE][PASSED] - Text 'United States' is present on page  using regular expression

2022-06-30 22:57:21 - [TEST_STEP][PASSED] - verifyTextPresent("ARLINGTON", true): Text 'ARLINGTON' is present on page  using regular expression

2022-06-30 22:57:22 - [MESSAGE][PASSED] - Text 'ARLINGTON' is present on page  using regular expression

2022-06-30 22:57:22 - [TEST_STEP][PASSED] - verifyTextPresent("Virginia", true): Text 'Virginia' is present on page  using regular expression

2022-06-30 22:57:22 - [MESSAGE][PASSED] - Text 'Virginia' is present on page  using regular expression

2022-06-30 22:57:22 - [TEST_STEP][PASSED] - verifyTextPresent("22201", true): Text '22201' is present on page  using regular expression

2022-06-30 22:57:22 - [MESSAGE][PASSED] - Text '22201' is present on page  using regular expression

2022-06-30 22:57:22 - [TEST_STEP][PASSED] - tranType = findTestData(dataFile).getValue("TranType", row): null

2022-06-30 22:57:23 - [TEST_STEP][PASSED] - last4V = findTestData(dataFile).getValue("Last4", row): null

2022-06-30 22:57:23 - [TEST_STEP][PASSED] - verifyTextPresent(tranType, true): Text 'Savings' is present on page  using regular expression

2022-06-30 22:57:23 - [MESSAGE][PASSED] - Text 'Savings' is present on page  using regular expression

2022-06-30 22:57:23 - [TEST_STEP][PASSED] - verifyTextPresent(last4V, true): Text '3333' is present on page  using regular expression

2022-06-30 22:57:23 - [MESSAGE][PASSED] - Text '3333' is present on page  using regular expression

2022-06-30 22:57:23 - [TEST_STEP][PASSED] - if (profNameLink.equalsIgnoreCase("a_PaymentsPC")): null

2022-06-30 22:57:23 - [TEST_STEP][PASSED] - if (profNameLink.equalsIgnoreCase("a_PaymentsPS")): Text 'TANDON RAVENA' is present on page  using regular expression

2022-06-30 22:57:23 - [TEST_STEP][PASSED] - verifyTextPresent("Name on Account", true): Text 'Name on Account' is present on page  using regular expression

2022-06-30 22:57:24 - [MESSAGE][PASSED] - Text 'Name on Account' is present on page  using regular expression

2022-06-30 22:57:24 - [TEST_STEP][PASSED] - verifyTextPresent("TANDON RAVENA", true): Text 'TANDON RAVENA' is present on page  using regular expression

2022-06-30 22:57:24 - [MESSAGE][PASSED] - Text 'TANDON RAVENA' is present on page  using regular expression

2022-06-30 22:57:24 - [TEST_STEP][PASSED] - if (profNameLink.equalsIgnoreCase("a_PaymentsCorp")): null

2022-06-30 22:57:24 - [TEST_STEP][PASSED] - switch (appName): null

2022-06-30 22:57:24 - [TEST_STEP][PASSED] - case "a_Access AutoDualCFtpQA":: null

2022-06-30 22:57:24 - [TEST_STEP][PASSED] - verifyTextPresent("5.00", true): Text '5.00' is present on page  using regular expression

2022-06-30 22:57:24 - [MESSAGE][PASSED] - Text '5.00' is present on page  using regular expression

2022-06-30 22:57:24 - [TEST_STEP][PASSED] - verifyTextPresent("Dual Transaction", true): Text 'Dual Transaction' is present on page  using regular expression

2022-06-30 22:57:25 - [MESSAGE][PASSED] - Text 'Dual Transaction' is present on page  using regular expression

2022-06-30 22:57:25 - [TEST_STEP][PASSED] - verifyTextPresent("7.50", true): Text '7.50' is present on page  using regular expression

2022-06-30 22:57:25 - [MESSAGE][PASSED] - Text '7.50' is present on page  using regular expression

2022-06-30 22:57:25 - [TEST_STEP][PASSED] - verifyTextPresent("Total Amount", true): Text 'Total Amount' is present on page  using regular expression

2022-06-30 22:57:25 - [MESSAGE][PASSED] - Text 'Total Amount' is present on page  using regular expression

2022-06-30 22:57:25 - [TEST_STEP][PASSED] - verifyTextPresent("Transaction Type", true): Text 'Transaction Type' is present on page  using regular expression

2022-06-30 22:57:26 - [MESSAGE][PASSED] - Text 'Transaction Type' is present on page  using regular expression

2022-06-30 22:57:26 - [TEST_STEP][PASSED] - break: null

2022-06-30 22:57:26 - [TEST_STEP][PASSED] - closeBrowser(): Browser is closed

2022-06-30 22:57:26 - [MESSAGE][PASSED] - Browser is closed

2022-06-30 22:57:26 - [TEST_STEP][PASSED] - ExecuteTC = findTestData(dataFile).getValue("Execute", row): null

2022-06-30 22:57:27 - [TEST_STEP][PASSED] - out.println("Value of Execute is : " + ExecuteTC): null

2022-06-30 22:57:27 - [TEST_STEP][PASSED] - switch (executionProfile): null

2022-06-30 22:57:27 - [TEST_STEP][PASSED] - case "QAProfile":: null

2022-06-30 22:57:27 - [TEST_STEP][PASSED] - appName = findTestData(dataFile).getValue("AppNameQA", row): null

2022-06-30 22:57:27 - [TEST_STEP][PASSED] - appID = findTestData(dataFile).getValue("AppIDQA", row): null

2022-06-30 22:57:27 - [TEST_STEP][PASSED] - break: null

2022-06-30 22:57:27 - [TEST_STEP][PASSED] - if (ExecuteTC.equalsIgnoreCase("Y")): null

2022-06-30 22:57:27 - [TEST_STEP][PASSED] - out.println("Begin Record Number: " + row): null

2022-06-30 22:57:27 - [TEST_STEP][PASSED] - today = new java.util.Date(): null

2022-06-30 22:57:27 - [TEST_STEP][PASSED] - println(today): null

2022-06-30 22:57:27 - [TEST_STEP][PASSED] - datText = today: null

2022-06-30 22:57:27 - [TEST_STEP][PASSED] - adminSuiteBootstrap.loginFunctionality.login_AdminSuite(): adminSuiteBootstrap.loginFunctionality.login_AdminSuite is PASSED

2022-06-30 22:57:27 - [MESSAGE][INFO] - Starting 'Chrome' driver

2022-06-30 22:57:27 - [MESSAGE][INFO] - User set preference: ['acceptInsecureCerts', 'true']

2022-06-30 22:57:27 - [MESSAGE][INFO] - Action delay is set to 0 milliseconds

2022-06-30 22:57:30 - [MESSAGE][PASSED] - Browser is opened with url: 'https://qa.velocitypayment.com/admin/imtiaz'

2022-06-30 22:57:31 - [MESSAGE][PASSED] - Current window maximized

2022-06-30 22:57:31 - [MESSAGE][PASSED] - Object 'Object Repository/Login_Page/Login_Username' is present

2022-06-30 22:57:32 - [MESSAGE][PASSED] - Text 'iahmed' is set on object 'Object Repository/Login_Page/Login_Username'

2022-06-30 22:57:32 - [MESSAGE][PASSED] - Text 'hello2222' is set on object 'Object Repository/Login_Page/Login_Password'

2022-06-30 22:57:37 - [MESSAGE][PASSED] - Object: 'Object Repository/Login_Page/Login_Submit' is clicked on

2022-06-30 22:57:37 - [MESSAGE][PASSED] - adminSuiteBootstrap.loginFunctionality.login_AdminSuite is PASSED

2022-06-30 22:57:37 - [TEST_STEP][PASSED] - click(findTestObject(path_Dashboard + appName)): Object: 'Object Repository/AdminSuiteBootstrap_Pages/Dashboard_Bootstrap/a_Access AutoDualCFtpQA' is clicked on

2022-06-30 22:57:38 - [MESSAGE][PASSED] - Object: 'Object Repository/AdminSuiteBootstrap_Pages/Dashboard_Bootstrap/a_Access AutoDualCFtpQA' is clicked on

2022-06-30 22:57:38 - [TEST_STEP][PASSED] - click(findTestObject(path_VT + "a_Find Profile")): Object: 'Object Repository/AdminSuiteBootstrap_Pages/VT_Bootstrap/IssueTransactions/a_Find Profile' is clicked on

2022-06-30 22:57:38 - [MESSAGE][PASSED] - Object: 'Object Repository/AdminSuiteBootstrap_Pages/VT_Bootstrap/IssueTransactions/a_Find Profile' is clicked on

2022-06-30 22:57:38 - [TEST_STEP][PASSED] - criteria = <not implemented yet for class: org.codehaus.groovy.ast.expr.EmptyExpression>: null

2022-06-30 22:57:38 - [TEST_STEP][PASSED] - searchBy = <not implemented yet for class: org.codehaus.groovy.ast.expr.EmptyExpression>: null

2022-06-30 22:57:38 - [TEST_STEP][PASSED] - criteria = findTestData(dataFile).getValue("ProfileName", row): null

2022-06-30 22:57:38 - [TEST_STEP][PASSED] - path_SearchProfile = "Object Repository/AdminSuiteBootstrap_Pages/VSP_Bootstrap/SearchProfile/": null

2022-06-30 22:57:38 - [TEST_STEP][PASSED] - setText(findTestObject(path_SearchProfile + "input_Criteria"), criteria): Text 'PaymentsPS' is set on object 'Object Repository/AdminSuiteBootstrap_Pages/VSP_Bootstrap/SearchProfile/input_Criteria'

2022-06-30 22:57:39 - [MESSAGE][PASSED] - Text 'PaymentsPS' is set on object 'Object Repository/AdminSuiteBootstrap_Pages/VSP_Bootstrap/SearchProfile/input_Criteria'

2022-06-30 22:57:39 - [TEST_STEP][PASSED] - click(findTestObject(path_SearchProfile + "button_Search")): Object: 'Object Repository/AdminSuiteBootstrap_Pages/VSP_Bootstrap/SearchProfile/button_Search' is clicked on

2022-06-30 22:57:40 - [MESSAGE][PASSED] - Object: 'Object Repository/AdminSuiteBootstrap_Pages/VSP_Bootstrap/SearchProfile/button_Search' is clicked on

2022-06-30 22:57:40 - [TEST_STEP][PASSED] - profNameLink = findTestData(dataFile).getValue("ProfileNameLink", row): null

2022-06-30 22:57:40 - [TEST_STEP][PASSED] - click(findTestObject(path_ViewProfile + profNameLink)): Object: 'Object Repository/AdminSuiteBootstrap_Pages/VSP_Bootstrap/View Profile/a_PaymentsPS' is clicked on

2022-06-30 22:57:42 - [MESSAGE][PASSED] - Object: 'Object Repository/AdminSuiteBootstrap_Pages/VSP_Bootstrap/View Profile/a_PaymentsPS' is clicked on

2022-06-30 22:57:42 - [TEST_STEP][PASSED] - click(findTestObject(path_ViewProfile + "a_Debit")): Object: 'Object Repository/AdminSuiteBootstrap_Pages/VSP_Bootstrap/View Profile/a_Debit' is clicked on

2022-06-30 22:57:44 - [MESSAGE][PASSED] - Object: 'Object Repository/AdminSuiteBootstrap_Pages/VSP_Bootstrap/View Profile/a_Debit' is clicked on

2022-06-30 22:57:44 - [TEST_STEP][PASSED] - verifyTextPresent("Remittance ID", true): Text 'Remittance ID' is present on page  using regular expression

2022-06-30 22:57:45 - [MESSAGE][PASSED] - Text 'Remittance ID' is present on page  using regular expression

2022-06-30 22:57:45 - [TEST_STEP][PASSED] - vspBootstrap.ACHDebitPage.setDataACHDebit(row, dataFile): vspBootstrap.ACHDebitPage.setDataACHDebit is PASSED

2022-06-30 22:57:47 - [MESSAGE][PASSED] - All options with value 'TEL' are selected in object 'Object Repository/AdminSuiteBootstrap_Pages/VSP_Bootstrap/VSP_Debit/select_StdEntryClass'  using regular expression

2022-06-30 22:57:48 - [MESSAGE][PASSED] - Text '' is set on object 'Object Repository/AdminSuiteBootstrap_Pages/VSP_Bootstrap/VSP_Debit/input_smsNumber'

2022-06-30 22:57:48 - [MESSAGE][PASSED] - Text '2.50' is set on object 'Object Repository/AdminSuiteBootstrap_Pages/VSP_Bootstrap/VSP_Debit/input_amount'

2022-06-30 22:57:49 - [MESSAGE][PASSED] - Text 'Delhi' is set on object 'Object Repository/AdminSuiteBootstrap_Pages/VSP_Bootstrap/VSP_Debit/input_userDefined1'

2022-06-30 22:57:50 - [MESSAGE][PASSED] - Text 'Chennai' is set on object 'Object Repository/AdminSuiteBootstrap_Pages/VSP_Bootstrap/VSP_Debit/input_userDefined2'

2022-06-30 22:57:51 - [MESSAGE][PASSED] - Text 'Mumbai' is set on object 'Object Repository/AdminSuiteBootstrap_Pages/VSP_Bootstrap/VSP_Debit/input_userDefined3'

2022-06-30 22:57:51 - [MESSAGE][PASSED] - Text 'Kanpur' is set on object 'Object Repository/AdminSuiteBootstrap_Pages/VSP_Bootstrap/VSP_Debit/input_userDefined4'

2022-06-30 22:57:52 - [MESSAGE][PASSED] - All options with label 'Orange' are selected in object 'Object Repository/AdminSuiteBootstrap_Pages/VSP_Bootstrap/VSP_Debit/select_UDF5'  using regular expression

2022-06-30 22:57:53 - [MESSAGE][PASSED] - All options with label 'Yellow' are selected in object 'Object Repository/AdminSuiteBootstrap_Pages/VSP_Bootstrap/VSP_Debit/select_UDF6'  using regular expression

2022-06-30 22:57:54 - [MESSAGE][PASSED] - Text 'Kolkata' is set on object 'Object Repository/AdminSuiteBootstrap_Pages/VSP_Bootstrap/VSP_Debit/input_userDefined7'

2022-06-30 22:57:55 - [MESSAGE][PASSED] - Text 'Pune' is set on object 'Object Repository/AdminSuiteBootstrap_Pages/VSP_Bootstrap/VSP_Debit/input_userDefined8'

2022-06-30 22:57:56 - [MESSAGE][PASSED] - Text 'Bhavnagar' is set on object 'Object Repository/AdminSuiteBootstrap_Pages/VSP_Bootstrap/VSP_Debit/input_userDefined9'

2022-06-30 22:57:56 - [MESSAGE][PASSED] - Text 'Noida' is set on object 'Object Repository/AdminSuiteBootstrap_Pages/VSP_Bootstrap/VSP_Debit/input_userDefined10'

2022-06-30 22:57:58 - [MESSAGE][PASSED] - Object: 'Object Repository/AdminSuiteBootstrap_Pages/VSP_Bootstrap/VSP_Debit/button_Submit' is clicked on

2022-06-30 22:57:58 - [MESSAGE][PASSED] - vspBootstrap.ACHDebitPage.setDataACHDebit is PASSED

2022-06-30 22:57:58 - [TEST_STEP][PASSED] - verifyTextPresent("Transaction Successful", true): Text 'Transaction Successful' is present on page  using regular expression

2022-06-30 22:57:58 - [MESSAGE][PASSED] - Text 'Transaction Successful' is present on page  using regular expression

2022-06-30 22:57:58 - [TEST_STEP][PASSED] - verifyElementVisible(findTestObject("Object Repository/AdminSuiteBootstrap_Pages/VT_Bootstrap/Receipt/button_Continue")): Object 'Object Repository/AdminSuiteBootstrap_Pages/VT_Bootstrap/Receipt/button_Continue' is visible

2022-06-30 22:57:59 - [MESSAGE][PASSED] - Object 'Object Repository/AdminSuiteBootstrap_Pages/VT_Bootstrap/Receipt/button_Continue' is visible

2022-06-30 22:57:59 - [TEST_STEP][PASSED] - verifyElementPresent(findTestObject("Object Repository/AdminSuiteBootstrap_Pages/VT_Bootstrap/Receipt/button_Continue"), 20): Object 'Object Repository/AdminSuiteBootstrap_Pages/VT_Bootstrap/Receipt/button_Continue' is present

2022-06-30 22:57:59 - [MESSAGE][PASSED] - Object 'Object Repository/AdminSuiteBootstrap_Pages/VT_Bootstrap/Receipt/button_Continue' is present

2022-06-30 22:57:59 - [TEST_STEP][PASSED] - verifyElementVisible(findTestObject("Object Repository/AdminSuiteBootstrap_Pages/VT_Bootstrap/Receipt/button_Print")): Object 'Object Repository/AdminSuiteBootstrap_Pages/VT_Bootstrap/Receipt/button_Print' is visible

2022-06-30 22:57:59 - [MESSAGE][PASSED] - Object 'Object Repository/AdminSuiteBootstrap_Pages/VT_Bootstrap/Receipt/button_Print' is visible

2022-06-30 22:57:59 - [TEST_STEP][PASSED] - verifyElementPresent(findTestObject("Object Repository/AdminSuiteBootstrap_Pages/VT_Bootstrap/Receipt/button_Print"), 20): Object 'Object Repository/AdminSuiteBootstrap_Pages/VT_Bootstrap/Receipt/button_Print' is present

2022-06-30 22:58:00 - [MESSAGE][PASSED] - Object 'Object Repository/AdminSuiteBootstrap_Pages/VT_Bootstrap/Receipt/button_Print' is present

2022-06-30 22:58:00 - [TEST_STEP][PASSED] - verifyTextPresent("Remittance ID", true): Text 'Remittance ID' is present on page  using regular expression

2022-06-30 22:58:00 - [MESSAGE][PASSED] - Text 'Remittance ID' is present on page  using regular expression

2022-06-30 22:58:00 - [TEST_STEP][PASSED] - verifyTextPresent("Received", true): Text 'Received' is present on page  using regular expression

2022-06-30 22:58:00 - [MESSAGE][PASSED] - Text 'Received' is present on page  using regular expression

2022-06-30 22:58:00 - [TEST_STEP][PASSED] - verifyTextPresent("UDF1", true): Text 'UDF1' is present on page  using regular expression

2022-06-30 22:58:01 - [MESSAGE][PASSED] - Text 'UDF1' is present on page  using regular expression

2022-06-30 22:58:01 - [TEST_STEP][PASSED] - verifyTextPresent("UDF2", true): Text 'UDF2' is present on page  using regular expression

2022-06-30 22:58:01 - [MESSAGE][PASSED] - Text 'UDF2' is present on page  using regular expression

2022-06-30 22:58:01 - [TEST_STEP][PASSED] - verifyTextPresent("UDF3", true): Text 'UDF3' is present on page  using regular expression

2022-06-30 22:58:01 - [MESSAGE][PASSED] - Text 'UDF3' is present on page  using regular expression

2022-06-30 22:58:01 - [TEST_STEP][PASSED] - verifyTextPresent("UDF4", true): Text 'UDF4' is present on page  using regular expression

2022-06-30 22:58:02 - [MESSAGE][PASSED] - Text 'UDF4' is present on page  using regular expression

2022-06-30 22:58:02 - [TEST_STEP][PASSED] - verifyTextPresent("UDF5", true): Text 'UDF5' is present on page  using regular expression

2022-06-30 22:58:02 - [MESSAGE][PASSED] - Text 'UDF5' is present on page  using regular expression

2022-06-30 22:58:02 - [TEST_STEP][PASSED] - verifyTextPresent("UDF6", true): Text 'UDF6' is present on page  using regular expression

2022-06-30 22:58:02 - [MESSAGE][PASSED] - Text 'UDF6' is present on page  using regular expression

2022-06-30 22:58:02 - [TEST_STEP][PASSED] - verifyTextPresent("UDF7", true): Text 'UDF7' is present on page  using regular expression

2022-06-30 22:58:02 - [MESSAGE][PASSED] - Text 'UDF7' is present on page  using regular expression

2022-06-30 22:58:02 - [TEST_STEP][PASSED] - verifyTextPresent("UDF8", true): Text 'UDF8' is present on page  using regular expression

2022-06-30 22:58:03 - [MESSAGE][PASSED] - Text 'UDF8' is present on page  using regular expression

2022-06-30 22:58:03 - [TEST_STEP][PASSED] - verifyTextPresent("UDF9", true): Text 'UDF9' is present on page  using regular expression

2022-06-30 22:58:03 - [MESSAGE][PASSED] - Text 'UDF9' is present on page  using regular expression

2022-06-30 22:58:03 - [TEST_STEP][PASSED] - verifyTextPresent("UDF 10", true): Text 'UDF 10' is present on page  using regular expression

2022-06-30 22:58:03 - [MESSAGE][PASSED] - Text 'UDF 10' is present on page  using regular expression

2022-06-30 22:58:03 - [TEST_STEP][PASSED] - verifyTextPresent("Delhi", true): Text 'Delhi' is present on page  using regular expression

2022-06-30 22:58:04 - [MESSAGE][PASSED] - Text 'Delhi' is present on page  using regular expression

2022-06-30 22:58:04 - [TEST_STEP][PASSED] - verifyTextPresent("Chennai", true): Text 'Chennai' is present on page  using regular expression

2022-06-30 22:58:04 - [MESSAGE][PASSED] - Text 'Chennai' is present on page  using regular expression

2022-06-30 22:58:04 - [TEST_STEP][PASSED] - verifyTextPresent("Mumbai", true): Text 'Mumbai' is present on page  using regular expression

2022-06-30 22:58:04 - [MESSAGE][PASSED] - Text 'Mumbai' is present on page  using regular expression

2022-06-30 22:58:04 - [TEST_STEP][PASSED] - verifyTextPresent("Kanpur", true): Text 'Kanpur' is present on page  using regular expression

2022-06-30 22:58:05 - [MESSAGE][PASSED] - Text 'Kanpur' is present on page  using regular expression

2022-06-30 22:58:05 - [TEST_STEP][PASSED] - verifyTextPresent("Orange Recorded", true): Text 'Orange Recorded' is present on page  using regular expression

2022-06-30 22:58:05 - [MESSAGE][PASSED] - Text 'Orange Recorded' is present on page  using regular expression

2022-06-30 22:58:05 - [TEST_STEP][PASSED] - verifyTextPresent("Yellow Recorded", true): Text 'Yellow Recorded' is present on page  using regular expression

2022-06-30 22:58:05 - [MESSAGE][PASSED] - Text 'Yellow Recorded' is present on page  using regular expression

2022-06-30 22:58:05 - [TEST_STEP][PASSED] - verifyTextPresent("Kolkata", true): Text 'Kolkata' is present on page  using regular expression

2022-06-30 22:58:06 - [MESSAGE][PASSED] - Text 'Kolkata' is present on page  using regular expression

2022-06-30 22:58:06 - [TEST_STEP][PASSED] - verifyTextPresent("Pune", true): Text 'Pune' is present on page  using regular expression

2022-06-30 22:58:06 - [MESSAGE][PASSED] - Text 'Pune' is present on page  using regular expression

2022-06-30 22:58:06 - [TEST_STEP][PASSED] - verifyTextPresent("Bhavnagar", true): Text 'Bhavnagar' is present on page  using regular expression

2022-06-30 22:58:06 - [MESSAGE][PASSED] - Text 'Bhavnagar' is present on page  using regular expression

2022-06-30 22:58:06 - [TEST_STEP][PASSED] - verifyTextPresent("Noida", true): Text 'Noida' is present on page  using regular expression

2022-06-30 22:58:06 - [MESSAGE][PASSED] - Text 'Noida' is present on page  using regular expression

2022-06-30 22:58:06 - [TEST_STEP][PASSED] - verifyTextPresent("Amount", true): Text 'Amount' is present on page  using regular expression

2022-06-30 22:58:07 - [MESSAGE][PASSED] - Text 'Amount' is present on page  using regular expression

2022-06-30 22:58:07 - [TEST_STEP][PASSED] - verifyTextPresent("2.50", true): Text '2.50' is present on page  using regular expression

2022-06-30 22:58:07 - [MESSAGE][PASSED] - Text '2.50' is present on page  using regular expression

2022-06-30 22:58:07 - [TEST_STEP][PASSED] - verifyTextPresent("Transaction Type", true): Text 'Transaction Type' is present on page  using regular expression

2022-06-30 22:58:08 - [MESSAGE][PASSED] - Text 'Transaction Type' is present on page  using regular expression

2022-06-30 22:58:08 - [TEST_STEP][PASSED] - verifyTextPresent("Debit", true): Text 'Debit' is present on page  using regular expression

2022-06-30 22:58:08 - [MESSAGE][PASSED] - Text 'Debit' is present on page  using regular expression

2022-06-30 22:58:08 - [TEST_STEP][PASSED] - verifyTextPresent("Check Information", true): Text 'Check Information' is present on page  using regular expression

2022-06-30 22:58:08 - [MESSAGE][PASSED] - Text 'Check Information' is present on page  using regular expression

2022-06-30 22:58:08 - [TEST_STEP][PASSED] - verifyTextPresent("Account Type", true): Text 'Account Type' is present on page  using regular expression

2022-06-30 22:58:09 - [MESSAGE][PASSED] - Text 'Account Type' is present on page  using regular expression

2022-06-30 22:58:09 - [TEST_STEP][PASSED] - verifyTextPresent("Account Number", true): Text 'Account Number' is present on page  using regular expression

2022-06-30 22:58:09 - [MESSAGE][PASSED] - Text 'Account Number' is present on page  using regular expression

2022-06-30 22:58:09 - [TEST_STEP][PASSED] - verifyTextPresent("Routing Number", true): Text 'Routing Number' is present on page  using regular expression

2022-06-30 22:58:09 - [MESSAGE][PASSED] - Text 'Routing Number' is present on page  using regular expression

2022-06-30 22:58:09 - [TEST_STEP][PASSED] - verifyTextPresent("Address Line 1", true): Text 'Address Line 1' is present on page  using regular expression

2022-06-30 22:58:09 - [MESSAGE][PASSED] - Text 'Address Line 1' is present on page  using regular expression

2022-06-30 22:58:09 - [TEST_STEP][PASSED] - verifyTextPresent("Address Line 2", true): Text 'Address Line 2' is present on page  using regular expression

2022-06-30 22:58:10 - [MESSAGE][PASSED] - Text 'Address Line 2' is present on page  using regular expression

2022-06-30 22:58:10 - [TEST_STEP][PASSED] - verifyTextPresent("Country", true): Text 'Country' is present on page  using regular expression

2022-06-30 22:58:10 - [MESSAGE][PASSED] - Text 'Country' is present on page  using regular expression

2022-06-30 22:58:10 - [TEST_STEP][PASSED] - verifyTextPresent("City", true): Text 'City' is present on page  using regular expression

2022-06-30 22:58:10 - [MESSAGE][PASSED] - Text 'City' is present on page  using regular expression

2022-06-30 22:58:10 - [TEST_STEP][PASSED] - verifyTextPresent("State", true): Text 'State' is present on page  using regular expression

2022-06-30 22:58:11 - [MESSAGE][PASSED] - Text 'State' is present on page  using regular expression

2022-06-30 22:58:11 - [TEST_STEP][PASSED] - verifyTextPresent("ZIP Code", true): Text 'ZIP Code' is present on page  using regular expression

2022-06-30 22:58:11 - [MESSAGE][PASSED] - Text 'ZIP Code' is present on page  using regular expression

2022-06-30 22:58:11 - [TEST_STEP][PASSED] - verifyTextPresent("248 PhoolKaante road", true): Text '248 PhoolKaante road' is present on page  using regular expression

2022-06-30 22:58:11 - [MESSAGE][PASSED] - Text '248 PhoolKaante road' is present on page  using regular expression

2022-06-30 22:58:11 - [TEST_STEP][PASSED] - verifyTextPresent("Suite 678", true): Text 'Suite 678' is present on page  using regular expression

2022-06-30 22:58:12 - [MESSAGE][PASSED] - Text 'Suite 678' is present on page  using regular expression

2022-06-30 22:58:12 - [TEST_STEP][PASSED] - verifyTextPresent("United States", true): Text 'United States' is present on page  using regular expression

2022-06-30 22:58:12 - [MESSAGE][PASSED] - Text 'United States' is present on page  using regular expression

2022-06-30 22:58:12 - [TEST_STEP][PASSED] - verifyTextPresent("ARLINGTON", true): Text 'ARLINGTON' is present on page  using regular expression

2022-06-30 22:58:12 - [MESSAGE][PASSED] - Text 'ARLINGTON' is present on page  using regular expression

2022-06-30 22:58:12 - [TEST_STEP][PASSED] - verifyTextPresent("Virginia", true): Text 'Virginia' is present on page  using regular expression

2022-06-30 22:58:13 - [MESSAGE][PASSED] - Text 'Virginia' is present on page  using regular expression

2022-06-30 22:58:13 - [TEST_STEP][PASSED] - verifyTextPresent("22201", true): Text '22201' is present on page  using regular expression

2022-06-30 22:58:13 - [MESSAGE][PASSED] - Text '22201' is present on page  using regular expression

2022-06-30 22:58:13 - [TEST_STEP][PASSED] - tranType = findTestData(dataFile).getValue("TranType", row): null

2022-06-30 22:58:13 - [TEST_STEP][PASSED] - last4V = findTestData(dataFile).getValue("Last4", row): null

2022-06-30 22:58:13 - [TEST_STEP][PASSED] - verifyTextPresent(tranType, true): Text 'Savings' is present on page  using regular expression

2022-06-30 22:58:13 - [MESSAGE][PASSED] - Text 'Savings' is present on page  using regular expression

2022-06-30 22:58:13 - [TEST_STEP][PASSED] - verifyTextPresent(last4V, true): Text '3333' is present on page  using regular expression

2022-06-30 22:58:14 - [MESSAGE][PASSED] - Text '3333' is present on page  using regular expression

2022-06-30 22:58:14 - [TEST_STEP][PASSED] - if (profNameLink.equalsIgnoreCase("a_PaymentsPC")): null

2022-06-30 22:58:14 - [TEST_STEP][PASSED] - if (profNameLink.equalsIgnoreCase("a_PaymentsPS")): Text 'TANDON RAVENA' is present on page  using regular expression

2022-06-30 22:58:14 - [TEST_STEP][PASSED] - verifyTextPresent("Name on Account", true): Text 'Name on Account' is present on page  using regular expression

2022-06-30 22:58:14 - [MESSAGE][PASSED] - Text 'Name on Account' is present on page  using regular expression

2022-06-30 22:58:14 - [TEST_STEP][PASSED] - verifyTextPresent("TANDON RAVENA", true): Text 'TANDON RAVENA' is present on page  using regular expression

2022-06-30 22:58:14 - [MESSAGE][PASSED] - Text 'TANDON RAVENA' is present on page  using regular expression

2022-06-30 22:58:14 - [TEST_STEP][PASSED] - if (profNameLink.equalsIgnoreCase("a_PaymentsCorp")): null

2022-06-30 22:58:14 - [TEST_STEP][PASSED] - switch (appName): null

2022-06-30 22:58:14 - [TEST_STEP][PASSED] - case "a_Access AutoDualCFtpQA":: null

2022-06-30 22:58:14 - [TEST_STEP][PASSED] - verifyTextPresent("5.00", true): Text '5.00' is present on page  using regular expression

2022-06-30 22:58:14 - [MESSAGE][PASSED] - Text '5.00' is present on page  using regular expression

2022-06-30 22:58:14 - [TEST_STEP][PASSED] - verifyTextPresent("Dual Transaction", true): Text 'Dual Transaction' is present on page  using regular expression

2022-06-30 22:58:15 - [MESSAGE][PASSED] - Text 'Dual Transaction' is present on page  using regular expression

2022-06-30 22:58:15 - [TEST_STEP][PASSED] - verifyTextPresent("7.50", true): Text '7.50' is present on page  using regular expression

2022-06-30 22:58:15 - [MESSAGE][PASSED] - Text '7.50' is present on page  using regular expression

2022-06-30 22:58:15 - [TEST_STEP][PASSED] - verifyTextPresent("Total Amount", true): Text 'Total Amount' is present on page  using regular expression

2022-06-30 22:58:15 - [MESSAGE][PASSED] - Text 'Total Amount' is present on page  using regular expression

2022-06-30 22:58:15 - [TEST_STEP][PASSED] - verifyTextPresent("Transaction Type", true): Text 'Transaction Type' is present on page  using regular expression

2022-06-30 22:58:16 - [MESSAGE][PASSED] - Text 'Transaction Type' is present on page  using regular expression

2022-06-30 22:58:16 - [TEST_STEP][PASSED] - break: null

2022-06-30 22:58:16 - [TEST_STEP][PASSED] - closeBrowser(): Browser is closed

2022-06-30 22:58:17 - [MESSAGE][PASSED] - Browser is closed

2022-06-30 22:58:17 - [TEST_STEP][PASSED] - ExecuteTC = findTestData(dataFile).getValue("Execute", row): null

2022-06-30 22:58:17 - [TEST_STEP][PASSED] - out.println("Value of Execute is : " + ExecuteTC): null

2022-06-30 22:58:17 - [TEST_STEP][PASSED] - switch (executionProfile): null

2022-06-30 22:58:17 - [TEST_STEP][PASSED] - case "QAProfile":: null

2022-06-30 22:58:17 - [TEST_STEP][PASSED] - appName = findTestData(dataFile).getValue("AppNameQA", row): null

2022-06-30 22:58:17 - [TEST_STEP][PASSED] - appID = findTestData(dataFile).getValue("AppIDQA", row): null

2022-06-30 22:58:17 - [TEST_STEP][PASSED] - break: null

2022-06-30 22:58:17 - [TEST_STEP][PASSED] - if (ExecuteTC.equalsIgnoreCase("Y")): null

2022-06-30 22:58:17 - [TEST_STEP][PASSED] - out.println("Begin Record Number: " + row): null

2022-06-30 22:58:17 - [TEST_STEP][PASSED] - today = new java.util.Date(): null

2022-06-30 22:58:17 - [TEST_STEP][PASSED] - println(today): null

2022-06-30 22:58:17 - [TEST_STEP][PASSED] - datText = today: null

2022-06-30 22:58:17 - [TEST_STEP][PASSED] - adminSuiteBootstrap.loginFunctionality.login_AdminSuite(): adminSuiteBootstrap.loginFunctionality.login_AdminSuite is PASSED

2022-06-30 22:58:17 - [MESSAGE][INFO] - Starting 'Chrome' driver

2022-06-30 22:58:17 - [MESSAGE][INFO] - User set preference: ['acceptInsecureCerts', 'true']

2022-06-30 22:58:17 - [MESSAGE][INFO] - Action delay is set to 0 milliseconds

2022-06-30 22:58:20 - [MESSAGE][PASSED] - Browser is opened with url: 'https://qa.velocitypayment.com/admin/imtiaz'

2022-06-30 22:58:20 - [MESSAGE][PASSED] - Current window maximized

2022-06-30 22:58:21 - [MESSAGE][PASSED] - Object 'Object Repository/Login_Page/Login_Username' is present

2022-06-30 22:58:21 - [MESSAGE][PASSED] - Text 'iahmed' is set on object 'Object Repository/Login_Page/Login_Username'

2022-06-30 22:58:22 - [MESSAGE][PASSED] - Text 'hello2222' is set on object 'Object Repository/Login_Page/Login_Password'

2022-06-30 22:58:26 - [MESSAGE][PASSED] - Object: 'Object Repository/Login_Page/Login_Submit' is clicked on

2022-06-30 22:58:26 - [MESSAGE][PASSED] - adminSuiteBootstrap.loginFunctionality.login_AdminSuite is PASSED

2022-06-30 22:58:26 - [TEST_STEP][PASSED] - click(findTestObject(path_Dashboard + appName)): Object: 'Object Repository/AdminSuiteBootstrap_Pages/Dashboard_Bootstrap/a_Access AutoDualCFtpQA' is clicked on

2022-06-30 22:58:27 - [MESSAGE][PASSED] - Object: 'Object Repository/AdminSuiteBootstrap_Pages/Dashboard_Bootstrap/a_Access AutoDualCFtpQA' is clicked on

2022-06-30 22:58:27 - [TEST_STEP][PASSED] - click(findTestObject(path_VT + "a_Find Profile")): Object: 'Object Repository/AdminSuiteBootstrap_Pages/VT_Bootstrap/IssueTransactions/a_Find Profile' is clicked on

2022-06-30 22:58:27 - [MESSAGE][PASSED] - Object: 'Object Repository/AdminSuiteBootstrap_Pages/VT_Bootstrap/IssueTransactions/a_Find Profile' is clicked on

2022-06-30 22:58:27 - [TEST_STEP][PASSED] - criteria = <not implemented yet for class: org.codehaus.groovy.ast.expr.EmptyExpression>: null

2022-06-30 22:58:27 - [TEST_STEP][PASSED] - searchBy = <not implemented yet for class: org.codehaus.groovy.ast.expr.EmptyExpression>: null

2022-06-30 22:58:27 - [TEST_STEP][PASSED] - criteria = findTestData(dataFile).getValue("ProfileName", row): null

2022-06-30 22:58:27 - [TEST_STEP][PASSED] - path_SearchProfile = "Object Repository/AdminSuiteBootstrap_Pages/VSP_Bootstrap/SearchProfile/": null

2022-06-30 22:58:27 - [TEST_STEP][PASSED] - setText(findTestObject(path_SearchProfile + "input_Criteria"), criteria): Text 'PaymentsCorp' is set on object 'Object Repository/AdminSuiteBootstrap_Pages/VSP_Bootstrap/SearchProfile/input_Criteria'

2022-06-30 22:58:28 - [MESSAGE][PASSED] - Text 'PaymentsCorp' is set on object 'Object Repository/AdminSuiteBootstrap_Pages/VSP_Bootstrap/SearchProfile/input_Criteria'

2022-06-30 22:58:28 - [TEST_STEP][PASSED] - click(findTestObject(path_SearchProfile + "button_Search")): Object: 'Object Repository/AdminSuiteBootstrap_Pages/VSP_Bootstrap/SearchProfile/button_Search' is clicked on

2022-06-30 22:58:29 - [MESSAGE][PASSED] - Object: 'Object Repository/AdminSuiteBootstrap_Pages/VSP_Bootstrap/SearchProfile/button_Search' is clicked on

2022-06-30 22:58:29 - [TEST_STEP][PASSED] - profNameLink = findTestData(dataFile).getValue("ProfileNameLink", row): null

2022-06-30 22:58:29 - [TEST_STEP][PASSED] - click(findTestObject(path_ViewProfile + profNameLink)): Object: 'Object Repository/AdminSuiteBootstrap_Pages/VSP_Bootstrap/View Profile/a_PaymentsCorp' is clicked on

2022-06-30 22:58:31 - [MESSAGE][PASSED] - Object: 'Object Repository/AdminSuiteBootstrap_Pages/VSP_Bootstrap/View Profile/a_PaymentsCorp' is clicked on

2022-06-30 22:58:31 - [TEST_STEP][PASSED] - click(findTestObject(path_ViewProfile + "a_Debit")): Object: 'Object Repository/AdminSuiteBootstrap_Pages/VSP_Bootstrap/View Profile/a_Debit' is clicked on

2022-06-30 22:58:32 - [MESSAGE][PASSED] - Object: 'Object Repository/AdminSuiteBootstrap_Pages/VSP_Bootstrap/View Profile/a_Debit' is clicked on

2022-06-30 22:58:32 - [TEST_STEP][PASSED] - verifyTextPresent("Remittance ID", true): Text 'Remittance ID' is present on page  using regular expression

2022-06-30 22:58:33 - [MESSAGE][PASSED] - Text 'Remittance ID' is present on page  using regular expression

2022-06-30 22:58:33 - [TEST_STEP][PASSED] - vspBootstrap.ACHDebitPage.setDataACHDebit(row, dataFile): vspBootstrap.ACHDebitPage.setDataACHDebit is PASSED

2022-06-30 22:58:34 - [MESSAGE][PASSED] - All options with value 'CCD' are selected in object 'Object Repository/AdminSuiteBootstrap_Pages/VSP_Bootstrap/VSP_Debit/select_StdEntryClass'  using regular expression

2022-06-30 22:58:35 - [MESSAGE][PASSED] - Text '' is set on object 'Object Repository/AdminSuiteBootstrap_Pages/VSP_Bootstrap/VSP_Debit/input_smsNumber'

2022-06-30 22:58:35 - [MESSAGE][PASSED] - Text '2.50' is set on object 'Object Repository/AdminSuiteBootstrap_Pages/VSP_Bootstrap/VSP_Debit/input_amount'

2022-06-30 22:58:37 - [MESSAGE][PASSED] - Text '123456789' is set on object 'Object Repository/AdminSuiteBootstrap_Pages/VSP_Bootstrap/VSP_Debit/input_ein'

2022-06-30 22:58:37 - [MESSAGE][PASSED] - Text 'Delhi' is set on object 'Object Repository/AdminSuiteBootstrap_Pages/VSP_Bootstrap/VSP_Debit/input_userDefined1'

2022-06-30 22:58:38 - [MESSAGE][PASSED] - Text 'Chennai' is set on object 'Object Repository/AdminSuiteBootstrap_Pages/VSP_Bootstrap/VSP_Debit/input_userDefined2'

2022-06-30 22:58:38 - [MESSAGE][PASSED] - Text 'Mumbai' is set on object 'Object Repository/AdminSuiteBootstrap_Pages/VSP_Bootstrap/VSP_Debit/input_userDefined3'

2022-06-30 22:58:39 - [MESSAGE][PASSED] - Text 'Kanpur' is set on object 'Object Repository/AdminSuiteBootstrap_Pages/VSP_Bootstrap/VSP_Debit/input_userDefined4'

2022-06-30 22:58:40 - [MESSAGE][PASSED] - All options with label 'Orange' are selected in object 'Object Repository/AdminSuiteBootstrap_Pages/VSP_Bootstrap/VSP_Debit/select_UDF5'  using regular expression

2022-06-30 22:58:41 - [MESSAGE][PASSED] - All options with label 'Yellow' are selected in object 'Object Repository/AdminSuiteBootstrap_Pages/VSP_Bootstrap/VSP_Debit/select_UDF6'  using regular expression

2022-06-30 22:58:42 - [MESSAGE][PASSED] - Text 'Kolkata' is set on object 'Object Repository/AdminSuiteBootstrap_Pages/VSP_Bootstrap/VSP_Debit/input_userDefined7'

2022-06-30 22:58:42 - [MESSAGE][PASSED] - Text 'Pune' is set on object 'Object Repository/AdminSuiteBootstrap_Pages/VSP_Bootstrap/VSP_Debit/input_userDefined8'

2022-06-30 22:58:43 - [MESSAGE][PASSED] - Text 'Bhavnagar' is set on object 'Object Repository/AdminSuiteBootstrap_Pages/VSP_Bootstrap/VSP_Debit/input_userDefined9'

2022-06-30 22:58:44 - [MESSAGE][PASSED] - Text 'Noida' is set on object 'Object Repository/AdminSuiteBootstrap_Pages/VSP_Bootstrap/VSP_Debit/input_userDefined10'

2022-06-30 22:58:45 - [MESSAGE][PASSED] - Object: 'Object Repository/AdminSuiteBootstrap_Pages/VSP_Bootstrap/VSP_Debit/button_Submit' is clicked on

2022-06-30 22:58:45 - [MESSAGE][PASSED] - vspBootstrap.ACHDebitPage.setDataACHDebit is PASSED

2022-06-30 22:58:45 - [TEST_STEP][PASSED] - verifyTextPresent("Transaction Successful", true): Text 'Transaction Successful' is present on page  using regular expression

2022-06-30 22:58:46 - [MESSAGE][PASSED] - Text 'Transaction Successful' is present on page  using regular expression

2022-06-30 22:58:46 - [TEST_STEP][PASSED] - verifyElementVisible(findTestObject("Object Repository/AdminSuiteBootstrap_Pages/VT_Bootstrap/Receipt/button_Continue")): Object 'Object Repository/AdminSuiteBootstrap_Pages/VT_Bootstrap/Receipt/button_Continue' is visible

2022-06-30 22:58:46 - [MESSAGE][PASSED] - Object 'Object Repository/AdminSuiteBootstrap_Pages/VT_Bootstrap/Receipt/button_Continue' is visible

2022-06-30 22:58:46 - [TEST_STEP][PASSED] - verifyElementPresent(findTestObject("Object Repository/AdminSuiteBootstrap_Pages/VT_Bootstrap/Receipt/button_Continue"), 20): Object 'Object Repository/AdminSuiteBootstrap_Pages/VT_Bootstrap/Receipt/button_Continue' is present

2022-06-30 22:58:47 - [MESSAGE][PASSED] - Object 'Object Repository/AdminSuiteBootstrap_Pages/VT_Bootstrap/Receipt/button_Continue' is present

2022-06-30 22:58:47 - [TEST_STEP][PASSED] - verifyElementVisible(findTestObject("Object Repository/AdminSuiteBootstrap_Pages/VT_Bootstrap/Receipt/button_Print")): Object 'Object Repository/AdminSuiteBootstrap_Pages/VT_Bootstrap/Receipt/button_Print' is visible

2022-06-30 22:58:47 - [MESSAGE][PASSED] - Object 'Object Repository/AdminSuiteBootstrap_Pages/VT_Bootstrap/Receipt/button_Print' is visible

2022-06-30 22:58:47 - [TEST_STEP][PASSED] - verifyElementPresent(findTestObject("Object Repository/AdminSuiteBootstrap_Pages/VT_Bootstrap/Receipt/button_Print"), 20): Object 'Object Repository/AdminSuiteBootstrap_Pages/VT_Bootstrap/Receipt/button_Print' is present

2022-06-30 22:58:47 - [MESSAGE][PASSED] - Object 'Object Repository/AdminSuiteBootstrap_Pages/VT_Bootstrap/Receipt/button_Print' is present

2022-06-30 22:58:47 - [TEST_STEP][PASSED] - verifyTextPresent("Remittance ID", true): Text 'Remittance ID' is present on page  using regular expression

2022-06-30 22:58:48 - [MESSAGE][PASSED] - Text 'Remittance ID' is present on page  using regular expression

2022-06-30 22:58:48 - [TEST_STEP][PASSED] - verifyTextPresent("Received", true): Text 'Received' is present on page  using regular expression

2022-06-30 22:58:48 - [MESSAGE][PASSED] - Text 'Received' is present on page  using regular expression

2022-06-30 22:58:48 - [TEST_STEP][PASSED] - verifyTextPresent("UDF1", true): Text 'UDF1' is present on page  using regular expression

2022-06-30 22:58:48 - [MESSAGE][PASSED] - Text 'UDF1' is present on page  using regular expression

2022-06-30 22:58:48 - [TEST_STEP][PASSED] - verifyTextPresent("UDF2", true): Text 'UDF2' is present on page  using regular expression

2022-06-30 22:58:49 - [MESSAGE][PASSED] - Text 'UDF2' is present on page  using regular expression

2022-06-30 22:58:49 - [TEST_STEP][PASSED] - verifyTextPresent("UDF3", true): Text 'UDF3' is present on page  using regular expression

2022-06-30 22:58:49 - [MESSAGE][PASSED] - Text 'UDF3' is present on page  using regular expression

2022-06-30 22:58:49 - [TEST_STEP][PASSED] - verifyTextPresent("UDF4", true): Text 'UDF4' is present on page  using regular expression

2022-06-30 22:58:49 - [MESSAGE][PASSED] - Text 'UDF4' is present on page  using regular expression

2022-06-30 22:58:49 - [TEST_STEP][PASSED] - verifyTextPresent("UDF5", true): Text 'UDF5' is present on page  using regular expression

2022-06-30 22:58:50 - [MESSAGE][PASSED] - Text 'UDF5' is present on page  using regular expression

2022-06-30 22:58:50 - [TEST_STEP][PASSED] - verifyTextPresent("UDF6", true): Text 'UDF6' is present on page  using regular expression

2022-06-30 22:58:50 - [MESSAGE][PASSED] - Text 'UDF6' is present on page  using regular expression

2022-06-30 22:58:50 - [TEST_STEP][PASSED] - verifyTextPresent("UDF7", true): Text 'UDF7' is present on page  using regular expression

2022-06-30 22:58:50 - [MESSAGE][PASSED] - Text 'UDF7' is present on page  using regular expression

2022-06-30 22:58:50 - [TEST_STEP][PASSED] - verifyTextPresent("UDF8", true): Text 'UDF8' is present on page  using regular expression

2022-06-30 22:58:50 - [MESSAGE][PASSED] - Text 'UDF8' is present on page  using regular expression

2022-06-30 22:58:50 - [TEST_STEP][PASSED] - verifyTextPresent("UDF9", true): Text 'UDF9' is present on page  using regular expression

2022-06-30 22:58:51 - [MESSAGE][PASSED] - Text 'UDF9' is present on page  using regular expression

2022-06-30 22:58:51 - [TEST_STEP][PASSED] - verifyTextPresent("UDF 10", true): Text 'UDF 10' is present on page  using regular expression

2022-06-30 22:58:51 - [MESSAGE][PASSED] - Text 'UDF 10' is present on page  using regular expression

2022-06-30 22:58:51 - [TEST_STEP][PASSED] - verifyTextPresent("Delhi", true): Text 'Delhi' is present on page  using regular expression

2022-06-30 22:58:52 - [MESSAGE][PASSED] - Text 'Delhi' is present on page  using regular expression

2022-06-30 22:58:52 - [TEST_STEP][PASSED] - verifyTextPresent("Chennai", true): Text 'Chennai' is present on page  using regular expression

2022-06-30 22:58:52 - [MESSAGE][PASSED] - Text 'Chennai' is present on page  using regular expression

2022-06-30 22:58:52 - [TEST_STEP][PASSED] - verifyTextPresent("Mumbai", true): Text 'Mumbai' is present on page  using regular expression

2022-06-30 22:58:52 - [MESSAGE][PASSED] - Text 'Mumbai' is present on page  using regular expression

2022-06-30 22:58:52 - [TEST_STEP][PASSED] - verifyTextPresent("Kanpur", true): Text 'Kanpur' is present on page  using regular expression

2022-06-30 22:58:53 - [MESSAGE][PASSED] - Text 'Kanpur' is present on page  using regular expression

2022-06-30 22:58:53 - [TEST_STEP][PASSED] - verifyTextPresent("Orange Recorded", true): Text 'Orange Recorded' is present on page  using regular expression

2022-06-30 22:58:53 - [MESSAGE][PASSED] - Text 'Orange Recorded' is present on page  using regular expression

2022-06-30 22:58:53 - [TEST_STEP][PASSED] - verifyTextPresent("Yellow Recorded", true): Text 'Yellow Recorded' is present on page  using regular expression

2022-06-30 22:58:53 - [MESSAGE][PASSED] - Text 'Yellow Recorded' is present on page  using regular expression

2022-06-30 22:58:53 - [TEST_STEP][PASSED] - verifyTextPresent("Kolkata", true): Text 'Kolkata' is present on page  using regular expression

2022-06-30 22:58:54 - [MESSAGE][PASSED] - Text 'Kolkata' is present on page  using regular expression

2022-06-30 22:58:54 - [TEST_STEP][PASSED] - verifyTextPresent("Pune", true): Text 'Pune' is present on page  using regular expression

2022-06-30 22:58:54 - [MESSAGE][PASSED] - Text 'Pune' is present on page  using regular expression

2022-06-30 22:58:54 - [TEST_STEP][PASSED] - verifyTextPresent("Bhavnagar", true): Text 'Bhavnagar' is present on page  using regular expression

2022-06-30 22:58:54 - [MESSAGE][PASSED] - Text 'Bhavnagar' is present on page  using regular expression

2022-06-30 22:58:54 - [TEST_STEP][PASSED] - verifyTextPresent("Noida", true): Text 'Noida' is present on page  using regular expression

2022-06-30 22:58:55 - [MESSAGE][PASSED] - Text 'Noida' is present on page  using regular expression

2022-06-30 22:58:55 - [TEST_STEP][PASSED] - verifyTextPresent("Amount", true): Text 'Amount' is present on page  using regular expression

2022-06-30 22:58:55 - [MESSAGE][PASSED] - Text 'Amount' is present on page  using regular expression

2022-06-30 22:58:55 - [TEST_STEP][PASSED] - verifyTextPresent("2.50", true): Text '2.50' is present on page  using regular expression

2022-06-30 22:58:55 - [MESSAGE][PASSED] - Text '2.50' is present on page  using regular expression

2022-06-30 22:58:55 - [TEST_STEP][PASSED] - verifyTextPresent("Transaction Type", true): Text 'Transaction Type' is present on page  using regular expression

2022-06-30 22:58:56 - [MESSAGE][PASSED] - Text 'Transaction Type' is present on page  using regular expression

2022-06-30 22:58:56 - [TEST_STEP][PASSED] - verifyTextPresent("Debit", true): Text 'Debit' is present on page  using regular expression

2022-06-30 22:58:56 - [MESSAGE][PASSED] - Text 'Debit' is present on page  using regular expression

2022-06-30 22:58:56 - [TEST_STEP][PASSED] - verifyTextPresent("Check Information", true): Text 'Check Information' is present on page  using regular expression

2022-06-30 22:58:56 - [MESSAGE][PASSED] - Text 'Check Information' is present on page  using regular expression

2022-06-30 22:58:56 - [TEST_STEP][PASSED] - verifyTextPresent("Account Type", true): Text 'Account Type' is present on page  using regular expression

2022-06-30 22:58:57 - [MESSAGE][PASSED] - Text 'Account Type' is present on page  using regular expression

2022-06-30 22:58:57 - [TEST_STEP][PASSED] - verifyTextPresent("Account Number", true): Text 'Account Number' is present on page  using regular expression

2022-06-30 22:58:57 - [MESSAGE][PASSED] - Text 'Account Number' is present on page  using regular expression

2022-06-30 22:58:57 - [TEST_STEP][PASSED] - verifyTextPresent("Routing Number", true): Text 'Routing Number' is present on page  using regular expression

2022-06-30 22:58:57 - [MESSAGE][PASSED] - Text 'Routing Number' is present on page  using regular expression

2022-06-30 22:58:57 - [TEST_STEP][PASSED] - verifyTextPresent("Address Line 1", true): Text 'Address Line 1' is present on page  using regular expression

2022-06-30 22:58:57 - [MESSAGE][PASSED] - Text 'Address Line 1' is present on page  using regular expression

2022-06-30 22:58:57 - [TEST_STEP][PASSED] - verifyTextPresent("Address Line 2", true): Text 'Address Line 2' is present on page  using regular expression

2022-06-30 22:58:58 - [MESSAGE][PASSED] - Text 'Address Line 2' is present on page  using regular expression

2022-06-30 22:58:58 - [TEST_STEP][PASSED] - verifyTextPresent("Country", true): Text 'Country' is present on page  using regular expression

2022-06-30 22:58:58 - [MESSAGE][PASSED] - Text 'Country' is present on page  using regular expression

2022-06-30 22:58:58 - [TEST_STEP][PASSED] - verifyTextPresent("City", true): Text 'City' is present on page  using regular expression

2022-06-30 22:58:58 - [MESSAGE][PASSED] - Text 'City' is present on page  using regular expression

2022-06-30 22:58:58 - [TEST_STEP][PASSED] - verifyTextPresent("State", true): Text 'State' is present on page  using regular expression

2022-06-30 22:58:59 - [MESSAGE][PASSED] - Text 'State' is present on page  using regular expression

2022-06-30 22:58:59 - [TEST_STEP][PASSED] - verifyTextPresent("ZIP Code", true): Text 'ZIP Code' is present on page  using regular expression

2022-06-30 22:58:59 - [MESSAGE][PASSED] - Text 'ZIP Code' is present on page  using regular expression

2022-06-30 22:58:59 - [TEST_STEP][PASSED] - verifyTextPresent("248 PhoolKaante road", true): Text '248 PhoolKaante road' is present on page  using regular expression

2022-06-30 22:58:59 - [MESSAGE][PASSED] - Text '248 PhoolKaante road' is present on page  using regular expression

2022-06-30 22:58:59 - [TEST_STEP][PASSED] - verifyTextPresent("Suite 678", true): Text 'Suite 678' is present on page  using regular expression

2022-06-30 22:58:59 - [MESSAGE][PASSED] - Text 'Suite 678' is present on page  using regular expression

2022-06-30 22:58:59 - [TEST_STEP][PASSED] - verifyTextPresent("United States", true): Text 'United States' is present on page  using regular expression

2022-06-30 22:59:00 - [MESSAGE][PASSED] - Text 'United States' is present on page  using regular expression

2022-06-30 22:59:00 - [TEST_STEP][PASSED] - verifyTextPresent("ARLINGTON", true): Text 'ARLINGTON' is present on page  using regular expression

2022-06-30 22:59:00 - [MESSAGE][PASSED] - Text 'ARLINGTON' is present on page  using regular expression

2022-06-30 22:59:00 - [TEST_STEP][PASSED] - verifyTextPresent("Virginia", true): Text 'Virginia' is present on page  using regular expression

2022-06-30 22:59:00 - [MESSAGE][PASSED] - Text 'Virginia' is present on page  using regular expression

2022-06-30 22:59:00 - [TEST_STEP][PASSED] - verifyTextPresent("22201", true): Text '22201' is present on page  using regular expression

2022-06-30 22:59:01 - [MESSAGE][PASSED] - Text '22201' is present on page  using regular expression

2022-06-30 22:59:01 - [TEST_STEP][PASSED] - tranType = findTestData(dataFile).getValue("TranType", row): null

2022-06-30 22:59:01 - [TEST_STEP][PASSED] - last4V = findTestData(dataFile).getValue("Last4", row): null

2022-06-30 22:59:01 - [TEST_STEP][PASSED] - verifyTextPresent(tranType, true): Text 'Checking' is present on page  using regular expression

2022-06-30 22:59:01 - [MESSAGE][PASSED] - Text 'Checking' is present on page  using regular expression

2022-06-30 22:59:01 - [TEST_STEP][PASSED] - verifyTextPresent(last4V, true): Text '4444' is present on page  using regular expression

2022-06-30 22:59:01 - [MESSAGE][PASSED] - Text '4444' is present on page  using regular expression

2022-06-30 22:59:01 - [TEST_STEP][PASSED] - if (profNameLink.equalsIgnoreCase("a_PaymentsPC")): null

2022-06-30 22:59:01 - [TEST_STEP][PASSED] - if (profNameLink.equalsIgnoreCase("a_PaymentsPS")): null

2022-06-30 22:59:01 - [TEST_STEP][PASSED] - if (profNameLink.equalsIgnoreCase("a_PaymentsCorp")): Text '123456789' is present on page  using regular expression

2022-06-30 22:59:01 - [TEST_STEP][PASSED] - verifyTextPresent("Employer Identification Number", true): Text 'Employer Identification Number' is present on page  using regular expression

2022-06-30 22:59:02 - [MESSAGE][PASSED] - Text 'Employer Identification Number' is present on page  using regular expression

2022-06-30 22:59:02 - [TEST_STEP][PASSED] - verifyTextPresent("EIN", true): Text 'EIN' is present on page  using regular expression

2022-06-30 22:59:02 - [MESSAGE][PASSED] - Text 'EIN' is present on page  using regular expression

2022-06-30 22:59:02 - [TEST_STEP][PASSED] - verifyTextPresent("123456789", true): Text '123456789' is present on page  using regular expression

2022-06-30 22:59:02 - [MESSAGE][PASSED] - Text '123456789' is present on page  using regular expression

2022-06-30 22:59:02 - [TEST_STEP][PASSED] - switch (appName): null

2022-06-30 22:59:02 - [TEST_STEP][PASSED] - case "a_Access AutoDualCFtpQA":: null

2022-06-30 22:59:02 - [TEST_STEP][PASSED] - verifyTextPresent("5.00", true): Text '5.00' is present on page  using regular expression

2022-06-30 22:59:03 - [MESSAGE][PASSED] - Text '5.00' is present on page  using regular expression

2022-06-30 22:59:03 - [TEST_STEP][PASSED] - verifyTextPresent("Dual Transaction", true): Text 'Dual Transaction' is present on page  using regular expression

2022-06-30 22:59:03 - [MESSAGE][PASSED] - Text 'Dual Transaction' is present on page  using regular expression

2022-06-30 22:59:03 - [TEST_STEP][PASSED] - verifyTextPresent("7.50", true): Text '7.50' is present on page  using regular expression

2022-06-30 22:59:03 - [MESSAGE][PASSED] - Text '7.50' is present on page  using regular expression

2022-06-30 22:59:03 - [TEST_STEP][PASSED] - verifyTextPresent("Total Amount", true): Text 'Total Amount' is present on page  using regular expression

2022-06-30 22:59:04 - [MESSAGE][PASSED] - Text 'Total Amount' is present on page  using regular expression

2022-06-30 22:59:04 - [TEST_STEP][PASSED] - verifyTextPresent("Transaction Type", true): Text 'Transaction Type' is present on page  using regular expression

2022-06-30 22:59:04 - [MESSAGE][PASSED] - Text 'Transaction Type' is present on page  using regular expression

2022-06-30 22:59:04 - [TEST_STEP][PASSED] - break: null

2022-06-30 22:59:04 - [TEST_STEP][PASSED] - closeBrowser(): Browser is closed

2022-06-30 22:59:05 - [MESSAGE][PASSED] - Browser is closed]]></system-out>
         <system-err><![CDATA[]]></system-err>
      </testcase>
      <system-out><![CDATA[2022-06-30 22:03:35 - [TEST_SUITE][FAILED] - VPS-Payments-TestSuite: Test Cases/Admin Suite Bootstrap/VSP_Payments_TestCases/Sale_TP_AllCF_Generic_Payment_TC FAILED.
Reason:
com.kms.katalon.core.exception.StepFailedException: Text 'Transaction Successful' is not present on page  using regular expression (Root cause: com.kms.katalon.core.exception.StepFailedException: Text 'Transaction Successful' is not present on page  using regular expression
	at com.kms.katalon.core.webui.keyword.internal.WebUIKeywordMain.stepFailed(WebUIKeywordMain.groovy:64)
	at com.kms.katalon.core.webui.keyword.builtin.VerifyTextPresentKeyword$_verifyTextPresent_closure1.doCall(VerifyTextPresentKeyword.groovy:79)
	at com.kms.katalon.core.webui.keyword.builtin.VerifyTextPresentKeyword$_verifyTextPresent_closure1.call(VerifyTextPresentKeyword.groovy)
	at com.kms.katalon.core.webui.keyword.internal.WebUIKeywordMain.runKeyword(WebUIKeywordMain.groovy:20)
	at com.kms.katalon.core.webui.keyword.builtin.VerifyTextPresentKeyword.verifyTextPresent(VerifyTextPresentKeyword.groovy:83)
	at com.kms.katalon.core.webui.keyword.builtin.VerifyTextPresentKeyword.execute(VerifyTextPresentKeyword.groovy:68)
	at com.kms.katalon.core.keyword.internal.KeywordExecutor.executeKeywordForPlatform(KeywordExecutor.groovy:74)
	at com.kms.katalon.core.webui.keyword.WebUiBuiltInKeywords.verifyTextPresent(WebUiBuiltInKeywords.groovy:1723)
	at com.kms.katalon.core.webui.keyword.WebUiBuiltInKeywords$verifyTextPresent$4.call(Unknown Source)
	at Sale_TP_AllCF_Generic_Payment_TC.run(Sale_TP_AllCF_Generic_Payment_TC:134)
	at com.kms.katalon.core.main.ScriptEngine.run(ScriptEngine.java:194)
	at com.kms.katalon.core.main.ScriptEngine.runScriptAsRawText(ScriptEngine.java:119)
	at com.kms.katalon.core.main.TestCaseExecutor.runScript(TestCaseExecutor.java:442)
	at com.kms.katalon.core.main.TestCaseExecutor.doExecute(TestCaseExecutor.java:433)
	at com.kms.katalon.core.main.TestCaseExecutor.processExecutionPhase(TestCaseExecutor.java:412)
	at com.kms.katalon.core.main.TestCaseExecutor.accessMainPhase(TestCaseExecutor.java:404)
	at com.kms.katalon.core.main.TestCaseExecutor.execute(TestCaseExecutor.java:281)
	at com.kms.katalon.core.main.TestSuiteExecutor.accessTestCaseMainPhase(TestSuiteExecutor.java:202)
	at com.kms.katalon.core.main.TestSuiteExecutor.accessTestSuiteMainPhase(TestSuiteExecutor.java:164)
	at com.kms.katalon.core.main.TestSuiteExecutor.execute(TestSuiteExecutor.java:105)
	at com.kms.katalon.core.main.TestCaseMain.startTestSuite(TestCaseMain.java:185)
	at com.kms.katalon.core.main.TestCaseMain$startTestSuite$0.call(Unknown Source)
	at TempTestSuite1656640997204.run(TempTestSuite1656640997204.groovy:36)
)
	at com.kms.katalon.core.keyword.internal.KeywordMain.stepFailed(KeywordMain.groovy:39)
	at com.kms.katalon.core.webui.keyword.internal.WebUIKeywordMain.stepFailed(WebUIKeywordMain.groovy:64)
	at com.kms.katalon.core.webui.keyword.builtin.VerifyTextPresentKeyword$_verifyTextPresent_closure1.doCall(VerifyTextPresentKeyword.groovy:79)
	at com.kms.katalon.core.webui.keyword.builtin.VerifyTextPresentKeyword$_verifyTextPresent_closure1.call(VerifyTextPresentKeyword.groovy)
	at com.kms.katalon.core.webui.keyword.internal.WebUIKeywordMain.runKeyword(WebUIKeywordMain.groovy:20)
	at com.kms.katalon.core.webui.keyword.builtin.VerifyTextPresentKeyword.verifyTextPresent(VerifyTextPresentKeyword.groovy:83)
	at com.kms.katalon.core.webui.keyword.builtin.VerifyTextPresentKeyword.execute(VerifyTextPresentKeyword.groovy:68)
	at com.kms.katalon.core.keyword.internal.KeywordExecutor.executeKeywordForPlatform(KeywordExecutor.groovy:74)
	at com.kms.katalon.core.webui.keyword.WebUiBuiltInKeywords.verifyTextPresent(WebUiBuiltInKeywords.groovy:1723)
	at com.kms.katalon.core.webui.keyword.WebUiBuiltInKeywords$verifyTextPresent$4.call(Unknown Source)
	at Sale_TP_AllCF_Generic_Payment_TC.run(Sale_TP_AllCF_Generic_Payment_TC:134)
	at com.kms.katalon.core.main.ScriptEngine.run(ScriptEngine.java:194)
	at com.kms.katalon.core.main.ScriptEngine.runScriptAsRawText(ScriptEngine.java:119)
	at com.kms.katalon.core.main.TestCaseExecutor.runScript(TestCaseExecutor.java:442)
	at com.kms.katalon.core.main.TestCaseExecutor.doExecute(TestCaseExecutor.java:433)
	at com.kms.katalon.core.main.TestCaseExecutor.processExecutionPhase(TestCaseExecutor.java:412)
	at com.kms.katalon.core.main.TestCaseExecutor.accessMainPhase(TestCaseExecutor.java:404)
	at com.kms.katalon.core.main.TestCaseExecutor.execute(TestCaseExecutor.java:281)
	at com.kms.katalon.core.main.TestSuiteExecutor.accessTestCaseMainPhase(TestSuiteExecutor.java:202)
	at com.kms.katalon.core.main.TestSuiteExecutor.accessTestSuiteMainPhase(TestSuiteExecutor.java:164)
	at com.kms.katalon.core.main.TestSuiteExecutor.execute(TestSuiteExecutor.java:105)
	at com.kms.katalon.core.main.TestCaseMain.startTestSuite(TestCaseMain.java:185)
	at com.kms.katalon.core.main.TestCaseMain$startTestSuite$0.call(Unknown Source)
	at TempTestSuite1656640997204.run(TempTestSuite1656640997204.groovy:36)
Caused by: com.kms.katalon.core.exception.StepFailedException: Text 'Transaction Successful' is not present on page  using regular expression
	... 23 more]]></system-out>
      <system-err><![CDATA[2022-06-30 22:03:35 - [TEST_SUITE][FAILED] - VPS-Payments-TestSuite: Test Cases/Admin Suite Bootstrap/VSP_Payments_TestCases/Sale_TP_AllCF_Generic_Payment_TC FAILED.
Reason:
com.kms.katalon.core.exception.StepFailedException: Text 'Transaction Successful' is not present on page  using regular expression (Root cause: com.kms.katalon.core.exception.StepFailedException: Text 'Transaction Successful' is not present on page  using regular expression
	at com.kms.katalon.core.webui.keyword.internal.WebUIKeywordMain.stepFailed(WebUIKeywordMain.groovy:64)
	at com.kms.katalon.core.webui.keyword.builtin.VerifyTextPresentKeyword$_verifyTextPresent_closure1.doCall(VerifyTextPresentKeyword.groovy:79)
	at com.kms.katalon.core.webui.keyword.builtin.VerifyTextPresentKeyword$_verifyTextPresent_closure1.call(VerifyTextPresentKeyword.groovy)
	at com.kms.katalon.core.webui.keyword.internal.WebUIKeywordMain.runKeyword(WebUIKeywordMain.groovy:20)
	at com.kms.katalon.core.webui.keyword.builtin.VerifyTextPresentKeyword.verifyTextPresent(VerifyTextPresentKeyword.groovy:83)
	at com.kms.katalon.core.webui.keyword.builtin.VerifyTextPresentKeyword.execute(VerifyTextPresentKeyword.groovy:68)
	at com.kms.katalon.core.keyword.internal.KeywordExecutor.executeKeywordForPlatform(KeywordExecutor.groovy:74)
	at com.kms.katalon.core.webui.keyword.WebUiBuiltInKeywords.verifyTextPresent(WebUiBuiltInKeywords.groovy:1723)
	at com.kms.katalon.core.webui.keyword.WebUiBuiltInKeywords$verifyTextPresent$4.call(Unknown Source)
	at Sale_TP_AllCF_Generic_Payment_TC.run(Sale_TP_AllCF_Generic_Payment_TC:134)
	at com.kms.katalon.core.main.ScriptEngine.run(ScriptEngine.java:194)
	at com.kms.katalon.core.main.ScriptEngine.runScriptAsRawText(ScriptEngine.java:119)
	at com.kms.katalon.core.main.TestCaseExecutor.runScript(TestCaseExecutor.java:442)
	at com.kms.katalon.core.main.TestCaseExecutor.doExecute(TestCaseExecutor.java:433)
	at com.kms.katalon.core.main.TestCaseExecutor.processExecutionPhase(TestCaseExecutor.java:412)
	at com.kms.katalon.core.main.TestCaseExecutor.accessMainPhase(TestCaseExecutor.java:404)
	at com.kms.katalon.core.main.TestCaseExecutor.execute(TestCaseExecutor.java:281)
	at com.kms.katalon.core.main.TestSuiteExecutor.accessTestCaseMainPhase(TestSuiteExecutor.java:202)
	at com.kms.katalon.core.main.TestSuiteExecutor.accessTestSuiteMainPhase(TestSuiteExecutor.java:164)
	at com.kms.katalon.core.main.TestSuiteExecutor.execute(TestSuiteExecutor.java:105)
	at com.kms.katalon.core.main.TestCaseMain.startTestSuite(TestCaseMain.java:185)
	at com.kms.katalon.core.main.TestCaseMain$startTestSuite$0.call(Unknown Source)
	at TempTestSuite1656640997204.run(TempTestSuite1656640997204.groovy:36)
)
	at com.kms.katalon.core.keyword.internal.KeywordMain.stepFailed(KeywordMain.groovy:39)
	at com.kms.katalon.core.webui.keyword.internal.WebUIKeywordMain.stepFailed(WebUIKeywordMain.groovy:64)
	at com.kms.katalon.core.webui.keyword.builtin.VerifyTextPresentKeyword$_verifyTextPresent_closure1.doCall(VerifyTextPresentKeyword.groovy:79)
	at com.kms.katalon.core.webui.keyword.builtin.VerifyTextPresentKeyword$_verifyTextPresent_closure1.call(VerifyTextPresentKeyword.groovy)
	at com.kms.katalon.core.webui.keyword.internal.WebUIKeywordMain.runKeyword(WebUIKeywordMain.groovy:20)
	at com.kms.katalon.core.webui.keyword.builtin.VerifyTextPresentKeyword.verifyTextPresent(VerifyTextPresentKeyword.groovy:83)
	at com.kms.katalon.core.webui.keyword.builtin.VerifyTextPresentKeyword.execute(VerifyTextPresentKeyword.groovy:68)
	at com.kms.katalon.core.keyword.internal.KeywordExecutor.executeKeywordForPlatform(KeywordExecutor.groovy:74)
	at com.kms.katalon.core.webui.keyword.WebUiBuiltInKeywords.verifyTextPresent(WebUiBuiltInKeywords.groovy:1723)
	at com.kms.katalon.core.webui.keyword.WebUiBuiltInKeywords$verifyTextPresent$4.call(Unknown Source)
	at Sale_TP_AllCF_Generic_Payment_TC.run(Sale_TP_AllCF_Generic_Payment_TC:134)
	at com.kms.katalon.core.main.ScriptEngine.run(ScriptEngine.java:194)
	at com.kms.katalon.core.main.ScriptEngine.runScriptAsRawText(ScriptEngine.java:119)
	at com.kms.katalon.core.main.TestCaseExecutor.runScript(TestCaseExecutor.java:442)
	at com.kms.katalon.core.main.TestCaseExecutor.doExecute(TestCaseExecutor.java:433)
	at com.kms.katalon.core.main.TestCaseExecutor.processExecutionPhase(TestCaseExecutor.java:412)
	at com.kms.katalon.core.main.TestCaseExecutor.accessMainPhase(TestCaseExecutor.java:404)
	at com.kms.katalon.core.main.TestCaseExecutor.execute(TestCaseExecutor.java:281)
	at com.kms.katalon.core.main.TestSuiteExecutor.accessTestCaseMainPhase(TestSuiteExecutor.java:202)
	at com.kms.katalon.core.main.TestSuiteExecutor.accessTestSuiteMainPhase(TestSuiteExecutor.java:164)
	at com.kms.katalon.core.main.TestSuiteExecutor.execute(TestSuiteExecutor.java:105)
	at com.kms.katalon.core.main.TestCaseMain.startTestSuite(TestCaseMain.java:185)
	at com.kms.katalon.core.main.TestCaseMain$startTestSuite$0.call(Unknown Source)
	at TempTestSuite1656640997204.run(TempTestSuite1656640997204.groovy:36)
Caused by: com.kms.katalon.core.exception.StepFailedException: Text 'Transaction Successful' is not present on page  using regular expression
	... 23 more]]></system-err>
   </testsuite>
</testsuites>
