<?xml version="1.0" encoding="UTF-8"?>
<testsuites name="VSP-Profile-TestSuite" time="1454.334" tests="9" failures="0" errors="0">
   <testsuite name="VSP-Profile-TestSuite" tests="9" failures="0" errors="0" time="1454.334" skipped="0" timestamp="2022-05-16 12:18:38" hostname="imtiaz - DESKTOP-B2QI6NS.govolution.com" id="Test Suites/AdminSuiteBootstrap_TestSuite/VSP-Bootstrap/VSP-Profile-TestSuite">
      <properties>
         <property name="deviceName" value=""/>
         <property name="devicePlatform" value=""/>
         <property name="logFolder" value="E:\\Cloned-Project-Katalon\\VPS-Katalon\\Reports\\20220516_112345\\AdminSuiteBootstrap_TestSuite\\VSP-Bootstrap\\VSP-Profile-TestSuite\\20220516_112351"/>
         <property name="logFiles" value="E:\\Cloned-Project-Katalon\\VPS-Katalon\\Reports\\20220516_112345\\AdminSuiteBootstrap_TestSuite\\VSP-Bootstrap\\VSP-Profile-TestSuite\\20220516_112351\\execution0.log"/>
         <property name="attachments" value=""/>
         <property name="hostName" value="imtiaz - DESKTOP-B2QI6NS.govolution.com"/>
         <property name="os" value="Windows 10 64bit"/>
         <property name="katalonVersion" value="8.2.5.208"/>
         <property name="browser" value="Chrome 101.0.4951.54"/>
         <property name="hostAddress" value="192.168.1.87"/>
         <property name="sessionId" value="358583ff2b6613fbd2dbe23cbf7b79e4"/>
         <property name="seleniumVersion" value="3.141.59"/>
         <property name="proxyInformation" value="ProxyInformation { proxyOption=NO_PROXY, proxyServerType=HTTP, username=, password=********, proxyServerAddress=, proxyServerPort=0, executionList=&quot;&quot;, isApplyToDesiredCapabilities=true }"/>
         <property name="platform" value="Windows 10"/>
      </properties>
      <testcase name="Test Cases/Admin Suite Bootstrap/VSP_Profile_TestCases/CreateAndDeleteProfile_Generic_TC" time="105.516" classname="Test Cases/Admin Suite Bootstrap/VSP_Profile_TestCases/CreateAndDeleteProfile_Generic_TC" status="PASSED">
         <system-out><![CDATA[2022-05-16 12:18:39 - [TEST_CASE][PASSED] - Test Cases/Admin Suite Bootstrap/VSP_Profile_TestCases/CreateAndDeleteProfile_Generic_TC: Test Cases/Admin Suite Bootstrap/VSP_Profile_TestCases/CreateAndDeleteProfile_Generic_TC

2022-05-16 12:18:39 - [TEST_STEP][PASSED] - path_Dashboard = "Object Repository/AdminSuiteBootstrap_Pages/Dashboard_Bootstrap/": null

2022-05-16 12:18:39 - [TEST_STEP][PASSED] - path_VT = "Object Repository/AdminSuiteBootstrap_Pages/VT_Bootstrap/IssueTransactions/": null

2022-05-16 12:18:39 - [TEST_STEP][PASSED] - path_CreateProfile = "Object Repository/AdminSuiteBootstrap_Pages/VSP_Bootstrap/CreateProfile/": null

2022-05-16 12:18:39 - [TEST_STEP][PASSED] - path_AddAccount = "Object Repository/AdminSuiteBootstrap_Pages/VSP_Bootstrap/AddAccount/": null

2022-05-16 12:18:39 - [TEST_STEP][PASSED] - path_Add_ACH = "Object Repository/AdminSuiteBootstrap_Pages/VSP_Bootstrap/AddACH/": null

2022-05-16 12:18:39 - [TEST_STEP][PASSED] - path_Add_CC = "Object Repository/AdminSuiteBootstrap_Pages/VSP_Bootstrap/AddCreditCard/": null

2022-05-16 12:18:39 - [TEST_STEP][PASSED] - path_App_Plan = "Object Repository/AdminSuiteBootstrap_Pages/VSP_Bootstrap/AddPaymentPlan/": null

2022-05-16 12:18:39 - [TEST_STEP][PASSED] - path_DeleteProfile = "Object Repository/AdminSuiteBootstrap_Pages/VSP_Bootstrap/DeleteProfile/": null

2022-05-16 12:18:39 - [TEST_STEP][PASSED] - path_ModifyProfile = "Object Repository/AdminSuiteBootstrap_Pages/VSP_Bootstrap/ModifyProfile/": null

2022-05-16 12:18:39 - [TEST_STEP][PASSED] - path_ViewProfile = "Object Repository/AdminSuiteBootstrap_Pages/VSP_Bootstrap/View Profile/": null

2022-05-16 12:18:39 - [TEST_STEP][PASSED] - path_VSPAuth = "Object Repository/AdminSuiteBootstrap_Pages/VSP_Bootstrap/VSP_Auth/": null

2022-05-16 12:18:40 - [TEST_STEP][PASSED] - path_VSPAuthCap = "Object Repository/AdminSuiteBootstrap_Pages/VSP_Bootstrap/VSP_Authcap/": null

2022-05-16 12:18:40 - [TEST_STEP][PASSED] - path_Debit = "Object Repository/AdminSuiteBootstrap_Pages/VSP_Bootstrap/VSP_Debit/": null

2022-05-16 12:18:40 - [TEST_STEP][PASSED] - path_DeleteProfileConfirm = "Object Repository/AdminSuiteBootstrap_Pages/VSP_Bootstrap/DeleteProfileConfirm/": null

2022-05-16 12:18:40 - [TEST_STEP][PASSED] - executionProfile = getExecutionProfile(): null

2022-05-16 12:18:40 - [TEST_STEP][PASSED] - out.println("executionProfile : " + executionProfile): null

2022-05-16 12:18:40 - [TEST_STEP][PASSED] - appName = <not implemented yet for class: org.codehaus.groovy.ast.expr.EmptyExpression>: null

2022-05-16 12:18:40 - [TEST_STEP][PASSED] - appID = <not implemented yet for class: org.codehaus.groovy.ast.expr.EmptyExpression>: null

2022-05-16 12:18:40 - [TEST_STEP][PASSED] - cardNameV = <not implemented yet for class: org.codehaus.groovy.ast.expr.EmptyExpression>: null

2022-05-16 12:18:40 - [TEST_STEP][PASSED] - al1V = <not implemented yet for class: org.codehaus.groovy.ast.expr.EmptyExpression>: null

2022-05-16 12:18:40 - [TEST_STEP][PASSED] - al2V = <not implemented yet for class: org.codehaus.groovy.ast.expr.EmptyExpression>: null

2022-05-16 12:18:40 - [TEST_STEP][PASSED] - zipV = <not implemented yet for class: org.codehaus.groovy.ast.expr.EmptyExpression>: null

2022-05-16 12:18:40 - [TEST_STEP][PASSED] - cardTypeV = <not implemented yet for class: org.codehaus.groovy.ast.expr.EmptyExpression>: null

2022-05-16 12:18:40 - [TEST_STEP][PASSED] - last4V = <not implemented yet for class: org.codehaus.groovy.ast.expr.EmptyExpression>: null

2022-05-16 12:18:40 - [TEST_STEP][PASSED] - nameSheet = "CreateProfile": null

2022-05-16 12:18:40 - [TEST_STEP][PASSED] - numOfRows = findTestData("QA/Bootstrap/VSP-Profile-TestData/CreateAndDeleteProfile").getRowNumbers(): null

2022-05-16 12:18:40 - [TEST_STEP][PASSED] - println("Number of Records: " + numOfRows): null

2022-05-16 12:18:40 - [TEST_STEP][PASSED] - dataFile = "QA/Bootstrap/VSP-Profile-TestData/CreateAndDeleteProfile": null

2022-05-16 12:18:40 - [TEST_STEP][PASSED] - for ([row = 1, row <= numOfRows, (row++)]): Browser is closed

2022-05-16 12:18:40 - [TEST_STEP][PASSED] - ExecuteTC = findTestData(dataFile).getValue("Execute", row): null

2022-05-16 12:18:41 - [TEST_STEP][PASSED] - out.println("Value of Execute is : " + ExecuteTC): null

2022-05-16 12:18:41 - [TEST_STEP][PASSED] - switch (executionProfile): null

2022-05-16 12:18:41 - [TEST_STEP][PASSED] - case "DemoProfile":: null

2022-05-16 12:18:41 - [TEST_STEP][PASSED] - appName = findTestData(dataFile).getValue("AppNameDemo", row): null

2022-05-16 12:18:41 - [TEST_STEP][PASSED] - appID = findTestData(dataFile).getValue("AppIDDemo", row): null

2022-05-16 12:18:41 - [TEST_STEP][PASSED] - break: null

2022-05-16 12:18:41 - [TEST_STEP][PASSED] - if (ExecuteTC.equalsIgnoreCase("Y")): Browser is closed

2022-05-16 12:18:41 - [TEST_STEP][PASSED] - out.println("Begin Record Number: " + row): null

2022-05-16 12:18:41 - [TEST_STEP][PASSED] - today = new java.util.Date(): null

2022-05-16 12:18:41 - [TEST_STEP][PASSED] - println(today): null

2022-05-16 12:18:41 - [TEST_STEP][PASSED] - datText = today: null

2022-05-16 12:18:41 - [TEST_STEP][PASSED] - adminSuiteBootstrap.loginFunctionality.login_AdminSuite(): adminSuiteBootstrap.loginFunctionality.login_AdminSuite is PASSED

2022-05-16 12:18:41 - [MESSAGE][INFO] - Starting 'Chrome' driver

2022-05-16 12:18:42 - [MESSAGE][INFO] - User set preference: ['acceptInsecureCerts', 'true']

2022-05-16 12:18:42 - [MESSAGE][INFO] - Action delay is set to 0 milliseconds

2022-05-16 12:18:45 - [MESSAGE][PASSED] - Browser is opened with url: 'https://demo.velocitypayment.com/admin/imtiazdemo'

2022-05-16 12:18:45 - [MESSAGE][PASSED] - Current window maximized

2022-05-16 12:18:46 - [MESSAGE][PASSED] - Object 'Object Repository/Login_Page/Login_Username' is present

2022-05-16 12:18:47 - [MESSAGE][PASSED] - Text 'iahmed' is set on object 'Object Repository/Login_Page/Login_Username'

2022-05-16 12:18:47 - [MESSAGE][PASSED] - Text 'hello2222' is set on object 'Object Repository/Login_Page/Login_Password'

2022-05-16 12:18:51 - [MESSAGE][PASSED] - Object: 'Object Repository/Login_Page/Login_Submit' is clicked on

2022-05-16 12:18:51 - [MESSAGE][PASSED] - adminSuiteBootstrap.loginFunctionality.login_AdminSuite is PASSED

2022-05-16 12:18:51 - [TEST_STEP][PASSED] - click(findTestObject(path_Dashboard + appName)): Object: 'Object Repository/AdminSuiteBootstrap_Pages/Dashboard_Bootstrap/a_Access AutoNoCFtpDemo' is clicked on

2022-05-16 12:18:53 - [MESSAGE][PASSED] - Object: 'Object Repository/AdminSuiteBootstrap_Pages/Dashboard_Bootstrap/a_Access AutoNoCFtpDemo' is clicked on

2022-05-16 12:18:53 - [TEST_STEP][PASSED] - click(findTestObject(path_VT + "a_Create")): Object: 'Object Repository/AdminSuiteBootstrap_Pages/VT_Bootstrap/IssueTransactions/a_Create' is clicked on

2022-05-16 12:18:55 - [MESSAGE][PASSED] - Object: 'Object Repository/AdminSuiteBootstrap_Pages/VT_Bootstrap/IssueTransactions/a_Create' is clicked on

2022-05-16 12:18:55 - [TEST_STEP][PASSED] - vspBootstrap.CreateProfilePage.setDataCreateProfile(row, dataFile): vspBootstrap.CreateProfilePage.setDataCreateProfile is PASSED

2022-05-16 12:18:58 - [MESSAGE][PASSED] - Text '22201' is set on object 'Object Repository/AdminSuiteBootstrap_Pages/VSP_Bootstrap/CreateProfile/input_PostalCode'

2022-05-16 12:18:59 - [MESSAGE][PASSED] - Text 'dwrhqbyRccRH' is set on object 'Object Repository/AdminSuiteBootstrap_Pages/VSP_Bootstrap/CreateProfile/input_profileName'

2022-05-16 12:19:01 - [MESSAGE][PASSED] - Text '' is set on object 'Object Repository/AdminSuiteBootstrap_Pages/VSP_Bootstrap/CreateProfile/input_CompanyName'

2022-05-16 12:19:02 - [MESSAGE][PASSED] - All options with label '' are selected in object 'Object Repository/AdminSuiteBootstrap_Pages/VSP_Bootstrap/CreateProfile/select_Title'  using regular expression

2022-05-16 12:19:03 - [MESSAGE][PASSED] - Text '' is set on object 'Object Repository/AdminSuiteBootstrap_Pages/VSP_Bootstrap/CreateProfile/input_FirstName'

2022-05-16 12:19:03 - [MESSAGE][PASSED] - Text '' is set on object 'Object Repository/AdminSuiteBootstrap_Pages/VSP_Bootstrap/CreateProfile/input_MiddleName'

2022-05-16 12:19:04 - [MESSAGE][PASSED] - Text '' is set on object 'Object Repository/AdminSuiteBootstrap_Pages/VSP_Bootstrap/CreateProfile/input_LastName'

2022-05-16 12:19:05 - [MESSAGE][PASSED] - All options with label '' are selected in object 'Object Repository/AdminSuiteBootstrap_Pages/VSP_Bootstrap/CreateProfile/select_Suffix'  using regular expression

2022-05-16 12:19:06 - [MESSAGE][PASSED] - Text '15 Toledo Road' is set on object 'Object Repository/AdminSuiteBootstrap_Pages/VSP_Bootstrap/CreateProfile/input_address1'

2022-05-16 12:19:06 - [MESSAGE][PASSED] - Text '' is set on object 'Object Repository/AdminSuiteBootstrap_Pages/VSP_Bootstrap/CreateProfile/input_AddressLine2'

2022-05-16 12:19:07 - [MESSAGE][PASSED] - Text '' is set on object 'Object Repository/AdminSuiteBootstrap_Pages/VSP_Bootstrap/CreateProfile/input_PostalCodeExt'

2022-05-16 12:19:08 - [MESSAGE][PASSED] - Text '' is set on object 'Object Repository/AdminSuiteBootstrap_Pages/VSP_Bootstrap/CreateProfile/input_EmaiAddress'

2022-05-16 12:19:08 - [MESSAGE][PASSED] - Text '' is set on object 'Object Repository/AdminSuiteBootstrap_Pages/VSP_Bootstrap/CreateProfile/input_HomePhoneNumber_HomeAreaCode'

2022-05-16 12:19:09 - [MESSAGE][PASSED] - Text '' is set on object 'Object Repository/AdminSuiteBootstrap_Pages/VSP_Bootstrap/CreateProfile/input_homePrefixNumber'

2022-05-16 12:19:10 - [MESSAGE][PASSED] - Text '' is set on object 'Object Repository/AdminSuiteBootstrap_Pages/VSP_Bootstrap/CreateProfile/input_homeSuffixNumber'

2022-05-16 12:19:10 - [MESSAGE][PASSED] - Text '' is set on object 'Object Repository/AdminSuiteBootstrap_Pages/VSP_Bootstrap/CreateProfile/input_MobilePhoneNumber_mobileAreaCode'

2022-05-16 12:19:11 - [MESSAGE][PASSED] - Text '' is set on object 'Object Repository/AdminSuiteBootstrap_Pages/VSP_Bootstrap/CreateProfile/input_mobilePrefixNumber'

2022-05-16 12:19:12 - [MESSAGE][PASSED] - Text '' is set on object 'Object Repository/AdminSuiteBootstrap_Pages/VSP_Bootstrap/CreateProfile/input_mobileSuffixNumber'

2022-05-16 12:19:12 - [MESSAGE][PASSED] - Text '' is set on object 'Object Repository/AdminSuiteBootstrap_Pages/VSP_Bootstrap/CreateProfile/input_WorkPhoneNumber_workAreaCode'

2022-05-16 12:19:13 - [MESSAGE][PASSED] - Text '' is set on object 'Object Repository/AdminSuiteBootstrap_Pages/VSP_Bootstrap/CreateProfile/input_workPrefixNumber'

2022-05-16 12:19:14 - [MESSAGE][PASSED] - Text '' is set on object 'Object Repository/AdminSuiteBootstrap_Pages/VSP_Bootstrap/CreateProfile/input_workSuffixNumber'

2022-05-16 12:19:14 - [MESSAGE][PASSED] - Text '' is set on object 'Object Repository/AdminSuiteBootstrap_Pages/VSP_Bootstrap/CreateProfile/input_Ext_workExtension'

2022-05-16 12:19:15 - [MESSAGE][PASSED] - Text '' is set on object 'Object Repository/AdminSuiteBootstrap_Pages/VSP_Bootstrap/CreateProfile/textarea_NotesComments_note'

2022-05-16 12:19:20 - [MESSAGE][PASSED] - Object: 'Object Repository/AdminSuiteBootstrap_Pages/VSP_Bootstrap/CreateProfile/button_Save' is clicked on

2022-05-16 12:19:20 - [MESSAGE][PASSED] - vspBootstrap.CreateProfilePage.setDataCreateProfile is PASSED

2022-05-16 12:19:20 - [TEST_STEP][PASSED] - verifyTextPresent("Profile successfully created", true): Text 'Profile successfully created' is present on page  using regular expression

2022-05-16 12:19:20 - [MESSAGE][PASSED] - Text 'Profile successfully created' is present on page  using regular expression

2022-05-16 12:19:20 - [TEST_STEP][PASSED] - verifyElementVisible(findTestObject(path_ViewProfile + "a_Modify Profile")): Object 'Object Repository/AdminSuiteBootstrap_Pages/VSP_Bootstrap/View Profile/a_Modify Profile' is visible

2022-05-16 12:19:21 - [MESSAGE][PASSED] - Object 'Object Repository/AdminSuiteBootstrap_Pages/VSP_Bootstrap/View Profile/a_Modify Profile' is visible

2022-05-16 12:19:21 - [TEST_STEP][PASSED] - verifyElementPresent(findTestObject(path_ViewProfile + "a_Modify Profile"), 30): Object 'Object Repository/AdminSuiteBootstrap_Pages/VSP_Bootstrap/View Profile/a_Modify Profile' is present

2022-05-16 12:19:21 - [MESSAGE][PASSED] - Object 'Object Repository/AdminSuiteBootstrap_Pages/VSP_Bootstrap/View Profile/a_Modify Profile' is present

2022-05-16 12:19:21 - [TEST_STEP][PASSED] - click(findTestObject(path_ViewProfile + "a_Delete Profile")): Object: 'Object Repository/AdminSuiteBootstrap_Pages/VSP_Bootstrap/View Profile/a_Delete Profile' is clicked on

2022-05-16 12:19:24 - [MESSAGE][PASSED] - Object: 'Object Repository/AdminSuiteBootstrap_Pages/VSP_Bootstrap/View Profile/a_Delete Profile' is clicked on

2022-05-16 12:19:24 - [TEST_STEP][PASSED] - verifyTextPresent("This will delete all of the following information. Are you sure you want to do this?", true): Text 'This will delete all of the following information. Are you sure you want to do this?' is present on page  using regular expression

2022-05-16 12:19:24 - [MESSAGE][PASSED] - Text 'This will delete all of the following information. Are you sure you want to do this?' is present on page  using regular expression

2022-05-16 12:19:24 - [TEST_STEP][PASSED] - click(findTestObject(path_DeleteProfileConfirm + "button_Delete")): Object: 'Object Repository/AdminSuiteBootstrap_Pages/VSP_Bootstrap/DeleteProfileConfirm/button_Delete' is clicked on

2022-05-16 12:19:29 - [MESSAGE][PASSED] - Object: 'Object Repository/AdminSuiteBootstrap_Pages/VSP_Bootstrap/DeleteProfileConfirm/button_Delete' is clicked on

2022-05-16 12:19:29 - [TEST_STEP][PASSED] - verifyTextPresent("No Search String", true): Text 'No Search String' is present on page  using regular expression

2022-05-16 12:19:30 - [MESSAGE][PASSED] - Text 'No Search String' is present on page  using regular expression

2022-05-16 12:19:30 - [TEST_STEP][PASSED] - verifyTextPresent("You must provide a search string of at least 2 characters", true): Text 'You must provide a search string of at least 2 characters' is present on page  using regular expression

2022-05-16 12:19:30 - [MESSAGE][PASSED] - Text 'You must provide a search string of at least 2 characters' is present on page  using regular expression

2022-05-16 12:19:30 - [TEST_STEP][PASSED] - closeBrowser(): Browser is closed

2022-05-16 12:19:31 - [MESSAGE][PASSED] - Browser is closed

2022-05-16 12:19:31 - [TEST_STEP][PASSED] - ExecuteTC = findTestData(dataFile).getValue("Execute", row): null

2022-05-16 12:19:31 - [TEST_STEP][PASSED] - out.println("Value of Execute is : " + ExecuteTC): null

2022-05-16 12:19:31 - [TEST_STEP][PASSED] - switch (executionProfile): null

2022-05-16 12:19:31 - [TEST_STEP][PASSED] - case "DemoProfile":: null

2022-05-16 12:19:31 - [TEST_STEP][PASSED] - appName = findTestData(dataFile).getValue("AppNameDemo", row): null

2022-05-16 12:19:31 - [TEST_STEP][PASSED] - appID = findTestData(dataFile).getValue("AppIDDemo", row): null

2022-05-16 12:19:31 - [TEST_STEP][PASSED] - break: null

2022-05-16 12:19:31 - [TEST_STEP][PASSED] - if (ExecuteTC.equalsIgnoreCase("Y")): Browser is closed

2022-05-16 12:19:31 - [TEST_STEP][PASSED] - out.println("Begin Record Number: " + row): null

2022-05-16 12:19:31 - [TEST_STEP][PASSED] - today = new java.util.Date(): null

2022-05-16 12:19:31 - [TEST_STEP][PASSED] - println(today): null

2022-05-16 12:19:31 - [TEST_STEP][PASSED] - datText = today: null

2022-05-16 12:19:31 - [TEST_STEP][PASSED] - adminSuiteBootstrap.loginFunctionality.login_AdminSuite(): adminSuiteBootstrap.loginFunctionality.login_AdminSuite is PASSED

2022-05-16 12:19:31 - [MESSAGE][INFO] - Starting 'Chrome' driver

2022-05-16 12:19:31 - [MESSAGE][INFO] - User set preference: ['acceptInsecureCerts', 'true']

2022-05-16 12:19:31 - [MESSAGE][INFO] - Action delay is set to 0 milliseconds

2022-05-16 12:19:34 - [MESSAGE][PASSED] - Browser is opened with url: 'https://demo.velocitypayment.com/admin/imtiazdemo'

2022-05-16 12:19:34 - [MESSAGE][PASSED] - Current window maximized

2022-05-16 12:19:34 - [MESSAGE][PASSED] - Object 'Object Repository/Login_Page/Login_Username' is present

2022-05-16 12:19:35 - [MESSAGE][PASSED] - Text 'iahmed' is set on object 'Object Repository/Login_Page/Login_Username'

2022-05-16 12:19:36 - [MESSAGE][PASSED] - Text 'hello2222' is set on object 'Object Repository/Login_Page/Login_Password'

2022-05-16 12:19:40 - [MESSAGE][PASSED] - Object: 'Object Repository/Login_Page/Login_Submit' is clicked on

2022-05-16 12:19:40 - [MESSAGE][PASSED] - adminSuiteBootstrap.loginFunctionality.login_AdminSuite is PASSED

2022-05-16 12:19:40 - [TEST_STEP][PASSED] - click(findTestObject(path_Dashboard + appName)): Object: 'Object Repository/AdminSuiteBootstrap_Pages/Dashboard_Bootstrap/a_Access AutoNoCFtpDemo' is clicked on

2022-05-16 12:19:44 - [MESSAGE][PASSED] - Object: 'Object Repository/AdminSuiteBootstrap_Pages/Dashboard_Bootstrap/a_Access AutoNoCFtpDemo' is clicked on

2022-05-16 12:19:44 - [TEST_STEP][PASSED] - click(findTestObject(path_VT + "a_Create")): Object: 'Object Repository/AdminSuiteBootstrap_Pages/VT_Bootstrap/IssueTransactions/a_Create' is clicked on

2022-05-16 12:19:47 - [MESSAGE][PASSED] - Object: 'Object Repository/AdminSuiteBootstrap_Pages/VT_Bootstrap/IssueTransactions/a_Create' is clicked on

2022-05-16 12:19:47 - [TEST_STEP][PASSED] - vspBootstrap.CreateProfilePage.setDataCreateProfile(row, dataFile): vspBootstrap.CreateProfilePage.setDataCreateProfile is PASSED

2022-05-16 12:19:50 - [MESSAGE][PASSED] - Text '21054' is set on object 'Object Repository/AdminSuiteBootstrap_Pages/VSP_Bootstrap/CreateProfile/input_PostalCode'

2022-05-16 12:19:51 - [MESSAGE][PASSED] - Text '6bu2GYruem5R' is set on object 'Object Repository/AdminSuiteBootstrap_Pages/VSP_Bootstrap/CreateProfile/input_profileName'

2022-05-16 12:19:54 - [MESSAGE][PASSED] - Text 'Ace Company' is set on object 'Object Repository/AdminSuiteBootstrap_Pages/VSP_Bootstrap/CreateProfile/input_CompanyName'

2022-05-16 12:19:55 - [MESSAGE][PASSED] - All options with label 'Mr.' are selected in object 'Object Repository/AdminSuiteBootstrap_Pages/VSP_Bootstrap/CreateProfile/select_Title'  using regular expression

2022-05-16 12:19:55 - [MESSAGE][PASSED] - Text 'Alexander' is set on object 'Object Repository/AdminSuiteBootstrap_Pages/VSP_Bootstrap/CreateProfile/input_FirstName'

2022-05-16 12:19:56 - [MESSAGE][PASSED] - Text 'KT' is set on object 'Object Repository/AdminSuiteBootstrap_Pages/VSP_Bootstrap/CreateProfile/input_MiddleName'

2022-05-16 12:19:57 - [MESSAGE][PASSED] - Text 'Lewis' is set on object 'Object Repository/AdminSuiteBootstrap_Pages/VSP_Bootstrap/CreateProfile/input_LastName'

2022-05-16 12:19:58 - [MESSAGE][PASSED] - All options with label 'Sr.' are selected in object 'Object Repository/AdminSuiteBootstrap_Pages/VSP_Bootstrap/CreateProfile/select_Suffix'  using regular expression

2022-05-16 12:19:58 - [MESSAGE][PASSED] - Text '256987 Nolm Ct' is set on object 'Object Repository/AdminSuiteBootstrap_Pages/VSP_Bootstrap/CreateProfile/input_address1'

2022-05-16 12:19:59 - [MESSAGE][PASSED] - Text 'Suite 678' is set on object 'Object Repository/AdminSuiteBootstrap_Pages/VSP_Bootstrap/CreateProfile/input_AddressLine2'

2022-05-16 12:20:00 - [MESSAGE][PASSED] - Text '1234' is set on object 'Object Repository/AdminSuiteBootstrap_Pages/VSP_Bootstrap/CreateProfile/input_PostalCodeExt'

2022-05-16 12:20:00 - [MESSAGE][PASSED] - Text 'iahmed@govolution.com' is set on object 'Object Repository/AdminSuiteBootstrap_Pages/VSP_Bootstrap/CreateProfile/input_EmaiAddress'

2022-05-16 12:20:01 - [MESSAGE][PASSED] - Text '240' is set on object 'Object Repository/AdminSuiteBootstrap_Pages/VSP_Bootstrap/CreateProfile/input_HomePhoneNumber_HomeAreaCode'

2022-05-16 12:20:02 - [MESSAGE][PASSED] - Text '628' is set on object 'Object Repository/AdminSuiteBootstrap_Pages/VSP_Bootstrap/CreateProfile/input_homePrefixNumber'

2022-05-16 12:20:02 - [MESSAGE][PASSED] - Text '0790' is set on object 'Object Repository/AdminSuiteBootstrap_Pages/VSP_Bootstrap/CreateProfile/input_homeSuffixNumber'

2022-05-16 12:20:03 - [MESSAGE][PASSED] - Text '240' is set on object 'Object Repository/AdminSuiteBootstrap_Pages/VSP_Bootstrap/CreateProfile/input_MobilePhoneNumber_mobileAreaCode'

2022-05-16 12:20:04 - [MESSAGE][PASSED] - Text '628' is set on object 'Object Repository/AdminSuiteBootstrap_Pages/VSP_Bootstrap/CreateProfile/input_mobilePrefixNumber'

2022-05-16 12:20:04 - [MESSAGE][PASSED] - Text '0791' is set on object 'Object Repository/AdminSuiteBootstrap_Pages/VSP_Bootstrap/CreateProfile/input_mobileSuffixNumber'

2022-05-16 12:20:05 - [MESSAGE][PASSED] - Text '410' is set on object 'Object Repository/AdminSuiteBootstrap_Pages/VSP_Bootstrap/CreateProfile/input_WorkPhoneNumber_workAreaCode'

2022-05-16 12:20:06 - [MESSAGE][PASSED] - Text '628' is set on object 'Object Repository/AdminSuiteBootstrap_Pages/VSP_Bootstrap/CreateProfile/input_workPrefixNumber'

2022-05-16 12:20:06 - [MESSAGE][PASSED] - Text '0792' is set on object 'Object Repository/AdminSuiteBootstrap_Pages/VSP_Bootstrap/CreateProfile/input_workSuffixNumber'

2022-05-16 12:20:07 - [MESSAGE][PASSED] - Text '123' is set on object 'Object Repository/AdminSuiteBootstrap_Pages/VSP_Bootstrap/CreateProfile/input_Ext_workExtension'

2022-05-16 12:20:08 - [MESSAGE][PASSED] - Text 'This Profile will be deleted' is set on object 'Object Repository/AdminSuiteBootstrap_Pages/VSP_Bootstrap/CreateProfile/textarea_NotesComments_note'

2022-05-16 12:20:13 - [MESSAGE][PASSED] - Object: 'Object Repository/AdminSuiteBootstrap_Pages/VSP_Bootstrap/CreateProfile/button_Save' is clicked on

2022-05-16 12:20:13 - [MESSAGE][PASSED] - vspBootstrap.CreateProfilePage.setDataCreateProfile is PASSED

2022-05-16 12:20:13 - [TEST_STEP][PASSED] - verifyTextPresent("Profile successfully created", true): Text 'Profile successfully created' is present on page  using regular expression

2022-05-16 12:20:14 - [MESSAGE][PASSED] - Text 'Profile successfully created' is present on page  using regular expression

2022-05-16 12:20:14 - [TEST_STEP][PASSED] - verifyElementVisible(findTestObject(path_ViewProfile + "a_Modify Profile")): Object 'Object Repository/AdminSuiteBootstrap_Pages/VSP_Bootstrap/View Profile/a_Modify Profile' is visible

2022-05-16 12:20:14 - [MESSAGE][PASSED] - Object 'Object Repository/AdminSuiteBootstrap_Pages/VSP_Bootstrap/View Profile/a_Modify Profile' is visible

2022-05-16 12:20:14 - [TEST_STEP][PASSED] - verifyElementPresent(findTestObject(path_ViewProfile + "a_Modify Profile"), 30): Object 'Object Repository/AdminSuiteBootstrap_Pages/VSP_Bootstrap/View Profile/a_Modify Profile' is present

2022-05-16 12:20:14 - [MESSAGE][PASSED] - Object 'Object Repository/AdminSuiteBootstrap_Pages/VSP_Bootstrap/View Profile/a_Modify Profile' is present

2022-05-16 12:20:14 - [TEST_STEP][PASSED] - click(findTestObject(path_ViewProfile + "a_Delete Profile")): Object: 'Object Repository/AdminSuiteBootstrap_Pages/VSP_Bootstrap/View Profile/a_Delete Profile' is clicked on

2022-05-16 12:20:17 - [MESSAGE][PASSED] - Object: 'Object Repository/AdminSuiteBootstrap_Pages/VSP_Bootstrap/View Profile/a_Delete Profile' is clicked on

2022-05-16 12:20:17 - [TEST_STEP][PASSED] - verifyTextPresent("This will delete all of the following information. Are you sure you want to do this?", true): Text 'This will delete all of the following information. Are you sure you want to do this?' is present on page  using regular expression

2022-05-16 12:20:18 - [MESSAGE][PASSED] - Text 'This will delete all of the following information. Are you sure you want to do this?' is present on page  using regular expression

2022-05-16 12:20:18 - [TEST_STEP][PASSED] - click(findTestObject(path_DeleteProfileConfirm + "button_Delete")): Object: 'Object Repository/AdminSuiteBootstrap_Pages/VSP_Bootstrap/DeleteProfileConfirm/button_Delete' is clicked on

2022-05-16 12:20:23 - [MESSAGE][PASSED] - Object: 'Object Repository/AdminSuiteBootstrap_Pages/VSP_Bootstrap/DeleteProfileConfirm/button_Delete' is clicked on

2022-05-16 12:20:23 - [TEST_STEP][PASSED] - verifyTextPresent("No Search String", true): Text 'No Search String' is present on page  using regular expression

2022-05-16 12:20:23 - [MESSAGE][PASSED] - Text 'No Search String' is present on page  using regular expression

2022-05-16 12:20:23 - [TEST_STEP][PASSED] - verifyTextPresent("You must provide a search string of at least 2 characters", true): Text 'You must provide a search string of at least 2 characters' is present on page  using regular expression

2022-05-16 12:20:24 - [MESSAGE][PASSED] - Text 'You must provide a search string of at least 2 characters' is present on page  using regular expression

2022-05-16 12:20:24 - [TEST_STEP][PASSED] - closeBrowser(): Browser is closed

2022-05-16 12:20:24 - [MESSAGE][PASSED] - Browser is closed]]></system-out>
         <system-err><![CDATA[]]></system-err>
      </testcase>
      <testcase name="Test Cases/Admin Suite Bootstrap/VSP_Profile_TestCases/AddDeleteCCNotPre_Generic_TC" time="196.612" classname="Test Cases/Admin Suite Bootstrap/VSP_Profile_TestCases/AddDeleteCCNotPre_Generic_TC" status="PASSED">
         <system-out><![CDATA[2022-05-16 12:20:24 - [TEST_CASE][PASSED] - Test Cases/Admin Suite Bootstrap/VSP_Profile_TestCases/AddDeleteCCNotPre_Generic_TC: Test Cases/Admin Suite Bootstrap/VSP_Profile_TestCases/AddDeleteCCNotPre_Generic_TC

2022-05-16 12:20:25 - [TEST_STEP][PASSED] - path_Dashboard = "Object Repository/AdminSuiteBootstrap_Pages/Dashboard_Bootstrap/": null

2022-05-16 12:20:25 - [TEST_STEP][PASSED] - path_VT = "Object Repository/AdminSuiteBootstrap_Pages/VT_Bootstrap/IssueTransactions/": null

2022-05-16 12:20:25 - [TEST_STEP][PASSED] - path_CreateProfile = "Object Repository/AdminSuiteBootstrap_Pages/VSP_Bootstrap/CreateProfile/": null

2022-05-16 12:20:25 - [TEST_STEP][PASSED] - path_AddAccount = "Object Repository/AdminSuiteBootstrap_Pages/VSP_Bootstrap/AddAccount/": null

2022-05-16 12:20:25 - [TEST_STEP][PASSED] - path_Add_ACH = "Object Repository/AdminSuiteBootstrap_Pages/VSP_Bootstrap/AddACH/": null

2022-05-16 12:20:25 - [TEST_STEP][PASSED] - path_Add_CC = "Object Repository/AdminSuiteBootstrap_Pages/VSP_Bootstrap/AddCreditCard/": null

2022-05-16 12:20:25 - [TEST_STEP][PASSED] - path_App_Plan = "Object Repository/AdminSuiteBootstrap_Pages/VSP_Bootstrap/AddPaymentPlan/": null

2022-05-16 12:20:25 - [TEST_STEP][PASSED] - path_DeleteProfile = "Object Repository/AdminSuiteBootstrap_Pages/VSP_Bootstrap/DeleteProfile/": null

2022-05-16 12:20:25 - [TEST_STEP][PASSED] - path_ModifyProfile = "Object Repository/AdminSuiteBootstrap_Pages/VSP_Bootstrap/ModifyProfile/": null

2022-05-16 12:20:25 - [TEST_STEP][PASSED] - path_ViewProfile = "Object Repository/AdminSuiteBootstrap_Pages/VSP_Bootstrap/View Profile/": null

2022-05-16 12:20:25 - [TEST_STEP][PASSED] - path_VSPAuth = "Object Repository/AdminSuiteBootstrap_Pages/VSP_Bootstrap/VSP_Auth/": null

2022-05-16 12:20:25 - [TEST_STEP][PASSED] - path_VSPAuthCap = "Object Repository/AdminSuiteBootstrap_Pages/VSP_Bootstrap/VSP_Authcap/": null

2022-05-16 12:20:25 - [TEST_STEP][PASSED] - path_Debit = "Object Repository/AdminSuiteBootstrap_Pages/VSP_Bootstrap/VSP_Debit/": null

2022-05-16 12:20:25 - [TEST_STEP][PASSED] - path_DeleteProfileConfirm = "Object Repository/AdminSuiteBootstrap_Pages/VSP_Bootstrap/DeleteProfileConfirm/": null

2022-05-16 12:20:25 - [TEST_STEP][PASSED] - executionProfile = getExecutionProfile(): null

2022-05-16 12:20:25 - [TEST_STEP][PASSED] - out.println("executionProfile : " + executionProfile): null

2022-05-16 12:20:25 - [TEST_STEP][PASSED] - appName = <not implemented yet for class: org.codehaus.groovy.ast.expr.EmptyExpression>: null

2022-05-16 12:20:25 - [TEST_STEP][PASSED] - appID = <not implemented yet for class: org.codehaus.groovy.ast.expr.EmptyExpression>: null

2022-05-16 12:20:25 - [TEST_STEP][PASSED] - cardNameV = <not implemented yet for class: org.codehaus.groovy.ast.expr.EmptyExpression>: null

2022-05-16 12:20:25 - [TEST_STEP][PASSED] - al1V = <not implemented yet for class: org.codehaus.groovy.ast.expr.EmptyExpression>: null

2022-05-16 12:20:25 - [TEST_STEP][PASSED] - al2V = <not implemented yet for class: org.codehaus.groovy.ast.expr.EmptyExpression>: null

2022-05-16 12:20:25 - [TEST_STEP][PASSED] - zipV = <not implemented yet for class: org.codehaus.groovy.ast.expr.EmptyExpression>: null

2022-05-16 12:20:25 - [TEST_STEP][PASSED] - cardTypeV = <not implemented yet for class: org.codehaus.groovy.ast.expr.EmptyExpression>: null

2022-05-16 12:20:25 - [TEST_STEP][PASSED] - last4V = <not implemented yet for class: org.codehaus.groovy.ast.expr.EmptyExpression>: null

2022-05-16 12:20:25 - [TEST_STEP][PASSED] - nameSheet = "AddDeleteCCNotPrepopulated": null

2022-05-16 12:20:25 - [TEST_STEP][PASSED] - numOfRows = findTestData("QA/Bootstrap/VSP-Profile-TestData/AddCCNotPrepopulated").getRowNumbers(): null

2022-05-16 12:20:25 - [TEST_STEP][PASSED] - println("Number of Records: " + numOfRows): null

2022-05-16 12:20:25 - [TEST_STEP][PASSED] - dataFile = "QA/Bootstrap/VSP-Profile-TestData/AddCCNotPrepopulated": null

2022-05-16 12:20:25 - [TEST_STEP][PASSED] - for ([row = 1, row <= numOfRows, (row++)]): Browser is closed

2022-05-16 12:20:25 - [TEST_STEP][PASSED] - ExecuteTC = findTestData(dataFile).getValue("Execute", row): null

2022-05-16 12:20:25 - [TEST_STEP][PASSED] - out.println("Value of Execute is : " + ExecuteTC): null

2022-05-16 12:20:25 - [TEST_STEP][PASSED] - switch (executionProfile): null

2022-05-16 12:20:25 - [TEST_STEP][PASSED] - case "DemoProfile":: null

2022-05-16 12:20:25 - [TEST_STEP][PASSED] - appName = findTestData(dataFile).getValue("AppNameDemo", row): null

2022-05-16 12:20:25 - [TEST_STEP][PASSED] - appID = findTestData(dataFile).getValue("AppIDDemo", row): null

2022-05-16 12:20:25 - [TEST_STEP][PASSED] - break: null

2022-05-16 12:20:25 - [TEST_STEP][PASSED] - if (ExecuteTC.equalsIgnoreCase("Y")): Browser is closed

2022-05-16 12:20:25 - [TEST_STEP][PASSED] - out.println("Begin Record Number: " + row): null

2022-05-16 12:20:25 - [TEST_STEP][PASSED] - today = new java.util.Date(): null

2022-05-16 12:20:25 - [TEST_STEP][PASSED] - println(today): null

2022-05-16 12:20:25 - [TEST_STEP][PASSED] - datText = today: null

2022-05-16 12:20:25 - [TEST_STEP][PASSED] - adminSuiteBootstrap.loginFunctionality.login_AdminSuite(): adminSuiteBootstrap.loginFunctionality.login_AdminSuite is PASSED

2022-05-16 12:20:25 - [MESSAGE][INFO] - Starting 'Chrome' driver

2022-05-16 12:20:25 - [MESSAGE][INFO] - User set preference: ['acceptInsecureCerts', 'true']

2022-05-16 12:20:25 - [MESSAGE][INFO] - Action delay is set to 0 milliseconds

2022-05-16 12:20:29 - [MESSAGE][PASSED] - Browser is opened with url: 'https://demo.velocitypayment.com/admin/imtiazdemo'

2022-05-16 12:20:29 - [MESSAGE][PASSED] - Current window maximized

2022-05-16 12:20:30 - [MESSAGE][PASSED] - Object 'Object Repository/Login_Page/Login_Username' is present

2022-05-16 12:20:30 - [MESSAGE][PASSED] - Text 'iahmed' is set on object 'Object Repository/Login_Page/Login_Username'

2022-05-16 12:20:31 - [MESSAGE][PASSED] - Text 'hello2222' is set on object 'Object Repository/Login_Page/Login_Password'

2022-05-16 12:20:35 - [MESSAGE][PASSED] - Object: 'Object Repository/Login_Page/Login_Submit' is clicked on

2022-05-16 12:20:35 - [MESSAGE][PASSED] - adminSuiteBootstrap.loginFunctionality.login_AdminSuite is PASSED

2022-05-16 12:20:35 - [TEST_STEP][PASSED] - click(findTestObject(path_Dashboard + appName)): Object: 'Object Repository/AdminSuiteBootstrap_Pages/Dashboard_Bootstrap/a_Access AutoNoCFtpDemo' is clicked on

2022-05-16 12:20:38 - [MESSAGE][PASSED] - Object: 'Object Repository/AdminSuiteBootstrap_Pages/Dashboard_Bootstrap/a_Access AutoNoCFtpDemo' is clicked on

2022-05-16 12:20:38 - [TEST_STEP][PASSED] - click(findTestObject(path_VT + "a_Create")): Object: 'Object Repository/AdminSuiteBootstrap_Pages/VT_Bootstrap/IssueTransactions/a_Create' is clicked on

2022-05-16 12:20:41 - [MESSAGE][PASSED] - Object: 'Object Repository/AdminSuiteBootstrap_Pages/VT_Bootstrap/IssueTransactions/a_Create' is clicked on

2022-05-16 12:20:41 - [TEST_STEP][PASSED] - vspBootstrap.CreateProfilePage.setDataONLYCreateProfile(row, dataFile): vspBootstrap.CreateProfilePage.setDataONLYCreateProfile is PASSED

2022-05-16 12:20:48 - [MESSAGE][PASSED] - Text '22201' is set on object 'Object Repository/AdminSuiteBootstrap_Pages/VSP_Bootstrap/CreateProfile/input_PostalCode'

2022-05-16 12:20:49 - [MESSAGE][PASSED] - Text 'VKYU4BB73FfF' is set on object 'Object Repository/AdminSuiteBootstrap_Pages/VSP_Bootstrap/CreateProfile/input_profileName'

2022-05-16 12:20:53 - [MESSAGE][PASSED] - Text '' is set on object 'Object Repository/AdminSuiteBootstrap_Pages/VSP_Bootstrap/CreateProfile/input_CompanyName'

2022-05-16 12:20:54 - [MESSAGE][PASSED] - All options with label '' are selected in object 'Object Repository/AdminSuiteBootstrap_Pages/VSP_Bootstrap/CreateProfile/select_Title'  using regular expression

2022-05-16 12:20:55 - [MESSAGE][PASSED] - Text '' is set on object 'Object Repository/AdminSuiteBootstrap_Pages/VSP_Bootstrap/CreateProfile/input_FirstName'

2022-05-16 12:20:55 - [MESSAGE][PASSED] - Text '' is set on object 'Object Repository/AdminSuiteBootstrap_Pages/VSP_Bootstrap/CreateProfile/input_MiddleName'

2022-05-16 12:20:56 - [MESSAGE][PASSED] - Text '' is set on object 'Object Repository/AdminSuiteBootstrap_Pages/VSP_Bootstrap/CreateProfile/input_LastName'

2022-05-16 12:20:57 - [MESSAGE][PASSED] - All options with label '' are selected in object 'Object Repository/AdminSuiteBootstrap_Pages/VSP_Bootstrap/CreateProfile/select_Suffix'  using regular expression

2022-05-16 12:20:57 - [MESSAGE][PASSED] - Text '15 Toledo Road' is set on object 'Object Repository/AdminSuiteBootstrap_Pages/VSP_Bootstrap/CreateProfile/input_address1'

2022-05-16 12:20:58 - [MESSAGE][PASSED] - Text '' is set on object 'Object Repository/AdminSuiteBootstrap_Pages/VSP_Bootstrap/CreateProfile/input_AddressLine2'

2022-05-16 12:20:59 - [MESSAGE][PASSED] - Text '' is set on object 'Object Repository/AdminSuiteBootstrap_Pages/VSP_Bootstrap/CreateProfile/input_PostalCodeExt'

2022-05-16 12:20:59 - [MESSAGE][PASSED] - Text '' is set on object 'Object Repository/AdminSuiteBootstrap_Pages/VSP_Bootstrap/CreateProfile/input_EmaiAddress'

2022-05-16 12:21:00 - [MESSAGE][PASSED] - Text '' is set on object 'Object Repository/AdminSuiteBootstrap_Pages/VSP_Bootstrap/CreateProfile/input_HomePhoneNumber_HomeAreaCode'

2022-05-16 12:21:01 - [MESSAGE][PASSED] - Text '' is set on object 'Object Repository/AdminSuiteBootstrap_Pages/VSP_Bootstrap/CreateProfile/input_homePrefixNumber'

2022-05-16 12:21:01 - [MESSAGE][PASSED] - Text '' is set on object 'Object Repository/AdminSuiteBootstrap_Pages/VSP_Bootstrap/CreateProfile/input_homeSuffixNumber'

2022-05-16 12:21:02 - [MESSAGE][PASSED] - Text '' is set on object 'Object Repository/AdminSuiteBootstrap_Pages/VSP_Bootstrap/CreateProfile/input_MobilePhoneNumber_mobileAreaCode'

2022-05-16 12:21:03 - [MESSAGE][PASSED] - Text '' is set on object 'Object Repository/AdminSuiteBootstrap_Pages/VSP_Bootstrap/CreateProfile/input_mobilePrefixNumber'

2022-05-16 12:21:03 - [MESSAGE][PASSED] - Text '' is set on object 'Object Repository/AdminSuiteBootstrap_Pages/VSP_Bootstrap/CreateProfile/input_mobileSuffixNumber'

2022-05-16 12:21:04 - [MESSAGE][PASSED] - Text '' is set on object 'Object Repository/AdminSuiteBootstrap_Pages/VSP_Bootstrap/CreateProfile/input_WorkPhoneNumber_workAreaCode'

2022-05-16 12:21:04 - [MESSAGE][PASSED] - Text '' is set on object 'Object Repository/AdminSuiteBootstrap_Pages/VSP_Bootstrap/CreateProfile/input_workPrefixNumber'

2022-05-16 12:21:05 - [MESSAGE][PASSED] - Text '' is set on object 'Object Repository/AdminSuiteBootstrap_Pages/VSP_Bootstrap/CreateProfile/input_workSuffixNumber'

2022-05-16 12:21:06 - [MESSAGE][PASSED] - Text '' is set on object 'Object Repository/AdminSuiteBootstrap_Pages/VSP_Bootstrap/CreateProfile/input_Ext_workExtension'

2022-05-16 12:21:06 - [MESSAGE][PASSED] - Text '' is set on object 'Object Repository/AdminSuiteBootstrap_Pages/VSP_Bootstrap/CreateProfile/textarea_NotesComments_note'

2022-05-16 12:21:06 - [MESSAGE][PASSED] - vspBootstrap.CreateProfilePage.setDataONLYCreateProfile is PASSED

2022-05-16 12:21:06 - [TEST_STEP][PASSED] - click(findTestObject(path_CreateProfile + "button_Save  Add Credit Card")): Object: 'Object Repository/AdminSuiteBootstrap_Pages/VSP_Bootstrap/CreateProfile/button_Save  Add Credit Card' is clicked on

2022-05-16 12:21:12 - [MESSAGE][PASSED] - Object: 'Object Repository/AdminSuiteBootstrap_Pages/VSP_Bootstrap/CreateProfile/button_Save  Add Credit Card' is clicked on

2022-05-16 12:21:12 - [TEST_STEP][PASSED] - verifyTextPresent("Profile successfully created", true): Text 'Profile successfully created' is present on page  using regular expression

2022-05-16 12:21:15 - [MESSAGE][PASSED] - Text 'Profile successfully created' is present on page  using regular expression

2022-05-16 12:21:15 - [TEST_STEP][PASSED] - vspBootstrap.AddCreditCardPage.setDataCreditCardNotPre(row, dataFile): vspBootstrap.AddCreditCardPage.setDataCreditCardNotPre is PASSED

2022-05-16 12:21:19 - [MESSAGE][PASSED] - Text '22201' is set on object 'Object Repository/AdminSuiteBootstrap_Pages/VSP_Bootstrap/AddCreditCard/input_postalCode'

2022-05-16 12:21:20 - [MESSAGE][PASSED] - All options with label 'Mr.' are selected in object 'Object Repository/AdminSuiteBootstrap_Pages/VSP_Bootstrap/AddCreditCard/select_Title'  using regular expression

2022-05-16 12:21:24 - [MESSAGE][PASSED] - Text 'Timothy' is set on object 'Object Repository/AdminSuiteBootstrap_Pages/VSP_Bootstrap/AddCreditCard/input_firstName'

2022-05-16 12:21:25 - [MESSAGE][PASSED] - Text 'Mac' is set on object 'Object Repository/AdminSuiteBootstrap_Pages/VSP_Bootstrap/AddCreditCard/input_MiddleName'

2022-05-16 12:21:25 - [MESSAGE][PASSED] - Text 'Siefert' is set on object 'Object Repository/AdminSuiteBootstrap_Pages/VSP_Bootstrap/AddCreditCard/input_lastName'

2022-05-16 12:21:26 - [MESSAGE][PASSED] - All options with label 'Sr.' are selected in object 'Object Repository/AdminSuiteBootstrap_Pages/VSP_Bootstrap/AddCreditCard/select_Suffix'  using regular expression

2022-05-16 12:21:27 - [MESSAGE][PASSED] - Text 'Tim MasterCard' is set on object 'Object Repository/AdminSuiteBootstrap_Pages/VSP_Bootstrap/AddCreditCard/input_nickName'

2022-05-16 12:21:28 - [MESSAGE][PASSED] - Text '5146312200000035' is set on object 'Object Repository/AdminSuiteBootstrap_Pages/VSP_Bootstrap/AddCreditCard/input_cardNumber'

2022-05-16 12:21:29 - [MESSAGE][PASSED] - All options with label '12- DEC' are selected in object 'Object Repository/AdminSuiteBootstrap_Pages/VSP_Bootstrap/AddCreditCard/select_ExpMonth'  using regular expression

2022-05-16 12:21:30 - [MESSAGE][PASSED] - All options with label '2028' are selected in object 'Object Repository/AdminSuiteBootstrap_Pages/VSP_Bootstrap/AddCreditCard/select_ExpYear'  using regular expression

2022-05-16 12:21:31 - [MESSAGE][PASSED] - Text '365 Kanyakumari' is set on object 'Object Repository/AdminSuiteBootstrap_Pages/VSP_Bootstrap/AddCreditCard/input_address1'

2022-05-16 12:21:31 - [MESSAGE][PASSED] - Text 'Room 8' is set on object 'Object Repository/AdminSuiteBootstrap_Pages/VSP_Bootstrap/AddCreditCard/input_AddressLine2'

2022-05-16 12:21:32 - [MESSAGE][PASSED] - Text '1234' is set on object 'Object Repository/AdminSuiteBootstrap_Pages/VSP_Bootstrap/AddCreditCard/input_postalCodeExtension'

2022-05-16 12:21:38 - [MESSAGE][PASSED] - Object: 'Object Repository/AdminSuiteBootstrap_Pages/VSP_Bootstrap/AddCreditCard/button_Create' is clicked on

2022-05-16 12:21:38 - [MESSAGE][PASSED] - vspBootstrap.AddCreditCardPage.setDataCreditCardNotPre is PASSED

2022-05-16 12:21:38 - [TEST_STEP][PASSED] - verifyTextPresent("Payment Method Created", true): Text 'Payment Method Created' is present on page  using regular expression

2022-05-16 12:21:39 - [MESSAGE][PASSED] - Text 'Payment Method Created' is present on page  using regular expression

2022-05-16 12:21:39 - [TEST_STEP][PASSED] - verifyTextPresent("Payment method creation successful", true): Text 'Payment method creation successful' is present on page  using regular expression

2022-05-16 12:21:39 - [MESSAGE][PASSED] - Text 'Payment method creation successful' is present on page  using regular expression

2022-05-16 12:21:39 - [TEST_STEP][PASSED] - verifyElementVisible(findTestObject(path_ViewProfile + "a_nickNameCC")): Object 'Object Repository/AdminSuiteBootstrap_Pages/VSP_Bootstrap/View Profile/a_nickNameCC' is visible

2022-05-16 12:21:39 - [MESSAGE][PASSED] - Object 'Object Repository/AdminSuiteBootstrap_Pages/VSP_Bootstrap/View Profile/a_nickNameCC' is visible

2022-05-16 12:21:39 - [TEST_STEP][PASSED] - verifyElementPresent(findTestObject(path_ViewProfile + "a_nickNameCC"), 30): Object 'Object Repository/AdminSuiteBootstrap_Pages/VSP_Bootstrap/View Profile/a_nickNameCC' is present

2022-05-16 12:21:40 - [MESSAGE][PASSED] - Object 'Object Repository/AdminSuiteBootstrap_Pages/VSP_Bootstrap/View Profile/a_nickNameCC' is present

2022-05-16 12:21:40 - [TEST_STEP][PASSED] - click(findTestObject(path_ViewProfile + "a_nickNameCC")): Object: 'Object Repository/AdminSuiteBootstrap_Pages/VSP_Bootstrap/View Profile/a_nickNameCC' is clicked on

2022-05-16 12:21:43 - [MESSAGE][PASSED] - Object: 'Object Repository/AdminSuiteBootstrap_Pages/VSP_Bootstrap/View Profile/a_nickNameCC' is clicked on

2022-05-16 12:21:43 - [TEST_STEP][PASSED] - verifyTextPresent("Credit Card Billing Information", true): Text 'Credit Card Billing Information' is present on page  using regular expression

2022-05-16 12:21:44 - [MESSAGE][PASSED] - Text 'Credit Card Billing Information' is present on page  using regular expression

2022-05-16 12:21:44 - [TEST_STEP][PASSED] - nickName = findTestData(dataFile).getValue("NickNameCC", row): null

2022-05-16 12:21:44 - [TEST_STEP][PASSED] - verifyTextPresent(nickName, true): Text 'Tim MasterCard' is present on page  using regular expression

2022-05-16 12:21:44 - [MESSAGE][PASSED] - Text 'Tim MasterCard' is present on page  using regular expression

2022-05-16 12:21:44 - [TEST_STEP][PASSED] - click(findTestObject(path_ViewProfile + "a_Delete Credit Card")): Object: 'Object Repository/AdminSuiteBootstrap_Pages/VSP_Bootstrap/View Profile/a_Delete Credit Card' is clicked on

2022-05-16 12:21:48 - [MESSAGE][PASSED] - Object: 'Object Repository/AdminSuiteBootstrap_Pages/VSP_Bootstrap/View Profile/a_Delete Credit Card' is clicked on

2022-05-16 12:21:48 - [TEST_STEP][PASSED] - verifyTextPresent("Delete Credit Card Confirmation", true): Text 'Delete Credit Card Confirmation' is present on page  using regular expression

2022-05-16 12:21:49 - [MESSAGE][PASSED] - Text 'Delete Credit Card Confirmation' is present on page  using regular expression

2022-05-16 12:21:49 - [TEST_STEP][PASSED] - verifyTextPresent("This will delete the credit card account. Are you sure you want to do this?", true): Text 'This will delete the credit card account. Are you sure you want to do this?' is present on page  using regular expression

2022-05-16 12:21:49 - [MESSAGE][PASSED] - Text 'This will delete the credit card account. Are you sure you want to do this?' is present on page  using regular expression

2022-05-16 12:21:49 - [TEST_STEP][PASSED] - click(findTestObject(path_ViewProfile + "button_DeleteCCConfirm")): Object: 'Object Repository/AdminSuiteBootstrap_Pages/VSP_Bootstrap/View Profile/button_DeleteCCConfirm' is clicked on

2022-05-16 12:21:54 - [MESSAGE][PASSED] - Object: 'Object Repository/AdminSuiteBootstrap_Pages/VSP_Bootstrap/View Profile/button_DeleteCCConfirm' is clicked on

2022-05-16 12:21:54 - [TEST_STEP][PASSED] - verifyTextPresent("Payment Method Deletion", true): Text 'Payment Method Deletion' is present on page  using regular expression

2022-05-16 12:21:55 - [MESSAGE][PASSED] - Text 'Payment Method Deletion' is present on page  using regular expression

2022-05-16 12:21:55 - [TEST_STEP][PASSED] - verifyTextPresent("Payment method was successfully deleted.", true): Text 'Payment method was successfully deleted.' is present on page  using regular expression

2022-05-16 12:21:55 - [MESSAGE][PASSED] - Text 'Payment method was successfully deleted.' is present on page  using regular expression

2022-05-16 12:21:55 - [TEST_STEP][PASSED] - click(findTestObject(path_ViewProfile + "a_Delete Profile")): Object: 'Object Repository/AdminSuiteBootstrap_Pages/VSP_Bootstrap/View Profile/a_Delete Profile' is clicked on

2022-05-16 12:21:58 - [MESSAGE][PASSED] - Object: 'Object Repository/AdminSuiteBootstrap_Pages/VSP_Bootstrap/View Profile/a_Delete Profile' is clicked on

2022-05-16 12:21:58 - [TEST_STEP][PASSED] - verifyTextPresent("This will delete all of the following information. Are you sure you want to do this?", true): Text 'This will delete all of the following information. Are you sure you want to do this?' is present on page  using regular expression

2022-05-16 12:21:58 - [MESSAGE][PASSED] - Text 'This will delete all of the following information. Are you sure you want to do this?' is present on page  using regular expression

2022-05-16 12:21:58 - [TEST_STEP][PASSED] - click(findTestObject(path_DeleteProfileConfirm + "button_Delete")): Object: 'Object Repository/AdminSuiteBootstrap_Pages/VSP_Bootstrap/DeleteProfileConfirm/button_Delete' is clicked on

2022-05-16 12:22:04 - [MESSAGE][PASSED] - Object: 'Object Repository/AdminSuiteBootstrap_Pages/VSP_Bootstrap/DeleteProfileConfirm/button_Delete' is clicked on

2022-05-16 12:22:04 - [TEST_STEP][PASSED] - verifyTextPresent("No Search String", true): Text 'No Search String' is present on page  using regular expression

2022-05-16 12:22:04 - [MESSAGE][PASSED] - Text 'No Search String' is present on page  using regular expression

2022-05-16 12:22:04 - [TEST_STEP][PASSED] - verifyTextPresent("You must provide a search string of at least 2 characters", true): Text 'You must provide a search string of at least 2 characters' is present on page  using regular expression

2022-05-16 12:22:04 - [MESSAGE][PASSED] - Text 'You must provide a search string of at least 2 characters' is present on page  using regular expression

2022-05-16 12:22:04 - [TEST_STEP][PASSED] - closeBrowser(): Browser is closed

2022-05-16 12:22:05 - [MESSAGE][PASSED] - Browser is closed

2022-05-16 12:22:05 - [TEST_STEP][PASSED] - ExecuteTC = findTestData(dataFile).getValue("Execute", row): null

2022-05-16 12:22:05 - [TEST_STEP][PASSED] - out.println("Value of Execute is : " + ExecuteTC): null

2022-05-16 12:22:05 - [TEST_STEP][PASSED] - switch (executionProfile): null

2022-05-16 12:22:05 - [TEST_STEP][PASSED] - case "DemoProfile":: null

2022-05-16 12:22:05 - [TEST_STEP][PASSED] - appName = findTestData(dataFile).getValue("AppNameDemo", row): null

2022-05-16 12:22:05 - [TEST_STEP][PASSED] - appID = findTestData(dataFile).getValue("AppIDDemo", row): null

2022-05-16 12:22:05 - [TEST_STEP][PASSED] - break: null

2022-05-16 12:22:05 - [TEST_STEP][PASSED] - if (ExecuteTC.equalsIgnoreCase("Y")): Browser is closed

2022-05-16 12:22:05 - [TEST_STEP][PASSED] - out.println("Begin Record Number: " + row): null

2022-05-16 12:22:05 - [TEST_STEP][PASSED] - today = new java.util.Date(): null

2022-05-16 12:22:05 - [TEST_STEP][PASSED] - println(today): null

2022-05-16 12:22:05 - [TEST_STEP][PASSED] - datText = today: null

2022-05-16 12:22:05 - [TEST_STEP][PASSED] - adminSuiteBootstrap.loginFunctionality.login_AdminSuite(): adminSuiteBootstrap.loginFunctionality.login_AdminSuite is PASSED

2022-05-16 12:22:05 - [MESSAGE][INFO] - Starting 'Chrome' driver

2022-05-16 12:22:05 - [MESSAGE][INFO] - User set preference: ['acceptInsecureCerts', 'true']

2022-05-16 12:22:05 - [MESSAGE][INFO] - Action delay is set to 0 milliseconds

2022-05-16 12:22:08 - [MESSAGE][PASSED] - Browser is opened with url: 'https://demo.velocitypayment.com/admin/imtiazdemo'

2022-05-16 12:22:08 - [MESSAGE][PASSED] - Current window maximized

2022-05-16 12:22:09 - [MESSAGE][PASSED] - Object 'Object Repository/Login_Page/Login_Username' is present

2022-05-16 12:22:10 - [MESSAGE][PASSED] - Text 'iahmed' is set on object 'Object Repository/Login_Page/Login_Username'

2022-05-16 12:22:10 - [MESSAGE][PASSED] - Text 'hello2222' is set on object 'Object Repository/Login_Page/Login_Password'

2022-05-16 12:22:14 - [MESSAGE][PASSED] - Object: 'Object Repository/Login_Page/Login_Submit' is clicked on

2022-05-16 12:22:14 - [MESSAGE][PASSED] - adminSuiteBootstrap.loginFunctionality.login_AdminSuite is PASSED

2022-05-16 12:22:14 - [TEST_STEP][PASSED] - click(findTestObject(path_Dashboard + appName)): Object: 'Object Repository/AdminSuiteBootstrap_Pages/Dashboard_Bootstrap/a_Access AutoNoCFtpDemo' is clicked on

2022-05-16 12:22:17 - [MESSAGE][PASSED] - Object: 'Object Repository/AdminSuiteBootstrap_Pages/Dashboard_Bootstrap/a_Access AutoNoCFtpDemo' is clicked on

2022-05-16 12:22:17 - [TEST_STEP][PASSED] - click(findTestObject(path_VT + "a_Create")): Object: 'Object Repository/AdminSuiteBootstrap_Pages/VT_Bootstrap/IssueTransactions/a_Create' is clicked on

2022-05-16 12:22:20 - [MESSAGE][PASSED] - Object: 'Object Repository/AdminSuiteBootstrap_Pages/VT_Bootstrap/IssueTransactions/a_Create' is clicked on

2022-05-16 12:22:20 - [TEST_STEP][PASSED] - vspBootstrap.CreateProfilePage.setDataONLYCreateProfile(row, dataFile): vspBootstrap.CreateProfilePage.setDataONLYCreateProfile is PASSED

2022-05-16 12:22:23 - [MESSAGE][PASSED] - Text '22201' is set on object 'Object Repository/AdminSuiteBootstrap_Pages/VSP_Bootstrap/CreateProfile/input_PostalCode'

2022-05-16 12:22:24 - [MESSAGE][PASSED] - Text 'XYlDaJHI5X53' is set on object 'Object Repository/AdminSuiteBootstrap_Pages/VSP_Bootstrap/CreateProfile/input_profileName'

2022-05-16 12:22:26 - [MESSAGE][PASSED] - Text '' is set on object 'Object Repository/AdminSuiteBootstrap_Pages/VSP_Bootstrap/CreateProfile/input_CompanyName'

2022-05-16 12:22:27 - [MESSAGE][PASSED] - All options with label '' are selected in object 'Object Repository/AdminSuiteBootstrap_Pages/VSP_Bootstrap/CreateProfile/select_Title'  using regular expression

2022-05-16 12:22:28 - [MESSAGE][PASSED] - Text '' is set on object 'Object Repository/AdminSuiteBootstrap_Pages/VSP_Bootstrap/CreateProfile/input_FirstName'

2022-05-16 12:22:29 - [MESSAGE][PASSED] - Text '' is set on object 'Object Repository/AdminSuiteBootstrap_Pages/VSP_Bootstrap/CreateProfile/input_MiddleName'

2022-05-16 12:22:29 - [MESSAGE][PASSED] - Text '' is set on object 'Object Repository/AdminSuiteBootstrap_Pages/VSP_Bootstrap/CreateProfile/input_LastName'

2022-05-16 12:22:30 - [MESSAGE][PASSED] - All options with label '' are selected in object 'Object Repository/AdminSuiteBootstrap_Pages/VSP_Bootstrap/CreateProfile/select_Suffix'  using regular expression

2022-05-16 12:22:31 - [MESSAGE][PASSED] - Text '15 Toledo Road' is set on object 'Object Repository/AdminSuiteBootstrap_Pages/VSP_Bootstrap/CreateProfile/input_address1'

2022-05-16 12:22:31 - [MESSAGE][PASSED] - Text '' is set on object 'Object Repository/AdminSuiteBootstrap_Pages/VSP_Bootstrap/CreateProfile/input_AddressLine2'

2022-05-16 12:22:32 - [MESSAGE][PASSED] - Text '' is set on object 'Object Repository/AdminSuiteBootstrap_Pages/VSP_Bootstrap/CreateProfile/input_PostalCodeExt'

2022-05-16 12:22:33 - [MESSAGE][PASSED] - Text '' is set on object 'Object Repository/AdminSuiteBootstrap_Pages/VSP_Bootstrap/CreateProfile/input_EmaiAddress'

2022-05-16 12:22:33 - [MESSAGE][PASSED] - Text '' is set on object 'Object Repository/AdminSuiteBootstrap_Pages/VSP_Bootstrap/CreateProfile/input_HomePhoneNumber_HomeAreaCode'

2022-05-16 12:22:34 - [MESSAGE][PASSED] - Text '' is set on object 'Object Repository/AdminSuiteBootstrap_Pages/VSP_Bootstrap/CreateProfile/input_homePrefixNumber'

2022-05-16 12:22:35 - [MESSAGE][PASSED] - Text '' is set on object 'Object Repository/AdminSuiteBootstrap_Pages/VSP_Bootstrap/CreateProfile/input_homeSuffixNumber'

2022-05-16 12:22:35 - [MESSAGE][PASSED] - Text '' is set on object 'Object Repository/AdminSuiteBootstrap_Pages/VSP_Bootstrap/CreateProfile/input_MobilePhoneNumber_mobileAreaCode'

2022-05-16 12:22:36 - [MESSAGE][PASSED] - Text '' is set on object 'Object Repository/AdminSuiteBootstrap_Pages/VSP_Bootstrap/CreateProfile/input_mobilePrefixNumber'

2022-05-16 12:22:37 - [MESSAGE][PASSED] - Text '' is set on object 'Object Repository/AdminSuiteBootstrap_Pages/VSP_Bootstrap/CreateProfile/input_mobileSuffixNumber'

2022-05-16 12:22:37 - [MESSAGE][PASSED] - Text '' is set on object 'Object Repository/AdminSuiteBootstrap_Pages/VSP_Bootstrap/CreateProfile/input_WorkPhoneNumber_workAreaCode'

2022-05-16 12:22:38 - [MESSAGE][PASSED] - Text '' is set on object 'Object Repository/AdminSuiteBootstrap_Pages/VSP_Bootstrap/CreateProfile/input_workPrefixNumber'

2022-05-16 12:22:39 - [MESSAGE][PASSED] - Text '' is set on object 'Object Repository/AdminSuiteBootstrap_Pages/VSP_Bootstrap/CreateProfile/input_workSuffixNumber'

2022-05-16 12:22:39 - [MESSAGE][PASSED] - Text '' is set on object 'Object Repository/AdminSuiteBootstrap_Pages/VSP_Bootstrap/CreateProfile/input_Ext_workExtension'

2022-05-16 12:22:40 - [MESSAGE][PASSED] - Text '' is set on object 'Object Repository/AdminSuiteBootstrap_Pages/VSP_Bootstrap/CreateProfile/textarea_NotesComments_note'

2022-05-16 12:22:40 - [MESSAGE][PASSED] - vspBootstrap.CreateProfilePage.setDataONLYCreateProfile is PASSED

2022-05-16 12:22:40 - [TEST_STEP][PASSED] - click(findTestObject(path_CreateProfile + "button_Save  Add Credit Card")): Object: 'Object Repository/AdminSuiteBootstrap_Pages/VSP_Bootstrap/CreateProfile/button_Save  Add Credit Card' is clicked on

2022-05-16 12:22:50 - [MESSAGE][PASSED] - Object: 'Object Repository/AdminSuiteBootstrap_Pages/VSP_Bootstrap/CreateProfile/button_Save  Add Credit Card' is clicked on

2022-05-16 12:22:50 - [TEST_STEP][PASSED] - verifyTextPresent("Profile successfully created", true): Text 'Profile successfully created' is present on page  using regular expression

2022-05-16 12:22:54 - [MESSAGE][PASSED] - Text 'Profile successfully created' is present on page  using regular expression

2022-05-16 12:22:54 - [TEST_STEP][PASSED] - vspBootstrap.AddCreditCardPage.setDataCreditCardNotPre(row, dataFile): vspBootstrap.AddCreditCardPage.setDataCreditCardNotPre is PASSED

2022-05-16 12:22:58 - [MESSAGE][PASSED] - Text '21093' is set on object 'Object Repository/AdminSuiteBootstrap_Pages/VSP_Bootstrap/AddCreditCard/input_postalCode'

2022-05-16 12:22:58 - [MESSAGE][PASSED] - All options with label '' are selected in object 'Object Repository/AdminSuiteBootstrap_Pages/VSP_Bootstrap/AddCreditCard/select_Title'  using regular expression

2022-05-16 12:22:59 - [MESSAGE][PASSED] - Text 'Brandon' is set on object 'Object Repository/AdminSuiteBootstrap_Pages/VSP_Bootstrap/AddCreditCard/input_firstName'

2022-05-16 12:23:02 - [MESSAGE][PASSED] - Text '' is set on object 'Object Repository/AdminSuiteBootstrap_Pages/VSP_Bootstrap/AddCreditCard/input_MiddleName'

2022-05-16 12:23:02 - [MESSAGE][PASSED] - Text 'McCulumm' is set on object 'Object Repository/AdminSuiteBootstrap_Pages/VSP_Bootstrap/AddCreditCard/input_lastName'

2022-05-16 12:23:03 - [MESSAGE][PASSED] - All options with label '' are selected in object 'Object Repository/AdminSuiteBootstrap_Pages/VSP_Bootstrap/AddCreditCard/select_Suffix'  using regular expression

2022-05-16 12:23:04 - [MESSAGE][PASSED] - Text 'Brandon Amex' is set on object 'Object Repository/AdminSuiteBootstrap_Pages/VSP_Bootstrap/AddCreditCard/input_nickName'

2022-05-16 12:23:05 - [MESSAGE][PASSED] - Text '371449635392376' is set on object 'Object Repository/AdminSuiteBootstrap_Pages/VSP_Bootstrap/AddCreditCard/input_cardNumber'

2022-05-16 12:23:06 - [MESSAGE][PASSED] - All options with label '1 - JAN' are selected in object 'Object Repository/AdminSuiteBootstrap_Pages/VSP_Bootstrap/AddCreditCard/select_ExpMonth'  using regular expression

2022-05-16 12:23:07 - [MESSAGE][PASSED] - All options with label '2028' are selected in object 'Object Repository/AdminSuiteBootstrap_Pages/VSP_Bootstrap/AddCreditCard/select_ExpYear'  using regular expression

2022-05-16 12:23:08 - [MESSAGE][PASSED] - Text '2225 Kendsha road' is set on object 'Object Repository/AdminSuiteBootstrap_Pages/VSP_Bootstrap/AddCreditCard/input_address1'

2022-05-16 12:23:08 - [MESSAGE][PASSED] - Text '' is set on object 'Object Repository/AdminSuiteBootstrap_Pages/VSP_Bootstrap/AddCreditCard/input_AddressLine2'

2022-05-16 12:23:09 - [MESSAGE][PASSED] - Text '' is set on object 'Object Repository/AdminSuiteBootstrap_Pages/VSP_Bootstrap/AddCreditCard/input_postalCodeExtension'

2022-05-16 12:23:15 - [MESSAGE][PASSED] - Object: 'Object Repository/AdminSuiteBootstrap_Pages/VSP_Bootstrap/AddCreditCard/button_Create' is clicked on

2022-05-16 12:23:15 - [MESSAGE][PASSED] - vspBootstrap.AddCreditCardPage.setDataCreditCardNotPre is PASSED

2022-05-16 12:23:15 - [TEST_STEP][PASSED] - verifyTextPresent("Payment Method Created", true): Text 'Payment Method Created' is present on page  using regular expression

2022-05-16 12:23:15 - [MESSAGE][PASSED] - Text 'Payment Method Created' is present on page  using regular expression

2022-05-16 12:23:15 - [TEST_STEP][PASSED] - verifyTextPresent("Payment method creation successful", true): Text 'Payment method creation successful' is present on page  using regular expression

2022-05-16 12:23:16 - [MESSAGE][PASSED] - Text 'Payment method creation successful' is present on page  using regular expression

2022-05-16 12:23:16 - [TEST_STEP][PASSED] - verifyElementVisible(findTestObject(path_ViewProfile + "a_nickNameCC")): Object 'Object Repository/AdminSuiteBootstrap_Pages/VSP_Bootstrap/View Profile/a_nickNameCC' is visible

2022-05-16 12:23:16 - [MESSAGE][PASSED] - Object 'Object Repository/AdminSuiteBootstrap_Pages/VSP_Bootstrap/View Profile/a_nickNameCC' is visible

2022-05-16 12:23:16 - [TEST_STEP][PASSED] - verifyElementPresent(findTestObject(path_ViewProfile + "a_nickNameCC"), 30): Object 'Object Repository/AdminSuiteBootstrap_Pages/VSP_Bootstrap/View Profile/a_nickNameCC' is present

2022-05-16 12:23:16 - [MESSAGE][PASSED] - Object 'Object Repository/AdminSuiteBootstrap_Pages/VSP_Bootstrap/View Profile/a_nickNameCC' is present

2022-05-16 12:23:16 - [TEST_STEP][PASSED] - click(findTestObject(path_ViewProfile + "a_nickNameCC")): Object: 'Object Repository/AdminSuiteBootstrap_Pages/VSP_Bootstrap/View Profile/a_nickNameCC' is clicked on

2022-05-16 12:23:19 - [MESSAGE][PASSED] - Object: 'Object Repository/AdminSuiteBootstrap_Pages/VSP_Bootstrap/View Profile/a_nickNameCC' is clicked on

2022-05-16 12:23:19 - [TEST_STEP][PASSED] - verifyTextPresent("Credit Card Billing Information", true): Text 'Credit Card Billing Information' is present on page  using regular expression

2022-05-16 12:23:20 - [MESSAGE][PASSED] - Text 'Credit Card Billing Information' is present on page  using regular expression

2022-05-16 12:23:20 - [TEST_STEP][PASSED] - nickName = findTestData(dataFile).getValue("NickNameCC", row): null

2022-05-16 12:23:20 - [TEST_STEP][PASSED] - verifyTextPresent(nickName, true): Text 'Brandon Amex' is present on page  using regular expression

2022-05-16 12:23:20 - [MESSAGE][PASSED] - Text 'Brandon Amex' is present on page  using regular expression

2022-05-16 12:23:20 - [TEST_STEP][PASSED] - click(findTestObject(path_ViewProfile + "a_Delete Credit Card")): Object: 'Object Repository/AdminSuiteBootstrap_Pages/VSP_Bootstrap/View Profile/a_Delete Credit Card' is clicked on

2022-05-16 12:23:23 - [MESSAGE][PASSED] - Object: 'Object Repository/AdminSuiteBootstrap_Pages/VSP_Bootstrap/View Profile/a_Delete Credit Card' is clicked on

2022-05-16 12:23:23 - [TEST_STEP][PASSED] - verifyTextPresent("Delete Credit Card Confirmation", true): Text 'Delete Credit Card Confirmation' is present on page  using regular expression

2022-05-16 12:23:24 - [MESSAGE][PASSED] - Text 'Delete Credit Card Confirmation' is present on page  using regular expression

2022-05-16 12:23:24 - [TEST_STEP][PASSED] - verifyTextPresent("This will delete the credit card account. Are you sure you want to do this?", true): Text 'This will delete the credit card account. Are you sure you want to do this?' is present on page  using regular expression

2022-05-16 12:23:24 - [MESSAGE][PASSED] - Text 'This will delete the credit card account. Are you sure you want to do this?' is present on page  using regular expression

2022-05-16 12:23:24 - [TEST_STEP][PASSED] - click(findTestObject(path_ViewProfile + "button_DeleteCCConfirm")): Object: 'Object Repository/AdminSuiteBootstrap_Pages/VSP_Bootstrap/View Profile/button_DeleteCCConfirm' is clicked on

2022-05-16 12:23:30 - [MESSAGE][PASSED] - Object: 'Object Repository/AdminSuiteBootstrap_Pages/VSP_Bootstrap/View Profile/button_DeleteCCConfirm' is clicked on

2022-05-16 12:23:30 - [TEST_STEP][PASSED] - verifyTextPresent("Payment Method Deletion", true): Text 'Payment Method Deletion' is present on page  using regular expression

2022-05-16 12:23:31 - [MESSAGE][PASSED] - Text 'Payment Method Deletion' is present on page  using regular expression

2022-05-16 12:23:31 - [TEST_STEP][PASSED] - verifyTextPresent("Payment method was successfully deleted.", true): Text 'Payment method was successfully deleted.' is present on page  using regular expression

2022-05-16 12:23:31 - [MESSAGE][PASSED] - Text 'Payment method was successfully deleted.' is present on page  using regular expression

2022-05-16 12:23:31 - [TEST_STEP][PASSED] - click(findTestObject(path_ViewProfile + "a_Delete Profile")): Object: 'Object Repository/AdminSuiteBootstrap_Pages/VSP_Bootstrap/View Profile/a_Delete Profile' is clicked on

2022-05-16 12:23:34 - [MESSAGE][PASSED] - Object: 'Object Repository/AdminSuiteBootstrap_Pages/VSP_Bootstrap/View Profile/a_Delete Profile' is clicked on

2022-05-16 12:23:34 - [TEST_STEP][PASSED] - verifyTextPresent("This will delete all of the following information. Are you sure you want to do this?", true): Text 'This will delete all of the following information. Are you sure you want to do this?' is present on page  using regular expression

2022-05-16 12:23:34 - [MESSAGE][PASSED] - Text 'This will delete all of the following information. Are you sure you want to do this?' is present on page  using regular expression

2022-05-16 12:23:34 - [TEST_STEP][PASSED] - click(findTestObject(path_DeleteProfileConfirm + "button_Delete")): Object: 'Object Repository/AdminSuiteBootstrap_Pages/VSP_Bootstrap/DeleteProfileConfirm/button_Delete' is clicked on

2022-05-16 12:23:39 - [MESSAGE][PASSED] - Object: 'Object Repository/AdminSuiteBootstrap_Pages/VSP_Bootstrap/DeleteProfileConfirm/button_Delete' is clicked on

2022-05-16 12:23:39 - [TEST_STEP][PASSED] - verifyTextPresent("No Search String", true): Text 'No Search String' is present on page  using regular expression

2022-05-16 12:23:40 - [MESSAGE][PASSED] - Text 'No Search String' is present on page  using regular expression

2022-05-16 12:23:40 - [TEST_STEP][PASSED] - verifyTextPresent("You must provide a search string of at least 2 characters", true): Text 'You must provide a search string of at least 2 characters' is present on page  using regular expression

2022-05-16 12:23:40 - [MESSAGE][PASSED] - Text 'You must provide a search string of at least 2 characters' is present on page  using regular expression

2022-05-16 12:23:40 - [TEST_STEP][PASSED] - closeBrowser(): Browser is closed

2022-05-16 12:23:41 - [MESSAGE][PASSED] - Browser is closed]]></system-out>
         <system-err><![CDATA[]]></system-err>
      </testcase>
      <testcase name="Test Cases/Admin Suite Bootstrap/VSP_Profile_TestCases/AddDeleteCCPre_Generic_TC" time="72.778" classname="Test Cases/Admin Suite Bootstrap/VSP_Profile_TestCases/AddDeleteCCPre_Generic_TC" status="PASSED">
         <system-out><![CDATA[2022-05-16 12:23:41 - [TEST_CASE][PASSED] - Test Cases/Admin Suite Bootstrap/VSP_Profile_TestCases/AddDeleteCCPre_Generic_TC: Test Cases/Admin Suite Bootstrap/VSP_Profile_TestCases/AddDeleteCCPre_Generic_TC

2022-05-16 12:23:42 - [TEST_STEP][PASSED] - path_Dashboard = "Object Repository/AdminSuiteBootstrap_Pages/Dashboard_Bootstrap/": null

2022-05-16 12:23:42 - [TEST_STEP][PASSED] - path_VT = "Object Repository/AdminSuiteBootstrap_Pages/VT_Bootstrap/IssueTransactions/": null

2022-05-16 12:23:42 - [TEST_STEP][PASSED] - path_CreateProfile = "Object Repository/AdminSuiteBootstrap_Pages/VSP_Bootstrap/CreateProfile/": null

2022-05-16 12:23:42 - [TEST_STEP][PASSED] - path_AddAccount = "Object Repository/AdminSuiteBootstrap_Pages/VSP_Bootstrap/AddAccount/": null

2022-05-16 12:23:42 - [TEST_STEP][PASSED] - path_Add_ACH = "Object Repository/AdminSuiteBootstrap_Pages/VSP_Bootstrap/AddACH/": null

2022-05-16 12:23:42 - [TEST_STEP][PASSED] - path_Add_CC = "Object Repository/AdminSuiteBootstrap_Pages/VSP_Bootstrap/AddCreditCard/": null

2022-05-16 12:23:42 - [TEST_STEP][PASSED] - path_App_Plan = "Object Repository/AdminSuiteBootstrap_Pages/VSP_Bootstrap/AddPaymentPlan/": null

2022-05-16 12:23:42 - [TEST_STEP][PASSED] - path_DeleteProfile = "Object Repository/AdminSuiteBootstrap_Pages/VSP_Bootstrap/DeleteProfile/": null

2022-05-16 12:23:42 - [TEST_STEP][PASSED] - path_ModifyProfile = "Object Repository/AdminSuiteBootstrap_Pages/VSP_Bootstrap/ModifyProfile/": null

2022-05-16 12:23:42 - [TEST_STEP][PASSED] - path_ViewProfile = "Object Repository/AdminSuiteBootstrap_Pages/VSP_Bootstrap/View Profile/": null

2022-05-16 12:23:42 - [TEST_STEP][PASSED] - path_VSPAuth = "Object Repository/AdminSuiteBootstrap_Pages/VSP_Bootstrap/VSP_Auth/": null

2022-05-16 12:23:42 - [TEST_STEP][PASSED] - path_VSPAuthCap = "Object Repository/AdminSuiteBootstrap_Pages/VSP_Bootstrap/VSP_Authcap/": null

2022-05-16 12:23:42 - [TEST_STEP][PASSED] - path_Debit = "Object Repository/AdminSuiteBootstrap_Pages/VSP_Bootstrap/VSP_Debit/": null

2022-05-16 12:23:42 - [TEST_STEP][PASSED] - path_DeleteProfileConfirm = "Object Repository/AdminSuiteBootstrap_Pages/VSP_Bootstrap/DeleteProfileConfirm/": null

2022-05-16 12:23:42 - [TEST_STEP][PASSED] - executionProfile = getExecutionProfile(): null

2022-05-16 12:23:42 - [TEST_STEP][PASSED] - out.println("executionProfile : " + executionProfile): null

2022-05-16 12:23:42 - [TEST_STEP][PASSED] - appName = <not implemented yet for class: org.codehaus.groovy.ast.expr.EmptyExpression>: null

2022-05-16 12:23:42 - [TEST_STEP][PASSED] - appID = <not implemented yet for class: org.codehaus.groovy.ast.expr.EmptyExpression>: null

2022-05-16 12:23:42 - [TEST_STEP][PASSED] - cardNameV = <not implemented yet for class: org.codehaus.groovy.ast.expr.EmptyExpression>: null

2022-05-16 12:23:42 - [TEST_STEP][PASSED] - al1V = <not implemented yet for class: org.codehaus.groovy.ast.expr.EmptyExpression>: null

2022-05-16 12:23:42 - [TEST_STEP][PASSED] - al2V = <not implemented yet for class: org.codehaus.groovy.ast.expr.EmptyExpression>: null

2022-05-16 12:23:42 - [TEST_STEP][PASSED] - zipV = <not implemented yet for class: org.codehaus.groovy.ast.expr.EmptyExpression>: null

2022-05-16 12:23:42 - [TEST_STEP][PASSED] - cardTypeV = <not implemented yet for class: org.codehaus.groovy.ast.expr.EmptyExpression>: null

2022-05-16 12:23:42 - [TEST_STEP][PASSED] - last4V = <not implemented yet for class: org.codehaus.groovy.ast.expr.EmptyExpression>: null

2022-05-16 12:23:42 - [TEST_STEP][PASSED] - nameSheet = "AddDeleteCCPrepopulated": null

2022-05-16 12:23:42 - [TEST_STEP][PASSED] - numOfRows = findTestData("QA/Bootstrap/VSP-Profile-TestData/AddCCPrepopulated").getRowNumbers(): null

2022-05-16 12:23:42 - [TEST_STEP][PASSED] - println("Number of Records: " + numOfRows): null

2022-05-16 12:23:42 - [TEST_STEP][PASSED] - dataFile = "QA/Bootstrap/VSP-Profile-TestData/AddCCPrepopulated": null

2022-05-16 12:23:42 - [TEST_STEP][PASSED] - for ([row = 1, row <= numOfRows, (row++)]): Browser is closed

2022-05-16 12:23:42 - [TEST_STEP][PASSED] - ExecuteTC = findTestData(dataFile).getValue("Execute", row): null

2022-05-16 12:23:42 - [TEST_STEP][PASSED] - out.println("Value of Execute is : " + ExecuteTC): null

2022-05-16 12:23:42 - [TEST_STEP][PASSED] - switch (executionProfile): null

2022-05-16 12:23:42 - [TEST_STEP][PASSED] - case "DemoProfile":: null

2022-05-16 12:23:42 - [TEST_STEP][PASSED] - appName = findTestData(dataFile).getValue("AppNameDemo", row): null

2022-05-16 12:23:42 - [TEST_STEP][PASSED] - appID = findTestData(dataFile).getValue("AppIDDemo", row): null

2022-05-16 12:23:42 - [TEST_STEP][PASSED] - break: null

2022-05-16 12:23:42 - [TEST_STEP][PASSED] - if (ExecuteTC.equalsIgnoreCase("Y")): Browser is closed

2022-05-16 12:23:42 - [TEST_STEP][PASSED] - out.println("Begin Record Number: " + row): null

2022-05-16 12:23:42 - [TEST_STEP][PASSED] - today = new java.util.Date(): null

2022-05-16 12:23:42 - [TEST_STEP][PASSED] - println(today): null

2022-05-16 12:23:42 - [TEST_STEP][PASSED] - datText = today: null

2022-05-16 12:23:42 - [TEST_STEP][PASSED] - adminSuiteBootstrap.loginFunctionality.login_AdminSuite(): adminSuiteBootstrap.loginFunctionality.login_AdminSuite is PASSED

2022-05-16 12:23:42 - [MESSAGE][INFO] - Starting 'Chrome' driver

2022-05-16 12:23:42 - [MESSAGE][INFO] - User set preference: ['acceptInsecureCerts', 'true']

2022-05-16 12:23:42 - [MESSAGE][INFO] - Action delay is set to 0 milliseconds

2022-05-16 12:23:45 - [MESSAGE][PASSED] - Browser is opened with url: 'https://demo.velocitypayment.com/admin/imtiazdemo'

2022-05-16 12:23:45 - [MESSAGE][PASSED] - Current window maximized

2022-05-16 12:23:45 - [MESSAGE][PASSED] - Object 'Object Repository/Login_Page/Login_Username' is present

2022-05-16 12:23:46 - [MESSAGE][PASSED] - Text 'iahmed' is set on object 'Object Repository/Login_Page/Login_Username'

2022-05-16 12:23:46 - [MESSAGE][PASSED] - Text 'hello2222' is set on object 'Object Repository/Login_Page/Login_Password'

2022-05-16 12:23:49 - [MESSAGE][PASSED] - Object: 'Object Repository/Login_Page/Login_Submit' is clicked on

2022-05-16 12:23:49 - [MESSAGE][PASSED] - adminSuiteBootstrap.loginFunctionality.login_AdminSuite is PASSED

2022-05-16 12:23:49 - [TEST_STEP][PASSED] - click(findTestObject(path_Dashboard + appName)): Object: 'Object Repository/AdminSuiteBootstrap_Pages/Dashboard_Bootstrap/a_Access AutoNoCFtpDemo' is clicked on

2022-05-16 12:23:52 - [MESSAGE][PASSED] - Object: 'Object Repository/AdminSuiteBootstrap_Pages/Dashboard_Bootstrap/a_Access AutoNoCFtpDemo' is clicked on

2022-05-16 12:23:52 - [TEST_STEP][PASSED] - click(findTestObject(path_VT + "a_Create")): Object: 'Object Repository/AdminSuiteBootstrap_Pages/VT_Bootstrap/IssueTransactions/a_Create' is clicked on

2022-05-16 12:23:54 - [MESSAGE][PASSED] - Object: 'Object Repository/AdminSuiteBootstrap_Pages/VT_Bootstrap/IssueTransactions/a_Create' is clicked on

2022-05-16 12:23:54 - [TEST_STEP][PASSED] - vspBootstrap.CreateProfilePage.setDataONLYCreateProfile(row, dataFile): vspBootstrap.CreateProfilePage.setDataONLYCreateProfile is PASSED

2022-05-16 12:23:56 - [MESSAGE][PASSED] - Text '21054' is set on object 'Object Repository/AdminSuiteBootstrap_Pages/VSP_Bootstrap/CreateProfile/input_PostalCode'

2022-05-16 12:23:57 - [MESSAGE][PASSED] - Text 'FJAm6ftWUUne' is set on object 'Object Repository/AdminSuiteBootstrap_Pages/VSP_Bootstrap/CreateProfile/input_profileName'

2022-05-16 12:23:59 - [MESSAGE][PASSED] - Text 'Delta Corp' is set on object 'Object Repository/AdminSuiteBootstrap_Pages/VSP_Bootstrap/CreateProfile/input_CompanyName'

2022-05-16 12:24:00 - [MESSAGE][PASSED] - All options with label 'Mr.' are selected in object 'Object Repository/AdminSuiteBootstrap_Pages/VSP_Bootstrap/CreateProfile/select_Title'  using regular expression

2022-05-16 12:24:01 - [MESSAGE][PASSED] - Text 'Ross' is set on object 'Object Repository/AdminSuiteBootstrap_Pages/VSP_Bootstrap/CreateProfile/input_FirstName'

2022-05-16 12:24:01 - [MESSAGE][PASSED] - Text 'KT' is set on object 'Object Repository/AdminSuiteBootstrap_Pages/VSP_Bootstrap/CreateProfile/input_MiddleName'

2022-05-16 12:24:02 - [MESSAGE][PASSED] - Text 'Evan' is set on object 'Object Repository/AdminSuiteBootstrap_Pages/VSP_Bootstrap/CreateProfile/input_LastName'

2022-05-16 12:24:03 - [MESSAGE][PASSED] - All options with label 'Sr.' are selected in object 'Object Repository/AdminSuiteBootstrap_Pages/VSP_Bootstrap/CreateProfile/select_Suffix'  using regular expression

2022-05-16 12:24:04 - [MESSAGE][PASSED] - Text '256987 Nolm Ct' is set on object 'Object Repository/AdminSuiteBootstrap_Pages/VSP_Bootstrap/CreateProfile/input_address1'

2022-05-16 12:24:04 - [MESSAGE][PASSED] - Text 'Suite 678' is set on object 'Object Repository/AdminSuiteBootstrap_Pages/VSP_Bootstrap/CreateProfile/input_AddressLine2'

2022-05-16 12:24:05 - [MESSAGE][PASSED] - Text '1234' is set on object 'Object Repository/AdminSuiteBootstrap_Pages/VSP_Bootstrap/CreateProfile/input_PostalCodeExt'

2022-05-16 12:24:06 - [MESSAGE][PASSED] - Text 'iahmed@govolution.com' is set on object 'Object Repository/AdminSuiteBootstrap_Pages/VSP_Bootstrap/CreateProfile/input_EmaiAddress'

2022-05-16 12:24:06 - [MESSAGE][PASSED] - Text '240' is set on object 'Object Repository/AdminSuiteBootstrap_Pages/VSP_Bootstrap/CreateProfile/input_HomePhoneNumber_HomeAreaCode'

2022-05-16 12:24:07 - [MESSAGE][PASSED] - Text '628' is set on object 'Object Repository/AdminSuiteBootstrap_Pages/VSP_Bootstrap/CreateProfile/input_homePrefixNumber'

2022-05-16 12:24:08 - [MESSAGE][PASSED] - Text '0790' is set on object 'Object Repository/AdminSuiteBootstrap_Pages/VSP_Bootstrap/CreateProfile/input_homeSuffixNumber'

2022-05-16 12:24:09 - [MESSAGE][PASSED] - Text '240' is set on object 'Object Repository/AdminSuiteBootstrap_Pages/VSP_Bootstrap/CreateProfile/input_MobilePhoneNumber_mobileAreaCode'

2022-05-16 12:24:09 - [MESSAGE][PASSED] - Text '628' is set on object 'Object Repository/AdminSuiteBootstrap_Pages/VSP_Bootstrap/CreateProfile/input_mobilePrefixNumber'

2022-05-16 12:24:10 - [MESSAGE][PASSED] - Text '0791' is set on object 'Object Repository/AdminSuiteBootstrap_Pages/VSP_Bootstrap/CreateProfile/input_mobileSuffixNumber'

2022-05-16 12:24:11 - [MESSAGE][PASSED] - Text '410' is set on object 'Object Repository/AdminSuiteBootstrap_Pages/VSP_Bootstrap/CreateProfile/input_WorkPhoneNumber_workAreaCode'

2022-05-16 12:24:11 - [MESSAGE][PASSED] - Text '628' is set on object 'Object Repository/AdminSuiteBootstrap_Pages/VSP_Bootstrap/CreateProfile/input_workPrefixNumber'

2022-05-16 12:24:12 - [MESSAGE][PASSED] - Text '0792' is set on object 'Object Repository/AdminSuiteBootstrap_Pages/VSP_Bootstrap/CreateProfile/input_workSuffixNumber'

2022-05-16 12:24:13 - [MESSAGE][PASSED] - Text '123' is set on object 'Object Repository/AdminSuiteBootstrap_Pages/VSP_Bootstrap/CreateProfile/input_Ext_workExtension'

2022-05-16 12:24:13 - [MESSAGE][PASSED] - Text 'This Profile is for Add CC' is set on object 'Object Repository/AdminSuiteBootstrap_Pages/VSP_Bootstrap/CreateProfile/textarea_NotesComments_note'

2022-05-16 12:24:13 - [MESSAGE][PASSED] - vspBootstrap.CreateProfilePage.setDataONLYCreateProfile is PASSED

2022-05-16 12:24:13 - [TEST_STEP][PASSED] - click(findTestObject(path_CreateProfile + "button_Save  Add Credit Card")): Object: 'Object Repository/AdminSuiteBootstrap_Pages/VSP_Bootstrap/CreateProfile/button_Save  Add Credit Card' is clicked on

2022-05-16 12:24:18 - [MESSAGE][PASSED] - Object: 'Object Repository/AdminSuiteBootstrap_Pages/VSP_Bootstrap/CreateProfile/button_Save  Add Credit Card' is clicked on

2022-05-16 12:24:18 - [TEST_STEP][PASSED] - verifyTextPresent("Profile successfully created", true): Text 'Profile successfully created' is present on page  using regular expression

2022-05-16 12:24:20 - [MESSAGE][PASSED] - Text 'Profile successfully created' is present on page  using regular expression

2022-05-16 12:24:20 - [TEST_STEP][PASSED] - vspBootstrap.AddCreditCardPage.setDataCreditCardPre(row, dataFile): vspBootstrap.AddCreditCardPage.setDataCreditCardPre is PASSED

2022-05-16 12:24:21 - [MESSAGE][PASSED] - Text 'Ross Discover' is set on object 'Object Repository/AdminSuiteBootstrap_Pages/VSP_Bootstrap/AddCreditCard/input_nickName'

2022-05-16 12:24:22 - [MESSAGE][PASSED] - Text '6011000993026909' is set on object 'Object Repository/AdminSuiteBootstrap_Pages/VSP_Bootstrap/AddCreditCard/input_cardNumber'

2022-05-16 12:24:23 - [MESSAGE][PASSED] - All options with label '1 - JAN' are selected in object 'Object Repository/AdminSuiteBootstrap_Pages/VSP_Bootstrap/AddCreditCard/select_ExpMonth'  using regular expression

2022-05-16 12:24:24 - [MESSAGE][PASSED] - All options with label '2028' are selected in object 'Object Repository/AdminSuiteBootstrap_Pages/VSP_Bootstrap/AddCreditCard/select_ExpYear'  using regular expression

2022-05-16 12:24:28 - [MESSAGE][PASSED] - Object: 'Object Repository/AdminSuiteBootstrap_Pages/VSP_Bootstrap/AddCreditCard/button_Create' is clicked on

2022-05-16 12:24:28 - [MESSAGE][PASSED] - vspBootstrap.AddCreditCardPage.setDataCreditCardPre is PASSED

2022-05-16 12:24:28 - [TEST_STEP][PASSED] - verifyTextPresent("Payment Method Created", true): Text 'Payment Method Created' is present on page  using regular expression

2022-05-16 12:24:29 - [MESSAGE][PASSED] - Text 'Payment Method Created' is present on page  using regular expression

2022-05-16 12:24:29 - [TEST_STEP][PASSED] - verifyTextPresent("Payment method creation successful", true): Text 'Payment method creation successful' is present on page  using regular expression

2022-05-16 12:24:29 - [MESSAGE][PASSED] - Text 'Payment method creation successful' is present on page  using regular expression

2022-05-16 12:24:29 - [TEST_STEP][PASSED] - verifyElementVisible(findTestObject(path_ViewProfile + "a_nickNameCC")): Object 'Object Repository/AdminSuiteBootstrap_Pages/VSP_Bootstrap/View Profile/a_nickNameCC' is visible

2022-05-16 12:24:30 - [MESSAGE][PASSED] - Object 'Object Repository/AdminSuiteBootstrap_Pages/VSP_Bootstrap/View Profile/a_nickNameCC' is visible

2022-05-16 12:24:30 - [TEST_STEP][PASSED] - verifyElementPresent(findTestObject(path_ViewProfile + "a_nickNameCC"), 30): Object 'Object Repository/AdminSuiteBootstrap_Pages/VSP_Bootstrap/View Profile/a_nickNameCC' is present

2022-05-16 12:24:30 - [MESSAGE][PASSED] - Object 'Object Repository/AdminSuiteBootstrap_Pages/VSP_Bootstrap/View Profile/a_nickNameCC' is present

2022-05-16 12:24:30 - [TEST_STEP][PASSED] - click(findTestObject(path_ViewProfile + "a_nickNameCC")): Object: 'Object Repository/AdminSuiteBootstrap_Pages/VSP_Bootstrap/View Profile/a_nickNameCC' is clicked on

2022-05-16 12:24:33 - [MESSAGE][PASSED] - Object: 'Object Repository/AdminSuiteBootstrap_Pages/VSP_Bootstrap/View Profile/a_nickNameCC' is clicked on

2022-05-16 12:24:33 - [TEST_STEP][PASSED] - verifyTextPresent("Credit Card Billing Information", true): Text 'Credit Card Billing Information' is present on page  using regular expression

2022-05-16 12:24:34 - [MESSAGE][PASSED] - Text 'Credit Card Billing Information' is present on page  using regular expression

2022-05-16 12:24:34 - [TEST_STEP][PASSED] - nickName = findTestData(dataFile).getValue("NickNameCC", row): null

2022-05-16 12:24:34 - [TEST_STEP][PASSED] - verifyTextPresent(nickName, true): Text 'Ross Discover' is present on page  using regular expression

2022-05-16 12:24:34 - [MESSAGE][PASSED] - Text 'Ross Discover' is present on page  using regular expression

2022-05-16 12:24:34 - [TEST_STEP][PASSED] - click(findTestObject(path_ViewProfile + "a_Delete Credit Card")): Object: 'Object Repository/AdminSuiteBootstrap_Pages/VSP_Bootstrap/View Profile/a_Delete Credit Card' is clicked on

2022-05-16 12:24:37 - [MESSAGE][PASSED] - Object: 'Object Repository/AdminSuiteBootstrap_Pages/VSP_Bootstrap/View Profile/a_Delete Credit Card' is clicked on

2022-05-16 12:24:37 - [TEST_STEP][PASSED] - verifyTextPresent("Delete Credit Card Confirmation", true): Text 'Delete Credit Card Confirmation' is present on page  using regular expression

2022-05-16 12:24:37 - [MESSAGE][PASSED] - Text 'Delete Credit Card Confirmation' is present on page  using regular expression

2022-05-16 12:24:37 - [TEST_STEP][PASSED] - verifyTextPresent("This will delete the credit card account. Are you sure you want to do this?", true): Text 'This will delete the credit card account. Are you sure you want to do this?' is present on page  using regular expression

2022-05-16 12:24:38 - [MESSAGE][PASSED] - Text 'This will delete the credit card account. Are you sure you want to do this?' is present on page  using regular expression

2022-05-16 12:24:38 - [TEST_STEP][PASSED] - click(findTestObject(path_ViewProfile + "button_DeleteCCConfirm")): Object: 'Object Repository/AdminSuiteBootstrap_Pages/VSP_Bootstrap/View Profile/button_DeleteCCConfirm' is clicked on

2022-05-16 12:24:43 - [MESSAGE][PASSED] - Object: 'Object Repository/AdminSuiteBootstrap_Pages/VSP_Bootstrap/View Profile/button_DeleteCCConfirm' is clicked on

2022-05-16 12:24:43 - [TEST_STEP][PASSED] - verifyTextPresent("Payment Method Deletion", true): Text 'Payment Method Deletion' is present on page  using regular expression

2022-05-16 12:24:44 - [MESSAGE][PASSED] - Text 'Payment Method Deletion' is present on page  using regular expression

2022-05-16 12:24:44 - [TEST_STEP][PASSED] - verifyTextPresent("Payment method was successfully deleted.", true): Text 'Payment method was successfully deleted.' is present on page  using regular expression

2022-05-16 12:24:44 - [MESSAGE][PASSED] - Text 'Payment method was successfully deleted.' is present on page  using regular expression

2022-05-16 12:24:44 - [TEST_STEP][PASSED] - click(findTestObject(path_ViewProfile + "a_Delete Profile")): Object: 'Object Repository/AdminSuiteBootstrap_Pages/VSP_Bootstrap/View Profile/a_Delete Profile' is clicked on

2022-05-16 12:24:47 - [MESSAGE][PASSED] - Object: 'Object Repository/AdminSuiteBootstrap_Pages/VSP_Bootstrap/View Profile/a_Delete Profile' is clicked on

2022-05-16 12:24:47 - [TEST_STEP][PASSED] - verifyTextPresent("This will delete all of the following information. Are you sure you want to do this?", true): Text 'This will delete all of the following information. Are you sure you want to do this?' is present on page  using regular expression

2022-05-16 12:24:48 - [MESSAGE][PASSED] - Text 'This will delete all of the following information. Are you sure you want to do this?' is present on page  using regular expression

2022-05-16 12:24:48 - [TEST_STEP][PASSED] - click(findTestObject(path_DeleteProfileConfirm + "button_Delete")): Object: 'Object Repository/AdminSuiteBootstrap_Pages/VSP_Bootstrap/DeleteProfileConfirm/button_Delete' is clicked on

2022-05-16 12:24:52 - [MESSAGE][PASSED] - Object: 'Object Repository/AdminSuiteBootstrap_Pages/VSP_Bootstrap/DeleteProfileConfirm/button_Delete' is clicked on

2022-05-16 12:24:52 - [TEST_STEP][PASSED] - verifyTextPresent("No Search String", true): Text 'No Search String' is present on page  using regular expression

2022-05-16 12:24:53 - [MESSAGE][PASSED] - Text 'No Search String' is present on page  using regular expression

2022-05-16 12:24:53 - [TEST_STEP][PASSED] - verifyTextPresent("You must provide a search string of at least 2 characters", true): Text 'You must provide a search string of at least 2 characters' is present on page  using regular expression

2022-05-16 12:24:53 - [MESSAGE][PASSED] - Text 'You must provide a search string of at least 2 characters' is present on page  using regular expression

2022-05-16 12:24:53 - [TEST_STEP][PASSED] - closeBrowser(): Browser is closed

2022-05-16 12:24:54 - [MESSAGE][PASSED] - Browser is closed]]></system-out>
         <system-err><![CDATA[]]></system-err>
      </testcase>
      <testcase name="Test Cases/Admin Suite Bootstrap/VSP_Profile_TestCases/AddDeleteCCNotPre2_Generic_TC" time="190.159" classname="Test Cases/Admin Suite Bootstrap/VSP_Profile_TestCases/AddDeleteCCNotPre2_Generic_TC" status="PASSED">
         <system-out><![CDATA[2022-05-16 12:24:54 - [TEST_CASE][PASSED] - Test Cases/Admin Suite Bootstrap/VSP_Profile_TestCases/AddDeleteCCNotPre2_Generic_TC: Test Cases/Admin Suite Bootstrap/VSP_Profile_TestCases/AddDeleteCCNotPre2_Generic_TC

2022-05-16 12:24:54 - [TEST_STEP][PASSED] - path_Dashboard = "Object Repository/AdminSuiteBootstrap_Pages/Dashboard_Bootstrap/": null

2022-05-16 12:24:54 - [TEST_STEP][PASSED] - path_VT = "Object Repository/AdminSuiteBootstrap_Pages/VT_Bootstrap/IssueTransactions/": null

2022-05-16 12:24:54 - [TEST_STEP][PASSED] - path_CreateProfile = "Object Repository/AdminSuiteBootstrap_Pages/VSP_Bootstrap/CreateProfile/": null

2022-05-16 12:24:54 - [TEST_STEP][PASSED] - path_AddAccount = "Object Repository/AdminSuiteBootstrap_Pages/VSP_Bootstrap/AddAccount/": null

2022-05-16 12:24:54 - [TEST_STEP][PASSED] - path_Add_ACH = "Object Repository/AdminSuiteBootstrap_Pages/VSP_Bootstrap/AddACH/": null

2022-05-16 12:24:54 - [TEST_STEP][PASSED] - path_Add_CC = "Object Repository/AdminSuiteBootstrap_Pages/VSP_Bootstrap/AddCreditCard/": null

2022-05-16 12:24:54 - [TEST_STEP][PASSED] - path_App_Plan = "Object Repository/AdminSuiteBootstrap_Pages/VSP_Bootstrap/AddPaymentPlan/": null

2022-05-16 12:24:54 - [TEST_STEP][PASSED] - path_DeleteProfile = "Object Repository/AdminSuiteBootstrap_Pages/VSP_Bootstrap/DeleteProfile/": null

2022-05-16 12:24:54 - [TEST_STEP][PASSED] - path_ModifyProfile = "Object Repository/AdminSuiteBootstrap_Pages/VSP_Bootstrap/ModifyProfile/": null

2022-05-16 12:24:54 - [TEST_STEP][PASSED] - path_ViewProfile = "Object Repository/AdminSuiteBootstrap_Pages/VSP_Bootstrap/View Profile/": null

2022-05-16 12:24:54 - [TEST_STEP][PASSED] - path_VSPAuth = "Object Repository/AdminSuiteBootstrap_Pages/VSP_Bootstrap/VSP_Auth/": null

2022-05-16 12:24:54 - [TEST_STEP][PASSED] - path_VSPAuthCap = "Object Repository/AdminSuiteBootstrap_Pages/VSP_Bootstrap/VSP_Authcap/": null

2022-05-16 12:24:54 - [TEST_STEP][PASSED] - path_Debit = "Object Repository/AdminSuiteBootstrap_Pages/VSP_Bootstrap/VSP_Debit/": null

2022-05-16 12:24:54 - [TEST_STEP][PASSED] - path_DeleteProfileConfirm = "Object Repository/AdminSuiteBootstrap_Pages/VSP_Bootstrap/DeleteProfileConfirm/": null

2022-05-16 12:24:54 - [TEST_STEP][PASSED] - path_ViewProfilePre = "Object Repository/AdminSuiteBootstrap_Pages/VSP_Bootstrap/ViewProfilePre/": null

2022-05-16 12:24:54 - [TEST_STEP][PASSED] - executionProfile = getExecutionProfile(): null

2022-05-16 12:24:54 - [TEST_STEP][PASSED] - out.println("executionProfile : " + executionProfile): null

2022-05-16 12:24:54 - [TEST_STEP][PASSED] - appName = <not implemented yet for class: org.codehaus.groovy.ast.expr.EmptyExpression>: null

2022-05-16 12:24:54 - [TEST_STEP][PASSED] - appID = <not implemented yet for class: org.codehaus.groovy.ast.expr.EmptyExpression>: null

2022-05-16 12:24:54 - [TEST_STEP][PASSED] - cardNameV = <not implemented yet for class: org.codehaus.groovy.ast.expr.EmptyExpression>: null

2022-05-16 12:24:54 - [TEST_STEP][PASSED] - al1V = <not implemented yet for class: org.codehaus.groovy.ast.expr.EmptyExpression>: null

2022-05-16 12:24:54 - [TEST_STEP][PASSED] - al2V = <not implemented yet for class: org.codehaus.groovy.ast.expr.EmptyExpression>: null

2022-05-16 12:24:54 - [TEST_STEP][PASSED] - zipV = <not implemented yet for class: org.codehaus.groovy.ast.expr.EmptyExpression>: null

2022-05-16 12:24:54 - [TEST_STEP][PASSED] - cardTypeV = <not implemented yet for class: org.codehaus.groovy.ast.expr.EmptyExpression>: null

2022-05-16 12:24:54 - [TEST_STEP][PASSED] - last4V = <not implemented yet for class: org.codehaus.groovy.ast.expr.EmptyExpression>: null

2022-05-16 12:24:54 - [TEST_STEP][PASSED] - nameSheet = "AddDeleteCCNotPrepopulated": null

2022-05-16 12:24:54 - [TEST_STEP][PASSED] - numOfRows = findTestData("QA/Bootstrap/VSP-Profile-TestData/AddCCNotPrepopulated").getRowNumbers(): null

2022-05-16 12:24:54 - [TEST_STEP][PASSED] - println("Number of Records: " + numOfRows): null

2022-05-16 12:24:54 - [TEST_STEP][PASSED] - dataFile = "QA/Bootstrap/VSP-Profile-TestData/AddCCNotPrepopulated": null

2022-05-16 12:24:54 - [TEST_STEP][PASSED] - for ([row = 1, row <= numOfRows, (row++)]): Browser is closed

2022-05-16 12:24:54 - [TEST_STEP][PASSED] - ExecuteTC = findTestData(dataFile).getValue("Execute", row): null

2022-05-16 12:24:54 - [TEST_STEP][PASSED] - out.println("Value of Execute is : " + ExecuteTC): null

2022-05-16 12:24:54 - [TEST_STEP][PASSED] - switch (executionProfile): null

2022-05-16 12:24:54 - [TEST_STEP][PASSED] - case "DemoProfile":: null

2022-05-16 12:24:54 - [TEST_STEP][PASSED] - appName = findTestData(dataFile).getValue("AppNameDemo", row): null

2022-05-16 12:24:54 - [TEST_STEP][PASSED] - appID = findTestData(dataFile).getValue("AppIDDemo", row): null

2022-05-16 12:24:55 - [TEST_STEP][PASSED] - break: null

2022-05-16 12:24:55 - [TEST_STEP][PASSED] - if (ExecuteTC.equalsIgnoreCase("Y")): Browser is closed

2022-05-16 12:24:55 - [TEST_STEP][PASSED] - out.println("Begin Record Number: " + row): null

2022-05-16 12:24:55 - [TEST_STEP][PASSED] - today = new java.util.Date(): null

2022-05-16 12:24:55 - [TEST_STEP][PASSED] - println(today): null

2022-05-16 12:24:55 - [TEST_STEP][PASSED] - datText = today: null

2022-05-16 12:24:55 - [TEST_STEP][PASSED] - adminSuiteBootstrap.loginFunctionality.login_AdminSuite(): adminSuiteBootstrap.loginFunctionality.login_AdminSuite is PASSED

2022-05-16 12:24:55 - [MESSAGE][INFO] - Starting 'Chrome' driver

2022-05-16 12:24:55 - [MESSAGE][INFO] - User set preference: ['acceptInsecureCerts', 'true']

2022-05-16 12:24:55 - [MESSAGE][INFO] - Action delay is set to 0 milliseconds

2022-05-16 12:24:57 - [MESSAGE][PASSED] - Browser is opened with url: 'https://demo.velocitypayment.com/admin/imtiazdemo'

2022-05-16 12:24:57 - [MESSAGE][PASSED] - Current window maximized

2022-05-16 12:24:57 - [MESSAGE][PASSED] - Object 'Object Repository/Login_Page/Login_Username' is present

2022-05-16 12:24:58 - [MESSAGE][PASSED] - Text 'iahmed' is set on object 'Object Repository/Login_Page/Login_Username'

2022-05-16 12:24:59 - [MESSAGE][PASSED] - Text 'hello2222' is set on object 'Object Repository/Login_Page/Login_Password'

2022-05-16 12:25:02 - [MESSAGE][PASSED] - Object: 'Object Repository/Login_Page/Login_Submit' is clicked on

2022-05-16 12:25:02 - [MESSAGE][PASSED] - adminSuiteBootstrap.loginFunctionality.login_AdminSuite is PASSED

2022-05-16 12:25:02 - [TEST_STEP][PASSED] - click(findTestObject(path_Dashboard + appName)): Object: 'Object Repository/AdminSuiteBootstrap_Pages/Dashboard_Bootstrap/a_Access AutoNoCFtpDemo' is clicked on

2022-05-16 12:25:05 - [MESSAGE][PASSED] - Object: 'Object Repository/AdminSuiteBootstrap_Pages/Dashboard_Bootstrap/a_Access AutoNoCFtpDemo' is clicked on

2022-05-16 12:25:05 - [TEST_STEP][PASSED] - click(findTestObject(path_VT + "a_Create")): Object: 'Object Repository/AdminSuiteBootstrap_Pages/VT_Bootstrap/IssueTransactions/a_Create' is clicked on

2022-05-16 12:25:08 - [MESSAGE][PASSED] - Object: 'Object Repository/AdminSuiteBootstrap_Pages/VT_Bootstrap/IssueTransactions/a_Create' is clicked on

2022-05-16 12:25:08 - [TEST_STEP][PASSED] - vspBootstrap.CreateProfilePage.setDataCreateProfile(row, dataFile): vspBootstrap.CreateProfilePage.setDataCreateProfile is PASSED

2022-05-16 12:25:11 - [MESSAGE][PASSED] - Text '22201' is set on object 'Object Repository/AdminSuiteBootstrap_Pages/VSP_Bootstrap/CreateProfile/input_PostalCode'

2022-05-16 12:25:12 - [MESSAGE][PASSED] - Text 'dR4oLqrQkJzH' is set on object 'Object Repository/AdminSuiteBootstrap_Pages/VSP_Bootstrap/CreateProfile/input_profileName'

2022-05-16 12:25:14 - [MESSAGE][PASSED] - Text '' is set on object 'Object Repository/AdminSuiteBootstrap_Pages/VSP_Bootstrap/CreateProfile/input_CompanyName'

2022-05-16 12:25:15 - [MESSAGE][PASSED] - All options with label '' are selected in object 'Object Repository/AdminSuiteBootstrap_Pages/VSP_Bootstrap/CreateProfile/select_Title'  using regular expression

2022-05-16 12:25:16 - [MESSAGE][PASSED] - Text '' is set on object 'Object Repository/AdminSuiteBootstrap_Pages/VSP_Bootstrap/CreateProfile/input_FirstName'

2022-05-16 12:25:17 - [MESSAGE][PASSED] - Text '' is set on object 'Object Repository/AdminSuiteBootstrap_Pages/VSP_Bootstrap/CreateProfile/input_MiddleName'

2022-05-16 12:25:17 - [MESSAGE][PASSED] - Text '' is set on object 'Object Repository/AdminSuiteBootstrap_Pages/VSP_Bootstrap/CreateProfile/input_LastName'

2022-05-16 12:25:18 - [MESSAGE][PASSED] - All options with label '' are selected in object 'Object Repository/AdminSuiteBootstrap_Pages/VSP_Bootstrap/CreateProfile/select_Suffix'  using regular expression

2022-05-16 12:25:19 - [MESSAGE][PASSED] - Text '15 Toledo Road' is set on object 'Object Repository/AdminSuiteBootstrap_Pages/VSP_Bootstrap/CreateProfile/input_address1'

2022-05-16 12:25:20 - [MESSAGE][PASSED] - Text '' is set on object 'Object Repository/AdminSuiteBootstrap_Pages/VSP_Bootstrap/CreateProfile/input_AddressLine2'

2022-05-16 12:25:20 - [MESSAGE][PASSED] - Text '' is set on object 'Object Repository/AdminSuiteBootstrap_Pages/VSP_Bootstrap/CreateProfile/input_PostalCodeExt'

2022-05-16 12:25:21 - [MESSAGE][PASSED] - Text '' is set on object 'Object Repository/AdminSuiteBootstrap_Pages/VSP_Bootstrap/CreateProfile/input_EmaiAddress'

2022-05-16 12:25:22 - [MESSAGE][PASSED] - Text '' is set on object 'Object Repository/AdminSuiteBootstrap_Pages/VSP_Bootstrap/CreateProfile/input_HomePhoneNumber_HomeAreaCode'

2022-05-16 12:25:22 - [MESSAGE][PASSED] - Text '' is set on object 'Object Repository/AdminSuiteBootstrap_Pages/VSP_Bootstrap/CreateProfile/input_homePrefixNumber'

2022-05-16 12:25:23 - [MESSAGE][PASSED] - Text '' is set on object 'Object Repository/AdminSuiteBootstrap_Pages/VSP_Bootstrap/CreateProfile/input_homeSuffixNumber'

2022-05-16 12:25:24 - [MESSAGE][PASSED] - Text '' is set on object 'Object Repository/AdminSuiteBootstrap_Pages/VSP_Bootstrap/CreateProfile/input_MobilePhoneNumber_mobileAreaCode'

2022-05-16 12:25:24 - [MESSAGE][PASSED] - Text '' is set on object 'Object Repository/AdminSuiteBootstrap_Pages/VSP_Bootstrap/CreateProfile/input_mobilePrefixNumber'

2022-05-16 12:25:25 - [MESSAGE][PASSED] - Text '' is set on object 'Object Repository/AdminSuiteBootstrap_Pages/VSP_Bootstrap/CreateProfile/input_mobileSuffixNumber'

2022-05-16 12:25:26 - [MESSAGE][PASSED] - Text '' is set on object 'Object Repository/AdminSuiteBootstrap_Pages/VSP_Bootstrap/CreateProfile/input_WorkPhoneNumber_workAreaCode'

2022-05-16 12:25:26 - [MESSAGE][PASSED] - Text '' is set on object 'Object Repository/AdminSuiteBootstrap_Pages/VSP_Bootstrap/CreateProfile/input_workPrefixNumber'

2022-05-16 12:25:27 - [MESSAGE][PASSED] - Text '' is set on object 'Object Repository/AdminSuiteBootstrap_Pages/VSP_Bootstrap/CreateProfile/input_workSuffixNumber'

2022-05-16 12:25:28 - [MESSAGE][PASSED] - Text '' is set on object 'Object Repository/AdminSuiteBootstrap_Pages/VSP_Bootstrap/CreateProfile/input_Ext_workExtension'

2022-05-16 12:25:28 - [MESSAGE][PASSED] - Text '' is set on object 'Object Repository/AdminSuiteBootstrap_Pages/VSP_Bootstrap/CreateProfile/textarea_NotesComments_note'

2022-05-16 12:25:34 - [MESSAGE][PASSED] - Object: 'Object Repository/AdminSuiteBootstrap_Pages/VSP_Bootstrap/CreateProfile/button_Save' is clicked on

2022-05-16 12:25:34 - [MESSAGE][PASSED] - vspBootstrap.CreateProfilePage.setDataCreateProfile is PASSED

2022-05-16 12:25:34 - [TEST_STEP][PASSED] - verifyTextPresent("Profile successfully created", true): Text 'Profile successfully created' is present on page  using regular expression

2022-05-16 12:25:34 - [MESSAGE][PASSED] - Text 'Profile successfully created' is present on page  using regular expression

2022-05-16 12:25:34 - [TEST_STEP][PASSED] - click(findTestObject(path_ViewProfilePre + "button_Add Credit Card")): Object: 'Object Repository/AdminSuiteBootstrap_Pages/VSP_Bootstrap/ViewProfilePre/button_Add Credit Card' is clicked on

2022-05-16 12:25:37 - [MESSAGE][PASSED] - Object: 'Object Repository/AdminSuiteBootstrap_Pages/VSP_Bootstrap/ViewProfilePre/button_Add Credit Card' is clicked on

2022-05-16 12:25:37 - [TEST_STEP][PASSED] - vspBootstrap.AddCreditCardPage.setDataCreditCardNotPre(row, dataFile): vspBootstrap.AddCreditCardPage.setDataCreditCardNotPre is PASSED

2022-05-16 12:25:42 - [MESSAGE][PASSED] - Text '22201' is set on object 'Object Repository/AdminSuiteBootstrap_Pages/VSP_Bootstrap/AddCreditCard/input_postalCode'

2022-05-16 12:25:43 - [MESSAGE][PASSED] - All options with label 'Mr.' are selected in object 'Object Repository/AdminSuiteBootstrap_Pages/VSP_Bootstrap/AddCreditCard/select_Title'  using regular expression

2022-05-16 12:25:46 - [MESSAGE][PASSED] - Text 'Timothy' is set on object 'Object Repository/AdminSuiteBootstrap_Pages/VSP_Bootstrap/AddCreditCard/input_firstName'

2022-05-16 12:25:46 - [MESSAGE][PASSED] - Text 'Mac' is set on object 'Object Repository/AdminSuiteBootstrap_Pages/VSP_Bootstrap/AddCreditCard/input_MiddleName'

2022-05-16 12:25:47 - [MESSAGE][PASSED] - Text 'Siefert' is set on object 'Object Repository/AdminSuiteBootstrap_Pages/VSP_Bootstrap/AddCreditCard/input_lastName'

2022-05-16 12:25:48 - [MESSAGE][PASSED] - All options with label 'Sr.' are selected in object 'Object Repository/AdminSuiteBootstrap_Pages/VSP_Bootstrap/AddCreditCard/select_Suffix'  using regular expression

2022-05-16 12:25:49 - [MESSAGE][PASSED] - Text 'Tim MasterCard' is set on object 'Object Repository/AdminSuiteBootstrap_Pages/VSP_Bootstrap/AddCreditCard/input_nickName'

2022-05-16 12:25:49 - [MESSAGE][PASSED] - Text '5146312200000035' is set on object 'Object Repository/AdminSuiteBootstrap_Pages/VSP_Bootstrap/AddCreditCard/input_cardNumber'

2022-05-16 12:25:50 - [MESSAGE][PASSED] - All options with label '12- DEC' are selected in object 'Object Repository/AdminSuiteBootstrap_Pages/VSP_Bootstrap/AddCreditCard/select_ExpMonth'  using regular expression

2022-05-16 12:25:52 - [MESSAGE][PASSED] - All options with label '2028' are selected in object 'Object Repository/AdminSuiteBootstrap_Pages/VSP_Bootstrap/AddCreditCard/select_ExpYear'  using regular expression

2022-05-16 12:25:52 - [MESSAGE][PASSED] - Text '365 Kanyakumari' is set on object 'Object Repository/AdminSuiteBootstrap_Pages/VSP_Bootstrap/AddCreditCard/input_address1'

2022-05-16 12:25:53 - [MESSAGE][PASSED] - Text 'Room 8' is set on object 'Object Repository/AdminSuiteBootstrap_Pages/VSP_Bootstrap/AddCreditCard/input_AddressLine2'

2022-05-16 12:25:54 - [MESSAGE][PASSED] - Text '1234' is set on object 'Object Repository/AdminSuiteBootstrap_Pages/VSP_Bootstrap/AddCreditCard/input_postalCodeExtension'

2022-05-16 12:25:59 - [MESSAGE][PASSED] - Object: 'Object Repository/AdminSuiteBootstrap_Pages/VSP_Bootstrap/AddCreditCard/button_Create' is clicked on

2022-05-16 12:25:59 - [MESSAGE][PASSED] - vspBootstrap.AddCreditCardPage.setDataCreditCardNotPre is PASSED

2022-05-16 12:25:59 - [TEST_STEP][PASSED] - verifyTextPresent("Payment Method Created", true): Text 'Payment Method Created' is present on page  using regular expression

2022-05-16 12:26:00 - [MESSAGE][PASSED] - Text 'Payment Method Created' is present on page  using regular expression

2022-05-16 12:26:00 - [TEST_STEP][PASSED] - verifyTextPresent("Payment method creation successful", true): Text 'Payment method creation successful' is present on page  using regular expression

2022-05-16 12:26:00 - [MESSAGE][PASSED] - Text 'Payment method creation successful' is present on page  using regular expression

2022-05-16 12:26:00 - [TEST_STEP][PASSED] - verifyElementVisible(findTestObject(path_ViewProfile + "a_nickNameCC")): Object 'Object Repository/AdminSuiteBootstrap_Pages/VSP_Bootstrap/View Profile/a_nickNameCC' is visible

2022-05-16 12:26:01 - [MESSAGE][PASSED] - Object 'Object Repository/AdminSuiteBootstrap_Pages/VSP_Bootstrap/View Profile/a_nickNameCC' is visible

2022-05-16 12:26:01 - [TEST_STEP][PASSED] - verifyElementPresent(findTestObject(path_ViewProfile + "a_nickNameCC"), 30): Object 'Object Repository/AdminSuiteBootstrap_Pages/VSP_Bootstrap/View Profile/a_nickNameCC' is present

2022-05-16 12:26:01 - [MESSAGE][PASSED] - Object 'Object Repository/AdminSuiteBootstrap_Pages/VSP_Bootstrap/View Profile/a_nickNameCC' is present

2022-05-16 12:26:01 - [TEST_STEP][PASSED] - click(findTestObject(path_ViewProfile + "a_nickNameCC")): Object: 'Object Repository/AdminSuiteBootstrap_Pages/VSP_Bootstrap/View Profile/a_nickNameCC' is clicked on

2022-05-16 12:26:04 - [MESSAGE][PASSED] - Object: 'Object Repository/AdminSuiteBootstrap_Pages/VSP_Bootstrap/View Profile/a_nickNameCC' is clicked on

2022-05-16 12:26:04 - [TEST_STEP][PASSED] - verifyTextPresent("Credit Card Billing Information", true): Text 'Credit Card Billing Information' is present on page  using regular expression

2022-05-16 12:26:05 - [MESSAGE][PASSED] - Text 'Credit Card Billing Information' is present on page  using regular expression

2022-05-16 12:26:05 - [TEST_STEP][PASSED] - nickName = findTestData(dataFile).getValue("NickNameCC", row): null

2022-05-16 12:26:05 - [TEST_STEP][PASSED] - verifyTextPresent(nickName, true): Text 'Tim MasterCard' is present on page  using regular expression

2022-05-16 12:26:05 - [MESSAGE][PASSED] - Text 'Tim MasterCard' is present on page  using regular expression

2022-05-16 12:26:05 - [TEST_STEP][PASSED] - click(findTestObject(path_ViewProfile + "a_Delete Credit Card")): Object: 'Object Repository/AdminSuiteBootstrap_Pages/VSP_Bootstrap/View Profile/a_Delete Credit Card' is clicked on

2022-05-16 12:26:08 - [MESSAGE][PASSED] - Object: 'Object Repository/AdminSuiteBootstrap_Pages/VSP_Bootstrap/View Profile/a_Delete Credit Card' is clicked on

2022-05-16 12:26:08 - [TEST_STEP][PASSED] - verifyTextPresent("Delete Credit Card Confirmation", true): Text 'Delete Credit Card Confirmation' is present on page  using regular expression

2022-05-16 12:26:09 - [MESSAGE][PASSED] - Text 'Delete Credit Card Confirmation' is present on page  using regular expression

2022-05-16 12:26:09 - [TEST_STEP][PASSED] - verifyTextPresent("This will delete the credit card account. Are you sure you want to do this?", true): Text 'This will delete the credit card account. Are you sure you want to do this?' is present on page  using regular expression

2022-05-16 12:26:09 - [MESSAGE][PASSED] - Text 'This will delete the credit card account. Are you sure you want to do this?' is present on page  using regular expression

2022-05-16 12:26:09 - [TEST_STEP][PASSED] - click(findTestObject(path_ViewProfile + "button_DeleteCCConfirm")): Object: 'Object Repository/AdminSuiteBootstrap_Pages/VSP_Bootstrap/View Profile/button_DeleteCCConfirm' is clicked on

2022-05-16 12:26:15 - [MESSAGE][PASSED] - Object: 'Object Repository/AdminSuiteBootstrap_Pages/VSP_Bootstrap/View Profile/button_DeleteCCConfirm' is clicked on

2022-05-16 12:26:15 - [TEST_STEP][PASSED] - verifyTextPresent("Payment Method Deletion", true): Text 'Payment Method Deletion' is present on page  using regular expression

2022-05-16 12:26:15 - [MESSAGE][PASSED] - Text 'Payment Method Deletion' is present on page  using regular expression

2022-05-16 12:26:15 - [TEST_STEP][PASSED] - verifyTextPresent("Payment method was successfully deleted.", true): Text 'Payment method was successfully deleted.' is present on page  using regular expression

2022-05-16 12:26:16 - [MESSAGE][PASSED] - Text 'Payment method was successfully deleted.' is present on page  using regular expression

2022-05-16 12:26:16 - [TEST_STEP][PASSED] - click(findTestObject(path_ViewProfile + "a_Delete Profile")): Object: 'Object Repository/AdminSuiteBootstrap_Pages/VSP_Bootstrap/View Profile/a_Delete Profile' is clicked on

2022-05-16 12:26:19 - [MESSAGE][PASSED] - Object: 'Object Repository/AdminSuiteBootstrap_Pages/VSP_Bootstrap/View Profile/a_Delete Profile' is clicked on

2022-05-16 12:26:19 - [TEST_STEP][PASSED] - verifyTextPresent("This will delete all of the following information. Are you sure you want to do this?", true): Text 'This will delete all of the following information. Are you sure you want to do this?' is present on page  using regular expression

2022-05-16 12:26:19 - [MESSAGE][PASSED] - Text 'This will delete all of the following information. Are you sure you want to do this?' is present on page  using regular expression

2022-05-16 12:26:19 - [TEST_STEP][PASSED] - click(findTestObject(path_DeleteProfileConfirm + "button_Delete")): Object: 'Object Repository/AdminSuiteBootstrap_Pages/VSP_Bootstrap/DeleteProfileConfirm/button_Delete' is clicked on

2022-05-16 12:26:25 - [MESSAGE][PASSED] - Object: 'Object Repository/AdminSuiteBootstrap_Pages/VSP_Bootstrap/DeleteProfileConfirm/button_Delete' is clicked on

2022-05-16 12:26:25 - [TEST_STEP][PASSED] - verifyTextPresent("No Search String", true): Text 'No Search String' is present on page  using regular expression

2022-05-16 12:26:25 - [MESSAGE][PASSED] - Text 'No Search String' is present on page  using regular expression

2022-05-16 12:26:25 - [TEST_STEP][PASSED] - verifyTextPresent("You must provide a search string of at least 2 characters", true): Text 'You must provide a search string of at least 2 characters' is present on page  using regular expression

2022-05-16 12:26:26 - [MESSAGE][PASSED] - Text 'You must provide a search string of at least 2 characters' is present on page  using regular expression

2022-05-16 12:26:26 - [TEST_STEP][PASSED] - closeBrowser(): Browser is closed

2022-05-16 12:26:26 - [MESSAGE][PASSED] - Browser is closed

2022-05-16 12:26:26 - [TEST_STEP][PASSED] - ExecuteTC = findTestData(dataFile).getValue("Execute", row): null

2022-05-16 12:26:27 - [TEST_STEP][PASSED] - out.println("Value of Execute is : " + ExecuteTC): null

2022-05-16 12:26:27 - [TEST_STEP][PASSED] - switch (executionProfile): null

2022-05-16 12:26:27 - [TEST_STEP][PASSED] - case "DemoProfile":: null

2022-05-16 12:26:27 - [TEST_STEP][PASSED] - appName = findTestData(dataFile).getValue("AppNameDemo", row): null

2022-05-16 12:26:27 - [TEST_STEP][PASSED] - appID = findTestData(dataFile).getValue("AppIDDemo", row): null

2022-05-16 12:26:27 - [TEST_STEP][PASSED] - break: null

2022-05-16 12:26:27 - [TEST_STEP][PASSED] - if (ExecuteTC.equalsIgnoreCase("Y")): Browser is closed

2022-05-16 12:26:27 - [TEST_STEP][PASSED] - out.println("Begin Record Number: " + row): null

2022-05-16 12:26:27 - [TEST_STEP][PASSED] - today = new java.util.Date(): null

2022-05-16 12:26:27 - [TEST_STEP][PASSED] - println(today): null

2022-05-16 12:26:27 - [TEST_STEP][PASSED] - datText = today: null

2022-05-16 12:26:27 - [TEST_STEP][PASSED] - adminSuiteBootstrap.loginFunctionality.login_AdminSuite(): adminSuiteBootstrap.loginFunctionality.login_AdminSuite is PASSED

2022-05-16 12:26:27 - [MESSAGE][INFO] - Starting 'Chrome' driver

2022-05-16 12:26:27 - [MESSAGE][INFO] - User set preference: ['acceptInsecureCerts', 'true']

2022-05-16 12:26:27 - [MESSAGE][INFO] - Action delay is set to 0 milliseconds

2022-05-16 12:26:29 - [MESSAGE][PASSED] - Browser is opened with url: 'https://demo.velocitypayment.com/admin/imtiazdemo'

2022-05-16 12:26:29 - [MESSAGE][PASSED] - Current window maximized

2022-05-16 12:26:29 - [MESSAGE][PASSED] - Object 'Object Repository/Login_Page/Login_Username' is present

2022-05-16 12:26:30 - [MESSAGE][PASSED] - Text 'iahmed' is set on object 'Object Repository/Login_Page/Login_Username'

2022-05-16 12:26:31 - [MESSAGE][PASSED] - Text 'hello2222' is set on object 'Object Repository/Login_Page/Login_Password'

2022-05-16 12:26:35 - [MESSAGE][PASSED] - Object: 'Object Repository/Login_Page/Login_Submit' is clicked on

2022-05-16 12:26:35 - [MESSAGE][PASSED] - adminSuiteBootstrap.loginFunctionality.login_AdminSuite is PASSED

2022-05-16 12:26:35 - [TEST_STEP][PASSED] - click(findTestObject(path_Dashboard + appName)): Object: 'Object Repository/AdminSuiteBootstrap_Pages/Dashboard_Bootstrap/a_Access AutoNoCFtpDemo' is clicked on

2022-05-16 12:26:38 - [MESSAGE][PASSED] - Object: 'Object Repository/AdminSuiteBootstrap_Pages/Dashboard_Bootstrap/a_Access AutoNoCFtpDemo' is clicked on

2022-05-16 12:26:38 - [TEST_STEP][PASSED] - click(findTestObject(path_VT + "a_Create")): Object: 'Object Repository/AdminSuiteBootstrap_Pages/VT_Bootstrap/IssueTransactions/a_Create' is clicked on

2022-05-16 12:26:41 - [MESSAGE][PASSED] - Object: 'Object Repository/AdminSuiteBootstrap_Pages/VT_Bootstrap/IssueTransactions/a_Create' is clicked on

2022-05-16 12:26:41 - [TEST_STEP][PASSED] - vspBootstrap.CreateProfilePage.setDataCreateProfile(row, dataFile): vspBootstrap.CreateProfilePage.setDataCreateProfile is PASSED

2022-05-16 12:26:47 - [MESSAGE][PASSED] - Text '22201' is set on object 'Object Repository/AdminSuiteBootstrap_Pages/VSP_Bootstrap/CreateProfile/input_PostalCode'

2022-05-16 12:26:48 - [MESSAGE][PASSED] - Text 'wzEw07lUvIBE' is set on object 'Object Repository/AdminSuiteBootstrap_Pages/VSP_Bootstrap/CreateProfile/input_profileName'

2022-05-16 12:26:51 - [MESSAGE][PASSED] - Text '' is set on object 'Object Repository/AdminSuiteBootstrap_Pages/VSP_Bootstrap/CreateProfile/input_CompanyName'

2022-05-16 12:26:52 - [MESSAGE][PASSED] - All options with label '' are selected in object 'Object Repository/AdminSuiteBootstrap_Pages/VSP_Bootstrap/CreateProfile/select_Title'  using regular expression

2022-05-16 12:26:52 - [MESSAGE][PASSED] - Text '' is set on object 'Object Repository/AdminSuiteBootstrap_Pages/VSP_Bootstrap/CreateProfile/input_FirstName'

2022-05-16 12:26:53 - [MESSAGE][PASSED] - Text '' is set on object 'Object Repository/AdminSuiteBootstrap_Pages/VSP_Bootstrap/CreateProfile/input_MiddleName'

2022-05-16 12:26:54 - [MESSAGE][PASSED] - Text '' is set on object 'Object Repository/AdminSuiteBootstrap_Pages/VSP_Bootstrap/CreateProfile/input_LastName'

2022-05-16 12:26:55 - [MESSAGE][PASSED] - All options with label '' are selected in object 'Object Repository/AdminSuiteBootstrap_Pages/VSP_Bootstrap/CreateProfile/select_Suffix'  using regular expression

2022-05-16 12:26:55 - [MESSAGE][PASSED] - Text '15 Toledo Road' is set on object 'Object Repository/AdminSuiteBootstrap_Pages/VSP_Bootstrap/CreateProfile/input_address1'

2022-05-16 12:26:56 - [MESSAGE][PASSED] - Text '' is set on object 'Object Repository/AdminSuiteBootstrap_Pages/VSP_Bootstrap/CreateProfile/input_AddressLine2'

2022-05-16 12:26:57 - [MESSAGE][PASSED] - Text '' is set on object 'Object Repository/AdminSuiteBootstrap_Pages/VSP_Bootstrap/CreateProfile/input_PostalCodeExt'

2022-05-16 12:26:57 - [MESSAGE][PASSED] - Text '' is set on object 'Object Repository/AdminSuiteBootstrap_Pages/VSP_Bootstrap/CreateProfile/input_EmaiAddress'

2022-05-16 12:26:58 - [MESSAGE][PASSED] - Text '' is set on object 'Object Repository/AdminSuiteBootstrap_Pages/VSP_Bootstrap/CreateProfile/input_HomePhoneNumber_HomeAreaCode'

2022-05-16 12:26:59 - [MESSAGE][PASSED] - Text '' is set on object 'Object Repository/AdminSuiteBootstrap_Pages/VSP_Bootstrap/CreateProfile/input_homePrefixNumber'

2022-05-16 12:26:59 - [MESSAGE][PASSED] - Text '' is set on object 'Object Repository/AdminSuiteBootstrap_Pages/VSP_Bootstrap/CreateProfile/input_homeSuffixNumber'

2022-05-16 12:27:00 - [MESSAGE][PASSED] - Text '' is set on object 'Object Repository/AdminSuiteBootstrap_Pages/VSP_Bootstrap/CreateProfile/input_MobilePhoneNumber_mobileAreaCode'

2022-05-16 12:27:01 - [MESSAGE][PASSED] - Text '' is set on object 'Object Repository/AdminSuiteBootstrap_Pages/VSP_Bootstrap/CreateProfile/input_mobilePrefixNumber'

2022-05-16 12:27:01 - [MESSAGE][PASSED] - Text '' is set on object 'Object Repository/AdminSuiteBootstrap_Pages/VSP_Bootstrap/CreateProfile/input_mobileSuffixNumber'

2022-05-16 12:27:02 - [MESSAGE][PASSED] - Text '' is set on object 'Object Repository/AdminSuiteBootstrap_Pages/VSP_Bootstrap/CreateProfile/input_WorkPhoneNumber_workAreaCode'

2022-05-16 12:27:03 - [MESSAGE][PASSED] - Text '' is set on object 'Object Repository/AdminSuiteBootstrap_Pages/VSP_Bootstrap/CreateProfile/input_workPrefixNumber'

2022-05-16 12:27:03 - [MESSAGE][PASSED] - Text '' is set on object 'Object Repository/AdminSuiteBootstrap_Pages/VSP_Bootstrap/CreateProfile/input_workSuffixNumber'

2022-05-16 12:27:04 - [MESSAGE][PASSED] - Text '' is set on object 'Object Repository/AdminSuiteBootstrap_Pages/VSP_Bootstrap/CreateProfile/input_Ext_workExtension'

2022-05-16 12:27:05 - [MESSAGE][PASSED] - Text '' is set on object 'Object Repository/AdminSuiteBootstrap_Pages/VSP_Bootstrap/CreateProfile/textarea_NotesComments_note'

2022-05-16 12:27:11 - [MESSAGE][PASSED] - Object: 'Object Repository/AdminSuiteBootstrap_Pages/VSP_Bootstrap/CreateProfile/button_Save' is clicked on

2022-05-16 12:27:11 - [MESSAGE][PASSED] - vspBootstrap.CreateProfilePage.setDataCreateProfile is PASSED

2022-05-16 12:27:11 - [TEST_STEP][PASSED] - verifyTextPresent("Profile successfully created", true): Text 'Profile successfully created' is present on page  using regular expression

2022-05-16 12:27:12 - [MESSAGE][PASSED] - Text 'Profile successfully created' is present on page  using regular expression

2022-05-16 12:27:12 - [TEST_STEP][PASSED] - click(findTestObject(path_ViewProfilePre + "button_Add Credit Card")): Object: 'Object Repository/AdminSuiteBootstrap_Pages/VSP_Bootstrap/ViewProfilePre/button_Add Credit Card' is clicked on

2022-05-16 12:27:15 - [MESSAGE][PASSED] - Object: 'Object Repository/AdminSuiteBootstrap_Pages/VSP_Bootstrap/ViewProfilePre/button_Add Credit Card' is clicked on

2022-05-16 12:27:15 - [TEST_STEP][PASSED] - vspBootstrap.AddCreditCardPage.setDataCreditCardNotPre(row, dataFile): vspBootstrap.AddCreditCardPage.setDataCreditCardNotPre is PASSED

2022-05-16 12:27:20 - [MESSAGE][PASSED] - Text '21093' is set on object 'Object Repository/AdminSuiteBootstrap_Pages/VSP_Bootstrap/AddCreditCard/input_postalCode'

2022-05-16 12:27:21 - [MESSAGE][PASSED] - All options with label '' are selected in object 'Object Repository/AdminSuiteBootstrap_Pages/VSP_Bootstrap/AddCreditCard/select_Title'  using regular expression

2022-05-16 12:27:21 - [MESSAGE][PASSED] - Text 'Brandon' is set on object 'Object Repository/AdminSuiteBootstrap_Pages/VSP_Bootstrap/AddCreditCard/input_firstName'

2022-05-16 12:27:24 - [MESSAGE][PASSED] - Text '' is set on object 'Object Repository/AdminSuiteBootstrap_Pages/VSP_Bootstrap/AddCreditCard/input_MiddleName'

2022-05-16 12:27:25 - [MESSAGE][PASSED] - Text 'McCulumm' is set on object 'Object Repository/AdminSuiteBootstrap_Pages/VSP_Bootstrap/AddCreditCard/input_lastName'

2022-05-16 12:27:26 - [MESSAGE][PASSED] - All options with label '' are selected in object 'Object Repository/AdminSuiteBootstrap_Pages/VSP_Bootstrap/AddCreditCard/select_Suffix'  using regular expression

2022-05-16 12:27:26 - [MESSAGE][PASSED] - Text 'Brandon Amex' is set on object 'Object Repository/AdminSuiteBootstrap_Pages/VSP_Bootstrap/AddCreditCard/input_nickName'

2022-05-16 12:27:27 - [MESSAGE][PASSED] - Text '371449635392376' is set on object 'Object Repository/AdminSuiteBootstrap_Pages/VSP_Bootstrap/AddCreditCard/input_cardNumber'

2022-05-16 12:27:28 - [MESSAGE][PASSED] - All options with label '1 - JAN' are selected in object 'Object Repository/AdminSuiteBootstrap_Pages/VSP_Bootstrap/AddCreditCard/select_ExpMonth'  using regular expression

2022-05-16 12:27:29 - [MESSAGE][PASSED] - All options with label '2028' are selected in object 'Object Repository/AdminSuiteBootstrap_Pages/VSP_Bootstrap/AddCreditCard/select_ExpYear'  using regular expression

2022-05-16 12:27:30 - [MESSAGE][PASSED] - Text '2225 Kendsha road' is set on object 'Object Repository/AdminSuiteBootstrap_Pages/VSP_Bootstrap/AddCreditCard/input_address1'

2022-05-16 12:27:30 - [MESSAGE][PASSED] - Text '' is set on object 'Object Repository/AdminSuiteBootstrap_Pages/VSP_Bootstrap/AddCreditCard/input_AddressLine2'

2022-05-16 12:27:31 - [MESSAGE][PASSED] - Text '' is set on object 'Object Repository/AdminSuiteBootstrap_Pages/VSP_Bootstrap/AddCreditCard/input_postalCodeExtension'

2022-05-16 12:27:37 - [MESSAGE][PASSED] - Object: 'Object Repository/AdminSuiteBootstrap_Pages/VSP_Bootstrap/AddCreditCard/button_Create' is clicked on

2022-05-16 12:27:37 - [MESSAGE][PASSED] - vspBootstrap.AddCreditCardPage.setDataCreditCardNotPre is PASSED

2022-05-16 12:27:37 - [TEST_STEP][PASSED] - verifyTextPresent("Payment Method Created", true): Text 'Payment Method Created' is present on page  using regular expression

2022-05-16 12:27:38 - [MESSAGE][PASSED] - Text 'Payment Method Created' is present on page  using regular expression

2022-05-16 12:27:38 - [TEST_STEP][PASSED] - verifyTextPresent("Payment method creation successful", true): Text 'Payment method creation successful' is present on page  using regular expression

2022-05-16 12:27:38 - [MESSAGE][PASSED] - Text 'Payment method creation successful' is present on page  using regular expression

2022-05-16 12:27:38 - [TEST_STEP][PASSED] - verifyElementVisible(findTestObject(path_ViewProfile + "a_nickNameCC")): Object 'Object Repository/AdminSuiteBootstrap_Pages/VSP_Bootstrap/View Profile/a_nickNameCC' is visible

2022-05-16 12:27:39 - [MESSAGE][PASSED] - Object 'Object Repository/AdminSuiteBootstrap_Pages/VSP_Bootstrap/View Profile/a_nickNameCC' is visible

2022-05-16 12:27:39 - [TEST_STEP][PASSED] - verifyElementPresent(findTestObject(path_ViewProfile + "a_nickNameCC"), 30): Object 'Object Repository/AdminSuiteBootstrap_Pages/VSP_Bootstrap/View Profile/a_nickNameCC' is present

2022-05-16 12:27:39 - [MESSAGE][PASSED] - Object 'Object Repository/AdminSuiteBootstrap_Pages/VSP_Bootstrap/View Profile/a_nickNameCC' is present

2022-05-16 12:27:39 - [TEST_STEP][PASSED] - click(findTestObject(path_ViewProfile + "a_nickNameCC")): Object: 'Object Repository/AdminSuiteBootstrap_Pages/VSP_Bootstrap/View Profile/a_nickNameCC' is clicked on

2022-05-16 12:27:42 - [MESSAGE][PASSED] - Object: 'Object Repository/AdminSuiteBootstrap_Pages/VSP_Bootstrap/View Profile/a_nickNameCC' is clicked on

2022-05-16 12:27:42 - [TEST_STEP][PASSED] - verifyTextPresent("Credit Card Billing Information", true): Text 'Credit Card Billing Information' is present on page  using regular expression

2022-05-16 12:27:43 - [MESSAGE][PASSED] - Text 'Credit Card Billing Information' is present on page  using regular expression

2022-05-16 12:27:43 - [TEST_STEP][PASSED] - nickName = findTestData(dataFile).getValue("NickNameCC", row): null

2022-05-16 12:27:43 - [TEST_STEP][PASSED] - verifyTextPresent(nickName, true): Text 'Brandon Amex' is present on page  using regular expression

2022-05-16 12:27:43 - [MESSAGE][PASSED] - Text 'Brandon Amex' is present on page  using regular expression

2022-05-16 12:27:43 - [TEST_STEP][PASSED] - click(findTestObject(path_ViewProfile + "a_Delete Credit Card")): Object: 'Object Repository/AdminSuiteBootstrap_Pages/VSP_Bootstrap/View Profile/a_Delete Credit Card' is clicked on

2022-05-16 12:27:46 - [MESSAGE][PASSED] - Object: 'Object Repository/AdminSuiteBootstrap_Pages/VSP_Bootstrap/View Profile/a_Delete Credit Card' is clicked on

2022-05-16 12:27:46 - [TEST_STEP][PASSED] - verifyTextPresent("Delete Credit Card Confirmation", true): Text 'Delete Credit Card Confirmation' is present on page  using regular expression

2022-05-16 12:27:47 - [MESSAGE][PASSED] - Text 'Delete Credit Card Confirmation' is present on page  using regular expression

2022-05-16 12:27:47 - [TEST_STEP][PASSED] - verifyTextPresent("This will delete the credit card account. Are you sure you want to do this?", true): Text 'This will delete the credit card account. Are you sure you want to do this?' is present on page  using regular expression

2022-05-16 12:27:47 - [MESSAGE][PASSED] - Text 'This will delete the credit card account. Are you sure you want to do this?' is present on page  using regular expression

2022-05-16 12:27:47 - [TEST_STEP][PASSED] - click(findTestObject(path_ViewProfile + "button_DeleteCCConfirm")): Object: 'Object Repository/AdminSuiteBootstrap_Pages/VSP_Bootstrap/View Profile/button_DeleteCCConfirm' is clicked on

2022-05-16 12:27:53 - [MESSAGE][PASSED] - Object: 'Object Repository/AdminSuiteBootstrap_Pages/VSP_Bootstrap/View Profile/button_DeleteCCConfirm' is clicked on

2022-05-16 12:27:53 - [TEST_STEP][PASSED] - verifyTextPresent("Payment Method Deletion", true): Text 'Payment Method Deletion' is present on page  using regular expression

2022-05-16 12:27:53 - [MESSAGE][PASSED] - Text 'Payment Method Deletion' is present on page  using regular expression

2022-05-16 12:27:53 - [TEST_STEP][PASSED] - verifyTextPresent("Payment method was successfully deleted.", true): Text 'Payment method was successfully deleted.' is present on page  using regular expression

2022-05-16 12:27:54 - [MESSAGE][PASSED] - Text 'Payment method was successfully deleted.' is present on page  using regular expression

2022-05-16 12:27:54 - [TEST_STEP][PASSED] - click(findTestObject(path_ViewProfile + "a_Delete Profile")): Object: 'Object Repository/AdminSuiteBootstrap_Pages/VSP_Bootstrap/View Profile/a_Delete Profile' is clicked on

2022-05-16 12:27:57 - [MESSAGE][PASSED] - Object: 'Object Repository/AdminSuiteBootstrap_Pages/VSP_Bootstrap/View Profile/a_Delete Profile' is clicked on

2022-05-16 12:27:57 - [TEST_STEP][PASSED] - verifyTextPresent("This will delete all of the following information. Are you sure you want to do this?", true): Text 'This will delete all of the following information. Are you sure you want to do this?' is present on page  using regular expression

2022-05-16 12:27:57 - [MESSAGE][PASSED] - Text 'This will delete all of the following information. Are you sure you want to do this?' is present on page  using regular expression

2022-05-16 12:27:57 - [TEST_STEP][PASSED] - click(findTestObject(path_DeleteProfileConfirm + "button_Delete")): Object: 'Object Repository/AdminSuiteBootstrap_Pages/VSP_Bootstrap/DeleteProfileConfirm/button_Delete' is clicked on

2022-05-16 12:28:02 - [MESSAGE][PASSED] - Object: 'Object Repository/AdminSuiteBootstrap_Pages/VSP_Bootstrap/DeleteProfileConfirm/button_Delete' is clicked on

2022-05-16 12:28:02 - [TEST_STEP][PASSED] - verifyTextPresent("No Search String", true): Text 'No Search String' is present on page  using regular expression

2022-05-16 12:28:03 - [MESSAGE][PASSED] - Text 'No Search String' is present on page  using regular expression

2022-05-16 12:28:03 - [TEST_STEP][PASSED] - verifyTextPresent("You must provide a search string of at least 2 characters", true): Text 'You must provide a search string of at least 2 characters' is present on page  using regular expression

2022-05-16 12:28:03 - [MESSAGE][PASSED] - Text 'You must provide a search string of at least 2 characters' is present on page  using regular expression

2022-05-16 12:28:03 - [TEST_STEP][PASSED] - closeBrowser(): Browser is closed

2022-05-16 12:28:04 - [MESSAGE][PASSED] - Browser is closed]]></system-out>
         <system-err><![CDATA[]]></system-err>
      </testcase>
      <testcase name="Test Cases/Admin Suite Bootstrap/VSP_Profile_TestCases/AddDeleteCCNotPre3_Generic_TC" time="232.365" classname="Test Cases/Admin Suite Bootstrap/VSP_Profile_TestCases/AddDeleteCCNotPre3_Generic_TC" status="PASSED">
         <system-out><![CDATA[2022-05-16 12:28:04 - [TEST_CASE][PASSED] - Test Cases/Admin Suite Bootstrap/VSP_Profile_TestCases/AddDeleteCCNotPre3_Generic_TC: Test Cases/Admin Suite Bootstrap/VSP_Profile_TestCases/AddDeleteCCNotPre3_Generic_TC

2022-05-16 12:28:05 - [TEST_STEP][PASSED] - path_Dashboard = "Object Repository/AdminSuiteBootstrap_Pages/Dashboard_Bootstrap/": null

2022-05-16 12:28:05 - [TEST_STEP][PASSED] - path_VT = "Object Repository/AdminSuiteBootstrap_Pages/VT_Bootstrap/IssueTransactions/": null

2022-05-16 12:28:05 - [TEST_STEP][PASSED] - path_CreateProfile = "Object Repository/AdminSuiteBootstrap_Pages/VSP_Bootstrap/CreateProfile/": null

2022-05-16 12:28:05 - [TEST_STEP][PASSED] - path_AddAccount = "Object Repository/AdminSuiteBootstrap_Pages/VSP_Bootstrap/AddAccount/": null

2022-05-16 12:28:05 - [TEST_STEP][PASSED] - path_Add_ACH = "Object Repository/AdminSuiteBootstrap_Pages/VSP_Bootstrap/AddACH/": null

2022-05-16 12:28:05 - [TEST_STEP][PASSED] - path_Add_CC = "Object Repository/AdminSuiteBootstrap_Pages/VSP_Bootstrap/AddCreditCard/": null

2022-05-16 12:28:05 - [TEST_STEP][PASSED] - path_App_Plan = "Object Repository/AdminSuiteBootstrap_Pages/VSP_Bootstrap/AddPaymentPlan/": null

2022-05-16 12:28:05 - [TEST_STEP][PASSED] - path_DeleteProfile = "Object Repository/AdminSuiteBootstrap_Pages/VSP_Bootstrap/DeleteProfile/": null

2022-05-16 12:28:05 - [TEST_STEP][PASSED] - path_ModifyProfile = "Object Repository/AdminSuiteBootstrap_Pages/VSP_Bootstrap/ModifyProfile/": null

2022-05-16 12:28:05 - [TEST_STEP][PASSED] - path_ViewProfile = "Object Repository/AdminSuiteBootstrap_Pages/VSP_Bootstrap/View Profile/": null

2022-05-16 12:28:05 - [TEST_STEP][PASSED] - path_VSPAuth = "Object Repository/AdminSuiteBootstrap_Pages/VSP_Bootstrap/VSP_Auth/": null

2022-05-16 12:28:05 - [TEST_STEP][PASSED] - path_VSPAuthCap = "Object Repository/AdminSuiteBootstrap_Pages/VSP_Bootstrap/VSP_Authcap/": null

2022-05-16 12:28:05 - [TEST_STEP][PASSED] - path_Debit = "Object Repository/AdminSuiteBootstrap_Pages/VSP_Bootstrap/VSP_Debit/": null

2022-05-16 12:28:05 - [TEST_STEP][PASSED] - path_DeleteProfileConfirm = "Object Repository/AdminSuiteBootstrap_Pages/VSP_Bootstrap/DeleteProfileConfirm/": null

2022-05-16 12:28:05 - [TEST_STEP][PASSED] - path_ViewProfilePre = "Object Repository/AdminSuiteBootstrap_Pages/VSP_Bootstrap/ViewProfilePre/": null

2022-05-16 12:28:05 - [TEST_STEP][PASSED] - path_SearchProfile = "Object Repository/AdminSuiteBootstrap_Pages/VSP_Bootstrap/SearchProfile/": null

2022-05-16 12:28:05 - [TEST_STEP][PASSED] - executionProfile = getExecutionProfile(): null

2022-05-16 12:28:05 - [TEST_STEP][PASSED] - out.println("executionProfile : " + executionProfile): null

2022-05-16 12:28:05 - [TEST_STEP][PASSED] - appName = <not implemented yet for class: org.codehaus.groovy.ast.expr.EmptyExpression>: null

2022-05-16 12:28:05 - [TEST_STEP][PASSED] - appID = <not implemented yet for class: org.codehaus.groovy.ast.expr.EmptyExpression>: null

2022-05-16 12:28:05 - [TEST_STEP][PASSED] - cardNameV = <not implemented yet for class: org.codehaus.groovy.ast.expr.EmptyExpression>: null

2022-05-16 12:28:05 - [TEST_STEP][PASSED] - al1V = <not implemented yet for class: org.codehaus.groovy.ast.expr.EmptyExpression>: null

2022-05-16 12:28:05 - [TEST_STEP][PASSED] - al2V = <not implemented yet for class: org.codehaus.groovy.ast.expr.EmptyExpression>: null

2022-05-16 12:28:05 - [TEST_STEP][PASSED] - zipV = <not implemented yet for class: org.codehaus.groovy.ast.expr.EmptyExpression>: null

2022-05-16 12:28:05 - [TEST_STEP][PASSED] - cardTypeV = <not implemented yet for class: org.codehaus.groovy.ast.expr.EmptyExpression>: null

2022-05-16 12:28:05 - [TEST_STEP][PASSED] - last4V = <not implemented yet for class: org.codehaus.groovy.ast.expr.EmptyExpression>: null

2022-05-16 12:28:05 - [TEST_STEP][PASSED] - nameSheet = "AddDeleteCCNotPrepopulated": null

2022-05-16 12:28:05 - [TEST_STEP][PASSED] - numOfRows = findTestData("QA/Bootstrap/VSP-Profile-TestData/AddCCNotPrepopulated").getRowNumbers(): null

2022-05-16 12:28:05 - [TEST_STEP][PASSED] - println("Number of Records: " + numOfRows): null

2022-05-16 12:28:05 - [TEST_STEP][PASSED] - dataFile = "QA/Bootstrap/VSP-Profile-TestData/AddCCNotPrepopulated": null

2022-05-16 12:28:05 - [TEST_STEP][PASSED] - for ([row = 1, row <= numOfRows, (row++)]): Browser is closed

2022-05-16 12:28:05 - [TEST_STEP][PASSED] - ExecuteTC = findTestData(dataFile).getValue("Execute", row): null

2022-05-16 12:28:05 - [TEST_STEP][PASSED] - out.println("Value of Execute is : " + ExecuteTC): null

2022-05-16 12:28:05 - [TEST_STEP][PASSED] - switch (executionProfile): null

2022-05-16 12:28:05 - [TEST_STEP][PASSED] - case "DemoProfile":: null

2022-05-16 12:28:05 - [TEST_STEP][PASSED] - appName = findTestData(dataFile).getValue("AppNameDemo", row): null

2022-05-16 12:28:05 - [TEST_STEP][PASSED] - appID = findTestData(dataFile).getValue("AppIDDemo", row): null

2022-05-16 12:28:05 - [TEST_STEP][PASSED] - break: null

2022-05-16 12:28:05 - [TEST_STEP][PASSED] - if (ExecuteTC.equalsIgnoreCase("Y")): Browser is closed

2022-05-16 12:28:05 - [TEST_STEP][PASSED] - out.println("Begin Record Number: " + row): null

2022-05-16 12:28:05 - [TEST_STEP][PASSED] - today = new java.util.Date(): null

2022-05-16 12:28:05 - [TEST_STEP][PASSED] - println(today): null

2022-05-16 12:28:05 - [TEST_STEP][PASSED] - datText = today: null

2022-05-16 12:28:05 - [TEST_STEP][PASSED] - adminSuiteBootstrap.loginFunctionality.login_AdminSuite(): adminSuiteBootstrap.loginFunctionality.login_AdminSuite is PASSED

2022-05-16 12:28:05 - [MESSAGE][INFO] - Starting 'Chrome' driver

2022-05-16 12:28:05 - [MESSAGE][INFO] - User set preference: ['acceptInsecureCerts', 'true']

2022-05-16 12:28:05 - [MESSAGE][INFO] - Action delay is set to 0 milliseconds

2022-05-16 12:28:07 - [MESSAGE][PASSED] - Browser is opened with url: 'https://demo.velocitypayment.com/admin/imtiazdemo'

2022-05-16 12:28:07 - [MESSAGE][PASSED] - Current window maximized

2022-05-16 12:28:08 - [MESSAGE][PASSED] - Object 'Object Repository/Login_Page/Login_Username' is present

2022-05-16 12:28:08 - [MESSAGE][PASSED] - Text 'iahmed' is set on object 'Object Repository/Login_Page/Login_Username'

2022-05-16 12:28:09 - [MESSAGE][PASSED] - Text 'hello2222' is set on object 'Object Repository/Login_Page/Login_Password'

2022-05-16 12:28:12 - [MESSAGE][PASSED] - Object: 'Object Repository/Login_Page/Login_Submit' is clicked on

2022-05-16 12:28:12 - [MESSAGE][PASSED] - adminSuiteBootstrap.loginFunctionality.login_AdminSuite is PASSED

2022-05-16 12:28:12 - [TEST_STEP][PASSED] - click(findTestObject(path_Dashboard + appName)): Object: 'Object Repository/AdminSuiteBootstrap_Pages/Dashboard_Bootstrap/a_Access AutoNoCFtpDemo' is clicked on

2022-05-16 12:28:14 - [MESSAGE][PASSED] - Object: 'Object Repository/AdminSuiteBootstrap_Pages/Dashboard_Bootstrap/a_Access AutoNoCFtpDemo' is clicked on

2022-05-16 12:28:14 - [TEST_STEP][PASSED] - click(findTestObject(path_VT + "a_Create")): Object: 'Object Repository/AdminSuiteBootstrap_Pages/VT_Bootstrap/IssueTransactions/a_Create' is clicked on

2022-05-16 12:28:16 - [MESSAGE][PASSED] - Object: 'Object Repository/AdminSuiteBootstrap_Pages/VT_Bootstrap/IssueTransactions/a_Create' is clicked on

2022-05-16 12:28:16 - [TEST_STEP][PASSED] - vspBootstrap.CreateProfilePage.setDataCreateProfile(row, dataFile): vspBootstrap.CreateProfilePage.setDataCreateProfile is PASSED

2022-05-16 12:28:19 - [MESSAGE][PASSED] - Text '22201' is set on object 'Object Repository/AdminSuiteBootstrap_Pages/VSP_Bootstrap/CreateProfile/input_PostalCode'

2022-05-16 12:28:19 - [MESSAGE][PASSED] - Text 'TB2CvHh2KP7X' is set on object 'Object Repository/AdminSuiteBootstrap_Pages/VSP_Bootstrap/CreateProfile/input_profileName'

2022-05-16 12:28:21 - [MESSAGE][PASSED] - Text '' is set on object 'Object Repository/AdminSuiteBootstrap_Pages/VSP_Bootstrap/CreateProfile/input_CompanyName'

2022-05-16 12:28:22 - [MESSAGE][PASSED] - All options with label '' are selected in object 'Object Repository/AdminSuiteBootstrap_Pages/VSP_Bootstrap/CreateProfile/select_Title'  using regular expression

2022-05-16 12:28:23 - [MESSAGE][PASSED] - Text '' is set on object 'Object Repository/AdminSuiteBootstrap_Pages/VSP_Bootstrap/CreateProfile/input_FirstName'

2022-05-16 12:28:24 - [MESSAGE][PASSED] - Text '' is set on object 'Object Repository/AdminSuiteBootstrap_Pages/VSP_Bootstrap/CreateProfile/input_MiddleName'

2022-05-16 12:28:24 - [MESSAGE][PASSED] - Text '' is set on object 'Object Repository/AdminSuiteBootstrap_Pages/VSP_Bootstrap/CreateProfile/input_LastName'

2022-05-16 12:28:25 - [MESSAGE][PASSED] - All options with label '' are selected in object 'Object Repository/AdminSuiteBootstrap_Pages/VSP_Bootstrap/CreateProfile/select_Suffix'  using regular expression

2022-05-16 12:28:26 - [MESSAGE][PASSED] - Text '15 Toledo Road' is set on object 'Object Repository/AdminSuiteBootstrap_Pages/VSP_Bootstrap/CreateProfile/input_address1'

2022-05-16 12:28:27 - [MESSAGE][PASSED] - Text '' is set on object 'Object Repository/AdminSuiteBootstrap_Pages/VSP_Bootstrap/CreateProfile/input_AddressLine2'

2022-05-16 12:28:27 - [MESSAGE][PASSED] - Text '' is set on object 'Object Repository/AdminSuiteBootstrap_Pages/VSP_Bootstrap/CreateProfile/input_PostalCodeExt'

2022-05-16 12:28:28 - [MESSAGE][PASSED] - Text '' is set on object 'Object Repository/AdminSuiteBootstrap_Pages/VSP_Bootstrap/CreateProfile/input_EmaiAddress'

2022-05-16 12:28:29 - [MESSAGE][PASSED] - Text '' is set on object 'Object Repository/AdminSuiteBootstrap_Pages/VSP_Bootstrap/CreateProfile/input_HomePhoneNumber_HomeAreaCode'

2022-05-16 12:28:29 - [MESSAGE][PASSED] - Text '' is set on object 'Object Repository/AdminSuiteBootstrap_Pages/VSP_Bootstrap/CreateProfile/input_homePrefixNumber'

2022-05-16 12:28:30 - [MESSAGE][PASSED] - Text '' is set on object 'Object Repository/AdminSuiteBootstrap_Pages/VSP_Bootstrap/CreateProfile/input_homeSuffixNumber'

2022-05-16 12:28:30 - [MESSAGE][PASSED] - Text '' is set on object 'Object Repository/AdminSuiteBootstrap_Pages/VSP_Bootstrap/CreateProfile/input_MobilePhoneNumber_mobileAreaCode'

2022-05-16 12:28:31 - [MESSAGE][PASSED] - Text '' is set on object 'Object Repository/AdminSuiteBootstrap_Pages/VSP_Bootstrap/CreateProfile/input_mobilePrefixNumber'

2022-05-16 12:28:32 - [MESSAGE][PASSED] - Text '' is set on object 'Object Repository/AdminSuiteBootstrap_Pages/VSP_Bootstrap/CreateProfile/input_mobileSuffixNumber'

2022-05-16 12:28:32 - [MESSAGE][PASSED] - Text '' is set on object 'Object Repository/AdminSuiteBootstrap_Pages/VSP_Bootstrap/CreateProfile/input_WorkPhoneNumber_workAreaCode'

2022-05-16 12:28:33 - [MESSAGE][PASSED] - Text '' is set on object 'Object Repository/AdminSuiteBootstrap_Pages/VSP_Bootstrap/CreateProfile/input_workPrefixNumber'

2022-05-16 12:28:34 - [MESSAGE][PASSED] - Text '' is set on object 'Object Repository/AdminSuiteBootstrap_Pages/VSP_Bootstrap/CreateProfile/input_workSuffixNumber'

2022-05-16 12:28:34 - [MESSAGE][PASSED] - Text '' is set on object 'Object Repository/AdminSuiteBootstrap_Pages/VSP_Bootstrap/CreateProfile/input_Ext_workExtension'

2022-05-16 12:28:35 - [MESSAGE][PASSED] - Text '' is set on object 'Object Repository/AdminSuiteBootstrap_Pages/VSP_Bootstrap/CreateProfile/textarea_NotesComments_note'

2022-05-16 12:28:39 - [MESSAGE][PASSED] - Object: 'Object Repository/AdminSuiteBootstrap_Pages/VSP_Bootstrap/CreateProfile/button_Save' is clicked on

2022-05-16 12:28:39 - [MESSAGE][PASSED] - vspBootstrap.CreateProfilePage.setDataCreateProfile is PASSED

2022-05-16 12:28:39 - [TEST_STEP][PASSED] - verifyTextPresent("Profile successfully created", true): Text 'Profile successfully created' is present on page  using regular expression

2022-05-16 12:28:40 - [MESSAGE][PASSED] - Text 'Profile successfully created' is present on page  using regular expression

2022-05-16 12:28:40 - [TEST_STEP][PASSED] - profileName = ProfileName: null

2022-05-16 12:28:40 - [TEST_STEP][PASSED] - println("profileName : " + profileName): null

2022-05-16 12:28:40 - [TEST_STEP][PASSED] - click(findTestObject(path_ViewProfile + "a_Return to Main Menu")): Object: 'Object Repository/AdminSuiteBootstrap_Pages/VSP_Bootstrap/View Profile/a_Return to Main Menu' is clicked on

2022-05-16 12:28:42 - [MESSAGE][PASSED] - Object: 'Object Repository/AdminSuiteBootstrap_Pages/VSP_Bootstrap/View Profile/a_Return to Main Menu' is clicked on

2022-05-16 12:28:42 - [TEST_STEP][PASSED] - click(findTestObject(path_VT + "a_Find Profile")): Object: 'Object Repository/AdminSuiteBootstrap_Pages/VT_Bootstrap/IssueTransactions/a_Find Profile' is clicked on

2022-05-16 12:28:43 - [MESSAGE][PASSED] - Object: 'Object Repository/AdminSuiteBootstrap_Pages/VT_Bootstrap/IssueTransactions/a_Find Profile' is clicked on

2022-05-16 12:28:43 - [TEST_STEP][PASSED] - setText(findTestObject(path_SearchProfile + "input_Criteria"), profileName): Text 'TB2CvHh2KP7X' is set on object 'Object Repository/AdminSuiteBootstrap_Pages/VSP_Bootstrap/SearchProfile/input_Criteria'

2022-05-16 12:28:43 - [MESSAGE][PASSED] - Text 'TB2CvHh2KP7X' is set on object 'Object Repository/AdminSuiteBootstrap_Pages/VSP_Bootstrap/SearchProfile/input_Criteria'

2022-05-16 12:28:43 - [TEST_STEP][PASSED] - click(findTestObject(path_SearchProfile + "button_Search")): Object: 'Object Repository/AdminSuiteBootstrap_Pages/VSP_Bootstrap/SearchProfile/button_Search' is clicked on

2022-05-16 12:28:46 - [MESSAGE][PASSED] - Object: 'Object Repository/AdminSuiteBootstrap_Pages/VSP_Bootstrap/SearchProfile/button_Search' is clicked on

2022-05-16 12:28:46 - [TEST_STEP][PASSED] - click(findTestObject(path_ViewProfilePre + "a_View")): Object: 'Object Repository/AdminSuiteBootstrap_Pages/VSP_Bootstrap/ViewProfilePre/a_View' is clicked on

2022-05-16 12:28:51 - [MESSAGE][PASSED] - Object: 'Object Repository/AdminSuiteBootstrap_Pages/VSP_Bootstrap/ViewProfilePre/a_View' is clicked on

2022-05-16 12:28:51 - [TEST_STEP][PASSED] - click(findTestObject(path_ViewProfilePre + "button_Add Credit Card")): Object: 'Object Repository/AdminSuiteBootstrap_Pages/VSP_Bootstrap/ViewProfilePre/button_Add Credit Card' is clicked on

2022-05-16 12:28:54 - [MESSAGE][PASSED] - Object: 'Object Repository/AdminSuiteBootstrap_Pages/VSP_Bootstrap/ViewProfilePre/button_Add Credit Card' is clicked on

2022-05-16 12:28:54 - [TEST_STEP][PASSED] - vspBootstrap.AddCreditCardPage.setDataCreditCardNotPre(row, dataFile): vspBootstrap.AddCreditCardPage.setDataCreditCardNotPre is PASSED

2022-05-16 12:28:58 - [MESSAGE][PASSED] - Text '22201' is set on object 'Object Repository/AdminSuiteBootstrap_Pages/VSP_Bootstrap/AddCreditCard/input_postalCode'

2022-05-16 12:28:59 - [MESSAGE][PASSED] - All options with label 'Mr.' are selected in object 'Object Repository/AdminSuiteBootstrap_Pages/VSP_Bootstrap/AddCreditCard/select_Title'  using regular expression

2022-05-16 12:29:02 - [MESSAGE][PASSED] - Text 'Timothy' is set on object 'Object Repository/AdminSuiteBootstrap_Pages/VSP_Bootstrap/AddCreditCard/input_firstName'

2022-05-16 12:29:03 - [MESSAGE][PASSED] - Text 'Mac' is set on object 'Object Repository/AdminSuiteBootstrap_Pages/VSP_Bootstrap/AddCreditCard/input_MiddleName'

2022-05-16 12:29:03 - [MESSAGE][PASSED] - Text 'Siefert' is set on object 'Object Repository/AdminSuiteBootstrap_Pages/VSP_Bootstrap/AddCreditCard/input_lastName'

2022-05-16 12:29:04 - [MESSAGE][PASSED] - All options with label 'Sr.' are selected in object 'Object Repository/AdminSuiteBootstrap_Pages/VSP_Bootstrap/AddCreditCard/select_Suffix'  using regular expression

2022-05-16 12:29:05 - [MESSAGE][PASSED] - Text 'Tim MasterCard' is set on object 'Object Repository/AdminSuiteBootstrap_Pages/VSP_Bootstrap/AddCreditCard/input_nickName'

2022-05-16 12:29:05 - [MESSAGE][PASSED] - Text '5146312200000035' is set on object 'Object Repository/AdminSuiteBootstrap_Pages/VSP_Bootstrap/AddCreditCard/input_cardNumber'

2022-05-16 12:29:07 - [MESSAGE][PASSED] - All options with label '12- DEC' are selected in object 'Object Repository/AdminSuiteBootstrap_Pages/VSP_Bootstrap/AddCreditCard/select_ExpMonth'  using regular expression

2022-05-16 12:29:08 - [MESSAGE][PASSED] - All options with label '2028' are selected in object 'Object Repository/AdminSuiteBootstrap_Pages/VSP_Bootstrap/AddCreditCard/select_ExpYear'  using regular expression

2022-05-16 12:29:08 - [MESSAGE][PASSED] - Text '365 Kanyakumari' is set on object 'Object Repository/AdminSuiteBootstrap_Pages/VSP_Bootstrap/AddCreditCard/input_address1'

2022-05-16 12:29:09 - [MESSAGE][PASSED] - Text 'Room 8' is set on object 'Object Repository/AdminSuiteBootstrap_Pages/VSP_Bootstrap/AddCreditCard/input_AddressLine2'

2022-05-16 12:29:10 - [MESSAGE][PASSED] - Text '1234' is set on object 'Object Repository/AdminSuiteBootstrap_Pages/VSP_Bootstrap/AddCreditCard/input_postalCodeExtension'

2022-05-16 12:29:17 - [MESSAGE][PASSED] - Object: 'Object Repository/AdminSuiteBootstrap_Pages/VSP_Bootstrap/AddCreditCard/button_Create' is clicked on

2022-05-16 12:29:17 - [MESSAGE][PASSED] - vspBootstrap.AddCreditCardPage.setDataCreditCardNotPre is PASSED

2022-05-16 12:29:17 - [TEST_STEP][PASSED] - verifyTextPresent("Payment Method Created", true): Text 'Payment Method Created' is present on page  using regular expression

2022-05-16 12:29:17 - [MESSAGE][PASSED] - Text 'Payment Method Created' is present on page  using regular expression

2022-05-16 12:29:17 - [TEST_STEP][PASSED] - verifyTextPresent("Payment method creation successful", true): Text 'Payment method creation successful' is present on page  using regular expression

2022-05-16 12:29:17 - [MESSAGE][PASSED] - Text 'Payment method creation successful' is present on page  using regular expression

2022-05-16 12:29:17 - [TEST_STEP][PASSED] - verifyElementVisible(findTestObject(path_ViewProfile + "a_nickNameCC")): Object 'Object Repository/AdminSuiteBootstrap_Pages/VSP_Bootstrap/View Profile/a_nickNameCC' is visible

2022-05-16 12:29:18 - [MESSAGE][PASSED] - Object 'Object Repository/AdminSuiteBootstrap_Pages/VSP_Bootstrap/View Profile/a_nickNameCC' is visible

2022-05-16 12:29:18 - [TEST_STEP][PASSED] - verifyElementPresent(findTestObject(path_ViewProfile + "a_nickNameCC"), 30): Object 'Object Repository/AdminSuiteBootstrap_Pages/VSP_Bootstrap/View Profile/a_nickNameCC' is present

2022-05-16 12:29:18 - [MESSAGE][PASSED] - Object 'Object Repository/AdminSuiteBootstrap_Pages/VSP_Bootstrap/View Profile/a_nickNameCC' is present

2022-05-16 12:29:18 - [TEST_STEP][PASSED] - click(findTestObject(path_ViewProfile + "a_nickNameCC")): Object: 'Object Repository/AdminSuiteBootstrap_Pages/VSP_Bootstrap/View Profile/a_nickNameCC' is clicked on

2022-05-16 12:29:22 - [MESSAGE][PASSED] - Object: 'Object Repository/AdminSuiteBootstrap_Pages/VSP_Bootstrap/View Profile/a_nickNameCC' is clicked on

2022-05-16 12:29:22 - [TEST_STEP][PASSED] - verifyTextPresent("Credit Card Billing Information", true): Text 'Credit Card Billing Information' is present on page  using regular expression

2022-05-16 12:29:22 - [MESSAGE][PASSED] - Text 'Credit Card Billing Information' is present on page  using regular expression

2022-05-16 12:29:22 - [TEST_STEP][PASSED] - nickName = findTestData(dataFile).getValue("NickNameCC", row): null

2022-05-16 12:29:22 - [TEST_STEP][PASSED] - verifyTextPresent(nickName, true): Text 'Tim MasterCard' is present on page  using regular expression

2022-05-16 12:29:23 - [MESSAGE][PASSED] - Text 'Tim MasterCard' is present on page  using regular expression

2022-05-16 12:29:23 - [TEST_STEP][PASSED] - click(findTestObject(path_ViewProfile + "a_Delete Credit Card")): Object: 'Object Repository/AdminSuiteBootstrap_Pages/VSP_Bootstrap/View Profile/a_Delete Credit Card' is clicked on

2022-05-16 12:29:26 - [MESSAGE][PASSED] - Object: 'Object Repository/AdminSuiteBootstrap_Pages/VSP_Bootstrap/View Profile/a_Delete Credit Card' is clicked on

2022-05-16 12:29:26 - [TEST_STEP][PASSED] - verifyTextPresent("Delete Credit Card Confirmation", true): Text 'Delete Credit Card Confirmation' is present on page  using regular expression

2022-05-16 12:29:27 - [MESSAGE][PASSED] - Text 'Delete Credit Card Confirmation' is present on page  using regular expression

2022-05-16 12:29:27 - [TEST_STEP][PASSED] - verifyTextPresent("This will delete the credit card account. Are you sure you want to do this?", true): Text 'This will delete the credit card account. Are you sure you want to do this?' is present on page  using regular expression

2022-05-16 12:29:27 - [MESSAGE][PASSED] - Text 'This will delete the credit card account. Are you sure you want to do this?' is present on page  using regular expression

2022-05-16 12:29:27 - [TEST_STEP][PASSED] - click(findTestObject(path_ViewProfile + "button_DeleteCCConfirm")): Object: 'Object Repository/AdminSuiteBootstrap_Pages/VSP_Bootstrap/View Profile/button_DeleteCCConfirm' is clicked on

2022-05-16 12:29:34 - [MESSAGE][PASSED] - Object: 'Object Repository/AdminSuiteBootstrap_Pages/VSP_Bootstrap/View Profile/button_DeleteCCConfirm' is clicked on

2022-05-16 12:29:34 - [TEST_STEP][PASSED] - verifyTextPresent("Payment Method Deletion", true): Text 'Payment Method Deletion' is present on page  using regular expression

2022-05-16 12:29:35 - [MESSAGE][PASSED] - Text 'Payment Method Deletion' is present on page  using regular expression

2022-05-16 12:29:35 - [TEST_STEP][PASSED] - verifyTextPresent("Payment method was successfully deleted.", true): Text 'Payment method was successfully deleted.' is present on page  using regular expression

2022-05-16 12:29:35 - [MESSAGE][PASSED] - Text 'Payment method was successfully deleted.' is present on page  using regular expression

2022-05-16 12:29:35 - [TEST_STEP][PASSED] - click(findTestObject(path_ViewProfile + "a_Delete Profile")): Object: 'Object Repository/AdminSuiteBootstrap_Pages/VSP_Bootstrap/View Profile/a_Delete Profile' is clicked on

2022-05-16 12:29:39 - [MESSAGE][PASSED] - Object: 'Object Repository/AdminSuiteBootstrap_Pages/VSP_Bootstrap/View Profile/a_Delete Profile' is clicked on

2022-05-16 12:29:39 - [TEST_STEP][PASSED] - verifyTextPresent("This will delete all of the following information. Are you sure you want to do this?", true): Text 'This will delete all of the following information. Are you sure you want to do this?' is present on page  using regular expression

2022-05-16 12:29:39 - [MESSAGE][PASSED] - Text 'This will delete all of the following information. Are you sure you want to do this?' is present on page  using regular expression

2022-05-16 12:29:39 - [TEST_STEP][PASSED] - click(findTestObject(path_DeleteProfileConfirm + "button_Delete")): Object: 'Object Repository/AdminSuiteBootstrap_Pages/VSP_Bootstrap/DeleteProfileConfirm/button_Delete' is clicked on

2022-05-16 12:29:45 - [MESSAGE][PASSED] - Object: 'Object Repository/AdminSuiteBootstrap_Pages/VSP_Bootstrap/DeleteProfileConfirm/button_Delete' is clicked on

2022-05-16 12:29:45 - [TEST_STEP][PASSED] - verifyTextPresent("There were no results from your search", true): Text 'There were no results from your search' is present on page  using regular expression

2022-05-16 12:29:46 - [MESSAGE][PASSED] - Text 'There were no results from your search' is present on page  using regular expression

2022-05-16 12:29:46 - [TEST_STEP][PASSED] - closeBrowser(): Browser is closed

2022-05-16 12:29:47 - [MESSAGE][PASSED] - Browser is closed

2022-05-16 12:29:47 - [TEST_STEP][PASSED] - ExecuteTC = findTestData(dataFile).getValue("Execute", row): null

2022-05-16 12:29:47 - [TEST_STEP][PASSED] - out.println("Value of Execute is : " + ExecuteTC): null

2022-05-16 12:29:47 - [TEST_STEP][PASSED] - switch (executionProfile): null

2022-05-16 12:29:47 - [TEST_STEP][PASSED] - case "DemoProfile":: null

2022-05-16 12:29:47 - [TEST_STEP][PASSED] - appName = findTestData(dataFile).getValue("AppNameDemo", row): null

2022-05-16 12:29:47 - [TEST_STEP][PASSED] - appID = findTestData(dataFile).getValue("AppIDDemo", row): null

2022-05-16 12:29:47 - [TEST_STEP][PASSED] - break: null

2022-05-16 12:29:47 - [TEST_STEP][PASSED] - if (ExecuteTC.equalsIgnoreCase("Y")): Browser is closed

2022-05-16 12:29:47 - [TEST_STEP][PASSED] - out.println("Begin Record Number: " + row): null

2022-05-16 12:29:47 - [TEST_STEP][PASSED] - today = new java.util.Date(): null

2022-05-16 12:29:47 - [TEST_STEP][PASSED] - println(today): null

2022-05-16 12:29:47 - [TEST_STEP][PASSED] - datText = today: null

2022-05-16 12:29:47 - [TEST_STEP][PASSED] - adminSuiteBootstrap.loginFunctionality.login_AdminSuite(): adminSuiteBootstrap.loginFunctionality.login_AdminSuite is PASSED

2022-05-16 12:29:47 - [MESSAGE][INFO] - Starting 'Chrome' driver

2022-05-16 12:29:47 - [MESSAGE][INFO] - User set preference: ['acceptInsecureCerts', 'true']

2022-05-16 12:29:47 - [MESSAGE][INFO] - Action delay is set to 0 milliseconds

2022-05-16 12:29:49 - [MESSAGE][PASSED] - Browser is opened with url: 'https://demo.velocitypayment.com/admin/imtiazdemo'

2022-05-16 12:29:49 - [MESSAGE][PASSED] - Current window maximized

2022-05-16 12:29:50 - [MESSAGE][PASSED] - Object 'Object Repository/Login_Page/Login_Username' is present

2022-05-16 12:29:50 - [MESSAGE][PASSED] - Text 'iahmed' is set on object 'Object Repository/Login_Page/Login_Username'

2022-05-16 12:29:51 - [MESSAGE][PASSED] - Text 'hello2222' is set on object 'Object Repository/Login_Page/Login_Password'

2022-05-16 12:29:55 - [MESSAGE][PASSED] - Object: 'Object Repository/Login_Page/Login_Submit' is clicked on

2022-05-16 12:29:55 - [MESSAGE][PASSED] - adminSuiteBootstrap.loginFunctionality.login_AdminSuite is PASSED

2022-05-16 12:29:55 - [TEST_STEP][PASSED] - click(findTestObject(path_Dashboard + appName)): Object: 'Object Repository/AdminSuiteBootstrap_Pages/Dashboard_Bootstrap/a_Access AutoNoCFtpDemo' is clicked on

2022-05-16 12:29:58 - [MESSAGE][PASSED] - Object: 'Object Repository/AdminSuiteBootstrap_Pages/Dashboard_Bootstrap/a_Access AutoNoCFtpDemo' is clicked on

2022-05-16 12:29:58 - [TEST_STEP][PASSED] - click(findTestObject(path_VT + "a_Create")): Object: 'Object Repository/AdminSuiteBootstrap_Pages/VT_Bootstrap/IssueTransactions/a_Create' is clicked on

2022-05-16 12:30:02 - [MESSAGE][PASSED] - Object: 'Object Repository/AdminSuiteBootstrap_Pages/VT_Bootstrap/IssueTransactions/a_Create' is clicked on

2022-05-16 12:30:02 - [TEST_STEP][PASSED] - vspBootstrap.CreateProfilePage.setDataCreateProfile(row, dataFile): vspBootstrap.CreateProfilePage.setDataCreateProfile is PASSED

2022-05-16 12:30:05 - [MESSAGE][PASSED] - Text '22201' is set on object 'Object Repository/AdminSuiteBootstrap_Pages/VSP_Bootstrap/CreateProfile/input_PostalCode'

2022-05-16 12:30:06 - [MESSAGE][PASSED] - Text 'Bo8PIXiSzvcJ' is set on object 'Object Repository/AdminSuiteBootstrap_Pages/VSP_Bootstrap/CreateProfile/input_profileName'

2022-05-16 12:30:09 - [MESSAGE][PASSED] - Text '' is set on object 'Object Repository/AdminSuiteBootstrap_Pages/VSP_Bootstrap/CreateProfile/input_CompanyName'

2022-05-16 12:30:10 - [MESSAGE][PASSED] - All options with label '' are selected in object 'Object Repository/AdminSuiteBootstrap_Pages/VSP_Bootstrap/CreateProfile/select_Title'  using regular expression

2022-05-16 12:30:11 - [MESSAGE][PASSED] - Text '' is set on object 'Object Repository/AdminSuiteBootstrap_Pages/VSP_Bootstrap/CreateProfile/input_FirstName'

2022-05-16 12:30:12 - [MESSAGE][PASSED] - Text '' is set on object 'Object Repository/AdminSuiteBootstrap_Pages/VSP_Bootstrap/CreateProfile/input_MiddleName'

2022-05-16 12:30:12 - [MESSAGE][PASSED] - Text '' is set on object 'Object Repository/AdminSuiteBootstrap_Pages/VSP_Bootstrap/CreateProfile/input_LastName'

2022-05-16 12:30:13 - [MESSAGE][PASSED] - All options with label '' are selected in object 'Object Repository/AdminSuiteBootstrap_Pages/VSP_Bootstrap/CreateProfile/select_Suffix'  using regular expression

2022-05-16 12:30:14 - [MESSAGE][PASSED] - Text '15 Toledo Road' is set on object 'Object Repository/AdminSuiteBootstrap_Pages/VSP_Bootstrap/CreateProfile/input_address1'

2022-05-16 12:30:15 - [MESSAGE][PASSED] - Text '' is set on object 'Object Repository/AdminSuiteBootstrap_Pages/VSP_Bootstrap/CreateProfile/input_AddressLine2'

2022-05-16 12:30:15 - [MESSAGE][PASSED] - Text '' is set on object 'Object Repository/AdminSuiteBootstrap_Pages/VSP_Bootstrap/CreateProfile/input_PostalCodeExt'

2022-05-16 12:30:16 - [MESSAGE][PASSED] - Text '' is set on object 'Object Repository/AdminSuiteBootstrap_Pages/VSP_Bootstrap/CreateProfile/input_EmaiAddress'

2022-05-16 12:30:17 - [MESSAGE][PASSED] - Text '' is set on object 'Object Repository/AdminSuiteBootstrap_Pages/VSP_Bootstrap/CreateProfile/input_HomePhoneNumber_HomeAreaCode'

2022-05-16 12:30:17 - [MESSAGE][PASSED] - Text '' is set on object 'Object Repository/AdminSuiteBootstrap_Pages/VSP_Bootstrap/CreateProfile/input_homePrefixNumber'

2022-05-16 12:30:18 - [MESSAGE][PASSED] - Text '' is set on object 'Object Repository/AdminSuiteBootstrap_Pages/VSP_Bootstrap/CreateProfile/input_homeSuffixNumber'

2022-05-16 12:30:19 - [MESSAGE][PASSED] - Text '' is set on object 'Object Repository/AdminSuiteBootstrap_Pages/VSP_Bootstrap/CreateProfile/input_MobilePhoneNumber_mobileAreaCode'

2022-05-16 12:30:19 - [MESSAGE][PASSED] - Text '' is set on object 'Object Repository/AdminSuiteBootstrap_Pages/VSP_Bootstrap/CreateProfile/input_mobilePrefixNumber'

2022-05-16 12:30:20 - [MESSAGE][PASSED] - Text '' is set on object 'Object Repository/AdminSuiteBootstrap_Pages/VSP_Bootstrap/CreateProfile/input_mobileSuffixNumber'

2022-05-16 12:30:20 - [MESSAGE][PASSED] - Text '' is set on object 'Object Repository/AdminSuiteBootstrap_Pages/VSP_Bootstrap/CreateProfile/input_WorkPhoneNumber_workAreaCode'

2022-05-16 12:30:21 - [MESSAGE][PASSED] - Text '' is set on object 'Object Repository/AdminSuiteBootstrap_Pages/VSP_Bootstrap/CreateProfile/input_workPrefixNumber'

2022-05-16 12:30:22 - [MESSAGE][PASSED] - Text '' is set on object 'Object Repository/AdminSuiteBootstrap_Pages/VSP_Bootstrap/CreateProfile/input_workSuffixNumber'

2022-05-16 12:30:23 - [MESSAGE][PASSED] - Text '' is set on object 'Object Repository/AdminSuiteBootstrap_Pages/VSP_Bootstrap/CreateProfile/input_Ext_workExtension'

2022-05-16 12:30:23 - [MESSAGE][PASSED] - Text '' is set on object 'Object Repository/AdminSuiteBootstrap_Pages/VSP_Bootstrap/CreateProfile/textarea_NotesComments_note'

2022-05-16 12:30:32 - [MESSAGE][PASSED] - Object: 'Object Repository/AdminSuiteBootstrap_Pages/VSP_Bootstrap/CreateProfile/button_Save' is clicked on

2022-05-16 12:30:32 - [MESSAGE][PASSED] - vspBootstrap.CreateProfilePage.setDataCreateProfile is PASSED

2022-05-16 12:30:32 - [TEST_STEP][PASSED] - verifyTextPresent("Profile successfully created", true): Text 'Profile successfully created' is present on page  using regular expression

2022-05-16 12:30:32 - [MESSAGE][PASSED] - Text 'Profile successfully created' is present on page  using regular expression

2022-05-16 12:30:32 - [TEST_STEP][PASSED] - profileName = ProfileName: null

2022-05-16 12:30:32 - [TEST_STEP][PASSED] - println("profileName : " + profileName): null

2022-05-16 12:30:32 - [TEST_STEP][PASSED] - click(findTestObject(path_ViewProfile + "a_Return to Main Menu")): Object: 'Object Repository/AdminSuiteBootstrap_Pages/VSP_Bootstrap/View Profile/a_Return to Main Menu' is clicked on

2022-05-16 12:30:37 - [MESSAGE][PASSED] - Object: 'Object Repository/AdminSuiteBootstrap_Pages/VSP_Bootstrap/View Profile/a_Return to Main Menu' is clicked on

2022-05-16 12:30:37 - [TEST_STEP][PASSED] - click(findTestObject(path_VT + "a_Find Profile")): Object: 'Object Repository/AdminSuiteBootstrap_Pages/VT_Bootstrap/IssueTransactions/a_Find Profile' is clicked on

2022-05-16 12:30:38 - [MESSAGE][PASSED] - Object: 'Object Repository/AdminSuiteBootstrap_Pages/VT_Bootstrap/IssueTransactions/a_Find Profile' is clicked on

2022-05-16 12:30:38 - [TEST_STEP][PASSED] - setText(findTestObject(path_SearchProfile + "input_Criteria"), profileName): Text 'Bo8PIXiSzvcJ' is set on object 'Object Repository/AdminSuiteBootstrap_Pages/VSP_Bootstrap/SearchProfile/input_Criteria'

2022-05-16 12:30:39 - [MESSAGE][PASSED] - Text 'Bo8PIXiSzvcJ' is set on object 'Object Repository/AdminSuiteBootstrap_Pages/VSP_Bootstrap/SearchProfile/input_Criteria'

2022-05-16 12:30:39 - [TEST_STEP][PASSED] - click(findTestObject(path_SearchProfile + "button_Search")): Object: 'Object Repository/AdminSuiteBootstrap_Pages/VSP_Bootstrap/SearchProfile/button_Search' is clicked on

2022-05-16 12:30:44 - [MESSAGE][PASSED] - Object: 'Object Repository/AdminSuiteBootstrap_Pages/VSP_Bootstrap/SearchProfile/button_Search' is clicked on

2022-05-16 12:30:44 - [TEST_STEP][PASSED] - click(findTestObject(path_ViewProfilePre + "a_View")): Object: 'Object Repository/AdminSuiteBootstrap_Pages/VSP_Bootstrap/ViewProfilePre/a_View' is clicked on

2022-05-16 12:30:50 - [MESSAGE][PASSED] - Object: 'Object Repository/AdminSuiteBootstrap_Pages/VSP_Bootstrap/ViewProfilePre/a_View' is clicked on

2022-05-16 12:30:50 - [TEST_STEP][PASSED] - click(findTestObject(path_ViewProfilePre + "button_Add Credit Card")): Object: 'Object Repository/AdminSuiteBootstrap_Pages/VSP_Bootstrap/ViewProfilePre/button_Add Credit Card' is clicked on

2022-05-16 12:30:55 - [MESSAGE][PASSED] - Object: 'Object Repository/AdminSuiteBootstrap_Pages/VSP_Bootstrap/ViewProfilePre/button_Add Credit Card' is clicked on

2022-05-16 12:30:55 - [TEST_STEP][PASSED] - vspBootstrap.AddCreditCardPage.setDataCreditCardNotPre(row, dataFile): vspBootstrap.AddCreditCardPage.setDataCreditCardNotPre is PASSED

2022-05-16 12:31:00 - [MESSAGE][PASSED] - Text '21093' is set on object 'Object Repository/AdminSuiteBootstrap_Pages/VSP_Bootstrap/AddCreditCard/input_postalCode'

2022-05-16 12:31:01 - [MESSAGE][PASSED] - All options with label '' are selected in object 'Object Repository/AdminSuiteBootstrap_Pages/VSP_Bootstrap/AddCreditCard/select_Title'  using regular expression

2022-05-16 12:31:02 - [MESSAGE][PASSED] - Text 'Brandon' is set on object 'Object Repository/AdminSuiteBootstrap_Pages/VSP_Bootstrap/AddCreditCard/input_firstName'

2022-05-16 12:31:05 - [MESSAGE][PASSED] - Text '' is set on object 'Object Repository/AdminSuiteBootstrap_Pages/VSP_Bootstrap/AddCreditCard/input_MiddleName'

2022-05-16 12:31:06 - [MESSAGE][PASSED] - Text 'McCulumm' is set on object 'Object Repository/AdminSuiteBootstrap_Pages/VSP_Bootstrap/AddCreditCard/input_lastName'

2022-05-16 12:31:07 - [MESSAGE][PASSED] - All options with label '' are selected in object 'Object Repository/AdminSuiteBootstrap_Pages/VSP_Bootstrap/AddCreditCard/select_Suffix'  using regular expression

2022-05-16 12:31:07 - [MESSAGE][PASSED] - Text 'Brandon Amex' is set on object 'Object Repository/AdminSuiteBootstrap_Pages/VSP_Bootstrap/AddCreditCard/input_nickName'

2022-05-16 12:31:08 - [MESSAGE][PASSED] - Text '371449635392376' is set on object 'Object Repository/AdminSuiteBootstrap_Pages/VSP_Bootstrap/AddCreditCard/input_cardNumber'

2022-05-16 12:31:09 - [MESSAGE][PASSED] - All options with label '1 - JAN' are selected in object 'Object Repository/AdminSuiteBootstrap_Pages/VSP_Bootstrap/AddCreditCard/select_ExpMonth'  using regular expression

2022-05-16 12:31:10 - [MESSAGE][PASSED] - All options with label '2028' are selected in object 'Object Repository/AdminSuiteBootstrap_Pages/VSP_Bootstrap/AddCreditCard/select_ExpYear'  using regular expression

2022-05-16 12:31:11 - [MESSAGE][PASSED] - Text '2225 Kendsha road' is set on object 'Object Repository/AdminSuiteBootstrap_Pages/VSP_Bootstrap/AddCreditCard/input_address1'

2022-05-16 12:31:12 - [MESSAGE][PASSED] - Text '' is set on object 'Object Repository/AdminSuiteBootstrap_Pages/VSP_Bootstrap/AddCreditCard/input_AddressLine2'

2022-05-16 12:31:12 - [MESSAGE][PASSED] - Text '' is set on object 'Object Repository/AdminSuiteBootstrap_Pages/VSP_Bootstrap/AddCreditCard/input_postalCodeExtension'

2022-05-16 12:31:21 - [MESSAGE][PASSED] - Object: 'Object Repository/AdminSuiteBootstrap_Pages/VSP_Bootstrap/AddCreditCard/button_Create' is clicked on

2022-05-16 12:31:21 - [MESSAGE][PASSED] - vspBootstrap.AddCreditCardPage.setDataCreditCardNotPre is PASSED

2022-05-16 12:31:21 - [TEST_STEP][PASSED] - verifyTextPresent("Payment Method Created", true): Text 'Payment Method Created' is present on page  using regular expression

2022-05-16 12:31:22 - [MESSAGE][PASSED] - Text 'Payment Method Created' is present on page  using regular expression

2022-05-16 12:31:22 - [TEST_STEP][PASSED] - verifyTextPresent("Payment method creation successful", true): Text 'Payment method creation successful' is present on page  using regular expression

2022-05-16 12:31:22 - [MESSAGE][PASSED] - Text 'Payment method creation successful' is present on page  using regular expression

2022-05-16 12:31:22 - [TEST_STEP][PASSED] - verifyElementVisible(findTestObject(path_ViewProfile + "a_nickNameCC")): Object 'Object Repository/AdminSuiteBootstrap_Pages/VSP_Bootstrap/View Profile/a_nickNameCC' is visible

2022-05-16 12:31:22 - [MESSAGE][PASSED] - Object 'Object Repository/AdminSuiteBootstrap_Pages/VSP_Bootstrap/View Profile/a_nickNameCC' is visible

2022-05-16 12:31:22 - [TEST_STEP][PASSED] - verifyElementPresent(findTestObject(path_ViewProfile + "a_nickNameCC"), 30): Object 'Object Repository/AdminSuiteBootstrap_Pages/VSP_Bootstrap/View Profile/a_nickNameCC' is present

2022-05-16 12:31:23 - [MESSAGE][PASSED] - Object 'Object Repository/AdminSuiteBootstrap_Pages/VSP_Bootstrap/View Profile/a_nickNameCC' is present

2022-05-16 12:31:23 - [TEST_STEP][PASSED] - click(findTestObject(path_ViewProfile + "a_nickNameCC")): Object: 'Object Repository/AdminSuiteBootstrap_Pages/VSP_Bootstrap/View Profile/a_nickNameCC' is clicked on

2022-05-16 12:31:27 - [MESSAGE][PASSED] - Object: 'Object Repository/AdminSuiteBootstrap_Pages/VSP_Bootstrap/View Profile/a_nickNameCC' is clicked on

2022-05-16 12:31:27 - [TEST_STEP][PASSED] - verifyTextPresent("Credit Card Billing Information", true): Text 'Credit Card Billing Information' is present on page  using regular expression

2022-05-16 12:31:28 - [MESSAGE][PASSED] - Text 'Credit Card Billing Information' is present on page  using regular expression

2022-05-16 12:31:28 - [TEST_STEP][PASSED] - nickName = findTestData(dataFile).getValue("NickNameCC", row): null

2022-05-16 12:31:28 - [TEST_STEP][PASSED] - verifyTextPresent(nickName, true): Text 'Brandon Amex' is present on page  using regular expression

2022-05-16 12:31:28 - [MESSAGE][PASSED] - Text 'Brandon Amex' is present on page  using regular expression

2022-05-16 12:31:28 - [TEST_STEP][PASSED] - click(findTestObject(path_ViewProfile + "a_Delete Credit Card")): Object: 'Object Repository/AdminSuiteBootstrap_Pages/VSP_Bootstrap/View Profile/a_Delete Credit Card' is clicked on

2022-05-16 12:31:33 - [MESSAGE][PASSED] - Object: 'Object Repository/AdminSuiteBootstrap_Pages/VSP_Bootstrap/View Profile/a_Delete Credit Card' is clicked on

2022-05-16 12:31:33 - [TEST_STEP][PASSED] - verifyTextPresent("Delete Credit Card Confirmation", true): Text 'Delete Credit Card Confirmation' is present on page  using regular expression

2022-05-16 12:31:33 - [MESSAGE][PASSED] - Text 'Delete Credit Card Confirmation' is present on page  using regular expression

2022-05-16 12:31:33 - [TEST_STEP][PASSED] - verifyTextPresent("This will delete the credit card account. Are you sure you want to do this?", true): Text 'This will delete the credit card account. Are you sure you want to do this?' is present on page  using regular expression

2022-05-16 12:31:34 - [MESSAGE][PASSED] - Text 'This will delete the credit card account. Are you sure you want to do this?' is present on page  using regular expression

2022-05-16 12:31:34 - [TEST_STEP][PASSED] - click(findTestObject(path_ViewProfile + "button_DeleteCCConfirm")): Object: 'Object Repository/AdminSuiteBootstrap_Pages/VSP_Bootstrap/View Profile/button_DeleteCCConfirm' is clicked on

2022-05-16 12:31:42 - [MESSAGE][PASSED] - Object: 'Object Repository/AdminSuiteBootstrap_Pages/VSP_Bootstrap/View Profile/button_DeleteCCConfirm' is clicked on

2022-05-16 12:31:42 - [TEST_STEP][PASSED] - verifyTextPresent("Payment Method Deletion", true): Text 'Payment Method Deletion' is present on page  using regular expression

2022-05-16 12:31:43 - [MESSAGE][PASSED] - Text 'Payment Method Deletion' is present on page  using regular expression

2022-05-16 12:31:43 - [TEST_STEP][PASSED] - verifyTextPresent("Payment method was successfully deleted.", true): Text 'Payment method was successfully deleted.' is present on page  using regular expression

2022-05-16 12:31:43 - [MESSAGE][PASSED] - Text 'Payment method was successfully deleted.' is present on page  using regular expression

2022-05-16 12:31:43 - [TEST_STEP][PASSED] - click(findTestObject(path_ViewProfile + "a_Delete Profile")): Object: 'Object Repository/AdminSuiteBootstrap_Pages/VSP_Bootstrap/View Profile/a_Delete Profile' is clicked on

2022-05-16 12:31:47 - [MESSAGE][PASSED] - Object: 'Object Repository/AdminSuiteBootstrap_Pages/VSP_Bootstrap/View Profile/a_Delete Profile' is clicked on

2022-05-16 12:31:47 - [TEST_STEP][PASSED] - verifyTextPresent("This will delete all of the following information. Are you sure you want to do this?", true): Text 'This will delete all of the following information. Are you sure you want to do this?' is present on page  using regular expression

2022-05-16 12:31:48 - [MESSAGE][PASSED] - Text 'This will delete all of the following information. Are you sure you want to do this?' is present on page  using regular expression

2022-05-16 12:31:48 - [TEST_STEP][PASSED] - click(findTestObject(path_DeleteProfileConfirm + "button_Delete")): Object: 'Object Repository/AdminSuiteBootstrap_Pages/VSP_Bootstrap/DeleteProfileConfirm/button_Delete' is clicked on

2022-05-16 12:31:55 - [MESSAGE][PASSED] - Object: 'Object Repository/AdminSuiteBootstrap_Pages/VSP_Bootstrap/DeleteProfileConfirm/button_Delete' is clicked on

2022-05-16 12:31:55 - [TEST_STEP][PASSED] - verifyTextPresent("There were no results from your search", true): Text 'There were no results from your search' is present on page  using regular expression

2022-05-16 12:31:55 - [MESSAGE][PASSED] - Text 'There were no results from your search' is present on page  using regular expression

2022-05-16 12:31:55 - [TEST_STEP][PASSED] - closeBrowser(): Browser is closed

2022-05-16 12:31:56 - [MESSAGE][PASSED] - Browser is closed]]></system-out>
         <system-err><![CDATA[]]></system-err>
      </testcase>
      <testcase name="Test Cases/Admin Suite Bootstrap/VSP_Profile_TestCases/CreateModifyDeleteProfile_Generic_TC" time="86.925" classname="Test Cases/Admin Suite Bootstrap/VSP_Profile_TestCases/CreateModifyDeleteProfile_Generic_TC" status="PASSED">
         <system-out><![CDATA[2022-05-16 12:31:56 - [TEST_CASE][PASSED] - Test Cases/Admin Suite Bootstrap/VSP_Profile_TestCases/CreateModifyDeleteProfile_Generic_TC: Test Cases/Admin Suite Bootstrap/VSP_Profile_TestCases/CreateModifyDeleteProfile_Generic_TC

2022-05-16 12:31:57 - [TEST_STEP][PASSED] - path_Dashboard = "Object Repository/AdminSuiteBootstrap_Pages/Dashboard_Bootstrap/": null

2022-05-16 12:31:57 - [TEST_STEP][PASSED] - path_VT = "Object Repository/AdminSuiteBootstrap_Pages/VT_Bootstrap/IssueTransactions/": null

2022-05-16 12:31:57 - [TEST_STEP][PASSED] - path_CreateProfile = "Object Repository/AdminSuiteBootstrap_Pages/VSP_Bootstrap/CreateProfile/": null

2022-05-16 12:31:57 - [TEST_STEP][PASSED] - path_AddAccount = "Object Repository/AdminSuiteBootstrap_Pages/VSP_Bootstrap/AddAccount/": null

2022-05-16 12:31:57 - [TEST_STEP][PASSED] - path_Add_ACH = "Object Repository/AdminSuiteBootstrap_Pages/VSP_Bootstrap/AddACH/": null

2022-05-16 12:31:57 - [TEST_STEP][PASSED] - path_Add_CC = "Object Repository/AdminSuiteBootstrap_Pages/VSP_Bootstrap/AddCreditCard/": null

2022-05-16 12:31:57 - [TEST_STEP][PASSED] - path_App_Plan = "Object Repository/AdminSuiteBootstrap_Pages/VSP_Bootstrap/AddPaymentPlan/": null

2022-05-16 12:31:57 - [TEST_STEP][PASSED] - path_DeleteProfile = "Object Repository/AdminSuiteBootstrap_Pages/VSP_Bootstrap/DeleteProfile/": null

2022-05-16 12:31:57 - [TEST_STEP][PASSED] - path_ModifyProfile = "Object Repository/AdminSuiteBootstrap_Pages/VSP_Bootstrap/ModifyProfile/": null

2022-05-16 12:31:57 - [TEST_STEP][PASSED] - path_ViewProfile = "Object Repository/AdminSuiteBootstrap_Pages/VSP_Bootstrap/View Profile/": null

2022-05-16 12:31:57 - [TEST_STEP][PASSED] - path_VSPAuth = "Object Repository/AdminSuiteBootstrap_Pages/VSP_Bootstrap/VSP_Auth/": null

2022-05-16 12:31:57 - [TEST_STEP][PASSED] - path_VSPAuthCap = "Object Repository/AdminSuiteBootstrap_Pages/VSP_Bootstrap/VSP_Authcap/": null

2022-05-16 12:31:57 - [TEST_STEP][PASSED] - path_Debit = "Object Repository/AdminSuiteBootstrap_Pages/VSP_Bootstrap/VSP_Debit/": null

2022-05-16 12:31:57 - [TEST_STEP][PASSED] - path_DeleteProfileConfirm = "Object Repository/AdminSuiteBootstrap_Pages/VSP_Bootstrap/DeleteProfileConfirm/": null

2022-05-16 12:31:57 - [TEST_STEP][PASSED] - executionProfile = getExecutionProfile(): null

2022-05-16 12:31:57 - [TEST_STEP][PASSED] - out.println("executionProfile : " + executionProfile): null

2022-05-16 12:31:57 - [TEST_STEP][PASSED] - appName = <not implemented yet for class: org.codehaus.groovy.ast.expr.EmptyExpression>: null

2022-05-16 12:31:57 - [TEST_STEP][PASSED] - appID = <not implemented yet for class: org.codehaus.groovy.ast.expr.EmptyExpression>: null

2022-05-16 12:31:57 - [TEST_STEP][PASSED] - cardNameV = <not implemented yet for class: org.codehaus.groovy.ast.expr.EmptyExpression>: null

2022-05-16 12:31:57 - [TEST_STEP][PASSED] - al1V = <not implemented yet for class: org.codehaus.groovy.ast.expr.EmptyExpression>: null

2022-05-16 12:31:57 - [TEST_STEP][PASSED] - al2V = <not implemented yet for class: org.codehaus.groovy.ast.expr.EmptyExpression>: null

2022-05-16 12:31:57 - [TEST_STEP][PASSED] - zipV = <not implemented yet for class: org.codehaus.groovy.ast.expr.EmptyExpression>: null

2022-05-16 12:31:57 - [TEST_STEP][PASSED] - cardTypeV = <not implemented yet for class: org.codehaus.groovy.ast.expr.EmptyExpression>: null

2022-05-16 12:31:57 - [TEST_STEP][PASSED] - last4V = <not implemented yet for class: org.codehaus.groovy.ast.expr.EmptyExpression>: null

2022-05-16 12:31:57 - [TEST_STEP][PASSED] - nameSheet = "CreateModifyDeleteProfile": null

2022-05-16 12:31:57 - [TEST_STEP][PASSED] - numOfRows = findTestData("QA/Bootstrap/VSP-Profile-TestData/CreateModifyDeleteProfile").getRowNumbers(): null

2022-05-16 12:31:57 - [TEST_STEP][PASSED] - println("Number of Records: " + numOfRows): null

2022-05-16 12:31:57 - [TEST_STEP][PASSED] - dataFile = "QA/Bootstrap/VSP-Profile-TestData/CreateModifyDeleteProfile": null

2022-05-16 12:31:57 - [TEST_STEP][PASSED] - for ([row = 1, row <= numOfRows, (row++)]): Browser is closed

2022-05-16 12:31:57 - [TEST_STEP][PASSED] - ExecuteTC = findTestData(dataFile).getValue("Execute", row): null

2022-05-16 12:31:57 - [TEST_STEP][PASSED] - out.println("Value of Execute is : " + ExecuteTC): null

2022-05-16 12:31:57 - [TEST_STEP][PASSED] - switch (executionProfile): null

2022-05-16 12:31:57 - [TEST_STEP][PASSED] - case "DemoProfile":: null

2022-05-16 12:31:57 - [TEST_STEP][PASSED] - appName = findTestData(dataFile).getValue("AppNameDemo", row): null

2022-05-16 12:31:57 - [TEST_STEP][PASSED] - appID = findTestData(dataFile).getValue("AppIDDemo", row): null

2022-05-16 12:31:57 - [TEST_STEP][PASSED] - break: null

2022-05-16 12:31:57 - [TEST_STEP][PASSED] - if (ExecuteTC.equalsIgnoreCase("Y")): Browser is closed

2022-05-16 12:31:57 - [TEST_STEP][PASSED] - out.println("Begin Record Number: " + row): null

2022-05-16 12:31:57 - [TEST_STEP][PASSED] - today = new java.util.Date(): null

2022-05-16 12:31:57 - [TEST_STEP][PASSED] - println(today): null

2022-05-16 12:31:57 - [TEST_STEP][PASSED] - datText = today: null

2022-05-16 12:31:57 - [TEST_STEP][PASSED] - adminSuiteBootstrap.loginFunctionality.login_AdminSuite(): adminSuiteBootstrap.loginFunctionality.login_AdminSuite is PASSED

2022-05-16 12:31:57 - [MESSAGE][INFO] - Starting 'Chrome' driver

2022-05-16 12:31:57 - [MESSAGE][INFO] - User set preference: ['acceptInsecureCerts', 'true']

2022-05-16 12:31:57 - [MESSAGE][INFO] - Action delay is set to 0 milliseconds

2022-05-16 12:31:59 - [MESSAGE][PASSED] - Browser is opened with url: 'https://demo.velocitypayment.com/admin/imtiazdemo'

2022-05-16 12:31:59 - [MESSAGE][PASSED] - Current window maximized

2022-05-16 12:32:00 - [MESSAGE][PASSED] - Object 'Object Repository/Login_Page/Login_Username' is present

2022-05-16 12:32:00 - [MESSAGE][PASSED] - Text 'iahmed' is set on object 'Object Repository/Login_Page/Login_Username'

2022-05-16 12:32:01 - [MESSAGE][PASSED] - Text 'hello2222' is set on object 'Object Repository/Login_Page/Login_Password'

2022-05-16 12:32:05 - [MESSAGE][PASSED] - Object: 'Object Repository/Login_Page/Login_Submit' is clicked on

2022-05-16 12:32:05 - [MESSAGE][PASSED] - adminSuiteBootstrap.loginFunctionality.login_AdminSuite is PASSED

2022-05-16 12:32:05 - [TEST_STEP][PASSED] - click(findTestObject(path_Dashboard + appName)): Object: 'Object Repository/AdminSuiteBootstrap_Pages/Dashboard_Bootstrap/a_Access AutoNoCFtpDemo' is clicked on

2022-05-16 12:32:09 - [MESSAGE][PASSED] - Object: 'Object Repository/AdminSuiteBootstrap_Pages/Dashboard_Bootstrap/a_Access AutoNoCFtpDemo' is clicked on

2022-05-16 12:32:09 - [TEST_STEP][PASSED] - click(findTestObject(path_VT + "a_Create")): Object: 'Object Repository/AdminSuiteBootstrap_Pages/VT_Bootstrap/IssueTransactions/a_Create' is clicked on

2022-05-16 12:32:12 - [MESSAGE][PASSED] - Object: 'Object Repository/AdminSuiteBootstrap_Pages/VT_Bootstrap/IssueTransactions/a_Create' is clicked on

2022-05-16 12:32:12 - [TEST_STEP][PASSED] - vspBootstrap.CreateProfilePage.setDataCreateProfile(row, dataFile): vspBootstrap.CreateProfilePage.setDataCreateProfile is PASSED

2022-05-16 12:32:16 - [MESSAGE][PASSED] - Text '21054' is set on object 'Object Repository/AdminSuiteBootstrap_Pages/VSP_Bootstrap/CreateProfile/input_PostalCode'

2022-05-16 12:32:16 - [MESSAGE][PASSED] - Text 'kQg6SbpXb53C' is set on object 'Object Repository/AdminSuiteBootstrap_Pages/VSP_Bootstrap/CreateProfile/input_profileName'

2022-05-16 12:32:20 - [MESSAGE][PASSED] - Text 'Quick Company' is set on object 'Object Repository/AdminSuiteBootstrap_Pages/VSP_Bootstrap/CreateProfile/input_CompanyName'

2022-05-16 12:32:21 - [MESSAGE][PASSED] - All options with label 'Mr.' are selected in object 'Object Repository/AdminSuiteBootstrap_Pages/VSP_Bootstrap/CreateProfile/select_Title'  using regular expression

2022-05-16 12:32:21 - [MESSAGE][PASSED] - Text 'Lewinsky' is set on object 'Object Repository/AdminSuiteBootstrap_Pages/VSP_Bootstrap/CreateProfile/input_FirstName'

2022-05-16 12:32:22 - [MESSAGE][PASSED] - Text 'A' is set on object 'Object Repository/AdminSuiteBootstrap_Pages/VSP_Bootstrap/CreateProfile/input_MiddleName'

2022-05-16 12:32:23 - [MESSAGE][PASSED] - Text 'Garama' is set on object 'Object Repository/AdminSuiteBootstrap_Pages/VSP_Bootstrap/CreateProfile/input_LastName'

2022-05-16 12:32:24 - [MESSAGE][PASSED] - All options with label 'Sr.' are selected in object 'Object Repository/AdminSuiteBootstrap_Pages/VSP_Bootstrap/CreateProfile/select_Suffix'  using regular expression

2022-05-16 12:32:24 - [MESSAGE][PASSED] - Text '256987 Nolm Ct' is set on object 'Object Repository/AdminSuiteBootstrap_Pages/VSP_Bootstrap/CreateProfile/input_address1'

2022-05-16 12:32:25 - [MESSAGE][PASSED] - Text 'Suite 678' is set on object 'Object Repository/AdminSuiteBootstrap_Pages/VSP_Bootstrap/CreateProfile/input_AddressLine2'

2022-05-16 12:32:26 - [MESSAGE][PASSED] - Text '1234' is set on object 'Object Repository/AdminSuiteBootstrap_Pages/VSP_Bootstrap/CreateProfile/input_PostalCodeExt'

2022-05-16 12:32:26 - [MESSAGE][PASSED] - Text 'iahmed@govolution.com' is set on object 'Object Repository/AdminSuiteBootstrap_Pages/VSP_Bootstrap/CreateProfile/input_EmaiAddress'

2022-05-16 12:32:27 - [MESSAGE][PASSED] - Text '240' is set on object 'Object Repository/AdminSuiteBootstrap_Pages/VSP_Bootstrap/CreateProfile/input_HomePhoneNumber_HomeAreaCode'

2022-05-16 12:32:28 - [MESSAGE][PASSED] - Text '628' is set on object 'Object Repository/AdminSuiteBootstrap_Pages/VSP_Bootstrap/CreateProfile/input_homePrefixNumber'

2022-05-16 12:32:28 - [MESSAGE][PASSED] - Text '0790' is set on object 'Object Repository/AdminSuiteBootstrap_Pages/VSP_Bootstrap/CreateProfile/input_homeSuffixNumber'

2022-05-16 12:32:29 - [MESSAGE][PASSED] - Text '240' is set on object 'Object Repository/AdminSuiteBootstrap_Pages/VSP_Bootstrap/CreateProfile/input_MobilePhoneNumber_mobileAreaCode'

2022-05-16 12:32:30 - [MESSAGE][PASSED] - Text '628' is set on object 'Object Repository/AdminSuiteBootstrap_Pages/VSP_Bootstrap/CreateProfile/input_mobilePrefixNumber'

2022-05-16 12:32:30 - [MESSAGE][PASSED] - Text '0791' is set on object 'Object Repository/AdminSuiteBootstrap_Pages/VSP_Bootstrap/CreateProfile/input_mobileSuffixNumber'

2022-05-16 12:32:31 - [MESSAGE][PASSED] - Text '410' is set on object 'Object Repository/AdminSuiteBootstrap_Pages/VSP_Bootstrap/CreateProfile/input_WorkPhoneNumber_workAreaCode'

2022-05-16 12:32:32 - [MESSAGE][PASSED] - Text '628' is set on object 'Object Repository/AdminSuiteBootstrap_Pages/VSP_Bootstrap/CreateProfile/input_workPrefixNumber'

2022-05-16 12:32:32 - [MESSAGE][PASSED] - Text '0792' is set on object 'Object Repository/AdminSuiteBootstrap_Pages/VSP_Bootstrap/CreateProfile/input_workSuffixNumber'

2022-05-16 12:32:33 - [MESSAGE][PASSED] - Text '123' is set on object 'Object Repository/AdminSuiteBootstrap_Pages/VSP_Bootstrap/CreateProfile/input_Ext_workExtension'

2022-05-16 12:32:34 - [MESSAGE][PASSED] - Text 'This Profile will be modified and deleted' is set on object 'Object Repository/AdminSuiteBootstrap_Pages/VSP_Bootstrap/CreateProfile/textarea_NotesComments_note'

2022-05-16 12:32:39 - [MESSAGE][PASSED] - Object: 'Object Repository/AdminSuiteBootstrap_Pages/VSP_Bootstrap/CreateProfile/button_Save' is clicked on

2022-05-16 12:32:39 - [MESSAGE][PASSED] - vspBootstrap.CreateProfilePage.setDataCreateProfile is PASSED

2022-05-16 12:32:39 - [TEST_STEP][PASSED] - verifyTextPresent("Profile successfully created", true): Text 'Profile successfully created' is present on page  using regular expression

2022-05-16 12:32:39 - [MESSAGE][PASSED] - Text 'Profile successfully created' is present on page  using regular expression

2022-05-16 12:32:39 - [TEST_STEP][PASSED] - click(findTestObject(path_ViewProfile + "a_Modify Profile")): Object: 'Object Repository/AdminSuiteBootstrap_Pages/VSP_Bootstrap/View Profile/a_Modify Profile' is clicked on

2022-05-16 12:32:43 - [MESSAGE][PASSED] - Object: 'Object Repository/AdminSuiteBootstrap_Pages/VSP_Bootstrap/View Profile/a_Modify Profile' is clicked on

2022-05-16 12:32:43 - [TEST_STEP][PASSED] - vspBootstrap.ModifyProfilePage.setDataModifyProfile(row, dataFile): vspBootstrap.ModifyProfilePage.setDataModifyProfile is PASSED

2022-05-16 12:32:50 - [MESSAGE][PASSED] - Text '22201' is set on object 'Object Repository/AdminSuiteBootstrap_Pages/VSP_Bootstrap/ModifyProfile/input_postalCode'

2022-05-16 12:32:53 - [MESSAGE][PASSED] - Text 'ProfileNameModified' is set on object 'Object Repository/AdminSuiteBootstrap_Pages/VSP_Bootstrap/ModifyProfile/input_profileName'

2022-05-16 12:32:54 - [MESSAGE][PASSED] - Text 'CompaneNameModified' is set on object 'Object Repository/AdminSuiteBootstrap_Pages/VSP_Bootstrap/ModifyProfile/input_CompanyName'

2022-05-16 12:32:55 - [MESSAGE][PASSED] - All options with label 'Mrs.' are selected in object 'Object Repository/AdminSuiteBootstrap_Pages/VSP_Bootstrap/ModifyProfile/select_Title'  using regular expression

2022-05-16 12:32:55 - [MESSAGE][PASSED] - Text 'Bhaichung' is set on object 'Object Repository/AdminSuiteBootstrap_Pages/VSP_Bootstrap/ModifyProfile/input_FirstName'

2022-05-16 12:32:56 - [MESSAGE][PASSED] - Text 'FG' is set on object 'Object Repository/AdminSuiteBootstrap_Pages/VSP_Bootstrap/ModifyProfile/input_MiddleName'

2022-05-16 12:32:57 - [MESSAGE][PASSED] - Text 'Bhutia' is set on object 'Object Repository/AdminSuiteBootstrap_Pages/VSP_Bootstrap/ModifyProfile/input_LastName'

2022-05-16 12:32:58 - [MESSAGE][PASSED] - All options with label 'Jr.' are selected in object 'Object Repository/AdminSuiteBootstrap_Pages/VSP_Bootstrap/ModifyProfile/select_Suffix'  using regular expression

2022-05-16 12:32:58 - [MESSAGE][PASSED] - Text '47 Sasha ct' is set on object 'Object Repository/AdminSuiteBootstrap_Pages/VSP_Bootstrap/ModifyProfile/input_address1'

2022-05-16 12:32:59 - [MESSAGE][PASSED] - Text 'Room 1' is set on object 'Object Repository/AdminSuiteBootstrap_Pages/VSP_Bootstrap/ModifyProfile/input_AddressLine2'

2022-05-16 12:33:00 - [MESSAGE][PASSED] - Text '2587' is set on object 'Object Repository/AdminSuiteBootstrap_Pages/VSP_Bootstrap/ModifyProfile/input_postalCodeExtension'

2022-05-16 12:33:00 - [MESSAGE][PASSED] - Text 'iahmed2@govolution.com' is set on object 'Object Repository/AdminSuiteBootstrap_Pages/VSP_Bootstrap/ModifyProfile/input_EmailAddress'

2022-05-16 12:33:01 - [MESSAGE][PASSED] - Text '603' is set on object 'Object Repository/AdminSuiteBootstrap_Pages/VSP_Bootstrap/ModifyProfile/input_Home Phone Number_homeAreaCode'

2022-05-16 12:33:02 - [MESSAGE][PASSED] - Text '258' is set on object 'Object Repository/AdminSuiteBootstrap_Pages/VSP_Bootstrap/ModifyProfile/input_homePrefixNumber'

2022-05-16 12:33:02 - [MESSAGE][PASSED] - Text '3697' is set on object 'Object Repository/AdminSuiteBootstrap_Pages/VSP_Bootstrap/ModifyProfile/input_homeSuffixNumber'

2022-05-16 12:33:03 - [MESSAGE][PASSED] - Text 'This Profile has been modified' is set on object 'Object Repository/AdminSuiteBootstrap_Pages/VSP_Bootstrap/ModifyProfile/textarea_NotesComments_note'

2022-05-16 12:33:09 - [MESSAGE][PASSED] - Object: 'Object Repository/AdminSuiteBootstrap_Pages/VSP_Bootstrap/ModifyProfile/button_Modify' is clicked on

2022-05-16 12:33:09 - [MESSAGE][PASSED] - vspBootstrap.ModifyProfilePage.setDataModifyProfile is PASSED

2022-05-16 12:33:09 - [TEST_STEP][PASSED] - verifyTextPresent("Profile Modification", true): Text 'Profile Modification' is present on page  using regular expression

2022-05-16 12:33:10 - [MESSAGE][PASSED] - Text 'Profile Modification' is present on page  using regular expression

2022-05-16 12:33:10 - [TEST_STEP][PASSED] - verifyTextPresent("Profile successfully modified.", true): Text 'Profile successfully modified.' is present on page  using regular expression

2022-05-16 12:33:10 - [MESSAGE][PASSED] - Text 'Profile successfully modified.' is present on page  using regular expression

2022-05-16 12:33:10 - [TEST_STEP][PASSED] - verifyTextPresent("CompaneNameModified", true): Text 'CompaneNameModified' is present on page  using regular expression

2022-05-16 12:33:11 - [MESSAGE][PASSED] - Text 'CompaneNameModified' is present on page  using regular expression

2022-05-16 12:33:11 - [TEST_STEP][PASSED] - verifyTextPresent("Mrs. Bhaichung FG Bhutia Jr.", true): Text 'Mrs. Bhaichung FG Bhutia Jr.' is present on page  using regular expression

2022-05-16 12:33:11 - [MESSAGE][PASSED] - Text 'Mrs. Bhaichung FG Bhutia Jr.' is present on page  using regular expression

2022-05-16 12:33:11 - [TEST_STEP][PASSED] - verifyTextPresent("47 Sasha ct", true): Text '47 Sasha ct' is present on page  using regular expression

2022-05-16 12:33:11 - [MESSAGE][PASSED] - Text '47 Sasha ct' is present on page  using regular expression

2022-05-16 12:33:11 - [TEST_STEP][PASSED] - verifyTextPresent("ARLINGTON ,  VA    22201  - 2587", true): Text 'ARLINGTON ,  VA    22201  - 2587' is present on page  using regular expression

2022-05-16 12:33:12 - [MESSAGE][PASSED] - Text 'ARLINGTON ,  VA    22201  - 2587' is present on page  using regular expression

2022-05-16 12:33:12 - [TEST_STEP][PASSED] - verifyTextPresent("Email: iahmed2@govolution.com", true): Text 'Email: iahmed2@govolution.com' is present on page  using regular expression

2022-05-16 12:33:12 - [MESSAGE][PASSED] - Text 'Email: iahmed2@govolution.com' is present on page  using regular expression

2022-05-16 12:33:12 - [TEST_STEP][PASSED] - verifyTextPresent("258-3697", true): Text '258-3697' is present on page  using regular expression

2022-05-16 12:33:12 - [MESSAGE][PASSED] - Text '258-3697' is present on page  using regular expression

2022-05-16 12:33:12 - [TEST_STEP][PASSED] - verifyTextPresent("Notes/Comments: This Profile has been modified", true): Text 'Notes/Comments: This Profile has been modified' is present on page  using regular expression

2022-05-16 12:33:12 - [MESSAGE][PASSED] - Text 'Notes/Comments: This Profile has been modified' is present on page  using regular expression

2022-05-16 12:33:12 - [TEST_STEP][PASSED] - click(findTestObject(path_ViewProfile + "a_Delete Profile")): Object: 'Object Repository/AdminSuiteBootstrap_Pages/VSP_Bootstrap/View Profile/a_Delete Profile' is clicked on

2022-05-16 12:33:15 - [MESSAGE][PASSED] - Object: 'Object Repository/AdminSuiteBootstrap_Pages/VSP_Bootstrap/View Profile/a_Delete Profile' is clicked on

2022-05-16 12:33:15 - [TEST_STEP][PASSED] - verifyTextPresent("This will delete all of the following information. Are you sure you want to do this?", true): Text 'This will delete all of the following information. Are you sure you want to do this?' is present on page  using regular expression

2022-05-16 12:33:16 - [MESSAGE][PASSED] - Text 'This will delete all of the following information. Are you sure you want to do this?' is present on page  using regular expression

2022-05-16 12:33:16 - [TEST_STEP][PASSED] - click(findTestObject(path_DeleteProfileConfirm + "button_Delete")): Object: 'Object Repository/AdminSuiteBootstrap_Pages/VSP_Bootstrap/DeleteProfileConfirm/button_Delete' is clicked on

2022-05-16 12:33:22 - [MESSAGE][PASSED] - Object: 'Object Repository/AdminSuiteBootstrap_Pages/VSP_Bootstrap/DeleteProfileConfirm/button_Delete' is clicked on

2022-05-16 12:33:22 - [TEST_STEP][PASSED] - verifyTextPresent("No Search String", true): Text 'No Search String' is present on page  using regular expression

2022-05-16 12:33:22 - [MESSAGE][PASSED] - Text 'No Search String' is present on page  using regular expression

2022-05-16 12:33:22 - [TEST_STEP][PASSED] - verifyTextPresent("You must provide a search string of at least 2 characters", true): Text 'You must provide a search string of at least 2 characters' is present on page  using regular expression

2022-05-16 12:33:22 - [MESSAGE][PASSED] - Text 'You must provide a search string of at least 2 characters' is present on page  using regular expression

2022-05-16 12:33:22 - [TEST_STEP][PASSED] - closeBrowser(): Browser is closed

2022-05-16 12:33:23 - [MESSAGE][PASSED] - Browser is closed]]></system-out>
         <system-err><![CDATA[]]></system-err>
      </testcase>
      <testcase name="Test Cases/Admin Suite Bootstrap/VSP_Profile_TestCases/AddModifyDeleteCCPre_Generic_TC" time="79.09" classname="Test Cases/Admin Suite Bootstrap/VSP_Profile_TestCases/AddModifyDeleteCCPre_Generic_TC" status="PASSED">
         <system-out><![CDATA[2022-05-16 12:33:23 - [TEST_CASE][PASSED] - Test Cases/Admin Suite Bootstrap/VSP_Profile_TestCases/AddModifyDeleteCCPre_Generic_TC: Test Cases/Admin Suite Bootstrap/VSP_Profile_TestCases/AddModifyDeleteCCPre_Generic_TC

2022-05-16 12:33:24 - [TEST_STEP][PASSED] - path_Dashboard = "Object Repository/AdminSuiteBootstrap_Pages/Dashboard_Bootstrap/": null

2022-05-16 12:33:24 - [TEST_STEP][PASSED] - path_VT = "Object Repository/AdminSuiteBootstrap_Pages/VT_Bootstrap/IssueTransactions/": null

2022-05-16 12:33:24 - [TEST_STEP][PASSED] - path_CreateProfile = "Object Repository/AdminSuiteBootstrap_Pages/VSP_Bootstrap/CreateProfile/": null

2022-05-16 12:33:24 - [TEST_STEP][PASSED] - path_AddAccount = "Object Repository/AdminSuiteBootstrap_Pages/VSP_Bootstrap/AddAccount/": null

2022-05-16 12:33:24 - [TEST_STEP][PASSED] - path_Add_ACH = "Object Repository/AdminSuiteBootstrap_Pages/VSP_Bootstrap/AddACH/": null

2022-05-16 12:33:24 - [TEST_STEP][PASSED] - path_Add_CC = "Object Repository/AdminSuiteBootstrap_Pages/VSP_Bootstrap/AddCreditCard/": null

2022-05-16 12:33:24 - [TEST_STEP][PASSED] - path_App_Plan = "Object Repository/AdminSuiteBootstrap_Pages/VSP_Bootstrap/AddPaymentPlan/": null

2022-05-16 12:33:24 - [TEST_STEP][PASSED] - path_DeleteProfile = "Object Repository/AdminSuiteBootstrap_Pages/VSP_Bootstrap/DeleteProfile/": null

2022-05-16 12:33:24 - [TEST_STEP][PASSED] - path_ModifyProfile = "Object Repository/AdminSuiteBootstrap_Pages/VSP_Bootstrap/ModifyProfile/": null

2022-05-16 12:33:24 - [TEST_STEP][PASSED] - path_ViewProfile = "Object Repository/AdminSuiteBootstrap_Pages/VSP_Bootstrap/View Profile/": null

2022-05-16 12:33:24 - [TEST_STEP][PASSED] - path_VSPAuth = "Object Repository/AdminSuiteBootstrap_Pages/VSP_Bootstrap/VSP_Auth/": null

2022-05-16 12:33:24 - [TEST_STEP][PASSED] - path_VSPAuthCap = "Object Repository/AdminSuiteBootstrap_Pages/VSP_Bootstrap/VSP_Authcap/": null

2022-05-16 12:33:24 - [TEST_STEP][PASSED] - path_Debit = "Object Repository/AdminSuiteBootstrap_Pages/VSP_Bootstrap/VSP_Debit/": null

2022-05-16 12:33:24 - [TEST_STEP][PASSED] - path_DeleteProfileConfirm = "Object Repository/AdminSuiteBootstrap_Pages/VSP_Bootstrap/DeleteProfileConfirm/": null

2022-05-16 12:33:24 - [TEST_STEP][PASSED] - executionProfile = getExecutionProfile(): null

2022-05-16 12:33:24 - [TEST_STEP][PASSED] - out.println("executionProfile : " + executionProfile): null

2022-05-16 12:33:24 - [TEST_STEP][PASSED] - appName = <not implemented yet for class: org.codehaus.groovy.ast.expr.EmptyExpression>: null

2022-05-16 12:33:24 - [TEST_STEP][PASSED] - appID = <not implemented yet for class: org.codehaus.groovy.ast.expr.EmptyExpression>: null

2022-05-16 12:33:24 - [TEST_STEP][PASSED] - cardNameV = <not implemented yet for class: org.codehaus.groovy.ast.expr.EmptyExpression>: null

2022-05-16 12:33:24 - [TEST_STEP][PASSED] - al1V = <not implemented yet for class: org.codehaus.groovy.ast.expr.EmptyExpression>: null

2022-05-16 12:33:24 - [TEST_STEP][PASSED] - al2V = <not implemented yet for class: org.codehaus.groovy.ast.expr.EmptyExpression>: null

2022-05-16 12:33:24 - [TEST_STEP][PASSED] - zipV = <not implemented yet for class: org.codehaus.groovy.ast.expr.EmptyExpression>: null

2022-05-16 12:33:24 - [TEST_STEP][PASSED] - cardTypeV = <not implemented yet for class: org.codehaus.groovy.ast.expr.EmptyExpression>: null

2022-05-16 12:33:24 - [TEST_STEP][PASSED] - last4V = <not implemented yet for class: org.codehaus.groovy.ast.expr.EmptyExpression>: null

2022-05-16 12:33:24 - [TEST_STEP][PASSED] - nameSheet = "AddModifyDeleteCC": null

2022-05-16 12:33:24 - [TEST_STEP][PASSED] - numOfRows = findTestData("QA/Bootstrap/VSP-Profile-TestData/AddModifyDeleteCC").getRowNumbers(): null

2022-05-16 12:33:24 - [TEST_STEP][PASSED] - println("Number of Records: " + numOfRows): null

2022-05-16 12:33:24 - [TEST_STEP][PASSED] - dataFile = "QA/Bootstrap/VSP-Profile-TestData/AddModifyDeleteCC": null

2022-05-16 12:33:24 - [TEST_STEP][PASSED] - for ([row = 1, row <= numOfRows, (row++)]): Browser is closed

2022-05-16 12:33:24 - [TEST_STEP][PASSED] - ExecuteTC = findTestData(dataFile).getValue("Execute", row): null

2022-05-16 12:33:24 - [TEST_STEP][PASSED] - out.println("Value of Execute is : " + ExecuteTC): null

2022-05-16 12:33:24 - [TEST_STEP][PASSED] - switch (executionProfile): null

2022-05-16 12:33:24 - [TEST_STEP][PASSED] - case "DemoProfile":: null

2022-05-16 12:33:24 - [TEST_STEP][PASSED] - appName = findTestData(dataFile).getValue("AppNameDemo", row): null

2022-05-16 12:33:24 - [TEST_STEP][PASSED] - appID = findTestData(dataFile).getValue("AppIDDemo", row): null

2022-05-16 12:33:24 - [TEST_STEP][PASSED] - break: null

2022-05-16 12:33:24 - [TEST_STEP][PASSED] - if (ExecuteTC.equalsIgnoreCase("Y")): Browser is closed

2022-05-16 12:33:24 - [TEST_STEP][PASSED] - out.println("Begin Record Number: " + row): null

2022-05-16 12:33:24 - [TEST_STEP][PASSED] - today = new java.util.Date(): null

2022-05-16 12:33:24 - [TEST_STEP][PASSED] - println(today): null

2022-05-16 12:33:24 - [TEST_STEP][PASSED] - datText = today: null

2022-05-16 12:33:24 - [TEST_STEP][PASSED] - adminSuiteBootstrap.loginFunctionality.login_AdminSuite(): adminSuiteBootstrap.loginFunctionality.login_AdminSuite is PASSED

2022-05-16 12:33:24 - [MESSAGE][INFO] - Starting 'Chrome' driver

2022-05-16 12:33:24 - [MESSAGE][INFO] - User set preference: ['acceptInsecureCerts', 'true']

2022-05-16 12:33:24 - [MESSAGE][INFO] - Action delay is set to 0 milliseconds

2022-05-16 12:33:27 - [MESSAGE][PASSED] - Browser is opened with url: 'https://demo.velocitypayment.com/admin/imtiazdemo'

2022-05-16 12:33:27 - [MESSAGE][PASSED] - Current window maximized

2022-05-16 12:33:27 - [MESSAGE][PASSED] - Object 'Object Repository/Login_Page/Login_Username' is present

2022-05-16 12:33:28 - [MESSAGE][PASSED] - Text 'iahmed' is set on object 'Object Repository/Login_Page/Login_Username'

2022-05-16 12:33:28 - [MESSAGE][PASSED] - Text 'hello2222' is set on object 'Object Repository/Login_Page/Login_Password'

2022-05-16 12:33:32 - [MESSAGE][PASSED] - Object: 'Object Repository/Login_Page/Login_Submit' is clicked on

2022-05-16 12:33:32 - [MESSAGE][PASSED] - adminSuiteBootstrap.loginFunctionality.login_AdminSuite is PASSED

2022-05-16 12:33:32 - [TEST_STEP][PASSED] - click(findTestObject(path_Dashboard + appName)): Object: 'Object Repository/AdminSuiteBootstrap_Pages/Dashboard_Bootstrap/a_Access AutoNoCFtpDemo' is clicked on

2022-05-16 12:33:34 - [MESSAGE][PASSED] - Object: 'Object Repository/AdminSuiteBootstrap_Pages/Dashboard_Bootstrap/a_Access AutoNoCFtpDemo' is clicked on

2022-05-16 12:33:34 - [TEST_STEP][PASSED] - click(findTestObject(path_VT + "a_Create")): Object: 'Object Repository/AdminSuiteBootstrap_Pages/VT_Bootstrap/IssueTransactions/a_Create' is clicked on

2022-05-16 12:33:36 - [MESSAGE][PASSED] - Object: 'Object Repository/AdminSuiteBootstrap_Pages/VT_Bootstrap/IssueTransactions/a_Create' is clicked on

2022-05-16 12:33:36 - [TEST_STEP][PASSED] - vspBootstrap.CreateProfilePage.setDataONLYCreateProfile(row, dataFile): vspBootstrap.CreateProfilePage.setDataONLYCreateProfile is PASSED

2022-05-16 12:33:39 - [MESSAGE][PASSED] - Text '21054' is set on object 'Object Repository/AdminSuiteBootstrap_Pages/VSP_Bootstrap/CreateProfile/input_PostalCode'

2022-05-16 12:33:39 - [MESSAGE][PASSED] - Text 'MT2PXyrDWhg7' is set on object 'Object Repository/AdminSuiteBootstrap_Pages/VSP_Bootstrap/CreateProfile/input_profileName'

2022-05-16 12:33:42 - [MESSAGE][PASSED] - Text 'Delta Corp' is set on object 'Object Repository/AdminSuiteBootstrap_Pages/VSP_Bootstrap/CreateProfile/input_CompanyName'

2022-05-16 12:33:43 - [MESSAGE][PASSED] - All options with label 'Mr.' are selected in object 'Object Repository/AdminSuiteBootstrap_Pages/VSP_Bootstrap/CreateProfile/select_Title'  using regular expression

2022-05-16 12:33:43 - [MESSAGE][PASSED] - Text 'Ross' is set on object 'Object Repository/AdminSuiteBootstrap_Pages/VSP_Bootstrap/CreateProfile/input_FirstName'

2022-05-16 12:33:44 - [MESSAGE][PASSED] - Text 'KT' is set on object 'Object Repository/AdminSuiteBootstrap_Pages/VSP_Bootstrap/CreateProfile/input_MiddleName'

2022-05-16 12:33:45 - [MESSAGE][PASSED] - Text 'Evan' is set on object 'Object Repository/AdminSuiteBootstrap_Pages/VSP_Bootstrap/CreateProfile/input_LastName'

2022-05-16 12:33:46 - [MESSAGE][PASSED] - All options with label 'Sr.' are selected in object 'Object Repository/AdminSuiteBootstrap_Pages/VSP_Bootstrap/CreateProfile/select_Suffix'  using regular expression

2022-05-16 12:33:46 - [MESSAGE][PASSED] - Text '256987 Nolm Ct' is set on object 'Object Repository/AdminSuiteBootstrap_Pages/VSP_Bootstrap/CreateProfile/input_address1'

2022-05-16 12:33:47 - [MESSAGE][PASSED] - Text 'Suite 678' is set on object 'Object Repository/AdminSuiteBootstrap_Pages/VSP_Bootstrap/CreateProfile/input_AddressLine2'

2022-05-16 12:33:47 - [MESSAGE][PASSED] - Text '1234' is set on object 'Object Repository/AdminSuiteBootstrap_Pages/VSP_Bootstrap/CreateProfile/input_PostalCodeExt'

2022-05-16 12:33:48 - [MESSAGE][PASSED] - Text 'iahmed@govolution.com' is set on object 'Object Repository/AdminSuiteBootstrap_Pages/VSP_Bootstrap/CreateProfile/input_EmaiAddress'

2022-05-16 12:33:49 - [MESSAGE][PASSED] - Text '240' is set on object 'Object Repository/AdminSuiteBootstrap_Pages/VSP_Bootstrap/CreateProfile/input_HomePhoneNumber_HomeAreaCode'

2022-05-16 12:33:49 - [MESSAGE][PASSED] - Text '628' is set on object 'Object Repository/AdminSuiteBootstrap_Pages/VSP_Bootstrap/CreateProfile/input_homePrefixNumber'

2022-05-16 12:33:50 - [MESSAGE][PASSED] - Text '0790' is set on object 'Object Repository/AdminSuiteBootstrap_Pages/VSP_Bootstrap/CreateProfile/input_homeSuffixNumber'

2022-05-16 12:33:51 - [MESSAGE][PASSED] - Text '240' is set on object 'Object Repository/AdminSuiteBootstrap_Pages/VSP_Bootstrap/CreateProfile/input_MobilePhoneNumber_mobileAreaCode'

2022-05-16 12:33:51 - [MESSAGE][PASSED] - Text '628' is set on object 'Object Repository/AdminSuiteBootstrap_Pages/VSP_Bootstrap/CreateProfile/input_mobilePrefixNumber'

2022-05-16 12:33:52 - [MESSAGE][PASSED] - Text '0791' is set on object 'Object Repository/AdminSuiteBootstrap_Pages/VSP_Bootstrap/CreateProfile/input_mobileSuffixNumber'

2022-05-16 12:33:53 - [MESSAGE][PASSED] - Text '410' is set on object 'Object Repository/AdminSuiteBootstrap_Pages/VSP_Bootstrap/CreateProfile/input_WorkPhoneNumber_workAreaCode'

2022-05-16 12:33:53 - [MESSAGE][PASSED] - Text '628' is set on object 'Object Repository/AdminSuiteBootstrap_Pages/VSP_Bootstrap/CreateProfile/input_workPrefixNumber'

2022-05-16 12:33:54 - [MESSAGE][PASSED] - Text '0792' is set on object 'Object Repository/AdminSuiteBootstrap_Pages/VSP_Bootstrap/CreateProfile/input_workSuffixNumber'

2022-05-16 12:33:55 - [MESSAGE][PASSED] - Text '123' is set on object 'Object Repository/AdminSuiteBootstrap_Pages/VSP_Bootstrap/CreateProfile/input_Ext_workExtension'

2022-05-16 12:33:55 - [MESSAGE][PASSED] - Text 'This Profile is for Add CC' is set on object 'Object Repository/AdminSuiteBootstrap_Pages/VSP_Bootstrap/CreateProfile/textarea_NotesComments_note'

2022-05-16 12:33:55 - [MESSAGE][PASSED] - vspBootstrap.CreateProfilePage.setDataONLYCreateProfile is PASSED

2022-05-16 12:33:55 - [TEST_STEP][PASSED] - click(findTestObject(path_CreateProfile + "button_Save  Add Credit Card")): Object: 'Object Repository/AdminSuiteBootstrap_Pages/VSP_Bootstrap/CreateProfile/button_Save  Add Credit Card' is clicked on

2022-05-16 12:34:00 - [MESSAGE][PASSED] - Object: 'Object Repository/AdminSuiteBootstrap_Pages/VSP_Bootstrap/CreateProfile/button_Save  Add Credit Card' is clicked on

2022-05-16 12:34:00 - [TEST_STEP][PASSED] - verifyTextPresent("Profile successfully created", true): Text 'Profile successfully created' is present on page  using regular expression

2022-05-16 12:34:02 - [MESSAGE][PASSED] - Text 'Profile successfully created' is present on page  using regular expression

2022-05-16 12:34:02 - [TEST_STEP][PASSED] - vspBootstrap.AddCreditCardPage.setDataCreditCardPre(row, dataFile): vspBootstrap.AddCreditCardPage.setDataCreditCardPre is PASSED

2022-05-16 12:34:03 - [MESSAGE][PASSED] - Text 'Ross Discover' is set on object 'Object Repository/AdminSuiteBootstrap_Pages/VSP_Bootstrap/AddCreditCard/input_nickName'

2022-05-16 12:34:04 - [MESSAGE][PASSED] - Text '6011000993026909' is set on object 'Object Repository/AdminSuiteBootstrap_Pages/VSP_Bootstrap/AddCreditCard/input_cardNumber'

2022-05-16 12:34:05 - [MESSAGE][PASSED] - All options with label '1 - JAN' are selected in object 'Object Repository/AdminSuiteBootstrap_Pages/VSP_Bootstrap/AddCreditCard/select_ExpMonth'  using regular expression

2022-05-16 12:34:06 - [MESSAGE][PASSED] - All options with label '2025' are selected in object 'Object Repository/AdminSuiteBootstrap_Pages/VSP_Bootstrap/AddCreditCard/select_ExpYear'  using regular expression

2022-05-16 12:34:10 - [MESSAGE][PASSED] - Object: 'Object Repository/AdminSuiteBootstrap_Pages/VSP_Bootstrap/AddCreditCard/button_Create' is clicked on

2022-05-16 12:34:10 - [MESSAGE][PASSED] - vspBootstrap.AddCreditCardPage.setDataCreditCardPre is PASSED

2022-05-16 12:34:10 - [TEST_STEP][PASSED] - verifyTextPresent("Payment Method Created", true): Text 'Payment Method Created' is present on page  using regular expression

2022-05-16 12:34:11 - [MESSAGE][PASSED] - Text 'Payment Method Created' is present on page  using regular expression

2022-05-16 12:34:11 - [TEST_STEP][PASSED] - verifyTextPresent("Payment method creation successful", true): Text 'Payment method creation successful' is present on page  using regular expression

2022-05-16 12:34:11 - [MESSAGE][PASSED] - Text 'Payment method creation successful' is present on page  using regular expression

2022-05-16 12:34:11 - [TEST_STEP][PASSED] - click(findTestObject(path_ViewProfile + "a_Edit_CC")): Object: 'Object Repository/AdminSuiteBootstrap_Pages/VSP_Bootstrap/View Profile/a_Edit_CC' is clicked on

2022-05-16 12:34:14 - [MESSAGE][PASSED] - Object: 'Object Repository/AdminSuiteBootstrap_Pages/VSP_Bootstrap/View Profile/a_Edit_CC' is clicked on

2022-05-16 12:34:14 - [TEST_STEP][PASSED] - vspBootstrap.ModifyCreditCardPage.setDataModifyCreditCard(row, dataFile): vspBootstrap.ModifyCreditCardPage.setDataModifyCreditCard is PASSED

2022-05-16 12:34:17 - [MESSAGE][PASSED] - All options with label '6 - JUN' are selected in object 'Object Repository/AdminSuiteBootstrap_Pages/VSP_Bootstrap/ModifyCreditCard/select_ExpMonth'  using regular expression

2022-05-16 12:34:19 - [MESSAGE][PASSED] - All options with label '2028' are selected in object 'Object Repository/AdminSuiteBootstrap_Pages/VSP_Bootstrap/ModifyCreditCard/select_ExpYear'  using regular expression

2022-05-16 12:34:24 - [MESSAGE][PASSED] - Object: 'Object Repository/AdminSuiteBootstrap_Pages/VSP_Bootstrap/ModifyCreditCard/button_Modify' is clicked on

2022-05-16 12:34:24 - [MESSAGE][PASSED] - vspBootstrap.ModifyCreditCardPage.setDataModifyCreditCard is PASSED

2022-05-16 12:34:24 - [TEST_STEP][PASSED] - verifyTextPresent("Payment Method Modification", true): Text 'Payment Method Modification' is present on page  using regular expression

2022-05-16 12:34:24 - [MESSAGE][PASSED] - Text 'Payment Method Modification' is present on page  using regular expression

2022-05-16 12:34:24 - [TEST_STEP][PASSED] - verifyTextPresent("Payment method successfully modified", true): Text 'Payment method successfully modified' is present on page  using regular expression

2022-05-16 12:34:24 - [MESSAGE][PASSED] - Text 'Payment method successfully modified' is present on page  using regular expression

2022-05-16 12:34:24 - [TEST_STEP][PASSED] - verifyTextPresent("Expiration:  06/2028", true): Text 'Expiration:  06/2028' is present on page  using regular expression

2022-05-16 12:34:25 - [MESSAGE][PASSED] - Text 'Expiration:  06/2028' is present on page  using regular expression

2022-05-16 12:34:25 - [TEST_STEP][PASSED] - click(findTestObject(path_ViewProfile + "a_Delete Credit Card")): Object: 'Object Repository/AdminSuiteBootstrap_Pages/VSP_Bootstrap/View Profile/a_Delete Credit Card' is clicked on

2022-05-16 12:34:28 - [MESSAGE][PASSED] - Object: 'Object Repository/AdminSuiteBootstrap_Pages/VSP_Bootstrap/View Profile/a_Delete Credit Card' is clicked on

2022-05-16 12:34:28 - [TEST_STEP][PASSED] - verifyTextPresent("Delete Credit Card Confirmation", true): Text 'Delete Credit Card Confirmation' is present on page  using regular expression

2022-05-16 12:34:28 - [MESSAGE][PASSED] - Text 'Delete Credit Card Confirmation' is present on page  using regular expression

2022-05-16 12:34:28 - [TEST_STEP][PASSED] - verifyTextPresent("This will delete the credit card account. Are you sure you want to do this?", true): Text 'This will delete the credit card account. Are you sure you want to do this?' is present on page  using regular expression

2022-05-16 12:34:28 - [MESSAGE][PASSED] - Text 'This will delete the credit card account. Are you sure you want to do this?' is present on page  using regular expression

2022-05-16 12:34:28 - [TEST_STEP][PASSED] - click(findTestObject(path_ViewProfile + "button_DeleteCCConfirm")): Object: 'Object Repository/AdminSuiteBootstrap_Pages/VSP_Bootstrap/View Profile/button_DeleteCCConfirm' is clicked on

2022-05-16 12:34:33 - [MESSAGE][PASSED] - Object: 'Object Repository/AdminSuiteBootstrap_Pages/VSP_Bootstrap/View Profile/button_DeleteCCConfirm' is clicked on

2022-05-16 12:34:33 - [TEST_STEP][PASSED] - verifyTextPresent("Payment Method Deletion", true): Text 'Payment Method Deletion' is present on page  using regular expression

2022-05-16 12:34:34 - [MESSAGE][PASSED] - Text 'Payment Method Deletion' is present on page  using regular expression

2022-05-16 12:34:34 - [TEST_STEP][PASSED] - verifyTextPresent("Payment method was successfully deleted.", true): Text 'Payment method was successfully deleted.' is present on page  using regular expression

2022-05-16 12:34:34 - [MESSAGE][PASSED] - Text 'Payment method was successfully deleted.' is present on page  using regular expression

2022-05-16 12:34:34 - [TEST_STEP][PASSED] - click(findTestObject(path_ViewProfile + "a_Delete Profile")): Object: 'Object Repository/AdminSuiteBootstrap_Pages/VSP_Bootstrap/View Profile/a_Delete Profile' is clicked on

2022-05-16 12:34:36 - [MESSAGE][PASSED] - Object: 'Object Repository/AdminSuiteBootstrap_Pages/VSP_Bootstrap/View Profile/a_Delete Profile' is clicked on

2022-05-16 12:34:36 - [TEST_STEP][PASSED] - verifyTextPresent("This will delete all of the following information. Are you sure you want to do this?", true): Text 'This will delete all of the following information. Are you sure you want to do this?' is present on page  using regular expression

2022-05-16 12:34:37 - [MESSAGE][PASSED] - Text 'This will delete all of the following information. Are you sure you want to do this?' is present on page  using regular expression

2022-05-16 12:34:37 - [TEST_STEP][PASSED] - click(findTestObject(path_DeleteProfileConfirm + "button_Delete")): Object: 'Object Repository/AdminSuiteBootstrap_Pages/VSP_Bootstrap/DeleteProfileConfirm/button_Delete' is clicked on

2022-05-16 12:34:41 - [MESSAGE][PASSED] - Object: 'Object Repository/AdminSuiteBootstrap_Pages/VSP_Bootstrap/DeleteProfileConfirm/button_Delete' is clicked on

2022-05-16 12:34:41 - [TEST_STEP][PASSED] - verifyTextPresent("No Search String", true): Text 'No Search String' is present on page  using regular expression

2022-05-16 12:34:41 - [MESSAGE][PASSED] - Text 'No Search String' is present on page  using regular expression

2022-05-16 12:34:41 - [TEST_STEP][PASSED] - verifyTextPresent("You must provide a search string of at least 2 characters", true): Text 'You must provide a search string of at least 2 characters' is present on page  using regular expression

2022-05-16 12:34:42 - [MESSAGE][PASSED] - Text 'You must provide a search string of at least 2 characters' is present on page  using regular expression

2022-05-16 12:34:42 - [TEST_STEP][PASSED] - closeBrowser(): Browser is closed

2022-05-16 12:34:42 - [MESSAGE][PASSED] - Browser is closed]]></system-out>
         <system-err><![CDATA[]]></system-err>
      </testcase>
      <testcase name="Test Cases/Admin Suite Bootstrap/VSP_Profile_TestCases/AddModifyDeleteACH_Generic_TC" time="257.427" classname="Test Cases/Admin Suite Bootstrap/VSP_Profile_TestCases/AddModifyDeleteACH_Generic_TC" status="PASSED">
         <system-out><![CDATA[2022-05-16 12:34:42 - [TEST_CASE][PASSED] - Test Cases/Admin Suite Bootstrap/VSP_Profile_TestCases/AddModifyDeleteACH_Generic_TC: Test Cases/Admin Suite Bootstrap/VSP_Profile_TestCases/AddModifyDeleteACH_Generic_TC

2022-05-16 12:34:43 - [TEST_STEP][PASSED] - path_Dashboard = "Object Repository/AdminSuiteBootstrap_Pages/Dashboard_Bootstrap/": null

2022-05-16 12:34:43 - [TEST_STEP][PASSED] - path_VT = "Object Repository/AdminSuiteBootstrap_Pages/VT_Bootstrap/IssueTransactions/": null

2022-05-16 12:34:43 - [TEST_STEP][PASSED] - path_CreateProfile = "Object Repository/AdminSuiteBootstrap_Pages/VSP_Bootstrap/CreateProfile/": null

2022-05-16 12:34:43 - [TEST_STEP][PASSED] - path_AddAccount = "Object Repository/AdminSuiteBootstrap_Pages/VSP_Bootstrap/AddAccount/": null

2022-05-16 12:34:43 - [TEST_STEP][PASSED] - path_Add_ACH = "Object Repository/AdminSuiteBootstrap_Pages/VSP_Bootstrap/AddACH/": null

2022-05-16 12:34:43 - [TEST_STEP][PASSED] - path_Add_CC = "Object Repository/AdminSuiteBootstrap_Pages/VSP_Bootstrap/AddCreditCard/": null

2022-05-16 12:34:43 - [TEST_STEP][PASSED] - path_App_Plan = "Object Repository/AdminSuiteBootstrap_Pages/VSP_Bootstrap/AddPaymentPlan/": null

2022-05-16 12:34:43 - [TEST_STEP][PASSED] - path_DeleteProfile = "Object Repository/AdminSuiteBootstrap_Pages/VSP_Bootstrap/DeleteProfile/": null

2022-05-16 12:34:43 - [TEST_STEP][PASSED] - path_ModifyProfile = "Object Repository/AdminSuiteBootstrap_Pages/VSP_Bootstrap/ModifyProfile/": null

2022-05-16 12:34:43 - [TEST_STEP][PASSED] - path_ViewProfile = "Object Repository/AdminSuiteBootstrap_Pages/VSP_Bootstrap/View Profile/": null

2022-05-16 12:34:43 - [TEST_STEP][PASSED] - path_VSPAuth = "Object Repository/AdminSuiteBootstrap_Pages/VSP_Bootstrap/VSP_Auth/": null

2022-05-16 12:34:43 - [TEST_STEP][PASSED] - path_VSPAuthCap = "Object Repository/AdminSuiteBootstrap_Pages/VSP_Bootstrap/VSP_Authcap/": null

2022-05-16 12:34:43 - [TEST_STEP][PASSED] - path_Debit = "Object Repository/AdminSuiteBootstrap_Pages/VSP_Bootstrap/VSP_Debit/": null

2022-05-16 12:34:43 - [TEST_STEP][PASSED] - path_DeleteProfileConfirm = "Object Repository/AdminSuiteBootstrap_Pages/VSP_Bootstrap/DeleteProfileConfirm/": null

2022-05-16 12:34:43 - [TEST_STEP][PASSED] - path_ModifyACH = "Object Repository/AdminSuiteBootstrap_Pages/VSP_Bootstrap/ModifyACH/": null

2022-05-16 12:34:43 - [TEST_STEP][PASSED] - executionProfile = getExecutionProfile(): null

2022-05-16 12:34:43 - [TEST_STEP][PASSED] - out.println("executionProfile : " + executionProfile): null

2022-05-16 12:34:43 - [TEST_STEP][PASSED] - appName = <not implemented yet for class: org.codehaus.groovy.ast.expr.EmptyExpression>: null

2022-05-16 12:34:43 - [TEST_STEP][PASSED] - appID = <not implemented yet for class: org.codehaus.groovy.ast.expr.EmptyExpression>: null

2022-05-16 12:34:43 - [TEST_STEP][PASSED] - cardNameV = <not implemented yet for class: org.codehaus.groovy.ast.expr.EmptyExpression>: null

2022-05-16 12:34:43 - [TEST_STEP][PASSED] - al1V = <not implemented yet for class: org.codehaus.groovy.ast.expr.EmptyExpression>: null

2022-05-16 12:34:43 - [TEST_STEP][PASSED] - al2V = <not implemented yet for class: org.codehaus.groovy.ast.expr.EmptyExpression>: null

2022-05-16 12:34:43 - [TEST_STEP][PASSED] - zipV = <not implemented yet for class: org.codehaus.groovy.ast.expr.EmptyExpression>: null

2022-05-16 12:34:43 - [TEST_STEP][PASSED] - cardTypeV = <not implemented yet for class: org.codehaus.groovy.ast.expr.EmptyExpression>: null

2022-05-16 12:34:43 - [TEST_STEP][PASSED] - last4V = <not implemented yet for class: org.codehaus.groovy.ast.expr.EmptyExpression>: null

2022-05-16 12:34:43 - [TEST_STEP][PASSED] - nameSheet = "AddModifyDeleteACH": null

2022-05-16 12:34:43 - [TEST_STEP][PASSED] - numOfRows = findTestData("QA/Bootstrap/VSP-Profile-TestData/AddModifyDeleteACH").getRowNumbers(): null

2022-05-16 12:34:43 - [TEST_STEP][PASSED] - println("Number of Records: " + numOfRows): null

2022-05-16 12:34:43 - [TEST_STEP][PASSED] - dataFile = "QA/Bootstrap/VSP-Profile-TestData/AddModifyDeleteACH": null

2022-05-16 12:34:43 - [TEST_STEP][PASSED] - for ([row = 1, row <= numOfRows, (row++)]): Browser is closed

2022-05-16 12:34:43 - [TEST_STEP][PASSED] - ExecuteTC = findTestData(dataFile).getValue("Execute", row): null

2022-05-16 12:34:43 - [TEST_STEP][PASSED] - out.println("Value of Execute is : " + ExecuteTC): null

2022-05-16 12:34:43 - [TEST_STEP][PASSED] - switch (executionProfile): null

2022-05-16 12:34:43 - [TEST_STEP][PASSED] - case "DemoProfile":: null

2022-05-16 12:34:43 - [TEST_STEP][PASSED] - appName = findTestData(dataFile).getValue("AppNameDemo", row): null

2022-05-16 12:34:43 - [TEST_STEP][PASSED] - appID = findTestData(dataFile).getValue("AppIDDemo", row): null

2022-05-16 12:34:43 - [TEST_STEP][PASSED] - break: null

2022-05-16 12:34:43 - [TEST_STEP][PASSED] - if (ExecuteTC.equalsIgnoreCase("Y")): Browser is closed

2022-05-16 12:34:43 - [TEST_STEP][PASSED] - out.println("Begin Record Number: " + row): null

2022-05-16 12:34:43 - [TEST_STEP][PASSED] - today = new java.util.Date(): null

2022-05-16 12:34:43 - [TEST_STEP][PASSED] - println(today): null

2022-05-16 12:34:43 - [TEST_STEP][PASSED] - datText = today: null

2022-05-16 12:34:43 - [TEST_STEP][PASSED] - adminSuiteBootstrap.loginFunctionality.login_AdminSuite(): adminSuiteBootstrap.loginFunctionality.login_AdminSuite is PASSED

2022-05-16 12:34:43 - [MESSAGE][INFO] - Starting 'Chrome' driver

2022-05-16 12:34:43 - [MESSAGE][INFO] - User set preference: ['acceptInsecureCerts', 'true']

2022-05-16 12:34:43 - [MESSAGE][INFO] - Action delay is set to 0 milliseconds

2022-05-16 12:34:46 - [MESSAGE][PASSED] - Browser is opened with url: 'https://demo.velocitypayment.com/admin/imtiazdemo'

2022-05-16 12:34:46 - [MESSAGE][PASSED] - Current window maximized

2022-05-16 12:34:46 - [MESSAGE][PASSED] - Object 'Object Repository/Login_Page/Login_Username' is present

2022-05-16 12:34:47 - [MESSAGE][PASSED] - Text 'iahmed' is set on object 'Object Repository/Login_Page/Login_Username'

2022-05-16 12:34:47 - [MESSAGE][PASSED] - Text 'hello2222' is set on object 'Object Repository/Login_Page/Login_Password'

2022-05-16 12:34:52 - [MESSAGE][PASSED] - Object: 'Object Repository/Login_Page/Login_Submit' is clicked on

2022-05-16 12:34:52 - [MESSAGE][PASSED] - adminSuiteBootstrap.loginFunctionality.login_AdminSuite is PASSED

2022-05-16 12:34:52 - [TEST_STEP][PASSED] - click(findTestObject(path_Dashboard + appName)): Object: 'Object Repository/AdminSuiteBootstrap_Pages/Dashboard_Bootstrap/a_Access AutoNoCFtpDemo' is clicked on

2022-05-16 12:34:55 - [MESSAGE][PASSED] - Object: 'Object Repository/AdminSuiteBootstrap_Pages/Dashboard_Bootstrap/a_Access AutoNoCFtpDemo' is clicked on

2022-05-16 12:34:55 - [TEST_STEP][PASSED] - click(findTestObject(path_VT + "a_Create")): Object: 'Object Repository/AdminSuiteBootstrap_Pages/VT_Bootstrap/IssueTransactions/a_Create' is clicked on

2022-05-16 12:34:58 - [MESSAGE][PASSED] - Object: 'Object Repository/AdminSuiteBootstrap_Pages/VT_Bootstrap/IssueTransactions/a_Create' is clicked on

2022-05-16 12:34:58 - [TEST_STEP][PASSED] - vspBootstrap.CreateProfilePage.setDataONLYCreateProfile(row, dataFile): vspBootstrap.CreateProfilePage.setDataONLYCreateProfile is PASSED

2022-05-16 12:35:01 - [MESSAGE][PASSED] - Text '21054' is set on object 'Object Repository/AdminSuiteBootstrap_Pages/VSP_Bootstrap/CreateProfile/input_PostalCode'

2022-05-16 12:35:01 - [MESSAGE][PASSED] - Text 'AOSFM7ZGDvQA' is set on object 'Object Repository/AdminSuiteBootstrap_Pages/VSP_Bootstrap/CreateProfile/input_profileName'

2022-05-16 12:35:04 - [MESSAGE][PASSED] - Text 'Delta Corp' is set on object 'Object Repository/AdminSuiteBootstrap_Pages/VSP_Bootstrap/CreateProfile/input_CompanyName'

2022-05-16 12:35:05 - [MESSAGE][PASSED] - All options with label 'Mr.' are selected in object 'Object Repository/AdminSuiteBootstrap_Pages/VSP_Bootstrap/CreateProfile/select_Title'  using regular expression

2022-05-16 12:35:06 - [MESSAGE][PASSED] - Text 'Ross' is set on object 'Object Repository/AdminSuiteBootstrap_Pages/VSP_Bootstrap/CreateProfile/input_FirstName'

2022-05-16 12:35:07 - [MESSAGE][PASSED] - Text 'KT' is set on object 'Object Repository/AdminSuiteBootstrap_Pages/VSP_Bootstrap/CreateProfile/input_MiddleName'

2022-05-16 12:35:07 - [MESSAGE][PASSED] - Text 'Evan' is set on object 'Object Repository/AdminSuiteBootstrap_Pages/VSP_Bootstrap/CreateProfile/input_LastName'

2022-05-16 12:35:08 - [MESSAGE][PASSED] - All options with label 'Sr.' are selected in object 'Object Repository/AdminSuiteBootstrap_Pages/VSP_Bootstrap/CreateProfile/select_Suffix'  using regular expression

2022-05-16 12:35:09 - [MESSAGE][PASSED] - Text '256987 Nolm Ct' is set on object 'Object Repository/AdminSuiteBootstrap_Pages/VSP_Bootstrap/CreateProfile/input_address1'

2022-05-16 12:35:10 - [MESSAGE][PASSED] - Text 'Suite 678' is set on object 'Object Repository/AdminSuiteBootstrap_Pages/VSP_Bootstrap/CreateProfile/input_AddressLine2'

2022-05-16 12:35:10 - [MESSAGE][PASSED] - Text '1234' is set on object 'Object Repository/AdminSuiteBootstrap_Pages/VSP_Bootstrap/CreateProfile/input_PostalCodeExt'

2022-05-16 12:35:11 - [MESSAGE][PASSED] - Text 'iahmed@govolution.com' is set on object 'Object Repository/AdminSuiteBootstrap_Pages/VSP_Bootstrap/CreateProfile/input_EmaiAddress'

2022-05-16 12:35:12 - [MESSAGE][PASSED] - Text '240' is set on object 'Object Repository/AdminSuiteBootstrap_Pages/VSP_Bootstrap/CreateProfile/input_HomePhoneNumber_HomeAreaCode'

2022-05-16 12:35:12 - [MESSAGE][PASSED] - Text '628' is set on object 'Object Repository/AdminSuiteBootstrap_Pages/VSP_Bootstrap/CreateProfile/input_homePrefixNumber'

2022-05-16 12:35:13 - [MESSAGE][PASSED] - Text '0790' is set on object 'Object Repository/AdminSuiteBootstrap_Pages/VSP_Bootstrap/CreateProfile/input_homeSuffixNumber'

2022-05-16 12:35:14 - [MESSAGE][PASSED] - Text '240' is set on object 'Object Repository/AdminSuiteBootstrap_Pages/VSP_Bootstrap/CreateProfile/input_MobilePhoneNumber_mobileAreaCode'

2022-05-16 12:35:14 - [MESSAGE][PASSED] - Text '628' is set on object 'Object Repository/AdminSuiteBootstrap_Pages/VSP_Bootstrap/CreateProfile/input_mobilePrefixNumber'

2022-05-16 12:35:15 - [MESSAGE][PASSED] - Text '0791' is set on object 'Object Repository/AdminSuiteBootstrap_Pages/VSP_Bootstrap/CreateProfile/input_mobileSuffixNumber'

2022-05-16 12:35:16 - [MESSAGE][PASSED] - Text '410' is set on object 'Object Repository/AdminSuiteBootstrap_Pages/VSP_Bootstrap/CreateProfile/input_WorkPhoneNumber_workAreaCode'

2022-05-16 12:35:16 - [MESSAGE][PASSED] - Text '628' is set on object 'Object Repository/AdminSuiteBootstrap_Pages/VSP_Bootstrap/CreateProfile/input_workPrefixNumber'

2022-05-16 12:35:17 - [MESSAGE][PASSED] - Text '0792' is set on object 'Object Repository/AdminSuiteBootstrap_Pages/VSP_Bootstrap/CreateProfile/input_workSuffixNumber'

2022-05-16 12:35:18 - [MESSAGE][PASSED] - Text '123' is set on object 'Object Repository/AdminSuiteBootstrap_Pages/VSP_Bootstrap/CreateProfile/input_Ext_workExtension'

2022-05-16 12:35:18 - [MESSAGE][PASSED] - Text 'This Profile is for Add ACH' is set on object 'Object Repository/AdminSuiteBootstrap_Pages/VSP_Bootstrap/CreateProfile/textarea_NotesComments_note'

2022-05-16 12:35:18 - [MESSAGE][PASSED] - vspBootstrap.CreateProfilePage.setDataONLYCreateProfile is PASSED

2022-05-16 12:35:18 - [TEST_STEP][PASSED] - click(findTestObject(path_CreateProfile + "button_Save  Add ACH")): Object: 'Object Repository/AdminSuiteBootstrap_Pages/VSP_Bootstrap/CreateProfile/button_Save  Add ACH' is clicked on

2022-05-16 12:35:24 - [MESSAGE][PASSED] - Object: 'Object Repository/AdminSuiteBootstrap_Pages/VSP_Bootstrap/CreateProfile/button_Save  Add ACH' is clicked on

2022-05-16 12:35:24 - [TEST_STEP][PASSED] - verifyTextPresent("Profile successfully created", true): Text 'Profile successfully created' is present on page  using regular expression

2022-05-16 12:35:27 - [MESSAGE][PASSED] - Text 'Profile successfully created' is present on page  using regular expression

2022-05-16 12:35:27 - [TEST_STEP][PASSED] - vspBootstrap.AddACHPage.setDataAddACH(row, dataFile): vspBootstrap.AddACHPage.setDataAddACH is PASSED

2022-05-16 12:35:28 - [MESSAGE][PASSED] - Text '256072691' is set on object 'Object Repository/AdminSuiteBootstrap_Pages/VSP_Bootstrap/AddACH/input_routingTransitNumber'

2022-05-16 12:35:29 - [MESSAGE][PASSED] - All options with label 'Personal Checking' are selected in object 'Object Repository/AdminSuiteBootstrap_Pages/VSP_Bootstrap/AddACH/select_PaymentType'  using regular expression

2022-05-16 12:35:29 - [MESSAGE][PASSED] - Text 'Ross PC' is set on object 'Object Repository/AdminSuiteBootstrap_Pages/VSP_Bootstrap/AddACH/input_nickName'

2022-05-16 12:35:30 - [MESSAGE][PASSED] - Text '25872222' is set on object 'Object Repository/AdminSuiteBootstrap_Pages/VSP_Bootstrap/AddACH/input_accountNumber'

2022-05-16 12:35:35 - [MESSAGE][PASSED] - Object: 'Object Repository/AdminSuiteBootstrap_Pages/VSP_Bootstrap/AddACH/button_Create' is clicked on

2022-05-16 12:35:35 - [MESSAGE][PASSED] - vspBootstrap.AddACHPage.setDataAddACH is PASSED

2022-05-16 12:35:35 - [TEST_STEP][PASSED] - verifyTextPresent("Payment Method Created", true): Text 'Payment Method Created' is present on page  using regular expression

2022-05-16 12:35:36 - [MESSAGE][PASSED] - Text 'Payment Method Created' is present on page  using regular expression

2022-05-16 12:35:36 - [TEST_STEP][PASSED] - verifyTextPresent("Payment method creation successful", true): Text 'Payment method creation successful' is present on page  using regular expression

2022-05-16 12:35:36 - [MESSAGE][PASSED] - Text 'Payment method creation successful' is present on page  using regular expression

2022-05-16 12:35:36 - [TEST_STEP][PASSED] - click(findTestObject(path_ViewProfile + "a_Edit_ACH")): Object: 'Object Repository/AdminSuiteBootstrap_Pages/VSP_Bootstrap/View Profile/a_Edit_ACH' is clicked on

2022-05-16 12:35:40 - [MESSAGE][PASSED] - Object: 'Object Repository/AdminSuiteBootstrap_Pages/VSP_Bootstrap/View Profile/a_Edit_ACH' is clicked on

2022-05-16 12:35:40 - [TEST_STEP][PASSED] - nicknameMod = findTestData(dataFile).getValue("NicknameACHMod", row): null

2022-05-16 12:35:40 - [TEST_STEP][PASSED] - setText(findTestObject(path_ModifyACH + "input_nickName"), nicknameMod): Text 'Ross PC Mod' is set on object 'Object Repository/AdminSuiteBootstrap_Pages/VSP_Bootstrap/ModifyACH/input_nickName'

2022-05-16 12:35:43 - [MESSAGE][PASSED] - Text 'Ross PC Mod' is set on object 'Object Repository/AdminSuiteBootstrap_Pages/VSP_Bootstrap/ModifyACH/input_nickName'

2022-05-16 12:35:43 - [TEST_STEP][PASSED] - click(findTestObject(path_ModifyACH + "button_Modify")): Object: 'Object Repository/AdminSuiteBootstrap_Pages/VSP_Bootstrap/ModifyACH/button_Modify' is clicked on

2022-05-16 12:35:49 - [MESSAGE][PASSED] - Object: 'Object Repository/AdminSuiteBootstrap_Pages/VSP_Bootstrap/ModifyACH/button_Modify' is clicked on

2022-05-16 12:35:49 - [TEST_STEP][PASSED] - verifyTextPresent("Payment Method Modification", true): Text 'Payment Method Modification' is present on page  using regular expression

2022-05-16 12:35:50 - [MESSAGE][PASSED] - Text 'Payment Method Modification' is present on page  using regular expression

2022-05-16 12:35:50 - [TEST_STEP][PASSED] - verifyTextPresent("Payment method successfully modified", true): Text 'Payment method successfully modified' is present on page  using regular expression

2022-05-16 12:35:50 - [MESSAGE][PASSED] - Text 'Payment method successfully modified' is present on page  using regular expression

2022-05-16 12:35:50 - [TEST_STEP][PASSED] - verifyTextPresent(nicknameMod, true): Text 'Ross PC Mod' is present on page  using regular expression

2022-05-16 12:35:51 - [MESSAGE][PASSED] - Text 'Ross PC Mod' is present on page  using regular expression

2022-05-16 12:35:51 - [TEST_STEP][PASSED] - click(findTestObject(path_ViewProfile + "a_DeleteACH2")): Object: 'Object Repository/AdminSuiteBootstrap_Pages/VSP_Bootstrap/View Profile/a_DeleteACH2' is clicked on

2022-05-16 12:35:54 - [MESSAGE][PASSED] - Object: 'Object Repository/AdminSuiteBootstrap_Pages/VSP_Bootstrap/View Profile/a_DeleteACH2' is clicked on

2022-05-16 12:35:54 - [TEST_STEP][PASSED] - verifyTextPresent("Delete Bank Account Confirmation", true): Text 'Delete Bank Account Confirmation' is present on page  using regular expression

2022-05-16 12:35:55 - [MESSAGE][PASSED] - Text 'Delete Bank Account Confirmation' is present on page  using regular expression

2022-05-16 12:35:55 - [TEST_STEP][PASSED] - verifyTextPresent("This will delete the bank account. Are you sure you want to do this?", true): Text 'This will delete the bank account. Are you sure you want to do this?' is present on page  using regular expression

2022-05-16 12:35:55 - [MESSAGE][PASSED] - Text 'This will delete the bank account. Are you sure you want to do this?' is present on page  using regular expression

2022-05-16 12:35:55 - [TEST_STEP][PASSED] - click(findTestObject(path_ViewProfile + "button_DeleteACHConfirm")): Object: 'Object Repository/AdminSuiteBootstrap_Pages/VSP_Bootstrap/View Profile/button_DeleteACHConfirm' is clicked on

2022-05-16 12:36:01 - [MESSAGE][PASSED] - Object: 'Object Repository/AdminSuiteBootstrap_Pages/VSP_Bootstrap/View Profile/button_DeleteACHConfirm' is clicked on

2022-05-16 12:36:01 - [TEST_STEP][PASSED] - verifyTextPresent("Payment Method Deletion", true): Text 'Payment Method Deletion' is present on page  using regular expression

2022-05-16 12:36:01 - [MESSAGE][PASSED] - Text 'Payment Method Deletion' is present on page  using regular expression

2022-05-16 12:36:01 - [TEST_STEP][PASSED] - verifyTextPresent("Payment method was successfully deleted.", true): Text 'Payment method was successfully deleted.' is present on page  using regular expression

2022-05-16 12:36:01 - [MESSAGE][PASSED] - Text 'Payment method was successfully deleted.' is present on page  using regular expression

2022-05-16 12:36:01 - [TEST_STEP][PASSED] - click(findTestObject(path_ViewProfile + "a_Delete Profile")): Object: 'Object Repository/AdminSuiteBootstrap_Pages/VSP_Bootstrap/View Profile/a_Delete Profile' is clicked on

2022-05-16 12:36:04 - [MESSAGE][PASSED] - Object: 'Object Repository/AdminSuiteBootstrap_Pages/VSP_Bootstrap/View Profile/a_Delete Profile' is clicked on

2022-05-16 12:36:04 - [TEST_STEP][PASSED] - verifyTextPresent("This will delete all of the following information. Are you sure you want to do this?", true): Text 'This will delete all of the following information. Are you sure you want to do this?' is present on page  using regular expression

2022-05-16 12:36:05 - [MESSAGE][PASSED] - Text 'This will delete all of the following information. Are you sure you want to do this?' is present on page  using regular expression

2022-05-16 12:36:05 - [TEST_STEP][PASSED] - click(findTestObject(path_DeleteProfileConfirm + "button_Delete")): Object: 'Object Repository/AdminSuiteBootstrap_Pages/VSP_Bootstrap/DeleteProfileConfirm/button_Delete' is clicked on

2022-05-16 12:36:10 - [MESSAGE][PASSED] - Object: 'Object Repository/AdminSuiteBootstrap_Pages/VSP_Bootstrap/DeleteProfileConfirm/button_Delete' is clicked on

2022-05-16 12:36:10 - [TEST_STEP][PASSED] - verifyTextPresent("No Search String", true): Text 'No Search String' is present on page  using regular expression

2022-05-16 12:36:11 - [MESSAGE][PASSED] - Text 'No Search String' is present on page  using regular expression

2022-05-16 12:36:11 - [TEST_STEP][PASSED] - verifyTextPresent("You must provide a search string of at least 2 characters", true): Text 'You must provide a search string of at least 2 characters' is present on page  using regular expression

2022-05-16 12:36:11 - [MESSAGE][PASSED] - Text 'You must provide a search string of at least 2 characters' is present on page  using regular expression

2022-05-16 12:36:11 - [TEST_STEP][PASSED] - closeBrowser(): Browser is closed

2022-05-16 12:36:12 - [MESSAGE][PASSED] - Browser is closed

2022-05-16 12:36:12 - [TEST_STEP][PASSED] - ExecuteTC = findTestData(dataFile).getValue("Execute", row): null

2022-05-16 12:36:12 - [TEST_STEP][PASSED] - out.println("Value of Execute is : " + ExecuteTC): null

2022-05-16 12:36:12 - [TEST_STEP][PASSED] - switch (executionProfile): null

2022-05-16 12:36:12 - [TEST_STEP][PASSED] - case "DemoProfile":: null

2022-05-16 12:36:12 - [TEST_STEP][PASSED] - appName = findTestData(dataFile).getValue("AppNameDemo", row): null

2022-05-16 12:36:12 - [TEST_STEP][PASSED] - appID = findTestData(dataFile).getValue("AppIDDemo", row): null

2022-05-16 12:36:12 - [TEST_STEP][PASSED] - break: null

2022-05-16 12:36:12 - [TEST_STEP][PASSED] - if (ExecuteTC.equalsIgnoreCase("Y")): Browser is closed

2022-05-16 12:36:12 - [TEST_STEP][PASSED] - out.println("Begin Record Number: " + row): null

2022-05-16 12:36:12 - [TEST_STEP][PASSED] - today = new java.util.Date(): null

2022-05-16 12:36:12 - [TEST_STEP][PASSED] - println(today): null

2022-05-16 12:36:12 - [TEST_STEP][PASSED] - datText = today: null

2022-05-16 12:36:12 - [TEST_STEP][PASSED] - adminSuiteBootstrap.loginFunctionality.login_AdminSuite(): adminSuiteBootstrap.loginFunctionality.login_AdminSuite is PASSED

2022-05-16 12:36:12 - [MESSAGE][INFO] - Starting 'Chrome' driver

2022-05-16 12:36:12 - [MESSAGE][INFO] - User set preference: ['acceptInsecureCerts', 'true']

2022-05-16 12:36:12 - [MESSAGE][INFO] - Action delay is set to 0 milliseconds

2022-05-16 12:36:14 - [MESSAGE][PASSED] - Browser is opened with url: 'https://demo.velocitypayment.com/admin/imtiazdemo'

2022-05-16 12:36:15 - [MESSAGE][PASSED] - Current window maximized

2022-05-16 12:36:15 - [MESSAGE][PASSED] - Object 'Object Repository/Login_Page/Login_Username' is present

2022-05-16 12:36:16 - [MESSAGE][PASSED] - Text 'iahmed' is set on object 'Object Repository/Login_Page/Login_Username'

2022-05-16 12:36:16 - [MESSAGE][PASSED] - Text 'hello2222' is set on object 'Object Repository/Login_Page/Login_Password'

2022-05-16 12:36:19 - [MESSAGE][PASSED] - Object: 'Object Repository/Login_Page/Login_Submit' is clicked on

2022-05-16 12:36:19 - [MESSAGE][PASSED] - adminSuiteBootstrap.loginFunctionality.login_AdminSuite is PASSED

2022-05-16 12:36:19 - [TEST_STEP][PASSED] - click(findTestObject(path_Dashboard + appName)): Object: 'Object Repository/AdminSuiteBootstrap_Pages/Dashboard_Bootstrap/a_Access AutoNoCFtpDemo' is clicked on

2022-05-16 12:36:22 - [MESSAGE][PASSED] - Object: 'Object Repository/AdminSuiteBootstrap_Pages/Dashboard_Bootstrap/a_Access AutoNoCFtpDemo' is clicked on

2022-05-16 12:36:22 - [TEST_STEP][PASSED] - click(findTestObject(path_VT + "a_Create")): Object: 'Object Repository/AdminSuiteBootstrap_Pages/VT_Bootstrap/IssueTransactions/a_Create' is clicked on

2022-05-16 12:36:24 - [MESSAGE][PASSED] - Object: 'Object Repository/AdminSuiteBootstrap_Pages/VT_Bootstrap/IssueTransactions/a_Create' is clicked on

2022-05-16 12:36:24 - [TEST_STEP][PASSED] - vspBootstrap.CreateProfilePage.setDataONLYCreateProfile(row, dataFile): vspBootstrap.CreateProfilePage.setDataONLYCreateProfile is PASSED

2022-05-16 12:36:27 - [MESSAGE][PASSED] - Text '21054' is set on object 'Object Repository/AdminSuiteBootstrap_Pages/VSP_Bootstrap/CreateProfile/input_PostalCode'

2022-05-16 12:36:28 - [MESSAGE][PASSED] - Text 'dmjt0LeaAQM6' is set on object 'Object Repository/AdminSuiteBootstrap_Pages/VSP_Bootstrap/CreateProfile/input_profileName'

2022-05-16 12:36:30 - [MESSAGE][PASSED] - Text 'Delta Corp' is set on object 'Object Repository/AdminSuiteBootstrap_Pages/VSP_Bootstrap/CreateProfile/input_CompanyName'

2022-05-16 12:36:31 - [MESSAGE][PASSED] - All options with label 'Mr.' are selected in object 'Object Repository/AdminSuiteBootstrap_Pages/VSP_Bootstrap/CreateProfile/select_Title'  using regular expression

2022-05-16 12:36:32 - [MESSAGE][PASSED] - Text 'Ross' is set on object 'Object Repository/AdminSuiteBootstrap_Pages/VSP_Bootstrap/CreateProfile/input_FirstName'

2022-05-16 12:36:32 - [MESSAGE][PASSED] - Text 'KT' is set on object 'Object Repository/AdminSuiteBootstrap_Pages/VSP_Bootstrap/CreateProfile/input_MiddleName'

2022-05-16 12:36:33 - [MESSAGE][PASSED] - Text 'Evan' is set on object 'Object Repository/AdminSuiteBootstrap_Pages/VSP_Bootstrap/CreateProfile/input_LastName'

2022-05-16 12:36:34 - [MESSAGE][PASSED] - All options with label 'Sr.' are selected in object 'Object Repository/AdminSuiteBootstrap_Pages/VSP_Bootstrap/CreateProfile/select_Suffix'  using regular expression

2022-05-16 12:36:35 - [MESSAGE][PASSED] - Text '256987 Nolm Ct' is set on object 'Object Repository/AdminSuiteBootstrap_Pages/VSP_Bootstrap/CreateProfile/input_address1'

2022-05-16 12:36:35 - [MESSAGE][PASSED] - Text 'Suite 678' is set on object 'Object Repository/AdminSuiteBootstrap_Pages/VSP_Bootstrap/CreateProfile/input_AddressLine2'

2022-05-16 12:36:36 - [MESSAGE][PASSED] - Text '1234' is set on object 'Object Repository/AdminSuiteBootstrap_Pages/VSP_Bootstrap/CreateProfile/input_PostalCodeExt'

2022-05-16 12:36:37 - [MESSAGE][PASSED] - Text 'iahmed@govolution.com' is set on object 'Object Repository/AdminSuiteBootstrap_Pages/VSP_Bootstrap/CreateProfile/input_EmaiAddress'

2022-05-16 12:36:37 - [MESSAGE][PASSED] - Text '240' is set on object 'Object Repository/AdminSuiteBootstrap_Pages/VSP_Bootstrap/CreateProfile/input_HomePhoneNumber_HomeAreaCode'

2022-05-16 12:36:38 - [MESSAGE][PASSED] - Text '628' is set on object 'Object Repository/AdminSuiteBootstrap_Pages/VSP_Bootstrap/CreateProfile/input_homePrefixNumber'

2022-05-16 12:36:39 - [MESSAGE][PASSED] - Text '0790' is set on object 'Object Repository/AdminSuiteBootstrap_Pages/VSP_Bootstrap/CreateProfile/input_homeSuffixNumber'

2022-05-16 12:36:39 - [MESSAGE][PASSED] - Text '240' is set on object 'Object Repository/AdminSuiteBootstrap_Pages/VSP_Bootstrap/CreateProfile/input_MobilePhoneNumber_mobileAreaCode'

2022-05-16 12:36:40 - [MESSAGE][PASSED] - Text '628' is set on object 'Object Repository/AdminSuiteBootstrap_Pages/VSP_Bootstrap/CreateProfile/input_mobilePrefixNumber'

2022-05-16 12:36:41 - [MESSAGE][PASSED] - Text '0791' is set on object 'Object Repository/AdminSuiteBootstrap_Pages/VSP_Bootstrap/CreateProfile/input_mobileSuffixNumber'

2022-05-16 12:36:41 - [MESSAGE][PASSED] - Text '410' is set on object 'Object Repository/AdminSuiteBootstrap_Pages/VSP_Bootstrap/CreateProfile/input_WorkPhoneNumber_workAreaCode'

2022-05-16 12:36:42 - [MESSAGE][PASSED] - Text '628' is set on object 'Object Repository/AdminSuiteBootstrap_Pages/VSP_Bootstrap/CreateProfile/input_workPrefixNumber'

2022-05-16 12:36:43 - [MESSAGE][PASSED] - Text '0792' is set on object 'Object Repository/AdminSuiteBootstrap_Pages/VSP_Bootstrap/CreateProfile/input_workSuffixNumber'

2022-05-16 12:36:43 - [MESSAGE][PASSED] - Text '123' is set on object 'Object Repository/AdminSuiteBootstrap_Pages/VSP_Bootstrap/CreateProfile/input_Ext_workExtension'

2022-05-16 12:36:44 - [MESSAGE][PASSED] - Text 'This Profile is for Add ACH' is set on object 'Object Repository/AdminSuiteBootstrap_Pages/VSP_Bootstrap/CreateProfile/textarea_NotesComments_note'

2022-05-16 12:36:44 - [MESSAGE][PASSED] - vspBootstrap.CreateProfilePage.setDataONLYCreateProfile is PASSED

2022-05-16 12:36:44 - [TEST_STEP][PASSED] - click(findTestObject(path_CreateProfile + "button_Save  Add ACH")): Object: 'Object Repository/AdminSuiteBootstrap_Pages/VSP_Bootstrap/CreateProfile/button_Save  Add ACH' is clicked on

2022-05-16 12:36:50 - [MESSAGE][PASSED] - Object: 'Object Repository/AdminSuiteBootstrap_Pages/VSP_Bootstrap/CreateProfile/button_Save  Add ACH' is clicked on

2022-05-16 12:36:50 - [TEST_STEP][PASSED] - verifyTextPresent("Profile successfully created", true): Text 'Profile successfully created' is present on page  using regular expression

2022-05-16 12:36:52 - [MESSAGE][PASSED] - Text 'Profile successfully created' is present on page  using regular expression

2022-05-16 12:36:52 - [TEST_STEP][PASSED] - vspBootstrap.AddACHPage.setDataAddACH(row, dataFile): vspBootstrap.AddACHPage.setDataAddACH is PASSED

2022-05-16 12:36:53 - [MESSAGE][PASSED] - Text '256072691' is set on object 'Object Repository/AdminSuiteBootstrap_Pages/VSP_Bootstrap/AddACH/input_routingTransitNumber'

2022-05-16 12:36:54 - [MESSAGE][PASSED] - All options with label 'Personal Savings' are selected in object 'Object Repository/AdminSuiteBootstrap_Pages/VSP_Bootstrap/AddACH/select_PaymentType'  using regular expression

2022-05-16 12:36:54 - [MESSAGE][PASSED] - Text 'Ross PS' is set on object 'Object Repository/AdminSuiteBootstrap_Pages/VSP_Bootstrap/AddACH/input_nickName'

2022-05-16 12:36:55 - [MESSAGE][PASSED] - Text '25873333' is set on object 'Object Repository/AdminSuiteBootstrap_Pages/VSP_Bootstrap/AddACH/input_accountNumber'

2022-05-16 12:37:00 - [MESSAGE][PASSED] - Object: 'Object Repository/AdminSuiteBootstrap_Pages/VSP_Bootstrap/AddACH/button_Create' is clicked on

2022-05-16 12:37:00 - [MESSAGE][PASSED] - vspBootstrap.AddACHPage.setDataAddACH is PASSED

2022-05-16 12:37:00 - [TEST_STEP][PASSED] - verifyTextPresent("Payment Method Created", true): Text 'Payment Method Created' is present on page  using regular expression

2022-05-16 12:37:00 - [MESSAGE][PASSED] - Text 'Payment Method Created' is present on page  using regular expression

2022-05-16 12:37:00 - [TEST_STEP][PASSED] - verifyTextPresent("Payment method creation successful", true): Text 'Payment method creation successful' is present on page  using regular expression

2022-05-16 12:37:00 - [MESSAGE][PASSED] - Text 'Payment method creation successful' is present on page  using regular expression

2022-05-16 12:37:00 - [TEST_STEP][PASSED] - click(findTestObject(path_ViewProfile + "a_Edit_ACH")): Object: 'Object Repository/AdminSuiteBootstrap_Pages/VSP_Bootstrap/View Profile/a_Edit_ACH' is clicked on

2022-05-16 12:37:04 - [MESSAGE][PASSED] - Object: 'Object Repository/AdminSuiteBootstrap_Pages/VSP_Bootstrap/View Profile/a_Edit_ACH' is clicked on

2022-05-16 12:37:04 - [TEST_STEP][PASSED] - nicknameMod = findTestData(dataFile).getValue("NicknameACHMod", row): null

2022-05-16 12:37:04 - [TEST_STEP][PASSED] - setText(findTestObject(path_ModifyACH + "input_nickName"), nicknameMod): Text 'Ross PS Mod' is set on object 'Object Repository/AdminSuiteBootstrap_Pages/VSP_Bootstrap/ModifyACH/input_nickName'

2022-05-16 12:37:06 - [MESSAGE][PASSED] - Text 'Ross PS Mod' is set on object 'Object Repository/AdminSuiteBootstrap_Pages/VSP_Bootstrap/ModifyACH/input_nickName'

2022-05-16 12:37:06 - [TEST_STEP][PASSED] - click(findTestObject(path_ModifyACH + "button_Modify")): Object: 'Object Repository/AdminSuiteBootstrap_Pages/VSP_Bootstrap/ModifyACH/button_Modify' is clicked on

2022-05-16 12:37:13 - [MESSAGE][PASSED] - Object: 'Object Repository/AdminSuiteBootstrap_Pages/VSP_Bootstrap/ModifyACH/button_Modify' is clicked on

2022-05-16 12:37:13 - [TEST_STEP][PASSED] - verifyTextPresent("Payment Method Modification", true): Text 'Payment Method Modification' is present on page  using regular expression

2022-05-16 12:37:13 - [MESSAGE][PASSED] - Text 'Payment Method Modification' is present on page  using regular expression

2022-05-16 12:37:13 - [TEST_STEP][PASSED] - verifyTextPresent("Payment method successfully modified", true): Text 'Payment method successfully modified' is present on page  using regular expression

2022-05-16 12:37:13 - [MESSAGE][PASSED] - Text 'Payment method successfully modified' is present on page  using regular expression

2022-05-16 12:37:13 - [TEST_STEP][PASSED] - verifyTextPresent(nicknameMod, true): Text 'Ross PS Mod' is present on page  using regular expression

2022-05-16 12:37:14 - [MESSAGE][PASSED] - Text 'Ross PS Mod' is present on page  using regular expression

2022-05-16 12:37:14 - [TEST_STEP][PASSED] - click(findTestObject(path_ViewProfile + "a_DeleteACH2")): Object: 'Object Repository/AdminSuiteBootstrap_Pages/VSP_Bootstrap/View Profile/a_DeleteACH2' is clicked on

2022-05-16 12:37:17 - [MESSAGE][PASSED] - Object: 'Object Repository/AdminSuiteBootstrap_Pages/VSP_Bootstrap/View Profile/a_DeleteACH2' is clicked on

2022-05-16 12:37:17 - [TEST_STEP][PASSED] - verifyTextPresent("Delete Bank Account Confirmation", true): Text 'Delete Bank Account Confirmation' is present on page  using regular expression

2022-05-16 12:37:17 - [MESSAGE][PASSED] - Text 'Delete Bank Account Confirmation' is present on page  using regular expression

2022-05-16 12:37:17 - [TEST_STEP][PASSED] - verifyTextPresent("This will delete the bank account. Are you sure you want to do this?", true): Text 'This will delete the bank account. Are you sure you want to do this?' is present on page  using regular expression

2022-05-16 12:37:18 - [MESSAGE][PASSED] - Text 'This will delete the bank account. Are you sure you want to do this?' is present on page  using regular expression

2022-05-16 12:37:18 - [TEST_STEP][PASSED] - click(findTestObject(path_ViewProfile + "button_DeleteACHConfirm")): Object: 'Object Repository/AdminSuiteBootstrap_Pages/VSP_Bootstrap/View Profile/button_DeleteACHConfirm' is clicked on

2022-05-16 12:37:22 - [MESSAGE][PASSED] - Object: 'Object Repository/AdminSuiteBootstrap_Pages/VSP_Bootstrap/View Profile/button_DeleteACHConfirm' is clicked on

2022-05-16 12:37:22 - [TEST_STEP][PASSED] - verifyTextPresent("Payment Method Deletion", true): Text 'Payment Method Deletion' is present on page  using regular expression

2022-05-16 12:37:23 - [MESSAGE][PASSED] - Text 'Payment Method Deletion' is present on page  using regular expression

2022-05-16 12:37:23 - [TEST_STEP][PASSED] - verifyTextPresent("Payment method was successfully deleted.", true): Text 'Payment method was successfully deleted.' is present on page  using regular expression

2022-05-16 12:37:23 - [MESSAGE][PASSED] - Text 'Payment method was successfully deleted.' is present on page  using regular expression

2022-05-16 12:37:23 - [TEST_STEP][PASSED] - click(findTestObject(path_ViewProfile + "a_Delete Profile")): Object: 'Object Repository/AdminSuiteBootstrap_Pages/VSP_Bootstrap/View Profile/a_Delete Profile' is clicked on

2022-05-16 12:37:25 - [MESSAGE][PASSED] - Object: 'Object Repository/AdminSuiteBootstrap_Pages/VSP_Bootstrap/View Profile/a_Delete Profile' is clicked on

2022-05-16 12:37:25 - [TEST_STEP][PASSED] - verifyTextPresent("This will delete all of the following information. Are you sure you want to do this?", true): Text 'This will delete all of the following information. Are you sure you want to do this?' is present on page  using regular expression

2022-05-16 12:37:26 - [MESSAGE][PASSED] - Text 'This will delete all of the following information. Are you sure you want to do this?' is present on page  using regular expression

2022-05-16 12:37:26 - [TEST_STEP][PASSED] - click(findTestObject(path_DeleteProfileConfirm + "button_Delete")): Object: 'Object Repository/AdminSuiteBootstrap_Pages/VSP_Bootstrap/DeleteProfileConfirm/button_Delete' is clicked on

2022-05-16 12:37:30 - [MESSAGE][PASSED] - Object: 'Object Repository/AdminSuiteBootstrap_Pages/VSP_Bootstrap/DeleteProfileConfirm/button_Delete' is clicked on

2022-05-16 12:37:30 - [TEST_STEP][PASSED] - verifyTextPresent("No Search String", true): Text 'No Search String' is present on page  using regular expression

2022-05-16 12:37:30 - [MESSAGE][PASSED] - Text 'No Search String' is present on page  using regular expression

2022-05-16 12:37:30 - [TEST_STEP][PASSED] - verifyTextPresent("You must provide a search string of at least 2 characters", true): Text 'You must provide a search string of at least 2 characters' is present on page  using regular expression

2022-05-16 12:37:31 - [MESSAGE][PASSED] - Text 'You must provide a search string of at least 2 characters' is present on page  using regular expression

2022-05-16 12:37:31 - [TEST_STEP][PASSED] - closeBrowser(): Browser is closed

2022-05-16 12:37:32 - [MESSAGE][PASSED] - Browser is closed

2022-05-16 12:37:32 - [TEST_STEP][PASSED] - ExecuteTC = findTestData(dataFile).getValue("Execute", row): null

2022-05-16 12:37:32 - [TEST_STEP][PASSED] - out.println("Value of Execute is : " + ExecuteTC): null

2022-05-16 12:37:32 - [TEST_STEP][PASSED] - switch (executionProfile): null

2022-05-16 12:37:32 - [TEST_STEP][PASSED] - case "DemoProfile":: null

2022-05-16 12:37:32 - [TEST_STEP][PASSED] - appName = findTestData(dataFile).getValue("AppNameDemo", row): null

2022-05-16 12:37:32 - [TEST_STEP][PASSED] - appID = findTestData(dataFile).getValue("AppIDDemo", row): null

2022-05-16 12:37:32 - [TEST_STEP][PASSED] - break: null

2022-05-16 12:37:32 - [TEST_STEP][PASSED] - if (ExecuteTC.equalsIgnoreCase("Y")): Browser is closed

2022-05-16 12:37:32 - [TEST_STEP][PASSED] - out.println("Begin Record Number: " + row): null

2022-05-16 12:37:32 - [TEST_STEP][PASSED] - today = new java.util.Date(): null

2022-05-16 12:37:32 - [TEST_STEP][PASSED] - println(today): null

2022-05-16 12:37:32 - [TEST_STEP][PASSED] - datText = today: null

2022-05-16 12:37:32 - [TEST_STEP][PASSED] - adminSuiteBootstrap.loginFunctionality.login_AdminSuite(): adminSuiteBootstrap.loginFunctionality.login_AdminSuite is PASSED

2022-05-16 12:37:32 - [MESSAGE][INFO] - Starting 'Chrome' driver

2022-05-16 12:37:32 - [MESSAGE][INFO] - User set preference: ['acceptInsecureCerts', 'true']

2022-05-16 12:37:32 - [MESSAGE][INFO] - Action delay is set to 0 milliseconds

2022-05-16 12:37:34 - [MESSAGE][PASSED] - Browser is opened with url: 'https://demo.velocitypayment.com/admin/imtiazdemo'

2022-05-16 12:37:34 - [MESSAGE][PASSED] - Current window maximized

2022-05-16 12:37:34 - [MESSAGE][PASSED] - Object 'Object Repository/Login_Page/Login_Username' is present

2022-05-16 12:37:35 - [MESSAGE][PASSED] - Text 'iahmed' is set on object 'Object Repository/Login_Page/Login_Username'

2022-05-16 12:37:36 - [MESSAGE][PASSED] - Text 'hello2222' is set on object 'Object Repository/Login_Page/Login_Password'

2022-05-16 12:37:42 - [MESSAGE][PASSED] - Object: 'Object Repository/Login_Page/Login_Submit' is clicked on

2022-05-16 12:37:42 - [MESSAGE][PASSED] - adminSuiteBootstrap.loginFunctionality.login_AdminSuite is PASSED

2022-05-16 12:37:42 - [TEST_STEP][PASSED] - click(findTestObject(path_Dashboard + appName)): Object: 'Object Repository/AdminSuiteBootstrap_Pages/Dashboard_Bootstrap/a_Access AutoNoCFtpDemo' is clicked on

2022-05-16 12:37:45 - [MESSAGE][PASSED] - Object: 'Object Repository/AdminSuiteBootstrap_Pages/Dashboard_Bootstrap/a_Access AutoNoCFtpDemo' is clicked on

2022-05-16 12:37:45 - [TEST_STEP][PASSED] - click(findTestObject(path_VT + "a_Create")): Object: 'Object Repository/AdminSuiteBootstrap_Pages/VT_Bootstrap/IssueTransactions/a_Create' is clicked on

2022-05-16 12:37:48 - [MESSAGE][PASSED] - Object: 'Object Repository/AdminSuiteBootstrap_Pages/VT_Bootstrap/IssueTransactions/a_Create' is clicked on

2022-05-16 12:37:48 - [TEST_STEP][PASSED] - vspBootstrap.CreateProfilePage.setDataONLYCreateProfile(row, dataFile): vspBootstrap.CreateProfilePage.setDataONLYCreateProfile is PASSED

2022-05-16 12:37:51 - [MESSAGE][PASSED] - Text '21054' is set on object 'Object Repository/AdminSuiteBootstrap_Pages/VSP_Bootstrap/CreateProfile/input_PostalCode'

2022-05-16 12:37:52 - [MESSAGE][PASSED] - Text '2CEJuCCfWfU6' is set on object 'Object Repository/AdminSuiteBootstrap_Pages/VSP_Bootstrap/CreateProfile/input_profileName'

2022-05-16 12:37:54 - [MESSAGE][PASSED] - Text 'Delta Corp' is set on object 'Object Repository/AdminSuiteBootstrap_Pages/VSP_Bootstrap/CreateProfile/input_CompanyName'

2022-05-16 12:37:55 - [MESSAGE][PASSED] - All options with label 'Mr.' are selected in object 'Object Repository/AdminSuiteBootstrap_Pages/VSP_Bootstrap/CreateProfile/select_Title'  using regular expression

2022-05-16 12:37:56 - [MESSAGE][PASSED] - Text 'Ross' is set on object 'Object Repository/AdminSuiteBootstrap_Pages/VSP_Bootstrap/CreateProfile/input_FirstName'

2022-05-16 12:37:57 - [MESSAGE][PASSED] - Text 'KT' is set on object 'Object Repository/AdminSuiteBootstrap_Pages/VSP_Bootstrap/CreateProfile/input_MiddleName'

2022-05-16 12:37:57 - [MESSAGE][PASSED] - Text 'Evan' is set on object 'Object Repository/AdminSuiteBootstrap_Pages/VSP_Bootstrap/CreateProfile/input_LastName'

2022-05-16 12:37:58 - [MESSAGE][PASSED] - All options with label 'Sr.' are selected in object 'Object Repository/AdminSuiteBootstrap_Pages/VSP_Bootstrap/CreateProfile/select_Suffix'  using regular expression

2022-05-16 12:37:59 - [MESSAGE][PASSED] - Text '256987 Nolm Ct' is set on object 'Object Repository/AdminSuiteBootstrap_Pages/VSP_Bootstrap/CreateProfile/input_address1'

2022-05-16 12:38:00 - [MESSAGE][PASSED] - Text 'Suite 678' is set on object 'Object Repository/AdminSuiteBootstrap_Pages/VSP_Bootstrap/CreateProfile/input_AddressLine2'

2022-05-16 12:38:00 - [MESSAGE][PASSED] - Text '1234' is set on object 'Object Repository/AdminSuiteBootstrap_Pages/VSP_Bootstrap/CreateProfile/input_PostalCodeExt'

2022-05-16 12:38:01 - [MESSAGE][PASSED] - Text 'iahmed@govolution.com' is set on object 'Object Repository/AdminSuiteBootstrap_Pages/VSP_Bootstrap/CreateProfile/input_EmaiAddress'

2022-05-16 12:38:02 - [MESSAGE][PASSED] - Text '240' is set on object 'Object Repository/AdminSuiteBootstrap_Pages/VSP_Bootstrap/CreateProfile/input_HomePhoneNumber_HomeAreaCode'

2022-05-16 12:38:02 - [MESSAGE][PASSED] - Text '628' is set on object 'Object Repository/AdminSuiteBootstrap_Pages/VSP_Bootstrap/CreateProfile/input_homePrefixNumber'

2022-05-16 12:38:03 - [MESSAGE][PASSED] - Text '0790' is set on object 'Object Repository/AdminSuiteBootstrap_Pages/VSP_Bootstrap/CreateProfile/input_homeSuffixNumber'

2022-05-16 12:38:04 - [MESSAGE][PASSED] - Text '240' is set on object 'Object Repository/AdminSuiteBootstrap_Pages/VSP_Bootstrap/CreateProfile/input_MobilePhoneNumber_mobileAreaCode'

2022-05-16 12:38:04 - [MESSAGE][PASSED] - Text '628' is set on object 'Object Repository/AdminSuiteBootstrap_Pages/VSP_Bootstrap/CreateProfile/input_mobilePrefixNumber'

2022-05-16 12:38:05 - [MESSAGE][PASSED] - Text '0791' is set on object 'Object Repository/AdminSuiteBootstrap_Pages/VSP_Bootstrap/CreateProfile/input_mobileSuffixNumber'

2022-05-16 12:38:06 - [MESSAGE][PASSED] - Text '410' is set on object 'Object Repository/AdminSuiteBootstrap_Pages/VSP_Bootstrap/CreateProfile/input_WorkPhoneNumber_workAreaCode'

2022-05-16 12:38:06 - [MESSAGE][PASSED] - Text '628' is set on object 'Object Repository/AdminSuiteBootstrap_Pages/VSP_Bootstrap/CreateProfile/input_workPrefixNumber'

2022-05-16 12:38:07 - [MESSAGE][PASSED] - Text '0792' is set on object 'Object Repository/AdminSuiteBootstrap_Pages/VSP_Bootstrap/CreateProfile/input_workSuffixNumber'

2022-05-16 12:38:07 - [MESSAGE][PASSED] - Text '123' is set on object 'Object Repository/AdminSuiteBootstrap_Pages/VSP_Bootstrap/CreateProfile/input_Ext_workExtension'

2022-05-16 12:38:08 - [MESSAGE][PASSED] - Text 'This Profile is for Add ACH' is set on object 'Object Repository/AdminSuiteBootstrap_Pages/VSP_Bootstrap/CreateProfile/textarea_NotesComments_note'

2022-05-16 12:38:08 - [MESSAGE][PASSED] - vspBootstrap.CreateProfilePage.setDataONLYCreateProfile is PASSED

2022-05-16 12:38:08 - [TEST_STEP][PASSED] - click(findTestObject(path_CreateProfile + "button_Save  Add ACH")): Object: 'Object Repository/AdminSuiteBootstrap_Pages/VSP_Bootstrap/CreateProfile/button_Save  Add ACH' is clicked on

2022-05-16 12:38:13 - [MESSAGE][PASSED] - Object: 'Object Repository/AdminSuiteBootstrap_Pages/VSP_Bootstrap/CreateProfile/button_Save  Add ACH' is clicked on

2022-05-16 12:38:13 - [TEST_STEP][PASSED] - verifyTextPresent("Profile successfully created", true): Text 'Profile successfully created' is present on page  using regular expression

2022-05-16 12:38:16 - [MESSAGE][PASSED] - Text 'Profile successfully created' is present on page  using regular expression

2022-05-16 12:38:16 - [TEST_STEP][PASSED] - vspBootstrap.AddACHPage.setDataAddACH(row, dataFile): vspBootstrap.AddACHPage.setDataAddACH is PASSED

2022-05-16 12:38:17 - [MESSAGE][PASSED] - Text '256072691' is set on object 'Object Repository/AdminSuiteBootstrap_Pages/VSP_Bootstrap/AddACH/input_routingTransitNumber'

2022-05-16 12:38:18 - [MESSAGE][PASSED] - All options with label 'Business Checking' are selected in object 'Object Repository/AdminSuiteBootstrap_Pages/VSP_Bootstrap/AddACH/select_PaymentType'  using regular expression

2022-05-16 12:38:19 - [MESSAGE][PASSED] - Text 'Ross Corp' is set on object 'Object Repository/AdminSuiteBootstrap_Pages/VSP_Bootstrap/AddACH/input_nickName'

2022-05-16 12:38:19 - [MESSAGE][PASSED] - Text '25874444' is set on object 'Object Repository/AdminSuiteBootstrap_Pages/VSP_Bootstrap/AddACH/input_accountNumber'

2022-05-16 12:38:25 - [MESSAGE][PASSED] - Object: 'Object Repository/AdminSuiteBootstrap_Pages/VSP_Bootstrap/AddACH/button_Create' is clicked on

2022-05-16 12:38:25 - [MESSAGE][PASSED] - vspBootstrap.AddACHPage.setDataAddACH is PASSED

2022-05-16 12:38:25 - [TEST_STEP][PASSED] - verifyTextPresent("Payment Method Created", true): Text 'Payment Method Created' is present on page  using regular expression

2022-05-16 12:38:25 - [MESSAGE][PASSED] - Text 'Payment Method Created' is present on page  using regular expression

2022-05-16 12:38:25 - [TEST_STEP][PASSED] - verifyTextPresent("Payment method creation successful", true): Text 'Payment method creation successful' is present on page  using regular expression

2022-05-16 12:38:25 - [MESSAGE][PASSED] - Text 'Payment method creation successful' is present on page  using regular expression

2022-05-16 12:38:25 - [TEST_STEP][PASSED] - click(findTestObject(path_ViewProfile + "a_Edit_ACH")): Object: 'Object Repository/AdminSuiteBootstrap_Pages/VSP_Bootstrap/View Profile/a_Edit_ACH' is clicked on

2022-05-16 12:38:28 - [MESSAGE][PASSED] - Object: 'Object Repository/AdminSuiteBootstrap_Pages/VSP_Bootstrap/View Profile/a_Edit_ACH' is clicked on

2022-05-16 12:38:28 - [TEST_STEP][PASSED] - nicknameMod = findTestData(dataFile).getValue("NicknameACHMod", row): null

2022-05-16 12:38:29 - [TEST_STEP][PASSED] - setText(findTestObject(path_ModifyACH + "input_nickName"), nicknameMod): Text 'Ross Corp Mod' is set on object 'Object Repository/AdminSuiteBootstrap_Pages/VSP_Bootstrap/ModifyACH/input_nickName'

2022-05-16 12:38:32 - [MESSAGE][PASSED] - Text 'Ross Corp Mod' is set on object 'Object Repository/AdminSuiteBootstrap_Pages/VSP_Bootstrap/ModifyACH/input_nickName'

2022-05-16 12:38:32 - [TEST_STEP][PASSED] - click(findTestObject(path_ModifyACH + "button_Modify")): Object: 'Object Repository/AdminSuiteBootstrap_Pages/VSP_Bootstrap/ModifyACH/button_Modify' is clicked on

2022-05-16 12:38:37 - [MESSAGE][PASSED] - Object: 'Object Repository/AdminSuiteBootstrap_Pages/VSP_Bootstrap/ModifyACH/button_Modify' is clicked on

2022-05-16 12:38:37 - [TEST_STEP][PASSED] - verifyTextPresent("Payment Method Modification", true): Text 'Payment Method Modification' is present on page  using regular expression

2022-05-16 12:38:37 - [MESSAGE][PASSED] - Text 'Payment Method Modification' is present on page  using regular expression

2022-05-16 12:38:37 - [TEST_STEP][PASSED] - verifyTextPresent("Payment method successfully modified", true): Text 'Payment method successfully modified' is present on page  using regular expression

2022-05-16 12:38:38 - [MESSAGE][PASSED] - Text 'Payment method successfully modified' is present on page  using regular expression

2022-05-16 12:38:38 - [TEST_STEP][PASSED] - verifyTextPresent(nicknameMod, true): Text 'Ross Corp Mod' is present on page  using regular expression

2022-05-16 12:38:38 - [MESSAGE][PASSED] - Text 'Ross Corp Mod' is present on page  using regular expression

2022-05-16 12:38:38 - [TEST_STEP][PASSED] - click(findTestObject(path_ViewProfile + "a_DeleteACH2")): Object: 'Object Repository/AdminSuiteBootstrap_Pages/VSP_Bootstrap/View Profile/a_DeleteACH2' is clicked on

2022-05-16 12:38:41 - [MESSAGE][PASSED] - Object: 'Object Repository/AdminSuiteBootstrap_Pages/VSP_Bootstrap/View Profile/a_DeleteACH2' is clicked on

2022-05-16 12:38:41 - [TEST_STEP][PASSED] - verifyTextPresent("Delete Bank Account Confirmation", true): Text 'Delete Bank Account Confirmation' is present on page  using regular expression

2022-05-16 12:38:42 - [MESSAGE][PASSED] - Text 'Delete Bank Account Confirmation' is present on page  using regular expression

2022-05-16 12:38:42 - [TEST_STEP][PASSED] - verifyTextPresent("This will delete the bank account. Are you sure you want to do this?", true): Text 'This will delete the bank account. Are you sure you want to do this?' is present on page  using regular expression

2022-05-16 12:38:42 - [MESSAGE][PASSED] - Text 'This will delete the bank account. Are you sure you want to do this?' is present on page  using regular expression

2022-05-16 12:38:42 - [TEST_STEP][PASSED] - click(findTestObject(path_ViewProfile + "button_DeleteACHConfirm")): Object: 'Object Repository/AdminSuiteBootstrap_Pages/VSP_Bootstrap/View Profile/button_DeleteACHConfirm' is clicked on

2022-05-16 12:38:49 - [MESSAGE][PASSED] - Object: 'Object Repository/AdminSuiteBootstrap_Pages/VSP_Bootstrap/View Profile/button_DeleteACHConfirm' is clicked on

2022-05-16 12:38:49 - [TEST_STEP][PASSED] - verifyTextPresent("Payment Method Deletion", true): Text 'Payment Method Deletion' is present on page  using regular expression

2022-05-16 12:38:49 - [MESSAGE][PASSED] - Text 'Payment Method Deletion' is present on page  using regular expression

2022-05-16 12:38:49 - [TEST_STEP][PASSED] - verifyTextPresent("Payment method was successfully deleted.", true): Text 'Payment method was successfully deleted.' is present on page  using regular expression

2022-05-16 12:38:50 - [MESSAGE][PASSED] - Text 'Payment method was successfully deleted.' is present on page  using regular expression

2022-05-16 12:38:50 - [TEST_STEP][PASSED] - click(findTestObject(path_ViewProfile + "a_Delete Profile")): Object: 'Object Repository/AdminSuiteBootstrap_Pages/VSP_Bootstrap/View Profile/a_Delete Profile' is clicked on

2022-05-16 12:38:53 - [MESSAGE][PASSED] - Object: 'Object Repository/AdminSuiteBootstrap_Pages/VSP_Bootstrap/View Profile/a_Delete Profile' is clicked on

2022-05-16 12:38:53 - [TEST_STEP][PASSED] - verifyTextPresent("This will delete all of the following information. Are you sure you want to do this?", true): Text 'This will delete all of the following information. Are you sure you want to do this?' is present on page  using regular expression

2022-05-16 12:38:53 - [MESSAGE][PASSED] - Text 'This will delete all of the following information. Are you sure you want to do this?' is present on page  using regular expression

2022-05-16 12:38:53 - [TEST_STEP][PASSED] - click(findTestObject(path_DeleteProfileConfirm + "button_Delete")): Object: 'Object Repository/AdminSuiteBootstrap_Pages/VSP_Bootstrap/DeleteProfileConfirm/button_Delete' is clicked on

2022-05-16 12:38:58 - [MESSAGE][PASSED] - Object: 'Object Repository/AdminSuiteBootstrap_Pages/VSP_Bootstrap/DeleteProfileConfirm/button_Delete' is clicked on

2022-05-16 12:38:58 - [TEST_STEP][PASSED] - verifyTextPresent("No Search String", true): Text 'No Search String' is present on page  using regular expression

2022-05-16 12:38:59 - [MESSAGE][PASSED] - Text 'No Search String' is present on page  using regular expression

2022-05-16 12:38:59 - [TEST_STEP][PASSED] - verifyTextPresent("You must provide a search string of at least 2 characters", true): Text 'You must provide a search string of at least 2 characters' is present on page  using regular expression

2022-05-16 12:38:59 - [MESSAGE][PASSED] - Text 'You must provide a search string of at least 2 characters' is present on page  using regular expression

2022-05-16 12:38:59 - [TEST_STEP][PASSED] - closeBrowser(): Browser is closed

2022-05-16 12:39:00 - [MESSAGE][PASSED] - Browser is closed]]></system-out>
         <system-err><![CDATA[]]></system-err>
      </testcase>
      <testcase name="Test Cases/Admin Suite Bootstrap/VSP_Profile_TestCases/AddModifyDeleteACH2_Generic_TC" time="232.934" classname="Test Cases/Admin Suite Bootstrap/VSP_Profile_TestCases/AddModifyDeleteACH2_Generic_TC" status="PASSED">
         <system-out><![CDATA[2022-05-16 12:39:00 - [TEST_CASE][PASSED] - Test Cases/Admin Suite Bootstrap/VSP_Profile_TestCases/AddModifyDeleteACH2_Generic_TC: Test Cases/Admin Suite Bootstrap/VSP_Profile_TestCases/AddModifyDeleteACH2_Generic_TC

2022-05-16 12:39:00 - [TEST_STEP][PASSED] - path_Dashboard = "Object Repository/AdminSuiteBootstrap_Pages/Dashboard_Bootstrap/": null

2022-05-16 12:39:00 - [TEST_STEP][PASSED] - path_VT = "Object Repository/AdminSuiteBootstrap_Pages/VT_Bootstrap/IssueTransactions/": null

2022-05-16 12:39:00 - [TEST_STEP][PASSED] - path_CreateProfile = "Object Repository/AdminSuiteBootstrap_Pages/VSP_Bootstrap/CreateProfile/": null

2022-05-16 12:39:00 - [TEST_STEP][PASSED] - path_AddAccount = "Object Repository/AdminSuiteBootstrap_Pages/VSP_Bootstrap/AddAccount/": null

2022-05-16 12:39:00 - [TEST_STEP][PASSED] - path_Add_ACH = "Object Repository/AdminSuiteBootstrap_Pages/VSP_Bootstrap/AddACH/": null

2022-05-16 12:39:00 - [TEST_STEP][PASSED] - path_Add_CC = "Object Repository/AdminSuiteBootstrap_Pages/VSP_Bootstrap/AddCreditCard/": null

2022-05-16 12:39:00 - [TEST_STEP][PASSED] - path_App_Plan = "Object Repository/AdminSuiteBootstrap_Pages/VSP_Bootstrap/AddPaymentPlan/": null

2022-05-16 12:39:00 - [TEST_STEP][PASSED] - path_DeleteProfile = "Object Repository/AdminSuiteBootstrap_Pages/VSP_Bootstrap/DeleteProfile/": null

2022-05-16 12:39:00 - [TEST_STEP][PASSED] - path_ModifyProfile = "Object Repository/AdminSuiteBootstrap_Pages/VSP_Bootstrap/ModifyProfile/": null

2022-05-16 12:39:00 - [TEST_STEP][PASSED] - path_ViewProfile = "Object Repository/AdminSuiteBootstrap_Pages/VSP_Bootstrap/View Profile/": null

2022-05-16 12:39:00 - [TEST_STEP][PASSED] - path_VSPAuth = "Object Repository/AdminSuiteBootstrap_Pages/VSP_Bootstrap/VSP_Auth/": null

2022-05-16 12:39:00 - [TEST_STEP][PASSED] - path_VSPAuthCap = "Object Repository/AdminSuiteBootstrap_Pages/VSP_Bootstrap/VSP_Authcap/": null

2022-05-16 12:39:00 - [TEST_STEP][PASSED] - path_Debit = "Object Repository/AdminSuiteBootstrap_Pages/VSP_Bootstrap/VSP_Debit/": null

2022-05-16 12:39:00 - [TEST_STEP][PASSED] - path_DeleteProfileConfirm = "Object Repository/AdminSuiteBootstrap_Pages/VSP_Bootstrap/DeleteProfileConfirm/": null

2022-05-16 12:39:00 - [TEST_STEP][PASSED] - path_ModifyACH = "Object Repository/AdminSuiteBootstrap_Pages/VSP_Bootstrap/ModifyACH/": null

2022-05-16 12:39:00 - [TEST_STEP][PASSED] - executionProfile = getExecutionProfile(): null

2022-05-16 12:39:00 - [TEST_STEP][PASSED] - out.println("executionProfile : " + executionProfile): null

2022-05-16 12:39:00 - [TEST_STEP][PASSED] - appName = <not implemented yet for class: org.codehaus.groovy.ast.expr.EmptyExpression>: null

2022-05-16 12:39:00 - [TEST_STEP][PASSED] - appID = <not implemented yet for class: org.codehaus.groovy.ast.expr.EmptyExpression>: null

2022-05-16 12:39:00 - [TEST_STEP][PASSED] - cardNameV = <not implemented yet for class: org.codehaus.groovy.ast.expr.EmptyExpression>: null

2022-05-16 12:39:00 - [TEST_STEP][PASSED] - al1V = <not implemented yet for class: org.codehaus.groovy.ast.expr.EmptyExpression>: null

2022-05-16 12:39:00 - [TEST_STEP][PASSED] - al2V = <not implemented yet for class: org.codehaus.groovy.ast.expr.EmptyExpression>: null

2022-05-16 12:39:00 - [TEST_STEP][PASSED] - zipV = <not implemented yet for class: org.codehaus.groovy.ast.expr.EmptyExpression>: null

2022-05-16 12:39:00 - [TEST_STEP][PASSED] - cardTypeV = <not implemented yet for class: org.codehaus.groovy.ast.expr.EmptyExpression>: null

2022-05-16 12:39:00 - [TEST_STEP][PASSED] - last4V = <not implemented yet for class: org.codehaus.groovy.ast.expr.EmptyExpression>: null

2022-05-16 12:39:00 - [TEST_STEP][PASSED] - nameSheet = "AddModifyDeleteACH": null

2022-05-16 12:39:00 - [TEST_STEP][PASSED] - numOfRows = findTestData("QA/Bootstrap/VSP-Profile-TestData/AddModifyDeleteACH").getRowNumbers(): null

2022-05-16 12:39:00 - [TEST_STEP][PASSED] - println("Number of Records: " + numOfRows): null

2022-05-16 12:39:00 - [TEST_STEP][PASSED] - dataFile = "QA/Bootstrap/VSP-Profile-TestData/AddModifyDeleteACH": null

2022-05-16 12:39:00 - [TEST_STEP][PASSED] - for ([row = 1, row <= numOfRows, (row++)]): Browser is closed

2022-05-16 12:39:00 - [TEST_STEP][PASSED] - ExecuteTC = findTestData(dataFile).getValue("Execute", row): null

2022-05-16 12:39:00 - [TEST_STEP][PASSED] - out.println("Value of Execute is : " + ExecuteTC): null

2022-05-16 12:39:00 - [TEST_STEP][PASSED] - switch (executionProfile): null

2022-05-16 12:39:00 - [TEST_STEP][PASSED] - case "DemoProfile":: null

2022-05-16 12:39:00 - [TEST_STEP][PASSED] - appName = findTestData(dataFile).getValue("AppNameDemo", row): null

2022-05-16 12:39:00 - [TEST_STEP][PASSED] - appID = findTestData(dataFile).getValue("AppIDDemo", row): null

2022-05-16 12:39:01 - [TEST_STEP][PASSED] - break: null

2022-05-16 12:39:01 - [TEST_STEP][PASSED] - if (ExecuteTC.equalsIgnoreCase("Y")): Browser is closed

2022-05-16 12:39:01 - [TEST_STEP][PASSED] - out.println("Begin Record Number: " + row): null

2022-05-16 12:39:01 - [TEST_STEP][PASSED] - today = new java.util.Date(): null

2022-05-16 12:39:01 - [TEST_STEP][PASSED] - println(today): null

2022-05-16 12:39:01 - [TEST_STEP][PASSED] - datText = today: null

2022-05-16 12:39:01 - [TEST_STEP][PASSED] - adminSuiteBootstrap.loginFunctionality.login_AdminSuite(): adminSuiteBootstrap.loginFunctionality.login_AdminSuite is PASSED

2022-05-16 12:39:01 - [MESSAGE][INFO] - Starting 'Chrome' driver

2022-05-16 12:39:01 - [MESSAGE][INFO] - User set preference: ['acceptInsecureCerts', 'true']

2022-05-16 12:39:01 - [MESSAGE][INFO] - Action delay is set to 0 milliseconds

2022-05-16 12:39:03 - [MESSAGE][PASSED] - Browser is opened with url: 'https://demo.velocitypayment.com/admin/imtiazdemo'

2022-05-16 12:39:03 - [MESSAGE][PASSED] - Current window maximized

2022-05-16 12:39:04 - [MESSAGE][PASSED] - Object 'Object Repository/Login_Page/Login_Username' is present

2022-05-16 12:39:04 - [MESSAGE][PASSED] - Text 'iahmed' is set on object 'Object Repository/Login_Page/Login_Username'

2022-05-16 12:39:05 - [MESSAGE][PASSED] - Text 'hello2222' is set on object 'Object Repository/Login_Page/Login_Password'

2022-05-16 12:39:08 - [MESSAGE][PASSED] - Object: 'Object Repository/Login_Page/Login_Submit' is clicked on

2022-05-16 12:39:08 - [MESSAGE][PASSED] - adminSuiteBootstrap.loginFunctionality.login_AdminSuite is PASSED

2022-05-16 12:39:08 - [TEST_STEP][PASSED] - click(findTestObject(path_Dashboard + appName)): Object: 'Object Repository/AdminSuiteBootstrap_Pages/Dashboard_Bootstrap/a_Access AutoNoCFtpDemo' is clicked on

2022-05-16 12:39:11 - [MESSAGE][PASSED] - Object: 'Object Repository/AdminSuiteBootstrap_Pages/Dashboard_Bootstrap/a_Access AutoNoCFtpDemo' is clicked on

2022-05-16 12:39:11 - [TEST_STEP][PASSED] - click(findTestObject(path_VT + "a_Create")): Object: 'Object Repository/AdminSuiteBootstrap_Pages/VT_Bootstrap/IssueTransactions/a_Create' is clicked on

2022-05-16 12:39:13 - [MESSAGE][PASSED] - Object: 'Object Repository/AdminSuiteBootstrap_Pages/VT_Bootstrap/IssueTransactions/a_Create' is clicked on

2022-05-16 12:39:13 - [TEST_STEP][PASSED] - vspBootstrap.CreateProfilePage.setDataCreateProfile(row, dataFile): vspBootstrap.CreateProfilePage.setDataCreateProfile is PASSED

2022-05-16 12:39:15 - [MESSAGE][PASSED] - Text '21054' is set on object 'Object Repository/AdminSuiteBootstrap_Pages/VSP_Bootstrap/CreateProfile/input_PostalCode'

2022-05-16 12:39:16 - [MESSAGE][PASSED] - Text 'a082gn1dwmMT' is set on object 'Object Repository/AdminSuiteBootstrap_Pages/VSP_Bootstrap/CreateProfile/input_profileName'

2022-05-16 12:39:18 - [MESSAGE][PASSED] - Text 'Delta Corp' is set on object 'Object Repository/AdminSuiteBootstrap_Pages/VSP_Bootstrap/CreateProfile/input_CompanyName'

2022-05-16 12:39:19 - [MESSAGE][PASSED] - All options with label 'Mr.' are selected in object 'Object Repository/AdminSuiteBootstrap_Pages/VSP_Bootstrap/CreateProfile/select_Title'  using regular expression

2022-05-16 12:39:20 - [MESSAGE][PASSED] - Text 'Ross' is set on object 'Object Repository/AdminSuiteBootstrap_Pages/VSP_Bootstrap/CreateProfile/input_FirstName'

2022-05-16 12:39:21 - [MESSAGE][PASSED] - Text 'KT' is set on object 'Object Repository/AdminSuiteBootstrap_Pages/VSP_Bootstrap/CreateProfile/input_MiddleName'

2022-05-16 12:39:21 - [MESSAGE][PASSED] - Text 'Evan' is set on object 'Object Repository/AdminSuiteBootstrap_Pages/VSP_Bootstrap/CreateProfile/input_LastName'

2022-05-16 12:39:22 - [MESSAGE][PASSED] - All options with label 'Sr.' are selected in object 'Object Repository/AdminSuiteBootstrap_Pages/VSP_Bootstrap/CreateProfile/select_Suffix'  using regular expression

2022-05-16 12:39:23 - [MESSAGE][PASSED] - Text '256987 Nolm Ct' is set on object 'Object Repository/AdminSuiteBootstrap_Pages/VSP_Bootstrap/CreateProfile/input_address1'

2022-05-16 12:39:24 - [MESSAGE][PASSED] - Text 'Suite 678' is set on object 'Object Repository/AdminSuiteBootstrap_Pages/VSP_Bootstrap/CreateProfile/input_AddressLine2'

2022-05-16 12:39:24 - [MESSAGE][PASSED] - Text '1234' is set on object 'Object Repository/AdminSuiteBootstrap_Pages/VSP_Bootstrap/CreateProfile/input_PostalCodeExt'

2022-05-16 12:39:25 - [MESSAGE][PASSED] - Text 'iahmed@govolution.com' is set on object 'Object Repository/AdminSuiteBootstrap_Pages/VSP_Bootstrap/CreateProfile/input_EmaiAddress'

2022-05-16 12:39:26 - [MESSAGE][PASSED] - Text '240' is set on object 'Object Repository/AdminSuiteBootstrap_Pages/VSP_Bootstrap/CreateProfile/input_HomePhoneNumber_HomeAreaCode'

2022-05-16 12:39:26 - [MESSAGE][PASSED] - Text '628' is set on object 'Object Repository/AdminSuiteBootstrap_Pages/VSP_Bootstrap/CreateProfile/input_homePrefixNumber'

2022-05-16 12:39:27 - [MESSAGE][PASSED] - Text '0790' is set on object 'Object Repository/AdminSuiteBootstrap_Pages/VSP_Bootstrap/CreateProfile/input_homeSuffixNumber'

2022-05-16 12:39:28 - [MESSAGE][PASSED] - Text '240' is set on object 'Object Repository/AdminSuiteBootstrap_Pages/VSP_Bootstrap/CreateProfile/input_MobilePhoneNumber_mobileAreaCode'

2022-05-16 12:39:28 - [MESSAGE][PASSED] - Text '628' is set on object 'Object Repository/AdminSuiteBootstrap_Pages/VSP_Bootstrap/CreateProfile/input_mobilePrefixNumber'

2022-05-16 12:39:29 - [MESSAGE][PASSED] - Text '0791' is set on object 'Object Repository/AdminSuiteBootstrap_Pages/VSP_Bootstrap/CreateProfile/input_mobileSuffixNumber'

2022-05-16 12:39:30 - [MESSAGE][PASSED] - Text '410' is set on object 'Object Repository/AdminSuiteBootstrap_Pages/VSP_Bootstrap/CreateProfile/input_WorkPhoneNumber_workAreaCode'

2022-05-16 12:39:30 - [MESSAGE][PASSED] - Text '628' is set on object 'Object Repository/AdminSuiteBootstrap_Pages/VSP_Bootstrap/CreateProfile/input_workPrefixNumber'

2022-05-16 12:39:31 - [MESSAGE][PASSED] - Text '0792' is set on object 'Object Repository/AdminSuiteBootstrap_Pages/VSP_Bootstrap/CreateProfile/input_workSuffixNumber'

2022-05-16 12:39:32 - [MESSAGE][PASSED] - Text '123' is set on object 'Object Repository/AdminSuiteBootstrap_Pages/VSP_Bootstrap/CreateProfile/input_Ext_workExtension'

2022-05-16 12:39:32 - [MESSAGE][PASSED] - Text 'This Profile is for Add ACH' is set on object 'Object Repository/AdminSuiteBootstrap_Pages/VSP_Bootstrap/CreateProfile/textarea_NotesComments_note'

2022-05-16 12:39:36 - [MESSAGE][PASSED] - Object: 'Object Repository/AdminSuiteBootstrap_Pages/VSP_Bootstrap/CreateProfile/button_Save' is clicked on

2022-05-16 12:39:36 - [MESSAGE][PASSED] - vspBootstrap.CreateProfilePage.setDataCreateProfile is PASSED

2022-05-16 12:39:36 - [TEST_STEP][PASSED] - verifyTextPresent("Profile successfully created", true): Text 'Profile successfully created' is present on page  using regular expression

2022-05-16 12:39:37 - [MESSAGE][PASSED] - Text 'Profile successfully created' is present on page  using regular expression

2022-05-16 12:39:37 - [TEST_STEP][PASSED] - click(findTestObject(path_ViewProfile + "button_Add ACH")): Object: 'Object Repository/AdminSuiteBootstrap_Pages/VSP_Bootstrap/View Profile/button_Add ACH' is clicked on

2022-05-16 12:39:39 - [MESSAGE][PASSED] - Object: 'Object Repository/AdminSuiteBootstrap_Pages/VSP_Bootstrap/View Profile/button_Add ACH' is clicked on

2022-05-16 12:39:39 - [TEST_STEP][PASSED] - vspBootstrap.AddACHPage.setDataAddACH(row, dataFile): vspBootstrap.AddACHPage.setDataAddACH is PASSED

2022-05-16 12:39:42 - [MESSAGE][PASSED] - Text '256072691' is set on object 'Object Repository/AdminSuiteBootstrap_Pages/VSP_Bootstrap/AddACH/input_routingTransitNumber'

2022-05-16 12:39:43 - [MESSAGE][PASSED] - All options with label 'Personal Checking' are selected in object 'Object Repository/AdminSuiteBootstrap_Pages/VSP_Bootstrap/AddACH/select_PaymentType'  using regular expression

2022-05-16 12:39:43 - [MESSAGE][PASSED] - Text 'Ross PC' is set on object 'Object Repository/AdminSuiteBootstrap_Pages/VSP_Bootstrap/AddACH/input_nickName'

2022-05-16 12:39:44 - [MESSAGE][PASSED] - Text '25872222' is set on object 'Object Repository/AdminSuiteBootstrap_Pages/VSP_Bootstrap/AddACH/input_accountNumber'

2022-05-16 12:39:48 - [MESSAGE][PASSED] - Object: 'Object Repository/AdminSuiteBootstrap_Pages/VSP_Bootstrap/AddACH/button_Create' is clicked on

2022-05-16 12:39:48 - [MESSAGE][PASSED] - vspBootstrap.AddACHPage.setDataAddACH is PASSED

2022-05-16 12:39:48 - [TEST_STEP][PASSED] - verifyTextPresent("Payment Method Created", true): Text 'Payment Method Created' is present on page  using regular expression

2022-05-16 12:39:49 - [MESSAGE][PASSED] - Text 'Payment Method Created' is present on page  using regular expression

2022-05-16 12:39:49 - [TEST_STEP][PASSED] - verifyTextPresent("Payment method creation successful", true): Text 'Payment method creation successful' is present on page  using regular expression

2022-05-16 12:39:49 - [MESSAGE][PASSED] - Text 'Payment method creation successful' is present on page  using regular expression

2022-05-16 12:39:49 - [TEST_STEP][PASSED] - click(findTestObject(path_ViewProfile + "a_Edit_ACH")): Object: 'Object Repository/AdminSuiteBootstrap_Pages/VSP_Bootstrap/View Profile/a_Edit_ACH' is clicked on

2022-05-16 12:39:51 - [MESSAGE][PASSED] - Object: 'Object Repository/AdminSuiteBootstrap_Pages/VSP_Bootstrap/View Profile/a_Edit_ACH' is clicked on

2022-05-16 12:39:51 - [TEST_STEP][PASSED] - nicknameMod = findTestData(dataFile).getValue("NicknameACHMod", row): null

2022-05-16 12:39:51 - [TEST_STEP][PASSED] - setText(findTestObject(path_ModifyACH + "input_nickName"), nicknameMod): Text 'Ross PC Mod' is set on object 'Object Repository/AdminSuiteBootstrap_Pages/VSP_Bootstrap/ModifyACH/input_nickName'

2022-05-16 12:39:54 - [MESSAGE][PASSED] - Text 'Ross PC Mod' is set on object 'Object Repository/AdminSuiteBootstrap_Pages/VSP_Bootstrap/ModifyACH/input_nickName'

2022-05-16 12:39:54 - [TEST_STEP][PASSED] - click(findTestObject(path_ModifyACH + "button_Modify")): Object: 'Object Repository/AdminSuiteBootstrap_Pages/VSP_Bootstrap/ModifyACH/button_Modify' is clicked on

2022-05-16 12:39:58 - [MESSAGE][PASSED] - Object: 'Object Repository/AdminSuiteBootstrap_Pages/VSP_Bootstrap/ModifyACH/button_Modify' is clicked on

2022-05-16 12:39:58 - [TEST_STEP][PASSED] - verifyTextPresent("Payment Method Modification", true): Text 'Payment Method Modification' is present on page  using regular expression

2022-05-16 12:39:59 - [MESSAGE][PASSED] - Text 'Payment Method Modification' is present on page  using regular expression

2022-05-16 12:39:59 - [TEST_STEP][PASSED] - verifyTextPresent("Payment method successfully modified", true): Text 'Payment method successfully modified' is present on page  using regular expression

2022-05-16 12:39:59 - [MESSAGE][PASSED] - Text 'Payment method successfully modified' is present on page  using regular expression

2022-05-16 12:39:59 - [TEST_STEP][PASSED] - verifyTextPresent(nicknameMod, true): Text 'Ross PC Mod' is present on page  using regular expression

2022-05-16 12:39:59 - [MESSAGE][PASSED] - Text 'Ross PC Mod' is present on page  using regular expression

2022-05-16 12:39:59 - [TEST_STEP][PASSED] - click(findTestObject(path_ViewProfile + "a_DeleteACH2")): Object: 'Object Repository/AdminSuiteBootstrap_Pages/VSP_Bootstrap/View Profile/a_DeleteACH2' is clicked on

2022-05-16 12:40:02 - [MESSAGE][PASSED] - Object: 'Object Repository/AdminSuiteBootstrap_Pages/VSP_Bootstrap/View Profile/a_DeleteACH2' is clicked on

2022-05-16 12:40:02 - [TEST_STEP][PASSED] - verifyTextPresent("Delete Bank Account Confirmation", true): Text 'Delete Bank Account Confirmation' is present on page  using regular expression

2022-05-16 12:40:02 - [MESSAGE][PASSED] - Text 'Delete Bank Account Confirmation' is present on page  using regular expression

2022-05-16 12:40:02 - [TEST_STEP][PASSED] - verifyTextPresent("This will delete the bank account. Are you sure you want to do this?", true): Text 'This will delete the bank account. Are you sure you want to do this?' is present on page  using regular expression

2022-05-16 12:40:03 - [MESSAGE][PASSED] - Text 'This will delete the bank account. Are you sure you want to do this?' is present on page  using regular expression

2022-05-16 12:40:03 - [TEST_STEP][PASSED] - click(findTestObject(path_ViewProfile + "button_DeleteACHConfirm")): Object: 'Object Repository/AdminSuiteBootstrap_Pages/VSP_Bootstrap/View Profile/button_DeleteACHConfirm' is clicked on

2022-05-16 12:40:07 - [MESSAGE][PASSED] - Object: 'Object Repository/AdminSuiteBootstrap_Pages/VSP_Bootstrap/View Profile/button_DeleteACHConfirm' is clicked on

2022-05-16 12:40:07 - [TEST_STEP][PASSED] - verifyTextPresent("Payment Method Deletion", true): Text 'Payment Method Deletion' is present on page  using regular expression

2022-05-16 12:40:07 - [MESSAGE][PASSED] - Text 'Payment Method Deletion' is present on page  using regular expression

2022-05-16 12:40:07 - [TEST_STEP][PASSED] - verifyTextPresent("Payment method was successfully deleted.", true): Text 'Payment method was successfully deleted.' is present on page  using regular expression

2022-05-16 12:40:08 - [MESSAGE][PASSED] - Text 'Payment method was successfully deleted.' is present on page  using regular expression

2022-05-16 12:40:08 - [TEST_STEP][PASSED] - click(findTestObject(path_ViewProfile + "a_Delete Profile")): Object: 'Object Repository/AdminSuiteBootstrap_Pages/VSP_Bootstrap/View Profile/a_Delete Profile' is clicked on

2022-05-16 12:40:10 - [MESSAGE][PASSED] - Object: 'Object Repository/AdminSuiteBootstrap_Pages/VSP_Bootstrap/View Profile/a_Delete Profile' is clicked on

2022-05-16 12:40:10 - [TEST_STEP][PASSED] - verifyTextPresent("This will delete all of the following information. Are you sure you want to do this?", true): Text 'This will delete all of the following information. Are you sure you want to do this?' is present on page  using regular expression

2022-05-16 12:40:10 - [MESSAGE][PASSED] - Text 'This will delete all of the following information. Are you sure you want to do this?' is present on page  using regular expression

2022-05-16 12:40:10 - [TEST_STEP][PASSED] - click(findTestObject(path_DeleteProfileConfirm + "button_Delete")): Object: 'Object Repository/AdminSuiteBootstrap_Pages/VSP_Bootstrap/DeleteProfileConfirm/button_Delete' is clicked on

2022-05-16 12:40:15 - [MESSAGE][PASSED] - Object: 'Object Repository/AdminSuiteBootstrap_Pages/VSP_Bootstrap/DeleteProfileConfirm/button_Delete' is clicked on

2022-05-16 12:40:15 - [TEST_STEP][PASSED] - verifyTextPresent("No Search String", true): Text 'No Search String' is present on page  using regular expression

2022-05-16 12:40:15 - [MESSAGE][PASSED] - Text 'No Search String' is present on page  using regular expression

2022-05-16 12:40:15 - [TEST_STEP][PASSED] - verifyTextPresent("You must provide a search string of at least 2 characters", true): Text 'You must provide a search string of at least 2 characters' is present on page  using regular expression

2022-05-16 12:40:15 - [MESSAGE][PASSED] - Text 'You must provide a search string of at least 2 characters' is present on page  using regular expression

2022-05-16 12:40:15 - [TEST_STEP][PASSED] - closeBrowser(): Browser is closed

2022-05-16 12:40:16 - [MESSAGE][PASSED] - Browser is closed

2022-05-16 12:40:16 - [TEST_STEP][PASSED] - ExecuteTC = findTestData(dataFile).getValue("Execute", row): null

2022-05-16 12:40:16 - [TEST_STEP][PASSED] - out.println("Value of Execute is : " + ExecuteTC): null

2022-05-16 12:40:16 - [TEST_STEP][PASSED] - switch (executionProfile): null

2022-05-16 12:40:16 - [TEST_STEP][PASSED] - case "DemoProfile":: null

2022-05-16 12:40:16 - [TEST_STEP][PASSED] - appName = findTestData(dataFile).getValue("AppNameDemo", row): null

2022-05-16 12:40:16 - [TEST_STEP][PASSED] - appID = findTestData(dataFile).getValue("AppIDDemo", row): null

2022-05-16 12:40:16 - [TEST_STEP][PASSED] - break: null

2022-05-16 12:40:16 - [TEST_STEP][PASSED] - if (ExecuteTC.equalsIgnoreCase("Y")): Browser is closed

2022-05-16 12:40:16 - [TEST_STEP][PASSED] - out.println("Begin Record Number: " + row): null

2022-05-16 12:40:16 - [TEST_STEP][PASSED] - today = new java.util.Date(): null

2022-05-16 12:40:16 - [TEST_STEP][PASSED] - println(today): null

2022-05-16 12:40:16 - [TEST_STEP][PASSED] - datText = today: null

2022-05-16 12:40:16 - [TEST_STEP][PASSED] - adminSuiteBootstrap.loginFunctionality.login_AdminSuite(): adminSuiteBootstrap.loginFunctionality.login_AdminSuite is PASSED

2022-05-16 12:40:16 - [MESSAGE][INFO] - Starting 'Chrome' driver

2022-05-16 12:40:16 - [MESSAGE][INFO] - User set preference: ['acceptInsecureCerts', 'true']

2022-05-16 12:40:16 - [MESSAGE][INFO] - Action delay is set to 0 milliseconds

2022-05-16 12:40:19 - [MESSAGE][PASSED] - Browser is opened with url: 'https://demo.velocitypayment.com/admin/imtiazdemo'

2022-05-16 12:40:19 - [MESSAGE][PASSED] - Current window maximized

2022-05-16 12:40:19 - [MESSAGE][PASSED] - Object 'Object Repository/Login_Page/Login_Username' is present

2022-05-16 12:40:20 - [MESSAGE][PASSED] - Text 'iahmed' is set on object 'Object Repository/Login_Page/Login_Username'

2022-05-16 12:40:21 - [MESSAGE][PASSED] - Text 'hello2222' is set on object 'Object Repository/Login_Page/Login_Password'

2022-05-16 12:40:23 - [MESSAGE][PASSED] - Object: 'Object Repository/Login_Page/Login_Submit' is clicked on

2022-05-16 12:40:23 - [MESSAGE][PASSED] - adminSuiteBootstrap.loginFunctionality.login_AdminSuite is PASSED

2022-05-16 12:40:23 - [TEST_STEP][PASSED] - click(findTestObject(path_Dashboard + appName)): Object: 'Object Repository/AdminSuiteBootstrap_Pages/Dashboard_Bootstrap/a_Access AutoNoCFtpDemo' is clicked on

2022-05-16 12:40:26 - [MESSAGE][PASSED] - Object: 'Object Repository/AdminSuiteBootstrap_Pages/Dashboard_Bootstrap/a_Access AutoNoCFtpDemo' is clicked on

2022-05-16 12:40:26 - [TEST_STEP][PASSED] - click(findTestObject(path_VT + "a_Create")): Object: 'Object Repository/AdminSuiteBootstrap_Pages/VT_Bootstrap/IssueTransactions/a_Create' is clicked on

2022-05-16 12:40:28 - [MESSAGE][PASSED] - Object: 'Object Repository/AdminSuiteBootstrap_Pages/VT_Bootstrap/IssueTransactions/a_Create' is clicked on

2022-05-16 12:40:28 - [TEST_STEP][PASSED] - vspBootstrap.CreateProfilePage.setDataCreateProfile(row, dataFile): vspBootstrap.CreateProfilePage.setDataCreateProfile is PASSED

2022-05-16 12:40:30 - [MESSAGE][PASSED] - Text '21054' is set on object 'Object Repository/AdminSuiteBootstrap_Pages/VSP_Bootstrap/CreateProfile/input_PostalCode'

2022-05-16 12:40:31 - [MESSAGE][PASSED] - Text 'V09cd7mbi0Xq' is set on object 'Object Repository/AdminSuiteBootstrap_Pages/VSP_Bootstrap/CreateProfile/input_profileName'

2022-05-16 12:40:33 - [MESSAGE][PASSED] - Text 'Delta Corp' is set on object 'Object Repository/AdminSuiteBootstrap_Pages/VSP_Bootstrap/CreateProfile/input_CompanyName'

2022-05-16 12:40:34 - [MESSAGE][PASSED] - All options with label 'Mr.' are selected in object 'Object Repository/AdminSuiteBootstrap_Pages/VSP_Bootstrap/CreateProfile/select_Title'  using regular expression

2022-05-16 12:40:35 - [MESSAGE][PASSED] - Text 'Ross' is set on object 'Object Repository/AdminSuiteBootstrap_Pages/VSP_Bootstrap/CreateProfile/input_FirstName'

2022-05-16 12:40:35 - [MESSAGE][PASSED] - Text 'KT' is set on object 'Object Repository/AdminSuiteBootstrap_Pages/VSP_Bootstrap/CreateProfile/input_MiddleName'

2022-05-16 12:40:36 - [MESSAGE][PASSED] - Text 'Evan' is set on object 'Object Repository/AdminSuiteBootstrap_Pages/VSP_Bootstrap/CreateProfile/input_LastName'

2022-05-16 12:40:37 - [MESSAGE][PASSED] - All options with label 'Sr.' are selected in object 'Object Repository/AdminSuiteBootstrap_Pages/VSP_Bootstrap/CreateProfile/select_Suffix'  using regular expression

2022-05-16 12:40:38 - [MESSAGE][PASSED] - Text '256987 Nolm Ct' is set on object 'Object Repository/AdminSuiteBootstrap_Pages/VSP_Bootstrap/CreateProfile/input_address1'

2022-05-16 12:40:39 - [MESSAGE][PASSED] - Text 'Suite 678' is set on object 'Object Repository/AdminSuiteBootstrap_Pages/VSP_Bootstrap/CreateProfile/input_AddressLine2'

2022-05-16 12:40:39 - [MESSAGE][PASSED] - Text '1234' is set on object 'Object Repository/AdminSuiteBootstrap_Pages/VSP_Bootstrap/CreateProfile/input_PostalCodeExt'

2022-05-16 12:40:40 - [MESSAGE][PASSED] - Text 'iahmed@govolution.com' is set on object 'Object Repository/AdminSuiteBootstrap_Pages/VSP_Bootstrap/CreateProfile/input_EmaiAddress'

2022-05-16 12:40:41 - [MESSAGE][PASSED] - Text '240' is set on object 'Object Repository/AdminSuiteBootstrap_Pages/VSP_Bootstrap/CreateProfile/input_HomePhoneNumber_HomeAreaCode'

2022-05-16 12:40:41 - [MESSAGE][PASSED] - Text '628' is set on object 'Object Repository/AdminSuiteBootstrap_Pages/VSP_Bootstrap/CreateProfile/input_homePrefixNumber'

2022-05-16 12:40:42 - [MESSAGE][PASSED] - Text '0790' is set on object 'Object Repository/AdminSuiteBootstrap_Pages/VSP_Bootstrap/CreateProfile/input_homeSuffixNumber'

2022-05-16 12:40:43 - [MESSAGE][PASSED] - Text '240' is set on object 'Object Repository/AdminSuiteBootstrap_Pages/VSP_Bootstrap/CreateProfile/input_MobilePhoneNumber_mobileAreaCode'

2022-05-16 12:40:43 - [MESSAGE][PASSED] - Text '628' is set on object 'Object Repository/AdminSuiteBootstrap_Pages/VSP_Bootstrap/CreateProfile/input_mobilePrefixNumber'

2022-05-16 12:40:44 - [MESSAGE][PASSED] - Text '0791' is set on object 'Object Repository/AdminSuiteBootstrap_Pages/VSP_Bootstrap/CreateProfile/input_mobileSuffixNumber'

2022-05-16 12:40:45 - [MESSAGE][PASSED] - Text '410' is set on object 'Object Repository/AdminSuiteBootstrap_Pages/VSP_Bootstrap/CreateProfile/input_WorkPhoneNumber_workAreaCode'

2022-05-16 12:40:45 - [MESSAGE][PASSED] - Text '628' is set on object 'Object Repository/AdminSuiteBootstrap_Pages/VSP_Bootstrap/CreateProfile/input_workPrefixNumber'

2022-05-16 12:40:46 - [MESSAGE][PASSED] - Text '0792' is set on object 'Object Repository/AdminSuiteBootstrap_Pages/VSP_Bootstrap/CreateProfile/input_workSuffixNumber'

2022-05-16 12:40:47 - [MESSAGE][PASSED] - Text '123' is set on object 'Object Repository/AdminSuiteBootstrap_Pages/VSP_Bootstrap/CreateProfile/input_Ext_workExtension'

2022-05-16 12:40:47 - [MESSAGE][PASSED] - Text 'This Profile is for Add ACH' is set on object 'Object Repository/AdminSuiteBootstrap_Pages/VSP_Bootstrap/CreateProfile/textarea_NotesComments_note'

2022-05-16 12:40:52 - [MESSAGE][PASSED] - Object: 'Object Repository/AdminSuiteBootstrap_Pages/VSP_Bootstrap/CreateProfile/button_Save' is clicked on

2022-05-16 12:40:52 - [MESSAGE][PASSED] - vspBootstrap.CreateProfilePage.setDataCreateProfile is PASSED

2022-05-16 12:40:52 - [TEST_STEP][PASSED] - verifyTextPresent("Profile successfully created", true): Text 'Profile successfully created' is present on page  using regular expression

2022-05-16 12:40:53 - [MESSAGE][PASSED] - Text 'Profile successfully created' is present on page  using regular expression

2022-05-16 12:40:53 - [TEST_STEP][PASSED] - click(findTestObject(path_ViewProfile + "button_Add ACH")): Object: 'Object Repository/AdminSuiteBootstrap_Pages/VSP_Bootstrap/View Profile/button_Add ACH' is clicked on

2022-05-16 12:40:55 - [MESSAGE][PASSED] - Object: 'Object Repository/AdminSuiteBootstrap_Pages/VSP_Bootstrap/View Profile/button_Add ACH' is clicked on

2022-05-16 12:40:55 - [TEST_STEP][PASSED] - vspBootstrap.AddACHPage.setDataAddACH(row, dataFile): vspBootstrap.AddACHPage.setDataAddACH is PASSED

2022-05-16 12:40:57 - [MESSAGE][PASSED] - Text '256072691' is set on object 'Object Repository/AdminSuiteBootstrap_Pages/VSP_Bootstrap/AddACH/input_routingTransitNumber'

2022-05-16 12:40:58 - [MESSAGE][PASSED] - All options with label 'Personal Savings' are selected in object 'Object Repository/AdminSuiteBootstrap_Pages/VSP_Bootstrap/AddACH/select_PaymentType'  using regular expression

2022-05-16 12:40:59 - [MESSAGE][PASSED] - Text 'Ross PS' is set on object 'Object Repository/AdminSuiteBootstrap_Pages/VSP_Bootstrap/AddACH/input_nickName'

2022-05-16 12:40:59 - [MESSAGE][PASSED] - Text '25873333' is set on object 'Object Repository/AdminSuiteBootstrap_Pages/VSP_Bootstrap/AddACH/input_accountNumber'

2022-05-16 12:41:04 - [MESSAGE][PASSED] - Object: 'Object Repository/AdminSuiteBootstrap_Pages/VSP_Bootstrap/AddACH/button_Create' is clicked on

2022-05-16 12:41:04 - [MESSAGE][PASSED] - vspBootstrap.AddACHPage.setDataAddACH is PASSED

2022-05-16 12:41:04 - [TEST_STEP][PASSED] - verifyTextPresent("Payment Method Created", true): Text 'Payment Method Created' is present on page  using regular expression

2022-05-16 12:41:04 - [MESSAGE][PASSED] - Text 'Payment Method Created' is present on page  using regular expression

2022-05-16 12:41:04 - [TEST_STEP][PASSED] - verifyTextPresent("Payment method creation successful", true): Text 'Payment method creation successful' is present on page  using regular expression

2022-05-16 12:41:04 - [MESSAGE][PASSED] - Text 'Payment method creation successful' is present on page  using regular expression

2022-05-16 12:41:04 - [TEST_STEP][PASSED] - click(findTestObject(path_ViewProfile + "a_Edit_ACH")): Object: 'Object Repository/AdminSuiteBootstrap_Pages/VSP_Bootstrap/View Profile/a_Edit_ACH' is clicked on

2022-05-16 12:41:07 - [MESSAGE][PASSED] - Object: 'Object Repository/AdminSuiteBootstrap_Pages/VSP_Bootstrap/View Profile/a_Edit_ACH' is clicked on

2022-05-16 12:41:07 - [TEST_STEP][PASSED] - nicknameMod = findTestData(dataFile).getValue("NicknameACHMod", row): null

2022-05-16 12:41:07 - [TEST_STEP][PASSED] - setText(findTestObject(path_ModifyACH + "input_nickName"), nicknameMod): Text 'Ross PS Mod' is set on object 'Object Repository/AdminSuiteBootstrap_Pages/VSP_Bootstrap/ModifyACH/input_nickName'

2022-05-16 12:41:10 - [MESSAGE][PASSED] - Text 'Ross PS Mod' is set on object 'Object Repository/AdminSuiteBootstrap_Pages/VSP_Bootstrap/ModifyACH/input_nickName'

2022-05-16 12:41:10 - [TEST_STEP][PASSED] - click(findTestObject(path_ModifyACH + "button_Modify")): Object: 'Object Repository/AdminSuiteBootstrap_Pages/VSP_Bootstrap/ModifyACH/button_Modify' is clicked on

2022-05-16 12:41:14 - [MESSAGE][PASSED] - Object: 'Object Repository/AdminSuiteBootstrap_Pages/VSP_Bootstrap/ModifyACH/button_Modify' is clicked on

2022-05-16 12:41:14 - [TEST_STEP][PASSED] - verifyTextPresent("Payment Method Modification", true): Text 'Payment Method Modification' is present on page  using regular expression

2022-05-16 12:41:15 - [MESSAGE][PASSED] - Text 'Payment Method Modification' is present on page  using regular expression

2022-05-16 12:41:15 - [TEST_STEP][PASSED] - verifyTextPresent("Payment method successfully modified", true): Text 'Payment method successfully modified' is present on page  using regular expression

2022-05-16 12:41:15 - [MESSAGE][PASSED] - Text 'Payment method successfully modified' is present on page  using regular expression

2022-05-16 12:41:15 - [TEST_STEP][PASSED] - verifyTextPresent(nicknameMod, true): Text 'Ross PS Mod' is present on page  using regular expression

2022-05-16 12:41:15 - [MESSAGE][PASSED] - Text 'Ross PS Mod' is present on page  using regular expression

2022-05-16 12:41:15 - [TEST_STEP][PASSED] - click(findTestObject(path_ViewProfile + "a_DeleteACH2")): Object: 'Object Repository/AdminSuiteBootstrap_Pages/VSP_Bootstrap/View Profile/a_DeleteACH2' is clicked on

2022-05-16 12:41:18 - [MESSAGE][PASSED] - Object: 'Object Repository/AdminSuiteBootstrap_Pages/VSP_Bootstrap/View Profile/a_DeleteACH2' is clicked on

2022-05-16 12:41:18 - [TEST_STEP][PASSED] - verifyTextPresent("Delete Bank Account Confirmation", true): Text 'Delete Bank Account Confirmation' is present on page  using regular expression

2022-05-16 12:41:18 - [MESSAGE][PASSED] - Text 'Delete Bank Account Confirmation' is present on page  using regular expression

2022-05-16 12:41:18 - [TEST_STEP][PASSED] - verifyTextPresent("This will delete the bank account. Are you sure you want to do this?", true): Text 'This will delete the bank account. Are you sure you want to do this?' is present on page  using regular expression

2022-05-16 12:41:19 - [MESSAGE][PASSED] - Text 'This will delete the bank account. Are you sure you want to do this?' is present on page  using regular expression

2022-05-16 12:41:19 - [TEST_STEP][PASSED] - click(findTestObject(path_ViewProfile + "button_DeleteACHConfirm")): Object: 'Object Repository/AdminSuiteBootstrap_Pages/VSP_Bootstrap/View Profile/button_DeleteACHConfirm' is clicked on

2022-05-16 12:41:23 - [MESSAGE][PASSED] - Object: 'Object Repository/AdminSuiteBootstrap_Pages/VSP_Bootstrap/View Profile/button_DeleteACHConfirm' is clicked on

2022-05-16 12:41:23 - [TEST_STEP][PASSED] - verifyTextPresent("Payment Method Deletion", true): Text 'Payment Method Deletion' is present on page  using regular expression

2022-05-16 12:41:23 - [MESSAGE][PASSED] - Text 'Payment Method Deletion' is present on page  using regular expression

2022-05-16 12:41:23 - [TEST_STEP][PASSED] - verifyTextPresent("Payment method was successfully deleted.", true): Text 'Payment method was successfully deleted.' is present on page  using regular expression

2022-05-16 12:41:24 - [MESSAGE][PASSED] - Text 'Payment method was successfully deleted.' is present on page  using regular expression

2022-05-16 12:41:24 - [TEST_STEP][PASSED] - click(findTestObject(path_ViewProfile + "a_Delete Profile")): Object: 'Object Repository/AdminSuiteBootstrap_Pages/VSP_Bootstrap/View Profile/a_Delete Profile' is clicked on

2022-05-16 12:41:26 - [MESSAGE][PASSED] - Object: 'Object Repository/AdminSuiteBootstrap_Pages/VSP_Bootstrap/View Profile/a_Delete Profile' is clicked on

2022-05-16 12:41:26 - [TEST_STEP][PASSED] - verifyTextPresent("This will delete all of the following information. Are you sure you want to do this?", true): Text 'This will delete all of the following information. Are you sure you want to do this?' is present on page  using regular expression

2022-05-16 12:41:26 - [MESSAGE][PASSED] - Text 'This will delete all of the following information. Are you sure you want to do this?' is present on page  using regular expression

2022-05-16 12:41:26 - [TEST_STEP][PASSED] - click(findTestObject(path_DeleteProfileConfirm + "button_Delete")): Object: 'Object Repository/AdminSuiteBootstrap_Pages/VSP_Bootstrap/DeleteProfileConfirm/button_Delete' is clicked on

2022-05-16 12:41:30 - [MESSAGE][PASSED] - Object: 'Object Repository/AdminSuiteBootstrap_Pages/VSP_Bootstrap/DeleteProfileConfirm/button_Delete' is clicked on

2022-05-16 12:41:30 - [TEST_STEP][PASSED] - verifyTextPresent("No Search String", true): Text 'No Search String' is present on page  using regular expression

2022-05-16 12:41:31 - [MESSAGE][PASSED] - Text 'No Search String' is present on page  using regular expression

2022-05-16 12:41:31 - [TEST_STEP][PASSED] - verifyTextPresent("You must provide a search string of at least 2 characters", true): Text 'You must provide a search string of at least 2 characters' is present on page  using regular expression

2022-05-16 12:41:31 - [MESSAGE][PASSED] - Text 'You must provide a search string of at least 2 characters' is present on page  using regular expression

2022-05-16 12:41:31 - [TEST_STEP][PASSED] - closeBrowser(): Browser is closed

2022-05-16 12:41:32 - [MESSAGE][PASSED] - Browser is closed

2022-05-16 12:41:32 - [TEST_STEP][PASSED] - ExecuteTC = findTestData(dataFile).getValue("Execute", row): null

2022-05-16 12:41:32 - [TEST_STEP][PASSED] - out.println("Value of Execute is : " + ExecuteTC): null

2022-05-16 12:41:32 - [TEST_STEP][PASSED] - switch (executionProfile): null

2022-05-16 12:41:32 - [TEST_STEP][PASSED] - case "DemoProfile":: null

2022-05-16 12:41:32 - [TEST_STEP][PASSED] - appName = findTestData(dataFile).getValue("AppNameDemo", row): null

2022-05-16 12:41:32 - [TEST_STEP][PASSED] - appID = findTestData(dataFile).getValue("AppIDDemo", row): null

2022-05-16 12:41:32 - [TEST_STEP][PASSED] - break: null

2022-05-16 12:41:32 - [TEST_STEP][PASSED] - if (ExecuteTC.equalsIgnoreCase("Y")): Browser is closed

2022-05-16 12:41:32 - [TEST_STEP][PASSED] - out.println("Begin Record Number: " + row): null

2022-05-16 12:41:32 - [TEST_STEP][PASSED] - today = new java.util.Date(): null

2022-05-16 12:41:32 - [TEST_STEP][PASSED] - println(today): null

2022-05-16 12:41:32 - [TEST_STEP][PASSED] - datText = today: null

2022-05-16 12:41:32 - [TEST_STEP][PASSED] - adminSuiteBootstrap.loginFunctionality.login_AdminSuite(): adminSuiteBootstrap.loginFunctionality.login_AdminSuite is PASSED

2022-05-16 12:41:32 - [MESSAGE][INFO] - Starting 'Chrome' driver

2022-05-16 12:41:32 - [MESSAGE][INFO] - User set preference: ['acceptInsecureCerts', 'true']

2022-05-16 12:41:32 - [MESSAGE][INFO] - Action delay is set to 0 milliseconds

2022-05-16 12:41:36 - [MESSAGE][PASSED] - Browser is opened with url: 'https://demo.velocitypayment.com/admin/imtiazdemo'

2022-05-16 12:41:36 - [MESSAGE][PASSED] - Current window maximized

2022-05-16 12:41:37 - [MESSAGE][PASSED] - Object 'Object Repository/Login_Page/Login_Username' is present

2022-05-16 12:41:38 - [MESSAGE][PASSED] - Text 'iahmed' is set on object 'Object Repository/Login_Page/Login_Username'

2022-05-16 12:41:38 - [MESSAGE][PASSED] - Text 'hello2222' is set on object 'Object Repository/Login_Page/Login_Password'

2022-05-16 12:41:41 - [MESSAGE][PASSED] - Object: 'Object Repository/Login_Page/Login_Submit' is clicked on

2022-05-16 12:41:41 - [MESSAGE][PASSED] - adminSuiteBootstrap.loginFunctionality.login_AdminSuite is PASSED

2022-05-16 12:41:41 - [TEST_STEP][PASSED] - click(findTestObject(path_Dashboard + appName)): Object: 'Object Repository/AdminSuiteBootstrap_Pages/Dashboard_Bootstrap/a_Access AutoNoCFtpDemo' is clicked on

2022-05-16 12:41:43 - [MESSAGE][PASSED] - Object: 'Object Repository/AdminSuiteBootstrap_Pages/Dashboard_Bootstrap/a_Access AutoNoCFtpDemo' is clicked on

2022-05-16 12:41:43 - [TEST_STEP][PASSED] - click(findTestObject(path_VT + "a_Create")): Object: 'Object Repository/AdminSuiteBootstrap_Pages/VT_Bootstrap/IssueTransactions/a_Create' is clicked on

2022-05-16 12:41:46 - [MESSAGE][PASSED] - Object: 'Object Repository/AdminSuiteBootstrap_Pages/VT_Bootstrap/IssueTransactions/a_Create' is clicked on

2022-05-16 12:41:46 - [TEST_STEP][PASSED] - vspBootstrap.CreateProfilePage.setDataCreateProfile(row, dataFile): vspBootstrap.CreateProfilePage.setDataCreateProfile is PASSED

2022-05-16 12:41:48 - [MESSAGE][PASSED] - Text '21054' is set on object 'Object Repository/AdminSuiteBootstrap_Pages/VSP_Bootstrap/CreateProfile/input_PostalCode'

2022-05-16 12:41:48 - [MESSAGE][PASSED] - Text 'xEo53mc607A5' is set on object 'Object Repository/AdminSuiteBootstrap_Pages/VSP_Bootstrap/CreateProfile/input_profileName'

2022-05-16 12:41:51 - [MESSAGE][PASSED] - Text 'Delta Corp' is set on object 'Object Repository/AdminSuiteBootstrap_Pages/VSP_Bootstrap/CreateProfile/input_CompanyName'

2022-05-16 12:41:52 - [MESSAGE][PASSED] - All options with label 'Mr.' are selected in object 'Object Repository/AdminSuiteBootstrap_Pages/VSP_Bootstrap/CreateProfile/select_Title'  using regular expression

2022-05-16 12:41:52 - [MESSAGE][PASSED] - Text 'Ross' is set on object 'Object Repository/AdminSuiteBootstrap_Pages/VSP_Bootstrap/CreateProfile/input_FirstName'

2022-05-16 12:41:53 - [MESSAGE][PASSED] - Text 'KT' is set on object 'Object Repository/AdminSuiteBootstrap_Pages/VSP_Bootstrap/CreateProfile/input_MiddleName'

2022-05-16 12:41:54 - [MESSAGE][PASSED] - Text 'Evan' is set on object 'Object Repository/AdminSuiteBootstrap_Pages/VSP_Bootstrap/CreateProfile/input_LastName'

2022-05-16 12:41:55 - [MESSAGE][PASSED] - All options with label 'Sr.' are selected in object 'Object Repository/AdminSuiteBootstrap_Pages/VSP_Bootstrap/CreateProfile/select_Suffix'  using regular expression

2022-05-16 12:41:55 - [MESSAGE][PASSED] - Text '256987 Nolm Ct' is set on object 'Object Repository/AdminSuiteBootstrap_Pages/VSP_Bootstrap/CreateProfile/input_address1'

2022-05-16 12:41:56 - [MESSAGE][PASSED] - Text 'Suite 678' is set on object 'Object Repository/AdminSuiteBootstrap_Pages/VSP_Bootstrap/CreateProfile/input_AddressLine2'

2022-05-16 12:41:57 - [MESSAGE][PASSED] - Text '1234' is set on object 'Object Repository/AdminSuiteBootstrap_Pages/VSP_Bootstrap/CreateProfile/input_PostalCodeExt'

2022-05-16 12:41:57 - [MESSAGE][PASSED] - Text 'iahmed@govolution.com' is set on object 'Object Repository/AdminSuiteBootstrap_Pages/VSP_Bootstrap/CreateProfile/input_EmaiAddress'

2022-05-16 12:41:58 - [MESSAGE][PASSED] - Text '240' is set on object 'Object Repository/AdminSuiteBootstrap_Pages/VSP_Bootstrap/CreateProfile/input_HomePhoneNumber_HomeAreaCode'

2022-05-16 12:41:59 - [MESSAGE][PASSED] - Text '628' is set on object 'Object Repository/AdminSuiteBootstrap_Pages/VSP_Bootstrap/CreateProfile/input_homePrefixNumber'

2022-05-16 12:41:59 - [MESSAGE][PASSED] - Text '0790' is set on object 'Object Repository/AdminSuiteBootstrap_Pages/VSP_Bootstrap/CreateProfile/input_homeSuffixNumber'

2022-05-16 12:42:00 - [MESSAGE][PASSED] - Text '240' is set on object 'Object Repository/AdminSuiteBootstrap_Pages/VSP_Bootstrap/CreateProfile/input_MobilePhoneNumber_mobileAreaCode'

2022-05-16 12:42:01 - [MESSAGE][PASSED] - Text '628' is set on object 'Object Repository/AdminSuiteBootstrap_Pages/VSP_Bootstrap/CreateProfile/input_mobilePrefixNumber'

2022-05-16 12:42:01 - [MESSAGE][PASSED] - Text '0791' is set on object 'Object Repository/AdminSuiteBootstrap_Pages/VSP_Bootstrap/CreateProfile/input_mobileSuffixNumber'

2022-05-16 12:42:02 - [MESSAGE][PASSED] - Text '410' is set on object 'Object Repository/AdminSuiteBootstrap_Pages/VSP_Bootstrap/CreateProfile/input_WorkPhoneNumber_workAreaCode'

2022-05-16 12:42:03 - [MESSAGE][PASSED] - Text '628' is set on object 'Object Repository/AdminSuiteBootstrap_Pages/VSP_Bootstrap/CreateProfile/input_workPrefixNumber'

2022-05-16 12:42:03 - [MESSAGE][PASSED] - Text '0792' is set on object 'Object Repository/AdminSuiteBootstrap_Pages/VSP_Bootstrap/CreateProfile/input_workSuffixNumber'

2022-05-16 12:42:04 - [MESSAGE][PASSED] - Text '123' is set on object 'Object Repository/AdminSuiteBootstrap_Pages/VSP_Bootstrap/CreateProfile/input_Ext_workExtension'

2022-05-16 12:42:05 - [MESSAGE][PASSED] - Text 'This Profile is for Add ACH' is set on object 'Object Repository/AdminSuiteBootstrap_Pages/VSP_Bootstrap/CreateProfile/textarea_NotesComments_note'

2022-05-16 12:42:10 - [MESSAGE][PASSED] - Object: 'Object Repository/AdminSuiteBootstrap_Pages/VSP_Bootstrap/CreateProfile/button_Save' is clicked on

2022-05-16 12:42:10 - [MESSAGE][PASSED] - vspBootstrap.CreateProfilePage.setDataCreateProfile is PASSED

2022-05-16 12:42:10 - [TEST_STEP][PASSED] - verifyTextPresent("Profile successfully created", true): Text 'Profile successfully created' is present on page  using regular expression

2022-05-16 12:42:11 - [MESSAGE][PASSED] - Text 'Profile successfully created' is present on page  using regular expression

2022-05-16 12:42:11 - [TEST_STEP][PASSED] - click(findTestObject(path_ViewProfile + "button_Add ACH")): Object: 'Object Repository/AdminSuiteBootstrap_Pages/VSP_Bootstrap/View Profile/button_Add ACH' is clicked on

2022-05-16 12:42:13 - [MESSAGE][PASSED] - Object: 'Object Repository/AdminSuiteBootstrap_Pages/VSP_Bootstrap/View Profile/button_Add ACH' is clicked on

2022-05-16 12:42:13 - [TEST_STEP][PASSED] - vspBootstrap.AddACHPage.setDataAddACH(row, dataFile): vspBootstrap.AddACHPage.setDataAddACH is PASSED

2022-05-16 12:42:15 - [MESSAGE][PASSED] - Text '256072691' is set on object 'Object Repository/AdminSuiteBootstrap_Pages/VSP_Bootstrap/AddACH/input_routingTransitNumber'

2022-05-16 12:42:16 - [MESSAGE][PASSED] - All options with label 'Business Checking' are selected in object 'Object Repository/AdminSuiteBootstrap_Pages/VSP_Bootstrap/AddACH/select_PaymentType'  using regular expression

2022-05-16 12:42:17 - [MESSAGE][PASSED] - Text 'Ross Corp' is set on object 'Object Repository/AdminSuiteBootstrap_Pages/VSP_Bootstrap/AddACH/input_nickName'

2022-05-16 12:42:17 - [MESSAGE][PASSED] - Text '25874444' is set on object 'Object Repository/AdminSuiteBootstrap_Pages/VSP_Bootstrap/AddACH/input_accountNumber'

2022-05-16 12:42:22 - [MESSAGE][PASSED] - Object: 'Object Repository/AdminSuiteBootstrap_Pages/VSP_Bootstrap/AddACH/button_Create' is clicked on

2022-05-16 12:42:22 - [MESSAGE][PASSED] - vspBootstrap.AddACHPage.setDataAddACH is PASSED

2022-05-16 12:42:22 - [TEST_STEP][PASSED] - verifyTextPresent("Payment Method Created", true): Text 'Payment Method Created' is present on page  using regular expression

2022-05-16 12:42:22 - [MESSAGE][PASSED] - Text 'Payment Method Created' is present on page  using regular expression

2022-05-16 12:42:22 - [TEST_STEP][PASSED] - verifyTextPresent("Payment method creation successful", true): Text 'Payment method creation successful' is present on page  using regular expression

2022-05-16 12:42:22 - [MESSAGE][PASSED] - Text 'Payment method creation successful' is present on page  using regular expression

2022-05-16 12:42:22 - [TEST_STEP][PASSED] - click(findTestObject(path_ViewProfile + "a_Edit_ACH")): Object: 'Object Repository/AdminSuiteBootstrap_Pages/VSP_Bootstrap/View Profile/a_Edit_ACH' is clicked on

2022-05-16 12:42:25 - [MESSAGE][PASSED] - Object: 'Object Repository/AdminSuiteBootstrap_Pages/VSP_Bootstrap/View Profile/a_Edit_ACH' is clicked on

2022-05-16 12:42:25 - [TEST_STEP][PASSED] - nicknameMod = findTestData(dataFile).getValue("NicknameACHMod", row): null

2022-05-16 12:42:25 - [TEST_STEP][PASSED] - setText(findTestObject(path_ModifyACH + "input_nickName"), nicknameMod): Text 'Ross Corp Mod' is set on object 'Object Repository/AdminSuiteBootstrap_Pages/VSP_Bootstrap/ModifyACH/input_nickName'

2022-05-16 12:42:27 - [MESSAGE][PASSED] - Text 'Ross Corp Mod' is set on object 'Object Repository/AdminSuiteBootstrap_Pages/VSP_Bootstrap/ModifyACH/input_nickName'

2022-05-16 12:42:27 - [TEST_STEP][PASSED] - click(findTestObject(path_ModifyACH + "button_Modify")): Object: 'Object Repository/AdminSuiteBootstrap_Pages/VSP_Bootstrap/ModifyACH/button_Modify' is clicked on

2022-05-16 12:42:32 - [MESSAGE][PASSED] - Object: 'Object Repository/AdminSuiteBootstrap_Pages/VSP_Bootstrap/ModifyACH/button_Modify' is clicked on

2022-05-16 12:42:32 - [TEST_STEP][PASSED] - verifyTextPresent("Payment Method Modification", true): Text 'Payment Method Modification' is present on page  using regular expression

2022-05-16 12:42:32 - [MESSAGE][PASSED] - Text 'Payment Method Modification' is present on page  using regular expression

2022-05-16 12:42:32 - [TEST_STEP][PASSED] - verifyTextPresent("Payment method successfully modified", true): Text 'Payment method successfully modified' is present on page  using regular expression

2022-05-16 12:42:33 - [MESSAGE][PASSED] - Text 'Payment method successfully modified' is present on page  using regular expression

2022-05-16 12:42:33 - [TEST_STEP][PASSED] - verifyTextPresent(nicknameMod, true): Text 'Ross Corp Mod' is present on page  using regular expression

2022-05-16 12:42:33 - [MESSAGE][PASSED] - Text 'Ross Corp Mod' is present on page  using regular expression

2022-05-16 12:42:33 - [TEST_STEP][PASSED] - click(findTestObject(path_ViewProfile + "a_DeleteACH2")): Object: 'Object Repository/AdminSuiteBootstrap_Pages/VSP_Bootstrap/View Profile/a_DeleteACH2' is clicked on

2022-05-16 12:42:35 - [MESSAGE][PASSED] - Object: 'Object Repository/AdminSuiteBootstrap_Pages/VSP_Bootstrap/View Profile/a_DeleteACH2' is clicked on

2022-05-16 12:42:35 - [TEST_STEP][PASSED] - verifyTextPresent("Delete Bank Account Confirmation", true): Text 'Delete Bank Account Confirmation' is present on page  using regular expression

2022-05-16 12:42:36 - [MESSAGE][PASSED] - Text 'Delete Bank Account Confirmation' is present on page  using regular expression

2022-05-16 12:42:36 - [TEST_STEP][PASSED] - verifyTextPresent("This will delete the bank account. Are you sure you want to do this?", true): Text 'This will delete the bank account. Are you sure you want to do this?' is present on page  using regular expression

2022-05-16 12:42:36 - [MESSAGE][PASSED] - Text 'This will delete the bank account. Are you sure you want to do this?' is present on page  using regular expression

2022-05-16 12:42:36 - [TEST_STEP][PASSED] - click(findTestObject(path_ViewProfile + "button_DeleteACHConfirm")): Object: 'Object Repository/AdminSuiteBootstrap_Pages/VSP_Bootstrap/View Profile/button_DeleteACHConfirm' is clicked on

2022-05-16 12:42:40 - [MESSAGE][PASSED] - Object: 'Object Repository/AdminSuiteBootstrap_Pages/VSP_Bootstrap/View Profile/button_DeleteACHConfirm' is clicked on

2022-05-16 12:42:40 - [TEST_STEP][PASSED] - verifyTextPresent("Payment Method Deletion", true): Text 'Payment Method Deletion' is present on page  using regular expression

2022-05-16 12:42:41 - [MESSAGE][PASSED] - Text 'Payment Method Deletion' is present on page  using regular expression

2022-05-16 12:42:41 - [TEST_STEP][PASSED] - verifyTextPresent("Payment method was successfully deleted.", true): Text 'Payment method was successfully deleted.' is present on page  using regular expression

2022-05-16 12:42:41 - [MESSAGE][PASSED] - Text 'Payment method was successfully deleted.' is present on page  using regular expression

2022-05-16 12:42:41 - [TEST_STEP][PASSED] - click(findTestObject(path_ViewProfile + "a_Delete Profile")): Object: 'Object Repository/AdminSuiteBootstrap_Pages/VSP_Bootstrap/View Profile/a_Delete Profile' is clicked on

2022-05-16 12:42:44 - [MESSAGE][PASSED] - Object: 'Object Repository/AdminSuiteBootstrap_Pages/VSP_Bootstrap/View Profile/a_Delete Profile' is clicked on

2022-05-16 12:42:44 - [TEST_STEP][PASSED] - verifyTextPresent("This will delete all of the following information. Are you sure you want to do this?", true): Text 'This will delete all of the following information. Are you sure you want to do this?' is present on page  using regular expression

2022-05-16 12:42:44 - [MESSAGE][PASSED] - Text 'This will delete all of the following information. Are you sure you want to do this?' is present on page  using regular expression

2022-05-16 12:42:44 - [TEST_STEP][PASSED] - click(findTestObject(path_DeleteProfileConfirm + "button_Delete")): Object: 'Object Repository/AdminSuiteBootstrap_Pages/VSP_Bootstrap/DeleteProfileConfirm/button_Delete' is clicked on

2022-05-16 12:42:51 - [MESSAGE][PASSED] - Object: 'Object Repository/AdminSuiteBootstrap_Pages/VSP_Bootstrap/DeleteProfileConfirm/button_Delete' is clicked on

2022-05-16 12:42:51 - [TEST_STEP][PASSED] - verifyTextPresent("No Search String", true): Text 'No Search String' is present on page  using regular expression

2022-05-16 12:42:52 - [MESSAGE][PASSED] - Text 'No Search String' is present on page  using regular expression

2022-05-16 12:42:52 - [TEST_STEP][PASSED] - verifyTextPresent("You must provide a search string of at least 2 characters", true): Text 'You must provide a search string of at least 2 characters' is present on page  using regular expression

2022-05-16 12:42:52 - [MESSAGE][PASSED] - Text 'You must provide a search string of at least 2 characters' is present on page  using regular expression

2022-05-16 12:42:52 - [TEST_STEP][PASSED] - closeBrowser(): Browser is closed

2022-05-16 12:42:53 - [MESSAGE][PASSED] - Browser is closed]]></system-out>
         <system-err><![CDATA[]]></system-err>
      </testcase>
      <system-out><![CDATA[2022-05-16 12:18:38 - [TEST_SUITE][PASSED] - VSP-Profile-TestSuite: Test Cases/Admin Suite Bootstrap/VSP_Profile_TestCases/AddModifyDeleteACH2_Generic_TC]]></system-out>
      <system-err><![CDATA[]]></system-err>
   </testsuite>
</testsuites>
