<?xml version="1.0" encoding="UTF-8"?>
<testsuites name="RAD_UI_TestSuite" time="820.922" tests="23" failures="1" errors="1">
   <testsuite name="RAD_UI_TestSuite" tests="23" failures="1" errors="1" time="820.922" skipped="0" timestamp="2023-01-04 16:28:50" hostname="imtiaz - DESKTOP-B2QI6NS.govolution.com" id="Test Suites/RAD_TestSuite/RAD_UI_TestSuite">
      <properties>
         <property name="deviceName" value=""/>
         <property name="devicePlatform" value=""/>
         <property name="logFolder" value="E:\\Cloned-Project-Katalon\\VPS-Katalon\\Reports\\20230104_162844\\RAD_TestSuite\\RAD_UI_TestSuite\\20230104_162844"/>
         <property name="logFiles" value="E:\\Cloned-Project-Katalon\\VPS-Katalon\\Reports\\20230104_162844\\RAD_TestSuite\\RAD_UI_TestSuite\\20230104_162844\\execution0.log"/>
         <property name="attachments" value="E:\\Cloned-Project-Katalon\\VPS-Katalon\\Reports\\20230104_162844\\RAD_TestSuite\\RAD_UI_TestSuite\\20230104_162844\\1672867771350.png"/>
         <property name="hostName" value="imtiaz - DESKTOP-B2QI6NS.govolution.com"/>
         <property name="os" value="Windows 10 64bit"/>
         <property name="katalonVersion" value="8.2.5.208"/>
         <property name="browser" value="Chrome 108.0.0.0"/>
         <property name="hostAddress" value="172.31.253.54"/>
         <property name="sessionId" value="fbabcb73f301c506d774e390b4e85930"/>
         <property name="seleniumVersion" value="3.141.59"/>
         <property name="proxyInformation" value="ProxyInformation { proxyOption=NO_PROXY, proxyServerType=HTTP, username=, password=********, proxyServerAddress=, proxyServerPort=0, executionList=&quot;&quot;, isApplyToDesiredCapabilities=true }"/>
         <property name="platform" value="Windows 10"/>
      </properties>
      <testcase name="Test Cases/RAD_TestCases/UI_TestCases/LandingPage_UI_TC" time="46.356" classname="Test Cases/RAD_TestCases/UI_TestCases/LandingPage_UI_TC" status="FAILED">
         <failure type="FAILED" message="Test Cases/RAD_TestCases/UI_TestCases/LandingPage_UI_TC FAILED.
Reason:
com.kms.katalon.core.exception.StepFailedException: com.kms.katalon.core.webui.exception.WebElementNotFoundException: Web element with id: 'Object Repository/RAD_Pages/Landing_Page/a_Comptroller of Maryland' located by '//*[@href = 'https://marylandtaxes.gov' and (text() = 'Comptroller of Maryland' or . = 'Comptroller of Maryland')]' not found (Root cause: com.kms.katalon.core.exception.StepFailedException: com.kms.katalon.core.webui.exception.WebElementNotFoundException: Web element with id: 'Object Repository/RAD_Pages/Landing_Page/a_Comptroller of Maryland' located by '//*[@href = 'https://marylandtaxes.gov' and (text() = 'Comptroller of Maryland' or . = 'Comptroller of Maryland')]' not found
	at com.kms.katalon.core.webui.keyword.internal.WebUIKeywordMain.stepFailed(WebUIKeywordMain.groovy:64)
	at com.kms.katalon.core.webui.keyword.builtin.VerifyElementPresentKeyword$_verifyElementPresent_closure1.doCall(VerifyElementPresentKeyword.groovy:85)
	at com.kms.katalon.core.webui.keyword.builtin.VerifyElementPresentKeyword$_verifyElementPresent_closure1.call(VerifyElementPresentKeyword.groovy)
	at com.kms.katalon.core.webui.keyword.internal.WebUIKeywordMain.runKeyword(WebUIKeywordMain.groovy:20)
	at com.kms.katalon.core.webui.keyword.builtin.VerifyElementPresentKeyword.verifyElementPresent(VerifyElementPresentKeyword.groovy:92)
	at com.kms.katalon.core.webui.keyword.builtin.VerifyElementPresentKeyword.execute(VerifyElementPresentKeyword.groovy:68)
	at com.kms.katalon.core.keyword.internal.KeywordExecutor.executeKeywordForPlatform(KeywordExecutor.groovy:74)
	at com.kms.katalon.core.webui.keyword.WebUiBuiltInKeywords.verifyElementPresent(WebUiBuiltInKeywords.groovy:1464)
	at com.kms.katalon.core.webui.keyword.WebUiBuiltInKeywords$verifyElementPresent$2.call(Unknown Source)
	at LandingPage_UI_TC.run(LandingPage_UI_TC:133)
	at com.kms.katalon.core.main.ScriptEngine.run(ScriptEngine.java:194)
	at com.kms.katalon.core.main.ScriptEngine.runScriptAsRawText(ScriptEngine.java:119)
	at com.kms.katalon.core.main.TestCaseExecutor.runScript(TestCaseExecutor.java:442)
	at com.kms.katalon.core.main.TestCaseExecutor.doExecute(TestCaseExecutor.java:433)
	at com.kms.katalon.core.main.TestCaseExecutor.processExecutionPhase(TestCaseExecutor.java:412)
	at com.kms.katalon.core.main.TestCaseExecutor.accessMainPhase(TestCaseExecutor.java:404)
	at com.kms.katalon.core.main.TestCaseExecutor.execute(TestCaseExecutor.java:281)
	at com.kms.katalon.core.main.TestSuiteExecutor.accessTestCaseMainPhase(TestSuiteExecutor.java:202)
	at com.kms.katalon.core.main.TestSuiteExecutor.accessTestSuiteMainPhase(TestSuiteExecutor.java:164)
	at com.kms.katalon.core.main.TestSuiteExecutor.execute(TestSuiteExecutor.java:105)
	at com.kms.katalon.core.main.TestCaseMain.startTestSuite(TestCaseMain.java:185)
	at com.kms.katalon.core.main.TestCaseMain$startTestSuite$0.call(Unknown Source)
	at TempTestSuite1672867724797.run(TempTestSuite1672867724797.groovy:36)
)
	at com.kms.katalon.core.keyword.internal.KeywordMain.stepFailed(KeywordMain.groovy:39)
	at com.kms.katalon.core.webui.keyword.internal.WebUIKeywordMain.stepFailed(WebUIKeywordMain.groovy:64)
	at com.kms.katalon.core.webui.keyword.builtin.VerifyElementPresentKeyword$_verifyElementPresent_closure1.doCall(VerifyElementPresentKeyword.groovy:85)
	at com.kms.katalon.core.webui.keyword.builtin.VerifyElementPresentKeyword$_verifyElementPresent_closure1.call(VerifyElementPresentKeyword.groovy)
	at com.kms.katalon.core.webui.keyword.internal.WebUIKeywordMain.runKeyword(WebUIKeywordMain.groovy:20)
	at com.kms.katalon.core.webui.keyword.builtin.VerifyElementPresentKeyword.verifyElementPresent(VerifyElementPresentKeyword.groovy:92)
	at com.kms.katalon.core.webui.keyword.builtin.VerifyElementPresentKeyword.execute(VerifyElementPresentKeyword.groovy:68)
	at com.kms.katalon.core.keyword.internal.KeywordExecutor.executeKeywordForPlatform(KeywordExecutor.groovy:74)
	at com.kms.katalon.core.webui.keyword.WebUiBuiltInKeywords.verifyElementPresent(WebUiBuiltInKeywords.groovy:1464)
	at com.kms.katalon.core.webui.keyword.WebUiBuiltInKeywords$verifyElementPresent$2.call(Unknown Source)
	at LandingPage_UI_TC.run(LandingPage_UI_TC:133)
	at com.kms.katalon.core.main.ScriptEngine.run(ScriptEngine.java:194)
	at com.kms.katalon.core.main.ScriptEngine.runScriptAsRawText(ScriptEngine.java:119)
	at com.kms.katalon.core.main.TestCaseExecutor.runScript(TestCaseExecutor.java:442)
	at com.kms.katalon.core.main.TestCaseExecutor.doExecute(TestCaseExecutor.java:433)
	at com.kms.katalon.core.main.TestCaseExecutor.processExecutionPhase(TestCaseExecutor.java:412)
	at com.kms.katalon.core.main.TestCaseExecutor.accessMainPhase(TestCaseExecutor.java:404)
	at com.kms.katalon.core.main.TestCaseExecutor.execute(TestCaseExecutor.java:281)
	at com.kms.katalon.core.main.TestSuiteExecutor.accessTestCaseMainPhase(TestSuiteExecutor.java:202)
	at com.kms.katalon.core.main.TestSuiteExecutor.accessTestSuiteMainPhase(TestSuiteExecutor.java:164)
	at com.kms.katalon.core.main.TestSuiteExecutor.execute(TestSuiteExecutor.java:105)
	at com.kms.katalon.core.main.TestCaseMain.startTestSuite(TestCaseMain.java:185)
	at com.kms.katalon.core.main.TestCaseMain$startTestSuite$0.call(Unknown Source)
	at TempTestSuite1672867724797.run(TempTestSuite1672867724797.groovy:36)
Caused by: com.kms.katalon.core.exception.StepFailedException: com.kms.katalon.core.webui.exception.WebElementNotFoundException: Web element with id: 'Object Repository/RAD_Pages/Landing_Page/a_Comptroller of Maryland' located by '//*[@href = 'https://marylandtaxes.gov' and (text() = 'Comptroller of Maryland' or . = 'Comptroller of Maryland')]' not found
	... 23 more
"/>
         <system-out><![CDATA[2023-01-04 16:28:51 - [TEST_CASE][FAILED] - Test Cases/RAD_TestCases/UI_TestCases/LandingPage_UI_TC: Test Cases/RAD_TestCases/UI_TestCases/LandingPage_UI_TC FAILED.
Reason:
com.kms.katalon.core.exception.StepFailedException: com.kms.katalon.core.webui.exception.WebElementNotFoundException: Web element with id: 'Object Repository/RAD_Pages/Landing_Page/a_Comptroller of Maryland' located by '//*[@href = 'https://marylandtaxes.gov' and (text() = 'Comptroller of Maryland' or . = 'Comptroller of Maryland')]' not found (Root cause: com.kms.katalon.core.exception.StepFailedException: com.kms.katalon.core.webui.exception.WebElementNotFoundException: Web element with id: 'Object Repository/RAD_Pages/Landing_Page/a_Comptroller of Maryland' located by '//*[@href = 'https://marylandtaxes.gov' and (text() = 'Comptroller of Maryland' or . = 'Comptroller of Maryland')]' not found
	at com.kms.katalon.core.webui.keyword.internal.WebUIKeywordMain.stepFailed(WebUIKeywordMain.groovy:64)
	at com.kms.katalon.core.webui.keyword.builtin.VerifyElementPresentKeyword$_verifyElementPresent_closure1.doCall(VerifyElementPresentKeyword.groovy:85)
	at com.kms.katalon.core.webui.keyword.builtin.VerifyElementPresentKeyword$_verifyElementPresent_closure1.call(VerifyElementPresentKeyword.groovy)
	at com.kms.katalon.core.webui.keyword.internal.WebUIKeywordMain.runKeyword(WebUIKeywordMain.groovy:20)
	at com.kms.katalon.core.webui.keyword.builtin.VerifyElementPresentKeyword.verifyElementPresent(VerifyElementPresentKeyword.groovy:92)
	at com.kms.katalon.core.webui.keyword.builtin.VerifyElementPresentKeyword.execute(VerifyElementPresentKeyword.groovy:68)
	at com.kms.katalon.core.keyword.internal.KeywordExecutor.executeKeywordForPlatform(KeywordExecutor.groovy:74)
	at com.kms.katalon.core.webui.keyword.WebUiBuiltInKeywords.verifyElementPresent(WebUiBuiltInKeywords.groovy:1464)
	at com.kms.katalon.core.webui.keyword.WebUiBuiltInKeywords$verifyElementPresent$2.call(Unknown Source)
	at LandingPage_UI_TC.run(LandingPage_UI_TC:133)
	at com.kms.katalon.core.main.ScriptEngine.run(ScriptEngine.java:194)
	at com.kms.katalon.core.main.ScriptEngine.runScriptAsRawText(ScriptEngine.java:119)
	at com.kms.katalon.core.main.TestCaseExecutor.runScript(TestCaseExecutor.java:442)
	at com.kms.katalon.core.main.TestCaseExecutor.doExecute(TestCaseExecutor.java:433)
	at com.kms.katalon.core.main.TestCaseExecutor.processExecutionPhase(TestCaseExecutor.java:412)
	at com.kms.katalon.core.main.TestCaseExecutor.accessMainPhase(TestCaseExecutor.java:404)
	at com.kms.katalon.core.main.TestCaseExecutor.execute(TestCaseExecutor.java:281)
	at com.kms.katalon.core.main.TestSuiteExecutor.accessTestCaseMainPhase(TestSuiteExecutor.java:202)
	at com.kms.katalon.core.main.TestSuiteExecutor.accessTestSuiteMainPhase(TestSuiteExecutor.java:164)
	at com.kms.katalon.core.main.TestSuiteExecutor.execute(TestSuiteExecutor.java:105)
	at com.kms.katalon.core.main.TestCaseMain.startTestSuite(TestCaseMain.java:185)
	at com.kms.katalon.core.main.TestCaseMain$startTestSuite$0.call(Unknown Source)
	at TempTestSuite1672867724797.run(TempTestSuite1672867724797.groovy:36)
)
	at com.kms.katalon.core.keyword.internal.KeywordMain.stepFailed(KeywordMain.groovy:39)
	at com.kms.katalon.core.webui.keyword.internal.WebUIKeywordMain.stepFailed(WebUIKeywordMain.groovy:64)
	at com.kms.katalon.core.webui.keyword.builtin.VerifyElementPresentKeyword$_verifyElementPresent_closure1.doCall(VerifyElementPresentKeyword.groovy:85)
	at com.kms.katalon.core.webui.keyword.builtin.VerifyElementPresentKeyword$_verifyElementPresent_closure1.call(VerifyElementPresentKeyword.groovy)
	at com.kms.katalon.core.webui.keyword.internal.WebUIKeywordMain.runKeyword(WebUIKeywordMain.groovy:20)
	at com.kms.katalon.core.webui.keyword.builtin.VerifyElementPresentKeyword.verifyElementPresent(VerifyElementPresentKeyword.groovy:92)
	at com.kms.katalon.core.webui.keyword.builtin.VerifyElementPresentKeyword.execute(VerifyElementPresentKeyword.groovy:68)
	at com.kms.katalon.core.keyword.internal.KeywordExecutor.executeKeywordForPlatform(KeywordExecutor.groovy:74)
	at com.kms.katalon.core.webui.keyword.WebUiBuiltInKeywords.verifyElementPresent(WebUiBuiltInKeywords.groovy:1464)
	at com.kms.katalon.core.webui.keyword.WebUiBuiltInKeywords$verifyElementPresent$2.call(Unknown Source)
	at LandingPage_UI_TC.run(LandingPage_UI_TC:133)
	at com.kms.katalon.core.main.ScriptEngine.run(ScriptEngine.java:194)
	at com.kms.katalon.core.main.ScriptEngine.runScriptAsRawText(ScriptEngine.java:119)
	at com.kms.katalon.core.main.TestCaseExecutor.runScript(TestCaseExecutor.java:442)
	at com.kms.katalon.core.main.TestCaseExecutor.doExecute(TestCaseExecutor.java:433)
	at com.kms.katalon.core.main.TestCaseExecutor.processExecutionPhase(TestCaseExecutor.java:412)
	at com.kms.katalon.core.main.TestCaseExecutor.accessMainPhase(TestCaseExecutor.java:404)
	at com.kms.katalon.core.main.TestCaseExecutor.execute(TestCaseExecutor.java:281)
	at com.kms.katalon.core.main.TestSuiteExecutor.accessTestCaseMainPhase(TestSuiteExecutor.java:202)
	at com.kms.katalon.core.main.TestSuiteExecutor.accessTestSuiteMainPhase(TestSuiteExecutor.java:164)
	at com.kms.katalon.core.main.TestSuiteExecutor.execute(TestSuiteExecutor.java:105)
	at com.kms.katalon.core.main.TestCaseMain.startTestSuite(TestCaseMain.java:185)
	at com.kms.katalon.core.main.TestCaseMain$startTestSuite$0.call(Unknown Source)
	at TempTestSuite1672867724797.run(TempTestSuite1672867724797.groovy:36)
Caused by: com.kms.katalon.core.exception.StepFailedException: com.kms.katalon.core.webui.exception.WebElementNotFoundException: Web element with id: 'Object Repository/RAD_Pages/Landing_Page/a_Comptroller of Maryland' located by '//*[@href = 'https://marylandtaxes.gov' and (text() = 'Comptroller of Maryland' or . = 'Comptroller of Maryland')]' not found
	... 23 more


2023-01-04 16:28:51 - [TEST_STEP][PASSED] - openBrowser(""): Browser is opened with url: ''

2023-01-04 16:28:52 - [MESSAGE][INFO] - Starting 'Chrome' driver

2023-01-04 16:28:52 - [MESSAGE][INFO] - User set preference: ['acceptInsecureCerts', 'true']

2023-01-04 16:28:52 - [MESSAGE][INFO] - Action delay is set to 0 milliseconds

2023-01-04 16:28:54 - [MESSAGE][PASSED] - Browser is opened with url: ''

2023-01-04 16:28:54 - [TEST_STEP][PASSED] - maximizeWindow(): Current window maximized

2023-01-04 16:28:55 - [MESSAGE][PASSED] - Current window maximized

2023-01-04 16:28:55 - [TEST_STEP][PASSED] - navigateToUrl(RADurl): Navigate to 'https://qa.velocitypayment.com/client/rad/index.html' successfully

2023-01-04 16:28:57 - [MESSAGE][PASSED] - Navigate to 'https://qa.velocitypayment.com/client/rad/index.html' successfully

2023-01-04 16:28:57 - [TEST_STEP][PASSED] - orPath = "Object Repository/RAD_Pages/Landing_Page": null

2023-01-04 16:28:57 - [TEST_STEP][PASSED] - if (verifyElementPresent(findTestObject(orPath + "/dd_TaxType"), 30)): null

2023-01-04 16:28:57 - [MESSAGE][PASSED] - Object 'Object Repository/RAD_Pages/Landing_Page/dd_TaxType' is present

2023-01-04 16:28:57 - [TEST_STEP][PASSED] - out.println("Tax Type/Filing Year drop down was found on the Landing Page"): null

2023-01-04 16:28:57 - [TEST_STEP][PASSED] - if (verifyTextPresent("Your Progress", true)): null

2023-01-04 16:28:58 - [MESSAGE][PASSED] - Text 'Your Progress' is present on page  using regular expression

2023-01-04 16:28:58 - [TEST_STEP][PASSED] - out.println("Your Progress Static text was found on the Landing Page"): null

2023-01-04 16:28:58 - [TEST_STEP][PASSED] - if (verifyTextPresent("Tax Type/Taxpayer Information", true)): null

2023-01-04 16:28:58 - [MESSAGE][PASSED] - Text 'Tax Type/Taxpayer Information' is present on page  using regular expression

2023-01-04 16:28:58 - [TEST_STEP][PASSED] - out.println("Tax Type/Taxpayer Information text was found on the Landing Page"): null

2023-01-04 16:28:58 - [TEST_STEP][PASSED] - if (verifyTextPresent("Summary", true)): null

2023-01-04 16:28:58 - [MESSAGE][PASSED] - Text 'Summary' is present on page  using regular expression

2023-01-04 16:28:58 - [TEST_STEP][PASSED] - out.println("Summary Static text was found on the Landing Page"): null

2023-01-04 16:28:58 - [TEST_STEP][PASSED] - if (verifyTextPresent("Need Help?", true)): null

2023-01-04 16:28:59 - [MESSAGE][PASSED] - Text 'Need Help?' is present on page  using regular expression

2023-01-04 16:28:59 - [TEST_STEP][PASSED] - out.println("Need Help? Static text was found on the Landing Page"): null

2023-01-04 16:28:59 - [TEST_STEP][PASSED] - if (verifyElementPresent(findTestObject(orPath + "/button_Continue"), 30)): null

2023-01-04 16:28:59 - [MESSAGE][PASSED] - Object 'Object Repository/RAD_Pages/Landing_Page/button_Continue' is present

2023-01-04 16:28:59 - [TEST_STEP][PASSED] - out.println("Continue Button was found on the Landing Page"): null

2023-01-04 16:28:59 - [TEST_STEP][PASSED] - if (verifyElementPresent(findTestObject(orPath + "/a_taxhelpmarylandtaxes.gov"), 30)): null

2023-01-04 16:29:00 - [MESSAGE][PASSED] - Object 'Object Repository/RAD_Pages/Landing_Page/a_taxhelpmarylandtaxes.gov' is present

2023-01-04 16:29:00 - [TEST_STEP][PASSED] - out.println("Tax Help Maryland.gov link was found on the Landing Page"): null

2023-01-04 16:29:00 - [TEST_STEP][FAILED] - if (verifyElementPresent(findTestObject(orPath + "/a_Comptroller of Maryland"), 30)): com.kms.katalon.core.webui.exception.WebElementNotFoundException: Web element with id: 'Object Repository/RAD_Pages/Landing_Page/a_Comptroller of Maryland' located by '//*[@href = 'https://marylandtaxes.gov' and (text() = 'Comptroller of Maryland' or . = 'Comptroller of Maryland')]' not found (Root cause: com.kms.katalon.core.exception.StepFailedException: com.kms.katalon.core.webui.exception.WebElementNotFoundException: Web element with id: 'Object Repository/RAD_Pages/Landing_Page/a_Comptroller of Maryland' located by '//*[@href = 'https://marylandtaxes.gov' and (text() = 'Comptroller of Maryland' or . = 'Comptroller of Maryland')]' not found
	at com.kms.katalon.core.webui.keyword.internal.WebUIKeywordMain.stepFailed(WebUIKeywordMain.groovy:64)
	at com.kms.katalon.core.webui.keyword.builtin.VerifyElementPresentKeyword$_verifyElementPresent_closure1.doCall(VerifyElementPresentKeyword.groovy:85)
	at com.kms.katalon.core.webui.keyword.builtin.VerifyElementPresentKeyword$_verifyElementPresent_closure1.call(VerifyElementPresentKeyword.groovy)
	at com.kms.katalon.core.webui.keyword.internal.WebUIKeywordMain.runKeyword(WebUIKeywordMain.groovy:20)
	at com.kms.katalon.core.webui.keyword.builtin.VerifyElementPresentKeyword.verifyElementPresent(VerifyElementPresentKeyword.groovy:92)
	at com.kms.katalon.core.webui.keyword.builtin.VerifyElementPresentKeyword.execute(VerifyElementPresentKeyword.groovy:68)
	at com.kms.katalon.core.keyword.internal.KeywordExecutor.executeKeywordForPlatform(KeywordExecutor.groovy:74)
	at com.kms.katalon.core.webui.keyword.WebUiBuiltInKeywords.verifyElementPresent(WebUiBuiltInKeywords.groovy:1464)
	at com.kms.katalon.core.webui.keyword.WebUiBuiltInKeywords$verifyElementPresent$2.call(Unknown Source)
	at LandingPage_UI_TC.run(LandingPage_UI_TC:133)
	at com.kms.katalon.core.main.ScriptEngine.run(ScriptEngine.java:194)
	at com.kms.katalon.core.main.ScriptEngine.runScriptAsRawText(ScriptEngine.java:119)
	at com.kms.katalon.core.main.TestCaseExecutor.runScript(TestCaseExecutor.java:442)
	at com.kms.katalon.core.main.TestCaseExecutor.doExecute(TestCaseExecutor.java:433)
	at com.kms.katalon.core.main.TestCaseExecutor.processExecutionPhase(TestCaseExecutor.java:412)
	at com.kms.katalon.core.main.TestCaseExecutor.accessMainPhase(TestCaseExecutor.java:404)
	at com.kms.katalon.core.main.TestCaseExecutor.execute(TestCaseExecutor.java:281)
	at com.kms.katalon.core.main.TestSuiteExecutor.accessTestCaseMainPhase(TestSuiteExecutor.java:202)
	at com.kms.katalon.core.main.TestSuiteExecutor.accessTestSuiteMainPhase(TestSuiteExecutor.java:164)
	at com.kms.katalon.core.main.TestSuiteExecutor.execute(TestSuiteExecutor.java:105)
	at com.kms.katalon.core.main.TestCaseMain.startTestSuite(TestCaseMain.java:185)
	at com.kms.katalon.core.main.TestCaseMain$startTestSuite$0.call(Unknown Source)
	at TempTestSuite1672867724797.run(TempTestSuite1672867724797.groovy:36)
)

2023-01-04 16:29:31 - [MESSAGE][INFO] - Unable to find the element located by 'By.xpath: //*[@href = 'https://marylandtaxes.gov' and (text() = 'Comptroller of Maryland' or . = 'Comptroller of Maryland')]'. Please recheck the objects properties to make sure the desired element is located. 

2023-01-04 16:29:31 - [MESSAGE][FAILED] - com.kms.katalon.core.webui.exception.WebElementNotFoundException: Web element with id: 'Object Repository/RAD_Pages/Landing_Page/a_Comptroller of Maryland' located by '//*[@href = 'https://marylandtaxes.gov' and (text() = 'Comptroller of Maryland' or . = 'Comptroller of Maryland')]' not found (Root cause: com.kms.katalon.core.exception.StepFailedException: com.kms.katalon.core.webui.exception.WebElementNotFoundException: Web element with id: 'Object Repository/RAD_Pages/Landing_Page/a_Comptroller of Maryland' located by '//*[@href = 'https://marylandtaxes.gov' and (text() = 'Comptroller of Maryland' or . = 'Comptroller of Maryland')]' not found
	at com.kms.katalon.core.webui.keyword.internal.WebUIKeywordMain.stepFailed(WebUIKeywordMain.groovy:64)
	at com.kms.katalon.core.webui.keyword.builtin.VerifyElementPresentKeyword$_verifyElementPresent_closure1.doCall(VerifyElementPresentKeyword.groovy:85)
	at com.kms.katalon.core.webui.keyword.builtin.VerifyElementPresentKeyword$_verifyElementPresent_closure1.call(VerifyElementPresentKeyword.groovy)
	at com.kms.katalon.core.webui.keyword.internal.WebUIKeywordMain.runKeyword(WebUIKeywordMain.groovy:20)
	at com.kms.katalon.core.webui.keyword.builtin.VerifyElementPresentKeyword.verifyElementPresent(VerifyElementPresentKeyword.groovy:92)
	at com.kms.katalon.core.webui.keyword.builtin.VerifyElementPresentKeyword.execute(VerifyElementPresentKeyword.groovy:68)
	at com.kms.katalon.core.keyword.internal.KeywordExecutor.executeKeywordForPlatform(KeywordExecutor.groovy:74)
	at com.kms.katalon.core.webui.keyword.WebUiBuiltInKeywords.verifyElementPresent(WebUiBuiltInKeywords.groovy:1464)
	at com.kms.katalon.core.webui.keyword.WebUiBuiltInKeywords$verifyElementPresent$2.call(Unknown Source)
	at LandingPage_UI_TC.run(LandingPage_UI_TC:133)
	at com.kms.katalon.core.main.ScriptEngine.run(ScriptEngine.java:194)
	at com.kms.katalon.core.main.ScriptEngine.runScriptAsRawText(ScriptEngine.java:119)
	at com.kms.katalon.core.main.TestCaseExecutor.runScript(TestCaseExecutor.java:442)
	at com.kms.katalon.core.main.TestCaseExecutor.doExecute(TestCaseExecutor.java:433)
	at com.kms.katalon.core.main.TestCaseExecutor.processExecutionPhase(TestCaseExecutor.java:412)
	at com.kms.katalon.core.main.TestCaseExecutor.accessMainPhase(TestCaseExecutor.java:404)
	at com.kms.katalon.core.main.TestCaseExecutor.execute(TestCaseExecutor.java:281)
	at com.kms.katalon.core.main.TestSuiteExecutor.accessTestCaseMainPhase(TestSuiteExecutor.java:202)
	at com.kms.katalon.core.main.TestSuiteExecutor.accessTestSuiteMainPhase(TestSuiteExecutor.java:164)
	at com.kms.katalon.core.main.TestSuiteExecutor.execute(TestSuiteExecutor.java:105)
	at com.kms.katalon.core.main.TestCaseMain.startTestSuite(TestCaseMain.java:185)
	at com.kms.katalon.core.main.TestCaseMain$startTestSuite$0.call(Unknown Source)
	at TempTestSuite1672867724797.run(TempTestSuite1672867724797.groovy:36)
)
[[ATTACHMENT|E:\\Cloned-Project-Katalon\\VPS-Katalon\\Reports\\20230104_162844\\RAD_TestSuite\\RAD_UI_TestSuite\\20230104_162844\\1672867771350.png]]

2023-01-04 16:29:31 - [TEST_STEP][PASSED] - else: null

2023-01-04 16:29:31 - [TEST_STEP][PASSED] - out.println("Comptroller of Maryland link was NOT found on the Landing Page"): null

2023-01-04 16:29:31 - [TEST_STEP][PASSED] - totalOptions = getNumberOfTotalOption(findTestObject(orPath + "/dd_TaxType")): 7 options of object 'Object Repository/RAD_Pages/Landing_Page/dd_TaxType' counted

2023-01-04 16:29:32 - [MESSAGE][PASSED] - 7 options of object 'Object Repository/RAD_Pages/Landing_Page/dd_TaxType' counted

2023-01-04 16:29:32 - [TEST_STEP][PASSED] - if (totalOptions == 7): Total Options are correct

2023-01-04 16:29:32 - [TEST_STEP][PASSED] - out.println("Total Options are correct: " + totalOptions): null

2023-01-04 16:29:32 - [TEST_STEP][PASSED] - markPassed("Total Options are correct"): Total Options are correct

2023-01-04 16:29:32 - [MESSAGE][PASSED] - Total Options are correct

2023-01-04 16:29:32 - [TEST_STEP][PASSED] - if (verifyOptionPresentByLabel(findTestObject(orPath + "/dd_TaxType"), "Estimated Tax", false, 60)): null

2023-01-04 16:29:33 - [MESSAGE][PASSED] - 1 option(s) with label 'Estimated Tax' is/are present in object 'Object Repository/RAD_Pages/Landing_Page/dd_TaxType' 

2023-01-04 16:29:33 - [TEST_STEP][PASSED] - out.println("Estimated Tax Option is present in the Tax Type Drop Down"): null

2023-01-04 16:29:33 - [TEST_STEP][PASSED] - if (verifyOptionPresentByLabel(findTestObject(orPath + "/dd_TaxType"), "Personal Income Tax", false, 60)): null

2023-01-04 16:29:34 - [MESSAGE][PASSED] - 1 option(s) with label 'Personal Income Tax' is/are present in object 'Object Repository/RAD_Pages/Landing_Page/dd_TaxType' 

2023-01-04 16:29:34 - [TEST_STEP][PASSED] - out.println("Personal Income Tax Option is present in the Tax Type Drop Down"): null

2023-01-04 16:29:34 - [TEST_STEP][PASSED] - if (verifyOptionPresentByLabel(findTestObject(orPath + "/dd_TaxType"), "Extension Payments", false, 60)): null

2023-01-04 16:29:35 - [MESSAGE][PASSED] - 1 option(s) with label 'Extension Payments' is/are present in object 'Object Repository/RAD_Pages/Landing_Page/dd_TaxType' 

2023-01-04 16:29:35 - [TEST_STEP][PASSED] - out.println("Extension Payments Option is present in the Tax Type Drop Down"): null

2023-01-04 16:29:35 - [TEST_STEP][PASSED] - if (verifyOptionPresentByLabel(findTestObject(orPath + "/dd_TaxType"), "Existing Liability", false, 60)): null

2023-01-04 16:29:35 - [MESSAGE][PASSED] - 1 option(s) with label 'Existing Liability' is/are present in object 'Object Repository/RAD_Pages/Landing_Page/dd_TaxType' 

2023-01-04 16:29:35 - [TEST_STEP][PASSED] - out.println("Existing Liability Option is present in the Tax Type Drop Down"): null

2023-01-04 16:29:35 - [TEST_STEP][PASSED] - if (verifyOptionPresentByLabel(findTestObject(orPath + "/dd_TaxType"), "Sales and Use", false, 60)): null

2023-01-04 16:29:36 - [MESSAGE][PASSED] - 1 option(s) with label 'Sales and Use' is/are present in object 'Object Repository/RAD_Pages/Landing_Page/dd_TaxType' 

2023-01-04 16:29:36 - [TEST_STEP][PASSED] - out.println("Sales and Use Option is present in the Tax Type Drop Down"): null

2023-01-04 16:29:36 - [TEST_STEP][PASSED] - if (verifyOptionPresentByLabel(findTestObject(orPath + "/dd_TaxType"), "Withholding Tax", false, 60)): null

2023-01-04 16:29:37 - [MESSAGE][PASSED] - 1 option(s) with label 'Withholding Tax' is/are present in object 'Object Repository/RAD_Pages/Landing_Page/dd_TaxType' 

2023-01-04 16:29:37 - [TEST_STEP][PASSED] - out.println("Withholding Tax Option is present in the Tax Type Drop Down"): null]]></system-out>
         <system-err><![CDATA[2023-01-04 16:28:51 - [TEST_CASE][FAILED] - Test Cases/RAD_TestCases/UI_TestCases/LandingPage_UI_TC: Test Cases/RAD_TestCases/UI_TestCases/LandingPage_UI_TC FAILED.
Reason:
com.kms.katalon.core.exception.StepFailedException: com.kms.katalon.core.webui.exception.WebElementNotFoundException: Web element with id: 'Object Repository/RAD_Pages/Landing_Page/a_Comptroller of Maryland' located by '//*[@href = 'https://marylandtaxes.gov' and (text() = 'Comptroller of Maryland' or . = 'Comptroller of Maryland')]' not found (Root cause: com.kms.katalon.core.exception.StepFailedException: com.kms.katalon.core.webui.exception.WebElementNotFoundException: Web element with id: 'Object Repository/RAD_Pages/Landing_Page/a_Comptroller of Maryland' located by '//*[@href = 'https://marylandtaxes.gov' and (text() = 'Comptroller of Maryland' or . = 'Comptroller of Maryland')]' not found
	at com.kms.katalon.core.webui.keyword.internal.WebUIKeywordMain.stepFailed(WebUIKeywordMain.groovy:64)
	at com.kms.katalon.core.webui.keyword.builtin.VerifyElementPresentKeyword$_verifyElementPresent_closure1.doCall(VerifyElementPresentKeyword.groovy:85)
	at com.kms.katalon.core.webui.keyword.builtin.VerifyElementPresentKeyword$_verifyElementPresent_closure1.call(VerifyElementPresentKeyword.groovy)
	at com.kms.katalon.core.webui.keyword.internal.WebUIKeywordMain.runKeyword(WebUIKeywordMain.groovy:20)
	at com.kms.katalon.core.webui.keyword.builtin.VerifyElementPresentKeyword.verifyElementPresent(VerifyElementPresentKeyword.groovy:92)
	at com.kms.katalon.core.webui.keyword.builtin.VerifyElementPresentKeyword.execute(VerifyElementPresentKeyword.groovy:68)
	at com.kms.katalon.core.keyword.internal.KeywordExecutor.executeKeywordForPlatform(KeywordExecutor.groovy:74)
	at com.kms.katalon.core.webui.keyword.WebUiBuiltInKeywords.verifyElementPresent(WebUiBuiltInKeywords.groovy:1464)
	at com.kms.katalon.core.webui.keyword.WebUiBuiltInKeywords$verifyElementPresent$2.call(Unknown Source)
	at LandingPage_UI_TC.run(LandingPage_UI_TC:133)
	at com.kms.katalon.core.main.ScriptEngine.run(ScriptEngine.java:194)
	at com.kms.katalon.core.main.ScriptEngine.runScriptAsRawText(ScriptEngine.java:119)
	at com.kms.katalon.core.main.TestCaseExecutor.runScript(TestCaseExecutor.java:442)
	at com.kms.katalon.core.main.TestCaseExecutor.doExecute(TestCaseExecutor.java:433)
	at com.kms.katalon.core.main.TestCaseExecutor.processExecutionPhase(TestCaseExecutor.java:412)
	at com.kms.katalon.core.main.TestCaseExecutor.accessMainPhase(TestCaseExecutor.java:404)
	at com.kms.katalon.core.main.TestCaseExecutor.execute(TestCaseExecutor.java:281)
	at com.kms.katalon.core.main.TestSuiteExecutor.accessTestCaseMainPhase(TestSuiteExecutor.java:202)
	at com.kms.katalon.core.main.TestSuiteExecutor.accessTestSuiteMainPhase(TestSuiteExecutor.java:164)
	at com.kms.katalon.core.main.TestSuiteExecutor.execute(TestSuiteExecutor.java:105)
	at com.kms.katalon.core.main.TestCaseMain.startTestSuite(TestCaseMain.java:185)
	at com.kms.katalon.core.main.TestCaseMain$startTestSuite$0.call(Unknown Source)
	at TempTestSuite1672867724797.run(TempTestSuite1672867724797.groovy:36)
)
	at com.kms.katalon.core.keyword.internal.KeywordMain.stepFailed(KeywordMain.groovy:39)
	at com.kms.katalon.core.webui.keyword.internal.WebUIKeywordMain.stepFailed(WebUIKeywordMain.groovy:64)
	at com.kms.katalon.core.webui.keyword.builtin.VerifyElementPresentKeyword$_verifyElementPresent_closure1.doCall(VerifyElementPresentKeyword.groovy:85)
	at com.kms.katalon.core.webui.keyword.builtin.VerifyElementPresentKeyword$_verifyElementPresent_closure1.call(VerifyElementPresentKeyword.groovy)
	at com.kms.katalon.core.webui.keyword.internal.WebUIKeywordMain.runKeyword(WebUIKeywordMain.groovy:20)
	at com.kms.katalon.core.webui.keyword.builtin.VerifyElementPresentKeyword.verifyElementPresent(VerifyElementPresentKeyword.groovy:92)
	at com.kms.katalon.core.webui.keyword.builtin.VerifyElementPresentKeyword.execute(VerifyElementPresentKeyword.groovy:68)
	at com.kms.katalon.core.keyword.internal.KeywordExecutor.executeKeywordForPlatform(KeywordExecutor.groovy:74)
	at com.kms.katalon.core.webui.keyword.WebUiBuiltInKeywords.verifyElementPresent(WebUiBuiltInKeywords.groovy:1464)
	at com.kms.katalon.core.webui.keyword.WebUiBuiltInKeywords$verifyElementPresent$2.call(Unknown Source)
	at LandingPage_UI_TC.run(LandingPage_UI_TC:133)
	at com.kms.katalon.core.main.ScriptEngine.run(ScriptEngine.java:194)
	at com.kms.katalon.core.main.ScriptEngine.runScriptAsRawText(ScriptEngine.java:119)
	at com.kms.katalon.core.main.TestCaseExecutor.runScript(TestCaseExecutor.java:442)
	at com.kms.katalon.core.main.TestCaseExecutor.doExecute(TestCaseExecutor.java:433)
	at com.kms.katalon.core.main.TestCaseExecutor.processExecutionPhase(TestCaseExecutor.java:412)
	at com.kms.katalon.core.main.TestCaseExecutor.accessMainPhase(TestCaseExecutor.java:404)
	at com.kms.katalon.core.main.TestCaseExecutor.execute(TestCaseExecutor.java:281)
	at com.kms.katalon.core.main.TestSuiteExecutor.accessTestCaseMainPhase(TestSuiteExecutor.java:202)
	at com.kms.katalon.core.main.TestSuiteExecutor.accessTestSuiteMainPhase(TestSuiteExecutor.java:164)
	at com.kms.katalon.core.main.TestSuiteExecutor.execute(TestSuiteExecutor.java:105)
	at com.kms.katalon.core.main.TestCaseMain.startTestSuite(TestCaseMain.java:185)
	at com.kms.katalon.core.main.TestCaseMain$startTestSuite$0.call(Unknown Source)
	at TempTestSuite1672867724797.run(TempTestSuite1672867724797.groovy:36)
Caused by: com.kms.katalon.core.exception.StepFailedException: com.kms.katalon.core.webui.exception.WebElementNotFoundException: Web element with id: 'Object Repository/RAD_Pages/Landing_Page/a_Comptroller of Maryland' located by '//*[@href = 'https://marylandtaxes.gov' and (text() = 'Comptroller of Maryland' or . = 'Comptroller of Maryland')]' not found
	... 23 more]]></system-err>
      </testcase>
      <testcase name="Test Cases/RAD_TestCases/UI_TestCases/EstimatedTax_UI_TC" time="49.067" classname="Test Cases/RAD_TestCases/UI_TestCases/EstimatedTax_UI_TC" status="PASSED">
         <system-out><![CDATA[2023-01-04 16:29:37 - [TEST_CASE][PASSED] - Test Cases/RAD_TestCases/UI_TestCases/EstimatedTax_UI_TC: Test Cases/RAD_TestCases/UI_TestCases/EstimatedTax_UI_TC

2023-01-04 16:29:38 - [TEST_STEP][PASSED] - openBrowser(""): Browser is opened with url: ''

2023-01-04 16:29:38 - [MESSAGE][WARNING] - A browser is already opened. Closing browser and opening a new one

2023-01-04 16:29:39 - [MESSAGE][INFO] - Starting 'Chrome' driver

2023-01-04 16:29:39 - [MESSAGE][INFO] - User set preference: ['acceptInsecureCerts', 'true']

2023-01-04 16:29:39 - [MESSAGE][INFO] - Action delay is set to 0 milliseconds

2023-01-04 16:29:40 - [MESSAGE][PASSED] - Browser is opened with url: ''

2023-01-04 16:29:40 - [TEST_STEP][PASSED] - maximizeWindow(): Current window maximized

2023-01-04 16:29:40 - [MESSAGE][PASSED] - Current window maximized

2023-01-04 16:29:40 - [TEST_STEP][PASSED] - navigateToUrl(RADurl): Navigate to 'https://qa.velocitypayment.com/client/rad/index.html' successfully

2023-01-04 16:29:42 - [MESSAGE][PASSED] - Navigate to 'https://qa.velocitypayment.com/client/rad/index.html' successfully

2023-01-04 16:29:42 - [TEST_STEP][PASSED] - orPath_Landing = "Object Repository/RAD_Pages/Landing_Page": null

2023-01-04 16:29:42 - [TEST_STEP][PASSED] - orPath_TaxTypeFilingYear = "Object Repository/RAD_Pages/TaxTypeFilingYear_Page": null

2023-01-04 16:29:42 - [TEST_STEP][PASSED] - orPath_TaxPayer = "Object Repository/RAD_Pages/Taxpayer_Page": null

2023-01-04 16:29:42 - [TEST_STEP][PASSED] - orPath_AddressContact = "Object Repository/RAD_Pages/AddressAndContactInfo_Page": null

2023-01-04 16:29:42 - [TEST_STEP][PASSED] - orPath_FilingStatus = "Object Repository/RAD_Pages/FilingStatus_Page": null

2023-01-04 16:29:42 - [TEST_STEP][PASSED] - orPath_Amount = "Object Repository/RAD_Pages/PaymentAmount_Page": null

2023-01-04 16:29:42 - [TEST_STEP][PASSED] - orPath_TaxInfo = "Object Repository/RAD_Pages/TaxInfo_Page": null

2023-01-04 16:29:42 - [TEST_STEP][PASSED] - selectOptionByLabel(findTestObject(orPath_Landing + "/dd_TaxType"), "Estimated Tax", false): All options with label 'Estimated Tax' are selected in object 'Object Repository/RAD_Pages/Landing_Page/dd_TaxType' 

2023-01-04 16:29:43 - [MESSAGE][PASSED] - All options with label 'Estimated Tax' are selected in object 'Object Repository/RAD_Pages/Landing_Page/dd_TaxType' 

2023-01-04 16:29:43 - [TEST_STEP][PASSED] - if (verifyElementPresent(findTestObject(orPath_TaxTypeFilingYear + "/select_PaymentType"), 30)): null

2023-01-04 16:29:43 - [MESSAGE][PASSED] - Object 'Object Repository/RAD_Pages/TaxTypeFilingYear_Page/select_PaymentType' is present

2023-01-04 16:29:43 - [TEST_STEP][PASSED] - out.println("Payment Type drop down was found on the Estimated Tax Page"): null

2023-01-04 16:29:43 - [TEST_STEP][PASSED] - if (verifyElementPresent(findTestObject(orPath_TaxTypeFilingYear + "/select_FilingYear"), 30)): null

2023-01-04 16:29:44 - [MESSAGE][PASSED] - Object 'Object Repository/RAD_Pages/TaxTypeFilingYear_Page/select_FilingYear' is present

2023-01-04 16:29:44 - [TEST_STEP][PASSED] - out.println("Filing Year drop down was found on the Estimated Tax Page"): null

2023-01-04 16:29:44 - [TEST_STEP][PASSED] - totalOptionsPaymentType = getNumberOfTotalOption(findTestObject(orPath_TaxTypeFilingYear + "/select_PaymentType")): 3 options of object 'Object Repository/RAD_Pages/TaxTypeFilingYear_Page/select_PaymentType' counted

2023-01-04 16:29:44 - [MESSAGE][PASSED] - 3 options of object 'Object Repository/RAD_Pages/TaxTypeFilingYear_Page/select_PaymentType' counted

2023-01-04 16:29:44 - [TEST_STEP][PASSED] - if (verifyEqual(totalOptionsPaymentType, 3)): null

2023-01-04 16:29:44 - [MESSAGE][PASSED] - Actual object '3' and expected object '3' are equal

2023-01-04 16:29:44 - [TEST_STEP][PASSED] - out.println("Total Options for Payment Type are correct: " + totalOptionsPaymentType): null

2023-01-04 16:29:44 - [TEST_STEP][PASSED] - markPassed("Total Options are correct for Payment Type"): Total Options are correct for Payment Type

2023-01-04 16:29:44 - [MESSAGE][PASSED] - Total Options are correct for Payment Type

2023-01-04 16:29:44 - [TEST_STEP][PASSED] - totalOptionsFilingYear = getNumberOfTotalOption(findTestObject(orPath_TaxTypeFilingYear + "/select_FilingYear")): 1 options of object 'Object Repository/RAD_Pages/TaxTypeFilingYear_Page/select_FilingYear' counted

2023-01-04 16:29:45 - [MESSAGE][PASSED] - 1 options of object 'Object Repository/RAD_Pages/TaxTypeFilingYear_Page/select_FilingYear' counted

2023-01-04 16:29:45 - [TEST_STEP][PASSED] - if (verifyEqual(totalOptionsFilingYear, 1)): null

2023-01-04 16:29:45 - [MESSAGE][PASSED] - Actual object '1' and expected object '1' are equal

2023-01-04 16:29:45 - [TEST_STEP][PASSED] - out.println("Total Options for Filing Year are correct: " + totalOptionsFilingYear): null

2023-01-04 16:29:45 - [TEST_STEP][PASSED] - markPassed("Total Options are correct for Filing Year"): Total Options are correct for Filing Year

2023-01-04 16:29:45 - [MESSAGE][PASSED] - Total Options are correct for Filing Year

2023-01-04 16:29:45 - [TEST_STEP][PASSED] - verifyOptionsPresent(findTestObject(orPath_TaxTypeFilingYear + "/select_PaymentType"), ["Personal", "Corporate"]): Options [Personal, Corporate] present.

2023-01-04 16:29:46 - [MESSAGE][PASSED] - Options [Personal, Corporate] present.

2023-01-04 16:29:46 - [TEST_STEP][PASSED] - verifyTextPresent("Tax Type/Filing Year", true): Text 'Tax Type/Filing Year' is present on page  using regular expression

2023-01-04 16:29:47 - [MESSAGE][PASSED] - Text 'Tax Type/Filing Year' is present on page  using regular expression

2023-01-04 16:29:47 - [TEST_STEP][PASSED] - verifyTextPresent("Taxpayer", true): Text 'Taxpayer' is present on page  using regular expression

2023-01-04 16:29:47 - [MESSAGE][PASSED] - Text 'Taxpayer' is present on page  using regular expression

2023-01-04 16:29:47 - [TEST_STEP][PASSED] - verifyTextPresent("Provide the following taxpayer information", true): Text 'Provide the following taxpayer information' is present on page  using regular expression

2023-01-04 16:29:48 - [MESSAGE][PASSED] - Text 'Provide the following taxpayer information' is present on page  using regular expression

2023-01-04 16:29:48 - [TEST_STEP][PASSED] - verifyTextPresent("Note: If you are paying on behalf of the Taxpayer, enter Taxpayer", true): Text 'Note: If you are paying on behalf of the Taxpayer, enter Taxpayer' is present on page  using regular expression

2023-01-04 16:29:48 - [MESSAGE][PASSED] - Text 'Note: If you are paying on behalf of the Taxpayer, enter Taxpayer' is present on page  using regular expression

2023-01-04 16:29:48 - [TEST_STEP][PASSED] - verifyTextPresent("information here. If you are making a payment for the Taxpayer, you will be required later to enter your own credit card, billing address and other pertinent information", true): Text 'information here. If you are making a payment for the Taxpayer, you will be required later to enter your own credit card, billing address and other pertinent information' is present on page  using regular expression

2023-01-04 16:29:49 - [MESSAGE][PASSED] - Text 'information here. If you are making a payment for the Taxpayer, you will be required later to enter your own credit card, billing address and other pertinent information' is present on page  using regular expression

2023-01-04 16:29:49 - [TEST_STEP][PASSED] - verifyTextPresent("Address and Contact Information", true): Text 'Address and Contact Information' is present on page  using regular expression

2023-01-04 16:29:49 - [MESSAGE][PASSED] - Text 'Address and Contact Information' is present on page  using regular expression

2023-01-04 16:29:49 - [TEST_STEP][PASSED] - verifyTextPresent("Enter the taxpayer", true): Text 'Enter the taxpayer' is present on page  using regular expression

2023-01-04 16:29:50 - [MESSAGE][PASSED] - Text 'Enter the taxpayer' is present on page  using regular expression

2023-01-04 16:29:50 - [TEST_STEP][PASSED] - verifyTextPresent("address and contact information", true): Text 'address and contact information' is present on page  using regular expression

2023-01-04 16:29:50 - [MESSAGE][PASSED] - Text 'address and contact information' is present on page  using regular expression

2023-01-04 16:29:50 - [TEST_STEP][PASSED] - verifyTextPresent("Filing Status", true): Text 'Filing Status' is present on page  using regular expression

2023-01-04 16:29:51 - [MESSAGE][PASSED] - Text 'Filing Status' is present on page  using regular expression

2023-01-04 16:29:51 - [TEST_STEP][PASSED] - verifyTextPresent("Is this an Individual or Joint Filing?", true): Text 'Is this an Individual or Joint Filing?' is present on page  using regular expression

2023-01-04 16:29:51 - [MESSAGE][PASSED] - Text 'Is this an Individual or Joint Filing?' is present on page  using regular expression

2023-01-04 16:29:51 - [TEST_STEP][PASSED] - verifyTextPresent("Filing type", true): Text 'Filing type' is present on page  using regular expression

2023-01-04 16:29:52 - [MESSAGE][PASSED] - Text 'Filing type' is present on page  using regular expression

2023-01-04 16:29:52 - [TEST_STEP][PASSED] - verifyTextPresent("Individual Filing", true): Text 'Individual Filing' is present on page  using regular expression

2023-01-04 16:29:52 - [MESSAGE][PASSED] - Text 'Individual Filing' is present on page  using regular expression

2023-01-04 16:29:52 - [TEST_STEP][PASSED] - verifyTextPresent("Joint Filing", true): Text 'Joint Filing' is present on page  using regular expression

2023-01-04 16:29:53 - [MESSAGE][PASSED] - Text 'Joint Filing' is present on page  using regular expression

2023-01-04 16:29:53 - [TEST_STEP][PASSED] - verifyTextPresent("Payment Amount", true): Text 'Payment Amount' is present on page  using regular expression

2023-01-04 16:29:53 - [MESSAGE][PASSED] - Text 'Payment Amount' is present on page  using regular expression

2023-01-04 16:29:53 - [TEST_STEP][PASSED] - verifyTextPresent("Service Fee: This electronic government service includes a service/convenience fee. Click here for details", true): Text 'Service Fee: This electronic government service includes a service/convenience fee. Click here for details' is present on page  using regular expression

2023-01-04 16:29:53 - [MESSAGE][PASSED] - Text 'Service Fee: This electronic government service includes a service/convenience fee. Click here for details' is present on page  using regular expression

2023-01-04 16:29:53 - [TEST_STEP][PASSED] - verifyElementPresent(findTestObject(orPath_Amount + "/a_Click here for details"), 30): Object 'Object Repository/RAD_Pages/PaymentAmount_Page/a_Click here for details' is present

2023-01-04 16:29:54 - [MESSAGE][PASSED] - Object 'Object Repository/RAD_Pages/PaymentAmount_Page/a_Click here for details' is present

2023-01-04 16:29:54 - [TEST_STEP][PASSED] - verifyElementPresent(findTestObject(orPath_Landing + "/button_Continue"), 30): Object 'Object Repository/RAD_Pages/Landing_Page/button_Continue' is present

2023-01-04 16:29:54 - [MESSAGE][PASSED] - Object 'Object Repository/RAD_Pages/Landing_Page/button_Continue' is present

2023-01-04 16:29:54 - [TEST_STEP][PASSED] - verifyElementPresent(findTestObject(orPath_TaxPayer + "/input_firstName"), 30): Object 'Object Repository/RAD_Pages/Taxpayer_Page/input_firstName' is present

2023-01-04 16:29:55 - [MESSAGE][PASSED] - Object 'Object Repository/RAD_Pages/Taxpayer_Page/input_firstName' is present

2023-01-04 16:29:55 - [TEST_STEP][PASSED] - verifyElementPresent(findTestObject(orPath_TaxPayer + "/input_middleName"), 30): Object 'Object Repository/RAD_Pages/Taxpayer_Page/input_middleName' is present

2023-01-04 16:29:55 - [MESSAGE][PASSED] - Object 'Object Repository/RAD_Pages/Taxpayer_Page/input_middleName' is present

2023-01-04 16:29:55 - [TEST_STEP][PASSED] - verifyElementPresent(findTestObject(orPath_TaxPayer + "/input_lastName"), 30): Object 'Object Repository/RAD_Pages/Taxpayer_Page/input_lastName' is present

2023-01-04 16:29:56 - [MESSAGE][PASSED] - Object 'Object Repository/RAD_Pages/Taxpayer_Page/input_lastName' is present

2023-01-04 16:29:56 - [TEST_STEP][PASSED] - verifyElementPresent(findTestObject(orPath_TaxPayer + "/input_suffix"), 30): Object 'Object Repository/RAD_Pages/Taxpayer_Page/input_suffix' is present

2023-01-04 16:29:56 - [MESSAGE][PASSED] - Object 'Object Repository/RAD_Pages/Taxpayer_Page/input_suffix' is present

2023-01-04 16:29:56 - [TEST_STEP][PASSED] - verifyElementPresent(findTestObject("RAD_RecordAndPlay/input_concatSSN"), 30): Object 'Object Repository/RAD_RecordAndPlay/input_concatSSN' is present

2023-01-04 16:29:57 - [MESSAGE][PASSED] - Object 'Object Repository/RAD_RecordAndPlay/input_concatSSN' is present

2023-01-04 16:29:57 - [TEST_STEP][PASSED] - verifyElementPresent(findTestObject("RAD_RecordAndPlay/input_concatReSSN"), 30): Object 'Object Repository/RAD_RecordAndPlay/input_concatReSSN' is present

2023-01-04 16:29:57 - [MESSAGE][PASSED] - Object 'Object Repository/RAD_RecordAndPlay/input_concatReSSN' is present

2023-01-04 16:29:57 - [TEST_STEP][PASSED] - verifyElementPresent(findTestObject(orPath_AddressContact + "/select_Country"), 30): Object 'Object Repository/RAD_Pages/AddressAndContactInfo_Page/select_Country' is present

2023-01-04 16:29:58 - [MESSAGE][PASSED] - Object 'Object Repository/RAD_Pages/AddressAndContactInfo_Page/select_Country' is present

2023-01-04 16:29:58 - [TEST_STEP][PASSED] - verifyElementPresent(findTestObject(orPath_AddressContact + "/input_streetAddress1"), 30): Object 'Object Repository/RAD_Pages/AddressAndContactInfo_Page/input_streetAddress1' is present

2023-01-04 16:29:58 - [MESSAGE][PASSED] - Object 'Object Repository/RAD_Pages/AddressAndContactInfo_Page/input_streetAddress1' is present

2023-01-04 16:29:58 - [TEST_STEP][PASSED] - verifyElementPresent(findTestObject(orPath_AddressContact + "/input_streetAddress2"), 30): Object 'Object Repository/RAD_Pages/AddressAndContactInfo_Page/input_streetAddress2' is present

2023-01-04 16:29:59 - [MESSAGE][PASSED] - Object 'Object Repository/RAD_Pages/AddressAndContactInfo_Page/input_streetAddress2' is present

2023-01-04 16:29:59 - [TEST_STEP][PASSED] - verifyElementPresent(findTestObject(orPath_AddressContact + "/input_city"), 30): Object 'Object Repository/RAD_Pages/AddressAndContactInfo_Page/input_city' is present

2023-01-04 16:29:59 - [MESSAGE][PASSED] - Object 'Object Repository/RAD_Pages/AddressAndContactInfo_Page/input_city' is present

2023-01-04 16:29:59 - [TEST_STEP][PASSED] - verifyElementPresent(findTestObject(orPath_AddressContact + "/select_State"), 30): Object 'Object Repository/RAD_Pages/AddressAndContactInfo_Page/select_State' is present

2023-01-04 16:30:00 - [MESSAGE][PASSED] - Object 'Object Repository/RAD_Pages/AddressAndContactInfo_Page/select_State' is present

2023-01-04 16:30:00 - [TEST_STEP][PASSED] - verifyElementPresent(findTestObject(orPath_AddressContact + "/input_zipCode"), 30): Object 'Object Repository/RAD_Pages/AddressAndContactInfo_Page/input_zipCode' is present

2023-01-04 16:30:00 - [MESSAGE][PASSED] - Object 'Object Repository/RAD_Pages/AddressAndContactInfo_Page/input_zipCode' is present

2023-01-04 16:30:00 - [TEST_STEP][PASSED] - verifyElementPresent(findTestObject(orPath_AddressContact + "/input_phoneNumber"), 30): Object 'Object Repository/RAD_Pages/AddressAndContactInfo_Page/input_phoneNumber' is present

2023-01-04 16:30:01 - [MESSAGE][PASSED] - Object 'Object Repository/RAD_Pages/AddressAndContactInfo_Page/input_phoneNumber' is present

2023-01-04 16:30:01 - [TEST_STEP][PASSED] - verifyElementPresent(findTestObject(orPath_AddressContact + "/input_eMailAddress"), 30): Object 'Object Repository/RAD_Pages/AddressAndContactInfo_Page/input_eMailAddress' is present

2023-01-04 16:30:01 - [MESSAGE][PASSED] - Object 'Object Repository/RAD_Pages/AddressAndContactInfo_Page/input_eMailAddress' is present

2023-01-04 16:30:01 - [TEST_STEP][PASSED] - verifyElementPresent(findTestObject(orPath_AddressContact + "/input_reEnterEMailAddress"), 30): Object 'Object Repository/RAD_Pages/AddressAndContactInfo_Page/input_reEnterEMailAddress' is present

2023-01-04 16:30:01 - [MESSAGE][PASSED] - Object 'Object Repository/RAD_Pages/AddressAndContactInfo_Page/input_reEnterEMailAddress' is present

2023-01-04 16:30:01 - [TEST_STEP][PASSED] - verifyOptionsPresent(findTestObject(orPath_AddressContact + "/select_Country"), ["United States"]): Options [United States] present.

2023-01-04 16:30:02 - [MESSAGE][PASSED] - Options [United States] present.

2023-01-04 16:30:02 - [TEST_STEP][PASSED] - verifyOptionsPresent(findTestObject(orPath_AddressContact + "/select_State"), ["Alabama", "District of Columbia", "Maryland", "Virginia", "Wyoming"]): Options [Alabama, District of Columbia, Maryland, Virginia, Wyoming] present.

2023-01-04 16:30:04 - [MESSAGE][PASSED] - Options [Alabama, District of Columbia, Maryland, Virginia, Wyoming] present.

2023-01-04 16:30:04 - [TEST_STEP][PASSED] - totalOptionsState = getNumberOfTotalOption(findTestObject(orPath_AddressContact + "/select_State")): 52 options of object 'Object Repository/RAD_Pages/AddressAndContactInfo_Page/select_State' counted

2023-01-04 16:30:04 - [MESSAGE][PASSED] - 52 options of object 'Object Repository/RAD_Pages/AddressAndContactInfo_Page/select_State' counted

2023-01-04 16:30:04 - [TEST_STEP][PASSED] - verifyEqual(totalOptionsState, 52): Actual object '52' and expected object '52' are equal

2023-01-04 16:30:04 - [MESSAGE][PASSED] - Actual object '52' and expected object '52' are equal

2023-01-04 16:30:04 - [TEST_STEP][PASSED] - verifyElementPresent(findTestObject(orPath_FilingStatus + "/input_userType_Individual"), 30): Object 'Object Repository/RAD_Pages/FilingStatus_Page/input_userType_Individual' is present

2023-01-04 16:30:05 - [MESSAGE][PASSED] - Object 'Object Repository/RAD_Pages/FilingStatus_Page/input_userType_Individual' is present

2023-01-04 16:30:05 - [TEST_STEP][PASSED] - verifyElementPresent(findTestObject(orPath_FilingStatus + "/input_userType_Joint"), 30): Object 'Object Repository/RAD_Pages/FilingStatus_Page/input_userType_Joint' is present

2023-01-04 16:30:05 - [MESSAGE][PASSED] - Object 'Object Repository/RAD_Pages/FilingStatus_Page/input_userType_Joint' is present

2023-01-04 16:30:05 - [TEST_STEP][PASSED] - verifyElementPresent(findTestObject(orPath_Amount + "/input__paymentAmount"), 30): Object 'Object Repository/RAD_Pages/PaymentAmount_Page/input__paymentAmount' is present

2023-01-04 16:30:06 - [MESSAGE][PASSED] - Object 'Object Repository/RAD_Pages/PaymentAmount_Page/input__paymentAmount' is present

2023-01-04 16:30:06 - [TEST_STEP][PASSED] - scrollToElement(findTestObject(orPath_Amount + "/input__paymentAmount"), 3): Scroll to object 'Object Repository/RAD_Pages/PaymentAmount_Page/input__paymentAmount' successfully

2023-01-04 16:30:06 - [MESSAGE][PASSED] - Scroll to object 'Object Repository/RAD_Pages/PaymentAmount_Page/input__paymentAmount' successfully

2023-01-04 16:30:06 - [TEST_STEP][PASSED] - waitForElementClickable(findTestObject(orPath_FilingStatus + "/input_userType_Joint"), 5): Object 'Object Repository/RAD_Pages/FilingStatus_Page/input_userType_Joint' is clickable

2023-01-04 16:30:07 - [MESSAGE][PASSED] - Object 'Object Repository/RAD_Pages/FilingStatus_Page/input_userType_Joint' is clickable

2023-01-04 16:30:07 - [TEST_STEP][PASSED] - click(findTestObject(orPath_FilingStatus + "/input_userType_Joint")): Object: 'Object Repository/RAD_Pages/FilingStatus_Page/input_userType_Joint' is clicked on

2023-01-04 16:30:07 - [MESSAGE][PASSED] - Object: 'Object Repository/RAD_Pages/FilingStatus_Page/input_userType_Joint' is clicked on

2023-01-04 16:30:07 - [TEST_STEP][PASSED] - verifyTextPresent("Provide the following information for the joint filer", true): Text 'Provide the following information for the joint filer' is present on page  using regular expression

2023-01-04 16:30:08 - [MESSAGE][PASSED] - Text 'Provide the following information for the joint filer' is present on page  using regular expression

2023-01-04 16:30:08 - [TEST_STEP][PASSED] - verifyElementPresent(findTestObject(orPath_FilingStatus + "/input_jointFirstName"), 30): Object 'Object Repository/RAD_Pages/FilingStatus_Page/input_jointFirstName' is present

2023-01-04 16:30:08 - [MESSAGE][PASSED] - Object 'Object Repository/RAD_Pages/FilingStatus_Page/input_jointFirstName' is present

2023-01-04 16:30:08 - [TEST_STEP][PASSED] - verifyElementPresent(findTestObject(orPath_FilingStatus + "/input_jointMiddleName"), 30): Object 'Object Repository/RAD_Pages/FilingStatus_Page/input_jointMiddleName' is present

2023-01-04 16:30:08 - [MESSAGE][PASSED] - Object 'Object Repository/RAD_Pages/FilingStatus_Page/input_jointMiddleName' is present

2023-01-04 16:30:08 - [TEST_STEP][PASSED] - verifyElementPresent(findTestObject(orPath_FilingStatus + "/input_jointLastName"), 30): Object 'Object Repository/RAD_Pages/FilingStatus_Page/input_jointLastName' is present

2023-01-04 16:30:09 - [MESSAGE][PASSED] - Object 'Object Repository/RAD_Pages/FilingStatus_Page/input_jointLastName' is present

2023-01-04 16:30:09 - [TEST_STEP][PASSED] - verifyElementPresent(findTestObject(orPath_FilingStatus + "/input_jointSuffix"), 30): Object 'Object Repository/RAD_Pages/FilingStatus_Page/input_jointSuffix' is present

2023-01-04 16:30:09 - [MESSAGE][PASSED] - Object 'Object Repository/RAD_Pages/FilingStatus_Page/input_jointSuffix' is present

2023-01-04 16:30:09 - [TEST_STEP][PASSED] - verifyElementPresent(findTestObject("Object Repository/RAD_RecordAndPlay/input_JointFilerSSN"), 30): Object 'Object Repository/RAD_RecordAndPlay/input_JointFilerSSN' is present

2023-01-04 16:30:10 - [MESSAGE][PASSED] - Object 'Object Repository/RAD_RecordAndPlay/input_JointFilerSSN' is present

2023-01-04 16:30:10 - [TEST_STEP][PASSED] - verifyElementPresent(findTestObject("Object Repository/RAD_RecordAndPlay/input_reTypeJointFilerSSN"), 30): Object 'Object Repository/RAD_RecordAndPlay/input_reTypeJointFilerSSN' is present

2023-01-04 16:30:10 - [MESSAGE][PASSED] - Object 'Object Repository/RAD_RecordAndPlay/input_reTypeJointFilerSSN' is present

2023-01-04 16:30:10 - [TEST_STEP][PASSED] - selectOptionByLabel(findTestObject(orPath_TaxTypeFilingYear + "/select_PaymentType"), "Personal", false): All options with label 'Personal' are selected in object 'Object Repository/RAD_Pages/TaxTypeFilingYear_Page/select_PaymentType' 

2023-01-04 16:30:11 - [MESSAGE][PASSED] - All options with label 'Personal' are selected in object 'Object Repository/RAD_Pages/TaxTypeFilingYear_Page/select_PaymentType' 

2023-01-04 16:30:11 - [TEST_STEP][PASSED] - verifyElementVisible(findTestObject(orPath_TaxPayer + "/input_firstName")): Object 'Object Repository/RAD_Pages/Taxpayer_Page/input_firstName' is visible

2023-01-04 16:30:12 - [MESSAGE][PASSED] - Object 'Object Repository/RAD_Pages/Taxpayer_Page/input_firstName' is visible

2023-01-04 16:30:12 - [TEST_STEP][PASSED] - verifyElementVisible(findTestObject(orPath_TaxPayer + "/input_middleName")): Object 'Object Repository/RAD_Pages/Taxpayer_Page/input_middleName' is visible

2023-01-04 16:30:12 - [MESSAGE][PASSED] - Object 'Object Repository/RAD_Pages/Taxpayer_Page/input_middleName' is visible

2023-01-04 16:30:12 - [TEST_STEP][PASSED] - verifyElementVisible(findTestObject(orPath_TaxPayer + "/input_lastName")): Object 'Object Repository/RAD_Pages/Taxpayer_Page/input_lastName' is visible

2023-01-04 16:30:13 - [MESSAGE][PASSED] - Object 'Object Repository/RAD_Pages/Taxpayer_Page/input_lastName' is visible

2023-01-04 16:30:13 - [TEST_STEP][PASSED] - verifyElementVisible(findTestObject(orPath_TaxPayer + "/input_suffix")): Object 'Object Repository/RAD_Pages/Taxpayer_Page/input_suffix' is visible

2023-01-04 16:30:13 - [MESSAGE][PASSED] - Object 'Object Repository/RAD_Pages/Taxpayer_Page/input_suffix' is visible

2023-01-04 16:30:13 - [TEST_STEP][PASSED] - verifyElementVisible(findTestObject("RAD_RecordAndPlay/input_concatSSN")): Object 'Object Repository/RAD_RecordAndPlay/input_concatSSN' is visible

2023-01-04 16:30:14 - [MESSAGE][PASSED] - Object 'Object Repository/RAD_RecordAndPlay/input_concatSSN' is visible

2023-01-04 16:30:14 - [TEST_STEP][PASSED] - verifyElementVisible(findTestObject("RAD_RecordAndPlay/input_concatReSSN")): Object 'Object Repository/RAD_RecordAndPlay/input_concatReSSN' is visible

2023-01-04 16:30:14 - [MESSAGE][PASSED] - Object 'Object Repository/RAD_RecordAndPlay/input_concatReSSN' is visible

2023-01-04 16:30:14 - [TEST_STEP][PASSED] - verifyElementVisible(findTestObject(orPath_FilingStatus + "/input_userType_Individual")): Object 'Object Repository/RAD_Pages/FilingStatus_Page/input_userType_Individual' is visible

2023-01-04 16:30:15 - [MESSAGE][PASSED] - Object 'Object Repository/RAD_Pages/FilingStatus_Page/input_userType_Individual' is visible

2023-01-04 16:30:15 - [TEST_STEP][PASSED] - verifyElementVisible(findTestObject(orPath_FilingStatus + "/input_userType_Joint")): Object 'Object Repository/RAD_Pages/FilingStatus_Page/input_userType_Joint' is visible

2023-01-04 16:30:15 - [MESSAGE][PASSED] - Object 'Object Repository/RAD_Pages/FilingStatus_Page/input_userType_Joint' is visible

2023-01-04 16:30:15 - [TEST_STEP][PASSED] - verifyElementNotVisible(findTestObject(orPath_TaxPayer + "/input_Note_businessName")): Object 'Object Repository/RAD_Pages/Taxpayer_Page/input_Note_businessName' is NOT visible

2023-01-04 16:30:16 - [MESSAGE][PASSED] - Object 'Object Repository/RAD_Pages/Taxpayer_Page/input_Note_businessName' is NOT visible

2023-01-04 16:30:16 - [TEST_STEP][PASSED] - verifyElementNotVisible(findTestObject(orPath_TaxInfo + "/input_FederalEIN-2")): Object 'Object Repository/RAD_Pages/TaxInfo_Page/input_FederalEIN-2' is NOT visible

2023-01-04 16:30:16 - [MESSAGE][PASSED] - Object 'Object Repository/RAD_Pages/TaxInfo_Page/input_FederalEIN-2' is NOT visible

2023-01-04 16:30:16 - [TEST_STEP][PASSED] - verifyElementNotVisible(findTestObject(orPath_TaxInfo + "/input_FederalEIN_ReEnter-2")): Object 'Object Repository/RAD_Pages/TaxInfo_Page/input_FederalEIN_ReEnter-2' is NOT visible

2023-01-04 16:30:17 - [MESSAGE][PASSED] - Object 'Object Repository/RAD_Pages/TaxInfo_Page/input_FederalEIN_ReEnter-2' is NOT visible

2023-01-04 16:30:17 - [TEST_STEP][PASSED] - selectOptionByLabel(findTestObject(orPath_TaxTypeFilingYear + "/select_PaymentType"), "Corporate", false): All options with label 'Corporate' are selected in object 'Object Repository/RAD_Pages/TaxTypeFilingYear_Page/select_PaymentType' 

2023-01-04 16:30:18 - [MESSAGE][PASSED] - All options with label 'Corporate' are selected in object 'Object Repository/RAD_Pages/TaxTypeFilingYear_Page/select_PaymentType' 

2023-01-04 16:30:18 - [TEST_STEP][PASSED] - verifyElementPresent(findTestObject(orPath_TaxTypeFilingYear + "/select_PeriodEnding"), 30): Object 'Object Repository/RAD_Pages/TaxTypeFilingYear_Page/select_PeriodEnding' is present

2023-01-04 16:30:18 - [MESSAGE][PASSED] - Object 'Object Repository/RAD_Pages/TaxTypeFilingYear_Page/select_PeriodEnding' is present

2023-01-04 16:30:18 - [TEST_STEP][PASSED] - totalOptionsPeriodEnding = getNumberOfTotalOption(findTestObject(orPath_TaxTypeFilingYear + "/select_PeriodEnding")): 13 options of object 'Object Repository/RAD_Pages/TaxTypeFilingYear_Page/select_PeriodEnding' counted

2023-01-04 16:30:19 - [MESSAGE][PASSED] - 13 options of object 'Object Repository/RAD_Pages/TaxTypeFilingYear_Page/select_PeriodEnding' counted

2023-01-04 16:30:19 - [TEST_STEP][PASSED] - verifyEqual(totalOptionsPeriodEnding, 13): Actual object '13' and expected object '13' are equal

2023-01-04 16:30:19 - [MESSAGE][PASSED] - Actual object '13' and expected object '13' are equal

2023-01-04 16:30:19 - [TEST_STEP][PASSED] - verifyOptionsPresent(findTestObject(orPath_TaxTypeFilingYear + "/select_PeriodEnding"), ["Month", "January", "February", "March", "April", "May", "June"]): Options [Month, January, February, March, April, May, June] present.

2023-01-04 16:30:20 - [MESSAGE][PASSED] - Options [Month, January, February, March, April, May, June] present.

2023-01-04 16:30:20 - [TEST_STEP][PASSED] - verifyOptionsPresent(findTestObject(orPath_TaxTypeFilingYear + "/select_PeriodEnding"), ["July", "August", "September", "October", "November", "December"]): Options [July, August, September, October, November, December] present.

2023-01-04 16:30:21 - [MESSAGE][PASSED] - Options [July, August, September, October, November, December] present.

2023-01-04 16:30:21 - [TEST_STEP][PASSED] - verifyElementVisible(findTestObject(orPath_TaxPayer + "/input_Note_businessName")): Object 'Object Repository/RAD_Pages/Taxpayer_Page/input_Note_businessName' is visible

2023-01-04 16:30:22 - [MESSAGE][PASSED] - Object 'Object Repository/RAD_Pages/Taxpayer_Page/input_Note_businessName' is visible

2023-01-04 16:30:22 - [TEST_STEP][PASSED] - verifyElementVisible(findTestObject(orPath_TaxInfo + "/input_FederalEIN-2")): Object 'Object Repository/RAD_Pages/TaxInfo_Page/input_FederalEIN-2' is visible

2023-01-04 16:30:22 - [MESSAGE][PASSED] - Object 'Object Repository/RAD_Pages/TaxInfo_Page/input_FederalEIN-2' is visible

2023-01-04 16:30:22 - [TEST_STEP][PASSED] - verifyElementVisible(findTestObject(orPath_TaxInfo + "/input_FederalEIN_ReEnter-2")): Object 'Object Repository/RAD_Pages/TaxInfo_Page/input_FederalEIN_ReEnter-2' is visible

2023-01-04 16:30:23 - [MESSAGE][PASSED] - Object 'Object Repository/RAD_Pages/TaxInfo_Page/input_FederalEIN_ReEnter-2' is visible

2023-01-04 16:30:23 - [TEST_STEP][PASSED] - verifyElementNotVisible(findTestObject(orPath_TaxPayer + "/input_firstName")): Object 'Object Repository/RAD_Pages/Taxpayer_Page/input_firstName' is NOT visible

2023-01-04 16:30:23 - [MESSAGE][PASSED] - Object 'Object Repository/RAD_Pages/Taxpayer_Page/input_firstName' is NOT visible

2023-01-04 16:30:23 - [TEST_STEP][PASSED] - verifyElementNotVisible(findTestObject(orPath_TaxPayer + "/input_middleName")): Object 'Object Repository/RAD_Pages/Taxpayer_Page/input_middleName' is NOT visible

2023-01-04 16:30:24 - [MESSAGE][PASSED] - Object 'Object Repository/RAD_Pages/Taxpayer_Page/input_middleName' is NOT visible

2023-01-04 16:30:24 - [TEST_STEP][PASSED] - verifyElementNotVisible(findTestObject(orPath_TaxPayer + "/input_lastName")): Object 'Object Repository/RAD_Pages/Taxpayer_Page/input_lastName' is NOT visible

2023-01-04 16:30:24 - [MESSAGE][PASSED] - Object 'Object Repository/RAD_Pages/Taxpayer_Page/input_lastName' is NOT visible

2023-01-04 16:30:24 - [TEST_STEP][PASSED] - verifyElementNotVisible(findTestObject(orPath_TaxPayer + "/input_suffix")): Object 'Object Repository/RAD_Pages/Taxpayer_Page/input_suffix' is NOT visible

2023-01-04 16:30:24 - [MESSAGE][PASSED] - Object 'Object Repository/RAD_Pages/Taxpayer_Page/input_suffix' is NOT visible

2023-01-04 16:30:24 - [TEST_STEP][PASSED] - verifyElementNotVisible(findTestObject("RAD_RecordAndPlay/input_concatSSN")): Object 'Object Repository/RAD_RecordAndPlay/input_concatSSN' is NOT visible

2023-01-04 16:30:25 - [MESSAGE][PASSED] - Object 'Object Repository/RAD_RecordAndPlay/input_concatSSN' is NOT visible

2023-01-04 16:30:25 - [TEST_STEP][PASSED] - verifyElementNotVisible(findTestObject("RAD_RecordAndPlay/input_concatReSSN")): Object 'Object Repository/RAD_RecordAndPlay/input_concatReSSN' is NOT visible

2023-01-04 16:30:25 - [MESSAGE][PASSED] - Object 'Object Repository/RAD_RecordAndPlay/input_concatReSSN' is NOT visible

2023-01-04 16:30:25 - [TEST_STEP][PASSED] - verifyElementNotVisible(findTestObject(orPath_FilingStatus + "/input_userType_Individual")): Object 'Object Repository/RAD_Pages/FilingStatus_Page/input_userType_Individual' is NOT visible

2023-01-04 16:30:26 - [MESSAGE][PASSED] - Object 'Object Repository/RAD_Pages/FilingStatus_Page/input_userType_Individual' is NOT visible

2023-01-04 16:30:26 - [TEST_STEP][PASSED] - verifyElementNotVisible(findTestObject(orPath_FilingStatus + "/input_userType_Joint")): Object 'Object Repository/RAD_Pages/FilingStatus_Page/input_userType_Joint' is NOT visible

2023-01-04 16:30:26 - [MESSAGE][PASSED] - Object 'Object Repository/RAD_Pages/FilingStatus_Page/input_userType_Joint' is NOT visible]]></system-out>
         <system-err><![CDATA[]]></system-err>
      </testcase>
      <testcase name="Test Cases/RAD_TestCases/UI_TestCases/PersonalIncomeTax_UI_TC" time="41.663" classname="Test Cases/RAD_TestCases/UI_TestCases/PersonalIncomeTax_UI_TC" status="PASSED">
         <system-out><![CDATA[2023-01-04 16:30:26 - [TEST_CASE][PASSED] - Test Cases/RAD_TestCases/UI_TestCases/PersonalIncomeTax_UI_TC: Test Cases/RAD_TestCases/UI_TestCases/PersonalIncomeTax_UI_TC

2023-01-04 16:30:27 - [TEST_STEP][PASSED] - openBrowser(""): Browser is opened with url: ''

2023-01-04 16:30:27 - [MESSAGE][WARNING] - A browser is already opened. Closing browser and opening a new one

2023-01-04 16:30:28 - [MESSAGE][INFO] - Starting 'Chrome' driver

2023-01-04 16:30:28 - [MESSAGE][INFO] - User set preference: ['acceptInsecureCerts', 'true']

2023-01-04 16:30:28 - [MESSAGE][INFO] - Action delay is set to 0 milliseconds

2023-01-04 16:30:29 - [MESSAGE][PASSED] - Browser is opened with url: ''

2023-01-04 16:30:29 - [TEST_STEP][PASSED] - maximizeWindow(): Current window maximized

2023-01-04 16:30:29 - [MESSAGE][PASSED] - Current window maximized

2023-01-04 16:30:29 - [TEST_STEP][PASSED] - navigateToUrl(RADurl): Navigate to 'https://qa.velocitypayment.com/client/rad/index.html' successfully

2023-01-04 16:30:31 - [MESSAGE][PASSED] - Navigate to 'https://qa.velocitypayment.com/client/rad/index.html' successfully

2023-01-04 16:30:31 - [TEST_STEP][PASSED] - orPath_Landing = "Object Repository/RAD_Pages/Landing_Page": null

2023-01-04 16:30:31 - [TEST_STEP][PASSED] - orPath_TaxTypeFilingYear = "Object Repository/RAD_Pages/TaxTypeFilingYear_Page": null

2023-01-04 16:30:31 - [TEST_STEP][PASSED] - orPath_TaxPayer = "Object Repository/RAD_Pages/Taxpayer_Page": null

2023-01-04 16:30:31 - [TEST_STEP][PASSED] - orPath_AddressContact = "Object Repository/RAD_Pages/AddressAndContactInfo_Page": null

2023-01-04 16:30:31 - [TEST_STEP][PASSED] - orPath_FilingStatus = "Object Repository/RAD_Pages/FilingStatus_Page": null

2023-01-04 16:30:31 - [TEST_STEP][PASSED] - orPath_Amount = "Object Repository/RAD_Pages/PaymentAmount_Page": null

2023-01-04 16:30:31 - [TEST_STEP][PASSED] - selectOptionByLabel(findTestObject(orPath_Landing + "/dd_TaxType"), "Personal Income Tax", false): All options with label 'Personal Income Tax' are selected in object 'Object Repository/RAD_Pages/Landing_Page/dd_TaxType' 

2023-01-04 16:30:32 - [MESSAGE][PASSED] - All options with label 'Personal Income Tax' are selected in object 'Object Repository/RAD_Pages/Landing_Page/dd_TaxType' 

2023-01-04 16:30:32 - [TEST_STEP][PASSED] - verifyElementPresent(findTestObject(orPath_TaxTypeFilingYear + "/select_FilingYear"), 30): Object 'Object Repository/RAD_Pages/TaxTypeFilingYear_Page/select_FilingYear' is present

2023-01-04 16:30:32 - [MESSAGE][PASSED] - Object 'Object Repository/RAD_Pages/TaxTypeFilingYear_Page/select_FilingYear' is present

2023-01-04 16:30:32 - [TEST_STEP][PASSED] - totalOptionsFilingYear = getNumberOfTotalOption(findTestObject(orPath_TaxTypeFilingYear + "/select_FilingYear")): 4 options of object 'Object Repository/RAD_Pages/TaxTypeFilingYear_Page/select_FilingYear' counted

2023-01-04 16:30:33 - [MESSAGE][PASSED] - 4 options of object 'Object Repository/RAD_Pages/TaxTypeFilingYear_Page/select_FilingYear' counted

2023-01-04 16:30:33 - [TEST_STEP][PASSED] - verifyEqual(totalOptionsFilingYear, 4): Actual object '4' and expected object '4' are equal

2023-01-04 16:30:33 - [MESSAGE][PASSED] - Actual object '4' and expected object '4' are equal

2023-01-04 16:30:33 - [TEST_STEP][PASSED] - verifyOptionsPresent(findTestObject(orPath_TaxTypeFilingYear + "/select_FilingYear"), ["2020", "2021", "2022"]): Options [2020, 2021, 2022] present.

2023-01-04 16:30:34 - [MESSAGE][PASSED] - Options [2020, 2021, 2022] present.

2023-01-04 16:30:34 - [TEST_STEP][PASSED] - verifyTextPresent("Tax Type/Filing Year", true): Text 'Tax Type/Filing Year' is present on page  using regular expression

2023-01-04 16:30:34 - [MESSAGE][PASSED] - Text 'Tax Type/Filing Year' is present on page  using regular expression

2023-01-04 16:30:34 - [TEST_STEP][PASSED] - verifyTextPresent("Taxpayer", true): Text 'Taxpayer' is present on page  using regular expression

2023-01-04 16:30:35 - [MESSAGE][PASSED] - Text 'Taxpayer' is present on page  using regular expression

2023-01-04 16:30:35 - [TEST_STEP][PASSED] - verifyTextPresent("Provide the following taxpayer information", true): Text 'Provide the following taxpayer information' is present on page  using regular expression

2023-01-04 16:30:35 - [MESSAGE][PASSED] - Text 'Provide the following taxpayer information' is present on page  using regular expression

2023-01-04 16:30:35 - [TEST_STEP][PASSED] - verifyTextPresent("Note: If you are paying on behalf of the Taxpayer, enter Taxpayer", true): Text 'Note: If you are paying on behalf of the Taxpayer, enter Taxpayer' is present on page  using regular expression

2023-01-04 16:30:36 - [MESSAGE][PASSED] - Text 'Note: If you are paying on behalf of the Taxpayer, enter Taxpayer' is present on page  using regular expression

2023-01-04 16:30:36 - [TEST_STEP][PASSED] - verifyTextPresent("information here. If you are making a payment for the Taxpayer, you will be required later to enter your own credit card, billing address and other pertinent information", true): Text 'information here. If you are making a payment for the Taxpayer, you will be required later to enter your own credit card, billing address and other pertinent information' is present on page  using regular expression

2023-01-04 16:30:36 - [MESSAGE][PASSED] - Text 'information here. If you are making a payment for the Taxpayer, you will be required later to enter your own credit card, billing address and other pertinent information' is present on page  using regular expression

2023-01-04 16:30:36 - [TEST_STEP][PASSED] - verifyTextPresent("Address and Contact Information", true): Text 'Address and Contact Information' is present on page  using regular expression

2023-01-04 16:30:37 - [MESSAGE][PASSED] - Text 'Address and Contact Information' is present on page  using regular expression

2023-01-04 16:30:37 - [TEST_STEP][PASSED] - verifyTextPresent("Enter the taxpayer", true): Text 'Enter the taxpayer' is present on page  using regular expression

2023-01-04 16:30:37 - [MESSAGE][PASSED] - Text 'Enter the taxpayer' is present on page  using regular expression

2023-01-04 16:30:37 - [TEST_STEP][PASSED] - verifyTextPresent("address and contact information", true): Text 'address and contact information' is present on page  using regular expression

2023-01-04 16:30:38 - [MESSAGE][PASSED] - Text 'address and contact information' is present on page  using regular expression

2023-01-04 16:30:38 - [TEST_STEP][PASSED] - verifyTextPresent("Filing Status", true): Text 'Filing Status' is present on page  using regular expression

2023-01-04 16:30:38 - [MESSAGE][PASSED] - Text 'Filing Status' is present on page  using regular expression

2023-01-04 16:30:38 - [TEST_STEP][PASSED] - verifyTextPresent("Is this an Individual or Joint Filing?", true): Text 'Is this an Individual or Joint Filing?' is present on page  using regular expression

2023-01-04 16:30:39 - [MESSAGE][PASSED] - Text 'Is this an Individual or Joint Filing?' is present on page  using regular expression

2023-01-04 16:30:39 - [TEST_STEP][PASSED] - verifyTextPresent("Filing type", true): Text 'Filing type' is present on page  using regular expression

2023-01-04 16:30:39 - [MESSAGE][PASSED] - Text 'Filing type' is present on page  using regular expression

2023-01-04 16:30:39 - [TEST_STEP][PASSED] - verifyTextPresent("Individual Filing", true): Text 'Individual Filing' is present on page  using regular expression

2023-01-04 16:30:40 - [MESSAGE][PASSED] - Text 'Individual Filing' is present on page  using regular expression

2023-01-04 16:30:40 - [TEST_STEP][PASSED] - verifyTextPresent("Joint Filing", true): Text 'Joint Filing' is present on page  using regular expression

2023-01-04 16:30:40 - [MESSAGE][PASSED] - Text 'Joint Filing' is present on page  using regular expression

2023-01-04 16:30:40 - [TEST_STEP][PASSED] - verifyTextPresent("Payment Amount", true): Text 'Payment Amount' is present on page  using regular expression

2023-01-04 16:30:41 - [MESSAGE][PASSED] - Text 'Payment Amount' is present on page  using regular expression

2023-01-04 16:30:41 - [TEST_STEP][PASSED] - verifyTextPresent("Service Fee: This electronic government service includes a service/convenience fee. Click here for details", true): Text 'Service Fee: This electronic government service includes a service/convenience fee. Click here for details' is present on page  using regular expression

2023-01-04 16:30:41 - [MESSAGE][PASSED] - Text 'Service Fee: This electronic government service includes a service/convenience fee. Click here for details' is present on page  using regular expression

2023-01-04 16:30:41 - [TEST_STEP][PASSED] - verifyElementPresent(findTestObject(orPath_Amount + "/a_Click here for details"), 30): Object 'Object Repository/RAD_Pages/PaymentAmount_Page/a_Click here for details' is present

2023-01-04 16:30:42 - [MESSAGE][PASSED] - Object 'Object Repository/RAD_Pages/PaymentAmount_Page/a_Click here for details' is present

2023-01-04 16:30:42 - [TEST_STEP][PASSED] - verifyElementPresent(findTestObject(orPath_Landing + "/button_Continue"), 30): Object 'Object Repository/RAD_Pages/Landing_Page/button_Continue' is present

2023-01-04 16:30:42 - [MESSAGE][PASSED] - Object 'Object Repository/RAD_Pages/Landing_Page/button_Continue' is present

2023-01-04 16:30:42 - [TEST_STEP][PASSED] - verifyElementPresent(findTestObject(orPath_TaxPayer + "/input_firstName"), 30): Object 'Object Repository/RAD_Pages/Taxpayer_Page/input_firstName' is present

2023-01-04 16:30:43 - [MESSAGE][PASSED] - Object 'Object Repository/RAD_Pages/Taxpayer_Page/input_firstName' is present

2023-01-04 16:30:43 - [TEST_STEP][PASSED] - verifyElementPresent(findTestObject(orPath_TaxPayer + "/input_middleName"), 30): Object 'Object Repository/RAD_Pages/Taxpayer_Page/input_middleName' is present

2023-01-04 16:30:43 - [MESSAGE][PASSED] - Object 'Object Repository/RAD_Pages/Taxpayer_Page/input_middleName' is present

2023-01-04 16:30:43 - [TEST_STEP][PASSED] - verifyElementPresent(findTestObject(orPath_TaxPayer + "/input_lastName"), 30): Object 'Object Repository/RAD_Pages/Taxpayer_Page/input_lastName' is present

2023-01-04 16:30:43 - [MESSAGE][PASSED] - Object 'Object Repository/RAD_Pages/Taxpayer_Page/input_lastName' is present

2023-01-04 16:30:43 - [TEST_STEP][PASSED] - verifyElementPresent(findTestObject(orPath_TaxPayer + "/input_suffix"), 30): Object 'Object Repository/RAD_Pages/Taxpayer_Page/input_suffix' is present

2023-01-04 16:30:44 - [MESSAGE][PASSED] - Object 'Object Repository/RAD_Pages/Taxpayer_Page/input_suffix' is present

2023-01-04 16:30:44 - [TEST_STEP][PASSED] - verifyElementPresent(findTestObject("RAD_RecordAndPlay/input_concatSSN"), 30): Object 'Object Repository/RAD_RecordAndPlay/input_concatSSN' is present

2023-01-04 16:30:44 - [MESSAGE][PASSED] - Object 'Object Repository/RAD_RecordAndPlay/input_concatSSN' is present

2023-01-04 16:30:44 - [TEST_STEP][PASSED] - verifyElementPresent(findTestObject("RAD_RecordAndPlay/input_concatReSSN"), 30): Object 'Object Repository/RAD_RecordAndPlay/input_concatReSSN' is present

2023-01-04 16:30:45 - [MESSAGE][PASSED] - Object 'Object Repository/RAD_RecordAndPlay/input_concatReSSN' is present

2023-01-04 16:30:45 - [TEST_STEP][PASSED] - verifyElementPresent(findTestObject(orPath_AddressContact + "/select_Country"), 30): Object 'Object Repository/RAD_Pages/AddressAndContactInfo_Page/select_Country' is present

2023-01-04 16:30:46 - [MESSAGE][PASSED] - Object 'Object Repository/RAD_Pages/AddressAndContactInfo_Page/select_Country' is present

2023-01-04 16:30:46 - [TEST_STEP][PASSED] - verifyElementPresent(findTestObject(orPath_AddressContact + "/input_streetAddress1"), 30): Object 'Object Repository/RAD_Pages/AddressAndContactInfo_Page/input_streetAddress1' is present

2023-01-04 16:30:46 - [MESSAGE][PASSED] - Object 'Object Repository/RAD_Pages/AddressAndContactInfo_Page/input_streetAddress1' is present

2023-01-04 16:30:46 - [TEST_STEP][PASSED] - verifyElementPresent(findTestObject(orPath_AddressContact + "/input_streetAddress2"), 30): Object 'Object Repository/RAD_Pages/AddressAndContactInfo_Page/input_streetAddress2' is present

2023-01-04 16:30:46 - [MESSAGE][PASSED] - Object 'Object Repository/RAD_Pages/AddressAndContactInfo_Page/input_streetAddress2' is present

2023-01-04 16:30:46 - [TEST_STEP][PASSED] - verifyElementPresent(findTestObject(orPath_AddressContact + "/input_city"), 30): Object 'Object Repository/RAD_Pages/AddressAndContactInfo_Page/input_city' is present

2023-01-04 16:30:47 - [MESSAGE][PASSED] - Object 'Object Repository/RAD_Pages/AddressAndContactInfo_Page/input_city' is present

2023-01-04 16:30:47 - [TEST_STEP][PASSED] - verifyElementPresent(findTestObject(orPath_AddressContact + "/select_State"), 30): Object 'Object Repository/RAD_Pages/AddressAndContactInfo_Page/select_State' is present

2023-01-04 16:30:47 - [MESSAGE][PASSED] - Object 'Object Repository/RAD_Pages/AddressAndContactInfo_Page/select_State' is present

2023-01-04 16:30:47 - [TEST_STEP][PASSED] - verifyElementPresent(findTestObject(orPath_AddressContact + "/input_zipCode"), 30): Object 'Object Repository/RAD_Pages/AddressAndContactInfo_Page/input_zipCode' is present

2023-01-04 16:30:48 - [MESSAGE][PASSED] - Object 'Object Repository/RAD_Pages/AddressAndContactInfo_Page/input_zipCode' is present

2023-01-04 16:30:48 - [TEST_STEP][PASSED] - verifyElementPresent(findTestObject(orPath_AddressContact + "/input_phoneNumber"), 30): Object 'Object Repository/RAD_Pages/AddressAndContactInfo_Page/input_phoneNumber' is present

2023-01-04 16:30:48 - [MESSAGE][PASSED] - Object 'Object Repository/RAD_Pages/AddressAndContactInfo_Page/input_phoneNumber' is present

2023-01-04 16:30:48 - [TEST_STEP][PASSED] - verifyElementPresent(findTestObject(orPath_AddressContact + "/input_eMailAddress"), 30): Object 'Object Repository/RAD_Pages/AddressAndContactInfo_Page/input_eMailAddress' is present

2023-01-04 16:30:48 - [MESSAGE][PASSED] - Object 'Object Repository/RAD_Pages/AddressAndContactInfo_Page/input_eMailAddress' is present

2023-01-04 16:30:48 - [TEST_STEP][PASSED] - verifyElementPresent(findTestObject(orPath_AddressContact + "/input_reEnterEMailAddress"), 30): Object 'Object Repository/RAD_Pages/AddressAndContactInfo_Page/input_reEnterEMailAddress' is present

2023-01-04 16:30:49 - [MESSAGE][PASSED] - Object 'Object Repository/RAD_Pages/AddressAndContactInfo_Page/input_reEnterEMailAddress' is present

2023-01-04 16:30:49 - [TEST_STEP][PASSED] - verifyOptionsPresent(findTestObject(orPath_AddressContact + "/select_Country"), ["United States"]): Options [United States] present.

2023-01-04 16:30:50 - [MESSAGE][PASSED] - Options [United States] present.

2023-01-04 16:30:50 - [TEST_STEP][PASSED] - verifyOptionsPresent(findTestObject(orPath_AddressContact + "/select_State"), ["Alabama", "District of Columbia", "Maryland", "Virginia", "Wyoming"]): Options [Alabama, District of Columbia, Maryland, Virginia, Wyoming] present.

2023-01-04 16:30:51 - [MESSAGE][PASSED] - Options [Alabama, District of Columbia, Maryland, Virginia, Wyoming] present.

2023-01-04 16:30:51 - [TEST_STEP][PASSED] - totalOptionsState = getNumberOfTotalOption(findTestObject(orPath_AddressContact + "/select_State")): 52 options of object 'Object Repository/RAD_Pages/AddressAndContactInfo_Page/select_State' counted

2023-01-04 16:30:52 - [MESSAGE][PASSED] - 52 options of object 'Object Repository/RAD_Pages/AddressAndContactInfo_Page/select_State' counted

2023-01-04 16:30:52 - [TEST_STEP][PASSED] - verifyEqual(totalOptionsState, 52): Actual object '52' and expected object '52' are equal

2023-01-04 16:30:52 - [MESSAGE][PASSED] - Actual object '52' and expected object '52' are equal

2023-01-04 16:30:52 - [TEST_STEP][PASSED] - verifyElementPresent(findTestObject(orPath_FilingStatus + "/input_userType_Individual"), 30): Object 'Object Repository/RAD_Pages/FilingStatus_Page/input_userType_Individual' is present

2023-01-04 16:30:52 - [MESSAGE][PASSED] - Object 'Object Repository/RAD_Pages/FilingStatus_Page/input_userType_Individual' is present

2023-01-04 16:30:52 - [TEST_STEP][PASSED] - verifyElementPresent(findTestObject(orPath_FilingStatus + "/input_userType_Joint"), 30): Object 'Object Repository/RAD_Pages/FilingStatus_Page/input_userType_Joint' is present

2023-01-04 16:30:53 - [MESSAGE][PASSED] - Object 'Object Repository/RAD_Pages/FilingStatus_Page/input_userType_Joint' is present

2023-01-04 16:30:53 - [TEST_STEP][PASSED] - verifyElementPresent(findTestObject(orPath_Amount + "/input__paymentAmount"), 30): Object 'Object Repository/RAD_Pages/PaymentAmount_Page/input__paymentAmount' is present

2023-01-04 16:30:53 - [MESSAGE][PASSED] - Object 'Object Repository/RAD_Pages/PaymentAmount_Page/input__paymentAmount' is present

2023-01-04 16:30:53 - [TEST_STEP][PASSED] - delay(10): Delayed 10 second(s)

2023-01-04 16:31:03 - [MESSAGE][PASSED] - Delayed 10 second(s)

2023-01-04 16:31:03 - [TEST_STEP][PASSED] - scrollToElement(findTestObject(orPath_Amount + "/input__paymentAmount"), 3): Scroll to object 'Object Repository/RAD_Pages/PaymentAmount_Page/input__paymentAmount' successfully

2023-01-04 16:31:04 - [MESSAGE][PASSED] - Scroll to object 'Object Repository/RAD_Pages/PaymentAmount_Page/input__paymentAmount' successfully

2023-01-04 16:31:04 - [TEST_STEP][PASSED] - waitForElementClickable(findTestObject(orPath_FilingStatus + "/input_userType_Joint"), 5): Object 'Object Repository/RAD_Pages/FilingStatus_Page/input_userType_Joint' is clickable

2023-01-04 16:31:04 - [MESSAGE][PASSED] - Object 'Object Repository/RAD_Pages/FilingStatus_Page/input_userType_Joint' is clickable

2023-01-04 16:31:04 - [TEST_STEP][PASSED] - click(findTestObject(orPath_FilingStatus + "/input_userType_Joint")): Object: 'Object Repository/RAD_Pages/FilingStatus_Page/input_userType_Joint' is clicked on

2023-01-04 16:31:05 - [MESSAGE][PASSED] - Object: 'Object Repository/RAD_Pages/FilingStatus_Page/input_userType_Joint' is clicked on

2023-01-04 16:31:05 - [TEST_STEP][PASSED] - verifyTextPresent("Provide the following information for the joint filer", true): Text 'Provide the following information for the joint filer' is present on page  using regular expression

2023-01-04 16:31:05 - [MESSAGE][PASSED] - Text 'Provide the following information for the joint filer' is present on page  using regular expression

2023-01-04 16:31:05 - [TEST_STEP][PASSED] - verifyElementPresent(findTestObject(orPath_FilingStatus + "/input_jointFirstName"), 30): Object 'Object Repository/RAD_Pages/FilingStatus_Page/input_jointFirstName' is present

2023-01-04 16:31:06 - [MESSAGE][PASSED] - Object 'Object Repository/RAD_Pages/FilingStatus_Page/input_jointFirstName' is present

2023-01-04 16:31:06 - [TEST_STEP][PASSED] - verifyElementPresent(findTestObject(orPath_FilingStatus + "/input_jointMiddleName"), 30): Object 'Object Repository/RAD_Pages/FilingStatus_Page/input_jointMiddleName' is present

2023-01-04 16:31:06 - [MESSAGE][PASSED] - Object 'Object Repository/RAD_Pages/FilingStatus_Page/input_jointMiddleName' is present

2023-01-04 16:31:06 - [TEST_STEP][PASSED] - verifyElementPresent(findTestObject(orPath_FilingStatus + "/input_jointLastName"), 30): Object 'Object Repository/RAD_Pages/FilingStatus_Page/input_jointLastName' is present

2023-01-04 16:31:06 - [MESSAGE][PASSED] - Object 'Object Repository/RAD_Pages/FilingStatus_Page/input_jointLastName' is present

2023-01-04 16:31:06 - [TEST_STEP][PASSED] - verifyElementPresent(findTestObject(orPath_FilingStatus + "/input_jointSuffix"), 30): Object 'Object Repository/RAD_Pages/FilingStatus_Page/input_jointSuffix' is present

2023-01-04 16:31:07 - [MESSAGE][PASSED] - Object 'Object Repository/RAD_Pages/FilingStatus_Page/input_jointSuffix' is present

2023-01-04 16:31:07 - [TEST_STEP][PASSED] - verifyElementPresent(findTestObject("Object Repository/RAD_RecordAndPlay/input_JointFilerSSN"), 30): Object 'Object Repository/RAD_RecordAndPlay/input_JointFilerSSN' is present

2023-01-04 16:31:07 - [MESSAGE][PASSED] - Object 'Object Repository/RAD_RecordAndPlay/input_JointFilerSSN' is present

2023-01-04 16:31:07 - [TEST_STEP][PASSED] - verifyElementPresent(findTestObject("Object Repository/RAD_RecordAndPlay/input_reTypeJointFilerSSN"), 30): Object 'Object Repository/RAD_RecordAndPlay/input_reTypeJointFilerSSN' is present

2023-01-04 16:31:08 - [MESSAGE][PASSED] - Object 'Object Repository/RAD_RecordAndPlay/input_reTypeJointFilerSSN' is present]]></system-out>
         <system-err><![CDATA[]]></system-err>
      </testcase>
      <testcase name="Test Cases/RAD_TestCases/UI_TestCases/ExtensionPayments_UI_TC" time="48.359" classname="Test Cases/RAD_TestCases/UI_TestCases/ExtensionPayments_UI_TC" status="PASSED">
         <system-out><![CDATA[2023-01-04 16:31:08 - [TEST_CASE][PASSED] - Test Cases/RAD_TestCases/UI_TestCases/ExtensionPayments_UI_TC: Test Cases/RAD_TestCases/UI_TestCases/ExtensionPayments_UI_TC

2023-01-04 16:31:08 - [TEST_STEP][PASSED] - openBrowser(""): Browser is opened with url: ''

2023-01-04 16:31:08 - [MESSAGE][WARNING] - A browser is already opened. Closing browser and opening a new one

2023-01-04 16:31:09 - [MESSAGE][INFO] - Starting 'Chrome' driver

2023-01-04 16:31:09 - [MESSAGE][INFO] - User set preference: ['acceptInsecureCerts', 'true']

2023-01-04 16:31:09 - [MESSAGE][INFO] - Action delay is set to 0 milliseconds

2023-01-04 16:31:11 - [MESSAGE][PASSED] - Browser is opened with url: ''

2023-01-04 16:31:11 - [TEST_STEP][PASSED] - maximizeWindow(): Current window maximized

2023-01-04 16:31:11 - [MESSAGE][PASSED] - Current window maximized

2023-01-04 16:31:11 - [TEST_STEP][PASSED] - navigateToUrl(RADurl): Navigate to 'https://qa.velocitypayment.com/client/rad/index.html' successfully

2023-01-04 16:31:12 - [MESSAGE][PASSED] - Navigate to 'https://qa.velocitypayment.com/client/rad/index.html' successfully

2023-01-04 16:31:12 - [TEST_STEP][PASSED] - orPath_Landing = "Object Repository/RAD_Pages/Landing_Page": null

2023-01-04 16:31:12 - [TEST_STEP][PASSED] - orPath_TaxTypeFilingYear = "Object Repository/RAD_Pages/TaxTypeFilingYear_Page": null

2023-01-04 16:31:12 - [TEST_STEP][PASSED] - orPath_TaxPayer = "Object Repository/RAD_Pages/Taxpayer_Page": null

2023-01-04 16:31:12 - [TEST_STEP][PASSED] - orPath_AddressContact = "Object Repository/RAD_Pages/AddressAndContactInfo_Page": null

2023-01-04 16:31:12 - [TEST_STEP][PASSED] - orPath_FilingStatus = "Object Repository/RAD_Pages/FilingStatus_Page": null

2023-01-04 16:31:12 - [TEST_STEP][PASSED] - orPath_Amount = "Object Repository/RAD_Pages/PaymentAmount_Page": null

2023-01-04 16:31:12 - [TEST_STEP][PASSED] - orPath_TaxInfo = "Object Repository/RAD_Pages/TaxInfo_Page": null

2023-01-04 16:31:12 - [TEST_STEP][PASSED] - selectOptionByLabel(findTestObject(orPath_Landing + "/dd_TaxType"), "Extension Payments", false): All options with label 'Extension Payments' are selected in object 'Object Repository/RAD_Pages/Landing_Page/dd_TaxType' 

2023-01-04 16:31:13 - [MESSAGE][PASSED] - All options with label 'Extension Payments' are selected in object 'Object Repository/RAD_Pages/Landing_Page/dd_TaxType' 

2023-01-04 16:31:13 - [TEST_STEP][PASSED] - verifyElementPresent(findTestObject(orPath_TaxTypeFilingYear + "/select_PaymentType"), 30): Object 'Object Repository/RAD_Pages/TaxTypeFilingYear_Page/select_PaymentType' is present

2023-01-04 16:31:14 - [MESSAGE][PASSED] - Object 'Object Repository/RAD_Pages/TaxTypeFilingYear_Page/select_PaymentType' is present

2023-01-04 16:31:14 - [TEST_STEP][PASSED] - totalOptionsPaymentType = getNumberOfTotalOption(findTestObject(orPath_TaxTypeFilingYear + "/select_PaymentType")): 3 options of object 'Object Repository/RAD_Pages/TaxTypeFilingYear_Page/select_PaymentType' counted

2023-01-04 16:31:15 - [MESSAGE][PASSED] - 3 options of object 'Object Repository/RAD_Pages/TaxTypeFilingYear_Page/select_PaymentType' counted

2023-01-04 16:31:15 - [TEST_STEP][PASSED] - verifyEqual(totalOptionsPaymentType, 3): Actual object '3' and expected object '3' are equal

2023-01-04 16:31:15 - [MESSAGE][PASSED] - Actual object '3' and expected object '3' are equal

2023-01-04 16:31:15 - [TEST_STEP][PASSED] - verifyOptionsPresent(findTestObject(orPath_TaxTypeFilingYear + "/select_PaymentType"), ["Personal", "Corporate"]): Options [Personal, Corporate] present.

2023-01-04 16:31:15 - [MESSAGE][PASSED] - Options [Personal, Corporate] present.

2023-01-04 16:31:15 - [TEST_STEP][PASSED] - verifyElementPresent(findTestObject(orPath_TaxTypeFilingYear + "/select_FilingYear"), 30): Object 'Object Repository/RAD_Pages/TaxTypeFilingYear_Page/select_FilingYear' is present

2023-01-04 16:31:16 - [MESSAGE][PASSED] - Object 'Object Repository/RAD_Pages/TaxTypeFilingYear_Page/select_FilingYear' is present

2023-01-04 16:31:16 - [TEST_STEP][PASSED] - totalOptionsFilingYear = getNumberOfTotalOption(findTestObject(orPath_TaxTypeFilingYear + "/select_FilingYear")): 1 options of object 'Object Repository/RAD_Pages/TaxTypeFilingYear_Page/select_FilingYear' counted

2023-01-04 16:31:17 - [MESSAGE][PASSED] - 1 options of object 'Object Repository/RAD_Pages/TaxTypeFilingYear_Page/select_FilingYear' counted

2023-01-04 16:31:17 - [TEST_STEP][PASSED] - verifyEqual(totalOptionsFilingYear, 1): Actual object '1' and expected object '1' are equal

2023-01-04 16:31:17 - [MESSAGE][PASSED] - Actual object '1' and expected object '1' are equal

2023-01-04 16:31:17 - [TEST_STEP][PASSED] - verifyOptionsPresent(findTestObject(orPath_TaxTypeFilingYear + "/select_FilingYear"), ["2022"]): Options [2022] present.

2023-01-04 16:31:18 - [MESSAGE][PASSED] - Options [2022] present.

2023-01-04 16:31:18 - [TEST_STEP][PASSED] - verifyTextPresent("Tax Type/Filing Year", true): Text 'Tax Type/Filing Year' is present on page  using regular expression

2023-01-04 16:31:18 - [MESSAGE][PASSED] - Text 'Tax Type/Filing Year' is present on page  using regular expression

2023-01-04 16:31:18 - [TEST_STEP][PASSED] - verifyTextPresent("Taxpayer", true): Text 'Taxpayer' is present on page  using regular expression

2023-01-04 16:31:19 - [MESSAGE][PASSED] - Text 'Taxpayer' is present on page  using regular expression

2023-01-04 16:31:19 - [TEST_STEP][PASSED] - verifyTextPresent("Provide the following taxpayer information", true): Text 'Provide the following taxpayer information' is present on page  using regular expression

2023-01-04 16:31:19 - [MESSAGE][PASSED] - Text 'Provide the following taxpayer information' is present on page  using regular expression

2023-01-04 16:31:19 - [TEST_STEP][PASSED] - verifyTextPresent("Note: If you are paying on behalf of the Taxpayer, enter Taxpayer", true): Text 'Note: If you are paying on behalf of the Taxpayer, enter Taxpayer' is present on page  using regular expression

2023-01-04 16:31:19 - [MESSAGE][PASSED] - Text 'Note: If you are paying on behalf of the Taxpayer, enter Taxpayer' is present on page  using regular expression

2023-01-04 16:31:19 - [TEST_STEP][PASSED] - verifyTextPresent("information here. If you are making a payment for the Taxpayer, you will be required later to enter your own credit card, billing address and other pertinent information", true): Text 'information here. If you are making a payment for the Taxpayer, you will be required later to enter your own credit card, billing address and other pertinent information' is present on page  using regular expression

2023-01-04 16:31:20 - [MESSAGE][PASSED] - Text 'information here. If you are making a payment for the Taxpayer, you will be required later to enter your own credit card, billing address and other pertinent information' is present on page  using regular expression

2023-01-04 16:31:20 - [TEST_STEP][PASSED] - verifyTextPresent("Address and Contact Information", true): Text 'Address and Contact Information' is present on page  using regular expression

2023-01-04 16:31:20 - [MESSAGE][PASSED] - Text 'Address and Contact Information' is present on page  using regular expression

2023-01-04 16:31:20 - [TEST_STEP][PASSED] - verifyTextPresent("Enter the taxpayer", true): Text 'Enter the taxpayer' is present on page  using regular expression

2023-01-04 16:31:21 - [MESSAGE][PASSED] - Text 'Enter the taxpayer' is present on page  using regular expression

2023-01-04 16:31:21 - [TEST_STEP][PASSED] - verifyTextPresent("address and contact information", true): Text 'address and contact information' is present on page  using regular expression

2023-01-04 16:31:21 - [MESSAGE][PASSED] - Text 'address and contact information' is present on page  using regular expression

2023-01-04 16:31:21 - [TEST_STEP][PASSED] - verifyTextPresent("Filing Status", true): Text 'Filing Status' is present on page  using regular expression

2023-01-04 16:31:22 - [MESSAGE][PASSED] - Text 'Filing Status' is present on page  using regular expression

2023-01-04 16:31:22 - [TEST_STEP][PASSED] - verifyTextPresent("Is this an Individual or Joint Filing?", true): Text 'Is this an Individual or Joint Filing?' is present on page  using regular expression

2023-01-04 16:31:22 - [MESSAGE][PASSED] - Text 'Is this an Individual or Joint Filing?' is present on page  using regular expression

2023-01-04 16:31:22 - [TEST_STEP][PASSED] - verifyTextPresent("Filing type", true): Text 'Filing type' is present on page  using regular expression

2023-01-04 16:31:23 - [MESSAGE][PASSED] - Text 'Filing type' is present on page  using regular expression

2023-01-04 16:31:23 - [TEST_STEP][PASSED] - verifyTextPresent("Individual Filing", true): Text 'Individual Filing' is present on page  using regular expression

2023-01-04 16:31:23 - [MESSAGE][PASSED] - Text 'Individual Filing' is present on page  using regular expression

2023-01-04 16:31:23 - [TEST_STEP][PASSED] - verifyTextPresent("Joint Filing", true): Text 'Joint Filing' is present on page  using regular expression

2023-01-04 16:31:24 - [MESSAGE][PASSED] - Text 'Joint Filing' is present on page  using regular expression

2023-01-04 16:31:24 - [TEST_STEP][PASSED] - verifyTextPresent("Payment Amount", true): Text 'Payment Amount' is present on page  using regular expression

2023-01-04 16:31:24 - [MESSAGE][PASSED] - Text 'Payment Amount' is present on page  using regular expression

2023-01-04 16:31:24 - [TEST_STEP][PASSED] - verifyTextPresent("Service Fee: This electronic government service includes a service/convenience fee. Click here for details", true): Text 'Service Fee: This electronic government service includes a service/convenience fee. Click here for details' is present on page  using regular expression

2023-01-04 16:31:24 - [MESSAGE][PASSED] - Text 'Service Fee: This electronic government service includes a service/convenience fee. Click here for details' is present on page  using regular expression

2023-01-04 16:31:24 - [TEST_STEP][PASSED] - verifyElementPresent(findTestObject(orPath_Amount + "/a_Click here for details"), 30): Object 'Object Repository/RAD_Pages/PaymentAmount_Page/a_Click here for details' is present

2023-01-04 16:31:25 - [MESSAGE][PASSED] - Object 'Object Repository/RAD_Pages/PaymentAmount_Page/a_Click here for details' is present

2023-01-04 16:31:25 - [TEST_STEP][PASSED] - verifyElementPresent(findTestObject(orPath_Landing + "/button_Continue"), 30): Object 'Object Repository/RAD_Pages/Landing_Page/button_Continue' is present

2023-01-04 16:31:25 - [MESSAGE][PASSED] - Object 'Object Repository/RAD_Pages/Landing_Page/button_Continue' is present

2023-01-04 16:31:25 - [TEST_STEP][PASSED] - verifyElementPresent(findTestObject(orPath_TaxPayer + "/input_firstName"), 30): Object 'Object Repository/RAD_Pages/Taxpayer_Page/input_firstName' is present

2023-01-04 16:31:26 - [MESSAGE][PASSED] - Object 'Object Repository/RAD_Pages/Taxpayer_Page/input_firstName' is present

2023-01-04 16:31:26 - [TEST_STEP][PASSED] - verifyElementPresent(findTestObject(orPath_TaxPayer + "/input_middleName"), 30): Object 'Object Repository/RAD_Pages/Taxpayer_Page/input_middleName' is present

2023-01-04 16:31:26 - [MESSAGE][PASSED] - Object 'Object Repository/RAD_Pages/Taxpayer_Page/input_middleName' is present

2023-01-04 16:31:26 - [TEST_STEP][PASSED] - verifyElementPresent(findTestObject(orPath_TaxPayer + "/input_lastName"), 30): Object 'Object Repository/RAD_Pages/Taxpayer_Page/input_lastName' is present

2023-01-04 16:31:26 - [MESSAGE][PASSED] - Object 'Object Repository/RAD_Pages/Taxpayer_Page/input_lastName' is present

2023-01-04 16:31:26 - [TEST_STEP][PASSED] - verifyElementPresent(findTestObject(orPath_TaxPayer + "/input_suffix"), 30): Object 'Object Repository/RAD_Pages/Taxpayer_Page/input_suffix' is present

2023-01-04 16:31:27 - [MESSAGE][PASSED] - Object 'Object Repository/RAD_Pages/Taxpayer_Page/input_suffix' is present

2023-01-04 16:31:27 - [TEST_STEP][PASSED] - verifyElementPresent(findTestObject("RAD_RecordAndPlay/input_concatSSN"), 30): Object 'Object Repository/RAD_RecordAndPlay/input_concatSSN' is present

2023-01-04 16:31:27 - [MESSAGE][PASSED] - Object 'Object Repository/RAD_RecordAndPlay/input_concatSSN' is present

2023-01-04 16:31:27 - [TEST_STEP][PASSED] - verifyElementPresent(findTestObject("RAD_RecordAndPlay/input_concatReSSN"), 30): Object 'Object Repository/RAD_RecordAndPlay/input_concatReSSN' is present

2023-01-04 16:31:28 - [MESSAGE][PASSED] - Object 'Object Repository/RAD_RecordAndPlay/input_concatReSSN' is present

2023-01-04 16:31:28 - [TEST_STEP][PASSED] - verifyElementPresent(findTestObject(orPath_AddressContact + "/select_Country"), 30): Object 'Object Repository/RAD_Pages/AddressAndContactInfo_Page/select_Country' is present

2023-01-04 16:31:29 - [MESSAGE][PASSED] - Object 'Object Repository/RAD_Pages/AddressAndContactInfo_Page/select_Country' is present

2023-01-04 16:31:29 - [TEST_STEP][PASSED] - verifyElementPresent(findTestObject(orPath_AddressContact + "/input_streetAddress1"), 30): Object 'Object Repository/RAD_Pages/AddressAndContactInfo_Page/input_streetAddress1' is present

2023-01-04 16:31:29 - [MESSAGE][PASSED] - Object 'Object Repository/RAD_Pages/AddressAndContactInfo_Page/input_streetAddress1' is present

2023-01-04 16:31:29 - [TEST_STEP][PASSED] - verifyElementPresent(findTestObject(orPath_AddressContact + "/input_streetAddress2"), 30): Object 'Object Repository/RAD_Pages/AddressAndContactInfo_Page/input_streetAddress2' is present

2023-01-04 16:31:29 - [MESSAGE][PASSED] - Object 'Object Repository/RAD_Pages/AddressAndContactInfo_Page/input_streetAddress2' is present

2023-01-04 16:31:29 - [TEST_STEP][PASSED] - verifyElementPresent(findTestObject(orPath_AddressContact + "/input_city"), 30): Object 'Object Repository/RAD_Pages/AddressAndContactInfo_Page/input_city' is present

2023-01-04 16:31:30 - [MESSAGE][PASSED] - Object 'Object Repository/RAD_Pages/AddressAndContactInfo_Page/input_city' is present

2023-01-04 16:31:30 - [TEST_STEP][PASSED] - verifyElementPresent(findTestObject(orPath_AddressContact + "/select_State"), 30): Object 'Object Repository/RAD_Pages/AddressAndContactInfo_Page/select_State' is present

2023-01-04 16:31:30 - [MESSAGE][PASSED] - Object 'Object Repository/RAD_Pages/AddressAndContactInfo_Page/select_State' is present

2023-01-04 16:31:30 - [TEST_STEP][PASSED] - verifyElementPresent(findTestObject(orPath_AddressContact + "/input_zipCode"), 30): Object 'Object Repository/RAD_Pages/AddressAndContactInfo_Page/input_zipCode' is present

2023-01-04 16:31:31 - [MESSAGE][PASSED] - Object 'Object Repository/RAD_Pages/AddressAndContactInfo_Page/input_zipCode' is present

2023-01-04 16:31:31 - [TEST_STEP][PASSED] - verifyElementPresent(findTestObject(orPath_AddressContact + "/input_phoneNumber"), 30): Object 'Object Repository/RAD_Pages/AddressAndContactInfo_Page/input_phoneNumber' is present

2023-01-04 16:31:31 - [MESSAGE][PASSED] - Object 'Object Repository/RAD_Pages/AddressAndContactInfo_Page/input_phoneNumber' is present

2023-01-04 16:31:31 - [TEST_STEP][PASSED] - verifyElementPresent(findTestObject(orPath_AddressContact + "/input_eMailAddress"), 30): Object 'Object Repository/RAD_Pages/AddressAndContactInfo_Page/input_eMailAddress' is present

2023-01-04 16:31:32 - [MESSAGE][PASSED] - Object 'Object Repository/RAD_Pages/AddressAndContactInfo_Page/input_eMailAddress' is present

2023-01-04 16:31:32 - [TEST_STEP][PASSED] - verifyElementPresent(findTestObject(orPath_AddressContact + "/input_reEnterEMailAddress"), 30): Object 'Object Repository/RAD_Pages/AddressAndContactInfo_Page/input_reEnterEMailAddress' is present

2023-01-04 16:31:32 - [MESSAGE][PASSED] - Object 'Object Repository/RAD_Pages/AddressAndContactInfo_Page/input_reEnterEMailAddress' is present

2023-01-04 16:31:32 - [TEST_STEP][PASSED] - verifyOptionsPresent(findTestObject(orPath_AddressContact + "/select_Country"), ["United States"]): Options [United States] present.

2023-01-04 16:31:33 - [MESSAGE][PASSED] - Options [United States] present.

2023-01-04 16:31:33 - [TEST_STEP][PASSED] - verifyOptionsPresent(findTestObject(orPath_AddressContact + "/select_State"), ["Alabama", "District of Columbia", "Maryland", "Virginia", "Wyoming"]): Options [Alabama, District of Columbia, Maryland, Virginia, Wyoming] present.

2023-01-04 16:31:34 - [MESSAGE][PASSED] - Options [Alabama, District of Columbia, Maryland, Virginia, Wyoming] present.

2023-01-04 16:31:34 - [TEST_STEP][PASSED] - totalOptionsState = getNumberOfTotalOption(findTestObject(orPath_AddressContact + "/select_State")): 52 options of object 'Object Repository/RAD_Pages/AddressAndContactInfo_Page/select_State' counted

2023-01-04 16:31:35 - [MESSAGE][PASSED] - 52 options of object 'Object Repository/RAD_Pages/AddressAndContactInfo_Page/select_State' counted

2023-01-04 16:31:35 - [TEST_STEP][PASSED] - verifyEqual(totalOptionsState, 52): Actual object '52' and expected object '52' are equal

2023-01-04 16:31:35 - [MESSAGE][PASSED] - Actual object '52' and expected object '52' are equal

2023-01-04 16:31:35 - [TEST_STEP][PASSED] - verifyElementPresent(findTestObject(orPath_FilingStatus + "/input_userType_Individual"), 30): Object 'Object Repository/RAD_Pages/FilingStatus_Page/input_userType_Individual' is present

2023-01-04 16:31:35 - [MESSAGE][PASSED] - Object 'Object Repository/RAD_Pages/FilingStatus_Page/input_userType_Individual' is present

2023-01-04 16:31:35 - [TEST_STEP][PASSED] - verifyElementPresent(findTestObject(orPath_FilingStatus + "/input_userType_Joint"), 30): Object 'Object Repository/RAD_Pages/FilingStatus_Page/input_userType_Joint' is present

2023-01-04 16:31:36 - [MESSAGE][PASSED] - Object 'Object Repository/RAD_Pages/FilingStatus_Page/input_userType_Joint' is present

2023-01-04 16:31:36 - [TEST_STEP][PASSED] - verifyElementPresent(findTestObject(orPath_Amount + "/input__paymentAmount"), 30): Object 'Object Repository/RAD_Pages/PaymentAmount_Page/input__paymentAmount' is present

2023-01-04 16:31:36 - [MESSAGE][PASSED] - Object 'Object Repository/RAD_Pages/PaymentAmount_Page/input__paymentAmount' is present

2023-01-04 16:31:36 - [TEST_STEP][PASSED] - scrollToElement(findTestObject(orPath_Amount + "/input__paymentAmount"), 3): Scroll to object 'Object Repository/RAD_Pages/PaymentAmount_Page/input__paymentAmount' successfully

2023-01-04 16:31:37 - [MESSAGE][PASSED] - Scroll to object 'Object Repository/RAD_Pages/PaymentAmount_Page/input__paymentAmount' successfully

2023-01-04 16:31:37 - [TEST_STEP][PASSED] - waitForElementClickable(findTestObject(orPath_FilingStatus + "/input_userType_Joint"), 5): Object 'Object Repository/RAD_Pages/FilingStatus_Page/input_userType_Joint' is clickable

2023-01-04 16:31:37 - [MESSAGE][PASSED] - Object 'Object Repository/RAD_Pages/FilingStatus_Page/input_userType_Joint' is clickable

2023-01-04 16:31:37 - [TEST_STEP][PASSED] - click(findTestObject(orPath_FilingStatus + "/input_userType_Joint")): Object: 'Object Repository/RAD_Pages/FilingStatus_Page/input_userType_Joint' is clicked on

2023-01-04 16:31:37 - [MESSAGE][PASSED] - Object: 'Object Repository/RAD_Pages/FilingStatus_Page/input_userType_Joint' is clicked on

2023-01-04 16:31:37 - [TEST_STEP][PASSED] - verifyTextPresent("Provide the following information for the joint filer", true): Text 'Provide the following information for the joint filer' is present on page  using regular expression

2023-01-04 16:31:38 - [MESSAGE][PASSED] - Text 'Provide the following information for the joint filer' is present on page  using regular expression

2023-01-04 16:31:38 - [TEST_STEP][PASSED] - verifyElementPresent(findTestObject(orPath_FilingStatus + "/input_jointFirstName"), 30): Object 'Object Repository/RAD_Pages/FilingStatus_Page/input_jointFirstName' is present

2023-01-04 16:31:38 - [MESSAGE][PASSED] - Object 'Object Repository/RAD_Pages/FilingStatus_Page/input_jointFirstName' is present

2023-01-04 16:31:38 - [TEST_STEP][PASSED] - verifyElementPresent(findTestObject(orPath_FilingStatus + "/input_jointMiddleName"), 30): Object 'Object Repository/RAD_Pages/FilingStatus_Page/input_jointMiddleName' is present

2023-01-04 16:31:39 - [MESSAGE][PASSED] - Object 'Object Repository/RAD_Pages/FilingStatus_Page/input_jointMiddleName' is present

2023-01-04 16:31:39 - [TEST_STEP][PASSED] - verifyElementPresent(findTestObject(orPath_FilingStatus + "/input_jointLastName"), 30): Object 'Object Repository/RAD_Pages/FilingStatus_Page/input_jointLastName' is present

2023-01-04 16:31:39 - [MESSAGE][PASSED] - Object 'Object Repository/RAD_Pages/FilingStatus_Page/input_jointLastName' is present

2023-01-04 16:31:39 - [TEST_STEP][PASSED] - verifyElementPresent(findTestObject(orPath_FilingStatus + "/input_jointSuffix"), 30): Object 'Object Repository/RAD_Pages/FilingStatus_Page/input_jointSuffix' is present

2023-01-04 16:31:40 - [MESSAGE][PASSED] - Object 'Object Repository/RAD_Pages/FilingStatus_Page/input_jointSuffix' is present

2023-01-04 16:31:40 - [TEST_STEP][PASSED] - verifyElementPresent(findTestObject("Object Repository/RAD_RecordAndPlay/input_JointFilerSSN"), 30): Object 'Object Repository/RAD_RecordAndPlay/input_JointFilerSSN' is present

2023-01-04 16:31:40 - [MESSAGE][PASSED] - Object 'Object Repository/RAD_RecordAndPlay/input_JointFilerSSN' is present

2023-01-04 16:31:40 - [TEST_STEP][PASSED] - verifyElementPresent(findTestObject("Object Repository/RAD_RecordAndPlay/input_reTypeJointFilerSSN"), 30): Object 'Object Repository/RAD_RecordAndPlay/input_reTypeJointFilerSSN' is present

2023-01-04 16:31:41 - [MESSAGE][PASSED] - Object 'Object Repository/RAD_RecordAndPlay/input_reTypeJointFilerSSN' is present

2023-01-04 16:31:41 - [TEST_STEP][PASSED] - selectOptionByLabel(findTestObject(orPath_TaxTypeFilingYear + "/select_PaymentType"), "Personal", false): All options with label 'Personal' are selected in object 'Object Repository/RAD_Pages/TaxTypeFilingYear_Page/select_PaymentType' 

2023-01-04 16:31:42 - [MESSAGE][PASSED] - All options with label 'Personal' are selected in object 'Object Repository/RAD_Pages/TaxTypeFilingYear_Page/select_PaymentType' 

2023-01-04 16:31:42 - [TEST_STEP][PASSED] - verifyElementVisible(findTestObject(orPath_TaxPayer + "/input_firstName")): Object 'Object Repository/RAD_Pages/Taxpayer_Page/input_firstName' is visible

2023-01-04 16:31:42 - [MESSAGE][PASSED] - Object 'Object Repository/RAD_Pages/Taxpayer_Page/input_firstName' is visible

2023-01-04 16:31:42 - [TEST_STEP][PASSED] - verifyElementVisible(findTestObject(orPath_TaxPayer + "/input_middleName")): Object 'Object Repository/RAD_Pages/Taxpayer_Page/input_middleName' is visible

2023-01-04 16:31:43 - [MESSAGE][PASSED] - Object 'Object Repository/RAD_Pages/Taxpayer_Page/input_middleName' is visible

2023-01-04 16:31:43 - [TEST_STEP][PASSED] - verifyElementVisible(findTestObject(orPath_TaxPayer + "/input_lastName")): Object 'Object Repository/RAD_Pages/Taxpayer_Page/input_lastName' is visible

2023-01-04 16:31:43 - [MESSAGE][PASSED] - Object 'Object Repository/RAD_Pages/Taxpayer_Page/input_lastName' is visible

2023-01-04 16:31:43 - [TEST_STEP][PASSED] - verifyElementVisible(findTestObject(orPath_TaxPayer + "/input_suffix")): Object 'Object Repository/RAD_Pages/Taxpayer_Page/input_suffix' is visible

2023-01-04 16:31:44 - [MESSAGE][PASSED] - Object 'Object Repository/RAD_Pages/Taxpayer_Page/input_suffix' is visible

2023-01-04 16:31:44 - [TEST_STEP][PASSED] - verifyElementVisible(findTestObject("RAD_RecordAndPlay/input_concatSSN")): Object 'Object Repository/RAD_RecordAndPlay/input_concatSSN' is visible

2023-01-04 16:31:44 - [MESSAGE][PASSED] - Object 'Object Repository/RAD_RecordAndPlay/input_concatSSN' is visible

2023-01-04 16:31:44 - [TEST_STEP][PASSED] - verifyElementVisible(findTestObject("RAD_RecordAndPlay/input_concatReSSN")): Object 'Object Repository/RAD_RecordAndPlay/input_concatReSSN' is visible

2023-01-04 16:31:45 - [MESSAGE][PASSED] - Object 'Object Repository/RAD_RecordAndPlay/input_concatReSSN' is visible

2023-01-04 16:31:45 - [TEST_STEP][PASSED] - verifyElementVisible(findTestObject(orPath_FilingStatus + "/input_userType_Individual")): Object 'Object Repository/RAD_Pages/FilingStatus_Page/input_userType_Individual' is visible

2023-01-04 16:31:45 - [MESSAGE][PASSED] - Object 'Object Repository/RAD_Pages/FilingStatus_Page/input_userType_Individual' is visible

2023-01-04 16:31:45 - [TEST_STEP][PASSED] - verifyElementVisible(findTestObject(orPath_FilingStatus + "/input_userType_Joint")): Object 'Object Repository/RAD_Pages/FilingStatus_Page/input_userType_Joint' is visible

2023-01-04 16:31:46 - [MESSAGE][PASSED] - Object 'Object Repository/RAD_Pages/FilingStatus_Page/input_userType_Joint' is visible

2023-01-04 16:31:46 - [TEST_STEP][PASSED] - verifyElementNotVisible(findTestObject(orPath_TaxPayer + "/input_Note_businessName")): Object 'Object Repository/RAD_Pages/Taxpayer_Page/input_Note_businessName' is NOT visible

2023-01-04 16:31:46 - [MESSAGE][PASSED] - Object 'Object Repository/RAD_Pages/Taxpayer_Page/input_Note_businessName' is NOT visible

2023-01-04 16:31:46 - [TEST_STEP][PASSED] - verifyElementNotVisible(findTestObject(orPath_TaxInfo + "/input_FederalEIN")): Object 'Object Repository/RAD_Pages/TaxInfo_Page/input_FederalEIN' is NOT visible

2023-01-04 16:31:47 - [MESSAGE][PASSED] - Object 'Object Repository/RAD_Pages/TaxInfo_Page/input_FederalEIN' is NOT visible

2023-01-04 16:31:47 - [TEST_STEP][PASSED] - verifyElementNotVisible(findTestObject(orPath_TaxInfo + "/input_FederalEIN_ReEnter")): Object 'Object Repository/RAD_Pages/TaxInfo_Page/input_FederalEIN_ReEnter' is NOT visible

2023-01-04 16:31:48 - [MESSAGE][PASSED] - Object 'Object Repository/RAD_Pages/TaxInfo_Page/input_FederalEIN_ReEnter' is NOT visible

2023-01-04 16:31:48 - [TEST_STEP][PASSED] - selectOptionByLabel(findTestObject(orPath_TaxTypeFilingYear + "/select_PaymentType"), "Corporate", false): All options with label 'Corporate' are selected in object 'Object Repository/RAD_Pages/TaxTypeFilingYear_Page/select_PaymentType' 

2023-01-04 16:31:48 - [MESSAGE][PASSED] - All options with label 'Corporate' are selected in object 'Object Repository/RAD_Pages/TaxTypeFilingYear_Page/select_PaymentType' 

2023-01-04 16:31:48 - [TEST_STEP][PASSED] - verifyElementPresent(findTestObject(orPath_TaxTypeFilingYear + "/select_PeriodEnding"), 30): Object 'Object Repository/RAD_Pages/TaxTypeFilingYear_Page/select_PeriodEnding' is present

2023-01-04 16:31:49 - [MESSAGE][PASSED] - Object 'Object Repository/RAD_Pages/TaxTypeFilingYear_Page/select_PeriodEnding' is present

2023-01-04 16:31:49 - [TEST_STEP][PASSED] - totalOptionsPeriodEnding = getNumberOfTotalOption(findTestObject(orPath_TaxTypeFilingYear + "/select_PeriodEnding")): 13 options of object 'Object Repository/RAD_Pages/TaxTypeFilingYear_Page/select_PeriodEnding' counted

2023-01-04 16:31:50 - [MESSAGE][PASSED] - 13 options of object 'Object Repository/RAD_Pages/TaxTypeFilingYear_Page/select_PeriodEnding' counted

2023-01-04 16:31:50 - [TEST_STEP][PASSED] - verifyEqual(totalOptionsPeriodEnding, 13): Actual object '13' and expected object '13' are equal

2023-01-04 16:31:50 - [MESSAGE][PASSED] - Actual object '13' and expected object '13' are equal

2023-01-04 16:31:50 - [TEST_STEP][PASSED] - verifyOptionsPresent(findTestObject(orPath_TaxTypeFilingYear + "/select_PeriodEnding"), ["Month", "January", "February", "March", "April", "May", "June"]): Options [Month, January, February, March, April, May, June] present.

2023-01-04 16:31:50 - [MESSAGE][PASSED] - Options [Month, January, February, March, April, May, June] present.

2023-01-04 16:31:50 - [TEST_STEP][PASSED] - verifyOptionsPresent(findTestObject(orPath_TaxTypeFilingYear + "/select_PeriodEnding"), ["July", "August", "September", "October", "November", "December"]): Options [July, August, September, October, November, December] present.

2023-01-04 16:31:51 - [MESSAGE][PASSED] - Options [July, August, September, October, November, December] present.

2023-01-04 16:31:51 - [TEST_STEP][PASSED] - verifyElementVisible(findTestObject(orPath_TaxPayer + "/input_Note_businessName")): Object 'Object Repository/RAD_Pages/Taxpayer_Page/input_Note_businessName' is visible

2023-01-04 16:31:52 - [MESSAGE][PASSED] - Object 'Object Repository/RAD_Pages/Taxpayer_Page/input_Note_businessName' is visible

2023-01-04 16:31:52 - [TEST_STEP][PASSED] - verifyElementVisible(findTestObject(orPath_TaxInfo + "/input_FederalEIN")): Object 'Object Repository/RAD_Pages/TaxInfo_Page/input_FederalEIN' is visible

2023-01-04 16:31:52 - [MESSAGE][PASSED] - Object 'Object Repository/RAD_Pages/TaxInfo_Page/input_FederalEIN' is visible

2023-01-04 16:31:52 - [TEST_STEP][PASSED] - verifyElementVisible(findTestObject(orPath_TaxInfo + "/input_FederalEIN_ReEnter")): Object 'Object Repository/RAD_Pages/TaxInfo_Page/input_FederalEIN_ReEnter' is visible

2023-01-04 16:31:53 - [MESSAGE][PASSED] - Object 'Object Repository/RAD_Pages/TaxInfo_Page/input_FederalEIN_ReEnter' is visible

2023-01-04 16:31:53 - [TEST_STEP][PASSED] - verifyElementNotVisible(findTestObject(orPath_TaxPayer + "/input_firstName")): Object 'Object Repository/RAD_Pages/Taxpayer_Page/input_firstName' is NOT visible

2023-01-04 16:31:53 - [MESSAGE][PASSED] - Object 'Object Repository/RAD_Pages/Taxpayer_Page/input_firstName' is NOT visible

2023-01-04 16:31:53 - [TEST_STEP][PASSED] - verifyElementNotVisible(findTestObject(orPath_TaxPayer + "/input_middleName")): Object 'Object Repository/RAD_Pages/Taxpayer_Page/input_middleName' is NOT visible

2023-01-04 16:31:54 - [MESSAGE][PASSED] - Object 'Object Repository/RAD_Pages/Taxpayer_Page/input_middleName' is NOT visible

2023-01-04 16:31:54 - [TEST_STEP][PASSED] - verifyElementNotVisible(findTestObject(orPath_TaxPayer + "/input_lastName")): Object 'Object Repository/RAD_Pages/Taxpayer_Page/input_lastName' is NOT visible

2023-01-04 16:31:54 - [MESSAGE][PASSED] - Object 'Object Repository/RAD_Pages/Taxpayer_Page/input_lastName' is NOT visible

2023-01-04 16:31:54 - [TEST_STEP][PASSED] - verifyElementNotVisible(findTestObject(orPath_TaxPayer + "/input_suffix")): Object 'Object Repository/RAD_Pages/Taxpayer_Page/input_suffix' is NOT visible

2023-01-04 16:31:55 - [MESSAGE][PASSED] - Object 'Object Repository/RAD_Pages/Taxpayer_Page/input_suffix' is NOT visible

2023-01-04 16:31:55 - [TEST_STEP][PASSED] - verifyElementNotVisible(findTestObject("RAD_RecordAndPlay/input_concatSSN")): Object 'Object Repository/RAD_RecordAndPlay/input_concatSSN' is NOT visible

2023-01-04 16:31:55 - [MESSAGE][PASSED] - Object 'Object Repository/RAD_RecordAndPlay/input_concatSSN' is NOT visible

2023-01-04 16:31:55 - [TEST_STEP][PASSED] - verifyElementNotVisible(findTestObject("RAD_RecordAndPlay/input_concatReSSN")): Object 'Object Repository/RAD_RecordAndPlay/input_concatReSSN' is NOT visible

2023-01-04 16:31:56 - [MESSAGE][PASSED] - Object 'Object Repository/RAD_RecordAndPlay/input_concatReSSN' is NOT visible

2023-01-04 16:31:56 - [TEST_STEP][PASSED] - verifyElementNotVisible(findTestObject(orPath_FilingStatus + "/input_userType_Individual")): Object 'Object Repository/RAD_Pages/FilingStatus_Page/input_userType_Individual' is NOT visible

2023-01-04 16:31:56 - [MESSAGE][PASSED] - Object 'Object Repository/RAD_Pages/FilingStatus_Page/input_userType_Individual' is NOT visible

2023-01-04 16:31:56 - [TEST_STEP][PASSED] - verifyElementNotVisible(findTestObject(orPath_FilingStatus + "/input_userType_Joint")): Object 'Object Repository/RAD_Pages/FilingStatus_Page/input_userType_Joint' is NOT visible

2023-01-04 16:31:56 - [MESSAGE][PASSED] - Object 'Object Repository/RAD_Pages/FilingStatus_Page/input_userType_Joint' is NOT visible]]></system-out>
         <system-err><![CDATA[]]></system-err>
      </testcase>
      <testcase name="Test Cases/RAD_TestCases/UI_TestCases/WithholdingTax_UI_TC" time="33.706" classname="Test Cases/RAD_TestCases/UI_TestCases/WithholdingTax_UI_TC" status="PASSED">
         <system-out><![CDATA[2023-01-04 16:31:56 - [TEST_CASE][PASSED] - Test Cases/RAD_TestCases/UI_TestCases/WithholdingTax_UI_TC: Test Cases/RAD_TestCases/UI_TestCases/WithholdingTax_UI_TC

2023-01-04 16:31:57 - [TEST_STEP][PASSED] - openBrowser(""): Browser is opened with url: ''

2023-01-04 16:31:57 - [MESSAGE][WARNING] - A browser is already opened. Closing browser and opening a new one

2023-01-04 16:31:58 - [MESSAGE][INFO] - Starting 'Chrome' driver

2023-01-04 16:31:58 - [MESSAGE][INFO] - User set preference: ['acceptInsecureCerts', 'true']

2023-01-04 16:31:58 - [MESSAGE][INFO] - Action delay is set to 0 milliseconds

2023-01-04 16:31:59 - [MESSAGE][PASSED] - Browser is opened with url: ''

2023-01-04 16:31:59 - [TEST_STEP][PASSED] - maximizeWindow(): Current window maximized

2023-01-04 16:31:59 - [MESSAGE][PASSED] - Current window maximized

2023-01-04 16:31:59 - [TEST_STEP][PASSED] - navigateToUrl(RADurl): Navigate to 'https://qa.velocitypayment.com/client/rad/index.html' successfully

2023-01-04 16:32:02 - [MESSAGE][PASSED] - Navigate to 'https://qa.velocitypayment.com/client/rad/index.html' successfully

2023-01-04 16:32:02 - [TEST_STEP][PASSED] - orPath_Landing = "Object Repository/RAD_Pages/Landing_Page": null

2023-01-04 16:32:02 - [TEST_STEP][PASSED] - orPath_TaxTypeFilingYear = "Object Repository/RAD_Pages/TaxTypeFilingYear_Page": null

2023-01-04 16:32:02 - [TEST_STEP][PASSED] - orPath_TaxPayer = "Object Repository/RAD_Pages/Taxpayer_Page": null

2023-01-04 16:32:02 - [TEST_STEP][PASSED] - orPath_AddressContact = "Object Repository/RAD_Pages/AddressAndContactInfo_Page": null

2023-01-04 16:32:02 - [TEST_STEP][PASSED] - orPath_TaxInfo = "Object Repository/RAD_Pages/TaxInfo_Page": null

2023-01-04 16:32:02 - [TEST_STEP][PASSED] - orPath_Withholding = "Object Repository/RAD_Pages/Withholding_Page": null

2023-01-04 16:32:02 - [TEST_STEP][PASSED] - orPath_FilingStatus = "Object Repository/RAD_Pages/FilingStatus_Page": null

2023-01-04 16:32:02 - [TEST_STEP][PASSED] - orPath_Amount = "Object Repository/RAD_Pages/PaymentAmount_Page": null

2023-01-04 16:32:02 - [TEST_STEP][PASSED] - selectOptionByLabel(findTestObject(orPath_Landing + "/dd_TaxType"), "Withholding Tax", false): All options with label 'Withholding Tax' are selected in object 'Object Repository/RAD_Pages/Landing_Page/dd_TaxType' 

2023-01-04 16:32:02 - [MESSAGE][PASSED] - All options with label 'Withholding Tax' are selected in object 'Object Repository/RAD_Pages/Landing_Page/dd_TaxType' 

2023-01-04 16:32:02 - [TEST_STEP][PASSED] - verifyElementPresent(findTestObject(orPath_TaxTypeFilingYear + "/select_FilingYear"), 30): Object 'Object Repository/RAD_Pages/TaxTypeFilingYear_Page/select_FilingYear' is present

2023-01-04 16:32:03 - [MESSAGE][PASSED] - Object 'Object Repository/RAD_Pages/TaxTypeFilingYear_Page/select_FilingYear' is present

2023-01-04 16:32:03 - [TEST_STEP][PASSED] - totalOptionsFilingYear = getNumberOfTotalOption(findTestObject(orPath_TaxTypeFilingYear + "/select_FilingYear")): 4 options of object 'Object Repository/RAD_Pages/TaxTypeFilingYear_Page/select_FilingYear' counted

2023-01-04 16:32:04 - [MESSAGE][PASSED] - 4 options of object 'Object Repository/RAD_Pages/TaxTypeFilingYear_Page/select_FilingYear' counted

2023-01-04 16:32:04 - [TEST_STEP][PASSED] - verifyEqual(totalOptionsFilingYear, 4): Actual object '4' and expected object '4' are equal

2023-01-04 16:32:04 - [MESSAGE][PASSED] - Actual object '4' and expected object '4' are equal

2023-01-04 16:32:04 - [TEST_STEP][PASSED] - verifyOptionsPresent(findTestObject(orPath_TaxTypeFilingYear + "/select_FilingYear"), ["2021", "2022", "2023"]): Options [2021, 2022, 2023] present.

2023-01-04 16:32:04 - [MESSAGE][PASSED] - Options [2021, 2022, 2023] present.

2023-01-04 16:32:04 - [TEST_STEP][PASSED] - verifyTextPresent("Tax Type/Filing Year", true): Text 'Tax Type/Filing Year' is present on page  using regular expression

2023-01-04 16:32:05 - [MESSAGE][PASSED] - Text 'Tax Type/Filing Year' is present on page  using regular expression

2023-01-04 16:32:05 - [TEST_STEP][PASSED] - verifyTextPresent("Taxpayer", true): Text 'Taxpayer' is present on page  using regular expression

2023-01-04 16:32:05 - [MESSAGE][PASSED] - Text 'Taxpayer' is present on page  using regular expression

2023-01-04 16:32:05 - [TEST_STEP][PASSED] - verifyTextPresent("Provide the following taxpayer information", true): Text 'Provide the following taxpayer information' is present on page  using regular expression

2023-01-04 16:32:06 - [MESSAGE][PASSED] - Text 'Provide the following taxpayer information' is present on page  using regular expression

2023-01-04 16:32:06 - [TEST_STEP][PASSED] - verifyTextPresent("Note: If you are paying on behalf of the Taxpayer, enter Taxpayer", true): Text 'Note: If you are paying on behalf of the Taxpayer, enter Taxpayer' is present on page  using regular expression

2023-01-04 16:32:06 - [MESSAGE][PASSED] - Text 'Note: If you are paying on behalf of the Taxpayer, enter Taxpayer' is present on page  using regular expression

2023-01-04 16:32:06 - [TEST_STEP][PASSED] - verifyTextPresent("information here. If you are making a payment for the Taxpayer, you will be required later to enter your own credit card, billing address and other pertinent information", true): Text 'information here. If you are making a payment for the Taxpayer, you will be required later to enter your own credit card, billing address and other pertinent information' is present on page  using regular expression

2023-01-04 16:32:07 - [MESSAGE][PASSED] - Text 'information here. If you are making a payment for the Taxpayer, you will be required later to enter your own credit card, billing address and other pertinent information' is present on page  using regular expression

2023-01-04 16:32:07 - [TEST_STEP][PASSED] - verifyTextPresent("Address and Contact Information", true): Text 'Address and Contact Information' is present on page  using regular expression

2023-01-04 16:32:07 - [MESSAGE][PASSED] - Text 'Address and Contact Information' is present on page  using regular expression

2023-01-04 16:32:07 - [TEST_STEP][PASSED] - verifyTextPresent("Enter the taxpayer", true): Text 'Enter the taxpayer' is present on page  using regular expression

2023-01-04 16:32:08 - [MESSAGE][PASSED] - Text 'Enter the taxpayer' is present on page  using regular expression

2023-01-04 16:32:08 - [TEST_STEP][PASSED] - verifyTextPresent("address and contact information", true): Text 'address and contact information' is present on page  using regular expression

2023-01-04 16:32:08 - [MESSAGE][PASSED] - Text 'address and contact information' is present on page  using regular expression

2023-01-04 16:32:08 - [TEST_STEP][PASSED] - verifyTextPresent("Tax Information", true): Text 'Tax Information' is present on page  using regular expression

2023-01-04 16:32:09 - [MESSAGE][PASSED] - Text 'Tax Information' is present on page  using regular expression

2023-01-04 16:32:09 - [TEST_STEP][PASSED] - verifyTextPresent("Withholding", true): Text 'Withholding' is present on page  using regular expression

2023-01-04 16:32:09 - [MESSAGE][PASSED] - Text 'Withholding' is present on page  using regular expression

2023-01-04 16:32:09 - [TEST_STEP][PASSED] - verifyTextPresent("Are you filing on an accelerated basis?", true): Text 'Are you filing on an accelerated basis?' is present on page  using regular expression

2023-01-04 16:32:10 - [MESSAGE][PASSED] - Text 'Are you filing on an accelerated basis?' is present on page  using regular expression

2023-01-04 16:32:10 - [TEST_STEP][PASSED] - verifyTextPresent("Yes", true): Text 'Yes' is present on page  using regular expression

2023-01-04 16:32:10 - [MESSAGE][PASSED] - Text 'Yes' is present on page  using regular expression

2023-01-04 16:32:10 - [TEST_STEP][PASSED] - verifyTextPresent("No", true): Text 'No' is present on page  using regular expression

2023-01-04 16:32:11 - [MESSAGE][PASSED] - Text 'No' is present on page  using regular expression

2023-01-04 16:32:11 - [TEST_STEP][PASSED] - verifyTextPresent("Payment Amount", true): Text 'Payment Amount' is present on page  using regular expression

2023-01-04 16:32:11 - [MESSAGE][PASSED] - Text 'Payment Amount' is present on page  using regular expression

2023-01-04 16:32:11 - [TEST_STEP][PASSED] - verifyTextPresent("Service Fee: This electronic government service includes a service/convenience fee. Click here for details", true): Text 'Service Fee: This electronic government service includes a service/convenience fee. Click here for details' is present on page  using regular expression

2023-01-04 16:32:12 - [MESSAGE][PASSED] - Text 'Service Fee: This electronic government service includes a service/convenience fee. Click here for details' is present on page  using regular expression

2023-01-04 16:32:12 - [TEST_STEP][PASSED] - verifyElementPresent(findTestObject(orPath_Amount + "/a_Click here for details"), 30): Object 'Object Repository/RAD_Pages/PaymentAmount_Page/a_Click here for details' is present

2023-01-04 16:32:12 - [MESSAGE][PASSED] - Object 'Object Repository/RAD_Pages/PaymentAmount_Page/a_Click here for details' is present

2023-01-04 16:32:12 - [TEST_STEP][PASSED] - verifyElementPresent(findTestObject(orPath_Landing + "/button_Continue"), 30): Object 'Object Repository/RAD_Pages/Landing_Page/button_Continue' is present

2023-01-04 16:32:13 - [MESSAGE][PASSED] - Object 'Object Repository/RAD_Pages/Landing_Page/button_Continue' is present

2023-01-04 16:32:13 - [TEST_STEP][PASSED] - verifyElementPresent(findTestObject(orPath_TaxPayer + "/input_businessName"), 30): Object 'Object Repository/RAD_Pages/Taxpayer_Page/input_businessName' is present

2023-01-04 16:32:13 - [MESSAGE][PASSED] - Object 'Object Repository/RAD_Pages/Taxpayer_Page/input_businessName' is present

2023-01-04 16:32:13 - [TEST_STEP][PASSED] - verifyElementPresent(findTestObject(orPath_TaxPayer + "/input_firstName"), 30): Object 'Object Repository/RAD_Pages/Taxpayer_Page/input_firstName' is present

2023-01-04 16:32:13 - [MESSAGE][PASSED] - Object 'Object Repository/RAD_Pages/Taxpayer_Page/input_firstName' is present

2023-01-04 16:32:13 - [TEST_STEP][PASSED] - verifyElementPresent(findTestObject(orPath_TaxPayer + "/input_middleName"), 30): Object 'Object Repository/RAD_Pages/Taxpayer_Page/input_middleName' is present

2023-01-04 16:32:14 - [MESSAGE][PASSED] - Object 'Object Repository/RAD_Pages/Taxpayer_Page/input_middleName' is present

2023-01-04 16:32:14 - [TEST_STEP][PASSED] - verifyElementPresent(findTestObject(orPath_TaxPayer + "/input_lastName"), 30): Object 'Object Repository/RAD_Pages/Taxpayer_Page/input_lastName' is present

2023-01-04 16:32:14 - [MESSAGE][PASSED] - Object 'Object Repository/RAD_Pages/Taxpayer_Page/input_lastName' is present

2023-01-04 16:32:14 - [TEST_STEP][PASSED] - verifyElementPresent(findTestObject(orPath_TaxPayer + "/input_suffix"), 30): Object 'Object Repository/RAD_Pages/Taxpayer_Page/input_suffix' is present

2023-01-04 16:32:15 - [MESSAGE][PASSED] - Object 'Object Repository/RAD_Pages/Taxpayer_Page/input_suffix' is present

2023-01-04 16:32:15 - [TEST_STEP][PASSED] - verifyElementPresent(findTestObject(orPath_AddressContact + "/select_Country"), 30): Object 'Object Repository/RAD_Pages/AddressAndContactInfo_Page/select_Country' is present

2023-01-04 16:32:15 - [MESSAGE][PASSED] - Object 'Object Repository/RAD_Pages/AddressAndContactInfo_Page/select_Country' is present

2023-01-04 16:32:15 - [TEST_STEP][PASSED] - verifyElementPresent(findTestObject(orPath_AddressContact + "/input_streetAddress1"), 30): Object 'Object Repository/RAD_Pages/AddressAndContactInfo_Page/input_streetAddress1' is present

2023-01-04 16:32:16 - [MESSAGE][PASSED] - Object 'Object Repository/RAD_Pages/AddressAndContactInfo_Page/input_streetAddress1' is present

2023-01-04 16:32:16 - [TEST_STEP][PASSED] - verifyElementPresent(findTestObject(orPath_AddressContact + "/input_streetAddress2"), 30): Object 'Object Repository/RAD_Pages/AddressAndContactInfo_Page/input_streetAddress2' is present

2023-01-04 16:32:16 - [MESSAGE][PASSED] - Object 'Object Repository/RAD_Pages/AddressAndContactInfo_Page/input_streetAddress2' is present

2023-01-04 16:32:16 - [TEST_STEP][PASSED] - verifyElementPresent(findTestObject(orPath_AddressContact + "/input_city"), 30): Object 'Object Repository/RAD_Pages/AddressAndContactInfo_Page/input_city' is present

2023-01-04 16:32:16 - [MESSAGE][PASSED] - Object 'Object Repository/RAD_Pages/AddressAndContactInfo_Page/input_city' is present

2023-01-04 16:32:16 - [TEST_STEP][PASSED] - verifyElementPresent(findTestObject(orPath_AddressContact + "/select_State"), 30): Object 'Object Repository/RAD_Pages/AddressAndContactInfo_Page/select_State' is present

2023-01-04 16:32:17 - [MESSAGE][PASSED] - Object 'Object Repository/RAD_Pages/AddressAndContactInfo_Page/select_State' is present

2023-01-04 16:32:17 - [TEST_STEP][PASSED] - verifyElementPresent(findTestObject(orPath_AddressContact + "/input_zipCode"), 30): Object 'Object Repository/RAD_Pages/AddressAndContactInfo_Page/input_zipCode' is present

2023-01-04 16:32:17 - [MESSAGE][PASSED] - Object 'Object Repository/RAD_Pages/AddressAndContactInfo_Page/input_zipCode' is present

2023-01-04 16:32:17 - [TEST_STEP][PASSED] - verifyElementPresent(findTestObject(orPath_AddressContact + "/input_phoneNumber"), 30): Object 'Object Repository/RAD_Pages/AddressAndContactInfo_Page/input_phoneNumber' is present

2023-01-04 16:32:18 - [MESSAGE][PASSED] - Object 'Object Repository/RAD_Pages/AddressAndContactInfo_Page/input_phoneNumber' is present

2023-01-04 16:32:18 - [TEST_STEP][PASSED] - verifyElementPresent(findTestObject(orPath_AddressContact + "/input_eMailAddress"), 30): Object 'Object Repository/RAD_Pages/AddressAndContactInfo_Page/input_eMailAddress' is present

2023-01-04 16:32:18 - [MESSAGE][PASSED] - Object 'Object Repository/RAD_Pages/AddressAndContactInfo_Page/input_eMailAddress' is present

2023-01-04 16:32:18 - [TEST_STEP][PASSED] - verifyElementPresent(findTestObject(orPath_AddressContact + "/input_reEnterEMailAddress"), 30): Object 'Object Repository/RAD_Pages/AddressAndContactInfo_Page/input_reEnterEMailAddress' is present

2023-01-04 16:32:18 - [MESSAGE][PASSED] - Object 'Object Repository/RAD_Pages/AddressAndContactInfo_Page/input_reEnterEMailAddress' is present

2023-01-04 16:32:18 - [TEST_STEP][PASSED] - verifyOptionsPresent(findTestObject(orPath_AddressContact + "/select_Country"), ["United States"]): Options [United States] present.

2023-01-04 16:32:19 - [MESSAGE][PASSED] - Options [United States] present.

2023-01-04 16:32:19 - [TEST_STEP][PASSED] - verifyOptionsPresent(findTestObject(orPath_AddressContact + "/select_State"), ["Alabama", "District of Columbia", "Maryland", "Virginia", "Wyoming"]): Options [Alabama, District of Columbia, Maryland, Virginia, Wyoming] present.

2023-01-04 16:32:21 - [MESSAGE][PASSED] - Options [Alabama, District of Columbia, Maryland, Virginia, Wyoming] present.

2023-01-04 16:32:21 - [TEST_STEP][PASSED] - totalOptionsState = getNumberOfTotalOption(findTestObject(orPath_AddressContact + "/select_State")): 52 options of object 'Object Repository/RAD_Pages/AddressAndContactInfo_Page/select_State' counted

2023-01-04 16:32:21 - [MESSAGE][PASSED] - 52 options of object 'Object Repository/RAD_Pages/AddressAndContactInfo_Page/select_State' counted

2023-01-04 16:32:21 - [TEST_STEP][PASSED] - verifyEqual(totalOptionsState, 52): Actual object '52' and expected object '52' are equal

2023-01-04 16:32:21 - [MESSAGE][PASSED] - Actual object '52' and expected object '52' are equal

2023-01-04 16:32:21 - [TEST_STEP][PASSED] - verifyElementVisible(findTestObject(orPath_TaxInfo + "/input_FederalEIN")): Object 'Object Repository/RAD_Pages/TaxInfo_Page/input_FederalEIN' is visible

2023-01-04 16:32:22 - [MESSAGE][PASSED] - Object 'Object Repository/RAD_Pages/TaxInfo_Page/input_FederalEIN' is visible

2023-01-04 16:32:22 - [TEST_STEP][PASSED] - verifyElementVisible(findTestObject(orPath_TaxInfo + "/input_FederalEIN_ReEnter")): Object 'Object Repository/RAD_Pages/TaxInfo_Page/input_FederalEIN_ReEnter' is visible

2023-01-04 16:32:22 - [MESSAGE][PASSED] - Object 'Object Repository/RAD_Pages/TaxInfo_Page/input_FederalEIN_ReEnter' is visible

2023-01-04 16:32:22 - [TEST_STEP][PASSED] - verifyElementPresent(findTestObject("Object Repository/RAD_RecordAndPlay/input_MDCRegistration"), 30): Object 'Object Repository/RAD_RecordAndPlay/input_MDCRegistration' is present

2023-01-04 16:32:23 - [MESSAGE][PASSED] - Object 'Object Repository/RAD_RecordAndPlay/input_MDCRegistration' is present

2023-01-04 16:32:23 - [TEST_STEP][PASSED] - scrollToElement(findTestObject(orPath_Withholding + "/input_acceleratedBasis_Yes"), 3): Scroll to object 'Object Repository/RAD_Pages/Withholding_Page/input_acceleratedBasis_Yes' successfully

2023-01-04 16:32:23 - [MESSAGE][PASSED] - Scroll to object 'Object Repository/RAD_Pages/Withholding_Page/input_acceleratedBasis_Yes' successfully

2023-01-04 16:32:23 - [TEST_STEP][PASSED] - verifyElementPresent(findTestObject(orPath_Withholding + "/input_acceleratedBasis_Yes"), 30): Object 'Object Repository/RAD_Pages/Withholding_Page/input_acceleratedBasis_Yes' is present

2023-01-04 16:32:24 - [MESSAGE][PASSED] - Object 'Object Repository/RAD_Pages/Withholding_Page/input_acceleratedBasis_Yes' is present

2023-01-04 16:32:24 - [TEST_STEP][PASSED] - verifyElementPresent(findTestObject(orPath_Withholding + "/input_acceleratedBasis_No"), 30): Object 'Object Repository/RAD_Pages/Withholding_Page/input_acceleratedBasis_No' is present

2023-01-04 16:32:24 - [MESSAGE][PASSED] - Object 'Object Repository/RAD_Pages/Withholding_Page/input_acceleratedBasis_No' is present

2023-01-04 16:32:24 - [TEST_STEP][PASSED] - verifyElementPresent(findTestObject(orPath_Withholding + "/input_PayDate"), 30): Object 'Object Repository/RAD_Pages/Withholding_Page/input_PayDate' is present

2023-01-04 16:32:25 - [MESSAGE][PASSED] - Object 'Object Repository/RAD_Pages/Withholding_Page/input_PayDate' is present

2023-01-04 16:32:25 - [TEST_STEP][PASSED] - verifyElementPresent(findTestObject(orPath_Withholding + "/input__WithholdingTaxReported"), 30): Object 'Object Repository/RAD_Pages/Withholding_Page/input__WithholdingTaxReported' is present

2023-01-04 16:32:25 - [MESSAGE][PASSED] - Object 'Object Repository/RAD_Pages/Withholding_Page/input__WithholdingTaxReported' is present

2023-01-04 16:32:25 - [TEST_STEP][PASSED] - scrollToElement(findTestObject(orPath_Withholding + "/input_acceleratedBasis_No"), 3): Scroll to object 'Object Repository/RAD_Pages/Withholding_Page/input_acceleratedBasis_No' successfully

2023-01-04 16:32:26 - [MESSAGE][PASSED] - Scroll to object 'Object Repository/RAD_Pages/Withholding_Page/input_acceleratedBasis_No' successfully

2023-01-04 16:32:26 - [TEST_STEP][PASSED] - click(findTestObject(orPath_Withholding + "/input_acceleratedBasis_No")): Object: 'Object Repository/RAD_Pages/Withholding_Page/input_acceleratedBasis_No' is clicked on

2023-01-04 16:32:26 - [MESSAGE][PASSED] - Object: 'Object Repository/RAD_Pages/Withholding_Page/input_acceleratedBasis_No' is clicked on

2023-01-04 16:32:26 - [TEST_STEP][PASSED] - verifyElementPresent(findTestObject(orPath_Withholding + "/select_Month"), 30): Object 'Object Repository/RAD_Pages/Withholding_Page/select_Month' is present

2023-01-04 16:32:26 - [MESSAGE][PASSED] - Object 'Object Repository/RAD_Pages/Withholding_Page/select_Month' is present

2023-01-04 16:32:26 - [TEST_STEP][PASSED] - verifyElementPresent(findTestObject(orPath_Withholding + "/input__WithholdingTaxReported"), 30): Object 'Object Repository/RAD_Pages/Withholding_Page/input__WithholdingTaxReported' is present

2023-01-04 16:32:27 - [MESSAGE][PASSED] - Object 'Object Repository/RAD_Pages/Withholding_Page/input__WithholdingTaxReported' is present

2023-01-04 16:32:27 - [TEST_STEP][PASSED] - totalOptionsPeriodEnding = getNumberOfTotalOption(findTestObject(orPath_Withholding + "/select_Month")): 13 options of object 'Object Repository/RAD_Pages/Withholding_Page/select_Month' counted

2023-01-04 16:32:28 - [MESSAGE][PASSED] - 13 options of object 'Object Repository/RAD_Pages/Withholding_Page/select_Month' counted

2023-01-04 16:32:28 - [TEST_STEP][PASSED] - verifyEqual(totalOptionsPeriodEnding, 13): Actual object '13' and expected object '13' are equal

2023-01-04 16:32:28 - [MESSAGE][PASSED] - Actual object '13' and expected object '13' are equal

2023-01-04 16:32:28 - [TEST_STEP][PASSED] - verifyOptionsPresent(findTestObject(orPath_Withholding + "/select_Month"), ["January", "February", "March", "April", "May", "June"]): Options [January, February, March, April, May, June] present.

2023-01-04 16:32:29 - [MESSAGE][PASSED] - Options [January, February, March, April, May, June] present.

2023-01-04 16:32:29 - [TEST_STEP][PASSED] - verifyOptionsPresent(findTestObject(orPath_Withholding + "/select_Month"), ["July", "August", "September", "October", "November", "December"]): Options [July, August, September, October, November, December] present.

2023-01-04 16:32:30 - [MESSAGE][PASSED] - Options [July, August, September, October, November, December] present.

2023-01-04 16:32:30 - [TEST_STEP][PASSED] - verifyElementPresent(findTestObject(orPath_Amount + "/input__paymentAmount"), 30): Object 'Object Repository/RAD_Pages/PaymentAmount_Page/input__paymentAmount' is present

2023-01-04 16:32:30 - [MESSAGE][PASSED] - Object 'Object Repository/RAD_Pages/PaymentAmount_Page/input__paymentAmount' is present]]></system-out>
         <system-err><![CDATA[]]></system-err>
      </testcase>
      <testcase name="Test Cases/RAD_TestCases/UI_TestCases/SalesAndUse_UI_TC" time="49.634" classname="Test Cases/RAD_TestCases/UI_TestCases/SalesAndUse_UI_TC" status="PASSED">
         <system-out><![CDATA[2023-01-04 16:32:30 - [TEST_CASE][PASSED] - Test Cases/RAD_TestCases/UI_TestCases/SalesAndUse_UI_TC: Test Cases/RAD_TestCases/UI_TestCases/SalesAndUse_UI_TC

2023-01-04 16:32:30 - [TEST_STEP][PASSED] - openBrowser(""): Browser is opened with url: ''

2023-01-04 16:32:30 - [MESSAGE][WARNING] - A browser is already opened. Closing browser and opening a new one

2023-01-04 16:32:31 - [MESSAGE][INFO] - Starting 'Chrome' driver

2023-01-04 16:32:31 - [MESSAGE][INFO] - User set preference: ['acceptInsecureCerts', 'true']

2023-01-04 16:32:31 - [MESSAGE][INFO] - Action delay is set to 0 milliseconds

2023-01-04 16:32:33 - [MESSAGE][PASSED] - Browser is opened with url: ''

2023-01-04 16:32:33 - [TEST_STEP][PASSED] - maximizeWindow(): Current window maximized

2023-01-04 16:32:33 - [MESSAGE][PASSED] - Current window maximized

2023-01-04 16:32:33 - [TEST_STEP][PASSED] - navigateToUrl(RADurl): Navigate to 'https://qa.velocitypayment.com/client/rad/index.html' successfully

2023-01-04 16:32:35 - [MESSAGE][PASSED] - Navigate to 'https://qa.velocitypayment.com/client/rad/index.html' successfully

2023-01-04 16:32:35 - [TEST_STEP][PASSED] - orPath_Landing = "Object Repository/RAD_Pages/Landing_Page": null

2023-01-04 16:32:35 - [TEST_STEP][PASSED] - orPath_TaxTypeFilingYear = "Object Repository/RAD_Pages/TaxTypeFilingYear_Page": null

2023-01-04 16:32:35 - [TEST_STEP][PASSED] - orPath_TaxPayer = "Object Repository/RAD_Pages/Taxpayer_Page": null

2023-01-04 16:32:35 - [TEST_STEP][PASSED] - orPath_AddressContact = "Object Repository/RAD_Pages/AddressAndContactInfo_Page": null

2023-01-04 16:32:35 - [TEST_STEP][PASSED] - orPath_TaxInfo = "Object Repository/RAD_Pages/TaxInfo_Page": null

2023-01-04 16:32:35 - [TEST_STEP][PASSED] - orPath_Withholding = "Object Repository/RAD_Pages/Withholding_Page": null

2023-01-04 16:32:35 - [TEST_STEP][PASSED] - orPath_FilingStatus = "Object Repository/RAD_Pages/FilingStatus_Page": null

2023-01-04 16:32:35 - [TEST_STEP][PASSED] - orPath_Amount = "Object Repository/RAD_Pages/PaymentAmount_Page": null

2023-01-04 16:32:35 - [TEST_STEP][PASSED] - orPath_SalesTaxReturnInfo = "Object Repository/RAD_Pages/SalesTaxReturnInfo_Page": null

2023-01-04 16:32:35 - [TEST_STEP][PASSED] - selectOptionByLabel(findTestObject(orPath_Landing + "/dd_TaxType"), "Sales and Use", false): All options with label 'Sales and Use' are selected in object 'Object Repository/RAD_Pages/Landing_Page/dd_TaxType' 

2023-01-04 16:32:36 - [MESSAGE][PASSED] - All options with label 'Sales and Use' are selected in object 'Object Repository/RAD_Pages/Landing_Page/dd_TaxType' 

2023-01-04 16:32:36 - [TEST_STEP][PASSED] - verifyElementPresent(findTestObject(orPath_TaxTypeFilingYear + "/select_FilingYear"), 30): Object 'Object Repository/RAD_Pages/TaxTypeFilingYear_Page/select_FilingYear' is present

2023-01-04 16:32:36 - [MESSAGE][PASSED] - Object 'Object Repository/RAD_Pages/TaxTypeFilingYear_Page/select_FilingYear' is present

2023-01-04 16:32:36 - [TEST_STEP][PASSED] - totalOptionsFilingYear = getNumberOfTotalOption(findTestObject(orPath_TaxTypeFilingYear + "/select_FilingYear")): 4 options of object 'Object Repository/RAD_Pages/TaxTypeFilingYear_Page/select_FilingYear' counted

2023-01-04 16:32:37 - [MESSAGE][PASSED] - 4 options of object 'Object Repository/RAD_Pages/TaxTypeFilingYear_Page/select_FilingYear' counted

2023-01-04 16:32:37 - [TEST_STEP][PASSED] - verifyEqual(totalOptionsFilingYear, 4): Actual object '4' and expected object '4' are equal

2023-01-04 16:32:37 - [MESSAGE][PASSED] - Actual object '4' and expected object '4' are equal

2023-01-04 16:32:37 - [TEST_STEP][PASSED] - verifyOptionsPresent(findTestObject(orPath_TaxTypeFilingYear + "/select_FilingYear"), ["2021", "2022", "2023"]): Options [2021, 2022, 2023] present.

2023-01-04 16:32:38 - [MESSAGE][PASSED] - Options [2021, 2022, 2023] present.

2023-01-04 16:32:38 - [TEST_STEP][PASSED] - verifyElementPresent(findTestObject(orPath_TaxTypeFilingYear + "/select_PeriodEnding"), 30): Object 'Object Repository/RAD_Pages/TaxTypeFilingYear_Page/select_PeriodEnding' is present

2023-01-04 16:32:38 - [MESSAGE][PASSED] - Object 'Object Repository/RAD_Pages/TaxTypeFilingYear_Page/select_PeriodEnding' is present

2023-01-04 16:32:38 - [TEST_STEP][PASSED] - totalOptionsPeriodEnding = getNumberOfTotalOption(findTestObject(orPath_TaxTypeFilingYear + "/select_PeriodEnding")): 13 options of object 'Object Repository/RAD_Pages/TaxTypeFilingYear_Page/select_PeriodEnding' counted

2023-01-04 16:32:39 - [MESSAGE][PASSED] - 13 options of object 'Object Repository/RAD_Pages/TaxTypeFilingYear_Page/select_PeriodEnding' counted

2023-01-04 16:32:39 - [TEST_STEP][PASSED] - verifyEqual(totalOptionsPeriodEnding, 13): Actual object '13' and expected object '13' are equal

2023-01-04 16:32:39 - [MESSAGE][PASSED] - Actual object '13' and expected object '13' are equal

2023-01-04 16:32:39 - [TEST_STEP][PASSED] - verifyOptionsPresent(findTestObject(orPath_TaxTypeFilingYear + "/select_PeriodEnding"), ["January", "February", "March", "April", "May", "June"]): Options [January, February, March, April, May, June] present.

2023-01-04 16:32:40 - [MESSAGE][PASSED] - Options [January, February, March, April, May, June] present.

2023-01-04 16:32:40 - [TEST_STEP][PASSED] - verifyOptionsPresent(findTestObject(orPath_TaxTypeFilingYear + "/select_PeriodEnding"), ["July", "August", "September", "October", "November", "December"]): Options [July, August, September, October, November, December] present.

2023-01-04 16:32:41 - [MESSAGE][PASSED] - Options [July, August, September, October, November, December] present.

2023-01-04 16:32:41 - [TEST_STEP][PASSED] - verifyTextPresent("Tax Type/Filing Year", true): Text 'Tax Type/Filing Year' is present on page  using regular expression

2023-01-04 16:32:42 - [MESSAGE][PASSED] - Text 'Tax Type/Filing Year' is present on page  using regular expression

2023-01-04 16:32:42 - [TEST_STEP][PASSED] - verifyTextPresent("Taxpayer", true): Text 'Taxpayer' is present on page  using regular expression

2023-01-04 16:32:42 - [MESSAGE][PASSED] - Text 'Taxpayer' is present on page  using regular expression

2023-01-04 16:32:42 - [TEST_STEP][PASSED] - verifyTextPresent("Provide the following taxpayer information", true): Text 'Provide the following taxpayer information' is present on page  using regular expression

2023-01-04 16:32:43 - [MESSAGE][PASSED] - Text 'Provide the following taxpayer information' is present on page  using regular expression

2023-01-04 16:32:43 - [TEST_STEP][PASSED] - verifyTextPresent("Note: If you are paying on behalf of the Taxpayer, enter Taxpayer", true): Text 'Note: If you are paying on behalf of the Taxpayer, enter Taxpayer' is present on page  using regular expression

2023-01-04 16:32:43 - [MESSAGE][PASSED] - Text 'Note: If you are paying on behalf of the Taxpayer, enter Taxpayer' is present on page  using regular expression

2023-01-04 16:32:43 - [TEST_STEP][PASSED] - verifyTextPresent("information here. If you are making a payment for the Taxpayer, you will be required later to enter your own credit card, billing address and other pertinent information", true): Text 'information here. If you are making a payment for the Taxpayer, you will be required later to enter your own credit card, billing address and other pertinent information' is present on page  using regular expression

2023-01-04 16:32:44 - [MESSAGE][PASSED] - Text 'information here. If you are making a payment for the Taxpayer, you will be required later to enter your own credit card, billing address and other pertinent information' is present on page  using regular expression

2023-01-04 16:32:44 - [TEST_STEP][PASSED] - verifyTextPresent("Address and Contact Information", true): Text 'Address and Contact Information' is present on page  using regular expression

2023-01-04 16:32:44 - [MESSAGE][PASSED] - Text 'Address and Contact Information' is present on page  using regular expression

2023-01-04 16:32:44 - [TEST_STEP][PASSED] - verifyTextPresent("Enter the taxpayer", true): Text 'Enter the taxpayer' is present on page  using regular expression

2023-01-04 16:32:45 - [MESSAGE][PASSED] - Text 'Enter the taxpayer' is present on page  using regular expression

2023-01-04 16:32:45 - [TEST_STEP][PASSED] - verifyTextPresent("address and contact information", true): Text 'address and contact information' is present on page  using regular expression

2023-01-04 16:32:45 - [MESSAGE][PASSED] - Text 'address and contact information' is present on page  using regular expression

2023-01-04 16:32:45 - [TEST_STEP][PASSED] - verifyTextPresent("Tax Information", true): Text 'Tax Information' is present on page  using regular expression

2023-01-04 16:32:46 - [MESSAGE][PASSED] - Text 'Tax Information' is present on page  using regular expression

2023-01-04 16:32:46 - [TEST_STEP][PASSED] - verifyTextPresent("Sales Tax Return Information", true): Text 'Sales Tax Return Information' is present on page  using regular expression

2023-01-04 16:32:47 - [MESSAGE][PASSED] - Text 'Sales Tax Return Information' is present on page  using regular expression

2023-01-04 16:32:47 - [TEST_STEP][PASSED] - verifyTextPresent("Check here if you are a marketplace facilitator", true): Text 'Check here if you are a marketplace facilitator' is present on page  using regular expression

2023-01-04 16:32:47 - [MESSAGE][PASSED] - Text 'Check here if you are a marketplace facilitator' is present on page  using regular expression

2023-01-04 16:32:47 - [TEST_STEP][PASSED] - verifyTextPresent("Check here if you are a person that engages in the business of an out-of-state vendor and in the previous calendar year you either", true): Text 'Check here if you are a person that engages in the business of an out-of-state vendor and in the previous calendar year you either' is present on page  using regular expression

2023-01-04 16:32:48 - [MESSAGE][PASSED] - Text 'Check here if you are a person that engages in the business of an out-of-state vendor and in the previous calendar year you either' is present on page  using regular expression

2023-01-04 16:32:48 - [TEST_STEP][PASSED] - verifyTextPresent("in gross revenue from the sale of tangible personal property or taxable services delivered in the State", true): Text 'in gross revenue from the sale of tangible personal property or taxable services delivered in the State' is present on page  using regular expression

2023-01-04 16:32:48 - [MESSAGE][PASSED] - Text 'in gross revenue from the sale of tangible personal property or taxable services delivered in the State' is present on page  using regular expression

2023-01-04 16:32:48 - [TEST_STEP][PASSED] - verifyTextPresent("sold tangible personal property or taxable services for delivery into the State in 200 or more separate transactions", true): Text 'sold tangible personal property or taxable services for delivery into the State in 200 or more separate transactions' is present on page  using regular expression

2023-01-04 16:32:49 - [MESSAGE][PASSED] - Text 'sold tangible personal property or taxable services for delivery into the State in 200 or more separate transactions' is present on page  using regular expression

2023-01-04 16:32:49 - [TEST_STEP][PASSED] - verifyTextPresent("Maryland Form 202", true): Text 'Maryland Form 202' is present on page  using regular expression

2023-01-04 16:32:49 - [MESSAGE][PASSED] - Text 'Maryland Form 202' is present on page  using regular expression

2023-01-04 16:32:49 - [TEST_STEP][PASSED] - verifyTextPresent("Refer to your Maryland Sales Tax Instructions to complete the following", true): Text 'Refer to your Maryland Sales Tax Instructions to complete the following' is present on page  using regular expression

2023-01-04 16:32:50 - [MESSAGE][PASSED] - Text 'Refer to your Maryland Sales Tax Instructions to complete the following' is present on page  using regular expression

2023-01-04 16:32:50 - [TEST_STEP][PASSED] - verifyTextPresent("Lines 19.a. through 19.c. are for returns with period end dates later than 7-1-2013", true): Text 'Lines 19.a. through 19.c. are for returns with period end dates later than 7-1-2013' is present on page  using regular expression

2023-01-04 16:32:51 - [MESSAGE][PASSED] - Text 'Lines 19.a. through 19.c. are for returns with period end dates later than 7-1-2013' is present on page  using regular expression

2023-01-04 16:32:51 - [TEST_STEP][PASSED] - verifyTextPresent("Payment Amount", true): Text 'Payment Amount' is present on page  using regular expression

2023-01-04 16:32:51 - [MESSAGE][PASSED] - Text 'Payment Amount' is present on page  using regular expression

2023-01-04 16:32:51 - [TEST_STEP][PASSED] - verifyTextPresent("Service Fee: This electronic government service includes a service/convenience fee. Click here for details", true): Text 'Service Fee: This electronic government service includes a service/convenience fee. Click here for details' is present on page  using regular expression

2023-01-04 16:32:52 - [MESSAGE][PASSED] - Text 'Service Fee: This electronic government service includes a service/convenience fee. Click here for details' is present on page  using regular expression

2023-01-04 16:32:52 - [TEST_STEP][PASSED] - verifyElementPresent(findTestObject(orPath_Amount + "/a_Click here for details"), 30): Object 'Object Repository/RAD_Pages/PaymentAmount_Page/a_Click here for details' is present

2023-01-04 16:32:52 - [MESSAGE][PASSED] - Object 'Object Repository/RAD_Pages/PaymentAmount_Page/a_Click here for details' is present

2023-01-04 16:32:52 - [TEST_STEP][PASSED] - verifyElementPresent(findTestObject(orPath_Landing + "/button_Continue"), 30): Object 'Object Repository/RAD_Pages/Landing_Page/button_Continue' is present

2023-01-04 16:32:53 - [MESSAGE][PASSED] - Object 'Object Repository/RAD_Pages/Landing_Page/button_Continue' is present

2023-01-04 16:32:53 - [TEST_STEP][PASSED] - verifyElementPresent(findTestObject(orPath_TaxPayer + "/input_businessName"), 30): Object 'Object Repository/RAD_Pages/Taxpayer_Page/input_businessName' is present

2023-01-04 16:32:53 - [MESSAGE][PASSED] - Object 'Object Repository/RAD_Pages/Taxpayer_Page/input_businessName' is present

2023-01-04 16:32:53 - [TEST_STEP][PASSED] - verifyElementPresent(findTestObject(orPath_TaxPayer + "/input_firstName"), 30): Object 'Object Repository/RAD_Pages/Taxpayer_Page/input_firstName' is present

2023-01-04 16:32:54 - [MESSAGE][PASSED] - Object 'Object Repository/RAD_Pages/Taxpayer_Page/input_firstName' is present

2023-01-04 16:32:54 - [TEST_STEP][PASSED] - verifyElementPresent(findTestObject(orPath_TaxPayer + "/input_middleName"), 30): Object 'Object Repository/RAD_Pages/Taxpayer_Page/input_middleName' is present

2023-01-04 16:32:54 - [MESSAGE][PASSED] - Object 'Object Repository/RAD_Pages/Taxpayer_Page/input_middleName' is present

2023-01-04 16:32:54 - [TEST_STEP][PASSED] - verifyElementPresent(findTestObject(orPath_TaxPayer + "/input_lastName"), 30): Object 'Object Repository/RAD_Pages/Taxpayer_Page/input_lastName' is present

2023-01-04 16:32:54 - [MESSAGE][PASSED] - Object 'Object Repository/RAD_Pages/Taxpayer_Page/input_lastName' is present

2023-01-04 16:32:54 - [TEST_STEP][PASSED] - verifyElementPresent(findTestObject(orPath_TaxPayer + "/input_suffix"), 30): Object 'Object Repository/RAD_Pages/Taxpayer_Page/input_suffix' is present

2023-01-04 16:32:55 - [MESSAGE][PASSED] - Object 'Object Repository/RAD_Pages/Taxpayer_Page/input_suffix' is present

2023-01-04 16:32:55 - [TEST_STEP][PASSED] - verifyElementPresent(findTestObject(orPath_AddressContact + "/select_Country"), 30): Object 'Object Repository/RAD_Pages/AddressAndContactInfo_Page/select_Country' is present

2023-01-04 16:32:55 - [MESSAGE][PASSED] - Object 'Object Repository/RAD_Pages/AddressAndContactInfo_Page/select_Country' is present

2023-01-04 16:32:55 - [TEST_STEP][PASSED] - verifyElementPresent(findTestObject(orPath_AddressContact + "/input_streetAddress1"), 30): Object 'Object Repository/RAD_Pages/AddressAndContactInfo_Page/input_streetAddress1' is present

2023-01-04 16:32:56 - [MESSAGE][PASSED] - Object 'Object Repository/RAD_Pages/AddressAndContactInfo_Page/input_streetAddress1' is present

2023-01-04 16:32:56 - [TEST_STEP][PASSED] - verifyElementPresent(findTestObject(orPath_AddressContact + "/input_streetAddress2"), 30): Object 'Object Repository/RAD_Pages/AddressAndContactInfo_Page/input_streetAddress2' is present

2023-01-04 16:32:56 - [MESSAGE][PASSED] - Object 'Object Repository/RAD_Pages/AddressAndContactInfo_Page/input_streetAddress2' is present

2023-01-04 16:32:56 - [TEST_STEP][PASSED] - verifyElementPresent(findTestObject(orPath_AddressContact + "/input_city"), 30): Object 'Object Repository/RAD_Pages/AddressAndContactInfo_Page/input_city' is present

2023-01-04 16:32:57 - [MESSAGE][PASSED] - Object 'Object Repository/RAD_Pages/AddressAndContactInfo_Page/input_city' is present

2023-01-04 16:32:57 - [TEST_STEP][PASSED] - verifyElementPresent(findTestObject(orPath_AddressContact + "/select_State"), 30): Object 'Object Repository/RAD_Pages/AddressAndContactInfo_Page/select_State' is present

2023-01-04 16:32:57 - [MESSAGE][PASSED] - Object 'Object Repository/RAD_Pages/AddressAndContactInfo_Page/select_State' is present

2023-01-04 16:32:57 - [TEST_STEP][PASSED] - verifyElementPresent(findTestObject(orPath_AddressContact + "/input_zipCode"), 30): Object 'Object Repository/RAD_Pages/AddressAndContactInfo_Page/input_zipCode' is present

2023-01-04 16:32:58 - [MESSAGE][PASSED] - Object 'Object Repository/RAD_Pages/AddressAndContactInfo_Page/input_zipCode' is present

2023-01-04 16:32:58 - [TEST_STEP][PASSED] - verifyElementPresent(findTestObject(orPath_AddressContact + "/input_phoneNumber"), 30): Object 'Object Repository/RAD_Pages/AddressAndContactInfo_Page/input_phoneNumber' is present

2023-01-04 16:32:58 - [MESSAGE][PASSED] - Object 'Object Repository/RAD_Pages/AddressAndContactInfo_Page/input_phoneNumber' is present

2023-01-04 16:32:58 - [TEST_STEP][PASSED] - verifyElementPresent(findTestObject(orPath_AddressContact + "/input_eMailAddress"), 30): Object 'Object Repository/RAD_Pages/AddressAndContactInfo_Page/input_eMailAddress' is present

2023-01-04 16:32:58 - [MESSAGE][PASSED] - Object 'Object Repository/RAD_Pages/AddressAndContactInfo_Page/input_eMailAddress' is present

2023-01-04 16:32:58 - [TEST_STEP][PASSED] - verifyElementPresent(findTestObject(orPath_AddressContact + "/input_reEnterEMailAddress"), 30): Object 'Object Repository/RAD_Pages/AddressAndContactInfo_Page/input_reEnterEMailAddress' is present

2023-01-04 16:32:59 - [MESSAGE][PASSED] - Object 'Object Repository/RAD_Pages/AddressAndContactInfo_Page/input_reEnterEMailAddress' is present

2023-01-04 16:32:59 - [TEST_STEP][PASSED] - verifyOptionsPresent(findTestObject(orPath_AddressContact + "/select_Country"), ["United States"]): Options [United States] present.

2023-01-04 16:33:00 - [MESSAGE][PASSED] - Options [United States] present.

2023-01-04 16:33:00 - [TEST_STEP][PASSED] - verifyOptionsPresent(findTestObject(orPath_AddressContact + "/select_State"), ["Alabama", "District of Columbia", "Maryland", "Virginia", "Wyoming"]): Options [Alabama, District of Columbia, Maryland, Virginia, Wyoming] present.

2023-01-04 16:33:01 - [MESSAGE][PASSED] - Options [Alabama, District of Columbia, Maryland, Virginia, Wyoming] present.

2023-01-04 16:33:01 - [TEST_STEP][PASSED] - totalOptionsState = getNumberOfTotalOption(findTestObject(orPath_AddressContact + "/select_State")): 52 options of object 'Object Repository/RAD_Pages/AddressAndContactInfo_Page/select_State' counted

2023-01-04 16:33:02 - [MESSAGE][PASSED] - 52 options of object 'Object Repository/RAD_Pages/AddressAndContactInfo_Page/select_State' counted

2023-01-04 16:33:02 - [TEST_STEP][PASSED] - verifyEqual(totalOptionsState, 52): Actual object '52' and expected object '52' are equal

2023-01-04 16:33:02 - [MESSAGE][PASSED] - Actual object '52' and expected object '52' are equal

2023-01-04 16:33:02 - [TEST_STEP][PASSED] - verifyElementVisible(findTestObject(orPath_TaxInfo + "/input_FederalEIN")): Object 'Object Repository/RAD_Pages/TaxInfo_Page/input_FederalEIN' is visible

2023-01-04 16:33:02 - [MESSAGE][PASSED] - Object 'Object Repository/RAD_Pages/TaxInfo_Page/input_FederalEIN' is visible

2023-01-04 16:33:02 - [TEST_STEP][PASSED] - verifyElementVisible(findTestObject(orPath_TaxInfo + "/input_FederalEIN_ReEnter")): Object 'Object Repository/RAD_Pages/TaxInfo_Page/input_FederalEIN_ReEnter' is visible

2023-01-04 16:33:03 - [MESSAGE][PASSED] - Object 'Object Repository/RAD_Pages/TaxInfo_Page/input_FederalEIN_ReEnter' is visible

2023-01-04 16:33:03 - [TEST_STEP][PASSED] - verifyElementPresent(findTestObject("Object Repository/RAD_RecordAndPlay/input_MDCRegistration"), 30): Object 'Object Repository/RAD_RecordAndPlay/input_MDCRegistration' is present

2023-01-04 16:33:03 - [MESSAGE][PASSED] - Object 'Object Repository/RAD_RecordAndPlay/input_MDCRegistration' is present

2023-01-04 16:33:03 - [TEST_STEP][PASSED] - verifyElementPresent(findTestObject(orPath_SalesTaxReturnInfo + "/input_MarketplaceFacilitator"), 30): Object 'Object Repository/RAD_Pages/SalesTaxReturnInfo_Page/input_MarketplaceFacilitator' is present

2023-01-04 16:33:04 - [MESSAGE][PASSED] - Object 'Object Repository/RAD_Pages/SalesTaxReturnInfo_Page/input_MarketplaceFacilitator' is present

2023-01-04 16:33:04 - [TEST_STEP][PASSED] - verifyElementPresent(findTestObject(orPath_SalesTaxReturnInfo + "/input_OutOfStateVendor"), 30): Object 'Object Repository/RAD_Pages/SalesTaxReturnInfo_Page/input_OutOfStateVendor' is present

2023-01-04 16:33:04 - [MESSAGE][PASSED] - Object 'Object Repository/RAD_Pages/SalesTaxReturnInfo_Page/input_OutOfStateVendor' is present

2023-01-04 16:33:04 - [TEST_STEP][PASSED] - verifyElementPresent(findTestObject(orPath_Amount + "/input__paymentAmount"), 30): Object 'Object Repository/RAD_Pages/PaymentAmount_Page/input__paymentAmount' is present

2023-01-04 16:33:05 - [MESSAGE][PASSED] - Object 'Object Repository/RAD_Pages/PaymentAmount_Page/input__paymentAmount' is present

2023-01-04 16:33:05 - [TEST_STEP][PASSED] - verifyElementPresent(findTestObject(orPath_Amount + "/input__PaymentDue1"), 30): Object 'Object Repository/RAD_Pages/PaymentAmount_Page/input__PaymentDue1' is present

2023-01-04 16:33:05 - [MESSAGE][PASSED] - Object 'Object Repository/RAD_Pages/PaymentAmount_Page/input__PaymentDue1' is present

2023-01-04 16:33:05 - [TEST_STEP][PASSED] - selectOptionByLabel(findTestObject(orPath_TaxTypeFilingYear + "/select_FilingYear"), "2021", false): All options with label '2021' are selected in object 'Object Repository/RAD_Pages/TaxTypeFilingYear_Page/select_FilingYear' 

2023-01-04 16:33:06 - [MESSAGE][PASSED] - All options with label '2021' are selected in object 'Object Repository/RAD_Pages/TaxTypeFilingYear_Page/select_FilingYear' 

2023-01-04 16:33:06 - [TEST_STEP][PASSED] - totalOptionsPeriodEnding2 = getNumberOfTotalOption(findTestObject(orPath_TaxTypeFilingYear + "/select_PeriodEnding")): 7 options of object 'Object Repository/RAD_Pages/TaxTypeFilingYear_Page/select_PeriodEnding' counted

2023-01-04 16:33:07 - [MESSAGE][PASSED] - 7 options of object 'Object Repository/RAD_Pages/TaxTypeFilingYear_Page/select_PeriodEnding' counted

2023-01-04 16:33:07 - [TEST_STEP][PASSED] - verifyEqual(totalOptionsPeriodEnding2, 7): Actual object '7' and expected object '7' are equal

2023-01-04 16:33:07 - [MESSAGE][PASSED] - Actual object '7' and expected object '7' are equal

2023-01-04 16:33:07 - [TEST_STEP][PASSED] - verifyOptionNotPresentByValue(findTestObject(orPath_TaxTypeFilingYear + "/select_PeriodEnding"), "January", false, 30): There is no option with value 'January' present in object 'Object Repository/RAD_Pages/TaxTypeFilingYear_Page/select_PeriodEnding' 

2023-01-04 16:33:08 - [MESSAGE][PASSED] - There is no option with value 'January' present in object 'Object Repository/RAD_Pages/TaxTypeFilingYear_Page/select_PeriodEnding' 

2023-01-04 16:33:08 - [TEST_STEP][PASSED] - verifyOptionNotPresentByValue(findTestObject(orPath_TaxTypeFilingYear + "/select_PeriodEnding"), "February", false, 30): There is no option with value 'February' present in object 'Object Repository/RAD_Pages/TaxTypeFilingYear_Page/select_PeriodEnding' 

2023-01-04 16:33:09 - [MESSAGE][PASSED] - There is no option with value 'February' present in object 'Object Repository/RAD_Pages/TaxTypeFilingYear_Page/select_PeriodEnding' 

2023-01-04 16:33:09 - [TEST_STEP][PASSED] - verifyOptionNotPresentByValue(findTestObject(orPath_TaxTypeFilingYear + "/select_PeriodEnding"), "March", false, 30): There is no option with value 'March' present in object 'Object Repository/RAD_Pages/TaxTypeFilingYear_Page/select_PeriodEnding' 

2023-01-04 16:33:09 - [MESSAGE][PASSED] - There is no option with value 'March' present in object 'Object Repository/RAD_Pages/TaxTypeFilingYear_Page/select_PeriodEnding' 

2023-01-04 16:33:09 - [TEST_STEP][PASSED] - verifyOptionNotPresentByValue(findTestObject(orPath_TaxTypeFilingYear + "/select_PeriodEnding"), "April", false, 30): There is no option with value 'April' present in object 'Object Repository/RAD_Pages/TaxTypeFilingYear_Page/select_PeriodEnding' 

2023-01-04 16:33:10 - [MESSAGE][PASSED] - There is no option with value 'April' present in object 'Object Repository/RAD_Pages/TaxTypeFilingYear_Page/select_PeriodEnding' 

2023-01-04 16:33:10 - [TEST_STEP][PASSED] - verifyOptionNotPresentByValue(findTestObject(orPath_TaxTypeFilingYear + "/select_PeriodEnding"), "May", false, 30): There is no option with value 'May' present in object 'Object Repository/RAD_Pages/TaxTypeFilingYear_Page/select_PeriodEnding' 

2023-01-04 16:33:11 - [MESSAGE][PASSED] - There is no option with value 'May' present in object 'Object Repository/RAD_Pages/TaxTypeFilingYear_Page/select_PeriodEnding' 

2023-01-04 16:33:11 - [TEST_STEP][PASSED] - verifyOptionNotPresentByValue(findTestObject(orPath_TaxTypeFilingYear + "/select_PeriodEnding"), "June", false, 30): There is no option with value 'June' present in object 'Object Repository/RAD_Pages/TaxTypeFilingYear_Page/select_PeriodEnding' 

2023-01-04 16:33:12 - [MESSAGE][PASSED] - There is no option with value 'June' present in object 'Object Repository/RAD_Pages/TaxTypeFilingYear_Page/select_PeriodEnding' 

2023-01-04 16:33:12 - [TEST_STEP][PASSED] - verifyOptionsPresent(findTestObject(orPath_TaxTypeFilingYear + "/select_PeriodEnding"), ["July", "August", "September", "October", "November", "December"]): Options [July, August, September, October, November, December] present.

2023-01-04 16:33:13 - [MESSAGE][PASSED] - Options [July, August, September, October, November, December] present.

2023-01-04 16:33:13 - [TEST_STEP][PASSED] - selectOptionByLabel(findTestObject(orPath_TaxTypeFilingYear + "/select_FilingYear"), "2022", false): All options with label '2022' are selected in object 'Object Repository/RAD_Pages/TaxTypeFilingYear_Page/select_FilingYear' 

2023-01-04 16:33:14 - [MESSAGE][PASSED] - All options with label '2022' are selected in object 'Object Repository/RAD_Pages/TaxTypeFilingYear_Page/select_FilingYear' 

2023-01-04 16:33:14 - [TEST_STEP][PASSED] - totalOptionsPeriodEnding3 = getNumberOfTotalOption(findTestObject(orPath_TaxTypeFilingYear + "/select_PeriodEnding")): 13 options of object 'Object Repository/RAD_Pages/TaxTypeFilingYear_Page/select_PeriodEnding' counted

2023-01-04 16:33:14 - [MESSAGE][PASSED] - 13 options of object 'Object Repository/RAD_Pages/TaxTypeFilingYear_Page/select_PeriodEnding' counted

2023-01-04 16:33:14 - [TEST_STEP][PASSED] - verifyEqual(totalOptionsPeriodEnding3, 13): Actual object '13' and expected object '13' are equal

2023-01-04 16:33:14 - [MESSAGE][PASSED] - Actual object '13' and expected object '13' are equal

2023-01-04 16:33:14 - [TEST_STEP][PASSED] - verifyOptionsPresent(findTestObject(orPath_TaxTypeFilingYear + "/select_PeriodEnding"), ["January", "February", "March", "April", "May", "June"]): Options [January, February, March, April, May, June] present.

2023-01-04 16:33:15 - [MESSAGE][PASSED] - Options [January, February, March, April, May, June] present.

2023-01-04 16:33:15 - [TEST_STEP][PASSED] - verifyOptionsPresent(findTestObject(orPath_TaxTypeFilingYear + "/select_PeriodEnding"), ["July", "August", "September", "October", "November", "December"]): Options [July, August, September, October, November, December] present.

2023-01-04 16:33:16 - [MESSAGE][PASSED] - Options [July, August, September, October, November, December] present.

2023-01-04 16:33:16 - [TEST_STEP][PASSED] - selectOptionByLabel(findTestObject(orPath_TaxTypeFilingYear + "/select_FilingYear"), "2023", false): All options with label '2023' are selected in object 'Object Repository/RAD_Pages/TaxTypeFilingYear_Page/select_FilingYear' 

2023-01-04 16:33:17 - [MESSAGE][PASSED] - All options with label '2023' are selected in object 'Object Repository/RAD_Pages/TaxTypeFilingYear_Page/select_FilingYear' 

2023-01-04 16:33:17 - [TEST_STEP][PASSED] - totalOptionsPeriodEnding4 = getNumberOfTotalOption(findTestObject(orPath_TaxTypeFilingYear + "/select_PeriodEnding")): 13 options of object 'Object Repository/RAD_Pages/TaxTypeFilingYear_Page/select_PeriodEnding' counted

2023-01-04 16:33:18 - [MESSAGE][PASSED] - 13 options of object 'Object Repository/RAD_Pages/TaxTypeFilingYear_Page/select_PeriodEnding' counted

2023-01-04 16:33:18 - [TEST_STEP][PASSED] - verifyEqual(totalOptionsPeriodEnding4, 13): Actual object '13' and expected object '13' are equal

2023-01-04 16:33:18 - [MESSAGE][PASSED] - Actual object '13' and expected object '13' are equal

2023-01-04 16:33:18 - [TEST_STEP][PASSED] - verifyOptionsPresent(findTestObject(orPath_TaxTypeFilingYear + "/select_PeriodEnding"), ["January", "February", "March", "April", "May", "June"]): Options [January, February, March, April, May, June] present.

2023-01-04 16:33:19 - [MESSAGE][PASSED] - Options [January, February, March, April, May, June] present.

2023-01-04 16:33:19 - [TEST_STEP][PASSED] - verifyOptionsPresent(findTestObject(orPath_TaxTypeFilingYear + "/select_PeriodEnding"), ["July", "August", "September", "October", "November", "December"]): Options [July, August, September, October, November, December] present.

2023-01-04 16:33:20 - [MESSAGE][PASSED] - Options [July, August, September, October, November, December] present.]]></system-out>
         <system-err><![CDATA[]]></system-err>
      </testcase>
      <testcase name="Test Cases/RAD_TestCases/UI_TestCases/SaleAndUseMarketplaceFacilitator_UI_TC" time="12.162" classname="Test Cases/RAD_TestCases/UI_TestCases/SaleAndUseMarketplaceFacilitator_UI_TC" status="PASSED">
         <system-out><![CDATA[2023-01-04 16:33:20 - [TEST_CASE][PASSED] - Test Cases/RAD_TestCases/UI_TestCases/SaleAndUseMarketplaceFacilitator_UI_TC: Test Cases/RAD_TestCases/UI_TestCases/SaleAndUseMarketplaceFacilitator_UI_TC

2023-01-04 16:33:20 - [TEST_STEP][PASSED] - openBrowser(""): Browser is opened with url: ''

2023-01-04 16:33:20 - [MESSAGE][WARNING] - A browser is already opened. Closing browser and opening a new one

2023-01-04 16:33:21 - [MESSAGE][INFO] - Starting 'Chrome' driver

2023-01-04 16:33:21 - [MESSAGE][INFO] - User set preference: ['acceptInsecureCerts', 'true']

2023-01-04 16:33:21 - [MESSAGE][INFO] - Action delay is set to 0 milliseconds

2023-01-04 16:33:22 - [MESSAGE][PASSED] - Browser is opened with url: ''

2023-01-04 16:33:22 - [TEST_STEP][PASSED] - maximizeWindow(): Current window maximized

2023-01-04 16:33:23 - [MESSAGE][PASSED] - Current window maximized

2023-01-04 16:33:23 - [TEST_STEP][PASSED] - navigateToUrl(RADurl): Navigate to 'https://qa.velocitypayment.com/client/rad/index.html' successfully

2023-01-04 16:33:24 - [MESSAGE][PASSED] - Navigate to 'https://qa.velocitypayment.com/client/rad/index.html' successfully

2023-01-04 16:33:24 - [TEST_STEP][PASSED] - orPath_Landing = "Object Repository/RAD_Pages/Landing_Page": null

2023-01-04 16:33:24 - [TEST_STEP][PASSED] - orPath_TaxTypeFilingYear = "Object Repository/RAD_Pages/TaxTypeFilingYear_Page": null

2023-01-04 16:33:24 - [TEST_STEP][PASSED] - orPath_TaxPayer = "Object Repository/RAD_Pages/Taxpayer_Page": null

2023-01-04 16:33:24 - [TEST_STEP][PASSED] - orPath_AddressContact = "Object Repository/RAD_Pages/AddressAndContactInfo_Page": null

2023-01-04 16:33:24 - [TEST_STEP][PASSED] - orPath_TaxInfo = "Object Repository/RAD_Pages/TaxInfo_Page": null

2023-01-04 16:33:24 - [TEST_STEP][PASSED] - orPath_Withholding = "Object Repository/RAD_Pages/Withholding_Page": null

2023-01-04 16:33:24 - [TEST_STEP][PASSED] - orPath_FilingStatus = "Object Repository/RAD_Pages/FilingStatus_Page": null

2023-01-04 16:33:24 - [TEST_STEP][PASSED] - orPath_Amount = "Object Repository/RAD_Pages/PaymentAmount_Page": null

2023-01-04 16:33:24 - [TEST_STEP][PASSED] - orPath_SalesTaxReturnInfo = "Object Repository/RAD_Pages/SalesTaxReturnInfo_Page": null

2023-01-04 16:33:24 - [TEST_STEP][PASSED] - selectOptionByLabel(findTestObject(orPath_Landing + "/dd_TaxType"), "Sales and Use", false): All options with label 'Sales and Use' are selected in object 'Object Repository/RAD_Pages/Landing_Page/dd_TaxType' 

2023-01-04 16:33:25 - [MESSAGE][PASSED] - All options with label 'Sales and Use' are selected in object 'Object Repository/RAD_Pages/Landing_Page/dd_TaxType' 

2023-01-04 16:33:25 - [TEST_STEP][PASSED] - scrollToElement(findTestObject(orPath_SalesTaxReturnInfo + "/input_OutOfStateVendor"), 3): Scroll to object 'Object Repository/RAD_Pages/SalesTaxReturnInfo_Page/input_OutOfStateVendor' successfully

2023-01-04 16:33:26 - [MESSAGE][PASSED] - Scroll to object 'Object Repository/RAD_Pages/SalesTaxReturnInfo_Page/input_OutOfStateVendor' successfully

2023-01-04 16:33:26 - [TEST_STEP][PASSED] - click(findTestObject(orPath_SalesTaxReturnInfo + "/input_MarketplaceFacilitator")): Object: 'Object Repository/RAD_Pages/SalesTaxReturnInfo_Page/input_MarketplaceFacilitator' is clicked on

2023-01-04 16:33:26 - [MESSAGE][PASSED] - Object: 'Object Repository/RAD_Pages/SalesTaxReturnInfo_Page/input_MarketplaceFacilitator' is clicked on

2023-01-04 16:33:26 - [TEST_STEP][PASSED] - verifyTextPresent("Maryland Form 202F", true): Text 'Maryland Form 202F' is present on page  using regular expression

2023-01-04 16:33:27 - [MESSAGE][PASSED] - Text 'Maryland Form 202F' is present on page  using regular expression

2023-01-04 16:33:27 - [TEST_STEP][PASSED] - verifyTextPresent("To be completed by marketplace facilitator. Refer to your Maryland Sales Tax Instructions to complete the following.", true): Text 'To be completed by marketplace facilitator. Refer to your Maryland Sales Tax Instructions to complete the following.' is present on page  using regular expression

2023-01-04 16:33:27 - [MESSAGE][PASSED] - Text 'To be completed by marketplace facilitator. Refer to your Maryland Sales Tax Instructions to complete the following.' is present on page  using regular expression

2023-01-04 16:33:27 - [TEST_STEP][PASSED] - verifyTextPresent("Maryland Form 202", true): Text 'Maryland Form 202' is present on page  using regular expression

2023-01-04 16:33:28 - [MESSAGE][PASSED] - Text 'Maryland Form 202' is present on page  using regular expression

2023-01-04 16:33:28 - [TEST_STEP][PASSED] - verifyTextPresent("Refer to your Maryland Sales Tax Instructions to complete the following", true): Text 'Refer to your Maryland Sales Tax Instructions to complete the following' is present on page  using regular expression

2023-01-04 16:33:29 - [MESSAGE][PASSED] - Text 'Refer to your Maryland Sales Tax Instructions to complete the following' is present on page  using regular expression

2023-01-04 16:33:29 - [TEST_STEP][PASSED] - verifyTextPresent("Maryland Form 202", true): Text 'Maryland Form 202' is present on page  using regular expression

2023-01-04 16:33:29 - [MESSAGE][PASSED] - Text 'Maryland Form 202' is present on page  using regular expression

2023-01-04 16:33:29 - [TEST_STEP][PASSED] - verifyTextPresent("Refer to your Maryland Sales Tax Instructions to complete the following", true): Text 'Refer to your Maryland Sales Tax Instructions to complete the following' is present on page  using regular expression

2023-01-04 16:33:30 - [MESSAGE][PASSED] - Text 'Refer to your Maryland Sales Tax Instructions to complete the following' is present on page  using regular expression

2023-01-04 16:33:30 - [TEST_STEP][PASSED] - verifyElementPresent(findTestObject("Object Repository/RAD_Pages/MarylandForm202F_Page/input__Line6a"), 30): Object 'Object Repository/RAD_Pages/MarylandForm202F_Page/input__Line6a' is present

2023-01-04 16:33:30 - [MESSAGE][PASSED] - Object 'Object Repository/RAD_Pages/MarylandForm202F_Page/input__Line6a' is present

2023-01-04 16:33:30 - [TEST_STEP][PASSED] - verifyElementPresent(findTestObject("Object Repository/RAD_Pages/MarylandForm202F_Page/input__Line4a"), 30): Object 'Object Repository/RAD_Pages/MarylandForm202F_Page/input__Line4a' is present

2023-01-04 16:33:31 - [MESSAGE][PASSED] - Object 'Object Repository/RAD_Pages/MarylandForm202F_Page/input__Line4a' is present

2023-01-04 16:33:31 - [TEST_STEP][PASSED] - verifyElementPresent(findTestObject("Object Repository/RAD_Pages/MarylandForm202F_Page/input__Line3a"), 30): Object 'Object Repository/RAD_Pages/MarylandForm202F_Page/input__Line3a' is present

2023-01-04 16:33:31 - [MESSAGE][PASSED] - Object 'Object Repository/RAD_Pages/MarylandForm202F_Page/input__Line3a' is present

2023-01-04 16:33:31 - [TEST_STEP][PASSED] - verifyElementPresent(findTestObject("Object Repository/RAD_Pages/MarylandForm202F_Page/input__Line2a"), 30): Object 'Object Repository/RAD_Pages/MarylandForm202F_Page/input__Line2a' is present

2023-01-04 16:33:31 - [MESSAGE][PASSED] - Object 'Object Repository/RAD_Pages/MarylandForm202F_Page/input__Line2a' is present

2023-01-04 16:33:31 - [TEST_STEP][PASSED] - verifyElementPresent(findTestObject("Object Repository/RAD_Pages/MarylandForm202F_Page/input__Line1"), 30): Object 'Object Repository/RAD_Pages/MarylandForm202F_Page/input__Line1' is present

2023-01-04 16:33:32 - [MESSAGE][PASSED] - Object 'Object Repository/RAD_Pages/MarylandForm202F_Page/input__Line1' is present]]></system-out>
         <system-err><![CDATA[]]></system-err>
      </testcase>
      <testcase name="Test Cases/RAD_TestCases/UI_TestCases/SaleAndUseMDForm202_UI_TC" time="11.475" classname="Test Cases/RAD_TestCases/UI_TestCases/SaleAndUseMDForm202_UI_TC" status="PASSED">
         <system-out><![CDATA[2023-01-04 16:33:32 - [TEST_CASE][PASSED] - Test Cases/RAD_TestCases/UI_TestCases/SaleAndUseMDForm202_UI_TC: Test Cases/RAD_TestCases/UI_TestCases/SaleAndUseMDForm202_UI_TC

2023-01-04 16:33:32 - [TEST_STEP][PASSED] - openBrowser(""): Browser is opened with url: ''

2023-01-04 16:33:32 - [MESSAGE][WARNING] - A browser is already opened. Closing browser and opening a new one

2023-01-04 16:33:33 - [MESSAGE][INFO] - Starting 'Chrome' driver

2023-01-04 16:33:33 - [MESSAGE][INFO] - User set preference: ['acceptInsecureCerts', 'true']

2023-01-04 16:33:33 - [MESSAGE][INFO] - Action delay is set to 0 milliseconds

2023-01-04 16:33:35 - [MESSAGE][PASSED] - Browser is opened with url: ''

2023-01-04 16:33:35 - [TEST_STEP][PASSED] - maximizeWindow(): Current window maximized

2023-01-04 16:33:35 - [MESSAGE][PASSED] - Current window maximized

2023-01-04 16:33:35 - [TEST_STEP][PASSED] - navigateToUrl(RADurl): Navigate to 'https://qa.velocitypayment.com/client/rad/index.html' successfully

2023-01-04 16:33:37 - [MESSAGE][PASSED] - Navigate to 'https://qa.velocitypayment.com/client/rad/index.html' successfully

2023-01-04 16:33:37 - [TEST_STEP][PASSED] - orPath_Landing = "Object Repository/RAD_Pages/Landing_Page": null

2023-01-04 16:33:37 - [TEST_STEP][PASSED] - orPath_TaxTypeFilingYear = "Object Repository/RAD_Pages/TaxTypeFilingYear_Page": null

2023-01-04 16:33:37 - [TEST_STEP][PASSED] - orPath_TaxPayer = "Object Repository/RAD_Pages/Taxpayer_Page": null

2023-01-04 16:33:37 - [TEST_STEP][PASSED] - orPath_AddressContact = "Object Repository/RAD_Pages/AddressAndContactInfo_Page": null

2023-01-04 16:33:37 - [TEST_STEP][PASSED] - orPath_TaxInfo = "Object Repository/RAD_Pages/TaxInfo_Page": null

2023-01-04 16:33:37 - [TEST_STEP][PASSED] - orPath_Withholding = "Object Repository/RAD_Pages/Withholding_Page": null

2023-01-04 16:33:37 - [TEST_STEP][PASSED] - orPath_FilingStatus = "Object Repository/RAD_Pages/FilingStatus_Page": null

2023-01-04 16:33:37 - [TEST_STEP][PASSED] - orPath_Amount = "Object Repository/RAD_Pages/PaymentAmount_Page": null

2023-01-04 16:33:37 - [TEST_STEP][PASSED] - orPath_SalesTaxReturnInfo = "Object Repository/RAD_Pages/SalesTaxReturnInfo_Page": null

2023-01-04 16:33:37 - [TEST_STEP][PASSED] - orPath_MDForm202 = "Object Repository/RAD_Pages/MarylandForm202_Page": null

2023-01-04 16:33:37 - [TEST_STEP][PASSED] - selectOptionByLabel(findTestObject(orPath_Landing + "/dd_TaxType"), "Sales and Use", false): All options with label 'Sales and Use' are selected in object 'Object Repository/RAD_Pages/Landing_Page/dd_TaxType' 

2023-01-04 16:33:38 - [MESSAGE][PASSED] - All options with label 'Sales and Use' are selected in object 'Object Repository/RAD_Pages/Landing_Page/dd_TaxType' 

2023-01-04 16:33:38 - [TEST_STEP][PASSED] - verifyElementPresent(findTestObject(orPath_MDForm202 + "/input__Line3"), 30): Object 'Object Repository/RAD_Pages/MarylandForm202_Page/input__Line3' is present

2023-01-04 16:33:38 - [MESSAGE][PASSED] - Object 'Object Repository/RAD_Pages/MarylandForm202_Page/input__Line3' is present

2023-01-04 16:33:38 - [TEST_STEP][PASSED] - verifyElementPresent(findTestObject(orPath_MDForm202 + "/input__Line4a"), 30): Object 'Object Repository/RAD_Pages/MarylandForm202_Page/input__Line4a' is present

2023-01-04 16:33:38 - [MESSAGE][PASSED] - Object 'Object Repository/RAD_Pages/MarylandForm202_Page/input__Line4a' is present

2023-01-04 16:33:38 - [TEST_STEP][PASSED] - verifyElementPresent(findTestObject(orPath_MDForm202 + "/input__Line5a"), 30): Object 'Object Repository/RAD_Pages/MarylandForm202_Page/input__Line5a' is present

2023-01-04 16:33:39 - [MESSAGE][PASSED] - Object 'Object Repository/RAD_Pages/MarylandForm202_Page/input__Line5a' is present

2023-01-04 16:33:39 - [TEST_STEP][PASSED] - verifyElementPresent(findTestObject(orPath_MDForm202 + "/input__Line6a"), 30): Object 'Object Repository/RAD_Pages/MarylandForm202_Page/input__Line6a' is present

2023-01-04 16:33:39 - [MESSAGE][PASSED] - Object 'Object Repository/RAD_Pages/MarylandForm202_Page/input__Line6a' is present

2023-01-04 16:33:39 - [TEST_STEP][PASSED] - verifyElementPresent(findTestObject(orPath_MDForm202 + "/input__Line8a"), 30): Object 'Object Repository/RAD_Pages/MarylandForm202_Page/input__Line8a' is present

2023-01-04 16:33:40 - [MESSAGE][PASSED] - Object 'Object Repository/RAD_Pages/MarylandForm202_Page/input__Line8a' is present

2023-01-04 16:33:40 - [TEST_STEP][PASSED] - verifyElementPresent(findTestObject(orPath_MDForm202 + "/input__Line12a"), 30): Object 'Object Repository/RAD_Pages/MarylandForm202_Page/input__Line12a' is present

2023-01-04 16:33:40 - [MESSAGE][PASSED] - Object 'Object Repository/RAD_Pages/MarylandForm202_Page/input__Line12a' is present

2023-01-04 16:33:40 - [TEST_STEP][PASSED] - verifyElementPresent(findTestObject(orPath_MDForm202 + "/input__Line13a"), 30): Object 'Object Repository/RAD_Pages/MarylandForm202_Page/input__Line13a' is present

2023-01-04 16:33:41 - [MESSAGE][PASSED] - Object 'Object Repository/RAD_Pages/MarylandForm202_Page/input__Line13a' is present

2023-01-04 16:33:41 - [TEST_STEP][PASSED] - verifyElementPresent(findTestObject(orPath_MDForm202 + "/input__Line13"), 30): Object 'Object Repository/RAD_Pages/MarylandForm202_Page/input__Line13' is present

2023-01-04 16:33:41 - [MESSAGE][PASSED] - Object 'Object Repository/RAD_Pages/MarylandForm202_Page/input__Line13' is present

2023-01-04 16:33:41 - [TEST_STEP][PASSED] - verifyElementPresent(findTestObject(orPath_MDForm202 + "/input__Line14"), 30): Object 'Object Repository/RAD_Pages/MarylandForm202_Page/input__Line14' is present

2023-01-04 16:33:42 - [MESSAGE][PASSED] - Object 'Object Repository/RAD_Pages/MarylandForm202_Page/input__Line14' is present

2023-01-04 16:33:42 - [TEST_STEP][PASSED] - verifyElementPresent(findTestObject(orPath_MDForm202 + "/input__Line15"), 30): Object 'Object Repository/RAD_Pages/MarylandForm202_Page/input__Line15' is present

2023-01-04 16:33:42 - [MESSAGE][PASSED] - Object 'Object Repository/RAD_Pages/MarylandForm202_Page/input__Line15' is present

2023-01-04 16:33:42 - [TEST_STEP][PASSED] - verifyElementPresent(findTestObject(orPath_MDForm202 + "/input__Line17a"), 30): Object 'Object Repository/RAD_Pages/MarylandForm202_Page/input__Line17a' is present

2023-01-04 16:33:42 - [MESSAGE][PASSED] - Object 'Object Repository/RAD_Pages/MarylandForm202_Page/input__Line17a' is present

2023-01-04 16:33:42 - [TEST_STEP][PASSED] - verifyElementPresent(findTestObject(orPath_MDForm202 + "/input__Line17b"), 30): Object 'Object Repository/RAD_Pages/MarylandForm202_Page/input__Line17b' is present

2023-01-04 16:33:43 - [MESSAGE][PASSED] - Object 'Object Repository/RAD_Pages/MarylandForm202_Page/input__Line17b' is present

2023-01-04 16:33:43 - [TEST_STEP][PASSED] - verifyElementPresent(findTestObject(orPath_MDForm202 + "/input__Line19a"), 30): Object 'Object Repository/RAD_Pages/MarylandForm202_Page/input__Line19a' is present

2023-01-04 16:33:43 - [MESSAGE][PASSED] - Object 'Object Repository/RAD_Pages/MarylandForm202_Page/input__Line19a' is present]]></system-out>
         <system-err><![CDATA[]]></system-err>
      </testcase>
      <testcase name="Test Cases/RAD_TestCases/UI_TestCases/ExistingLiability_UI_TC" time="26.557" classname="Test Cases/RAD_TestCases/UI_TestCases/ExistingLiability_UI_TC" status="PASSED">
         <system-out><![CDATA[2023-01-04 16:33:43 - [TEST_CASE][PASSED] - Test Cases/RAD_TestCases/UI_TestCases/ExistingLiability_UI_TC: Test Cases/RAD_TestCases/UI_TestCases/ExistingLiability_UI_TC

2023-01-04 16:33:44 - [TEST_STEP][PASSED] - openBrowser(""): Browser is opened with url: ''

2023-01-04 16:33:44 - [MESSAGE][WARNING] - A browser is already opened. Closing browser and opening a new one

2023-01-04 16:33:45 - [MESSAGE][INFO] - Starting 'Chrome' driver

2023-01-04 16:33:45 - [MESSAGE][INFO] - User set preference: ['acceptInsecureCerts', 'true']

2023-01-04 16:33:45 - [MESSAGE][INFO] - Action delay is set to 0 milliseconds

2023-01-04 16:33:46 - [MESSAGE][PASSED] - Browser is opened with url: ''

2023-01-04 16:33:46 - [TEST_STEP][PASSED] - maximizeWindow(): Current window maximized

2023-01-04 16:33:46 - [MESSAGE][PASSED] - Current window maximized

2023-01-04 16:33:46 - [TEST_STEP][PASSED] - navigateToUrl(RADurl): Navigate to 'https://qa.velocitypayment.com/client/rad/index.html' successfully

2023-01-04 16:33:48 - [MESSAGE][PASSED] - Navigate to 'https://qa.velocitypayment.com/client/rad/index.html' successfully

2023-01-04 16:33:48 - [TEST_STEP][PASSED] - orPath_Landing = "Object Repository/RAD_Pages/Landing_Page": null

2023-01-04 16:33:48 - [TEST_STEP][PASSED] - orPath_TaxTypeFilingYear = "Object Repository/RAD_Pages/TaxTypeFilingYear_Page": null

2023-01-04 16:33:48 - [TEST_STEP][PASSED] - orPath_TaxPayer = "Object Repository/RAD_Pages/Taxpayer_Page": null

2023-01-04 16:33:48 - [TEST_STEP][PASSED] - orPath_AddressContact = "Object Repository/RAD_Pages/AddressAndContactInfo_Page": null

2023-01-04 16:33:48 - [TEST_STEP][PASSED] - orPath_TaxInfo = "Object Repository/RAD_Pages/TaxInfo_Page": null

2023-01-04 16:33:48 - [TEST_STEP][PASSED] - orPath_Withholding = "Object Repository/RAD_Pages/Withholding_Page": null

2023-01-04 16:33:48 - [TEST_STEP][PASSED] - orPath_FilingStatus = "Object Repository/RAD_Pages/FilingStatus_Page": null

2023-01-04 16:33:48 - [TEST_STEP][PASSED] - orPath_Amount = "Object Repository/RAD_Pages/PaymentAmount_Page": null

2023-01-04 16:33:48 - [TEST_STEP][PASSED] - orPath_SalesTaxReturnInfo = "Object Repository/RAD_Pages/SalesTaxReturnInfo_Page": null

2023-01-04 16:33:48 - [TEST_STEP][PASSED] - selectOptionByLabel(findTestObject(orPath_Landing + "/dd_TaxType"), "Existing Liability", false): All options with label 'Existing Liability' are selected in object 'Object Repository/RAD_Pages/Landing_Page/dd_TaxType' 

2023-01-04 16:33:49 - [MESSAGE][PASSED] - All options with label 'Existing Liability' are selected in object 'Object Repository/RAD_Pages/Landing_Page/dd_TaxType' 

2023-01-04 16:33:49 - [TEST_STEP][PASSED] - verifyElementPresent(findTestObject(orPath_TaxTypeFilingYear + "/select_TaxType_ExistingLiability"), 30): Object 'Object Repository/RAD_Pages/TaxTypeFilingYear_Page/select_TaxType_ExistingLiability' is present

2023-01-04 16:33:49 - [MESSAGE][PASSED] - Object 'Object Repository/RAD_Pages/TaxTypeFilingYear_Page/select_TaxType_ExistingLiability' is present

2023-01-04 16:33:49 - [TEST_STEP][PASSED] - totalOptionsExistingLiability = getNumberOfTotalOption(findTestObject(orPath_TaxTypeFilingYear + "/select_TaxType_ExistingLiability")): 12 options of object 'Object Repository/RAD_Pages/TaxTypeFilingYear_Page/select_TaxType_ExistingLiability' counted

2023-01-04 16:33:50 - [MESSAGE][PASSED] - 12 options of object 'Object Repository/RAD_Pages/TaxTypeFilingYear_Page/select_TaxType_ExistingLiability' counted

2023-01-04 16:33:50 - [TEST_STEP][PASSED] - verifyEqual(totalOptionsExistingLiability, 12): Actual object '12' and expected object '12' are equal

2023-01-04 16:33:50 - [MESSAGE][PASSED] - Actual object '12' and expected object '12' are equal

2023-01-04 16:33:50 - [TEST_STEP][PASSED] - verifyOptionsPresent(findTestObject(orPath_TaxTypeFilingYear + "/select_TaxType_ExistingLiability"), ["Bay Restoration Fund Tax", "CORP Tax", "Fiduciary Tax"]): Options [Bay Restoration Fund Tax, CORP Tax, Fiduciary Tax] present.

2023-01-04 16:33:51 - [MESSAGE][PASSED] - Options [Bay Restoration Fund Tax, CORP Tax, Fiduciary Tax] present.

2023-01-04 16:33:51 - [TEST_STEP][PASSED] - verifyOptionsPresent(findTestObject(orPath_TaxTypeFilingYear + "/select_TaxType_ExistingLiability"), ["Personal Tax", "PTE Tax (Partnership)", "PTE Tax (LLC)"]): Options [Personal Tax, PTE Tax (Partnership), PTE Tax (LLC)] present.

2023-01-04 16:33:52 - [MESSAGE][PASSED] - Options [Personal Tax, PTE Tax (Partnership), PTE Tax (LLC)] present.

2023-01-04 16:33:52 - [TEST_STEP][PASSED] - verifyOptionsPresent(findTestObject(orPath_TaxTypeFilingYear + "/select_TaxType_ExistingLiability"), ["PTE Tax (SCorp)", "Sales & Use Tax"]): Options [PTE Tax (SCorp), Sales & Use Tax] present.

2023-01-04 16:33:53 - [MESSAGE][PASSED] - Options [PTE Tax (SCorp), Sales & Use Tax] present.

2023-01-04 16:33:53 - [TEST_STEP][PASSED] - verifyOptionsPresent(findTestObject(orPath_TaxTypeFilingYear + "/select_TaxType_ExistingLiability"), ["Withholding Tax", "Alcohol Tax"]): Options [Withholding Tax, Alcohol Tax] present.

2023-01-04 16:33:54 - [MESSAGE][PASSED] - Options [Withholding Tax, Alcohol Tax] present.

2023-01-04 16:33:54 - [TEST_STEP][PASSED] - verifyTextPresent("Tax Type/Filing Year", true): Text 'Tax Type/Filing Year' is present on page  using regular expression

2023-01-04 16:33:54 - [MESSAGE][PASSED] - Text 'Tax Type/Filing Year' is present on page  using regular expression

2023-01-04 16:33:54 - [TEST_STEP][PASSED] - verifyTextPresent("Taxpayer", true): Text 'Taxpayer' is present on page  using regular expression

2023-01-04 16:33:55 - [MESSAGE][PASSED] - Text 'Taxpayer' is present on page  using regular expression

2023-01-04 16:33:55 - [TEST_STEP][PASSED] - verifyTextPresent("Provide the following taxpayer information", true): Text 'Provide the following taxpayer information' is present on page  using regular expression

2023-01-04 16:33:55 - [MESSAGE][PASSED] - Text 'Provide the following taxpayer information' is present on page  using regular expression

2023-01-04 16:33:55 - [TEST_STEP][PASSED] - verifyTextPresent("Note: If you are paying on behalf of the Taxpayer, enter Taxpayer", true): Text 'Note: If you are paying on behalf of the Taxpayer, enter Taxpayer' is present on page  using regular expression

2023-01-04 16:33:56 - [MESSAGE][PASSED] - Text 'Note: If you are paying on behalf of the Taxpayer, enter Taxpayer' is present on page  using regular expression

2023-01-04 16:33:56 - [TEST_STEP][PASSED] - verifyTextPresent("information here. If you are making a payment for the Taxpayer, you will be required later to enter your own credit card, billing address and other pertinent information", true): Text 'information here. If you are making a payment for the Taxpayer, you will be required later to enter your own credit card, billing address and other pertinent information' is present on page  using regular expression

2023-01-04 16:33:56 - [MESSAGE][PASSED] - Text 'information here. If you are making a payment for the Taxpayer, you will be required later to enter your own credit card, billing address and other pertinent information' is present on page  using regular expression

2023-01-04 16:33:56 - [TEST_STEP][PASSED] - verifyTextPresent("Address and Contact Information", true): Text 'Address and Contact Information' is present on page  using regular expression

2023-01-04 16:33:57 - [MESSAGE][PASSED] - Text 'Address and Contact Information' is present on page  using regular expression

2023-01-04 16:33:57 - [TEST_STEP][PASSED] - verifyTextPresent("Enter the taxpayer", true): Text 'Enter the taxpayer' is present on page  using regular expression

2023-01-04 16:33:57 - [MESSAGE][PASSED] - Text 'Enter the taxpayer' is present on page  using regular expression

2023-01-04 16:33:57 - [TEST_STEP][PASSED] - verifyTextPresent("address and contact information", true): Text 'address and contact information' is present on page  using regular expression

2023-01-04 16:33:58 - [MESSAGE][PASSED] - Text 'address and contact information' is present on page  using regular expression

2023-01-04 16:33:58 - [TEST_STEP][PASSED] - verifyTextPresent("Tax Information", true): Text 'Tax Information' is present on page  using regular expression

2023-01-04 16:33:58 - [MESSAGE][PASSED] - Text 'Tax Information' is present on page  using regular expression

2023-01-04 16:33:58 - [TEST_STEP][PASSED] - verifyTextPresent("Payment Amount", true): Text 'Payment Amount' is present on page  using regular expression

2023-01-04 16:33:59 - [MESSAGE][PASSED] - Text 'Payment Amount' is present on page  using regular expression

2023-01-04 16:33:59 - [TEST_STEP][PASSED] - verifyTextPresent("Service Fee: This electronic government service includes a service/convenience fee. Click here for details", true): Text 'Service Fee: This electronic government service includes a service/convenience fee. Click here for details' is present on page  using regular expression

2023-01-04 16:33:59 - [MESSAGE][PASSED] - Text 'Service Fee: This electronic government service includes a service/convenience fee. Click here for details' is present on page  using regular expression

2023-01-04 16:33:59 - [TEST_STEP][PASSED] - verifyElementPresent(findTestObject(orPath_Amount + "/a_Click here for details"), 30): Object 'Object Repository/RAD_Pages/PaymentAmount_Page/a_Click here for details' is present

2023-01-04 16:33:59 - [MESSAGE][PASSED] - Object 'Object Repository/RAD_Pages/PaymentAmount_Page/a_Click here for details' is present

2023-01-04 16:33:59 - [TEST_STEP][PASSED] - verifyElementPresent(findTestObject(orPath_Landing + "/button_Continue"), 30): Object 'Object Repository/RAD_Pages/Landing_Page/button_Continue' is present

2023-01-04 16:34:00 - [MESSAGE][PASSED] - Object 'Object Repository/RAD_Pages/Landing_Page/button_Continue' is present

2023-01-04 16:34:00 - [TEST_STEP][PASSED] - verifyElementPresent(findTestObject(orPath_TaxPayer + "/input_firstName"), 30): Object 'Object Repository/RAD_Pages/Taxpayer_Page/input_firstName' is present

2023-01-04 16:34:00 - [MESSAGE][PASSED] - Object 'Object Repository/RAD_Pages/Taxpayer_Page/input_firstName' is present

2023-01-04 16:34:00 - [TEST_STEP][PASSED] - verifyElementPresent(findTestObject(orPath_TaxPayer + "/input_middleName"), 30): Object 'Object Repository/RAD_Pages/Taxpayer_Page/input_middleName' is present

2023-01-04 16:34:01 - [MESSAGE][PASSED] - Object 'Object Repository/RAD_Pages/Taxpayer_Page/input_middleName' is present

2023-01-04 16:34:01 - [TEST_STEP][PASSED] - verifyElementPresent(findTestObject(orPath_TaxPayer + "/input_lastName"), 30): Object 'Object Repository/RAD_Pages/Taxpayer_Page/input_lastName' is present

2023-01-04 16:34:01 - [MESSAGE][PASSED] - Object 'Object Repository/RAD_Pages/Taxpayer_Page/input_lastName' is present

2023-01-04 16:34:01 - [TEST_STEP][PASSED] - verifyElementPresent(findTestObject(orPath_TaxPayer + "/input_suffix"), 30): Object 'Object Repository/RAD_Pages/Taxpayer_Page/input_suffix' is present

2023-01-04 16:34:02 - [MESSAGE][PASSED] - Object 'Object Repository/RAD_Pages/Taxpayer_Page/input_suffix' is present

2023-01-04 16:34:02 - [TEST_STEP][PASSED] - verifyElementPresent(findTestObject(orPath_AddressContact + "/select_Country"), 30): Object 'Object Repository/RAD_Pages/AddressAndContactInfo_Page/select_Country' is present

2023-01-04 16:34:02 - [MESSAGE][PASSED] - Object 'Object Repository/RAD_Pages/AddressAndContactInfo_Page/select_Country' is present

2023-01-04 16:34:02 - [TEST_STEP][PASSED] - verifyElementPresent(findTestObject(orPath_AddressContact + "/input_streetAddress1"), 30): Object 'Object Repository/RAD_Pages/AddressAndContactInfo_Page/input_streetAddress1' is present

2023-01-04 16:34:03 - [MESSAGE][PASSED] - Object 'Object Repository/RAD_Pages/AddressAndContactInfo_Page/input_streetAddress1' is present

2023-01-04 16:34:03 - [TEST_STEP][PASSED] - verifyElementPresent(findTestObject(orPath_AddressContact + "/input_streetAddress2"), 30): Object 'Object Repository/RAD_Pages/AddressAndContactInfo_Page/input_streetAddress2' is present

2023-01-04 16:34:03 - [MESSAGE][PASSED] - Object 'Object Repository/RAD_Pages/AddressAndContactInfo_Page/input_streetAddress2' is present

2023-01-04 16:34:03 - [TEST_STEP][PASSED] - verifyElementPresent(findTestObject(orPath_AddressContact + "/input_city"), 30): Object 'Object Repository/RAD_Pages/AddressAndContactInfo_Page/input_city' is present

2023-01-04 16:34:04 - [MESSAGE][PASSED] - Object 'Object Repository/RAD_Pages/AddressAndContactInfo_Page/input_city' is present

2023-01-04 16:34:04 - [TEST_STEP][PASSED] - verifyElementPresent(findTestObject(orPath_AddressContact + "/select_State"), 30): Object 'Object Repository/RAD_Pages/AddressAndContactInfo_Page/select_State' is present

2023-01-04 16:34:04 - [MESSAGE][PASSED] - Object 'Object Repository/RAD_Pages/AddressAndContactInfo_Page/select_State' is present

2023-01-04 16:34:04 - [TEST_STEP][PASSED] - verifyElementPresent(findTestObject(orPath_AddressContact + "/input_zipCode"), 30): Object 'Object Repository/RAD_Pages/AddressAndContactInfo_Page/input_zipCode' is present

2023-01-04 16:34:04 - [MESSAGE][PASSED] - Object 'Object Repository/RAD_Pages/AddressAndContactInfo_Page/input_zipCode' is present

2023-01-04 16:34:04 - [TEST_STEP][PASSED] - verifyElementPresent(findTestObject(orPath_AddressContact + "/input_phoneNumber"), 30): Object 'Object Repository/RAD_Pages/AddressAndContactInfo_Page/input_phoneNumber' is present

2023-01-04 16:34:05 - [MESSAGE][PASSED] - Object 'Object Repository/RAD_Pages/AddressAndContactInfo_Page/input_phoneNumber' is present

2023-01-04 16:34:05 - [TEST_STEP][PASSED] - verifyElementPresent(findTestObject(orPath_AddressContact + "/input_eMailAddress"), 30): Object 'Object Repository/RAD_Pages/AddressAndContactInfo_Page/input_eMailAddress' is present

2023-01-04 16:34:05 - [MESSAGE][PASSED] - Object 'Object Repository/RAD_Pages/AddressAndContactInfo_Page/input_eMailAddress' is present

2023-01-04 16:34:05 - [TEST_STEP][PASSED] - verifyElementPresent(findTestObject(orPath_AddressContact + "/input_reEnterEMailAddress"), 30): Object 'Object Repository/RAD_Pages/AddressAndContactInfo_Page/input_reEnterEMailAddress' is present

2023-01-04 16:34:06 - [MESSAGE][PASSED] - Object 'Object Repository/RAD_Pages/AddressAndContactInfo_Page/input_reEnterEMailAddress' is present

2023-01-04 16:34:06 - [TEST_STEP][PASSED] - verifyOptionsPresent(findTestObject(orPath_AddressContact + "/select_Country"), ["United States"]): Options [United States] present.

2023-01-04 16:34:06 - [MESSAGE][PASSED] - Options [United States] present.

2023-01-04 16:34:06 - [TEST_STEP][PASSED] - verifyOptionsPresent(findTestObject(orPath_AddressContact + "/select_State"), ["Alabama", "District of Columbia", "Maryland", "Virginia", "Wyoming"]): Options [Alabama, District of Columbia, Maryland, Virginia, Wyoming] present.

2023-01-04 16:34:08 - [MESSAGE][PASSED] - Options [Alabama, District of Columbia, Maryland, Virginia, Wyoming] present.

2023-01-04 16:34:08 - [TEST_STEP][PASSED] - totalOptionsState = getNumberOfTotalOption(findTestObject(orPath_AddressContact + "/select_State")): 52 options of object 'Object Repository/RAD_Pages/AddressAndContactInfo_Page/select_State' counted

2023-01-04 16:34:09 - [MESSAGE][PASSED] - 52 options of object 'Object Repository/RAD_Pages/AddressAndContactInfo_Page/select_State' counted

2023-01-04 16:34:09 - [TEST_STEP][PASSED] - verifyEqual(totalOptionsState, 52): Actual object '52' and expected object '52' are equal

2023-01-04 16:34:09 - [MESSAGE][PASSED] - Actual object '52' and expected object '52' are equal

2023-01-04 16:34:09 - [TEST_STEP][PASSED] - verifyElementPresent(findTestObject(orPath_TaxInfo + "/input_NoticeInvoiceNumber"), 30): Object 'Object Repository/RAD_Pages/TaxInfo_Page/input_NoticeInvoiceNumber' is present

2023-01-04 16:34:09 - [MESSAGE][PASSED] - Object 'Object Repository/RAD_Pages/TaxInfo_Page/input_NoticeInvoiceNumber' is present

2023-01-04 16:34:09 - [TEST_STEP][PASSED] - verifyElementPresent(findTestObject(orPath_TaxInfo + "/input_reTypeNoticeInvoiceNumber"), 30): Object 'Object Repository/RAD_Pages/TaxInfo_Page/input_reTypeNoticeInvoiceNumber' is present

2023-01-04 16:34:09 - [MESSAGE][PASSED] - Object 'Object Repository/RAD_Pages/TaxInfo_Page/input_reTypeNoticeInvoiceNumber' is present

2023-01-04 16:34:09 - [TEST_STEP][PASSED] - verifyElementPresent(findTestObject(orPath_Amount + "/input__paymentAmount"), 30): Object 'Object Repository/RAD_Pages/PaymentAmount_Page/input__paymentAmount' is present

2023-01-04 16:34:10 - [MESSAGE][PASSED] - Object 'Object Repository/RAD_Pages/PaymentAmount_Page/input__paymentAmount' is present]]></system-out>
         <system-err><![CDATA[]]></system-err>
      </testcase>
      <testcase name="Test Cases/RAD_TestCases/UI_TestCases/VerifyServiceFeeVerbiage_UI_TC" time="0.359" classname="Test Cases/RAD_TestCases/UI_TestCases/VerifyServiceFeeVerbiage_UI_TC" status="ERROR">
         <error type="ERROR" message="Test Cases/RAD_TestCases/UI_TestCases/VerifyServiceFeeVerbiage_UI_TC FAILED.
Reason:
org.codehaus.groovy.control.MultipleCompilationErrorsException: startup failed:
file:/E:/Cloned-Project-Katalon/VPS-Katalon/Scripts/RAD_TestCases/UI_TestCases/VerifyServiceFeeVerbiage_UI_TC/Script1635887204249.groovy: 51: Invalid variable name. Must include a letter but only found: $
. At [51:107]  @ line 51, column 107.
   vice/convenience fee, with a &quot;$&quot;1.00 min
                                 ^

1 error

	at com.kms.katalon.core.main.ScriptEngine.getScript(ScriptEngine.java:199)
	at com.kms.katalon.core.main.ScriptEngine.run(ScriptEngine.java:194)
	at com.kms.katalon.core.main.ScriptEngine.runScriptAsRawText(ScriptEngine.java:119)
	at com.kms.katalon.core.main.TestCaseExecutor.runScript(TestCaseExecutor.java:442)
	at com.kms.katalon.core.main.TestCaseExecutor.doExecute(TestCaseExecutor.java:433)
	at com.kms.katalon.core.main.TestCaseExecutor.processExecutionPhase(TestCaseExecutor.java:412)
	at com.kms.katalon.core.main.TestCaseExecutor.accessMainPhase(TestCaseExecutor.java:404)
	at com.kms.katalon.core.main.TestCaseExecutor.execute(TestCaseExecutor.java:281)
	at com.kms.katalon.core.main.TestSuiteExecutor.accessTestCaseMainPhase(TestSuiteExecutor.java:202)
	at com.kms.katalon.core.main.TestSuiteExecutor.accessTestSuiteMainPhase(TestSuiteExecutor.java:164)
	at com.kms.katalon.core.main.TestSuiteExecutor.execute(TestSuiteExecutor.java:105)
	at com.kms.katalon.core.main.TestCaseMain.startTestSuite(TestCaseMain.java:185)
	at com.kms.katalon.core.main.TestCaseMain$startTestSuite$0.call(Unknown Source)
	at TempTestSuite1672867724797.run(TempTestSuite1672867724797.groovy:36)
"/>
         <system-out><![CDATA[2023-01-04 16:34:10 - [TEST_CASE][ERROR] - Test Cases/RAD_TestCases/UI_TestCases/VerifyServiceFeeVerbiage_UI_TC: Test Cases/RAD_TestCases/UI_TestCases/VerifyServiceFeeVerbiage_UI_TC FAILED.
Reason:
org.codehaus.groovy.control.MultipleCompilationErrorsException: startup failed:
file:/E:/Cloned-Project-Katalon/VPS-Katalon/Scripts/RAD_TestCases/UI_TestCases/VerifyServiceFeeVerbiage_UI_TC/Script1635887204249.groovy: 51: Invalid variable name. Must include a letter but only found: $
. At [51:107]  @ line 51, column 107.
   vice/convenience fee, with a "$"1.00 min
                                 ^

1 error

	at com.kms.katalon.core.main.ScriptEngine.getScript(ScriptEngine.java:199)
	at com.kms.katalon.core.main.ScriptEngine.run(ScriptEngine.java:194)
	at com.kms.katalon.core.main.ScriptEngine.runScriptAsRawText(ScriptEngine.java:119)
	at com.kms.katalon.core.main.TestCaseExecutor.runScript(TestCaseExecutor.java:442)
	at com.kms.katalon.core.main.TestCaseExecutor.doExecute(TestCaseExecutor.java:433)
	at com.kms.katalon.core.main.TestCaseExecutor.processExecutionPhase(TestCaseExecutor.java:412)
	at com.kms.katalon.core.main.TestCaseExecutor.accessMainPhase(TestCaseExecutor.java:404)
	at com.kms.katalon.core.main.TestCaseExecutor.execute(TestCaseExecutor.java:281)
	at com.kms.katalon.core.main.TestSuiteExecutor.accessTestCaseMainPhase(TestSuiteExecutor.java:202)
	at com.kms.katalon.core.main.TestSuiteExecutor.accessTestSuiteMainPhase(TestSuiteExecutor.java:164)
	at com.kms.katalon.core.main.TestSuiteExecutor.execute(TestSuiteExecutor.java:105)
	at com.kms.katalon.core.main.TestCaseMain.startTestSuite(TestCaseMain.java:185)
	at com.kms.katalon.core.main.TestCaseMain$startTestSuite$0.call(Unknown Source)
	at TempTestSuite1672867724797.run(TempTestSuite1672867724797.groovy:36)]]></system-out>
         <system-err><![CDATA[2023-01-04 16:34:10 - [TEST_CASE][ERROR] - Test Cases/RAD_TestCases/UI_TestCases/VerifyServiceFeeVerbiage_UI_TC: Test Cases/RAD_TestCases/UI_TestCases/VerifyServiceFeeVerbiage_UI_TC FAILED.
Reason:
org.codehaus.groovy.control.MultipleCompilationErrorsException: startup failed:
file:/E:/Cloned-Project-Katalon/VPS-Katalon/Scripts/RAD_TestCases/UI_TestCases/VerifyServiceFeeVerbiage_UI_TC/Script1635887204249.groovy: 51: Invalid variable name. Must include a letter but only found: $
. At [51:107]  @ line 51, column 107.
   vice/convenience fee, with a "$"1.00 min
                                 ^

1 error

	at com.kms.katalon.core.main.ScriptEngine.getScript(ScriptEngine.java:199)
	at com.kms.katalon.core.main.ScriptEngine.run(ScriptEngine.java:194)
	at com.kms.katalon.core.main.ScriptEngine.runScriptAsRawText(ScriptEngine.java:119)
	at com.kms.katalon.core.main.TestCaseExecutor.runScript(TestCaseExecutor.java:442)
	at com.kms.katalon.core.main.TestCaseExecutor.doExecute(TestCaseExecutor.java:433)
	at com.kms.katalon.core.main.TestCaseExecutor.processExecutionPhase(TestCaseExecutor.java:412)
	at com.kms.katalon.core.main.TestCaseExecutor.accessMainPhase(TestCaseExecutor.java:404)
	at com.kms.katalon.core.main.TestCaseExecutor.execute(TestCaseExecutor.java:281)
	at com.kms.katalon.core.main.TestSuiteExecutor.accessTestCaseMainPhase(TestSuiteExecutor.java:202)
	at com.kms.katalon.core.main.TestSuiteExecutor.accessTestSuiteMainPhase(TestSuiteExecutor.java:164)
	at com.kms.katalon.core.main.TestSuiteExecutor.execute(TestSuiteExecutor.java:105)
	at com.kms.katalon.core.main.TestCaseMain.startTestSuite(TestCaseMain.java:185)
	at com.kms.katalon.core.main.TestCaseMain$startTestSuite$0.call(Unknown Source)
	at TempTestSuite1672867724797.run(TempTestSuite1672867724797.groovy:36)]]></system-err>
      </testcase>
      <testcase name="Test Cases/RAD_TestCases/MRF_TestCases/EstimatedTax_MRF_TC" time="15.377" classname="Test Cases/RAD_TestCases/MRF_TestCases/EstimatedTax_MRF_TC" status="PASSED">
         <system-out><![CDATA[2023-01-04 16:34:10 - [TEST_CASE][PASSED] - Test Cases/RAD_TestCases/MRF_TestCases/EstimatedTax_MRF_TC: Test Cases/RAD_TestCases/MRF_TestCases/EstimatedTax_MRF_TC

2023-01-04 16:34:11 - [TEST_STEP][PASSED] - openBrowser(""): Browser is opened with url: ''

2023-01-04 16:34:11 - [MESSAGE][WARNING] - A browser is already opened. Closing browser and opening a new one

2023-01-04 16:34:12 - [MESSAGE][INFO] - Starting 'Chrome' driver

2023-01-04 16:34:12 - [MESSAGE][INFO] - User set preference: ['acceptInsecureCerts', 'true']

2023-01-04 16:34:12 - [MESSAGE][INFO] - Action delay is set to 0 milliseconds

2023-01-04 16:34:13 - [MESSAGE][PASSED] - Browser is opened with url: ''

2023-01-04 16:34:13 - [TEST_STEP][PASSED] - maximizeWindow(): Current window maximized

2023-01-04 16:34:13 - [MESSAGE][PASSED] - Current window maximized

2023-01-04 16:34:13 - [TEST_STEP][PASSED] - navigateToUrl(RADurl): Navigate to 'https://qa.velocitypayment.com/client/rad/index.html' successfully

2023-01-04 16:34:15 - [MESSAGE][PASSED] - Navigate to 'https://qa.velocitypayment.com/client/rad/index.html' successfully

2023-01-04 16:34:15 - [TEST_STEP][PASSED] - orPath_Landing = "Object Repository/RAD_Pages/Landing_Page": null

2023-01-04 16:34:15 - [TEST_STEP][PASSED] - orPath_Amount = "Object Repository/RAD_Pages/PaymentAmount_Page": null

2023-01-04 16:34:15 - [TEST_STEP][PASSED] - orPath_FilingStatus = "Object Repository/RAD_Pages/FilingStatus_Page": null

2023-01-04 16:34:15 - [TEST_STEP][PASSED] - orPath_TaxPayer = "Object Repository/RAD_Pages/Taxpayer_Page": null

2023-01-04 16:34:15 - [TEST_STEP][PASSED] - selectOptionByLabel(findTestObject(orPath_Landing + "/dd_TaxType"), "Estimated Tax", false): All options with label 'Estimated Tax' are selected in object 'Object Repository/RAD_Pages/Landing_Page/dd_TaxType' 

2023-01-04 16:34:15 - [MESSAGE][PASSED] - All options with label 'Estimated Tax' are selected in object 'Object Repository/RAD_Pages/Landing_Page/dd_TaxType' 

2023-01-04 16:34:15 - [TEST_STEP][PASSED] - setText(findTestObject(orPath_TaxPayer + "/input_lastName"), "Anderson"): Text 'Anderson' is set on object 'Object Repository/RAD_Pages/Taxpayer_Page/input_lastName'

2023-01-04 16:34:17 - [MESSAGE][PASSED] - Text 'Anderson' is set on object 'Object Repository/RAD_Pages/Taxpayer_Page/input_lastName'

2023-01-04 16:34:17 - [TEST_STEP][PASSED] - setText(findTestObject("RAD_RecordAndPlay/input_concatSSN"), "123451234"): Text '123451234' is set on object 'Object Repository/RAD_RecordAndPlay/input_concatSSN'

2023-01-04 16:34:17 - [MESSAGE][PASSED] - Text '123451234' is set on object 'Object Repository/RAD_RecordAndPlay/input_concatSSN'

2023-01-04 16:34:17 - [TEST_STEP][PASSED] - setText(findTestObject("RAD_RecordAndPlay/input_concatReSSN"), "123451234"): Text '123451234' is set on object 'Object Repository/RAD_RecordAndPlay/input_concatReSSN'

2023-01-04 16:34:18 - [MESSAGE][PASSED] - Text '123451234' is set on object 'Object Repository/RAD_RecordAndPlay/input_concatReSSN'

2023-01-04 16:34:18 - [TEST_STEP][PASSED] - setText(findTestObject(orPath_TaxPayer + "/input_firstName"), ""): Text '' is set on object 'Object Repository/RAD_Pages/Taxpayer_Page/input_firstName'

2023-01-04 16:34:19 - [MESSAGE][PASSED] - Text '' is set on object 'Object Repository/RAD_Pages/Taxpayer_Page/input_firstName'

2023-01-04 16:34:19 - [TEST_STEP][PASSED] - scrollToElement(findTestObject(orPath_Landing + "/button_Continue"), 3): Scroll to object 'Object Repository/RAD_Pages/Landing_Page/button_Continue' successfully

2023-01-04 16:34:20 - [MESSAGE][PASSED] - Scroll to object 'Object Repository/RAD_Pages/Landing_Page/button_Continue' successfully

2023-01-04 16:34:20 - [TEST_STEP][PASSED] - waitForElementClickable(findTestObject(orPath_Landing + "/button_Continue"), 5): Object 'Object Repository/RAD_Pages/Landing_Page/button_Continue' is clickable

2023-01-04 16:34:20 - [MESSAGE][PASSED] - Object 'Object Repository/RAD_Pages/Landing_Page/button_Continue' is clickable

2023-01-04 16:34:20 - [TEST_STEP][PASSED] - click(findTestObject(orPath_Landing + "/button_Continue")): Object: 'Object Repository/RAD_Pages/Landing_Page/button_Continue' is clicked on

2023-01-04 16:34:21 - [MESSAGE][PASSED] - Object: 'Object Repository/RAD_Pages/Landing_Page/button_Continue' is clicked on

2023-01-04 16:34:21 - [TEST_STEP][PASSED] - verifyTextPresent("Select a payment type", true): Text 'Select a payment type' is present on page  using regular expression

2023-01-04 16:34:21 - [MESSAGE][PASSED] - Text 'Select a payment type' is present on page  using regular expression

2023-01-04 16:34:21 - [TEST_STEP][PASSED] - verifyTextPresent("Enter first name", true): Text 'Enter first name' is present on page  using regular expression

2023-01-04 16:34:22 - [MESSAGE][PASSED] - Text 'Enter first name' is present on page  using regular expression

2023-01-04 16:34:22 - [TEST_STEP][PASSED] - verifyTextPresent("Enter address", true): Text 'Enter address' is present on page  using regular expression

2023-01-04 16:34:22 - [MESSAGE][PASSED] - Text 'Enter address' is present on page  using regular expression

2023-01-04 16:34:22 - [TEST_STEP][PASSED] - verifyTextPresent("Enter city", true): Text 'Enter city' is present on page  using regular expression

2023-01-04 16:34:23 - [MESSAGE][PASSED] - Text 'Enter city' is present on page  using regular expression

2023-01-04 16:34:23 - [TEST_STEP][PASSED] - verifyTextPresent("Select a state", true): Text 'Select a state' is present on page  using regular expression

2023-01-04 16:34:23 - [MESSAGE][PASSED] - Text 'Select a state' is present on page  using regular expression

2023-01-04 16:34:23 - [TEST_STEP][PASSED] - verifyTextPresent("Enter ZIP code", true): Text 'Enter ZIP code' is present on page  using regular expression

2023-01-04 16:34:24 - [MESSAGE][PASSED] - Text 'Enter ZIP code' is present on page  using regular expression

2023-01-04 16:34:24 - [TEST_STEP][PASSED] - verifyTextPresent("Enter a valid phone number", true): Text 'Enter a valid phone number' is present on page  using regular expression

2023-01-04 16:34:24 - [MESSAGE][PASSED] - Text 'Enter a valid phone number' is present on page  using regular expression

2023-01-04 16:34:24 - [TEST_STEP][PASSED] - verifyTextPresent("Enter Email", true): Text 'Enter Email' is present on page  using regular expression

2023-01-04 16:34:25 - [MESSAGE][PASSED] - Text 'Enter Email' is present on page  using regular expression

2023-01-04 16:34:25 - [TEST_STEP][PASSED] - verifyTextPresent("The Email and Re-enter email do not match", true): Text 'The Email and Re-enter email do not match' is present on page  using regular expression

2023-01-04 16:34:25 - [MESSAGE][PASSED] - Text 'The Email and Re-enter email do not match' is present on page  using regular expression

2023-01-04 16:34:25 - [TEST_STEP][PASSED] - verifyTextPresent("Payment amount must be greater than zero and less than 10,000,000", true): Text 'Payment amount must be greater than zero and less than 10,000,000' is present on page  using regular expression

2023-01-04 16:34:26 - [MESSAGE][PASSED] - Text 'Payment amount must be greater than zero and less than 10,000,000' is present on page  using regular expression]]></system-out>
         <system-err><![CDATA[]]></system-err>
      </testcase>
      <testcase name="Test Cases/RAD_TestCases/MRF_TestCases/PersonalIncomeTax_MRF_TC" time="14.385" classname="Test Cases/RAD_TestCases/MRF_TestCases/PersonalIncomeTax_MRF_TC" status="PASSED">
         <system-out><![CDATA[2023-01-04 16:34:26 - [TEST_CASE][PASSED] - Test Cases/RAD_TestCases/MRF_TestCases/PersonalIncomeTax_MRF_TC: Test Cases/RAD_TestCases/MRF_TestCases/PersonalIncomeTax_MRF_TC

2023-01-04 16:34:26 - [TEST_STEP][PASSED] - openBrowser(""): Browser is opened with url: ''

2023-01-04 16:34:26 - [MESSAGE][WARNING] - A browser is already opened. Closing browser and opening a new one

2023-01-04 16:34:27 - [MESSAGE][INFO] - Starting 'Chrome' driver

2023-01-04 16:34:27 - [MESSAGE][INFO] - User set preference: ['acceptInsecureCerts', 'true']

2023-01-04 16:34:27 - [MESSAGE][INFO] - Action delay is set to 0 milliseconds

2023-01-04 16:34:29 - [MESSAGE][PASSED] - Browser is opened with url: ''

2023-01-04 16:34:29 - [TEST_STEP][PASSED] - maximizeWindow(): Current window maximized

2023-01-04 16:34:29 - [MESSAGE][PASSED] - Current window maximized

2023-01-04 16:34:29 - [TEST_STEP][PASSED] - navigateToUrl(RADurl): Navigate to 'https://qa.velocitypayment.com/client/rad/index.html' successfully

2023-01-04 16:34:30 - [MESSAGE][PASSED] - Navigate to 'https://qa.velocitypayment.com/client/rad/index.html' successfully

2023-01-04 16:34:30 - [TEST_STEP][PASSED] - orPath_Landing = "Object Repository/RAD_Pages/Landing_Page": null

2023-01-04 16:34:30 - [TEST_STEP][PASSED] - orPath_Amount = "Object Repository/RAD_Pages/PaymentAmount_Page": null

2023-01-04 16:34:30 - [TEST_STEP][PASSED] - orPath_FilingStatus = "Object Repository/RAD_Pages/FilingStatus_Page": null

2023-01-04 16:34:30 - [TEST_STEP][PASSED] - orPath_TaxPayer = "Object Repository/RAD_Pages/Taxpayer_Page": null

2023-01-04 16:34:30 - [TEST_STEP][PASSED] - selectOptionByLabel(findTestObject(orPath_Landing + "/dd_TaxType"), "Personal Income Tax", false): All options with label 'Personal Income Tax' are selected in object 'Object Repository/RAD_Pages/Landing_Page/dd_TaxType' 

2023-01-04 16:34:31 - [MESSAGE][PASSED] - All options with label 'Personal Income Tax' are selected in object 'Object Repository/RAD_Pages/Landing_Page/dd_TaxType' 

2023-01-04 16:34:31 - [TEST_STEP][PASSED] - setText(findTestObject("RAD_RecordAndPlay/input_concatSSN"), "123451234"): Text '123451234' is set on object 'Object Repository/RAD_RecordAndPlay/input_concatSSN'

2023-01-04 16:34:32 - [MESSAGE][PASSED] - Text '123451234' is set on object 'Object Repository/RAD_RecordAndPlay/input_concatSSN'

2023-01-04 16:34:32 - [TEST_STEP][PASSED] - setText(findTestObject("RAD_RecordAndPlay/input_concatReSSN"), "123451234"): Text '123451234' is set on object 'Object Repository/RAD_RecordAndPlay/input_concatReSSN'

2023-01-04 16:34:33 - [MESSAGE][PASSED] - Text '123451234' is set on object 'Object Repository/RAD_RecordAndPlay/input_concatReSSN'

2023-01-04 16:34:33 - [TEST_STEP][PASSED] - setText(findTestObject(orPath_TaxPayer + "/input_lastName"), "Anderson"): Text 'Anderson' is set on object 'Object Repository/RAD_Pages/Taxpayer_Page/input_lastName'

2023-01-04 16:34:34 - [MESSAGE][PASSED] - Text 'Anderson' is set on object 'Object Repository/RAD_Pages/Taxpayer_Page/input_lastName'

2023-01-04 16:34:34 - [TEST_STEP][PASSED] - scrollToElement(findTestObject(orPath_Landing + "/button_Continue"), 3): Scroll to object 'Object Repository/RAD_Pages/Landing_Page/button_Continue' successfully

2023-01-04 16:34:35 - [MESSAGE][PASSED] - Scroll to object 'Object Repository/RAD_Pages/Landing_Page/button_Continue' successfully

2023-01-04 16:34:35 - [TEST_STEP][PASSED] - waitForElementClickable(findTestObject(orPath_Landing + "/button_Continue"), 5): Object 'Object Repository/RAD_Pages/Landing_Page/button_Continue' is clickable

2023-01-04 16:34:35 - [MESSAGE][PASSED] - Object 'Object Repository/RAD_Pages/Landing_Page/button_Continue' is clickable

2023-01-04 16:34:35 - [TEST_STEP][PASSED] - click(findTestObject(orPath_Landing + "/button_Continue")): Object: 'Object Repository/RAD_Pages/Landing_Page/button_Continue' is clicked on

2023-01-04 16:34:36 - [MESSAGE][PASSED] - Object: 'Object Repository/RAD_Pages/Landing_Page/button_Continue' is clicked on

2023-01-04 16:34:36 - [TEST_STEP][PASSED] - verifyTextPresent("Select a filing year", true): Text 'Select a filing year' is present on page  using regular expression

2023-01-04 16:34:36 - [MESSAGE][PASSED] - Text 'Select a filing year' is present on page  using regular expression

2023-01-04 16:34:36 - [TEST_STEP][PASSED] - verifyTextPresent("Enter first name", true): Text 'Enter first name' is present on page  using regular expression

2023-01-04 16:34:37 - [MESSAGE][PASSED] - Text 'Enter first name' is present on page  using regular expression

2023-01-04 16:34:37 - [TEST_STEP][PASSED] - verifyTextPresent("Enter address", true): Text 'Enter address' is present on page  using regular expression

2023-01-04 16:34:37 - [MESSAGE][PASSED] - Text 'Enter address' is present on page  using regular expression

2023-01-04 16:34:37 - [TEST_STEP][PASSED] - verifyTextPresent("Enter city", true): Text 'Enter city' is present on page  using regular expression

2023-01-04 16:34:38 - [MESSAGE][PASSED] - Text 'Enter city' is present on page  using regular expression

2023-01-04 16:34:38 - [TEST_STEP][PASSED] - verifyTextPresent("Select a state", true): Text 'Select a state' is present on page  using regular expression

2023-01-04 16:34:38 - [MESSAGE][PASSED] - Text 'Select a state' is present on page  using regular expression

2023-01-04 16:34:38 - [TEST_STEP][PASSED] - verifyTextPresent("Enter ZIP code", true): Text 'Enter ZIP code' is present on page  using regular expression

2023-01-04 16:34:39 - [MESSAGE][PASSED] - Text 'Enter ZIP code' is present on page  using regular expression

2023-01-04 16:34:39 - [TEST_STEP][PASSED] - verifyTextPresent("Enter a valid phone number", true): Text 'Enter a valid phone number' is present on page  using regular expression

2023-01-04 16:34:39 - [MESSAGE][PASSED] - Text 'Enter a valid phone number' is present on page  using regular expression

2023-01-04 16:34:39 - [TEST_STEP][PASSED] - verifyTextPresent("Enter Email", true): Text 'Enter Email' is present on page  using regular expression

2023-01-04 16:34:39 - [MESSAGE][PASSED] - Text 'Enter Email' is present on page  using regular expression

2023-01-04 16:34:39 - [TEST_STEP][PASSED] - verifyTextPresent("The Email and Re-enter email do not match", true): Text 'The Email and Re-enter email do not match' is present on page  using regular expression

2023-01-04 16:34:40 - [MESSAGE][PASSED] - Text 'The Email and Re-enter email do not match' is present on page  using regular expression

2023-01-04 16:34:40 - [TEST_STEP][PASSED] - verifyTextPresent("Payment amount must be greater than zero and less than 10,000,000", true): Text 'Payment amount must be greater than zero and less than 10,000,000' is present on page  using regular expression

2023-01-04 16:34:40 - [MESSAGE][PASSED] - Text 'Payment amount must be greater than zero and less than 10,000,000' is present on page  using regular expression]]></system-out>
         <system-err><![CDATA[]]></system-err>
      </testcase>
      <testcase name="Test Cases/RAD_TestCases/MRF_TestCases/ExtensionPayments_MRF_TC" time="14.713" classname="Test Cases/RAD_TestCases/MRF_TestCases/ExtensionPayments_MRF_TC" status="PASSED">
         <system-out><![CDATA[2023-01-04 16:34:40 - [TEST_CASE][PASSED] - Test Cases/RAD_TestCases/MRF_TestCases/ExtensionPayments_MRF_TC: Test Cases/RAD_TestCases/MRF_TestCases/ExtensionPayments_MRF_TC

2023-01-04 16:34:40 - [TEST_STEP][PASSED] - openBrowser(""): Browser is opened with url: ''

2023-01-04 16:34:40 - [MESSAGE][WARNING] - A browser is already opened. Closing browser and opening a new one

2023-01-04 16:34:41 - [MESSAGE][INFO] - Starting 'Chrome' driver

2023-01-04 16:34:41 - [MESSAGE][INFO] - User set preference: ['acceptInsecureCerts', 'true']

2023-01-04 16:34:41 - [MESSAGE][INFO] - Action delay is set to 0 milliseconds

2023-01-04 16:34:43 - [MESSAGE][PASSED] - Browser is opened with url: ''

2023-01-04 16:34:43 - [TEST_STEP][PASSED] - maximizeWindow(): Current window maximized

2023-01-04 16:34:43 - [MESSAGE][PASSED] - Current window maximized

2023-01-04 16:34:43 - [TEST_STEP][PASSED] - navigateToUrl(RADurl): Navigate to 'https://qa.velocitypayment.com/client/rad/index.html' successfully

2023-01-04 16:34:45 - [MESSAGE][PASSED] - Navigate to 'https://qa.velocitypayment.com/client/rad/index.html' successfully

2023-01-04 16:34:45 - [TEST_STEP][PASSED] - orPath_Landing = "Object Repository/RAD_Pages/Landing_Page": null

2023-01-04 16:34:45 - [TEST_STEP][PASSED] - orPath_Amount = "Object Repository/RAD_Pages/PaymentAmount_Page": null

2023-01-04 16:34:45 - [TEST_STEP][PASSED] - orPath_FilingStatus = "Object Repository/RAD_Pages/FilingStatus_Page": null

2023-01-04 16:34:45 - [TEST_STEP][PASSED] - orPath_TaxPayer = "Object Repository/RAD_Pages/Taxpayer_Page": null

2023-01-04 16:34:45 - [TEST_STEP][PASSED] - selectOptionByLabel(findTestObject(orPath_Landing + "/dd_TaxType"), "Extension Payments", false): All options with label 'Extension Payments' are selected in object 'Object Repository/RAD_Pages/Landing_Page/dd_TaxType' 

2023-01-04 16:34:45 - [MESSAGE][PASSED] - All options with label 'Extension Payments' are selected in object 'Object Repository/RAD_Pages/Landing_Page/dd_TaxType' 

2023-01-04 16:34:45 - [TEST_STEP][PASSED] - setText(findTestObject("RAD_RecordAndPlay/input_concatSSN"), "123451234"): Text '123451234' is set on object 'Object Repository/RAD_RecordAndPlay/input_concatSSN'

2023-01-04 16:34:46 - [MESSAGE][PASSED] - Text '123451234' is set on object 'Object Repository/RAD_RecordAndPlay/input_concatSSN'

2023-01-04 16:34:46 - [TEST_STEP][PASSED] - setText(findTestObject("RAD_RecordAndPlay/input_concatReSSN"), "123451234"): Text '123451234' is set on object 'Object Repository/RAD_RecordAndPlay/input_concatReSSN'

2023-01-04 16:34:47 - [MESSAGE][PASSED] - Text '123451234' is set on object 'Object Repository/RAD_RecordAndPlay/input_concatReSSN'

2023-01-04 16:34:47 - [TEST_STEP][PASSED] - setText(findTestObject(orPath_TaxPayer + "/input_lastName"), "Anderson"): Text 'Anderson' is set on object 'Object Repository/RAD_Pages/Taxpayer_Page/input_lastName'

2023-01-04 16:34:48 - [MESSAGE][PASSED] - Text 'Anderson' is set on object 'Object Repository/RAD_Pages/Taxpayer_Page/input_lastName'

2023-01-04 16:34:48 - [TEST_STEP][PASSED] - scrollToElement(findTestObject(orPath_Landing + "/button_Continue"), 3): Scroll to object 'Object Repository/RAD_Pages/Landing_Page/button_Continue' successfully

2023-01-04 16:34:49 - [MESSAGE][PASSED] - Scroll to object 'Object Repository/RAD_Pages/Landing_Page/button_Continue' successfully

2023-01-04 16:34:49 - [TEST_STEP][PASSED] - waitForElementClickable(findTestObject(orPath_Landing + "/button_Continue"), 5): Object 'Object Repository/RAD_Pages/Landing_Page/button_Continue' is clickable

2023-01-04 16:34:49 - [MESSAGE][PASSED] - Object 'Object Repository/RAD_Pages/Landing_Page/button_Continue' is clickable

2023-01-04 16:34:50 - [TEST_STEP][PASSED] - click(findTestObject(orPath_Landing + "/button_Continue")): Object: 'Object Repository/RAD_Pages/Landing_Page/button_Continue' is clicked on

2023-01-04 16:34:50 - [MESSAGE][PASSED] - Object: 'Object Repository/RAD_Pages/Landing_Page/button_Continue' is clicked on

2023-01-04 16:34:50 - [TEST_STEP][PASSED] - verifyTextPresent("Select a payment type", true): Text 'Select a payment type' is present on page  using regular expression

2023-01-04 16:34:50 - [MESSAGE][PASSED] - Text 'Select a payment type' is present on page  using regular expression

2023-01-04 16:34:50 - [TEST_STEP][PASSED] - verifyTextPresent("Enter first name", true): Text 'Enter first name' is present on page  using regular expression

2023-01-04 16:34:51 - [MESSAGE][PASSED] - Text 'Enter first name' is present on page  using regular expression

2023-01-04 16:34:51 - [TEST_STEP][PASSED] - verifyTextPresent("Enter address", true): Text 'Enter address' is present on page  using regular expression

2023-01-04 16:34:51 - [MESSAGE][PASSED] - Text 'Enter address' is present on page  using regular expression

2023-01-04 16:34:51 - [TEST_STEP][PASSED] - verifyTextPresent("Enter city", true): Text 'Enter city' is present on page  using regular expression

2023-01-04 16:34:52 - [MESSAGE][PASSED] - Text 'Enter city' is present on page  using regular expression

2023-01-04 16:34:52 - [TEST_STEP][PASSED] - verifyTextPresent("Select a state", true): Text 'Select a state' is present on page  using regular expression

2023-01-04 16:34:52 - [MESSAGE][PASSED] - Text 'Select a state' is present on page  using regular expression

2023-01-04 16:34:52 - [TEST_STEP][PASSED] - verifyTextPresent("Enter ZIP code", true): Text 'Enter ZIP code' is present on page  using regular expression

2023-01-04 16:34:53 - [MESSAGE][PASSED] - Text 'Enter ZIP code' is present on page  using regular expression

2023-01-04 16:34:53 - [TEST_STEP][PASSED] - verifyTextPresent("Enter a valid phone number", true): Text 'Enter a valid phone number' is present on page  using regular expression

2023-01-04 16:34:53 - [MESSAGE][PASSED] - Text 'Enter a valid phone number' is present on page  using regular expression

2023-01-04 16:34:53 - [TEST_STEP][PASSED] - verifyTextPresent("Enter Email", true): Text 'Enter Email' is present on page  using regular expression

2023-01-04 16:34:54 - [MESSAGE][PASSED] - Text 'Enter Email' is present on page  using regular expression

2023-01-04 16:34:54 - [TEST_STEP][PASSED] - verifyTextPresent("The Email and Re-enter email do not match", true): Text 'The Email and Re-enter email do not match' is present on page  using regular expression

2023-01-04 16:34:54 - [MESSAGE][PASSED] - Text 'The Email and Re-enter email do not match' is present on page  using regular expression

2023-01-04 16:34:54 - [TEST_STEP][PASSED] - verifyTextPresent("Payment amount must be greater than zero and less than 10,000,000", true): Text 'Payment amount must be greater than zero and less than 10,000,000' is present on page  using regular expression

2023-01-04 16:34:55 - [MESSAGE][PASSED] - Text 'Payment amount must be greater than zero and less than 10,000,000' is present on page  using regular expression]]></system-out>
         <system-err><![CDATA[]]></system-err>
      </testcase>
      <testcase name="Test Cases/RAD_TestCases/MRF_TestCases/SaleAndUse_MRF_TC" time="13.761" classname="Test Cases/RAD_TestCases/MRF_TestCases/SaleAndUse_MRF_TC" status="PASSED">
         <system-out><![CDATA[2023-01-04 16:34:55 - [TEST_CASE][PASSED] - Test Cases/RAD_TestCases/MRF_TestCases/SaleAndUse_MRF_TC: Test Cases/RAD_TestCases/MRF_TestCases/SaleAndUse_MRF_TC

2023-01-04 16:34:55 - [TEST_STEP][PASSED] - openBrowser(""): Browser is opened with url: ''

2023-01-04 16:34:55 - [MESSAGE][WARNING] - A browser is already opened. Closing browser and opening a new one

2023-01-04 16:34:56 - [MESSAGE][INFO] - Starting 'Chrome' driver

2023-01-04 16:34:56 - [MESSAGE][INFO] - User set preference: ['acceptInsecureCerts', 'true']

2023-01-04 16:34:56 - [MESSAGE][INFO] - Action delay is set to 0 milliseconds

2023-01-04 16:34:57 - [MESSAGE][PASSED] - Browser is opened with url: ''

2023-01-04 16:34:57 - [TEST_STEP][PASSED] - maximizeWindow(): Current window maximized

2023-01-04 16:34:58 - [MESSAGE][PASSED] - Current window maximized

2023-01-04 16:34:58 - [TEST_STEP][PASSED] - navigateToUrl(RADurl): Navigate to 'https://qa.velocitypayment.com/client/rad/index.html' successfully

2023-01-04 16:34:59 - [MESSAGE][PASSED] - Navigate to 'https://qa.velocitypayment.com/client/rad/index.html' successfully

2023-01-04 16:34:59 - [TEST_STEP][PASSED] - orPath_Landing = "Object Repository/RAD_Pages/Landing_Page": null

2023-01-04 16:34:59 - [TEST_STEP][PASSED] - orPath_Amount = "Object Repository/RAD_Pages/PaymentAmount_Page": null

2023-01-04 16:34:59 - [TEST_STEP][PASSED] - orPath_FilingStatus = "Object Repository/RAD_Pages/FilingStatus_Page": null

2023-01-04 16:34:59 - [TEST_STEP][PASSED] - selectOptionByLabel(findTestObject(orPath_Landing + "/dd_TaxType"), "Sales and Use", false): All options with label 'Sales and Use' are selected in object 'Object Repository/RAD_Pages/Landing_Page/dd_TaxType' 

2023-01-04 16:35:00 - [MESSAGE][PASSED] - All options with label 'Sales and Use' are selected in object 'Object Repository/RAD_Pages/Landing_Page/dd_TaxType' 

2023-01-04 16:35:00 - [TEST_STEP][PASSED] - scrollToElement(findTestObject(orPath_Landing + "/button_Continue"), 3): Scroll to object 'Object Repository/RAD_Pages/Landing_Page/button_Continue' successfully

2023-01-04 16:35:00 - [MESSAGE][PASSED] - Scroll to object 'Object Repository/RAD_Pages/Landing_Page/button_Continue' successfully

2023-01-04 16:35:00 - [TEST_STEP][PASSED] - waitForElementClickable(findTestObject(orPath_Landing + "/button_Continue"), 5): Object 'Object Repository/RAD_Pages/Landing_Page/button_Continue' is clickable

2023-01-04 16:35:01 - [MESSAGE][PASSED] - Object 'Object Repository/RAD_Pages/Landing_Page/button_Continue' is clickable

2023-01-04 16:35:01 - [TEST_STEP][PASSED] - click(findTestObject(orPath_Landing + "/button_Continue")): Object: 'Object Repository/RAD_Pages/Landing_Page/button_Continue' is clicked on

2023-01-04 16:35:01 - [MESSAGE][PASSED] - Object: 'Object Repository/RAD_Pages/Landing_Page/button_Continue' is clicked on

2023-01-04 16:35:01 - [TEST_STEP][PASSED] - verifyTextPresent("Select a filing year", true): Text 'Select a filing year' is present on page  using regular expression

2023-01-04 16:35:02 - [MESSAGE][PASSED] - Text 'Select a filing year' is present on page  using regular expression

2023-01-04 16:35:02 - [TEST_STEP][PASSED] - verifyTextPresent("Select a reporting period", true): Text 'Select a reporting period' is present on page  using regular expression

2023-01-04 16:35:02 - [MESSAGE][PASSED] - Text 'Select a reporting period' is present on page  using regular expression

2023-01-04 16:35:02 - [TEST_STEP][PASSED] - verifyTextPresent("Enter business name", true): Text 'Enter business name' is present on page  using regular expression

2023-01-04 16:35:03 - [MESSAGE][PASSED] - Text 'Enter business name' is present on page  using regular expression

2023-01-04 16:35:03 - [TEST_STEP][PASSED] - verifyTextPresent("Enter first name", true): Text 'Enter first name' is present on page  using regular expression

2023-01-04 16:35:03 - [MESSAGE][PASSED] - Text 'Enter first name' is present on page  using regular expression

2023-01-04 16:35:03 - [TEST_STEP][PASSED] - verifyTextPresent("Enter last name", true): Text 'Enter last name' is present on page  using regular expression

2023-01-04 16:35:04 - [MESSAGE][PASSED] - Text 'Enter last name' is present on page  using regular expression

2023-01-04 16:35:04 - [TEST_STEP][PASSED] - verifyTextPresent("Enter address", true): Text 'Enter address' is present on page  using regular expression

2023-01-04 16:35:04 - [MESSAGE][PASSED] - Text 'Enter address' is present on page  using regular expression

2023-01-04 16:35:04 - [TEST_STEP][PASSED] - verifyTextPresent("Enter city", true): Text 'Enter city' is present on page  using regular expression

2023-01-04 16:35:05 - [MESSAGE][PASSED] - Text 'Enter city' is present on page  using regular expression

2023-01-04 16:35:05 - [TEST_STEP][PASSED] - verifyTextPresent("Select a state", true): Text 'Select a state' is present on page  using regular expression

2023-01-04 16:35:05 - [MESSAGE][PASSED] - Text 'Select a state' is present on page  using regular expression

2023-01-04 16:35:05 - [TEST_STEP][PASSED] - verifyTextPresent("Enter ZIP code", true): Text 'Enter ZIP code' is present on page  using regular expression

2023-01-04 16:35:06 - [MESSAGE][PASSED] - Text 'Enter ZIP code' is present on page  using regular expression

2023-01-04 16:35:06 - [TEST_STEP][PASSED] - verifyTextPresent("Enter a valid phone number", true): Text 'Enter a valid phone number' is present on page  using regular expression

2023-01-04 16:35:06 - [MESSAGE][PASSED] - Text 'Enter a valid phone number' is present on page  using regular expression

2023-01-04 16:35:06 - [TEST_STEP][PASSED] - verifyTextPresent("Enter Email", true): Text 'Enter Email' is present on page  using regular expression

2023-01-04 16:35:07 - [MESSAGE][PASSED] - Text 'Enter Email' is present on page  using regular expression

2023-01-04 16:35:07 - [TEST_STEP][PASSED] - verifyTextPresent("The Email and Re-enter email do not match", true): Text 'The Email and Re-enter email do not match' is present on page  using regular expression

2023-01-04 16:35:08 - [MESSAGE][PASSED] - Text 'The Email and Re-enter email do not match' is present on page  using regular expression

2023-01-04 16:35:08 - [TEST_STEP][PASSED] - verifyTextPresent("Enter valid MD Central Registration.", true): Text 'Enter valid MD Central Registration.' is present on page  using regular expression

2023-01-04 16:35:08 - [MESSAGE][PASSED] - Text 'Enter valid MD Central Registration.' is present on page  using regular expression

2023-01-04 16:35:08 - [TEST_STEP][PASSED] - verifyTextPresent("Payment amount must be greater than zero and less than 10,000,000", true): Text 'Payment amount must be greater than zero and less than 10,000,000' is present on page  using regular expression

2023-01-04 16:35:09 - [MESSAGE][PASSED] - Text 'Payment amount must be greater than zero and less than 10,000,000' is present on page  using regular expression]]></system-out>
         <system-err><![CDATA[]]></system-err>
      </testcase>
      <testcase name="Test Cases/RAD_TestCases/MRF_TestCases/WithholdingTax_MRF_TC" time="14.136" classname="Test Cases/RAD_TestCases/MRF_TestCases/WithholdingTax_MRF_TC" status="PASSED">
         <system-out><![CDATA[2023-01-04 16:35:09 - [TEST_CASE][PASSED] - Test Cases/RAD_TestCases/MRF_TestCases/WithholdingTax_MRF_TC: Test Cases/RAD_TestCases/MRF_TestCases/WithholdingTax_MRF_TC

2023-01-04 16:35:09 - [TEST_STEP][PASSED] - openBrowser(""): Browser is opened with url: ''

2023-01-04 16:35:09 - [MESSAGE][WARNING] - A browser is already opened. Closing browser and opening a new one

2023-01-04 16:35:10 - [MESSAGE][INFO] - Starting 'Chrome' driver

2023-01-04 16:35:10 - [MESSAGE][INFO] - User set preference: ['acceptInsecureCerts', 'true']

2023-01-04 16:35:10 - [MESSAGE][INFO] - Action delay is set to 0 milliseconds

2023-01-04 16:35:11 - [MESSAGE][PASSED] - Browser is opened with url: ''

2023-01-04 16:35:11 - [TEST_STEP][PASSED] - maximizeWindow(): Current window maximized

2023-01-04 16:35:11 - [MESSAGE][PASSED] - Current window maximized

2023-01-04 16:35:11 - [TEST_STEP][PASSED] - navigateToUrl(RADurl): Navigate to 'https://qa.velocitypayment.com/client/rad/index.html' successfully

2023-01-04 16:35:13 - [MESSAGE][PASSED] - Navigate to 'https://qa.velocitypayment.com/client/rad/index.html' successfully

2023-01-04 16:35:13 - [TEST_STEP][PASSED] - orPath_Landing = "Object Repository/RAD_Pages/Landing_Page": null

2023-01-04 16:35:13 - [TEST_STEP][PASSED] - orPath_Amount = "Object Repository/RAD_Pages/PaymentAmount_Page": null

2023-01-04 16:35:13 - [TEST_STEP][PASSED] - orPath_FilingStatus = "Object Repository/RAD_Pages/FilingStatus_Page": null

2023-01-04 16:35:13 - [TEST_STEP][PASSED] - selectOptionByLabel(findTestObject(orPath_Landing + "/dd_TaxType"), "Withholding Tax", false): All options with label 'Withholding Tax' are selected in object 'Object Repository/RAD_Pages/Landing_Page/dd_TaxType' 

2023-01-04 16:35:14 - [MESSAGE][PASSED] - All options with label 'Withholding Tax' are selected in object 'Object Repository/RAD_Pages/Landing_Page/dd_TaxType' 

2023-01-04 16:35:14 - [TEST_STEP][PASSED] - scrollToElement(findTestObject(orPath_Landing + "/button_Continue"), 3): Scroll to object 'Object Repository/RAD_Pages/Landing_Page/button_Continue' successfully

2023-01-04 16:35:14 - [MESSAGE][PASSED] - Scroll to object 'Object Repository/RAD_Pages/Landing_Page/button_Continue' successfully

2023-01-04 16:35:14 - [TEST_STEP][PASSED] - waitForElementClickable(findTestObject(orPath_Landing + "/button_Continue"), 5): Object 'Object Repository/RAD_Pages/Landing_Page/button_Continue' is clickable

2023-01-04 16:35:15 - [MESSAGE][PASSED] - Object 'Object Repository/RAD_Pages/Landing_Page/button_Continue' is clickable

2023-01-04 16:35:15 - [TEST_STEP][PASSED] - click(findTestObject(orPath_Landing + "/button_Continue")): Object: 'Object Repository/RAD_Pages/Landing_Page/button_Continue' is clicked on

2023-01-04 16:35:15 - [MESSAGE][PASSED] - Object: 'Object Repository/RAD_Pages/Landing_Page/button_Continue' is clicked on

2023-01-04 16:35:15 - [TEST_STEP][PASSED] - verifyTextPresent("Select a filing year", true): Text 'Select a filing year' is present on page  using regular expression

2023-01-04 16:35:16 - [MESSAGE][PASSED] - Text 'Select a filing year' is present on page  using regular expression

2023-01-04 16:35:16 - [TEST_STEP][PASSED] - verifyTextPresent("Enter business name", true): Text 'Enter business name' is present on page  using regular expression

2023-01-04 16:35:17 - [MESSAGE][PASSED] - Text 'Enter business name' is present on page  using regular expression

2023-01-04 16:35:17 - [TEST_STEP][PASSED] - verifyTextPresent("Enter first name", true): Text 'Enter first name' is present on page  using regular expression

2023-01-04 16:35:17 - [MESSAGE][PASSED] - Text 'Enter first name' is present on page  using regular expression

2023-01-04 16:35:17 - [TEST_STEP][PASSED] - verifyTextPresent("Enter last name", true): Text 'Enter last name' is present on page  using regular expression

2023-01-04 16:35:17 - [MESSAGE][PASSED] - Text 'Enter last name' is present on page  using regular expression

2023-01-04 16:35:17 - [TEST_STEP][PASSED] - verifyTextPresent("Enter address", true): Text 'Enter address' is present on page  using regular expression

2023-01-04 16:35:18 - [MESSAGE][PASSED] - Text 'Enter address' is present on page  using regular expression

2023-01-04 16:35:18 - [TEST_STEP][PASSED] - verifyTextPresent("Enter city", true): Text 'Enter city' is present on page  using regular expression

2023-01-04 16:35:18 - [MESSAGE][PASSED] - Text 'Enter city' is present on page  using regular expression

2023-01-04 16:35:18 - [TEST_STEP][PASSED] - verifyTextPresent("Select a state", true): Text 'Select a state' is present on page  using regular expression

2023-01-04 16:35:19 - [MESSAGE][PASSED] - Text 'Select a state' is present on page  using regular expression

2023-01-04 16:35:19 - [TEST_STEP][PASSED] - verifyTextPresent("Enter ZIP code", true): Text 'Enter ZIP code' is present on page  using regular expression

2023-01-04 16:35:19 - [MESSAGE][PASSED] - Text 'Enter ZIP code' is present on page  using regular expression

2023-01-04 16:35:19 - [TEST_STEP][PASSED] - verifyTextPresent("Enter a valid phone number", true): Text 'Enter a valid phone number' is present on page  using regular expression

2023-01-04 16:35:20 - [MESSAGE][PASSED] - Text 'Enter a valid phone number' is present on page  using regular expression

2023-01-04 16:35:20 - [TEST_STEP][PASSED] - verifyTextPresent("Enter Email", true): Text 'Enter Email' is present on page  using regular expression

2023-01-04 16:35:20 - [MESSAGE][PASSED] - Text 'Enter Email' is present on page  using regular expression

2023-01-04 16:35:20 - [TEST_STEP][PASSED] - verifyTextPresent("The Email and Re-enter email do not match", true): Text 'The Email and Re-enter email do not match' is present on page  using regular expression

2023-01-04 16:35:21 - [MESSAGE][PASSED] - Text 'The Email and Re-enter email do not match' is present on page  using regular expression

2023-01-04 16:35:21 - [TEST_STEP][PASSED] - verifyTextPresent("Enter valid MD Central Registration.", true): Text 'Enter valid MD Central Registration.' is present on page  using regular expression

2023-01-04 16:35:21 - [MESSAGE][PASSED] - Text 'Enter valid MD Central Registration.' is present on page  using regular expression

2023-01-04 16:35:21 - [TEST_STEP][PASSED] - verifyTextPresent("Select reporting period", true): Text 'Select reporting period' is present on page  using regular expression

2023-01-04 16:35:22 - [MESSAGE][PASSED] - Text 'Select reporting period' is present on page  using regular expression

2023-01-04 16:35:22 - [TEST_STEP][PASSED] - verifyTextPresent("Withholding amount must be greater than zero and less than 10,000,000", true): Text 'Withholding amount must be greater than zero and less than 10,000,000' is present on page  using regular expression

2023-01-04 16:35:22 - [MESSAGE][PASSED] - Text 'Withholding amount must be greater than zero and less than 10,000,000' is present on page  using regular expression

2023-01-04 16:35:22 - [TEST_STEP][PASSED] - verifyTextPresent("Payment amount must be greater than zero and less than 10,000,000", true): Text 'Payment amount must be greater than zero and less than 10,000,000' is present on page  using regular expression

2023-01-04 16:35:23 - [MESSAGE][PASSED] - Text 'Payment amount must be greater than zero and less than 10,000,000' is present on page  using regular expression]]></system-out>
         <system-err><![CDATA[]]></system-err>
      </testcase>
      <testcase name="Test Cases/RAD_TestCases/MRF_TestCases/EstimatedTax_Joint_MRF_TC" time="52.987" classname="Test Cases/RAD_TestCases/MRF_TestCases/EstimatedTax_Joint_MRF_TC" status="PASSED">
         <system-out><![CDATA[2023-01-04 16:35:23 - [TEST_CASE][PASSED] - Test Cases/RAD_TestCases/MRF_TestCases/EstimatedTax_Joint_MRF_TC: Test Cases/RAD_TestCases/MRF_TestCases/EstimatedTax_Joint_MRF_TC

2023-01-04 16:35:23 - [TEST_STEP][PASSED] - orPath_Landing = "Object Repository/RAD_Pages/Landing_Page": null

2023-01-04 16:35:23 - [TEST_STEP][PASSED] - orPath_Amount = "Object Repository/RAD_Pages/PaymentAmount_Page": null

2023-01-04 16:35:23 - [TEST_STEP][PASSED] - orPath_FilingStatus = "Object Repository/RAD_Pages/FilingStatus_Page": null

2023-01-04 16:35:23 - [TEST_STEP][PASSED] - orPath_TaxPayer = "Object Repository/RAD_Pages/Taxpayer_Page": null

2023-01-04 16:35:23 - [TEST_STEP][PASSED] - taxTypeDropList = ["Estimated Tax", "Personal Income Tax", "Extension Payments"]: null

2023-01-04 16:35:23 - [TEST_STEP][PASSED] - listSize = taxTypeDropList.size(): null

2023-01-04 16:35:23 - [TEST_STEP][PASSED] - println(listSize): null

2023-01-04 16:35:23 - [TEST_STEP][PASSED] - for ([i = 0, i < listSize, (i++)]): Text 'Enter joint payer first name' is present on page  using regular expression

2023-01-04 16:35:23 - [TEST_STEP][PASSED] - openBrowser(""): Browser is opened with url: ''

2023-01-04 16:35:23 - [MESSAGE][WARNING] - A browser is already opened. Closing browser and opening a new one

2023-01-04 16:35:24 - [MESSAGE][INFO] - Starting 'Chrome' driver

2023-01-04 16:35:24 - [MESSAGE][INFO] - User set preference: ['acceptInsecureCerts', 'true']

2023-01-04 16:35:24 - [MESSAGE][INFO] - Action delay is set to 0 milliseconds

2023-01-04 16:35:26 - [MESSAGE][PASSED] - Browser is opened with url: ''

2023-01-04 16:35:26 - [TEST_STEP][PASSED] - maximizeWindow(): Current window maximized

2023-01-04 16:35:26 - [MESSAGE][PASSED] - Current window maximized

2023-01-04 16:35:26 - [TEST_STEP][PASSED] - navigateToUrl(RADurl): Navigate to 'https://qa.velocitypayment.com/client/rad/index.html' successfully

2023-01-04 16:35:27 - [MESSAGE][PASSED] - Navigate to 'https://qa.velocitypayment.com/client/rad/index.html' successfully

2023-01-04 16:35:27 - [TEST_STEP][PASSED] - out.println("Value of taxTypeDropList : " + taxTypeDropList[i]): null

2023-01-04 16:35:27 - [TEST_STEP][PASSED] - selectOptionByLabel(findTestObject(orPath_Landing + "/dd_TaxType"), taxTypeDropList[i], false): All options with label 'Estimated Tax' are selected in object 'Object Repository/RAD_Pages/Landing_Page/dd_TaxType' 

2023-01-04 16:35:28 - [MESSAGE][PASSED] - All options with label 'Estimated Tax' are selected in object 'Object Repository/RAD_Pages/Landing_Page/dd_TaxType' 

2023-01-04 16:35:28 - [TEST_STEP][PASSED] - setText(findTestObject(orPath_TaxPayer + "/input_lastName"), "Anderson"): Text 'Anderson' is set on object 'Object Repository/RAD_Pages/Taxpayer_Page/input_lastName'

2023-01-04 16:35:29 - [MESSAGE][PASSED] - Text 'Anderson' is set on object 'Object Repository/RAD_Pages/Taxpayer_Page/input_lastName'

2023-01-04 16:35:29 - [TEST_STEP][PASSED] - setText(findTestObject("RAD_RecordAndPlay/input_concatSSN"), "123441234"): Text '123441234' is set on object 'Object Repository/RAD_RecordAndPlay/input_concatSSN'

2023-01-04 16:35:30 - [MESSAGE][PASSED] - Text '123441234' is set on object 'Object Repository/RAD_RecordAndPlay/input_concatSSN'

2023-01-04 16:35:30 - [TEST_STEP][PASSED] - setText(findTestObject("RAD_RecordAndPlay/input_concatReSSN"), "123441234"): Text '123441234' is set on object 'Object Repository/RAD_RecordAndPlay/input_concatReSSN'

2023-01-04 16:35:31 - [MESSAGE][PASSED] - Text '123441234' is set on object 'Object Repository/RAD_RecordAndPlay/input_concatReSSN'

2023-01-04 16:35:31 - [TEST_STEP][PASSED] - scrollToElement(findTestObject(orPath_Amount + "/input__paymentAmount"), 3): Scroll to object 'Object Repository/RAD_Pages/PaymentAmount_Page/input__paymentAmount' successfully

2023-01-04 16:35:31 - [MESSAGE][PASSED] - Scroll to object 'Object Repository/RAD_Pages/PaymentAmount_Page/input__paymentAmount' successfully

2023-01-04 16:35:31 - [TEST_STEP][PASSED] - waitForElementClickable(findTestObject(orPath_FilingStatus + "/input_userType_Joint"), 5): Object 'Object Repository/RAD_Pages/FilingStatus_Page/input_userType_Joint' is clickable

2023-01-04 16:35:32 - [MESSAGE][PASSED] - Object 'Object Repository/RAD_Pages/FilingStatus_Page/input_userType_Joint' is clickable

2023-01-04 16:35:32 - [TEST_STEP][PASSED] - click(findTestObject(orPath_FilingStatus + "/input_userType_Joint")): Object: 'Object Repository/RAD_Pages/FilingStatus_Page/input_userType_Joint' is clicked on

2023-01-04 16:35:32 - [MESSAGE][PASSED] - Object: 'Object Repository/RAD_Pages/FilingStatus_Page/input_userType_Joint' is clicked on

2023-01-04 16:35:32 - [TEST_STEP][PASSED] - setText(findTestObject(orPath_FilingStatus + "/input_jointLastName"), "Stokes"): Text 'Stokes' is set on object 'Object Repository/RAD_Pages/FilingStatus_Page/input_jointLastName'

2023-01-04 16:35:33 - [MESSAGE][PASSED] - Text 'Stokes' is set on object 'Object Repository/RAD_Pages/FilingStatus_Page/input_jointLastName'

2023-01-04 16:35:33 - [TEST_STEP][PASSED] - setText(findTestObject("Object Repository/RAD_RecordAndPlay/input_JointFilerSSN"), "123443210"): Text '123443210' is set on object 'Object Repository/RAD_RecordAndPlay/input_JointFilerSSN'

2023-01-04 16:35:34 - [MESSAGE][PASSED] - Text '123443210' is set on object 'Object Repository/RAD_RecordAndPlay/input_JointFilerSSN'

2023-01-04 16:35:34 - [TEST_STEP][PASSED] - setText(findTestObject("Object Repository/RAD_RecordAndPlay/input_reTypeJointFilerSSN"), "123443210"): Text '123443210' is set on object 'Object Repository/RAD_RecordAndPlay/input_reTypeJointFilerSSN'

2023-01-04 16:35:34 - [MESSAGE][PASSED] - Text '123443210' is set on object 'Object Repository/RAD_RecordAndPlay/input_reTypeJointFilerSSN'

2023-01-04 16:35:34 - [TEST_STEP][PASSED] - delay(2): Delayed 2 second(s)

2023-01-04 16:35:36 - [MESSAGE][PASSED] - Delayed 2 second(s)

2023-01-04 16:35:36 - [TEST_STEP][PASSED] - scrollToElement(findTestObject(orPath_Amount + "/input__paymentAmount"), 3): Scroll to object 'Object Repository/RAD_Pages/PaymentAmount_Page/input__paymentAmount' successfully

2023-01-04 16:35:37 - [MESSAGE][PASSED] - Scroll to object 'Object Repository/RAD_Pages/PaymentAmount_Page/input__paymentAmount' successfully

2023-01-04 16:35:37 - [TEST_STEP][PASSED] - setText(findTestObject(orPath_Amount + "/input__paymentAmount"), ""): Text '' is set on object 'Object Repository/RAD_Pages/PaymentAmount_Page/input__paymentAmount'

2023-01-04 16:35:38 - [MESSAGE][PASSED] - Text '' is set on object 'Object Repository/RAD_Pages/PaymentAmount_Page/input__paymentAmount'

2023-01-04 16:35:38 - [TEST_STEP][PASSED] - delay(2): Delayed 2 second(s)

2023-01-04 16:35:40 - [MESSAGE][PASSED] - Delayed 2 second(s)

2023-01-04 16:35:40 - [TEST_STEP][PASSED] - click(findTestObject(orPath_Landing + "/button_Continue")): Object: 'Object Repository/RAD_Pages/Landing_Page/button_Continue' is clicked on

2023-01-04 16:35:40 - [MESSAGE][PASSED] - Object: 'Object Repository/RAD_Pages/Landing_Page/button_Continue' is clicked on

2023-01-04 16:35:40 - [TEST_STEP][PASSED] - verifyTextPresent("Enter joint payer first name", true): Text 'Enter joint payer first name' is present on page  using regular expression

2023-01-04 16:35:41 - [MESSAGE][PASSED] - Text 'Enter joint payer first name' is present on page  using regular expression

2023-01-04 16:35:41 - [TEST_STEP][PASSED] - openBrowser(""): Browser is opened with url: ''

2023-01-04 16:35:41 - [MESSAGE][WARNING] - A browser is already opened. Closing browser and opening a new one

2023-01-04 16:35:42 - [MESSAGE][INFO] - Starting 'Chrome' driver

2023-01-04 16:35:42 - [MESSAGE][INFO] - User set preference: ['acceptInsecureCerts', 'true']

2023-01-04 16:35:42 - [MESSAGE][INFO] - Action delay is set to 0 milliseconds

2023-01-04 16:35:43 - [MESSAGE][PASSED] - Browser is opened with url: ''

2023-01-04 16:35:43 - [TEST_STEP][PASSED] - maximizeWindow(): Current window maximized

2023-01-04 16:35:43 - [MESSAGE][PASSED] - Current window maximized

2023-01-04 16:35:43 - [TEST_STEP][PASSED] - navigateToUrl(RADurl): Navigate to 'https://qa.velocitypayment.com/client/rad/index.html' successfully

2023-01-04 16:35:45 - [MESSAGE][PASSED] - Navigate to 'https://qa.velocitypayment.com/client/rad/index.html' successfully

2023-01-04 16:35:45 - [TEST_STEP][PASSED] - out.println("Value of taxTypeDropList : " + taxTypeDropList[i]): null

2023-01-04 16:35:45 - [TEST_STEP][PASSED] - selectOptionByLabel(findTestObject(orPath_Landing + "/dd_TaxType"), taxTypeDropList[i], false): All options with label 'Personal Income Tax' are selected in object 'Object Repository/RAD_Pages/Landing_Page/dd_TaxType' 

2023-01-04 16:35:46 - [MESSAGE][PASSED] - All options with label 'Personal Income Tax' are selected in object 'Object Repository/RAD_Pages/Landing_Page/dd_TaxType' 

2023-01-04 16:35:46 - [TEST_STEP][PASSED] - setText(findTestObject(orPath_TaxPayer + "/input_lastName"), "Anderson"): Text 'Anderson' is set on object 'Object Repository/RAD_Pages/Taxpayer_Page/input_lastName'

2023-01-04 16:35:47 - [MESSAGE][PASSED] - Text 'Anderson' is set on object 'Object Repository/RAD_Pages/Taxpayer_Page/input_lastName'

2023-01-04 16:35:47 - [TEST_STEP][PASSED] - setText(findTestObject("RAD_RecordAndPlay/input_concatSSN"), "123441234"): Text '123441234' is set on object 'Object Repository/RAD_RecordAndPlay/input_concatSSN'

2023-01-04 16:35:48 - [MESSAGE][PASSED] - Text '123441234' is set on object 'Object Repository/RAD_RecordAndPlay/input_concatSSN'

2023-01-04 16:35:48 - [TEST_STEP][PASSED] - setText(findTestObject("RAD_RecordAndPlay/input_concatReSSN"), "123441234"): Text '123441234' is set on object 'Object Repository/RAD_RecordAndPlay/input_concatReSSN'

2023-01-04 16:35:49 - [MESSAGE][PASSED] - Text '123441234' is set on object 'Object Repository/RAD_RecordAndPlay/input_concatReSSN'

2023-01-04 16:35:49 - [TEST_STEP][PASSED] - scrollToElement(findTestObject(orPath_Amount + "/input__paymentAmount"), 3): Scroll to object 'Object Repository/RAD_Pages/PaymentAmount_Page/input__paymentAmount' successfully

2023-01-04 16:35:49 - [MESSAGE][PASSED] - Scroll to object 'Object Repository/RAD_Pages/PaymentAmount_Page/input__paymentAmount' successfully

2023-01-04 16:35:49 - [TEST_STEP][PASSED] - waitForElementClickable(findTestObject(orPath_FilingStatus + "/input_userType_Joint"), 5): Object 'Object Repository/RAD_Pages/FilingStatus_Page/input_userType_Joint' is clickable

2023-01-04 16:35:49 - [MESSAGE][PASSED] - Object 'Object Repository/RAD_Pages/FilingStatus_Page/input_userType_Joint' is clickable

2023-01-04 16:35:49 - [TEST_STEP][PASSED] - click(findTestObject(orPath_FilingStatus + "/input_userType_Joint")): Object: 'Object Repository/RAD_Pages/FilingStatus_Page/input_userType_Joint' is clicked on

2023-01-04 16:35:50 - [MESSAGE][PASSED] - Object: 'Object Repository/RAD_Pages/FilingStatus_Page/input_userType_Joint' is clicked on

2023-01-04 16:35:50 - [TEST_STEP][PASSED] - setText(findTestObject(orPath_FilingStatus + "/input_jointLastName"), "Stokes"): Text 'Stokes' is set on object 'Object Repository/RAD_Pages/FilingStatus_Page/input_jointLastName'

2023-01-04 16:35:51 - [MESSAGE][PASSED] - Text 'Stokes' is set on object 'Object Repository/RAD_Pages/FilingStatus_Page/input_jointLastName'

2023-01-04 16:35:51 - [TEST_STEP][PASSED] - setText(findTestObject("Object Repository/RAD_RecordAndPlay/input_JointFilerSSN"), "123443210"): Text '123443210' is set on object 'Object Repository/RAD_RecordAndPlay/input_JointFilerSSN'

2023-01-04 16:35:52 - [MESSAGE][PASSED] - Text '123443210' is set on object 'Object Repository/RAD_RecordAndPlay/input_JointFilerSSN'

2023-01-04 16:35:52 - [TEST_STEP][PASSED] - setText(findTestObject("Object Repository/RAD_RecordAndPlay/input_reTypeJointFilerSSN"), "123443210"): Text '123443210' is set on object 'Object Repository/RAD_RecordAndPlay/input_reTypeJointFilerSSN'

2023-01-04 16:35:52 - [MESSAGE][PASSED] - Text '123443210' is set on object 'Object Repository/RAD_RecordAndPlay/input_reTypeJointFilerSSN'

2023-01-04 16:35:52 - [TEST_STEP][PASSED] - delay(2): Delayed 2 second(s)

2023-01-04 16:35:54 - [MESSAGE][PASSED] - Delayed 2 second(s)

2023-01-04 16:35:54 - [TEST_STEP][PASSED] - scrollToElement(findTestObject(orPath_Amount + "/input__paymentAmount"), 3): Scroll to object 'Object Repository/RAD_Pages/PaymentAmount_Page/input__paymentAmount' successfully

2023-01-04 16:35:55 - [MESSAGE][PASSED] - Scroll to object 'Object Repository/RAD_Pages/PaymentAmount_Page/input__paymentAmount' successfully

2023-01-04 16:35:55 - [TEST_STEP][PASSED] - setText(findTestObject(orPath_Amount + "/input__paymentAmount"), ""): Text '' is set on object 'Object Repository/RAD_Pages/PaymentAmount_Page/input__paymentAmount'

2023-01-04 16:35:55 - [MESSAGE][PASSED] - Text '' is set on object 'Object Repository/RAD_Pages/PaymentAmount_Page/input__paymentAmount'

2023-01-04 16:35:55 - [TEST_STEP][PASSED] - delay(2): Delayed 2 second(s)

2023-01-04 16:35:57 - [MESSAGE][PASSED] - Delayed 2 second(s)

2023-01-04 16:35:57 - [TEST_STEP][PASSED] - click(findTestObject(orPath_Landing + "/button_Continue")): Object: 'Object Repository/RAD_Pages/Landing_Page/button_Continue' is clicked on

2023-01-04 16:35:58 - [MESSAGE][PASSED] - Object: 'Object Repository/RAD_Pages/Landing_Page/button_Continue' is clicked on

2023-01-04 16:35:58 - [TEST_STEP][PASSED] - verifyTextPresent("Enter joint payer first name", true): Text 'Enter joint payer first name' is present on page  using regular expression

2023-01-04 16:35:58 - [MESSAGE][PASSED] - Text 'Enter joint payer first name' is present on page  using regular expression

2023-01-04 16:35:58 - [TEST_STEP][PASSED] - openBrowser(""): Browser is opened with url: ''

2023-01-04 16:35:58 - [MESSAGE][WARNING] - A browser is already opened. Closing browser and opening a new one

2023-01-04 16:35:59 - [MESSAGE][INFO] - Starting 'Chrome' driver

2023-01-04 16:35:59 - [MESSAGE][INFO] - User set preference: ['acceptInsecureCerts', 'true']

2023-01-04 16:35:59 - [MESSAGE][INFO] - Action delay is set to 0 milliseconds

2023-01-04 16:36:01 - [MESSAGE][PASSED] - Browser is opened with url: ''

2023-01-04 16:36:01 - [TEST_STEP][PASSED] - maximizeWindow(): Current window maximized

2023-01-04 16:36:01 - [MESSAGE][PASSED] - Current window maximized

2023-01-04 16:36:01 - [TEST_STEP][PASSED] - navigateToUrl(RADurl): Navigate to 'https://qa.velocitypayment.com/client/rad/index.html' successfully

2023-01-04 16:36:03 - [MESSAGE][PASSED] - Navigate to 'https://qa.velocitypayment.com/client/rad/index.html' successfully

2023-01-04 16:36:03 - [TEST_STEP][PASSED] - out.println("Value of taxTypeDropList : " + taxTypeDropList[i]): null

2023-01-04 16:36:03 - [TEST_STEP][PASSED] - selectOptionByLabel(findTestObject(orPath_Landing + "/dd_TaxType"), taxTypeDropList[i], false): All options with label 'Extension Payments' are selected in object 'Object Repository/RAD_Pages/Landing_Page/dd_TaxType' 

2023-01-04 16:36:03 - [MESSAGE][PASSED] - All options with label 'Extension Payments' are selected in object 'Object Repository/RAD_Pages/Landing_Page/dd_TaxType' 

2023-01-04 16:36:03 - [TEST_STEP][PASSED] - setText(findTestObject(orPath_TaxPayer + "/input_lastName"), "Anderson"): Text 'Anderson' is set on object 'Object Repository/RAD_Pages/Taxpayer_Page/input_lastName'

2023-01-04 16:36:04 - [MESSAGE][PASSED] - Text 'Anderson' is set on object 'Object Repository/RAD_Pages/Taxpayer_Page/input_lastName'

2023-01-04 16:36:04 - [TEST_STEP][PASSED] - setText(findTestObject("RAD_RecordAndPlay/input_concatSSN"), "123441234"): Text '123441234' is set on object 'Object Repository/RAD_RecordAndPlay/input_concatSSN'

2023-01-04 16:36:05 - [MESSAGE][PASSED] - Text '123441234' is set on object 'Object Repository/RAD_RecordAndPlay/input_concatSSN'

2023-01-04 16:36:05 - [TEST_STEP][PASSED] - setText(findTestObject("RAD_RecordAndPlay/input_concatReSSN"), "123441234"): Text '123441234' is set on object 'Object Repository/RAD_RecordAndPlay/input_concatReSSN'

2023-01-04 16:36:06 - [MESSAGE][PASSED] - Text '123441234' is set on object 'Object Repository/RAD_RecordAndPlay/input_concatReSSN'

2023-01-04 16:36:06 - [TEST_STEP][PASSED] - scrollToElement(findTestObject(orPath_Amount + "/input__paymentAmount"), 3): Scroll to object 'Object Repository/RAD_Pages/PaymentAmount_Page/input__paymentAmount' successfully

2023-01-04 16:36:06 - [MESSAGE][PASSED] - Scroll to object 'Object Repository/RAD_Pages/PaymentAmount_Page/input__paymentAmount' successfully

2023-01-04 16:36:06 - [TEST_STEP][PASSED] - waitForElementClickable(findTestObject(orPath_FilingStatus + "/input_userType_Joint"), 5): Object 'Object Repository/RAD_Pages/FilingStatus_Page/input_userType_Joint' is clickable

2023-01-04 16:36:07 - [MESSAGE][PASSED] - Object 'Object Repository/RAD_Pages/FilingStatus_Page/input_userType_Joint' is clickable

2023-01-04 16:36:07 - [TEST_STEP][PASSED] - click(findTestObject(orPath_FilingStatus + "/input_userType_Joint")): Object: 'Object Repository/RAD_Pages/FilingStatus_Page/input_userType_Joint' is clicked on

2023-01-04 16:36:07 - [MESSAGE][PASSED] - Object: 'Object Repository/RAD_Pages/FilingStatus_Page/input_userType_Joint' is clicked on

2023-01-04 16:36:07 - [TEST_STEP][PASSED] - setText(findTestObject(orPath_FilingStatus + "/input_jointLastName"), "Stokes"): Text 'Stokes' is set on object 'Object Repository/RAD_Pages/FilingStatus_Page/input_jointLastName'

2023-01-04 16:36:08 - [MESSAGE][PASSED] - Text 'Stokes' is set on object 'Object Repository/RAD_Pages/FilingStatus_Page/input_jointLastName'

2023-01-04 16:36:08 - [TEST_STEP][PASSED] - setText(findTestObject("Object Repository/RAD_RecordAndPlay/input_JointFilerSSN"), "123443210"): Text '123443210' is set on object 'Object Repository/RAD_RecordAndPlay/input_JointFilerSSN'

2023-01-04 16:36:09 - [MESSAGE][PASSED] - Text '123443210' is set on object 'Object Repository/RAD_RecordAndPlay/input_JointFilerSSN'

2023-01-04 16:36:09 - [TEST_STEP][PASSED] - setText(findTestObject("Object Repository/RAD_RecordAndPlay/input_reTypeJointFilerSSN"), "123443210"): Text '123443210' is set on object 'Object Repository/RAD_RecordAndPlay/input_reTypeJointFilerSSN'

2023-01-04 16:36:09 - [MESSAGE][PASSED] - Text '123443210' is set on object 'Object Repository/RAD_RecordAndPlay/input_reTypeJointFilerSSN'

2023-01-04 16:36:09 - [TEST_STEP][PASSED] - delay(2): Delayed 2 second(s)

2023-01-04 16:36:11 - [MESSAGE][PASSED] - Delayed 2 second(s)

2023-01-04 16:36:11 - [TEST_STEP][PASSED] - scrollToElement(findTestObject(orPath_Amount + "/input__paymentAmount"), 3): Scroll to object 'Object Repository/RAD_Pages/PaymentAmount_Page/input__paymentAmount' successfully

2023-01-04 16:36:12 - [MESSAGE][PASSED] - Scroll to object 'Object Repository/RAD_Pages/PaymentAmount_Page/input__paymentAmount' successfully

2023-01-04 16:36:12 - [TEST_STEP][PASSED] - setText(findTestObject(orPath_Amount + "/input__paymentAmount"), ""): Text '' is set on object 'Object Repository/RAD_Pages/PaymentAmount_Page/input__paymentAmount'

2023-01-04 16:36:13 - [MESSAGE][PASSED] - Text '' is set on object 'Object Repository/RAD_Pages/PaymentAmount_Page/input__paymentAmount'

2023-01-04 16:36:13 - [TEST_STEP][PASSED] - delay(2): Delayed 2 second(s)

2023-01-04 16:36:15 - [MESSAGE][PASSED] - Delayed 2 second(s)

2023-01-04 16:36:15 - [TEST_STEP][PASSED] - click(findTestObject(orPath_Landing + "/button_Continue")): Object: 'Object Repository/RAD_Pages/Landing_Page/button_Continue' is clicked on

2023-01-04 16:36:15 - [MESSAGE][PASSED] - Object: 'Object Repository/RAD_Pages/Landing_Page/button_Continue' is clicked on

2023-01-04 16:36:15 - [TEST_STEP][PASSED] - verifyTextPresent("Enter joint payer first name", true): Text 'Enter joint payer first name' is present on page  using regular expression

2023-01-04 16:36:16 - [MESSAGE][PASSED] - Text 'Enter joint payer first name' is present on page  using regular expression]]></system-out>
         <system-err><![CDATA[]]></system-err>
      </testcase>
      <testcase name="Test Cases/RAD_TestCases/Negative_TestCases/EMailNoMatch" time="63.802" classname="Test Cases/RAD_TestCases/Negative_TestCases/EMailNoMatch" status="PASSED">
         <system-out><![CDATA[2023-01-04 16:36:16 - [TEST_CASE][PASSED] - Test Cases/RAD_TestCases/Negative_TestCases/EMailNoMatch: Test Cases/RAD_TestCases/Negative_TestCases/EMailNoMatch

2023-01-04 16:36:17 - [TEST_STEP][PASSED] - resText = "Fail": null

2023-01-04 16:36:17 - [TEST_STEP][PASSED] - resColumn = "Result": null

2023-01-04 16:36:17 - [TEST_STEP][PASSED] - datCloumn = "Date": null

2023-01-04 16:36:17 - [TEST_STEP][PASSED] - fileLoc = "KatalonData/RADTestData/EmailNoMatch.xlsx": null

2023-01-04 16:36:17 - [TEST_STEP][PASSED] - nameSheet = "Sheet1": null

2023-01-04 16:36:17 - [TEST_STEP][PASSED] - dataFile = "RADTestData/EmailNoMatch": null

2023-01-04 16:36:17 - [TEST_STEP][PASSED] - ExecuteTC = <not implemented yet for class: org.codehaus.groovy.ast.expr.EmptyExpression>: null

2023-01-04 16:36:17 - [TEST_STEP][PASSED] - Taxtype = <not implemented yet for class: org.codehaus.groovy.ast.expr.EmptyExpression>: null

2023-01-04 16:36:17 - [TEST_STEP][PASSED] - numOfRows = findTestData(dataFile).getRowNumbers(): null

2023-01-04 16:36:18 - [TEST_STEP][PASSED] - println("Number of Records: " + numOfRows): null

2023-01-04 16:36:18 - [TEST_STEP][PASSED] - for ([row = 1, row <= numOfRows, (row++)]): null

2023-01-04 16:36:18 - [TEST_STEP][PASSED] - ExecuteTC = findTestData(dataFile).getValue("Execute", row): null

2023-01-04 16:36:18 - [TEST_STEP][PASSED] - out.println("Value of Execute is : " + ExecuteTC): null

2023-01-04 16:36:18 - [TEST_STEP][PASSED] - if (ExecuteTC.equalsIgnoreCase("Y")): null

2023-01-04 16:36:18 - [TEST_STEP][PASSED] - out.println("Begin Record Number: " + row): null

2023-01-04 16:36:18 - [TEST_STEP][PASSED] - today = new java.util.Date(): null

2023-01-04 16:36:18 - [TEST_STEP][PASSED] - println(today): null

2023-01-04 16:36:18 - [TEST_STEP][PASSED] - datText = today: null

2023-01-04 16:36:18 - [TEST_STEP][PASSED] - Taxtype = findTestData(dataFile).getValue("TaxType", row): null

2023-01-04 16:36:18 - [TEST_STEP][PASSED] - out.println("Taxtype value is : " + Taxtype): null

2023-01-04 16:36:18 - [TEST_STEP][PASSED] - openBrowser(""): Browser is opened with url: ''

2023-01-04 16:36:18 - [MESSAGE][WARNING] - A browser is already opened. Closing browser and opening a new one

2023-01-04 16:36:19 - [MESSAGE][INFO] - Starting 'Chrome' driver

2023-01-04 16:36:19 - [MESSAGE][INFO] - User set preference: ['acceptInsecureCerts', 'true']

2023-01-04 16:36:19 - [MESSAGE][INFO] - Action delay is set to 0 milliseconds

2023-01-04 16:36:20 - [MESSAGE][PASSED] - Browser is opened with url: ''

2023-01-04 16:36:20 - [TEST_STEP][PASSED] - maximizeWindow(): Current window maximized

2023-01-04 16:36:20 - [MESSAGE][PASSED] - Current window maximized

2023-01-04 16:36:20 - [TEST_STEP][PASSED] - navigateToUrl(RADurl): Navigate to 'https://qa.velocitypayment.com/client/rad/index.html' successfully

2023-01-04 16:36:22 - [MESSAGE][PASSED] - Navigate to 'https://qa.velocitypayment.com/client/rad/index.html' successfully

2023-01-04 16:36:22 - [TEST_STEP][PASSED] - orPath_Landing = "Object Repository/RAD_Pages/Landing_Page": null

2023-01-04 16:36:22 - [TEST_STEP][PASSED] - orPath_TaxTypeFilingYear = "Object Repository/RAD_Pages/TaxTypeFilingYear_Page": null

2023-01-04 16:36:22 - [TEST_STEP][PASSED] - orPath_TaxPayer = "Object Repository/RAD_Pages/Taxpayer_Page": null

2023-01-04 16:36:22 - [TEST_STEP][PASSED] - orPath_AddressContact = "Object Repository/RAD_Pages/AddressAndContactInfo_Page": null

2023-01-04 16:36:22 - [TEST_STEP][PASSED] - orPath_FilingStatus = "Object Repository/RAD_Pages/FilingStatus_Page": null

2023-01-04 16:36:22 - [TEST_STEP][PASSED] - orPath_Amount = "Object Repository/RAD_Pages/PaymentAmount_Page": null

2023-01-04 16:36:22 - [TEST_STEP][PASSED] - selectOptionByLabel(findTestObject(orPath_Landing + "/dd_TaxType"), Taxtype, false): All options with label 'Estimated Tax' are selected in object 'Object Repository/RAD_Pages/Landing_Page/dd_TaxType' 

2023-01-04 16:36:23 - [MESSAGE][PASSED] - All options with label 'Estimated Tax' are selected in object 'Object Repository/RAD_Pages/Landing_Page/dd_TaxType' 

2023-01-04 16:36:23 - [TEST_STEP][PASSED] - scrollToElement(findTestObject(orPath_Amount + "/input__paymentAmount"), 3): Scroll to object 'Object Repository/RAD_Pages/PaymentAmount_Page/input__paymentAmount' successfully

2023-01-04 16:36:23 - [MESSAGE][PASSED] - Scroll to object 'Object Repository/RAD_Pages/PaymentAmount_Page/input__paymentAmount' successfully

2023-01-04 16:36:23 - [TEST_STEP][PASSED] - setText(findTestObject(orPath_AddressContact + "/input_eMailAddress"), "imtiazster@gmail.com"): Text 'imtiazster@gmail.com' is set on object 'Object Repository/RAD_Pages/AddressAndContactInfo_Page/input_eMailAddress'

2023-01-04 16:36:24 - [MESSAGE][PASSED] - Text 'imtiazster@gmail.com' is set on object 'Object Repository/RAD_Pages/AddressAndContactInfo_Page/input_eMailAddress'

2023-01-04 16:36:24 - [TEST_STEP][PASSED] - setText(findTestObject(orPath_AddressContact + "/input_reEnterEMailAddress"), "iahmed@govolution.com"): Text 'iahmed@govolution.com' is set on object 'Object Repository/RAD_Pages/AddressAndContactInfo_Page/input_reEnterEMailAddress'

2023-01-04 16:36:25 - [MESSAGE][PASSED] - Text 'iahmed@govolution.com' is set on object 'Object Repository/RAD_Pages/AddressAndContactInfo_Page/input_reEnterEMailAddress'

2023-01-04 16:36:25 - [TEST_STEP][PASSED] - delay(2): Delayed 2 second(s)

2023-01-04 16:36:27 - [MESSAGE][PASSED] - Delayed 2 second(s)

2023-01-04 16:36:27 - [TEST_STEP][PASSED] - if (verifyTextPresent("The Email and Re-enter email do not match", true)): null

2023-01-04 16:36:27 - [MESSAGE][PASSED] - Text 'The Email and Re-enter email do not match' is present on page  using regular expression

2023-01-04 16:36:27 - [TEST_STEP][PASSED] - println("Emails Dont match text is present"): null

2023-01-04 16:36:27 - [TEST_STEP][PASSED] - out.println("Pass Record Number: " + row): null

2023-01-04 16:36:27 - [TEST_STEP][PASSED] - resText = "Pass": null

2023-01-04 16:36:27 - [TEST_STEP][PASSED] - pages.WriteExcel.demoKey(resText, datText, resColumn, datCloumn, fileLoc, nameSheet, row): pages.WriteExcel.demoKey is PASSED

2023-01-04 16:36:28 - [MESSAGE][PASSED] - pages.WriteExcel.demoKey is PASSED

2023-01-04 16:36:28 - [TEST_STEP][PASSED] - ExecuteTC = findTestData(dataFile).getValue("Execute", row): null

2023-01-04 16:36:28 - [TEST_STEP][PASSED] - out.println("Value of Execute is : " + ExecuteTC): null

2023-01-04 16:36:28 - [TEST_STEP][PASSED] - if (ExecuteTC.equalsIgnoreCase("Y")): null

2023-01-04 16:36:28 - [TEST_STEP][PASSED] - out.println("Begin Record Number: " + row): null

2023-01-04 16:36:28 - [TEST_STEP][PASSED] - today = new java.util.Date(): null

2023-01-04 16:36:28 - [TEST_STEP][PASSED] - println(today): null

2023-01-04 16:36:28 - [TEST_STEP][PASSED] - datText = today: null

2023-01-04 16:36:28 - [TEST_STEP][PASSED] - Taxtype = findTestData(dataFile).getValue("TaxType", row): null

2023-01-04 16:36:28 - [TEST_STEP][PASSED] - out.println("Taxtype value is : " + Taxtype): null

2023-01-04 16:36:28 - [TEST_STEP][PASSED] - openBrowser(""): Browser is opened with url: ''

2023-01-04 16:36:28 - [MESSAGE][WARNING] - A browser is already opened. Closing browser and opening a new one

2023-01-04 16:36:29 - [MESSAGE][INFO] - Starting 'Chrome' driver

2023-01-04 16:36:29 - [MESSAGE][INFO] - User set preference: ['acceptInsecureCerts', 'true']

2023-01-04 16:36:29 - [MESSAGE][INFO] - Action delay is set to 0 milliseconds

2023-01-04 16:36:30 - [MESSAGE][PASSED] - Browser is opened with url: ''

2023-01-04 16:36:30 - [TEST_STEP][PASSED] - maximizeWindow(): Current window maximized

2023-01-04 16:36:30 - [MESSAGE][PASSED] - Current window maximized

2023-01-04 16:36:30 - [TEST_STEP][PASSED] - navigateToUrl(RADurl): Navigate to 'https://qa.velocitypayment.com/client/rad/index.html' successfully

2023-01-04 16:36:32 - [MESSAGE][PASSED] - Navigate to 'https://qa.velocitypayment.com/client/rad/index.html' successfully

2023-01-04 16:36:32 - [TEST_STEP][PASSED] - orPath_Landing = "Object Repository/RAD_Pages/Landing_Page": null

2023-01-04 16:36:32 - [TEST_STEP][PASSED] - orPath_TaxTypeFilingYear = "Object Repository/RAD_Pages/TaxTypeFilingYear_Page": null

2023-01-04 16:36:32 - [TEST_STEP][PASSED] - orPath_TaxPayer = "Object Repository/RAD_Pages/Taxpayer_Page": null

2023-01-04 16:36:32 - [TEST_STEP][PASSED] - orPath_AddressContact = "Object Repository/RAD_Pages/AddressAndContactInfo_Page": null

2023-01-04 16:36:32 - [TEST_STEP][PASSED] - orPath_FilingStatus = "Object Repository/RAD_Pages/FilingStatus_Page": null

2023-01-04 16:36:32 - [TEST_STEP][PASSED] - orPath_Amount = "Object Repository/RAD_Pages/PaymentAmount_Page": null

2023-01-04 16:36:32 - [TEST_STEP][PASSED] - selectOptionByLabel(findTestObject(orPath_Landing + "/dd_TaxType"), Taxtype, false): All options with label 'Personal Income Tax' are selected in object 'Object Repository/RAD_Pages/Landing_Page/dd_TaxType' 

2023-01-04 16:36:33 - [MESSAGE][PASSED] - All options with label 'Personal Income Tax' are selected in object 'Object Repository/RAD_Pages/Landing_Page/dd_TaxType' 

2023-01-04 16:36:33 - [TEST_STEP][PASSED] - scrollToElement(findTestObject(orPath_Amount + "/input__paymentAmount"), 3): Scroll to object 'Object Repository/RAD_Pages/PaymentAmount_Page/input__paymentAmount' successfully

2023-01-04 16:36:33 - [MESSAGE][PASSED] - Scroll to object 'Object Repository/RAD_Pages/PaymentAmount_Page/input__paymentAmount' successfully

2023-01-04 16:36:33 - [TEST_STEP][PASSED] - setText(findTestObject(orPath_AddressContact + "/input_eMailAddress"), "imtiazster@gmail.com"): Text 'imtiazster@gmail.com' is set on object 'Object Repository/RAD_Pages/AddressAndContactInfo_Page/input_eMailAddress'

2023-01-04 16:36:35 - [MESSAGE][PASSED] - Text 'imtiazster@gmail.com' is set on object 'Object Repository/RAD_Pages/AddressAndContactInfo_Page/input_eMailAddress'

2023-01-04 16:36:35 - [TEST_STEP][PASSED] - setText(findTestObject(orPath_AddressContact + "/input_reEnterEMailAddress"), "iahmed@govolution.com"): Text 'iahmed@govolution.com' is set on object 'Object Repository/RAD_Pages/AddressAndContactInfo_Page/input_reEnterEMailAddress'

2023-01-04 16:36:35 - [MESSAGE][PASSED] - Text 'iahmed@govolution.com' is set on object 'Object Repository/RAD_Pages/AddressAndContactInfo_Page/input_reEnterEMailAddress'

2023-01-04 16:36:35 - [TEST_STEP][PASSED] - delay(2): Delayed 2 second(s)

2023-01-04 16:36:37 - [MESSAGE][PASSED] - Delayed 2 second(s)

2023-01-04 16:36:37 - [TEST_STEP][PASSED] - if (verifyTextPresent("The Email and Re-enter email do not match", true)): null

2023-01-04 16:36:38 - [MESSAGE][PASSED] - Text 'The Email and Re-enter email do not match' is present on page  using regular expression

2023-01-04 16:36:38 - [TEST_STEP][PASSED] - println("Emails Dont match text is present"): null

2023-01-04 16:36:38 - [TEST_STEP][PASSED] - out.println("Pass Record Number: " + row): null

2023-01-04 16:36:38 - [TEST_STEP][PASSED] - resText = "Pass": null

2023-01-04 16:36:38 - [TEST_STEP][PASSED] - pages.WriteExcel.demoKey(resText, datText, resColumn, datCloumn, fileLoc, nameSheet, row): pages.WriteExcel.demoKey is PASSED

2023-01-04 16:36:38 - [MESSAGE][PASSED] - pages.WriteExcel.demoKey is PASSED

2023-01-04 16:36:38 - [TEST_STEP][PASSED] - ExecuteTC = findTestData(dataFile).getValue("Execute", row): null

2023-01-04 16:36:38 - [TEST_STEP][PASSED] - out.println("Value of Execute is : " + ExecuteTC): null

2023-01-04 16:36:38 - [TEST_STEP][PASSED] - if (ExecuteTC.equalsIgnoreCase("Y")): null

2023-01-04 16:36:38 - [TEST_STEP][PASSED] - out.println("Begin Record Number: " + row): null

2023-01-04 16:36:38 - [TEST_STEP][PASSED] - today = new java.util.Date(): null

2023-01-04 16:36:38 - [TEST_STEP][PASSED] - println(today): null

2023-01-04 16:36:38 - [TEST_STEP][PASSED] - datText = today: null

2023-01-04 16:36:38 - [TEST_STEP][PASSED] - Taxtype = findTestData(dataFile).getValue("TaxType", row): null

2023-01-04 16:36:38 - [TEST_STEP][PASSED] - out.println("Taxtype value is : " + Taxtype): null

2023-01-04 16:36:38 - [TEST_STEP][PASSED] - openBrowser(""): Browser is opened with url: ''

2023-01-04 16:36:38 - [MESSAGE][WARNING] - A browser is already opened. Closing browser and opening a new one

2023-01-04 16:36:39 - [MESSAGE][INFO] - Starting 'Chrome' driver

2023-01-04 16:36:39 - [MESSAGE][INFO] - User set preference: ['acceptInsecureCerts', 'true']

2023-01-04 16:36:39 - [MESSAGE][INFO] - Action delay is set to 0 milliseconds

2023-01-04 16:36:41 - [MESSAGE][PASSED] - Browser is opened with url: ''

2023-01-04 16:36:41 - [TEST_STEP][PASSED] - maximizeWindow(): Current window maximized

2023-01-04 16:36:41 - [MESSAGE][PASSED] - Current window maximized

2023-01-04 16:36:41 - [TEST_STEP][PASSED] - navigateToUrl(RADurl): Navigate to 'https://qa.velocitypayment.com/client/rad/index.html' successfully

2023-01-04 16:36:42 - [MESSAGE][PASSED] - Navigate to 'https://qa.velocitypayment.com/client/rad/index.html' successfully

2023-01-04 16:36:42 - [TEST_STEP][PASSED] - orPath_Landing = "Object Repository/RAD_Pages/Landing_Page": null

2023-01-04 16:36:42 - [TEST_STEP][PASSED] - orPath_TaxTypeFilingYear = "Object Repository/RAD_Pages/TaxTypeFilingYear_Page": null

2023-01-04 16:36:42 - [TEST_STEP][PASSED] - orPath_TaxPayer = "Object Repository/RAD_Pages/Taxpayer_Page": null

2023-01-04 16:36:42 - [TEST_STEP][PASSED] - orPath_AddressContact = "Object Repository/RAD_Pages/AddressAndContactInfo_Page": null

2023-01-04 16:36:42 - [TEST_STEP][PASSED] - orPath_FilingStatus = "Object Repository/RAD_Pages/FilingStatus_Page": null

2023-01-04 16:36:42 - [TEST_STEP][PASSED] - orPath_Amount = "Object Repository/RAD_Pages/PaymentAmount_Page": null

2023-01-04 16:36:42 - [TEST_STEP][PASSED] - selectOptionByLabel(findTestObject(orPath_Landing + "/dd_TaxType"), Taxtype, false): All options with label 'Extension Payments' are selected in object 'Object Repository/RAD_Pages/Landing_Page/dd_TaxType' 

2023-01-04 16:36:43 - [MESSAGE][PASSED] - All options with label 'Extension Payments' are selected in object 'Object Repository/RAD_Pages/Landing_Page/dd_TaxType' 

2023-01-04 16:36:43 - [TEST_STEP][PASSED] - scrollToElement(findTestObject(orPath_Amount + "/input__paymentAmount"), 3): Scroll to object 'Object Repository/RAD_Pages/PaymentAmount_Page/input__paymentAmount' successfully

2023-01-04 16:36:44 - [MESSAGE][PASSED] - Scroll to object 'Object Repository/RAD_Pages/PaymentAmount_Page/input__paymentAmount' successfully

2023-01-04 16:36:44 - [TEST_STEP][PASSED] - setText(findTestObject(orPath_AddressContact + "/input_eMailAddress"), "imtiazster@gmail.com"): Text 'imtiazster@gmail.com' is set on object 'Object Repository/RAD_Pages/AddressAndContactInfo_Page/input_eMailAddress'

2023-01-04 16:36:45 - [MESSAGE][PASSED] - Text 'imtiazster@gmail.com' is set on object 'Object Repository/RAD_Pages/AddressAndContactInfo_Page/input_eMailAddress'

2023-01-04 16:36:45 - [TEST_STEP][PASSED] - setText(findTestObject(orPath_AddressContact + "/input_reEnterEMailAddress"), "iahmed@govolution.com"): Text 'iahmed@govolution.com' is set on object 'Object Repository/RAD_Pages/AddressAndContactInfo_Page/input_reEnterEMailAddress'

2023-01-04 16:36:46 - [MESSAGE][PASSED] - Text 'iahmed@govolution.com' is set on object 'Object Repository/RAD_Pages/AddressAndContactInfo_Page/input_reEnterEMailAddress'

2023-01-04 16:36:46 - [TEST_STEP][PASSED] - delay(2): Delayed 2 second(s)

2023-01-04 16:36:48 - [MESSAGE][PASSED] - Delayed 2 second(s)

2023-01-04 16:36:48 - [TEST_STEP][PASSED] - if (verifyTextPresent("The Email and Re-enter email do not match", true)): null

2023-01-04 16:36:48 - [MESSAGE][PASSED] - Text 'The Email and Re-enter email do not match' is present on page  using regular expression

2023-01-04 16:36:48 - [TEST_STEP][PASSED] - println("Emails Dont match text is present"): null

2023-01-04 16:36:48 - [TEST_STEP][PASSED] - out.println("Pass Record Number: " + row): null

2023-01-04 16:36:48 - [TEST_STEP][PASSED] - resText = "Pass": null

2023-01-04 16:36:48 - [TEST_STEP][PASSED] - pages.WriteExcel.demoKey(resText, datText, resColumn, datCloumn, fileLoc, nameSheet, row): pages.WriteExcel.demoKey is PASSED

2023-01-04 16:36:48 - [MESSAGE][PASSED] - pages.WriteExcel.demoKey is PASSED

2023-01-04 16:36:48 - [TEST_STEP][PASSED] - ExecuteTC = findTestData(dataFile).getValue("Execute", row): null

2023-01-04 16:36:48 - [TEST_STEP][PASSED] - out.println("Value of Execute is : " + ExecuteTC): null

2023-01-04 16:36:48 - [TEST_STEP][PASSED] - if (ExecuteTC.equalsIgnoreCase("Y")): null

2023-01-04 16:36:48 - [TEST_STEP][PASSED] - out.println("Begin Record Number: " + row): null

2023-01-04 16:36:48 - [TEST_STEP][PASSED] - today = new java.util.Date(): null

2023-01-04 16:36:48 - [TEST_STEP][PASSED] - println(today): null

2023-01-04 16:36:48 - [TEST_STEP][PASSED] - datText = today: null

2023-01-04 16:36:48 - [TEST_STEP][PASSED] - Taxtype = findTestData(dataFile).getValue("TaxType", row): null

2023-01-04 16:36:49 - [TEST_STEP][PASSED] - out.println("Taxtype value is : " + Taxtype): null

2023-01-04 16:36:49 - [TEST_STEP][PASSED] - openBrowser(""): Browser is opened with url: ''

2023-01-04 16:36:49 - [MESSAGE][WARNING] - A browser is already opened. Closing browser and opening a new one

2023-01-04 16:36:50 - [MESSAGE][INFO] - Starting 'Chrome' driver

2023-01-04 16:36:50 - [MESSAGE][INFO] - User set preference: ['acceptInsecureCerts', 'true']

2023-01-04 16:36:50 - [MESSAGE][INFO] - Action delay is set to 0 milliseconds

2023-01-04 16:36:51 - [MESSAGE][PASSED] - Browser is opened with url: ''

2023-01-04 16:36:51 - [TEST_STEP][PASSED] - maximizeWindow(): Current window maximized

2023-01-04 16:36:51 - [MESSAGE][PASSED] - Current window maximized

2023-01-04 16:36:51 - [TEST_STEP][PASSED] - navigateToUrl(RADurl): Navigate to 'https://qa.velocitypayment.com/client/rad/index.html' successfully

2023-01-04 16:36:53 - [MESSAGE][PASSED] - Navigate to 'https://qa.velocitypayment.com/client/rad/index.html' successfully

2023-01-04 16:36:53 - [TEST_STEP][PASSED] - orPath_Landing = "Object Repository/RAD_Pages/Landing_Page": null

2023-01-04 16:36:53 - [TEST_STEP][PASSED] - orPath_TaxTypeFilingYear = "Object Repository/RAD_Pages/TaxTypeFilingYear_Page": null

2023-01-04 16:36:53 - [TEST_STEP][PASSED] - orPath_TaxPayer = "Object Repository/RAD_Pages/Taxpayer_Page": null

2023-01-04 16:36:53 - [TEST_STEP][PASSED] - orPath_AddressContact = "Object Repository/RAD_Pages/AddressAndContactInfo_Page": null

2023-01-04 16:36:53 - [TEST_STEP][PASSED] - orPath_FilingStatus = "Object Repository/RAD_Pages/FilingStatus_Page": null

2023-01-04 16:36:53 - [TEST_STEP][PASSED] - orPath_Amount = "Object Repository/RAD_Pages/PaymentAmount_Page": null

2023-01-04 16:36:53 - [TEST_STEP][PASSED] - selectOptionByLabel(findTestObject(orPath_Landing + "/dd_TaxType"), Taxtype, false): All options with label 'Existing Liability' are selected in object 'Object Repository/RAD_Pages/Landing_Page/dd_TaxType' 

2023-01-04 16:36:54 - [MESSAGE][PASSED] - All options with label 'Existing Liability' are selected in object 'Object Repository/RAD_Pages/Landing_Page/dd_TaxType' 

2023-01-04 16:36:54 - [TEST_STEP][PASSED] - scrollToElement(findTestObject(orPath_Amount + "/input__paymentAmount"), 3): Scroll to object 'Object Repository/RAD_Pages/PaymentAmount_Page/input__paymentAmount' successfully

2023-01-04 16:36:54 - [MESSAGE][PASSED] - Scroll to object 'Object Repository/RAD_Pages/PaymentAmount_Page/input__paymentAmount' successfully

2023-01-04 16:36:54 - [TEST_STEP][PASSED] - setText(findTestObject(orPath_AddressContact + "/input_eMailAddress"), "imtiazster@gmail.com"): Text 'imtiazster@gmail.com' is set on object 'Object Repository/RAD_Pages/AddressAndContactInfo_Page/input_eMailAddress'

2023-01-04 16:36:55 - [MESSAGE][PASSED] - Text 'imtiazster@gmail.com' is set on object 'Object Repository/RAD_Pages/AddressAndContactInfo_Page/input_eMailAddress'

2023-01-04 16:36:55 - [TEST_STEP][PASSED] - setText(findTestObject(orPath_AddressContact + "/input_reEnterEMailAddress"), "iahmed@govolution.com"): Text 'iahmed@govolution.com' is set on object 'Object Repository/RAD_Pages/AddressAndContactInfo_Page/input_reEnterEMailAddress'

2023-01-04 16:36:56 - [MESSAGE][PASSED] - Text 'iahmed@govolution.com' is set on object 'Object Repository/RAD_Pages/AddressAndContactInfo_Page/input_reEnterEMailAddress'

2023-01-04 16:36:56 - [TEST_STEP][PASSED] - delay(2): Delayed 2 second(s)

2023-01-04 16:36:58 - [MESSAGE][PASSED] - Delayed 2 second(s)

2023-01-04 16:36:58 - [TEST_STEP][PASSED] - if (verifyTextPresent("The Email and Re-enter email do not match", true)): null

2023-01-04 16:36:59 - [MESSAGE][PASSED] - Text 'The Email and Re-enter email do not match' is present on page  using regular expression

2023-01-04 16:36:59 - [TEST_STEP][PASSED] - println("Emails Dont match text is present"): null

2023-01-04 16:36:59 - [TEST_STEP][PASSED] - out.println("Pass Record Number: " + row): null

2023-01-04 16:36:59 - [TEST_STEP][PASSED] - resText = "Pass": null

2023-01-04 16:36:59 - [TEST_STEP][PASSED] - pages.WriteExcel.demoKey(resText, datText, resColumn, datCloumn, fileLoc, nameSheet, row): pages.WriteExcel.demoKey is PASSED

2023-01-04 16:36:59 - [MESSAGE][PASSED] - pages.WriteExcel.demoKey is PASSED

2023-01-04 16:36:59 - [TEST_STEP][PASSED] - ExecuteTC = findTestData(dataFile).getValue("Execute", row): null

2023-01-04 16:36:59 - [TEST_STEP][PASSED] - out.println("Value of Execute is : " + ExecuteTC): null

2023-01-04 16:36:59 - [TEST_STEP][PASSED] - if (ExecuteTC.equalsIgnoreCase("Y")): null

2023-01-04 16:36:59 - [TEST_STEP][PASSED] - out.println("Begin Record Number: " + row): null

2023-01-04 16:36:59 - [TEST_STEP][PASSED] - today = new java.util.Date(): null

2023-01-04 16:36:59 - [TEST_STEP][PASSED] - println(today): null

2023-01-04 16:36:59 - [TEST_STEP][PASSED] - datText = today: null

2023-01-04 16:36:59 - [TEST_STEP][PASSED] - Taxtype = findTestData(dataFile).getValue("TaxType", row): null

2023-01-04 16:36:59 - [TEST_STEP][PASSED] - out.println("Taxtype value is : " + Taxtype): null

2023-01-04 16:36:59 - [TEST_STEP][PASSED] - openBrowser(""): Browser is opened with url: ''

2023-01-04 16:36:59 - [MESSAGE][WARNING] - A browser is already opened. Closing browser and opening a new one

2023-01-04 16:37:00 - [MESSAGE][INFO] - Starting 'Chrome' driver

2023-01-04 16:37:00 - [MESSAGE][INFO] - User set preference: ['acceptInsecureCerts', 'true']

2023-01-04 16:37:00 - [MESSAGE][INFO] - Action delay is set to 0 milliseconds

2023-01-04 16:37:01 - [MESSAGE][PASSED] - Browser is opened with url: ''

2023-01-04 16:37:01 - [TEST_STEP][PASSED] - maximizeWindow(): Current window maximized

2023-01-04 16:37:01 - [MESSAGE][PASSED] - Current window maximized

2023-01-04 16:37:01 - [TEST_STEP][PASSED] - navigateToUrl(RADurl): Navigate to 'https://qa.velocitypayment.com/client/rad/index.html' successfully

2023-01-04 16:37:03 - [MESSAGE][PASSED] - Navigate to 'https://qa.velocitypayment.com/client/rad/index.html' successfully

2023-01-04 16:37:03 - [TEST_STEP][PASSED] - orPath_Landing = "Object Repository/RAD_Pages/Landing_Page": null

2023-01-04 16:37:03 - [TEST_STEP][PASSED] - orPath_TaxTypeFilingYear = "Object Repository/RAD_Pages/TaxTypeFilingYear_Page": null

2023-01-04 16:37:03 - [TEST_STEP][PASSED] - orPath_TaxPayer = "Object Repository/RAD_Pages/Taxpayer_Page": null

2023-01-04 16:37:03 - [TEST_STEP][PASSED] - orPath_AddressContact = "Object Repository/RAD_Pages/AddressAndContactInfo_Page": null

2023-01-04 16:37:03 - [TEST_STEP][PASSED] - orPath_FilingStatus = "Object Repository/RAD_Pages/FilingStatus_Page": null

2023-01-04 16:37:03 - [TEST_STEP][PASSED] - orPath_Amount = "Object Repository/RAD_Pages/PaymentAmount_Page": null

2023-01-04 16:37:03 - [TEST_STEP][PASSED] - selectOptionByLabel(findTestObject(orPath_Landing + "/dd_TaxType"), Taxtype, false): All options with label 'Sales and Use' are selected in object 'Object Repository/RAD_Pages/Landing_Page/dd_TaxType' 

2023-01-04 16:37:04 - [MESSAGE][PASSED] - All options with label 'Sales and Use' are selected in object 'Object Repository/RAD_Pages/Landing_Page/dd_TaxType' 

2023-01-04 16:37:04 - [TEST_STEP][PASSED] - scrollToElement(findTestObject(orPath_Amount + "/input__paymentAmount"), 3): Scroll to object 'Object Repository/RAD_Pages/PaymentAmount_Page/input__paymentAmount' successfully

2023-01-04 16:37:04 - [MESSAGE][PASSED] - Scroll to object 'Object Repository/RAD_Pages/PaymentAmount_Page/input__paymentAmount' successfully

2023-01-04 16:37:04 - [TEST_STEP][PASSED] - setText(findTestObject(orPath_AddressContact + "/input_eMailAddress"), "imtiazster@gmail.com"): Text 'imtiazster@gmail.com' is set on object 'Object Repository/RAD_Pages/AddressAndContactInfo_Page/input_eMailAddress'

2023-01-04 16:37:05 - [MESSAGE][PASSED] - Text 'imtiazster@gmail.com' is set on object 'Object Repository/RAD_Pages/AddressAndContactInfo_Page/input_eMailAddress'

2023-01-04 16:37:05 - [TEST_STEP][PASSED] - setText(findTestObject(orPath_AddressContact + "/input_reEnterEMailAddress"), "iahmed@govolution.com"): Text 'iahmed@govolution.com' is set on object 'Object Repository/RAD_Pages/AddressAndContactInfo_Page/input_reEnterEMailAddress'

2023-01-04 16:37:06 - [MESSAGE][PASSED] - Text 'iahmed@govolution.com' is set on object 'Object Repository/RAD_Pages/AddressAndContactInfo_Page/input_reEnterEMailAddress'

2023-01-04 16:37:06 - [TEST_STEP][PASSED] - delay(2): Delayed 2 second(s)

2023-01-04 16:37:08 - [MESSAGE][PASSED] - Delayed 2 second(s)

2023-01-04 16:37:08 - [TEST_STEP][PASSED] - if (verifyTextPresent("The Email and Re-enter email do not match", true)): null

2023-01-04 16:37:09 - [MESSAGE][PASSED] - Text 'The Email and Re-enter email do not match' is present on page  using regular expression

2023-01-04 16:37:09 - [TEST_STEP][PASSED] - println("Emails Dont match text is present"): null

2023-01-04 16:37:09 - [TEST_STEP][PASSED] - out.println("Pass Record Number: " + row): null

2023-01-04 16:37:09 - [TEST_STEP][PASSED] - resText = "Pass": null

2023-01-04 16:37:09 - [TEST_STEP][PASSED] - pages.WriteExcel.demoKey(resText, datText, resColumn, datCloumn, fileLoc, nameSheet, row): pages.WriteExcel.demoKey is PASSED

2023-01-04 16:37:09 - [MESSAGE][PASSED] - pages.WriteExcel.demoKey is PASSED

2023-01-04 16:37:09 - [TEST_STEP][PASSED] - ExecuteTC = findTestData(dataFile).getValue("Execute", row): null

2023-01-04 16:37:09 - [TEST_STEP][PASSED] - out.println("Value of Execute is : " + ExecuteTC): null

2023-01-04 16:37:09 - [TEST_STEP][PASSED] - if (ExecuteTC.equalsIgnoreCase("Y")): null

2023-01-04 16:37:09 - [TEST_STEP][PASSED] - out.println("Begin Record Number: " + row): null

2023-01-04 16:37:09 - [TEST_STEP][PASSED] - today = new java.util.Date(): null

2023-01-04 16:37:09 - [TEST_STEP][PASSED] - println(today): null

2023-01-04 16:37:09 - [TEST_STEP][PASSED] - datText = today: null

2023-01-04 16:37:09 - [TEST_STEP][PASSED] - Taxtype = findTestData(dataFile).getValue("TaxType", row): null

2023-01-04 16:37:09 - [TEST_STEP][PASSED] - out.println("Taxtype value is : " + Taxtype): null

2023-01-04 16:37:09 - [TEST_STEP][PASSED] - openBrowser(""): Browser is opened with url: ''

2023-01-04 16:37:09 - [MESSAGE][WARNING] - A browser is already opened. Closing browser and opening a new one

2023-01-04 16:37:10 - [MESSAGE][INFO] - Starting 'Chrome' driver

2023-01-04 16:37:10 - [MESSAGE][INFO] - User set preference: ['acceptInsecureCerts', 'true']

2023-01-04 16:37:10 - [MESSAGE][INFO] - Action delay is set to 0 milliseconds

2023-01-04 16:37:11 - [MESSAGE][PASSED] - Browser is opened with url: ''

2023-01-04 16:37:11 - [TEST_STEP][PASSED] - maximizeWindow(): Current window maximized

2023-01-04 16:37:12 - [MESSAGE][PASSED] - Current window maximized

2023-01-04 16:37:12 - [TEST_STEP][PASSED] - navigateToUrl(RADurl): Navigate to 'https://qa.velocitypayment.com/client/rad/index.html' successfully

2023-01-04 16:37:14 - [MESSAGE][PASSED] - Navigate to 'https://qa.velocitypayment.com/client/rad/index.html' successfully

2023-01-04 16:37:14 - [TEST_STEP][PASSED] - orPath_Landing = "Object Repository/RAD_Pages/Landing_Page": null

2023-01-04 16:37:14 - [TEST_STEP][PASSED] - orPath_TaxTypeFilingYear = "Object Repository/RAD_Pages/TaxTypeFilingYear_Page": null

2023-01-04 16:37:14 - [TEST_STEP][PASSED] - orPath_TaxPayer = "Object Repository/RAD_Pages/Taxpayer_Page": null

2023-01-04 16:37:14 - [TEST_STEP][PASSED] - orPath_AddressContact = "Object Repository/RAD_Pages/AddressAndContactInfo_Page": null

2023-01-04 16:37:14 - [TEST_STEP][PASSED] - orPath_FilingStatus = "Object Repository/RAD_Pages/FilingStatus_Page": null

2023-01-04 16:37:14 - [TEST_STEP][PASSED] - orPath_Amount = "Object Repository/RAD_Pages/PaymentAmount_Page": null

2023-01-04 16:37:14 - [TEST_STEP][PASSED] - selectOptionByLabel(findTestObject(orPath_Landing + "/dd_TaxType"), Taxtype, false): All options with label 'Withholding Tax' are selected in object 'Object Repository/RAD_Pages/Landing_Page/dd_TaxType' 

2023-01-04 16:37:14 - [MESSAGE][PASSED] - All options with label 'Withholding Tax' are selected in object 'Object Repository/RAD_Pages/Landing_Page/dd_TaxType' 

2023-01-04 16:37:14 - [TEST_STEP][PASSED] - scrollToElement(findTestObject(orPath_Amount + "/input__paymentAmount"), 3): Scroll to object 'Object Repository/RAD_Pages/PaymentAmount_Page/input__paymentAmount' successfully

2023-01-04 16:37:15 - [MESSAGE][PASSED] - Scroll to object 'Object Repository/RAD_Pages/PaymentAmount_Page/input__paymentAmount' successfully

2023-01-04 16:37:15 - [TEST_STEP][PASSED] - setText(findTestObject(orPath_AddressContact + "/input_eMailAddress"), "imtiazster@gmail.com"): Text 'imtiazster@gmail.com' is set on object 'Object Repository/RAD_Pages/AddressAndContactInfo_Page/input_eMailAddress'

2023-01-04 16:37:16 - [MESSAGE][PASSED] - Text 'imtiazster@gmail.com' is set on object 'Object Repository/RAD_Pages/AddressAndContactInfo_Page/input_eMailAddress'

2023-01-04 16:37:16 - [TEST_STEP][PASSED] - setText(findTestObject(orPath_AddressContact + "/input_reEnterEMailAddress"), "iahmed@govolution.com"): Text 'iahmed@govolution.com' is set on object 'Object Repository/RAD_Pages/AddressAndContactInfo_Page/input_reEnterEMailAddress'

2023-01-04 16:37:17 - [MESSAGE][PASSED] - Text 'iahmed@govolution.com' is set on object 'Object Repository/RAD_Pages/AddressAndContactInfo_Page/input_reEnterEMailAddress'

2023-01-04 16:37:17 - [TEST_STEP][PASSED] - delay(2): Delayed 2 second(s)

2023-01-04 16:37:19 - [MESSAGE][PASSED] - Delayed 2 second(s)

2023-01-04 16:37:19 - [TEST_STEP][PASSED] - if (verifyTextPresent("The Email and Re-enter email do not match", true)): null

2023-01-04 16:37:19 - [MESSAGE][PASSED] - Text 'The Email and Re-enter email do not match' is present on page  using regular expression

2023-01-04 16:37:19 - [TEST_STEP][PASSED] - println("Emails Dont match text is present"): null

2023-01-04 16:37:19 - [TEST_STEP][PASSED] - out.println("Pass Record Number: " + row): null

2023-01-04 16:37:19 - [TEST_STEP][PASSED] - resText = "Pass": null

2023-01-04 16:37:19 - [TEST_STEP][PASSED] - pages.WriteExcel.demoKey(resText, datText, resColumn, datCloumn, fileLoc, nameSheet, row): pages.WriteExcel.demoKey is PASSED

2023-01-04 16:37:20 - [MESSAGE][PASSED] - pages.WriteExcel.demoKey is PASSED]]></system-out>
         <system-err><![CDATA[]]></system-err>
      </testcase>
      <testcase name="Test Cases/RAD_TestCases/Negative_TestCases/TaxPayerSSNNoMatch" time="33.485" classname="Test Cases/RAD_TestCases/Negative_TestCases/TaxPayerSSNNoMatch" status="PASSED">
         <system-out><![CDATA[2023-01-04 16:37:20 - [TEST_CASE][PASSED] - Test Cases/RAD_TestCases/Negative_TestCases/TaxPayerSSNNoMatch: Test Cases/RAD_TestCases/Negative_TestCases/TaxPayerSSNNoMatch

2023-01-04 16:37:20 - [TEST_STEP][PASSED] - resText = "Fail": null

2023-01-04 16:37:20 - [TEST_STEP][PASSED] - resColumn = "Result": null

2023-01-04 16:37:20 - [TEST_STEP][PASSED] - datCloumn = "Date": null

2023-01-04 16:37:20 - [TEST_STEP][PASSED] - fileLoc = "KatalonData/RADTestData/TaxPayerSSNNoMatch.xlsx": null

2023-01-04 16:37:20 - [TEST_STEP][PASSED] - nameSheet = "Sheet1": null

2023-01-04 16:37:20 - [TEST_STEP][PASSED] - dataFile = "RADTestData/TaxPayerSSNNoMatch": null

2023-01-04 16:37:20 - [TEST_STEP][PASSED] - ExecuteTC = <not implemented yet for class: org.codehaus.groovy.ast.expr.EmptyExpression>: null

2023-01-04 16:37:20 - [TEST_STEP][PASSED] - Taxtype = <not implemented yet for class: org.codehaus.groovy.ast.expr.EmptyExpression>: null

2023-01-04 16:37:20 - [TEST_STEP][PASSED] - numOfRows = findTestData(dataFile).getRowNumbers(): null

2023-01-04 16:37:20 - [TEST_STEP][PASSED] - println("Number of Records: " + numOfRows): null

2023-01-04 16:37:20 - [TEST_STEP][PASSED] - for ([row = 1, row <= numOfRows, (row++)]): null

2023-01-04 16:37:20 - [TEST_STEP][PASSED] - ExecuteTC = findTestData(dataFile).getValue("Execute", row): null

2023-01-04 16:37:20 - [TEST_STEP][PASSED] - out.println("Value of Execute is : " + ExecuteTC): null

2023-01-04 16:37:20 - [TEST_STEP][PASSED] - if (ExecuteTC.equalsIgnoreCase("Y")): null

2023-01-04 16:37:20 - [TEST_STEP][PASSED] - out.println("Begin Record Number: " + row): null

2023-01-04 16:37:20 - [TEST_STEP][PASSED] - today = new java.util.Date(): null

2023-01-04 16:37:20 - [TEST_STEP][PASSED] - println(today): null

2023-01-04 16:37:20 - [TEST_STEP][PASSED] - datText = today: null

2023-01-04 16:37:20 - [TEST_STEP][PASSED] - Taxtype = findTestData(dataFile).getValue("TaxType", row): null

2023-01-04 16:37:20 - [TEST_STEP][PASSED] - out.println("Taxtype value is : " + Taxtype): null

2023-01-04 16:37:20 - [TEST_STEP][PASSED] - openBrowser(""): Browser is opened with url: ''

2023-01-04 16:37:20 - [MESSAGE][WARNING] - A browser is already opened. Closing browser and opening a new one

2023-01-04 16:37:21 - [MESSAGE][INFO] - Starting 'Chrome' driver

2023-01-04 16:37:21 - [MESSAGE][INFO] - User set preference: ['acceptInsecureCerts', 'true']

2023-01-04 16:37:21 - [MESSAGE][INFO] - Action delay is set to 0 milliseconds

2023-01-04 16:37:23 - [MESSAGE][PASSED] - Browser is opened with url: ''

2023-01-04 16:37:23 - [TEST_STEP][PASSED] - maximizeWindow(): Current window maximized

2023-01-04 16:37:23 - [MESSAGE][PASSED] - Current window maximized

2023-01-04 16:37:23 - [TEST_STEP][PASSED] - navigateToUrl(RADurl): Navigate to 'https://qa.velocitypayment.com/client/rad/index.html' successfully

2023-01-04 16:37:25 - [MESSAGE][PASSED] - Navigate to 'https://qa.velocitypayment.com/client/rad/index.html' successfully

2023-01-04 16:37:25 - [TEST_STEP][PASSED] - orPath_Landing = "Object Repository/RAD_Pages/Landing_Page": null

2023-01-04 16:37:25 - [TEST_STEP][PASSED] - orPath_TaxTypeFilingYear = "Object Repository/RAD_Pages/TaxTypeFilingYear_Page": null

2023-01-04 16:37:25 - [TEST_STEP][PASSED] - orPath_TaxPayer = "Object Repository/RAD_Pages/Taxpayer_Page": null

2023-01-04 16:37:25 - [TEST_STEP][PASSED] - orPath_AddressContact = "Object Repository/RAD_Pages/AddressAndContactInfo_Page": null

2023-01-04 16:37:25 - [TEST_STEP][PASSED] - orPath_FilingStatus = "Object Repository/RAD_Pages/FilingStatus_Page": null

2023-01-04 16:37:25 - [TEST_STEP][PASSED] - orPath_Amount = "Object Repository/RAD_Pages/PaymentAmount_Page": null

2023-01-04 16:37:25 - [TEST_STEP][PASSED] - selectOptionByLabel(findTestObject(orPath_Landing + "/dd_TaxType"), Taxtype, false): All options with label 'Estimated Tax' are selected in object 'Object Repository/RAD_Pages/Landing_Page/dd_TaxType' 

2023-01-04 16:37:25 - [MESSAGE][PASSED] - All options with label 'Estimated Tax' are selected in object 'Object Repository/RAD_Pages/Landing_Page/dd_TaxType' 

2023-01-04 16:37:25 - [TEST_STEP][PASSED] - scrollToElement(findTestObject(orPath_TaxPayer + "/input_firstName"), 3): Scroll to object 'Object Repository/RAD_Pages/Taxpayer_Page/input_firstName' successfully

2023-01-04 16:37:26 - [MESSAGE][PASSED] - Scroll to object 'Object Repository/RAD_Pages/Taxpayer_Page/input_firstName' successfully

2023-01-04 16:37:26 - [TEST_STEP][PASSED] - setText(findTestObject("RAD_RecordAndPlay/input_concatSSN"), "111111111"): Text '111111111' is set on object 'Object Repository/RAD_RecordAndPlay/input_concatSSN'

2023-01-04 16:37:27 - [MESSAGE][PASSED] - Text '111111111' is set on object 'Object Repository/RAD_RecordAndPlay/input_concatSSN'

2023-01-04 16:37:27 - [TEST_STEP][PASSED] - setText(findTestObject("RAD_RecordAndPlay/input_concatReSSN"), "222222222"): Text '222222222' is set on object 'Object Repository/RAD_RecordAndPlay/input_concatReSSN'

2023-01-04 16:37:27 - [MESSAGE][PASSED] - Text '222222222' is set on object 'Object Repository/RAD_RecordAndPlay/input_concatReSSN'

2023-01-04 16:37:27 - [TEST_STEP][PASSED] - setText(findTestObject(orPath_TaxPayer + "/input_lastName"), "Anderson"): Text 'Anderson' is set on object 'Object Repository/RAD_Pages/Taxpayer_Page/input_lastName'

2023-01-04 16:37:29 - [MESSAGE][PASSED] - Text 'Anderson' is set on object 'Object Repository/RAD_Pages/Taxpayer_Page/input_lastName'

2023-01-04 16:37:29 - [TEST_STEP][PASSED] - delay(2): Delayed 2 second(s)

2023-01-04 16:37:31 - [MESSAGE][PASSED] - Delayed 2 second(s)

2023-01-04 16:37:31 - [TEST_STEP][PASSED] - if (verifyTextPresent("The SSN and Re-type SSN do not match", true)): null

2023-01-04 16:37:31 - [MESSAGE][PASSED] - Text 'The SSN and Re-type SSN do not match' is present on page  using regular expression

2023-01-04 16:37:31 - [TEST_STEP][PASSED] - println("Taxpayer SSN Dont match text is present"): null

2023-01-04 16:37:31 - [TEST_STEP][PASSED] - out.println("Pass Record Number: " + row): null

2023-01-04 16:37:31 - [TEST_STEP][PASSED] - resText = "Pass": null

2023-01-04 16:37:31 - [TEST_STEP][PASSED] - pages.WriteExcel.demoKey(resText, datText, resColumn, datCloumn, fileLoc, nameSheet, row): pages.WriteExcel.demoKey is PASSED

2023-01-04 16:37:31 - [MESSAGE][PASSED] - pages.WriteExcel.demoKey is PASSED

2023-01-04 16:37:31 - [TEST_STEP][PASSED] - ExecuteTC = findTestData(dataFile).getValue("Execute", row): null

2023-01-04 16:37:31 - [TEST_STEP][PASSED] - out.println("Value of Execute is : " + ExecuteTC): null

2023-01-04 16:37:31 - [TEST_STEP][PASSED] - if (ExecuteTC.equalsIgnoreCase("Y")): null

2023-01-04 16:37:31 - [TEST_STEP][PASSED] - out.println("Begin Record Number: " + row): null

2023-01-04 16:37:31 - [TEST_STEP][PASSED] - today = new java.util.Date(): null

2023-01-04 16:37:31 - [TEST_STEP][PASSED] - println(today): null

2023-01-04 16:37:31 - [TEST_STEP][PASSED] - datText = today: null

2023-01-04 16:37:31 - [TEST_STEP][PASSED] - Taxtype = findTestData(dataFile).getValue("TaxType", row): null

2023-01-04 16:37:31 - [TEST_STEP][PASSED] - out.println("Taxtype value is : " + Taxtype): null

2023-01-04 16:37:31 - [TEST_STEP][PASSED] - openBrowser(""): Browser is opened with url: ''

2023-01-04 16:37:31 - [MESSAGE][WARNING] - A browser is already opened. Closing browser and opening a new one

2023-01-04 16:37:32 - [MESSAGE][INFO] - Starting 'Chrome' driver

2023-01-04 16:37:32 - [MESSAGE][INFO] - User set preference: ['acceptInsecureCerts', 'true']

2023-01-04 16:37:32 - [MESSAGE][INFO] - Action delay is set to 0 milliseconds

2023-01-04 16:37:34 - [MESSAGE][PASSED] - Browser is opened with url: ''

2023-01-04 16:37:34 - [TEST_STEP][PASSED] - maximizeWindow(): Current window maximized

2023-01-04 16:37:34 - [MESSAGE][PASSED] - Current window maximized

2023-01-04 16:37:34 - [TEST_STEP][PASSED] - navigateToUrl(RADurl): Navigate to 'https://qa.velocitypayment.com/client/rad/index.html' successfully

2023-01-04 16:37:35 - [MESSAGE][PASSED] - Navigate to 'https://qa.velocitypayment.com/client/rad/index.html' successfully

2023-01-04 16:37:35 - [TEST_STEP][PASSED] - orPath_Landing = "Object Repository/RAD_Pages/Landing_Page": null

2023-01-04 16:37:35 - [TEST_STEP][PASSED] - orPath_TaxTypeFilingYear = "Object Repository/RAD_Pages/TaxTypeFilingYear_Page": null

2023-01-04 16:37:35 - [TEST_STEP][PASSED] - orPath_TaxPayer = "Object Repository/RAD_Pages/Taxpayer_Page": null

2023-01-04 16:37:35 - [TEST_STEP][PASSED] - orPath_AddressContact = "Object Repository/RAD_Pages/AddressAndContactInfo_Page": null

2023-01-04 16:37:35 - [TEST_STEP][PASSED] - orPath_FilingStatus = "Object Repository/RAD_Pages/FilingStatus_Page": null

2023-01-04 16:37:35 - [TEST_STEP][PASSED] - orPath_Amount = "Object Repository/RAD_Pages/PaymentAmount_Page": null

2023-01-04 16:37:35 - [TEST_STEP][PASSED] - selectOptionByLabel(findTestObject(orPath_Landing + "/dd_TaxType"), Taxtype, false): All options with label 'Personal Income Tax' are selected in object 'Object Repository/RAD_Pages/Landing_Page/dd_TaxType' 

2023-01-04 16:37:36 - [MESSAGE][PASSED] - All options with label 'Personal Income Tax' are selected in object 'Object Repository/RAD_Pages/Landing_Page/dd_TaxType' 

2023-01-04 16:37:36 - [TEST_STEP][PASSED] - scrollToElement(findTestObject(orPath_TaxPayer + "/input_firstName"), 3): Scroll to object 'Object Repository/RAD_Pages/Taxpayer_Page/input_firstName' successfully

2023-01-04 16:37:37 - [MESSAGE][PASSED] - Scroll to object 'Object Repository/RAD_Pages/Taxpayer_Page/input_firstName' successfully

2023-01-04 16:37:37 - [TEST_STEP][PASSED] - setText(findTestObject("RAD_RecordAndPlay/input_concatSSN"), "111111111"): Text '111111111' is set on object 'Object Repository/RAD_RecordAndPlay/input_concatSSN'

2023-01-04 16:37:38 - [MESSAGE][PASSED] - Text '111111111' is set on object 'Object Repository/RAD_RecordAndPlay/input_concatSSN'

2023-01-04 16:37:38 - [TEST_STEP][PASSED] - setText(findTestObject("RAD_RecordAndPlay/input_concatReSSN"), "222222222"): Text '222222222' is set on object 'Object Repository/RAD_RecordAndPlay/input_concatReSSN'

2023-01-04 16:37:38 - [MESSAGE][PASSED] - Text '222222222' is set on object 'Object Repository/RAD_RecordAndPlay/input_concatReSSN'

2023-01-04 16:37:38 - [TEST_STEP][PASSED] - setText(findTestObject(orPath_TaxPayer + "/input_lastName"), "Anderson"): Text 'Anderson' is set on object 'Object Repository/RAD_Pages/Taxpayer_Page/input_lastName'

2023-01-04 16:37:40 - [MESSAGE][PASSED] - Text 'Anderson' is set on object 'Object Repository/RAD_Pages/Taxpayer_Page/input_lastName'

2023-01-04 16:37:40 - [TEST_STEP][PASSED] - delay(2): Delayed 2 second(s)

2023-01-04 16:37:42 - [MESSAGE][PASSED] - Delayed 2 second(s)

2023-01-04 16:37:42 - [TEST_STEP][PASSED] - if (verifyTextPresent("The SSN and Re-type SSN do not match", true)): null

2023-01-04 16:37:42 - [MESSAGE][PASSED] - Text 'The SSN and Re-type SSN do not match' is present on page  using regular expression

2023-01-04 16:37:42 - [TEST_STEP][PASSED] - println("Taxpayer SSN Dont match text is present"): null

2023-01-04 16:37:42 - [TEST_STEP][PASSED] - out.println("Pass Record Number: " + row): null

2023-01-04 16:37:42 - [TEST_STEP][PASSED] - resText = "Pass": null

2023-01-04 16:37:42 - [TEST_STEP][PASSED] - pages.WriteExcel.demoKey(resText, datText, resColumn, datCloumn, fileLoc, nameSheet, row): pages.WriteExcel.demoKey is PASSED

2023-01-04 16:37:42 - [MESSAGE][PASSED] - pages.WriteExcel.demoKey is PASSED

2023-01-04 16:37:42 - [TEST_STEP][PASSED] - ExecuteTC = findTestData(dataFile).getValue("Execute", row): null

2023-01-04 16:37:42 - [TEST_STEP][PASSED] - out.println("Value of Execute is : " + ExecuteTC): null

2023-01-04 16:37:42 - [TEST_STEP][PASSED] - if (ExecuteTC.equalsIgnoreCase("Y")): null

2023-01-04 16:37:42 - [TEST_STEP][PASSED] - out.println("Begin Record Number: " + row): null

2023-01-04 16:37:42 - [TEST_STEP][PASSED] - today = new java.util.Date(): null

2023-01-04 16:37:42 - [TEST_STEP][PASSED] - println(today): null

2023-01-04 16:37:42 - [TEST_STEP][PASSED] - datText = today: null

2023-01-04 16:37:42 - [TEST_STEP][PASSED] - Taxtype = findTestData(dataFile).getValue("TaxType", row): null

2023-01-04 16:37:42 - [TEST_STEP][PASSED] - out.println("Taxtype value is : " + Taxtype): null

2023-01-04 16:37:42 - [TEST_STEP][PASSED] - openBrowser(""): Browser is opened with url: ''

2023-01-04 16:37:42 - [MESSAGE][WARNING] - A browser is already opened. Closing browser and opening a new one

2023-01-04 16:37:43 - [MESSAGE][INFO] - Starting 'Chrome' driver

2023-01-04 16:37:43 - [MESSAGE][INFO] - User set preference: ['acceptInsecureCerts', 'true']

2023-01-04 16:37:43 - [MESSAGE][INFO] - Action delay is set to 0 milliseconds

2023-01-04 16:37:45 - [MESSAGE][PASSED] - Browser is opened with url: ''

2023-01-04 16:37:45 - [TEST_STEP][PASSED] - maximizeWindow(): Current window maximized

2023-01-04 16:37:45 - [MESSAGE][PASSED] - Current window maximized

2023-01-04 16:37:45 - [TEST_STEP][PASSED] - navigateToUrl(RADurl): Navigate to 'https://qa.velocitypayment.com/client/rad/index.html' successfully

2023-01-04 16:37:47 - [MESSAGE][PASSED] - Navigate to 'https://qa.velocitypayment.com/client/rad/index.html' successfully

2023-01-04 16:37:47 - [TEST_STEP][PASSED] - orPath_Landing = "Object Repository/RAD_Pages/Landing_Page": null

2023-01-04 16:37:47 - [TEST_STEP][PASSED] - orPath_TaxTypeFilingYear = "Object Repository/RAD_Pages/TaxTypeFilingYear_Page": null

2023-01-04 16:37:47 - [TEST_STEP][PASSED] - orPath_TaxPayer = "Object Repository/RAD_Pages/Taxpayer_Page": null

2023-01-04 16:37:47 - [TEST_STEP][PASSED] - orPath_AddressContact = "Object Repository/RAD_Pages/AddressAndContactInfo_Page": null

2023-01-04 16:37:47 - [TEST_STEP][PASSED] - orPath_FilingStatus = "Object Repository/RAD_Pages/FilingStatus_Page": null

2023-01-04 16:37:47 - [TEST_STEP][PASSED] - orPath_Amount = "Object Repository/RAD_Pages/PaymentAmount_Page": null

2023-01-04 16:37:47 - [TEST_STEP][PASSED] - selectOptionByLabel(findTestObject(orPath_Landing + "/dd_TaxType"), Taxtype, false): All options with label 'Extension Payments' are selected in object 'Object Repository/RAD_Pages/Landing_Page/dd_TaxType' 

2023-01-04 16:37:47 - [MESSAGE][PASSED] - All options with label 'Extension Payments' are selected in object 'Object Repository/RAD_Pages/Landing_Page/dd_TaxType' 

2023-01-04 16:37:47 - [TEST_STEP][PASSED] - scrollToElement(findTestObject(orPath_TaxPayer + "/input_firstName"), 3): Scroll to object 'Object Repository/RAD_Pages/Taxpayer_Page/input_firstName' successfully

2023-01-04 16:37:48 - [MESSAGE][PASSED] - Scroll to object 'Object Repository/RAD_Pages/Taxpayer_Page/input_firstName' successfully

2023-01-04 16:37:48 - [TEST_STEP][PASSED] - setText(findTestObject("RAD_RecordAndPlay/input_concatSSN"), "111111111"): Text '111111111' is set on object 'Object Repository/RAD_RecordAndPlay/input_concatSSN'

2023-01-04 16:37:48 - [MESSAGE][PASSED] - Text '111111111' is set on object 'Object Repository/RAD_RecordAndPlay/input_concatSSN'

2023-01-04 16:37:48 - [TEST_STEP][PASSED] - setText(findTestObject("RAD_RecordAndPlay/input_concatReSSN"), "222222222"): Text '222222222' is set on object 'Object Repository/RAD_RecordAndPlay/input_concatReSSN'

2023-01-04 16:37:49 - [MESSAGE][PASSED] - Text '222222222' is set on object 'Object Repository/RAD_RecordAndPlay/input_concatReSSN'

2023-01-04 16:37:49 - [TEST_STEP][PASSED] - setText(findTestObject(orPath_TaxPayer + "/input_lastName"), "Anderson"): Text 'Anderson' is set on object 'Object Repository/RAD_Pages/Taxpayer_Page/input_lastName'

2023-01-04 16:37:50 - [MESSAGE][PASSED] - Text 'Anderson' is set on object 'Object Repository/RAD_Pages/Taxpayer_Page/input_lastName'

2023-01-04 16:37:50 - [TEST_STEP][PASSED] - delay(2): Delayed 2 second(s)

2023-01-04 16:37:52 - [MESSAGE][PASSED] - Delayed 2 second(s)

2023-01-04 16:37:52 - [TEST_STEP][PASSED] - if (verifyTextPresent("The SSN and Re-type SSN do not match", true)): null

2023-01-04 16:37:53 - [MESSAGE][PASSED] - Text 'The SSN and Re-type SSN do not match' is present on page  using regular expression

2023-01-04 16:37:53 - [TEST_STEP][PASSED] - println("Taxpayer SSN Dont match text is present"): null

2023-01-04 16:37:53 - [TEST_STEP][PASSED] - out.println("Pass Record Number: " + row): null

2023-01-04 16:37:53 - [TEST_STEP][PASSED] - resText = "Pass": null

2023-01-04 16:37:53 - [TEST_STEP][PASSED] - pages.WriteExcel.demoKey(resText, datText, resColumn, datCloumn, fileLoc, nameSheet, row): pages.WriteExcel.demoKey is PASSED

2023-01-04 16:37:53 - [MESSAGE][PASSED] - pages.WriteExcel.demoKey is PASSED]]></system-out>
         <system-err><![CDATA[]]></system-err>
      </testcase>
      <testcase name="Test Cases/RAD_TestCases/Negative_TestCases/JointFilerSSNNoMatch" time="43.205" classname="Test Cases/RAD_TestCases/Negative_TestCases/JointFilerSSNNoMatch" status="PASSED">
         <system-out><![CDATA[2023-01-04 16:37:53 - [TEST_CASE][PASSED] - Test Cases/RAD_TestCases/Negative_TestCases/JointFilerSSNNoMatch: Test Cases/RAD_TestCases/Negative_TestCases/JointFilerSSNNoMatch

2023-01-04 16:37:53 - [TEST_STEP][PASSED] - orPath_Landing = "Object Repository/RAD_Pages/Landing_Page": null

2023-01-04 16:37:53 - [TEST_STEP][PASSED] - orPath_Amount = "Object Repository/RAD_Pages/PaymentAmount_Page": null

2023-01-04 16:37:53 - [TEST_STEP][PASSED] - orPath_FilingStatus = "Object Repository/RAD_Pages/FilingStatus_Page": null

2023-01-04 16:37:53 - [TEST_STEP][PASSED] - orPath_TaxPayer = "Object Repository/RAD_Pages/Taxpayer_Page": null

2023-01-04 16:37:53 - [TEST_STEP][PASSED] - taxTypeDropList = ["Estimated Tax", "Personal Income Tax", "Extension Payments"]: null

2023-01-04 16:37:53 - [TEST_STEP][PASSED] - listSize = taxTypeDropList.size(): null

2023-01-04 16:37:53 - [TEST_STEP][PASSED] - println(listSize): null

2023-01-04 16:37:53 - [TEST_STEP][PASSED] - for ([i = 0, i < listSize, (i++)]): Text 'The SSN and Re-type SSN do not match.' is present on page  using regular expression

2023-01-04 16:37:53 - [TEST_STEP][PASSED] - openBrowser(""): Browser is opened with url: ''

2023-01-04 16:37:53 - [MESSAGE][WARNING] - A browser is already opened. Closing browser and opening a new one

2023-01-04 16:37:54 - [MESSAGE][INFO] - Starting 'Chrome' driver

2023-01-04 16:37:54 - [MESSAGE][INFO] - User set preference: ['acceptInsecureCerts', 'true']

2023-01-04 16:37:54 - [MESSAGE][INFO] - Action delay is set to 0 milliseconds

2023-01-04 16:37:56 - [MESSAGE][PASSED] - Browser is opened with url: ''

2023-01-04 16:37:56 - [TEST_STEP][PASSED] - maximizeWindow(): Current window maximized

2023-01-04 16:37:56 - [MESSAGE][PASSED] - Current window maximized

2023-01-04 16:37:56 - [TEST_STEP][PASSED] - navigateToUrl(RADurl): Navigate to 'https://qa.velocitypayment.com/client/rad/index.html' successfully

2023-01-04 16:37:58 - [MESSAGE][PASSED] - Navigate to 'https://qa.velocitypayment.com/client/rad/index.html' successfully

2023-01-04 16:37:58 - [TEST_STEP][PASSED] - out.println("Value of taxTypeDropList : " + taxTypeDropList[i]): null

2023-01-04 16:37:58 - [TEST_STEP][PASSED] - selectOptionByLabel(findTestObject(orPath_Landing + "/dd_TaxType"), taxTypeDropList[i], false): All options with label 'Estimated Tax' are selected in object 'Object Repository/RAD_Pages/Landing_Page/dd_TaxType' 

2023-01-04 16:37:58 - [MESSAGE][PASSED] - All options with label 'Estimated Tax' are selected in object 'Object Repository/RAD_Pages/Landing_Page/dd_TaxType' 

2023-01-04 16:37:58 - [TEST_STEP][PASSED] - setText(findTestObject(orPath_TaxPayer + "/input_lastName"), "Anderson"): Text 'Anderson' is set on object 'Object Repository/RAD_Pages/Taxpayer_Page/input_lastName'

2023-01-04 16:37:59 - [MESSAGE][PASSED] - Text 'Anderson' is set on object 'Object Repository/RAD_Pages/Taxpayer_Page/input_lastName'

2023-01-04 16:37:59 - [TEST_STEP][PASSED] - setText(findTestObject("RAD_RecordAndPlay/input_concatSSN"), "123441234"): Text '123441234' is set on object 'Object Repository/RAD_RecordAndPlay/input_concatSSN'

2023-01-04 16:38:00 - [MESSAGE][PASSED] - Text '123441234' is set on object 'Object Repository/RAD_RecordAndPlay/input_concatSSN'

2023-01-04 16:38:00 - [TEST_STEP][PASSED] - setText(findTestObject("RAD_RecordAndPlay/input_concatReSSN"), "123441234"): Text '123441234' is set on object 'Object Repository/RAD_RecordAndPlay/input_concatReSSN'

2023-01-04 16:38:01 - [MESSAGE][PASSED] - Text '123441234' is set on object 'Object Repository/RAD_RecordAndPlay/input_concatReSSN'

2023-01-04 16:38:01 - [TEST_STEP][PASSED] - scrollToElement(findTestObject(orPath_Amount + "/input__paymentAmount"), 3): Scroll to object 'Object Repository/RAD_Pages/PaymentAmount_Page/input__paymentAmount' successfully

2023-01-04 16:38:01 - [MESSAGE][PASSED] - Scroll to object 'Object Repository/RAD_Pages/PaymentAmount_Page/input__paymentAmount' successfully

2023-01-04 16:38:01 - [TEST_STEP][PASSED] - waitForElementClickable(findTestObject(orPath_FilingStatus + "/input_userType_Joint"), 5): Object 'Object Repository/RAD_Pages/FilingStatus_Page/input_userType_Joint' is clickable

2023-01-04 16:38:02 - [MESSAGE][PASSED] - Object 'Object Repository/RAD_Pages/FilingStatus_Page/input_userType_Joint' is clickable

2023-01-04 16:38:02 - [TEST_STEP][PASSED] - click(findTestObject(orPath_FilingStatus + "/input_userType_Joint")): Object: 'Object Repository/RAD_Pages/FilingStatus_Page/input_userType_Joint' is clicked on

2023-01-04 16:38:02 - [MESSAGE][PASSED] - Object: 'Object Repository/RAD_Pages/FilingStatus_Page/input_userType_Joint' is clicked on

2023-01-04 16:38:02 - [TEST_STEP][PASSED] - setText(findTestObject(orPath_FilingStatus + "/input_jointLastName"), "Broad"): Text 'Broad' is set on object 'Object Repository/RAD_Pages/FilingStatus_Page/input_jointLastName'

2023-01-04 16:38:03 - [MESSAGE][PASSED] - Text 'Broad' is set on object 'Object Repository/RAD_Pages/FilingStatus_Page/input_jointLastName'

2023-01-04 16:38:03 - [TEST_STEP][PASSED] - setText(findTestObject("Object Repository/RAD_RecordAndPlay/input_JointFilerSSN"), "111116523"): Text '111116523' is set on object 'Object Repository/RAD_RecordAndPlay/input_JointFilerSSN'

2023-01-04 16:38:04 - [MESSAGE][PASSED] - Text '111116523' is set on object 'Object Repository/RAD_RecordAndPlay/input_JointFilerSSN'

2023-01-04 16:38:04 - [TEST_STEP][PASSED] - setText(findTestObject("Object Repository/RAD_RecordAndPlay/input_reTypeJointFilerSSN"), "222226523"): Text '222226523' is set on object 'Object Repository/RAD_RecordAndPlay/input_reTypeJointFilerSSN'

2023-01-04 16:38:04 - [MESSAGE][PASSED] - Text '222226523' is set on object 'Object Repository/RAD_RecordAndPlay/input_reTypeJointFilerSSN'

2023-01-04 16:38:05 - [TEST_STEP][PASSED] - setText(findTestObject(orPath_FilingStatus + "/input_jointSuffix"), ""): Text '' is set on object 'Object Repository/RAD_Pages/FilingStatus_Page/input_jointSuffix'

2023-01-04 16:38:05 - [MESSAGE][PASSED] - Text '' is set on object 'Object Repository/RAD_Pages/FilingStatus_Page/input_jointSuffix'

2023-01-04 16:38:05 - [TEST_STEP][PASSED] - delay(2): Delayed 2 second(s)

2023-01-04 16:38:07 - [MESSAGE][PASSED] - Delayed 2 second(s)

2023-01-04 16:38:07 - [TEST_STEP][PASSED] - verifyTextPresent("The SSN and Re-type SSN do not match.", true): Text 'The SSN and Re-type SSN do not match.' is present on page  using regular expression

2023-01-04 16:38:08 - [MESSAGE][PASSED] - Text 'The SSN and Re-type SSN do not match.' is present on page  using regular expression

2023-01-04 16:38:08 - [TEST_STEP][PASSED] - openBrowser(""): Browser is opened with url: ''

2023-01-04 16:38:08 - [MESSAGE][WARNING] - A browser is already opened. Closing browser and opening a new one

2023-01-04 16:38:09 - [MESSAGE][INFO] - Starting 'Chrome' driver

2023-01-04 16:38:09 - [MESSAGE][INFO] - User set preference: ['acceptInsecureCerts', 'true']

2023-01-04 16:38:09 - [MESSAGE][INFO] - Action delay is set to 0 milliseconds

2023-01-04 16:38:10 - [MESSAGE][PASSED] - Browser is opened with url: ''

2023-01-04 16:38:10 - [TEST_STEP][PASSED] - maximizeWindow(): Current window maximized

2023-01-04 16:38:10 - [MESSAGE][PASSED] - Current window maximized

2023-01-04 16:38:10 - [TEST_STEP][PASSED] - navigateToUrl(RADurl): Navigate to 'https://qa.velocitypayment.com/client/rad/index.html' successfully

2023-01-04 16:38:12 - [MESSAGE][PASSED] - Navigate to 'https://qa.velocitypayment.com/client/rad/index.html' successfully

2023-01-04 16:38:12 - [TEST_STEP][PASSED] - out.println("Value of taxTypeDropList : " + taxTypeDropList[i]): null

2023-01-04 16:38:12 - [TEST_STEP][PASSED] - selectOptionByLabel(findTestObject(orPath_Landing + "/dd_TaxType"), taxTypeDropList[i], false): All options with label 'Personal Income Tax' are selected in object 'Object Repository/RAD_Pages/Landing_Page/dd_TaxType' 

2023-01-04 16:38:13 - [MESSAGE][PASSED] - All options with label 'Personal Income Tax' are selected in object 'Object Repository/RAD_Pages/Landing_Page/dd_TaxType' 

2023-01-04 16:38:13 - [TEST_STEP][PASSED] - setText(findTestObject(orPath_TaxPayer + "/input_lastName"), "Anderson"): Text 'Anderson' is set on object 'Object Repository/RAD_Pages/Taxpayer_Page/input_lastName'

2023-01-04 16:38:13 - [MESSAGE][PASSED] - Text 'Anderson' is set on object 'Object Repository/RAD_Pages/Taxpayer_Page/input_lastName'

2023-01-04 16:38:13 - [TEST_STEP][PASSED] - setText(findTestObject("RAD_RecordAndPlay/input_concatSSN"), "123441234"): Text '123441234' is set on object 'Object Repository/RAD_RecordAndPlay/input_concatSSN'

2023-01-04 16:38:14 - [MESSAGE][PASSED] - Text '123441234' is set on object 'Object Repository/RAD_RecordAndPlay/input_concatSSN'

2023-01-04 16:38:14 - [TEST_STEP][PASSED] - setText(findTestObject("RAD_RecordAndPlay/input_concatReSSN"), "123441234"): Text '123441234' is set on object 'Object Repository/RAD_RecordAndPlay/input_concatReSSN'

2023-01-04 16:38:15 - [MESSAGE][PASSED] - Text '123441234' is set on object 'Object Repository/RAD_RecordAndPlay/input_concatReSSN'

2023-01-04 16:38:15 - [TEST_STEP][PASSED] - scrollToElement(findTestObject(orPath_Amount + "/input__paymentAmount"), 3): Scroll to object 'Object Repository/RAD_Pages/PaymentAmount_Page/input__paymentAmount' successfully

2023-01-04 16:38:15 - [MESSAGE][PASSED] - Scroll to object 'Object Repository/RAD_Pages/PaymentAmount_Page/input__paymentAmount' successfully

2023-01-04 16:38:15 - [TEST_STEP][PASSED] - waitForElementClickable(findTestObject(orPath_FilingStatus + "/input_userType_Joint"), 5): Object 'Object Repository/RAD_Pages/FilingStatus_Page/input_userType_Joint' is clickable

2023-01-04 16:38:16 - [MESSAGE][PASSED] - Object 'Object Repository/RAD_Pages/FilingStatus_Page/input_userType_Joint' is clickable

2023-01-04 16:38:16 - [TEST_STEP][PASSED] - click(findTestObject(orPath_FilingStatus + "/input_userType_Joint")): Object: 'Object Repository/RAD_Pages/FilingStatus_Page/input_userType_Joint' is clicked on

2023-01-04 16:38:16 - [MESSAGE][PASSED] - Object: 'Object Repository/RAD_Pages/FilingStatus_Page/input_userType_Joint' is clicked on

2023-01-04 16:38:16 - [TEST_STEP][PASSED] - setText(findTestObject(orPath_FilingStatus + "/input_jointLastName"), "Broad"): Text 'Broad' is set on object 'Object Repository/RAD_Pages/FilingStatus_Page/input_jointLastName'

2023-01-04 16:38:17 - [MESSAGE][PASSED] - Text 'Broad' is set on object 'Object Repository/RAD_Pages/FilingStatus_Page/input_jointLastName'

2023-01-04 16:38:17 - [TEST_STEP][PASSED] - setText(findTestObject("Object Repository/RAD_RecordAndPlay/input_JointFilerSSN"), "111116523"): Text '111116523' is set on object 'Object Repository/RAD_RecordAndPlay/input_JointFilerSSN'

2023-01-04 16:38:18 - [MESSAGE][PASSED] - Text '111116523' is set on object 'Object Repository/RAD_RecordAndPlay/input_JointFilerSSN'

2023-01-04 16:38:18 - [TEST_STEP][PASSED] - setText(findTestObject("Object Repository/RAD_RecordAndPlay/input_reTypeJointFilerSSN"), "222226523"): Text '222226523' is set on object 'Object Repository/RAD_RecordAndPlay/input_reTypeJointFilerSSN'

2023-01-04 16:38:19 - [MESSAGE][PASSED] - Text '222226523' is set on object 'Object Repository/RAD_RecordAndPlay/input_reTypeJointFilerSSN'

2023-01-04 16:38:19 - [TEST_STEP][PASSED] - setText(findTestObject(orPath_FilingStatus + "/input_jointSuffix"), ""): Text '' is set on object 'Object Repository/RAD_Pages/FilingStatus_Page/input_jointSuffix'

2023-01-04 16:38:19 - [MESSAGE][PASSED] - Text '' is set on object 'Object Repository/RAD_Pages/FilingStatus_Page/input_jointSuffix'

2023-01-04 16:38:19 - [TEST_STEP][PASSED] - delay(2): Delayed 2 second(s)

2023-01-04 16:38:21 - [MESSAGE][PASSED] - Delayed 2 second(s)

2023-01-04 16:38:21 - [TEST_STEP][PASSED] - verifyTextPresent("The SSN and Re-type SSN do not match.", true): Text 'The SSN and Re-type SSN do not match.' is present on page  using regular expression

2023-01-04 16:38:22 - [MESSAGE][PASSED] - Text 'The SSN and Re-type SSN do not match.' is present on page  using regular expression

2023-01-04 16:38:22 - [TEST_STEP][PASSED] - openBrowser(""): Browser is opened with url: ''

2023-01-04 16:38:22 - [MESSAGE][WARNING] - A browser is already opened. Closing browser and opening a new one

2023-01-04 16:38:23 - [MESSAGE][INFO] - Starting 'Chrome' driver

2023-01-04 16:38:23 - [MESSAGE][INFO] - User set preference: ['acceptInsecureCerts', 'true']

2023-01-04 16:38:23 - [MESSAGE][INFO] - Action delay is set to 0 milliseconds

2023-01-04 16:38:24 - [MESSAGE][PASSED] - Browser is opened with url: ''

2023-01-04 16:38:24 - [TEST_STEP][PASSED] - maximizeWindow(): Current window maximized

2023-01-04 16:38:24 - [MESSAGE][PASSED] - Current window maximized

2023-01-04 16:38:24 - [TEST_STEP][PASSED] - navigateToUrl(RADurl): Navigate to 'https://qa.velocitypayment.com/client/rad/index.html' successfully

2023-01-04 16:38:26 - [MESSAGE][PASSED] - Navigate to 'https://qa.velocitypayment.com/client/rad/index.html' successfully

2023-01-04 16:38:26 - [TEST_STEP][PASSED] - out.println("Value of taxTypeDropList : " + taxTypeDropList[i]): null

2023-01-04 16:38:26 - [TEST_STEP][PASSED] - selectOptionByLabel(findTestObject(orPath_Landing + "/dd_TaxType"), taxTypeDropList[i], false): All options with label 'Extension Payments' are selected in object 'Object Repository/RAD_Pages/Landing_Page/dd_TaxType' 

2023-01-04 16:38:27 - [MESSAGE][PASSED] - All options with label 'Extension Payments' are selected in object 'Object Repository/RAD_Pages/Landing_Page/dd_TaxType' 

2023-01-04 16:38:27 - [TEST_STEP][PASSED] - setText(findTestObject(orPath_TaxPayer + "/input_lastName"), "Anderson"): Text 'Anderson' is set on object 'Object Repository/RAD_Pages/Taxpayer_Page/input_lastName'

2023-01-04 16:38:28 - [MESSAGE][PASSED] - Text 'Anderson' is set on object 'Object Repository/RAD_Pages/Taxpayer_Page/input_lastName'

2023-01-04 16:38:28 - [TEST_STEP][PASSED] - setText(findTestObject("RAD_RecordAndPlay/input_concatSSN"), "123441234"): Text '123441234' is set on object 'Object Repository/RAD_RecordAndPlay/input_concatSSN'

2023-01-04 16:38:29 - [MESSAGE][PASSED] - Text '123441234' is set on object 'Object Repository/RAD_RecordAndPlay/input_concatSSN'

2023-01-04 16:38:29 - [TEST_STEP][PASSED] - setText(findTestObject("RAD_RecordAndPlay/input_concatReSSN"), "123441234"): Text '123441234' is set on object 'Object Repository/RAD_RecordAndPlay/input_concatReSSN'

2023-01-04 16:38:29 - [MESSAGE][PASSED] - Text '123441234' is set on object 'Object Repository/RAD_RecordAndPlay/input_concatReSSN'

2023-01-04 16:38:29 - [TEST_STEP][PASSED] - scrollToElement(findTestObject(orPath_Amount + "/input__paymentAmount"), 3): Scroll to object 'Object Repository/RAD_Pages/PaymentAmount_Page/input__paymentAmount' successfully

2023-01-04 16:38:30 - [MESSAGE][PASSED] - Scroll to object 'Object Repository/RAD_Pages/PaymentAmount_Page/input__paymentAmount' successfully

2023-01-04 16:38:30 - [TEST_STEP][PASSED] - waitForElementClickable(findTestObject(orPath_FilingStatus + "/input_userType_Joint"), 5): Object 'Object Repository/RAD_Pages/FilingStatus_Page/input_userType_Joint' is clickable

2023-01-04 16:38:30 - [MESSAGE][PASSED] - Object 'Object Repository/RAD_Pages/FilingStatus_Page/input_userType_Joint' is clickable

2023-01-04 16:38:30 - [TEST_STEP][PASSED] - click(findTestObject(orPath_FilingStatus + "/input_userType_Joint")): Object: 'Object Repository/RAD_Pages/FilingStatus_Page/input_userType_Joint' is clicked on

2023-01-04 16:38:31 - [MESSAGE][PASSED] - Object: 'Object Repository/RAD_Pages/FilingStatus_Page/input_userType_Joint' is clicked on

2023-01-04 16:38:31 - [TEST_STEP][PASSED] - setText(findTestObject(orPath_FilingStatus + "/input_jointLastName"), "Broad"): Text 'Broad' is set on object 'Object Repository/RAD_Pages/FilingStatus_Page/input_jointLastName'

2023-01-04 16:38:31 - [MESSAGE][PASSED] - Text 'Broad' is set on object 'Object Repository/RAD_Pages/FilingStatus_Page/input_jointLastName'

2023-01-04 16:38:31 - [TEST_STEP][PASSED] - setText(findTestObject("Object Repository/RAD_RecordAndPlay/input_JointFilerSSN"), "111116523"): Text '111116523' is set on object 'Object Repository/RAD_RecordAndPlay/input_JointFilerSSN'

2023-01-04 16:38:32 - [MESSAGE][PASSED] - Text '111116523' is set on object 'Object Repository/RAD_RecordAndPlay/input_JointFilerSSN'

2023-01-04 16:38:32 - [TEST_STEP][PASSED] - setText(findTestObject("Object Repository/RAD_RecordAndPlay/input_reTypeJointFilerSSN"), "222226523"): Text '222226523' is set on object 'Object Repository/RAD_RecordAndPlay/input_reTypeJointFilerSSN'

2023-01-04 16:38:33 - [MESSAGE][PASSED] - Text '222226523' is set on object 'Object Repository/RAD_RecordAndPlay/input_reTypeJointFilerSSN'

2023-01-04 16:38:33 - [TEST_STEP][PASSED] - setText(findTestObject(orPath_FilingStatus + "/input_jointSuffix"), ""): Text '' is set on object 'Object Repository/RAD_Pages/FilingStatus_Page/input_jointSuffix'

2023-01-04 16:38:34 - [MESSAGE][PASSED] - Text '' is set on object 'Object Repository/RAD_Pages/FilingStatus_Page/input_jointSuffix'

2023-01-04 16:38:34 - [TEST_STEP][PASSED] - delay(2): Delayed 2 second(s)

2023-01-04 16:38:36 - [MESSAGE][PASSED] - Delayed 2 second(s)

2023-01-04 16:38:36 - [TEST_STEP][PASSED] - verifyTextPresent("The SSN and Re-type SSN do not match.", true): Text 'The SSN and Re-type SSN do not match.' is present on page  using regular expression

2023-01-04 16:38:36 - [MESSAGE][PASSED] - Text 'The SSN and Re-type SSN do not match.' is present on page  using regular expression]]></system-out>
         <system-err><![CDATA[]]></system-err>
      </testcase>
      <testcase name="Test Cases/RAD_TestCases/Negative_TestCases/SSNjointFilerMoreThan9Error" time="29.23" classname="Test Cases/RAD_TestCases/Negative_TestCases/SSNjointFilerMoreThan9Error" status="PASSED">
         <system-out><![CDATA[2023-01-04 16:38:36 - [TEST_CASE][PASSED] - Test Cases/RAD_TestCases/Negative_TestCases/SSNjointFilerMoreThan9Error: Test Cases/RAD_TestCases/Negative_TestCases/SSNjointFilerMoreThan9Error

2023-01-04 16:38:37 - [TEST_STEP][PASSED] - orPath_Landing = "Object Repository/RAD_Pages/Landing_Page": null

2023-01-04 16:38:37 - [TEST_STEP][PASSED] - orPath_Amount = "Object Repository/RAD_Pages/PaymentAmount_Page": null

2023-01-04 16:38:37 - [TEST_STEP][PASSED] - orPath_FilingStatus = "Object Repository/RAD_Pages/FilingStatus_Page": null

2023-01-04 16:38:37 - [TEST_STEP][PASSED] - orPath_TaxPayer = "Object Repository/RAD_Pages/Taxpayer_Page": null

2023-01-04 16:38:37 - [TEST_STEP][PASSED] - orPath_TaxInfo = "Object Repository/RAD_Pages/TaxInfo_Page": null

2023-01-04 16:38:37 - [TEST_STEP][PASSED] - taxTypeDropList = ["Estimated Tax", "Personal Income Tax", "Extension Payments"]: null

2023-01-04 16:38:37 - [TEST_STEP][PASSED] - listSize = taxTypeDropList.size(): null

2023-01-04 16:38:37 - [TEST_STEP][PASSED] - println(listSize): null

2023-01-04 16:38:37 - [TEST_STEP][PASSED] - for ([i = 0, i < listSize, (i++)]): Browser is closed

2023-01-04 16:38:37 - [TEST_STEP][PASSED] - openBrowser(""): Browser is opened with url: ''

2023-01-04 16:38:37 - [MESSAGE][WARNING] - A browser is already opened. Closing browser and opening a new one

2023-01-04 16:38:37 - [MESSAGE][INFO] - Starting 'Chrome' driver

2023-01-04 16:38:37 - [MESSAGE][INFO] - User set preference: ['acceptInsecureCerts', 'true']

2023-01-04 16:38:37 - [MESSAGE][INFO] - Action delay is set to 0 milliseconds

2023-01-04 16:38:39 - [MESSAGE][PASSED] - Browser is opened with url: ''

2023-01-04 16:38:39 - [TEST_STEP][PASSED] - maximizeWindow(): Current window maximized

2023-01-04 16:38:39 - [MESSAGE][PASSED] - Current window maximized

2023-01-04 16:38:39 - [TEST_STEP][PASSED] - navigateToUrl(RADurl): Navigate to 'https://qa.velocitypayment.com/client/rad/index.html' successfully

2023-01-04 16:38:41 - [MESSAGE][PASSED] - Navigate to 'https://qa.velocitypayment.com/client/rad/index.html' successfully

2023-01-04 16:38:41 - [TEST_STEP][PASSED] - out.println("Value of taxTypeDropList : " + taxTypeDropList[i]): null

2023-01-04 16:38:41 - [TEST_STEP][PASSED] - selectOptionByLabel(findTestObject(orPath_Landing + "/dd_TaxType"), taxTypeDropList[i], false): All options with label 'Estimated Tax' are selected in object 'Object Repository/RAD_Pages/Landing_Page/dd_TaxType' 

2023-01-04 16:38:42 - [MESSAGE][PASSED] - All options with label 'Estimated Tax' are selected in object 'Object Repository/RAD_Pages/Landing_Page/dd_TaxType' 

2023-01-04 16:38:42 - [TEST_STEP][PASSED] - scrollToElement(findTestObject(orPath_Amount + "/input__paymentAmount"), 3): Scroll to object 'Object Repository/RAD_Pages/PaymentAmount_Page/input__paymentAmount' successfully

2023-01-04 16:38:42 - [MESSAGE][PASSED] - Scroll to object 'Object Repository/RAD_Pages/PaymentAmount_Page/input__paymentAmount' successfully

2023-01-04 16:38:42 - [TEST_STEP][PASSED] - waitForElementClickable(findTestObject(orPath_FilingStatus + "/input_userType_Joint"), 5): Object 'Object Repository/RAD_Pages/FilingStatus_Page/input_userType_Joint' is clickable

2023-01-04 16:38:42 - [MESSAGE][PASSED] - Object 'Object Repository/RAD_Pages/FilingStatus_Page/input_userType_Joint' is clickable

2023-01-04 16:38:42 - [TEST_STEP][PASSED] - click(findTestObject(orPath_FilingStatus + "/input_userType_Joint")): Object: 'Object Repository/RAD_Pages/FilingStatus_Page/input_userType_Joint' is clicked on

2023-01-04 16:38:43 - [MESSAGE][PASSED] - Object: 'Object Repository/RAD_Pages/FilingStatus_Page/input_userType_Joint' is clicked on

2023-01-04 16:38:43 - [TEST_STEP][PASSED] - setText(findTestObject(orPath_FilingStatus + "/input_jointLastName"), "Stokes"): Text 'Stokes' is set on object 'Object Repository/RAD_Pages/FilingStatus_Page/input_jointLastName'

2023-01-04 16:38:44 - [MESSAGE][PASSED] - Text 'Stokes' is set on object 'Object Repository/RAD_Pages/FilingStatus_Page/input_jointLastName'

2023-01-04 16:38:44 - [TEST_STEP][PASSED] - setText(findTestObject("Object Repository/RAD_RecordAndPlay/input_JointFilerSSN"), "1234532100"): Text '1234532100' is set on object 'Object Repository/RAD_RecordAndPlay/input_JointFilerSSN'

2023-01-04 16:38:45 - [MESSAGE][PASSED] - Text '1234532100' is set on object 'Object Repository/RAD_RecordAndPlay/input_JointFilerSSN'

2023-01-04 16:38:45 - [TEST_STEP][PASSED] - setText(findTestObject("Object Repository/RAD_RecordAndPlay/input_reTypeJointFilerSSN"), ""): Text '' is set on object 'Object Repository/RAD_RecordAndPlay/input_reTypeJointFilerSSN'

2023-01-04 16:38:45 - [MESSAGE][PASSED] - Text '' is set on object 'Object Repository/RAD_RecordAndPlay/input_reTypeJointFilerSSN'

2023-01-04 16:38:45 - [TEST_STEP][PASSED] - verifyTextPresent("Please enter a valid SSN with 9 digits.", true): Text 'Please enter a valid SSN with 9 digits.' is present on page  using regular expression

2023-01-04 16:38:46 - [MESSAGE][PASSED] - Text 'Please enter a valid SSN with 9 digits.' is present on page  using regular expression

2023-01-04 16:38:46 - [TEST_STEP][PASSED] - closeBrowser(): Browser is closed

2023-01-04 16:38:47 - [MESSAGE][PASSED] - Browser is closed

2023-01-04 16:38:47 - [TEST_STEP][PASSED] - openBrowser(""): Browser is opened with url: ''

2023-01-04 16:38:47 - [MESSAGE][INFO] - Starting 'Chrome' driver

2023-01-04 16:38:47 - [MESSAGE][INFO] - User set preference: ['acceptInsecureCerts', 'true']

2023-01-04 16:38:47 - [MESSAGE][INFO] - Action delay is set to 0 milliseconds

2023-01-04 16:38:48 - [MESSAGE][PASSED] - Browser is opened with url: ''

2023-01-04 16:38:48 - [TEST_STEP][PASSED] - maximizeWindow(): Current window maximized

2023-01-04 16:38:49 - [MESSAGE][PASSED] - Current window maximized

2023-01-04 16:38:49 - [TEST_STEP][PASSED] - navigateToUrl(RADurl): Navigate to 'https://qa.velocitypayment.com/client/rad/index.html' successfully

2023-01-04 16:38:50 - [MESSAGE][PASSED] - Navigate to 'https://qa.velocitypayment.com/client/rad/index.html' successfully

2023-01-04 16:38:50 - [TEST_STEP][PASSED] - out.println("Value of taxTypeDropList : " + taxTypeDropList[i]): null

2023-01-04 16:38:50 - [TEST_STEP][PASSED] - selectOptionByLabel(findTestObject(orPath_Landing + "/dd_TaxType"), taxTypeDropList[i], false): All options with label 'Personal Income Tax' are selected in object 'Object Repository/RAD_Pages/Landing_Page/dd_TaxType' 

2023-01-04 16:38:51 - [MESSAGE][PASSED] - All options with label 'Personal Income Tax' are selected in object 'Object Repository/RAD_Pages/Landing_Page/dd_TaxType' 

2023-01-04 16:38:51 - [TEST_STEP][PASSED] - scrollToElement(findTestObject(orPath_Amount + "/input__paymentAmount"), 3): Scroll to object 'Object Repository/RAD_Pages/PaymentAmount_Page/input__paymentAmount' successfully

2023-01-04 16:38:51 - [MESSAGE][PASSED] - Scroll to object 'Object Repository/RAD_Pages/PaymentAmount_Page/input__paymentAmount' successfully

2023-01-04 16:38:51 - [TEST_STEP][PASSED] - waitForElementClickable(findTestObject(orPath_FilingStatus + "/input_userType_Joint"), 5): Object 'Object Repository/RAD_Pages/FilingStatus_Page/input_userType_Joint' is clickable

2023-01-04 16:38:52 - [MESSAGE][PASSED] - Object 'Object Repository/RAD_Pages/FilingStatus_Page/input_userType_Joint' is clickable

2023-01-04 16:38:52 - [TEST_STEP][PASSED] - click(findTestObject(orPath_FilingStatus + "/input_userType_Joint")): Object: 'Object Repository/RAD_Pages/FilingStatus_Page/input_userType_Joint' is clicked on

2023-01-04 16:38:52 - [MESSAGE][PASSED] - Object: 'Object Repository/RAD_Pages/FilingStatus_Page/input_userType_Joint' is clicked on

2023-01-04 16:38:52 - [TEST_STEP][PASSED] - setText(findTestObject(orPath_FilingStatus + "/input_jointLastName"), "Stokes"): Text 'Stokes' is set on object 'Object Repository/RAD_Pages/FilingStatus_Page/input_jointLastName'

2023-01-04 16:38:54 - [MESSAGE][PASSED] - Text 'Stokes' is set on object 'Object Repository/RAD_Pages/FilingStatus_Page/input_jointLastName'

2023-01-04 16:38:54 - [TEST_STEP][PASSED] - setText(findTestObject("Object Repository/RAD_RecordAndPlay/input_JointFilerSSN"), "1234532100"): Text '1234532100' is set on object 'Object Repository/RAD_RecordAndPlay/input_JointFilerSSN'

2023-01-04 16:38:54 - [MESSAGE][PASSED] - Text '1234532100' is set on object 'Object Repository/RAD_RecordAndPlay/input_JointFilerSSN'

2023-01-04 16:38:54 - [TEST_STEP][PASSED] - setText(findTestObject("Object Repository/RAD_RecordAndPlay/input_reTypeJointFilerSSN"), ""): Text '' is set on object 'Object Repository/RAD_RecordAndPlay/input_reTypeJointFilerSSN'

2023-01-04 16:38:55 - [MESSAGE][PASSED] - Text '' is set on object 'Object Repository/RAD_RecordAndPlay/input_reTypeJointFilerSSN'

2023-01-04 16:38:55 - [TEST_STEP][PASSED] - verifyTextPresent("Please enter a valid SSN with 9 digits.", true): Text 'Please enter a valid SSN with 9 digits.' is present on page  using regular expression

2023-01-04 16:38:55 - [MESSAGE][PASSED] - Text 'Please enter a valid SSN with 9 digits.' is present on page  using regular expression

2023-01-04 16:38:55 - [TEST_STEP][PASSED] - closeBrowser(): Browser is closed

2023-01-04 16:38:56 - [MESSAGE][PASSED] - Browser is closed

2023-01-04 16:38:56 - [TEST_STEP][PASSED] - openBrowser(""): Browser is opened with url: ''

2023-01-04 16:38:56 - [MESSAGE][INFO] - Starting 'Chrome' driver

2023-01-04 16:38:56 - [MESSAGE][INFO] - User set preference: ['acceptInsecureCerts', 'true']

2023-01-04 16:38:56 - [MESSAGE][INFO] - Action delay is set to 0 milliseconds

2023-01-04 16:38:58 - [MESSAGE][PASSED] - Browser is opened with url: ''

2023-01-04 16:38:58 - [TEST_STEP][PASSED] - maximizeWindow(): Current window maximized

2023-01-04 16:38:58 - [MESSAGE][PASSED] - Current window maximized

2023-01-04 16:38:58 - [TEST_STEP][PASSED] - navigateToUrl(RADurl): Navigate to 'https://qa.velocitypayment.com/client/rad/index.html' successfully

2023-01-04 16:38:59 - [MESSAGE][PASSED] - Navigate to 'https://qa.velocitypayment.com/client/rad/index.html' successfully

2023-01-04 16:38:59 - [TEST_STEP][PASSED] - out.println("Value of taxTypeDropList : " + taxTypeDropList[i]): null

2023-01-04 16:38:59 - [TEST_STEP][PASSED] - selectOptionByLabel(findTestObject(orPath_Landing + "/dd_TaxType"), taxTypeDropList[i], false): All options with label 'Extension Payments' are selected in object 'Object Repository/RAD_Pages/Landing_Page/dd_TaxType' 

2023-01-04 16:39:00 - [MESSAGE][PASSED] - All options with label 'Extension Payments' are selected in object 'Object Repository/RAD_Pages/Landing_Page/dd_TaxType' 

2023-01-04 16:39:00 - [TEST_STEP][PASSED] - scrollToElement(findTestObject(orPath_Amount + "/input__paymentAmount"), 3): Scroll to object 'Object Repository/RAD_Pages/PaymentAmount_Page/input__paymentAmount' successfully

2023-01-04 16:39:01 - [MESSAGE][PASSED] - Scroll to object 'Object Repository/RAD_Pages/PaymentAmount_Page/input__paymentAmount' successfully

2023-01-04 16:39:01 - [TEST_STEP][PASSED] - waitForElementClickable(findTestObject(orPath_FilingStatus + "/input_userType_Joint"), 5): Object 'Object Repository/RAD_Pages/FilingStatus_Page/input_userType_Joint' is clickable

2023-01-04 16:39:01 - [MESSAGE][PASSED] - Object 'Object Repository/RAD_Pages/FilingStatus_Page/input_userType_Joint' is clickable

2023-01-04 16:39:01 - [TEST_STEP][PASSED] - click(findTestObject(orPath_FilingStatus + "/input_userType_Joint")): Object: 'Object Repository/RAD_Pages/FilingStatus_Page/input_userType_Joint' is clicked on

2023-01-04 16:39:02 - [MESSAGE][PASSED] - Object: 'Object Repository/RAD_Pages/FilingStatus_Page/input_userType_Joint' is clicked on

2023-01-04 16:39:02 - [TEST_STEP][PASSED] - setText(findTestObject(orPath_FilingStatus + "/input_jointLastName"), "Stokes"): Text 'Stokes' is set on object 'Object Repository/RAD_Pages/FilingStatus_Page/input_jointLastName'

2023-01-04 16:39:02 - [MESSAGE][PASSED] - Text 'Stokes' is set on object 'Object Repository/RAD_Pages/FilingStatus_Page/input_jointLastName'

2023-01-04 16:39:02 - [TEST_STEP][PASSED] - setText(findTestObject("Object Repository/RAD_RecordAndPlay/input_JointFilerSSN"), "1234532100"): Text '1234532100' is set on object 'Object Repository/RAD_RecordAndPlay/input_JointFilerSSN'

2023-01-04 16:39:03 - [MESSAGE][PASSED] - Text '1234532100' is set on object 'Object Repository/RAD_RecordAndPlay/input_JointFilerSSN'

2023-01-04 16:39:03 - [TEST_STEP][PASSED] - setText(findTestObject("Object Repository/RAD_RecordAndPlay/input_reTypeJointFilerSSN"), ""): Text '' is set on object 'Object Repository/RAD_RecordAndPlay/input_reTypeJointFilerSSN'

2023-01-04 16:39:04 - [MESSAGE][PASSED] - Text '' is set on object 'Object Repository/RAD_RecordAndPlay/input_reTypeJointFilerSSN'

2023-01-04 16:39:04 - [TEST_STEP][PASSED] - verifyTextPresent("Please enter a valid SSN with 9 digits.", true): Text 'Please enter a valid SSN with 9 digits.' is present on page  using regular expression

2023-01-04 16:39:05 - [MESSAGE][PASSED] - Text 'Please enter a valid SSN with 9 digits.' is present on page  using regular expression

2023-01-04 16:39:05 - [TEST_STEP][PASSED] - closeBrowser(): Browser is closed

2023-01-04 16:39:05 - [MESSAGE][PASSED] - Browser is closed]]></system-out>
         <system-err><![CDATA[]]></system-err>
      </testcase>
      <testcase name="Test Cases/RAD_TestCases/Negative_TestCases/SSNmoreThan9Error" time="24.264" classname="Test Cases/RAD_TestCases/Negative_TestCases/SSNmoreThan9Error" status="PASSED">
         <system-out><![CDATA[2023-01-04 16:39:05 - [TEST_CASE][PASSED] - Test Cases/RAD_TestCases/Negative_TestCases/SSNmoreThan9Error: Test Cases/RAD_TestCases/Negative_TestCases/SSNmoreThan9Error

2023-01-04 16:39:06 - [TEST_STEP][PASSED] - orPath_Landing = "Object Repository/RAD_Pages/Landing_Page": null

2023-01-04 16:39:06 - [TEST_STEP][PASSED] - orPath_Amount = "Object Repository/RAD_Pages/PaymentAmount_Page": null

2023-01-04 16:39:06 - [TEST_STEP][PASSED] - orPath_FilingStatus = "Object Repository/RAD_Pages/FilingStatus_Page": null

2023-01-04 16:39:06 - [TEST_STEP][PASSED] - orPath_TaxPayer = "Object Repository/RAD_Pages/Taxpayer_Page": null

2023-01-04 16:39:06 - [TEST_STEP][PASSED] - orPath_TaxInfo = "Object Repository/RAD_Pages/TaxInfo_Page": null

2023-01-04 16:39:06 - [TEST_STEP][PASSED] - taxTypeDropList = ["Estimated Tax", "Personal Income Tax", "Extension Payments"]: null

2023-01-04 16:39:06 - [TEST_STEP][PASSED] - listSize = taxTypeDropList.size(): null

2023-01-04 16:39:06 - [TEST_STEP][PASSED] - println(listSize): null

2023-01-04 16:39:06 - [TEST_STEP][PASSED] - for ([i = 0, i < listSize, (i++)]): Browser is closed

2023-01-04 16:39:06 - [TEST_STEP][PASSED] - openBrowser(""): Browser is opened with url: ''

2023-01-04 16:39:06 - [MESSAGE][INFO] - Starting 'Chrome' driver

2023-01-04 16:39:06 - [MESSAGE][INFO] - User set preference: ['acceptInsecureCerts', 'true']

2023-01-04 16:39:06 - [MESSAGE][INFO] - Action delay is set to 0 milliseconds

2023-01-04 16:39:07 - [MESSAGE][PASSED] - Browser is opened with url: ''

2023-01-04 16:39:07 - [TEST_STEP][PASSED] - maximizeWindow(): Current window maximized

2023-01-04 16:39:07 - [MESSAGE][PASSED] - Current window maximized

2023-01-04 16:39:07 - [TEST_STEP][PASSED] - navigateToUrl(RADurl): Navigate to 'https://qa.velocitypayment.com/client/rad/index.html' successfully

2023-01-04 16:39:09 - [MESSAGE][PASSED] - Navigate to 'https://qa.velocitypayment.com/client/rad/index.html' successfully

2023-01-04 16:39:09 - [TEST_STEP][PASSED] - out.println("Value of taxTypeDropList : " + taxTypeDropList[i]): null

2023-01-04 16:39:09 - [TEST_STEP][PASSED] - selectOptionByLabel(findTestObject(orPath_Landing + "/dd_TaxType"), taxTypeDropList[i], false): All options with label 'Estimated Tax' are selected in object 'Object Repository/RAD_Pages/Landing_Page/dd_TaxType' 

2023-01-04 16:39:10 - [MESSAGE][PASSED] - All options with label 'Estimated Tax' are selected in object 'Object Repository/RAD_Pages/Landing_Page/dd_TaxType' 

2023-01-04 16:39:10 - [TEST_STEP][PASSED] - if (taxTypeDropList[i].equalsIgnoreCase("Existing Liability")): null

2023-01-04 16:39:10 - [TEST_STEP][PASSED] - else: Text '' is set on object 'Object Repository/RAD_RecordAndPlay/input_concatReSSN'

2023-01-04 16:39:10 - [TEST_STEP][PASSED] - setText(findTestObject(orPath_TaxPayer + "/input_lastName"), "Anderson"): Text 'Anderson' is set on object 'Object Repository/RAD_Pages/Taxpayer_Page/input_lastName'

2023-01-04 16:39:11 - [MESSAGE][PASSED] - Text 'Anderson' is set on object 'Object Repository/RAD_Pages/Taxpayer_Page/input_lastName'

2023-01-04 16:39:11 - [TEST_STEP][PASSED] - setText(findTestObject("RAD_RecordAndPlay/input_concatSSN"), "12345123400"): Text '12345123400' is set on object 'Object Repository/RAD_RecordAndPlay/input_concatSSN'

2023-01-04 16:39:12 - [MESSAGE][PASSED] - Text '12345123400' is set on object 'Object Repository/RAD_RecordAndPlay/input_concatSSN'

2023-01-04 16:39:12 - [TEST_STEP][PASSED] - setText(findTestObject("RAD_RecordAndPlay/input_concatReSSN"), ""): Text '' is set on object 'Object Repository/RAD_RecordAndPlay/input_concatReSSN'

2023-01-04 16:39:12 - [MESSAGE][PASSED] - Text '' is set on object 'Object Repository/RAD_RecordAndPlay/input_concatReSSN'

2023-01-04 16:39:12 - [TEST_STEP][PASSED] - verifyTextPresent("Please enter a valid SSN with 9 digits.", true): Text 'Please enter a valid SSN with 9 digits.' is present on page  using regular expression

2023-01-04 16:39:13 - [MESSAGE][PASSED] - Text 'Please enter a valid SSN with 9 digits.' is present on page  using regular expression

2023-01-04 16:39:13 - [TEST_STEP][PASSED] - closeBrowser(): Browser is closed

2023-01-04 16:39:14 - [MESSAGE][PASSED] - Browser is closed

2023-01-04 16:39:14 - [TEST_STEP][PASSED] - openBrowser(""): Browser is opened with url: ''

2023-01-04 16:39:14 - [MESSAGE][INFO] - Starting 'Chrome' driver

2023-01-04 16:39:14 - [MESSAGE][INFO] - User set preference: ['acceptInsecureCerts', 'true']

2023-01-04 16:39:14 - [MESSAGE][INFO] - Action delay is set to 0 milliseconds

2023-01-04 16:39:15 - [MESSAGE][PASSED] - Browser is opened with url: ''

2023-01-04 16:39:15 - [TEST_STEP][PASSED] - maximizeWindow(): Current window maximized

2023-01-04 16:39:16 - [MESSAGE][PASSED] - Current window maximized

2023-01-04 16:39:16 - [TEST_STEP][PASSED] - navigateToUrl(RADurl): Navigate to 'https://qa.velocitypayment.com/client/rad/index.html' successfully

2023-01-04 16:39:17 - [MESSAGE][PASSED] - Navigate to 'https://qa.velocitypayment.com/client/rad/index.html' successfully

2023-01-04 16:39:17 - [TEST_STEP][PASSED] - out.println("Value of taxTypeDropList : " + taxTypeDropList[i]): null

2023-01-04 16:39:17 - [TEST_STEP][PASSED] - selectOptionByLabel(findTestObject(orPath_Landing + "/dd_TaxType"), taxTypeDropList[i], false): All options with label 'Personal Income Tax' are selected in object 'Object Repository/RAD_Pages/Landing_Page/dd_TaxType' 

2023-01-04 16:39:18 - [MESSAGE][PASSED] - All options with label 'Personal Income Tax' are selected in object 'Object Repository/RAD_Pages/Landing_Page/dd_TaxType' 

2023-01-04 16:39:18 - [TEST_STEP][PASSED] - if (taxTypeDropList[i].equalsIgnoreCase("Existing Liability")): null

2023-01-04 16:39:18 - [TEST_STEP][PASSED] - else: Text '' is set on object 'Object Repository/RAD_RecordAndPlay/input_concatReSSN'

2023-01-04 16:39:18 - [TEST_STEP][PASSED] - setText(findTestObject(orPath_TaxPayer + "/input_lastName"), "Anderson"): Text 'Anderson' is set on object 'Object Repository/RAD_Pages/Taxpayer_Page/input_lastName'

2023-01-04 16:39:19 - [MESSAGE][PASSED] - Text 'Anderson' is set on object 'Object Repository/RAD_Pages/Taxpayer_Page/input_lastName'

2023-01-04 16:39:19 - [TEST_STEP][PASSED] - setText(findTestObject("RAD_RecordAndPlay/input_concatSSN"), "12345123400"): Text '12345123400' is set on object 'Object Repository/RAD_RecordAndPlay/input_concatSSN'

2023-01-04 16:39:20 - [MESSAGE][PASSED] - Text '12345123400' is set on object 'Object Repository/RAD_RecordAndPlay/input_concatSSN'

2023-01-04 16:39:20 - [TEST_STEP][PASSED] - setText(findTestObject("RAD_RecordAndPlay/input_concatReSSN"), ""): Text '' is set on object 'Object Repository/RAD_RecordAndPlay/input_concatReSSN'

2023-01-04 16:39:20 - [MESSAGE][PASSED] - Text '' is set on object 'Object Repository/RAD_RecordAndPlay/input_concatReSSN'

2023-01-04 16:39:20 - [TEST_STEP][PASSED] - verifyTextPresent("Please enter a valid SSN with 9 digits.", true): Text 'Please enter a valid SSN with 9 digits.' is present on page  using regular expression

2023-01-04 16:39:21 - [MESSAGE][PASSED] - Text 'Please enter a valid SSN with 9 digits.' is present on page  using regular expression

2023-01-04 16:39:21 - [TEST_STEP][PASSED] - closeBrowser(): Browser is closed

2023-01-04 16:39:22 - [MESSAGE][PASSED] - Browser is closed

2023-01-04 16:39:22 - [TEST_STEP][PASSED] - openBrowser(""): Browser is opened with url: ''

2023-01-04 16:39:22 - [MESSAGE][INFO] - Starting 'Chrome' driver

2023-01-04 16:39:22 - [MESSAGE][INFO] - User set preference: ['acceptInsecureCerts', 'true']

2023-01-04 16:39:22 - [MESSAGE][INFO] - Action delay is set to 0 milliseconds

2023-01-04 16:39:23 - [MESSAGE][PASSED] - Browser is opened with url: ''

2023-01-04 16:39:23 - [TEST_STEP][PASSED] - maximizeWindow(): Current window maximized

2023-01-04 16:39:23 - [MESSAGE][PASSED] - Current window maximized

2023-01-04 16:39:23 - [TEST_STEP][PASSED] - navigateToUrl(RADurl): Navigate to 'https://qa.velocitypayment.com/client/rad/index.html' successfully

2023-01-04 16:39:25 - [MESSAGE][PASSED] - Navigate to 'https://qa.velocitypayment.com/client/rad/index.html' successfully

2023-01-04 16:39:25 - [TEST_STEP][PASSED] - out.println("Value of taxTypeDropList : " + taxTypeDropList[i]): null

2023-01-04 16:39:25 - [TEST_STEP][PASSED] - selectOptionByLabel(findTestObject(orPath_Landing + "/dd_TaxType"), taxTypeDropList[i], false): All options with label 'Extension Payments' are selected in object 'Object Repository/RAD_Pages/Landing_Page/dd_TaxType' 

2023-01-04 16:39:26 - [MESSAGE][PASSED] - All options with label 'Extension Payments' are selected in object 'Object Repository/RAD_Pages/Landing_Page/dd_TaxType' 

2023-01-04 16:39:26 - [TEST_STEP][PASSED] - if (taxTypeDropList[i].equalsIgnoreCase("Existing Liability")): null

2023-01-04 16:39:26 - [TEST_STEP][PASSED] - else: Text '' is set on object 'Object Repository/RAD_RecordAndPlay/input_concatReSSN'

2023-01-04 16:39:26 - [TEST_STEP][PASSED] - setText(findTestObject(orPath_TaxPayer + "/input_lastName"), "Anderson"): Text 'Anderson' is set on object 'Object Repository/RAD_Pages/Taxpayer_Page/input_lastName'

2023-01-04 16:39:27 - [MESSAGE][PASSED] - Text 'Anderson' is set on object 'Object Repository/RAD_Pages/Taxpayer_Page/input_lastName'

2023-01-04 16:39:27 - [TEST_STEP][PASSED] - setText(findTestObject("RAD_RecordAndPlay/input_concatSSN"), "12345123400"): Text '12345123400' is set on object 'Object Repository/RAD_RecordAndPlay/input_concatSSN'

2023-01-04 16:39:27 - [MESSAGE][PASSED] - Text '12345123400' is set on object 'Object Repository/RAD_RecordAndPlay/input_concatSSN'

2023-01-04 16:39:27 - [TEST_STEP][PASSED] - setText(findTestObject("RAD_RecordAndPlay/input_concatReSSN"), ""): Text '' is set on object 'Object Repository/RAD_RecordAndPlay/input_concatReSSN'

2023-01-04 16:39:28 - [MESSAGE][PASSED] - Text '' is set on object 'Object Repository/RAD_RecordAndPlay/input_concatReSSN'

2023-01-04 16:39:28 - [TEST_STEP][PASSED] - verifyTextPresent("Please enter a valid SSN with 9 digits.", true): Text 'Please enter a valid SSN with 9 digits.' is present on page  using regular expression

2023-01-04 16:39:29 - [MESSAGE][PASSED] - Text 'Please enter a valid SSN with 9 digits.' is present on page  using regular expression

2023-01-04 16:39:29 - [TEST_STEP][PASSED] - closeBrowser(): Browser is closed

2023-01-04 16:39:30 - [MESSAGE][PASSED] - Browser is closed]]></system-out>
         <system-err><![CDATA[]]></system-err>
      </testcase>
      <testcase name="Test Cases/RAD_TestCases/Negative_TestCases/FEINmoreThan9Error" time="30.951" classname="Test Cases/RAD_TestCases/Negative_TestCases/FEINmoreThan9Error" status="PASSED">
         <system-out><![CDATA[2023-01-04 16:39:30 - [TEST_CASE][PASSED] - Test Cases/RAD_TestCases/Negative_TestCases/FEINmoreThan9Error: Test Cases/RAD_TestCases/Negative_TestCases/FEINmoreThan9Error

2023-01-04 16:39:30 - [TEST_STEP][PASSED] - orPath_Landing = "Object Repository/RAD_Pages/Landing_Page": null

2023-01-04 16:39:30 - [TEST_STEP][PASSED] - orPath_Amount = "Object Repository/RAD_Pages/PaymentAmount_Page": null

2023-01-04 16:39:30 - [TEST_STEP][PASSED] - orPath_FilingStatus = "Object Repository/RAD_Pages/FilingStatus_Page": null

2023-01-04 16:39:30 - [TEST_STEP][PASSED] - orPath_TaxPayer = "Object Repository/RAD_Pages/Taxpayer_Page": null

2023-01-04 16:39:30 - [TEST_STEP][PASSED] - orPath_TaxInfo = "Object Repository/RAD_Pages/TaxInfo_Page": null

2023-01-04 16:39:30 - [TEST_STEP][PASSED] - orPath_TaxTypeFilingYear = "Object Repository/RAD_Pages/TaxTypeFilingYear_Page": null

2023-01-04 16:39:30 - [TEST_STEP][PASSED] - taxTypeDropList = ["Estimated Tax", "Extension Payments", "Sales and Use", "Withholding Tax"]: null

2023-01-04 16:39:30 - [TEST_STEP][PASSED] - listSize = taxTypeDropList.size(): null

2023-01-04 16:39:30 - [TEST_STEP][PASSED] - println(listSize): null

2023-01-04 16:39:30 - [TEST_STEP][PASSED] - for ([i = 0, i < listSize, (i++)]): null

2023-01-04 16:39:30 - [TEST_STEP][PASSED] - openBrowser(""): Browser is opened with url: ''

2023-01-04 16:39:30 - [MESSAGE][INFO] - Starting 'Chrome' driver

2023-01-04 16:39:30 - [MESSAGE][INFO] - User set preference: ['acceptInsecureCerts', 'true']

2023-01-04 16:39:30 - [MESSAGE][INFO] - Action delay is set to 0 milliseconds

2023-01-04 16:39:31 - [MESSAGE][PASSED] - Browser is opened with url: ''

2023-01-04 16:39:31 - [TEST_STEP][PASSED] - maximizeWindow(): Current window maximized

2023-01-04 16:39:32 - [MESSAGE][PASSED] - Current window maximized

2023-01-04 16:39:32 - [TEST_STEP][PASSED] - navigateToUrl(RADurl): Navigate to 'https://qa.velocitypayment.com/client/rad/index.html' successfully

2023-01-04 16:39:34 - [MESSAGE][PASSED] - Navigate to 'https://qa.velocitypayment.com/client/rad/index.html' successfully

2023-01-04 16:39:34 - [TEST_STEP][PASSED] - out.println("Value of taxTypeDropList : " + taxTypeDropList[i]): null

2023-01-04 16:39:34 - [TEST_STEP][PASSED] - selectOptionByLabel(findTestObject(orPath_Landing + "/dd_TaxType"), taxTypeDropList[i], false): All options with label 'Estimated Tax' are selected in object 'Object Repository/RAD_Pages/Landing_Page/dd_TaxType' 

2023-01-04 16:39:34 - [MESSAGE][PASSED] - All options with label 'Estimated Tax' are selected in object 'Object Repository/RAD_Pages/Landing_Page/dd_TaxType' 

2023-01-04 16:39:34 - [TEST_STEP][PASSED] - switch (taxTypeDropList[i]): null

2023-01-04 16:39:34 - [TEST_STEP][PASSED] - case "Estimated Tax":: null

2023-01-04 16:39:34 - [TEST_STEP][PASSED] - selectOptionByLabel(findTestObject(orPath_TaxTypeFilingYear + "/select_PaymentType"), "Corporate", false): All options with label 'Corporate' are selected in object 'Object Repository/RAD_Pages/TaxTypeFilingYear_Page/select_PaymentType' 

2023-01-04 16:39:35 - [MESSAGE][PASSED] - All options with label 'Corporate' are selected in object 'Object Repository/RAD_Pages/TaxTypeFilingYear_Page/select_PaymentType' 

2023-01-04 16:39:35 - [TEST_STEP][PASSED] - setEncryptedText(findTestObject(orPath_TaxInfo + "/input_FederalEIN"), "RigbBhfdqOBDK95asqKeHw=="): Text ****** has been set on object 'Object Repository/RAD_Pages/TaxInfo_Page/input_FederalEIN'

2023-01-04 16:39:36 - [MESSAGE][PASSED] - Text ****** has been set on object 'Object Repository/RAD_Pages/TaxInfo_Page/input_FederalEIN'

2023-01-04 16:39:36 - [TEST_STEP][PASSED] - setEncryptedText(findTestObject(orPath_TaxInfo + "/input_FederalEIN_ReEnter"), ""): Text ****** has been set on object 'Object Repository/RAD_Pages/TaxInfo_Page/input_FederalEIN_ReEnter'

2023-01-04 16:39:37 - [MESSAGE][PASSED] - Text ****** has been set on object 'Object Repository/RAD_Pages/TaxInfo_Page/input_FederalEIN_ReEnter'

2023-01-04 16:39:37 - [TEST_STEP][PASSED] - verifyTextPresent("Please enter a valid FEIN with 9 digits.", true): Text 'Please enter a valid FEIN with 9 digits.' is present on page  using regular expression

2023-01-04 16:39:38 - [MESSAGE][PASSED] - Text 'Please enter a valid FEIN with 9 digits.' is present on page  using regular expression

2023-01-04 16:39:38 - [TEST_STEP][PASSED] - closeBrowser(): Browser is closed

2023-01-04 16:39:39 - [MESSAGE][PASSED] - Browser is closed

2023-01-04 16:39:39 - [TEST_STEP][PASSED] - break: null

2023-01-04 16:39:39 - [TEST_STEP][PASSED] - openBrowser(""): Browser is opened with url: ''

2023-01-04 16:39:39 - [MESSAGE][INFO] - Starting 'Chrome' driver

2023-01-04 16:39:39 - [MESSAGE][INFO] - User set preference: ['acceptInsecureCerts', 'true']

2023-01-04 16:39:39 - [MESSAGE][INFO] - Action delay is set to 0 milliseconds

2023-01-04 16:39:40 - [MESSAGE][PASSED] - Browser is opened with url: ''

2023-01-04 16:39:40 - [TEST_STEP][PASSED] - maximizeWindow(): Current window maximized

2023-01-04 16:39:40 - [MESSAGE][PASSED] - Current window maximized

2023-01-04 16:39:40 - [TEST_STEP][PASSED] - navigateToUrl(RADurl): Navigate to 'https://qa.velocitypayment.com/client/rad/index.html' successfully

2023-01-04 16:39:42 - [MESSAGE][PASSED] - Navigate to 'https://qa.velocitypayment.com/client/rad/index.html' successfully

2023-01-04 16:39:42 - [TEST_STEP][PASSED] - out.println("Value of taxTypeDropList : " + taxTypeDropList[i]): null

2023-01-04 16:39:42 - [TEST_STEP][PASSED] - selectOptionByLabel(findTestObject(orPath_Landing + "/dd_TaxType"), taxTypeDropList[i], false): All options with label 'Extension Payments' are selected in object 'Object Repository/RAD_Pages/Landing_Page/dd_TaxType' 

2023-01-04 16:39:42 - [MESSAGE][PASSED] - All options with label 'Extension Payments' are selected in object 'Object Repository/RAD_Pages/Landing_Page/dd_TaxType' 

2023-01-04 16:39:42 - [TEST_STEP][PASSED] - switch (taxTypeDropList[i]): null

2023-01-04 16:39:42 - [TEST_STEP][PASSED] - case "Extension Payments":: null

2023-01-04 16:39:42 - [TEST_STEP][PASSED] - selectOptionByLabel(findTestObject(orPath_TaxTypeFilingYear + "/select_PaymentType"), "Corporate", false): All options with label 'Corporate' are selected in object 'Object Repository/RAD_Pages/TaxTypeFilingYear_Page/select_PaymentType' 

2023-01-04 16:39:43 - [MESSAGE][PASSED] - All options with label 'Corporate' are selected in object 'Object Repository/RAD_Pages/TaxTypeFilingYear_Page/select_PaymentType' 

2023-01-04 16:39:43 - [TEST_STEP][PASSED] - setEncryptedText(findTestObject(orPath_TaxInfo + "/input_FederalEIN"), "RigbBhfdqOBDK95asqKeHw=="): Text ****** has been set on object 'Object Repository/RAD_Pages/TaxInfo_Page/input_FederalEIN'

2023-01-04 16:39:44 - [MESSAGE][PASSED] - Text ****** has been set on object 'Object Repository/RAD_Pages/TaxInfo_Page/input_FederalEIN'

2023-01-04 16:39:44 - [TEST_STEP][PASSED] - setEncryptedText(findTestObject(orPath_TaxInfo + "/input_FederalEIN_ReEnter"), ""): Text ****** has been set on object 'Object Repository/RAD_Pages/TaxInfo_Page/input_FederalEIN_ReEnter'

2023-01-04 16:39:45 - [MESSAGE][PASSED] - Text ****** has been set on object 'Object Repository/RAD_Pages/TaxInfo_Page/input_FederalEIN_ReEnter'

2023-01-04 16:39:45 - [TEST_STEP][PASSED] - verifyTextPresent("Please enter a valid FEIN with 9 digits.", true): Text 'Please enter a valid FEIN with 9 digits.' is present on page  using regular expression

2023-01-04 16:39:45 - [MESSAGE][PASSED] - Text 'Please enter a valid FEIN with 9 digits.' is present on page  using regular expression

2023-01-04 16:39:45 - [TEST_STEP][PASSED] - closeBrowser(): Browser is closed

2023-01-04 16:39:46 - [MESSAGE][PASSED] - Browser is closed

2023-01-04 16:39:46 - [TEST_STEP][PASSED] - break: null

2023-01-04 16:39:46 - [TEST_STEP][PASSED] - openBrowser(""): Browser is opened with url: ''

2023-01-04 16:39:46 - [MESSAGE][INFO] - Starting 'Chrome' driver

2023-01-04 16:39:46 - [MESSAGE][INFO] - User set preference: ['acceptInsecureCerts', 'true']

2023-01-04 16:39:46 - [MESSAGE][INFO] - Action delay is set to 0 milliseconds

2023-01-04 16:39:48 - [MESSAGE][PASSED] - Browser is opened with url: ''

2023-01-04 16:39:48 - [TEST_STEP][PASSED] - maximizeWindow(): Current window maximized

2023-01-04 16:39:48 - [MESSAGE][PASSED] - Current window maximized

2023-01-04 16:39:48 - [TEST_STEP][PASSED] - navigateToUrl(RADurl): Navigate to 'https://qa.velocitypayment.com/client/rad/index.html' successfully

2023-01-04 16:39:50 - [MESSAGE][PASSED] - Navigate to 'https://qa.velocitypayment.com/client/rad/index.html' successfully

2023-01-04 16:39:50 - [TEST_STEP][PASSED] - out.println("Value of taxTypeDropList : " + taxTypeDropList[i]): null

2023-01-04 16:39:50 - [TEST_STEP][PASSED] - selectOptionByLabel(findTestObject(orPath_Landing + "/dd_TaxType"), taxTypeDropList[i], false): All options with label 'Sales and Use' are selected in object 'Object Repository/RAD_Pages/Landing_Page/dd_TaxType' 

2023-01-04 16:39:50 - [MESSAGE][PASSED] - All options with label 'Sales and Use' are selected in object 'Object Repository/RAD_Pages/Landing_Page/dd_TaxType' 

2023-01-04 16:39:50 - [TEST_STEP][PASSED] - switch (taxTypeDropList[i]): null

2023-01-04 16:39:50 - [TEST_STEP][PASSED] - case "Sales and Use":: null

2023-01-04 16:39:50 - [TEST_STEP][PASSED] - setEncryptedText(findTestObject(orPath_TaxInfo + "/input_FederalEIN"), "RigbBhfdqOBDK95asqKeHw=="): Text ****** has been set on object 'Object Repository/RAD_Pages/TaxInfo_Page/input_FederalEIN'

2023-01-04 16:39:51 - [MESSAGE][PASSED] - Text ****** has been set on object 'Object Repository/RAD_Pages/TaxInfo_Page/input_FederalEIN'

2023-01-04 16:39:51 - [TEST_STEP][PASSED] - setEncryptedText(findTestObject(orPath_TaxInfo + "/input_FederalEIN_ReEnter"), ""): Text ****** has been set on object 'Object Repository/RAD_Pages/TaxInfo_Page/input_FederalEIN_ReEnter'

2023-01-04 16:39:52 - [MESSAGE][PASSED] - Text ****** has been set on object 'Object Repository/RAD_Pages/TaxInfo_Page/input_FederalEIN_ReEnter'

2023-01-04 16:39:52 - [TEST_STEP][PASSED] - verifyTextPresent("Please enter a valid FEIN with 9 digits.", true): Text 'Please enter a valid FEIN with 9 digits.' is present on page  using regular expression

2023-01-04 16:39:52 - [MESSAGE][PASSED] - Text 'Please enter a valid FEIN with 9 digits.' is present on page  using regular expression

2023-01-04 16:39:52 - [TEST_STEP][PASSED] - closeBrowser(): Browser is closed

2023-01-04 16:39:53 - [MESSAGE][PASSED] - Browser is closed

2023-01-04 16:39:53 - [TEST_STEP][PASSED] - break: null

2023-01-04 16:39:53 - [TEST_STEP][PASSED] - openBrowser(""): Browser is opened with url: ''

2023-01-04 16:39:53 - [MESSAGE][INFO] - Starting 'Chrome' driver

2023-01-04 16:39:53 - [MESSAGE][INFO] - User set preference: ['acceptInsecureCerts', 'true']

2023-01-04 16:39:53 - [MESSAGE][INFO] - Action delay is set to 0 milliseconds

2023-01-04 16:39:55 - [MESSAGE][PASSED] - Browser is opened with url: ''

2023-01-04 16:39:55 - [TEST_STEP][PASSED] - maximizeWindow(): Current window maximized

2023-01-04 16:39:55 - [MESSAGE][PASSED] - Current window maximized

2023-01-04 16:39:55 - [TEST_STEP][PASSED] - navigateToUrl(RADurl): Navigate to 'https://qa.velocitypayment.com/client/rad/index.html' successfully

2023-01-04 16:39:57 - [MESSAGE][PASSED] - Navigate to 'https://qa.velocitypayment.com/client/rad/index.html' successfully

2023-01-04 16:39:57 - [TEST_STEP][PASSED] - out.println("Value of taxTypeDropList : " + taxTypeDropList[i]): null

2023-01-04 16:39:57 - [TEST_STEP][PASSED] - selectOptionByLabel(findTestObject(orPath_Landing + "/dd_TaxType"), taxTypeDropList[i], false): All options with label 'Withholding Tax' are selected in object 'Object Repository/RAD_Pages/Landing_Page/dd_TaxType' 

2023-01-04 16:39:58 - [MESSAGE][PASSED] - All options with label 'Withholding Tax' are selected in object 'Object Repository/RAD_Pages/Landing_Page/dd_TaxType' 

2023-01-04 16:39:58 - [TEST_STEP][PASSED] - switch (taxTypeDropList[i]): null

2023-01-04 16:39:58 - [TEST_STEP][PASSED] - case "Withholding Tax":: null

2023-01-04 16:39:58 - [TEST_STEP][PASSED] - setEncryptedText(findTestObject(orPath_TaxInfo + "/input_FederalEIN"), "RigbBhfdqOBDK95asqKeHw=="): Text ****** has been set on object 'Object Repository/RAD_Pages/TaxInfo_Page/input_FederalEIN'

2023-01-04 16:39:58 - [MESSAGE][PASSED] - Text ****** has been set on object 'Object Repository/RAD_Pages/TaxInfo_Page/input_FederalEIN'

2023-01-04 16:39:58 - [TEST_STEP][PASSED] - setEncryptedText(findTestObject(orPath_TaxInfo + "/input_FederalEIN_ReEnter"), ""): Text ****** has been set on object 'Object Repository/RAD_Pages/TaxInfo_Page/input_FederalEIN_ReEnter'

2023-01-04 16:39:59 - [MESSAGE][PASSED] - Text ****** has been set on object 'Object Repository/RAD_Pages/TaxInfo_Page/input_FederalEIN_ReEnter'

2023-01-04 16:39:59 - [TEST_STEP][PASSED] - verifyTextPresent("Please enter a valid FEIN with 9 digits.", true): Text 'Please enter a valid FEIN with 9 digits.' is present on page  using regular expression

2023-01-04 16:40:00 - [MESSAGE][PASSED] - Text 'Please enter a valid FEIN with 9 digits.' is present on page  using regular expression

2023-01-04 16:40:00 - [TEST_STEP][PASSED] - closeBrowser(): Browser is closed

2023-01-04 16:40:01 - [MESSAGE][PASSED] - Browser is closed

2023-01-04 16:40:01 - [TEST_STEP][PASSED] - break: null]]></system-out>
         <system-err><![CDATA[]]></system-err>
      </testcase>
      <testcase name="Test Cases/RAD_TestCases/Negative_TestCases/EL-NumberValidation" time="150.692" classname="Test Cases/RAD_TestCases/Negative_TestCases/EL-NumberValidation" status="PASSED">
         <system-out><![CDATA[2023-01-04 16:40:01 - [TEST_CASE][PASSED] - Test Cases/RAD_TestCases/Negative_TestCases/EL-NumberValidation: Test Cases/RAD_TestCases/Negative_TestCases/EL-NumberValidation

2023-01-04 16:40:01 - [TEST_STEP][PASSED] - resText = "Fail": null

2023-01-04 16:40:01 - [TEST_STEP][PASSED] - resColumn = "Result": null

2023-01-04 16:40:01 - [TEST_STEP][PASSED] - datCloumn = "Date": null

2023-01-04 16:40:01 - [TEST_STEP][PASSED] - fileLoc = "KatalonData/RADTestData/EL-NumberValidation.xlsx": null

2023-01-04 16:40:01 - [TEST_STEP][PASSED] - nameSheet = "NumberError": null

2023-01-04 16:40:01 - [TEST_STEP][PASSED] - dataFile = "RADTestData/EL-NumberValidation": null

2023-01-04 16:40:01 - [TEST_STEP][PASSED] - ExecuteTC = <not implemented yet for class: org.codehaus.groovy.ast.expr.EmptyExpression>: null

2023-01-04 16:40:01 - [TEST_STEP][PASSED] - Taxtype = <not implemented yet for class: org.codehaus.groovy.ast.expr.EmptyExpression>: null

2023-01-04 16:40:01 - [TEST_STEP][PASSED] - TaxTypeEL = <not implemented yet for class: org.codehaus.groovy.ast.expr.EmptyExpression>: null

2023-01-04 16:40:01 - [TEST_STEP][PASSED] - notInvNumber = <not implemented yet for class: org.codehaus.groovy.ast.expr.EmptyExpression>: null

2023-01-04 16:40:01 - [TEST_STEP][PASSED] - errorMsg = <not implemented yet for class: org.codehaus.groovy.ast.expr.EmptyExpression>: null

2023-01-04 16:40:01 - [TEST_STEP][PASSED] - numOfRows = findTestData(dataFile).getRowNumbers(): null

2023-01-04 16:40:01 - [TEST_STEP][PASSED] - println("Number of Records: " + numOfRows): null

2023-01-04 16:40:01 - [TEST_STEP][PASSED] - for ([row = 1, row <= numOfRows, (row++)]): null

2023-01-04 16:40:01 - [TEST_STEP][PASSED] - ExecuteTC = findTestData(dataFile).getValue("Execute", row): null

2023-01-04 16:40:01 - [TEST_STEP][PASSED] - Taxtype = findTestData(dataFile).getValue("TaxType", row): null

2023-01-04 16:40:01 - [TEST_STEP][PASSED] - TaxTypeEL = findTestData(dataFile).getValue("TaxTypeEL", row): null

2023-01-04 16:40:01 - [TEST_STEP][PASSED] - notInvNumber = findTestData(dataFile).getValue("NotiInvoNumber", row): null

2023-01-04 16:40:01 - [TEST_STEP][PASSED] - errorMsg = findTestData(dataFile).getValue("ErrorMessage", row): null

2023-01-04 16:40:01 - [TEST_STEP][PASSED] - out.println("Value of Execute is : " + ExecuteTC): null

2023-01-04 16:40:01 - [TEST_STEP][PASSED] - if (ExecuteTC.equalsIgnoreCase("Y")): null

2023-01-04 16:40:01 - [TEST_STEP][PASSED] - out.println("Begin Record Number: " + row): null

2023-01-04 16:40:01 - [TEST_STEP][PASSED] - today = new java.util.Date(): null

2023-01-04 16:40:01 - [TEST_STEP][PASSED] - println(today): null

2023-01-04 16:40:01 - [TEST_STEP][PASSED] - datText = today: null

2023-01-04 16:40:01 - [TEST_STEP][PASSED] - Taxtype = findTestData(dataFile).getValue("TaxType", row): null

2023-01-04 16:40:01 - [TEST_STEP][PASSED] - out.println("Taxtype value is : " + Taxtype): null

2023-01-04 16:40:01 - [TEST_STEP][PASSED] - openBrowser(""): Browser is opened with url: ''

2023-01-04 16:40:01 - [MESSAGE][INFO] - Starting 'Chrome' driver

2023-01-04 16:40:01 - [MESSAGE][INFO] - User set preference: ['acceptInsecureCerts', 'true']

2023-01-04 16:40:01 - [MESSAGE][INFO] - Action delay is set to 0 milliseconds

2023-01-04 16:40:03 - [MESSAGE][PASSED] - Browser is opened with url: ''

2023-01-04 16:40:03 - [TEST_STEP][PASSED] - maximizeWindow(): Current window maximized

2023-01-04 16:40:03 - [MESSAGE][PASSED] - Current window maximized

2023-01-04 16:40:03 - [TEST_STEP][PASSED] - navigateToUrl(RADurl): Navigate to 'https://qa.velocitypayment.com/client/rad/index.html' successfully

2023-01-04 16:40:05 - [MESSAGE][PASSED] - Navigate to 'https://qa.velocitypayment.com/client/rad/index.html' successfully

2023-01-04 16:40:05 - [TEST_STEP][PASSED] - orPath_Landing = "Object Repository/RAD_Pages/Landing_Page": null

2023-01-04 16:40:05 - [TEST_STEP][PASSED] - orPath_TaxTypeFilingYear = "Object Repository/RAD_Pages/TaxTypeFilingYear_Page": null

2023-01-04 16:40:05 - [TEST_STEP][PASSED] - orPath_TaxPayer = "Object Repository/RAD_Pages/Taxpayer_Page": null

2023-01-04 16:40:05 - [TEST_STEP][PASSED] - orPath_AddressContact = "Object Repository/RAD_Pages/AddressAndContactInfo_Page": null

2023-01-04 16:40:05 - [TEST_STEP][PASSED] - orPath_FilingStatus = "Object Repository/RAD_Pages/FilingStatus_Page": null

2023-01-04 16:40:05 - [TEST_STEP][PASSED] - orPath_Amount = "Object Repository/RAD_Pages/PaymentAmount_Page": null

2023-01-04 16:40:05 - [TEST_STEP][PASSED] - orPath_TaxInfo = "Object Repository/RAD_Pages/TaxInfo_Page": null

2023-01-04 16:40:05 - [TEST_STEP][PASSED] - orPath_Withholding = "Object Repository/RAD_Pages/Withholding_Page": null

2023-01-04 16:40:05 - [TEST_STEP][PASSED] - orPath_Summary = "Object Repository/RAD_Pages/Summary_Page": null

2023-01-04 16:40:05 - [TEST_STEP][PASSED] - orPath_PaymentReady = "Object Repository/RAD_Pages/PaymentReady_Page": null

2023-01-04 16:40:05 - [TEST_STEP][PASSED] - orPath_PaymentEntry = "Object Repository/RAD_Pages/PaymentEntry_Page": null

2023-01-04 16:40:05 - [TEST_STEP][PASSED] - orPath_PaymentConfirmation = "Object Repository/RAD_Pages/PaymentConfirmation_Page": null

2023-01-04 16:40:05 - [TEST_STEP][PASSED] - orPath_ServiceFeesAccept = "Object Repository/RAD_Pages/ServiceFeeAccept_Page": null

2023-01-04 16:40:05 - [TEST_STEP][PASSED] - selectOptionByLabel(findTestObject(orPath_Landing + "/dd_TaxType"), Taxtype, false): All options with label 'Existing Liability' are selected in object 'Object Repository/RAD_Pages/Landing_Page/dd_TaxType' 

2023-01-04 16:40:06 - [MESSAGE][PASSED] - All options with label 'Existing Liability' are selected in object 'Object Repository/RAD_Pages/Landing_Page/dd_TaxType' 

2023-01-04 16:40:06 - [TEST_STEP][PASSED] - delay(1): Delayed 1 second(s)

2023-01-04 16:40:07 - [MESSAGE][PASSED] - Delayed 1 second(s)

2023-01-04 16:40:07 - [TEST_STEP][PASSED] - selectOptionByLabel(findTestObject(orPath_TaxTypeFilingYear + "/select_TaxType_ExistingLiability"), TaxTypeEL, false): All options with label 'Bay Restoration Fund Tax' are selected in object 'Object Repository/RAD_Pages/TaxTypeFilingYear_Page/select_TaxType_ExistingLiability' 

2023-01-04 16:40:08 - [MESSAGE][PASSED] - All options with label 'Bay Restoration Fund Tax' are selected in object 'Object Repository/RAD_Pages/TaxTypeFilingYear_Page/select_TaxType_ExistingLiability' 

2023-01-04 16:40:08 - [TEST_STEP][PASSED] - setText(findTestObject(orPath_TaxInfo + "/input_NoticeInvoiceNumber"), notInvNumber): Text '123456789' is set on object 'Object Repository/RAD_Pages/TaxInfo_Page/input_NoticeInvoiceNumber'

2023-01-04 16:40:09 - [MESSAGE][PASSED] - Text '123456789' is set on object 'Object Repository/RAD_Pages/TaxInfo_Page/input_NoticeInvoiceNumber'

2023-01-04 16:40:09 - [TEST_STEP][PASSED] - setText(findTestObject(orPath_TaxInfo + "/input_reTypeNoticeInvoiceNumber"), notInvNumber): Text '123456789' is set on object 'Object Repository/RAD_Pages/TaxInfo_Page/input_reTypeNoticeInvoiceNumber'

2023-01-04 16:40:10 - [MESSAGE][PASSED] - Text '123456789' is set on object 'Object Repository/RAD_Pages/TaxInfo_Page/input_reTypeNoticeInvoiceNumber'

2023-01-04 16:40:10 - [TEST_STEP][PASSED] - println(notInvNumber): null

2023-01-04 16:40:10 - [TEST_STEP][PASSED] - if (verifyTextPresent(errorMsg, true)): null

2023-01-04 16:40:10 - [MESSAGE][PASSED] - Text 'Notice number length has to be 13 numeric characters' is present on page  using regular expression

2023-01-04 16:40:10 - [TEST_STEP][PASSED] - println("Error Message is present on the page"): null

2023-01-04 16:40:10 - [TEST_STEP][PASSED] - out.println("Pass Record Number: " + row): null

2023-01-04 16:40:10 - [TEST_STEP][PASSED] - resText = "Pass": null

2023-01-04 16:40:10 - [TEST_STEP][PASSED] - pages.WriteExcel.demoKey(resText, datText, resColumn, datCloumn, fileLoc, nameSheet, row): pages.WriteExcel.demoKey is PASSED

2023-01-04 16:40:11 - [MESSAGE][PASSED] - pages.WriteExcel.demoKey is PASSED

2023-01-04 16:40:11 - [TEST_STEP][PASSED] - ExecuteTC = findTestData(dataFile).getValue("Execute", row): null

2023-01-04 16:40:11 - [TEST_STEP][PASSED] - Taxtype = findTestData(dataFile).getValue("TaxType", row): null

2023-01-04 16:40:11 - [TEST_STEP][PASSED] - TaxTypeEL = findTestData(dataFile).getValue("TaxTypeEL", row): null

2023-01-04 16:40:11 - [TEST_STEP][PASSED] - notInvNumber = findTestData(dataFile).getValue("NotiInvoNumber", row): null

2023-01-04 16:40:11 - [TEST_STEP][PASSED] - errorMsg = findTestData(dataFile).getValue("ErrorMessage", row): null

2023-01-04 16:40:11 - [TEST_STEP][PASSED] - out.println("Value of Execute is : " + ExecuteTC): null

2023-01-04 16:40:11 - [TEST_STEP][PASSED] - if (ExecuteTC.equalsIgnoreCase("Y")): null

2023-01-04 16:40:11 - [TEST_STEP][PASSED] - out.println("Begin Record Number: " + row): null

2023-01-04 16:40:11 - [TEST_STEP][PASSED] - today = new java.util.Date(): null

2023-01-04 16:40:11 - [TEST_STEP][PASSED] - println(today): null

2023-01-04 16:40:11 - [TEST_STEP][PASSED] - datText = today: null

2023-01-04 16:40:11 - [TEST_STEP][PASSED] - Taxtype = findTestData(dataFile).getValue("TaxType", row): null

2023-01-04 16:40:11 - [TEST_STEP][PASSED] - out.println("Taxtype value is : " + Taxtype): null

2023-01-04 16:40:11 - [TEST_STEP][PASSED] - openBrowser(""): Browser is opened with url: ''

2023-01-04 16:40:11 - [MESSAGE][WARNING] - A browser is already opened. Closing browser and opening a new one

2023-01-04 16:40:12 - [MESSAGE][INFO] - Starting 'Chrome' driver

2023-01-04 16:40:12 - [MESSAGE][INFO] - User set preference: ['acceptInsecureCerts', 'true']

2023-01-04 16:40:12 - [MESSAGE][INFO] - Action delay is set to 0 milliseconds

2023-01-04 16:40:13 - [MESSAGE][PASSED] - Browser is opened with url: ''

2023-01-04 16:40:13 - [TEST_STEP][PASSED] - maximizeWindow(): Current window maximized

2023-01-04 16:40:13 - [MESSAGE][PASSED] - Current window maximized

2023-01-04 16:40:13 - [TEST_STEP][PASSED] - navigateToUrl(RADurl): Navigate to 'https://qa.velocitypayment.com/client/rad/index.html' successfully

2023-01-04 16:40:15 - [MESSAGE][PASSED] - Navigate to 'https://qa.velocitypayment.com/client/rad/index.html' successfully

2023-01-04 16:40:15 - [TEST_STEP][PASSED] - orPath_Landing = "Object Repository/RAD_Pages/Landing_Page": null

2023-01-04 16:40:15 - [TEST_STEP][PASSED] - orPath_TaxTypeFilingYear = "Object Repository/RAD_Pages/TaxTypeFilingYear_Page": null

2023-01-04 16:40:15 - [TEST_STEP][PASSED] - orPath_TaxPayer = "Object Repository/RAD_Pages/Taxpayer_Page": null

2023-01-04 16:40:15 - [TEST_STEP][PASSED] - orPath_AddressContact = "Object Repository/RAD_Pages/AddressAndContactInfo_Page": null

2023-01-04 16:40:15 - [TEST_STEP][PASSED] - orPath_FilingStatus = "Object Repository/RAD_Pages/FilingStatus_Page": null

2023-01-04 16:40:15 - [TEST_STEP][PASSED] - orPath_Amount = "Object Repository/RAD_Pages/PaymentAmount_Page": null

2023-01-04 16:40:15 - [TEST_STEP][PASSED] - orPath_TaxInfo = "Object Repository/RAD_Pages/TaxInfo_Page": null

2023-01-04 16:40:15 - [TEST_STEP][PASSED] - orPath_Withholding = "Object Repository/RAD_Pages/Withholding_Page": null

2023-01-04 16:40:15 - [TEST_STEP][PASSED] - orPath_Summary = "Object Repository/RAD_Pages/Summary_Page": null

2023-01-04 16:40:15 - [TEST_STEP][PASSED] - orPath_PaymentReady = "Object Repository/RAD_Pages/PaymentReady_Page": null

2023-01-04 16:40:15 - [TEST_STEP][PASSED] - orPath_PaymentEntry = "Object Repository/RAD_Pages/PaymentEntry_Page": null

2023-01-04 16:40:15 - [TEST_STEP][PASSED] - orPath_PaymentConfirmation = "Object Repository/RAD_Pages/PaymentConfirmation_Page": null

2023-01-04 16:40:15 - [TEST_STEP][PASSED] - orPath_ServiceFeesAccept = "Object Repository/RAD_Pages/ServiceFeeAccept_Page": null

2023-01-04 16:40:15 - [TEST_STEP][PASSED] - selectOptionByLabel(findTestObject(orPath_Landing + "/dd_TaxType"), Taxtype, false): All options with label 'Existing Liability' are selected in object 'Object Repository/RAD_Pages/Landing_Page/dd_TaxType' 

2023-01-04 16:40:16 - [MESSAGE][PASSED] - All options with label 'Existing Liability' are selected in object 'Object Repository/RAD_Pages/Landing_Page/dd_TaxType' 

2023-01-04 16:40:16 - [TEST_STEP][PASSED] - delay(1): Delayed 1 second(s)

2023-01-04 16:40:17 - [MESSAGE][PASSED] - Delayed 1 second(s)

2023-01-04 16:40:17 - [TEST_STEP][PASSED] - selectOptionByLabel(findTestObject(orPath_TaxTypeFilingYear + "/select_TaxType_ExistingLiability"), TaxTypeEL, false): All options with label 'CORP Tax' are selected in object 'Object Repository/RAD_Pages/TaxTypeFilingYear_Page/select_TaxType_ExistingLiability' 

2023-01-04 16:40:17 - [MESSAGE][PASSED] - All options with label 'CORP Tax' are selected in object 'Object Repository/RAD_Pages/TaxTypeFilingYear_Page/select_TaxType_ExistingLiability' 

2023-01-04 16:40:17 - [TEST_STEP][PASSED] - setText(findTestObject(orPath_TaxInfo + "/input_NoticeInvoiceNumber"), notInvNumber): Text '123456789' is set on object 'Object Repository/RAD_Pages/TaxInfo_Page/input_NoticeInvoiceNumber'

2023-01-04 16:40:18 - [MESSAGE][PASSED] - Text '123456789' is set on object 'Object Repository/RAD_Pages/TaxInfo_Page/input_NoticeInvoiceNumber'

2023-01-04 16:40:18 - [TEST_STEP][PASSED] - setText(findTestObject(orPath_TaxInfo + "/input_reTypeNoticeInvoiceNumber"), notInvNumber): Text '123456789' is set on object 'Object Repository/RAD_Pages/TaxInfo_Page/input_reTypeNoticeInvoiceNumber'

2023-01-04 16:40:19 - [MESSAGE][PASSED] - Text '123456789' is set on object 'Object Repository/RAD_Pages/TaxInfo_Page/input_reTypeNoticeInvoiceNumber'

2023-01-04 16:40:19 - [TEST_STEP][PASSED] - println(notInvNumber): null

2023-01-04 16:40:19 - [TEST_STEP][PASSED] - if (verifyTextPresent(errorMsg, true)): null

2023-01-04 16:40:20 - [MESSAGE][PASSED] - Text 'Invoice number length has to be 10 or 13 numeric characters' is present on page  using regular expression

2023-01-04 16:40:20 - [TEST_STEP][PASSED] - println("Error Message is present on the page"): null

2023-01-04 16:40:20 - [TEST_STEP][PASSED] - out.println("Pass Record Number: " + row): null

2023-01-04 16:40:20 - [TEST_STEP][PASSED] - resText = "Pass": null

2023-01-04 16:40:20 - [TEST_STEP][PASSED] - pages.WriteExcel.demoKey(resText, datText, resColumn, datCloumn, fileLoc, nameSheet, row): pages.WriteExcel.demoKey is PASSED

2023-01-04 16:40:20 - [MESSAGE][PASSED] - pages.WriteExcel.demoKey is PASSED

2023-01-04 16:40:20 - [TEST_STEP][PASSED] - ExecuteTC = findTestData(dataFile).getValue("Execute", row): null

2023-01-04 16:40:20 - [TEST_STEP][PASSED] - Taxtype = findTestData(dataFile).getValue("TaxType", row): null

2023-01-04 16:40:20 - [TEST_STEP][PASSED] - TaxTypeEL = findTestData(dataFile).getValue("TaxTypeEL", row): null

2023-01-04 16:40:20 - [TEST_STEP][PASSED] - notInvNumber = findTestData(dataFile).getValue("NotiInvoNumber", row): null

2023-01-04 16:40:20 - [TEST_STEP][PASSED] - errorMsg = findTestData(dataFile).getValue("ErrorMessage", row): null

2023-01-04 16:40:20 - [TEST_STEP][PASSED] - out.println("Value of Execute is : " + ExecuteTC): null

2023-01-04 16:40:20 - [TEST_STEP][PASSED] - if (ExecuteTC.equalsIgnoreCase("Y")): null

2023-01-04 16:40:20 - [TEST_STEP][PASSED] - out.println("Begin Record Number: " + row): null

2023-01-04 16:40:20 - [TEST_STEP][PASSED] - today = new java.util.Date(): null

2023-01-04 16:40:20 - [TEST_STEP][PASSED] - println(today): null

2023-01-04 16:40:20 - [TEST_STEP][PASSED] - datText = today: null

2023-01-04 16:40:20 - [TEST_STEP][PASSED] - Taxtype = findTestData(dataFile).getValue("TaxType", row): null

2023-01-04 16:40:20 - [TEST_STEP][PASSED] - out.println("Taxtype value is : " + Taxtype): null

2023-01-04 16:40:20 - [TEST_STEP][PASSED] - openBrowser(""): Browser is opened with url: ''

2023-01-04 16:40:20 - [MESSAGE][WARNING] - A browser is already opened. Closing browser and opening a new one

2023-01-04 16:40:21 - [MESSAGE][INFO] - Starting 'Chrome' driver

2023-01-04 16:40:21 - [MESSAGE][INFO] - User set preference: ['acceptInsecureCerts', 'true']

2023-01-04 16:40:21 - [MESSAGE][INFO] - Action delay is set to 0 milliseconds

2023-01-04 16:40:23 - [MESSAGE][PASSED] - Browser is opened with url: ''

2023-01-04 16:40:23 - [TEST_STEP][PASSED] - maximizeWindow(): Current window maximized

2023-01-04 16:40:23 - [MESSAGE][PASSED] - Current window maximized

2023-01-04 16:40:23 - [TEST_STEP][PASSED] - navigateToUrl(RADurl): Navigate to 'https://qa.velocitypayment.com/client/rad/index.html' successfully

2023-01-04 16:40:25 - [MESSAGE][PASSED] - Navigate to 'https://qa.velocitypayment.com/client/rad/index.html' successfully

2023-01-04 16:40:25 - [TEST_STEP][PASSED] - orPath_Landing = "Object Repository/RAD_Pages/Landing_Page": null

2023-01-04 16:40:25 - [TEST_STEP][PASSED] - orPath_TaxTypeFilingYear = "Object Repository/RAD_Pages/TaxTypeFilingYear_Page": null

2023-01-04 16:40:25 - [TEST_STEP][PASSED] - orPath_TaxPayer = "Object Repository/RAD_Pages/Taxpayer_Page": null

2023-01-04 16:40:25 - [TEST_STEP][PASSED] - orPath_AddressContact = "Object Repository/RAD_Pages/AddressAndContactInfo_Page": null

2023-01-04 16:40:25 - [TEST_STEP][PASSED] - orPath_FilingStatus = "Object Repository/RAD_Pages/FilingStatus_Page": null

2023-01-04 16:40:25 - [TEST_STEP][PASSED] - orPath_Amount = "Object Repository/RAD_Pages/PaymentAmount_Page": null

2023-01-04 16:40:25 - [TEST_STEP][PASSED] - orPath_TaxInfo = "Object Repository/RAD_Pages/TaxInfo_Page": null

2023-01-04 16:40:25 - [TEST_STEP][PASSED] - orPath_Withholding = "Object Repository/RAD_Pages/Withholding_Page": null

2023-01-04 16:40:25 - [TEST_STEP][PASSED] - orPath_Summary = "Object Repository/RAD_Pages/Summary_Page": null

2023-01-04 16:40:25 - [TEST_STEP][PASSED] - orPath_PaymentReady = "Object Repository/RAD_Pages/PaymentReady_Page": null

2023-01-04 16:40:25 - [TEST_STEP][PASSED] - orPath_PaymentEntry = "Object Repository/RAD_Pages/PaymentEntry_Page": null

2023-01-04 16:40:25 - [TEST_STEP][PASSED] - orPath_PaymentConfirmation = "Object Repository/RAD_Pages/PaymentConfirmation_Page": null

2023-01-04 16:40:25 - [TEST_STEP][PASSED] - orPath_ServiceFeesAccept = "Object Repository/RAD_Pages/ServiceFeeAccept_Page": null

2023-01-04 16:40:25 - [TEST_STEP][PASSED] - selectOptionByLabel(findTestObject(orPath_Landing + "/dd_TaxType"), Taxtype, false): All options with label 'Existing Liability' are selected in object 'Object Repository/RAD_Pages/Landing_Page/dd_TaxType' 

2023-01-04 16:40:25 - [MESSAGE][PASSED] - All options with label 'Existing Liability' are selected in object 'Object Repository/RAD_Pages/Landing_Page/dd_TaxType' 

2023-01-04 16:40:25 - [TEST_STEP][PASSED] - delay(1): Delayed 1 second(s)

2023-01-04 16:40:26 - [MESSAGE][PASSED] - Delayed 1 second(s)

2023-01-04 16:40:26 - [TEST_STEP][PASSED] - selectOptionByLabel(findTestObject(orPath_TaxTypeFilingYear + "/select_TaxType_ExistingLiability"), TaxTypeEL, false): All options with label 'CORP Tax' are selected in object 'Object Repository/RAD_Pages/TaxTypeFilingYear_Page/select_TaxType_ExistingLiability' 

2023-01-04 16:40:27 - [MESSAGE][PASSED] - All options with label 'CORP Tax' are selected in object 'Object Repository/RAD_Pages/TaxTypeFilingYear_Page/select_TaxType_ExistingLiability' 

2023-01-04 16:40:27 - [TEST_STEP][PASSED] - setText(findTestObject(orPath_TaxInfo + "/input_NoticeInvoiceNumber"), notInvNumber): Text '12345678901' is set on object 'Object Repository/RAD_Pages/TaxInfo_Page/input_NoticeInvoiceNumber'

2023-01-04 16:40:28 - [MESSAGE][PASSED] - Text '12345678901' is set on object 'Object Repository/RAD_Pages/TaxInfo_Page/input_NoticeInvoiceNumber'

2023-01-04 16:40:28 - [TEST_STEP][PASSED] - setText(findTestObject(orPath_TaxInfo + "/input_reTypeNoticeInvoiceNumber"), notInvNumber): Text '12345678901' is set on object 'Object Repository/RAD_Pages/TaxInfo_Page/input_reTypeNoticeInvoiceNumber'

2023-01-04 16:40:29 - [MESSAGE][PASSED] - Text '12345678901' is set on object 'Object Repository/RAD_Pages/TaxInfo_Page/input_reTypeNoticeInvoiceNumber'

2023-01-04 16:40:29 - [TEST_STEP][PASSED] - println(notInvNumber): null

2023-01-04 16:40:29 - [TEST_STEP][PASSED] - if (verifyTextPresent(errorMsg, true)): null

2023-01-04 16:40:30 - [MESSAGE][PASSED] - Text 'Invoice number length has to be 10 or 13 numeric characters' is present on page  using regular expression

2023-01-04 16:40:30 - [TEST_STEP][PASSED] - println("Error Message is present on the page"): null

2023-01-04 16:40:30 - [TEST_STEP][PASSED] - out.println("Pass Record Number: " + row): null

2023-01-04 16:40:30 - [TEST_STEP][PASSED] - resText = "Pass": null

2023-01-04 16:40:30 - [TEST_STEP][PASSED] - pages.WriteExcel.demoKey(resText, datText, resColumn, datCloumn, fileLoc, nameSheet, row): pages.WriteExcel.demoKey is PASSED

2023-01-04 16:40:30 - [MESSAGE][PASSED] - pages.WriteExcel.demoKey is PASSED

2023-01-04 16:40:30 - [TEST_STEP][PASSED] - ExecuteTC = findTestData(dataFile).getValue("Execute", row): null

2023-01-04 16:40:30 - [TEST_STEP][PASSED] - Taxtype = findTestData(dataFile).getValue("TaxType", row): null

2023-01-04 16:40:30 - [TEST_STEP][PASSED] - TaxTypeEL = findTestData(dataFile).getValue("TaxTypeEL", row): null

2023-01-04 16:40:30 - [TEST_STEP][PASSED] - notInvNumber = findTestData(dataFile).getValue("NotiInvoNumber", row): null

2023-01-04 16:40:30 - [TEST_STEP][PASSED] - errorMsg = findTestData(dataFile).getValue("ErrorMessage", row): null

2023-01-04 16:40:30 - [TEST_STEP][PASSED] - out.println("Value of Execute is : " + ExecuteTC): null

2023-01-04 16:40:30 - [TEST_STEP][PASSED] - if (ExecuteTC.equalsIgnoreCase("Y")): null

2023-01-04 16:40:30 - [TEST_STEP][PASSED] - out.println("Begin Record Number: " + row): null

2023-01-04 16:40:30 - [TEST_STEP][PASSED] - today = new java.util.Date(): null

2023-01-04 16:40:30 - [TEST_STEP][PASSED] - println(today): null

2023-01-04 16:40:30 - [TEST_STEP][PASSED] - datText = today: null

2023-01-04 16:40:30 - [TEST_STEP][PASSED] - Taxtype = findTestData(dataFile).getValue("TaxType", row): null

2023-01-04 16:40:30 - [TEST_STEP][PASSED] - out.println("Taxtype value is : " + Taxtype): null

2023-01-04 16:40:30 - [TEST_STEP][PASSED] - openBrowser(""): Browser is opened with url: ''

2023-01-04 16:40:30 - [MESSAGE][WARNING] - A browser is already opened. Closing browser and opening a new one

2023-01-04 16:40:31 - [MESSAGE][INFO] - Starting 'Chrome' driver

2023-01-04 16:40:31 - [MESSAGE][INFO] - User set preference: ['acceptInsecureCerts', 'true']

2023-01-04 16:40:31 - [MESSAGE][INFO] - Action delay is set to 0 milliseconds

2023-01-04 16:40:33 - [MESSAGE][PASSED] - Browser is opened with url: ''

2023-01-04 16:40:33 - [TEST_STEP][PASSED] - maximizeWindow(): Current window maximized

2023-01-04 16:40:33 - [MESSAGE][PASSED] - Current window maximized

2023-01-04 16:40:33 - [TEST_STEP][PASSED] - navigateToUrl(RADurl): Navigate to 'https://qa.velocitypayment.com/client/rad/index.html' successfully

2023-01-04 16:40:35 - [MESSAGE][PASSED] - Navigate to 'https://qa.velocitypayment.com/client/rad/index.html' successfully

2023-01-04 16:40:35 - [TEST_STEP][PASSED] - orPath_Landing = "Object Repository/RAD_Pages/Landing_Page": null

2023-01-04 16:40:35 - [TEST_STEP][PASSED] - orPath_TaxTypeFilingYear = "Object Repository/RAD_Pages/TaxTypeFilingYear_Page": null

2023-01-04 16:40:35 - [TEST_STEP][PASSED] - orPath_TaxPayer = "Object Repository/RAD_Pages/Taxpayer_Page": null

2023-01-04 16:40:35 - [TEST_STEP][PASSED] - orPath_AddressContact = "Object Repository/RAD_Pages/AddressAndContactInfo_Page": null

2023-01-04 16:40:35 - [TEST_STEP][PASSED] - orPath_FilingStatus = "Object Repository/RAD_Pages/FilingStatus_Page": null

2023-01-04 16:40:35 - [TEST_STEP][PASSED] - orPath_Amount = "Object Repository/RAD_Pages/PaymentAmount_Page": null

2023-01-04 16:40:35 - [TEST_STEP][PASSED] - orPath_TaxInfo = "Object Repository/RAD_Pages/TaxInfo_Page": null

2023-01-04 16:40:35 - [TEST_STEP][PASSED] - orPath_Withholding = "Object Repository/RAD_Pages/Withholding_Page": null

2023-01-04 16:40:35 - [TEST_STEP][PASSED] - orPath_Summary = "Object Repository/RAD_Pages/Summary_Page": null

2023-01-04 16:40:35 - [TEST_STEP][PASSED] - orPath_PaymentReady = "Object Repository/RAD_Pages/PaymentReady_Page": null

2023-01-04 16:40:35 - [TEST_STEP][PASSED] - orPath_PaymentEntry = "Object Repository/RAD_Pages/PaymentEntry_Page": null

2023-01-04 16:40:35 - [TEST_STEP][PASSED] - orPath_PaymentConfirmation = "Object Repository/RAD_Pages/PaymentConfirmation_Page": null

2023-01-04 16:40:35 - [TEST_STEP][PASSED] - orPath_ServiceFeesAccept = "Object Repository/RAD_Pages/ServiceFeeAccept_Page": null

2023-01-04 16:40:35 - [TEST_STEP][PASSED] - selectOptionByLabel(findTestObject(orPath_Landing + "/dd_TaxType"), Taxtype, false): All options with label 'Existing Liability' are selected in object 'Object Repository/RAD_Pages/Landing_Page/dd_TaxType' 

2023-01-04 16:40:35 - [MESSAGE][PASSED] - All options with label 'Existing Liability' are selected in object 'Object Repository/RAD_Pages/Landing_Page/dd_TaxType' 

2023-01-04 16:40:35 - [TEST_STEP][PASSED] - delay(1): Delayed 1 second(s)

2023-01-04 16:40:36 - [MESSAGE][PASSED] - Delayed 1 second(s)

2023-01-04 16:40:36 - [TEST_STEP][PASSED] - selectOptionByLabel(findTestObject(orPath_TaxTypeFilingYear + "/select_TaxType_ExistingLiability"), TaxTypeEL, false): All options with label 'CORP Tax' are selected in object 'Object Repository/RAD_Pages/TaxTypeFilingYear_Page/select_TaxType_ExistingLiability' 

2023-01-04 16:40:37 - [MESSAGE][PASSED] - All options with label 'CORP Tax' are selected in object 'Object Repository/RAD_Pages/TaxTypeFilingYear_Page/select_TaxType_ExistingLiability' 

2023-01-04 16:40:37 - [TEST_STEP][PASSED] - setText(findTestObject(orPath_TaxInfo + "/input_NoticeInvoiceNumber"), notInvNumber): Text '123456789012' is set on object 'Object Repository/RAD_Pages/TaxInfo_Page/input_NoticeInvoiceNumber'

2023-01-04 16:40:38 - [MESSAGE][PASSED] - Text '123456789012' is set on object 'Object Repository/RAD_Pages/TaxInfo_Page/input_NoticeInvoiceNumber'

2023-01-04 16:40:38 - [TEST_STEP][PASSED] - setText(findTestObject(orPath_TaxInfo + "/input_reTypeNoticeInvoiceNumber"), notInvNumber): Text '123456789012' is set on object 'Object Repository/RAD_Pages/TaxInfo_Page/input_reTypeNoticeInvoiceNumber'

2023-01-04 16:40:39 - [MESSAGE][PASSED] - Text '123456789012' is set on object 'Object Repository/RAD_Pages/TaxInfo_Page/input_reTypeNoticeInvoiceNumber'

2023-01-04 16:40:39 - [TEST_STEP][PASSED] - println(notInvNumber): null

2023-01-04 16:40:39 - [TEST_STEP][PASSED] - if (verifyTextPresent(errorMsg, true)): null

2023-01-04 16:40:40 - [MESSAGE][PASSED] - Text 'Invoice number length has to be 10 or 13 numeric characters' is present on page  using regular expression

2023-01-04 16:40:40 - [TEST_STEP][PASSED] - println("Error Message is present on the page"): null

2023-01-04 16:40:40 - [TEST_STEP][PASSED] - out.println("Pass Record Number: " + row): null

2023-01-04 16:40:40 - [TEST_STEP][PASSED] - resText = "Pass": null

2023-01-04 16:40:40 - [TEST_STEP][PASSED] - pages.WriteExcel.demoKey(resText, datText, resColumn, datCloumn, fileLoc, nameSheet, row): pages.WriteExcel.demoKey is PASSED

2023-01-04 16:40:40 - [MESSAGE][PASSED] - pages.WriteExcel.demoKey is PASSED

2023-01-04 16:40:40 - [TEST_STEP][PASSED] - ExecuteTC = findTestData(dataFile).getValue("Execute", row): null

2023-01-04 16:40:40 - [TEST_STEP][PASSED] - Taxtype = findTestData(dataFile).getValue("TaxType", row): null

2023-01-04 16:40:40 - [TEST_STEP][PASSED] - TaxTypeEL = findTestData(dataFile).getValue("TaxTypeEL", row): null

2023-01-04 16:40:40 - [TEST_STEP][PASSED] - notInvNumber = findTestData(dataFile).getValue("NotiInvoNumber", row): null

2023-01-04 16:40:40 - [TEST_STEP][PASSED] - errorMsg = findTestData(dataFile).getValue("ErrorMessage", row): null

2023-01-04 16:40:40 - [TEST_STEP][PASSED] - out.println("Value of Execute is : " + ExecuteTC): null

2023-01-04 16:40:40 - [TEST_STEP][PASSED] - if (ExecuteTC.equalsIgnoreCase("Y")): null

2023-01-04 16:40:40 - [TEST_STEP][PASSED] - out.println("Begin Record Number: " + row): null

2023-01-04 16:40:40 - [TEST_STEP][PASSED] - today = new java.util.Date(): null

2023-01-04 16:40:40 - [TEST_STEP][PASSED] - println(today): null

2023-01-04 16:40:40 - [TEST_STEP][PASSED] - datText = today: null

2023-01-04 16:40:40 - [TEST_STEP][PASSED] - Taxtype = findTestData(dataFile).getValue("TaxType", row): null

2023-01-04 16:40:40 - [TEST_STEP][PASSED] - out.println("Taxtype value is : " + Taxtype): null

2023-01-04 16:40:40 - [TEST_STEP][PASSED] - openBrowser(""): Browser is opened with url: ''

2023-01-04 16:40:40 - [MESSAGE][WARNING] - A browser is already opened. Closing browser and opening a new one

2023-01-04 16:40:41 - [MESSAGE][INFO] - Starting 'Chrome' driver

2023-01-04 16:40:41 - [MESSAGE][INFO] - User set preference: ['acceptInsecureCerts', 'true']

2023-01-04 16:40:41 - [MESSAGE][INFO] - Action delay is set to 0 milliseconds

2023-01-04 16:40:43 - [MESSAGE][PASSED] - Browser is opened with url: ''

2023-01-04 16:40:43 - [TEST_STEP][PASSED] - maximizeWindow(): Current window maximized

2023-01-04 16:40:43 - [MESSAGE][PASSED] - Current window maximized

2023-01-04 16:40:43 - [TEST_STEP][PASSED] - navigateToUrl(RADurl): Navigate to 'https://qa.velocitypayment.com/client/rad/index.html' successfully

2023-01-04 16:40:45 - [MESSAGE][PASSED] - Navigate to 'https://qa.velocitypayment.com/client/rad/index.html' successfully

2023-01-04 16:40:45 - [TEST_STEP][PASSED] - orPath_Landing = "Object Repository/RAD_Pages/Landing_Page": null

2023-01-04 16:40:45 - [TEST_STEP][PASSED] - orPath_TaxTypeFilingYear = "Object Repository/RAD_Pages/TaxTypeFilingYear_Page": null

2023-01-04 16:40:45 - [TEST_STEP][PASSED] - orPath_TaxPayer = "Object Repository/RAD_Pages/Taxpayer_Page": null

2023-01-04 16:40:45 - [TEST_STEP][PASSED] - orPath_AddressContact = "Object Repository/RAD_Pages/AddressAndContactInfo_Page": null

2023-01-04 16:40:45 - [TEST_STEP][PASSED] - orPath_FilingStatus = "Object Repository/RAD_Pages/FilingStatus_Page": null

2023-01-04 16:40:45 - [TEST_STEP][PASSED] - orPath_Amount = "Object Repository/RAD_Pages/PaymentAmount_Page": null

2023-01-04 16:40:45 - [TEST_STEP][PASSED] - orPath_TaxInfo = "Object Repository/RAD_Pages/TaxInfo_Page": null

2023-01-04 16:40:45 - [TEST_STEP][PASSED] - orPath_Withholding = "Object Repository/RAD_Pages/Withholding_Page": null

2023-01-04 16:40:45 - [TEST_STEP][PASSED] - orPath_Summary = "Object Repository/RAD_Pages/Summary_Page": null

2023-01-04 16:40:45 - [TEST_STEP][PASSED] - orPath_PaymentReady = "Object Repository/RAD_Pages/PaymentReady_Page": null

2023-01-04 16:40:45 - [TEST_STEP][PASSED] - orPath_PaymentEntry = "Object Repository/RAD_Pages/PaymentEntry_Page": null

2023-01-04 16:40:45 - [TEST_STEP][PASSED] - orPath_PaymentConfirmation = "Object Repository/RAD_Pages/PaymentConfirmation_Page": null

2023-01-04 16:40:45 - [TEST_STEP][PASSED] - orPath_ServiceFeesAccept = "Object Repository/RAD_Pages/ServiceFeeAccept_Page": null

2023-01-04 16:40:45 - [TEST_STEP][PASSED] - selectOptionByLabel(findTestObject(orPath_Landing + "/dd_TaxType"), Taxtype, false): All options with label 'Existing Liability' are selected in object 'Object Repository/RAD_Pages/Landing_Page/dd_TaxType' 

2023-01-04 16:40:46 - [MESSAGE][PASSED] - All options with label 'Existing Liability' are selected in object 'Object Repository/RAD_Pages/Landing_Page/dd_TaxType' 

2023-01-04 16:40:46 - [TEST_STEP][PASSED] - delay(1): Delayed 1 second(s)

2023-01-04 16:40:47 - [MESSAGE][PASSED] - Delayed 1 second(s)

2023-01-04 16:40:47 - [TEST_STEP][PASSED] - selectOptionByLabel(findTestObject(orPath_TaxTypeFilingYear + "/select_TaxType_ExistingLiability"), TaxTypeEL, false): All options with label 'Fiduciary Tax' are selected in object 'Object Repository/RAD_Pages/TaxTypeFilingYear_Page/select_TaxType_ExistingLiability' 

2023-01-04 16:40:48 - [MESSAGE][PASSED] - All options with label 'Fiduciary Tax' are selected in object 'Object Repository/RAD_Pages/TaxTypeFilingYear_Page/select_TaxType_ExistingLiability' 

2023-01-04 16:40:48 - [TEST_STEP][PASSED] - setText(findTestObject(orPath_TaxInfo + "/input_NoticeInvoiceNumber"), notInvNumber): Text '123456789' is set on object 'Object Repository/RAD_Pages/TaxInfo_Page/input_NoticeInvoiceNumber'

2023-01-04 16:40:49 - [MESSAGE][PASSED] - Text '123456789' is set on object 'Object Repository/RAD_Pages/TaxInfo_Page/input_NoticeInvoiceNumber'

2023-01-04 16:40:49 - [TEST_STEP][PASSED] - setText(findTestObject(orPath_TaxInfo + "/input_reTypeNoticeInvoiceNumber"), notInvNumber): Text '123456789' is set on object 'Object Repository/RAD_Pages/TaxInfo_Page/input_reTypeNoticeInvoiceNumber'

2023-01-04 16:40:50 - [MESSAGE][PASSED] - Text '123456789' is set on object 'Object Repository/RAD_Pages/TaxInfo_Page/input_reTypeNoticeInvoiceNumber'

2023-01-04 16:40:50 - [TEST_STEP][PASSED] - println(notInvNumber): null

2023-01-04 16:40:50 - [TEST_STEP][PASSED] - if (verifyTextPresent(errorMsg, true)): null

2023-01-04 16:40:51 - [MESSAGE][PASSED] - Text 'Notice number length has to be 13 numeric characters' is present on page  using regular expression

2023-01-04 16:40:51 - [TEST_STEP][PASSED] - println("Error Message is present on the page"): null

2023-01-04 16:40:51 - [TEST_STEP][PASSED] - out.println("Pass Record Number: " + row): null

2023-01-04 16:40:51 - [TEST_STEP][PASSED] - resText = "Pass": null

2023-01-04 16:40:51 - [TEST_STEP][PASSED] - pages.WriteExcel.demoKey(resText, datText, resColumn, datCloumn, fileLoc, nameSheet, row): pages.WriteExcel.demoKey is PASSED

2023-01-04 16:40:51 - [MESSAGE][PASSED] - pages.WriteExcel.demoKey is PASSED

2023-01-04 16:40:51 - [TEST_STEP][PASSED] - ExecuteTC = findTestData(dataFile).getValue("Execute", row): null

2023-01-04 16:40:51 - [TEST_STEP][PASSED] - Taxtype = findTestData(dataFile).getValue("TaxType", row): null

2023-01-04 16:40:51 - [TEST_STEP][PASSED] - TaxTypeEL = findTestData(dataFile).getValue("TaxTypeEL", row): null

2023-01-04 16:40:51 - [TEST_STEP][PASSED] - notInvNumber = findTestData(dataFile).getValue("NotiInvoNumber", row): null

2023-01-04 16:40:51 - [TEST_STEP][PASSED] - errorMsg = findTestData(dataFile).getValue("ErrorMessage", row): null

2023-01-04 16:40:51 - [TEST_STEP][PASSED] - out.println("Value of Execute is : " + ExecuteTC): null

2023-01-04 16:40:51 - [TEST_STEP][PASSED] - if (ExecuteTC.equalsIgnoreCase("Y")): null

2023-01-04 16:40:51 - [TEST_STEP][PASSED] - out.println("Begin Record Number: " + row): null

2023-01-04 16:40:51 - [TEST_STEP][PASSED] - today = new java.util.Date(): null

2023-01-04 16:40:51 - [TEST_STEP][PASSED] - println(today): null

2023-01-04 16:40:51 - [TEST_STEP][PASSED] - datText = today: null

2023-01-04 16:40:51 - [TEST_STEP][PASSED] - Taxtype = findTestData(dataFile).getValue("TaxType", row): null

2023-01-04 16:40:51 - [TEST_STEP][PASSED] - out.println("Taxtype value is : " + Taxtype): null

2023-01-04 16:40:51 - [TEST_STEP][PASSED] - openBrowser(""): Browser is opened with url: ''

2023-01-04 16:40:51 - [MESSAGE][WARNING] - A browser is already opened. Closing browser and opening a new one

2023-01-04 16:40:52 - [MESSAGE][INFO] - Starting 'Chrome' driver

2023-01-04 16:40:52 - [MESSAGE][INFO] - User set preference: ['acceptInsecureCerts', 'true']

2023-01-04 16:40:52 - [MESSAGE][INFO] - Action delay is set to 0 milliseconds

2023-01-04 16:40:53 - [MESSAGE][PASSED] - Browser is opened with url: ''

2023-01-04 16:40:53 - [TEST_STEP][PASSED] - maximizeWindow(): Current window maximized

2023-01-04 16:40:54 - [MESSAGE][PASSED] - Current window maximized

2023-01-04 16:40:54 - [TEST_STEP][PASSED] - navigateToUrl(RADurl): Navigate to 'https://qa.velocitypayment.com/client/rad/index.html' successfully

2023-01-04 16:40:55 - [MESSAGE][PASSED] - Navigate to 'https://qa.velocitypayment.com/client/rad/index.html' successfully

2023-01-04 16:40:55 - [TEST_STEP][PASSED] - orPath_Landing = "Object Repository/RAD_Pages/Landing_Page": null

2023-01-04 16:40:55 - [TEST_STEP][PASSED] - orPath_TaxTypeFilingYear = "Object Repository/RAD_Pages/TaxTypeFilingYear_Page": null

2023-01-04 16:40:55 - [TEST_STEP][PASSED] - orPath_TaxPayer = "Object Repository/RAD_Pages/Taxpayer_Page": null

2023-01-04 16:40:55 - [TEST_STEP][PASSED] - orPath_AddressContact = "Object Repository/RAD_Pages/AddressAndContactInfo_Page": null

2023-01-04 16:40:55 - [TEST_STEP][PASSED] - orPath_FilingStatus = "Object Repository/RAD_Pages/FilingStatus_Page": null

2023-01-04 16:40:55 - [TEST_STEP][PASSED] - orPath_Amount = "Object Repository/RAD_Pages/PaymentAmount_Page": null

2023-01-04 16:40:55 - [TEST_STEP][PASSED] - orPath_TaxInfo = "Object Repository/RAD_Pages/TaxInfo_Page": null

2023-01-04 16:40:55 - [TEST_STEP][PASSED] - orPath_Withholding = "Object Repository/RAD_Pages/Withholding_Page": null

2023-01-04 16:40:55 - [TEST_STEP][PASSED] - orPath_Summary = "Object Repository/RAD_Pages/Summary_Page": null

2023-01-04 16:40:55 - [TEST_STEP][PASSED] - orPath_PaymentReady = "Object Repository/RAD_Pages/PaymentReady_Page": null

2023-01-04 16:40:55 - [TEST_STEP][PASSED] - orPath_PaymentEntry = "Object Repository/RAD_Pages/PaymentEntry_Page": null

2023-01-04 16:40:55 - [TEST_STEP][PASSED] - orPath_PaymentConfirmation = "Object Repository/RAD_Pages/PaymentConfirmation_Page": null

2023-01-04 16:40:55 - [TEST_STEP][PASSED] - orPath_ServiceFeesAccept = "Object Repository/RAD_Pages/ServiceFeeAccept_Page": null

2023-01-04 16:40:55 - [TEST_STEP][PASSED] - selectOptionByLabel(findTestObject(orPath_Landing + "/dd_TaxType"), Taxtype, false): All options with label 'Existing Liability' are selected in object 'Object Repository/RAD_Pages/Landing_Page/dd_TaxType' 

2023-01-04 16:40:56 - [MESSAGE][PASSED] - All options with label 'Existing Liability' are selected in object 'Object Repository/RAD_Pages/Landing_Page/dd_TaxType' 

2023-01-04 16:40:56 - [TEST_STEP][PASSED] - delay(1): Delayed 1 second(s)

2023-01-04 16:40:57 - [MESSAGE][PASSED] - Delayed 1 second(s)

2023-01-04 16:40:57 - [TEST_STEP][PASSED] - selectOptionByLabel(findTestObject(orPath_TaxTypeFilingYear + "/select_TaxType_ExistingLiability"), TaxTypeEL, false): All options with label 'Personal Tax' are selected in object 'Object Repository/RAD_Pages/TaxTypeFilingYear_Page/select_TaxType_ExistingLiability' 

2023-01-04 16:40:58 - [MESSAGE][PASSED] - All options with label 'Personal Tax' are selected in object 'Object Repository/RAD_Pages/TaxTypeFilingYear_Page/select_TaxType_ExistingLiability' 

2023-01-04 16:40:58 - [TEST_STEP][PASSED] - setText(findTestObject(orPath_TaxInfo + "/input_NoticeInvoiceNumber"), notInvNumber): Text '123456789' is set on object 'Object Repository/RAD_Pages/TaxInfo_Page/input_NoticeInvoiceNumber'

2023-01-04 16:40:59 - [MESSAGE][PASSED] - Text '123456789' is set on object 'Object Repository/RAD_Pages/TaxInfo_Page/input_NoticeInvoiceNumber'

2023-01-04 16:40:59 - [TEST_STEP][PASSED] - setText(findTestObject(orPath_TaxInfo + "/input_reTypeNoticeInvoiceNumber"), notInvNumber): Text '123456789' is set on object 'Object Repository/RAD_Pages/TaxInfo_Page/input_reTypeNoticeInvoiceNumber'

2023-01-04 16:41:00 - [MESSAGE][PASSED] - Text '123456789' is set on object 'Object Repository/RAD_Pages/TaxInfo_Page/input_reTypeNoticeInvoiceNumber'

2023-01-04 16:41:00 - [TEST_STEP][PASSED] - println(notInvNumber): null

2023-01-04 16:41:00 - [TEST_STEP][PASSED] - if (verifyTextPresent(errorMsg, true)): null

2023-01-04 16:41:01 - [MESSAGE][PASSED] - Text 'Notice number length has to be 13 numeric characters' is present on page  using regular expression

2023-01-04 16:41:01 - [TEST_STEP][PASSED] - println("Error Message is present on the page"): null

2023-01-04 16:41:01 - [TEST_STEP][PASSED] - out.println("Pass Record Number: " + row): null

2023-01-04 16:41:01 - [TEST_STEP][PASSED] - resText = "Pass": null

2023-01-04 16:41:01 - [TEST_STEP][PASSED] - pages.WriteExcel.demoKey(resText, datText, resColumn, datCloumn, fileLoc, nameSheet, row): pages.WriteExcel.demoKey is PASSED

2023-01-04 16:41:01 - [MESSAGE][PASSED] - pages.WriteExcel.demoKey is PASSED

2023-01-04 16:41:01 - [TEST_STEP][PASSED] - ExecuteTC = findTestData(dataFile).getValue("Execute", row): null

2023-01-04 16:41:01 - [TEST_STEP][PASSED] - Taxtype = findTestData(dataFile).getValue("TaxType", row): null

2023-01-04 16:41:01 - [TEST_STEP][PASSED] - TaxTypeEL = findTestData(dataFile).getValue("TaxTypeEL", row): null

2023-01-04 16:41:01 - [TEST_STEP][PASSED] - notInvNumber = findTestData(dataFile).getValue("NotiInvoNumber", row): null

2023-01-04 16:41:01 - [TEST_STEP][PASSED] - errorMsg = findTestData(dataFile).getValue("ErrorMessage", row): null

2023-01-04 16:41:01 - [TEST_STEP][PASSED] - out.println("Value of Execute is : " + ExecuteTC): null

2023-01-04 16:41:01 - [TEST_STEP][PASSED] - if (ExecuteTC.equalsIgnoreCase("Y")): null

2023-01-04 16:41:01 - [TEST_STEP][PASSED] - out.println("Begin Record Number: " + row): null

2023-01-04 16:41:01 - [TEST_STEP][PASSED] - today = new java.util.Date(): null

2023-01-04 16:41:01 - [TEST_STEP][PASSED] - println(today): null

2023-01-04 16:41:01 - [TEST_STEP][PASSED] - datText = today: null

2023-01-04 16:41:01 - [TEST_STEP][PASSED] - Taxtype = findTestData(dataFile).getValue("TaxType", row): null

2023-01-04 16:41:01 - [TEST_STEP][PASSED] - out.println("Taxtype value is : " + Taxtype): null

2023-01-04 16:41:01 - [TEST_STEP][PASSED] - openBrowser(""): Browser is opened with url: ''

2023-01-04 16:41:01 - [MESSAGE][WARNING] - A browser is already opened. Closing browser and opening a new one

2023-01-04 16:41:02 - [MESSAGE][INFO] - Starting 'Chrome' driver

2023-01-04 16:41:02 - [MESSAGE][INFO] - User set preference: ['acceptInsecureCerts', 'true']

2023-01-04 16:41:02 - [MESSAGE][INFO] - Action delay is set to 0 milliseconds

2023-01-04 16:41:03 - [MESSAGE][PASSED] - Browser is opened with url: ''

2023-01-04 16:41:03 - [TEST_STEP][PASSED] - maximizeWindow(): Current window maximized

2023-01-04 16:41:03 - [MESSAGE][PASSED] - Current window maximized

2023-01-04 16:41:03 - [TEST_STEP][PASSED] - navigateToUrl(RADurl): Navigate to 'https://qa.velocitypayment.com/client/rad/index.html' successfully

2023-01-04 16:41:06 - [MESSAGE][PASSED] - Navigate to 'https://qa.velocitypayment.com/client/rad/index.html' successfully

2023-01-04 16:41:06 - [TEST_STEP][PASSED] - orPath_Landing = "Object Repository/RAD_Pages/Landing_Page": null

2023-01-04 16:41:06 - [TEST_STEP][PASSED] - orPath_TaxTypeFilingYear = "Object Repository/RAD_Pages/TaxTypeFilingYear_Page": null

2023-01-04 16:41:06 - [TEST_STEP][PASSED] - orPath_TaxPayer = "Object Repository/RAD_Pages/Taxpayer_Page": null

2023-01-04 16:41:06 - [TEST_STEP][PASSED] - orPath_AddressContact = "Object Repository/RAD_Pages/AddressAndContactInfo_Page": null

2023-01-04 16:41:06 - [TEST_STEP][PASSED] - orPath_FilingStatus = "Object Repository/RAD_Pages/FilingStatus_Page": null

2023-01-04 16:41:06 - [TEST_STEP][PASSED] - orPath_Amount = "Object Repository/RAD_Pages/PaymentAmount_Page": null

2023-01-04 16:41:06 - [TEST_STEP][PASSED] - orPath_TaxInfo = "Object Repository/RAD_Pages/TaxInfo_Page": null

2023-01-04 16:41:06 - [TEST_STEP][PASSED] - orPath_Withholding = "Object Repository/RAD_Pages/Withholding_Page": null

2023-01-04 16:41:06 - [TEST_STEP][PASSED] - orPath_Summary = "Object Repository/RAD_Pages/Summary_Page": null

2023-01-04 16:41:06 - [TEST_STEP][PASSED] - orPath_PaymentReady = "Object Repository/RAD_Pages/PaymentReady_Page": null

2023-01-04 16:41:06 - [TEST_STEP][PASSED] - orPath_PaymentEntry = "Object Repository/RAD_Pages/PaymentEntry_Page": null

2023-01-04 16:41:06 - [TEST_STEP][PASSED] - orPath_PaymentConfirmation = "Object Repository/RAD_Pages/PaymentConfirmation_Page": null

2023-01-04 16:41:06 - [TEST_STEP][PASSED] - orPath_ServiceFeesAccept = "Object Repository/RAD_Pages/ServiceFeeAccept_Page": null

2023-01-04 16:41:06 - [TEST_STEP][PASSED] - selectOptionByLabel(findTestObject(orPath_Landing + "/dd_TaxType"), Taxtype, false): All options with label 'Existing Liability' are selected in object 'Object Repository/RAD_Pages/Landing_Page/dd_TaxType' 

2023-01-04 16:41:07 - [MESSAGE][PASSED] - All options with label 'Existing Liability' are selected in object 'Object Repository/RAD_Pages/Landing_Page/dd_TaxType' 

2023-01-04 16:41:07 - [TEST_STEP][PASSED] - delay(1): Delayed 1 second(s)

2023-01-04 16:41:08 - [MESSAGE][PASSED] - Delayed 1 second(s)

2023-01-04 16:41:08 - [TEST_STEP][PASSED] - selectOptionByLabel(findTestObject(orPath_TaxTypeFilingYear + "/select_TaxType_ExistingLiability"), TaxTypeEL, false): All options with label 'PTE Tax (Partnership)' are selected in object 'Object Repository/RAD_Pages/TaxTypeFilingYear_Page/select_TaxType_ExistingLiability' 

2023-01-04 16:41:09 - [MESSAGE][PASSED] - All options with label 'PTE Tax (Partnership)' are selected in object 'Object Repository/RAD_Pages/TaxTypeFilingYear_Page/select_TaxType_ExistingLiability' 

2023-01-04 16:41:09 - [TEST_STEP][PASSED] - setText(findTestObject(orPath_TaxInfo + "/input_NoticeInvoiceNumber"), notInvNumber): Text '123456789' is set on object 'Object Repository/RAD_Pages/TaxInfo_Page/input_NoticeInvoiceNumber'

2023-01-04 16:41:10 - [MESSAGE][PASSED] - Text '123456789' is set on object 'Object Repository/RAD_Pages/TaxInfo_Page/input_NoticeInvoiceNumber'

2023-01-04 16:41:10 - [TEST_STEP][PASSED] - setText(findTestObject(orPath_TaxInfo + "/input_reTypeNoticeInvoiceNumber"), notInvNumber): Text '123456789' is set on object 'Object Repository/RAD_Pages/TaxInfo_Page/input_reTypeNoticeInvoiceNumber'

2023-01-04 16:41:11 - [MESSAGE][PASSED] - Text '123456789' is set on object 'Object Repository/RAD_Pages/TaxInfo_Page/input_reTypeNoticeInvoiceNumber'

2023-01-04 16:41:11 - [TEST_STEP][PASSED] - println(notInvNumber): null

2023-01-04 16:41:11 - [TEST_STEP][PASSED] - if (verifyTextPresent(errorMsg, true)): null

2023-01-04 16:41:11 - [MESSAGE][PASSED] - Text 'Notice number length has to be 13 numeric characters' is present on page  using regular expression

2023-01-04 16:41:11 - [TEST_STEP][PASSED] - println("Error Message is present on the page"): null

2023-01-04 16:41:11 - [TEST_STEP][PASSED] - out.println("Pass Record Number: " + row): null

2023-01-04 16:41:11 - [TEST_STEP][PASSED] - resText = "Pass": null

2023-01-04 16:41:11 - [TEST_STEP][PASSED] - pages.WriteExcel.demoKey(resText, datText, resColumn, datCloumn, fileLoc, nameSheet, row): pages.WriteExcel.demoKey is PASSED

2023-01-04 16:41:11 - [MESSAGE][PASSED] - pages.WriteExcel.demoKey is PASSED

2023-01-04 16:41:11 - [TEST_STEP][PASSED] - ExecuteTC = findTestData(dataFile).getValue("Execute", row): null

2023-01-04 16:41:11 - [TEST_STEP][PASSED] - Taxtype = findTestData(dataFile).getValue("TaxType", row): null

2023-01-04 16:41:11 - [TEST_STEP][PASSED] - TaxTypeEL = findTestData(dataFile).getValue("TaxTypeEL", row): null

2023-01-04 16:41:11 - [TEST_STEP][PASSED] - notInvNumber = findTestData(dataFile).getValue("NotiInvoNumber", row): null

2023-01-04 16:41:11 - [TEST_STEP][PASSED] - errorMsg = findTestData(dataFile).getValue("ErrorMessage", row): null

2023-01-04 16:41:12 - [TEST_STEP][PASSED] - out.println("Value of Execute is : " + ExecuteTC): null

2023-01-04 16:41:12 - [TEST_STEP][PASSED] - if (ExecuteTC.equalsIgnoreCase("Y")): null

2023-01-04 16:41:12 - [TEST_STEP][PASSED] - out.println("Begin Record Number: " + row): null

2023-01-04 16:41:12 - [TEST_STEP][PASSED] - today = new java.util.Date(): null

2023-01-04 16:41:12 - [TEST_STEP][PASSED] - println(today): null

2023-01-04 16:41:12 - [TEST_STEP][PASSED] - datText = today: null

2023-01-04 16:41:12 - [TEST_STEP][PASSED] - Taxtype = findTestData(dataFile).getValue("TaxType", row): null

2023-01-04 16:41:12 - [TEST_STEP][PASSED] - out.println("Taxtype value is : " + Taxtype): null

2023-01-04 16:41:12 - [TEST_STEP][PASSED] - openBrowser(""): Browser is opened with url: ''

2023-01-04 16:41:12 - [MESSAGE][WARNING] - A browser is already opened. Closing browser and opening a new one

2023-01-04 16:41:13 - [MESSAGE][INFO] - Starting 'Chrome' driver

2023-01-04 16:41:13 - [MESSAGE][INFO] - User set preference: ['acceptInsecureCerts', 'true']

2023-01-04 16:41:13 - [MESSAGE][INFO] - Action delay is set to 0 milliseconds

2023-01-04 16:41:14 - [MESSAGE][PASSED] - Browser is opened with url: ''

2023-01-04 16:41:14 - [TEST_STEP][PASSED] - maximizeWindow(): Current window maximized

2023-01-04 16:41:14 - [MESSAGE][PASSED] - Current window maximized

2023-01-04 16:41:14 - [TEST_STEP][PASSED] - navigateToUrl(RADurl): Navigate to 'https://qa.velocitypayment.com/client/rad/index.html' successfully

2023-01-04 16:41:16 - [MESSAGE][PASSED] - Navigate to 'https://qa.velocitypayment.com/client/rad/index.html' successfully

2023-01-04 16:41:16 - [TEST_STEP][PASSED] - orPath_Landing = "Object Repository/RAD_Pages/Landing_Page": null

2023-01-04 16:41:16 - [TEST_STEP][PASSED] - orPath_TaxTypeFilingYear = "Object Repository/RAD_Pages/TaxTypeFilingYear_Page": null

2023-01-04 16:41:16 - [TEST_STEP][PASSED] - orPath_TaxPayer = "Object Repository/RAD_Pages/Taxpayer_Page": null

2023-01-04 16:41:16 - [TEST_STEP][PASSED] - orPath_AddressContact = "Object Repository/RAD_Pages/AddressAndContactInfo_Page": null

2023-01-04 16:41:16 - [TEST_STEP][PASSED] - orPath_FilingStatus = "Object Repository/RAD_Pages/FilingStatus_Page": null

2023-01-04 16:41:16 - [TEST_STEP][PASSED] - orPath_Amount = "Object Repository/RAD_Pages/PaymentAmount_Page": null

2023-01-04 16:41:16 - [TEST_STEP][PASSED] - orPath_TaxInfo = "Object Repository/RAD_Pages/TaxInfo_Page": null

2023-01-04 16:41:16 - [TEST_STEP][PASSED] - orPath_Withholding = "Object Repository/RAD_Pages/Withholding_Page": null

2023-01-04 16:41:16 - [TEST_STEP][PASSED] - orPath_Summary = "Object Repository/RAD_Pages/Summary_Page": null

2023-01-04 16:41:16 - [TEST_STEP][PASSED] - orPath_PaymentReady = "Object Repository/RAD_Pages/PaymentReady_Page": null

2023-01-04 16:41:16 - [TEST_STEP][PASSED] - orPath_PaymentEntry = "Object Repository/RAD_Pages/PaymentEntry_Page": null

2023-01-04 16:41:16 - [TEST_STEP][PASSED] - orPath_PaymentConfirmation = "Object Repository/RAD_Pages/PaymentConfirmation_Page": null

2023-01-04 16:41:16 - [TEST_STEP][PASSED] - orPath_ServiceFeesAccept = "Object Repository/RAD_Pages/ServiceFeeAccept_Page": null

2023-01-04 16:41:16 - [TEST_STEP][PASSED] - selectOptionByLabel(findTestObject(orPath_Landing + "/dd_TaxType"), Taxtype, false): All options with label 'Existing Liability' are selected in object 'Object Repository/RAD_Pages/Landing_Page/dd_TaxType' 

2023-01-04 16:41:17 - [MESSAGE][PASSED] - All options with label 'Existing Liability' are selected in object 'Object Repository/RAD_Pages/Landing_Page/dd_TaxType' 

2023-01-04 16:41:17 - [TEST_STEP][PASSED] - delay(1): Delayed 1 second(s)

2023-01-04 16:41:18 - [MESSAGE][PASSED] - Delayed 1 second(s)

2023-01-04 16:41:18 - [TEST_STEP][PASSED] - selectOptionByLabel(findTestObject(orPath_TaxTypeFilingYear + "/select_TaxType_ExistingLiability"), TaxTypeEL, false): All options with label 'PTE Tax (LLC)' are selected in object 'Object Repository/RAD_Pages/TaxTypeFilingYear_Page/select_TaxType_ExistingLiability' 

2023-01-04 16:41:18 - [MESSAGE][PASSED] - All options with label 'PTE Tax (LLC)' are selected in object 'Object Repository/RAD_Pages/TaxTypeFilingYear_Page/select_TaxType_ExistingLiability' 

2023-01-04 16:41:18 - [TEST_STEP][PASSED] - setText(findTestObject(orPath_TaxInfo + "/input_NoticeInvoiceNumber"), notInvNumber): Text '123456789' is set on object 'Object Repository/RAD_Pages/TaxInfo_Page/input_NoticeInvoiceNumber'

2023-01-04 16:41:19 - [MESSAGE][PASSED] - Text '123456789' is set on object 'Object Repository/RAD_Pages/TaxInfo_Page/input_NoticeInvoiceNumber'

2023-01-04 16:41:19 - [TEST_STEP][PASSED] - setText(findTestObject(orPath_TaxInfo + "/input_reTypeNoticeInvoiceNumber"), notInvNumber): Text '123456789' is set on object 'Object Repository/RAD_Pages/TaxInfo_Page/input_reTypeNoticeInvoiceNumber'

2023-01-04 16:41:20 - [MESSAGE][PASSED] - Text '123456789' is set on object 'Object Repository/RAD_Pages/TaxInfo_Page/input_reTypeNoticeInvoiceNumber'

2023-01-04 16:41:20 - [TEST_STEP][PASSED] - println(notInvNumber): null

2023-01-04 16:41:20 - [TEST_STEP][PASSED] - if (verifyTextPresent(errorMsg, true)): null

2023-01-04 16:41:21 - [MESSAGE][PASSED] - Text 'Notice number length has to be 13 numeric characters' is present on page  using regular expression

2023-01-04 16:41:21 - [TEST_STEP][PASSED] - println("Error Message is present on the page"): null

2023-01-04 16:41:21 - [TEST_STEP][PASSED] - out.println("Pass Record Number: " + row): null

2023-01-04 16:41:21 - [TEST_STEP][PASSED] - resText = "Pass": null

2023-01-04 16:41:21 - [TEST_STEP][PASSED] - pages.WriteExcel.demoKey(resText, datText, resColumn, datCloumn, fileLoc, nameSheet, row): pages.WriteExcel.demoKey is PASSED

2023-01-04 16:41:21 - [MESSAGE][PASSED] - pages.WriteExcel.demoKey is PASSED

2023-01-04 16:41:21 - [TEST_STEP][PASSED] - ExecuteTC = findTestData(dataFile).getValue("Execute", row): null

2023-01-04 16:41:21 - [TEST_STEP][PASSED] - Taxtype = findTestData(dataFile).getValue("TaxType", row): null

2023-01-04 16:41:21 - [TEST_STEP][PASSED] - TaxTypeEL = findTestData(dataFile).getValue("TaxTypeEL", row): null

2023-01-04 16:41:21 - [TEST_STEP][PASSED] - notInvNumber = findTestData(dataFile).getValue("NotiInvoNumber", row): null

2023-01-04 16:41:21 - [TEST_STEP][PASSED] - errorMsg = findTestData(dataFile).getValue("ErrorMessage", row): null

2023-01-04 16:41:21 - [TEST_STEP][PASSED] - out.println("Value of Execute is : " + ExecuteTC): null

2023-01-04 16:41:21 - [TEST_STEP][PASSED] - if (ExecuteTC.equalsIgnoreCase("Y")): null

2023-01-04 16:41:21 - [TEST_STEP][PASSED] - out.println("Begin Record Number: " + row): null

2023-01-04 16:41:21 - [TEST_STEP][PASSED] - today = new java.util.Date(): null

2023-01-04 16:41:21 - [TEST_STEP][PASSED] - println(today): null

2023-01-04 16:41:21 - [TEST_STEP][PASSED] - datText = today: null

2023-01-04 16:41:21 - [TEST_STEP][PASSED] - Taxtype = findTestData(dataFile).getValue("TaxType", row): null

2023-01-04 16:41:21 - [TEST_STEP][PASSED] - out.println("Taxtype value is : " + Taxtype): null

2023-01-04 16:41:21 - [TEST_STEP][PASSED] - openBrowser(""): Browser is opened with url: ''

2023-01-04 16:41:21 - [MESSAGE][WARNING] - A browser is already opened. Closing browser and opening a new one

2023-01-04 16:41:22 - [MESSAGE][INFO] - Starting 'Chrome' driver

2023-01-04 16:41:22 - [MESSAGE][INFO] - User set preference: ['acceptInsecureCerts', 'true']

2023-01-04 16:41:22 - [MESSAGE][INFO] - Action delay is set to 0 milliseconds

2023-01-04 16:41:24 - [MESSAGE][PASSED] - Browser is opened with url: ''

2023-01-04 16:41:24 - [TEST_STEP][PASSED] - maximizeWindow(): Current window maximized

2023-01-04 16:41:24 - [MESSAGE][PASSED] - Current window maximized

2023-01-04 16:41:24 - [TEST_STEP][PASSED] - navigateToUrl(RADurl): Navigate to 'https://qa.velocitypayment.com/client/rad/index.html' successfully

2023-01-04 16:41:26 - [MESSAGE][PASSED] - Navigate to 'https://qa.velocitypayment.com/client/rad/index.html' successfully

2023-01-04 16:41:26 - [TEST_STEP][PASSED] - orPath_Landing = "Object Repository/RAD_Pages/Landing_Page": null

2023-01-04 16:41:26 - [TEST_STEP][PASSED] - orPath_TaxTypeFilingYear = "Object Repository/RAD_Pages/TaxTypeFilingYear_Page": null

2023-01-04 16:41:26 - [TEST_STEP][PASSED] - orPath_TaxPayer = "Object Repository/RAD_Pages/Taxpayer_Page": null

2023-01-04 16:41:26 - [TEST_STEP][PASSED] - orPath_AddressContact = "Object Repository/RAD_Pages/AddressAndContactInfo_Page": null

2023-01-04 16:41:26 - [TEST_STEP][PASSED] - orPath_FilingStatus = "Object Repository/RAD_Pages/FilingStatus_Page": null

2023-01-04 16:41:26 - [TEST_STEP][PASSED] - orPath_Amount = "Object Repository/RAD_Pages/PaymentAmount_Page": null

2023-01-04 16:41:26 - [TEST_STEP][PASSED] - orPath_TaxInfo = "Object Repository/RAD_Pages/TaxInfo_Page": null

2023-01-04 16:41:26 - [TEST_STEP][PASSED] - orPath_Withholding = "Object Repository/RAD_Pages/Withholding_Page": null

2023-01-04 16:41:26 - [TEST_STEP][PASSED] - orPath_Summary = "Object Repository/RAD_Pages/Summary_Page": null

2023-01-04 16:41:26 - [TEST_STEP][PASSED] - orPath_PaymentReady = "Object Repository/RAD_Pages/PaymentReady_Page": null

2023-01-04 16:41:26 - [TEST_STEP][PASSED] - orPath_PaymentEntry = "Object Repository/RAD_Pages/PaymentEntry_Page": null

2023-01-04 16:41:26 - [TEST_STEP][PASSED] - orPath_PaymentConfirmation = "Object Repository/RAD_Pages/PaymentConfirmation_Page": null

2023-01-04 16:41:26 - [TEST_STEP][PASSED] - orPath_ServiceFeesAccept = "Object Repository/RAD_Pages/ServiceFeeAccept_Page": null

2023-01-04 16:41:26 - [TEST_STEP][PASSED] - selectOptionByLabel(findTestObject(orPath_Landing + "/dd_TaxType"), Taxtype, false): All options with label 'Existing Liability' are selected in object 'Object Repository/RAD_Pages/Landing_Page/dd_TaxType' 

2023-01-04 16:41:26 - [MESSAGE][PASSED] - All options with label 'Existing Liability' are selected in object 'Object Repository/RAD_Pages/Landing_Page/dd_TaxType' 

2023-01-04 16:41:26 - [TEST_STEP][PASSED] - delay(1): Delayed 1 second(s)

2023-01-04 16:41:27 - [MESSAGE][PASSED] - Delayed 1 second(s)

2023-01-04 16:41:27 - [TEST_STEP][PASSED] - selectOptionByLabel(findTestObject(orPath_TaxTypeFilingYear + "/select_TaxType_ExistingLiability"), TaxTypeEL, false): All options with label 'PTE Tax (SCorp)' are selected in object 'Object Repository/RAD_Pages/TaxTypeFilingYear_Page/select_TaxType_ExistingLiability' 

2023-01-04 16:41:28 - [MESSAGE][PASSED] - All options with label 'PTE Tax (SCorp)' are selected in object 'Object Repository/RAD_Pages/TaxTypeFilingYear_Page/select_TaxType_ExistingLiability' 

2023-01-04 16:41:28 - [TEST_STEP][PASSED] - setText(findTestObject(orPath_TaxInfo + "/input_NoticeInvoiceNumber"), notInvNumber): Text '123456789' is set on object 'Object Repository/RAD_Pages/TaxInfo_Page/input_NoticeInvoiceNumber'

2023-01-04 16:41:29 - [MESSAGE][PASSED] - Text '123456789' is set on object 'Object Repository/RAD_Pages/TaxInfo_Page/input_NoticeInvoiceNumber'

2023-01-04 16:41:29 - [TEST_STEP][PASSED] - setText(findTestObject(orPath_TaxInfo + "/input_reTypeNoticeInvoiceNumber"), notInvNumber): Text '123456789' is set on object 'Object Repository/RAD_Pages/TaxInfo_Page/input_reTypeNoticeInvoiceNumber'

2023-01-04 16:41:30 - [MESSAGE][PASSED] - Text '123456789' is set on object 'Object Repository/RAD_Pages/TaxInfo_Page/input_reTypeNoticeInvoiceNumber'

2023-01-04 16:41:30 - [TEST_STEP][PASSED] - println(notInvNumber): null

2023-01-04 16:41:30 - [TEST_STEP][PASSED] - if (verifyTextPresent(errorMsg, true)): null

2023-01-04 16:41:31 - [MESSAGE][PASSED] - Text 'Notice number length has to be 13 numeric characters' is present on page  using regular expression

2023-01-04 16:41:31 - [TEST_STEP][PASSED] - println("Error Message is present on the page"): null

2023-01-04 16:41:31 - [TEST_STEP][PASSED] - out.println("Pass Record Number: " + row): null

2023-01-04 16:41:31 - [TEST_STEP][PASSED] - resText = "Pass": null

2023-01-04 16:41:31 - [TEST_STEP][PASSED] - pages.WriteExcel.demoKey(resText, datText, resColumn, datCloumn, fileLoc, nameSheet, row): pages.WriteExcel.demoKey is PASSED

2023-01-04 16:41:31 - [MESSAGE][PASSED] - pages.WriteExcel.demoKey is PASSED

2023-01-04 16:41:31 - [TEST_STEP][PASSED] - ExecuteTC = findTestData(dataFile).getValue("Execute", row): null

2023-01-04 16:41:31 - [TEST_STEP][PASSED] - Taxtype = findTestData(dataFile).getValue("TaxType", row): null

2023-01-04 16:41:31 - [TEST_STEP][PASSED] - TaxTypeEL = findTestData(dataFile).getValue("TaxTypeEL", row): null

2023-01-04 16:41:31 - [TEST_STEP][PASSED] - notInvNumber = findTestData(dataFile).getValue("NotiInvoNumber", row): null

2023-01-04 16:41:31 - [TEST_STEP][PASSED] - errorMsg = findTestData(dataFile).getValue("ErrorMessage", row): null

2023-01-04 16:41:31 - [TEST_STEP][PASSED] - out.println("Value of Execute is : " + ExecuteTC): null

2023-01-04 16:41:31 - [TEST_STEP][PASSED] - if (ExecuteTC.equalsIgnoreCase("Y")): null

2023-01-04 16:41:31 - [TEST_STEP][PASSED] - out.println("Begin Record Number: " + row): null

2023-01-04 16:41:31 - [TEST_STEP][PASSED] - today = new java.util.Date(): null

2023-01-04 16:41:31 - [TEST_STEP][PASSED] - println(today): null

2023-01-04 16:41:31 - [TEST_STEP][PASSED] - datText = today: null

2023-01-04 16:41:31 - [TEST_STEP][PASSED] - Taxtype = findTestData(dataFile).getValue("TaxType", row): null

2023-01-04 16:41:31 - [TEST_STEP][PASSED] - out.println("Taxtype value is : " + Taxtype): null

2023-01-04 16:41:31 - [TEST_STEP][PASSED] - openBrowser(""): Browser is opened with url: ''

2023-01-04 16:41:31 - [MESSAGE][WARNING] - A browser is already opened. Closing browser and opening a new one

2023-01-04 16:41:32 - [MESSAGE][INFO] - Starting 'Chrome' driver

2023-01-04 16:41:32 - [MESSAGE][INFO] - User set preference: ['acceptInsecureCerts', 'true']

2023-01-04 16:41:32 - [MESSAGE][INFO] - Action delay is set to 0 milliseconds

2023-01-04 16:41:34 - [MESSAGE][PASSED] - Browser is opened with url: ''

2023-01-04 16:41:34 - [TEST_STEP][PASSED] - maximizeWindow(): Current window maximized

2023-01-04 16:41:34 - [MESSAGE][PASSED] - Current window maximized

2023-01-04 16:41:34 - [TEST_STEP][PASSED] - navigateToUrl(RADurl): Navigate to 'https://qa.velocitypayment.com/client/rad/index.html' successfully

2023-01-04 16:41:36 - [MESSAGE][PASSED] - Navigate to 'https://qa.velocitypayment.com/client/rad/index.html' successfully

2023-01-04 16:41:36 - [TEST_STEP][PASSED] - orPath_Landing = "Object Repository/RAD_Pages/Landing_Page": null

2023-01-04 16:41:36 - [TEST_STEP][PASSED] - orPath_TaxTypeFilingYear = "Object Repository/RAD_Pages/TaxTypeFilingYear_Page": null

2023-01-04 16:41:36 - [TEST_STEP][PASSED] - orPath_TaxPayer = "Object Repository/RAD_Pages/Taxpayer_Page": null

2023-01-04 16:41:36 - [TEST_STEP][PASSED] - orPath_AddressContact = "Object Repository/RAD_Pages/AddressAndContactInfo_Page": null

2023-01-04 16:41:36 - [TEST_STEP][PASSED] - orPath_FilingStatus = "Object Repository/RAD_Pages/FilingStatus_Page": null

2023-01-04 16:41:36 - [TEST_STEP][PASSED] - orPath_Amount = "Object Repository/RAD_Pages/PaymentAmount_Page": null

2023-01-04 16:41:36 - [TEST_STEP][PASSED] - orPath_TaxInfo = "Object Repository/RAD_Pages/TaxInfo_Page": null

2023-01-04 16:41:36 - [TEST_STEP][PASSED] - orPath_Withholding = "Object Repository/RAD_Pages/Withholding_Page": null

2023-01-04 16:41:36 - [TEST_STEP][PASSED] - orPath_Summary = "Object Repository/RAD_Pages/Summary_Page": null

2023-01-04 16:41:36 - [TEST_STEP][PASSED] - orPath_PaymentReady = "Object Repository/RAD_Pages/PaymentReady_Page": null

2023-01-04 16:41:36 - [TEST_STEP][PASSED] - orPath_PaymentEntry = "Object Repository/RAD_Pages/PaymentEntry_Page": null

2023-01-04 16:41:36 - [TEST_STEP][PASSED] - orPath_PaymentConfirmation = "Object Repository/RAD_Pages/PaymentConfirmation_Page": null

2023-01-04 16:41:36 - [TEST_STEP][PASSED] - orPath_ServiceFeesAccept = "Object Repository/RAD_Pages/ServiceFeeAccept_Page": null

2023-01-04 16:41:36 - [TEST_STEP][PASSED] - selectOptionByLabel(findTestObject(orPath_Landing + "/dd_TaxType"), Taxtype, false): All options with label 'Existing Liability' are selected in object 'Object Repository/RAD_Pages/Landing_Page/dd_TaxType' 

2023-01-04 16:41:37 - [MESSAGE][PASSED] - All options with label 'Existing Liability' are selected in object 'Object Repository/RAD_Pages/Landing_Page/dd_TaxType' 

2023-01-04 16:41:37 - [TEST_STEP][PASSED] - delay(1): Delayed 1 second(s)

2023-01-04 16:41:38 - [MESSAGE][PASSED] - Delayed 1 second(s)

2023-01-04 16:41:38 - [TEST_STEP][PASSED] - selectOptionByLabel(findTestObject(orPath_TaxTypeFilingYear + "/select_TaxType_ExistingLiability"), TaxTypeEL, false): All options with label 'Sales & Use Tax' are selected in object 'Object Repository/RAD_Pages/TaxTypeFilingYear_Page/select_TaxType_ExistingLiability' 

2023-01-04 16:41:38 - [MESSAGE][PASSED] - All options with label 'Sales & Use Tax' are selected in object 'Object Repository/RAD_Pages/TaxTypeFilingYear_Page/select_TaxType_ExistingLiability' 

2023-01-04 16:41:38 - [TEST_STEP][PASSED] - setText(findTestObject(orPath_TaxInfo + "/input_NoticeInvoiceNumber"), notInvNumber): Text '123456789' is set on object 'Object Repository/RAD_Pages/TaxInfo_Page/input_NoticeInvoiceNumber'

2023-01-04 16:41:39 - [MESSAGE][PASSED] - Text '123456789' is set on object 'Object Repository/RAD_Pages/TaxInfo_Page/input_NoticeInvoiceNumber'

2023-01-04 16:41:39 - [TEST_STEP][PASSED] - setText(findTestObject(orPath_TaxInfo + "/input_reTypeNoticeInvoiceNumber"), notInvNumber): Text '123456789' is set on object 'Object Repository/RAD_Pages/TaxInfo_Page/input_reTypeNoticeInvoiceNumber'

2023-01-04 16:41:40 - [MESSAGE][PASSED] - Text '123456789' is set on object 'Object Repository/RAD_Pages/TaxInfo_Page/input_reTypeNoticeInvoiceNumber'

2023-01-04 16:41:40 - [TEST_STEP][PASSED] - println(notInvNumber): null

2023-01-04 16:41:40 - [TEST_STEP][PASSED] - if (verifyTextPresent(errorMsg, true)): null

2023-01-04 16:41:41 - [MESSAGE][PASSED] - Text 'Notice number length has to be 13 numeric characters' is present on page  using regular expression

2023-01-04 16:41:41 - [TEST_STEP][PASSED] - println("Error Message is present on the page"): null

2023-01-04 16:41:41 - [TEST_STEP][PASSED] - out.println("Pass Record Number: " + row): null

2023-01-04 16:41:41 - [TEST_STEP][PASSED] - resText = "Pass": null

2023-01-04 16:41:41 - [TEST_STEP][PASSED] - pages.WriteExcel.demoKey(resText, datText, resColumn, datCloumn, fileLoc, nameSheet, row): pages.WriteExcel.demoKey is PASSED

2023-01-04 16:41:41 - [MESSAGE][PASSED] - pages.WriteExcel.demoKey is PASSED

2023-01-04 16:41:41 - [TEST_STEP][PASSED] - ExecuteTC = findTestData(dataFile).getValue("Execute", row): null

2023-01-04 16:41:41 - [TEST_STEP][PASSED] - Taxtype = findTestData(dataFile).getValue("TaxType", row): null

2023-01-04 16:41:41 - [TEST_STEP][PASSED] - TaxTypeEL = findTestData(dataFile).getValue("TaxTypeEL", row): null

2023-01-04 16:41:41 - [TEST_STEP][PASSED] - notInvNumber = findTestData(dataFile).getValue("NotiInvoNumber", row): null

2023-01-04 16:41:41 - [TEST_STEP][PASSED] - errorMsg = findTestData(dataFile).getValue("ErrorMessage", row): null

2023-01-04 16:41:41 - [TEST_STEP][PASSED] - out.println("Value of Execute is : " + ExecuteTC): null

2023-01-04 16:41:41 - [TEST_STEP][PASSED] - if (ExecuteTC.equalsIgnoreCase("Y")): null

2023-01-04 16:41:41 - [TEST_STEP][PASSED] - out.println("Begin Record Number: " + row): null

2023-01-04 16:41:41 - [TEST_STEP][PASSED] - today = new java.util.Date(): null

2023-01-04 16:41:41 - [TEST_STEP][PASSED] - println(today): null

2023-01-04 16:41:41 - [TEST_STEP][PASSED] - datText = today: null

2023-01-04 16:41:41 - [TEST_STEP][PASSED] - Taxtype = findTestData(dataFile).getValue("TaxType", row): null

2023-01-04 16:41:41 - [TEST_STEP][PASSED] - out.println("Taxtype value is : " + Taxtype): null

2023-01-04 16:41:41 - [TEST_STEP][PASSED] - openBrowser(""): Browser is opened with url: ''

2023-01-04 16:41:41 - [MESSAGE][WARNING] - A browser is already opened. Closing browser and opening a new one

2023-01-04 16:41:42 - [MESSAGE][INFO] - Starting 'Chrome' driver

2023-01-04 16:41:42 - [MESSAGE][INFO] - User set preference: ['acceptInsecureCerts', 'true']

2023-01-04 16:41:42 - [MESSAGE][INFO] - Action delay is set to 0 milliseconds

2023-01-04 16:41:44 - [MESSAGE][PASSED] - Browser is opened with url: ''

2023-01-04 16:41:44 - [TEST_STEP][PASSED] - maximizeWindow(): Current window maximized

2023-01-04 16:41:44 - [MESSAGE][PASSED] - Current window maximized

2023-01-04 16:41:44 - [TEST_STEP][PASSED] - navigateToUrl(RADurl): Navigate to 'https://qa.velocitypayment.com/client/rad/index.html' successfully

2023-01-04 16:41:46 - [MESSAGE][PASSED] - Navigate to 'https://qa.velocitypayment.com/client/rad/index.html' successfully

2023-01-04 16:41:46 - [TEST_STEP][PASSED] - orPath_Landing = "Object Repository/RAD_Pages/Landing_Page": null

2023-01-04 16:41:46 - [TEST_STEP][PASSED] - orPath_TaxTypeFilingYear = "Object Repository/RAD_Pages/TaxTypeFilingYear_Page": null

2023-01-04 16:41:46 - [TEST_STEP][PASSED] - orPath_TaxPayer = "Object Repository/RAD_Pages/Taxpayer_Page": null

2023-01-04 16:41:46 - [TEST_STEP][PASSED] - orPath_AddressContact = "Object Repository/RAD_Pages/AddressAndContactInfo_Page": null

2023-01-04 16:41:46 - [TEST_STEP][PASSED] - orPath_FilingStatus = "Object Repository/RAD_Pages/FilingStatus_Page": null

2023-01-04 16:41:46 - [TEST_STEP][PASSED] - orPath_Amount = "Object Repository/RAD_Pages/PaymentAmount_Page": null

2023-01-04 16:41:46 - [TEST_STEP][PASSED] - orPath_TaxInfo = "Object Repository/RAD_Pages/TaxInfo_Page": null

2023-01-04 16:41:46 - [TEST_STEP][PASSED] - orPath_Withholding = "Object Repository/RAD_Pages/Withholding_Page": null

2023-01-04 16:41:46 - [TEST_STEP][PASSED] - orPath_Summary = "Object Repository/RAD_Pages/Summary_Page": null

2023-01-04 16:41:46 - [TEST_STEP][PASSED] - orPath_PaymentReady = "Object Repository/RAD_Pages/PaymentReady_Page": null

2023-01-04 16:41:46 - [TEST_STEP][PASSED] - orPath_PaymentEntry = "Object Repository/RAD_Pages/PaymentEntry_Page": null

2023-01-04 16:41:46 - [TEST_STEP][PASSED] - orPath_PaymentConfirmation = "Object Repository/RAD_Pages/PaymentConfirmation_Page": null

2023-01-04 16:41:46 - [TEST_STEP][PASSED] - orPath_ServiceFeesAccept = "Object Repository/RAD_Pages/ServiceFeeAccept_Page": null

2023-01-04 16:41:46 - [TEST_STEP][PASSED] - selectOptionByLabel(findTestObject(orPath_Landing + "/dd_TaxType"), Taxtype, false): All options with label 'Existing Liability' are selected in object 'Object Repository/RAD_Pages/Landing_Page/dd_TaxType' 

2023-01-04 16:41:47 - [MESSAGE][PASSED] - All options with label 'Existing Liability' are selected in object 'Object Repository/RAD_Pages/Landing_Page/dd_TaxType' 

2023-01-04 16:41:47 - [TEST_STEP][PASSED] - delay(1): Delayed 1 second(s)

2023-01-04 16:41:48 - [MESSAGE][PASSED] - Delayed 1 second(s)

2023-01-04 16:41:48 - [TEST_STEP][PASSED] - selectOptionByLabel(findTestObject(orPath_TaxTypeFilingYear + "/select_TaxType_ExistingLiability"), TaxTypeEL, false): All options with label 'Tire Fee Tax' are selected in object 'Object Repository/RAD_Pages/TaxTypeFilingYear_Page/select_TaxType_ExistingLiability' 

2023-01-04 16:41:49 - [MESSAGE][PASSED] - All options with label 'Tire Fee Tax' are selected in object 'Object Repository/RAD_Pages/TaxTypeFilingYear_Page/select_TaxType_ExistingLiability' 

2023-01-04 16:41:49 - [TEST_STEP][PASSED] - setText(findTestObject(orPath_TaxInfo + "/input_NoticeInvoiceNumber"), notInvNumber): Text '123456789' is set on object 'Object Repository/RAD_Pages/TaxInfo_Page/input_NoticeInvoiceNumber'

2023-01-04 16:41:50 - [MESSAGE][PASSED] - Text '123456789' is set on object 'Object Repository/RAD_Pages/TaxInfo_Page/input_NoticeInvoiceNumber'

2023-01-04 16:41:50 - [TEST_STEP][PASSED] - setText(findTestObject(orPath_TaxInfo + "/input_reTypeNoticeInvoiceNumber"), notInvNumber): Text '123456789' is set on object 'Object Repository/RAD_Pages/TaxInfo_Page/input_reTypeNoticeInvoiceNumber'

2023-01-04 16:41:51 - [MESSAGE][PASSED] - Text '123456789' is set on object 'Object Repository/RAD_Pages/TaxInfo_Page/input_reTypeNoticeInvoiceNumber'

2023-01-04 16:41:51 - [TEST_STEP][PASSED] - println(notInvNumber): null

2023-01-04 16:41:51 - [TEST_STEP][PASSED] - if (verifyTextPresent(errorMsg, true)): null

2023-01-04 16:41:52 - [MESSAGE][PASSED] - Text 'Notice number length has to be 13 numeric characters' is present on page  using regular expression

2023-01-04 16:41:52 - [TEST_STEP][PASSED] - println("Error Message is present on the page"): null

2023-01-04 16:41:52 - [TEST_STEP][PASSED] - out.println("Pass Record Number: " + row): null

2023-01-04 16:41:52 - [TEST_STEP][PASSED] - resText = "Pass": null

2023-01-04 16:41:52 - [TEST_STEP][PASSED] - pages.WriteExcel.demoKey(resText, datText, resColumn, datCloumn, fileLoc, nameSheet, row): pages.WriteExcel.demoKey is PASSED

2023-01-04 16:41:52 - [MESSAGE][PASSED] - pages.WriteExcel.demoKey is PASSED

2023-01-04 16:41:52 - [TEST_STEP][PASSED] - ExecuteTC = findTestData(dataFile).getValue("Execute", row): null

2023-01-04 16:41:52 - [TEST_STEP][PASSED] - Taxtype = findTestData(dataFile).getValue("TaxType", row): null

2023-01-04 16:41:52 - [TEST_STEP][PASSED] - TaxTypeEL = findTestData(dataFile).getValue("TaxTypeEL", row): null

2023-01-04 16:41:52 - [TEST_STEP][PASSED] - notInvNumber = findTestData(dataFile).getValue("NotiInvoNumber", row): null

2023-01-04 16:41:52 - [TEST_STEP][PASSED] - errorMsg = findTestData(dataFile).getValue("ErrorMessage", row): null

2023-01-04 16:41:52 - [TEST_STEP][PASSED] - out.println("Value of Execute is : " + ExecuteTC): null

2023-01-04 16:41:52 - [TEST_STEP][PASSED] - if (ExecuteTC.equalsIgnoreCase("Y")): null

2023-01-04 16:41:52 - [TEST_STEP][PASSED] - out.println("Begin Record Number: " + row): null

2023-01-04 16:41:52 - [TEST_STEP][PASSED] - today = new java.util.Date(): null

2023-01-04 16:41:52 - [TEST_STEP][PASSED] - println(today): null

2023-01-04 16:41:52 - [TEST_STEP][PASSED] - datText = today: null

2023-01-04 16:41:52 - [TEST_STEP][PASSED] - Taxtype = findTestData(dataFile).getValue("TaxType", row): null

2023-01-04 16:41:52 - [TEST_STEP][PASSED] - out.println("Taxtype value is : " + Taxtype): null

2023-01-04 16:41:52 - [TEST_STEP][PASSED] - openBrowser(""): Browser is opened with url: ''

2023-01-04 16:41:52 - [MESSAGE][WARNING] - A browser is already opened. Closing browser and opening a new one

2023-01-04 16:41:53 - [MESSAGE][INFO] - Starting 'Chrome' driver

2023-01-04 16:41:53 - [MESSAGE][INFO] - User set preference: ['acceptInsecureCerts', 'true']

2023-01-04 16:41:53 - [MESSAGE][INFO] - Action delay is set to 0 milliseconds

2023-01-04 16:41:54 - [MESSAGE][PASSED] - Browser is opened with url: ''

2023-01-04 16:41:54 - [TEST_STEP][PASSED] - maximizeWindow(): Current window maximized

2023-01-04 16:41:54 - [MESSAGE][PASSED] - Current window maximized

2023-01-04 16:41:54 - [TEST_STEP][PASSED] - navigateToUrl(RADurl): Navigate to 'https://qa.velocitypayment.com/client/rad/index.html' successfully

2023-01-04 16:41:56 - [MESSAGE][PASSED] - Navigate to 'https://qa.velocitypayment.com/client/rad/index.html' successfully

2023-01-04 16:41:56 - [TEST_STEP][PASSED] - orPath_Landing = "Object Repository/RAD_Pages/Landing_Page": null

2023-01-04 16:41:56 - [TEST_STEP][PASSED] - orPath_TaxTypeFilingYear = "Object Repository/RAD_Pages/TaxTypeFilingYear_Page": null

2023-01-04 16:41:56 - [TEST_STEP][PASSED] - orPath_TaxPayer = "Object Repository/RAD_Pages/Taxpayer_Page": null

2023-01-04 16:41:56 - [TEST_STEP][PASSED] - orPath_AddressContact = "Object Repository/RAD_Pages/AddressAndContactInfo_Page": null

2023-01-04 16:41:56 - [TEST_STEP][PASSED] - orPath_FilingStatus = "Object Repository/RAD_Pages/FilingStatus_Page": null

2023-01-04 16:41:56 - [TEST_STEP][PASSED] - orPath_Amount = "Object Repository/RAD_Pages/PaymentAmount_Page": null

2023-01-04 16:41:56 - [TEST_STEP][PASSED] - orPath_TaxInfo = "Object Repository/RAD_Pages/TaxInfo_Page": null

2023-01-04 16:41:56 - [TEST_STEP][PASSED] - orPath_Withholding = "Object Repository/RAD_Pages/Withholding_Page": null

2023-01-04 16:41:56 - [TEST_STEP][PASSED] - orPath_Summary = "Object Repository/RAD_Pages/Summary_Page": null

2023-01-04 16:41:56 - [TEST_STEP][PASSED] - orPath_PaymentReady = "Object Repository/RAD_Pages/PaymentReady_Page": null

2023-01-04 16:41:56 - [TEST_STEP][PASSED] - orPath_PaymentEntry = "Object Repository/RAD_Pages/PaymentEntry_Page": null

2023-01-04 16:41:56 - [TEST_STEP][PASSED] - orPath_PaymentConfirmation = "Object Repository/RAD_Pages/PaymentConfirmation_Page": null

2023-01-04 16:41:56 - [TEST_STEP][PASSED] - orPath_ServiceFeesAccept = "Object Repository/RAD_Pages/ServiceFeeAccept_Page": null

2023-01-04 16:41:56 - [TEST_STEP][PASSED] - selectOptionByLabel(findTestObject(orPath_Landing + "/dd_TaxType"), Taxtype, false): All options with label 'Existing Liability' are selected in object 'Object Repository/RAD_Pages/Landing_Page/dd_TaxType' 

2023-01-04 16:41:57 - [MESSAGE][PASSED] - All options with label 'Existing Liability' are selected in object 'Object Repository/RAD_Pages/Landing_Page/dd_TaxType' 

2023-01-04 16:41:57 - [TEST_STEP][PASSED] - delay(1): Delayed 1 second(s)

2023-01-04 16:41:58 - [MESSAGE][PASSED] - Delayed 1 second(s)

2023-01-04 16:41:58 - [TEST_STEP][PASSED] - selectOptionByLabel(findTestObject(orPath_TaxTypeFilingYear + "/select_TaxType_ExistingLiability"), TaxTypeEL, false): All options with label 'Withholding Tax' are selected in object 'Object Repository/RAD_Pages/TaxTypeFilingYear_Page/select_TaxType_ExistingLiability' 

2023-01-04 16:41:59 - [MESSAGE][PASSED] - All options with label 'Withholding Tax' are selected in object 'Object Repository/RAD_Pages/TaxTypeFilingYear_Page/select_TaxType_ExistingLiability' 

2023-01-04 16:41:59 - [TEST_STEP][PASSED] - setText(findTestObject(orPath_TaxInfo + "/input_NoticeInvoiceNumber"), notInvNumber): Text '123456789' is set on object 'Object Repository/RAD_Pages/TaxInfo_Page/input_NoticeInvoiceNumber'

2023-01-04 16:42:00 - [MESSAGE][PASSED] - Text '123456789' is set on object 'Object Repository/RAD_Pages/TaxInfo_Page/input_NoticeInvoiceNumber'

2023-01-04 16:42:00 - [TEST_STEP][PASSED] - setText(findTestObject(orPath_TaxInfo + "/input_reTypeNoticeInvoiceNumber"), notInvNumber): Text '123456789' is set on object 'Object Repository/RAD_Pages/TaxInfo_Page/input_reTypeNoticeInvoiceNumber'

2023-01-04 16:42:01 - [MESSAGE][PASSED] - Text '123456789' is set on object 'Object Repository/RAD_Pages/TaxInfo_Page/input_reTypeNoticeInvoiceNumber'

2023-01-04 16:42:01 - [TEST_STEP][PASSED] - println(notInvNumber): null

2023-01-04 16:42:01 - [TEST_STEP][PASSED] - if (verifyTextPresent(errorMsg, true)): null

2023-01-04 16:42:02 - [MESSAGE][PASSED] - Text 'Notice number length has to be 13 numeric characters' is present on page  using regular expression

2023-01-04 16:42:02 - [TEST_STEP][PASSED] - println("Error Message is present on the page"): null

2023-01-04 16:42:02 - [TEST_STEP][PASSED] - out.println("Pass Record Number: " + row): null

2023-01-04 16:42:02 - [TEST_STEP][PASSED] - resText = "Pass": null

2023-01-04 16:42:02 - [TEST_STEP][PASSED] - pages.WriteExcel.demoKey(resText, datText, resColumn, datCloumn, fileLoc, nameSheet, row): pages.WriteExcel.demoKey is PASSED

2023-01-04 16:42:02 - [MESSAGE][PASSED] - pages.WriteExcel.demoKey is PASSED

2023-01-04 16:42:02 - [TEST_STEP][PASSED] - ExecuteTC = findTestData(dataFile).getValue("Execute", row): null

2023-01-04 16:42:02 - [TEST_STEP][PASSED] - Taxtype = findTestData(dataFile).getValue("TaxType", row): null

2023-01-04 16:42:02 - [TEST_STEP][PASSED] - TaxTypeEL = findTestData(dataFile).getValue("TaxTypeEL", row): null

2023-01-04 16:42:02 - [TEST_STEP][PASSED] - notInvNumber = findTestData(dataFile).getValue("NotiInvoNumber", row): null

2023-01-04 16:42:02 - [TEST_STEP][PASSED] - errorMsg = findTestData(dataFile).getValue("ErrorMessage", row): null

2023-01-04 16:42:02 - [TEST_STEP][PASSED] - out.println("Value of Execute is : " + ExecuteTC): null

2023-01-04 16:42:02 - [TEST_STEP][PASSED] - if (ExecuteTC.equalsIgnoreCase("Y")): null

2023-01-04 16:42:02 - [TEST_STEP][PASSED] - out.println("Begin Record Number: " + row): null

2023-01-04 16:42:02 - [TEST_STEP][PASSED] - today = new java.util.Date(): null

2023-01-04 16:42:02 - [TEST_STEP][PASSED] - println(today): null

2023-01-04 16:42:02 - [TEST_STEP][PASSED] - datText = today: null

2023-01-04 16:42:02 - [TEST_STEP][PASSED] - Taxtype = findTestData(dataFile).getValue("TaxType", row): null

2023-01-04 16:42:02 - [TEST_STEP][PASSED] - out.println("Taxtype value is : " + Taxtype): null

2023-01-04 16:42:02 - [TEST_STEP][PASSED] - openBrowser(""): Browser is opened with url: ''

2023-01-04 16:42:02 - [MESSAGE][WARNING] - A browser is already opened. Closing browser and opening a new one

2023-01-04 16:42:03 - [MESSAGE][INFO] - Starting 'Chrome' driver

2023-01-04 16:42:03 - [MESSAGE][INFO] - User set preference: ['acceptInsecureCerts', 'true']

2023-01-04 16:42:03 - [MESSAGE][INFO] - Action delay is set to 0 milliseconds

2023-01-04 16:42:04 - [MESSAGE][PASSED] - Browser is opened with url: ''

2023-01-04 16:42:04 - [TEST_STEP][PASSED] - maximizeWindow(): Current window maximized

2023-01-04 16:42:04 - [MESSAGE][PASSED] - Current window maximized

2023-01-04 16:42:04 - [TEST_STEP][PASSED] - navigateToUrl(RADurl): Navigate to 'https://qa.velocitypayment.com/client/rad/index.html' successfully

2023-01-04 16:42:06 - [MESSAGE][PASSED] - Navigate to 'https://qa.velocitypayment.com/client/rad/index.html' successfully

2023-01-04 16:42:06 - [TEST_STEP][PASSED] - orPath_Landing = "Object Repository/RAD_Pages/Landing_Page": null

2023-01-04 16:42:06 - [TEST_STEP][PASSED] - orPath_TaxTypeFilingYear = "Object Repository/RAD_Pages/TaxTypeFilingYear_Page": null

2023-01-04 16:42:06 - [TEST_STEP][PASSED] - orPath_TaxPayer = "Object Repository/RAD_Pages/Taxpayer_Page": null

2023-01-04 16:42:06 - [TEST_STEP][PASSED] - orPath_AddressContact = "Object Repository/RAD_Pages/AddressAndContactInfo_Page": null

2023-01-04 16:42:06 - [TEST_STEP][PASSED] - orPath_FilingStatus = "Object Repository/RAD_Pages/FilingStatus_Page": null

2023-01-04 16:42:06 - [TEST_STEP][PASSED] - orPath_Amount = "Object Repository/RAD_Pages/PaymentAmount_Page": null

2023-01-04 16:42:06 - [TEST_STEP][PASSED] - orPath_TaxInfo = "Object Repository/RAD_Pages/TaxInfo_Page": null

2023-01-04 16:42:06 - [TEST_STEP][PASSED] - orPath_Withholding = "Object Repository/RAD_Pages/Withholding_Page": null

2023-01-04 16:42:06 - [TEST_STEP][PASSED] - orPath_Summary = "Object Repository/RAD_Pages/Summary_Page": null

2023-01-04 16:42:06 - [TEST_STEP][PASSED] - orPath_PaymentReady = "Object Repository/RAD_Pages/PaymentReady_Page": null

2023-01-04 16:42:06 - [TEST_STEP][PASSED] - orPath_PaymentEntry = "Object Repository/RAD_Pages/PaymentEntry_Page": null

2023-01-04 16:42:06 - [TEST_STEP][PASSED] - orPath_PaymentConfirmation = "Object Repository/RAD_Pages/PaymentConfirmation_Page": null

2023-01-04 16:42:06 - [TEST_STEP][PASSED] - orPath_ServiceFeesAccept = "Object Repository/RAD_Pages/ServiceFeeAccept_Page": null

2023-01-04 16:42:06 - [TEST_STEP][PASSED] - selectOptionByLabel(findTestObject(orPath_Landing + "/dd_TaxType"), Taxtype, false): All options with label 'Existing Liability' are selected in object 'Object Repository/RAD_Pages/Landing_Page/dd_TaxType' 

2023-01-04 16:42:07 - [MESSAGE][PASSED] - All options with label 'Existing Liability' are selected in object 'Object Repository/RAD_Pages/Landing_Page/dd_TaxType' 

2023-01-04 16:42:07 - [TEST_STEP][PASSED] - delay(1): Delayed 1 second(s)

2023-01-04 16:42:08 - [MESSAGE][PASSED] - Delayed 1 second(s)

2023-01-04 16:42:08 - [TEST_STEP][PASSED] - selectOptionByLabel(findTestObject(orPath_TaxTypeFilingYear + "/select_TaxType_ExistingLiability"), TaxTypeEL, false): All options with label 'Alcohol Tax' are selected in object 'Object Repository/RAD_Pages/TaxTypeFilingYear_Page/select_TaxType_ExistingLiability' 

2023-01-04 16:42:09 - [MESSAGE][PASSED] - All options with label 'Alcohol Tax' are selected in object 'Object Repository/RAD_Pages/TaxTypeFilingYear_Page/select_TaxType_ExistingLiability' 

2023-01-04 16:42:09 - [TEST_STEP][PASSED] - setText(findTestObject(orPath_TaxInfo + "/input_NoticeInvoiceNumber"), notInvNumber): Text '123456789' is set on object 'Object Repository/RAD_Pages/TaxInfo_Page/input_NoticeInvoiceNumber'

2023-01-04 16:42:10 - [MESSAGE][PASSED] - Text '123456789' is set on object 'Object Repository/RAD_Pages/TaxInfo_Page/input_NoticeInvoiceNumber'

2023-01-04 16:42:10 - [TEST_STEP][PASSED] - setText(findTestObject(orPath_TaxInfo + "/input_reTypeNoticeInvoiceNumber"), notInvNumber): Text '123456789' is set on object 'Object Repository/RAD_Pages/TaxInfo_Page/input_reTypeNoticeInvoiceNumber'

2023-01-04 16:42:11 - [MESSAGE][PASSED] - Text '123456789' is set on object 'Object Repository/RAD_Pages/TaxInfo_Page/input_reTypeNoticeInvoiceNumber'

2023-01-04 16:42:11 - [TEST_STEP][PASSED] - println(notInvNumber): null

2023-01-04 16:42:11 - [TEST_STEP][PASSED] - if (verifyTextPresent(errorMsg, true)): null

2023-01-04 16:42:11 - [MESSAGE][PASSED] - Text 'Invoice number length has to be 10 or 13 numeric characters' is present on page  using regular expression

2023-01-04 16:42:11 - [TEST_STEP][PASSED] - println("Error Message is present on the page"): null

2023-01-04 16:42:11 - [TEST_STEP][PASSED] - out.println("Pass Record Number: " + row): null

2023-01-04 16:42:11 - [TEST_STEP][PASSED] - resText = "Pass": null

2023-01-04 16:42:11 - [TEST_STEP][PASSED] - pages.WriteExcel.demoKey(resText, datText, resColumn, datCloumn, fileLoc, nameSheet, row): pages.WriteExcel.demoKey is PASSED

2023-01-04 16:42:12 - [MESSAGE][PASSED] - pages.WriteExcel.demoKey is PASSED

2023-01-04 16:42:12 - [TEST_STEP][PASSED] - ExecuteTC = findTestData(dataFile).getValue("Execute", row): null

2023-01-04 16:42:12 - [TEST_STEP][PASSED] - Taxtype = findTestData(dataFile).getValue("TaxType", row): null

2023-01-04 16:42:12 - [TEST_STEP][PASSED] - TaxTypeEL = findTestData(dataFile).getValue("TaxTypeEL", row): null

2023-01-04 16:42:12 - [TEST_STEP][PASSED] - notInvNumber = findTestData(dataFile).getValue("NotiInvoNumber", row): null

2023-01-04 16:42:12 - [TEST_STEP][PASSED] - errorMsg = findTestData(dataFile).getValue("ErrorMessage", row): null

2023-01-04 16:42:12 - [TEST_STEP][PASSED] - out.println("Value of Execute is : " + ExecuteTC): null

2023-01-04 16:42:12 - [TEST_STEP][PASSED] - if (ExecuteTC.equalsIgnoreCase("Y")): null

2023-01-04 16:42:12 - [TEST_STEP][PASSED] - out.println("Begin Record Number: " + row): null

2023-01-04 16:42:12 - [TEST_STEP][PASSED] - today = new java.util.Date(): null

2023-01-04 16:42:12 - [TEST_STEP][PASSED] - println(today): null

2023-01-04 16:42:12 - [TEST_STEP][PASSED] - datText = today: null

2023-01-04 16:42:12 - [TEST_STEP][PASSED] - Taxtype = findTestData(dataFile).getValue("TaxType", row): null

2023-01-04 16:42:12 - [TEST_STEP][PASSED] - out.println("Taxtype value is : " + Taxtype): null

2023-01-04 16:42:12 - [TEST_STEP][PASSED] - openBrowser(""): Browser is opened with url: ''

2023-01-04 16:42:12 - [MESSAGE][WARNING] - A browser is already opened. Closing browser and opening a new one

2023-01-04 16:42:13 - [MESSAGE][INFO] - Starting 'Chrome' driver

2023-01-04 16:42:13 - [MESSAGE][INFO] - User set preference: ['acceptInsecureCerts', 'true']

2023-01-04 16:42:13 - [MESSAGE][INFO] - Action delay is set to 0 milliseconds

2023-01-04 16:42:14 - [MESSAGE][PASSED] - Browser is opened with url: ''

2023-01-04 16:42:14 - [TEST_STEP][PASSED] - maximizeWindow(): Current window maximized

2023-01-04 16:42:14 - [MESSAGE][PASSED] - Current window maximized

2023-01-04 16:42:14 - [TEST_STEP][PASSED] - navigateToUrl(RADurl): Navigate to 'https://qa.velocitypayment.com/client/rad/index.html' successfully

2023-01-04 16:42:16 - [MESSAGE][PASSED] - Navigate to 'https://qa.velocitypayment.com/client/rad/index.html' successfully

2023-01-04 16:42:16 - [TEST_STEP][PASSED] - orPath_Landing = "Object Repository/RAD_Pages/Landing_Page": null

2023-01-04 16:42:16 - [TEST_STEP][PASSED] - orPath_TaxTypeFilingYear = "Object Repository/RAD_Pages/TaxTypeFilingYear_Page": null

2023-01-04 16:42:16 - [TEST_STEP][PASSED] - orPath_TaxPayer = "Object Repository/RAD_Pages/Taxpayer_Page": null

2023-01-04 16:42:16 - [TEST_STEP][PASSED] - orPath_AddressContact = "Object Repository/RAD_Pages/AddressAndContactInfo_Page": null

2023-01-04 16:42:16 - [TEST_STEP][PASSED] - orPath_FilingStatus = "Object Repository/RAD_Pages/FilingStatus_Page": null

2023-01-04 16:42:16 - [TEST_STEP][PASSED] - orPath_Amount = "Object Repository/RAD_Pages/PaymentAmount_Page": null

2023-01-04 16:42:16 - [TEST_STEP][PASSED] - orPath_TaxInfo = "Object Repository/RAD_Pages/TaxInfo_Page": null

2023-01-04 16:42:16 - [TEST_STEP][PASSED] - orPath_Withholding = "Object Repository/RAD_Pages/Withholding_Page": null

2023-01-04 16:42:16 - [TEST_STEP][PASSED] - orPath_Summary = "Object Repository/RAD_Pages/Summary_Page": null

2023-01-04 16:42:16 - [TEST_STEP][PASSED] - orPath_PaymentReady = "Object Repository/RAD_Pages/PaymentReady_Page": null

2023-01-04 16:42:16 - [TEST_STEP][PASSED] - orPath_PaymentEntry = "Object Repository/RAD_Pages/PaymentEntry_Page": null

2023-01-04 16:42:16 - [TEST_STEP][PASSED] - orPath_PaymentConfirmation = "Object Repository/RAD_Pages/PaymentConfirmation_Page": null

2023-01-04 16:42:16 - [TEST_STEP][PASSED] - orPath_ServiceFeesAccept = "Object Repository/RAD_Pages/ServiceFeeAccept_Page": null

2023-01-04 16:42:16 - [TEST_STEP][PASSED] - selectOptionByLabel(findTestObject(orPath_Landing + "/dd_TaxType"), Taxtype, false): All options with label 'Existing Liability' are selected in object 'Object Repository/RAD_Pages/Landing_Page/dd_TaxType' 

2023-01-04 16:42:17 - [MESSAGE][PASSED] - All options with label 'Existing Liability' are selected in object 'Object Repository/RAD_Pages/Landing_Page/dd_TaxType' 

2023-01-04 16:42:17 - [TEST_STEP][PASSED] - delay(1): Delayed 1 second(s)

2023-01-04 16:42:18 - [MESSAGE][PASSED] - Delayed 1 second(s)

2023-01-04 16:42:18 - [TEST_STEP][PASSED] - selectOptionByLabel(findTestObject(orPath_TaxTypeFilingYear + "/select_TaxType_ExistingLiability"), TaxTypeEL, false): All options with label 'Alcohol Tax' are selected in object 'Object Repository/RAD_Pages/TaxTypeFilingYear_Page/select_TaxType_ExistingLiability' 

2023-01-04 16:42:19 - [MESSAGE][PASSED] - All options with label 'Alcohol Tax' are selected in object 'Object Repository/RAD_Pages/TaxTypeFilingYear_Page/select_TaxType_ExistingLiability' 

2023-01-04 16:42:19 - [TEST_STEP][PASSED] - setText(findTestObject(orPath_TaxInfo + "/input_NoticeInvoiceNumber"), notInvNumber): Text '12345678901' is set on object 'Object Repository/RAD_Pages/TaxInfo_Page/input_NoticeInvoiceNumber'

2023-01-04 16:42:20 - [MESSAGE][PASSED] - Text '12345678901' is set on object 'Object Repository/RAD_Pages/TaxInfo_Page/input_NoticeInvoiceNumber'

2023-01-04 16:42:20 - [TEST_STEP][PASSED] - setText(findTestObject(orPath_TaxInfo + "/input_reTypeNoticeInvoiceNumber"), notInvNumber): Text '12345678901' is set on object 'Object Repository/RAD_Pages/TaxInfo_Page/input_reTypeNoticeInvoiceNumber'

2023-01-04 16:42:21 - [MESSAGE][PASSED] - Text '12345678901' is set on object 'Object Repository/RAD_Pages/TaxInfo_Page/input_reTypeNoticeInvoiceNumber'

2023-01-04 16:42:21 - [TEST_STEP][PASSED] - println(notInvNumber): null

2023-01-04 16:42:21 - [TEST_STEP][PASSED] - if (verifyTextPresent(errorMsg, true)): null

2023-01-04 16:42:22 - [MESSAGE][PASSED] - Text 'Invoice number length has to be 10 or 13 numeric characters' is present on page  using regular expression

2023-01-04 16:42:22 - [TEST_STEP][PASSED] - println("Error Message is present on the page"): null

2023-01-04 16:42:22 - [TEST_STEP][PASSED] - out.println("Pass Record Number: " + row): null

2023-01-04 16:42:22 - [TEST_STEP][PASSED] - resText = "Pass": null

2023-01-04 16:42:22 - [TEST_STEP][PASSED] - pages.WriteExcel.demoKey(resText, datText, resColumn, datCloumn, fileLoc, nameSheet, row): pages.WriteExcel.demoKey is PASSED

2023-01-04 16:42:22 - [MESSAGE][PASSED] - pages.WriteExcel.demoKey is PASSED

2023-01-04 16:42:22 - [TEST_STEP][PASSED] - ExecuteTC = findTestData(dataFile).getValue("Execute", row): null

2023-01-04 16:42:22 - [TEST_STEP][PASSED] - Taxtype = findTestData(dataFile).getValue("TaxType", row): null

2023-01-04 16:42:22 - [TEST_STEP][PASSED] - TaxTypeEL = findTestData(dataFile).getValue("TaxTypeEL", row): null

2023-01-04 16:42:22 - [TEST_STEP][PASSED] - notInvNumber = findTestData(dataFile).getValue("NotiInvoNumber", row): null

2023-01-04 16:42:22 - [TEST_STEP][PASSED] - errorMsg = findTestData(dataFile).getValue("ErrorMessage", row): null

2023-01-04 16:42:22 - [TEST_STEP][PASSED] - out.println("Value of Execute is : " + ExecuteTC): null

2023-01-04 16:42:22 - [TEST_STEP][PASSED] - if (ExecuteTC.equalsIgnoreCase("Y")): null

2023-01-04 16:42:22 - [TEST_STEP][PASSED] - out.println("Begin Record Number: " + row): null

2023-01-04 16:42:22 - [TEST_STEP][PASSED] - today = new java.util.Date(): null

2023-01-04 16:42:22 - [TEST_STEP][PASSED] - println(today): null

2023-01-04 16:42:22 - [TEST_STEP][PASSED] - datText = today: null

2023-01-04 16:42:22 - [TEST_STEP][PASSED] - Taxtype = findTestData(dataFile).getValue("TaxType", row): null

2023-01-04 16:42:22 - [TEST_STEP][PASSED] - out.println("Taxtype value is : " + Taxtype): null

2023-01-04 16:42:22 - [TEST_STEP][PASSED] - openBrowser(""): Browser is opened with url: ''

2023-01-04 16:42:22 - [MESSAGE][WARNING] - A browser is already opened. Closing browser and opening a new one

2023-01-04 16:42:23 - [MESSAGE][INFO] - Starting 'Chrome' driver

2023-01-04 16:42:23 - [MESSAGE][INFO] - User set preference: ['acceptInsecureCerts', 'true']

2023-01-04 16:42:23 - [MESSAGE][INFO] - Action delay is set to 0 milliseconds

2023-01-04 16:42:24 - [MESSAGE][PASSED] - Browser is opened with url: ''

2023-01-04 16:42:24 - [TEST_STEP][PASSED] - maximizeWindow(): Current window maximized

2023-01-04 16:42:24 - [MESSAGE][PASSED] - Current window maximized

2023-01-04 16:42:24 - [TEST_STEP][PASSED] - navigateToUrl(RADurl): Navigate to 'https://qa.velocitypayment.com/client/rad/index.html' successfully

2023-01-04 16:42:26 - [MESSAGE][PASSED] - Navigate to 'https://qa.velocitypayment.com/client/rad/index.html' successfully

2023-01-04 16:42:26 - [TEST_STEP][PASSED] - orPath_Landing = "Object Repository/RAD_Pages/Landing_Page": null

2023-01-04 16:42:26 - [TEST_STEP][PASSED] - orPath_TaxTypeFilingYear = "Object Repository/RAD_Pages/TaxTypeFilingYear_Page": null

2023-01-04 16:42:26 - [TEST_STEP][PASSED] - orPath_TaxPayer = "Object Repository/RAD_Pages/Taxpayer_Page": null

2023-01-04 16:42:26 - [TEST_STEP][PASSED] - orPath_AddressContact = "Object Repository/RAD_Pages/AddressAndContactInfo_Page": null

2023-01-04 16:42:26 - [TEST_STEP][PASSED] - orPath_FilingStatus = "Object Repository/RAD_Pages/FilingStatus_Page": null

2023-01-04 16:42:26 - [TEST_STEP][PASSED] - orPath_Amount = "Object Repository/RAD_Pages/PaymentAmount_Page": null

2023-01-04 16:42:26 - [TEST_STEP][PASSED] - orPath_TaxInfo = "Object Repository/RAD_Pages/TaxInfo_Page": null

2023-01-04 16:42:26 - [TEST_STEP][PASSED] - orPath_Withholding = "Object Repository/RAD_Pages/Withholding_Page": null

2023-01-04 16:42:26 - [TEST_STEP][PASSED] - orPath_Summary = "Object Repository/RAD_Pages/Summary_Page": null

2023-01-04 16:42:26 - [TEST_STEP][PASSED] - orPath_PaymentReady = "Object Repository/RAD_Pages/PaymentReady_Page": null

2023-01-04 16:42:26 - [TEST_STEP][PASSED] - orPath_PaymentEntry = "Object Repository/RAD_Pages/PaymentEntry_Page": null

2023-01-04 16:42:26 - [TEST_STEP][PASSED] - orPath_PaymentConfirmation = "Object Repository/RAD_Pages/PaymentConfirmation_Page": null

2023-01-04 16:42:26 - [TEST_STEP][PASSED] - orPath_ServiceFeesAccept = "Object Repository/RAD_Pages/ServiceFeeAccept_Page": null

2023-01-04 16:42:26 - [TEST_STEP][PASSED] - selectOptionByLabel(findTestObject(orPath_Landing + "/dd_TaxType"), Taxtype, false): All options with label 'Existing Liability' are selected in object 'Object Repository/RAD_Pages/Landing_Page/dd_TaxType' 

2023-01-04 16:42:27 - [MESSAGE][PASSED] - All options with label 'Existing Liability' are selected in object 'Object Repository/RAD_Pages/Landing_Page/dd_TaxType' 

2023-01-04 16:42:27 - [TEST_STEP][PASSED] - delay(1): Delayed 1 second(s)

2023-01-04 16:42:28 - [MESSAGE][PASSED] - Delayed 1 second(s)

2023-01-04 16:42:28 - [TEST_STEP][PASSED] - selectOptionByLabel(findTestObject(orPath_TaxTypeFilingYear + "/select_TaxType_ExistingLiability"), TaxTypeEL, false): All options with label 'Alcohol Tax' are selected in object 'Object Repository/RAD_Pages/TaxTypeFilingYear_Page/select_TaxType_ExistingLiability' 

2023-01-04 16:42:29 - [MESSAGE][PASSED] - All options with label 'Alcohol Tax' are selected in object 'Object Repository/RAD_Pages/TaxTypeFilingYear_Page/select_TaxType_ExistingLiability' 

2023-01-04 16:42:29 - [TEST_STEP][PASSED] - setText(findTestObject(orPath_TaxInfo + "/input_NoticeInvoiceNumber"), notInvNumber): Text '123456789012' is set on object 'Object Repository/RAD_Pages/TaxInfo_Page/input_NoticeInvoiceNumber'

2023-01-04 16:42:30 - [MESSAGE][PASSED] - Text '123456789012' is set on object 'Object Repository/RAD_Pages/TaxInfo_Page/input_NoticeInvoiceNumber'

2023-01-04 16:42:30 - [TEST_STEP][PASSED] - setText(findTestObject(orPath_TaxInfo + "/input_reTypeNoticeInvoiceNumber"), notInvNumber): Text '123456789012' is set on object 'Object Repository/RAD_Pages/TaxInfo_Page/input_reTypeNoticeInvoiceNumber'

2023-01-04 16:42:31 - [MESSAGE][PASSED] - Text '123456789012' is set on object 'Object Repository/RAD_Pages/TaxInfo_Page/input_reTypeNoticeInvoiceNumber'

2023-01-04 16:42:31 - [TEST_STEP][PASSED] - println(notInvNumber): null

2023-01-04 16:42:31 - [TEST_STEP][PASSED] - if (verifyTextPresent(errorMsg, true)): null

2023-01-04 16:42:31 - [MESSAGE][PASSED] - Text 'Invoice number length has to be 10 or 13 numeric characters' is present on page  using regular expression

2023-01-04 16:42:31 - [TEST_STEP][PASSED] - println("Error Message is present on the page"): null

2023-01-04 16:42:31 - [TEST_STEP][PASSED] - out.println("Pass Record Number: " + row): null

2023-01-04 16:42:31 - [TEST_STEP][PASSED] - resText = "Pass": null

2023-01-04 16:42:31 - [TEST_STEP][PASSED] - pages.WriteExcel.demoKey(resText, datText, resColumn, datCloumn, fileLoc, nameSheet, row): pages.WriteExcel.demoKey is PASSED

2023-01-04 16:42:31 - [MESSAGE][PASSED] - pages.WriteExcel.demoKey is PASSED]]></system-out>
         <system-err><![CDATA[]]></system-err>
      </testcase>
      <system-out><![CDATA[2023-01-04 16:28:50 - [TEST_SUITE][FAILED] - RAD_UI_TestSuite: Test Cases/RAD_TestCases/UI_TestCases/LandingPage_UI_TC FAILED.
Reason:
com.kms.katalon.core.exception.StepFailedException: com.kms.katalon.core.webui.exception.WebElementNotFoundException: Web element with id: 'Object Repository/RAD_Pages/Landing_Page/a_Comptroller of Maryland' located by '//*[@href = 'https://marylandtaxes.gov' and (text() = 'Comptroller of Maryland' or . = 'Comptroller of Maryland')]' not found (Root cause: com.kms.katalon.core.exception.StepFailedException: com.kms.katalon.core.webui.exception.WebElementNotFoundException: Web element with id: 'Object Repository/RAD_Pages/Landing_Page/a_Comptroller of Maryland' located by '//*[@href = 'https://marylandtaxes.gov' and (text() = 'Comptroller of Maryland' or . = 'Comptroller of Maryland')]' not found
	at com.kms.katalon.core.webui.keyword.internal.WebUIKeywordMain.stepFailed(WebUIKeywordMain.groovy:64)
	at com.kms.katalon.core.webui.keyword.builtin.VerifyElementPresentKeyword$_verifyElementPresent_closure1.doCall(VerifyElementPresentKeyword.groovy:85)
	at com.kms.katalon.core.webui.keyword.builtin.VerifyElementPresentKeyword$_verifyElementPresent_closure1.call(VerifyElementPresentKeyword.groovy)
	at com.kms.katalon.core.webui.keyword.internal.WebUIKeywordMain.runKeyword(WebUIKeywordMain.groovy:20)
	at com.kms.katalon.core.webui.keyword.builtin.VerifyElementPresentKeyword.verifyElementPresent(VerifyElementPresentKeyword.groovy:92)
	at com.kms.katalon.core.webui.keyword.builtin.VerifyElementPresentKeyword.execute(VerifyElementPresentKeyword.groovy:68)
	at com.kms.katalon.core.keyword.internal.KeywordExecutor.executeKeywordForPlatform(KeywordExecutor.groovy:74)
	at com.kms.katalon.core.webui.keyword.WebUiBuiltInKeywords.verifyElementPresent(WebUiBuiltInKeywords.groovy:1464)
	at com.kms.katalon.core.webui.keyword.WebUiBuiltInKeywords$verifyElementPresent$2.call(Unknown Source)
	at LandingPage_UI_TC.run(LandingPage_UI_TC:133)
	at com.kms.katalon.core.main.ScriptEngine.run(ScriptEngine.java:194)
	at com.kms.katalon.core.main.ScriptEngine.runScriptAsRawText(ScriptEngine.java:119)
	at com.kms.katalon.core.main.TestCaseExecutor.runScript(TestCaseExecutor.java:442)
	at com.kms.katalon.core.main.TestCaseExecutor.doExecute(TestCaseExecutor.java:433)
	at com.kms.katalon.core.main.TestCaseExecutor.processExecutionPhase(TestCaseExecutor.java:412)
	at com.kms.katalon.core.main.TestCaseExecutor.accessMainPhase(TestCaseExecutor.java:404)
	at com.kms.katalon.core.main.TestCaseExecutor.execute(TestCaseExecutor.java:281)
	at com.kms.katalon.core.main.TestSuiteExecutor.accessTestCaseMainPhase(TestSuiteExecutor.java:202)
	at com.kms.katalon.core.main.TestSuiteExecutor.accessTestSuiteMainPhase(TestSuiteExecutor.java:164)
	at com.kms.katalon.core.main.TestSuiteExecutor.execute(TestSuiteExecutor.java:105)
	at com.kms.katalon.core.main.TestCaseMain.startTestSuite(TestCaseMain.java:185)
	at com.kms.katalon.core.main.TestCaseMain$startTestSuite$0.call(Unknown Source)
	at TempTestSuite1672867724797.run(TempTestSuite1672867724797.groovy:36)
)
	at com.kms.katalon.core.keyword.internal.KeywordMain.stepFailed(KeywordMain.groovy:39)
	at com.kms.katalon.core.webui.keyword.internal.WebUIKeywordMain.stepFailed(WebUIKeywordMain.groovy:64)
	at com.kms.katalon.core.webui.keyword.builtin.VerifyElementPresentKeyword$_verifyElementPresent_closure1.doCall(VerifyElementPresentKeyword.groovy:85)
	at com.kms.katalon.core.webui.keyword.builtin.VerifyElementPresentKeyword$_verifyElementPresent_closure1.call(VerifyElementPresentKeyword.groovy)
	at com.kms.katalon.core.webui.keyword.internal.WebUIKeywordMain.runKeyword(WebUIKeywordMain.groovy:20)
	at com.kms.katalon.core.webui.keyword.builtin.VerifyElementPresentKeyword.verifyElementPresent(VerifyElementPresentKeyword.groovy:92)
	at com.kms.katalon.core.webui.keyword.builtin.VerifyElementPresentKeyword.execute(VerifyElementPresentKeyword.groovy:68)
	at com.kms.katalon.core.keyword.internal.KeywordExecutor.executeKeywordForPlatform(KeywordExecutor.groovy:74)
	at com.kms.katalon.core.webui.keyword.WebUiBuiltInKeywords.verifyElementPresent(WebUiBuiltInKeywords.groovy:1464)
	at com.kms.katalon.core.webui.keyword.WebUiBuiltInKeywords$verifyElementPresent$2.call(Unknown Source)
	at LandingPage_UI_TC.run(LandingPage_UI_TC:133)
	at com.kms.katalon.core.main.ScriptEngine.run(ScriptEngine.java:194)
	at com.kms.katalon.core.main.ScriptEngine.runScriptAsRawText(ScriptEngine.java:119)
	at com.kms.katalon.core.main.TestCaseExecutor.runScript(TestCaseExecutor.java:442)
	at com.kms.katalon.core.main.TestCaseExecutor.doExecute(TestCaseExecutor.java:433)
	at com.kms.katalon.core.main.TestCaseExecutor.processExecutionPhase(TestCaseExecutor.java:412)
	at com.kms.katalon.core.main.TestCaseExecutor.accessMainPhase(TestCaseExecutor.java:404)
	at com.kms.katalon.core.main.TestCaseExecutor.execute(TestCaseExecutor.java:281)
	at com.kms.katalon.core.main.TestSuiteExecutor.accessTestCaseMainPhase(TestSuiteExecutor.java:202)
	at com.kms.katalon.core.main.TestSuiteExecutor.accessTestSuiteMainPhase(TestSuiteExecutor.java:164)
	at com.kms.katalon.core.main.TestSuiteExecutor.execute(TestSuiteExecutor.java:105)
	at com.kms.katalon.core.main.TestCaseMain.startTestSuite(TestCaseMain.java:185)
	at com.kms.katalon.core.main.TestCaseMain$startTestSuite$0.call(Unknown Source)
	at TempTestSuite1672867724797.run(TempTestSuite1672867724797.groovy:36)
Caused by: com.kms.katalon.core.exception.StepFailedException: com.kms.katalon.core.webui.exception.WebElementNotFoundException: Web element with id: 'Object Repository/RAD_Pages/Landing_Page/a_Comptroller of Maryland' located by '//*[@href = 'https://marylandtaxes.gov' and (text() = 'Comptroller of Maryland' or . = 'Comptroller of Maryland')]' not found
	... 23 more]]></system-out>
      <system-err><![CDATA[2023-01-04 16:28:50 - [TEST_SUITE][FAILED] - RAD_UI_TestSuite: Test Cases/RAD_TestCases/UI_TestCases/LandingPage_UI_TC FAILED.
Reason:
com.kms.katalon.core.exception.StepFailedException: com.kms.katalon.core.webui.exception.WebElementNotFoundException: Web element with id: 'Object Repository/RAD_Pages/Landing_Page/a_Comptroller of Maryland' located by '//*[@href = 'https://marylandtaxes.gov' and (text() = 'Comptroller of Maryland' or . = 'Comptroller of Maryland')]' not found (Root cause: com.kms.katalon.core.exception.StepFailedException: com.kms.katalon.core.webui.exception.WebElementNotFoundException: Web element with id: 'Object Repository/RAD_Pages/Landing_Page/a_Comptroller of Maryland' located by '//*[@href = 'https://marylandtaxes.gov' and (text() = 'Comptroller of Maryland' or . = 'Comptroller of Maryland')]' not found
	at com.kms.katalon.core.webui.keyword.internal.WebUIKeywordMain.stepFailed(WebUIKeywordMain.groovy:64)
	at com.kms.katalon.core.webui.keyword.builtin.VerifyElementPresentKeyword$_verifyElementPresent_closure1.doCall(VerifyElementPresentKeyword.groovy:85)
	at com.kms.katalon.core.webui.keyword.builtin.VerifyElementPresentKeyword$_verifyElementPresent_closure1.call(VerifyElementPresentKeyword.groovy)
	at com.kms.katalon.core.webui.keyword.internal.WebUIKeywordMain.runKeyword(WebUIKeywordMain.groovy:20)
	at com.kms.katalon.core.webui.keyword.builtin.VerifyElementPresentKeyword.verifyElementPresent(VerifyElementPresentKeyword.groovy:92)
	at com.kms.katalon.core.webui.keyword.builtin.VerifyElementPresentKeyword.execute(VerifyElementPresentKeyword.groovy:68)
	at com.kms.katalon.core.keyword.internal.KeywordExecutor.executeKeywordForPlatform(KeywordExecutor.groovy:74)
	at com.kms.katalon.core.webui.keyword.WebUiBuiltInKeywords.verifyElementPresent(WebUiBuiltInKeywords.groovy:1464)
	at com.kms.katalon.core.webui.keyword.WebUiBuiltInKeywords$verifyElementPresent$2.call(Unknown Source)
	at LandingPage_UI_TC.run(LandingPage_UI_TC:133)
	at com.kms.katalon.core.main.ScriptEngine.run(ScriptEngine.java:194)
	at com.kms.katalon.core.main.ScriptEngine.runScriptAsRawText(ScriptEngine.java:119)
	at com.kms.katalon.core.main.TestCaseExecutor.runScript(TestCaseExecutor.java:442)
	at com.kms.katalon.core.main.TestCaseExecutor.doExecute(TestCaseExecutor.java:433)
	at com.kms.katalon.core.main.TestCaseExecutor.processExecutionPhase(TestCaseExecutor.java:412)
	at com.kms.katalon.core.main.TestCaseExecutor.accessMainPhase(TestCaseExecutor.java:404)
	at com.kms.katalon.core.main.TestCaseExecutor.execute(TestCaseExecutor.java:281)
	at com.kms.katalon.core.main.TestSuiteExecutor.accessTestCaseMainPhase(TestSuiteExecutor.java:202)
	at com.kms.katalon.core.main.TestSuiteExecutor.accessTestSuiteMainPhase(TestSuiteExecutor.java:164)
	at com.kms.katalon.core.main.TestSuiteExecutor.execute(TestSuiteExecutor.java:105)
	at com.kms.katalon.core.main.TestCaseMain.startTestSuite(TestCaseMain.java:185)
	at com.kms.katalon.core.main.TestCaseMain$startTestSuite$0.call(Unknown Source)
	at TempTestSuite1672867724797.run(TempTestSuite1672867724797.groovy:36)
)
	at com.kms.katalon.core.keyword.internal.KeywordMain.stepFailed(KeywordMain.groovy:39)
	at com.kms.katalon.core.webui.keyword.internal.WebUIKeywordMain.stepFailed(WebUIKeywordMain.groovy:64)
	at com.kms.katalon.core.webui.keyword.builtin.VerifyElementPresentKeyword$_verifyElementPresent_closure1.doCall(VerifyElementPresentKeyword.groovy:85)
	at com.kms.katalon.core.webui.keyword.builtin.VerifyElementPresentKeyword$_verifyElementPresent_closure1.call(VerifyElementPresentKeyword.groovy)
	at com.kms.katalon.core.webui.keyword.internal.WebUIKeywordMain.runKeyword(WebUIKeywordMain.groovy:20)
	at com.kms.katalon.core.webui.keyword.builtin.VerifyElementPresentKeyword.verifyElementPresent(VerifyElementPresentKeyword.groovy:92)
	at com.kms.katalon.core.webui.keyword.builtin.VerifyElementPresentKeyword.execute(VerifyElementPresentKeyword.groovy:68)
	at com.kms.katalon.core.keyword.internal.KeywordExecutor.executeKeywordForPlatform(KeywordExecutor.groovy:74)
	at com.kms.katalon.core.webui.keyword.WebUiBuiltInKeywords.verifyElementPresent(WebUiBuiltInKeywords.groovy:1464)
	at com.kms.katalon.core.webui.keyword.WebUiBuiltInKeywords$verifyElementPresent$2.call(Unknown Source)
	at LandingPage_UI_TC.run(LandingPage_UI_TC:133)
	at com.kms.katalon.core.main.ScriptEngine.run(ScriptEngine.java:194)
	at com.kms.katalon.core.main.ScriptEngine.runScriptAsRawText(ScriptEngine.java:119)
	at com.kms.katalon.core.main.TestCaseExecutor.runScript(TestCaseExecutor.java:442)
	at com.kms.katalon.core.main.TestCaseExecutor.doExecute(TestCaseExecutor.java:433)
	at com.kms.katalon.core.main.TestCaseExecutor.processExecutionPhase(TestCaseExecutor.java:412)
	at com.kms.katalon.core.main.TestCaseExecutor.accessMainPhase(TestCaseExecutor.java:404)
	at com.kms.katalon.core.main.TestCaseExecutor.execute(TestCaseExecutor.java:281)
	at com.kms.katalon.core.main.TestSuiteExecutor.accessTestCaseMainPhase(TestSuiteExecutor.java:202)
	at com.kms.katalon.core.main.TestSuiteExecutor.accessTestSuiteMainPhase(TestSuiteExecutor.java:164)
	at com.kms.katalon.core.main.TestSuiteExecutor.execute(TestSuiteExecutor.java:105)
	at com.kms.katalon.core.main.TestCaseMain.startTestSuite(TestCaseMain.java:185)
	at com.kms.katalon.core.main.TestCaseMain$startTestSuite$0.call(Unknown Source)
	at TempTestSuite1672867724797.run(TempTestSuite1672867724797.groovy:36)
Caused by: com.kms.katalon.core.exception.StepFailedException: com.kms.katalon.core.webui.exception.WebElementNotFoundException: Web element with id: 'Object Repository/RAD_Pages/Landing_Page/a_Comptroller of Maryland' located by '//*[@href = 'https://marylandtaxes.gov' and (text() = 'Comptroller of Maryland' or . = 'Comptroller of Maryland')]' not found
	... 23 more]]></system-err>
   </testsuite>
</testsuites>
