<?xml version="1.0" encoding="UTF-8"?>
<testsuites name="RAD_UI_TestSuite" time="1511.812" tests="10" failures="0" errors="0">
   <testsuite name="RAD_UI_TestSuite" tests="10" failures="0" errors="0" time="1511.812" skipped="0" timestamp="2023-10-02 16:21:12" hostname="imtiaz - DESKTOP-B2QI6NS.govolution.com" id="Test Suites/RAD_TestSuite/RAD_UI_TestSuite">
      <properties>
         <property name="deviceName" value=""/>
         <property name="devicePlatform" value=""/>
         <property name="logFolder" value="E:\\Cloned-Project-Katalon\\VPS-Katalon\\Reports\\20231002_162107\\RAD_TestSuite\\RAD_UI_TestSuite\\20231002_162107"/>
         <property name="logFiles" value="E:\\Cloned-Project-Katalon\\VPS-Katalon\\Reports\\20231002_162107\\RAD_TestSuite\\RAD_UI_TestSuite\\20231002_162107\\execution0.log"/>
         <property name="attachments" value=""/>
         <property name="hostName" value="imtiaz - DESKTOP-B2QI6NS.govolution.com"/>
         <property name="os" value="Windows 10 64bit"/>
         <property name="katalonVersion" value="8.6.6.208"/>
         <property name="browser" value="Chrome 117.0.0.0"/>
         <property name="hostAddress" value="172.31.253.139"/>
         <property name="sessionId" value="803fadd69910d3a82279f99bc17ec012"/>
         <property name="seleniumVersion" value="3.141.59"/>
         <property name="proxyInformation" value="ProxyInformation { proxyOption=NO_PROXY, proxyServerType=HTTP, username=, password=********, proxyServerAddress=, proxyServerPort=0, executionList=&quot;&quot;, isApplyToDesiredCapabilities=true }"/>
         <property name="platform" value="Windows 10"/>
      </properties>
      <testcase name="Test Cases/RAD_TestCases/Negative_TestCases/FEINmismatchError" time="147.387" classname="Test Cases/RAD_TestCases/Negative_TestCases/FEINmismatchError" status="PASSED">
         <system-out><![CDATA[2023-10-02 16:21:12 - [TEST_CASE][PASSED] - Test Cases/RAD_TestCases/Negative_TestCases/FEINmismatchError: Test Cases/RAD_TestCases/Negative_TestCases/FEINmismatchError

2023-10-02 16:21:13 - [TEST_STEP][PASSED] - resText = "Fail": null

2023-10-02 16:21:13 - [TEST_STEP][PASSED] - resColumn = "Result": null

2023-10-02 16:21:13 - [TEST_STEP][PASSED] - datCloumn = "Date": null

2023-10-02 16:21:13 - [TEST_STEP][PASSED] - fileLoc = "KatalonData/RADTestData/FEINmismatch.xlsx": null

2023-10-02 16:21:13 - [TEST_STEP][PASSED] - nameSheet = "FEINmismatch": null

2023-10-02 16:21:13 - [TEST_STEP][PASSED] - dataFile = "RADTestData/FEINmismatch": null

2023-10-02 16:21:13 - [TEST_STEP][PASSED] - ExecuteTC = <not implemented yet for class: org.codehaus.groovy.ast.expr.EmptyExpression>: null

2023-10-02 16:21:13 - [TEST_STEP][PASSED] - Taxtype = <not implemented yet for class: org.codehaus.groovy.ast.expr.EmptyExpression>: null

2023-10-02 16:21:13 - [TEST_STEP][PASSED] - Paymenttype = <not implemented yet for class: org.codehaus.groovy.ast.expr.EmptyExpression>: null

2023-10-02 16:21:13 - [TEST_STEP][PASSED] - numOfRows = findTestData(dataFile).getRowNumbers(): null

2023-10-02 16:21:14 - [TEST_STEP][PASSED] - println("Number of Records: " + numOfRows): null

2023-10-02 16:21:14 - [TEST_STEP][PASSED] - for ([row = 1, row <= numOfRows, (row++)]): null

2023-10-02 16:21:14 - [TEST_STEP][PASSED] - ExecuteTC = findTestData(dataFile).getValue("Execute", row): null

2023-10-02 16:21:14 - [TEST_STEP][PASSED] - Taxtype = findTestData(dataFile).getValue("TaxType", row): null

2023-10-02 16:21:14 - [TEST_STEP][PASSED] - Paymenttype = findTestData(dataFile).getValue("PaymentType", row): null

2023-10-02 16:21:14 - [TEST_STEP][PASSED] - out.println("Value of Execute is : " + ExecuteTC): null

2023-10-02 16:21:14 - [TEST_STEP][PASSED] - if (ExecuteTC.equalsIgnoreCase("Y")): null

2023-10-02 16:21:14 - [TEST_STEP][PASSED] - out.println("Begin Record Number: " + row): null

2023-10-02 16:21:14 - [TEST_STEP][PASSED] - today = new java.util.Date(): null

2023-10-02 16:21:14 - [TEST_STEP][PASSED] - println(today): null

2023-10-02 16:21:14 - [TEST_STEP][PASSED] - datText = today: null

2023-10-02 16:21:14 - [TEST_STEP][PASSED] - Taxtype = findTestData(dataFile).getValue("TaxType", row): null

2023-10-02 16:21:14 - [TEST_STEP][PASSED] - out.println("Taxtype value is : " + Taxtype): null

2023-10-02 16:21:14 - [TEST_STEP][PASSED] - openBrowser(""): Browser is opened with url: ''

2023-10-02 16:21:14 - [MESSAGE][INFO] - Starting 'Chrome' driver

2023-10-02 16:21:14 - [MESSAGE][INFO] - User set preference: ['acceptInsecureCerts', 'true']

2023-10-02 16:21:14 - [MESSAGE][INFO] - Action delay is set to 0 milliseconds

2023-10-02 16:21:17 - [MESSAGE][PASSED] - Browser is opened with url: ''

2023-10-02 16:21:17 - [TEST_STEP][PASSED] - maximizeWindow(): Current window maximized

2023-10-02 16:21:17 - [MESSAGE][PASSED] - Current window maximized

2023-10-02 16:21:17 - [TEST_STEP][PASSED] - navigateToUrl(RADurl): Navigate to 'https://demo.velocitypayment.com/client/rad/index.html' successfully

2023-10-02 16:21:19 - [MESSAGE][PASSED] - Navigate to 'https://demo.velocitypayment.com/client/rad/index.html' successfully

2023-10-02 16:21:19 - [TEST_STEP][PASSED] - orPath_Landing = "Object Repository/RAD_Pages/Landing_Page": null

2023-10-02 16:21:19 - [TEST_STEP][PASSED] - orPath_TaxTypeFilingYear = "Object Repository/RAD_Pages/TaxTypeFilingYear_Page": null

2023-10-02 16:21:19 - [TEST_STEP][PASSED] - orPath_TaxPayer = "Object Repository/RAD_Pages/Taxpayer_Page": null

2023-10-02 16:21:19 - [TEST_STEP][PASSED] - orPath_AddressContact = "Object Repository/RAD_Pages/AddressAndContactInfo_Page": null

2023-10-02 16:21:19 - [TEST_STEP][PASSED] - orPath_FilingStatus = "Object Repository/RAD_Pages/FilingStatus_Page": null

2023-10-02 16:21:19 - [TEST_STEP][PASSED] - orPath_Amount = "Object Repository/RAD_Pages/PaymentAmount_Page": null

2023-10-02 16:21:19 - [TEST_STEP][PASSED] - orPath_TaxInfo = "Object Repository/RAD_Pages/TaxInfo_Page": null

2023-10-02 16:21:19 - [TEST_STEP][PASSED] - orPath_Withholding = "Object Repository/RAD_Pages/Withholding_Page": null

2023-10-02 16:21:19 - [TEST_STEP][PASSED] - orPath_Summary = "Object Repository/RAD_Pages/Summary_Page": null

2023-10-02 16:21:19 - [TEST_STEP][PASSED] - orPath_PaymentReady = "Object Repository/RAD_Pages/PaymentReady_Page": null

2023-10-02 16:21:19 - [TEST_STEP][PASSED] - orPath_PaymentEntry = "Object Repository/RAD_Pages/PaymentEntry_Page": null

2023-10-02 16:21:19 - [TEST_STEP][PASSED] - orPath_PaymentConfirmation = "Object Repository/RAD_Pages/PaymentConfirmation_Page": null

2023-10-02 16:21:19 - [TEST_STEP][PASSED] - orPath_ServiceFeesAccept = "Object Repository/RAD_Pages/ServiceFeeAccept_Page": null

2023-10-02 16:21:19 - [TEST_STEP][PASSED] - selectOptionByLabel(findTestObject(orPath_Landing + "/dd_TaxType"), Paymenttype, false): All options with label 'Existing Liability w/Notice Number' are selected in object 'Object Repository/RAD_Pages/Landing_Page/dd_TaxType' 

2023-10-02 16:21:20 - [MESSAGE][PASSED] - All options with label 'Existing Liability w/Notice Number' are selected in object 'Object Repository/RAD_Pages/Landing_Page/dd_TaxType' 

2023-10-02 16:21:20 - [TEST_STEP][PASSED] - delay(1): Delayed 1 second(s)

2023-10-02 16:21:21 - [MESSAGE][PASSED] - Delayed 1 second(s)

2023-10-02 16:21:21 - [TEST_STEP][PASSED] - switch (Paymenttype): null

2023-10-02 16:21:21 - [TEST_STEP][PASSED] - case "Existing Liability w/Notice Number":: null

2023-10-02 16:21:21 - [TEST_STEP][PASSED] - selectOptionByLabel(findTestObject(orPath_TaxTypeFilingYear + "/select_TaxType_ExistingLiability"), Taxtype, false): All options with label 'Bay Restoration Fee' are selected in object 'Object Repository/RAD_Pages/TaxTypeFilingYear_Page/select_TaxType_ExistingLiability' 

2023-10-02 16:21:22 - [MESSAGE][PASSED] - All options with label 'Bay Restoration Fee' are selected in object 'Object Repository/RAD_Pages/TaxTypeFilingYear_Page/select_TaxType_ExistingLiability' 

2023-10-02 16:21:22 - [TEST_STEP][PASSED] - break: null

2023-10-02 16:21:22 - [TEST_STEP][PASSED] - delay(1): Delayed 1 second(s)

2023-10-02 16:21:23 - [MESSAGE][PASSED] - Delayed 1 second(s)

2023-10-02 16:21:23 - [TEST_STEP][PASSED] - scrollToElement(findTestObject(orPath_Amount + "/input__paymentAmount"), 2, CONTINUE_ON_FAILURE): Scroll to object 'Object Repository/RAD_Pages/PaymentAmount_Page/input__paymentAmount' successfully

2023-10-02 16:21:23 - [MESSAGE][PASSED] - Scroll to object 'Object Repository/RAD_Pages/PaymentAmount_Page/input__paymentAmount' successfully

2023-10-02 16:21:23 - [TEST_STEP][PASSED] - switch (Paymenttype): null

2023-10-02 16:21:23 - [TEST_STEP][PASSED] - case "Existing Liability w/Notice Number":: null

2023-10-02 16:21:23 - [TEST_STEP][PASSED] - setEncryptedText(findTestObject("Object Repository/RAD_RecordAndPlay/input_Existing_FEIN"), "RigbBhfdqODKcAsiUrg+1Q=="): Text ****** has been set on object 'Object Repository/RAD_RecordAndPlay/input_Existing_FEIN'

2023-10-02 16:21:24 - [MESSAGE][PASSED] - Text ****** has been set on object 'Object Repository/RAD_RecordAndPlay/input_Existing_FEIN'

2023-10-02 16:21:25 - [TEST_STEP][PASSED] - setEncryptedText(findTestObject("Object Repository/RAD_RecordAndPlay/input_Existing_RetypeFEIN"), "RigbBhfdqOBBGbZqm4oFJQ=="): Text ****** has been set on object 'Object Repository/RAD_RecordAndPlay/input_Existing_RetypeFEIN'

2023-10-02 16:21:26 - [MESSAGE][PASSED] - Text ****** has been set on object 'Object Repository/RAD_RecordAndPlay/input_Existing_RetypeFEIN'

2023-10-02 16:21:26 - [TEST_STEP][PASSED] - break: null

2023-10-02 16:21:26 - [TEST_STEP][PASSED] - setText(findTestObject(orPath_Amount + "/input__paymentAmount"), ""): Text '' is set on object 'Object Repository/RAD_Pages/PaymentAmount_Page/input__paymentAmount'

2023-10-02 16:21:26 - [MESSAGE][PASSED] - Text '' is set on object 'Object Repository/RAD_Pages/PaymentAmount_Page/input__paymentAmount'

2023-10-02 16:21:26 - [TEST_STEP][PASSED] - verifyTextPresent("The FEIN and Re-type FEIN do not match", true): Text 'The FEIN and Re-type FEIN do not match' is present on page  using regular expression

2023-10-02 16:21:27 - [MESSAGE][PASSED] - Text 'The FEIN and Re-type FEIN do not match' is present on page  using regular expression

2023-10-02 16:21:27 - [TEST_STEP][PASSED] - if (verifyTextPresent("The FEIN and Re-type FEIN do not match", true)): null

2023-10-02 16:21:28 - [MESSAGE][PASSED] - Text 'The FEIN and Re-type FEIN do not match' is present on page  using regular expression

2023-10-02 16:21:28 - [TEST_STEP][PASSED] - println("Error Message is present on the page"): null

2023-10-02 16:21:28 - [TEST_STEP][PASSED] - out.println("Pass Record Number: " + row): null

2023-10-02 16:21:28 - [TEST_STEP][PASSED] - resText = "Pass": null

2023-10-02 16:21:28 - [TEST_STEP][PASSED] - pages.WriteExcel.demoKey(resText, datText, resColumn, datCloumn, fileLoc, nameSheet, row): pages.WriteExcel.demoKey is PASSED

2023-10-02 16:21:28 - [MESSAGE][PASSED] - pages.WriteExcel.demoKey is PASSED

2023-10-02 16:21:28 - [TEST_STEP][PASSED] - ExecuteTC = findTestData(dataFile).getValue("Execute", row): null

2023-10-02 16:21:28 - [TEST_STEP][PASSED] - Taxtype = findTestData(dataFile).getValue("TaxType", row): null

2023-10-02 16:21:28 - [TEST_STEP][PASSED] - Paymenttype = findTestData(dataFile).getValue("PaymentType", row): null

2023-10-02 16:21:28 - [TEST_STEP][PASSED] - out.println("Value of Execute is : " + ExecuteTC): null

2023-10-02 16:21:28 - [TEST_STEP][PASSED] - if (ExecuteTC.equalsIgnoreCase("Y")): null

2023-10-02 16:21:28 - [TEST_STEP][PASSED] - out.println("Begin Record Number: " + row): null

2023-10-02 16:21:28 - [TEST_STEP][PASSED] - today = new java.util.Date(): null

2023-10-02 16:21:28 - [TEST_STEP][PASSED] - println(today): null

2023-10-02 16:21:28 - [TEST_STEP][PASSED] - datText = today: null

2023-10-02 16:21:28 - [TEST_STEP][PASSED] - Taxtype = findTestData(dataFile).getValue("TaxType", row): null

2023-10-02 16:21:28 - [TEST_STEP][PASSED] - out.println("Taxtype value is : " + Taxtype): null

2023-10-02 16:21:28 - [TEST_STEP][PASSED] - openBrowser(""): Browser is opened with url: ''

2023-10-02 16:21:28 - [MESSAGE][WARNING] - A browser is already opened. Closing browser and opening a new one

2023-10-02 16:21:29 - [MESSAGE][INFO] - Starting 'Chrome' driver

2023-10-02 16:21:29 - [MESSAGE][INFO] - User set preference: ['acceptInsecureCerts', 'true']

2023-10-02 16:21:29 - [MESSAGE][INFO] - Action delay is set to 0 milliseconds

2023-10-02 16:21:30 - [MESSAGE][PASSED] - Browser is opened with url: ''

2023-10-02 16:21:30 - [TEST_STEP][PASSED] - maximizeWindow(): Current window maximized

2023-10-02 16:21:31 - [MESSAGE][PASSED] - Current window maximized

2023-10-02 16:21:31 - [TEST_STEP][PASSED] - navigateToUrl(RADurl): Navigate to 'https://demo.velocitypayment.com/client/rad/index.html' successfully

2023-10-02 16:21:32 - [MESSAGE][PASSED] - Navigate to 'https://demo.velocitypayment.com/client/rad/index.html' successfully

2023-10-02 16:21:32 - [TEST_STEP][PASSED] - orPath_Landing = "Object Repository/RAD_Pages/Landing_Page": null

2023-10-02 16:21:32 - [TEST_STEP][PASSED] - orPath_TaxTypeFilingYear = "Object Repository/RAD_Pages/TaxTypeFilingYear_Page": null

2023-10-02 16:21:32 - [TEST_STEP][PASSED] - orPath_TaxPayer = "Object Repository/RAD_Pages/Taxpayer_Page": null

2023-10-02 16:21:32 - [TEST_STEP][PASSED] - orPath_AddressContact = "Object Repository/RAD_Pages/AddressAndContactInfo_Page": null

2023-10-02 16:21:32 - [TEST_STEP][PASSED] - orPath_FilingStatus = "Object Repository/RAD_Pages/FilingStatus_Page": null

2023-10-02 16:21:32 - [TEST_STEP][PASSED] - orPath_Amount = "Object Repository/RAD_Pages/PaymentAmount_Page": null

2023-10-02 16:21:32 - [TEST_STEP][PASSED] - orPath_TaxInfo = "Object Repository/RAD_Pages/TaxInfo_Page": null

2023-10-02 16:21:32 - [TEST_STEP][PASSED] - orPath_Withholding = "Object Repository/RAD_Pages/Withholding_Page": null

2023-10-02 16:21:32 - [TEST_STEP][PASSED] - orPath_Summary = "Object Repository/RAD_Pages/Summary_Page": null

2023-10-02 16:21:32 - [TEST_STEP][PASSED] - orPath_PaymentReady = "Object Repository/RAD_Pages/PaymentReady_Page": null

2023-10-02 16:21:32 - [TEST_STEP][PASSED] - orPath_PaymentEntry = "Object Repository/RAD_Pages/PaymentEntry_Page": null

2023-10-02 16:21:32 - [TEST_STEP][PASSED] - orPath_PaymentConfirmation = "Object Repository/RAD_Pages/PaymentConfirmation_Page": null

2023-10-02 16:21:32 - [TEST_STEP][PASSED] - orPath_ServiceFeesAccept = "Object Repository/RAD_Pages/ServiceFeeAccept_Page": null

2023-10-02 16:21:32 - [TEST_STEP][PASSED] - selectOptionByLabel(findTestObject(orPath_Landing + "/dd_TaxType"), Paymenttype, false): All options with label 'Existing Liability w/Notice Number' are selected in object 'Object Repository/RAD_Pages/Landing_Page/dd_TaxType' 

2023-10-02 16:21:33 - [MESSAGE][PASSED] - All options with label 'Existing Liability w/Notice Number' are selected in object 'Object Repository/RAD_Pages/Landing_Page/dd_TaxType' 

2023-10-02 16:21:33 - [TEST_STEP][PASSED] - delay(1): Delayed 1 second(s)

2023-10-02 16:21:34 - [MESSAGE][PASSED] - Delayed 1 second(s)

2023-10-02 16:21:34 - [TEST_STEP][PASSED] - switch (Paymenttype): null

2023-10-02 16:21:34 - [TEST_STEP][PASSED] - case "Existing Liability w/Notice Number":: null

2023-10-02 16:21:34 - [TEST_STEP][PASSED] - selectOptionByLabel(findTestObject(orPath_TaxTypeFilingYear + "/select_TaxType_ExistingLiability"), Taxtype, false): All options with label 'Corporate Income Tax' are selected in object 'Object Repository/RAD_Pages/TaxTypeFilingYear_Page/select_TaxType_ExistingLiability' 

2023-10-02 16:21:34 - [MESSAGE][PASSED] - All options with label 'Corporate Income Tax' are selected in object 'Object Repository/RAD_Pages/TaxTypeFilingYear_Page/select_TaxType_ExistingLiability' 

2023-10-02 16:21:34 - [TEST_STEP][PASSED] - break: null

2023-10-02 16:21:34 - [TEST_STEP][PASSED] - delay(1): Delayed 1 second(s)

2023-10-02 16:21:35 - [MESSAGE][PASSED] - Delayed 1 second(s)

2023-10-02 16:21:35 - [TEST_STEP][PASSED] - scrollToElement(findTestObject(orPath_Amount + "/input__paymentAmount"), 2, CONTINUE_ON_FAILURE): Scroll to object 'Object Repository/RAD_Pages/PaymentAmount_Page/input__paymentAmount' successfully

2023-10-02 16:21:36 - [MESSAGE][PASSED] - Scroll to object 'Object Repository/RAD_Pages/PaymentAmount_Page/input__paymentAmount' successfully

2023-10-02 16:21:36 - [TEST_STEP][PASSED] - switch (Paymenttype): null

2023-10-02 16:21:36 - [TEST_STEP][PASSED] - case "Existing Liability w/Notice Number":: null

2023-10-02 16:21:36 - [TEST_STEP][PASSED] - setEncryptedText(findTestObject("Object Repository/RAD_RecordAndPlay/input_Existing_FEIN"), "RigbBhfdqODKcAsiUrg+1Q=="): Text ****** has been set on object 'Object Repository/RAD_RecordAndPlay/input_Existing_FEIN'

2023-10-02 16:21:36 - [MESSAGE][PASSED] - Text ****** has been set on object 'Object Repository/RAD_RecordAndPlay/input_Existing_FEIN'

2023-10-02 16:21:37 - [TEST_STEP][PASSED] - setEncryptedText(findTestObject("Object Repository/RAD_RecordAndPlay/input_Existing_RetypeFEIN"), "RigbBhfdqOBBGbZqm4oFJQ=="): Text ****** has been set on object 'Object Repository/RAD_RecordAndPlay/input_Existing_RetypeFEIN'

2023-10-02 16:21:38 - [MESSAGE][PASSED] - Text ****** has been set on object 'Object Repository/RAD_RecordAndPlay/input_Existing_RetypeFEIN'

2023-10-02 16:21:38 - [TEST_STEP][PASSED] - break: null

2023-10-02 16:21:38 - [TEST_STEP][PASSED] - setText(findTestObject(orPath_Amount + "/input__paymentAmount"), ""): Text '' is set on object 'Object Repository/RAD_Pages/PaymentAmount_Page/input__paymentAmount'

2023-10-02 16:21:39 - [MESSAGE][PASSED] - Text '' is set on object 'Object Repository/RAD_Pages/PaymentAmount_Page/input__paymentAmount'

2023-10-02 16:21:39 - [TEST_STEP][PASSED] - verifyTextPresent("The FEIN and Re-type FEIN do not match", true): Text 'The FEIN and Re-type FEIN do not match' is present on page  using regular expression

2023-10-02 16:21:39 - [MESSAGE][PASSED] - Text 'The FEIN and Re-type FEIN do not match' is present on page  using regular expression

2023-10-02 16:21:39 - [TEST_STEP][PASSED] - if (verifyTextPresent("The FEIN and Re-type FEIN do not match", true)): null

2023-10-02 16:21:40 - [MESSAGE][PASSED] - Text 'The FEIN and Re-type FEIN do not match' is present on page  using regular expression

2023-10-02 16:21:40 - [TEST_STEP][PASSED] - println("Error Message is present on the page"): null

2023-10-02 16:21:40 - [TEST_STEP][PASSED] - out.println("Pass Record Number: " + row): null

2023-10-02 16:21:40 - [TEST_STEP][PASSED] - resText = "Pass": null

2023-10-02 16:21:40 - [TEST_STEP][PASSED] - pages.WriteExcel.demoKey(resText, datText, resColumn, datCloumn, fileLoc, nameSheet, row): pages.WriteExcel.demoKey is PASSED

2023-10-02 16:21:40 - [MESSAGE][PASSED] - pages.WriteExcel.demoKey is PASSED

2023-10-02 16:21:40 - [TEST_STEP][PASSED] - ExecuteTC = findTestData(dataFile).getValue("Execute", row): null

2023-10-02 16:21:40 - [TEST_STEP][PASSED] - Taxtype = findTestData(dataFile).getValue("TaxType", row): null

2023-10-02 16:21:40 - [TEST_STEP][PASSED] - Paymenttype = findTestData(dataFile).getValue("PaymentType", row): null

2023-10-02 16:21:40 - [TEST_STEP][PASSED] - out.println("Value of Execute is : " + ExecuteTC): null

2023-10-02 16:21:40 - [TEST_STEP][PASSED] - if (ExecuteTC.equalsIgnoreCase("Y")): null

2023-10-02 16:21:40 - [TEST_STEP][PASSED] - out.println("Begin Record Number: " + row): null

2023-10-02 16:21:40 - [TEST_STEP][PASSED] - today = new java.util.Date(): null

2023-10-02 16:21:40 - [TEST_STEP][PASSED] - println(today): null

2023-10-02 16:21:40 - [TEST_STEP][PASSED] - datText = today: null

2023-10-02 16:21:40 - [TEST_STEP][PASSED] - Taxtype = findTestData(dataFile).getValue("TaxType", row): null

2023-10-02 16:21:40 - [TEST_STEP][PASSED] - out.println("Taxtype value is : " + Taxtype): null

2023-10-02 16:21:40 - [TEST_STEP][PASSED] - openBrowser(""): Browser is opened with url: ''

2023-10-02 16:21:40 - [MESSAGE][WARNING] - A browser is already opened. Closing browser and opening a new one

2023-10-02 16:21:41 - [MESSAGE][INFO] - Starting 'Chrome' driver

2023-10-02 16:21:41 - [MESSAGE][INFO] - User set preference: ['acceptInsecureCerts', 'true']

2023-10-02 16:21:41 - [MESSAGE][INFO] - Action delay is set to 0 milliseconds

2023-10-02 16:21:43 - [MESSAGE][PASSED] - Browser is opened with url: ''

2023-10-02 16:21:43 - [TEST_STEP][PASSED] - maximizeWindow(): Current window maximized

2023-10-02 16:21:43 - [MESSAGE][PASSED] - Current window maximized

2023-10-02 16:21:43 - [TEST_STEP][PASSED] - navigateToUrl(RADurl): Navigate to 'https://demo.velocitypayment.com/client/rad/index.html' successfully

2023-10-02 16:21:44 - [MESSAGE][PASSED] - Navigate to 'https://demo.velocitypayment.com/client/rad/index.html' successfully

2023-10-02 16:21:44 - [TEST_STEP][PASSED] - orPath_Landing = "Object Repository/RAD_Pages/Landing_Page": null

2023-10-02 16:21:44 - [TEST_STEP][PASSED] - orPath_TaxTypeFilingYear = "Object Repository/RAD_Pages/TaxTypeFilingYear_Page": null

2023-10-02 16:21:44 - [TEST_STEP][PASSED] - orPath_TaxPayer = "Object Repository/RAD_Pages/Taxpayer_Page": null

2023-10-02 16:21:44 - [TEST_STEP][PASSED] - orPath_AddressContact = "Object Repository/RAD_Pages/AddressAndContactInfo_Page": null

2023-10-02 16:21:44 - [TEST_STEP][PASSED] - orPath_FilingStatus = "Object Repository/RAD_Pages/FilingStatus_Page": null

2023-10-02 16:21:44 - [TEST_STEP][PASSED] - orPath_Amount = "Object Repository/RAD_Pages/PaymentAmount_Page": null

2023-10-02 16:21:44 - [TEST_STEP][PASSED] - orPath_TaxInfo = "Object Repository/RAD_Pages/TaxInfo_Page": null

2023-10-02 16:21:44 - [TEST_STEP][PASSED] - orPath_Withholding = "Object Repository/RAD_Pages/Withholding_Page": null

2023-10-02 16:21:44 - [TEST_STEP][PASSED] - orPath_Summary = "Object Repository/RAD_Pages/Summary_Page": null

2023-10-02 16:21:44 - [TEST_STEP][PASSED] - orPath_PaymentReady = "Object Repository/RAD_Pages/PaymentReady_Page": null

2023-10-02 16:21:44 - [TEST_STEP][PASSED] - orPath_PaymentEntry = "Object Repository/RAD_Pages/PaymentEntry_Page": null

2023-10-02 16:21:44 - [TEST_STEP][PASSED] - orPath_PaymentConfirmation = "Object Repository/RAD_Pages/PaymentConfirmation_Page": null

2023-10-02 16:21:44 - [TEST_STEP][PASSED] - orPath_ServiceFeesAccept = "Object Repository/RAD_Pages/ServiceFeeAccept_Page": null

2023-10-02 16:21:44 - [TEST_STEP][PASSED] - selectOptionByLabel(findTestObject(orPath_Landing + "/dd_TaxType"), Paymenttype, false): All options with label 'Existing Liability w/Notice Number' are selected in object 'Object Repository/RAD_Pages/Landing_Page/dd_TaxType' 

2023-10-02 16:21:45 - [MESSAGE][PASSED] - All options with label 'Existing Liability w/Notice Number' are selected in object 'Object Repository/RAD_Pages/Landing_Page/dd_TaxType' 

2023-10-02 16:21:45 - [TEST_STEP][PASSED] - delay(1): Delayed 1 second(s)

2023-10-02 16:21:46 - [MESSAGE][PASSED] - Delayed 1 second(s)

2023-10-02 16:21:46 - [TEST_STEP][PASSED] - switch (Paymenttype): null

2023-10-02 16:21:46 - [TEST_STEP][PASSED] - case "Existing Liability w/Notice Number":: null

2023-10-02 16:21:46 - [TEST_STEP][PASSED] - selectOptionByLabel(findTestObject(orPath_TaxTypeFilingYear + "/select_TaxType_ExistingLiability"), Taxtype, false): All options with label 'Fiduciary Tax' are selected in object 'Object Repository/RAD_Pages/TaxTypeFilingYear_Page/select_TaxType_ExistingLiability' 

2023-10-02 16:21:47 - [MESSAGE][PASSED] - All options with label 'Fiduciary Tax' are selected in object 'Object Repository/RAD_Pages/TaxTypeFilingYear_Page/select_TaxType_ExistingLiability' 

2023-10-02 16:21:47 - [TEST_STEP][PASSED] - break: null

2023-10-02 16:21:47 - [TEST_STEP][PASSED] - delay(1): Delayed 1 second(s)

2023-10-02 16:21:48 - [MESSAGE][PASSED] - Delayed 1 second(s)

2023-10-02 16:21:48 - [TEST_STEP][PASSED] - scrollToElement(findTestObject(orPath_Amount + "/input__paymentAmount"), 2, CONTINUE_ON_FAILURE): Scroll to object 'Object Repository/RAD_Pages/PaymentAmount_Page/input__paymentAmount' successfully

2023-10-02 16:21:48 - [MESSAGE][PASSED] - Scroll to object 'Object Repository/RAD_Pages/PaymentAmount_Page/input__paymentAmount' successfully

2023-10-02 16:21:48 - [TEST_STEP][PASSED] - switch (Paymenttype): null

2023-10-02 16:21:48 - [TEST_STEP][PASSED] - case "Existing Liability w/Notice Number":: null

2023-10-02 16:21:48 - [TEST_STEP][PASSED] - setEncryptedText(findTestObject("Object Repository/RAD_RecordAndPlay/input_Existing_FEIN"), "RigbBhfdqODKcAsiUrg+1Q=="): Text ****** has been set on object 'Object Repository/RAD_RecordAndPlay/input_Existing_FEIN'

2023-10-02 16:21:49 - [MESSAGE][PASSED] - Text ****** has been set on object 'Object Repository/RAD_RecordAndPlay/input_Existing_FEIN'

2023-10-02 16:21:50 - [TEST_STEP][PASSED] - setEncryptedText(findTestObject("Object Repository/RAD_RecordAndPlay/input_Existing_RetypeFEIN"), "RigbBhfdqOBBGbZqm4oFJQ=="): Text ****** has been set on object 'Object Repository/RAD_RecordAndPlay/input_Existing_RetypeFEIN'

2023-10-02 16:21:50 - [MESSAGE][PASSED] - Text ****** has been set on object 'Object Repository/RAD_RecordAndPlay/input_Existing_RetypeFEIN'

2023-10-02 16:21:50 - [TEST_STEP][PASSED] - break: null

2023-10-02 16:21:50 - [TEST_STEP][PASSED] - setText(findTestObject(orPath_Amount + "/input__paymentAmount"), ""): Text '' is set on object 'Object Repository/RAD_Pages/PaymentAmount_Page/input__paymentAmount'

2023-10-02 16:21:51 - [MESSAGE][PASSED] - Text '' is set on object 'Object Repository/RAD_Pages/PaymentAmount_Page/input__paymentAmount'

2023-10-02 16:21:51 - [TEST_STEP][PASSED] - verifyTextPresent("The FEIN and Re-type FEIN do not match", true): Text 'The FEIN and Re-type FEIN do not match' is present on page  using regular expression

2023-10-02 16:21:51 - [MESSAGE][PASSED] - Text 'The FEIN and Re-type FEIN do not match' is present on page  using regular expression

2023-10-02 16:21:51 - [TEST_STEP][PASSED] - if (verifyTextPresent("The FEIN and Re-type FEIN do not match", true)): null

2023-10-02 16:21:52 - [MESSAGE][PASSED] - Text 'The FEIN and Re-type FEIN do not match' is present on page  using regular expression

2023-10-02 16:21:52 - [TEST_STEP][PASSED] - println("Error Message is present on the page"): null

2023-10-02 16:21:52 - [TEST_STEP][PASSED] - out.println("Pass Record Number: " + row): null

2023-10-02 16:21:52 - [TEST_STEP][PASSED] - resText = "Pass": null

2023-10-02 16:21:52 - [TEST_STEP][PASSED] - pages.WriteExcel.demoKey(resText, datText, resColumn, datCloumn, fileLoc, nameSheet, row): pages.WriteExcel.demoKey is PASSED

2023-10-02 16:21:52 - [MESSAGE][PASSED] - pages.WriteExcel.demoKey is PASSED

2023-10-02 16:21:52 - [TEST_STEP][PASSED] - ExecuteTC = findTestData(dataFile).getValue("Execute", row): null

2023-10-02 16:21:52 - [TEST_STEP][PASSED] - Taxtype = findTestData(dataFile).getValue("TaxType", row): null

2023-10-02 16:21:52 - [TEST_STEP][PASSED] - Paymenttype = findTestData(dataFile).getValue("PaymentType", row): null

2023-10-02 16:21:52 - [TEST_STEP][PASSED] - out.println("Value of Execute is : " + ExecuteTC): null

2023-10-02 16:21:52 - [TEST_STEP][PASSED] - if (ExecuteTC.equalsIgnoreCase("Y")): null

2023-10-02 16:21:52 - [TEST_STEP][PASSED] - out.println("Begin Record Number: " + row): null

2023-10-02 16:21:52 - [TEST_STEP][PASSED] - today = new java.util.Date(): null

2023-10-02 16:21:52 - [TEST_STEP][PASSED] - println(today): null

2023-10-02 16:21:52 - [TEST_STEP][PASSED] - datText = today: null

2023-10-02 16:21:52 - [TEST_STEP][PASSED] - Taxtype = findTestData(dataFile).getValue("TaxType", row): null

2023-10-02 16:21:52 - [TEST_STEP][PASSED] - out.println("Taxtype value is : " + Taxtype): null

2023-10-02 16:21:52 - [TEST_STEP][PASSED] - openBrowser(""): Browser is opened with url: ''

2023-10-02 16:21:52 - [MESSAGE][WARNING] - A browser is already opened. Closing browser and opening a new one

2023-10-02 16:21:53 - [MESSAGE][INFO] - Starting 'Chrome' driver

2023-10-02 16:21:53 - [MESSAGE][INFO] - User set preference: ['acceptInsecureCerts', 'true']

2023-10-02 16:21:53 - [MESSAGE][INFO] - Action delay is set to 0 milliseconds

2023-10-02 16:21:54 - [MESSAGE][PASSED] - Browser is opened with url: ''

2023-10-02 16:21:54 - [TEST_STEP][PASSED] - maximizeWindow(): Current window maximized

2023-10-02 16:21:55 - [MESSAGE][PASSED] - Current window maximized

2023-10-02 16:21:55 - [TEST_STEP][PASSED] - navigateToUrl(RADurl): Navigate to 'https://demo.velocitypayment.com/client/rad/index.html' successfully

2023-10-02 16:21:56 - [MESSAGE][PASSED] - Navigate to 'https://demo.velocitypayment.com/client/rad/index.html' successfully

2023-10-02 16:21:56 - [TEST_STEP][PASSED] - orPath_Landing = "Object Repository/RAD_Pages/Landing_Page": null

2023-10-02 16:21:56 - [TEST_STEP][PASSED] - orPath_TaxTypeFilingYear = "Object Repository/RAD_Pages/TaxTypeFilingYear_Page": null

2023-10-02 16:21:56 - [TEST_STEP][PASSED] - orPath_TaxPayer = "Object Repository/RAD_Pages/Taxpayer_Page": null

2023-10-02 16:21:56 - [TEST_STEP][PASSED] - orPath_AddressContact = "Object Repository/RAD_Pages/AddressAndContactInfo_Page": null

2023-10-02 16:21:56 - [TEST_STEP][PASSED] - orPath_FilingStatus = "Object Repository/RAD_Pages/FilingStatus_Page": null

2023-10-02 16:21:56 - [TEST_STEP][PASSED] - orPath_Amount = "Object Repository/RAD_Pages/PaymentAmount_Page": null

2023-10-02 16:21:56 - [TEST_STEP][PASSED] - orPath_TaxInfo = "Object Repository/RAD_Pages/TaxInfo_Page": null

2023-10-02 16:21:56 - [TEST_STEP][PASSED] - orPath_Withholding = "Object Repository/RAD_Pages/Withholding_Page": null

2023-10-02 16:21:56 - [TEST_STEP][PASSED] - orPath_Summary = "Object Repository/RAD_Pages/Summary_Page": null

2023-10-02 16:21:56 - [TEST_STEP][PASSED] - orPath_PaymentReady = "Object Repository/RAD_Pages/PaymentReady_Page": null

2023-10-02 16:21:56 - [TEST_STEP][PASSED] - orPath_PaymentEntry = "Object Repository/RAD_Pages/PaymentEntry_Page": null

2023-10-02 16:21:56 - [TEST_STEP][PASSED] - orPath_PaymentConfirmation = "Object Repository/RAD_Pages/PaymentConfirmation_Page": null

2023-10-02 16:21:56 - [TEST_STEP][PASSED] - orPath_ServiceFeesAccept = "Object Repository/RAD_Pages/ServiceFeeAccept_Page": null

2023-10-02 16:21:56 - [TEST_STEP][PASSED] - selectOptionByLabel(findTestObject(orPath_Landing + "/dd_TaxType"), Paymenttype, false): All options with label 'Existing Liability w/Notice Number' are selected in object 'Object Repository/RAD_Pages/Landing_Page/dd_TaxType' 

2023-10-02 16:21:57 - [MESSAGE][PASSED] - All options with label 'Existing Liability w/Notice Number' are selected in object 'Object Repository/RAD_Pages/Landing_Page/dd_TaxType' 

2023-10-02 16:21:57 - [TEST_STEP][PASSED] - delay(1): Delayed 1 second(s)

2023-10-02 16:21:58 - [MESSAGE][PASSED] - Delayed 1 second(s)

2023-10-02 16:21:58 - [TEST_STEP][PASSED] - switch (Paymenttype): null

2023-10-02 16:21:58 - [TEST_STEP][PASSED] - case "Existing Liability w/Notice Number":: null

2023-10-02 16:21:58 - [TEST_STEP][PASSED] - selectOptionByLabel(findTestObject(orPath_TaxTypeFilingYear + "/select_TaxType_ExistingLiability"), Taxtype, false): All options with label 'Sales & Use Tax' are selected in object 'Object Repository/RAD_Pages/TaxTypeFilingYear_Page/select_TaxType_ExistingLiability' 

2023-10-02 16:21:58 - [MESSAGE][PASSED] - All options with label 'Sales & Use Tax' are selected in object 'Object Repository/RAD_Pages/TaxTypeFilingYear_Page/select_TaxType_ExistingLiability' 

2023-10-02 16:21:58 - [TEST_STEP][PASSED] - break: null

2023-10-02 16:21:58 - [TEST_STEP][PASSED] - delay(1): Delayed 1 second(s)

2023-10-02 16:21:59 - [MESSAGE][PASSED] - Delayed 1 second(s)

2023-10-02 16:22:00 - [TEST_STEP][PASSED] - scrollToElement(findTestObject(orPath_Amount + "/input__paymentAmount"), 2, CONTINUE_ON_FAILURE): Scroll to object 'Object Repository/RAD_Pages/PaymentAmount_Page/input__paymentAmount' successfully

2023-10-02 16:22:00 - [MESSAGE][PASSED] - Scroll to object 'Object Repository/RAD_Pages/PaymentAmount_Page/input__paymentAmount' successfully

2023-10-02 16:22:00 - [TEST_STEP][PASSED] - switch (Paymenttype): null

2023-10-02 16:22:00 - [TEST_STEP][PASSED] - case "Existing Liability w/Notice Number":: null

2023-10-02 16:22:00 - [TEST_STEP][PASSED] - setEncryptedText(findTestObject("Object Repository/RAD_RecordAndPlay/input_Existing_FEIN"), "RigbBhfdqODKcAsiUrg+1Q=="): Text ****** has been set on object 'Object Repository/RAD_RecordAndPlay/input_Existing_FEIN'

2023-10-02 16:22:01 - [MESSAGE][PASSED] - Text ****** has been set on object 'Object Repository/RAD_RecordAndPlay/input_Existing_FEIN'

2023-10-02 16:22:01 - [TEST_STEP][PASSED] - setEncryptedText(findTestObject("Object Repository/RAD_RecordAndPlay/input_Existing_RetypeFEIN"), "RigbBhfdqOBBGbZqm4oFJQ=="): Text ****** has been set on object 'Object Repository/RAD_RecordAndPlay/input_Existing_RetypeFEIN'

2023-10-02 16:22:02 - [MESSAGE][PASSED] - Text ****** has been set on object 'Object Repository/RAD_RecordAndPlay/input_Existing_RetypeFEIN'

2023-10-02 16:22:02 - [TEST_STEP][PASSED] - break: null

2023-10-02 16:22:02 - [TEST_STEP][PASSED] - setText(findTestObject(orPath_Amount + "/input__paymentAmount"), ""): Text '' is set on object 'Object Repository/RAD_Pages/PaymentAmount_Page/input__paymentAmount'

2023-10-02 16:22:03 - [MESSAGE][PASSED] - Text '' is set on object 'Object Repository/RAD_Pages/PaymentAmount_Page/input__paymentAmount'

2023-10-02 16:22:03 - [TEST_STEP][PASSED] - verifyTextPresent("The FEIN and Re-type FEIN do not match", true): Text 'The FEIN and Re-type FEIN do not match' is present on page  using regular expression

2023-10-02 16:22:04 - [MESSAGE][PASSED] - Text 'The FEIN and Re-type FEIN do not match' is present on page  using regular expression

2023-10-02 16:22:04 - [TEST_STEP][PASSED] - if (verifyTextPresent("The FEIN and Re-type FEIN do not match", true)): null

2023-10-02 16:22:04 - [MESSAGE][PASSED] - Text 'The FEIN and Re-type FEIN do not match' is present on page  using regular expression

2023-10-02 16:22:04 - [TEST_STEP][PASSED] - println("Error Message is present on the page"): null

2023-10-02 16:22:04 - [TEST_STEP][PASSED] - out.println("Pass Record Number: " + row): null

2023-10-02 16:22:04 - [TEST_STEP][PASSED] - resText = "Pass": null

2023-10-02 16:22:04 - [TEST_STEP][PASSED] - pages.WriteExcel.demoKey(resText, datText, resColumn, datCloumn, fileLoc, nameSheet, row): pages.WriteExcel.demoKey is PASSED

2023-10-02 16:22:04 - [MESSAGE][PASSED] - pages.WriteExcel.demoKey is PASSED

2023-10-02 16:22:04 - [TEST_STEP][PASSED] - ExecuteTC = findTestData(dataFile).getValue("Execute", row): null

2023-10-02 16:22:04 - [TEST_STEP][PASSED] - Taxtype = findTestData(dataFile).getValue("TaxType", row): null

2023-10-02 16:22:04 - [TEST_STEP][PASSED] - Paymenttype = findTestData(dataFile).getValue("PaymentType", row): null

2023-10-02 16:22:04 - [TEST_STEP][PASSED] - out.println("Value of Execute is : " + ExecuteTC): null

2023-10-02 16:22:04 - [TEST_STEP][PASSED] - if (ExecuteTC.equalsIgnoreCase("Y")): null

2023-10-02 16:22:04 - [TEST_STEP][PASSED] - out.println("Begin Record Number: " + row): null

2023-10-02 16:22:04 - [TEST_STEP][PASSED] - today = new java.util.Date(): null

2023-10-02 16:22:04 - [TEST_STEP][PASSED] - println(today): null

2023-10-02 16:22:04 - [TEST_STEP][PASSED] - datText = today: null

2023-10-02 16:22:04 - [TEST_STEP][PASSED] - Taxtype = findTestData(dataFile).getValue("TaxType", row): null

2023-10-02 16:22:04 - [TEST_STEP][PASSED] - out.println("Taxtype value is : " + Taxtype): null

2023-10-02 16:22:04 - [TEST_STEP][PASSED] - openBrowser(""): Browser is opened with url: ''

2023-10-02 16:22:04 - [MESSAGE][WARNING] - A browser is already opened. Closing browser and opening a new one

2023-10-02 16:22:05 - [MESSAGE][INFO] - Starting 'Chrome' driver

2023-10-02 16:22:05 - [MESSAGE][INFO] - User set preference: ['acceptInsecureCerts', 'true']

2023-10-02 16:22:05 - [MESSAGE][INFO] - Action delay is set to 0 milliseconds

2023-10-02 16:22:06 - [MESSAGE][PASSED] - Browser is opened with url: ''

2023-10-02 16:22:06 - [TEST_STEP][PASSED] - maximizeWindow(): Current window maximized

2023-10-02 16:22:07 - [MESSAGE][PASSED] - Current window maximized

2023-10-02 16:22:07 - [TEST_STEP][PASSED] - navigateToUrl(RADurl): Navigate to 'https://demo.velocitypayment.com/client/rad/index.html' successfully

2023-10-02 16:22:08 - [MESSAGE][PASSED] - Navigate to 'https://demo.velocitypayment.com/client/rad/index.html' successfully

2023-10-02 16:22:08 - [TEST_STEP][PASSED] - orPath_Landing = "Object Repository/RAD_Pages/Landing_Page": null

2023-10-02 16:22:08 - [TEST_STEP][PASSED] - orPath_TaxTypeFilingYear = "Object Repository/RAD_Pages/TaxTypeFilingYear_Page": null

2023-10-02 16:22:08 - [TEST_STEP][PASSED] - orPath_TaxPayer = "Object Repository/RAD_Pages/Taxpayer_Page": null

2023-10-02 16:22:08 - [TEST_STEP][PASSED] - orPath_AddressContact = "Object Repository/RAD_Pages/AddressAndContactInfo_Page": null

2023-10-02 16:22:08 - [TEST_STEP][PASSED] - orPath_FilingStatus = "Object Repository/RAD_Pages/FilingStatus_Page": null

2023-10-02 16:22:08 - [TEST_STEP][PASSED] - orPath_Amount = "Object Repository/RAD_Pages/PaymentAmount_Page": null

2023-10-02 16:22:08 - [TEST_STEP][PASSED] - orPath_TaxInfo = "Object Repository/RAD_Pages/TaxInfo_Page": null

2023-10-02 16:22:08 - [TEST_STEP][PASSED] - orPath_Withholding = "Object Repository/RAD_Pages/Withholding_Page": null

2023-10-02 16:22:08 - [TEST_STEP][PASSED] - orPath_Summary = "Object Repository/RAD_Pages/Summary_Page": null

2023-10-02 16:22:08 - [TEST_STEP][PASSED] - orPath_PaymentReady = "Object Repository/RAD_Pages/PaymentReady_Page": null

2023-10-02 16:22:08 - [TEST_STEP][PASSED] - orPath_PaymentEntry = "Object Repository/RAD_Pages/PaymentEntry_Page": null

2023-10-02 16:22:08 - [TEST_STEP][PASSED] - orPath_PaymentConfirmation = "Object Repository/RAD_Pages/PaymentConfirmation_Page": null

2023-10-02 16:22:08 - [TEST_STEP][PASSED] - orPath_ServiceFeesAccept = "Object Repository/RAD_Pages/ServiceFeeAccept_Page": null

2023-10-02 16:22:08 - [TEST_STEP][PASSED] - selectOptionByLabel(findTestObject(orPath_Landing + "/dd_TaxType"), Paymenttype, false): All options with label 'Existing Liability w/Notice Number' are selected in object 'Object Repository/RAD_Pages/Landing_Page/dd_TaxType' 

2023-10-02 16:22:09 - [MESSAGE][PASSED] - All options with label 'Existing Liability w/Notice Number' are selected in object 'Object Repository/RAD_Pages/Landing_Page/dd_TaxType' 

2023-10-02 16:22:09 - [TEST_STEP][PASSED] - delay(1): Delayed 1 second(s)

2023-10-02 16:22:10 - [MESSAGE][PASSED] - Delayed 1 second(s)

2023-10-02 16:22:10 - [TEST_STEP][PASSED] - switch (Paymenttype): null

2023-10-02 16:22:10 - [TEST_STEP][PASSED] - case "Existing Liability w/Notice Number":: null

2023-10-02 16:22:10 - [TEST_STEP][PASSED] - selectOptionByLabel(findTestObject(orPath_TaxTypeFilingYear + "/select_TaxType_ExistingLiability"), Taxtype, false): All options with label 'Tire Recycling Fee' are selected in object 'Object Repository/RAD_Pages/TaxTypeFilingYear_Page/select_TaxType_ExistingLiability' 

2023-10-02 16:22:10 - [MESSAGE][PASSED] - All options with label 'Tire Recycling Fee' are selected in object 'Object Repository/RAD_Pages/TaxTypeFilingYear_Page/select_TaxType_ExistingLiability' 

2023-10-02 16:22:10 - [TEST_STEP][PASSED] - break: null

2023-10-02 16:22:10 - [TEST_STEP][PASSED] - delay(1): Delayed 1 second(s)

2023-10-02 16:22:11 - [MESSAGE][PASSED] - Delayed 1 second(s)

2023-10-02 16:22:11 - [TEST_STEP][PASSED] - scrollToElement(findTestObject(orPath_Amount + "/input__paymentAmount"), 2, CONTINUE_ON_FAILURE): Scroll to object 'Object Repository/RAD_Pages/PaymentAmount_Page/input__paymentAmount' successfully

2023-10-02 16:22:12 - [MESSAGE][PASSED] - Scroll to object 'Object Repository/RAD_Pages/PaymentAmount_Page/input__paymentAmount' successfully

2023-10-02 16:22:12 - [TEST_STEP][PASSED] - switch (Paymenttype): null

2023-10-02 16:22:12 - [TEST_STEP][PASSED] - case "Existing Liability w/Notice Number":: null

2023-10-02 16:22:12 - [TEST_STEP][PASSED] - setEncryptedText(findTestObject("Object Repository/RAD_RecordAndPlay/input_Existing_FEIN"), "RigbBhfdqODKcAsiUrg+1Q=="): Text ****** has been set on object 'Object Repository/RAD_RecordAndPlay/input_Existing_FEIN'

2023-10-02 16:22:13 - [MESSAGE][PASSED] - Text ****** has been set on object 'Object Repository/RAD_RecordAndPlay/input_Existing_FEIN'

2023-10-02 16:22:13 - [TEST_STEP][PASSED] - setEncryptedText(findTestObject("Object Repository/RAD_RecordAndPlay/input_Existing_RetypeFEIN"), "RigbBhfdqOBBGbZqm4oFJQ=="): Text ****** has been set on object 'Object Repository/RAD_RecordAndPlay/input_Existing_RetypeFEIN'

2023-10-02 16:22:14 - [MESSAGE][PASSED] - Text ****** has been set on object 'Object Repository/RAD_RecordAndPlay/input_Existing_RetypeFEIN'

2023-10-02 16:22:14 - [TEST_STEP][PASSED] - break: null

2023-10-02 16:22:14 - [TEST_STEP][PASSED] - setText(findTestObject(orPath_Amount + "/input__paymentAmount"), ""): Text '' is set on object 'Object Repository/RAD_Pages/PaymentAmount_Page/input__paymentAmount'

2023-10-02 16:22:15 - [MESSAGE][PASSED] - Text '' is set on object 'Object Repository/RAD_Pages/PaymentAmount_Page/input__paymentAmount'

2023-10-02 16:22:15 - [TEST_STEP][PASSED] - verifyTextPresent("The FEIN and Re-type FEIN do not match", true): Text 'The FEIN and Re-type FEIN do not match' is present on page  using regular expression

2023-10-02 16:22:15 - [MESSAGE][PASSED] - Text 'The FEIN and Re-type FEIN do not match' is present on page  using regular expression

2023-10-02 16:22:15 - [TEST_STEP][PASSED] - if (verifyTextPresent("The FEIN and Re-type FEIN do not match", true)): null

2023-10-02 16:22:16 - [MESSAGE][PASSED] - Text 'The FEIN and Re-type FEIN do not match' is present on page  using regular expression

2023-10-02 16:22:16 - [TEST_STEP][PASSED] - println("Error Message is present on the page"): null

2023-10-02 16:22:16 - [TEST_STEP][PASSED] - out.println("Pass Record Number: " + row): null

2023-10-02 16:22:16 - [TEST_STEP][PASSED] - resText = "Pass": null

2023-10-02 16:22:16 - [TEST_STEP][PASSED] - pages.WriteExcel.demoKey(resText, datText, resColumn, datCloumn, fileLoc, nameSheet, row): pages.WriteExcel.demoKey is PASSED

2023-10-02 16:22:16 - [MESSAGE][PASSED] - pages.WriteExcel.demoKey is PASSED

2023-10-02 16:22:16 - [TEST_STEP][PASSED] - ExecuteTC = findTestData(dataFile).getValue("Execute", row): null

2023-10-02 16:22:16 - [TEST_STEP][PASSED] - Taxtype = findTestData(dataFile).getValue("TaxType", row): null

2023-10-02 16:22:16 - [TEST_STEP][PASSED] - Paymenttype = findTestData(dataFile).getValue("PaymentType", row): null

2023-10-02 16:22:16 - [TEST_STEP][PASSED] - out.println("Value of Execute is : " + ExecuteTC): null

2023-10-02 16:22:16 - [TEST_STEP][PASSED] - if (ExecuteTC.equalsIgnoreCase("Y")): null

2023-10-02 16:22:16 - [TEST_STEP][PASSED] - out.println("Begin Record Number: " + row): null

2023-10-02 16:22:16 - [TEST_STEP][PASSED] - today = new java.util.Date(): null

2023-10-02 16:22:16 - [TEST_STEP][PASSED] - println(today): null

2023-10-02 16:22:16 - [TEST_STEP][PASSED] - datText = today: null

2023-10-02 16:22:16 - [TEST_STEP][PASSED] - Taxtype = findTestData(dataFile).getValue("TaxType", row): null

2023-10-02 16:22:16 - [TEST_STEP][PASSED] - out.println("Taxtype value is : " + Taxtype): null

2023-10-02 16:22:16 - [TEST_STEP][PASSED] - openBrowser(""): Browser is opened with url: ''

2023-10-02 16:22:16 - [MESSAGE][WARNING] - A browser is already opened. Closing browser and opening a new one

2023-10-02 16:22:17 - [MESSAGE][INFO] - Starting 'Chrome' driver

2023-10-02 16:22:17 - [MESSAGE][INFO] - User set preference: ['acceptInsecureCerts', 'true']

2023-10-02 16:22:17 - [MESSAGE][INFO] - Action delay is set to 0 milliseconds

2023-10-02 16:22:18 - [MESSAGE][PASSED] - Browser is opened with url: ''

2023-10-02 16:22:18 - [TEST_STEP][PASSED] - maximizeWindow(): Current window maximized

2023-10-02 16:22:18 - [MESSAGE][PASSED] - Current window maximized

2023-10-02 16:22:18 - [TEST_STEP][PASSED] - navigateToUrl(RADurl): Navigate to 'https://demo.velocitypayment.com/client/rad/index.html' successfully

2023-10-02 16:22:20 - [MESSAGE][PASSED] - Navigate to 'https://demo.velocitypayment.com/client/rad/index.html' successfully

2023-10-02 16:22:20 - [TEST_STEP][PASSED] - orPath_Landing = "Object Repository/RAD_Pages/Landing_Page": null

2023-10-02 16:22:20 - [TEST_STEP][PASSED] - orPath_TaxTypeFilingYear = "Object Repository/RAD_Pages/TaxTypeFilingYear_Page": null

2023-10-02 16:22:20 - [TEST_STEP][PASSED] - orPath_TaxPayer = "Object Repository/RAD_Pages/Taxpayer_Page": null

2023-10-02 16:22:20 - [TEST_STEP][PASSED] - orPath_AddressContact = "Object Repository/RAD_Pages/AddressAndContactInfo_Page": null

2023-10-02 16:22:20 - [TEST_STEP][PASSED] - orPath_FilingStatus = "Object Repository/RAD_Pages/FilingStatus_Page": null

2023-10-02 16:22:20 - [TEST_STEP][PASSED] - orPath_Amount = "Object Repository/RAD_Pages/PaymentAmount_Page": null

2023-10-02 16:22:20 - [TEST_STEP][PASSED] - orPath_TaxInfo = "Object Repository/RAD_Pages/TaxInfo_Page": null

2023-10-02 16:22:20 - [TEST_STEP][PASSED] - orPath_Withholding = "Object Repository/RAD_Pages/Withholding_Page": null

2023-10-02 16:22:20 - [TEST_STEP][PASSED] - orPath_Summary = "Object Repository/RAD_Pages/Summary_Page": null

2023-10-02 16:22:20 - [TEST_STEP][PASSED] - orPath_PaymentReady = "Object Repository/RAD_Pages/PaymentReady_Page": null

2023-10-02 16:22:20 - [TEST_STEP][PASSED] - orPath_PaymentEntry = "Object Repository/RAD_Pages/PaymentEntry_Page": null

2023-10-02 16:22:20 - [TEST_STEP][PASSED] - orPath_PaymentConfirmation = "Object Repository/RAD_Pages/PaymentConfirmation_Page": null

2023-10-02 16:22:20 - [TEST_STEP][PASSED] - orPath_ServiceFeesAccept = "Object Repository/RAD_Pages/ServiceFeeAccept_Page": null

2023-10-02 16:22:20 - [TEST_STEP][PASSED] - selectOptionByLabel(findTestObject(orPath_Landing + "/dd_TaxType"), Paymenttype, false): All options with label 'Existing Liability w/Notice Number' are selected in object 'Object Repository/RAD_Pages/Landing_Page/dd_TaxType' 

2023-10-02 16:22:21 - [MESSAGE][PASSED] - All options with label 'Existing Liability w/Notice Number' are selected in object 'Object Repository/RAD_Pages/Landing_Page/dd_TaxType' 

2023-10-02 16:22:21 - [TEST_STEP][PASSED] - delay(1): Delayed 1 second(s)

2023-10-02 16:22:22 - [MESSAGE][PASSED] - Delayed 1 second(s)

2023-10-02 16:22:22 - [TEST_STEP][PASSED] - switch (Paymenttype): null

2023-10-02 16:22:22 - [TEST_STEP][PASSED] - case "Existing Liability w/Notice Number":: null

2023-10-02 16:22:22 - [TEST_STEP][PASSED] - selectOptionByLabel(findTestObject(orPath_TaxTypeFilingYear + "/select_TaxType_ExistingLiability"), Taxtype, false): All options with label 'Withholding Tax' are selected in object 'Object Repository/RAD_Pages/TaxTypeFilingYear_Page/select_TaxType_ExistingLiability' 

2023-10-02 16:22:23 - [MESSAGE][PASSED] - All options with label 'Withholding Tax' are selected in object 'Object Repository/RAD_Pages/TaxTypeFilingYear_Page/select_TaxType_ExistingLiability' 

2023-10-02 16:22:23 - [TEST_STEP][PASSED] - break: null

2023-10-02 16:22:23 - [TEST_STEP][PASSED] - delay(1): Delayed 1 second(s)

2023-10-02 16:22:24 - [MESSAGE][PASSED] - Delayed 1 second(s)

2023-10-02 16:22:24 - [TEST_STEP][PASSED] - scrollToElement(findTestObject(orPath_Amount + "/input__paymentAmount"), 2, CONTINUE_ON_FAILURE): Scroll to object 'Object Repository/RAD_Pages/PaymentAmount_Page/input__paymentAmount' successfully

2023-10-02 16:22:24 - [MESSAGE][PASSED] - Scroll to object 'Object Repository/RAD_Pages/PaymentAmount_Page/input__paymentAmount' successfully

2023-10-02 16:22:24 - [TEST_STEP][PASSED] - switch (Paymenttype): null

2023-10-02 16:22:24 - [TEST_STEP][PASSED] - case "Existing Liability w/Notice Number":: null

2023-10-02 16:22:24 - [TEST_STEP][PASSED] - setEncryptedText(findTestObject("Object Repository/RAD_RecordAndPlay/input_Existing_FEIN"), "RigbBhfdqODKcAsiUrg+1Q=="): Text ****** has been set on object 'Object Repository/RAD_RecordAndPlay/input_Existing_FEIN'

2023-10-02 16:22:25 - [MESSAGE][PASSED] - Text ****** has been set on object 'Object Repository/RAD_RecordAndPlay/input_Existing_FEIN'

2023-10-02 16:22:26 - [TEST_STEP][PASSED] - setEncryptedText(findTestObject("Object Repository/RAD_RecordAndPlay/input_Existing_RetypeFEIN"), "RigbBhfdqOBBGbZqm4oFJQ=="): Text ****** has been set on object 'Object Repository/RAD_RecordAndPlay/input_Existing_RetypeFEIN'

2023-10-02 16:22:26 - [MESSAGE][PASSED] - Text ****** has been set on object 'Object Repository/RAD_RecordAndPlay/input_Existing_RetypeFEIN'

2023-10-02 16:22:26 - [TEST_STEP][PASSED] - break: null

2023-10-02 16:22:26 - [TEST_STEP][PASSED] - setText(findTestObject(orPath_Amount + "/input__paymentAmount"), ""): Text '' is set on object 'Object Repository/RAD_Pages/PaymentAmount_Page/input__paymentAmount'

2023-10-02 16:22:27 - [MESSAGE][PASSED] - Text '' is set on object 'Object Repository/RAD_Pages/PaymentAmount_Page/input__paymentAmount'

2023-10-02 16:22:27 - [TEST_STEP][PASSED] - verifyTextPresent("The FEIN and Re-type FEIN do not match", true): Text 'The FEIN and Re-type FEIN do not match' is present on page  using regular expression

2023-10-02 16:22:28 - [MESSAGE][PASSED] - Text 'The FEIN and Re-type FEIN do not match' is present on page  using regular expression

2023-10-02 16:22:28 - [TEST_STEP][PASSED] - if (verifyTextPresent("The FEIN and Re-type FEIN do not match", true)): null

2023-10-02 16:22:28 - [MESSAGE][PASSED] - Text 'The FEIN and Re-type FEIN do not match' is present on page  using regular expression

2023-10-02 16:22:28 - [TEST_STEP][PASSED] - println("Error Message is present on the page"): null

2023-10-02 16:22:28 - [TEST_STEP][PASSED] - out.println("Pass Record Number: " + row): null

2023-10-02 16:22:28 - [TEST_STEP][PASSED] - resText = "Pass": null

2023-10-02 16:22:28 - [TEST_STEP][PASSED] - pages.WriteExcel.demoKey(resText, datText, resColumn, datCloumn, fileLoc, nameSheet, row): pages.WriteExcel.demoKey is PASSED

2023-10-02 16:22:28 - [MESSAGE][PASSED] - pages.WriteExcel.demoKey is PASSED

2023-10-02 16:22:28 - [TEST_STEP][PASSED] - ExecuteTC = findTestData(dataFile).getValue("Execute", row): null

2023-10-02 16:22:28 - [TEST_STEP][PASSED] - Taxtype = findTestData(dataFile).getValue("TaxType", row): null

2023-10-02 16:22:28 - [TEST_STEP][PASSED] - Paymenttype = findTestData(dataFile).getValue("PaymentType", row): null

2023-10-02 16:22:28 - [TEST_STEP][PASSED] - out.println("Value of Execute is : " + ExecuteTC): null

2023-10-02 16:22:28 - [TEST_STEP][PASSED] - if (ExecuteTC.equalsIgnoreCase("Y")): null

2023-10-02 16:22:28 - [TEST_STEP][PASSED] - out.println("Begin Record Number: " + row): null

2023-10-02 16:22:28 - [TEST_STEP][PASSED] - today = new java.util.Date(): null

2023-10-02 16:22:28 - [TEST_STEP][PASSED] - println(today): null

2023-10-02 16:22:28 - [TEST_STEP][PASSED] - datText = today: null

2023-10-02 16:22:28 - [TEST_STEP][PASSED] - Taxtype = findTestData(dataFile).getValue("TaxType", row): null

2023-10-02 16:22:28 - [TEST_STEP][PASSED] - out.println("Taxtype value is : " + Taxtype): null

2023-10-02 16:22:28 - [TEST_STEP][PASSED] - openBrowser(""): Browser is opened with url: ''

2023-10-02 16:22:28 - [MESSAGE][WARNING] - A browser is already opened. Closing browser and opening a new one

2023-10-02 16:22:29 - [MESSAGE][INFO] - Starting 'Chrome' driver

2023-10-02 16:22:29 - [MESSAGE][INFO] - User set preference: ['acceptInsecureCerts', 'true']

2023-10-02 16:22:29 - [MESSAGE][INFO] - Action delay is set to 0 milliseconds

2023-10-02 16:22:31 - [MESSAGE][PASSED] - Browser is opened with url: ''

2023-10-02 16:22:31 - [TEST_STEP][PASSED] - maximizeWindow(): Current window maximized

2023-10-02 16:22:31 - [MESSAGE][PASSED] - Current window maximized

2023-10-02 16:22:31 - [TEST_STEP][PASSED] - navigateToUrl(RADurl): Navigate to 'https://demo.velocitypayment.com/client/rad/index.html' successfully

2023-10-02 16:22:32 - [MESSAGE][PASSED] - Navigate to 'https://demo.velocitypayment.com/client/rad/index.html' successfully

2023-10-02 16:22:32 - [TEST_STEP][PASSED] - orPath_Landing = "Object Repository/RAD_Pages/Landing_Page": null

2023-10-02 16:22:32 - [TEST_STEP][PASSED] - orPath_TaxTypeFilingYear = "Object Repository/RAD_Pages/TaxTypeFilingYear_Page": null

2023-10-02 16:22:32 - [TEST_STEP][PASSED] - orPath_TaxPayer = "Object Repository/RAD_Pages/Taxpayer_Page": null

2023-10-02 16:22:32 - [TEST_STEP][PASSED] - orPath_AddressContact = "Object Repository/RAD_Pages/AddressAndContactInfo_Page": null

2023-10-02 16:22:32 - [TEST_STEP][PASSED] - orPath_FilingStatus = "Object Repository/RAD_Pages/FilingStatus_Page": null

2023-10-02 16:22:32 - [TEST_STEP][PASSED] - orPath_Amount = "Object Repository/RAD_Pages/PaymentAmount_Page": null

2023-10-02 16:22:32 - [TEST_STEP][PASSED] - orPath_TaxInfo = "Object Repository/RAD_Pages/TaxInfo_Page": null

2023-10-02 16:22:32 - [TEST_STEP][PASSED] - orPath_Withholding = "Object Repository/RAD_Pages/Withholding_Page": null

2023-10-02 16:22:32 - [TEST_STEP][PASSED] - orPath_Summary = "Object Repository/RAD_Pages/Summary_Page": null

2023-10-02 16:22:32 - [TEST_STEP][PASSED] - orPath_PaymentReady = "Object Repository/RAD_Pages/PaymentReady_Page": null

2023-10-02 16:22:32 - [TEST_STEP][PASSED] - orPath_PaymentEntry = "Object Repository/RAD_Pages/PaymentEntry_Page": null

2023-10-02 16:22:32 - [TEST_STEP][PASSED] - orPath_PaymentConfirmation = "Object Repository/RAD_Pages/PaymentConfirmation_Page": null

2023-10-02 16:22:32 - [TEST_STEP][PASSED] - orPath_ServiceFeesAccept = "Object Repository/RAD_Pages/ServiceFeeAccept_Page": null

2023-10-02 16:22:32 - [TEST_STEP][PASSED] - selectOptionByLabel(findTestObject(orPath_Landing + "/dd_TaxType"), Paymenttype, false): All options with label 'Existing Liability w/Notice Number' are selected in object 'Object Repository/RAD_Pages/Landing_Page/dd_TaxType' 

2023-10-02 16:22:33 - [MESSAGE][PASSED] - All options with label 'Existing Liability w/Notice Number' are selected in object 'Object Repository/RAD_Pages/Landing_Page/dd_TaxType' 

2023-10-02 16:22:33 - [TEST_STEP][PASSED] - delay(1): Delayed 1 second(s)

2023-10-02 16:22:34 - [MESSAGE][PASSED] - Delayed 1 second(s)

2023-10-02 16:22:34 - [TEST_STEP][PASSED] - switch (Paymenttype): null

2023-10-02 16:22:34 - [TEST_STEP][PASSED] - case "Existing Liability w/Notice Number":: null

2023-10-02 16:22:34 - [TEST_STEP][PASSED] - selectOptionByLabel(findTestObject(orPath_TaxTypeFilingYear + "/select_TaxType_ExistingLiability"), Taxtype, false): All options with label 'Alcohol Tax' are selected in object 'Object Repository/RAD_Pages/TaxTypeFilingYear_Page/select_TaxType_ExistingLiability' 

2023-10-02 16:22:35 - [MESSAGE][PASSED] - All options with label 'Alcohol Tax' are selected in object 'Object Repository/RAD_Pages/TaxTypeFilingYear_Page/select_TaxType_ExistingLiability' 

2023-10-02 16:22:35 - [TEST_STEP][PASSED] - break: null

2023-10-02 16:22:35 - [TEST_STEP][PASSED] - delay(1): Delayed 1 second(s)

2023-10-02 16:22:36 - [MESSAGE][PASSED] - Delayed 1 second(s)

2023-10-02 16:22:36 - [TEST_STEP][PASSED] - scrollToElement(findTestObject(orPath_Amount + "/input__paymentAmount"), 2, CONTINUE_ON_FAILURE): Scroll to object 'Object Repository/RAD_Pages/PaymentAmount_Page/input__paymentAmount' successfully

2023-10-02 16:22:36 - [MESSAGE][PASSED] - Scroll to object 'Object Repository/RAD_Pages/PaymentAmount_Page/input__paymentAmount' successfully

2023-10-02 16:22:36 - [TEST_STEP][PASSED] - switch (Paymenttype): null

2023-10-02 16:22:36 - [TEST_STEP][PASSED] - case "Existing Liability w/Notice Number":: null

2023-10-02 16:22:36 - [TEST_STEP][PASSED] - setEncryptedText(findTestObject("Object Repository/RAD_RecordAndPlay/input_Existing_FEIN"), "RigbBhfdqODKcAsiUrg+1Q=="): Text ****** has been set on object 'Object Repository/RAD_RecordAndPlay/input_Existing_FEIN'

2023-10-02 16:22:37 - [MESSAGE][PASSED] - Text ****** has been set on object 'Object Repository/RAD_RecordAndPlay/input_Existing_FEIN'

2023-10-02 16:22:38 - [TEST_STEP][PASSED] - setEncryptedText(findTestObject("Object Repository/RAD_RecordAndPlay/input_Existing_RetypeFEIN"), "RigbBhfdqOBBGbZqm4oFJQ=="): Text ****** has been set on object 'Object Repository/RAD_RecordAndPlay/input_Existing_RetypeFEIN'

2023-10-02 16:22:38 - [MESSAGE][PASSED] - Text ****** has been set on object 'Object Repository/RAD_RecordAndPlay/input_Existing_RetypeFEIN'

2023-10-02 16:22:38 - [TEST_STEP][PASSED] - break: null

2023-10-02 16:22:38 - [TEST_STEP][PASSED] - setText(findTestObject(orPath_Amount + "/input__paymentAmount"), ""): Text '' is set on object 'Object Repository/RAD_Pages/PaymentAmount_Page/input__paymentAmount'

2023-10-02 16:22:39 - [MESSAGE][PASSED] - Text '' is set on object 'Object Repository/RAD_Pages/PaymentAmount_Page/input__paymentAmount'

2023-10-02 16:22:39 - [TEST_STEP][PASSED] - verifyTextPresent("The FEIN and Re-type FEIN do not match", true): Text 'The FEIN and Re-type FEIN do not match' is present on page  using regular expression

2023-10-02 16:22:40 - [MESSAGE][PASSED] - Text 'The FEIN and Re-type FEIN do not match' is present on page  using regular expression

2023-10-02 16:22:40 - [TEST_STEP][PASSED] - if (verifyTextPresent("The FEIN and Re-type FEIN do not match", true)): null

2023-10-02 16:22:40 - [MESSAGE][PASSED] - Text 'The FEIN and Re-type FEIN do not match' is present on page  using regular expression

2023-10-02 16:22:40 - [TEST_STEP][PASSED] - println("Error Message is present on the page"): null

2023-10-02 16:22:40 - [TEST_STEP][PASSED] - out.println("Pass Record Number: " + row): null

2023-10-02 16:22:40 - [TEST_STEP][PASSED] - resText = "Pass": null

2023-10-02 16:22:40 - [TEST_STEP][PASSED] - pages.WriteExcel.demoKey(resText, datText, resColumn, datCloumn, fileLoc, nameSheet, row): pages.WriteExcel.demoKey is PASSED

2023-10-02 16:22:40 - [MESSAGE][PASSED] - pages.WriteExcel.demoKey is PASSED

2023-10-02 16:22:40 - [TEST_STEP][PASSED] - ExecuteTC = findTestData(dataFile).getValue("Execute", row): null

2023-10-02 16:22:40 - [TEST_STEP][PASSED] - Taxtype = findTestData(dataFile).getValue("TaxType", row): null

2023-10-02 16:22:40 - [TEST_STEP][PASSED] - Paymenttype = findTestData(dataFile).getValue("PaymentType", row): null

2023-10-02 16:22:40 - [TEST_STEP][PASSED] - out.println("Value of Execute is : " + ExecuteTC): null

2023-10-02 16:22:40 - [TEST_STEP][PASSED] - if (ExecuteTC.equalsIgnoreCase("Y")): null

2023-10-02 16:22:40 - [TEST_STEP][PASSED] - out.println("Begin Record Number: " + row): null

2023-10-02 16:22:40 - [TEST_STEP][PASSED] - today = new java.util.Date(): null

2023-10-02 16:22:40 - [TEST_STEP][PASSED] - println(today): null

2023-10-02 16:22:40 - [TEST_STEP][PASSED] - datText = today: null

2023-10-02 16:22:40 - [TEST_STEP][PASSED] - Taxtype = findTestData(dataFile).getValue("TaxType", row): null

2023-10-02 16:22:40 - [TEST_STEP][PASSED] - out.println("Taxtype value is : " + Taxtype): null

2023-10-02 16:22:40 - [TEST_STEP][PASSED] - openBrowser(""): Browser is opened with url: ''

2023-10-02 16:22:40 - [MESSAGE][WARNING] - A browser is already opened. Closing browser and opening a new one

2023-10-02 16:22:41 - [MESSAGE][INFO] - Starting 'Chrome' driver

2023-10-02 16:22:41 - [MESSAGE][INFO] - User set preference: ['acceptInsecureCerts', 'true']

2023-10-02 16:22:41 - [MESSAGE][INFO] - Action delay is set to 0 milliseconds

2023-10-02 16:22:43 - [MESSAGE][PASSED] - Browser is opened with url: ''

2023-10-02 16:22:43 - [TEST_STEP][PASSED] - maximizeWindow(): Current window maximized

2023-10-02 16:22:43 - [MESSAGE][PASSED] - Current window maximized

2023-10-02 16:22:43 - [TEST_STEP][PASSED] - navigateToUrl(RADurl): Navigate to 'https://demo.velocitypayment.com/client/rad/index.html' successfully

2023-10-02 16:22:44 - [MESSAGE][PASSED] - Navigate to 'https://demo.velocitypayment.com/client/rad/index.html' successfully

2023-10-02 16:22:44 - [TEST_STEP][PASSED] - orPath_Landing = "Object Repository/RAD_Pages/Landing_Page": null

2023-10-02 16:22:44 - [TEST_STEP][PASSED] - orPath_TaxTypeFilingYear = "Object Repository/RAD_Pages/TaxTypeFilingYear_Page": null

2023-10-02 16:22:44 - [TEST_STEP][PASSED] - orPath_TaxPayer = "Object Repository/RAD_Pages/Taxpayer_Page": null

2023-10-02 16:22:44 - [TEST_STEP][PASSED] - orPath_AddressContact = "Object Repository/RAD_Pages/AddressAndContactInfo_Page": null

2023-10-02 16:22:44 - [TEST_STEP][PASSED] - orPath_FilingStatus = "Object Repository/RAD_Pages/FilingStatus_Page": null

2023-10-02 16:22:44 - [TEST_STEP][PASSED] - orPath_Amount = "Object Repository/RAD_Pages/PaymentAmount_Page": null

2023-10-02 16:22:44 - [TEST_STEP][PASSED] - orPath_TaxInfo = "Object Repository/RAD_Pages/TaxInfo_Page": null

2023-10-02 16:22:44 - [TEST_STEP][PASSED] - orPath_Withholding = "Object Repository/RAD_Pages/Withholding_Page": null

2023-10-02 16:22:44 - [TEST_STEP][PASSED] - orPath_Summary = "Object Repository/RAD_Pages/Summary_Page": null

2023-10-02 16:22:44 - [TEST_STEP][PASSED] - orPath_PaymentReady = "Object Repository/RAD_Pages/PaymentReady_Page": null

2023-10-02 16:22:44 - [TEST_STEP][PASSED] - orPath_PaymentEntry = "Object Repository/RAD_Pages/PaymentEntry_Page": null

2023-10-02 16:22:44 - [TEST_STEP][PASSED] - orPath_PaymentConfirmation = "Object Repository/RAD_Pages/PaymentConfirmation_Page": null

2023-10-02 16:22:44 - [TEST_STEP][PASSED] - orPath_ServiceFeesAccept = "Object Repository/RAD_Pages/ServiceFeeAccept_Page": null

2023-10-02 16:22:44 - [TEST_STEP][PASSED] - selectOptionByLabel(findTestObject(orPath_Landing + "/dd_TaxType"), Paymenttype, false): All options with label 'Quarterly Estimated Tax' are selected in object 'Object Repository/RAD_Pages/Landing_Page/dd_TaxType' 

2023-10-02 16:22:45 - [MESSAGE][PASSED] - All options with label 'Quarterly Estimated Tax' are selected in object 'Object Repository/RAD_Pages/Landing_Page/dd_TaxType' 

2023-10-02 16:22:45 - [TEST_STEP][PASSED] - delay(1): Delayed 1 second(s)

2023-10-02 16:22:46 - [MESSAGE][PASSED] - Delayed 1 second(s)

2023-10-02 16:22:46 - [TEST_STEP][PASSED] - switch (Paymenttype): null

2023-10-02 16:22:46 - [TEST_STEP][PASSED] - case "Quarterly Estimated Tax":: null

2023-10-02 16:22:46 - [TEST_STEP][PASSED] - selectOptionByLabel(findTestObject(orPath_TaxTypeFilingYear + "/select_PaymentType"), Taxtype, false): All options with label 'Corporate Income Tax' are selected in object 'Object Repository/RAD_Pages/TaxTypeFilingYear_Page/select_PaymentType' 

2023-10-02 16:22:47 - [MESSAGE][PASSED] - All options with label 'Corporate Income Tax' are selected in object 'Object Repository/RAD_Pages/TaxTypeFilingYear_Page/select_PaymentType' 

2023-10-02 16:22:47 - [TEST_STEP][PASSED] - break: null

2023-10-02 16:22:47 - [TEST_STEP][PASSED] - delay(1): Delayed 1 second(s)

2023-10-02 16:22:48 - [MESSAGE][PASSED] - Delayed 1 second(s)

2023-10-02 16:22:48 - [TEST_STEP][PASSED] - scrollToElement(findTestObject(orPath_Amount + "/input__paymentAmount"), 2, CONTINUE_ON_FAILURE): Scroll to object 'Object Repository/RAD_Pages/PaymentAmount_Page/input__paymentAmount' successfully

2023-10-02 16:22:48 - [MESSAGE][PASSED] - Scroll to object 'Object Repository/RAD_Pages/PaymentAmount_Page/input__paymentAmount' successfully

2023-10-02 16:22:48 - [TEST_STEP][PASSED] - switch (Paymenttype): null

2023-10-02 16:22:48 - [TEST_STEP][PASSED] - case "Quarterly Estimated Tax":: null

2023-10-02 16:22:48 - [TEST_STEP][PASSED] - setEncryptedText(findTestObject(orPath_TaxInfo + "/input_FederalEIN"), "RigbBhfdqODKcAsiUrg+1Q=="): Text ****** has been set on object 'Object Repository/RAD_Pages/TaxInfo_Page/input_FederalEIN'

2023-10-02 16:22:49 - [MESSAGE][PASSED] - Text ****** has been set on object 'Object Repository/RAD_Pages/TaxInfo_Page/input_FederalEIN'

2023-10-02 16:22:50 - [TEST_STEP][PASSED] - setEncryptedText(findTestObject(orPath_TaxInfo + "/input_FederalEIN_ReEnter"), "RigbBhfdqOBBGbZqm4oFJQ=="): Text ****** has been set on object 'Object Repository/RAD_Pages/TaxInfo_Page/input_FederalEIN_ReEnter'

2023-10-02 16:22:50 - [MESSAGE][PASSED] - Text ****** has been set on object 'Object Repository/RAD_Pages/TaxInfo_Page/input_FederalEIN_ReEnter'

2023-10-02 16:22:50 - [TEST_STEP][PASSED] - break: null

2023-10-02 16:22:50 - [TEST_STEP][PASSED] - setText(findTestObject(orPath_Amount + "/input__paymentAmount"), ""): Text '' is set on object 'Object Repository/RAD_Pages/PaymentAmount_Page/input__paymentAmount'

2023-10-02 16:22:51 - [MESSAGE][PASSED] - Text '' is set on object 'Object Repository/RAD_Pages/PaymentAmount_Page/input__paymentAmount'

2023-10-02 16:22:51 - [TEST_STEP][PASSED] - verifyTextPresent("The FEIN and Re-type FEIN do not match", true): Text 'The FEIN and Re-type FEIN do not match' is present on page  using regular expression

2023-10-02 16:22:52 - [MESSAGE][PASSED] - Text 'The FEIN and Re-type FEIN do not match' is present on page  using regular expression

2023-10-02 16:22:52 - [TEST_STEP][PASSED] - if (verifyTextPresent("The FEIN and Re-type FEIN do not match", true)): null

2023-10-02 16:22:52 - [MESSAGE][PASSED] - Text 'The FEIN and Re-type FEIN do not match' is present on page  using regular expression

2023-10-02 16:22:52 - [TEST_STEP][PASSED] - println("Error Message is present on the page"): null

2023-10-02 16:22:52 - [TEST_STEP][PASSED] - out.println("Pass Record Number: " + row): null

2023-10-02 16:22:52 - [TEST_STEP][PASSED] - resText = "Pass": null

2023-10-02 16:22:52 - [TEST_STEP][PASSED] - pages.WriteExcel.demoKey(resText, datText, resColumn, datCloumn, fileLoc, nameSheet, row): pages.WriteExcel.demoKey is PASSED

2023-10-02 16:22:52 - [MESSAGE][PASSED] - pages.WriteExcel.demoKey is PASSED

2023-10-02 16:22:52 - [TEST_STEP][PASSED] - ExecuteTC = findTestData(dataFile).getValue("Execute", row): null

2023-10-02 16:22:52 - [TEST_STEP][PASSED] - Taxtype = findTestData(dataFile).getValue("TaxType", row): null

2023-10-02 16:22:52 - [TEST_STEP][PASSED] - Paymenttype = findTestData(dataFile).getValue("PaymentType", row): null

2023-10-02 16:22:52 - [TEST_STEP][PASSED] - out.println("Value of Execute is : " + ExecuteTC): null

2023-10-02 16:22:52 - [TEST_STEP][PASSED] - if (ExecuteTC.equalsIgnoreCase("Y")): null

2023-10-02 16:22:52 - [TEST_STEP][PASSED] - out.println("Begin Record Number: " + row): null

2023-10-02 16:22:52 - [TEST_STEP][PASSED] - today = new java.util.Date(): null

2023-10-02 16:22:52 - [TEST_STEP][PASSED] - println(today): null

2023-10-02 16:22:52 - [TEST_STEP][PASSED] - datText = today: null

2023-10-02 16:22:52 - [TEST_STEP][PASSED] - Taxtype = findTestData(dataFile).getValue("TaxType", row): null

2023-10-02 16:22:52 - [TEST_STEP][PASSED] - out.println("Taxtype value is : " + Taxtype): null

2023-10-02 16:22:52 - [TEST_STEP][PASSED] - openBrowser(""): Browser is opened with url: ''

2023-10-02 16:22:52 - [MESSAGE][WARNING] - A browser is already opened. Closing browser and opening a new one

2023-10-02 16:22:53 - [MESSAGE][INFO] - Starting 'Chrome' driver

2023-10-02 16:22:53 - [MESSAGE][INFO] - User set preference: ['acceptInsecureCerts', 'true']

2023-10-02 16:22:53 - [MESSAGE][INFO] - Action delay is set to 0 milliseconds

2023-10-02 16:22:55 - [MESSAGE][PASSED] - Browser is opened with url: ''

2023-10-02 16:22:55 - [TEST_STEP][PASSED] - maximizeWindow(): Current window maximized

2023-10-02 16:22:55 - [MESSAGE][PASSED] - Current window maximized

2023-10-02 16:22:55 - [TEST_STEP][PASSED] - navigateToUrl(RADurl): Navigate to 'https://demo.velocitypayment.com/client/rad/index.html' successfully

2023-10-02 16:22:56 - [MESSAGE][PASSED] - Navigate to 'https://demo.velocitypayment.com/client/rad/index.html' successfully

2023-10-02 16:22:56 - [TEST_STEP][PASSED] - orPath_Landing = "Object Repository/RAD_Pages/Landing_Page": null

2023-10-02 16:22:56 - [TEST_STEP][PASSED] - orPath_TaxTypeFilingYear = "Object Repository/RAD_Pages/TaxTypeFilingYear_Page": null

2023-10-02 16:22:56 - [TEST_STEP][PASSED] - orPath_TaxPayer = "Object Repository/RAD_Pages/Taxpayer_Page": null

2023-10-02 16:22:56 - [TEST_STEP][PASSED] - orPath_AddressContact = "Object Repository/RAD_Pages/AddressAndContactInfo_Page": null

2023-10-02 16:22:56 - [TEST_STEP][PASSED] - orPath_FilingStatus = "Object Repository/RAD_Pages/FilingStatus_Page": null

2023-10-02 16:22:56 - [TEST_STEP][PASSED] - orPath_Amount = "Object Repository/RAD_Pages/PaymentAmount_Page": null

2023-10-02 16:22:56 - [TEST_STEP][PASSED] - orPath_TaxInfo = "Object Repository/RAD_Pages/TaxInfo_Page": null

2023-10-02 16:22:56 - [TEST_STEP][PASSED] - orPath_Withholding = "Object Repository/RAD_Pages/Withholding_Page": null

2023-10-02 16:22:56 - [TEST_STEP][PASSED] - orPath_Summary = "Object Repository/RAD_Pages/Summary_Page": null

2023-10-02 16:22:56 - [TEST_STEP][PASSED] - orPath_PaymentReady = "Object Repository/RAD_Pages/PaymentReady_Page": null

2023-10-02 16:22:56 - [TEST_STEP][PASSED] - orPath_PaymentEntry = "Object Repository/RAD_Pages/PaymentEntry_Page": null

2023-10-02 16:22:56 - [TEST_STEP][PASSED] - orPath_PaymentConfirmation = "Object Repository/RAD_Pages/PaymentConfirmation_Page": null

2023-10-02 16:22:56 - [TEST_STEP][PASSED] - orPath_ServiceFeesAccept = "Object Repository/RAD_Pages/ServiceFeeAccept_Page": null

2023-10-02 16:22:56 - [TEST_STEP][PASSED] - selectOptionByLabel(findTestObject(orPath_Landing + "/dd_TaxType"), Paymenttype, false): All options with label 'Quarterly Estimated Tax' are selected in object 'Object Repository/RAD_Pages/Landing_Page/dd_TaxType' 

2023-10-02 16:22:57 - [MESSAGE][PASSED] - All options with label 'Quarterly Estimated Tax' are selected in object 'Object Repository/RAD_Pages/Landing_Page/dd_TaxType' 

2023-10-02 16:22:57 - [TEST_STEP][PASSED] - delay(1): Delayed 1 second(s)

2023-10-02 16:22:58 - [MESSAGE][PASSED] - Delayed 1 second(s)

2023-10-02 16:22:58 - [TEST_STEP][PASSED] - switch (Paymenttype): null

2023-10-02 16:22:58 - [TEST_STEP][PASSED] - case "Quarterly Estimated Tax":: null

2023-10-02 16:22:58 - [TEST_STEP][PASSED] - selectOptionByLabel(findTestObject(orPath_TaxTypeFilingYear + "/select_PaymentType"), Taxtype, false): All options with label 'Fiduciary Tax' are selected in object 'Object Repository/RAD_Pages/TaxTypeFilingYear_Page/select_PaymentType' 

2023-10-02 16:22:58 - [MESSAGE][PASSED] - All options with label 'Fiduciary Tax' are selected in object 'Object Repository/RAD_Pages/TaxTypeFilingYear_Page/select_PaymentType' 

2023-10-02 16:22:58 - [TEST_STEP][PASSED] - break: null

2023-10-02 16:22:58 - [TEST_STEP][PASSED] - delay(1): Delayed 1 second(s)

2023-10-02 16:22:59 - [MESSAGE][PASSED] - Delayed 1 second(s)

2023-10-02 16:22:59 - [TEST_STEP][PASSED] - scrollToElement(findTestObject(orPath_Amount + "/input__paymentAmount"), 2, CONTINUE_ON_FAILURE): Scroll to object 'Object Repository/RAD_Pages/PaymentAmount_Page/input__paymentAmount' successfully

2023-10-02 16:23:00 - [MESSAGE][PASSED] - Scroll to object 'Object Repository/RAD_Pages/PaymentAmount_Page/input__paymentAmount' successfully

2023-10-02 16:23:00 - [TEST_STEP][PASSED] - switch (Paymenttype): null

2023-10-02 16:23:00 - [TEST_STEP][PASSED] - case "Quarterly Estimated Tax":: null

2023-10-02 16:23:00 - [TEST_STEP][PASSED] - setEncryptedText(findTestObject(orPath_TaxInfo + "/input_FederalEIN"), "RigbBhfdqODKcAsiUrg+1Q=="): Text ****** has been set on object 'Object Repository/RAD_Pages/TaxInfo_Page/input_FederalEIN'

2023-10-02 16:23:00 - [MESSAGE][PASSED] - Text ****** has been set on object 'Object Repository/RAD_Pages/TaxInfo_Page/input_FederalEIN'

2023-10-02 16:23:01 - [TEST_STEP][PASSED] - setEncryptedText(findTestObject(orPath_TaxInfo + "/input_FederalEIN_ReEnter"), "RigbBhfdqOBBGbZqm4oFJQ=="): Text ****** has been set on object 'Object Repository/RAD_Pages/TaxInfo_Page/input_FederalEIN_ReEnter'

2023-10-02 16:23:02 - [MESSAGE][PASSED] - Text ****** has been set on object 'Object Repository/RAD_Pages/TaxInfo_Page/input_FederalEIN_ReEnter'

2023-10-02 16:23:02 - [TEST_STEP][PASSED] - break: null

2023-10-02 16:23:02 - [TEST_STEP][PASSED] - setText(findTestObject(orPath_Amount + "/input__paymentAmount"), ""): Text '' is set on object 'Object Repository/RAD_Pages/PaymentAmount_Page/input__paymentAmount'

2023-10-02 16:23:03 - [MESSAGE][PASSED] - Text '' is set on object 'Object Repository/RAD_Pages/PaymentAmount_Page/input__paymentAmount'

2023-10-02 16:23:03 - [TEST_STEP][PASSED] - verifyTextPresent("The FEIN and Re-type FEIN do not match", true): Text 'The FEIN and Re-type FEIN do not match' is present on page  using regular expression

2023-10-02 16:23:03 - [MESSAGE][PASSED] - Text 'The FEIN and Re-type FEIN do not match' is present on page  using regular expression

2023-10-02 16:23:03 - [TEST_STEP][PASSED] - if (verifyTextPresent("The FEIN and Re-type FEIN do not match", true)): null

2023-10-02 16:23:04 - [MESSAGE][PASSED] - Text 'The FEIN and Re-type FEIN do not match' is present on page  using regular expression

2023-10-02 16:23:04 - [TEST_STEP][PASSED] - println("Error Message is present on the page"): null

2023-10-02 16:23:04 - [TEST_STEP][PASSED] - out.println("Pass Record Number: " + row): null

2023-10-02 16:23:04 - [TEST_STEP][PASSED] - resText = "Pass": null

2023-10-02 16:23:04 - [TEST_STEP][PASSED] - pages.WriteExcel.demoKey(resText, datText, resColumn, datCloumn, fileLoc, nameSheet, row): pages.WriteExcel.demoKey is PASSED

2023-10-02 16:23:04 - [MESSAGE][PASSED] - pages.WriteExcel.demoKey is PASSED

2023-10-02 16:23:04 - [TEST_STEP][PASSED] - ExecuteTC = findTestData(dataFile).getValue("Execute", row): null

2023-10-02 16:23:04 - [TEST_STEP][PASSED] - Taxtype = findTestData(dataFile).getValue("TaxType", row): null

2023-10-02 16:23:04 - [TEST_STEP][PASSED] - Paymenttype = findTestData(dataFile).getValue("PaymentType", row): null

2023-10-02 16:23:04 - [TEST_STEP][PASSED] - out.println("Value of Execute is : " + ExecuteTC): null

2023-10-02 16:23:04 - [TEST_STEP][PASSED] - if (ExecuteTC.equalsIgnoreCase("Y")): null

2023-10-02 16:23:04 - [TEST_STEP][PASSED] - out.println("Begin Record Number: " + row): null

2023-10-02 16:23:04 - [TEST_STEP][PASSED] - today = new java.util.Date(): null

2023-10-02 16:23:04 - [TEST_STEP][PASSED] - println(today): null

2023-10-02 16:23:04 - [TEST_STEP][PASSED] - datText = today: null

2023-10-02 16:23:04 - [TEST_STEP][PASSED] - Taxtype = findTestData(dataFile).getValue("TaxType", row): null

2023-10-02 16:23:04 - [TEST_STEP][PASSED] - out.println("Taxtype value is : " + Taxtype): null

2023-10-02 16:23:04 - [TEST_STEP][PASSED] - openBrowser(""): Browser is opened with url: ''

2023-10-02 16:23:04 - [MESSAGE][WARNING] - A browser is already opened. Closing browser and opening a new one

2023-10-02 16:23:05 - [MESSAGE][INFO] - Starting 'Chrome' driver

2023-10-02 16:23:05 - [MESSAGE][INFO] - User set preference: ['acceptInsecureCerts', 'true']

2023-10-02 16:23:05 - [MESSAGE][INFO] - Action delay is set to 0 milliseconds

2023-10-02 16:23:06 - [MESSAGE][PASSED] - Browser is opened with url: ''

2023-10-02 16:23:06 - [TEST_STEP][PASSED] - maximizeWindow(): Current window maximized

2023-10-02 16:23:07 - [MESSAGE][PASSED] - Current window maximized

2023-10-02 16:23:07 - [TEST_STEP][PASSED] - navigateToUrl(RADurl): Navigate to 'https://demo.velocitypayment.com/client/rad/index.html' successfully

2023-10-02 16:23:08 - [MESSAGE][PASSED] - Navigate to 'https://demo.velocitypayment.com/client/rad/index.html' successfully

2023-10-02 16:23:08 - [TEST_STEP][PASSED] - orPath_Landing = "Object Repository/RAD_Pages/Landing_Page": null

2023-10-02 16:23:08 - [TEST_STEP][PASSED] - orPath_TaxTypeFilingYear = "Object Repository/RAD_Pages/TaxTypeFilingYear_Page": null

2023-10-02 16:23:08 - [TEST_STEP][PASSED] - orPath_TaxPayer = "Object Repository/RAD_Pages/Taxpayer_Page": null

2023-10-02 16:23:08 - [TEST_STEP][PASSED] - orPath_AddressContact = "Object Repository/RAD_Pages/AddressAndContactInfo_Page": null

2023-10-02 16:23:08 - [TEST_STEP][PASSED] - orPath_FilingStatus = "Object Repository/RAD_Pages/FilingStatus_Page": null

2023-10-02 16:23:08 - [TEST_STEP][PASSED] - orPath_Amount = "Object Repository/RAD_Pages/PaymentAmount_Page": null

2023-10-02 16:23:08 - [TEST_STEP][PASSED] - orPath_TaxInfo = "Object Repository/RAD_Pages/TaxInfo_Page": null

2023-10-02 16:23:08 - [TEST_STEP][PASSED] - orPath_Withholding = "Object Repository/RAD_Pages/Withholding_Page": null

2023-10-02 16:23:08 - [TEST_STEP][PASSED] - orPath_Summary = "Object Repository/RAD_Pages/Summary_Page": null

2023-10-02 16:23:08 - [TEST_STEP][PASSED] - orPath_PaymentReady = "Object Repository/RAD_Pages/PaymentReady_Page": null

2023-10-02 16:23:08 - [TEST_STEP][PASSED] - orPath_PaymentEntry = "Object Repository/RAD_Pages/PaymentEntry_Page": null

2023-10-02 16:23:08 - [TEST_STEP][PASSED] - orPath_PaymentConfirmation = "Object Repository/RAD_Pages/PaymentConfirmation_Page": null

2023-10-02 16:23:08 - [TEST_STEP][PASSED] - orPath_ServiceFeesAccept = "Object Repository/RAD_Pages/ServiceFeeAccept_Page": null

2023-10-02 16:23:08 - [TEST_STEP][PASSED] - selectOptionByLabel(findTestObject(orPath_Landing + "/dd_TaxType"), Paymenttype, false): All options with label 'Extension Payments' are selected in object 'Object Repository/RAD_Pages/Landing_Page/dd_TaxType' 

2023-10-02 16:23:09 - [MESSAGE][PASSED] - All options with label 'Extension Payments' are selected in object 'Object Repository/RAD_Pages/Landing_Page/dd_TaxType' 

2023-10-02 16:23:09 - [TEST_STEP][PASSED] - delay(1): Delayed 1 second(s)

2023-10-02 16:23:10 - [MESSAGE][PASSED] - Delayed 1 second(s)

2023-10-02 16:23:10 - [TEST_STEP][PASSED] - switch (Paymenttype): null

2023-10-02 16:23:10 - [TEST_STEP][PASSED] - case "Extension Payments":: null

2023-10-02 16:23:10 - [TEST_STEP][PASSED] - selectOptionByLabel(findTestObject(orPath_TaxTypeFilingYear + "/select_PaymentType"), Taxtype, false): All options with label 'Corporate Income Tax' are selected in object 'Object Repository/RAD_Pages/TaxTypeFilingYear_Page/select_PaymentType' 

2023-10-02 16:23:10 - [MESSAGE][PASSED] - All options with label 'Corporate Income Tax' are selected in object 'Object Repository/RAD_Pages/TaxTypeFilingYear_Page/select_PaymentType' 

2023-10-02 16:23:10 - [TEST_STEP][PASSED] - break: null

2023-10-02 16:23:10 - [TEST_STEP][PASSED] - delay(1): Delayed 1 second(s)

2023-10-02 16:23:11 - [MESSAGE][PASSED] - Delayed 1 second(s)

2023-10-02 16:23:11 - [TEST_STEP][PASSED] - scrollToElement(findTestObject(orPath_Amount + "/input__paymentAmount"), 2, CONTINUE_ON_FAILURE): Scroll to object 'Object Repository/RAD_Pages/PaymentAmount_Page/input__paymentAmount' successfully

2023-10-02 16:23:12 - [MESSAGE][PASSED] - Scroll to object 'Object Repository/RAD_Pages/PaymentAmount_Page/input__paymentAmount' successfully

2023-10-02 16:23:12 - [TEST_STEP][PASSED] - switch (Paymenttype): null

2023-10-02 16:23:12 - [TEST_STEP][PASSED] - case "Extension Payments":: null

2023-10-02 16:23:12 - [TEST_STEP][PASSED] - setEncryptedText(findTestObject(orPath_TaxInfo + "/input_FederalEIN"), "RigbBhfdqODKcAsiUrg+1Q=="): Text ****** has been set on object 'Object Repository/RAD_Pages/TaxInfo_Page/input_FederalEIN'

2023-10-02 16:23:13 - [MESSAGE][PASSED] - Text ****** has been set on object 'Object Repository/RAD_Pages/TaxInfo_Page/input_FederalEIN'

2023-10-02 16:23:13 - [TEST_STEP][PASSED] - setEncryptedText(findTestObject(orPath_TaxInfo + "/input_FederalEIN_ReEnter"), "RigbBhfdqOBBGbZqm4oFJQ=="): Text ****** has been set on object 'Object Repository/RAD_Pages/TaxInfo_Page/input_FederalEIN_ReEnter'

2023-10-02 16:23:14 - [MESSAGE][PASSED] - Text ****** has been set on object 'Object Repository/RAD_Pages/TaxInfo_Page/input_FederalEIN_ReEnter'

2023-10-02 16:23:14 - [TEST_STEP][PASSED] - break: null

2023-10-02 16:23:14 - [TEST_STEP][PASSED] - setText(findTestObject(orPath_Amount + "/input__paymentAmount"), ""): Text '' is set on object 'Object Repository/RAD_Pages/PaymentAmount_Page/input__paymentAmount'

2023-10-02 16:23:15 - [MESSAGE][PASSED] - Text '' is set on object 'Object Repository/RAD_Pages/PaymentAmount_Page/input__paymentAmount'

2023-10-02 16:23:15 - [TEST_STEP][PASSED] - verifyTextPresent("The FEIN and Re-type FEIN do not match", true): Text 'The FEIN and Re-type FEIN do not match' is present on page  using regular expression

2023-10-02 16:23:15 - [MESSAGE][PASSED] - Text 'The FEIN and Re-type FEIN do not match' is present on page  using regular expression

2023-10-02 16:23:15 - [TEST_STEP][PASSED] - if (verifyTextPresent("The FEIN and Re-type FEIN do not match", true)): null

2023-10-02 16:23:16 - [MESSAGE][PASSED] - Text 'The FEIN and Re-type FEIN do not match' is present on page  using regular expression

2023-10-02 16:23:16 - [TEST_STEP][PASSED] - println("Error Message is present on the page"): null

2023-10-02 16:23:16 - [TEST_STEP][PASSED] - out.println("Pass Record Number: " + row): null

2023-10-02 16:23:16 - [TEST_STEP][PASSED] - resText = "Pass": null

2023-10-02 16:23:16 - [TEST_STEP][PASSED] - pages.WriteExcel.demoKey(resText, datText, resColumn, datCloumn, fileLoc, nameSheet, row): pages.WriteExcel.demoKey is PASSED

2023-10-02 16:23:16 - [MESSAGE][PASSED] - pages.WriteExcel.demoKey is PASSED

2023-10-02 16:23:16 - [TEST_STEP][PASSED] - ExecuteTC = findTestData(dataFile).getValue("Execute", row): null

2023-10-02 16:23:16 - [TEST_STEP][PASSED] - Taxtype = findTestData(dataFile).getValue("TaxType", row): null

2023-10-02 16:23:16 - [TEST_STEP][PASSED] - Paymenttype = findTestData(dataFile).getValue("PaymentType", row): null

2023-10-02 16:23:16 - [TEST_STEP][PASSED] - out.println("Value of Execute is : " + ExecuteTC): null

2023-10-02 16:23:16 - [TEST_STEP][PASSED] - if (ExecuteTC.equalsIgnoreCase("Y")): null

2023-10-02 16:23:16 - [TEST_STEP][PASSED] - out.println("Begin Record Number: " + row): null

2023-10-02 16:23:16 - [TEST_STEP][PASSED] - today = new java.util.Date(): null

2023-10-02 16:23:16 - [TEST_STEP][PASSED] - println(today): null

2023-10-02 16:23:16 - [TEST_STEP][PASSED] - datText = today: null

2023-10-02 16:23:16 - [TEST_STEP][PASSED] - Taxtype = findTestData(dataFile).getValue("TaxType", row): null

2023-10-02 16:23:16 - [TEST_STEP][PASSED] - out.println("Taxtype value is : " + Taxtype): null

2023-10-02 16:23:16 - [TEST_STEP][PASSED] - openBrowser(""): Browser is opened with url: ''

2023-10-02 16:23:16 - [MESSAGE][WARNING] - A browser is already opened. Closing browser and opening a new one

2023-10-02 16:23:17 - [MESSAGE][INFO] - Starting 'Chrome' driver

2023-10-02 16:23:17 - [MESSAGE][INFO] - User set preference: ['acceptInsecureCerts', 'true']

2023-10-02 16:23:17 - [MESSAGE][INFO] - Action delay is set to 0 milliseconds

2023-10-02 16:23:18 - [MESSAGE][PASSED] - Browser is opened with url: ''

2023-10-02 16:23:18 - [TEST_STEP][PASSED] - maximizeWindow(): Current window maximized

2023-10-02 16:23:18 - [MESSAGE][PASSED] - Current window maximized

2023-10-02 16:23:18 - [TEST_STEP][PASSED] - navigateToUrl(RADurl): Navigate to 'https://demo.velocitypayment.com/client/rad/index.html' successfully

2023-10-02 16:23:20 - [MESSAGE][PASSED] - Navigate to 'https://demo.velocitypayment.com/client/rad/index.html' successfully

2023-10-02 16:23:20 - [TEST_STEP][PASSED] - orPath_Landing = "Object Repository/RAD_Pages/Landing_Page": null

2023-10-02 16:23:20 - [TEST_STEP][PASSED] - orPath_TaxTypeFilingYear = "Object Repository/RAD_Pages/TaxTypeFilingYear_Page": null

2023-10-02 16:23:20 - [TEST_STEP][PASSED] - orPath_TaxPayer = "Object Repository/RAD_Pages/Taxpayer_Page": null

2023-10-02 16:23:20 - [TEST_STEP][PASSED] - orPath_AddressContact = "Object Repository/RAD_Pages/AddressAndContactInfo_Page": null

2023-10-02 16:23:20 - [TEST_STEP][PASSED] - orPath_FilingStatus = "Object Repository/RAD_Pages/FilingStatus_Page": null

2023-10-02 16:23:20 - [TEST_STEP][PASSED] - orPath_Amount = "Object Repository/RAD_Pages/PaymentAmount_Page": null

2023-10-02 16:23:20 - [TEST_STEP][PASSED] - orPath_TaxInfo = "Object Repository/RAD_Pages/TaxInfo_Page": null

2023-10-02 16:23:20 - [TEST_STEP][PASSED] - orPath_Withholding = "Object Repository/RAD_Pages/Withholding_Page": null

2023-10-02 16:23:20 - [TEST_STEP][PASSED] - orPath_Summary = "Object Repository/RAD_Pages/Summary_Page": null

2023-10-02 16:23:20 - [TEST_STEP][PASSED] - orPath_PaymentReady = "Object Repository/RAD_Pages/PaymentReady_Page": null

2023-10-02 16:23:20 - [TEST_STEP][PASSED] - orPath_PaymentEntry = "Object Repository/RAD_Pages/PaymentEntry_Page": null

2023-10-02 16:23:20 - [TEST_STEP][PASSED] - orPath_PaymentConfirmation = "Object Repository/RAD_Pages/PaymentConfirmation_Page": null

2023-10-02 16:23:20 - [TEST_STEP][PASSED] - orPath_ServiceFeesAccept = "Object Repository/RAD_Pages/ServiceFeeAccept_Page": null

2023-10-02 16:23:20 - [TEST_STEP][PASSED] - selectOptionByLabel(findTestObject(orPath_Landing + "/dd_TaxType"), Paymenttype, false): All options with label 'Extension Payments' are selected in object 'Object Repository/RAD_Pages/Landing_Page/dd_TaxType' 

2023-10-02 16:23:21 - [MESSAGE][PASSED] - All options with label 'Extension Payments' are selected in object 'Object Repository/RAD_Pages/Landing_Page/dd_TaxType' 

2023-10-02 16:23:21 - [TEST_STEP][PASSED] - delay(1): Delayed 1 second(s)

2023-10-02 16:23:22 - [MESSAGE][PASSED] - Delayed 1 second(s)

2023-10-02 16:23:22 - [TEST_STEP][PASSED] - switch (Paymenttype): null

2023-10-02 16:23:22 - [TEST_STEP][PASSED] - case "Extension Payments":: null

2023-10-02 16:23:22 - [TEST_STEP][PASSED] - selectOptionByLabel(findTestObject(orPath_TaxTypeFilingYear + "/select_PaymentType"), Taxtype, false): All options with label 'Fiduciary Tax' are selected in object 'Object Repository/RAD_Pages/TaxTypeFilingYear_Page/select_PaymentType' 

2023-10-02 16:23:22 - [MESSAGE][PASSED] - All options with label 'Fiduciary Tax' are selected in object 'Object Repository/RAD_Pages/TaxTypeFilingYear_Page/select_PaymentType' 

2023-10-02 16:23:22 - [TEST_STEP][PASSED] - break: null

2023-10-02 16:23:22 - [TEST_STEP][PASSED] - delay(1): Delayed 1 second(s)

2023-10-02 16:23:23 - [MESSAGE][PASSED] - Delayed 1 second(s)

2023-10-02 16:23:23 - [TEST_STEP][PASSED] - scrollToElement(findTestObject(orPath_Amount + "/input__paymentAmount"), 2, CONTINUE_ON_FAILURE): Scroll to object 'Object Repository/RAD_Pages/PaymentAmount_Page/input__paymentAmount' successfully

2023-10-02 16:23:24 - [MESSAGE][PASSED] - Scroll to object 'Object Repository/RAD_Pages/PaymentAmount_Page/input__paymentAmount' successfully

2023-10-02 16:23:24 - [TEST_STEP][PASSED] - switch (Paymenttype): null

2023-10-02 16:23:24 - [TEST_STEP][PASSED] - case "Extension Payments":: null

2023-10-02 16:23:24 - [TEST_STEP][PASSED] - setEncryptedText(findTestObject(orPath_TaxInfo + "/input_FederalEIN"), "RigbBhfdqODKcAsiUrg+1Q=="): Text ****** has been set on object 'Object Repository/RAD_Pages/TaxInfo_Page/input_FederalEIN'

2023-10-02 16:23:25 - [MESSAGE][PASSED] - Text ****** has been set on object 'Object Repository/RAD_Pages/TaxInfo_Page/input_FederalEIN'

2023-10-02 16:23:25 - [TEST_STEP][PASSED] - setEncryptedText(findTestObject(orPath_TaxInfo + "/input_FederalEIN_ReEnter"), "RigbBhfdqOBBGbZqm4oFJQ=="): Text ****** has been set on object 'Object Repository/RAD_Pages/TaxInfo_Page/input_FederalEIN_ReEnter'

2023-10-02 16:23:26 - [MESSAGE][PASSED] - Text ****** has been set on object 'Object Repository/RAD_Pages/TaxInfo_Page/input_FederalEIN_ReEnter'

2023-10-02 16:23:26 - [TEST_STEP][PASSED] - break: null

2023-10-02 16:23:26 - [TEST_STEP][PASSED] - setText(findTestObject(orPath_Amount + "/input__paymentAmount"), ""): Text '' is set on object 'Object Repository/RAD_Pages/PaymentAmount_Page/input__paymentAmount'

2023-10-02 16:23:26 - [MESSAGE][PASSED] - Text '' is set on object 'Object Repository/RAD_Pages/PaymentAmount_Page/input__paymentAmount'

2023-10-02 16:23:26 - [TEST_STEP][PASSED] - verifyTextPresent("The FEIN and Re-type FEIN do not match", true): Text 'The FEIN and Re-type FEIN do not match' is present on page  using regular expression

2023-10-02 16:23:27 - [MESSAGE][PASSED] - Text 'The FEIN and Re-type FEIN do not match' is present on page  using regular expression

2023-10-02 16:23:27 - [TEST_STEP][PASSED] - if (verifyTextPresent("The FEIN and Re-type FEIN do not match", true)): null

2023-10-02 16:23:28 - [MESSAGE][PASSED] - Text 'The FEIN and Re-type FEIN do not match' is present on page  using regular expression

2023-10-02 16:23:28 - [TEST_STEP][PASSED] - println("Error Message is present on the page"): null

2023-10-02 16:23:28 - [TEST_STEP][PASSED] - out.println("Pass Record Number: " + row): null

2023-10-02 16:23:28 - [TEST_STEP][PASSED] - resText = "Pass": null

2023-10-02 16:23:28 - [TEST_STEP][PASSED] - pages.WriteExcel.demoKey(resText, datText, resColumn, datCloumn, fileLoc, nameSheet, row): pages.WriteExcel.demoKey is PASSED

2023-10-02 16:23:28 - [MESSAGE][PASSED] - pages.WriteExcel.demoKey is PASSED

2023-10-02 16:23:28 - [TEST_STEP][PASSED] - ExecuteTC = findTestData(dataFile).getValue("Execute", row): null

2023-10-02 16:23:28 - [TEST_STEP][PASSED] - Taxtype = findTestData(dataFile).getValue("TaxType", row): null

2023-10-02 16:23:28 - [TEST_STEP][PASSED] - Paymenttype = findTestData(dataFile).getValue("PaymentType", row): null

2023-10-02 16:23:28 - [TEST_STEP][PASSED] - out.println("Value of Execute is : " + ExecuteTC): null

2023-10-02 16:23:28 - [TEST_STEP][PASSED] - if (ExecuteTC.equalsIgnoreCase("Y")): null

2023-10-02 16:23:28 - [TEST_STEP][PASSED] - out.println("Begin Record Number: " + row): null

2023-10-02 16:23:28 - [TEST_STEP][PASSED] - today = new java.util.Date(): null

2023-10-02 16:23:28 - [TEST_STEP][PASSED] - println(today): null

2023-10-02 16:23:28 - [TEST_STEP][PASSED] - datText = today: null

2023-10-02 16:23:28 - [TEST_STEP][PASSED] - Taxtype = findTestData(dataFile).getValue("TaxType", row): null

2023-10-02 16:23:28 - [TEST_STEP][PASSED] - out.println("Taxtype value is : " + Taxtype): null

2023-10-02 16:23:28 - [TEST_STEP][PASSED] - openBrowser(""): Browser is opened with url: ''

2023-10-02 16:23:28 - [MESSAGE][WARNING] - A browser is already opened. Closing browser and opening a new one

2023-10-02 16:23:29 - [MESSAGE][INFO] - Starting 'Chrome' driver

2023-10-02 16:23:29 - [MESSAGE][INFO] - User set preference: ['acceptInsecureCerts', 'true']

2023-10-02 16:23:29 - [MESSAGE][INFO] - Action delay is set to 0 milliseconds

2023-10-02 16:23:30 - [MESSAGE][PASSED] - Browser is opened with url: ''

2023-10-02 16:23:30 - [TEST_STEP][PASSED] - maximizeWindow(): Current window maximized

2023-10-02 16:23:30 - [MESSAGE][PASSED] - Current window maximized

2023-10-02 16:23:30 - [TEST_STEP][PASSED] - navigateToUrl(RADurl): Navigate to 'https://demo.velocitypayment.com/client/rad/index.html' successfully

2023-10-02 16:23:32 - [MESSAGE][PASSED] - Navigate to 'https://demo.velocitypayment.com/client/rad/index.html' successfully

2023-10-02 16:23:32 - [TEST_STEP][PASSED] - orPath_Landing = "Object Repository/RAD_Pages/Landing_Page": null

2023-10-02 16:23:32 - [TEST_STEP][PASSED] - orPath_TaxTypeFilingYear = "Object Repository/RAD_Pages/TaxTypeFilingYear_Page": null

2023-10-02 16:23:32 - [TEST_STEP][PASSED] - orPath_TaxPayer = "Object Repository/RAD_Pages/Taxpayer_Page": null

2023-10-02 16:23:32 - [TEST_STEP][PASSED] - orPath_AddressContact = "Object Repository/RAD_Pages/AddressAndContactInfo_Page": null

2023-10-02 16:23:32 - [TEST_STEP][PASSED] - orPath_FilingStatus = "Object Repository/RAD_Pages/FilingStatus_Page": null

2023-10-02 16:23:32 - [TEST_STEP][PASSED] - orPath_Amount = "Object Repository/RAD_Pages/PaymentAmount_Page": null

2023-10-02 16:23:32 - [TEST_STEP][PASSED] - orPath_TaxInfo = "Object Repository/RAD_Pages/TaxInfo_Page": null

2023-10-02 16:23:32 - [TEST_STEP][PASSED] - orPath_Withholding = "Object Repository/RAD_Pages/Withholding_Page": null

2023-10-02 16:23:32 - [TEST_STEP][PASSED] - orPath_Summary = "Object Repository/RAD_Pages/Summary_Page": null

2023-10-02 16:23:32 - [TEST_STEP][PASSED] - orPath_PaymentReady = "Object Repository/RAD_Pages/PaymentReady_Page": null

2023-10-02 16:23:32 - [TEST_STEP][PASSED] - orPath_PaymentEntry = "Object Repository/RAD_Pages/PaymentEntry_Page": null

2023-10-02 16:23:32 - [TEST_STEP][PASSED] - orPath_PaymentConfirmation = "Object Repository/RAD_Pages/PaymentConfirmation_Page": null

2023-10-02 16:23:32 - [TEST_STEP][PASSED] - orPath_ServiceFeesAccept = "Object Repository/RAD_Pages/ServiceFeeAccept_Page": null

2023-10-02 16:23:32 - [TEST_STEP][PASSED] - selectOptionByLabel(findTestObject(orPath_Landing + "/dd_TaxType"), Paymenttype, false): All options with label 'New Tax Return Amount Due' are selected in object 'Object Repository/RAD_Pages/Landing_Page/dd_TaxType' 

2023-10-02 16:23:32 - [MESSAGE][PASSED] - All options with label 'New Tax Return Amount Due' are selected in object 'Object Repository/RAD_Pages/Landing_Page/dd_TaxType' 

2023-10-02 16:23:32 - [TEST_STEP][PASSED] - delay(1): Delayed 1 second(s)

2023-10-02 16:23:33 - [MESSAGE][PASSED] - Delayed 1 second(s)

2023-10-02 16:23:33 - [TEST_STEP][PASSED] - switch (Paymenttype): null

2023-10-02 16:23:33 - [TEST_STEP][PASSED] - case "New Tax Return Amount Due":: null

2023-10-02 16:23:33 - [TEST_STEP][PASSED] - selectOptionByLabel(findTestObject("Object Repository/RAD_Pages/Landing_Page/select_NewTaxReturnAmountDue_TaxType"), Taxtype, false): All options with label 'Fiduciary Tax' are selected in object 'Object Repository/RAD_Pages/Landing_Page/select_NewTaxReturnAmountDue_TaxType' 

2023-10-02 16:23:34 - [MESSAGE][PASSED] - All options with label 'Fiduciary Tax' are selected in object 'Object Repository/RAD_Pages/Landing_Page/select_NewTaxReturnAmountDue_TaxType' 

2023-10-02 16:23:34 - [TEST_STEP][PASSED] - break: null

2023-10-02 16:23:34 - [TEST_STEP][PASSED] - delay(1): Delayed 1 second(s)

2023-10-02 16:23:35 - [MESSAGE][PASSED] - Delayed 1 second(s)

2023-10-02 16:23:35 - [TEST_STEP][PASSED] - scrollToElement(findTestObject(orPath_Amount + "/input__paymentAmount"), 2, CONTINUE_ON_FAILURE): Scroll to object 'Object Repository/RAD_Pages/PaymentAmount_Page/input__paymentAmount' successfully

2023-10-02 16:23:35 - [MESSAGE][PASSED] - Scroll to object 'Object Repository/RAD_Pages/PaymentAmount_Page/input__paymentAmount' successfully

2023-10-02 16:23:35 - [TEST_STEP][PASSED] - switch (Paymenttype): null

2023-10-02 16:23:35 - [TEST_STEP][PASSED] - case "New Tax Return Amount Due":: null

2023-10-02 16:23:35 - [TEST_STEP][PASSED] - setEncryptedText(findTestObject(orPath_TaxInfo + "/input_FederalEIN-2"), "RigbBhfdqODKcAsiUrg+1Q=="): Text ****** has been set on object 'Object Repository/RAD_Pages/TaxInfo_Page/input_FederalEIN-2'

2023-10-02 16:23:36 - [MESSAGE][PASSED] - Text ****** has been set on object 'Object Repository/RAD_Pages/TaxInfo_Page/input_FederalEIN-2'

2023-10-02 16:23:37 - [TEST_STEP][PASSED] - setEncryptedText(findTestObject(orPath_TaxInfo + "/input_FederalEIN_ReEnter-2"), "RigbBhfdqOBBGbZqm4oFJQ=="): Text ****** has been set on object 'Object Repository/RAD_Pages/TaxInfo_Page/input_FederalEIN_ReEnter-2'

2023-10-02 16:23:38 - [MESSAGE][PASSED] - Text ****** has been set on object 'Object Repository/RAD_Pages/TaxInfo_Page/input_FederalEIN_ReEnter-2'

2023-10-02 16:23:38 - [TEST_STEP][PASSED] - break: null

2023-10-02 16:23:38 - [TEST_STEP][PASSED] - setText(findTestObject(orPath_Amount + "/input__paymentAmount"), ""): Text '' is set on object 'Object Repository/RAD_Pages/PaymentAmount_Page/input__paymentAmount'

2023-10-02 16:23:38 - [MESSAGE][PASSED] - Text '' is set on object 'Object Repository/RAD_Pages/PaymentAmount_Page/input__paymentAmount'

2023-10-02 16:23:38 - [TEST_STEP][PASSED] - verifyTextPresent("The FEIN and Re-type FEIN do not match", true): Text 'The FEIN and Re-type FEIN do not match' is present on page  using regular expression

2023-10-02 16:23:39 - [MESSAGE][PASSED] - Text 'The FEIN and Re-type FEIN do not match' is present on page  using regular expression

2023-10-02 16:23:39 - [TEST_STEP][PASSED] - if (verifyTextPresent("The FEIN and Re-type FEIN do not match", true)): null

2023-10-02 16:23:39 - [MESSAGE][PASSED] - Text 'The FEIN and Re-type FEIN do not match' is present on page  using regular expression

2023-10-02 16:23:39 - [TEST_STEP][PASSED] - println("Error Message is present on the page"): null

2023-10-02 16:23:39 - [TEST_STEP][PASSED] - out.println("Pass Record Number: " + row): null

2023-10-02 16:23:39 - [TEST_STEP][PASSED] - resText = "Pass": null

2023-10-02 16:23:39 - [TEST_STEP][PASSED] - pages.WriteExcel.demoKey(resText, datText, resColumn, datCloumn, fileLoc, nameSheet, row): pages.WriteExcel.demoKey is PASSED

2023-10-02 16:23:39 - [MESSAGE][PASSED] - pages.WriteExcel.demoKey is PASSED]]></system-out>
         <system-err><![CDATA[]]></system-err>
      </testcase>
      <testcase name="Test Cases/RAD_TestCases/Negative_TestCases/FEINSSNmismatchError" time="186.61" classname="Test Cases/RAD_TestCases/Negative_TestCases/FEINSSNmismatchError" status="PASSED">
         <system-out><![CDATA[2023-10-02 16:23:40 - [TEST_CASE][PASSED] - Test Cases/RAD_TestCases/Negative_TestCases/FEINSSNmismatchError: Test Cases/RAD_TestCases/Negative_TestCases/FEINSSNmismatchError

2023-10-02 16:23:40 - [TEST_STEP][PASSED] - resText = "Fail": null

2023-10-02 16:23:40 - [TEST_STEP][PASSED] - resColumn = "Result": null

2023-10-02 16:23:40 - [TEST_STEP][PASSED] - datCloumn = "Date": null

2023-10-02 16:23:40 - [TEST_STEP][PASSED] - fileLoc = "KatalonData/RADTestData/FEINmismatch.xlsx": null

2023-10-02 16:23:40 - [TEST_STEP][PASSED] - nameSheet = "FEINSSNmismatch": null

2023-10-02 16:23:40 - [TEST_STEP][PASSED] - dataFile = "RADTestData/FEINSSNmismatch": null

2023-10-02 16:23:40 - [TEST_STEP][PASSED] - ExecuteTC = <not implemented yet for class: org.codehaus.groovy.ast.expr.EmptyExpression>: null

2023-10-02 16:23:40 - [TEST_STEP][PASSED] - Taxtype = <not implemented yet for class: org.codehaus.groovy.ast.expr.EmptyExpression>: null

2023-10-02 16:23:40 - [TEST_STEP][PASSED] - Paymenttype = <not implemented yet for class: org.codehaus.groovy.ast.expr.EmptyExpression>: null

2023-10-02 16:23:40 - [TEST_STEP][PASSED] - numOfRows = findTestData(dataFile).getRowNumbers(): null

2023-10-02 16:23:40 - [TEST_STEP][PASSED] - println("Number of Records: " + numOfRows): null

2023-10-02 16:23:40 - [TEST_STEP][PASSED] - for ([row = 1, row <= numOfRows, (row++)]): null

2023-10-02 16:23:40 - [TEST_STEP][PASSED] - ExecuteTC = findTestData(dataFile).getValue("Execute", row): null

2023-10-02 16:23:40 - [TEST_STEP][PASSED] - Taxtype = findTestData(dataFile).getValue("TaxType", row): null

2023-10-02 16:23:40 - [TEST_STEP][PASSED] - Paymenttype = findTestData(dataFile).getValue("PaymentType", row): null

2023-10-02 16:23:40 - [TEST_STEP][PASSED] - out.println("Value of Execute is : " + ExecuteTC): null

2023-10-02 16:23:40 - [TEST_STEP][PASSED] - if (ExecuteTC.equalsIgnoreCase("Y")): null

2023-10-02 16:23:40 - [TEST_STEP][PASSED] - out.println("Begin Record Number: " + row): null

2023-10-02 16:23:40 - [TEST_STEP][PASSED] - today = new java.util.Date(): null

2023-10-02 16:23:40 - [TEST_STEP][PASSED] - println(today): null

2023-10-02 16:23:40 - [TEST_STEP][PASSED] - datText = today: null

2023-10-02 16:23:40 - [TEST_STEP][PASSED] - Taxtype = findTestData(dataFile).getValue("TaxType", row): null

2023-10-02 16:23:40 - [TEST_STEP][PASSED] - out.println("Taxtype value is : " + Taxtype): null

2023-10-02 16:23:40 - [TEST_STEP][PASSED] - openBrowser(""): Browser is opened with url: ''

2023-10-02 16:23:40 - [MESSAGE][WARNING] - A browser is already opened. Closing browser and opening a new one

2023-10-02 16:23:41 - [MESSAGE][INFO] - Starting 'Chrome' driver

2023-10-02 16:23:41 - [MESSAGE][INFO] - User set preference: ['acceptInsecureCerts', 'true']

2023-10-02 16:23:41 - [MESSAGE][INFO] - Action delay is set to 0 milliseconds

2023-10-02 16:23:43 - [MESSAGE][PASSED] - Browser is opened with url: ''

2023-10-02 16:23:43 - [TEST_STEP][PASSED] - maximizeWindow(): Current window maximized

2023-10-02 16:23:43 - [MESSAGE][PASSED] - Current window maximized

2023-10-02 16:23:43 - [TEST_STEP][PASSED] - navigateToUrl(RADurl): Navigate to 'https://demo.velocitypayment.com/client/rad/index.html' successfully

2023-10-02 16:23:44 - [MESSAGE][PASSED] - Navigate to 'https://demo.velocitypayment.com/client/rad/index.html' successfully

2023-10-02 16:23:44 - [TEST_STEP][PASSED] - orPath_Landing = "Object Repository/RAD_Pages/Landing_Page": null

2023-10-02 16:23:44 - [TEST_STEP][PASSED] - orPath_TaxTypeFilingYear = "Object Repository/RAD_Pages/TaxTypeFilingYear_Page": null

2023-10-02 16:23:44 - [TEST_STEP][PASSED] - orPath_TaxPayer = "Object Repository/RAD_Pages/Taxpayer_Page": null

2023-10-02 16:23:44 - [TEST_STEP][PASSED] - orPath_AddressContact = "Object Repository/RAD_Pages/AddressAndContactInfo_Page": null

2023-10-02 16:23:44 - [TEST_STEP][PASSED] - orPath_FilingStatus = "Object Repository/RAD_Pages/FilingStatus_Page": null

2023-10-02 16:23:44 - [TEST_STEP][PASSED] - orPath_Amount = "Object Repository/RAD_Pages/PaymentAmount_Page": null

2023-10-02 16:23:44 - [TEST_STEP][PASSED] - orPath_TaxInfo = "Object Repository/RAD_Pages/TaxInfo_Page": null

2023-10-02 16:23:44 - [TEST_STEP][PASSED] - orPath_Withholding = "Object Repository/RAD_Pages/Withholding_Page": null

2023-10-02 16:23:44 - [TEST_STEP][PASSED] - orPath_Summary = "Object Repository/RAD_Pages/Summary_Page": null

2023-10-02 16:23:44 - [TEST_STEP][PASSED] - orPath_PaymentReady = "Object Repository/RAD_Pages/PaymentReady_Page": null

2023-10-02 16:23:44 - [TEST_STEP][PASSED] - orPath_PaymentEntry = "Object Repository/RAD_Pages/PaymentEntry_Page": null

2023-10-02 16:23:44 - [TEST_STEP][PASSED] - orPath_PaymentConfirmation = "Object Repository/RAD_Pages/PaymentConfirmation_Page": null

2023-10-02 16:23:44 - [TEST_STEP][PASSED] - orPath_ServiceFeesAccept = "Object Repository/RAD_Pages/ServiceFeeAccept_Page": null

2023-10-02 16:23:44 - [TEST_STEP][PASSED] - selectOptionByLabel(findTestObject(orPath_Landing + "/dd_TaxType"), Paymenttype, false): All options with label 'Existing Liability w/Notice Number' are selected in object 'Object Repository/RAD_Pages/Landing_Page/dd_TaxType' 

2023-10-02 16:23:45 - [MESSAGE][PASSED] - All options with label 'Existing Liability w/Notice Number' are selected in object 'Object Repository/RAD_Pages/Landing_Page/dd_TaxType' 

2023-10-02 16:23:45 - [TEST_STEP][PASSED] - delay(1): Delayed 1 second(s)

2023-10-02 16:23:46 - [MESSAGE][PASSED] - Delayed 1 second(s)

2023-10-02 16:23:46 - [TEST_STEP][PASSED] - switch (Paymenttype): null

2023-10-02 16:23:46 - [TEST_STEP][PASSED] - case "Existing Liability w/Notice Number":: null

2023-10-02 16:23:46 - [TEST_STEP][PASSED] - selectOptionByLabel(findTestObject(orPath_TaxTypeFilingYear + "/select_TaxType_ExistingLiability"), Taxtype, false): All options with label 'PTE Non-Electing Non-S Corp' are selected in object 'Object Repository/RAD_Pages/TaxTypeFilingYear_Page/select_TaxType_ExistingLiability' 

2023-10-02 16:23:47 - [MESSAGE][PASSED] - All options with label 'PTE Non-Electing Non-S Corp' are selected in object 'Object Repository/RAD_Pages/TaxTypeFilingYear_Page/select_TaxType_ExistingLiability' 

2023-10-02 16:23:47 - [TEST_STEP][PASSED] - break: null

2023-10-02 16:23:47 - [TEST_STEP][PASSED] - delay(1): Delayed 1 second(s)

2023-10-02 16:23:48 - [MESSAGE][PASSED] - Delayed 1 second(s)

2023-10-02 16:23:48 - [TEST_STEP][PASSED] - scrollToElement(findTestObject(orPath_Amount + "/input__paymentAmount"), 2, CONTINUE_ON_FAILURE): Scroll to object 'Object Repository/RAD_Pages/PaymentAmount_Page/input__paymentAmount' successfully

2023-10-02 16:23:48 - [MESSAGE][PASSED] - Scroll to object 'Object Repository/RAD_Pages/PaymentAmount_Page/input__paymentAmount' successfully

2023-10-02 16:23:48 - [TEST_STEP][PASSED] - switch (Paymenttype): null

2023-10-02 16:23:48 - [TEST_STEP][PASSED] - case "Existing Liability w/Notice Number":: null

2023-10-02 16:23:48 - [TEST_STEP][PASSED] - setEncryptedText(findTestObject(orPath_TaxInfo + "/input_TaxInfo_feinSsn_Existing"), "RigbBhfdqODKcAsiUrg+1Q=="): Text ****** has been set on object 'Object Repository/RAD_Pages/TaxInfo_Page/input_TaxInfo_feinSsn_Existing'

2023-10-02 16:23:49 - [MESSAGE][PASSED] - Text ****** has been set on object 'Object Repository/RAD_Pages/TaxInfo_Page/input_TaxInfo_feinSsn_Existing'

2023-10-02 16:23:49 - [TEST_STEP][PASSED] - setEncryptedText(findTestObject(orPath_TaxInfo + "/input_TaxInfo_RefeinSsn_Existing"), "RigbBhfdqOD+04WBHw5iKw=="): Text ****** has been set on object 'Object Repository/RAD_Pages/TaxInfo_Page/input_TaxInfo_RefeinSsn_Existing'

2023-10-02 16:23:50 - [MESSAGE][PASSED] - Text ****** has been set on object 'Object Repository/RAD_Pages/TaxInfo_Page/input_TaxInfo_RefeinSsn_Existing'

2023-10-02 16:23:50 - [TEST_STEP][PASSED] - break: null

2023-10-02 16:23:50 - [TEST_STEP][PASSED] - setText(findTestObject(orPath_Amount + "/input__paymentAmount"), ""): Text '' is set on object 'Object Repository/RAD_Pages/PaymentAmount_Page/input__paymentAmount'

2023-10-02 16:23:51 - [MESSAGE][PASSED] - Text '' is set on object 'Object Repository/RAD_Pages/PaymentAmount_Page/input__paymentAmount'

2023-10-02 16:23:51 - [TEST_STEP][PASSED] - if (verifyTextPresent("The FEIN/SSN and Re-Type FEIN/SSN do not match", true)): null

2023-10-02 16:23:52 - [MESSAGE][PASSED] - Text 'The FEIN/SSN and Re-Type FEIN/SSN do not match' is present on page  using regular expression

2023-10-02 16:23:52 - [TEST_STEP][PASSED] - println("Error Message is present on the page"): null

2023-10-02 16:23:52 - [TEST_STEP][PASSED] - out.println("Pass Record Number: " + row): null

2023-10-02 16:23:52 - [TEST_STEP][PASSED] - resText = "Pass": null

2023-10-02 16:23:52 - [TEST_STEP][PASSED] - pages.WriteExcel.demoKey(resText, datText, resColumn, datCloumn, fileLoc, nameSheet, row): pages.WriteExcel.demoKey is PASSED

2023-10-02 16:23:52 - [MESSAGE][PASSED] - pages.WriteExcel.demoKey is PASSED

2023-10-02 16:23:52 - [TEST_STEP][PASSED] - ExecuteTC = findTestData(dataFile).getValue("Execute", row): null

2023-10-02 16:23:52 - [TEST_STEP][PASSED] - Taxtype = findTestData(dataFile).getValue("TaxType", row): null

2023-10-02 16:23:52 - [TEST_STEP][PASSED] - Paymenttype = findTestData(dataFile).getValue("PaymentType", row): null

2023-10-02 16:23:52 - [TEST_STEP][PASSED] - out.println("Value of Execute is : " + ExecuteTC): null

2023-10-02 16:23:52 - [TEST_STEP][PASSED] - if (ExecuteTC.equalsIgnoreCase("Y")): null

2023-10-02 16:23:52 - [TEST_STEP][PASSED] - out.println("Begin Record Number: " + row): null

2023-10-02 16:23:52 - [TEST_STEP][PASSED] - today = new java.util.Date(): null

2023-10-02 16:23:52 - [TEST_STEP][PASSED] - println(today): null

2023-10-02 16:23:52 - [TEST_STEP][PASSED] - datText = today: null

2023-10-02 16:23:52 - [TEST_STEP][PASSED] - Taxtype = findTestData(dataFile).getValue("TaxType", row): null

2023-10-02 16:23:52 - [TEST_STEP][PASSED] - out.println("Taxtype value is : " + Taxtype): null

2023-10-02 16:23:52 - [TEST_STEP][PASSED] - openBrowser(""): Browser is opened with url: ''

2023-10-02 16:23:52 - [MESSAGE][WARNING] - A browser is already opened. Closing browser and opening a new one

2023-10-02 16:23:53 - [MESSAGE][INFO] - Starting 'Chrome' driver

2023-10-02 16:23:53 - [MESSAGE][INFO] - User set preference: ['acceptInsecureCerts', 'true']

2023-10-02 16:23:53 - [MESSAGE][INFO] - Action delay is set to 0 milliseconds

2023-10-02 16:23:54 - [MESSAGE][PASSED] - Browser is opened with url: ''

2023-10-02 16:23:54 - [TEST_STEP][PASSED] - maximizeWindow(): Current window maximized

2023-10-02 16:23:54 - [MESSAGE][PASSED] - Current window maximized

2023-10-02 16:23:54 - [TEST_STEP][PASSED] - navigateToUrl(RADurl): Navigate to 'https://demo.velocitypayment.com/client/rad/index.html' successfully

2023-10-02 16:23:56 - [MESSAGE][PASSED] - Navigate to 'https://demo.velocitypayment.com/client/rad/index.html' successfully

2023-10-02 16:23:56 - [TEST_STEP][PASSED] - orPath_Landing = "Object Repository/RAD_Pages/Landing_Page": null

2023-10-02 16:23:56 - [TEST_STEP][PASSED] - orPath_TaxTypeFilingYear = "Object Repository/RAD_Pages/TaxTypeFilingYear_Page": null

2023-10-02 16:23:56 - [TEST_STEP][PASSED] - orPath_TaxPayer = "Object Repository/RAD_Pages/Taxpayer_Page": null

2023-10-02 16:23:56 - [TEST_STEP][PASSED] - orPath_AddressContact = "Object Repository/RAD_Pages/AddressAndContactInfo_Page": null

2023-10-02 16:23:56 - [TEST_STEP][PASSED] - orPath_FilingStatus = "Object Repository/RAD_Pages/FilingStatus_Page": null

2023-10-02 16:23:56 - [TEST_STEP][PASSED] - orPath_Amount = "Object Repository/RAD_Pages/PaymentAmount_Page": null

2023-10-02 16:23:56 - [TEST_STEP][PASSED] - orPath_TaxInfo = "Object Repository/RAD_Pages/TaxInfo_Page": null

2023-10-02 16:23:56 - [TEST_STEP][PASSED] - orPath_Withholding = "Object Repository/RAD_Pages/Withholding_Page": null

2023-10-02 16:23:56 - [TEST_STEP][PASSED] - orPath_Summary = "Object Repository/RAD_Pages/Summary_Page": null

2023-10-02 16:23:56 - [TEST_STEP][PASSED] - orPath_PaymentReady = "Object Repository/RAD_Pages/PaymentReady_Page": null

2023-10-02 16:23:56 - [TEST_STEP][PASSED] - orPath_PaymentEntry = "Object Repository/RAD_Pages/PaymentEntry_Page": null

2023-10-02 16:23:56 - [TEST_STEP][PASSED] - orPath_PaymentConfirmation = "Object Repository/RAD_Pages/PaymentConfirmation_Page": null

2023-10-02 16:23:56 - [TEST_STEP][PASSED] - orPath_ServiceFeesAccept = "Object Repository/RAD_Pages/ServiceFeeAccept_Page": null

2023-10-02 16:23:56 - [TEST_STEP][PASSED] - selectOptionByLabel(findTestObject(orPath_Landing + "/dd_TaxType"), Paymenttype, false): All options with label 'Existing Liability w/Notice Number' are selected in object 'Object Repository/RAD_Pages/Landing_Page/dd_TaxType' 

2023-10-02 16:23:56 - [MESSAGE][PASSED] - All options with label 'Existing Liability w/Notice Number' are selected in object 'Object Repository/RAD_Pages/Landing_Page/dd_TaxType' 

2023-10-02 16:23:56 - [TEST_STEP][PASSED] - delay(1): Delayed 1 second(s)

2023-10-02 16:23:57 - [MESSAGE][PASSED] - Delayed 1 second(s)

2023-10-02 16:23:57 - [TEST_STEP][PASSED] - switch (Paymenttype): null

2023-10-02 16:23:57 - [TEST_STEP][PASSED] - case "Existing Liability w/Notice Number":: null

2023-10-02 16:23:57 - [TEST_STEP][PASSED] - selectOptionByLabel(findTestObject(orPath_TaxTypeFilingYear + "/select_TaxType_ExistingLiability"), Taxtype, false): All options with label 'PTE Non-Electing S Corp' are selected in object 'Object Repository/RAD_Pages/TaxTypeFilingYear_Page/select_TaxType_ExistingLiability' 

2023-10-02 16:23:58 - [MESSAGE][PASSED] - All options with label 'PTE Non-Electing S Corp' are selected in object 'Object Repository/RAD_Pages/TaxTypeFilingYear_Page/select_TaxType_ExistingLiability' 

2023-10-02 16:23:58 - [TEST_STEP][PASSED] - break: null

2023-10-02 16:23:58 - [TEST_STEP][PASSED] - delay(1): Delayed 1 second(s)

2023-10-02 16:23:59 - [MESSAGE][PASSED] - Delayed 1 second(s)

2023-10-02 16:23:59 - [TEST_STEP][PASSED] - scrollToElement(findTestObject(orPath_Amount + "/input__paymentAmount"), 2, CONTINUE_ON_FAILURE): Scroll to object 'Object Repository/RAD_Pages/PaymentAmount_Page/input__paymentAmount' successfully

2023-10-02 16:23:59 - [MESSAGE][PASSED] - Scroll to object 'Object Repository/RAD_Pages/PaymentAmount_Page/input__paymentAmount' successfully

2023-10-02 16:23:59 - [TEST_STEP][PASSED] - switch (Paymenttype): null

2023-10-02 16:23:59 - [TEST_STEP][PASSED] - case "Existing Liability w/Notice Number":: null

2023-10-02 16:23:59 - [TEST_STEP][PASSED] - setEncryptedText(findTestObject(orPath_TaxInfo + "/input_TaxInfo_feinSsn_Existing"), "RigbBhfdqODKcAsiUrg+1Q=="): Text ****** has been set on object 'Object Repository/RAD_Pages/TaxInfo_Page/input_TaxInfo_feinSsn_Existing'

2023-10-02 16:24:01 - [MESSAGE][PASSED] - Text ****** has been set on object 'Object Repository/RAD_Pages/TaxInfo_Page/input_TaxInfo_feinSsn_Existing'

2023-10-02 16:24:01 - [TEST_STEP][PASSED] - setEncryptedText(findTestObject(orPath_TaxInfo + "/input_TaxInfo_RefeinSsn_Existing"), "RigbBhfdqOD+04WBHw5iKw=="): Text ****** has been set on object 'Object Repository/RAD_Pages/TaxInfo_Page/input_TaxInfo_RefeinSsn_Existing'

2023-10-02 16:24:01 - [MESSAGE][PASSED] - Text ****** has been set on object 'Object Repository/RAD_Pages/TaxInfo_Page/input_TaxInfo_RefeinSsn_Existing'

2023-10-02 16:24:01 - [TEST_STEP][PASSED] - break: null

2023-10-02 16:24:01 - [TEST_STEP][PASSED] - setText(findTestObject(orPath_Amount + "/input__paymentAmount"), ""): Text '' is set on object 'Object Repository/RAD_Pages/PaymentAmount_Page/input__paymentAmount'

2023-10-02 16:24:02 - [MESSAGE][PASSED] - Text '' is set on object 'Object Repository/RAD_Pages/PaymentAmount_Page/input__paymentAmount'

2023-10-02 16:24:02 - [TEST_STEP][PASSED] - if (verifyTextPresent("The FEIN/SSN and Re-Type FEIN/SSN do not match", true)): null

2023-10-02 16:24:03 - [MESSAGE][PASSED] - Text 'The FEIN/SSN and Re-Type FEIN/SSN do not match' is present on page  using regular expression

2023-10-02 16:24:03 - [TEST_STEP][PASSED] - println("Error Message is present on the page"): null

2023-10-02 16:24:03 - [TEST_STEP][PASSED] - out.println("Pass Record Number: " + row): null

2023-10-02 16:24:03 - [TEST_STEP][PASSED] - resText = "Pass": null

2023-10-02 16:24:03 - [TEST_STEP][PASSED] - pages.WriteExcel.demoKey(resText, datText, resColumn, datCloumn, fileLoc, nameSheet, row): pages.WriteExcel.demoKey is PASSED

2023-10-02 16:24:03 - [MESSAGE][PASSED] - pages.WriteExcel.demoKey is PASSED

2023-10-02 16:24:03 - [TEST_STEP][PASSED] - ExecuteTC = findTestData(dataFile).getValue("Execute", row): null

2023-10-02 16:24:03 - [TEST_STEP][PASSED] - Taxtype = findTestData(dataFile).getValue("TaxType", row): null

2023-10-02 16:24:03 - [TEST_STEP][PASSED] - Paymenttype = findTestData(dataFile).getValue("PaymentType", row): null

2023-10-02 16:24:03 - [TEST_STEP][PASSED] - out.println("Value of Execute is : " + ExecuteTC): null

2023-10-02 16:24:03 - [TEST_STEP][PASSED] - if (ExecuteTC.equalsIgnoreCase("Y")): null

2023-10-02 16:24:03 - [TEST_STEP][PASSED] - out.println("Begin Record Number: " + row): null

2023-10-02 16:24:03 - [TEST_STEP][PASSED] - today = new java.util.Date(): null

2023-10-02 16:24:03 - [TEST_STEP][PASSED] - println(today): null

2023-10-02 16:24:03 - [TEST_STEP][PASSED] - datText = today: null

2023-10-02 16:24:03 - [TEST_STEP][PASSED] - Taxtype = findTestData(dataFile).getValue("TaxType", row): null

2023-10-02 16:24:03 - [TEST_STEP][PASSED] - out.println("Taxtype value is : " + Taxtype): null

2023-10-02 16:24:03 - [TEST_STEP][PASSED] - openBrowser(""): Browser is opened with url: ''

2023-10-02 16:24:03 - [MESSAGE][WARNING] - A browser is already opened. Closing browser and opening a new one

2023-10-02 16:24:04 - [MESSAGE][INFO] - Starting 'Chrome' driver

2023-10-02 16:24:04 - [MESSAGE][INFO] - User set preference: ['acceptInsecureCerts', 'true']

2023-10-02 16:24:04 - [MESSAGE][INFO] - Action delay is set to 0 milliseconds

2023-10-02 16:24:05 - [MESSAGE][PASSED] - Browser is opened with url: ''

2023-10-02 16:24:05 - [TEST_STEP][PASSED] - maximizeWindow(): Current window maximized

2023-10-02 16:24:05 - [MESSAGE][PASSED] - Current window maximized

2023-10-02 16:24:05 - [TEST_STEP][PASSED] - navigateToUrl(RADurl): Navigate to 'https://demo.velocitypayment.com/client/rad/index.html' successfully

2023-10-02 16:24:07 - [MESSAGE][PASSED] - Navigate to 'https://demo.velocitypayment.com/client/rad/index.html' successfully

2023-10-02 16:24:07 - [TEST_STEP][PASSED] - orPath_Landing = "Object Repository/RAD_Pages/Landing_Page": null

2023-10-02 16:24:07 - [TEST_STEP][PASSED] - orPath_TaxTypeFilingYear = "Object Repository/RAD_Pages/TaxTypeFilingYear_Page": null

2023-10-02 16:24:07 - [TEST_STEP][PASSED] - orPath_TaxPayer = "Object Repository/RAD_Pages/Taxpayer_Page": null

2023-10-02 16:24:07 - [TEST_STEP][PASSED] - orPath_AddressContact = "Object Repository/RAD_Pages/AddressAndContactInfo_Page": null

2023-10-02 16:24:07 - [TEST_STEP][PASSED] - orPath_FilingStatus = "Object Repository/RAD_Pages/FilingStatus_Page": null

2023-10-02 16:24:07 - [TEST_STEP][PASSED] - orPath_Amount = "Object Repository/RAD_Pages/PaymentAmount_Page": null

2023-10-02 16:24:07 - [TEST_STEP][PASSED] - orPath_TaxInfo = "Object Repository/RAD_Pages/TaxInfo_Page": null

2023-10-02 16:24:07 - [TEST_STEP][PASSED] - orPath_Withholding = "Object Repository/RAD_Pages/Withholding_Page": null

2023-10-02 16:24:07 - [TEST_STEP][PASSED] - orPath_Summary = "Object Repository/RAD_Pages/Summary_Page": null

2023-10-02 16:24:07 - [TEST_STEP][PASSED] - orPath_PaymentReady = "Object Repository/RAD_Pages/PaymentReady_Page": null

2023-10-02 16:24:07 - [TEST_STEP][PASSED] - orPath_PaymentEntry = "Object Repository/RAD_Pages/PaymentEntry_Page": null

2023-10-02 16:24:07 - [TEST_STEP][PASSED] - orPath_PaymentConfirmation = "Object Repository/RAD_Pages/PaymentConfirmation_Page": null

2023-10-02 16:24:07 - [TEST_STEP][PASSED] - orPath_ServiceFeesAccept = "Object Repository/RAD_Pages/ServiceFeeAccept_Page": null

2023-10-02 16:24:07 - [TEST_STEP][PASSED] - selectOptionByLabel(findTestObject(orPath_Landing + "/dd_TaxType"), Paymenttype, false): All options with label 'Existing Liability w/Notice Number' are selected in object 'Object Repository/RAD_Pages/Landing_Page/dd_TaxType' 

2023-10-02 16:24:08 - [MESSAGE][PASSED] - All options with label 'Existing Liability w/Notice Number' are selected in object 'Object Repository/RAD_Pages/Landing_Page/dd_TaxType' 

2023-10-02 16:24:08 - [TEST_STEP][PASSED] - delay(1): Delayed 1 second(s)

2023-10-02 16:24:09 - [MESSAGE][PASSED] - Delayed 1 second(s)

2023-10-02 16:24:09 - [TEST_STEP][PASSED] - switch (Paymenttype): null

2023-10-02 16:24:09 - [TEST_STEP][PASSED] - case "Existing Liability w/Notice Number":: null

2023-10-02 16:24:09 - [TEST_STEP][PASSED] - selectOptionByLabel(findTestObject(orPath_TaxTypeFilingYear + "/select_TaxType_ExistingLiability"), Taxtype, false): All options with label 'PTE Tax Electing Non-S Corp' are selected in object 'Object Repository/RAD_Pages/TaxTypeFilingYear_Page/select_TaxType_ExistingLiability' 

2023-10-02 16:24:09 - [MESSAGE][PASSED] - All options with label 'PTE Tax Electing Non-S Corp' are selected in object 'Object Repository/RAD_Pages/TaxTypeFilingYear_Page/select_TaxType_ExistingLiability' 

2023-10-02 16:24:09 - [TEST_STEP][PASSED] - break: null

2023-10-02 16:24:09 - [TEST_STEP][PASSED] - delay(1): Delayed 1 second(s)

2023-10-02 16:24:10 - [MESSAGE][PASSED] - Delayed 1 second(s)

2023-10-02 16:24:10 - [TEST_STEP][PASSED] - scrollToElement(findTestObject(orPath_Amount + "/input__paymentAmount"), 2, CONTINUE_ON_FAILURE): Scroll to object 'Object Repository/RAD_Pages/PaymentAmount_Page/input__paymentAmount' successfully

2023-10-02 16:24:11 - [MESSAGE][PASSED] - Scroll to object 'Object Repository/RAD_Pages/PaymentAmount_Page/input__paymentAmount' successfully

2023-10-02 16:24:11 - [TEST_STEP][PASSED] - switch (Paymenttype): null

2023-10-02 16:24:11 - [TEST_STEP][PASSED] - case "Existing Liability w/Notice Number":: null

2023-10-02 16:24:11 - [TEST_STEP][PASSED] - setEncryptedText(findTestObject(orPath_TaxInfo + "/input_TaxInfo_feinSsn_Existing"), "RigbBhfdqODKcAsiUrg+1Q=="): Text ****** has been set on object 'Object Repository/RAD_Pages/TaxInfo_Page/input_TaxInfo_feinSsn_Existing'

2023-10-02 16:24:12 - [MESSAGE][PASSED] - Text ****** has been set on object 'Object Repository/RAD_Pages/TaxInfo_Page/input_TaxInfo_feinSsn_Existing'

2023-10-02 16:24:12 - [TEST_STEP][PASSED] - setEncryptedText(findTestObject(orPath_TaxInfo + "/input_TaxInfo_RefeinSsn_Existing"), "RigbBhfdqOD+04WBHw5iKw=="): Text ****** has been set on object 'Object Repository/RAD_Pages/TaxInfo_Page/input_TaxInfo_RefeinSsn_Existing'

2023-10-02 16:24:13 - [MESSAGE][PASSED] - Text ****** has been set on object 'Object Repository/RAD_Pages/TaxInfo_Page/input_TaxInfo_RefeinSsn_Existing'

2023-10-02 16:24:13 - [TEST_STEP][PASSED] - break: null

2023-10-02 16:24:13 - [TEST_STEP][PASSED] - setText(findTestObject(orPath_Amount + "/input__paymentAmount"), ""): Text '' is set on object 'Object Repository/RAD_Pages/PaymentAmount_Page/input__paymentAmount'

2023-10-02 16:24:14 - [MESSAGE][PASSED] - Text '' is set on object 'Object Repository/RAD_Pages/PaymentAmount_Page/input__paymentAmount'

2023-10-02 16:24:14 - [TEST_STEP][PASSED] - if (verifyTextPresent("The FEIN/SSN and Re-Type FEIN/SSN do not match", true)): null

2023-10-02 16:24:14 - [MESSAGE][PASSED] - Text 'The FEIN/SSN and Re-Type FEIN/SSN do not match' is present on page  using regular expression

2023-10-02 16:24:14 - [TEST_STEP][PASSED] - println("Error Message is present on the page"): null

2023-10-02 16:24:14 - [TEST_STEP][PASSED] - out.println("Pass Record Number: " + row): null

2023-10-02 16:24:14 - [TEST_STEP][PASSED] - resText = "Pass": null

2023-10-02 16:24:14 - [TEST_STEP][PASSED] - pages.WriteExcel.demoKey(resText, datText, resColumn, datCloumn, fileLoc, nameSheet, row): pages.WriteExcel.demoKey is PASSED

2023-10-02 16:24:14 - [MESSAGE][PASSED] - pages.WriteExcel.demoKey is PASSED

2023-10-02 16:24:14 - [TEST_STEP][PASSED] - ExecuteTC = findTestData(dataFile).getValue("Execute", row): null

2023-10-02 16:24:14 - [TEST_STEP][PASSED] - Taxtype = findTestData(dataFile).getValue("TaxType", row): null

2023-10-02 16:24:14 - [TEST_STEP][PASSED] - Paymenttype = findTestData(dataFile).getValue("PaymentType", row): null

2023-10-02 16:24:14 - [TEST_STEP][PASSED] - out.println("Value of Execute is : " + ExecuteTC): null

2023-10-02 16:24:14 - [TEST_STEP][PASSED] - if (ExecuteTC.equalsIgnoreCase("Y")): null

2023-10-02 16:24:14 - [TEST_STEP][PASSED] - out.println("Begin Record Number: " + row): null

2023-10-02 16:24:14 - [TEST_STEP][PASSED] - today = new java.util.Date(): null

2023-10-02 16:24:14 - [TEST_STEP][PASSED] - println(today): null

2023-10-02 16:24:14 - [TEST_STEP][PASSED] - datText = today: null

2023-10-02 16:24:14 - [TEST_STEP][PASSED] - Taxtype = findTestData(dataFile).getValue("TaxType", row): null

2023-10-02 16:24:14 - [TEST_STEP][PASSED] - out.println("Taxtype value is : " + Taxtype): null

2023-10-02 16:24:14 - [TEST_STEP][PASSED] - openBrowser(""): Browser is opened with url: ''

2023-10-02 16:24:14 - [MESSAGE][WARNING] - A browser is already opened. Closing browser and opening a new one

2023-10-02 16:24:15 - [MESSAGE][INFO] - Starting 'Chrome' driver

2023-10-02 16:24:15 - [MESSAGE][INFO] - User set preference: ['acceptInsecureCerts', 'true']

2023-10-02 16:24:15 - [MESSAGE][INFO] - Action delay is set to 0 milliseconds

2023-10-02 16:24:17 - [MESSAGE][PASSED] - Browser is opened with url: ''

2023-10-02 16:24:17 - [TEST_STEP][PASSED] - maximizeWindow(): Current window maximized

2023-10-02 16:24:17 - [MESSAGE][PASSED] - Current window maximized

2023-10-02 16:24:17 - [TEST_STEP][PASSED] - navigateToUrl(RADurl): Navigate to 'https://demo.velocitypayment.com/client/rad/index.html' successfully

2023-10-02 16:24:18 - [MESSAGE][PASSED] - Navigate to 'https://demo.velocitypayment.com/client/rad/index.html' successfully

2023-10-02 16:24:18 - [TEST_STEP][PASSED] - orPath_Landing = "Object Repository/RAD_Pages/Landing_Page": null

2023-10-02 16:24:18 - [TEST_STEP][PASSED] - orPath_TaxTypeFilingYear = "Object Repository/RAD_Pages/TaxTypeFilingYear_Page": null

2023-10-02 16:24:18 - [TEST_STEP][PASSED] - orPath_TaxPayer = "Object Repository/RAD_Pages/Taxpayer_Page": null

2023-10-02 16:24:18 - [TEST_STEP][PASSED] - orPath_AddressContact = "Object Repository/RAD_Pages/AddressAndContactInfo_Page": null

2023-10-02 16:24:18 - [TEST_STEP][PASSED] - orPath_FilingStatus = "Object Repository/RAD_Pages/FilingStatus_Page": null

2023-10-02 16:24:18 - [TEST_STEP][PASSED] - orPath_Amount = "Object Repository/RAD_Pages/PaymentAmount_Page": null

2023-10-02 16:24:18 - [TEST_STEP][PASSED] - orPath_TaxInfo = "Object Repository/RAD_Pages/TaxInfo_Page": null

2023-10-02 16:24:18 - [TEST_STEP][PASSED] - orPath_Withholding = "Object Repository/RAD_Pages/Withholding_Page": null

2023-10-02 16:24:18 - [TEST_STEP][PASSED] - orPath_Summary = "Object Repository/RAD_Pages/Summary_Page": null

2023-10-02 16:24:18 - [TEST_STEP][PASSED] - orPath_PaymentReady = "Object Repository/RAD_Pages/PaymentReady_Page": null

2023-10-02 16:24:18 - [TEST_STEP][PASSED] - orPath_PaymentEntry = "Object Repository/RAD_Pages/PaymentEntry_Page": null

2023-10-02 16:24:18 - [TEST_STEP][PASSED] - orPath_PaymentConfirmation = "Object Repository/RAD_Pages/PaymentConfirmation_Page": null

2023-10-02 16:24:18 - [TEST_STEP][PASSED] - orPath_ServiceFeesAccept = "Object Repository/RAD_Pages/ServiceFeeAccept_Page": null

2023-10-02 16:24:18 - [TEST_STEP][PASSED] - selectOptionByLabel(findTestObject(orPath_Landing + "/dd_TaxType"), Paymenttype, false): All options with label 'Existing Liability w/Notice Number' are selected in object 'Object Repository/RAD_Pages/Landing_Page/dd_TaxType' 

2023-10-02 16:24:19 - [MESSAGE][PASSED] - All options with label 'Existing Liability w/Notice Number' are selected in object 'Object Repository/RAD_Pages/Landing_Page/dd_TaxType' 

2023-10-02 16:24:19 - [TEST_STEP][PASSED] - delay(1): Delayed 1 second(s)

2023-10-02 16:24:20 - [MESSAGE][PASSED] - Delayed 1 second(s)

2023-10-02 16:24:20 - [TEST_STEP][PASSED] - switch (Paymenttype): null

2023-10-02 16:24:20 - [TEST_STEP][PASSED] - case "Existing Liability w/Notice Number":: null

2023-10-02 16:24:20 - [TEST_STEP][PASSED] - selectOptionByLabel(findTestObject(orPath_TaxTypeFilingYear + "/select_TaxType_ExistingLiability"), Taxtype, false): All options with label 'PTE Tax Electing S Corp' are selected in object 'Object Repository/RAD_Pages/TaxTypeFilingYear_Page/select_TaxType_ExistingLiability' 

2023-10-02 16:24:21 - [MESSAGE][PASSED] - All options with label 'PTE Tax Electing S Corp' are selected in object 'Object Repository/RAD_Pages/TaxTypeFilingYear_Page/select_TaxType_ExistingLiability' 

2023-10-02 16:24:21 - [TEST_STEP][PASSED] - break: null

2023-10-02 16:24:21 - [TEST_STEP][PASSED] - delay(1): Delayed 1 second(s)

2023-10-02 16:24:22 - [MESSAGE][PASSED] - Delayed 1 second(s)

2023-10-02 16:24:22 - [TEST_STEP][PASSED] - scrollToElement(findTestObject(orPath_Amount + "/input__paymentAmount"), 2, CONTINUE_ON_FAILURE): Scroll to object 'Object Repository/RAD_Pages/PaymentAmount_Page/input__paymentAmount' successfully

2023-10-02 16:24:22 - [MESSAGE][PASSED] - Scroll to object 'Object Repository/RAD_Pages/PaymentAmount_Page/input__paymentAmount' successfully

2023-10-02 16:24:22 - [TEST_STEP][PASSED] - switch (Paymenttype): null

2023-10-02 16:24:22 - [TEST_STEP][PASSED] - case "Existing Liability w/Notice Number":: null

2023-10-02 16:24:22 - [TEST_STEP][PASSED] - setEncryptedText(findTestObject(orPath_TaxInfo + "/input_TaxInfo_feinSsn_Existing"), "RigbBhfdqODKcAsiUrg+1Q=="): Text ****** has been set on object 'Object Repository/RAD_Pages/TaxInfo_Page/input_TaxInfo_feinSsn_Existing'

2023-10-02 16:24:23 - [MESSAGE][PASSED] - Text ****** has been set on object 'Object Repository/RAD_Pages/TaxInfo_Page/input_TaxInfo_feinSsn_Existing'

2023-10-02 16:24:23 - [TEST_STEP][PASSED] - setEncryptedText(findTestObject(orPath_TaxInfo + "/input_TaxInfo_RefeinSsn_Existing"), "RigbBhfdqOD+04WBHw5iKw=="): Text ****** has been set on object 'Object Repository/RAD_Pages/TaxInfo_Page/input_TaxInfo_RefeinSsn_Existing'

2023-10-02 16:24:24 - [MESSAGE][PASSED] - Text ****** has been set on object 'Object Repository/RAD_Pages/TaxInfo_Page/input_TaxInfo_RefeinSsn_Existing'

2023-10-02 16:24:24 - [TEST_STEP][PASSED] - break: null

2023-10-02 16:24:24 - [TEST_STEP][PASSED] - setText(findTestObject(orPath_Amount + "/input__paymentAmount"), ""): Text '' is set on object 'Object Repository/RAD_Pages/PaymentAmount_Page/input__paymentAmount'

2023-10-02 16:24:25 - [MESSAGE][PASSED] - Text '' is set on object 'Object Repository/RAD_Pages/PaymentAmount_Page/input__paymentAmount'

2023-10-02 16:24:25 - [TEST_STEP][PASSED] - if (verifyTextPresent("The FEIN/SSN and Re-Type FEIN/SSN do not match", true)): null

2023-10-02 16:24:25 - [MESSAGE][PASSED] - Text 'The FEIN/SSN and Re-Type FEIN/SSN do not match' is present on page  using regular expression

2023-10-02 16:24:25 - [TEST_STEP][PASSED] - println("Error Message is present on the page"): null

2023-10-02 16:24:25 - [TEST_STEP][PASSED] - out.println("Pass Record Number: " + row): null

2023-10-02 16:24:25 - [TEST_STEP][PASSED] - resText = "Pass": null

2023-10-02 16:24:25 - [TEST_STEP][PASSED] - pages.WriteExcel.demoKey(resText, datText, resColumn, datCloumn, fileLoc, nameSheet, row): pages.WriteExcel.demoKey is PASSED

2023-10-02 16:24:26 - [MESSAGE][PASSED] - pages.WriteExcel.demoKey is PASSED

2023-10-02 16:24:26 - [TEST_STEP][PASSED] - ExecuteTC = findTestData(dataFile).getValue("Execute", row): null

2023-10-02 16:24:26 - [TEST_STEP][PASSED] - Taxtype = findTestData(dataFile).getValue("TaxType", row): null

2023-10-02 16:24:26 - [TEST_STEP][PASSED] - Paymenttype = findTestData(dataFile).getValue("PaymentType", row): null

2023-10-02 16:24:26 - [TEST_STEP][PASSED] - out.println("Value of Execute is : " + ExecuteTC): null

2023-10-02 16:24:26 - [TEST_STEP][PASSED] - if (ExecuteTC.equalsIgnoreCase("Y")): null

2023-10-02 16:24:26 - [TEST_STEP][PASSED] - out.println("Begin Record Number: " + row): null

2023-10-02 16:24:26 - [TEST_STEP][PASSED] - today = new java.util.Date(): null

2023-10-02 16:24:26 - [TEST_STEP][PASSED] - println(today): null

2023-10-02 16:24:26 - [TEST_STEP][PASSED] - datText = today: null

2023-10-02 16:24:26 - [TEST_STEP][PASSED] - Taxtype = findTestData(dataFile).getValue("TaxType", row): null

2023-10-02 16:24:26 - [TEST_STEP][PASSED] - out.println("Taxtype value is : " + Taxtype): null

2023-10-02 16:24:26 - [TEST_STEP][PASSED] - openBrowser(""): Browser is opened with url: ''

2023-10-02 16:24:26 - [MESSAGE][WARNING] - A browser is already opened. Closing browser and opening a new one

2023-10-02 16:24:27 - [MESSAGE][INFO] - Starting 'Chrome' driver

2023-10-02 16:24:27 - [MESSAGE][INFO] - User set preference: ['acceptInsecureCerts', 'true']

2023-10-02 16:24:27 - [MESSAGE][INFO] - Action delay is set to 0 milliseconds

2023-10-02 16:24:28 - [MESSAGE][PASSED] - Browser is opened with url: ''

2023-10-02 16:24:28 - [TEST_STEP][PASSED] - maximizeWindow(): Current window maximized

2023-10-02 16:24:28 - [MESSAGE][PASSED] - Current window maximized

2023-10-02 16:24:28 - [TEST_STEP][PASSED] - navigateToUrl(RADurl): Navigate to 'https://demo.velocitypayment.com/client/rad/index.html' successfully

2023-10-02 16:24:30 - [MESSAGE][PASSED] - Navigate to 'https://demo.velocitypayment.com/client/rad/index.html' successfully

2023-10-02 16:24:30 - [TEST_STEP][PASSED] - orPath_Landing = "Object Repository/RAD_Pages/Landing_Page": null

2023-10-02 16:24:30 - [TEST_STEP][PASSED] - orPath_TaxTypeFilingYear = "Object Repository/RAD_Pages/TaxTypeFilingYear_Page": null

2023-10-02 16:24:30 - [TEST_STEP][PASSED] - orPath_TaxPayer = "Object Repository/RAD_Pages/Taxpayer_Page": null

2023-10-02 16:24:30 - [TEST_STEP][PASSED] - orPath_AddressContact = "Object Repository/RAD_Pages/AddressAndContactInfo_Page": null

2023-10-02 16:24:30 - [TEST_STEP][PASSED] - orPath_FilingStatus = "Object Repository/RAD_Pages/FilingStatus_Page": null

2023-10-02 16:24:30 - [TEST_STEP][PASSED] - orPath_Amount = "Object Repository/RAD_Pages/PaymentAmount_Page": null

2023-10-02 16:24:30 - [TEST_STEP][PASSED] - orPath_TaxInfo = "Object Repository/RAD_Pages/TaxInfo_Page": null

2023-10-02 16:24:30 - [TEST_STEP][PASSED] - orPath_Withholding = "Object Repository/RAD_Pages/Withholding_Page": null

2023-10-02 16:24:30 - [TEST_STEP][PASSED] - orPath_Summary = "Object Repository/RAD_Pages/Summary_Page": null

2023-10-02 16:24:30 - [TEST_STEP][PASSED] - orPath_PaymentReady = "Object Repository/RAD_Pages/PaymentReady_Page": null

2023-10-02 16:24:30 - [TEST_STEP][PASSED] - orPath_PaymentEntry = "Object Repository/RAD_Pages/PaymentEntry_Page": null

2023-10-02 16:24:30 - [TEST_STEP][PASSED] - orPath_PaymentConfirmation = "Object Repository/RAD_Pages/PaymentConfirmation_Page": null

2023-10-02 16:24:30 - [TEST_STEP][PASSED] - orPath_ServiceFeesAccept = "Object Repository/RAD_Pages/ServiceFeeAccept_Page": null

2023-10-02 16:24:30 - [TEST_STEP][PASSED] - selectOptionByLabel(findTestObject(orPath_Landing + "/dd_TaxType"), Paymenttype, false): All options with label 'Quarterly Estimated Tax' are selected in object 'Object Repository/RAD_Pages/Landing_Page/dd_TaxType' 

2023-10-02 16:24:30 - [MESSAGE][PASSED] - All options with label 'Quarterly Estimated Tax' are selected in object 'Object Repository/RAD_Pages/Landing_Page/dd_TaxType' 

2023-10-02 16:24:30 - [TEST_STEP][PASSED] - delay(1): Delayed 1 second(s)

2023-10-02 16:24:31 - [MESSAGE][PASSED] - Delayed 1 second(s)

2023-10-02 16:24:31 - [TEST_STEP][PASSED] - switch (Paymenttype): null

2023-10-02 16:24:31 - [TEST_STEP][PASSED] - case "Quarterly Estimated Tax":: null

2023-10-02 16:24:31 - [TEST_STEP][PASSED] - selectOptionByLabel(findTestObject(orPath_TaxTypeFilingYear + "/select_PaymentType"), Taxtype, false): All options with label 'PTE Non-Electing Non-S Corp' are selected in object 'Object Repository/RAD_Pages/TaxTypeFilingYear_Page/select_PaymentType' 

2023-10-02 16:24:32 - [MESSAGE][PASSED] - All options with label 'PTE Non-Electing Non-S Corp' are selected in object 'Object Repository/RAD_Pages/TaxTypeFilingYear_Page/select_PaymentType' 

2023-10-02 16:24:32 - [TEST_STEP][PASSED] - break: null

2023-10-02 16:24:32 - [TEST_STEP][PASSED] - delay(1): Delayed 1 second(s)

2023-10-02 16:24:33 - [MESSAGE][PASSED] - Delayed 1 second(s)

2023-10-02 16:24:33 - [TEST_STEP][PASSED] - scrollToElement(findTestObject(orPath_Amount + "/input__paymentAmount"), 2, CONTINUE_ON_FAILURE): Scroll to object 'Object Repository/RAD_Pages/PaymentAmount_Page/input__paymentAmount' successfully

2023-10-02 16:24:34 - [MESSAGE][PASSED] - Scroll to object 'Object Repository/RAD_Pages/PaymentAmount_Page/input__paymentAmount' successfully

2023-10-02 16:24:34 - [TEST_STEP][PASSED] - switch (Paymenttype): null

2023-10-02 16:24:34 - [TEST_STEP][PASSED] - case "Quarterly Estimated Tax":: null

2023-10-02 16:24:34 - [TEST_STEP][PASSED] - setEncryptedText(findTestObject(orPath_TaxInfo + "/input_TaxInformation_feinSsn"), "RigbBhfdqODKcAsiUrg+1Q=="): Text ****** has been set on object 'Object Repository/RAD_Pages/TaxInfo_Page/input_TaxInformation_feinSsn'

2023-10-02 16:24:34 - [MESSAGE][PASSED] - Text ****** has been set on object 'Object Repository/RAD_Pages/TaxInfo_Page/input_TaxInformation_feinSsn'

2023-10-02 16:24:34 - [TEST_STEP][PASSED] - setEncryptedText(findTestObject(orPath_TaxInfo + "/input_TaxInformation_RefeinSsn"), "RigbBhfdqOD+04WBHw5iKw=="): Text ****** has been set on object 'Object Repository/RAD_Pages/TaxInfo_Page/input_TaxInformation_RefeinSsn'

2023-10-02 16:24:36 - [MESSAGE][PASSED] - Text ****** has been set on object 'Object Repository/RAD_Pages/TaxInfo_Page/input_TaxInformation_RefeinSsn'

2023-10-02 16:24:36 - [TEST_STEP][PASSED] - break: null

2023-10-02 16:24:36 - [TEST_STEP][PASSED] - setText(findTestObject(orPath_Amount + "/input__paymentAmount"), ""): Text '' is set on object 'Object Repository/RAD_Pages/PaymentAmount_Page/input__paymentAmount'

2023-10-02 16:24:36 - [MESSAGE][PASSED] - Text '' is set on object 'Object Repository/RAD_Pages/PaymentAmount_Page/input__paymentAmount'

2023-10-02 16:24:36 - [TEST_STEP][PASSED] - if (verifyTextPresent("The FEIN/SSN and Re-Type FEIN/SSN do not match", true)): null

2023-10-02 16:24:37 - [MESSAGE][PASSED] - Text 'The FEIN/SSN and Re-Type FEIN/SSN do not match' is present on page  using regular expression

2023-10-02 16:24:37 - [TEST_STEP][PASSED] - println("Error Message is present on the page"): null

2023-10-02 16:24:37 - [TEST_STEP][PASSED] - out.println("Pass Record Number: " + row): null

2023-10-02 16:24:37 - [TEST_STEP][PASSED] - resText = "Pass": null

2023-10-02 16:24:37 - [TEST_STEP][PASSED] - pages.WriteExcel.demoKey(resText, datText, resColumn, datCloumn, fileLoc, nameSheet, row): pages.WriteExcel.demoKey is PASSED

2023-10-02 16:24:37 - [MESSAGE][PASSED] - pages.WriteExcel.demoKey is PASSED

2023-10-02 16:24:37 - [TEST_STEP][PASSED] - ExecuteTC = findTestData(dataFile).getValue("Execute", row): null

2023-10-02 16:24:37 - [TEST_STEP][PASSED] - Taxtype = findTestData(dataFile).getValue("TaxType", row): null

2023-10-02 16:24:37 - [TEST_STEP][PASSED] - Paymenttype = findTestData(dataFile).getValue("PaymentType", row): null

2023-10-02 16:24:37 - [TEST_STEP][PASSED] - out.println("Value of Execute is : " + ExecuteTC): null

2023-10-02 16:24:37 - [TEST_STEP][PASSED] - if (ExecuteTC.equalsIgnoreCase("Y")): null

2023-10-02 16:24:37 - [TEST_STEP][PASSED] - out.println("Begin Record Number: " + row): null

2023-10-02 16:24:37 - [TEST_STEP][PASSED] - today = new java.util.Date(): null

2023-10-02 16:24:37 - [TEST_STEP][PASSED] - println(today): null

2023-10-02 16:24:37 - [TEST_STEP][PASSED] - datText = today: null

2023-10-02 16:24:37 - [TEST_STEP][PASSED] - Taxtype = findTestData(dataFile).getValue("TaxType", row): null

2023-10-02 16:24:37 - [TEST_STEP][PASSED] - out.println("Taxtype value is : " + Taxtype): null

2023-10-02 16:24:37 - [TEST_STEP][PASSED] - openBrowser(""): Browser is opened with url: ''

2023-10-02 16:24:37 - [MESSAGE][WARNING] - A browser is already opened. Closing browser and opening a new one

2023-10-02 16:24:38 - [MESSAGE][INFO] - Starting 'Chrome' driver

2023-10-02 16:24:38 - [MESSAGE][INFO] - User set preference: ['acceptInsecureCerts', 'true']

2023-10-02 16:24:38 - [MESSAGE][INFO] - Action delay is set to 0 milliseconds

2023-10-02 16:24:40 - [MESSAGE][PASSED] - Browser is opened with url: ''

2023-10-02 16:24:40 - [TEST_STEP][PASSED] - maximizeWindow(): Current window maximized

2023-10-02 16:24:40 - [MESSAGE][PASSED] - Current window maximized

2023-10-02 16:24:40 - [TEST_STEP][PASSED] - navigateToUrl(RADurl): Navigate to 'https://demo.velocitypayment.com/client/rad/index.html' successfully

2023-10-02 16:24:41 - [MESSAGE][PASSED] - Navigate to 'https://demo.velocitypayment.com/client/rad/index.html' successfully

2023-10-02 16:24:41 - [TEST_STEP][PASSED] - orPath_Landing = "Object Repository/RAD_Pages/Landing_Page": null

2023-10-02 16:24:41 - [TEST_STEP][PASSED] - orPath_TaxTypeFilingYear = "Object Repository/RAD_Pages/TaxTypeFilingYear_Page": null

2023-10-02 16:24:41 - [TEST_STEP][PASSED] - orPath_TaxPayer = "Object Repository/RAD_Pages/Taxpayer_Page": null

2023-10-02 16:24:41 - [TEST_STEP][PASSED] - orPath_AddressContact = "Object Repository/RAD_Pages/AddressAndContactInfo_Page": null

2023-10-02 16:24:41 - [TEST_STEP][PASSED] - orPath_FilingStatus = "Object Repository/RAD_Pages/FilingStatus_Page": null

2023-10-02 16:24:41 - [TEST_STEP][PASSED] - orPath_Amount = "Object Repository/RAD_Pages/PaymentAmount_Page": null

2023-10-02 16:24:41 - [TEST_STEP][PASSED] - orPath_TaxInfo = "Object Repository/RAD_Pages/TaxInfo_Page": null

2023-10-02 16:24:41 - [TEST_STEP][PASSED] - orPath_Withholding = "Object Repository/RAD_Pages/Withholding_Page": null

2023-10-02 16:24:41 - [TEST_STEP][PASSED] - orPath_Summary = "Object Repository/RAD_Pages/Summary_Page": null

2023-10-02 16:24:41 - [TEST_STEP][PASSED] - orPath_PaymentReady = "Object Repository/RAD_Pages/PaymentReady_Page": null

2023-10-02 16:24:41 - [TEST_STEP][PASSED] - orPath_PaymentEntry = "Object Repository/RAD_Pages/PaymentEntry_Page": null

2023-10-02 16:24:41 - [TEST_STEP][PASSED] - orPath_PaymentConfirmation = "Object Repository/RAD_Pages/PaymentConfirmation_Page": null

2023-10-02 16:24:41 - [TEST_STEP][PASSED] - orPath_ServiceFeesAccept = "Object Repository/RAD_Pages/ServiceFeeAccept_Page": null

2023-10-02 16:24:41 - [TEST_STEP][PASSED] - selectOptionByLabel(findTestObject(orPath_Landing + "/dd_TaxType"), Paymenttype, false): All options with label 'Quarterly Estimated Tax' are selected in object 'Object Repository/RAD_Pages/Landing_Page/dd_TaxType' 

2023-10-02 16:24:42 - [MESSAGE][PASSED] - All options with label 'Quarterly Estimated Tax' are selected in object 'Object Repository/RAD_Pages/Landing_Page/dd_TaxType' 

2023-10-02 16:24:42 - [TEST_STEP][PASSED] - delay(1): Delayed 1 second(s)

2023-10-02 16:24:43 - [MESSAGE][PASSED] - Delayed 1 second(s)

2023-10-02 16:24:43 - [TEST_STEP][PASSED] - switch (Paymenttype): null

2023-10-02 16:24:43 - [TEST_STEP][PASSED] - case "Quarterly Estimated Tax":: null

2023-10-02 16:24:43 - [TEST_STEP][PASSED] - selectOptionByLabel(findTestObject(orPath_TaxTypeFilingYear + "/select_PaymentType"), Taxtype, false): All options with label 'PTE Non-Electing S Corp' are selected in object 'Object Repository/RAD_Pages/TaxTypeFilingYear_Page/select_PaymentType' 

2023-10-02 16:24:44 - [MESSAGE][PASSED] - All options with label 'PTE Non-Electing S Corp' are selected in object 'Object Repository/RAD_Pages/TaxTypeFilingYear_Page/select_PaymentType' 

2023-10-02 16:24:44 - [TEST_STEP][PASSED] - break: null

2023-10-02 16:24:44 - [TEST_STEP][PASSED] - delay(1): Delayed 1 second(s)

2023-10-02 16:24:45 - [MESSAGE][PASSED] - Delayed 1 second(s)

2023-10-02 16:24:45 - [TEST_STEP][PASSED] - scrollToElement(findTestObject(orPath_Amount + "/input__paymentAmount"), 2, CONTINUE_ON_FAILURE): Scroll to object 'Object Repository/RAD_Pages/PaymentAmount_Page/input__paymentAmount' successfully

2023-10-02 16:24:45 - [MESSAGE][PASSED] - Scroll to object 'Object Repository/RAD_Pages/PaymentAmount_Page/input__paymentAmount' successfully

2023-10-02 16:24:45 - [TEST_STEP][PASSED] - switch (Paymenttype): null

2023-10-02 16:24:45 - [TEST_STEP][PASSED] - case "Quarterly Estimated Tax":: null

2023-10-02 16:24:45 - [TEST_STEP][PASSED] - setEncryptedText(findTestObject(orPath_TaxInfo + "/input_TaxInformation_feinSsn"), "RigbBhfdqODKcAsiUrg+1Q=="): Text ****** has been set on object 'Object Repository/RAD_Pages/TaxInfo_Page/input_TaxInformation_feinSsn'

2023-10-02 16:24:46 - [MESSAGE][PASSED] - Text ****** has been set on object 'Object Repository/RAD_Pages/TaxInfo_Page/input_TaxInformation_feinSsn'

2023-10-02 16:24:46 - [TEST_STEP][PASSED] - setEncryptedText(findTestObject(orPath_TaxInfo + "/input_TaxInformation_RefeinSsn"), "RigbBhfdqOD+04WBHw5iKw=="): Text ****** has been set on object 'Object Repository/RAD_Pages/TaxInfo_Page/input_TaxInformation_RefeinSsn'

2023-10-02 16:24:47 - [MESSAGE][PASSED] - Text ****** has been set on object 'Object Repository/RAD_Pages/TaxInfo_Page/input_TaxInformation_RefeinSsn'

2023-10-02 16:24:47 - [TEST_STEP][PASSED] - break: null

2023-10-02 16:24:47 - [TEST_STEP][PASSED] - setText(findTestObject(orPath_Amount + "/input__paymentAmount"), ""): Text '' is set on object 'Object Repository/RAD_Pages/PaymentAmount_Page/input__paymentAmount'

2023-10-02 16:24:48 - [MESSAGE][PASSED] - Text '' is set on object 'Object Repository/RAD_Pages/PaymentAmount_Page/input__paymentAmount'

2023-10-02 16:24:48 - [TEST_STEP][PASSED] - if (verifyTextPresent("The FEIN/SSN and Re-Type FEIN/SSN do not match", true)): null

2023-10-02 16:24:48 - [MESSAGE][PASSED] - Text 'The FEIN/SSN and Re-Type FEIN/SSN do not match' is present on page  using regular expression

2023-10-02 16:24:48 - [TEST_STEP][PASSED] - println("Error Message is present on the page"): null

2023-10-02 16:24:48 - [TEST_STEP][PASSED] - out.println("Pass Record Number: " + row): null

2023-10-02 16:24:48 - [TEST_STEP][PASSED] - resText = "Pass": null

2023-10-02 16:24:48 - [TEST_STEP][PASSED] - pages.WriteExcel.demoKey(resText, datText, resColumn, datCloumn, fileLoc, nameSheet, row): pages.WriteExcel.demoKey is PASSED

2023-10-02 16:24:49 - [MESSAGE][PASSED] - pages.WriteExcel.demoKey is PASSED

2023-10-02 16:24:49 - [TEST_STEP][PASSED] - ExecuteTC = findTestData(dataFile).getValue("Execute", row): null

2023-10-02 16:24:49 - [TEST_STEP][PASSED] - Taxtype = findTestData(dataFile).getValue("TaxType", row): null

2023-10-02 16:24:49 - [TEST_STEP][PASSED] - Paymenttype = findTestData(dataFile).getValue("PaymentType", row): null

2023-10-02 16:24:49 - [TEST_STEP][PASSED] - out.println("Value of Execute is : " + ExecuteTC): null

2023-10-02 16:24:49 - [TEST_STEP][PASSED] - if (ExecuteTC.equalsIgnoreCase("Y")): null

2023-10-02 16:24:49 - [TEST_STEP][PASSED] - out.println("Begin Record Number: " + row): null

2023-10-02 16:24:49 - [TEST_STEP][PASSED] - today = new java.util.Date(): null

2023-10-02 16:24:49 - [TEST_STEP][PASSED] - println(today): null

2023-10-02 16:24:49 - [TEST_STEP][PASSED] - datText = today: null

2023-10-02 16:24:49 - [TEST_STEP][PASSED] - Taxtype = findTestData(dataFile).getValue("TaxType", row): null

2023-10-02 16:24:49 - [TEST_STEP][PASSED] - out.println("Taxtype value is : " + Taxtype): null

2023-10-02 16:24:49 - [TEST_STEP][PASSED] - openBrowser(""): Browser is opened with url: ''

2023-10-02 16:24:49 - [MESSAGE][WARNING] - A browser is already opened. Closing browser and opening a new one

2023-10-02 16:24:50 - [MESSAGE][INFO] - Starting 'Chrome' driver

2023-10-02 16:24:50 - [MESSAGE][INFO] - User set preference: ['acceptInsecureCerts', 'true']

2023-10-02 16:24:50 - [MESSAGE][INFO] - Action delay is set to 0 milliseconds

2023-10-02 16:24:51 - [MESSAGE][PASSED] - Browser is opened with url: ''

2023-10-02 16:24:51 - [TEST_STEP][PASSED] - maximizeWindow(): Current window maximized

2023-10-02 16:24:51 - [MESSAGE][PASSED] - Current window maximized

2023-10-02 16:24:51 - [TEST_STEP][PASSED] - navigateToUrl(RADurl): Navigate to 'https://demo.velocitypayment.com/client/rad/index.html' successfully

2023-10-02 16:24:52 - [MESSAGE][PASSED] - Navigate to 'https://demo.velocitypayment.com/client/rad/index.html' successfully

2023-10-02 16:24:52 - [TEST_STEP][PASSED] - orPath_Landing = "Object Repository/RAD_Pages/Landing_Page": null

2023-10-02 16:24:52 - [TEST_STEP][PASSED] - orPath_TaxTypeFilingYear = "Object Repository/RAD_Pages/TaxTypeFilingYear_Page": null

2023-10-02 16:24:52 - [TEST_STEP][PASSED] - orPath_TaxPayer = "Object Repository/RAD_Pages/Taxpayer_Page": null

2023-10-02 16:24:52 - [TEST_STEP][PASSED] - orPath_AddressContact = "Object Repository/RAD_Pages/AddressAndContactInfo_Page": null

2023-10-02 16:24:52 - [TEST_STEP][PASSED] - orPath_FilingStatus = "Object Repository/RAD_Pages/FilingStatus_Page": null

2023-10-02 16:24:52 - [TEST_STEP][PASSED] - orPath_Amount = "Object Repository/RAD_Pages/PaymentAmount_Page": null

2023-10-02 16:24:52 - [TEST_STEP][PASSED] - orPath_TaxInfo = "Object Repository/RAD_Pages/TaxInfo_Page": null

2023-10-02 16:24:52 - [TEST_STEP][PASSED] - orPath_Withholding = "Object Repository/RAD_Pages/Withholding_Page": null

2023-10-02 16:24:52 - [TEST_STEP][PASSED] - orPath_Summary = "Object Repository/RAD_Pages/Summary_Page": null

2023-10-02 16:24:52 - [TEST_STEP][PASSED] - orPath_PaymentReady = "Object Repository/RAD_Pages/PaymentReady_Page": null

2023-10-02 16:24:52 - [TEST_STEP][PASSED] - orPath_PaymentEntry = "Object Repository/RAD_Pages/PaymentEntry_Page": null

2023-10-02 16:24:52 - [TEST_STEP][PASSED] - orPath_PaymentConfirmation = "Object Repository/RAD_Pages/PaymentConfirmation_Page": null

2023-10-02 16:24:52 - [TEST_STEP][PASSED] - orPath_ServiceFeesAccept = "Object Repository/RAD_Pages/ServiceFeeAccept_Page": null

2023-10-02 16:24:52 - [TEST_STEP][PASSED] - selectOptionByLabel(findTestObject(orPath_Landing + "/dd_TaxType"), Paymenttype, false): All options with label 'Quarterly Estimated Tax' are selected in object 'Object Repository/RAD_Pages/Landing_Page/dd_TaxType' 

2023-10-02 16:24:53 - [MESSAGE][PASSED] - All options with label 'Quarterly Estimated Tax' are selected in object 'Object Repository/RAD_Pages/Landing_Page/dd_TaxType' 

2023-10-02 16:24:53 - [TEST_STEP][PASSED] - delay(1): Delayed 1 second(s)

2023-10-02 16:24:54 - [MESSAGE][PASSED] - Delayed 1 second(s)

2023-10-02 16:24:54 - [TEST_STEP][PASSED] - switch (Paymenttype): null

2023-10-02 16:24:54 - [TEST_STEP][PASSED] - case "Quarterly Estimated Tax":: null

2023-10-02 16:24:54 - [TEST_STEP][PASSED] - selectOptionByLabel(findTestObject(orPath_TaxTypeFilingYear + "/select_PaymentType"), Taxtype, false): All options with label 'PTE Tax Electing Non-S Corp' are selected in object 'Object Repository/RAD_Pages/TaxTypeFilingYear_Page/select_PaymentType' 

2023-10-02 16:24:55 - [MESSAGE][PASSED] - All options with label 'PTE Tax Electing Non-S Corp' are selected in object 'Object Repository/RAD_Pages/TaxTypeFilingYear_Page/select_PaymentType' 

2023-10-02 16:24:55 - [TEST_STEP][PASSED] - break: null

2023-10-02 16:24:55 - [TEST_STEP][PASSED] - delay(1): Delayed 1 second(s)

2023-10-02 16:24:56 - [MESSAGE][PASSED] - Delayed 1 second(s)

2023-10-02 16:24:56 - [TEST_STEP][PASSED] - scrollToElement(findTestObject(orPath_Amount + "/input__paymentAmount"), 2, CONTINUE_ON_FAILURE): Scroll to object 'Object Repository/RAD_Pages/PaymentAmount_Page/input__paymentAmount' successfully

2023-10-02 16:24:56 - [MESSAGE][PASSED] - Scroll to object 'Object Repository/RAD_Pages/PaymentAmount_Page/input__paymentAmount' successfully

2023-10-02 16:24:56 - [TEST_STEP][PASSED] - switch (Paymenttype): null

2023-10-02 16:24:56 - [TEST_STEP][PASSED] - case "Quarterly Estimated Tax":: null

2023-10-02 16:24:56 - [TEST_STEP][PASSED] - setEncryptedText(findTestObject(orPath_TaxInfo + "/input_TaxInformation_feinSsn"), "RigbBhfdqODKcAsiUrg+1Q=="): Text ****** has been set on object 'Object Repository/RAD_Pages/TaxInfo_Page/input_TaxInformation_feinSsn'

2023-10-02 16:24:58 - [MESSAGE][PASSED] - Text ****** has been set on object 'Object Repository/RAD_Pages/TaxInfo_Page/input_TaxInformation_feinSsn'

2023-10-02 16:24:58 - [TEST_STEP][PASSED] - setEncryptedText(findTestObject(orPath_TaxInfo + "/input_TaxInformation_RefeinSsn"), "RigbBhfdqOD+04WBHw5iKw=="): Text ****** has been set on object 'Object Repository/RAD_Pages/TaxInfo_Page/input_TaxInformation_RefeinSsn'

2023-10-02 16:24:58 - [MESSAGE][PASSED] - Text ****** has been set on object 'Object Repository/RAD_Pages/TaxInfo_Page/input_TaxInformation_RefeinSsn'

2023-10-02 16:24:58 - [TEST_STEP][PASSED] - break: null

2023-10-02 16:24:58 - [TEST_STEP][PASSED] - setText(findTestObject(orPath_Amount + "/input__paymentAmount"), ""): Text '' is set on object 'Object Repository/RAD_Pages/PaymentAmount_Page/input__paymentAmount'

2023-10-02 16:24:59 - [MESSAGE][PASSED] - Text '' is set on object 'Object Repository/RAD_Pages/PaymentAmount_Page/input__paymentAmount'

2023-10-02 16:24:59 - [TEST_STEP][PASSED] - if (verifyTextPresent("The FEIN/SSN and Re-Type FEIN/SSN do not match", true)): null

2023-10-02 16:25:00 - [MESSAGE][PASSED] - Text 'The FEIN/SSN and Re-Type FEIN/SSN do not match' is present on page  using regular expression

2023-10-02 16:25:00 - [TEST_STEP][PASSED] - println("Error Message is present on the page"): null

2023-10-02 16:25:00 - [TEST_STEP][PASSED] - out.println("Pass Record Number: " + row): null

2023-10-02 16:25:00 - [TEST_STEP][PASSED] - resText = "Pass": null

2023-10-02 16:25:00 - [TEST_STEP][PASSED] - pages.WriteExcel.demoKey(resText, datText, resColumn, datCloumn, fileLoc, nameSheet, row): pages.WriteExcel.demoKey is PASSED

2023-10-02 16:25:00 - [MESSAGE][PASSED] - pages.WriteExcel.demoKey is PASSED

2023-10-02 16:25:00 - [TEST_STEP][PASSED] - ExecuteTC = findTestData(dataFile).getValue("Execute", row): null

2023-10-02 16:25:00 - [TEST_STEP][PASSED] - Taxtype = findTestData(dataFile).getValue("TaxType", row): null

2023-10-02 16:25:00 - [TEST_STEP][PASSED] - Paymenttype = findTestData(dataFile).getValue("PaymentType", row): null

2023-10-02 16:25:00 - [TEST_STEP][PASSED] - out.println("Value of Execute is : " + ExecuteTC): null

2023-10-02 16:25:00 - [TEST_STEP][PASSED] - if (ExecuteTC.equalsIgnoreCase("Y")): null

2023-10-02 16:25:00 - [TEST_STEP][PASSED] - out.println("Begin Record Number: " + row): null

2023-10-02 16:25:00 - [TEST_STEP][PASSED] - today = new java.util.Date(): null

2023-10-02 16:25:00 - [TEST_STEP][PASSED] - println(today): null

2023-10-02 16:25:00 - [TEST_STEP][PASSED] - datText = today: null

2023-10-02 16:25:00 - [TEST_STEP][PASSED] - Taxtype = findTestData(dataFile).getValue("TaxType", row): null

2023-10-02 16:25:00 - [TEST_STEP][PASSED] - out.println("Taxtype value is : " + Taxtype): null

2023-10-02 16:25:00 - [TEST_STEP][PASSED] - openBrowser(""): Browser is opened with url: ''

2023-10-02 16:25:00 - [MESSAGE][WARNING] - A browser is already opened. Closing browser and opening a new one

2023-10-02 16:25:01 - [MESSAGE][INFO] - Starting 'Chrome' driver

2023-10-02 16:25:01 - [MESSAGE][INFO] - User set preference: ['acceptInsecureCerts', 'true']

2023-10-02 16:25:01 - [MESSAGE][INFO] - Action delay is set to 0 milliseconds

2023-10-02 16:25:02 - [MESSAGE][PASSED] - Browser is opened with url: ''

2023-10-02 16:25:02 - [TEST_STEP][PASSED] - maximizeWindow(): Current window maximized

2023-10-02 16:25:02 - [MESSAGE][PASSED] - Current window maximized

2023-10-02 16:25:02 - [TEST_STEP][PASSED] - navigateToUrl(RADurl): Navigate to 'https://demo.velocitypayment.com/client/rad/index.html' successfully

2023-10-02 16:25:04 - [MESSAGE][PASSED] - Navigate to 'https://demo.velocitypayment.com/client/rad/index.html' successfully

2023-10-02 16:25:04 - [TEST_STEP][PASSED] - orPath_Landing = "Object Repository/RAD_Pages/Landing_Page": null

2023-10-02 16:25:04 - [TEST_STEP][PASSED] - orPath_TaxTypeFilingYear = "Object Repository/RAD_Pages/TaxTypeFilingYear_Page": null

2023-10-02 16:25:04 - [TEST_STEP][PASSED] - orPath_TaxPayer = "Object Repository/RAD_Pages/Taxpayer_Page": null

2023-10-02 16:25:04 - [TEST_STEP][PASSED] - orPath_AddressContact = "Object Repository/RAD_Pages/AddressAndContactInfo_Page": null

2023-10-02 16:25:04 - [TEST_STEP][PASSED] - orPath_FilingStatus = "Object Repository/RAD_Pages/FilingStatus_Page": null

2023-10-02 16:25:04 - [TEST_STEP][PASSED] - orPath_Amount = "Object Repository/RAD_Pages/PaymentAmount_Page": null

2023-10-02 16:25:04 - [TEST_STEP][PASSED] - orPath_TaxInfo = "Object Repository/RAD_Pages/TaxInfo_Page": null

2023-10-02 16:25:04 - [TEST_STEP][PASSED] - orPath_Withholding = "Object Repository/RAD_Pages/Withholding_Page": null

2023-10-02 16:25:04 - [TEST_STEP][PASSED] - orPath_Summary = "Object Repository/RAD_Pages/Summary_Page": null

2023-10-02 16:25:04 - [TEST_STEP][PASSED] - orPath_PaymentReady = "Object Repository/RAD_Pages/PaymentReady_Page": null

2023-10-02 16:25:04 - [TEST_STEP][PASSED] - orPath_PaymentEntry = "Object Repository/RAD_Pages/PaymentEntry_Page": null

2023-10-02 16:25:04 - [TEST_STEP][PASSED] - orPath_PaymentConfirmation = "Object Repository/RAD_Pages/PaymentConfirmation_Page": null

2023-10-02 16:25:04 - [TEST_STEP][PASSED] - orPath_ServiceFeesAccept = "Object Repository/RAD_Pages/ServiceFeeAccept_Page": null

2023-10-02 16:25:04 - [TEST_STEP][PASSED] - selectOptionByLabel(findTestObject(orPath_Landing + "/dd_TaxType"), Paymenttype, false): All options with label 'Quarterly Estimated Tax' are selected in object 'Object Repository/RAD_Pages/Landing_Page/dd_TaxType' 

2023-10-02 16:25:04 - [MESSAGE][PASSED] - All options with label 'Quarterly Estimated Tax' are selected in object 'Object Repository/RAD_Pages/Landing_Page/dd_TaxType' 

2023-10-02 16:25:04 - [TEST_STEP][PASSED] - delay(1): Delayed 1 second(s)

2023-10-02 16:25:05 - [MESSAGE][PASSED] - Delayed 1 second(s)

2023-10-02 16:25:05 - [TEST_STEP][PASSED] - switch (Paymenttype): null

2023-10-02 16:25:05 - [TEST_STEP][PASSED] - case "Quarterly Estimated Tax":: null

2023-10-02 16:25:05 - [TEST_STEP][PASSED] - selectOptionByLabel(findTestObject(orPath_TaxTypeFilingYear + "/select_PaymentType"), Taxtype, false): All options with label 'PTE Tax Electing S Corp' are selected in object 'Object Repository/RAD_Pages/TaxTypeFilingYear_Page/select_PaymentType' 

2023-10-02 16:25:06 - [MESSAGE][PASSED] - All options with label 'PTE Tax Electing S Corp' are selected in object 'Object Repository/RAD_Pages/TaxTypeFilingYear_Page/select_PaymentType' 

2023-10-02 16:25:06 - [TEST_STEP][PASSED] - break: null

2023-10-02 16:25:06 - [TEST_STEP][PASSED] - delay(1): Delayed 1 second(s)

2023-10-02 16:25:07 - [MESSAGE][PASSED] - Delayed 1 second(s)

2023-10-02 16:25:07 - [TEST_STEP][PASSED] - scrollToElement(findTestObject(orPath_Amount + "/input__paymentAmount"), 2, CONTINUE_ON_FAILURE): Scroll to object 'Object Repository/RAD_Pages/PaymentAmount_Page/input__paymentAmount' successfully

2023-10-02 16:25:07 - [MESSAGE][PASSED] - Scroll to object 'Object Repository/RAD_Pages/PaymentAmount_Page/input__paymentAmount' successfully

2023-10-02 16:25:07 - [TEST_STEP][PASSED] - switch (Paymenttype): null

2023-10-02 16:25:07 - [TEST_STEP][PASSED] - case "Quarterly Estimated Tax":: null

2023-10-02 16:25:07 - [TEST_STEP][PASSED] - setEncryptedText(findTestObject(orPath_TaxInfo + "/input_TaxInformation_feinSsn"), "RigbBhfdqODKcAsiUrg+1Q=="): Text ****** has been set on object 'Object Repository/RAD_Pages/TaxInfo_Page/input_TaxInformation_feinSsn'

2023-10-02 16:25:08 - [MESSAGE][PASSED] - Text ****** has been set on object 'Object Repository/RAD_Pages/TaxInfo_Page/input_TaxInformation_feinSsn'

2023-10-02 16:25:08 - [TEST_STEP][PASSED] - setEncryptedText(findTestObject(orPath_TaxInfo + "/input_TaxInformation_RefeinSsn"), "RigbBhfdqOD+04WBHw5iKw=="): Text ****** has been set on object 'Object Repository/RAD_Pages/TaxInfo_Page/input_TaxInformation_RefeinSsn'

2023-10-02 16:25:09 - [MESSAGE][PASSED] - Text ****** has been set on object 'Object Repository/RAD_Pages/TaxInfo_Page/input_TaxInformation_RefeinSsn'

2023-10-02 16:25:09 - [TEST_STEP][PASSED] - break: null

2023-10-02 16:25:09 - [TEST_STEP][PASSED] - setText(findTestObject(orPath_Amount + "/input__paymentAmount"), ""): Text '' is set on object 'Object Repository/RAD_Pages/PaymentAmount_Page/input__paymentAmount'

2023-10-02 16:25:10 - [MESSAGE][PASSED] - Text '' is set on object 'Object Repository/RAD_Pages/PaymentAmount_Page/input__paymentAmount'

2023-10-02 16:25:10 - [TEST_STEP][PASSED] - if (verifyTextPresent("The FEIN/SSN and Re-Type FEIN/SSN do not match", true)): null

2023-10-02 16:25:11 - [MESSAGE][PASSED] - Text 'The FEIN/SSN and Re-Type FEIN/SSN do not match' is present on page  using regular expression

2023-10-02 16:25:11 - [TEST_STEP][PASSED] - println("Error Message is present on the page"): null

2023-10-02 16:25:11 - [TEST_STEP][PASSED] - out.println("Pass Record Number: " + row): null

2023-10-02 16:25:11 - [TEST_STEP][PASSED] - resText = "Pass": null

2023-10-02 16:25:11 - [TEST_STEP][PASSED] - pages.WriteExcel.demoKey(resText, datText, resColumn, datCloumn, fileLoc, nameSheet, row): pages.WriteExcel.demoKey is PASSED

2023-10-02 16:25:11 - [MESSAGE][PASSED] - pages.WriteExcel.demoKey is PASSED

2023-10-02 16:25:11 - [TEST_STEP][PASSED] - ExecuteTC = findTestData(dataFile).getValue("Execute", row): null

2023-10-02 16:25:11 - [TEST_STEP][PASSED] - Taxtype = findTestData(dataFile).getValue("TaxType", row): null

2023-10-02 16:25:11 - [TEST_STEP][PASSED] - Paymenttype = findTestData(dataFile).getValue("PaymentType", row): null

2023-10-02 16:25:11 - [TEST_STEP][PASSED] - out.println("Value of Execute is : " + ExecuteTC): null

2023-10-02 16:25:11 - [TEST_STEP][PASSED] - if (ExecuteTC.equalsIgnoreCase("Y")): null

2023-10-02 16:25:11 - [TEST_STEP][PASSED] - out.println("Begin Record Number: " + row): null

2023-10-02 16:25:11 - [TEST_STEP][PASSED] - today = new java.util.Date(): null

2023-10-02 16:25:11 - [TEST_STEP][PASSED] - println(today): null

2023-10-02 16:25:11 - [TEST_STEP][PASSED] - datText = today: null

2023-10-02 16:25:11 - [TEST_STEP][PASSED] - Taxtype = findTestData(dataFile).getValue("TaxType", row): null

2023-10-02 16:25:11 - [TEST_STEP][PASSED] - out.println("Taxtype value is : " + Taxtype): null

2023-10-02 16:25:11 - [TEST_STEP][PASSED] - openBrowser(""): Browser is opened with url: ''

2023-10-02 16:25:11 - [MESSAGE][WARNING] - A browser is already opened. Closing browser and opening a new one

2023-10-02 16:25:12 - [MESSAGE][INFO] - Starting 'Chrome' driver

2023-10-02 16:25:12 - [MESSAGE][INFO] - User set preference: ['acceptInsecureCerts', 'true']

2023-10-02 16:25:12 - [MESSAGE][INFO] - Action delay is set to 0 milliseconds

2023-10-02 16:25:13 - [MESSAGE][PASSED] - Browser is opened with url: ''

2023-10-02 16:25:13 - [TEST_STEP][PASSED] - maximizeWindow(): Current window maximized

2023-10-02 16:25:14 - [MESSAGE][PASSED] - Current window maximized

2023-10-02 16:25:14 - [TEST_STEP][PASSED] - navigateToUrl(RADurl): Navigate to 'https://demo.velocitypayment.com/client/rad/index.html' successfully

2023-10-02 16:25:19 - [MESSAGE][PASSED] - Navigate to 'https://demo.velocitypayment.com/client/rad/index.html' successfully

2023-10-02 16:25:19 - [TEST_STEP][PASSED] - orPath_Landing = "Object Repository/RAD_Pages/Landing_Page": null

2023-10-02 16:25:19 - [TEST_STEP][PASSED] - orPath_TaxTypeFilingYear = "Object Repository/RAD_Pages/TaxTypeFilingYear_Page": null

2023-10-02 16:25:19 - [TEST_STEP][PASSED] - orPath_TaxPayer = "Object Repository/RAD_Pages/Taxpayer_Page": null

2023-10-02 16:25:19 - [TEST_STEP][PASSED] - orPath_AddressContact = "Object Repository/RAD_Pages/AddressAndContactInfo_Page": null

2023-10-02 16:25:19 - [TEST_STEP][PASSED] - orPath_FilingStatus = "Object Repository/RAD_Pages/FilingStatus_Page": null

2023-10-02 16:25:19 - [TEST_STEP][PASSED] - orPath_Amount = "Object Repository/RAD_Pages/PaymentAmount_Page": null

2023-10-02 16:25:19 - [TEST_STEP][PASSED] - orPath_TaxInfo = "Object Repository/RAD_Pages/TaxInfo_Page": null

2023-10-02 16:25:19 - [TEST_STEP][PASSED] - orPath_Withholding = "Object Repository/RAD_Pages/Withholding_Page": null

2023-10-02 16:25:19 - [TEST_STEP][PASSED] - orPath_Summary = "Object Repository/RAD_Pages/Summary_Page": null

2023-10-02 16:25:19 - [TEST_STEP][PASSED] - orPath_PaymentReady = "Object Repository/RAD_Pages/PaymentReady_Page": null

2023-10-02 16:25:19 - [TEST_STEP][PASSED] - orPath_PaymentEntry = "Object Repository/RAD_Pages/PaymentEntry_Page": null

2023-10-02 16:25:19 - [TEST_STEP][PASSED] - orPath_PaymentConfirmation = "Object Repository/RAD_Pages/PaymentConfirmation_Page": null

2023-10-02 16:25:19 - [TEST_STEP][PASSED] - orPath_ServiceFeesAccept = "Object Repository/RAD_Pages/ServiceFeeAccept_Page": null

2023-10-02 16:25:19 - [TEST_STEP][PASSED] - selectOptionByLabel(findTestObject(orPath_Landing + "/dd_TaxType"), Paymenttype, false): All options with label 'Extension Payments' are selected in object 'Object Repository/RAD_Pages/Landing_Page/dd_TaxType' 

2023-10-02 16:25:20 - [MESSAGE][PASSED] - All options with label 'Extension Payments' are selected in object 'Object Repository/RAD_Pages/Landing_Page/dd_TaxType' 

2023-10-02 16:25:20 - [TEST_STEP][PASSED] - delay(1): Delayed 1 second(s)

2023-10-02 16:25:21 - [MESSAGE][PASSED] - Delayed 1 second(s)

2023-10-02 16:25:21 - [TEST_STEP][PASSED] - switch (Paymenttype): null

2023-10-02 16:25:21 - [TEST_STEP][PASSED] - case "Extension Payments":: null

2023-10-02 16:25:21 - [TEST_STEP][PASSED] - selectOptionByLabel(findTestObject(orPath_TaxTypeFilingYear + "/select_PaymentType"), Taxtype, false): All options with label 'PTE Non-Electing Non-S Corp' are selected in object 'Object Repository/RAD_Pages/TaxTypeFilingYear_Page/select_PaymentType' 

2023-10-02 16:25:21 - [MESSAGE][PASSED] - All options with label 'PTE Non-Electing Non-S Corp' are selected in object 'Object Repository/RAD_Pages/TaxTypeFilingYear_Page/select_PaymentType' 

2023-10-02 16:25:21 - [TEST_STEP][PASSED] - break: null

2023-10-02 16:25:21 - [TEST_STEP][PASSED] - delay(1): Delayed 1 second(s)

2023-10-02 16:25:22 - [MESSAGE][PASSED] - Delayed 1 second(s)

2023-10-02 16:25:22 - [TEST_STEP][PASSED] - scrollToElement(findTestObject(orPath_Amount + "/input__paymentAmount"), 2, CONTINUE_ON_FAILURE): Scroll to object 'Object Repository/RAD_Pages/PaymentAmount_Page/input__paymentAmount' successfully

2023-10-02 16:25:23 - [MESSAGE][PASSED] - Scroll to object 'Object Repository/RAD_Pages/PaymentAmount_Page/input__paymentAmount' successfully

2023-10-02 16:25:23 - [TEST_STEP][PASSED] - switch (Paymenttype): null

2023-10-02 16:25:23 - [TEST_STEP][PASSED] - case "Extension Payments":: null

2023-10-02 16:25:23 - [TEST_STEP][PASSED] - setEncryptedText(findTestObject(orPath_TaxInfo + "/input_TaxInformation_feinSsn"), "RigbBhfdqODKcAsiUrg+1Q=="): Text ****** has been set on object 'Object Repository/RAD_Pages/TaxInfo_Page/input_TaxInformation_feinSsn'

2023-10-02 16:25:24 - [MESSAGE][PASSED] - Text ****** has been set on object 'Object Repository/RAD_Pages/TaxInfo_Page/input_TaxInformation_feinSsn'

2023-10-02 16:25:24 - [TEST_STEP][PASSED] - setEncryptedText(findTestObject(orPath_TaxInfo + "/input_TaxInformation_RefeinSsn"), "RigbBhfdqOD+04WBHw5iKw=="): Text ****** has been set on object 'Object Repository/RAD_Pages/TaxInfo_Page/input_TaxInformation_RefeinSsn'

2023-10-02 16:25:25 - [MESSAGE][PASSED] - Text ****** has been set on object 'Object Repository/RAD_Pages/TaxInfo_Page/input_TaxInformation_RefeinSsn'

2023-10-02 16:25:25 - [TEST_STEP][PASSED] - break: null

2023-10-02 16:25:25 - [TEST_STEP][PASSED] - setText(findTestObject(orPath_Amount + "/input__paymentAmount"), ""): Text '' is set on object 'Object Repository/RAD_Pages/PaymentAmount_Page/input__paymentAmount'

2023-10-02 16:25:26 - [MESSAGE][PASSED] - Text '' is set on object 'Object Repository/RAD_Pages/PaymentAmount_Page/input__paymentAmount'

2023-10-02 16:25:26 - [TEST_STEP][PASSED] - if (verifyTextPresent("The FEIN/SSN and Re-Type FEIN/SSN do not match", true)): null

2023-10-02 16:25:26 - [MESSAGE][PASSED] - Text 'The FEIN/SSN and Re-Type FEIN/SSN do not match' is present on page  using regular expression

2023-10-02 16:25:26 - [TEST_STEP][PASSED] - println("Error Message is present on the page"): null

2023-10-02 16:25:26 - [TEST_STEP][PASSED] - out.println("Pass Record Number: " + row): null

2023-10-02 16:25:26 - [TEST_STEP][PASSED] - resText = "Pass": null

2023-10-02 16:25:26 - [TEST_STEP][PASSED] - pages.WriteExcel.demoKey(resText, datText, resColumn, datCloumn, fileLoc, nameSheet, row): pages.WriteExcel.demoKey is PASSED

2023-10-02 16:25:26 - [MESSAGE][PASSED] - pages.WriteExcel.demoKey is PASSED

2023-10-02 16:25:26 - [TEST_STEP][PASSED] - ExecuteTC = findTestData(dataFile).getValue("Execute", row): null

2023-10-02 16:25:26 - [TEST_STEP][PASSED] - Taxtype = findTestData(dataFile).getValue("TaxType", row): null

2023-10-02 16:25:26 - [TEST_STEP][PASSED] - Paymenttype = findTestData(dataFile).getValue("PaymentType", row): null

2023-10-02 16:25:26 - [TEST_STEP][PASSED] - out.println("Value of Execute is : " + ExecuteTC): null

2023-10-02 16:25:26 - [TEST_STEP][PASSED] - if (ExecuteTC.equalsIgnoreCase("Y")): null

2023-10-02 16:25:26 - [TEST_STEP][PASSED] - out.println("Begin Record Number: " + row): null

2023-10-02 16:25:26 - [TEST_STEP][PASSED] - today = new java.util.Date(): null

2023-10-02 16:25:26 - [TEST_STEP][PASSED] - println(today): null

2023-10-02 16:25:26 - [TEST_STEP][PASSED] - datText = today: null

2023-10-02 16:25:26 - [TEST_STEP][PASSED] - Taxtype = findTestData(dataFile).getValue("TaxType", row): null

2023-10-02 16:25:26 - [TEST_STEP][PASSED] - out.println("Taxtype value is : " + Taxtype): null

2023-10-02 16:25:26 - [TEST_STEP][PASSED] - openBrowser(""): Browser is opened with url: ''

2023-10-02 16:25:26 - [MESSAGE][WARNING] - A browser is already opened. Closing browser and opening a new one

2023-10-02 16:25:27 - [MESSAGE][INFO] - Starting 'Chrome' driver

2023-10-02 16:25:27 - [MESSAGE][INFO] - User set preference: ['acceptInsecureCerts', 'true']

2023-10-02 16:25:27 - [MESSAGE][INFO] - Action delay is set to 0 milliseconds

2023-10-02 16:25:29 - [MESSAGE][PASSED] - Browser is opened with url: ''

2023-10-02 16:25:29 - [TEST_STEP][PASSED] - maximizeWindow(): Current window maximized

2023-10-02 16:25:29 - [MESSAGE][PASSED] - Current window maximized

2023-10-02 16:25:29 - [TEST_STEP][PASSED] - navigateToUrl(RADurl): Navigate to 'https://demo.velocitypayment.com/client/rad/index.html' successfully

2023-10-02 16:25:30 - [MESSAGE][PASSED] - Navigate to 'https://demo.velocitypayment.com/client/rad/index.html' successfully

2023-10-02 16:25:30 - [TEST_STEP][PASSED] - orPath_Landing = "Object Repository/RAD_Pages/Landing_Page": null

2023-10-02 16:25:30 - [TEST_STEP][PASSED] - orPath_TaxTypeFilingYear = "Object Repository/RAD_Pages/TaxTypeFilingYear_Page": null

2023-10-02 16:25:30 - [TEST_STEP][PASSED] - orPath_TaxPayer = "Object Repository/RAD_Pages/Taxpayer_Page": null

2023-10-02 16:25:30 - [TEST_STEP][PASSED] - orPath_AddressContact = "Object Repository/RAD_Pages/AddressAndContactInfo_Page": null

2023-10-02 16:25:30 - [TEST_STEP][PASSED] - orPath_FilingStatus = "Object Repository/RAD_Pages/FilingStatus_Page": null

2023-10-02 16:25:30 - [TEST_STEP][PASSED] - orPath_Amount = "Object Repository/RAD_Pages/PaymentAmount_Page": null

2023-10-02 16:25:30 - [TEST_STEP][PASSED] - orPath_TaxInfo = "Object Repository/RAD_Pages/TaxInfo_Page": null

2023-10-02 16:25:30 - [TEST_STEP][PASSED] - orPath_Withholding = "Object Repository/RAD_Pages/Withholding_Page": null

2023-10-02 16:25:30 - [TEST_STEP][PASSED] - orPath_Summary = "Object Repository/RAD_Pages/Summary_Page": null

2023-10-02 16:25:30 - [TEST_STEP][PASSED] - orPath_PaymentReady = "Object Repository/RAD_Pages/PaymentReady_Page": null

2023-10-02 16:25:30 - [TEST_STEP][PASSED] - orPath_PaymentEntry = "Object Repository/RAD_Pages/PaymentEntry_Page": null

2023-10-02 16:25:30 - [TEST_STEP][PASSED] - orPath_PaymentConfirmation = "Object Repository/RAD_Pages/PaymentConfirmation_Page": null

2023-10-02 16:25:30 - [TEST_STEP][PASSED] - orPath_ServiceFeesAccept = "Object Repository/RAD_Pages/ServiceFeeAccept_Page": null

2023-10-02 16:25:30 - [TEST_STEP][PASSED] - selectOptionByLabel(findTestObject(orPath_Landing + "/dd_TaxType"), Paymenttype, false): All options with label 'Extension Payments' are selected in object 'Object Repository/RAD_Pages/Landing_Page/dd_TaxType' 

2023-10-02 16:25:31 - [MESSAGE][PASSED] - All options with label 'Extension Payments' are selected in object 'Object Repository/RAD_Pages/Landing_Page/dd_TaxType' 

2023-10-02 16:25:31 - [TEST_STEP][PASSED] - delay(1): Delayed 1 second(s)

2023-10-02 16:25:32 - [MESSAGE][PASSED] - Delayed 1 second(s)

2023-10-02 16:25:32 - [TEST_STEP][PASSED] - switch (Paymenttype): null

2023-10-02 16:25:32 - [TEST_STEP][PASSED] - case "Extension Payments":: null

2023-10-02 16:25:32 - [TEST_STEP][PASSED] - selectOptionByLabel(findTestObject(orPath_TaxTypeFilingYear + "/select_PaymentType"), Taxtype, false): All options with label 'PTE Non-Electing S Corp' are selected in object 'Object Repository/RAD_Pages/TaxTypeFilingYear_Page/select_PaymentType' 

2023-10-02 16:25:33 - [MESSAGE][PASSED] - All options with label 'PTE Non-Electing S Corp' are selected in object 'Object Repository/RAD_Pages/TaxTypeFilingYear_Page/select_PaymentType' 

2023-10-02 16:25:33 - [TEST_STEP][PASSED] - break: null

2023-10-02 16:25:33 - [TEST_STEP][PASSED] - delay(1): Delayed 1 second(s)

2023-10-02 16:25:34 - [MESSAGE][PASSED] - Delayed 1 second(s)

2023-10-02 16:25:34 - [TEST_STEP][PASSED] - scrollToElement(findTestObject(orPath_Amount + "/input__paymentAmount"), 2, CONTINUE_ON_FAILURE): Scroll to object 'Object Repository/RAD_Pages/PaymentAmount_Page/input__paymentAmount' successfully

2023-10-02 16:25:34 - [MESSAGE][PASSED] - Scroll to object 'Object Repository/RAD_Pages/PaymentAmount_Page/input__paymentAmount' successfully

2023-10-02 16:25:34 - [TEST_STEP][PASSED] - switch (Paymenttype): null

2023-10-02 16:25:34 - [TEST_STEP][PASSED] - case "Extension Payments":: null

2023-10-02 16:25:34 - [TEST_STEP][PASSED] - setEncryptedText(findTestObject(orPath_TaxInfo + "/input_TaxInformation_feinSsn"), "RigbBhfdqODKcAsiUrg+1Q=="): Text ****** has been set on object 'Object Repository/RAD_Pages/TaxInfo_Page/input_TaxInformation_feinSsn'

2023-10-02 16:25:35 - [MESSAGE][PASSED] - Text ****** has been set on object 'Object Repository/RAD_Pages/TaxInfo_Page/input_TaxInformation_feinSsn'

2023-10-02 16:25:35 - [TEST_STEP][PASSED] - setEncryptedText(findTestObject(orPath_TaxInfo + "/input_TaxInformation_RefeinSsn"), "RigbBhfdqOD+04WBHw5iKw=="): Text ****** has been set on object 'Object Repository/RAD_Pages/TaxInfo_Page/input_TaxInformation_RefeinSsn'

2023-10-02 16:25:36 - [MESSAGE][PASSED] - Text ****** has been set on object 'Object Repository/RAD_Pages/TaxInfo_Page/input_TaxInformation_RefeinSsn'

2023-10-02 16:25:36 - [TEST_STEP][PASSED] - break: null

2023-10-02 16:25:36 - [TEST_STEP][PASSED] - setText(findTestObject(orPath_Amount + "/input__paymentAmount"), ""): Text '' is set on object 'Object Repository/RAD_Pages/PaymentAmount_Page/input__paymentAmount'

2023-10-02 16:25:37 - [MESSAGE][PASSED] - Text '' is set on object 'Object Repository/RAD_Pages/PaymentAmount_Page/input__paymentAmount'

2023-10-02 16:25:37 - [TEST_STEP][PASSED] - if (verifyTextPresent("The FEIN/SSN and Re-Type FEIN/SSN do not match", true)): null

2023-10-02 16:25:38 - [MESSAGE][PASSED] - Text 'The FEIN/SSN and Re-Type FEIN/SSN do not match' is present on page  using regular expression

2023-10-02 16:25:38 - [TEST_STEP][PASSED] - println("Error Message is present on the page"): null

2023-10-02 16:25:38 - [TEST_STEP][PASSED] - out.println("Pass Record Number: " + row): null

2023-10-02 16:25:38 - [TEST_STEP][PASSED] - resText = "Pass": null

2023-10-02 16:25:38 - [TEST_STEP][PASSED] - pages.WriteExcel.demoKey(resText, datText, resColumn, datCloumn, fileLoc, nameSheet, row): pages.WriteExcel.demoKey is PASSED

2023-10-02 16:25:38 - [MESSAGE][PASSED] - pages.WriteExcel.demoKey is PASSED

2023-10-02 16:25:38 - [TEST_STEP][PASSED] - ExecuteTC = findTestData(dataFile).getValue("Execute", row): null

2023-10-02 16:25:38 - [TEST_STEP][PASSED] - Taxtype = findTestData(dataFile).getValue("TaxType", row): null

2023-10-02 16:25:38 - [TEST_STEP][PASSED] - Paymenttype = findTestData(dataFile).getValue("PaymentType", row): null

2023-10-02 16:25:38 - [TEST_STEP][PASSED] - out.println("Value of Execute is : " + ExecuteTC): null

2023-10-02 16:25:38 - [TEST_STEP][PASSED] - if (ExecuteTC.equalsIgnoreCase("Y")): null

2023-10-02 16:25:38 - [TEST_STEP][PASSED] - out.println("Begin Record Number: " + row): null

2023-10-02 16:25:38 - [TEST_STEP][PASSED] - today = new java.util.Date(): null

2023-10-02 16:25:38 - [TEST_STEP][PASSED] - println(today): null

2023-10-02 16:25:38 - [TEST_STEP][PASSED] - datText = today: null

2023-10-02 16:25:38 - [TEST_STEP][PASSED] - Taxtype = findTestData(dataFile).getValue("TaxType", row): null

2023-10-02 16:25:38 - [TEST_STEP][PASSED] - out.println("Taxtype value is : " + Taxtype): null

2023-10-02 16:25:38 - [TEST_STEP][PASSED] - openBrowser(""): Browser is opened with url: ''

2023-10-02 16:25:38 - [MESSAGE][WARNING] - A browser is already opened. Closing browser and opening a new one

2023-10-02 16:25:39 - [MESSAGE][INFO] - Starting 'Chrome' driver

2023-10-02 16:25:39 - [MESSAGE][INFO] - User set preference: ['acceptInsecureCerts', 'true']

2023-10-02 16:25:39 - [MESSAGE][INFO] - Action delay is set to 0 milliseconds

2023-10-02 16:25:40 - [MESSAGE][PASSED] - Browser is opened with url: ''

2023-10-02 16:25:40 - [TEST_STEP][PASSED] - maximizeWindow(): Current window maximized

2023-10-02 16:25:40 - [MESSAGE][PASSED] - Current window maximized

2023-10-02 16:25:40 - [TEST_STEP][PASSED] - navigateToUrl(RADurl): Navigate to 'https://demo.velocitypayment.com/client/rad/index.html' successfully

2023-10-02 16:25:42 - [MESSAGE][PASSED] - Navigate to 'https://demo.velocitypayment.com/client/rad/index.html' successfully

2023-10-02 16:25:42 - [TEST_STEP][PASSED] - orPath_Landing = "Object Repository/RAD_Pages/Landing_Page": null

2023-10-02 16:25:42 - [TEST_STEP][PASSED] - orPath_TaxTypeFilingYear = "Object Repository/RAD_Pages/TaxTypeFilingYear_Page": null

2023-10-02 16:25:42 - [TEST_STEP][PASSED] - orPath_TaxPayer = "Object Repository/RAD_Pages/Taxpayer_Page": null

2023-10-02 16:25:42 - [TEST_STEP][PASSED] - orPath_AddressContact = "Object Repository/RAD_Pages/AddressAndContactInfo_Page": null

2023-10-02 16:25:42 - [TEST_STEP][PASSED] - orPath_FilingStatus = "Object Repository/RAD_Pages/FilingStatus_Page": null

2023-10-02 16:25:42 - [TEST_STEP][PASSED] - orPath_Amount = "Object Repository/RAD_Pages/PaymentAmount_Page": null

2023-10-02 16:25:42 - [TEST_STEP][PASSED] - orPath_TaxInfo = "Object Repository/RAD_Pages/TaxInfo_Page": null

2023-10-02 16:25:42 - [TEST_STEP][PASSED] - orPath_Withholding = "Object Repository/RAD_Pages/Withholding_Page": null

2023-10-02 16:25:42 - [TEST_STEP][PASSED] - orPath_Summary = "Object Repository/RAD_Pages/Summary_Page": null

2023-10-02 16:25:42 - [TEST_STEP][PASSED] - orPath_PaymentReady = "Object Repository/RAD_Pages/PaymentReady_Page": null

2023-10-02 16:25:42 - [TEST_STEP][PASSED] - orPath_PaymentEntry = "Object Repository/RAD_Pages/PaymentEntry_Page": null

2023-10-02 16:25:42 - [TEST_STEP][PASSED] - orPath_PaymentConfirmation = "Object Repository/RAD_Pages/PaymentConfirmation_Page": null

2023-10-02 16:25:42 - [TEST_STEP][PASSED] - orPath_ServiceFeesAccept = "Object Repository/RAD_Pages/ServiceFeeAccept_Page": null

2023-10-02 16:25:42 - [TEST_STEP][PASSED] - selectOptionByLabel(findTestObject(orPath_Landing + "/dd_TaxType"), Paymenttype, false): All options with label 'Extension Payments' are selected in object 'Object Repository/RAD_Pages/Landing_Page/dd_TaxType' 

2023-10-02 16:25:42 - [MESSAGE][PASSED] - All options with label 'Extension Payments' are selected in object 'Object Repository/RAD_Pages/Landing_Page/dd_TaxType' 

2023-10-02 16:25:42 - [TEST_STEP][PASSED] - delay(1): Delayed 1 second(s)

2023-10-02 16:25:43 - [MESSAGE][PASSED] - Delayed 1 second(s)

2023-10-02 16:25:43 - [TEST_STEP][PASSED] - switch (Paymenttype): null

2023-10-02 16:25:43 - [TEST_STEP][PASSED] - case "Extension Payments":: null

2023-10-02 16:25:43 - [TEST_STEP][PASSED] - selectOptionByLabel(findTestObject(orPath_TaxTypeFilingYear + "/select_PaymentType"), Taxtype, false): All options with label 'PTE Tax Electing Non-S Corp' are selected in object 'Object Repository/RAD_Pages/TaxTypeFilingYear_Page/select_PaymentType' 

2023-10-02 16:25:44 - [MESSAGE][PASSED] - All options with label 'PTE Tax Electing Non-S Corp' are selected in object 'Object Repository/RAD_Pages/TaxTypeFilingYear_Page/select_PaymentType' 

2023-10-02 16:25:44 - [TEST_STEP][PASSED] - break: null

2023-10-02 16:25:44 - [TEST_STEP][PASSED] - delay(1): Delayed 1 second(s)

2023-10-02 16:25:45 - [MESSAGE][PASSED] - Delayed 1 second(s)

2023-10-02 16:25:45 - [TEST_STEP][PASSED] - scrollToElement(findTestObject(orPath_Amount + "/input__paymentAmount"), 2, CONTINUE_ON_FAILURE): Scroll to object 'Object Repository/RAD_Pages/PaymentAmount_Page/input__paymentAmount' successfully

2023-10-02 16:25:45 - [MESSAGE][PASSED] - Scroll to object 'Object Repository/RAD_Pages/PaymentAmount_Page/input__paymentAmount' successfully

2023-10-02 16:25:45 - [TEST_STEP][PASSED] - switch (Paymenttype): null

2023-10-02 16:25:45 - [TEST_STEP][PASSED] - case "Extension Payments":: null

2023-10-02 16:25:45 - [TEST_STEP][PASSED] - setEncryptedText(findTestObject(orPath_TaxInfo + "/input_TaxInformation_feinSsn"), "RigbBhfdqODKcAsiUrg+1Q=="): Text ****** has been set on object 'Object Repository/RAD_Pages/TaxInfo_Page/input_TaxInformation_feinSsn'

2023-10-02 16:25:46 - [MESSAGE][PASSED] - Text ****** has been set on object 'Object Repository/RAD_Pages/TaxInfo_Page/input_TaxInformation_feinSsn'

2023-10-02 16:25:46 - [TEST_STEP][PASSED] - setEncryptedText(findTestObject(orPath_TaxInfo + "/input_TaxInformation_RefeinSsn"), "RigbBhfdqOD+04WBHw5iKw=="): Text ****** has been set on object 'Object Repository/RAD_Pages/TaxInfo_Page/input_TaxInformation_RefeinSsn'

2023-10-02 16:25:47 - [MESSAGE][PASSED] - Text ****** has been set on object 'Object Repository/RAD_Pages/TaxInfo_Page/input_TaxInformation_RefeinSsn'

2023-10-02 16:25:47 - [TEST_STEP][PASSED] - break: null

2023-10-02 16:25:48 - [TEST_STEP][PASSED] - setText(findTestObject(orPath_Amount + "/input__paymentAmount"), ""): Text '' is set on object 'Object Repository/RAD_Pages/PaymentAmount_Page/input__paymentAmount'

2023-10-02 16:25:48 - [MESSAGE][PASSED] - Text '' is set on object 'Object Repository/RAD_Pages/PaymentAmount_Page/input__paymentAmount'

2023-10-02 16:25:48 - [TEST_STEP][PASSED] - if (verifyTextPresent("The FEIN/SSN and Re-Type FEIN/SSN do not match", true)): null

2023-10-02 16:25:49 - [MESSAGE][PASSED] - Text 'The FEIN/SSN and Re-Type FEIN/SSN do not match' is present on page  using regular expression

2023-10-02 16:25:49 - [TEST_STEP][PASSED] - println("Error Message is present on the page"): null

2023-10-02 16:25:49 - [TEST_STEP][PASSED] - out.println("Pass Record Number: " + row): null

2023-10-02 16:25:49 - [TEST_STEP][PASSED] - resText = "Pass": null

2023-10-02 16:25:49 - [TEST_STEP][PASSED] - pages.WriteExcel.demoKey(resText, datText, resColumn, datCloumn, fileLoc, nameSheet, row): pages.WriteExcel.demoKey is PASSED

2023-10-02 16:25:49 - [MESSAGE][PASSED] - pages.WriteExcel.demoKey is PASSED

2023-10-02 16:25:49 - [TEST_STEP][PASSED] - ExecuteTC = findTestData(dataFile).getValue("Execute", row): null

2023-10-02 16:25:49 - [TEST_STEP][PASSED] - Taxtype = findTestData(dataFile).getValue("TaxType", row): null

2023-10-02 16:25:49 - [TEST_STEP][PASSED] - Paymenttype = findTestData(dataFile).getValue("PaymentType", row): null

2023-10-02 16:25:49 - [TEST_STEP][PASSED] - out.println("Value of Execute is : " + ExecuteTC): null

2023-10-02 16:25:49 - [TEST_STEP][PASSED] - if (ExecuteTC.equalsIgnoreCase("Y")): null

2023-10-02 16:25:49 - [TEST_STEP][PASSED] - out.println("Begin Record Number: " + row): null

2023-10-02 16:25:49 - [TEST_STEP][PASSED] - today = new java.util.Date(): null

2023-10-02 16:25:49 - [TEST_STEP][PASSED] - println(today): null

2023-10-02 16:25:49 - [TEST_STEP][PASSED] - datText = today: null

2023-10-02 16:25:49 - [TEST_STEP][PASSED] - Taxtype = findTestData(dataFile).getValue("TaxType", row): null

2023-10-02 16:25:49 - [TEST_STEP][PASSED] - out.println("Taxtype value is : " + Taxtype): null

2023-10-02 16:25:49 - [TEST_STEP][PASSED] - openBrowser(""): Browser is opened with url: ''

2023-10-02 16:25:49 - [MESSAGE][WARNING] - A browser is already opened. Closing browser and opening a new one

2023-10-02 16:25:50 - [MESSAGE][INFO] - Starting 'Chrome' driver

2023-10-02 16:25:50 - [MESSAGE][INFO] - User set preference: ['acceptInsecureCerts', 'true']

2023-10-02 16:25:50 - [MESSAGE][INFO] - Action delay is set to 0 milliseconds

2023-10-02 16:25:51 - [MESSAGE][PASSED] - Browser is opened with url: ''

2023-10-02 16:25:51 - [TEST_STEP][PASSED] - maximizeWindow(): Current window maximized

2023-10-02 16:25:52 - [MESSAGE][PASSED] - Current window maximized

2023-10-02 16:25:52 - [TEST_STEP][PASSED] - navigateToUrl(RADurl): Navigate to 'https://demo.velocitypayment.com/client/rad/index.html' successfully

2023-10-02 16:25:53 - [MESSAGE][PASSED] - Navigate to 'https://demo.velocitypayment.com/client/rad/index.html' successfully

2023-10-02 16:25:53 - [TEST_STEP][PASSED] - orPath_Landing = "Object Repository/RAD_Pages/Landing_Page": null

2023-10-02 16:25:53 - [TEST_STEP][PASSED] - orPath_TaxTypeFilingYear = "Object Repository/RAD_Pages/TaxTypeFilingYear_Page": null

2023-10-02 16:25:53 - [TEST_STEP][PASSED] - orPath_TaxPayer = "Object Repository/RAD_Pages/Taxpayer_Page": null

2023-10-02 16:25:53 - [TEST_STEP][PASSED] - orPath_AddressContact = "Object Repository/RAD_Pages/AddressAndContactInfo_Page": null

2023-10-02 16:25:53 - [TEST_STEP][PASSED] - orPath_FilingStatus = "Object Repository/RAD_Pages/FilingStatus_Page": null

2023-10-02 16:25:53 - [TEST_STEP][PASSED] - orPath_Amount = "Object Repository/RAD_Pages/PaymentAmount_Page": null

2023-10-02 16:25:53 - [TEST_STEP][PASSED] - orPath_TaxInfo = "Object Repository/RAD_Pages/TaxInfo_Page": null

2023-10-02 16:25:53 - [TEST_STEP][PASSED] - orPath_Withholding = "Object Repository/RAD_Pages/Withholding_Page": null

2023-10-02 16:25:53 - [TEST_STEP][PASSED] - orPath_Summary = "Object Repository/RAD_Pages/Summary_Page": null

2023-10-02 16:25:53 - [TEST_STEP][PASSED] - orPath_PaymentReady = "Object Repository/RAD_Pages/PaymentReady_Page": null

2023-10-02 16:25:53 - [TEST_STEP][PASSED] - orPath_PaymentEntry = "Object Repository/RAD_Pages/PaymentEntry_Page": null

2023-10-02 16:25:53 - [TEST_STEP][PASSED] - orPath_PaymentConfirmation = "Object Repository/RAD_Pages/PaymentConfirmation_Page": null

2023-10-02 16:25:53 - [TEST_STEP][PASSED] - orPath_ServiceFeesAccept = "Object Repository/RAD_Pages/ServiceFeeAccept_Page": null

2023-10-02 16:25:53 - [TEST_STEP][PASSED] - selectOptionByLabel(findTestObject(orPath_Landing + "/dd_TaxType"), Paymenttype, false): All options with label 'Extension Payments' are selected in object 'Object Repository/RAD_Pages/Landing_Page/dd_TaxType' 

2023-10-02 16:25:54 - [MESSAGE][PASSED] - All options with label 'Extension Payments' are selected in object 'Object Repository/RAD_Pages/Landing_Page/dd_TaxType' 

2023-10-02 16:25:54 - [TEST_STEP][PASSED] - delay(1): Delayed 1 second(s)

2023-10-02 16:25:55 - [MESSAGE][PASSED] - Delayed 1 second(s)

2023-10-02 16:25:55 - [TEST_STEP][PASSED] - switch (Paymenttype): null

2023-10-02 16:25:55 - [TEST_STEP][PASSED] - case "Extension Payments":: null

2023-10-02 16:25:55 - [TEST_STEP][PASSED] - selectOptionByLabel(findTestObject(orPath_TaxTypeFilingYear + "/select_PaymentType"), Taxtype, false): All options with label 'PTE Tax Electing S Corp' are selected in object 'Object Repository/RAD_Pages/TaxTypeFilingYear_Page/select_PaymentType' 

2023-10-02 16:25:56 - [MESSAGE][PASSED] - All options with label 'PTE Tax Electing S Corp' are selected in object 'Object Repository/RAD_Pages/TaxTypeFilingYear_Page/select_PaymentType' 

2023-10-02 16:25:56 - [TEST_STEP][PASSED] - break: null

2023-10-02 16:25:56 - [TEST_STEP][PASSED] - delay(1): Delayed 1 second(s)

2023-10-02 16:25:57 - [MESSAGE][PASSED] - Delayed 1 second(s)

2023-10-02 16:25:57 - [TEST_STEP][PASSED] - scrollToElement(findTestObject(orPath_Amount + "/input__paymentAmount"), 2, CONTINUE_ON_FAILURE): Scroll to object 'Object Repository/RAD_Pages/PaymentAmount_Page/input__paymentAmount' successfully

2023-10-02 16:25:57 - [MESSAGE][PASSED] - Scroll to object 'Object Repository/RAD_Pages/PaymentAmount_Page/input__paymentAmount' successfully

2023-10-02 16:25:57 - [TEST_STEP][PASSED] - switch (Paymenttype): null

2023-10-02 16:25:57 - [TEST_STEP][PASSED] - case "Extension Payments":: null

2023-10-02 16:25:57 - [TEST_STEP][PASSED] - setEncryptedText(findTestObject(orPath_TaxInfo + "/input_TaxInformation_feinSsn"), "RigbBhfdqODKcAsiUrg+1Q=="): Text ****** has been set on object 'Object Repository/RAD_Pages/TaxInfo_Page/input_TaxInformation_feinSsn'

2023-10-02 16:25:58 - [MESSAGE][PASSED] - Text ****** has been set on object 'Object Repository/RAD_Pages/TaxInfo_Page/input_TaxInformation_feinSsn'

2023-10-02 16:25:58 - [TEST_STEP][PASSED] - setEncryptedText(findTestObject(orPath_TaxInfo + "/input_TaxInformation_RefeinSsn"), "RigbBhfdqOD+04WBHw5iKw=="): Text ****** has been set on object 'Object Repository/RAD_Pages/TaxInfo_Page/input_TaxInformation_RefeinSsn'

2023-10-02 16:25:59 - [MESSAGE][PASSED] - Text ****** has been set on object 'Object Repository/RAD_Pages/TaxInfo_Page/input_TaxInformation_RefeinSsn'

2023-10-02 16:25:59 - [TEST_STEP][PASSED] - break: null

2023-10-02 16:25:59 - [TEST_STEP][PASSED] - setText(findTestObject(orPath_Amount + "/input__paymentAmount"), ""): Text '' is set on object 'Object Repository/RAD_Pages/PaymentAmount_Page/input__paymentAmount'

2023-10-02 16:26:00 - [MESSAGE][PASSED] - Text '' is set on object 'Object Repository/RAD_Pages/PaymentAmount_Page/input__paymentAmount'

2023-10-02 16:26:00 - [TEST_STEP][PASSED] - if (verifyTextPresent("The FEIN/SSN and Re-Type FEIN/SSN do not match", true)): null

2023-10-02 16:26:00 - [MESSAGE][PASSED] - Text 'The FEIN/SSN and Re-Type FEIN/SSN do not match' is present on page  using regular expression

2023-10-02 16:26:00 - [TEST_STEP][PASSED] - println("Error Message is present on the page"): null

2023-10-02 16:26:00 - [TEST_STEP][PASSED] - out.println("Pass Record Number: " + row): null

2023-10-02 16:26:00 - [TEST_STEP][PASSED] - resText = "Pass": null

2023-10-02 16:26:00 - [TEST_STEP][PASSED] - pages.WriteExcel.demoKey(resText, datText, resColumn, datCloumn, fileLoc, nameSheet, row): pages.WriteExcel.demoKey is PASSED

2023-10-02 16:26:01 - [MESSAGE][PASSED] - pages.WriteExcel.demoKey is PASSED

2023-10-02 16:26:01 - [TEST_STEP][PASSED] - ExecuteTC = findTestData(dataFile).getValue("Execute", row): null

2023-10-02 16:26:01 - [TEST_STEP][PASSED] - Taxtype = findTestData(dataFile).getValue("TaxType", row): null

2023-10-02 16:26:01 - [TEST_STEP][PASSED] - Paymenttype = findTestData(dataFile).getValue("PaymentType", row): null

2023-10-02 16:26:01 - [TEST_STEP][PASSED] - out.println("Value of Execute is : " + ExecuteTC): null

2023-10-02 16:26:01 - [TEST_STEP][PASSED] - if (ExecuteTC.equalsIgnoreCase("Y")): null

2023-10-02 16:26:01 - [TEST_STEP][PASSED] - out.println("Begin Record Number: " + row): null

2023-10-02 16:26:01 - [TEST_STEP][PASSED] - today = new java.util.Date(): null

2023-10-02 16:26:01 - [TEST_STEP][PASSED] - println(today): null

2023-10-02 16:26:01 - [TEST_STEP][PASSED] - datText = today: null

2023-10-02 16:26:01 - [TEST_STEP][PASSED] - Taxtype = findTestData(dataFile).getValue("TaxType", row): null

2023-10-02 16:26:01 - [TEST_STEP][PASSED] - out.println("Taxtype value is : " + Taxtype): null

2023-10-02 16:26:01 - [TEST_STEP][PASSED] - openBrowser(""): Browser is opened with url: ''

2023-10-02 16:26:01 - [MESSAGE][WARNING] - A browser is already opened. Closing browser and opening a new one

2023-10-02 16:26:02 - [MESSAGE][INFO] - Starting 'Chrome' driver

2023-10-02 16:26:02 - [MESSAGE][INFO] - User set preference: ['acceptInsecureCerts', 'true']

2023-10-02 16:26:02 - [MESSAGE][INFO] - Action delay is set to 0 milliseconds

2023-10-02 16:26:03 - [MESSAGE][PASSED] - Browser is opened with url: ''

2023-10-02 16:26:03 - [TEST_STEP][PASSED] - maximizeWindow(): Current window maximized

2023-10-02 16:26:03 - [MESSAGE][PASSED] - Current window maximized

2023-10-02 16:26:03 - [TEST_STEP][PASSED] - navigateToUrl(RADurl): Navigate to 'https://demo.velocitypayment.com/client/rad/index.html' successfully

2023-10-02 16:26:04 - [MESSAGE][PASSED] - Navigate to 'https://demo.velocitypayment.com/client/rad/index.html' successfully

2023-10-02 16:26:04 - [TEST_STEP][PASSED] - orPath_Landing = "Object Repository/RAD_Pages/Landing_Page": null

2023-10-02 16:26:04 - [TEST_STEP][PASSED] - orPath_TaxTypeFilingYear = "Object Repository/RAD_Pages/TaxTypeFilingYear_Page": null

2023-10-02 16:26:04 - [TEST_STEP][PASSED] - orPath_TaxPayer = "Object Repository/RAD_Pages/Taxpayer_Page": null

2023-10-02 16:26:04 - [TEST_STEP][PASSED] - orPath_AddressContact = "Object Repository/RAD_Pages/AddressAndContactInfo_Page": null

2023-10-02 16:26:04 - [TEST_STEP][PASSED] - orPath_FilingStatus = "Object Repository/RAD_Pages/FilingStatus_Page": null

2023-10-02 16:26:04 - [TEST_STEP][PASSED] - orPath_Amount = "Object Repository/RAD_Pages/PaymentAmount_Page": null

2023-10-02 16:26:04 - [TEST_STEP][PASSED] - orPath_TaxInfo = "Object Repository/RAD_Pages/TaxInfo_Page": null

2023-10-02 16:26:04 - [TEST_STEP][PASSED] - orPath_Withholding = "Object Repository/RAD_Pages/Withholding_Page": null

2023-10-02 16:26:04 - [TEST_STEP][PASSED] - orPath_Summary = "Object Repository/RAD_Pages/Summary_Page": null

2023-10-02 16:26:04 - [TEST_STEP][PASSED] - orPath_PaymentReady = "Object Repository/RAD_Pages/PaymentReady_Page": null

2023-10-02 16:26:04 - [TEST_STEP][PASSED] - orPath_PaymentEntry = "Object Repository/RAD_Pages/PaymentEntry_Page": null

2023-10-02 16:26:04 - [TEST_STEP][PASSED] - orPath_PaymentConfirmation = "Object Repository/RAD_Pages/PaymentConfirmation_Page": null

2023-10-02 16:26:04 - [TEST_STEP][PASSED] - orPath_ServiceFeesAccept = "Object Repository/RAD_Pages/ServiceFeeAccept_Page": null

2023-10-02 16:26:04 - [TEST_STEP][PASSED] - selectOptionByLabel(findTestObject(orPath_Landing + "/dd_TaxType"), Paymenttype, false): All options with label 'New Tax Return Amount Due' are selected in object 'Object Repository/RAD_Pages/Landing_Page/dd_TaxType' 

2023-10-02 16:26:05 - [MESSAGE][PASSED] - All options with label 'New Tax Return Amount Due' are selected in object 'Object Repository/RAD_Pages/Landing_Page/dd_TaxType' 

2023-10-02 16:26:05 - [TEST_STEP][PASSED] - delay(1): Delayed 1 second(s)

2023-10-02 16:26:06 - [MESSAGE][PASSED] - Delayed 1 second(s)

2023-10-02 16:26:06 - [TEST_STEP][PASSED] - switch (Paymenttype): null

2023-10-02 16:26:06 - [TEST_STEP][PASSED] - case "New Tax Return Amount Due":: null

2023-10-02 16:26:06 - [TEST_STEP][PASSED] - selectOptionByLabel(findTestObject("Object Repository/RAD_Pages/Landing_Page/select_NewTaxReturnAmountDue_TaxType"), Taxtype, false): All options with label 'PTE Non-Electing Non-S Corp' are selected in object 'Object Repository/RAD_Pages/Landing_Page/select_NewTaxReturnAmountDue_TaxType' 

2023-10-02 16:26:07 - [MESSAGE][PASSED] - All options with label 'PTE Non-Electing Non-S Corp' are selected in object 'Object Repository/RAD_Pages/Landing_Page/select_NewTaxReturnAmountDue_TaxType' 

2023-10-02 16:26:07 - [TEST_STEP][PASSED] - break: null

2023-10-02 16:26:07 - [TEST_STEP][PASSED] - delay(1): Delayed 1 second(s)

2023-10-02 16:26:08 - [MESSAGE][PASSED] - Delayed 1 second(s)

2023-10-02 16:26:08 - [TEST_STEP][PASSED] - scrollToElement(findTestObject(orPath_Amount + "/input__paymentAmount"), 2, CONTINUE_ON_FAILURE): Scroll to object 'Object Repository/RAD_Pages/PaymentAmount_Page/input__paymentAmount' successfully

2023-10-02 16:26:08 - [MESSAGE][PASSED] - Scroll to object 'Object Repository/RAD_Pages/PaymentAmount_Page/input__paymentAmount' successfully

2023-10-02 16:26:08 - [TEST_STEP][PASSED] - switch (Paymenttype): null

2023-10-02 16:26:08 - [TEST_STEP][PASSED] - case "New Tax Return Amount Due":: null

2023-10-02 16:26:08 - [TEST_STEP][PASSED] - setEncryptedText(findTestObject(orPath_TaxInfo + "/input_TaxInformation_feinSsn"), "RigbBhfdqODKcAsiUrg+1Q=="): Text ****** has been set on object 'Object Repository/RAD_Pages/TaxInfo_Page/input_TaxInformation_feinSsn'

2023-10-02 16:26:10 - [MESSAGE][PASSED] - Text ****** has been set on object 'Object Repository/RAD_Pages/TaxInfo_Page/input_TaxInformation_feinSsn'

2023-10-02 16:26:10 - [TEST_STEP][PASSED] - setEncryptedText(findTestObject(orPath_TaxInfo + "/input_TaxInformation_RefeinSsn"), "RigbBhfdqOD+04WBHw5iKw=="): Text ****** has been set on object 'Object Repository/RAD_Pages/TaxInfo_Page/input_TaxInformation_RefeinSsn'

2023-10-02 16:26:10 - [MESSAGE][PASSED] - Text ****** has been set on object 'Object Repository/RAD_Pages/TaxInfo_Page/input_TaxInformation_RefeinSsn'

2023-10-02 16:26:10 - [TEST_STEP][PASSED] - break: null

2023-10-02 16:26:10 - [TEST_STEP][PASSED] - setText(findTestObject(orPath_Amount + "/input__paymentAmount"), ""): Text '' is set on object 'Object Repository/RAD_Pages/PaymentAmount_Page/input__paymentAmount'

2023-10-02 16:26:11 - [MESSAGE][PASSED] - Text '' is set on object 'Object Repository/RAD_Pages/PaymentAmount_Page/input__paymentAmount'

2023-10-02 16:26:11 - [TEST_STEP][PASSED] - if (verifyTextPresent("The FEIN/SSN and Re-Type FEIN/SSN do not match", true)): null

2023-10-02 16:26:12 - [MESSAGE][PASSED] - Text 'The FEIN/SSN and Re-Type FEIN/SSN do not match' is present on page  using regular expression

2023-10-02 16:26:12 - [TEST_STEP][PASSED] - println("Error Message is present on the page"): null

2023-10-02 16:26:12 - [TEST_STEP][PASSED] - out.println("Pass Record Number: " + row): null

2023-10-02 16:26:12 - [TEST_STEP][PASSED] - resText = "Pass": null

2023-10-02 16:26:12 - [TEST_STEP][PASSED] - pages.WriteExcel.demoKey(resText, datText, resColumn, datCloumn, fileLoc, nameSheet, row): pages.WriteExcel.demoKey is PASSED

2023-10-02 16:26:12 - [MESSAGE][PASSED] - pages.WriteExcel.demoKey is PASSED

2023-10-02 16:26:12 - [TEST_STEP][PASSED] - ExecuteTC = findTestData(dataFile).getValue("Execute", row): null

2023-10-02 16:26:12 - [TEST_STEP][PASSED] - Taxtype = findTestData(dataFile).getValue("TaxType", row): null

2023-10-02 16:26:12 - [TEST_STEP][PASSED] - Paymenttype = findTestData(dataFile).getValue("PaymentType", row): null

2023-10-02 16:26:12 - [TEST_STEP][PASSED] - out.println("Value of Execute is : " + ExecuteTC): null

2023-10-02 16:26:12 - [TEST_STEP][PASSED] - if (ExecuteTC.equalsIgnoreCase("Y")): null

2023-10-02 16:26:12 - [TEST_STEP][PASSED] - out.println("Begin Record Number: " + row): null

2023-10-02 16:26:12 - [TEST_STEP][PASSED] - today = new java.util.Date(): null

2023-10-02 16:26:12 - [TEST_STEP][PASSED] - println(today): null

2023-10-02 16:26:12 - [TEST_STEP][PASSED] - datText = today: null

2023-10-02 16:26:12 - [TEST_STEP][PASSED] - Taxtype = findTestData(dataFile).getValue("TaxType", row): null

2023-10-02 16:26:12 - [TEST_STEP][PASSED] - out.println("Taxtype value is : " + Taxtype): null

2023-10-02 16:26:12 - [TEST_STEP][PASSED] - openBrowser(""): Browser is opened with url: ''

2023-10-02 16:26:12 - [MESSAGE][WARNING] - A browser is already opened. Closing browser and opening a new one

2023-10-02 16:26:13 - [MESSAGE][INFO] - Starting 'Chrome' driver

2023-10-02 16:26:13 - [MESSAGE][INFO] - User set preference: ['acceptInsecureCerts', 'true']

2023-10-02 16:26:13 - [MESSAGE][INFO] - Action delay is set to 0 milliseconds

2023-10-02 16:26:14 - [MESSAGE][PASSED] - Browser is opened with url: ''

2023-10-02 16:26:14 - [TEST_STEP][PASSED] - maximizeWindow(): Current window maximized

2023-10-02 16:26:14 - [MESSAGE][PASSED] - Current window maximized

2023-10-02 16:26:14 - [TEST_STEP][PASSED] - navigateToUrl(RADurl): Navigate to 'https://demo.velocitypayment.com/client/rad/index.html' successfully

2023-10-02 16:26:16 - [MESSAGE][PASSED] - Navigate to 'https://demo.velocitypayment.com/client/rad/index.html' successfully

2023-10-02 16:26:16 - [TEST_STEP][PASSED] - orPath_Landing = "Object Repository/RAD_Pages/Landing_Page": null

2023-10-02 16:26:16 - [TEST_STEP][PASSED] - orPath_TaxTypeFilingYear = "Object Repository/RAD_Pages/TaxTypeFilingYear_Page": null

2023-10-02 16:26:16 - [TEST_STEP][PASSED] - orPath_TaxPayer = "Object Repository/RAD_Pages/Taxpayer_Page": null

2023-10-02 16:26:16 - [TEST_STEP][PASSED] - orPath_AddressContact = "Object Repository/RAD_Pages/AddressAndContactInfo_Page": null

2023-10-02 16:26:16 - [TEST_STEP][PASSED] - orPath_FilingStatus = "Object Repository/RAD_Pages/FilingStatus_Page": null

2023-10-02 16:26:16 - [TEST_STEP][PASSED] - orPath_Amount = "Object Repository/RAD_Pages/PaymentAmount_Page": null

2023-10-02 16:26:16 - [TEST_STEP][PASSED] - orPath_TaxInfo = "Object Repository/RAD_Pages/TaxInfo_Page": null

2023-10-02 16:26:16 - [TEST_STEP][PASSED] - orPath_Withholding = "Object Repository/RAD_Pages/Withholding_Page": null

2023-10-02 16:26:16 - [TEST_STEP][PASSED] - orPath_Summary = "Object Repository/RAD_Pages/Summary_Page": null

2023-10-02 16:26:16 - [TEST_STEP][PASSED] - orPath_PaymentReady = "Object Repository/RAD_Pages/PaymentReady_Page": null

2023-10-02 16:26:16 - [TEST_STEP][PASSED] - orPath_PaymentEntry = "Object Repository/RAD_Pages/PaymentEntry_Page": null

2023-10-02 16:26:16 - [TEST_STEP][PASSED] - orPath_PaymentConfirmation = "Object Repository/RAD_Pages/PaymentConfirmation_Page": null

2023-10-02 16:26:16 - [TEST_STEP][PASSED] - orPath_ServiceFeesAccept = "Object Repository/RAD_Pages/ServiceFeeAccept_Page": null

2023-10-02 16:26:16 - [TEST_STEP][PASSED] - selectOptionByLabel(findTestObject(orPath_Landing + "/dd_TaxType"), Paymenttype, false): All options with label 'New Tax Return Amount Due' are selected in object 'Object Repository/RAD_Pages/Landing_Page/dd_TaxType' 

2023-10-02 16:26:17 - [MESSAGE][PASSED] - All options with label 'New Tax Return Amount Due' are selected in object 'Object Repository/RAD_Pages/Landing_Page/dd_TaxType' 

2023-10-02 16:26:17 - [TEST_STEP][PASSED] - delay(1): Delayed 1 second(s)

2023-10-02 16:26:18 - [MESSAGE][PASSED] - Delayed 1 second(s)

2023-10-02 16:26:18 - [TEST_STEP][PASSED] - switch (Paymenttype): null

2023-10-02 16:26:18 - [TEST_STEP][PASSED] - case "New Tax Return Amount Due":: null

2023-10-02 16:26:18 - [TEST_STEP][PASSED] - selectOptionByLabel(findTestObject("Object Repository/RAD_Pages/Landing_Page/select_NewTaxReturnAmountDue_TaxType"), Taxtype, false): All options with label 'PTE Non-Electing S Corp' are selected in object 'Object Repository/RAD_Pages/Landing_Page/select_NewTaxReturnAmountDue_TaxType' 

2023-10-02 16:26:18 - [MESSAGE][PASSED] - All options with label 'PTE Non-Electing S Corp' are selected in object 'Object Repository/RAD_Pages/Landing_Page/select_NewTaxReturnAmountDue_TaxType' 

2023-10-02 16:26:18 - [TEST_STEP][PASSED] - break: null

2023-10-02 16:26:18 - [TEST_STEP][PASSED] - delay(1): Delayed 1 second(s)

2023-10-02 16:26:19 - [MESSAGE][PASSED] - Delayed 1 second(s)

2023-10-02 16:26:19 - [TEST_STEP][PASSED] - scrollToElement(findTestObject(orPath_Amount + "/input__paymentAmount"), 2, CONTINUE_ON_FAILURE): Scroll to object 'Object Repository/RAD_Pages/PaymentAmount_Page/input__paymentAmount' successfully

2023-10-02 16:26:20 - [MESSAGE][PASSED] - Scroll to object 'Object Repository/RAD_Pages/PaymentAmount_Page/input__paymentAmount' successfully

2023-10-02 16:26:20 - [TEST_STEP][PASSED] - switch (Paymenttype): null

2023-10-02 16:26:20 - [TEST_STEP][PASSED] - case "New Tax Return Amount Due":: null

2023-10-02 16:26:20 - [TEST_STEP][PASSED] - setEncryptedText(findTestObject(orPath_TaxInfo + "/input_TaxInformation_feinSsn"), "RigbBhfdqODKcAsiUrg+1Q=="): Text ****** has been set on object 'Object Repository/RAD_Pages/TaxInfo_Page/input_TaxInformation_feinSsn'

2023-10-02 16:26:20 - [MESSAGE][PASSED] - Text ****** has been set on object 'Object Repository/RAD_Pages/TaxInfo_Page/input_TaxInformation_feinSsn'

2023-10-02 16:26:20 - [TEST_STEP][PASSED] - setEncryptedText(findTestObject(orPath_TaxInfo + "/input_TaxInformation_RefeinSsn"), "RigbBhfdqOD+04WBHw5iKw=="): Text ****** has been set on object 'Object Repository/RAD_Pages/TaxInfo_Page/input_TaxInformation_RefeinSsn'

2023-10-02 16:26:22 - [MESSAGE][PASSED] - Text ****** has been set on object 'Object Repository/RAD_Pages/TaxInfo_Page/input_TaxInformation_RefeinSsn'

2023-10-02 16:26:22 - [TEST_STEP][PASSED] - break: null

2023-10-02 16:26:22 - [TEST_STEP][PASSED] - setText(findTestObject(orPath_Amount + "/input__paymentAmount"), ""): Text '' is set on object 'Object Repository/RAD_Pages/PaymentAmount_Page/input__paymentAmount'

2023-10-02 16:26:22 - [MESSAGE][PASSED] - Text '' is set on object 'Object Repository/RAD_Pages/PaymentAmount_Page/input__paymentAmount'

2023-10-02 16:26:22 - [TEST_STEP][PASSED] - if (verifyTextPresent("The FEIN/SSN and Re-Type FEIN/SSN do not match", true)): null

2023-10-02 16:26:23 - [MESSAGE][PASSED] - Text 'The FEIN/SSN and Re-Type FEIN/SSN do not match' is present on page  using regular expression

2023-10-02 16:26:23 - [TEST_STEP][PASSED] - println("Error Message is present on the page"): null

2023-10-02 16:26:23 - [TEST_STEP][PASSED] - out.println("Pass Record Number: " + row): null

2023-10-02 16:26:23 - [TEST_STEP][PASSED] - resText = "Pass": null

2023-10-02 16:26:23 - [TEST_STEP][PASSED] - pages.WriteExcel.demoKey(resText, datText, resColumn, datCloumn, fileLoc, nameSheet, row): pages.WriteExcel.demoKey is PASSED

2023-10-02 16:26:23 - [MESSAGE][PASSED] - pages.WriteExcel.demoKey is PASSED

2023-10-02 16:26:23 - [TEST_STEP][PASSED] - ExecuteTC = findTestData(dataFile).getValue("Execute", row): null

2023-10-02 16:26:23 - [TEST_STEP][PASSED] - Taxtype = findTestData(dataFile).getValue("TaxType", row): null

2023-10-02 16:26:23 - [TEST_STEP][PASSED] - Paymenttype = findTestData(dataFile).getValue("PaymentType", row): null

2023-10-02 16:26:23 - [TEST_STEP][PASSED] - out.println("Value of Execute is : " + ExecuteTC): null

2023-10-02 16:26:23 - [TEST_STEP][PASSED] - if (ExecuteTC.equalsIgnoreCase("Y")): null

2023-10-02 16:26:23 - [TEST_STEP][PASSED] - out.println("Begin Record Number: " + row): null

2023-10-02 16:26:23 - [TEST_STEP][PASSED] - today = new java.util.Date(): null

2023-10-02 16:26:23 - [TEST_STEP][PASSED] - println(today): null

2023-10-02 16:26:23 - [TEST_STEP][PASSED] - datText = today: null

2023-10-02 16:26:23 - [TEST_STEP][PASSED] - Taxtype = findTestData(dataFile).getValue("TaxType", row): null

2023-10-02 16:26:23 - [TEST_STEP][PASSED] - out.println("Taxtype value is : " + Taxtype): null

2023-10-02 16:26:23 - [TEST_STEP][PASSED] - openBrowser(""): Browser is opened with url: ''

2023-10-02 16:26:23 - [MESSAGE][WARNING] - A browser is already opened. Closing browser and opening a new one

2023-10-02 16:26:24 - [MESSAGE][INFO] - Starting 'Chrome' driver

2023-10-02 16:26:24 - [MESSAGE][INFO] - User set preference: ['acceptInsecureCerts', 'true']

2023-10-02 16:26:24 - [MESSAGE][INFO] - Action delay is set to 0 milliseconds

2023-10-02 16:26:25 - [MESSAGE][PASSED] - Browser is opened with url: ''

2023-10-02 16:26:25 - [TEST_STEP][PASSED] - maximizeWindow(): Current window maximized

2023-10-02 16:26:26 - [MESSAGE][PASSED] - Current window maximized

2023-10-02 16:26:26 - [TEST_STEP][PASSED] - navigateToUrl(RADurl): Navigate to 'https://demo.velocitypayment.com/client/rad/index.html' successfully

2023-10-02 16:26:27 - [MESSAGE][PASSED] - Navigate to 'https://demo.velocitypayment.com/client/rad/index.html' successfully

2023-10-02 16:26:27 - [TEST_STEP][PASSED] - orPath_Landing = "Object Repository/RAD_Pages/Landing_Page": null

2023-10-02 16:26:27 - [TEST_STEP][PASSED] - orPath_TaxTypeFilingYear = "Object Repository/RAD_Pages/TaxTypeFilingYear_Page": null

2023-10-02 16:26:27 - [TEST_STEP][PASSED] - orPath_TaxPayer = "Object Repository/RAD_Pages/Taxpayer_Page": null

2023-10-02 16:26:27 - [TEST_STEP][PASSED] - orPath_AddressContact = "Object Repository/RAD_Pages/AddressAndContactInfo_Page": null

2023-10-02 16:26:27 - [TEST_STEP][PASSED] - orPath_FilingStatus = "Object Repository/RAD_Pages/FilingStatus_Page": null

2023-10-02 16:26:27 - [TEST_STEP][PASSED] - orPath_Amount = "Object Repository/RAD_Pages/PaymentAmount_Page": null

2023-10-02 16:26:27 - [TEST_STEP][PASSED] - orPath_TaxInfo = "Object Repository/RAD_Pages/TaxInfo_Page": null

2023-10-02 16:26:27 - [TEST_STEP][PASSED] - orPath_Withholding = "Object Repository/RAD_Pages/Withholding_Page": null

2023-10-02 16:26:27 - [TEST_STEP][PASSED] - orPath_Summary = "Object Repository/RAD_Pages/Summary_Page": null

2023-10-02 16:26:27 - [TEST_STEP][PASSED] - orPath_PaymentReady = "Object Repository/RAD_Pages/PaymentReady_Page": null

2023-10-02 16:26:27 - [TEST_STEP][PASSED] - orPath_PaymentEntry = "Object Repository/RAD_Pages/PaymentEntry_Page": null

2023-10-02 16:26:27 - [TEST_STEP][PASSED] - orPath_PaymentConfirmation = "Object Repository/RAD_Pages/PaymentConfirmation_Page": null

2023-10-02 16:26:27 - [TEST_STEP][PASSED] - orPath_ServiceFeesAccept = "Object Repository/RAD_Pages/ServiceFeeAccept_Page": null

2023-10-02 16:26:27 - [TEST_STEP][PASSED] - selectOptionByLabel(findTestObject(orPath_Landing + "/dd_TaxType"), Paymenttype, false): All options with label 'New Tax Return Amount Due' are selected in object 'Object Repository/RAD_Pages/Landing_Page/dd_TaxType' 

2023-10-02 16:26:28 - [MESSAGE][PASSED] - All options with label 'New Tax Return Amount Due' are selected in object 'Object Repository/RAD_Pages/Landing_Page/dd_TaxType' 

2023-10-02 16:26:28 - [TEST_STEP][PASSED] - delay(1): Delayed 1 second(s)

2023-10-02 16:26:29 - [MESSAGE][PASSED] - Delayed 1 second(s)

2023-10-02 16:26:29 - [TEST_STEP][PASSED] - switch (Paymenttype): null

2023-10-02 16:26:29 - [TEST_STEP][PASSED] - case "New Tax Return Amount Due":: null

2023-10-02 16:26:29 - [TEST_STEP][PASSED] - selectOptionByLabel(findTestObject("Object Repository/RAD_Pages/Landing_Page/select_NewTaxReturnAmountDue_TaxType"), Taxtype, false): All options with label 'PTE Tax Electing Non-S Corp' are selected in object 'Object Repository/RAD_Pages/Landing_Page/select_NewTaxReturnAmountDue_TaxType' 

2023-10-02 16:26:29 - [MESSAGE][PASSED] - All options with label 'PTE Tax Electing Non-S Corp' are selected in object 'Object Repository/RAD_Pages/Landing_Page/select_NewTaxReturnAmountDue_TaxType' 

2023-10-02 16:26:29 - [TEST_STEP][PASSED] - break: null

2023-10-02 16:26:29 - [TEST_STEP][PASSED] - delay(1): Delayed 1 second(s)

2023-10-02 16:26:30 - [MESSAGE][PASSED] - Delayed 1 second(s)

2023-10-02 16:26:30 - [TEST_STEP][PASSED] - scrollToElement(findTestObject(orPath_Amount + "/input__paymentAmount"), 2, CONTINUE_ON_FAILURE): Scroll to object 'Object Repository/RAD_Pages/PaymentAmount_Page/input__paymentAmount' successfully

2023-10-02 16:26:31 - [MESSAGE][PASSED] - Scroll to object 'Object Repository/RAD_Pages/PaymentAmount_Page/input__paymentAmount' successfully

2023-10-02 16:26:31 - [TEST_STEP][PASSED] - switch (Paymenttype): null

2023-10-02 16:26:31 - [TEST_STEP][PASSED] - case "New Tax Return Amount Due":: null

2023-10-02 16:26:31 - [TEST_STEP][PASSED] - setEncryptedText(findTestObject(orPath_TaxInfo + "/input_TaxInformation_feinSsn"), "RigbBhfdqODKcAsiUrg+1Q=="): Text ****** has been set on object 'Object Repository/RAD_Pages/TaxInfo_Page/input_TaxInformation_feinSsn'

2023-10-02 16:26:31 - [MESSAGE][PASSED] - Text ****** has been set on object 'Object Repository/RAD_Pages/TaxInfo_Page/input_TaxInformation_feinSsn'

2023-10-02 16:26:31 - [TEST_STEP][PASSED] - setEncryptedText(findTestObject(orPath_TaxInfo + "/input_TaxInformation_RefeinSsn"), "RigbBhfdqOD+04WBHw5iKw=="): Text ****** has been set on object 'Object Repository/RAD_Pages/TaxInfo_Page/input_TaxInformation_RefeinSsn'

2023-10-02 16:26:33 - [MESSAGE][PASSED] - Text ****** has been set on object 'Object Repository/RAD_Pages/TaxInfo_Page/input_TaxInformation_RefeinSsn'

2023-10-02 16:26:33 - [TEST_STEP][PASSED] - break: null

2023-10-02 16:26:33 - [TEST_STEP][PASSED] - setText(findTestObject(orPath_Amount + "/input__paymentAmount"), ""): Text '' is set on object 'Object Repository/RAD_Pages/PaymentAmount_Page/input__paymentAmount'

2023-10-02 16:26:33 - [MESSAGE][PASSED] - Text '' is set on object 'Object Repository/RAD_Pages/PaymentAmount_Page/input__paymentAmount'

2023-10-02 16:26:33 - [TEST_STEP][PASSED] - if (verifyTextPresent("The FEIN/SSN and Re-Type FEIN/SSN do not match", true)): null

2023-10-02 16:26:34 - [MESSAGE][PASSED] - Text 'The FEIN/SSN and Re-Type FEIN/SSN do not match' is present on page  using regular expression

2023-10-02 16:26:34 - [TEST_STEP][PASSED] - println("Error Message is present on the page"): null

2023-10-02 16:26:34 - [TEST_STEP][PASSED] - out.println("Pass Record Number: " + row): null

2023-10-02 16:26:34 - [TEST_STEP][PASSED] - resText = "Pass": null

2023-10-02 16:26:34 - [TEST_STEP][PASSED] - pages.WriteExcel.demoKey(resText, datText, resColumn, datCloumn, fileLoc, nameSheet, row): pages.WriteExcel.demoKey is PASSED

2023-10-02 16:26:34 - [MESSAGE][PASSED] - pages.WriteExcel.demoKey is PASSED

2023-10-02 16:26:34 - [TEST_STEP][PASSED] - ExecuteTC = findTestData(dataFile).getValue("Execute", row): null

2023-10-02 16:26:34 - [TEST_STEP][PASSED] - Taxtype = findTestData(dataFile).getValue("TaxType", row): null

2023-10-02 16:26:34 - [TEST_STEP][PASSED] - Paymenttype = findTestData(dataFile).getValue("PaymentType", row): null

2023-10-02 16:26:34 - [TEST_STEP][PASSED] - out.println("Value of Execute is : " + ExecuteTC): null

2023-10-02 16:26:34 - [TEST_STEP][PASSED] - if (ExecuteTC.equalsIgnoreCase("Y")): null

2023-10-02 16:26:34 - [TEST_STEP][PASSED] - out.println("Begin Record Number: " + row): null

2023-10-02 16:26:34 - [TEST_STEP][PASSED] - today = new java.util.Date(): null

2023-10-02 16:26:34 - [TEST_STEP][PASSED] - println(today): null

2023-10-02 16:26:34 - [TEST_STEP][PASSED] - datText = today: null

2023-10-02 16:26:34 - [TEST_STEP][PASSED] - Taxtype = findTestData(dataFile).getValue("TaxType", row): null

2023-10-02 16:26:34 - [TEST_STEP][PASSED] - out.println("Taxtype value is : " + Taxtype): null

2023-10-02 16:26:34 - [TEST_STEP][PASSED] - openBrowser(""): Browser is opened with url: ''

2023-10-02 16:26:34 - [MESSAGE][WARNING] - A browser is already opened. Closing browser and opening a new one

2023-10-02 16:26:35 - [MESSAGE][INFO] - Starting 'Chrome' driver

2023-10-02 16:26:35 - [MESSAGE][INFO] - User set preference: ['acceptInsecureCerts', 'true']

2023-10-02 16:26:35 - [MESSAGE][INFO] - Action delay is set to 0 milliseconds

2023-10-02 16:26:37 - [MESSAGE][PASSED] - Browser is opened with url: ''

2023-10-02 16:26:37 - [TEST_STEP][PASSED] - maximizeWindow(): Current window maximized

2023-10-02 16:26:37 - [MESSAGE][PASSED] - Current window maximized

2023-10-02 16:26:37 - [TEST_STEP][PASSED] - navigateToUrl(RADurl): Navigate to 'https://demo.velocitypayment.com/client/rad/index.html' successfully

2023-10-02 16:26:39 - [MESSAGE][PASSED] - Navigate to 'https://demo.velocitypayment.com/client/rad/index.html' successfully

2023-10-02 16:26:39 - [TEST_STEP][PASSED] - orPath_Landing = "Object Repository/RAD_Pages/Landing_Page": null

2023-10-02 16:26:39 - [TEST_STEP][PASSED] - orPath_TaxTypeFilingYear = "Object Repository/RAD_Pages/TaxTypeFilingYear_Page": null

2023-10-02 16:26:39 - [TEST_STEP][PASSED] - orPath_TaxPayer = "Object Repository/RAD_Pages/Taxpayer_Page": null

2023-10-02 16:26:39 - [TEST_STEP][PASSED] - orPath_AddressContact = "Object Repository/RAD_Pages/AddressAndContactInfo_Page": null

2023-10-02 16:26:39 - [TEST_STEP][PASSED] - orPath_FilingStatus = "Object Repository/RAD_Pages/FilingStatus_Page": null

2023-10-02 16:26:39 - [TEST_STEP][PASSED] - orPath_Amount = "Object Repository/RAD_Pages/PaymentAmount_Page": null

2023-10-02 16:26:39 - [TEST_STEP][PASSED] - orPath_TaxInfo = "Object Repository/RAD_Pages/TaxInfo_Page": null

2023-10-02 16:26:39 - [TEST_STEP][PASSED] - orPath_Withholding = "Object Repository/RAD_Pages/Withholding_Page": null

2023-10-02 16:26:39 - [TEST_STEP][PASSED] - orPath_Summary = "Object Repository/RAD_Pages/Summary_Page": null

2023-10-02 16:26:39 - [TEST_STEP][PASSED] - orPath_PaymentReady = "Object Repository/RAD_Pages/PaymentReady_Page": null

2023-10-02 16:26:39 - [TEST_STEP][PASSED] - orPath_PaymentEntry = "Object Repository/RAD_Pages/PaymentEntry_Page": null

2023-10-02 16:26:39 - [TEST_STEP][PASSED] - orPath_PaymentConfirmation = "Object Repository/RAD_Pages/PaymentConfirmation_Page": null

2023-10-02 16:26:39 - [TEST_STEP][PASSED] - orPath_ServiceFeesAccept = "Object Repository/RAD_Pages/ServiceFeeAccept_Page": null

2023-10-02 16:26:39 - [TEST_STEP][PASSED] - selectOptionByLabel(findTestObject(orPath_Landing + "/dd_TaxType"), Paymenttype, false): All options with label 'New Tax Return Amount Due' are selected in object 'Object Repository/RAD_Pages/Landing_Page/dd_TaxType' 

2023-10-02 16:26:40 - [MESSAGE][PASSED] - All options with label 'New Tax Return Amount Due' are selected in object 'Object Repository/RAD_Pages/Landing_Page/dd_TaxType' 

2023-10-02 16:26:40 - [TEST_STEP][PASSED] - delay(1): Delayed 1 second(s)

2023-10-02 16:26:41 - [MESSAGE][PASSED] - Delayed 1 second(s)

2023-10-02 16:26:41 - [TEST_STEP][PASSED] - switch (Paymenttype): null

2023-10-02 16:26:41 - [TEST_STEP][PASSED] - case "New Tax Return Amount Due":: null

2023-10-02 16:26:41 - [TEST_STEP][PASSED] - selectOptionByLabel(findTestObject("Object Repository/RAD_Pages/Landing_Page/select_NewTaxReturnAmountDue_TaxType"), Taxtype, false): All options with label 'PTE Tax Electing S Corp' are selected in object 'Object Repository/RAD_Pages/Landing_Page/select_NewTaxReturnAmountDue_TaxType' 

2023-10-02 16:26:41 - [MESSAGE][PASSED] - All options with label 'PTE Tax Electing S Corp' are selected in object 'Object Repository/RAD_Pages/Landing_Page/select_NewTaxReturnAmountDue_TaxType' 

2023-10-02 16:26:41 - [TEST_STEP][PASSED] - break: null

2023-10-02 16:26:41 - [TEST_STEP][PASSED] - delay(1): Delayed 1 second(s)

2023-10-02 16:26:42 - [MESSAGE][PASSED] - Delayed 1 second(s)

2023-10-02 16:26:42 - [TEST_STEP][PASSED] - scrollToElement(findTestObject(orPath_Amount + "/input__paymentAmount"), 2, CONTINUE_ON_FAILURE): Scroll to object 'Object Repository/RAD_Pages/PaymentAmount_Page/input__paymentAmount' successfully

2023-10-02 16:26:43 - [MESSAGE][PASSED] - Scroll to object 'Object Repository/RAD_Pages/PaymentAmount_Page/input__paymentAmount' successfully

2023-10-02 16:26:43 - [TEST_STEP][PASSED] - switch (Paymenttype): null

2023-10-02 16:26:43 - [TEST_STEP][PASSED] - case "New Tax Return Amount Due":: null

2023-10-02 16:26:43 - [TEST_STEP][PASSED] - setEncryptedText(findTestObject(orPath_TaxInfo + "/input_TaxInformation_feinSsn"), "RigbBhfdqODKcAsiUrg+1Q=="): Text ****** has been set on object 'Object Repository/RAD_Pages/TaxInfo_Page/input_TaxInformation_feinSsn'

2023-10-02 16:26:44 - [MESSAGE][PASSED] - Text ****** has been set on object 'Object Repository/RAD_Pages/TaxInfo_Page/input_TaxInformation_feinSsn'

2023-10-02 16:26:44 - [TEST_STEP][PASSED] - setEncryptedText(findTestObject(orPath_TaxInfo + "/input_TaxInformation_RefeinSsn"), "RigbBhfdqOD+04WBHw5iKw=="): Text ****** has been set on object 'Object Repository/RAD_Pages/TaxInfo_Page/input_TaxInformation_RefeinSsn'

2023-10-02 16:26:45 - [MESSAGE][PASSED] - Text ****** has been set on object 'Object Repository/RAD_Pages/TaxInfo_Page/input_TaxInformation_RefeinSsn'

2023-10-02 16:26:45 - [TEST_STEP][PASSED] - break: null

2023-10-02 16:26:45 - [TEST_STEP][PASSED] - setText(findTestObject(orPath_Amount + "/input__paymentAmount"), ""): Text '' is set on object 'Object Repository/RAD_Pages/PaymentAmount_Page/input__paymentAmount'

2023-10-02 16:26:46 - [MESSAGE][PASSED] - Text '' is set on object 'Object Repository/RAD_Pages/PaymentAmount_Page/input__paymentAmount'

2023-10-02 16:26:46 - [TEST_STEP][PASSED] - if (verifyTextPresent("The FEIN/SSN and Re-Type FEIN/SSN do not match", true)): null

2023-10-02 16:26:46 - [MESSAGE][PASSED] - Text 'The FEIN/SSN and Re-Type FEIN/SSN do not match' is present on page  using regular expression

2023-10-02 16:26:46 - [TEST_STEP][PASSED] - println("Error Message is present on the page"): null

2023-10-02 16:26:46 - [TEST_STEP][PASSED] - out.println("Pass Record Number: " + row): null

2023-10-02 16:26:46 - [TEST_STEP][PASSED] - resText = "Pass": null

2023-10-02 16:26:46 - [TEST_STEP][PASSED] - pages.WriteExcel.demoKey(resText, datText, resColumn, datCloumn, fileLoc, nameSheet, row): pages.WriteExcel.demoKey is PASSED

2023-10-02 16:26:46 - [MESSAGE][PASSED] - pages.WriteExcel.demoKey is PASSED]]></system-out>
         <system-err><![CDATA[]]></system-err>
      </testcase>
      <testcase name="Test Cases/RAD_TestCases/Negative_TestCases/FEINmoreThan9Error-NEW" time="127.483" classname="Test Cases/RAD_TestCases/Negative_TestCases/FEINmoreThan9Error-NEW" status="PASSED">
         <system-out><![CDATA[2023-10-02 16:26:46 - [TEST_CASE][PASSED] - Test Cases/RAD_TestCases/Negative_TestCases/FEINmoreThan9Error-NEW: Test Cases/RAD_TestCases/Negative_TestCases/FEINmoreThan9Error-NEW

2023-10-02 16:26:47 - [TEST_STEP][PASSED] - resText = "Fail": null

2023-10-02 16:26:47 - [TEST_STEP][PASSED] - resColumn = "Result": null

2023-10-02 16:26:47 - [TEST_STEP][PASSED] - datCloumn = "Date": null

2023-10-02 16:26:47 - [TEST_STEP][PASSED] - fileLoc = "KatalonData/RADTestData/FEINmoreThan9Error.xlsx": null

2023-10-02 16:26:47 - [TEST_STEP][PASSED] - nameSheet = "Sheet1": null

2023-10-02 16:26:47 - [TEST_STEP][PASSED] - dataFile = "RADTestData/FEINmoreThan9Error": null

2023-10-02 16:26:47 - [TEST_STEP][PASSED] - ExecuteTC = <not implemented yet for class: org.codehaus.groovy.ast.expr.EmptyExpression>: null

2023-10-02 16:26:47 - [TEST_STEP][PASSED] - Taxtype = <not implemented yet for class: org.codehaus.groovy.ast.expr.EmptyExpression>: null

2023-10-02 16:26:47 - [TEST_STEP][PASSED] - Paymenttype = <not implemented yet for class: org.codehaus.groovy.ast.expr.EmptyExpression>: null

2023-10-02 16:26:47 - [TEST_STEP][PASSED] - numOfRows = findTestData(dataFile).getRowNumbers(): null

2023-10-02 16:26:47 - [TEST_STEP][PASSED] - println("Number of Records: " + numOfRows): null

2023-10-02 16:26:47 - [TEST_STEP][PASSED] - for ([row = 1, row <= numOfRows, (row++)]): null

2023-10-02 16:26:47 - [TEST_STEP][PASSED] - ExecuteTC = findTestData(dataFile).getValue("Execute", row): null

2023-10-02 16:26:47 - [TEST_STEP][PASSED] - Taxtype = findTestData(dataFile).getValue("TaxType", row): null

2023-10-02 16:26:47 - [TEST_STEP][PASSED] - Paymenttype = findTestData(dataFile).getValue("PaymentType", row): null

2023-10-02 16:26:47 - [TEST_STEP][PASSED] - out.println("Value of Execute is : " + ExecuteTC): null

2023-10-02 16:26:47 - [TEST_STEP][PASSED] - if (ExecuteTC.equalsIgnoreCase("Y")): null

2023-10-02 16:26:47 - [TEST_STEP][PASSED] - out.println("Begin Record Number: " + row): null

2023-10-02 16:26:47 - [TEST_STEP][PASSED] - today = new java.util.Date(): null

2023-10-02 16:26:47 - [TEST_STEP][PASSED] - println(today): null

2023-10-02 16:26:47 - [TEST_STEP][PASSED] - datText = today: null

2023-10-02 16:26:47 - [TEST_STEP][PASSED] - Taxtype = findTestData(dataFile).getValue("TaxType", row): null

2023-10-02 16:26:47 - [TEST_STEP][PASSED] - out.println("Taxtype value is : " + Taxtype): null

2023-10-02 16:26:47 - [TEST_STEP][PASSED] - openBrowser(""): Browser is opened with url: ''

2023-10-02 16:26:47 - [MESSAGE][WARNING] - A browser is already opened. Closing browser and opening a new one

2023-10-02 16:26:48 - [MESSAGE][INFO] - Starting 'Chrome' driver

2023-10-02 16:26:48 - [MESSAGE][INFO] - User set preference: ['acceptInsecureCerts', 'true']

2023-10-02 16:26:48 - [MESSAGE][INFO] - Action delay is set to 0 milliseconds

2023-10-02 16:26:49 - [MESSAGE][PASSED] - Browser is opened with url: ''

2023-10-02 16:26:49 - [TEST_STEP][PASSED] - maximizeWindow(): Current window maximized

2023-10-02 16:26:49 - [MESSAGE][PASSED] - Current window maximized

2023-10-02 16:26:49 - [TEST_STEP][PASSED] - navigateToUrl(RADurl): Navigate to 'https://demo.velocitypayment.com/client/rad/index.html' successfully

2023-10-02 16:26:51 - [MESSAGE][PASSED] - Navigate to 'https://demo.velocitypayment.com/client/rad/index.html' successfully

2023-10-02 16:26:51 - [TEST_STEP][PASSED] - orPath_Landing = "Object Repository/RAD_Pages/Landing_Page": null

2023-10-02 16:26:51 - [TEST_STEP][PASSED] - orPath_TaxTypeFilingYear = "Object Repository/RAD_Pages/TaxTypeFilingYear_Page": null

2023-10-02 16:26:51 - [TEST_STEP][PASSED] - orPath_TaxPayer = "Object Repository/RAD_Pages/Taxpayer_Page": null

2023-10-02 16:26:51 - [TEST_STEP][PASSED] - orPath_AddressContact = "Object Repository/RAD_Pages/AddressAndContactInfo_Page": null

2023-10-02 16:26:51 - [TEST_STEP][PASSED] - orPath_FilingStatus = "Object Repository/RAD_Pages/FilingStatus_Page": null

2023-10-02 16:26:51 - [TEST_STEP][PASSED] - orPath_Amount = "Object Repository/RAD_Pages/PaymentAmount_Page": null

2023-10-02 16:26:51 - [TEST_STEP][PASSED] - orPath_TaxInfo = "Object Repository/RAD_Pages/TaxInfo_Page": null

2023-10-02 16:26:51 - [TEST_STEP][PASSED] - orPath_Withholding = "Object Repository/RAD_Pages/Withholding_Page": null

2023-10-02 16:26:51 - [TEST_STEP][PASSED] - orPath_Summary = "Object Repository/RAD_Pages/Summary_Page": null

2023-10-02 16:26:51 - [TEST_STEP][PASSED] - orPath_PaymentReady = "Object Repository/RAD_Pages/PaymentReady_Page": null

2023-10-02 16:26:51 - [TEST_STEP][PASSED] - orPath_PaymentEntry = "Object Repository/RAD_Pages/PaymentEntry_Page": null

2023-10-02 16:26:51 - [TEST_STEP][PASSED] - orPath_PaymentConfirmation = "Object Repository/RAD_Pages/PaymentConfirmation_Page": null

2023-10-02 16:26:51 - [TEST_STEP][PASSED] - orPath_ServiceFeesAccept = "Object Repository/RAD_Pages/ServiceFeeAccept_Page": null

2023-10-02 16:26:51 - [TEST_STEP][PASSED] - selectOptionByLabel(findTestObject(orPath_Landing + "/dd_TaxType"), Paymenttype, false): All options with label 'Existing Liability w/Notice Number' are selected in object 'Object Repository/RAD_Pages/Landing_Page/dd_TaxType' 

2023-10-02 16:26:51 - [MESSAGE][PASSED] - All options with label 'Existing Liability w/Notice Number' are selected in object 'Object Repository/RAD_Pages/Landing_Page/dd_TaxType' 

2023-10-02 16:26:51 - [TEST_STEP][PASSED] - delay(1): Delayed 1 second(s)

2023-10-02 16:26:52 - [MESSAGE][PASSED] - Delayed 1 second(s)

2023-10-02 16:26:52 - [TEST_STEP][PASSED] - switch (Paymenttype): null

2023-10-02 16:26:52 - [TEST_STEP][PASSED] - case "Existing Liability w/Notice Number":: null

2023-10-02 16:26:52 - [TEST_STEP][PASSED] - selectOptionByLabel(findTestObject(orPath_TaxTypeFilingYear + "/select_TaxType_ExistingLiability"), Taxtype, false): All options with label 'Bay Restoration Fee' are selected in object 'Object Repository/RAD_Pages/TaxTypeFilingYear_Page/select_TaxType_ExistingLiability' 

2023-10-02 16:26:53 - [MESSAGE][PASSED] - All options with label 'Bay Restoration Fee' are selected in object 'Object Repository/RAD_Pages/TaxTypeFilingYear_Page/select_TaxType_ExistingLiability' 

2023-10-02 16:26:53 - [TEST_STEP][PASSED] - break: null

2023-10-02 16:26:53 - [TEST_STEP][PASSED] - delay(1): Delayed 1 second(s)

2023-10-02 16:26:54 - [MESSAGE][PASSED] - Delayed 1 second(s)

2023-10-02 16:26:54 - [TEST_STEP][PASSED] - switch (Paymenttype): null

2023-10-02 16:26:54 - [TEST_STEP][PASSED] - case "Existing Liability w/Notice Number":: null

2023-10-02 16:26:54 - [TEST_STEP][PASSED] - setEncryptedText(findTestObject("Object Repository/RAD_RecordAndPlay/input_Existing_FEIN"), "RigbBhfdqOBDK95asqKeHw=="): Text ****** has been set on object 'Object Repository/RAD_RecordAndPlay/input_Existing_FEIN'

2023-10-02 16:26:55 - [MESSAGE][PASSED] - Text ****** has been set on object 'Object Repository/RAD_RecordAndPlay/input_Existing_FEIN'

2023-10-02 16:26:56 - [TEST_STEP][PASSED] - setEncryptedText(findTestObject("Object Repository/RAD_RecordAndPlay/input_Existing_RetypeFEIN"), ""): Text ****** has been set on object 'Object Repository/RAD_RecordAndPlay/input_Existing_RetypeFEIN'

2023-10-02 16:26:56 - [MESSAGE][PASSED] - Text ****** has been set on object 'Object Repository/RAD_RecordAndPlay/input_Existing_RetypeFEIN'

2023-10-02 16:26:56 - [TEST_STEP][PASSED] - break: null

2023-10-02 16:26:56 - [TEST_STEP][PASSED] - verifyTextPresent("Please enter a valid FEIN with 9 digits.", true): Text 'Please enter a valid FEIN with 9 digits.' is present on page  using regular expression

2023-10-02 16:26:57 - [MESSAGE][PASSED] - Text 'Please enter a valid FEIN with 9 digits.' is present on page  using regular expression

2023-10-02 16:26:57 - [TEST_STEP][PASSED] - if (verifyTextPresent("Please enter a valid FEIN with 9 digits.", true)): null

2023-10-02 16:26:57 - [MESSAGE][PASSED] - Text 'Please enter a valid FEIN with 9 digits.' is present on page  using regular expression

2023-10-02 16:26:57 - [TEST_STEP][PASSED] - println("Error Message is present on the page"): null

2023-10-02 16:26:57 - [TEST_STEP][PASSED] - out.println("Pass Record Number: " + row): null

2023-10-02 16:26:57 - [TEST_STEP][PASSED] - resText = "Pass": null

2023-10-02 16:26:57 - [TEST_STEP][PASSED] - pages.WriteExcel.demoKey(resText, datText, resColumn, datCloumn, fileLoc, nameSheet, row): pages.WriteExcel.demoKey is PASSED

2023-10-02 16:26:57 - [MESSAGE][PASSED] - pages.WriteExcel.demoKey is PASSED

2023-10-02 16:26:57 - [TEST_STEP][PASSED] - ExecuteTC = findTestData(dataFile).getValue("Execute", row): null

2023-10-02 16:26:57 - [TEST_STEP][PASSED] - Taxtype = findTestData(dataFile).getValue("TaxType", row): null

2023-10-02 16:26:57 - [TEST_STEP][PASSED] - Paymenttype = findTestData(dataFile).getValue("PaymentType", row): null

2023-10-02 16:26:57 - [TEST_STEP][PASSED] - out.println("Value of Execute is : " + ExecuteTC): null

2023-10-02 16:26:57 - [TEST_STEP][PASSED] - if (ExecuteTC.equalsIgnoreCase("Y")): null

2023-10-02 16:26:57 - [TEST_STEP][PASSED] - out.println("Begin Record Number: " + row): null

2023-10-02 16:26:57 - [TEST_STEP][PASSED] - today = new java.util.Date(): null

2023-10-02 16:26:57 - [TEST_STEP][PASSED] - println(today): null

2023-10-02 16:26:57 - [TEST_STEP][PASSED] - datText = today: null

2023-10-02 16:26:57 - [TEST_STEP][PASSED] - Taxtype = findTestData(dataFile).getValue("TaxType", row): null

2023-10-02 16:26:57 - [TEST_STEP][PASSED] - out.println("Taxtype value is : " + Taxtype): null

2023-10-02 16:26:57 - [TEST_STEP][PASSED] - openBrowser(""): Browser is opened with url: ''

2023-10-02 16:26:57 - [MESSAGE][WARNING] - A browser is already opened. Closing browser and opening a new one

2023-10-02 16:26:58 - [MESSAGE][INFO] - Starting 'Chrome' driver

2023-10-02 16:26:58 - [MESSAGE][INFO] - User set preference: ['acceptInsecureCerts', 'true']

2023-10-02 16:26:58 - [MESSAGE][INFO] - Action delay is set to 0 milliseconds

2023-10-02 16:27:00 - [MESSAGE][PASSED] - Browser is opened with url: ''

2023-10-02 16:27:00 - [TEST_STEP][PASSED] - maximizeWindow(): Current window maximized

2023-10-02 16:27:00 - [MESSAGE][PASSED] - Current window maximized

2023-10-02 16:27:00 - [TEST_STEP][PASSED] - navigateToUrl(RADurl): Navigate to 'https://demo.velocitypayment.com/client/rad/index.html' successfully

2023-10-02 16:27:01 - [MESSAGE][PASSED] - Navigate to 'https://demo.velocitypayment.com/client/rad/index.html' successfully

2023-10-02 16:27:01 - [TEST_STEP][PASSED] - orPath_Landing = "Object Repository/RAD_Pages/Landing_Page": null

2023-10-02 16:27:01 - [TEST_STEP][PASSED] - orPath_TaxTypeFilingYear = "Object Repository/RAD_Pages/TaxTypeFilingYear_Page": null

2023-10-02 16:27:01 - [TEST_STEP][PASSED] - orPath_TaxPayer = "Object Repository/RAD_Pages/Taxpayer_Page": null

2023-10-02 16:27:01 - [TEST_STEP][PASSED] - orPath_AddressContact = "Object Repository/RAD_Pages/AddressAndContactInfo_Page": null

2023-10-02 16:27:01 - [TEST_STEP][PASSED] - orPath_FilingStatus = "Object Repository/RAD_Pages/FilingStatus_Page": null

2023-10-02 16:27:01 - [TEST_STEP][PASSED] - orPath_Amount = "Object Repository/RAD_Pages/PaymentAmount_Page": null

2023-10-02 16:27:01 - [TEST_STEP][PASSED] - orPath_TaxInfo = "Object Repository/RAD_Pages/TaxInfo_Page": null

2023-10-02 16:27:01 - [TEST_STEP][PASSED] - orPath_Withholding = "Object Repository/RAD_Pages/Withholding_Page": null

2023-10-02 16:27:01 - [TEST_STEP][PASSED] - orPath_Summary = "Object Repository/RAD_Pages/Summary_Page": null

2023-10-02 16:27:01 - [TEST_STEP][PASSED] - orPath_PaymentReady = "Object Repository/RAD_Pages/PaymentReady_Page": null

2023-10-02 16:27:01 - [TEST_STEP][PASSED] - orPath_PaymentEntry = "Object Repository/RAD_Pages/PaymentEntry_Page": null

2023-10-02 16:27:01 - [TEST_STEP][PASSED] - orPath_PaymentConfirmation = "Object Repository/RAD_Pages/PaymentConfirmation_Page": null

2023-10-02 16:27:01 - [TEST_STEP][PASSED] - orPath_ServiceFeesAccept = "Object Repository/RAD_Pages/ServiceFeeAccept_Page": null

2023-10-02 16:27:01 - [TEST_STEP][PASSED] - selectOptionByLabel(findTestObject(orPath_Landing + "/dd_TaxType"), Paymenttype, false): All options with label 'Existing Liability w/Notice Number' are selected in object 'Object Repository/RAD_Pages/Landing_Page/dd_TaxType' 

2023-10-02 16:27:02 - [MESSAGE][PASSED] - All options with label 'Existing Liability w/Notice Number' are selected in object 'Object Repository/RAD_Pages/Landing_Page/dd_TaxType' 

2023-10-02 16:27:02 - [TEST_STEP][PASSED] - delay(1): Delayed 1 second(s)

2023-10-02 16:27:03 - [MESSAGE][PASSED] - Delayed 1 second(s)

2023-10-02 16:27:03 - [TEST_STEP][PASSED] - switch (Paymenttype): null

2023-10-02 16:27:03 - [TEST_STEP][PASSED] - case "Existing Liability w/Notice Number":: null

2023-10-02 16:27:03 - [TEST_STEP][PASSED] - selectOptionByLabel(findTestObject(orPath_TaxTypeFilingYear + "/select_TaxType_ExistingLiability"), Taxtype, false): All options with label 'Corporate Income Tax' are selected in object 'Object Repository/RAD_Pages/TaxTypeFilingYear_Page/select_TaxType_ExistingLiability' 

2023-10-02 16:27:04 - [MESSAGE][PASSED] - All options with label 'Corporate Income Tax' are selected in object 'Object Repository/RAD_Pages/TaxTypeFilingYear_Page/select_TaxType_ExistingLiability' 

2023-10-02 16:27:04 - [TEST_STEP][PASSED] - break: null

2023-10-02 16:27:04 - [TEST_STEP][PASSED] - delay(1): Delayed 1 second(s)

2023-10-02 16:27:05 - [MESSAGE][PASSED] - Delayed 1 second(s)

2023-10-02 16:27:05 - [TEST_STEP][PASSED] - switch (Paymenttype): null

2023-10-02 16:27:05 - [TEST_STEP][PASSED] - case "Existing Liability w/Notice Number":: null

2023-10-02 16:27:05 - [TEST_STEP][PASSED] - setEncryptedText(findTestObject("Object Repository/RAD_RecordAndPlay/input_Existing_FEIN"), "RigbBhfdqOBDK95asqKeHw=="): Text ****** has been set on object 'Object Repository/RAD_RecordAndPlay/input_Existing_FEIN'

2023-10-02 16:27:05 - [MESSAGE][PASSED] - Text ****** has been set on object 'Object Repository/RAD_RecordAndPlay/input_Existing_FEIN'

2023-10-02 16:27:06 - [TEST_STEP][PASSED] - setEncryptedText(findTestObject("Object Repository/RAD_RecordAndPlay/input_Existing_RetypeFEIN"), ""): Text ****** has been set on object 'Object Repository/RAD_RecordAndPlay/input_Existing_RetypeFEIN'

2023-10-02 16:27:07 - [MESSAGE][PASSED] - Text ****** has been set on object 'Object Repository/RAD_RecordAndPlay/input_Existing_RetypeFEIN'

2023-10-02 16:27:07 - [TEST_STEP][PASSED] - break: null

2023-10-02 16:27:07 - [TEST_STEP][PASSED] - verifyTextPresent("Please enter a valid FEIN with 9 digits.", true): Text 'Please enter a valid FEIN with 9 digits.' is present on page  using regular expression

2023-10-02 16:27:07 - [MESSAGE][PASSED] - Text 'Please enter a valid FEIN with 9 digits.' is present on page  using regular expression

2023-10-02 16:27:07 - [TEST_STEP][PASSED] - if (verifyTextPresent("Please enter a valid FEIN with 9 digits.", true)): null

2023-10-02 16:27:08 - [MESSAGE][PASSED] - Text 'Please enter a valid FEIN with 9 digits.' is present on page  using regular expression

2023-10-02 16:27:08 - [TEST_STEP][PASSED] - println("Error Message is present on the page"): null

2023-10-02 16:27:08 - [TEST_STEP][PASSED] - out.println("Pass Record Number: " + row): null

2023-10-02 16:27:08 - [TEST_STEP][PASSED] - resText = "Pass": null

2023-10-02 16:27:08 - [TEST_STEP][PASSED] - pages.WriteExcel.demoKey(resText, datText, resColumn, datCloumn, fileLoc, nameSheet, row): pages.WriteExcel.demoKey is PASSED

2023-10-02 16:27:08 - [MESSAGE][PASSED] - pages.WriteExcel.demoKey is PASSED

2023-10-02 16:27:08 - [TEST_STEP][PASSED] - ExecuteTC = findTestData(dataFile).getValue("Execute", row): null

2023-10-02 16:27:08 - [TEST_STEP][PASSED] - Taxtype = findTestData(dataFile).getValue("TaxType", row): null

2023-10-02 16:27:08 - [TEST_STEP][PASSED] - Paymenttype = findTestData(dataFile).getValue("PaymentType", row): null

2023-10-02 16:27:08 - [TEST_STEP][PASSED] - out.println("Value of Execute is : " + ExecuteTC): null

2023-10-02 16:27:08 - [TEST_STEP][PASSED] - if (ExecuteTC.equalsIgnoreCase("Y")): null

2023-10-02 16:27:08 - [TEST_STEP][PASSED] - out.println("Begin Record Number: " + row): null

2023-10-02 16:27:08 - [TEST_STEP][PASSED] - today = new java.util.Date(): null

2023-10-02 16:27:08 - [TEST_STEP][PASSED] - println(today): null

2023-10-02 16:27:08 - [TEST_STEP][PASSED] - datText = today: null

2023-10-02 16:27:08 - [TEST_STEP][PASSED] - Taxtype = findTestData(dataFile).getValue("TaxType", row): null

2023-10-02 16:27:08 - [TEST_STEP][PASSED] - out.println("Taxtype value is : " + Taxtype): null

2023-10-02 16:27:08 - [TEST_STEP][PASSED] - openBrowser(""): Browser is opened with url: ''

2023-10-02 16:27:08 - [MESSAGE][WARNING] - A browser is already opened. Closing browser and opening a new one

2023-10-02 16:27:09 - [MESSAGE][INFO] - Starting 'Chrome' driver

2023-10-02 16:27:09 - [MESSAGE][INFO] - User set preference: ['acceptInsecureCerts', 'true']

2023-10-02 16:27:09 - [MESSAGE][INFO] - Action delay is set to 0 milliseconds

2023-10-02 16:27:10 - [MESSAGE][PASSED] - Browser is opened with url: ''

2023-10-02 16:27:10 - [TEST_STEP][PASSED] - maximizeWindow(): Current window maximized

2023-10-02 16:27:10 - [MESSAGE][PASSED] - Current window maximized

2023-10-02 16:27:10 - [TEST_STEP][PASSED] - navigateToUrl(RADurl): Navigate to 'https://demo.velocitypayment.com/client/rad/index.html' successfully

2023-10-02 16:27:12 - [MESSAGE][PASSED] - Navigate to 'https://demo.velocitypayment.com/client/rad/index.html' successfully

2023-10-02 16:27:12 - [TEST_STEP][PASSED] - orPath_Landing = "Object Repository/RAD_Pages/Landing_Page": null

2023-10-02 16:27:12 - [TEST_STEP][PASSED] - orPath_TaxTypeFilingYear = "Object Repository/RAD_Pages/TaxTypeFilingYear_Page": null

2023-10-02 16:27:12 - [TEST_STEP][PASSED] - orPath_TaxPayer = "Object Repository/RAD_Pages/Taxpayer_Page": null

2023-10-02 16:27:12 - [TEST_STEP][PASSED] - orPath_AddressContact = "Object Repository/RAD_Pages/AddressAndContactInfo_Page": null

2023-10-02 16:27:12 - [TEST_STEP][PASSED] - orPath_FilingStatus = "Object Repository/RAD_Pages/FilingStatus_Page": null

2023-10-02 16:27:12 - [TEST_STEP][PASSED] - orPath_Amount = "Object Repository/RAD_Pages/PaymentAmount_Page": null

2023-10-02 16:27:12 - [TEST_STEP][PASSED] - orPath_TaxInfo = "Object Repository/RAD_Pages/TaxInfo_Page": null

2023-10-02 16:27:12 - [TEST_STEP][PASSED] - orPath_Withholding = "Object Repository/RAD_Pages/Withholding_Page": null

2023-10-02 16:27:12 - [TEST_STEP][PASSED] - orPath_Summary = "Object Repository/RAD_Pages/Summary_Page": null

2023-10-02 16:27:12 - [TEST_STEP][PASSED] - orPath_PaymentReady = "Object Repository/RAD_Pages/PaymentReady_Page": null

2023-10-02 16:27:12 - [TEST_STEP][PASSED] - orPath_PaymentEntry = "Object Repository/RAD_Pages/PaymentEntry_Page": null

2023-10-02 16:27:12 - [TEST_STEP][PASSED] - orPath_PaymentConfirmation = "Object Repository/RAD_Pages/PaymentConfirmation_Page": null

2023-10-02 16:27:12 - [TEST_STEP][PASSED] - orPath_ServiceFeesAccept = "Object Repository/RAD_Pages/ServiceFeeAccept_Page": null

2023-10-02 16:27:12 - [TEST_STEP][PASSED] - selectOptionByLabel(findTestObject(orPath_Landing + "/dd_TaxType"), Paymenttype, false): All options with label 'Existing Liability w/Notice Number' are selected in object 'Object Repository/RAD_Pages/Landing_Page/dd_TaxType' 

2023-10-02 16:27:12 - [MESSAGE][PASSED] - All options with label 'Existing Liability w/Notice Number' are selected in object 'Object Repository/RAD_Pages/Landing_Page/dd_TaxType' 

2023-10-02 16:27:12 - [TEST_STEP][PASSED] - delay(1): Delayed 1 second(s)

2023-10-02 16:27:13 - [MESSAGE][PASSED] - Delayed 1 second(s)

2023-10-02 16:27:13 - [TEST_STEP][PASSED] - switch (Paymenttype): null

2023-10-02 16:27:13 - [TEST_STEP][PASSED] - case "Existing Liability w/Notice Number":: null

2023-10-02 16:27:13 - [TEST_STEP][PASSED] - selectOptionByLabel(findTestObject(orPath_TaxTypeFilingYear + "/select_TaxType_ExistingLiability"), Taxtype, false): All options with label 'Fiduciary Tax' are selected in object 'Object Repository/RAD_Pages/TaxTypeFilingYear_Page/select_TaxType_ExistingLiability' 

2023-10-02 16:27:14 - [MESSAGE][PASSED] - All options with label 'Fiduciary Tax' are selected in object 'Object Repository/RAD_Pages/TaxTypeFilingYear_Page/select_TaxType_ExistingLiability' 

2023-10-02 16:27:14 - [TEST_STEP][PASSED] - break: null

2023-10-02 16:27:14 - [TEST_STEP][PASSED] - delay(1): Delayed 1 second(s)

2023-10-02 16:27:15 - [MESSAGE][PASSED] - Delayed 1 second(s)

2023-10-02 16:27:15 - [TEST_STEP][PASSED] - switch (Paymenttype): null

2023-10-02 16:27:15 - [TEST_STEP][PASSED] - case "Existing Liability w/Notice Number":: null

2023-10-02 16:27:15 - [TEST_STEP][PASSED] - setEncryptedText(findTestObject("Object Repository/RAD_RecordAndPlay/input_Existing_FEIN"), "RigbBhfdqOBDK95asqKeHw=="): Text ****** has been set on object 'Object Repository/RAD_RecordAndPlay/input_Existing_FEIN'

2023-10-02 16:27:16 - [MESSAGE][PASSED] - Text ****** has been set on object 'Object Repository/RAD_RecordAndPlay/input_Existing_FEIN'

2023-10-02 16:27:17 - [TEST_STEP][PASSED] - setEncryptedText(findTestObject("Object Repository/RAD_RecordAndPlay/input_Existing_RetypeFEIN"), ""): Text ****** has been set on object 'Object Repository/RAD_RecordAndPlay/input_Existing_RetypeFEIN'

2023-10-02 16:27:17 - [MESSAGE][PASSED] - Text ****** has been set on object 'Object Repository/RAD_RecordAndPlay/input_Existing_RetypeFEIN'

2023-10-02 16:27:17 - [TEST_STEP][PASSED] - break: null

2023-10-02 16:27:17 - [TEST_STEP][PASSED] - verifyTextPresent("Please enter a valid FEIN with 9 digits.", true): Text 'Please enter a valid FEIN with 9 digits.' is present on page  using regular expression

2023-10-02 16:27:18 - [MESSAGE][PASSED] - Text 'Please enter a valid FEIN with 9 digits.' is present on page  using regular expression

2023-10-02 16:27:18 - [TEST_STEP][PASSED] - if (verifyTextPresent("Please enter a valid FEIN with 9 digits.", true)): null

2023-10-02 16:27:18 - [MESSAGE][PASSED] - Text 'Please enter a valid FEIN with 9 digits.' is present on page  using regular expression

2023-10-02 16:27:18 - [TEST_STEP][PASSED] - println("Error Message is present on the page"): null

2023-10-02 16:27:18 - [TEST_STEP][PASSED] - out.println("Pass Record Number: " + row): null

2023-10-02 16:27:18 - [TEST_STEP][PASSED] - resText = "Pass": null

2023-10-02 16:27:18 - [TEST_STEP][PASSED] - pages.WriteExcel.demoKey(resText, datText, resColumn, datCloumn, fileLoc, nameSheet, row): pages.WriteExcel.demoKey is PASSED

2023-10-02 16:27:18 - [MESSAGE][PASSED] - pages.WriteExcel.demoKey is PASSED

2023-10-02 16:27:18 - [TEST_STEP][PASSED] - ExecuteTC = findTestData(dataFile).getValue("Execute", row): null

2023-10-02 16:27:18 - [TEST_STEP][PASSED] - Taxtype = findTestData(dataFile).getValue("TaxType", row): null

2023-10-02 16:27:18 - [TEST_STEP][PASSED] - Paymenttype = findTestData(dataFile).getValue("PaymentType", row): null

2023-10-02 16:27:18 - [TEST_STEP][PASSED] - out.println("Value of Execute is : " + ExecuteTC): null

2023-10-02 16:27:18 - [TEST_STEP][PASSED] - if (ExecuteTC.equalsIgnoreCase("Y")): null

2023-10-02 16:27:18 - [TEST_STEP][PASSED] - out.println("Begin Record Number: " + row): null

2023-10-02 16:27:18 - [TEST_STEP][PASSED] - today = new java.util.Date(): null

2023-10-02 16:27:18 - [TEST_STEP][PASSED] - println(today): null

2023-10-02 16:27:18 - [TEST_STEP][PASSED] - datText = today: null

2023-10-02 16:27:18 - [TEST_STEP][PASSED] - Taxtype = findTestData(dataFile).getValue("TaxType", row): null

2023-10-02 16:27:18 - [TEST_STEP][PASSED] - out.println("Taxtype value is : " + Taxtype): null

2023-10-02 16:27:18 - [TEST_STEP][PASSED] - openBrowser(""): Browser is opened with url: ''

2023-10-02 16:27:18 - [MESSAGE][WARNING] - A browser is already opened. Closing browser and opening a new one

2023-10-02 16:27:19 - [MESSAGE][INFO] - Starting 'Chrome' driver

2023-10-02 16:27:19 - [MESSAGE][INFO] - User set preference: ['acceptInsecureCerts', 'true']

2023-10-02 16:27:19 - [MESSAGE][INFO] - Action delay is set to 0 milliseconds

2023-10-02 16:27:21 - [MESSAGE][PASSED] - Browser is opened with url: ''

2023-10-02 16:27:21 - [TEST_STEP][PASSED] - maximizeWindow(): Current window maximized

2023-10-02 16:27:21 - [MESSAGE][PASSED] - Current window maximized

2023-10-02 16:27:21 - [TEST_STEP][PASSED] - navigateToUrl(RADurl): Navigate to 'https://demo.velocitypayment.com/client/rad/index.html' successfully

2023-10-02 16:27:22 - [MESSAGE][PASSED] - Navigate to 'https://demo.velocitypayment.com/client/rad/index.html' successfully

2023-10-02 16:27:22 - [TEST_STEP][PASSED] - orPath_Landing = "Object Repository/RAD_Pages/Landing_Page": null

2023-10-02 16:27:22 - [TEST_STEP][PASSED] - orPath_TaxTypeFilingYear = "Object Repository/RAD_Pages/TaxTypeFilingYear_Page": null

2023-10-02 16:27:22 - [TEST_STEP][PASSED] - orPath_TaxPayer = "Object Repository/RAD_Pages/Taxpayer_Page": null

2023-10-02 16:27:22 - [TEST_STEP][PASSED] - orPath_AddressContact = "Object Repository/RAD_Pages/AddressAndContactInfo_Page": null

2023-10-02 16:27:22 - [TEST_STEP][PASSED] - orPath_FilingStatus = "Object Repository/RAD_Pages/FilingStatus_Page": null

2023-10-02 16:27:22 - [TEST_STEP][PASSED] - orPath_Amount = "Object Repository/RAD_Pages/PaymentAmount_Page": null

2023-10-02 16:27:22 - [TEST_STEP][PASSED] - orPath_TaxInfo = "Object Repository/RAD_Pages/TaxInfo_Page": null

2023-10-02 16:27:22 - [TEST_STEP][PASSED] - orPath_Withholding = "Object Repository/RAD_Pages/Withholding_Page": null

2023-10-02 16:27:22 - [TEST_STEP][PASSED] - orPath_Summary = "Object Repository/RAD_Pages/Summary_Page": null

2023-10-02 16:27:22 - [TEST_STEP][PASSED] - orPath_PaymentReady = "Object Repository/RAD_Pages/PaymentReady_Page": null

2023-10-02 16:27:22 - [TEST_STEP][PASSED] - orPath_PaymentEntry = "Object Repository/RAD_Pages/PaymentEntry_Page": null

2023-10-02 16:27:22 - [TEST_STEP][PASSED] - orPath_PaymentConfirmation = "Object Repository/RAD_Pages/PaymentConfirmation_Page": null

2023-10-02 16:27:22 - [TEST_STEP][PASSED] - orPath_ServiceFeesAccept = "Object Repository/RAD_Pages/ServiceFeeAccept_Page": null

2023-10-02 16:27:22 - [TEST_STEP][PASSED] - selectOptionByLabel(findTestObject(orPath_Landing + "/dd_TaxType"), Paymenttype, false): All options with label 'Existing Liability w/Notice Number' are selected in object 'Object Repository/RAD_Pages/Landing_Page/dd_TaxType' 

2023-10-02 16:27:23 - [MESSAGE][PASSED] - All options with label 'Existing Liability w/Notice Number' are selected in object 'Object Repository/RAD_Pages/Landing_Page/dd_TaxType' 

2023-10-02 16:27:23 - [TEST_STEP][PASSED] - delay(1): Delayed 1 second(s)

2023-10-02 16:27:24 - [MESSAGE][PASSED] - Delayed 1 second(s)

2023-10-02 16:27:24 - [TEST_STEP][PASSED] - switch (Paymenttype): null

2023-10-02 16:27:24 - [TEST_STEP][PASSED] - case "Existing Liability w/Notice Number":: null

2023-10-02 16:27:24 - [TEST_STEP][PASSED] - selectOptionByLabel(findTestObject(orPath_TaxTypeFilingYear + "/select_TaxType_ExistingLiability"), Taxtype, false): All options with label 'Sales & Use Tax' are selected in object 'Object Repository/RAD_Pages/TaxTypeFilingYear_Page/select_TaxType_ExistingLiability' 

2023-10-02 16:27:25 - [MESSAGE][PASSED] - All options with label 'Sales & Use Tax' are selected in object 'Object Repository/RAD_Pages/TaxTypeFilingYear_Page/select_TaxType_ExistingLiability' 

2023-10-02 16:27:25 - [TEST_STEP][PASSED] - break: null

2023-10-02 16:27:25 - [TEST_STEP][PASSED] - delay(1): Delayed 1 second(s)

2023-10-02 16:27:26 - [MESSAGE][PASSED] - Delayed 1 second(s)

2023-10-02 16:27:26 - [TEST_STEP][PASSED] - switch (Paymenttype): null

2023-10-02 16:27:26 - [TEST_STEP][PASSED] - case "Existing Liability w/Notice Number":: null

2023-10-02 16:27:26 - [TEST_STEP][PASSED] - setEncryptedText(findTestObject("Object Repository/RAD_RecordAndPlay/input_Existing_FEIN"), "RigbBhfdqOBDK95asqKeHw=="): Text ****** has been set on object 'Object Repository/RAD_RecordAndPlay/input_Existing_FEIN'

2023-10-02 16:27:27 - [MESSAGE][PASSED] - Text ****** has been set on object 'Object Repository/RAD_RecordAndPlay/input_Existing_FEIN'

2023-10-02 16:27:27 - [TEST_STEP][PASSED] - setEncryptedText(findTestObject("Object Repository/RAD_RecordAndPlay/input_Existing_RetypeFEIN"), ""): Text ****** has been set on object 'Object Repository/RAD_RecordAndPlay/input_Existing_RetypeFEIN'

2023-10-02 16:27:28 - [MESSAGE][PASSED] - Text ****** has been set on object 'Object Repository/RAD_RecordAndPlay/input_Existing_RetypeFEIN'

2023-10-02 16:27:28 - [TEST_STEP][PASSED] - break: null

2023-10-02 16:27:28 - [TEST_STEP][PASSED] - verifyTextPresent("Please enter a valid FEIN with 9 digits.", true): Text 'Please enter a valid FEIN with 9 digits.' is present on page  using regular expression

2023-10-02 16:27:29 - [MESSAGE][PASSED] - Text 'Please enter a valid FEIN with 9 digits.' is present on page  using regular expression

2023-10-02 16:27:29 - [TEST_STEP][PASSED] - if (verifyTextPresent("Please enter a valid FEIN with 9 digits.", true)): null

2023-10-02 16:27:29 - [MESSAGE][PASSED] - Text 'Please enter a valid FEIN with 9 digits.' is present on page  using regular expression

2023-10-02 16:27:29 - [TEST_STEP][PASSED] - println("Error Message is present on the page"): null

2023-10-02 16:27:29 - [TEST_STEP][PASSED] - out.println("Pass Record Number: " + row): null

2023-10-02 16:27:29 - [TEST_STEP][PASSED] - resText = "Pass": null

2023-10-02 16:27:29 - [TEST_STEP][PASSED] - pages.WriteExcel.demoKey(resText, datText, resColumn, datCloumn, fileLoc, nameSheet, row): pages.WriteExcel.demoKey is PASSED

2023-10-02 16:27:29 - [MESSAGE][PASSED] - pages.WriteExcel.demoKey is PASSED

2023-10-02 16:27:29 - [TEST_STEP][PASSED] - ExecuteTC = findTestData(dataFile).getValue("Execute", row): null

2023-10-02 16:27:29 - [TEST_STEP][PASSED] - Taxtype = findTestData(dataFile).getValue("TaxType", row): null

2023-10-02 16:27:29 - [TEST_STEP][PASSED] - Paymenttype = findTestData(dataFile).getValue("PaymentType", row): null

2023-10-02 16:27:29 - [TEST_STEP][PASSED] - out.println("Value of Execute is : " + ExecuteTC): null

2023-10-02 16:27:29 - [TEST_STEP][PASSED] - if (ExecuteTC.equalsIgnoreCase("Y")): null

2023-10-02 16:27:29 - [TEST_STEP][PASSED] - out.println("Begin Record Number: " + row): null

2023-10-02 16:27:29 - [TEST_STEP][PASSED] - today = new java.util.Date(): null

2023-10-02 16:27:29 - [TEST_STEP][PASSED] - println(today): null

2023-10-02 16:27:29 - [TEST_STEP][PASSED] - datText = today: null

2023-10-02 16:27:29 - [TEST_STEP][PASSED] - Taxtype = findTestData(dataFile).getValue("TaxType", row): null

2023-10-02 16:27:29 - [TEST_STEP][PASSED] - out.println("Taxtype value is : " + Taxtype): null

2023-10-02 16:27:29 - [TEST_STEP][PASSED] - openBrowser(""): Browser is opened with url: ''

2023-10-02 16:27:29 - [MESSAGE][WARNING] - A browser is already opened. Closing browser and opening a new one

2023-10-02 16:27:30 - [MESSAGE][INFO] - Starting 'Chrome' driver

2023-10-02 16:27:30 - [MESSAGE][INFO] - User set preference: ['acceptInsecureCerts', 'true']

2023-10-02 16:27:30 - [MESSAGE][INFO] - Action delay is set to 0 milliseconds

2023-10-02 16:27:31 - [MESSAGE][PASSED] - Browser is opened with url: ''

2023-10-02 16:27:31 - [TEST_STEP][PASSED] - maximizeWindow(): Current window maximized

2023-10-02 16:27:32 - [MESSAGE][PASSED] - Current window maximized

2023-10-02 16:27:32 - [TEST_STEP][PASSED] - navigateToUrl(RADurl): Navigate to 'https://demo.velocitypayment.com/client/rad/index.html' successfully

2023-10-02 16:27:33 - [MESSAGE][PASSED] - Navigate to 'https://demo.velocitypayment.com/client/rad/index.html' successfully

2023-10-02 16:27:33 - [TEST_STEP][PASSED] - orPath_Landing = "Object Repository/RAD_Pages/Landing_Page": null

2023-10-02 16:27:33 - [TEST_STEP][PASSED] - orPath_TaxTypeFilingYear = "Object Repository/RAD_Pages/TaxTypeFilingYear_Page": null

2023-10-02 16:27:33 - [TEST_STEP][PASSED] - orPath_TaxPayer = "Object Repository/RAD_Pages/Taxpayer_Page": null

2023-10-02 16:27:33 - [TEST_STEP][PASSED] - orPath_AddressContact = "Object Repository/RAD_Pages/AddressAndContactInfo_Page": null

2023-10-02 16:27:33 - [TEST_STEP][PASSED] - orPath_FilingStatus = "Object Repository/RAD_Pages/FilingStatus_Page": null

2023-10-02 16:27:33 - [TEST_STEP][PASSED] - orPath_Amount = "Object Repository/RAD_Pages/PaymentAmount_Page": null

2023-10-02 16:27:33 - [TEST_STEP][PASSED] - orPath_TaxInfo = "Object Repository/RAD_Pages/TaxInfo_Page": null

2023-10-02 16:27:33 - [TEST_STEP][PASSED] - orPath_Withholding = "Object Repository/RAD_Pages/Withholding_Page": null

2023-10-02 16:27:33 - [TEST_STEP][PASSED] - orPath_Summary = "Object Repository/RAD_Pages/Summary_Page": null

2023-10-02 16:27:33 - [TEST_STEP][PASSED] - orPath_PaymentReady = "Object Repository/RAD_Pages/PaymentReady_Page": null

2023-10-02 16:27:33 - [TEST_STEP][PASSED] - orPath_PaymentEntry = "Object Repository/RAD_Pages/PaymentEntry_Page": null

2023-10-02 16:27:33 - [TEST_STEP][PASSED] - orPath_PaymentConfirmation = "Object Repository/RAD_Pages/PaymentConfirmation_Page": null

2023-10-02 16:27:33 - [TEST_STEP][PASSED] - orPath_ServiceFeesAccept = "Object Repository/RAD_Pages/ServiceFeeAccept_Page": null

2023-10-02 16:27:33 - [TEST_STEP][PASSED] - selectOptionByLabel(findTestObject(orPath_Landing + "/dd_TaxType"), Paymenttype, false): All options with label 'Existing Liability w/Notice Number' are selected in object 'Object Repository/RAD_Pages/Landing_Page/dd_TaxType' 

2023-10-02 16:27:34 - [MESSAGE][PASSED] - All options with label 'Existing Liability w/Notice Number' are selected in object 'Object Repository/RAD_Pages/Landing_Page/dd_TaxType' 

2023-10-02 16:27:34 - [TEST_STEP][PASSED] - delay(1): Delayed 1 second(s)

2023-10-02 16:27:35 - [MESSAGE][PASSED] - Delayed 1 second(s)

2023-10-02 16:27:35 - [TEST_STEP][PASSED] - switch (Paymenttype): null

2023-10-02 16:27:35 - [TEST_STEP][PASSED] - case "Existing Liability w/Notice Number":: null

2023-10-02 16:27:35 - [TEST_STEP][PASSED] - selectOptionByLabel(findTestObject(orPath_TaxTypeFilingYear + "/select_TaxType_ExistingLiability"), Taxtype, false): All options with label 'Tire Recycling Fee' are selected in object 'Object Repository/RAD_Pages/TaxTypeFilingYear_Page/select_TaxType_ExistingLiability' 

2023-10-02 16:27:35 - [MESSAGE][PASSED] - All options with label 'Tire Recycling Fee' are selected in object 'Object Repository/RAD_Pages/TaxTypeFilingYear_Page/select_TaxType_ExistingLiability' 

2023-10-02 16:27:35 - [TEST_STEP][PASSED] - break: null

2023-10-02 16:27:35 - [TEST_STEP][PASSED] - delay(1): Delayed 1 second(s)

2023-10-02 16:27:36 - [MESSAGE][PASSED] - Delayed 1 second(s)

2023-10-02 16:27:36 - [TEST_STEP][PASSED] - switch (Paymenttype): null

2023-10-02 16:27:36 - [TEST_STEP][PASSED] - case "Existing Liability w/Notice Number":: null

2023-10-02 16:27:36 - [TEST_STEP][PASSED] - setEncryptedText(findTestObject("Object Repository/RAD_RecordAndPlay/input_Existing_FEIN"), "RigbBhfdqOBDK95asqKeHw=="): Text ****** has been set on object 'Object Repository/RAD_RecordAndPlay/input_Existing_FEIN'

2023-10-02 16:27:37 - [MESSAGE][PASSED] - Text ****** has been set on object 'Object Repository/RAD_RecordAndPlay/input_Existing_FEIN'

2023-10-02 16:27:38 - [TEST_STEP][PASSED] - setEncryptedText(findTestObject("Object Repository/RAD_RecordAndPlay/input_Existing_RetypeFEIN"), ""): Text ****** has been set on object 'Object Repository/RAD_RecordAndPlay/input_Existing_RetypeFEIN'

2023-10-02 16:27:38 - [MESSAGE][PASSED] - Text ****** has been set on object 'Object Repository/RAD_RecordAndPlay/input_Existing_RetypeFEIN'

2023-10-02 16:27:38 - [TEST_STEP][PASSED] - break: null

2023-10-02 16:27:38 - [TEST_STEP][PASSED] - verifyTextPresent("Please enter a valid FEIN with 9 digits.", true): Text 'Please enter a valid FEIN with 9 digits.' is present on page  using regular expression

2023-10-02 16:27:39 - [MESSAGE][PASSED] - Text 'Please enter a valid FEIN with 9 digits.' is present on page  using regular expression

2023-10-02 16:27:39 - [TEST_STEP][PASSED] - if (verifyTextPresent("Please enter a valid FEIN with 9 digits.", true)): null

2023-10-02 16:27:39 - [MESSAGE][PASSED] - Text 'Please enter a valid FEIN with 9 digits.' is present on page  using regular expression

2023-10-02 16:27:39 - [TEST_STEP][PASSED] - println("Error Message is present on the page"): null

2023-10-02 16:27:39 - [TEST_STEP][PASSED] - out.println("Pass Record Number: " + row): null

2023-10-02 16:27:39 - [TEST_STEP][PASSED] - resText = "Pass": null

2023-10-02 16:27:39 - [TEST_STEP][PASSED] - pages.WriteExcel.demoKey(resText, datText, resColumn, datCloumn, fileLoc, nameSheet, row): pages.WriteExcel.demoKey is PASSED

2023-10-02 16:27:39 - [MESSAGE][PASSED] - pages.WriteExcel.demoKey is PASSED

2023-10-02 16:27:39 - [TEST_STEP][PASSED] - ExecuteTC = findTestData(dataFile).getValue("Execute", row): null

2023-10-02 16:27:40 - [TEST_STEP][PASSED] - Taxtype = findTestData(dataFile).getValue("TaxType", row): null

2023-10-02 16:27:40 - [TEST_STEP][PASSED] - Paymenttype = findTestData(dataFile).getValue("PaymentType", row): null

2023-10-02 16:27:40 - [TEST_STEP][PASSED] - out.println("Value of Execute is : " + ExecuteTC): null

2023-10-02 16:27:40 - [TEST_STEP][PASSED] - if (ExecuteTC.equalsIgnoreCase("Y")): null

2023-10-02 16:27:40 - [TEST_STEP][PASSED] - out.println("Begin Record Number: " + row): null

2023-10-02 16:27:40 - [TEST_STEP][PASSED] - today = new java.util.Date(): null

2023-10-02 16:27:40 - [TEST_STEP][PASSED] - println(today): null

2023-10-02 16:27:40 - [TEST_STEP][PASSED] - datText = today: null

2023-10-02 16:27:40 - [TEST_STEP][PASSED] - Taxtype = findTestData(dataFile).getValue("TaxType", row): null

2023-10-02 16:27:40 - [TEST_STEP][PASSED] - out.println("Taxtype value is : " + Taxtype): null

2023-10-02 16:27:40 - [TEST_STEP][PASSED] - openBrowser(""): Browser is opened with url: ''

2023-10-02 16:27:40 - [MESSAGE][WARNING] - A browser is already opened. Closing browser and opening a new one

2023-10-02 16:27:40 - [MESSAGE][INFO] - Starting 'Chrome' driver

2023-10-02 16:27:40 - [MESSAGE][INFO] - User set preference: ['acceptInsecureCerts', 'true']

2023-10-02 16:27:40 - [MESSAGE][INFO] - Action delay is set to 0 milliseconds

2023-10-02 16:27:42 - [MESSAGE][PASSED] - Browser is opened with url: ''

2023-10-02 16:27:42 - [TEST_STEP][PASSED] - maximizeWindow(): Current window maximized

2023-10-02 16:27:42 - [MESSAGE][PASSED] - Current window maximized

2023-10-02 16:27:42 - [TEST_STEP][PASSED] - navigateToUrl(RADurl): Navigate to 'https://demo.velocitypayment.com/client/rad/index.html' successfully

2023-10-02 16:27:43 - [MESSAGE][PASSED] - Navigate to 'https://demo.velocitypayment.com/client/rad/index.html' successfully

2023-10-02 16:27:43 - [TEST_STEP][PASSED] - orPath_Landing = "Object Repository/RAD_Pages/Landing_Page": null

2023-10-02 16:27:43 - [TEST_STEP][PASSED] - orPath_TaxTypeFilingYear = "Object Repository/RAD_Pages/TaxTypeFilingYear_Page": null

2023-10-02 16:27:43 - [TEST_STEP][PASSED] - orPath_TaxPayer = "Object Repository/RAD_Pages/Taxpayer_Page": null

2023-10-02 16:27:43 - [TEST_STEP][PASSED] - orPath_AddressContact = "Object Repository/RAD_Pages/AddressAndContactInfo_Page": null

2023-10-02 16:27:43 - [TEST_STEP][PASSED] - orPath_FilingStatus = "Object Repository/RAD_Pages/FilingStatus_Page": null

2023-10-02 16:27:43 - [TEST_STEP][PASSED] - orPath_Amount = "Object Repository/RAD_Pages/PaymentAmount_Page": null

2023-10-02 16:27:43 - [TEST_STEP][PASSED] - orPath_TaxInfo = "Object Repository/RAD_Pages/TaxInfo_Page": null

2023-10-02 16:27:43 - [TEST_STEP][PASSED] - orPath_Withholding = "Object Repository/RAD_Pages/Withholding_Page": null

2023-10-02 16:27:43 - [TEST_STEP][PASSED] - orPath_Summary = "Object Repository/RAD_Pages/Summary_Page": null

2023-10-02 16:27:43 - [TEST_STEP][PASSED] - orPath_PaymentReady = "Object Repository/RAD_Pages/PaymentReady_Page": null

2023-10-02 16:27:43 - [TEST_STEP][PASSED] - orPath_PaymentEntry = "Object Repository/RAD_Pages/PaymentEntry_Page": null

2023-10-02 16:27:43 - [TEST_STEP][PASSED] - orPath_PaymentConfirmation = "Object Repository/RAD_Pages/PaymentConfirmation_Page": null

2023-10-02 16:27:43 - [TEST_STEP][PASSED] - orPath_ServiceFeesAccept = "Object Repository/RAD_Pages/ServiceFeeAccept_Page": null

2023-10-02 16:27:43 - [TEST_STEP][PASSED] - selectOptionByLabel(findTestObject(orPath_Landing + "/dd_TaxType"), Paymenttype, false): All options with label 'Existing Liability w/Notice Number' are selected in object 'Object Repository/RAD_Pages/Landing_Page/dd_TaxType' 

2023-10-02 16:27:44 - [MESSAGE][PASSED] - All options with label 'Existing Liability w/Notice Number' are selected in object 'Object Repository/RAD_Pages/Landing_Page/dd_TaxType' 

2023-10-02 16:27:44 - [TEST_STEP][PASSED] - delay(1): Delayed 1 second(s)

2023-10-02 16:27:45 - [MESSAGE][PASSED] - Delayed 1 second(s)

2023-10-02 16:27:45 - [TEST_STEP][PASSED] - switch (Paymenttype): null

2023-10-02 16:27:45 - [TEST_STEP][PASSED] - case "Existing Liability w/Notice Number":: null

2023-10-02 16:27:45 - [TEST_STEP][PASSED] - selectOptionByLabel(findTestObject(orPath_TaxTypeFilingYear + "/select_TaxType_ExistingLiability"), Taxtype, false): All options with label 'Withholding Tax' are selected in object 'Object Repository/RAD_Pages/TaxTypeFilingYear_Page/select_TaxType_ExistingLiability' 

2023-10-02 16:27:46 - [MESSAGE][PASSED] - All options with label 'Withholding Tax' are selected in object 'Object Repository/RAD_Pages/TaxTypeFilingYear_Page/select_TaxType_ExistingLiability' 

2023-10-02 16:27:46 - [TEST_STEP][PASSED] - break: null

2023-10-02 16:27:46 - [TEST_STEP][PASSED] - delay(1): Delayed 1 second(s)

2023-10-02 16:27:47 - [MESSAGE][PASSED] - Delayed 1 second(s)

2023-10-02 16:27:47 - [TEST_STEP][PASSED] - switch (Paymenttype): null

2023-10-02 16:27:47 - [TEST_STEP][PASSED] - case "Existing Liability w/Notice Number":: null

2023-10-02 16:27:47 - [TEST_STEP][PASSED] - setEncryptedText(findTestObject("Object Repository/RAD_RecordAndPlay/input_Existing_FEIN"), "RigbBhfdqOBDK95asqKeHw=="): Text ****** has been set on object 'Object Repository/RAD_RecordAndPlay/input_Existing_FEIN'

2023-10-02 16:27:47 - [MESSAGE][PASSED] - Text ****** has been set on object 'Object Repository/RAD_RecordAndPlay/input_Existing_FEIN'

2023-10-02 16:27:48 - [TEST_STEP][PASSED] - setEncryptedText(findTestObject("Object Repository/RAD_RecordAndPlay/input_Existing_RetypeFEIN"), ""): Text ****** has been set on object 'Object Repository/RAD_RecordAndPlay/input_Existing_RetypeFEIN'

2023-10-02 16:27:49 - [MESSAGE][PASSED] - Text ****** has been set on object 'Object Repository/RAD_RecordAndPlay/input_Existing_RetypeFEIN'

2023-10-02 16:27:49 - [TEST_STEP][PASSED] - break: null

2023-10-02 16:27:49 - [TEST_STEP][PASSED] - verifyTextPresent("Please enter a valid FEIN with 9 digits.", true): Text 'Please enter a valid FEIN with 9 digits.' is present on page  using regular expression

2023-10-02 16:27:50 - [MESSAGE][PASSED] - Text 'Please enter a valid FEIN with 9 digits.' is present on page  using regular expression

2023-10-02 16:27:50 - [TEST_STEP][PASSED] - if (verifyTextPresent("Please enter a valid FEIN with 9 digits.", true)): null

2023-10-02 16:27:50 - [MESSAGE][PASSED] - Text 'Please enter a valid FEIN with 9 digits.' is present on page  using regular expression

2023-10-02 16:27:50 - [TEST_STEP][PASSED] - println("Error Message is present on the page"): null

2023-10-02 16:27:50 - [TEST_STEP][PASSED] - out.println("Pass Record Number: " + row): null

2023-10-02 16:27:50 - [TEST_STEP][PASSED] - resText = "Pass": null

2023-10-02 16:27:50 - [TEST_STEP][PASSED] - pages.WriteExcel.demoKey(resText, datText, resColumn, datCloumn, fileLoc, nameSheet, row): pages.WriteExcel.demoKey is PASSED

2023-10-02 16:27:50 - [MESSAGE][PASSED] - pages.WriteExcel.demoKey is PASSED

2023-10-02 16:27:50 - [TEST_STEP][PASSED] - ExecuteTC = findTestData(dataFile).getValue("Execute", row): null

2023-10-02 16:27:50 - [TEST_STEP][PASSED] - Taxtype = findTestData(dataFile).getValue("TaxType", row): null

2023-10-02 16:27:50 - [TEST_STEP][PASSED] - Paymenttype = findTestData(dataFile).getValue("PaymentType", row): null

2023-10-02 16:27:50 - [TEST_STEP][PASSED] - out.println("Value of Execute is : " + ExecuteTC): null

2023-10-02 16:27:50 - [TEST_STEP][PASSED] - if (ExecuteTC.equalsIgnoreCase("Y")): null

2023-10-02 16:27:50 - [TEST_STEP][PASSED] - out.println("Begin Record Number: " + row): null

2023-10-02 16:27:50 - [TEST_STEP][PASSED] - today = new java.util.Date(): null

2023-10-02 16:27:50 - [TEST_STEP][PASSED] - println(today): null

2023-10-02 16:27:50 - [TEST_STEP][PASSED] - datText = today: null

2023-10-02 16:27:50 - [TEST_STEP][PASSED] - Taxtype = findTestData(dataFile).getValue("TaxType", row): null

2023-10-02 16:27:50 - [TEST_STEP][PASSED] - out.println("Taxtype value is : " + Taxtype): null

2023-10-02 16:27:50 - [TEST_STEP][PASSED] - openBrowser(""): Browser is opened with url: ''

2023-10-02 16:27:50 - [MESSAGE][WARNING] - A browser is already opened. Closing browser and opening a new one

2023-10-02 16:27:51 - [MESSAGE][INFO] - Starting 'Chrome' driver

2023-10-02 16:27:51 - [MESSAGE][INFO] - User set preference: ['acceptInsecureCerts', 'true']

2023-10-02 16:27:51 - [MESSAGE][INFO] - Action delay is set to 0 milliseconds

2023-10-02 16:27:52 - [MESSAGE][PASSED] - Browser is opened with url: ''

2023-10-02 16:27:52 - [TEST_STEP][PASSED] - maximizeWindow(): Current window maximized

2023-10-02 16:27:53 - [MESSAGE][PASSED] - Current window maximized

2023-10-02 16:27:53 - [TEST_STEP][PASSED] - navigateToUrl(RADurl): Navigate to 'https://demo.velocitypayment.com/client/rad/index.html' successfully

2023-10-02 16:27:54 - [MESSAGE][PASSED] - Navigate to 'https://demo.velocitypayment.com/client/rad/index.html' successfully

2023-10-02 16:27:54 - [TEST_STEP][PASSED] - orPath_Landing = "Object Repository/RAD_Pages/Landing_Page": null

2023-10-02 16:27:54 - [TEST_STEP][PASSED] - orPath_TaxTypeFilingYear = "Object Repository/RAD_Pages/TaxTypeFilingYear_Page": null

2023-10-02 16:27:54 - [TEST_STEP][PASSED] - orPath_TaxPayer = "Object Repository/RAD_Pages/Taxpayer_Page": null

2023-10-02 16:27:54 - [TEST_STEP][PASSED] - orPath_AddressContact = "Object Repository/RAD_Pages/AddressAndContactInfo_Page": null

2023-10-02 16:27:54 - [TEST_STEP][PASSED] - orPath_FilingStatus = "Object Repository/RAD_Pages/FilingStatus_Page": null

2023-10-02 16:27:54 - [TEST_STEP][PASSED] - orPath_Amount = "Object Repository/RAD_Pages/PaymentAmount_Page": null

2023-10-02 16:27:54 - [TEST_STEP][PASSED] - orPath_TaxInfo = "Object Repository/RAD_Pages/TaxInfo_Page": null

2023-10-02 16:27:54 - [TEST_STEP][PASSED] - orPath_Withholding = "Object Repository/RAD_Pages/Withholding_Page": null

2023-10-02 16:27:54 - [TEST_STEP][PASSED] - orPath_Summary = "Object Repository/RAD_Pages/Summary_Page": null

2023-10-02 16:27:54 - [TEST_STEP][PASSED] - orPath_PaymentReady = "Object Repository/RAD_Pages/PaymentReady_Page": null

2023-10-02 16:27:54 - [TEST_STEP][PASSED] - orPath_PaymentEntry = "Object Repository/RAD_Pages/PaymentEntry_Page": null

2023-10-02 16:27:54 - [TEST_STEP][PASSED] - orPath_PaymentConfirmation = "Object Repository/RAD_Pages/PaymentConfirmation_Page": null

2023-10-02 16:27:54 - [TEST_STEP][PASSED] - orPath_ServiceFeesAccept = "Object Repository/RAD_Pages/ServiceFeeAccept_Page": null

2023-10-02 16:27:54 - [TEST_STEP][PASSED] - selectOptionByLabel(findTestObject(orPath_Landing + "/dd_TaxType"), Paymenttype, false): All options with label 'Existing Liability w/Notice Number' are selected in object 'Object Repository/RAD_Pages/Landing_Page/dd_TaxType' 

2023-10-02 16:27:55 - [MESSAGE][PASSED] - All options with label 'Existing Liability w/Notice Number' are selected in object 'Object Repository/RAD_Pages/Landing_Page/dd_TaxType' 

2023-10-02 16:27:55 - [TEST_STEP][PASSED] - delay(1): Delayed 1 second(s)

2023-10-02 16:27:56 - [MESSAGE][PASSED] - Delayed 1 second(s)

2023-10-02 16:27:56 - [TEST_STEP][PASSED] - switch (Paymenttype): null

2023-10-02 16:27:56 - [TEST_STEP][PASSED] - case "Existing Liability w/Notice Number":: null

2023-10-02 16:27:56 - [TEST_STEP][PASSED] - selectOptionByLabel(findTestObject(orPath_TaxTypeFilingYear + "/select_TaxType_ExistingLiability"), Taxtype, false): All options with label 'Alcohol Tax' are selected in object 'Object Repository/RAD_Pages/TaxTypeFilingYear_Page/select_TaxType_ExistingLiability' 

2023-10-02 16:27:56 - [MESSAGE][PASSED] - All options with label 'Alcohol Tax' are selected in object 'Object Repository/RAD_Pages/TaxTypeFilingYear_Page/select_TaxType_ExistingLiability' 

2023-10-02 16:27:56 - [TEST_STEP][PASSED] - break: null

2023-10-02 16:27:56 - [TEST_STEP][PASSED] - delay(1): Delayed 1 second(s)

2023-10-02 16:27:57 - [MESSAGE][PASSED] - Delayed 1 second(s)

2023-10-02 16:27:57 - [TEST_STEP][PASSED] - switch (Paymenttype): null

2023-10-02 16:27:57 - [TEST_STEP][PASSED] - case "Existing Liability w/Notice Number":: null

2023-10-02 16:27:57 - [TEST_STEP][PASSED] - setEncryptedText(findTestObject("Object Repository/RAD_RecordAndPlay/input_Existing_FEIN"), "RigbBhfdqOBDK95asqKeHw=="): Text ****** has been set on object 'Object Repository/RAD_RecordAndPlay/input_Existing_FEIN'

2023-10-02 16:27:58 - [MESSAGE][PASSED] - Text ****** has been set on object 'Object Repository/RAD_RecordAndPlay/input_Existing_FEIN'

2023-10-02 16:27:59 - [TEST_STEP][PASSED] - setEncryptedText(findTestObject("Object Repository/RAD_RecordAndPlay/input_Existing_RetypeFEIN"), ""): Text ****** has been set on object 'Object Repository/RAD_RecordAndPlay/input_Existing_RetypeFEIN'

2023-10-02 16:27:59 - [MESSAGE][PASSED] - Text ****** has been set on object 'Object Repository/RAD_RecordAndPlay/input_Existing_RetypeFEIN'

2023-10-02 16:27:59 - [TEST_STEP][PASSED] - break: null

2023-10-02 16:27:59 - [TEST_STEP][PASSED] - verifyTextPresent("Please enter a valid FEIN with 9 digits.", true): Text 'Please enter a valid FEIN with 9 digits.' is present on page  using regular expression

2023-10-02 16:28:00 - [MESSAGE][PASSED] - Text 'Please enter a valid FEIN with 9 digits.' is present on page  using regular expression

2023-10-02 16:28:00 - [TEST_STEP][PASSED] - if (verifyTextPresent("Please enter a valid FEIN with 9 digits.", true)): null

2023-10-02 16:28:00 - [MESSAGE][PASSED] - Text 'Please enter a valid FEIN with 9 digits.' is present on page  using regular expression

2023-10-02 16:28:00 - [TEST_STEP][PASSED] - println("Error Message is present on the page"): null

2023-10-02 16:28:00 - [TEST_STEP][PASSED] - out.println("Pass Record Number: " + row): null

2023-10-02 16:28:00 - [TEST_STEP][PASSED] - resText = "Pass": null

2023-10-02 16:28:00 - [TEST_STEP][PASSED] - pages.WriteExcel.demoKey(resText, datText, resColumn, datCloumn, fileLoc, nameSheet, row): pages.WriteExcel.demoKey is PASSED

2023-10-02 16:28:01 - [MESSAGE][PASSED] - pages.WriteExcel.demoKey is PASSED

2023-10-02 16:28:01 - [TEST_STEP][PASSED] - ExecuteTC = findTestData(dataFile).getValue("Execute", row): null

2023-10-02 16:28:01 - [TEST_STEP][PASSED] - Taxtype = findTestData(dataFile).getValue("TaxType", row): null

2023-10-02 16:28:01 - [TEST_STEP][PASSED] - Paymenttype = findTestData(dataFile).getValue("PaymentType", row): null

2023-10-02 16:28:01 - [TEST_STEP][PASSED] - out.println("Value of Execute is : " + ExecuteTC): null

2023-10-02 16:28:01 - [TEST_STEP][PASSED] - if (ExecuteTC.equalsIgnoreCase("Y")): null

2023-10-02 16:28:01 - [TEST_STEP][PASSED] - out.println("Begin Record Number: " + row): null

2023-10-02 16:28:01 - [TEST_STEP][PASSED] - today = new java.util.Date(): null

2023-10-02 16:28:01 - [TEST_STEP][PASSED] - println(today): null

2023-10-02 16:28:01 - [TEST_STEP][PASSED] - datText = today: null

2023-10-02 16:28:01 - [TEST_STEP][PASSED] - Taxtype = findTestData(dataFile).getValue("TaxType", row): null

2023-10-02 16:28:01 - [TEST_STEP][PASSED] - out.println("Taxtype value is : " + Taxtype): null

2023-10-02 16:28:01 - [TEST_STEP][PASSED] - openBrowser(""): Browser is opened with url: ''

2023-10-02 16:28:01 - [MESSAGE][WARNING] - A browser is already opened. Closing browser and opening a new one

2023-10-02 16:28:02 - [MESSAGE][INFO] - Starting 'Chrome' driver

2023-10-02 16:28:02 - [MESSAGE][INFO] - User set preference: ['acceptInsecureCerts', 'true']

2023-10-02 16:28:02 - [MESSAGE][INFO] - Action delay is set to 0 milliseconds

2023-10-02 16:28:03 - [MESSAGE][PASSED] - Browser is opened with url: ''

2023-10-02 16:28:03 - [TEST_STEP][PASSED] - maximizeWindow(): Current window maximized

2023-10-02 16:28:03 - [MESSAGE][PASSED] - Current window maximized

2023-10-02 16:28:03 - [TEST_STEP][PASSED] - navigateToUrl(RADurl): Navigate to 'https://demo.velocitypayment.com/client/rad/index.html' successfully

2023-10-02 16:28:05 - [MESSAGE][PASSED] - Navigate to 'https://demo.velocitypayment.com/client/rad/index.html' successfully

2023-10-02 16:28:05 - [TEST_STEP][PASSED] - orPath_Landing = "Object Repository/RAD_Pages/Landing_Page": null

2023-10-02 16:28:05 - [TEST_STEP][PASSED] - orPath_TaxTypeFilingYear = "Object Repository/RAD_Pages/TaxTypeFilingYear_Page": null

2023-10-02 16:28:05 - [TEST_STEP][PASSED] - orPath_TaxPayer = "Object Repository/RAD_Pages/Taxpayer_Page": null

2023-10-02 16:28:05 - [TEST_STEP][PASSED] - orPath_AddressContact = "Object Repository/RAD_Pages/AddressAndContactInfo_Page": null

2023-10-02 16:28:05 - [TEST_STEP][PASSED] - orPath_FilingStatus = "Object Repository/RAD_Pages/FilingStatus_Page": null

2023-10-02 16:28:05 - [TEST_STEP][PASSED] - orPath_Amount = "Object Repository/RAD_Pages/PaymentAmount_Page": null

2023-10-02 16:28:05 - [TEST_STEP][PASSED] - orPath_TaxInfo = "Object Repository/RAD_Pages/TaxInfo_Page": null

2023-10-02 16:28:05 - [TEST_STEP][PASSED] - orPath_Withholding = "Object Repository/RAD_Pages/Withholding_Page": null

2023-10-02 16:28:05 - [TEST_STEP][PASSED] - orPath_Summary = "Object Repository/RAD_Pages/Summary_Page": null

2023-10-02 16:28:05 - [TEST_STEP][PASSED] - orPath_PaymentReady = "Object Repository/RAD_Pages/PaymentReady_Page": null

2023-10-02 16:28:05 - [TEST_STEP][PASSED] - orPath_PaymentEntry = "Object Repository/RAD_Pages/PaymentEntry_Page": null

2023-10-02 16:28:05 - [TEST_STEP][PASSED] - orPath_PaymentConfirmation = "Object Repository/RAD_Pages/PaymentConfirmation_Page": null

2023-10-02 16:28:05 - [TEST_STEP][PASSED] - orPath_ServiceFeesAccept = "Object Repository/RAD_Pages/ServiceFeeAccept_Page": null

2023-10-02 16:28:05 - [TEST_STEP][PASSED] - selectOptionByLabel(findTestObject(orPath_Landing + "/dd_TaxType"), Paymenttype, false): All options with label 'Quarterly Estimated Tax' are selected in object 'Object Repository/RAD_Pages/Landing_Page/dd_TaxType' 

2023-10-02 16:28:05 - [MESSAGE][PASSED] - All options with label 'Quarterly Estimated Tax' are selected in object 'Object Repository/RAD_Pages/Landing_Page/dd_TaxType' 

2023-10-02 16:28:05 - [TEST_STEP][PASSED] - delay(1): Delayed 1 second(s)

2023-10-02 16:28:06 - [MESSAGE][PASSED] - Delayed 1 second(s)

2023-10-02 16:28:06 - [TEST_STEP][PASSED] - switch (Paymenttype): null

2023-10-02 16:28:06 - [TEST_STEP][PASSED] - case "Quarterly Estimated Tax":: null

2023-10-02 16:28:06 - [TEST_STEP][PASSED] - selectOptionByLabel(findTestObject(orPath_TaxTypeFilingYear + "/select_PaymentType"), Taxtype, false): All options with label 'Corporate Income Tax' are selected in object 'Object Repository/RAD_Pages/TaxTypeFilingYear_Page/select_PaymentType' 

2023-10-02 16:28:07 - [MESSAGE][PASSED] - All options with label 'Corporate Income Tax' are selected in object 'Object Repository/RAD_Pages/TaxTypeFilingYear_Page/select_PaymentType' 

2023-10-02 16:28:07 - [TEST_STEP][PASSED] - break: null

2023-10-02 16:28:07 - [TEST_STEP][PASSED] - delay(1): Delayed 1 second(s)

2023-10-02 16:28:08 - [MESSAGE][PASSED] - Delayed 1 second(s)

2023-10-02 16:28:08 - [TEST_STEP][PASSED] - switch (Paymenttype): null

2023-10-02 16:28:08 - [TEST_STEP][PASSED] - case "Quarterly Estimated Tax":: null

2023-10-02 16:28:08 - [TEST_STEP][PASSED] - setEncryptedText(findTestObject(orPath_TaxInfo + "/input_FederalEIN"), "RigbBhfdqOBDK95asqKeHw=="): Text ****** has been set on object 'Object Repository/RAD_Pages/TaxInfo_Page/input_FederalEIN'

2023-10-02 16:28:09 - [MESSAGE][PASSED] - Text ****** has been set on object 'Object Repository/RAD_Pages/TaxInfo_Page/input_FederalEIN'

2023-10-02 16:28:10 - [TEST_STEP][PASSED] - setEncryptedText(findTestObject(orPath_TaxInfo + "/input_FederalEIN_ReEnter"), ""): Text ****** has been set on object 'Object Repository/RAD_Pages/TaxInfo_Page/input_FederalEIN_ReEnter'

2023-10-02 16:28:10 - [MESSAGE][PASSED] - Text ****** has been set on object 'Object Repository/RAD_Pages/TaxInfo_Page/input_FederalEIN_ReEnter'

2023-10-02 16:28:10 - [TEST_STEP][PASSED] - break: null

2023-10-02 16:28:10 - [TEST_STEP][PASSED] - verifyTextPresent("Please enter a valid FEIN with 9 digits.", true): Text 'Please enter a valid FEIN with 9 digits.' is present on page  using regular expression

2023-10-02 16:28:11 - [MESSAGE][PASSED] - Text 'Please enter a valid FEIN with 9 digits.' is present on page  using regular expression

2023-10-02 16:28:11 - [TEST_STEP][PASSED] - if (verifyTextPresent("Please enter a valid FEIN with 9 digits.", true)): null

2023-10-02 16:28:11 - [MESSAGE][PASSED] - Text 'Please enter a valid FEIN with 9 digits.' is present on page  using regular expression

2023-10-02 16:28:11 - [TEST_STEP][PASSED] - println("Error Message is present on the page"): null

2023-10-02 16:28:11 - [TEST_STEP][PASSED] - out.println("Pass Record Number: " + row): null

2023-10-02 16:28:11 - [TEST_STEP][PASSED] - resText = "Pass": null

2023-10-02 16:28:11 - [TEST_STEP][PASSED] - pages.WriteExcel.demoKey(resText, datText, resColumn, datCloumn, fileLoc, nameSheet, row): pages.WriteExcel.demoKey is PASSED

2023-10-02 16:28:11 - [MESSAGE][PASSED] - pages.WriteExcel.demoKey is PASSED

2023-10-02 16:28:11 - [TEST_STEP][PASSED] - ExecuteTC = findTestData(dataFile).getValue("Execute", row): null

2023-10-02 16:28:11 - [TEST_STEP][PASSED] - Taxtype = findTestData(dataFile).getValue("TaxType", row): null

2023-10-02 16:28:11 - [TEST_STEP][PASSED] - Paymenttype = findTestData(dataFile).getValue("PaymentType", row): null

2023-10-02 16:28:12 - [TEST_STEP][PASSED] - out.println("Value of Execute is : " + ExecuteTC): null

2023-10-02 16:28:12 - [TEST_STEP][PASSED] - if (ExecuteTC.equalsIgnoreCase("Y")): null

2023-10-02 16:28:12 - [TEST_STEP][PASSED] - out.println("Begin Record Number: " + row): null

2023-10-02 16:28:12 - [TEST_STEP][PASSED] - today = new java.util.Date(): null

2023-10-02 16:28:12 - [TEST_STEP][PASSED] - println(today): null

2023-10-02 16:28:12 - [TEST_STEP][PASSED] - datText = today: null

2023-10-02 16:28:12 - [TEST_STEP][PASSED] - Taxtype = findTestData(dataFile).getValue("TaxType", row): null

2023-10-02 16:28:12 - [TEST_STEP][PASSED] - out.println("Taxtype value is : " + Taxtype): null

2023-10-02 16:28:12 - [TEST_STEP][PASSED] - openBrowser(""): Browser is opened with url: ''

2023-10-02 16:28:12 - [MESSAGE][WARNING] - A browser is already opened. Closing browser and opening a new one

2023-10-02 16:28:12 - [MESSAGE][INFO] - Starting 'Chrome' driver

2023-10-02 16:28:12 - [MESSAGE][INFO] - User set preference: ['acceptInsecureCerts', 'true']

2023-10-02 16:28:12 - [MESSAGE][INFO] - Action delay is set to 0 milliseconds

2023-10-02 16:28:14 - [MESSAGE][PASSED] - Browser is opened with url: ''

2023-10-02 16:28:14 - [TEST_STEP][PASSED] - maximizeWindow(): Current window maximized

2023-10-02 16:28:14 - [MESSAGE][PASSED] - Current window maximized

2023-10-02 16:28:14 - [TEST_STEP][PASSED] - navigateToUrl(RADurl): Navigate to 'https://demo.velocitypayment.com/client/rad/index.html' successfully

2023-10-02 16:28:16 - [MESSAGE][PASSED] - Navigate to 'https://demo.velocitypayment.com/client/rad/index.html' successfully

2023-10-02 16:28:16 - [TEST_STEP][PASSED] - orPath_Landing = "Object Repository/RAD_Pages/Landing_Page": null

2023-10-02 16:28:16 - [TEST_STEP][PASSED] - orPath_TaxTypeFilingYear = "Object Repository/RAD_Pages/TaxTypeFilingYear_Page": null

2023-10-02 16:28:16 - [TEST_STEP][PASSED] - orPath_TaxPayer = "Object Repository/RAD_Pages/Taxpayer_Page": null

2023-10-02 16:28:16 - [TEST_STEP][PASSED] - orPath_AddressContact = "Object Repository/RAD_Pages/AddressAndContactInfo_Page": null

2023-10-02 16:28:16 - [TEST_STEP][PASSED] - orPath_FilingStatus = "Object Repository/RAD_Pages/FilingStatus_Page": null

2023-10-02 16:28:16 - [TEST_STEP][PASSED] - orPath_Amount = "Object Repository/RAD_Pages/PaymentAmount_Page": null

2023-10-02 16:28:16 - [TEST_STEP][PASSED] - orPath_TaxInfo = "Object Repository/RAD_Pages/TaxInfo_Page": null

2023-10-02 16:28:16 - [TEST_STEP][PASSED] - orPath_Withholding = "Object Repository/RAD_Pages/Withholding_Page": null

2023-10-02 16:28:16 - [TEST_STEP][PASSED] - orPath_Summary = "Object Repository/RAD_Pages/Summary_Page": null

2023-10-02 16:28:16 - [TEST_STEP][PASSED] - orPath_PaymentReady = "Object Repository/RAD_Pages/PaymentReady_Page": null

2023-10-02 16:28:16 - [TEST_STEP][PASSED] - orPath_PaymentEntry = "Object Repository/RAD_Pages/PaymentEntry_Page": null

2023-10-02 16:28:16 - [TEST_STEP][PASSED] - orPath_PaymentConfirmation = "Object Repository/RAD_Pages/PaymentConfirmation_Page": null

2023-10-02 16:28:16 - [TEST_STEP][PASSED] - orPath_ServiceFeesAccept = "Object Repository/RAD_Pages/ServiceFeeAccept_Page": null

2023-10-02 16:28:16 - [TEST_STEP][PASSED] - selectOptionByLabel(findTestObject(orPath_Landing + "/dd_TaxType"), Paymenttype, false): All options with label 'Quarterly Estimated Tax' are selected in object 'Object Repository/RAD_Pages/Landing_Page/dd_TaxType' 

2023-10-02 16:28:16 - [MESSAGE][PASSED] - All options with label 'Quarterly Estimated Tax' are selected in object 'Object Repository/RAD_Pages/Landing_Page/dd_TaxType' 

2023-10-02 16:28:16 - [TEST_STEP][PASSED] - delay(1): Delayed 1 second(s)

2023-10-02 16:28:17 - [MESSAGE][PASSED] - Delayed 1 second(s)

2023-10-02 16:28:17 - [TEST_STEP][PASSED] - switch (Paymenttype): null

2023-10-02 16:28:17 - [TEST_STEP][PASSED] - case "Quarterly Estimated Tax":: null

2023-10-02 16:28:17 - [TEST_STEP][PASSED] - selectOptionByLabel(findTestObject(orPath_TaxTypeFilingYear + "/select_PaymentType"), Taxtype, false): All options with label 'Fiduciary Tax' are selected in object 'Object Repository/RAD_Pages/TaxTypeFilingYear_Page/select_PaymentType' 

2023-10-02 16:28:18 - [MESSAGE][PASSED] - All options with label 'Fiduciary Tax' are selected in object 'Object Repository/RAD_Pages/TaxTypeFilingYear_Page/select_PaymentType' 

2023-10-02 16:28:18 - [TEST_STEP][PASSED] - break: null

2023-10-02 16:28:18 - [TEST_STEP][PASSED] - delay(1): Delayed 1 second(s)

2023-10-02 16:28:19 - [MESSAGE][PASSED] - Delayed 1 second(s)

2023-10-02 16:28:19 - [TEST_STEP][PASSED] - switch (Paymenttype): null

2023-10-02 16:28:19 - [TEST_STEP][PASSED] - case "Quarterly Estimated Tax":: null

2023-10-02 16:28:19 - [TEST_STEP][PASSED] - setEncryptedText(findTestObject(orPath_TaxInfo + "/input_FederalEIN"), "RigbBhfdqOBDK95asqKeHw=="): Text ****** has been set on object 'Object Repository/RAD_Pages/TaxInfo_Page/input_FederalEIN'

2023-10-02 16:28:20 - [MESSAGE][PASSED] - Text ****** has been set on object 'Object Repository/RAD_Pages/TaxInfo_Page/input_FederalEIN'

2023-10-02 16:28:20 - [TEST_STEP][PASSED] - setEncryptedText(findTestObject(orPath_TaxInfo + "/input_FederalEIN_ReEnter"), ""): Text ****** has been set on object 'Object Repository/RAD_Pages/TaxInfo_Page/input_FederalEIN_ReEnter'

2023-10-02 16:28:21 - [MESSAGE][PASSED] - Text ****** has been set on object 'Object Repository/RAD_Pages/TaxInfo_Page/input_FederalEIN_ReEnter'

2023-10-02 16:28:21 - [TEST_STEP][PASSED] - break: null

2023-10-02 16:28:21 - [TEST_STEP][PASSED] - verifyTextPresent("Please enter a valid FEIN with 9 digits.", true): Text 'Please enter a valid FEIN with 9 digits.' is present on page  using regular expression

2023-10-02 16:28:22 - [MESSAGE][PASSED] - Text 'Please enter a valid FEIN with 9 digits.' is present on page  using regular expression

2023-10-02 16:28:22 - [TEST_STEP][PASSED] - if (verifyTextPresent("Please enter a valid FEIN with 9 digits.", true)): null

2023-10-02 16:28:22 - [MESSAGE][PASSED] - Text 'Please enter a valid FEIN with 9 digits.' is present on page  using regular expression

2023-10-02 16:28:22 - [TEST_STEP][PASSED] - println("Error Message is present on the page"): null

2023-10-02 16:28:22 - [TEST_STEP][PASSED] - out.println("Pass Record Number: " + row): null

2023-10-02 16:28:22 - [TEST_STEP][PASSED] - resText = "Pass": null

2023-10-02 16:28:22 - [TEST_STEP][PASSED] - pages.WriteExcel.demoKey(resText, datText, resColumn, datCloumn, fileLoc, nameSheet, row): pages.WriteExcel.demoKey is PASSED

2023-10-02 16:28:22 - [MESSAGE][PASSED] - pages.WriteExcel.demoKey is PASSED

2023-10-02 16:28:22 - [TEST_STEP][PASSED] - ExecuteTC = findTestData(dataFile).getValue("Execute", row): null

2023-10-02 16:28:22 - [TEST_STEP][PASSED] - Taxtype = findTestData(dataFile).getValue("TaxType", row): null

2023-10-02 16:28:22 - [TEST_STEP][PASSED] - Paymenttype = findTestData(dataFile).getValue("PaymentType", row): null

2023-10-02 16:28:22 - [TEST_STEP][PASSED] - out.println("Value of Execute is : " + ExecuteTC): null

2023-10-02 16:28:22 - [TEST_STEP][PASSED] - if (ExecuteTC.equalsIgnoreCase("Y")): null

2023-10-02 16:28:22 - [TEST_STEP][PASSED] - out.println("Begin Record Number: " + row): null

2023-10-02 16:28:22 - [TEST_STEP][PASSED] - today = new java.util.Date(): null

2023-10-02 16:28:22 - [TEST_STEP][PASSED] - println(today): null

2023-10-02 16:28:22 - [TEST_STEP][PASSED] - datText = today: null

2023-10-02 16:28:22 - [TEST_STEP][PASSED] - Taxtype = findTestData(dataFile).getValue("TaxType", row): null

2023-10-02 16:28:22 - [TEST_STEP][PASSED] - out.println("Taxtype value is : " + Taxtype): null

2023-10-02 16:28:22 - [TEST_STEP][PASSED] - openBrowser(""): Browser is opened with url: ''

2023-10-02 16:28:22 - [MESSAGE][WARNING] - A browser is already opened. Closing browser and opening a new one

2023-10-02 16:28:23 - [MESSAGE][INFO] - Starting 'Chrome' driver

2023-10-02 16:28:23 - [MESSAGE][INFO] - User set preference: ['acceptInsecureCerts', 'true']

2023-10-02 16:28:23 - [MESSAGE][INFO] - Action delay is set to 0 milliseconds

2023-10-02 16:28:25 - [MESSAGE][PASSED] - Browser is opened with url: ''

2023-10-02 16:28:25 - [TEST_STEP][PASSED] - maximizeWindow(): Current window maximized

2023-10-02 16:28:25 - [MESSAGE][PASSED] - Current window maximized

2023-10-02 16:28:25 - [TEST_STEP][PASSED] - navigateToUrl(RADurl): Navigate to 'https://demo.velocitypayment.com/client/rad/index.html' successfully

2023-10-02 16:28:26 - [MESSAGE][PASSED] - Navigate to 'https://demo.velocitypayment.com/client/rad/index.html' successfully

2023-10-02 16:28:26 - [TEST_STEP][PASSED] - orPath_Landing = "Object Repository/RAD_Pages/Landing_Page": null

2023-10-02 16:28:26 - [TEST_STEP][PASSED] - orPath_TaxTypeFilingYear = "Object Repository/RAD_Pages/TaxTypeFilingYear_Page": null

2023-10-02 16:28:26 - [TEST_STEP][PASSED] - orPath_TaxPayer = "Object Repository/RAD_Pages/Taxpayer_Page": null

2023-10-02 16:28:26 - [TEST_STEP][PASSED] - orPath_AddressContact = "Object Repository/RAD_Pages/AddressAndContactInfo_Page": null

2023-10-02 16:28:26 - [TEST_STEP][PASSED] - orPath_FilingStatus = "Object Repository/RAD_Pages/FilingStatus_Page": null

2023-10-02 16:28:26 - [TEST_STEP][PASSED] - orPath_Amount = "Object Repository/RAD_Pages/PaymentAmount_Page": null

2023-10-02 16:28:26 - [TEST_STEP][PASSED] - orPath_TaxInfo = "Object Repository/RAD_Pages/TaxInfo_Page": null

2023-10-02 16:28:26 - [TEST_STEP][PASSED] - orPath_Withholding = "Object Repository/RAD_Pages/Withholding_Page": null

2023-10-02 16:28:26 - [TEST_STEP][PASSED] - orPath_Summary = "Object Repository/RAD_Pages/Summary_Page": null

2023-10-02 16:28:26 - [TEST_STEP][PASSED] - orPath_PaymentReady = "Object Repository/RAD_Pages/PaymentReady_Page": null

2023-10-02 16:28:26 - [TEST_STEP][PASSED] - orPath_PaymentEntry = "Object Repository/RAD_Pages/PaymentEntry_Page": null

2023-10-02 16:28:26 - [TEST_STEP][PASSED] - orPath_PaymentConfirmation = "Object Repository/RAD_Pages/PaymentConfirmation_Page": null

2023-10-02 16:28:26 - [TEST_STEP][PASSED] - orPath_ServiceFeesAccept = "Object Repository/RAD_Pages/ServiceFeeAccept_Page": null

2023-10-02 16:28:26 - [TEST_STEP][PASSED] - selectOptionByLabel(findTestObject(orPath_Landing + "/dd_TaxType"), Paymenttype, false): All options with label 'Extension Payments' are selected in object 'Object Repository/RAD_Pages/Landing_Page/dd_TaxType' 

2023-10-02 16:28:27 - [MESSAGE][PASSED] - All options with label 'Extension Payments' are selected in object 'Object Repository/RAD_Pages/Landing_Page/dd_TaxType' 

2023-10-02 16:28:27 - [TEST_STEP][PASSED] - delay(1): Delayed 1 second(s)

2023-10-02 16:28:28 - [MESSAGE][PASSED] - Delayed 1 second(s)

2023-10-02 16:28:28 - [TEST_STEP][PASSED] - switch (Paymenttype): null

2023-10-02 16:28:28 - [TEST_STEP][PASSED] - case "Extension Payments":: null

2023-10-02 16:28:28 - [TEST_STEP][PASSED] - selectOptionByLabel(findTestObject(orPath_TaxTypeFilingYear + "/select_PaymentType"), Taxtype, false): All options with label 'Corporate Income Tax' are selected in object 'Object Repository/RAD_Pages/TaxTypeFilingYear_Page/select_PaymentType' 

2023-10-02 16:28:29 - [MESSAGE][PASSED] - All options with label 'Corporate Income Tax' are selected in object 'Object Repository/RAD_Pages/TaxTypeFilingYear_Page/select_PaymentType' 

2023-10-02 16:28:29 - [TEST_STEP][PASSED] - break: null

2023-10-02 16:28:29 - [TEST_STEP][PASSED] - delay(1): Delayed 1 second(s)

2023-10-02 16:28:30 - [MESSAGE][PASSED] - Delayed 1 second(s)

2023-10-02 16:28:30 - [TEST_STEP][PASSED] - switch (Paymenttype): null

2023-10-02 16:28:30 - [TEST_STEP][PASSED] - case "Extension Payments":: null

2023-10-02 16:28:30 - [TEST_STEP][PASSED] - setEncryptedText(findTestObject(orPath_TaxInfo + "/input_FederalEIN"), "RigbBhfdqOBDK95asqKeHw=="): Text ****** has been set on object 'Object Repository/RAD_Pages/TaxInfo_Page/input_FederalEIN'

2023-10-02 16:28:30 - [MESSAGE][PASSED] - Text ****** has been set on object 'Object Repository/RAD_Pages/TaxInfo_Page/input_FederalEIN'

2023-10-02 16:28:31 - [TEST_STEP][PASSED] - setEncryptedText(findTestObject(orPath_TaxInfo + "/input_FederalEIN_ReEnter"), ""): Text ****** has been set on object 'Object Repository/RAD_Pages/TaxInfo_Page/input_FederalEIN_ReEnter'

2023-10-02 16:28:32 - [MESSAGE][PASSED] - Text ****** has been set on object 'Object Repository/RAD_Pages/TaxInfo_Page/input_FederalEIN_ReEnter'

2023-10-02 16:28:32 - [TEST_STEP][PASSED] - break: null

2023-10-02 16:28:32 - [TEST_STEP][PASSED] - verifyTextPresent("Please enter a valid FEIN with 9 digits.", true): Text 'Please enter a valid FEIN with 9 digits.' is present on page  using regular expression

2023-10-02 16:28:32 - [MESSAGE][PASSED] - Text 'Please enter a valid FEIN with 9 digits.' is present on page  using regular expression

2023-10-02 16:28:32 - [TEST_STEP][PASSED] - if (verifyTextPresent("Please enter a valid FEIN with 9 digits.", true)): null

2023-10-02 16:28:33 - [MESSAGE][PASSED] - Text 'Please enter a valid FEIN with 9 digits.' is present on page  using regular expression

2023-10-02 16:28:33 - [TEST_STEP][PASSED] - println("Error Message is present on the page"): null

2023-10-02 16:28:33 - [TEST_STEP][PASSED] - out.println("Pass Record Number: " + row): null

2023-10-02 16:28:33 - [TEST_STEP][PASSED] - resText = "Pass": null

2023-10-02 16:28:33 - [TEST_STEP][PASSED] - pages.WriteExcel.demoKey(resText, datText, resColumn, datCloumn, fileLoc, nameSheet, row): pages.WriteExcel.demoKey is PASSED

2023-10-02 16:28:33 - [MESSAGE][PASSED] - pages.WriteExcel.demoKey is PASSED

2023-10-02 16:28:33 - [TEST_STEP][PASSED] - ExecuteTC = findTestData(dataFile).getValue("Execute", row): null

2023-10-02 16:28:33 - [TEST_STEP][PASSED] - Taxtype = findTestData(dataFile).getValue("TaxType", row): null

2023-10-02 16:28:33 - [TEST_STEP][PASSED] - Paymenttype = findTestData(dataFile).getValue("PaymentType", row): null

2023-10-02 16:28:33 - [TEST_STEP][PASSED] - out.println("Value of Execute is : " + ExecuteTC): null

2023-10-02 16:28:33 - [TEST_STEP][PASSED] - if (ExecuteTC.equalsIgnoreCase("Y")): null

2023-10-02 16:28:33 - [TEST_STEP][PASSED] - out.println("Begin Record Number: " + row): null

2023-10-02 16:28:33 - [TEST_STEP][PASSED] - today = new java.util.Date(): null

2023-10-02 16:28:33 - [TEST_STEP][PASSED] - println(today): null

2023-10-02 16:28:33 - [TEST_STEP][PASSED] - datText = today: null

2023-10-02 16:28:33 - [TEST_STEP][PASSED] - Taxtype = findTestData(dataFile).getValue("TaxType", row): null

2023-10-02 16:28:33 - [TEST_STEP][PASSED] - out.println("Taxtype value is : " + Taxtype): null

2023-10-02 16:28:33 - [TEST_STEP][PASSED] - openBrowser(""): Browser is opened with url: ''

2023-10-02 16:28:33 - [MESSAGE][WARNING] - A browser is already opened. Closing browser and opening a new one

2023-10-02 16:28:34 - [MESSAGE][INFO] - Starting 'Chrome' driver

2023-10-02 16:28:34 - [MESSAGE][INFO] - User set preference: ['acceptInsecureCerts', 'true']

2023-10-02 16:28:34 - [MESSAGE][INFO] - Action delay is set to 0 milliseconds

2023-10-02 16:28:35 - [MESSAGE][PASSED] - Browser is opened with url: ''

2023-10-02 16:28:35 - [TEST_STEP][PASSED] - maximizeWindow(): Current window maximized

2023-10-02 16:28:35 - [MESSAGE][PASSED] - Current window maximized

2023-10-02 16:28:35 - [TEST_STEP][PASSED] - navigateToUrl(RADurl): Navigate to 'https://demo.velocitypayment.com/client/rad/index.html' successfully

2023-10-02 16:28:37 - [MESSAGE][PASSED] - Navigate to 'https://demo.velocitypayment.com/client/rad/index.html' successfully

2023-10-02 16:28:37 - [TEST_STEP][PASSED] - orPath_Landing = "Object Repository/RAD_Pages/Landing_Page": null

2023-10-02 16:28:37 - [TEST_STEP][PASSED] - orPath_TaxTypeFilingYear = "Object Repository/RAD_Pages/TaxTypeFilingYear_Page": null

2023-10-02 16:28:37 - [TEST_STEP][PASSED] - orPath_TaxPayer = "Object Repository/RAD_Pages/Taxpayer_Page": null

2023-10-02 16:28:37 - [TEST_STEP][PASSED] - orPath_AddressContact = "Object Repository/RAD_Pages/AddressAndContactInfo_Page": null

2023-10-02 16:28:37 - [TEST_STEP][PASSED] - orPath_FilingStatus = "Object Repository/RAD_Pages/FilingStatus_Page": null

2023-10-02 16:28:37 - [TEST_STEP][PASSED] - orPath_Amount = "Object Repository/RAD_Pages/PaymentAmount_Page": null

2023-10-02 16:28:37 - [TEST_STEP][PASSED] - orPath_TaxInfo = "Object Repository/RAD_Pages/TaxInfo_Page": null

2023-10-02 16:28:37 - [TEST_STEP][PASSED] - orPath_Withholding = "Object Repository/RAD_Pages/Withholding_Page": null

2023-10-02 16:28:37 - [TEST_STEP][PASSED] - orPath_Summary = "Object Repository/RAD_Pages/Summary_Page": null

2023-10-02 16:28:37 - [TEST_STEP][PASSED] - orPath_PaymentReady = "Object Repository/RAD_Pages/PaymentReady_Page": null

2023-10-02 16:28:37 - [TEST_STEP][PASSED] - orPath_PaymentEntry = "Object Repository/RAD_Pages/PaymentEntry_Page": null

2023-10-02 16:28:37 - [TEST_STEP][PASSED] - orPath_PaymentConfirmation = "Object Repository/RAD_Pages/PaymentConfirmation_Page": null

2023-10-02 16:28:37 - [TEST_STEP][PASSED] - orPath_ServiceFeesAccept = "Object Repository/RAD_Pages/ServiceFeeAccept_Page": null

2023-10-02 16:28:37 - [TEST_STEP][PASSED] - selectOptionByLabel(findTestObject(orPath_Landing + "/dd_TaxType"), Paymenttype, false): All options with label 'Extension Payments' are selected in object 'Object Repository/RAD_Pages/Landing_Page/dd_TaxType' 

2023-10-02 16:28:37 - [MESSAGE][PASSED] - All options with label 'Extension Payments' are selected in object 'Object Repository/RAD_Pages/Landing_Page/dd_TaxType' 

2023-10-02 16:28:37 - [TEST_STEP][PASSED] - delay(1): Delayed 1 second(s)

2023-10-02 16:28:38 - [MESSAGE][PASSED] - Delayed 1 second(s)

2023-10-02 16:28:38 - [TEST_STEP][PASSED] - switch (Paymenttype): null

2023-10-02 16:28:38 - [TEST_STEP][PASSED] - case "Extension Payments":: null

2023-10-02 16:28:38 - [TEST_STEP][PASSED] - selectOptionByLabel(findTestObject(orPath_TaxTypeFilingYear + "/select_PaymentType"), Taxtype, false): All options with label 'Fiduciary Tax' are selected in object 'Object Repository/RAD_Pages/TaxTypeFilingYear_Page/select_PaymentType' 

2023-10-02 16:28:39 - [MESSAGE][PASSED] - All options with label 'Fiduciary Tax' are selected in object 'Object Repository/RAD_Pages/TaxTypeFilingYear_Page/select_PaymentType' 

2023-10-02 16:28:39 - [TEST_STEP][PASSED] - break: null

2023-10-02 16:28:39 - [TEST_STEP][PASSED] - delay(1): Delayed 1 second(s)

2023-10-02 16:28:40 - [MESSAGE][PASSED] - Delayed 1 second(s)

2023-10-02 16:28:40 - [TEST_STEP][PASSED] - switch (Paymenttype): null

2023-10-02 16:28:40 - [TEST_STEP][PASSED] - case "Extension Payments":: null

2023-10-02 16:28:40 - [TEST_STEP][PASSED] - setEncryptedText(findTestObject(orPath_TaxInfo + "/input_FederalEIN"), "RigbBhfdqOBDK95asqKeHw=="): Text ****** has been set on object 'Object Repository/RAD_Pages/TaxInfo_Page/input_FederalEIN'

2023-10-02 16:28:41 - [MESSAGE][PASSED] - Text ****** has been set on object 'Object Repository/RAD_Pages/TaxInfo_Page/input_FederalEIN'

2023-10-02 16:28:41 - [TEST_STEP][PASSED] - setEncryptedText(findTestObject(orPath_TaxInfo + "/input_FederalEIN_ReEnter"), ""): Text ****** has been set on object 'Object Repository/RAD_Pages/TaxInfo_Page/input_FederalEIN_ReEnter'

2023-10-02 16:28:42 - [MESSAGE][PASSED] - Text ****** has been set on object 'Object Repository/RAD_Pages/TaxInfo_Page/input_FederalEIN_ReEnter'

2023-10-02 16:28:42 - [TEST_STEP][PASSED] - break: null

2023-10-02 16:28:42 - [TEST_STEP][PASSED] - verifyTextPresent("Please enter a valid FEIN with 9 digits.", true): Text 'Please enter a valid FEIN with 9 digits.' is present on page  using regular expression

2023-10-02 16:28:43 - [MESSAGE][PASSED] - Text 'Please enter a valid FEIN with 9 digits.' is present on page  using regular expression

2023-10-02 16:28:43 - [TEST_STEP][PASSED] - if (verifyTextPresent("Please enter a valid FEIN with 9 digits.", true)): null

2023-10-02 16:28:43 - [MESSAGE][PASSED] - Text 'Please enter a valid FEIN with 9 digits.' is present on page  using regular expression

2023-10-02 16:28:43 - [TEST_STEP][PASSED] - println("Error Message is present on the page"): null

2023-10-02 16:28:43 - [TEST_STEP][PASSED] - out.println("Pass Record Number: " + row): null

2023-10-02 16:28:43 - [TEST_STEP][PASSED] - resText = "Pass": null

2023-10-02 16:28:43 - [TEST_STEP][PASSED] - pages.WriteExcel.demoKey(resText, datText, resColumn, datCloumn, fileLoc, nameSheet, row): pages.WriteExcel.demoKey is PASSED

2023-10-02 16:28:43 - [MESSAGE][PASSED] - pages.WriteExcel.demoKey is PASSED

2023-10-02 16:28:43 - [TEST_STEP][PASSED] - ExecuteTC = findTestData(dataFile).getValue("Execute", row): null

2023-10-02 16:28:43 - [TEST_STEP][PASSED] - Taxtype = findTestData(dataFile).getValue("TaxType", row): null

2023-10-02 16:28:43 - [TEST_STEP][PASSED] - Paymenttype = findTestData(dataFile).getValue("PaymentType", row): null

2023-10-02 16:28:43 - [TEST_STEP][PASSED] - out.println("Value of Execute is : " + ExecuteTC): null

2023-10-02 16:28:43 - [TEST_STEP][PASSED] - if (ExecuteTC.equalsIgnoreCase("Y")): null

2023-10-02 16:28:43 - [TEST_STEP][PASSED] - out.println("Begin Record Number: " + row): null

2023-10-02 16:28:43 - [TEST_STEP][PASSED] - today = new java.util.Date(): null

2023-10-02 16:28:43 - [TEST_STEP][PASSED] - println(today): null

2023-10-02 16:28:43 - [TEST_STEP][PASSED] - datText = today: null

2023-10-02 16:28:43 - [TEST_STEP][PASSED] - Taxtype = findTestData(dataFile).getValue("TaxType", row): null

2023-10-02 16:28:43 - [TEST_STEP][PASSED] - out.println("Taxtype value is : " + Taxtype): null

2023-10-02 16:28:43 - [TEST_STEP][PASSED] - openBrowser(""): Browser is opened with url: ''

2023-10-02 16:28:43 - [MESSAGE][WARNING] - A browser is already opened. Closing browser and opening a new one

2023-10-02 16:28:44 - [MESSAGE][INFO] - Starting 'Chrome' driver

2023-10-02 16:28:44 - [MESSAGE][INFO] - User set preference: ['acceptInsecureCerts', 'true']

2023-10-02 16:28:44 - [MESSAGE][INFO] - Action delay is set to 0 milliseconds

2023-10-02 16:28:45 - [MESSAGE][PASSED] - Browser is opened with url: ''

2023-10-02 16:28:45 - [TEST_STEP][PASSED] - maximizeWindow(): Current window maximized

2023-10-02 16:28:46 - [MESSAGE][PASSED] - Current window maximized

2023-10-02 16:28:46 - [TEST_STEP][PASSED] - navigateToUrl(RADurl): Navigate to 'https://demo.velocitypayment.com/client/rad/index.html' successfully

2023-10-02 16:28:47 - [MESSAGE][PASSED] - Navigate to 'https://demo.velocitypayment.com/client/rad/index.html' successfully

2023-10-02 16:28:47 - [TEST_STEP][PASSED] - orPath_Landing = "Object Repository/RAD_Pages/Landing_Page": null

2023-10-02 16:28:47 - [TEST_STEP][PASSED] - orPath_TaxTypeFilingYear = "Object Repository/RAD_Pages/TaxTypeFilingYear_Page": null

2023-10-02 16:28:47 - [TEST_STEP][PASSED] - orPath_TaxPayer = "Object Repository/RAD_Pages/Taxpayer_Page": null

2023-10-02 16:28:47 - [TEST_STEP][PASSED] - orPath_AddressContact = "Object Repository/RAD_Pages/AddressAndContactInfo_Page": null

2023-10-02 16:28:47 - [TEST_STEP][PASSED] - orPath_FilingStatus = "Object Repository/RAD_Pages/FilingStatus_Page": null

2023-10-02 16:28:47 - [TEST_STEP][PASSED] - orPath_Amount = "Object Repository/RAD_Pages/PaymentAmount_Page": null

2023-10-02 16:28:47 - [TEST_STEP][PASSED] - orPath_TaxInfo = "Object Repository/RAD_Pages/TaxInfo_Page": null

2023-10-02 16:28:47 - [TEST_STEP][PASSED] - orPath_Withholding = "Object Repository/RAD_Pages/Withholding_Page": null

2023-10-02 16:28:47 - [TEST_STEP][PASSED] - orPath_Summary = "Object Repository/RAD_Pages/Summary_Page": null

2023-10-02 16:28:47 - [TEST_STEP][PASSED] - orPath_PaymentReady = "Object Repository/RAD_Pages/PaymentReady_Page": null

2023-10-02 16:28:47 - [TEST_STEP][PASSED] - orPath_PaymentEntry = "Object Repository/RAD_Pages/PaymentEntry_Page": null

2023-10-02 16:28:47 - [TEST_STEP][PASSED] - orPath_PaymentConfirmation = "Object Repository/RAD_Pages/PaymentConfirmation_Page": null

2023-10-02 16:28:47 - [TEST_STEP][PASSED] - orPath_ServiceFeesAccept = "Object Repository/RAD_Pages/ServiceFeeAccept_Page": null

2023-10-02 16:28:47 - [TEST_STEP][PASSED] - selectOptionByLabel(findTestObject(orPath_Landing + "/dd_TaxType"), Paymenttype, false): All options with label 'New Tax Return Amount Due' are selected in object 'Object Repository/RAD_Pages/Landing_Page/dd_TaxType' 

2023-10-02 16:28:48 - [MESSAGE][PASSED] - All options with label 'New Tax Return Amount Due' are selected in object 'Object Repository/RAD_Pages/Landing_Page/dd_TaxType' 

2023-10-02 16:28:48 - [TEST_STEP][PASSED] - delay(1): Delayed 1 second(s)

2023-10-02 16:28:49 - [MESSAGE][PASSED] - Delayed 1 second(s)

2023-10-02 16:28:49 - [TEST_STEP][PASSED] - switch (Paymenttype): null

2023-10-02 16:28:49 - [TEST_STEP][PASSED] - case "New Tax Return Amount Due":: null

2023-10-02 16:28:49 - [TEST_STEP][PASSED] - selectOptionByLabel(findTestObject("Object Repository/RAD_Pages/Landing_Page/select_NewTaxReturnAmountDue_TaxType"), Taxtype, false): All options with label 'Fiduciary Tax' are selected in object 'Object Repository/RAD_Pages/Landing_Page/select_NewTaxReturnAmountDue_TaxType' 

2023-10-02 16:28:49 - [MESSAGE][PASSED] - All options with label 'Fiduciary Tax' are selected in object 'Object Repository/RAD_Pages/Landing_Page/select_NewTaxReturnAmountDue_TaxType' 

2023-10-02 16:28:49 - [TEST_STEP][PASSED] - break: null

2023-10-02 16:28:49 - [TEST_STEP][PASSED] - delay(1): Delayed 1 second(s)

2023-10-02 16:28:50 - [MESSAGE][PASSED] - Delayed 1 second(s)

2023-10-02 16:28:50 - [TEST_STEP][PASSED] - switch (Paymenttype): null

2023-10-02 16:28:50 - [TEST_STEP][PASSED] - case "New Tax Return Amount Due":: null

2023-10-02 16:28:50 - [TEST_STEP][PASSED] - setEncryptedText(findTestObject(orPath_TaxInfo + "/input_FederalEIN-2"), "RigbBhfdqOBDK95asqKeHw=="): Text ****** has been set on object 'Object Repository/RAD_Pages/TaxInfo_Page/input_FederalEIN-2'

2023-10-02 16:28:51 - [MESSAGE][PASSED] - Text ****** has been set on object 'Object Repository/RAD_Pages/TaxInfo_Page/input_FederalEIN-2'

2023-10-02 16:28:52 - [TEST_STEP][PASSED] - setEncryptedText(findTestObject(orPath_TaxInfo + "/input_FederalEIN_ReEnter-2"), ""): Text ****** has been set on object 'Object Repository/RAD_Pages/TaxInfo_Page/input_FederalEIN_ReEnter-2'

2023-10-02 16:28:53 - [MESSAGE][PASSED] - Text ****** has been set on object 'Object Repository/RAD_Pages/TaxInfo_Page/input_FederalEIN_ReEnter-2'

2023-10-02 16:28:53 - [TEST_STEP][PASSED] - break: null

2023-10-02 16:28:53 - [TEST_STEP][PASSED] - verifyTextPresent("Please enter a valid FEIN with 9 digits.", true): Text 'Please enter a valid FEIN with 9 digits.' is present on page  using regular expression

2023-10-02 16:28:53 - [MESSAGE][PASSED] - Text 'Please enter a valid FEIN with 9 digits.' is present on page  using regular expression

2023-10-02 16:28:53 - [TEST_STEP][PASSED] - if (verifyTextPresent("Please enter a valid FEIN with 9 digits.", true)): null

2023-10-02 16:28:54 - [MESSAGE][PASSED] - Text 'Please enter a valid FEIN with 9 digits.' is present on page  using regular expression

2023-10-02 16:28:54 - [TEST_STEP][PASSED] - println("Error Message is present on the page"): null

2023-10-02 16:28:54 - [TEST_STEP][PASSED] - out.println("Pass Record Number: " + row): null

2023-10-02 16:28:54 - [TEST_STEP][PASSED] - resText = "Pass": null

2023-10-02 16:28:54 - [TEST_STEP][PASSED] - pages.WriteExcel.demoKey(resText, datText, resColumn, datCloumn, fileLoc, nameSheet, row): pages.WriteExcel.demoKey is PASSED

2023-10-02 16:28:54 - [MESSAGE][PASSED] - pages.WriteExcel.demoKey is PASSED]]></system-out>
         <system-err><![CDATA[]]></system-err>
      </testcase>
      <testcase name="Test Cases/RAD_TestCases/Negative_TestCases/FEINandFEINSSNlessThan9Error" time="288.411" classname="Test Cases/RAD_TestCases/Negative_TestCases/FEINandFEINSSNlessThan9Error" status="PASSED">
         <system-out><![CDATA[2023-10-02 16:28:54 - [TEST_CASE][PASSED] - Test Cases/RAD_TestCases/Negative_TestCases/FEINandFEINSSNlessThan9Error: Test Cases/RAD_TestCases/Negative_TestCases/FEINandFEINSSNlessThan9Error

2023-10-02 16:28:54 - [TEST_STEP][PASSED] - resText = "Fail": null

2023-10-02 16:28:54 - [TEST_STEP][PASSED] - resColumn = "Result": null

2023-10-02 16:28:54 - [TEST_STEP][PASSED] - datCloumn = "Date": null

2023-10-02 16:28:54 - [TEST_STEP][PASSED] - fileLoc = "KatalonData/RADTestData/FEINandFEINSSNlessThan9Error.xlsx": null

2023-10-02 16:28:54 - [TEST_STEP][PASSED] - nameSheet = "Sheet1": null

2023-10-02 16:28:54 - [TEST_STEP][PASSED] - dataFile = "RADTestData/FEINandFEINSSNlessThan9Error": null

2023-10-02 16:28:54 - [TEST_STEP][PASSED] - ExecuteTC = <not implemented yet for class: org.codehaus.groovy.ast.expr.EmptyExpression>: null

2023-10-02 16:28:54 - [TEST_STEP][PASSED] - Taxtype = <not implemented yet for class: org.codehaus.groovy.ast.expr.EmptyExpression>: null

2023-10-02 16:28:54 - [TEST_STEP][PASSED] - Paymenttype = <not implemented yet for class: org.codehaus.groovy.ast.expr.EmptyExpression>: null

2023-10-02 16:28:54 - [TEST_STEP][PASSED] - feinSsn = <not implemented yet for class: org.codehaus.groovy.ast.expr.EmptyExpression>: null

2023-10-02 16:28:54 - [TEST_STEP][PASSED] - numOfRows = findTestData(dataFile).getRowNumbers(): null

2023-10-02 16:28:54 - [TEST_STEP][PASSED] - println("Number of Records: " + numOfRows): null

2023-10-02 16:28:54 - [TEST_STEP][PASSED] - for ([row = 1, row <= numOfRows, (row++)]): null

2023-10-02 16:28:54 - [TEST_STEP][PASSED] - ExecuteTC = findTestData(dataFile).getValue("Execute", row): null

2023-10-02 16:28:54 - [TEST_STEP][PASSED] - Taxtype = findTestData(dataFile).getValue("TaxType", row): null

2023-10-02 16:28:54 - [TEST_STEP][PASSED] - Paymenttype = findTestData(dataFile).getValue("PaymentType", row): null

2023-10-02 16:28:54 - [TEST_STEP][PASSED] - feinSsn = findTestData(dataFile).getValue("FEINSSN", row): null

2023-10-02 16:28:54 - [TEST_STEP][PASSED] - out.println("Value of Execute is : " + ExecuteTC): null

2023-10-02 16:28:54 - [TEST_STEP][PASSED] - if (ExecuteTC.equalsIgnoreCase("Y")): null

2023-10-02 16:28:54 - [TEST_STEP][PASSED] - out.println("Begin Record Number: " + row): null

2023-10-02 16:28:54 - [TEST_STEP][PASSED] - today = new java.util.Date(): null

2023-10-02 16:28:54 - [TEST_STEP][PASSED] - println(today): null

2023-10-02 16:28:54 - [TEST_STEP][PASSED] - datText = today: null

2023-10-02 16:28:54 - [TEST_STEP][PASSED] - Taxtype = findTestData(dataFile).getValue("TaxType", row): null

2023-10-02 16:28:54 - [TEST_STEP][PASSED] - out.println("Taxtype value is : " + Taxtype): null

2023-10-02 16:28:54 - [TEST_STEP][PASSED] - openBrowser(""): Browser is opened with url: ''

2023-10-02 16:28:54 - [MESSAGE][WARNING] - A browser is already opened. Closing browser and opening a new one

2023-10-02 16:28:55 - [MESSAGE][INFO] - Starting 'Chrome' driver

2023-10-02 16:28:55 - [MESSAGE][INFO] - User set preference: ['acceptInsecureCerts', 'true']

2023-10-02 16:28:55 - [MESSAGE][INFO] - Action delay is set to 0 milliseconds

2023-10-02 16:28:57 - [MESSAGE][PASSED] - Browser is opened with url: ''

2023-10-02 16:28:57 - [TEST_STEP][PASSED] - maximizeWindow(): Current window maximized

2023-10-02 16:28:57 - [MESSAGE][PASSED] - Current window maximized

2023-10-02 16:28:57 - [TEST_STEP][PASSED] - navigateToUrl(RADurl): Navigate to 'https://demo.velocitypayment.com/client/rad/index.html' successfully

2023-10-02 16:28:58 - [MESSAGE][PASSED] - Navigate to 'https://demo.velocitypayment.com/client/rad/index.html' successfully

2023-10-02 16:28:58 - [TEST_STEP][PASSED] - orPath_Landing = "Object Repository/RAD_Pages/Landing_Page": null

2023-10-02 16:28:58 - [TEST_STEP][PASSED] - orPath_TaxTypeFilingYear = "Object Repository/RAD_Pages/TaxTypeFilingYear_Page": null

2023-10-02 16:28:58 - [TEST_STEP][PASSED] - orPath_TaxPayer = "Object Repository/RAD_Pages/Taxpayer_Page": null

2023-10-02 16:28:58 - [TEST_STEP][PASSED] - orPath_AddressContact = "Object Repository/RAD_Pages/AddressAndContactInfo_Page": null

2023-10-02 16:28:58 - [TEST_STEP][PASSED] - orPath_FilingStatus = "Object Repository/RAD_Pages/FilingStatus_Page": null

2023-10-02 16:28:58 - [TEST_STEP][PASSED] - orPath_Amount = "Object Repository/RAD_Pages/PaymentAmount_Page": null

2023-10-02 16:28:58 - [TEST_STEP][PASSED] - orPath_TaxInfo = "Object Repository/RAD_Pages/TaxInfo_Page": null

2023-10-02 16:28:58 - [TEST_STEP][PASSED] - orPath_Withholding = "Object Repository/RAD_Pages/Withholding_Page": null

2023-10-02 16:28:58 - [TEST_STEP][PASSED] - orPath_Summary = "Object Repository/RAD_Pages/Summary_Page": null

2023-10-02 16:28:58 - [TEST_STEP][PASSED] - orPath_PaymentReady = "Object Repository/RAD_Pages/PaymentReady_Page": null

2023-10-02 16:28:58 - [TEST_STEP][PASSED] - orPath_PaymentEntry = "Object Repository/RAD_Pages/PaymentEntry_Page": null

2023-10-02 16:28:58 - [TEST_STEP][PASSED] - orPath_PaymentConfirmation = "Object Repository/RAD_Pages/PaymentConfirmation_Page": null

2023-10-02 16:28:58 - [TEST_STEP][PASSED] - orPath_ServiceFeesAccept = "Object Repository/RAD_Pages/ServiceFeeAccept_Page": null

2023-10-02 16:28:58 - [TEST_STEP][PASSED] - selectOptionByLabel(findTestObject(orPath_Landing + "/dd_TaxType"), Paymenttype, false): All options with label 'Existing Liability w/Notice Number' are selected in object 'Object Repository/RAD_Pages/Landing_Page/dd_TaxType' 

2023-10-02 16:28:59 - [MESSAGE][PASSED] - All options with label 'Existing Liability w/Notice Number' are selected in object 'Object Repository/RAD_Pages/Landing_Page/dd_TaxType' 

2023-10-02 16:28:59 - [TEST_STEP][PASSED] - delay(1): Delayed 1 second(s)

2023-10-02 16:29:00 - [MESSAGE][PASSED] - Delayed 1 second(s)

2023-10-02 16:29:00 - [TEST_STEP][PASSED] - switch (Paymenttype): null

2023-10-02 16:29:00 - [TEST_STEP][PASSED] - case "Existing Liability w/Notice Number":: null

2023-10-02 16:29:00 - [TEST_STEP][PASSED] - selectOptionByLabel(findTestObject(orPath_TaxTypeFilingYear + "/select_TaxType_ExistingLiability"), Taxtype, false): All options with label 'Bay Restoration Fee' are selected in object 'Object Repository/RAD_Pages/TaxTypeFilingYear_Page/select_TaxType_ExistingLiability' 

2023-10-02 16:29:01 - [MESSAGE][PASSED] - All options with label 'Bay Restoration Fee' are selected in object 'Object Repository/RAD_Pages/TaxTypeFilingYear_Page/select_TaxType_ExistingLiability' 

2023-10-02 16:29:01 - [TEST_STEP][PASSED] - break: null

2023-10-02 16:29:01 - [TEST_STEP][PASSED] - delay(1): Delayed 1 second(s)

2023-10-02 16:29:02 - [MESSAGE][PASSED] - Delayed 1 second(s)

2023-10-02 16:29:02 - [TEST_STEP][PASSED] - switch (Paymenttype): null

2023-10-02 16:29:02 - [TEST_STEP][PASSED] - case "Existing Liability w/Notice Number":: null

2023-10-02 16:29:02 - [TEST_STEP][PASSED] - if (feinSsn.equalsIgnoreCase("Y")): null

2023-10-02 16:29:02 - [TEST_STEP][PASSED] - else: Text ****** has been set on object 'Object Repository/RAD_RecordAndPlay/input_Existing_RetypeFEIN'

2023-10-02 16:29:02 - [TEST_STEP][PASSED] - setEncryptedText(findTestObject("Object Repository/RAD_RecordAndPlay/input_Existing_FEIN"), "iGDxf8hSRT4="): Text ****** has been set on object 'Object Repository/RAD_RecordAndPlay/input_Existing_FEIN'

2023-10-02 16:29:02 - [MESSAGE][PASSED] - Text ****** has been set on object 'Object Repository/RAD_RecordAndPlay/input_Existing_FEIN'

2023-10-02 16:29:02 - [TEST_STEP][PASSED] - setEncryptedText(findTestObject("Object Repository/RAD_RecordAndPlay/input_Existing_RetypeFEIN"), ""): Text ****** has been set on object 'Object Repository/RAD_RecordAndPlay/input_Existing_RetypeFEIN'

2023-10-02 16:29:04 - [MESSAGE][PASSED] - Text ****** has been set on object 'Object Repository/RAD_RecordAndPlay/input_Existing_RetypeFEIN'

2023-10-02 16:29:04 - [TEST_STEP][PASSED] - break: null

2023-10-02 16:29:04 - [TEST_STEP][PASSED] - if (feinSsn.equalsIgnoreCase("Y")): null

2023-10-02 16:29:04 - [TEST_STEP][PASSED] - else: null

2023-10-02 16:29:04 - [TEST_STEP][PASSED] - if (verifyTextPresent("Please enter a valid FEIN with 9 digits.", true)): null

2023-10-02 16:29:04 - [MESSAGE][PASSED] - Text 'Please enter a valid FEIN with 9 digits.' is present on page  using regular expression

2023-10-02 16:29:04 - [TEST_STEP][PASSED] - println("Error Message is present on the page"): null

2023-10-02 16:29:04 - [TEST_STEP][PASSED] - out.println("Pass Record Number: " + row): null

2023-10-02 16:29:04 - [TEST_STEP][PASSED] - resText = "Pass": null

2023-10-02 16:29:04 - [TEST_STEP][PASSED] - pages.WriteExcel.demoKey(resText, datText, resColumn, datCloumn, fileLoc, nameSheet, row): pages.WriteExcel.demoKey is PASSED

2023-10-02 16:29:04 - [MESSAGE][PASSED] - pages.WriteExcel.demoKey is PASSED

2023-10-02 16:29:04 - [TEST_STEP][PASSED] - ExecuteTC = findTestData(dataFile).getValue("Execute", row): null

2023-10-02 16:29:04 - [TEST_STEP][PASSED] - Taxtype = findTestData(dataFile).getValue("TaxType", row): null

2023-10-02 16:29:04 - [TEST_STEP][PASSED] - Paymenttype = findTestData(dataFile).getValue("PaymentType", row): null

2023-10-02 16:29:04 - [TEST_STEP][PASSED] - feinSsn = findTestData(dataFile).getValue("FEINSSN", row): null

2023-10-02 16:29:04 - [TEST_STEP][PASSED] - out.println("Value of Execute is : " + ExecuteTC): null

2023-10-02 16:29:04 - [TEST_STEP][PASSED] - if (ExecuteTC.equalsIgnoreCase("Y")): null

2023-10-02 16:29:04 - [TEST_STEP][PASSED] - out.println("Begin Record Number: " + row): null

2023-10-02 16:29:04 - [TEST_STEP][PASSED] - today = new java.util.Date(): null

2023-10-02 16:29:04 - [TEST_STEP][PASSED] - println(today): null

2023-10-02 16:29:04 - [TEST_STEP][PASSED] - datText = today: null

2023-10-02 16:29:04 - [TEST_STEP][PASSED] - Taxtype = findTestData(dataFile).getValue("TaxType", row): null

2023-10-02 16:29:04 - [TEST_STEP][PASSED] - out.println("Taxtype value is : " + Taxtype): null

2023-10-02 16:29:04 - [TEST_STEP][PASSED] - openBrowser(""): Browser is opened with url: ''

2023-10-02 16:29:04 - [MESSAGE][WARNING] - A browser is already opened. Closing browser and opening a new one

2023-10-02 16:29:05 - [MESSAGE][INFO] - Starting 'Chrome' driver

2023-10-02 16:29:05 - [MESSAGE][INFO] - User set preference: ['acceptInsecureCerts', 'true']

2023-10-02 16:29:05 - [MESSAGE][INFO] - Action delay is set to 0 milliseconds

2023-10-02 16:29:07 - [MESSAGE][PASSED] - Browser is opened with url: ''

2023-10-02 16:29:07 - [TEST_STEP][PASSED] - maximizeWindow(): Current window maximized

2023-10-02 16:29:07 - [MESSAGE][PASSED] - Current window maximized

2023-10-02 16:29:07 - [TEST_STEP][PASSED] - navigateToUrl(RADurl): Navigate to 'https://demo.velocitypayment.com/client/rad/index.html' successfully

2023-10-02 16:29:08 - [MESSAGE][PASSED] - Navigate to 'https://demo.velocitypayment.com/client/rad/index.html' successfully

2023-10-02 16:29:08 - [TEST_STEP][PASSED] - orPath_Landing = "Object Repository/RAD_Pages/Landing_Page": null

2023-10-02 16:29:08 - [TEST_STEP][PASSED] - orPath_TaxTypeFilingYear = "Object Repository/RAD_Pages/TaxTypeFilingYear_Page": null

2023-10-02 16:29:08 - [TEST_STEP][PASSED] - orPath_TaxPayer = "Object Repository/RAD_Pages/Taxpayer_Page": null

2023-10-02 16:29:08 - [TEST_STEP][PASSED] - orPath_AddressContact = "Object Repository/RAD_Pages/AddressAndContactInfo_Page": null

2023-10-02 16:29:08 - [TEST_STEP][PASSED] - orPath_FilingStatus = "Object Repository/RAD_Pages/FilingStatus_Page": null

2023-10-02 16:29:08 - [TEST_STEP][PASSED] - orPath_Amount = "Object Repository/RAD_Pages/PaymentAmount_Page": null

2023-10-02 16:29:08 - [TEST_STEP][PASSED] - orPath_TaxInfo = "Object Repository/RAD_Pages/TaxInfo_Page": null

2023-10-02 16:29:08 - [TEST_STEP][PASSED] - orPath_Withholding = "Object Repository/RAD_Pages/Withholding_Page": null

2023-10-02 16:29:08 - [TEST_STEP][PASSED] - orPath_Summary = "Object Repository/RAD_Pages/Summary_Page": null

2023-10-02 16:29:08 - [TEST_STEP][PASSED] - orPath_PaymentReady = "Object Repository/RAD_Pages/PaymentReady_Page": null

2023-10-02 16:29:08 - [TEST_STEP][PASSED] - orPath_PaymentEntry = "Object Repository/RAD_Pages/PaymentEntry_Page": null

2023-10-02 16:29:08 - [TEST_STEP][PASSED] - orPath_PaymentConfirmation = "Object Repository/RAD_Pages/PaymentConfirmation_Page": null

2023-10-02 16:29:08 - [TEST_STEP][PASSED] - orPath_ServiceFeesAccept = "Object Repository/RAD_Pages/ServiceFeeAccept_Page": null

2023-10-02 16:29:08 - [TEST_STEP][PASSED] - selectOptionByLabel(findTestObject(orPath_Landing + "/dd_TaxType"), Paymenttype, false): All options with label 'Existing Liability w/Notice Number' are selected in object 'Object Repository/RAD_Pages/Landing_Page/dd_TaxType' 

2023-10-02 16:29:09 - [MESSAGE][PASSED] - All options with label 'Existing Liability w/Notice Number' are selected in object 'Object Repository/RAD_Pages/Landing_Page/dd_TaxType' 

2023-10-02 16:29:09 - [TEST_STEP][PASSED] - delay(1): Delayed 1 second(s)

2023-10-02 16:29:10 - [MESSAGE][PASSED] - Delayed 1 second(s)

2023-10-02 16:29:10 - [TEST_STEP][PASSED] - switch (Paymenttype): null

2023-10-02 16:29:10 - [TEST_STEP][PASSED] - case "Existing Liability w/Notice Number":: null

2023-10-02 16:29:10 - [TEST_STEP][PASSED] - selectOptionByLabel(findTestObject(orPath_TaxTypeFilingYear + "/select_TaxType_ExistingLiability"), Taxtype, false): All options with label 'Corporate Income Tax' are selected in object 'Object Repository/RAD_Pages/TaxTypeFilingYear_Page/select_TaxType_ExistingLiability' 

2023-10-02 16:29:11 - [MESSAGE][PASSED] - All options with label 'Corporate Income Tax' are selected in object 'Object Repository/RAD_Pages/TaxTypeFilingYear_Page/select_TaxType_ExistingLiability' 

2023-10-02 16:29:11 - [TEST_STEP][PASSED] - break: null

2023-10-02 16:29:11 - [TEST_STEP][PASSED] - delay(1): Delayed 1 second(s)

2023-10-02 16:29:12 - [MESSAGE][PASSED] - Delayed 1 second(s)

2023-10-02 16:29:12 - [TEST_STEP][PASSED] - switch (Paymenttype): null

2023-10-02 16:29:12 - [TEST_STEP][PASSED] - case "Existing Liability w/Notice Number":: null

2023-10-02 16:29:12 - [TEST_STEP][PASSED] - if (feinSsn.equalsIgnoreCase("Y")): null

2023-10-02 16:29:12 - [TEST_STEP][PASSED] - else: Text ****** has been set on object 'Object Repository/RAD_RecordAndPlay/input_Existing_RetypeFEIN'

2023-10-02 16:29:12 - [TEST_STEP][PASSED] - setEncryptedText(findTestObject("Object Repository/RAD_RecordAndPlay/input_Existing_FEIN"), "iGDxf8hSRT4="): Text ****** has been set on object 'Object Repository/RAD_RecordAndPlay/input_Existing_FEIN'

2023-10-02 16:29:12 - [MESSAGE][PASSED] - Text ****** has been set on object 'Object Repository/RAD_RecordAndPlay/input_Existing_FEIN'

2023-10-02 16:29:13 - [TEST_STEP][PASSED] - setEncryptedText(findTestObject("Object Repository/RAD_RecordAndPlay/input_Existing_RetypeFEIN"), ""): Text ****** has been set on object 'Object Repository/RAD_RecordAndPlay/input_Existing_RetypeFEIN'

2023-10-02 16:29:14 - [MESSAGE][PASSED] - Text ****** has been set on object 'Object Repository/RAD_RecordAndPlay/input_Existing_RetypeFEIN'

2023-10-02 16:29:14 - [TEST_STEP][PASSED] - break: null

2023-10-02 16:29:14 - [TEST_STEP][PASSED] - if (feinSsn.equalsIgnoreCase("Y")): null

2023-10-02 16:29:14 - [TEST_STEP][PASSED] - else: null

2023-10-02 16:29:14 - [TEST_STEP][PASSED] - if (verifyTextPresent("Please enter a valid FEIN with 9 digits.", true)): null

2023-10-02 16:29:15 - [MESSAGE][PASSED] - Text 'Please enter a valid FEIN with 9 digits.' is present on page  using regular expression

2023-10-02 16:29:15 - [TEST_STEP][PASSED] - println("Error Message is present on the page"): null

2023-10-02 16:29:15 - [TEST_STEP][PASSED] - out.println("Pass Record Number: " + row): null

2023-10-02 16:29:15 - [TEST_STEP][PASSED] - resText = "Pass": null

2023-10-02 16:29:15 - [TEST_STEP][PASSED] - pages.WriteExcel.demoKey(resText, datText, resColumn, datCloumn, fileLoc, nameSheet, row): pages.WriteExcel.demoKey is PASSED

2023-10-02 16:29:15 - [MESSAGE][PASSED] - pages.WriteExcel.demoKey is PASSED

2023-10-02 16:29:15 - [TEST_STEP][PASSED] - ExecuteTC = findTestData(dataFile).getValue("Execute", row): null

2023-10-02 16:29:15 - [TEST_STEP][PASSED] - Taxtype = findTestData(dataFile).getValue("TaxType", row): null

2023-10-02 16:29:15 - [TEST_STEP][PASSED] - Paymenttype = findTestData(dataFile).getValue("PaymentType", row): null

2023-10-02 16:29:15 - [TEST_STEP][PASSED] - feinSsn = findTestData(dataFile).getValue("FEINSSN", row): null

2023-10-02 16:29:15 - [TEST_STEP][PASSED] - out.println("Value of Execute is : " + ExecuteTC): null

2023-10-02 16:29:15 - [TEST_STEP][PASSED] - if (ExecuteTC.equalsIgnoreCase("Y")): null

2023-10-02 16:29:15 - [TEST_STEP][PASSED] - out.println("Begin Record Number: " + row): null

2023-10-02 16:29:15 - [TEST_STEP][PASSED] - today = new java.util.Date(): null

2023-10-02 16:29:15 - [TEST_STEP][PASSED] - println(today): null

2023-10-02 16:29:15 - [TEST_STEP][PASSED] - datText = today: null

2023-10-02 16:29:15 - [TEST_STEP][PASSED] - Taxtype = findTestData(dataFile).getValue("TaxType", row): null

2023-10-02 16:29:15 - [TEST_STEP][PASSED] - out.println("Taxtype value is : " + Taxtype): null

2023-10-02 16:29:15 - [TEST_STEP][PASSED] - openBrowser(""): Browser is opened with url: ''

2023-10-02 16:29:15 - [MESSAGE][WARNING] - A browser is already opened. Closing browser and opening a new one

2023-10-02 16:29:16 - [MESSAGE][INFO] - Starting 'Chrome' driver

2023-10-02 16:29:16 - [MESSAGE][INFO] - User set preference: ['acceptInsecureCerts', 'true']

2023-10-02 16:29:16 - [MESSAGE][INFO] - Action delay is set to 0 milliseconds

2023-10-02 16:29:17 - [MESSAGE][PASSED] - Browser is opened with url: ''

2023-10-02 16:29:17 - [TEST_STEP][PASSED] - maximizeWindow(): Current window maximized

2023-10-02 16:29:17 - [MESSAGE][PASSED] - Current window maximized

2023-10-02 16:29:17 - [TEST_STEP][PASSED] - navigateToUrl(RADurl): Navigate to 'https://demo.velocitypayment.com/client/rad/index.html' successfully

2023-10-02 16:29:23 - [MESSAGE][PASSED] - Navigate to 'https://demo.velocitypayment.com/client/rad/index.html' successfully

2023-10-02 16:29:23 - [TEST_STEP][PASSED] - orPath_Landing = "Object Repository/RAD_Pages/Landing_Page": null

2023-10-02 16:29:23 - [TEST_STEP][PASSED] - orPath_TaxTypeFilingYear = "Object Repository/RAD_Pages/TaxTypeFilingYear_Page": null

2023-10-02 16:29:23 - [TEST_STEP][PASSED] - orPath_TaxPayer = "Object Repository/RAD_Pages/Taxpayer_Page": null

2023-10-02 16:29:23 - [TEST_STEP][PASSED] - orPath_AddressContact = "Object Repository/RAD_Pages/AddressAndContactInfo_Page": null

2023-10-02 16:29:23 - [TEST_STEP][PASSED] - orPath_FilingStatus = "Object Repository/RAD_Pages/FilingStatus_Page": null

2023-10-02 16:29:23 - [TEST_STEP][PASSED] - orPath_Amount = "Object Repository/RAD_Pages/PaymentAmount_Page": null

2023-10-02 16:29:23 - [TEST_STEP][PASSED] - orPath_TaxInfo = "Object Repository/RAD_Pages/TaxInfo_Page": null

2023-10-02 16:29:23 - [TEST_STEP][PASSED] - orPath_Withholding = "Object Repository/RAD_Pages/Withholding_Page": null

2023-10-02 16:29:23 - [TEST_STEP][PASSED] - orPath_Summary = "Object Repository/RAD_Pages/Summary_Page": null

2023-10-02 16:29:23 - [TEST_STEP][PASSED] - orPath_PaymentReady = "Object Repository/RAD_Pages/PaymentReady_Page": null

2023-10-02 16:29:23 - [TEST_STEP][PASSED] - orPath_PaymentEntry = "Object Repository/RAD_Pages/PaymentEntry_Page": null

2023-10-02 16:29:23 - [TEST_STEP][PASSED] - orPath_PaymentConfirmation = "Object Repository/RAD_Pages/PaymentConfirmation_Page": null

2023-10-02 16:29:23 - [TEST_STEP][PASSED] - orPath_ServiceFeesAccept = "Object Repository/RAD_Pages/ServiceFeeAccept_Page": null

2023-10-02 16:29:23 - [TEST_STEP][PASSED] - selectOptionByLabel(findTestObject(orPath_Landing + "/dd_TaxType"), Paymenttype, false): All options with label 'Existing Liability w/Notice Number' are selected in object 'Object Repository/RAD_Pages/Landing_Page/dd_TaxType' 

2023-10-02 16:29:23 - [MESSAGE][PASSED] - All options with label 'Existing Liability w/Notice Number' are selected in object 'Object Repository/RAD_Pages/Landing_Page/dd_TaxType' 

2023-10-02 16:29:23 - [TEST_STEP][PASSED] - delay(1): Delayed 1 second(s)

2023-10-02 16:29:24 - [MESSAGE][PASSED] - Delayed 1 second(s)

2023-10-02 16:29:24 - [TEST_STEP][PASSED] - switch (Paymenttype): null

2023-10-02 16:29:24 - [TEST_STEP][PASSED] - case "Existing Liability w/Notice Number":: null

2023-10-02 16:29:24 - [TEST_STEP][PASSED] - selectOptionByLabel(findTestObject(orPath_TaxTypeFilingYear + "/select_TaxType_ExistingLiability"), Taxtype, false): All options with label 'Fiduciary Tax' are selected in object 'Object Repository/RAD_Pages/TaxTypeFilingYear_Page/select_TaxType_ExistingLiability' 

2023-10-02 16:29:25 - [MESSAGE][PASSED] - All options with label 'Fiduciary Tax' are selected in object 'Object Repository/RAD_Pages/TaxTypeFilingYear_Page/select_TaxType_ExistingLiability' 

2023-10-02 16:29:25 - [TEST_STEP][PASSED] - break: null

2023-10-02 16:29:25 - [TEST_STEP][PASSED] - delay(1): Delayed 1 second(s)

2023-10-02 16:29:26 - [MESSAGE][PASSED] - Delayed 1 second(s)

2023-10-02 16:29:26 - [TEST_STEP][PASSED] - switch (Paymenttype): null

2023-10-02 16:29:26 - [TEST_STEP][PASSED] - case "Existing Liability w/Notice Number":: null

2023-10-02 16:29:26 - [TEST_STEP][PASSED] - if (feinSsn.equalsIgnoreCase("Y")): null

2023-10-02 16:29:26 - [TEST_STEP][PASSED] - else: Text ****** has been set on object 'Object Repository/RAD_RecordAndPlay/input_Existing_RetypeFEIN'

2023-10-02 16:29:26 - [TEST_STEP][PASSED] - setEncryptedText(findTestObject("Object Repository/RAD_RecordAndPlay/input_Existing_FEIN"), "iGDxf8hSRT4="): Text ****** has been set on object 'Object Repository/RAD_RecordAndPlay/input_Existing_FEIN'

2023-10-02 16:29:26 - [MESSAGE][PASSED] - Text ****** has been set on object 'Object Repository/RAD_RecordAndPlay/input_Existing_FEIN'

2023-10-02 16:29:27 - [TEST_STEP][PASSED] - setEncryptedText(findTestObject("Object Repository/RAD_RecordAndPlay/input_Existing_RetypeFEIN"), ""): Text ****** has been set on object 'Object Repository/RAD_RecordAndPlay/input_Existing_RetypeFEIN'

2023-10-02 16:29:28 - [MESSAGE][PASSED] - Text ****** has been set on object 'Object Repository/RAD_RecordAndPlay/input_Existing_RetypeFEIN'

2023-10-02 16:29:28 - [TEST_STEP][PASSED] - break: null

2023-10-02 16:29:28 - [TEST_STEP][PASSED] - if (feinSsn.equalsIgnoreCase("Y")): null

2023-10-02 16:29:28 - [TEST_STEP][PASSED] - else: null

2023-10-02 16:29:28 - [TEST_STEP][PASSED] - if (verifyTextPresent("Please enter a valid FEIN with 9 digits.", true)): null

2023-10-02 16:29:29 - [MESSAGE][PASSED] - Text 'Please enter a valid FEIN with 9 digits.' is present on page  using regular expression

2023-10-02 16:29:29 - [TEST_STEP][PASSED] - println("Error Message is present on the page"): null

2023-10-02 16:29:29 - [TEST_STEP][PASSED] - out.println("Pass Record Number: " + row): null

2023-10-02 16:29:29 - [TEST_STEP][PASSED] - resText = "Pass": null

2023-10-02 16:29:29 - [TEST_STEP][PASSED] - pages.WriteExcel.demoKey(resText, datText, resColumn, datCloumn, fileLoc, nameSheet, row): pages.WriteExcel.demoKey is PASSED

2023-10-02 16:29:29 - [MESSAGE][PASSED] - pages.WriteExcel.demoKey is PASSED

2023-10-02 16:29:29 - [TEST_STEP][PASSED] - ExecuteTC = findTestData(dataFile).getValue("Execute", row): null

2023-10-02 16:29:29 - [TEST_STEP][PASSED] - Taxtype = findTestData(dataFile).getValue("TaxType", row): null

2023-10-02 16:29:29 - [TEST_STEP][PASSED] - Paymenttype = findTestData(dataFile).getValue("PaymentType", row): null

2023-10-02 16:29:29 - [TEST_STEP][PASSED] - feinSsn = findTestData(dataFile).getValue("FEINSSN", row): null

2023-10-02 16:29:29 - [TEST_STEP][PASSED] - out.println("Value of Execute is : " + ExecuteTC): null

2023-10-02 16:29:29 - [TEST_STEP][PASSED] - if (ExecuteTC.equalsIgnoreCase("Y")): null

2023-10-02 16:29:29 - [TEST_STEP][PASSED] - out.println("Begin Record Number: " + row): null

2023-10-02 16:29:29 - [TEST_STEP][PASSED] - today = new java.util.Date(): null

2023-10-02 16:29:29 - [TEST_STEP][PASSED] - println(today): null

2023-10-02 16:29:29 - [TEST_STEP][PASSED] - datText = today: null

2023-10-02 16:29:29 - [TEST_STEP][PASSED] - Taxtype = findTestData(dataFile).getValue("TaxType", row): null

2023-10-02 16:29:29 - [TEST_STEP][PASSED] - out.println("Taxtype value is : " + Taxtype): null

2023-10-02 16:29:29 - [TEST_STEP][PASSED] - openBrowser(""): Browser is opened with url: ''

2023-10-02 16:29:29 - [MESSAGE][WARNING] - A browser is already opened. Closing browser and opening a new one

2023-10-02 16:29:30 - [MESSAGE][INFO] - Starting 'Chrome' driver

2023-10-02 16:29:30 - [MESSAGE][INFO] - User set preference: ['acceptInsecureCerts', 'true']

2023-10-02 16:29:30 - [MESSAGE][INFO] - Action delay is set to 0 milliseconds

2023-10-02 16:29:31 - [MESSAGE][PASSED] - Browser is opened with url: ''

2023-10-02 16:29:31 - [TEST_STEP][PASSED] - maximizeWindow(): Current window maximized

2023-10-02 16:29:31 - [MESSAGE][PASSED] - Current window maximized

2023-10-02 16:29:31 - [TEST_STEP][PASSED] - navigateToUrl(RADurl): Navigate to 'https://demo.velocitypayment.com/client/rad/index.html' successfully

2023-10-02 16:29:33 - [MESSAGE][PASSED] - Navigate to 'https://demo.velocitypayment.com/client/rad/index.html' successfully

2023-10-02 16:29:33 - [TEST_STEP][PASSED] - orPath_Landing = "Object Repository/RAD_Pages/Landing_Page": null

2023-10-02 16:29:33 - [TEST_STEP][PASSED] - orPath_TaxTypeFilingYear = "Object Repository/RAD_Pages/TaxTypeFilingYear_Page": null

2023-10-02 16:29:33 - [TEST_STEP][PASSED] - orPath_TaxPayer = "Object Repository/RAD_Pages/Taxpayer_Page": null

2023-10-02 16:29:33 - [TEST_STEP][PASSED] - orPath_AddressContact = "Object Repository/RAD_Pages/AddressAndContactInfo_Page": null

2023-10-02 16:29:33 - [TEST_STEP][PASSED] - orPath_FilingStatus = "Object Repository/RAD_Pages/FilingStatus_Page": null

2023-10-02 16:29:33 - [TEST_STEP][PASSED] - orPath_Amount = "Object Repository/RAD_Pages/PaymentAmount_Page": null

2023-10-02 16:29:33 - [TEST_STEP][PASSED] - orPath_TaxInfo = "Object Repository/RAD_Pages/TaxInfo_Page": null

2023-10-02 16:29:33 - [TEST_STEP][PASSED] - orPath_Withholding = "Object Repository/RAD_Pages/Withholding_Page": null

2023-10-02 16:29:33 - [TEST_STEP][PASSED] - orPath_Summary = "Object Repository/RAD_Pages/Summary_Page": null

2023-10-02 16:29:33 - [TEST_STEP][PASSED] - orPath_PaymentReady = "Object Repository/RAD_Pages/PaymentReady_Page": null

2023-10-02 16:29:33 - [TEST_STEP][PASSED] - orPath_PaymentEntry = "Object Repository/RAD_Pages/PaymentEntry_Page": null

2023-10-02 16:29:33 - [TEST_STEP][PASSED] - orPath_PaymentConfirmation = "Object Repository/RAD_Pages/PaymentConfirmation_Page": null

2023-10-02 16:29:33 - [TEST_STEP][PASSED] - orPath_ServiceFeesAccept = "Object Repository/RAD_Pages/ServiceFeeAccept_Page": null

2023-10-02 16:29:33 - [TEST_STEP][PASSED] - selectOptionByLabel(findTestObject(orPath_Landing + "/dd_TaxType"), Paymenttype, false): All options with label 'Existing Liability w/Notice Number' are selected in object 'Object Repository/RAD_Pages/Landing_Page/dd_TaxType' 

2023-10-02 16:29:33 - [MESSAGE][PASSED] - All options with label 'Existing Liability w/Notice Number' are selected in object 'Object Repository/RAD_Pages/Landing_Page/dd_TaxType' 

2023-10-02 16:29:33 - [TEST_STEP][PASSED] - delay(1): Delayed 1 second(s)

2023-10-02 16:29:34 - [MESSAGE][PASSED] - Delayed 1 second(s)

2023-10-02 16:29:34 - [TEST_STEP][PASSED] - switch (Paymenttype): null

2023-10-02 16:29:34 - [TEST_STEP][PASSED] - case "Existing Liability w/Notice Number":: null

2023-10-02 16:29:34 - [TEST_STEP][PASSED] - selectOptionByLabel(findTestObject(orPath_TaxTypeFilingYear + "/select_TaxType_ExistingLiability"), Taxtype, false): All options with label 'PTE Non-Electing Non-S Corp' are selected in object 'Object Repository/RAD_Pages/TaxTypeFilingYear_Page/select_TaxType_ExistingLiability' 

2023-10-02 16:29:35 - [MESSAGE][PASSED] - All options with label 'PTE Non-Electing Non-S Corp' are selected in object 'Object Repository/RAD_Pages/TaxTypeFilingYear_Page/select_TaxType_ExistingLiability' 

2023-10-02 16:29:35 - [TEST_STEP][PASSED] - break: null

2023-10-02 16:29:35 - [TEST_STEP][PASSED] - delay(1): Delayed 1 second(s)

2023-10-02 16:29:36 - [MESSAGE][PASSED] - Delayed 1 second(s)

2023-10-02 16:29:36 - [TEST_STEP][PASSED] - switch (Paymenttype): null

2023-10-02 16:29:36 - [TEST_STEP][PASSED] - case "Existing Liability w/Notice Number":: null

2023-10-02 16:29:36 - [TEST_STEP][PASSED] - if (feinSsn.equalsIgnoreCase("Y")): Text ****** has been set on object 'Object Repository/RAD_Pages/TaxInfo_Page/input_TaxInfo_RefeinSsn_Existing'

2023-10-02 16:29:36 - [TEST_STEP][PASSED] - setEncryptedText(findTestObject(orPath_TaxInfo + "/input_TaxInfo_feinSsn_Existing"), "iGDxf8hSRT4="): Text ****** has been set on object 'Object Repository/RAD_Pages/TaxInfo_Page/input_TaxInfo_feinSsn_Existing'

2023-10-02 16:29:37 - [MESSAGE][PASSED] - Text ****** has been set on object 'Object Repository/RAD_Pages/TaxInfo_Page/input_TaxInfo_feinSsn_Existing'

2023-10-02 16:29:37 - [TEST_STEP][PASSED] - setEncryptedText(findTestObject(orPath_TaxInfo + "/input_TaxInfo_RefeinSsn_Existing"), ""): Text ****** has been set on object 'Object Repository/RAD_Pages/TaxInfo_Page/input_TaxInfo_RefeinSsn_Existing'

2023-10-02 16:29:38 - [MESSAGE][PASSED] - Text ****** has been set on object 'Object Repository/RAD_Pages/TaxInfo_Page/input_TaxInfo_RefeinSsn_Existing'

2023-10-02 16:29:38 - [TEST_STEP][PASSED] - break: null

2023-10-02 16:29:38 - [TEST_STEP][PASSED] - if (feinSsn.equalsIgnoreCase("Y")): null

2023-10-02 16:29:38 - [TEST_STEP][PASSED] - if (verifyTextPresent("Please enter a valid FEIN/SSN with 9 digits", true)): null

2023-10-02 16:29:38 - [MESSAGE][PASSED] - Text 'Please enter a valid FEIN/SSN with 9 digits' is present on page  using regular expression

2023-10-02 16:29:38 - [TEST_STEP][PASSED] - println("Error Message is present on the page"): null

2023-10-02 16:29:38 - [TEST_STEP][PASSED] - out.println("Pass Record Number: " + row): null

2023-10-02 16:29:38 - [TEST_STEP][PASSED] - resText = "Pass": null

2023-10-02 16:29:38 - [TEST_STEP][PASSED] - pages.WriteExcel.demoKey(resText, datText, resColumn, datCloumn, fileLoc, nameSheet, row): pages.WriteExcel.demoKey is PASSED

2023-10-02 16:29:39 - [MESSAGE][PASSED] - pages.WriteExcel.demoKey is PASSED

2023-10-02 16:29:39 - [TEST_STEP][PASSED] - ExecuteTC = findTestData(dataFile).getValue("Execute", row): null

2023-10-02 16:29:39 - [TEST_STEP][PASSED] - Taxtype = findTestData(dataFile).getValue("TaxType", row): null

2023-10-02 16:29:39 - [TEST_STEP][PASSED] - Paymenttype = findTestData(dataFile).getValue("PaymentType", row): null

2023-10-02 16:29:39 - [TEST_STEP][PASSED] - feinSsn = findTestData(dataFile).getValue("FEINSSN", row): null

2023-10-02 16:29:39 - [TEST_STEP][PASSED] - out.println("Value of Execute is : " + ExecuteTC): null

2023-10-02 16:29:39 - [TEST_STEP][PASSED] - if (ExecuteTC.equalsIgnoreCase("Y")): null

2023-10-02 16:29:39 - [TEST_STEP][PASSED] - out.println("Begin Record Number: " + row): null

2023-10-02 16:29:39 - [TEST_STEP][PASSED] - today = new java.util.Date(): null

2023-10-02 16:29:39 - [TEST_STEP][PASSED] - println(today): null

2023-10-02 16:29:39 - [TEST_STEP][PASSED] - datText = today: null

2023-10-02 16:29:39 - [TEST_STEP][PASSED] - Taxtype = findTestData(dataFile).getValue("TaxType", row): null

2023-10-02 16:29:39 - [TEST_STEP][PASSED] - out.println("Taxtype value is : " + Taxtype): null

2023-10-02 16:29:39 - [TEST_STEP][PASSED] - openBrowser(""): Browser is opened with url: ''

2023-10-02 16:29:39 - [MESSAGE][WARNING] - A browser is already opened. Closing browser and opening a new one

2023-10-02 16:29:40 - [MESSAGE][INFO] - Starting 'Chrome' driver

2023-10-02 16:29:40 - [MESSAGE][INFO] - User set preference: ['acceptInsecureCerts', 'true']

2023-10-02 16:29:40 - [MESSAGE][INFO] - Action delay is set to 0 milliseconds

2023-10-02 16:29:41 - [MESSAGE][PASSED] - Browser is opened with url: ''

2023-10-02 16:29:41 - [TEST_STEP][PASSED] - maximizeWindow(): Current window maximized

2023-10-02 16:29:41 - [MESSAGE][PASSED] - Current window maximized

2023-10-02 16:29:41 - [TEST_STEP][PASSED] - navigateToUrl(RADurl): Navigate to 'https://demo.velocitypayment.com/client/rad/index.html' successfully

2023-10-02 16:29:43 - [MESSAGE][PASSED] - Navigate to 'https://demo.velocitypayment.com/client/rad/index.html' successfully

2023-10-02 16:29:43 - [TEST_STEP][PASSED] - orPath_Landing = "Object Repository/RAD_Pages/Landing_Page": null

2023-10-02 16:29:43 - [TEST_STEP][PASSED] - orPath_TaxTypeFilingYear = "Object Repository/RAD_Pages/TaxTypeFilingYear_Page": null

2023-10-02 16:29:43 - [TEST_STEP][PASSED] - orPath_TaxPayer = "Object Repository/RAD_Pages/Taxpayer_Page": null

2023-10-02 16:29:43 - [TEST_STEP][PASSED] - orPath_AddressContact = "Object Repository/RAD_Pages/AddressAndContactInfo_Page": null

2023-10-02 16:29:43 - [TEST_STEP][PASSED] - orPath_FilingStatus = "Object Repository/RAD_Pages/FilingStatus_Page": null

2023-10-02 16:29:43 - [TEST_STEP][PASSED] - orPath_Amount = "Object Repository/RAD_Pages/PaymentAmount_Page": null

2023-10-02 16:29:43 - [TEST_STEP][PASSED] - orPath_TaxInfo = "Object Repository/RAD_Pages/TaxInfo_Page": null

2023-10-02 16:29:43 - [TEST_STEP][PASSED] - orPath_Withholding = "Object Repository/RAD_Pages/Withholding_Page": null

2023-10-02 16:29:43 - [TEST_STEP][PASSED] - orPath_Summary = "Object Repository/RAD_Pages/Summary_Page": null

2023-10-02 16:29:43 - [TEST_STEP][PASSED] - orPath_PaymentReady = "Object Repository/RAD_Pages/PaymentReady_Page": null

2023-10-02 16:29:43 - [TEST_STEP][PASSED] - orPath_PaymentEntry = "Object Repository/RAD_Pages/PaymentEntry_Page": null

2023-10-02 16:29:43 - [TEST_STEP][PASSED] - orPath_PaymentConfirmation = "Object Repository/RAD_Pages/PaymentConfirmation_Page": null

2023-10-02 16:29:43 - [TEST_STEP][PASSED] - orPath_ServiceFeesAccept = "Object Repository/RAD_Pages/ServiceFeeAccept_Page": null

2023-10-02 16:29:43 - [TEST_STEP][PASSED] - selectOptionByLabel(findTestObject(orPath_Landing + "/dd_TaxType"), Paymenttype, false): All options with label 'Existing Liability w/Notice Number' are selected in object 'Object Repository/RAD_Pages/Landing_Page/dd_TaxType' 

2023-10-02 16:29:43 - [MESSAGE][PASSED] - All options with label 'Existing Liability w/Notice Number' are selected in object 'Object Repository/RAD_Pages/Landing_Page/dd_TaxType' 

2023-10-02 16:29:43 - [TEST_STEP][PASSED] - delay(1): Delayed 1 second(s)

2023-10-02 16:29:44 - [MESSAGE][PASSED] - Delayed 1 second(s)

2023-10-02 16:29:44 - [TEST_STEP][PASSED] - switch (Paymenttype): null

2023-10-02 16:29:44 - [TEST_STEP][PASSED] - case "Existing Liability w/Notice Number":: null

2023-10-02 16:29:44 - [TEST_STEP][PASSED] - selectOptionByLabel(findTestObject(orPath_TaxTypeFilingYear + "/select_TaxType_ExistingLiability"), Taxtype, false): All options with label 'PTE Non-Electing S Corp' are selected in object 'Object Repository/RAD_Pages/TaxTypeFilingYear_Page/select_TaxType_ExistingLiability' 

2023-10-02 16:29:45 - [MESSAGE][PASSED] - All options with label 'PTE Non-Electing S Corp' are selected in object 'Object Repository/RAD_Pages/TaxTypeFilingYear_Page/select_TaxType_ExistingLiability' 

2023-10-02 16:29:45 - [TEST_STEP][PASSED] - break: null

2023-10-02 16:29:45 - [TEST_STEP][PASSED] - delay(1): Delayed 1 second(s)

2023-10-02 16:29:46 - [MESSAGE][PASSED] - Delayed 1 second(s)

2023-10-02 16:29:46 - [TEST_STEP][PASSED] - switch (Paymenttype): null

2023-10-02 16:29:46 - [TEST_STEP][PASSED] - case "Existing Liability w/Notice Number":: null

2023-10-02 16:29:46 - [TEST_STEP][PASSED] - if (feinSsn.equalsIgnoreCase("Y")): Text ****** has been set on object 'Object Repository/RAD_Pages/TaxInfo_Page/input_TaxInfo_RefeinSsn_Existing'

2023-10-02 16:29:46 - [TEST_STEP][PASSED] - setEncryptedText(findTestObject(orPath_TaxInfo + "/input_TaxInfo_feinSsn_Existing"), "iGDxf8hSRT4="): Text ****** has been set on object 'Object Repository/RAD_Pages/TaxInfo_Page/input_TaxInfo_feinSsn_Existing'

2023-10-02 16:29:47 - [MESSAGE][PASSED] - Text ****** has been set on object 'Object Repository/RAD_Pages/TaxInfo_Page/input_TaxInfo_feinSsn_Existing'

2023-10-02 16:29:47 - [TEST_STEP][PASSED] - setEncryptedText(findTestObject(orPath_TaxInfo + "/input_TaxInfo_RefeinSsn_Existing"), ""): Text ****** has been set on object 'Object Repository/RAD_Pages/TaxInfo_Page/input_TaxInfo_RefeinSsn_Existing'

2023-10-02 16:29:48 - [MESSAGE][PASSED] - Text ****** has been set on object 'Object Repository/RAD_Pages/TaxInfo_Page/input_TaxInfo_RefeinSsn_Existing'

2023-10-02 16:29:48 - [TEST_STEP][PASSED] - break: null

2023-10-02 16:29:48 - [TEST_STEP][PASSED] - if (feinSsn.equalsIgnoreCase("Y")): null

2023-10-02 16:29:48 - [TEST_STEP][PASSED] - if (verifyTextPresent("Please enter a valid FEIN/SSN with 9 digits", true)): null

2023-10-02 16:29:49 - [MESSAGE][PASSED] - Text 'Please enter a valid FEIN/SSN with 9 digits' is present on page  using regular expression

2023-10-02 16:29:49 - [TEST_STEP][PASSED] - println("Error Message is present on the page"): null

2023-10-02 16:29:49 - [TEST_STEP][PASSED] - out.println("Pass Record Number: " + row): null

2023-10-02 16:29:49 - [TEST_STEP][PASSED] - resText = "Pass": null

2023-10-02 16:29:49 - [TEST_STEP][PASSED] - pages.WriteExcel.demoKey(resText, datText, resColumn, datCloumn, fileLoc, nameSheet, row): pages.WriteExcel.demoKey is PASSED

2023-10-02 16:29:49 - [MESSAGE][PASSED] - pages.WriteExcel.demoKey is PASSED

2023-10-02 16:29:49 - [TEST_STEP][PASSED] - ExecuteTC = findTestData(dataFile).getValue("Execute", row): null

2023-10-02 16:29:49 - [TEST_STEP][PASSED] - Taxtype = findTestData(dataFile).getValue("TaxType", row): null

2023-10-02 16:29:49 - [TEST_STEP][PASSED] - Paymenttype = findTestData(dataFile).getValue("PaymentType", row): null

2023-10-02 16:29:49 - [TEST_STEP][PASSED] - feinSsn = findTestData(dataFile).getValue("FEINSSN", row): null

2023-10-02 16:29:49 - [TEST_STEP][PASSED] - out.println("Value of Execute is : " + ExecuteTC): null

2023-10-02 16:29:49 - [TEST_STEP][PASSED] - if (ExecuteTC.equalsIgnoreCase("Y")): null

2023-10-02 16:29:49 - [TEST_STEP][PASSED] - out.println("Begin Record Number: " + row): null

2023-10-02 16:29:49 - [TEST_STEP][PASSED] - today = new java.util.Date(): null

2023-10-02 16:29:49 - [TEST_STEP][PASSED] - println(today): null

2023-10-02 16:29:49 - [TEST_STEP][PASSED] - datText = today: null

2023-10-02 16:29:49 - [TEST_STEP][PASSED] - Taxtype = findTestData(dataFile).getValue("TaxType", row): null

2023-10-02 16:29:49 - [TEST_STEP][PASSED] - out.println("Taxtype value is : " + Taxtype): null

2023-10-02 16:29:49 - [TEST_STEP][PASSED] - openBrowser(""): Browser is opened with url: ''

2023-10-02 16:29:49 - [MESSAGE][WARNING] - A browser is already opened. Closing browser and opening a new one

2023-10-02 16:29:50 - [MESSAGE][INFO] - Starting 'Chrome' driver

2023-10-02 16:29:50 - [MESSAGE][INFO] - User set preference: ['acceptInsecureCerts', 'true']

2023-10-02 16:29:50 - [MESSAGE][INFO] - Action delay is set to 0 milliseconds

2023-10-02 16:29:51 - [MESSAGE][PASSED] - Browser is opened with url: ''

2023-10-02 16:29:51 - [TEST_STEP][PASSED] - maximizeWindow(): Current window maximized

2023-10-02 16:29:51 - [MESSAGE][PASSED] - Current window maximized

2023-10-02 16:29:51 - [TEST_STEP][PASSED] - navigateToUrl(RADurl): Navigate to 'https://demo.velocitypayment.com/client/rad/index.html' successfully

2023-10-02 16:29:53 - [MESSAGE][PASSED] - Navigate to 'https://demo.velocitypayment.com/client/rad/index.html' successfully

2023-10-02 16:29:53 - [TEST_STEP][PASSED] - orPath_Landing = "Object Repository/RAD_Pages/Landing_Page": null

2023-10-02 16:29:53 - [TEST_STEP][PASSED] - orPath_TaxTypeFilingYear = "Object Repository/RAD_Pages/TaxTypeFilingYear_Page": null

2023-10-02 16:29:53 - [TEST_STEP][PASSED] - orPath_TaxPayer = "Object Repository/RAD_Pages/Taxpayer_Page": null

2023-10-02 16:29:53 - [TEST_STEP][PASSED] - orPath_AddressContact = "Object Repository/RAD_Pages/AddressAndContactInfo_Page": null

2023-10-02 16:29:53 - [TEST_STEP][PASSED] - orPath_FilingStatus = "Object Repository/RAD_Pages/FilingStatus_Page": null

2023-10-02 16:29:53 - [TEST_STEP][PASSED] - orPath_Amount = "Object Repository/RAD_Pages/PaymentAmount_Page": null

2023-10-02 16:29:53 - [TEST_STEP][PASSED] - orPath_TaxInfo = "Object Repository/RAD_Pages/TaxInfo_Page": null

2023-10-02 16:29:53 - [TEST_STEP][PASSED] - orPath_Withholding = "Object Repository/RAD_Pages/Withholding_Page": null

2023-10-02 16:29:53 - [TEST_STEP][PASSED] - orPath_Summary = "Object Repository/RAD_Pages/Summary_Page": null

2023-10-02 16:29:53 - [TEST_STEP][PASSED] - orPath_PaymentReady = "Object Repository/RAD_Pages/PaymentReady_Page": null

2023-10-02 16:29:53 - [TEST_STEP][PASSED] - orPath_PaymentEntry = "Object Repository/RAD_Pages/PaymentEntry_Page": null

2023-10-02 16:29:53 - [TEST_STEP][PASSED] - orPath_PaymentConfirmation = "Object Repository/RAD_Pages/PaymentConfirmation_Page": null

2023-10-02 16:29:53 - [TEST_STEP][PASSED] - orPath_ServiceFeesAccept = "Object Repository/RAD_Pages/ServiceFeeAccept_Page": null

2023-10-02 16:29:53 - [TEST_STEP][PASSED] - selectOptionByLabel(findTestObject(orPath_Landing + "/dd_TaxType"), Paymenttype, false): All options with label 'Existing Liability w/Notice Number' are selected in object 'Object Repository/RAD_Pages/Landing_Page/dd_TaxType' 

2023-10-02 16:29:54 - [MESSAGE][PASSED] - All options with label 'Existing Liability w/Notice Number' are selected in object 'Object Repository/RAD_Pages/Landing_Page/dd_TaxType' 

2023-10-02 16:29:54 - [TEST_STEP][PASSED] - delay(1): Delayed 1 second(s)

2023-10-02 16:29:55 - [MESSAGE][PASSED] - Delayed 1 second(s)

2023-10-02 16:29:55 - [TEST_STEP][PASSED] - switch (Paymenttype): null

2023-10-02 16:29:55 - [TEST_STEP][PASSED] - case "Existing Liability w/Notice Number":: null

2023-10-02 16:29:55 - [TEST_STEP][PASSED] - selectOptionByLabel(findTestObject(orPath_TaxTypeFilingYear + "/select_TaxType_ExistingLiability"), Taxtype, false): All options with label 'Sales & Use Tax' are selected in object 'Object Repository/RAD_Pages/TaxTypeFilingYear_Page/select_TaxType_ExistingLiability' 

2023-10-02 16:29:55 - [MESSAGE][PASSED] - All options with label 'Sales & Use Tax' are selected in object 'Object Repository/RAD_Pages/TaxTypeFilingYear_Page/select_TaxType_ExistingLiability' 

2023-10-02 16:29:55 - [TEST_STEP][PASSED] - break: null

2023-10-02 16:29:55 - [TEST_STEP][PASSED] - delay(1): Delayed 1 second(s)

2023-10-02 16:29:56 - [MESSAGE][PASSED] - Delayed 1 second(s)

2023-10-02 16:29:56 - [TEST_STEP][PASSED] - switch (Paymenttype): null

2023-10-02 16:29:56 - [TEST_STEP][PASSED] - case "Existing Liability w/Notice Number":: null

2023-10-02 16:29:56 - [TEST_STEP][PASSED] - if (feinSsn.equalsIgnoreCase("Y")): null

2023-10-02 16:29:56 - [TEST_STEP][PASSED] - else: Text ****** has been set on object 'Object Repository/RAD_RecordAndPlay/input_Existing_RetypeFEIN'

2023-10-02 16:29:56 - [TEST_STEP][PASSED] - setEncryptedText(findTestObject("Object Repository/RAD_RecordAndPlay/input_Existing_FEIN"), "iGDxf8hSRT4="): Text ****** has been set on object 'Object Repository/RAD_RecordAndPlay/input_Existing_FEIN'

2023-10-02 16:29:57 - [MESSAGE][PASSED] - Text ****** has been set on object 'Object Repository/RAD_RecordAndPlay/input_Existing_FEIN'

2023-10-02 16:29:57 - [TEST_STEP][PASSED] - setEncryptedText(findTestObject("Object Repository/RAD_RecordAndPlay/input_Existing_RetypeFEIN"), ""): Text ****** has been set on object 'Object Repository/RAD_RecordAndPlay/input_Existing_RetypeFEIN'

2023-10-02 16:29:58 - [MESSAGE][PASSED] - Text ****** has been set on object 'Object Repository/RAD_RecordAndPlay/input_Existing_RetypeFEIN'

2023-10-02 16:29:58 - [TEST_STEP][PASSED] - break: null

2023-10-02 16:29:58 - [TEST_STEP][PASSED] - if (feinSsn.equalsIgnoreCase("Y")): null

2023-10-02 16:29:58 - [TEST_STEP][PASSED] - else: null

2023-10-02 16:29:58 - [TEST_STEP][PASSED] - if (verifyTextPresent("Please enter a valid FEIN with 9 digits.", true)): null

2023-10-02 16:29:59 - [MESSAGE][PASSED] - Text 'Please enter a valid FEIN with 9 digits.' is present on page  using regular expression

2023-10-02 16:29:59 - [TEST_STEP][PASSED] - println("Error Message is present on the page"): null

2023-10-02 16:29:59 - [TEST_STEP][PASSED] - out.println("Pass Record Number: " + row): null

2023-10-02 16:29:59 - [TEST_STEP][PASSED] - resText = "Pass": null

2023-10-02 16:29:59 - [TEST_STEP][PASSED] - pages.WriteExcel.demoKey(resText, datText, resColumn, datCloumn, fileLoc, nameSheet, row): pages.WriteExcel.demoKey is PASSED

2023-10-02 16:29:59 - [MESSAGE][PASSED] - pages.WriteExcel.demoKey is PASSED

2023-10-02 16:29:59 - [TEST_STEP][PASSED] - ExecuteTC = findTestData(dataFile).getValue("Execute", row): null

2023-10-02 16:29:59 - [TEST_STEP][PASSED] - Taxtype = findTestData(dataFile).getValue("TaxType", row): null

2023-10-02 16:29:59 - [TEST_STEP][PASSED] - Paymenttype = findTestData(dataFile).getValue("PaymentType", row): null

2023-10-02 16:29:59 - [TEST_STEP][PASSED] - feinSsn = findTestData(dataFile).getValue("FEINSSN", row): null

2023-10-02 16:29:59 - [TEST_STEP][PASSED] - out.println("Value of Execute is : " + ExecuteTC): null

2023-10-02 16:29:59 - [TEST_STEP][PASSED] - if (ExecuteTC.equalsIgnoreCase("Y")): null

2023-10-02 16:29:59 - [TEST_STEP][PASSED] - out.println("Begin Record Number: " + row): null

2023-10-02 16:29:59 - [TEST_STEP][PASSED] - today = new java.util.Date(): null

2023-10-02 16:29:59 - [TEST_STEP][PASSED] - println(today): null

2023-10-02 16:29:59 - [TEST_STEP][PASSED] - datText = today: null

2023-10-02 16:29:59 - [TEST_STEP][PASSED] - Taxtype = findTestData(dataFile).getValue("TaxType", row): null

2023-10-02 16:29:59 - [TEST_STEP][PASSED] - out.println("Taxtype value is : " + Taxtype): null

2023-10-02 16:29:59 - [TEST_STEP][PASSED] - openBrowser(""): Browser is opened with url: ''

2023-10-02 16:29:59 - [MESSAGE][WARNING] - A browser is already opened. Closing browser and opening a new one

2023-10-02 16:30:00 - [MESSAGE][INFO] - Starting 'Chrome' driver

2023-10-02 16:30:00 - [MESSAGE][INFO] - User set preference: ['acceptInsecureCerts', 'true']

2023-10-02 16:30:00 - [MESSAGE][INFO] - Action delay is set to 0 milliseconds

2023-10-02 16:30:01 - [MESSAGE][PASSED] - Browser is opened with url: ''

2023-10-02 16:30:01 - [TEST_STEP][PASSED] - maximizeWindow(): Current window maximized

2023-10-02 16:30:02 - [MESSAGE][PASSED] - Current window maximized

2023-10-02 16:30:02 - [TEST_STEP][PASSED] - navigateToUrl(RADurl): Navigate to 'https://demo.velocitypayment.com/client/rad/index.html' successfully

2023-10-02 16:30:03 - [MESSAGE][PASSED] - Navigate to 'https://demo.velocitypayment.com/client/rad/index.html' successfully

2023-10-02 16:30:03 - [TEST_STEP][PASSED] - orPath_Landing = "Object Repository/RAD_Pages/Landing_Page": null

2023-10-02 16:30:03 - [TEST_STEP][PASSED] - orPath_TaxTypeFilingYear = "Object Repository/RAD_Pages/TaxTypeFilingYear_Page": null

2023-10-02 16:30:03 - [TEST_STEP][PASSED] - orPath_TaxPayer = "Object Repository/RAD_Pages/Taxpayer_Page": null

2023-10-02 16:30:03 - [TEST_STEP][PASSED] - orPath_AddressContact = "Object Repository/RAD_Pages/AddressAndContactInfo_Page": null

2023-10-02 16:30:03 - [TEST_STEP][PASSED] - orPath_FilingStatus = "Object Repository/RAD_Pages/FilingStatus_Page": null

2023-10-02 16:30:03 - [TEST_STEP][PASSED] - orPath_Amount = "Object Repository/RAD_Pages/PaymentAmount_Page": null

2023-10-02 16:30:03 - [TEST_STEP][PASSED] - orPath_TaxInfo = "Object Repository/RAD_Pages/TaxInfo_Page": null

2023-10-02 16:30:03 - [TEST_STEP][PASSED] - orPath_Withholding = "Object Repository/RAD_Pages/Withholding_Page": null

2023-10-02 16:30:03 - [TEST_STEP][PASSED] - orPath_Summary = "Object Repository/RAD_Pages/Summary_Page": null

2023-10-02 16:30:03 - [TEST_STEP][PASSED] - orPath_PaymentReady = "Object Repository/RAD_Pages/PaymentReady_Page": null

2023-10-02 16:30:03 - [TEST_STEP][PASSED] - orPath_PaymentEntry = "Object Repository/RAD_Pages/PaymentEntry_Page": null

2023-10-02 16:30:03 - [TEST_STEP][PASSED] - orPath_PaymentConfirmation = "Object Repository/RAD_Pages/PaymentConfirmation_Page": null

2023-10-02 16:30:03 - [TEST_STEP][PASSED] - orPath_ServiceFeesAccept = "Object Repository/RAD_Pages/ServiceFeeAccept_Page": null

2023-10-02 16:30:03 - [TEST_STEP][PASSED] - selectOptionByLabel(findTestObject(orPath_Landing + "/dd_TaxType"), Paymenttype, false): All options with label 'Existing Liability w/Notice Number' are selected in object 'Object Repository/RAD_Pages/Landing_Page/dd_TaxType' 

2023-10-02 16:30:04 - [MESSAGE][PASSED] - All options with label 'Existing Liability w/Notice Number' are selected in object 'Object Repository/RAD_Pages/Landing_Page/dd_TaxType' 

2023-10-02 16:30:04 - [TEST_STEP][PASSED] - delay(1): Delayed 1 second(s)

2023-10-02 16:30:05 - [MESSAGE][PASSED] - Delayed 1 second(s)

2023-10-02 16:30:05 - [TEST_STEP][PASSED] - switch (Paymenttype): null

2023-10-02 16:30:05 - [TEST_STEP][PASSED] - case "Existing Liability w/Notice Number":: null

2023-10-02 16:30:05 - [TEST_STEP][PASSED] - selectOptionByLabel(findTestObject(orPath_TaxTypeFilingYear + "/select_TaxType_ExistingLiability"), Taxtype, false): All options with label 'Tire Recycling Fee' are selected in object 'Object Repository/RAD_Pages/TaxTypeFilingYear_Page/select_TaxType_ExistingLiability' 

2023-10-02 16:30:05 - [MESSAGE][PASSED] - All options with label 'Tire Recycling Fee' are selected in object 'Object Repository/RAD_Pages/TaxTypeFilingYear_Page/select_TaxType_ExistingLiability' 

2023-10-02 16:30:05 - [TEST_STEP][PASSED] - break: null

2023-10-02 16:30:05 - [TEST_STEP][PASSED] - delay(1): Delayed 1 second(s)

2023-10-02 16:30:06 - [MESSAGE][PASSED] - Delayed 1 second(s)

2023-10-02 16:30:06 - [TEST_STEP][PASSED] - switch (Paymenttype): null

2023-10-02 16:30:06 - [TEST_STEP][PASSED] - case "Existing Liability w/Notice Number":: null

2023-10-02 16:30:06 - [TEST_STEP][PASSED] - if (feinSsn.equalsIgnoreCase("Y")): null

2023-10-02 16:30:06 - [TEST_STEP][PASSED] - else: Text ****** has been set on object 'Object Repository/RAD_RecordAndPlay/input_Existing_RetypeFEIN'

2023-10-02 16:30:06 - [TEST_STEP][PASSED] - setEncryptedText(findTestObject("Object Repository/RAD_RecordAndPlay/input_Existing_FEIN"), "iGDxf8hSRT4="): Text ****** has been set on object 'Object Repository/RAD_RecordAndPlay/input_Existing_FEIN'

2023-10-02 16:30:07 - [MESSAGE][PASSED] - Text ****** has been set on object 'Object Repository/RAD_RecordAndPlay/input_Existing_FEIN'

2023-10-02 16:30:07 - [TEST_STEP][PASSED] - setEncryptedText(findTestObject("Object Repository/RAD_RecordAndPlay/input_Existing_RetypeFEIN"), ""): Text ****** has been set on object 'Object Repository/RAD_RecordAndPlay/input_Existing_RetypeFEIN'

2023-10-02 16:30:08 - [MESSAGE][PASSED] - Text ****** has been set on object 'Object Repository/RAD_RecordAndPlay/input_Existing_RetypeFEIN'

2023-10-02 16:30:08 - [TEST_STEP][PASSED] - break: null

2023-10-02 16:30:08 - [TEST_STEP][PASSED] - if (feinSsn.equalsIgnoreCase("Y")): null

2023-10-02 16:30:08 - [TEST_STEP][PASSED] - else: null

2023-10-02 16:30:08 - [TEST_STEP][PASSED] - if (verifyTextPresent("Please enter a valid FEIN with 9 digits.", true)): null

2023-10-02 16:30:09 - [MESSAGE][PASSED] - Text 'Please enter a valid FEIN with 9 digits.' is present on page  using regular expression

2023-10-02 16:30:09 - [TEST_STEP][PASSED] - println("Error Message is present on the page"): null

2023-10-02 16:30:09 - [TEST_STEP][PASSED] - out.println("Pass Record Number: " + row): null

2023-10-02 16:30:09 - [TEST_STEP][PASSED] - resText = "Pass": null

2023-10-02 16:30:09 - [TEST_STEP][PASSED] - pages.WriteExcel.demoKey(resText, datText, resColumn, datCloumn, fileLoc, nameSheet, row): pages.WriteExcel.demoKey is PASSED

2023-10-02 16:30:09 - [MESSAGE][PASSED] - pages.WriteExcel.demoKey is PASSED

2023-10-02 16:30:09 - [TEST_STEP][PASSED] - ExecuteTC = findTestData(dataFile).getValue("Execute", row): null

2023-10-02 16:30:09 - [TEST_STEP][PASSED] - Taxtype = findTestData(dataFile).getValue("TaxType", row): null

2023-10-02 16:30:09 - [TEST_STEP][PASSED] - Paymenttype = findTestData(dataFile).getValue("PaymentType", row): null

2023-10-02 16:30:09 - [TEST_STEP][PASSED] - feinSsn = findTestData(dataFile).getValue("FEINSSN", row): null

2023-10-02 16:30:09 - [TEST_STEP][PASSED] - out.println("Value of Execute is : " + ExecuteTC): null

2023-10-02 16:30:09 - [TEST_STEP][PASSED] - if (ExecuteTC.equalsIgnoreCase("Y")): null

2023-10-02 16:30:09 - [TEST_STEP][PASSED] - out.println("Begin Record Number: " + row): null

2023-10-02 16:30:09 - [TEST_STEP][PASSED] - today = new java.util.Date(): null

2023-10-02 16:30:09 - [TEST_STEP][PASSED] - println(today): null

2023-10-02 16:30:09 - [TEST_STEP][PASSED] - datText = today: null

2023-10-02 16:30:09 - [TEST_STEP][PASSED] - Taxtype = findTestData(dataFile).getValue("TaxType", row): null

2023-10-02 16:30:09 - [TEST_STEP][PASSED] - out.println("Taxtype value is : " + Taxtype): null

2023-10-02 16:30:09 - [TEST_STEP][PASSED] - openBrowser(""): Browser is opened with url: ''

2023-10-02 16:30:09 - [MESSAGE][WARNING] - A browser is already opened. Closing browser and opening a new one

2023-10-02 16:30:10 - [MESSAGE][INFO] - Starting 'Chrome' driver

2023-10-02 16:30:10 - [MESSAGE][INFO] - User set preference: ['acceptInsecureCerts', 'true']

2023-10-02 16:30:10 - [MESSAGE][INFO] - Action delay is set to 0 milliseconds

2023-10-02 16:30:11 - [MESSAGE][PASSED] - Browser is opened with url: ''

2023-10-02 16:30:11 - [TEST_STEP][PASSED] - maximizeWindow(): Current window maximized

2023-10-02 16:30:12 - [MESSAGE][PASSED] - Current window maximized

2023-10-02 16:30:12 - [TEST_STEP][PASSED] - navigateToUrl(RADurl): Navigate to 'https://demo.velocitypayment.com/client/rad/index.html' successfully

2023-10-02 16:30:13 - [MESSAGE][PASSED] - Navigate to 'https://demo.velocitypayment.com/client/rad/index.html' successfully

2023-10-02 16:30:13 - [TEST_STEP][PASSED] - orPath_Landing = "Object Repository/RAD_Pages/Landing_Page": null

2023-10-02 16:30:13 - [TEST_STEP][PASSED] - orPath_TaxTypeFilingYear = "Object Repository/RAD_Pages/TaxTypeFilingYear_Page": null

2023-10-02 16:30:13 - [TEST_STEP][PASSED] - orPath_TaxPayer = "Object Repository/RAD_Pages/Taxpayer_Page": null

2023-10-02 16:30:13 - [TEST_STEP][PASSED] - orPath_AddressContact = "Object Repository/RAD_Pages/AddressAndContactInfo_Page": null

2023-10-02 16:30:13 - [TEST_STEP][PASSED] - orPath_FilingStatus = "Object Repository/RAD_Pages/FilingStatus_Page": null

2023-10-02 16:30:13 - [TEST_STEP][PASSED] - orPath_Amount = "Object Repository/RAD_Pages/PaymentAmount_Page": null

2023-10-02 16:30:13 - [TEST_STEP][PASSED] - orPath_TaxInfo = "Object Repository/RAD_Pages/TaxInfo_Page": null

2023-10-02 16:30:13 - [TEST_STEP][PASSED] - orPath_Withholding = "Object Repository/RAD_Pages/Withholding_Page": null

2023-10-02 16:30:13 - [TEST_STEP][PASSED] - orPath_Summary = "Object Repository/RAD_Pages/Summary_Page": null

2023-10-02 16:30:13 - [TEST_STEP][PASSED] - orPath_PaymentReady = "Object Repository/RAD_Pages/PaymentReady_Page": null

2023-10-02 16:30:13 - [TEST_STEP][PASSED] - orPath_PaymentEntry = "Object Repository/RAD_Pages/PaymentEntry_Page": null

2023-10-02 16:30:13 - [TEST_STEP][PASSED] - orPath_PaymentConfirmation = "Object Repository/RAD_Pages/PaymentConfirmation_Page": null

2023-10-02 16:30:13 - [TEST_STEP][PASSED] - orPath_ServiceFeesAccept = "Object Repository/RAD_Pages/ServiceFeeAccept_Page": null

2023-10-02 16:30:13 - [TEST_STEP][PASSED] - selectOptionByLabel(findTestObject(orPath_Landing + "/dd_TaxType"), Paymenttype, false): All options with label 'Existing Liability w/Notice Number' are selected in object 'Object Repository/RAD_Pages/Landing_Page/dd_TaxType' 

2023-10-02 16:30:14 - [MESSAGE][PASSED] - All options with label 'Existing Liability w/Notice Number' are selected in object 'Object Repository/RAD_Pages/Landing_Page/dd_TaxType' 

2023-10-02 16:30:14 - [TEST_STEP][PASSED] - delay(1): Delayed 1 second(s)

2023-10-02 16:30:15 - [MESSAGE][PASSED] - Delayed 1 second(s)

2023-10-02 16:30:15 - [TEST_STEP][PASSED] - switch (Paymenttype): null

2023-10-02 16:30:15 - [TEST_STEP][PASSED] - case "Existing Liability w/Notice Number":: null

2023-10-02 16:30:15 - [TEST_STEP][PASSED] - selectOptionByLabel(findTestObject(orPath_TaxTypeFilingYear + "/select_TaxType_ExistingLiability"), Taxtype, false): All options with label 'Withholding Tax' are selected in object 'Object Repository/RAD_Pages/TaxTypeFilingYear_Page/select_TaxType_ExistingLiability' 

2023-10-02 16:30:15 - [MESSAGE][PASSED] - All options with label 'Withholding Tax' are selected in object 'Object Repository/RAD_Pages/TaxTypeFilingYear_Page/select_TaxType_ExistingLiability' 

2023-10-02 16:30:15 - [TEST_STEP][PASSED] - break: null

2023-10-02 16:30:15 - [TEST_STEP][PASSED] - delay(1): Delayed 1 second(s)

2023-10-02 16:30:16 - [MESSAGE][PASSED] - Delayed 1 second(s)

2023-10-02 16:30:16 - [TEST_STEP][PASSED] - switch (Paymenttype): null

2023-10-02 16:30:16 - [TEST_STEP][PASSED] - case "Existing Liability w/Notice Number":: null

2023-10-02 16:30:16 - [TEST_STEP][PASSED] - if (feinSsn.equalsIgnoreCase("Y")): null

2023-10-02 16:30:16 - [TEST_STEP][PASSED] - else: Text ****** has been set on object 'Object Repository/RAD_RecordAndPlay/input_Existing_RetypeFEIN'

2023-10-02 16:30:16 - [TEST_STEP][PASSED] - setEncryptedText(findTestObject("Object Repository/RAD_RecordAndPlay/input_Existing_FEIN"), "iGDxf8hSRT4="): Text ****** has been set on object 'Object Repository/RAD_RecordAndPlay/input_Existing_FEIN'

2023-10-02 16:30:17 - [MESSAGE][PASSED] - Text ****** has been set on object 'Object Repository/RAD_RecordAndPlay/input_Existing_FEIN'

2023-10-02 16:30:17 - [TEST_STEP][PASSED] - setEncryptedText(findTestObject("Object Repository/RAD_RecordAndPlay/input_Existing_RetypeFEIN"), ""): Text ****** has been set on object 'Object Repository/RAD_RecordAndPlay/input_Existing_RetypeFEIN'

2023-10-02 16:30:18 - [MESSAGE][PASSED] - Text ****** has been set on object 'Object Repository/RAD_RecordAndPlay/input_Existing_RetypeFEIN'

2023-10-02 16:30:18 - [TEST_STEP][PASSED] - break: null

2023-10-02 16:30:18 - [TEST_STEP][PASSED] - if (feinSsn.equalsIgnoreCase("Y")): null

2023-10-02 16:30:18 - [TEST_STEP][PASSED] - else: null

2023-10-02 16:30:18 - [TEST_STEP][PASSED] - if (verifyTextPresent("Please enter a valid FEIN with 9 digits.", true)): null

2023-10-02 16:30:19 - [MESSAGE][PASSED] - Text 'Please enter a valid FEIN with 9 digits.' is present on page  using regular expression

2023-10-02 16:30:19 - [TEST_STEP][PASSED] - println("Error Message is present on the page"): null

2023-10-02 16:30:19 - [TEST_STEP][PASSED] - out.println("Pass Record Number: " + row): null

2023-10-02 16:30:19 - [TEST_STEP][PASSED] - resText = "Pass": null

2023-10-02 16:30:19 - [TEST_STEP][PASSED] - pages.WriteExcel.demoKey(resText, datText, resColumn, datCloumn, fileLoc, nameSheet, row): pages.WriteExcel.demoKey is PASSED

2023-10-02 16:30:19 - [MESSAGE][PASSED] - pages.WriteExcel.demoKey is PASSED

2023-10-02 16:30:19 - [TEST_STEP][PASSED] - ExecuteTC = findTestData(dataFile).getValue("Execute", row): null

2023-10-02 16:30:19 - [TEST_STEP][PASSED] - Taxtype = findTestData(dataFile).getValue("TaxType", row): null

2023-10-02 16:30:19 - [TEST_STEP][PASSED] - Paymenttype = findTestData(dataFile).getValue("PaymentType", row): null

2023-10-02 16:30:19 - [TEST_STEP][PASSED] - feinSsn = findTestData(dataFile).getValue("FEINSSN", row): null

2023-10-02 16:30:19 - [TEST_STEP][PASSED] - out.println("Value of Execute is : " + ExecuteTC): null

2023-10-02 16:30:19 - [TEST_STEP][PASSED] - if (ExecuteTC.equalsIgnoreCase("Y")): null

2023-10-02 16:30:19 - [TEST_STEP][PASSED] - out.println("Begin Record Number: " + row): null

2023-10-02 16:30:19 - [TEST_STEP][PASSED] - today = new java.util.Date(): null

2023-10-02 16:30:19 - [TEST_STEP][PASSED] - println(today): null

2023-10-02 16:30:19 - [TEST_STEP][PASSED] - datText = today: null

2023-10-02 16:30:19 - [TEST_STEP][PASSED] - Taxtype = findTestData(dataFile).getValue("TaxType", row): null

2023-10-02 16:30:19 - [TEST_STEP][PASSED] - out.println("Taxtype value is : " + Taxtype): null

2023-10-02 16:30:19 - [TEST_STEP][PASSED] - openBrowser(""): Browser is opened with url: ''

2023-10-02 16:30:19 - [MESSAGE][WARNING] - A browser is already opened. Closing browser and opening a new one

2023-10-02 16:30:20 - [MESSAGE][INFO] - Starting 'Chrome' driver

2023-10-02 16:30:20 - [MESSAGE][INFO] - User set preference: ['acceptInsecureCerts', 'true']

2023-10-02 16:30:20 - [MESSAGE][INFO] - Action delay is set to 0 milliseconds

2023-10-02 16:30:22 - [MESSAGE][PASSED] - Browser is opened with url: ''

2023-10-02 16:30:22 - [TEST_STEP][PASSED] - maximizeWindow(): Current window maximized

2023-10-02 16:30:22 - [MESSAGE][PASSED] - Current window maximized

2023-10-02 16:30:22 - [TEST_STEP][PASSED] - navigateToUrl(RADurl): Navigate to 'https://demo.velocitypayment.com/client/rad/index.html' successfully

2023-10-02 16:30:23 - [MESSAGE][PASSED] - Navigate to 'https://demo.velocitypayment.com/client/rad/index.html' successfully

2023-10-02 16:30:23 - [TEST_STEP][PASSED] - orPath_Landing = "Object Repository/RAD_Pages/Landing_Page": null

2023-10-02 16:30:23 - [TEST_STEP][PASSED] - orPath_TaxTypeFilingYear = "Object Repository/RAD_Pages/TaxTypeFilingYear_Page": null

2023-10-02 16:30:23 - [TEST_STEP][PASSED] - orPath_TaxPayer = "Object Repository/RAD_Pages/Taxpayer_Page": null

2023-10-02 16:30:23 - [TEST_STEP][PASSED] - orPath_AddressContact = "Object Repository/RAD_Pages/AddressAndContactInfo_Page": null

2023-10-02 16:30:23 - [TEST_STEP][PASSED] - orPath_FilingStatus = "Object Repository/RAD_Pages/FilingStatus_Page": null

2023-10-02 16:30:23 - [TEST_STEP][PASSED] - orPath_Amount = "Object Repository/RAD_Pages/PaymentAmount_Page": null

2023-10-02 16:30:23 - [TEST_STEP][PASSED] - orPath_TaxInfo = "Object Repository/RAD_Pages/TaxInfo_Page": null

2023-10-02 16:30:23 - [TEST_STEP][PASSED] - orPath_Withholding = "Object Repository/RAD_Pages/Withholding_Page": null

2023-10-02 16:30:23 - [TEST_STEP][PASSED] - orPath_Summary = "Object Repository/RAD_Pages/Summary_Page": null

2023-10-02 16:30:23 - [TEST_STEP][PASSED] - orPath_PaymentReady = "Object Repository/RAD_Pages/PaymentReady_Page": null

2023-10-02 16:30:23 - [TEST_STEP][PASSED] - orPath_PaymentEntry = "Object Repository/RAD_Pages/PaymentEntry_Page": null

2023-10-02 16:30:23 - [TEST_STEP][PASSED] - orPath_PaymentConfirmation = "Object Repository/RAD_Pages/PaymentConfirmation_Page": null

2023-10-02 16:30:23 - [TEST_STEP][PASSED] - orPath_ServiceFeesAccept = "Object Repository/RAD_Pages/ServiceFeeAccept_Page": null

2023-10-02 16:30:23 - [TEST_STEP][PASSED] - selectOptionByLabel(findTestObject(orPath_Landing + "/dd_TaxType"), Paymenttype, false): All options with label 'Existing Liability w/Notice Number' are selected in object 'Object Repository/RAD_Pages/Landing_Page/dd_TaxType' 

2023-10-02 16:30:24 - [MESSAGE][PASSED] - All options with label 'Existing Liability w/Notice Number' are selected in object 'Object Repository/RAD_Pages/Landing_Page/dd_TaxType' 

2023-10-02 16:30:24 - [TEST_STEP][PASSED] - delay(1): Delayed 1 second(s)

2023-10-02 16:30:25 - [MESSAGE][PASSED] - Delayed 1 second(s)

2023-10-02 16:30:25 - [TEST_STEP][PASSED] - switch (Paymenttype): null

2023-10-02 16:30:25 - [TEST_STEP][PASSED] - case "Existing Liability w/Notice Number":: null

2023-10-02 16:30:25 - [TEST_STEP][PASSED] - selectOptionByLabel(findTestObject(orPath_TaxTypeFilingYear + "/select_TaxType_ExistingLiability"), Taxtype, false): All options with label 'Alcohol Tax' are selected in object 'Object Repository/RAD_Pages/TaxTypeFilingYear_Page/select_TaxType_ExistingLiability' 

2023-10-02 16:30:26 - [MESSAGE][PASSED] - All options with label 'Alcohol Tax' are selected in object 'Object Repository/RAD_Pages/TaxTypeFilingYear_Page/select_TaxType_ExistingLiability' 

2023-10-02 16:30:26 - [TEST_STEP][PASSED] - break: null

2023-10-02 16:30:26 - [TEST_STEP][PASSED] - delay(1): Delayed 1 second(s)

2023-10-02 16:30:27 - [MESSAGE][PASSED] - Delayed 1 second(s)

2023-10-02 16:30:27 - [TEST_STEP][PASSED] - switch (Paymenttype): null

2023-10-02 16:30:27 - [TEST_STEP][PASSED] - case "Existing Liability w/Notice Number":: null

2023-10-02 16:30:27 - [TEST_STEP][PASSED] - if (feinSsn.equalsIgnoreCase("Y")): null

2023-10-02 16:30:27 - [TEST_STEP][PASSED] - else: Text ****** has been set on object 'Object Repository/RAD_RecordAndPlay/input_Existing_RetypeFEIN'

2023-10-02 16:30:27 - [TEST_STEP][PASSED] - setEncryptedText(findTestObject("Object Repository/RAD_RecordAndPlay/input_Existing_FEIN"), "iGDxf8hSRT4="): Text ****** has been set on object 'Object Repository/RAD_RecordAndPlay/input_Existing_FEIN'

2023-10-02 16:30:27 - [MESSAGE][PASSED] - Text ****** has been set on object 'Object Repository/RAD_RecordAndPlay/input_Existing_FEIN'

2023-10-02 16:30:28 - [TEST_STEP][PASSED] - setEncryptedText(findTestObject("Object Repository/RAD_RecordAndPlay/input_Existing_RetypeFEIN"), ""): Text ****** has been set on object 'Object Repository/RAD_RecordAndPlay/input_Existing_RetypeFEIN'

2023-10-02 16:30:29 - [MESSAGE][PASSED] - Text ****** has been set on object 'Object Repository/RAD_RecordAndPlay/input_Existing_RetypeFEIN'

2023-10-02 16:30:29 - [TEST_STEP][PASSED] - break: null

2023-10-02 16:30:29 - [TEST_STEP][PASSED] - if (feinSsn.equalsIgnoreCase("Y")): null

2023-10-02 16:30:29 - [TEST_STEP][PASSED] - else: null

2023-10-02 16:30:29 - [TEST_STEP][PASSED] - if (verifyTextPresent("Please enter a valid FEIN with 9 digits.", true)): null

2023-10-02 16:30:30 - [MESSAGE][PASSED] - Text 'Please enter a valid FEIN with 9 digits.' is present on page  using regular expression

2023-10-02 16:30:30 - [TEST_STEP][PASSED] - println("Error Message is present on the page"): null

2023-10-02 16:30:30 - [TEST_STEP][PASSED] - out.println("Pass Record Number: " + row): null

2023-10-02 16:30:30 - [TEST_STEP][PASSED] - resText = "Pass": null

2023-10-02 16:30:30 - [TEST_STEP][PASSED] - pages.WriteExcel.demoKey(resText, datText, resColumn, datCloumn, fileLoc, nameSheet, row): pages.WriteExcel.demoKey is PASSED

2023-10-02 16:30:30 - [MESSAGE][PASSED] - pages.WriteExcel.demoKey is PASSED

2023-10-02 16:30:30 - [TEST_STEP][PASSED] - ExecuteTC = findTestData(dataFile).getValue("Execute", row): null

2023-10-02 16:30:30 - [TEST_STEP][PASSED] - Taxtype = findTestData(dataFile).getValue("TaxType", row): null

2023-10-02 16:30:30 - [TEST_STEP][PASSED] - Paymenttype = findTestData(dataFile).getValue("PaymentType", row): null

2023-10-02 16:30:30 - [TEST_STEP][PASSED] - feinSsn = findTestData(dataFile).getValue("FEINSSN", row): null

2023-10-02 16:30:30 - [TEST_STEP][PASSED] - out.println("Value of Execute is : " + ExecuteTC): null

2023-10-02 16:30:30 - [TEST_STEP][PASSED] - if (ExecuteTC.equalsIgnoreCase("Y")): null

2023-10-02 16:30:30 - [TEST_STEP][PASSED] - out.println("Begin Record Number: " + row): null

2023-10-02 16:30:30 - [TEST_STEP][PASSED] - today = new java.util.Date(): null

2023-10-02 16:30:30 - [TEST_STEP][PASSED] - println(today): null

2023-10-02 16:30:30 - [TEST_STEP][PASSED] - datText = today: null

2023-10-02 16:30:30 - [TEST_STEP][PASSED] - Taxtype = findTestData(dataFile).getValue("TaxType", row): null

2023-10-02 16:30:30 - [TEST_STEP][PASSED] - out.println("Taxtype value is : " + Taxtype): null

2023-10-02 16:30:30 - [TEST_STEP][PASSED] - openBrowser(""): Browser is opened with url: ''

2023-10-02 16:30:30 - [MESSAGE][WARNING] - A browser is already opened. Closing browser and opening a new one

2023-10-02 16:30:31 - [MESSAGE][INFO] - Starting 'Chrome' driver

2023-10-02 16:30:31 - [MESSAGE][INFO] - User set preference: ['acceptInsecureCerts', 'true']

2023-10-02 16:30:31 - [MESSAGE][INFO] - Action delay is set to 0 milliseconds

2023-10-02 16:30:32 - [MESSAGE][PASSED] - Browser is opened with url: ''

2023-10-02 16:30:32 - [TEST_STEP][PASSED] - maximizeWindow(): Current window maximized

2023-10-02 16:30:32 - [MESSAGE][PASSED] - Current window maximized

2023-10-02 16:30:32 - [TEST_STEP][PASSED] - navigateToUrl(RADurl): Navigate to 'https://demo.velocitypayment.com/client/rad/index.html' successfully

2023-10-02 16:30:33 - [MESSAGE][PASSED] - Navigate to 'https://demo.velocitypayment.com/client/rad/index.html' successfully

2023-10-02 16:30:33 - [TEST_STEP][PASSED] - orPath_Landing = "Object Repository/RAD_Pages/Landing_Page": null

2023-10-02 16:30:33 - [TEST_STEP][PASSED] - orPath_TaxTypeFilingYear = "Object Repository/RAD_Pages/TaxTypeFilingYear_Page": null

2023-10-02 16:30:33 - [TEST_STEP][PASSED] - orPath_TaxPayer = "Object Repository/RAD_Pages/Taxpayer_Page": null

2023-10-02 16:30:33 - [TEST_STEP][PASSED] - orPath_AddressContact = "Object Repository/RAD_Pages/AddressAndContactInfo_Page": null

2023-10-02 16:30:33 - [TEST_STEP][PASSED] - orPath_FilingStatus = "Object Repository/RAD_Pages/FilingStatus_Page": null

2023-10-02 16:30:33 - [TEST_STEP][PASSED] - orPath_Amount = "Object Repository/RAD_Pages/PaymentAmount_Page": null

2023-10-02 16:30:33 - [TEST_STEP][PASSED] - orPath_TaxInfo = "Object Repository/RAD_Pages/TaxInfo_Page": null

2023-10-02 16:30:33 - [TEST_STEP][PASSED] - orPath_Withholding = "Object Repository/RAD_Pages/Withholding_Page": null

2023-10-02 16:30:33 - [TEST_STEP][PASSED] - orPath_Summary = "Object Repository/RAD_Pages/Summary_Page": null

2023-10-02 16:30:33 - [TEST_STEP][PASSED] - orPath_PaymentReady = "Object Repository/RAD_Pages/PaymentReady_Page": null

2023-10-02 16:30:33 - [TEST_STEP][PASSED] - orPath_PaymentEntry = "Object Repository/RAD_Pages/PaymentEntry_Page": null

2023-10-02 16:30:33 - [TEST_STEP][PASSED] - orPath_PaymentConfirmation = "Object Repository/RAD_Pages/PaymentConfirmation_Page": null

2023-10-02 16:30:33 - [TEST_STEP][PASSED] - orPath_ServiceFeesAccept = "Object Repository/RAD_Pages/ServiceFeeAccept_Page": null

2023-10-02 16:30:33 - [TEST_STEP][PASSED] - selectOptionByLabel(findTestObject(orPath_Landing + "/dd_TaxType"), Paymenttype, false): All options with label 'Existing Liability w/Notice Number' are selected in object 'Object Repository/RAD_Pages/Landing_Page/dd_TaxType' 

2023-10-02 16:30:34 - [MESSAGE][PASSED] - All options with label 'Existing Liability w/Notice Number' are selected in object 'Object Repository/RAD_Pages/Landing_Page/dd_TaxType' 

2023-10-02 16:30:34 - [TEST_STEP][PASSED] - delay(1): Delayed 1 second(s)

2023-10-02 16:30:35 - [MESSAGE][PASSED] - Delayed 1 second(s)

2023-10-02 16:30:35 - [TEST_STEP][PASSED] - switch (Paymenttype): null

2023-10-02 16:30:35 - [TEST_STEP][PASSED] - case "Existing Liability w/Notice Number":: null

2023-10-02 16:30:35 - [TEST_STEP][PASSED] - selectOptionByLabel(findTestObject(orPath_TaxTypeFilingYear + "/select_TaxType_ExistingLiability"), Taxtype, false): All options with label 'PTE Tax Electing Non-S Corp' are selected in object 'Object Repository/RAD_Pages/TaxTypeFilingYear_Page/select_TaxType_ExistingLiability' 

2023-10-02 16:30:36 - [MESSAGE][PASSED] - All options with label 'PTE Tax Electing Non-S Corp' are selected in object 'Object Repository/RAD_Pages/TaxTypeFilingYear_Page/select_TaxType_ExistingLiability' 

2023-10-02 16:30:36 - [TEST_STEP][PASSED] - break: null

2023-10-02 16:30:36 - [TEST_STEP][PASSED] - delay(1): Delayed 1 second(s)

2023-10-02 16:30:37 - [MESSAGE][PASSED] - Delayed 1 second(s)

2023-10-02 16:30:37 - [TEST_STEP][PASSED] - switch (Paymenttype): null

2023-10-02 16:30:37 - [TEST_STEP][PASSED] - case "Existing Liability w/Notice Number":: null

2023-10-02 16:30:37 - [TEST_STEP][PASSED] - if (feinSsn.equalsIgnoreCase("Y")): Text ****** has been set on object 'Object Repository/RAD_Pages/TaxInfo_Page/input_TaxInfo_RefeinSsn_Existing'

2023-10-02 16:30:37 - [TEST_STEP][PASSED] - setEncryptedText(findTestObject(orPath_TaxInfo + "/input_TaxInfo_feinSsn_Existing"), "iGDxf8hSRT4="): Text ****** has been set on object 'Object Repository/RAD_Pages/TaxInfo_Page/input_TaxInfo_feinSsn_Existing'

2023-10-02 16:30:38 - [MESSAGE][PASSED] - Text ****** has been set on object 'Object Repository/RAD_Pages/TaxInfo_Page/input_TaxInfo_feinSsn_Existing'

2023-10-02 16:30:38 - [TEST_STEP][PASSED] - setEncryptedText(findTestObject(orPath_TaxInfo + "/input_TaxInfo_RefeinSsn_Existing"), ""): Text ****** has been set on object 'Object Repository/RAD_Pages/TaxInfo_Page/input_TaxInfo_RefeinSsn_Existing'

2023-10-02 16:30:39 - [MESSAGE][PASSED] - Text ****** has been set on object 'Object Repository/RAD_Pages/TaxInfo_Page/input_TaxInfo_RefeinSsn_Existing'

2023-10-02 16:30:39 - [TEST_STEP][PASSED] - break: null

2023-10-02 16:30:39 - [TEST_STEP][PASSED] - if (feinSsn.equalsIgnoreCase("Y")): null

2023-10-02 16:30:39 - [TEST_STEP][PASSED] - if (verifyTextPresent("Please enter a valid FEIN/SSN with 9 digits", true)): null

2023-10-02 16:30:39 - [MESSAGE][PASSED] - Text 'Please enter a valid FEIN/SSN with 9 digits' is present on page  using regular expression

2023-10-02 16:30:39 - [TEST_STEP][PASSED] - println("Error Message is present on the page"): null

2023-10-02 16:30:39 - [TEST_STEP][PASSED] - out.println("Pass Record Number: " + row): null

2023-10-02 16:30:39 - [TEST_STEP][PASSED] - resText = "Pass": null

2023-10-02 16:30:39 - [TEST_STEP][PASSED] - pages.WriteExcel.demoKey(resText, datText, resColumn, datCloumn, fileLoc, nameSheet, row): pages.WriteExcel.demoKey is PASSED

2023-10-02 16:30:40 - [MESSAGE][PASSED] - pages.WriteExcel.demoKey is PASSED

2023-10-02 16:30:40 - [TEST_STEP][PASSED] - ExecuteTC = findTestData(dataFile).getValue("Execute", row): null

2023-10-02 16:30:40 - [TEST_STEP][PASSED] - Taxtype = findTestData(dataFile).getValue("TaxType", row): null

2023-10-02 16:30:40 - [TEST_STEP][PASSED] - Paymenttype = findTestData(dataFile).getValue("PaymentType", row): null

2023-10-02 16:30:40 - [TEST_STEP][PASSED] - feinSsn = findTestData(dataFile).getValue("FEINSSN", row): null

2023-10-02 16:30:40 - [TEST_STEP][PASSED] - out.println("Value of Execute is : " + ExecuteTC): null

2023-10-02 16:30:40 - [TEST_STEP][PASSED] - if (ExecuteTC.equalsIgnoreCase("Y")): null

2023-10-02 16:30:40 - [TEST_STEP][PASSED] - out.println("Begin Record Number: " + row): null

2023-10-02 16:30:40 - [TEST_STEP][PASSED] - today = new java.util.Date(): null

2023-10-02 16:30:40 - [TEST_STEP][PASSED] - println(today): null

2023-10-02 16:30:40 - [TEST_STEP][PASSED] - datText = today: null

2023-10-02 16:30:40 - [TEST_STEP][PASSED] - Taxtype = findTestData(dataFile).getValue("TaxType", row): null

2023-10-02 16:30:40 - [TEST_STEP][PASSED] - out.println("Taxtype value is : " + Taxtype): null

2023-10-02 16:30:40 - [TEST_STEP][PASSED] - openBrowser(""): Browser is opened with url: ''

2023-10-02 16:30:40 - [MESSAGE][WARNING] - A browser is already opened. Closing browser and opening a new one

2023-10-02 16:30:40 - [MESSAGE][INFO] - Starting 'Chrome' driver

2023-10-02 16:30:40 - [MESSAGE][INFO] - User set preference: ['acceptInsecureCerts', 'true']

2023-10-02 16:30:40 - [MESSAGE][INFO] - Action delay is set to 0 milliseconds

2023-10-02 16:30:42 - [MESSAGE][PASSED] - Browser is opened with url: ''

2023-10-02 16:30:42 - [TEST_STEP][PASSED] - maximizeWindow(): Current window maximized

2023-10-02 16:30:42 - [MESSAGE][PASSED] - Current window maximized

2023-10-02 16:30:42 - [TEST_STEP][PASSED] - navigateToUrl(RADurl): Navigate to 'https://demo.velocitypayment.com/client/rad/index.html' successfully

2023-10-02 16:30:44 - [MESSAGE][PASSED] - Navigate to 'https://demo.velocitypayment.com/client/rad/index.html' successfully

2023-10-02 16:30:44 - [TEST_STEP][PASSED] - orPath_Landing = "Object Repository/RAD_Pages/Landing_Page": null

2023-10-02 16:30:44 - [TEST_STEP][PASSED] - orPath_TaxTypeFilingYear = "Object Repository/RAD_Pages/TaxTypeFilingYear_Page": null

2023-10-02 16:30:44 - [TEST_STEP][PASSED] - orPath_TaxPayer = "Object Repository/RAD_Pages/Taxpayer_Page": null

2023-10-02 16:30:44 - [TEST_STEP][PASSED] - orPath_AddressContact = "Object Repository/RAD_Pages/AddressAndContactInfo_Page": null

2023-10-02 16:30:44 - [TEST_STEP][PASSED] - orPath_FilingStatus = "Object Repository/RAD_Pages/FilingStatus_Page": null

2023-10-02 16:30:44 - [TEST_STEP][PASSED] - orPath_Amount = "Object Repository/RAD_Pages/PaymentAmount_Page": null

2023-10-02 16:30:44 - [TEST_STEP][PASSED] - orPath_TaxInfo = "Object Repository/RAD_Pages/TaxInfo_Page": null

2023-10-02 16:30:44 - [TEST_STEP][PASSED] - orPath_Withholding = "Object Repository/RAD_Pages/Withholding_Page": null

2023-10-02 16:30:44 - [TEST_STEP][PASSED] - orPath_Summary = "Object Repository/RAD_Pages/Summary_Page": null

2023-10-02 16:30:44 - [TEST_STEP][PASSED] - orPath_PaymentReady = "Object Repository/RAD_Pages/PaymentReady_Page": null

2023-10-02 16:30:44 - [TEST_STEP][PASSED] - orPath_PaymentEntry = "Object Repository/RAD_Pages/PaymentEntry_Page": null

2023-10-02 16:30:44 - [TEST_STEP][PASSED] - orPath_PaymentConfirmation = "Object Repository/RAD_Pages/PaymentConfirmation_Page": null

2023-10-02 16:30:44 - [TEST_STEP][PASSED] - orPath_ServiceFeesAccept = "Object Repository/RAD_Pages/ServiceFeeAccept_Page": null

2023-10-02 16:30:44 - [TEST_STEP][PASSED] - selectOptionByLabel(findTestObject(orPath_Landing + "/dd_TaxType"), Paymenttype, false): All options with label 'Existing Liability w/Notice Number' are selected in object 'Object Repository/RAD_Pages/Landing_Page/dd_TaxType' 

2023-10-02 16:30:44 - [MESSAGE][PASSED] - All options with label 'Existing Liability w/Notice Number' are selected in object 'Object Repository/RAD_Pages/Landing_Page/dd_TaxType' 

2023-10-02 16:30:44 - [TEST_STEP][PASSED] - delay(1): Delayed 1 second(s)

2023-10-02 16:30:45 - [MESSAGE][PASSED] - Delayed 1 second(s)

2023-10-02 16:30:45 - [TEST_STEP][PASSED] - switch (Paymenttype): null

2023-10-02 16:30:45 - [TEST_STEP][PASSED] - case "Existing Liability w/Notice Number":: null

2023-10-02 16:30:45 - [TEST_STEP][PASSED] - selectOptionByLabel(findTestObject(orPath_TaxTypeFilingYear + "/select_TaxType_ExistingLiability"), Taxtype, false): All options with label 'PTE Tax Electing S Corp' are selected in object 'Object Repository/RAD_Pages/TaxTypeFilingYear_Page/select_TaxType_ExistingLiability' 

2023-10-02 16:30:46 - [MESSAGE][PASSED] - All options with label 'PTE Tax Electing S Corp' are selected in object 'Object Repository/RAD_Pages/TaxTypeFilingYear_Page/select_TaxType_ExistingLiability' 

2023-10-02 16:30:46 - [TEST_STEP][PASSED] - break: null

2023-10-02 16:30:46 - [TEST_STEP][PASSED] - delay(1): Delayed 1 second(s)

2023-10-02 16:30:47 - [MESSAGE][PASSED] - Delayed 1 second(s)

2023-10-02 16:30:47 - [TEST_STEP][PASSED] - switch (Paymenttype): null

2023-10-02 16:30:47 - [TEST_STEP][PASSED] - case "Existing Liability w/Notice Number":: null

2023-10-02 16:30:47 - [TEST_STEP][PASSED] - if (feinSsn.equalsIgnoreCase("Y")): Text ****** has been set on object 'Object Repository/RAD_Pages/TaxInfo_Page/input_TaxInfo_RefeinSsn_Existing'

2023-10-02 16:30:47 - [TEST_STEP][PASSED] - setEncryptedText(findTestObject(orPath_TaxInfo + "/input_TaxInfo_feinSsn_Existing"), "iGDxf8hSRT4="): Text ****** has been set on object 'Object Repository/RAD_Pages/TaxInfo_Page/input_TaxInfo_feinSsn_Existing'

2023-10-02 16:30:48 - [MESSAGE][PASSED] - Text ****** has been set on object 'Object Repository/RAD_Pages/TaxInfo_Page/input_TaxInfo_feinSsn_Existing'

2023-10-02 16:30:48 - [TEST_STEP][PASSED] - setEncryptedText(findTestObject(orPath_TaxInfo + "/input_TaxInfo_RefeinSsn_Existing"), ""): Text ****** has been set on object 'Object Repository/RAD_Pages/TaxInfo_Page/input_TaxInfo_RefeinSsn_Existing'

2023-10-02 16:30:49 - [MESSAGE][PASSED] - Text ****** has been set on object 'Object Repository/RAD_Pages/TaxInfo_Page/input_TaxInfo_RefeinSsn_Existing'

2023-10-02 16:30:49 - [TEST_STEP][PASSED] - break: null

2023-10-02 16:30:49 - [TEST_STEP][PASSED] - if (feinSsn.equalsIgnoreCase("Y")): null

2023-10-02 16:30:49 - [TEST_STEP][PASSED] - if (verifyTextPresent("Please enter a valid FEIN/SSN with 9 digits", true)): null

2023-10-02 16:30:49 - [MESSAGE][PASSED] - Text 'Please enter a valid FEIN/SSN with 9 digits' is present on page  using regular expression

2023-10-02 16:30:49 - [TEST_STEP][PASSED] - println("Error Message is present on the page"): null

2023-10-02 16:30:49 - [TEST_STEP][PASSED] - out.println("Pass Record Number: " + row): null

2023-10-02 16:30:49 - [TEST_STEP][PASSED] - resText = "Pass": null

2023-10-02 16:30:49 - [TEST_STEP][PASSED] - pages.WriteExcel.demoKey(resText, datText, resColumn, datCloumn, fileLoc, nameSheet, row): pages.WriteExcel.demoKey is PASSED

2023-10-02 16:30:50 - [MESSAGE][PASSED] - pages.WriteExcel.demoKey is PASSED

2023-10-02 16:30:50 - [TEST_STEP][PASSED] - ExecuteTC = findTestData(dataFile).getValue("Execute", row): null

2023-10-02 16:30:50 - [TEST_STEP][PASSED] - Taxtype = findTestData(dataFile).getValue("TaxType", row): null

2023-10-02 16:30:50 - [TEST_STEP][PASSED] - Paymenttype = findTestData(dataFile).getValue("PaymentType", row): null

2023-10-02 16:30:50 - [TEST_STEP][PASSED] - feinSsn = findTestData(dataFile).getValue("FEINSSN", row): null

2023-10-02 16:30:50 - [TEST_STEP][PASSED] - out.println("Value of Execute is : " + ExecuteTC): null

2023-10-02 16:30:50 - [TEST_STEP][PASSED] - if (ExecuteTC.equalsIgnoreCase("Y")): null

2023-10-02 16:30:50 - [TEST_STEP][PASSED] - out.println("Begin Record Number: " + row): null

2023-10-02 16:30:50 - [TEST_STEP][PASSED] - today = new java.util.Date(): null

2023-10-02 16:30:50 - [TEST_STEP][PASSED] - println(today): null

2023-10-02 16:30:50 - [TEST_STEP][PASSED] - datText = today: null

2023-10-02 16:30:50 - [TEST_STEP][PASSED] - Taxtype = findTestData(dataFile).getValue("TaxType", row): null

2023-10-02 16:30:50 - [TEST_STEP][PASSED] - out.println("Taxtype value is : " + Taxtype): null

2023-10-02 16:30:50 - [TEST_STEP][PASSED] - openBrowser(""): Browser is opened with url: ''

2023-10-02 16:30:50 - [MESSAGE][WARNING] - A browser is already opened. Closing browser and opening a new one

2023-10-02 16:30:50 - [MESSAGE][INFO] - Starting 'Chrome' driver

2023-10-02 16:30:50 - [MESSAGE][INFO] - User set preference: ['acceptInsecureCerts', 'true']

2023-10-02 16:30:51 - [MESSAGE][INFO] - Action delay is set to 0 milliseconds

2023-10-02 16:30:52 - [MESSAGE][PASSED] - Browser is opened with url: ''

2023-10-02 16:30:52 - [TEST_STEP][PASSED] - maximizeWindow(): Current window maximized

2023-10-02 16:30:52 - [MESSAGE][PASSED] - Current window maximized

2023-10-02 16:30:52 - [TEST_STEP][PASSED] - navigateToUrl(RADurl): Navigate to 'https://demo.velocitypayment.com/client/rad/index.html' successfully

2023-10-02 16:30:54 - [MESSAGE][PASSED] - Navigate to 'https://demo.velocitypayment.com/client/rad/index.html' successfully

2023-10-02 16:30:54 - [TEST_STEP][PASSED] - orPath_Landing = "Object Repository/RAD_Pages/Landing_Page": null

2023-10-02 16:30:54 - [TEST_STEP][PASSED] - orPath_TaxTypeFilingYear = "Object Repository/RAD_Pages/TaxTypeFilingYear_Page": null

2023-10-02 16:30:54 - [TEST_STEP][PASSED] - orPath_TaxPayer = "Object Repository/RAD_Pages/Taxpayer_Page": null

2023-10-02 16:30:54 - [TEST_STEP][PASSED] - orPath_AddressContact = "Object Repository/RAD_Pages/AddressAndContactInfo_Page": null

2023-10-02 16:30:54 - [TEST_STEP][PASSED] - orPath_FilingStatus = "Object Repository/RAD_Pages/FilingStatus_Page": null

2023-10-02 16:30:54 - [TEST_STEP][PASSED] - orPath_Amount = "Object Repository/RAD_Pages/PaymentAmount_Page": null

2023-10-02 16:30:54 - [TEST_STEP][PASSED] - orPath_TaxInfo = "Object Repository/RAD_Pages/TaxInfo_Page": null

2023-10-02 16:30:54 - [TEST_STEP][PASSED] - orPath_Withholding = "Object Repository/RAD_Pages/Withholding_Page": null

2023-10-02 16:30:54 - [TEST_STEP][PASSED] - orPath_Summary = "Object Repository/RAD_Pages/Summary_Page": null

2023-10-02 16:30:54 - [TEST_STEP][PASSED] - orPath_PaymentReady = "Object Repository/RAD_Pages/PaymentReady_Page": null

2023-10-02 16:30:54 - [TEST_STEP][PASSED] - orPath_PaymentEntry = "Object Repository/RAD_Pages/PaymentEntry_Page": null

2023-10-02 16:30:54 - [TEST_STEP][PASSED] - orPath_PaymentConfirmation = "Object Repository/RAD_Pages/PaymentConfirmation_Page": null

2023-10-02 16:30:54 - [TEST_STEP][PASSED] - orPath_ServiceFeesAccept = "Object Repository/RAD_Pages/ServiceFeeAccept_Page": null

2023-10-02 16:30:54 - [TEST_STEP][PASSED] - selectOptionByLabel(findTestObject(orPath_Landing + "/dd_TaxType"), Paymenttype, false): All options with label 'Quarterly Estimated Tax' are selected in object 'Object Repository/RAD_Pages/Landing_Page/dd_TaxType' 

2023-10-02 16:30:54 - [MESSAGE][PASSED] - All options with label 'Quarterly Estimated Tax' are selected in object 'Object Repository/RAD_Pages/Landing_Page/dd_TaxType' 

2023-10-02 16:30:54 - [TEST_STEP][PASSED] - delay(1): Delayed 1 second(s)

2023-10-02 16:30:55 - [MESSAGE][PASSED] - Delayed 1 second(s)

2023-10-02 16:30:55 - [TEST_STEP][PASSED] - switch (Paymenttype): null

2023-10-02 16:30:55 - [TEST_STEP][PASSED] - case "Quarterly Estimated Tax":: null

2023-10-02 16:30:55 - [TEST_STEP][PASSED] - selectOptionByLabel(findTestObject(orPath_TaxTypeFilingYear + "/select_PaymentType"), Taxtype, false): All options with label 'Corporate Income Tax' are selected in object 'Object Repository/RAD_Pages/TaxTypeFilingYear_Page/select_PaymentType' 

2023-10-02 16:30:56 - [MESSAGE][PASSED] - All options with label 'Corporate Income Tax' are selected in object 'Object Repository/RAD_Pages/TaxTypeFilingYear_Page/select_PaymentType' 

2023-10-02 16:30:56 - [TEST_STEP][PASSED] - break: null

2023-10-02 16:30:56 - [TEST_STEP][PASSED] - delay(1): Delayed 1 second(s)

2023-10-02 16:30:57 - [MESSAGE][PASSED] - Delayed 1 second(s)

2023-10-02 16:30:57 - [TEST_STEP][PASSED] - switch (Paymenttype): null

2023-10-02 16:30:57 - [TEST_STEP][PASSED] - case "Quarterly Estimated Tax":: null

2023-10-02 16:30:57 - [TEST_STEP][PASSED] - if (feinSsn.equalsIgnoreCase("Y")): null

2023-10-02 16:30:57 - [TEST_STEP][PASSED] - else: Text ****** has been set on object 'Object Repository/RAD_Pages/TaxInfo_Page/input_FederalEIN_ReEnter'

2023-10-02 16:30:57 - [TEST_STEP][PASSED] - setEncryptedText(findTestObject(orPath_TaxInfo + "/input_FederalEIN"), "iGDxf8hSRT4="): Text ****** has been set on object 'Object Repository/RAD_Pages/TaxInfo_Page/input_FederalEIN'

2023-10-02 16:30:58 - [MESSAGE][PASSED] - Text ****** has been set on object 'Object Repository/RAD_Pages/TaxInfo_Page/input_FederalEIN'

2023-10-02 16:30:58 - [TEST_STEP][PASSED] - setEncryptedText(findTestObject(orPath_TaxInfo + "/input_FederalEIN_ReEnter"), ""): Text ****** has been set on object 'Object Repository/RAD_Pages/TaxInfo_Page/input_FederalEIN_ReEnter'

2023-10-02 16:30:59 - [MESSAGE][PASSED] - Text ****** has been set on object 'Object Repository/RAD_Pages/TaxInfo_Page/input_FederalEIN_ReEnter'

2023-10-02 16:30:59 - [TEST_STEP][PASSED] - break: null

2023-10-02 16:30:59 - [TEST_STEP][PASSED] - if (feinSsn.equalsIgnoreCase("Y")): null

2023-10-02 16:30:59 - [TEST_STEP][PASSED] - else: null

2023-10-02 16:30:59 - [TEST_STEP][PASSED] - if (verifyTextPresent("Please enter a valid FEIN with 9 digits.", true)): null

2023-10-02 16:31:00 - [MESSAGE][PASSED] - Text 'Please enter a valid FEIN with 9 digits.' is present on page  using regular expression

2023-10-02 16:31:00 - [TEST_STEP][PASSED] - println("Error Message is present on the page"): null

2023-10-02 16:31:00 - [TEST_STEP][PASSED] - out.println("Pass Record Number: " + row): null

2023-10-02 16:31:00 - [TEST_STEP][PASSED] - resText = "Pass": null

2023-10-02 16:31:00 - [TEST_STEP][PASSED] - pages.WriteExcel.demoKey(resText, datText, resColumn, datCloumn, fileLoc, nameSheet, row): pages.WriteExcel.demoKey is PASSED

2023-10-02 16:31:00 - [MESSAGE][PASSED] - pages.WriteExcel.demoKey is PASSED

2023-10-02 16:31:00 - [TEST_STEP][PASSED] - ExecuteTC = findTestData(dataFile).getValue("Execute", row): null

2023-10-02 16:31:00 - [TEST_STEP][PASSED] - Taxtype = findTestData(dataFile).getValue("TaxType", row): null

2023-10-02 16:31:00 - [TEST_STEP][PASSED] - Paymenttype = findTestData(dataFile).getValue("PaymentType", row): null

2023-10-02 16:31:00 - [TEST_STEP][PASSED] - feinSsn = findTestData(dataFile).getValue("FEINSSN", row): null

2023-10-02 16:31:00 - [TEST_STEP][PASSED] - out.println("Value of Execute is : " + ExecuteTC): null

2023-10-02 16:31:00 - [TEST_STEP][PASSED] - if (ExecuteTC.equalsIgnoreCase("Y")): null

2023-10-02 16:31:00 - [TEST_STEP][PASSED] - out.println("Begin Record Number: " + row): null

2023-10-02 16:31:00 - [TEST_STEP][PASSED] - today = new java.util.Date(): null

2023-10-02 16:31:00 - [TEST_STEP][PASSED] - println(today): null

2023-10-02 16:31:00 - [TEST_STEP][PASSED] - datText = today: null

2023-10-02 16:31:00 - [TEST_STEP][PASSED] - Taxtype = findTestData(dataFile).getValue("TaxType", row): null

2023-10-02 16:31:00 - [TEST_STEP][PASSED] - out.println("Taxtype value is : " + Taxtype): null

2023-10-02 16:31:00 - [TEST_STEP][PASSED] - openBrowser(""): Browser is opened with url: ''

2023-10-02 16:31:00 - [MESSAGE][WARNING] - A browser is already opened. Closing browser and opening a new one

2023-10-02 16:31:01 - [MESSAGE][INFO] - Starting 'Chrome' driver

2023-10-02 16:31:01 - [MESSAGE][INFO] - User set preference: ['acceptInsecureCerts', 'true']

2023-10-02 16:31:01 - [MESSAGE][INFO] - Action delay is set to 0 milliseconds

2023-10-02 16:31:02 - [MESSAGE][PASSED] - Browser is opened with url: ''

2023-10-02 16:31:02 - [TEST_STEP][PASSED] - maximizeWindow(): Current window maximized

2023-10-02 16:31:02 - [MESSAGE][PASSED] - Current window maximized

2023-10-02 16:31:02 - [TEST_STEP][PASSED] - navigateToUrl(RADurl): Navigate to 'https://demo.velocitypayment.com/client/rad/index.html' successfully

2023-10-02 16:31:04 - [MESSAGE][PASSED] - Navigate to 'https://demo.velocitypayment.com/client/rad/index.html' successfully

2023-10-02 16:31:04 - [TEST_STEP][PASSED] - orPath_Landing = "Object Repository/RAD_Pages/Landing_Page": null

2023-10-02 16:31:04 - [TEST_STEP][PASSED] - orPath_TaxTypeFilingYear = "Object Repository/RAD_Pages/TaxTypeFilingYear_Page": null

2023-10-02 16:31:04 - [TEST_STEP][PASSED] - orPath_TaxPayer = "Object Repository/RAD_Pages/Taxpayer_Page": null

2023-10-02 16:31:04 - [TEST_STEP][PASSED] - orPath_AddressContact = "Object Repository/RAD_Pages/AddressAndContactInfo_Page": null

2023-10-02 16:31:04 - [TEST_STEP][PASSED] - orPath_FilingStatus = "Object Repository/RAD_Pages/FilingStatus_Page": null

2023-10-02 16:31:04 - [TEST_STEP][PASSED] - orPath_Amount = "Object Repository/RAD_Pages/PaymentAmount_Page": null

2023-10-02 16:31:04 - [TEST_STEP][PASSED] - orPath_TaxInfo = "Object Repository/RAD_Pages/TaxInfo_Page": null

2023-10-02 16:31:04 - [TEST_STEP][PASSED] - orPath_Withholding = "Object Repository/RAD_Pages/Withholding_Page": null

2023-10-02 16:31:04 - [TEST_STEP][PASSED] - orPath_Summary = "Object Repository/RAD_Pages/Summary_Page": null

2023-10-02 16:31:04 - [TEST_STEP][PASSED] - orPath_PaymentReady = "Object Repository/RAD_Pages/PaymentReady_Page": null

2023-10-02 16:31:04 - [TEST_STEP][PASSED] - orPath_PaymentEntry = "Object Repository/RAD_Pages/PaymentEntry_Page": null

2023-10-02 16:31:04 - [TEST_STEP][PASSED] - orPath_PaymentConfirmation = "Object Repository/RAD_Pages/PaymentConfirmation_Page": null

2023-10-02 16:31:04 - [TEST_STEP][PASSED] - orPath_ServiceFeesAccept = "Object Repository/RAD_Pages/ServiceFeeAccept_Page": null

2023-10-02 16:31:04 - [TEST_STEP][PASSED] - selectOptionByLabel(findTestObject(orPath_Landing + "/dd_TaxType"), Paymenttype, false): All options with label 'Quarterly Estimated Tax' are selected in object 'Object Repository/RAD_Pages/Landing_Page/dd_TaxType' 

2023-10-02 16:31:05 - [MESSAGE][PASSED] - All options with label 'Quarterly Estimated Tax' are selected in object 'Object Repository/RAD_Pages/Landing_Page/dd_TaxType' 

2023-10-02 16:31:05 - [TEST_STEP][PASSED] - delay(1): Delayed 1 second(s)

2023-10-02 16:31:06 - [MESSAGE][PASSED] - Delayed 1 second(s)

2023-10-02 16:31:06 - [TEST_STEP][PASSED] - switch (Paymenttype): null

2023-10-02 16:31:06 - [TEST_STEP][PASSED] - case "Quarterly Estimated Tax":: null

2023-10-02 16:31:06 - [TEST_STEP][PASSED] - selectOptionByLabel(findTestObject(orPath_TaxTypeFilingYear + "/select_PaymentType"), Taxtype, false): All options with label 'Fiduciary Tax' are selected in object 'Object Repository/RAD_Pages/TaxTypeFilingYear_Page/select_PaymentType' 

2023-10-02 16:31:07 - [MESSAGE][PASSED] - All options with label 'Fiduciary Tax' are selected in object 'Object Repository/RAD_Pages/TaxTypeFilingYear_Page/select_PaymentType' 

2023-10-02 16:31:07 - [TEST_STEP][PASSED] - break: null

2023-10-02 16:31:07 - [TEST_STEP][PASSED] - delay(1): Delayed 1 second(s)

2023-10-02 16:31:08 - [MESSAGE][PASSED] - Delayed 1 second(s)

2023-10-02 16:31:08 - [TEST_STEP][PASSED] - switch (Paymenttype): null

2023-10-02 16:31:08 - [TEST_STEP][PASSED] - case "Quarterly Estimated Tax":: null

2023-10-02 16:31:08 - [TEST_STEP][PASSED] - if (feinSsn.equalsIgnoreCase("Y")): null

2023-10-02 16:31:08 - [TEST_STEP][PASSED] - else: Text ****** has been set on object 'Object Repository/RAD_Pages/TaxInfo_Page/input_FederalEIN_ReEnter'

2023-10-02 16:31:08 - [TEST_STEP][PASSED] - setEncryptedText(findTestObject(orPath_TaxInfo + "/input_FederalEIN"), "iGDxf8hSRT4="): Text ****** has been set on object 'Object Repository/RAD_Pages/TaxInfo_Page/input_FederalEIN'

2023-10-02 16:31:08 - [MESSAGE][PASSED] - Text ****** has been set on object 'Object Repository/RAD_Pages/TaxInfo_Page/input_FederalEIN'

2023-10-02 16:31:08 - [TEST_STEP][PASSED] - setEncryptedText(findTestObject(orPath_TaxInfo + "/input_FederalEIN_ReEnter"), ""): Text ****** has been set on object 'Object Repository/RAD_Pages/TaxInfo_Page/input_FederalEIN_ReEnter'

2023-10-02 16:31:10 - [MESSAGE][PASSED] - Text ****** has been set on object 'Object Repository/RAD_Pages/TaxInfo_Page/input_FederalEIN_ReEnter'

2023-10-02 16:31:10 - [TEST_STEP][PASSED] - break: null

2023-10-02 16:31:10 - [TEST_STEP][PASSED] - if (feinSsn.equalsIgnoreCase("Y")): null

2023-10-02 16:31:10 - [TEST_STEP][PASSED] - else: null

2023-10-02 16:31:10 - [TEST_STEP][PASSED] - if (verifyTextPresent("Please enter a valid FEIN with 9 digits.", true)): null

2023-10-02 16:31:10 - [MESSAGE][PASSED] - Text 'Please enter a valid FEIN with 9 digits.' is present on page  using regular expression

2023-10-02 16:31:10 - [TEST_STEP][PASSED] - println("Error Message is present on the page"): null

2023-10-02 16:31:10 - [TEST_STEP][PASSED] - out.println("Pass Record Number: " + row): null

2023-10-02 16:31:10 - [TEST_STEP][PASSED] - resText = "Pass": null

2023-10-02 16:31:10 - [TEST_STEP][PASSED] - pages.WriteExcel.demoKey(resText, datText, resColumn, datCloumn, fileLoc, nameSheet, row): pages.WriteExcel.demoKey is PASSED

2023-10-02 16:31:10 - [MESSAGE][PASSED] - pages.WriteExcel.demoKey is PASSED

2023-10-02 16:31:10 - [TEST_STEP][PASSED] - ExecuteTC = findTestData(dataFile).getValue("Execute", row): null

2023-10-02 16:31:10 - [TEST_STEP][PASSED] - Taxtype = findTestData(dataFile).getValue("TaxType", row): null

2023-10-02 16:31:10 - [TEST_STEP][PASSED] - Paymenttype = findTestData(dataFile).getValue("PaymentType", row): null

2023-10-02 16:31:10 - [TEST_STEP][PASSED] - feinSsn = findTestData(dataFile).getValue("FEINSSN", row): null

2023-10-02 16:31:10 - [TEST_STEP][PASSED] - out.println("Value of Execute is : " + ExecuteTC): null

2023-10-02 16:31:10 - [TEST_STEP][PASSED] - if (ExecuteTC.equalsIgnoreCase("Y")): null

2023-10-02 16:31:10 - [TEST_STEP][PASSED] - out.println("Begin Record Number: " + row): null

2023-10-02 16:31:10 - [TEST_STEP][PASSED] - today = new java.util.Date(): null

2023-10-02 16:31:10 - [TEST_STEP][PASSED] - println(today): null

2023-10-02 16:31:10 - [TEST_STEP][PASSED] - datText = today: null

2023-10-02 16:31:10 - [TEST_STEP][PASSED] - Taxtype = findTestData(dataFile).getValue("TaxType", row): null

2023-10-02 16:31:10 - [TEST_STEP][PASSED] - out.println("Taxtype value is : " + Taxtype): null

2023-10-02 16:31:10 - [TEST_STEP][PASSED] - openBrowser(""): Browser is opened with url: ''

2023-10-02 16:31:10 - [MESSAGE][WARNING] - A browser is already opened. Closing browser and opening a new one

2023-10-02 16:31:11 - [MESSAGE][INFO] - Starting 'Chrome' driver

2023-10-02 16:31:11 - [MESSAGE][INFO] - User set preference: ['acceptInsecureCerts', 'true']

2023-10-02 16:31:11 - [MESSAGE][INFO] - Action delay is set to 0 milliseconds

2023-10-02 16:31:13 - [MESSAGE][PASSED] - Browser is opened with url: ''

2023-10-02 16:31:13 - [TEST_STEP][PASSED] - maximizeWindow(): Current window maximized

2023-10-02 16:31:13 - [MESSAGE][PASSED] - Current window maximized

2023-10-02 16:31:13 - [TEST_STEP][PASSED] - navigateToUrl(RADurl): Navigate to 'https://demo.velocitypayment.com/client/rad/index.html' successfully

2023-10-02 16:31:14 - [MESSAGE][PASSED] - Navigate to 'https://demo.velocitypayment.com/client/rad/index.html' successfully

2023-10-02 16:31:14 - [TEST_STEP][PASSED] - orPath_Landing = "Object Repository/RAD_Pages/Landing_Page": null

2023-10-02 16:31:14 - [TEST_STEP][PASSED] - orPath_TaxTypeFilingYear = "Object Repository/RAD_Pages/TaxTypeFilingYear_Page": null

2023-10-02 16:31:14 - [TEST_STEP][PASSED] - orPath_TaxPayer = "Object Repository/RAD_Pages/Taxpayer_Page": null

2023-10-02 16:31:14 - [TEST_STEP][PASSED] - orPath_AddressContact = "Object Repository/RAD_Pages/AddressAndContactInfo_Page": null

2023-10-02 16:31:14 - [TEST_STEP][PASSED] - orPath_FilingStatus = "Object Repository/RAD_Pages/FilingStatus_Page": null

2023-10-02 16:31:14 - [TEST_STEP][PASSED] - orPath_Amount = "Object Repository/RAD_Pages/PaymentAmount_Page": null

2023-10-02 16:31:14 - [TEST_STEP][PASSED] - orPath_TaxInfo = "Object Repository/RAD_Pages/TaxInfo_Page": null

2023-10-02 16:31:14 - [TEST_STEP][PASSED] - orPath_Withholding = "Object Repository/RAD_Pages/Withholding_Page": null

2023-10-02 16:31:14 - [TEST_STEP][PASSED] - orPath_Summary = "Object Repository/RAD_Pages/Summary_Page": null

2023-10-02 16:31:14 - [TEST_STEP][PASSED] - orPath_PaymentReady = "Object Repository/RAD_Pages/PaymentReady_Page": null

2023-10-02 16:31:14 - [TEST_STEP][PASSED] - orPath_PaymentEntry = "Object Repository/RAD_Pages/PaymentEntry_Page": null

2023-10-02 16:31:14 - [TEST_STEP][PASSED] - orPath_PaymentConfirmation = "Object Repository/RAD_Pages/PaymentConfirmation_Page": null

2023-10-02 16:31:14 - [TEST_STEP][PASSED] - orPath_ServiceFeesAccept = "Object Repository/RAD_Pages/ServiceFeeAccept_Page": null

2023-10-02 16:31:14 - [TEST_STEP][PASSED] - selectOptionByLabel(findTestObject(orPath_Landing + "/dd_TaxType"), Paymenttype, false): All options with label 'Quarterly Estimated Tax' are selected in object 'Object Repository/RAD_Pages/Landing_Page/dd_TaxType' 

2023-10-02 16:31:15 - [MESSAGE][PASSED] - All options with label 'Quarterly Estimated Tax' are selected in object 'Object Repository/RAD_Pages/Landing_Page/dd_TaxType' 

2023-10-02 16:31:15 - [TEST_STEP][PASSED] - delay(1): Delayed 1 second(s)

2023-10-02 16:31:16 - [MESSAGE][PASSED] - Delayed 1 second(s)

2023-10-02 16:31:16 - [TEST_STEP][PASSED] - switch (Paymenttype): null

2023-10-02 16:31:16 - [TEST_STEP][PASSED] - case "Quarterly Estimated Tax":: null

2023-10-02 16:31:16 - [TEST_STEP][PASSED] - selectOptionByLabel(findTestObject(orPath_TaxTypeFilingYear + "/select_PaymentType"), Taxtype, false): All options with label 'PTE Non-Electing Non-S Corp' are selected in object 'Object Repository/RAD_Pages/TaxTypeFilingYear_Page/select_PaymentType' 

2023-10-02 16:31:17 - [MESSAGE][PASSED] - All options with label 'PTE Non-Electing Non-S Corp' are selected in object 'Object Repository/RAD_Pages/TaxTypeFilingYear_Page/select_PaymentType' 

2023-10-02 16:31:17 - [TEST_STEP][PASSED] - break: null

2023-10-02 16:31:17 - [TEST_STEP][PASSED] - delay(1): Delayed 1 second(s)

2023-10-02 16:31:18 - [MESSAGE][PASSED] - Delayed 1 second(s)

2023-10-02 16:31:18 - [TEST_STEP][PASSED] - switch (Paymenttype): null

2023-10-02 16:31:18 - [TEST_STEP][PASSED] - case "Quarterly Estimated Tax":: null

2023-10-02 16:31:18 - [TEST_STEP][PASSED] - if (feinSsn.equalsIgnoreCase("Y")): Text ****** has been set on object 'Object Repository/RAD_Pages/TaxInfo_Page/input_TaxInformation_RefeinSsn'

2023-10-02 16:31:18 - [TEST_STEP][PASSED] - setEncryptedText(findTestObject(orPath_TaxInfo + "/input_TaxInformation_feinSsn"), "iGDxf8hSRT4="): Text ****** has been set on object 'Object Repository/RAD_Pages/TaxInfo_Page/input_TaxInformation_feinSsn'

2023-10-02 16:31:18 - [MESSAGE][PASSED] - Text ****** has been set on object 'Object Repository/RAD_Pages/TaxInfo_Page/input_TaxInformation_feinSsn'

2023-10-02 16:31:18 - [TEST_STEP][PASSED] - setEncryptedText(findTestObject(orPath_TaxInfo + "/input_TaxInformation_RefeinSsn"), ""): Text ****** has been set on object 'Object Repository/RAD_Pages/TaxInfo_Page/input_TaxInformation_RefeinSsn'

2023-10-02 16:31:20 - [MESSAGE][PASSED] - Text ****** has been set on object 'Object Repository/RAD_Pages/TaxInfo_Page/input_TaxInformation_RefeinSsn'

2023-10-02 16:31:20 - [TEST_STEP][PASSED] - break: null

2023-10-02 16:31:20 - [TEST_STEP][PASSED] - if (feinSsn.equalsIgnoreCase("Y")): null

2023-10-02 16:31:20 - [TEST_STEP][PASSED] - if (verifyTextPresent("Please enter a valid FEIN/SSN with 9 digits", true)): null

2023-10-02 16:31:20 - [MESSAGE][PASSED] - Text 'Please enter a valid FEIN/SSN with 9 digits' is present on page  using regular expression

2023-10-02 16:31:20 - [TEST_STEP][PASSED] - println("Error Message is present on the page"): null

2023-10-02 16:31:20 - [TEST_STEP][PASSED] - out.println("Pass Record Number: " + row): null

2023-10-02 16:31:20 - [TEST_STEP][PASSED] - resText = "Pass": null

2023-10-02 16:31:20 - [TEST_STEP][PASSED] - pages.WriteExcel.demoKey(resText, datText, resColumn, datCloumn, fileLoc, nameSheet, row): pages.WriteExcel.demoKey is PASSED

2023-10-02 16:31:20 - [MESSAGE][PASSED] - pages.WriteExcel.demoKey is PASSED

2023-10-02 16:31:20 - [TEST_STEP][PASSED] - ExecuteTC = findTestData(dataFile).getValue("Execute", row): null

2023-10-02 16:31:20 - [TEST_STEP][PASSED] - Taxtype = findTestData(dataFile).getValue("TaxType", row): null

2023-10-02 16:31:20 - [TEST_STEP][PASSED] - Paymenttype = findTestData(dataFile).getValue("PaymentType", row): null

2023-10-02 16:31:20 - [TEST_STEP][PASSED] - feinSsn = findTestData(dataFile).getValue("FEINSSN", row): null

2023-10-02 16:31:20 - [TEST_STEP][PASSED] - out.println("Value of Execute is : " + ExecuteTC): null

2023-10-02 16:31:20 - [TEST_STEP][PASSED] - if (ExecuteTC.equalsIgnoreCase("Y")): null

2023-10-02 16:31:20 - [TEST_STEP][PASSED] - out.println("Begin Record Number: " + row): null

2023-10-02 16:31:20 - [TEST_STEP][PASSED] - today = new java.util.Date(): null

2023-10-02 16:31:20 - [TEST_STEP][PASSED] - println(today): null

2023-10-02 16:31:20 - [TEST_STEP][PASSED] - datText = today: null

2023-10-02 16:31:20 - [TEST_STEP][PASSED] - Taxtype = findTestData(dataFile).getValue("TaxType", row): null

2023-10-02 16:31:20 - [TEST_STEP][PASSED] - out.println("Taxtype value is : " + Taxtype): null

2023-10-02 16:31:20 - [TEST_STEP][PASSED] - openBrowser(""): Browser is opened with url: ''

2023-10-02 16:31:20 - [MESSAGE][WARNING] - A browser is already opened. Closing browser and opening a new one

2023-10-02 16:31:21 - [MESSAGE][INFO] - Starting 'Chrome' driver

2023-10-02 16:31:21 - [MESSAGE][INFO] - User set preference: ['acceptInsecureCerts', 'true']

2023-10-02 16:31:21 - [MESSAGE][INFO] - Action delay is set to 0 milliseconds

2023-10-02 16:31:23 - [MESSAGE][PASSED] - Browser is opened with url: ''

2023-10-02 16:31:23 - [TEST_STEP][PASSED] - maximizeWindow(): Current window maximized

2023-10-02 16:31:23 - [MESSAGE][PASSED] - Current window maximized

2023-10-02 16:31:23 - [TEST_STEP][PASSED] - navigateToUrl(RADurl): Navigate to 'https://demo.velocitypayment.com/client/rad/index.html' successfully

2023-10-02 16:31:24 - [MESSAGE][PASSED] - Navigate to 'https://demo.velocitypayment.com/client/rad/index.html' successfully

2023-10-02 16:31:24 - [TEST_STEP][PASSED] - orPath_Landing = "Object Repository/RAD_Pages/Landing_Page": null

2023-10-02 16:31:24 - [TEST_STEP][PASSED] - orPath_TaxTypeFilingYear = "Object Repository/RAD_Pages/TaxTypeFilingYear_Page": null

2023-10-02 16:31:24 - [TEST_STEP][PASSED] - orPath_TaxPayer = "Object Repository/RAD_Pages/Taxpayer_Page": null

2023-10-02 16:31:24 - [TEST_STEP][PASSED] - orPath_AddressContact = "Object Repository/RAD_Pages/AddressAndContactInfo_Page": null

2023-10-02 16:31:24 - [TEST_STEP][PASSED] - orPath_FilingStatus = "Object Repository/RAD_Pages/FilingStatus_Page": null

2023-10-02 16:31:24 - [TEST_STEP][PASSED] - orPath_Amount = "Object Repository/RAD_Pages/PaymentAmount_Page": null

2023-10-02 16:31:24 - [TEST_STEP][PASSED] - orPath_TaxInfo = "Object Repository/RAD_Pages/TaxInfo_Page": null

2023-10-02 16:31:24 - [TEST_STEP][PASSED] - orPath_Withholding = "Object Repository/RAD_Pages/Withholding_Page": null

2023-10-02 16:31:24 - [TEST_STEP][PASSED] - orPath_Summary = "Object Repository/RAD_Pages/Summary_Page": null

2023-10-02 16:31:24 - [TEST_STEP][PASSED] - orPath_PaymentReady = "Object Repository/RAD_Pages/PaymentReady_Page": null

2023-10-02 16:31:24 - [TEST_STEP][PASSED] - orPath_PaymentEntry = "Object Repository/RAD_Pages/PaymentEntry_Page": null

2023-10-02 16:31:24 - [TEST_STEP][PASSED] - orPath_PaymentConfirmation = "Object Repository/RAD_Pages/PaymentConfirmation_Page": null

2023-10-02 16:31:24 - [TEST_STEP][PASSED] - orPath_ServiceFeesAccept = "Object Repository/RAD_Pages/ServiceFeeAccept_Page": null

2023-10-02 16:31:24 - [TEST_STEP][PASSED] - selectOptionByLabel(findTestObject(orPath_Landing + "/dd_TaxType"), Paymenttype, false): All options with label 'Quarterly Estimated Tax' are selected in object 'Object Repository/RAD_Pages/Landing_Page/dd_TaxType' 

2023-10-02 16:31:25 - [MESSAGE][PASSED] - All options with label 'Quarterly Estimated Tax' are selected in object 'Object Repository/RAD_Pages/Landing_Page/dd_TaxType' 

2023-10-02 16:31:25 - [TEST_STEP][PASSED] - delay(1): Delayed 1 second(s)

2023-10-02 16:31:26 - [MESSAGE][PASSED] - Delayed 1 second(s)

2023-10-02 16:31:26 - [TEST_STEP][PASSED] - switch (Paymenttype): null

2023-10-02 16:31:26 - [TEST_STEP][PASSED] - case "Quarterly Estimated Tax":: null

2023-10-02 16:31:26 - [TEST_STEP][PASSED] - selectOptionByLabel(findTestObject(orPath_TaxTypeFilingYear + "/select_PaymentType"), Taxtype, false): All options with label 'PTE Non-Electing S Corp' are selected in object 'Object Repository/RAD_Pages/TaxTypeFilingYear_Page/select_PaymentType' 

2023-10-02 16:31:27 - [MESSAGE][PASSED] - All options with label 'PTE Non-Electing S Corp' are selected in object 'Object Repository/RAD_Pages/TaxTypeFilingYear_Page/select_PaymentType' 

2023-10-02 16:31:27 - [TEST_STEP][PASSED] - break: null

2023-10-02 16:31:27 - [TEST_STEP][PASSED] - delay(1): Delayed 1 second(s)

2023-10-02 16:31:28 - [MESSAGE][PASSED] - Delayed 1 second(s)

2023-10-02 16:31:28 - [TEST_STEP][PASSED] - switch (Paymenttype): null

2023-10-02 16:31:28 - [TEST_STEP][PASSED] - case "Quarterly Estimated Tax":: null

2023-10-02 16:31:28 - [TEST_STEP][PASSED] - if (feinSsn.equalsIgnoreCase("Y")): Text ****** has been set on object 'Object Repository/RAD_Pages/TaxInfo_Page/input_TaxInformation_RefeinSsn'

2023-10-02 16:31:28 - [TEST_STEP][PASSED] - setEncryptedText(findTestObject(orPath_TaxInfo + "/input_TaxInformation_feinSsn"), "iGDxf8hSRT4="): Text ****** has been set on object 'Object Repository/RAD_Pages/TaxInfo_Page/input_TaxInformation_feinSsn'

2023-10-02 16:31:28 - [MESSAGE][PASSED] - Text ****** has been set on object 'Object Repository/RAD_Pages/TaxInfo_Page/input_TaxInformation_feinSsn'

2023-10-02 16:31:28 - [TEST_STEP][PASSED] - setEncryptedText(findTestObject(orPath_TaxInfo + "/input_TaxInformation_RefeinSsn"), ""): Text ****** has been set on object 'Object Repository/RAD_Pages/TaxInfo_Page/input_TaxInformation_RefeinSsn'

2023-10-02 16:31:30 - [MESSAGE][PASSED] - Text ****** has been set on object 'Object Repository/RAD_Pages/TaxInfo_Page/input_TaxInformation_RefeinSsn'

2023-10-02 16:31:30 - [TEST_STEP][PASSED] - break: null

2023-10-02 16:31:30 - [TEST_STEP][PASSED] - if (feinSsn.equalsIgnoreCase("Y")): null

2023-10-02 16:31:30 - [TEST_STEP][PASSED] - if (verifyTextPresent("Please enter a valid FEIN/SSN with 9 digits", true)): null

2023-10-02 16:31:30 - [MESSAGE][PASSED] - Text 'Please enter a valid FEIN/SSN with 9 digits' is present on page  using regular expression

2023-10-02 16:31:30 - [TEST_STEP][PASSED] - println("Error Message is present on the page"): null

2023-10-02 16:31:30 - [TEST_STEP][PASSED] - out.println("Pass Record Number: " + row): null

2023-10-02 16:31:30 - [TEST_STEP][PASSED] - resText = "Pass": null

2023-10-02 16:31:30 - [TEST_STEP][PASSED] - pages.WriteExcel.demoKey(resText, datText, resColumn, datCloumn, fileLoc, nameSheet, row): pages.WriteExcel.demoKey is PASSED

2023-10-02 16:31:30 - [MESSAGE][PASSED] - pages.WriteExcel.demoKey is PASSED

2023-10-02 16:31:30 - [TEST_STEP][PASSED] - ExecuteTC = findTestData(dataFile).getValue("Execute", row): null

2023-10-02 16:31:30 - [TEST_STEP][PASSED] - Taxtype = findTestData(dataFile).getValue("TaxType", row): null

2023-10-02 16:31:30 - [TEST_STEP][PASSED] - Paymenttype = findTestData(dataFile).getValue("PaymentType", row): null

2023-10-02 16:31:30 - [TEST_STEP][PASSED] - feinSsn = findTestData(dataFile).getValue("FEINSSN", row): null

2023-10-02 16:31:31 - [TEST_STEP][PASSED] - out.println("Value of Execute is : " + ExecuteTC): null

2023-10-02 16:31:31 - [TEST_STEP][PASSED] - if (ExecuteTC.equalsIgnoreCase("Y")): null

2023-10-02 16:31:31 - [TEST_STEP][PASSED] - out.println("Begin Record Number: " + row): null

2023-10-02 16:31:31 - [TEST_STEP][PASSED] - today = new java.util.Date(): null

2023-10-02 16:31:31 - [TEST_STEP][PASSED] - println(today): null

2023-10-02 16:31:31 - [TEST_STEP][PASSED] - datText = today: null

2023-10-02 16:31:31 - [TEST_STEP][PASSED] - Taxtype = findTestData(dataFile).getValue("TaxType", row): null

2023-10-02 16:31:31 - [TEST_STEP][PASSED] - out.println("Taxtype value is : " + Taxtype): null

2023-10-02 16:31:31 - [TEST_STEP][PASSED] - openBrowser(""): Browser is opened with url: ''

2023-10-02 16:31:31 - [MESSAGE][WARNING] - A browser is already opened. Closing browser and opening a new one

2023-10-02 16:31:31 - [MESSAGE][INFO] - Starting 'Chrome' driver

2023-10-02 16:31:31 - [MESSAGE][INFO] - User set preference: ['acceptInsecureCerts', 'true']

2023-10-02 16:31:31 - [MESSAGE][INFO] - Action delay is set to 0 milliseconds

2023-10-02 16:31:33 - [MESSAGE][PASSED] - Browser is opened with url: ''

2023-10-02 16:31:33 - [TEST_STEP][PASSED] - maximizeWindow(): Current window maximized

2023-10-02 16:31:33 - [MESSAGE][PASSED] - Current window maximized

2023-10-02 16:31:33 - [TEST_STEP][PASSED] - navigateToUrl(RADurl): Navigate to 'https://demo.velocitypayment.com/client/rad/index.html' successfully

2023-10-02 16:31:34 - [MESSAGE][PASSED] - Navigate to 'https://demo.velocitypayment.com/client/rad/index.html' successfully

2023-10-02 16:31:34 - [TEST_STEP][PASSED] - orPath_Landing = "Object Repository/RAD_Pages/Landing_Page": null

2023-10-02 16:31:34 - [TEST_STEP][PASSED] - orPath_TaxTypeFilingYear = "Object Repository/RAD_Pages/TaxTypeFilingYear_Page": null

2023-10-02 16:31:34 - [TEST_STEP][PASSED] - orPath_TaxPayer = "Object Repository/RAD_Pages/Taxpayer_Page": null

2023-10-02 16:31:34 - [TEST_STEP][PASSED] - orPath_AddressContact = "Object Repository/RAD_Pages/AddressAndContactInfo_Page": null

2023-10-02 16:31:34 - [TEST_STEP][PASSED] - orPath_FilingStatus = "Object Repository/RAD_Pages/FilingStatus_Page": null

2023-10-02 16:31:34 - [TEST_STEP][PASSED] - orPath_Amount = "Object Repository/RAD_Pages/PaymentAmount_Page": null

2023-10-02 16:31:34 - [TEST_STEP][PASSED] - orPath_TaxInfo = "Object Repository/RAD_Pages/TaxInfo_Page": null

2023-10-02 16:31:34 - [TEST_STEP][PASSED] - orPath_Withholding = "Object Repository/RAD_Pages/Withholding_Page": null

2023-10-02 16:31:34 - [TEST_STEP][PASSED] - orPath_Summary = "Object Repository/RAD_Pages/Summary_Page": null

2023-10-02 16:31:34 - [TEST_STEP][PASSED] - orPath_PaymentReady = "Object Repository/RAD_Pages/PaymentReady_Page": null

2023-10-02 16:31:34 - [TEST_STEP][PASSED] - orPath_PaymentEntry = "Object Repository/RAD_Pages/PaymentEntry_Page": null

2023-10-02 16:31:34 - [TEST_STEP][PASSED] - orPath_PaymentConfirmation = "Object Repository/RAD_Pages/PaymentConfirmation_Page": null

2023-10-02 16:31:34 - [TEST_STEP][PASSED] - orPath_ServiceFeesAccept = "Object Repository/RAD_Pages/ServiceFeeAccept_Page": null

2023-10-02 16:31:34 - [TEST_STEP][PASSED] - selectOptionByLabel(findTestObject(orPath_Landing + "/dd_TaxType"), Paymenttype, false): All options with label 'Quarterly Estimated Tax' are selected in object 'Object Repository/RAD_Pages/Landing_Page/dd_TaxType' 

2023-10-02 16:31:35 - [MESSAGE][PASSED] - All options with label 'Quarterly Estimated Tax' are selected in object 'Object Repository/RAD_Pages/Landing_Page/dd_TaxType' 

2023-10-02 16:31:35 - [TEST_STEP][PASSED] - delay(1): Delayed 1 second(s)

2023-10-02 16:31:36 - [MESSAGE][PASSED] - Delayed 1 second(s)

2023-10-02 16:31:36 - [TEST_STEP][PASSED] - switch (Paymenttype): null

2023-10-02 16:31:36 - [TEST_STEP][PASSED] - case "Quarterly Estimated Tax":: null

2023-10-02 16:31:36 - [TEST_STEP][PASSED] - selectOptionByLabel(findTestObject(orPath_TaxTypeFilingYear + "/select_PaymentType"), Taxtype, false): All options with label 'PTE Tax Electing Non-S Corp' are selected in object 'Object Repository/RAD_Pages/TaxTypeFilingYear_Page/select_PaymentType' 

2023-10-02 16:31:37 - [MESSAGE][PASSED] - All options with label 'PTE Tax Electing Non-S Corp' are selected in object 'Object Repository/RAD_Pages/TaxTypeFilingYear_Page/select_PaymentType' 

2023-10-02 16:31:37 - [TEST_STEP][PASSED] - break: null

2023-10-02 16:31:37 - [TEST_STEP][PASSED] - delay(1): Delayed 1 second(s)

2023-10-02 16:31:38 - [MESSAGE][PASSED] - Delayed 1 second(s)

2023-10-02 16:31:38 - [TEST_STEP][PASSED] - switch (Paymenttype): null

2023-10-02 16:31:38 - [TEST_STEP][PASSED] - case "Quarterly Estimated Tax":: null

2023-10-02 16:31:38 - [TEST_STEP][PASSED] - if (feinSsn.equalsIgnoreCase("Y")): Text ****** has been set on object 'Object Repository/RAD_Pages/TaxInfo_Page/input_TaxInformation_RefeinSsn'

2023-10-02 16:31:38 - [TEST_STEP][PASSED] - setEncryptedText(findTestObject(orPath_TaxInfo + "/input_TaxInformation_feinSsn"), "iGDxf8hSRT4="): Text ****** has been set on object 'Object Repository/RAD_Pages/TaxInfo_Page/input_TaxInformation_feinSsn'

2023-10-02 16:31:38 - [MESSAGE][PASSED] - Text ****** has been set on object 'Object Repository/RAD_Pages/TaxInfo_Page/input_TaxInformation_feinSsn'

2023-10-02 16:31:38 - [TEST_STEP][PASSED] - setEncryptedText(findTestObject(orPath_TaxInfo + "/input_TaxInformation_RefeinSsn"), ""): Text ****** has been set on object 'Object Repository/RAD_Pages/TaxInfo_Page/input_TaxInformation_RefeinSsn'

2023-10-02 16:31:40 - [MESSAGE][PASSED] - Text ****** has been set on object 'Object Repository/RAD_Pages/TaxInfo_Page/input_TaxInformation_RefeinSsn'

2023-10-02 16:31:40 - [TEST_STEP][PASSED] - break: null

2023-10-02 16:31:40 - [TEST_STEP][PASSED] - if (feinSsn.equalsIgnoreCase("Y")): null

2023-10-02 16:31:40 - [TEST_STEP][PASSED] - if (verifyTextPresent("Please enter a valid FEIN/SSN with 9 digits", true)): null

2023-10-02 16:31:40 - [MESSAGE][PASSED] - Text 'Please enter a valid FEIN/SSN with 9 digits' is present on page  using regular expression

2023-10-02 16:31:40 - [TEST_STEP][PASSED] - println("Error Message is present on the page"): null

2023-10-02 16:31:40 - [TEST_STEP][PASSED] - out.println("Pass Record Number: " + row): null

2023-10-02 16:31:40 - [TEST_STEP][PASSED] - resText = "Pass": null

2023-10-02 16:31:40 - [TEST_STEP][PASSED] - pages.WriteExcel.demoKey(resText, datText, resColumn, datCloumn, fileLoc, nameSheet, row): pages.WriteExcel.demoKey is PASSED

2023-10-02 16:31:40 - [MESSAGE][PASSED] - pages.WriteExcel.demoKey is PASSED

2023-10-02 16:31:40 - [TEST_STEP][PASSED] - ExecuteTC = findTestData(dataFile).getValue("Execute", row): null

2023-10-02 16:31:40 - [TEST_STEP][PASSED] - Taxtype = findTestData(dataFile).getValue("TaxType", row): null

2023-10-02 16:31:40 - [TEST_STEP][PASSED] - Paymenttype = findTestData(dataFile).getValue("PaymentType", row): null

2023-10-02 16:31:40 - [TEST_STEP][PASSED] - feinSsn = findTestData(dataFile).getValue("FEINSSN", row): null

2023-10-02 16:31:40 - [TEST_STEP][PASSED] - out.println("Value of Execute is : " + ExecuteTC): null

2023-10-02 16:31:40 - [TEST_STEP][PASSED] - if (ExecuteTC.equalsIgnoreCase("Y")): null

2023-10-02 16:31:40 - [TEST_STEP][PASSED] - out.println("Begin Record Number: " + row): null

2023-10-02 16:31:40 - [TEST_STEP][PASSED] - today = new java.util.Date(): null

2023-10-02 16:31:40 - [TEST_STEP][PASSED] - println(today): null

2023-10-02 16:31:40 - [TEST_STEP][PASSED] - datText = today: null

2023-10-02 16:31:40 - [TEST_STEP][PASSED] - Taxtype = findTestData(dataFile).getValue("TaxType", row): null

2023-10-02 16:31:40 - [TEST_STEP][PASSED] - out.println("Taxtype value is : " + Taxtype): null

2023-10-02 16:31:40 - [TEST_STEP][PASSED] - openBrowser(""): Browser is opened with url: ''

2023-10-02 16:31:40 - [MESSAGE][WARNING] - A browser is already opened. Closing browser and opening a new one

2023-10-02 16:31:41 - [MESSAGE][INFO] - Starting 'Chrome' driver

2023-10-02 16:31:41 - [MESSAGE][INFO] - User set preference: ['acceptInsecureCerts', 'true']

2023-10-02 16:31:41 - [MESSAGE][INFO] - Action delay is set to 0 milliseconds

2023-10-02 16:31:43 - [MESSAGE][PASSED] - Browser is opened with url: ''

2023-10-02 16:31:43 - [TEST_STEP][PASSED] - maximizeWindow(): Current window maximized

2023-10-02 16:31:43 - [MESSAGE][PASSED] - Current window maximized

2023-10-02 16:31:43 - [TEST_STEP][PASSED] - navigateToUrl(RADurl): Navigate to 'https://demo.velocitypayment.com/client/rad/index.html' successfully

2023-10-02 16:31:44 - [MESSAGE][PASSED] - Navigate to 'https://demo.velocitypayment.com/client/rad/index.html' successfully

2023-10-02 16:31:44 - [TEST_STEP][PASSED] - orPath_Landing = "Object Repository/RAD_Pages/Landing_Page": null

2023-10-02 16:31:44 - [TEST_STEP][PASSED] - orPath_TaxTypeFilingYear = "Object Repository/RAD_Pages/TaxTypeFilingYear_Page": null

2023-10-02 16:31:44 - [TEST_STEP][PASSED] - orPath_TaxPayer = "Object Repository/RAD_Pages/Taxpayer_Page": null

2023-10-02 16:31:44 - [TEST_STEP][PASSED] - orPath_AddressContact = "Object Repository/RAD_Pages/AddressAndContactInfo_Page": null

2023-10-02 16:31:44 - [TEST_STEP][PASSED] - orPath_FilingStatus = "Object Repository/RAD_Pages/FilingStatus_Page": null

2023-10-02 16:31:44 - [TEST_STEP][PASSED] - orPath_Amount = "Object Repository/RAD_Pages/PaymentAmount_Page": null

2023-10-02 16:31:44 - [TEST_STEP][PASSED] - orPath_TaxInfo = "Object Repository/RAD_Pages/TaxInfo_Page": null

2023-10-02 16:31:44 - [TEST_STEP][PASSED] - orPath_Withholding = "Object Repository/RAD_Pages/Withholding_Page": null

2023-10-02 16:31:44 - [TEST_STEP][PASSED] - orPath_Summary = "Object Repository/RAD_Pages/Summary_Page": null

2023-10-02 16:31:44 - [TEST_STEP][PASSED] - orPath_PaymentReady = "Object Repository/RAD_Pages/PaymentReady_Page": null

2023-10-02 16:31:44 - [TEST_STEP][PASSED] - orPath_PaymentEntry = "Object Repository/RAD_Pages/PaymentEntry_Page": null

2023-10-02 16:31:44 - [TEST_STEP][PASSED] - orPath_PaymentConfirmation = "Object Repository/RAD_Pages/PaymentConfirmation_Page": null

2023-10-02 16:31:44 - [TEST_STEP][PASSED] - orPath_ServiceFeesAccept = "Object Repository/RAD_Pages/ServiceFeeAccept_Page": null

2023-10-02 16:31:44 - [TEST_STEP][PASSED] - selectOptionByLabel(findTestObject(orPath_Landing + "/dd_TaxType"), Paymenttype, false): All options with label 'Quarterly Estimated Tax' are selected in object 'Object Repository/RAD_Pages/Landing_Page/dd_TaxType' 

2023-10-02 16:31:45 - [MESSAGE][PASSED] - All options with label 'Quarterly Estimated Tax' are selected in object 'Object Repository/RAD_Pages/Landing_Page/dd_TaxType' 

2023-10-02 16:31:45 - [TEST_STEP][PASSED] - delay(1): Delayed 1 second(s)

2023-10-02 16:31:46 - [MESSAGE][PASSED] - Delayed 1 second(s)

2023-10-02 16:31:46 - [TEST_STEP][PASSED] - switch (Paymenttype): null

2023-10-02 16:31:46 - [TEST_STEP][PASSED] - case "Quarterly Estimated Tax":: null

2023-10-02 16:31:46 - [TEST_STEP][PASSED] - selectOptionByLabel(findTestObject(orPath_TaxTypeFilingYear + "/select_PaymentType"), Taxtype, false): All options with label 'PTE Tax Electing S Corp' are selected in object 'Object Repository/RAD_Pages/TaxTypeFilingYear_Page/select_PaymentType' 

2023-10-02 16:31:47 - [MESSAGE][PASSED] - All options with label 'PTE Tax Electing S Corp' are selected in object 'Object Repository/RAD_Pages/TaxTypeFilingYear_Page/select_PaymentType' 

2023-10-02 16:31:47 - [TEST_STEP][PASSED] - break: null

2023-10-02 16:31:47 - [TEST_STEP][PASSED] - delay(1): Delayed 1 second(s)

2023-10-02 16:31:48 - [MESSAGE][PASSED] - Delayed 1 second(s)

2023-10-02 16:31:48 - [TEST_STEP][PASSED] - switch (Paymenttype): null

2023-10-02 16:31:48 - [TEST_STEP][PASSED] - case "Quarterly Estimated Tax":: null

2023-10-02 16:31:48 - [TEST_STEP][PASSED] - if (feinSsn.equalsIgnoreCase("Y")): Text ****** has been set on object 'Object Repository/RAD_Pages/TaxInfo_Page/input_TaxInformation_RefeinSsn'

2023-10-02 16:31:48 - [TEST_STEP][PASSED] - setEncryptedText(findTestObject(orPath_TaxInfo + "/input_TaxInformation_feinSsn"), "iGDxf8hSRT4="): Text ****** has been set on object 'Object Repository/RAD_Pages/TaxInfo_Page/input_TaxInformation_feinSsn'

2023-10-02 16:31:49 - [MESSAGE][PASSED] - Text ****** has been set on object 'Object Repository/RAD_Pages/TaxInfo_Page/input_TaxInformation_feinSsn'

2023-10-02 16:31:49 - [TEST_STEP][PASSED] - setEncryptedText(findTestObject(orPath_TaxInfo + "/input_TaxInformation_RefeinSsn"), ""): Text ****** has been set on object 'Object Repository/RAD_Pages/TaxInfo_Page/input_TaxInformation_RefeinSsn'

2023-10-02 16:31:50 - [MESSAGE][PASSED] - Text ****** has been set on object 'Object Repository/RAD_Pages/TaxInfo_Page/input_TaxInformation_RefeinSsn'

2023-10-02 16:31:50 - [TEST_STEP][PASSED] - break: null

2023-10-02 16:31:50 - [TEST_STEP][PASSED] - if (feinSsn.equalsIgnoreCase("Y")): null

2023-10-02 16:31:50 - [TEST_STEP][PASSED] - if (verifyTextPresent("Please enter a valid FEIN/SSN with 9 digits", true)): null

2023-10-02 16:31:51 - [MESSAGE][PASSED] - Text 'Please enter a valid FEIN/SSN with 9 digits' is present on page  using regular expression

2023-10-02 16:31:51 - [TEST_STEP][PASSED] - println("Error Message is present on the page"): null

2023-10-02 16:31:51 - [TEST_STEP][PASSED] - out.println("Pass Record Number: " + row): null

2023-10-02 16:31:51 - [TEST_STEP][PASSED] - resText = "Pass": null

2023-10-02 16:31:51 - [TEST_STEP][PASSED] - pages.WriteExcel.demoKey(resText, datText, resColumn, datCloumn, fileLoc, nameSheet, row): pages.WriteExcel.demoKey is PASSED

2023-10-02 16:31:51 - [MESSAGE][PASSED] - pages.WriteExcel.demoKey is PASSED

2023-10-02 16:31:51 - [TEST_STEP][PASSED] - ExecuteTC = findTestData(dataFile).getValue("Execute", row): null

2023-10-02 16:31:51 - [TEST_STEP][PASSED] - Taxtype = findTestData(dataFile).getValue("TaxType", row): null

2023-10-02 16:31:51 - [TEST_STEP][PASSED] - Paymenttype = findTestData(dataFile).getValue("PaymentType", row): null

2023-10-02 16:31:51 - [TEST_STEP][PASSED] - feinSsn = findTestData(dataFile).getValue("FEINSSN", row): null

2023-10-02 16:31:51 - [TEST_STEP][PASSED] - out.println("Value of Execute is : " + ExecuteTC): null

2023-10-02 16:31:51 - [TEST_STEP][PASSED] - if (ExecuteTC.equalsIgnoreCase("Y")): null

2023-10-02 16:31:51 - [TEST_STEP][PASSED] - out.println("Begin Record Number: " + row): null

2023-10-02 16:31:51 - [TEST_STEP][PASSED] - today = new java.util.Date(): null

2023-10-02 16:31:51 - [TEST_STEP][PASSED] - println(today): null

2023-10-02 16:31:51 - [TEST_STEP][PASSED] - datText = today: null

2023-10-02 16:31:51 - [TEST_STEP][PASSED] - Taxtype = findTestData(dataFile).getValue("TaxType", row): null

2023-10-02 16:31:51 - [TEST_STEP][PASSED] - out.println("Taxtype value is : " + Taxtype): null

2023-10-02 16:31:51 - [TEST_STEP][PASSED] - openBrowser(""): Browser is opened with url: ''

2023-10-02 16:31:51 - [MESSAGE][WARNING] - A browser is already opened. Closing browser and opening a new one

2023-10-02 16:31:52 - [MESSAGE][INFO] - Starting 'Chrome' driver

2023-10-02 16:31:52 - [MESSAGE][INFO] - User set preference: ['acceptInsecureCerts', 'true']

2023-10-02 16:31:52 - [MESSAGE][INFO] - Action delay is set to 0 milliseconds

2023-10-02 16:31:53 - [MESSAGE][PASSED] - Browser is opened with url: ''

2023-10-02 16:31:53 - [TEST_STEP][PASSED] - maximizeWindow(): Current window maximized

2023-10-02 16:31:53 - [MESSAGE][PASSED] - Current window maximized

2023-10-02 16:31:53 - [TEST_STEP][PASSED] - navigateToUrl(RADurl): Navigate to 'https://demo.velocitypayment.com/client/rad/index.html' successfully

2023-10-02 16:31:55 - [MESSAGE][PASSED] - Navigate to 'https://demo.velocitypayment.com/client/rad/index.html' successfully

2023-10-02 16:31:55 - [TEST_STEP][PASSED] - orPath_Landing = "Object Repository/RAD_Pages/Landing_Page": null

2023-10-02 16:31:55 - [TEST_STEP][PASSED] - orPath_TaxTypeFilingYear = "Object Repository/RAD_Pages/TaxTypeFilingYear_Page": null

2023-10-02 16:31:55 - [TEST_STEP][PASSED] - orPath_TaxPayer = "Object Repository/RAD_Pages/Taxpayer_Page": null

2023-10-02 16:31:55 - [TEST_STEP][PASSED] - orPath_AddressContact = "Object Repository/RAD_Pages/AddressAndContactInfo_Page": null

2023-10-02 16:31:55 - [TEST_STEP][PASSED] - orPath_FilingStatus = "Object Repository/RAD_Pages/FilingStatus_Page": null

2023-10-02 16:31:55 - [TEST_STEP][PASSED] - orPath_Amount = "Object Repository/RAD_Pages/PaymentAmount_Page": null

2023-10-02 16:31:55 - [TEST_STEP][PASSED] - orPath_TaxInfo = "Object Repository/RAD_Pages/TaxInfo_Page": null

2023-10-02 16:31:55 - [TEST_STEP][PASSED] - orPath_Withholding = "Object Repository/RAD_Pages/Withholding_Page": null

2023-10-02 16:31:55 - [TEST_STEP][PASSED] - orPath_Summary = "Object Repository/RAD_Pages/Summary_Page": null

2023-10-02 16:31:55 - [TEST_STEP][PASSED] - orPath_PaymentReady = "Object Repository/RAD_Pages/PaymentReady_Page": null

2023-10-02 16:31:55 - [TEST_STEP][PASSED] - orPath_PaymentEntry = "Object Repository/RAD_Pages/PaymentEntry_Page": null

2023-10-02 16:31:55 - [TEST_STEP][PASSED] - orPath_PaymentConfirmation = "Object Repository/RAD_Pages/PaymentConfirmation_Page": null

2023-10-02 16:31:55 - [TEST_STEP][PASSED] - orPath_ServiceFeesAccept = "Object Repository/RAD_Pages/ServiceFeeAccept_Page": null

2023-10-02 16:31:55 - [TEST_STEP][PASSED] - selectOptionByLabel(findTestObject(orPath_Landing + "/dd_TaxType"), Paymenttype, false): All options with label 'Extension Payments' are selected in object 'Object Repository/RAD_Pages/Landing_Page/dd_TaxType' 

2023-10-02 16:31:56 - [MESSAGE][PASSED] - All options with label 'Extension Payments' are selected in object 'Object Repository/RAD_Pages/Landing_Page/dd_TaxType' 

2023-10-02 16:31:56 - [TEST_STEP][PASSED] - delay(1): Delayed 1 second(s)

2023-10-02 16:31:57 - [MESSAGE][PASSED] - Delayed 1 second(s)

2023-10-02 16:31:57 - [TEST_STEP][PASSED] - switch (Paymenttype): null

2023-10-02 16:31:57 - [TEST_STEP][PASSED] - case "Extension Payments":: null

2023-10-02 16:31:57 - [TEST_STEP][PASSED] - selectOptionByLabel(findTestObject(orPath_TaxTypeFilingYear + "/select_PaymentType"), Taxtype, false): All options with label 'Corporate Income Tax' are selected in object 'Object Repository/RAD_Pages/TaxTypeFilingYear_Page/select_PaymentType' 

2023-10-02 16:31:57 - [MESSAGE][PASSED] - All options with label 'Corporate Income Tax' are selected in object 'Object Repository/RAD_Pages/TaxTypeFilingYear_Page/select_PaymentType' 

2023-10-02 16:31:57 - [TEST_STEP][PASSED] - break: null

2023-10-02 16:31:57 - [TEST_STEP][PASSED] - delay(1): Delayed 1 second(s)

2023-10-02 16:31:58 - [MESSAGE][PASSED] - Delayed 1 second(s)

2023-10-02 16:31:58 - [TEST_STEP][PASSED] - switch (Paymenttype): null

2023-10-02 16:31:58 - [TEST_STEP][PASSED] - case "Extension Payments":: null

2023-10-02 16:31:58 - [TEST_STEP][PASSED] - if (feinSsn.equalsIgnoreCase("Y")): null

2023-10-02 16:31:58 - [TEST_STEP][PASSED] - else: Text ****** has been set on object 'Object Repository/RAD_Pages/TaxInfo_Page/input_FederalEIN_ReEnter'

2023-10-02 16:31:58 - [TEST_STEP][PASSED] - setEncryptedText(findTestObject(orPath_TaxInfo + "/input_FederalEIN"), "iGDxf8hSRT4="): Text ****** has been set on object 'Object Repository/RAD_Pages/TaxInfo_Page/input_FederalEIN'

2023-10-02 16:31:59 - [MESSAGE][PASSED] - Text ****** has been set on object 'Object Repository/RAD_Pages/TaxInfo_Page/input_FederalEIN'

2023-10-02 16:31:59 - [TEST_STEP][PASSED] - setEncryptedText(findTestObject(orPath_TaxInfo + "/input_FederalEIN_ReEnter"), ""): Text ****** has been set on object 'Object Repository/RAD_Pages/TaxInfo_Page/input_FederalEIN_ReEnter'

2023-10-02 16:32:00 - [MESSAGE][PASSED] - Text ****** has been set on object 'Object Repository/RAD_Pages/TaxInfo_Page/input_FederalEIN_ReEnter'

2023-10-02 16:32:00 - [TEST_STEP][PASSED] - break: null

2023-10-02 16:32:00 - [TEST_STEP][PASSED] - if (feinSsn.equalsIgnoreCase("Y")): null

2023-10-02 16:32:00 - [TEST_STEP][PASSED] - else: null

2023-10-02 16:32:00 - [TEST_STEP][PASSED] - if (verifyTextPresent("Please enter a valid FEIN with 9 digits.", true)): null

2023-10-02 16:32:01 - [MESSAGE][PASSED] - Text 'Please enter a valid FEIN with 9 digits.' is present on page  using regular expression

2023-10-02 16:32:01 - [TEST_STEP][PASSED] - println("Error Message is present on the page"): null

2023-10-02 16:32:01 - [TEST_STEP][PASSED] - out.println("Pass Record Number: " + row): null

2023-10-02 16:32:01 - [TEST_STEP][PASSED] - resText = "Pass": null

2023-10-02 16:32:01 - [TEST_STEP][PASSED] - pages.WriteExcel.demoKey(resText, datText, resColumn, datCloumn, fileLoc, nameSheet, row): pages.WriteExcel.demoKey is PASSED

2023-10-02 16:32:01 - [MESSAGE][PASSED] - pages.WriteExcel.demoKey is PASSED

2023-10-02 16:32:01 - [TEST_STEP][PASSED] - ExecuteTC = findTestData(dataFile).getValue("Execute", row): null

2023-10-02 16:32:01 - [TEST_STEP][PASSED] - Taxtype = findTestData(dataFile).getValue("TaxType", row): null

2023-10-02 16:32:01 - [TEST_STEP][PASSED] - Paymenttype = findTestData(dataFile).getValue("PaymentType", row): null

2023-10-02 16:32:01 - [TEST_STEP][PASSED] - feinSsn = findTestData(dataFile).getValue("FEINSSN", row): null

2023-10-02 16:32:01 - [TEST_STEP][PASSED] - out.println("Value of Execute is : " + ExecuteTC): null

2023-10-02 16:32:01 - [TEST_STEP][PASSED] - if (ExecuteTC.equalsIgnoreCase("Y")): null

2023-10-02 16:32:01 - [TEST_STEP][PASSED] - out.println("Begin Record Number: " + row): null

2023-10-02 16:32:01 - [TEST_STEP][PASSED] - today = new java.util.Date(): null

2023-10-02 16:32:01 - [TEST_STEP][PASSED] - println(today): null

2023-10-02 16:32:01 - [TEST_STEP][PASSED] - datText = today: null

2023-10-02 16:32:01 - [TEST_STEP][PASSED] - Taxtype = findTestData(dataFile).getValue("TaxType", row): null

2023-10-02 16:32:01 - [TEST_STEP][PASSED] - out.println("Taxtype value is : " + Taxtype): null

2023-10-02 16:32:01 - [TEST_STEP][PASSED] - openBrowser(""): Browser is opened with url: ''

2023-10-02 16:32:01 - [MESSAGE][WARNING] - A browser is already opened. Closing browser and opening a new one

2023-10-02 16:32:02 - [MESSAGE][INFO] - Starting 'Chrome' driver

2023-10-02 16:32:02 - [MESSAGE][INFO] - User set preference: ['acceptInsecureCerts', 'true']

2023-10-02 16:32:02 - [MESSAGE][INFO] - Action delay is set to 0 milliseconds

2023-10-02 16:32:03 - [MESSAGE][PASSED] - Browser is opened with url: ''

2023-10-02 16:32:03 - [TEST_STEP][PASSED] - maximizeWindow(): Current window maximized

2023-10-02 16:32:04 - [MESSAGE][PASSED] - Current window maximized

2023-10-02 16:32:04 - [TEST_STEP][PASSED] - navigateToUrl(RADurl): Navigate to 'https://demo.velocitypayment.com/client/rad/index.html' successfully

2023-10-02 16:32:05 - [MESSAGE][PASSED] - Navigate to 'https://demo.velocitypayment.com/client/rad/index.html' successfully

2023-10-02 16:32:05 - [TEST_STEP][PASSED] - orPath_Landing = "Object Repository/RAD_Pages/Landing_Page": null

2023-10-02 16:32:05 - [TEST_STEP][PASSED] - orPath_TaxTypeFilingYear = "Object Repository/RAD_Pages/TaxTypeFilingYear_Page": null

2023-10-02 16:32:05 - [TEST_STEP][PASSED] - orPath_TaxPayer = "Object Repository/RAD_Pages/Taxpayer_Page": null

2023-10-02 16:32:05 - [TEST_STEP][PASSED] - orPath_AddressContact = "Object Repository/RAD_Pages/AddressAndContactInfo_Page": null

2023-10-02 16:32:05 - [TEST_STEP][PASSED] - orPath_FilingStatus = "Object Repository/RAD_Pages/FilingStatus_Page": null

2023-10-02 16:32:05 - [TEST_STEP][PASSED] - orPath_Amount = "Object Repository/RAD_Pages/PaymentAmount_Page": null

2023-10-02 16:32:05 - [TEST_STEP][PASSED] - orPath_TaxInfo = "Object Repository/RAD_Pages/TaxInfo_Page": null

2023-10-02 16:32:05 - [TEST_STEP][PASSED] - orPath_Withholding = "Object Repository/RAD_Pages/Withholding_Page": null

2023-10-02 16:32:05 - [TEST_STEP][PASSED] - orPath_Summary = "Object Repository/RAD_Pages/Summary_Page": null

2023-10-02 16:32:05 - [TEST_STEP][PASSED] - orPath_PaymentReady = "Object Repository/RAD_Pages/PaymentReady_Page": null

2023-10-02 16:32:05 - [TEST_STEP][PASSED] - orPath_PaymentEntry = "Object Repository/RAD_Pages/PaymentEntry_Page": null

2023-10-02 16:32:05 - [TEST_STEP][PASSED] - orPath_PaymentConfirmation = "Object Repository/RAD_Pages/PaymentConfirmation_Page": null

2023-10-02 16:32:05 - [TEST_STEP][PASSED] - orPath_ServiceFeesAccept = "Object Repository/RAD_Pages/ServiceFeeAccept_Page": null

2023-10-02 16:32:05 - [TEST_STEP][PASSED] - selectOptionByLabel(findTestObject(orPath_Landing + "/dd_TaxType"), Paymenttype, false): All options with label 'Extension Payments' are selected in object 'Object Repository/RAD_Pages/Landing_Page/dd_TaxType' 

2023-10-02 16:32:06 - [MESSAGE][PASSED] - All options with label 'Extension Payments' are selected in object 'Object Repository/RAD_Pages/Landing_Page/dd_TaxType' 

2023-10-02 16:32:06 - [TEST_STEP][PASSED] - delay(1): Delayed 1 second(s)

2023-10-02 16:32:07 - [MESSAGE][PASSED] - Delayed 1 second(s)

2023-10-02 16:32:07 - [TEST_STEP][PASSED] - switch (Paymenttype): null

2023-10-02 16:32:07 - [TEST_STEP][PASSED] - case "Extension Payments":: null

2023-10-02 16:32:07 - [TEST_STEP][PASSED] - selectOptionByLabel(findTestObject(orPath_TaxTypeFilingYear + "/select_PaymentType"), Taxtype, false): All options with label 'Fiduciary Tax' are selected in object 'Object Repository/RAD_Pages/TaxTypeFilingYear_Page/select_PaymentType' 

2023-10-02 16:32:07 - [MESSAGE][PASSED] - All options with label 'Fiduciary Tax' are selected in object 'Object Repository/RAD_Pages/TaxTypeFilingYear_Page/select_PaymentType' 

2023-10-02 16:32:07 - [TEST_STEP][PASSED] - break: null

2023-10-02 16:32:07 - [TEST_STEP][PASSED] - delay(1): Delayed 1 second(s)

2023-10-02 16:32:08 - [MESSAGE][PASSED] - Delayed 1 second(s)

2023-10-02 16:32:08 - [TEST_STEP][PASSED] - switch (Paymenttype): null

2023-10-02 16:32:08 - [TEST_STEP][PASSED] - case "Extension Payments":: null

2023-10-02 16:32:08 - [TEST_STEP][PASSED] - if (feinSsn.equalsIgnoreCase("Y")): null

2023-10-02 16:32:08 - [TEST_STEP][PASSED] - else: Text ****** has been set on object 'Object Repository/RAD_Pages/TaxInfo_Page/input_FederalEIN_ReEnter'

2023-10-02 16:32:08 - [TEST_STEP][PASSED] - setEncryptedText(findTestObject(orPath_TaxInfo + "/input_FederalEIN"), "iGDxf8hSRT4="): Text ****** has been set on object 'Object Repository/RAD_Pages/TaxInfo_Page/input_FederalEIN'

2023-10-02 16:32:09 - [MESSAGE][PASSED] - Text ****** has been set on object 'Object Repository/RAD_Pages/TaxInfo_Page/input_FederalEIN'

2023-10-02 16:32:09 - [TEST_STEP][PASSED] - setEncryptedText(findTestObject(orPath_TaxInfo + "/input_FederalEIN_ReEnter"), ""): Text ****** has been set on object 'Object Repository/RAD_Pages/TaxInfo_Page/input_FederalEIN_ReEnter'

2023-10-02 16:32:10 - [MESSAGE][PASSED] - Text ****** has been set on object 'Object Repository/RAD_Pages/TaxInfo_Page/input_FederalEIN_ReEnter'

2023-10-02 16:32:10 - [TEST_STEP][PASSED] - break: null

2023-10-02 16:32:10 - [TEST_STEP][PASSED] - if (feinSsn.equalsIgnoreCase("Y")): null

2023-10-02 16:32:10 - [TEST_STEP][PASSED] - else: null

2023-10-02 16:32:10 - [TEST_STEP][PASSED] - if (verifyTextPresent("Please enter a valid FEIN with 9 digits.", true)): null

2023-10-02 16:32:11 - [MESSAGE][PASSED] - Text 'Please enter a valid FEIN with 9 digits.' is present on page  using regular expression

2023-10-02 16:32:11 - [TEST_STEP][PASSED] - println("Error Message is present on the page"): null

2023-10-02 16:32:11 - [TEST_STEP][PASSED] - out.println("Pass Record Number: " + row): null

2023-10-02 16:32:11 - [TEST_STEP][PASSED] - resText = "Pass": null

2023-10-02 16:32:11 - [TEST_STEP][PASSED] - pages.WriteExcel.demoKey(resText, datText, resColumn, datCloumn, fileLoc, nameSheet, row): pages.WriteExcel.demoKey is PASSED

2023-10-02 16:32:11 - [MESSAGE][PASSED] - pages.WriteExcel.demoKey is PASSED

2023-10-02 16:32:11 - [TEST_STEP][PASSED] - ExecuteTC = findTestData(dataFile).getValue("Execute", row): null

2023-10-02 16:32:11 - [TEST_STEP][PASSED] - Taxtype = findTestData(dataFile).getValue("TaxType", row): null

2023-10-02 16:32:11 - [TEST_STEP][PASSED] - Paymenttype = findTestData(dataFile).getValue("PaymentType", row): null

2023-10-02 16:32:11 - [TEST_STEP][PASSED] - feinSsn = findTestData(dataFile).getValue("FEINSSN", row): null

2023-10-02 16:32:11 - [TEST_STEP][PASSED] - out.println("Value of Execute is : " + ExecuteTC): null

2023-10-02 16:32:11 - [TEST_STEP][PASSED] - if (ExecuteTC.equalsIgnoreCase("Y")): null

2023-10-02 16:32:11 - [TEST_STEP][PASSED] - out.println("Begin Record Number: " + row): null

2023-10-02 16:32:11 - [TEST_STEP][PASSED] - today = new java.util.Date(): null

2023-10-02 16:32:11 - [TEST_STEP][PASSED] - println(today): null

2023-10-02 16:32:11 - [TEST_STEP][PASSED] - datText = today: null

2023-10-02 16:32:11 - [TEST_STEP][PASSED] - Taxtype = findTestData(dataFile).getValue("TaxType", row): null

2023-10-02 16:32:11 - [TEST_STEP][PASSED] - out.println("Taxtype value is : " + Taxtype): null

2023-10-02 16:32:11 - [TEST_STEP][PASSED] - openBrowser(""): Browser is opened with url: ''

2023-10-02 16:32:11 - [MESSAGE][WARNING] - A browser is already opened. Closing browser and opening a new one

2023-10-02 16:32:12 - [MESSAGE][INFO] - Starting 'Chrome' driver

2023-10-02 16:32:12 - [MESSAGE][INFO] - User set preference: ['acceptInsecureCerts', 'true']

2023-10-02 16:32:12 - [MESSAGE][INFO] - Action delay is set to 0 milliseconds

2023-10-02 16:32:14 - [MESSAGE][PASSED] - Browser is opened with url: ''

2023-10-02 16:32:14 - [TEST_STEP][PASSED] - maximizeWindow(): Current window maximized

2023-10-02 16:32:14 - [MESSAGE][PASSED] - Current window maximized

2023-10-02 16:32:14 - [TEST_STEP][PASSED] - navigateToUrl(RADurl): Navigate to 'https://demo.velocitypayment.com/client/rad/index.html' successfully

2023-10-02 16:32:15 - [MESSAGE][PASSED] - Navigate to 'https://demo.velocitypayment.com/client/rad/index.html' successfully

2023-10-02 16:32:15 - [TEST_STEP][PASSED] - orPath_Landing = "Object Repository/RAD_Pages/Landing_Page": null

2023-10-02 16:32:15 - [TEST_STEP][PASSED] - orPath_TaxTypeFilingYear = "Object Repository/RAD_Pages/TaxTypeFilingYear_Page": null

2023-10-02 16:32:15 - [TEST_STEP][PASSED] - orPath_TaxPayer = "Object Repository/RAD_Pages/Taxpayer_Page": null

2023-10-02 16:32:15 - [TEST_STEP][PASSED] - orPath_AddressContact = "Object Repository/RAD_Pages/AddressAndContactInfo_Page": null

2023-10-02 16:32:15 - [TEST_STEP][PASSED] - orPath_FilingStatus = "Object Repository/RAD_Pages/FilingStatus_Page": null

2023-10-02 16:32:15 - [TEST_STEP][PASSED] - orPath_Amount = "Object Repository/RAD_Pages/PaymentAmount_Page": null

2023-10-02 16:32:15 - [TEST_STEP][PASSED] - orPath_TaxInfo = "Object Repository/RAD_Pages/TaxInfo_Page": null

2023-10-02 16:32:15 - [TEST_STEP][PASSED] - orPath_Withholding = "Object Repository/RAD_Pages/Withholding_Page": null

2023-10-02 16:32:15 - [TEST_STEP][PASSED] - orPath_Summary = "Object Repository/RAD_Pages/Summary_Page": null

2023-10-02 16:32:15 - [TEST_STEP][PASSED] - orPath_PaymentReady = "Object Repository/RAD_Pages/PaymentReady_Page": null

2023-10-02 16:32:15 - [TEST_STEP][PASSED] - orPath_PaymentEntry = "Object Repository/RAD_Pages/PaymentEntry_Page": null

2023-10-02 16:32:15 - [TEST_STEP][PASSED] - orPath_PaymentConfirmation = "Object Repository/RAD_Pages/PaymentConfirmation_Page": null

2023-10-02 16:32:15 - [TEST_STEP][PASSED] - orPath_ServiceFeesAccept = "Object Repository/RAD_Pages/ServiceFeeAccept_Page": null

2023-10-02 16:32:15 - [TEST_STEP][PASSED] - selectOptionByLabel(findTestObject(orPath_Landing + "/dd_TaxType"), Paymenttype, false): All options with label 'Extension Payments' are selected in object 'Object Repository/RAD_Pages/Landing_Page/dd_TaxType' 

2023-10-02 16:32:16 - [MESSAGE][PASSED] - All options with label 'Extension Payments' are selected in object 'Object Repository/RAD_Pages/Landing_Page/dd_TaxType' 

2023-10-02 16:32:16 - [TEST_STEP][PASSED] - delay(1): Delayed 1 second(s)

2023-10-02 16:32:17 - [MESSAGE][PASSED] - Delayed 1 second(s)

2023-10-02 16:32:17 - [TEST_STEP][PASSED] - switch (Paymenttype): null

2023-10-02 16:32:17 - [TEST_STEP][PASSED] - case "Extension Payments":: null

2023-10-02 16:32:17 - [TEST_STEP][PASSED] - selectOptionByLabel(findTestObject(orPath_TaxTypeFilingYear + "/select_PaymentType"), Taxtype, false): All options with label 'PTE Non-Electing Non-S Corp' are selected in object 'Object Repository/RAD_Pages/TaxTypeFilingYear_Page/select_PaymentType' 

2023-10-02 16:32:17 - [MESSAGE][PASSED] - All options with label 'PTE Non-Electing Non-S Corp' are selected in object 'Object Repository/RAD_Pages/TaxTypeFilingYear_Page/select_PaymentType' 

2023-10-02 16:32:17 - [TEST_STEP][PASSED] - break: null

2023-10-02 16:32:17 - [TEST_STEP][PASSED] - delay(1): Delayed 1 second(s)

2023-10-02 16:32:18 - [MESSAGE][PASSED] - Delayed 1 second(s)

2023-10-02 16:32:18 - [TEST_STEP][PASSED] - switch (Paymenttype): null

2023-10-02 16:32:18 - [TEST_STEP][PASSED] - case "Extension Payments":: null

2023-10-02 16:32:18 - [TEST_STEP][PASSED] - if (feinSsn.equalsIgnoreCase("Y")): Text ****** has been set on object 'Object Repository/RAD_Pages/TaxInfo_Page/input_TaxInformation_RefeinSsn'

2023-10-02 16:32:18 - [TEST_STEP][PASSED] - setEncryptedText(findTestObject(orPath_TaxInfo + "/input_TaxInformation_feinSsn"), "iGDxf8hSRT4="): Text ****** has been set on object 'Object Repository/RAD_Pages/TaxInfo_Page/input_TaxInformation_feinSsn'

2023-10-02 16:32:19 - [MESSAGE][PASSED] - Text ****** has been set on object 'Object Repository/RAD_Pages/TaxInfo_Page/input_TaxInformation_feinSsn'

2023-10-02 16:32:19 - [TEST_STEP][PASSED] - setEncryptedText(findTestObject(orPath_TaxInfo + "/input_TaxInformation_RefeinSsn"), ""): Text ****** has been set on object 'Object Repository/RAD_Pages/TaxInfo_Page/input_TaxInformation_RefeinSsn'

2023-10-02 16:32:20 - [MESSAGE][PASSED] - Text ****** has been set on object 'Object Repository/RAD_Pages/TaxInfo_Page/input_TaxInformation_RefeinSsn'

2023-10-02 16:32:20 - [TEST_STEP][PASSED] - break: null

2023-10-02 16:32:20 - [TEST_STEP][PASSED] - if (feinSsn.equalsIgnoreCase("Y")): null

2023-10-02 16:32:20 - [TEST_STEP][PASSED] - if (verifyTextPresent("Please enter a valid FEIN/SSN with 9 digits", true)): null

2023-10-02 16:32:21 - [MESSAGE][PASSED] - Text 'Please enter a valid FEIN/SSN with 9 digits' is present on page  using regular expression

2023-10-02 16:32:21 - [TEST_STEP][PASSED] - println("Error Message is present on the page"): null

2023-10-02 16:32:21 - [TEST_STEP][PASSED] - out.println("Pass Record Number: " + row): null

2023-10-02 16:32:21 - [TEST_STEP][PASSED] - resText = "Pass": null

2023-10-02 16:32:21 - [TEST_STEP][PASSED] - pages.WriteExcel.demoKey(resText, datText, resColumn, datCloumn, fileLoc, nameSheet, row): pages.WriteExcel.demoKey is PASSED

2023-10-02 16:32:21 - [MESSAGE][PASSED] - pages.WriteExcel.demoKey is PASSED

2023-10-02 16:32:21 - [TEST_STEP][PASSED] - ExecuteTC = findTestData(dataFile).getValue("Execute", row): null

2023-10-02 16:32:21 - [TEST_STEP][PASSED] - Taxtype = findTestData(dataFile).getValue("TaxType", row): null

2023-10-02 16:32:21 - [TEST_STEP][PASSED] - Paymenttype = findTestData(dataFile).getValue("PaymentType", row): null

2023-10-02 16:32:21 - [TEST_STEP][PASSED] - feinSsn = findTestData(dataFile).getValue("FEINSSN", row): null

2023-10-02 16:32:21 - [TEST_STEP][PASSED] - out.println("Value of Execute is : " + ExecuteTC): null

2023-10-02 16:32:21 - [TEST_STEP][PASSED] - if (ExecuteTC.equalsIgnoreCase("Y")): null

2023-10-02 16:32:21 - [TEST_STEP][PASSED] - out.println("Begin Record Number: " + row): null

2023-10-02 16:32:21 - [TEST_STEP][PASSED] - today = new java.util.Date(): null

2023-10-02 16:32:21 - [TEST_STEP][PASSED] - println(today): null

2023-10-02 16:32:21 - [TEST_STEP][PASSED] - datText = today: null

2023-10-02 16:32:21 - [TEST_STEP][PASSED] - Taxtype = findTestData(dataFile).getValue("TaxType", row): null

2023-10-02 16:32:21 - [TEST_STEP][PASSED] - out.println("Taxtype value is : " + Taxtype): null

2023-10-02 16:32:21 - [TEST_STEP][PASSED] - openBrowser(""): Browser is opened with url: ''

2023-10-02 16:32:21 - [MESSAGE][WARNING] - A browser is already opened. Closing browser and opening a new one

2023-10-02 16:32:22 - [MESSAGE][INFO] - Starting 'Chrome' driver

2023-10-02 16:32:22 - [MESSAGE][INFO] - User set preference: ['acceptInsecureCerts', 'true']

2023-10-02 16:32:22 - [MESSAGE][INFO] - Action delay is set to 0 milliseconds

2023-10-02 16:32:23 - [MESSAGE][PASSED] - Browser is opened with url: ''

2023-10-02 16:32:23 - [TEST_STEP][PASSED] - maximizeWindow(): Current window maximized

2023-10-02 16:32:24 - [MESSAGE][PASSED] - Current window maximized

2023-10-02 16:32:24 - [TEST_STEP][PASSED] - navigateToUrl(RADurl): Navigate to 'https://demo.velocitypayment.com/client/rad/index.html' successfully

2023-10-02 16:32:25 - [MESSAGE][PASSED] - Navigate to 'https://demo.velocitypayment.com/client/rad/index.html' successfully

2023-10-02 16:32:25 - [TEST_STEP][PASSED] - orPath_Landing = "Object Repository/RAD_Pages/Landing_Page": null

2023-10-02 16:32:25 - [TEST_STEP][PASSED] - orPath_TaxTypeFilingYear = "Object Repository/RAD_Pages/TaxTypeFilingYear_Page": null

2023-10-02 16:32:25 - [TEST_STEP][PASSED] - orPath_TaxPayer = "Object Repository/RAD_Pages/Taxpayer_Page": null

2023-10-02 16:32:25 - [TEST_STEP][PASSED] - orPath_AddressContact = "Object Repository/RAD_Pages/AddressAndContactInfo_Page": null

2023-10-02 16:32:25 - [TEST_STEP][PASSED] - orPath_FilingStatus = "Object Repository/RAD_Pages/FilingStatus_Page": null

2023-10-02 16:32:25 - [TEST_STEP][PASSED] - orPath_Amount = "Object Repository/RAD_Pages/PaymentAmount_Page": null

2023-10-02 16:32:25 - [TEST_STEP][PASSED] - orPath_TaxInfo = "Object Repository/RAD_Pages/TaxInfo_Page": null

2023-10-02 16:32:25 - [TEST_STEP][PASSED] - orPath_Withholding = "Object Repository/RAD_Pages/Withholding_Page": null

2023-10-02 16:32:25 - [TEST_STEP][PASSED] - orPath_Summary = "Object Repository/RAD_Pages/Summary_Page": null

2023-10-02 16:32:25 - [TEST_STEP][PASSED] - orPath_PaymentReady = "Object Repository/RAD_Pages/PaymentReady_Page": null

2023-10-02 16:32:25 - [TEST_STEP][PASSED] - orPath_PaymentEntry = "Object Repository/RAD_Pages/PaymentEntry_Page": null

2023-10-02 16:32:25 - [TEST_STEP][PASSED] - orPath_PaymentConfirmation = "Object Repository/RAD_Pages/PaymentConfirmation_Page": null

2023-10-02 16:32:25 - [TEST_STEP][PASSED] - orPath_ServiceFeesAccept = "Object Repository/RAD_Pages/ServiceFeeAccept_Page": null

2023-10-02 16:32:25 - [TEST_STEP][PASSED] - selectOptionByLabel(findTestObject(orPath_Landing + "/dd_TaxType"), Paymenttype, false): All options with label 'Extension Payments' are selected in object 'Object Repository/RAD_Pages/Landing_Page/dd_TaxType' 

2023-10-02 16:32:26 - [MESSAGE][PASSED] - All options with label 'Extension Payments' are selected in object 'Object Repository/RAD_Pages/Landing_Page/dd_TaxType' 

2023-10-02 16:32:26 - [TEST_STEP][PASSED] - delay(1): Delayed 1 second(s)

2023-10-02 16:32:27 - [MESSAGE][PASSED] - Delayed 1 second(s)

2023-10-02 16:32:27 - [TEST_STEP][PASSED] - switch (Paymenttype): null

2023-10-02 16:32:27 - [TEST_STEP][PASSED] - case "Extension Payments":: null

2023-10-02 16:32:27 - [TEST_STEP][PASSED] - selectOptionByLabel(findTestObject(orPath_TaxTypeFilingYear + "/select_PaymentType"), Taxtype, false): All options with label 'PTE Non-Electing S Corp' are selected in object 'Object Repository/RAD_Pages/TaxTypeFilingYear_Page/select_PaymentType' 

2023-10-02 16:32:27 - [MESSAGE][PASSED] - All options with label 'PTE Non-Electing S Corp' are selected in object 'Object Repository/RAD_Pages/TaxTypeFilingYear_Page/select_PaymentType' 

2023-10-02 16:32:27 - [TEST_STEP][PASSED] - break: null

2023-10-02 16:32:27 - [TEST_STEP][PASSED] - delay(1): Delayed 1 second(s)

2023-10-02 16:32:28 - [MESSAGE][PASSED] - Delayed 1 second(s)

2023-10-02 16:32:28 - [TEST_STEP][PASSED] - switch (Paymenttype): null

2023-10-02 16:32:28 - [TEST_STEP][PASSED] - case "Extension Payments":: null

2023-10-02 16:32:28 - [TEST_STEP][PASSED] - if (feinSsn.equalsIgnoreCase("Y")): Text ****** has been set on object 'Object Repository/RAD_Pages/TaxInfo_Page/input_TaxInformation_RefeinSsn'

2023-10-02 16:32:28 - [TEST_STEP][PASSED] - setEncryptedText(findTestObject(orPath_TaxInfo + "/input_TaxInformation_feinSsn"), "iGDxf8hSRT4="): Text ****** has been set on object 'Object Repository/RAD_Pages/TaxInfo_Page/input_TaxInformation_feinSsn'

2023-10-02 16:32:29 - [MESSAGE][PASSED] - Text ****** has been set on object 'Object Repository/RAD_Pages/TaxInfo_Page/input_TaxInformation_feinSsn'

2023-10-02 16:32:29 - [TEST_STEP][PASSED] - setEncryptedText(findTestObject(orPath_TaxInfo + "/input_TaxInformation_RefeinSsn"), ""): Text ****** has been set on object 'Object Repository/RAD_Pages/TaxInfo_Page/input_TaxInformation_RefeinSsn'

2023-10-02 16:32:30 - [MESSAGE][PASSED] - Text ****** has been set on object 'Object Repository/RAD_Pages/TaxInfo_Page/input_TaxInformation_RefeinSsn'

2023-10-02 16:32:30 - [TEST_STEP][PASSED] - break: null

2023-10-02 16:32:30 - [TEST_STEP][PASSED] - if (feinSsn.equalsIgnoreCase("Y")): null

2023-10-02 16:32:30 - [TEST_STEP][PASSED] - if (verifyTextPresent("Please enter a valid FEIN/SSN with 9 digits", true)): null

2023-10-02 16:32:31 - [MESSAGE][PASSED] - Text 'Please enter a valid FEIN/SSN with 9 digits' is present on page  using regular expression

2023-10-02 16:32:31 - [TEST_STEP][PASSED] - println("Error Message is present on the page"): null

2023-10-02 16:32:31 - [TEST_STEP][PASSED] - out.println("Pass Record Number: " + row): null

2023-10-02 16:32:31 - [TEST_STEP][PASSED] - resText = "Pass": null

2023-10-02 16:32:31 - [TEST_STEP][PASSED] - pages.WriteExcel.demoKey(resText, datText, resColumn, datCloumn, fileLoc, nameSheet, row): pages.WriteExcel.demoKey is PASSED

2023-10-02 16:32:31 - [MESSAGE][PASSED] - pages.WriteExcel.demoKey is PASSED

2023-10-02 16:32:31 - [TEST_STEP][PASSED] - ExecuteTC = findTestData(dataFile).getValue("Execute", row): null

2023-10-02 16:32:31 - [TEST_STEP][PASSED] - Taxtype = findTestData(dataFile).getValue("TaxType", row): null

2023-10-02 16:32:31 - [TEST_STEP][PASSED] - Paymenttype = findTestData(dataFile).getValue("PaymentType", row): null

2023-10-02 16:32:31 - [TEST_STEP][PASSED] - feinSsn = findTestData(dataFile).getValue("FEINSSN", row): null

2023-10-02 16:32:31 - [TEST_STEP][PASSED] - out.println("Value of Execute is : " + ExecuteTC): null

2023-10-02 16:32:31 - [TEST_STEP][PASSED] - if (ExecuteTC.equalsIgnoreCase("Y")): null

2023-10-02 16:32:31 - [TEST_STEP][PASSED] - out.println("Begin Record Number: " + row): null

2023-10-02 16:32:31 - [TEST_STEP][PASSED] - today = new java.util.Date(): null

2023-10-02 16:32:31 - [TEST_STEP][PASSED] - println(today): null

2023-10-02 16:32:31 - [TEST_STEP][PASSED] - datText = today: null

2023-10-02 16:32:31 - [TEST_STEP][PASSED] - Taxtype = findTestData(dataFile).getValue("TaxType", row): null

2023-10-02 16:32:31 - [TEST_STEP][PASSED] - out.println("Taxtype value is : " + Taxtype): null

2023-10-02 16:32:31 - [TEST_STEP][PASSED] - openBrowser(""): Browser is opened with url: ''

2023-10-02 16:32:31 - [MESSAGE][WARNING] - A browser is already opened. Closing browser and opening a new one

2023-10-02 16:32:32 - [MESSAGE][INFO] - Starting 'Chrome' driver

2023-10-02 16:32:32 - [MESSAGE][INFO] - User set preference: ['acceptInsecureCerts', 'true']

2023-10-02 16:32:32 - [MESSAGE][INFO] - Action delay is set to 0 milliseconds

2023-10-02 16:32:34 - [MESSAGE][PASSED] - Browser is opened with url: ''

2023-10-02 16:32:34 - [TEST_STEP][PASSED] - maximizeWindow(): Current window maximized

2023-10-02 16:32:34 - [MESSAGE][PASSED] - Current window maximized

2023-10-02 16:32:34 - [TEST_STEP][PASSED] - navigateToUrl(RADurl): Navigate to 'https://demo.velocitypayment.com/client/rad/index.html' successfully

2023-10-02 16:32:35 - [MESSAGE][PASSED] - Navigate to 'https://demo.velocitypayment.com/client/rad/index.html' successfully

2023-10-02 16:32:35 - [TEST_STEP][PASSED] - orPath_Landing = "Object Repository/RAD_Pages/Landing_Page": null

2023-10-02 16:32:35 - [TEST_STEP][PASSED] - orPath_TaxTypeFilingYear = "Object Repository/RAD_Pages/TaxTypeFilingYear_Page": null

2023-10-02 16:32:35 - [TEST_STEP][PASSED] - orPath_TaxPayer = "Object Repository/RAD_Pages/Taxpayer_Page": null

2023-10-02 16:32:35 - [TEST_STEP][PASSED] - orPath_AddressContact = "Object Repository/RAD_Pages/AddressAndContactInfo_Page": null

2023-10-02 16:32:35 - [TEST_STEP][PASSED] - orPath_FilingStatus = "Object Repository/RAD_Pages/FilingStatus_Page": null

2023-10-02 16:32:35 - [TEST_STEP][PASSED] - orPath_Amount = "Object Repository/RAD_Pages/PaymentAmount_Page": null

2023-10-02 16:32:35 - [TEST_STEP][PASSED] - orPath_TaxInfo = "Object Repository/RAD_Pages/TaxInfo_Page": null

2023-10-02 16:32:35 - [TEST_STEP][PASSED] - orPath_Withholding = "Object Repository/RAD_Pages/Withholding_Page": null

2023-10-02 16:32:35 - [TEST_STEP][PASSED] - orPath_Summary = "Object Repository/RAD_Pages/Summary_Page": null

2023-10-02 16:32:35 - [TEST_STEP][PASSED] - orPath_PaymentReady = "Object Repository/RAD_Pages/PaymentReady_Page": null

2023-10-02 16:32:35 - [TEST_STEP][PASSED] - orPath_PaymentEntry = "Object Repository/RAD_Pages/PaymentEntry_Page": null

2023-10-02 16:32:35 - [TEST_STEP][PASSED] - orPath_PaymentConfirmation = "Object Repository/RAD_Pages/PaymentConfirmation_Page": null

2023-10-02 16:32:35 - [TEST_STEP][PASSED] - orPath_ServiceFeesAccept = "Object Repository/RAD_Pages/ServiceFeeAccept_Page": null

2023-10-02 16:32:35 - [TEST_STEP][PASSED] - selectOptionByLabel(findTestObject(orPath_Landing + "/dd_TaxType"), Paymenttype, false): All options with label 'Extension Payments' are selected in object 'Object Repository/RAD_Pages/Landing_Page/dd_TaxType' 

2023-10-02 16:32:36 - [MESSAGE][PASSED] - All options with label 'Extension Payments' are selected in object 'Object Repository/RAD_Pages/Landing_Page/dd_TaxType' 

2023-10-02 16:32:36 - [TEST_STEP][PASSED] - delay(1): Delayed 1 second(s)

2023-10-02 16:32:37 - [MESSAGE][PASSED] - Delayed 1 second(s)

2023-10-02 16:32:37 - [TEST_STEP][PASSED] - switch (Paymenttype): null

2023-10-02 16:32:37 - [TEST_STEP][PASSED] - case "Extension Payments":: null

2023-10-02 16:32:37 - [TEST_STEP][PASSED] - selectOptionByLabel(findTestObject(orPath_TaxTypeFilingYear + "/select_PaymentType"), Taxtype, false): All options with label 'PTE Tax Electing Non-S Corp' are selected in object 'Object Repository/RAD_Pages/TaxTypeFilingYear_Page/select_PaymentType' 

2023-10-02 16:32:37 - [MESSAGE][PASSED] - All options with label 'PTE Tax Electing Non-S Corp' are selected in object 'Object Repository/RAD_Pages/TaxTypeFilingYear_Page/select_PaymentType' 

2023-10-02 16:32:37 - [TEST_STEP][PASSED] - break: null

2023-10-02 16:32:37 - [TEST_STEP][PASSED] - delay(1): Delayed 1 second(s)

2023-10-02 16:32:38 - [MESSAGE][PASSED] - Delayed 1 second(s)

2023-10-02 16:32:38 - [TEST_STEP][PASSED] - switch (Paymenttype): null

2023-10-02 16:32:38 - [TEST_STEP][PASSED] - case "Extension Payments":: null

2023-10-02 16:32:38 - [TEST_STEP][PASSED] - if (feinSsn.equalsIgnoreCase("Y")): Text ****** has been set on object 'Object Repository/RAD_Pages/TaxInfo_Page/input_TaxInformation_RefeinSsn'

2023-10-02 16:32:38 - [TEST_STEP][PASSED] - setEncryptedText(findTestObject(orPath_TaxInfo + "/input_TaxInformation_feinSsn"), "iGDxf8hSRT4="): Text ****** has been set on object 'Object Repository/RAD_Pages/TaxInfo_Page/input_TaxInformation_feinSsn'

2023-10-02 16:32:39 - [MESSAGE][PASSED] - Text ****** has been set on object 'Object Repository/RAD_Pages/TaxInfo_Page/input_TaxInformation_feinSsn'

2023-10-02 16:32:39 - [TEST_STEP][PASSED] - setEncryptedText(findTestObject(orPath_TaxInfo + "/input_TaxInformation_RefeinSsn"), ""): Text ****** has been set on object 'Object Repository/RAD_Pages/TaxInfo_Page/input_TaxInformation_RefeinSsn'

2023-10-02 16:32:40 - [MESSAGE][PASSED] - Text ****** has been set on object 'Object Repository/RAD_Pages/TaxInfo_Page/input_TaxInformation_RefeinSsn'

2023-10-02 16:32:40 - [TEST_STEP][PASSED] - break: null

2023-10-02 16:32:40 - [TEST_STEP][PASSED] - if (feinSsn.equalsIgnoreCase("Y")): null

2023-10-02 16:32:40 - [TEST_STEP][PASSED] - if (verifyTextPresent("Please enter a valid FEIN/SSN with 9 digits", true)): null

2023-10-02 16:32:41 - [MESSAGE][PASSED] - Text 'Please enter a valid FEIN/SSN with 9 digits' is present on page  using regular expression

2023-10-02 16:32:41 - [TEST_STEP][PASSED] - println("Error Message is present on the page"): null

2023-10-02 16:32:41 - [TEST_STEP][PASSED] - out.println("Pass Record Number: " + row): null

2023-10-02 16:32:41 - [TEST_STEP][PASSED] - resText = "Pass": null

2023-10-02 16:32:41 - [TEST_STEP][PASSED] - pages.WriteExcel.demoKey(resText, datText, resColumn, datCloumn, fileLoc, nameSheet, row): pages.WriteExcel.demoKey is PASSED

2023-10-02 16:32:41 - [MESSAGE][PASSED] - pages.WriteExcel.demoKey is PASSED

2023-10-02 16:32:41 - [TEST_STEP][PASSED] - ExecuteTC = findTestData(dataFile).getValue("Execute", row): null

2023-10-02 16:32:41 - [TEST_STEP][PASSED] - Taxtype = findTestData(dataFile).getValue("TaxType", row): null

2023-10-02 16:32:41 - [TEST_STEP][PASSED] - Paymenttype = findTestData(dataFile).getValue("PaymentType", row): null

2023-10-02 16:32:41 - [TEST_STEP][PASSED] - feinSsn = findTestData(dataFile).getValue("FEINSSN", row): null

2023-10-02 16:32:41 - [TEST_STEP][PASSED] - out.println("Value of Execute is : " + ExecuteTC): null

2023-10-02 16:32:41 - [TEST_STEP][PASSED] - if (ExecuteTC.equalsIgnoreCase("Y")): null

2023-10-02 16:32:41 - [TEST_STEP][PASSED] - out.println("Begin Record Number: " + row): null

2023-10-02 16:32:41 - [TEST_STEP][PASSED] - today = new java.util.Date(): null

2023-10-02 16:32:41 - [TEST_STEP][PASSED] - println(today): null

2023-10-02 16:32:41 - [TEST_STEP][PASSED] - datText = today: null

2023-10-02 16:32:41 - [TEST_STEP][PASSED] - Taxtype = findTestData(dataFile).getValue("TaxType", row): null

2023-10-02 16:32:41 - [TEST_STEP][PASSED] - out.println("Taxtype value is : " + Taxtype): null

2023-10-02 16:32:41 - [TEST_STEP][PASSED] - openBrowser(""): Browser is opened with url: ''

2023-10-02 16:32:41 - [MESSAGE][WARNING] - A browser is already opened. Closing browser and opening a new one

2023-10-02 16:32:42 - [MESSAGE][INFO] - Starting 'Chrome' driver

2023-10-02 16:32:42 - [MESSAGE][INFO] - User set preference: ['acceptInsecureCerts', 'true']

2023-10-02 16:32:42 - [MESSAGE][INFO] - Action delay is set to 0 milliseconds

2023-10-02 16:32:43 - [MESSAGE][PASSED] - Browser is opened with url: ''

2023-10-02 16:32:43 - [TEST_STEP][PASSED] - maximizeWindow(): Current window maximized

2023-10-02 16:32:44 - [MESSAGE][PASSED] - Current window maximized

2023-10-02 16:32:44 - [TEST_STEP][PASSED] - navigateToUrl(RADurl): Navigate to 'https://demo.velocitypayment.com/client/rad/index.html' successfully

2023-10-02 16:32:45 - [MESSAGE][PASSED] - Navigate to 'https://demo.velocitypayment.com/client/rad/index.html' successfully

2023-10-02 16:32:45 - [TEST_STEP][PASSED] - orPath_Landing = "Object Repository/RAD_Pages/Landing_Page": null

2023-10-02 16:32:45 - [TEST_STEP][PASSED] - orPath_TaxTypeFilingYear = "Object Repository/RAD_Pages/TaxTypeFilingYear_Page": null

2023-10-02 16:32:45 - [TEST_STEP][PASSED] - orPath_TaxPayer = "Object Repository/RAD_Pages/Taxpayer_Page": null

2023-10-02 16:32:45 - [TEST_STEP][PASSED] - orPath_AddressContact = "Object Repository/RAD_Pages/AddressAndContactInfo_Page": null

2023-10-02 16:32:45 - [TEST_STEP][PASSED] - orPath_FilingStatus = "Object Repository/RAD_Pages/FilingStatus_Page": null

2023-10-02 16:32:45 - [TEST_STEP][PASSED] - orPath_Amount = "Object Repository/RAD_Pages/PaymentAmount_Page": null

2023-10-02 16:32:45 - [TEST_STEP][PASSED] - orPath_TaxInfo = "Object Repository/RAD_Pages/TaxInfo_Page": null

2023-10-02 16:32:45 - [TEST_STEP][PASSED] - orPath_Withholding = "Object Repository/RAD_Pages/Withholding_Page": null

2023-10-02 16:32:45 - [TEST_STEP][PASSED] - orPath_Summary = "Object Repository/RAD_Pages/Summary_Page": null

2023-10-02 16:32:45 - [TEST_STEP][PASSED] - orPath_PaymentReady = "Object Repository/RAD_Pages/PaymentReady_Page": null

2023-10-02 16:32:45 - [TEST_STEP][PASSED] - orPath_PaymentEntry = "Object Repository/RAD_Pages/PaymentEntry_Page": null

2023-10-02 16:32:45 - [TEST_STEP][PASSED] - orPath_PaymentConfirmation = "Object Repository/RAD_Pages/PaymentConfirmation_Page": null

2023-10-02 16:32:45 - [TEST_STEP][PASSED] - orPath_ServiceFeesAccept = "Object Repository/RAD_Pages/ServiceFeeAccept_Page": null

2023-10-02 16:32:45 - [TEST_STEP][PASSED] - selectOptionByLabel(findTestObject(orPath_Landing + "/dd_TaxType"), Paymenttype, false): All options with label 'Extension Payments' are selected in object 'Object Repository/RAD_Pages/Landing_Page/dd_TaxType' 

2023-10-02 16:32:46 - [MESSAGE][PASSED] - All options with label 'Extension Payments' are selected in object 'Object Repository/RAD_Pages/Landing_Page/dd_TaxType' 

2023-10-02 16:32:46 - [TEST_STEP][PASSED] - delay(1): Delayed 1 second(s)

2023-10-02 16:32:47 - [MESSAGE][PASSED] - Delayed 1 second(s)

2023-10-02 16:32:47 - [TEST_STEP][PASSED] - switch (Paymenttype): null

2023-10-02 16:32:47 - [TEST_STEP][PASSED] - case "Extension Payments":: null

2023-10-02 16:32:47 - [TEST_STEP][PASSED] - selectOptionByLabel(findTestObject(orPath_TaxTypeFilingYear + "/select_PaymentType"), Taxtype, false): All options with label 'PTE Tax Electing S Corp' are selected in object 'Object Repository/RAD_Pages/TaxTypeFilingYear_Page/select_PaymentType' 

2023-10-02 16:32:47 - [MESSAGE][PASSED] - All options with label 'PTE Tax Electing S Corp' are selected in object 'Object Repository/RAD_Pages/TaxTypeFilingYear_Page/select_PaymentType' 

2023-10-02 16:32:47 - [TEST_STEP][PASSED] - break: null

2023-10-02 16:32:47 - [TEST_STEP][PASSED] - delay(1): Delayed 1 second(s)

2023-10-02 16:32:48 - [MESSAGE][PASSED] - Delayed 1 second(s)

2023-10-02 16:32:48 - [TEST_STEP][PASSED] - switch (Paymenttype): null

2023-10-02 16:32:48 - [TEST_STEP][PASSED] - case "Extension Payments":: null

2023-10-02 16:32:48 - [TEST_STEP][PASSED] - if (feinSsn.equalsIgnoreCase("Y")): Text ****** has been set on object 'Object Repository/RAD_Pages/TaxInfo_Page/input_TaxInformation_RefeinSsn'

2023-10-02 16:32:48 - [TEST_STEP][PASSED] - setEncryptedText(findTestObject(orPath_TaxInfo + "/input_TaxInformation_feinSsn"), "iGDxf8hSRT4="): Text ****** has been set on object 'Object Repository/RAD_Pages/TaxInfo_Page/input_TaxInformation_feinSsn'

2023-10-02 16:32:49 - [MESSAGE][PASSED] - Text ****** has been set on object 'Object Repository/RAD_Pages/TaxInfo_Page/input_TaxInformation_feinSsn'

2023-10-02 16:32:49 - [TEST_STEP][PASSED] - setEncryptedText(findTestObject(orPath_TaxInfo + "/input_TaxInformation_RefeinSsn"), ""): Text ****** has been set on object 'Object Repository/RAD_Pages/TaxInfo_Page/input_TaxInformation_RefeinSsn'

2023-10-02 16:32:50 - [MESSAGE][PASSED] - Text ****** has been set on object 'Object Repository/RAD_Pages/TaxInfo_Page/input_TaxInformation_RefeinSsn'

2023-10-02 16:32:50 - [TEST_STEP][PASSED] - break: null

2023-10-02 16:32:50 - [TEST_STEP][PASSED] - if (feinSsn.equalsIgnoreCase("Y")): null

2023-10-02 16:32:50 - [TEST_STEP][PASSED] - if (verifyTextPresent("Please enter a valid FEIN/SSN with 9 digits", true)): null

2023-10-02 16:32:51 - [MESSAGE][PASSED] - Text 'Please enter a valid FEIN/SSN with 9 digits' is present on page  using regular expression

2023-10-02 16:32:51 - [TEST_STEP][PASSED] - println("Error Message is present on the page"): null

2023-10-02 16:32:51 - [TEST_STEP][PASSED] - out.println("Pass Record Number: " + row): null

2023-10-02 16:32:51 - [TEST_STEP][PASSED] - resText = "Pass": null

2023-10-02 16:32:51 - [TEST_STEP][PASSED] - pages.WriteExcel.demoKey(resText, datText, resColumn, datCloumn, fileLoc, nameSheet, row): pages.WriteExcel.demoKey is PASSED

2023-10-02 16:32:51 - [MESSAGE][PASSED] - pages.WriteExcel.demoKey is PASSED

2023-10-02 16:32:51 - [TEST_STEP][PASSED] - ExecuteTC = findTestData(dataFile).getValue("Execute", row): null

2023-10-02 16:32:51 - [TEST_STEP][PASSED] - Taxtype = findTestData(dataFile).getValue("TaxType", row): null

2023-10-02 16:32:51 - [TEST_STEP][PASSED] - Paymenttype = findTestData(dataFile).getValue("PaymentType", row): null

2023-10-02 16:32:51 - [TEST_STEP][PASSED] - feinSsn = findTestData(dataFile).getValue("FEINSSN", row): null

2023-10-02 16:32:51 - [TEST_STEP][PASSED] - out.println("Value of Execute is : " + ExecuteTC): null

2023-10-02 16:32:51 - [TEST_STEP][PASSED] - if (ExecuteTC.equalsIgnoreCase("Y")): null

2023-10-02 16:32:51 - [TEST_STEP][PASSED] - out.println("Begin Record Number: " + row): null

2023-10-02 16:32:51 - [TEST_STEP][PASSED] - today = new java.util.Date(): null

2023-10-02 16:32:51 - [TEST_STEP][PASSED] - println(today): null

2023-10-02 16:32:51 - [TEST_STEP][PASSED] - datText = today: null

2023-10-02 16:32:51 - [TEST_STEP][PASSED] - Taxtype = findTestData(dataFile).getValue("TaxType", row): null

2023-10-02 16:32:51 - [TEST_STEP][PASSED] - out.println("Taxtype value is : " + Taxtype): null

2023-10-02 16:32:51 - [TEST_STEP][PASSED] - openBrowser(""): Browser is opened with url: ''

2023-10-02 16:32:51 - [MESSAGE][WARNING] - A browser is already opened. Closing browser and opening a new one

2023-10-02 16:32:52 - [MESSAGE][INFO] - Starting 'Chrome' driver

2023-10-02 16:32:52 - [MESSAGE][INFO] - User set preference: ['acceptInsecureCerts', 'true']

2023-10-02 16:32:52 - [MESSAGE][INFO] - Action delay is set to 0 milliseconds

2023-10-02 16:32:53 - [MESSAGE][PASSED] - Browser is opened with url: ''

2023-10-02 16:32:53 - [TEST_STEP][PASSED] - maximizeWindow(): Current window maximized

2023-10-02 16:32:53 - [MESSAGE][PASSED] - Current window maximized

2023-10-02 16:32:53 - [TEST_STEP][PASSED] - navigateToUrl(RADurl): Navigate to 'https://demo.velocitypayment.com/client/rad/index.html' successfully

2023-10-02 16:32:55 - [MESSAGE][PASSED] - Navigate to 'https://demo.velocitypayment.com/client/rad/index.html' successfully

2023-10-02 16:32:55 - [TEST_STEP][PASSED] - orPath_Landing = "Object Repository/RAD_Pages/Landing_Page": null

2023-10-02 16:32:55 - [TEST_STEP][PASSED] - orPath_TaxTypeFilingYear = "Object Repository/RAD_Pages/TaxTypeFilingYear_Page": null

2023-10-02 16:32:55 - [TEST_STEP][PASSED] - orPath_TaxPayer = "Object Repository/RAD_Pages/Taxpayer_Page": null

2023-10-02 16:32:55 - [TEST_STEP][PASSED] - orPath_AddressContact = "Object Repository/RAD_Pages/AddressAndContactInfo_Page": null

2023-10-02 16:32:55 - [TEST_STEP][PASSED] - orPath_FilingStatus = "Object Repository/RAD_Pages/FilingStatus_Page": null

2023-10-02 16:32:55 - [TEST_STEP][PASSED] - orPath_Amount = "Object Repository/RAD_Pages/PaymentAmount_Page": null

2023-10-02 16:32:55 - [TEST_STEP][PASSED] - orPath_TaxInfo = "Object Repository/RAD_Pages/TaxInfo_Page": null

2023-10-02 16:32:55 - [TEST_STEP][PASSED] - orPath_Withholding = "Object Repository/RAD_Pages/Withholding_Page": null

2023-10-02 16:32:55 - [TEST_STEP][PASSED] - orPath_Summary = "Object Repository/RAD_Pages/Summary_Page": null

2023-10-02 16:32:55 - [TEST_STEP][PASSED] - orPath_PaymentReady = "Object Repository/RAD_Pages/PaymentReady_Page": null

2023-10-02 16:32:55 - [TEST_STEP][PASSED] - orPath_PaymentEntry = "Object Repository/RAD_Pages/PaymentEntry_Page": null

2023-10-02 16:32:55 - [TEST_STEP][PASSED] - orPath_PaymentConfirmation = "Object Repository/RAD_Pages/PaymentConfirmation_Page": null

2023-10-02 16:32:55 - [TEST_STEP][PASSED] - orPath_ServiceFeesAccept = "Object Repository/RAD_Pages/ServiceFeeAccept_Page": null

2023-10-02 16:32:55 - [TEST_STEP][PASSED] - selectOptionByLabel(findTestObject(orPath_Landing + "/dd_TaxType"), Paymenttype, false): All options with label 'New Tax Return Amount Due' are selected in object 'Object Repository/RAD_Pages/Landing_Page/dd_TaxType' 

2023-10-02 16:32:56 - [MESSAGE][PASSED] - All options with label 'New Tax Return Amount Due' are selected in object 'Object Repository/RAD_Pages/Landing_Page/dd_TaxType' 

2023-10-02 16:32:56 - [TEST_STEP][PASSED] - delay(1): Delayed 1 second(s)

2023-10-02 16:32:57 - [MESSAGE][PASSED] - Delayed 1 second(s)

2023-10-02 16:32:57 - [TEST_STEP][PASSED] - switch (Paymenttype): null

2023-10-02 16:32:57 - [TEST_STEP][PASSED] - case "New Tax Return Amount Due":: null

2023-10-02 16:32:57 - [TEST_STEP][PASSED] - selectOptionByLabel(findTestObject("Object Repository/RAD_Pages/Landing_Page/select_NewTaxReturnAmountDue_TaxType"), Taxtype, false): All options with label 'Fiduciary Tax' are selected in object 'Object Repository/RAD_Pages/Landing_Page/select_NewTaxReturnAmountDue_TaxType' 

2023-10-02 16:32:58 - [MESSAGE][PASSED] - All options with label 'Fiduciary Tax' are selected in object 'Object Repository/RAD_Pages/Landing_Page/select_NewTaxReturnAmountDue_TaxType' 

2023-10-02 16:32:58 - [TEST_STEP][PASSED] - break: null

2023-10-02 16:32:58 - [TEST_STEP][PASSED] - delay(1): Delayed 1 second(s)

2023-10-02 16:32:59 - [MESSAGE][PASSED] - Delayed 1 second(s)

2023-10-02 16:32:59 - [TEST_STEP][PASSED] - switch (Paymenttype): null

2023-10-02 16:32:59 - [TEST_STEP][PASSED] - case "New Tax Return Amount Due":: null

2023-10-02 16:32:59 - [TEST_STEP][PASSED] - if (feinSsn.equalsIgnoreCase("Y")): null

2023-10-02 16:32:59 - [TEST_STEP][PASSED] - else: Text ****** has been set on object 'Object Repository/RAD_Pages/TaxInfo_Page/input_FederalEIN_ReEnter-2'

2023-10-02 16:32:59 - [TEST_STEP][PASSED] - setEncryptedText(findTestObject(orPath_TaxInfo + "/input_FederalEIN-2"), "iGDxf8hSRT4="): Text ****** has been set on object 'Object Repository/RAD_Pages/TaxInfo_Page/input_FederalEIN-2'

2023-10-02 16:33:00 - [MESSAGE][PASSED] - Text ****** has been set on object 'Object Repository/RAD_Pages/TaxInfo_Page/input_FederalEIN-2'

2023-10-02 16:33:00 - [TEST_STEP][PASSED] - setEncryptedText(findTestObject(orPath_TaxInfo + "/input_FederalEIN_ReEnter-2"), ""): Text ****** has been set on object 'Object Repository/RAD_Pages/TaxInfo_Page/input_FederalEIN_ReEnter-2'

2023-10-02 16:33:01 - [MESSAGE][PASSED] - Text ****** has been set on object 'Object Repository/RAD_Pages/TaxInfo_Page/input_FederalEIN_ReEnter-2'

2023-10-02 16:33:01 - [TEST_STEP][PASSED] - break: null

2023-10-02 16:33:01 - [TEST_STEP][PASSED] - if (feinSsn.equalsIgnoreCase("Y")): null

2023-10-02 16:33:01 - [TEST_STEP][PASSED] - else: null

2023-10-02 16:33:01 - [TEST_STEP][PASSED] - if (verifyTextPresent("Please enter a valid FEIN with 9 digits.", true)): null

2023-10-02 16:33:02 - [MESSAGE][PASSED] - Text 'Please enter a valid FEIN with 9 digits.' is present on page  using regular expression

2023-10-02 16:33:02 - [TEST_STEP][PASSED] - println("Error Message is present on the page"): null

2023-10-02 16:33:02 - [TEST_STEP][PASSED] - out.println("Pass Record Number: " + row): null

2023-10-02 16:33:02 - [TEST_STEP][PASSED] - resText = "Pass": null

2023-10-02 16:33:02 - [TEST_STEP][PASSED] - pages.WriteExcel.demoKey(resText, datText, resColumn, datCloumn, fileLoc, nameSheet, row): pages.WriteExcel.demoKey is PASSED

2023-10-02 16:33:02 - [MESSAGE][PASSED] - pages.WriteExcel.demoKey is PASSED

2023-10-02 16:33:02 - [TEST_STEP][PASSED] - ExecuteTC = findTestData(dataFile).getValue("Execute", row): null

2023-10-02 16:33:02 - [TEST_STEP][PASSED] - Taxtype = findTestData(dataFile).getValue("TaxType", row): null

2023-10-02 16:33:02 - [TEST_STEP][PASSED] - Paymenttype = findTestData(dataFile).getValue("PaymentType", row): null

2023-10-02 16:33:02 - [TEST_STEP][PASSED] - feinSsn = findTestData(dataFile).getValue("FEINSSN", row): null

2023-10-02 16:33:02 - [TEST_STEP][PASSED] - out.println("Value of Execute is : " + ExecuteTC): null

2023-10-02 16:33:02 - [TEST_STEP][PASSED] - if (ExecuteTC.equalsIgnoreCase("Y")): null

2023-10-02 16:33:02 - [TEST_STEP][PASSED] - out.println("Begin Record Number: " + row): null

2023-10-02 16:33:02 - [TEST_STEP][PASSED] - today = new java.util.Date(): null

2023-10-02 16:33:02 - [TEST_STEP][PASSED] - println(today): null

2023-10-02 16:33:02 - [TEST_STEP][PASSED] - datText = today: null

2023-10-02 16:33:02 - [TEST_STEP][PASSED] - Taxtype = findTestData(dataFile).getValue("TaxType", row): null

2023-10-02 16:33:02 - [TEST_STEP][PASSED] - out.println("Taxtype value is : " + Taxtype): null

2023-10-02 16:33:02 - [TEST_STEP][PASSED] - openBrowser(""): Browser is opened with url: ''

2023-10-02 16:33:02 - [MESSAGE][WARNING] - A browser is already opened. Closing browser and opening a new one

2023-10-02 16:33:03 - [MESSAGE][INFO] - Starting 'Chrome' driver

2023-10-02 16:33:03 - [MESSAGE][INFO] - User set preference: ['acceptInsecureCerts', 'true']

2023-10-02 16:33:03 - [MESSAGE][INFO] - Action delay is set to 0 milliseconds

2023-10-02 16:33:04 - [MESSAGE][PASSED] - Browser is opened with url: ''

2023-10-02 16:33:04 - [TEST_STEP][PASSED] - maximizeWindow(): Current window maximized

2023-10-02 16:33:04 - [MESSAGE][PASSED] - Current window maximized

2023-10-02 16:33:04 - [TEST_STEP][PASSED] - navigateToUrl(RADurl): Navigate to 'https://demo.velocitypayment.com/client/rad/index.html' successfully

2023-10-02 16:33:06 - [MESSAGE][PASSED] - Navigate to 'https://demo.velocitypayment.com/client/rad/index.html' successfully

2023-10-02 16:33:06 - [TEST_STEP][PASSED] - orPath_Landing = "Object Repository/RAD_Pages/Landing_Page": null

2023-10-02 16:33:06 - [TEST_STEP][PASSED] - orPath_TaxTypeFilingYear = "Object Repository/RAD_Pages/TaxTypeFilingYear_Page": null

2023-10-02 16:33:06 - [TEST_STEP][PASSED] - orPath_TaxPayer = "Object Repository/RAD_Pages/Taxpayer_Page": null

2023-10-02 16:33:06 - [TEST_STEP][PASSED] - orPath_AddressContact = "Object Repository/RAD_Pages/AddressAndContactInfo_Page": null

2023-10-02 16:33:06 - [TEST_STEP][PASSED] - orPath_FilingStatus = "Object Repository/RAD_Pages/FilingStatus_Page": null

2023-10-02 16:33:06 - [TEST_STEP][PASSED] - orPath_Amount = "Object Repository/RAD_Pages/PaymentAmount_Page": null

2023-10-02 16:33:06 - [TEST_STEP][PASSED] - orPath_TaxInfo = "Object Repository/RAD_Pages/TaxInfo_Page": null

2023-10-02 16:33:06 - [TEST_STEP][PASSED] - orPath_Withholding = "Object Repository/RAD_Pages/Withholding_Page": null

2023-10-02 16:33:06 - [TEST_STEP][PASSED] - orPath_Summary = "Object Repository/RAD_Pages/Summary_Page": null

2023-10-02 16:33:06 - [TEST_STEP][PASSED] - orPath_PaymentReady = "Object Repository/RAD_Pages/PaymentReady_Page": null

2023-10-02 16:33:06 - [TEST_STEP][PASSED] - orPath_PaymentEntry = "Object Repository/RAD_Pages/PaymentEntry_Page": null

2023-10-02 16:33:06 - [TEST_STEP][PASSED] - orPath_PaymentConfirmation = "Object Repository/RAD_Pages/PaymentConfirmation_Page": null

2023-10-02 16:33:06 - [TEST_STEP][PASSED] - orPath_ServiceFeesAccept = "Object Repository/RAD_Pages/ServiceFeeAccept_Page": null

2023-10-02 16:33:06 - [TEST_STEP][PASSED] - selectOptionByLabel(findTestObject(orPath_Landing + "/dd_TaxType"), Paymenttype, false): All options with label 'New Tax Return Amount Due' are selected in object 'Object Repository/RAD_Pages/Landing_Page/dd_TaxType' 

2023-10-02 16:33:06 - [MESSAGE][PASSED] - All options with label 'New Tax Return Amount Due' are selected in object 'Object Repository/RAD_Pages/Landing_Page/dd_TaxType' 

2023-10-02 16:33:06 - [TEST_STEP][PASSED] - delay(1): Delayed 1 second(s)

2023-10-02 16:33:07 - [MESSAGE][PASSED] - Delayed 1 second(s)

2023-10-02 16:33:07 - [TEST_STEP][PASSED] - switch (Paymenttype): null

2023-10-02 16:33:07 - [TEST_STEP][PASSED] - case "New Tax Return Amount Due":: null

2023-10-02 16:33:07 - [TEST_STEP][PASSED] - selectOptionByLabel(findTestObject("Object Repository/RAD_Pages/Landing_Page/select_NewTaxReturnAmountDue_TaxType"), Taxtype, false): All options with label 'PTE Non-Electing Non-S Corp' are selected in object 'Object Repository/RAD_Pages/Landing_Page/select_NewTaxReturnAmountDue_TaxType' 

2023-10-02 16:33:08 - [MESSAGE][PASSED] - All options with label 'PTE Non-Electing Non-S Corp' are selected in object 'Object Repository/RAD_Pages/Landing_Page/select_NewTaxReturnAmountDue_TaxType' 

2023-10-02 16:33:08 - [TEST_STEP][PASSED] - break: null

2023-10-02 16:33:08 - [TEST_STEP][PASSED] - delay(1): Delayed 1 second(s)

2023-10-02 16:33:09 - [MESSAGE][PASSED] - Delayed 1 second(s)

2023-10-02 16:33:09 - [TEST_STEP][PASSED] - switch (Paymenttype): null

2023-10-02 16:33:09 - [TEST_STEP][PASSED] - case "New Tax Return Amount Due":: null

2023-10-02 16:33:09 - [TEST_STEP][PASSED] - if (feinSsn.equalsIgnoreCase("Y")): Text ****** has been set on object 'Object Repository/RAD_Pages/TaxInfo_Page/input_TaxInformation_RefeinSsn'

2023-10-02 16:33:09 - [TEST_STEP][PASSED] - setEncryptedText(findTestObject(orPath_TaxInfo + "//input_TaxInformation_feinSsn"), "iGDxf8hSRT4="): Text ****** has been set on object 'Object Repository/RAD_Pages/TaxInfo_Page//input_TaxInformation_feinSsn'

2023-10-02 16:33:10 - [MESSAGE][PASSED] - Text ****** has been set on object 'Object Repository/RAD_Pages/TaxInfo_Page//input_TaxInformation_feinSsn'

2023-10-02 16:33:10 - [TEST_STEP][PASSED] - setEncryptedText(findTestObject(orPath_TaxInfo + "/input_TaxInformation_RefeinSsn"), ""): Text ****** has been set on object 'Object Repository/RAD_Pages/TaxInfo_Page/input_TaxInformation_RefeinSsn'

2023-10-02 16:33:11 - [MESSAGE][PASSED] - Text ****** has been set on object 'Object Repository/RAD_Pages/TaxInfo_Page/input_TaxInformation_RefeinSsn'

2023-10-02 16:33:11 - [TEST_STEP][PASSED] - break: null

2023-10-02 16:33:11 - [TEST_STEP][PASSED] - if (feinSsn.equalsIgnoreCase("Y")): null

2023-10-02 16:33:11 - [TEST_STEP][PASSED] - if (verifyTextPresent("Please enter a valid FEIN/SSN with 9 digits", true)): null

2023-10-02 16:33:12 - [MESSAGE][PASSED] - Text 'Please enter a valid FEIN/SSN with 9 digits' is present on page  using regular expression

2023-10-02 16:33:12 - [TEST_STEP][PASSED] - println("Error Message is present on the page"): null

2023-10-02 16:33:12 - [TEST_STEP][PASSED] - out.println("Pass Record Number: " + row): null

2023-10-02 16:33:12 - [TEST_STEP][PASSED] - resText = "Pass": null

2023-10-02 16:33:12 - [TEST_STEP][PASSED] - pages.WriteExcel.demoKey(resText, datText, resColumn, datCloumn, fileLoc, nameSheet, row): pages.WriteExcel.demoKey is PASSED

2023-10-02 16:33:12 - [MESSAGE][PASSED] - pages.WriteExcel.demoKey is PASSED

2023-10-02 16:33:12 - [TEST_STEP][PASSED] - ExecuteTC = findTestData(dataFile).getValue("Execute", row): null

2023-10-02 16:33:12 - [TEST_STEP][PASSED] - Taxtype = findTestData(dataFile).getValue("TaxType", row): null

2023-10-02 16:33:12 - [TEST_STEP][PASSED] - Paymenttype = findTestData(dataFile).getValue("PaymentType", row): null

2023-10-02 16:33:12 - [TEST_STEP][PASSED] - feinSsn = findTestData(dataFile).getValue("FEINSSN", row): null

2023-10-02 16:33:12 - [TEST_STEP][PASSED] - out.println("Value of Execute is : " + ExecuteTC): null

2023-10-02 16:33:12 - [TEST_STEP][PASSED] - if (ExecuteTC.equalsIgnoreCase("Y")): null

2023-10-02 16:33:12 - [TEST_STEP][PASSED] - out.println("Begin Record Number: " + row): null

2023-10-02 16:33:12 - [TEST_STEP][PASSED] - today = new java.util.Date(): null

2023-10-02 16:33:12 - [TEST_STEP][PASSED] - println(today): null

2023-10-02 16:33:12 - [TEST_STEP][PASSED] - datText = today: null

2023-10-02 16:33:12 - [TEST_STEP][PASSED] - Taxtype = findTestData(dataFile).getValue("TaxType", row): null

2023-10-02 16:33:12 - [TEST_STEP][PASSED] - out.println("Taxtype value is : " + Taxtype): null

2023-10-02 16:33:12 - [TEST_STEP][PASSED] - openBrowser(""): Browser is opened with url: ''

2023-10-02 16:33:12 - [MESSAGE][WARNING] - A browser is already opened. Closing browser and opening a new one

2023-10-02 16:33:13 - [MESSAGE][INFO] - Starting 'Chrome' driver

2023-10-02 16:33:13 - [MESSAGE][INFO] - User set preference: ['acceptInsecureCerts', 'true']

2023-10-02 16:33:13 - [MESSAGE][INFO] - Action delay is set to 0 milliseconds

2023-10-02 16:33:14 - [MESSAGE][PASSED] - Browser is opened with url: ''

2023-10-02 16:33:14 - [TEST_STEP][PASSED] - maximizeWindow(): Current window maximized

2023-10-02 16:33:14 - [MESSAGE][PASSED] - Current window maximized

2023-10-02 16:33:14 - [TEST_STEP][PASSED] - navigateToUrl(RADurl): Navigate to 'https://demo.velocitypayment.com/client/rad/index.html' successfully

2023-10-02 16:33:16 - [MESSAGE][PASSED] - Navigate to 'https://demo.velocitypayment.com/client/rad/index.html' successfully

2023-10-02 16:33:16 - [TEST_STEP][PASSED] - orPath_Landing = "Object Repository/RAD_Pages/Landing_Page": null

2023-10-02 16:33:16 - [TEST_STEP][PASSED] - orPath_TaxTypeFilingYear = "Object Repository/RAD_Pages/TaxTypeFilingYear_Page": null

2023-10-02 16:33:16 - [TEST_STEP][PASSED] - orPath_TaxPayer = "Object Repository/RAD_Pages/Taxpayer_Page": null

2023-10-02 16:33:16 - [TEST_STEP][PASSED] - orPath_AddressContact = "Object Repository/RAD_Pages/AddressAndContactInfo_Page": null

2023-10-02 16:33:16 - [TEST_STEP][PASSED] - orPath_FilingStatus = "Object Repository/RAD_Pages/FilingStatus_Page": null

2023-10-02 16:33:16 - [TEST_STEP][PASSED] - orPath_Amount = "Object Repository/RAD_Pages/PaymentAmount_Page": null

2023-10-02 16:33:16 - [TEST_STEP][PASSED] - orPath_TaxInfo = "Object Repository/RAD_Pages/TaxInfo_Page": null

2023-10-02 16:33:16 - [TEST_STEP][PASSED] - orPath_Withholding = "Object Repository/RAD_Pages/Withholding_Page": null

2023-10-02 16:33:16 - [TEST_STEP][PASSED] - orPath_Summary = "Object Repository/RAD_Pages/Summary_Page": null

2023-10-02 16:33:16 - [TEST_STEP][PASSED] - orPath_PaymentReady = "Object Repository/RAD_Pages/PaymentReady_Page": null

2023-10-02 16:33:16 - [TEST_STEP][PASSED] - orPath_PaymentEntry = "Object Repository/RAD_Pages/PaymentEntry_Page": null

2023-10-02 16:33:16 - [TEST_STEP][PASSED] - orPath_PaymentConfirmation = "Object Repository/RAD_Pages/PaymentConfirmation_Page": null

2023-10-02 16:33:16 - [TEST_STEP][PASSED] - orPath_ServiceFeesAccept = "Object Repository/RAD_Pages/ServiceFeeAccept_Page": null

2023-10-02 16:33:16 - [TEST_STEP][PASSED] - selectOptionByLabel(findTestObject(orPath_Landing + "/dd_TaxType"), Paymenttype, false): All options with label 'New Tax Return Amount Due' are selected in object 'Object Repository/RAD_Pages/Landing_Page/dd_TaxType' 

2023-10-02 16:33:17 - [MESSAGE][PASSED] - All options with label 'New Tax Return Amount Due' are selected in object 'Object Repository/RAD_Pages/Landing_Page/dd_TaxType' 

2023-10-02 16:33:17 - [TEST_STEP][PASSED] - delay(1): Delayed 1 second(s)

2023-10-02 16:33:18 - [MESSAGE][PASSED] - Delayed 1 second(s)

2023-10-02 16:33:18 - [TEST_STEP][PASSED] - switch (Paymenttype): null

2023-10-02 16:33:18 - [TEST_STEP][PASSED] - case "New Tax Return Amount Due":: null

2023-10-02 16:33:18 - [TEST_STEP][PASSED] - selectOptionByLabel(findTestObject("Object Repository/RAD_Pages/Landing_Page/select_NewTaxReturnAmountDue_TaxType"), Taxtype, false): All options with label 'PTE Non-Electing S Corp' are selected in object 'Object Repository/RAD_Pages/Landing_Page/select_NewTaxReturnAmountDue_TaxType' 

2023-10-02 16:33:18 - [MESSAGE][PASSED] - All options with label 'PTE Non-Electing S Corp' are selected in object 'Object Repository/RAD_Pages/Landing_Page/select_NewTaxReturnAmountDue_TaxType' 

2023-10-02 16:33:18 - [TEST_STEP][PASSED] - break: null

2023-10-02 16:33:18 - [TEST_STEP][PASSED] - delay(1): Delayed 1 second(s)

2023-10-02 16:33:19 - [MESSAGE][PASSED] - Delayed 1 second(s)

2023-10-02 16:33:19 - [TEST_STEP][PASSED] - switch (Paymenttype): null

2023-10-02 16:33:19 - [TEST_STEP][PASSED] - case "New Tax Return Amount Due":: null

2023-10-02 16:33:19 - [TEST_STEP][PASSED] - if (feinSsn.equalsIgnoreCase("Y")): Text ****** has been set on object 'Object Repository/RAD_Pages/TaxInfo_Page/input_TaxInformation_RefeinSsn'

2023-10-02 16:33:19 - [TEST_STEP][PASSED] - setEncryptedText(findTestObject(orPath_TaxInfo + "//input_TaxInformation_feinSsn"), "iGDxf8hSRT4="): Text ****** has been set on object 'Object Repository/RAD_Pages/TaxInfo_Page//input_TaxInformation_feinSsn'

2023-10-02 16:33:20 - [MESSAGE][PASSED] - Text ****** has been set on object 'Object Repository/RAD_Pages/TaxInfo_Page//input_TaxInformation_feinSsn'

2023-10-02 16:33:20 - [TEST_STEP][PASSED] - setEncryptedText(findTestObject(orPath_TaxInfo + "/input_TaxInformation_RefeinSsn"), ""): Text ****** has been set on object 'Object Repository/RAD_Pages/TaxInfo_Page/input_TaxInformation_RefeinSsn'

2023-10-02 16:33:21 - [MESSAGE][PASSED] - Text ****** has been set on object 'Object Repository/RAD_Pages/TaxInfo_Page/input_TaxInformation_RefeinSsn'

2023-10-02 16:33:21 - [TEST_STEP][PASSED] - break: null

2023-10-02 16:33:21 - [TEST_STEP][PASSED] - if (feinSsn.equalsIgnoreCase("Y")): null

2023-10-02 16:33:21 - [TEST_STEP][PASSED] - if (verifyTextPresent("Please enter a valid FEIN/SSN with 9 digits", true)): null

2023-10-02 16:33:22 - [MESSAGE][PASSED] - Text 'Please enter a valid FEIN/SSN with 9 digits' is present on page  using regular expression

2023-10-02 16:33:22 - [TEST_STEP][PASSED] - println("Error Message is present on the page"): null

2023-10-02 16:33:22 - [TEST_STEP][PASSED] - out.println("Pass Record Number: " + row): null

2023-10-02 16:33:22 - [TEST_STEP][PASSED] - resText = "Pass": null

2023-10-02 16:33:22 - [TEST_STEP][PASSED] - pages.WriteExcel.demoKey(resText, datText, resColumn, datCloumn, fileLoc, nameSheet, row): pages.WriteExcel.demoKey is PASSED

2023-10-02 16:33:22 - [MESSAGE][PASSED] - pages.WriteExcel.demoKey is PASSED

2023-10-02 16:33:22 - [TEST_STEP][PASSED] - ExecuteTC = findTestData(dataFile).getValue("Execute", row): null

2023-10-02 16:33:22 - [TEST_STEP][PASSED] - Taxtype = findTestData(dataFile).getValue("TaxType", row): null

2023-10-02 16:33:22 - [TEST_STEP][PASSED] - Paymenttype = findTestData(dataFile).getValue("PaymentType", row): null

2023-10-02 16:33:22 - [TEST_STEP][PASSED] - feinSsn = findTestData(dataFile).getValue("FEINSSN", row): null

2023-10-02 16:33:22 - [TEST_STEP][PASSED] - out.println("Value of Execute is : " + ExecuteTC): null

2023-10-02 16:33:22 - [TEST_STEP][PASSED] - if (ExecuteTC.equalsIgnoreCase("Y")): null

2023-10-02 16:33:22 - [TEST_STEP][PASSED] - out.println("Begin Record Number: " + row): null

2023-10-02 16:33:22 - [TEST_STEP][PASSED] - today = new java.util.Date(): null

2023-10-02 16:33:22 - [TEST_STEP][PASSED] - println(today): null

2023-10-02 16:33:22 - [TEST_STEP][PASSED] - datText = today: null

2023-10-02 16:33:22 - [TEST_STEP][PASSED] - Taxtype = findTestData(dataFile).getValue("TaxType", row): null

2023-10-02 16:33:22 - [TEST_STEP][PASSED] - out.println("Taxtype value is : " + Taxtype): null

2023-10-02 16:33:22 - [TEST_STEP][PASSED] - openBrowser(""): Browser is opened with url: ''

2023-10-02 16:33:22 - [MESSAGE][WARNING] - A browser is already opened. Closing browser and opening a new one

2023-10-02 16:33:23 - [MESSAGE][INFO] - Starting 'Chrome' driver

2023-10-02 16:33:23 - [MESSAGE][INFO] - User set preference: ['acceptInsecureCerts', 'true']

2023-10-02 16:33:23 - [MESSAGE][INFO] - Action delay is set to 0 milliseconds

2023-10-02 16:33:24 - [MESSAGE][PASSED] - Browser is opened with url: ''

2023-10-02 16:33:24 - [TEST_STEP][PASSED] - maximizeWindow(): Current window maximized

2023-10-02 16:33:24 - [MESSAGE][PASSED] - Current window maximized

2023-10-02 16:33:24 - [TEST_STEP][PASSED] - navigateToUrl(RADurl): Navigate to 'https://demo.velocitypayment.com/client/rad/index.html' successfully

2023-10-02 16:33:26 - [MESSAGE][PASSED] - Navigate to 'https://demo.velocitypayment.com/client/rad/index.html' successfully

2023-10-02 16:33:26 - [TEST_STEP][PASSED] - orPath_Landing = "Object Repository/RAD_Pages/Landing_Page": null

2023-10-02 16:33:26 - [TEST_STEP][PASSED] - orPath_TaxTypeFilingYear = "Object Repository/RAD_Pages/TaxTypeFilingYear_Page": null

2023-10-02 16:33:26 - [TEST_STEP][PASSED] - orPath_TaxPayer = "Object Repository/RAD_Pages/Taxpayer_Page": null

2023-10-02 16:33:26 - [TEST_STEP][PASSED] - orPath_AddressContact = "Object Repository/RAD_Pages/AddressAndContactInfo_Page": null

2023-10-02 16:33:26 - [TEST_STEP][PASSED] - orPath_FilingStatus = "Object Repository/RAD_Pages/FilingStatus_Page": null

2023-10-02 16:33:26 - [TEST_STEP][PASSED] - orPath_Amount = "Object Repository/RAD_Pages/PaymentAmount_Page": null

2023-10-02 16:33:26 - [TEST_STEP][PASSED] - orPath_TaxInfo = "Object Repository/RAD_Pages/TaxInfo_Page": null

2023-10-02 16:33:26 - [TEST_STEP][PASSED] - orPath_Withholding = "Object Repository/RAD_Pages/Withholding_Page": null

2023-10-02 16:33:26 - [TEST_STEP][PASSED] - orPath_Summary = "Object Repository/RAD_Pages/Summary_Page": null

2023-10-02 16:33:26 - [TEST_STEP][PASSED] - orPath_PaymentReady = "Object Repository/RAD_Pages/PaymentReady_Page": null

2023-10-02 16:33:26 - [TEST_STEP][PASSED] - orPath_PaymentEntry = "Object Repository/RAD_Pages/PaymentEntry_Page": null

2023-10-02 16:33:26 - [TEST_STEP][PASSED] - orPath_PaymentConfirmation = "Object Repository/RAD_Pages/PaymentConfirmation_Page": null

2023-10-02 16:33:26 - [TEST_STEP][PASSED] - orPath_ServiceFeesAccept = "Object Repository/RAD_Pages/ServiceFeeAccept_Page": null

2023-10-02 16:33:26 - [TEST_STEP][PASSED] - selectOptionByLabel(findTestObject(orPath_Landing + "/dd_TaxType"), Paymenttype, false): All options with label 'New Tax Return Amount Due' are selected in object 'Object Repository/RAD_Pages/Landing_Page/dd_TaxType' 

2023-10-02 16:33:27 - [MESSAGE][PASSED] - All options with label 'New Tax Return Amount Due' are selected in object 'Object Repository/RAD_Pages/Landing_Page/dd_TaxType' 

2023-10-02 16:33:27 - [TEST_STEP][PASSED] - delay(1): Delayed 1 second(s)

2023-10-02 16:33:28 - [MESSAGE][PASSED] - Delayed 1 second(s)

2023-10-02 16:33:28 - [TEST_STEP][PASSED] - switch (Paymenttype): null

2023-10-02 16:33:28 - [TEST_STEP][PASSED] - case "New Tax Return Amount Due":: null

2023-10-02 16:33:28 - [TEST_STEP][PASSED] - selectOptionByLabel(findTestObject("Object Repository/RAD_Pages/Landing_Page/select_NewTaxReturnAmountDue_TaxType"), Taxtype, false): All options with label 'PTE Tax Electing Non-S Corp' are selected in object 'Object Repository/RAD_Pages/Landing_Page/select_NewTaxReturnAmountDue_TaxType' 

2023-10-02 16:33:28 - [MESSAGE][PASSED] - All options with label 'PTE Tax Electing Non-S Corp' are selected in object 'Object Repository/RAD_Pages/Landing_Page/select_NewTaxReturnAmountDue_TaxType' 

2023-10-02 16:33:28 - [TEST_STEP][PASSED] - break: null

2023-10-02 16:33:28 - [TEST_STEP][PASSED] - delay(1): Delayed 1 second(s)

2023-10-02 16:33:29 - [MESSAGE][PASSED] - Delayed 1 second(s)

2023-10-02 16:33:29 - [TEST_STEP][PASSED] - switch (Paymenttype): null

2023-10-02 16:33:29 - [TEST_STEP][PASSED] - case "New Tax Return Amount Due":: null

2023-10-02 16:33:29 - [TEST_STEP][PASSED] - if (feinSsn.equalsIgnoreCase("Y")): Text ****** has been set on object 'Object Repository/RAD_Pages/TaxInfo_Page/input_TaxInformation_RefeinSsn'

2023-10-02 16:33:29 - [TEST_STEP][PASSED] - setEncryptedText(findTestObject(orPath_TaxInfo + "//input_TaxInformation_feinSsn"), "iGDxf8hSRT4="): Text ****** has been set on object 'Object Repository/RAD_Pages/TaxInfo_Page//input_TaxInformation_feinSsn'

2023-10-02 16:33:30 - [MESSAGE][PASSED] - Text ****** has been set on object 'Object Repository/RAD_Pages/TaxInfo_Page//input_TaxInformation_feinSsn'

2023-10-02 16:33:30 - [TEST_STEP][PASSED] - setEncryptedText(findTestObject(orPath_TaxInfo + "/input_TaxInformation_RefeinSsn"), ""): Text ****** has been set on object 'Object Repository/RAD_Pages/TaxInfo_Page/input_TaxInformation_RefeinSsn'

2023-10-02 16:33:31 - [MESSAGE][PASSED] - Text ****** has been set on object 'Object Repository/RAD_Pages/TaxInfo_Page/input_TaxInformation_RefeinSsn'

2023-10-02 16:33:31 - [TEST_STEP][PASSED] - break: null

2023-10-02 16:33:31 - [TEST_STEP][PASSED] - if (feinSsn.equalsIgnoreCase("Y")): null

2023-10-02 16:33:31 - [TEST_STEP][PASSED] - if (verifyTextPresent("Please enter a valid FEIN/SSN with 9 digits", true)): null

2023-10-02 16:33:32 - [MESSAGE][PASSED] - Text 'Please enter a valid FEIN/SSN with 9 digits' is present on page  using regular expression

2023-10-02 16:33:32 - [TEST_STEP][PASSED] - println("Error Message is present on the page"): null

2023-10-02 16:33:32 - [TEST_STEP][PASSED] - out.println("Pass Record Number: " + row): null

2023-10-02 16:33:32 - [TEST_STEP][PASSED] - resText = "Pass": null

2023-10-02 16:33:32 - [TEST_STEP][PASSED] - pages.WriteExcel.demoKey(resText, datText, resColumn, datCloumn, fileLoc, nameSheet, row): pages.WriteExcel.demoKey is PASSED

2023-10-02 16:33:32 - [MESSAGE][PASSED] - pages.WriteExcel.demoKey is PASSED

2023-10-02 16:33:32 - [TEST_STEP][PASSED] - ExecuteTC = findTestData(dataFile).getValue("Execute", row): null

2023-10-02 16:33:32 - [TEST_STEP][PASSED] - Taxtype = findTestData(dataFile).getValue("TaxType", row): null

2023-10-02 16:33:32 - [TEST_STEP][PASSED] - Paymenttype = findTestData(dataFile).getValue("PaymentType", row): null

2023-10-02 16:33:32 - [TEST_STEP][PASSED] - feinSsn = findTestData(dataFile).getValue("FEINSSN", row): null

2023-10-02 16:33:32 - [TEST_STEP][PASSED] - out.println("Value of Execute is : " + ExecuteTC): null

2023-10-02 16:33:32 - [TEST_STEP][PASSED] - if (ExecuteTC.equalsIgnoreCase("Y")): null

2023-10-02 16:33:32 - [TEST_STEP][PASSED] - out.println("Begin Record Number: " + row): null

2023-10-02 16:33:32 - [TEST_STEP][PASSED] - today = new java.util.Date(): null

2023-10-02 16:33:32 - [TEST_STEP][PASSED] - println(today): null

2023-10-02 16:33:32 - [TEST_STEP][PASSED] - datText = today: null

2023-10-02 16:33:32 - [TEST_STEP][PASSED] - Taxtype = findTestData(dataFile).getValue("TaxType", row): null

2023-10-02 16:33:32 - [TEST_STEP][PASSED] - out.println("Taxtype value is : " + Taxtype): null

2023-10-02 16:33:32 - [TEST_STEP][PASSED] - openBrowser(""): Browser is opened with url: ''

2023-10-02 16:33:32 - [MESSAGE][WARNING] - A browser is already opened. Closing browser and opening a new one

2023-10-02 16:33:33 - [MESSAGE][INFO] - Starting 'Chrome' driver

2023-10-02 16:33:33 - [MESSAGE][INFO] - User set preference: ['acceptInsecureCerts', 'true']

2023-10-02 16:33:33 - [MESSAGE][INFO] - Action delay is set to 0 milliseconds

2023-10-02 16:33:34 - [MESSAGE][PASSED] - Browser is opened with url: ''

2023-10-02 16:33:34 - [TEST_STEP][PASSED] - maximizeWindow(): Current window maximized

2023-10-02 16:33:34 - [MESSAGE][PASSED] - Current window maximized

2023-10-02 16:33:34 - [TEST_STEP][PASSED] - navigateToUrl(RADurl): Navigate to 'https://demo.velocitypayment.com/client/rad/index.html' successfully

2023-10-02 16:33:36 - [MESSAGE][PASSED] - Navigate to 'https://demo.velocitypayment.com/client/rad/index.html' successfully

2023-10-02 16:33:36 - [TEST_STEP][PASSED] - orPath_Landing = "Object Repository/RAD_Pages/Landing_Page": null

2023-10-02 16:33:36 - [TEST_STEP][PASSED] - orPath_TaxTypeFilingYear = "Object Repository/RAD_Pages/TaxTypeFilingYear_Page": null

2023-10-02 16:33:36 - [TEST_STEP][PASSED] - orPath_TaxPayer = "Object Repository/RAD_Pages/Taxpayer_Page": null

2023-10-02 16:33:36 - [TEST_STEP][PASSED] - orPath_AddressContact = "Object Repository/RAD_Pages/AddressAndContactInfo_Page": null

2023-10-02 16:33:36 - [TEST_STEP][PASSED] - orPath_FilingStatus = "Object Repository/RAD_Pages/FilingStatus_Page": null

2023-10-02 16:33:36 - [TEST_STEP][PASSED] - orPath_Amount = "Object Repository/RAD_Pages/PaymentAmount_Page": null

2023-10-02 16:33:36 - [TEST_STEP][PASSED] - orPath_TaxInfo = "Object Repository/RAD_Pages/TaxInfo_Page": null

2023-10-02 16:33:36 - [TEST_STEP][PASSED] - orPath_Withholding = "Object Repository/RAD_Pages/Withholding_Page": null

2023-10-02 16:33:36 - [TEST_STEP][PASSED] - orPath_Summary = "Object Repository/RAD_Pages/Summary_Page": null

2023-10-02 16:33:36 - [TEST_STEP][PASSED] - orPath_PaymentReady = "Object Repository/RAD_Pages/PaymentReady_Page": null

2023-10-02 16:33:36 - [TEST_STEP][PASSED] - orPath_PaymentEntry = "Object Repository/RAD_Pages/PaymentEntry_Page": null

2023-10-02 16:33:36 - [TEST_STEP][PASSED] - orPath_PaymentConfirmation = "Object Repository/RAD_Pages/PaymentConfirmation_Page": null

2023-10-02 16:33:36 - [TEST_STEP][PASSED] - orPath_ServiceFeesAccept = "Object Repository/RAD_Pages/ServiceFeeAccept_Page": null

2023-10-02 16:33:36 - [TEST_STEP][PASSED] - selectOptionByLabel(findTestObject(orPath_Landing + "/dd_TaxType"), Paymenttype, false): All options with label 'New Tax Return Amount Due' are selected in object 'Object Repository/RAD_Pages/Landing_Page/dd_TaxType' 

2023-10-02 16:33:37 - [MESSAGE][PASSED] - All options with label 'New Tax Return Amount Due' are selected in object 'Object Repository/RAD_Pages/Landing_Page/dd_TaxType' 

2023-10-02 16:33:37 - [TEST_STEP][PASSED] - delay(1): Delayed 1 second(s)

2023-10-02 16:33:38 - [MESSAGE][PASSED] - Delayed 1 second(s)

2023-10-02 16:33:38 - [TEST_STEP][PASSED] - switch (Paymenttype): null

2023-10-02 16:33:38 - [TEST_STEP][PASSED] - case "New Tax Return Amount Due":: null

2023-10-02 16:33:38 - [TEST_STEP][PASSED] - selectOptionByLabel(findTestObject("Object Repository/RAD_Pages/Landing_Page/select_NewTaxReturnAmountDue_TaxType"), Taxtype, false): All options with label 'PTE Tax Electing S Corp' are selected in object 'Object Repository/RAD_Pages/Landing_Page/select_NewTaxReturnAmountDue_TaxType' 

2023-10-02 16:33:38 - [MESSAGE][PASSED] - All options with label 'PTE Tax Electing S Corp' are selected in object 'Object Repository/RAD_Pages/Landing_Page/select_NewTaxReturnAmountDue_TaxType' 

2023-10-02 16:33:38 - [TEST_STEP][PASSED] - break: null

2023-10-02 16:33:38 - [TEST_STEP][PASSED] - delay(1): Delayed 1 second(s)

2023-10-02 16:33:39 - [MESSAGE][PASSED] - Delayed 1 second(s)

2023-10-02 16:33:39 - [TEST_STEP][PASSED] - switch (Paymenttype): null

2023-10-02 16:33:39 - [TEST_STEP][PASSED] - case "New Tax Return Amount Due":: null

2023-10-02 16:33:39 - [TEST_STEP][PASSED] - if (feinSsn.equalsIgnoreCase("Y")): Text ****** has been set on object 'Object Repository/RAD_Pages/TaxInfo_Page/input_TaxInformation_RefeinSsn'

2023-10-02 16:33:39 - [TEST_STEP][PASSED] - setEncryptedText(findTestObject(orPath_TaxInfo + "//input_TaxInformation_feinSsn"), "iGDxf8hSRT4="): Text ****** has been set on object 'Object Repository/RAD_Pages/TaxInfo_Page//input_TaxInformation_feinSsn'

2023-10-02 16:33:40 - [MESSAGE][PASSED] - Text ****** has been set on object 'Object Repository/RAD_Pages/TaxInfo_Page//input_TaxInformation_feinSsn'

2023-10-02 16:33:40 - [TEST_STEP][PASSED] - setEncryptedText(findTestObject(orPath_TaxInfo + "/input_TaxInformation_RefeinSsn"), ""): Text ****** has been set on object 'Object Repository/RAD_Pages/TaxInfo_Page/input_TaxInformation_RefeinSsn'

2023-10-02 16:33:41 - [MESSAGE][PASSED] - Text ****** has been set on object 'Object Repository/RAD_Pages/TaxInfo_Page/input_TaxInformation_RefeinSsn'

2023-10-02 16:33:41 - [TEST_STEP][PASSED] - break: null

2023-10-02 16:33:41 - [TEST_STEP][PASSED] - if (feinSsn.equalsIgnoreCase("Y")): null

2023-10-02 16:33:41 - [TEST_STEP][PASSED] - if (verifyTextPresent("Please enter a valid FEIN/SSN with 9 digits", true)): null

2023-10-02 16:33:42 - [MESSAGE][PASSED] - Text 'Please enter a valid FEIN/SSN with 9 digits' is present on page  using regular expression

2023-10-02 16:33:42 - [TEST_STEP][PASSED] - println("Error Message is present on the page"): null

2023-10-02 16:33:42 - [TEST_STEP][PASSED] - out.println("Pass Record Number: " + row): null

2023-10-02 16:33:42 - [TEST_STEP][PASSED] - resText = "Pass": null

2023-10-02 16:33:42 - [TEST_STEP][PASSED] - pages.WriteExcel.demoKey(resText, datText, resColumn, datCloumn, fileLoc, nameSheet, row): pages.WriteExcel.demoKey is PASSED

2023-10-02 16:33:42 - [MESSAGE][PASSED] - pages.WriteExcel.demoKey is PASSED]]></system-out>
         <system-err><![CDATA[]]></system-err>
      </testcase>
      <testcase name="Test Cases/RAD_TestCases/Negative_TestCases/EL-NumberValidation" time="156.347" classname="Test Cases/RAD_TestCases/Negative_TestCases/EL-NumberValidation" status="PASSED">
         <system-out><![CDATA[2023-10-02 16:33:42 - [TEST_CASE][PASSED] - Test Cases/RAD_TestCases/Negative_TestCases/EL-NumberValidation: Test Cases/RAD_TestCases/Negative_TestCases/EL-NumberValidation

2023-10-02 16:33:43 - [TEST_STEP][PASSED] - resText = "Fail": null

2023-10-02 16:33:43 - [TEST_STEP][PASSED] - resColumn = "Result": null

2023-10-02 16:33:43 - [TEST_STEP][PASSED] - datCloumn = "Date": null

2023-10-02 16:33:43 - [TEST_STEP][PASSED] - fileLoc = "KatalonData/RADTestData/EL-NumberValidation.xlsx": null

2023-10-02 16:33:43 - [TEST_STEP][PASSED] - nameSheet = "NumberError": null

2023-10-02 16:33:43 - [TEST_STEP][PASSED] - dataFile = "RADTestData/EL-NumberValidation": null

2023-10-02 16:33:43 - [TEST_STEP][PASSED] - ExecuteTC = <not implemented yet for class: org.codehaus.groovy.ast.expr.EmptyExpression>: null

2023-10-02 16:33:43 - [TEST_STEP][PASSED] - Taxtype = <not implemented yet for class: org.codehaus.groovy.ast.expr.EmptyExpression>: null

2023-10-02 16:33:43 - [TEST_STEP][PASSED] - TaxTypeEL = <not implemented yet for class: org.codehaus.groovy.ast.expr.EmptyExpression>: null

2023-10-02 16:33:43 - [TEST_STEP][PASSED] - notInvNumber = <not implemented yet for class: org.codehaus.groovy.ast.expr.EmptyExpression>: null

2023-10-02 16:33:43 - [TEST_STEP][PASSED] - errorMsg = <not implemented yet for class: org.codehaus.groovy.ast.expr.EmptyExpression>: null

2023-10-02 16:33:43 - [TEST_STEP][PASSED] - numOfRows = findTestData(dataFile).getRowNumbers(): null

2023-10-02 16:33:43 - [TEST_STEP][PASSED] - println("Number of Records: " + numOfRows): null

2023-10-02 16:33:43 - [TEST_STEP][PASSED] - for ([row = 1, row <= numOfRows, (row++)]): null

2023-10-02 16:33:43 - [TEST_STEP][PASSED] - ExecuteTC = findTestData(dataFile).getValue("Execute", row): null

2023-10-02 16:33:43 - [TEST_STEP][PASSED] - Taxtype = findTestData(dataFile).getValue("TaxType", row): null

2023-10-02 16:33:43 - [TEST_STEP][PASSED] - TaxTypeEL = findTestData(dataFile).getValue("TaxTypeEL", row): null

2023-10-02 16:33:43 - [TEST_STEP][PASSED] - notInvNumber = findTestData(dataFile).getValue("NotiInvoNumber", row): null

2023-10-02 16:33:43 - [TEST_STEP][PASSED] - errorMsg = findTestData(dataFile).getValue("ErrorMessage", row): null

2023-10-02 16:33:43 - [TEST_STEP][PASSED] - out.println("Value of Execute is : " + ExecuteTC): null

2023-10-02 16:33:43 - [TEST_STEP][PASSED] - if (ExecuteTC.equalsIgnoreCase("Y")): null

2023-10-02 16:33:43 - [TEST_STEP][PASSED] - out.println("Begin Record Number: " + row): null

2023-10-02 16:33:43 - [TEST_STEP][PASSED] - today = new java.util.Date(): null

2023-10-02 16:33:43 - [TEST_STEP][PASSED] - println(today): null

2023-10-02 16:33:43 - [TEST_STEP][PASSED] - datText = today: null

2023-10-02 16:33:43 - [TEST_STEP][PASSED] - Taxtype = findTestData(dataFile).getValue("TaxType", row): null

2023-10-02 16:33:43 - [TEST_STEP][PASSED] - out.println("Taxtype value is : " + Taxtype): null

2023-10-02 16:33:43 - [TEST_STEP][PASSED] - openBrowser(""): Browser is opened with url: ''

2023-10-02 16:33:43 - [MESSAGE][WARNING] - A browser is already opened. Closing browser and opening a new one

2023-10-02 16:33:44 - [MESSAGE][INFO] - Starting 'Chrome' driver

2023-10-02 16:33:44 - [MESSAGE][INFO] - User set preference: ['acceptInsecureCerts', 'true']

2023-10-02 16:33:44 - [MESSAGE][INFO] - Action delay is set to 0 milliseconds

2023-10-02 16:33:45 - [MESSAGE][PASSED] - Browser is opened with url: ''

2023-10-02 16:33:45 - [TEST_STEP][PASSED] - maximizeWindow(): Current window maximized

2023-10-02 16:33:45 - [MESSAGE][PASSED] - Current window maximized

2023-10-02 16:33:45 - [TEST_STEP][PASSED] - navigateToUrl(RADurl): Navigate to 'https://demo.velocitypayment.com/client/rad/index.html' successfully

2023-10-02 16:33:46 - [MESSAGE][PASSED] - Navigate to 'https://demo.velocitypayment.com/client/rad/index.html' successfully

2023-10-02 16:33:46 - [TEST_STEP][PASSED] - orPath_Landing = "Object Repository/RAD_Pages/Landing_Page": null

2023-10-02 16:33:46 - [TEST_STEP][PASSED] - orPath_TaxTypeFilingYear = "Object Repository/RAD_Pages/TaxTypeFilingYear_Page": null

2023-10-02 16:33:46 - [TEST_STEP][PASSED] - orPath_TaxPayer = "Object Repository/RAD_Pages/Taxpayer_Page": null

2023-10-02 16:33:46 - [TEST_STEP][PASSED] - orPath_AddressContact = "Object Repository/RAD_Pages/AddressAndContactInfo_Page": null

2023-10-02 16:33:46 - [TEST_STEP][PASSED] - orPath_FilingStatus = "Object Repository/RAD_Pages/FilingStatus_Page": null

2023-10-02 16:33:46 - [TEST_STEP][PASSED] - orPath_Amount = "Object Repository/RAD_Pages/PaymentAmount_Page": null

2023-10-02 16:33:46 - [TEST_STEP][PASSED] - orPath_TaxInfo = "Object Repository/RAD_Pages/TaxInfo_Page": null

2023-10-02 16:33:46 - [TEST_STEP][PASSED] - orPath_Withholding = "Object Repository/RAD_Pages/Withholding_Page": null

2023-10-02 16:33:46 - [TEST_STEP][PASSED] - orPath_Summary = "Object Repository/RAD_Pages/Summary_Page": null

2023-10-02 16:33:46 - [TEST_STEP][PASSED] - orPath_PaymentReady = "Object Repository/RAD_Pages/PaymentReady_Page": null

2023-10-02 16:33:46 - [TEST_STEP][PASSED] - orPath_PaymentEntry = "Object Repository/RAD_Pages/PaymentEntry_Page": null

2023-10-02 16:33:46 - [TEST_STEP][PASSED] - orPath_PaymentConfirmation = "Object Repository/RAD_Pages/PaymentConfirmation_Page": null

2023-10-02 16:33:46 - [TEST_STEP][PASSED] - orPath_ServiceFeesAccept = "Object Repository/RAD_Pages/ServiceFeeAccept_Page": null

2023-10-02 16:33:46 - [TEST_STEP][PASSED] - selectOptionByLabel(findTestObject(orPath_Landing + "/dd_TaxType"), Taxtype, false): All options with label 'Existing Liability w/Notice Number' are selected in object 'Object Repository/RAD_Pages/Landing_Page/dd_TaxType' 

2023-10-02 16:33:47 - [MESSAGE][PASSED] - All options with label 'Existing Liability w/Notice Number' are selected in object 'Object Repository/RAD_Pages/Landing_Page/dd_TaxType' 

2023-10-02 16:33:47 - [TEST_STEP][PASSED] - delay(1): Delayed 1 second(s)

2023-10-02 16:33:48 - [MESSAGE][PASSED] - Delayed 1 second(s)

2023-10-02 16:33:48 - [TEST_STEP][PASSED] - selectOptionByLabel(findTestObject(orPath_TaxTypeFilingYear + "/select_TaxType_ExistingLiability"), TaxTypeEL, false): All options with label 'Bay Restoration Fee' are selected in object 'Object Repository/RAD_Pages/TaxTypeFilingYear_Page/select_TaxType_ExistingLiability' 

2023-10-02 16:33:49 - [MESSAGE][PASSED] - All options with label 'Bay Restoration Fee' are selected in object 'Object Repository/RAD_Pages/TaxTypeFilingYear_Page/select_TaxType_ExistingLiability' 

2023-10-02 16:33:49 - [TEST_STEP][PASSED] - setText(findTestObject(orPath_TaxInfo + "/input_NoticeInvoiceNumber"), notInvNumber): Text '123456789' is set on object 'Object Repository/RAD_Pages/TaxInfo_Page/input_NoticeInvoiceNumber'

2023-10-02 16:33:50 - [MESSAGE][PASSED] - Text '123456789' is set on object 'Object Repository/RAD_Pages/TaxInfo_Page/input_NoticeInvoiceNumber'

2023-10-02 16:33:50 - [TEST_STEP][PASSED] - setText(findTestObject(orPath_TaxInfo + "/input_reTypeNoticeInvoiceNumber"), notInvNumber): Text '123456789' is set on object 'Object Repository/RAD_Pages/TaxInfo_Page/input_reTypeNoticeInvoiceNumber'

2023-10-02 16:33:52 - [MESSAGE][PASSED] - Text '123456789' is set on object 'Object Repository/RAD_Pages/TaxInfo_Page/input_reTypeNoticeInvoiceNumber'

2023-10-02 16:33:52 - [TEST_STEP][PASSED] - println(notInvNumber): null

2023-10-02 16:33:52 - [TEST_STEP][PASSED] - if (verifyTextPresent(errorMsg, true)): null

2023-10-02 16:33:52 - [MESSAGE][PASSED] - Text 'Notice number length has to be 13 numeric characters' is present on page  using regular expression

2023-10-02 16:33:52 - [TEST_STEP][PASSED] - println("Error Message is present on the page"): null

2023-10-02 16:33:52 - [TEST_STEP][PASSED] - out.println("Pass Record Number: " + row): null

2023-10-02 16:33:52 - [TEST_STEP][PASSED] - resText = "Pass": null

2023-10-02 16:33:52 - [TEST_STEP][PASSED] - pages.WriteExcel.demoKey(resText, datText, resColumn, datCloumn, fileLoc, nameSheet, row): pages.WriteExcel.demoKey is PASSED

2023-10-02 16:33:52 - [MESSAGE][PASSED] - pages.WriteExcel.demoKey is PASSED

2023-10-02 16:33:52 - [TEST_STEP][PASSED] - ExecuteTC = findTestData(dataFile).getValue("Execute", row): null

2023-10-02 16:33:52 - [TEST_STEP][PASSED] - Taxtype = findTestData(dataFile).getValue("TaxType", row): null

2023-10-02 16:33:52 - [TEST_STEP][PASSED] - TaxTypeEL = findTestData(dataFile).getValue("TaxTypeEL", row): null

2023-10-02 16:33:52 - [TEST_STEP][PASSED] - notInvNumber = findTestData(dataFile).getValue("NotiInvoNumber", row): null

2023-10-02 16:33:52 - [TEST_STEP][PASSED] - errorMsg = findTestData(dataFile).getValue("ErrorMessage", row): null

2023-10-02 16:33:52 - [TEST_STEP][PASSED] - out.println("Value of Execute is : " + ExecuteTC): null

2023-10-02 16:33:52 - [TEST_STEP][PASSED] - if (ExecuteTC.equalsIgnoreCase("Y")): null

2023-10-02 16:33:52 - [TEST_STEP][PASSED] - out.println("Begin Record Number: " + row): null

2023-10-02 16:33:52 - [TEST_STEP][PASSED] - today = new java.util.Date(): null

2023-10-02 16:33:52 - [TEST_STEP][PASSED] - println(today): null

2023-10-02 16:33:52 - [TEST_STEP][PASSED] - datText = today: null

2023-10-02 16:33:52 - [TEST_STEP][PASSED] - Taxtype = findTestData(dataFile).getValue("TaxType", row): null

2023-10-02 16:33:52 - [TEST_STEP][PASSED] - out.println("Taxtype value is : " + Taxtype): null

2023-10-02 16:33:52 - [TEST_STEP][PASSED] - openBrowser(""): Browser is opened with url: ''

2023-10-02 16:33:52 - [MESSAGE][WARNING] - A browser is already opened. Closing browser and opening a new one

2023-10-02 16:33:53 - [MESSAGE][INFO] - Starting 'Chrome' driver

2023-10-02 16:33:53 - [MESSAGE][INFO] - User set preference: ['acceptInsecureCerts', 'true']

2023-10-02 16:33:53 - [MESSAGE][INFO] - Action delay is set to 0 milliseconds

2023-10-02 16:33:55 - [MESSAGE][PASSED] - Browser is opened with url: ''

2023-10-02 16:33:55 - [TEST_STEP][PASSED] - maximizeWindow(): Current window maximized

2023-10-02 16:33:55 - [MESSAGE][PASSED] - Current window maximized

2023-10-02 16:33:55 - [TEST_STEP][PASSED] - navigateToUrl(RADurl): Navigate to 'https://demo.velocitypayment.com/client/rad/index.html' successfully

2023-10-02 16:33:56 - [MESSAGE][PASSED] - Navigate to 'https://demo.velocitypayment.com/client/rad/index.html' successfully

2023-10-02 16:33:56 - [TEST_STEP][PASSED] - orPath_Landing = "Object Repository/RAD_Pages/Landing_Page": null

2023-10-02 16:33:56 - [TEST_STEP][PASSED] - orPath_TaxTypeFilingYear = "Object Repository/RAD_Pages/TaxTypeFilingYear_Page": null

2023-10-02 16:33:56 - [TEST_STEP][PASSED] - orPath_TaxPayer = "Object Repository/RAD_Pages/Taxpayer_Page": null

2023-10-02 16:33:56 - [TEST_STEP][PASSED] - orPath_AddressContact = "Object Repository/RAD_Pages/AddressAndContactInfo_Page": null

2023-10-02 16:33:56 - [TEST_STEP][PASSED] - orPath_FilingStatus = "Object Repository/RAD_Pages/FilingStatus_Page": null

2023-10-02 16:33:56 - [TEST_STEP][PASSED] - orPath_Amount = "Object Repository/RAD_Pages/PaymentAmount_Page": null

2023-10-02 16:33:56 - [TEST_STEP][PASSED] - orPath_TaxInfo = "Object Repository/RAD_Pages/TaxInfo_Page": null

2023-10-02 16:33:56 - [TEST_STEP][PASSED] - orPath_Withholding = "Object Repository/RAD_Pages/Withholding_Page": null

2023-10-02 16:33:56 - [TEST_STEP][PASSED] - orPath_Summary = "Object Repository/RAD_Pages/Summary_Page": null

2023-10-02 16:33:56 - [TEST_STEP][PASSED] - orPath_PaymentReady = "Object Repository/RAD_Pages/PaymentReady_Page": null

2023-10-02 16:33:56 - [TEST_STEP][PASSED] - orPath_PaymentEntry = "Object Repository/RAD_Pages/PaymentEntry_Page": null

2023-10-02 16:33:56 - [TEST_STEP][PASSED] - orPath_PaymentConfirmation = "Object Repository/RAD_Pages/PaymentConfirmation_Page": null

2023-10-02 16:33:56 - [TEST_STEP][PASSED] - orPath_ServiceFeesAccept = "Object Repository/RAD_Pages/ServiceFeeAccept_Page": null

2023-10-02 16:33:56 - [TEST_STEP][PASSED] - selectOptionByLabel(findTestObject(orPath_Landing + "/dd_TaxType"), Taxtype, false): All options with label 'Existing Liability w/Notice Number' are selected in object 'Object Repository/RAD_Pages/Landing_Page/dd_TaxType' 

2023-10-02 16:33:57 - [MESSAGE][PASSED] - All options with label 'Existing Liability w/Notice Number' are selected in object 'Object Repository/RAD_Pages/Landing_Page/dd_TaxType' 

2023-10-02 16:33:57 - [TEST_STEP][PASSED] - delay(1): Delayed 1 second(s)

2023-10-02 16:33:58 - [MESSAGE][PASSED] - Delayed 1 second(s)

2023-10-02 16:33:58 - [TEST_STEP][PASSED] - selectOptionByLabel(findTestObject(orPath_TaxTypeFilingYear + "/select_TaxType_ExistingLiability"), TaxTypeEL, false): All options with label 'Corporate Income Tax' are selected in object 'Object Repository/RAD_Pages/TaxTypeFilingYear_Page/select_TaxType_ExistingLiability' 

2023-10-02 16:33:59 - [MESSAGE][PASSED] - All options with label 'Corporate Income Tax' are selected in object 'Object Repository/RAD_Pages/TaxTypeFilingYear_Page/select_TaxType_ExistingLiability' 

2023-10-02 16:33:59 - [TEST_STEP][PASSED] - setText(findTestObject(orPath_TaxInfo + "/input_NoticeInvoiceNumber"), notInvNumber): Text '123456789' is set on object 'Object Repository/RAD_Pages/TaxInfo_Page/input_NoticeInvoiceNumber'

2023-10-02 16:34:00 - [MESSAGE][PASSED] - Text '123456789' is set on object 'Object Repository/RAD_Pages/TaxInfo_Page/input_NoticeInvoiceNumber'

2023-10-02 16:34:00 - [TEST_STEP][PASSED] - setText(findTestObject(orPath_TaxInfo + "/input_reTypeNoticeInvoiceNumber"), notInvNumber): Text '123456789' is set on object 'Object Repository/RAD_Pages/TaxInfo_Page/input_reTypeNoticeInvoiceNumber'

2023-10-02 16:34:01 - [MESSAGE][PASSED] - Text '123456789' is set on object 'Object Repository/RAD_Pages/TaxInfo_Page/input_reTypeNoticeInvoiceNumber'

2023-10-02 16:34:01 - [TEST_STEP][PASSED] - println(notInvNumber): null

2023-10-02 16:34:01 - [TEST_STEP][PASSED] - if (verifyTextPresent(errorMsg, true)): null

2023-10-02 16:34:02 - [MESSAGE][PASSED] - Text 'Invoice number length has to be 10 or 13 numeric characters' is present on page  using regular expression

2023-10-02 16:34:02 - [TEST_STEP][PASSED] - println("Error Message is present on the page"): null

2023-10-02 16:34:02 - [TEST_STEP][PASSED] - out.println("Pass Record Number: " + row): null

2023-10-02 16:34:02 - [TEST_STEP][PASSED] - resText = "Pass": null

2023-10-02 16:34:02 - [TEST_STEP][PASSED] - pages.WriteExcel.demoKey(resText, datText, resColumn, datCloumn, fileLoc, nameSheet, row): pages.WriteExcel.demoKey is PASSED

2023-10-02 16:34:02 - [MESSAGE][PASSED] - pages.WriteExcel.demoKey is PASSED

2023-10-02 16:34:02 - [TEST_STEP][PASSED] - ExecuteTC = findTestData(dataFile).getValue("Execute", row): null

2023-10-02 16:34:02 - [TEST_STEP][PASSED] - Taxtype = findTestData(dataFile).getValue("TaxType", row): null

2023-10-02 16:34:02 - [TEST_STEP][PASSED] - TaxTypeEL = findTestData(dataFile).getValue("TaxTypeEL", row): null

2023-10-02 16:34:02 - [TEST_STEP][PASSED] - notInvNumber = findTestData(dataFile).getValue("NotiInvoNumber", row): null

2023-10-02 16:34:02 - [TEST_STEP][PASSED] - errorMsg = findTestData(dataFile).getValue("ErrorMessage", row): null

2023-10-02 16:34:02 - [TEST_STEP][PASSED] - out.println("Value of Execute is : " + ExecuteTC): null

2023-10-02 16:34:02 - [TEST_STEP][PASSED] - if (ExecuteTC.equalsIgnoreCase("Y")): null

2023-10-02 16:34:02 - [TEST_STEP][PASSED] - out.println("Begin Record Number: " + row): null

2023-10-02 16:34:02 - [TEST_STEP][PASSED] - today = new java.util.Date(): null

2023-10-02 16:34:02 - [TEST_STEP][PASSED] - println(today): null

2023-10-02 16:34:02 - [TEST_STEP][PASSED] - datText = today: null

2023-10-02 16:34:02 - [TEST_STEP][PASSED] - Taxtype = findTestData(dataFile).getValue("TaxType", row): null

2023-10-02 16:34:02 - [TEST_STEP][PASSED] - out.println("Taxtype value is : " + Taxtype): null

2023-10-02 16:34:02 - [TEST_STEP][PASSED] - openBrowser(""): Browser is opened with url: ''

2023-10-02 16:34:02 - [MESSAGE][WARNING] - A browser is already opened. Closing browser and opening a new one

2023-10-02 16:34:03 - [MESSAGE][INFO] - Starting 'Chrome' driver

2023-10-02 16:34:03 - [MESSAGE][INFO] - User set preference: ['acceptInsecureCerts', 'true']

2023-10-02 16:34:03 - [MESSAGE][INFO] - Action delay is set to 0 milliseconds

2023-10-02 16:34:04 - [MESSAGE][PASSED] - Browser is opened with url: ''

2023-10-02 16:34:04 - [TEST_STEP][PASSED] - maximizeWindow(): Current window maximized

2023-10-02 16:34:05 - [MESSAGE][PASSED] - Current window maximized

2023-10-02 16:34:05 - [TEST_STEP][PASSED] - navigateToUrl(RADurl): Navigate to 'https://demo.velocitypayment.com/client/rad/index.html' successfully

2023-10-02 16:34:06 - [MESSAGE][PASSED] - Navigate to 'https://demo.velocitypayment.com/client/rad/index.html' successfully

2023-10-02 16:34:06 - [TEST_STEP][PASSED] - orPath_Landing = "Object Repository/RAD_Pages/Landing_Page": null

2023-10-02 16:34:06 - [TEST_STEP][PASSED] - orPath_TaxTypeFilingYear = "Object Repository/RAD_Pages/TaxTypeFilingYear_Page": null

2023-10-02 16:34:06 - [TEST_STEP][PASSED] - orPath_TaxPayer = "Object Repository/RAD_Pages/Taxpayer_Page": null

2023-10-02 16:34:06 - [TEST_STEP][PASSED] - orPath_AddressContact = "Object Repository/RAD_Pages/AddressAndContactInfo_Page": null

2023-10-02 16:34:06 - [TEST_STEP][PASSED] - orPath_FilingStatus = "Object Repository/RAD_Pages/FilingStatus_Page": null

2023-10-02 16:34:06 - [TEST_STEP][PASSED] - orPath_Amount = "Object Repository/RAD_Pages/PaymentAmount_Page": null

2023-10-02 16:34:06 - [TEST_STEP][PASSED] - orPath_TaxInfo = "Object Repository/RAD_Pages/TaxInfo_Page": null

2023-10-02 16:34:06 - [TEST_STEP][PASSED] - orPath_Withholding = "Object Repository/RAD_Pages/Withholding_Page": null

2023-10-02 16:34:06 - [TEST_STEP][PASSED] - orPath_Summary = "Object Repository/RAD_Pages/Summary_Page": null

2023-10-02 16:34:06 - [TEST_STEP][PASSED] - orPath_PaymentReady = "Object Repository/RAD_Pages/PaymentReady_Page": null

2023-10-02 16:34:06 - [TEST_STEP][PASSED] - orPath_PaymentEntry = "Object Repository/RAD_Pages/PaymentEntry_Page": null

2023-10-02 16:34:06 - [TEST_STEP][PASSED] - orPath_PaymentConfirmation = "Object Repository/RAD_Pages/PaymentConfirmation_Page": null

2023-10-02 16:34:06 - [TEST_STEP][PASSED] - orPath_ServiceFeesAccept = "Object Repository/RAD_Pages/ServiceFeeAccept_Page": null

2023-10-02 16:34:06 - [TEST_STEP][PASSED] - selectOptionByLabel(findTestObject(orPath_Landing + "/dd_TaxType"), Taxtype, false): All options with label 'Existing Liability w/Notice Number' are selected in object 'Object Repository/RAD_Pages/Landing_Page/dd_TaxType' 

2023-10-02 16:34:07 - [MESSAGE][PASSED] - All options with label 'Existing Liability w/Notice Number' are selected in object 'Object Repository/RAD_Pages/Landing_Page/dd_TaxType' 

2023-10-02 16:34:07 - [TEST_STEP][PASSED] - delay(1): Delayed 1 second(s)

2023-10-02 16:34:08 - [MESSAGE][PASSED] - Delayed 1 second(s)

2023-10-02 16:34:08 - [TEST_STEP][PASSED] - selectOptionByLabel(findTestObject(orPath_TaxTypeFilingYear + "/select_TaxType_ExistingLiability"), TaxTypeEL, false): All options with label 'Corporate Income Tax' are selected in object 'Object Repository/RAD_Pages/TaxTypeFilingYear_Page/select_TaxType_ExistingLiability' 

2023-10-02 16:34:08 - [MESSAGE][PASSED] - All options with label 'Corporate Income Tax' are selected in object 'Object Repository/RAD_Pages/TaxTypeFilingYear_Page/select_TaxType_ExistingLiability' 

2023-10-02 16:34:08 - [TEST_STEP][PASSED] - setText(findTestObject(orPath_TaxInfo + "/input_NoticeInvoiceNumber"), notInvNumber): Text '12345678901' is set on object 'Object Repository/RAD_Pages/TaxInfo_Page/input_NoticeInvoiceNumber'

2023-10-02 16:34:09 - [MESSAGE][PASSED] - Text '12345678901' is set on object 'Object Repository/RAD_Pages/TaxInfo_Page/input_NoticeInvoiceNumber'

2023-10-02 16:34:09 - [TEST_STEP][PASSED] - setText(findTestObject(orPath_TaxInfo + "/input_reTypeNoticeInvoiceNumber"), notInvNumber): Text '12345678901' is set on object 'Object Repository/RAD_Pages/TaxInfo_Page/input_reTypeNoticeInvoiceNumber'

2023-10-02 16:34:11 - [MESSAGE][PASSED] - Text '12345678901' is set on object 'Object Repository/RAD_Pages/TaxInfo_Page/input_reTypeNoticeInvoiceNumber'

2023-10-02 16:34:11 - [TEST_STEP][PASSED] - println(notInvNumber): null

2023-10-02 16:34:11 - [TEST_STEP][PASSED] - if (verifyTextPresent(errorMsg, true)): null

2023-10-02 16:34:12 - [MESSAGE][PASSED] - Text 'Invoice number length has to be 10 or 13 numeric characters' is present on page  using regular expression

2023-10-02 16:34:12 - [TEST_STEP][PASSED] - println("Error Message is present on the page"): null

2023-10-02 16:34:12 - [TEST_STEP][PASSED] - out.println("Pass Record Number: " + row): null

2023-10-02 16:34:12 - [TEST_STEP][PASSED] - resText = "Pass": null

2023-10-02 16:34:12 - [TEST_STEP][PASSED] - pages.WriteExcel.demoKey(resText, datText, resColumn, datCloumn, fileLoc, nameSheet, row): pages.WriteExcel.demoKey is PASSED

2023-10-02 16:34:12 - [MESSAGE][PASSED] - pages.WriteExcel.demoKey is PASSED

2023-10-02 16:34:12 - [TEST_STEP][PASSED] - ExecuteTC = findTestData(dataFile).getValue("Execute", row): null

2023-10-02 16:34:12 - [TEST_STEP][PASSED] - Taxtype = findTestData(dataFile).getValue("TaxType", row): null

2023-10-02 16:34:12 - [TEST_STEP][PASSED] - TaxTypeEL = findTestData(dataFile).getValue("TaxTypeEL", row): null

2023-10-02 16:34:12 - [TEST_STEP][PASSED] - notInvNumber = findTestData(dataFile).getValue("NotiInvoNumber", row): null

2023-10-02 16:34:12 - [TEST_STEP][PASSED] - errorMsg = findTestData(dataFile).getValue("ErrorMessage", row): null

2023-10-02 16:34:12 - [TEST_STEP][PASSED] - out.println("Value of Execute is : " + ExecuteTC): null

2023-10-02 16:34:12 - [TEST_STEP][PASSED] - if (ExecuteTC.equalsIgnoreCase("Y")): null

2023-10-02 16:34:12 - [TEST_STEP][PASSED] - out.println("Begin Record Number: " + row): null

2023-10-02 16:34:12 - [TEST_STEP][PASSED] - today = new java.util.Date(): null

2023-10-02 16:34:12 - [TEST_STEP][PASSED] - println(today): null

2023-10-02 16:34:12 - [TEST_STEP][PASSED] - datText = today: null

2023-10-02 16:34:12 - [TEST_STEP][PASSED] - Taxtype = findTestData(dataFile).getValue("TaxType", row): null

2023-10-02 16:34:12 - [TEST_STEP][PASSED] - out.println("Taxtype value is : " + Taxtype): null

2023-10-02 16:34:12 - [TEST_STEP][PASSED] - openBrowser(""): Browser is opened with url: ''

2023-10-02 16:34:12 - [MESSAGE][WARNING] - A browser is already opened. Closing browser and opening a new one

2023-10-02 16:34:13 - [MESSAGE][INFO] - Starting 'Chrome' driver

2023-10-02 16:34:13 - [MESSAGE][INFO] - User set preference: ['acceptInsecureCerts', 'true']

2023-10-02 16:34:13 - [MESSAGE][INFO] - Action delay is set to 0 milliseconds

2023-10-02 16:34:14 - [MESSAGE][PASSED] - Browser is opened with url: ''

2023-10-02 16:34:14 - [TEST_STEP][PASSED] - maximizeWindow(): Current window maximized

2023-10-02 16:34:14 - [MESSAGE][PASSED] - Current window maximized

2023-10-02 16:34:14 - [TEST_STEP][PASSED] - navigateToUrl(RADurl): Navigate to 'https://demo.velocitypayment.com/client/rad/index.html' successfully

2023-10-02 16:34:16 - [MESSAGE][PASSED] - Navigate to 'https://demo.velocitypayment.com/client/rad/index.html' successfully

2023-10-02 16:34:16 - [TEST_STEP][PASSED] - orPath_Landing = "Object Repository/RAD_Pages/Landing_Page": null

2023-10-02 16:34:16 - [TEST_STEP][PASSED] - orPath_TaxTypeFilingYear = "Object Repository/RAD_Pages/TaxTypeFilingYear_Page": null

2023-10-02 16:34:16 - [TEST_STEP][PASSED] - orPath_TaxPayer = "Object Repository/RAD_Pages/Taxpayer_Page": null

2023-10-02 16:34:16 - [TEST_STEP][PASSED] - orPath_AddressContact = "Object Repository/RAD_Pages/AddressAndContactInfo_Page": null

2023-10-02 16:34:16 - [TEST_STEP][PASSED] - orPath_FilingStatus = "Object Repository/RAD_Pages/FilingStatus_Page": null

2023-10-02 16:34:16 - [TEST_STEP][PASSED] - orPath_Amount = "Object Repository/RAD_Pages/PaymentAmount_Page": null

2023-10-02 16:34:16 - [TEST_STEP][PASSED] - orPath_TaxInfo = "Object Repository/RAD_Pages/TaxInfo_Page": null

2023-10-02 16:34:16 - [TEST_STEP][PASSED] - orPath_Withholding = "Object Repository/RAD_Pages/Withholding_Page": null

2023-10-02 16:34:16 - [TEST_STEP][PASSED] - orPath_Summary = "Object Repository/RAD_Pages/Summary_Page": null

2023-10-02 16:34:16 - [TEST_STEP][PASSED] - orPath_PaymentReady = "Object Repository/RAD_Pages/PaymentReady_Page": null

2023-10-02 16:34:16 - [TEST_STEP][PASSED] - orPath_PaymentEntry = "Object Repository/RAD_Pages/PaymentEntry_Page": null

2023-10-02 16:34:16 - [TEST_STEP][PASSED] - orPath_PaymentConfirmation = "Object Repository/RAD_Pages/PaymentConfirmation_Page": null

2023-10-02 16:34:16 - [TEST_STEP][PASSED] - orPath_ServiceFeesAccept = "Object Repository/RAD_Pages/ServiceFeeAccept_Page": null

2023-10-02 16:34:16 - [TEST_STEP][PASSED] - selectOptionByLabel(findTestObject(orPath_Landing + "/dd_TaxType"), Taxtype, false): All options with label 'Existing Liability w/Notice Number' are selected in object 'Object Repository/RAD_Pages/Landing_Page/dd_TaxType' 

2023-10-02 16:34:17 - [MESSAGE][PASSED] - All options with label 'Existing Liability w/Notice Number' are selected in object 'Object Repository/RAD_Pages/Landing_Page/dd_TaxType' 

2023-10-02 16:34:17 - [TEST_STEP][PASSED] - delay(1): Delayed 1 second(s)

2023-10-02 16:34:18 - [MESSAGE][PASSED] - Delayed 1 second(s)

2023-10-02 16:34:18 - [TEST_STEP][PASSED] - selectOptionByLabel(findTestObject(orPath_TaxTypeFilingYear + "/select_TaxType_ExistingLiability"), TaxTypeEL, false): All options with label 'Corporate Income Tax' are selected in object 'Object Repository/RAD_Pages/TaxTypeFilingYear_Page/select_TaxType_ExistingLiability' 

2023-10-02 16:34:18 - [MESSAGE][PASSED] - All options with label 'Corporate Income Tax' are selected in object 'Object Repository/RAD_Pages/TaxTypeFilingYear_Page/select_TaxType_ExistingLiability' 

2023-10-02 16:34:18 - [TEST_STEP][PASSED] - setText(findTestObject(orPath_TaxInfo + "/input_NoticeInvoiceNumber"), notInvNumber): Text '123456789012' is set on object 'Object Repository/RAD_Pages/TaxInfo_Page/input_NoticeInvoiceNumber'

2023-10-02 16:34:20 - [MESSAGE][PASSED] - Text '123456789012' is set on object 'Object Repository/RAD_Pages/TaxInfo_Page/input_NoticeInvoiceNumber'

2023-10-02 16:34:20 - [TEST_STEP][PASSED] - setText(findTestObject(orPath_TaxInfo + "/input_reTypeNoticeInvoiceNumber"), notInvNumber): Text '123456789012' is set on object 'Object Repository/RAD_Pages/TaxInfo_Page/input_reTypeNoticeInvoiceNumber'

2023-10-02 16:34:21 - [MESSAGE][PASSED] - Text '123456789012' is set on object 'Object Repository/RAD_Pages/TaxInfo_Page/input_reTypeNoticeInvoiceNumber'

2023-10-02 16:34:21 - [TEST_STEP][PASSED] - println(notInvNumber): null

2023-10-02 16:34:21 - [TEST_STEP][PASSED] - if (verifyTextPresent(errorMsg, true)): null

2023-10-02 16:34:22 - [MESSAGE][PASSED] - Text 'Invoice number length has to be 10 or 13 numeric characters' is present on page  using regular expression

2023-10-02 16:34:22 - [TEST_STEP][PASSED] - println("Error Message is present on the page"): null

2023-10-02 16:34:22 - [TEST_STEP][PASSED] - out.println("Pass Record Number: " + row): null

2023-10-02 16:34:22 - [TEST_STEP][PASSED] - resText = "Pass": null

2023-10-02 16:34:22 - [TEST_STEP][PASSED] - pages.WriteExcel.demoKey(resText, datText, resColumn, datCloumn, fileLoc, nameSheet, row): pages.WriteExcel.demoKey is PASSED

2023-10-02 16:34:22 - [MESSAGE][PASSED] - pages.WriteExcel.demoKey is PASSED

2023-10-02 16:34:22 - [TEST_STEP][PASSED] - ExecuteTC = findTestData(dataFile).getValue("Execute", row): null

2023-10-02 16:34:22 - [TEST_STEP][PASSED] - Taxtype = findTestData(dataFile).getValue("TaxType", row): null

2023-10-02 16:34:22 - [TEST_STEP][PASSED] - TaxTypeEL = findTestData(dataFile).getValue("TaxTypeEL", row): null

2023-10-02 16:34:22 - [TEST_STEP][PASSED] - notInvNumber = findTestData(dataFile).getValue("NotiInvoNumber", row): null

2023-10-02 16:34:22 - [TEST_STEP][PASSED] - errorMsg = findTestData(dataFile).getValue("ErrorMessage", row): null

2023-10-02 16:34:22 - [TEST_STEP][PASSED] - out.println("Value of Execute is : " + ExecuteTC): null

2023-10-02 16:34:22 - [TEST_STEP][PASSED] - if (ExecuteTC.equalsIgnoreCase("Y")): null

2023-10-02 16:34:22 - [TEST_STEP][PASSED] - out.println("Begin Record Number: " + row): null

2023-10-02 16:34:22 - [TEST_STEP][PASSED] - today = new java.util.Date(): null

2023-10-02 16:34:22 - [TEST_STEP][PASSED] - println(today): null

2023-10-02 16:34:22 - [TEST_STEP][PASSED] - datText = today: null

2023-10-02 16:34:22 - [TEST_STEP][PASSED] - Taxtype = findTestData(dataFile).getValue("TaxType", row): null

2023-10-02 16:34:22 - [TEST_STEP][PASSED] - out.println("Taxtype value is : " + Taxtype): null

2023-10-02 16:34:22 - [TEST_STEP][PASSED] - openBrowser(""): Browser is opened with url: ''

2023-10-02 16:34:22 - [MESSAGE][WARNING] - A browser is already opened. Closing browser and opening a new one

2023-10-02 16:34:23 - [MESSAGE][INFO] - Starting 'Chrome' driver

2023-10-02 16:34:23 - [MESSAGE][INFO] - User set preference: ['acceptInsecureCerts', 'true']

2023-10-02 16:34:23 - [MESSAGE][INFO] - Action delay is set to 0 milliseconds

2023-10-02 16:34:24 - [MESSAGE][PASSED] - Browser is opened with url: ''

2023-10-02 16:34:24 - [TEST_STEP][PASSED] - maximizeWindow(): Current window maximized

2023-10-02 16:34:24 - [MESSAGE][PASSED] - Current window maximized

2023-10-02 16:34:24 - [TEST_STEP][PASSED] - navigateToUrl(RADurl): Navigate to 'https://demo.velocitypayment.com/client/rad/index.html' successfully

2023-10-02 16:34:26 - [MESSAGE][PASSED] - Navigate to 'https://demo.velocitypayment.com/client/rad/index.html' successfully

2023-10-02 16:34:26 - [TEST_STEP][PASSED] - orPath_Landing = "Object Repository/RAD_Pages/Landing_Page": null

2023-10-02 16:34:26 - [TEST_STEP][PASSED] - orPath_TaxTypeFilingYear = "Object Repository/RAD_Pages/TaxTypeFilingYear_Page": null

2023-10-02 16:34:26 - [TEST_STEP][PASSED] - orPath_TaxPayer = "Object Repository/RAD_Pages/Taxpayer_Page": null

2023-10-02 16:34:26 - [TEST_STEP][PASSED] - orPath_AddressContact = "Object Repository/RAD_Pages/AddressAndContactInfo_Page": null

2023-10-02 16:34:26 - [TEST_STEP][PASSED] - orPath_FilingStatus = "Object Repository/RAD_Pages/FilingStatus_Page": null

2023-10-02 16:34:26 - [TEST_STEP][PASSED] - orPath_Amount = "Object Repository/RAD_Pages/PaymentAmount_Page": null

2023-10-02 16:34:26 - [TEST_STEP][PASSED] - orPath_TaxInfo = "Object Repository/RAD_Pages/TaxInfo_Page": null

2023-10-02 16:34:26 - [TEST_STEP][PASSED] - orPath_Withholding = "Object Repository/RAD_Pages/Withholding_Page": null

2023-10-02 16:34:26 - [TEST_STEP][PASSED] - orPath_Summary = "Object Repository/RAD_Pages/Summary_Page": null

2023-10-02 16:34:26 - [TEST_STEP][PASSED] - orPath_PaymentReady = "Object Repository/RAD_Pages/PaymentReady_Page": null

2023-10-02 16:34:26 - [TEST_STEP][PASSED] - orPath_PaymentEntry = "Object Repository/RAD_Pages/PaymentEntry_Page": null

2023-10-02 16:34:26 - [TEST_STEP][PASSED] - orPath_PaymentConfirmation = "Object Repository/RAD_Pages/PaymentConfirmation_Page": null

2023-10-02 16:34:26 - [TEST_STEP][PASSED] - orPath_ServiceFeesAccept = "Object Repository/RAD_Pages/ServiceFeeAccept_Page": null

2023-10-02 16:34:26 - [TEST_STEP][PASSED] - selectOptionByLabel(findTestObject(orPath_Landing + "/dd_TaxType"), Taxtype, false): All options with label 'Existing Liability w/Notice Number' are selected in object 'Object Repository/RAD_Pages/Landing_Page/dd_TaxType' 

2023-10-02 16:34:27 - [MESSAGE][PASSED] - All options with label 'Existing Liability w/Notice Number' are selected in object 'Object Repository/RAD_Pages/Landing_Page/dd_TaxType' 

2023-10-02 16:34:27 - [TEST_STEP][PASSED] - delay(1): Delayed 1 second(s)

2023-10-02 16:34:28 - [MESSAGE][PASSED] - Delayed 1 second(s)

2023-10-02 16:34:28 - [TEST_STEP][PASSED] - selectOptionByLabel(findTestObject(orPath_TaxTypeFilingYear + "/select_TaxType_ExistingLiability"), TaxTypeEL, false): All options with label 'Fiduciary Tax' are selected in object 'Object Repository/RAD_Pages/TaxTypeFilingYear_Page/select_TaxType_ExistingLiability' 

2023-10-02 16:34:28 - [MESSAGE][PASSED] - All options with label 'Fiduciary Tax' are selected in object 'Object Repository/RAD_Pages/TaxTypeFilingYear_Page/select_TaxType_ExistingLiability' 

2023-10-02 16:34:28 - [TEST_STEP][PASSED] - setText(findTestObject(orPath_TaxInfo + "/input_NoticeInvoiceNumber"), notInvNumber): Text '123456789' is set on object 'Object Repository/RAD_Pages/TaxInfo_Page/input_NoticeInvoiceNumber'

2023-10-02 16:34:29 - [MESSAGE][PASSED] - Text '123456789' is set on object 'Object Repository/RAD_Pages/TaxInfo_Page/input_NoticeInvoiceNumber'

2023-10-02 16:34:29 - [TEST_STEP][PASSED] - setText(findTestObject(orPath_TaxInfo + "/input_reTypeNoticeInvoiceNumber"), notInvNumber): Text '123456789' is set on object 'Object Repository/RAD_Pages/TaxInfo_Page/input_reTypeNoticeInvoiceNumber'

2023-10-02 16:34:31 - [MESSAGE][PASSED] - Text '123456789' is set on object 'Object Repository/RAD_Pages/TaxInfo_Page/input_reTypeNoticeInvoiceNumber'

2023-10-02 16:34:31 - [TEST_STEP][PASSED] - println(notInvNumber): null

2023-10-02 16:34:31 - [TEST_STEP][PASSED] - if (verifyTextPresent(errorMsg, true)): null

2023-10-02 16:34:31 - [MESSAGE][PASSED] - Text 'Notice number length has to be 13 numeric characters' is present on page  using regular expression

2023-10-02 16:34:31 - [TEST_STEP][PASSED] - println("Error Message is present on the page"): null

2023-10-02 16:34:31 - [TEST_STEP][PASSED] - out.println("Pass Record Number: " + row): null

2023-10-02 16:34:31 - [TEST_STEP][PASSED] - resText = "Pass": null

2023-10-02 16:34:31 - [TEST_STEP][PASSED] - pages.WriteExcel.demoKey(resText, datText, resColumn, datCloumn, fileLoc, nameSheet, row): pages.WriteExcel.demoKey is PASSED

2023-10-02 16:34:31 - [MESSAGE][PASSED] - pages.WriteExcel.demoKey is PASSED

2023-10-02 16:34:31 - [TEST_STEP][PASSED] - ExecuteTC = findTestData(dataFile).getValue("Execute", row): null

2023-10-02 16:34:32 - [TEST_STEP][PASSED] - Taxtype = findTestData(dataFile).getValue("TaxType", row): null

2023-10-02 16:34:32 - [TEST_STEP][PASSED] - TaxTypeEL = findTestData(dataFile).getValue("TaxTypeEL", row): null

2023-10-02 16:34:32 - [TEST_STEP][PASSED] - notInvNumber = findTestData(dataFile).getValue("NotiInvoNumber", row): null

2023-10-02 16:34:32 - [TEST_STEP][PASSED] - errorMsg = findTestData(dataFile).getValue("ErrorMessage", row): null

2023-10-02 16:34:32 - [TEST_STEP][PASSED] - out.println("Value of Execute is : " + ExecuteTC): null

2023-10-02 16:34:32 - [TEST_STEP][PASSED] - if (ExecuteTC.equalsIgnoreCase("Y")): null

2023-10-02 16:34:32 - [TEST_STEP][PASSED] - out.println("Begin Record Number: " + row): null

2023-10-02 16:34:32 - [TEST_STEP][PASSED] - today = new java.util.Date(): null

2023-10-02 16:34:32 - [TEST_STEP][PASSED] - println(today): null

2023-10-02 16:34:32 - [TEST_STEP][PASSED] - datText = today: null

2023-10-02 16:34:32 - [TEST_STEP][PASSED] - Taxtype = findTestData(dataFile).getValue("TaxType", row): null

2023-10-02 16:34:32 - [TEST_STEP][PASSED] - out.println("Taxtype value is : " + Taxtype): null

2023-10-02 16:34:32 - [TEST_STEP][PASSED] - openBrowser(""): Browser is opened with url: ''

2023-10-02 16:34:32 - [MESSAGE][WARNING] - A browser is already opened. Closing browser and opening a new one

2023-10-02 16:34:33 - [MESSAGE][INFO] - Starting 'Chrome' driver

2023-10-02 16:34:33 - [MESSAGE][INFO] - User set preference: ['acceptInsecureCerts', 'true']

2023-10-02 16:34:33 - [MESSAGE][INFO] - Action delay is set to 0 milliseconds

2023-10-02 16:34:34 - [MESSAGE][PASSED] - Browser is opened with url: ''

2023-10-02 16:34:34 - [TEST_STEP][PASSED] - maximizeWindow(): Current window maximized

2023-10-02 16:34:34 - [MESSAGE][PASSED] - Current window maximized

2023-10-02 16:34:34 - [TEST_STEP][PASSED] - navigateToUrl(RADurl): Navigate to 'https://demo.velocitypayment.com/client/rad/index.html' successfully

2023-10-02 16:34:35 - [MESSAGE][PASSED] - Navigate to 'https://demo.velocitypayment.com/client/rad/index.html' successfully

2023-10-02 16:34:35 - [TEST_STEP][PASSED] - orPath_Landing = "Object Repository/RAD_Pages/Landing_Page": null

2023-10-02 16:34:35 - [TEST_STEP][PASSED] - orPath_TaxTypeFilingYear = "Object Repository/RAD_Pages/TaxTypeFilingYear_Page": null

2023-10-02 16:34:35 - [TEST_STEP][PASSED] - orPath_TaxPayer = "Object Repository/RAD_Pages/Taxpayer_Page": null

2023-10-02 16:34:35 - [TEST_STEP][PASSED] - orPath_AddressContact = "Object Repository/RAD_Pages/AddressAndContactInfo_Page": null

2023-10-02 16:34:35 - [TEST_STEP][PASSED] - orPath_FilingStatus = "Object Repository/RAD_Pages/FilingStatus_Page": null

2023-10-02 16:34:35 - [TEST_STEP][PASSED] - orPath_Amount = "Object Repository/RAD_Pages/PaymentAmount_Page": null

2023-10-02 16:34:35 - [TEST_STEP][PASSED] - orPath_TaxInfo = "Object Repository/RAD_Pages/TaxInfo_Page": null

2023-10-02 16:34:35 - [TEST_STEP][PASSED] - orPath_Withholding = "Object Repository/RAD_Pages/Withholding_Page": null

2023-10-02 16:34:35 - [TEST_STEP][PASSED] - orPath_Summary = "Object Repository/RAD_Pages/Summary_Page": null

2023-10-02 16:34:35 - [TEST_STEP][PASSED] - orPath_PaymentReady = "Object Repository/RAD_Pages/PaymentReady_Page": null

2023-10-02 16:34:35 - [TEST_STEP][PASSED] - orPath_PaymentEntry = "Object Repository/RAD_Pages/PaymentEntry_Page": null

2023-10-02 16:34:35 - [TEST_STEP][PASSED] - orPath_PaymentConfirmation = "Object Repository/RAD_Pages/PaymentConfirmation_Page": null

2023-10-02 16:34:35 - [TEST_STEP][PASSED] - orPath_ServiceFeesAccept = "Object Repository/RAD_Pages/ServiceFeeAccept_Page": null

2023-10-02 16:34:35 - [TEST_STEP][PASSED] - selectOptionByLabel(findTestObject(orPath_Landing + "/dd_TaxType"), Taxtype, false): All options with label 'Existing Liability w/Notice Number' are selected in object 'Object Repository/RAD_Pages/Landing_Page/dd_TaxType' 

2023-10-02 16:34:36 - [MESSAGE][PASSED] - All options with label 'Existing Liability w/Notice Number' are selected in object 'Object Repository/RAD_Pages/Landing_Page/dd_TaxType' 

2023-10-02 16:34:36 - [TEST_STEP][PASSED] - delay(1): Delayed 1 second(s)

2023-10-02 16:34:37 - [MESSAGE][PASSED] - Delayed 1 second(s)

2023-10-02 16:34:37 - [TEST_STEP][PASSED] - selectOptionByLabel(findTestObject(orPath_TaxTypeFilingYear + "/select_TaxType_ExistingLiability"), TaxTypeEL, false): All options with label 'Personal Income Tax' are selected in object 'Object Repository/RAD_Pages/TaxTypeFilingYear_Page/select_TaxType_ExistingLiability' 

2023-10-02 16:34:38 - [MESSAGE][PASSED] - All options with label 'Personal Income Tax' are selected in object 'Object Repository/RAD_Pages/TaxTypeFilingYear_Page/select_TaxType_ExistingLiability' 

2023-10-02 16:34:38 - [TEST_STEP][PASSED] - setText(findTestObject(orPath_TaxInfo + "/input_NoticeInvoiceNumber"), notInvNumber): Text '123456789' is set on object 'Object Repository/RAD_Pages/TaxInfo_Page/input_NoticeInvoiceNumber'

2023-10-02 16:34:39 - [MESSAGE][PASSED] - Text '123456789' is set on object 'Object Repository/RAD_Pages/TaxInfo_Page/input_NoticeInvoiceNumber'

2023-10-02 16:34:39 - [TEST_STEP][PASSED] - setText(findTestObject(orPath_TaxInfo + "/input_reTypeNoticeInvoiceNumber"), notInvNumber): Text '123456789' is set on object 'Object Repository/RAD_Pages/TaxInfo_Page/input_reTypeNoticeInvoiceNumber'

2023-10-02 16:34:41 - [MESSAGE][PASSED] - Text '123456789' is set on object 'Object Repository/RAD_Pages/TaxInfo_Page/input_reTypeNoticeInvoiceNumber'

2023-10-02 16:34:41 - [TEST_STEP][PASSED] - println(notInvNumber): null

2023-10-02 16:34:41 - [TEST_STEP][PASSED] - if (verifyTextPresent(errorMsg, true)): null

2023-10-02 16:34:41 - [MESSAGE][PASSED] - Text 'Notice number length has to be 13 numeric characters' is present on page  using regular expression

2023-10-02 16:34:41 - [TEST_STEP][PASSED] - println("Error Message is present on the page"): null

2023-10-02 16:34:41 - [TEST_STEP][PASSED] - out.println("Pass Record Number: " + row): null

2023-10-02 16:34:41 - [TEST_STEP][PASSED] - resText = "Pass": null

2023-10-02 16:34:41 - [TEST_STEP][PASSED] - pages.WriteExcel.demoKey(resText, datText, resColumn, datCloumn, fileLoc, nameSheet, row): pages.WriteExcel.demoKey is PASSED

2023-10-02 16:34:41 - [MESSAGE][PASSED] - pages.WriteExcel.demoKey is PASSED

2023-10-02 16:34:41 - [TEST_STEP][PASSED] - ExecuteTC = findTestData(dataFile).getValue("Execute", row): null

2023-10-02 16:34:41 - [TEST_STEP][PASSED] - Taxtype = findTestData(dataFile).getValue("TaxType", row): null

2023-10-02 16:34:41 - [TEST_STEP][PASSED] - TaxTypeEL = findTestData(dataFile).getValue("TaxTypeEL", row): null

2023-10-02 16:34:41 - [TEST_STEP][PASSED] - notInvNumber = findTestData(dataFile).getValue("NotiInvoNumber", row): null

2023-10-02 16:34:41 - [TEST_STEP][PASSED] - errorMsg = findTestData(dataFile).getValue("ErrorMessage", row): null

2023-10-02 16:34:41 - [TEST_STEP][PASSED] - out.println("Value of Execute is : " + ExecuteTC): null

2023-10-02 16:34:41 - [TEST_STEP][PASSED] - if (ExecuteTC.equalsIgnoreCase("Y")): null

2023-10-02 16:34:41 - [TEST_STEP][PASSED] - out.println("Begin Record Number: " + row): null

2023-10-02 16:34:41 - [TEST_STEP][PASSED] - today = new java.util.Date(): null

2023-10-02 16:34:41 - [TEST_STEP][PASSED] - println(today): null

2023-10-02 16:34:41 - [TEST_STEP][PASSED] - datText = today: null

2023-10-02 16:34:41 - [TEST_STEP][PASSED] - Taxtype = findTestData(dataFile).getValue("TaxType", row): null

2023-10-02 16:34:41 - [TEST_STEP][PASSED] - out.println("Taxtype value is : " + Taxtype): null

2023-10-02 16:34:41 - [TEST_STEP][PASSED] - openBrowser(""): Browser is opened with url: ''

2023-10-02 16:34:41 - [MESSAGE][WARNING] - A browser is already opened. Closing browser and opening a new one

2023-10-02 16:34:42 - [MESSAGE][INFO] - Starting 'Chrome' driver

2023-10-02 16:34:42 - [MESSAGE][INFO] - User set preference: ['acceptInsecureCerts', 'true']

2023-10-02 16:34:42 - [MESSAGE][INFO] - Action delay is set to 0 milliseconds

2023-10-02 16:34:44 - [MESSAGE][PASSED] - Browser is opened with url: ''

2023-10-02 16:34:44 - [TEST_STEP][PASSED] - maximizeWindow(): Current window maximized

2023-10-02 16:34:44 - [MESSAGE][PASSED] - Current window maximized

2023-10-02 16:34:44 - [TEST_STEP][PASSED] - navigateToUrl(RADurl): Navigate to 'https://demo.velocitypayment.com/client/rad/index.html' successfully

2023-10-02 16:34:45 - [MESSAGE][PASSED] - Navigate to 'https://demo.velocitypayment.com/client/rad/index.html' successfully

2023-10-02 16:34:45 - [TEST_STEP][PASSED] - orPath_Landing = "Object Repository/RAD_Pages/Landing_Page": null

2023-10-02 16:34:45 - [TEST_STEP][PASSED] - orPath_TaxTypeFilingYear = "Object Repository/RAD_Pages/TaxTypeFilingYear_Page": null

2023-10-02 16:34:45 - [TEST_STEP][PASSED] - orPath_TaxPayer = "Object Repository/RAD_Pages/Taxpayer_Page": null

2023-10-02 16:34:45 - [TEST_STEP][PASSED] - orPath_AddressContact = "Object Repository/RAD_Pages/AddressAndContactInfo_Page": null

2023-10-02 16:34:45 - [TEST_STEP][PASSED] - orPath_FilingStatus = "Object Repository/RAD_Pages/FilingStatus_Page": null

2023-10-02 16:34:45 - [TEST_STEP][PASSED] - orPath_Amount = "Object Repository/RAD_Pages/PaymentAmount_Page": null

2023-10-02 16:34:45 - [TEST_STEP][PASSED] - orPath_TaxInfo = "Object Repository/RAD_Pages/TaxInfo_Page": null

2023-10-02 16:34:45 - [TEST_STEP][PASSED] - orPath_Withholding = "Object Repository/RAD_Pages/Withholding_Page": null

2023-10-02 16:34:45 - [TEST_STEP][PASSED] - orPath_Summary = "Object Repository/RAD_Pages/Summary_Page": null

2023-10-02 16:34:45 - [TEST_STEP][PASSED] - orPath_PaymentReady = "Object Repository/RAD_Pages/PaymentReady_Page": null

2023-10-02 16:34:45 - [TEST_STEP][PASSED] - orPath_PaymentEntry = "Object Repository/RAD_Pages/PaymentEntry_Page": null

2023-10-02 16:34:45 - [TEST_STEP][PASSED] - orPath_PaymentConfirmation = "Object Repository/RAD_Pages/PaymentConfirmation_Page": null

2023-10-02 16:34:45 - [TEST_STEP][PASSED] - orPath_ServiceFeesAccept = "Object Repository/RAD_Pages/ServiceFeeAccept_Page": null

2023-10-02 16:34:45 - [TEST_STEP][PASSED] - selectOptionByLabel(findTestObject(orPath_Landing + "/dd_TaxType"), Taxtype, false): All options with label 'Existing Liability w/Notice Number' are selected in object 'Object Repository/RAD_Pages/Landing_Page/dd_TaxType' 

2023-10-02 16:34:46 - [MESSAGE][PASSED] - All options with label 'Existing Liability w/Notice Number' are selected in object 'Object Repository/RAD_Pages/Landing_Page/dd_TaxType' 

2023-10-02 16:34:46 - [TEST_STEP][PASSED] - delay(1): Delayed 1 second(s)

2023-10-02 16:34:47 - [MESSAGE][PASSED] - Delayed 1 second(s)

2023-10-02 16:34:47 - [TEST_STEP][PASSED] - selectOptionByLabel(findTestObject(orPath_TaxTypeFilingYear + "/select_TaxType_ExistingLiability"), TaxTypeEL, false): All options with label 'PTE Non-Electing Non-S Corp' are selected in object 'Object Repository/RAD_Pages/TaxTypeFilingYear_Page/select_TaxType_ExistingLiability' 

2023-10-02 16:34:48 - [MESSAGE][PASSED] - All options with label 'PTE Non-Electing Non-S Corp' are selected in object 'Object Repository/RAD_Pages/TaxTypeFilingYear_Page/select_TaxType_ExistingLiability' 

2023-10-02 16:34:48 - [TEST_STEP][PASSED] - setText(findTestObject(orPath_TaxInfo + "/input_NoticeInvoiceNumber"), notInvNumber): Text '123456789' is set on object 'Object Repository/RAD_Pages/TaxInfo_Page/input_NoticeInvoiceNumber'

2023-10-02 16:34:49 - [MESSAGE][PASSED] - Text '123456789' is set on object 'Object Repository/RAD_Pages/TaxInfo_Page/input_NoticeInvoiceNumber'

2023-10-02 16:34:49 - [TEST_STEP][PASSED] - setText(findTestObject(orPath_TaxInfo + "/input_reTypeNoticeInvoiceNumber"), notInvNumber): Text '123456789' is set on object 'Object Repository/RAD_Pages/TaxInfo_Page/input_reTypeNoticeInvoiceNumber'

2023-10-02 16:34:50 - [MESSAGE][PASSED] - Text '123456789' is set on object 'Object Repository/RAD_Pages/TaxInfo_Page/input_reTypeNoticeInvoiceNumber'

2023-10-02 16:34:50 - [TEST_STEP][PASSED] - println(notInvNumber): null

2023-10-02 16:34:50 - [TEST_STEP][PASSED] - if (verifyTextPresent(errorMsg, true)): null

2023-10-02 16:34:51 - [MESSAGE][PASSED] - Text 'Notice number length has to be 13 numeric characters' is present on page  using regular expression

2023-10-02 16:34:51 - [TEST_STEP][PASSED] - println("Error Message is present on the page"): null

2023-10-02 16:34:51 - [TEST_STEP][PASSED] - out.println("Pass Record Number: " + row): null

2023-10-02 16:34:51 - [TEST_STEP][PASSED] - resText = "Pass": null

2023-10-02 16:34:51 - [TEST_STEP][PASSED] - pages.WriteExcel.demoKey(resText, datText, resColumn, datCloumn, fileLoc, nameSheet, row): pages.WriteExcel.demoKey is PASSED

2023-10-02 16:34:51 - [MESSAGE][PASSED] - pages.WriteExcel.demoKey is PASSED

2023-10-02 16:34:51 - [TEST_STEP][PASSED] - ExecuteTC = findTestData(dataFile).getValue("Execute", row): null

2023-10-02 16:34:51 - [TEST_STEP][PASSED] - Taxtype = findTestData(dataFile).getValue("TaxType", row): null

2023-10-02 16:34:51 - [TEST_STEP][PASSED] - TaxTypeEL = findTestData(dataFile).getValue("TaxTypeEL", row): null

2023-10-02 16:34:51 - [TEST_STEP][PASSED] - notInvNumber = findTestData(dataFile).getValue("NotiInvoNumber", row): null

2023-10-02 16:34:51 - [TEST_STEP][PASSED] - errorMsg = findTestData(dataFile).getValue("ErrorMessage", row): null

2023-10-02 16:34:51 - [TEST_STEP][PASSED] - out.println("Value of Execute is : " + ExecuteTC): null

2023-10-02 16:34:51 - [TEST_STEP][PASSED] - if (ExecuteTC.equalsIgnoreCase("Y")): null

2023-10-02 16:34:51 - [TEST_STEP][PASSED] - out.println("Begin Record Number: " + row): null

2023-10-02 16:34:51 - [TEST_STEP][PASSED] - today = new java.util.Date(): null

2023-10-02 16:34:51 - [TEST_STEP][PASSED] - println(today): null

2023-10-02 16:34:51 - [TEST_STEP][PASSED] - datText = today: null

2023-10-02 16:34:51 - [TEST_STEP][PASSED] - Taxtype = findTestData(dataFile).getValue("TaxType", row): null

2023-10-02 16:34:51 - [TEST_STEP][PASSED] - out.println("Taxtype value is : " + Taxtype): null

2023-10-02 16:34:51 - [TEST_STEP][PASSED] - openBrowser(""): Browser is opened with url: ''

2023-10-02 16:34:51 - [MESSAGE][WARNING] - A browser is already opened. Closing browser and opening a new one

2023-10-02 16:34:52 - [MESSAGE][INFO] - Starting 'Chrome' driver

2023-10-02 16:34:52 - [MESSAGE][INFO] - User set preference: ['acceptInsecureCerts', 'true']

2023-10-02 16:34:52 - [MESSAGE][INFO] - Action delay is set to 0 milliseconds

2023-10-02 16:34:53 - [MESSAGE][PASSED] - Browser is opened with url: ''

2023-10-02 16:34:53 - [TEST_STEP][PASSED] - maximizeWindow(): Current window maximized

2023-10-02 16:34:53 - [MESSAGE][PASSED] - Current window maximized

2023-10-02 16:34:53 - [TEST_STEP][PASSED] - navigateToUrl(RADurl): Navigate to 'https://demo.velocitypayment.com/client/rad/index.html' successfully

2023-10-02 16:34:55 - [MESSAGE][PASSED] - Navigate to 'https://demo.velocitypayment.com/client/rad/index.html' successfully

2023-10-02 16:34:55 - [TEST_STEP][PASSED] - orPath_Landing = "Object Repository/RAD_Pages/Landing_Page": null

2023-10-02 16:34:55 - [TEST_STEP][PASSED] - orPath_TaxTypeFilingYear = "Object Repository/RAD_Pages/TaxTypeFilingYear_Page": null

2023-10-02 16:34:55 - [TEST_STEP][PASSED] - orPath_TaxPayer = "Object Repository/RAD_Pages/Taxpayer_Page": null

2023-10-02 16:34:55 - [TEST_STEP][PASSED] - orPath_AddressContact = "Object Repository/RAD_Pages/AddressAndContactInfo_Page": null

2023-10-02 16:34:55 - [TEST_STEP][PASSED] - orPath_FilingStatus = "Object Repository/RAD_Pages/FilingStatus_Page": null

2023-10-02 16:34:55 - [TEST_STEP][PASSED] - orPath_Amount = "Object Repository/RAD_Pages/PaymentAmount_Page": null

2023-10-02 16:34:55 - [TEST_STEP][PASSED] - orPath_TaxInfo = "Object Repository/RAD_Pages/TaxInfo_Page": null

2023-10-02 16:34:55 - [TEST_STEP][PASSED] - orPath_Withholding = "Object Repository/RAD_Pages/Withholding_Page": null

2023-10-02 16:34:55 - [TEST_STEP][PASSED] - orPath_Summary = "Object Repository/RAD_Pages/Summary_Page": null

2023-10-02 16:34:55 - [TEST_STEP][PASSED] - orPath_PaymentReady = "Object Repository/RAD_Pages/PaymentReady_Page": null

2023-10-02 16:34:55 - [TEST_STEP][PASSED] - orPath_PaymentEntry = "Object Repository/RAD_Pages/PaymentEntry_Page": null

2023-10-02 16:34:55 - [TEST_STEP][PASSED] - orPath_PaymentConfirmation = "Object Repository/RAD_Pages/PaymentConfirmation_Page": null

2023-10-02 16:34:55 - [TEST_STEP][PASSED] - orPath_ServiceFeesAccept = "Object Repository/RAD_Pages/ServiceFeeAccept_Page": null

2023-10-02 16:34:55 - [TEST_STEP][PASSED] - selectOptionByLabel(findTestObject(orPath_Landing + "/dd_TaxType"), Taxtype, false): All options with label 'Existing Liability w/Notice Number' are selected in object 'Object Repository/RAD_Pages/Landing_Page/dd_TaxType' 

2023-10-02 16:34:56 - [MESSAGE][PASSED] - All options with label 'Existing Liability w/Notice Number' are selected in object 'Object Repository/RAD_Pages/Landing_Page/dd_TaxType' 

2023-10-02 16:34:56 - [TEST_STEP][PASSED] - delay(1): Delayed 1 second(s)

2023-10-02 16:34:57 - [MESSAGE][PASSED] - Delayed 1 second(s)

2023-10-02 16:34:57 - [TEST_STEP][PASSED] - selectOptionByLabel(findTestObject(orPath_TaxTypeFilingYear + "/select_TaxType_ExistingLiability"), TaxTypeEL, false): All options with label 'PTE Non-Electing S Corp' are selected in object 'Object Repository/RAD_Pages/TaxTypeFilingYear_Page/select_TaxType_ExistingLiability' 

2023-10-02 16:34:57 - [MESSAGE][PASSED] - All options with label 'PTE Non-Electing S Corp' are selected in object 'Object Repository/RAD_Pages/TaxTypeFilingYear_Page/select_TaxType_ExistingLiability' 

2023-10-02 16:34:57 - [TEST_STEP][PASSED] - setText(findTestObject(orPath_TaxInfo + "/input_NoticeInvoiceNumber"), notInvNumber): Text '123456789' is set on object 'Object Repository/RAD_Pages/TaxInfo_Page/input_NoticeInvoiceNumber'

2023-10-02 16:34:58 - [MESSAGE][PASSED] - Text '123456789' is set on object 'Object Repository/RAD_Pages/TaxInfo_Page/input_NoticeInvoiceNumber'

2023-10-02 16:34:58 - [TEST_STEP][PASSED] - setText(findTestObject(orPath_TaxInfo + "/input_reTypeNoticeInvoiceNumber"), notInvNumber): Text '123456789' is set on object 'Object Repository/RAD_Pages/TaxInfo_Page/input_reTypeNoticeInvoiceNumber'

2023-10-02 16:35:00 - [MESSAGE][PASSED] - Text '123456789' is set on object 'Object Repository/RAD_Pages/TaxInfo_Page/input_reTypeNoticeInvoiceNumber'

2023-10-02 16:35:00 - [TEST_STEP][PASSED] - println(notInvNumber): null

2023-10-02 16:35:00 - [TEST_STEP][PASSED] - if (verifyTextPresent(errorMsg, true)): null

2023-10-02 16:35:01 - [MESSAGE][PASSED] - Text 'Notice number length has to be 13 numeric characters' is present on page  using regular expression

2023-10-02 16:35:01 - [TEST_STEP][PASSED] - println("Error Message is present on the page"): null

2023-10-02 16:35:01 - [TEST_STEP][PASSED] - out.println("Pass Record Number: " + row): null

2023-10-02 16:35:01 - [TEST_STEP][PASSED] - resText = "Pass": null

2023-10-02 16:35:01 - [TEST_STEP][PASSED] - pages.WriteExcel.demoKey(resText, datText, resColumn, datCloumn, fileLoc, nameSheet, row): pages.WriteExcel.demoKey is PASSED

2023-10-02 16:35:01 - [MESSAGE][PASSED] - pages.WriteExcel.demoKey is PASSED

2023-10-02 16:35:01 - [TEST_STEP][PASSED] - ExecuteTC = findTestData(dataFile).getValue("Execute", row): null

2023-10-02 16:35:01 - [TEST_STEP][PASSED] - Taxtype = findTestData(dataFile).getValue("TaxType", row): null

2023-10-02 16:35:01 - [TEST_STEP][PASSED] - TaxTypeEL = findTestData(dataFile).getValue("TaxTypeEL", row): null

2023-10-02 16:35:01 - [TEST_STEP][PASSED] - notInvNumber = findTestData(dataFile).getValue("NotiInvoNumber", row): null

2023-10-02 16:35:01 - [TEST_STEP][PASSED] - errorMsg = findTestData(dataFile).getValue("ErrorMessage", row): null

2023-10-02 16:35:01 - [TEST_STEP][PASSED] - out.println("Value of Execute is : " + ExecuteTC): null

2023-10-02 16:35:01 - [TEST_STEP][PASSED] - if (ExecuteTC.equalsIgnoreCase("Y")): null

2023-10-02 16:35:01 - [TEST_STEP][PASSED] - out.println("Begin Record Number: " + row): null

2023-10-02 16:35:01 - [TEST_STEP][PASSED] - today = new java.util.Date(): null

2023-10-02 16:35:01 - [TEST_STEP][PASSED] - println(today): null

2023-10-02 16:35:01 - [TEST_STEP][PASSED] - datText = today: null

2023-10-02 16:35:01 - [TEST_STEP][PASSED] - Taxtype = findTestData(dataFile).getValue("TaxType", row): null

2023-10-02 16:35:01 - [TEST_STEP][PASSED] - out.println("Taxtype value is : " + Taxtype): null

2023-10-02 16:35:01 - [TEST_STEP][PASSED] - openBrowser(""): Browser is opened with url: ''

2023-10-02 16:35:01 - [MESSAGE][WARNING] - A browser is already opened. Closing browser and opening a new one

2023-10-02 16:35:02 - [MESSAGE][INFO] - Starting 'Chrome' driver

2023-10-02 16:35:02 - [MESSAGE][INFO] - User set preference: ['acceptInsecureCerts', 'true']

2023-10-02 16:35:02 - [MESSAGE][INFO] - Action delay is set to 0 milliseconds

2023-10-02 16:35:03 - [MESSAGE][PASSED] - Browser is opened with url: ''

2023-10-02 16:35:03 - [TEST_STEP][PASSED] - maximizeWindow(): Current window maximized

2023-10-02 16:35:03 - [MESSAGE][PASSED] - Current window maximized

2023-10-02 16:35:03 - [TEST_STEP][PASSED] - navigateToUrl(RADurl): Navigate to 'https://demo.velocitypayment.com/client/rad/index.html' successfully

2023-10-02 16:35:05 - [MESSAGE][PASSED] - Navigate to 'https://demo.velocitypayment.com/client/rad/index.html' successfully

2023-10-02 16:35:05 - [TEST_STEP][PASSED] - orPath_Landing = "Object Repository/RAD_Pages/Landing_Page": null

2023-10-02 16:35:05 - [TEST_STEP][PASSED] - orPath_TaxTypeFilingYear = "Object Repository/RAD_Pages/TaxTypeFilingYear_Page": null

2023-10-02 16:35:05 - [TEST_STEP][PASSED] - orPath_TaxPayer = "Object Repository/RAD_Pages/Taxpayer_Page": null

2023-10-02 16:35:05 - [TEST_STEP][PASSED] - orPath_AddressContact = "Object Repository/RAD_Pages/AddressAndContactInfo_Page": null

2023-10-02 16:35:05 - [TEST_STEP][PASSED] - orPath_FilingStatus = "Object Repository/RAD_Pages/FilingStatus_Page": null

2023-10-02 16:35:05 - [TEST_STEP][PASSED] - orPath_Amount = "Object Repository/RAD_Pages/PaymentAmount_Page": null

2023-10-02 16:35:05 - [TEST_STEP][PASSED] - orPath_TaxInfo = "Object Repository/RAD_Pages/TaxInfo_Page": null

2023-10-02 16:35:05 - [TEST_STEP][PASSED] - orPath_Withholding = "Object Repository/RAD_Pages/Withholding_Page": null

2023-10-02 16:35:05 - [TEST_STEP][PASSED] - orPath_Summary = "Object Repository/RAD_Pages/Summary_Page": null

2023-10-02 16:35:05 - [TEST_STEP][PASSED] - orPath_PaymentReady = "Object Repository/RAD_Pages/PaymentReady_Page": null

2023-10-02 16:35:05 - [TEST_STEP][PASSED] - orPath_PaymentEntry = "Object Repository/RAD_Pages/PaymentEntry_Page": null

2023-10-02 16:35:05 - [TEST_STEP][PASSED] - orPath_PaymentConfirmation = "Object Repository/RAD_Pages/PaymentConfirmation_Page": null

2023-10-02 16:35:05 - [TEST_STEP][PASSED] - orPath_ServiceFeesAccept = "Object Repository/RAD_Pages/ServiceFeeAccept_Page": null

2023-10-02 16:35:05 - [TEST_STEP][PASSED] - selectOptionByLabel(findTestObject(orPath_Landing + "/dd_TaxType"), Taxtype, false): All options with label 'Existing Liability w/Notice Number' are selected in object 'Object Repository/RAD_Pages/Landing_Page/dd_TaxType' 

2023-10-02 16:35:06 - [MESSAGE][PASSED] - All options with label 'Existing Liability w/Notice Number' are selected in object 'Object Repository/RAD_Pages/Landing_Page/dd_TaxType' 

2023-10-02 16:35:06 - [TEST_STEP][PASSED] - delay(1): Delayed 1 second(s)

2023-10-02 16:35:07 - [MESSAGE][PASSED] - Delayed 1 second(s)

2023-10-02 16:35:07 - [TEST_STEP][PASSED] - selectOptionByLabel(findTestObject(orPath_TaxTypeFilingYear + "/select_TaxType_ExistingLiability"), TaxTypeEL, false): All options with label 'Sales & Use Tax' are selected in object 'Object Repository/RAD_Pages/TaxTypeFilingYear_Page/select_TaxType_ExistingLiability' 

2023-10-02 16:35:07 - [MESSAGE][PASSED] - All options with label 'Sales & Use Tax' are selected in object 'Object Repository/RAD_Pages/TaxTypeFilingYear_Page/select_TaxType_ExistingLiability' 

2023-10-02 16:35:07 - [TEST_STEP][PASSED] - setText(findTestObject(orPath_TaxInfo + "/input_NoticeInvoiceNumber"), notInvNumber): Text '123456789' is set on object 'Object Repository/RAD_Pages/TaxInfo_Page/input_NoticeInvoiceNumber'

2023-10-02 16:35:08 - [MESSAGE][PASSED] - Text '123456789' is set on object 'Object Repository/RAD_Pages/TaxInfo_Page/input_NoticeInvoiceNumber'

2023-10-02 16:35:08 - [TEST_STEP][PASSED] - setText(findTestObject(orPath_TaxInfo + "/input_reTypeNoticeInvoiceNumber"), notInvNumber): Text '123456789' is set on object 'Object Repository/RAD_Pages/TaxInfo_Page/input_reTypeNoticeInvoiceNumber'

2023-10-02 16:35:10 - [MESSAGE][PASSED] - Text '123456789' is set on object 'Object Repository/RAD_Pages/TaxInfo_Page/input_reTypeNoticeInvoiceNumber'

2023-10-02 16:35:10 - [TEST_STEP][PASSED] - println(notInvNumber): null

2023-10-02 16:35:10 - [TEST_STEP][PASSED] - if (verifyTextPresent(errorMsg, true)): null

2023-10-02 16:35:10 - [MESSAGE][PASSED] - Text 'Notice number length has to be 13 numeric characters' is present on page  using regular expression

2023-10-02 16:35:10 - [TEST_STEP][PASSED] - println("Error Message is present on the page"): null

2023-10-02 16:35:10 - [TEST_STEP][PASSED] - out.println("Pass Record Number: " + row): null

2023-10-02 16:35:10 - [TEST_STEP][PASSED] - resText = "Pass": null

2023-10-02 16:35:10 - [TEST_STEP][PASSED] - pages.WriteExcel.demoKey(resText, datText, resColumn, datCloumn, fileLoc, nameSheet, row): pages.WriteExcel.demoKey is PASSED

2023-10-02 16:35:10 - [MESSAGE][PASSED] - pages.WriteExcel.demoKey is PASSED

2023-10-02 16:35:10 - [TEST_STEP][PASSED] - ExecuteTC = findTestData(dataFile).getValue("Execute", row): null

2023-10-02 16:35:10 - [TEST_STEP][PASSED] - Taxtype = findTestData(dataFile).getValue("TaxType", row): null

2023-10-02 16:35:11 - [TEST_STEP][PASSED] - TaxTypeEL = findTestData(dataFile).getValue("TaxTypeEL", row): null

2023-10-02 16:35:11 - [TEST_STEP][PASSED] - notInvNumber = findTestData(dataFile).getValue("NotiInvoNumber", row): null

2023-10-02 16:35:11 - [TEST_STEP][PASSED] - errorMsg = findTestData(dataFile).getValue("ErrorMessage", row): null

2023-10-02 16:35:11 - [TEST_STEP][PASSED] - out.println("Value of Execute is : " + ExecuteTC): null

2023-10-02 16:35:11 - [TEST_STEP][PASSED] - if (ExecuteTC.equalsIgnoreCase("Y")): null

2023-10-02 16:35:11 - [TEST_STEP][PASSED] - out.println("Begin Record Number: " + row): null

2023-10-02 16:35:11 - [TEST_STEP][PASSED] - today = new java.util.Date(): null

2023-10-02 16:35:11 - [TEST_STEP][PASSED] - println(today): null

2023-10-02 16:35:11 - [TEST_STEP][PASSED] - datText = today: null

2023-10-02 16:35:11 - [TEST_STEP][PASSED] - Taxtype = findTestData(dataFile).getValue("TaxType", row): null

2023-10-02 16:35:11 - [TEST_STEP][PASSED] - out.println("Taxtype value is : " + Taxtype): null

2023-10-02 16:35:11 - [TEST_STEP][PASSED] - openBrowser(""): Browser is opened with url: ''

2023-10-02 16:35:11 - [MESSAGE][WARNING] - A browser is already opened. Closing browser and opening a new one

2023-10-02 16:35:11 - [MESSAGE][INFO] - Starting 'Chrome' driver

2023-10-02 16:35:11 - [MESSAGE][INFO] - User set preference: ['acceptInsecureCerts', 'true']

2023-10-02 16:35:11 - [MESSAGE][INFO] - Action delay is set to 0 milliseconds

2023-10-02 16:35:13 - [MESSAGE][PASSED] - Browser is opened with url: ''

2023-10-02 16:35:13 - [TEST_STEP][PASSED] - maximizeWindow(): Current window maximized

2023-10-02 16:35:13 - [MESSAGE][PASSED] - Current window maximized

2023-10-02 16:35:13 - [TEST_STEP][PASSED] - navigateToUrl(RADurl): Navigate to 'https://demo.velocitypayment.com/client/rad/index.html' successfully

2023-10-02 16:35:14 - [MESSAGE][PASSED] - Navigate to 'https://demo.velocitypayment.com/client/rad/index.html' successfully

2023-10-02 16:35:14 - [TEST_STEP][PASSED] - orPath_Landing = "Object Repository/RAD_Pages/Landing_Page": null

2023-10-02 16:35:14 - [TEST_STEP][PASSED] - orPath_TaxTypeFilingYear = "Object Repository/RAD_Pages/TaxTypeFilingYear_Page": null

2023-10-02 16:35:14 - [TEST_STEP][PASSED] - orPath_TaxPayer = "Object Repository/RAD_Pages/Taxpayer_Page": null

2023-10-02 16:35:14 - [TEST_STEP][PASSED] - orPath_AddressContact = "Object Repository/RAD_Pages/AddressAndContactInfo_Page": null

2023-10-02 16:35:14 - [TEST_STEP][PASSED] - orPath_FilingStatus = "Object Repository/RAD_Pages/FilingStatus_Page": null

2023-10-02 16:35:14 - [TEST_STEP][PASSED] - orPath_Amount = "Object Repository/RAD_Pages/PaymentAmount_Page": null

2023-10-02 16:35:14 - [TEST_STEP][PASSED] - orPath_TaxInfo = "Object Repository/RAD_Pages/TaxInfo_Page": null

2023-10-02 16:35:14 - [TEST_STEP][PASSED] - orPath_Withholding = "Object Repository/RAD_Pages/Withholding_Page": null

2023-10-02 16:35:14 - [TEST_STEP][PASSED] - orPath_Summary = "Object Repository/RAD_Pages/Summary_Page": null

2023-10-02 16:35:14 - [TEST_STEP][PASSED] - orPath_PaymentReady = "Object Repository/RAD_Pages/PaymentReady_Page": null

2023-10-02 16:35:14 - [TEST_STEP][PASSED] - orPath_PaymentEntry = "Object Repository/RAD_Pages/PaymentEntry_Page": null

2023-10-02 16:35:14 - [TEST_STEP][PASSED] - orPath_PaymentConfirmation = "Object Repository/RAD_Pages/PaymentConfirmation_Page": null

2023-10-02 16:35:14 - [TEST_STEP][PASSED] - orPath_ServiceFeesAccept = "Object Repository/RAD_Pages/ServiceFeeAccept_Page": null

2023-10-02 16:35:14 - [TEST_STEP][PASSED] - selectOptionByLabel(findTestObject(orPath_Landing + "/dd_TaxType"), Taxtype, false): All options with label 'Existing Liability w/Notice Number' are selected in object 'Object Repository/RAD_Pages/Landing_Page/dd_TaxType' 

2023-10-02 16:35:15 - [MESSAGE][PASSED] - All options with label 'Existing Liability w/Notice Number' are selected in object 'Object Repository/RAD_Pages/Landing_Page/dd_TaxType' 

2023-10-02 16:35:15 - [TEST_STEP][PASSED] - delay(1): Delayed 1 second(s)

2023-10-02 16:35:16 - [MESSAGE][PASSED] - Delayed 1 second(s)

2023-10-02 16:35:16 - [TEST_STEP][PASSED] - selectOptionByLabel(findTestObject(orPath_TaxTypeFilingYear + "/select_TaxType_ExistingLiability"), TaxTypeEL, false): All options with label 'Tire Recycling Fee' are selected in object 'Object Repository/RAD_Pages/TaxTypeFilingYear_Page/select_TaxType_ExistingLiability' 

2023-10-02 16:35:17 - [MESSAGE][PASSED] - All options with label 'Tire Recycling Fee' are selected in object 'Object Repository/RAD_Pages/TaxTypeFilingYear_Page/select_TaxType_ExistingLiability' 

2023-10-02 16:35:17 - [TEST_STEP][PASSED] - setText(findTestObject(orPath_TaxInfo + "/input_NoticeInvoiceNumber"), notInvNumber): Text '123456789' is set on object 'Object Repository/RAD_Pages/TaxInfo_Page/input_NoticeInvoiceNumber'

2023-10-02 16:35:18 - [MESSAGE][PASSED] - Text '123456789' is set on object 'Object Repository/RAD_Pages/TaxInfo_Page/input_NoticeInvoiceNumber'

2023-10-02 16:35:18 - [TEST_STEP][PASSED] - setText(findTestObject(orPath_TaxInfo + "/input_reTypeNoticeInvoiceNumber"), notInvNumber): Text '123456789' is set on object 'Object Repository/RAD_Pages/TaxInfo_Page/input_reTypeNoticeInvoiceNumber'

2023-10-02 16:35:20 - [MESSAGE][PASSED] - Text '123456789' is set on object 'Object Repository/RAD_Pages/TaxInfo_Page/input_reTypeNoticeInvoiceNumber'

2023-10-02 16:35:20 - [TEST_STEP][PASSED] - println(notInvNumber): null

2023-10-02 16:35:20 - [TEST_STEP][PASSED] - if (verifyTextPresent(errorMsg, true)): null

2023-10-02 16:35:20 - [MESSAGE][PASSED] - Text 'Notice number length has to be 13 numeric characters' is present on page  using regular expression

2023-10-02 16:35:20 - [TEST_STEP][PASSED] - println("Error Message is present on the page"): null

2023-10-02 16:35:20 - [TEST_STEP][PASSED] - out.println("Pass Record Number: " + row): null

2023-10-02 16:35:20 - [TEST_STEP][PASSED] - resText = "Pass": null

2023-10-02 16:35:20 - [TEST_STEP][PASSED] - pages.WriteExcel.demoKey(resText, datText, resColumn, datCloumn, fileLoc, nameSheet, row): pages.WriteExcel.demoKey is PASSED

2023-10-02 16:35:20 - [MESSAGE][PASSED] - pages.WriteExcel.demoKey is PASSED

2023-10-02 16:35:20 - [TEST_STEP][PASSED] - ExecuteTC = findTestData(dataFile).getValue("Execute", row): null

2023-10-02 16:35:20 - [TEST_STEP][PASSED] - Taxtype = findTestData(dataFile).getValue("TaxType", row): null

2023-10-02 16:35:20 - [TEST_STEP][PASSED] - TaxTypeEL = findTestData(dataFile).getValue("TaxTypeEL", row): null

2023-10-02 16:35:20 - [TEST_STEP][PASSED] - notInvNumber = findTestData(dataFile).getValue("NotiInvoNumber", row): null

2023-10-02 16:35:20 - [TEST_STEP][PASSED] - errorMsg = findTestData(dataFile).getValue("ErrorMessage", row): null

2023-10-02 16:35:20 - [TEST_STEP][PASSED] - out.println("Value of Execute is : " + ExecuteTC): null

2023-10-02 16:35:20 - [TEST_STEP][PASSED] - if (ExecuteTC.equalsIgnoreCase("Y")): null

2023-10-02 16:35:20 - [TEST_STEP][PASSED] - out.println("Begin Record Number: " + row): null

2023-10-02 16:35:20 - [TEST_STEP][PASSED] - today = new java.util.Date(): null

2023-10-02 16:35:20 - [TEST_STEP][PASSED] - println(today): null

2023-10-02 16:35:20 - [TEST_STEP][PASSED] - datText = today: null

2023-10-02 16:35:20 - [TEST_STEP][PASSED] - Taxtype = findTestData(dataFile).getValue("TaxType", row): null

2023-10-02 16:35:20 - [TEST_STEP][PASSED] - out.println("Taxtype value is : " + Taxtype): null

2023-10-02 16:35:20 - [TEST_STEP][PASSED] - openBrowser(""): Browser is opened with url: ''

2023-10-02 16:35:20 - [MESSAGE][WARNING] - A browser is already opened. Closing browser and opening a new one

2023-10-02 16:35:21 - [MESSAGE][INFO] - Starting 'Chrome' driver

2023-10-02 16:35:21 - [MESSAGE][INFO] - User set preference: ['acceptInsecureCerts', 'true']

2023-10-02 16:35:21 - [MESSAGE][INFO] - Action delay is set to 0 milliseconds

2023-10-02 16:35:23 - [MESSAGE][PASSED] - Browser is opened with url: ''

2023-10-02 16:35:23 - [TEST_STEP][PASSED] - maximizeWindow(): Current window maximized

2023-10-02 16:35:23 - [MESSAGE][PASSED] - Current window maximized

2023-10-02 16:35:23 - [TEST_STEP][PASSED] - navigateToUrl(RADurl): Navigate to 'https://demo.velocitypayment.com/client/rad/index.html' successfully

2023-10-02 16:35:24 - [MESSAGE][PASSED] - Navigate to 'https://demo.velocitypayment.com/client/rad/index.html' successfully

2023-10-02 16:35:24 - [TEST_STEP][PASSED] - orPath_Landing = "Object Repository/RAD_Pages/Landing_Page": null

2023-10-02 16:35:24 - [TEST_STEP][PASSED] - orPath_TaxTypeFilingYear = "Object Repository/RAD_Pages/TaxTypeFilingYear_Page": null

2023-10-02 16:35:24 - [TEST_STEP][PASSED] - orPath_TaxPayer = "Object Repository/RAD_Pages/Taxpayer_Page": null

2023-10-02 16:35:24 - [TEST_STEP][PASSED] - orPath_AddressContact = "Object Repository/RAD_Pages/AddressAndContactInfo_Page": null

2023-10-02 16:35:24 - [TEST_STEP][PASSED] - orPath_FilingStatus = "Object Repository/RAD_Pages/FilingStatus_Page": null

2023-10-02 16:35:24 - [TEST_STEP][PASSED] - orPath_Amount = "Object Repository/RAD_Pages/PaymentAmount_Page": null

2023-10-02 16:35:24 - [TEST_STEP][PASSED] - orPath_TaxInfo = "Object Repository/RAD_Pages/TaxInfo_Page": null

2023-10-02 16:35:24 - [TEST_STEP][PASSED] - orPath_Withholding = "Object Repository/RAD_Pages/Withholding_Page": null

2023-10-02 16:35:24 - [TEST_STEP][PASSED] - orPath_Summary = "Object Repository/RAD_Pages/Summary_Page": null

2023-10-02 16:35:24 - [TEST_STEP][PASSED] - orPath_PaymentReady = "Object Repository/RAD_Pages/PaymentReady_Page": null

2023-10-02 16:35:24 - [TEST_STEP][PASSED] - orPath_PaymentEntry = "Object Repository/RAD_Pages/PaymentEntry_Page": null

2023-10-02 16:35:24 - [TEST_STEP][PASSED] - orPath_PaymentConfirmation = "Object Repository/RAD_Pages/PaymentConfirmation_Page": null

2023-10-02 16:35:24 - [TEST_STEP][PASSED] - orPath_ServiceFeesAccept = "Object Repository/RAD_Pages/ServiceFeeAccept_Page": null

2023-10-02 16:35:24 - [TEST_STEP][PASSED] - selectOptionByLabel(findTestObject(orPath_Landing + "/dd_TaxType"), Taxtype, false): All options with label 'Existing Liability w/Notice Number' are selected in object 'Object Repository/RAD_Pages/Landing_Page/dd_TaxType' 

2023-10-02 16:35:25 - [MESSAGE][PASSED] - All options with label 'Existing Liability w/Notice Number' are selected in object 'Object Repository/RAD_Pages/Landing_Page/dd_TaxType' 

2023-10-02 16:35:25 - [TEST_STEP][PASSED] - delay(1): Delayed 1 second(s)

2023-10-02 16:35:26 - [MESSAGE][PASSED] - Delayed 1 second(s)

2023-10-02 16:35:26 - [TEST_STEP][PASSED] - selectOptionByLabel(findTestObject(orPath_TaxTypeFilingYear + "/select_TaxType_ExistingLiability"), TaxTypeEL, false): All options with label 'Withholding Tax' are selected in object 'Object Repository/RAD_Pages/TaxTypeFilingYear_Page/select_TaxType_ExistingLiability' 

2023-10-02 16:35:26 - [MESSAGE][PASSED] - All options with label 'Withholding Tax' are selected in object 'Object Repository/RAD_Pages/TaxTypeFilingYear_Page/select_TaxType_ExistingLiability' 

2023-10-02 16:35:26 - [TEST_STEP][PASSED] - setText(findTestObject(orPath_TaxInfo + "/input_NoticeInvoiceNumber"), notInvNumber): Text '123456789' is set on object 'Object Repository/RAD_Pages/TaxInfo_Page/input_NoticeInvoiceNumber'

2023-10-02 16:35:27 - [MESSAGE][PASSED] - Text '123456789' is set on object 'Object Repository/RAD_Pages/TaxInfo_Page/input_NoticeInvoiceNumber'

2023-10-02 16:35:27 - [TEST_STEP][PASSED] - setText(findTestObject(orPath_TaxInfo + "/input_reTypeNoticeInvoiceNumber"), notInvNumber): Text '123456789' is set on object 'Object Repository/RAD_Pages/TaxInfo_Page/input_reTypeNoticeInvoiceNumber'

2023-10-02 16:35:29 - [MESSAGE][PASSED] - Text '123456789' is set on object 'Object Repository/RAD_Pages/TaxInfo_Page/input_reTypeNoticeInvoiceNumber'

2023-10-02 16:35:29 - [TEST_STEP][PASSED] - println(notInvNumber): null

2023-10-02 16:35:29 - [TEST_STEP][PASSED] - if (verifyTextPresent(errorMsg, true)): null

2023-10-02 16:35:30 - [MESSAGE][PASSED] - Text 'Notice number length has to be 13 numeric characters' is present on page  using regular expression

2023-10-02 16:35:30 - [TEST_STEP][PASSED] - println("Error Message is present on the page"): null

2023-10-02 16:35:30 - [TEST_STEP][PASSED] - out.println("Pass Record Number: " + row): null

2023-10-02 16:35:30 - [TEST_STEP][PASSED] - resText = "Pass": null

2023-10-02 16:35:30 - [TEST_STEP][PASSED] - pages.WriteExcel.demoKey(resText, datText, resColumn, datCloumn, fileLoc, nameSheet, row): pages.WriteExcel.demoKey is PASSED

2023-10-02 16:35:30 - [MESSAGE][PASSED] - pages.WriteExcel.demoKey is PASSED

2023-10-02 16:35:30 - [TEST_STEP][PASSED] - ExecuteTC = findTestData(dataFile).getValue("Execute", row): null

2023-10-02 16:35:30 - [TEST_STEP][PASSED] - Taxtype = findTestData(dataFile).getValue("TaxType", row): null

2023-10-02 16:35:30 - [TEST_STEP][PASSED] - TaxTypeEL = findTestData(dataFile).getValue("TaxTypeEL", row): null

2023-10-02 16:35:30 - [TEST_STEP][PASSED] - notInvNumber = findTestData(dataFile).getValue("NotiInvoNumber", row): null

2023-10-02 16:35:30 - [TEST_STEP][PASSED] - errorMsg = findTestData(dataFile).getValue("ErrorMessage", row): null

2023-10-02 16:35:30 - [TEST_STEP][PASSED] - out.println("Value of Execute is : " + ExecuteTC): null

2023-10-02 16:35:30 - [TEST_STEP][PASSED] - if (ExecuteTC.equalsIgnoreCase("Y")): null

2023-10-02 16:35:30 - [TEST_STEP][PASSED] - out.println("Begin Record Number: " + row): null

2023-10-02 16:35:30 - [TEST_STEP][PASSED] - today = new java.util.Date(): null

2023-10-02 16:35:30 - [TEST_STEP][PASSED] - println(today): null

2023-10-02 16:35:30 - [TEST_STEP][PASSED] - datText = today: null

2023-10-02 16:35:30 - [TEST_STEP][PASSED] - Taxtype = findTestData(dataFile).getValue("TaxType", row): null

2023-10-02 16:35:30 - [TEST_STEP][PASSED] - out.println("Taxtype value is : " + Taxtype): null

2023-10-02 16:35:30 - [TEST_STEP][PASSED] - openBrowser(""): Browser is opened with url: ''

2023-10-02 16:35:30 - [MESSAGE][WARNING] - A browser is already opened. Closing browser and opening a new one

2023-10-02 16:35:31 - [MESSAGE][INFO] - Starting 'Chrome' driver

2023-10-02 16:35:31 - [MESSAGE][INFO] - User set preference: ['acceptInsecureCerts', 'true']

2023-10-02 16:35:31 - [MESSAGE][INFO] - Action delay is set to 0 milliseconds

2023-10-02 16:35:32 - [MESSAGE][PASSED] - Browser is opened with url: ''

2023-10-02 16:35:32 - [TEST_STEP][PASSED] - maximizeWindow(): Current window maximized

2023-10-02 16:35:32 - [MESSAGE][PASSED] - Current window maximized

2023-10-02 16:35:32 - [TEST_STEP][PASSED] - navigateToUrl(RADurl): Navigate to 'https://demo.velocitypayment.com/client/rad/index.html' successfully

2023-10-02 16:35:34 - [MESSAGE][PASSED] - Navigate to 'https://demo.velocitypayment.com/client/rad/index.html' successfully

2023-10-02 16:35:34 - [TEST_STEP][PASSED] - orPath_Landing = "Object Repository/RAD_Pages/Landing_Page": null

2023-10-02 16:35:34 - [TEST_STEP][PASSED] - orPath_TaxTypeFilingYear = "Object Repository/RAD_Pages/TaxTypeFilingYear_Page": null

2023-10-02 16:35:34 - [TEST_STEP][PASSED] - orPath_TaxPayer = "Object Repository/RAD_Pages/Taxpayer_Page": null

2023-10-02 16:35:34 - [TEST_STEP][PASSED] - orPath_AddressContact = "Object Repository/RAD_Pages/AddressAndContactInfo_Page": null

2023-10-02 16:35:34 - [TEST_STEP][PASSED] - orPath_FilingStatus = "Object Repository/RAD_Pages/FilingStatus_Page": null

2023-10-02 16:35:34 - [TEST_STEP][PASSED] - orPath_Amount = "Object Repository/RAD_Pages/PaymentAmount_Page": null

2023-10-02 16:35:34 - [TEST_STEP][PASSED] - orPath_TaxInfo = "Object Repository/RAD_Pages/TaxInfo_Page": null

2023-10-02 16:35:34 - [TEST_STEP][PASSED] - orPath_Withholding = "Object Repository/RAD_Pages/Withholding_Page": null

2023-10-02 16:35:34 - [TEST_STEP][PASSED] - orPath_Summary = "Object Repository/RAD_Pages/Summary_Page": null

2023-10-02 16:35:34 - [TEST_STEP][PASSED] - orPath_PaymentReady = "Object Repository/RAD_Pages/PaymentReady_Page": null

2023-10-02 16:35:34 - [TEST_STEP][PASSED] - orPath_PaymentEntry = "Object Repository/RAD_Pages/PaymentEntry_Page": null

2023-10-02 16:35:34 - [TEST_STEP][PASSED] - orPath_PaymentConfirmation = "Object Repository/RAD_Pages/PaymentConfirmation_Page": null

2023-10-02 16:35:34 - [TEST_STEP][PASSED] - orPath_ServiceFeesAccept = "Object Repository/RAD_Pages/ServiceFeeAccept_Page": null

2023-10-02 16:35:34 - [TEST_STEP][PASSED] - selectOptionByLabel(findTestObject(orPath_Landing + "/dd_TaxType"), Taxtype, false): All options with label 'Existing Liability w/Notice Number' are selected in object 'Object Repository/RAD_Pages/Landing_Page/dd_TaxType' 

2023-10-02 16:35:34 - [MESSAGE][PASSED] - All options with label 'Existing Liability w/Notice Number' are selected in object 'Object Repository/RAD_Pages/Landing_Page/dd_TaxType' 

2023-10-02 16:35:34 - [TEST_STEP][PASSED] - delay(1): Delayed 1 second(s)

2023-10-02 16:35:35 - [MESSAGE][PASSED] - Delayed 1 second(s)

2023-10-02 16:35:35 - [TEST_STEP][PASSED] - selectOptionByLabel(findTestObject(orPath_TaxTypeFilingYear + "/select_TaxType_ExistingLiability"), TaxTypeEL, false): All options with label 'Alcohol Tax' are selected in object 'Object Repository/RAD_Pages/TaxTypeFilingYear_Page/select_TaxType_ExistingLiability' 

2023-10-02 16:35:36 - [MESSAGE][PASSED] - All options with label 'Alcohol Tax' are selected in object 'Object Repository/RAD_Pages/TaxTypeFilingYear_Page/select_TaxType_ExistingLiability' 

2023-10-02 16:35:36 - [TEST_STEP][PASSED] - setText(findTestObject(orPath_TaxInfo + "/input_NoticeInvoiceNumber"), notInvNumber): Text '123456789' is set on object 'Object Repository/RAD_Pages/TaxInfo_Page/input_NoticeInvoiceNumber'

2023-10-02 16:35:37 - [MESSAGE][PASSED] - Text '123456789' is set on object 'Object Repository/RAD_Pages/TaxInfo_Page/input_NoticeInvoiceNumber'

2023-10-02 16:35:37 - [TEST_STEP][PASSED] - setText(findTestObject(orPath_TaxInfo + "/input_reTypeNoticeInvoiceNumber"), notInvNumber): Text '123456789' is set on object 'Object Repository/RAD_Pages/TaxInfo_Page/input_reTypeNoticeInvoiceNumber'

2023-10-02 16:35:39 - [MESSAGE][PASSED] - Text '123456789' is set on object 'Object Repository/RAD_Pages/TaxInfo_Page/input_reTypeNoticeInvoiceNumber'

2023-10-02 16:35:39 - [TEST_STEP][PASSED] - println(notInvNumber): null

2023-10-02 16:35:39 - [TEST_STEP][PASSED] - if (verifyTextPresent(errorMsg, true)): null

2023-10-02 16:35:39 - [MESSAGE][PASSED] - Text 'Invoice number length has to be 10 or 13 numeric characters' is present on page  using regular expression

2023-10-02 16:35:39 - [TEST_STEP][PASSED] - println("Error Message is present on the page"): null

2023-10-02 16:35:39 - [TEST_STEP][PASSED] - out.println("Pass Record Number: " + row): null

2023-10-02 16:35:39 - [TEST_STEP][PASSED] - resText = "Pass": null

2023-10-02 16:35:39 - [TEST_STEP][PASSED] - pages.WriteExcel.demoKey(resText, datText, resColumn, datCloumn, fileLoc, nameSheet, row): pages.WriteExcel.demoKey is PASSED

2023-10-02 16:35:39 - [MESSAGE][PASSED] - pages.WriteExcel.demoKey is PASSED

2023-10-02 16:35:39 - [TEST_STEP][PASSED] - ExecuteTC = findTestData(dataFile).getValue("Execute", row): null

2023-10-02 16:35:40 - [TEST_STEP][PASSED] - Taxtype = findTestData(dataFile).getValue("TaxType", row): null

2023-10-02 16:35:40 - [TEST_STEP][PASSED] - TaxTypeEL = findTestData(dataFile).getValue("TaxTypeEL", row): null

2023-10-02 16:35:40 - [TEST_STEP][PASSED] - notInvNumber = findTestData(dataFile).getValue("NotiInvoNumber", row): null

2023-10-02 16:35:40 - [TEST_STEP][PASSED] - errorMsg = findTestData(dataFile).getValue("ErrorMessage", row): null

2023-10-02 16:35:40 - [TEST_STEP][PASSED] - out.println("Value of Execute is : " + ExecuteTC): null

2023-10-02 16:35:40 - [TEST_STEP][PASSED] - if (ExecuteTC.equalsIgnoreCase("Y")): null

2023-10-02 16:35:40 - [TEST_STEP][PASSED] - out.println("Begin Record Number: " + row): null

2023-10-02 16:35:40 - [TEST_STEP][PASSED] - today = new java.util.Date(): null

2023-10-02 16:35:40 - [TEST_STEP][PASSED] - println(today): null

2023-10-02 16:35:40 - [TEST_STEP][PASSED] - datText = today: null

2023-10-02 16:35:40 - [TEST_STEP][PASSED] - Taxtype = findTestData(dataFile).getValue("TaxType", row): null

2023-10-02 16:35:40 - [TEST_STEP][PASSED] - out.println("Taxtype value is : " + Taxtype): null

2023-10-02 16:35:40 - [TEST_STEP][PASSED] - openBrowser(""): Browser is opened with url: ''

2023-10-02 16:35:40 - [MESSAGE][WARNING] - A browser is already opened. Closing browser and opening a new one

2023-10-02 16:35:40 - [MESSAGE][INFO] - Starting 'Chrome' driver

2023-10-02 16:35:40 - [MESSAGE][INFO] - User set preference: ['acceptInsecureCerts', 'true']

2023-10-02 16:35:40 - [MESSAGE][INFO] - Action delay is set to 0 milliseconds

2023-10-02 16:35:42 - [MESSAGE][PASSED] - Browser is opened with url: ''

2023-10-02 16:35:42 - [TEST_STEP][PASSED] - maximizeWindow(): Current window maximized

2023-10-02 16:35:42 - [MESSAGE][PASSED] - Current window maximized

2023-10-02 16:35:42 - [TEST_STEP][PASSED] - navigateToUrl(RADurl): Navigate to 'https://demo.velocitypayment.com/client/rad/index.html' successfully

2023-10-02 16:35:43 - [MESSAGE][PASSED] - Navigate to 'https://demo.velocitypayment.com/client/rad/index.html' successfully

2023-10-02 16:35:43 - [TEST_STEP][PASSED] - orPath_Landing = "Object Repository/RAD_Pages/Landing_Page": null

2023-10-02 16:35:43 - [TEST_STEP][PASSED] - orPath_TaxTypeFilingYear = "Object Repository/RAD_Pages/TaxTypeFilingYear_Page": null

2023-10-02 16:35:43 - [TEST_STEP][PASSED] - orPath_TaxPayer = "Object Repository/RAD_Pages/Taxpayer_Page": null

2023-10-02 16:35:43 - [TEST_STEP][PASSED] - orPath_AddressContact = "Object Repository/RAD_Pages/AddressAndContactInfo_Page": null

2023-10-02 16:35:43 - [TEST_STEP][PASSED] - orPath_FilingStatus = "Object Repository/RAD_Pages/FilingStatus_Page": null

2023-10-02 16:35:43 - [TEST_STEP][PASSED] - orPath_Amount = "Object Repository/RAD_Pages/PaymentAmount_Page": null

2023-10-02 16:35:43 - [TEST_STEP][PASSED] - orPath_TaxInfo = "Object Repository/RAD_Pages/TaxInfo_Page": null

2023-10-02 16:35:43 - [TEST_STEP][PASSED] - orPath_Withholding = "Object Repository/RAD_Pages/Withholding_Page": null

2023-10-02 16:35:43 - [TEST_STEP][PASSED] - orPath_Summary = "Object Repository/RAD_Pages/Summary_Page": null

2023-10-02 16:35:43 - [TEST_STEP][PASSED] - orPath_PaymentReady = "Object Repository/RAD_Pages/PaymentReady_Page": null

2023-10-02 16:35:43 - [TEST_STEP][PASSED] - orPath_PaymentEntry = "Object Repository/RAD_Pages/PaymentEntry_Page": null

2023-10-02 16:35:43 - [TEST_STEP][PASSED] - orPath_PaymentConfirmation = "Object Repository/RAD_Pages/PaymentConfirmation_Page": null

2023-10-02 16:35:43 - [TEST_STEP][PASSED] - orPath_ServiceFeesAccept = "Object Repository/RAD_Pages/ServiceFeeAccept_Page": null

2023-10-02 16:35:43 - [TEST_STEP][PASSED] - selectOptionByLabel(findTestObject(orPath_Landing + "/dd_TaxType"), Taxtype, false): All options with label 'Existing Liability w/Notice Number' are selected in object 'Object Repository/RAD_Pages/Landing_Page/dd_TaxType' 

2023-10-02 16:35:44 - [MESSAGE][PASSED] - All options with label 'Existing Liability w/Notice Number' are selected in object 'Object Repository/RAD_Pages/Landing_Page/dd_TaxType' 

2023-10-02 16:35:44 - [TEST_STEP][PASSED] - delay(1): Delayed 1 second(s)

2023-10-02 16:35:45 - [MESSAGE][PASSED] - Delayed 1 second(s)

2023-10-02 16:35:45 - [TEST_STEP][PASSED] - selectOptionByLabel(findTestObject(orPath_TaxTypeFilingYear + "/select_TaxType_ExistingLiability"), TaxTypeEL, false): All options with label 'Alcohol Tax' are selected in object 'Object Repository/RAD_Pages/TaxTypeFilingYear_Page/select_TaxType_ExistingLiability' 

2023-10-02 16:35:46 - [MESSAGE][PASSED] - All options with label 'Alcohol Tax' are selected in object 'Object Repository/RAD_Pages/TaxTypeFilingYear_Page/select_TaxType_ExistingLiability' 

2023-10-02 16:35:46 - [TEST_STEP][PASSED] - setText(findTestObject(orPath_TaxInfo + "/input_NoticeInvoiceNumber"), notInvNumber): Text '12345678901' is set on object 'Object Repository/RAD_Pages/TaxInfo_Page/input_NoticeInvoiceNumber'

2023-10-02 16:35:48 - [MESSAGE][PASSED] - Text '12345678901' is set on object 'Object Repository/RAD_Pages/TaxInfo_Page/input_NoticeInvoiceNumber'

2023-10-02 16:35:48 - [TEST_STEP][PASSED] - setText(findTestObject(orPath_TaxInfo + "/input_reTypeNoticeInvoiceNumber"), notInvNumber): Text '12345678901' is set on object 'Object Repository/RAD_Pages/TaxInfo_Page/input_reTypeNoticeInvoiceNumber'

2023-10-02 16:35:49 - [MESSAGE][PASSED] - Text '12345678901' is set on object 'Object Repository/RAD_Pages/TaxInfo_Page/input_reTypeNoticeInvoiceNumber'

2023-10-02 16:35:49 - [TEST_STEP][PASSED] - println(notInvNumber): null

2023-10-02 16:35:49 - [TEST_STEP][PASSED] - if (verifyTextPresent(errorMsg, true)): null

2023-10-02 16:35:49 - [MESSAGE][PASSED] - Text 'Invoice number length has to be 10 or 13 numeric characters' is present on page  using regular expression

2023-10-02 16:35:49 - [TEST_STEP][PASSED] - println("Error Message is present on the page"): null

2023-10-02 16:35:49 - [TEST_STEP][PASSED] - out.println("Pass Record Number: " + row): null

2023-10-02 16:35:49 - [TEST_STEP][PASSED] - resText = "Pass": null

2023-10-02 16:35:49 - [TEST_STEP][PASSED] - pages.WriteExcel.demoKey(resText, datText, resColumn, datCloumn, fileLoc, nameSheet, row): pages.WriteExcel.demoKey is PASSED

2023-10-02 16:35:49 - [MESSAGE][PASSED] - pages.WriteExcel.demoKey is PASSED

2023-10-02 16:35:49 - [TEST_STEP][PASSED] - ExecuteTC = findTestData(dataFile).getValue("Execute", row): null

2023-10-02 16:35:49 - [TEST_STEP][PASSED] - Taxtype = findTestData(dataFile).getValue("TaxType", row): null

2023-10-02 16:35:49 - [TEST_STEP][PASSED] - TaxTypeEL = findTestData(dataFile).getValue("TaxTypeEL", row): null

2023-10-02 16:35:49 - [TEST_STEP][PASSED] - notInvNumber = findTestData(dataFile).getValue("NotiInvoNumber", row): null

2023-10-02 16:35:49 - [TEST_STEP][PASSED] - errorMsg = findTestData(dataFile).getValue("ErrorMessage", row): null

2023-10-02 16:35:49 - [TEST_STEP][PASSED] - out.println("Value of Execute is : " + ExecuteTC): null

2023-10-02 16:35:49 - [TEST_STEP][PASSED] - if (ExecuteTC.equalsIgnoreCase("Y")): null

2023-10-02 16:35:49 - [TEST_STEP][PASSED] - out.println("Begin Record Number: " + row): null

2023-10-02 16:35:49 - [TEST_STEP][PASSED] - today = new java.util.Date(): null

2023-10-02 16:35:49 - [TEST_STEP][PASSED] - println(today): null

2023-10-02 16:35:49 - [TEST_STEP][PASSED] - datText = today: null

2023-10-02 16:35:49 - [TEST_STEP][PASSED] - Taxtype = findTestData(dataFile).getValue("TaxType", row): null

2023-10-02 16:35:49 - [TEST_STEP][PASSED] - out.println("Taxtype value is : " + Taxtype): null

2023-10-02 16:35:49 - [TEST_STEP][PASSED] - openBrowser(""): Browser is opened with url: ''

2023-10-02 16:35:49 - [MESSAGE][WARNING] - A browser is already opened. Closing browser and opening a new one

2023-10-02 16:35:50 - [MESSAGE][INFO] - Starting 'Chrome' driver

2023-10-02 16:35:50 - [MESSAGE][INFO] - User set preference: ['acceptInsecureCerts', 'true']

2023-10-02 16:35:50 - [MESSAGE][INFO] - Action delay is set to 0 milliseconds

2023-10-02 16:35:52 - [MESSAGE][PASSED] - Browser is opened with url: ''

2023-10-02 16:35:52 - [TEST_STEP][PASSED] - maximizeWindow(): Current window maximized

2023-10-02 16:35:52 - [MESSAGE][PASSED] - Current window maximized

2023-10-02 16:35:52 - [TEST_STEP][PASSED] - navigateToUrl(RADurl): Navigate to 'https://demo.velocitypayment.com/client/rad/index.html' successfully

2023-10-02 16:35:53 - [MESSAGE][PASSED] - Navigate to 'https://demo.velocitypayment.com/client/rad/index.html' successfully

2023-10-02 16:35:53 - [TEST_STEP][PASSED] - orPath_Landing = "Object Repository/RAD_Pages/Landing_Page": null

2023-10-02 16:35:53 - [TEST_STEP][PASSED] - orPath_TaxTypeFilingYear = "Object Repository/RAD_Pages/TaxTypeFilingYear_Page": null

2023-10-02 16:35:53 - [TEST_STEP][PASSED] - orPath_TaxPayer = "Object Repository/RAD_Pages/Taxpayer_Page": null

2023-10-02 16:35:53 - [TEST_STEP][PASSED] - orPath_AddressContact = "Object Repository/RAD_Pages/AddressAndContactInfo_Page": null

2023-10-02 16:35:53 - [TEST_STEP][PASSED] - orPath_FilingStatus = "Object Repository/RAD_Pages/FilingStatus_Page": null

2023-10-02 16:35:53 - [TEST_STEP][PASSED] - orPath_Amount = "Object Repository/RAD_Pages/PaymentAmount_Page": null

2023-10-02 16:35:53 - [TEST_STEP][PASSED] - orPath_TaxInfo = "Object Repository/RAD_Pages/TaxInfo_Page": null

2023-10-02 16:35:53 - [TEST_STEP][PASSED] - orPath_Withholding = "Object Repository/RAD_Pages/Withholding_Page": null

2023-10-02 16:35:53 - [TEST_STEP][PASSED] - orPath_Summary = "Object Repository/RAD_Pages/Summary_Page": null

2023-10-02 16:35:53 - [TEST_STEP][PASSED] - orPath_PaymentReady = "Object Repository/RAD_Pages/PaymentReady_Page": null

2023-10-02 16:35:53 - [TEST_STEP][PASSED] - orPath_PaymentEntry = "Object Repository/RAD_Pages/PaymentEntry_Page": null

2023-10-02 16:35:53 - [TEST_STEP][PASSED] - orPath_PaymentConfirmation = "Object Repository/RAD_Pages/PaymentConfirmation_Page": null

2023-10-02 16:35:53 - [TEST_STEP][PASSED] - orPath_ServiceFeesAccept = "Object Repository/RAD_Pages/ServiceFeeAccept_Page": null

2023-10-02 16:35:53 - [TEST_STEP][PASSED] - selectOptionByLabel(findTestObject(orPath_Landing + "/dd_TaxType"), Taxtype, false): All options with label 'Existing Liability w/Notice Number' are selected in object 'Object Repository/RAD_Pages/Landing_Page/dd_TaxType' 

2023-10-02 16:35:54 - [MESSAGE][PASSED] - All options with label 'Existing Liability w/Notice Number' are selected in object 'Object Repository/RAD_Pages/Landing_Page/dd_TaxType' 

2023-10-02 16:35:54 - [TEST_STEP][PASSED] - delay(1): Delayed 1 second(s)

2023-10-02 16:35:55 - [MESSAGE][PASSED] - Delayed 1 second(s)

2023-10-02 16:35:55 - [TEST_STEP][PASSED] - selectOptionByLabel(findTestObject(orPath_TaxTypeFilingYear + "/select_TaxType_ExistingLiability"), TaxTypeEL, false): All options with label 'Alcohol Tax' are selected in object 'Object Repository/RAD_Pages/TaxTypeFilingYear_Page/select_TaxType_ExistingLiability' 

2023-10-02 16:35:56 - [MESSAGE][PASSED] - All options with label 'Alcohol Tax' are selected in object 'Object Repository/RAD_Pages/TaxTypeFilingYear_Page/select_TaxType_ExistingLiability' 

2023-10-02 16:35:56 - [TEST_STEP][PASSED] - setText(findTestObject(orPath_TaxInfo + "/input_NoticeInvoiceNumber"), notInvNumber): Text '123456789012' is set on object 'Object Repository/RAD_Pages/TaxInfo_Page/input_NoticeInvoiceNumber'

2023-10-02 16:35:57 - [MESSAGE][PASSED] - Text '123456789012' is set on object 'Object Repository/RAD_Pages/TaxInfo_Page/input_NoticeInvoiceNumber'

2023-10-02 16:35:57 - [TEST_STEP][PASSED] - setText(findTestObject(orPath_TaxInfo + "/input_reTypeNoticeInvoiceNumber"), notInvNumber): Text '123456789012' is set on object 'Object Repository/RAD_Pages/TaxInfo_Page/input_reTypeNoticeInvoiceNumber'

2023-10-02 16:35:58 - [MESSAGE][PASSED] - Text '123456789012' is set on object 'Object Repository/RAD_Pages/TaxInfo_Page/input_reTypeNoticeInvoiceNumber'

2023-10-02 16:35:58 - [TEST_STEP][PASSED] - println(notInvNumber): null

2023-10-02 16:35:58 - [TEST_STEP][PASSED] - if (verifyTextPresent(errorMsg, true)): null

2023-10-02 16:35:59 - [MESSAGE][PASSED] - Text 'Invoice number length has to be 10 or 13 numeric characters' is present on page  using regular expression

2023-10-02 16:35:59 - [TEST_STEP][PASSED] - println("Error Message is present on the page"): null

2023-10-02 16:35:59 - [TEST_STEP][PASSED] - out.println("Pass Record Number: " + row): null

2023-10-02 16:35:59 - [TEST_STEP][PASSED] - resText = "Pass": null

2023-10-02 16:35:59 - [TEST_STEP][PASSED] - pages.WriteExcel.demoKey(resText, datText, resColumn, datCloumn, fileLoc, nameSheet, row): pages.WriteExcel.demoKey is PASSED

2023-10-02 16:35:59 - [MESSAGE][PASSED] - pages.WriteExcel.demoKey is PASSED

2023-10-02 16:35:59 - [TEST_STEP][PASSED] - ExecuteTC = findTestData(dataFile).getValue("Execute", row): null

2023-10-02 16:35:59 - [TEST_STEP][PASSED] - Taxtype = findTestData(dataFile).getValue("TaxType", row): null

2023-10-02 16:35:59 - [TEST_STEP][PASSED] - TaxTypeEL = findTestData(dataFile).getValue("TaxTypeEL", row): null

2023-10-02 16:35:59 - [TEST_STEP][PASSED] - notInvNumber = findTestData(dataFile).getValue("NotiInvoNumber", row): null

2023-10-02 16:35:59 - [TEST_STEP][PASSED] - errorMsg = findTestData(dataFile).getValue("ErrorMessage", row): null

2023-10-02 16:35:59 - [TEST_STEP][PASSED] - out.println("Value of Execute is : " + ExecuteTC): null

2023-10-02 16:35:59 - [TEST_STEP][PASSED] - if (ExecuteTC.equalsIgnoreCase("Y")): null

2023-10-02 16:35:59 - [TEST_STEP][PASSED] - out.println("Begin Record Number: " + row): null

2023-10-02 16:35:59 - [TEST_STEP][PASSED] - today = new java.util.Date(): null

2023-10-02 16:35:59 - [TEST_STEP][PASSED] - println(today): null

2023-10-02 16:35:59 - [TEST_STEP][PASSED] - datText = today: null

2023-10-02 16:35:59 - [TEST_STEP][PASSED] - Taxtype = findTestData(dataFile).getValue("TaxType", row): null

2023-10-02 16:35:59 - [TEST_STEP][PASSED] - out.println("Taxtype value is : " + Taxtype): null

2023-10-02 16:35:59 - [TEST_STEP][PASSED] - openBrowser(""): Browser is opened with url: ''

2023-10-02 16:35:59 - [MESSAGE][WARNING] - A browser is already opened. Closing browser and opening a new one

2023-10-02 16:36:00 - [MESSAGE][INFO] - Starting 'Chrome' driver

2023-10-02 16:36:00 - [MESSAGE][INFO] - User set preference: ['acceptInsecureCerts', 'true']

2023-10-02 16:36:00 - [MESSAGE][INFO] - Action delay is set to 0 milliseconds

2023-10-02 16:36:01 - [MESSAGE][PASSED] - Browser is opened with url: ''

2023-10-02 16:36:01 - [TEST_STEP][PASSED] - maximizeWindow(): Current window maximized

2023-10-02 16:36:02 - [MESSAGE][PASSED] - Current window maximized

2023-10-02 16:36:02 - [TEST_STEP][PASSED] - navigateToUrl(RADurl): Navigate to 'https://demo.velocitypayment.com/client/rad/index.html' successfully

2023-10-02 16:36:03 - [MESSAGE][PASSED] - Navigate to 'https://demo.velocitypayment.com/client/rad/index.html' successfully

2023-10-02 16:36:03 - [TEST_STEP][PASSED] - orPath_Landing = "Object Repository/RAD_Pages/Landing_Page": null

2023-10-02 16:36:03 - [TEST_STEP][PASSED] - orPath_TaxTypeFilingYear = "Object Repository/RAD_Pages/TaxTypeFilingYear_Page": null

2023-10-02 16:36:03 - [TEST_STEP][PASSED] - orPath_TaxPayer = "Object Repository/RAD_Pages/Taxpayer_Page": null

2023-10-02 16:36:03 - [TEST_STEP][PASSED] - orPath_AddressContact = "Object Repository/RAD_Pages/AddressAndContactInfo_Page": null

2023-10-02 16:36:03 - [TEST_STEP][PASSED] - orPath_FilingStatus = "Object Repository/RAD_Pages/FilingStatus_Page": null

2023-10-02 16:36:03 - [TEST_STEP][PASSED] - orPath_Amount = "Object Repository/RAD_Pages/PaymentAmount_Page": null

2023-10-02 16:36:03 - [TEST_STEP][PASSED] - orPath_TaxInfo = "Object Repository/RAD_Pages/TaxInfo_Page": null

2023-10-02 16:36:03 - [TEST_STEP][PASSED] - orPath_Withholding = "Object Repository/RAD_Pages/Withholding_Page": null

2023-10-02 16:36:03 - [TEST_STEP][PASSED] - orPath_Summary = "Object Repository/RAD_Pages/Summary_Page": null

2023-10-02 16:36:03 - [TEST_STEP][PASSED] - orPath_PaymentReady = "Object Repository/RAD_Pages/PaymentReady_Page": null

2023-10-02 16:36:03 - [TEST_STEP][PASSED] - orPath_PaymentEntry = "Object Repository/RAD_Pages/PaymentEntry_Page": null

2023-10-02 16:36:03 - [TEST_STEP][PASSED] - orPath_PaymentConfirmation = "Object Repository/RAD_Pages/PaymentConfirmation_Page": null

2023-10-02 16:36:03 - [TEST_STEP][PASSED] - orPath_ServiceFeesAccept = "Object Repository/RAD_Pages/ServiceFeeAccept_Page": null

2023-10-02 16:36:03 - [TEST_STEP][PASSED] - selectOptionByLabel(findTestObject(orPath_Landing + "/dd_TaxType"), Taxtype, false): All options with label 'Existing Liability w/Notice Number' are selected in object 'Object Repository/RAD_Pages/Landing_Page/dd_TaxType' 

2023-10-02 16:36:04 - [MESSAGE][PASSED] - All options with label 'Existing Liability w/Notice Number' are selected in object 'Object Repository/RAD_Pages/Landing_Page/dd_TaxType' 

2023-10-02 16:36:04 - [TEST_STEP][PASSED] - delay(1): Delayed 1 second(s)

2023-10-02 16:36:05 - [MESSAGE][PASSED] - Delayed 1 second(s)

2023-10-02 16:36:05 - [TEST_STEP][PASSED] - selectOptionByLabel(findTestObject(orPath_TaxTypeFilingYear + "/select_TaxType_ExistingLiability"), TaxTypeEL, false): All options with label 'PTE Tax Electing Non-S Corp' are selected in object 'Object Repository/RAD_Pages/TaxTypeFilingYear_Page/select_TaxType_ExistingLiability' 

2023-10-02 16:36:05 - [MESSAGE][PASSED] - All options with label 'PTE Tax Electing Non-S Corp' are selected in object 'Object Repository/RAD_Pages/TaxTypeFilingYear_Page/select_TaxType_ExistingLiability' 

2023-10-02 16:36:05 - [TEST_STEP][PASSED] - setText(findTestObject(orPath_TaxInfo + "/input_NoticeInvoiceNumber"), notInvNumber): Text '123456789' is set on object 'Object Repository/RAD_Pages/TaxInfo_Page/input_NoticeInvoiceNumber'

2023-10-02 16:36:06 - [MESSAGE][PASSED] - Text '123456789' is set on object 'Object Repository/RAD_Pages/TaxInfo_Page/input_NoticeInvoiceNumber'

2023-10-02 16:36:06 - [TEST_STEP][PASSED] - setText(findTestObject(orPath_TaxInfo + "/input_reTypeNoticeInvoiceNumber"), notInvNumber): Text '123456789' is set on object 'Object Repository/RAD_Pages/TaxInfo_Page/input_reTypeNoticeInvoiceNumber'

2023-10-02 16:36:08 - [MESSAGE][PASSED] - Text '123456789' is set on object 'Object Repository/RAD_Pages/TaxInfo_Page/input_reTypeNoticeInvoiceNumber'

2023-10-02 16:36:08 - [TEST_STEP][PASSED] - println(notInvNumber): null

2023-10-02 16:36:08 - [TEST_STEP][PASSED] - if (verifyTextPresent(errorMsg, true)): null

2023-10-02 16:36:09 - [MESSAGE][PASSED] - Text 'Notice number length has to be 13 numeric characters' is present on page  using regular expression

2023-10-02 16:36:09 - [TEST_STEP][PASSED] - println("Error Message is present on the page"): null

2023-10-02 16:36:09 - [TEST_STEP][PASSED] - out.println("Pass Record Number: " + row): null

2023-10-02 16:36:09 - [TEST_STEP][PASSED] - resText = "Pass": null

2023-10-02 16:36:09 - [TEST_STEP][PASSED] - pages.WriteExcel.demoKey(resText, datText, resColumn, datCloumn, fileLoc, nameSheet, row): pages.WriteExcel.demoKey is PASSED

2023-10-02 16:36:09 - [MESSAGE][PASSED] - pages.WriteExcel.demoKey is PASSED

2023-10-02 16:36:09 - [TEST_STEP][PASSED] - ExecuteTC = findTestData(dataFile).getValue("Execute", row): null

2023-10-02 16:36:09 - [TEST_STEP][PASSED] - Taxtype = findTestData(dataFile).getValue("TaxType", row): null

2023-10-02 16:36:09 - [TEST_STEP][PASSED] - TaxTypeEL = findTestData(dataFile).getValue("TaxTypeEL", row): null

2023-10-02 16:36:09 - [TEST_STEP][PASSED] - notInvNumber = findTestData(dataFile).getValue("NotiInvoNumber", row): null

2023-10-02 16:36:09 - [TEST_STEP][PASSED] - errorMsg = findTestData(dataFile).getValue("ErrorMessage", row): null

2023-10-02 16:36:09 - [TEST_STEP][PASSED] - out.println("Value of Execute is : " + ExecuteTC): null

2023-10-02 16:36:09 - [TEST_STEP][PASSED] - if (ExecuteTC.equalsIgnoreCase("Y")): null

2023-10-02 16:36:09 - [TEST_STEP][PASSED] - out.println("Begin Record Number: " + row): null

2023-10-02 16:36:09 - [TEST_STEP][PASSED] - today = new java.util.Date(): null

2023-10-02 16:36:09 - [TEST_STEP][PASSED] - println(today): null

2023-10-02 16:36:09 - [TEST_STEP][PASSED] - datText = today: null

2023-10-02 16:36:09 - [TEST_STEP][PASSED] - Taxtype = findTestData(dataFile).getValue("TaxType", row): null

2023-10-02 16:36:09 - [TEST_STEP][PASSED] - out.println("Taxtype value is : " + Taxtype): null

2023-10-02 16:36:09 - [TEST_STEP][PASSED] - openBrowser(""): Browser is opened with url: ''

2023-10-02 16:36:09 - [MESSAGE][WARNING] - A browser is already opened. Closing browser and opening a new one

2023-10-02 16:36:10 - [MESSAGE][INFO] - Starting 'Chrome' driver

2023-10-02 16:36:10 - [MESSAGE][INFO] - User set preference: ['acceptInsecureCerts', 'true']

2023-10-02 16:36:10 - [MESSAGE][INFO] - Action delay is set to 0 milliseconds

2023-10-02 16:36:11 - [MESSAGE][PASSED] - Browser is opened with url: ''

2023-10-02 16:36:11 - [TEST_STEP][PASSED] - maximizeWindow(): Current window maximized

2023-10-02 16:36:11 - [MESSAGE][PASSED] - Current window maximized

2023-10-02 16:36:11 - [TEST_STEP][PASSED] - navigateToUrl(RADurl): Navigate to 'https://demo.velocitypayment.com/client/rad/index.html' successfully

2023-10-02 16:36:13 - [MESSAGE][PASSED] - Navigate to 'https://demo.velocitypayment.com/client/rad/index.html' successfully

2023-10-02 16:36:13 - [TEST_STEP][PASSED] - orPath_Landing = "Object Repository/RAD_Pages/Landing_Page": null

2023-10-02 16:36:13 - [TEST_STEP][PASSED] - orPath_TaxTypeFilingYear = "Object Repository/RAD_Pages/TaxTypeFilingYear_Page": null

2023-10-02 16:36:13 - [TEST_STEP][PASSED] - orPath_TaxPayer = "Object Repository/RAD_Pages/Taxpayer_Page": null

2023-10-02 16:36:13 - [TEST_STEP][PASSED] - orPath_AddressContact = "Object Repository/RAD_Pages/AddressAndContactInfo_Page": null

2023-10-02 16:36:13 - [TEST_STEP][PASSED] - orPath_FilingStatus = "Object Repository/RAD_Pages/FilingStatus_Page": null

2023-10-02 16:36:13 - [TEST_STEP][PASSED] - orPath_Amount = "Object Repository/RAD_Pages/PaymentAmount_Page": null

2023-10-02 16:36:13 - [TEST_STEP][PASSED] - orPath_TaxInfo = "Object Repository/RAD_Pages/TaxInfo_Page": null

2023-10-02 16:36:13 - [TEST_STEP][PASSED] - orPath_Withholding = "Object Repository/RAD_Pages/Withholding_Page": null

2023-10-02 16:36:13 - [TEST_STEP][PASSED] - orPath_Summary = "Object Repository/RAD_Pages/Summary_Page": null

2023-10-02 16:36:13 - [TEST_STEP][PASSED] - orPath_PaymentReady = "Object Repository/RAD_Pages/PaymentReady_Page": null

2023-10-02 16:36:13 - [TEST_STEP][PASSED] - orPath_PaymentEntry = "Object Repository/RAD_Pages/PaymentEntry_Page": null

2023-10-02 16:36:13 - [TEST_STEP][PASSED] - orPath_PaymentConfirmation = "Object Repository/RAD_Pages/PaymentConfirmation_Page": null

2023-10-02 16:36:13 - [TEST_STEP][PASSED] - orPath_ServiceFeesAccept = "Object Repository/RAD_Pages/ServiceFeeAccept_Page": null

2023-10-02 16:36:13 - [TEST_STEP][PASSED] - selectOptionByLabel(findTestObject(orPath_Landing + "/dd_TaxType"), Taxtype, false): All options with label 'Existing Liability w/Notice Number' are selected in object 'Object Repository/RAD_Pages/Landing_Page/dd_TaxType' 

2023-10-02 16:36:14 - [MESSAGE][PASSED] - All options with label 'Existing Liability w/Notice Number' are selected in object 'Object Repository/RAD_Pages/Landing_Page/dd_TaxType' 

2023-10-02 16:36:14 - [TEST_STEP][PASSED] - delay(1): Delayed 1 second(s)

2023-10-02 16:36:15 - [MESSAGE][PASSED] - Delayed 1 second(s)

2023-10-02 16:36:15 - [TEST_STEP][PASSED] - selectOptionByLabel(findTestObject(orPath_TaxTypeFilingYear + "/select_TaxType_ExistingLiability"), TaxTypeEL, false): All options with label 'PTE Tax Electing S Corp' are selected in object 'Object Repository/RAD_Pages/TaxTypeFilingYear_Page/select_TaxType_ExistingLiability' 

2023-10-02 16:36:15 - [MESSAGE][PASSED] - All options with label 'PTE Tax Electing S Corp' are selected in object 'Object Repository/RAD_Pages/TaxTypeFilingYear_Page/select_TaxType_ExistingLiability' 

2023-10-02 16:36:15 - [TEST_STEP][PASSED] - setText(findTestObject(orPath_TaxInfo + "/input_NoticeInvoiceNumber"), notInvNumber): Text '123456789' is set on object 'Object Repository/RAD_Pages/TaxInfo_Page/input_NoticeInvoiceNumber'

2023-10-02 16:36:16 - [MESSAGE][PASSED] - Text '123456789' is set on object 'Object Repository/RAD_Pages/TaxInfo_Page/input_NoticeInvoiceNumber'

2023-10-02 16:36:16 - [TEST_STEP][PASSED] - setText(findTestObject(orPath_TaxInfo + "/input_reTypeNoticeInvoiceNumber"), notInvNumber): Text '123456789' is set on object 'Object Repository/RAD_Pages/TaxInfo_Page/input_reTypeNoticeInvoiceNumber'

2023-10-02 16:36:18 - [MESSAGE][PASSED] - Text '123456789' is set on object 'Object Repository/RAD_Pages/TaxInfo_Page/input_reTypeNoticeInvoiceNumber'

2023-10-02 16:36:18 - [TEST_STEP][PASSED] - println(notInvNumber): null

2023-10-02 16:36:18 - [TEST_STEP][PASSED] - if (verifyTextPresent(errorMsg, true)): null

2023-10-02 16:36:18 - [MESSAGE][PASSED] - Text 'Notice number length has to be 13 numeric characters' is present on page  using regular expression

2023-10-02 16:36:18 - [TEST_STEP][PASSED] - println("Error Message is present on the page"): null

2023-10-02 16:36:18 - [TEST_STEP][PASSED] - out.println("Pass Record Number: " + row): null

2023-10-02 16:36:18 - [TEST_STEP][PASSED] - resText = "Pass": null

2023-10-02 16:36:18 - [TEST_STEP][PASSED] - pages.WriteExcel.demoKey(resText, datText, resColumn, datCloumn, fileLoc, nameSheet, row): pages.WriteExcel.demoKey is PASSED

2023-10-02 16:36:18 - [MESSAGE][PASSED] - pages.WriteExcel.demoKey is PASSED]]></system-out>
         <system-err><![CDATA[]]></system-err>
      </testcase>
      <testcase name="Test Cases/RAD_TestCases/Negative_TestCases/EMailNoMatch" time="412.332" classname="Test Cases/RAD_TestCases/Negative_TestCases/EMailNoMatch" status="PASSED">
         <system-out><![CDATA[2023-10-02 16:36:18 - [TEST_CASE][PASSED] - Test Cases/RAD_TestCases/Negative_TestCases/EMailNoMatch: Test Cases/RAD_TestCases/Negative_TestCases/EMailNoMatch

2023-10-02 16:36:19 - [TEST_STEP][PASSED] - resText = "Fail": null

2023-10-02 16:36:19 - [TEST_STEP][PASSED] - resColumn = "Result": null

2023-10-02 16:36:19 - [TEST_STEP][PASSED] - datCloumn = "Date": null

2023-10-02 16:36:19 - [TEST_STEP][PASSED] - fileLoc = "KatalonData/RADTestData/EmailNoMatch.xlsx": null

2023-10-02 16:36:19 - [TEST_STEP][PASSED] - nameSheet = "Sheet1": null

2023-10-02 16:36:19 - [TEST_STEP][PASSED] - dataFile = "RADTestData/EmailNoMatch": null

2023-10-02 16:36:19 - [TEST_STEP][PASSED] - ExecuteTC = <not implemented yet for class: org.codehaus.groovy.ast.expr.EmptyExpression>: null

2023-10-02 16:36:19 - [TEST_STEP][PASSED] - Taxtype = <not implemented yet for class: org.codehaus.groovy.ast.expr.EmptyExpression>: null

2023-10-02 16:36:19 - [TEST_STEP][PASSED] - numOfRows = findTestData(dataFile).getRowNumbers(): null

2023-10-02 16:36:19 - [TEST_STEP][PASSED] - println("Number of Records: " + numOfRows): null

2023-10-02 16:36:19 - [TEST_STEP][PASSED] - for ([row = 1, row <= numOfRows, (row++)]): null

2023-10-02 16:36:19 - [TEST_STEP][PASSED] - ExecuteTC = findTestData(dataFile).getValue("Execute", row): null

2023-10-02 16:36:19 - [TEST_STEP][PASSED] - Taxtype = findTestData(dataFile).getValue("TaxType", row): null

2023-10-02 16:36:19 - [TEST_STEP][PASSED] - Paymenttype = findTestData(dataFile).getValue("PaymentType", row): null

2023-10-02 16:36:19 - [TEST_STEP][PASSED] - out.println("Value of Execute is : " + ExecuteTC): null

2023-10-02 16:36:19 - [TEST_STEP][PASSED] - if (ExecuteTC.equalsIgnoreCase("Y")): null

2023-10-02 16:36:19 - [TEST_STEP][PASSED] - out.println("Begin Record Number: " + row): null

2023-10-02 16:36:19 - [TEST_STEP][PASSED] - today = new java.util.Date(): null

2023-10-02 16:36:19 - [TEST_STEP][PASSED] - println(today): null

2023-10-02 16:36:19 - [TEST_STEP][PASSED] - datText = today: null

2023-10-02 16:36:19 - [TEST_STEP][PASSED] - Taxtype = findTestData(dataFile).getValue("TaxType", row): null

2023-10-02 16:36:19 - [TEST_STEP][PASSED] - out.println("Taxtype value is : " + Taxtype): null

2023-10-02 16:36:19 - [TEST_STEP][PASSED] - openBrowser(""): Browser is opened with url: ''

2023-10-02 16:36:19 - [MESSAGE][WARNING] - A browser is already opened. Closing browser and opening a new one

2023-10-02 16:36:20 - [MESSAGE][INFO] - Starting 'Chrome' driver

2023-10-02 16:36:20 - [MESSAGE][INFO] - User set preference: ['acceptInsecureCerts', 'true']

2023-10-02 16:36:20 - [MESSAGE][INFO] - Action delay is set to 0 milliseconds

2023-10-02 16:36:21 - [MESSAGE][PASSED] - Browser is opened with url: ''

2023-10-02 16:36:21 - [TEST_STEP][PASSED] - maximizeWindow(): Current window maximized

2023-10-02 16:36:22 - [MESSAGE][PASSED] - Current window maximized

2023-10-02 16:36:22 - [TEST_STEP][PASSED] - navigateToUrl(RADurl): Navigate to 'https://demo.velocitypayment.com/client/rad/index.html' successfully

2023-10-02 16:36:23 - [MESSAGE][PASSED] - Navigate to 'https://demo.velocitypayment.com/client/rad/index.html' successfully

2023-10-02 16:36:23 - [TEST_STEP][PASSED] - orPath_Landing = "Object Repository/RAD_Pages/Landing_Page": null

2023-10-02 16:36:23 - [TEST_STEP][PASSED] - orPath_TaxTypeFilingYear = "Object Repository/RAD_Pages/TaxTypeFilingYear_Page": null

2023-10-02 16:36:23 - [TEST_STEP][PASSED] - orPath_TaxPayer = "Object Repository/RAD_Pages/Taxpayer_Page": null

2023-10-02 16:36:23 - [TEST_STEP][PASSED] - orPath_AddressContact = "Object Repository/RAD_Pages/AddressAndContactInfo_Page": null

2023-10-02 16:36:23 - [TEST_STEP][PASSED] - orPath_FilingStatus = "Object Repository/RAD_Pages/FilingStatus_Page": null

2023-10-02 16:36:23 - [TEST_STEP][PASSED] - orPath_Amount = "Object Repository/RAD_Pages/PaymentAmount_Page": null

2023-10-02 16:36:23 - [TEST_STEP][PASSED] - selectOptionByLabel(findTestObject(orPath_Landing + "/dd_TaxType"), Paymenttype, false): All options with label 'Existing Liability w/Notice Number' are selected in object 'Object Repository/RAD_Pages/Landing_Page/dd_TaxType' 

2023-10-02 16:36:24 - [MESSAGE][PASSED] - All options with label 'Existing Liability w/Notice Number' are selected in object 'Object Repository/RAD_Pages/Landing_Page/dd_TaxType' 

2023-10-02 16:36:24 - [TEST_STEP][PASSED] - delay(1): Delayed 1 second(s)

2023-10-02 16:36:25 - [MESSAGE][PASSED] - Delayed 1 second(s)

2023-10-02 16:36:25 - [TEST_STEP][PASSED] - switch (Paymenttype): null

2023-10-02 16:36:25 - [TEST_STEP][PASSED] - case "Existing Liability w/Notice Number":: null

2023-10-02 16:36:25 - [TEST_STEP][PASSED] - selectOptionByLabel(findTestObject(orPath_TaxTypeFilingYear + "/select_TaxType_ExistingLiability"), Taxtype, false): All options with label 'Bay Restoration Fee' are selected in object 'Object Repository/RAD_Pages/TaxTypeFilingYear_Page/select_TaxType_ExistingLiability' 

2023-10-02 16:36:26 - [MESSAGE][PASSED] - All options with label 'Bay Restoration Fee' are selected in object 'Object Repository/RAD_Pages/TaxTypeFilingYear_Page/select_TaxType_ExistingLiability' 

2023-10-02 16:36:26 - [TEST_STEP][PASSED] - break: null

2023-10-02 16:36:26 - [TEST_STEP][PASSED] - delay(1): Delayed 1 second(s)

2023-10-02 16:36:27 - [MESSAGE][PASSED] - Delayed 1 second(s)

2023-10-02 16:36:27 - [TEST_STEP][PASSED] - scrollToElement(findTestObject(orPath_Amount + "/input__paymentAmount"), 3): Scroll to object 'Object Repository/RAD_Pages/PaymentAmount_Page/input__paymentAmount' successfully

2023-10-02 16:36:27 - [MESSAGE][PASSED] - Scroll to object 'Object Repository/RAD_Pages/PaymentAmount_Page/input__paymentAmount' successfully

2023-10-02 16:36:27 - [TEST_STEP][PASSED] - setText(findTestObject(orPath_AddressContact + "/input_eMailAddress"), "imtiazster@gmail.com"): Text 'imtiazster@gmail.com' is set on object 'Object Repository/RAD_Pages/AddressAndContactInfo_Page/input_eMailAddress'

2023-10-02 16:36:29 - [MESSAGE][PASSED] - Text 'imtiazster@gmail.com' is set on object 'Object Repository/RAD_Pages/AddressAndContactInfo_Page/input_eMailAddress'

2023-10-02 16:36:29 - [TEST_STEP][PASSED] - setText(findTestObject(orPath_AddressContact + "/input_reEnterEMailAddress"), "iahmed@govolution.com"): Text 'iahmed@govolution.com' is set on object 'Object Repository/RAD_Pages/AddressAndContactInfo_Page/input_reEnterEMailAddress'

2023-10-02 16:36:30 - [MESSAGE][PASSED] - Text 'iahmed@govolution.com' is set on object 'Object Repository/RAD_Pages/AddressAndContactInfo_Page/input_reEnterEMailAddress'

2023-10-02 16:36:30 - [TEST_STEP][PASSED] - delay(2): Delayed 2 second(s)

2023-10-02 16:36:32 - [MESSAGE][PASSED] - Delayed 2 second(s)

2023-10-02 16:36:32 - [TEST_STEP][PASSED] - if (verifyTextPresent("The Email and Re-enter email do not match", true)): null

2023-10-02 16:36:32 - [MESSAGE][PASSED] - Text 'The Email and Re-enter email do not match' is present on page  using regular expression

2023-10-02 16:36:32 - [TEST_STEP][PASSED] - println("Emails Dont match text is present"): null

2023-10-02 16:36:32 - [TEST_STEP][PASSED] - out.println("Pass Record Number: " + row): null

2023-10-02 16:36:32 - [TEST_STEP][PASSED] - resText = "Pass": null

2023-10-02 16:36:32 - [TEST_STEP][PASSED] - pages.WriteExcel.demoKey(resText, datText, resColumn, datCloumn, fileLoc, nameSheet, row): pages.WriteExcel.demoKey is PASSED

2023-10-02 16:36:32 - [MESSAGE][PASSED] - pages.WriteExcel.demoKey is PASSED

2023-10-02 16:36:32 - [TEST_STEP][PASSED] - ExecuteTC = findTestData(dataFile).getValue("Execute", row): null

2023-10-02 16:36:32 - [TEST_STEP][PASSED] - Taxtype = findTestData(dataFile).getValue("TaxType", row): null

2023-10-02 16:36:32 - [TEST_STEP][PASSED] - Paymenttype = findTestData(dataFile).getValue("PaymentType", row): null

2023-10-02 16:36:32 - [TEST_STEP][PASSED] - out.println("Value of Execute is : " + ExecuteTC): null

2023-10-02 16:36:32 - [TEST_STEP][PASSED] - if (ExecuteTC.equalsIgnoreCase("Y")): null

2023-10-02 16:36:32 - [TEST_STEP][PASSED] - out.println("Begin Record Number: " + row): null

2023-10-02 16:36:32 - [TEST_STEP][PASSED] - today = new java.util.Date(): null

2023-10-02 16:36:32 - [TEST_STEP][PASSED] - println(today): null

2023-10-02 16:36:32 - [TEST_STEP][PASSED] - datText = today: null

2023-10-02 16:36:32 - [TEST_STEP][PASSED] - Taxtype = findTestData(dataFile).getValue("TaxType", row): null

2023-10-02 16:36:32 - [TEST_STEP][PASSED] - out.println("Taxtype value is : " + Taxtype): null

2023-10-02 16:36:32 - [TEST_STEP][PASSED] - openBrowser(""): Browser is opened with url: ''

2023-10-02 16:36:32 - [MESSAGE][WARNING] - A browser is already opened. Closing browser and opening a new one

2023-10-02 16:36:33 - [MESSAGE][INFO] - Starting 'Chrome' driver

2023-10-02 16:36:33 - [MESSAGE][INFO] - User set preference: ['acceptInsecureCerts', 'true']

2023-10-02 16:36:33 - [MESSAGE][INFO] - Action delay is set to 0 milliseconds

2023-10-02 16:36:34 - [MESSAGE][PASSED] - Browser is opened with url: ''

2023-10-02 16:36:34 - [TEST_STEP][PASSED] - maximizeWindow(): Current window maximized

2023-10-02 16:36:35 - [MESSAGE][PASSED] - Current window maximized

2023-10-02 16:36:35 - [TEST_STEP][PASSED] - navigateToUrl(RADurl): Navigate to 'https://demo.velocitypayment.com/client/rad/index.html' successfully

2023-10-02 16:36:36 - [MESSAGE][PASSED] - Navigate to 'https://demo.velocitypayment.com/client/rad/index.html' successfully

2023-10-02 16:36:36 - [TEST_STEP][PASSED] - orPath_Landing = "Object Repository/RAD_Pages/Landing_Page": null

2023-10-02 16:36:36 - [TEST_STEP][PASSED] - orPath_TaxTypeFilingYear = "Object Repository/RAD_Pages/TaxTypeFilingYear_Page": null

2023-10-02 16:36:36 - [TEST_STEP][PASSED] - orPath_TaxPayer = "Object Repository/RAD_Pages/Taxpayer_Page": null

2023-10-02 16:36:36 - [TEST_STEP][PASSED] - orPath_AddressContact = "Object Repository/RAD_Pages/AddressAndContactInfo_Page": null

2023-10-02 16:36:36 - [TEST_STEP][PASSED] - orPath_FilingStatus = "Object Repository/RAD_Pages/FilingStatus_Page": null

2023-10-02 16:36:36 - [TEST_STEP][PASSED] - orPath_Amount = "Object Repository/RAD_Pages/PaymentAmount_Page": null

2023-10-02 16:36:36 - [TEST_STEP][PASSED] - selectOptionByLabel(findTestObject(orPath_Landing + "/dd_TaxType"), Paymenttype, false): All options with label 'Existing Liability w/Notice Number' are selected in object 'Object Repository/RAD_Pages/Landing_Page/dd_TaxType' 

2023-10-02 16:36:37 - [MESSAGE][PASSED] - All options with label 'Existing Liability w/Notice Number' are selected in object 'Object Repository/RAD_Pages/Landing_Page/dd_TaxType' 

2023-10-02 16:36:37 - [TEST_STEP][PASSED] - delay(1): Delayed 1 second(s)

2023-10-02 16:36:38 - [MESSAGE][PASSED] - Delayed 1 second(s)

2023-10-02 16:36:38 - [TEST_STEP][PASSED] - switch (Paymenttype): null

2023-10-02 16:36:38 - [TEST_STEP][PASSED] - case "Existing Liability w/Notice Number":: null

2023-10-02 16:36:38 - [TEST_STEP][PASSED] - selectOptionByLabel(findTestObject(orPath_TaxTypeFilingYear + "/select_TaxType_ExistingLiability"), Taxtype, false): All options with label 'Corporate Income Tax' are selected in object 'Object Repository/RAD_Pages/TaxTypeFilingYear_Page/select_TaxType_ExistingLiability' 

2023-10-02 16:36:38 - [MESSAGE][PASSED] - All options with label 'Corporate Income Tax' are selected in object 'Object Repository/RAD_Pages/TaxTypeFilingYear_Page/select_TaxType_ExistingLiability' 

2023-10-02 16:36:38 - [TEST_STEP][PASSED] - break: null

2023-10-02 16:36:38 - [TEST_STEP][PASSED] - delay(1): Delayed 1 second(s)

2023-10-02 16:36:39 - [MESSAGE][PASSED] - Delayed 1 second(s)

2023-10-02 16:36:39 - [TEST_STEP][PASSED] - scrollToElement(findTestObject(orPath_Amount + "/input__paymentAmount"), 3): Scroll to object 'Object Repository/RAD_Pages/PaymentAmount_Page/input__paymentAmount' successfully

2023-10-02 16:36:40 - [MESSAGE][PASSED] - Scroll to object 'Object Repository/RAD_Pages/PaymentAmount_Page/input__paymentAmount' successfully

2023-10-02 16:36:40 - [TEST_STEP][PASSED] - setText(findTestObject(orPath_AddressContact + "/input_eMailAddress"), "imtiazster@gmail.com"): Text 'imtiazster@gmail.com' is set on object 'Object Repository/RAD_Pages/AddressAndContactInfo_Page/input_eMailAddress'

2023-10-02 16:36:41 - [MESSAGE][PASSED] - Text 'imtiazster@gmail.com' is set on object 'Object Repository/RAD_Pages/AddressAndContactInfo_Page/input_eMailAddress'

2023-10-02 16:36:41 - [TEST_STEP][PASSED] - setText(findTestObject(orPath_AddressContact + "/input_reEnterEMailAddress"), "iahmed@govolution.com"): Text 'iahmed@govolution.com' is set on object 'Object Repository/RAD_Pages/AddressAndContactInfo_Page/input_reEnterEMailAddress'

2023-10-02 16:36:42 - [MESSAGE][PASSED] - Text 'iahmed@govolution.com' is set on object 'Object Repository/RAD_Pages/AddressAndContactInfo_Page/input_reEnterEMailAddress'

2023-10-02 16:36:42 - [TEST_STEP][PASSED] - delay(2): Delayed 2 second(s)

2023-10-02 16:36:44 - [MESSAGE][PASSED] - Delayed 2 second(s)

2023-10-02 16:36:44 - [TEST_STEP][PASSED] - if (verifyTextPresent("The Email and Re-enter email do not match", true)): null

2023-10-02 16:36:45 - [MESSAGE][PASSED] - Text 'The Email and Re-enter email do not match' is present on page  using regular expression

2023-10-02 16:36:45 - [TEST_STEP][PASSED] - println("Emails Dont match text is present"): null

2023-10-02 16:36:45 - [TEST_STEP][PASSED] - out.println("Pass Record Number: " + row): null

2023-10-02 16:36:45 - [TEST_STEP][PASSED] - resText = "Pass": null

2023-10-02 16:36:45 - [TEST_STEP][PASSED] - pages.WriteExcel.demoKey(resText, datText, resColumn, datCloumn, fileLoc, nameSheet, row): pages.WriteExcel.demoKey is PASSED

2023-10-02 16:36:45 - [MESSAGE][PASSED] - pages.WriteExcel.demoKey is PASSED

2023-10-02 16:36:45 - [TEST_STEP][PASSED] - ExecuteTC = findTestData(dataFile).getValue("Execute", row): null

2023-10-02 16:36:45 - [TEST_STEP][PASSED] - Taxtype = findTestData(dataFile).getValue("TaxType", row): null

2023-10-02 16:36:45 - [TEST_STEP][PASSED] - Paymenttype = findTestData(dataFile).getValue("PaymentType", row): null

2023-10-02 16:36:45 - [TEST_STEP][PASSED] - out.println("Value of Execute is : " + ExecuteTC): null

2023-10-02 16:36:45 - [TEST_STEP][PASSED] - if (ExecuteTC.equalsIgnoreCase("Y")): null

2023-10-02 16:36:45 - [TEST_STEP][PASSED] - out.println("Begin Record Number: " + row): null

2023-10-02 16:36:45 - [TEST_STEP][PASSED] - today = new java.util.Date(): null

2023-10-02 16:36:45 - [TEST_STEP][PASSED] - println(today): null

2023-10-02 16:36:45 - [TEST_STEP][PASSED] - datText = today: null

2023-10-02 16:36:45 - [TEST_STEP][PASSED] - Taxtype = findTestData(dataFile).getValue("TaxType", row): null

2023-10-02 16:36:45 - [TEST_STEP][PASSED] - out.println("Taxtype value is : " + Taxtype): null

2023-10-02 16:36:45 - [TEST_STEP][PASSED] - openBrowser(""): Browser is opened with url: ''

2023-10-02 16:36:45 - [MESSAGE][WARNING] - A browser is already opened. Closing browser and opening a new one

2023-10-02 16:36:46 - [MESSAGE][INFO] - Starting 'Chrome' driver

2023-10-02 16:36:46 - [MESSAGE][INFO] - User set preference: ['acceptInsecureCerts', 'true']

2023-10-02 16:36:46 - [MESSAGE][INFO] - Action delay is set to 0 milliseconds

2023-10-02 16:36:47 - [MESSAGE][PASSED] - Browser is opened with url: ''

2023-10-02 16:36:47 - [TEST_STEP][PASSED] - maximizeWindow(): Current window maximized

2023-10-02 16:36:47 - [MESSAGE][PASSED] - Current window maximized

2023-10-02 16:36:47 - [TEST_STEP][PASSED] - navigateToUrl(RADurl): Navigate to 'https://demo.velocitypayment.com/client/rad/index.html' successfully

2023-10-02 16:36:49 - [MESSAGE][PASSED] - Navigate to 'https://demo.velocitypayment.com/client/rad/index.html' successfully

2023-10-02 16:36:49 - [TEST_STEP][PASSED] - orPath_Landing = "Object Repository/RAD_Pages/Landing_Page": null

2023-10-02 16:36:49 - [TEST_STEP][PASSED] - orPath_TaxTypeFilingYear = "Object Repository/RAD_Pages/TaxTypeFilingYear_Page": null

2023-10-02 16:36:49 - [TEST_STEP][PASSED] - orPath_TaxPayer = "Object Repository/RAD_Pages/Taxpayer_Page": null

2023-10-02 16:36:49 - [TEST_STEP][PASSED] - orPath_AddressContact = "Object Repository/RAD_Pages/AddressAndContactInfo_Page": null

2023-10-02 16:36:49 - [TEST_STEP][PASSED] - orPath_FilingStatus = "Object Repository/RAD_Pages/FilingStatus_Page": null

2023-10-02 16:36:49 - [TEST_STEP][PASSED] - orPath_Amount = "Object Repository/RAD_Pages/PaymentAmount_Page": null

2023-10-02 16:36:49 - [TEST_STEP][PASSED] - selectOptionByLabel(findTestObject(orPath_Landing + "/dd_TaxType"), Paymenttype, false): All options with label 'Existing Liability w/Notice Number' are selected in object 'Object Repository/RAD_Pages/Landing_Page/dd_TaxType' 

2023-10-02 16:36:49 - [MESSAGE][PASSED] - All options with label 'Existing Liability w/Notice Number' are selected in object 'Object Repository/RAD_Pages/Landing_Page/dd_TaxType' 

2023-10-02 16:36:49 - [TEST_STEP][PASSED] - delay(1): Delayed 1 second(s)

2023-10-02 16:36:50 - [MESSAGE][PASSED] - Delayed 1 second(s)

2023-10-02 16:36:50 - [TEST_STEP][PASSED] - switch (Paymenttype): null

2023-10-02 16:36:50 - [TEST_STEP][PASSED] - case "Existing Liability w/Notice Number":: null

2023-10-02 16:36:50 - [TEST_STEP][PASSED] - selectOptionByLabel(findTestObject(orPath_TaxTypeFilingYear + "/select_TaxType_ExistingLiability"), Taxtype, false): All options with label 'Fiduciary Tax' are selected in object 'Object Repository/RAD_Pages/TaxTypeFilingYear_Page/select_TaxType_ExistingLiability' 

2023-10-02 16:36:51 - [MESSAGE][PASSED] - All options with label 'Fiduciary Tax' are selected in object 'Object Repository/RAD_Pages/TaxTypeFilingYear_Page/select_TaxType_ExistingLiability' 

2023-10-02 16:36:51 - [TEST_STEP][PASSED] - break: null

2023-10-02 16:36:51 - [TEST_STEP][PASSED] - delay(1): Delayed 1 second(s)

2023-10-02 16:36:52 - [MESSAGE][PASSED] - Delayed 1 second(s)

2023-10-02 16:36:52 - [TEST_STEP][PASSED] - scrollToElement(findTestObject(orPath_Amount + "/input__paymentAmount"), 3): Scroll to object 'Object Repository/RAD_Pages/PaymentAmount_Page/input__paymentAmount' successfully

2023-10-02 16:36:52 - [MESSAGE][PASSED] - Scroll to object 'Object Repository/RAD_Pages/PaymentAmount_Page/input__paymentAmount' successfully

2023-10-02 16:36:52 - [TEST_STEP][PASSED] - setText(findTestObject(orPath_AddressContact + "/input_eMailAddress"), "imtiazster@gmail.com"): Text 'imtiazster@gmail.com' is set on object 'Object Repository/RAD_Pages/AddressAndContactInfo_Page/input_eMailAddress'

2023-10-02 16:36:54 - [MESSAGE][PASSED] - Text 'imtiazster@gmail.com' is set on object 'Object Repository/RAD_Pages/AddressAndContactInfo_Page/input_eMailAddress'

2023-10-02 16:36:54 - [TEST_STEP][PASSED] - setText(findTestObject(orPath_AddressContact + "/input_reEnterEMailAddress"), "iahmed@govolution.com"): Text 'iahmed@govolution.com' is set on object 'Object Repository/RAD_Pages/AddressAndContactInfo_Page/input_reEnterEMailAddress'

2023-10-02 16:36:55 - [MESSAGE][PASSED] - Text 'iahmed@govolution.com' is set on object 'Object Repository/RAD_Pages/AddressAndContactInfo_Page/input_reEnterEMailAddress'

2023-10-02 16:36:55 - [TEST_STEP][PASSED] - delay(2): Delayed 2 second(s)

2023-10-02 16:36:57 - [MESSAGE][PASSED] - Delayed 2 second(s)

2023-10-02 16:36:57 - [TEST_STEP][PASSED] - if (verifyTextPresent("The Email and Re-enter email do not match", true)): null

2023-10-02 16:36:57 - [MESSAGE][PASSED] - Text 'The Email and Re-enter email do not match' is present on page  using regular expression

2023-10-02 16:36:57 - [TEST_STEP][PASSED] - println("Emails Dont match text is present"): null

2023-10-02 16:36:57 - [TEST_STEP][PASSED] - out.println("Pass Record Number: " + row): null

2023-10-02 16:36:57 - [TEST_STEP][PASSED] - resText = "Pass": null

2023-10-02 16:36:57 - [TEST_STEP][PASSED] - pages.WriteExcel.demoKey(resText, datText, resColumn, datCloumn, fileLoc, nameSheet, row): pages.WriteExcel.demoKey is PASSED

2023-10-02 16:36:58 - [MESSAGE][PASSED] - pages.WriteExcel.demoKey is PASSED

2023-10-02 16:36:58 - [TEST_STEP][PASSED] - ExecuteTC = findTestData(dataFile).getValue("Execute", row): null

2023-10-02 16:36:58 - [TEST_STEP][PASSED] - Taxtype = findTestData(dataFile).getValue("TaxType", row): null

2023-10-02 16:36:58 - [TEST_STEP][PASSED] - Paymenttype = findTestData(dataFile).getValue("PaymentType", row): null

2023-10-02 16:36:58 - [TEST_STEP][PASSED] - out.println("Value of Execute is : " + ExecuteTC): null

2023-10-02 16:36:58 - [TEST_STEP][PASSED] - if (ExecuteTC.equalsIgnoreCase("Y")): null

2023-10-02 16:36:58 - [TEST_STEP][PASSED] - out.println("Begin Record Number: " + row): null

2023-10-02 16:36:58 - [TEST_STEP][PASSED] - today = new java.util.Date(): null

2023-10-02 16:36:58 - [TEST_STEP][PASSED] - println(today): null

2023-10-02 16:36:58 - [TEST_STEP][PASSED] - datText = today: null

2023-10-02 16:36:58 - [TEST_STEP][PASSED] - Taxtype = findTestData(dataFile).getValue("TaxType", row): null

2023-10-02 16:36:58 - [TEST_STEP][PASSED] - out.println("Taxtype value is : " + Taxtype): null

2023-10-02 16:36:58 - [TEST_STEP][PASSED] - openBrowser(""): Browser is opened with url: ''

2023-10-02 16:36:58 - [MESSAGE][WARNING] - A browser is already opened. Closing browser and opening a new one

2023-10-02 16:36:58 - [MESSAGE][INFO] - Starting 'Chrome' driver

2023-10-02 16:36:58 - [MESSAGE][INFO] - User set preference: ['acceptInsecureCerts', 'true']

2023-10-02 16:36:58 - [MESSAGE][INFO] - Action delay is set to 0 milliseconds

2023-10-02 16:37:00 - [MESSAGE][PASSED] - Browser is opened with url: ''

2023-10-02 16:37:00 - [TEST_STEP][PASSED] - maximizeWindow(): Current window maximized

2023-10-02 16:37:00 - [MESSAGE][PASSED] - Current window maximized

2023-10-02 16:37:00 - [TEST_STEP][PASSED] - navigateToUrl(RADurl): Navigate to 'https://demo.velocitypayment.com/client/rad/index.html' successfully

2023-10-02 16:37:01 - [MESSAGE][PASSED] - Navigate to 'https://demo.velocitypayment.com/client/rad/index.html' successfully

2023-10-02 16:37:01 - [TEST_STEP][PASSED] - orPath_Landing = "Object Repository/RAD_Pages/Landing_Page": null

2023-10-02 16:37:01 - [TEST_STEP][PASSED] - orPath_TaxTypeFilingYear = "Object Repository/RAD_Pages/TaxTypeFilingYear_Page": null

2023-10-02 16:37:01 - [TEST_STEP][PASSED] - orPath_TaxPayer = "Object Repository/RAD_Pages/Taxpayer_Page": null

2023-10-02 16:37:01 - [TEST_STEP][PASSED] - orPath_AddressContact = "Object Repository/RAD_Pages/AddressAndContactInfo_Page": null

2023-10-02 16:37:01 - [TEST_STEP][PASSED] - orPath_FilingStatus = "Object Repository/RAD_Pages/FilingStatus_Page": null

2023-10-02 16:37:01 - [TEST_STEP][PASSED] - orPath_Amount = "Object Repository/RAD_Pages/PaymentAmount_Page": null

2023-10-02 16:37:01 - [TEST_STEP][PASSED] - selectOptionByLabel(findTestObject(orPath_Landing + "/dd_TaxType"), Paymenttype, false): All options with label 'Existing Liability w/Notice Number' are selected in object 'Object Repository/RAD_Pages/Landing_Page/dd_TaxType' 

2023-10-02 16:37:02 - [MESSAGE][PASSED] - All options with label 'Existing Liability w/Notice Number' are selected in object 'Object Repository/RAD_Pages/Landing_Page/dd_TaxType' 

2023-10-02 16:37:02 - [TEST_STEP][PASSED] - delay(1): Delayed 1 second(s)

2023-10-02 16:37:03 - [MESSAGE][PASSED] - Delayed 1 second(s)

2023-10-02 16:37:03 - [TEST_STEP][PASSED] - switch (Paymenttype): null

2023-10-02 16:37:03 - [TEST_STEP][PASSED] - case "Existing Liability w/Notice Number":: null

2023-10-02 16:37:03 - [TEST_STEP][PASSED] - selectOptionByLabel(findTestObject(orPath_TaxTypeFilingYear + "/select_TaxType_ExistingLiability"), Taxtype, false): All options with label 'PTE Non-Electing Non-S Corp' are selected in object 'Object Repository/RAD_Pages/TaxTypeFilingYear_Page/select_TaxType_ExistingLiability' 

2023-10-02 16:37:04 - [MESSAGE][PASSED] - All options with label 'PTE Non-Electing Non-S Corp' are selected in object 'Object Repository/RAD_Pages/TaxTypeFilingYear_Page/select_TaxType_ExistingLiability' 

2023-10-02 16:37:04 - [TEST_STEP][PASSED] - break: null

2023-10-02 16:37:04 - [TEST_STEP][PASSED] - delay(1): Delayed 1 second(s)

2023-10-02 16:37:05 - [MESSAGE][PASSED] - Delayed 1 second(s)

2023-10-02 16:37:05 - [TEST_STEP][PASSED] - scrollToElement(findTestObject(orPath_Amount + "/input__paymentAmount"), 3): Scroll to object 'Object Repository/RAD_Pages/PaymentAmount_Page/input__paymentAmount' successfully

2023-10-02 16:37:05 - [MESSAGE][PASSED] - Scroll to object 'Object Repository/RAD_Pages/PaymentAmount_Page/input__paymentAmount' successfully

2023-10-02 16:37:05 - [TEST_STEP][PASSED] - setText(findTestObject(orPath_AddressContact + "/input_eMailAddress"), "imtiazster@gmail.com"): Text 'imtiazster@gmail.com' is set on object 'Object Repository/RAD_Pages/AddressAndContactInfo_Page/input_eMailAddress'

2023-10-02 16:37:07 - [MESSAGE][PASSED] - Text 'imtiazster@gmail.com' is set on object 'Object Repository/RAD_Pages/AddressAndContactInfo_Page/input_eMailAddress'

2023-10-02 16:37:07 - [TEST_STEP][PASSED] - setText(findTestObject(orPath_AddressContact + "/input_reEnterEMailAddress"), "iahmed@govolution.com"): Text 'iahmed@govolution.com' is set on object 'Object Repository/RAD_Pages/AddressAndContactInfo_Page/input_reEnterEMailAddress'

2023-10-02 16:37:08 - [MESSAGE][PASSED] - Text 'iahmed@govolution.com' is set on object 'Object Repository/RAD_Pages/AddressAndContactInfo_Page/input_reEnterEMailAddress'

2023-10-02 16:37:08 - [TEST_STEP][PASSED] - delay(2): Delayed 2 second(s)

2023-10-02 16:37:10 - [MESSAGE][PASSED] - Delayed 2 second(s)

2023-10-02 16:37:10 - [TEST_STEP][PASSED] - if (verifyTextPresent("The Email and Re-enter email do not match", true)): null

2023-10-02 16:37:10 - [MESSAGE][PASSED] - Text 'The Email and Re-enter email do not match' is present on page  using regular expression

2023-10-02 16:37:10 - [TEST_STEP][PASSED] - println("Emails Dont match text is present"): null

2023-10-02 16:37:10 - [TEST_STEP][PASSED] - out.println("Pass Record Number: " + row): null

2023-10-02 16:37:10 - [TEST_STEP][PASSED] - resText = "Pass": null

2023-10-02 16:37:10 - [TEST_STEP][PASSED] - pages.WriteExcel.demoKey(resText, datText, resColumn, datCloumn, fileLoc, nameSheet, row): pages.WriteExcel.demoKey is PASSED

2023-10-02 16:37:10 - [MESSAGE][PASSED] - pages.WriteExcel.demoKey is PASSED

2023-10-02 16:37:10 - [TEST_STEP][PASSED] - ExecuteTC = findTestData(dataFile).getValue("Execute", row): null

2023-10-02 16:37:10 - [TEST_STEP][PASSED] - Taxtype = findTestData(dataFile).getValue("TaxType", row): null

2023-10-02 16:37:10 - [TEST_STEP][PASSED] - Paymenttype = findTestData(dataFile).getValue("PaymentType", row): null

2023-10-02 16:37:10 - [TEST_STEP][PASSED] - out.println("Value of Execute is : " + ExecuteTC): null

2023-10-02 16:37:10 - [TEST_STEP][PASSED] - if (ExecuteTC.equalsIgnoreCase("Y")): null

2023-10-02 16:37:10 - [TEST_STEP][PASSED] - out.println("Begin Record Number: " + row): null

2023-10-02 16:37:10 - [TEST_STEP][PASSED] - today = new java.util.Date(): null

2023-10-02 16:37:10 - [TEST_STEP][PASSED] - println(today): null

2023-10-02 16:37:10 - [TEST_STEP][PASSED] - datText = today: null

2023-10-02 16:37:10 - [TEST_STEP][PASSED] - Taxtype = findTestData(dataFile).getValue("TaxType", row): null

2023-10-02 16:37:10 - [TEST_STEP][PASSED] - out.println("Taxtype value is : " + Taxtype): null

2023-10-02 16:37:10 - [TEST_STEP][PASSED] - openBrowser(""): Browser is opened with url: ''

2023-10-02 16:37:10 - [MESSAGE][WARNING] - A browser is already opened. Closing browser and opening a new one

2023-10-02 16:37:11 - [MESSAGE][INFO] - Starting 'Chrome' driver

2023-10-02 16:37:11 - [MESSAGE][INFO] - User set preference: ['acceptInsecureCerts', 'true']

2023-10-02 16:37:11 - [MESSAGE][INFO] - Action delay is set to 0 milliseconds

2023-10-02 16:37:13 - [MESSAGE][PASSED] - Browser is opened with url: ''

2023-10-02 16:37:13 - [TEST_STEP][PASSED] - maximizeWindow(): Current window maximized

2023-10-02 16:37:13 - [MESSAGE][PASSED] - Current window maximized

2023-10-02 16:37:13 - [TEST_STEP][PASSED] - navigateToUrl(RADurl): Navigate to 'https://demo.velocitypayment.com/client/rad/index.html' successfully

2023-10-02 16:37:14 - [MESSAGE][PASSED] - Navigate to 'https://demo.velocitypayment.com/client/rad/index.html' successfully

2023-10-02 16:37:14 - [TEST_STEP][PASSED] - orPath_Landing = "Object Repository/RAD_Pages/Landing_Page": null

2023-10-02 16:37:14 - [TEST_STEP][PASSED] - orPath_TaxTypeFilingYear = "Object Repository/RAD_Pages/TaxTypeFilingYear_Page": null

2023-10-02 16:37:14 - [TEST_STEP][PASSED] - orPath_TaxPayer = "Object Repository/RAD_Pages/Taxpayer_Page": null

2023-10-02 16:37:14 - [TEST_STEP][PASSED] - orPath_AddressContact = "Object Repository/RAD_Pages/AddressAndContactInfo_Page": null

2023-10-02 16:37:14 - [TEST_STEP][PASSED] - orPath_FilingStatus = "Object Repository/RAD_Pages/FilingStatus_Page": null

2023-10-02 16:37:14 - [TEST_STEP][PASSED] - orPath_Amount = "Object Repository/RAD_Pages/PaymentAmount_Page": null

2023-10-02 16:37:14 - [TEST_STEP][PASSED] - selectOptionByLabel(findTestObject(orPath_Landing + "/dd_TaxType"), Paymenttype, false): All options with label 'Existing Liability w/Notice Number' are selected in object 'Object Repository/RAD_Pages/Landing_Page/dd_TaxType' 

2023-10-02 16:37:15 - [MESSAGE][PASSED] - All options with label 'Existing Liability w/Notice Number' are selected in object 'Object Repository/RAD_Pages/Landing_Page/dd_TaxType' 

2023-10-02 16:37:15 - [TEST_STEP][PASSED] - delay(1): Delayed 1 second(s)

2023-10-02 16:37:16 - [MESSAGE][PASSED] - Delayed 1 second(s)

2023-10-02 16:37:16 - [TEST_STEP][PASSED] - switch (Paymenttype): null

2023-10-02 16:37:16 - [TEST_STEP][PASSED] - case "Existing Liability w/Notice Number":: null

2023-10-02 16:37:16 - [TEST_STEP][PASSED] - selectOptionByLabel(findTestObject(orPath_TaxTypeFilingYear + "/select_TaxType_ExistingLiability"), Taxtype, false): All options with label 'PTE Non-Electing S Corp' are selected in object 'Object Repository/RAD_Pages/TaxTypeFilingYear_Page/select_TaxType_ExistingLiability' 

2023-10-02 16:37:17 - [MESSAGE][PASSED] - All options with label 'PTE Non-Electing S Corp' are selected in object 'Object Repository/RAD_Pages/TaxTypeFilingYear_Page/select_TaxType_ExistingLiability' 

2023-10-02 16:37:17 - [TEST_STEP][PASSED] - break: null

2023-10-02 16:37:17 - [TEST_STEP][PASSED] - delay(1): Delayed 1 second(s)

2023-10-02 16:37:18 - [MESSAGE][PASSED] - Delayed 1 second(s)

2023-10-02 16:37:18 - [TEST_STEP][PASSED] - scrollToElement(findTestObject(orPath_Amount + "/input__paymentAmount"), 3): Scroll to object 'Object Repository/RAD_Pages/PaymentAmount_Page/input__paymentAmount' successfully

2023-10-02 16:37:18 - [MESSAGE][PASSED] - Scroll to object 'Object Repository/RAD_Pages/PaymentAmount_Page/input__paymentAmount' successfully

2023-10-02 16:37:18 - [TEST_STEP][PASSED] - setText(findTestObject(orPath_AddressContact + "/input_eMailAddress"), "imtiazster@gmail.com"): Text 'imtiazster@gmail.com' is set on object 'Object Repository/RAD_Pages/AddressAndContactInfo_Page/input_eMailAddress'

2023-10-02 16:37:20 - [MESSAGE][PASSED] - Text 'imtiazster@gmail.com' is set on object 'Object Repository/RAD_Pages/AddressAndContactInfo_Page/input_eMailAddress'

2023-10-02 16:37:20 - [TEST_STEP][PASSED] - setText(findTestObject(orPath_AddressContact + "/input_reEnterEMailAddress"), "iahmed@govolution.com"): Text 'iahmed@govolution.com' is set on object 'Object Repository/RAD_Pages/AddressAndContactInfo_Page/input_reEnterEMailAddress'

2023-10-02 16:37:21 - [MESSAGE][PASSED] - Text 'iahmed@govolution.com' is set on object 'Object Repository/RAD_Pages/AddressAndContactInfo_Page/input_reEnterEMailAddress'

2023-10-02 16:37:21 - [TEST_STEP][PASSED] - delay(2): Delayed 2 second(s)

2023-10-02 16:37:23 - [MESSAGE][PASSED] - Delayed 2 second(s)

2023-10-02 16:37:23 - [TEST_STEP][PASSED] - if (verifyTextPresent("The Email and Re-enter email do not match", true)): null

2023-10-02 16:37:23 - [MESSAGE][PASSED] - Text 'The Email and Re-enter email do not match' is present on page  using regular expression

2023-10-02 16:37:23 - [TEST_STEP][PASSED] - println("Emails Dont match text is present"): null

2023-10-02 16:37:23 - [TEST_STEP][PASSED] - out.println("Pass Record Number: " + row): null

2023-10-02 16:37:23 - [TEST_STEP][PASSED] - resText = "Pass": null

2023-10-02 16:37:23 - [TEST_STEP][PASSED] - pages.WriteExcel.demoKey(resText, datText, resColumn, datCloumn, fileLoc, nameSheet, row): pages.WriteExcel.demoKey is PASSED

2023-10-02 16:37:23 - [MESSAGE][PASSED] - pages.WriteExcel.demoKey is PASSED

2023-10-02 16:37:23 - [TEST_STEP][PASSED] - ExecuteTC = findTestData(dataFile).getValue("Execute", row): null

2023-10-02 16:37:23 - [TEST_STEP][PASSED] - Taxtype = findTestData(dataFile).getValue("TaxType", row): null

2023-10-02 16:37:23 - [TEST_STEP][PASSED] - Paymenttype = findTestData(dataFile).getValue("PaymentType", row): null

2023-10-02 16:37:23 - [TEST_STEP][PASSED] - out.println("Value of Execute is : " + ExecuteTC): null

2023-10-02 16:37:23 - [TEST_STEP][PASSED] - if (ExecuteTC.equalsIgnoreCase("Y")): null

2023-10-02 16:37:23 - [TEST_STEP][PASSED] - out.println("Begin Record Number: " + row): null

2023-10-02 16:37:23 - [TEST_STEP][PASSED] - today = new java.util.Date(): null

2023-10-02 16:37:23 - [TEST_STEP][PASSED] - println(today): null

2023-10-02 16:37:23 - [TEST_STEP][PASSED] - datText = today: null

2023-10-02 16:37:23 - [TEST_STEP][PASSED] - Taxtype = findTestData(dataFile).getValue("TaxType", row): null

2023-10-02 16:37:23 - [TEST_STEP][PASSED] - out.println("Taxtype value is : " + Taxtype): null

2023-10-02 16:37:23 - [TEST_STEP][PASSED] - openBrowser(""): Browser is opened with url: ''

2023-10-02 16:37:23 - [MESSAGE][WARNING] - A browser is already opened. Closing browser and opening a new one

2023-10-02 16:37:24 - [MESSAGE][INFO] - Starting 'Chrome' driver

2023-10-02 16:37:24 - [MESSAGE][INFO] - User set preference: ['acceptInsecureCerts', 'true']

2023-10-02 16:37:24 - [MESSAGE][INFO] - Action delay is set to 0 milliseconds

2023-10-02 16:37:26 - [MESSAGE][PASSED] - Browser is opened with url: ''

2023-10-02 16:37:26 - [TEST_STEP][PASSED] - maximizeWindow(): Current window maximized

2023-10-02 16:37:26 - [MESSAGE][PASSED] - Current window maximized

2023-10-02 16:37:26 - [TEST_STEP][PASSED] - navigateToUrl(RADurl): Navigate to 'https://demo.velocitypayment.com/client/rad/index.html' successfully

2023-10-02 16:37:27 - [MESSAGE][PASSED] - Navigate to 'https://demo.velocitypayment.com/client/rad/index.html' successfully

2023-10-02 16:37:27 - [TEST_STEP][PASSED] - orPath_Landing = "Object Repository/RAD_Pages/Landing_Page": null

2023-10-02 16:37:27 - [TEST_STEP][PASSED] - orPath_TaxTypeFilingYear = "Object Repository/RAD_Pages/TaxTypeFilingYear_Page": null

2023-10-02 16:37:27 - [TEST_STEP][PASSED] - orPath_TaxPayer = "Object Repository/RAD_Pages/Taxpayer_Page": null

2023-10-02 16:37:27 - [TEST_STEP][PASSED] - orPath_AddressContact = "Object Repository/RAD_Pages/AddressAndContactInfo_Page": null

2023-10-02 16:37:27 - [TEST_STEP][PASSED] - orPath_FilingStatus = "Object Repository/RAD_Pages/FilingStatus_Page": null

2023-10-02 16:37:27 - [TEST_STEP][PASSED] - orPath_Amount = "Object Repository/RAD_Pages/PaymentAmount_Page": null

2023-10-02 16:37:27 - [TEST_STEP][PASSED] - selectOptionByLabel(findTestObject(orPath_Landing + "/dd_TaxType"), Paymenttype, false): All options with label 'Existing Liability w/Notice Number' are selected in object 'Object Repository/RAD_Pages/Landing_Page/dd_TaxType' 

2023-10-02 16:37:28 - [MESSAGE][PASSED] - All options with label 'Existing Liability w/Notice Number' are selected in object 'Object Repository/RAD_Pages/Landing_Page/dd_TaxType' 

2023-10-02 16:37:28 - [TEST_STEP][PASSED] - delay(1): Delayed 1 second(s)

2023-10-02 16:37:29 - [MESSAGE][PASSED] - Delayed 1 second(s)

2023-10-02 16:37:29 - [TEST_STEP][PASSED] - switch (Paymenttype): null

2023-10-02 16:37:29 - [TEST_STEP][PASSED] - case "Existing Liability w/Notice Number":: null

2023-10-02 16:37:29 - [TEST_STEP][PASSED] - selectOptionByLabel(findTestObject(orPath_TaxTypeFilingYear + "/select_TaxType_ExistingLiability"), Taxtype, false): All options with label 'Sales & Use Tax' are selected in object 'Object Repository/RAD_Pages/TaxTypeFilingYear_Page/select_TaxType_ExistingLiability' 

2023-10-02 16:37:30 - [MESSAGE][PASSED] - All options with label 'Sales & Use Tax' are selected in object 'Object Repository/RAD_Pages/TaxTypeFilingYear_Page/select_TaxType_ExistingLiability' 

2023-10-02 16:37:30 - [TEST_STEP][PASSED] - break: null

2023-10-02 16:37:30 - [TEST_STEP][PASSED] - delay(1): Delayed 1 second(s)

2023-10-02 16:37:31 - [MESSAGE][PASSED] - Delayed 1 second(s)

2023-10-02 16:37:31 - [TEST_STEP][PASSED] - scrollToElement(findTestObject(orPath_Amount + "/input__paymentAmount"), 3): Scroll to object 'Object Repository/RAD_Pages/PaymentAmount_Page/input__paymentAmount' successfully

2023-10-02 16:37:31 - [MESSAGE][PASSED] - Scroll to object 'Object Repository/RAD_Pages/PaymentAmount_Page/input__paymentAmount' successfully

2023-10-02 16:37:31 - [TEST_STEP][PASSED] - setText(findTestObject(orPath_AddressContact + "/input_eMailAddress"), "imtiazster@gmail.com"): Text 'imtiazster@gmail.com' is set on object 'Object Repository/RAD_Pages/AddressAndContactInfo_Page/input_eMailAddress'

2023-10-02 16:37:33 - [MESSAGE][PASSED] - Text 'imtiazster@gmail.com' is set on object 'Object Repository/RAD_Pages/AddressAndContactInfo_Page/input_eMailAddress'

2023-10-02 16:37:33 - [TEST_STEP][PASSED] - setText(findTestObject(orPath_AddressContact + "/input_reEnterEMailAddress"), "iahmed@govolution.com"): Text 'iahmed@govolution.com' is set on object 'Object Repository/RAD_Pages/AddressAndContactInfo_Page/input_reEnterEMailAddress'

2023-10-02 16:37:34 - [MESSAGE][PASSED] - Text 'iahmed@govolution.com' is set on object 'Object Repository/RAD_Pages/AddressAndContactInfo_Page/input_reEnterEMailAddress'

2023-10-02 16:37:34 - [TEST_STEP][PASSED] - delay(2): Delayed 2 second(s)

2023-10-02 16:37:36 - [MESSAGE][PASSED] - Delayed 2 second(s)

2023-10-02 16:37:36 - [TEST_STEP][PASSED] - if (verifyTextPresent("The Email and Re-enter email do not match", true)): null

2023-10-02 16:37:36 - [MESSAGE][PASSED] - Text 'The Email and Re-enter email do not match' is present on page  using regular expression

2023-10-02 16:37:36 - [TEST_STEP][PASSED] - println("Emails Dont match text is present"): null

2023-10-02 16:37:36 - [TEST_STEP][PASSED] - out.println("Pass Record Number: " + row): null

2023-10-02 16:37:36 - [TEST_STEP][PASSED] - resText = "Pass": null

2023-10-02 16:37:36 - [TEST_STEP][PASSED] - pages.WriteExcel.demoKey(resText, datText, resColumn, datCloumn, fileLoc, nameSheet, row): pages.WriteExcel.demoKey is PASSED

2023-10-02 16:37:36 - [MESSAGE][PASSED] - pages.WriteExcel.demoKey is PASSED

2023-10-02 16:37:36 - [TEST_STEP][PASSED] - ExecuteTC = findTestData(dataFile).getValue("Execute", row): null

2023-10-02 16:37:36 - [TEST_STEP][PASSED] - Taxtype = findTestData(dataFile).getValue("TaxType", row): null

2023-10-02 16:37:36 - [TEST_STEP][PASSED] - Paymenttype = findTestData(dataFile).getValue("PaymentType", row): null

2023-10-02 16:37:36 - [TEST_STEP][PASSED] - out.println("Value of Execute is : " + ExecuteTC): null

2023-10-02 16:37:36 - [TEST_STEP][PASSED] - if (ExecuteTC.equalsIgnoreCase("Y")): null

2023-10-02 16:37:36 - [TEST_STEP][PASSED] - out.println("Begin Record Number: " + row): null

2023-10-02 16:37:36 - [TEST_STEP][PASSED] - today = new java.util.Date(): null

2023-10-02 16:37:36 - [TEST_STEP][PASSED] - println(today): null

2023-10-02 16:37:36 - [TEST_STEP][PASSED] - datText = today: null

2023-10-02 16:37:36 - [TEST_STEP][PASSED] - Taxtype = findTestData(dataFile).getValue("TaxType", row): null

2023-10-02 16:37:36 - [TEST_STEP][PASSED] - out.println("Taxtype value is : " + Taxtype): null

2023-10-02 16:37:36 - [TEST_STEP][PASSED] - openBrowser(""): Browser is opened with url: ''

2023-10-02 16:37:36 - [MESSAGE][WARNING] - A browser is already opened. Closing browser and opening a new one

2023-10-02 16:37:37 - [MESSAGE][INFO] - Starting 'Chrome' driver

2023-10-02 16:37:37 - [MESSAGE][INFO] - User set preference: ['acceptInsecureCerts', 'true']

2023-10-02 16:37:37 - [MESSAGE][INFO] - Action delay is set to 0 milliseconds

2023-10-02 16:37:39 - [MESSAGE][PASSED] - Browser is opened with url: ''

2023-10-02 16:37:39 - [TEST_STEP][PASSED] - maximizeWindow(): Current window maximized

2023-10-02 16:37:39 - [MESSAGE][PASSED] - Current window maximized

2023-10-02 16:37:39 - [TEST_STEP][PASSED] - navigateToUrl(RADurl): Navigate to 'https://demo.velocitypayment.com/client/rad/index.html' successfully

2023-10-02 16:37:40 - [MESSAGE][PASSED] - Navigate to 'https://demo.velocitypayment.com/client/rad/index.html' successfully

2023-10-02 16:37:40 - [TEST_STEP][PASSED] - orPath_Landing = "Object Repository/RAD_Pages/Landing_Page": null

2023-10-02 16:37:40 - [TEST_STEP][PASSED] - orPath_TaxTypeFilingYear = "Object Repository/RAD_Pages/TaxTypeFilingYear_Page": null

2023-10-02 16:37:40 - [TEST_STEP][PASSED] - orPath_TaxPayer = "Object Repository/RAD_Pages/Taxpayer_Page": null

2023-10-02 16:37:40 - [TEST_STEP][PASSED] - orPath_AddressContact = "Object Repository/RAD_Pages/AddressAndContactInfo_Page": null

2023-10-02 16:37:40 - [TEST_STEP][PASSED] - orPath_FilingStatus = "Object Repository/RAD_Pages/FilingStatus_Page": null

2023-10-02 16:37:40 - [TEST_STEP][PASSED] - orPath_Amount = "Object Repository/RAD_Pages/PaymentAmount_Page": null

2023-10-02 16:37:40 - [TEST_STEP][PASSED] - selectOptionByLabel(findTestObject(orPath_Landing + "/dd_TaxType"), Paymenttype, false): All options with label 'Existing Liability w/Notice Number' are selected in object 'Object Repository/RAD_Pages/Landing_Page/dd_TaxType' 

2023-10-02 16:37:41 - [MESSAGE][PASSED] - All options with label 'Existing Liability w/Notice Number' are selected in object 'Object Repository/RAD_Pages/Landing_Page/dd_TaxType' 

2023-10-02 16:37:41 - [TEST_STEP][PASSED] - delay(1): Delayed 1 second(s)

2023-10-02 16:37:42 - [MESSAGE][PASSED] - Delayed 1 second(s)

2023-10-02 16:37:42 - [TEST_STEP][PASSED] - switch (Paymenttype): null

2023-10-02 16:37:42 - [TEST_STEP][PASSED] - case "Existing Liability w/Notice Number":: null

2023-10-02 16:37:42 - [TEST_STEP][PASSED] - selectOptionByLabel(findTestObject(orPath_TaxTypeFilingYear + "/select_TaxType_ExistingLiability"), Taxtype, false): All options with label 'Tire Recycling Fee' are selected in object 'Object Repository/RAD_Pages/TaxTypeFilingYear_Page/select_TaxType_ExistingLiability' 

2023-10-02 16:37:43 - [MESSAGE][PASSED] - All options with label 'Tire Recycling Fee' are selected in object 'Object Repository/RAD_Pages/TaxTypeFilingYear_Page/select_TaxType_ExistingLiability' 

2023-10-02 16:37:43 - [TEST_STEP][PASSED] - break: null

2023-10-02 16:37:43 - [TEST_STEP][PASSED] - delay(1): Delayed 1 second(s)

2023-10-02 16:37:44 - [MESSAGE][PASSED] - Delayed 1 second(s)

2023-10-02 16:37:44 - [TEST_STEP][PASSED] - scrollToElement(findTestObject(orPath_Amount + "/input__paymentAmount"), 3): Scroll to object 'Object Repository/RAD_Pages/PaymentAmount_Page/input__paymentAmount' successfully

2023-10-02 16:37:44 - [MESSAGE][PASSED] - Scroll to object 'Object Repository/RAD_Pages/PaymentAmount_Page/input__paymentAmount' successfully

2023-10-02 16:37:44 - [TEST_STEP][PASSED] - setText(findTestObject(orPath_AddressContact + "/input_eMailAddress"), "imtiazster@gmail.com"): Text 'imtiazster@gmail.com' is set on object 'Object Repository/RAD_Pages/AddressAndContactInfo_Page/input_eMailAddress'

2023-10-02 16:37:46 - [MESSAGE][PASSED] - Text 'imtiazster@gmail.com' is set on object 'Object Repository/RAD_Pages/AddressAndContactInfo_Page/input_eMailAddress'

2023-10-02 16:37:46 - [TEST_STEP][PASSED] - setText(findTestObject(orPath_AddressContact + "/input_reEnterEMailAddress"), "iahmed@govolution.com"): Text 'iahmed@govolution.com' is set on object 'Object Repository/RAD_Pages/AddressAndContactInfo_Page/input_reEnterEMailAddress'

2023-10-02 16:37:47 - [MESSAGE][PASSED] - Text 'iahmed@govolution.com' is set on object 'Object Repository/RAD_Pages/AddressAndContactInfo_Page/input_reEnterEMailAddress'

2023-10-02 16:37:47 - [TEST_STEP][PASSED] - delay(2): Delayed 2 second(s)

2023-10-02 16:37:49 - [MESSAGE][PASSED] - Delayed 2 second(s)

2023-10-02 16:37:49 - [TEST_STEP][PASSED] - if (verifyTextPresent("The Email and Re-enter email do not match", true)): null

2023-10-02 16:37:49 - [MESSAGE][PASSED] - Text 'The Email and Re-enter email do not match' is present on page  using regular expression

2023-10-02 16:37:49 - [TEST_STEP][PASSED] - println("Emails Dont match text is present"): null

2023-10-02 16:37:49 - [TEST_STEP][PASSED] - out.println("Pass Record Number: " + row): null

2023-10-02 16:37:49 - [TEST_STEP][PASSED] - resText = "Pass": null

2023-10-02 16:37:49 - [TEST_STEP][PASSED] - pages.WriteExcel.demoKey(resText, datText, resColumn, datCloumn, fileLoc, nameSheet, row): pages.WriteExcel.demoKey is PASSED

2023-10-02 16:37:49 - [MESSAGE][PASSED] - pages.WriteExcel.demoKey is PASSED

2023-10-02 16:37:49 - [TEST_STEP][PASSED] - ExecuteTC = findTestData(dataFile).getValue("Execute", row): null

2023-10-02 16:37:49 - [TEST_STEP][PASSED] - Taxtype = findTestData(dataFile).getValue("TaxType", row): null

2023-10-02 16:37:49 - [TEST_STEP][PASSED] - Paymenttype = findTestData(dataFile).getValue("PaymentType", row): null

2023-10-02 16:37:49 - [TEST_STEP][PASSED] - out.println("Value of Execute is : " + ExecuteTC): null

2023-10-02 16:37:49 - [TEST_STEP][PASSED] - if (ExecuteTC.equalsIgnoreCase("Y")): null

2023-10-02 16:37:49 - [TEST_STEP][PASSED] - out.println("Begin Record Number: " + row): null

2023-10-02 16:37:49 - [TEST_STEP][PASSED] - today = new java.util.Date(): null

2023-10-02 16:37:49 - [TEST_STEP][PASSED] - println(today): null

2023-10-02 16:37:49 - [TEST_STEP][PASSED] - datText = today: null

2023-10-02 16:37:49 - [TEST_STEP][PASSED] - Taxtype = findTestData(dataFile).getValue("TaxType", row): null

2023-10-02 16:37:49 - [TEST_STEP][PASSED] - out.println("Taxtype value is : " + Taxtype): null

2023-10-02 16:37:49 - [TEST_STEP][PASSED] - openBrowser(""): Browser is opened with url: ''

2023-10-02 16:37:49 - [MESSAGE][WARNING] - A browser is already opened. Closing browser and opening a new one

2023-10-02 16:37:50 - [MESSAGE][INFO] - Starting 'Chrome' driver

2023-10-02 16:37:50 - [MESSAGE][INFO] - User set preference: ['acceptInsecureCerts', 'true']

2023-10-02 16:37:50 - [MESSAGE][INFO] - Action delay is set to 0 milliseconds

2023-10-02 16:37:51 - [MESSAGE][PASSED] - Browser is opened with url: ''

2023-10-02 16:37:51 - [TEST_STEP][PASSED] - maximizeWindow(): Current window maximized

2023-10-02 16:37:52 - [MESSAGE][PASSED] - Current window maximized

2023-10-02 16:37:52 - [TEST_STEP][PASSED] - navigateToUrl(RADurl): Navigate to 'https://demo.velocitypayment.com/client/rad/index.html' successfully

2023-10-02 16:37:53 - [MESSAGE][PASSED] - Navigate to 'https://demo.velocitypayment.com/client/rad/index.html' successfully

2023-10-02 16:37:53 - [TEST_STEP][PASSED] - orPath_Landing = "Object Repository/RAD_Pages/Landing_Page": null

2023-10-02 16:37:53 - [TEST_STEP][PASSED] - orPath_TaxTypeFilingYear = "Object Repository/RAD_Pages/TaxTypeFilingYear_Page": null

2023-10-02 16:37:53 - [TEST_STEP][PASSED] - orPath_TaxPayer = "Object Repository/RAD_Pages/Taxpayer_Page": null

2023-10-02 16:37:53 - [TEST_STEP][PASSED] - orPath_AddressContact = "Object Repository/RAD_Pages/AddressAndContactInfo_Page": null

2023-10-02 16:37:53 - [TEST_STEP][PASSED] - orPath_FilingStatus = "Object Repository/RAD_Pages/FilingStatus_Page": null

2023-10-02 16:37:53 - [TEST_STEP][PASSED] - orPath_Amount = "Object Repository/RAD_Pages/PaymentAmount_Page": null

2023-10-02 16:37:53 - [TEST_STEP][PASSED] - selectOptionByLabel(findTestObject(orPath_Landing + "/dd_TaxType"), Paymenttype, false): All options with label 'Existing Liability w/Notice Number' are selected in object 'Object Repository/RAD_Pages/Landing_Page/dd_TaxType' 

2023-10-02 16:37:54 - [MESSAGE][PASSED] - All options with label 'Existing Liability w/Notice Number' are selected in object 'Object Repository/RAD_Pages/Landing_Page/dd_TaxType' 

2023-10-02 16:37:54 - [TEST_STEP][PASSED] - delay(1): Delayed 1 second(s)

2023-10-02 16:37:55 - [MESSAGE][PASSED] - Delayed 1 second(s)

2023-10-02 16:37:55 - [TEST_STEP][PASSED] - switch (Paymenttype): null

2023-10-02 16:37:55 - [TEST_STEP][PASSED] - case "Existing Liability w/Notice Number":: null

2023-10-02 16:37:55 - [TEST_STEP][PASSED] - selectOptionByLabel(findTestObject(orPath_TaxTypeFilingYear + "/select_TaxType_ExistingLiability"), Taxtype, false): All options with label 'Withholding Tax' are selected in object 'Object Repository/RAD_Pages/TaxTypeFilingYear_Page/select_TaxType_ExistingLiability' 

2023-10-02 16:37:55 - [MESSAGE][PASSED] - All options with label 'Withholding Tax' are selected in object 'Object Repository/RAD_Pages/TaxTypeFilingYear_Page/select_TaxType_ExistingLiability' 

2023-10-02 16:37:55 - [TEST_STEP][PASSED] - break: null

2023-10-02 16:37:55 - [TEST_STEP][PASSED] - delay(1): Delayed 1 second(s)

2023-10-02 16:37:56 - [MESSAGE][PASSED] - Delayed 1 second(s)

2023-10-02 16:37:56 - [TEST_STEP][PASSED] - scrollToElement(findTestObject(orPath_Amount + "/input__paymentAmount"), 3): Scroll to object 'Object Repository/RAD_Pages/PaymentAmount_Page/input__paymentAmount' successfully

2023-10-02 16:37:57 - [MESSAGE][PASSED] - Scroll to object 'Object Repository/RAD_Pages/PaymentAmount_Page/input__paymentAmount' successfully

2023-10-02 16:37:57 - [TEST_STEP][PASSED] - setText(findTestObject(orPath_AddressContact + "/input_eMailAddress"), "imtiazster@gmail.com"): Text 'imtiazster@gmail.com' is set on object 'Object Repository/RAD_Pages/AddressAndContactInfo_Page/input_eMailAddress'

2023-10-02 16:37:59 - [MESSAGE][PASSED] - Text 'imtiazster@gmail.com' is set on object 'Object Repository/RAD_Pages/AddressAndContactInfo_Page/input_eMailAddress'

2023-10-02 16:37:59 - [TEST_STEP][PASSED] - setText(findTestObject(orPath_AddressContact + "/input_reEnterEMailAddress"), "iahmed@govolution.com"): Text 'iahmed@govolution.com' is set on object 'Object Repository/RAD_Pages/AddressAndContactInfo_Page/input_reEnterEMailAddress'

2023-10-02 16:37:59 - [MESSAGE][PASSED] - Text 'iahmed@govolution.com' is set on object 'Object Repository/RAD_Pages/AddressAndContactInfo_Page/input_reEnterEMailAddress'

2023-10-02 16:37:59 - [TEST_STEP][PASSED] - delay(2): Delayed 2 second(s)

2023-10-02 16:38:01 - [MESSAGE][PASSED] - Delayed 2 second(s)

2023-10-02 16:38:01 - [TEST_STEP][PASSED] - if (verifyTextPresent("The Email and Re-enter email do not match", true)): null

2023-10-02 16:38:02 - [MESSAGE][PASSED] - Text 'The Email and Re-enter email do not match' is present on page  using regular expression

2023-10-02 16:38:02 - [TEST_STEP][PASSED] - println("Emails Dont match text is present"): null

2023-10-02 16:38:02 - [TEST_STEP][PASSED] - out.println("Pass Record Number: " + row): null

2023-10-02 16:38:02 - [TEST_STEP][PASSED] - resText = "Pass": null

2023-10-02 16:38:02 - [TEST_STEP][PASSED] - pages.WriteExcel.demoKey(resText, datText, resColumn, datCloumn, fileLoc, nameSheet, row): pages.WriteExcel.demoKey is PASSED

2023-10-02 16:38:02 - [MESSAGE][PASSED] - pages.WriteExcel.demoKey is PASSED

2023-10-02 16:38:02 - [TEST_STEP][PASSED] - ExecuteTC = findTestData(dataFile).getValue("Execute", row): null

2023-10-02 16:38:02 - [TEST_STEP][PASSED] - Taxtype = findTestData(dataFile).getValue("TaxType", row): null

2023-10-02 16:38:02 - [TEST_STEP][PASSED] - Paymenttype = findTestData(dataFile).getValue("PaymentType", row): null

2023-10-02 16:38:02 - [TEST_STEP][PASSED] - out.println("Value of Execute is : " + ExecuteTC): null

2023-10-02 16:38:02 - [TEST_STEP][PASSED] - if (ExecuteTC.equalsIgnoreCase("Y")): null

2023-10-02 16:38:02 - [TEST_STEP][PASSED] - out.println("Begin Record Number: " + row): null

2023-10-02 16:38:02 - [TEST_STEP][PASSED] - today = new java.util.Date(): null

2023-10-02 16:38:02 - [TEST_STEP][PASSED] - println(today): null

2023-10-02 16:38:02 - [TEST_STEP][PASSED] - datText = today: null

2023-10-02 16:38:02 - [TEST_STEP][PASSED] - Taxtype = findTestData(dataFile).getValue("TaxType", row): null

2023-10-02 16:38:02 - [TEST_STEP][PASSED] - out.println("Taxtype value is : " + Taxtype): null

2023-10-02 16:38:02 - [TEST_STEP][PASSED] - openBrowser(""): Browser is opened with url: ''

2023-10-02 16:38:02 - [MESSAGE][WARNING] - A browser is already opened. Closing browser and opening a new one

2023-10-02 16:38:03 - [MESSAGE][INFO] - Starting 'Chrome' driver

2023-10-02 16:38:03 - [MESSAGE][INFO] - User set preference: ['acceptInsecureCerts', 'true']

2023-10-02 16:38:03 - [MESSAGE][INFO] - Action delay is set to 0 milliseconds

2023-10-02 16:38:04 - [MESSAGE][PASSED] - Browser is opened with url: ''

2023-10-02 16:38:04 - [TEST_STEP][PASSED] - maximizeWindow(): Current window maximized

2023-10-02 16:38:05 - [MESSAGE][PASSED] - Current window maximized

2023-10-02 16:38:05 - [TEST_STEP][PASSED] - navigateToUrl(RADurl): Navigate to 'https://demo.velocitypayment.com/client/rad/index.html' successfully

2023-10-02 16:38:06 - [MESSAGE][PASSED] - Navigate to 'https://demo.velocitypayment.com/client/rad/index.html' successfully

2023-10-02 16:38:06 - [TEST_STEP][PASSED] - orPath_Landing = "Object Repository/RAD_Pages/Landing_Page": null

2023-10-02 16:38:06 - [TEST_STEP][PASSED] - orPath_TaxTypeFilingYear = "Object Repository/RAD_Pages/TaxTypeFilingYear_Page": null

2023-10-02 16:38:06 - [TEST_STEP][PASSED] - orPath_TaxPayer = "Object Repository/RAD_Pages/Taxpayer_Page": null

2023-10-02 16:38:06 - [TEST_STEP][PASSED] - orPath_AddressContact = "Object Repository/RAD_Pages/AddressAndContactInfo_Page": null

2023-10-02 16:38:06 - [TEST_STEP][PASSED] - orPath_FilingStatus = "Object Repository/RAD_Pages/FilingStatus_Page": null

2023-10-02 16:38:06 - [TEST_STEP][PASSED] - orPath_Amount = "Object Repository/RAD_Pages/PaymentAmount_Page": null

2023-10-02 16:38:06 - [TEST_STEP][PASSED] - selectOptionByLabel(findTestObject(orPath_Landing + "/dd_TaxType"), Paymenttype, false): All options with label 'Existing Liability w/Notice Number' are selected in object 'Object Repository/RAD_Pages/Landing_Page/dd_TaxType' 

2023-10-02 16:38:07 - [MESSAGE][PASSED] - All options with label 'Existing Liability w/Notice Number' are selected in object 'Object Repository/RAD_Pages/Landing_Page/dd_TaxType' 

2023-10-02 16:38:07 - [TEST_STEP][PASSED] - delay(1): Delayed 1 second(s)

2023-10-02 16:38:08 - [MESSAGE][PASSED] - Delayed 1 second(s)

2023-10-02 16:38:08 - [TEST_STEP][PASSED] - switch (Paymenttype): null

2023-10-02 16:38:08 - [TEST_STEP][PASSED] - case "Existing Liability w/Notice Number":: null

2023-10-02 16:38:08 - [TEST_STEP][PASSED] - selectOptionByLabel(findTestObject(orPath_TaxTypeFilingYear + "/select_TaxType_ExistingLiability"), Taxtype, false): All options with label 'Alcohol Tax' are selected in object 'Object Repository/RAD_Pages/TaxTypeFilingYear_Page/select_TaxType_ExistingLiability' 

2023-10-02 16:38:08 - [MESSAGE][PASSED] - All options with label 'Alcohol Tax' are selected in object 'Object Repository/RAD_Pages/TaxTypeFilingYear_Page/select_TaxType_ExistingLiability' 

2023-10-02 16:38:08 - [TEST_STEP][PASSED] - break: null

2023-10-02 16:38:08 - [TEST_STEP][PASSED] - delay(1): Delayed 1 second(s)

2023-10-02 16:38:09 - [MESSAGE][PASSED] - Delayed 1 second(s)

2023-10-02 16:38:09 - [TEST_STEP][PASSED] - scrollToElement(findTestObject(orPath_Amount + "/input__paymentAmount"), 3): Scroll to object 'Object Repository/RAD_Pages/PaymentAmount_Page/input__paymentAmount' successfully

2023-10-02 16:38:10 - [MESSAGE][PASSED] - Scroll to object 'Object Repository/RAD_Pages/PaymentAmount_Page/input__paymentAmount' successfully

2023-10-02 16:38:10 - [TEST_STEP][PASSED] - setText(findTestObject(orPath_AddressContact + "/input_eMailAddress"), "imtiazster@gmail.com"): Text 'imtiazster@gmail.com' is set on object 'Object Repository/RAD_Pages/AddressAndContactInfo_Page/input_eMailAddress'

2023-10-02 16:38:12 - [MESSAGE][PASSED] - Text 'imtiazster@gmail.com' is set on object 'Object Repository/RAD_Pages/AddressAndContactInfo_Page/input_eMailAddress'

2023-10-02 16:38:12 - [TEST_STEP][PASSED] - setText(findTestObject(orPath_AddressContact + "/input_reEnterEMailAddress"), "iahmed@govolution.com"): Text 'iahmed@govolution.com' is set on object 'Object Repository/RAD_Pages/AddressAndContactInfo_Page/input_reEnterEMailAddress'

2023-10-02 16:38:12 - [MESSAGE][PASSED] - Text 'iahmed@govolution.com' is set on object 'Object Repository/RAD_Pages/AddressAndContactInfo_Page/input_reEnterEMailAddress'

2023-10-02 16:38:12 - [TEST_STEP][PASSED] - delay(2): Delayed 2 second(s)

2023-10-02 16:38:14 - [MESSAGE][PASSED] - Delayed 2 second(s)

2023-10-02 16:38:14 - [TEST_STEP][PASSED] - if (verifyTextPresent("The Email and Re-enter email do not match", true)): null

2023-10-02 16:38:15 - [MESSAGE][PASSED] - Text 'The Email and Re-enter email do not match' is present on page  using regular expression

2023-10-02 16:38:15 - [TEST_STEP][PASSED] - println("Emails Dont match text is present"): null

2023-10-02 16:38:15 - [TEST_STEP][PASSED] - out.println("Pass Record Number: " + row): null

2023-10-02 16:38:15 - [TEST_STEP][PASSED] - resText = "Pass": null

2023-10-02 16:38:15 - [TEST_STEP][PASSED] - pages.WriteExcel.demoKey(resText, datText, resColumn, datCloumn, fileLoc, nameSheet, row): pages.WriteExcel.demoKey is PASSED

2023-10-02 16:38:15 - [MESSAGE][PASSED] - pages.WriteExcel.demoKey is PASSED

2023-10-02 16:38:15 - [TEST_STEP][PASSED] - ExecuteTC = findTestData(dataFile).getValue("Execute", row): null

2023-10-02 16:38:15 - [TEST_STEP][PASSED] - Taxtype = findTestData(dataFile).getValue("TaxType", row): null

2023-10-02 16:38:15 - [TEST_STEP][PASSED] - Paymenttype = findTestData(dataFile).getValue("PaymentType", row): null

2023-10-02 16:38:15 - [TEST_STEP][PASSED] - out.println("Value of Execute is : " + ExecuteTC): null

2023-10-02 16:38:15 - [TEST_STEP][PASSED] - if (ExecuteTC.equalsIgnoreCase("Y")): null

2023-10-02 16:38:15 - [TEST_STEP][PASSED] - out.println("Begin Record Number: " + row): null

2023-10-02 16:38:15 - [TEST_STEP][PASSED] - today = new java.util.Date(): null

2023-10-02 16:38:15 - [TEST_STEP][PASSED] - println(today): null

2023-10-02 16:38:15 - [TEST_STEP][PASSED] - datText = today: null

2023-10-02 16:38:15 - [TEST_STEP][PASSED] - Taxtype = findTestData(dataFile).getValue("TaxType", row): null

2023-10-02 16:38:15 - [TEST_STEP][PASSED] - out.println("Taxtype value is : " + Taxtype): null

2023-10-02 16:38:15 - [TEST_STEP][PASSED] - openBrowser(""): Browser is opened with url: ''

2023-10-02 16:38:15 - [MESSAGE][WARNING] - A browser is already opened. Closing browser and opening a new one

2023-10-02 16:38:16 - [MESSAGE][INFO] - Starting 'Chrome' driver

2023-10-02 16:38:16 - [MESSAGE][INFO] - User set preference: ['acceptInsecureCerts', 'true']

2023-10-02 16:38:16 - [MESSAGE][INFO] - Action delay is set to 0 milliseconds

2023-10-02 16:38:17 - [MESSAGE][PASSED] - Browser is opened with url: ''

2023-10-02 16:38:17 - [TEST_STEP][PASSED] - maximizeWindow(): Current window maximized

2023-10-02 16:38:17 - [MESSAGE][PASSED] - Current window maximized

2023-10-02 16:38:17 - [TEST_STEP][PASSED] - navigateToUrl(RADurl): Navigate to 'https://demo.velocitypayment.com/client/rad/index.html' successfully

2023-10-02 16:38:19 - [MESSAGE][PASSED] - Navigate to 'https://demo.velocitypayment.com/client/rad/index.html' successfully

2023-10-02 16:38:19 - [TEST_STEP][PASSED] - orPath_Landing = "Object Repository/RAD_Pages/Landing_Page": null

2023-10-02 16:38:19 - [TEST_STEP][PASSED] - orPath_TaxTypeFilingYear = "Object Repository/RAD_Pages/TaxTypeFilingYear_Page": null

2023-10-02 16:38:19 - [TEST_STEP][PASSED] - orPath_TaxPayer = "Object Repository/RAD_Pages/Taxpayer_Page": null

2023-10-02 16:38:19 - [TEST_STEP][PASSED] - orPath_AddressContact = "Object Repository/RAD_Pages/AddressAndContactInfo_Page": null

2023-10-02 16:38:19 - [TEST_STEP][PASSED] - orPath_FilingStatus = "Object Repository/RAD_Pages/FilingStatus_Page": null

2023-10-02 16:38:19 - [TEST_STEP][PASSED] - orPath_Amount = "Object Repository/RAD_Pages/PaymentAmount_Page": null

2023-10-02 16:38:19 - [TEST_STEP][PASSED] - selectOptionByLabel(findTestObject(orPath_Landing + "/dd_TaxType"), Paymenttype, false): All options with label 'Existing Liability w/Notice Number' are selected in object 'Object Repository/RAD_Pages/Landing_Page/dd_TaxType' 

2023-10-02 16:38:20 - [MESSAGE][PASSED] - All options with label 'Existing Liability w/Notice Number' are selected in object 'Object Repository/RAD_Pages/Landing_Page/dd_TaxType' 

2023-10-02 16:38:20 - [TEST_STEP][PASSED] - delay(1): Delayed 1 second(s)

2023-10-02 16:38:21 - [MESSAGE][PASSED] - Delayed 1 second(s)

2023-10-02 16:38:21 - [TEST_STEP][PASSED] - switch (Paymenttype): null

2023-10-02 16:38:21 - [TEST_STEP][PASSED] - case "Existing Liability w/Notice Number":: null

2023-10-02 16:38:21 - [TEST_STEP][PASSED] - selectOptionByLabel(findTestObject(orPath_TaxTypeFilingYear + "/select_TaxType_ExistingLiability"), Taxtype, false): All options with label 'PTE Tax Electing Non-S Corp' are selected in object 'Object Repository/RAD_Pages/TaxTypeFilingYear_Page/select_TaxType_ExistingLiability' 

2023-10-02 16:38:21 - [MESSAGE][PASSED] - All options with label 'PTE Tax Electing Non-S Corp' are selected in object 'Object Repository/RAD_Pages/TaxTypeFilingYear_Page/select_TaxType_ExistingLiability' 

2023-10-02 16:38:21 - [TEST_STEP][PASSED] - break: null

2023-10-02 16:38:21 - [TEST_STEP][PASSED] - delay(1): Delayed 1 second(s)

2023-10-02 16:38:22 - [MESSAGE][PASSED] - Delayed 1 second(s)

2023-10-02 16:38:22 - [TEST_STEP][PASSED] - scrollToElement(findTestObject(orPath_Amount + "/input__paymentAmount"), 3): Scroll to object 'Object Repository/RAD_Pages/PaymentAmount_Page/input__paymentAmount' successfully

2023-10-02 16:38:23 - [MESSAGE][PASSED] - Scroll to object 'Object Repository/RAD_Pages/PaymentAmount_Page/input__paymentAmount' successfully

2023-10-02 16:38:23 - [TEST_STEP][PASSED] - setText(findTestObject(orPath_AddressContact + "/input_eMailAddress"), "imtiazster@gmail.com"): Text 'imtiazster@gmail.com' is set on object 'Object Repository/RAD_Pages/AddressAndContactInfo_Page/input_eMailAddress'

2023-10-02 16:38:25 - [MESSAGE][PASSED] - Text 'imtiazster@gmail.com' is set on object 'Object Repository/RAD_Pages/AddressAndContactInfo_Page/input_eMailAddress'

2023-10-02 16:38:25 - [TEST_STEP][PASSED] - setText(findTestObject(orPath_AddressContact + "/input_reEnterEMailAddress"), "iahmed@govolution.com"): Text 'iahmed@govolution.com' is set on object 'Object Repository/RAD_Pages/AddressAndContactInfo_Page/input_reEnterEMailAddress'

2023-10-02 16:38:25 - [MESSAGE][PASSED] - Text 'iahmed@govolution.com' is set on object 'Object Repository/RAD_Pages/AddressAndContactInfo_Page/input_reEnterEMailAddress'

2023-10-02 16:38:25 - [TEST_STEP][PASSED] - delay(2): Delayed 2 second(s)

2023-10-02 16:38:27 - [MESSAGE][PASSED] - Delayed 2 second(s)

2023-10-02 16:38:27 - [TEST_STEP][PASSED] - if (verifyTextPresent("The Email and Re-enter email do not match", true)): null

2023-10-02 16:38:28 - [MESSAGE][PASSED] - Text 'The Email and Re-enter email do not match' is present on page  using regular expression

2023-10-02 16:38:28 - [TEST_STEP][PASSED] - println("Emails Dont match text is present"): null

2023-10-02 16:38:28 - [TEST_STEP][PASSED] - out.println("Pass Record Number: " + row): null

2023-10-02 16:38:28 - [TEST_STEP][PASSED] - resText = "Pass": null

2023-10-02 16:38:28 - [TEST_STEP][PASSED] - pages.WriteExcel.demoKey(resText, datText, resColumn, datCloumn, fileLoc, nameSheet, row): pages.WriteExcel.demoKey is PASSED

2023-10-02 16:38:28 - [MESSAGE][PASSED] - pages.WriteExcel.demoKey is PASSED

2023-10-02 16:38:28 - [TEST_STEP][PASSED] - ExecuteTC = findTestData(dataFile).getValue("Execute", row): null

2023-10-02 16:38:28 - [TEST_STEP][PASSED] - Taxtype = findTestData(dataFile).getValue("TaxType", row): null

2023-10-02 16:38:28 - [TEST_STEP][PASSED] - Paymenttype = findTestData(dataFile).getValue("PaymentType", row): null

2023-10-02 16:38:28 - [TEST_STEP][PASSED] - out.println("Value of Execute is : " + ExecuteTC): null

2023-10-02 16:38:28 - [TEST_STEP][PASSED] - if (ExecuteTC.equalsIgnoreCase("Y")): null

2023-10-02 16:38:28 - [TEST_STEP][PASSED] - out.println("Begin Record Number: " + row): null

2023-10-02 16:38:28 - [TEST_STEP][PASSED] - today = new java.util.Date(): null

2023-10-02 16:38:28 - [TEST_STEP][PASSED] - println(today): null

2023-10-02 16:38:28 - [TEST_STEP][PASSED] - datText = today: null

2023-10-02 16:38:28 - [TEST_STEP][PASSED] - Taxtype = findTestData(dataFile).getValue("TaxType", row): null

2023-10-02 16:38:28 - [TEST_STEP][PASSED] - out.println("Taxtype value is : " + Taxtype): null

2023-10-02 16:38:28 - [TEST_STEP][PASSED] - openBrowser(""): Browser is opened with url: ''

2023-10-02 16:38:28 - [MESSAGE][WARNING] - A browser is already opened. Closing browser and opening a new one

2023-10-02 16:38:29 - [MESSAGE][INFO] - Starting 'Chrome' driver

2023-10-02 16:38:29 - [MESSAGE][INFO] - User set preference: ['acceptInsecureCerts', 'true']

2023-10-02 16:38:29 - [MESSAGE][INFO] - Action delay is set to 0 milliseconds

2023-10-02 16:38:30 - [MESSAGE][PASSED] - Browser is opened with url: ''

2023-10-02 16:38:30 - [TEST_STEP][PASSED] - maximizeWindow(): Current window maximized

2023-10-02 16:38:30 - [MESSAGE][PASSED] - Current window maximized

2023-10-02 16:38:30 - [TEST_STEP][PASSED] - navigateToUrl(RADurl): Navigate to 'https://demo.velocitypayment.com/client/rad/index.html' successfully

2023-10-02 16:38:32 - [MESSAGE][PASSED] - Navigate to 'https://demo.velocitypayment.com/client/rad/index.html' successfully

2023-10-02 16:38:32 - [TEST_STEP][PASSED] - orPath_Landing = "Object Repository/RAD_Pages/Landing_Page": null

2023-10-02 16:38:32 - [TEST_STEP][PASSED] - orPath_TaxTypeFilingYear = "Object Repository/RAD_Pages/TaxTypeFilingYear_Page": null

2023-10-02 16:38:32 - [TEST_STEP][PASSED] - orPath_TaxPayer = "Object Repository/RAD_Pages/Taxpayer_Page": null

2023-10-02 16:38:32 - [TEST_STEP][PASSED] - orPath_AddressContact = "Object Repository/RAD_Pages/AddressAndContactInfo_Page": null

2023-10-02 16:38:32 - [TEST_STEP][PASSED] - orPath_FilingStatus = "Object Repository/RAD_Pages/FilingStatus_Page": null

2023-10-02 16:38:32 - [TEST_STEP][PASSED] - orPath_Amount = "Object Repository/RAD_Pages/PaymentAmount_Page": null

2023-10-02 16:38:32 - [TEST_STEP][PASSED] - selectOptionByLabel(findTestObject(orPath_Landing + "/dd_TaxType"), Paymenttype, false): All options with label 'Existing Liability w/Notice Number' are selected in object 'Object Repository/RAD_Pages/Landing_Page/dd_TaxType' 

2023-10-02 16:38:33 - [MESSAGE][PASSED] - All options with label 'Existing Liability w/Notice Number' are selected in object 'Object Repository/RAD_Pages/Landing_Page/dd_TaxType' 

2023-10-02 16:38:33 - [TEST_STEP][PASSED] - delay(1): Delayed 1 second(s)

2023-10-02 16:38:34 - [MESSAGE][PASSED] - Delayed 1 second(s)

2023-10-02 16:38:34 - [TEST_STEP][PASSED] - switch (Paymenttype): null

2023-10-02 16:38:34 - [TEST_STEP][PASSED] - case "Existing Liability w/Notice Number":: null

2023-10-02 16:38:34 - [TEST_STEP][PASSED] - selectOptionByLabel(findTestObject(orPath_TaxTypeFilingYear + "/select_TaxType_ExistingLiability"), Taxtype, false): All options with label 'PTE Tax Electing S Corp' are selected in object 'Object Repository/RAD_Pages/TaxTypeFilingYear_Page/select_TaxType_ExistingLiability' 

2023-10-02 16:38:35 - [MESSAGE][PASSED] - All options with label 'PTE Tax Electing S Corp' are selected in object 'Object Repository/RAD_Pages/TaxTypeFilingYear_Page/select_TaxType_ExistingLiability' 

2023-10-02 16:38:35 - [TEST_STEP][PASSED] - break: null

2023-10-02 16:38:35 - [TEST_STEP][PASSED] - delay(1): Delayed 1 second(s)

2023-10-02 16:38:36 - [MESSAGE][PASSED] - Delayed 1 second(s)

2023-10-02 16:38:36 - [TEST_STEP][PASSED] - scrollToElement(findTestObject(orPath_Amount + "/input__paymentAmount"), 3): Scroll to object 'Object Repository/RAD_Pages/PaymentAmount_Page/input__paymentAmount' successfully

2023-10-02 16:38:36 - [MESSAGE][PASSED] - Scroll to object 'Object Repository/RAD_Pages/PaymentAmount_Page/input__paymentAmount' successfully

2023-10-02 16:38:36 - [TEST_STEP][PASSED] - setText(findTestObject(orPath_AddressContact + "/input_eMailAddress"), "imtiazster@gmail.com"): Text 'imtiazster@gmail.com' is set on object 'Object Repository/RAD_Pages/AddressAndContactInfo_Page/input_eMailAddress'

2023-10-02 16:38:38 - [MESSAGE][PASSED] - Text 'imtiazster@gmail.com' is set on object 'Object Repository/RAD_Pages/AddressAndContactInfo_Page/input_eMailAddress'

2023-10-02 16:38:38 - [TEST_STEP][PASSED] - setText(findTestObject(orPath_AddressContact + "/input_reEnterEMailAddress"), "iahmed@govolution.com"): Text 'iahmed@govolution.com' is set on object 'Object Repository/RAD_Pages/AddressAndContactInfo_Page/input_reEnterEMailAddress'

2023-10-02 16:38:39 - [MESSAGE][PASSED] - Text 'iahmed@govolution.com' is set on object 'Object Repository/RAD_Pages/AddressAndContactInfo_Page/input_reEnterEMailAddress'

2023-10-02 16:38:39 - [TEST_STEP][PASSED] - delay(2): Delayed 2 second(s)

2023-10-02 16:38:41 - [MESSAGE][PASSED] - Delayed 2 second(s)

2023-10-02 16:38:41 - [TEST_STEP][PASSED] - if (verifyTextPresent("The Email and Re-enter email do not match", true)): null

2023-10-02 16:38:41 - [MESSAGE][PASSED] - Text 'The Email and Re-enter email do not match' is present on page  using regular expression

2023-10-02 16:38:41 - [TEST_STEP][PASSED] - println("Emails Dont match text is present"): null

2023-10-02 16:38:41 - [TEST_STEP][PASSED] - out.println("Pass Record Number: " + row): null

2023-10-02 16:38:41 - [TEST_STEP][PASSED] - resText = "Pass": null

2023-10-02 16:38:41 - [TEST_STEP][PASSED] - pages.WriteExcel.demoKey(resText, datText, resColumn, datCloumn, fileLoc, nameSheet, row): pages.WriteExcel.demoKey is PASSED

2023-10-02 16:38:41 - [MESSAGE][PASSED] - pages.WriteExcel.demoKey is PASSED

2023-10-02 16:38:41 - [TEST_STEP][PASSED] - ExecuteTC = findTestData(dataFile).getValue("Execute", row): null

2023-10-02 16:38:41 - [TEST_STEP][PASSED] - Taxtype = findTestData(dataFile).getValue("TaxType", row): null

2023-10-02 16:38:41 - [TEST_STEP][PASSED] - Paymenttype = findTestData(dataFile).getValue("PaymentType", row): null

2023-10-02 16:38:41 - [TEST_STEP][PASSED] - out.println("Value of Execute is : " + ExecuteTC): null

2023-10-02 16:38:41 - [TEST_STEP][PASSED] - if (ExecuteTC.equalsIgnoreCase("Y")): null

2023-10-02 16:38:41 - [TEST_STEP][PASSED] - out.println("Begin Record Number: " + row): null

2023-10-02 16:38:41 - [TEST_STEP][PASSED] - today = new java.util.Date(): null

2023-10-02 16:38:41 - [TEST_STEP][PASSED] - println(today): null

2023-10-02 16:38:41 - [TEST_STEP][PASSED] - datText = today: null

2023-10-02 16:38:41 - [TEST_STEP][PASSED] - Taxtype = findTestData(dataFile).getValue("TaxType", row): null

2023-10-02 16:38:41 - [TEST_STEP][PASSED] - out.println("Taxtype value is : " + Taxtype): null

2023-10-02 16:38:41 - [TEST_STEP][PASSED] - openBrowser(""): Browser is opened with url: ''

2023-10-02 16:38:41 - [MESSAGE][WARNING] - A browser is already opened. Closing browser and opening a new one

2023-10-02 16:38:42 - [MESSAGE][INFO] - Starting 'Chrome' driver

2023-10-02 16:38:42 - [MESSAGE][INFO] - User set preference: ['acceptInsecureCerts', 'true']

2023-10-02 16:38:42 - [MESSAGE][INFO] - Action delay is set to 0 milliseconds

2023-10-02 16:38:44 - [MESSAGE][PASSED] - Browser is opened with url: ''

2023-10-02 16:38:44 - [TEST_STEP][PASSED] - maximizeWindow(): Current window maximized

2023-10-02 16:38:44 - [MESSAGE][PASSED] - Current window maximized

2023-10-02 16:38:44 - [TEST_STEP][PASSED] - navigateToUrl(RADurl): Navigate to 'https://demo.velocitypayment.com/client/rad/index.html' successfully

2023-10-02 16:38:45 - [MESSAGE][PASSED] - Navigate to 'https://demo.velocitypayment.com/client/rad/index.html' successfully

2023-10-02 16:38:45 - [TEST_STEP][PASSED] - orPath_Landing = "Object Repository/RAD_Pages/Landing_Page": null

2023-10-02 16:38:45 - [TEST_STEP][PASSED] - orPath_TaxTypeFilingYear = "Object Repository/RAD_Pages/TaxTypeFilingYear_Page": null

2023-10-02 16:38:45 - [TEST_STEP][PASSED] - orPath_TaxPayer = "Object Repository/RAD_Pages/Taxpayer_Page": null

2023-10-02 16:38:45 - [TEST_STEP][PASSED] - orPath_AddressContact = "Object Repository/RAD_Pages/AddressAndContactInfo_Page": null

2023-10-02 16:38:45 - [TEST_STEP][PASSED] - orPath_FilingStatus = "Object Repository/RAD_Pages/FilingStatus_Page": null

2023-10-02 16:38:45 - [TEST_STEP][PASSED] - orPath_Amount = "Object Repository/RAD_Pages/PaymentAmount_Page": null

2023-10-02 16:38:45 - [TEST_STEP][PASSED] - selectOptionByLabel(findTestObject(orPath_Landing + "/dd_TaxType"), Paymenttype, false): All options with label 'Existing Liability w/Notice Number' are selected in object 'Object Repository/RAD_Pages/Landing_Page/dd_TaxType' 

2023-10-02 16:38:46 - [MESSAGE][PASSED] - All options with label 'Existing Liability w/Notice Number' are selected in object 'Object Repository/RAD_Pages/Landing_Page/dd_TaxType' 

2023-10-02 16:38:46 - [TEST_STEP][PASSED] - delay(1): Delayed 1 second(s)

2023-10-02 16:38:47 - [MESSAGE][PASSED] - Delayed 1 second(s)

2023-10-02 16:38:47 - [TEST_STEP][PASSED] - switch (Paymenttype): null

2023-10-02 16:38:47 - [TEST_STEP][PASSED] - case "Existing Liability w/Notice Number":: null

2023-10-02 16:38:47 - [TEST_STEP][PASSED] - selectOptionByLabel(findTestObject(orPath_TaxTypeFilingYear + "/select_TaxType_ExistingLiability"), Taxtype, false): All options with label 'Personal Income Tax' are selected in object 'Object Repository/RAD_Pages/TaxTypeFilingYear_Page/select_TaxType_ExistingLiability' 

2023-10-02 16:38:48 - [MESSAGE][PASSED] - All options with label 'Personal Income Tax' are selected in object 'Object Repository/RAD_Pages/TaxTypeFilingYear_Page/select_TaxType_ExistingLiability' 

2023-10-02 16:38:48 - [TEST_STEP][PASSED] - break: null

2023-10-02 16:38:48 - [TEST_STEP][PASSED] - delay(1): Delayed 1 second(s)

2023-10-02 16:38:49 - [MESSAGE][PASSED] - Delayed 1 second(s)

2023-10-02 16:38:49 - [TEST_STEP][PASSED] - scrollToElement(findTestObject(orPath_Amount + "/input__paymentAmount"), 3): Scroll to object 'Object Repository/RAD_Pages/PaymentAmount_Page/input__paymentAmount' successfully

2023-10-02 16:38:49 - [MESSAGE][PASSED] - Scroll to object 'Object Repository/RAD_Pages/PaymentAmount_Page/input__paymentAmount' successfully

2023-10-02 16:38:49 - [TEST_STEP][PASSED] - setText(findTestObject(orPath_AddressContact + "/input_eMailAddress"), "imtiazster@gmail.com"): Text 'imtiazster@gmail.com' is set on object 'Object Repository/RAD_Pages/AddressAndContactInfo_Page/input_eMailAddress'

2023-10-02 16:38:51 - [MESSAGE][PASSED] - Text 'imtiazster@gmail.com' is set on object 'Object Repository/RAD_Pages/AddressAndContactInfo_Page/input_eMailAddress'

2023-10-02 16:38:51 - [TEST_STEP][PASSED] - setText(findTestObject(orPath_AddressContact + "/input_reEnterEMailAddress"), "iahmed@govolution.com"): Text 'iahmed@govolution.com' is set on object 'Object Repository/RAD_Pages/AddressAndContactInfo_Page/input_reEnterEMailAddress'

2023-10-02 16:38:52 - [MESSAGE][PASSED] - Text 'iahmed@govolution.com' is set on object 'Object Repository/RAD_Pages/AddressAndContactInfo_Page/input_reEnterEMailAddress'

2023-10-02 16:38:52 - [TEST_STEP][PASSED] - delay(2): Delayed 2 second(s)

2023-10-02 16:38:54 - [MESSAGE][PASSED] - Delayed 2 second(s)

2023-10-02 16:38:54 - [TEST_STEP][PASSED] - if (verifyTextPresent("The Email and Re-enter email do not match", true)): null

2023-10-02 16:38:54 - [MESSAGE][PASSED] - Text 'The Email and Re-enter email do not match' is present on page  using regular expression

2023-10-02 16:38:54 - [TEST_STEP][PASSED] - println("Emails Dont match text is present"): null

2023-10-02 16:38:54 - [TEST_STEP][PASSED] - out.println("Pass Record Number: " + row): null

2023-10-02 16:38:54 - [TEST_STEP][PASSED] - resText = "Pass": null

2023-10-02 16:38:54 - [TEST_STEP][PASSED] - pages.WriteExcel.demoKey(resText, datText, resColumn, datCloumn, fileLoc, nameSheet, row): pages.WriteExcel.demoKey is PASSED

2023-10-02 16:38:54 - [MESSAGE][PASSED] - pages.WriteExcel.demoKey is PASSED

2023-10-02 16:38:54 - [TEST_STEP][PASSED] - ExecuteTC = findTestData(dataFile).getValue("Execute", row): null

2023-10-02 16:38:54 - [TEST_STEP][PASSED] - Taxtype = findTestData(dataFile).getValue("TaxType", row): null

2023-10-02 16:38:54 - [TEST_STEP][PASSED] - Paymenttype = findTestData(dataFile).getValue("PaymentType", row): null

2023-10-02 16:38:54 - [TEST_STEP][PASSED] - out.println("Value of Execute is : " + ExecuteTC): null

2023-10-02 16:38:54 - [TEST_STEP][PASSED] - if (ExecuteTC.equalsIgnoreCase("Y")): null

2023-10-02 16:38:54 - [TEST_STEP][PASSED] - out.println("Begin Record Number: " + row): null

2023-10-02 16:38:54 - [TEST_STEP][PASSED] - today = new java.util.Date(): null

2023-10-02 16:38:54 - [TEST_STEP][PASSED] - println(today): null

2023-10-02 16:38:54 - [TEST_STEP][PASSED] - datText = today: null

2023-10-02 16:38:54 - [TEST_STEP][PASSED] - Taxtype = findTestData(dataFile).getValue("TaxType", row): null

2023-10-02 16:38:54 - [TEST_STEP][PASSED] - out.println("Taxtype value is : " + Taxtype): null

2023-10-02 16:38:54 - [TEST_STEP][PASSED] - openBrowser(""): Browser is opened with url: ''

2023-10-02 16:38:54 - [MESSAGE][WARNING] - A browser is already opened. Closing browser and opening a new one

2023-10-02 16:38:55 - [MESSAGE][INFO] - Starting 'Chrome' driver

2023-10-02 16:38:55 - [MESSAGE][INFO] - User set preference: ['acceptInsecureCerts', 'true']

2023-10-02 16:38:55 - [MESSAGE][INFO] - Action delay is set to 0 milliseconds

2023-10-02 16:38:56 - [MESSAGE][PASSED] - Browser is opened with url: ''

2023-10-02 16:38:56 - [TEST_STEP][PASSED] - maximizeWindow(): Current window maximized

2023-10-02 16:38:57 - [MESSAGE][PASSED] - Current window maximized

2023-10-02 16:38:57 - [TEST_STEP][PASSED] - navigateToUrl(RADurl): Navigate to 'https://demo.velocitypayment.com/client/rad/index.html' successfully

2023-10-02 16:38:58 - [MESSAGE][PASSED] - Navigate to 'https://demo.velocitypayment.com/client/rad/index.html' successfully

2023-10-02 16:38:58 - [TEST_STEP][PASSED] - orPath_Landing = "Object Repository/RAD_Pages/Landing_Page": null

2023-10-02 16:38:58 - [TEST_STEP][PASSED] - orPath_TaxTypeFilingYear = "Object Repository/RAD_Pages/TaxTypeFilingYear_Page": null

2023-10-02 16:38:58 - [TEST_STEP][PASSED] - orPath_TaxPayer = "Object Repository/RAD_Pages/Taxpayer_Page": null

2023-10-02 16:38:58 - [TEST_STEP][PASSED] - orPath_AddressContact = "Object Repository/RAD_Pages/AddressAndContactInfo_Page": null

2023-10-02 16:38:58 - [TEST_STEP][PASSED] - orPath_FilingStatus = "Object Repository/RAD_Pages/FilingStatus_Page": null

2023-10-02 16:38:58 - [TEST_STEP][PASSED] - orPath_Amount = "Object Repository/RAD_Pages/PaymentAmount_Page": null

2023-10-02 16:38:58 - [TEST_STEP][PASSED] - selectOptionByLabel(findTestObject(orPath_Landing + "/dd_TaxType"), Paymenttype, false): All options with label 'Quarterly Estimated Tax' are selected in object 'Object Repository/RAD_Pages/Landing_Page/dd_TaxType' 

2023-10-02 16:38:59 - [MESSAGE][PASSED] - All options with label 'Quarterly Estimated Tax' are selected in object 'Object Repository/RAD_Pages/Landing_Page/dd_TaxType' 

2023-10-02 16:38:59 - [TEST_STEP][PASSED] - delay(1): Delayed 1 second(s)

2023-10-02 16:39:00 - [MESSAGE][PASSED] - Delayed 1 second(s)

2023-10-02 16:39:00 - [TEST_STEP][PASSED] - switch (Paymenttype): null

2023-10-02 16:39:00 - [TEST_STEP][PASSED] - case "Quarterly Estimated Tax":: null

2023-10-02 16:39:00 - [TEST_STEP][PASSED] - selectOptionByLabel(findTestObject(orPath_TaxTypeFilingYear + "/select_PaymentType"), Taxtype, false): All options with label 'Corporate Income Tax' are selected in object 'Object Repository/RAD_Pages/TaxTypeFilingYear_Page/select_PaymentType' 

2023-10-02 16:39:00 - [MESSAGE][PASSED] - All options with label 'Corporate Income Tax' are selected in object 'Object Repository/RAD_Pages/TaxTypeFilingYear_Page/select_PaymentType' 

2023-10-02 16:39:00 - [TEST_STEP][PASSED] - break: null

2023-10-02 16:39:00 - [TEST_STEP][PASSED] - delay(1): Delayed 1 second(s)

2023-10-02 16:39:01 - [MESSAGE][PASSED] - Delayed 1 second(s)

2023-10-02 16:39:01 - [TEST_STEP][PASSED] - scrollToElement(findTestObject(orPath_Amount + "/input__paymentAmount"), 3): Scroll to object 'Object Repository/RAD_Pages/PaymentAmount_Page/input__paymentAmount' successfully

2023-10-02 16:39:02 - [MESSAGE][PASSED] - Scroll to object 'Object Repository/RAD_Pages/PaymentAmount_Page/input__paymentAmount' successfully

2023-10-02 16:39:02 - [TEST_STEP][PASSED] - setText(findTestObject(orPath_AddressContact + "/input_eMailAddress"), "imtiazster@gmail.com"): Text 'imtiazster@gmail.com' is set on object 'Object Repository/RAD_Pages/AddressAndContactInfo_Page/input_eMailAddress'

2023-10-02 16:39:03 - [MESSAGE][PASSED] - Text 'imtiazster@gmail.com' is set on object 'Object Repository/RAD_Pages/AddressAndContactInfo_Page/input_eMailAddress'

2023-10-02 16:39:03 - [TEST_STEP][PASSED] - setText(findTestObject(orPath_AddressContact + "/input_reEnterEMailAddress"), "iahmed@govolution.com"): Text 'iahmed@govolution.com' is set on object 'Object Repository/RAD_Pages/AddressAndContactInfo_Page/input_reEnterEMailAddress'

2023-10-02 16:39:04 - [MESSAGE][PASSED] - Text 'iahmed@govolution.com' is set on object 'Object Repository/RAD_Pages/AddressAndContactInfo_Page/input_reEnterEMailAddress'

2023-10-02 16:39:04 - [TEST_STEP][PASSED] - delay(2): Delayed 2 second(s)

2023-10-02 16:39:06 - [MESSAGE][PASSED] - Delayed 2 second(s)

2023-10-02 16:39:06 - [TEST_STEP][PASSED] - if (verifyTextPresent("The Email and Re-enter email do not match", true)): null

2023-10-02 16:39:07 - [MESSAGE][PASSED] - Text 'The Email and Re-enter email do not match' is present on page  using regular expression

2023-10-02 16:39:07 - [TEST_STEP][PASSED] - println("Emails Dont match text is present"): null

2023-10-02 16:39:07 - [TEST_STEP][PASSED] - out.println("Pass Record Number: " + row): null

2023-10-02 16:39:07 - [TEST_STEP][PASSED] - resText = "Pass": null

2023-10-02 16:39:07 - [TEST_STEP][PASSED] - pages.WriteExcel.demoKey(resText, datText, resColumn, datCloumn, fileLoc, nameSheet, row): pages.WriteExcel.demoKey is PASSED

2023-10-02 16:39:07 - [MESSAGE][PASSED] - pages.WriteExcel.demoKey is PASSED

2023-10-02 16:39:07 - [TEST_STEP][PASSED] - ExecuteTC = findTestData(dataFile).getValue("Execute", row): null

2023-10-02 16:39:07 - [TEST_STEP][PASSED] - Taxtype = findTestData(dataFile).getValue("TaxType", row): null

2023-10-02 16:39:07 - [TEST_STEP][PASSED] - Paymenttype = findTestData(dataFile).getValue("PaymentType", row): null

2023-10-02 16:39:07 - [TEST_STEP][PASSED] - out.println("Value of Execute is : " + ExecuteTC): null

2023-10-02 16:39:07 - [TEST_STEP][PASSED] - if (ExecuteTC.equalsIgnoreCase("Y")): null

2023-10-02 16:39:07 - [TEST_STEP][PASSED] - out.println("Begin Record Number: " + row): null

2023-10-02 16:39:07 - [TEST_STEP][PASSED] - today = new java.util.Date(): null

2023-10-02 16:39:07 - [TEST_STEP][PASSED] - println(today): null

2023-10-02 16:39:07 - [TEST_STEP][PASSED] - datText = today: null

2023-10-02 16:39:07 - [TEST_STEP][PASSED] - Taxtype = findTestData(dataFile).getValue("TaxType", row): null

2023-10-02 16:39:07 - [TEST_STEP][PASSED] - out.println("Taxtype value is : " + Taxtype): null

2023-10-02 16:39:07 - [TEST_STEP][PASSED] - openBrowser(""): Browser is opened with url: ''

2023-10-02 16:39:07 - [MESSAGE][WARNING] - A browser is already opened. Closing browser and opening a new one

2023-10-02 16:39:08 - [MESSAGE][INFO] - Starting 'Chrome' driver

2023-10-02 16:39:08 - [MESSAGE][INFO] - User set preference: ['acceptInsecureCerts', 'true']

2023-10-02 16:39:08 - [MESSAGE][INFO] - Action delay is set to 0 milliseconds

2023-10-02 16:39:09 - [MESSAGE][PASSED] - Browser is opened with url: ''

2023-10-02 16:39:09 - [TEST_STEP][PASSED] - maximizeWindow(): Current window maximized

2023-10-02 16:39:09 - [MESSAGE][PASSED] - Current window maximized

2023-10-02 16:39:09 - [TEST_STEP][PASSED] - navigateToUrl(RADurl): Navigate to 'https://demo.velocitypayment.com/client/rad/index.html' successfully

2023-10-02 16:39:11 - [MESSAGE][PASSED] - Navigate to 'https://demo.velocitypayment.com/client/rad/index.html' successfully

2023-10-02 16:39:11 - [TEST_STEP][PASSED] - orPath_Landing = "Object Repository/RAD_Pages/Landing_Page": null

2023-10-02 16:39:11 - [TEST_STEP][PASSED] - orPath_TaxTypeFilingYear = "Object Repository/RAD_Pages/TaxTypeFilingYear_Page": null

2023-10-02 16:39:11 - [TEST_STEP][PASSED] - orPath_TaxPayer = "Object Repository/RAD_Pages/Taxpayer_Page": null

2023-10-02 16:39:11 - [TEST_STEP][PASSED] - orPath_AddressContact = "Object Repository/RAD_Pages/AddressAndContactInfo_Page": null

2023-10-02 16:39:11 - [TEST_STEP][PASSED] - orPath_FilingStatus = "Object Repository/RAD_Pages/FilingStatus_Page": null

2023-10-02 16:39:11 - [TEST_STEP][PASSED] - orPath_Amount = "Object Repository/RAD_Pages/PaymentAmount_Page": null

2023-10-02 16:39:11 - [TEST_STEP][PASSED] - selectOptionByLabel(findTestObject(orPath_Landing + "/dd_TaxType"), Paymenttype, false): All options with label 'Quarterly Estimated Tax' are selected in object 'Object Repository/RAD_Pages/Landing_Page/dd_TaxType' 

2023-10-02 16:39:11 - [MESSAGE][PASSED] - All options with label 'Quarterly Estimated Tax' are selected in object 'Object Repository/RAD_Pages/Landing_Page/dd_TaxType' 

2023-10-02 16:39:11 - [TEST_STEP][PASSED] - delay(1): Delayed 1 second(s)

2023-10-02 16:39:12 - [MESSAGE][PASSED] - Delayed 1 second(s)

2023-10-02 16:39:12 - [TEST_STEP][PASSED] - switch (Paymenttype): null

2023-10-02 16:39:12 - [TEST_STEP][PASSED] - case "Quarterly Estimated Tax":: null

2023-10-02 16:39:12 - [TEST_STEP][PASSED] - selectOptionByLabel(findTestObject(orPath_TaxTypeFilingYear + "/select_PaymentType"), Taxtype, false): All options with label 'Fiduciary Tax' are selected in object 'Object Repository/RAD_Pages/TaxTypeFilingYear_Page/select_PaymentType' 

2023-10-02 16:39:13 - [MESSAGE][PASSED] - All options with label 'Fiduciary Tax' are selected in object 'Object Repository/RAD_Pages/TaxTypeFilingYear_Page/select_PaymentType' 

2023-10-02 16:39:13 - [TEST_STEP][PASSED] - break: null

2023-10-02 16:39:13 - [TEST_STEP][PASSED] - delay(1): Delayed 1 second(s)

2023-10-02 16:39:14 - [MESSAGE][PASSED] - Delayed 1 second(s)

2023-10-02 16:39:14 - [TEST_STEP][PASSED] - scrollToElement(findTestObject(orPath_Amount + "/input__paymentAmount"), 3): Scroll to object 'Object Repository/RAD_Pages/PaymentAmount_Page/input__paymentAmount' successfully

2023-10-02 16:39:14 - [MESSAGE][PASSED] - Scroll to object 'Object Repository/RAD_Pages/PaymentAmount_Page/input__paymentAmount' successfully

2023-10-02 16:39:14 - [TEST_STEP][PASSED] - setText(findTestObject(orPath_AddressContact + "/input_eMailAddress"), "imtiazster@gmail.com"): Text 'imtiazster@gmail.com' is set on object 'Object Repository/RAD_Pages/AddressAndContactInfo_Page/input_eMailAddress'

2023-10-02 16:39:16 - [MESSAGE][PASSED] - Text 'imtiazster@gmail.com' is set on object 'Object Repository/RAD_Pages/AddressAndContactInfo_Page/input_eMailAddress'

2023-10-02 16:39:16 - [TEST_STEP][PASSED] - setText(findTestObject(orPath_AddressContact + "/input_reEnterEMailAddress"), "iahmed@govolution.com"): Text 'iahmed@govolution.com' is set on object 'Object Repository/RAD_Pages/AddressAndContactInfo_Page/input_reEnterEMailAddress'

2023-10-02 16:39:17 - [MESSAGE][PASSED] - Text 'iahmed@govolution.com' is set on object 'Object Repository/RAD_Pages/AddressAndContactInfo_Page/input_reEnterEMailAddress'

2023-10-02 16:39:17 - [TEST_STEP][PASSED] - delay(2): Delayed 2 second(s)

2023-10-02 16:39:19 - [MESSAGE][PASSED] - Delayed 2 second(s)

2023-10-02 16:39:19 - [TEST_STEP][PASSED] - if (verifyTextPresent("The Email and Re-enter email do not match", true)): null

2023-10-02 16:39:20 - [MESSAGE][PASSED] - Text 'The Email and Re-enter email do not match' is present on page  using regular expression

2023-10-02 16:39:20 - [TEST_STEP][PASSED] - println("Emails Dont match text is present"): null

2023-10-02 16:39:20 - [TEST_STEP][PASSED] - out.println("Pass Record Number: " + row): null

2023-10-02 16:39:20 - [TEST_STEP][PASSED] - resText = "Pass": null

2023-10-02 16:39:20 - [TEST_STEP][PASSED] - pages.WriteExcel.demoKey(resText, datText, resColumn, datCloumn, fileLoc, nameSheet, row): pages.WriteExcel.demoKey is PASSED

2023-10-02 16:39:20 - [MESSAGE][PASSED] - pages.WriteExcel.demoKey is PASSED

2023-10-02 16:39:20 - [TEST_STEP][PASSED] - ExecuteTC = findTestData(dataFile).getValue("Execute", row): null

2023-10-02 16:39:20 - [TEST_STEP][PASSED] - Taxtype = findTestData(dataFile).getValue("TaxType", row): null

2023-10-02 16:39:20 - [TEST_STEP][PASSED] - Paymenttype = findTestData(dataFile).getValue("PaymentType", row): null

2023-10-02 16:39:20 - [TEST_STEP][PASSED] - out.println("Value of Execute is : " + ExecuteTC): null

2023-10-02 16:39:20 - [TEST_STEP][PASSED] - if (ExecuteTC.equalsIgnoreCase("Y")): null

2023-10-02 16:39:20 - [TEST_STEP][PASSED] - out.println("Begin Record Number: " + row): null

2023-10-02 16:39:20 - [TEST_STEP][PASSED] - today = new java.util.Date(): null

2023-10-02 16:39:20 - [TEST_STEP][PASSED] - println(today): null

2023-10-02 16:39:20 - [TEST_STEP][PASSED] - datText = today: null

2023-10-02 16:39:20 - [TEST_STEP][PASSED] - Taxtype = findTestData(dataFile).getValue("TaxType", row): null

2023-10-02 16:39:20 - [TEST_STEP][PASSED] - out.println("Taxtype value is : " + Taxtype): null

2023-10-02 16:39:20 - [TEST_STEP][PASSED] - openBrowser(""): Browser is opened with url: ''

2023-10-02 16:39:20 - [MESSAGE][WARNING] - A browser is already opened. Closing browser and opening a new one

2023-10-02 16:39:21 - [MESSAGE][INFO] - Starting 'Chrome' driver

2023-10-02 16:39:21 - [MESSAGE][INFO] - User set preference: ['acceptInsecureCerts', 'true']

2023-10-02 16:39:21 - [MESSAGE][INFO] - Action delay is set to 0 milliseconds

2023-10-02 16:39:22 - [MESSAGE][PASSED] - Browser is opened with url: ''

2023-10-02 16:39:22 - [TEST_STEP][PASSED] - maximizeWindow(): Current window maximized

2023-10-02 16:39:22 - [MESSAGE][PASSED] - Current window maximized

2023-10-02 16:39:22 - [TEST_STEP][PASSED] - navigateToUrl(RADurl): Navigate to 'https://demo.velocitypayment.com/client/rad/index.html' successfully

2023-10-02 16:39:23 - [MESSAGE][PASSED] - Navigate to 'https://demo.velocitypayment.com/client/rad/index.html' successfully

2023-10-02 16:39:23 - [TEST_STEP][PASSED] - orPath_Landing = "Object Repository/RAD_Pages/Landing_Page": null

2023-10-02 16:39:23 - [TEST_STEP][PASSED] - orPath_TaxTypeFilingYear = "Object Repository/RAD_Pages/TaxTypeFilingYear_Page": null

2023-10-02 16:39:23 - [TEST_STEP][PASSED] - orPath_TaxPayer = "Object Repository/RAD_Pages/Taxpayer_Page": null

2023-10-02 16:39:23 - [TEST_STEP][PASSED] - orPath_AddressContact = "Object Repository/RAD_Pages/AddressAndContactInfo_Page": null

2023-10-02 16:39:23 - [TEST_STEP][PASSED] - orPath_FilingStatus = "Object Repository/RAD_Pages/FilingStatus_Page": null

2023-10-02 16:39:23 - [TEST_STEP][PASSED] - orPath_Amount = "Object Repository/RAD_Pages/PaymentAmount_Page": null

2023-10-02 16:39:23 - [TEST_STEP][PASSED] - selectOptionByLabel(findTestObject(orPath_Landing + "/dd_TaxType"), Paymenttype, false): All options with label 'Quarterly Estimated Tax' are selected in object 'Object Repository/RAD_Pages/Landing_Page/dd_TaxType' 

2023-10-02 16:39:24 - [MESSAGE][PASSED] - All options with label 'Quarterly Estimated Tax' are selected in object 'Object Repository/RAD_Pages/Landing_Page/dd_TaxType' 

2023-10-02 16:39:24 - [TEST_STEP][PASSED] - delay(1): Delayed 1 second(s)

2023-10-02 16:39:25 - [MESSAGE][PASSED] - Delayed 1 second(s)

2023-10-02 16:39:25 - [TEST_STEP][PASSED] - switch (Paymenttype): null

2023-10-02 16:39:25 - [TEST_STEP][PASSED] - case "Quarterly Estimated Tax":: null

2023-10-02 16:39:25 - [TEST_STEP][PASSED] - selectOptionByLabel(findTestObject(orPath_TaxTypeFilingYear + "/select_PaymentType"), Taxtype, false): All options with label 'PTE Non-Electing Non-S Corp' are selected in object 'Object Repository/RAD_Pages/TaxTypeFilingYear_Page/select_PaymentType' 

2023-10-02 16:39:26 - [MESSAGE][PASSED] - All options with label 'PTE Non-Electing Non-S Corp' are selected in object 'Object Repository/RAD_Pages/TaxTypeFilingYear_Page/select_PaymentType' 

2023-10-02 16:39:26 - [TEST_STEP][PASSED] - break: null

2023-10-02 16:39:26 - [TEST_STEP][PASSED] - delay(1): Delayed 1 second(s)

2023-10-02 16:39:27 - [MESSAGE][PASSED] - Delayed 1 second(s)

2023-10-02 16:39:27 - [TEST_STEP][PASSED] - scrollToElement(findTestObject(orPath_Amount + "/input__paymentAmount"), 3): Scroll to object 'Object Repository/RAD_Pages/PaymentAmount_Page/input__paymentAmount' successfully

2023-10-02 16:39:27 - [MESSAGE][PASSED] - Scroll to object 'Object Repository/RAD_Pages/PaymentAmount_Page/input__paymentAmount' successfully

2023-10-02 16:39:27 - [TEST_STEP][PASSED] - setText(findTestObject(orPath_AddressContact + "/input_eMailAddress"), "imtiazster@gmail.com"): Text 'imtiazster@gmail.com' is set on object 'Object Repository/RAD_Pages/AddressAndContactInfo_Page/input_eMailAddress'

2023-10-02 16:39:29 - [MESSAGE][PASSED] - Text 'imtiazster@gmail.com' is set on object 'Object Repository/RAD_Pages/AddressAndContactInfo_Page/input_eMailAddress'

2023-10-02 16:39:29 - [TEST_STEP][PASSED] - setText(findTestObject(orPath_AddressContact + "/input_reEnterEMailAddress"), "iahmed@govolution.com"): Text 'iahmed@govolution.com' is set on object 'Object Repository/RAD_Pages/AddressAndContactInfo_Page/input_reEnterEMailAddress'

2023-10-02 16:39:30 - [MESSAGE][PASSED] - Text 'iahmed@govolution.com' is set on object 'Object Repository/RAD_Pages/AddressAndContactInfo_Page/input_reEnterEMailAddress'

2023-10-02 16:39:30 - [TEST_STEP][PASSED] - delay(2): Delayed 2 second(s)

2023-10-02 16:39:32 - [MESSAGE][PASSED] - Delayed 2 second(s)

2023-10-02 16:39:32 - [TEST_STEP][PASSED] - if (verifyTextPresent("The Email and Re-enter email do not match", true)): null

2023-10-02 16:39:32 - [MESSAGE][PASSED] - Text 'The Email and Re-enter email do not match' is present on page  using regular expression

2023-10-02 16:39:32 - [TEST_STEP][PASSED] - println("Emails Dont match text is present"): null

2023-10-02 16:39:32 - [TEST_STEP][PASSED] - out.println("Pass Record Number: " + row): null

2023-10-02 16:39:32 - [TEST_STEP][PASSED] - resText = "Pass": null

2023-10-02 16:39:32 - [TEST_STEP][PASSED] - pages.WriteExcel.demoKey(resText, datText, resColumn, datCloumn, fileLoc, nameSheet, row): pages.WriteExcel.demoKey is PASSED

2023-10-02 16:39:32 - [MESSAGE][PASSED] - pages.WriteExcel.demoKey is PASSED

2023-10-02 16:39:32 - [TEST_STEP][PASSED] - ExecuteTC = findTestData(dataFile).getValue("Execute", row): null

2023-10-02 16:39:32 - [TEST_STEP][PASSED] - Taxtype = findTestData(dataFile).getValue("TaxType", row): null

2023-10-02 16:39:32 - [TEST_STEP][PASSED] - Paymenttype = findTestData(dataFile).getValue("PaymentType", row): null

2023-10-02 16:39:32 - [TEST_STEP][PASSED] - out.println("Value of Execute is : " + ExecuteTC): null

2023-10-02 16:39:32 - [TEST_STEP][PASSED] - if (ExecuteTC.equalsIgnoreCase("Y")): null

2023-10-02 16:39:32 - [TEST_STEP][PASSED] - out.println("Begin Record Number: " + row): null

2023-10-02 16:39:32 - [TEST_STEP][PASSED] - today = new java.util.Date(): null

2023-10-02 16:39:32 - [TEST_STEP][PASSED] - println(today): null

2023-10-02 16:39:32 - [TEST_STEP][PASSED] - datText = today: null

2023-10-02 16:39:32 - [TEST_STEP][PASSED] - Taxtype = findTestData(dataFile).getValue("TaxType", row): null

2023-10-02 16:39:32 - [TEST_STEP][PASSED] - out.println("Taxtype value is : " + Taxtype): null

2023-10-02 16:39:32 - [TEST_STEP][PASSED] - openBrowser(""): Browser is opened with url: ''

2023-10-02 16:39:32 - [MESSAGE][WARNING] - A browser is already opened. Closing browser and opening a new one

2023-10-02 16:39:33 - [MESSAGE][INFO] - Starting 'Chrome' driver

2023-10-02 16:39:33 - [MESSAGE][INFO] - User set preference: ['acceptInsecureCerts', 'true']

2023-10-02 16:39:33 - [MESSAGE][INFO] - Action delay is set to 0 milliseconds

2023-10-02 16:39:35 - [MESSAGE][PASSED] - Browser is opened with url: ''

2023-10-02 16:39:35 - [TEST_STEP][PASSED] - maximizeWindow(): Current window maximized

2023-10-02 16:39:35 - [MESSAGE][PASSED] - Current window maximized

2023-10-02 16:39:35 - [TEST_STEP][PASSED] - navigateToUrl(RADurl): Navigate to 'https://demo.velocitypayment.com/client/rad/index.html' successfully

2023-10-02 16:39:36 - [MESSAGE][PASSED] - Navigate to 'https://demo.velocitypayment.com/client/rad/index.html' successfully

2023-10-02 16:39:36 - [TEST_STEP][PASSED] - orPath_Landing = "Object Repository/RAD_Pages/Landing_Page": null

2023-10-02 16:39:36 - [TEST_STEP][PASSED] - orPath_TaxTypeFilingYear = "Object Repository/RAD_Pages/TaxTypeFilingYear_Page": null

2023-10-02 16:39:36 - [TEST_STEP][PASSED] - orPath_TaxPayer = "Object Repository/RAD_Pages/Taxpayer_Page": null

2023-10-02 16:39:36 - [TEST_STEP][PASSED] - orPath_AddressContact = "Object Repository/RAD_Pages/AddressAndContactInfo_Page": null

2023-10-02 16:39:36 - [TEST_STEP][PASSED] - orPath_FilingStatus = "Object Repository/RAD_Pages/FilingStatus_Page": null

2023-10-02 16:39:36 - [TEST_STEP][PASSED] - orPath_Amount = "Object Repository/RAD_Pages/PaymentAmount_Page": null

2023-10-02 16:39:36 - [TEST_STEP][PASSED] - selectOptionByLabel(findTestObject(orPath_Landing + "/dd_TaxType"), Paymenttype, false): All options with label 'Quarterly Estimated Tax' are selected in object 'Object Repository/RAD_Pages/Landing_Page/dd_TaxType' 

2023-10-02 16:39:37 - [MESSAGE][PASSED] - All options with label 'Quarterly Estimated Tax' are selected in object 'Object Repository/RAD_Pages/Landing_Page/dd_TaxType' 

2023-10-02 16:39:37 - [TEST_STEP][PASSED] - delay(1): Delayed 1 second(s)

2023-10-02 16:39:38 - [MESSAGE][PASSED] - Delayed 1 second(s)

2023-10-02 16:39:38 - [TEST_STEP][PASSED] - switch (Paymenttype): null

2023-10-02 16:39:38 - [TEST_STEP][PASSED] - case "Quarterly Estimated Tax":: null

2023-10-02 16:39:38 - [TEST_STEP][PASSED] - selectOptionByLabel(findTestObject(orPath_TaxTypeFilingYear + "/select_PaymentType"), Taxtype, false): All options with label 'PTE Non-Electing S Corp' are selected in object 'Object Repository/RAD_Pages/TaxTypeFilingYear_Page/select_PaymentType' 

2023-10-02 16:39:39 - [MESSAGE][PASSED] - All options with label 'PTE Non-Electing S Corp' are selected in object 'Object Repository/RAD_Pages/TaxTypeFilingYear_Page/select_PaymentType' 

2023-10-02 16:39:39 - [TEST_STEP][PASSED] - break: null

2023-10-02 16:39:39 - [TEST_STEP][PASSED] - delay(1): Delayed 1 second(s)

2023-10-02 16:39:40 - [MESSAGE][PASSED] - Delayed 1 second(s)

2023-10-02 16:39:40 - [TEST_STEP][PASSED] - scrollToElement(findTestObject(orPath_Amount + "/input__paymentAmount"), 3): Scroll to object 'Object Repository/RAD_Pages/PaymentAmount_Page/input__paymentAmount' successfully

2023-10-02 16:39:40 - [MESSAGE][PASSED] - Scroll to object 'Object Repository/RAD_Pages/PaymentAmount_Page/input__paymentAmount' successfully

2023-10-02 16:39:40 - [TEST_STEP][PASSED] - setText(findTestObject(orPath_AddressContact + "/input_eMailAddress"), "imtiazster@gmail.com"): Text 'imtiazster@gmail.com' is set on object 'Object Repository/RAD_Pages/AddressAndContactInfo_Page/input_eMailAddress'

2023-10-02 16:39:42 - [MESSAGE][PASSED] - Text 'imtiazster@gmail.com' is set on object 'Object Repository/RAD_Pages/AddressAndContactInfo_Page/input_eMailAddress'

2023-10-02 16:39:42 - [TEST_STEP][PASSED] - setText(findTestObject(orPath_AddressContact + "/input_reEnterEMailAddress"), "iahmed@govolution.com"): Text 'iahmed@govolution.com' is set on object 'Object Repository/RAD_Pages/AddressAndContactInfo_Page/input_reEnterEMailAddress'

2023-10-02 16:39:43 - [MESSAGE][PASSED] - Text 'iahmed@govolution.com' is set on object 'Object Repository/RAD_Pages/AddressAndContactInfo_Page/input_reEnterEMailAddress'

2023-10-02 16:39:43 - [TEST_STEP][PASSED] - delay(2): Delayed 2 second(s)

2023-10-02 16:39:45 - [MESSAGE][PASSED] - Delayed 2 second(s)

2023-10-02 16:39:45 - [TEST_STEP][PASSED] - if (verifyTextPresent("The Email and Re-enter email do not match", true)): null

2023-10-02 16:39:45 - [MESSAGE][PASSED] - Text 'The Email and Re-enter email do not match' is present on page  using regular expression

2023-10-02 16:39:45 - [TEST_STEP][PASSED] - println("Emails Dont match text is present"): null

2023-10-02 16:39:45 - [TEST_STEP][PASSED] - out.println("Pass Record Number: " + row): null

2023-10-02 16:39:45 - [TEST_STEP][PASSED] - resText = "Pass": null

2023-10-02 16:39:45 - [TEST_STEP][PASSED] - pages.WriteExcel.demoKey(resText, datText, resColumn, datCloumn, fileLoc, nameSheet, row): pages.WriteExcel.demoKey is PASSED

2023-10-02 16:39:45 - [MESSAGE][PASSED] - pages.WriteExcel.demoKey is PASSED

2023-10-02 16:39:45 - [TEST_STEP][PASSED] - ExecuteTC = findTestData(dataFile).getValue("Execute", row): null

2023-10-02 16:39:45 - [TEST_STEP][PASSED] - Taxtype = findTestData(dataFile).getValue("TaxType", row): null

2023-10-02 16:39:45 - [TEST_STEP][PASSED] - Paymenttype = findTestData(dataFile).getValue("PaymentType", row): null

2023-10-02 16:39:45 - [TEST_STEP][PASSED] - out.println("Value of Execute is : " + ExecuteTC): null

2023-10-02 16:39:45 - [TEST_STEP][PASSED] - if (ExecuteTC.equalsIgnoreCase("Y")): null

2023-10-02 16:39:45 - [TEST_STEP][PASSED] - out.println("Begin Record Number: " + row): null

2023-10-02 16:39:45 - [TEST_STEP][PASSED] - today = new java.util.Date(): null

2023-10-02 16:39:45 - [TEST_STEP][PASSED] - println(today): null

2023-10-02 16:39:45 - [TEST_STEP][PASSED] - datText = today: null

2023-10-02 16:39:45 - [TEST_STEP][PASSED] - Taxtype = findTestData(dataFile).getValue("TaxType", row): null

2023-10-02 16:39:45 - [TEST_STEP][PASSED] - out.println("Taxtype value is : " + Taxtype): null

2023-10-02 16:39:45 - [TEST_STEP][PASSED] - openBrowser(""): Browser is opened with url: ''

2023-10-02 16:39:45 - [MESSAGE][WARNING] - A browser is already opened. Closing browser and opening a new one

2023-10-02 16:39:46 - [MESSAGE][INFO] - Starting 'Chrome' driver

2023-10-02 16:39:46 - [MESSAGE][INFO] - User set preference: ['acceptInsecureCerts', 'true']

2023-10-02 16:39:46 - [MESSAGE][INFO] - Action delay is set to 0 milliseconds

2023-10-02 16:39:48 - [MESSAGE][PASSED] - Browser is opened with url: ''

2023-10-02 16:39:48 - [TEST_STEP][PASSED] - maximizeWindow(): Current window maximized

2023-10-02 16:39:48 - [MESSAGE][PASSED] - Current window maximized

2023-10-02 16:39:48 - [TEST_STEP][PASSED] - navigateToUrl(RADurl): Navigate to 'https://demo.velocitypayment.com/client/rad/index.html' successfully

2023-10-02 16:39:49 - [MESSAGE][PASSED] - Navigate to 'https://demo.velocitypayment.com/client/rad/index.html' successfully

2023-10-02 16:39:49 - [TEST_STEP][PASSED] - orPath_Landing = "Object Repository/RAD_Pages/Landing_Page": null

2023-10-02 16:39:49 - [TEST_STEP][PASSED] - orPath_TaxTypeFilingYear = "Object Repository/RAD_Pages/TaxTypeFilingYear_Page": null

2023-10-02 16:39:49 - [TEST_STEP][PASSED] - orPath_TaxPayer = "Object Repository/RAD_Pages/Taxpayer_Page": null

2023-10-02 16:39:49 - [TEST_STEP][PASSED] - orPath_AddressContact = "Object Repository/RAD_Pages/AddressAndContactInfo_Page": null

2023-10-02 16:39:49 - [TEST_STEP][PASSED] - orPath_FilingStatus = "Object Repository/RAD_Pages/FilingStatus_Page": null

2023-10-02 16:39:49 - [TEST_STEP][PASSED] - orPath_Amount = "Object Repository/RAD_Pages/PaymentAmount_Page": null

2023-10-02 16:39:49 - [TEST_STEP][PASSED] - selectOptionByLabel(findTestObject(orPath_Landing + "/dd_TaxType"), Paymenttype, false): All options with label 'Quarterly Estimated Tax' are selected in object 'Object Repository/RAD_Pages/Landing_Page/dd_TaxType' 

2023-10-02 16:39:50 - [MESSAGE][PASSED] - All options with label 'Quarterly Estimated Tax' are selected in object 'Object Repository/RAD_Pages/Landing_Page/dd_TaxType' 

2023-10-02 16:39:50 - [TEST_STEP][PASSED] - delay(1): Delayed 1 second(s)

2023-10-02 16:39:51 - [MESSAGE][PASSED] - Delayed 1 second(s)

2023-10-02 16:39:51 - [TEST_STEP][PASSED] - switch (Paymenttype): null

2023-10-02 16:39:51 - [TEST_STEP][PASSED] - case "Quarterly Estimated Tax":: null

2023-10-02 16:39:51 - [TEST_STEP][PASSED] - selectOptionByLabel(findTestObject(orPath_TaxTypeFilingYear + "/select_PaymentType"), Taxtype, false): All options with label 'PTE Tax Electing Non-S Corp' are selected in object 'Object Repository/RAD_Pages/TaxTypeFilingYear_Page/select_PaymentType' 

2023-10-02 16:39:51 - [MESSAGE][PASSED] - All options with label 'PTE Tax Electing Non-S Corp' are selected in object 'Object Repository/RAD_Pages/TaxTypeFilingYear_Page/select_PaymentType' 

2023-10-02 16:39:51 - [TEST_STEP][PASSED] - break: null

2023-10-02 16:39:51 - [TEST_STEP][PASSED] - delay(1): Delayed 1 second(s)

2023-10-02 16:39:52 - [MESSAGE][PASSED] - Delayed 1 second(s)

2023-10-02 16:39:52 - [TEST_STEP][PASSED] - scrollToElement(findTestObject(orPath_Amount + "/input__paymentAmount"), 3): Scroll to object 'Object Repository/RAD_Pages/PaymentAmount_Page/input__paymentAmount' successfully

2023-10-02 16:39:53 - [MESSAGE][PASSED] - Scroll to object 'Object Repository/RAD_Pages/PaymentAmount_Page/input__paymentAmount' successfully

2023-10-02 16:39:53 - [TEST_STEP][PASSED] - setText(findTestObject(orPath_AddressContact + "/input_eMailAddress"), "imtiazster@gmail.com"): Text 'imtiazster@gmail.com' is set on object 'Object Repository/RAD_Pages/AddressAndContactInfo_Page/input_eMailAddress'

2023-10-02 16:39:55 - [MESSAGE][PASSED] - Text 'imtiazster@gmail.com' is set on object 'Object Repository/RAD_Pages/AddressAndContactInfo_Page/input_eMailAddress'

2023-10-02 16:39:55 - [TEST_STEP][PASSED] - setText(findTestObject(orPath_AddressContact + "/input_reEnterEMailAddress"), "iahmed@govolution.com"): Text 'iahmed@govolution.com' is set on object 'Object Repository/RAD_Pages/AddressAndContactInfo_Page/input_reEnterEMailAddress'

2023-10-02 16:39:55 - [MESSAGE][PASSED] - Text 'iahmed@govolution.com' is set on object 'Object Repository/RAD_Pages/AddressAndContactInfo_Page/input_reEnterEMailAddress'

2023-10-02 16:39:55 - [TEST_STEP][PASSED] - delay(2): Delayed 2 second(s)

2023-10-02 16:39:57 - [MESSAGE][PASSED] - Delayed 2 second(s)

2023-10-02 16:39:57 - [TEST_STEP][PASSED] - if (verifyTextPresent("The Email and Re-enter email do not match", true)): null

2023-10-02 16:39:58 - [MESSAGE][PASSED] - Text 'The Email and Re-enter email do not match' is present on page  using regular expression

2023-10-02 16:39:58 - [TEST_STEP][PASSED] - println("Emails Dont match text is present"): null

2023-10-02 16:39:58 - [TEST_STEP][PASSED] - out.println("Pass Record Number: " + row): null

2023-10-02 16:39:58 - [TEST_STEP][PASSED] - resText = "Pass": null

2023-10-02 16:39:58 - [TEST_STEP][PASSED] - pages.WriteExcel.demoKey(resText, datText, resColumn, datCloumn, fileLoc, nameSheet, row): pages.WriteExcel.demoKey is PASSED

2023-10-02 16:39:58 - [MESSAGE][PASSED] - pages.WriteExcel.demoKey is PASSED

2023-10-02 16:39:58 - [TEST_STEP][PASSED] - ExecuteTC = findTestData(dataFile).getValue("Execute", row): null

2023-10-02 16:39:58 - [TEST_STEP][PASSED] - Taxtype = findTestData(dataFile).getValue("TaxType", row): null

2023-10-02 16:39:58 - [TEST_STEP][PASSED] - Paymenttype = findTestData(dataFile).getValue("PaymentType", row): null

2023-10-02 16:39:58 - [TEST_STEP][PASSED] - out.println("Value of Execute is : " + ExecuteTC): null

2023-10-02 16:39:58 - [TEST_STEP][PASSED] - if (ExecuteTC.equalsIgnoreCase("Y")): null

2023-10-02 16:39:58 - [TEST_STEP][PASSED] - out.println("Begin Record Number: " + row): null

2023-10-02 16:39:58 - [TEST_STEP][PASSED] - today = new java.util.Date(): null

2023-10-02 16:39:58 - [TEST_STEP][PASSED] - println(today): null

2023-10-02 16:39:58 - [TEST_STEP][PASSED] - datText = today: null

2023-10-02 16:39:58 - [TEST_STEP][PASSED] - Taxtype = findTestData(dataFile).getValue("TaxType", row): null

2023-10-02 16:39:58 - [TEST_STEP][PASSED] - out.println("Taxtype value is : " + Taxtype): null

2023-10-02 16:39:58 - [TEST_STEP][PASSED] - openBrowser(""): Browser is opened with url: ''

2023-10-02 16:39:58 - [MESSAGE][WARNING] - A browser is already opened. Closing browser and opening a new one

2023-10-02 16:39:59 - [MESSAGE][INFO] - Starting 'Chrome' driver

2023-10-02 16:39:59 - [MESSAGE][INFO] - User set preference: ['acceptInsecureCerts', 'true']

2023-10-02 16:39:59 - [MESSAGE][INFO] - Action delay is set to 0 milliseconds

2023-10-02 16:40:00 - [MESSAGE][PASSED] - Browser is opened with url: ''

2023-10-02 16:40:00 - [TEST_STEP][PASSED] - maximizeWindow(): Current window maximized

2023-10-02 16:40:00 - [MESSAGE][PASSED] - Current window maximized

2023-10-02 16:40:00 - [TEST_STEP][PASSED] - navigateToUrl(RADurl): Navigate to 'https://demo.velocitypayment.com/client/rad/index.html' successfully

2023-10-02 16:40:02 - [MESSAGE][PASSED] - Navigate to 'https://demo.velocitypayment.com/client/rad/index.html' successfully

2023-10-02 16:40:02 - [TEST_STEP][PASSED] - orPath_Landing = "Object Repository/RAD_Pages/Landing_Page": null

2023-10-02 16:40:02 - [TEST_STEP][PASSED] - orPath_TaxTypeFilingYear = "Object Repository/RAD_Pages/TaxTypeFilingYear_Page": null

2023-10-02 16:40:02 - [TEST_STEP][PASSED] - orPath_TaxPayer = "Object Repository/RAD_Pages/Taxpayer_Page": null

2023-10-02 16:40:02 - [TEST_STEP][PASSED] - orPath_AddressContact = "Object Repository/RAD_Pages/AddressAndContactInfo_Page": null

2023-10-02 16:40:02 - [TEST_STEP][PASSED] - orPath_FilingStatus = "Object Repository/RAD_Pages/FilingStatus_Page": null

2023-10-02 16:40:02 - [TEST_STEP][PASSED] - orPath_Amount = "Object Repository/RAD_Pages/PaymentAmount_Page": null

2023-10-02 16:40:02 - [TEST_STEP][PASSED] - selectOptionByLabel(findTestObject(orPath_Landing + "/dd_TaxType"), Paymenttype, false): All options with label 'Quarterly Estimated Tax' are selected in object 'Object Repository/RAD_Pages/Landing_Page/dd_TaxType' 

2023-10-02 16:40:03 - [MESSAGE][PASSED] - All options with label 'Quarterly Estimated Tax' are selected in object 'Object Repository/RAD_Pages/Landing_Page/dd_TaxType' 

2023-10-02 16:40:03 - [TEST_STEP][PASSED] - delay(1): Delayed 1 second(s)

2023-10-02 16:40:04 - [MESSAGE][PASSED] - Delayed 1 second(s)

2023-10-02 16:40:04 - [TEST_STEP][PASSED] - switch (Paymenttype): null

2023-10-02 16:40:04 - [TEST_STEP][PASSED] - case "Quarterly Estimated Tax":: null

2023-10-02 16:40:04 - [TEST_STEP][PASSED] - selectOptionByLabel(findTestObject(orPath_TaxTypeFilingYear + "/select_PaymentType"), Taxtype, false): All options with label 'PTE Tax Electing S Corp' are selected in object 'Object Repository/RAD_Pages/TaxTypeFilingYear_Page/select_PaymentType' 

2023-10-02 16:40:04 - [MESSAGE][PASSED] - All options with label 'PTE Tax Electing S Corp' are selected in object 'Object Repository/RAD_Pages/TaxTypeFilingYear_Page/select_PaymentType' 

2023-10-02 16:40:04 - [TEST_STEP][PASSED] - break: null

2023-10-02 16:40:04 - [TEST_STEP][PASSED] - delay(1): Delayed 1 second(s)

2023-10-02 16:40:05 - [MESSAGE][PASSED] - Delayed 1 second(s)

2023-10-02 16:40:05 - [TEST_STEP][PASSED] - scrollToElement(findTestObject(orPath_Amount + "/input__paymentAmount"), 3): Scroll to object 'Object Repository/RAD_Pages/PaymentAmount_Page/input__paymentAmount' successfully

2023-10-02 16:40:06 - [MESSAGE][PASSED] - Scroll to object 'Object Repository/RAD_Pages/PaymentAmount_Page/input__paymentAmount' successfully

2023-10-02 16:40:06 - [TEST_STEP][PASSED] - setText(findTestObject(orPath_AddressContact + "/input_eMailAddress"), "imtiazster@gmail.com"): Text 'imtiazster@gmail.com' is set on object 'Object Repository/RAD_Pages/AddressAndContactInfo_Page/input_eMailAddress'

2023-10-02 16:40:08 - [MESSAGE][PASSED] - Text 'imtiazster@gmail.com' is set on object 'Object Repository/RAD_Pages/AddressAndContactInfo_Page/input_eMailAddress'

2023-10-02 16:40:08 - [TEST_STEP][PASSED] - setText(findTestObject(orPath_AddressContact + "/input_reEnterEMailAddress"), "iahmed@govolution.com"): Text 'iahmed@govolution.com' is set on object 'Object Repository/RAD_Pages/AddressAndContactInfo_Page/input_reEnterEMailAddress'

2023-10-02 16:40:08 - [MESSAGE][PASSED] - Text 'iahmed@govolution.com' is set on object 'Object Repository/RAD_Pages/AddressAndContactInfo_Page/input_reEnterEMailAddress'

2023-10-02 16:40:08 - [TEST_STEP][PASSED] - delay(2): Delayed 2 second(s)

2023-10-02 16:40:10 - [MESSAGE][PASSED] - Delayed 2 second(s)

2023-10-02 16:40:10 - [TEST_STEP][PASSED] - if (verifyTextPresent("The Email and Re-enter email do not match", true)): null

2023-10-02 16:40:11 - [MESSAGE][PASSED] - Text 'The Email and Re-enter email do not match' is present on page  using regular expression

2023-10-02 16:40:11 - [TEST_STEP][PASSED] - println("Emails Dont match text is present"): null

2023-10-02 16:40:11 - [TEST_STEP][PASSED] - out.println("Pass Record Number: " + row): null

2023-10-02 16:40:11 - [TEST_STEP][PASSED] - resText = "Pass": null

2023-10-02 16:40:11 - [TEST_STEP][PASSED] - pages.WriteExcel.demoKey(resText, datText, resColumn, datCloumn, fileLoc, nameSheet, row): pages.WriteExcel.demoKey is PASSED

2023-10-02 16:40:11 - [MESSAGE][PASSED] - pages.WriteExcel.demoKey is PASSED

2023-10-02 16:40:11 - [TEST_STEP][PASSED] - ExecuteTC = findTestData(dataFile).getValue("Execute", row): null

2023-10-02 16:40:11 - [TEST_STEP][PASSED] - Taxtype = findTestData(dataFile).getValue("TaxType", row): null

2023-10-02 16:40:11 - [TEST_STEP][PASSED] - Paymenttype = findTestData(dataFile).getValue("PaymentType", row): null

2023-10-02 16:40:11 - [TEST_STEP][PASSED] - out.println("Value of Execute is : " + ExecuteTC): null

2023-10-02 16:40:11 - [TEST_STEP][PASSED] - if (ExecuteTC.equalsIgnoreCase("Y")): null

2023-10-02 16:40:11 - [TEST_STEP][PASSED] - out.println("Begin Record Number: " + row): null

2023-10-02 16:40:11 - [TEST_STEP][PASSED] - today = new java.util.Date(): null

2023-10-02 16:40:11 - [TEST_STEP][PASSED] - println(today): null

2023-10-02 16:40:11 - [TEST_STEP][PASSED] - datText = today: null

2023-10-02 16:40:11 - [TEST_STEP][PASSED] - Taxtype = findTestData(dataFile).getValue("TaxType", row): null

2023-10-02 16:40:11 - [TEST_STEP][PASSED] - out.println("Taxtype value is : " + Taxtype): null

2023-10-02 16:40:11 - [TEST_STEP][PASSED] - openBrowser(""): Browser is opened with url: ''

2023-10-02 16:40:11 - [MESSAGE][WARNING] - A browser is already opened. Closing browser and opening a new one

2023-10-02 16:40:12 - [MESSAGE][INFO] - Starting 'Chrome' driver

2023-10-02 16:40:12 - [MESSAGE][INFO] - User set preference: ['acceptInsecureCerts', 'true']

2023-10-02 16:40:12 - [MESSAGE][INFO] - Action delay is set to 0 milliseconds

2023-10-02 16:40:13 - [MESSAGE][PASSED] - Browser is opened with url: ''

2023-10-02 16:40:13 - [TEST_STEP][PASSED] - maximizeWindow(): Current window maximized

2023-10-02 16:40:13 - [MESSAGE][PASSED] - Current window maximized

2023-10-02 16:40:13 - [TEST_STEP][PASSED] - navigateToUrl(RADurl): Navigate to 'https://demo.velocitypayment.com/client/rad/index.html' successfully

2023-10-02 16:40:15 - [MESSAGE][PASSED] - Navigate to 'https://demo.velocitypayment.com/client/rad/index.html' successfully

2023-10-02 16:40:15 - [TEST_STEP][PASSED] - orPath_Landing = "Object Repository/RAD_Pages/Landing_Page": null

2023-10-02 16:40:15 - [TEST_STEP][PASSED] - orPath_TaxTypeFilingYear = "Object Repository/RAD_Pages/TaxTypeFilingYear_Page": null

2023-10-02 16:40:15 - [TEST_STEP][PASSED] - orPath_TaxPayer = "Object Repository/RAD_Pages/Taxpayer_Page": null

2023-10-02 16:40:15 - [TEST_STEP][PASSED] - orPath_AddressContact = "Object Repository/RAD_Pages/AddressAndContactInfo_Page": null

2023-10-02 16:40:15 - [TEST_STEP][PASSED] - orPath_FilingStatus = "Object Repository/RAD_Pages/FilingStatus_Page": null

2023-10-02 16:40:15 - [TEST_STEP][PASSED] - orPath_Amount = "Object Repository/RAD_Pages/PaymentAmount_Page": null

2023-10-02 16:40:15 - [TEST_STEP][PASSED] - selectOptionByLabel(findTestObject(orPath_Landing + "/dd_TaxType"), Paymenttype, false): All options with label 'Quarterly Estimated Tax' are selected in object 'Object Repository/RAD_Pages/Landing_Page/dd_TaxType' 

2023-10-02 16:40:16 - [MESSAGE][PASSED] - All options with label 'Quarterly Estimated Tax' are selected in object 'Object Repository/RAD_Pages/Landing_Page/dd_TaxType' 

2023-10-02 16:40:16 - [TEST_STEP][PASSED] - delay(1): Delayed 1 second(s)

2023-10-02 16:40:17 - [MESSAGE][PASSED] - Delayed 1 second(s)

2023-10-02 16:40:17 - [TEST_STEP][PASSED] - switch (Paymenttype): null

2023-10-02 16:40:17 - [TEST_STEP][PASSED] - case "Quarterly Estimated Tax":: null

2023-10-02 16:40:17 - [TEST_STEP][PASSED] - selectOptionByLabel(findTestObject(orPath_TaxTypeFilingYear + "/select_PaymentType"), Taxtype, false): All options with label 'Personal Income Tax' are selected in object 'Object Repository/RAD_Pages/TaxTypeFilingYear_Page/select_PaymentType' 

2023-10-02 16:40:17 - [MESSAGE][PASSED] - All options with label 'Personal Income Tax' are selected in object 'Object Repository/RAD_Pages/TaxTypeFilingYear_Page/select_PaymentType' 

2023-10-02 16:40:17 - [TEST_STEP][PASSED] - break: null

2023-10-02 16:40:17 - [TEST_STEP][PASSED] - delay(1): Delayed 1 second(s)

2023-10-02 16:40:18 - [MESSAGE][PASSED] - Delayed 1 second(s)

2023-10-02 16:40:18 - [TEST_STEP][PASSED] - scrollToElement(findTestObject(orPath_Amount + "/input__paymentAmount"), 3): Scroll to object 'Object Repository/RAD_Pages/PaymentAmount_Page/input__paymentAmount' successfully

2023-10-02 16:40:19 - [MESSAGE][PASSED] - Scroll to object 'Object Repository/RAD_Pages/PaymentAmount_Page/input__paymentAmount' successfully

2023-10-02 16:40:19 - [TEST_STEP][PASSED] - setText(findTestObject(orPath_AddressContact + "/input_eMailAddress"), "imtiazster@gmail.com"): Text 'imtiazster@gmail.com' is set on object 'Object Repository/RAD_Pages/AddressAndContactInfo_Page/input_eMailAddress'

2023-10-02 16:40:20 - [MESSAGE][PASSED] - Text 'imtiazster@gmail.com' is set on object 'Object Repository/RAD_Pages/AddressAndContactInfo_Page/input_eMailAddress'

2023-10-02 16:40:20 - [TEST_STEP][PASSED] - setText(findTestObject(orPath_AddressContact + "/input_reEnterEMailAddress"), "iahmed@govolution.com"): Text 'iahmed@govolution.com' is set on object 'Object Repository/RAD_Pages/AddressAndContactInfo_Page/input_reEnterEMailAddress'

2023-10-02 16:40:21 - [MESSAGE][PASSED] - Text 'iahmed@govolution.com' is set on object 'Object Repository/RAD_Pages/AddressAndContactInfo_Page/input_reEnterEMailAddress'

2023-10-02 16:40:21 - [TEST_STEP][PASSED] - delay(2): Delayed 2 second(s)

2023-10-02 16:40:23 - [MESSAGE][PASSED] - Delayed 2 second(s)

2023-10-02 16:40:23 - [TEST_STEP][PASSED] - if (verifyTextPresent("The Email and Re-enter email do not match", true)): null

2023-10-02 16:40:24 - [MESSAGE][PASSED] - Text 'The Email and Re-enter email do not match' is present on page  using regular expression

2023-10-02 16:40:24 - [TEST_STEP][PASSED] - println("Emails Dont match text is present"): null

2023-10-02 16:40:24 - [TEST_STEP][PASSED] - out.println("Pass Record Number: " + row): null

2023-10-02 16:40:24 - [TEST_STEP][PASSED] - resText = "Pass": null

2023-10-02 16:40:24 - [TEST_STEP][PASSED] - pages.WriteExcel.demoKey(resText, datText, resColumn, datCloumn, fileLoc, nameSheet, row): pages.WriteExcel.demoKey is PASSED

2023-10-02 16:40:24 - [MESSAGE][PASSED] - pages.WriteExcel.demoKey is PASSED

2023-10-02 16:40:24 - [TEST_STEP][PASSED] - ExecuteTC = findTestData(dataFile).getValue("Execute", row): null

2023-10-02 16:40:24 - [TEST_STEP][PASSED] - Taxtype = findTestData(dataFile).getValue("TaxType", row): null

2023-10-02 16:40:24 - [TEST_STEP][PASSED] - Paymenttype = findTestData(dataFile).getValue("PaymentType", row): null

2023-10-02 16:40:24 - [TEST_STEP][PASSED] - out.println("Value of Execute is : " + ExecuteTC): null

2023-10-02 16:40:24 - [TEST_STEP][PASSED] - if (ExecuteTC.equalsIgnoreCase("Y")): null

2023-10-02 16:40:24 - [TEST_STEP][PASSED] - out.println("Begin Record Number: " + row): null

2023-10-02 16:40:24 - [TEST_STEP][PASSED] - today = new java.util.Date(): null

2023-10-02 16:40:24 - [TEST_STEP][PASSED] - println(today): null

2023-10-02 16:40:24 - [TEST_STEP][PASSED] - datText = today: null

2023-10-02 16:40:24 - [TEST_STEP][PASSED] - Taxtype = findTestData(dataFile).getValue("TaxType", row): null

2023-10-02 16:40:24 - [TEST_STEP][PASSED] - out.println("Taxtype value is : " + Taxtype): null

2023-10-02 16:40:24 - [TEST_STEP][PASSED] - openBrowser(""): Browser is opened with url: ''

2023-10-02 16:40:24 - [MESSAGE][WARNING] - A browser is already opened. Closing browser and opening a new one

2023-10-02 16:40:25 - [MESSAGE][INFO] - Starting 'Chrome' driver

2023-10-02 16:40:25 - [MESSAGE][INFO] - User set preference: ['acceptInsecureCerts', 'true']

2023-10-02 16:40:25 - [MESSAGE][INFO] - Action delay is set to 0 milliseconds

2023-10-02 16:40:26 - [MESSAGE][PASSED] - Browser is opened with url: ''

2023-10-02 16:40:26 - [TEST_STEP][PASSED] - maximizeWindow(): Current window maximized

2023-10-02 16:40:26 - [MESSAGE][PASSED] - Current window maximized

2023-10-02 16:40:26 - [TEST_STEP][PASSED] - navigateToUrl(RADurl): Navigate to 'https://demo.velocitypayment.com/client/rad/index.html' successfully

2023-10-02 16:40:28 - [MESSAGE][PASSED] - Navigate to 'https://demo.velocitypayment.com/client/rad/index.html' successfully

2023-10-02 16:40:28 - [TEST_STEP][PASSED] - orPath_Landing = "Object Repository/RAD_Pages/Landing_Page": null

2023-10-02 16:40:28 - [TEST_STEP][PASSED] - orPath_TaxTypeFilingYear = "Object Repository/RAD_Pages/TaxTypeFilingYear_Page": null

2023-10-02 16:40:28 - [TEST_STEP][PASSED] - orPath_TaxPayer = "Object Repository/RAD_Pages/Taxpayer_Page": null

2023-10-02 16:40:28 - [TEST_STEP][PASSED] - orPath_AddressContact = "Object Repository/RAD_Pages/AddressAndContactInfo_Page": null

2023-10-02 16:40:28 - [TEST_STEP][PASSED] - orPath_FilingStatus = "Object Repository/RAD_Pages/FilingStatus_Page": null

2023-10-02 16:40:28 - [TEST_STEP][PASSED] - orPath_Amount = "Object Repository/RAD_Pages/PaymentAmount_Page": null

2023-10-02 16:40:28 - [TEST_STEP][PASSED] - selectOptionByLabel(findTestObject(orPath_Landing + "/dd_TaxType"), Paymenttype, false): All options with label 'Extension Payments' are selected in object 'Object Repository/RAD_Pages/Landing_Page/dd_TaxType' 

2023-10-02 16:40:29 - [MESSAGE][PASSED] - All options with label 'Extension Payments' are selected in object 'Object Repository/RAD_Pages/Landing_Page/dd_TaxType' 

2023-10-02 16:40:29 - [TEST_STEP][PASSED] - delay(1): Delayed 1 second(s)

2023-10-02 16:40:30 - [MESSAGE][PASSED] - Delayed 1 second(s)

2023-10-02 16:40:30 - [TEST_STEP][PASSED] - switch (Paymenttype): null

2023-10-02 16:40:30 - [TEST_STEP][PASSED] - case "Extension Payments":: null

2023-10-02 16:40:30 - [TEST_STEP][PASSED] - selectOptionByLabel(findTestObject(orPath_TaxTypeFilingYear + "/select_PaymentType"), Taxtype, false): All options with label 'Corporate Income Tax' are selected in object 'Object Repository/RAD_Pages/TaxTypeFilingYear_Page/select_PaymentType' 

2023-10-02 16:40:30 - [MESSAGE][PASSED] - All options with label 'Corporate Income Tax' are selected in object 'Object Repository/RAD_Pages/TaxTypeFilingYear_Page/select_PaymentType' 

2023-10-02 16:40:30 - [TEST_STEP][PASSED] - break: null

2023-10-02 16:40:30 - [TEST_STEP][PASSED] - delay(1): Delayed 1 second(s)

2023-10-02 16:40:31 - [MESSAGE][PASSED] - Delayed 1 second(s)

2023-10-02 16:40:31 - [TEST_STEP][PASSED] - scrollToElement(findTestObject(orPath_Amount + "/input__paymentAmount"), 3): Scroll to object 'Object Repository/RAD_Pages/PaymentAmount_Page/input__paymentAmount' successfully

2023-10-02 16:40:32 - [MESSAGE][PASSED] - Scroll to object 'Object Repository/RAD_Pages/PaymentAmount_Page/input__paymentAmount' successfully

2023-10-02 16:40:32 - [TEST_STEP][PASSED] - setText(findTestObject(orPath_AddressContact + "/input_eMailAddress"), "imtiazster@gmail.com"): Text 'imtiazster@gmail.com' is set on object 'Object Repository/RAD_Pages/AddressAndContactInfo_Page/input_eMailAddress'

2023-10-02 16:40:33 - [MESSAGE][PASSED] - Text 'imtiazster@gmail.com' is set on object 'Object Repository/RAD_Pages/AddressAndContactInfo_Page/input_eMailAddress'

2023-10-02 16:40:33 - [TEST_STEP][PASSED] - setText(findTestObject(orPath_AddressContact + "/input_reEnterEMailAddress"), "iahmed@govolution.com"): Text 'iahmed@govolution.com' is set on object 'Object Repository/RAD_Pages/AddressAndContactInfo_Page/input_reEnterEMailAddress'

2023-10-02 16:40:34 - [MESSAGE][PASSED] - Text 'iahmed@govolution.com' is set on object 'Object Repository/RAD_Pages/AddressAndContactInfo_Page/input_reEnterEMailAddress'

2023-10-02 16:40:34 - [TEST_STEP][PASSED] - delay(2): Delayed 2 second(s)

2023-10-02 16:40:36 - [MESSAGE][PASSED] - Delayed 2 second(s)

2023-10-02 16:40:36 - [TEST_STEP][PASSED] - if (verifyTextPresent("The Email and Re-enter email do not match", true)): null

2023-10-02 16:40:37 - [MESSAGE][PASSED] - Text 'The Email and Re-enter email do not match' is present on page  using regular expression

2023-10-02 16:40:37 - [TEST_STEP][PASSED] - println("Emails Dont match text is present"): null

2023-10-02 16:40:37 - [TEST_STEP][PASSED] - out.println("Pass Record Number: " + row): null

2023-10-02 16:40:37 - [TEST_STEP][PASSED] - resText = "Pass": null

2023-10-02 16:40:37 - [TEST_STEP][PASSED] - pages.WriteExcel.demoKey(resText, datText, resColumn, datCloumn, fileLoc, nameSheet, row): pages.WriteExcel.demoKey is PASSED

2023-10-02 16:40:37 - [MESSAGE][PASSED] - pages.WriteExcel.demoKey is PASSED

2023-10-02 16:40:37 - [TEST_STEP][PASSED] - ExecuteTC = findTestData(dataFile).getValue("Execute", row): null

2023-10-02 16:40:37 - [TEST_STEP][PASSED] - Taxtype = findTestData(dataFile).getValue("TaxType", row): null

2023-10-02 16:40:37 - [TEST_STEP][PASSED] - Paymenttype = findTestData(dataFile).getValue("PaymentType", row): null

2023-10-02 16:40:37 - [TEST_STEP][PASSED] - out.println("Value of Execute is : " + ExecuteTC): null

2023-10-02 16:40:37 - [TEST_STEP][PASSED] - if (ExecuteTC.equalsIgnoreCase("Y")): null

2023-10-02 16:40:37 - [TEST_STEP][PASSED] - out.println("Begin Record Number: " + row): null

2023-10-02 16:40:37 - [TEST_STEP][PASSED] - today = new java.util.Date(): null

2023-10-02 16:40:37 - [TEST_STEP][PASSED] - println(today): null

2023-10-02 16:40:37 - [TEST_STEP][PASSED] - datText = today: null

2023-10-02 16:40:37 - [TEST_STEP][PASSED] - Taxtype = findTestData(dataFile).getValue("TaxType", row): null

2023-10-02 16:40:37 - [TEST_STEP][PASSED] - out.println("Taxtype value is : " + Taxtype): null

2023-10-02 16:40:37 - [TEST_STEP][PASSED] - openBrowser(""): Browser is opened with url: ''

2023-10-02 16:40:37 - [MESSAGE][WARNING] - A browser is already opened. Closing browser and opening a new one

2023-10-02 16:40:38 - [MESSAGE][INFO] - Starting 'Chrome' driver

2023-10-02 16:40:38 - [MESSAGE][INFO] - User set preference: ['acceptInsecureCerts', 'true']

2023-10-02 16:40:38 - [MESSAGE][INFO] - Action delay is set to 0 milliseconds

2023-10-02 16:40:39 - [MESSAGE][PASSED] - Browser is opened with url: ''

2023-10-02 16:40:39 - [TEST_STEP][PASSED] - maximizeWindow(): Current window maximized

2023-10-02 16:40:39 - [MESSAGE][PASSED] - Current window maximized

2023-10-02 16:40:39 - [TEST_STEP][PASSED] - navigateToUrl(RADurl): Navigate to 'https://demo.velocitypayment.com/client/rad/index.html' successfully

2023-10-02 16:40:41 - [MESSAGE][PASSED] - Navigate to 'https://demo.velocitypayment.com/client/rad/index.html' successfully

2023-10-02 16:40:41 - [TEST_STEP][PASSED] - orPath_Landing = "Object Repository/RAD_Pages/Landing_Page": null

2023-10-02 16:40:41 - [TEST_STEP][PASSED] - orPath_TaxTypeFilingYear = "Object Repository/RAD_Pages/TaxTypeFilingYear_Page": null

2023-10-02 16:40:41 - [TEST_STEP][PASSED] - orPath_TaxPayer = "Object Repository/RAD_Pages/Taxpayer_Page": null

2023-10-02 16:40:41 - [TEST_STEP][PASSED] - orPath_AddressContact = "Object Repository/RAD_Pages/AddressAndContactInfo_Page": null

2023-10-02 16:40:41 - [TEST_STEP][PASSED] - orPath_FilingStatus = "Object Repository/RAD_Pages/FilingStatus_Page": null

2023-10-02 16:40:41 - [TEST_STEP][PASSED] - orPath_Amount = "Object Repository/RAD_Pages/PaymentAmount_Page": null

2023-10-02 16:40:41 - [TEST_STEP][PASSED] - selectOptionByLabel(findTestObject(orPath_Landing + "/dd_TaxType"), Paymenttype, false): All options with label 'Extension Payments' are selected in object 'Object Repository/RAD_Pages/Landing_Page/dd_TaxType' 

2023-10-02 16:40:41 - [MESSAGE][PASSED] - All options with label 'Extension Payments' are selected in object 'Object Repository/RAD_Pages/Landing_Page/dd_TaxType' 

2023-10-02 16:40:41 - [TEST_STEP][PASSED] - delay(1): Delayed 1 second(s)

2023-10-02 16:40:42 - [MESSAGE][PASSED] - Delayed 1 second(s)

2023-10-02 16:40:42 - [TEST_STEP][PASSED] - switch (Paymenttype): null

2023-10-02 16:40:42 - [TEST_STEP][PASSED] - case "Extension Payments":: null

2023-10-02 16:40:42 - [TEST_STEP][PASSED] - selectOptionByLabel(findTestObject(orPath_TaxTypeFilingYear + "/select_PaymentType"), Taxtype, false): All options with label 'Fiduciary Tax' are selected in object 'Object Repository/RAD_Pages/TaxTypeFilingYear_Page/select_PaymentType' 

2023-10-02 16:40:43 - [MESSAGE][PASSED] - All options with label 'Fiduciary Tax' are selected in object 'Object Repository/RAD_Pages/TaxTypeFilingYear_Page/select_PaymentType' 

2023-10-02 16:40:43 - [TEST_STEP][PASSED] - break: null

2023-10-02 16:40:43 - [TEST_STEP][PASSED] - delay(1): Delayed 1 second(s)

2023-10-02 16:40:44 - [MESSAGE][PASSED] - Delayed 1 second(s)

2023-10-02 16:40:44 - [TEST_STEP][PASSED] - scrollToElement(findTestObject(orPath_Amount + "/input__paymentAmount"), 3): Scroll to object 'Object Repository/RAD_Pages/PaymentAmount_Page/input__paymentAmount' successfully

2023-10-02 16:40:44 - [MESSAGE][PASSED] - Scroll to object 'Object Repository/RAD_Pages/PaymentAmount_Page/input__paymentAmount' successfully

2023-10-02 16:40:44 - [TEST_STEP][PASSED] - setText(findTestObject(orPath_AddressContact + "/input_eMailAddress"), "imtiazster@gmail.com"): Text 'imtiazster@gmail.com' is set on object 'Object Repository/RAD_Pages/AddressAndContactInfo_Page/input_eMailAddress'

2023-10-02 16:40:46 - [MESSAGE][PASSED] - Text 'imtiazster@gmail.com' is set on object 'Object Repository/RAD_Pages/AddressAndContactInfo_Page/input_eMailAddress'

2023-10-02 16:40:46 - [TEST_STEP][PASSED] - setText(findTestObject(orPath_AddressContact + "/input_reEnterEMailAddress"), "iahmed@govolution.com"): Text 'iahmed@govolution.com' is set on object 'Object Repository/RAD_Pages/AddressAndContactInfo_Page/input_reEnterEMailAddress'

2023-10-02 16:40:47 - [MESSAGE][PASSED] - Text 'iahmed@govolution.com' is set on object 'Object Repository/RAD_Pages/AddressAndContactInfo_Page/input_reEnterEMailAddress'

2023-10-02 16:40:47 - [TEST_STEP][PASSED] - delay(2): Delayed 2 second(s)

2023-10-02 16:40:49 - [MESSAGE][PASSED] - Delayed 2 second(s)

2023-10-02 16:40:49 - [TEST_STEP][PASSED] - if (verifyTextPresent("The Email and Re-enter email do not match", true)): null

2023-10-02 16:40:49 - [MESSAGE][PASSED] - Text 'The Email and Re-enter email do not match' is present on page  using regular expression

2023-10-02 16:40:49 - [TEST_STEP][PASSED] - println("Emails Dont match text is present"): null

2023-10-02 16:40:49 - [TEST_STEP][PASSED] - out.println("Pass Record Number: " + row): null

2023-10-02 16:40:49 - [TEST_STEP][PASSED] - resText = "Pass": null

2023-10-02 16:40:49 - [TEST_STEP][PASSED] - pages.WriteExcel.demoKey(resText, datText, resColumn, datCloumn, fileLoc, nameSheet, row): pages.WriteExcel.demoKey is PASSED

2023-10-02 16:40:49 - [MESSAGE][PASSED] - pages.WriteExcel.demoKey is PASSED

2023-10-02 16:40:49 - [TEST_STEP][PASSED] - ExecuteTC = findTestData(dataFile).getValue("Execute", row): null

2023-10-02 16:40:49 - [TEST_STEP][PASSED] - Taxtype = findTestData(dataFile).getValue("TaxType", row): null

2023-10-02 16:40:50 - [TEST_STEP][PASSED] - Paymenttype = findTestData(dataFile).getValue("PaymentType", row): null

2023-10-02 16:40:50 - [TEST_STEP][PASSED] - out.println("Value of Execute is : " + ExecuteTC): null

2023-10-02 16:40:50 - [TEST_STEP][PASSED] - if (ExecuteTC.equalsIgnoreCase("Y")): null

2023-10-02 16:40:50 - [TEST_STEP][PASSED] - out.println("Begin Record Number: " + row): null

2023-10-02 16:40:50 - [TEST_STEP][PASSED] - today = new java.util.Date(): null

2023-10-02 16:40:50 - [TEST_STEP][PASSED] - println(today): null

2023-10-02 16:40:50 - [TEST_STEP][PASSED] - datText = today: null

2023-10-02 16:40:50 - [TEST_STEP][PASSED] - Taxtype = findTestData(dataFile).getValue("TaxType", row): null

2023-10-02 16:40:50 - [TEST_STEP][PASSED] - out.println("Taxtype value is : " + Taxtype): null

2023-10-02 16:40:50 - [TEST_STEP][PASSED] - openBrowser(""): Browser is opened with url: ''

2023-10-02 16:40:50 - [MESSAGE][WARNING] - A browser is already opened. Closing browser and opening a new one

2023-10-02 16:40:50 - [MESSAGE][INFO] - Starting 'Chrome' driver

2023-10-02 16:40:50 - [MESSAGE][INFO] - User set preference: ['acceptInsecureCerts', 'true']

2023-10-02 16:40:50 - [MESSAGE][INFO] - Action delay is set to 0 milliseconds

2023-10-02 16:40:52 - [MESSAGE][PASSED] - Browser is opened with url: ''

2023-10-02 16:40:52 - [TEST_STEP][PASSED] - maximizeWindow(): Current window maximized

2023-10-02 16:40:52 - [MESSAGE][PASSED] - Current window maximized

2023-10-02 16:40:52 - [TEST_STEP][PASSED] - navigateToUrl(RADurl): Navigate to 'https://demo.velocitypayment.com/client/rad/index.html' successfully

2023-10-02 16:40:53 - [MESSAGE][PASSED] - Navigate to 'https://demo.velocitypayment.com/client/rad/index.html' successfully

2023-10-02 16:40:53 - [TEST_STEP][PASSED] - orPath_Landing = "Object Repository/RAD_Pages/Landing_Page": null

2023-10-02 16:40:53 - [TEST_STEP][PASSED] - orPath_TaxTypeFilingYear = "Object Repository/RAD_Pages/TaxTypeFilingYear_Page": null

2023-10-02 16:40:53 - [TEST_STEP][PASSED] - orPath_TaxPayer = "Object Repository/RAD_Pages/Taxpayer_Page": null

2023-10-02 16:40:53 - [TEST_STEP][PASSED] - orPath_AddressContact = "Object Repository/RAD_Pages/AddressAndContactInfo_Page": null

2023-10-02 16:40:53 - [TEST_STEP][PASSED] - orPath_FilingStatus = "Object Repository/RAD_Pages/FilingStatus_Page": null

2023-10-02 16:40:53 - [TEST_STEP][PASSED] - orPath_Amount = "Object Repository/RAD_Pages/PaymentAmount_Page": null

2023-10-02 16:40:53 - [TEST_STEP][PASSED] - selectOptionByLabel(findTestObject(orPath_Landing + "/dd_TaxType"), Paymenttype, false): All options with label 'Extension Payments' are selected in object 'Object Repository/RAD_Pages/Landing_Page/dd_TaxType' 

2023-10-02 16:40:54 - [MESSAGE][PASSED] - All options with label 'Extension Payments' are selected in object 'Object Repository/RAD_Pages/Landing_Page/dd_TaxType' 

2023-10-02 16:40:54 - [TEST_STEP][PASSED] - delay(1): Delayed 1 second(s)

2023-10-02 16:40:55 - [MESSAGE][PASSED] - Delayed 1 second(s)

2023-10-02 16:40:55 - [TEST_STEP][PASSED] - switch (Paymenttype): null

2023-10-02 16:40:55 - [TEST_STEP][PASSED] - case "Extension Payments":: null

2023-10-02 16:40:55 - [TEST_STEP][PASSED] - selectOptionByLabel(findTestObject(orPath_TaxTypeFilingYear + "/select_PaymentType"), Taxtype, false): All options with label 'PTE Non-Electing Non-S Corp' are selected in object 'Object Repository/RAD_Pages/TaxTypeFilingYear_Page/select_PaymentType' 

2023-10-02 16:40:56 - [MESSAGE][PASSED] - All options with label 'PTE Non-Electing Non-S Corp' are selected in object 'Object Repository/RAD_Pages/TaxTypeFilingYear_Page/select_PaymentType' 

2023-10-02 16:40:56 - [TEST_STEP][PASSED] - break: null

2023-10-02 16:40:56 - [TEST_STEP][PASSED] - delay(1): Delayed 1 second(s)

2023-10-02 16:40:57 - [MESSAGE][PASSED] - Delayed 1 second(s)

2023-10-02 16:40:57 - [TEST_STEP][PASSED] - scrollToElement(findTestObject(orPath_Amount + "/input__paymentAmount"), 3): Scroll to object 'Object Repository/RAD_Pages/PaymentAmount_Page/input__paymentAmount' successfully

2023-10-02 16:40:57 - [MESSAGE][PASSED] - Scroll to object 'Object Repository/RAD_Pages/PaymentAmount_Page/input__paymentAmount' successfully

2023-10-02 16:40:57 - [TEST_STEP][PASSED] - setText(findTestObject(orPath_AddressContact + "/input_eMailAddress"), "imtiazster@gmail.com"): Text 'imtiazster@gmail.com' is set on object 'Object Repository/RAD_Pages/AddressAndContactInfo_Page/input_eMailAddress'

2023-10-02 16:40:59 - [MESSAGE][PASSED] - Text 'imtiazster@gmail.com' is set on object 'Object Repository/RAD_Pages/AddressAndContactInfo_Page/input_eMailAddress'

2023-10-02 16:40:59 - [TEST_STEP][PASSED] - setText(findTestObject(orPath_AddressContact + "/input_reEnterEMailAddress"), "iahmed@govolution.com"): Text 'iahmed@govolution.com' is set on object 'Object Repository/RAD_Pages/AddressAndContactInfo_Page/input_reEnterEMailAddress'

2023-10-02 16:41:00 - [MESSAGE][PASSED] - Text 'iahmed@govolution.com' is set on object 'Object Repository/RAD_Pages/AddressAndContactInfo_Page/input_reEnterEMailAddress'

2023-10-02 16:41:00 - [TEST_STEP][PASSED] - delay(2): Delayed 2 second(s)

2023-10-02 16:41:02 - [MESSAGE][PASSED] - Delayed 2 second(s)

2023-10-02 16:41:02 - [TEST_STEP][PASSED] - if (verifyTextPresent("The Email and Re-enter email do not match", true)): null

2023-10-02 16:41:02 - [MESSAGE][PASSED] - Text 'The Email and Re-enter email do not match' is present on page  using regular expression

2023-10-02 16:41:02 - [TEST_STEP][PASSED] - println("Emails Dont match text is present"): null

2023-10-02 16:41:02 - [TEST_STEP][PASSED] - out.println("Pass Record Number: " + row): null

2023-10-02 16:41:02 - [TEST_STEP][PASSED] - resText = "Pass": null

2023-10-02 16:41:02 - [TEST_STEP][PASSED] - pages.WriteExcel.demoKey(resText, datText, resColumn, datCloumn, fileLoc, nameSheet, row): pages.WriteExcel.demoKey is PASSED

2023-10-02 16:41:02 - [MESSAGE][PASSED] - pages.WriteExcel.demoKey is PASSED

2023-10-02 16:41:02 - [TEST_STEP][PASSED] - ExecuteTC = findTestData(dataFile).getValue("Execute", row): null

2023-10-02 16:41:02 - [TEST_STEP][PASSED] - Taxtype = findTestData(dataFile).getValue("TaxType", row): null

2023-10-02 16:41:02 - [TEST_STEP][PASSED] - Paymenttype = findTestData(dataFile).getValue("PaymentType", row): null

2023-10-02 16:41:02 - [TEST_STEP][PASSED] - out.println("Value of Execute is : " + ExecuteTC): null

2023-10-02 16:41:02 - [TEST_STEP][PASSED] - if (ExecuteTC.equalsIgnoreCase("Y")): null

2023-10-02 16:41:02 - [TEST_STEP][PASSED] - out.println("Begin Record Number: " + row): null

2023-10-02 16:41:02 - [TEST_STEP][PASSED] - today = new java.util.Date(): null

2023-10-02 16:41:02 - [TEST_STEP][PASSED] - println(today): null

2023-10-02 16:41:02 - [TEST_STEP][PASSED] - datText = today: null

2023-10-02 16:41:02 - [TEST_STEP][PASSED] - Taxtype = findTestData(dataFile).getValue("TaxType", row): null

2023-10-02 16:41:02 - [TEST_STEP][PASSED] - out.println("Taxtype value is : " + Taxtype): null

2023-10-02 16:41:02 - [TEST_STEP][PASSED] - openBrowser(""): Browser is opened with url: ''

2023-10-02 16:41:02 - [MESSAGE][WARNING] - A browser is already opened. Closing browser and opening a new one

2023-10-02 16:41:03 - [MESSAGE][INFO] - Starting 'Chrome' driver

2023-10-02 16:41:03 - [MESSAGE][INFO] - User set preference: ['acceptInsecureCerts', 'true']

2023-10-02 16:41:03 - [MESSAGE][INFO] - Action delay is set to 0 milliseconds

2023-10-02 16:41:04 - [MESSAGE][PASSED] - Browser is opened with url: ''

2023-10-02 16:41:04 - [TEST_STEP][PASSED] - maximizeWindow(): Current window maximized

2023-10-02 16:41:05 - [MESSAGE][PASSED] - Current window maximized

2023-10-02 16:41:05 - [TEST_STEP][PASSED] - navigateToUrl(RADurl): Navigate to 'https://demo.velocitypayment.com/client/rad/index.html' successfully

2023-10-02 16:41:06 - [MESSAGE][PASSED] - Navigate to 'https://demo.velocitypayment.com/client/rad/index.html' successfully

2023-10-02 16:41:06 - [TEST_STEP][PASSED] - orPath_Landing = "Object Repository/RAD_Pages/Landing_Page": null

2023-10-02 16:41:06 - [TEST_STEP][PASSED] - orPath_TaxTypeFilingYear = "Object Repository/RAD_Pages/TaxTypeFilingYear_Page": null

2023-10-02 16:41:06 - [TEST_STEP][PASSED] - orPath_TaxPayer = "Object Repository/RAD_Pages/Taxpayer_Page": null

2023-10-02 16:41:06 - [TEST_STEP][PASSED] - orPath_AddressContact = "Object Repository/RAD_Pages/AddressAndContactInfo_Page": null

2023-10-02 16:41:06 - [TEST_STEP][PASSED] - orPath_FilingStatus = "Object Repository/RAD_Pages/FilingStatus_Page": null

2023-10-02 16:41:06 - [TEST_STEP][PASSED] - orPath_Amount = "Object Repository/RAD_Pages/PaymentAmount_Page": null

2023-10-02 16:41:06 - [TEST_STEP][PASSED] - selectOptionByLabel(findTestObject(orPath_Landing + "/dd_TaxType"), Paymenttype, false): All options with label 'Extension Payments' are selected in object 'Object Repository/RAD_Pages/Landing_Page/dd_TaxType' 

2023-10-02 16:41:07 - [MESSAGE][PASSED] - All options with label 'Extension Payments' are selected in object 'Object Repository/RAD_Pages/Landing_Page/dd_TaxType' 

2023-10-02 16:41:07 - [TEST_STEP][PASSED] - delay(1): Delayed 1 second(s)

2023-10-02 16:41:08 - [MESSAGE][PASSED] - Delayed 1 second(s)

2023-10-02 16:41:08 - [TEST_STEP][PASSED] - switch (Paymenttype): null

2023-10-02 16:41:08 - [TEST_STEP][PASSED] - case "Extension Payments":: null

2023-10-02 16:41:08 - [TEST_STEP][PASSED] - selectOptionByLabel(findTestObject(orPath_TaxTypeFilingYear + "/select_PaymentType"), Taxtype, false): All options with label 'PTE Non-Electing S Corp' are selected in object 'Object Repository/RAD_Pages/TaxTypeFilingYear_Page/select_PaymentType' 

2023-10-02 16:41:09 - [MESSAGE][PASSED] - All options with label 'PTE Non-Electing S Corp' are selected in object 'Object Repository/RAD_Pages/TaxTypeFilingYear_Page/select_PaymentType' 

2023-10-02 16:41:09 - [TEST_STEP][PASSED] - break: null

2023-10-02 16:41:09 - [TEST_STEP][PASSED] - delay(1): Delayed 1 second(s)

2023-10-02 16:41:10 - [MESSAGE][PASSED] - Delayed 1 second(s)

2023-10-02 16:41:10 - [TEST_STEP][PASSED] - scrollToElement(findTestObject(orPath_Amount + "/input__paymentAmount"), 3): Scroll to object 'Object Repository/RAD_Pages/PaymentAmount_Page/input__paymentAmount' successfully

2023-10-02 16:41:10 - [MESSAGE][PASSED] - Scroll to object 'Object Repository/RAD_Pages/PaymentAmount_Page/input__paymentAmount' successfully

2023-10-02 16:41:10 - [TEST_STEP][PASSED] - setText(findTestObject(orPath_AddressContact + "/input_eMailAddress"), "imtiazster@gmail.com"): Text 'imtiazster@gmail.com' is set on object 'Object Repository/RAD_Pages/AddressAndContactInfo_Page/input_eMailAddress'

2023-10-02 16:41:12 - [MESSAGE][PASSED] - Text 'imtiazster@gmail.com' is set on object 'Object Repository/RAD_Pages/AddressAndContactInfo_Page/input_eMailAddress'

2023-10-02 16:41:12 - [TEST_STEP][PASSED] - setText(findTestObject(orPath_AddressContact + "/input_reEnterEMailAddress"), "iahmed@govolution.com"): Text 'iahmed@govolution.com' is set on object 'Object Repository/RAD_Pages/AddressAndContactInfo_Page/input_reEnterEMailAddress'

2023-10-02 16:41:12 - [MESSAGE][PASSED] - Text 'iahmed@govolution.com' is set on object 'Object Repository/RAD_Pages/AddressAndContactInfo_Page/input_reEnterEMailAddress'

2023-10-02 16:41:12 - [TEST_STEP][PASSED] - delay(2): Delayed 2 second(s)

2023-10-02 16:41:14 - [MESSAGE][PASSED] - Delayed 2 second(s)

2023-10-02 16:41:14 - [TEST_STEP][PASSED] - if (verifyTextPresent("The Email and Re-enter email do not match", true)): null

2023-10-02 16:41:15 - [MESSAGE][PASSED] - Text 'The Email and Re-enter email do not match' is present on page  using regular expression

2023-10-02 16:41:15 - [TEST_STEP][PASSED] - println("Emails Dont match text is present"): null

2023-10-02 16:41:15 - [TEST_STEP][PASSED] - out.println("Pass Record Number: " + row): null

2023-10-02 16:41:15 - [TEST_STEP][PASSED] - resText = "Pass": null

2023-10-02 16:41:15 - [TEST_STEP][PASSED] - pages.WriteExcel.demoKey(resText, datText, resColumn, datCloumn, fileLoc, nameSheet, row): pages.WriteExcel.demoKey is PASSED

2023-10-02 16:41:15 - [MESSAGE][PASSED] - pages.WriteExcel.demoKey is PASSED

2023-10-02 16:41:15 - [TEST_STEP][PASSED] - ExecuteTC = findTestData(dataFile).getValue("Execute", row): null

2023-10-02 16:41:15 - [TEST_STEP][PASSED] - Taxtype = findTestData(dataFile).getValue("TaxType", row): null

2023-10-02 16:41:15 - [TEST_STEP][PASSED] - Paymenttype = findTestData(dataFile).getValue("PaymentType", row): null

2023-10-02 16:41:15 - [TEST_STEP][PASSED] - out.println("Value of Execute is : " + ExecuteTC): null

2023-10-02 16:41:15 - [TEST_STEP][PASSED] - if (ExecuteTC.equalsIgnoreCase("Y")): null

2023-10-02 16:41:15 - [TEST_STEP][PASSED] - out.println("Begin Record Number: " + row): null

2023-10-02 16:41:15 - [TEST_STEP][PASSED] - today = new java.util.Date(): null

2023-10-02 16:41:15 - [TEST_STEP][PASSED] - println(today): null

2023-10-02 16:41:15 - [TEST_STEP][PASSED] - datText = today: null

2023-10-02 16:41:15 - [TEST_STEP][PASSED] - Taxtype = findTestData(dataFile).getValue("TaxType", row): null

2023-10-02 16:41:15 - [TEST_STEP][PASSED] - out.println("Taxtype value is : " + Taxtype): null

2023-10-02 16:41:15 - [TEST_STEP][PASSED] - openBrowser(""): Browser is opened with url: ''

2023-10-02 16:41:15 - [MESSAGE][WARNING] - A browser is already opened. Closing browser and opening a new one

2023-10-02 16:41:16 - [MESSAGE][INFO] - Starting 'Chrome' driver

2023-10-02 16:41:16 - [MESSAGE][INFO] - User set preference: ['acceptInsecureCerts', 'true']

2023-10-02 16:41:16 - [MESSAGE][INFO] - Action delay is set to 0 milliseconds

2023-10-02 16:41:17 - [MESSAGE][PASSED] - Browser is opened with url: ''

2023-10-02 16:41:17 - [TEST_STEP][PASSED] - maximizeWindow(): Current window maximized

2023-10-02 16:41:17 - [MESSAGE][PASSED] - Current window maximized

2023-10-02 16:41:17 - [TEST_STEP][PASSED] - navigateToUrl(RADurl): Navigate to 'https://demo.velocitypayment.com/client/rad/index.html' successfully

2023-10-02 16:41:19 - [MESSAGE][PASSED] - Navigate to 'https://demo.velocitypayment.com/client/rad/index.html' successfully

2023-10-02 16:41:19 - [TEST_STEP][PASSED] - orPath_Landing = "Object Repository/RAD_Pages/Landing_Page": null

2023-10-02 16:41:19 - [TEST_STEP][PASSED] - orPath_TaxTypeFilingYear = "Object Repository/RAD_Pages/TaxTypeFilingYear_Page": null

2023-10-02 16:41:19 - [TEST_STEP][PASSED] - orPath_TaxPayer = "Object Repository/RAD_Pages/Taxpayer_Page": null

2023-10-02 16:41:19 - [TEST_STEP][PASSED] - orPath_AddressContact = "Object Repository/RAD_Pages/AddressAndContactInfo_Page": null

2023-10-02 16:41:19 - [TEST_STEP][PASSED] - orPath_FilingStatus = "Object Repository/RAD_Pages/FilingStatus_Page": null

2023-10-02 16:41:19 - [TEST_STEP][PASSED] - orPath_Amount = "Object Repository/RAD_Pages/PaymentAmount_Page": null

2023-10-02 16:41:19 - [TEST_STEP][PASSED] - selectOptionByLabel(findTestObject(orPath_Landing + "/dd_TaxType"), Paymenttype, false): All options with label 'Extension Payments' are selected in object 'Object Repository/RAD_Pages/Landing_Page/dd_TaxType' 

2023-10-02 16:41:20 - [MESSAGE][PASSED] - All options with label 'Extension Payments' are selected in object 'Object Repository/RAD_Pages/Landing_Page/dd_TaxType' 

2023-10-02 16:41:20 - [TEST_STEP][PASSED] - delay(1): Delayed 1 second(s)

2023-10-02 16:41:21 - [MESSAGE][PASSED] - Delayed 1 second(s)

2023-10-02 16:41:21 - [TEST_STEP][PASSED] - switch (Paymenttype): null

2023-10-02 16:41:21 - [TEST_STEP][PASSED] - case "Extension Payments":: null

2023-10-02 16:41:21 - [TEST_STEP][PASSED] - selectOptionByLabel(findTestObject(orPath_TaxTypeFilingYear + "/select_PaymentType"), Taxtype, false): All options with label 'PTE Tax Electing Non-S Corp' are selected in object 'Object Repository/RAD_Pages/TaxTypeFilingYear_Page/select_PaymentType' 

2023-10-02 16:41:21 - [MESSAGE][PASSED] - All options with label 'PTE Tax Electing Non-S Corp' are selected in object 'Object Repository/RAD_Pages/TaxTypeFilingYear_Page/select_PaymentType' 

2023-10-02 16:41:21 - [TEST_STEP][PASSED] - break: null

2023-10-02 16:41:21 - [TEST_STEP][PASSED] - delay(1): Delayed 1 second(s)

2023-10-02 16:41:22 - [MESSAGE][PASSED] - Delayed 1 second(s)

2023-10-02 16:41:22 - [TEST_STEP][PASSED] - scrollToElement(findTestObject(orPath_Amount + "/input__paymentAmount"), 3): Scroll to object 'Object Repository/RAD_Pages/PaymentAmount_Page/input__paymentAmount' successfully

2023-10-02 16:41:23 - [MESSAGE][PASSED] - Scroll to object 'Object Repository/RAD_Pages/PaymentAmount_Page/input__paymentAmount' successfully

2023-10-02 16:41:23 - [TEST_STEP][PASSED] - setText(findTestObject(orPath_AddressContact + "/input_eMailAddress"), "imtiazster@gmail.com"): Text 'imtiazster@gmail.com' is set on object 'Object Repository/RAD_Pages/AddressAndContactInfo_Page/input_eMailAddress'

2023-10-02 16:41:24 - [MESSAGE][PASSED] - Text 'imtiazster@gmail.com' is set on object 'Object Repository/RAD_Pages/AddressAndContactInfo_Page/input_eMailAddress'

2023-10-02 16:41:24 - [TEST_STEP][PASSED] - setText(findTestObject(orPath_AddressContact + "/input_reEnterEMailAddress"), "iahmed@govolution.com"): Text 'iahmed@govolution.com' is set on object 'Object Repository/RAD_Pages/AddressAndContactInfo_Page/input_reEnterEMailAddress'

2023-10-02 16:41:25 - [MESSAGE][PASSED] - Text 'iahmed@govolution.com' is set on object 'Object Repository/RAD_Pages/AddressAndContactInfo_Page/input_reEnterEMailAddress'

2023-10-02 16:41:25 - [TEST_STEP][PASSED] - delay(2): Delayed 2 second(s)

2023-10-02 16:41:27 - [MESSAGE][PASSED] - Delayed 2 second(s)

2023-10-02 16:41:27 - [TEST_STEP][PASSED] - if (verifyTextPresent("The Email and Re-enter email do not match", true)): null

2023-10-02 16:41:28 - [MESSAGE][PASSED] - Text 'The Email and Re-enter email do not match' is present on page  using regular expression

2023-10-02 16:41:28 - [TEST_STEP][PASSED] - println("Emails Dont match text is present"): null

2023-10-02 16:41:28 - [TEST_STEP][PASSED] - out.println("Pass Record Number: " + row): null

2023-10-02 16:41:28 - [TEST_STEP][PASSED] - resText = "Pass": null

2023-10-02 16:41:28 - [TEST_STEP][PASSED] - pages.WriteExcel.demoKey(resText, datText, resColumn, datCloumn, fileLoc, nameSheet, row): pages.WriteExcel.demoKey is PASSED

2023-10-02 16:41:28 - [MESSAGE][PASSED] - pages.WriteExcel.demoKey is PASSED

2023-10-02 16:41:28 - [TEST_STEP][PASSED] - ExecuteTC = findTestData(dataFile).getValue("Execute", row): null

2023-10-02 16:41:28 - [TEST_STEP][PASSED] - Taxtype = findTestData(dataFile).getValue("TaxType", row): null

2023-10-02 16:41:28 - [TEST_STEP][PASSED] - Paymenttype = findTestData(dataFile).getValue("PaymentType", row): null

2023-10-02 16:41:28 - [TEST_STEP][PASSED] - out.println("Value of Execute is : " + ExecuteTC): null

2023-10-02 16:41:28 - [TEST_STEP][PASSED] - if (ExecuteTC.equalsIgnoreCase("Y")): null

2023-10-02 16:41:28 - [TEST_STEP][PASSED] - out.println("Begin Record Number: " + row): null

2023-10-02 16:41:28 - [TEST_STEP][PASSED] - today = new java.util.Date(): null

2023-10-02 16:41:28 - [TEST_STEP][PASSED] - println(today): null

2023-10-02 16:41:28 - [TEST_STEP][PASSED] - datText = today: null

2023-10-02 16:41:28 - [TEST_STEP][PASSED] - Taxtype = findTestData(dataFile).getValue("TaxType", row): null

2023-10-02 16:41:28 - [TEST_STEP][PASSED] - out.println("Taxtype value is : " + Taxtype): null

2023-10-02 16:41:28 - [TEST_STEP][PASSED] - openBrowser(""): Browser is opened with url: ''

2023-10-02 16:41:28 - [MESSAGE][WARNING] - A browser is already opened. Closing browser and opening a new one

2023-10-02 16:41:29 - [MESSAGE][INFO] - Starting 'Chrome' driver

2023-10-02 16:41:29 - [MESSAGE][INFO] - User set preference: ['acceptInsecureCerts', 'true']

2023-10-02 16:41:29 - [MESSAGE][INFO] - Action delay is set to 0 milliseconds

2023-10-02 16:41:30 - [MESSAGE][PASSED] - Browser is opened with url: ''

2023-10-02 16:41:30 - [TEST_STEP][PASSED] - maximizeWindow(): Current window maximized

2023-10-02 16:41:30 - [MESSAGE][PASSED] - Current window maximized

2023-10-02 16:41:30 - [TEST_STEP][PASSED] - navigateToUrl(RADurl): Navigate to 'https://demo.velocitypayment.com/client/rad/index.html' successfully

2023-10-02 16:41:32 - [MESSAGE][PASSED] - Navigate to 'https://demo.velocitypayment.com/client/rad/index.html' successfully

2023-10-02 16:41:32 - [TEST_STEP][PASSED] - orPath_Landing = "Object Repository/RAD_Pages/Landing_Page": null

2023-10-02 16:41:32 - [TEST_STEP][PASSED] - orPath_TaxTypeFilingYear = "Object Repository/RAD_Pages/TaxTypeFilingYear_Page": null

2023-10-02 16:41:32 - [TEST_STEP][PASSED] - orPath_TaxPayer = "Object Repository/RAD_Pages/Taxpayer_Page": null

2023-10-02 16:41:32 - [TEST_STEP][PASSED] - orPath_AddressContact = "Object Repository/RAD_Pages/AddressAndContactInfo_Page": null

2023-10-02 16:41:32 - [TEST_STEP][PASSED] - orPath_FilingStatus = "Object Repository/RAD_Pages/FilingStatus_Page": null

2023-10-02 16:41:32 - [TEST_STEP][PASSED] - orPath_Amount = "Object Repository/RAD_Pages/PaymentAmount_Page": null

2023-10-02 16:41:32 - [TEST_STEP][PASSED] - selectOptionByLabel(findTestObject(orPath_Landing + "/dd_TaxType"), Paymenttype, false): All options with label 'Extension Payments' are selected in object 'Object Repository/RAD_Pages/Landing_Page/dd_TaxType' 

2023-10-02 16:41:33 - [MESSAGE][PASSED] - All options with label 'Extension Payments' are selected in object 'Object Repository/RAD_Pages/Landing_Page/dd_TaxType' 

2023-10-02 16:41:33 - [TEST_STEP][PASSED] - delay(1): Delayed 1 second(s)

2023-10-02 16:41:34 - [MESSAGE][PASSED] - Delayed 1 second(s)

2023-10-02 16:41:34 - [TEST_STEP][PASSED] - switch (Paymenttype): null

2023-10-02 16:41:34 - [TEST_STEP][PASSED] - case "Extension Payments":: null

2023-10-02 16:41:34 - [TEST_STEP][PASSED] - selectOptionByLabel(findTestObject(orPath_TaxTypeFilingYear + "/select_PaymentType"), Taxtype, false): All options with label 'PTE Tax Electing S Corp' are selected in object 'Object Repository/RAD_Pages/TaxTypeFilingYear_Page/select_PaymentType' 

2023-10-02 16:41:34 - [MESSAGE][PASSED] - All options with label 'PTE Tax Electing S Corp' are selected in object 'Object Repository/RAD_Pages/TaxTypeFilingYear_Page/select_PaymentType' 

2023-10-02 16:41:34 - [TEST_STEP][PASSED] - break: null

2023-10-02 16:41:34 - [TEST_STEP][PASSED] - delay(1): Delayed 1 second(s)

2023-10-02 16:41:35 - [MESSAGE][PASSED] - Delayed 1 second(s)

2023-10-02 16:41:35 - [TEST_STEP][PASSED] - scrollToElement(findTestObject(orPath_Amount + "/input__paymentAmount"), 3): Scroll to object 'Object Repository/RAD_Pages/PaymentAmount_Page/input__paymentAmount' successfully

2023-10-02 16:41:36 - [MESSAGE][PASSED] - Scroll to object 'Object Repository/RAD_Pages/PaymentAmount_Page/input__paymentAmount' successfully

2023-10-02 16:41:36 - [TEST_STEP][PASSED] - setText(findTestObject(orPath_AddressContact + "/input_eMailAddress"), "imtiazster@gmail.com"): Text 'imtiazster@gmail.com' is set on object 'Object Repository/RAD_Pages/AddressAndContactInfo_Page/input_eMailAddress'

2023-10-02 16:41:37 - [MESSAGE][PASSED] - Text 'imtiazster@gmail.com' is set on object 'Object Repository/RAD_Pages/AddressAndContactInfo_Page/input_eMailAddress'

2023-10-02 16:41:37 - [TEST_STEP][PASSED] - setText(findTestObject(orPath_AddressContact + "/input_reEnterEMailAddress"), "iahmed@govolution.com"): Text 'iahmed@govolution.com' is set on object 'Object Repository/RAD_Pages/AddressAndContactInfo_Page/input_reEnterEMailAddress'

2023-10-02 16:41:38 - [MESSAGE][PASSED] - Text 'iahmed@govolution.com' is set on object 'Object Repository/RAD_Pages/AddressAndContactInfo_Page/input_reEnterEMailAddress'

2023-10-02 16:41:38 - [TEST_STEP][PASSED] - delay(2): Delayed 2 second(s)

2023-10-02 16:41:40 - [MESSAGE][PASSED] - Delayed 2 second(s)

2023-10-02 16:41:40 - [TEST_STEP][PASSED] - if (verifyTextPresent("The Email and Re-enter email do not match", true)): null

2023-10-02 16:41:41 - [MESSAGE][PASSED] - Text 'The Email and Re-enter email do not match' is present on page  using regular expression

2023-10-02 16:41:41 - [TEST_STEP][PASSED] - println("Emails Dont match text is present"): null

2023-10-02 16:41:41 - [TEST_STEP][PASSED] - out.println("Pass Record Number: " + row): null

2023-10-02 16:41:41 - [TEST_STEP][PASSED] - resText = "Pass": null

2023-10-02 16:41:41 - [TEST_STEP][PASSED] - pages.WriteExcel.demoKey(resText, datText, resColumn, datCloumn, fileLoc, nameSheet, row): pages.WriteExcel.demoKey is PASSED

2023-10-02 16:41:41 - [MESSAGE][PASSED] - pages.WriteExcel.demoKey is PASSED

2023-10-02 16:41:41 - [TEST_STEP][PASSED] - ExecuteTC = findTestData(dataFile).getValue("Execute", row): null

2023-10-02 16:41:41 - [TEST_STEP][PASSED] - Taxtype = findTestData(dataFile).getValue("TaxType", row): null

2023-10-02 16:41:41 - [TEST_STEP][PASSED] - Paymenttype = findTestData(dataFile).getValue("PaymentType", row): null

2023-10-02 16:41:41 - [TEST_STEP][PASSED] - out.println("Value of Execute is : " + ExecuteTC): null

2023-10-02 16:41:41 - [TEST_STEP][PASSED] - if (ExecuteTC.equalsIgnoreCase("Y")): null

2023-10-02 16:41:41 - [TEST_STEP][PASSED] - out.println("Begin Record Number: " + row): null

2023-10-02 16:41:41 - [TEST_STEP][PASSED] - today = new java.util.Date(): null

2023-10-02 16:41:41 - [TEST_STEP][PASSED] - println(today): null

2023-10-02 16:41:41 - [TEST_STEP][PASSED] - datText = today: null

2023-10-02 16:41:41 - [TEST_STEP][PASSED] - Taxtype = findTestData(dataFile).getValue("TaxType", row): null

2023-10-02 16:41:41 - [TEST_STEP][PASSED] - out.println("Taxtype value is : " + Taxtype): null

2023-10-02 16:41:41 - [TEST_STEP][PASSED] - openBrowser(""): Browser is opened with url: ''

2023-10-02 16:41:41 - [MESSAGE][WARNING] - A browser is already opened. Closing browser and opening a new one

2023-10-02 16:41:42 - [MESSAGE][INFO] - Starting 'Chrome' driver

2023-10-02 16:41:42 - [MESSAGE][INFO] - User set preference: ['acceptInsecureCerts', 'true']

2023-10-02 16:41:42 - [MESSAGE][INFO] - Action delay is set to 0 milliseconds

2023-10-02 16:41:43 - [MESSAGE][PASSED] - Browser is opened with url: ''

2023-10-02 16:41:43 - [TEST_STEP][PASSED] - maximizeWindow(): Current window maximized

2023-10-02 16:41:43 - [MESSAGE][PASSED] - Current window maximized

2023-10-02 16:41:43 - [TEST_STEP][PASSED] - navigateToUrl(RADurl): Navigate to 'https://demo.velocitypayment.com/client/rad/index.html' successfully

2023-10-02 16:41:45 - [MESSAGE][PASSED] - Navigate to 'https://demo.velocitypayment.com/client/rad/index.html' successfully

2023-10-02 16:41:45 - [TEST_STEP][PASSED] - orPath_Landing = "Object Repository/RAD_Pages/Landing_Page": null

2023-10-02 16:41:45 - [TEST_STEP][PASSED] - orPath_TaxTypeFilingYear = "Object Repository/RAD_Pages/TaxTypeFilingYear_Page": null

2023-10-02 16:41:45 - [TEST_STEP][PASSED] - orPath_TaxPayer = "Object Repository/RAD_Pages/Taxpayer_Page": null

2023-10-02 16:41:45 - [TEST_STEP][PASSED] - orPath_AddressContact = "Object Repository/RAD_Pages/AddressAndContactInfo_Page": null

2023-10-02 16:41:45 - [TEST_STEP][PASSED] - orPath_FilingStatus = "Object Repository/RAD_Pages/FilingStatus_Page": null

2023-10-02 16:41:45 - [TEST_STEP][PASSED] - orPath_Amount = "Object Repository/RAD_Pages/PaymentAmount_Page": null

2023-10-02 16:41:45 - [TEST_STEP][PASSED] - selectOptionByLabel(findTestObject(orPath_Landing + "/dd_TaxType"), Paymenttype, false): All options with label 'Extension Payments' are selected in object 'Object Repository/RAD_Pages/Landing_Page/dd_TaxType' 

2023-10-02 16:41:46 - [MESSAGE][PASSED] - All options with label 'Extension Payments' are selected in object 'Object Repository/RAD_Pages/Landing_Page/dd_TaxType' 

2023-10-02 16:41:46 - [TEST_STEP][PASSED] - delay(1): Delayed 1 second(s)

2023-10-02 16:41:47 - [MESSAGE][PASSED] - Delayed 1 second(s)

2023-10-02 16:41:47 - [TEST_STEP][PASSED] - switch (Paymenttype): null

2023-10-02 16:41:47 - [TEST_STEP][PASSED] - case "Extension Payments":: null

2023-10-02 16:41:47 - [TEST_STEP][PASSED] - selectOptionByLabel(findTestObject(orPath_TaxTypeFilingYear + "/select_PaymentType"), Taxtype, false): All options with label 'Personal Income Tax' are selected in object 'Object Repository/RAD_Pages/TaxTypeFilingYear_Page/select_PaymentType' 

2023-10-02 16:41:47 - [MESSAGE][PASSED] - All options with label 'Personal Income Tax' are selected in object 'Object Repository/RAD_Pages/TaxTypeFilingYear_Page/select_PaymentType' 

2023-10-02 16:41:47 - [TEST_STEP][PASSED] - break: null

2023-10-02 16:41:47 - [TEST_STEP][PASSED] - delay(1): Delayed 1 second(s)

2023-10-02 16:41:48 - [MESSAGE][PASSED] - Delayed 1 second(s)

2023-10-02 16:41:48 - [TEST_STEP][PASSED] - scrollToElement(findTestObject(orPath_Amount + "/input__paymentAmount"), 3): Scroll to object 'Object Repository/RAD_Pages/PaymentAmount_Page/input__paymentAmount' successfully

2023-10-02 16:41:48 - [MESSAGE][PASSED] - Scroll to object 'Object Repository/RAD_Pages/PaymentAmount_Page/input__paymentAmount' successfully

2023-10-02 16:41:48 - [TEST_STEP][PASSED] - setText(findTestObject(orPath_AddressContact + "/input_eMailAddress"), "imtiazster@gmail.com"): Text 'imtiazster@gmail.com' is set on object 'Object Repository/RAD_Pages/AddressAndContactInfo_Page/input_eMailAddress'

2023-10-02 16:41:50 - [MESSAGE][PASSED] - Text 'imtiazster@gmail.com' is set on object 'Object Repository/RAD_Pages/AddressAndContactInfo_Page/input_eMailAddress'

2023-10-02 16:41:50 - [TEST_STEP][PASSED] - setText(findTestObject(orPath_AddressContact + "/input_reEnterEMailAddress"), "iahmed@govolution.com"): Text 'iahmed@govolution.com' is set on object 'Object Repository/RAD_Pages/AddressAndContactInfo_Page/input_reEnterEMailAddress'

2023-10-02 16:41:51 - [MESSAGE][PASSED] - Text 'iahmed@govolution.com' is set on object 'Object Repository/RAD_Pages/AddressAndContactInfo_Page/input_reEnterEMailAddress'

2023-10-02 16:41:51 - [TEST_STEP][PASSED] - delay(2): Delayed 2 second(s)

2023-10-02 16:41:53 - [MESSAGE][PASSED] - Delayed 2 second(s)

2023-10-02 16:41:53 - [TEST_STEP][PASSED] - if (verifyTextPresent("The Email and Re-enter email do not match", true)): null

2023-10-02 16:41:54 - [MESSAGE][PASSED] - Text 'The Email and Re-enter email do not match' is present on page  using regular expression

2023-10-02 16:41:54 - [TEST_STEP][PASSED] - println("Emails Dont match text is present"): null

2023-10-02 16:41:54 - [TEST_STEP][PASSED] - out.println("Pass Record Number: " + row): null

2023-10-02 16:41:54 - [TEST_STEP][PASSED] - resText = "Pass": null

2023-10-02 16:41:54 - [TEST_STEP][PASSED] - pages.WriteExcel.demoKey(resText, datText, resColumn, datCloumn, fileLoc, nameSheet, row): pages.WriteExcel.demoKey is PASSED

2023-10-02 16:41:54 - [MESSAGE][PASSED] - pages.WriteExcel.demoKey is PASSED

2023-10-02 16:41:54 - [TEST_STEP][PASSED] - ExecuteTC = findTestData(dataFile).getValue("Execute", row): null

2023-10-02 16:41:54 - [TEST_STEP][PASSED] - Taxtype = findTestData(dataFile).getValue("TaxType", row): null

2023-10-02 16:41:54 - [TEST_STEP][PASSED] - Paymenttype = findTestData(dataFile).getValue("PaymentType", row): null

2023-10-02 16:41:54 - [TEST_STEP][PASSED] - out.println("Value of Execute is : " + ExecuteTC): null

2023-10-02 16:41:54 - [TEST_STEP][PASSED] - if (ExecuteTC.equalsIgnoreCase("Y")): null

2023-10-02 16:41:54 - [TEST_STEP][PASSED] - out.println("Begin Record Number: " + row): null

2023-10-02 16:41:54 - [TEST_STEP][PASSED] - today = new java.util.Date(): null

2023-10-02 16:41:54 - [TEST_STEP][PASSED] - println(today): null

2023-10-02 16:41:54 - [TEST_STEP][PASSED] - datText = today: null

2023-10-02 16:41:54 - [TEST_STEP][PASSED] - Taxtype = findTestData(dataFile).getValue("TaxType", row): null

2023-10-02 16:41:54 - [TEST_STEP][PASSED] - out.println("Taxtype value is : " + Taxtype): null

2023-10-02 16:41:54 - [TEST_STEP][PASSED] - openBrowser(""): Browser is opened with url: ''

2023-10-02 16:41:54 - [MESSAGE][WARNING] - A browser is already opened. Closing browser and opening a new one

2023-10-02 16:41:55 - [MESSAGE][INFO] - Starting 'Chrome' driver

2023-10-02 16:41:55 - [MESSAGE][INFO] - User set preference: ['acceptInsecureCerts', 'true']

2023-10-02 16:41:55 - [MESSAGE][INFO] - Action delay is set to 0 milliseconds

2023-10-02 16:41:56 - [MESSAGE][PASSED] - Browser is opened with url: ''

2023-10-02 16:41:56 - [TEST_STEP][PASSED] - maximizeWindow(): Current window maximized

2023-10-02 16:41:56 - [MESSAGE][PASSED] - Current window maximized

2023-10-02 16:41:56 - [TEST_STEP][PASSED] - navigateToUrl(RADurl): Navigate to 'https://demo.velocitypayment.com/client/rad/index.html' successfully

2023-10-02 16:41:57 - [MESSAGE][PASSED] - Navigate to 'https://demo.velocitypayment.com/client/rad/index.html' successfully

2023-10-02 16:41:57 - [TEST_STEP][PASSED] - orPath_Landing = "Object Repository/RAD_Pages/Landing_Page": null

2023-10-02 16:41:57 - [TEST_STEP][PASSED] - orPath_TaxTypeFilingYear = "Object Repository/RAD_Pages/TaxTypeFilingYear_Page": null

2023-10-02 16:41:57 - [TEST_STEP][PASSED] - orPath_TaxPayer = "Object Repository/RAD_Pages/Taxpayer_Page": null

2023-10-02 16:41:57 - [TEST_STEP][PASSED] - orPath_AddressContact = "Object Repository/RAD_Pages/AddressAndContactInfo_Page": null

2023-10-02 16:41:57 - [TEST_STEP][PASSED] - orPath_FilingStatus = "Object Repository/RAD_Pages/FilingStatus_Page": null

2023-10-02 16:41:57 - [TEST_STEP][PASSED] - orPath_Amount = "Object Repository/RAD_Pages/PaymentAmount_Page": null

2023-10-02 16:41:57 - [TEST_STEP][PASSED] - selectOptionByLabel(findTestObject(orPath_Landing + "/dd_TaxType"), Paymenttype, false): All options with label 'New Tax Return Amount Due' are selected in object 'Object Repository/RAD_Pages/Landing_Page/dd_TaxType' 

2023-10-02 16:41:58 - [MESSAGE][PASSED] - All options with label 'New Tax Return Amount Due' are selected in object 'Object Repository/RAD_Pages/Landing_Page/dd_TaxType' 

2023-10-02 16:41:58 - [TEST_STEP][PASSED] - delay(1): Delayed 1 second(s)

2023-10-02 16:41:59 - [MESSAGE][PASSED] - Delayed 1 second(s)

2023-10-02 16:41:59 - [TEST_STEP][PASSED] - switch (Paymenttype): null

2023-10-02 16:41:59 - [TEST_STEP][PASSED] - case "New Tax Return Amount Due":: null

2023-10-02 16:41:59 - [TEST_STEP][PASSED] - selectOptionByLabel(findTestObject("Object Repository/RAD_Pages/Landing_Page/select_NewTaxReturnAmountDue_TaxType"), Taxtype, false): All options with label 'Fiduciary Tax' are selected in object 'Object Repository/RAD_Pages/Landing_Page/select_NewTaxReturnAmountDue_TaxType' 

2023-10-02 16:42:00 - [MESSAGE][PASSED] - All options with label 'Fiduciary Tax' are selected in object 'Object Repository/RAD_Pages/Landing_Page/select_NewTaxReturnAmountDue_TaxType' 

2023-10-02 16:42:00 - [TEST_STEP][PASSED] - break: null

2023-10-02 16:42:00 - [TEST_STEP][PASSED] - delay(1): Delayed 1 second(s)

2023-10-02 16:42:01 - [MESSAGE][PASSED] - Delayed 1 second(s)

2023-10-02 16:42:01 - [TEST_STEP][PASSED] - scrollToElement(findTestObject(orPath_Amount + "/input__paymentAmount"), 3): Scroll to object 'Object Repository/RAD_Pages/PaymentAmount_Page/input__paymentAmount' successfully

2023-10-02 16:42:01 - [MESSAGE][PASSED] - Scroll to object 'Object Repository/RAD_Pages/PaymentAmount_Page/input__paymentAmount' successfully

2023-10-02 16:42:01 - [TEST_STEP][PASSED] - setText(findTestObject(orPath_AddressContact + "/input_eMailAddress"), "imtiazster@gmail.com"): Text 'imtiazster@gmail.com' is set on object 'Object Repository/RAD_Pages/AddressAndContactInfo_Page/input_eMailAddress'

2023-10-02 16:42:03 - [MESSAGE][PASSED] - Text 'imtiazster@gmail.com' is set on object 'Object Repository/RAD_Pages/AddressAndContactInfo_Page/input_eMailAddress'

2023-10-02 16:42:03 - [TEST_STEP][PASSED] - setText(findTestObject(orPath_AddressContact + "/input_reEnterEMailAddress"), "iahmed@govolution.com"): Text 'iahmed@govolution.com' is set on object 'Object Repository/RAD_Pages/AddressAndContactInfo_Page/input_reEnterEMailAddress'

2023-10-02 16:42:04 - [MESSAGE][PASSED] - Text 'iahmed@govolution.com' is set on object 'Object Repository/RAD_Pages/AddressAndContactInfo_Page/input_reEnterEMailAddress'

2023-10-02 16:42:04 - [TEST_STEP][PASSED] - delay(2): Delayed 2 second(s)

2023-10-02 16:42:06 - [MESSAGE][PASSED] - Delayed 2 second(s)

2023-10-02 16:42:06 - [TEST_STEP][PASSED] - if (verifyTextPresent("The Email and Re-enter email do not match", true)): null

2023-10-02 16:42:06 - [MESSAGE][PASSED] - Text 'The Email and Re-enter email do not match' is present on page  using regular expression

2023-10-02 16:42:06 - [TEST_STEP][PASSED] - println("Emails Dont match text is present"): null

2023-10-02 16:42:06 - [TEST_STEP][PASSED] - out.println("Pass Record Number: " + row): null

2023-10-02 16:42:06 - [TEST_STEP][PASSED] - resText = "Pass": null

2023-10-02 16:42:06 - [TEST_STEP][PASSED] - pages.WriteExcel.demoKey(resText, datText, resColumn, datCloumn, fileLoc, nameSheet, row): pages.WriteExcel.demoKey is PASSED

2023-10-02 16:42:06 - [MESSAGE][PASSED] - pages.WriteExcel.demoKey is PASSED

2023-10-02 16:42:06 - [TEST_STEP][PASSED] - ExecuteTC = findTestData(dataFile).getValue("Execute", row): null

2023-10-02 16:42:06 - [TEST_STEP][PASSED] - Taxtype = findTestData(dataFile).getValue("TaxType", row): null

2023-10-02 16:42:06 - [TEST_STEP][PASSED] - Paymenttype = findTestData(dataFile).getValue("PaymentType", row): null

2023-10-02 16:42:06 - [TEST_STEP][PASSED] - out.println("Value of Execute is : " + ExecuteTC): null

2023-10-02 16:42:06 - [TEST_STEP][PASSED] - if (ExecuteTC.equalsIgnoreCase("Y")): null

2023-10-02 16:42:06 - [TEST_STEP][PASSED] - out.println("Begin Record Number: " + row): null

2023-10-02 16:42:06 - [TEST_STEP][PASSED] - today = new java.util.Date(): null

2023-10-02 16:42:06 - [TEST_STEP][PASSED] - println(today): null

2023-10-02 16:42:06 - [TEST_STEP][PASSED] - datText = today: null

2023-10-02 16:42:06 - [TEST_STEP][PASSED] - Taxtype = findTestData(dataFile).getValue("TaxType", row): null

2023-10-02 16:42:07 - [TEST_STEP][PASSED] - out.println("Taxtype value is : " + Taxtype): null

2023-10-02 16:42:07 - [TEST_STEP][PASSED] - openBrowser(""): Browser is opened with url: ''

2023-10-02 16:42:07 - [MESSAGE][WARNING] - A browser is already opened. Closing browser and opening a new one

2023-10-02 16:42:07 - [MESSAGE][INFO] - Starting 'Chrome' driver

2023-10-02 16:42:07 - [MESSAGE][INFO] - User set preference: ['acceptInsecureCerts', 'true']

2023-10-02 16:42:07 - [MESSAGE][INFO] - Action delay is set to 0 milliseconds

2023-10-02 16:42:09 - [MESSAGE][PASSED] - Browser is opened with url: ''

2023-10-02 16:42:09 - [TEST_STEP][PASSED] - maximizeWindow(): Current window maximized

2023-10-02 16:42:09 - [MESSAGE][PASSED] - Current window maximized

2023-10-02 16:42:09 - [TEST_STEP][PASSED] - navigateToUrl(RADurl): Navigate to 'https://demo.velocitypayment.com/client/rad/index.html' successfully

2023-10-02 16:42:10 - [MESSAGE][PASSED] - Navigate to 'https://demo.velocitypayment.com/client/rad/index.html' successfully

2023-10-02 16:42:10 - [TEST_STEP][PASSED] - orPath_Landing = "Object Repository/RAD_Pages/Landing_Page": null

2023-10-02 16:42:10 - [TEST_STEP][PASSED] - orPath_TaxTypeFilingYear = "Object Repository/RAD_Pages/TaxTypeFilingYear_Page": null

2023-10-02 16:42:10 - [TEST_STEP][PASSED] - orPath_TaxPayer = "Object Repository/RAD_Pages/Taxpayer_Page": null

2023-10-02 16:42:10 - [TEST_STEP][PASSED] - orPath_AddressContact = "Object Repository/RAD_Pages/AddressAndContactInfo_Page": null

2023-10-02 16:42:10 - [TEST_STEP][PASSED] - orPath_FilingStatus = "Object Repository/RAD_Pages/FilingStatus_Page": null

2023-10-02 16:42:10 - [TEST_STEP][PASSED] - orPath_Amount = "Object Repository/RAD_Pages/PaymentAmount_Page": null

2023-10-02 16:42:10 - [TEST_STEP][PASSED] - selectOptionByLabel(findTestObject(orPath_Landing + "/dd_TaxType"), Paymenttype, false): All options with label 'New Tax Return Amount Due' are selected in object 'Object Repository/RAD_Pages/Landing_Page/dd_TaxType' 

2023-10-02 16:42:11 - [MESSAGE][PASSED] - All options with label 'New Tax Return Amount Due' are selected in object 'Object Repository/RAD_Pages/Landing_Page/dd_TaxType' 

2023-10-02 16:42:11 - [TEST_STEP][PASSED] - delay(1): Delayed 1 second(s)

2023-10-02 16:42:12 - [MESSAGE][PASSED] - Delayed 1 second(s)

2023-10-02 16:42:12 - [TEST_STEP][PASSED] - switch (Paymenttype): null

2023-10-02 16:42:12 - [TEST_STEP][PASSED] - case "New Tax Return Amount Due":: null

2023-10-02 16:42:12 - [TEST_STEP][PASSED] - selectOptionByLabel(findTestObject("Object Repository/RAD_Pages/Landing_Page/select_NewTaxReturnAmountDue_TaxType"), Taxtype, false): All options with label 'PTE Non-Electing Non-S Corp' are selected in object 'Object Repository/RAD_Pages/Landing_Page/select_NewTaxReturnAmountDue_TaxType' 

2023-10-02 16:42:13 - [MESSAGE][PASSED] - All options with label 'PTE Non-Electing Non-S Corp' are selected in object 'Object Repository/RAD_Pages/Landing_Page/select_NewTaxReturnAmountDue_TaxType' 

2023-10-02 16:42:13 - [TEST_STEP][PASSED] - break: null

2023-10-02 16:42:13 - [TEST_STEP][PASSED] - delay(1): Delayed 1 second(s)

2023-10-02 16:42:14 - [MESSAGE][PASSED] - Delayed 1 second(s)

2023-10-02 16:42:14 - [TEST_STEP][PASSED] - scrollToElement(findTestObject(orPath_Amount + "/input__paymentAmount"), 3): Scroll to object 'Object Repository/RAD_Pages/PaymentAmount_Page/input__paymentAmount' successfully

2023-10-02 16:42:14 - [MESSAGE][PASSED] - Scroll to object 'Object Repository/RAD_Pages/PaymentAmount_Page/input__paymentAmount' successfully

2023-10-02 16:42:14 - [TEST_STEP][PASSED] - setText(findTestObject(orPath_AddressContact + "/input_eMailAddress"), "imtiazster@gmail.com"): Text 'imtiazster@gmail.com' is set on object 'Object Repository/RAD_Pages/AddressAndContactInfo_Page/input_eMailAddress'

2023-10-02 16:42:16 - [MESSAGE][PASSED] - Text 'imtiazster@gmail.com' is set on object 'Object Repository/RAD_Pages/AddressAndContactInfo_Page/input_eMailAddress'

2023-10-02 16:42:16 - [TEST_STEP][PASSED] - setText(findTestObject(orPath_AddressContact + "/input_reEnterEMailAddress"), "iahmed@govolution.com"): Text 'iahmed@govolution.com' is set on object 'Object Repository/RAD_Pages/AddressAndContactInfo_Page/input_reEnterEMailAddress'

2023-10-02 16:42:17 - [MESSAGE][PASSED] - Text 'iahmed@govolution.com' is set on object 'Object Repository/RAD_Pages/AddressAndContactInfo_Page/input_reEnterEMailAddress'

2023-10-02 16:42:17 - [TEST_STEP][PASSED] - delay(2): Delayed 2 second(s)

2023-10-02 16:42:19 - [MESSAGE][PASSED] - Delayed 2 second(s)

2023-10-02 16:42:19 - [TEST_STEP][PASSED] - if (verifyTextPresent("The Email and Re-enter email do not match", true)): null

2023-10-02 16:42:19 - [MESSAGE][PASSED] - Text 'The Email and Re-enter email do not match' is present on page  using regular expression

2023-10-02 16:42:19 - [TEST_STEP][PASSED] - println("Emails Dont match text is present"): null

2023-10-02 16:42:19 - [TEST_STEP][PASSED] - out.println("Pass Record Number: " + row): null

2023-10-02 16:42:19 - [TEST_STEP][PASSED] - resText = "Pass": null

2023-10-02 16:42:19 - [TEST_STEP][PASSED] - pages.WriteExcel.demoKey(resText, datText, resColumn, datCloumn, fileLoc, nameSheet, row): pages.WriteExcel.demoKey is PASSED

2023-10-02 16:42:19 - [MESSAGE][PASSED] - pages.WriteExcel.demoKey is PASSED

2023-10-02 16:42:19 - [TEST_STEP][PASSED] - ExecuteTC = findTestData(dataFile).getValue("Execute", row): null

2023-10-02 16:42:19 - [TEST_STEP][PASSED] - Taxtype = findTestData(dataFile).getValue("TaxType", row): null

2023-10-02 16:42:19 - [TEST_STEP][PASSED] - Paymenttype = findTestData(dataFile).getValue("PaymentType", row): null

2023-10-02 16:42:19 - [TEST_STEP][PASSED] - out.println("Value of Execute is : " + ExecuteTC): null

2023-10-02 16:42:19 - [TEST_STEP][PASSED] - if (ExecuteTC.equalsIgnoreCase("Y")): null

2023-10-02 16:42:19 - [TEST_STEP][PASSED] - out.println("Begin Record Number: " + row): null

2023-10-02 16:42:19 - [TEST_STEP][PASSED] - today = new java.util.Date(): null

2023-10-02 16:42:19 - [TEST_STEP][PASSED] - println(today): null

2023-10-02 16:42:19 - [TEST_STEP][PASSED] - datText = today: null

2023-10-02 16:42:19 - [TEST_STEP][PASSED] - Taxtype = findTestData(dataFile).getValue("TaxType", row): null

2023-10-02 16:42:19 - [TEST_STEP][PASSED] - out.println("Taxtype value is : " + Taxtype): null

2023-10-02 16:42:19 - [TEST_STEP][PASSED] - openBrowser(""): Browser is opened with url: ''

2023-10-02 16:42:19 - [MESSAGE][WARNING] - A browser is already opened. Closing browser and opening a new one

2023-10-02 16:42:20 - [MESSAGE][INFO] - Starting 'Chrome' driver

2023-10-02 16:42:20 - [MESSAGE][INFO] - User set preference: ['acceptInsecureCerts', 'true']

2023-10-02 16:42:20 - [MESSAGE][INFO] - Action delay is set to 0 milliseconds

2023-10-02 16:42:22 - [MESSAGE][PASSED] - Browser is opened with url: ''

2023-10-02 16:42:22 - [TEST_STEP][PASSED] - maximizeWindow(): Current window maximized

2023-10-02 16:42:22 - [MESSAGE][PASSED] - Current window maximized

2023-10-02 16:42:22 - [TEST_STEP][PASSED] - navigateToUrl(RADurl): Navigate to 'https://demo.velocitypayment.com/client/rad/index.html' successfully

2023-10-02 16:42:23 - [MESSAGE][PASSED] - Navigate to 'https://demo.velocitypayment.com/client/rad/index.html' successfully

2023-10-02 16:42:23 - [TEST_STEP][PASSED] - orPath_Landing = "Object Repository/RAD_Pages/Landing_Page": null

2023-10-02 16:42:23 - [TEST_STEP][PASSED] - orPath_TaxTypeFilingYear = "Object Repository/RAD_Pages/TaxTypeFilingYear_Page": null

2023-10-02 16:42:23 - [TEST_STEP][PASSED] - orPath_TaxPayer = "Object Repository/RAD_Pages/Taxpayer_Page": null

2023-10-02 16:42:23 - [TEST_STEP][PASSED] - orPath_AddressContact = "Object Repository/RAD_Pages/AddressAndContactInfo_Page": null

2023-10-02 16:42:23 - [TEST_STEP][PASSED] - orPath_FilingStatus = "Object Repository/RAD_Pages/FilingStatus_Page": null

2023-10-02 16:42:23 - [TEST_STEP][PASSED] - orPath_Amount = "Object Repository/RAD_Pages/PaymentAmount_Page": null

2023-10-02 16:42:23 - [TEST_STEP][PASSED] - selectOptionByLabel(findTestObject(orPath_Landing + "/dd_TaxType"), Paymenttype, false): All options with label 'New Tax Return Amount Due' are selected in object 'Object Repository/RAD_Pages/Landing_Page/dd_TaxType' 

2023-10-02 16:42:24 - [MESSAGE][PASSED] - All options with label 'New Tax Return Amount Due' are selected in object 'Object Repository/RAD_Pages/Landing_Page/dd_TaxType' 

2023-10-02 16:42:24 - [TEST_STEP][PASSED] - delay(1): Delayed 1 second(s)

2023-10-02 16:42:25 - [MESSAGE][PASSED] - Delayed 1 second(s)

2023-10-02 16:42:25 - [TEST_STEP][PASSED] - switch (Paymenttype): null

2023-10-02 16:42:25 - [TEST_STEP][PASSED] - case "New Tax Return Amount Due":: null

2023-10-02 16:42:25 - [TEST_STEP][PASSED] - selectOptionByLabel(findTestObject("Object Repository/RAD_Pages/Landing_Page/select_NewTaxReturnAmountDue_TaxType"), Taxtype, false): All options with label 'PTE Non-Electing S Corp' are selected in object 'Object Repository/RAD_Pages/Landing_Page/select_NewTaxReturnAmountDue_TaxType' 

2023-10-02 16:42:26 - [MESSAGE][PASSED] - All options with label 'PTE Non-Electing S Corp' are selected in object 'Object Repository/RAD_Pages/Landing_Page/select_NewTaxReturnAmountDue_TaxType' 

2023-10-02 16:42:26 - [TEST_STEP][PASSED] - break: null

2023-10-02 16:42:26 - [TEST_STEP][PASSED] - delay(1): Delayed 1 second(s)

2023-10-02 16:42:27 - [MESSAGE][PASSED] - Delayed 1 second(s)

2023-10-02 16:42:27 - [TEST_STEP][PASSED] - scrollToElement(findTestObject(orPath_Amount + "/input__paymentAmount"), 3): Scroll to object 'Object Repository/RAD_Pages/PaymentAmount_Page/input__paymentAmount' successfully

2023-10-02 16:42:27 - [MESSAGE][PASSED] - Scroll to object 'Object Repository/RAD_Pages/PaymentAmount_Page/input__paymentAmount' successfully

2023-10-02 16:42:27 - [TEST_STEP][PASSED] - setText(findTestObject(orPath_AddressContact + "/input_eMailAddress"), "imtiazster@gmail.com"): Text 'imtiazster@gmail.com' is set on object 'Object Repository/RAD_Pages/AddressAndContactInfo_Page/input_eMailAddress'

2023-10-02 16:42:29 - [MESSAGE][PASSED] - Text 'imtiazster@gmail.com' is set on object 'Object Repository/RAD_Pages/AddressAndContactInfo_Page/input_eMailAddress'

2023-10-02 16:42:29 - [TEST_STEP][PASSED] - setText(findTestObject(orPath_AddressContact + "/input_reEnterEMailAddress"), "iahmed@govolution.com"): Text 'iahmed@govolution.com' is set on object 'Object Repository/RAD_Pages/AddressAndContactInfo_Page/input_reEnterEMailAddress'

2023-10-02 16:42:30 - [MESSAGE][PASSED] - Text 'iahmed@govolution.com' is set on object 'Object Repository/RAD_Pages/AddressAndContactInfo_Page/input_reEnterEMailAddress'

2023-10-02 16:42:30 - [TEST_STEP][PASSED] - delay(2): Delayed 2 second(s)

2023-10-02 16:42:32 - [MESSAGE][PASSED] - Delayed 2 second(s)

2023-10-02 16:42:32 - [TEST_STEP][PASSED] - if (verifyTextPresent("The Email and Re-enter email do not match", true)): null

2023-10-02 16:42:32 - [MESSAGE][PASSED] - Text 'The Email and Re-enter email do not match' is present on page  using regular expression

2023-10-02 16:42:32 - [TEST_STEP][PASSED] - println("Emails Dont match text is present"): null

2023-10-02 16:42:32 - [TEST_STEP][PASSED] - out.println("Pass Record Number: " + row): null

2023-10-02 16:42:32 - [TEST_STEP][PASSED] - resText = "Pass": null

2023-10-02 16:42:32 - [TEST_STEP][PASSED] - pages.WriteExcel.demoKey(resText, datText, resColumn, datCloumn, fileLoc, nameSheet, row): pages.WriteExcel.demoKey is PASSED

2023-10-02 16:42:32 - [MESSAGE][PASSED] - pages.WriteExcel.demoKey is PASSED

2023-10-02 16:42:32 - [TEST_STEP][PASSED] - ExecuteTC = findTestData(dataFile).getValue("Execute", row): null

2023-10-02 16:42:32 - [TEST_STEP][PASSED] - Taxtype = findTestData(dataFile).getValue("TaxType", row): null

2023-10-02 16:42:32 - [TEST_STEP][PASSED] - Paymenttype = findTestData(dataFile).getValue("PaymentType", row): null

2023-10-02 16:42:32 - [TEST_STEP][PASSED] - out.println("Value of Execute is : " + ExecuteTC): null

2023-10-02 16:42:32 - [TEST_STEP][PASSED] - if (ExecuteTC.equalsIgnoreCase("Y")): null

2023-10-02 16:42:32 - [TEST_STEP][PASSED] - out.println("Begin Record Number: " + row): null

2023-10-02 16:42:32 - [TEST_STEP][PASSED] - today = new java.util.Date(): null

2023-10-02 16:42:32 - [TEST_STEP][PASSED] - println(today): null

2023-10-02 16:42:32 - [TEST_STEP][PASSED] - datText = today: null

2023-10-02 16:42:32 - [TEST_STEP][PASSED] - Taxtype = findTestData(dataFile).getValue("TaxType", row): null

2023-10-02 16:42:32 - [TEST_STEP][PASSED] - out.println("Taxtype value is : " + Taxtype): null

2023-10-02 16:42:32 - [TEST_STEP][PASSED] - openBrowser(""): Browser is opened with url: ''

2023-10-02 16:42:32 - [MESSAGE][WARNING] - A browser is already opened. Closing browser and opening a new one

2023-10-02 16:42:33 - [MESSAGE][INFO] - Starting 'Chrome' driver

2023-10-02 16:42:33 - [MESSAGE][INFO] - User set preference: ['acceptInsecureCerts', 'true']

2023-10-02 16:42:33 - [MESSAGE][INFO] - Action delay is set to 0 milliseconds

2023-10-02 16:42:35 - [MESSAGE][PASSED] - Browser is opened with url: ''

2023-10-02 16:42:35 - [TEST_STEP][PASSED] - maximizeWindow(): Current window maximized

2023-10-02 16:42:35 - [MESSAGE][PASSED] - Current window maximized

2023-10-02 16:42:35 - [TEST_STEP][PASSED] - navigateToUrl(RADurl): Navigate to 'https://demo.velocitypayment.com/client/rad/index.html' successfully

2023-10-02 16:42:36 - [MESSAGE][PASSED] - Navigate to 'https://demo.velocitypayment.com/client/rad/index.html' successfully

2023-10-02 16:42:36 - [TEST_STEP][PASSED] - orPath_Landing = "Object Repository/RAD_Pages/Landing_Page": null

2023-10-02 16:42:36 - [TEST_STEP][PASSED] - orPath_TaxTypeFilingYear = "Object Repository/RAD_Pages/TaxTypeFilingYear_Page": null

2023-10-02 16:42:36 - [TEST_STEP][PASSED] - orPath_TaxPayer = "Object Repository/RAD_Pages/Taxpayer_Page": null

2023-10-02 16:42:36 - [TEST_STEP][PASSED] - orPath_AddressContact = "Object Repository/RAD_Pages/AddressAndContactInfo_Page": null

2023-10-02 16:42:36 - [TEST_STEP][PASSED] - orPath_FilingStatus = "Object Repository/RAD_Pages/FilingStatus_Page": null

2023-10-02 16:42:36 - [TEST_STEP][PASSED] - orPath_Amount = "Object Repository/RAD_Pages/PaymentAmount_Page": null

2023-10-02 16:42:36 - [TEST_STEP][PASSED] - selectOptionByLabel(findTestObject(orPath_Landing + "/dd_TaxType"), Paymenttype, false): All options with label 'New Tax Return Amount Due' are selected in object 'Object Repository/RAD_Pages/Landing_Page/dd_TaxType' 

2023-10-02 16:42:37 - [MESSAGE][PASSED] - All options with label 'New Tax Return Amount Due' are selected in object 'Object Repository/RAD_Pages/Landing_Page/dd_TaxType' 

2023-10-02 16:42:37 - [TEST_STEP][PASSED] - delay(1): Delayed 1 second(s)

2023-10-02 16:42:38 - [MESSAGE][PASSED] - Delayed 1 second(s)

2023-10-02 16:42:38 - [TEST_STEP][PASSED] - switch (Paymenttype): null

2023-10-02 16:42:38 - [TEST_STEP][PASSED] - case "New Tax Return Amount Due":: null

2023-10-02 16:42:38 - [TEST_STEP][PASSED] - selectOptionByLabel(findTestObject("Object Repository/RAD_Pages/Landing_Page/select_NewTaxReturnAmountDue_TaxType"), Taxtype, false): All options with label 'PTE Tax Electing Non-S Corp' are selected in object 'Object Repository/RAD_Pages/Landing_Page/select_NewTaxReturnAmountDue_TaxType' 

2023-10-02 16:42:39 - [MESSAGE][PASSED] - All options with label 'PTE Tax Electing Non-S Corp' are selected in object 'Object Repository/RAD_Pages/Landing_Page/select_NewTaxReturnAmountDue_TaxType' 

2023-10-02 16:42:39 - [TEST_STEP][PASSED] - break: null

2023-10-02 16:42:39 - [TEST_STEP][PASSED] - delay(1): Delayed 1 second(s)

2023-10-02 16:42:40 - [MESSAGE][PASSED] - Delayed 1 second(s)

2023-10-02 16:42:40 - [TEST_STEP][PASSED] - scrollToElement(findTestObject(orPath_Amount + "/input__paymentAmount"), 3): Scroll to object 'Object Repository/RAD_Pages/PaymentAmount_Page/input__paymentAmount' successfully

2023-10-02 16:42:40 - [MESSAGE][PASSED] - Scroll to object 'Object Repository/RAD_Pages/PaymentAmount_Page/input__paymentAmount' successfully

2023-10-02 16:42:40 - [TEST_STEP][PASSED] - setText(findTestObject(orPath_AddressContact + "/input_eMailAddress"), "imtiazster@gmail.com"): Text 'imtiazster@gmail.com' is set on object 'Object Repository/RAD_Pages/AddressAndContactInfo_Page/input_eMailAddress'

2023-10-02 16:42:42 - [MESSAGE][PASSED] - Text 'imtiazster@gmail.com' is set on object 'Object Repository/RAD_Pages/AddressAndContactInfo_Page/input_eMailAddress'

2023-10-02 16:42:42 - [TEST_STEP][PASSED] - setText(findTestObject(orPath_AddressContact + "/input_reEnterEMailAddress"), "iahmed@govolution.com"): Text 'iahmed@govolution.com' is set on object 'Object Repository/RAD_Pages/AddressAndContactInfo_Page/input_reEnterEMailAddress'

2023-10-02 16:42:43 - [MESSAGE][PASSED] - Text 'iahmed@govolution.com' is set on object 'Object Repository/RAD_Pages/AddressAndContactInfo_Page/input_reEnterEMailAddress'

2023-10-02 16:42:43 - [TEST_STEP][PASSED] - delay(2): Delayed 2 second(s)

2023-10-02 16:42:45 - [MESSAGE][PASSED] - Delayed 2 second(s)

2023-10-02 16:42:45 - [TEST_STEP][PASSED] - if (verifyTextPresent("The Email and Re-enter email do not match", true)): null

2023-10-02 16:42:45 - [MESSAGE][PASSED] - Text 'The Email and Re-enter email do not match' is present on page  using regular expression

2023-10-02 16:42:45 - [TEST_STEP][PASSED] - println("Emails Dont match text is present"): null

2023-10-02 16:42:45 - [TEST_STEP][PASSED] - out.println("Pass Record Number: " + row): null

2023-10-02 16:42:45 - [TEST_STEP][PASSED] - resText = "Pass": null

2023-10-02 16:42:45 - [TEST_STEP][PASSED] - pages.WriteExcel.demoKey(resText, datText, resColumn, datCloumn, fileLoc, nameSheet, row): pages.WriteExcel.demoKey is PASSED

2023-10-02 16:42:45 - [MESSAGE][PASSED] - pages.WriteExcel.demoKey is PASSED

2023-10-02 16:42:45 - [TEST_STEP][PASSED] - ExecuteTC = findTestData(dataFile).getValue("Execute", row): null

2023-10-02 16:42:45 - [TEST_STEP][PASSED] - Taxtype = findTestData(dataFile).getValue("TaxType", row): null

2023-10-02 16:42:45 - [TEST_STEP][PASSED] - Paymenttype = findTestData(dataFile).getValue("PaymentType", row): null

2023-10-02 16:42:45 - [TEST_STEP][PASSED] - out.println("Value of Execute is : " + ExecuteTC): null

2023-10-02 16:42:45 - [TEST_STEP][PASSED] - if (ExecuteTC.equalsIgnoreCase("Y")): null

2023-10-02 16:42:45 - [TEST_STEP][PASSED] - out.println("Begin Record Number: " + row): null

2023-10-02 16:42:45 - [TEST_STEP][PASSED] - today = new java.util.Date(): null

2023-10-02 16:42:45 - [TEST_STEP][PASSED] - println(today): null

2023-10-02 16:42:45 - [TEST_STEP][PASSED] - datText = today: null

2023-10-02 16:42:45 - [TEST_STEP][PASSED] - Taxtype = findTestData(dataFile).getValue("TaxType", row): null

2023-10-02 16:42:45 - [TEST_STEP][PASSED] - out.println("Taxtype value is : " + Taxtype): null

2023-10-02 16:42:45 - [TEST_STEP][PASSED] - openBrowser(""): Browser is opened with url: ''

2023-10-02 16:42:45 - [MESSAGE][WARNING] - A browser is already opened. Closing browser and opening a new one

2023-10-02 16:42:46 - [MESSAGE][INFO] - Starting 'Chrome' driver

2023-10-02 16:42:46 - [MESSAGE][INFO] - User set preference: ['acceptInsecureCerts', 'true']

2023-10-02 16:42:46 - [MESSAGE][INFO] - Action delay is set to 0 milliseconds

2023-10-02 16:42:47 - [MESSAGE][PASSED] - Browser is opened with url: ''

2023-10-02 16:42:47 - [TEST_STEP][PASSED] - maximizeWindow(): Current window maximized

2023-10-02 16:42:48 - [MESSAGE][PASSED] - Current window maximized

2023-10-02 16:42:48 - [TEST_STEP][PASSED] - navigateToUrl(RADurl): Navigate to 'https://demo.velocitypayment.com/client/rad/index.html' successfully

2023-10-02 16:42:49 - [MESSAGE][PASSED] - Navigate to 'https://demo.velocitypayment.com/client/rad/index.html' successfully

2023-10-02 16:42:49 - [TEST_STEP][PASSED] - orPath_Landing = "Object Repository/RAD_Pages/Landing_Page": null

2023-10-02 16:42:49 - [TEST_STEP][PASSED] - orPath_TaxTypeFilingYear = "Object Repository/RAD_Pages/TaxTypeFilingYear_Page": null

2023-10-02 16:42:49 - [TEST_STEP][PASSED] - orPath_TaxPayer = "Object Repository/RAD_Pages/Taxpayer_Page": null

2023-10-02 16:42:49 - [TEST_STEP][PASSED] - orPath_AddressContact = "Object Repository/RAD_Pages/AddressAndContactInfo_Page": null

2023-10-02 16:42:49 - [TEST_STEP][PASSED] - orPath_FilingStatus = "Object Repository/RAD_Pages/FilingStatus_Page": null

2023-10-02 16:42:49 - [TEST_STEP][PASSED] - orPath_Amount = "Object Repository/RAD_Pages/PaymentAmount_Page": null

2023-10-02 16:42:49 - [TEST_STEP][PASSED] - selectOptionByLabel(findTestObject(orPath_Landing + "/dd_TaxType"), Paymenttype, false): All options with label 'New Tax Return Amount Due' are selected in object 'Object Repository/RAD_Pages/Landing_Page/dd_TaxType' 

2023-10-02 16:42:50 - [MESSAGE][PASSED] - All options with label 'New Tax Return Amount Due' are selected in object 'Object Repository/RAD_Pages/Landing_Page/dd_TaxType' 

2023-10-02 16:42:50 - [TEST_STEP][PASSED] - delay(1): Delayed 1 second(s)

2023-10-02 16:42:51 - [MESSAGE][PASSED] - Delayed 1 second(s)

2023-10-02 16:42:51 - [TEST_STEP][PASSED] - switch (Paymenttype): null

2023-10-02 16:42:51 - [TEST_STEP][PASSED] - case "New Tax Return Amount Due":: null

2023-10-02 16:42:51 - [TEST_STEP][PASSED] - selectOptionByLabel(findTestObject("Object Repository/RAD_Pages/Landing_Page/select_NewTaxReturnAmountDue_TaxType"), Taxtype, false): All options with label 'PTE Tax Electing S Corp' are selected in object 'Object Repository/RAD_Pages/Landing_Page/select_NewTaxReturnAmountDue_TaxType' 

2023-10-02 16:42:51 - [MESSAGE][PASSED] - All options with label 'PTE Tax Electing S Corp' are selected in object 'Object Repository/RAD_Pages/Landing_Page/select_NewTaxReturnAmountDue_TaxType' 

2023-10-02 16:42:51 - [TEST_STEP][PASSED] - break: null

2023-10-02 16:42:51 - [TEST_STEP][PASSED] - delay(1): Delayed 1 second(s)

2023-10-02 16:42:52 - [MESSAGE][PASSED] - Delayed 1 second(s)

2023-10-02 16:42:52 - [TEST_STEP][PASSED] - scrollToElement(findTestObject(orPath_Amount + "/input__paymentAmount"), 3): Scroll to object 'Object Repository/RAD_Pages/PaymentAmount_Page/input__paymentAmount' successfully

2023-10-02 16:42:53 - [MESSAGE][PASSED] - Scroll to object 'Object Repository/RAD_Pages/PaymentAmount_Page/input__paymentAmount' successfully

2023-10-02 16:42:53 - [TEST_STEP][PASSED] - setText(findTestObject(orPath_AddressContact + "/input_eMailAddress"), "imtiazster@gmail.com"): Text 'imtiazster@gmail.com' is set on object 'Object Repository/RAD_Pages/AddressAndContactInfo_Page/input_eMailAddress'

2023-10-02 16:42:55 - [MESSAGE][PASSED] - Text 'imtiazster@gmail.com' is set on object 'Object Repository/RAD_Pages/AddressAndContactInfo_Page/input_eMailAddress'

2023-10-02 16:42:55 - [TEST_STEP][PASSED] - setText(findTestObject(orPath_AddressContact + "/input_reEnterEMailAddress"), "iahmed@govolution.com"): Text 'iahmed@govolution.com' is set on object 'Object Repository/RAD_Pages/AddressAndContactInfo_Page/input_reEnterEMailAddress'

2023-10-02 16:42:55 - [MESSAGE][PASSED] - Text 'iahmed@govolution.com' is set on object 'Object Repository/RAD_Pages/AddressAndContactInfo_Page/input_reEnterEMailAddress'

2023-10-02 16:42:55 - [TEST_STEP][PASSED] - delay(2): Delayed 2 second(s)

2023-10-02 16:42:57 - [MESSAGE][PASSED] - Delayed 2 second(s)

2023-10-02 16:42:57 - [TEST_STEP][PASSED] - if (verifyTextPresent("The Email and Re-enter email do not match", true)): null

2023-10-02 16:42:58 - [MESSAGE][PASSED] - Text 'The Email and Re-enter email do not match' is present on page  using regular expression

2023-10-02 16:42:58 - [TEST_STEP][PASSED] - println("Emails Dont match text is present"): null

2023-10-02 16:42:58 - [TEST_STEP][PASSED] - out.println("Pass Record Number: " + row): null

2023-10-02 16:42:58 - [TEST_STEP][PASSED] - resText = "Pass": null

2023-10-02 16:42:58 - [TEST_STEP][PASSED] - pages.WriteExcel.demoKey(resText, datText, resColumn, datCloumn, fileLoc, nameSheet, row): pages.WriteExcel.demoKey is PASSED

2023-10-02 16:42:58 - [MESSAGE][PASSED] - pages.WriteExcel.demoKey is PASSED

2023-10-02 16:42:58 - [TEST_STEP][PASSED] - ExecuteTC = findTestData(dataFile).getValue("Execute", row): null

2023-10-02 16:42:58 - [TEST_STEP][PASSED] - Taxtype = findTestData(dataFile).getValue("TaxType", row): null

2023-10-02 16:42:58 - [TEST_STEP][PASSED] - Paymenttype = findTestData(dataFile).getValue("PaymentType", row): null

2023-10-02 16:42:58 - [TEST_STEP][PASSED] - out.println("Value of Execute is : " + ExecuteTC): null

2023-10-02 16:42:58 - [TEST_STEP][PASSED] - if (ExecuteTC.equalsIgnoreCase("Y")): null

2023-10-02 16:42:58 - [TEST_STEP][PASSED] - out.println("Begin Record Number: " + row): null

2023-10-02 16:42:58 - [TEST_STEP][PASSED] - today = new java.util.Date(): null

2023-10-02 16:42:58 - [TEST_STEP][PASSED] - println(today): null

2023-10-02 16:42:58 - [TEST_STEP][PASSED] - datText = today: null

2023-10-02 16:42:58 - [TEST_STEP][PASSED] - Taxtype = findTestData(dataFile).getValue("TaxType", row): null

2023-10-02 16:42:58 - [TEST_STEP][PASSED] - out.println("Taxtype value is : " + Taxtype): null

2023-10-02 16:42:58 - [TEST_STEP][PASSED] - openBrowser(""): Browser is opened with url: ''

2023-10-02 16:42:58 - [MESSAGE][WARNING] - A browser is already opened. Closing browser and opening a new one

2023-10-02 16:42:59 - [MESSAGE][INFO] - Starting 'Chrome' driver

2023-10-02 16:42:59 - [MESSAGE][INFO] - User set preference: ['acceptInsecureCerts', 'true']

2023-10-02 16:42:59 - [MESSAGE][INFO] - Action delay is set to 0 milliseconds

2023-10-02 16:43:00 - [MESSAGE][PASSED] - Browser is opened with url: ''

2023-10-02 16:43:00 - [TEST_STEP][PASSED] - maximizeWindow(): Current window maximized

2023-10-02 16:43:01 - [MESSAGE][PASSED] - Current window maximized

2023-10-02 16:43:01 - [TEST_STEP][PASSED] - navigateToUrl(RADurl): Navigate to 'https://demo.velocitypayment.com/client/rad/index.html' successfully

2023-10-02 16:43:02 - [MESSAGE][PASSED] - Navigate to 'https://demo.velocitypayment.com/client/rad/index.html' successfully

2023-10-02 16:43:02 - [TEST_STEP][PASSED] - orPath_Landing = "Object Repository/RAD_Pages/Landing_Page": null

2023-10-02 16:43:02 - [TEST_STEP][PASSED] - orPath_TaxTypeFilingYear = "Object Repository/RAD_Pages/TaxTypeFilingYear_Page": null

2023-10-02 16:43:02 - [TEST_STEP][PASSED] - orPath_TaxPayer = "Object Repository/RAD_Pages/Taxpayer_Page": null

2023-10-02 16:43:02 - [TEST_STEP][PASSED] - orPath_AddressContact = "Object Repository/RAD_Pages/AddressAndContactInfo_Page": null

2023-10-02 16:43:02 - [TEST_STEP][PASSED] - orPath_FilingStatus = "Object Repository/RAD_Pages/FilingStatus_Page": null

2023-10-02 16:43:02 - [TEST_STEP][PASSED] - orPath_Amount = "Object Repository/RAD_Pages/PaymentAmount_Page": null

2023-10-02 16:43:02 - [TEST_STEP][PASSED] - selectOptionByLabel(findTestObject(orPath_Landing + "/dd_TaxType"), Paymenttype, false): All options with label 'New Tax Return Amount Due' are selected in object 'Object Repository/RAD_Pages/Landing_Page/dd_TaxType' 

2023-10-02 16:43:03 - [MESSAGE][PASSED] - All options with label 'New Tax Return Amount Due' are selected in object 'Object Repository/RAD_Pages/Landing_Page/dd_TaxType' 

2023-10-02 16:43:03 - [TEST_STEP][PASSED] - delay(1): Delayed 1 second(s)

2023-10-02 16:43:04 - [MESSAGE][PASSED] - Delayed 1 second(s)

2023-10-02 16:43:04 - [TEST_STEP][PASSED] - switch (Paymenttype): null

2023-10-02 16:43:04 - [TEST_STEP][PASSED] - case "New Tax Return Amount Due":: null

2023-10-02 16:43:04 - [TEST_STEP][PASSED] - selectOptionByLabel(findTestObject("Object Repository/RAD_Pages/Landing_Page/select_NewTaxReturnAmountDue_TaxType"), Taxtype, false): All options with label 'Personal Income Tax' are selected in object 'Object Repository/RAD_Pages/Landing_Page/select_NewTaxReturnAmountDue_TaxType' 

2023-10-02 16:43:04 - [MESSAGE][PASSED] - All options with label 'Personal Income Tax' are selected in object 'Object Repository/RAD_Pages/Landing_Page/select_NewTaxReturnAmountDue_TaxType' 

2023-10-02 16:43:04 - [TEST_STEP][PASSED] - break: null

2023-10-02 16:43:04 - [TEST_STEP][PASSED] - delay(1): Delayed 1 second(s)

2023-10-02 16:43:05 - [MESSAGE][PASSED] - Delayed 1 second(s)

2023-10-02 16:43:05 - [TEST_STEP][PASSED] - scrollToElement(findTestObject(orPath_Amount + "/input__paymentAmount"), 3): Scroll to object 'Object Repository/RAD_Pages/PaymentAmount_Page/input__paymentAmount' successfully

2023-10-02 16:43:06 - [MESSAGE][PASSED] - Scroll to object 'Object Repository/RAD_Pages/PaymentAmount_Page/input__paymentAmount' successfully

2023-10-02 16:43:06 - [TEST_STEP][PASSED] - setText(findTestObject(orPath_AddressContact + "/input_eMailAddress"), "imtiazster@gmail.com"): Text 'imtiazster@gmail.com' is set on object 'Object Repository/RAD_Pages/AddressAndContactInfo_Page/input_eMailAddress'

2023-10-02 16:43:08 - [MESSAGE][PASSED] - Text 'imtiazster@gmail.com' is set on object 'Object Repository/RAD_Pages/AddressAndContactInfo_Page/input_eMailAddress'

2023-10-02 16:43:08 - [TEST_STEP][PASSED] - setText(findTestObject(orPath_AddressContact + "/input_reEnterEMailAddress"), "iahmed@govolution.com"): Text 'iahmed@govolution.com' is set on object 'Object Repository/RAD_Pages/AddressAndContactInfo_Page/input_reEnterEMailAddress'

2023-10-02 16:43:08 - [MESSAGE][PASSED] - Text 'iahmed@govolution.com' is set on object 'Object Repository/RAD_Pages/AddressAndContactInfo_Page/input_reEnterEMailAddress'

2023-10-02 16:43:08 - [TEST_STEP][PASSED] - delay(2): Delayed 2 second(s)

2023-10-02 16:43:10 - [MESSAGE][PASSED] - Delayed 2 second(s)

2023-10-02 16:43:10 - [TEST_STEP][PASSED] - if (verifyTextPresent("The Email and Re-enter email do not match", true)): null

2023-10-02 16:43:11 - [MESSAGE][PASSED] - Text 'The Email and Re-enter email do not match' is present on page  using regular expression

2023-10-02 16:43:11 - [TEST_STEP][PASSED] - println("Emails Dont match text is present"): null

2023-10-02 16:43:11 - [TEST_STEP][PASSED] - out.println("Pass Record Number: " + row): null

2023-10-02 16:43:11 - [TEST_STEP][PASSED] - resText = "Pass": null

2023-10-02 16:43:11 - [TEST_STEP][PASSED] - pages.WriteExcel.demoKey(resText, datText, resColumn, datCloumn, fileLoc, nameSheet, row): pages.WriteExcel.demoKey is PASSED

2023-10-02 16:43:11 - [MESSAGE][PASSED] - pages.WriteExcel.demoKey is PASSED]]></system-out>
         <system-err><![CDATA[]]></system-err>
      </testcase>
      <testcase name="Test Cases/RAD_TestCases/Negative_TestCases/TaxPayerSSNNoMatch" time="56.424" classname="Test Cases/RAD_TestCases/Negative_TestCases/TaxPayerSSNNoMatch" status="PASSED">
         <system-out><![CDATA[2023-10-02 16:43:11 - [TEST_CASE][PASSED] - Test Cases/RAD_TestCases/Negative_TestCases/TaxPayerSSNNoMatch: Test Cases/RAD_TestCases/Negative_TestCases/TaxPayerSSNNoMatch

2023-10-02 16:43:11 - [TEST_STEP][PASSED] - resText = "Fail": null

2023-10-02 16:43:11 - [TEST_STEP][PASSED] - resColumn = "Result": null

2023-10-02 16:43:11 - [TEST_STEP][PASSED] - datCloumn = "Date": null

2023-10-02 16:43:11 - [TEST_STEP][PASSED] - fileLoc = "KatalonData/RADTestData/TaxPayerSSNNoMatch.xlsx": null

2023-10-02 16:43:11 - [TEST_STEP][PASSED] - nameSheet = "Sheet1": null

2023-10-02 16:43:11 - [TEST_STEP][PASSED] - dataFile = "RADTestData/TaxPayerSSNNoMatch": null

2023-10-02 16:43:11 - [TEST_STEP][PASSED] - ExecuteTC = <not implemented yet for class: org.codehaus.groovy.ast.expr.EmptyExpression>: null

2023-10-02 16:43:11 - [TEST_STEP][PASSED] - Taxtype = <not implemented yet for class: org.codehaus.groovy.ast.expr.EmptyExpression>: null

2023-10-02 16:43:11 - [TEST_STEP][PASSED] - numOfRows = findTestData(dataFile).getRowNumbers(): null

2023-10-02 16:43:11 - [TEST_STEP][PASSED] - println("Number of Records: " + numOfRows): null

2023-10-02 16:43:11 - [TEST_STEP][PASSED] - for ([row = 1, row <= numOfRows, (row++)]): null

2023-10-02 16:43:11 - [TEST_STEP][PASSED] - ExecuteTC = findTestData(dataFile).getValue("Execute", row): null

2023-10-02 16:43:11 - [TEST_STEP][PASSED] - Taxtype = findTestData(dataFile).getValue("TaxType", row): null

2023-10-02 16:43:11 - [TEST_STEP][PASSED] - Paymenttype = findTestData(dataFile).getValue("PaymentType", row): null

2023-10-02 16:43:11 - [TEST_STEP][PASSED] - out.println("Value of Execute is : " + ExecuteTC): null

2023-10-02 16:43:11 - [TEST_STEP][PASSED] - if (ExecuteTC.equalsIgnoreCase("Y")): null

2023-10-02 16:43:11 - [TEST_STEP][PASSED] - out.println("Begin Record Number: " + row): null

2023-10-02 16:43:11 - [TEST_STEP][PASSED] - today = new java.util.Date(): null

2023-10-02 16:43:11 - [TEST_STEP][PASSED] - println(today): null

2023-10-02 16:43:11 - [TEST_STEP][PASSED] - datText = today: null

2023-10-02 16:43:11 - [TEST_STEP][PASSED] - Taxtype = findTestData(dataFile).getValue("TaxType", row): null

2023-10-02 16:43:11 - [TEST_STEP][PASSED] - out.println("Taxtype value is : " + Taxtype): null

2023-10-02 16:43:11 - [TEST_STEP][PASSED] - openBrowser(""): Browser is opened with url: ''

2023-10-02 16:43:11 - [MESSAGE][WARNING] - A browser is already opened. Closing browser and opening a new one

2023-10-02 16:43:12 - [MESSAGE][INFO] - Starting 'Chrome' driver

2023-10-02 16:43:12 - [MESSAGE][INFO] - User set preference: ['acceptInsecureCerts', 'true']

2023-10-02 16:43:12 - [MESSAGE][INFO] - Action delay is set to 0 milliseconds

2023-10-02 16:43:14 - [MESSAGE][PASSED] - Browser is opened with url: ''

2023-10-02 16:43:14 - [TEST_STEP][PASSED] - maximizeWindow(): Current window maximized

2023-10-02 16:43:14 - [MESSAGE][PASSED] - Current window maximized

2023-10-02 16:43:14 - [TEST_STEP][PASSED] - navigateToUrl(RADurl): Navigate to 'https://demo.velocitypayment.com/client/rad/index.html' successfully

2023-10-02 16:43:15 - [MESSAGE][PASSED] - Navigate to 'https://demo.velocitypayment.com/client/rad/index.html' successfully

2023-10-02 16:43:15 - [TEST_STEP][PASSED] - orPath_Landing = "Object Repository/RAD_Pages/Landing_Page": null

2023-10-02 16:43:15 - [TEST_STEP][PASSED] - orPath_TaxTypeFilingYear = "Object Repository/RAD_Pages/TaxTypeFilingYear_Page": null

2023-10-02 16:43:15 - [TEST_STEP][PASSED] - orPath_TaxPayer = "Object Repository/RAD_Pages/Taxpayer_Page": null

2023-10-02 16:43:15 - [TEST_STEP][PASSED] - orPath_AddressContact = "Object Repository/RAD_Pages/AddressAndContactInfo_Page": null

2023-10-02 16:43:15 - [TEST_STEP][PASSED] - orPath_FilingStatus = "Object Repository/RAD_Pages/FilingStatus_Page": null

2023-10-02 16:43:15 - [TEST_STEP][PASSED] - orPath_Amount = "Object Repository/RAD_Pages/PaymentAmount_Page": null

2023-10-02 16:43:15 - [TEST_STEP][PASSED] - orPath_TaxInfo = "Object Repository/RAD_Pages/TaxInfo_Page": null

2023-10-02 16:43:15 - [TEST_STEP][PASSED] - selectOptionByLabel(findTestObject(orPath_Landing + "/dd_TaxType"), Paymenttype, false): All options with label 'Existing Liability w/Notice Number' are selected in object 'Object Repository/RAD_Pages/Landing_Page/dd_TaxType' 

2023-10-02 16:43:16 - [MESSAGE][PASSED] - All options with label 'Existing Liability w/Notice Number' are selected in object 'Object Repository/RAD_Pages/Landing_Page/dd_TaxType' 

2023-10-02 16:43:16 - [TEST_STEP][PASSED] - delay(1): Delayed 1 second(s)

2023-10-02 16:43:17 - [MESSAGE][PASSED] - Delayed 1 second(s)

2023-10-02 16:43:17 - [TEST_STEP][PASSED] - switch (Paymenttype): null

2023-10-02 16:43:17 - [TEST_STEP][PASSED] - case "Existing Liability w/Notice Number":: null

2023-10-02 16:43:17 - [TEST_STEP][PASSED] - selectOptionByLabel(findTestObject(orPath_TaxTypeFilingYear + "/select_TaxType_ExistingLiability"), Taxtype, false): All options with label 'Personal Income Tax' are selected in object 'Object Repository/RAD_Pages/TaxTypeFilingYear_Page/select_TaxType_ExistingLiability' 

2023-10-02 16:43:18 - [MESSAGE][PASSED] - All options with label 'Personal Income Tax' are selected in object 'Object Repository/RAD_Pages/TaxTypeFilingYear_Page/select_TaxType_ExistingLiability' 

2023-10-02 16:43:18 - [TEST_STEP][PASSED] - break: null

2023-10-02 16:43:18 - [TEST_STEP][PASSED] - delay(1): Delayed 1 second(s)

2023-10-02 16:43:19 - [MESSAGE][PASSED] - Delayed 1 second(s)

2023-10-02 16:43:19 - [TEST_STEP][PASSED] - scrollToElement(findTestObject(orPath_TaxPayer + "/input_firstName"), 3): Scroll to object 'Object Repository/RAD_Pages/Taxpayer_Page/input_firstName' successfully

2023-10-02 16:43:19 - [MESSAGE][PASSED] - Scroll to object 'Object Repository/RAD_Pages/Taxpayer_Page/input_firstName' successfully

2023-10-02 16:43:19 - [TEST_STEP][PASSED] - switch (Paymenttype): null

2023-10-02 16:43:19 - [TEST_STEP][PASSED] - case "Existing Liability w/Notice Number":: null

2023-10-02 16:43:19 - [TEST_STEP][PASSED] - setText(findTestObject(orPath_TaxInfo + "/input_Existing_SSN"), "111111111"): Text '111111111' is set on object 'Object Repository/RAD_Pages/TaxInfo_Page/input_Existing_SSN'

2023-10-02 16:43:20 - [MESSAGE][PASSED] - Text '111111111' is set on object 'Object Repository/RAD_Pages/TaxInfo_Page/input_Existing_SSN'

2023-10-02 16:43:21 - [TEST_STEP][PASSED] - setText(findTestObject(orPath_TaxInfo + "/input_Existing_RetypeSSN"), "222222222"): Text '222222222' is set on object 'Object Repository/RAD_Pages/TaxInfo_Page/input_Existing_RetypeSSN'

2023-10-02 16:43:21 - [MESSAGE][PASSED] - Text '222222222' is set on object 'Object Repository/RAD_Pages/TaxInfo_Page/input_Existing_RetypeSSN'

2023-10-02 16:43:21 - [TEST_STEP][PASSED] - setText(findTestObject(orPath_TaxPayer + "/input_lastName"), "Anderson"): Text 'Anderson' is set on object 'Object Repository/RAD_Pages/Taxpayer_Page/input_lastName'

2023-10-02 16:43:22 - [MESSAGE][PASSED] - Text 'Anderson' is set on object 'Object Repository/RAD_Pages/Taxpayer_Page/input_lastName'

2023-10-02 16:43:22 - [TEST_STEP][PASSED] - break: null

2023-10-02 16:43:22 - [TEST_STEP][PASSED] - delay(2): Delayed 2 second(s)

2023-10-02 16:43:24 - [MESSAGE][PASSED] - Delayed 2 second(s)

2023-10-02 16:43:24 - [TEST_STEP][PASSED] - if (verifyTextPresent("The SSN and Re-type SSN do not match", true)): null

2023-10-02 16:43:25 - [MESSAGE][PASSED] - Text 'The SSN and Re-type SSN do not match' is present on page  using regular expression

2023-10-02 16:43:25 - [TEST_STEP][PASSED] - println("Taxpayer SSN Dont match text is present"): null

2023-10-02 16:43:25 - [TEST_STEP][PASSED] - out.println("Pass Record Number: " + row): null

2023-10-02 16:43:25 - [TEST_STEP][PASSED] - resText = "Pass": null

2023-10-02 16:43:25 - [TEST_STEP][PASSED] - pages.WriteExcel.demoKey(resText, datText, resColumn, datCloumn, fileLoc, nameSheet, row): pages.WriteExcel.demoKey is PASSED

2023-10-02 16:43:25 - [MESSAGE][PASSED] - pages.WriteExcel.demoKey is PASSED

2023-10-02 16:43:25 - [TEST_STEP][PASSED] - ExecuteTC = findTestData(dataFile).getValue("Execute", row): null

2023-10-02 16:43:25 - [TEST_STEP][PASSED] - Taxtype = findTestData(dataFile).getValue("TaxType", row): null

2023-10-02 16:43:25 - [TEST_STEP][PASSED] - Paymenttype = findTestData(dataFile).getValue("PaymentType", row): null

2023-10-02 16:43:25 - [TEST_STEP][PASSED] - out.println("Value of Execute is : " + ExecuteTC): null

2023-10-02 16:43:25 - [TEST_STEP][PASSED] - if (ExecuteTC.equalsIgnoreCase("Y")): null

2023-10-02 16:43:25 - [TEST_STEP][PASSED] - out.println("Begin Record Number: " + row): null

2023-10-02 16:43:25 - [TEST_STEP][PASSED] - today = new java.util.Date(): null

2023-10-02 16:43:25 - [TEST_STEP][PASSED] - println(today): null

2023-10-02 16:43:25 - [TEST_STEP][PASSED] - datText = today: null

2023-10-02 16:43:25 - [TEST_STEP][PASSED] - Taxtype = findTestData(dataFile).getValue("TaxType", row): null

2023-10-02 16:43:25 - [TEST_STEP][PASSED] - out.println("Taxtype value is : " + Taxtype): null

2023-10-02 16:43:25 - [TEST_STEP][PASSED] - openBrowser(""): Browser is opened with url: ''

2023-10-02 16:43:25 - [MESSAGE][WARNING] - A browser is already opened. Closing browser and opening a new one

2023-10-02 16:43:26 - [MESSAGE][INFO] - Starting 'Chrome' driver

2023-10-02 16:43:26 - [MESSAGE][INFO] - User set preference: ['acceptInsecureCerts', 'true']

2023-10-02 16:43:26 - [MESSAGE][INFO] - Action delay is set to 0 milliseconds

2023-10-02 16:43:28 - [MESSAGE][PASSED] - Browser is opened with url: ''

2023-10-02 16:43:28 - [TEST_STEP][PASSED] - maximizeWindow(): Current window maximized

2023-10-02 16:43:28 - [MESSAGE][PASSED] - Current window maximized

2023-10-02 16:43:28 - [TEST_STEP][PASSED] - navigateToUrl(RADurl): Navigate to 'https://demo.velocitypayment.com/client/rad/index.html' successfully

2023-10-02 16:43:29 - [MESSAGE][PASSED] - Navigate to 'https://demo.velocitypayment.com/client/rad/index.html' successfully

2023-10-02 16:43:29 - [TEST_STEP][PASSED] - orPath_Landing = "Object Repository/RAD_Pages/Landing_Page": null

2023-10-02 16:43:29 - [TEST_STEP][PASSED] - orPath_TaxTypeFilingYear = "Object Repository/RAD_Pages/TaxTypeFilingYear_Page": null

2023-10-02 16:43:29 - [TEST_STEP][PASSED] - orPath_TaxPayer = "Object Repository/RAD_Pages/Taxpayer_Page": null

2023-10-02 16:43:29 - [TEST_STEP][PASSED] - orPath_AddressContact = "Object Repository/RAD_Pages/AddressAndContactInfo_Page": null

2023-10-02 16:43:29 - [TEST_STEP][PASSED] - orPath_FilingStatus = "Object Repository/RAD_Pages/FilingStatus_Page": null

2023-10-02 16:43:29 - [TEST_STEP][PASSED] - orPath_Amount = "Object Repository/RAD_Pages/PaymentAmount_Page": null

2023-10-02 16:43:29 - [TEST_STEP][PASSED] - orPath_TaxInfo = "Object Repository/RAD_Pages/TaxInfo_Page": null

2023-10-02 16:43:29 - [TEST_STEP][PASSED] - selectOptionByLabel(findTestObject(orPath_Landing + "/dd_TaxType"), Paymenttype, false): All options with label 'Quarterly Estimated Tax' are selected in object 'Object Repository/RAD_Pages/Landing_Page/dd_TaxType' 

2023-10-02 16:43:30 - [MESSAGE][PASSED] - All options with label 'Quarterly Estimated Tax' are selected in object 'Object Repository/RAD_Pages/Landing_Page/dd_TaxType' 

2023-10-02 16:43:30 - [TEST_STEP][PASSED] - delay(1): Delayed 1 second(s)

2023-10-02 16:43:31 - [MESSAGE][PASSED] - Delayed 1 second(s)

2023-10-02 16:43:31 - [TEST_STEP][PASSED] - switch (Paymenttype): null

2023-10-02 16:43:31 - [TEST_STEP][PASSED] - case "Quarterly Estimated Tax":: null

2023-10-02 16:43:31 - [TEST_STEP][PASSED] - selectOptionByLabel(findTestObject(orPath_TaxTypeFilingYear + "/select_PaymentType"), Taxtype, false): All options with label 'Personal Income Tax' are selected in object 'Object Repository/RAD_Pages/TaxTypeFilingYear_Page/select_PaymentType' 

2023-10-02 16:43:31 - [MESSAGE][PASSED] - All options with label 'Personal Income Tax' are selected in object 'Object Repository/RAD_Pages/TaxTypeFilingYear_Page/select_PaymentType' 

2023-10-02 16:43:31 - [TEST_STEP][PASSED] - break: null

2023-10-02 16:43:31 - [TEST_STEP][PASSED] - delay(1): Delayed 1 second(s)

2023-10-02 16:43:32 - [MESSAGE][PASSED] - Delayed 1 second(s)

2023-10-02 16:43:32 - [TEST_STEP][PASSED] - scrollToElement(findTestObject(orPath_TaxPayer + "/input_firstName"), 3): Scroll to object 'Object Repository/RAD_Pages/Taxpayer_Page/input_firstName' successfully

2023-10-02 16:43:33 - [MESSAGE][PASSED] - Scroll to object 'Object Repository/RAD_Pages/Taxpayer_Page/input_firstName' successfully

2023-10-02 16:43:33 - [TEST_STEP][PASSED] - switch (Paymenttype): null

2023-10-02 16:43:33 - [TEST_STEP][PASSED] - case "Quarterly Estimated Tax":: null

2023-10-02 16:43:33 - [TEST_STEP][PASSED] - setText(findTestObject("RAD_RecordAndPlay/input_concatSSN"), "111111111"): Text '111111111' is set on object 'Object Repository/RAD_RecordAndPlay/input_concatSSN'

2023-10-02 16:43:34 - [MESSAGE][PASSED] - Text '111111111' is set on object 'Object Repository/RAD_RecordAndPlay/input_concatSSN'

2023-10-02 16:43:34 - [TEST_STEP][PASSED] - setText(findTestObject("RAD_RecordAndPlay/input_concatReSSN"), "222222222"): Text '222222222' is set on object 'Object Repository/RAD_RecordAndPlay/input_concatReSSN'

2023-10-02 16:43:35 - [MESSAGE][PASSED] - Text '222222222' is set on object 'Object Repository/RAD_RecordAndPlay/input_concatReSSN'

2023-10-02 16:43:35 - [TEST_STEP][PASSED] - setText(findTestObject(orPath_TaxPayer + "/input_lastName"), "Anderson"): Text 'Anderson' is set on object 'Object Repository/RAD_Pages/Taxpayer_Page/input_lastName'

2023-10-02 16:43:36 - [MESSAGE][PASSED] - Text 'Anderson' is set on object 'Object Repository/RAD_Pages/Taxpayer_Page/input_lastName'

2023-10-02 16:43:36 - [TEST_STEP][PASSED] - break: null

2023-10-02 16:43:36 - [TEST_STEP][PASSED] - delay(2): Delayed 2 second(s)

2023-10-02 16:43:38 - [MESSAGE][PASSED] - Delayed 2 second(s)

2023-10-02 16:43:38 - [TEST_STEP][PASSED] - if (verifyTextPresent("The SSN and Re-type SSN do not match", true)): null

2023-10-02 16:43:39 - [MESSAGE][PASSED] - Text 'The SSN and Re-type SSN do not match' is present on page  using regular expression

2023-10-02 16:43:39 - [TEST_STEP][PASSED] - println("Taxpayer SSN Dont match text is present"): null

2023-10-02 16:43:39 - [TEST_STEP][PASSED] - out.println("Pass Record Number: " + row): null

2023-10-02 16:43:39 - [TEST_STEP][PASSED] - resText = "Pass": null

2023-10-02 16:43:39 - [TEST_STEP][PASSED] - pages.WriteExcel.demoKey(resText, datText, resColumn, datCloumn, fileLoc, nameSheet, row): pages.WriteExcel.demoKey is PASSED

2023-10-02 16:43:39 - [MESSAGE][PASSED] - pages.WriteExcel.demoKey is PASSED

2023-10-02 16:43:39 - [TEST_STEP][PASSED] - ExecuteTC = findTestData(dataFile).getValue("Execute", row): null

2023-10-02 16:43:39 - [TEST_STEP][PASSED] - Taxtype = findTestData(dataFile).getValue("TaxType", row): null

2023-10-02 16:43:39 - [TEST_STEP][PASSED] - Paymenttype = findTestData(dataFile).getValue("PaymentType", row): null

2023-10-02 16:43:39 - [TEST_STEP][PASSED] - out.println("Value of Execute is : " + ExecuteTC): null

2023-10-02 16:43:39 - [TEST_STEP][PASSED] - if (ExecuteTC.equalsIgnoreCase("Y")): null

2023-10-02 16:43:39 - [TEST_STEP][PASSED] - out.println("Begin Record Number: " + row): null

2023-10-02 16:43:39 - [TEST_STEP][PASSED] - today = new java.util.Date(): null

2023-10-02 16:43:39 - [TEST_STEP][PASSED] - println(today): null

2023-10-02 16:43:39 - [TEST_STEP][PASSED] - datText = today: null

2023-10-02 16:43:39 - [TEST_STEP][PASSED] - Taxtype = findTestData(dataFile).getValue("TaxType", row): null

2023-10-02 16:43:39 - [TEST_STEP][PASSED] - out.println("Taxtype value is : " + Taxtype): null

2023-10-02 16:43:39 - [TEST_STEP][PASSED] - openBrowser(""): Browser is opened with url: ''

2023-10-02 16:43:39 - [MESSAGE][WARNING] - A browser is already opened. Closing browser and opening a new one

2023-10-02 16:43:40 - [MESSAGE][INFO] - Starting 'Chrome' driver

2023-10-02 16:43:40 - [MESSAGE][INFO] - User set preference: ['acceptInsecureCerts', 'true']

2023-10-02 16:43:40 - [MESSAGE][INFO] - Action delay is set to 0 milliseconds

2023-10-02 16:43:41 - [MESSAGE][PASSED] - Browser is opened with url: ''

2023-10-02 16:43:41 - [TEST_STEP][PASSED] - maximizeWindow(): Current window maximized

2023-10-02 16:43:41 - [MESSAGE][PASSED] - Current window maximized

2023-10-02 16:43:41 - [TEST_STEP][PASSED] - navigateToUrl(RADurl): Navigate to 'https://demo.velocitypayment.com/client/rad/index.html' successfully

2023-10-02 16:43:43 - [MESSAGE][PASSED] - Navigate to 'https://demo.velocitypayment.com/client/rad/index.html' successfully

2023-10-02 16:43:43 - [TEST_STEP][PASSED] - orPath_Landing = "Object Repository/RAD_Pages/Landing_Page": null

2023-10-02 16:43:43 - [TEST_STEP][PASSED] - orPath_TaxTypeFilingYear = "Object Repository/RAD_Pages/TaxTypeFilingYear_Page": null

2023-10-02 16:43:43 - [TEST_STEP][PASSED] - orPath_TaxPayer = "Object Repository/RAD_Pages/Taxpayer_Page": null

2023-10-02 16:43:43 - [TEST_STEP][PASSED] - orPath_AddressContact = "Object Repository/RAD_Pages/AddressAndContactInfo_Page": null

2023-10-02 16:43:43 - [TEST_STEP][PASSED] - orPath_FilingStatus = "Object Repository/RAD_Pages/FilingStatus_Page": null

2023-10-02 16:43:43 - [TEST_STEP][PASSED] - orPath_Amount = "Object Repository/RAD_Pages/PaymentAmount_Page": null

2023-10-02 16:43:43 - [TEST_STEP][PASSED] - orPath_TaxInfo = "Object Repository/RAD_Pages/TaxInfo_Page": null

2023-10-02 16:43:43 - [TEST_STEP][PASSED] - selectOptionByLabel(findTestObject(orPath_Landing + "/dd_TaxType"), Paymenttype, false): All options with label 'Extension Payments' are selected in object 'Object Repository/RAD_Pages/Landing_Page/dd_TaxType' 

2023-10-02 16:43:44 - [MESSAGE][PASSED] - All options with label 'Extension Payments' are selected in object 'Object Repository/RAD_Pages/Landing_Page/dd_TaxType' 

2023-10-02 16:43:44 - [TEST_STEP][PASSED] - delay(1): Delayed 1 second(s)

2023-10-02 16:43:45 - [MESSAGE][PASSED] - Delayed 1 second(s)

2023-10-02 16:43:45 - [TEST_STEP][PASSED] - switch (Paymenttype): null

2023-10-02 16:43:45 - [TEST_STEP][PASSED] - case "Extension Payments":: null

2023-10-02 16:43:45 - [TEST_STEP][PASSED] - selectOptionByLabel(findTestObject(orPath_TaxTypeFilingYear + "/select_PaymentType"), Taxtype, false): All options with label 'Personal Income Tax' are selected in object 'Object Repository/RAD_Pages/TaxTypeFilingYear_Page/select_PaymentType' 

2023-10-02 16:43:45 - [MESSAGE][PASSED] - All options with label 'Personal Income Tax' are selected in object 'Object Repository/RAD_Pages/TaxTypeFilingYear_Page/select_PaymentType' 

2023-10-02 16:43:45 - [TEST_STEP][PASSED] - break: null

2023-10-02 16:43:45 - [TEST_STEP][PASSED] - delay(1): Delayed 1 second(s)

2023-10-02 16:43:46 - [MESSAGE][PASSED] - Delayed 1 second(s)

2023-10-02 16:43:46 - [TEST_STEP][PASSED] - scrollToElement(findTestObject(orPath_TaxPayer + "/input_firstName"), 3): Scroll to object 'Object Repository/RAD_Pages/Taxpayer_Page/input_firstName' successfully

2023-10-02 16:43:47 - [MESSAGE][PASSED] - Scroll to object 'Object Repository/RAD_Pages/Taxpayer_Page/input_firstName' successfully

2023-10-02 16:43:47 - [TEST_STEP][PASSED] - switch (Paymenttype): null

2023-10-02 16:43:47 - [TEST_STEP][PASSED] - case "Extension Payments":: null

2023-10-02 16:43:47 - [TEST_STEP][PASSED] - setText(findTestObject("RAD_RecordAndPlay/input_concatSSN"), "111111111"): Text '111111111' is set on object 'Object Repository/RAD_RecordAndPlay/input_concatSSN'

2023-10-02 16:43:47 - [MESSAGE][PASSED] - Text '111111111' is set on object 'Object Repository/RAD_RecordAndPlay/input_concatSSN'

2023-10-02 16:43:48 - [TEST_STEP][PASSED] - setText(findTestObject("RAD_RecordAndPlay/input_concatReSSN"), "222222222"): Text '222222222' is set on object 'Object Repository/RAD_RecordAndPlay/input_concatReSSN'

2023-10-02 16:43:49 - [MESSAGE][PASSED] - Text '222222222' is set on object 'Object Repository/RAD_RecordAndPlay/input_concatReSSN'

2023-10-02 16:43:49 - [TEST_STEP][PASSED] - setText(findTestObject(orPath_TaxPayer + "/input_lastName"), "Anderson"): Text 'Anderson' is set on object 'Object Repository/RAD_Pages/Taxpayer_Page/input_lastName'

2023-10-02 16:43:51 - [MESSAGE][PASSED] - Text 'Anderson' is set on object 'Object Repository/RAD_Pages/Taxpayer_Page/input_lastName'

2023-10-02 16:43:51 - [TEST_STEP][PASSED] - break: null

2023-10-02 16:43:51 - [TEST_STEP][PASSED] - delay(2): Delayed 2 second(s)

2023-10-02 16:43:53 - [MESSAGE][PASSED] - Delayed 2 second(s)

2023-10-02 16:43:53 - [TEST_STEP][PASSED] - if (verifyTextPresent("The SSN and Re-type SSN do not match", true)): null

2023-10-02 16:43:53 - [MESSAGE][PASSED] - Text 'The SSN and Re-type SSN do not match' is present on page  using regular expression

2023-10-02 16:43:53 - [TEST_STEP][PASSED] - println("Taxpayer SSN Dont match text is present"): null

2023-10-02 16:43:53 - [TEST_STEP][PASSED] - out.println("Pass Record Number: " + row): null

2023-10-02 16:43:53 - [TEST_STEP][PASSED] - resText = "Pass": null

2023-10-02 16:43:53 - [TEST_STEP][PASSED] - pages.WriteExcel.demoKey(resText, datText, resColumn, datCloumn, fileLoc, nameSheet, row): pages.WriteExcel.demoKey is PASSED

2023-10-02 16:43:53 - [MESSAGE][PASSED] - pages.WriteExcel.demoKey is PASSED

2023-10-02 16:43:53 - [TEST_STEP][PASSED] - ExecuteTC = findTestData(dataFile).getValue("Execute", row): null

2023-10-02 16:43:53 - [TEST_STEP][PASSED] - Taxtype = findTestData(dataFile).getValue("TaxType", row): null

2023-10-02 16:43:53 - [TEST_STEP][PASSED] - Paymenttype = findTestData(dataFile).getValue("PaymentType", row): null

2023-10-02 16:43:53 - [TEST_STEP][PASSED] - out.println("Value of Execute is : " + ExecuteTC): null

2023-10-02 16:43:53 - [TEST_STEP][PASSED] - if (ExecuteTC.equalsIgnoreCase("Y")): null

2023-10-02 16:43:53 - [TEST_STEP][PASSED] - out.println("Begin Record Number: " + row): null

2023-10-02 16:43:53 - [TEST_STEP][PASSED] - today = new java.util.Date(): null

2023-10-02 16:43:53 - [TEST_STEP][PASSED] - println(today): null

2023-10-02 16:43:53 - [TEST_STEP][PASSED] - datText = today: null

2023-10-02 16:43:53 - [TEST_STEP][PASSED] - Taxtype = findTestData(dataFile).getValue("TaxType", row): null

2023-10-02 16:43:53 - [TEST_STEP][PASSED] - out.println("Taxtype value is : " + Taxtype): null

2023-10-02 16:43:53 - [TEST_STEP][PASSED] - openBrowser(""): Browser is opened with url: ''

2023-10-02 16:43:53 - [MESSAGE][WARNING] - A browser is already opened. Closing browser and opening a new one

2023-10-02 16:43:54 - [MESSAGE][INFO] - Starting 'Chrome' driver

2023-10-02 16:43:54 - [MESSAGE][INFO] - User set preference: ['acceptInsecureCerts', 'true']

2023-10-02 16:43:54 - [MESSAGE][INFO] - Action delay is set to 0 milliseconds

2023-10-02 16:43:55 - [MESSAGE][PASSED] - Browser is opened with url: ''

2023-10-02 16:43:55 - [TEST_STEP][PASSED] - maximizeWindow(): Current window maximized

2023-10-02 16:43:56 - [MESSAGE][PASSED] - Current window maximized

2023-10-02 16:43:56 - [TEST_STEP][PASSED] - navigateToUrl(RADurl): Navigate to 'https://demo.velocitypayment.com/client/rad/index.html' successfully

2023-10-02 16:43:58 - [MESSAGE][PASSED] - Navigate to 'https://demo.velocitypayment.com/client/rad/index.html' successfully

2023-10-02 16:43:58 - [TEST_STEP][PASSED] - orPath_Landing = "Object Repository/RAD_Pages/Landing_Page": null

2023-10-02 16:43:58 - [TEST_STEP][PASSED] - orPath_TaxTypeFilingYear = "Object Repository/RAD_Pages/TaxTypeFilingYear_Page": null

2023-10-02 16:43:58 - [TEST_STEP][PASSED] - orPath_TaxPayer = "Object Repository/RAD_Pages/Taxpayer_Page": null

2023-10-02 16:43:58 - [TEST_STEP][PASSED] - orPath_AddressContact = "Object Repository/RAD_Pages/AddressAndContactInfo_Page": null

2023-10-02 16:43:58 - [TEST_STEP][PASSED] - orPath_FilingStatus = "Object Repository/RAD_Pages/FilingStatus_Page": null

2023-10-02 16:43:58 - [TEST_STEP][PASSED] - orPath_Amount = "Object Repository/RAD_Pages/PaymentAmount_Page": null

2023-10-02 16:43:58 - [TEST_STEP][PASSED] - orPath_TaxInfo = "Object Repository/RAD_Pages/TaxInfo_Page": null

2023-10-02 16:43:58 - [TEST_STEP][PASSED] - selectOptionByLabel(findTestObject(orPath_Landing + "/dd_TaxType"), Paymenttype, false): All options with label 'New Tax Return Amount Due' are selected in object 'Object Repository/RAD_Pages/Landing_Page/dd_TaxType' 

2023-10-02 16:43:58 - [MESSAGE][PASSED] - All options with label 'New Tax Return Amount Due' are selected in object 'Object Repository/RAD_Pages/Landing_Page/dd_TaxType' 

2023-10-02 16:43:58 - [TEST_STEP][PASSED] - delay(1): Delayed 1 second(s)

2023-10-02 16:43:59 - [MESSAGE][PASSED] - Delayed 1 second(s)

2023-10-02 16:43:59 - [TEST_STEP][PASSED] - switch (Paymenttype): null

2023-10-02 16:43:59 - [TEST_STEP][PASSED] - case "New Tax Return Amount Due":: null

2023-10-02 16:43:59 - [TEST_STEP][PASSED] - selectOptionByLabel(findTestObject("Object Repository/RAD_Pages/Landing_Page/select_NewTaxReturnAmountDue_TaxType"), Taxtype, false): All options with label 'Personal Income Tax' are selected in object 'Object Repository/RAD_Pages/Landing_Page/select_NewTaxReturnAmountDue_TaxType' 

2023-10-02 16:44:00 - [MESSAGE][PASSED] - All options with label 'Personal Income Tax' are selected in object 'Object Repository/RAD_Pages/Landing_Page/select_NewTaxReturnAmountDue_TaxType' 

2023-10-02 16:44:00 - [TEST_STEP][PASSED] - break: null

2023-10-02 16:44:00 - [TEST_STEP][PASSED] - delay(1): Delayed 1 second(s)

2023-10-02 16:44:01 - [MESSAGE][PASSED] - Delayed 1 second(s)

2023-10-02 16:44:01 - [TEST_STEP][PASSED] - scrollToElement(findTestObject(orPath_TaxPayer + "/input_firstName"), 3): Scroll to object 'Object Repository/RAD_Pages/Taxpayer_Page/input_firstName' successfully

2023-10-02 16:44:01 - [MESSAGE][PASSED] - Scroll to object 'Object Repository/RAD_Pages/Taxpayer_Page/input_firstName' successfully

2023-10-02 16:44:01 - [TEST_STEP][PASSED] - switch (Paymenttype): null

2023-10-02 16:44:01 - [TEST_STEP][PASSED] - case "New Tax Return Amount Due":: null

2023-10-02 16:44:01 - [TEST_STEP][PASSED] - setText(findTestObject("RAD_RecordAndPlay/input_concatSSN"), "111111111"): Text '111111111' is set on object 'Object Repository/RAD_RecordAndPlay/input_concatSSN'

2023-10-02 16:44:03 - [MESSAGE][PASSED] - Text '111111111' is set on object 'Object Repository/RAD_RecordAndPlay/input_concatSSN'

2023-10-02 16:44:03 - [TEST_STEP][PASSED] - setText(findTestObject("RAD_RecordAndPlay/input_concatReSSN"), "222222222"): Text '222222222' is set on object 'Object Repository/RAD_RecordAndPlay/input_concatReSSN'

2023-10-02 16:44:04 - [MESSAGE][PASSED] - Text '222222222' is set on object 'Object Repository/RAD_RecordAndPlay/input_concatReSSN'

2023-10-02 16:44:04 - [TEST_STEP][PASSED] - setText(findTestObject(orPath_TaxPayer + "/input_lastName"), "Anderson"): Text 'Anderson' is set on object 'Object Repository/RAD_Pages/Taxpayer_Page/input_lastName'

2023-10-02 16:44:05 - [MESSAGE][PASSED] - Text 'Anderson' is set on object 'Object Repository/RAD_Pages/Taxpayer_Page/input_lastName'

2023-10-02 16:44:05 - [TEST_STEP][PASSED] - break: null

2023-10-02 16:44:05 - [TEST_STEP][PASSED] - delay(2): Delayed 2 second(s)

2023-10-02 16:44:07 - [MESSAGE][PASSED] - Delayed 2 second(s)

2023-10-02 16:44:07 - [TEST_STEP][PASSED] - if (verifyTextPresent("The SSN and Re-type SSN do not match", true)): null

2023-10-02 16:44:07 - [MESSAGE][PASSED] - Text 'The SSN and Re-type SSN do not match' is present on page  using regular expression

2023-10-02 16:44:07 - [TEST_STEP][PASSED] - println("Taxpayer SSN Dont match text is present"): null

2023-10-02 16:44:07 - [TEST_STEP][PASSED] - out.println("Pass Record Number: " + row): null

2023-10-02 16:44:07 - [TEST_STEP][PASSED] - resText = "Pass": null

2023-10-02 16:44:07 - [TEST_STEP][PASSED] - pages.WriteExcel.demoKey(resText, datText, resColumn, datCloumn, fileLoc, nameSheet, row): pages.WriteExcel.demoKey is PASSED

2023-10-02 16:44:07 - [MESSAGE][PASSED] - pages.WriteExcel.demoKey is PASSED]]></system-out>
         <system-err><![CDATA[]]></system-err>
      </testcase>
      <testcase name="Test Cases/RAD_TestCases/Negative_TestCases/SSNmoreThan9Error" time="51.073" classname="Test Cases/RAD_TestCases/Negative_TestCases/SSNmoreThan9Error" status="PASSED">
         <system-out><![CDATA[2023-10-02 16:44:07 - [TEST_CASE][PASSED] - Test Cases/RAD_TestCases/Negative_TestCases/SSNmoreThan9Error: Test Cases/RAD_TestCases/Negative_TestCases/SSNmoreThan9Error

2023-10-02 16:44:08 - [TEST_STEP][PASSED] - resText = "Fail": null

2023-10-02 16:44:08 - [TEST_STEP][PASSED] - resColumn = "Result": null

2023-10-02 16:44:08 - [TEST_STEP][PASSED] - datCloumn = "Date": null

2023-10-02 16:44:08 - [TEST_STEP][PASSED] - fileLoc = "KatalonData/RADTestData/SSNmoreThan9Error.xlsx": null

2023-10-02 16:44:08 - [TEST_STEP][PASSED] - nameSheet = "Sheet1": null

2023-10-02 16:44:08 - [TEST_STEP][PASSED] - dataFile = "RADTestData/SSNmoreThan9Error": null

2023-10-02 16:44:08 - [TEST_STEP][PASSED] - ExecuteTC = <not implemented yet for class: org.codehaus.groovy.ast.expr.EmptyExpression>: null

2023-10-02 16:44:08 - [TEST_STEP][PASSED] - Taxtype = <not implemented yet for class: org.codehaus.groovy.ast.expr.EmptyExpression>: null

2023-10-02 16:44:08 - [TEST_STEP][PASSED] - numOfRows = findTestData(dataFile).getRowNumbers(): null

2023-10-02 16:44:08 - [TEST_STEP][PASSED] - println("Number of Records: " + numOfRows): null

2023-10-02 16:44:08 - [TEST_STEP][PASSED] - for ([row = 1, row <= numOfRows, (row++)]): null

2023-10-02 16:44:08 - [TEST_STEP][PASSED] - ExecuteTC = findTestData(dataFile).getValue("Execute", row): null

2023-10-02 16:44:08 - [TEST_STEP][PASSED] - Taxtype = findTestData(dataFile).getValue("TaxType", row): null

2023-10-02 16:44:08 - [TEST_STEP][PASSED] - Paymenttype = findTestData(dataFile).getValue("PaymentType", row): null

2023-10-02 16:44:08 - [TEST_STEP][PASSED] - out.println("Value of Execute is : " + ExecuteTC): null

2023-10-02 16:44:08 - [TEST_STEP][PASSED] - if (ExecuteTC.equalsIgnoreCase("Y")): null

2023-10-02 16:44:08 - [TEST_STEP][PASSED] - out.println("Begin Record Number: " + row): null

2023-10-02 16:44:08 - [TEST_STEP][PASSED] - today = new java.util.Date(): null

2023-10-02 16:44:08 - [TEST_STEP][PASSED] - println(today): null

2023-10-02 16:44:08 - [TEST_STEP][PASSED] - datText = today: null

2023-10-02 16:44:08 - [TEST_STEP][PASSED] - Taxtype = findTestData(dataFile).getValue("TaxType", row): null

2023-10-02 16:44:08 - [TEST_STEP][PASSED] - out.println("Taxtype value is : " + Taxtype): null

2023-10-02 16:44:08 - [TEST_STEP][PASSED] - openBrowser(""): Browser is opened with url: ''

2023-10-02 16:44:08 - [MESSAGE][WARNING] - A browser is already opened. Closing browser and opening a new one

2023-10-02 16:44:09 - [MESSAGE][INFO] - Starting 'Chrome' driver

2023-10-02 16:44:09 - [MESSAGE][INFO] - User set preference: ['acceptInsecureCerts', 'true']

2023-10-02 16:44:09 - [MESSAGE][INFO] - Action delay is set to 0 milliseconds

2023-10-02 16:44:10 - [MESSAGE][PASSED] - Browser is opened with url: ''

2023-10-02 16:44:10 - [TEST_STEP][PASSED] - maximizeWindow(): Current window maximized

2023-10-02 16:44:10 - [MESSAGE][PASSED] - Current window maximized

2023-10-02 16:44:10 - [TEST_STEP][PASSED] - navigateToUrl(RADurl): Navigate to 'https://demo.velocitypayment.com/client/rad/index.html' successfully

2023-10-02 16:44:12 - [MESSAGE][PASSED] - Navigate to 'https://demo.velocitypayment.com/client/rad/index.html' successfully

2023-10-02 16:44:12 - [TEST_STEP][PASSED] - orPath_Landing = "Object Repository/RAD_Pages/Landing_Page": null

2023-10-02 16:44:12 - [TEST_STEP][PASSED] - orPath_TaxTypeFilingYear = "Object Repository/RAD_Pages/TaxTypeFilingYear_Page": null

2023-10-02 16:44:12 - [TEST_STEP][PASSED] - orPath_TaxPayer = "Object Repository/RAD_Pages/Taxpayer_Page": null

2023-10-02 16:44:12 - [TEST_STEP][PASSED] - orPath_AddressContact = "Object Repository/RAD_Pages/AddressAndContactInfo_Page": null

2023-10-02 16:44:12 - [TEST_STEP][PASSED] - orPath_FilingStatus = "Object Repository/RAD_Pages/FilingStatus_Page": null

2023-10-02 16:44:12 - [TEST_STEP][PASSED] - orPath_Amount = "Object Repository/RAD_Pages/PaymentAmount_Page": null

2023-10-02 16:44:12 - [TEST_STEP][PASSED] - orPath_TaxInfo = "Object Repository/RAD_Pages/TaxInfo_Page": null

2023-10-02 16:44:12 - [TEST_STEP][PASSED] - selectOptionByLabel(findTestObject(orPath_Landing + "/dd_TaxType"), Paymenttype, false): All options with label 'Existing Liability w/Notice Number' are selected in object 'Object Repository/RAD_Pages/Landing_Page/dd_TaxType' 

2023-10-02 16:44:13 - [MESSAGE][PASSED] - All options with label 'Existing Liability w/Notice Number' are selected in object 'Object Repository/RAD_Pages/Landing_Page/dd_TaxType' 

2023-10-02 16:44:13 - [TEST_STEP][PASSED] - delay(1): Delayed 1 second(s)

2023-10-02 16:44:14 - [MESSAGE][PASSED] - Delayed 1 second(s)

2023-10-02 16:44:14 - [TEST_STEP][PASSED] - switch (Paymenttype): null

2023-10-02 16:44:14 - [TEST_STEP][PASSED] - case "Existing Liability w/Notice Number":: null

2023-10-02 16:44:14 - [TEST_STEP][PASSED] - selectOptionByLabel(findTestObject(orPath_TaxTypeFilingYear + "/select_TaxType_ExistingLiability"), Taxtype, false): All options with label 'Personal Income Tax' are selected in object 'Object Repository/RAD_Pages/TaxTypeFilingYear_Page/select_TaxType_ExistingLiability' 

2023-10-02 16:44:15 - [MESSAGE][PASSED] - All options with label 'Personal Income Tax' are selected in object 'Object Repository/RAD_Pages/TaxTypeFilingYear_Page/select_TaxType_ExistingLiability' 

2023-10-02 16:44:15 - [TEST_STEP][PASSED] - break: null

2023-10-02 16:44:15 - [TEST_STEP][PASSED] - delay(1): Delayed 1 second(s)

2023-10-02 16:44:16 - [MESSAGE][PASSED] - Delayed 1 second(s)

2023-10-02 16:44:16 - [TEST_STEP][PASSED] - scrollToElement(findTestObject(orPath_TaxPayer + "/input_firstName"), 3): Scroll to object 'Object Repository/RAD_Pages/Taxpayer_Page/input_firstName' successfully

2023-10-02 16:44:16 - [MESSAGE][PASSED] - Scroll to object 'Object Repository/RAD_Pages/Taxpayer_Page/input_firstName' successfully

2023-10-02 16:44:16 - [TEST_STEP][PASSED] - switch (Paymenttype): null

2023-10-02 16:44:16 - [TEST_STEP][PASSED] - case "Existing Liability w/Notice Number":: null

2023-10-02 16:44:16 - [TEST_STEP][PASSED] - setText(findTestObject(orPath_TaxInfo + "/input_Existing_SSN"), "1111111111"): Text '1111111111' is set on object 'Object Repository/RAD_Pages/TaxInfo_Page/input_Existing_SSN'

2023-10-02 16:44:17 - [MESSAGE][PASSED] - Text '1111111111' is set on object 'Object Repository/RAD_Pages/TaxInfo_Page/input_Existing_SSN'

2023-10-02 16:44:18 - [TEST_STEP][PASSED] - setText(findTestObject(orPath_TaxInfo + "/input_Existing_RetypeSSN"), ""): Text '' is set on object 'Object Repository/RAD_Pages/TaxInfo_Page/input_Existing_RetypeSSN'

2023-10-02 16:44:18 - [MESSAGE][PASSED] - Text '' is set on object 'Object Repository/RAD_Pages/TaxInfo_Page/input_Existing_RetypeSSN'

2023-10-02 16:44:18 - [TEST_STEP][PASSED] - break: null

2023-10-02 16:44:18 - [TEST_STEP][PASSED] - delay(2): Delayed 2 second(s)

2023-10-02 16:44:20 - [MESSAGE][PASSED] - Delayed 2 second(s)

2023-10-02 16:44:20 - [TEST_STEP][PASSED] - if (verifyTextPresent("Please enter a valid SSN with 9 digits", true)): null

2023-10-02 16:44:21 - [MESSAGE][PASSED] - Text 'Please enter a valid SSN with 9 digits' is present on page  using regular expression

2023-10-02 16:44:21 - [TEST_STEP][PASSED] - println("Please enter a valid SSN with 9 digits"): null

2023-10-02 16:44:21 - [TEST_STEP][PASSED] - out.println("Pass Record Number: " + row): null

2023-10-02 16:44:21 - [TEST_STEP][PASSED] - resText = "Pass": null

2023-10-02 16:44:21 - [TEST_STEP][PASSED] - pages.WriteExcel.demoKey(resText, datText, resColumn, datCloumn, fileLoc, nameSheet, row): pages.WriteExcel.demoKey is PASSED

2023-10-02 16:44:21 - [MESSAGE][PASSED] - pages.WriteExcel.demoKey is PASSED

2023-10-02 16:44:21 - [TEST_STEP][PASSED] - ExecuteTC = findTestData(dataFile).getValue("Execute", row): null

2023-10-02 16:44:21 - [TEST_STEP][PASSED] - Taxtype = findTestData(dataFile).getValue("TaxType", row): null

2023-10-02 16:44:21 - [TEST_STEP][PASSED] - Paymenttype = findTestData(dataFile).getValue("PaymentType", row): null

2023-10-02 16:44:21 - [TEST_STEP][PASSED] - out.println("Value of Execute is : " + ExecuteTC): null

2023-10-02 16:44:21 - [TEST_STEP][PASSED] - if (ExecuteTC.equalsIgnoreCase("Y")): null

2023-10-02 16:44:21 - [TEST_STEP][PASSED] - out.println("Begin Record Number: " + row): null

2023-10-02 16:44:21 - [TEST_STEP][PASSED] - today = new java.util.Date(): null

2023-10-02 16:44:21 - [TEST_STEP][PASSED] - println(today): null

2023-10-02 16:44:21 - [TEST_STEP][PASSED] - datText = today: null

2023-10-02 16:44:21 - [TEST_STEP][PASSED] - Taxtype = findTestData(dataFile).getValue("TaxType", row): null

2023-10-02 16:44:21 - [TEST_STEP][PASSED] - out.println("Taxtype value is : " + Taxtype): null

2023-10-02 16:44:21 - [TEST_STEP][PASSED] - openBrowser(""): Browser is opened with url: ''

2023-10-02 16:44:21 - [MESSAGE][WARNING] - A browser is already opened. Closing browser and opening a new one

2023-10-02 16:44:22 - [MESSAGE][INFO] - Starting 'Chrome' driver

2023-10-02 16:44:22 - [MESSAGE][INFO] - User set preference: ['acceptInsecureCerts', 'true']

2023-10-02 16:44:22 - [MESSAGE][INFO] - Action delay is set to 0 milliseconds

2023-10-02 16:44:23 - [MESSAGE][PASSED] - Browser is opened with url: ''

2023-10-02 16:44:23 - [TEST_STEP][PASSED] - maximizeWindow(): Current window maximized

2023-10-02 16:44:23 - [MESSAGE][PASSED] - Current window maximized

2023-10-02 16:44:23 - [TEST_STEP][PASSED] - navigateToUrl(RADurl): Navigate to 'https://demo.velocitypayment.com/client/rad/index.html' successfully

2023-10-02 16:44:25 - [MESSAGE][PASSED] - Navigate to 'https://demo.velocitypayment.com/client/rad/index.html' successfully

2023-10-02 16:44:25 - [TEST_STEP][PASSED] - orPath_Landing = "Object Repository/RAD_Pages/Landing_Page": null

2023-10-02 16:44:25 - [TEST_STEP][PASSED] - orPath_TaxTypeFilingYear = "Object Repository/RAD_Pages/TaxTypeFilingYear_Page": null

2023-10-02 16:44:25 - [TEST_STEP][PASSED] - orPath_TaxPayer = "Object Repository/RAD_Pages/Taxpayer_Page": null

2023-10-02 16:44:25 - [TEST_STEP][PASSED] - orPath_AddressContact = "Object Repository/RAD_Pages/AddressAndContactInfo_Page": null

2023-10-02 16:44:25 - [TEST_STEP][PASSED] - orPath_FilingStatus = "Object Repository/RAD_Pages/FilingStatus_Page": null

2023-10-02 16:44:25 - [TEST_STEP][PASSED] - orPath_Amount = "Object Repository/RAD_Pages/PaymentAmount_Page": null

2023-10-02 16:44:25 - [TEST_STEP][PASSED] - orPath_TaxInfo = "Object Repository/RAD_Pages/TaxInfo_Page": null

2023-10-02 16:44:25 - [TEST_STEP][PASSED] - selectOptionByLabel(findTestObject(orPath_Landing + "/dd_TaxType"), Paymenttype, false): All options with label 'Quarterly Estimated Tax' are selected in object 'Object Repository/RAD_Pages/Landing_Page/dd_TaxType' 

2023-10-02 16:44:26 - [MESSAGE][PASSED] - All options with label 'Quarterly Estimated Tax' are selected in object 'Object Repository/RAD_Pages/Landing_Page/dd_TaxType' 

2023-10-02 16:44:26 - [TEST_STEP][PASSED] - delay(1): Delayed 1 second(s)

2023-10-02 16:44:27 - [MESSAGE][PASSED] - Delayed 1 second(s)

2023-10-02 16:44:27 - [TEST_STEP][PASSED] - switch (Paymenttype): null

2023-10-02 16:44:27 - [TEST_STEP][PASSED] - case "Quarterly Estimated Tax":: null

2023-10-02 16:44:27 - [TEST_STEP][PASSED] - selectOptionByLabel(findTestObject(orPath_TaxTypeFilingYear + "/select_PaymentType"), Taxtype, false): All options with label 'Personal Income Tax' are selected in object 'Object Repository/RAD_Pages/TaxTypeFilingYear_Page/select_PaymentType' 

2023-10-02 16:44:28 - [MESSAGE][PASSED] - All options with label 'Personal Income Tax' are selected in object 'Object Repository/RAD_Pages/TaxTypeFilingYear_Page/select_PaymentType' 

2023-10-02 16:44:28 - [TEST_STEP][PASSED] - break: null

2023-10-02 16:44:28 - [TEST_STEP][PASSED] - delay(1): Delayed 1 second(s)

2023-10-02 16:44:29 - [MESSAGE][PASSED] - Delayed 1 second(s)

2023-10-02 16:44:29 - [TEST_STEP][PASSED] - scrollToElement(findTestObject(orPath_TaxPayer + "/input_firstName"), 3): Scroll to object 'Object Repository/RAD_Pages/Taxpayer_Page/input_firstName' successfully

2023-10-02 16:44:29 - [MESSAGE][PASSED] - Scroll to object 'Object Repository/RAD_Pages/Taxpayer_Page/input_firstName' successfully

2023-10-02 16:44:29 - [TEST_STEP][PASSED] - switch (Paymenttype): null

2023-10-02 16:44:29 - [TEST_STEP][PASSED] - case "Quarterly Estimated Tax":: null

2023-10-02 16:44:29 - [TEST_STEP][PASSED] - setText(findTestObject("RAD_RecordAndPlay/input_concatSSN"), "1111111111"): Text '1111111111' is set on object 'Object Repository/RAD_RecordAndPlay/input_concatSSN'

2023-10-02 16:44:30 - [MESSAGE][PASSED] - Text '1111111111' is set on object 'Object Repository/RAD_RecordAndPlay/input_concatSSN'

2023-10-02 16:44:31 - [TEST_STEP][PASSED] - setText(findTestObject("RAD_RecordAndPlay/input_concatReSSN"), ""): Text '' is set on object 'Object Repository/RAD_RecordAndPlay/input_concatReSSN'

2023-10-02 16:44:31 - [MESSAGE][PASSED] - Text '' is set on object 'Object Repository/RAD_RecordAndPlay/input_concatReSSN'

2023-10-02 16:44:31 - [TEST_STEP][PASSED] - break: null

2023-10-02 16:44:31 - [TEST_STEP][PASSED] - delay(2): Delayed 2 second(s)

2023-10-02 16:44:33 - [MESSAGE][PASSED] - Delayed 2 second(s)

2023-10-02 16:44:33 - [TEST_STEP][PASSED] - if (verifyTextPresent("Please enter a valid SSN with 9 digits", true)): null

2023-10-02 16:44:34 - [MESSAGE][PASSED] - Text 'Please enter a valid SSN with 9 digits' is present on page  using regular expression

2023-10-02 16:44:34 - [TEST_STEP][PASSED] - println("Please enter a valid SSN with 9 digits"): null

2023-10-02 16:44:34 - [TEST_STEP][PASSED] - out.println("Pass Record Number: " + row): null

2023-10-02 16:44:34 - [TEST_STEP][PASSED] - resText = "Pass": null

2023-10-02 16:44:34 - [TEST_STEP][PASSED] - pages.WriteExcel.demoKey(resText, datText, resColumn, datCloumn, fileLoc, nameSheet, row): pages.WriteExcel.demoKey is PASSED

2023-10-02 16:44:34 - [MESSAGE][PASSED] - pages.WriteExcel.demoKey is PASSED

2023-10-02 16:44:34 - [TEST_STEP][PASSED] - ExecuteTC = findTestData(dataFile).getValue("Execute", row): null

2023-10-02 16:44:34 - [TEST_STEP][PASSED] - Taxtype = findTestData(dataFile).getValue("TaxType", row): null

2023-10-02 16:44:34 - [TEST_STEP][PASSED] - Paymenttype = findTestData(dataFile).getValue("PaymentType", row): null

2023-10-02 16:44:34 - [TEST_STEP][PASSED] - out.println("Value of Execute is : " + ExecuteTC): null

2023-10-02 16:44:34 - [TEST_STEP][PASSED] - if (ExecuteTC.equalsIgnoreCase("Y")): null

2023-10-02 16:44:34 - [TEST_STEP][PASSED] - out.println("Begin Record Number: " + row): null

2023-10-02 16:44:34 - [TEST_STEP][PASSED] - today = new java.util.Date(): null

2023-10-02 16:44:34 - [TEST_STEP][PASSED] - println(today): null

2023-10-02 16:44:34 - [TEST_STEP][PASSED] - datText = today: null

2023-10-02 16:44:34 - [TEST_STEP][PASSED] - Taxtype = findTestData(dataFile).getValue("TaxType", row): null

2023-10-02 16:44:34 - [TEST_STEP][PASSED] - out.println("Taxtype value is : " + Taxtype): null

2023-10-02 16:44:34 - [TEST_STEP][PASSED] - openBrowser(""): Browser is opened with url: ''

2023-10-02 16:44:34 - [MESSAGE][WARNING] - A browser is already opened. Closing browser and opening a new one

2023-10-02 16:44:35 - [MESSAGE][INFO] - Starting 'Chrome' driver

2023-10-02 16:44:35 - [MESSAGE][INFO] - User set preference: ['acceptInsecureCerts', 'true']

2023-10-02 16:44:35 - [MESSAGE][INFO] - Action delay is set to 0 milliseconds

2023-10-02 16:44:36 - [MESSAGE][PASSED] - Browser is opened with url: ''

2023-10-02 16:44:36 - [TEST_STEP][PASSED] - maximizeWindow(): Current window maximized

2023-10-02 16:44:36 - [MESSAGE][PASSED] - Current window maximized

2023-10-02 16:44:36 - [TEST_STEP][PASSED] - navigateToUrl(RADurl): Navigate to 'https://demo.velocitypayment.com/client/rad/index.html' successfully

2023-10-02 16:44:38 - [MESSAGE][PASSED] - Navigate to 'https://demo.velocitypayment.com/client/rad/index.html' successfully

2023-10-02 16:44:38 - [TEST_STEP][PASSED] - orPath_Landing = "Object Repository/RAD_Pages/Landing_Page": null

2023-10-02 16:44:38 - [TEST_STEP][PASSED] - orPath_TaxTypeFilingYear = "Object Repository/RAD_Pages/TaxTypeFilingYear_Page": null

2023-10-02 16:44:38 - [TEST_STEP][PASSED] - orPath_TaxPayer = "Object Repository/RAD_Pages/Taxpayer_Page": null

2023-10-02 16:44:38 - [TEST_STEP][PASSED] - orPath_AddressContact = "Object Repository/RAD_Pages/AddressAndContactInfo_Page": null

2023-10-02 16:44:38 - [TEST_STEP][PASSED] - orPath_FilingStatus = "Object Repository/RAD_Pages/FilingStatus_Page": null

2023-10-02 16:44:38 - [TEST_STEP][PASSED] - orPath_Amount = "Object Repository/RAD_Pages/PaymentAmount_Page": null

2023-10-02 16:44:38 - [TEST_STEP][PASSED] - orPath_TaxInfo = "Object Repository/RAD_Pages/TaxInfo_Page": null

2023-10-02 16:44:38 - [TEST_STEP][PASSED] - selectOptionByLabel(findTestObject(orPath_Landing + "/dd_TaxType"), Paymenttype, false): All options with label 'Extension Payments' are selected in object 'Object Repository/RAD_Pages/Landing_Page/dd_TaxType' 

2023-10-02 16:44:38 - [MESSAGE][PASSED] - All options with label 'Extension Payments' are selected in object 'Object Repository/RAD_Pages/Landing_Page/dd_TaxType' 

2023-10-02 16:44:38 - [TEST_STEP][PASSED] - delay(1): Delayed 1 second(s)

2023-10-02 16:44:39 - [MESSAGE][PASSED] - Delayed 1 second(s)

2023-10-02 16:44:39 - [TEST_STEP][PASSED] - switch (Paymenttype): null

2023-10-02 16:44:39 - [TEST_STEP][PASSED] - case "Extension Payments":: null

2023-10-02 16:44:39 - [TEST_STEP][PASSED] - selectOptionByLabel(findTestObject(orPath_TaxTypeFilingYear + "/select_PaymentType"), Taxtype, false): All options with label 'Personal Income Tax' are selected in object 'Object Repository/RAD_Pages/TaxTypeFilingYear_Page/select_PaymentType' 

2023-10-02 16:44:40 - [MESSAGE][PASSED] - All options with label 'Personal Income Tax' are selected in object 'Object Repository/RAD_Pages/TaxTypeFilingYear_Page/select_PaymentType' 

2023-10-02 16:44:40 - [TEST_STEP][PASSED] - break: null

2023-10-02 16:44:40 - [TEST_STEP][PASSED] - delay(1): Delayed 1 second(s)

2023-10-02 16:44:41 - [MESSAGE][PASSED] - Delayed 1 second(s)

2023-10-02 16:44:41 - [TEST_STEP][PASSED] - scrollToElement(findTestObject(orPath_TaxPayer + "/input_firstName"), 3): Scroll to object 'Object Repository/RAD_Pages/Taxpayer_Page/input_firstName' successfully

2023-10-02 16:44:41 - [MESSAGE][PASSED] - Scroll to object 'Object Repository/RAD_Pages/Taxpayer_Page/input_firstName' successfully

2023-10-02 16:44:41 - [TEST_STEP][PASSED] - switch (Paymenttype): null

2023-10-02 16:44:41 - [TEST_STEP][PASSED] - case "Extension Payments":: null

2023-10-02 16:44:41 - [TEST_STEP][PASSED] - setText(findTestObject("RAD_RecordAndPlay/input_concatSSN"), "1111111111"): Text '1111111111' is set on object 'Object Repository/RAD_RecordAndPlay/input_concatSSN'

2023-10-02 16:44:42 - [MESSAGE][PASSED] - Text '1111111111' is set on object 'Object Repository/RAD_RecordAndPlay/input_concatSSN'

2023-10-02 16:44:43 - [TEST_STEP][PASSED] - setText(findTestObject("RAD_RecordAndPlay/input_concatReSSN"), ""): Text '' is set on object 'Object Repository/RAD_RecordAndPlay/input_concatReSSN'

2023-10-02 16:44:44 - [MESSAGE][PASSED] - Text '' is set on object 'Object Repository/RAD_RecordAndPlay/input_concatReSSN'

2023-10-02 16:44:44 - [TEST_STEP][PASSED] - break: null

2023-10-02 16:44:44 - [TEST_STEP][PASSED] - delay(2): Delayed 2 second(s)

2023-10-02 16:44:46 - [MESSAGE][PASSED] - Delayed 2 second(s)

2023-10-02 16:44:46 - [TEST_STEP][PASSED] - if (verifyTextPresent("Please enter a valid SSN with 9 digits", true)): null

2023-10-02 16:44:46 - [MESSAGE][PASSED] - Text 'Please enter a valid SSN with 9 digits' is present on page  using regular expression

2023-10-02 16:44:46 - [TEST_STEP][PASSED] - println("Please enter a valid SSN with 9 digits"): null

2023-10-02 16:44:46 - [TEST_STEP][PASSED] - out.println("Pass Record Number: " + row): null

2023-10-02 16:44:46 - [TEST_STEP][PASSED] - resText = "Pass": null

2023-10-02 16:44:46 - [TEST_STEP][PASSED] - pages.WriteExcel.demoKey(resText, datText, resColumn, datCloumn, fileLoc, nameSheet, row): pages.WriteExcel.demoKey is PASSED

2023-10-02 16:44:46 - [MESSAGE][PASSED] - pages.WriteExcel.demoKey is PASSED

2023-10-02 16:44:46 - [TEST_STEP][PASSED] - ExecuteTC = findTestData(dataFile).getValue("Execute", row): null

2023-10-02 16:44:46 - [TEST_STEP][PASSED] - Taxtype = findTestData(dataFile).getValue("TaxType", row): null

2023-10-02 16:44:46 - [TEST_STEP][PASSED] - Paymenttype = findTestData(dataFile).getValue("PaymentType", row): null

2023-10-02 16:44:46 - [TEST_STEP][PASSED] - out.println("Value of Execute is : " + ExecuteTC): null

2023-10-02 16:44:46 - [TEST_STEP][PASSED] - if (ExecuteTC.equalsIgnoreCase("Y")): null

2023-10-02 16:44:46 - [TEST_STEP][PASSED] - out.println("Begin Record Number: " + row): null

2023-10-02 16:44:46 - [TEST_STEP][PASSED] - today = new java.util.Date(): null

2023-10-02 16:44:46 - [TEST_STEP][PASSED] - println(today): null

2023-10-02 16:44:46 - [TEST_STEP][PASSED] - datText = today: null

2023-10-02 16:44:46 - [TEST_STEP][PASSED] - Taxtype = findTestData(dataFile).getValue("TaxType", row): null

2023-10-02 16:44:46 - [TEST_STEP][PASSED] - out.println("Taxtype value is : " + Taxtype): null

2023-10-02 16:44:46 - [TEST_STEP][PASSED] - openBrowser(""): Browser is opened with url: ''

2023-10-02 16:44:46 - [MESSAGE][WARNING] - A browser is already opened. Closing browser and opening a new one

2023-10-02 16:44:47 - [MESSAGE][INFO] - Starting 'Chrome' driver

2023-10-02 16:44:47 - [MESSAGE][INFO] - User set preference: ['acceptInsecureCerts', 'true']

2023-10-02 16:44:47 - [MESSAGE][INFO] - Action delay is set to 0 milliseconds

2023-10-02 16:44:48 - [MESSAGE][PASSED] - Browser is opened with url: ''

2023-10-02 16:44:48 - [TEST_STEP][PASSED] - maximizeWindow(): Current window maximized

2023-10-02 16:44:49 - [MESSAGE][PASSED] - Current window maximized

2023-10-02 16:44:49 - [TEST_STEP][PASSED] - navigateToUrl(RADurl): Navigate to 'https://demo.velocitypayment.com/client/rad/index.html' successfully

2023-10-02 16:44:50 - [MESSAGE][PASSED] - Navigate to 'https://demo.velocitypayment.com/client/rad/index.html' successfully

2023-10-02 16:44:50 - [TEST_STEP][PASSED] - orPath_Landing = "Object Repository/RAD_Pages/Landing_Page": null

2023-10-02 16:44:50 - [TEST_STEP][PASSED] - orPath_TaxTypeFilingYear = "Object Repository/RAD_Pages/TaxTypeFilingYear_Page": null

2023-10-02 16:44:50 - [TEST_STEP][PASSED] - orPath_TaxPayer = "Object Repository/RAD_Pages/Taxpayer_Page": null

2023-10-02 16:44:50 - [TEST_STEP][PASSED] - orPath_AddressContact = "Object Repository/RAD_Pages/AddressAndContactInfo_Page": null

2023-10-02 16:44:50 - [TEST_STEP][PASSED] - orPath_FilingStatus = "Object Repository/RAD_Pages/FilingStatus_Page": null

2023-10-02 16:44:50 - [TEST_STEP][PASSED] - orPath_Amount = "Object Repository/RAD_Pages/PaymentAmount_Page": null

2023-10-02 16:44:50 - [TEST_STEP][PASSED] - orPath_TaxInfo = "Object Repository/RAD_Pages/TaxInfo_Page": null

2023-10-02 16:44:50 - [TEST_STEP][PASSED] - selectOptionByLabel(findTestObject(orPath_Landing + "/dd_TaxType"), Paymenttype, false): All options with label 'New Tax Return Amount Due' are selected in object 'Object Repository/RAD_Pages/Landing_Page/dd_TaxType' 

2023-10-02 16:44:51 - [MESSAGE][PASSED] - All options with label 'New Tax Return Amount Due' are selected in object 'Object Repository/RAD_Pages/Landing_Page/dd_TaxType' 

2023-10-02 16:44:51 - [TEST_STEP][PASSED] - delay(1): Delayed 1 second(s)

2023-10-02 16:44:52 - [MESSAGE][PASSED] - Delayed 1 second(s)

2023-10-02 16:44:52 - [TEST_STEP][PASSED] - switch (Paymenttype): null

2023-10-02 16:44:52 - [TEST_STEP][PASSED] - case "New Tax Return Amount Due":: null

2023-10-02 16:44:52 - [TEST_STEP][PASSED] - selectOptionByLabel(findTestObject("Object Repository/RAD_Pages/Landing_Page/select_NewTaxReturnAmountDue_TaxType"), Taxtype, false): All options with label 'Personal Income Tax' are selected in object 'Object Repository/RAD_Pages/Landing_Page/select_NewTaxReturnAmountDue_TaxType' 

2023-10-02 16:44:52 - [MESSAGE][PASSED] - All options with label 'Personal Income Tax' are selected in object 'Object Repository/RAD_Pages/Landing_Page/select_NewTaxReturnAmountDue_TaxType' 

2023-10-02 16:44:52 - [TEST_STEP][PASSED] - break: null

2023-10-02 16:44:52 - [TEST_STEP][PASSED] - delay(1): Delayed 1 second(s)

2023-10-02 16:44:53 - [MESSAGE][PASSED] - Delayed 1 second(s)

2023-10-02 16:44:53 - [TEST_STEP][PASSED] - scrollToElement(findTestObject(orPath_TaxPayer + "/input_firstName"), 3): Scroll to object 'Object Repository/RAD_Pages/Taxpayer_Page/input_firstName' successfully

2023-10-02 16:44:54 - [MESSAGE][PASSED] - Scroll to object 'Object Repository/RAD_Pages/Taxpayer_Page/input_firstName' successfully

2023-10-02 16:44:54 - [TEST_STEP][PASSED] - switch (Paymenttype): null

2023-10-02 16:44:54 - [TEST_STEP][PASSED] - case "New Tax Return Amount Due":: null

2023-10-02 16:44:54 - [TEST_STEP][PASSED] - setText(findTestObject("RAD_RecordAndPlay/input_concatSSN"), "1111111111"): Text '1111111111' is set on object 'Object Repository/RAD_RecordAndPlay/input_concatSSN'

2023-10-02 16:44:54 - [MESSAGE][PASSED] - Text '1111111111' is set on object 'Object Repository/RAD_RecordAndPlay/input_concatSSN'

2023-10-02 16:44:55 - [TEST_STEP][PASSED] - setText(findTestObject("RAD_RecordAndPlay/input_concatReSSN"), ""): Text '' is set on object 'Object Repository/RAD_RecordAndPlay/input_concatReSSN'

2023-10-02 16:44:56 - [MESSAGE][PASSED] - Text '' is set on object 'Object Repository/RAD_RecordAndPlay/input_concatReSSN'

2023-10-02 16:44:56 - [TEST_STEP][PASSED] - break: null

2023-10-02 16:44:56 - [TEST_STEP][PASSED] - delay(2): Delayed 2 second(s)

2023-10-02 16:44:58 - [MESSAGE][PASSED] - Delayed 2 second(s)

2023-10-02 16:44:58 - [TEST_STEP][PASSED] - if (verifyTextPresent("Please enter a valid SSN with 9 digits", true)): null

2023-10-02 16:44:58 - [MESSAGE][PASSED] - Text 'Please enter a valid SSN with 9 digits' is present on page  using regular expression

2023-10-02 16:44:58 - [TEST_STEP][PASSED] - println("Please enter a valid SSN with 9 digits"): null

2023-10-02 16:44:58 - [TEST_STEP][PASSED] - out.println("Pass Record Number: " + row): null

2023-10-02 16:44:58 - [TEST_STEP][PASSED] - resText = "Pass": null

2023-10-02 16:44:58 - [TEST_STEP][PASSED] - pages.WriteExcel.demoKey(resText, datText, resColumn, datCloumn, fileLoc, nameSheet, row): pages.WriteExcel.demoKey is PASSED

2023-10-02 16:44:58 - [MESSAGE][PASSED] - pages.WriteExcel.demoKey is PASSED]]></system-out>
         <system-err><![CDATA[]]></system-err>
      </testcase>
      <testcase name="Test Cases/RAD_TestCases/Negative_TestCases/JointFilerSSNnoMatch-NEW" time="44.594" classname="Test Cases/RAD_TestCases/Negative_TestCases/JointFilerSSNnoMatch-NEW" status="PASSED">
         <system-out><![CDATA[2023-10-02 16:44:58 - [TEST_CASE][PASSED] - Test Cases/RAD_TestCases/Negative_TestCases/JointFilerSSNnoMatch-NEW: Test Cases/RAD_TestCases/Negative_TestCases/JointFilerSSNnoMatch-NEW

2023-10-02 16:44:59 - [TEST_STEP][PASSED] - resText = "Fail": null

2023-10-02 16:44:59 - [TEST_STEP][PASSED] - resColumn = "Result": null

2023-10-02 16:44:59 - [TEST_STEP][PASSED] - datCloumn = "Date": null

2023-10-02 16:44:59 - [TEST_STEP][PASSED] - fileLoc = "KatalonData/RADTestData/JointFilerSSNnoMatch.xlsx": null

2023-10-02 16:44:59 - [TEST_STEP][PASSED] - nameSheet = "Sheet1": null

2023-10-02 16:44:59 - [TEST_STEP][PASSED] - dataFile = "RADTestData/JointFilerSSNnoMatch": null

2023-10-02 16:44:59 - [TEST_STEP][PASSED] - ExecuteTC = <not implemented yet for class: org.codehaus.groovy.ast.expr.EmptyExpression>: null

2023-10-02 16:44:59 - [TEST_STEP][PASSED] - Taxtype = <not implemented yet for class: org.codehaus.groovy.ast.expr.EmptyExpression>: null

2023-10-02 16:44:59 - [TEST_STEP][PASSED] - numOfRows = findTestData(dataFile).getRowNumbers(): null

2023-10-02 16:44:59 - [TEST_STEP][PASSED] - println("Number of Records: " + numOfRows): null

2023-10-02 16:44:59 - [TEST_STEP][PASSED] - for ([row = 1, row <= numOfRows, (row++)]): null

2023-10-02 16:44:59 - [TEST_STEP][PASSED] - ExecuteTC = findTestData(dataFile).getValue("Execute", row): null

2023-10-02 16:44:59 - [TEST_STEP][PASSED] - Taxtype = findTestData(dataFile).getValue("TaxType", row): null

2023-10-02 16:44:59 - [TEST_STEP][PASSED] - Paymenttype = findTestData(dataFile).getValue("PaymentType", row): null

2023-10-02 16:44:59 - [TEST_STEP][PASSED] - out.println("Value of Execute is : " + ExecuteTC): null

2023-10-02 16:44:59 - [TEST_STEP][PASSED] - if (ExecuteTC.equalsIgnoreCase("Y")): null

2023-10-02 16:44:59 - [TEST_STEP][PASSED] - out.println("Begin Record Number: " + row): null

2023-10-02 16:44:59 - [TEST_STEP][PASSED] - today = new java.util.Date(): null

2023-10-02 16:44:59 - [TEST_STEP][PASSED] - println(today): null

2023-10-02 16:44:59 - [TEST_STEP][PASSED] - datText = today: null

2023-10-02 16:44:59 - [TEST_STEP][PASSED] - Taxtype = findTestData(dataFile).getValue("TaxType", row): null

2023-10-02 16:44:59 - [TEST_STEP][PASSED] - out.println("Taxtype value is : " + Taxtype): null

2023-10-02 16:44:59 - [TEST_STEP][PASSED] - openBrowser(""): Browser is opened with url: ''

2023-10-02 16:44:59 - [MESSAGE][WARNING] - A browser is already opened. Closing browser and opening a new one

2023-10-02 16:45:00 - [MESSAGE][INFO] - Starting 'Chrome' driver

2023-10-02 16:45:00 - [MESSAGE][INFO] - User set preference: ['acceptInsecureCerts', 'true']

2023-10-02 16:45:00 - [MESSAGE][INFO] - Action delay is set to 0 milliseconds

2023-10-02 16:45:01 - [MESSAGE][PASSED] - Browser is opened with url: ''

2023-10-02 16:45:01 - [TEST_STEP][PASSED] - maximizeWindow(): Current window maximized

2023-10-02 16:45:01 - [MESSAGE][PASSED] - Current window maximized

2023-10-02 16:45:01 - [TEST_STEP][PASSED] - navigateToUrl(RADurl): Navigate to 'https://demo.velocitypayment.com/client/rad/index.html' successfully

2023-10-02 16:45:03 - [MESSAGE][PASSED] - Navigate to 'https://demo.velocitypayment.com/client/rad/index.html' successfully

2023-10-02 16:45:03 - [TEST_STEP][PASSED] - orPath_Landing = "Object Repository/RAD_Pages/Landing_Page": null

2023-10-02 16:45:03 - [TEST_STEP][PASSED] - orPath_TaxTypeFilingYear = "Object Repository/RAD_Pages/TaxTypeFilingYear_Page": null

2023-10-02 16:45:03 - [TEST_STEP][PASSED] - orPath_TaxPayer = "Object Repository/RAD_Pages/Taxpayer_Page": null

2023-10-02 16:45:03 - [TEST_STEP][PASSED] - orPath_AddressContact = "Object Repository/RAD_Pages/AddressAndContactInfo_Page": null

2023-10-02 16:45:03 - [TEST_STEP][PASSED] - orPath_FilingStatus = "Object Repository/RAD_Pages/FilingStatus_Page": null

2023-10-02 16:45:03 - [TEST_STEP][PASSED] - orPath_Amount = "Object Repository/RAD_Pages/PaymentAmount_Page": null

2023-10-02 16:45:03 - [TEST_STEP][PASSED] - orPath_TaxInfo = "Object Repository/RAD_Pages/TaxInfo_Page": null

2023-10-02 16:45:03 - [TEST_STEP][PASSED] - selectOptionByLabel(findTestObject(orPath_Landing + "/dd_TaxType"), Paymenttype, false): All options with label 'Quarterly Estimated Tax' are selected in object 'Object Repository/RAD_Pages/Landing_Page/dd_TaxType' 

2023-10-02 16:45:04 - [MESSAGE][PASSED] - All options with label 'Quarterly Estimated Tax' are selected in object 'Object Repository/RAD_Pages/Landing_Page/dd_TaxType' 

2023-10-02 16:45:04 - [TEST_STEP][PASSED] - delay(1): Delayed 1 second(s)

2023-10-02 16:45:05 - [MESSAGE][PASSED] - Delayed 1 second(s)

2023-10-02 16:45:05 - [TEST_STEP][PASSED] - switch (Paymenttype): null

2023-10-02 16:45:05 - [TEST_STEP][PASSED] - case "Quarterly Estimated Tax":: null

2023-10-02 16:45:05 - [TEST_STEP][PASSED] - selectOptionByLabel(findTestObject(orPath_TaxTypeFilingYear + "/select_PaymentType"), Taxtype, false): All options with label 'Personal Income Tax' are selected in object 'Object Repository/RAD_Pages/TaxTypeFilingYear_Page/select_PaymentType' 

2023-10-02 16:45:05 - [MESSAGE][PASSED] - All options with label 'Personal Income Tax' are selected in object 'Object Repository/RAD_Pages/TaxTypeFilingYear_Page/select_PaymentType' 

2023-10-02 16:45:05 - [TEST_STEP][PASSED] - break: null

2023-10-02 16:45:05 - [TEST_STEP][PASSED] - delay(1): Delayed 1 second(s)

2023-10-02 16:45:06 - [MESSAGE][PASSED] - Delayed 1 second(s)

2023-10-02 16:45:06 - [TEST_STEP][PASSED] - scrollToElement(findTestObject(orPath_Amount + "/input__paymentAmount"), 2, CONTINUE_ON_FAILURE): Scroll to object 'Object Repository/RAD_Pages/PaymentAmount_Page/input__paymentAmount' successfully

2023-10-02 16:45:07 - [MESSAGE][PASSED] - Scroll to object 'Object Repository/RAD_Pages/PaymentAmount_Page/input__paymentAmount' successfully

2023-10-02 16:45:07 - [TEST_STEP][PASSED] - waitForElementClickable(findTestObject(orPath_FilingStatus + "/input_userType_Joint"), 5): Object 'Object Repository/RAD_Pages/FilingStatus_Page/input_userType_Joint' is clickable

2023-10-02 16:45:07 - [MESSAGE][PASSED] - Object 'Object Repository/RAD_Pages/FilingStatus_Page/input_userType_Joint' is clickable

2023-10-02 16:45:07 - [TEST_STEP][PASSED] - click(findTestObject(orPath_FilingStatus + "/input_userType_Joint")): Object: 'Object Repository/RAD_Pages/FilingStatus_Page/input_userType_Joint' is clicked on

2023-10-02 16:45:08 - [MESSAGE][PASSED] - Object: 'Object Repository/RAD_Pages/FilingStatus_Page/input_userType_Joint' is clicked on

2023-10-02 16:45:08 - [TEST_STEP][PASSED] - setText(findTestObject("Object Repository/RAD_RecordAndPlay/input_JointFilerSSN"), "111116523"): Text '111116523' is set on object 'Object Repository/RAD_RecordAndPlay/input_JointFilerSSN'

2023-10-02 16:45:08 - [MESSAGE][PASSED] - Text '111116523' is set on object 'Object Repository/RAD_RecordAndPlay/input_JointFilerSSN'

2023-10-02 16:45:09 - [TEST_STEP][PASSED] - setText(findTestObject("Object Repository/RAD_RecordAndPlay/input_reTypeJointFilerSSN"), "222226523"): Text '222226523' is set on object 'Object Repository/RAD_RecordAndPlay/input_reTypeJointFilerSSN'

2023-10-02 16:45:10 - [MESSAGE][PASSED] - Text '222226523' is set on object 'Object Repository/RAD_RecordAndPlay/input_reTypeJointFilerSSN'

2023-10-02 16:45:10 - [TEST_STEP][PASSED] - setText(findTestObject(orPath_Amount + "/input__paymentAmount"), ""): Text '' is set on object 'Object Repository/RAD_Pages/PaymentAmount_Page/input__paymentAmount'

2023-10-02 16:45:11 - [MESSAGE][PASSED] - Text '' is set on object 'Object Repository/RAD_Pages/PaymentAmount_Page/input__paymentAmount'

2023-10-02 16:45:11 - [TEST_STEP][PASSED] - delay(2): Delayed 2 second(s)

2023-10-02 16:45:13 - [MESSAGE][PASSED] - Delayed 2 second(s)

2023-10-02 16:45:13 - [TEST_STEP][PASSED] - if (verifyTextPresent("The SSN and Re-type SSN do not match", true)): null

2023-10-02 16:45:13 - [MESSAGE][PASSED] - Text 'The SSN and Re-type SSN do not match' is present on page  using regular expression

2023-10-02 16:45:13 - [TEST_STEP][PASSED] - println("Joint Filer SSN Dont match text is present"): null

2023-10-02 16:45:13 - [TEST_STEP][PASSED] - out.println("Pass Record Number: " + row): null

2023-10-02 16:45:13 - [TEST_STEP][PASSED] - resText = "Pass": null

2023-10-02 16:45:13 - [TEST_STEP][PASSED] - pages.WriteExcel.demoKey(resText, datText, resColumn, datCloumn, fileLoc, nameSheet, row): pages.WriteExcel.demoKey is PASSED

2023-10-02 16:45:13 - [MESSAGE][PASSED] - pages.WriteExcel.demoKey is PASSED

2023-10-02 16:45:13 - [TEST_STEP][PASSED] - ExecuteTC = findTestData(dataFile).getValue("Execute", row): null

2023-10-02 16:45:13 - [TEST_STEP][PASSED] - Taxtype = findTestData(dataFile).getValue("TaxType", row): null

2023-10-02 16:45:14 - [TEST_STEP][PASSED] - Paymenttype = findTestData(dataFile).getValue("PaymentType", row): null

2023-10-02 16:45:14 - [TEST_STEP][PASSED] - out.println("Value of Execute is : " + ExecuteTC): null

2023-10-02 16:45:14 - [TEST_STEP][PASSED] - if (ExecuteTC.equalsIgnoreCase("Y")): null

2023-10-02 16:45:14 - [TEST_STEP][PASSED] - out.println("Begin Record Number: " + row): null

2023-10-02 16:45:14 - [TEST_STEP][PASSED] - today = new java.util.Date(): null

2023-10-02 16:45:14 - [TEST_STEP][PASSED] - println(today): null

2023-10-02 16:45:14 - [TEST_STEP][PASSED] - datText = today: null

2023-10-02 16:45:14 - [TEST_STEP][PASSED] - Taxtype = findTestData(dataFile).getValue("TaxType", row): null

2023-10-02 16:45:14 - [TEST_STEP][PASSED] - out.println("Taxtype value is : " + Taxtype): null

2023-10-02 16:45:14 - [TEST_STEP][PASSED] - openBrowser(""): Browser is opened with url: ''

2023-10-02 16:45:14 - [MESSAGE][WARNING] - A browser is already opened. Closing browser and opening a new one

2023-10-02 16:45:14 - [MESSAGE][INFO] - Starting 'Chrome' driver

2023-10-02 16:45:14 - [MESSAGE][INFO] - User set preference: ['acceptInsecureCerts', 'true']

2023-10-02 16:45:14 - [MESSAGE][INFO] - Action delay is set to 0 milliseconds

2023-10-02 16:45:16 - [MESSAGE][PASSED] - Browser is opened with url: ''

2023-10-02 16:45:16 - [TEST_STEP][PASSED] - maximizeWindow(): Current window maximized

2023-10-02 16:45:16 - [MESSAGE][PASSED] - Current window maximized

2023-10-02 16:45:16 - [TEST_STEP][PASSED] - navigateToUrl(RADurl): Navigate to 'https://demo.velocitypayment.com/client/rad/index.html' successfully

2023-10-02 16:45:17 - [MESSAGE][PASSED] - Navigate to 'https://demo.velocitypayment.com/client/rad/index.html' successfully

2023-10-02 16:45:17 - [TEST_STEP][PASSED] - orPath_Landing = "Object Repository/RAD_Pages/Landing_Page": null

2023-10-02 16:45:17 - [TEST_STEP][PASSED] - orPath_TaxTypeFilingYear = "Object Repository/RAD_Pages/TaxTypeFilingYear_Page": null

2023-10-02 16:45:17 - [TEST_STEP][PASSED] - orPath_TaxPayer = "Object Repository/RAD_Pages/Taxpayer_Page": null

2023-10-02 16:45:17 - [TEST_STEP][PASSED] - orPath_AddressContact = "Object Repository/RAD_Pages/AddressAndContactInfo_Page": null

2023-10-02 16:45:17 - [TEST_STEP][PASSED] - orPath_FilingStatus = "Object Repository/RAD_Pages/FilingStatus_Page": null

2023-10-02 16:45:17 - [TEST_STEP][PASSED] - orPath_Amount = "Object Repository/RAD_Pages/PaymentAmount_Page": null

2023-10-02 16:45:17 - [TEST_STEP][PASSED] - orPath_TaxInfo = "Object Repository/RAD_Pages/TaxInfo_Page": null

2023-10-02 16:45:17 - [TEST_STEP][PASSED] - selectOptionByLabel(findTestObject(orPath_Landing + "/dd_TaxType"), Paymenttype, false): All options with label 'Extension Payments' are selected in object 'Object Repository/RAD_Pages/Landing_Page/dd_TaxType' 

2023-10-02 16:45:18 - [MESSAGE][PASSED] - All options with label 'Extension Payments' are selected in object 'Object Repository/RAD_Pages/Landing_Page/dd_TaxType' 

2023-10-02 16:45:18 - [TEST_STEP][PASSED] - delay(1): Delayed 1 second(s)

2023-10-02 16:45:19 - [MESSAGE][PASSED] - Delayed 1 second(s)

2023-10-02 16:45:19 - [TEST_STEP][PASSED] - switch (Paymenttype): null

2023-10-02 16:45:19 - [TEST_STEP][PASSED] - case "Extension Payments":: null

2023-10-02 16:45:19 - [TEST_STEP][PASSED] - selectOptionByLabel(findTestObject(orPath_TaxTypeFilingYear + "/select_PaymentType"), Taxtype, false): All options with label 'Personal Income Tax' are selected in object 'Object Repository/RAD_Pages/TaxTypeFilingYear_Page/select_PaymentType' 

2023-10-02 16:45:20 - [MESSAGE][PASSED] - All options with label 'Personal Income Tax' are selected in object 'Object Repository/RAD_Pages/TaxTypeFilingYear_Page/select_PaymentType' 

2023-10-02 16:45:20 - [TEST_STEP][PASSED] - break: null

2023-10-02 16:45:20 - [TEST_STEP][PASSED] - delay(1): Delayed 1 second(s)

2023-10-02 16:45:21 - [MESSAGE][PASSED] - Delayed 1 second(s)

2023-10-02 16:45:21 - [TEST_STEP][PASSED] - scrollToElement(findTestObject(orPath_Amount + "/input__paymentAmount"), 2, CONTINUE_ON_FAILURE): Scroll to object 'Object Repository/RAD_Pages/PaymentAmount_Page/input__paymentAmount' successfully

2023-10-02 16:45:21 - [MESSAGE][PASSED] - Scroll to object 'Object Repository/RAD_Pages/PaymentAmount_Page/input__paymentAmount' successfully

2023-10-02 16:45:21 - [TEST_STEP][PASSED] - waitForElementClickable(findTestObject(orPath_FilingStatus + "/input_userType_Joint"), 5): Object 'Object Repository/RAD_Pages/FilingStatus_Page/input_userType_Joint' is clickable

2023-10-02 16:45:22 - [MESSAGE][PASSED] - Object 'Object Repository/RAD_Pages/FilingStatus_Page/input_userType_Joint' is clickable

2023-10-02 16:45:22 - [TEST_STEP][PASSED] - click(findTestObject(orPath_FilingStatus + "/input_userType_Joint")): Object: 'Object Repository/RAD_Pages/FilingStatus_Page/input_userType_Joint' is clicked on

2023-10-02 16:45:22 - [MESSAGE][PASSED] - Object: 'Object Repository/RAD_Pages/FilingStatus_Page/input_userType_Joint' is clicked on

2023-10-02 16:45:22 - [TEST_STEP][PASSED] - setText(findTestObject("Object Repository/RAD_RecordAndPlay/input_JointFilerSSN"), "111116523"): Text '111116523' is set on object 'Object Repository/RAD_RecordAndPlay/input_JointFilerSSN'

2023-10-02 16:45:23 - [MESSAGE][PASSED] - Text '111116523' is set on object 'Object Repository/RAD_RecordAndPlay/input_JointFilerSSN'

2023-10-02 16:45:23 - [TEST_STEP][PASSED] - setText(findTestObject("Object Repository/RAD_RecordAndPlay/input_reTypeJointFilerSSN"), "222226523"): Text '222226523' is set on object 'Object Repository/RAD_RecordAndPlay/input_reTypeJointFilerSSN'

2023-10-02 16:45:24 - [MESSAGE][PASSED] - Text '222226523' is set on object 'Object Repository/RAD_RecordAndPlay/input_reTypeJointFilerSSN'

2023-10-02 16:45:24 - [TEST_STEP][PASSED] - setText(findTestObject(orPath_Amount + "/input__paymentAmount"), ""): Text '' is set on object 'Object Repository/RAD_Pages/PaymentAmount_Page/input__paymentAmount'

2023-10-02 16:45:26 - [MESSAGE][PASSED] - Text '' is set on object 'Object Repository/RAD_Pages/PaymentAmount_Page/input__paymentAmount'

2023-10-02 16:45:26 - [TEST_STEP][PASSED] - delay(2): Delayed 2 second(s)

2023-10-02 16:45:28 - [MESSAGE][PASSED] - Delayed 2 second(s)

2023-10-02 16:45:28 - [TEST_STEP][PASSED] - if (verifyTextPresent("The SSN and Re-type SSN do not match", true)): null

2023-10-02 16:45:28 - [MESSAGE][PASSED] - Text 'The SSN and Re-type SSN do not match' is present on page  using regular expression

2023-10-02 16:45:28 - [TEST_STEP][PASSED] - println("Joint Filer SSN Dont match text is present"): null

2023-10-02 16:45:28 - [TEST_STEP][PASSED] - out.println("Pass Record Number: " + row): null

2023-10-02 16:45:28 - [TEST_STEP][PASSED] - resText = "Pass": null

2023-10-02 16:45:28 - [TEST_STEP][PASSED] - pages.WriteExcel.demoKey(resText, datText, resColumn, datCloumn, fileLoc, nameSheet, row): pages.WriteExcel.demoKey is PASSED

2023-10-02 16:45:28 - [MESSAGE][PASSED] - pages.WriteExcel.demoKey is PASSED

2023-10-02 16:45:28 - [TEST_STEP][PASSED] - ExecuteTC = findTestData(dataFile).getValue("Execute", row): null

2023-10-02 16:45:28 - [TEST_STEP][PASSED] - Taxtype = findTestData(dataFile).getValue("TaxType", row): null

2023-10-02 16:45:28 - [TEST_STEP][PASSED] - Paymenttype = findTestData(dataFile).getValue("PaymentType", row): null

2023-10-02 16:45:28 - [TEST_STEP][PASSED] - out.println("Value of Execute is : " + ExecuteTC): null

2023-10-02 16:45:28 - [TEST_STEP][PASSED] - if (ExecuteTC.equalsIgnoreCase("Y")): null

2023-10-02 16:45:28 - [TEST_STEP][PASSED] - out.println("Begin Record Number: " + row): null

2023-10-02 16:45:28 - [TEST_STEP][PASSED] - today = new java.util.Date(): null

2023-10-02 16:45:28 - [TEST_STEP][PASSED] - println(today): null

2023-10-02 16:45:28 - [TEST_STEP][PASSED] - datText = today: null

2023-10-02 16:45:28 - [TEST_STEP][PASSED] - Taxtype = findTestData(dataFile).getValue("TaxType", row): null

2023-10-02 16:45:28 - [TEST_STEP][PASSED] - out.println("Taxtype value is : " + Taxtype): null

2023-10-02 16:45:28 - [TEST_STEP][PASSED] - openBrowser(""): Browser is opened with url: ''

2023-10-02 16:45:28 - [MESSAGE][WARNING] - A browser is already opened. Closing browser and opening a new one

2023-10-02 16:45:29 - [MESSAGE][INFO] - Starting 'Chrome' driver

2023-10-02 16:45:29 - [MESSAGE][INFO] - User set preference: ['acceptInsecureCerts', 'true']

2023-10-02 16:45:29 - [MESSAGE][INFO] - Action delay is set to 0 milliseconds

2023-10-02 16:45:31 - [MESSAGE][PASSED] - Browser is opened with url: ''

2023-10-02 16:45:31 - [TEST_STEP][PASSED] - maximizeWindow(): Current window maximized

2023-10-02 16:45:31 - [MESSAGE][PASSED] - Current window maximized

2023-10-02 16:45:31 - [TEST_STEP][PASSED] - navigateToUrl(RADurl): Navigate to 'https://demo.velocitypayment.com/client/rad/index.html' successfully

2023-10-02 16:45:32 - [MESSAGE][PASSED] - Navigate to 'https://demo.velocitypayment.com/client/rad/index.html' successfully

2023-10-02 16:45:32 - [TEST_STEP][PASSED] - orPath_Landing = "Object Repository/RAD_Pages/Landing_Page": null

2023-10-02 16:45:32 - [TEST_STEP][PASSED] - orPath_TaxTypeFilingYear = "Object Repository/RAD_Pages/TaxTypeFilingYear_Page": null

2023-10-02 16:45:32 - [TEST_STEP][PASSED] - orPath_TaxPayer = "Object Repository/RAD_Pages/Taxpayer_Page": null

2023-10-02 16:45:32 - [TEST_STEP][PASSED] - orPath_AddressContact = "Object Repository/RAD_Pages/AddressAndContactInfo_Page": null

2023-10-02 16:45:32 - [TEST_STEP][PASSED] - orPath_FilingStatus = "Object Repository/RAD_Pages/FilingStatus_Page": null

2023-10-02 16:45:32 - [TEST_STEP][PASSED] - orPath_Amount = "Object Repository/RAD_Pages/PaymentAmount_Page": null

2023-10-02 16:45:32 - [TEST_STEP][PASSED] - orPath_TaxInfo = "Object Repository/RAD_Pages/TaxInfo_Page": null

2023-10-02 16:45:32 - [TEST_STEP][PASSED] - selectOptionByLabel(findTestObject(orPath_Landing + "/dd_TaxType"), Paymenttype, false): All options with label 'New Tax Return Amount Due' are selected in object 'Object Repository/RAD_Pages/Landing_Page/dd_TaxType' 

2023-10-02 16:45:33 - [MESSAGE][PASSED] - All options with label 'New Tax Return Amount Due' are selected in object 'Object Repository/RAD_Pages/Landing_Page/dd_TaxType' 

2023-10-02 16:45:33 - [TEST_STEP][PASSED] - delay(1): Delayed 1 second(s)

2023-10-02 16:45:34 - [MESSAGE][PASSED] - Delayed 1 second(s)

2023-10-02 16:45:34 - [TEST_STEP][PASSED] - switch (Paymenttype): null

2023-10-02 16:45:34 - [TEST_STEP][PASSED] - case "New Tax Return Amount Due":: null

2023-10-02 16:45:34 - [TEST_STEP][PASSED] - selectOptionByLabel(findTestObject("Object Repository/RAD_Pages/Landing_Page/select_NewTaxReturnAmountDue_TaxType"), Taxtype, false): All options with label 'Personal Income Tax' are selected in object 'Object Repository/RAD_Pages/Landing_Page/select_NewTaxReturnAmountDue_TaxType' 

2023-10-02 16:45:35 - [MESSAGE][PASSED] - All options with label 'Personal Income Tax' are selected in object 'Object Repository/RAD_Pages/Landing_Page/select_NewTaxReturnAmountDue_TaxType' 

2023-10-02 16:45:35 - [TEST_STEP][PASSED] - break: null

2023-10-02 16:45:35 - [TEST_STEP][PASSED] - delay(1): Delayed 1 second(s)

2023-10-02 16:45:36 - [MESSAGE][PASSED] - Delayed 1 second(s)

2023-10-02 16:45:36 - [TEST_STEP][PASSED] - scrollToElement(findTestObject(orPath_Amount + "/input__paymentAmount"), 2, CONTINUE_ON_FAILURE): Scroll to object 'Object Repository/RAD_Pages/PaymentAmount_Page/input__paymentAmount' successfully

2023-10-02 16:45:36 - [MESSAGE][PASSED] - Scroll to object 'Object Repository/RAD_Pages/PaymentAmount_Page/input__paymentAmount' successfully

2023-10-02 16:45:36 - [TEST_STEP][PASSED] - waitForElementClickable(findTestObject(orPath_FilingStatus + "/input_userType_Joint"), 5): Object 'Object Repository/RAD_Pages/FilingStatus_Page/input_userType_Joint' is clickable

2023-10-02 16:45:37 - [MESSAGE][PASSED] - Object 'Object Repository/RAD_Pages/FilingStatus_Page/input_userType_Joint' is clickable

2023-10-02 16:45:37 - [TEST_STEP][PASSED] - click(findTestObject(orPath_FilingStatus + "/input_userType_Joint")): Object: 'Object Repository/RAD_Pages/FilingStatus_Page/input_userType_Joint' is clicked on

2023-10-02 16:45:37 - [MESSAGE][PASSED] - Object: 'Object Repository/RAD_Pages/FilingStatus_Page/input_userType_Joint' is clicked on

2023-10-02 16:45:37 - [TEST_STEP][PASSED] - setText(findTestObject("Object Repository/RAD_RecordAndPlay/input_JointFilerSSN"), "111116523"): Text '111116523' is set on object 'Object Repository/RAD_RecordAndPlay/input_JointFilerSSN'

2023-10-02 16:45:38 - [MESSAGE][PASSED] - Text '111116523' is set on object 'Object Repository/RAD_RecordAndPlay/input_JointFilerSSN'

2023-10-02 16:45:39 - [TEST_STEP][PASSED] - setText(findTestObject("Object Repository/RAD_RecordAndPlay/input_reTypeJointFilerSSN"), "222226523"): Text '222226523' is set on object 'Object Repository/RAD_RecordAndPlay/input_reTypeJointFilerSSN'

2023-10-02 16:45:39 - [MESSAGE][PASSED] - Text '222226523' is set on object 'Object Repository/RAD_RecordAndPlay/input_reTypeJointFilerSSN'

2023-10-02 16:45:39 - [TEST_STEP][PASSED] - setText(findTestObject(orPath_Amount + "/input__paymentAmount"), ""): Text '' is set on object 'Object Repository/RAD_Pages/PaymentAmount_Page/input__paymentAmount'

2023-10-02 16:45:40 - [MESSAGE][PASSED] - Text '' is set on object 'Object Repository/RAD_Pages/PaymentAmount_Page/input__paymentAmount'

2023-10-02 16:45:40 - [TEST_STEP][PASSED] - delay(2): Delayed 2 second(s)

2023-10-02 16:45:42 - [MESSAGE][PASSED] - Delayed 2 second(s)

2023-10-02 16:45:42 - [TEST_STEP][PASSED] - if (verifyTextPresent("The SSN and Re-type SSN do not match", true)): null

2023-10-02 16:45:43 - [MESSAGE][PASSED] - Text 'The SSN and Re-type SSN do not match' is present on page  using regular expression

2023-10-02 16:45:43 - [TEST_STEP][PASSED] - println("Joint Filer SSN Dont match text is present"): null

2023-10-02 16:45:43 - [TEST_STEP][PASSED] - out.println("Pass Record Number: " + row): null

2023-10-02 16:45:43 - [TEST_STEP][PASSED] - resText = "Pass": null

2023-10-02 16:45:43 - [TEST_STEP][PASSED] - pages.WriteExcel.demoKey(resText, datText, resColumn, datCloumn, fileLoc, nameSheet, row): pages.WriteExcel.demoKey is PASSED

2023-10-02 16:45:43 - [MESSAGE][PASSED] - pages.WriteExcel.demoKey is PASSED]]></system-out>
         <system-err><![CDATA[]]></system-err>
      </testcase>
      <testcase name="Test Cases/RAD_TestCases/Negative_TestCases/JointFilerSSNmoreThan9Error" time="40.573" classname="Test Cases/RAD_TestCases/Negative_TestCases/JointFilerSSNmoreThan9Error" status="PASSED">
         <system-out><![CDATA[2023-10-02 16:45:43 - [TEST_CASE][PASSED] - Test Cases/RAD_TestCases/Negative_TestCases/JointFilerSSNmoreThan9Error: Test Cases/RAD_TestCases/Negative_TestCases/JointFilerSSNmoreThan9Error

2023-10-02 16:45:43 - [TEST_STEP][PASSED] - resText = "Fail": null

2023-10-02 16:45:43 - [TEST_STEP][PASSED] - resColumn = "Result": null

2023-10-02 16:45:43 - [TEST_STEP][PASSED] - datCloumn = "Date": null

2023-10-02 16:45:43 - [TEST_STEP][PASSED] - fileLoc = "KatalonData/RADTestData/JointFilerSSNmoreThan9Error.xlsx": null

2023-10-02 16:45:43 - [TEST_STEP][PASSED] - nameSheet = "Sheet1": null

2023-10-02 16:45:43 - [TEST_STEP][PASSED] - dataFile = "RADTestData/JointFilerSSNmoreThan9Error": null

2023-10-02 16:45:43 - [TEST_STEP][PASSED] - ExecuteTC = <not implemented yet for class: org.codehaus.groovy.ast.expr.EmptyExpression>: null

2023-10-02 16:45:43 - [TEST_STEP][PASSED] - Taxtype = <not implemented yet for class: org.codehaus.groovy.ast.expr.EmptyExpression>: null

2023-10-02 16:45:43 - [TEST_STEP][PASSED] - numOfRows = findTestData(dataFile).getRowNumbers(): null

2023-10-02 16:45:43 - [TEST_STEP][PASSED] - println("Number of Records: " + numOfRows): null

2023-10-02 16:45:43 - [TEST_STEP][PASSED] - for ([row = 1, row <= numOfRows, (row++)]): null

2023-10-02 16:45:43 - [TEST_STEP][PASSED] - ExecuteTC = findTestData(dataFile).getValue("Execute", row): null

2023-10-02 16:45:43 - [TEST_STEP][PASSED] - Taxtype = findTestData(dataFile).getValue("TaxType", row): null

2023-10-02 16:45:43 - [TEST_STEP][PASSED] - Paymenttype = findTestData(dataFile).getValue("PaymentType", row): null

2023-10-02 16:45:44 - [TEST_STEP][PASSED] - out.println("Value of Execute is : " + ExecuteTC): null

2023-10-02 16:45:44 - [TEST_STEP][PASSED] - if (ExecuteTC.equalsIgnoreCase("Y")): null

2023-10-02 16:45:44 - [TEST_STEP][PASSED] - out.println("Begin Record Number: " + row): null

2023-10-02 16:45:44 - [TEST_STEP][PASSED] - today = new java.util.Date(): null

2023-10-02 16:45:44 - [TEST_STEP][PASSED] - println(today): null

2023-10-02 16:45:44 - [TEST_STEP][PASSED] - datText = today: null

2023-10-02 16:45:44 - [TEST_STEP][PASSED] - Taxtype = findTestData(dataFile).getValue("TaxType", row): null

2023-10-02 16:45:44 - [TEST_STEP][PASSED] - out.println("Taxtype value is : " + Taxtype): null

2023-10-02 16:45:44 - [TEST_STEP][PASSED] - openBrowser(""): Browser is opened with url: ''

2023-10-02 16:45:44 - [MESSAGE][WARNING] - A browser is already opened. Closing browser and opening a new one

2023-10-02 16:45:44 - [MESSAGE][INFO] - Starting 'Chrome' driver

2023-10-02 16:45:44 - [MESSAGE][INFO] - User set preference: ['acceptInsecureCerts', 'true']

2023-10-02 16:45:44 - [MESSAGE][INFO] - Action delay is set to 0 milliseconds

2023-10-02 16:45:46 - [MESSAGE][PASSED] - Browser is opened with url: ''

2023-10-02 16:45:46 - [TEST_STEP][PASSED] - maximizeWindow(): Current window maximized

2023-10-02 16:45:46 - [MESSAGE][PASSED] - Current window maximized

2023-10-02 16:45:46 - [TEST_STEP][PASSED] - navigateToUrl(RADurl): Navigate to 'https://demo.velocitypayment.com/client/rad/index.html' successfully

2023-10-02 16:45:47 - [MESSAGE][PASSED] - Navigate to 'https://demo.velocitypayment.com/client/rad/index.html' successfully

2023-10-02 16:45:47 - [TEST_STEP][PASSED] - orPath_Landing = "Object Repository/RAD_Pages/Landing_Page": null

2023-10-02 16:45:47 - [TEST_STEP][PASSED] - orPath_TaxTypeFilingYear = "Object Repository/RAD_Pages/TaxTypeFilingYear_Page": null

2023-10-02 16:45:47 - [TEST_STEP][PASSED] - orPath_TaxPayer = "Object Repository/RAD_Pages/Taxpayer_Page": null

2023-10-02 16:45:47 - [TEST_STEP][PASSED] - orPath_AddressContact = "Object Repository/RAD_Pages/AddressAndContactInfo_Page": null

2023-10-02 16:45:47 - [TEST_STEP][PASSED] - orPath_FilingStatus = "Object Repository/RAD_Pages/FilingStatus_Page": null

2023-10-02 16:45:47 - [TEST_STEP][PASSED] - orPath_Amount = "Object Repository/RAD_Pages/PaymentAmount_Page": null

2023-10-02 16:45:47 - [TEST_STEP][PASSED] - orPath_TaxInfo = "Object Repository/RAD_Pages/TaxInfo_Page": null

2023-10-02 16:45:47 - [TEST_STEP][PASSED] - selectOptionByLabel(findTestObject(orPath_Landing + "/dd_TaxType"), Paymenttype, false): All options with label 'Quarterly Estimated Tax' are selected in object 'Object Repository/RAD_Pages/Landing_Page/dd_TaxType' 

2023-10-02 16:45:48 - [MESSAGE][PASSED] - All options with label 'Quarterly Estimated Tax' are selected in object 'Object Repository/RAD_Pages/Landing_Page/dd_TaxType' 

2023-10-02 16:45:48 - [TEST_STEP][PASSED] - delay(1): Delayed 1 second(s)

2023-10-02 16:45:49 - [MESSAGE][PASSED] - Delayed 1 second(s)

2023-10-02 16:45:49 - [TEST_STEP][PASSED] - switch (Paymenttype): null

2023-10-02 16:45:49 - [TEST_STEP][PASSED] - case "Quarterly Estimated Tax":: null

2023-10-02 16:45:49 - [TEST_STEP][PASSED] - selectOptionByLabel(findTestObject(orPath_TaxTypeFilingYear + "/select_PaymentType"), Taxtype, false): All options with label 'Personal Income Tax' are selected in object 'Object Repository/RAD_Pages/TaxTypeFilingYear_Page/select_PaymentType' 

2023-10-02 16:45:50 - [MESSAGE][PASSED] - All options with label 'Personal Income Tax' are selected in object 'Object Repository/RAD_Pages/TaxTypeFilingYear_Page/select_PaymentType' 

2023-10-02 16:45:50 - [TEST_STEP][PASSED] - break: null

2023-10-02 16:45:50 - [TEST_STEP][PASSED] - delay(1): Delayed 1 second(s)

2023-10-02 16:45:51 - [MESSAGE][PASSED] - Delayed 1 second(s)

2023-10-02 16:45:51 - [TEST_STEP][PASSED] - scrollToElement(findTestObject(orPath_Amount + "/input__paymentAmount"), 2, CONTINUE_ON_FAILURE): Scroll to object 'Object Repository/RAD_Pages/PaymentAmount_Page/input__paymentAmount' successfully

2023-10-02 16:45:51 - [MESSAGE][PASSED] - Scroll to object 'Object Repository/RAD_Pages/PaymentAmount_Page/input__paymentAmount' successfully

2023-10-02 16:45:51 - [TEST_STEP][PASSED] - waitForElementClickable(findTestObject(orPath_FilingStatus + "/input_userType_Joint"), 5): Object 'Object Repository/RAD_Pages/FilingStatus_Page/input_userType_Joint' is clickable

2023-10-02 16:45:51 - [MESSAGE][PASSED] - Object 'Object Repository/RAD_Pages/FilingStatus_Page/input_userType_Joint' is clickable

2023-10-02 16:45:51 - [TEST_STEP][PASSED] - click(findTestObject(orPath_FilingStatus + "/input_userType_Joint")): Object: 'Object Repository/RAD_Pages/FilingStatus_Page/input_userType_Joint' is clicked on

2023-10-02 16:45:52 - [MESSAGE][PASSED] - Object: 'Object Repository/RAD_Pages/FilingStatus_Page/input_userType_Joint' is clicked on

2023-10-02 16:45:52 - [TEST_STEP][PASSED] - setText(findTestObject("Object Repository/RAD_RecordAndPlay/input_JointFilerSSN"), "1111165230"): Text '1111165230' is set on object 'Object Repository/RAD_RecordAndPlay/input_JointFilerSSN'

2023-10-02 16:45:53 - [MESSAGE][PASSED] - Text '1111165230' is set on object 'Object Repository/RAD_RecordAndPlay/input_JointFilerSSN'

2023-10-02 16:45:53 - [TEST_STEP][PASSED] - setText(findTestObject(orPath_Amount + "/input__paymentAmount"), ""): Text '' is set on object 'Object Repository/RAD_Pages/PaymentAmount_Page/input__paymentAmount'

2023-10-02 16:45:54 - [MESSAGE][PASSED] - Text '' is set on object 'Object Repository/RAD_Pages/PaymentAmount_Page/input__paymentAmount'

2023-10-02 16:45:54 - [TEST_STEP][PASSED] - delay(2): Delayed 2 second(s)

2023-10-02 16:45:56 - [MESSAGE][PASSED] - Delayed 2 second(s)

2023-10-02 16:45:56 - [TEST_STEP][PASSED] - if (verifyTextPresent("Please enter a valid SSN with 9 digits", true)): null

2023-10-02 16:45:57 - [MESSAGE][PASSED] - Text 'Please enter a valid SSN with 9 digits' is present on page  using regular expression

2023-10-02 16:45:57 - [TEST_STEP][PASSED] - println("Please enter a valid SSN with 9 digits"): null

2023-10-02 16:45:57 - [TEST_STEP][PASSED] - out.println("Pass Record Number: " + row): null

2023-10-02 16:45:57 - [TEST_STEP][PASSED] - resText = "Pass": null

2023-10-02 16:45:57 - [TEST_STEP][PASSED] - pages.WriteExcel.demoKey(resText, datText, resColumn, datCloumn, fileLoc, nameSheet, row): pages.WriteExcel.demoKey is PASSED

2023-10-02 16:45:57 - [MESSAGE][PASSED] - pages.WriteExcel.demoKey is PASSED

2023-10-02 16:45:57 - [TEST_STEP][PASSED] - ExecuteTC = findTestData(dataFile).getValue("Execute", row): null

2023-10-02 16:45:57 - [TEST_STEP][PASSED] - Taxtype = findTestData(dataFile).getValue("TaxType", row): null

2023-10-02 16:45:57 - [TEST_STEP][PASSED] - Paymenttype = findTestData(dataFile).getValue("PaymentType", row): null

2023-10-02 16:45:57 - [TEST_STEP][PASSED] - out.println("Value of Execute is : " + ExecuteTC): null

2023-10-02 16:45:57 - [TEST_STEP][PASSED] - if (ExecuteTC.equalsIgnoreCase("Y")): null

2023-10-02 16:45:57 - [TEST_STEP][PASSED] - out.println("Begin Record Number: " + row): null

2023-10-02 16:45:57 - [TEST_STEP][PASSED] - today = new java.util.Date(): null

2023-10-02 16:45:57 - [TEST_STEP][PASSED] - println(today): null

2023-10-02 16:45:57 - [TEST_STEP][PASSED] - datText = today: null

2023-10-02 16:45:57 - [TEST_STEP][PASSED] - Taxtype = findTestData(dataFile).getValue("TaxType", row): null

2023-10-02 16:45:57 - [TEST_STEP][PASSED] - out.println("Taxtype value is : " + Taxtype): null

2023-10-02 16:45:57 - [TEST_STEP][PASSED] - openBrowser(""): Browser is opened with url: ''

2023-10-02 16:45:57 - [MESSAGE][WARNING] - A browser is already opened. Closing browser and opening a new one

2023-10-02 16:45:58 - [MESSAGE][INFO] - Starting 'Chrome' driver

2023-10-02 16:45:58 - [MESSAGE][INFO] - User set preference: ['acceptInsecureCerts', 'true']

2023-10-02 16:45:58 - [MESSAGE][INFO] - Action delay is set to 0 milliseconds

2023-10-02 16:45:59 - [MESSAGE][PASSED] - Browser is opened with url: ''

2023-10-02 16:45:59 - [TEST_STEP][PASSED] - maximizeWindow(): Current window maximized

2023-10-02 16:45:59 - [MESSAGE][PASSED] - Current window maximized

2023-10-02 16:45:59 - [TEST_STEP][PASSED] - navigateToUrl(RADurl): Navigate to 'https://demo.velocitypayment.com/client/rad/index.html' successfully

2023-10-02 16:46:01 - [MESSAGE][PASSED] - Navigate to 'https://demo.velocitypayment.com/client/rad/index.html' successfully

2023-10-02 16:46:01 - [TEST_STEP][PASSED] - orPath_Landing = "Object Repository/RAD_Pages/Landing_Page": null

2023-10-02 16:46:01 - [TEST_STEP][PASSED] - orPath_TaxTypeFilingYear = "Object Repository/RAD_Pages/TaxTypeFilingYear_Page": null

2023-10-02 16:46:01 - [TEST_STEP][PASSED] - orPath_TaxPayer = "Object Repository/RAD_Pages/Taxpayer_Page": null

2023-10-02 16:46:01 - [TEST_STEP][PASSED] - orPath_AddressContact = "Object Repository/RAD_Pages/AddressAndContactInfo_Page": null

2023-10-02 16:46:01 - [TEST_STEP][PASSED] - orPath_FilingStatus = "Object Repository/RAD_Pages/FilingStatus_Page": null

2023-10-02 16:46:01 - [TEST_STEP][PASSED] - orPath_Amount = "Object Repository/RAD_Pages/PaymentAmount_Page": null

2023-10-02 16:46:01 - [TEST_STEP][PASSED] - orPath_TaxInfo = "Object Repository/RAD_Pages/TaxInfo_Page": null

2023-10-02 16:46:01 - [TEST_STEP][PASSED] - selectOptionByLabel(findTestObject(orPath_Landing + "/dd_TaxType"), Paymenttype, false): All options with label 'Extension Payments' are selected in object 'Object Repository/RAD_Pages/Landing_Page/dd_TaxType' 

2023-10-02 16:46:02 - [MESSAGE][PASSED] - All options with label 'Extension Payments' are selected in object 'Object Repository/RAD_Pages/Landing_Page/dd_TaxType' 

2023-10-02 16:46:02 - [TEST_STEP][PASSED] - delay(1): Delayed 1 second(s)

2023-10-02 16:46:03 - [MESSAGE][PASSED] - Delayed 1 second(s)

2023-10-02 16:46:03 - [TEST_STEP][PASSED] - switch (Paymenttype): null

2023-10-02 16:46:03 - [TEST_STEP][PASSED] - case "Extension Payments":: null

2023-10-02 16:46:03 - [TEST_STEP][PASSED] - selectOptionByLabel(findTestObject(orPath_TaxTypeFilingYear + "/select_PaymentType"), Taxtype, false): All options with label 'Personal Income Tax' are selected in object 'Object Repository/RAD_Pages/TaxTypeFilingYear_Page/select_PaymentType' 

2023-10-02 16:46:03 - [MESSAGE][PASSED] - All options with label 'Personal Income Tax' are selected in object 'Object Repository/RAD_Pages/TaxTypeFilingYear_Page/select_PaymentType' 

2023-10-02 16:46:03 - [TEST_STEP][PASSED] - break: null

2023-10-02 16:46:03 - [TEST_STEP][PASSED] - delay(1): Delayed 1 second(s)

2023-10-02 16:46:04 - [MESSAGE][PASSED] - Delayed 1 second(s)

2023-10-02 16:46:04 - [TEST_STEP][PASSED] - scrollToElement(findTestObject(orPath_Amount + "/input__paymentAmount"), 2, CONTINUE_ON_FAILURE): Scroll to object 'Object Repository/RAD_Pages/PaymentAmount_Page/input__paymentAmount' successfully

2023-10-02 16:46:05 - [MESSAGE][PASSED] - Scroll to object 'Object Repository/RAD_Pages/PaymentAmount_Page/input__paymentAmount' successfully

2023-10-02 16:46:05 - [TEST_STEP][PASSED] - waitForElementClickable(findTestObject(orPath_FilingStatus + "/input_userType_Joint"), 5): Object 'Object Repository/RAD_Pages/FilingStatus_Page/input_userType_Joint' is clickable

2023-10-02 16:46:05 - [MESSAGE][PASSED] - Object 'Object Repository/RAD_Pages/FilingStatus_Page/input_userType_Joint' is clickable

2023-10-02 16:46:05 - [TEST_STEP][PASSED] - click(findTestObject(orPath_FilingStatus + "/input_userType_Joint")): Object: 'Object Repository/RAD_Pages/FilingStatus_Page/input_userType_Joint' is clicked on

2023-10-02 16:46:05 - [MESSAGE][PASSED] - Object: 'Object Repository/RAD_Pages/FilingStatus_Page/input_userType_Joint' is clicked on

2023-10-02 16:46:05 - [TEST_STEP][PASSED] - setText(findTestObject("Object Repository/RAD_RecordAndPlay/input_JointFilerSSN"), "1111165230"): Text '1111165230' is set on object 'Object Repository/RAD_RecordAndPlay/input_JointFilerSSN'

2023-10-02 16:46:06 - [MESSAGE][PASSED] - Text '1111165230' is set on object 'Object Repository/RAD_RecordAndPlay/input_JointFilerSSN'

2023-10-02 16:46:06 - [TEST_STEP][PASSED] - setText(findTestObject(orPath_Amount + "/input__paymentAmount"), ""): Text '' is set on object 'Object Repository/RAD_Pages/PaymentAmount_Page/input__paymentAmount'

2023-10-02 16:46:08 - [MESSAGE][PASSED] - Text '' is set on object 'Object Repository/RAD_Pages/PaymentAmount_Page/input__paymentAmount'

2023-10-02 16:46:08 - [TEST_STEP][PASSED] - delay(2): Delayed 2 second(s)

2023-10-02 16:46:10 - [MESSAGE][PASSED] - Delayed 2 second(s)

2023-10-02 16:46:10 - [TEST_STEP][PASSED] - if (verifyTextPresent("Please enter a valid SSN with 9 digits", true)): null

2023-10-02 16:46:10 - [MESSAGE][PASSED] - Text 'Please enter a valid SSN with 9 digits' is present on page  using regular expression

2023-10-02 16:46:10 - [TEST_STEP][PASSED] - println("Please enter a valid SSN with 9 digits"): null

2023-10-02 16:46:10 - [TEST_STEP][PASSED] - out.println("Pass Record Number: " + row): null

2023-10-02 16:46:10 - [TEST_STEP][PASSED] - resText = "Pass": null

2023-10-02 16:46:10 - [TEST_STEP][PASSED] - pages.WriteExcel.demoKey(resText, datText, resColumn, datCloumn, fileLoc, nameSheet, row): pages.WriteExcel.demoKey is PASSED

2023-10-02 16:46:10 - [MESSAGE][PASSED] - pages.WriteExcel.demoKey is PASSED

2023-10-02 16:46:10 - [TEST_STEP][PASSED] - ExecuteTC = findTestData(dataFile).getValue("Execute", row): null

2023-10-02 16:46:10 - [TEST_STEP][PASSED] - Taxtype = findTestData(dataFile).getValue("TaxType", row): null

2023-10-02 16:46:10 - [TEST_STEP][PASSED] - Paymenttype = findTestData(dataFile).getValue("PaymentType", row): null

2023-10-02 16:46:10 - [TEST_STEP][PASSED] - out.println("Value of Execute is : " + ExecuteTC): null

2023-10-02 16:46:10 - [TEST_STEP][PASSED] - if (ExecuteTC.equalsIgnoreCase("Y")): null

2023-10-02 16:46:10 - [TEST_STEP][PASSED] - out.println("Begin Record Number: " + row): null

2023-10-02 16:46:10 - [TEST_STEP][PASSED] - today = new java.util.Date(): null

2023-10-02 16:46:10 - [TEST_STEP][PASSED] - println(today): null

2023-10-02 16:46:10 - [TEST_STEP][PASSED] - datText = today: null

2023-10-02 16:46:10 - [TEST_STEP][PASSED] - Taxtype = findTestData(dataFile).getValue("TaxType", row): null

2023-10-02 16:46:10 - [TEST_STEP][PASSED] - out.println("Taxtype value is : " + Taxtype): null

2023-10-02 16:46:10 - [TEST_STEP][PASSED] - openBrowser(""): Browser is opened with url: ''

2023-10-02 16:46:10 - [MESSAGE][WARNING] - A browser is already opened. Closing browser and opening a new one

2023-10-02 16:46:11 - [MESSAGE][INFO] - Starting 'Chrome' driver

2023-10-02 16:46:11 - [MESSAGE][INFO] - User set preference: ['acceptInsecureCerts', 'true']

2023-10-02 16:46:11 - [MESSAGE][INFO] - Action delay is set to 0 milliseconds

2023-10-02 16:46:13 - [MESSAGE][PASSED] - Browser is opened with url: ''

2023-10-02 16:46:13 - [TEST_STEP][PASSED] - maximizeWindow(): Current window maximized

2023-10-02 16:46:13 - [MESSAGE][PASSED] - Current window maximized

2023-10-02 16:46:13 - [TEST_STEP][PASSED] - navigateToUrl(RADurl): Navigate to 'https://demo.velocitypayment.com/client/rad/index.html' successfully

2023-10-02 16:46:14 - [MESSAGE][PASSED] - Navigate to 'https://demo.velocitypayment.com/client/rad/index.html' successfully

2023-10-02 16:46:14 - [TEST_STEP][PASSED] - orPath_Landing = "Object Repository/RAD_Pages/Landing_Page": null

2023-10-02 16:46:14 - [TEST_STEP][PASSED] - orPath_TaxTypeFilingYear = "Object Repository/RAD_Pages/TaxTypeFilingYear_Page": null

2023-10-02 16:46:14 - [TEST_STEP][PASSED] - orPath_TaxPayer = "Object Repository/RAD_Pages/Taxpayer_Page": null

2023-10-02 16:46:14 - [TEST_STEP][PASSED] - orPath_AddressContact = "Object Repository/RAD_Pages/AddressAndContactInfo_Page": null

2023-10-02 16:46:14 - [TEST_STEP][PASSED] - orPath_FilingStatus = "Object Repository/RAD_Pages/FilingStatus_Page": null

2023-10-02 16:46:14 - [TEST_STEP][PASSED] - orPath_Amount = "Object Repository/RAD_Pages/PaymentAmount_Page": null

2023-10-02 16:46:14 - [TEST_STEP][PASSED] - orPath_TaxInfo = "Object Repository/RAD_Pages/TaxInfo_Page": null

2023-10-02 16:46:14 - [TEST_STEP][PASSED] - selectOptionByLabel(findTestObject(orPath_Landing + "/dd_TaxType"), Paymenttype, false): All options with label 'New Tax Return Amount Due' are selected in object 'Object Repository/RAD_Pages/Landing_Page/dd_TaxType' 

2023-10-02 16:46:15 - [MESSAGE][PASSED] - All options with label 'New Tax Return Amount Due' are selected in object 'Object Repository/RAD_Pages/Landing_Page/dd_TaxType' 

2023-10-02 16:46:15 - [TEST_STEP][PASSED] - delay(1): Delayed 1 second(s)

2023-10-02 16:46:16 - [MESSAGE][PASSED] - Delayed 1 second(s)

2023-10-02 16:46:16 - [TEST_STEP][PASSED] - switch (Paymenttype): null

2023-10-02 16:46:16 - [TEST_STEP][PASSED] - case "New Tax Return Amount Due":: null

2023-10-02 16:46:16 - [TEST_STEP][PASSED] - selectOptionByLabel(findTestObject("Object Repository/RAD_Pages/Landing_Page/select_NewTaxReturnAmountDue_TaxType"), Taxtype, false): All options with label 'Personal Income Tax' are selected in object 'Object Repository/RAD_Pages/Landing_Page/select_NewTaxReturnAmountDue_TaxType' 

2023-10-02 16:46:17 - [MESSAGE][PASSED] - All options with label 'Personal Income Tax' are selected in object 'Object Repository/RAD_Pages/Landing_Page/select_NewTaxReturnAmountDue_TaxType' 

2023-10-02 16:46:17 - [TEST_STEP][PASSED] - break: null

2023-10-02 16:46:17 - [TEST_STEP][PASSED] - delay(1): Delayed 1 second(s)

2023-10-02 16:46:18 - [MESSAGE][PASSED] - Delayed 1 second(s)

2023-10-02 16:46:18 - [TEST_STEP][PASSED] - scrollToElement(findTestObject(orPath_Amount + "/input__paymentAmount"), 2, CONTINUE_ON_FAILURE): Scroll to object 'Object Repository/RAD_Pages/PaymentAmount_Page/input__paymentAmount' successfully

2023-10-02 16:46:18 - [MESSAGE][PASSED] - Scroll to object 'Object Repository/RAD_Pages/PaymentAmount_Page/input__paymentAmount' successfully

2023-10-02 16:46:18 - [TEST_STEP][PASSED] - waitForElementClickable(findTestObject(orPath_FilingStatus + "/input_userType_Joint"), 5): Object 'Object Repository/RAD_Pages/FilingStatus_Page/input_userType_Joint' is clickable

2023-10-02 16:46:18 - [MESSAGE][PASSED] - Object 'Object Repository/RAD_Pages/FilingStatus_Page/input_userType_Joint' is clickable

2023-10-02 16:46:18 - [TEST_STEP][PASSED] - click(findTestObject(orPath_FilingStatus + "/input_userType_Joint")): Object: 'Object Repository/RAD_Pages/FilingStatus_Page/input_userType_Joint' is clicked on

2023-10-02 16:46:19 - [MESSAGE][PASSED] - Object: 'Object Repository/RAD_Pages/FilingStatus_Page/input_userType_Joint' is clicked on

2023-10-02 16:46:19 - [TEST_STEP][PASSED] - setText(findTestObject("Object Repository/RAD_RecordAndPlay/input_JointFilerSSN"), "1111165230"): Text '1111165230' is set on object 'Object Repository/RAD_RecordAndPlay/input_JointFilerSSN'

2023-10-02 16:46:19 - [MESSAGE][PASSED] - Text '1111165230' is set on object 'Object Repository/RAD_RecordAndPlay/input_JointFilerSSN'

2023-10-02 16:46:20 - [TEST_STEP][PASSED] - setText(findTestObject(orPath_Amount + "/input__paymentAmount"), ""): Text '' is set on object 'Object Repository/RAD_Pages/PaymentAmount_Page/input__paymentAmount'

2023-10-02 16:46:21 - [MESSAGE][PASSED] - Text '' is set on object 'Object Repository/RAD_Pages/PaymentAmount_Page/input__paymentAmount'

2023-10-02 16:46:21 - [TEST_STEP][PASSED] - delay(2): Delayed 2 second(s)

2023-10-02 16:46:23 - [MESSAGE][PASSED] - Delayed 2 second(s)

2023-10-02 16:46:23 - [TEST_STEP][PASSED] - if (verifyTextPresent("Please enter a valid SSN with 9 digits", true)): null

2023-10-02 16:46:23 - [MESSAGE][PASSED] - Text 'Please enter a valid SSN with 9 digits' is present on page  using regular expression

2023-10-02 16:46:23 - [TEST_STEP][PASSED] - println("Please enter a valid SSN with 9 digits"): null

2023-10-02 16:46:23 - [TEST_STEP][PASSED] - out.println("Pass Record Number: " + row): null

2023-10-02 16:46:23 - [TEST_STEP][PASSED] - resText = "Pass": null

2023-10-02 16:46:23 - [TEST_STEP][PASSED] - pages.WriteExcel.demoKey(resText, datText, resColumn, datCloumn, fileLoc, nameSheet, row): pages.WriteExcel.demoKey is PASSED

2023-10-02 16:46:24 - [MESSAGE][PASSED] - pages.WriteExcel.demoKey is PASSED]]></system-out>
         <system-err><![CDATA[]]></system-err>
      </testcase>
      <system-out><![CDATA[2023-10-02 16:21:12 - [TEST_SUITE][PASSED] - RAD_UI_TestSuite: Test Cases/RAD_TestCases/Negative_TestCases/JointFilerSSNmoreThan9Error]]></system-out>
      <system-err><![CDATA[]]></system-err>
   </testsuite>
</testsuites>
