<?xml version="1.0" encoding="UTF-8"?>
<testsuites name="RAD_UI_TestSuite" time="15.752" tests="1" failures="0" errors="0">
   <testsuite name="RAD_UI_TestSuite" tests="1" failures="0" errors="0" time="15.752" skipped="0" timestamp="2021-10-18 23:22:42" hostname="iahmed - DESKTOP-B2QI6NS.govolution.com" id="Test Suites/RAD_TestSuite/RAD_UI_TestSuite">
      <properties>
         <property name="deviceName" value=""/>
         <property name="devicePlatform" value=""/>
         <property name="logFolder" value="E:\\Cloned-Project-Katalon\\VPS-Katalon\\Reports\\20211018_232239\\RAD_TestSuite\\RAD_UI_TestSuite\\20211018_232239"/>
         <property name="logFiles" value="E:\\Cloned-Project-Katalon\\VPS-Katalon\\Reports\\20211018_232239\\RAD_TestSuite\\RAD_UI_TestSuite\\20211018_232239\\execution0.log"/>
         <property name="attachments" value=""/>
         <property name="hostName" value="iahmed - DESKTOP-B2QI6NS.govolution.com"/>
         <property name="os" value="Windows 10 64bit"/>
         <property name="katalonVersion" value="8.0.5.208"/>
         <property name="browser" value="Chrome 94.0.4606.81"/>
         <property name="hostAddress" value="172.30.2.167"/>
         <property name="sessionId" value="52276607f040407c150d7368adb36434"/>
         <property name="seleniumVersion" value="3.141.59"/>
         <property name="proxyInformation" value="ProxyInformation { proxyOption=NO_PROXY, proxyServerType=HTTP, username=, password=********, proxyServerAddress=, proxyServerPort=0, executionList=&quot;&quot;, isApplyToDesiredCapabilities=true }"/>
         <property name="platform" value="Windows 10"/>
      </properties>
      <testcase name="Test Cases/RAD_TestCases/MRF_TestCases/WithholdingTax_MRF_TC" time="14.144" classname="Test Cases/RAD_TestCases/MRF_TestCases/WithholdingTax_MRF_TC" status="PASSED">
         <system-out><![CDATA[2021-10-18 23:22:43 - [TEST_CASE][PASSED] - Test Cases/RAD_TestCases/MRF_TestCases/WithholdingTax_MRF_TC: Test Cases/RAD_TestCases/MRF_TestCases/WithholdingTax_MRF_TC

2021-10-18 23:22:43 - [TEST_STEP][PASSED] - openBrowser(""): Browser is opened with url: ''

2021-10-18 23:22:44 - [MESSAGE][INFO] - Starting 'Chrome' driver

2021-10-18 23:22:44 - [MESSAGE][INFO] - User set preference: ['acceptInsecureCerts', 'true']

2021-10-18 23:22:44 - [MESSAGE][INFO] - Action delay is set to 0 milliseconds

2021-10-18 23:22:46 - [MESSAGE][PASSED] - Browser is opened with url: ''

2021-10-18 23:22:46 - [TEST_STEP][PASSED] - maximizeWindow(): Current window maximized

2021-10-18 23:22:46 - [MESSAGE][PASSED] - Current window maximized

2021-10-18 23:22:46 - [TEST_STEP][PASSED] - navigateToUrl(RADurl): Navigate to 'https://qa.velocitypayment.com/client/rad/index.html' successfully

2021-10-18 23:22:48 - [MESSAGE][PASSED] - Navigate to 'https://qa.velocitypayment.com/client/rad/index.html' successfully

2021-10-18 23:22:48 - [TEST_STEP][PASSED] - orPath_Landing = "Object Repository/RAD_Pages/Landing_Page": null

2021-10-18 23:22:48 - [TEST_STEP][PASSED] - orPath_Amount = "Object Repository/RAD_Pages/PaymentAmount_Page": null

2021-10-18 23:22:48 - [TEST_STEP][PASSED] - orPath_FilingStatus = "Object Repository/RAD_Pages/FilingStatus_Page": null

2021-10-18 23:22:48 - [TEST_STEP][PASSED] - selectOptionByLabel(findTestObject(orPath_Landing + "/dd_TaxType"), "Withholding Tax", false): All options with label 'Withholding Tax' are selected in object 'Object Repository/RAD_Pages/Landing_Page/dd_TaxType' 

2021-10-18 23:22:49 - [MESSAGE][PASSED] - All options with label 'Withholding Tax' are selected in object 'Object Repository/RAD_Pages/Landing_Page/dd_TaxType' 

2021-10-18 23:22:49 - [TEST_STEP][PASSED] - scrollToElement(findTestObject(orPath_Landing + "/button_Continue"), 3): Scroll to object 'Object Repository/RAD_Pages/Landing_Page/button_Continue' successfully

2021-10-18 23:22:49 - [MESSAGE][PASSED] - Scroll to object 'Object Repository/RAD_Pages/Landing_Page/button_Continue' successfully

2021-10-18 23:22:49 - [TEST_STEP][PASSED] - waitForElementClickable(findTestObject(orPath_Landing + "/button_Continue"), 5): Object 'Object Repository/RAD_Pages/Landing_Page/button_Continue' is clickable

2021-10-18 23:22:50 - [MESSAGE][PASSED] - Object 'Object Repository/RAD_Pages/Landing_Page/button_Continue' is clickable

2021-10-18 23:22:50 - [TEST_STEP][PASSED] - click(findTestObject(orPath_Landing + "/button_Continue")): Object: 'Object Repository/RAD_Pages/Landing_Page/button_Continue' is clicked on

2021-10-18 23:22:50 - [MESSAGE][PASSED] - Object: 'Object Repository/RAD_Pages/Landing_Page/button_Continue' is clicked on

2021-10-18 23:22:50 - [TEST_STEP][PASSED] - verifyTextPresent("Select a filing year", true): Text 'Select a filing year' is present on page  using regular expression

2021-10-18 23:22:51 - [MESSAGE][PASSED] - Text 'Select a filing year' is present on page  using regular expression

2021-10-18 23:22:51 - [TEST_STEP][PASSED] - verifyTextPresent("Enter business name", true): Text 'Enter business name' is present on page  using regular expression

2021-10-18 23:22:51 - [MESSAGE][PASSED] - Text 'Enter business name' is present on page  using regular expression

2021-10-18 23:22:51 - [TEST_STEP][PASSED] - verifyTextPresent("Enter first name", true): Text 'Enter first name' is present on page  using regular expression

2021-10-18 23:22:52 - [MESSAGE][PASSED] - Text 'Enter first name' is present on page  using regular expression

2021-10-18 23:22:52 - [TEST_STEP][PASSED] - verifyTextPresent("Enter last name", true): Text 'Enter last name' is present on page  using regular expression

2021-10-18 23:22:52 - [MESSAGE][PASSED] - Text 'Enter last name' is present on page  using regular expression

2021-10-18 23:22:52 - [TEST_STEP][PASSED] - verifyTextPresent("Select a country", true): Text 'Select a country' is present on page  using regular expression

2021-10-18 23:22:53 - [MESSAGE][PASSED] - Text 'Select a country' is present on page  using regular expression

2021-10-18 23:22:53 - [TEST_STEP][PASSED] - verifyTextPresent("Enter address", true): Text 'Enter address' is present on page  using regular expression

2021-10-18 23:22:53 - [MESSAGE][PASSED] - Text 'Enter address' is present on page  using regular expression

2021-10-18 23:22:53 - [TEST_STEP][PASSED] - verifyTextPresent("Enter city", true): Text 'Enter city' is present on page  using regular expression

2021-10-18 23:22:53 - [MESSAGE][PASSED] - Text 'Enter city' is present on page  using regular expression

2021-10-18 23:22:53 - [TEST_STEP][PASSED] - verifyTextPresent("Select a state", true): Text 'Select a state' is present on page  using regular expression

2021-10-18 23:22:54 - [MESSAGE][PASSED] - Text 'Select a state' is present on page  using regular expression

2021-10-18 23:22:54 - [TEST_STEP][PASSED] - verifyTextPresent("Enter ZIP code", true): Text 'Enter ZIP code' is present on page  using regular expression

2021-10-18 23:22:54 - [MESSAGE][PASSED] - Text 'Enter ZIP code' is present on page  using regular expression

2021-10-18 23:22:54 - [TEST_STEP][PASSED] - verifyTextPresent("Enter a phone number", true): Text 'Enter a phone number' is present on page  using regular expression

2021-10-18 23:22:54 - [MESSAGE][PASSED] - Text 'Enter a phone number' is present on page  using regular expression

2021-10-18 23:22:54 - [TEST_STEP][PASSED] - verifyTextPresent("Enter Email", true): Text 'Enter Email' is present on page  using regular expression

2021-10-18 23:22:55 - [MESSAGE][PASSED] - Text 'Enter Email' is present on page  using regular expression

2021-10-18 23:22:55 - [TEST_STEP][PASSED] - verifyTextPresent("The Email and Re-enter email do not match", true): Text 'The Email and Re-enter email do not match' is present on page  using regular expression

2021-10-18 23:22:55 - [MESSAGE][PASSED] - Text 'The Email and Re-enter email do not match' is present on page  using regular expression

2021-10-18 23:22:55 - [TEST_STEP][PASSED] - verifyTextPresent("Enter Federal EIN", true): Text 'Enter Federal EIN' is present on page  using regular expression

2021-10-18 23:22:56 - [MESSAGE][PASSED] - Text 'Enter Federal EIN' is present on page  using regular expression

2021-10-18 23:22:56 - [TEST_STEP][PASSED] - verifyTextPresent("The federal EIN and Re-enter federal EIN", true): Text 'The federal EIN and Re-enter federal EIN' is present on page  using regular expression

2021-10-18 23:22:56 - [MESSAGE][PASSED] - Text 'The federal EIN and Re-enter federal EIN' is present on page  using regular expression

2021-10-18 23:22:56 - [TEST_STEP][PASSED] - verifyTextPresent("Select reporting period", true): Text 'Select reporting period' is present on page  using regular expression

2021-10-18 23:22:56 - [MESSAGE][PASSED] - Text 'Select reporting period' is present on page  using regular expression

2021-10-18 23:22:56 - [TEST_STEP][PASSED] - verifyTextPresent("Withholding amount must be greater than zero and less than 10,000,000", true): Text 'Withholding amount must be greater than zero and less than 10,000,000' is present on page  using regular expression

2021-10-18 23:22:57 - [MESSAGE][PASSED] - Text 'Withholding amount must be greater than zero and less than 10,000,000' is present on page  using regular expression

2021-10-18 23:22:57 - [TEST_STEP][PASSED] - verifyTextPresent("Payment amount must be greater than zero and less than 10,000,000", true): Text 'Payment amount must be greater than zero and less than 10,000,000' is present on page  using regular expression

2021-10-18 23:22:57 - [MESSAGE][PASSED] - Text 'Payment amount must be greater than zero and less than 10,000,000' is present on page  using regular expression]]></system-out>
         <system-err><![CDATA[]]></system-err>
      </testcase>
      <system-out><![CDATA[2021-10-18 23:22:42 - [TEST_SUITE][PASSED] - RAD_UI_TestSuite: Test Cases/RAD_TestCases/MRF_TestCases/WithholdingTax_MRF_TC]]></system-out>
      <system-err><![CDATA[]]></system-err>
   </testsuite>
</testsuites>
