<?xml version="1.0" encoding="UTF-8"?>
<testsuites name="RAD_UI_TestSuite" time="3571.93" tests="7" failures="0" errors="0">
   <testsuite name="RAD_UI_TestSuite" tests="7" failures="0" errors="0" time="3571.93" skipped="0" timestamp="2024-11-12 15:54:32" hostname="imtiaz - DESKTOP-B2QI6NS.govolution.com" id="Test Suites/RAD_TestSuite/RAD_UI_TestSuite">
      <properties>
         <property name="deviceName" value=""/>
         <property name="devicePlatform" value=""/>
         <property name="logFolder" value="E:\\Cloned-Project-Katalon\\VPS-Katalon\\Reports\\20241112_155426\\RAD_TestSuite\\RAD_UI_TestSuite\\20241112_155426"/>
         <property name="logFiles" value="E:\\Cloned-Project-Katalon\\VPS-Katalon\\Reports\\20241112_155426\\RAD_TestSuite\\RAD_UI_TestSuite\\20241112_155426\\execution0.log, E:\\Cloned-Project-Katalon\\VPS-Katalon\\Reports\\20241112_155426\\RAD_TestSuite\\RAD_UI_TestSuite\\20241112_155426\\execution1.log"/>
         <property name="attachments" value=""/>
         <property name="hostName" value="imtiaz - DESKTOP-B2QI6NS.govolution.com"/>
         <property name="os" value="Windows 10 64bit"/>
         <property name="katalonVersion" value="8.6.9.208"/>
         <property name="browser" value="Chrome 130.0.0.0"/>
         <property name="hostAddress" value="172.31.253.185"/>
         <property name="sessionId" value="7d6d1f013d998d7f083fbd291eb50942"/>
         <property name="seleniumVersion" value="3.141.59"/>
         <property name="proxyInformation" value="ProxyInformation { proxyOption=NO_PROXY, proxyServerType=HTTP, username=, password=********, proxyServerAddress=, proxyServerPort=0, executionList=&quot;&quot;, isApplyToDesiredCapabilities=true }"/>
         <property name="platform" value="Windows 10"/>
      </properties>
      <testcase name="Test Cases/RAD_TestCases/Summary_TestCases/Estimated_Summary_TC" time="232.361" classname="Test Cases/RAD_TestCases/Summary_TestCases/Estimated_Summary_TC" status="PASSED">
         <system-out><![CDATA[2024-11-12 15:54:33 - [TEST_CASE][PASSED] - Test Cases/RAD_TestCases/Summary_TestCases/Estimated_Summary_TC: Test Cases/RAD_TestCases/Summary_TestCases/Estimated_Summary_TC

2024-11-12 15:54:33 - [TEST_STEP][PASSED] - resText = "Fail": null

2024-11-12 15:54:33 - [TEST_STEP][PASSED] - resColumn = "Result": null

2024-11-12 15:54:33 - [TEST_STEP][PASSED] - datCloumn = "Date": null

2024-11-12 15:54:33 - [TEST_STEP][PASSED] - fileLoc = "KatalonData/RADTestData/Summary.xlsx": null

2024-11-12 15:54:33 - [TEST_STEP][PASSED] - nameSheet = "Estimated": null

2024-11-12 15:54:33 - [TEST_STEP][PASSED] - dataFile = "RADTestData/Summary_Estimated": null

2024-11-12 15:54:33 - [TEST_STEP][PASSED] - orPath_Landing = "Object Repository/RAD_Pages/Landing_Page": null

2024-11-12 15:54:33 - [TEST_STEP][PASSED] - orPath_TaxTypeFilingYear = "Object Repository/RAD_Pages/TaxTypeFilingYear_Page": null

2024-11-12 15:54:33 - [TEST_STEP][PASSED] - orPath_Amount = "Object Repository/RAD_Pages/PaymentAmount_Page": null

2024-11-12 15:54:33 - [TEST_STEP][PASSED] - orPath_AddressContact = "Object Repository/RAD_Pages/AddressAndContactInfo_Page": null

2024-11-12 15:54:33 - [TEST_STEP][PASSED] - orPath_Summary = "Object Repository/RAD_Pages/Summary_Page": null

2024-11-12 15:54:33 - [TEST_STEP][PASSED] - orPath_PaymentConfirmation = "Object Repository/RAD_Pages/PaymentConfirmation_Page": null

2024-11-12 15:54:33 - [TEST_STEP][PASSED] - orPath_ServiceFeesAccept = "Object Repository/RAD_Pages/ServiceFeeAccept_Page": null

2024-11-12 15:54:33 - [TEST_STEP][PASSED] - orPath_PaymentEntry = "Object Repository/RAD_Pages/PaymentEntry_Page": null

2024-11-12 15:54:33 - [TEST_STEP][PASSED] - orPath_TaxInfo = "Object Repository/RAD_Pages/TaxInfo_Page": null

2024-11-12 15:54:33 - [TEST_STEP][PASSED] - ExecuteTC = <not implemented yet for class: org.codehaus.groovy.ast.expr.EmptyExpression>: null

2024-11-12 15:54:33 - [TEST_STEP][PASSED] - TaxType = <not implemented yet for class: org.codehaus.groovy.ast.expr.EmptyExpression>: null

2024-11-12 15:54:33 - [TEST_STEP][PASSED] - PaymentType = <not implemented yet for class: org.codehaus.groovy.ast.expr.EmptyExpression>: null

2024-11-12 15:54:33 - [TEST_STEP][PASSED] - FilingYear = <not implemented yet for class: org.codehaus.groovy.ast.expr.EmptyExpression>: null

2024-11-12 15:54:33 - [TEST_STEP][PASSED] - PeriodEndingMonth = <not implemented yet for class: org.codehaus.groovy.ast.expr.EmptyExpression>: null

2024-11-12 15:54:33 - [TEST_STEP][PASSED] - feinSSN = <not implemented yet for class: org.codehaus.groovy.ast.expr.EmptyExpression>: null

2024-11-12 15:54:33 - [TEST_STEP][PASSED] - numOfRows = findTestData(dataFile).getRowNumbers(): null

2024-11-12 15:54:34 - [TEST_STEP][PASSED] - println("Number of Records: " + numOfRows): null

2024-11-12 15:54:34 - [TEST_STEP][PASSED] - for ([row = 1, row <= numOfRows, (row++)]): Object 'Object Repository/RAD_Pages/PaymentEntry_Page/input__billingName' is present

2024-11-12 15:54:34 - [TEST_STEP][PASSED] - ExecuteTC = findTestData(dataFile).getValue("Execute", row): null

2024-11-12 15:54:35 - [TEST_STEP][PASSED] - TaxType = findTestData(dataFile).getValue("TaxType", row): null

2024-11-12 15:54:35 - [TEST_STEP][PASSED] - PaymentType = findTestData(dataFile).getValue("PaymentType", row): null

2024-11-12 15:54:35 - [TEST_STEP][PASSED] - FilingYear = findTestData(dataFile).getValue("Year", row): null

2024-11-12 15:54:35 - [TEST_STEP][PASSED] - PeriodEndingMonth = findTestData(dataFile).getValue("Month", row): null

2024-11-12 15:54:36 - [TEST_STEP][PASSED] - feinSSN = findTestData(dataFile).getValue("FeinSsn", row): null

2024-11-12 15:54:36 - [TEST_STEP][PASSED] - if (ExecuteTC.equalsIgnoreCase("Y")): Object 'Object Repository/RAD_Pages/PaymentEntry_Page/input__billingName' is present

2024-11-12 15:54:36 - [TEST_STEP][PASSED] - out.println("Begin Record Number: " + row): null

2024-11-12 15:54:36 - [TEST_STEP][PASSED] - today = new java.util.Date(): null

2024-11-12 15:54:36 - [TEST_STEP][PASSED] - println(today): null

2024-11-12 15:54:36 - [TEST_STEP][PASSED] - datText = today: null

2024-11-12 15:54:36 - [TEST_STEP][PASSED] - logInfo("Payment Type: Quarterly Estimated Tax"): Payment Type: Quarterly Estimated Tax

2024-11-12 15:54:36 - [MESSAGE][INFO] - Payment Type: Quarterly Estimated Tax

2024-11-12 15:54:36 - [TEST_STEP][PASSED] - logInfo("Tax Type: " + TaxType): Tax Type: Corporate Income Tax

2024-11-12 15:54:36 - [MESSAGE][INFO] - Tax Type: Corporate Income Tax

2024-11-12 15:54:36 - [TEST_STEP][PASSED] - openBrowser(""): Browser is opened with url: ''

2024-11-12 15:54:37 - [MESSAGE][INFO] - Starting 'Chrome' driver

2024-11-12 15:54:37 - [MESSAGE][INFO] - User set preference: ['acceptInsecureCerts', 'true']

2024-11-12 15:54:37 - [MESSAGE][INFO] - Action delay is set to 0 milliseconds

2024-11-12 15:54:41 - [MESSAGE][PASSED] - Browser is opened with url: ''

2024-11-12 15:54:41 - [TEST_STEP][PASSED] - maximizeWindow(): Current window maximized

2024-11-12 15:54:41 - [MESSAGE][PASSED] - Current window maximized

2024-11-12 15:54:41 - [TEST_STEP][PASSED] - navigateToUrl(RADurl): Navigate to 'https://www.velocitypayment.com/client/rad/index.html' successfully

2024-11-12 15:54:43 - [MESSAGE][PASSED] - Navigate to 'https://www.velocitypayment.com/client/rad/index.html' successfully

2024-11-12 15:54:43 - [TEST_STEP][PASSED] - selectOptionByLabel(findTestObject(orPath_Landing + "/dd_TaxType"), "Quarterly Estimated Tax", false): All options with label 'Quarterly Estimated Tax' are selected in object 'Object Repository/RAD_Pages/Landing_Page/dd_TaxType' 

2024-11-12 15:54:44 - [MESSAGE][PASSED] - All options with label 'Quarterly Estimated Tax' are selected in object 'Object Repository/RAD_Pages/Landing_Page/dd_TaxType' 

2024-11-12 15:54:44 - [TEST_STEP][PASSED] - selectOptionByLabel(findTestObject(orPath_TaxTypeFilingYear + "/select_PaymentType"), TaxType, false): All options with label 'Corporate Income Tax' are selected in object 'Object Repository/RAD_Pages/TaxTypeFilingYear_Page/select_PaymentType' 

2024-11-12 15:54:45 - [MESSAGE][PASSED] - All options with label 'Corporate Income Tax' are selected in object 'Object Repository/RAD_Pages/TaxTypeFilingYear_Page/select_PaymentType' 

2024-11-12 15:54:45 - [TEST_STEP][PASSED] - selectOptionByLabel(findTestObject(orPath_TaxTypeFilingYear + "/select_FilingYear"), FilingYear, false): All options with label '2024' are selected in object 'Object Repository/RAD_Pages/TaxTypeFilingYear_Page/select_FilingYear' 

2024-11-12 15:54:45 - [MESSAGE][PASSED] - All options with label '2024' are selected in object 'Object Repository/RAD_Pages/TaxTypeFilingYear_Page/select_FilingYear' 

2024-11-12 15:54:45 - [TEST_STEP][PASSED] - selectOptionByLabel(findTestObject(orPath_TaxTypeFilingYear + "/select_PeriodEnding"), PeriodEndingMonth, false): All options with label 'March' are selected in object 'Object Repository/RAD_Pages/TaxTypeFilingYear_Page/select_PeriodEnding' 

2024-11-12 15:54:46 - [MESSAGE][PASSED] - All options with label 'March' are selected in object 'Object Repository/RAD_Pages/TaxTypeFilingYear_Page/select_PeriodEnding' 

2024-11-12 15:54:46 - [TEST_STEP][PASSED] - rad.getSetDataRAD.setDataRADBusinessName(): rad.getSetDataRAD.setDataRADBusinessName is PASSED

2024-11-12 15:54:47 - [MESSAGE][PASSED] - Text 'My Company' is set on object 'Object Repository/RAD_Pages/Taxpayer_Page/input_businessName'

2024-11-12 15:54:47 - [MESSAGE][PASSED] - rad.getSetDataRAD.setDataRADBusinessName is PASSED

2024-11-12 15:54:47 - [TEST_STEP][PASSED] - rad.getSetDataRAD.setDataRADBusinessRep(): rad.getSetDataRAD.setDataRADBusinessRep is PASSED

2024-11-12 15:54:48 - [MESSAGE][PASSED] - Text 'BusRepFname' is set on object 'Object Repository/RAD_Pages/Taxpayer_Page/input_BusinessRepfirstName'

2024-11-12 15:54:48 - [MESSAGE][PASSED] - Text '' is set on object 'Object Repository/RAD_Pages/Taxpayer_Page/input_BusinessRepmiddleName'

2024-11-12 15:54:49 - [MESSAGE][PASSED] - Text 'BusRepLname' is set on object 'Object Repository/RAD_Pages/Taxpayer_Page/input_BusinessReplastName'

2024-11-12 15:54:50 - [MESSAGE][PASSED] - Text '' is set on object 'Object Repository/RAD_Pages/Taxpayer_Page/input_BusinessRepsuffix'

2024-11-12 15:54:50 - [MESSAGE][PASSED] - rad.getSetDataRAD.setDataRADBusinessRep is PASSED

2024-11-12 15:54:50 - [TEST_STEP][PASSED] - rad.getSetDataRAD.setDataRADAddress(): rad.getSetDataRAD.setDataRADAddress is PASSED

2024-11-12 15:54:50 - [MESSAGE][PASSED] - All options with label 'United States' are selected in object 'Object Repository/RAD_Pages/AddressAndContactInfo_Page/select_Country' 

2024-11-12 15:54:51 - [MESSAGE][PASSED] - Text '2508 Mandan Terrace' is set on object 'Object Repository/RAD_Pages/AddressAndContactInfo_Page/input_streetAddress1'

2024-11-12 15:54:52 - [MESSAGE][PASSED] - Text '' is set on object 'Object Repository/RAD_Pages/AddressAndContactInfo_Page/input_streetAddress2'

2024-11-12 15:54:53 - [MESSAGE][PASSED] - Text 'Gambrills' is set on object 'Object Repository/RAD_Pages/AddressAndContactInfo_Page/input_city'

2024-11-12 15:54:53 - [MESSAGE][PASSED] - All options with label 'Maryland' are selected in object 'Object Repository/RAD_Pages/AddressAndContactInfo_Page/select_State' 

2024-11-12 15:54:54 - [MESSAGE][PASSED] - Text '21054' is set on object 'Object Repository/RAD_Pages/AddressAndContactInfo_Page/input_zipCode'

2024-11-12 15:54:55 - [MESSAGE][PASSED] - Text '(703) 894-5000' is set on object 'Object Repository/RAD_Pages/AddressAndContactInfo_Page/input_phoneNumber'

2024-11-12 15:54:56 - [MESSAGE][PASSED] - Text 'iahmed@govolution.com' is set on object 'Object Repository/RAD_Pages/AddressAndContactInfo_Page/input_eMailAddress'

2024-11-12 15:54:57 - [MESSAGE][PASSED] - Text 'iahmed@govolution.com' is set on object 'Object Repository/RAD_Pages/AddressAndContactInfo_Page/input_reEnterEMailAddress'

2024-11-12 15:54:57 - [MESSAGE][PASSED] - rad.getSetDataRAD.setDataRADAddress is PASSED

2024-11-12 15:54:57 - [TEST_STEP][PASSED] - if (feinSSN.equalsIgnoreCase("Y")): null

2024-11-12 15:54:57 - [TEST_STEP][PASSED] - else: Text ****** has been set on object 'Object Repository/RAD_Pages/TaxInfo_Page/input_FederalEIN_ReEnter'

2024-11-12 15:54:57 - [TEST_STEP][PASSED] - setEncryptedText(findTestObject(orPath_TaxInfo + "/input_FederalEIN"), "z9YBWxGcVPxtlZ7P2Sn0PQ=="): Text ****** has been set on object 'Object Repository/RAD_Pages/TaxInfo_Page/input_FederalEIN'

2024-11-12 15:54:57 - [MESSAGE][PASSED] - Text ****** has been set on object 'Object Repository/RAD_Pages/TaxInfo_Page/input_FederalEIN'

2024-11-12 15:54:57 - [TEST_STEP][PASSED] - setEncryptedText(findTestObject(orPath_TaxInfo + "/input_FederalEIN_ReEnter"), "z9YBWxGcVPxtlZ7P2Sn0PQ=="): Text ****** has been set on object 'Object Repository/RAD_Pages/TaxInfo_Page/input_FederalEIN_ReEnter'

2024-11-12 15:54:58 - [MESSAGE][PASSED] - Text ****** has been set on object 'Object Repository/RAD_Pages/TaxInfo_Page/input_FederalEIN_ReEnter'

2024-11-12 15:54:58 - [TEST_STEP][PASSED] - setText(findTestObject(orPath_Amount + "/input__paymentAmount"), "100.00"): Text '100.00' is set on object 'Object Repository/RAD_Pages/PaymentAmount_Page/input__paymentAmount'

2024-11-12 15:54:59 - [MESSAGE][PASSED] - Text '100.00' is set on object 'Object Repository/RAD_Pages/PaymentAmount_Page/input__paymentAmount'

2024-11-12 15:54:59 - [TEST_STEP][PASSED] - setText(findTestObject(orPath_AddressContact + "/input_streetAddress2"), ""): Text '' is set on object 'Object Repository/RAD_Pages/AddressAndContactInfo_Page/input_streetAddress2'

2024-11-12 15:54:59 - [MESSAGE][PASSED] - Text '' is set on object 'Object Repository/RAD_Pages/AddressAndContactInfo_Page/input_streetAddress2'

2024-11-12 15:54:59 - [TEST_STEP][PASSED] - scrollToElement(findTestObject(orPath_Landing + "/button_Continue"), 3): Scroll to object 'Object Repository/RAD_Pages/Landing_Page/button_Continue' successfully

2024-11-12 15:55:00 - [MESSAGE][PASSED] - Scroll to object 'Object Repository/RAD_Pages/Landing_Page/button_Continue' successfully

2024-11-12 15:55:00 - [TEST_STEP][PASSED] - waitForElementClickable(findTestObject(orPath_Landing + "/button_Continue"), 5): Object 'Object Repository/RAD_Pages/Landing_Page/button_Continue' is clickable

2024-11-12 15:55:00 - [MESSAGE][PASSED] - Object 'Object Repository/RAD_Pages/Landing_Page/button_Continue' is clickable

2024-11-12 15:55:00 - [TEST_STEP][PASSED] - click(findTestObject(orPath_Landing + "/button_Continue")): Object: 'Object Repository/RAD_Pages/Landing_Page/button_Continue' is clicked on

2024-11-12 15:55:01 - [MESSAGE][PASSED] - Object: 'Object Repository/RAD_Pages/Landing_Page/button_Continue' is clicked on

2024-11-12 15:55:01 - [TEST_STEP][PASSED] - delay(2): Delayed 2 second(s)

2024-11-12 15:55:03 - [MESSAGE][PASSED] - Delayed 2 second(s)

2024-11-12 15:55:03 - [TEST_STEP][PASSED] - verifyTextPresent("Summary", true): Text 'Summary' is present on page  using regular expression

2024-11-12 15:55:03 - [MESSAGE][PASSED] - Text 'Summary' is present on page  using regular expression

2024-11-12 15:55:03 - [TEST_STEP][PASSED] - verifyTextPresent("Review the information below and make any necessary corrections by clicking the", true): Text 'Review the information below and make any necessary corrections by clicking the' is present on page  using regular expression

2024-11-12 15:55:04 - [MESSAGE][PASSED] - Text 'Review the information below and make any necessary corrections by clicking the' is present on page  using regular expression

2024-11-12 15:55:04 - [TEST_STEP][PASSED] - verifyTextPresent("When you are confident that all the information is correct, click the", true): Text 'When you are confident that all the information is correct, click the' is present on page  using regular expression

2024-11-12 15:55:04 - [MESSAGE][PASSED] - Text 'When you are confident that all the information is correct, click the' is present on page  using regular expression

2024-11-12 15:55:04 - [TEST_STEP][PASSED] - verifyTextPresent("Payment Type/Filing Year", true): Text 'Payment Type/Filing Year' is present on page  using regular expression

2024-11-12 15:55:04 - [MESSAGE][PASSED] - Text 'Payment Type/Filing Year' is present on page  using regular expression

2024-11-12 15:55:04 - [TEST_STEP][PASSED] - verifyTextPresent("Payment Type:", true): Text 'Payment Type:' is present on page  using regular expression

2024-11-12 15:55:05 - [MESSAGE][PASSED] - Text 'Payment Type:' is present on page  using regular expression

2024-11-12 15:55:05 - [TEST_STEP][PASSED] - verifyTextPresent("Quarterly Estimated Tax", true): Text 'Quarterly Estimated Tax' is present on page  using regular expression

2024-11-12 15:55:05 - [MESSAGE][PASSED] - Text 'Quarterly Estimated Tax' is present on page  using regular expression

2024-11-12 15:55:05 - [TEST_STEP][PASSED] - verifyTextPresent("Filing Year:", true): Text 'Filing Year:' is present on page  using regular expression

2024-11-12 15:55:05 - [MESSAGE][PASSED] - Text 'Filing Year:' is present on page  using regular expression

2024-11-12 15:55:05 - [TEST_STEP][PASSED] - verifyTextPresent(FilingYear, true): Text '2024' is present on page  using regular expression

2024-11-12 15:55:06 - [MESSAGE][PASSED] - Text '2024' is present on page  using regular expression

2024-11-12 15:55:06 - [TEST_STEP][PASSED] - verifyTextPresent("Period Ending:", true): Text 'Period Ending:' is present on page  using regular expression

2024-11-12 15:55:06 - [MESSAGE][PASSED] - Text 'Period Ending:' is present on page  using regular expression

2024-11-12 15:55:06 - [TEST_STEP][PASSED] - verifyTextPresent(PeriodEndingMonth, true): Text 'March' is present on page  using regular expression

2024-11-12 15:55:06 - [MESSAGE][PASSED] - Text 'March' is present on page  using regular expression

2024-11-12 15:55:06 - [TEST_STEP][PASSED] - verifyTextPresent("Payer Information", true): Text 'Payer Information' is present on page  using regular expression

2024-11-12 15:55:07 - [MESSAGE][PASSED] - Text 'Payer Information' is present on page  using regular expression

2024-11-12 15:55:07 - [TEST_STEP][PASSED] - verifyTextPresent("Taxpayer Name:", true): Text 'Taxpayer Name:' is present on page  using regular expression

2024-11-12 15:55:07 - [MESSAGE][PASSED] - Text 'Taxpayer Name:' is present on page  using regular expression

2024-11-12 15:55:07 - [TEST_STEP][PASSED] - verifyTextPresent("My Company", true): Text 'My Company' is present on page  using regular expression

2024-11-12 15:55:07 - [MESSAGE][PASSED] - Text 'My Company' is present on page  using regular expression

2024-11-12 15:55:07 - [TEST_STEP][PASSED] - verifyTextPresent("Business Rep Name:", true): Text 'Business Rep Name:' is present on page  using regular expression

2024-11-12 15:55:08 - [MESSAGE][PASSED] - Text 'Business Rep Name:' is present on page  using regular expression

2024-11-12 15:55:08 - [TEST_STEP][PASSED] - verifyTextPresent("BusRepFname BusRepLname", true): Text 'BusRepFname BusRepLname' is present on page  using regular expression

2024-11-12 15:55:08 - [MESSAGE][PASSED] - Text 'BusRepFname BusRepLname' is present on page  using regular expression

2024-11-12 15:55:08 - [TEST_STEP][PASSED] - verifyTextPresent("Taxpayer Address:", true): Text 'Taxpayer Address:' is present on page  using regular expression

2024-11-12 15:55:08 - [MESSAGE][PASSED] - Text 'Taxpayer Address:' is present on page  using regular expression

2024-11-12 15:55:08 - [TEST_STEP][PASSED] - verifyTextPresent("2508 Mandan Terrace Gambrills Maryland 21054", true): Text '2508 Mandan Terrace Gambrills Maryland 21054' is present on page  using regular expression

2024-11-12 15:55:09 - [MESSAGE][PASSED] - Text '2508 Mandan Terrace Gambrills Maryland 21054' is present on page  using regular expression

2024-11-12 15:55:09 - [TEST_STEP][PASSED] - verifyTextPresent("Email:", true): Text 'Email:' is present on page  using regular expression

2024-11-12 15:55:09 - [MESSAGE][PASSED] - Text 'Email:' is present on page  using regular expression

2024-11-12 15:55:09 - [TEST_STEP][PASSED] - verifyTextPresent("iahmed@govolution.com", true): Text 'iahmed@govolution.com' is present on page  using regular expression

2024-11-12 15:55:09 - [MESSAGE][PASSED] - Text 'iahmed@govolution.com' is present on page  using regular expression

2024-11-12 15:55:09 - [TEST_STEP][PASSED] - verifyTextPresent("Phone:", true): Text 'Phone:' is present on page  using regular expression

2024-11-12 15:55:10 - [MESSAGE][PASSED] - Text 'Phone:' is present on page  using regular expression

2024-11-12 15:55:10 - [TEST_STEP][PASSED] - verifyTextPresent("(703) 894-5000", false): Text '(703) 894-5000' is present on page 

2024-11-12 15:55:10 - [MESSAGE][PASSED] - Text '(703) 894-5000' is present on page 

2024-11-12 15:55:10 - [TEST_STEP][PASSED] - verifyTextPresent("Tax Information", true): Text 'Tax Information' is present on page  using regular expression

2024-11-12 15:55:10 - [MESSAGE][PASSED] - Text 'Tax Information' is present on page  using regular expression

2024-11-12 15:55:10 - [TEST_STEP][PASSED] - if (feinSSN.equalsIgnoreCase("Y")): null

2024-11-12 15:55:10 - [TEST_STEP][PASSED] - else: Text 'XXXXXXX90' is present on page  using regular expression

2024-11-12 15:55:10 - [TEST_STEP][PASSED] - verifyTextPresent("Federal EIN:", true): Text 'Federal EIN:' is present on page  using regular expression

2024-11-12 15:55:11 - [MESSAGE][PASSED] - Text 'Federal EIN:' is present on page  using regular expression

2024-11-12 15:55:11 - [TEST_STEP][PASSED] - verifyTextNotPresent("FEIN/SSN:", true): Text 'FEIN/SSN:' is not present on page using regular expression

2024-11-12 15:55:11 - [MESSAGE][PASSED] - Text 'FEIN/SSN:' is not present on page using regular expression

2024-11-12 15:55:11 - [TEST_STEP][PASSED] - verifyTextPresent("XXXXXXX90", true): Text 'XXXXXXX90' is present on page  using regular expression

2024-11-12 15:55:11 - [MESSAGE][PASSED] - Text 'XXXXXXX90' is present on page  using regular expression

2024-11-12 15:55:11 - [TEST_STEP][PASSED] - verifyTextPresent("Payment Amount:", true): Text 'Payment Amount:' is present on page  using regular expression

2024-11-12 15:55:12 - [MESSAGE][PASSED] - Text 'Payment Amount:' is present on page  using regular expression

2024-11-12 15:55:12 - [TEST_STEP][PASSED] - verifyTextPresent("100.00", true): Text '100.00' is present on page  using regular expression

2024-11-12 15:55:12 - [MESSAGE][PASSED] - Text '100.00' is present on page  using regular expression

2024-11-12 15:55:12 - [TEST_STEP][PASSED] - if (verifyElementVisible(findTestObject(orPath_Summary + "/button_Proceed to Payment"))): null

2024-11-12 15:55:12 - [MESSAGE][PASSED] - Object 'Object Repository/RAD_Pages/Summary_Page/button_Proceed to Payment' is visible

2024-11-12 15:55:12 - [TEST_STEP][PASSED] - resText = "Pass": null

2024-11-12 15:55:12 - [TEST_STEP][PASSED] - pages.WriteExcel.demoKey(resText, datText, resColumn, datCloumn, fileLoc, nameSheet, row): pages.WriteExcel.demoKey is PASSED

2024-11-12 15:55:13 - [MESSAGE][PASSED] - pages.WriteExcel.demoKey is PASSED

2024-11-12 15:55:13 - [TEST_STEP][PASSED] - click(findTestObject(orPath_Summary + "/button_Proceed to Payment")): Object: 'Object Repository/RAD_Pages/Summary_Page/button_Proceed to Payment' is clicked on

2024-11-12 15:55:15 - [MESSAGE][PASSED] - Object: 'Object Repository/RAD_Pages/Summary_Page/button_Proceed to Payment' is clicked on

2024-11-12 15:55:15 - [TEST_STEP][PASSED] - verifyElementPresent(findTestObject("Object Repository/RAD_Pages/PaymentEntry_Page/input__billingName"), 30): Object 'Object Repository/RAD_Pages/PaymentEntry_Page/input__billingName' is present

2024-11-12 15:55:16 - [MESSAGE][PASSED] - Object 'Object Repository/RAD_Pages/PaymentEntry_Page/input__billingName' is present

2024-11-12 15:55:16 - [TEST_STEP][PASSED] - ExecuteTC = findTestData(dataFile).getValue("Execute", row): null

2024-11-12 15:55:16 - [TEST_STEP][PASSED] - TaxType = findTestData(dataFile).getValue("TaxType", row): null

2024-11-12 15:55:16 - [TEST_STEP][PASSED] - PaymentType = findTestData(dataFile).getValue("PaymentType", row): null

2024-11-12 15:55:16 - [TEST_STEP][PASSED] - FilingYear = findTestData(dataFile).getValue("Year", row): null

2024-11-12 15:55:16 - [TEST_STEP][PASSED] - PeriodEndingMonth = findTestData(dataFile).getValue("Month", row): null

2024-11-12 15:55:16 - [TEST_STEP][PASSED] - feinSSN = findTestData(dataFile).getValue("FeinSsn", row): null

2024-11-12 15:55:16 - [TEST_STEP][PASSED] - if (ExecuteTC.equalsIgnoreCase("Y")): Object 'Object Repository/RAD_Pages/PaymentEntry_Page/input__billingName' is present

2024-11-12 15:55:16 - [TEST_STEP][PASSED] - out.println("Begin Record Number: " + row): null

2024-11-12 15:55:16 - [TEST_STEP][PASSED] - today = new java.util.Date(): null

2024-11-12 15:55:16 - [TEST_STEP][PASSED] - println(today): null

2024-11-12 15:55:16 - [TEST_STEP][PASSED] - datText = today: null

2024-11-12 15:55:16 - [TEST_STEP][PASSED] - logInfo("Payment Type: Quarterly Estimated Tax"): Payment Type: Quarterly Estimated Tax

2024-11-12 15:55:16 - [MESSAGE][INFO] - Payment Type: Quarterly Estimated Tax

2024-11-12 15:55:16 - [TEST_STEP][PASSED] - logInfo("Tax Type: " + TaxType): Tax Type: Fiduciary Tax

2024-11-12 15:55:16 - [MESSAGE][INFO] - Tax Type: Fiduciary Tax

2024-11-12 15:55:16 - [TEST_STEP][PASSED] - openBrowser(""): Browser is opened with url: ''

2024-11-12 15:55:16 - [MESSAGE][WARNING] - A browser is already opened. Closing browser and opening a new one

2024-11-12 15:55:17 - [MESSAGE][INFO] - Starting 'Chrome' driver

2024-11-12 15:55:17 - [MESSAGE][INFO] - User set preference: ['acceptInsecureCerts', 'true']

2024-11-12 15:55:18 - [MESSAGE][INFO] - Action delay is set to 0 milliseconds

2024-11-12 15:55:19 - [MESSAGE][PASSED] - Browser is opened with url: ''

2024-11-12 15:55:19 - [TEST_STEP][PASSED] - maximizeWindow(): Current window maximized

2024-11-12 15:55:19 - [MESSAGE][PASSED] - Current window maximized

2024-11-12 15:55:19 - [TEST_STEP][PASSED] - navigateToUrl(RADurl): Navigate to 'https://www.velocitypayment.com/client/rad/index.html' successfully

2024-11-12 15:55:21 - [MESSAGE][PASSED] - Navigate to 'https://www.velocitypayment.com/client/rad/index.html' successfully

2024-11-12 15:55:21 - [TEST_STEP][PASSED] - selectOptionByLabel(findTestObject(orPath_Landing + "/dd_TaxType"), "Quarterly Estimated Tax", false): All options with label 'Quarterly Estimated Tax' are selected in object 'Object Repository/RAD_Pages/Landing_Page/dd_TaxType' 

2024-11-12 15:55:22 - [MESSAGE][PASSED] - All options with label 'Quarterly Estimated Tax' are selected in object 'Object Repository/RAD_Pages/Landing_Page/dd_TaxType' 

2024-11-12 15:55:22 - [TEST_STEP][PASSED] - selectOptionByLabel(findTestObject(orPath_TaxTypeFilingYear + "/select_PaymentType"), TaxType, false): All options with label 'Fiduciary Tax' are selected in object 'Object Repository/RAD_Pages/TaxTypeFilingYear_Page/select_PaymentType' 

2024-11-12 15:55:22 - [MESSAGE][PASSED] - All options with label 'Fiduciary Tax' are selected in object 'Object Repository/RAD_Pages/TaxTypeFilingYear_Page/select_PaymentType' 

2024-11-12 15:55:22 - [TEST_STEP][PASSED] - selectOptionByLabel(findTestObject(orPath_TaxTypeFilingYear + "/select_FilingYear"), FilingYear, false): All options with label '2024' are selected in object 'Object Repository/RAD_Pages/TaxTypeFilingYear_Page/select_FilingYear' 

2024-11-12 15:55:23 - [MESSAGE][PASSED] - All options with label '2024' are selected in object 'Object Repository/RAD_Pages/TaxTypeFilingYear_Page/select_FilingYear' 

2024-11-12 15:55:23 - [TEST_STEP][PASSED] - selectOptionByLabel(findTestObject(orPath_TaxTypeFilingYear + "/select_PeriodEnding"), PeriodEndingMonth, false): All options with label 'May' are selected in object 'Object Repository/RAD_Pages/TaxTypeFilingYear_Page/select_PeriodEnding' 

2024-11-12 15:55:24 - [MESSAGE][PASSED] - All options with label 'May' are selected in object 'Object Repository/RAD_Pages/TaxTypeFilingYear_Page/select_PeriodEnding' 

2024-11-12 15:55:24 - [TEST_STEP][PASSED] - rad.getSetDataRAD.setDataRADBusinessName(): rad.getSetDataRAD.setDataRADBusinessName is PASSED

2024-11-12 15:55:25 - [MESSAGE][PASSED] - Text 'My Company' is set on object 'Object Repository/RAD_Pages/Taxpayer_Page/input_businessName'

2024-11-12 15:55:25 - [MESSAGE][PASSED] - rad.getSetDataRAD.setDataRADBusinessName is PASSED

2024-11-12 15:55:25 - [TEST_STEP][PASSED] - rad.getSetDataRAD.setDataRADBusinessRep(): rad.getSetDataRAD.setDataRADBusinessRep is PASSED

2024-11-12 15:55:25 - [MESSAGE][PASSED] - Text 'BusRepFname' is set on object 'Object Repository/RAD_Pages/Taxpayer_Page/input_BusinessRepfirstName'

2024-11-12 15:55:26 - [MESSAGE][PASSED] - Text '' is set on object 'Object Repository/RAD_Pages/Taxpayer_Page/input_BusinessRepmiddleName'

2024-11-12 15:55:27 - [MESSAGE][PASSED] - Text 'BusRepLname' is set on object 'Object Repository/RAD_Pages/Taxpayer_Page/input_BusinessReplastName'

2024-11-12 15:55:27 - [MESSAGE][PASSED] - Text '' is set on object 'Object Repository/RAD_Pages/Taxpayer_Page/input_BusinessRepsuffix'

2024-11-12 15:55:27 - [MESSAGE][PASSED] - rad.getSetDataRAD.setDataRADBusinessRep is PASSED

2024-11-12 15:55:27 - [TEST_STEP][PASSED] - rad.getSetDataRAD.setDataRADAddress(): rad.getSetDataRAD.setDataRADAddress is PASSED

2024-11-12 15:55:28 - [MESSAGE][PASSED] - All options with label 'United States' are selected in object 'Object Repository/RAD_Pages/AddressAndContactInfo_Page/select_Country' 

2024-11-12 15:55:29 - [MESSAGE][PASSED] - Text '2508 Mandan Terrace' is set on object 'Object Repository/RAD_Pages/AddressAndContactInfo_Page/input_streetAddress1'

2024-11-12 15:55:30 - [MESSAGE][PASSED] - Text '' is set on object 'Object Repository/RAD_Pages/AddressAndContactInfo_Page/input_streetAddress2'

2024-11-12 15:55:30 - [MESSAGE][PASSED] - Text 'Gambrills' is set on object 'Object Repository/RAD_Pages/AddressAndContactInfo_Page/input_city'

2024-11-12 15:55:31 - [MESSAGE][PASSED] - All options with label 'Maryland' are selected in object 'Object Repository/RAD_Pages/AddressAndContactInfo_Page/select_State' 

2024-11-12 15:55:32 - [MESSAGE][PASSED] - Text '21054' is set on object 'Object Repository/RAD_Pages/AddressAndContactInfo_Page/input_zipCode'

2024-11-12 15:55:33 - [MESSAGE][PASSED] - Text '(703) 894-5000' is set on object 'Object Repository/RAD_Pages/AddressAndContactInfo_Page/input_phoneNumber'

2024-11-12 15:55:33 - [MESSAGE][PASSED] - Text 'iahmed@govolution.com' is set on object 'Object Repository/RAD_Pages/AddressAndContactInfo_Page/input_eMailAddress'

2024-11-12 15:55:34 - [MESSAGE][PASSED] - Text 'iahmed@govolution.com' is set on object 'Object Repository/RAD_Pages/AddressAndContactInfo_Page/input_reEnterEMailAddress'

2024-11-12 15:55:34 - [MESSAGE][PASSED] - rad.getSetDataRAD.setDataRADAddress is PASSED

2024-11-12 15:55:34 - [TEST_STEP][PASSED] - if (feinSSN.equalsIgnoreCase("Y")): null

2024-11-12 15:55:34 - [TEST_STEP][PASSED] - else: Text ****** has been set on object 'Object Repository/RAD_Pages/TaxInfo_Page/input_FederalEIN_ReEnter'

2024-11-12 15:55:34 - [TEST_STEP][PASSED] - setEncryptedText(findTestObject(orPath_TaxInfo + "/input_FederalEIN"), "z9YBWxGcVPxtlZ7P2Sn0PQ=="): Text ****** has been set on object 'Object Repository/RAD_Pages/TaxInfo_Page/input_FederalEIN'

2024-11-12 15:55:35 - [MESSAGE][PASSED] - Text ****** has been set on object 'Object Repository/RAD_Pages/TaxInfo_Page/input_FederalEIN'

2024-11-12 15:55:35 - [TEST_STEP][PASSED] - setEncryptedText(findTestObject(orPath_TaxInfo + "/input_FederalEIN_ReEnter"), "z9YBWxGcVPxtlZ7P2Sn0PQ=="): Text ****** has been set on object 'Object Repository/RAD_Pages/TaxInfo_Page/input_FederalEIN_ReEnter'

2024-11-12 15:55:36 - [MESSAGE][PASSED] - Text ****** has been set on object 'Object Repository/RAD_Pages/TaxInfo_Page/input_FederalEIN_ReEnter'

2024-11-12 15:55:36 - [TEST_STEP][PASSED] - setText(findTestObject(orPath_Amount + "/input__paymentAmount"), "100.00"): Text '100.00' is set on object 'Object Repository/RAD_Pages/PaymentAmount_Page/input__paymentAmount'

2024-11-12 15:55:37 - [MESSAGE][PASSED] - Text '100.00' is set on object 'Object Repository/RAD_Pages/PaymentAmount_Page/input__paymentAmount'

2024-11-12 15:55:37 - [TEST_STEP][PASSED] - setText(findTestObject(orPath_AddressContact + "/input_streetAddress2"), ""): Text '' is set on object 'Object Repository/RAD_Pages/AddressAndContactInfo_Page/input_streetAddress2'

2024-11-12 15:55:37 - [MESSAGE][PASSED] - Text '' is set on object 'Object Repository/RAD_Pages/AddressAndContactInfo_Page/input_streetAddress2'

2024-11-12 15:55:37 - [TEST_STEP][PASSED] - scrollToElement(findTestObject(orPath_Landing + "/button_Continue"), 3): Scroll to object 'Object Repository/RAD_Pages/Landing_Page/button_Continue' successfully

2024-11-12 15:55:38 - [MESSAGE][PASSED] - Scroll to object 'Object Repository/RAD_Pages/Landing_Page/button_Continue' successfully

2024-11-12 15:55:38 - [TEST_STEP][PASSED] - waitForElementClickable(findTestObject(orPath_Landing + "/button_Continue"), 5): Object 'Object Repository/RAD_Pages/Landing_Page/button_Continue' is clickable

2024-11-12 15:55:38 - [MESSAGE][PASSED] - Object 'Object Repository/RAD_Pages/Landing_Page/button_Continue' is clickable

2024-11-12 15:55:38 - [TEST_STEP][PASSED] - click(findTestObject(orPath_Landing + "/button_Continue")): Object: 'Object Repository/RAD_Pages/Landing_Page/button_Continue' is clicked on

2024-11-12 15:55:39 - [MESSAGE][PASSED] - Object: 'Object Repository/RAD_Pages/Landing_Page/button_Continue' is clicked on

2024-11-12 15:55:39 - [TEST_STEP][PASSED] - delay(2): Delayed 2 second(s)

2024-11-12 15:55:41 - [MESSAGE][PASSED] - Delayed 2 second(s)

2024-11-12 15:55:41 - [TEST_STEP][PASSED] - verifyTextPresent("Summary", true): Text 'Summary' is present on page  using regular expression

2024-11-12 15:55:41 - [MESSAGE][PASSED] - Text 'Summary' is present on page  using regular expression

2024-11-12 15:55:41 - [TEST_STEP][PASSED] - verifyTextPresent("Review the information below and make any necessary corrections by clicking the", true): Text 'Review the information below and make any necessary corrections by clicking the' is present on page  using regular expression

2024-11-12 15:55:41 - [MESSAGE][PASSED] - Text 'Review the information below and make any necessary corrections by clicking the' is present on page  using regular expression

2024-11-12 15:55:41 - [TEST_STEP][PASSED] - verifyTextPresent("When you are confident that all the information is correct, click the", true): Text 'When you are confident that all the information is correct, click the' is present on page  using regular expression

2024-11-12 15:55:42 - [MESSAGE][PASSED] - Text 'When you are confident that all the information is correct, click the' is present on page  using regular expression

2024-11-12 15:55:42 - [TEST_STEP][PASSED] - verifyTextPresent("Payment Type/Filing Year", true): Text 'Payment Type/Filing Year' is present on page  using regular expression

2024-11-12 15:55:42 - [MESSAGE][PASSED] - Text 'Payment Type/Filing Year' is present on page  using regular expression

2024-11-12 15:55:42 - [TEST_STEP][PASSED] - verifyTextPresent("Payment Type:", true): Text 'Payment Type:' is present on page  using regular expression

2024-11-12 15:55:42 - [MESSAGE][PASSED] - Text 'Payment Type:' is present on page  using regular expression

2024-11-12 15:55:42 - [TEST_STEP][PASSED] - verifyTextPresent("Quarterly Estimated Tax", true): Text 'Quarterly Estimated Tax' is present on page  using regular expression

2024-11-12 15:55:43 - [MESSAGE][PASSED] - Text 'Quarterly Estimated Tax' is present on page  using regular expression

2024-11-12 15:55:43 - [TEST_STEP][PASSED] - verifyTextPresent("Filing Year:", true): Text 'Filing Year:' is present on page  using regular expression

2024-11-12 15:55:43 - [MESSAGE][PASSED] - Text 'Filing Year:' is present on page  using regular expression

2024-11-12 15:55:43 - [TEST_STEP][PASSED] - verifyTextPresent(FilingYear, true): Text '2024' is present on page  using regular expression

2024-11-12 15:55:43 - [MESSAGE][PASSED] - Text '2024' is present on page  using regular expression

2024-11-12 15:55:43 - [TEST_STEP][PASSED] - verifyTextPresent("Period Ending:", true): Text 'Period Ending:' is present on page  using regular expression

2024-11-12 15:55:44 - [MESSAGE][PASSED] - Text 'Period Ending:' is present on page  using regular expression

2024-11-12 15:55:44 - [TEST_STEP][PASSED] - verifyTextPresent(PeriodEndingMonth, true): Text 'May' is present on page  using regular expression

2024-11-12 15:55:44 - [MESSAGE][PASSED] - Text 'May' is present on page  using regular expression

2024-11-12 15:55:44 - [TEST_STEP][PASSED] - verifyTextPresent("Payer Information", true): Text 'Payer Information' is present on page  using regular expression

2024-11-12 15:55:44 - [MESSAGE][PASSED] - Text 'Payer Information' is present on page  using regular expression

2024-11-12 15:55:44 - [TEST_STEP][PASSED] - verifyTextPresent("Taxpayer Name:", true): Text 'Taxpayer Name:' is present on page  using regular expression

2024-11-12 15:55:45 - [MESSAGE][PASSED] - Text 'Taxpayer Name:' is present on page  using regular expression

2024-11-12 15:55:45 - [TEST_STEP][PASSED] - verifyTextPresent("My Company", true): Text 'My Company' is present on page  using regular expression

2024-11-12 15:55:45 - [MESSAGE][PASSED] - Text 'My Company' is present on page  using regular expression

2024-11-12 15:55:45 - [TEST_STEP][PASSED] - verifyTextPresent("Business Rep Name:", true): Text 'Business Rep Name:' is present on page  using regular expression

2024-11-12 15:55:45 - [MESSAGE][PASSED] - Text 'Business Rep Name:' is present on page  using regular expression

2024-11-12 15:55:45 - [TEST_STEP][PASSED] - verifyTextPresent("BusRepFname BusRepLname", true): Text 'BusRepFname BusRepLname' is present on page  using regular expression

2024-11-12 15:55:46 - [MESSAGE][PASSED] - Text 'BusRepFname BusRepLname' is present on page  using regular expression

2024-11-12 15:55:46 - [TEST_STEP][PASSED] - verifyTextPresent("Taxpayer Address:", true): Text 'Taxpayer Address:' is present on page  using regular expression

2024-11-12 15:55:46 - [MESSAGE][PASSED] - Text 'Taxpayer Address:' is present on page  using regular expression

2024-11-12 15:55:46 - [TEST_STEP][PASSED] - verifyTextPresent("2508 Mandan Terrace Gambrills Maryland 21054", true): Text '2508 Mandan Terrace Gambrills Maryland 21054' is present on page  using regular expression

2024-11-12 15:55:46 - [MESSAGE][PASSED] - Text '2508 Mandan Terrace Gambrills Maryland 21054' is present on page  using regular expression

2024-11-12 15:55:46 - [TEST_STEP][PASSED] - verifyTextPresent("Email:", true): Text 'Email:' is present on page  using regular expression

2024-11-12 15:55:47 - [MESSAGE][PASSED] - Text 'Email:' is present on page  using regular expression

2024-11-12 15:55:47 - [TEST_STEP][PASSED] - verifyTextPresent("iahmed@govolution.com", true): Text 'iahmed@govolution.com' is present on page  using regular expression

2024-11-12 15:55:47 - [MESSAGE][PASSED] - Text 'iahmed@govolution.com' is present on page  using regular expression

2024-11-12 15:55:47 - [TEST_STEP][PASSED] - verifyTextPresent("Phone:", true): Text 'Phone:' is present on page  using regular expression

2024-11-12 15:55:47 - [MESSAGE][PASSED] - Text 'Phone:' is present on page  using regular expression

2024-11-12 15:55:47 - [TEST_STEP][PASSED] - verifyTextPresent("(703) 894-5000", false): Text '(703) 894-5000' is present on page 

2024-11-12 15:55:48 - [MESSAGE][PASSED] - Text '(703) 894-5000' is present on page 

2024-11-12 15:55:48 - [TEST_STEP][PASSED] - verifyTextPresent("Tax Information", true): Text 'Tax Information' is present on page  using regular expression

2024-11-12 15:55:48 - [MESSAGE][PASSED] - Text 'Tax Information' is present on page  using regular expression

2024-11-12 15:55:48 - [TEST_STEP][PASSED] - if (feinSSN.equalsIgnoreCase("Y")): null

2024-11-12 15:55:48 - [TEST_STEP][PASSED] - else: Text 'XXXXXXX90' is present on page  using regular expression

2024-11-12 15:55:48 - [TEST_STEP][PASSED] - verifyTextPresent("Federal EIN:", true): Text 'Federal EIN:' is present on page  using regular expression

2024-11-12 15:55:48 - [MESSAGE][PASSED] - Text 'Federal EIN:' is present on page  using regular expression

2024-11-12 15:55:48 - [TEST_STEP][PASSED] - verifyTextNotPresent("FEIN/SSN:", true): Text 'FEIN/SSN:' is not present on page using regular expression

2024-11-12 15:55:49 - [MESSAGE][PASSED] - Text 'FEIN/SSN:' is not present on page using regular expression

2024-11-12 15:55:49 - [TEST_STEP][PASSED] - verifyTextPresent("XXXXXXX90", true): Text 'XXXXXXX90' is present on page  using regular expression

2024-11-12 15:55:49 - [MESSAGE][PASSED] - Text 'XXXXXXX90' is present on page  using regular expression

2024-11-12 15:55:49 - [TEST_STEP][PASSED] - verifyTextPresent("Payment Amount:", true): Text 'Payment Amount:' is present on page  using regular expression

2024-11-12 15:55:49 - [MESSAGE][PASSED] - Text 'Payment Amount:' is present on page  using regular expression

2024-11-12 15:55:49 - [TEST_STEP][PASSED] - verifyTextPresent("100.00", true): Text '100.00' is present on page  using regular expression

2024-11-12 15:55:50 - [MESSAGE][PASSED] - Text '100.00' is present on page  using regular expression

2024-11-12 15:55:50 - [TEST_STEP][PASSED] - if (verifyElementVisible(findTestObject(orPath_Summary + "/button_Proceed to Payment"))): null

2024-11-12 15:55:50 - [MESSAGE][PASSED] - Object 'Object Repository/RAD_Pages/Summary_Page/button_Proceed to Payment' is visible

2024-11-12 15:55:50 - [TEST_STEP][PASSED] - resText = "Pass": null

2024-11-12 15:55:50 - [TEST_STEP][PASSED] - pages.WriteExcel.demoKey(resText, datText, resColumn, datCloumn, fileLoc, nameSheet, row): pages.WriteExcel.demoKey is PASSED

2024-11-12 15:55:50 - [MESSAGE][PASSED] - pages.WriteExcel.demoKey is PASSED

2024-11-12 15:55:50 - [TEST_STEP][PASSED] - click(findTestObject(orPath_Summary + "/button_Proceed to Payment")): Object: 'Object Repository/RAD_Pages/Summary_Page/button_Proceed to Payment' is clicked on

2024-11-12 15:55:53 - [MESSAGE][PASSED] - Object: 'Object Repository/RAD_Pages/Summary_Page/button_Proceed to Payment' is clicked on

2024-11-12 15:55:53 - [TEST_STEP][PASSED] - verifyElementPresent(findTestObject("Object Repository/RAD_Pages/PaymentEntry_Page/input__billingName"), 30): Object 'Object Repository/RAD_Pages/PaymentEntry_Page/input__billingName' is present

2024-11-12 15:55:53 - [MESSAGE][PASSED] - Object 'Object Repository/RAD_Pages/PaymentEntry_Page/input__billingName' is present

2024-11-12 15:55:53 - [TEST_STEP][PASSED] - ExecuteTC = findTestData(dataFile).getValue("Execute", row): null

2024-11-12 15:55:53 - [TEST_STEP][PASSED] - TaxType = findTestData(dataFile).getValue("TaxType", row): null

2024-11-12 15:55:53 - [TEST_STEP][PASSED] - PaymentType = findTestData(dataFile).getValue("PaymentType", row): null

2024-11-12 15:55:53 - [TEST_STEP][PASSED] - FilingYear = findTestData(dataFile).getValue("Year", row): null

2024-11-12 15:55:53 - [TEST_STEP][PASSED] - PeriodEndingMonth = findTestData(dataFile).getValue("Month", row): null

2024-11-12 15:55:54 - [TEST_STEP][PASSED] - feinSSN = findTestData(dataFile).getValue("FeinSsn", row): null

2024-11-12 15:55:54 - [TEST_STEP][PASSED] - if (ExecuteTC.equalsIgnoreCase("Y")): Object 'Object Repository/RAD_Pages/PaymentEntry_Page/input__billingName' is present

2024-11-12 15:55:54 - [TEST_STEP][PASSED] - out.println("Begin Record Number: " + row): null

2024-11-12 15:55:54 - [TEST_STEP][PASSED] - today = new java.util.Date(): null

2024-11-12 15:55:54 - [TEST_STEP][PASSED] - println(today): null

2024-11-12 15:55:54 - [TEST_STEP][PASSED] - datText = today: null

2024-11-12 15:55:54 - [TEST_STEP][PASSED] - logInfo("Payment Type: Quarterly Estimated Tax"): Payment Type: Quarterly Estimated Tax

2024-11-12 15:55:54 - [MESSAGE][INFO] - Payment Type: Quarterly Estimated Tax

2024-11-12 15:55:54 - [TEST_STEP][PASSED] - logInfo("Tax Type: " + TaxType): Tax Type: PTE Non-Electing Non-S Corp

2024-11-12 15:55:54 - [MESSAGE][INFO] - Tax Type: PTE Non-Electing Non-S Corp

2024-11-12 15:55:54 - [TEST_STEP][PASSED] - openBrowser(""): Browser is opened with url: ''

2024-11-12 15:55:54 - [MESSAGE][WARNING] - A browser is already opened. Closing browser and opening a new one

2024-11-12 15:55:55 - [MESSAGE][INFO] - Starting 'Chrome' driver

2024-11-12 15:55:55 - [MESSAGE][INFO] - User set preference: ['acceptInsecureCerts', 'true']

2024-11-12 15:55:55 - [MESSAGE][INFO] - Action delay is set to 0 milliseconds

2024-11-12 15:55:56 - [MESSAGE][PASSED] - Browser is opened with url: ''

2024-11-12 15:55:56 - [TEST_STEP][PASSED] - maximizeWindow(): Current window maximized

2024-11-12 15:55:57 - [MESSAGE][PASSED] - Current window maximized

2024-11-12 15:55:57 - [TEST_STEP][PASSED] - navigateToUrl(RADurl): Navigate to 'https://www.velocitypayment.com/client/rad/index.html' successfully

2024-11-12 15:55:58 - [MESSAGE][PASSED] - Navigate to 'https://www.velocitypayment.com/client/rad/index.html' successfully

2024-11-12 15:55:58 - [TEST_STEP][PASSED] - selectOptionByLabel(findTestObject(orPath_Landing + "/dd_TaxType"), "Quarterly Estimated Tax", false): All options with label 'Quarterly Estimated Tax' are selected in object 'Object Repository/RAD_Pages/Landing_Page/dd_TaxType' 

2024-11-12 15:55:59 - [MESSAGE][PASSED] - All options with label 'Quarterly Estimated Tax' are selected in object 'Object Repository/RAD_Pages/Landing_Page/dd_TaxType' 

2024-11-12 15:55:59 - [TEST_STEP][PASSED] - selectOptionByLabel(findTestObject(orPath_TaxTypeFilingYear + "/select_PaymentType"), TaxType, false): All options with label 'PTE Non-Electing Non-S Corp' are selected in object 'Object Repository/RAD_Pages/TaxTypeFilingYear_Page/select_PaymentType' 

2024-11-12 15:55:59 - [MESSAGE][PASSED] - All options with label 'PTE Non-Electing Non-S Corp' are selected in object 'Object Repository/RAD_Pages/TaxTypeFilingYear_Page/select_PaymentType' 

2024-11-12 15:55:59 - [TEST_STEP][PASSED] - selectOptionByLabel(findTestObject(orPath_TaxTypeFilingYear + "/select_FilingYear"), FilingYear, false): All options with label '2024' are selected in object 'Object Repository/RAD_Pages/TaxTypeFilingYear_Page/select_FilingYear' 

2024-11-12 15:56:00 - [MESSAGE][PASSED] - All options with label '2024' are selected in object 'Object Repository/RAD_Pages/TaxTypeFilingYear_Page/select_FilingYear' 

2024-11-12 15:56:00 - [TEST_STEP][PASSED] - selectOptionByLabel(findTestObject(orPath_TaxTypeFilingYear + "/select_PeriodEnding"), PeriodEndingMonth, false): All options with label 'August' are selected in object 'Object Repository/RAD_Pages/TaxTypeFilingYear_Page/select_PeriodEnding' 

2024-11-12 15:56:01 - [MESSAGE][PASSED] - All options with label 'August' are selected in object 'Object Repository/RAD_Pages/TaxTypeFilingYear_Page/select_PeriodEnding' 

2024-11-12 15:56:01 - [TEST_STEP][PASSED] - rad.getSetDataRAD.setDataRADBusinessName(): rad.getSetDataRAD.setDataRADBusinessName is PASSED

2024-11-12 15:56:02 - [MESSAGE][PASSED] - Text 'My Company' is set on object 'Object Repository/RAD_Pages/Taxpayer_Page/input_businessName'

2024-11-12 15:56:02 - [MESSAGE][PASSED] - rad.getSetDataRAD.setDataRADBusinessName is PASSED

2024-11-12 15:56:02 - [TEST_STEP][PASSED] - rad.getSetDataRAD.setDataRADBusinessRep(): rad.getSetDataRAD.setDataRADBusinessRep is PASSED

2024-11-12 15:56:02 - [MESSAGE][PASSED] - Text 'BusRepFname' is set on object 'Object Repository/RAD_Pages/Taxpayer_Page/input_BusinessRepfirstName'

2024-11-12 15:56:03 - [MESSAGE][PASSED] - Text '' is set on object 'Object Repository/RAD_Pages/Taxpayer_Page/input_BusinessRepmiddleName'

2024-11-12 15:56:04 - [MESSAGE][PASSED] - Text 'BusRepLname' is set on object 'Object Repository/RAD_Pages/Taxpayer_Page/input_BusinessReplastName'

2024-11-12 15:56:05 - [MESSAGE][PASSED] - Text '' is set on object 'Object Repository/RAD_Pages/Taxpayer_Page/input_BusinessRepsuffix'

2024-11-12 15:56:05 - [MESSAGE][PASSED] - rad.getSetDataRAD.setDataRADBusinessRep is PASSED

2024-11-12 15:56:05 - [TEST_STEP][PASSED] - rad.getSetDataRAD.setDataRADAddress(): rad.getSetDataRAD.setDataRADAddress is PASSED

2024-11-12 15:56:05 - [MESSAGE][PASSED] - All options with label 'United States' are selected in object 'Object Repository/RAD_Pages/AddressAndContactInfo_Page/select_Country' 

2024-11-12 15:56:06 - [MESSAGE][PASSED] - Text '2508 Mandan Terrace' is set on object 'Object Repository/RAD_Pages/AddressAndContactInfo_Page/input_streetAddress1'

2024-11-12 15:56:07 - [MESSAGE][PASSED] - Text '' is set on object 'Object Repository/RAD_Pages/AddressAndContactInfo_Page/input_streetAddress2'

2024-11-12 15:56:07 - [MESSAGE][PASSED] - Text 'Gambrills' is set on object 'Object Repository/RAD_Pages/AddressAndContactInfo_Page/input_city'

2024-11-12 15:56:08 - [MESSAGE][PASSED] - All options with label 'Maryland' are selected in object 'Object Repository/RAD_Pages/AddressAndContactInfo_Page/select_State' 

2024-11-12 15:56:09 - [MESSAGE][PASSED] - Text '21054' is set on object 'Object Repository/RAD_Pages/AddressAndContactInfo_Page/input_zipCode'

2024-11-12 15:56:10 - [MESSAGE][PASSED] - Text '(703) 894-5000' is set on object 'Object Repository/RAD_Pages/AddressAndContactInfo_Page/input_phoneNumber'

2024-11-12 15:56:10 - [MESSAGE][PASSED] - Text 'iahmed@govolution.com' is set on object 'Object Repository/RAD_Pages/AddressAndContactInfo_Page/input_eMailAddress'

2024-11-12 15:56:11 - [MESSAGE][PASSED] - Text 'iahmed@govolution.com' is set on object 'Object Repository/RAD_Pages/AddressAndContactInfo_Page/input_reEnterEMailAddress'

2024-11-12 15:56:11 - [MESSAGE][PASSED] - rad.getSetDataRAD.setDataRADAddress is PASSED

2024-11-12 15:56:11 - [TEST_STEP][PASSED] - if (feinSSN.equalsIgnoreCase("Y")): Text ****** has been set on object 'Object Repository/RAD_Pages/TaxInfo_Page/input_TaxInfo_RetypeFeinSsn_New_2'

2024-11-12 15:56:11 - [TEST_STEP][PASSED] - setEncryptedText(findTestObject(orPath_TaxInfo + "/input_TaxInfo_FeinSsn_New_2"), "z9YBWxGcVPxtlZ7P2Sn0PQ=="): Text ****** has been set on object 'Object Repository/RAD_Pages/TaxInfo_Page/input_TaxInfo_FeinSsn_New_2'

2024-11-12 15:56:12 - [MESSAGE][PASSED] - Text ****** has been set on object 'Object Repository/RAD_Pages/TaxInfo_Page/input_TaxInfo_FeinSsn_New_2'

2024-11-12 15:56:12 - [TEST_STEP][PASSED] - setEncryptedText(findTestObject(orPath_TaxInfo + "/input_TaxInfo_RetypeFeinSsn_New_2"), "z9YBWxGcVPxtlZ7P2Sn0PQ=="): Text ****** has been set on object 'Object Repository/RAD_Pages/TaxInfo_Page/input_TaxInfo_RetypeFeinSsn_New_2'

2024-11-12 15:56:13 - [MESSAGE][PASSED] - Text ****** has been set on object 'Object Repository/RAD_Pages/TaxInfo_Page/input_TaxInfo_RetypeFeinSsn_New_2'

2024-11-12 15:56:13 - [TEST_STEP][PASSED] - setText(findTestObject(orPath_Amount + "/input__paymentAmount"), "100.00"): Text '100.00' is set on object 'Object Repository/RAD_Pages/PaymentAmount_Page/input__paymentAmount'

2024-11-12 15:56:13 - [MESSAGE][PASSED] - Text '100.00' is set on object 'Object Repository/RAD_Pages/PaymentAmount_Page/input__paymentAmount'

2024-11-12 15:56:13 - [TEST_STEP][PASSED] - setText(findTestObject(orPath_AddressContact + "/input_streetAddress2"), ""): Text '' is set on object 'Object Repository/RAD_Pages/AddressAndContactInfo_Page/input_streetAddress2'

2024-11-12 15:56:14 - [MESSAGE][PASSED] - Text '' is set on object 'Object Repository/RAD_Pages/AddressAndContactInfo_Page/input_streetAddress2'

2024-11-12 15:56:14 - [TEST_STEP][PASSED] - scrollToElement(findTestObject(orPath_Landing + "/button_Continue"), 3): Scroll to object 'Object Repository/RAD_Pages/Landing_Page/button_Continue' successfully

2024-11-12 15:56:14 - [MESSAGE][PASSED] - Scroll to object 'Object Repository/RAD_Pages/Landing_Page/button_Continue' successfully

2024-11-12 15:56:14 - [TEST_STEP][PASSED] - waitForElementClickable(findTestObject(orPath_Landing + "/button_Continue"), 5): Object 'Object Repository/RAD_Pages/Landing_Page/button_Continue' is clickable

2024-11-12 15:56:15 - [MESSAGE][PASSED] - Object 'Object Repository/RAD_Pages/Landing_Page/button_Continue' is clickable

2024-11-12 15:56:15 - [TEST_STEP][PASSED] - click(findTestObject(orPath_Landing + "/button_Continue")): Object: 'Object Repository/RAD_Pages/Landing_Page/button_Continue' is clicked on

2024-11-12 15:56:15 - [MESSAGE][PASSED] - Object: 'Object Repository/RAD_Pages/Landing_Page/button_Continue' is clicked on

2024-11-12 15:56:15 - [TEST_STEP][PASSED] - delay(2): Delayed 2 second(s)

2024-11-12 15:56:17 - [MESSAGE][PASSED] - Delayed 2 second(s)

2024-11-12 15:56:17 - [TEST_STEP][PASSED] - verifyTextPresent("Summary", true): Text 'Summary' is present on page  using regular expression

2024-11-12 15:56:17 - [MESSAGE][PASSED] - Text 'Summary' is present on page  using regular expression

2024-11-12 15:56:17 - [TEST_STEP][PASSED] - verifyTextPresent("Review the information below and make any necessary corrections by clicking the", true): Text 'Review the information below and make any necessary corrections by clicking the' is present on page  using regular expression

2024-11-12 15:56:18 - [MESSAGE][PASSED] - Text 'Review the information below and make any necessary corrections by clicking the' is present on page  using regular expression

2024-11-12 15:56:18 - [TEST_STEP][PASSED] - verifyTextPresent("When you are confident that all the information is correct, click the", true): Text 'When you are confident that all the information is correct, click the' is present on page  using regular expression

2024-11-12 15:56:18 - [MESSAGE][PASSED] - Text 'When you are confident that all the information is correct, click the' is present on page  using regular expression

2024-11-12 15:56:18 - [TEST_STEP][PASSED] - verifyTextPresent("Payment Type/Filing Year", true): Text 'Payment Type/Filing Year' is present on page  using regular expression

2024-11-12 15:56:18 - [MESSAGE][PASSED] - Text 'Payment Type/Filing Year' is present on page  using regular expression

2024-11-12 15:56:18 - [TEST_STEP][PASSED] - verifyTextPresent("Payment Type:", true): Text 'Payment Type:' is present on page  using regular expression

2024-11-12 15:56:19 - [MESSAGE][PASSED] - Text 'Payment Type:' is present on page  using regular expression

2024-11-12 15:56:19 - [TEST_STEP][PASSED] - verifyTextPresent("Quarterly Estimated Tax", true): Text 'Quarterly Estimated Tax' is present on page  using regular expression

2024-11-12 15:56:19 - [MESSAGE][PASSED] - Text 'Quarterly Estimated Tax' is present on page  using regular expression

2024-11-12 15:56:19 - [TEST_STEP][PASSED] - verifyTextPresent("Filing Year:", true): Text 'Filing Year:' is present on page  using regular expression

2024-11-12 15:56:19 - [MESSAGE][PASSED] - Text 'Filing Year:' is present on page  using regular expression

2024-11-12 15:56:19 - [TEST_STEP][PASSED] - verifyTextPresent(FilingYear, true): Text '2024' is present on page  using regular expression

2024-11-12 15:56:20 - [MESSAGE][PASSED] - Text '2024' is present on page  using regular expression

2024-11-12 15:56:20 - [TEST_STEP][PASSED] - verifyTextPresent("Period Ending:", true): Text 'Period Ending:' is present on page  using regular expression

2024-11-12 15:56:20 - [MESSAGE][PASSED] - Text 'Period Ending:' is present on page  using regular expression

2024-11-12 15:56:20 - [TEST_STEP][PASSED] - verifyTextPresent(PeriodEndingMonth, true): Text 'August' is present on page  using regular expression

2024-11-12 15:56:20 - [MESSAGE][PASSED] - Text 'August' is present on page  using regular expression

2024-11-12 15:56:20 - [TEST_STEP][PASSED] - verifyTextPresent("Payer Information", true): Text 'Payer Information' is present on page  using regular expression

2024-11-12 15:56:21 - [MESSAGE][PASSED] - Text 'Payer Information' is present on page  using regular expression

2024-11-12 15:56:21 - [TEST_STEP][PASSED] - verifyTextPresent("Taxpayer Name:", true): Text 'Taxpayer Name:' is present on page  using regular expression

2024-11-12 15:56:21 - [MESSAGE][PASSED] - Text 'Taxpayer Name:' is present on page  using regular expression

2024-11-12 15:56:21 - [TEST_STEP][PASSED] - verifyTextPresent("My Company", true): Text 'My Company' is present on page  using regular expression

2024-11-12 15:56:21 - [MESSAGE][PASSED] - Text 'My Company' is present on page  using regular expression

2024-11-12 15:56:21 - [TEST_STEP][PASSED] - verifyTextPresent("Business Rep Name:", true): Text 'Business Rep Name:' is present on page  using regular expression

2024-11-12 15:56:22 - [MESSAGE][PASSED] - Text 'Business Rep Name:' is present on page  using regular expression

2024-11-12 15:56:22 - [TEST_STEP][PASSED] - verifyTextPresent("BusRepFname BusRepLname", true): Text 'BusRepFname BusRepLname' is present on page  using regular expression

2024-11-12 15:56:22 - [MESSAGE][PASSED] - Text 'BusRepFname BusRepLname' is present on page  using regular expression

2024-11-12 15:56:22 - [TEST_STEP][PASSED] - verifyTextPresent("Taxpayer Address:", true): Text 'Taxpayer Address:' is present on page  using regular expression

2024-11-12 15:56:22 - [MESSAGE][PASSED] - Text 'Taxpayer Address:' is present on page  using regular expression

2024-11-12 15:56:22 - [TEST_STEP][PASSED] - verifyTextPresent("2508 Mandan Terrace Gambrills Maryland 21054", true): Text '2508 Mandan Terrace Gambrills Maryland 21054' is present on page  using regular expression

2024-11-12 15:56:23 - [MESSAGE][PASSED] - Text '2508 Mandan Terrace Gambrills Maryland 21054' is present on page  using regular expression

2024-11-12 15:56:23 - [TEST_STEP][PASSED] - verifyTextPresent("Email:", true): Text 'Email:' is present on page  using regular expression

2024-11-12 15:56:23 - [MESSAGE][PASSED] - Text 'Email:' is present on page  using regular expression

2024-11-12 15:56:23 - [TEST_STEP][PASSED] - verifyTextPresent("iahmed@govolution.com", true): Text 'iahmed@govolution.com' is present on page  using regular expression

2024-11-12 15:56:23 - [MESSAGE][PASSED] - Text 'iahmed@govolution.com' is present on page  using regular expression

2024-11-12 15:56:23 - [TEST_STEP][PASSED] - verifyTextPresent("Phone:", true): Text 'Phone:' is present on page  using regular expression

2024-11-12 15:56:24 - [MESSAGE][PASSED] - Text 'Phone:' is present on page  using regular expression

2024-11-12 15:56:24 - [TEST_STEP][PASSED] - verifyTextPresent("(703) 894-5000", false): Text '(703) 894-5000' is present on page 

2024-11-12 15:56:24 - [MESSAGE][PASSED] - Text '(703) 894-5000' is present on page 

2024-11-12 15:56:24 - [TEST_STEP][PASSED] - verifyTextPresent("Tax Information", true): Text 'Tax Information' is present on page  using regular expression

2024-11-12 15:56:24 - [MESSAGE][PASSED] - Text 'Tax Information' is present on page  using regular expression

2024-11-12 15:56:24 - [TEST_STEP][PASSED] - if (feinSSN.equalsIgnoreCase("Y")): Text 'XXXXX2690' is present on page  using regular expression

2024-11-12 15:56:24 - [TEST_STEP][PASSED] - verifyTextPresent("FEIN/SSN:", true): Text 'FEIN/SSN:' is present on page  using regular expression

2024-11-12 15:56:25 - [MESSAGE][PASSED] - Text 'FEIN/SSN:' is present on page  using regular expression

2024-11-12 15:56:25 - [TEST_STEP][PASSED] - verifyTextNotPresent("Federal EIN:", true): Text 'Federal EIN:' is not present on page using regular expression

2024-11-12 15:56:25 - [MESSAGE][PASSED] - Text 'Federal EIN:' is not present on page using regular expression

2024-11-12 15:56:25 - [TEST_STEP][PASSED] - verifyTextPresent("XXXXX2690", true): Text 'XXXXX2690' is present on page  using regular expression

2024-11-12 15:56:25 - [MESSAGE][PASSED] - Text 'XXXXX2690' is present on page  using regular expression

2024-11-12 15:56:25 - [TEST_STEP][PASSED] - verifyTextPresent("Payment Amount:", true): Text 'Payment Amount:' is present on page  using regular expression

2024-11-12 15:56:26 - [MESSAGE][PASSED] - Text 'Payment Amount:' is present on page  using regular expression

2024-11-12 15:56:26 - [TEST_STEP][PASSED] - verifyTextPresent("100.00", true): Text '100.00' is present on page  using regular expression

2024-11-12 15:56:26 - [MESSAGE][PASSED] - Text '100.00' is present on page  using regular expression

2024-11-12 15:56:26 - [TEST_STEP][PASSED] - if (verifyElementVisible(findTestObject(orPath_Summary + "/button_Proceed to Payment"))): null

2024-11-12 15:56:26 - [MESSAGE][PASSED] - Object 'Object Repository/RAD_Pages/Summary_Page/button_Proceed to Payment' is visible

2024-11-12 15:56:26 - [TEST_STEP][PASSED] - resText = "Pass": null

2024-11-12 15:56:26 - [TEST_STEP][PASSED] - pages.WriteExcel.demoKey(resText, datText, resColumn, datCloumn, fileLoc, nameSheet, row): pages.WriteExcel.demoKey is PASSED

2024-11-12 15:56:27 - [MESSAGE][PASSED] - pages.WriteExcel.demoKey is PASSED

2024-11-12 15:56:27 - [TEST_STEP][PASSED] - click(findTestObject(orPath_Summary + "/button_Proceed to Payment")): Object: 'Object Repository/RAD_Pages/Summary_Page/button_Proceed to Payment' is clicked on

2024-11-12 15:56:29 - [MESSAGE][PASSED] - Object: 'Object Repository/RAD_Pages/Summary_Page/button_Proceed to Payment' is clicked on

2024-11-12 15:56:29 - [TEST_STEP][PASSED] - verifyElementPresent(findTestObject("Object Repository/RAD_Pages/PaymentEntry_Page/input__billingName"), 30): Object 'Object Repository/RAD_Pages/PaymentEntry_Page/input__billingName' is present

2024-11-12 15:56:29 - [MESSAGE][PASSED] - Object 'Object Repository/RAD_Pages/PaymentEntry_Page/input__billingName' is present

2024-11-12 15:56:29 - [TEST_STEP][PASSED] - ExecuteTC = findTestData(dataFile).getValue("Execute", row): null

2024-11-12 15:56:29 - [TEST_STEP][PASSED] - TaxType = findTestData(dataFile).getValue("TaxType", row): null

2024-11-12 15:56:29 - [TEST_STEP][PASSED] - PaymentType = findTestData(dataFile).getValue("PaymentType", row): null

2024-11-12 15:56:29 - [TEST_STEP][PASSED] - FilingYear = findTestData(dataFile).getValue("Year", row): null

2024-11-12 15:56:30 - [TEST_STEP][PASSED] - PeriodEndingMonth = findTestData(dataFile).getValue("Month", row): null

2024-11-12 15:56:30 - [TEST_STEP][PASSED] - feinSSN = findTestData(dataFile).getValue("FeinSsn", row): null

2024-11-12 15:56:30 - [TEST_STEP][PASSED] - if (ExecuteTC.equalsIgnoreCase("Y")): Object 'Object Repository/RAD_Pages/PaymentEntry_Page/input__billingName' is present

2024-11-12 15:56:30 - [TEST_STEP][PASSED] - out.println("Begin Record Number: " + row): null

2024-11-12 15:56:30 - [TEST_STEP][PASSED] - today = new java.util.Date(): null

2024-11-12 15:56:30 - [TEST_STEP][PASSED] - println(today): null

2024-11-12 15:56:30 - [TEST_STEP][PASSED] - datText = today: null

2024-11-12 15:56:30 - [TEST_STEP][PASSED] - logInfo("Payment Type: Quarterly Estimated Tax"): Payment Type: Quarterly Estimated Tax

2024-11-12 15:56:30 - [MESSAGE][INFO] - Payment Type: Quarterly Estimated Tax

2024-11-12 15:56:30 - [TEST_STEP][PASSED] - logInfo("Tax Type: " + TaxType): Tax Type: PTE Non-Electing S Corp

2024-11-12 15:56:30 - [MESSAGE][INFO] - Tax Type: PTE Non-Electing S Corp

2024-11-12 15:56:30 - [TEST_STEP][PASSED] - openBrowser(""): Browser is opened with url: ''

2024-11-12 15:56:30 - [MESSAGE][WARNING] - A browser is already opened. Closing browser and opening a new one

2024-11-12 15:56:31 - [MESSAGE][INFO] - Starting 'Chrome' driver

2024-11-12 15:56:31 - [MESSAGE][INFO] - User set preference: ['acceptInsecureCerts', 'true']

2024-11-12 15:56:31 - [MESSAGE][INFO] - Action delay is set to 0 milliseconds

2024-11-12 15:56:33 - [MESSAGE][PASSED] - Browser is opened with url: ''

2024-11-12 15:56:33 - [TEST_STEP][PASSED] - maximizeWindow(): Current window maximized

2024-11-12 15:56:33 - [MESSAGE][PASSED] - Current window maximized

2024-11-12 15:56:33 - [TEST_STEP][PASSED] - navigateToUrl(RADurl): Navigate to 'https://www.velocitypayment.com/client/rad/index.html' successfully

2024-11-12 15:56:39 - [MESSAGE][PASSED] - Navigate to 'https://www.velocitypayment.com/client/rad/index.html' successfully

2024-11-12 15:56:39 - [TEST_STEP][PASSED] - selectOptionByLabel(findTestObject(orPath_Landing + "/dd_TaxType"), "Quarterly Estimated Tax", false): All options with label 'Quarterly Estimated Tax' are selected in object 'Object Repository/RAD_Pages/Landing_Page/dd_TaxType' 

2024-11-12 15:56:40 - [MESSAGE][PASSED] - All options with label 'Quarterly Estimated Tax' are selected in object 'Object Repository/RAD_Pages/Landing_Page/dd_TaxType' 

2024-11-12 15:56:40 - [TEST_STEP][PASSED] - selectOptionByLabel(findTestObject(orPath_TaxTypeFilingYear + "/select_PaymentType"), TaxType, false): All options with label 'PTE Non-Electing S Corp' are selected in object 'Object Repository/RAD_Pages/TaxTypeFilingYear_Page/select_PaymentType' 

2024-11-12 15:56:40 - [MESSAGE][PASSED] - All options with label 'PTE Non-Electing S Corp' are selected in object 'Object Repository/RAD_Pages/TaxTypeFilingYear_Page/select_PaymentType' 

2024-11-12 15:56:40 - [TEST_STEP][PASSED] - selectOptionByLabel(findTestObject(orPath_TaxTypeFilingYear + "/select_FilingYear"), FilingYear, false): All options with label '2024' are selected in object 'Object Repository/RAD_Pages/TaxTypeFilingYear_Page/select_FilingYear' 

2024-11-12 15:56:41 - [MESSAGE][PASSED] - All options with label '2024' are selected in object 'Object Repository/RAD_Pages/TaxTypeFilingYear_Page/select_FilingYear' 

2024-11-12 15:56:41 - [TEST_STEP][PASSED] - selectOptionByLabel(findTestObject(orPath_TaxTypeFilingYear + "/select_PeriodEnding"), PeriodEndingMonth, false): All options with label 'September' are selected in object 'Object Repository/RAD_Pages/TaxTypeFilingYear_Page/select_PeriodEnding' 

2024-11-12 15:56:42 - [MESSAGE][PASSED] - All options with label 'September' are selected in object 'Object Repository/RAD_Pages/TaxTypeFilingYear_Page/select_PeriodEnding' 

2024-11-12 15:56:42 - [TEST_STEP][PASSED] - rad.getSetDataRAD.setDataRADBusinessName(): rad.getSetDataRAD.setDataRADBusinessName is PASSED

2024-11-12 15:56:43 - [MESSAGE][PASSED] - Text 'My Company' is set on object 'Object Repository/RAD_Pages/Taxpayer_Page/input_businessName'

2024-11-12 15:56:43 - [MESSAGE][PASSED] - rad.getSetDataRAD.setDataRADBusinessName is PASSED

2024-11-12 15:56:43 - [TEST_STEP][PASSED] - rad.getSetDataRAD.setDataRADBusinessRep(): rad.getSetDataRAD.setDataRADBusinessRep is PASSED

2024-11-12 15:56:43 - [MESSAGE][PASSED] - Text 'BusRepFname' is set on object 'Object Repository/RAD_Pages/Taxpayer_Page/input_BusinessRepfirstName'

2024-11-12 15:56:44 - [MESSAGE][PASSED] - Text '' is set on object 'Object Repository/RAD_Pages/Taxpayer_Page/input_BusinessRepmiddleName'

2024-11-12 15:56:45 - [MESSAGE][PASSED] - Text 'BusRepLname' is set on object 'Object Repository/RAD_Pages/Taxpayer_Page/input_BusinessReplastName'

2024-11-12 15:56:46 - [MESSAGE][PASSED] - Text '' is set on object 'Object Repository/RAD_Pages/Taxpayer_Page/input_BusinessRepsuffix'

2024-11-12 15:56:46 - [MESSAGE][PASSED] - rad.getSetDataRAD.setDataRADBusinessRep is PASSED

2024-11-12 15:56:46 - [TEST_STEP][PASSED] - rad.getSetDataRAD.setDataRADAddress(): rad.getSetDataRAD.setDataRADAddress is PASSED

2024-11-12 15:56:46 - [MESSAGE][PASSED] - All options with label 'United States' are selected in object 'Object Repository/RAD_Pages/AddressAndContactInfo_Page/select_Country' 

2024-11-12 15:56:47 - [MESSAGE][PASSED] - Text '2508 Mandan Terrace' is set on object 'Object Repository/RAD_Pages/AddressAndContactInfo_Page/input_streetAddress1'

2024-11-12 15:56:48 - [MESSAGE][PASSED] - Text '' is set on object 'Object Repository/RAD_Pages/AddressAndContactInfo_Page/input_streetAddress2'

2024-11-12 15:56:48 - [MESSAGE][PASSED] - Text 'Gambrills' is set on object 'Object Repository/RAD_Pages/AddressAndContactInfo_Page/input_city'

2024-11-12 15:56:49 - [MESSAGE][PASSED] - All options with label 'Maryland' are selected in object 'Object Repository/RAD_Pages/AddressAndContactInfo_Page/select_State' 

2024-11-12 15:56:50 - [MESSAGE][PASSED] - Text '21054' is set on object 'Object Repository/RAD_Pages/AddressAndContactInfo_Page/input_zipCode'

2024-11-12 15:56:51 - [MESSAGE][PASSED] - Text '(703) 894-5000' is set on object 'Object Repository/RAD_Pages/AddressAndContactInfo_Page/input_phoneNumber'

2024-11-12 15:56:51 - [MESSAGE][PASSED] - Text 'iahmed@govolution.com' is set on object 'Object Repository/RAD_Pages/AddressAndContactInfo_Page/input_eMailAddress'

2024-11-12 15:56:52 - [MESSAGE][PASSED] - Text 'iahmed@govolution.com' is set on object 'Object Repository/RAD_Pages/AddressAndContactInfo_Page/input_reEnterEMailAddress'

2024-11-12 15:56:52 - [MESSAGE][PASSED] - rad.getSetDataRAD.setDataRADAddress is PASSED

2024-11-12 15:56:52 - [TEST_STEP][PASSED] - if (feinSSN.equalsIgnoreCase("Y")): Text ****** has been set on object 'Object Repository/RAD_Pages/TaxInfo_Page/input_TaxInfo_RetypeFeinSsn_New_2'

2024-11-12 15:56:52 - [TEST_STEP][PASSED] - setEncryptedText(findTestObject(orPath_TaxInfo + "/input_TaxInfo_FeinSsn_New_2"), "z9YBWxGcVPxtlZ7P2Sn0PQ=="): Text ****** has been set on object 'Object Repository/RAD_Pages/TaxInfo_Page/input_TaxInfo_FeinSsn_New_2'

2024-11-12 15:56:53 - [MESSAGE][PASSED] - Text ****** has been set on object 'Object Repository/RAD_Pages/TaxInfo_Page/input_TaxInfo_FeinSsn_New_2'

2024-11-12 15:56:53 - [TEST_STEP][PASSED] - setEncryptedText(findTestObject(orPath_TaxInfo + "/input_TaxInfo_RetypeFeinSsn_New_2"), "z9YBWxGcVPxtlZ7P2Sn0PQ=="): Text ****** has been set on object 'Object Repository/RAD_Pages/TaxInfo_Page/input_TaxInfo_RetypeFeinSsn_New_2'

2024-11-12 15:56:53 - [MESSAGE][PASSED] - Text ****** has been set on object 'Object Repository/RAD_Pages/TaxInfo_Page/input_TaxInfo_RetypeFeinSsn_New_2'

2024-11-12 15:56:53 - [TEST_STEP][PASSED] - setText(findTestObject(orPath_Amount + "/input__paymentAmount"), "100.00"): Text '100.00' is set on object 'Object Repository/RAD_Pages/PaymentAmount_Page/input__paymentAmount'

2024-11-12 15:56:54 - [MESSAGE][PASSED] - Text '100.00' is set on object 'Object Repository/RAD_Pages/PaymentAmount_Page/input__paymentAmount'

2024-11-12 15:56:54 - [TEST_STEP][PASSED] - setText(findTestObject(orPath_AddressContact + "/input_streetAddress2"), ""): Text '' is set on object 'Object Repository/RAD_Pages/AddressAndContactInfo_Page/input_streetAddress2'

2024-11-12 15:56:55 - [MESSAGE][PASSED] - Text '' is set on object 'Object Repository/RAD_Pages/AddressAndContactInfo_Page/input_streetAddress2'

2024-11-12 15:56:55 - [TEST_STEP][PASSED] - scrollToElement(findTestObject(orPath_Landing + "/button_Continue"), 3): Scroll to object 'Object Repository/RAD_Pages/Landing_Page/button_Continue' successfully

2024-11-12 15:56:55 - [MESSAGE][PASSED] - Scroll to object 'Object Repository/RAD_Pages/Landing_Page/button_Continue' successfully

2024-11-12 15:56:55 - [TEST_STEP][PASSED] - waitForElementClickable(findTestObject(orPath_Landing + "/button_Continue"), 5): Object 'Object Repository/RAD_Pages/Landing_Page/button_Continue' is clickable

2024-11-12 15:56:55 - [MESSAGE][PASSED] - Object 'Object Repository/RAD_Pages/Landing_Page/button_Continue' is clickable

2024-11-12 15:56:55 - [TEST_STEP][PASSED] - click(findTestObject(orPath_Landing + "/button_Continue")): Object: 'Object Repository/RAD_Pages/Landing_Page/button_Continue' is clicked on

2024-11-12 15:56:56 - [MESSAGE][PASSED] - Object: 'Object Repository/RAD_Pages/Landing_Page/button_Continue' is clicked on

2024-11-12 15:56:56 - [TEST_STEP][PASSED] - delay(2): Delayed 2 second(s)

2024-11-12 15:56:58 - [MESSAGE][PASSED] - Delayed 2 second(s)

2024-11-12 15:56:58 - [TEST_STEP][PASSED] - verifyTextPresent("Summary", true): Text 'Summary' is present on page  using regular expression

2024-11-12 15:56:58 - [MESSAGE][PASSED] - Text 'Summary' is present on page  using regular expression

2024-11-12 15:56:58 - [TEST_STEP][PASSED] - verifyTextPresent("Review the information below and make any necessary corrections by clicking the", true): Text 'Review the information below and make any necessary corrections by clicking the' is present on page  using regular expression

2024-11-12 15:56:59 - [MESSAGE][PASSED] - Text 'Review the information below and make any necessary corrections by clicking the' is present on page  using regular expression

2024-11-12 15:56:59 - [TEST_STEP][PASSED] - verifyTextPresent("When you are confident that all the information is correct, click the", true): Text 'When you are confident that all the information is correct, click the' is present on page  using regular expression

2024-11-12 15:56:59 - [MESSAGE][PASSED] - Text 'When you are confident that all the information is correct, click the' is present on page  using regular expression

2024-11-12 15:56:59 - [TEST_STEP][PASSED] - verifyTextPresent("Payment Type/Filing Year", true): Text 'Payment Type/Filing Year' is present on page  using regular expression

2024-11-12 15:56:59 - [MESSAGE][PASSED] - Text 'Payment Type/Filing Year' is present on page  using regular expression

2024-11-12 15:56:59 - [TEST_STEP][PASSED] - verifyTextPresent("Payment Type:", true): Text 'Payment Type:' is present on page  using regular expression

2024-11-12 15:57:00 - [MESSAGE][PASSED] - Text 'Payment Type:' is present on page  using regular expression

2024-11-12 15:57:00 - [TEST_STEP][PASSED] - verifyTextPresent("Quarterly Estimated Tax", true): Text 'Quarterly Estimated Tax' is present on page  using regular expression

2024-11-12 15:57:00 - [MESSAGE][PASSED] - Text 'Quarterly Estimated Tax' is present on page  using regular expression

2024-11-12 15:57:00 - [TEST_STEP][PASSED] - verifyTextPresent("Filing Year:", true): Text 'Filing Year:' is present on page  using regular expression

2024-11-12 15:57:00 - [MESSAGE][PASSED] - Text 'Filing Year:' is present on page  using regular expression

2024-11-12 15:57:00 - [TEST_STEP][PASSED] - verifyTextPresent(FilingYear, true): Text '2024' is present on page  using regular expression

2024-11-12 15:57:01 - [MESSAGE][PASSED] - Text '2024' is present on page  using regular expression

2024-11-12 15:57:01 - [TEST_STEP][PASSED] - verifyTextPresent("Period Ending:", true): Text 'Period Ending:' is present on page  using regular expression

2024-11-12 15:57:01 - [MESSAGE][PASSED] - Text 'Period Ending:' is present on page  using regular expression

2024-11-12 15:57:01 - [TEST_STEP][PASSED] - verifyTextPresent(PeriodEndingMonth, true): Text 'September' is present on page  using regular expression

2024-11-12 15:57:01 - [MESSAGE][PASSED] - Text 'September' is present on page  using regular expression

2024-11-12 15:57:01 - [TEST_STEP][PASSED] - verifyTextPresent("Payer Information", true): Text 'Payer Information' is present on page  using regular expression

2024-11-12 15:57:02 - [MESSAGE][PASSED] - Text 'Payer Information' is present on page  using regular expression

2024-11-12 15:57:02 - [TEST_STEP][PASSED] - verifyTextPresent("Taxpayer Name:", true): Text 'Taxpayer Name:' is present on page  using regular expression

2024-11-12 15:57:02 - [MESSAGE][PASSED] - Text 'Taxpayer Name:' is present on page  using regular expression

2024-11-12 15:57:02 - [TEST_STEP][PASSED] - verifyTextPresent("My Company", true): Text 'My Company' is present on page  using regular expression

2024-11-12 15:57:02 - [MESSAGE][PASSED] - Text 'My Company' is present on page  using regular expression

2024-11-12 15:57:02 - [TEST_STEP][PASSED] - verifyTextPresent("Business Rep Name:", true): Text 'Business Rep Name:' is present on page  using regular expression

2024-11-12 15:57:03 - [MESSAGE][PASSED] - Text 'Business Rep Name:' is present on page  using regular expression

2024-11-12 15:57:03 - [TEST_STEP][PASSED] - verifyTextPresent("BusRepFname BusRepLname", true): Text 'BusRepFname BusRepLname' is present on page  using regular expression

2024-11-12 15:57:03 - [MESSAGE][PASSED] - Text 'BusRepFname BusRepLname' is present on page  using regular expression

2024-11-12 15:57:03 - [TEST_STEP][PASSED] - verifyTextPresent("Taxpayer Address:", true): Text 'Taxpayer Address:' is present on page  using regular expression

2024-11-12 15:57:03 - [MESSAGE][PASSED] - Text 'Taxpayer Address:' is present on page  using regular expression

2024-11-12 15:57:03 - [TEST_STEP][PASSED] - verifyTextPresent("2508 Mandan Terrace Gambrills Maryland 21054", true): Text '2508 Mandan Terrace Gambrills Maryland 21054' is present on page  using regular expression

2024-11-12 15:57:04 - [MESSAGE][PASSED] - Text '2508 Mandan Terrace Gambrills Maryland 21054' is present on page  using regular expression

2024-11-12 15:57:04 - [TEST_STEP][PASSED] - verifyTextPresent("Email:", true): Text 'Email:' is present on page  using regular expression

2024-11-12 15:57:04 - [MESSAGE][PASSED] - Text 'Email:' is present on page  using regular expression

2024-11-12 15:57:04 - [TEST_STEP][PASSED] - verifyTextPresent("iahmed@govolution.com", true): Text 'iahmed@govolution.com' is present on page  using regular expression

2024-11-12 15:57:04 - [MESSAGE][PASSED] - Text 'iahmed@govolution.com' is present on page  using regular expression

2024-11-12 15:57:04 - [TEST_STEP][PASSED] - verifyTextPresent("Phone:", true): Text 'Phone:' is present on page  using regular expression

2024-11-12 15:57:05 - [MESSAGE][PASSED] - Text 'Phone:' is present on page  using regular expression

2024-11-12 15:57:05 - [TEST_STEP][PASSED] - verifyTextPresent("(703) 894-5000", false): Text '(703) 894-5000' is present on page 

2024-11-12 15:57:05 - [MESSAGE][PASSED] - Text '(703) 894-5000' is present on page 

2024-11-12 15:57:05 - [TEST_STEP][PASSED] - verifyTextPresent("Tax Information", true): Text 'Tax Information' is present on page  using regular expression

2024-11-12 15:57:05 - [MESSAGE][PASSED] - Text 'Tax Information' is present on page  using regular expression

2024-11-12 15:57:05 - [TEST_STEP][PASSED] - if (feinSSN.equalsIgnoreCase("Y")): Text 'XXXXX2690' is present on page  using regular expression

2024-11-12 15:57:05 - [TEST_STEP][PASSED] - verifyTextPresent("FEIN/SSN:", true): Text 'FEIN/SSN:' is present on page  using regular expression

2024-11-12 15:57:06 - [MESSAGE][PASSED] - Text 'FEIN/SSN:' is present on page  using regular expression

2024-11-12 15:57:06 - [TEST_STEP][PASSED] - verifyTextNotPresent("Federal EIN:", true): Text 'Federal EIN:' is not present on page using regular expression

2024-11-12 15:57:06 - [MESSAGE][PASSED] - Text 'Federal EIN:' is not present on page using regular expression

2024-11-12 15:57:06 - [TEST_STEP][PASSED] - verifyTextPresent("XXXXX2690", true): Text 'XXXXX2690' is present on page  using regular expression

2024-11-12 15:57:06 - [MESSAGE][PASSED] - Text 'XXXXX2690' is present on page  using regular expression

2024-11-12 15:57:06 - [TEST_STEP][PASSED] - verifyTextPresent("Payment Amount:", true): Text 'Payment Amount:' is present on page  using regular expression

2024-11-12 15:57:07 - [MESSAGE][PASSED] - Text 'Payment Amount:' is present on page  using regular expression

2024-11-12 15:57:07 - [TEST_STEP][PASSED] - verifyTextPresent("100.00", true): Text '100.00' is present on page  using regular expression

2024-11-12 15:57:07 - [MESSAGE][PASSED] - Text '100.00' is present on page  using regular expression

2024-11-12 15:57:07 - [TEST_STEP][PASSED] - if (verifyElementVisible(findTestObject(orPath_Summary + "/button_Proceed to Payment"))): null

2024-11-12 15:57:07 - [MESSAGE][PASSED] - Object 'Object Repository/RAD_Pages/Summary_Page/button_Proceed to Payment' is visible

2024-11-12 15:57:07 - [TEST_STEP][PASSED] - resText = "Pass": null

2024-11-12 15:57:07 - [TEST_STEP][PASSED] - pages.WriteExcel.demoKey(resText, datText, resColumn, datCloumn, fileLoc, nameSheet, row): pages.WriteExcel.demoKey is PASSED

2024-11-12 15:57:07 - [MESSAGE][PASSED] - pages.WriteExcel.demoKey is PASSED

2024-11-12 15:57:07 - [TEST_STEP][PASSED] - click(findTestObject(orPath_Summary + "/button_Proceed to Payment")): Object: 'Object Repository/RAD_Pages/Summary_Page/button_Proceed to Payment' is clicked on

2024-11-12 15:57:10 - [MESSAGE][PASSED] - Object: 'Object Repository/RAD_Pages/Summary_Page/button_Proceed to Payment' is clicked on

2024-11-12 15:57:10 - [TEST_STEP][PASSED] - verifyElementPresent(findTestObject("Object Repository/RAD_Pages/PaymentEntry_Page/input__billingName"), 30): Object 'Object Repository/RAD_Pages/PaymentEntry_Page/input__billingName' is present

2024-11-12 15:57:10 - [MESSAGE][PASSED] - Object 'Object Repository/RAD_Pages/PaymentEntry_Page/input__billingName' is present

2024-11-12 15:57:10 - [TEST_STEP][PASSED] - ExecuteTC = findTestData(dataFile).getValue("Execute", row): null

2024-11-12 15:57:10 - [TEST_STEP][PASSED] - TaxType = findTestData(dataFile).getValue("TaxType", row): null

2024-11-12 15:57:11 - [TEST_STEP][PASSED] - PaymentType = findTestData(dataFile).getValue("PaymentType", row): null

2024-11-12 15:57:11 - [TEST_STEP][PASSED] - FilingYear = findTestData(dataFile).getValue("Year", row): null

2024-11-12 15:57:11 - [TEST_STEP][PASSED] - PeriodEndingMonth = findTestData(dataFile).getValue("Month", row): null

2024-11-12 15:57:11 - [TEST_STEP][PASSED] - feinSSN = findTestData(dataFile).getValue("FeinSsn", row): null

2024-11-12 15:57:11 - [TEST_STEP][PASSED] - if (ExecuteTC.equalsIgnoreCase("Y")): Object 'Object Repository/RAD_Pages/PaymentEntry_Page/input__billingName' is present

2024-11-12 15:57:11 - [TEST_STEP][PASSED] - out.println("Begin Record Number: " + row): null

2024-11-12 15:57:11 - [TEST_STEP][PASSED] - today = new java.util.Date(): null

2024-11-12 15:57:11 - [TEST_STEP][PASSED] - println(today): null

2024-11-12 15:57:11 - [TEST_STEP][PASSED] - datText = today: null

2024-11-12 15:57:11 - [TEST_STEP][PASSED] - logInfo("Payment Type: Quarterly Estimated Tax"): Payment Type: Quarterly Estimated Tax

2024-11-12 15:57:11 - [MESSAGE][INFO] - Payment Type: Quarterly Estimated Tax

2024-11-12 15:57:11 - [TEST_STEP][PASSED] - logInfo("Tax Type: " + TaxType): Tax Type: PTE Tax Electing Non-S Corp

2024-11-12 15:57:11 - [MESSAGE][INFO] - Tax Type: PTE Tax Electing Non-S Corp

2024-11-12 15:57:11 - [TEST_STEP][PASSED] - openBrowser(""): Browser is opened with url: ''

2024-11-12 15:57:11 - [MESSAGE][WARNING] - A browser is already opened. Closing browser and opening a new one

2024-11-12 15:57:12 - [MESSAGE][INFO] - Starting 'Chrome' driver

2024-11-12 15:57:12 - [MESSAGE][INFO] - User set preference: ['acceptInsecureCerts', 'true']

2024-11-12 15:57:12 - [MESSAGE][INFO] - Action delay is set to 0 milliseconds

2024-11-12 15:57:14 - [MESSAGE][PASSED] - Browser is opened with url: ''

2024-11-12 15:57:14 - [TEST_STEP][PASSED] - maximizeWindow(): Current window maximized

2024-11-12 15:57:14 - [MESSAGE][PASSED] - Current window maximized

2024-11-12 15:57:14 - [TEST_STEP][PASSED] - navigateToUrl(RADurl): Navigate to 'https://www.velocitypayment.com/client/rad/index.html' successfully

2024-11-12 15:57:14 - [MESSAGE][PASSED] - Navigate to 'https://www.velocitypayment.com/client/rad/index.html' successfully

2024-11-12 15:57:14 - [TEST_STEP][PASSED] - selectOptionByLabel(findTestObject(orPath_Landing + "/dd_TaxType"), "Quarterly Estimated Tax", false): All options with label 'Quarterly Estimated Tax' are selected in object 'Object Repository/RAD_Pages/Landing_Page/dd_TaxType' 

2024-11-12 15:57:17 - [MESSAGE][PASSED] - All options with label 'Quarterly Estimated Tax' are selected in object 'Object Repository/RAD_Pages/Landing_Page/dd_TaxType' 

2024-11-12 15:57:17 - [TEST_STEP][PASSED] - selectOptionByLabel(findTestObject(orPath_TaxTypeFilingYear + "/select_PaymentType"), TaxType, false): All options with label 'PTE Tax Electing Non-S Corp' are selected in object 'Object Repository/RAD_Pages/TaxTypeFilingYear_Page/select_PaymentType' 

2024-11-12 15:57:17 - [MESSAGE][PASSED] - All options with label 'PTE Tax Electing Non-S Corp' are selected in object 'Object Repository/RAD_Pages/TaxTypeFilingYear_Page/select_PaymentType' 

2024-11-12 15:57:17 - [TEST_STEP][PASSED] - selectOptionByLabel(findTestObject(orPath_TaxTypeFilingYear + "/select_FilingYear"), FilingYear, false): All options with label '2024' are selected in object 'Object Repository/RAD_Pages/TaxTypeFilingYear_Page/select_FilingYear' 

2024-11-12 15:57:18 - [MESSAGE][PASSED] - All options with label '2024' are selected in object 'Object Repository/RAD_Pages/TaxTypeFilingYear_Page/select_FilingYear' 

2024-11-12 15:57:18 - [TEST_STEP][PASSED] - selectOptionByLabel(findTestObject(orPath_TaxTypeFilingYear + "/select_PeriodEnding"), PeriodEndingMonth, false): All options with label 'January' are selected in object 'Object Repository/RAD_Pages/TaxTypeFilingYear_Page/select_PeriodEnding' 

2024-11-12 15:57:19 - [MESSAGE][PASSED] - All options with label 'January' are selected in object 'Object Repository/RAD_Pages/TaxTypeFilingYear_Page/select_PeriodEnding' 

2024-11-12 15:57:19 - [TEST_STEP][PASSED] - rad.getSetDataRAD.setDataRADBusinessName(): rad.getSetDataRAD.setDataRADBusinessName is PASSED

2024-11-12 15:57:20 - [MESSAGE][PASSED] - Text 'My Company' is set on object 'Object Repository/RAD_Pages/Taxpayer_Page/input_businessName'

2024-11-12 15:57:20 - [MESSAGE][PASSED] - rad.getSetDataRAD.setDataRADBusinessName is PASSED

2024-11-12 15:57:20 - [TEST_STEP][PASSED] - rad.getSetDataRAD.setDataRADBusinessRep(): rad.getSetDataRAD.setDataRADBusinessRep is PASSED

2024-11-12 15:57:21 - [MESSAGE][PASSED] - Text 'BusRepFname' is set on object 'Object Repository/RAD_Pages/Taxpayer_Page/input_BusinessRepfirstName'

2024-11-12 15:57:21 - [MESSAGE][PASSED] - Text '' is set on object 'Object Repository/RAD_Pages/Taxpayer_Page/input_BusinessRepmiddleName'

2024-11-12 15:57:22 - [MESSAGE][PASSED] - Text 'BusRepLname' is set on object 'Object Repository/RAD_Pages/Taxpayer_Page/input_BusinessReplastName'

2024-11-12 15:57:23 - [MESSAGE][PASSED] - Text '' is set on object 'Object Repository/RAD_Pages/Taxpayer_Page/input_BusinessRepsuffix'

2024-11-12 15:57:23 - [MESSAGE][PASSED] - rad.getSetDataRAD.setDataRADBusinessRep is PASSED

2024-11-12 15:57:23 - [TEST_STEP][PASSED] - rad.getSetDataRAD.setDataRADAddress(): rad.getSetDataRAD.setDataRADAddress is PASSED

2024-11-12 15:57:23 - [MESSAGE][PASSED] - All options with label 'United States' are selected in object 'Object Repository/RAD_Pages/AddressAndContactInfo_Page/select_Country' 

2024-11-12 15:57:24 - [MESSAGE][PASSED] - Text '2508 Mandan Terrace' is set on object 'Object Repository/RAD_Pages/AddressAndContactInfo_Page/input_streetAddress1'

2024-11-12 15:57:25 - [MESSAGE][PASSED] - Text '' is set on object 'Object Repository/RAD_Pages/AddressAndContactInfo_Page/input_streetAddress2'

2024-11-12 15:57:26 - [MESSAGE][PASSED] - Text 'Gambrills' is set on object 'Object Repository/RAD_Pages/AddressAndContactInfo_Page/input_city'

2024-11-12 15:57:26 - [MESSAGE][PASSED] - All options with label 'Maryland' are selected in object 'Object Repository/RAD_Pages/AddressAndContactInfo_Page/select_State' 

2024-11-12 15:57:27 - [MESSAGE][PASSED] - Text '21054' is set on object 'Object Repository/RAD_Pages/AddressAndContactInfo_Page/input_zipCode'

2024-11-12 15:57:28 - [MESSAGE][PASSED] - Text '(703) 894-5000' is set on object 'Object Repository/RAD_Pages/AddressAndContactInfo_Page/input_phoneNumber'

2024-11-12 15:57:29 - [MESSAGE][PASSED] - Text 'iahmed@govolution.com' is set on object 'Object Repository/RAD_Pages/AddressAndContactInfo_Page/input_eMailAddress'

2024-11-12 15:57:30 - [MESSAGE][PASSED] - Text 'iahmed@govolution.com' is set on object 'Object Repository/RAD_Pages/AddressAndContactInfo_Page/input_reEnterEMailAddress'

2024-11-12 15:57:30 - [MESSAGE][PASSED] - rad.getSetDataRAD.setDataRADAddress is PASSED

2024-11-12 15:57:30 - [TEST_STEP][PASSED] - if (feinSSN.equalsIgnoreCase("Y")): Text ****** has been set on object 'Object Repository/RAD_Pages/TaxInfo_Page/input_TaxInfo_RetypeFeinSsn_New_2'

2024-11-12 15:57:30 - [TEST_STEP][PASSED] - setEncryptedText(findTestObject(orPath_TaxInfo + "/input_TaxInfo_FeinSsn_New_2"), "z9YBWxGcVPxtlZ7P2Sn0PQ=="): Text ****** has been set on object 'Object Repository/RAD_Pages/TaxInfo_Page/input_TaxInfo_FeinSsn_New_2'

2024-11-12 15:57:30 - [MESSAGE][PASSED] - Text ****** has been set on object 'Object Repository/RAD_Pages/TaxInfo_Page/input_TaxInfo_FeinSsn_New_2'

2024-11-12 15:57:30 - [TEST_STEP][PASSED] - setEncryptedText(findTestObject(orPath_TaxInfo + "/input_TaxInfo_RetypeFeinSsn_New_2"), "z9YBWxGcVPxtlZ7P2Sn0PQ=="): Text ****** has been set on object 'Object Repository/RAD_Pages/TaxInfo_Page/input_TaxInfo_RetypeFeinSsn_New_2'

2024-11-12 15:57:31 - [MESSAGE][PASSED] - Text ****** has been set on object 'Object Repository/RAD_Pages/TaxInfo_Page/input_TaxInfo_RetypeFeinSsn_New_2'

2024-11-12 15:57:31 - [TEST_STEP][PASSED] - setText(findTestObject(orPath_Amount + "/input__paymentAmount"), "100.00"): Text '100.00' is set on object 'Object Repository/RAD_Pages/PaymentAmount_Page/input__paymentAmount'

2024-11-12 15:57:31 - [MESSAGE][PASSED] - Text '100.00' is set on object 'Object Repository/RAD_Pages/PaymentAmount_Page/input__paymentAmount'

2024-11-12 15:57:31 - [TEST_STEP][PASSED] - setText(findTestObject(orPath_AddressContact + "/input_streetAddress2"), ""): Text '' is set on object 'Object Repository/RAD_Pages/AddressAndContactInfo_Page/input_streetAddress2'

2024-11-12 15:57:32 - [MESSAGE][PASSED] - Text '' is set on object 'Object Repository/RAD_Pages/AddressAndContactInfo_Page/input_streetAddress2'

2024-11-12 15:57:32 - [TEST_STEP][PASSED] - scrollToElement(findTestObject(orPath_Landing + "/button_Continue"), 3): Scroll to object 'Object Repository/RAD_Pages/Landing_Page/button_Continue' successfully

2024-11-12 15:57:33 - [MESSAGE][PASSED] - Scroll to object 'Object Repository/RAD_Pages/Landing_Page/button_Continue' successfully

2024-11-12 15:57:33 - [TEST_STEP][PASSED] - waitForElementClickable(findTestObject(orPath_Landing + "/button_Continue"), 5): Object 'Object Repository/RAD_Pages/Landing_Page/button_Continue' is clickable

2024-11-12 15:57:33 - [MESSAGE][PASSED] - Object 'Object Repository/RAD_Pages/Landing_Page/button_Continue' is clickable

2024-11-12 15:57:33 - [TEST_STEP][PASSED] - click(findTestObject(orPath_Landing + "/button_Continue")): Object: 'Object Repository/RAD_Pages/Landing_Page/button_Continue' is clicked on

2024-11-12 15:57:33 - [MESSAGE][PASSED] - Object: 'Object Repository/RAD_Pages/Landing_Page/button_Continue' is clicked on

2024-11-12 15:57:33 - [TEST_STEP][PASSED] - delay(2): Delayed 2 second(s)

2024-11-12 15:57:35 - [MESSAGE][PASSED] - Delayed 2 second(s)

2024-11-12 15:57:35 - [TEST_STEP][PASSED] - verifyTextPresent("Summary", true): Text 'Summary' is present on page  using regular expression

2024-11-12 15:57:36 - [MESSAGE][PASSED] - Text 'Summary' is present on page  using regular expression

2024-11-12 15:57:36 - [TEST_STEP][PASSED] - verifyTextPresent("Review the information below and make any necessary corrections by clicking the", true): Text 'Review the information below and make any necessary corrections by clicking the' is present on page  using regular expression

2024-11-12 15:57:36 - [MESSAGE][PASSED] - Text 'Review the information below and make any necessary corrections by clicking the' is present on page  using regular expression

2024-11-12 15:57:36 - [TEST_STEP][PASSED] - verifyTextPresent("When you are confident that all the information is correct, click the", true): Text 'When you are confident that all the information is correct, click the' is present on page  using regular expression

2024-11-12 15:57:36 - [MESSAGE][PASSED] - Text 'When you are confident that all the information is correct, click the' is present on page  using regular expression

2024-11-12 15:57:36 - [TEST_STEP][PASSED] - verifyTextPresent("Payment Type/Filing Year", true): Text 'Payment Type/Filing Year' is present on page  using regular expression

2024-11-12 15:57:37 - [MESSAGE][PASSED] - Text 'Payment Type/Filing Year' is present on page  using regular expression

2024-11-12 15:57:37 - [TEST_STEP][PASSED] - verifyTextPresent("Payment Type:", true): Text 'Payment Type:' is present on page  using regular expression

2024-11-12 15:57:37 - [MESSAGE][PASSED] - Text 'Payment Type:' is present on page  using regular expression

2024-11-12 15:57:37 - [TEST_STEP][PASSED] - verifyTextPresent("Quarterly Estimated Tax", true): Text 'Quarterly Estimated Tax' is present on page  using regular expression

2024-11-12 15:57:37 - [MESSAGE][PASSED] - Text 'Quarterly Estimated Tax' is present on page  using regular expression

2024-11-12 15:57:37 - [TEST_STEP][PASSED] - verifyTextPresent("Filing Year:", true): Text 'Filing Year:' is present on page  using regular expression

2024-11-12 15:57:38 - [MESSAGE][PASSED] - Text 'Filing Year:' is present on page  using regular expression

2024-11-12 15:57:38 - [TEST_STEP][PASSED] - verifyTextPresent(FilingYear, true): Text '2024' is present on page  using regular expression

2024-11-12 15:57:38 - [MESSAGE][PASSED] - Text '2024' is present on page  using regular expression

2024-11-12 15:57:38 - [TEST_STEP][PASSED] - verifyTextPresent("Period Ending:", true): Text 'Period Ending:' is present on page  using regular expression

2024-11-12 15:57:38 - [MESSAGE][PASSED] - Text 'Period Ending:' is present on page  using regular expression

2024-11-12 15:57:38 - [TEST_STEP][PASSED] - verifyTextPresent(PeriodEndingMonth, true): Text 'January' is present on page  using regular expression

2024-11-12 15:57:39 - [MESSAGE][PASSED] - Text 'January' is present on page  using regular expression

2024-11-12 15:57:39 - [TEST_STEP][PASSED] - verifyTextPresent("Payer Information", true): Text 'Payer Information' is present on page  using regular expression

2024-11-12 15:57:39 - [MESSAGE][PASSED] - Text 'Payer Information' is present on page  using regular expression

2024-11-12 15:57:39 - [TEST_STEP][PASSED] - verifyTextPresent("Taxpayer Name:", true): Text 'Taxpayer Name:' is present on page  using regular expression

2024-11-12 15:57:39 - [MESSAGE][PASSED] - Text 'Taxpayer Name:' is present on page  using regular expression

2024-11-12 15:57:39 - [TEST_STEP][PASSED] - verifyTextPresent("My Company", true): Text 'My Company' is present on page  using regular expression

2024-11-12 15:57:40 - [MESSAGE][PASSED] - Text 'My Company' is present on page  using regular expression

2024-11-12 15:57:40 - [TEST_STEP][PASSED] - verifyTextPresent("Business Rep Name:", true): Text 'Business Rep Name:' is present on page  using regular expression

2024-11-12 15:57:40 - [MESSAGE][PASSED] - Text 'Business Rep Name:' is present on page  using regular expression

2024-11-12 15:57:40 - [TEST_STEP][PASSED] - verifyTextPresent("BusRepFname BusRepLname", true): Text 'BusRepFname BusRepLname' is present on page  using regular expression

2024-11-12 15:57:40 - [MESSAGE][PASSED] - Text 'BusRepFname BusRepLname' is present on page  using regular expression

2024-11-12 15:57:40 - [TEST_STEP][PASSED] - verifyTextPresent("Taxpayer Address:", true): Text 'Taxpayer Address:' is present on page  using regular expression

2024-11-12 15:57:41 - [MESSAGE][PASSED] - Text 'Taxpayer Address:' is present on page  using regular expression

2024-11-12 15:57:41 - [TEST_STEP][PASSED] - verifyTextPresent("2508 Mandan Terrace Gambrills Maryland 21054", true): Text '2508 Mandan Terrace Gambrills Maryland 21054' is present on page  using regular expression

2024-11-12 15:57:41 - [MESSAGE][PASSED] - Text '2508 Mandan Terrace Gambrills Maryland 21054' is present on page  using regular expression

2024-11-12 15:57:41 - [TEST_STEP][PASSED] - verifyTextPresent("Email:", true): Text 'Email:' is present on page  using regular expression

2024-11-12 15:57:41 - [MESSAGE][PASSED] - Text 'Email:' is present on page  using regular expression

2024-11-12 15:57:41 - [TEST_STEP][PASSED] - verifyTextPresent("iahmed@govolution.com", true): Text 'iahmed@govolution.com' is present on page  using regular expression

2024-11-12 15:57:42 - [MESSAGE][PASSED] - Text 'iahmed@govolution.com' is present on page  using regular expression

2024-11-12 15:57:42 - [TEST_STEP][PASSED] - verifyTextPresent("Phone:", true): Text 'Phone:' is present on page  using regular expression

2024-11-12 15:57:42 - [MESSAGE][PASSED] - Text 'Phone:' is present on page  using regular expression

2024-11-12 15:57:42 - [TEST_STEP][PASSED] - verifyTextPresent("(703) 894-5000", false): Text '(703) 894-5000' is present on page 

2024-11-12 15:57:42 - [MESSAGE][PASSED] - Text '(703) 894-5000' is present on page 

2024-11-12 15:57:42 - [TEST_STEP][PASSED] - verifyTextPresent("Tax Information", true): Text 'Tax Information' is present on page  using regular expression

2024-11-12 15:57:43 - [MESSAGE][PASSED] - Text 'Tax Information' is present on page  using regular expression

2024-11-12 15:57:43 - [TEST_STEP][PASSED] - if (feinSSN.equalsIgnoreCase("Y")): Text 'XXXXX2690' is present on page  using regular expression

2024-11-12 15:57:43 - [TEST_STEP][PASSED] - verifyTextPresent("FEIN/SSN:", true): Text 'FEIN/SSN:' is present on page  using regular expression

2024-11-12 15:57:43 - [MESSAGE][PASSED] - Text 'FEIN/SSN:' is present on page  using regular expression

2024-11-12 15:57:43 - [TEST_STEP][PASSED] - verifyTextNotPresent("Federal EIN:", true): Text 'Federal EIN:' is not present on page using regular expression

2024-11-12 15:57:43 - [MESSAGE][PASSED] - Text 'Federal EIN:' is not present on page using regular expression

2024-11-12 15:57:43 - [TEST_STEP][PASSED] - verifyTextPresent("XXXXX2690", true): Text 'XXXXX2690' is present on page  using regular expression

2024-11-12 15:57:44 - [MESSAGE][PASSED] - Text 'XXXXX2690' is present on page  using regular expression

2024-11-12 15:57:44 - [TEST_STEP][PASSED] - verifyTextPresent("Payment Amount:", true): Text 'Payment Amount:' is present on page  using regular expression

2024-11-12 15:57:44 - [MESSAGE][PASSED] - Text 'Payment Amount:' is present on page  using regular expression

2024-11-12 15:57:44 - [TEST_STEP][PASSED] - verifyTextPresent("100.00", true): Text '100.00' is present on page  using regular expression

2024-11-12 15:57:44 - [MESSAGE][PASSED] - Text '100.00' is present on page  using regular expression

2024-11-12 15:57:44 - [TEST_STEP][PASSED] - if (verifyElementVisible(findTestObject(orPath_Summary + "/button_Proceed to Payment"))): null

2024-11-12 15:57:45 - [MESSAGE][PASSED] - Object 'Object Repository/RAD_Pages/Summary_Page/button_Proceed to Payment' is visible

2024-11-12 15:57:45 - [TEST_STEP][PASSED] - resText = "Pass": null

2024-11-12 15:57:45 - [TEST_STEP][PASSED] - pages.WriteExcel.demoKey(resText, datText, resColumn, datCloumn, fileLoc, nameSheet, row): pages.WriteExcel.demoKey is PASSED

2024-11-12 15:57:45 - [MESSAGE][PASSED] - pages.WriteExcel.demoKey is PASSED

2024-11-12 15:57:45 - [TEST_STEP][PASSED] - click(findTestObject(orPath_Summary + "/button_Proceed to Payment")): Object: 'Object Repository/RAD_Pages/Summary_Page/button_Proceed to Payment' is clicked on

2024-11-12 15:57:48 - [MESSAGE][PASSED] - Object: 'Object Repository/RAD_Pages/Summary_Page/button_Proceed to Payment' is clicked on

2024-11-12 15:57:48 - [TEST_STEP][PASSED] - verifyElementPresent(findTestObject("Object Repository/RAD_Pages/PaymentEntry_Page/input__billingName"), 30): Object 'Object Repository/RAD_Pages/PaymentEntry_Page/input__billingName' is present

2024-11-12 15:57:48 - [MESSAGE][PASSED] - Object 'Object Repository/RAD_Pages/PaymentEntry_Page/input__billingName' is present

2024-11-12 15:57:48 - [TEST_STEP][PASSED] - ExecuteTC = findTestData(dataFile).getValue("Execute", row): null

2024-11-12 15:57:48 - [TEST_STEP][PASSED] - TaxType = findTestData(dataFile).getValue("TaxType", row): null

2024-11-12 15:57:48 - [TEST_STEP][PASSED] - PaymentType = findTestData(dataFile).getValue("PaymentType", row): null

2024-11-12 15:57:48 - [TEST_STEP][PASSED] - FilingYear = findTestData(dataFile).getValue("Year", row): null

2024-11-12 15:57:48 - [TEST_STEP][PASSED] - PeriodEndingMonth = findTestData(dataFile).getValue("Month", row): null

2024-11-12 15:57:48 - [TEST_STEP][PASSED] - feinSSN = findTestData(dataFile).getValue("FeinSsn", row): null

2024-11-12 15:57:48 - [TEST_STEP][PASSED] - if (ExecuteTC.equalsIgnoreCase("Y")): Object 'Object Repository/RAD_Pages/PaymentEntry_Page/input__billingName' is present

2024-11-12 15:57:48 - [TEST_STEP][PASSED] - out.println("Begin Record Number: " + row): null

2024-11-12 15:57:48 - [TEST_STEP][PASSED] - today = new java.util.Date(): null

2024-11-12 15:57:48 - [TEST_STEP][PASSED] - println(today): null

2024-11-12 15:57:48 - [TEST_STEP][PASSED] - datText = today: null

2024-11-12 15:57:48 - [TEST_STEP][PASSED] - logInfo("Payment Type: Quarterly Estimated Tax"): Payment Type: Quarterly Estimated Tax

2024-11-12 15:57:48 - [MESSAGE][INFO] - Payment Type: Quarterly Estimated Tax

2024-11-12 15:57:48 - [TEST_STEP][PASSED] - logInfo("Tax Type: " + TaxType): Tax Type: PTE Tax Electing S Corp

2024-11-12 15:57:48 - [MESSAGE][INFO] - Tax Type: PTE Tax Electing S Corp

2024-11-12 15:57:48 - [TEST_STEP][PASSED] - openBrowser(""): Browser is opened with url: ''

2024-11-12 15:57:48 - [MESSAGE][WARNING] - A browser is already opened. Closing browser and opening a new one

2024-11-12 15:57:50 - [MESSAGE][INFO] - Starting 'Chrome' driver

2024-11-12 15:57:50 - [MESSAGE][INFO] - User set preference: ['acceptInsecureCerts', 'true']

2024-11-12 15:57:50 - [MESSAGE][INFO] - Action delay is set to 0 milliseconds

2024-11-12 15:57:51 - [MESSAGE][PASSED] - Browser is opened with url: ''

2024-11-12 15:57:51 - [TEST_STEP][PASSED] - maximizeWindow(): Current window maximized

2024-11-12 15:57:51 - [MESSAGE][PASSED] - Current window maximized

2024-11-12 15:57:51 - [TEST_STEP][PASSED] - navigateToUrl(RADurl): Navigate to 'https://www.velocitypayment.com/client/rad/index.html' successfully

2024-11-12 15:57:52 - [MESSAGE][PASSED] - Navigate to 'https://www.velocitypayment.com/client/rad/index.html' successfully

2024-11-12 15:57:52 - [TEST_STEP][PASSED] - selectOptionByLabel(findTestObject(orPath_Landing + "/dd_TaxType"), "Quarterly Estimated Tax", false): All options with label 'Quarterly Estimated Tax' are selected in object 'Object Repository/RAD_Pages/Landing_Page/dd_TaxType' 

2024-11-12 15:57:54 - [MESSAGE][PASSED] - All options with label 'Quarterly Estimated Tax' are selected in object 'Object Repository/RAD_Pages/Landing_Page/dd_TaxType' 

2024-11-12 15:57:54 - [TEST_STEP][PASSED] - selectOptionByLabel(findTestObject(orPath_TaxTypeFilingYear + "/select_PaymentType"), TaxType, false): All options with label 'PTE Tax Electing S Corp' are selected in object 'Object Repository/RAD_Pages/TaxTypeFilingYear_Page/select_PaymentType' 

2024-11-12 15:57:55 - [MESSAGE][PASSED] - All options with label 'PTE Tax Electing S Corp' are selected in object 'Object Repository/RAD_Pages/TaxTypeFilingYear_Page/select_PaymentType' 

2024-11-12 15:57:55 - [TEST_STEP][PASSED] - selectOptionByLabel(findTestObject(orPath_TaxTypeFilingYear + "/select_FilingYear"), FilingYear, false): All options with label '2024' are selected in object 'Object Repository/RAD_Pages/TaxTypeFilingYear_Page/select_FilingYear' 

2024-11-12 15:57:55 - [MESSAGE][PASSED] - All options with label '2024' are selected in object 'Object Repository/RAD_Pages/TaxTypeFilingYear_Page/select_FilingYear' 

2024-11-12 15:57:55 - [TEST_STEP][PASSED] - selectOptionByLabel(findTestObject(orPath_TaxTypeFilingYear + "/select_PeriodEnding"), PeriodEndingMonth, false): All options with label 'December' are selected in object 'Object Repository/RAD_Pages/TaxTypeFilingYear_Page/select_PeriodEnding' 

2024-11-12 15:57:56 - [MESSAGE][PASSED] - All options with label 'December' are selected in object 'Object Repository/RAD_Pages/TaxTypeFilingYear_Page/select_PeriodEnding' 

2024-11-12 15:57:56 - [TEST_STEP][PASSED] - rad.getSetDataRAD.setDataRADBusinessName(): rad.getSetDataRAD.setDataRADBusinessName is PASSED

2024-11-12 15:57:57 - [MESSAGE][PASSED] - Text 'My Company' is set on object 'Object Repository/RAD_Pages/Taxpayer_Page/input_businessName'

2024-11-12 15:57:57 - [MESSAGE][PASSED] - rad.getSetDataRAD.setDataRADBusinessName is PASSED

2024-11-12 15:57:57 - [TEST_STEP][PASSED] - rad.getSetDataRAD.setDataRADBusinessRep(): rad.getSetDataRAD.setDataRADBusinessRep is PASSED

2024-11-12 15:57:58 - [MESSAGE][PASSED] - Text 'BusRepFname' is set on object 'Object Repository/RAD_Pages/Taxpayer_Page/input_BusinessRepfirstName'

2024-11-12 15:57:58 - [MESSAGE][PASSED] - Text '' is set on object 'Object Repository/RAD_Pages/Taxpayer_Page/input_BusinessRepmiddleName'

2024-11-12 15:57:59 - [MESSAGE][PASSED] - Text 'BusRepLname' is set on object 'Object Repository/RAD_Pages/Taxpayer_Page/input_BusinessReplastName'

2024-11-12 15:58:00 - [MESSAGE][PASSED] - Text '' is set on object 'Object Repository/RAD_Pages/Taxpayer_Page/input_BusinessRepsuffix'

2024-11-12 15:58:00 - [MESSAGE][PASSED] - rad.getSetDataRAD.setDataRADBusinessRep is PASSED

2024-11-12 15:58:00 - [TEST_STEP][PASSED] - rad.getSetDataRAD.setDataRADAddress(): rad.getSetDataRAD.setDataRADAddress is PASSED

2024-11-12 15:58:00 - [MESSAGE][PASSED] - All options with label 'United States' are selected in object 'Object Repository/RAD_Pages/AddressAndContactInfo_Page/select_Country' 

2024-11-12 15:58:01 - [MESSAGE][PASSED] - Text '2508 Mandan Terrace' is set on object 'Object Repository/RAD_Pages/AddressAndContactInfo_Page/input_streetAddress1'

2024-11-12 15:58:02 - [MESSAGE][PASSED] - Text '' is set on object 'Object Repository/RAD_Pages/AddressAndContactInfo_Page/input_streetAddress2'

2024-11-12 15:58:03 - [MESSAGE][PASSED] - Text 'Gambrills' is set on object 'Object Repository/RAD_Pages/AddressAndContactInfo_Page/input_city'

2024-11-12 15:58:04 - [MESSAGE][PASSED] - All options with label 'Maryland' are selected in object 'Object Repository/RAD_Pages/AddressAndContactInfo_Page/select_State' 

2024-11-12 15:58:05 - [MESSAGE][PASSED] - Text '21054' is set on object 'Object Repository/RAD_Pages/AddressAndContactInfo_Page/input_zipCode'

2024-11-12 15:58:05 - [MESSAGE][PASSED] - Text '(703) 894-5000' is set on object 'Object Repository/RAD_Pages/AddressAndContactInfo_Page/input_phoneNumber'

2024-11-12 15:58:06 - [MESSAGE][PASSED] - Text 'iahmed@govolution.com' is set on object 'Object Repository/RAD_Pages/AddressAndContactInfo_Page/input_eMailAddress'

2024-11-12 15:58:07 - [MESSAGE][PASSED] - Text 'iahmed@govolution.com' is set on object 'Object Repository/RAD_Pages/AddressAndContactInfo_Page/input_reEnterEMailAddress'

2024-11-12 15:58:07 - [MESSAGE][PASSED] - rad.getSetDataRAD.setDataRADAddress is PASSED

2024-11-12 15:58:07 - [TEST_STEP][PASSED] - if (feinSSN.equalsIgnoreCase("Y")): Text ****** has been set on object 'Object Repository/RAD_Pages/TaxInfo_Page/input_TaxInfo_RetypeFeinSsn_New_2'

2024-11-12 15:58:07 - [TEST_STEP][PASSED] - setEncryptedText(findTestObject(orPath_TaxInfo + "/input_TaxInfo_FeinSsn_New_2"), "z9YBWxGcVPxtlZ7P2Sn0PQ=="): Text ****** has been set on object 'Object Repository/RAD_Pages/TaxInfo_Page/input_TaxInfo_FeinSsn_New_2'

2024-11-12 15:58:08 - [MESSAGE][PASSED] - Text ****** has been set on object 'Object Repository/RAD_Pages/TaxInfo_Page/input_TaxInfo_FeinSsn_New_2'

2024-11-12 15:58:08 - [TEST_STEP][PASSED] - setEncryptedText(findTestObject(orPath_TaxInfo + "/input_TaxInfo_RetypeFeinSsn_New_2"), "z9YBWxGcVPxtlZ7P2Sn0PQ=="): Text ****** has been set on object 'Object Repository/RAD_Pages/TaxInfo_Page/input_TaxInfo_RetypeFeinSsn_New_2'

2024-11-12 15:58:08 - [MESSAGE][PASSED] - Text ****** has been set on object 'Object Repository/RAD_Pages/TaxInfo_Page/input_TaxInfo_RetypeFeinSsn_New_2'

2024-11-12 15:58:08 - [TEST_STEP][PASSED] - setText(findTestObject(orPath_Amount + "/input__paymentAmount"), "100.00"): Text '100.00' is set on object 'Object Repository/RAD_Pages/PaymentAmount_Page/input__paymentAmount'

2024-11-12 15:58:09 - [MESSAGE][PASSED] - Text '100.00' is set on object 'Object Repository/RAD_Pages/PaymentAmount_Page/input__paymentAmount'

2024-11-12 15:58:09 - [TEST_STEP][PASSED] - setText(findTestObject(orPath_AddressContact + "/input_streetAddress2"), ""): Text '' is set on object 'Object Repository/RAD_Pages/AddressAndContactInfo_Page/input_streetAddress2'

2024-11-12 15:58:10 - [MESSAGE][PASSED] - Text '' is set on object 'Object Repository/RAD_Pages/AddressAndContactInfo_Page/input_streetAddress2'

2024-11-12 15:58:10 - [TEST_STEP][PASSED] - scrollToElement(findTestObject(orPath_Landing + "/button_Continue"), 3): Scroll to object 'Object Repository/RAD_Pages/Landing_Page/button_Continue' successfully

2024-11-12 15:58:10 - [MESSAGE][PASSED] - Scroll to object 'Object Repository/RAD_Pages/Landing_Page/button_Continue' successfully

2024-11-12 15:58:10 - [TEST_STEP][PASSED] - waitForElementClickable(findTestObject(orPath_Landing + "/button_Continue"), 5): Object 'Object Repository/RAD_Pages/Landing_Page/button_Continue' is clickable

2024-11-12 15:58:10 - [MESSAGE][PASSED] - Object 'Object Repository/RAD_Pages/Landing_Page/button_Continue' is clickable

2024-11-12 15:58:10 - [TEST_STEP][PASSED] - click(findTestObject(orPath_Landing + "/button_Continue")): Object: 'Object Repository/RAD_Pages/Landing_Page/button_Continue' is clicked on

2024-11-12 15:58:11 - [MESSAGE][PASSED] - Object: 'Object Repository/RAD_Pages/Landing_Page/button_Continue' is clicked on

2024-11-12 15:58:11 - [TEST_STEP][PASSED] - delay(2): Delayed 2 second(s)

2024-11-12 15:58:13 - [MESSAGE][PASSED] - Delayed 2 second(s)

2024-11-12 15:58:13 - [TEST_STEP][PASSED] - verifyTextPresent("Summary", true): Text 'Summary' is present on page  using regular expression

2024-11-12 15:58:13 - [MESSAGE][PASSED] - Text 'Summary' is present on page  using regular expression

2024-11-12 15:58:13 - [TEST_STEP][PASSED] - verifyTextPresent("Review the information below and make any necessary corrections by clicking the", true): Text 'Review the information below and make any necessary corrections by clicking the' is present on page  using regular expression

2024-11-12 15:58:13 - [MESSAGE][PASSED] - Text 'Review the information below and make any necessary corrections by clicking the' is present on page  using regular expression

2024-11-12 15:58:13 - [TEST_STEP][PASSED] - verifyTextPresent("When you are confident that all the information is correct, click the", true): Text 'When you are confident that all the information is correct, click the' is present on page  using regular expression

2024-11-12 15:58:14 - [MESSAGE][PASSED] - Text 'When you are confident that all the information is correct, click the' is present on page  using regular expression

2024-11-12 15:58:14 - [TEST_STEP][PASSED] - verifyTextPresent("Payment Type/Filing Year", true): Text 'Payment Type/Filing Year' is present on page  using regular expression

2024-11-12 15:58:14 - [MESSAGE][PASSED] - Text 'Payment Type/Filing Year' is present on page  using regular expression

2024-11-12 15:58:14 - [TEST_STEP][PASSED] - verifyTextPresent("Payment Type:", true): Text 'Payment Type:' is present on page  using regular expression

2024-11-12 15:58:14 - [MESSAGE][PASSED] - Text 'Payment Type:' is present on page  using regular expression

2024-11-12 15:58:14 - [TEST_STEP][PASSED] - verifyTextPresent("Quarterly Estimated Tax", true): Text 'Quarterly Estimated Tax' is present on page  using regular expression

2024-11-12 15:58:15 - [MESSAGE][PASSED] - Text 'Quarterly Estimated Tax' is present on page  using regular expression

2024-11-12 15:58:15 - [TEST_STEP][PASSED] - verifyTextPresent("Filing Year:", true): Text 'Filing Year:' is present on page  using regular expression

2024-11-12 15:58:15 - [MESSAGE][PASSED] - Text 'Filing Year:' is present on page  using regular expression

2024-11-12 15:58:15 - [TEST_STEP][PASSED] - verifyTextPresent(FilingYear, true): Text '2024' is present on page  using regular expression

2024-11-12 15:58:15 - [MESSAGE][PASSED] - Text '2024' is present on page  using regular expression

2024-11-12 15:58:15 - [TEST_STEP][PASSED] - verifyTextPresent("Period Ending:", true): Text 'Period Ending:' is present on page  using regular expression

2024-11-12 15:58:16 - [MESSAGE][PASSED] - Text 'Period Ending:' is present on page  using regular expression

2024-11-12 15:58:16 - [TEST_STEP][PASSED] - verifyTextPresent(PeriodEndingMonth, true): Text 'December' is present on page  using regular expression

2024-11-12 15:58:16 - [MESSAGE][PASSED] - Text 'December' is present on page  using regular expression

2024-11-12 15:58:16 - [TEST_STEP][PASSED] - verifyTextPresent("Payer Information", true): Text 'Payer Information' is present on page  using regular expression

2024-11-12 15:58:16 - [MESSAGE][PASSED] - Text 'Payer Information' is present on page  using regular expression

2024-11-12 15:58:16 - [TEST_STEP][PASSED] - verifyTextPresent("Taxpayer Name:", true): Text 'Taxpayer Name:' is present on page  using regular expression

2024-11-12 15:58:17 - [MESSAGE][PASSED] - Text 'Taxpayer Name:' is present on page  using regular expression

2024-11-12 15:58:17 - [TEST_STEP][PASSED] - verifyTextPresent("My Company", true): Text 'My Company' is present on page  using regular expression

2024-11-12 15:58:17 - [MESSAGE][PASSED] - Text 'My Company' is present on page  using regular expression

2024-11-12 15:58:17 - [TEST_STEP][PASSED] - verifyTextPresent("Business Rep Name:", true): Text 'Business Rep Name:' is present on page  using regular expression

2024-11-12 15:58:17 - [MESSAGE][PASSED] - Text 'Business Rep Name:' is present on page  using regular expression

2024-11-12 15:58:17 - [TEST_STEP][PASSED] - verifyTextPresent("BusRepFname BusRepLname", true): Text 'BusRepFname BusRepLname' is present on page  using regular expression

2024-11-12 15:58:18 - [MESSAGE][PASSED] - Text 'BusRepFname BusRepLname' is present on page  using regular expression

2024-11-12 15:58:18 - [TEST_STEP][PASSED] - verifyTextPresent("Taxpayer Address:", true): Text 'Taxpayer Address:' is present on page  using regular expression

2024-11-12 15:58:18 - [MESSAGE][PASSED] - Text 'Taxpayer Address:' is present on page  using regular expression

2024-11-12 15:58:18 - [TEST_STEP][PASSED] - verifyTextPresent("2508 Mandan Terrace Gambrills Maryland 21054", true): Text '2508 Mandan Terrace Gambrills Maryland 21054' is present on page  using regular expression

2024-11-12 15:58:18 - [MESSAGE][PASSED] - Text '2508 Mandan Terrace Gambrills Maryland 21054' is present on page  using regular expression

2024-11-12 15:58:18 - [TEST_STEP][PASSED] - verifyTextPresent("Email:", true): Text 'Email:' is present on page  using regular expression

2024-11-12 15:58:19 - [MESSAGE][PASSED] - Text 'Email:' is present on page  using regular expression

2024-11-12 15:58:19 - [TEST_STEP][PASSED] - verifyTextPresent("iahmed@govolution.com", true): Text 'iahmed@govolution.com' is present on page  using regular expression

2024-11-12 15:58:19 - [MESSAGE][PASSED] - Text 'iahmed@govolution.com' is present on page  using regular expression

2024-11-12 15:58:19 - [TEST_STEP][PASSED] - verifyTextPresent("Phone:", true): Text 'Phone:' is present on page  using regular expression

2024-11-12 15:58:20 - [MESSAGE][PASSED] - Text 'Phone:' is present on page  using regular expression

2024-11-12 15:58:20 - [TEST_STEP][PASSED] - verifyTextPresent("(703) 894-5000", false): Text '(703) 894-5000' is present on page 

2024-11-12 15:58:20 - [MESSAGE][PASSED] - Text '(703) 894-5000' is present on page 

2024-11-12 15:58:20 - [TEST_STEP][PASSED] - verifyTextPresent("Tax Information", true): Text 'Tax Information' is present on page  using regular expression

2024-11-12 15:58:20 - [MESSAGE][PASSED] - Text 'Tax Information' is present on page  using regular expression

2024-11-12 15:58:20 - [TEST_STEP][PASSED] - if (feinSSN.equalsIgnoreCase("Y")): Text 'XXXXX2690' is present on page  using regular expression

2024-11-12 15:58:20 - [TEST_STEP][PASSED] - verifyTextPresent("FEIN/SSN:", true): Text 'FEIN/SSN:' is present on page  using regular expression

2024-11-12 15:58:20 - [MESSAGE][PASSED] - Text 'FEIN/SSN:' is present on page  using regular expression

2024-11-12 15:58:20 - [TEST_STEP][PASSED] - verifyTextNotPresent("Federal EIN:", true): Text 'Federal EIN:' is not present on page using regular expression

2024-11-12 15:58:21 - [MESSAGE][PASSED] - Text 'Federal EIN:' is not present on page using regular expression

2024-11-12 15:58:21 - [TEST_STEP][PASSED] - verifyTextPresent("XXXXX2690", true): Text 'XXXXX2690' is present on page  using regular expression

2024-11-12 15:58:21 - [MESSAGE][PASSED] - Text 'XXXXX2690' is present on page  using regular expression

2024-11-12 15:58:21 - [TEST_STEP][PASSED] - verifyTextPresent("Payment Amount:", true): Text 'Payment Amount:' is present on page  using regular expression

2024-11-12 15:58:22 - [MESSAGE][PASSED] - Text 'Payment Amount:' is present on page  using regular expression

2024-11-12 15:58:22 - [TEST_STEP][PASSED] - verifyTextPresent("100.00", true): Text '100.00' is present on page  using regular expression

2024-11-12 15:58:22 - [MESSAGE][PASSED] - Text '100.00' is present on page  using regular expression

2024-11-12 15:58:22 - [TEST_STEP][PASSED] - if (verifyElementVisible(findTestObject(orPath_Summary + "/button_Proceed to Payment"))): null

2024-11-12 15:58:22 - [MESSAGE][PASSED] - Object 'Object Repository/RAD_Pages/Summary_Page/button_Proceed to Payment' is visible

2024-11-12 15:58:22 - [TEST_STEP][PASSED] - resText = "Pass": null

2024-11-12 15:58:22 - [TEST_STEP][PASSED] - pages.WriteExcel.demoKey(resText, datText, resColumn, datCloumn, fileLoc, nameSheet, row): pages.WriteExcel.demoKey is PASSED

2024-11-12 15:58:22 - [MESSAGE][PASSED] - pages.WriteExcel.demoKey is PASSED

2024-11-12 15:58:22 - [TEST_STEP][PASSED] - click(findTestObject(orPath_Summary + "/button_Proceed to Payment")): Object: 'Object Repository/RAD_Pages/Summary_Page/button_Proceed to Payment' is clicked on

2024-11-12 15:58:25 - [MESSAGE][PASSED] - Object: 'Object Repository/RAD_Pages/Summary_Page/button_Proceed to Payment' is clicked on

2024-11-12 15:58:25 - [TEST_STEP][PASSED] - verifyElementPresent(findTestObject("Object Repository/RAD_Pages/PaymentEntry_Page/input__billingName"), 30): Object 'Object Repository/RAD_Pages/PaymentEntry_Page/input__billingName' is present

2024-11-12 15:58:25 - [MESSAGE][PASSED] - Object 'Object Repository/RAD_Pages/PaymentEntry_Page/input__billingName' is present]]></system-out>
         <system-err><![CDATA[]]></system-err>
      </testcase>
      <testcase name="Test Cases/RAD_TestCases/Summary_TestCases/Existing_Summary_TC" time="701.292" classname="Test Cases/RAD_TestCases/Summary_TestCases/Existing_Summary_TC" status="PASSED">
         <system-out><![CDATA[2024-11-12 15:58:25 - [TEST_CASE][PASSED] - Test Cases/RAD_TestCases/Summary_TestCases/Existing_Summary_TC: Test Cases/RAD_TestCases/Summary_TestCases/Existing_Summary_TC

2024-11-12 15:58:26 - [TEST_STEP][PASSED] - resText = "Fail": null

2024-11-12 15:58:26 - [TEST_STEP][PASSED] - resColumn = "Result": null

2024-11-12 15:58:26 - [TEST_STEP][PASSED] - datCloumn = "Date": null

2024-11-12 15:58:26 - [TEST_STEP][PASSED] - fileLoc = "KatalonData/RADTestData/Summary.xlsx": null

2024-11-12 15:58:26 - [TEST_STEP][PASSED] - nameSheet = "Existing": null

2024-11-12 15:58:26 - [TEST_STEP][PASSED] - dataFile = "RADTestData/Summary_Existing": null

2024-11-12 15:58:26 - [TEST_STEP][PASSED] - orPath_Landing = "Object Repository/RAD_Pages/Landing_Page": null

2024-11-12 15:58:26 - [TEST_STEP][PASSED] - orPath_TaxTypeFilingYear = "Object Repository/RAD_Pages/TaxTypeFilingYear_Page": null

2024-11-12 15:58:26 - [TEST_STEP][PASSED] - orPath_Amount = "Object Repository/RAD_Pages/PaymentAmount_Page": null

2024-11-12 15:58:26 - [TEST_STEP][PASSED] - orPath_AddressContact = "Object Repository/RAD_Pages/AddressAndContactInfo_Page": null

2024-11-12 15:58:26 - [TEST_STEP][PASSED] - orPath_Summary = "Object Repository/RAD_Pages/Summary_Page": null

2024-11-12 15:58:26 - [TEST_STEP][PASSED] - orPath_PaymentConfirmation = "Object Repository/RAD_Pages/PaymentConfirmation_Page": null

2024-11-12 15:58:26 - [TEST_STEP][PASSED] - orPath_ServiceFeesAccept = "Object Repository/RAD_Pages/ServiceFeeAccept_Page": null

2024-11-12 15:58:26 - [TEST_STEP][PASSED] - orPath_PaymentEntry = "Object Repository/RAD_Pages/PaymentEntry_Page": null

2024-11-12 15:58:26 - [TEST_STEP][PASSED] - orPath_TaxInfo = "Object Repository/RAD_Pages/TaxInfo_Page": null

2024-11-12 15:58:26 - [TEST_STEP][PASSED] - ExecuteTC = <not implemented yet for class: org.codehaus.groovy.ast.expr.EmptyExpression>: null

2024-11-12 15:58:26 - [TEST_STEP][PASSED] - TaxType = <not implemented yet for class: org.codehaus.groovy.ast.expr.EmptyExpression>: null

2024-11-12 15:58:26 - [TEST_STEP][PASSED] - PaymentType = <not implemented yet for class: org.codehaus.groovy.ast.expr.EmptyExpression>: null

2024-11-12 15:58:26 - [TEST_STEP][PASSED] - FilingYear = <not implemented yet for class: org.codehaus.groovy.ast.expr.EmptyExpression>: null

2024-11-12 15:58:26 - [TEST_STEP][PASSED] - PeriodEndingMonth = <not implemented yet for class: org.codehaus.groovy.ast.expr.EmptyExpression>: null

2024-11-12 15:58:26 - [TEST_STEP][PASSED] - feinSsn = <not implemented yet for class: org.codehaus.groovy.ast.expr.EmptyExpression>: null

2024-11-12 15:58:26 - [TEST_STEP][PASSED] - CRN = <not implemented yet for class: org.codehaus.groovy.ast.expr.EmptyExpression>: null

2024-11-12 15:58:26 - [TEST_STEP][PASSED] - MFLicNum = <not implemented yet for class: org.codehaus.groovy.ast.expr.EmptyExpression>: null

2024-11-12 15:58:26 - [TEST_STEP][PASSED] - numOfRows = findTestData(dataFile).getRowNumbers(): null

2024-11-12 15:58:26 - [TEST_STEP][PASSED] - println("Number of Records: " + numOfRows): null

2024-11-12 15:58:26 - [TEST_STEP][PASSED] - for ([row = 1, row <= numOfRows, (row++)]): Object 'Object Repository/RAD_Pages/PaymentEntry_Page/input__billingName' is present

2024-11-12 15:58:26 - [TEST_STEP][PASSED] - ExecuteTC = findTestData(dataFile).getValue("Execute", row): null

2024-11-12 15:58:26 - [TEST_STEP][PASSED] - TaxType = findTestData(dataFile).getValue("TaxType", row): null

2024-11-12 15:58:26 - [TEST_STEP][PASSED] - PaymentType = findTestData(dataFile).getValue("PaymentType", row): null

2024-11-12 15:58:26 - [TEST_STEP][PASSED] - feinSsn = findTestData(dataFile).getValue("FEINSSN", row): null

2024-11-12 15:58:26 - [TEST_STEP][PASSED] - CRN = findTestData(dataFile).getValue("CRN", row): null

2024-11-12 15:58:26 - [TEST_STEP][PASSED] - MFLicNum = findTestData(dataFile).getValue("MFLicNum", row): null

2024-11-12 15:58:26 - [TEST_STEP][PASSED] - if (ExecuteTC.equalsIgnoreCase("Y")): Object 'Object Repository/RAD_Pages/PaymentEntry_Page/input__billingName' is present

2024-11-12 15:58:26 - [TEST_STEP][PASSED] - out.println("Begin Record Number: " + row): null

2024-11-12 15:58:26 - [TEST_STEP][PASSED] - today = new java.util.Date(): null

2024-11-12 15:58:26 - [TEST_STEP][PASSED] - println(today): null

2024-11-12 15:58:26 - [TEST_STEP][PASSED] - datText = today: null

2024-11-12 15:58:26 - [TEST_STEP][PASSED] - logInfo("Payment Type: Existing Liability with Notice/Invoice Number"): Payment Type: Existing Liability with Notice/Invoice Number

2024-11-12 15:58:26 - [MESSAGE][INFO] - Payment Type: Existing Liability with Notice/Invoice Number

2024-11-12 15:58:26 - [TEST_STEP][PASSED] - logInfo("Tax Type: " + TaxType): Tax Type: Bay Restoration Fee

2024-11-12 15:58:26 - [MESSAGE][INFO] - Tax Type: Bay Restoration Fee

2024-11-12 15:58:26 - [TEST_STEP][PASSED] - openBrowser(""): Browser is opened with url: ''

2024-11-12 15:58:26 - [MESSAGE][WARNING] - A browser is already opened. Closing browser and opening a new one

2024-11-12 15:58:27 - [MESSAGE][INFO] - Starting 'Chrome' driver

2024-11-12 15:58:27 - [MESSAGE][INFO] - User set preference: ['acceptInsecureCerts', 'true']

2024-11-12 15:58:27 - [MESSAGE][INFO] - Action delay is set to 0 milliseconds

2024-11-12 15:58:29 - [MESSAGE][PASSED] - Browser is opened with url: ''

2024-11-12 15:58:29 - [TEST_STEP][PASSED] - maximizeWindow(): Current window maximized

2024-11-12 15:58:29 - [MESSAGE][PASSED] - Current window maximized

2024-11-12 15:58:29 - [TEST_STEP][PASSED] - navigateToUrl(RADurl): Navigate to 'https://www.velocitypayment.com/client/rad/index.html' successfully

2024-11-12 15:58:31 - [MESSAGE][PASSED] - Navigate to 'https://www.velocitypayment.com/client/rad/index.html' successfully

2024-11-12 15:58:31 - [TEST_STEP][PASSED] - selectOptionByLabel(findTestObject(orPath_Landing + "/dd_TaxType"), "Existing Liability with Notice/Invoice Number", false): All options with label 'Existing Liability with Notice/Invoice Number' are selected in object 'Object Repository/RAD_Pages/Landing_Page/dd_TaxType' 

2024-11-12 15:58:32 - [MESSAGE][PASSED] - All options with label 'Existing Liability with Notice/Invoice Number' are selected in object 'Object Repository/RAD_Pages/Landing_Page/dd_TaxType' 

2024-11-12 15:58:32 - [TEST_STEP][PASSED] - selectOptionByLabel(findTestObject(orPath_TaxTypeFilingYear + "/select_TaxType_ExistingLiability"), TaxType, false): All options with label 'Bay Restoration Fee' are selected in object 'Object Repository/RAD_Pages/TaxTypeFilingYear_Page/select_TaxType_ExistingLiability' 

2024-11-12 15:58:33 - [MESSAGE][PASSED] - All options with label 'Bay Restoration Fee' are selected in object 'Object Repository/RAD_Pages/TaxTypeFilingYear_Page/select_TaxType_ExistingLiability' 

2024-11-12 15:58:33 - [TEST_STEP][PASSED] - rad.getSetDataRAD.setDataRADBusinessName(): rad.getSetDataRAD.setDataRADBusinessName is PASSED

2024-11-12 15:58:34 - [MESSAGE][PASSED] - Text 'My Company' is set on object 'Object Repository/RAD_Pages/Taxpayer_Page/input_businessName'

2024-11-12 15:58:34 - [MESSAGE][PASSED] - rad.getSetDataRAD.setDataRADBusinessName is PASSED

2024-11-12 15:58:34 - [TEST_STEP][PASSED] - rad.getSetDataRAD.setDataRADBusinessRep(): rad.getSetDataRAD.setDataRADBusinessRep is PASSED

2024-11-12 15:58:34 - [MESSAGE][PASSED] - Text 'BusRepFname' is set on object 'Object Repository/RAD_Pages/Taxpayer_Page/input_BusinessRepfirstName'

2024-11-12 15:58:35 - [MESSAGE][PASSED] - Text '' is set on object 'Object Repository/RAD_Pages/Taxpayer_Page/input_BusinessRepmiddleName'

2024-11-12 15:58:36 - [MESSAGE][PASSED] - Text 'BusRepLname' is set on object 'Object Repository/RAD_Pages/Taxpayer_Page/input_BusinessReplastName'

2024-11-12 15:58:37 - [MESSAGE][PASSED] - Text '' is set on object 'Object Repository/RAD_Pages/Taxpayer_Page/input_BusinessRepsuffix'

2024-11-12 15:58:37 - [MESSAGE][PASSED] - rad.getSetDataRAD.setDataRADBusinessRep is PASSED

2024-11-12 15:58:37 - [TEST_STEP][PASSED] - rad.getSetDataRAD.setDataRADAddress(): rad.getSetDataRAD.setDataRADAddress is PASSED

2024-11-12 15:58:38 - [MESSAGE][PASSED] - All options with label 'United States' are selected in object 'Object Repository/RAD_Pages/AddressAndContactInfo_Page/select_Country' 

2024-11-12 15:58:38 - [MESSAGE][PASSED] - Text '2508 Mandan Terrace' is set on object 'Object Repository/RAD_Pages/AddressAndContactInfo_Page/input_streetAddress1'

2024-11-12 15:58:39 - [MESSAGE][PASSED] - Text '' is set on object 'Object Repository/RAD_Pages/AddressAndContactInfo_Page/input_streetAddress2'

2024-11-12 15:58:40 - [MESSAGE][PASSED] - Text 'Gambrills' is set on object 'Object Repository/RAD_Pages/AddressAndContactInfo_Page/input_city'

2024-11-12 15:58:41 - [MESSAGE][PASSED] - All options with label 'Maryland' are selected in object 'Object Repository/RAD_Pages/AddressAndContactInfo_Page/select_State' 

2024-11-12 15:58:41 - [MESSAGE][PASSED] - Text '21054' is set on object 'Object Repository/RAD_Pages/AddressAndContactInfo_Page/input_zipCode'

2024-11-12 15:58:42 - [MESSAGE][PASSED] - Text '(703) 894-5000' is set on object 'Object Repository/RAD_Pages/AddressAndContactInfo_Page/input_phoneNumber'

2024-11-12 15:58:43 - [MESSAGE][PASSED] - Text 'iahmed@govolution.com' is set on object 'Object Repository/RAD_Pages/AddressAndContactInfo_Page/input_eMailAddress'

2024-11-12 15:58:44 - [MESSAGE][PASSED] - Text 'iahmed@govolution.com' is set on object 'Object Repository/RAD_Pages/AddressAndContactInfo_Page/input_reEnterEMailAddress'

2024-11-12 15:58:44 - [MESSAGE][PASSED] - rad.getSetDataRAD.setDataRADAddress is PASSED

2024-11-12 15:58:44 - [TEST_STEP][PASSED] - if (feinSsn.equalsIgnoreCase("Y")): null

2024-11-12 15:58:44 - [TEST_STEP][PASSED] - else: Text ****** has been set on object 'Object Repository/RAD_Pages/TaxInfo_Page/input_concat(id(, , data, , ))_Data (1)'

2024-11-12 15:58:44 - [TEST_STEP][PASSED] - setEncryptedText(findTestObject("Object Repository/RAD_Pages/TaxInfo_Page/input_concat(id(, , data, , ))_Data"), "px0FNUagnh7G/CVR/QiY+A=="): Text ****** has been set on object 'Object Repository/RAD_Pages/TaxInfo_Page/input_concat(id(, , data, , ))_Data'

2024-11-12 15:58:44 - [MESSAGE][PASSED] - Text ****** has been set on object 'Object Repository/RAD_Pages/TaxInfo_Page/input_concat(id(, , data, , ))_Data'

2024-11-12 15:58:44 - [TEST_STEP][PASSED] - setEncryptedText(findTestObject("Object Repository/RAD_Pages/TaxInfo_Page/input_concat(id(, , data, , ))_Data (1)"), "px0FNUagnh7G/CVR/QiY+A=="): Text ****** has been set on object 'Object Repository/RAD_Pages/TaxInfo_Page/input_concat(id(, , data, , ))_Data (1)'

2024-11-12 15:58:45 - [MESSAGE][PASSED] - Text ****** has been set on object 'Object Repository/RAD_Pages/TaxInfo_Page/input_concat(id(, , data, , ))_Data (1)'

2024-11-12 15:58:45 - [TEST_STEP][PASSED] - rad.getSetDataRAD.setDataRADNoticeInvoiceThirteen(): rad.getSetDataRAD.setDataRADNoticeInvoiceThirteen is PASSED

2024-11-12 15:58:46 - [MESSAGE][PASSED] - Text '1234567890123' is set on object 'Object Repository/RAD_Pages/TaxInfo_Page/input_NoticeInvoiceNumber'

2024-11-12 15:58:47 - [MESSAGE][PASSED] - Text '1234567890123' is set on object 'Object Repository/RAD_Pages/TaxInfo_Page/input_reTypeNoticeInvoiceNumber'

2024-11-12 15:58:47 - [MESSAGE][PASSED] - rad.getSetDataRAD.setDataRADNoticeInvoiceThirteen is PASSED

2024-11-12 15:58:47 - [TEST_STEP][PASSED] - if (MFLicNum.equalsIgnoreCase("Y")): null

2024-11-12 15:58:47 - [TEST_STEP][PASSED] - if (CRN.equalsIgnoreCase("Y")): null

2024-11-12 15:58:47 - [TEST_STEP][PASSED] - setText(findTestObject(orPath_Amount + "/input__paymentAmount"), "100.00"): Text '100.00' is set on object 'Object Repository/RAD_Pages/PaymentAmount_Page/input__paymentAmount'

2024-11-12 15:58:47 - [MESSAGE][PASSED] - Text '100.00' is set on object 'Object Repository/RAD_Pages/PaymentAmount_Page/input__paymentAmount'

2024-11-12 15:58:47 - [TEST_STEP][PASSED] - setText(findTestObject(orPath_AddressContact + "/input_streetAddress2"), ""): Text '' is set on object 'Object Repository/RAD_Pages/AddressAndContactInfo_Page/input_streetAddress2'

2024-11-12 15:58:48 - [MESSAGE][PASSED] - Text '' is set on object 'Object Repository/RAD_Pages/AddressAndContactInfo_Page/input_streetAddress2'

2024-11-12 15:58:48 - [TEST_STEP][PASSED] - scrollToElement(findTestObject(orPath_Landing + "/button_Continue"), 3): Scroll to object 'Object Repository/RAD_Pages/Landing_Page/button_Continue' successfully

2024-11-12 15:58:49 - [MESSAGE][PASSED] - Scroll to object 'Object Repository/RAD_Pages/Landing_Page/button_Continue' successfully

2024-11-12 15:58:49 - [TEST_STEP][PASSED] - waitForElementClickable(findTestObject(orPath_Landing + "/button_Continue"), 5): Object 'Object Repository/RAD_Pages/Landing_Page/button_Continue' is clickable

2024-11-12 15:58:49 - [MESSAGE][PASSED] - Object 'Object Repository/RAD_Pages/Landing_Page/button_Continue' is clickable

2024-11-12 15:58:49 - [TEST_STEP][PASSED] - click(findTestObject(orPath_Landing + "/button_Continue")): Object: 'Object Repository/RAD_Pages/Landing_Page/button_Continue' is clicked on

2024-11-12 15:58:49 - [MESSAGE][PASSED] - Object: 'Object Repository/RAD_Pages/Landing_Page/button_Continue' is clicked on

2024-11-12 15:58:49 - [TEST_STEP][PASSED] - delay(2): Delayed 2 second(s)

2024-11-12 15:58:51 - [MESSAGE][PASSED] - Delayed 2 second(s)

2024-11-12 15:58:51 - [TEST_STEP][PASSED] - verifyTextPresent("Summary", true): Text 'Summary' is present on page  using regular expression

2024-11-12 15:58:52 - [MESSAGE][PASSED] - Text 'Summary' is present on page  using regular expression

2024-11-12 15:58:52 - [TEST_STEP][PASSED] - verifyTextPresent("Review the information below and make any necessary corrections by clicking the", true): Text 'Review the information below and make any necessary corrections by clicking the' is present on page  using regular expression

2024-11-12 15:58:52 - [MESSAGE][PASSED] - Text 'Review the information below and make any necessary corrections by clicking the' is present on page  using regular expression

2024-11-12 15:58:52 - [TEST_STEP][PASSED] - verifyTextPresent("When you are confident that all the information is correct, click the", true): Text 'When you are confident that all the information is correct, click the' is present on page  using regular expression

2024-11-12 15:58:52 - [MESSAGE][PASSED] - Text 'When you are confident that all the information is correct, click the' is present on page  using regular expression

2024-11-12 15:58:52 - [TEST_STEP][PASSED] - verifyTextPresent("Payment Type/Filing Year", true): Text 'Payment Type/Filing Year' is present on page  using regular expression

2024-11-12 15:58:53 - [MESSAGE][PASSED] - Text 'Payment Type/Filing Year' is present on page  using regular expression

2024-11-12 15:58:53 - [TEST_STEP][PASSED] - verifyTextPresent("Payment Type:", true): Text 'Payment Type:' is present on page  using regular expression

2024-11-12 15:58:53 - [MESSAGE][PASSED] - Text 'Payment Type:' is present on page  using regular expression

2024-11-12 15:58:53 - [TEST_STEP][PASSED] - verifyTextPresent("Existing Liability with Notice/Invoice Number", true): Text 'Existing Liability with Notice/Invoice Number' is present on page  using regular expression

2024-11-12 15:58:53 - [MESSAGE][PASSED] - Text 'Existing Liability with Notice/Invoice Number' is present on page  using regular expression

2024-11-12 15:58:53 - [TEST_STEP][PASSED] - verifyTextPresent("Payer Information", true): Text 'Payer Information' is present on page  using regular expression

2024-11-12 15:58:54 - [MESSAGE][PASSED] - Text 'Payer Information' is present on page  using regular expression

2024-11-12 15:58:54 - [TEST_STEP][PASSED] - verifyTextPresent("Taxpayer Name:", true): Text 'Taxpayer Name:' is present on page  using regular expression

2024-11-12 15:58:54 - [MESSAGE][PASSED] - Text 'Taxpayer Name:' is present on page  using regular expression

2024-11-12 15:58:54 - [TEST_STEP][PASSED] - if (!(TaxType.equalsIgnoreCase("Sales & Use Tax"))): Text 'My Company' is present on page  using regular expression

2024-11-12 15:58:54 - [TEST_STEP][PASSED] - verifyTextPresent("My Company", true): Text 'My Company' is present on page  using regular expression

2024-11-12 15:58:54 - [MESSAGE][PASSED] - Text 'My Company' is present on page  using regular expression

2024-11-12 15:58:54 - [TEST_STEP][PASSED] - verifyTextPresent("Business Rep Name:", true): Text 'Business Rep Name:' is present on page  using regular expression

2024-11-12 15:58:55 - [MESSAGE][PASSED] - Text 'Business Rep Name:' is present on page  using regular expression

2024-11-12 15:58:55 - [TEST_STEP][PASSED] - verifyTextPresent("BusRepFname BusRepLname", true): Text 'BusRepFname BusRepLname' is present on page  using regular expression

2024-11-12 15:58:55 - [MESSAGE][PASSED] - Text 'BusRepFname BusRepLname' is present on page  using regular expression

2024-11-12 15:58:55 - [TEST_STEP][PASSED] - verifyTextPresent("Taxpayer Address:", true): Text 'Taxpayer Address:' is present on page  using regular expression

2024-11-12 15:58:55 - [MESSAGE][PASSED] - Text 'Taxpayer Address:' is present on page  using regular expression

2024-11-12 15:58:55 - [TEST_STEP][PASSED] - verifyTextPresent("2508 Mandan Terrace Gambrills Maryland 21054", true): Text '2508 Mandan Terrace Gambrills Maryland 21054' is present on page  using regular expression

2024-11-12 15:58:56 - [MESSAGE][PASSED] - Text '2508 Mandan Terrace Gambrills Maryland 21054' is present on page  using regular expression

2024-11-12 15:58:56 - [TEST_STEP][PASSED] - verifyTextPresent("Email:", true): Text 'Email:' is present on page  using regular expression

2024-11-12 15:58:56 - [MESSAGE][PASSED] - Text 'Email:' is present on page  using regular expression

2024-11-12 15:58:56 - [TEST_STEP][PASSED] - verifyTextPresent("iahmed@govolution.com", true): Text 'iahmed@govolution.com' is present on page  using regular expression

2024-11-12 15:58:56 - [MESSAGE][PASSED] - Text 'iahmed@govolution.com' is present on page  using regular expression

2024-11-12 15:58:56 - [TEST_STEP][PASSED] - verifyTextPresent("Phone:", true): Text 'Phone:' is present on page  using regular expression

2024-11-12 15:58:57 - [MESSAGE][PASSED] - Text 'Phone:' is present on page  using regular expression

2024-11-12 15:58:57 - [TEST_STEP][PASSED] - verifyTextPresent("(703) 894-5000", false): Text '(703) 894-5000' is present on page 

2024-11-12 15:58:57 - [MESSAGE][PASSED] - Text '(703) 894-5000' is present on page 

2024-11-12 15:58:57 - [TEST_STEP][PASSED] - verifyTextPresent("Tax Information", true): Text 'Tax Information' is present on page  using regular expression

2024-11-12 15:58:57 - [MESSAGE][PASSED] - Text 'Tax Information' is present on page  using regular expression

2024-11-12 15:58:57 - [TEST_STEP][PASSED] - if (feinSsn.equalsIgnoreCase("Y")): null

2024-11-12 15:58:57 - [TEST_STEP][PASSED] - else: Text 'FEIN/SSN:' is not present on page using regular expression

2024-11-12 15:58:57 - [TEST_STEP][PASSED] - verifyTextPresent("Federal EIN:", true): Text 'Federal EIN:' is present on page  using regular expression

2024-11-12 15:58:58 - [MESSAGE][PASSED] - Text 'Federal EIN:' is present on page  using regular expression

2024-11-12 15:58:58 - [TEST_STEP][PASSED] - verifyTextNotPresent("FEIN/SSN:", true): Text 'FEIN/SSN:' is not present on page using regular expression

2024-11-12 15:58:58 - [MESSAGE][PASSED] - Text 'FEIN/SSN:' is not present on page using regular expression

2024-11-12 15:58:58 - [TEST_STEP][PASSED] - verifyTextPresent("XXXXX0532", true): Text 'XXXXX0532' is present on page  using regular expression

2024-11-12 15:58:58 - [MESSAGE][PASSED] - Text 'XXXXX0532' is present on page  using regular expression

2024-11-12 15:58:58 - [TEST_STEP][PASSED] - verifyTextPresent("Notice Or Invoice Number:", true): Text 'Notice Or Invoice Number:' is present on page  using regular expression

2024-11-12 15:58:59 - [MESSAGE][PASSED] - Text 'Notice Or Invoice Number:' is present on page  using regular expression

2024-11-12 15:58:59 - [TEST_STEP][PASSED] - verifyTextPresent("1234567890123", true): Text '1234567890123' is present on page  using regular expression

2024-11-12 15:58:59 - [MESSAGE][PASSED] - Text '1234567890123' is present on page  using regular expression

2024-11-12 15:58:59 - [TEST_STEP][PASSED] - verifyTextPresent("Tax Type:", true): Text 'Tax Type:' is present on page  using regular expression

2024-11-12 15:58:59 - [MESSAGE][PASSED] - Text 'Tax Type:' is present on page  using regular expression

2024-11-12 15:58:59 - [TEST_STEP][PASSED] - verifyTextPresent(TaxType, true): Text 'Bay Restoration Fee' is present on page  using regular expression

2024-11-12 15:59:00 - [MESSAGE][PASSED] - Text 'Bay Restoration Fee' is present on page  using regular expression

2024-11-12 15:59:00 - [TEST_STEP][PASSED] - if (CRN.equalsIgnoreCase("Y")): null

2024-11-12 15:59:00 - [TEST_STEP][PASSED] - if (MFLicNum.equalsIgnoreCase("Y")): null

2024-11-12 15:59:00 - [TEST_STEP][PASSED] - verifyTextPresent("Payment Amount:", true): Text 'Payment Amount:' is present on page  using regular expression

2024-11-12 15:59:00 - [MESSAGE][PASSED] - Text 'Payment Amount:' is present on page  using regular expression

2024-11-12 15:59:00 - [TEST_STEP][PASSED] - verifyTextPresent("100.00", true): Text '100.00' is present on page  using regular expression

2024-11-12 15:59:00 - [MESSAGE][PASSED] - Text '100.00' is present on page  using regular expression

2024-11-12 15:59:00 - [TEST_STEP][PASSED] - if (verifyElementVisible(findTestObject(orPath_Summary + "/button_Proceed to Payment"))): null

2024-11-12 15:59:01 - [MESSAGE][PASSED] - Object 'Object Repository/RAD_Pages/Summary_Page/button_Proceed to Payment' is visible

2024-11-12 15:59:01 - [TEST_STEP][PASSED] - resText = "Pass": null

2024-11-12 15:59:01 - [TEST_STEP][PASSED] - pages.WriteExcel.demoKey(resText, datText, resColumn, datCloumn, fileLoc, nameSheet, row): pages.WriteExcel.demoKey is PASSED

2024-11-12 15:59:01 - [MESSAGE][PASSED] - pages.WriteExcel.demoKey is PASSED

2024-11-12 15:59:01 - [TEST_STEP][PASSED] - click(findTestObject(orPath_Summary + "/button_Proceed to Payment")): Object: 'Object Repository/RAD_Pages/Summary_Page/button_Proceed to Payment' is clicked on

2024-11-12 15:59:03 - [MESSAGE][PASSED] - Object: 'Object Repository/RAD_Pages/Summary_Page/button_Proceed to Payment' is clicked on

2024-11-12 15:59:03 - [TEST_STEP][PASSED] - verifyElementPresent(findTestObject("Object Repository/RAD_Pages/PaymentEntry_Page/input__billingName"), 30): Object 'Object Repository/RAD_Pages/PaymentEntry_Page/input__billingName' is present

2024-11-12 15:59:03 - [MESSAGE][PASSED] - Object 'Object Repository/RAD_Pages/PaymentEntry_Page/input__billingName' is present

2024-11-12 15:59:03 - [TEST_STEP][PASSED] - ExecuteTC = findTestData(dataFile).getValue("Execute", row): null

2024-11-12 15:59:04 - [TEST_STEP][PASSED] - TaxType = findTestData(dataFile).getValue("TaxType", row): null

2024-11-12 15:59:04 - [TEST_STEP][PASSED] - PaymentType = findTestData(dataFile).getValue("PaymentType", row): null

2024-11-12 15:59:04 - [TEST_STEP][PASSED] - feinSsn = findTestData(dataFile).getValue("FEINSSN", row): null

2024-11-12 15:59:04 - [TEST_STEP][PASSED] - CRN = findTestData(dataFile).getValue("CRN", row): null

2024-11-12 15:59:04 - [TEST_STEP][PASSED] - MFLicNum = findTestData(dataFile).getValue("MFLicNum", row): null

2024-11-12 15:59:04 - [TEST_STEP][PASSED] - if (ExecuteTC.equalsIgnoreCase("Y")): Object 'Object Repository/RAD_Pages/PaymentEntry_Page/input__billingName' is present

2024-11-12 15:59:04 - [TEST_STEP][PASSED] - out.println("Begin Record Number: " + row): null

2024-11-12 15:59:04 - [TEST_STEP][PASSED] - today = new java.util.Date(): null

2024-11-12 15:59:04 - [TEST_STEP][PASSED] - println(today): null

2024-11-12 15:59:04 - [TEST_STEP][PASSED] - datText = today: null

2024-11-12 15:59:04 - [TEST_STEP][PASSED] - logInfo("Payment Type: Existing Liability with Notice/Invoice Number"): Payment Type: Existing Liability with Notice/Invoice Number

2024-11-12 15:59:04 - [MESSAGE][INFO] - Payment Type: Existing Liability with Notice/Invoice Number

2024-11-12 15:59:04 - [TEST_STEP][PASSED] - logInfo("Tax Type: " + TaxType): Tax Type: Corporate Income Tax

2024-11-12 15:59:04 - [MESSAGE][INFO] - Tax Type: Corporate Income Tax

2024-11-12 15:59:04 - [TEST_STEP][PASSED] - openBrowser(""): Browser is opened with url: ''

2024-11-12 15:59:04 - [MESSAGE][WARNING] - A browser is already opened. Closing browser and opening a new one

2024-11-12 15:59:05 - [MESSAGE][INFO] - Starting 'Chrome' driver

2024-11-12 15:59:05 - [MESSAGE][INFO] - User set preference: ['acceptInsecureCerts', 'true']

2024-11-12 15:59:05 - [MESSAGE][INFO] - Action delay is set to 0 milliseconds

2024-11-12 15:59:07 - [MESSAGE][PASSED] - Browser is opened with url: ''

2024-11-12 15:59:07 - [TEST_STEP][PASSED] - maximizeWindow(): Current window maximized

2024-11-12 15:59:07 - [MESSAGE][PASSED] - Current window maximized

2024-11-12 15:59:07 - [TEST_STEP][PASSED] - navigateToUrl(RADurl): Navigate to 'https://www.velocitypayment.com/client/rad/index.html' successfully

2024-11-12 15:59:09 - [MESSAGE][PASSED] - Navigate to 'https://www.velocitypayment.com/client/rad/index.html' successfully

2024-11-12 15:59:09 - [TEST_STEP][PASSED] - selectOptionByLabel(findTestObject(orPath_Landing + "/dd_TaxType"), "Existing Liability with Notice/Invoice Number", false): All options with label 'Existing Liability with Notice/Invoice Number' are selected in object 'Object Repository/RAD_Pages/Landing_Page/dd_TaxType' 

2024-11-12 15:59:09 - [MESSAGE][PASSED] - All options with label 'Existing Liability with Notice/Invoice Number' are selected in object 'Object Repository/RAD_Pages/Landing_Page/dd_TaxType' 

2024-11-12 15:59:09 - [TEST_STEP][PASSED] - selectOptionByLabel(findTestObject(orPath_TaxTypeFilingYear + "/select_TaxType_ExistingLiability"), TaxType, false): All options with label 'Corporate Income Tax' are selected in object 'Object Repository/RAD_Pages/TaxTypeFilingYear_Page/select_TaxType_ExistingLiability' 

2024-11-12 15:59:10 - [MESSAGE][PASSED] - All options with label 'Corporate Income Tax' are selected in object 'Object Repository/RAD_Pages/TaxTypeFilingYear_Page/select_TaxType_ExistingLiability' 

2024-11-12 15:59:10 - [TEST_STEP][PASSED] - rad.getSetDataRAD.setDataRADBusinessName(): rad.getSetDataRAD.setDataRADBusinessName is PASSED

2024-11-12 15:59:11 - [MESSAGE][PASSED] - Text 'My Company' is set on object 'Object Repository/RAD_Pages/Taxpayer_Page/input_businessName'

2024-11-12 15:59:11 - [MESSAGE][PASSED] - rad.getSetDataRAD.setDataRADBusinessName is PASSED

2024-11-12 15:59:11 - [TEST_STEP][PASSED] - rad.getSetDataRAD.setDataRADBusinessRep(): rad.getSetDataRAD.setDataRADBusinessRep is PASSED

2024-11-12 15:59:12 - [MESSAGE][PASSED] - Text 'BusRepFname' is set on object 'Object Repository/RAD_Pages/Taxpayer_Page/input_BusinessRepfirstName'

2024-11-12 15:59:12 - [MESSAGE][PASSED] - Text '' is set on object 'Object Repository/RAD_Pages/Taxpayer_Page/input_BusinessRepmiddleName'

2024-11-12 15:59:13 - [MESSAGE][PASSED] - Text 'BusRepLname' is set on object 'Object Repository/RAD_Pages/Taxpayer_Page/input_BusinessReplastName'

2024-11-12 15:59:14 - [MESSAGE][PASSED] - Text '' is set on object 'Object Repository/RAD_Pages/Taxpayer_Page/input_BusinessRepsuffix'

2024-11-12 15:59:14 - [MESSAGE][PASSED] - rad.getSetDataRAD.setDataRADBusinessRep is PASSED

2024-11-12 15:59:14 - [TEST_STEP][PASSED] - rad.getSetDataRAD.setDataRADAddress(): rad.getSetDataRAD.setDataRADAddress is PASSED

2024-11-12 15:59:14 - [MESSAGE][PASSED] - All options with label 'United States' are selected in object 'Object Repository/RAD_Pages/AddressAndContactInfo_Page/select_Country' 

2024-11-12 15:59:15 - [MESSAGE][PASSED] - Text '2508 Mandan Terrace' is set on object 'Object Repository/RAD_Pages/AddressAndContactInfo_Page/input_streetAddress1'

2024-11-12 15:59:16 - [MESSAGE][PASSED] - Text '' is set on object 'Object Repository/RAD_Pages/AddressAndContactInfo_Page/input_streetAddress2'

2024-11-12 15:59:16 - [MESSAGE][PASSED] - Text 'Gambrills' is set on object 'Object Repository/RAD_Pages/AddressAndContactInfo_Page/input_city'

2024-11-12 15:59:17 - [MESSAGE][PASSED] - All options with label 'Maryland' are selected in object 'Object Repository/RAD_Pages/AddressAndContactInfo_Page/select_State' 

2024-11-12 15:59:18 - [MESSAGE][PASSED] - Text '21054' is set on object 'Object Repository/RAD_Pages/AddressAndContactInfo_Page/input_zipCode'

2024-11-12 15:59:19 - [MESSAGE][PASSED] - Text '(703) 894-5000' is set on object 'Object Repository/RAD_Pages/AddressAndContactInfo_Page/input_phoneNumber'

2024-11-12 15:59:20 - [MESSAGE][PASSED] - Text 'iahmed@govolution.com' is set on object 'Object Repository/RAD_Pages/AddressAndContactInfo_Page/input_eMailAddress'

2024-11-12 15:59:21 - [MESSAGE][PASSED] - Text 'iahmed@govolution.com' is set on object 'Object Repository/RAD_Pages/AddressAndContactInfo_Page/input_reEnterEMailAddress'

2024-11-12 15:59:21 - [MESSAGE][PASSED] - rad.getSetDataRAD.setDataRADAddress is PASSED

2024-11-12 15:59:21 - [TEST_STEP][PASSED] - if (feinSsn.equalsIgnoreCase("Y")): null

2024-11-12 15:59:21 - [TEST_STEP][PASSED] - else: Text ****** has been set on object 'Object Repository/RAD_Pages/TaxInfo_Page/input_concat(id(, , data, , ))_Data (1)'

2024-11-12 15:59:21 - [TEST_STEP][PASSED] - setEncryptedText(findTestObject("Object Repository/RAD_Pages/TaxInfo_Page/input_concat(id(, , data, , ))_Data"), "px0FNUagnh7G/CVR/QiY+A=="): Text ****** has been set on object 'Object Repository/RAD_Pages/TaxInfo_Page/input_concat(id(, , data, , ))_Data'

2024-11-12 15:59:21 - [MESSAGE][PASSED] - Text ****** has been set on object 'Object Repository/RAD_Pages/TaxInfo_Page/input_concat(id(, , data, , ))_Data'

2024-11-12 15:59:21 - [TEST_STEP][PASSED] - setEncryptedText(findTestObject("Object Repository/RAD_Pages/TaxInfo_Page/input_concat(id(, , data, , ))_Data (1)"), "px0FNUagnh7G/CVR/QiY+A=="): Text ****** has been set on object 'Object Repository/RAD_Pages/TaxInfo_Page/input_concat(id(, , data, , ))_Data (1)'

2024-11-12 15:59:22 - [MESSAGE][PASSED] - Text ****** has been set on object 'Object Repository/RAD_Pages/TaxInfo_Page/input_concat(id(, , data, , ))_Data (1)'

2024-11-12 15:59:22 - [TEST_STEP][PASSED] - rad.getSetDataRAD.setDataRADNoticeInvoiceThirteen(): rad.getSetDataRAD.setDataRADNoticeInvoiceThirteen is PASSED

2024-11-12 15:59:23 - [MESSAGE][PASSED] - Text '1234567890123' is set on object 'Object Repository/RAD_Pages/TaxInfo_Page/input_NoticeInvoiceNumber'

2024-11-12 15:59:23 - [MESSAGE][PASSED] - Text '1234567890123' is set on object 'Object Repository/RAD_Pages/TaxInfo_Page/input_reTypeNoticeInvoiceNumber'

2024-11-12 15:59:23 - [MESSAGE][PASSED] - rad.getSetDataRAD.setDataRADNoticeInvoiceThirteen is PASSED

2024-11-12 15:59:23 - [TEST_STEP][PASSED] - if (MFLicNum.equalsIgnoreCase("Y")): null

2024-11-12 15:59:23 - [TEST_STEP][PASSED] - if (CRN.equalsIgnoreCase("Y")): null

2024-11-12 15:59:23 - [TEST_STEP][PASSED] - setText(findTestObject(orPath_Amount + "/input__paymentAmount"), "100.00"): Text '100.00' is set on object 'Object Repository/RAD_Pages/PaymentAmount_Page/input__paymentAmount'

2024-11-12 15:59:24 - [MESSAGE][PASSED] - Text '100.00' is set on object 'Object Repository/RAD_Pages/PaymentAmount_Page/input__paymentAmount'

2024-11-12 15:59:24 - [TEST_STEP][PASSED] - setText(findTestObject(orPath_AddressContact + "/input_streetAddress2"), ""): Text '' is set on object 'Object Repository/RAD_Pages/AddressAndContactInfo_Page/input_streetAddress2'

2024-11-12 15:59:25 - [MESSAGE][PASSED] - Text '' is set on object 'Object Repository/RAD_Pages/AddressAndContactInfo_Page/input_streetAddress2'

2024-11-12 15:59:25 - [TEST_STEP][PASSED] - scrollToElement(findTestObject(orPath_Landing + "/button_Continue"), 3): Scroll to object 'Object Repository/RAD_Pages/Landing_Page/button_Continue' successfully

2024-11-12 15:59:25 - [MESSAGE][PASSED] - Scroll to object 'Object Repository/RAD_Pages/Landing_Page/button_Continue' successfully

2024-11-12 15:59:25 - [TEST_STEP][PASSED] - waitForElementClickable(findTestObject(orPath_Landing + "/button_Continue"), 5): Object 'Object Repository/RAD_Pages/Landing_Page/button_Continue' is clickable

2024-11-12 15:59:25 - [MESSAGE][PASSED] - Object 'Object Repository/RAD_Pages/Landing_Page/button_Continue' is clickable

2024-11-12 15:59:25 - [TEST_STEP][PASSED] - click(findTestObject(orPath_Landing + "/button_Continue")): Object: 'Object Repository/RAD_Pages/Landing_Page/button_Continue' is clicked on

2024-11-12 15:59:26 - [MESSAGE][PASSED] - Object: 'Object Repository/RAD_Pages/Landing_Page/button_Continue' is clicked on

2024-11-12 15:59:26 - [TEST_STEP][PASSED] - delay(2): Delayed 2 second(s)

2024-11-12 15:59:28 - [MESSAGE][PASSED] - Delayed 2 second(s)

2024-11-12 15:59:28 - [TEST_STEP][PASSED] - verifyTextPresent("Summary", true): Text 'Summary' is present on page  using regular expression

2024-11-12 15:59:28 - [MESSAGE][PASSED] - Text 'Summary' is present on page  using regular expression

2024-11-12 15:59:28 - [TEST_STEP][PASSED] - verifyTextPresent("Review the information below and make any necessary corrections by clicking the", true): Text 'Review the information below and make any necessary corrections by clicking the' is present on page  using regular expression

2024-11-12 15:59:29 - [MESSAGE][PASSED] - Text 'Review the information below and make any necessary corrections by clicking the' is present on page  using regular expression

2024-11-12 15:59:29 - [TEST_STEP][PASSED] - verifyTextPresent("When you are confident that all the information is correct, click the", true): Text 'When you are confident that all the information is correct, click the' is present on page  using regular expression

2024-11-12 15:59:29 - [MESSAGE][PASSED] - Text 'When you are confident that all the information is correct, click the' is present on page  using regular expression

2024-11-12 15:59:29 - [TEST_STEP][PASSED] - verifyTextPresent("Payment Type/Filing Year", true): Text 'Payment Type/Filing Year' is present on page  using regular expression

2024-11-12 15:59:29 - [MESSAGE][PASSED] - Text 'Payment Type/Filing Year' is present on page  using regular expression

2024-11-12 15:59:29 - [TEST_STEP][PASSED] - verifyTextPresent("Payment Type:", true): Text 'Payment Type:' is present on page  using regular expression

2024-11-12 15:59:30 - [MESSAGE][PASSED] - Text 'Payment Type:' is present on page  using regular expression

2024-11-12 15:59:30 - [TEST_STEP][PASSED] - verifyTextPresent("Existing Liability with Notice/Invoice Number", true): Text 'Existing Liability with Notice/Invoice Number' is present on page  using regular expression

2024-11-12 15:59:30 - [MESSAGE][PASSED] - Text 'Existing Liability with Notice/Invoice Number' is present on page  using regular expression

2024-11-12 15:59:30 - [TEST_STEP][PASSED] - verifyTextPresent("Payer Information", true): Text 'Payer Information' is present on page  using regular expression

2024-11-12 15:59:30 - [MESSAGE][PASSED] - Text 'Payer Information' is present on page  using regular expression

2024-11-12 15:59:30 - [TEST_STEP][PASSED] - verifyTextPresent("Taxpayer Name:", true): Text 'Taxpayer Name:' is present on page  using regular expression

2024-11-12 15:59:31 - [MESSAGE][PASSED] - Text 'Taxpayer Name:' is present on page  using regular expression

2024-11-12 15:59:31 - [TEST_STEP][PASSED] - if (!(TaxType.equalsIgnoreCase("Sales & Use Tax"))): Text 'My Company' is present on page  using regular expression

2024-11-12 15:59:31 - [TEST_STEP][PASSED] - verifyTextPresent("My Company", true): Text 'My Company' is present on page  using regular expression

2024-11-12 15:59:31 - [MESSAGE][PASSED] - Text 'My Company' is present on page  using regular expression

2024-11-12 15:59:31 - [TEST_STEP][PASSED] - verifyTextPresent("Business Rep Name:", true): Text 'Business Rep Name:' is present on page  using regular expression

2024-11-12 15:59:31 - [MESSAGE][PASSED] - Text 'Business Rep Name:' is present on page  using regular expression

2024-11-12 15:59:31 - [TEST_STEP][PASSED] - verifyTextPresent("BusRepFname BusRepLname", true): Text 'BusRepFname BusRepLname' is present on page  using regular expression

2024-11-12 15:59:32 - [MESSAGE][PASSED] - Text 'BusRepFname BusRepLname' is present on page  using regular expression

2024-11-12 15:59:32 - [TEST_STEP][PASSED] - verifyTextPresent("Taxpayer Address:", true): Text 'Taxpayer Address:' is present on page  using regular expression

2024-11-12 15:59:32 - [MESSAGE][PASSED] - Text 'Taxpayer Address:' is present on page  using regular expression

2024-11-12 15:59:32 - [TEST_STEP][PASSED] - verifyTextPresent("2508 Mandan Terrace Gambrills Maryland 21054", true): Text '2508 Mandan Terrace Gambrills Maryland 21054' is present on page  using regular expression

2024-11-12 15:59:32 - [MESSAGE][PASSED] - Text '2508 Mandan Terrace Gambrills Maryland 21054' is present on page  using regular expression

2024-11-12 15:59:32 - [TEST_STEP][PASSED] - verifyTextPresent("Email:", true): Text 'Email:' is present on page  using regular expression

2024-11-12 15:59:33 - [MESSAGE][PASSED] - Text 'Email:' is present on page  using regular expression

2024-11-12 15:59:33 - [TEST_STEP][PASSED] - verifyTextPresent("iahmed@govolution.com", true): Text 'iahmed@govolution.com' is present on page  using regular expression

2024-11-12 15:59:33 - [MESSAGE][PASSED] - Text 'iahmed@govolution.com' is present on page  using regular expression

2024-11-12 15:59:33 - [TEST_STEP][PASSED] - verifyTextPresent("Phone:", true): Text 'Phone:' is present on page  using regular expression

2024-11-12 15:59:33 - [MESSAGE][PASSED] - Text 'Phone:' is present on page  using regular expression

2024-11-12 15:59:33 - [TEST_STEP][PASSED] - verifyTextPresent("(703) 894-5000", false): Text '(703) 894-5000' is present on page 

2024-11-12 15:59:34 - [MESSAGE][PASSED] - Text '(703) 894-5000' is present on page 

2024-11-12 15:59:34 - [TEST_STEP][PASSED] - verifyTextPresent("Tax Information", true): Text 'Tax Information' is present on page  using regular expression

2024-11-12 15:59:34 - [MESSAGE][PASSED] - Text 'Tax Information' is present on page  using regular expression

2024-11-12 15:59:34 - [TEST_STEP][PASSED] - if (feinSsn.equalsIgnoreCase("Y")): null

2024-11-12 15:59:34 - [TEST_STEP][PASSED] - else: Text 'FEIN/SSN:' is not present on page using regular expression

2024-11-12 15:59:34 - [TEST_STEP][PASSED] - verifyTextPresent("Federal EIN:", true): Text 'Federal EIN:' is present on page  using regular expression

2024-11-12 15:59:34 - [MESSAGE][PASSED] - Text 'Federal EIN:' is present on page  using regular expression

2024-11-12 15:59:34 - [TEST_STEP][PASSED] - verifyTextNotPresent("FEIN/SSN:", true): Text 'FEIN/SSN:' is not present on page using regular expression

2024-11-12 15:59:34 - [MESSAGE][PASSED] - Text 'FEIN/SSN:' is not present on page using regular expression

2024-11-12 15:59:34 - [TEST_STEP][PASSED] - verifyTextPresent("XXXXX0532", true): Text 'XXXXX0532' is present on page  using regular expression

2024-11-12 15:59:35 - [MESSAGE][PASSED] - Text 'XXXXX0532' is present on page  using regular expression

2024-11-12 15:59:35 - [TEST_STEP][PASSED] - verifyTextPresent("Notice Or Invoice Number:", true): Text 'Notice Or Invoice Number:' is present on page  using regular expression

2024-11-12 15:59:35 - [MESSAGE][PASSED] - Text 'Notice Or Invoice Number:' is present on page  using regular expression

2024-11-12 15:59:35 - [TEST_STEP][PASSED] - verifyTextPresent("1234567890123", true): Text '1234567890123' is present on page  using regular expression

2024-11-12 15:59:35 - [MESSAGE][PASSED] - Text '1234567890123' is present on page  using regular expression

2024-11-12 15:59:35 - [TEST_STEP][PASSED] - verifyTextPresent("Tax Type:", true): Text 'Tax Type:' is present on page  using regular expression

2024-11-12 15:59:36 - [MESSAGE][PASSED] - Text 'Tax Type:' is present on page  using regular expression

2024-11-12 15:59:36 - [TEST_STEP][PASSED] - verifyTextPresent(TaxType, true): Text 'Corporate Income Tax' is present on page  using regular expression

2024-11-12 15:59:36 - [MESSAGE][PASSED] - Text 'Corporate Income Tax' is present on page  using regular expression

2024-11-12 15:59:36 - [TEST_STEP][PASSED] - if (CRN.equalsIgnoreCase("Y")): null

2024-11-12 15:59:36 - [TEST_STEP][PASSED] - if (MFLicNum.equalsIgnoreCase("Y")): null

2024-11-12 15:59:36 - [TEST_STEP][PASSED] - verifyTextPresent("Payment Amount:", true): Text 'Payment Amount:' is present on page  using regular expression

2024-11-12 15:59:36 - [MESSAGE][PASSED] - Text 'Payment Amount:' is present on page  using regular expression

2024-11-12 15:59:36 - [TEST_STEP][PASSED] - verifyTextPresent("100.00", true): Text '100.00' is present on page  using regular expression

2024-11-12 15:59:37 - [MESSAGE][PASSED] - Text '100.00' is present on page  using regular expression

2024-11-12 15:59:37 - [TEST_STEP][PASSED] - if (verifyElementVisible(findTestObject(orPath_Summary + "/button_Proceed to Payment"))): null

2024-11-12 15:59:37 - [MESSAGE][PASSED] - Object 'Object Repository/RAD_Pages/Summary_Page/button_Proceed to Payment' is visible

2024-11-12 15:59:37 - [TEST_STEP][PASSED] - resText = "Pass": null

2024-11-12 15:59:37 - [TEST_STEP][PASSED] - pages.WriteExcel.demoKey(resText, datText, resColumn, datCloumn, fileLoc, nameSheet, row): pages.WriteExcel.demoKey is PASSED

2024-11-12 15:59:37 - [MESSAGE][PASSED] - pages.WriteExcel.demoKey is PASSED

2024-11-12 15:59:37 - [TEST_STEP][PASSED] - click(findTestObject(orPath_Summary + "/button_Proceed to Payment")): Object: 'Object Repository/RAD_Pages/Summary_Page/button_Proceed to Payment' is clicked on

2024-11-12 15:59:42 - [MESSAGE][PASSED] - Object: 'Object Repository/RAD_Pages/Summary_Page/button_Proceed to Payment' is clicked on

2024-11-12 15:59:42 - [TEST_STEP][PASSED] - verifyElementPresent(findTestObject("Object Repository/RAD_Pages/PaymentEntry_Page/input__billingName"), 30): Object 'Object Repository/RAD_Pages/PaymentEntry_Page/input__billingName' is present

2024-11-12 15:59:43 - [MESSAGE][PASSED] - Object 'Object Repository/RAD_Pages/PaymentEntry_Page/input__billingName' is present

2024-11-12 15:59:43 - [TEST_STEP][PASSED] - ExecuteTC = findTestData(dataFile).getValue("Execute", row): null

2024-11-12 15:59:43 - [TEST_STEP][PASSED] - TaxType = findTestData(dataFile).getValue("TaxType", row): null

2024-11-12 15:59:43 - [TEST_STEP][PASSED] - PaymentType = findTestData(dataFile).getValue("PaymentType", row): null

2024-11-12 15:59:43 - [TEST_STEP][PASSED] - feinSsn = findTestData(dataFile).getValue("FEINSSN", row): null

2024-11-12 15:59:43 - [TEST_STEP][PASSED] - CRN = findTestData(dataFile).getValue("CRN", row): null

2024-11-12 15:59:43 - [TEST_STEP][PASSED] - MFLicNum = findTestData(dataFile).getValue("MFLicNum", row): null

2024-11-12 15:59:43 - [TEST_STEP][PASSED] - if (ExecuteTC.equalsIgnoreCase("Y")): Object 'Object Repository/RAD_Pages/PaymentEntry_Page/input__billingName' is present

2024-11-12 15:59:43 - [TEST_STEP][PASSED] - out.println("Begin Record Number: " + row): null

2024-11-12 15:59:43 - [TEST_STEP][PASSED] - today = new java.util.Date(): null

2024-11-12 15:59:43 - [TEST_STEP][PASSED] - println(today): null

2024-11-12 15:59:43 - [TEST_STEP][PASSED] - datText = today: null

2024-11-12 15:59:43 - [TEST_STEP][PASSED] - logInfo("Payment Type: Existing Liability with Notice/Invoice Number"): Payment Type: Existing Liability with Notice/Invoice Number

2024-11-12 15:59:43 - [MESSAGE][INFO] - Payment Type: Existing Liability with Notice/Invoice Number

2024-11-12 15:59:43 - [TEST_STEP][PASSED] - logInfo("Tax Type: " + TaxType): Tax Type: Fiduciary Tax

2024-11-12 15:59:43 - [MESSAGE][INFO] - Tax Type: Fiduciary Tax

2024-11-12 15:59:43 - [TEST_STEP][PASSED] - openBrowser(""): Browser is opened with url: ''

2024-11-12 15:59:43 - [MESSAGE][WARNING] - A browser is already opened. Closing browser and opening a new one

2024-11-12 15:59:44 - [MESSAGE][INFO] - Starting 'Chrome' driver

2024-11-12 15:59:44 - [MESSAGE][INFO] - User set preference: ['acceptInsecureCerts', 'true']

2024-11-12 15:59:44 - [MESSAGE][INFO] - Action delay is set to 0 milliseconds

2024-11-12 15:59:46 - [MESSAGE][PASSED] - Browser is opened with url: ''

2024-11-12 15:59:46 - [TEST_STEP][PASSED] - maximizeWindow(): Current window maximized

2024-11-12 15:59:46 - [MESSAGE][PASSED] - Current window maximized

2024-11-12 15:59:46 - [TEST_STEP][PASSED] - navigateToUrl(RADurl): Navigate to 'https://www.velocitypayment.com/client/rad/index.html' successfully

2024-11-12 15:59:48 - [MESSAGE][PASSED] - Navigate to 'https://www.velocitypayment.com/client/rad/index.html' successfully

2024-11-12 15:59:48 - [TEST_STEP][PASSED] - selectOptionByLabel(findTestObject(orPath_Landing + "/dd_TaxType"), "Existing Liability with Notice/Invoice Number", false): All options with label 'Existing Liability with Notice/Invoice Number' are selected in object 'Object Repository/RAD_Pages/Landing_Page/dd_TaxType' 

2024-11-12 15:59:48 - [MESSAGE][PASSED] - All options with label 'Existing Liability with Notice/Invoice Number' are selected in object 'Object Repository/RAD_Pages/Landing_Page/dd_TaxType' 

2024-11-12 15:59:48 - [TEST_STEP][PASSED] - selectOptionByLabel(findTestObject(orPath_TaxTypeFilingYear + "/select_TaxType_ExistingLiability"), TaxType, false): All options with label 'Fiduciary Tax' are selected in object 'Object Repository/RAD_Pages/TaxTypeFilingYear_Page/select_TaxType_ExistingLiability' 

2024-11-12 15:59:49 - [MESSAGE][PASSED] - All options with label 'Fiduciary Tax' are selected in object 'Object Repository/RAD_Pages/TaxTypeFilingYear_Page/select_TaxType_ExistingLiability' 

2024-11-12 15:59:49 - [TEST_STEP][PASSED] - rad.getSetDataRAD.setDataRADBusinessName(): rad.getSetDataRAD.setDataRADBusinessName is PASSED

2024-11-12 15:59:50 - [MESSAGE][PASSED] - Text 'My Company' is set on object 'Object Repository/RAD_Pages/Taxpayer_Page/input_businessName'

2024-11-12 15:59:50 - [MESSAGE][PASSED] - rad.getSetDataRAD.setDataRADBusinessName is PASSED

2024-11-12 15:59:50 - [TEST_STEP][PASSED] - rad.getSetDataRAD.setDataRADBusinessRep(): rad.getSetDataRAD.setDataRADBusinessRep is PASSED

2024-11-12 15:59:51 - [MESSAGE][PASSED] - Text 'BusRepFname' is set on object 'Object Repository/RAD_Pages/Taxpayer_Page/input_BusinessRepfirstName'

2024-11-12 15:59:51 - [MESSAGE][PASSED] - Text '' is set on object 'Object Repository/RAD_Pages/Taxpayer_Page/input_BusinessRepmiddleName'

2024-11-12 15:59:52 - [MESSAGE][PASSED] - Text 'BusRepLname' is set on object 'Object Repository/RAD_Pages/Taxpayer_Page/input_BusinessReplastName'

2024-11-12 15:59:53 - [MESSAGE][PASSED] - Text '' is set on object 'Object Repository/RAD_Pages/Taxpayer_Page/input_BusinessRepsuffix'

2024-11-12 15:59:53 - [MESSAGE][PASSED] - rad.getSetDataRAD.setDataRADBusinessRep is PASSED

2024-11-12 15:59:53 - [TEST_STEP][PASSED] - rad.getSetDataRAD.setDataRADAddress(): rad.getSetDataRAD.setDataRADAddress is PASSED

2024-11-12 15:59:54 - [MESSAGE][PASSED] - All options with label 'United States' are selected in object 'Object Repository/RAD_Pages/AddressAndContactInfo_Page/select_Country' 

2024-11-12 15:59:54 - [MESSAGE][PASSED] - Text '2508 Mandan Terrace' is set on object 'Object Repository/RAD_Pages/AddressAndContactInfo_Page/input_streetAddress1'

2024-11-12 15:59:55 - [MESSAGE][PASSED] - Text '' is set on object 'Object Repository/RAD_Pages/AddressAndContactInfo_Page/input_streetAddress2'

2024-11-12 15:59:56 - [MESSAGE][PASSED] - Text 'Gambrills' is set on object 'Object Repository/RAD_Pages/AddressAndContactInfo_Page/input_city'

2024-11-12 15:59:57 - [MESSAGE][PASSED] - All options with label 'Maryland' are selected in object 'Object Repository/RAD_Pages/AddressAndContactInfo_Page/select_State' 

2024-11-12 15:59:58 - [MESSAGE][PASSED] - Text '21054' is set on object 'Object Repository/RAD_Pages/AddressAndContactInfo_Page/input_zipCode'

2024-11-12 15:59:58 - [MESSAGE][PASSED] - Text '(703) 894-5000' is set on object 'Object Repository/RAD_Pages/AddressAndContactInfo_Page/input_phoneNumber'

2024-11-12 15:59:59 - [MESSAGE][PASSED] - Text 'iahmed@govolution.com' is set on object 'Object Repository/RAD_Pages/AddressAndContactInfo_Page/input_eMailAddress'

2024-11-12 16:00:00 - [MESSAGE][PASSED] - Text 'iahmed@govolution.com' is set on object 'Object Repository/RAD_Pages/AddressAndContactInfo_Page/input_reEnterEMailAddress'

2024-11-12 16:00:00 - [MESSAGE][PASSED] - rad.getSetDataRAD.setDataRADAddress is PASSED

2024-11-12 16:00:00 - [TEST_STEP][PASSED] - if (feinSsn.equalsIgnoreCase("Y")): null

2024-11-12 16:00:00 - [TEST_STEP][PASSED] - else: Text ****** has been set on object 'Object Repository/RAD_Pages/TaxInfo_Page/input_concat(id(, , data, , ))_Data (1)'

2024-11-12 16:00:00 - [TEST_STEP][PASSED] - setEncryptedText(findTestObject("Object Repository/RAD_Pages/TaxInfo_Page/input_concat(id(, , data, , ))_Data"), "px0FNUagnh7G/CVR/QiY+A=="): Text ****** has been set on object 'Object Repository/RAD_Pages/TaxInfo_Page/input_concat(id(, , data, , ))_Data'

2024-11-12 16:00:01 - [MESSAGE][PASSED] - Text ****** has been set on object 'Object Repository/RAD_Pages/TaxInfo_Page/input_concat(id(, , data, , ))_Data'

2024-11-12 16:00:01 - [TEST_STEP][PASSED] - setEncryptedText(findTestObject("Object Repository/RAD_Pages/TaxInfo_Page/input_concat(id(, , data, , ))_Data (1)"), "px0FNUagnh7G/CVR/QiY+A=="): Text ****** has been set on object 'Object Repository/RAD_Pages/TaxInfo_Page/input_concat(id(, , data, , ))_Data (1)'

2024-11-12 16:00:01 - [MESSAGE][PASSED] - Text ****** has been set on object 'Object Repository/RAD_Pages/TaxInfo_Page/input_concat(id(, , data, , ))_Data (1)'

2024-11-12 16:00:01 - [TEST_STEP][PASSED] - rad.getSetDataRAD.setDataRADNoticeInvoiceThirteen(): rad.getSetDataRAD.setDataRADNoticeInvoiceThirteen is PASSED

2024-11-12 16:00:02 - [MESSAGE][PASSED] - Text '1234567890123' is set on object 'Object Repository/RAD_Pages/TaxInfo_Page/input_NoticeInvoiceNumber'

2024-11-12 16:00:03 - [MESSAGE][PASSED] - Text '1234567890123' is set on object 'Object Repository/RAD_Pages/TaxInfo_Page/input_reTypeNoticeInvoiceNumber'

2024-11-12 16:00:03 - [MESSAGE][PASSED] - rad.getSetDataRAD.setDataRADNoticeInvoiceThirteen is PASSED

2024-11-12 16:00:03 - [TEST_STEP][PASSED] - if (MFLicNum.equalsIgnoreCase("Y")): null

2024-11-12 16:00:03 - [TEST_STEP][PASSED] - if (CRN.equalsIgnoreCase("Y")): null

2024-11-12 16:00:03 - [TEST_STEP][PASSED] - setText(findTestObject(orPath_Amount + "/input__paymentAmount"), "100.00"): Text '100.00' is set on object 'Object Repository/RAD_Pages/PaymentAmount_Page/input__paymentAmount'

2024-11-12 16:00:04 - [MESSAGE][PASSED] - Text '100.00' is set on object 'Object Repository/RAD_Pages/PaymentAmount_Page/input__paymentAmount'

2024-11-12 16:00:04 - [TEST_STEP][PASSED] - setText(findTestObject(orPath_AddressContact + "/input_streetAddress2"), ""): Text '' is set on object 'Object Repository/RAD_Pages/AddressAndContactInfo_Page/input_streetAddress2'

2024-11-12 16:00:04 - [MESSAGE][PASSED] - Text '' is set on object 'Object Repository/RAD_Pages/AddressAndContactInfo_Page/input_streetAddress2'

2024-11-12 16:00:04 - [TEST_STEP][PASSED] - scrollToElement(findTestObject(orPath_Landing + "/button_Continue"), 3): Scroll to object 'Object Repository/RAD_Pages/Landing_Page/button_Continue' successfully

2024-11-12 16:00:05 - [MESSAGE][PASSED] - Scroll to object 'Object Repository/RAD_Pages/Landing_Page/button_Continue' successfully

2024-11-12 16:00:05 - [TEST_STEP][PASSED] - waitForElementClickable(findTestObject(orPath_Landing + "/button_Continue"), 5): Object 'Object Repository/RAD_Pages/Landing_Page/button_Continue' is clickable

2024-11-12 16:00:05 - [MESSAGE][PASSED] - Object 'Object Repository/RAD_Pages/Landing_Page/button_Continue' is clickable

2024-11-12 16:00:05 - [TEST_STEP][PASSED] - click(findTestObject(orPath_Landing + "/button_Continue")): Object: 'Object Repository/RAD_Pages/Landing_Page/button_Continue' is clicked on

2024-11-12 16:00:06 - [MESSAGE][PASSED] - Object: 'Object Repository/RAD_Pages/Landing_Page/button_Continue' is clicked on

2024-11-12 16:00:06 - [TEST_STEP][PASSED] - delay(2): Delayed 2 second(s)

2024-11-12 16:00:08 - [MESSAGE][PASSED] - Delayed 2 second(s)

2024-11-12 16:00:08 - [TEST_STEP][PASSED] - verifyTextPresent("Summary", true): Text 'Summary' is present on page  using regular expression

2024-11-12 16:00:08 - [MESSAGE][PASSED] - Text 'Summary' is present on page  using regular expression

2024-11-12 16:00:08 - [TEST_STEP][PASSED] - verifyTextPresent("Review the information below and make any necessary corrections by clicking the", true): Text 'Review the information below and make any necessary corrections by clicking the' is present on page  using regular expression

2024-11-12 16:00:08 - [MESSAGE][PASSED] - Text 'Review the information below and make any necessary corrections by clicking the' is present on page  using regular expression

2024-11-12 16:00:08 - [TEST_STEP][PASSED] - verifyTextPresent("When you are confident that all the information is correct, click the", true): Text 'When you are confident that all the information is correct, click the' is present on page  using regular expression

2024-11-12 16:00:09 - [MESSAGE][PASSED] - Text 'When you are confident that all the information is correct, click the' is present on page  using regular expression

2024-11-12 16:00:09 - [TEST_STEP][PASSED] - verifyTextPresent("Payment Type/Filing Year", true): Text 'Payment Type/Filing Year' is present on page  using regular expression

2024-11-12 16:00:09 - [MESSAGE][PASSED] - Text 'Payment Type/Filing Year' is present on page  using regular expression

2024-11-12 16:00:09 - [TEST_STEP][PASSED] - verifyTextPresent("Payment Type:", true): Text 'Payment Type:' is present on page  using regular expression

2024-11-12 16:00:09 - [MESSAGE][PASSED] - Text 'Payment Type:' is present on page  using regular expression

2024-11-12 16:00:09 - [TEST_STEP][PASSED] - verifyTextPresent("Existing Liability with Notice/Invoice Number", true): Text 'Existing Liability with Notice/Invoice Number' is present on page  using regular expression

2024-11-12 16:00:10 - [MESSAGE][PASSED] - Text 'Existing Liability with Notice/Invoice Number' is present on page  using regular expression

2024-11-12 16:00:10 - [TEST_STEP][PASSED] - verifyTextPresent("Payer Information", true): Text 'Payer Information' is present on page  using regular expression

2024-11-12 16:00:10 - [MESSAGE][PASSED] - Text 'Payer Information' is present on page  using regular expression

2024-11-12 16:00:10 - [TEST_STEP][PASSED] - verifyTextPresent("Taxpayer Name:", true): Text 'Taxpayer Name:' is present on page  using regular expression

2024-11-12 16:00:10 - [MESSAGE][PASSED] - Text 'Taxpayer Name:' is present on page  using regular expression

2024-11-12 16:00:10 - [TEST_STEP][PASSED] - if (!(TaxType.equalsIgnoreCase("Sales & Use Tax"))): Text 'My Company' is present on page  using regular expression

2024-11-12 16:00:10 - [TEST_STEP][PASSED] - verifyTextPresent("My Company", true): Text 'My Company' is present on page  using regular expression

2024-11-12 16:00:11 - [MESSAGE][PASSED] - Text 'My Company' is present on page  using regular expression

2024-11-12 16:00:11 - [TEST_STEP][PASSED] - verifyTextPresent("Business Rep Name:", true): Text 'Business Rep Name:' is present on page  using regular expression

2024-11-12 16:00:11 - [MESSAGE][PASSED] - Text 'Business Rep Name:' is present on page  using regular expression

2024-11-12 16:00:11 - [TEST_STEP][PASSED] - verifyTextPresent("BusRepFname BusRepLname", true): Text 'BusRepFname BusRepLname' is present on page  using regular expression

2024-11-12 16:00:11 - [MESSAGE][PASSED] - Text 'BusRepFname BusRepLname' is present on page  using regular expression

2024-11-12 16:00:11 - [TEST_STEP][PASSED] - verifyTextPresent("Taxpayer Address:", true): Text 'Taxpayer Address:' is present on page  using regular expression

2024-11-12 16:00:12 - [MESSAGE][PASSED] - Text 'Taxpayer Address:' is present on page  using regular expression

2024-11-12 16:00:12 - [TEST_STEP][PASSED] - verifyTextPresent("2508 Mandan Terrace Gambrills Maryland 21054", true): Text '2508 Mandan Terrace Gambrills Maryland 21054' is present on page  using regular expression

2024-11-12 16:00:12 - [MESSAGE][PASSED] - Text '2508 Mandan Terrace Gambrills Maryland 21054' is present on page  using regular expression

2024-11-12 16:00:12 - [TEST_STEP][PASSED] - verifyTextPresent("Email:", true): Text 'Email:' is present on page  using regular expression

2024-11-12 16:00:12 - [MESSAGE][PASSED] - Text 'Email:' is present on page  using regular expression

2024-11-12 16:00:12 - [TEST_STEP][PASSED] - verifyTextPresent("iahmed@govolution.com", true): Text 'iahmed@govolution.com' is present on page  using regular expression

2024-11-12 16:00:13 - [MESSAGE][PASSED] - Text 'iahmed@govolution.com' is present on page  using regular expression

2024-11-12 16:00:13 - [TEST_STEP][PASSED] - verifyTextPresent("Phone:", true): Text 'Phone:' is present on page  using regular expression

2024-11-12 16:00:13 - [MESSAGE][PASSED] - Text 'Phone:' is present on page  using regular expression

2024-11-12 16:00:13 - [TEST_STEP][PASSED] - verifyTextPresent("(703) 894-5000", false): Text '(703) 894-5000' is present on page 

2024-11-12 16:00:13 - [MESSAGE][PASSED] - Text '(703) 894-5000' is present on page 

2024-11-12 16:00:13 - [TEST_STEP][PASSED] - verifyTextPresent("Tax Information", true): Text 'Tax Information' is present on page  using regular expression

2024-11-12 16:00:14 - [MESSAGE][PASSED] - Text 'Tax Information' is present on page  using regular expression

2024-11-12 16:00:14 - [TEST_STEP][PASSED] - if (feinSsn.equalsIgnoreCase("Y")): null

2024-11-12 16:00:14 - [TEST_STEP][PASSED] - else: Text 'FEIN/SSN:' is not present on page using regular expression

2024-11-12 16:00:14 - [TEST_STEP][PASSED] - verifyTextPresent("Federal EIN:", true): Text 'Federal EIN:' is present on page  using regular expression

2024-11-12 16:00:14 - [MESSAGE][PASSED] - Text 'Federal EIN:' is present on page  using regular expression

2024-11-12 16:00:14 - [TEST_STEP][PASSED] - verifyTextNotPresent("FEIN/SSN:", true): Text 'FEIN/SSN:' is not present on page using regular expression

2024-11-12 16:00:14 - [MESSAGE][PASSED] - Text 'FEIN/SSN:' is not present on page using regular expression

2024-11-12 16:00:14 - [TEST_STEP][PASSED] - verifyTextPresent("XXXXX0532", true): Text 'XXXXX0532' is present on page  using regular expression

2024-11-12 16:00:15 - [MESSAGE][PASSED] - Text 'XXXXX0532' is present on page  using regular expression

2024-11-12 16:00:15 - [TEST_STEP][PASSED] - verifyTextPresent("Notice Or Invoice Number:", true): Text 'Notice Or Invoice Number:' is present on page  using regular expression

2024-11-12 16:00:15 - [MESSAGE][PASSED] - Text 'Notice Or Invoice Number:' is present on page  using regular expression

2024-11-12 16:00:15 - [TEST_STEP][PASSED] - verifyTextPresent("1234567890123", true): Text '1234567890123' is present on page  using regular expression

2024-11-12 16:00:15 - [MESSAGE][PASSED] - Text '1234567890123' is present on page  using regular expression

2024-11-12 16:00:15 - [TEST_STEP][PASSED] - verifyTextPresent("Tax Type:", true): Text 'Tax Type:' is present on page  using regular expression

2024-11-12 16:00:16 - [MESSAGE][PASSED] - Text 'Tax Type:' is present on page  using regular expression

2024-11-12 16:00:16 - [TEST_STEP][PASSED] - verifyTextPresent(TaxType, true): Text 'Fiduciary Tax' is present on page  using regular expression

2024-11-12 16:00:16 - [MESSAGE][PASSED] - Text 'Fiduciary Tax' is present on page  using regular expression

2024-11-12 16:00:16 - [TEST_STEP][PASSED] - if (CRN.equalsIgnoreCase("Y")): null

2024-11-12 16:00:16 - [TEST_STEP][PASSED] - if (MFLicNum.equalsIgnoreCase("Y")): null

2024-11-12 16:00:16 - [TEST_STEP][PASSED] - verifyTextPresent("Payment Amount:", true): Text 'Payment Amount:' is present on page  using regular expression

2024-11-12 16:00:16 - [MESSAGE][PASSED] - Text 'Payment Amount:' is present on page  using regular expression

2024-11-12 16:00:16 - [TEST_STEP][PASSED] - verifyTextPresent("100.00", true): Text '100.00' is present on page  using regular expression

2024-11-12 16:00:17 - [MESSAGE][PASSED] - Text '100.00' is present on page  using regular expression

2024-11-12 16:00:17 - [TEST_STEP][PASSED] - if (verifyElementVisible(findTestObject(orPath_Summary + "/button_Proceed to Payment"))): null

2024-11-12 16:00:17 - [MESSAGE][PASSED] - Object 'Object Repository/RAD_Pages/Summary_Page/button_Proceed to Payment' is visible

2024-11-12 16:00:17 - [TEST_STEP][PASSED] - resText = "Pass": null

2024-11-12 16:00:17 - [TEST_STEP][PASSED] - pages.WriteExcel.demoKey(resText, datText, resColumn, datCloumn, fileLoc, nameSheet, row): pages.WriteExcel.demoKey is PASSED

2024-11-12 16:00:17 - [MESSAGE][PASSED] - pages.WriteExcel.demoKey is PASSED

2024-11-12 16:00:17 - [TEST_STEP][PASSED] - click(findTestObject(orPath_Summary + "/button_Proceed to Payment")): Object: 'Object Repository/RAD_Pages/Summary_Page/button_Proceed to Payment' is clicked on

2024-11-12 16:00:21 - [MESSAGE][PASSED] - Object: 'Object Repository/RAD_Pages/Summary_Page/button_Proceed to Payment' is clicked on

2024-11-12 16:00:21 - [TEST_STEP][PASSED] - verifyElementPresent(findTestObject("Object Repository/RAD_Pages/PaymentEntry_Page/input__billingName"), 30): Object 'Object Repository/RAD_Pages/PaymentEntry_Page/input__billingName' is present

2024-11-12 16:00:21 - [MESSAGE][PASSED] - Object 'Object Repository/RAD_Pages/PaymentEntry_Page/input__billingName' is present

2024-11-12 16:00:21 - [TEST_STEP][PASSED] - ExecuteTC = findTestData(dataFile).getValue("Execute", row): null

2024-11-12 16:00:21 - [TEST_STEP][PASSED] - TaxType = findTestData(dataFile).getValue("TaxType", row): null

2024-11-12 16:00:21 - [TEST_STEP][PASSED] - PaymentType = findTestData(dataFile).getValue("PaymentType", row): null

2024-11-12 16:00:21 - [TEST_STEP][PASSED] - feinSsn = findTestData(dataFile).getValue("FEINSSN", row): null

2024-11-12 16:00:22 - [TEST_STEP][PASSED] - CRN = findTestData(dataFile).getValue("CRN", row): null

2024-11-12 16:00:22 - [TEST_STEP][PASSED] - MFLicNum = findTestData(dataFile).getValue("MFLicNum", row): null

2024-11-12 16:00:22 - [TEST_STEP][PASSED] - if (ExecuteTC.equalsIgnoreCase("Y")): Object 'Object Repository/RAD_Pages/PaymentEntry_Page/input__billingName' is present

2024-11-12 16:00:22 - [TEST_STEP][PASSED] - out.println("Begin Record Number: " + row): null

2024-11-12 16:00:22 - [TEST_STEP][PASSED] - today = new java.util.Date(): null

2024-11-12 16:00:22 - [TEST_STEP][PASSED] - println(today): null

2024-11-12 16:00:22 - [TEST_STEP][PASSED] - datText = today: null

2024-11-12 16:00:22 - [TEST_STEP][PASSED] - logInfo("Payment Type: Existing Liability with Notice/Invoice Number"): Payment Type: Existing Liability with Notice/Invoice Number

2024-11-12 16:00:22 - [MESSAGE][INFO] - Payment Type: Existing Liability with Notice/Invoice Number

2024-11-12 16:00:22 - [TEST_STEP][PASSED] - logInfo("Tax Type: " + TaxType): Tax Type: PTE Non-Electing Non-S Corp

2024-11-12 16:00:22 - [MESSAGE][INFO] - Tax Type: PTE Non-Electing Non-S Corp

2024-11-12 16:00:22 - [TEST_STEP][PASSED] - openBrowser(""): Browser is opened with url: ''

2024-11-12 16:00:22 - [MESSAGE][WARNING] - A browser is already opened. Closing browser and opening a new one

2024-11-12 16:00:23 - [MESSAGE][INFO] - Starting 'Chrome' driver

2024-11-12 16:00:23 - [MESSAGE][INFO] - User set preference: ['acceptInsecureCerts', 'true']

2024-11-12 16:00:23 - [MESSAGE][INFO] - Action delay is set to 0 milliseconds

2024-11-12 16:00:25 - [MESSAGE][PASSED] - Browser is opened with url: ''

2024-11-12 16:00:25 - [TEST_STEP][PASSED] - maximizeWindow(): Current window maximized

2024-11-12 16:00:25 - [MESSAGE][PASSED] - Current window maximized

2024-11-12 16:00:25 - [TEST_STEP][PASSED] - navigateToUrl(RADurl): Navigate to 'https://www.velocitypayment.com/client/rad/index.html' successfully

2024-11-12 16:00:26 - [MESSAGE][PASSED] - Navigate to 'https://www.velocitypayment.com/client/rad/index.html' successfully

2024-11-12 16:00:26 - [TEST_STEP][PASSED] - selectOptionByLabel(findTestObject(orPath_Landing + "/dd_TaxType"), "Existing Liability with Notice/Invoice Number", false): All options with label 'Existing Liability with Notice/Invoice Number' are selected in object 'Object Repository/RAD_Pages/Landing_Page/dd_TaxType' 

2024-11-12 16:00:27 - [MESSAGE][PASSED] - All options with label 'Existing Liability with Notice/Invoice Number' are selected in object 'Object Repository/RAD_Pages/Landing_Page/dd_TaxType' 

2024-11-12 16:00:27 - [TEST_STEP][PASSED] - selectOptionByLabel(findTestObject(orPath_TaxTypeFilingYear + "/select_TaxType_ExistingLiability"), TaxType, false): All options with label 'PTE Non-Electing Non-S Corp' are selected in object 'Object Repository/RAD_Pages/TaxTypeFilingYear_Page/select_TaxType_ExistingLiability' 

2024-11-12 16:00:28 - [MESSAGE][PASSED] - All options with label 'PTE Non-Electing Non-S Corp' are selected in object 'Object Repository/RAD_Pages/TaxTypeFilingYear_Page/select_TaxType_ExistingLiability' 

2024-11-12 16:00:28 - [TEST_STEP][PASSED] - rad.getSetDataRAD.setDataRADBusinessName(): rad.getSetDataRAD.setDataRADBusinessName is PASSED

2024-11-12 16:00:29 - [MESSAGE][PASSED] - Text 'My Company' is set on object 'Object Repository/RAD_Pages/Taxpayer_Page/input_businessName'

2024-11-12 16:00:29 - [MESSAGE][PASSED] - rad.getSetDataRAD.setDataRADBusinessName is PASSED

2024-11-12 16:00:29 - [TEST_STEP][PASSED] - rad.getSetDataRAD.setDataRADBusinessRep(): rad.getSetDataRAD.setDataRADBusinessRep is PASSED

2024-11-12 16:00:29 - [MESSAGE][PASSED] - Text 'BusRepFname' is set on object 'Object Repository/RAD_Pages/Taxpayer_Page/input_BusinessRepfirstName'

2024-11-12 16:00:30 - [MESSAGE][PASSED] - Text '' is set on object 'Object Repository/RAD_Pages/Taxpayer_Page/input_BusinessRepmiddleName'

2024-11-12 16:00:31 - [MESSAGE][PASSED] - Text 'BusRepLname' is set on object 'Object Repository/RAD_Pages/Taxpayer_Page/input_BusinessReplastName'

2024-11-12 16:00:32 - [MESSAGE][PASSED] - Text '' is set on object 'Object Repository/RAD_Pages/Taxpayer_Page/input_BusinessRepsuffix'

2024-11-12 16:00:32 - [MESSAGE][PASSED] - rad.getSetDataRAD.setDataRADBusinessRep is PASSED

2024-11-12 16:00:32 - [TEST_STEP][PASSED] - rad.getSetDataRAD.setDataRADAddress(): rad.getSetDataRAD.setDataRADAddress is PASSED

2024-11-12 16:00:32 - [MESSAGE][PASSED] - All options with label 'United States' are selected in object 'Object Repository/RAD_Pages/AddressAndContactInfo_Page/select_Country' 

2024-11-12 16:00:33 - [MESSAGE][PASSED] - Text '2508 Mandan Terrace' is set on object 'Object Repository/RAD_Pages/AddressAndContactInfo_Page/input_streetAddress1'

2024-11-12 16:00:34 - [MESSAGE][PASSED] - Text '' is set on object 'Object Repository/RAD_Pages/AddressAndContactInfo_Page/input_streetAddress2'

2024-11-12 16:00:35 - [MESSAGE][PASSED] - Text 'Gambrills' is set on object 'Object Repository/RAD_Pages/AddressAndContactInfo_Page/input_city'

2024-11-12 16:00:35 - [MESSAGE][PASSED] - All options with label 'Maryland' are selected in object 'Object Repository/RAD_Pages/AddressAndContactInfo_Page/select_State' 

2024-11-12 16:00:37 - [MESSAGE][PASSED] - Text '21054' is set on object 'Object Repository/RAD_Pages/AddressAndContactInfo_Page/input_zipCode'

2024-11-12 16:00:38 - [MESSAGE][PASSED] - Text '(703) 894-5000' is set on object 'Object Repository/RAD_Pages/AddressAndContactInfo_Page/input_phoneNumber'

2024-11-12 16:00:39 - [MESSAGE][PASSED] - Text 'iahmed@govolution.com' is set on object 'Object Repository/RAD_Pages/AddressAndContactInfo_Page/input_eMailAddress'

2024-11-12 16:00:40 - [MESSAGE][PASSED] - Text 'iahmed@govolution.com' is set on object 'Object Repository/RAD_Pages/AddressAndContactInfo_Page/input_reEnterEMailAddress'

2024-11-12 16:00:40 - [MESSAGE][PASSED] - rad.getSetDataRAD.setDataRADAddress is PASSED

2024-11-12 16:00:40 - [TEST_STEP][PASSED] - if (feinSsn.equalsIgnoreCase("Y")): Text ****** has been set on object 'Object Repository/RAD_Pages/TaxInfo_Page/input_TaxInfo_RetypefeinSsn_Existing_New'

2024-11-12 16:00:40 - [TEST_STEP][PASSED] - setEncryptedText(findTestObject(orPath_TaxInfo + "/input_TaxInfo_feinSsn_Existing_New"), "px0FNUagnh7G/CVR/QiY+A=="): Text ****** has been set on object 'Object Repository/RAD_Pages/TaxInfo_Page/input_TaxInfo_feinSsn_Existing_New'

2024-11-12 16:00:41 - [MESSAGE][PASSED] - Text ****** has been set on object 'Object Repository/RAD_Pages/TaxInfo_Page/input_TaxInfo_feinSsn_Existing_New'

2024-11-12 16:00:41 - [TEST_STEP][PASSED] - setEncryptedText(findTestObject(orPath_TaxInfo + "/input_TaxInfo_RetypefeinSsn_Existing_New"), "px0FNUagnh7G/CVR/QiY+A=="): Text ****** has been set on object 'Object Repository/RAD_Pages/TaxInfo_Page/input_TaxInfo_RetypefeinSsn_Existing_New'

2024-11-12 16:00:41 - [MESSAGE][PASSED] - Text ****** has been set on object 'Object Repository/RAD_Pages/TaxInfo_Page/input_TaxInfo_RetypefeinSsn_Existing_New'

2024-11-12 16:00:41 - [TEST_STEP][PASSED] - rad.getSetDataRAD.setDataRADNoticeInvoiceThirteen(): rad.getSetDataRAD.setDataRADNoticeInvoiceThirteen is PASSED

2024-11-12 16:00:42 - [MESSAGE][PASSED] - Text '1234567890123' is set on object 'Object Repository/RAD_Pages/TaxInfo_Page/input_NoticeInvoiceNumber'

2024-11-12 16:00:43 - [MESSAGE][PASSED] - Text '1234567890123' is set on object 'Object Repository/RAD_Pages/TaxInfo_Page/input_reTypeNoticeInvoiceNumber'

2024-11-12 16:00:43 - [MESSAGE][PASSED] - rad.getSetDataRAD.setDataRADNoticeInvoiceThirteen is PASSED

2024-11-12 16:00:43 - [TEST_STEP][PASSED] - if (MFLicNum.equalsIgnoreCase("Y")): null

2024-11-12 16:00:43 - [TEST_STEP][PASSED] - if (CRN.equalsIgnoreCase("Y")): null

2024-11-12 16:00:43 - [TEST_STEP][PASSED] - setText(findTestObject(orPath_Amount + "/input__paymentAmount"), "100.00"): Text '100.00' is set on object 'Object Repository/RAD_Pages/PaymentAmount_Page/input__paymentAmount'

2024-11-12 16:00:43 - [MESSAGE][PASSED] - Text '100.00' is set on object 'Object Repository/RAD_Pages/PaymentAmount_Page/input__paymentAmount'

2024-11-12 16:00:43 - [TEST_STEP][PASSED] - setText(findTestObject(orPath_AddressContact + "/input_streetAddress2"), ""): Text '' is set on object 'Object Repository/RAD_Pages/AddressAndContactInfo_Page/input_streetAddress2'

2024-11-12 16:00:44 - [MESSAGE][PASSED] - Text '' is set on object 'Object Repository/RAD_Pages/AddressAndContactInfo_Page/input_streetAddress2'

2024-11-12 16:00:44 - [TEST_STEP][PASSED] - scrollToElement(findTestObject(orPath_Landing + "/button_Continue"), 3): Scroll to object 'Object Repository/RAD_Pages/Landing_Page/button_Continue' successfully

2024-11-12 16:00:45 - [MESSAGE][PASSED] - Scroll to object 'Object Repository/RAD_Pages/Landing_Page/button_Continue' successfully

2024-11-12 16:00:45 - [TEST_STEP][PASSED] - waitForElementClickable(findTestObject(orPath_Landing + "/button_Continue"), 5): Object 'Object Repository/RAD_Pages/Landing_Page/button_Continue' is clickable

2024-11-12 16:00:45 - [MESSAGE][PASSED] - Object 'Object Repository/RAD_Pages/Landing_Page/button_Continue' is clickable

2024-11-12 16:00:45 - [TEST_STEP][PASSED] - click(findTestObject(orPath_Landing + "/button_Continue")): Object: 'Object Repository/RAD_Pages/Landing_Page/button_Continue' is clicked on

2024-11-12 16:00:45 - [MESSAGE][PASSED] - Object: 'Object Repository/RAD_Pages/Landing_Page/button_Continue' is clicked on

2024-11-12 16:00:45 - [TEST_STEP][PASSED] - delay(2): Delayed 2 second(s)

2024-11-12 16:00:47 - [MESSAGE][PASSED] - Delayed 2 second(s)

2024-11-12 16:00:47 - [TEST_STEP][PASSED] - verifyTextPresent("Summary", true): Text 'Summary' is present on page  using regular expression

2024-11-12 16:00:48 - [MESSAGE][PASSED] - Text 'Summary' is present on page  using regular expression

2024-11-12 16:00:48 - [TEST_STEP][PASSED] - verifyTextPresent("Review the information below and make any necessary corrections by clicking the", true): Text 'Review the information below and make any necessary corrections by clicking the' is present on page  using regular expression

2024-11-12 16:00:48 - [MESSAGE][PASSED] - Text 'Review the information below and make any necessary corrections by clicking the' is present on page  using regular expression

2024-11-12 16:00:48 - [TEST_STEP][PASSED] - verifyTextPresent("When you are confident that all the information is correct, click the", true): Text 'When you are confident that all the information is correct, click the' is present on page  using regular expression

2024-11-12 16:00:48 - [MESSAGE][PASSED] - Text 'When you are confident that all the information is correct, click the' is present on page  using regular expression

2024-11-12 16:00:48 - [TEST_STEP][PASSED] - verifyTextPresent("Payment Type/Filing Year", true): Text 'Payment Type/Filing Year' is present on page  using regular expression

2024-11-12 16:00:49 - [MESSAGE][PASSED] - Text 'Payment Type/Filing Year' is present on page  using regular expression

2024-11-12 16:00:49 - [TEST_STEP][PASSED] - verifyTextPresent("Payment Type:", true): Text 'Payment Type:' is present on page  using regular expression

2024-11-12 16:00:49 - [MESSAGE][PASSED] - Text 'Payment Type:' is present on page  using regular expression

2024-11-12 16:00:49 - [TEST_STEP][PASSED] - verifyTextPresent("Existing Liability with Notice/Invoice Number", true): Text 'Existing Liability with Notice/Invoice Number' is present on page  using regular expression

2024-11-12 16:00:50 - [MESSAGE][PASSED] - Text 'Existing Liability with Notice/Invoice Number' is present on page  using regular expression

2024-11-12 16:00:50 - [TEST_STEP][PASSED] - verifyTextPresent("Payer Information", true): Text 'Payer Information' is present on page  using regular expression

2024-11-12 16:00:50 - [MESSAGE][PASSED] - Text 'Payer Information' is present on page  using regular expression

2024-11-12 16:00:50 - [TEST_STEP][PASSED] - verifyTextPresent("Taxpayer Name:", true): Text 'Taxpayer Name:' is present on page  using regular expression

2024-11-12 16:00:50 - [MESSAGE][PASSED] - Text 'Taxpayer Name:' is present on page  using regular expression

2024-11-12 16:00:50 - [TEST_STEP][PASSED] - if (!(TaxType.equalsIgnoreCase("Sales & Use Tax"))): Text 'My Company' is present on page  using regular expression

2024-11-12 16:00:50 - [TEST_STEP][PASSED] - verifyTextPresent("My Company", true): Text 'My Company' is present on page  using regular expression

2024-11-12 16:00:51 - [MESSAGE][PASSED] - Text 'My Company' is present on page  using regular expression

2024-11-12 16:00:51 - [TEST_STEP][PASSED] - verifyTextPresent("Business Rep Name:", true): Text 'Business Rep Name:' is present on page  using regular expression

2024-11-12 16:00:51 - [MESSAGE][PASSED] - Text 'Business Rep Name:' is present on page  using regular expression

2024-11-12 16:00:51 - [TEST_STEP][PASSED] - verifyTextPresent("BusRepFname BusRepLname", true): Text 'BusRepFname BusRepLname' is present on page  using regular expression

2024-11-12 16:00:51 - [MESSAGE][PASSED] - Text 'BusRepFname BusRepLname' is present on page  using regular expression

2024-11-12 16:00:51 - [TEST_STEP][PASSED] - verifyTextPresent("Taxpayer Address:", true): Text 'Taxpayer Address:' is present on page  using regular expression

2024-11-12 16:00:52 - [MESSAGE][PASSED] - Text 'Taxpayer Address:' is present on page  using regular expression

2024-11-12 16:00:52 - [TEST_STEP][PASSED] - verifyTextPresent("2508 Mandan Terrace Gambrills Maryland 21054", true): Text '2508 Mandan Terrace Gambrills Maryland 21054' is present on page  using regular expression

2024-11-12 16:00:52 - [MESSAGE][PASSED] - Text '2508 Mandan Terrace Gambrills Maryland 21054' is present on page  using regular expression

2024-11-12 16:00:52 - [TEST_STEP][PASSED] - verifyTextPresent("Email:", true): Text 'Email:' is present on page  using regular expression

2024-11-12 16:00:52 - [MESSAGE][PASSED] - Text 'Email:' is present on page  using regular expression

2024-11-12 16:00:52 - [TEST_STEP][PASSED] - verifyTextPresent("iahmed@govolution.com", true): Text 'iahmed@govolution.com' is present on page  using regular expression

2024-11-12 16:00:53 - [MESSAGE][PASSED] - Text 'iahmed@govolution.com' is present on page  using regular expression

2024-11-12 16:00:53 - [TEST_STEP][PASSED] - verifyTextPresent("Phone:", true): Text 'Phone:' is present on page  using regular expression

2024-11-12 16:00:53 - [MESSAGE][PASSED] - Text 'Phone:' is present on page  using regular expression

2024-11-12 16:00:53 - [TEST_STEP][PASSED] - verifyTextPresent("(703) 894-5000", false): Text '(703) 894-5000' is present on page 

2024-11-12 16:00:53 - [MESSAGE][PASSED] - Text '(703) 894-5000' is present on page 

2024-11-12 16:00:53 - [TEST_STEP][PASSED] - verifyTextPresent("Tax Information", true): Text 'Tax Information' is present on page  using regular expression

2024-11-12 16:00:54 - [MESSAGE][PASSED] - Text 'Tax Information' is present on page  using regular expression

2024-11-12 16:00:54 - [TEST_STEP][PASSED] - if (feinSsn.equalsIgnoreCase("Y")): Text 'Federal EIN:' is not present on page using regular expression

2024-11-12 16:00:54 - [TEST_STEP][PASSED] - verifyTextPresent("FEIN/SSN:", true): Text 'FEIN/SSN:' is present on page  using regular expression

2024-11-12 16:00:54 - [MESSAGE][PASSED] - Text 'FEIN/SSN:' is present on page  using regular expression

2024-11-12 16:00:54 - [TEST_STEP][PASSED] - verifyTextNotPresent("Federal EIN:", true): Text 'Federal EIN:' is not present on page using regular expression

2024-11-12 16:00:54 - [MESSAGE][PASSED] - Text 'Federal EIN:' is not present on page using regular expression

2024-11-12 16:00:54 - [TEST_STEP][PASSED] - verifyTextPresent("XXXXX0532", true): Text 'XXXXX0532' is present on page  using regular expression

2024-11-12 16:00:54 - [MESSAGE][PASSED] - Text 'XXXXX0532' is present on page  using regular expression

2024-11-12 16:00:54 - [TEST_STEP][PASSED] - verifyTextPresent("Notice Or Invoice Number:", true): Text 'Notice Or Invoice Number:' is present on page  using regular expression

2024-11-12 16:00:55 - [MESSAGE][PASSED] - Text 'Notice Or Invoice Number:' is present on page  using regular expression

2024-11-12 16:00:55 - [TEST_STEP][PASSED] - verifyTextPresent("1234567890123", true): Text '1234567890123' is present on page  using regular expression

2024-11-12 16:00:55 - [MESSAGE][PASSED] - Text '1234567890123' is present on page  using regular expression

2024-11-12 16:00:55 - [TEST_STEP][PASSED] - verifyTextPresent("Tax Type:", true): Text 'Tax Type:' is present on page  using regular expression

2024-11-12 16:00:55 - [MESSAGE][PASSED] - Text 'Tax Type:' is present on page  using regular expression

2024-11-12 16:00:55 - [TEST_STEP][PASSED] - verifyTextPresent(TaxType, true): Text 'PTE Non-Electing Non-S Corp' is present on page  using regular expression

2024-11-12 16:00:56 - [MESSAGE][PASSED] - Text 'PTE Non-Electing Non-S Corp' is present on page  using regular expression

2024-11-12 16:00:56 - [TEST_STEP][PASSED] - if (CRN.equalsIgnoreCase("Y")): null

2024-11-12 16:00:56 - [TEST_STEP][PASSED] - if (MFLicNum.equalsIgnoreCase("Y")): null

2024-11-12 16:00:56 - [TEST_STEP][PASSED] - verifyTextPresent("Payment Amount:", true): Text 'Payment Amount:' is present on page  using regular expression

2024-11-12 16:00:56 - [MESSAGE][PASSED] - Text 'Payment Amount:' is present on page  using regular expression

2024-11-12 16:00:56 - [TEST_STEP][PASSED] - verifyTextPresent("100.00", true): Text '100.00' is present on page  using regular expression

2024-11-12 16:00:56 - [MESSAGE][PASSED] - Text '100.00' is present on page  using regular expression

2024-11-12 16:00:56 - [TEST_STEP][PASSED] - if (verifyElementVisible(findTestObject(orPath_Summary + "/button_Proceed to Payment"))): null

2024-11-12 16:00:57 - [MESSAGE][PASSED] - Object 'Object Repository/RAD_Pages/Summary_Page/button_Proceed to Payment' is visible

2024-11-12 16:00:57 - [TEST_STEP][PASSED] - resText = "Pass": null

2024-11-12 16:00:57 - [TEST_STEP][PASSED] - pages.WriteExcel.demoKey(resText, datText, resColumn, datCloumn, fileLoc, nameSheet, row): pages.WriteExcel.demoKey is PASSED

2024-11-12 16:00:57 - [MESSAGE][PASSED] - pages.WriteExcel.demoKey is PASSED

2024-11-12 16:00:57 - [TEST_STEP][PASSED] - click(findTestObject(orPath_Summary + "/button_Proceed to Payment")): Object: 'Object Repository/RAD_Pages/Summary_Page/button_Proceed to Payment' is clicked on

2024-11-12 16:00:59 - [MESSAGE][PASSED] - Object: 'Object Repository/RAD_Pages/Summary_Page/button_Proceed to Payment' is clicked on

2024-11-12 16:00:59 - [TEST_STEP][PASSED] - verifyElementPresent(findTestObject("Object Repository/RAD_Pages/PaymentEntry_Page/input__billingName"), 30): Object 'Object Repository/RAD_Pages/PaymentEntry_Page/input__billingName' is present

2024-11-12 16:01:00 - [MESSAGE][PASSED] - Object 'Object Repository/RAD_Pages/PaymentEntry_Page/input__billingName' is present

2024-11-12 16:01:00 - [TEST_STEP][PASSED] - ExecuteTC = findTestData(dataFile).getValue("Execute", row): null

2024-11-12 16:01:00 - [TEST_STEP][PASSED] - TaxType = findTestData(dataFile).getValue("TaxType", row): null

2024-11-12 16:01:00 - [TEST_STEP][PASSED] - PaymentType = findTestData(dataFile).getValue("PaymentType", row): null

2024-11-12 16:01:00 - [TEST_STEP][PASSED] - feinSsn = findTestData(dataFile).getValue("FEINSSN", row): null

2024-11-12 16:01:00 - [TEST_STEP][PASSED] - CRN = findTestData(dataFile).getValue("CRN", row): null

2024-11-12 16:01:00 - [TEST_STEP][PASSED] - MFLicNum = findTestData(dataFile).getValue("MFLicNum", row): null

2024-11-12 16:01:00 - [TEST_STEP][PASSED] - if (ExecuteTC.equalsIgnoreCase("Y")): Object 'Object Repository/RAD_Pages/PaymentEntry_Page/input__billingName' is present

2024-11-12 16:01:00 - [TEST_STEP][PASSED] - out.println("Begin Record Number: " + row): null

2024-11-12 16:01:00 - [TEST_STEP][PASSED] - today = new java.util.Date(): null

2024-11-12 16:01:00 - [TEST_STEP][PASSED] - println(today): null

2024-11-12 16:01:00 - [TEST_STEP][PASSED] - datText = today: null

2024-11-12 16:01:00 - [TEST_STEP][PASSED] - logInfo("Payment Type: Existing Liability with Notice/Invoice Number"): Payment Type: Existing Liability with Notice/Invoice Number

2024-11-12 16:01:00 - [MESSAGE][INFO] - Payment Type: Existing Liability with Notice/Invoice Number

2024-11-12 16:01:00 - [TEST_STEP][PASSED] - logInfo("Tax Type: " + TaxType): Tax Type: PTE Non-Electing S Corp

2024-11-12 16:01:00 - [MESSAGE][INFO] - Tax Type: PTE Non-Electing S Corp

2024-11-12 16:01:00 - [TEST_STEP][PASSED] - openBrowser(""): Browser is opened with url: ''

2024-11-12 16:01:00 - [MESSAGE][WARNING] - A browser is already opened. Closing browser and opening a new one

2024-11-12 16:01:02 - [MESSAGE][INFO] - Starting 'Chrome' driver

2024-11-12 16:01:02 - [MESSAGE][INFO] - User set preference: ['acceptInsecureCerts', 'true']

2024-11-12 16:01:02 - [MESSAGE][INFO] - Action delay is set to 0 milliseconds

2024-11-12 16:01:03 - [MESSAGE][PASSED] - Browser is opened with url: ''

2024-11-12 16:01:03 - [TEST_STEP][PASSED] - maximizeWindow(): Current window maximized

2024-11-12 16:01:03 - [MESSAGE][PASSED] - Current window maximized

2024-11-12 16:01:03 - [TEST_STEP][PASSED] - navigateToUrl(RADurl): Navigate to 'https://www.velocitypayment.com/client/rad/index.html' successfully

2024-11-12 16:01:05 - [MESSAGE][PASSED] - Navigate to 'https://www.velocitypayment.com/client/rad/index.html' successfully

2024-11-12 16:01:05 - [TEST_STEP][PASSED] - selectOptionByLabel(findTestObject(orPath_Landing + "/dd_TaxType"), "Existing Liability with Notice/Invoice Number", false): All options with label 'Existing Liability with Notice/Invoice Number' are selected in object 'Object Repository/RAD_Pages/Landing_Page/dd_TaxType' 

2024-11-12 16:01:06 - [MESSAGE][PASSED] - All options with label 'Existing Liability with Notice/Invoice Number' are selected in object 'Object Repository/RAD_Pages/Landing_Page/dd_TaxType' 

2024-11-12 16:01:06 - [TEST_STEP][PASSED] - selectOptionByLabel(findTestObject(orPath_TaxTypeFilingYear + "/select_TaxType_ExistingLiability"), TaxType, false): All options with label 'PTE Non-Electing S Corp' are selected in object 'Object Repository/RAD_Pages/TaxTypeFilingYear_Page/select_TaxType_ExistingLiability' 

2024-11-12 16:01:07 - [MESSAGE][PASSED] - All options with label 'PTE Non-Electing S Corp' are selected in object 'Object Repository/RAD_Pages/TaxTypeFilingYear_Page/select_TaxType_ExistingLiability' 

2024-11-12 16:01:07 - [TEST_STEP][PASSED] - rad.getSetDataRAD.setDataRADBusinessName(): rad.getSetDataRAD.setDataRADBusinessName is PASSED

2024-11-12 16:01:08 - [MESSAGE][PASSED] - Text 'My Company' is set on object 'Object Repository/RAD_Pages/Taxpayer_Page/input_businessName'

2024-11-12 16:01:08 - [MESSAGE][PASSED] - rad.getSetDataRAD.setDataRADBusinessName is PASSED

2024-11-12 16:01:08 - [TEST_STEP][PASSED] - rad.getSetDataRAD.setDataRADBusinessRep(): rad.getSetDataRAD.setDataRADBusinessRep is PASSED

2024-11-12 16:01:08 - [MESSAGE][PASSED] - Text 'BusRepFname' is set on object 'Object Repository/RAD_Pages/Taxpayer_Page/input_BusinessRepfirstName'

2024-11-12 16:01:09 - [MESSAGE][PASSED] - Text '' is set on object 'Object Repository/RAD_Pages/Taxpayer_Page/input_BusinessRepmiddleName'

2024-11-12 16:01:10 - [MESSAGE][PASSED] - Text 'BusRepLname' is set on object 'Object Repository/RAD_Pages/Taxpayer_Page/input_BusinessReplastName'

2024-11-12 16:01:11 - [MESSAGE][PASSED] - Text '' is set on object 'Object Repository/RAD_Pages/Taxpayer_Page/input_BusinessRepsuffix'

2024-11-12 16:01:11 - [MESSAGE][PASSED] - rad.getSetDataRAD.setDataRADBusinessRep is PASSED

2024-11-12 16:01:11 - [TEST_STEP][PASSED] - rad.getSetDataRAD.setDataRADAddress(): rad.getSetDataRAD.setDataRADAddress is PASSED

2024-11-12 16:01:11 - [MESSAGE][PASSED] - All options with label 'United States' are selected in object 'Object Repository/RAD_Pages/AddressAndContactInfo_Page/select_Country' 

2024-11-12 16:01:12 - [MESSAGE][PASSED] - Text '2508 Mandan Terrace' is set on object 'Object Repository/RAD_Pages/AddressAndContactInfo_Page/input_streetAddress1'

2024-11-12 16:01:13 - [MESSAGE][PASSED] - Text '' is set on object 'Object Repository/RAD_Pages/AddressAndContactInfo_Page/input_streetAddress2'

2024-11-12 16:01:13 - [MESSAGE][PASSED] - Text 'Gambrills' is set on object 'Object Repository/RAD_Pages/AddressAndContactInfo_Page/input_city'

2024-11-12 16:01:14 - [MESSAGE][PASSED] - All options with label 'Maryland' are selected in object 'Object Repository/RAD_Pages/AddressAndContactInfo_Page/select_State' 

2024-11-12 16:01:15 - [MESSAGE][PASSED] - Text '21054' is set on object 'Object Repository/RAD_Pages/AddressAndContactInfo_Page/input_zipCode'

2024-11-12 16:01:16 - [MESSAGE][PASSED] - Text '(703) 894-5000' is set on object 'Object Repository/RAD_Pages/AddressAndContactInfo_Page/input_phoneNumber'

2024-11-12 16:01:17 - [MESSAGE][PASSED] - Text 'iahmed@govolution.com' is set on object 'Object Repository/RAD_Pages/AddressAndContactInfo_Page/input_eMailAddress'

2024-11-12 16:01:17 - [MESSAGE][PASSED] - Text 'iahmed@govolution.com' is set on object 'Object Repository/RAD_Pages/AddressAndContactInfo_Page/input_reEnterEMailAddress'

2024-11-12 16:01:17 - [MESSAGE][PASSED] - rad.getSetDataRAD.setDataRADAddress is PASSED

2024-11-12 16:01:17 - [TEST_STEP][PASSED] - if (feinSsn.equalsIgnoreCase("Y")): Text ****** has been set on object 'Object Repository/RAD_Pages/TaxInfo_Page/input_TaxInfo_RetypefeinSsn_Existing_New'

2024-11-12 16:01:17 - [TEST_STEP][PASSED] - setEncryptedText(findTestObject(orPath_TaxInfo + "/input_TaxInfo_feinSsn_Existing_New"), "px0FNUagnh7G/CVR/QiY+A=="): Text ****** has been set on object 'Object Repository/RAD_Pages/TaxInfo_Page/input_TaxInfo_feinSsn_Existing_New'

2024-11-12 16:01:18 - [MESSAGE][PASSED] - Text ****** has been set on object 'Object Repository/RAD_Pages/TaxInfo_Page/input_TaxInfo_feinSsn_Existing_New'

2024-11-12 16:01:18 - [TEST_STEP][PASSED] - setEncryptedText(findTestObject(orPath_TaxInfo + "/input_TaxInfo_RetypefeinSsn_Existing_New"), "px0FNUagnh7G/CVR/QiY+A=="): Text ****** has been set on object 'Object Repository/RAD_Pages/TaxInfo_Page/input_TaxInfo_RetypefeinSsn_Existing_New'

2024-11-12 16:01:19 - [MESSAGE][PASSED] - Text ****** has been set on object 'Object Repository/RAD_Pages/TaxInfo_Page/input_TaxInfo_RetypefeinSsn_Existing_New'

2024-11-12 16:01:19 - [TEST_STEP][PASSED] - rad.getSetDataRAD.setDataRADNoticeInvoiceThirteen(): rad.getSetDataRAD.setDataRADNoticeInvoiceThirteen is PASSED

2024-11-12 16:01:19 - [MESSAGE][PASSED] - Text '1234567890123' is set on object 'Object Repository/RAD_Pages/TaxInfo_Page/input_NoticeInvoiceNumber'

2024-11-12 16:01:20 - [MESSAGE][PASSED] - Text '1234567890123' is set on object 'Object Repository/RAD_Pages/TaxInfo_Page/input_reTypeNoticeInvoiceNumber'

2024-11-12 16:01:20 - [MESSAGE][PASSED] - rad.getSetDataRAD.setDataRADNoticeInvoiceThirteen is PASSED

2024-11-12 16:01:20 - [TEST_STEP][PASSED] - if (MFLicNum.equalsIgnoreCase("Y")): null

2024-11-12 16:01:20 - [TEST_STEP][PASSED] - if (CRN.equalsIgnoreCase("Y")): null

2024-11-12 16:01:20 - [TEST_STEP][PASSED] - setText(findTestObject(orPath_Amount + "/input__paymentAmount"), "100.00"): Text '100.00' is set on object 'Object Repository/RAD_Pages/PaymentAmount_Page/input__paymentAmount'

2024-11-12 16:01:21 - [MESSAGE][PASSED] - Text '100.00' is set on object 'Object Repository/RAD_Pages/PaymentAmount_Page/input__paymentAmount'

2024-11-12 16:01:21 - [TEST_STEP][PASSED] - setText(findTestObject(orPath_AddressContact + "/input_streetAddress2"), ""): Text '' is set on object 'Object Repository/RAD_Pages/AddressAndContactInfo_Page/input_streetAddress2'

2024-11-12 16:01:22 - [MESSAGE][PASSED] - Text '' is set on object 'Object Repository/RAD_Pages/AddressAndContactInfo_Page/input_streetAddress2'

2024-11-12 16:01:22 - [TEST_STEP][PASSED] - scrollToElement(findTestObject(orPath_Landing + "/button_Continue"), 3): Scroll to object 'Object Repository/RAD_Pages/Landing_Page/button_Continue' successfully

2024-11-12 16:01:22 - [MESSAGE][PASSED] - Scroll to object 'Object Repository/RAD_Pages/Landing_Page/button_Continue' successfully

2024-11-12 16:01:22 - [TEST_STEP][PASSED] - waitForElementClickable(findTestObject(orPath_Landing + "/button_Continue"), 5): Object 'Object Repository/RAD_Pages/Landing_Page/button_Continue' is clickable

2024-11-12 16:01:22 - [MESSAGE][PASSED] - Object 'Object Repository/RAD_Pages/Landing_Page/button_Continue' is clickable

2024-11-12 16:01:22 - [TEST_STEP][PASSED] - click(findTestObject(orPath_Landing + "/button_Continue")): Object: 'Object Repository/RAD_Pages/Landing_Page/button_Continue' is clicked on

2024-11-12 16:01:23 - [MESSAGE][PASSED] - Object: 'Object Repository/RAD_Pages/Landing_Page/button_Continue' is clicked on

2024-11-12 16:01:23 - [TEST_STEP][PASSED] - delay(2): Delayed 2 second(s)

2024-11-12 16:01:25 - [MESSAGE][PASSED] - Delayed 2 second(s)

2024-11-12 16:01:25 - [TEST_STEP][PASSED] - verifyTextPresent("Summary", true): Text 'Summary' is present on page  using regular expression

2024-11-12 16:01:25 - [MESSAGE][PASSED] - Text 'Summary' is present on page  using regular expression

2024-11-12 16:01:25 - [TEST_STEP][PASSED] - verifyTextPresent("Review the information below and make any necessary corrections by clicking the", true): Text 'Review the information below and make any necessary corrections by clicking the' is present on page  using regular expression

2024-11-12 16:01:25 - [MESSAGE][PASSED] - Text 'Review the information below and make any necessary corrections by clicking the' is present on page  using regular expression

2024-11-12 16:01:25 - [TEST_STEP][PASSED] - verifyTextPresent("When you are confident that all the information is correct, click the", true): Text 'When you are confident that all the information is correct, click the' is present on page  using regular expression

2024-11-12 16:01:26 - [MESSAGE][PASSED] - Text 'When you are confident that all the information is correct, click the' is present on page  using regular expression

2024-11-12 16:01:26 - [TEST_STEP][PASSED] - verifyTextPresent("Payment Type/Filing Year", true): Text 'Payment Type/Filing Year' is present on page  using regular expression

2024-11-12 16:01:26 - [MESSAGE][PASSED] - Text 'Payment Type/Filing Year' is present on page  using regular expression

2024-11-12 16:01:26 - [TEST_STEP][PASSED] - verifyTextPresent("Payment Type:", true): Text 'Payment Type:' is present on page  using regular expression

2024-11-12 16:01:26 - [MESSAGE][PASSED] - Text 'Payment Type:' is present on page  using regular expression

2024-11-12 16:01:26 - [TEST_STEP][PASSED] - verifyTextPresent("Existing Liability with Notice/Invoice Number", true): Text 'Existing Liability with Notice/Invoice Number' is present on page  using regular expression

2024-11-12 16:01:27 - [MESSAGE][PASSED] - Text 'Existing Liability with Notice/Invoice Number' is present on page  using regular expression

2024-11-12 16:01:27 - [TEST_STEP][PASSED] - verifyTextPresent("Payer Information", true): Text 'Payer Information' is present on page  using regular expression

2024-11-12 16:01:27 - [MESSAGE][PASSED] - Text 'Payer Information' is present on page  using regular expression

2024-11-12 16:01:27 - [TEST_STEP][PASSED] - verifyTextPresent("Taxpayer Name:", true): Text 'Taxpayer Name:' is present on page  using regular expression

2024-11-12 16:01:27 - [MESSAGE][PASSED] - Text 'Taxpayer Name:' is present on page  using regular expression

2024-11-12 16:01:27 - [TEST_STEP][PASSED] - if (!(TaxType.equalsIgnoreCase("Sales & Use Tax"))): Text 'My Company' is present on page  using regular expression

2024-11-12 16:01:27 - [TEST_STEP][PASSED] - verifyTextPresent("My Company", true): Text 'My Company' is present on page  using regular expression

2024-11-12 16:01:28 - [MESSAGE][PASSED] - Text 'My Company' is present on page  using regular expression

2024-11-12 16:01:28 - [TEST_STEP][PASSED] - verifyTextPresent("Business Rep Name:", true): Text 'Business Rep Name:' is present on page  using regular expression

2024-11-12 16:01:28 - [MESSAGE][PASSED] - Text 'Business Rep Name:' is present on page  using regular expression

2024-11-12 16:01:28 - [TEST_STEP][PASSED] - verifyTextPresent("BusRepFname BusRepLname", true): Text 'BusRepFname BusRepLname' is present on page  using regular expression

2024-11-12 16:01:28 - [MESSAGE][PASSED] - Text 'BusRepFname BusRepLname' is present on page  using regular expression

2024-11-12 16:01:28 - [TEST_STEP][PASSED] - verifyTextPresent("Taxpayer Address:", true): Text 'Taxpayer Address:' is present on page  using regular expression

2024-11-12 16:01:29 - [MESSAGE][PASSED] - Text 'Taxpayer Address:' is present on page  using regular expression

2024-11-12 16:01:29 - [TEST_STEP][PASSED] - verifyTextPresent("2508 Mandan Terrace Gambrills Maryland 21054", true): Text '2508 Mandan Terrace Gambrills Maryland 21054' is present on page  using regular expression

2024-11-12 16:01:29 - [MESSAGE][PASSED] - Text '2508 Mandan Terrace Gambrills Maryland 21054' is present on page  using regular expression

2024-11-12 16:01:29 - [TEST_STEP][PASSED] - verifyTextPresent("Email:", true): Text 'Email:' is present on page  using regular expression

2024-11-12 16:01:29 - [MESSAGE][PASSED] - Text 'Email:' is present on page  using regular expression

2024-11-12 16:01:29 - [TEST_STEP][PASSED] - verifyTextPresent("iahmed@govolution.com", true): Text 'iahmed@govolution.com' is present on page  using regular expression

2024-11-12 16:01:30 - [MESSAGE][PASSED] - Text 'iahmed@govolution.com' is present on page  using regular expression

2024-11-12 16:01:30 - [TEST_STEP][PASSED] - verifyTextPresent("Phone:", true): Text 'Phone:' is present on page  using regular expression

2024-11-12 16:01:30 - [MESSAGE][PASSED] - Text 'Phone:' is present on page  using regular expression

2024-11-12 16:01:30 - [TEST_STEP][PASSED] - verifyTextPresent("(703) 894-5000", false): Text '(703) 894-5000' is present on page 

2024-11-12 16:01:30 - [MESSAGE][PASSED] - Text '(703) 894-5000' is present on page 

2024-11-12 16:01:30 - [TEST_STEP][PASSED] - verifyTextPresent("Tax Information", true): Text 'Tax Information' is present on page  using regular expression

2024-11-12 16:01:31 - [MESSAGE][PASSED] - Text 'Tax Information' is present on page  using regular expression

2024-11-12 16:01:31 - [TEST_STEP][PASSED] - if (feinSsn.equalsIgnoreCase("Y")): Text 'Federal EIN:' is not present on page using regular expression

2024-11-12 16:01:31 - [TEST_STEP][PASSED] - verifyTextPresent("FEIN/SSN:", true): Text 'FEIN/SSN:' is present on page  using regular expression

2024-11-12 16:01:31 - [MESSAGE][PASSED] - Text 'FEIN/SSN:' is present on page  using regular expression

2024-11-12 16:01:31 - [TEST_STEP][PASSED] - verifyTextNotPresent("Federal EIN:", true): Text 'Federal EIN:' is not present on page using regular expression

2024-11-12 16:01:31 - [MESSAGE][PASSED] - Text 'Federal EIN:' is not present on page using regular expression

2024-11-12 16:01:31 - [TEST_STEP][PASSED] - verifyTextPresent("XXXXX0532", true): Text 'XXXXX0532' is present on page  using regular expression

2024-11-12 16:01:32 - [MESSAGE][PASSED] - Text 'XXXXX0532' is present on page  using regular expression

2024-11-12 16:01:32 - [TEST_STEP][PASSED] - verifyTextPresent("Notice Or Invoice Number:", true): Text 'Notice Or Invoice Number:' is present on page  using regular expression

2024-11-12 16:01:32 - [MESSAGE][PASSED] - Text 'Notice Or Invoice Number:' is present on page  using regular expression

2024-11-12 16:01:32 - [TEST_STEP][PASSED] - verifyTextPresent("1234567890123", true): Text '1234567890123' is present on page  using regular expression

2024-11-12 16:01:32 - [MESSAGE][PASSED] - Text '1234567890123' is present on page  using regular expression

2024-11-12 16:01:32 - [TEST_STEP][PASSED] - verifyTextPresent("Tax Type:", true): Text 'Tax Type:' is present on page  using regular expression

2024-11-12 16:01:33 - [MESSAGE][PASSED] - Text 'Tax Type:' is present on page  using regular expression

2024-11-12 16:01:33 - [TEST_STEP][PASSED] - verifyTextPresent(TaxType, true): Text 'PTE Non-Electing S Corp' is present on page  using regular expression

2024-11-12 16:01:33 - [MESSAGE][PASSED] - Text 'PTE Non-Electing S Corp' is present on page  using regular expression

2024-11-12 16:01:33 - [TEST_STEP][PASSED] - if (CRN.equalsIgnoreCase("Y")): null

2024-11-12 16:01:33 - [TEST_STEP][PASSED] - if (MFLicNum.equalsIgnoreCase("Y")): null

2024-11-12 16:01:33 - [TEST_STEP][PASSED] - verifyTextPresent("Payment Amount:", true): Text 'Payment Amount:' is present on page  using regular expression

2024-11-12 16:01:33 - [MESSAGE][PASSED] - Text 'Payment Amount:' is present on page  using regular expression

2024-11-12 16:01:33 - [TEST_STEP][PASSED] - verifyTextPresent("100.00", true): Text '100.00' is present on page  using regular expression

2024-11-12 16:01:34 - [MESSAGE][PASSED] - Text '100.00' is present on page  using regular expression

2024-11-12 16:01:34 - [TEST_STEP][PASSED] - if (verifyElementVisible(findTestObject(orPath_Summary + "/button_Proceed to Payment"))): null

2024-11-12 16:01:34 - [MESSAGE][PASSED] - Object 'Object Repository/RAD_Pages/Summary_Page/button_Proceed to Payment' is visible

2024-11-12 16:01:34 - [TEST_STEP][PASSED] - resText = "Pass": null

2024-11-12 16:01:34 - [TEST_STEP][PASSED] - pages.WriteExcel.demoKey(resText, datText, resColumn, datCloumn, fileLoc, nameSheet, row): pages.WriteExcel.demoKey is PASSED

2024-11-12 16:01:34 - [MESSAGE][PASSED] - pages.WriteExcel.demoKey is PASSED

2024-11-12 16:01:34 - [TEST_STEP][PASSED] - click(findTestObject(orPath_Summary + "/button_Proceed to Payment")): Object: 'Object Repository/RAD_Pages/Summary_Page/button_Proceed to Payment' is clicked on

2024-11-12 16:01:37 - [MESSAGE][PASSED] - Object: 'Object Repository/RAD_Pages/Summary_Page/button_Proceed to Payment' is clicked on

2024-11-12 16:01:37 - [TEST_STEP][PASSED] - verifyElementPresent(findTestObject("Object Repository/RAD_Pages/PaymentEntry_Page/input__billingName"), 30): Object 'Object Repository/RAD_Pages/PaymentEntry_Page/input__billingName' is present

2024-11-12 16:01:38 - [MESSAGE][PASSED] - Object 'Object Repository/RAD_Pages/PaymentEntry_Page/input__billingName' is present

2024-11-12 16:01:38 - [TEST_STEP][PASSED] - ExecuteTC = findTestData(dataFile).getValue("Execute", row): null

2024-11-12 16:01:38 - [TEST_STEP][PASSED] - TaxType = findTestData(dataFile).getValue("TaxType", row): null

2024-11-12 16:01:38 - [TEST_STEP][PASSED] - PaymentType = findTestData(dataFile).getValue("PaymentType", row): null

2024-11-12 16:01:38 - [TEST_STEP][PASSED] - feinSsn = findTestData(dataFile).getValue("FEINSSN", row): null

2024-11-12 16:01:38 - [TEST_STEP][PASSED] - CRN = findTestData(dataFile).getValue("CRN", row): null

2024-11-12 16:01:39 - [TEST_STEP][PASSED] - MFLicNum = findTestData(dataFile).getValue("MFLicNum", row): null

2024-11-12 16:01:39 - [TEST_STEP][PASSED] - if (ExecuteTC.equalsIgnoreCase("Y")): Object 'Object Repository/RAD_Pages/PaymentEntry_Page/input__billingName' is present

2024-11-12 16:01:39 - [TEST_STEP][PASSED] - out.println("Begin Record Number: " + row): null

2024-11-12 16:01:39 - [TEST_STEP][PASSED] - today = new java.util.Date(): null

2024-11-12 16:01:39 - [TEST_STEP][PASSED] - println(today): null

2024-11-12 16:01:39 - [TEST_STEP][PASSED] - datText = today: null

2024-11-12 16:01:39 - [TEST_STEP][PASSED] - logInfo("Payment Type: Existing Liability with Notice/Invoice Number"): Payment Type: Existing Liability with Notice/Invoice Number

2024-11-12 16:01:39 - [MESSAGE][INFO] - Payment Type: Existing Liability with Notice/Invoice Number

2024-11-12 16:01:39 - [TEST_STEP][PASSED] - logInfo("Tax Type: " + TaxType): Tax Type: Sales & Use Tax

2024-11-12 16:01:39 - [MESSAGE][INFO] - Tax Type: Sales & Use Tax

2024-11-12 16:01:39 - [TEST_STEP][PASSED] - openBrowser(""): Browser is opened with url: ''

2024-11-12 16:01:39 - [MESSAGE][WARNING] - A browser is already opened. Closing browser and opening a new one

2024-11-12 16:01:41 - [MESSAGE][INFO] - Starting 'Chrome' driver

2024-11-12 16:01:41 - [MESSAGE][INFO] - User set preference: ['acceptInsecureCerts', 'true']

2024-11-12 16:01:41 - [MESSAGE][INFO] - Action delay is set to 0 milliseconds

2024-11-12 16:01:42 - [MESSAGE][PASSED] - Browser is opened with url: ''

2024-11-12 16:01:42 - [TEST_STEP][PASSED] - maximizeWindow(): Current window maximized

2024-11-12 16:01:43 - [MESSAGE][PASSED] - Current window maximized

2024-11-12 16:01:43 - [TEST_STEP][PASSED] - navigateToUrl(RADurl): Navigate to 'https://www.velocitypayment.com/client/rad/index.html' successfully

2024-11-12 16:01:43 - [MESSAGE][PASSED] - Navigate to 'https://www.velocitypayment.com/client/rad/index.html' successfully

2024-11-12 16:01:43 - [TEST_STEP][PASSED] - selectOptionByLabel(findTestObject(orPath_Landing + "/dd_TaxType"), "Existing Liability with Notice/Invoice Number", false): All options with label 'Existing Liability with Notice/Invoice Number' are selected in object 'Object Repository/RAD_Pages/Landing_Page/dd_TaxType' 

2024-11-12 16:01:45 - [MESSAGE][PASSED] - All options with label 'Existing Liability with Notice/Invoice Number' are selected in object 'Object Repository/RAD_Pages/Landing_Page/dd_TaxType' 

2024-11-12 16:01:45 - [TEST_STEP][PASSED] - selectOptionByLabel(findTestObject(orPath_TaxTypeFilingYear + "/select_TaxType_ExistingLiability"), TaxType, false): All options with label 'Sales & Use Tax' are selected in object 'Object Repository/RAD_Pages/TaxTypeFilingYear_Page/select_TaxType_ExistingLiability' 

2024-11-12 16:01:46 - [MESSAGE][PASSED] - All options with label 'Sales & Use Tax' are selected in object 'Object Repository/RAD_Pages/TaxTypeFilingYear_Page/select_TaxType_ExistingLiability' 

2024-11-12 16:01:46 - [TEST_STEP][PASSED] - rad.getSetDataRAD.setDataRADBusinessName(): rad.getSetDataRAD.setDataRADBusinessName is PASSED

2024-11-12 16:01:47 - [MESSAGE][PASSED] - Text 'My Company' is set on object 'Object Repository/RAD_Pages/Taxpayer_Page/input_businessName'

2024-11-12 16:01:47 - [MESSAGE][PASSED] - rad.getSetDataRAD.setDataRADBusinessName is PASSED

2024-11-12 16:01:47 - [TEST_STEP][PASSED] - rad.getSetDataRAD.setDataRADBusinessRep(): rad.getSetDataRAD.setDataRADBusinessRep is PASSED

2024-11-12 16:01:47 - [MESSAGE][PASSED] - Text 'BusRepFname' is set on object 'Object Repository/RAD_Pages/Taxpayer_Page/input_BusinessRepfirstName'

2024-11-12 16:01:48 - [MESSAGE][PASSED] - Text '' is set on object 'Object Repository/RAD_Pages/Taxpayer_Page/input_BusinessRepmiddleName'

2024-11-12 16:01:49 - [MESSAGE][PASSED] - Text 'BusRepLname' is set on object 'Object Repository/RAD_Pages/Taxpayer_Page/input_BusinessReplastName'

2024-11-12 16:01:49 - [MESSAGE][PASSED] - Text '' is set on object 'Object Repository/RAD_Pages/Taxpayer_Page/input_BusinessRepsuffix'

2024-11-12 16:01:49 - [MESSAGE][PASSED] - rad.getSetDataRAD.setDataRADBusinessRep is PASSED

2024-11-12 16:01:49 - [TEST_STEP][PASSED] - rad.getSetDataRAD.setDataRADAddress(): rad.getSetDataRAD.setDataRADAddress is PASSED

2024-11-12 16:01:50 - [MESSAGE][PASSED] - All options with label 'United States' are selected in object 'Object Repository/RAD_Pages/AddressAndContactInfo_Page/select_Country' 

2024-11-12 16:01:51 - [MESSAGE][PASSED] - Text '2508 Mandan Terrace' is set on object 'Object Repository/RAD_Pages/AddressAndContactInfo_Page/input_streetAddress1'

2024-11-12 16:01:51 - [MESSAGE][PASSED] - Text '' is set on object 'Object Repository/RAD_Pages/AddressAndContactInfo_Page/input_streetAddress2'

2024-11-12 16:01:52 - [MESSAGE][PASSED] - Text 'Gambrills' is set on object 'Object Repository/RAD_Pages/AddressAndContactInfo_Page/input_city'

2024-11-12 16:01:53 - [MESSAGE][PASSED] - All options with label 'Maryland' are selected in object 'Object Repository/RAD_Pages/AddressAndContactInfo_Page/select_State' 

2024-11-12 16:01:54 - [MESSAGE][PASSED] - Text '21054' is set on object 'Object Repository/RAD_Pages/AddressAndContactInfo_Page/input_zipCode'

2024-11-12 16:01:55 - [MESSAGE][PASSED] - Text '(703) 894-5000' is set on object 'Object Repository/RAD_Pages/AddressAndContactInfo_Page/input_phoneNumber'

2024-11-12 16:01:56 - [MESSAGE][PASSED] - Text 'iahmed@govolution.com' is set on object 'Object Repository/RAD_Pages/AddressAndContactInfo_Page/input_eMailAddress'

2024-11-12 16:01:56 - [MESSAGE][PASSED] - Text 'iahmed@govolution.com' is set on object 'Object Repository/RAD_Pages/AddressAndContactInfo_Page/input_reEnterEMailAddress'

2024-11-12 16:01:56 - [MESSAGE][PASSED] - rad.getSetDataRAD.setDataRADAddress is PASSED

2024-11-12 16:01:56 - [TEST_STEP][PASSED] - if (feinSsn.equalsIgnoreCase("Y")): null

2024-11-12 16:01:56 - [TEST_STEP][PASSED] - else: Text ****** has been set on object 'Object Repository/RAD_Pages/TaxInfo_Page/input_concat(id(, , data, , ))_Data (1)'

2024-11-12 16:01:56 - [TEST_STEP][PASSED] - setEncryptedText(findTestObject("Object Repository/RAD_Pages/TaxInfo_Page/input_concat(id(, , data, , ))_Data"), "px0FNUagnh7G/CVR/QiY+A=="): Text ****** has been set on object 'Object Repository/RAD_Pages/TaxInfo_Page/input_concat(id(, , data, , ))_Data'

2024-11-12 16:01:57 - [MESSAGE][PASSED] - Text ****** has been set on object 'Object Repository/RAD_Pages/TaxInfo_Page/input_concat(id(, , data, , ))_Data'

2024-11-12 16:01:57 - [TEST_STEP][PASSED] - setEncryptedText(findTestObject("Object Repository/RAD_Pages/TaxInfo_Page/input_concat(id(, , data, , ))_Data (1)"), "px0FNUagnh7G/CVR/QiY+A=="): Text ****** has been set on object 'Object Repository/RAD_Pages/TaxInfo_Page/input_concat(id(, , data, , ))_Data (1)'

2024-11-12 16:01:58 - [MESSAGE][PASSED] - Text ****** has been set on object 'Object Repository/RAD_Pages/TaxInfo_Page/input_concat(id(, , data, , ))_Data (1)'

2024-11-12 16:01:58 - [TEST_STEP][PASSED] - rad.getSetDataRAD.setDataRADNoticeInvoiceThirteen(): rad.getSetDataRAD.setDataRADNoticeInvoiceThirteen is PASSED

2024-11-12 16:01:58 - [MESSAGE][PASSED] - Text '1234567890123' is set on object 'Object Repository/RAD_Pages/TaxInfo_Page/input_NoticeInvoiceNumber'

2024-11-12 16:01:59 - [MESSAGE][PASSED] - Text '1234567890123' is set on object 'Object Repository/RAD_Pages/TaxInfo_Page/input_reTypeNoticeInvoiceNumber'

2024-11-12 16:01:59 - [MESSAGE][PASSED] - rad.getSetDataRAD.setDataRADNoticeInvoiceThirteen is PASSED

2024-11-12 16:01:59 - [TEST_STEP][PASSED] - if (MFLicNum.equalsIgnoreCase("Y")): null

2024-11-12 16:01:59 - [TEST_STEP][PASSED] - if (CRN.equalsIgnoreCase("Y")): rad.getSetDataRAD.setDataExistingRADMDCRN is PASSED

2024-11-12 16:01:59 - [TEST_STEP][PASSED] - rad.getSetDataRAD.setDataExistingRADMDCRN(): rad.getSetDataRAD.setDataExistingRADMDCRN is PASSED

2024-11-12 16:02:00 - [MESSAGE][PASSED] - Text '07640126' is set on object 'Object Repository/RAD_Pages/TaxInfo_Page/input_MDCRegistrationEL'

2024-11-12 16:02:00 - [MESSAGE][PASSED] - rad.getSetDataRAD.setDataExistingRADMDCRN is PASSED

2024-11-12 16:02:00 - [TEST_STEP][PASSED] - setText(findTestObject(orPath_Amount + "/input__paymentAmount"), "100.00"): Text '100.00' is set on object 'Object Repository/RAD_Pages/PaymentAmount_Page/input__paymentAmount'

2024-11-12 16:02:00 - [MESSAGE][PASSED] - Text '100.00' is set on object 'Object Repository/RAD_Pages/PaymentAmount_Page/input__paymentAmount'

2024-11-12 16:02:00 - [TEST_STEP][PASSED] - setText(findTestObject(orPath_AddressContact + "/input_streetAddress2"), ""): Text '' is set on object 'Object Repository/RAD_Pages/AddressAndContactInfo_Page/input_streetAddress2'

2024-11-12 16:02:01 - [MESSAGE][PASSED] - Text '' is set on object 'Object Repository/RAD_Pages/AddressAndContactInfo_Page/input_streetAddress2'

2024-11-12 16:02:01 - [TEST_STEP][PASSED] - scrollToElement(findTestObject(orPath_Landing + "/button_Continue"), 3): Scroll to object 'Object Repository/RAD_Pages/Landing_Page/button_Continue' successfully

2024-11-12 16:02:02 - [MESSAGE][PASSED] - Scroll to object 'Object Repository/RAD_Pages/Landing_Page/button_Continue' successfully

2024-11-12 16:02:02 - [TEST_STEP][PASSED] - waitForElementClickable(findTestObject(orPath_Landing + "/button_Continue"), 5): Object 'Object Repository/RAD_Pages/Landing_Page/button_Continue' is clickable

2024-11-12 16:02:02 - [MESSAGE][PASSED] - Object 'Object Repository/RAD_Pages/Landing_Page/button_Continue' is clickable

2024-11-12 16:02:02 - [TEST_STEP][PASSED] - click(findTestObject(orPath_Landing + "/button_Continue")): Object: 'Object Repository/RAD_Pages/Landing_Page/button_Continue' is clicked on

2024-11-12 16:02:02 - [MESSAGE][PASSED] - Object: 'Object Repository/RAD_Pages/Landing_Page/button_Continue' is clicked on

2024-11-12 16:02:02 - [TEST_STEP][PASSED] - delay(2): Delayed 2 second(s)

2024-11-12 16:02:05 - [MESSAGE][PASSED] - Delayed 2 second(s)

2024-11-12 16:02:05 - [TEST_STEP][PASSED] - verifyTextPresent("Summary", true): Text 'Summary' is present on page  using regular expression

2024-11-12 16:02:05 - [MESSAGE][PASSED] - Text 'Summary' is present on page  using regular expression

2024-11-12 16:02:05 - [TEST_STEP][PASSED] - verifyTextPresent("Review the information below and make any necessary corrections by clicking the", true): Text 'Review the information below and make any necessary corrections by clicking the' is present on page  using regular expression

2024-11-12 16:02:05 - [MESSAGE][PASSED] - Text 'Review the information below and make any necessary corrections by clicking the' is present on page  using regular expression

2024-11-12 16:02:05 - [TEST_STEP][PASSED] - verifyTextPresent("When you are confident that all the information is correct, click the", true): Text 'When you are confident that all the information is correct, click the' is present on page  using regular expression

2024-11-12 16:02:06 - [MESSAGE][PASSED] - Text 'When you are confident that all the information is correct, click the' is present on page  using regular expression

2024-11-12 16:02:06 - [TEST_STEP][PASSED] - verifyTextPresent("Payment Type/Filing Year", true): Text 'Payment Type/Filing Year' is present on page  using regular expression

2024-11-12 16:02:06 - [MESSAGE][PASSED] - Text 'Payment Type/Filing Year' is present on page  using regular expression

2024-11-12 16:02:06 - [TEST_STEP][PASSED] - verifyTextPresent("Payment Type:", true): Text 'Payment Type:' is present on page  using regular expression

2024-11-12 16:02:06 - [MESSAGE][PASSED] - Text 'Payment Type:' is present on page  using regular expression

2024-11-12 16:02:06 - [TEST_STEP][PASSED] - verifyTextPresent("Existing Liability with Notice/Invoice Number", true): Text 'Existing Liability with Notice/Invoice Number' is present on page  using regular expression

2024-11-12 16:02:07 - [MESSAGE][PASSED] - Text 'Existing Liability with Notice/Invoice Number' is present on page  using regular expression

2024-11-12 16:02:07 - [TEST_STEP][PASSED] - verifyTextPresent("Payer Information", true): Text 'Payer Information' is present on page  using regular expression

2024-11-12 16:02:07 - [MESSAGE][PASSED] - Text 'Payer Information' is present on page  using regular expression

2024-11-12 16:02:07 - [TEST_STEP][PASSED] - verifyTextPresent("Taxpayer Name:", true): Text 'Taxpayer Name:' is present on page  using regular expression

2024-11-12 16:02:07 - [MESSAGE][PASSED] - Text 'Taxpayer Name:' is present on page  using regular expression

2024-11-12 16:02:07 - [TEST_STEP][PASSED] - if (!(TaxType.equalsIgnoreCase("Sales & Use Tax"))): null

2024-11-12 16:02:07 - [TEST_STEP][PASSED] - verifyTextPresent("Business Rep Name:", true): Text 'Business Rep Name:' is present on page  using regular expression

2024-11-12 16:02:08 - [MESSAGE][PASSED] - Text 'Business Rep Name:' is present on page  using regular expression

2024-11-12 16:02:08 - [TEST_STEP][PASSED] - verifyTextPresent("BusRepFname BusRepLname", true): Text 'BusRepFname BusRepLname' is present on page  using regular expression

2024-11-12 16:02:08 - [MESSAGE][PASSED] - Text 'BusRepFname BusRepLname' is present on page  using regular expression

2024-11-12 16:02:08 - [TEST_STEP][PASSED] - verifyTextPresent("Taxpayer Address:", true): Text 'Taxpayer Address:' is present on page  using regular expression

2024-11-12 16:02:08 - [MESSAGE][PASSED] - Text 'Taxpayer Address:' is present on page  using regular expression

2024-11-12 16:02:08 - [TEST_STEP][PASSED] - verifyTextPresent("2508 Mandan Terrace Gambrills Maryland 21054", true): Text '2508 Mandan Terrace Gambrills Maryland 21054' is present on page  using regular expression

2024-11-12 16:02:09 - [MESSAGE][PASSED] - Text '2508 Mandan Terrace Gambrills Maryland 21054' is present on page  using regular expression

2024-11-12 16:02:09 - [TEST_STEP][PASSED] - verifyTextPresent("Email:", true): Text 'Email:' is present on page  using regular expression

2024-11-12 16:02:09 - [MESSAGE][PASSED] - Text 'Email:' is present on page  using regular expression

2024-11-12 16:02:09 - [TEST_STEP][PASSED] - verifyTextPresent("iahmed@govolution.com", true): Text 'iahmed@govolution.com' is present on page  using regular expression

2024-11-12 16:02:09 - [MESSAGE][PASSED] - Text 'iahmed@govolution.com' is present on page  using regular expression

2024-11-12 16:02:09 - [TEST_STEP][PASSED] - verifyTextPresent("Phone:", true): Text 'Phone:' is present on page  using regular expression

2024-11-12 16:02:10 - [MESSAGE][PASSED] - Text 'Phone:' is present on page  using regular expression

2024-11-12 16:02:10 - [TEST_STEP][PASSED] - verifyTextPresent("(703) 894-5000", false): Text '(703) 894-5000' is present on page 

2024-11-12 16:02:10 - [MESSAGE][PASSED] - Text '(703) 894-5000' is present on page 

2024-11-12 16:02:10 - [TEST_STEP][PASSED] - verifyTextPresent("Tax Information", true): Text 'Tax Information' is present on page  using regular expression

2024-11-12 16:02:10 - [MESSAGE][PASSED] - Text 'Tax Information' is present on page  using regular expression

2024-11-12 16:02:10 - [TEST_STEP][PASSED] - if (feinSsn.equalsIgnoreCase("Y")): null

2024-11-12 16:02:10 - [TEST_STEP][PASSED] - else: Text 'FEIN/SSN:' is not present on page using regular expression

2024-11-12 16:02:10 - [TEST_STEP][PASSED] - verifyTextPresent("Federal EIN:", true): Text 'Federal EIN:' is present on page  using regular expression

2024-11-12 16:02:11 - [MESSAGE][PASSED] - Text 'Federal EIN:' is present on page  using regular expression

2024-11-12 16:02:11 - [TEST_STEP][PASSED] - verifyTextNotPresent("FEIN/SSN:", true): Text 'FEIN/SSN:' is not present on page using regular expression

2024-11-12 16:02:11 - [MESSAGE][PASSED] - Text 'FEIN/SSN:' is not present on page using regular expression

2024-11-12 16:02:11 - [TEST_STEP][PASSED] - verifyTextPresent("XXXXX0532", true): Text 'XXXXX0532' is present on page  using regular expression

2024-11-12 16:02:11 - [MESSAGE][PASSED] - Text 'XXXXX0532' is present on page  using regular expression

2024-11-12 16:02:11 - [TEST_STEP][PASSED] - verifyTextPresent("Notice Or Invoice Number:", true): Text 'Notice Or Invoice Number:' is present on page  using regular expression

2024-11-12 16:02:12 - [MESSAGE][PASSED] - Text 'Notice Or Invoice Number:' is present on page  using regular expression

2024-11-12 16:02:12 - [TEST_STEP][PASSED] - verifyTextPresent("1234567890123", true): Text '1234567890123' is present on page  using regular expression

2024-11-12 16:02:12 - [MESSAGE][PASSED] - Text '1234567890123' is present on page  using regular expression

2024-11-12 16:02:12 - [TEST_STEP][PASSED] - verifyTextPresent("Tax Type:", true): Text 'Tax Type:' is present on page  using regular expression

2024-11-12 16:02:12 - [MESSAGE][PASSED] - Text 'Tax Type:' is present on page  using regular expression

2024-11-12 16:02:12 - [TEST_STEP][PASSED] - verifyTextPresent(TaxType, true): Text 'Sales & Use Tax' is present on page  using regular expression

2024-11-12 16:02:13 - [MESSAGE][PASSED] - Text 'Sales & Use Tax' is present on page  using regular expression

2024-11-12 16:02:13 - [TEST_STEP][PASSED] - if (CRN.equalsIgnoreCase("Y")): Text '07640126' is present on page  using regular expression

2024-11-12 16:02:13 - [TEST_STEP][PASSED] - verifyTextPresent("MD Central Registration Number#:", true): Text 'MD Central Registration Number#:' is present on page  using regular expression

2024-11-12 16:02:13 - [MESSAGE][PASSED] - Text 'MD Central Registration Number#:' is present on page  using regular expression

2024-11-12 16:02:13 - [TEST_STEP][PASSED] - verifyTextPresent("07640126", true): Text '07640126' is present on page  using regular expression

2024-11-12 16:02:13 - [MESSAGE][PASSED] - Text '07640126' is present on page  using regular expression

2024-11-12 16:02:13 - [TEST_STEP][PASSED] - if (MFLicNum.equalsIgnoreCase("Y")): null

2024-11-12 16:02:13 - [TEST_STEP][PASSED] - verifyTextPresent("Payment Amount:", true): Text 'Payment Amount:' is present on page  using regular expression

2024-11-12 16:02:14 - [MESSAGE][PASSED] - Text 'Payment Amount:' is present on page  using regular expression

2024-11-12 16:02:14 - [TEST_STEP][PASSED] - verifyTextPresent("100.00", true): Text '100.00' is present on page  using regular expression

2024-11-12 16:02:14 - [MESSAGE][PASSED] - Text '100.00' is present on page  using regular expression

2024-11-12 16:02:14 - [TEST_STEP][PASSED] - if (verifyElementVisible(findTestObject(orPath_Summary + "/button_Proceed to Payment"))): null

2024-11-12 16:02:14 - [MESSAGE][PASSED] - Object 'Object Repository/RAD_Pages/Summary_Page/button_Proceed to Payment' is visible

2024-11-12 16:02:14 - [TEST_STEP][PASSED] - resText = "Pass": null

2024-11-12 16:02:14 - [TEST_STEP][PASSED] - pages.WriteExcel.demoKey(resText, datText, resColumn, datCloumn, fileLoc, nameSheet, row): pages.WriteExcel.demoKey is PASSED

2024-11-12 16:02:14 - [MESSAGE][PASSED] - pages.WriteExcel.demoKey is PASSED

2024-11-12 16:02:14 - [TEST_STEP][PASSED] - click(findTestObject(orPath_Summary + "/button_Proceed to Payment")): Object: 'Object Repository/RAD_Pages/Summary_Page/button_Proceed to Payment' is clicked on

2024-11-12 16:02:17 - [MESSAGE][PASSED] - Object: 'Object Repository/RAD_Pages/Summary_Page/button_Proceed to Payment' is clicked on

2024-11-12 16:02:17 - [TEST_STEP][PASSED] - verifyElementPresent(findTestObject("Object Repository/RAD_Pages/PaymentEntry_Page/input__billingName"), 30): Object 'Object Repository/RAD_Pages/PaymentEntry_Page/input__billingName' is present

2024-11-12 16:02:18 - [MESSAGE][PASSED] - Object 'Object Repository/RAD_Pages/PaymentEntry_Page/input__billingName' is present

2024-11-12 16:02:18 - [TEST_STEP][PASSED] - ExecuteTC = findTestData(dataFile).getValue("Execute", row): null

2024-11-12 16:02:18 - [TEST_STEP][PASSED] - TaxType = findTestData(dataFile).getValue("TaxType", row): null

2024-11-12 16:02:18 - [TEST_STEP][PASSED] - PaymentType = findTestData(dataFile).getValue("PaymentType", row): null

2024-11-12 16:02:18 - [TEST_STEP][PASSED] - feinSsn = findTestData(dataFile).getValue("FEINSSN", row): null

2024-11-12 16:02:18 - [TEST_STEP][PASSED] - CRN = findTestData(dataFile).getValue("CRN", row): null

2024-11-12 16:02:18 - [TEST_STEP][PASSED] - MFLicNum = findTestData(dataFile).getValue("MFLicNum", row): null

2024-11-12 16:02:18 - [TEST_STEP][PASSED] - if (ExecuteTC.equalsIgnoreCase("Y")): Object 'Object Repository/RAD_Pages/PaymentEntry_Page/input__billingName' is present

2024-11-12 16:02:18 - [TEST_STEP][PASSED] - out.println("Begin Record Number: " + row): null

2024-11-12 16:02:18 - [TEST_STEP][PASSED] - today = new java.util.Date(): null

2024-11-12 16:02:18 - [TEST_STEP][PASSED] - println(today): null

2024-11-12 16:02:18 - [TEST_STEP][PASSED] - datText = today: null

2024-11-12 16:02:18 - [TEST_STEP][PASSED] - logInfo("Payment Type: Existing Liability with Notice/Invoice Number"): Payment Type: Existing Liability with Notice/Invoice Number

2024-11-12 16:02:18 - [MESSAGE][INFO] - Payment Type: Existing Liability with Notice/Invoice Number

2024-11-12 16:02:18 - [TEST_STEP][PASSED] - logInfo("Tax Type: " + TaxType): Tax Type: Tire Recycling Fee

2024-11-12 16:02:18 - [MESSAGE][INFO] - Tax Type: Tire Recycling Fee

2024-11-12 16:02:18 - [TEST_STEP][PASSED] - openBrowser(""): Browser is opened with url: ''

2024-11-12 16:02:18 - [MESSAGE][WARNING] - A browser is already opened. Closing browser and opening a new one

2024-11-12 16:02:20 - [MESSAGE][INFO] - Starting 'Chrome' driver

2024-11-12 16:02:20 - [MESSAGE][INFO] - User set preference: ['acceptInsecureCerts', 'true']

2024-11-12 16:02:20 - [MESSAGE][INFO] - Action delay is set to 0 milliseconds

2024-11-12 16:02:21 - [MESSAGE][PASSED] - Browser is opened with url: ''

2024-11-12 16:02:21 - [TEST_STEP][PASSED] - maximizeWindow(): Current window maximized

2024-11-12 16:02:21 - [MESSAGE][PASSED] - Current window maximized

2024-11-12 16:02:21 - [TEST_STEP][PASSED] - navigateToUrl(RADurl): Navigate to 'https://www.velocitypayment.com/client/rad/index.html' successfully

2024-11-12 16:02:23 - [MESSAGE][PASSED] - Navigate to 'https://www.velocitypayment.com/client/rad/index.html' successfully

2024-11-12 16:02:23 - [TEST_STEP][PASSED] - selectOptionByLabel(findTestObject(orPath_Landing + "/dd_TaxType"), "Existing Liability with Notice/Invoice Number", false): All options with label 'Existing Liability with Notice/Invoice Number' are selected in object 'Object Repository/RAD_Pages/Landing_Page/dd_TaxType' 

2024-11-12 16:02:24 - [MESSAGE][PASSED] - All options with label 'Existing Liability with Notice/Invoice Number' are selected in object 'Object Repository/RAD_Pages/Landing_Page/dd_TaxType' 

2024-11-12 16:02:24 - [TEST_STEP][PASSED] - selectOptionByLabel(findTestObject(orPath_TaxTypeFilingYear + "/select_TaxType_ExistingLiability"), TaxType, false): All options with label 'Tire Recycling Fee' are selected in object 'Object Repository/RAD_Pages/TaxTypeFilingYear_Page/select_TaxType_ExistingLiability' 

2024-11-12 16:02:24 - [MESSAGE][PASSED] - All options with label 'Tire Recycling Fee' are selected in object 'Object Repository/RAD_Pages/TaxTypeFilingYear_Page/select_TaxType_ExistingLiability' 

2024-11-12 16:02:24 - [TEST_STEP][PASSED] - rad.getSetDataRAD.setDataRADBusinessName(): rad.getSetDataRAD.setDataRADBusinessName is PASSED

2024-11-12 16:02:25 - [MESSAGE][PASSED] - Text 'My Company' is set on object 'Object Repository/RAD_Pages/Taxpayer_Page/input_businessName'

2024-11-12 16:02:25 - [MESSAGE][PASSED] - rad.getSetDataRAD.setDataRADBusinessName is PASSED

2024-11-12 16:02:25 - [TEST_STEP][PASSED] - rad.getSetDataRAD.setDataRADBusinessRep(): rad.getSetDataRAD.setDataRADBusinessRep is PASSED

2024-11-12 16:02:26 - [MESSAGE][PASSED] - Text 'BusRepFname' is set on object 'Object Repository/RAD_Pages/Taxpayer_Page/input_BusinessRepfirstName'

2024-11-12 16:02:27 - [MESSAGE][PASSED] - Text '' is set on object 'Object Repository/RAD_Pages/Taxpayer_Page/input_BusinessRepmiddleName'

2024-11-12 16:02:27 - [MESSAGE][PASSED] - Text 'BusRepLname' is set on object 'Object Repository/RAD_Pages/Taxpayer_Page/input_BusinessReplastName'

2024-11-12 16:02:28 - [MESSAGE][PASSED] - Text '' is set on object 'Object Repository/RAD_Pages/Taxpayer_Page/input_BusinessRepsuffix'

2024-11-12 16:02:28 - [MESSAGE][PASSED] - rad.getSetDataRAD.setDataRADBusinessRep is PASSED

2024-11-12 16:02:28 - [TEST_STEP][PASSED] - rad.getSetDataRAD.setDataRADAddress(): rad.getSetDataRAD.setDataRADAddress is PASSED

2024-11-12 16:02:29 - [MESSAGE][PASSED] - All options with label 'United States' are selected in object 'Object Repository/RAD_Pages/AddressAndContactInfo_Page/select_Country' 

2024-11-12 16:02:29 - [MESSAGE][PASSED] - Text '2508 Mandan Terrace' is set on object 'Object Repository/RAD_Pages/AddressAndContactInfo_Page/input_streetAddress1'

2024-11-12 16:02:30 - [MESSAGE][PASSED] - Text '' is set on object 'Object Repository/RAD_Pages/AddressAndContactInfo_Page/input_streetAddress2'

2024-11-12 16:02:31 - [MESSAGE][PASSED] - Text 'Gambrills' is set on object 'Object Repository/RAD_Pages/AddressAndContactInfo_Page/input_city'

2024-11-12 16:02:32 - [MESSAGE][PASSED] - All options with label 'Maryland' are selected in object 'Object Repository/RAD_Pages/AddressAndContactInfo_Page/select_State' 

2024-11-12 16:02:32 - [MESSAGE][PASSED] - Text '21054' is set on object 'Object Repository/RAD_Pages/AddressAndContactInfo_Page/input_zipCode'

2024-11-12 16:02:33 - [MESSAGE][PASSED] - Text '(703) 894-5000' is set on object 'Object Repository/RAD_Pages/AddressAndContactInfo_Page/input_phoneNumber'

2024-11-12 16:02:34 - [MESSAGE][PASSED] - Text 'iahmed@govolution.com' is set on object 'Object Repository/RAD_Pages/AddressAndContactInfo_Page/input_eMailAddress'

2024-11-12 16:02:35 - [MESSAGE][PASSED] - Text 'iahmed@govolution.com' is set on object 'Object Repository/RAD_Pages/AddressAndContactInfo_Page/input_reEnterEMailAddress'

2024-11-12 16:02:35 - [MESSAGE][PASSED] - rad.getSetDataRAD.setDataRADAddress is PASSED

2024-11-12 16:02:35 - [TEST_STEP][PASSED] - if (feinSsn.equalsIgnoreCase("Y")): null

2024-11-12 16:02:35 - [TEST_STEP][PASSED] - else: Text ****** has been set on object 'Object Repository/RAD_Pages/TaxInfo_Page/input_concat(id(, , data, , ))_Data (1)'

2024-11-12 16:02:35 - [TEST_STEP][PASSED] - setEncryptedText(findTestObject("Object Repository/RAD_Pages/TaxInfo_Page/input_concat(id(, , data, , ))_Data"), "px0FNUagnh7G/CVR/QiY+A=="): Text ****** has been set on object 'Object Repository/RAD_Pages/TaxInfo_Page/input_concat(id(, , data, , ))_Data'

2024-11-12 16:02:36 - [MESSAGE][PASSED] - Text ****** has been set on object 'Object Repository/RAD_Pages/TaxInfo_Page/input_concat(id(, , data, , ))_Data'

2024-11-12 16:02:36 - [TEST_STEP][PASSED] - setEncryptedText(findTestObject("Object Repository/RAD_Pages/TaxInfo_Page/input_concat(id(, , data, , ))_Data (1)"), "px0FNUagnh7G/CVR/QiY+A=="): Text ****** has been set on object 'Object Repository/RAD_Pages/TaxInfo_Page/input_concat(id(, , data, , ))_Data (1)'

2024-11-12 16:02:36 - [MESSAGE][PASSED] - Text ****** has been set on object 'Object Repository/RAD_Pages/TaxInfo_Page/input_concat(id(, , data, , ))_Data (1)'

2024-11-12 16:02:36 - [TEST_STEP][PASSED] - rad.getSetDataRAD.setDataRADNoticeInvoiceThirteen(): rad.getSetDataRAD.setDataRADNoticeInvoiceThirteen is PASSED

2024-11-12 16:02:37 - [MESSAGE][PASSED] - Text '1234567890123' is set on object 'Object Repository/RAD_Pages/TaxInfo_Page/input_NoticeInvoiceNumber'

2024-11-12 16:02:38 - [MESSAGE][PASSED] - Text '1234567890123' is set on object 'Object Repository/RAD_Pages/TaxInfo_Page/input_reTypeNoticeInvoiceNumber'

2024-11-12 16:02:38 - [MESSAGE][PASSED] - rad.getSetDataRAD.setDataRADNoticeInvoiceThirteen is PASSED

2024-11-12 16:02:38 - [TEST_STEP][PASSED] - if (MFLicNum.equalsIgnoreCase("Y")): null

2024-11-12 16:02:38 - [TEST_STEP][PASSED] - if (CRN.equalsIgnoreCase("Y")): rad.getSetDataRAD.setDataExistingRADMDCRN is PASSED

2024-11-12 16:02:38 - [TEST_STEP][PASSED] - rad.getSetDataRAD.setDataExistingRADMDCRN(): rad.getSetDataRAD.setDataExistingRADMDCRN is PASSED

2024-11-12 16:02:39 - [MESSAGE][PASSED] - Text '07640126' is set on object 'Object Repository/RAD_Pages/TaxInfo_Page/input_MDCRegistrationEL'

2024-11-12 16:02:39 - [MESSAGE][PASSED] - rad.getSetDataRAD.setDataExistingRADMDCRN is PASSED

2024-11-12 16:02:39 - [TEST_STEP][PASSED] - setText(findTestObject(orPath_Amount + "/input__paymentAmount"), "100.00"): Text '100.00' is set on object 'Object Repository/RAD_Pages/PaymentAmount_Page/input__paymentAmount'

2024-11-12 16:02:39 - [MESSAGE][PASSED] - Text '100.00' is set on object 'Object Repository/RAD_Pages/PaymentAmount_Page/input__paymentAmount'

2024-11-12 16:02:39 - [TEST_STEP][PASSED] - setText(findTestObject(orPath_AddressContact + "/input_streetAddress2"), ""): Text '' is set on object 'Object Repository/RAD_Pages/AddressAndContactInfo_Page/input_streetAddress2'

2024-11-12 16:02:40 - [MESSAGE][PASSED] - Text '' is set on object 'Object Repository/RAD_Pages/AddressAndContactInfo_Page/input_streetAddress2'

2024-11-12 16:02:40 - [TEST_STEP][PASSED] - scrollToElement(findTestObject(orPath_Landing + "/button_Continue"), 3): Scroll to object 'Object Repository/RAD_Pages/Landing_Page/button_Continue' successfully

2024-11-12 16:02:41 - [MESSAGE][PASSED] - Scroll to object 'Object Repository/RAD_Pages/Landing_Page/button_Continue' successfully

2024-11-12 16:02:41 - [TEST_STEP][PASSED] - waitForElementClickable(findTestObject(orPath_Landing + "/button_Continue"), 5): Object 'Object Repository/RAD_Pages/Landing_Page/button_Continue' is clickable

2024-11-12 16:02:41 - [MESSAGE][PASSED] - Object 'Object Repository/RAD_Pages/Landing_Page/button_Continue' is clickable

2024-11-12 16:02:41 - [TEST_STEP][PASSED] - click(findTestObject(orPath_Landing + "/button_Continue")): Object: 'Object Repository/RAD_Pages/Landing_Page/button_Continue' is clicked on

2024-11-12 16:02:41 - [MESSAGE][PASSED] - Object: 'Object Repository/RAD_Pages/Landing_Page/button_Continue' is clicked on

2024-11-12 16:02:41 - [TEST_STEP][PASSED] - delay(2): Delayed 2 second(s)

2024-11-12 16:02:43 - [MESSAGE][PASSED] - Delayed 2 second(s)

2024-11-12 16:02:43 - [TEST_STEP][PASSED] - verifyTextPresent("Summary", true): Text 'Summary' is present on page  using regular expression

2024-11-12 16:02:44 - [MESSAGE][PASSED] - Text 'Summary' is present on page  using regular expression

2024-11-12 16:02:44 - [TEST_STEP][PASSED] - verifyTextPresent("Review the information below and make any necessary corrections by clicking the", true): Text 'Review the information below and make any necessary corrections by clicking the' is present on page  using regular expression

2024-11-12 16:02:44 - [MESSAGE][PASSED] - Text 'Review the information below and make any necessary corrections by clicking the' is present on page  using regular expression

2024-11-12 16:02:44 - [TEST_STEP][PASSED] - verifyTextPresent("When you are confident that all the information is correct, click the", true): Text 'When you are confident that all the information is correct, click the' is present on page  using regular expression

2024-11-12 16:02:45 - [MESSAGE][PASSED] - Text 'When you are confident that all the information is correct, click the' is present on page  using regular expression

2024-11-12 16:02:45 - [TEST_STEP][PASSED] - verifyTextPresent("Payment Type/Filing Year", true): Text 'Payment Type/Filing Year' is present on page  using regular expression

2024-11-12 16:02:45 - [MESSAGE][PASSED] - Text 'Payment Type/Filing Year' is present on page  using regular expression

2024-11-12 16:02:45 - [TEST_STEP][PASSED] - verifyTextPresent("Payment Type:", true): Text 'Payment Type:' is present on page  using regular expression

2024-11-12 16:02:45 - [MESSAGE][PASSED] - Text 'Payment Type:' is present on page  using regular expression

2024-11-12 16:02:45 - [TEST_STEP][PASSED] - verifyTextPresent("Existing Liability with Notice/Invoice Number", true): Text 'Existing Liability with Notice/Invoice Number' is present on page  using regular expression

2024-11-12 16:02:46 - [MESSAGE][PASSED] - Text 'Existing Liability with Notice/Invoice Number' is present on page  using regular expression

2024-11-12 16:02:46 - [TEST_STEP][PASSED] - verifyTextPresent("Payer Information", true): Text 'Payer Information' is present on page  using regular expression

2024-11-12 16:02:46 - [MESSAGE][PASSED] - Text 'Payer Information' is present on page  using regular expression

2024-11-12 16:02:46 - [TEST_STEP][PASSED] - verifyTextPresent("Taxpayer Name:", true): Text 'Taxpayer Name:' is present on page  using regular expression

2024-11-12 16:02:46 - [MESSAGE][PASSED] - Text 'Taxpayer Name:' is present on page  using regular expression

2024-11-12 16:02:46 - [TEST_STEP][PASSED] - if (!(TaxType.equalsIgnoreCase("Sales & Use Tax"))): Text 'My Company' is present on page  using regular expression

2024-11-12 16:02:46 - [TEST_STEP][PASSED] - verifyTextPresent("My Company", true): Text 'My Company' is present on page  using regular expression

2024-11-12 16:02:47 - [MESSAGE][PASSED] - Text 'My Company' is present on page  using regular expression

2024-11-12 16:02:47 - [TEST_STEP][PASSED] - verifyTextPresent("Business Rep Name:", true): Text 'Business Rep Name:' is present on page  using regular expression

2024-11-12 16:02:47 - [MESSAGE][PASSED] - Text 'Business Rep Name:' is present on page  using regular expression

2024-11-12 16:02:47 - [TEST_STEP][PASSED] - verifyTextPresent("BusRepFname BusRepLname", true): Text 'BusRepFname BusRepLname' is present on page  using regular expression

2024-11-12 16:02:47 - [MESSAGE][PASSED] - Text 'BusRepFname BusRepLname' is present on page  using regular expression

2024-11-12 16:02:47 - [TEST_STEP][PASSED] - verifyTextPresent("Taxpayer Address:", true): Text 'Taxpayer Address:' is present on page  using regular expression

2024-11-12 16:02:48 - [MESSAGE][PASSED] - Text 'Taxpayer Address:' is present on page  using regular expression

2024-11-12 16:02:48 - [TEST_STEP][PASSED] - verifyTextPresent("2508 Mandan Terrace Gambrills Maryland 21054", true): Text '2508 Mandan Terrace Gambrills Maryland 21054' is present on page  using regular expression

2024-11-12 16:02:48 - [MESSAGE][PASSED] - Text '2508 Mandan Terrace Gambrills Maryland 21054' is present on page  using regular expression

2024-11-12 16:02:48 - [TEST_STEP][PASSED] - verifyTextPresent("Email:", true): Text 'Email:' is present on page  using regular expression

2024-11-12 16:02:48 - [MESSAGE][PASSED] - Text 'Email:' is present on page  using regular expression

2024-11-12 16:02:48 - [TEST_STEP][PASSED] - verifyTextPresent("iahmed@govolution.com", true): Text 'iahmed@govolution.com' is present on page  using regular expression

2024-11-12 16:02:49 - [MESSAGE][PASSED] - Text 'iahmed@govolution.com' is present on page  using regular expression

2024-11-12 16:02:49 - [TEST_STEP][PASSED] - verifyTextPresent("Phone:", true): Text 'Phone:' is present on page  using regular expression

2024-11-12 16:02:49 - [MESSAGE][PASSED] - Text 'Phone:' is present on page  using regular expression

2024-11-12 16:02:49 - [TEST_STEP][PASSED] - verifyTextPresent("(703) 894-5000", false): Text '(703) 894-5000' is present on page 

2024-11-12 16:02:49 - [MESSAGE][PASSED] - Text '(703) 894-5000' is present on page 

2024-11-12 16:02:49 - [TEST_STEP][PASSED] - verifyTextPresent("Tax Information", true): Text 'Tax Information' is present on page  using regular expression

2024-11-12 16:02:50 - [MESSAGE][PASSED] - Text 'Tax Information' is present on page  using regular expression

2024-11-12 16:02:50 - [TEST_STEP][PASSED] - if (feinSsn.equalsIgnoreCase("Y")): null

2024-11-12 16:02:50 - [TEST_STEP][PASSED] - else: Text 'FEIN/SSN:' is not present on page using regular expression

2024-11-12 16:02:50 - [TEST_STEP][PASSED] - verifyTextPresent("Federal EIN:", true): Text 'Federal EIN:' is present on page  using regular expression

2024-11-12 16:02:50 - [MESSAGE][PASSED] - Text 'Federal EIN:' is present on page  using regular expression

2024-11-12 16:02:50 - [TEST_STEP][PASSED] - verifyTextNotPresent("FEIN/SSN:", true): Text 'FEIN/SSN:' is not present on page using regular expression

2024-11-12 16:02:50 - [MESSAGE][PASSED] - Text 'FEIN/SSN:' is not present on page using regular expression

2024-11-12 16:02:50 - [TEST_STEP][PASSED] - verifyTextPresent("XXXXX0532", true): Text 'XXXXX0532' is present on page  using regular expression

2024-11-12 16:02:51 - [MESSAGE][PASSED] - Text 'XXXXX0532' is present on page  using regular expression

2024-11-12 16:02:51 - [TEST_STEP][PASSED] - verifyTextPresent("Notice Or Invoice Number:", true): Text 'Notice Or Invoice Number:' is present on page  using regular expression

2024-11-12 16:02:51 - [MESSAGE][PASSED] - Text 'Notice Or Invoice Number:' is present on page  using regular expression

2024-11-12 16:02:51 - [TEST_STEP][PASSED] - verifyTextPresent("1234567890123", true): Text '1234567890123' is present on page  using regular expression

2024-11-12 16:02:51 - [MESSAGE][PASSED] - Text '1234567890123' is present on page  using regular expression

2024-11-12 16:02:51 - [TEST_STEP][PASSED] - verifyTextPresent("Tax Type:", true): Text 'Tax Type:' is present on page  using regular expression

2024-11-12 16:02:52 - [MESSAGE][PASSED] - Text 'Tax Type:' is present on page  using regular expression

2024-11-12 16:02:52 - [TEST_STEP][PASSED] - verifyTextPresent(TaxType, true): Text 'Tire Recycling Fee' is present on page  using regular expression

2024-11-12 16:02:52 - [MESSAGE][PASSED] - Text 'Tire Recycling Fee' is present on page  using regular expression

2024-11-12 16:02:52 - [TEST_STEP][PASSED] - if (CRN.equalsIgnoreCase("Y")): Text '07640126' is present on page  using regular expression

2024-11-12 16:02:52 - [TEST_STEP][PASSED] - verifyTextPresent("MD Central Registration Number#:", true): Text 'MD Central Registration Number#:' is present on page  using regular expression

2024-11-12 16:02:52 - [MESSAGE][PASSED] - Text 'MD Central Registration Number#:' is present on page  using regular expression

2024-11-12 16:02:52 - [TEST_STEP][PASSED] - verifyTextPresent("07640126", true): Text '07640126' is present on page  using regular expression

2024-11-12 16:02:53 - [MESSAGE][PASSED] - Text '07640126' is present on page  using regular expression

2024-11-12 16:02:53 - [TEST_STEP][PASSED] - if (MFLicNum.equalsIgnoreCase("Y")): null

2024-11-12 16:02:53 - [TEST_STEP][PASSED] - verifyTextPresent("Payment Amount:", true): Text 'Payment Amount:' is present on page  using regular expression

2024-11-12 16:02:53 - [MESSAGE][PASSED] - Text 'Payment Amount:' is present on page  using regular expression

2024-11-12 16:02:53 - [TEST_STEP][PASSED] - verifyTextPresent("100.00", true): Text '100.00' is present on page  using regular expression

2024-11-12 16:02:53 - [MESSAGE][PASSED] - Text '100.00' is present on page  using regular expression

2024-11-12 16:02:53 - [TEST_STEP][PASSED] - if (verifyElementVisible(findTestObject(orPath_Summary + "/button_Proceed to Payment"))): null

2024-11-12 16:02:54 - [MESSAGE][PASSED] - Object 'Object Repository/RAD_Pages/Summary_Page/button_Proceed to Payment' is visible

2024-11-12 16:02:54 - [TEST_STEP][PASSED] - resText = "Pass": null

2024-11-12 16:02:54 - [TEST_STEP][PASSED] - pages.WriteExcel.demoKey(resText, datText, resColumn, datCloumn, fileLoc, nameSheet, row): pages.WriteExcel.demoKey is PASSED

2024-11-12 16:02:54 - [MESSAGE][PASSED] - pages.WriteExcel.demoKey is PASSED

2024-11-12 16:02:54 - [TEST_STEP][PASSED] - click(findTestObject(orPath_Summary + "/button_Proceed to Payment")): Object: 'Object Repository/RAD_Pages/Summary_Page/button_Proceed to Payment' is clicked on

2024-11-12 16:02:59 - [MESSAGE][PASSED] - Object: 'Object Repository/RAD_Pages/Summary_Page/button_Proceed to Payment' is clicked on

2024-11-12 16:02:59 - [TEST_STEP][PASSED] - verifyElementPresent(findTestObject("Object Repository/RAD_Pages/PaymentEntry_Page/input__billingName"), 30): Object 'Object Repository/RAD_Pages/PaymentEntry_Page/input__billingName' is present

2024-11-12 16:03:00 - [MESSAGE][PASSED] - Object 'Object Repository/RAD_Pages/PaymentEntry_Page/input__billingName' is present

2024-11-12 16:03:00 - [TEST_STEP][PASSED] - ExecuteTC = findTestData(dataFile).getValue("Execute", row): null

2024-11-12 16:03:00 - [TEST_STEP][PASSED] - TaxType = findTestData(dataFile).getValue("TaxType", row): null

2024-11-12 16:03:00 - [TEST_STEP][PASSED] - PaymentType = findTestData(dataFile).getValue("PaymentType", row): null

2024-11-12 16:03:00 - [TEST_STEP][PASSED] - feinSsn = findTestData(dataFile).getValue("FEINSSN", row): null

2024-11-12 16:03:00 - [TEST_STEP][PASSED] - CRN = findTestData(dataFile).getValue("CRN", row): null

2024-11-12 16:03:00 - [TEST_STEP][PASSED] - MFLicNum = findTestData(dataFile).getValue("MFLicNum", row): null

2024-11-12 16:03:00 - [TEST_STEP][PASSED] - if (ExecuteTC.equalsIgnoreCase("Y")): Object 'Object Repository/RAD_Pages/PaymentEntry_Page/input__billingName' is present

2024-11-12 16:03:00 - [TEST_STEP][PASSED] - out.println("Begin Record Number: " + row): null

2024-11-12 16:03:00 - [TEST_STEP][PASSED] - today = new java.util.Date(): null

2024-11-12 16:03:00 - [TEST_STEP][PASSED] - println(today): null

2024-11-12 16:03:00 - [TEST_STEP][PASSED] - datText = today: null

2024-11-12 16:03:00 - [TEST_STEP][PASSED] - logInfo("Payment Type: Existing Liability with Notice/Invoice Number"): Payment Type: Existing Liability with Notice/Invoice Number

2024-11-12 16:03:00 - [MESSAGE][INFO] - Payment Type: Existing Liability with Notice/Invoice Number

2024-11-12 16:03:00 - [TEST_STEP][PASSED] - logInfo("Tax Type: " + TaxType): Tax Type: Withholding Tax

2024-11-12 16:03:00 - [MESSAGE][INFO] - Tax Type: Withholding Tax

2024-11-12 16:03:00 - [TEST_STEP][PASSED] - openBrowser(""): Browser is opened with url: ''

2024-11-12 16:03:00 - [MESSAGE][WARNING] - A browser is already opened. Closing browser and opening a new one

2024-11-12 16:03:01 - [MESSAGE][INFO] - Starting 'Chrome' driver

2024-11-12 16:03:01 - [MESSAGE][INFO] - User set preference: ['acceptInsecureCerts', 'true']

2024-11-12 16:03:01 - [MESSAGE][INFO] - Action delay is set to 0 milliseconds

2024-11-12 16:03:03 - [MESSAGE][PASSED] - Browser is opened with url: ''

2024-11-12 16:03:03 - [TEST_STEP][PASSED] - maximizeWindow(): Current window maximized

2024-11-12 16:03:03 - [MESSAGE][PASSED] - Current window maximized

2024-11-12 16:03:03 - [TEST_STEP][PASSED] - navigateToUrl(RADurl): Navigate to 'https://www.velocitypayment.com/client/rad/index.html' successfully

2024-11-12 16:03:03 - [MESSAGE][PASSED] - Navigate to 'https://www.velocitypayment.com/client/rad/index.html' successfully

2024-11-12 16:03:03 - [TEST_STEP][PASSED] - selectOptionByLabel(findTestObject(orPath_Landing + "/dd_TaxType"), "Existing Liability with Notice/Invoice Number", false): All options with label 'Existing Liability with Notice/Invoice Number' are selected in object 'Object Repository/RAD_Pages/Landing_Page/dd_TaxType' 

2024-11-12 16:03:05 - [MESSAGE][PASSED] - All options with label 'Existing Liability with Notice/Invoice Number' are selected in object 'Object Repository/RAD_Pages/Landing_Page/dd_TaxType' 

2024-11-12 16:03:05 - [TEST_STEP][PASSED] - selectOptionByLabel(findTestObject(orPath_TaxTypeFilingYear + "/select_TaxType_ExistingLiability"), TaxType, false): All options with label 'Withholding Tax' are selected in object 'Object Repository/RAD_Pages/TaxTypeFilingYear_Page/select_TaxType_ExistingLiability' 

2024-11-12 16:03:06 - [MESSAGE][PASSED] - All options with label 'Withholding Tax' are selected in object 'Object Repository/RAD_Pages/TaxTypeFilingYear_Page/select_TaxType_ExistingLiability' 

2024-11-12 16:03:06 - [TEST_STEP][PASSED] - rad.getSetDataRAD.setDataRADBusinessName(): rad.getSetDataRAD.setDataRADBusinessName is PASSED

2024-11-12 16:03:07 - [MESSAGE][PASSED] - Text 'My Company' is set on object 'Object Repository/RAD_Pages/Taxpayer_Page/input_businessName'

2024-11-12 16:03:07 - [MESSAGE][PASSED] - rad.getSetDataRAD.setDataRADBusinessName is PASSED

2024-11-12 16:03:07 - [TEST_STEP][PASSED] - rad.getSetDataRAD.setDataRADBusinessRep(): rad.getSetDataRAD.setDataRADBusinessRep is PASSED

2024-11-12 16:03:08 - [MESSAGE][PASSED] - Text 'BusRepFname' is set on object 'Object Repository/RAD_Pages/Taxpayer_Page/input_BusinessRepfirstName'

2024-11-12 16:03:08 - [MESSAGE][PASSED] - Text '' is set on object 'Object Repository/RAD_Pages/Taxpayer_Page/input_BusinessRepmiddleName'

2024-11-12 16:03:09 - [MESSAGE][PASSED] - Text 'BusRepLname' is set on object 'Object Repository/RAD_Pages/Taxpayer_Page/input_BusinessReplastName'

2024-11-12 16:03:10 - [MESSAGE][PASSED] - Text '' is set on object 'Object Repository/RAD_Pages/Taxpayer_Page/input_BusinessRepsuffix'

2024-11-12 16:03:10 - [MESSAGE][PASSED] - rad.getSetDataRAD.setDataRADBusinessRep is PASSED

2024-11-12 16:03:10 - [TEST_STEP][PASSED] - rad.getSetDataRAD.setDataRADAddress(): rad.getSetDataRAD.setDataRADAddress is PASSED

2024-11-12 16:03:10 - [MESSAGE][PASSED] - All options with label 'United States' are selected in object 'Object Repository/RAD_Pages/AddressAndContactInfo_Page/select_Country' 

2024-11-12 16:03:11 - [MESSAGE][PASSED] - Text '2508 Mandan Terrace' is set on object 'Object Repository/RAD_Pages/AddressAndContactInfo_Page/input_streetAddress1'

2024-11-12 16:03:12 - [MESSAGE][PASSED] - Text '' is set on object 'Object Repository/RAD_Pages/AddressAndContactInfo_Page/input_streetAddress2'

2024-11-12 16:03:13 - [MESSAGE][PASSED] - Text 'Gambrills' is set on object 'Object Repository/RAD_Pages/AddressAndContactInfo_Page/input_city'

2024-11-12 16:03:13 - [MESSAGE][PASSED] - All options with label 'Maryland' are selected in object 'Object Repository/RAD_Pages/AddressAndContactInfo_Page/select_State' 

2024-11-12 16:03:14 - [MESSAGE][PASSED] - Text '21054' is set on object 'Object Repository/RAD_Pages/AddressAndContactInfo_Page/input_zipCode'

2024-11-12 16:03:15 - [MESSAGE][PASSED] - Text '(703) 894-5000' is set on object 'Object Repository/RAD_Pages/AddressAndContactInfo_Page/input_phoneNumber'

2024-11-12 16:03:16 - [MESSAGE][PASSED] - Text 'iahmed@govolution.com' is set on object 'Object Repository/RAD_Pages/AddressAndContactInfo_Page/input_eMailAddress'

2024-11-12 16:03:16 - [MESSAGE][PASSED] - Text 'iahmed@govolution.com' is set on object 'Object Repository/RAD_Pages/AddressAndContactInfo_Page/input_reEnterEMailAddress'

2024-11-12 16:03:16 - [MESSAGE][PASSED] - rad.getSetDataRAD.setDataRADAddress is PASSED

2024-11-12 16:03:16 - [TEST_STEP][PASSED] - if (feinSsn.equalsIgnoreCase("Y")): null

2024-11-12 16:03:16 - [TEST_STEP][PASSED] - else: Text ****** has been set on object 'Object Repository/RAD_Pages/TaxInfo_Page/input_concat(id(, , data, , ))_Data (1)'

2024-11-12 16:03:16 - [TEST_STEP][PASSED] - setEncryptedText(findTestObject("Object Repository/RAD_Pages/TaxInfo_Page/input_concat(id(, , data, , ))_Data"), "px0FNUagnh7G/CVR/QiY+A=="): Text ****** has been set on object 'Object Repository/RAD_Pages/TaxInfo_Page/input_concat(id(, , data, , ))_Data'

2024-11-12 16:03:17 - [MESSAGE][PASSED] - Text ****** has been set on object 'Object Repository/RAD_Pages/TaxInfo_Page/input_concat(id(, , data, , ))_Data'

2024-11-12 16:03:17 - [TEST_STEP][PASSED] - setEncryptedText(findTestObject("Object Repository/RAD_Pages/TaxInfo_Page/input_concat(id(, , data, , ))_Data (1)"), "px0FNUagnh7G/CVR/QiY+A=="): Text ****** has been set on object 'Object Repository/RAD_Pages/TaxInfo_Page/input_concat(id(, , data, , ))_Data (1)'

2024-11-12 16:03:18 - [MESSAGE][PASSED] - Text ****** has been set on object 'Object Repository/RAD_Pages/TaxInfo_Page/input_concat(id(, , data, , ))_Data (1)'

2024-11-12 16:03:18 - [TEST_STEP][PASSED] - rad.getSetDataRAD.setDataRADNoticeInvoiceThirteen(): rad.getSetDataRAD.setDataRADNoticeInvoiceThirteen is PASSED

2024-11-12 16:03:19 - [MESSAGE][PASSED] - Text '1234567890123' is set on object 'Object Repository/RAD_Pages/TaxInfo_Page/input_NoticeInvoiceNumber'

2024-11-12 16:03:19 - [MESSAGE][PASSED] - Text '1234567890123' is set on object 'Object Repository/RAD_Pages/TaxInfo_Page/input_reTypeNoticeInvoiceNumber'

2024-11-12 16:03:19 - [MESSAGE][PASSED] - rad.getSetDataRAD.setDataRADNoticeInvoiceThirteen is PASSED

2024-11-12 16:03:19 - [TEST_STEP][PASSED] - if (MFLicNum.equalsIgnoreCase("Y")): null

2024-11-12 16:03:19 - [TEST_STEP][PASSED] - if (CRN.equalsIgnoreCase("Y")): rad.getSetDataRAD.setDataExistingRADMDCRN is PASSED

2024-11-12 16:03:19 - [TEST_STEP][PASSED] - rad.getSetDataRAD.setDataExistingRADMDCRN(): rad.getSetDataRAD.setDataExistingRADMDCRN is PASSED

2024-11-12 16:03:20 - [MESSAGE][PASSED] - Text '07640126' is set on object 'Object Repository/RAD_Pages/TaxInfo_Page/input_MDCRegistrationEL'

2024-11-12 16:03:20 - [MESSAGE][PASSED] - rad.getSetDataRAD.setDataExistingRADMDCRN is PASSED

2024-11-12 16:03:20 - [TEST_STEP][PASSED] - setText(findTestObject(orPath_Amount + "/input__paymentAmount"), "100.00"): Text '100.00' is set on object 'Object Repository/RAD_Pages/PaymentAmount_Page/input__paymentAmount'

2024-11-12 16:03:21 - [MESSAGE][PASSED] - Text '100.00' is set on object 'Object Repository/RAD_Pages/PaymentAmount_Page/input__paymentAmount'

2024-11-12 16:03:21 - [TEST_STEP][PASSED] - setText(findTestObject(orPath_AddressContact + "/input_streetAddress2"), ""): Text '' is set on object 'Object Repository/RAD_Pages/AddressAndContactInfo_Page/input_streetAddress2'

2024-11-12 16:03:21 - [MESSAGE][PASSED] - Text '' is set on object 'Object Repository/RAD_Pages/AddressAndContactInfo_Page/input_streetAddress2'

2024-11-12 16:03:21 - [TEST_STEP][PASSED] - scrollToElement(findTestObject(orPath_Landing + "/button_Continue"), 3): Scroll to object 'Object Repository/RAD_Pages/Landing_Page/button_Continue' successfully

2024-11-12 16:03:22 - [MESSAGE][PASSED] - Scroll to object 'Object Repository/RAD_Pages/Landing_Page/button_Continue' successfully

2024-11-12 16:03:22 - [TEST_STEP][PASSED] - waitForElementClickable(findTestObject(orPath_Landing + "/button_Continue"), 5): Object 'Object Repository/RAD_Pages/Landing_Page/button_Continue' is clickable

2024-11-12 16:03:22 - [MESSAGE][PASSED] - Object 'Object Repository/RAD_Pages/Landing_Page/button_Continue' is clickable

2024-11-12 16:03:22 - [TEST_STEP][PASSED] - click(findTestObject(orPath_Landing + "/button_Continue")): Object: 'Object Repository/RAD_Pages/Landing_Page/button_Continue' is clicked on

2024-11-12 16:03:23 - [MESSAGE][PASSED] - Object: 'Object Repository/RAD_Pages/Landing_Page/button_Continue' is clicked on

2024-11-12 16:03:23 - [TEST_STEP][PASSED] - delay(2): Delayed 2 second(s)

2024-11-12 16:03:25 - [MESSAGE][PASSED] - Delayed 2 second(s)

2024-11-12 16:03:25 - [TEST_STEP][PASSED] - verifyTextPresent("Summary", true): Text 'Summary' is present on page  using regular expression

2024-11-12 16:03:25 - [MESSAGE][PASSED] - Text 'Summary' is present on page  using regular expression

2024-11-12 16:03:25 - [TEST_STEP][PASSED] - verifyTextPresent("Review the information below and make any necessary corrections by clicking the", true): Text 'Review the information below and make any necessary corrections by clicking the' is present on page  using regular expression

2024-11-12 16:03:25 - [MESSAGE][PASSED] - Text 'Review the information below and make any necessary corrections by clicking the' is present on page  using regular expression

2024-11-12 16:03:25 - [TEST_STEP][PASSED] - verifyTextPresent("When you are confident that all the information is correct, click the", true): Text 'When you are confident that all the information is correct, click the' is present on page  using regular expression

2024-11-12 16:03:26 - [MESSAGE][PASSED] - Text 'When you are confident that all the information is correct, click the' is present on page  using regular expression

2024-11-12 16:03:26 - [TEST_STEP][PASSED] - verifyTextPresent("Payment Type/Filing Year", true): Text 'Payment Type/Filing Year' is present on page  using regular expression

2024-11-12 16:03:26 - [MESSAGE][PASSED] - Text 'Payment Type/Filing Year' is present on page  using regular expression

2024-11-12 16:03:26 - [TEST_STEP][PASSED] - verifyTextPresent("Payment Type:", true): Text 'Payment Type:' is present on page  using regular expression

2024-11-12 16:03:26 - [MESSAGE][PASSED] - Text 'Payment Type:' is present on page  using regular expression

2024-11-12 16:03:26 - [TEST_STEP][PASSED] - verifyTextPresent("Existing Liability with Notice/Invoice Number", true): Text 'Existing Liability with Notice/Invoice Number' is present on page  using regular expression

2024-11-12 16:03:27 - [MESSAGE][PASSED] - Text 'Existing Liability with Notice/Invoice Number' is present on page  using regular expression

2024-11-12 16:03:27 - [TEST_STEP][PASSED] - verifyTextPresent("Payer Information", true): Text 'Payer Information' is present on page  using regular expression

2024-11-12 16:03:27 - [MESSAGE][PASSED] - Text 'Payer Information' is present on page  using regular expression

2024-11-12 16:03:27 - [TEST_STEP][PASSED] - verifyTextPresent("Taxpayer Name:", true): Text 'Taxpayer Name:' is present on page  using regular expression

2024-11-12 16:03:27 - [MESSAGE][PASSED] - Text 'Taxpayer Name:' is present on page  using regular expression

2024-11-12 16:03:27 - [TEST_STEP][PASSED] - if (!(TaxType.equalsIgnoreCase("Sales & Use Tax"))): Text 'My Company' is present on page  using regular expression

2024-11-12 16:03:27 - [TEST_STEP][PASSED] - verifyTextPresent("My Company", true): Text 'My Company' is present on page  using regular expression

2024-11-12 16:03:28 - [MESSAGE][PASSED] - Text 'My Company' is present on page  using regular expression

2024-11-12 16:03:28 - [TEST_STEP][PASSED] - verifyTextPresent("Business Rep Name:", true): Text 'Business Rep Name:' is present on page  using regular expression

2024-11-12 16:03:28 - [MESSAGE][PASSED] - Text 'Business Rep Name:' is present on page  using regular expression

2024-11-12 16:03:28 - [TEST_STEP][PASSED] - verifyTextPresent("BusRepFname BusRepLname", true): Text 'BusRepFname BusRepLname' is present on page  using regular expression

2024-11-12 16:03:28 - [MESSAGE][PASSED] - Text 'BusRepFname BusRepLname' is present on page  using regular expression

2024-11-12 16:03:28 - [TEST_STEP][PASSED] - verifyTextPresent("Taxpayer Address:", true): Text 'Taxpayer Address:' is present on page  using regular expression

2024-11-12 16:03:29 - [MESSAGE][PASSED] - Text 'Taxpayer Address:' is present on page  using regular expression

2024-11-12 16:03:29 - [TEST_STEP][PASSED] - verifyTextPresent("2508 Mandan Terrace Gambrills Maryland 21054", true): Text '2508 Mandan Terrace Gambrills Maryland 21054' is present on page  using regular expression

2024-11-12 16:03:29 - [MESSAGE][PASSED] - Text '2508 Mandan Terrace Gambrills Maryland 21054' is present on page  using regular expression

2024-11-12 16:03:29 - [TEST_STEP][PASSED] - verifyTextPresent("Email:", true): Text 'Email:' is present on page  using regular expression

2024-11-12 16:03:29 - [MESSAGE][PASSED] - Text 'Email:' is present on page  using regular expression

2024-11-12 16:03:29 - [TEST_STEP][PASSED] - verifyTextPresent("iahmed@govolution.com", true): Text 'iahmed@govolution.com' is present on page  using regular expression

2024-11-12 16:03:30 - [MESSAGE][PASSED] - Text 'iahmed@govolution.com' is present on page  using regular expression

2024-11-12 16:03:30 - [TEST_STEP][PASSED] - verifyTextPresent("Phone:", true): Text 'Phone:' is present on page  using regular expression

2024-11-12 16:03:30 - [MESSAGE][PASSED] - Text 'Phone:' is present on page  using regular expression

2024-11-12 16:03:30 - [TEST_STEP][PASSED] - verifyTextPresent("(703) 894-5000", false): Text '(703) 894-5000' is present on page 

2024-11-12 16:03:30 - [MESSAGE][PASSED] - Text '(703) 894-5000' is present on page 

2024-11-12 16:03:30 - [TEST_STEP][PASSED] - verifyTextPresent("Tax Information", true): Text 'Tax Information' is present on page  using regular expression

2024-11-12 16:03:31 - [MESSAGE][PASSED] - Text 'Tax Information' is present on page  using regular expression

2024-11-12 16:03:31 - [TEST_STEP][PASSED] - if (feinSsn.equalsIgnoreCase("Y")): null

2024-11-12 16:03:31 - [TEST_STEP][PASSED] - else: Text 'FEIN/SSN:' is not present on page using regular expression

2024-11-12 16:03:31 - [TEST_STEP][PASSED] - verifyTextPresent("Federal EIN:", true): Text 'Federal EIN:' is present on page  using regular expression

2024-11-12 16:03:31 - [MESSAGE][PASSED] - Text 'Federal EIN:' is present on page  using regular expression

2024-11-12 16:03:31 - [TEST_STEP][PASSED] - verifyTextNotPresent("FEIN/SSN:", true): Text 'FEIN/SSN:' is not present on page using regular expression

2024-11-12 16:03:32 - [MESSAGE][PASSED] - Text 'FEIN/SSN:' is not present on page using regular expression

2024-11-12 16:03:32 - [TEST_STEP][PASSED] - verifyTextPresent("XXXXX0532", true): Text 'XXXXX0532' is present on page  using regular expression

2024-11-12 16:03:32 - [MESSAGE][PASSED] - Text 'XXXXX0532' is present on page  using regular expression

2024-11-12 16:03:32 - [TEST_STEP][PASSED] - verifyTextPresent("Notice Or Invoice Number:", true): Text 'Notice Or Invoice Number:' is present on page  using regular expression

2024-11-12 16:03:32 - [MESSAGE][PASSED] - Text 'Notice Or Invoice Number:' is present on page  using regular expression

2024-11-12 16:03:32 - [TEST_STEP][PASSED] - verifyTextPresent("1234567890123", true): Text '1234567890123' is present on page  using regular expression

2024-11-12 16:03:33 - [MESSAGE][PASSED] - Text '1234567890123' is present on page  using regular expression

2024-11-12 16:03:33 - [TEST_STEP][PASSED] - verifyTextPresent("Tax Type:", true): Text 'Tax Type:' is present on page  using regular expression

2024-11-12 16:03:33 - [MESSAGE][PASSED] - Text 'Tax Type:' is present on page  using regular expression

2024-11-12 16:03:33 - [TEST_STEP][PASSED] - verifyTextPresent(TaxType, true): Text 'Withholding Tax' is present on page  using regular expression

2024-11-12 16:03:33 - [MESSAGE][PASSED] - Text 'Withholding Tax' is present on page  using regular expression

2024-11-12 16:03:33 - [TEST_STEP][PASSED] - if (CRN.equalsIgnoreCase("Y")): Text '07640126' is present on page  using regular expression

2024-11-12 16:03:33 - [TEST_STEP][PASSED] - verifyTextPresent("MD Central Registration Number#:", true): Text 'MD Central Registration Number#:' is present on page  using regular expression

2024-11-12 16:03:34 - [MESSAGE][PASSED] - Text 'MD Central Registration Number#:' is present on page  using regular expression

2024-11-12 16:03:34 - [TEST_STEP][PASSED] - verifyTextPresent("07640126", true): Text '07640126' is present on page  using regular expression

2024-11-12 16:03:34 - [MESSAGE][PASSED] - Text '07640126' is present on page  using regular expression

2024-11-12 16:03:34 - [TEST_STEP][PASSED] - if (MFLicNum.equalsIgnoreCase("Y")): null

2024-11-12 16:03:34 - [TEST_STEP][PASSED] - verifyTextPresent("Payment Amount:", true): Text 'Payment Amount:' is present on page  using regular expression

2024-11-12 16:03:34 - [MESSAGE][PASSED] - Text 'Payment Amount:' is present on page  using regular expression

2024-11-12 16:03:34 - [TEST_STEP][PASSED] - verifyTextPresent("100.00", true): Text '100.00' is present on page  using regular expression

2024-11-12 16:03:35 - [MESSAGE][PASSED] - Text '100.00' is present on page  using regular expression

2024-11-12 16:03:35 - [TEST_STEP][PASSED] - if (verifyElementVisible(findTestObject(orPath_Summary + "/button_Proceed to Payment"))): null

2024-11-12 16:03:35 - [MESSAGE][PASSED] - Object 'Object Repository/RAD_Pages/Summary_Page/button_Proceed to Payment' is visible

2024-11-12 16:03:35 - [TEST_STEP][PASSED] - resText = "Pass": null

2024-11-12 16:03:35 - [TEST_STEP][PASSED] - pages.WriteExcel.demoKey(resText, datText, resColumn, datCloumn, fileLoc, nameSheet, row): pages.WriteExcel.demoKey is PASSED

2024-11-12 16:03:35 - [MESSAGE][PASSED] - pages.WriteExcel.demoKey is PASSED

2024-11-12 16:03:35 - [TEST_STEP][PASSED] - click(findTestObject(orPath_Summary + "/button_Proceed to Payment")): Object: 'Object Repository/RAD_Pages/Summary_Page/button_Proceed to Payment' is clicked on

2024-11-12 16:03:38 - [MESSAGE][PASSED] - Object: 'Object Repository/RAD_Pages/Summary_Page/button_Proceed to Payment' is clicked on

2024-11-12 16:03:38 - [TEST_STEP][PASSED] - verifyElementPresent(findTestObject("Object Repository/RAD_Pages/PaymentEntry_Page/input__billingName"), 30): Object 'Object Repository/RAD_Pages/PaymentEntry_Page/input__billingName' is present

2024-11-12 16:03:38 - [MESSAGE][PASSED] - Object 'Object Repository/RAD_Pages/PaymentEntry_Page/input__billingName' is present

2024-11-12 16:03:38 - [TEST_STEP][PASSED] - ExecuteTC = findTestData(dataFile).getValue("Execute", row): null

2024-11-12 16:03:38 - [TEST_STEP][PASSED] - TaxType = findTestData(dataFile).getValue("TaxType", row): null

2024-11-12 16:03:38 - [TEST_STEP][PASSED] - PaymentType = findTestData(dataFile).getValue("PaymentType", row): null

2024-11-12 16:03:38 - [TEST_STEP][PASSED] - feinSsn = findTestData(dataFile).getValue("FEINSSN", row): null

2024-11-12 16:03:39 - [TEST_STEP][PASSED] - CRN = findTestData(dataFile).getValue("CRN", row): null

2024-11-12 16:03:39 - [TEST_STEP][PASSED] - MFLicNum = findTestData(dataFile).getValue("MFLicNum", row): null

2024-11-12 16:03:39 - [TEST_STEP][PASSED] - if (ExecuteTC.equalsIgnoreCase("Y")): Object 'Object Repository/RAD_Pages/PaymentEntry_Page/input__billingName' is present

2024-11-12 16:03:39 - [TEST_STEP][PASSED] - out.println("Begin Record Number: " + row): null

2024-11-12 16:03:39 - [TEST_STEP][PASSED] - today = new java.util.Date(): null

2024-11-12 16:03:39 - [TEST_STEP][PASSED] - println(today): null

2024-11-12 16:03:39 - [TEST_STEP][PASSED] - datText = today: null

2024-11-12 16:03:39 - [TEST_STEP][PASSED] - logInfo("Payment Type: Existing Liability with Notice/Invoice Number"): Payment Type: Existing Liability with Notice/Invoice Number

2024-11-12 16:03:39 - [MESSAGE][INFO] - Payment Type: Existing Liability with Notice/Invoice Number

2024-11-12 16:03:39 - [TEST_STEP][PASSED] - logInfo("Tax Type: " + TaxType): Tax Type: Alcohol Tax

2024-11-12 16:03:39 - [MESSAGE][INFO] - Tax Type: Alcohol Tax

2024-11-12 16:03:39 - [TEST_STEP][PASSED] - openBrowser(""): Browser is opened with url: ''

2024-11-12 16:03:39 - [MESSAGE][WARNING] - A browser is already opened. Closing browser and opening a new one

2024-11-12 16:03:41 - [MESSAGE][INFO] - Starting 'Chrome' driver

2024-11-12 16:03:41 - [MESSAGE][INFO] - User set preference: ['acceptInsecureCerts', 'true']

2024-11-12 16:03:41 - [MESSAGE][INFO] - Action delay is set to 0 milliseconds

2024-11-12 16:03:43 - [MESSAGE][PASSED] - Browser is opened with url: ''

2024-11-12 16:03:43 - [TEST_STEP][PASSED] - maximizeWindow(): Current window maximized

2024-11-12 16:03:43 - [MESSAGE][PASSED] - Current window maximized

2024-11-12 16:03:43 - [TEST_STEP][PASSED] - navigateToUrl(RADurl): Navigate to 'https://www.velocitypayment.com/client/rad/index.html' successfully

2024-11-12 16:03:43 - [MESSAGE][PASSED] - Navigate to 'https://www.velocitypayment.com/client/rad/index.html' successfully

2024-11-12 16:03:43 - [TEST_STEP][PASSED] - selectOptionByLabel(findTestObject(orPath_Landing + "/dd_TaxType"), "Existing Liability with Notice/Invoice Number", false): All options with label 'Existing Liability with Notice/Invoice Number' are selected in object 'Object Repository/RAD_Pages/Landing_Page/dd_TaxType' 

2024-11-12 16:03:45 - [MESSAGE][PASSED] - All options with label 'Existing Liability with Notice/Invoice Number' are selected in object 'Object Repository/RAD_Pages/Landing_Page/dd_TaxType' 

2024-11-12 16:03:45 - [TEST_STEP][PASSED] - selectOptionByLabel(findTestObject(orPath_TaxTypeFilingYear + "/select_TaxType_ExistingLiability"), TaxType, false): All options with label 'Alcohol Tax' are selected in object 'Object Repository/RAD_Pages/TaxTypeFilingYear_Page/select_TaxType_ExistingLiability' 

2024-11-12 16:03:46 - [MESSAGE][PASSED] - All options with label 'Alcohol Tax' are selected in object 'Object Repository/RAD_Pages/TaxTypeFilingYear_Page/select_TaxType_ExistingLiability' 

2024-11-12 16:03:46 - [TEST_STEP][PASSED] - rad.getSetDataRAD.setDataRADBusinessName(): rad.getSetDataRAD.setDataRADBusinessName is PASSED

2024-11-12 16:03:47 - [MESSAGE][PASSED] - Text 'My Company' is set on object 'Object Repository/RAD_Pages/Taxpayer_Page/input_businessName'

2024-11-12 16:03:47 - [MESSAGE][PASSED] - rad.getSetDataRAD.setDataRADBusinessName is PASSED

2024-11-12 16:03:47 - [TEST_STEP][PASSED] - rad.getSetDataRAD.setDataRADBusinessRep(): rad.getSetDataRAD.setDataRADBusinessRep is PASSED

2024-11-12 16:03:47 - [MESSAGE][PASSED] - Text 'BusRepFname' is set on object 'Object Repository/RAD_Pages/Taxpayer_Page/input_BusinessRepfirstName'

2024-11-12 16:03:48 - [MESSAGE][PASSED] - Text '' is set on object 'Object Repository/RAD_Pages/Taxpayer_Page/input_BusinessRepmiddleName'

2024-11-12 16:03:49 - [MESSAGE][PASSED] - Text 'BusRepLname' is set on object 'Object Repository/RAD_Pages/Taxpayer_Page/input_BusinessReplastName'

2024-11-12 16:03:50 - [MESSAGE][PASSED] - Text '' is set on object 'Object Repository/RAD_Pages/Taxpayer_Page/input_BusinessRepsuffix'

2024-11-12 16:03:50 - [MESSAGE][PASSED] - rad.getSetDataRAD.setDataRADBusinessRep is PASSED

2024-11-12 16:03:50 - [TEST_STEP][PASSED] - rad.getSetDataRAD.setDataRADAddress(): rad.getSetDataRAD.setDataRADAddress is PASSED

2024-11-12 16:03:50 - [MESSAGE][PASSED] - All options with label 'United States' are selected in object 'Object Repository/RAD_Pages/AddressAndContactInfo_Page/select_Country' 

2024-11-12 16:03:51 - [MESSAGE][PASSED] - Text '2508 Mandan Terrace' is set on object 'Object Repository/RAD_Pages/AddressAndContactInfo_Page/input_streetAddress1'

2024-11-12 16:03:52 - [MESSAGE][PASSED] - Text '' is set on object 'Object Repository/RAD_Pages/AddressAndContactInfo_Page/input_streetAddress2'

2024-11-12 16:03:52 - [MESSAGE][PASSED] - Text 'Gambrills' is set on object 'Object Repository/RAD_Pages/AddressAndContactInfo_Page/input_city'

2024-11-12 16:03:53 - [MESSAGE][PASSED] - All options with label 'Maryland' are selected in object 'Object Repository/RAD_Pages/AddressAndContactInfo_Page/select_State' 

2024-11-12 16:03:54 - [MESSAGE][PASSED] - Text '21054' is set on object 'Object Repository/RAD_Pages/AddressAndContactInfo_Page/input_zipCode'

2024-11-12 16:03:55 - [MESSAGE][PASSED] - Text '(703) 894-5000' is set on object 'Object Repository/RAD_Pages/AddressAndContactInfo_Page/input_phoneNumber'

2024-11-12 16:03:56 - [MESSAGE][PASSED] - Text 'iahmed@govolution.com' is set on object 'Object Repository/RAD_Pages/AddressAndContactInfo_Page/input_eMailAddress'

2024-11-12 16:03:57 - [MESSAGE][PASSED] - Text 'iahmed@govolution.com' is set on object 'Object Repository/RAD_Pages/AddressAndContactInfo_Page/input_reEnterEMailAddress'

2024-11-12 16:03:57 - [MESSAGE][PASSED] - rad.getSetDataRAD.setDataRADAddress is PASSED

2024-11-12 16:03:57 - [TEST_STEP][PASSED] - if (feinSsn.equalsIgnoreCase("Y")): null

2024-11-12 16:03:57 - [TEST_STEP][PASSED] - else: Text ****** has been set on object 'Object Repository/RAD_Pages/TaxInfo_Page/input_concat(id(, , data, , ))_Data (1)'

2024-11-12 16:03:57 - [TEST_STEP][PASSED] - setEncryptedText(findTestObject("Object Repository/RAD_Pages/TaxInfo_Page/input_concat(id(, , data, , ))_Data"), "px0FNUagnh7G/CVR/QiY+A=="): Text ****** has been set on object 'Object Repository/RAD_Pages/TaxInfo_Page/input_concat(id(, , data, , ))_Data'

2024-11-12 16:03:58 - [MESSAGE][PASSED] - Text ****** has been set on object 'Object Repository/RAD_Pages/TaxInfo_Page/input_concat(id(, , data, , ))_Data'

2024-11-12 16:03:58 - [TEST_STEP][PASSED] - setEncryptedText(findTestObject("Object Repository/RAD_Pages/TaxInfo_Page/input_concat(id(, , data, , ))_Data (1)"), "px0FNUagnh7G/CVR/QiY+A=="): Text ****** has been set on object 'Object Repository/RAD_Pages/TaxInfo_Page/input_concat(id(, , data, , ))_Data (1)'

2024-11-12 16:03:58 - [MESSAGE][PASSED] - Text ****** has been set on object 'Object Repository/RAD_Pages/TaxInfo_Page/input_concat(id(, , data, , ))_Data (1)'

2024-11-12 16:03:58 - [TEST_STEP][PASSED] - rad.getSetDataRAD.setDataRADNoticeInvoiceThirteen(): rad.getSetDataRAD.setDataRADNoticeInvoiceThirteen is PASSED

2024-11-12 16:03:59 - [MESSAGE][PASSED] - Text '1234567890123' is set on object 'Object Repository/RAD_Pages/TaxInfo_Page/input_NoticeInvoiceNumber'

2024-11-12 16:04:00 - [MESSAGE][PASSED] - Text '1234567890123' is set on object 'Object Repository/RAD_Pages/TaxInfo_Page/input_reTypeNoticeInvoiceNumber'

2024-11-12 16:04:00 - [MESSAGE][PASSED] - rad.getSetDataRAD.setDataRADNoticeInvoiceThirteen is PASSED

2024-11-12 16:04:00 - [TEST_STEP][PASSED] - if (MFLicNum.equalsIgnoreCase("Y")): null

2024-11-12 16:04:00 - [TEST_STEP][PASSED] - if (CRN.equalsIgnoreCase("Y")): rad.getSetDataRAD.setDataExistingRADMDCRN is PASSED

2024-11-12 16:04:00 - [TEST_STEP][PASSED] - rad.getSetDataRAD.setDataExistingRADMDCRN(): rad.getSetDataRAD.setDataExistingRADMDCRN is PASSED

2024-11-12 16:04:00 - [MESSAGE][PASSED] - Text '07640126' is set on object 'Object Repository/RAD_Pages/TaxInfo_Page/input_MDCRegistrationEL'

2024-11-12 16:04:00 - [MESSAGE][PASSED] - rad.getSetDataRAD.setDataExistingRADMDCRN is PASSED

2024-11-12 16:04:00 - [TEST_STEP][PASSED] - setText(findTestObject(orPath_Amount + "/input__paymentAmount"), "100.00"): Text '100.00' is set on object 'Object Repository/RAD_Pages/PaymentAmount_Page/input__paymentAmount'

2024-11-12 16:04:01 - [MESSAGE][PASSED] - Text '100.00' is set on object 'Object Repository/RAD_Pages/PaymentAmount_Page/input__paymentAmount'

2024-11-12 16:04:01 - [TEST_STEP][PASSED] - setText(findTestObject(orPath_AddressContact + "/input_streetAddress2"), ""): Text '' is set on object 'Object Repository/RAD_Pages/AddressAndContactInfo_Page/input_streetAddress2'

2024-11-12 16:04:02 - [MESSAGE][PASSED] - Text '' is set on object 'Object Repository/RAD_Pages/AddressAndContactInfo_Page/input_streetAddress2'

2024-11-12 16:04:02 - [TEST_STEP][PASSED] - scrollToElement(findTestObject(orPath_Landing + "/button_Continue"), 3): Scroll to object 'Object Repository/RAD_Pages/Landing_Page/button_Continue' successfully

2024-11-12 16:04:02 - [MESSAGE][PASSED] - Scroll to object 'Object Repository/RAD_Pages/Landing_Page/button_Continue' successfully

2024-11-12 16:04:02 - [TEST_STEP][PASSED] - waitForElementClickable(findTestObject(orPath_Landing + "/button_Continue"), 5): Object 'Object Repository/RAD_Pages/Landing_Page/button_Continue' is clickable

2024-11-12 16:04:03 - [MESSAGE][PASSED] - Object 'Object Repository/RAD_Pages/Landing_Page/button_Continue' is clickable

2024-11-12 16:04:03 - [TEST_STEP][PASSED] - click(findTestObject(orPath_Landing + "/button_Continue")): Object: 'Object Repository/RAD_Pages/Landing_Page/button_Continue' is clicked on

2024-11-12 16:04:03 - [MESSAGE][PASSED] - Object: 'Object Repository/RAD_Pages/Landing_Page/button_Continue' is clicked on

2024-11-12 16:04:03 - [TEST_STEP][PASSED] - delay(2): Delayed 2 second(s)

2024-11-12 16:04:05 - [MESSAGE][PASSED] - Delayed 2 second(s)

2024-11-12 16:04:05 - [TEST_STEP][PASSED] - verifyTextPresent("Summary", true): Text 'Summary' is present on page  using regular expression

2024-11-12 16:04:06 - [MESSAGE][PASSED] - Text 'Summary' is present on page  using regular expression

2024-11-12 16:04:06 - [TEST_STEP][PASSED] - verifyTextPresent("Review the information below and make any necessary corrections by clicking the", true): Text 'Review the information below and make any necessary corrections by clicking the' is present on page  using regular expression

2024-11-12 16:04:06 - [MESSAGE][PASSED] - Text 'Review the information below and make any necessary corrections by clicking the' is present on page  using regular expression

2024-11-12 16:04:06 - [TEST_STEP][PASSED] - verifyTextPresent("When you are confident that all the information is correct, click the", true): Text 'When you are confident that all the information is correct, click the' is present on page  using regular expression

2024-11-12 16:04:06 - [MESSAGE][PASSED] - Text 'When you are confident that all the information is correct, click the' is present on page  using regular expression

2024-11-12 16:04:06 - [TEST_STEP][PASSED] - verifyTextPresent("Payment Type/Filing Year", true): Text 'Payment Type/Filing Year' is present on page  using regular expression

2024-11-12 16:04:07 - [MESSAGE][PASSED] - Text 'Payment Type/Filing Year' is present on page  using regular expression

2024-11-12 16:04:07 - [TEST_STEP][PASSED] - verifyTextPresent("Payment Type:", true): Text 'Payment Type:' is present on page  using regular expression

2024-11-12 16:04:07 - [MESSAGE][PASSED] - Text 'Payment Type:' is present on page  using regular expression

2024-11-12 16:04:07 - [TEST_STEP][PASSED] - verifyTextPresent("Existing Liability with Notice/Invoice Number", true): Text 'Existing Liability with Notice/Invoice Number' is present on page  using regular expression

2024-11-12 16:04:07 - [MESSAGE][PASSED] - Text 'Existing Liability with Notice/Invoice Number' is present on page  using regular expression

2024-11-12 16:04:07 - [TEST_STEP][PASSED] - verifyTextPresent("Payer Information", true): Text 'Payer Information' is present on page  using regular expression

2024-11-12 16:04:08 - [MESSAGE][PASSED] - Text 'Payer Information' is present on page  using regular expression

2024-11-12 16:04:08 - [TEST_STEP][PASSED] - verifyTextPresent("Taxpayer Name:", true): Text 'Taxpayer Name:' is present on page  using regular expression

2024-11-12 16:04:08 - [MESSAGE][PASSED] - Text 'Taxpayer Name:' is present on page  using regular expression

2024-11-12 16:04:08 - [TEST_STEP][PASSED] - if (!(TaxType.equalsIgnoreCase("Sales & Use Tax"))): Text 'My Company' is present on page  using regular expression

2024-11-12 16:04:08 - [TEST_STEP][PASSED] - verifyTextPresent("My Company", true): Text 'My Company' is present on page  using regular expression

2024-11-12 16:04:08 - [MESSAGE][PASSED] - Text 'My Company' is present on page  using regular expression

2024-11-12 16:04:08 - [TEST_STEP][PASSED] - verifyTextPresent("Business Rep Name:", true): Text 'Business Rep Name:' is present on page  using regular expression

2024-11-12 16:04:09 - [MESSAGE][PASSED] - Text 'Business Rep Name:' is present on page  using regular expression

2024-11-12 16:04:09 - [TEST_STEP][PASSED] - verifyTextPresent("BusRepFname BusRepLname", true): Text 'BusRepFname BusRepLname' is present on page  using regular expression

2024-11-12 16:04:09 - [MESSAGE][PASSED] - Text 'BusRepFname BusRepLname' is present on page  using regular expression

2024-11-12 16:04:09 - [TEST_STEP][PASSED] - verifyTextPresent("Taxpayer Address:", true): Text 'Taxpayer Address:' is present on page  using regular expression

2024-11-12 16:04:09 - [MESSAGE][PASSED] - Text 'Taxpayer Address:' is present on page  using regular expression

2024-11-12 16:04:09 - [TEST_STEP][PASSED] - verifyTextPresent("2508 Mandan Terrace Gambrills Maryland 21054", true): Text '2508 Mandan Terrace Gambrills Maryland 21054' is present on page  using regular expression

2024-11-12 16:04:10 - [MESSAGE][PASSED] - Text '2508 Mandan Terrace Gambrills Maryland 21054' is present on page  using regular expression

2024-11-12 16:04:10 - [TEST_STEP][PASSED] - verifyTextPresent("Email:", true): Text 'Email:' is present on page  using regular expression

2024-11-12 16:04:10 - [MESSAGE][PASSED] - Text 'Email:' is present on page  using regular expression

2024-11-12 16:04:10 - [TEST_STEP][PASSED] - verifyTextPresent("iahmed@govolution.com", true): Text 'iahmed@govolution.com' is present on page  using regular expression

2024-11-12 16:04:10 - [MESSAGE][PASSED] - Text 'iahmed@govolution.com' is present on page  using regular expression

2024-11-12 16:04:10 - [TEST_STEP][PASSED] - verifyTextPresent("Phone:", true): Text 'Phone:' is present on page  using regular expression

2024-11-12 16:04:11 - [MESSAGE][PASSED] - Text 'Phone:' is present on page  using regular expression

2024-11-12 16:04:11 - [TEST_STEP][PASSED] - verifyTextPresent("(703) 894-5000", false): Text '(703) 894-5000' is present on page 

2024-11-12 16:04:11 - [MESSAGE][PASSED] - Text '(703) 894-5000' is present on page 

2024-11-12 16:04:11 - [TEST_STEP][PASSED] - verifyTextPresent("Tax Information", true): Text 'Tax Information' is present on page  using regular expression

2024-11-12 16:04:11 - [MESSAGE][PASSED] - Text 'Tax Information' is present on page  using regular expression

2024-11-12 16:04:11 - [TEST_STEP][PASSED] - if (feinSsn.equalsIgnoreCase("Y")): null

2024-11-12 16:04:11 - [TEST_STEP][PASSED] - else: Text 'FEIN/SSN:' is not present on page using regular expression

2024-11-12 16:04:11 - [TEST_STEP][PASSED] - verifyTextPresent("Federal EIN:", true): Text 'Federal EIN:' is present on page  using regular expression

2024-11-12 16:04:12 - [MESSAGE][PASSED] - Text 'Federal EIN:' is present on page  using regular expression

2024-11-12 16:04:12 - [TEST_STEP][PASSED] - verifyTextNotPresent("FEIN/SSN:", true): Text 'FEIN/SSN:' is not present on page using regular expression

2024-11-12 16:04:12 - [MESSAGE][PASSED] - Text 'FEIN/SSN:' is not present on page using regular expression

2024-11-12 16:04:12 - [TEST_STEP][PASSED] - verifyTextPresent("XXXXX0532", true): Text 'XXXXX0532' is present on page  using regular expression

2024-11-12 16:04:12 - [MESSAGE][PASSED] - Text 'XXXXX0532' is present on page  using regular expression

2024-11-12 16:04:12 - [TEST_STEP][PASSED] - verifyTextPresent("Notice Or Invoice Number:", true): Text 'Notice Or Invoice Number:' is present on page  using regular expression

2024-11-12 16:04:13 - [MESSAGE][PASSED] - Text 'Notice Or Invoice Number:' is present on page  using regular expression

2024-11-12 16:04:13 - [TEST_STEP][PASSED] - verifyTextPresent("1234567890123", true): Text '1234567890123' is present on page  using regular expression

2024-11-12 16:04:13 - [MESSAGE][PASSED] - Text '1234567890123' is present on page  using regular expression

2024-11-12 16:04:13 - [TEST_STEP][PASSED] - verifyTextPresent("Tax Type:", true): Text 'Tax Type:' is present on page  using regular expression

2024-11-12 16:04:13 - [MESSAGE][PASSED] - Text 'Tax Type:' is present on page  using regular expression

2024-11-12 16:04:13 - [TEST_STEP][PASSED] - verifyTextPresent(TaxType, true): Text 'Alcohol Tax' is present on page  using regular expression

2024-11-12 16:04:14 - [MESSAGE][PASSED] - Text 'Alcohol Tax' is present on page  using regular expression

2024-11-12 16:04:14 - [TEST_STEP][PASSED] - if (CRN.equalsIgnoreCase("Y")): Text '07640126' is present on page  using regular expression

2024-11-12 16:04:14 - [TEST_STEP][PASSED] - verifyTextPresent("MD Central Registration Number#:", true): Text 'MD Central Registration Number#:' is present on page  using regular expression

2024-11-12 16:04:14 - [MESSAGE][PASSED] - Text 'MD Central Registration Number#:' is present on page  using regular expression

2024-11-12 16:04:14 - [TEST_STEP][PASSED] - verifyTextPresent("07640126", true): Text '07640126' is present on page  using regular expression

2024-11-12 16:04:14 - [MESSAGE][PASSED] - Text '07640126' is present on page  using regular expression

2024-11-12 16:04:14 - [TEST_STEP][PASSED] - if (MFLicNum.equalsIgnoreCase("Y")): null

2024-11-12 16:04:14 - [TEST_STEP][PASSED] - verifyTextPresent("Payment Amount:", true): Text 'Payment Amount:' is present on page  using regular expression

2024-11-12 16:04:15 - [MESSAGE][PASSED] - Text 'Payment Amount:' is present on page  using regular expression

2024-11-12 16:04:15 - [TEST_STEP][PASSED] - verifyTextPresent("100.00", true): Text '100.00' is present on page  using regular expression

2024-11-12 16:04:15 - [MESSAGE][PASSED] - Text '100.00' is present on page  using regular expression

2024-11-12 16:04:15 - [TEST_STEP][PASSED] - if (verifyElementVisible(findTestObject(orPath_Summary + "/button_Proceed to Payment"))): null

2024-11-12 16:04:15 - [MESSAGE][PASSED] - Object 'Object Repository/RAD_Pages/Summary_Page/button_Proceed to Payment' is visible

2024-11-12 16:04:15 - [TEST_STEP][PASSED] - resText = "Pass": null

2024-11-12 16:04:15 - [TEST_STEP][PASSED] - pages.WriteExcel.demoKey(resText, datText, resColumn, datCloumn, fileLoc, nameSheet, row): pages.WriteExcel.demoKey is PASSED

2024-11-12 16:04:15 - [MESSAGE][PASSED] - pages.WriteExcel.demoKey is PASSED

2024-11-12 16:04:15 - [TEST_STEP][PASSED] - click(findTestObject(orPath_Summary + "/button_Proceed to Payment")): Object: 'Object Repository/RAD_Pages/Summary_Page/button_Proceed to Payment' is clicked on

2024-11-12 16:04:18 - [MESSAGE][PASSED] - Object: 'Object Repository/RAD_Pages/Summary_Page/button_Proceed to Payment' is clicked on

2024-11-12 16:04:18 - [TEST_STEP][PASSED] - verifyElementPresent(findTestObject("Object Repository/RAD_Pages/PaymentEntry_Page/input__billingName"), 30): Object 'Object Repository/RAD_Pages/PaymentEntry_Page/input__billingName' is present

2024-11-12 16:04:18 - [MESSAGE][PASSED] - Object 'Object Repository/RAD_Pages/PaymentEntry_Page/input__billingName' is present

2024-11-12 16:04:18 - [TEST_STEP][PASSED] - ExecuteTC = findTestData(dataFile).getValue("Execute", row): null

2024-11-12 16:04:18 - [TEST_STEP][PASSED] - TaxType = findTestData(dataFile).getValue("TaxType", row): null

2024-11-12 16:04:18 - [TEST_STEP][PASSED] - PaymentType = findTestData(dataFile).getValue("PaymentType", row): null

2024-11-12 16:04:18 - [TEST_STEP][PASSED] - feinSsn = findTestData(dataFile).getValue("FEINSSN", row): null

2024-11-12 16:04:18 - [TEST_STEP][PASSED] - CRN = findTestData(dataFile).getValue("CRN", row): null

2024-11-12 16:04:18 - [TEST_STEP][PASSED] - MFLicNum = findTestData(dataFile).getValue("MFLicNum", row): null

2024-11-12 16:04:19 - [TEST_STEP][PASSED] - if (ExecuteTC.equalsIgnoreCase("Y")): Object 'Object Repository/RAD_Pages/PaymentEntry_Page/input__billingName' is present

2024-11-12 16:04:19 - [TEST_STEP][PASSED] - out.println("Begin Record Number: " + row): null

2024-11-12 16:04:19 - [TEST_STEP][PASSED] - today = new java.util.Date(): null

2024-11-12 16:04:19 - [TEST_STEP][PASSED] - println(today): null

2024-11-12 16:04:19 - [TEST_STEP][PASSED] - datText = today: null

2024-11-12 16:04:19 - [TEST_STEP][PASSED] - logInfo("Payment Type: Existing Liability with Notice/Invoice Number"): Payment Type: Existing Liability with Notice/Invoice Number

2024-11-12 16:04:19 - [MESSAGE][INFO] - Payment Type: Existing Liability with Notice/Invoice Number

2024-11-12 16:04:19 - [TEST_STEP][PASSED] - logInfo("Tax Type: " + TaxType): Tax Type: PTE Tax Electing Non-S Corp

2024-11-12 16:04:19 - [MESSAGE][INFO] - Tax Type: PTE Tax Electing Non-S Corp

2024-11-12 16:04:19 - [TEST_STEP][PASSED] - openBrowser(""): Browser is opened with url: ''

2024-11-12 16:04:19 - [MESSAGE][WARNING] - A browser is already opened. Closing browser and opening a new one

2024-11-12 16:04:20 - [MESSAGE][INFO] - Starting 'Chrome' driver

2024-11-12 16:04:20 - [MESSAGE][INFO] - User set preference: ['acceptInsecureCerts', 'true']

2024-11-12 16:04:20 - [MESSAGE][INFO] - Action delay is set to 0 milliseconds

2024-11-12 16:04:21 - [MESSAGE][PASSED] - Browser is opened with url: ''

2024-11-12 16:04:21 - [TEST_STEP][PASSED] - maximizeWindow(): Current window maximized

2024-11-12 16:04:22 - [MESSAGE][PASSED] - Current window maximized

2024-11-12 16:04:22 - [TEST_STEP][PASSED] - navigateToUrl(RADurl): Navigate to 'https://www.velocitypayment.com/client/rad/index.html' successfully

2024-11-12 16:04:23 - [MESSAGE][PASSED] - Navigate to 'https://www.velocitypayment.com/client/rad/index.html' successfully

2024-11-12 16:04:23 - [TEST_STEP][PASSED] - selectOptionByLabel(findTestObject(orPath_Landing + "/dd_TaxType"), "Existing Liability with Notice/Invoice Number", false): All options with label 'Existing Liability with Notice/Invoice Number' are selected in object 'Object Repository/RAD_Pages/Landing_Page/dd_TaxType' 

2024-11-12 16:04:24 - [MESSAGE][PASSED] - All options with label 'Existing Liability with Notice/Invoice Number' are selected in object 'Object Repository/RAD_Pages/Landing_Page/dd_TaxType' 

2024-11-12 16:04:24 - [TEST_STEP][PASSED] - selectOptionByLabel(findTestObject(orPath_TaxTypeFilingYear + "/select_TaxType_ExistingLiability"), TaxType, false): All options with label 'PTE Tax Electing Non-S Corp' are selected in object 'Object Repository/RAD_Pages/TaxTypeFilingYear_Page/select_TaxType_ExistingLiability' 

2024-11-12 16:04:25 - [MESSAGE][PASSED] - All options with label 'PTE Tax Electing Non-S Corp' are selected in object 'Object Repository/RAD_Pages/TaxTypeFilingYear_Page/select_TaxType_ExistingLiability' 

2024-11-12 16:04:25 - [TEST_STEP][PASSED] - rad.getSetDataRAD.setDataRADBusinessName(): rad.getSetDataRAD.setDataRADBusinessName is PASSED

2024-11-12 16:04:26 - [MESSAGE][PASSED] - Text 'My Company' is set on object 'Object Repository/RAD_Pages/Taxpayer_Page/input_businessName'

2024-11-12 16:04:26 - [MESSAGE][PASSED] - rad.getSetDataRAD.setDataRADBusinessName is PASSED

2024-11-12 16:04:26 - [TEST_STEP][PASSED] - rad.getSetDataRAD.setDataRADBusinessRep(): rad.getSetDataRAD.setDataRADBusinessRep is PASSED

2024-11-12 16:04:26 - [MESSAGE][PASSED] - Text 'BusRepFname' is set on object 'Object Repository/RAD_Pages/Taxpayer_Page/input_BusinessRepfirstName'

2024-11-12 16:04:27 - [MESSAGE][PASSED] - Text '' is set on object 'Object Repository/RAD_Pages/Taxpayer_Page/input_BusinessRepmiddleName'

2024-11-12 16:04:28 - [MESSAGE][PASSED] - Text 'BusRepLname' is set on object 'Object Repository/RAD_Pages/Taxpayer_Page/input_BusinessReplastName'

2024-11-12 16:04:29 - [MESSAGE][PASSED] - Text '' is set on object 'Object Repository/RAD_Pages/Taxpayer_Page/input_BusinessRepsuffix'

2024-11-12 16:04:29 - [MESSAGE][PASSED] - rad.getSetDataRAD.setDataRADBusinessRep is PASSED

2024-11-12 16:04:29 - [TEST_STEP][PASSED] - rad.getSetDataRAD.setDataRADAddress(): rad.getSetDataRAD.setDataRADAddress is PASSED

2024-11-12 16:04:29 - [MESSAGE][PASSED] - All options with label 'United States' are selected in object 'Object Repository/RAD_Pages/AddressAndContactInfo_Page/select_Country' 

2024-11-12 16:04:30 - [MESSAGE][PASSED] - Text '2508 Mandan Terrace' is set on object 'Object Repository/RAD_Pages/AddressAndContactInfo_Page/input_streetAddress1'

2024-11-12 16:04:31 - [MESSAGE][PASSED] - Text '' is set on object 'Object Repository/RAD_Pages/AddressAndContactInfo_Page/input_streetAddress2'

2024-11-12 16:04:32 - [MESSAGE][PASSED] - Text 'Gambrills' is set on object 'Object Repository/RAD_Pages/AddressAndContactInfo_Page/input_city'

2024-11-12 16:04:32 - [MESSAGE][PASSED] - All options with label 'Maryland' are selected in object 'Object Repository/RAD_Pages/AddressAndContactInfo_Page/select_State' 

2024-11-12 16:04:33 - [MESSAGE][PASSED] - Text '21054' is set on object 'Object Repository/RAD_Pages/AddressAndContactInfo_Page/input_zipCode'

2024-11-12 16:04:34 - [MESSAGE][PASSED] - Text '(703) 894-5000' is set on object 'Object Repository/RAD_Pages/AddressAndContactInfo_Page/input_phoneNumber'

2024-11-12 16:04:35 - [MESSAGE][PASSED] - Text 'iahmed@govolution.com' is set on object 'Object Repository/RAD_Pages/AddressAndContactInfo_Page/input_eMailAddress'

2024-11-12 16:04:36 - [MESSAGE][PASSED] - Text 'iahmed@govolution.com' is set on object 'Object Repository/RAD_Pages/AddressAndContactInfo_Page/input_reEnterEMailAddress'

2024-11-12 16:04:36 - [MESSAGE][PASSED] - rad.getSetDataRAD.setDataRADAddress is PASSED

2024-11-12 16:04:36 - [TEST_STEP][PASSED] - if (feinSsn.equalsIgnoreCase("Y")): Text ****** has been set on object 'Object Repository/RAD_Pages/TaxInfo_Page/input_TaxInfo_RetypefeinSsn_Existing_New'

2024-11-12 16:04:36 - [TEST_STEP][PASSED] - setEncryptedText(findTestObject(orPath_TaxInfo + "/input_TaxInfo_feinSsn_Existing_New"), "px0FNUagnh7G/CVR/QiY+A=="): Text ****** has been set on object 'Object Repository/RAD_Pages/TaxInfo_Page/input_TaxInfo_feinSsn_Existing_New'

2024-11-12 16:04:37 - [MESSAGE][PASSED] - Text ****** has been set on object 'Object Repository/RAD_Pages/TaxInfo_Page/input_TaxInfo_feinSsn_Existing_New'

2024-11-12 16:04:37 - [TEST_STEP][PASSED] - setEncryptedText(findTestObject(orPath_TaxInfo + "/input_TaxInfo_RetypefeinSsn_Existing_New"), "px0FNUagnh7G/CVR/QiY+A=="): Text ****** has been set on object 'Object Repository/RAD_Pages/TaxInfo_Page/input_TaxInfo_RetypefeinSsn_Existing_New'

2024-11-12 16:04:38 - [MESSAGE][PASSED] - Text ****** has been set on object 'Object Repository/RAD_Pages/TaxInfo_Page/input_TaxInfo_RetypefeinSsn_Existing_New'

2024-11-12 16:04:38 - [TEST_STEP][PASSED] - rad.getSetDataRAD.setDataRADNoticeInvoiceThirteen(): rad.getSetDataRAD.setDataRADNoticeInvoiceThirteen is PASSED

2024-11-12 16:04:38 - [MESSAGE][PASSED] - Text '1234567890123' is set on object 'Object Repository/RAD_Pages/TaxInfo_Page/input_NoticeInvoiceNumber'

2024-11-12 16:04:39 - [MESSAGE][PASSED] - Text '1234567890123' is set on object 'Object Repository/RAD_Pages/TaxInfo_Page/input_reTypeNoticeInvoiceNumber'

2024-11-12 16:04:39 - [MESSAGE][PASSED] - rad.getSetDataRAD.setDataRADNoticeInvoiceThirteen is PASSED

2024-11-12 16:04:39 - [TEST_STEP][PASSED] - if (MFLicNum.equalsIgnoreCase("Y")): null

2024-11-12 16:04:39 - [TEST_STEP][PASSED] - if (CRN.equalsIgnoreCase("Y")): null

2024-11-12 16:04:39 - [TEST_STEP][PASSED] - setText(findTestObject(orPath_Amount + "/input__paymentAmount"), "100.00"): Text '100.00' is set on object 'Object Repository/RAD_Pages/PaymentAmount_Page/input__paymentAmount'

2024-11-12 16:04:40 - [MESSAGE][PASSED] - Text '100.00' is set on object 'Object Repository/RAD_Pages/PaymentAmount_Page/input__paymentAmount'

2024-11-12 16:04:40 - [TEST_STEP][PASSED] - setText(findTestObject(orPath_AddressContact + "/input_streetAddress2"), ""): Text '' is set on object 'Object Repository/RAD_Pages/AddressAndContactInfo_Page/input_streetAddress2'

2024-11-12 16:04:41 - [MESSAGE][PASSED] - Text '' is set on object 'Object Repository/RAD_Pages/AddressAndContactInfo_Page/input_streetAddress2'

2024-11-12 16:04:41 - [TEST_STEP][PASSED] - scrollToElement(findTestObject(orPath_Landing + "/button_Continue"), 3): Scroll to object 'Object Repository/RAD_Pages/Landing_Page/button_Continue' successfully

2024-11-12 16:04:41 - [MESSAGE][PASSED] - Scroll to object 'Object Repository/RAD_Pages/Landing_Page/button_Continue' successfully

2024-11-12 16:04:41 - [TEST_STEP][PASSED] - waitForElementClickable(findTestObject(orPath_Landing + "/button_Continue"), 5): Object 'Object Repository/RAD_Pages/Landing_Page/button_Continue' is clickable

2024-11-12 16:04:42 - [MESSAGE][PASSED] - Object 'Object Repository/RAD_Pages/Landing_Page/button_Continue' is clickable

2024-11-12 16:04:42 - [TEST_STEP][PASSED] - click(findTestObject(orPath_Landing + "/button_Continue")): Object: 'Object Repository/RAD_Pages/Landing_Page/button_Continue' is clicked on

2024-11-12 16:04:42 - [MESSAGE][PASSED] - Object: 'Object Repository/RAD_Pages/Landing_Page/button_Continue' is clicked on

2024-11-12 16:04:42 - [TEST_STEP][PASSED] - delay(2): Delayed 2 second(s)

2024-11-12 16:04:44 - [MESSAGE][PASSED] - Delayed 2 second(s)

2024-11-12 16:04:44 - [TEST_STEP][PASSED] - verifyTextPresent("Summary", true): Text 'Summary' is present on page  using regular expression

2024-11-12 16:04:45 - [MESSAGE][PASSED] - Text 'Summary' is present on page  using regular expression

2024-11-12 16:04:45 - [TEST_STEP][PASSED] - verifyTextPresent("Review the information below and make any necessary corrections by clicking the", true): Text 'Review the information below and make any necessary corrections by clicking the' is present on page  using regular expression

2024-11-12 16:04:45 - [MESSAGE][PASSED] - Text 'Review the information below and make any necessary corrections by clicking the' is present on page  using regular expression

2024-11-12 16:04:45 - [TEST_STEP][PASSED] - verifyTextPresent("When you are confident that all the information is correct, click the", true): Text 'When you are confident that all the information is correct, click the' is present on page  using regular expression

2024-11-12 16:04:45 - [MESSAGE][PASSED] - Text 'When you are confident that all the information is correct, click the' is present on page  using regular expression

2024-11-12 16:04:45 - [TEST_STEP][PASSED] - verifyTextPresent("Payment Type/Filing Year", true): Text 'Payment Type/Filing Year' is present on page  using regular expression

2024-11-12 16:04:46 - [MESSAGE][PASSED] - Text 'Payment Type/Filing Year' is present on page  using regular expression

2024-11-12 16:04:46 - [TEST_STEP][PASSED] - verifyTextPresent("Payment Type:", true): Text 'Payment Type:' is present on page  using regular expression

2024-11-12 16:04:46 - [MESSAGE][PASSED] - Text 'Payment Type:' is present on page  using regular expression

2024-11-12 16:04:46 - [TEST_STEP][PASSED] - verifyTextPresent("Existing Liability with Notice/Invoice Number", true): Text 'Existing Liability with Notice/Invoice Number' is present on page  using regular expression

2024-11-12 16:04:46 - [MESSAGE][PASSED] - Text 'Existing Liability with Notice/Invoice Number' is present on page  using regular expression

2024-11-12 16:04:46 - [TEST_STEP][PASSED] - verifyTextPresent("Payer Information", true): Text 'Payer Information' is present on page  using regular expression

2024-11-12 16:04:47 - [MESSAGE][PASSED] - Text 'Payer Information' is present on page  using regular expression

2024-11-12 16:04:47 - [TEST_STEP][PASSED] - verifyTextPresent("Taxpayer Name:", true): Text 'Taxpayer Name:' is present on page  using regular expression

2024-11-12 16:04:47 - [MESSAGE][PASSED] - Text 'Taxpayer Name:' is present on page  using regular expression

2024-11-12 16:04:47 - [TEST_STEP][PASSED] - if (!(TaxType.equalsIgnoreCase("Sales & Use Tax"))): Text 'My Company' is present on page  using regular expression

2024-11-12 16:04:47 - [TEST_STEP][PASSED] - verifyTextPresent("My Company", true): Text 'My Company' is present on page  using regular expression

2024-11-12 16:04:47 - [MESSAGE][PASSED] - Text 'My Company' is present on page  using regular expression

2024-11-12 16:04:47 - [TEST_STEP][PASSED] - verifyTextPresent("Business Rep Name:", true): Text 'Business Rep Name:' is present on page  using regular expression

2024-11-12 16:04:48 - [MESSAGE][PASSED] - Text 'Business Rep Name:' is present on page  using regular expression

2024-11-12 16:04:48 - [TEST_STEP][PASSED] - verifyTextPresent("BusRepFname BusRepLname", true): Text 'BusRepFname BusRepLname' is present on page  using regular expression

2024-11-12 16:04:48 - [MESSAGE][PASSED] - Text 'BusRepFname BusRepLname' is present on page  using regular expression

2024-11-12 16:04:48 - [TEST_STEP][PASSED] - verifyTextPresent("Taxpayer Address:", true): Text 'Taxpayer Address:' is present on page  using regular expression

2024-11-12 16:04:48 - [MESSAGE][PASSED] - Text 'Taxpayer Address:' is present on page  using regular expression

2024-11-12 16:04:48 - [TEST_STEP][PASSED] - verifyTextPresent("2508 Mandan Terrace Gambrills Maryland 21054", true): Text '2508 Mandan Terrace Gambrills Maryland 21054' is present on page  using regular expression

2024-11-12 16:04:49 - [MESSAGE][PASSED] - Text '2508 Mandan Terrace Gambrills Maryland 21054' is present on page  using regular expression

2024-11-12 16:04:49 - [TEST_STEP][PASSED] - verifyTextPresent("Email:", true): Text 'Email:' is present on page  using regular expression

2024-11-12 16:04:49 - [MESSAGE][PASSED] - Text 'Email:' is present on page  using regular expression

2024-11-12 16:04:49 - [TEST_STEP][PASSED] - verifyTextPresent("iahmed@govolution.com", true): Text 'iahmed@govolution.com' is present on page  using regular expression

2024-11-12 16:04:49 - [MESSAGE][PASSED] - Text 'iahmed@govolution.com' is present on page  using regular expression

2024-11-12 16:04:49 - [TEST_STEP][PASSED] - verifyTextPresent("Phone:", true): Text 'Phone:' is present on page  using regular expression

2024-11-12 16:04:50 - [MESSAGE][PASSED] - Text 'Phone:' is present on page  using regular expression

2024-11-12 16:04:50 - [TEST_STEP][PASSED] - verifyTextPresent("(703) 894-5000", false): Text '(703) 894-5000' is present on page 

2024-11-12 16:04:50 - [MESSAGE][PASSED] - Text '(703) 894-5000' is present on page 

2024-11-12 16:04:50 - [TEST_STEP][PASSED] - verifyTextPresent("Tax Information", true): Text 'Tax Information' is present on page  using regular expression

2024-11-12 16:04:50 - [MESSAGE][PASSED] - Text 'Tax Information' is present on page  using regular expression

2024-11-12 16:04:50 - [TEST_STEP][PASSED] - if (feinSsn.equalsIgnoreCase("Y")): Text 'Federal EIN:' is not present on page using regular expression

2024-11-12 16:04:50 - [TEST_STEP][PASSED] - verifyTextPresent("FEIN/SSN:", true): Text 'FEIN/SSN:' is present on page  using regular expression

2024-11-12 16:04:51 - [MESSAGE][PASSED] - Text 'FEIN/SSN:' is present on page  using regular expression

2024-11-12 16:04:51 - [TEST_STEP][PASSED] - verifyTextNotPresent("Federal EIN:", true): Text 'Federal EIN:' is not present on page using regular expression

2024-11-12 16:04:51 - [MESSAGE][PASSED] - Text 'Federal EIN:' is not present on page using regular expression

2024-11-12 16:04:51 - [TEST_STEP][PASSED] - verifyTextPresent("XXXXX0532", true): Text 'XXXXX0532' is present on page  using regular expression

2024-11-12 16:04:51 - [MESSAGE][PASSED] - Text 'XXXXX0532' is present on page  using regular expression

2024-11-12 16:04:51 - [TEST_STEP][PASSED] - verifyTextPresent("Notice Or Invoice Number:", true): Text 'Notice Or Invoice Number:' is present on page  using regular expression

2024-11-12 16:04:52 - [MESSAGE][PASSED] - Text 'Notice Or Invoice Number:' is present on page  using regular expression

2024-11-12 16:04:52 - [TEST_STEP][PASSED] - verifyTextPresent("1234567890123", true): Text '1234567890123' is present on page  using regular expression

2024-11-12 16:04:52 - [MESSAGE][PASSED] - Text '1234567890123' is present on page  using regular expression

2024-11-12 16:04:52 - [TEST_STEP][PASSED] - verifyTextPresent("Tax Type:", true): Text 'Tax Type:' is present on page  using regular expression

2024-11-12 16:04:52 - [MESSAGE][PASSED] - Text 'Tax Type:' is present on page  using regular expression

2024-11-12 16:04:52 - [TEST_STEP][PASSED] - verifyTextPresent(TaxType, true): Text 'PTE Tax Electing Non-S Corp' is present on page  using regular expression

2024-11-12 16:04:53 - [MESSAGE][PASSED] - Text 'PTE Tax Electing Non-S Corp' is present on page  using regular expression

2024-11-12 16:04:53 - [TEST_STEP][PASSED] - if (CRN.equalsIgnoreCase("Y")): null

2024-11-12 16:04:53 - [TEST_STEP][PASSED] - if (MFLicNum.equalsIgnoreCase("Y")): null

2024-11-12 16:04:53 - [TEST_STEP][PASSED] - verifyTextPresent("Payment Amount:", true): Text 'Payment Amount:' is present on page  using regular expression

2024-11-12 16:04:53 - [MESSAGE][PASSED] - Text 'Payment Amount:' is present on page  using regular expression

2024-11-12 16:04:53 - [TEST_STEP][PASSED] - verifyTextPresent("100.00", true): Text '100.00' is present on page  using regular expression

2024-11-12 16:04:53 - [MESSAGE][PASSED] - Text '100.00' is present on page  using regular expression

2024-11-12 16:04:53 - [TEST_STEP][PASSED] - if (verifyElementVisible(findTestObject(orPath_Summary + "/button_Proceed to Payment"))): null

2024-11-12 16:04:54 - [MESSAGE][PASSED] - Object 'Object Repository/RAD_Pages/Summary_Page/button_Proceed to Payment' is visible

2024-11-12 16:04:54 - [TEST_STEP][PASSED] - resText = "Pass": null

2024-11-12 16:04:54 - [TEST_STEP][PASSED] - pages.WriteExcel.demoKey(resText, datText, resColumn, datCloumn, fileLoc, nameSheet, row): pages.WriteExcel.demoKey is PASSED

2024-11-12 16:04:54 - [MESSAGE][PASSED] - pages.WriteExcel.demoKey is PASSED

2024-11-12 16:04:54 - [TEST_STEP][PASSED] - click(findTestObject(orPath_Summary + "/button_Proceed to Payment")): Object: 'Object Repository/RAD_Pages/Summary_Page/button_Proceed to Payment' is clicked on

2024-11-12 16:04:56 - [MESSAGE][PASSED] - Object: 'Object Repository/RAD_Pages/Summary_Page/button_Proceed to Payment' is clicked on

2024-11-12 16:04:56 - [TEST_STEP][PASSED] - verifyElementPresent(findTestObject("Object Repository/RAD_Pages/PaymentEntry_Page/input__billingName"), 30): Object 'Object Repository/RAD_Pages/PaymentEntry_Page/input__billingName' is present

2024-11-12 16:04:56 - [MESSAGE][PASSED] - Object 'Object Repository/RAD_Pages/PaymentEntry_Page/input__billingName' is present

2024-11-12 16:04:56 - [TEST_STEP][PASSED] - ExecuteTC = findTestData(dataFile).getValue("Execute", row): null

2024-11-12 16:04:56 - [TEST_STEP][PASSED] - TaxType = findTestData(dataFile).getValue("TaxType", row): null

2024-11-12 16:04:56 - [TEST_STEP][PASSED] - PaymentType = findTestData(dataFile).getValue("PaymentType", row): null

2024-11-12 16:04:57 - [TEST_STEP][PASSED] - feinSsn = findTestData(dataFile).getValue("FEINSSN", row): null

2024-11-12 16:04:57 - [TEST_STEP][PASSED] - CRN = findTestData(dataFile).getValue("CRN", row): null

2024-11-12 16:04:57 - [TEST_STEP][PASSED] - MFLicNum = findTestData(dataFile).getValue("MFLicNum", row): null

2024-11-12 16:04:57 - [TEST_STEP][PASSED] - if (ExecuteTC.equalsIgnoreCase("Y")): Object 'Object Repository/RAD_Pages/PaymentEntry_Page/input__billingName' is present

2024-11-12 16:04:57 - [TEST_STEP][PASSED] - out.println("Begin Record Number: " + row): null

2024-11-12 16:04:57 - [TEST_STEP][PASSED] - today = new java.util.Date(): null

2024-11-12 16:04:57 - [TEST_STEP][PASSED] - println(today): null

2024-11-12 16:04:57 - [TEST_STEP][PASSED] - datText = today: null

2024-11-12 16:04:57 - [TEST_STEP][PASSED] - logInfo("Payment Type: Existing Liability with Notice/Invoice Number"): Payment Type: Existing Liability with Notice/Invoice Number

2024-11-12 16:04:57 - [MESSAGE][INFO] - Payment Type: Existing Liability with Notice/Invoice Number

2024-11-12 16:04:57 - [TEST_STEP][PASSED] - logInfo("Tax Type: " + TaxType): Tax Type: PTE Tax Electing S Corp

2024-11-12 16:04:57 - [MESSAGE][INFO] - Tax Type: PTE Tax Electing S Corp

2024-11-12 16:04:57 - [TEST_STEP][PASSED] - openBrowser(""): Browser is opened with url: ''

2024-11-12 16:04:57 - [MESSAGE][WARNING] - A browser is already opened. Closing browser and opening a new one

2024-11-12 16:04:58 - [MESSAGE][INFO] - Starting 'Chrome' driver

2024-11-12 16:04:58 - [MESSAGE][INFO] - User set preference: ['acceptInsecureCerts', 'true']

2024-11-12 16:04:58 - [MESSAGE][INFO] - Action delay is set to 0 milliseconds

2024-11-12 16:05:00 - [MESSAGE][PASSED] - Browser is opened with url: ''

2024-11-12 16:05:00 - [TEST_STEP][PASSED] - maximizeWindow(): Current window maximized

2024-11-12 16:05:00 - [MESSAGE][PASSED] - Current window maximized

2024-11-12 16:05:00 - [TEST_STEP][PASSED] - navigateToUrl(RADurl): Navigate to 'https://www.velocitypayment.com/client/rad/index.html' successfully

2024-11-12 16:05:02 - [MESSAGE][PASSED] - Navigate to 'https://www.velocitypayment.com/client/rad/index.html' successfully

2024-11-12 16:05:02 - [TEST_STEP][PASSED] - selectOptionByLabel(findTestObject(orPath_Landing + "/dd_TaxType"), "Existing Liability with Notice/Invoice Number", false): All options with label 'Existing Liability with Notice/Invoice Number' are selected in object 'Object Repository/RAD_Pages/Landing_Page/dd_TaxType' 

2024-11-12 16:05:02 - [MESSAGE][PASSED] - All options with label 'Existing Liability with Notice/Invoice Number' are selected in object 'Object Repository/RAD_Pages/Landing_Page/dd_TaxType' 

2024-11-12 16:05:02 - [TEST_STEP][PASSED] - selectOptionByLabel(findTestObject(orPath_TaxTypeFilingYear + "/select_TaxType_ExistingLiability"), TaxType, false): All options with label 'PTE Tax Electing S Corp' are selected in object 'Object Repository/RAD_Pages/TaxTypeFilingYear_Page/select_TaxType_ExistingLiability' 

2024-11-12 16:05:03 - [MESSAGE][PASSED] - All options with label 'PTE Tax Electing S Corp' are selected in object 'Object Repository/RAD_Pages/TaxTypeFilingYear_Page/select_TaxType_ExistingLiability' 

2024-11-12 16:05:03 - [TEST_STEP][PASSED] - rad.getSetDataRAD.setDataRADBusinessName(): rad.getSetDataRAD.setDataRADBusinessName is PASSED

2024-11-12 16:05:04 - [MESSAGE][PASSED] - Text 'My Company' is set on object 'Object Repository/RAD_Pages/Taxpayer_Page/input_businessName'

2024-11-12 16:05:04 - [MESSAGE][PASSED] - rad.getSetDataRAD.setDataRADBusinessName is PASSED

2024-11-12 16:05:04 - [TEST_STEP][PASSED] - rad.getSetDataRAD.setDataRADBusinessRep(): rad.getSetDataRAD.setDataRADBusinessRep is PASSED

2024-11-12 16:05:05 - [MESSAGE][PASSED] - Text 'BusRepFname' is set on object 'Object Repository/RAD_Pages/Taxpayer_Page/input_BusinessRepfirstName'

2024-11-12 16:05:05 - [MESSAGE][PASSED] - Text '' is set on object 'Object Repository/RAD_Pages/Taxpayer_Page/input_BusinessRepmiddleName'

2024-11-12 16:05:06 - [MESSAGE][PASSED] - Text 'BusRepLname' is set on object 'Object Repository/RAD_Pages/Taxpayer_Page/input_BusinessReplastName'

2024-11-12 16:05:07 - [MESSAGE][PASSED] - Text '' is set on object 'Object Repository/RAD_Pages/Taxpayer_Page/input_BusinessRepsuffix'

2024-11-12 16:05:07 - [MESSAGE][PASSED] - rad.getSetDataRAD.setDataRADBusinessRep is PASSED

2024-11-12 16:05:07 - [TEST_STEP][PASSED] - rad.getSetDataRAD.setDataRADAddress(): rad.getSetDataRAD.setDataRADAddress is PASSED

2024-11-12 16:05:07 - [MESSAGE][PASSED] - All options with label 'United States' are selected in object 'Object Repository/RAD_Pages/AddressAndContactInfo_Page/select_Country' 

2024-11-12 16:05:08 - [MESSAGE][PASSED] - Text '2508 Mandan Terrace' is set on object 'Object Repository/RAD_Pages/AddressAndContactInfo_Page/input_streetAddress1'

2024-11-12 16:05:09 - [MESSAGE][PASSED] - Text '' is set on object 'Object Repository/RAD_Pages/AddressAndContactInfo_Page/input_streetAddress2'

2024-11-12 16:05:10 - [MESSAGE][PASSED] - Text 'Gambrills' is set on object 'Object Repository/RAD_Pages/AddressAndContactInfo_Page/input_city'

2024-11-12 16:05:10 - [MESSAGE][PASSED] - All options with label 'Maryland' are selected in object 'Object Repository/RAD_Pages/AddressAndContactInfo_Page/select_State' 

2024-11-12 16:05:11 - [MESSAGE][PASSED] - Text '21054' is set on object 'Object Repository/RAD_Pages/AddressAndContactInfo_Page/input_zipCode'

2024-11-12 16:05:12 - [MESSAGE][PASSED] - Text '(703) 894-5000' is set on object 'Object Repository/RAD_Pages/AddressAndContactInfo_Page/input_phoneNumber'

2024-11-12 16:05:13 - [MESSAGE][PASSED] - Text 'iahmed@govolution.com' is set on object 'Object Repository/RAD_Pages/AddressAndContactInfo_Page/input_eMailAddress'

2024-11-12 16:05:13 - [MESSAGE][PASSED] - Text 'iahmed@govolution.com' is set on object 'Object Repository/RAD_Pages/AddressAndContactInfo_Page/input_reEnterEMailAddress'

2024-11-12 16:05:13 - [MESSAGE][PASSED] - rad.getSetDataRAD.setDataRADAddress is PASSED

2024-11-12 16:05:13 - [TEST_STEP][PASSED] - if (feinSsn.equalsIgnoreCase("Y")): Text ****** has been set on object 'Object Repository/RAD_Pages/TaxInfo_Page/input_TaxInfo_RetypefeinSsn_Existing_New'

2024-11-12 16:05:13 - [TEST_STEP][PASSED] - setEncryptedText(findTestObject(orPath_TaxInfo + "/input_TaxInfo_feinSsn_Existing_New"), "px0FNUagnh7G/CVR/QiY+A=="): Text ****** has been set on object 'Object Repository/RAD_Pages/TaxInfo_Page/input_TaxInfo_feinSsn_Existing_New'

2024-11-12 16:05:14 - [MESSAGE][PASSED] - Text ****** has been set on object 'Object Repository/RAD_Pages/TaxInfo_Page/input_TaxInfo_feinSsn_Existing_New'

2024-11-12 16:05:14 - [TEST_STEP][PASSED] - setEncryptedText(findTestObject(orPath_TaxInfo + "/input_TaxInfo_RetypefeinSsn_Existing_New"), "px0FNUagnh7G/CVR/QiY+A=="): Text ****** has been set on object 'Object Repository/RAD_Pages/TaxInfo_Page/input_TaxInfo_RetypefeinSsn_Existing_New'

2024-11-12 16:05:15 - [MESSAGE][PASSED] - Text ****** has been set on object 'Object Repository/RAD_Pages/TaxInfo_Page/input_TaxInfo_RetypefeinSsn_Existing_New'

2024-11-12 16:05:15 - [TEST_STEP][PASSED] - rad.getSetDataRAD.setDataRADNoticeInvoiceThirteen(): rad.getSetDataRAD.setDataRADNoticeInvoiceThirteen is PASSED

2024-11-12 16:05:16 - [MESSAGE][PASSED] - Text '1234567890123' is set on object 'Object Repository/RAD_Pages/TaxInfo_Page/input_NoticeInvoiceNumber'

2024-11-12 16:05:16 - [MESSAGE][PASSED] - Text '1234567890123' is set on object 'Object Repository/RAD_Pages/TaxInfo_Page/input_reTypeNoticeInvoiceNumber'

2024-11-12 16:05:16 - [MESSAGE][PASSED] - rad.getSetDataRAD.setDataRADNoticeInvoiceThirteen is PASSED

2024-11-12 16:05:16 - [TEST_STEP][PASSED] - if (MFLicNum.equalsIgnoreCase("Y")): null

2024-11-12 16:05:16 - [TEST_STEP][PASSED] - if (CRN.equalsIgnoreCase("Y")): null

2024-11-12 16:05:16 - [TEST_STEP][PASSED] - setText(findTestObject(orPath_Amount + "/input__paymentAmount"), "100.00"): Text '100.00' is set on object 'Object Repository/RAD_Pages/PaymentAmount_Page/input__paymentAmount'

2024-11-12 16:05:17 - [MESSAGE][PASSED] - Text '100.00' is set on object 'Object Repository/RAD_Pages/PaymentAmount_Page/input__paymentAmount'

2024-11-12 16:05:17 - [TEST_STEP][PASSED] - setText(findTestObject(orPath_AddressContact + "/input_streetAddress2"), ""): Text '' is set on object 'Object Repository/RAD_Pages/AddressAndContactInfo_Page/input_streetAddress2'

2024-11-12 16:05:18 - [MESSAGE][PASSED] - Text '' is set on object 'Object Repository/RAD_Pages/AddressAndContactInfo_Page/input_streetAddress2'

2024-11-12 16:05:18 - [TEST_STEP][PASSED] - scrollToElement(findTestObject(orPath_Landing + "/button_Continue"), 3): Scroll to object 'Object Repository/RAD_Pages/Landing_Page/button_Continue' successfully

2024-11-12 16:05:18 - [MESSAGE][PASSED] - Scroll to object 'Object Repository/RAD_Pages/Landing_Page/button_Continue' successfully

2024-11-12 16:05:18 - [TEST_STEP][PASSED] - waitForElementClickable(findTestObject(orPath_Landing + "/button_Continue"), 5): Object 'Object Repository/RAD_Pages/Landing_Page/button_Continue' is clickable

2024-11-12 16:05:19 - [MESSAGE][PASSED] - Object 'Object Repository/RAD_Pages/Landing_Page/button_Continue' is clickable

2024-11-12 16:05:19 - [TEST_STEP][PASSED] - click(findTestObject(orPath_Landing + "/button_Continue")): Object: 'Object Repository/RAD_Pages/Landing_Page/button_Continue' is clicked on

2024-11-12 16:05:19 - [MESSAGE][PASSED] - Object: 'Object Repository/RAD_Pages/Landing_Page/button_Continue' is clicked on

2024-11-12 16:05:19 - [TEST_STEP][PASSED] - delay(2): Delayed 2 second(s)

2024-11-12 16:05:21 - [MESSAGE][PASSED] - Delayed 2 second(s)

2024-11-12 16:05:21 - [TEST_STEP][PASSED] - verifyTextPresent("Summary", true): Text 'Summary' is present on page  using regular expression

2024-11-12 16:05:21 - [MESSAGE][PASSED] - Text 'Summary' is present on page  using regular expression

2024-11-12 16:05:21 - [TEST_STEP][PASSED] - verifyTextPresent("Review the information below and make any necessary corrections by clicking the", true): Text 'Review the information below and make any necessary corrections by clicking the' is present on page  using regular expression

2024-11-12 16:05:22 - [MESSAGE][PASSED] - Text 'Review the information below and make any necessary corrections by clicking the' is present on page  using regular expression

2024-11-12 16:05:22 - [TEST_STEP][PASSED] - verifyTextPresent("When you are confident that all the information is correct, click the", true): Text 'When you are confident that all the information is correct, click the' is present on page  using regular expression

2024-11-12 16:05:22 - [MESSAGE][PASSED] - Text 'When you are confident that all the information is correct, click the' is present on page  using regular expression

2024-11-12 16:05:22 - [TEST_STEP][PASSED] - verifyTextPresent("Payment Type/Filing Year", true): Text 'Payment Type/Filing Year' is present on page  using regular expression

2024-11-12 16:05:22 - [MESSAGE][PASSED] - Text 'Payment Type/Filing Year' is present on page  using regular expression

2024-11-12 16:05:22 - [TEST_STEP][PASSED] - verifyTextPresent("Payment Type:", true): Text 'Payment Type:' is present on page  using regular expression

2024-11-12 16:05:23 - [MESSAGE][PASSED] - Text 'Payment Type:' is present on page  using regular expression

2024-11-12 16:05:23 - [TEST_STEP][PASSED] - verifyTextPresent("Existing Liability with Notice/Invoice Number", true): Text 'Existing Liability with Notice/Invoice Number' is present on page  using regular expression

2024-11-12 16:05:23 - [MESSAGE][PASSED] - Text 'Existing Liability with Notice/Invoice Number' is present on page  using regular expression

2024-11-12 16:05:23 - [TEST_STEP][PASSED] - verifyTextPresent("Payer Information", true): Text 'Payer Information' is present on page  using regular expression

2024-11-12 16:05:23 - [MESSAGE][PASSED] - Text 'Payer Information' is present on page  using regular expression

2024-11-12 16:05:23 - [TEST_STEP][PASSED] - verifyTextPresent("Taxpayer Name:", true): Text 'Taxpayer Name:' is present on page  using regular expression

2024-11-12 16:05:24 - [MESSAGE][PASSED] - Text 'Taxpayer Name:' is present on page  using regular expression

2024-11-12 16:05:24 - [TEST_STEP][PASSED] - if (!(TaxType.equalsIgnoreCase("Sales & Use Tax"))): Text 'My Company' is present on page  using regular expression

2024-11-12 16:05:24 - [TEST_STEP][PASSED] - verifyTextPresent("My Company", true): Text 'My Company' is present on page  using regular expression

2024-11-12 16:05:24 - [MESSAGE][PASSED] - Text 'My Company' is present on page  using regular expression

2024-11-12 16:05:24 - [TEST_STEP][PASSED] - verifyTextPresent("Business Rep Name:", true): Text 'Business Rep Name:' is present on page  using regular expression

2024-11-12 16:05:24 - [MESSAGE][PASSED] - Text 'Business Rep Name:' is present on page  using regular expression

2024-11-12 16:05:24 - [TEST_STEP][PASSED] - verifyTextPresent("BusRepFname BusRepLname", true): Text 'BusRepFname BusRepLname' is present on page  using regular expression

2024-11-12 16:05:25 - [MESSAGE][PASSED] - Text 'BusRepFname BusRepLname' is present on page  using regular expression

2024-11-12 16:05:25 - [TEST_STEP][PASSED] - verifyTextPresent("Taxpayer Address:", true): Text 'Taxpayer Address:' is present on page  using regular expression

2024-11-12 16:05:25 - [MESSAGE][PASSED] - Text 'Taxpayer Address:' is present on page  using regular expression

2024-11-12 16:05:25 - [TEST_STEP][PASSED] - verifyTextPresent("2508 Mandan Terrace Gambrills Maryland 21054", true): Text '2508 Mandan Terrace Gambrills Maryland 21054' is present on page  using regular expression

2024-11-12 16:05:25 - [MESSAGE][PASSED] - Text '2508 Mandan Terrace Gambrills Maryland 21054' is present on page  using regular expression

2024-11-12 16:05:25 - [TEST_STEP][PASSED] - verifyTextPresent("Email:", true): Text 'Email:' is present on page  using regular expression

2024-11-12 16:05:26 - [MESSAGE][PASSED] - Text 'Email:' is present on page  using regular expression

2024-11-12 16:05:26 - [TEST_STEP][PASSED] - verifyTextPresent("iahmed@govolution.com", true): Text 'iahmed@govolution.com' is present on page  using regular expression

2024-11-12 16:05:26 - [MESSAGE][PASSED] - Text 'iahmed@govolution.com' is present on page  using regular expression

2024-11-12 16:05:26 - [TEST_STEP][PASSED] - verifyTextPresent("Phone:", true): Text 'Phone:' is present on page  using regular expression

2024-11-12 16:05:26 - [MESSAGE][PASSED] - Text 'Phone:' is present on page  using regular expression

2024-11-12 16:05:26 - [TEST_STEP][PASSED] - verifyTextPresent("(703) 894-5000", false): Text '(703) 894-5000' is present on page 

2024-11-12 16:05:27 - [MESSAGE][PASSED] - Text '(703) 894-5000' is present on page 

2024-11-12 16:05:27 - [TEST_STEP][PASSED] - verifyTextPresent("Tax Information", true): Text 'Tax Information' is present on page  using regular expression

2024-11-12 16:05:27 - [MESSAGE][PASSED] - Text 'Tax Information' is present on page  using regular expression

2024-11-12 16:05:27 - [TEST_STEP][PASSED] - if (feinSsn.equalsIgnoreCase("Y")): Text 'Federal EIN:' is not present on page using regular expression

2024-11-12 16:05:27 - [TEST_STEP][PASSED] - verifyTextPresent("FEIN/SSN:", true): Text 'FEIN/SSN:' is present on page  using regular expression

2024-11-12 16:05:27 - [MESSAGE][PASSED] - Text 'FEIN/SSN:' is present on page  using regular expression

2024-11-12 16:05:27 - [TEST_STEP][PASSED] - verifyTextNotPresent("Federal EIN:", true): Text 'Federal EIN:' is not present on page using regular expression

2024-11-12 16:05:28 - [MESSAGE][PASSED] - Text 'Federal EIN:' is not present on page using regular expression

2024-11-12 16:05:28 - [TEST_STEP][PASSED] - verifyTextPresent("XXXXX0532", true): Text 'XXXXX0532' is present on page  using regular expression

2024-11-12 16:05:28 - [MESSAGE][PASSED] - Text 'XXXXX0532' is present on page  using regular expression

2024-11-12 16:05:28 - [TEST_STEP][PASSED] - verifyTextPresent("Notice Or Invoice Number:", true): Text 'Notice Or Invoice Number:' is present on page  using regular expression

2024-11-12 16:05:28 - [MESSAGE][PASSED] - Text 'Notice Or Invoice Number:' is present on page  using regular expression

2024-11-12 16:05:28 - [TEST_STEP][PASSED] - verifyTextPresent("1234567890123", true): Text '1234567890123' is present on page  using regular expression

2024-11-12 16:05:29 - [MESSAGE][PASSED] - Text '1234567890123' is present on page  using regular expression

2024-11-12 16:05:29 - [TEST_STEP][PASSED] - verifyTextPresent("Tax Type:", true): Text 'Tax Type:' is present on page  using regular expression

2024-11-12 16:05:29 - [MESSAGE][PASSED] - Text 'Tax Type:' is present on page  using regular expression

2024-11-12 16:05:29 - [TEST_STEP][PASSED] - verifyTextPresent(TaxType, true): Text 'PTE Tax Electing S Corp' is present on page  using regular expression

2024-11-12 16:05:29 - [MESSAGE][PASSED] - Text 'PTE Tax Electing S Corp' is present on page  using regular expression

2024-11-12 16:05:29 - [TEST_STEP][PASSED] - if (CRN.equalsIgnoreCase("Y")): null

2024-11-12 16:05:29 - [TEST_STEP][PASSED] - if (MFLicNum.equalsIgnoreCase("Y")): null

2024-11-12 16:05:29 - [TEST_STEP][PASSED] - verifyTextPresent("Payment Amount:", true): Text 'Payment Amount:' is present on page  using regular expression

2024-11-12 16:05:30 - [MESSAGE][PASSED] - Text 'Payment Amount:' is present on page  using regular expression

2024-11-12 16:05:30 - [TEST_STEP][PASSED] - verifyTextPresent("100.00", true): Text '100.00' is present on page  using regular expression

2024-11-12 16:05:30 - [MESSAGE][PASSED] - Text '100.00' is present on page  using regular expression

2024-11-12 16:05:30 - [TEST_STEP][PASSED] - if (verifyElementVisible(findTestObject(orPath_Summary + "/button_Proceed to Payment"))): null

2024-11-12 16:05:30 - [MESSAGE][PASSED] - Object 'Object Repository/RAD_Pages/Summary_Page/button_Proceed to Payment' is visible

2024-11-12 16:05:30 - [TEST_STEP][PASSED] - resText = "Pass": null

2024-11-12 16:05:30 - [TEST_STEP][PASSED] - pages.WriteExcel.demoKey(resText, datText, resColumn, datCloumn, fileLoc, nameSheet, row): pages.WriteExcel.demoKey is PASSED

2024-11-12 16:05:30 - [MESSAGE][PASSED] - pages.WriteExcel.demoKey is PASSED

2024-11-12 16:05:30 - [TEST_STEP][PASSED] - click(findTestObject(orPath_Summary + "/button_Proceed to Payment")): Object: 'Object Repository/RAD_Pages/Summary_Page/button_Proceed to Payment' is clicked on

2024-11-12 16:05:33 - [MESSAGE][PASSED] - Object: 'Object Repository/RAD_Pages/Summary_Page/button_Proceed to Payment' is clicked on

2024-11-12 16:05:33 - [TEST_STEP][PASSED] - verifyElementPresent(findTestObject("Object Repository/RAD_Pages/PaymentEntry_Page/input__billingName"), 30): Object 'Object Repository/RAD_Pages/PaymentEntry_Page/input__billingName' is present

2024-11-12 16:05:33 - [MESSAGE][PASSED] - Object 'Object Repository/RAD_Pages/PaymentEntry_Page/input__billingName' is present

2024-11-12 16:05:33 - [TEST_STEP][PASSED] - ExecuteTC = findTestData(dataFile).getValue("Execute", row): null

2024-11-12 16:05:33 - [TEST_STEP][PASSED] - TaxType = findTestData(dataFile).getValue("TaxType", row): null

2024-11-12 16:05:33 - [TEST_STEP][PASSED] - PaymentType = findTestData(dataFile).getValue("PaymentType", row): null

2024-11-12 16:05:33 - [TEST_STEP][PASSED] - feinSsn = findTestData(dataFile).getValue("FEINSSN", row): null

2024-11-12 16:05:33 - [TEST_STEP][PASSED] - CRN = findTestData(dataFile).getValue("CRN", row): null

2024-11-12 16:05:33 - [TEST_STEP][PASSED] - MFLicNum = findTestData(dataFile).getValue("MFLicNum", row): null

2024-11-12 16:05:34 - [TEST_STEP][PASSED] - if (ExecuteTC.equalsIgnoreCase("Y")): Object 'Object Repository/RAD_Pages/PaymentEntry_Page/input__billingName' is present

2024-11-12 16:05:34 - [TEST_STEP][PASSED] - out.println("Begin Record Number: " + row): null

2024-11-12 16:05:34 - [TEST_STEP][PASSED] - today = new java.util.Date(): null

2024-11-12 16:05:34 - [TEST_STEP][PASSED] - println(today): null

2024-11-12 16:05:34 - [TEST_STEP][PASSED] - datText = today: null

2024-11-12 16:05:34 - [TEST_STEP][PASSED] - logInfo("Payment Type: Existing Liability with Notice/Invoice Number"): Payment Type: Existing Liability with Notice/Invoice Number

2024-11-12 16:05:34 - [MESSAGE][INFO] - Payment Type: Existing Liability with Notice/Invoice Number

2024-11-12 16:05:34 - [TEST_STEP][PASSED] - logInfo("Tax Type: " + TaxType): Tax Type: Admissions and Amusement Tax

2024-11-12 16:05:34 - [MESSAGE][INFO] - Tax Type: Admissions and Amusement Tax

2024-11-12 16:05:34 - [TEST_STEP][PASSED] - openBrowser(""): Browser is opened with url: ''

2024-11-12 16:05:34 - [MESSAGE][WARNING] - A browser is already opened. Closing browser and opening a new one

2024-11-12 16:05:36 - [MESSAGE][INFO] - Starting 'Chrome' driver

2024-11-12 16:05:36 - [MESSAGE][INFO] - User set preference: ['acceptInsecureCerts', 'true']

2024-11-12 16:05:36 - [MESSAGE][INFO] - Action delay is set to 0 milliseconds

2024-11-12 16:05:39 - [MESSAGE][PASSED] - Browser is opened with url: ''

2024-11-12 16:05:39 - [TEST_STEP][PASSED] - maximizeWindow(): Current window maximized

2024-11-12 16:05:39 - [MESSAGE][PASSED] - Current window maximized

2024-11-12 16:05:39 - [TEST_STEP][PASSED] - navigateToUrl(RADurl): Navigate to 'https://www.velocitypayment.com/client/rad/index.html' successfully

2024-11-12 16:05:41 - [MESSAGE][PASSED] - Navigate to 'https://www.velocitypayment.com/client/rad/index.html' successfully

2024-11-12 16:05:41 - [TEST_STEP][PASSED] - selectOptionByLabel(findTestObject(orPath_Landing + "/dd_TaxType"), "Existing Liability with Notice/Invoice Number", false): All options with label 'Existing Liability with Notice/Invoice Number' are selected in object 'Object Repository/RAD_Pages/Landing_Page/dd_TaxType' 

2024-11-12 16:05:41 - [MESSAGE][PASSED] - All options with label 'Existing Liability with Notice/Invoice Number' are selected in object 'Object Repository/RAD_Pages/Landing_Page/dd_TaxType' 

2024-11-12 16:05:41 - [TEST_STEP][PASSED] - selectOptionByLabel(findTestObject(orPath_TaxTypeFilingYear + "/select_TaxType_ExistingLiability"), TaxType, false): All options with label 'Admissions and Amusement Tax' are selected in object 'Object Repository/RAD_Pages/TaxTypeFilingYear_Page/select_TaxType_ExistingLiability' 

2024-11-12 16:05:42 - [MESSAGE][PASSED] - All options with label 'Admissions and Amusement Tax' are selected in object 'Object Repository/RAD_Pages/TaxTypeFilingYear_Page/select_TaxType_ExistingLiability' 

2024-11-12 16:05:42 - [TEST_STEP][PASSED] - rad.getSetDataRAD.setDataRADBusinessName(): rad.getSetDataRAD.setDataRADBusinessName is PASSED

2024-11-12 16:05:43 - [MESSAGE][PASSED] - Text 'My Company' is set on object 'Object Repository/RAD_Pages/Taxpayer_Page/input_businessName'

2024-11-12 16:05:43 - [MESSAGE][PASSED] - rad.getSetDataRAD.setDataRADBusinessName is PASSED

2024-11-12 16:05:43 - [TEST_STEP][PASSED] - rad.getSetDataRAD.setDataRADBusinessRep(): rad.getSetDataRAD.setDataRADBusinessRep is PASSED

2024-11-12 16:05:44 - [MESSAGE][PASSED] - Text 'BusRepFname' is set on object 'Object Repository/RAD_Pages/Taxpayer_Page/input_BusinessRepfirstName'

2024-11-12 16:05:44 - [MESSAGE][PASSED] - Text '' is set on object 'Object Repository/RAD_Pages/Taxpayer_Page/input_BusinessRepmiddleName'

2024-11-12 16:05:45 - [MESSAGE][PASSED] - Text 'BusRepLname' is set on object 'Object Repository/RAD_Pages/Taxpayer_Page/input_BusinessReplastName'

2024-11-12 16:05:46 - [MESSAGE][PASSED] - Text '' is set on object 'Object Repository/RAD_Pages/Taxpayer_Page/input_BusinessRepsuffix'

2024-11-12 16:05:46 - [MESSAGE][PASSED] - rad.getSetDataRAD.setDataRADBusinessRep is PASSED

2024-11-12 16:05:46 - [TEST_STEP][PASSED] - rad.getSetDataRAD.setDataRADAddress(): rad.getSetDataRAD.setDataRADAddress is PASSED

2024-11-12 16:05:47 - [MESSAGE][PASSED] - All options with label 'United States' are selected in object 'Object Repository/RAD_Pages/AddressAndContactInfo_Page/select_Country' 

2024-11-12 16:05:47 - [MESSAGE][PASSED] - Text '2508 Mandan Terrace' is set on object 'Object Repository/RAD_Pages/AddressAndContactInfo_Page/input_streetAddress1'

2024-11-12 16:05:48 - [MESSAGE][PASSED] - Text '' is set on object 'Object Repository/RAD_Pages/AddressAndContactInfo_Page/input_streetAddress2'

2024-11-12 16:05:49 - [MESSAGE][PASSED] - Text 'Gambrills' is set on object 'Object Repository/RAD_Pages/AddressAndContactInfo_Page/input_city'

2024-11-12 16:05:50 - [MESSAGE][PASSED] - All options with label 'Maryland' are selected in object 'Object Repository/RAD_Pages/AddressAndContactInfo_Page/select_State' 

2024-11-12 16:05:50 - [MESSAGE][PASSED] - Text '21054' is set on object 'Object Repository/RAD_Pages/AddressAndContactInfo_Page/input_zipCode'

2024-11-12 16:05:51 - [MESSAGE][PASSED] - Text '(703) 894-5000' is set on object 'Object Repository/RAD_Pages/AddressAndContactInfo_Page/input_phoneNumber'

2024-11-12 16:05:52 - [MESSAGE][PASSED] - Text 'iahmed@govolution.com' is set on object 'Object Repository/RAD_Pages/AddressAndContactInfo_Page/input_eMailAddress'

2024-11-12 16:05:53 - [MESSAGE][PASSED] - Text 'iahmed@govolution.com' is set on object 'Object Repository/RAD_Pages/AddressAndContactInfo_Page/input_reEnterEMailAddress'

2024-11-12 16:05:53 - [MESSAGE][PASSED] - rad.getSetDataRAD.setDataRADAddress is PASSED

2024-11-12 16:05:53 - [TEST_STEP][PASSED] - if (feinSsn.equalsIgnoreCase("Y")): null

2024-11-12 16:05:53 - [TEST_STEP][PASSED] - else: Text ****** has been set on object 'Object Repository/RAD_Pages/TaxInfo_Page/input_concat(id(, , data, , ))_Data (1)'

2024-11-12 16:05:53 - [TEST_STEP][PASSED] - setEncryptedText(findTestObject("Object Repository/RAD_Pages/TaxInfo_Page/input_concat(id(, , data, , ))_Data"), "px0FNUagnh7G/CVR/QiY+A=="): Text ****** has been set on object 'Object Repository/RAD_Pages/TaxInfo_Page/input_concat(id(, , data, , ))_Data'

2024-11-12 16:05:54 - [MESSAGE][PASSED] - Text ****** has been set on object 'Object Repository/RAD_Pages/TaxInfo_Page/input_concat(id(, , data, , ))_Data'

2024-11-12 16:05:54 - [TEST_STEP][PASSED] - setEncryptedText(findTestObject("Object Repository/RAD_Pages/TaxInfo_Page/input_concat(id(, , data, , ))_Data (1)"), "px0FNUagnh7G/CVR/QiY+A=="): Text ****** has been set on object 'Object Repository/RAD_Pages/TaxInfo_Page/input_concat(id(, , data, , ))_Data (1)'

2024-11-12 16:05:54 - [MESSAGE][PASSED] - Text ****** has been set on object 'Object Repository/RAD_Pages/TaxInfo_Page/input_concat(id(, , data, , ))_Data (1)'

2024-11-12 16:05:54 - [TEST_STEP][PASSED] - rad.getSetDataRAD.setDataRADNoticeInvoiceThirteen(): rad.getSetDataRAD.setDataRADNoticeInvoiceThirteen is PASSED

2024-11-12 16:05:55 - [MESSAGE][PASSED] - Text '1234567890123' is set on object 'Object Repository/RAD_Pages/TaxInfo_Page/input_NoticeInvoiceNumber'

2024-11-12 16:05:56 - [MESSAGE][PASSED] - Text '1234567890123' is set on object 'Object Repository/RAD_Pages/TaxInfo_Page/input_reTypeNoticeInvoiceNumber'

2024-11-12 16:05:56 - [MESSAGE][PASSED] - rad.getSetDataRAD.setDataRADNoticeInvoiceThirteen is PASSED

2024-11-12 16:05:56 - [TEST_STEP][PASSED] - if (MFLicNum.equalsIgnoreCase("Y")): null

2024-11-12 16:05:56 - [TEST_STEP][PASSED] - if (CRN.equalsIgnoreCase("Y")): rad.getSetDataRAD.setDataExistingRADMDCRN is PASSED

2024-11-12 16:05:56 - [TEST_STEP][PASSED] - rad.getSetDataRAD.setDataExistingRADMDCRN(): rad.getSetDataRAD.setDataExistingRADMDCRN is PASSED

2024-11-12 16:05:56 - [MESSAGE][PASSED] - Text '07640126' is set on object 'Object Repository/RAD_Pages/TaxInfo_Page/input_MDCRegistrationEL'

2024-11-12 16:05:56 - [MESSAGE][PASSED] - rad.getSetDataRAD.setDataExistingRADMDCRN is PASSED

2024-11-12 16:05:56 - [TEST_STEP][PASSED] - setText(findTestObject(orPath_Amount + "/input__paymentAmount"), "100.00"): Text '100.00' is set on object 'Object Repository/RAD_Pages/PaymentAmount_Page/input__paymentAmount'

2024-11-12 16:05:57 - [MESSAGE][PASSED] - Text '100.00' is set on object 'Object Repository/RAD_Pages/PaymentAmount_Page/input__paymentAmount'

2024-11-12 16:05:57 - [TEST_STEP][PASSED] - setText(findTestObject(orPath_AddressContact + "/input_streetAddress2"), ""): Text '' is set on object 'Object Repository/RAD_Pages/AddressAndContactInfo_Page/input_streetAddress2'

2024-11-12 16:05:58 - [MESSAGE][PASSED] - Text '' is set on object 'Object Repository/RAD_Pages/AddressAndContactInfo_Page/input_streetAddress2'

2024-11-12 16:05:58 - [TEST_STEP][PASSED] - scrollToElement(findTestObject(orPath_Landing + "/button_Continue"), 3): Scroll to object 'Object Repository/RAD_Pages/Landing_Page/button_Continue' successfully

2024-11-12 16:05:58 - [MESSAGE][PASSED] - Scroll to object 'Object Repository/RAD_Pages/Landing_Page/button_Continue' successfully

2024-11-12 16:05:58 - [TEST_STEP][PASSED] - waitForElementClickable(findTestObject(orPath_Landing + "/button_Continue"), 5): Object 'Object Repository/RAD_Pages/Landing_Page/button_Continue' is clickable

2024-11-12 16:05:59 - [MESSAGE][PASSED] - Object 'Object Repository/RAD_Pages/Landing_Page/button_Continue' is clickable

2024-11-12 16:05:59 - [TEST_STEP][PASSED] - click(findTestObject(orPath_Landing + "/button_Continue")): Object: 'Object Repository/RAD_Pages/Landing_Page/button_Continue' is clicked on

2024-11-12 16:05:59 - [MESSAGE][PASSED] - Object: 'Object Repository/RAD_Pages/Landing_Page/button_Continue' is clicked on

2024-11-12 16:05:59 - [TEST_STEP][PASSED] - delay(2): Delayed 2 second(s)

2024-11-12 16:06:01 - [MESSAGE][PASSED] - Delayed 2 second(s)

2024-11-12 16:06:01 - [TEST_STEP][PASSED] - verifyTextPresent("Summary", true): Text 'Summary' is present on page  using regular expression

2024-11-12 16:06:02 - [MESSAGE][PASSED] - Text 'Summary' is present on page  using regular expression

2024-11-12 16:06:02 - [TEST_STEP][PASSED] - verifyTextPresent("Review the information below and make any necessary corrections by clicking the", true): Text 'Review the information below and make any necessary corrections by clicking the' is present on page  using regular expression

2024-11-12 16:06:02 - [MESSAGE][PASSED] - Text 'Review the information below and make any necessary corrections by clicking the' is present on page  using regular expression

2024-11-12 16:06:02 - [TEST_STEP][PASSED] - verifyTextPresent("When you are confident that all the information is correct, click the", true): Text 'When you are confident that all the information is correct, click the' is present on page  using regular expression

2024-11-12 16:06:02 - [MESSAGE][PASSED] - Text 'When you are confident that all the information is correct, click the' is present on page  using regular expression

2024-11-12 16:06:02 - [TEST_STEP][PASSED] - verifyTextPresent("Payment Type/Filing Year", true): Text 'Payment Type/Filing Year' is present on page  using regular expression

2024-11-12 16:06:03 - [MESSAGE][PASSED] - Text 'Payment Type/Filing Year' is present on page  using regular expression

2024-11-12 16:06:03 - [TEST_STEP][PASSED] - verifyTextPresent("Payment Type:", true): Text 'Payment Type:' is present on page  using regular expression

2024-11-12 16:06:03 - [MESSAGE][PASSED] - Text 'Payment Type:' is present on page  using regular expression

2024-11-12 16:06:03 - [TEST_STEP][PASSED] - verifyTextPresent("Existing Liability with Notice/Invoice Number", true): Text 'Existing Liability with Notice/Invoice Number' is present on page  using regular expression

2024-11-12 16:06:03 - [MESSAGE][PASSED] - Text 'Existing Liability with Notice/Invoice Number' is present on page  using regular expression

2024-11-12 16:06:03 - [TEST_STEP][PASSED] - verifyTextPresent("Payer Information", true): Text 'Payer Information' is present on page  using regular expression

2024-11-12 16:06:04 - [MESSAGE][PASSED] - Text 'Payer Information' is present on page  using regular expression

2024-11-12 16:06:04 - [TEST_STEP][PASSED] - verifyTextPresent("Taxpayer Name:", true): Text 'Taxpayer Name:' is present on page  using regular expression

2024-11-12 16:06:04 - [MESSAGE][PASSED] - Text 'Taxpayer Name:' is present on page  using regular expression

2024-11-12 16:06:04 - [TEST_STEP][PASSED] - if (!(TaxType.equalsIgnoreCase("Sales & Use Tax"))): Text 'My Company' is present on page  using regular expression

2024-11-12 16:06:04 - [TEST_STEP][PASSED] - verifyTextPresent("My Company", true): Text 'My Company' is present on page  using regular expression

2024-11-12 16:06:04 - [MESSAGE][PASSED] - Text 'My Company' is present on page  using regular expression

2024-11-12 16:06:04 - [TEST_STEP][PASSED] - verifyTextPresent("Business Rep Name:", true): Text 'Business Rep Name:' is present on page  using regular expression

2024-11-12 16:06:05 - [MESSAGE][PASSED] - Text 'Business Rep Name:' is present on page  using regular expression

2024-11-12 16:06:05 - [TEST_STEP][PASSED] - verifyTextPresent("BusRepFname BusRepLname", true): Text 'BusRepFname BusRepLname' is present on page  using regular expression

2024-11-12 16:06:05 - [MESSAGE][PASSED] - Text 'BusRepFname BusRepLname' is present on page  using regular expression

2024-11-12 16:06:05 - [TEST_STEP][PASSED] - verifyTextPresent("Taxpayer Address:", true): Text 'Taxpayer Address:' is present on page  using regular expression

2024-11-12 16:06:05 - [MESSAGE][PASSED] - Text 'Taxpayer Address:' is present on page  using regular expression

2024-11-12 16:06:05 - [TEST_STEP][PASSED] - verifyTextPresent("2508 Mandan Terrace Gambrills Maryland 21054", true): Text '2508 Mandan Terrace Gambrills Maryland 21054' is present on page  using regular expression

2024-11-12 16:06:06 - [MESSAGE][PASSED] - Text '2508 Mandan Terrace Gambrills Maryland 21054' is present on page  using regular expression

2024-11-12 16:06:06 - [TEST_STEP][PASSED] - verifyTextPresent("Email:", true): Text 'Email:' is present on page  using regular expression

2024-11-12 16:06:06 - [MESSAGE][PASSED] - Text 'Email:' is present on page  using regular expression

2024-11-12 16:06:06 - [TEST_STEP][PASSED] - verifyTextPresent("iahmed@govolution.com", true): Text 'iahmed@govolution.com' is present on page  using regular expression

2024-11-12 16:06:06 - [MESSAGE][PASSED] - Text 'iahmed@govolution.com' is present on page  using regular expression

2024-11-12 16:06:06 - [TEST_STEP][PASSED] - verifyTextPresent("Phone:", true): Text 'Phone:' is present on page  using regular expression

2024-11-12 16:06:07 - [MESSAGE][PASSED] - Text 'Phone:' is present on page  using regular expression

2024-11-12 16:06:07 - [TEST_STEP][PASSED] - verifyTextPresent("(703) 894-5000", false): Text '(703) 894-5000' is present on page 

2024-11-12 16:06:07 - [MESSAGE][PASSED] - Text '(703) 894-5000' is present on page 

2024-11-12 16:06:07 - [TEST_STEP][PASSED] - verifyTextPresent("Tax Information", true): Text 'Tax Information' is present on page  using regular expression

2024-11-12 16:06:07 - [MESSAGE][PASSED] - Text 'Tax Information' is present on page  using regular expression

2024-11-12 16:06:07 - [TEST_STEP][PASSED] - if (feinSsn.equalsIgnoreCase("Y")): null

2024-11-12 16:06:07 - [TEST_STEP][PASSED] - else: Text 'FEIN/SSN:' is not present on page using regular expression

2024-11-12 16:06:07 - [TEST_STEP][PASSED] - verifyTextPresent("Federal EIN:", true): Text 'Federal EIN:' is present on page  using regular expression

2024-11-12 16:06:08 - [MESSAGE][PASSED] - Text 'Federal EIN:' is present on page  using regular expression

2024-11-12 16:06:08 - [TEST_STEP][PASSED] - verifyTextNotPresent("FEIN/SSN:", true): Text 'FEIN/SSN:' is not present on page using regular expression

2024-11-12 16:06:08 - [MESSAGE][PASSED] - Text 'FEIN/SSN:' is not present on page using regular expression

2024-11-12 16:06:08 - [TEST_STEP][PASSED] - verifyTextPresent("XXXXX0532", true): Text 'XXXXX0532' is present on page  using regular expression

2024-11-12 16:06:08 - [MESSAGE][PASSED] - Text 'XXXXX0532' is present on page  using regular expression

2024-11-12 16:06:08 - [TEST_STEP][PASSED] - verifyTextPresent("Notice Or Invoice Number:", true): Text 'Notice Or Invoice Number:' is present on page  using regular expression

2024-11-12 16:06:09 - [MESSAGE][PASSED] - Text 'Notice Or Invoice Number:' is present on page  using regular expression

2024-11-12 16:06:09 - [TEST_STEP][PASSED] - verifyTextPresent("1234567890123", true): Text '1234567890123' is present on page  using regular expression

2024-11-12 16:06:09 - [MESSAGE][PASSED] - Text '1234567890123' is present on page  using regular expression

2024-11-12 16:06:09 - [TEST_STEP][PASSED] - verifyTextPresent("Tax Type:", true): Text 'Tax Type:' is present on page  using regular expression

2024-11-12 16:06:09 - [MESSAGE][PASSED] - Text 'Tax Type:' is present on page  using regular expression

2024-11-12 16:06:09 - [TEST_STEP][PASSED] - verifyTextPresent(TaxType, true): Text 'Admissions and Amusement Tax' is present on page  using regular expression

2024-11-12 16:06:10 - [MESSAGE][PASSED] - Text 'Admissions and Amusement Tax' is present on page  using regular expression

2024-11-12 16:06:10 - [TEST_STEP][PASSED] - if (CRN.equalsIgnoreCase("Y")): Text '07640126' is present on page  using regular expression

2024-11-12 16:06:10 - [TEST_STEP][PASSED] - verifyTextPresent("MD Central Registration Number#:", true): Text 'MD Central Registration Number#:' is present on page  using regular expression

2024-11-12 16:06:10 - [MESSAGE][PASSED] - Text 'MD Central Registration Number#:' is present on page  using regular expression

2024-11-12 16:06:10 - [TEST_STEP][PASSED] - verifyTextPresent("07640126", true): Text '07640126' is present on page  using regular expression

2024-11-12 16:06:10 - [MESSAGE][PASSED] - Text '07640126' is present on page  using regular expression

2024-11-12 16:06:10 - [TEST_STEP][PASSED] - if (MFLicNum.equalsIgnoreCase("Y")): null

2024-11-12 16:06:10 - [TEST_STEP][PASSED] - verifyTextPresent("Payment Amount:", true): Text 'Payment Amount:' is present on page  using regular expression

2024-11-12 16:06:11 - [MESSAGE][PASSED] - Text 'Payment Amount:' is present on page  using regular expression

2024-11-12 16:06:11 - [TEST_STEP][PASSED] - verifyTextPresent("100.00", true): Text '100.00' is present on page  using regular expression

2024-11-12 16:06:11 - [MESSAGE][PASSED] - Text '100.00' is present on page  using regular expression

2024-11-12 16:06:11 - [TEST_STEP][PASSED] - if (verifyElementVisible(findTestObject(orPath_Summary + "/button_Proceed to Payment"))): null

2024-11-12 16:06:11 - [MESSAGE][PASSED] - Object 'Object Repository/RAD_Pages/Summary_Page/button_Proceed to Payment' is visible

2024-11-12 16:06:11 - [TEST_STEP][PASSED] - resText = "Pass": null

2024-11-12 16:06:11 - [TEST_STEP][PASSED] - pages.WriteExcel.demoKey(resText, datText, resColumn, datCloumn, fileLoc, nameSheet, row): pages.WriteExcel.demoKey is PASSED

2024-11-12 16:06:11 - [MESSAGE][PASSED] - pages.WriteExcel.demoKey is PASSED

2024-11-12 16:06:11 - [TEST_STEP][PASSED] - click(findTestObject(orPath_Summary + "/button_Proceed to Payment")): Object: 'Object Repository/RAD_Pages/Summary_Page/button_Proceed to Payment' is clicked on

2024-11-12 16:06:14 - [MESSAGE][PASSED] - Object: 'Object Repository/RAD_Pages/Summary_Page/button_Proceed to Payment' is clicked on

2024-11-12 16:06:14 - [TEST_STEP][PASSED] - verifyElementPresent(findTestObject("Object Repository/RAD_Pages/PaymentEntry_Page/input__billingName"), 30): Object 'Object Repository/RAD_Pages/PaymentEntry_Page/input__billingName' is present

2024-11-12 16:06:14 - [MESSAGE][PASSED] - Object 'Object Repository/RAD_Pages/PaymentEntry_Page/input__billingName' is present

2024-11-12 16:06:14 - [TEST_STEP][PASSED] - ExecuteTC = findTestData(dataFile).getValue("Execute", row): null

2024-11-12 16:06:14 - [TEST_STEP][PASSED] - TaxType = findTestData(dataFile).getValue("TaxType", row): null

2024-11-12 16:06:14 - [TEST_STEP][PASSED] - PaymentType = findTestData(dataFile).getValue("PaymentType", row): null

2024-11-12 16:06:15 - [TEST_STEP][PASSED] - feinSsn = findTestData(dataFile).getValue("FEINSSN", row): null

2024-11-12 16:06:15 - [TEST_STEP][PASSED] - CRN = findTestData(dataFile).getValue("CRN", row): null

2024-11-12 16:06:15 - [TEST_STEP][PASSED] - MFLicNum = findTestData(dataFile).getValue("MFLicNum", row): null

2024-11-12 16:06:15 - [TEST_STEP][PASSED] - if (ExecuteTC.equalsIgnoreCase("Y")): Object 'Object Repository/RAD_Pages/PaymentEntry_Page/input__billingName' is present

2024-11-12 16:06:15 - [TEST_STEP][PASSED] - out.println("Begin Record Number: " + row): null

2024-11-12 16:06:15 - [TEST_STEP][PASSED] - today = new java.util.Date(): null

2024-11-12 16:06:15 - [TEST_STEP][PASSED] - println(today): null

2024-11-12 16:06:15 - [TEST_STEP][PASSED] - datText = today: null

2024-11-12 16:06:15 - [TEST_STEP][PASSED] - logInfo("Payment Type: Existing Liability with Notice/Invoice Number"): Payment Type: Existing Liability with Notice/Invoice Number

2024-11-12 16:06:15 - [MESSAGE][INFO] - Payment Type: Existing Liability with Notice/Invoice Number

2024-11-12 16:06:15 - [TEST_STEP][PASSED] - logInfo("Tax Type: " + TaxType): Tax Type: Motor Fuel Tax

2024-11-12 16:06:15 - [MESSAGE][INFO] - Tax Type: Motor Fuel Tax

2024-11-12 16:06:15 - [TEST_STEP][PASSED] - openBrowser(""): Browser is opened with url: ''

2024-11-12 16:06:15 - [MESSAGE][WARNING] - A browser is already opened. Closing browser and opening a new one

2024-11-12 16:06:16 - [MESSAGE][INFO] - Starting 'Chrome' driver

2024-11-12 16:06:16 - [MESSAGE][INFO] - User set preference: ['acceptInsecureCerts', 'true']

2024-11-12 16:06:16 - [MESSAGE][INFO] - Action delay is set to 0 milliseconds

2024-11-12 16:06:18 - [MESSAGE][PASSED] - Browser is opened with url: ''

2024-11-12 16:06:18 - [TEST_STEP][PASSED] - maximizeWindow(): Current window maximized

2024-11-12 16:06:18 - [MESSAGE][PASSED] - Current window maximized

2024-11-12 16:06:18 - [TEST_STEP][PASSED] - navigateToUrl(RADurl): Navigate to 'https://www.velocitypayment.com/client/rad/index.html' successfully

2024-11-12 16:06:19 - [MESSAGE][PASSED] - Navigate to 'https://www.velocitypayment.com/client/rad/index.html' successfully

2024-11-12 16:06:19 - [TEST_STEP][PASSED] - selectOptionByLabel(findTestObject(orPath_Landing + "/dd_TaxType"), "Existing Liability with Notice/Invoice Number", false): All options with label 'Existing Liability with Notice/Invoice Number' are selected in object 'Object Repository/RAD_Pages/Landing_Page/dd_TaxType' 

2024-11-12 16:06:20 - [MESSAGE][PASSED] - All options with label 'Existing Liability with Notice/Invoice Number' are selected in object 'Object Repository/RAD_Pages/Landing_Page/dd_TaxType' 

2024-11-12 16:06:20 - [TEST_STEP][PASSED] - selectOptionByLabel(findTestObject(orPath_TaxTypeFilingYear + "/select_TaxType_ExistingLiability"), TaxType, false): All options with label 'Motor Fuel Tax' are selected in object 'Object Repository/RAD_Pages/TaxTypeFilingYear_Page/select_TaxType_ExistingLiability' 

2024-11-12 16:06:21 - [MESSAGE][PASSED] - All options with label 'Motor Fuel Tax' are selected in object 'Object Repository/RAD_Pages/TaxTypeFilingYear_Page/select_TaxType_ExistingLiability' 

2024-11-12 16:06:21 - [TEST_STEP][PASSED] - rad.getSetDataRAD.setDataRADBusinessName(): rad.getSetDataRAD.setDataRADBusinessName is PASSED

2024-11-12 16:06:21 - [MESSAGE][PASSED] - Text 'My Company' is set on object 'Object Repository/RAD_Pages/Taxpayer_Page/input_businessName'

2024-11-12 16:06:21 - [MESSAGE][PASSED] - rad.getSetDataRAD.setDataRADBusinessName is PASSED

2024-11-12 16:06:21 - [TEST_STEP][PASSED] - rad.getSetDataRAD.setDataRADBusinessRep(): rad.getSetDataRAD.setDataRADBusinessRep is PASSED

2024-11-12 16:06:22 - [MESSAGE][PASSED] - Text 'BusRepFname' is set on object 'Object Repository/RAD_Pages/Taxpayer_Page/input_BusinessRepfirstName'

2024-11-12 16:06:23 - [MESSAGE][PASSED] - Text '' is set on object 'Object Repository/RAD_Pages/Taxpayer_Page/input_BusinessRepmiddleName'

2024-11-12 16:06:24 - [MESSAGE][PASSED] - Text 'BusRepLname' is set on object 'Object Repository/RAD_Pages/Taxpayer_Page/input_BusinessReplastName'

2024-11-12 16:06:24 - [MESSAGE][PASSED] - Text '' is set on object 'Object Repository/RAD_Pages/Taxpayer_Page/input_BusinessRepsuffix'

2024-11-12 16:06:24 - [MESSAGE][PASSED] - rad.getSetDataRAD.setDataRADBusinessRep is PASSED

2024-11-12 16:06:24 - [TEST_STEP][PASSED] - rad.getSetDataRAD.setDataRADAddress(): rad.getSetDataRAD.setDataRADAddress is PASSED

2024-11-12 16:06:25 - [MESSAGE][PASSED] - All options with label 'United States' are selected in object 'Object Repository/RAD_Pages/AddressAndContactInfo_Page/select_Country' 

2024-11-12 16:06:26 - [MESSAGE][PASSED] - Text '2508 Mandan Terrace' is set on object 'Object Repository/RAD_Pages/AddressAndContactInfo_Page/input_streetAddress1'

2024-11-12 16:06:26 - [MESSAGE][PASSED] - Text '' is set on object 'Object Repository/RAD_Pages/AddressAndContactInfo_Page/input_streetAddress2'

2024-11-12 16:06:27 - [MESSAGE][PASSED] - Text 'Gambrills' is set on object 'Object Repository/RAD_Pages/AddressAndContactInfo_Page/input_city'

2024-11-12 16:06:28 - [MESSAGE][PASSED] - All options with label 'Maryland' are selected in object 'Object Repository/RAD_Pages/AddressAndContactInfo_Page/select_State' 

2024-11-12 16:06:29 - [MESSAGE][PASSED] - Text '21054' is set on object 'Object Repository/RAD_Pages/AddressAndContactInfo_Page/input_zipCode'

2024-11-12 16:06:29 - [MESSAGE][PASSED] - Text '(703) 894-5000' is set on object 'Object Repository/RAD_Pages/AddressAndContactInfo_Page/input_phoneNumber'

2024-11-12 16:06:30 - [MESSAGE][PASSED] - Text 'iahmed@govolution.com' is set on object 'Object Repository/RAD_Pages/AddressAndContactInfo_Page/input_eMailAddress'

2024-11-12 16:06:32 - [MESSAGE][PASSED] - Text 'iahmed@govolution.com' is set on object 'Object Repository/RAD_Pages/AddressAndContactInfo_Page/input_reEnterEMailAddress'

2024-11-12 16:06:32 - [MESSAGE][PASSED] - rad.getSetDataRAD.setDataRADAddress is PASSED

2024-11-12 16:06:32 - [TEST_STEP][PASSED] - if (feinSsn.equalsIgnoreCase("Y")): null

2024-11-12 16:06:32 - [TEST_STEP][PASSED] - else: Text ****** has been set on object 'Object Repository/RAD_Pages/TaxInfo_Page/input_concat(id(, , data, , ))_Data (1)'

2024-11-12 16:06:32 - [TEST_STEP][PASSED] - setEncryptedText(findTestObject("Object Repository/RAD_Pages/TaxInfo_Page/input_concat(id(, , data, , ))_Data"), "px0FNUagnh7G/CVR/QiY+A=="): Text ****** has been set on object 'Object Repository/RAD_Pages/TaxInfo_Page/input_concat(id(, , data, , ))_Data'

2024-11-12 16:06:32 - [MESSAGE][PASSED] - Text ****** has been set on object 'Object Repository/RAD_Pages/TaxInfo_Page/input_concat(id(, , data, , ))_Data'

2024-11-12 16:06:32 - [TEST_STEP][PASSED] - setEncryptedText(findTestObject("Object Repository/RAD_Pages/TaxInfo_Page/input_concat(id(, , data, , ))_Data (1)"), "px0FNUagnh7G/CVR/QiY+A=="): Text ****** has been set on object 'Object Repository/RAD_Pages/TaxInfo_Page/input_concat(id(, , data, , ))_Data (1)'

2024-11-12 16:06:33 - [MESSAGE][PASSED] - Text ****** has been set on object 'Object Repository/RAD_Pages/TaxInfo_Page/input_concat(id(, , data, , ))_Data (1)'

2024-11-12 16:06:33 - [TEST_STEP][PASSED] - rad.getSetDataRAD.setDataRADNoticeInvoiceThirteen(): rad.getSetDataRAD.setDataRADNoticeInvoiceThirteen is PASSED

2024-11-12 16:06:33 - [MESSAGE][PASSED] - Text '1234567890123' is set on object 'Object Repository/RAD_Pages/TaxInfo_Page/input_NoticeInvoiceNumber'

2024-11-12 16:06:34 - [MESSAGE][PASSED] - Text '1234567890123' is set on object 'Object Repository/RAD_Pages/TaxInfo_Page/input_reTypeNoticeInvoiceNumber'

2024-11-12 16:06:34 - [MESSAGE][PASSED] - rad.getSetDataRAD.setDataRADNoticeInvoiceThirteen is PASSED

2024-11-12 16:06:34 - [TEST_STEP][PASSED] - if (MFLicNum.equalsIgnoreCase("Y")): rad.getSetDataRAD.setDataRADMFLicNumSixExisting is PASSED

2024-11-12 16:06:34 - [TEST_STEP][PASSED] - rad.getSetDataRAD.setDataRADMFLicNumSixExisting(): rad.getSetDataRAD.setDataRADMFLicNumSixExisting is PASSED

2024-11-12 16:06:35 - [MESSAGE][PASSED] - Text '700142' is set on object 'Object Repository/RAD_Pages/TaxInfo_Page/input_MFLicenseExtLi'

2024-11-12 16:06:35 - [MESSAGE][PASSED] - rad.getSetDataRAD.setDataRADMFLicNumSixExisting is PASSED

2024-11-12 16:06:35 - [TEST_STEP][PASSED] - if (CRN.equalsIgnoreCase("Y")): null

2024-11-12 16:06:35 - [TEST_STEP][PASSED] - setText(findTestObject(orPath_Amount + "/input__paymentAmount"), "100.00"): Text '100.00' is set on object 'Object Repository/RAD_Pages/PaymentAmount_Page/input__paymentAmount'

2024-11-12 16:06:36 - [MESSAGE][PASSED] - Text '100.00' is set on object 'Object Repository/RAD_Pages/PaymentAmount_Page/input__paymentAmount'

2024-11-12 16:06:36 - [TEST_STEP][PASSED] - setText(findTestObject(orPath_AddressContact + "/input_streetAddress2"), ""): Text '' is set on object 'Object Repository/RAD_Pages/AddressAndContactInfo_Page/input_streetAddress2'

2024-11-12 16:06:37 - [MESSAGE][PASSED] - Text '' is set on object 'Object Repository/RAD_Pages/AddressAndContactInfo_Page/input_streetAddress2'

2024-11-12 16:06:37 - [TEST_STEP][PASSED] - scrollToElement(findTestObject(orPath_Landing + "/button_Continue"), 3): Scroll to object 'Object Repository/RAD_Pages/Landing_Page/button_Continue' successfully

2024-11-12 16:06:37 - [MESSAGE][PASSED] - Scroll to object 'Object Repository/RAD_Pages/Landing_Page/button_Continue' successfully

2024-11-12 16:06:37 - [TEST_STEP][PASSED] - waitForElementClickable(findTestObject(orPath_Landing + "/button_Continue"), 5): Object 'Object Repository/RAD_Pages/Landing_Page/button_Continue' is clickable

2024-11-12 16:06:38 - [MESSAGE][PASSED] - Object 'Object Repository/RAD_Pages/Landing_Page/button_Continue' is clickable

2024-11-12 16:06:38 - [TEST_STEP][PASSED] - click(findTestObject(orPath_Landing + "/button_Continue")): Object: 'Object Repository/RAD_Pages/Landing_Page/button_Continue' is clicked on

2024-11-12 16:06:38 - [MESSAGE][PASSED] - Object: 'Object Repository/RAD_Pages/Landing_Page/button_Continue' is clicked on

2024-11-12 16:06:38 - [TEST_STEP][PASSED] - delay(2): Delayed 2 second(s)

2024-11-12 16:06:40 - [MESSAGE][PASSED] - Delayed 2 second(s)

2024-11-12 16:06:40 - [TEST_STEP][PASSED] - verifyTextPresent("Summary", true): Text 'Summary' is present on page  using regular expression

2024-11-12 16:06:40 - [MESSAGE][PASSED] - Text 'Summary' is present on page  using regular expression

2024-11-12 16:06:40 - [TEST_STEP][PASSED] - verifyTextPresent("Review the information below and make any necessary corrections by clicking the", true): Text 'Review the information below and make any necessary corrections by clicking the' is present on page  using regular expression

2024-11-12 16:06:41 - [MESSAGE][PASSED] - Text 'Review the information below and make any necessary corrections by clicking the' is present on page  using regular expression

2024-11-12 16:06:41 - [TEST_STEP][PASSED] - verifyTextPresent("When you are confident that all the information is correct, click the", true): Text 'When you are confident that all the information is correct, click the' is present on page  using regular expression

2024-11-12 16:06:41 - [MESSAGE][PASSED] - Text 'When you are confident that all the information is correct, click the' is present on page  using regular expression

2024-11-12 16:06:41 - [TEST_STEP][PASSED] - verifyTextPresent("Payment Type/Filing Year", true): Text 'Payment Type/Filing Year' is present on page  using regular expression

2024-11-12 16:06:41 - [MESSAGE][PASSED] - Text 'Payment Type/Filing Year' is present on page  using regular expression

2024-11-12 16:06:41 - [TEST_STEP][PASSED] - verifyTextPresent("Payment Type:", true): Text 'Payment Type:' is present on page  using regular expression

2024-11-12 16:06:42 - [MESSAGE][PASSED] - Text 'Payment Type:' is present on page  using regular expression

2024-11-12 16:06:42 - [TEST_STEP][PASSED] - verifyTextPresent("Existing Liability with Notice/Invoice Number", true): Text 'Existing Liability with Notice/Invoice Number' is present on page  using regular expression

2024-11-12 16:06:42 - [MESSAGE][PASSED] - Text 'Existing Liability with Notice/Invoice Number' is present on page  using regular expression

2024-11-12 16:06:42 - [TEST_STEP][PASSED] - verifyTextPresent("Payer Information", true): Text 'Payer Information' is present on page  using regular expression

2024-11-12 16:06:42 - [MESSAGE][PASSED] - Text 'Payer Information' is present on page  using regular expression

2024-11-12 16:06:42 - [TEST_STEP][PASSED] - verifyTextPresent("Taxpayer Name:", true): Text 'Taxpayer Name:' is present on page  using regular expression

2024-11-12 16:06:43 - [MESSAGE][PASSED] - Text 'Taxpayer Name:' is present on page  using regular expression

2024-11-12 16:06:43 - [TEST_STEP][PASSED] - if (!(TaxType.equalsIgnoreCase("Sales & Use Tax"))): Text 'My Company' is present on page  using regular expression

2024-11-12 16:06:43 - [TEST_STEP][PASSED] - verifyTextPresent("My Company", true): Text 'My Company' is present on page  using regular expression

2024-11-12 16:06:43 - [MESSAGE][PASSED] - Text 'My Company' is present on page  using regular expression

2024-11-12 16:06:43 - [TEST_STEP][PASSED] - verifyTextPresent("Business Rep Name:", true): Text 'Business Rep Name:' is present on page  using regular expression

2024-11-12 16:06:43 - [MESSAGE][PASSED] - Text 'Business Rep Name:' is present on page  using regular expression

2024-11-12 16:06:43 - [TEST_STEP][PASSED] - verifyTextPresent("BusRepFname BusRepLname", true): Text 'BusRepFname BusRepLname' is present on page  using regular expression

2024-11-12 16:06:44 - [MESSAGE][PASSED] - Text 'BusRepFname BusRepLname' is present on page  using regular expression

2024-11-12 16:06:44 - [TEST_STEP][PASSED] - verifyTextPresent("Taxpayer Address:", true): Text 'Taxpayer Address:' is present on page  using regular expression

2024-11-12 16:06:44 - [MESSAGE][PASSED] - Text 'Taxpayer Address:' is present on page  using regular expression

2024-11-12 16:06:44 - [TEST_STEP][PASSED] - verifyTextPresent("2508 Mandan Terrace Gambrills Maryland 21054", true): Text '2508 Mandan Terrace Gambrills Maryland 21054' is present on page  using regular expression

2024-11-12 16:06:44 - [MESSAGE][PASSED] - Text '2508 Mandan Terrace Gambrills Maryland 21054' is present on page  using regular expression

2024-11-12 16:06:44 - [TEST_STEP][PASSED] - verifyTextPresent("Email:", true): Text 'Email:' is present on page  using regular expression

2024-11-12 16:06:45 - [MESSAGE][PASSED] - Text 'Email:' is present on page  using regular expression

2024-11-12 16:06:45 - [TEST_STEP][PASSED] - verifyTextPresent("iahmed@govolution.com", true): Text 'iahmed@govolution.com' is present on page  using regular expression

2024-11-12 16:06:45 - [MESSAGE][PASSED] - Text 'iahmed@govolution.com' is present on page  using regular expression

2024-11-12 16:06:45 - [TEST_STEP][PASSED] - verifyTextPresent("Phone:", true): Text 'Phone:' is present on page  using regular expression

2024-11-12 16:06:45 - [MESSAGE][PASSED] - Text 'Phone:' is present on page  using regular expression

2024-11-12 16:06:45 - [TEST_STEP][PASSED] - verifyTextPresent("(703) 894-5000", false): Text '(703) 894-5000' is present on page 

2024-11-12 16:06:46 - [MESSAGE][PASSED] - Text '(703) 894-5000' is present on page 

2024-11-12 16:06:46 - [TEST_STEP][PASSED] - verifyTextPresent("Tax Information", true): Text 'Tax Information' is present on page  using regular expression

2024-11-12 16:06:46 - [MESSAGE][PASSED] - Text 'Tax Information' is present on page  using regular expression

2024-11-12 16:06:46 - [TEST_STEP][PASSED] - if (feinSsn.equalsIgnoreCase("Y")): null

2024-11-12 16:06:46 - [TEST_STEP][PASSED] - else: Text 'FEIN/SSN:' is not present on page using regular expression

2024-11-12 16:06:46 - [TEST_STEP][PASSED] - verifyTextPresent("Federal EIN:", true): Text 'Federal EIN:' is present on page  using regular expression

2024-11-12 16:06:46 - [MESSAGE][PASSED] - Text 'Federal EIN:' is present on page  using regular expression

2024-11-12 16:06:46 - [TEST_STEP][PASSED] - verifyTextNotPresent("FEIN/SSN:", true): Text 'FEIN/SSN:' is not present on page using regular expression

2024-11-12 16:06:47 - [MESSAGE][PASSED] - Text 'FEIN/SSN:' is not present on page using regular expression

2024-11-12 16:06:47 - [TEST_STEP][PASSED] - verifyTextPresent("XXXXX0532", true): Text 'XXXXX0532' is present on page  using regular expression

2024-11-12 16:06:47 - [MESSAGE][PASSED] - Text 'XXXXX0532' is present on page  using regular expression

2024-11-12 16:06:47 - [TEST_STEP][PASSED] - verifyTextPresent("Notice Or Invoice Number:", true): Text 'Notice Or Invoice Number:' is present on page  using regular expression

2024-11-12 16:06:47 - [MESSAGE][PASSED] - Text 'Notice Or Invoice Number:' is present on page  using regular expression

2024-11-12 16:06:47 - [TEST_STEP][PASSED] - verifyTextPresent("1234567890123", true): Text '1234567890123' is present on page  using regular expression

2024-11-12 16:06:48 - [MESSAGE][PASSED] - Text '1234567890123' is present on page  using regular expression

2024-11-12 16:06:48 - [TEST_STEP][PASSED] - verifyTextPresent("Tax Type:", true): Text 'Tax Type:' is present on page  using regular expression

2024-11-12 16:06:48 - [MESSAGE][PASSED] - Text 'Tax Type:' is present on page  using regular expression

2024-11-12 16:06:48 - [TEST_STEP][PASSED] - verifyTextPresent(TaxType, true): Text 'Motor Fuel Tax' is present on page  using regular expression

2024-11-12 16:06:48 - [MESSAGE][PASSED] - Text 'Motor Fuel Tax' is present on page  using regular expression

2024-11-12 16:06:48 - [TEST_STEP][PASSED] - if (CRN.equalsIgnoreCase("Y")): null

2024-11-12 16:06:48 - [TEST_STEP][PASSED] - if (MFLicNum.equalsIgnoreCase("Y")): Text '700142' is present on page  using regular expression

2024-11-12 16:06:48 - [TEST_STEP][PASSED] - verifyTextPresent("Motor Fuel License Number#:", true): Text 'Motor Fuel License Number#:' is present on page  using regular expression

2024-11-12 16:06:49 - [MESSAGE][PASSED] - Text 'Motor Fuel License Number#:' is present on page  using regular expression

2024-11-12 16:06:49 - [TEST_STEP][PASSED] - verifyTextPresent("700142", true): Text '700142' is present on page  using regular expression

2024-11-12 16:06:49 - [MESSAGE][PASSED] - Text '700142' is present on page  using regular expression

2024-11-12 16:06:49 - [TEST_STEP][PASSED] - verifyTextPresent("Payment Amount:", true): Text 'Payment Amount:' is present on page  using regular expression

2024-11-12 16:06:49 - [MESSAGE][PASSED] - Text 'Payment Amount:' is present on page  using regular expression

2024-11-12 16:06:49 - [TEST_STEP][PASSED] - verifyTextPresent("100.00", true): Text '100.00' is present on page  using regular expression

2024-11-12 16:06:50 - [MESSAGE][PASSED] - Text '100.00' is present on page  using regular expression

2024-11-12 16:06:50 - [TEST_STEP][PASSED] - if (verifyElementVisible(findTestObject(orPath_Summary + "/button_Proceed to Payment"))): null

2024-11-12 16:06:50 - [MESSAGE][PASSED] - Object 'Object Repository/RAD_Pages/Summary_Page/button_Proceed to Payment' is visible

2024-11-12 16:06:50 - [TEST_STEP][PASSED] - resText = "Pass": null

2024-11-12 16:06:50 - [TEST_STEP][PASSED] - pages.WriteExcel.demoKey(resText, datText, resColumn, datCloumn, fileLoc, nameSheet, row): pages.WriteExcel.demoKey is PASSED

2024-11-12 16:06:50 - [MESSAGE][PASSED] - pages.WriteExcel.demoKey is PASSED

2024-11-12 16:06:50 - [TEST_STEP][PASSED] - click(findTestObject(orPath_Summary + "/button_Proceed to Payment")): Object: 'Object Repository/RAD_Pages/Summary_Page/button_Proceed to Payment' is clicked on

2024-11-12 16:06:53 - [MESSAGE][PASSED] - Object: 'Object Repository/RAD_Pages/Summary_Page/button_Proceed to Payment' is clicked on

2024-11-12 16:06:53 - [TEST_STEP][PASSED] - verifyElementPresent(findTestObject("Object Repository/RAD_Pages/PaymentEntry_Page/input__billingName"), 30): Object 'Object Repository/RAD_Pages/PaymentEntry_Page/input__billingName' is present

2024-11-12 16:06:54 - [MESSAGE][PASSED] - Object 'Object Repository/RAD_Pages/PaymentEntry_Page/input__billingName' is present

2024-11-12 16:06:54 - [TEST_STEP][PASSED] - ExecuteTC = findTestData(dataFile).getValue("Execute", row): null

2024-11-12 16:06:54 - [TEST_STEP][PASSED] - TaxType = findTestData(dataFile).getValue("TaxType", row): null

2024-11-12 16:06:54 - [TEST_STEP][PASSED] - PaymentType = findTestData(dataFile).getValue("PaymentType", row): null

2024-11-12 16:06:54 - [TEST_STEP][PASSED] - feinSsn = findTestData(dataFile).getValue("FEINSSN", row): null

2024-11-12 16:06:54 - [TEST_STEP][PASSED] - CRN = findTestData(dataFile).getValue("CRN", row): null

2024-11-12 16:06:54 - [TEST_STEP][PASSED] - MFLicNum = findTestData(dataFile).getValue("MFLicNum", row): null

2024-11-12 16:06:54 - [TEST_STEP][PASSED] - if (ExecuteTC.equalsIgnoreCase("Y")): Object 'Object Repository/RAD_Pages/PaymentEntry_Page/input__billingName' is present

2024-11-12 16:06:54 - [TEST_STEP][PASSED] - out.println("Begin Record Number: " + row): null

2024-11-12 16:06:54 - [TEST_STEP][PASSED] - today = new java.util.Date(): null

2024-11-12 16:06:54 - [TEST_STEP][PASSED] - println(today): null

2024-11-12 16:06:54 - [TEST_STEP][PASSED] - datText = today: null

2024-11-12 16:06:54 - [TEST_STEP][PASSED] - logInfo("Payment Type: Existing Liability with Notice/Invoice Number"): Payment Type: Existing Liability with Notice/Invoice Number

2024-11-12 16:06:54 - [MESSAGE][INFO] - Payment Type: Existing Liability with Notice/Invoice Number

2024-11-12 16:06:54 - [TEST_STEP][PASSED] - logInfo("Tax Type: " + TaxType): Tax Type: Slots License Fee

2024-11-12 16:06:54 - [MESSAGE][INFO] - Tax Type: Slots License Fee

2024-11-12 16:06:54 - [TEST_STEP][PASSED] - openBrowser(""): Browser is opened with url: ''

2024-11-12 16:06:54 - [MESSAGE][WARNING] - A browser is already opened. Closing browser and opening a new one

2024-11-12 16:06:55 - [MESSAGE][INFO] - Starting 'Chrome' driver

2024-11-12 16:06:55 - [MESSAGE][INFO] - User set preference: ['acceptInsecureCerts', 'true']

2024-11-12 16:06:55 - [MESSAGE][INFO] - Action delay is set to 0 milliseconds

2024-11-12 16:06:57 - [MESSAGE][PASSED] - Browser is opened with url: ''

2024-11-12 16:06:57 - [TEST_STEP][PASSED] - maximizeWindow(): Current window maximized

2024-11-12 16:06:57 - [MESSAGE][PASSED] - Current window maximized

2024-11-12 16:06:57 - [TEST_STEP][PASSED] - navigateToUrl(RADurl): Navigate to 'https://www.velocitypayment.com/client/rad/index.html' successfully

2024-11-12 16:06:59 - [MESSAGE][PASSED] - Navigate to 'https://www.velocitypayment.com/client/rad/index.html' successfully

2024-11-12 16:06:59 - [TEST_STEP][PASSED] - selectOptionByLabel(findTestObject(orPath_Landing + "/dd_TaxType"), "Existing Liability with Notice/Invoice Number", false): All options with label 'Existing Liability with Notice/Invoice Number' are selected in object 'Object Repository/RAD_Pages/Landing_Page/dd_TaxType' 

2024-11-12 16:06:59 - [MESSAGE][PASSED] - All options with label 'Existing Liability with Notice/Invoice Number' are selected in object 'Object Repository/RAD_Pages/Landing_Page/dd_TaxType' 

2024-11-12 16:06:59 - [TEST_STEP][PASSED] - selectOptionByLabel(findTestObject(orPath_TaxTypeFilingYear + "/select_TaxType_ExistingLiability"), TaxType, false): All options with label 'Slots License Fee' are selected in object 'Object Repository/RAD_Pages/TaxTypeFilingYear_Page/select_TaxType_ExistingLiability' 

2024-11-12 16:07:00 - [MESSAGE][PASSED] - All options with label 'Slots License Fee' are selected in object 'Object Repository/RAD_Pages/TaxTypeFilingYear_Page/select_TaxType_ExistingLiability' 

2024-11-12 16:07:00 - [TEST_STEP][PASSED] - rad.getSetDataRAD.setDataRADBusinessName(): rad.getSetDataRAD.setDataRADBusinessName is PASSED

2024-11-12 16:07:01 - [MESSAGE][PASSED] - Text 'My Company' is set on object 'Object Repository/RAD_Pages/Taxpayer_Page/input_businessName'

2024-11-12 16:07:01 - [MESSAGE][PASSED] - rad.getSetDataRAD.setDataRADBusinessName is PASSED

2024-11-12 16:07:01 - [TEST_STEP][PASSED] - rad.getSetDataRAD.setDataRADBusinessRep(): rad.getSetDataRAD.setDataRADBusinessRep is PASSED

2024-11-12 16:07:02 - [MESSAGE][PASSED] - Text 'BusRepFname' is set on object 'Object Repository/RAD_Pages/Taxpayer_Page/input_BusinessRepfirstName'

2024-11-12 16:07:02 - [MESSAGE][PASSED] - Text '' is set on object 'Object Repository/RAD_Pages/Taxpayer_Page/input_BusinessRepmiddleName'

2024-11-12 16:07:03 - [MESSAGE][PASSED] - Text 'BusRepLname' is set on object 'Object Repository/RAD_Pages/Taxpayer_Page/input_BusinessReplastName'

2024-11-12 16:07:04 - [MESSAGE][PASSED] - Text '' is set on object 'Object Repository/RAD_Pages/Taxpayer_Page/input_BusinessRepsuffix'

2024-11-12 16:07:04 - [MESSAGE][PASSED] - rad.getSetDataRAD.setDataRADBusinessRep is PASSED

2024-11-12 16:07:04 - [TEST_STEP][PASSED] - rad.getSetDataRAD.setDataRADAddress(): rad.getSetDataRAD.setDataRADAddress is PASSED

2024-11-12 16:07:04 - [MESSAGE][PASSED] - All options with label 'United States' are selected in object 'Object Repository/RAD_Pages/AddressAndContactInfo_Page/select_Country' 

2024-11-12 16:07:05 - [MESSAGE][PASSED] - Text '2508 Mandan Terrace' is set on object 'Object Repository/RAD_Pages/AddressAndContactInfo_Page/input_streetAddress1'

2024-11-12 16:07:06 - [MESSAGE][PASSED] - Text '' is set on object 'Object Repository/RAD_Pages/AddressAndContactInfo_Page/input_streetAddress2'

2024-11-12 16:07:07 - [MESSAGE][PASSED] - Text 'Gambrills' is set on object 'Object Repository/RAD_Pages/AddressAndContactInfo_Page/input_city'

2024-11-12 16:07:07 - [MESSAGE][PASSED] - All options with label 'Maryland' are selected in object 'Object Repository/RAD_Pages/AddressAndContactInfo_Page/select_State' 

2024-11-12 16:07:08 - [MESSAGE][PASSED] - Text '21054' is set on object 'Object Repository/RAD_Pages/AddressAndContactInfo_Page/input_zipCode'

2024-11-12 16:07:09 - [MESSAGE][PASSED] - Text '(703) 894-5000' is set on object 'Object Repository/RAD_Pages/AddressAndContactInfo_Page/input_phoneNumber'

2024-11-12 16:07:10 - [MESSAGE][PASSED] - Text 'iahmed@govolution.com' is set on object 'Object Repository/RAD_Pages/AddressAndContactInfo_Page/input_eMailAddress'

2024-11-12 16:07:11 - [MESSAGE][PASSED] - Text 'iahmed@govolution.com' is set on object 'Object Repository/RAD_Pages/AddressAndContactInfo_Page/input_reEnterEMailAddress'

2024-11-12 16:07:11 - [MESSAGE][PASSED] - rad.getSetDataRAD.setDataRADAddress is PASSED

2024-11-12 16:07:11 - [TEST_STEP][PASSED] - if (feinSsn.equalsIgnoreCase("Y")): null

2024-11-12 16:07:11 - [TEST_STEP][PASSED] - else: Text ****** has been set on object 'Object Repository/RAD_Pages/TaxInfo_Page/input_concat(id(, , data, , ))_Data (1)'

2024-11-12 16:07:11 - [TEST_STEP][PASSED] - setEncryptedText(findTestObject("Object Repository/RAD_Pages/TaxInfo_Page/input_concat(id(, , data, , ))_Data"), "px0FNUagnh7G/CVR/QiY+A=="): Text ****** has been set on object 'Object Repository/RAD_Pages/TaxInfo_Page/input_concat(id(, , data, , ))_Data'

2024-11-12 16:07:11 - [MESSAGE][PASSED] - Text ****** has been set on object 'Object Repository/RAD_Pages/TaxInfo_Page/input_concat(id(, , data, , ))_Data'

2024-11-12 16:07:11 - [TEST_STEP][PASSED] - setEncryptedText(findTestObject("Object Repository/RAD_Pages/TaxInfo_Page/input_concat(id(, , data, , ))_Data (1)"), "px0FNUagnh7G/CVR/QiY+A=="): Text ****** has been set on object 'Object Repository/RAD_Pages/TaxInfo_Page/input_concat(id(, , data, , ))_Data (1)'

2024-11-12 16:07:12 - [MESSAGE][PASSED] - Text ****** has been set on object 'Object Repository/RAD_Pages/TaxInfo_Page/input_concat(id(, , data, , ))_Data (1)'

2024-11-12 16:07:12 - [TEST_STEP][PASSED] - rad.getSetDataRAD.setDataRADNoticeInvoiceThirteen(): rad.getSetDataRAD.setDataRADNoticeInvoiceThirteen is PASSED

2024-11-12 16:07:13 - [MESSAGE][PASSED] - Text '1234567890123' is set on object 'Object Repository/RAD_Pages/TaxInfo_Page/input_NoticeInvoiceNumber'

2024-11-12 16:07:13 - [MESSAGE][PASSED] - Text '1234567890123' is set on object 'Object Repository/RAD_Pages/TaxInfo_Page/input_reTypeNoticeInvoiceNumber'

2024-11-12 16:07:13 - [MESSAGE][PASSED] - rad.getSetDataRAD.setDataRADNoticeInvoiceThirteen is PASSED

2024-11-12 16:07:13 - [TEST_STEP][PASSED] - if (MFLicNum.equalsIgnoreCase("Y")): null

2024-11-12 16:07:13 - [TEST_STEP][PASSED] - if (CRN.equalsIgnoreCase("Y")): null

2024-11-12 16:07:13 - [TEST_STEP][PASSED] - setText(findTestObject(orPath_Amount + "/input__paymentAmount"), "100.00"): Text '100.00' is set on object 'Object Repository/RAD_Pages/PaymentAmount_Page/input__paymentAmount'

2024-11-12 16:07:14 - [MESSAGE][PASSED] - Text '100.00' is set on object 'Object Repository/RAD_Pages/PaymentAmount_Page/input__paymentAmount'

2024-11-12 16:07:14 - [TEST_STEP][PASSED] - setText(findTestObject(orPath_AddressContact + "/input_streetAddress2"), ""): Text '' is set on object 'Object Repository/RAD_Pages/AddressAndContactInfo_Page/input_streetAddress2'

2024-11-12 16:07:15 - [MESSAGE][PASSED] - Text '' is set on object 'Object Repository/RAD_Pages/AddressAndContactInfo_Page/input_streetAddress2'

2024-11-12 16:07:15 - [TEST_STEP][PASSED] - scrollToElement(findTestObject(orPath_Landing + "/button_Continue"), 3): Scroll to object 'Object Repository/RAD_Pages/Landing_Page/button_Continue' successfully

2024-11-12 16:07:15 - [MESSAGE][PASSED] - Scroll to object 'Object Repository/RAD_Pages/Landing_Page/button_Continue' successfully

2024-11-12 16:07:15 - [TEST_STEP][PASSED] - waitForElementClickable(findTestObject(orPath_Landing + "/button_Continue"), 5): Object 'Object Repository/RAD_Pages/Landing_Page/button_Continue' is clickable

2024-11-12 16:07:16 - [MESSAGE][PASSED] - Object 'Object Repository/RAD_Pages/Landing_Page/button_Continue' is clickable

2024-11-12 16:07:16 - [TEST_STEP][PASSED] - click(findTestObject(orPath_Landing + "/button_Continue")): Object: 'Object Repository/RAD_Pages/Landing_Page/button_Continue' is clicked on

2024-11-12 16:07:16 - [MESSAGE][PASSED] - Object: 'Object Repository/RAD_Pages/Landing_Page/button_Continue' is clicked on

2024-11-12 16:07:16 - [TEST_STEP][PASSED] - delay(2): Delayed 2 second(s)

2024-11-12 16:07:18 - [MESSAGE][PASSED] - Delayed 2 second(s)

2024-11-12 16:07:18 - [TEST_STEP][PASSED] - verifyTextPresent("Summary", true): Text 'Summary' is present on page  using regular expression

2024-11-12 16:07:18 - [MESSAGE][PASSED] - Text 'Summary' is present on page  using regular expression

2024-11-12 16:07:18 - [TEST_STEP][PASSED] - verifyTextPresent("Review the information below and make any necessary corrections by clicking the", true): Text 'Review the information below and make any necessary corrections by clicking the' is present on page  using regular expression

2024-11-12 16:07:19 - [MESSAGE][PASSED] - Text 'Review the information below and make any necessary corrections by clicking the' is present on page  using regular expression

2024-11-12 16:07:19 - [TEST_STEP][PASSED] - verifyTextPresent("When you are confident that all the information is correct, click the", true): Text 'When you are confident that all the information is correct, click the' is present on page  using regular expression

2024-11-12 16:07:19 - [MESSAGE][PASSED] - Text 'When you are confident that all the information is correct, click the' is present on page  using regular expression

2024-11-12 16:07:19 - [TEST_STEP][PASSED] - verifyTextPresent("Payment Type/Filing Year", true): Text 'Payment Type/Filing Year' is present on page  using regular expression

2024-11-12 16:07:19 - [MESSAGE][PASSED] - Text 'Payment Type/Filing Year' is present on page  using regular expression

2024-11-12 16:07:19 - [TEST_STEP][PASSED] - verifyTextPresent("Payment Type:", true): Text 'Payment Type:' is present on page  using regular expression

2024-11-12 16:07:20 - [MESSAGE][PASSED] - Text 'Payment Type:' is present on page  using regular expression

2024-11-12 16:07:20 - [TEST_STEP][PASSED] - verifyTextPresent("Existing Liability with Notice/Invoice Number", true): Text 'Existing Liability with Notice/Invoice Number' is present on page  using regular expression

2024-11-12 16:07:20 - [MESSAGE][PASSED] - Text 'Existing Liability with Notice/Invoice Number' is present on page  using regular expression

2024-11-12 16:07:20 - [TEST_STEP][PASSED] - verifyTextPresent("Payer Information", true): Text 'Payer Information' is present on page  using regular expression

2024-11-12 16:07:20 - [MESSAGE][PASSED] - Text 'Payer Information' is present on page  using regular expression

2024-11-12 16:07:20 - [TEST_STEP][PASSED] - verifyTextPresent("Taxpayer Name:", true): Text 'Taxpayer Name:' is present on page  using regular expression

2024-11-12 16:07:21 - [MESSAGE][PASSED] - Text 'Taxpayer Name:' is present on page  using regular expression

2024-11-12 16:07:21 - [TEST_STEP][PASSED] - if (!(TaxType.equalsIgnoreCase("Sales & Use Tax"))): Text 'My Company' is present on page  using regular expression

2024-11-12 16:07:21 - [TEST_STEP][PASSED] - verifyTextPresent("My Company", true): Text 'My Company' is present on page  using regular expression

2024-11-12 16:07:21 - [MESSAGE][PASSED] - Text 'My Company' is present on page  using regular expression

2024-11-12 16:07:21 - [TEST_STEP][PASSED] - verifyTextPresent("Business Rep Name:", true): Text 'Business Rep Name:' is present on page  using regular expression

2024-11-12 16:07:21 - [MESSAGE][PASSED] - Text 'Business Rep Name:' is present on page  using regular expression

2024-11-12 16:07:21 - [TEST_STEP][PASSED] - verifyTextPresent("BusRepFname BusRepLname", true): Text 'BusRepFname BusRepLname' is present on page  using regular expression

2024-11-12 16:07:22 - [MESSAGE][PASSED] - Text 'BusRepFname BusRepLname' is present on page  using regular expression

2024-11-12 16:07:22 - [TEST_STEP][PASSED] - verifyTextPresent("Taxpayer Address:", true): Text 'Taxpayer Address:' is present on page  using regular expression

2024-11-12 16:07:22 - [MESSAGE][PASSED] - Text 'Taxpayer Address:' is present on page  using regular expression

2024-11-12 16:07:22 - [TEST_STEP][PASSED] - verifyTextPresent("2508 Mandan Terrace Gambrills Maryland 21054", true): Text '2508 Mandan Terrace Gambrills Maryland 21054' is present on page  using regular expression

2024-11-12 16:07:22 - [MESSAGE][PASSED] - Text '2508 Mandan Terrace Gambrills Maryland 21054' is present on page  using regular expression

2024-11-12 16:07:22 - [TEST_STEP][PASSED] - verifyTextPresent("Email:", true): Text 'Email:' is present on page  using regular expression

2024-11-12 16:07:23 - [MESSAGE][PASSED] - Text 'Email:' is present on page  using regular expression

2024-11-12 16:07:23 - [TEST_STEP][PASSED] - verifyTextPresent("iahmed@govolution.com", true): Text 'iahmed@govolution.com' is present on page  using regular expression

2024-11-12 16:07:23 - [MESSAGE][PASSED] - Text 'iahmed@govolution.com' is present on page  using regular expression

2024-11-12 16:07:23 - [TEST_STEP][PASSED] - verifyTextPresent("Phone:", true): Text 'Phone:' is present on page  using regular expression

2024-11-12 16:07:23 - [MESSAGE][PASSED] - Text 'Phone:' is present on page  using regular expression

2024-11-12 16:07:23 - [TEST_STEP][PASSED] - verifyTextPresent("(703) 894-5000", false): Text '(703) 894-5000' is present on page 

2024-11-12 16:07:24 - [MESSAGE][PASSED] - Text '(703) 894-5000' is present on page 

2024-11-12 16:07:24 - [TEST_STEP][PASSED] - verifyTextPresent("Tax Information", true): Text 'Tax Information' is present on page  using regular expression

2024-11-12 16:07:24 - [MESSAGE][PASSED] - Text 'Tax Information' is present on page  using regular expression

2024-11-12 16:07:24 - [TEST_STEP][PASSED] - if (feinSsn.equalsIgnoreCase("Y")): null

2024-11-12 16:07:24 - [TEST_STEP][PASSED] - else: Text 'FEIN/SSN:' is not present on page using regular expression

2024-11-12 16:07:24 - [TEST_STEP][PASSED] - verifyTextPresent("Federal EIN:", true): Text 'Federal EIN:' is present on page  using regular expression

2024-11-12 16:07:24 - [MESSAGE][PASSED] - Text 'Federal EIN:' is present on page  using regular expression

2024-11-12 16:07:24 - [TEST_STEP][PASSED] - verifyTextNotPresent("FEIN/SSN:", true): Text 'FEIN/SSN:' is not present on page using regular expression

2024-11-12 16:07:25 - [MESSAGE][PASSED] - Text 'FEIN/SSN:' is not present on page using regular expression

2024-11-12 16:07:25 - [TEST_STEP][PASSED] - verifyTextPresent("XXXXX0532", true): Text 'XXXXX0532' is present on page  using regular expression

2024-11-12 16:07:25 - [MESSAGE][PASSED] - Text 'XXXXX0532' is present on page  using regular expression

2024-11-12 16:07:25 - [TEST_STEP][PASSED] - verifyTextPresent("Notice Or Invoice Number:", true): Text 'Notice Or Invoice Number:' is present on page  using regular expression

2024-11-12 16:07:25 - [MESSAGE][PASSED] - Text 'Notice Or Invoice Number:' is present on page  using regular expression

2024-11-12 16:07:25 - [TEST_STEP][PASSED] - verifyTextPresent("1234567890123", true): Text '1234567890123' is present on page  using regular expression

2024-11-12 16:07:26 - [MESSAGE][PASSED] - Text '1234567890123' is present on page  using regular expression

2024-11-12 16:07:26 - [TEST_STEP][PASSED] - verifyTextPresent("Tax Type:", true): Text 'Tax Type:' is present on page  using regular expression

2024-11-12 16:07:26 - [MESSAGE][PASSED] - Text 'Tax Type:' is present on page  using regular expression

2024-11-12 16:07:26 - [TEST_STEP][PASSED] - verifyTextPresent(TaxType, true): Text 'Slots License Fee' is present on page  using regular expression

2024-11-12 16:07:26 - [MESSAGE][PASSED] - Text 'Slots License Fee' is present on page  using regular expression

2024-11-12 16:07:26 - [TEST_STEP][PASSED] - if (CRN.equalsIgnoreCase("Y")): null

2024-11-12 16:07:26 - [TEST_STEP][PASSED] - if (MFLicNum.equalsIgnoreCase("Y")): null

2024-11-12 16:07:26 - [TEST_STEP][PASSED] - verifyTextPresent("Payment Amount:", true): Text 'Payment Amount:' is present on page  using regular expression

2024-11-12 16:07:27 - [MESSAGE][PASSED] - Text 'Payment Amount:' is present on page  using regular expression

2024-11-12 16:07:27 - [TEST_STEP][PASSED] - verifyTextPresent("100.00", true): Text '100.00' is present on page  using regular expression

2024-11-12 16:07:27 - [MESSAGE][PASSED] - Text '100.00' is present on page  using regular expression

2024-11-12 16:07:27 - [TEST_STEP][PASSED] - if (verifyElementVisible(findTestObject(orPath_Summary + "/button_Proceed to Payment"))): null

2024-11-12 16:07:27 - [MESSAGE][PASSED] - Object 'Object Repository/RAD_Pages/Summary_Page/button_Proceed to Payment' is visible

2024-11-12 16:07:27 - [TEST_STEP][PASSED] - resText = "Pass": null

2024-11-12 16:07:27 - [TEST_STEP][PASSED] - pages.WriteExcel.demoKey(resText, datText, resColumn, datCloumn, fileLoc, nameSheet, row): pages.WriteExcel.demoKey is PASSED

2024-11-12 16:07:27 - [MESSAGE][PASSED] - pages.WriteExcel.demoKey is PASSED

2024-11-12 16:07:27 - [TEST_STEP][PASSED] - click(findTestObject(orPath_Summary + "/button_Proceed to Payment")): Object: 'Object Repository/RAD_Pages/Summary_Page/button_Proceed to Payment' is clicked on

2024-11-12 16:07:30 - [MESSAGE][PASSED] - Object: 'Object Repository/RAD_Pages/Summary_Page/button_Proceed to Payment' is clicked on

2024-11-12 16:07:30 - [TEST_STEP][PASSED] - verifyElementPresent(findTestObject("Object Repository/RAD_Pages/PaymentEntry_Page/input__billingName"), 30): Object 'Object Repository/RAD_Pages/PaymentEntry_Page/input__billingName' is present

2024-11-12 16:07:30 - [MESSAGE][PASSED] - Object 'Object Repository/RAD_Pages/PaymentEntry_Page/input__billingName' is present

2024-11-12 16:07:30 - [TEST_STEP][PASSED] - ExecuteTC = findTestData(dataFile).getValue("Execute", row): null

2024-11-12 16:07:30 - [TEST_STEP][PASSED] - TaxType = findTestData(dataFile).getValue("TaxType", row): null

2024-11-12 16:07:30 - [TEST_STEP][PASSED] - PaymentType = findTestData(dataFile).getValue("PaymentType", row): null

2024-11-12 16:07:31 - [TEST_STEP][PASSED] - feinSsn = findTestData(dataFile).getValue("FEINSSN", row): null

2024-11-12 16:07:31 - [TEST_STEP][PASSED] - CRN = findTestData(dataFile).getValue("CRN", row): null

2024-11-12 16:07:31 - [TEST_STEP][PASSED] - MFLicNum = findTestData(dataFile).getValue("MFLicNum", row): null

2024-11-12 16:07:31 - [TEST_STEP][PASSED] - if (ExecuteTC.equalsIgnoreCase("Y")): Object 'Object Repository/RAD_Pages/PaymentEntry_Page/input__billingName' is present

2024-11-12 16:07:31 - [TEST_STEP][PASSED] - out.println("Begin Record Number: " + row): null

2024-11-12 16:07:31 - [TEST_STEP][PASSED] - today = new java.util.Date(): null

2024-11-12 16:07:31 - [TEST_STEP][PASSED] - println(today): null

2024-11-12 16:07:31 - [TEST_STEP][PASSED] - datText = today: null

2024-11-12 16:07:31 - [TEST_STEP][PASSED] - logInfo("Payment Type: Existing Liability with Notice/Invoice Number"): Payment Type: Existing Liability with Notice/Invoice Number

2024-11-12 16:07:31 - [MESSAGE][INFO] - Payment Type: Existing Liability with Notice/Invoice Number

2024-11-12 16:07:31 - [TEST_STEP][PASSED] - logInfo("Tax Type: " + TaxType): Tax Type: Tobacco Tax

2024-11-12 16:07:31 - [MESSAGE][INFO] - Tax Type: Tobacco Tax

2024-11-12 16:07:31 - [TEST_STEP][PASSED] - openBrowser(""): Browser is opened with url: ''

2024-11-12 16:07:31 - [MESSAGE][WARNING] - A browser is already opened. Closing browser and opening a new one

2024-11-12 16:07:32 - [MESSAGE][INFO] - Starting 'Chrome' driver

2024-11-12 16:07:32 - [MESSAGE][INFO] - User set preference: ['acceptInsecureCerts', 'true']

2024-11-12 16:07:32 - [MESSAGE][INFO] - Action delay is set to 0 milliseconds

2024-11-12 16:07:34 - [MESSAGE][PASSED] - Browser is opened with url: ''

2024-11-12 16:07:34 - [TEST_STEP][PASSED] - maximizeWindow(): Current window maximized

2024-11-12 16:07:34 - [MESSAGE][PASSED] - Current window maximized

2024-11-12 16:07:34 - [TEST_STEP][PASSED] - navigateToUrl(RADurl): Navigate to 'https://www.velocitypayment.com/client/rad/index.html' successfully

2024-11-12 16:07:37 - [MESSAGE][PASSED] - Navigate to 'https://www.velocitypayment.com/client/rad/index.html' successfully

2024-11-12 16:07:37 - [TEST_STEP][PASSED] - selectOptionByLabel(findTestObject(orPath_Landing + "/dd_TaxType"), "Existing Liability with Notice/Invoice Number", false): All options with label 'Existing Liability with Notice/Invoice Number' are selected in object 'Object Repository/RAD_Pages/Landing_Page/dd_TaxType' 

2024-11-12 16:07:37 - [MESSAGE][PASSED] - All options with label 'Existing Liability with Notice/Invoice Number' are selected in object 'Object Repository/RAD_Pages/Landing_Page/dd_TaxType' 

2024-11-12 16:07:37 - [TEST_STEP][PASSED] - selectOptionByLabel(findTestObject(orPath_TaxTypeFilingYear + "/select_TaxType_ExistingLiability"), TaxType, false): All options with label 'Tobacco Tax' are selected in object 'Object Repository/RAD_Pages/TaxTypeFilingYear_Page/select_TaxType_ExistingLiability' 

2024-11-12 16:07:38 - [MESSAGE][PASSED] - All options with label 'Tobacco Tax' are selected in object 'Object Repository/RAD_Pages/TaxTypeFilingYear_Page/select_TaxType_ExistingLiability' 

2024-11-12 16:07:38 - [TEST_STEP][PASSED] - rad.getSetDataRAD.setDataRADBusinessName(): rad.getSetDataRAD.setDataRADBusinessName is PASSED

2024-11-12 16:07:40 - [MESSAGE][PASSED] - Text 'My Company' is set on object 'Object Repository/RAD_Pages/Taxpayer_Page/input_businessName'

2024-11-12 16:07:40 - [MESSAGE][PASSED] - rad.getSetDataRAD.setDataRADBusinessName is PASSED

2024-11-12 16:07:40 - [TEST_STEP][PASSED] - rad.getSetDataRAD.setDataRADBusinessRep(): rad.getSetDataRAD.setDataRADBusinessRep is PASSED

2024-11-12 16:07:41 - [MESSAGE][PASSED] - Text 'BusRepFname' is set on object 'Object Repository/RAD_Pages/Taxpayer_Page/input_BusinessRepfirstName'

2024-11-12 16:07:41 - [MESSAGE][PASSED] - Text '' is set on object 'Object Repository/RAD_Pages/Taxpayer_Page/input_BusinessRepmiddleName'

2024-11-12 16:07:42 - [MESSAGE][PASSED] - Text 'BusRepLname' is set on object 'Object Repository/RAD_Pages/Taxpayer_Page/input_BusinessReplastName'

2024-11-12 16:07:43 - [MESSAGE][PASSED] - Text '' is set on object 'Object Repository/RAD_Pages/Taxpayer_Page/input_BusinessRepsuffix'

2024-11-12 16:07:43 - [MESSAGE][PASSED] - rad.getSetDataRAD.setDataRADBusinessRep is PASSED

2024-11-12 16:07:43 - [TEST_STEP][PASSED] - rad.getSetDataRAD.setDataRADAddress(): rad.getSetDataRAD.setDataRADAddress is PASSED

2024-11-12 16:07:43 - [MESSAGE][PASSED] - All options with label 'United States' are selected in object 'Object Repository/RAD_Pages/AddressAndContactInfo_Page/select_Country' 

2024-11-12 16:07:44 - [MESSAGE][PASSED] - Text '2508 Mandan Terrace' is set on object 'Object Repository/RAD_Pages/AddressAndContactInfo_Page/input_streetAddress1'

2024-11-12 16:07:45 - [MESSAGE][PASSED] - Text '' is set on object 'Object Repository/RAD_Pages/AddressAndContactInfo_Page/input_streetAddress2'

2024-11-12 16:07:46 - [MESSAGE][PASSED] - Text 'Gambrills' is set on object 'Object Repository/RAD_Pages/AddressAndContactInfo_Page/input_city'

2024-11-12 16:07:46 - [MESSAGE][PASSED] - All options with label 'Maryland' are selected in object 'Object Repository/RAD_Pages/AddressAndContactInfo_Page/select_State' 

2024-11-12 16:07:47 - [MESSAGE][PASSED] - Text '21054' is set on object 'Object Repository/RAD_Pages/AddressAndContactInfo_Page/input_zipCode'

2024-11-12 16:07:48 - [MESSAGE][PASSED] - Text '(703) 894-5000' is set on object 'Object Repository/RAD_Pages/AddressAndContactInfo_Page/input_phoneNumber'

2024-11-12 16:07:49 - [MESSAGE][PASSED] - Text 'iahmed@govolution.com' is set on object 'Object Repository/RAD_Pages/AddressAndContactInfo_Page/input_eMailAddress'

2024-11-12 16:07:49 - [MESSAGE][PASSED] - Text 'iahmed@govolution.com' is set on object 'Object Repository/RAD_Pages/AddressAndContactInfo_Page/input_reEnterEMailAddress'

2024-11-12 16:07:49 - [MESSAGE][PASSED] - rad.getSetDataRAD.setDataRADAddress is PASSED

2024-11-12 16:07:49 - [TEST_STEP][PASSED] - if (feinSsn.equalsIgnoreCase("Y")): Text ****** has been set on object 'Object Repository/RAD_Pages/TaxInfo_Page/input_TaxInfo_RetypefeinSsn_Existing_New'

2024-11-12 16:07:49 - [TEST_STEP][PASSED] - setEncryptedText(findTestObject(orPath_TaxInfo + "/input_TaxInfo_feinSsn_Existing_New"), "px0FNUagnh7G/CVR/QiY+A=="): Text ****** has been set on object 'Object Repository/RAD_Pages/TaxInfo_Page/input_TaxInfo_feinSsn_Existing_New'

2024-11-12 16:07:50 - [MESSAGE][PASSED] - Text ****** has been set on object 'Object Repository/RAD_Pages/TaxInfo_Page/input_TaxInfo_feinSsn_Existing_New'

2024-11-12 16:07:50 - [TEST_STEP][PASSED] - setEncryptedText(findTestObject(orPath_TaxInfo + "/input_TaxInfo_RetypefeinSsn_Existing_New"), "px0FNUagnh7G/CVR/QiY+A=="): Text ****** has been set on object 'Object Repository/RAD_Pages/TaxInfo_Page/input_TaxInfo_RetypefeinSsn_Existing_New'

2024-11-12 16:07:51 - [MESSAGE][PASSED] - Text ****** has been set on object 'Object Repository/RAD_Pages/TaxInfo_Page/input_TaxInfo_RetypefeinSsn_Existing_New'

2024-11-12 16:07:51 - [TEST_STEP][PASSED] - rad.getSetDataRAD.setDataRADNoticeInvoiceThirteen(): rad.getSetDataRAD.setDataRADNoticeInvoiceThirteen is PASSED

2024-11-12 16:07:51 - [MESSAGE][PASSED] - Text '1234567890123' is set on object 'Object Repository/RAD_Pages/TaxInfo_Page/input_NoticeInvoiceNumber'

2024-11-12 16:07:52 - [MESSAGE][PASSED] - Text '1234567890123' is set on object 'Object Repository/RAD_Pages/TaxInfo_Page/input_reTypeNoticeInvoiceNumber'

2024-11-12 16:07:52 - [MESSAGE][PASSED] - rad.getSetDataRAD.setDataRADNoticeInvoiceThirteen is PASSED

2024-11-12 16:07:52 - [TEST_STEP][PASSED] - if (MFLicNum.equalsIgnoreCase("Y")): null

2024-11-12 16:07:52 - [TEST_STEP][PASSED] - if (CRN.equalsIgnoreCase("Y")): rad.getSetDataRAD.setDataExistingRADMDCRN is PASSED

2024-11-12 16:07:52 - [TEST_STEP][PASSED] - rad.getSetDataRAD.setDataExistingRADMDCRN(): rad.getSetDataRAD.setDataExistingRADMDCRN is PASSED

2024-11-12 16:07:53 - [MESSAGE][PASSED] - Text '07640126' is set on object 'Object Repository/RAD_Pages/TaxInfo_Page/input_MDCRegistrationEL'

2024-11-12 16:07:53 - [MESSAGE][PASSED] - rad.getSetDataRAD.setDataExistingRADMDCRN is PASSED

2024-11-12 16:07:53 - [TEST_STEP][PASSED] - setText(findTestObject(orPath_Amount + "/input__paymentAmount"), "100.00"): Text '100.00' is set on object 'Object Repository/RAD_Pages/PaymentAmount_Page/input__paymentAmount'

2024-11-12 16:07:54 - [MESSAGE][PASSED] - Text '100.00' is set on object 'Object Repository/RAD_Pages/PaymentAmount_Page/input__paymentAmount'

2024-11-12 16:07:54 - [TEST_STEP][PASSED] - setText(findTestObject(orPath_AddressContact + "/input_streetAddress2"), ""): Text '' is set on object 'Object Repository/RAD_Pages/AddressAndContactInfo_Page/input_streetAddress2'

2024-11-12 16:07:54 - [MESSAGE][PASSED] - Text '' is set on object 'Object Repository/RAD_Pages/AddressAndContactInfo_Page/input_streetAddress2'

2024-11-12 16:07:54 - [TEST_STEP][PASSED] - scrollToElement(findTestObject(orPath_Landing + "/button_Continue"), 3): Scroll to object 'Object Repository/RAD_Pages/Landing_Page/button_Continue' successfully

2024-11-12 16:07:55 - [MESSAGE][PASSED] - Scroll to object 'Object Repository/RAD_Pages/Landing_Page/button_Continue' successfully

2024-11-12 16:07:55 - [TEST_STEP][PASSED] - waitForElementClickable(findTestObject(orPath_Landing + "/button_Continue"), 5): Object 'Object Repository/RAD_Pages/Landing_Page/button_Continue' is clickable

2024-11-12 16:07:55 - [MESSAGE][PASSED] - Object 'Object Repository/RAD_Pages/Landing_Page/button_Continue' is clickable

2024-11-12 16:07:55 - [TEST_STEP][PASSED] - click(findTestObject(orPath_Landing + "/button_Continue")): Object: 'Object Repository/RAD_Pages/Landing_Page/button_Continue' is clicked on

2024-11-12 16:07:56 - [MESSAGE][PASSED] - Object: 'Object Repository/RAD_Pages/Landing_Page/button_Continue' is clicked on

2024-11-12 16:07:56 - [TEST_STEP][PASSED] - delay(2): Delayed 2 second(s)

2024-11-12 16:07:58 - [MESSAGE][PASSED] - Delayed 2 second(s)

2024-11-12 16:07:58 - [TEST_STEP][PASSED] - verifyTextPresent("Summary", true): Text 'Summary' is present on page  using regular expression

2024-11-12 16:07:58 - [MESSAGE][PASSED] - Text 'Summary' is present on page  using regular expression

2024-11-12 16:07:58 - [TEST_STEP][PASSED] - verifyTextPresent("Review the information below and make any necessary corrections by clicking the", true): Text 'Review the information below and make any necessary corrections by clicking the' is present on page  using regular expression

2024-11-12 16:07:58 - [MESSAGE][PASSED] - Text 'Review the information below and make any necessary corrections by clicking the' is present on page  using regular expression

2024-11-12 16:07:58 - [TEST_STEP][PASSED] - verifyTextPresent("When you are confident that all the information is correct, click the", true): Text 'When you are confident that all the information is correct, click the' is present on page  using regular expression

2024-11-12 16:07:59 - [MESSAGE][PASSED] - Text 'When you are confident that all the information is correct, click the' is present on page  using regular expression

2024-11-12 16:07:59 - [TEST_STEP][PASSED] - verifyTextPresent("Payment Type/Filing Year", true): Text 'Payment Type/Filing Year' is present on page  using regular expression

2024-11-12 16:07:59 - [MESSAGE][PASSED] - Text 'Payment Type/Filing Year' is present on page  using regular expression

2024-11-12 16:07:59 - [TEST_STEP][PASSED] - verifyTextPresent("Payment Type:", true): Text 'Payment Type:' is present on page  using regular expression

2024-11-12 16:07:59 - [MESSAGE][PASSED] - Text 'Payment Type:' is present on page  using regular expression

2024-11-12 16:07:59 - [TEST_STEP][PASSED] - verifyTextPresent("Existing Liability with Notice/Invoice Number", true): Text 'Existing Liability with Notice/Invoice Number' is present on page  using regular expression

2024-11-12 16:08:00 - [MESSAGE][PASSED] - Text 'Existing Liability with Notice/Invoice Number' is present on page  using regular expression

2024-11-12 16:08:00 - [TEST_STEP][PASSED] - verifyTextPresent("Payer Information", true): Text 'Payer Information' is present on page  using regular expression

2024-11-12 16:08:00 - [MESSAGE][PASSED] - Text 'Payer Information' is present on page  using regular expression

2024-11-12 16:08:00 - [TEST_STEP][PASSED] - verifyTextPresent("Taxpayer Name:", true): Text 'Taxpayer Name:' is present on page  using regular expression

2024-11-12 16:08:00 - [MESSAGE][PASSED] - Text 'Taxpayer Name:' is present on page  using regular expression

2024-11-12 16:08:00 - [TEST_STEP][PASSED] - if (!(TaxType.equalsIgnoreCase("Sales & Use Tax"))): Text 'My Company' is present on page  using regular expression

2024-11-12 16:08:00 - [TEST_STEP][PASSED] - verifyTextPresent("My Company", true): Text 'My Company' is present on page  using regular expression

2024-11-12 16:08:01 - [MESSAGE][PASSED] - Text 'My Company' is present on page  using regular expression

2024-11-12 16:08:01 - [TEST_STEP][PASSED] - verifyTextPresent("Business Rep Name:", true): Text 'Business Rep Name:' is present on page  using regular expression

2024-11-12 16:08:01 - [MESSAGE][PASSED] - Text 'Business Rep Name:' is present on page  using regular expression

2024-11-12 16:08:01 - [TEST_STEP][PASSED] - verifyTextPresent("BusRepFname BusRepLname", true): Text 'BusRepFname BusRepLname' is present on page  using regular expression

2024-11-12 16:08:01 - [MESSAGE][PASSED] - Text 'BusRepFname BusRepLname' is present on page  using regular expression

2024-11-12 16:08:01 - [TEST_STEP][PASSED] - verifyTextPresent("Taxpayer Address:", true): Text 'Taxpayer Address:' is present on page  using regular expression

2024-11-12 16:08:02 - [MESSAGE][PASSED] - Text 'Taxpayer Address:' is present on page  using regular expression

2024-11-12 16:08:02 - [TEST_STEP][PASSED] - verifyTextPresent("2508 Mandan Terrace Gambrills Maryland 21054", true): Text '2508 Mandan Terrace Gambrills Maryland 21054' is present on page  using regular expression

2024-11-12 16:08:02 - [MESSAGE][PASSED] - Text '2508 Mandan Terrace Gambrills Maryland 21054' is present on page  using regular expression

2024-11-12 16:08:02 - [TEST_STEP][PASSED] - verifyTextPresent("Email:", true): Text 'Email:' is present on page  using regular expression

2024-11-12 16:08:02 - [MESSAGE][PASSED] - Text 'Email:' is present on page  using regular expression

2024-11-12 16:08:02 - [TEST_STEP][PASSED] - verifyTextPresent("iahmed@govolution.com", true): Text 'iahmed@govolution.com' is present on page  using regular expression

2024-11-12 16:08:03 - [MESSAGE][PASSED] - Text 'iahmed@govolution.com' is present on page  using regular expression

2024-11-12 16:08:03 - [TEST_STEP][PASSED] - verifyTextPresent("Phone:", true): Text 'Phone:' is present on page  using regular expression

2024-11-12 16:08:03 - [MESSAGE][PASSED] - Text 'Phone:' is present on page  using regular expression

2024-11-12 16:08:03 - [TEST_STEP][PASSED] - verifyTextPresent("(703) 894-5000", false): Text '(703) 894-5000' is present on page 

2024-11-12 16:08:03 - [MESSAGE][PASSED] - Text '(703) 894-5000' is present on page 

2024-11-12 16:08:03 - [TEST_STEP][PASSED] - verifyTextPresent("Tax Information", true): Text 'Tax Information' is present on page  using regular expression

2024-11-12 16:08:04 - [MESSAGE][PASSED] - Text 'Tax Information' is present on page  using regular expression

2024-11-12 16:08:04 - [TEST_STEP][PASSED] - if (feinSsn.equalsIgnoreCase("Y")): Text 'Federal EIN:' is not present on page using regular expression

2024-11-12 16:08:04 - [TEST_STEP][PASSED] - verifyTextPresent("FEIN/SSN:", true): Text 'FEIN/SSN:' is present on page  using regular expression

2024-11-12 16:08:04 - [MESSAGE][PASSED] - Text 'FEIN/SSN:' is present on page  using regular expression

2024-11-12 16:08:04 - [TEST_STEP][PASSED] - verifyTextNotPresent("Federal EIN:", true): Text 'Federal EIN:' is not present on page using regular expression

2024-11-12 16:08:04 - [MESSAGE][PASSED] - Text 'Federal EIN:' is not present on page using regular expression

2024-11-12 16:08:04 - [TEST_STEP][PASSED] - verifyTextPresent("XXXXX0532", true): Text 'XXXXX0532' is present on page  using regular expression

2024-11-12 16:08:05 - [MESSAGE][PASSED] - Text 'XXXXX0532' is present on page  using regular expression

2024-11-12 16:08:05 - [TEST_STEP][PASSED] - verifyTextPresent("Notice Or Invoice Number:", true): Text 'Notice Or Invoice Number:' is present on page  using regular expression

2024-11-12 16:08:05 - [MESSAGE][PASSED] - Text 'Notice Or Invoice Number:' is present on page  using regular expression

2024-11-12 16:08:05 - [TEST_STEP][PASSED] - verifyTextPresent("1234567890123", true): Text '1234567890123' is present on page  using regular expression

2024-11-12 16:08:05 - [MESSAGE][PASSED] - Text '1234567890123' is present on page  using regular expression

2024-11-12 16:08:05 - [TEST_STEP][PASSED] - verifyTextPresent("Tax Type:", true): Text 'Tax Type:' is present on page  using regular expression

2024-11-12 16:08:06 - [MESSAGE][PASSED] - Text 'Tax Type:' is present on page  using regular expression

2024-11-12 16:08:06 - [TEST_STEP][PASSED] - verifyTextPresent(TaxType, true): Text 'Tobacco Tax' is present on page  using regular expression

2024-11-12 16:08:06 - [MESSAGE][PASSED] - Text 'Tobacco Tax' is present on page  using regular expression

2024-11-12 16:08:06 - [TEST_STEP][PASSED] - if (CRN.equalsIgnoreCase("Y")): Text '07640126' is present on page  using regular expression

2024-11-12 16:08:06 - [TEST_STEP][PASSED] - verifyTextPresent("MD Central Registration Number#:", true): Text 'MD Central Registration Number#:' is present on page  using regular expression

2024-11-12 16:08:06 - [MESSAGE][PASSED] - Text 'MD Central Registration Number#:' is present on page  using regular expression

2024-11-12 16:08:06 - [TEST_STEP][PASSED] - verifyTextPresent("07640126", true): Text '07640126' is present on page  using regular expression

2024-11-12 16:08:07 - [MESSAGE][PASSED] - Text '07640126' is present on page  using regular expression

2024-11-12 16:08:07 - [TEST_STEP][PASSED] - if (MFLicNum.equalsIgnoreCase("Y")): null

2024-11-12 16:08:07 - [TEST_STEP][PASSED] - verifyTextPresent("Payment Amount:", true): Text 'Payment Amount:' is present on page  using regular expression

2024-11-12 16:08:07 - [MESSAGE][PASSED] - Text 'Payment Amount:' is present on page  using regular expression

2024-11-12 16:08:07 - [TEST_STEP][PASSED] - verifyTextPresent("100.00", true): Text '100.00' is present on page  using regular expression

2024-11-12 16:08:07 - [MESSAGE][PASSED] - Text '100.00' is present on page  using regular expression

2024-11-12 16:08:07 - [TEST_STEP][PASSED] - if (verifyElementVisible(findTestObject(orPath_Summary + "/button_Proceed to Payment"))): null

2024-11-12 16:08:08 - [MESSAGE][PASSED] - Object 'Object Repository/RAD_Pages/Summary_Page/button_Proceed to Payment' is visible

2024-11-12 16:08:08 - [TEST_STEP][PASSED] - resText = "Pass": null

2024-11-12 16:08:08 - [TEST_STEP][PASSED] - pages.WriteExcel.demoKey(resText, datText, resColumn, datCloumn, fileLoc, nameSheet, row): pages.WriteExcel.demoKey is PASSED

2024-11-12 16:08:08 - [MESSAGE][PASSED] - pages.WriteExcel.demoKey is PASSED

2024-11-12 16:08:08 - [TEST_STEP][PASSED] - click(findTestObject(orPath_Summary + "/button_Proceed to Payment")): Object: 'Object Repository/RAD_Pages/Summary_Page/button_Proceed to Payment' is clicked on

2024-11-12 16:08:11 - [MESSAGE][PASSED] - Object: 'Object Repository/RAD_Pages/Summary_Page/button_Proceed to Payment' is clicked on

2024-11-12 16:08:11 - [TEST_STEP][PASSED] - verifyElementPresent(findTestObject("Object Repository/RAD_Pages/PaymentEntry_Page/input__billingName"), 30): Object 'Object Repository/RAD_Pages/PaymentEntry_Page/input__billingName' is present

2024-11-12 16:08:11 - [MESSAGE][PASSED] - Object 'Object Repository/RAD_Pages/PaymentEntry_Page/input__billingName' is present

2024-11-12 16:08:11 - [TEST_STEP][PASSED] - ExecuteTC = findTestData(dataFile).getValue("Execute", row): null

2024-11-12 16:08:11 - [TEST_STEP][PASSED] - TaxType = findTestData(dataFile).getValue("TaxType", row): null

2024-11-12 16:08:11 - [TEST_STEP][PASSED] - PaymentType = findTestData(dataFile).getValue("PaymentType", row): null

2024-11-12 16:08:11 - [TEST_STEP][PASSED] - feinSsn = findTestData(dataFile).getValue("FEINSSN", row): null

2024-11-12 16:08:11 - [TEST_STEP][PASSED] - CRN = findTestData(dataFile).getValue("CRN", row): null

2024-11-12 16:08:11 - [TEST_STEP][PASSED] - MFLicNum = findTestData(dataFile).getValue("MFLicNum", row): null

2024-11-12 16:08:11 - [TEST_STEP][PASSED] - if (ExecuteTC.equalsIgnoreCase("Y")): Object 'Object Repository/RAD_Pages/PaymentEntry_Page/input__billingName' is present

2024-11-12 16:08:11 - [TEST_STEP][PASSED] - out.println("Begin Record Number: " + row): null

2024-11-12 16:08:11 - [TEST_STEP][PASSED] - today = new java.util.Date(): null

2024-11-12 16:08:11 - [TEST_STEP][PASSED] - println(today): null

2024-11-12 16:08:11 - [TEST_STEP][PASSED] - datText = today: null

2024-11-12 16:08:11 - [TEST_STEP][PASSED] - logInfo("Payment Type: Existing Liability with Notice/Invoice Number"): Payment Type: Existing Liability with Notice/Invoice Number

2024-11-12 16:08:11 - [MESSAGE][INFO] - Payment Type: Existing Liability with Notice/Invoice Number

2024-11-12 16:08:11 - [TEST_STEP][PASSED] - logInfo("Tax Type: " + TaxType): Tax Type: Transportation Network Services

2024-11-12 16:08:11 - [MESSAGE][INFO] - Tax Type: Transportation Network Services

2024-11-12 16:08:11 - [TEST_STEP][PASSED] - openBrowser(""): Browser is opened with url: ''

2024-11-12 16:08:11 - [MESSAGE][WARNING] - A browser is already opened. Closing browser and opening a new one

2024-11-12 16:08:13 - [MESSAGE][INFO] - Starting 'Chrome' driver

2024-11-12 16:08:13 - [MESSAGE][INFO] - User set preference: ['acceptInsecureCerts', 'true']

2024-11-12 16:08:13 - [MESSAGE][INFO] - Action delay is set to 0 milliseconds

2024-11-12 16:08:14 - [MESSAGE][PASSED] - Browser is opened with url: ''

2024-11-12 16:08:14 - [TEST_STEP][PASSED] - maximizeWindow(): Current window maximized

2024-11-12 16:08:14 - [MESSAGE][PASSED] - Current window maximized

2024-11-12 16:08:14 - [TEST_STEP][PASSED] - navigateToUrl(RADurl): Navigate to 'https://www.velocitypayment.com/client/rad/index.html' successfully

2024-11-12 16:08:16 - [MESSAGE][PASSED] - Navigate to 'https://www.velocitypayment.com/client/rad/index.html' successfully

2024-11-12 16:08:16 - [TEST_STEP][PASSED] - selectOptionByLabel(findTestObject(orPath_Landing + "/dd_TaxType"), "Existing Liability with Notice/Invoice Number", false): All options with label 'Existing Liability with Notice/Invoice Number' are selected in object 'Object Repository/RAD_Pages/Landing_Page/dd_TaxType' 

2024-11-12 16:08:17 - [MESSAGE][PASSED] - All options with label 'Existing Liability with Notice/Invoice Number' are selected in object 'Object Repository/RAD_Pages/Landing_Page/dd_TaxType' 

2024-11-12 16:08:17 - [TEST_STEP][PASSED] - selectOptionByLabel(findTestObject(orPath_TaxTypeFilingYear + "/select_TaxType_ExistingLiability"), TaxType, false): All options with label 'Transportation Network Services' are selected in object 'Object Repository/RAD_Pages/TaxTypeFilingYear_Page/select_TaxType_ExistingLiability' 

2024-11-12 16:08:17 - [MESSAGE][PASSED] - All options with label 'Transportation Network Services' are selected in object 'Object Repository/RAD_Pages/TaxTypeFilingYear_Page/select_TaxType_ExistingLiability' 

2024-11-12 16:08:17 - [TEST_STEP][PASSED] - rad.getSetDataRAD.setDataRADBusinessName(): rad.getSetDataRAD.setDataRADBusinessName is PASSED

2024-11-12 16:08:18 - [MESSAGE][PASSED] - Text 'My Company' is set on object 'Object Repository/RAD_Pages/Taxpayer_Page/input_businessName'

2024-11-12 16:08:18 - [MESSAGE][PASSED] - rad.getSetDataRAD.setDataRADBusinessName is PASSED

2024-11-12 16:08:18 - [TEST_STEP][PASSED] - rad.getSetDataRAD.setDataRADBusinessRep(): rad.getSetDataRAD.setDataRADBusinessRep is PASSED

2024-11-12 16:08:19 - [MESSAGE][PASSED] - Text 'BusRepFname' is set on object 'Object Repository/RAD_Pages/Taxpayer_Page/input_BusinessRepfirstName'

2024-11-12 16:08:20 - [MESSAGE][PASSED] - Text '' is set on object 'Object Repository/RAD_Pages/Taxpayer_Page/input_BusinessRepmiddleName'

2024-11-12 16:08:21 - [MESSAGE][PASSED] - Text 'BusRepLname' is set on object 'Object Repository/RAD_Pages/Taxpayer_Page/input_BusinessReplastName'

2024-11-12 16:08:21 - [MESSAGE][PASSED] - Text '' is set on object 'Object Repository/RAD_Pages/Taxpayer_Page/input_BusinessRepsuffix'

2024-11-12 16:08:21 - [MESSAGE][PASSED] - rad.getSetDataRAD.setDataRADBusinessRep is PASSED

2024-11-12 16:08:21 - [TEST_STEP][PASSED] - rad.getSetDataRAD.setDataRADAddress(): rad.getSetDataRAD.setDataRADAddress is PASSED

2024-11-12 16:08:22 - [MESSAGE][PASSED] - All options with label 'United States' are selected in object 'Object Repository/RAD_Pages/AddressAndContactInfo_Page/select_Country' 

2024-11-12 16:08:23 - [MESSAGE][PASSED] - Text '2508 Mandan Terrace' is set on object 'Object Repository/RAD_Pages/AddressAndContactInfo_Page/input_streetAddress1'

2024-11-12 16:08:24 - [MESSAGE][PASSED] - Text '' is set on object 'Object Repository/RAD_Pages/AddressAndContactInfo_Page/input_streetAddress2'

2024-11-12 16:08:24 - [MESSAGE][PASSED] - Text 'Gambrills' is set on object 'Object Repository/RAD_Pages/AddressAndContactInfo_Page/input_city'

2024-11-12 16:08:25 - [MESSAGE][PASSED] - All options with label 'Maryland' are selected in object 'Object Repository/RAD_Pages/AddressAndContactInfo_Page/select_State' 

2024-11-12 16:08:26 - [MESSAGE][PASSED] - Text '21054' is set on object 'Object Repository/RAD_Pages/AddressAndContactInfo_Page/input_zipCode'

2024-11-12 16:08:27 - [MESSAGE][PASSED] - Text '(703) 894-5000' is set on object 'Object Repository/RAD_Pages/AddressAndContactInfo_Page/input_phoneNumber'

2024-11-12 16:08:28 - [MESSAGE][PASSED] - Text 'iahmed@govolution.com' is set on object 'Object Repository/RAD_Pages/AddressAndContactInfo_Page/input_eMailAddress'

2024-11-12 16:08:28 - [MESSAGE][PASSED] - Text 'iahmed@govolution.com' is set on object 'Object Repository/RAD_Pages/AddressAndContactInfo_Page/input_reEnterEMailAddress'

2024-11-12 16:08:28 - [MESSAGE][PASSED] - rad.getSetDataRAD.setDataRADAddress is PASSED

2024-11-12 16:08:28 - [TEST_STEP][PASSED] - if (feinSsn.equalsIgnoreCase("Y")): null

2024-11-12 16:08:28 - [TEST_STEP][PASSED] - else: Text ****** has been set on object 'Object Repository/RAD_Pages/TaxInfo_Page/input_concat(id(, , data, , ))_Data (1)'

2024-11-12 16:08:28 - [TEST_STEP][PASSED] - setEncryptedText(findTestObject("Object Repository/RAD_Pages/TaxInfo_Page/input_concat(id(, , data, , ))_Data"), "px0FNUagnh7G/CVR/QiY+A=="): Text ****** has been set on object 'Object Repository/RAD_Pages/TaxInfo_Page/input_concat(id(, , data, , ))_Data'

2024-11-12 16:08:29 - [MESSAGE][PASSED] - Text ****** has been set on object 'Object Repository/RAD_Pages/TaxInfo_Page/input_concat(id(, , data, , ))_Data'

2024-11-12 16:08:29 - [TEST_STEP][PASSED] - setEncryptedText(findTestObject("Object Repository/RAD_Pages/TaxInfo_Page/input_concat(id(, , data, , ))_Data (1)"), "px0FNUagnh7G/CVR/QiY+A=="): Text ****** has been set on object 'Object Repository/RAD_Pages/TaxInfo_Page/input_concat(id(, , data, , ))_Data (1)'

2024-11-12 16:08:30 - [MESSAGE][PASSED] - Text ****** has been set on object 'Object Repository/RAD_Pages/TaxInfo_Page/input_concat(id(, , data, , ))_Data (1)'

2024-11-12 16:08:30 - [TEST_STEP][PASSED] - rad.getSetDataRAD.setDataRADNoticeInvoiceThirteen(): rad.getSetDataRAD.setDataRADNoticeInvoiceThirteen is PASSED

2024-11-12 16:08:31 - [MESSAGE][PASSED] - Text '1234567890123' is set on object 'Object Repository/RAD_Pages/TaxInfo_Page/input_NoticeInvoiceNumber'

2024-11-12 16:08:31 - [MESSAGE][PASSED] - Text '1234567890123' is set on object 'Object Repository/RAD_Pages/TaxInfo_Page/input_reTypeNoticeInvoiceNumber'

2024-11-12 16:08:31 - [MESSAGE][PASSED] - rad.getSetDataRAD.setDataRADNoticeInvoiceThirteen is PASSED

2024-11-12 16:08:31 - [TEST_STEP][PASSED] - if (MFLicNum.equalsIgnoreCase("Y")): null

2024-11-12 16:08:31 - [TEST_STEP][PASSED] - if (CRN.equalsIgnoreCase("Y")): rad.getSetDataRAD.setDataExistingRADMDCRN is PASSED

2024-11-12 16:08:31 - [TEST_STEP][PASSED] - rad.getSetDataRAD.setDataExistingRADMDCRN(): rad.getSetDataRAD.setDataExistingRADMDCRN is PASSED

2024-11-12 16:08:32 - [MESSAGE][PASSED] - Text '07640126' is set on object 'Object Repository/RAD_Pages/TaxInfo_Page/input_MDCRegistrationEL'

2024-11-12 16:08:32 - [MESSAGE][PASSED] - rad.getSetDataRAD.setDataExistingRADMDCRN is PASSED

2024-11-12 16:08:32 - [TEST_STEP][PASSED] - setText(findTestObject(orPath_Amount + "/input__paymentAmount"), "100.00"): Text '100.00' is set on object 'Object Repository/RAD_Pages/PaymentAmount_Page/input__paymentAmount'

2024-11-12 16:08:33 - [MESSAGE][PASSED] - Text '100.00' is set on object 'Object Repository/RAD_Pages/PaymentAmount_Page/input__paymentAmount'

2024-11-12 16:08:33 - [TEST_STEP][PASSED] - setText(findTestObject(orPath_AddressContact + "/input_streetAddress2"), ""): Text '' is set on object 'Object Repository/RAD_Pages/AddressAndContactInfo_Page/input_streetAddress2'

2024-11-12 16:08:34 - [MESSAGE][PASSED] - Text '' is set on object 'Object Repository/RAD_Pages/AddressAndContactInfo_Page/input_streetAddress2'

2024-11-12 16:08:34 - [TEST_STEP][PASSED] - scrollToElement(findTestObject(orPath_Landing + "/button_Continue"), 3): Scroll to object 'Object Repository/RAD_Pages/Landing_Page/button_Continue' successfully

2024-11-12 16:08:34 - [MESSAGE][PASSED] - Scroll to object 'Object Repository/RAD_Pages/Landing_Page/button_Continue' successfully

2024-11-12 16:08:34 - [TEST_STEP][PASSED] - waitForElementClickable(findTestObject(orPath_Landing + "/button_Continue"), 5): Object 'Object Repository/RAD_Pages/Landing_Page/button_Continue' is clickable

2024-11-12 16:08:35 - [MESSAGE][PASSED] - Object 'Object Repository/RAD_Pages/Landing_Page/button_Continue' is clickable

2024-11-12 16:08:35 - [TEST_STEP][PASSED] - click(findTestObject(orPath_Landing + "/button_Continue")): Object: 'Object Repository/RAD_Pages/Landing_Page/button_Continue' is clicked on

2024-11-12 16:08:35 - [MESSAGE][PASSED] - Object: 'Object Repository/RAD_Pages/Landing_Page/button_Continue' is clicked on

2024-11-12 16:08:35 - [TEST_STEP][PASSED] - delay(2): Delayed 2 second(s)

2024-11-12 16:08:37 - [MESSAGE][PASSED] - Delayed 2 second(s)

2024-11-12 16:08:37 - [TEST_STEP][PASSED] - verifyTextPresent("Summary", true): Text 'Summary' is present on page  using regular expression

2024-11-12 16:08:37 - [MESSAGE][PASSED] - Text 'Summary' is present on page  using regular expression

2024-11-12 16:08:37 - [TEST_STEP][PASSED] - verifyTextPresent("Review the information below and make any necessary corrections by clicking the", true): Text 'Review the information below and make any necessary corrections by clicking the' is present on page  using regular expression

2024-11-12 16:08:38 - [MESSAGE][PASSED] - Text 'Review the information below and make any necessary corrections by clicking the' is present on page  using regular expression

2024-11-12 16:08:38 - [TEST_STEP][PASSED] - verifyTextPresent("When you are confident that all the information is correct, click the", true): Text 'When you are confident that all the information is correct, click the' is present on page  using regular expression

2024-11-12 16:08:38 - [MESSAGE][PASSED] - Text 'When you are confident that all the information is correct, click the' is present on page  using regular expression

2024-11-12 16:08:38 - [TEST_STEP][PASSED] - verifyTextPresent("Payment Type/Filing Year", true): Text 'Payment Type/Filing Year' is present on page  using regular expression

2024-11-12 16:08:38 - [MESSAGE][PASSED] - Text 'Payment Type/Filing Year' is present on page  using regular expression

2024-11-12 16:08:38 - [TEST_STEP][PASSED] - verifyTextPresent("Payment Type:", true): Text 'Payment Type:' is present on page  using regular expression

2024-11-12 16:08:39 - [MESSAGE][PASSED] - Text 'Payment Type:' is present on page  using regular expression

2024-11-12 16:08:39 - [TEST_STEP][PASSED] - verifyTextPresent("Existing Liability with Notice/Invoice Number", true): Text 'Existing Liability with Notice/Invoice Number' is present on page  using regular expression

2024-11-12 16:08:39 - [MESSAGE][PASSED] - Text 'Existing Liability with Notice/Invoice Number' is present on page  using regular expression

2024-11-12 16:08:39 - [TEST_STEP][PASSED] - verifyTextPresent("Payer Information", true): Text 'Payer Information' is present on page  using regular expression

2024-11-12 16:08:39 - [MESSAGE][PASSED] - Text 'Payer Information' is present on page  using regular expression

2024-11-12 16:08:39 - [TEST_STEP][PASSED] - verifyTextPresent("Taxpayer Name:", true): Text 'Taxpayer Name:' is present on page  using regular expression

2024-11-12 16:08:40 - [MESSAGE][PASSED] - Text 'Taxpayer Name:' is present on page  using regular expression

2024-11-12 16:08:40 - [TEST_STEP][PASSED] - if (!(TaxType.equalsIgnoreCase("Sales & Use Tax"))): Text 'My Company' is present on page  using regular expression

2024-11-12 16:08:40 - [TEST_STEP][PASSED] - verifyTextPresent("My Company", true): Text 'My Company' is present on page  using regular expression

2024-11-12 16:08:40 - [MESSAGE][PASSED] - Text 'My Company' is present on page  using regular expression

2024-11-12 16:08:40 - [TEST_STEP][PASSED] - verifyTextPresent("Business Rep Name:", true): Text 'Business Rep Name:' is present on page  using regular expression

2024-11-12 16:08:40 - [MESSAGE][PASSED] - Text 'Business Rep Name:' is present on page  using regular expression

2024-11-12 16:08:40 - [TEST_STEP][PASSED] - verifyTextPresent("BusRepFname BusRepLname", true): Text 'BusRepFname BusRepLname' is present on page  using regular expression

2024-11-12 16:08:41 - [MESSAGE][PASSED] - Text 'BusRepFname BusRepLname' is present on page  using regular expression

2024-11-12 16:08:41 - [TEST_STEP][PASSED] - verifyTextPresent("Taxpayer Address:", true): Text 'Taxpayer Address:' is present on page  using regular expression

2024-11-12 16:08:41 - [MESSAGE][PASSED] - Text 'Taxpayer Address:' is present on page  using regular expression

2024-11-12 16:08:41 - [TEST_STEP][PASSED] - verifyTextPresent("2508 Mandan Terrace Gambrills Maryland 21054", true): Text '2508 Mandan Terrace Gambrills Maryland 21054' is present on page  using regular expression

2024-11-12 16:08:41 - [MESSAGE][PASSED] - Text '2508 Mandan Terrace Gambrills Maryland 21054' is present on page  using regular expression

2024-11-12 16:08:41 - [TEST_STEP][PASSED] - verifyTextPresent("Email:", true): Text 'Email:' is present on page  using regular expression

2024-11-12 16:08:42 - [MESSAGE][PASSED] - Text 'Email:' is present on page  using regular expression

2024-11-12 16:08:42 - [TEST_STEP][PASSED] - verifyTextPresent("iahmed@govolution.com", true): Text 'iahmed@govolution.com' is present on page  using regular expression

2024-11-12 16:08:42 - [MESSAGE][PASSED] - Text 'iahmed@govolution.com' is present on page  using regular expression

2024-11-12 16:08:42 - [TEST_STEP][PASSED] - verifyTextPresent("Phone:", true): Text 'Phone:' is present on page  using regular expression

2024-11-12 16:08:42 - [MESSAGE][PASSED] - Text 'Phone:' is present on page  using regular expression

2024-11-12 16:08:42 - [TEST_STEP][PASSED] - verifyTextPresent("(703) 894-5000", false): Text '(703) 894-5000' is present on page 

2024-11-12 16:08:43 - [MESSAGE][PASSED] - Text '(703) 894-5000' is present on page 

2024-11-12 16:08:43 - [TEST_STEP][PASSED] - verifyTextPresent("Tax Information", true): Text 'Tax Information' is present on page  using regular expression

2024-11-12 16:08:43 - [MESSAGE][PASSED] - Text 'Tax Information' is present on page  using regular expression

2024-11-12 16:08:43 - [TEST_STEP][PASSED] - if (feinSsn.equalsIgnoreCase("Y")): null

2024-11-12 16:08:43 - [TEST_STEP][PASSED] - else: Text 'FEIN/SSN:' is not present on page using regular expression

2024-11-12 16:08:43 - [TEST_STEP][PASSED] - verifyTextPresent("Federal EIN:", true): Text 'Federal EIN:' is present on page  using regular expression

2024-11-12 16:08:43 - [MESSAGE][PASSED] - Text 'Federal EIN:' is present on page  using regular expression

2024-11-12 16:08:43 - [TEST_STEP][PASSED] - verifyTextNotPresent("FEIN/SSN:", true): Text 'FEIN/SSN:' is not present on page using regular expression

2024-11-12 16:08:44 - [MESSAGE][PASSED] - Text 'FEIN/SSN:' is not present on page using regular expression

2024-11-12 16:08:44 - [TEST_STEP][PASSED] - verifyTextPresent("XXXXX0532", true): Text 'XXXXX0532' is present on page  using regular expression

2024-11-12 16:08:44 - [MESSAGE][PASSED] - Text 'XXXXX0532' is present on page  using regular expression

2024-11-12 16:08:44 - [TEST_STEP][PASSED] - verifyTextPresent("Notice Or Invoice Number:", true): Text 'Notice Or Invoice Number:' is present on page  using regular expression

2024-11-12 16:08:44 - [MESSAGE][PASSED] - Text 'Notice Or Invoice Number:' is present on page  using regular expression

2024-11-12 16:08:44 - [TEST_STEP][PASSED] - verifyTextPresent("1234567890123", true): Text '1234567890123' is present on page  using regular expression

2024-11-12 16:08:45 - [MESSAGE][PASSED] - Text '1234567890123' is present on page  using regular expression

2024-11-12 16:08:45 - [TEST_STEP][PASSED] - verifyTextPresent("Tax Type:", true): Text 'Tax Type:' is present on page  using regular expression

2024-11-12 16:08:45 - [MESSAGE][PASSED] - Text 'Tax Type:' is present on page  using regular expression

2024-11-12 16:08:45 - [TEST_STEP][PASSED] - verifyTextPresent(TaxType, true): Text 'Transportation Network Services' is present on page  using regular expression

2024-11-12 16:08:45 - [MESSAGE][PASSED] - Text 'Transportation Network Services' is present on page  using regular expression

2024-11-12 16:08:45 - [TEST_STEP][PASSED] - if (CRN.equalsIgnoreCase("Y")): Text '07640126' is present on page  using regular expression

2024-11-12 16:08:45 - [TEST_STEP][PASSED] - verifyTextPresent("MD Central Registration Number#:", true): Text 'MD Central Registration Number#:' is present on page  using regular expression

2024-11-12 16:08:46 - [MESSAGE][PASSED] - Text 'MD Central Registration Number#:' is present on page  using regular expression

2024-11-12 16:08:46 - [TEST_STEP][PASSED] - verifyTextPresent("07640126", true): Text '07640126' is present on page  using regular expression

2024-11-12 16:08:46 - [MESSAGE][PASSED] - Text '07640126' is present on page  using regular expression

2024-11-12 16:08:46 - [TEST_STEP][PASSED] - if (MFLicNum.equalsIgnoreCase("Y")): null

2024-11-12 16:08:46 - [TEST_STEP][PASSED] - verifyTextPresent("Payment Amount:", true): Text 'Payment Amount:' is present on page  using regular expression

2024-11-12 16:08:46 - [MESSAGE][PASSED] - Text 'Payment Amount:' is present on page  using regular expression

2024-11-12 16:08:46 - [TEST_STEP][PASSED] - verifyTextPresent("100.00", true): Text '100.00' is present on page  using regular expression

2024-11-12 16:08:47 - [MESSAGE][PASSED] - Text '100.00' is present on page  using regular expression

2024-11-12 16:08:47 - [TEST_STEP][PASSED] - if (verifyElementVisible(findTestObject(orPath_Summary + "/button_Proceed to Payment"))): null

2024-11-12 16:08:47 - [MESSAGE][PASSED] - Object 'Object Repository/RAD_Pages/Summary_Page/button_Proceed to Payment' is visible

2024-11-12 16:08:47 - [TEST_STEP][PASSED] - resText = "Pass": null

2024-11-12 16:08:47 - [TEST_STEP][PASSED] - pages.WriteExcel.demoKey(resText, datText, resColumn, datCloumn, fileLoc, nameSheet, row): pages.WriteExcel.demoKey is PASSED

2024-11-12 16:08:47 - [MESSAGE][PASSED] - pages.WriteExcel.demoKey is PASSED

2024-11-12 16:08:47 - [TEST_STEP][PASSED] - click(findTestObject(orPath_Summary + "/button_Proceed to Payment")): Object: 'Object Repository/RAD_Pages/Summary_Page/button_Proceed to Payment' is clicked on

2024-11-12 16:08:50 - [MESSAGE][PASSED] - Object: 'Object Repository/RAD_Pages/Summary_Page/button_Proceed to Payment' is clicked on

2024-11-12 16:08:50 - [TEST_STEP][PASSED] - verifyElementPresent(findTestObject("Object Repository/RAD_Pages/PaymentEntry_Page/input__billingName"), 30): Object 'Object Repository/RAD_Pages/PaymentEntry_Page/input__billingName' is present

2024-11-12 16:08:50 - [MESSAGE][PASSED] - Object 'Object Repository/RAD_Pages/PaymentEntry_Page/input__billingName' is present

2024-11-12 16:08:50 - [TEST_STEP][PASSED] - ExecuteTC = findTestData(dataFile).getValue("Execute", row): null

2024-11-12 16:08:50 - [TEST_STEP][PASSED] - TaxType = findTestData(dataFile).getValue("TaxType", row): null

2024-11-12 16:08:50 - [TEST_STEP][PASSED] - PaymentType = findTestData(dataFile).getValue("PaymentType", row): null

2024-11-12 16:08:50 - [TEST_STEP][PASSED] - feinSsn = findTestData(dataFile).getValue("FEINSSN", row): null

2024-11-12 16:08:50 - [TEST_STEP][PASSED] - CRN = findTestData(dataFile).getValue("CRN", row): null

2024-11-12 16:08:51 - [TEST_STEP][PASSED] - MFLicNum = findTestData(dataFile).getValue("MFLicNum", row): null

2024-11-12 16:08:51 - [TEST_STEP][PASSED] - if (ExecuteTC.equalsIgnoreCase("Y")): Object 'Object Repository/RAD_Pages/PaymentEntry_Page/input__billingName' is present

2024-11-12 16:08:51 - [TEST_STEP][PASSED] - out.println("Begin Record Number: " + row): null

2024-11-12 16:08:51 - [TEST_STEP][PASSED] - today = new java.util.Date(): null

2024-11-12 16:08:51 - [TEST_STEP][PASSED] - println(today): null

2024-11-12 16:08:51 - [TEST_STEP][PASSED] - datText = today: null

2024-11-12 16:08:51 - [TEST_STEP][PASSED] - logInfo("Payment Type: Existing Liability with Notice/Invoice Number"): Payment Type: Existing Liability with Notice/Invoice Number

2024-11-12 16:08:51 - [MESSAGE][INFO] - Payment Type: Existing Liability with Notice/Invoice Number

2024-11-12 16:08:51 - [TEST_STEP][PASSED] - logInfo("Tax Type: " + TaxType): Tax Type: Unclaimed Property

2024-11-12 16:08:51 - [MESSAGE][INFO] - Tax Type: Unclaimed Property

2024-11-12 16:08:51 - [TEST_STEP][PASSED] - openBrowser(""): Browser is opened with url: ''

2024-11-12 16:08:51 - [MESSAGE][WARNING] - A browser is already opened. Closing browser and opening a new one

2024-11-12 16:08:52 - [MESSAGE][INFO] - Starting 'Chrome' driver

2024-11-12 16:08:52 - [MESSAGE][INFO] - User set preference: ['acceptInsecureCerts', 'true']

2024-11-12 16:08:52 - [MESSAGE][INFO] - Action delay is set to 0 milliseconds

2024-11-12 16:08:54 - [MESSAGE][PASSED] - Browser is opened with url: ''

2024-11-12 16:08:54 - [TEST_STEP][PASSED] - maximizeWindow(): Current window maximized

2024-11-12 16:08:54 - [MESSAGE][PASSED] - Current window maximized

2024-11-12 16:08:54 - [TEST_STEP][PASSED] - navigateToUrl(RADurl): Navigate to 'https://www.velocitypayment.com/client/rad/index.html' successfully

2024-11-12 16:08:55 - [MESSAGE][PASSED] - Navigate to 'https://www.velocitypayment.com/client/rad/index.html' successfully

2024-11-12 16:08:55 - [TEST_STEP][PASSED] - selectOptionByLabel(findTestObject(orPath_Landing + "/dd_TaxType"), "Existing Liability with Notice/Invoice Number", false): All options with label 'Existing Liability with Notice/Invoice Number' are selected in object 'Object Repository/RAD_Pages/Landing_Page/dd_TaxType' 

2024-11-12 16:08:56 - [MESSAGE][PASSED] - All options with label 'Existing Liability with Notice/Invoice Number' are selected in object 'Object Repository/RAD_Pages/Landing_Page/dd_TaxType' 

2024-11-12 16:08:56 - [TEST_STEP][PASSED] - selectOptionByLabel(findTestObject(orPath_TaxTypeFilingYear + "/select_TaxType_ExistingLiability"), TaxType, false): All options with label 'Unclaimed Property' are selected in object 'Object Repository/RAD_Pages/TaxTypeFilingYear_Page/select_TaxType_ExistingLiability' 

2024-11-12 16:08:57 - [MESSAGE][PASSED] - All options with label 'Unclaimed Property' are selected in object 'Object Repository/RAD_Pages/TaxTypeFilingYear_Page/select_TaxType_ExistingLiability' 

2024-11-12 16:08:57 - [TEST_STEP][PASSED] - rad.getSetDataRAD.setDataRADBusinessName(): rad.getSetDataRAD.setDataRADBusinessName is PASSED

2024-11-12 16:08:57 - [MESSAGE][PASSED] - Text 'My Company' is set on object 'Object Repository/RAD_Pages/Taxpayer_Page/input_businessName'

2024-11-12 16:08:57 - [MESSAGE][PASSED] - rad.getSetDataRAD.setDataRADBusinessName is PASSED

2024-11-12 16:08:57 - [TEST_STEP][PASSED] - rad.getSetDataRAD.setDataRADBusinessRep(): rad.getSetDataRAD.setDataRADBusinessRep is PASSED

2024-11-12 16:08:58 - [MESSAGE][PASSED] - Text 'BusRepFname' is set on object 'Object Repository/RAD_Pages/Taxpayer_Page/input_BusinessRepfirstName'

2024-11-12 16:08:59 - [MESSAGE][PASSED] - Text '' is set on object 'Object Repository/RAD_Pages/Taxpayer_Page/input_BusinessRepmiddleName'

2024-11-12 16:09:00 - [MESSAGE][PASSED] - Text 'BusRepLname' is set on object 'Object Repository/RAD_Pages/Taxpayer_Page/input_BusinessReplastName'

2024-11-12 16:09:00 - [MESSAGE][PASSED] - Text '' is set on object 'Object Repository/RAD_Pages/Taxpayer_Page/input_BusinessRepsuffix'

2024-11-12 16:09:00 - [MESSAGE][PASSED] - rad.getSetDataRAD.setDataRADBusinessRep is PASSED

2024-11-12 16:09:00 - [TEST_STEP][PASSED] - rad.getSetDataRAD.setDataRADAddress(): rad.getSetDataRAD.setDataRADAddress is PASSED

2024-11-12 16:09:01 - [MESSAGE][PASSED] - All options with label 'United States' are selected in object 'Object Repository/RAD_Pages/AddressAndContactInfo_Page/select_Country' 

2024-11-12 16:09:02 - [MESSAGE][PASSED] - Text '2508 Mandan Terrace' is set on object 'Object Repository/RAD_Pages/AddressAndContactInfo_Page/input_streetAddress1'

2024-11-12 16:09:02 - [MESSAGE][PASSED] - Text '' is set on object 'Object Repository/RAD_Pages/AddressAndContactInfo_Page/input_streetAddress2'

2024-11-12 16:09:03 - [MESSAGE][PASSED] - Text 'Gambrills' is set on object 'Object Repository/RAD_Pages/AddressAndContactInfo_Page/input_city'

2024-11-12 16:09:04 - [MESSAGE][PASSED] - All options with label 'Maryland' are selected in object 'Object Repository/RAD_Pages/AddressAndContactInfo_Page/select_State' 

2024-11-12 16:09:05 - [MESSAGE][PASSED] - Text '21054' is set on object 'Object Repository/RAD_Pages/AddressAndContactInfo_Page/input_zipCode'

2024-11-12 16:09:06 - [MESSAGE][PASSED] - Text '(703) 894-5000' is set on object 'Object Repository/RAD_Pages/AddressAndContactInfo_Page/input_phoneNumber'

2024-11-12 16:09:07 - [MESSAGE][PASSED] - Text 'iahmed@govolution.com' is set on object 'Object Repository/RAD_Pages/AddressAndContactInfo_Page/input_eMailAddress'

2024-11-12 16:09:08 - [MESSAGE][PASSED] - Text 'iahmed@govolution.com' is set on object 'Object Repository/RAD_Pages/AddressAndContactInfo_Page/input_reEnterEMailAddress'

2024-11-12 16:09:08 - [MESSAGE][PASSED] - rad.getSetDataRAD.setDataRADAddress is PASSED

2024-11-12 16:09:08 - [TEST_STEP][PASSED] - if (feinSsn.equalsIgnoreCase("Y")): null

2024-11-12 16:09:08 - [TEST_STEP][PASSED] - else: Text ****** has been set on object 'Object Repository/RAD_Pages/TaxInfo_Page/input_concat(id(, , data, , ))_Data (1)'

2024-11-12 16:09:08 - [TEST_STEP][PASSED] - setEncryptedText(findTestObject("Object Repository/RAD_Pages/TaxInfo_Page/input_concat(id(, , data, , ))_Data"), "px0FNUagnh7G/CVR/QiY+A=="): Text ****** has been set on object 'Object Repository/RAD_Pages/TaxInfo_Page/input_concat(id(, , data, , ))_Data'

2024-11-12 16:09:08 - [MESSAGE][PASSED] - Text ****** has been set on object 'Object Repository/RAD_Pages/TaxInfo_Page/input_concat(id(, , data, , ))_Data'

2024-11-12 16:09:08 - [TEST_STEP][PASSED] - setEncryptedText(findTestObject("Object Repository/RAD_Pages/TaxInfo_Page/input_concat(id(, , data, , ))_Data (1)"), "px0FNUagnh7G/CVR/QiY+A=="): Text ****** has been set on object 'Object Repository/RAD_Pages/TaxInfo_Page/input_concat(id(, , data, , ))_Data (1)'

2024-11-12 16:09:09 - [MESSAGE][PASSED] - Text ****** has been set on object 'Object Repository/RAD_Pages/TaxInfo_Page/input_concat(id(, , data, , ))_Data (1)'

2024-11-12 16:09:09 - [TEST_STEP][PASSED] - rad.getSetDataRAD.setDataRADNoticeInvoiceThirteen(): rad.getSetDataRAD.setDataRADNoticeInvoiceThirteen is PASSED

2024-11-12 16:09:09 - [MESSAGE][PASSED] - Text '1234567890123' is set on object 'Object Repository/RAD_Pages/TaxInfo_Page/input_NoticeInvoiceNumber'

2024-11-12 16:09:10 - [MESSAGE][PASSED] - Text '1234567890123' is set on object 'Object Repository/RAD_Pages/TaxInfo_Page/input_reTypeNoticeInvoiceNumber'

2024-11-12 16:09:10 - [MESSAGE][PASSED] - rad.getSetDataRAD.setDataRADNoticeInvoiceThirteen is PASSED

2024-11-12 16:09:10 - [TEST_STEP][PASSED] - if (MFLicNum.equalsIgnoreCase("Y")): null

2024-11-12 16:09:10 - [TEST_STEP][PASSED] - if (CRN.equalsIgnoreCase("Y")): null

2024-11-12 16:09:10 - [TEST_STEP][PASSED] - setText(findTestObject(orPath_Amount + "/input__paymentAmount"), "100.00"): Text '100.00' is set on object 'Object Repository/RAD_Pages/PaymentAmount_Page/input__paymentAmount'

2024-11-12 16:09:11 - [MESSAGE][PASSED] - Text '100.00' is set on object 'Object Repository/RAD_Pages/PaymentAmount_Page/input__paymentAmount'

2024-11-12 16:09:11 - [TEST_STEP][PASSED] - setText(findTestObject(orPath_AddressContact + "/input_streetAddress2"), ""): Text '' is set on object 'Object Repository/RAD_Pages/AddressAndContactInfo_Page/input_streetAddress2'

2024-11-12 16:09:12 - [MESSAGE][PASSED] - Text '' is set on object 'Object Repository/RAD_Pages/AddressAndContactInfo_Page/input_streetAddress2'

2024-11-12 16:09:12 - [TEST_STEP][PASSED] - scrollToElement(findTestObject(orPath_Landing + "/button_Continue"), 3): Scroll to object 'Object Repository/RAD_Pages/Landing_Page/button_Continue' successfully

2024-11-12 16:09:12 - [MESSAGE][PASSED] - Scroll to object 'Object Repository/RAD_Pages/Landing_Page/button_Continue' successfully

2024-11-12 16:09:12 - [TEST_STEP][PASSED] - waitForElementClickable(findTestObject(orPath_Landing + "/button_Continue"), 5): Object 'Object Repository/RAD_Pages/Landing_Page/button_Continue' is clickable

2024-11-12 16:09:12 - [MESSAGE][PASSED] - Object 'Object Repository/RAD_Pages/Landing_Page/button_Continue' is clickable

2024-11-12 16:09:12 - [TEST_STEP][PASSED] - click(findTestObject(orPath_Landing + "/button_Continue")): Object: 'Object Repository/RAD_Pages/Landing_Page/button_Continue' is clicked on

2024-11-12 16:09:13 - [MESSAGE][PASSED] - Object: 'Object Repository/RAD_Pages/Landing_Page/button_Continue' is clicked on

2024-11-12 16:09:13 - [TEST_STEP][PASSED] - delay(2): Delayed 2 second(s)

2024-11-12 16:09:15 - [MESSAGE][PASSED] - Delayed 2 second(s)

2024-11-12 16:09:15 - [TEST_STEP][PASSED] - verifyTextPresent("Summary", true): Text 'Summary' is present on page  using regular expression

2024-11-12 16:09:15 - [MESSAGE][PASSED] - Text 'Summary' is present on page  using regular expression

2024-11-12 16:09:15 - [TEST_STEP][PASSED] - verifyTextPresent("Review the information below and make any necessary corrections by clicking the", true): Text 'Review the information below and make any necessary corrections by clicking the' is present on page  using regular expression

2024-11-12 16:09:16 - [MESSAGE][PASSED] - Text 'Review the information below and make any necessary corrections by clicking the' is present on page  using regular expression

2024-11-12 16:09:16 - [TEST_STEP][PASSED] - verifyTextPresent("When you are confident that all the information is correct, click the", true): Text 'When you are confident that all the information is correct, click the' is present on page  using regular expression

2024-11-12 16:09:16 - [MESSAGE][PASSED] - Text 'When you are confident that all the information is correct, click the' is present on page  using regular expression

2024-11-12 16:09:16 - [TEST_STEP][PASSED] - verifyTextPresent("Payment Type/Filing Year", true): Text 'Payment Type/Filing Year' is present on page  using regular expression

2024-11-12 16:09:16 - [MESSAGE][PASSED] - Text 'Payment Type/Filing Year' is present on page  using regular expression

2024-11-12 16:09:16 - [TEST_STEP][PASSED] - verifyTextPresent("Payment Type:", true): Text 'Payment Type:' is present on page  using regular expression

2024-11-12 16:09:16 - [MESSAGE][PASSED] - Text 'Payment Type:' is present on page  using regular expression

2024-11-12 16:09:16 - [TEST_STEP][PASSED] - verifyTextPresent("Existing Liability with Notice/Invoice Number", true): Text 'Existing Liability with Notice/Invoice Number' is present on page  using regular expression

2024-11-12 16:09:17 - [MESSAGE][PASSED] - Text 'Existing Liability with Notice/Invoice Number' is present on page  using regular expression

2024-11-12 16:09:17 - [TEST_STEP][PASSED] - verifyTextPresent("Payer Information", true): Text 'Payer Information' is present on page  using regular expression

2024-11-12 16:09:17 - [MESSAGE][PASSED] - Text 'Payer Information' is present on page  using regular expression

2024-11-12 16:09:17 - [TEST_STEP][PASSED] - verifyTextPresent("Taxpayer Name:", true): Text 'Taxpayer Name:' is present on page  using regular expression

2024-11-12 16:09:17 - [MESSAGE][PASSED] - Text 'Taxpayer Name:' is present on page  using regular expression

2024-11-12 16:09:17 - [TEST_STEP][PASSED] - if (!(TaxType.equalsIgnoreCase("Sales & Use Tax"))): Text 'My Company' is present on page  using regular expression

2024-11-12 16:09:17 - [TEST_STEP][PASSED] - verifyTextPresent("My Company", true): Text 'My Company' is present on page  using regular expression

2024-11-12 16:09:18 - [MESSAGE][PASSED] - Text 'My Company' is present on page  using regular expression

2024-11-12 16:09:18 - [TEST_STEP][PASSED] - verifyTextPresent("Business Rep Name:", true): Text 'Business Rep Name:' is present on page  using regular expression

2024-11-12 16:09:18 - [MESSAGE][PASSED] - Text 'Business Rep Name:' is present on page  using regular expression

2024-11-12 16:09:18 - [TEST_STEP][PASSED] - verifyTextPresent("BusRepFname BusRepLname", true): Text 'BusRepFname BusRepLname' is present on page  using regular expression

2024-11-12 16:09:18 - [MESSAGE][PASSED] - Text 'BusRepFname BusRepLname' is present on page  using regular expression

2024-11-12 16:09:18 - [TEST_STEP][PASSED] - verifyTextPresent("Taxpayer Address:", true): Text 'Taxpayer Address:' is present on page  using regular expression

2024-11-12 16:09:19 - [MESSAGE][PASSED] - Text 'Taxpayer Address:' is present on page  using regular expression

2024-11-12 16:09:19 - [TEST_STEP][PASSED] - verifyTextPresent("2508 Mandan Terrace Gambrills Maryland 21054", true): Text '2508 Mandan Terrace Gambrills Maryland 21054' is present on page  using regular expression

2024-11-12 16:09:19 - [MESSAGE][PASSED] - Text '2508 Mandan Terrace Gambrills Maryland 21054' is present on page  using regular expression

2024-11-12 16:09:19 - [TEST_STEP][PASSED] - verifyTextPresent("Email:", true): Text 'Email:' is present on page  using regular expression

2024-11-12 16:09:19 - [MESSAGE][PASSED] - Text 'Email:' is present on page  using regular expression

2024-11-12 16:09:19 - [TEST_STEP][PASSED] - verifyTextPresent("iahmed@govolution.com", true): Text 'iahmed@govolution.com' is present on page  using regular expression

2024-11-12 16:09:20 - [MESSAGE][PASSED] - Text 'iahmed@govolution.com' is present on page  using regular expression

2024-11-12 16:09:20 - [TEST_STEP][PASSED] - verifyTextPresent("Phone:", true): Text 'Phone:' is present on page  using regular expression

2024-11-12 16:09:20 - [MESSAGE][PASSED] - Text 'Phone:' is present on page  using regular expression

2024-11-12 16:09:20 - [TEST_STEP][PASSED] - verifyTextPresent("(703) 894-5000", false): Text '(703) 894-5000' is present on page 

2024-11-12 16:09:20 - [MESSAGE][PASSED] - Text '(703) 894-5000' is present on page 

2024-11-12 16:09:20 - [TEST_STEP][PASSED] - verifyTextPresent("Tax Information", true): Text 'Tax Information' is present on page  using regular expression

2024-11-12 16:09:21 - [MESSAGE][PASSED] - Text 'Tax Information' is present on page  using regular expression

2024-11-12 16:09:21 - [TEST_STEP][PASSED] - if (feinSsn.equalsIgnoreCase("Y")): null

2024-11-12 16:09:21 - [TEST_STEP][PASSED] - else: Text 'FEIN/SSN:' is not present on page using regular expression

2024-11-12 16:09:21 - [TEST_STEP][PASSED] - verifyTextPresent("Federal EIN:", true): Text 'Federal EIN:' is present on page  using regular expression

2024-11-12 16:09:21 - [MESSAGE][PASSED] - Text 'Federal EIN:' is present on page  using regular expression

2024-11-12 16:09:21 - [TEST_STEP][PASSED] - verifyTextNotPresent("FEIN/SSN:", true): Text 'FEIN/SSN:' is not present on page using regular expression

2024-11-12 16:09:21 - [MESSAGE][PASSED] - Text 'FEIN/SSN:' is not present on page using regular expression

2024-11-12 16:09:21 - [TEST_STEP][PASSED] - verifyTextPresent("XXXXX0532", true): Text 'XXXXX0532' is present on page  using regular expression

2024-11-12 16:09:22 - [MESSAGE][PASSED] - Text 'XXXXX0532' is present on page  using regular expression

2024-11-12 16:09:22 - [TEST_STEP][PASSED] - verifyTextPresent("Notice Or Invoice Number:", true): Text 'Notice Or Invoice Number:' is present on page  using regular expression

2024-11-12 16:09:22 - [MESSAGE][PASSED] - Text 'Notice Or Invoice Number:' is present on page  using regular expression

2024-11-12 16:09:22 - [TEST_STEP][PASSED] - verifyTextPresent("1234567890123", true): Text '1234567890123' is present on page  using regular expression

2024-11-12 16:09:22 - [MESSAGE][PASSED] - Text '1234567890123' is present on page  using regular expression

2024-11-12 16:09:22 - [TEST_STEP][PASSED] - verifyTextPresent("Tax Type:", true): Text 'Tax Type:' is present on page  using regular expression

2024-11-12 16:09:22 - [MESSAGE][PASSED] - Text 'Tax Type:' is present on page  using regular expression

2024-11-12 16:09:22 - [TEST_STEP][PASSED] - verifyTextPresent(TaxType, true): Text 'Unclaimed Property' is present on page  using regular expression

2024-11-12 16:09:23 - [MESSAGE][PASSED] - Text 'Unclaimed Property' is present on page  using regular expression

2024-11-12 16:09:23 - [TEST_STEP][PASSED] - if (CRN.equalsIgnoreCase("Y")): null

2024-11-12 16:09:23 - [TEST_STEP][PASSED] - if (MFLicNum.equalsIgnoreCase("Y")): null

2024-11-12 16:09:23 - [TEST_STEP][PASSED] - verifyTextPresent("Payment Amount:", true): Text 'Payment Amount:' is present on page  using regular expression

2024-11-12 16:09:23 - [MESSAGE][PASSED] - Text 'Payment Amount:' is present on page  using regular expression

2024-11-12 16:09:23 - [TEST_STEP][PASSED] - verifyTextPresent("100.00", true): Text '100.00' is present on page  using regular expression

2024-11-12 16:09:23 - [MESSAGE][PASSED] - Text '100.00' is present on page  using regular expression

2024-11-12 16:09:23 - [TEST_STEP][PASSED] - if (verifyElementVisible(findTestObject(orPath_Summary + "/button_Proceed to Payment"))): null

2024-11-12 16:09:24 - [MESSAGE][PASSED] - Object 'Object Repository/RAD_Pages/Summary_Page/button_Proceed to Payment' is visible

2024-11-12 16:09:24 - [TEST_STEP][PASSED] - resText = "Pass": null

2024-11-12 16:09:24 - [TEST_STEP][PASSED] - pages.WriteExcel.demoKey(resText, datText, resColumn, datCloumn, fileLoc, nameSheet, row): pages.WriteExcel.demoKey is PASSED

2024-11-12 16:09:24 - [MESSAGE][PASSED] - pages.WriteExcel.demoKey is PASSED

2024-11-12 16:09:24 - [TEST_STEP][PASSED] - click(findTestObject(orPath_Summary + "/button_Proceed to Payment")): Object: 'Object Repository/RAD_Pages/Summary_Page/button_Proceed to Payment' is clicked on

2024-11-12 16:09:28 - [MESSAGE][PASSED] - Object: 'Object Repository/RAD_Pages/Summary_Page/button_Proceed to Payment' is clicked on

2024-11-12 16:09:28 - [TEST_STEP][PASSED] - verifyElementPresent(findTestObject("Object Repository/RAD_Pages/PaymentEntry_Page/input__billingName"), 30): Object 'Object Repository/RAD_Pages/PaymentEntry_Page/input__billingName' is present

2024-11-12 16:09:28 - [MESSAGE][PASSED] - Object 'Object Repository/RAD_Pages/PaymentEntry_Page/input__billingName' is present

2024-11-12 16:09:28 - [TEST_STEP][PASSED] - ExecuteTC = findTestData(dataFile).getValue("Execute", row): null

2024-11-12 16:09:28 - [TEST_STEP][PASSED] - TaxType = findTestData(dataFile).getValue("TaxType", row): null

2024-11-12 16:09:28 - [TEST_STEP][PASSED] - PaymentType = findTestData(dataFile).getValue("PaymentType", row): null

2024-11-12 16:09:28 - [TEST_STEP][PASSED] - feinSsn = findTestData(dataFile).getValue("FEINSSN", row): null

2024-11-12 16:09:28 - [TEST_STEP][PASSED] - CRN = findTestData(dataFile).getValue("CRN", row): null

2024-11-12 16:09:28 - [TEST_STEP][PASSED] - MFLicNum = findTestData(dataFile).getValue("MFLicNum", row): null

2024-11-12 16:09:28 - [TEST_STEP][PASSED] - if (ExecuteTC.equalsIgnoreCase("Y")): Object 'Object Repository/RAD_Pages/PaymentEntry_Page/input__billingName' is present

2024-11-12 16:09:28 - [TEST_STEP][PASSED] - out.println("Begin Record Number: " + row): null

2024-11-12 16:09:28 - [TEST_STEP][PASSED] - today = new java.util.Date(): null

2024-11-12 16:09:28 - [TEST_STEP][PASSED] - println(today): null

2024-11-12 16:09:28 - [TEST_STEP][PASSED] - datText = today: null

2024-11-12 16:09:28 - [TEST_STEP][PASSED] - logInfo("Payment Type: Existing Liability with Notice/Invoice Number"): Payment Type: Existing Liability with Notice/Invoice Number

2024-11-12 16:09:28 - [MESSAGE][INFO] - Payment Type: Existing Liability with Notice/Invoice Number

2024-11-12 16:09:28 - [TEST_STEP][PASSED] - logInfo("Tax Type: " + TaxType): Tax Type: IFTA Tax

2024-11-12 16:09:28 - [MESSAGE][INFO] - Tax Type: IFTA Tax

2024-11-12 16:09:28 - [TEST_STEP][PASSED] - openBrowser(""): Browser is opened with url: ''

2024-11-12 16:09:29 - [MESSAGE][WARNING] - A browser is already opened. Closing browser and opening a new one

2024-11-12 16:09:30 - [MESSAGE][INFO] - Starting 'Chrome' driver

2024-11-12 16:09:30 - [MESSAGE][INFO] - User set preference: ['acceptInsecureCerts', 'true']

2024-11-12 16:09:30 - [MESSAGE][INFO] - Action delay is set to 0 milliseconds

2024-11-12 16:09:31 - [MESSAGE][PASSED] - Browser is opened with url: ''

2024-11-12 16:09:31 - [TEST_STEP][PASSED] - maximizeWindow(): Current window maximized

2024-11-12 16:09:31 - [MESSAGE][PASSED] - Current window maximized

2024-11-12 16:09:31 - [TEST_STEP][PASSED] - navigateToUrl(RADurl): Navigate to 'https://www.velocitypayment.com/client/rad/index.html' successfully

2024-11-12 16:09:33 - [MESSAGE][PASSED] - Navigate to 'https://www.velocitypayment.com/client/rad/index.html' successfully

2024-11-12 16:09:33 - [TEST_STEP][PASSED] - selectOptionByLabel(findTestObject(orPath_Landing + "/dd_TaxType"), "Existing Liability with Notice/Invoice Number", false): All options with label 'Existing Liability with Notice/Invoice Number' are selected in object 'Object Repository/RAD_Pages/Landing_Page/dd_TaxType' 

2024-11-12 16:09:34 - [MESSAGE][PASSED] - All options with label 'Existing Liability with Notice/Invoice Number' are selected in object 'Object Repository/RAD_Pages/Landing_Page/dd_TaxType' 

2024-11-12 16:09:34 - [TEST_STEP][PASSED] - selectOptionByLabel(findTestObject(orPath_TaxTypeFilingYear + "/select_TaxType_ExistingLiability"), TaxType, false): All options with label 'IFTA Tax' are selected in object 'Object Repository/RAD_Pages/TaxTypeFilingYear_Page/select_TaxType_ExistingLiability' 

2024-11-12 16:09:35 - [MESSAGE][PASSED] - All options with label 'IFTA Tax' are selected in object 'Object Repository/RAD_Pages/TaxTypeFilingYear_Page/select_TaxType_ExistingLiability' 

2024-11-12 16:09:35 - [TEST_STEP][PASSED] - rad.getSetDataRAD.setDataRADBusinessName(): rad.getSetDataRAD.setDataRADBusinessName is PASSED

2024-11-12 16:09:36 - [MESSAGE][PASSED] - Text 'My Company' is set on object 'Object Repository/RAD_Pages/Taxpayer_Page/input_businessName'

2024-11-12 16:09:36 - [MESSAGE][PASSED] - rad.getSetDataRAD.setDataRADBusinessName is PASSED

2024-11-12 16:09:36 - [TEST_STEP][PASSED] - rad.getSetDataRAD.setDataRADBusinessRep(): rad.getSetDataRAD.setDataRADBusinessRep is PASSED

2024-11-12 16:09:37 - [MESSAGE][PASSED] - Text 'BusRepFname' is set on object 'Object Repository/RAD_Pages/Taxpayer_Page/input_BusinessRepfirstName'

2024-11-12 16:09:37 - [MESSAGE][PASSED] - Text '' is set on object 'Object Repository/RAD_Pages/Taxpayer_Page/input_BusinessRepmiddleName'

2024-11-12 16:09:38 - [MESSAGE][PASSED] - Text 'BusRepLname' is set on object 'Object Repository/RAD_Pages/Taxpayer_Page/input_BusinessReplastName'

2024-11-12 16:09:39 - [MESSAGE][PASSED] - Text '' is set on object 'Object Repository/RAD_Pages/Taxpayer_Page/input_BusinessRepsuffix'

2024-11-12 16:09:39 - [MESSAGE][PASSED] - rad.getSetDataRAD.setDataRADBusinessRep is PASSED

2024-11-12 16:09:39 - [TEST_STEP][PASSED] - rad.getSetDataRAD.setDataRADAddress(): rad.getSetDataRAD.setDataRADAddress is PASSED

2024-11-12 16:09:40 - [MESSAGE][PASSED] - All options with label 'United States' are selected in object 'Object Repository/RAD_Pages/AddressAndContactInfo_Page/select_Country' 

2024-11-12 16:09:41 - [MESSAGE][PASSED] - Text '2508 Mandan Terrace' is set on object 'Object Repository/RAD_Pages/AddressAndContactInfo_Page/input_streetAddress1'

2024-11-12 16:09:41 - [MESSAGE][PASSED] - Text '' is set on object 'Object Repository/RAD_Pages/AddressAndContactInfo_Page/input_streetAddress2'

2024-11-12 16:09:42 - [MESSAGE][PASSED] - Text 'Gambrills' is set on object 'Object Repository/RAD_Pages/AddressAndContactInfo_Page/input_city'

2024-11-12 16:09:43 - [MESSAGE][PASSED] - All options with label 'Maryland' are selected in object 'Object Repository/RAD_Pages/AddressAndContactInfo_Page/select_State' 

2024-11-12 16:09:44 - [MESSAGE][PASSED] - Text '21054' is set on object 'Object Repository/RAD_Pages/AddressAndContactInfo_Page/input_zipCode'

2024-11-12 16:09:45 - [MESSAGE][PASSED] - Text '(703) 894-5000' is set on object 'Object Repository/RAD_Pages/AddressAndContactInfo_Page/input_phoneNumber'

2024-11-12 16:09:46 - [MESSAGE][PASSED] - Text 'iahmed@govolution.com' is set on object 'Object Repository/RAD_Pages/AddressAndContactInfo_Page/input_eMailAddress'

2024-11-12 16:09:46 - [MESSAGE][PASSED] - Text 'iahmed@govolution.com' is set on object 'Object Repository/RAD_Pages/AddressAndContactInfo_Page/input_reEnterEMailAddress'

2024-11-12 16:09:46 - [MESSAGE][PASSED] - rad.getSetDataRAD.setDataRADAddress is PASSED

2024-11-12 16:09:46 - [TEST_STEP][PASSED] - if (feinSsn.equalsIgnoreCase("Y")): null

2024-11-12 16:09:46 - [TEST_STEP][PASSED] - else: Text ****** has been set on object 'Object Repository/RAD_Pages/TaxInfo_Page/input_concat(id(, , data, , ))_Data (1)'

2024-11-12 16:09:46 - [TEST_STEP][PASSED] - setEncryptedText(findTestObject("Object Repository/RAD_Pages/TaxInfo_Page/input_concat(id(, , data, , ))_Data"), "px0FNUagnh7G/CVR/QiY+A=="): Text ****** has been set on object 'Object Repository/RAD_Pages/TaxInfo_Page/input_concat(id(, , data, , ))_Data'

2024-11-12 16:09:47 - [MESSAGE][PASSED] - Text ****** has been set on object 'Object Repository/RAD_Pages/TaxInfo_Page/input_concat(id(, , data, , ))_Data'

2024-11-12 16:09:47 - [TEST_STEP][PASSED] - setEncryptedText(findTestObject("Object Repository/RAD_Pages/TaxInfo_Page/input_concat(id(, , data, , ))_Data (1)"), "px0FNUagnh7G/CVR/QiY+A=="): Text ****** has been set on object 'Object Repository/RAD_Pages/TaxInfo_Page/input_concat(id(, , data, , ))_Data (1)'

2024-11-12 16:09:48 - [MESSAGE][PASSED] - Text ****** has been set on object 'Object Repository/RAD_Pages/TaxInfo_Page/input_concat(id(, , data, , ))_Data (1)'

2024-11-12 16:09:48 - [TEST_STEP][PASSED] - rad.getSetDataRAD.setDataRADNoticeInvoiceThirteen(): rad.getSetDataRAD.setDataRADNoticeInvoiceThirteen is PASSED

2024-11-12 16:09:48 - [MESSAGE][PASSED] - Text '1234567890123' is set on object 'Object Repository/RAD_Pages/TaxInfo_Page/input_NoticeInvoiceNumber'

2024-11-12 16:09:49 - [MESSAGE][PASSED] - Text '1234567890123' is set on object 'Object Repository/RAD_Pages/TaxInfo_Page/input_reTypeNoticeInvoiceNumber'

2024-11-12 16:09:49 - [MESSAGE][PASSED] - rad.getSetDataRAD.setDataRADNoticeInvoiceThirteen is PASSED

2024-11-12 16:09:49 - [TEST_STEP][PASSED] - if (MFLicNum.equalsIgnoreCase("Y")): null

2024-11-12 16:09:49 - [TEST_STEP][PASSED] - if (CRN.equalsIgnoreCase("Y")): null

2024-11-12 16:09:49 - [TEST_STEP][PASSED] - setText(findTestObject(orPath_Amount + "/input__paymentAmount"), "100.00"): Text '100.00' is set on object 'Object Repository/RAD_Pages/PaymentAmount_Page/input__paymentAmount'

2024-11-12 16:09:50 - [MESSAGE][PASSED] - Text '100.00' is set on object 'Object Repository/RAD_Pages/PaymentAmount_Page/input__paymentAmount'

2024-11-12 16:09:50 - [TEST_STEP][PASSED] - setText(findTestObject(orPath_AddressContact + "/input_streetAddress2"), ""): Text '' is set on object 'Object Repository/RAD_Pages/AddressAndContactInfo_Page/input_streetAddress2'

2024-11-12 16:09:51 - [MESSAGE][PASSED] - Text '' is set on object 'Object Repository/RAD_Pages/AddressAndContactInfo_Page/input_streetAddress2'

2024-11-12 16:09:51 - [TEST_STEP][PASSED] - scrollToElement(findTestObject(orPath_Landing + "/button_Continue"), 3): Scroll to object 'Object Repository/RAD_Pages/Landing_Page/button_Continue' successfully

2024-11-12 16:09:51 - [MESSAGE][PASSED] - Scroll to object 'Object Repository/RAD_Pages/Landing_Page/button_Continue' successfully

2024-11-12 16:09:51 - [TEST_STEP][PASSED] - waitForElementClickable(findTestObject(orPath_Landing + "/button_Continue"), 5): Object 'Object Repository/RAD_Pages/Landing_Page/button_Continue' is clickable

2024-11-12 16:09:51 - [MESSAGE][PASSED] - Object 'Object Repository/RAD_Pages/Landing_Page/button_Continue' is clickable

2024-11-12 16:09:51 - [TEST_STEP][PASSED] - click(findTestObject(orPath_Landing + "/button_Continue")): Object: 'Object Repository/RAD_Pages/Landing_Page/button_Continue' is clicked on

2024-11-12 16:09:52 - [MESSAGE][PASSED] - Object: 'Object Repository/RAD_Pages/Landing_Page/button_Continue' is clicked on

2024-11-12 16:09:52 - [TEST_STEP][PASSED] - delay(2): Delayed 2 second(s)

2024-11-12 16:09:54 - [MESSAGE][PASSED] - Delayed 2 second(s)

2024-11-12 16:09:54 - [TEST_STEP][PASSED] - verifyTextPresent("Summary", true): Text 'Summary' is present on page  using regular expression

2024-11-12 16:09:54 - [MESSAGE][PASSED] - Text 'Summary' is present on page  using regular expression

2024-11-12 16:09:54 - [TEST_STEP][PASSED] - verifyTextPresent("Review the information below and make any necessary corrections by clicking the", true): Text 'Review the information below and make any necessary corrections by clicking the' is present on page  using regular expression

2024-11-12 16:09:54 - [MESSAGE][PASSED] - Text 'Review the information below and make any necessary corrections by clicking the' is present on page  using regular expression

2024-11-12 16:09:54 - [TEST_STEP][PASSED] - verifyTextPresent("When you are confident that all the information is correct, click the", true): Text 'When you are confident that all the information is correct, click the' is present on page  using regular expression

2024-11-12 16:09:55 - [MESSAGE][PASSED] - Text 'When you are confident that all the information is correct, click the' is present on page  using regular expression

2024-11-12 16:09:55 - [TEST_STEP][PASSED] - verifyTextPresent("Payment Type/Filing Year", true): Text 'Payment Type/Filing Year' is present on page  using regular expression

2024-11-12 16:09:55 - [MESSAGE][PASSED] - Text 'Payment Type/Filing Year' is present on page  using regular expression

2024-11-12 16:09:55 - [TEST_STEP][PASSED] - verifyTextPresent("Payment Type:", true): Text 'Payment Type:' is present on page  using regular expression

2024-11-12 16:09:55 - [MESSAGE][PASSED] - Text 'Payment Type:' is present on page  using regular expression

2024-11-12 16:09:55 - [TEST_STEP][PASSED] - verifyTextPresent("Existing Liability with Notice/Invoice Number", true): Text 'Existing Liability with Notice/Invoice Number' is present on page  using regular expression

2024-11-12 16:09:56 - [MESSAGE][PASSED] - Text 'Existing Liability with Notice/Invoice Number' is present on page  using regular expression

2024-11-12 16:09:56 - [TEST_STEP][PASSED] - verifyTextPresent("Payer Information", true): Text 'Payer Information' is present on page  using regular expression

2024-11-12 16:09:56 - [MESSAGE][PASSED] - Text 'Payer Information' is present on page  using regular expression

2024-11-12 16:09:56 - [TEST_STEP][PASSED] - verifyTextPresent("Taxpayer Name:", true): Text 'Taxpayer Name:' is present on page  using regular expression

2024-11-12 16:09:56 - [MESSAGE][PASSED] - Text 'Taxpayer Name:' is present on page  using regular expression

2024-11-12 16:09:56 - [TEST_STEP][PASSED] - if (!(TaxType.equalsIgnoreCase("Sales & Use Tax"))): Text 'My Company' is present on page  using regular expression

2024-11-12 16:09:56 - [TEST_STEP][PASSED] - verifyTextPresent("My Company", true): Text 'My Company' is present on page  using regular expression

2024-11-12 16:09:57 - [MESSAGE][PASSED] - Text 'My Company' is present on page  using regular expression

2024-11-12 16:09:57 - [TEST_STEP][PASSED] - verifyTextPresent("Business Rep Name:", true): Text 'Business Rep Name:' is present on page  using regular expression

2024-11-12 16:09:57 - [MESSAGE][PASSED] - Text 'Business Rep Name:' is present on page  using regular expression

2024-11-12 16:09:57 - [TEST_STEP][PASSED] - verifyTextPresent("BusRepFname BusRepLname", true): Text 'BusRepFname BusRepLname' is present on page  using regular expression

2024-11-12 16:09:57 - [MESSAGE][PASSED] - Text 'BusRepFname BusRepLname' is present on page  using regular expression

2024-11-12 16:09:57 - [TEST_STEP][PASSED] - verifyTextPresent("Taxpayer Address:", true): Text 'Taxpayer Address:' is present on page  using regular expression

2024-11-12 16:09:58 - [MESSAGE][PASSED] - Text 'Taxpayer Address:' is present on page  using regular expression

2024-11-12 16:09:58 - [TEST_STEP][PASSED] - verifyTextPresent("2508 Mandan Terrace Gambrills Maryland 21054", true): Text '2508 Mandan Terrace Gambrills Maryland 21054' is present on page  using regular expression

2024-11-12 16:09:58 - [MESSAGE][PASSED] - Text '2508 Mandan Terrace Gambrills Maryland 21054' is present on page  using regular expression

2024-11-12 16:09:58 - [TEST_STEP][PASSED] - verifyTextPresent("Email:", true): Text 'Email:' is present on page  using regular expression

2024-11-12 16:09:58 - [MESSAGE][PASSED] - Text 'Email:' is present on page  using regular expression

2024-11-12 16:09:58 - [TEST_STEP][PASSED] - verifyTextPresent("iahmed@govolution.com", true): Text 'iahmed@govolution.com' is present on page  using regular expression

2024-11-12 16:09:59 - [MESSAGE][PASSED] - Text 'iahmed@govolution.com' is present on page  using regular expression

2024-11-12 16:09:59 - [TEST_STEP][PASSED] - verifyTextPresent("Phone:", true): Text 'Phone:' is present on page  using regular expression

2024-11-12 16:09:59 - [MESSAGE][PASSED] - Text 'Phone:' is present on page  using regular expression

2024-11-12 16:09:59 - [TEST_STEP][PASSED] - verifyTextPresent("(703) 894-5000", false): Text '(703) 894-5000' is present on page 

2024-11-12 16:09:59 - [MESSAGE][PASSED] - Text '(703) 894-5000' is present on page 

2024-11-12 16:09:59 - [TEST_STEP][PASSED] - verifyTextPresent("Tax Information", true): Text 'Tax Information' is present on page  using regular expression

2024-11-12 16:10:00 - [MESSAGE][PASSED] - Text 'Tax Information' is present on page  using regular expression

2024-11-12 16:10:00 - [TEST_STEP][PASSED] - if (feinSsn.equalsIgnoreCase("Y")): null

2024-11-12 16:10:00 - [TEST_STEP][PASSED] - else: Text 'FEIN/SSN:' is not present on page using regular expression

2024-11-12 16:10:00 - [TEST_STEP][PASSED] - verifyTextPresent("Federal EIN:", true): Text 'Federal EIN:' is present on page  using regular expression

2024-11-12 16:10:00 - [MESSAGE][PASSED] - Text 'Federal EIN:' is present on page  using regular expression

2024-11-12 16:10:00 - [TEST_STEP][PASSED] - verifyTextNotPresent("FEIN/SSN:", true): Text 'FEIN/SSN:' is not present on page using regular expression

2024-11-12 16:10:00 - [MESSAGE][PASSED] - Text 'FEIN/SSN:' is not present on page using regular expression

2024-11-12 16:10:00 - [TEST_STEP][PASSED] - verifyTextPresent("XXXXX0532", true): Text 'XXXXX0532' is present on page  using regular expression

2024-11-12 16:10:01 - [MESSAGE][PASSED] - Text 'XXXXX0532' is present on page  using regular expression

2024-11-12 16:10:01 - [TEST_STEP][PASSED] - verifyTextPresent("Notice Or Invoice Number:", true): Text 'Notice Or Invoice Number:' is present on page  using regular expression

2024-11-12 16:10:01 - [MESSAGE][PASSED] - Text 'Notice Or Invoice Number:' is present on page  using regular expression

2024-11-12 16:10:01 - [TEST_STEP][PASSED] - verifyTextPresent("1234567890123", true): Text '1234567890123' is present on page  using regular expression

2024-11-12 16:10:01 - [MESSAGE][PASSED] - Text '1234567890123' is present on page  using regular expression

2024-11-12 16:10:01 - [TEST_STEP][PASSED] - verifyTextPresent("Tax Type:", true): Text 'Tax Type:' is present on page  using regular expression

2024-11-12 16:10:02 - [MESSAGE][PASSED] - Text 'Tax Type:' is present on page  using regular expression

2024-11-12 16:10:02 - [TEST_STEP][PASSED] - verifyTextPresent(TaxType, true): Text 'IFTA Tax' is present on page  using regular expression

2024-11-12 16:10:02 - [MESSAGE][PASSED] - Text 'IFTA Tax' is present on page  using regular expression

2024-11-12 16:10:02 - [TEST_STEP][PASSED] - if (CRN.equalsIgnoreCase("Y")): null

2024-11-12 16:10:02 - [TEST_STEP][PASSED] - if (MFLicNum.equalsIgnoreCase("Y")): null

2024-11-12 16:10:02 - [TEST_STEP][PASSED] - verifyTextPresent("Payment Amount:", true): Text 'Payment Amount:' is present on page  using regular expression

2024-11-12 16:10:02 - [MESSAGE][PASSED] - Text 'Payment Amount:' is present on page  using regular expression

2024-11-12 16:10:02 - [TEST_STEP][PASSED] - verifyTextPresent("100.00", true): Text '100.00' is present on page  using regular expression

2024-11-12 16:10:03 - [MESSAGE][PASSED] - Text '100.00' is present on page  using regular expression

2024-11-12 16:10:03 - [TEST_STEP][PASSED] - if (verifyElementVisible(findTestObject(orPath_Summary + "/button_Proceed to Payment"))): null

2024-11-12 16:10:03 - [MESSAGE][PASSED] - Object 'Object Repository/RAD_Pages/Summary_Page/button_Proceed to Payment' is visible

2024-11-12 16:10:03 - [TEST_STEP][PASSED] - resText = "Pass": null

2024-11-12 16:10:03 - [TEST_STEP][PASSED] - pages.WriteExcel.demoKey(resText, datText, resColumn, datCloumn, fileLoc, nameSheet, row): pages.WriteExcel.demoKey is PASSED

2024-11-12 16:10:03 - [MESSAGE][PASSED] - pages.WriteExcel.demoKey is PASSED

2024-11-12 16:10:03 - [TEST_STEP][PASSED] - click(findTestObject(orPath_Summary + "/button_Proceed to Payment")): Object: 'Object Repository/RAD_Pages/Summary_Page/button_Proceed to Payment' is clicked on

2024-11-12 16:10:06 - [MESSAGE][PASSED] - Object: 'Object Repository/RAD_Pages/Summary_Page/button_Proceed to Payment' is clicked on

2024-11-12 16:10:06 - [TEST_STEP][PASSED] - verifyElementPresent(findTestObject("Object Repository/RAD_Pages/PaymentEntry_Page/input__billingName"), 30): Object 'Object Repository/RAD_Pages/PaymentEntry_Page/input__billingName' is present

2024-11-12 16:10:06 - [MESSAGE][PASSED] - Object 'Object Repository/RAD_Pages/PaymentEntry_Page/input__billingName' is present]]></system-out>
         <system-err><![CDATA[]]></system-err>
      </testcase>
      <testcase name="Test Cases/RAD_TestCases/Summary_TestCases/Extension_Summary_TC" time="217.551" classname="Test Cases/RAD_TestCases/Summary_TestCases/Extension_Summary_TC" status="PASSED">
         <system-out><![CDATA[2024-11-12 16:10:06 - [TEST_CASE][PASSED] - Test Cases/RAD_TestCases/Summary_TestCases/Extension_Summary_TC: Test Cases/RAD_TestCases/Summary_TestCases/Extension_Summary_TC

2024-11-12 16:10:07 - [TEST_STEP][PASSED] - resText = "Fail": null

2024-11-12 16:10:07 - [TEST_STEP][PASSED] - resColumn = "Result": null

2024-11-12 16:10:07 - [TEST_STEP][PASSED] - datCloumn = "Date": null

2024-11-12 16:10:07 - [TEST_STEP][PASSED] - fileLoc = "KatalonData/RADTestData/Summary.xlsx": null

2024-11-12 16:10:07 - [TEST_STEP][PASSED] - nameSheet = "Extension": null

2024-11-12 16:10:07 - [TEST_STEP][PASSED] - dataFile = "RADTestData/Summary_Extension": null

2024-11-12 16:10:07 - [TEST_STEP][PASSED] - orPath_Landing = "Object Repository/RAD_Pages/Landing_Page": null

2024-11-12 16:10:07 - [TEST_STEP][PASSED] - orPath_TaxTypeFilingYear = "Object Repository/RAD_Pages/TaxTypeFilingYear_Page": null

2024-11-12 16:10:07 - [TEST_STEP][PASSED] - orPath_Amount = "Object Repository/RAD_Pages/PaymentAmount_Page": null

2024-11-12 16:10:07 - [TEST_STEP][PASSED] - orPath_AddressContact = "Object Repository/RAD_Pages/AddressAndContactInfo_Page": null

2024-11-12 16:10:07 - [TEST_STEP][PASSED] - orPath_Summary = "Object Repository/RAD_Pages/Summary_Page": null

2024-11-12 16:10:07 - [TEST_STEP][PASSED] - orPath_PaymentConfirmation = "Object Repository/RAD_Pages/PaymentConfirmation_Page": null

2024-11-12 16:10:07 - [TEST_STEP][PASSED] - orPath_ServiceFeesAccept = "Object Repository/RAD_Pages/ServiceFeeAccept_Page": null

2024-11-12 16:10:07 - [TEST_STEP][PASSED] - orPath_PaymentEntry = "Object Repository/RAD_Pages/PaymentEntry_Page": null

2024-11-12 16:10:07 - [TEST_STEP][PASSED] - orPath_TaxInfo = "Object Repository/RAD_Pages/TaxInfo_Page": null

2024-11-12 16:10:07 - [TEST_STEP][PASSED] - ExecuteTC = <not implemented yet for class: org.codehaus.groovy.ast.expr.EmptyExpression>: null

2024-11-12 16:10:07 - [TEST_STEP][PASSED] - TaxType = <not implemented yet for class: org.codehaus.groovy.ast.expr.EmptyExpression>: null

2024-11-12 16:10:07 - [TEST_STEP][PASSED] - PaymentType = <not implemented yet for class: org.codehaus.groovy.ast.expr.EmptyExpression>: null

2024-11-12 16:10:07 - [TEST_STEP][PASSED] - FilingYear = <not implemented yet for class: org.codehaus.groovy.ast.expr.EmptyExpression>: null

2024-11-12 16:10:07 - [TEST_STEP][PASSED] - PeriodEndingMonth = <not implemented yet for class: org.codehaus.groovy.ast.expr.EmptyExpression>: null

2024-11-12 16:10:07 - [TEST_STEP][PASSED] - feinSSN = <not implemented yet for class: org.codehaus.groovy.ast.expr.EmptyExpression>: null

2024-11-12 16:10:07 - [TEST_STEP][PASSED] - numOfRows = findTestData(dataFile).getRowNumbers(): null

2024-11-12 16:10:07 - [TEST_STEP][PASSED] - println("Number of Records: " + numOfRows): null

2024-11-12 16:10:07 - [TEST_STEP][PASSED] - for ([row = 1, row <= numOfRows, (row++)]): Object 'Object Repository/RAD_Pages/PaymentEntry_Page/input__billingName' is present

2024-11-12 16:10:07 - [TEST_STEP][PASSED] - ExecuteTC = findTestData(dataFile).getValue("Execute", row): null

2024-11-12 16:10:07 - [TEST_STEP][PASSED] - TaxType = findTestData(dataFile).getValue("TaxType", row): null

2024-11-12 16:10:07 - [TEST_STEP][PASSED] - PaymentType = findTestData(dataFile).getValue("PaymentType", row): null

2024-11-12 16:10:07 - [TEST_STEP][PASSED] - FilingYear = findTestData(dataFile).getValue("Year", row): null

2024-11-12 16:10:07 - [TEST_STEP][PASSED] - PeriodEndingMonth = findTestData(dataFile).getValue("Month", row): null

2024-11-12 16:10:07 - [TEST_STEP][PASSED] - feinSSN = findTestData(dataFile).getValue("FeinSsn", row): null

2024-11-12 16:10:07 - [TEST_STEP][PASSED] - if (ExecuteTC.equalsIgnoreCase("Y")): Object 'Object Repository/RAD_Pages/PaymentEntry_Page/input__billingName' is present

2024-11-12 16:10:07 - [TEST_STEP][PASSED] - out.println("Begin Record Number: " + row): null

2024-11-12 16:10:07 - [TEST_STEP][PASSED] - today = new java.util.Date(): null

2024-11-12 16:10:07 - [TEST_STEP][PASSED] - println(today): null

2024-11-12 16:10:07 - [TEST_STEP][PASSED] - datText = today: null

2024-11-12 16:10:07 - [TEST_STEP][PASSED] - logInfo("Payment Type: Extension Payments"): Payment Type: Extension Payments

2024-11-12 16:10:07 - [MESSAGE][INFO] - Payment Type: Extension Payments

2024-11-12 16:10:07 - [TEST_STEP][PASSED] - logInfo("Tax Type: " + TaxType): Tax Type: Corporate Income Tax

2024-11-12 16:10:07 - [MESSAGE][INFO] - Tax Type: Corporate Income Tax

2024-11-12 16:10:07 - [TEST_STEP][PASSED] - openBrowser(""): Browser is opened with url: ''

2024-11-12 16:10:07 - [MESSAGE][WARNING] - A browser is already opened. Closing browser and opening a new one

2024-11-12 16:10:09 - [MESSAGE][INFO] - Starting 'Chrome' driver

2024-11-12 16:10:09 - [MESSAGE][INFO] - User set preference: ['acceptInsecureCerts', 'true']

2024-11-12 16:10:09 - [MESSAGE][INFO] - Action delay is set to 0 milliseconds

2024-11-12 16:10:10 - [MESSAGE][PASSED] - Browser is opened with url: ''

2024-11-12 16:10:10 - [TEST_STEP][PASSED] - maximizeWindow(): Current window maximized

2024-11-12 16:10:10 - [MESSAGE][PASSED] - Current window maximized

2024-11-12 16:10:10 - [TEST_STEP][PASSED] - navigateToUrl(RADurl): Navigate to 'https://www.velocitypayment.com/client/rad/index.html' successfully

2024-11-12 16:10:12 - [MESSAGE][PASSED] - Navigate to 'https://www.velocitypayment.com/client/rad/index.html' successfully

2024-11-12 16:10:12 - [TEST_STEP][PASSED] - selectOptionByLabel(findTestObject(orPath_Landing + "/dd_TaxType"), "Extension Payments", false): All options with label 'Extension Payments' are selected in object 'Object Repository/RAD_Pages/Landing_Page/dd_TaxType' 

2024-11-12 16:10:13 - [MESSAGE][PASSED] - All options with label 'Extension Payments' are selected in object 'Object Repository/RAD_Pages/Landing_Page/dd_TaxType' 

2024-11-12 16:10:13 - [TEST_STEP][PASSED] - selectOptionByLabel(findTestObject(orPath_TaxTypeFilingYear + "/select_PaymentType"), TaxType, false): All options with label 'Corporate Income Tax' are selected in object 'Object Repository/RAD_Pages/TaxTypeFilingYear_Page/select_PaymentType' 

2024-11-12 16:10:13 - [MESSAGE][PASSED] - All options with label 'Corporate Income Tax' are selected in object 'Object Repository/RAD_Pages/TaxTypeFilingYear_Page/select_PaymentType' 

2024-11-12 16:10:13 - [TEST_STEP][PASSED] - selectOptionByLabel(findTestObject(orPath_TaxTypeFilingYear + "/select_FilingYear"), FilingYear, false): All options with label '2023' are selected in object 'Object Repository/RAD_Pages/TaxTypeFilingYear_Page/select_FilingYear' 

2024-11-12 16:10:14 - [MESSAGE][PASSED] - All options with label '2023' are selected in object 'Object Repository/RAD_Pages/TaxTypeFilingYear_Page/select_FilingYear' 

2024-11-12 16:10:14 - [TEST_STEP][PASSED] - switch (TaxType): null

2024-11-12 16:10:14 - [TEST_STEP][PASSED] - case "Corporate Income Tax":: null

2024-11-12 16:10:14 - [TEST_STEP][PASSED] - selectOptionByLabel(findTestObject(orPath_TaxTypeFilingYear + "/select_PeriodEnding"), PeriodEndingMonth, false): All options with label 'September' are selected in object 'Object Repository/RAD_Pages/TaxTypeFilingYear_Page/select_PeriodEnding' 

2024-11-12 16:10:15 - [MESSAGE][PASSED] - All options with label 'September' are selected in object 'Object Repository/RAD_Pages/TaxTypeFilingYear_Page/select_PeriodEnding' 

2024-11-12 16:10:15 - [TEST_STEP][PASSED] - break: null

2024-11-12 16:10:15 - [TEST_STEP][PASSED] - rad.getSetDataRAD.setDataRADBusinessName(): rad.getSetDataRAD.setDataRADBusinessName is PASSED

2024-11-12 16:10:16 - [MESSAGE][PASSED] - Text 'My Company' is set on object 'Object Repository/RAD_Pages/Taxpayer_Page/input_businessName'

2024-11-12 16:10:16 - [MESSAGE][PASSED] - rad.getSetDataRAD.setDataRADBusinessName is PASSED

2024-11-12 16:10:16 - [TEST_STEP][PASSED] - rad.getSetDataRAD.setDataRADBusinessRep(): rad.getSetDataRAD.setDataRADBusinessRep is PASSED

2024-11-12 16:10:16 - [MESSAGE][PASSED] - Text 'BusRepFname' is set on object 'Object Repository/RAD_Pages/Taxpayer_Page/input_BusinessRepfirstName'

2024-11-12 16:10:17 - [MESSAGE][PASSED] - Text '' is set on object 'Object Repository/RAD_Pages/Taxpayer_Page/input_BusinessRepmiddleName'

2024-11-12 16:10:18 - [MESSAGE][PASSED] - Text 'BusRepLname' is set on object 'Object Repository/RAD_Pages/Taxpayer_Page/input_BusinessReplastName'

2024-11-12 16:10:19 - [MESSAGE][PASSED] - Text '' is set on object 'Object Repository/RAD_Pages/Taxpayer_Page/input_BusinessRepsuffix'

2024-11-12 16:10:19 - [MESSAGE][PASSED] - rad.getSetDataRAD.setDataRADBusinessRep is PASSED

2024-11-12 16:10:19 - [TEST_STEP][PASSED] - rad.getSetDataRAD.setDataRADAddress(): rad.getSetDataRAD.setDataRADAddress is PASSED

2024-11-12 16:10:19 - [MESSAGE][PASSED] - All options with label 'United States' are selected in object 'Object Repository/RAD_Pages/AddressAndContactInfo_Page/select_Country' 

2024-11-12 16:10:20 - [MESSAGE][PASSED] - Text '2508 Mandan Terrace' is set on object 'Object Repository/RAD_Pages/AddressAndContactInfo_Page/input_streetAddress1'

2024-11-12 16:10:21 - [MESSAGE][PASSED] - Text '' is set on object 'Object Repository/RAD_Pages/AddressAndContactInfo_Page/input_streetAddress2'

2024-11-12 16:10:21 - [MESSAGE][PASSED] - Text 'Gambrills' is set on object 'Object Repository/RAD_Pages/AddressAndContactInfo_Page/input_city'

2024-11-12 16:10:22 - [MESSAGE][PASSED] - All options with label 'Maryland' are selected in object 'Object Repository/RAD_Pages/AddressAndContactInfo_Page/select_State' 

2024-11-12 16:10:23 - [MESSAGE][PASSED] - Text '21054' is set on object 'Object Repository/RAD_Pages/AddressAndContactInfo_Page/input_zipCode'

2024-11-12 16:10:24 - [MESSAGE][PASSED] - Text '(703) 894-5000' is set on object 'Object Repository/RAD_Pages/AddressAndContactInfo_Page/input_phoneNumber'

2024-11-12 16:10:24 - [MESSAGE][PASSED] - Text 'iahmed@govolution.com' is set on object 'Object Repository/RAD_Pages/AddressAndContactInfo_Page/input_eMailAddress'

2024-11-12 16:10:25 - [MESSAGE][PASSED] - Text 'iahmed@govolution.com' is set on object 'Object Repository/RAD_Pages/AddressAndContactInfo_Page/input_reEnterEMailAddress'

2024-11-12 16:10:25 - [MESSAGE][PASSED] - rad.getSetDataRAD.setDataRADAddress is PASSED

2024-11-12 16:10:25 - [TEST_STEP][PASSED] - if (feinSSN.equalsIgnoreCase("Y")): null

2024-11-12 16:10:25 - [TEST_STEP][PASSED] - else: Text ****** has been set on object 'Object Repository/RAD_Pages/TaxInfo_Page/input_FederalEIN_ReEnter'

2024-11-12 16:10:25 - [TEST_STEP][PASSED] - setEncryptedText(findTestObject(orPath_TaxInfo + "/input_FederalEIN"), "1UdOed23yJD0bM3UEjTHrQ=="): Text ****** has been set on object 'Object Repository/RAD_Pages/TaxInfo_Page/input_FederalEIN'

2024-11-12 16:10:26 - [MESSAGE][PASSED] - Text ****** has been set on object 'Object Repository/RAD_Pages/TaxInfo_Page/input_FederalEIN'

2024-11-12 16:10:26 - [TEST_STEP][PASSED] - setEncryptedText(findTestObject(orPath_TaxInfo + "/input_FederalEIN_ReEnter"), "1UdOed23yJD0bM3UEjTHrQ=="): Text ****** has been set on object 'Object Repository/RAD_Pages/TaxInfo_Page/input_FederalEIN_ReEnter'

2024-11-12 16:10:26 - [MESSAGE][PASSED] - Text ****** has been set on object 'Object Repository/RAD_Pages/TaxInfo_Page/input_FederalEIN_ReEnter'

2024-11-12 16:10:26 - [TEST_STEP][PASSED] - setText(findTestObject(orPath_Amount + "/input__paymentAmount"), "100.00"): Text '100.00' is set on object 'Object Repository/RAD_Pages/PaymentAmount_Page/input__paymentAmount'

2024-11-12 16:10:27 - [MESSAGE][PASSED] - Text '100.00' is set on object 'Object Repository/RAD_Pages/PaymentAmount_Page/input__paymentAmount'

2024-11-12 16:10:27 - [TEST_STEP][PASSED] - setText(findTestObject(orPath_AddressContact + "/input_streetAddress2"), ""): Text '' is set on object 'Object Repository/RAD_Pages/AddressAndContactInfo_Page/input_streetAddress2'

2024-11-12 16:10:28 - [MESSAGE][PASSED] - Text '' is set on object 'Object Repository/RAD_Pages/AddressAndContactInfo_Page/input_streetAddress2'

2024-11-12 16:10:28 - [TEST_STEP][PASSED] - scrollToElement(findTestObject(orPath_Landing + "/button_Continue"), 3): Scroll to object 'Object Repository/RAD_Pages/Landing_Page/button_Continue' successfully

2024-11-12 16:10:28 - [MESSAGE][PASSED] - Scroll to object 'Object Repository/RAD_Pages/Landing_Page/button_Continue' successfully

2024-11-12 16:10:28 - [TEST_STEP][PASSED] - waitForElementClickable(findTestObject(orPath_Landing + "/button_Continue"), 5): Object 'Object Repository/RAD_Pages/Landing_Page/button_Continue' is clickable

2024-11-12 16:10:28 - [MESSAGE][PASSED] - Object 'Object Repository/RAD_Pages/Landing_Page/button_Continue' is clickable

2024-11-12 16:10:28 - [TEST_STEP][PASSED] - click(findTestObject(orPath_Landing + "/button_Continue")): Object: 'Object Repository/RAD_Pages/Landing_Page/button_Continue' is clicked on

2024-11-12 16:10:29 - [MESSAGE][PASSED] - Object: 'Object Repository/RAD_Pages/Landing_Page/button_Continue' is clicked on

2024-11-12 16:10:29 - [TEST_STEP][PASSED] - delay(2): Delayed 2 second(s)

2024-11-12 16:10:31 - [MESSAGE][PASSED] - Delayed 2 second(s)

2024-11-12 16:10:31 - [TEST_STEP][PASSED] - verifyTextPresent("Summary", true): Text 'Summary' is present on page  using regular expression

2024-11-12 16:10:31 - [MESSAGE][PASSED] - Text 'Summary' is present on page  using regular expression

2024-11-12 16:10:31 - [TEST_STEP][PASSED] - verifyTextPresent("Review the information below and make any necessary corrections by clicking the", true): Text 'Review the information below and make any necessary corrections by clicking the' is present on page  using regular expression

2024-11-12 16:10:32 - [MESSAGE][PASSED] - Text 'Review the information below and make any necessary corrections by clicking the' is present on page  using regular expression

2024-11-12 16:10:32 - [TEST_STEP][PASSED] - verifyTextPresent("When you are confident that all the information is correct, click the", true): Text 'When you are confident that all the information is correct, click the' is present on page  using regular expression

2024-11-12 16:10:32 - [MESSAGE][PASSED] - Text 'When you are confident that all the information is correct, click the' is present on page  using regular expression

2024-11-12 16:10:32 - [TEST_STEP][PASSED] - verifyTextPresent("Payment Type/Filing Year", true): Text 'Payment Type/Filing Year' is present on page  using regular expression

2024-11-12 16:10:32 - [MESSAGE][PASSED] - Text 'Payment Type/Filing Year' is present on page  using regular expression

2024-11-12 16:10:32 - [TEST_STEP][PASSED] - verifyTextPresent("Payment Type:", true): Text 'Payment Type:' is present on page  using regular expression

2024-11-12 16:10:33 - [MESSAGE][PASSED] - Text 'Payment Type:' is present on page  using regular expression

2024-11-12 16:10:33 - [TEST_STEP][PASSED] - verifyTextPresent("Extension Payments", true): Text 'Extension Payments' is present on page  using regular expression

2024-11-12 16:10:33 - [MESSAGE][PASSED] - Text 'Extension Payments' is present on page  using regular expression

2024-11-12 16:10:33 - [TEST_STEP][PASSED] - verifyTextPresent("Filing Year:", true): Text 'Filing Year:' is present on page  using regular expression

2024-11-12 16:10:33 - [MESSAGE][PASSED] - Text 'Filing Year:' is present on page  using regular expression

2024-11-12 16:10:33 - [TEST_STEP][PASSED] - verifyTextPresent(FilingYear, true): Text '2023' is present on page  using regular expression

2024-11-12 16:10:34 - [MESSAGE][PASSED] - Text '2023' is present on page  using regular expression

2024-11-12 16:10:34 - [TEST_STEP][PASSED] - switch (TaxType): null

2024-11-12 16:10:34 - [TEST_STEP][PASSED] - case "Corporate Income Tax":: null

2024-11-12 16:10:34 - [TEST_STEP][PASSED] - verifyTextPresent("Period Ending:", true): Text 'Period Ending:' is present on page  using regular expression

2024-11-12 16:10:34 - [MESSAGE][PASSED] - Text 'Period Ending:' is present on page  using regular expression

2024-11-12 16:10:34 - [TEST_STEP][PASSED] - verifyTextPresent(PeriodEndingMonth, true): Text 'September' is present on page  using regular expression

2024-11-12 16:10:34 - [MESSAGE][PASSED] - Text 'September' is present on page  using regular expression

2024-11-12 16:10:34 - [TEST_STEP][PASSED] - break: null

2024-11-12 16:10:34 - [TEST_STEP][PASSED] - verifyTextPresent("Payer Information", true): Text 'Payer Information' is present on page  using regular expression

2024-11-12 16:10:35 - [MESSAGE][PASSED] - Text 'Payer Information' is present on page  using regular expression

2024-11-12 16:10:35 - [TEST_STEP][PASSED] - verifyTextPresent("Taxpayer Name:", true): Text 'Taxpayer Name:' is present on page  using regular expression

2024-11-12 16:10:35 - [MESSAGE][PASSED] - Text 'Taxpayer Name:' is present on page  using regular expression

2024-11-12 16:10:35 - [TEST_STEP][PASSED] - verifyTextPresent("My Company", true): Text 'My Company' is present on page  using regular expression

2024-11-12 16:10:35 - [MESSAGE][PASSED] - Text 'My Company' is present on page  using regular expression

2024-11-12 16:10:35 - [TEST_STEP][PASSED] - verifyTextPresent("Business Rep Name:", true): Text 'Business Rep Name:' is present on page  using regular expression

2024-11-12 16:10:36 - [MESSAGE][PASSED] - Text 'Business Rep Name:' is present on page  using regular expression

2024-11-12 16:10:36 - [TEST_STEP][PASSED] - verifyTextPresent("BusRepFname BusRepLname", true): Text 'BusRepFname BusRepLname' is present on page  using regular expression

2024-11-12 16:10:36 - [MESSAGE][PASSED] - Text 'BusRepFname BusRepLname' is present on page  using regular expression

2024-11-12 16:10:36 - [TEST_STEP][PASSED] - verifyTextPresent("Taxpayer Address:", true): Text 'Taxpayer Address:' is present on page  using regular expression

2024-11-12 16:10:36 - [MESSAGE][PASSED] - Text 'Taxpayer Address:' is present on page  using regular expression

2024-11-12 16:10:36 - [TEST_STEP][PASSED] - verifyTextPresent("2508 Mandan Terrace Gambrills Maryland 21054", true): Text '2508 Mandan Terrace Gambrills Maryland 21054' is present on page  using regular expression

2024-11-12 16:10:37 - [MESSAGE][PASSED] - Text '2508 Mandan Terrace Gambrills Maryland 21054' is present on page  using regular expression

2024-11-12 16:10:37 - [TEST_STEP][PASSED] - verifyTextPresent("Email:", true): Text 'Email:' is present on page  using regular expression

2024-11-12 16:10:37 - [MESSAGE][PASSED] - Text 'Email:' is present on page  using regular expression

2024-11-12 16:10:37 - [TEST_STEP][PASSED] - verifyTextPresent("iahmed@govolution.com", true): Text 'iahmed@govolution.com' is present on page  using regular expression

2024-11-12 16:10:37 - [MESSAGE][PASSED] - Text 'iahmed@govolution.com' is present on page  using regular expression

2024-11-12 16:10:37 - [TEST_STEP][PASSED] - verifyTextPresent("Phone:", true): Text 'Phone:' is present on page  using regular expression

2024-11-12 16:10:38 - [MESSAGE][PASSED] - Text 'Phone:' is present on page  using regular expression

2024-11-12 16:10:38 - [TEST_STEP][PASSED] - verifyTextPresent("(703) 894-5000", false): Text '(703) 894-5000' is present on page 

2024-11-12 16:10:38 - [MESSAGE][PASSED] - Text '(703) 894-5000' is present on page 

2024-11-12 16:10:38 - [TEST_STEP][PASSED] - verifyTextPresent("Tax Information", true): Text 'Tax Information' is present on page  using regular expression

2024-11-12 16:10:38 - [MESSAGE][PASSED] - Text 'Tax Information' is present on page  using regular expression

2024-11-12 16:10:38 - [TEST_STEP][PASSED] - if (feinSSN.equalsIgnoreCase("Y")): null

2024-11-12 16:10:38 - [TEST_STEP][PASSED] - else: Text 'XXXXXXX93' is present on page  using regular expression

2024-11-12 16:10:38 - [TEST_STEP][PASSED] - verifyTextPresent("Federal EIN:", true): Text 'Federal EIN:' is present on page  using regular expression

2024-11-12 16:10:39 - [MESSAGE][PASSED] - Text 'Federal EIN:' is present on page  using regular expression

2024-11-12 16:10:39 - [TEST_STEP][PASSED] - verifyTextNotPresent("FEIN/SSN:", true): Text 'FEIN/SSN:' is not present on page using regular expression

2024-11-12 16:10:39 - [MESSAGE][PASSED] - Text 'FEIN/SSN:' is not present on page using regular expression

2024-11-12 16:10:39 - [TEST_STEP][PASSED] - verifyTextPresent("XXXXXXX93", true): Text 'XXXXXXX93' is present on page  using regular expression

2024-11-12 16:10:39 - [MESSAGE][PASSED] - Text 'XXXXXXX93' is present on page  using regular expression

2024-11-12 16:10:39 - [TEST_STEP][PASSED] - verifyTextPresent("Payment Amount:", true): Text 'Payment Amount:' is present on page  using regular expression

2024-11-12 16:10:40 - [MESSAGE][PASSED] - Text 'Payment Amount:' is present on page  using regular expression

2024-11-12 16:10:40 - [TEST_STEP][PASSED] - verifyTextPresent("100.00", true): Text '100.00' is present on page  using regular expression

2024-11-12 16:10:40 - [MESSAGE][PASSED] - Text '100.00' is present on page  using regular expression

2024-11-12 16:10:40 - [TEST_STEP][PASSED] - if (verifyElementVisible(findTestObject(orPath_Summary + "/button_Proceed to Payment"))): null

2024-11-12 16:10:40 - [MESSAGE][PASSED] - Object 'Object Repository/RAD_Pages/Summary_Page/button_Proceed to Payment' is visible

2024-11-12 16:10:40 - [TEST_STEP][PASSED] - resText = "Pass": null

2024-11-12 16:10:40 - [TEST_STEP][PASSED] - pages.WriteExcel.demoKey(resText, datText, resColumn, datCloumn, fileLoc, nameSheet, row): pages.WriteExcel.demoKey is PASSED

2024-11-12 16:10:40 - [MESSAGE][PASSED] - pages.WriteExcel.demoKey is PASSED

2024-11-12 16:10:40 - [TEST_STEP][PASSED] - click(findTestObject(orPath_Summary + "/button_Proceed to Payment")): Object: 'Object Repository/RAD_Pages/Summary_Page/button_Proceed to Payment' is clicked on

2024-11-12 16:10:44 - [MESSAGE][PASSED] - Object: 'Object Repository/RAD_Pages/Summary_Page/button_Proceed to Payment' is clicked on

2024-11-12 16:10:44 - [TEST_STEP][PASSED] - verifyElementPresent(findTestObject("Object Repository/RAD_Pages/PaymentEntry_Page/input__billingName"), 30): Object 'Object Repository/RAD_Pages/PaymentEntry_Page/input__billingName' is present

2024-11-12 16:10:44 - [MESSAGE][PASSED] - Object 'Object Repository/RAD_Pages/PaymentEntry_Page/input__billingName' is present

2024-11-12 16:10:44 - [TEST_STEP][PASSED] - ExecuteTC = findTestData(dataFile).getValue("Execute", row): null

2024-11-12 16:10:44 - [TEST_STEP][PASSED] - TaxType = findTestData(dataFile).getValue("TaxType", row): null

2024-11-12 16:10:44 - [TEST_STEP][PASSED] - PaymentType = findTestData(dataFile).getValue("PaymentType", row): null

2024-11-12 16:10:44 - [TEST_STEP][PASSED] - FilingYear = findTestData(dataFile).getValue("Year", row): null

2024-11-12 16:10:44 - [TEST_STEP][PASSED] - PeriodEndingMonth = findTestData(dataFile).getValue("Month", row): null

2024-11-12 16:10:44 - [TEST_STEP][PASSED] - feinSSN = findTestData(dataFile).getValue("FeinSsn", row): null

2024-11-12 16:10:44 - [TEST_STEP][PASSED] - if (ExecuteTC.equalsIgnoreCase("Y")): Object 'Object Repository/RAD_Pages/PaymentEntry_Page/input__billingName' is present

2024-11-12 16:10:44 - [TEST_STEP][PASSED] - out.println("Begin Record Number: " + row): null

2024-11-12 16:10:44 - [TEST_STEP][PASSED] - today = new java.util.Date(): null

2024-11-12 16:10:44 - [TEST_STEP][PASSED] - println(today): null

2024-11-12 16:10:44 - [TEST_STEP][PASSED] - datText = today: null

2024-11-12 16:10:44 - [TEST_STEP][PASSED] - logInfo("Payment Type: Extension Payments"): Payment Type: Extension Payments

2024-11-12 16:10:44 - [MESSAGE][INFO] - Payment Type: Extension Payments

2024-11-12 16:10:44 - [TEST_STEP][PASSED] - logInfo("Tax Type: " + TaxType): Tax Type: Fiduciary Tax

2024-11-12 16:10:44 - [MESSAGE][INFO] - Tax Type: Fiduciary Tax

2024-11-12 16:10:44 - [TEST_STEP][PASSED] - openBrowser(""): Browser is opened with url: ''

2024-11-12 16:10:44 - [MESSAGE][WARNING] - A browser is already opened. Closing browser and opening a new one

2024-11-12 16:10:46 - [MESSAGE][INFO] - Starting 'Chrome' driver

2024-11-12 16:10:46 - [MESSAGE][INFO] - User set preference: ['acceptInsecureCerts', 'true']

2024-11-12 16:10:46 - [MESSAGE][INFO] - Action delay is set to 0 milliseconds

2024-11-12 16:10:47 - [MESSAGE][PASSED] - Browser is opened with url: ''

2024-11-12 16:10:47 - [TEST_STEP][PASSED] - maximizeWindow(): Current window maximized

2024-11-12 16:10:47 - [MESSAGE][PASSED] - Current window maximized

2024-11-12 16:10:47 - [TEST_STEP][PASSED] - navigateToUrl(RADurl): Navigate to 'https://www.velocitypayment.com/client/rad/index.html' successfully

2024-11-12 16:10:48 - [MESSAGE][PASSED] - Navigate to 'https://www.velocitypayment.com/client/rad/index.html' successfully

2024-11-12 16:10:48 - [TEST_STEP][PASSED] - selectOptionByLabel(findTestObject(orPath_Landing + "/dd_TaxType"), "Extension Payments", false): All options with label 'Extension Payments' are selected in object 'Object Repository/RAD_Pages/Landing_Page/dd_TaxType' 

2024-11-12 16:10:50 - [MESSAGE][PASSED] - All options with label 'Extension Payments' are selected in object 'Object Repository/RAD_Pages/Landing_Page/dd_TaxType' 

2024-11-12 16:10:50 - [TEST_STEP][PASSED] - selectOptionByLabel(findTestObject(orPath_TaxTypeFilingYear + "/select_PaymentType"), TaxType, false): All options with label 'Fiduciary Tax' are selected in object 'Object Repository/RAD_Pages/TaxTypeFilingYear_Page/select_PaymentType' 

2024-11-12 16:10:50 - [MESSAGE][PASSED] - All options with label 'Fiduciary Tax' are selected in object 'Object Repository/RAD_Pages/TaxTypeFilingYear_Page/select_PaymentType' 

2024-11-12 16:10:50 - [TEST_STEP][PASSED] - selectOptionByLabel(findTestObject(orPath_TaxTypeFilingYear + "/select_FilingYear"), FilingYear, false): All options with label '2023' are selected in object 'Object Repository/RAD_Pages/TaxTypeFilingYear_Page/select_FilingYear' 

2024-11-12 16:10:51 - [MESSAGE][PASSED] - All options with label '2023' are selected in object 'Object Repository/RAD_Pages/TaxTypeFilingYear_Page/select_FilingYear' 

2024-11-12 16:10:51 - [TEST_STEP][PASSED] - switch (TaxType): null

2024-11-12 16:10:51 - [TEST_STEP][PASSED] - rad.getSetDataRAD.setDataRADBusinessName(): rad.getSetDataRAD.setDataRADBusinessName is PASSED

2024-11-12 16:10:52 - [MESSAGE][PASSED] - Text 'My Company' is set on object 'Object Repository/RAD_Pages/Taxpayer_Page/input_businessName'

2024-11-12 16:10:52 - [MESSAGE][PASSED] - rad.getSetDataRAD.setDataRADBusinessName is PASSED

2024-11-12 16:10:52 - [TEST_STEP][PASSED] - rad.getSetDataRAD.setDataRADBusinessRep(): rad.getSetDataRAD.setDataRADBusinessRep is PASSED

2024-11-12 16:10:53 - [MESSAGE][PASSED] - Text 'BusRepFname' is set on object 'Object Repository/RAD_Pages/Taxpayer_Page/input_BusinessRepfirstName'

2024-11-12 16:10:53 - [MESSAGE][PASSED] - Text '' is set on object 'Object Repository/RAD_Pages/Taxpayer_Page/input_BusinessRepmiddleName'

2024-11-12 16:10:54 - [MESSAGE][PASSED] - Text 'BusRepLname' is set on object 'Object Repository/RAD_Pages/Taxpayer_Page/input_BusinessReplastName'

2024-11-12 16:10:55 - [MESSAGE][PASSED] - Text '' is set on object 'Object Repository/RAD_Pages/Taxpayer_Page/input_BusinessRepsuffix'

2024-11-12 16:10:55 - [MESSAGE][PASSED] - rad.getSetDataRAD.setDataRADBusinessRep is PASSED

2024-11-12 16:10:55 - [TEST_STEP][PASSED] - rad.getSetDataRAD.setDataRADAddress(): rad.getSetDataRAD.setDataRADAddress is PASSED

2024-11-12 16:10:55 - [MESSAGE][PASSED] - All options with label 'United States' are selected in object 'Object Repository/RAD_Pages/AddressAndContactInfo_Page/select_Country' 

2024-11-12 16:10:56 - [MESSAGE][PASSED] - Text '2508 Mandan Terrace' is set on object 'Object Repository/RAD_Pages/AddressAndContactInfo_Page/input_streetAddress1'

2024-11-12 16:10:57 - [MESSAGE][PASSED] - Text '' is set on object 'Object Repository/RAD_Pages/AddressAndContactInfo_Page/input_streetAddress2'

2024-11-12 16:10:58 - [MESSAGE][PASSED] - Text 'Gambrills' is set on object 'Object Repository/RAD_Pages/AddressAndContactInfo_Page/input_city'

2024-11-12 16:10:58 - [MESSAGE][PASSED] - All options with label 'Maryland' are selected in object 'Object Repository/RAD_Pages/AddressAndContactInfo_Page/select_State' 

2024-11-12 16:10:59 - [MESSAGE][PASSED] - Text '21054' is set on object 'Object Repository/RAD_Pages/AddressAndContactInfo_Page/input_zipCode'

2024-11-12 16:11:00 - [MESSAGE][PASSED] - Text '(703) 894-5000' is set on object 'Object Repository/RAD_Pages/AddressAndContactInfo_Page/input_phoneNumber'

2024-11-12 16:11:01 - [MESSAGE][PASSED] - Text 'iahmed@govolution.com' is set on object 'Object Repository/RAD_Pages/AddressAndContactInfo_Page/input_eMailAddress'

2024-11-12 16:11:02 - [MESSAGE][PASSED] - Text 'iahmed@govolution.com' is set on object 'Object Repository/RAD_Pages/AddressAndContactInfo_Page/input_reEnterEMailAddress'

2024-11-12 16:11:02 - [MESSAGE][PASSED] - rad.getSetDataRAD.setDataRADAddress is PASSED

2024-11-12 16:11:02 - [TEST_STEP][PASSED] - if (feinSSN.equalsIgnoreCase("Y")): null

2024-11-12 16:11:02 - [TEST_STEP][PASSED] - else: Text ****** has been set on object 'Object Repository/RAD_Pages/TaxInfo_Page/input_FederalEIN_ReEnter'

2024-11-12 16:11:02 - [TEST_STEP][PASSED] - setEncryptedText(findTestObject(orPath_TaxInfo + "/input_FederalEIN"), "1UdOed23yJD0bM3UEjTHrQ=="): Text ****** has been set on object 'Object Repository/RAD_Pages/TaxInfo_Page/input_FederalEIN'

2024-11-12 16:11:02 - [MESSAGE][PASSED] - Text ****** has been set on object 'Object Repository/RAD_Pages/TaxInfo_Page/input_FederalEIN'

2024-11-12 16:11:02 - [TEST_STEP][PASSED] - setEncryptedText(findTestObject(orPath_TaxInfo + "/input_FederalEIN_ReEnter"), "1UdOed23yJD0bM3UEjTHrQ=="): Text ****** has been set on object 'Object Repository/RAD_Pages/TaxInfo_Page/input_FederalEIN_ReEnter'

2024-11-12 16:11:03 - [MESSAGE][PASSED] - Text ****** has been set on object 'Object Repository/RAD_Pages/TaxInfo_Page/input_FederalEIN_ReEnter'

2024-11-12 16:11:03 - [TEST_STEP][PASSED] - setText(findTestObject(orPath_Amount + "/input__paymentAmount"), "100.00"): Text '100.00' is set on object 'Object Repository/RAD_Pages/PaymentAmount_Page/input__paymentAmount'

2024-11-12 16:11:03 - [MESSAGE][PASSED] - Text '100.00' is set on object 'Object Repository/RAD_Pages/PaymentAmount_Page/input__paymentAmount'

2024-11-12 16:11:03 - [TEST_STEP][PASSED] - setText(findTestObject(orPath_AddressContact + "/input_streetAddress2"), ""): Text '' is set on object 'Object Repository/RAD_Pages/AddressAndContactInfo_Page/input_streetAddress2'

2024-11-12 16:11:04 - [MESSAGE][PASSED] - Text '' is set on object 'Object Repository/RAD_Pages/AddressAndContactInfo_Page/input_streetAddress2'

2024-11-12 16:11:04 - [TEST_STEP][PASSED] - scrollToElement(findTestObject(orPath_Landing + "/button_Continue"), 3): Scroll to object 'Object Repository/RAD_Pages/Landing_Page/button_Continue' successfully

2024-11-12 16:11:05 - [MESSAGE][PASSED] - Scroll to object 'Object Repository/RAD_Pages/Landing_Page/button_Continue' successfully

2024-11-12 16:11:05 - [TEST_STEP][PASSED] - waitForElementClickable(findTestObject(orPath_Landing + "/button_Continue"), 5): Object 'Object Repository/RAD_Pages/Landing_Page/button_Continue' is clickable

2024-11-12 16:11:05 - [MESSAGE][PASSED] - Object 'Object Repository/RAD_Pages/Landing_Page/button_Continue' is clickable

2024-11-12 16:11:05 - [TEST_STEP][PASSED] - click(findTestObject(orPath_Landing + "/button_Continue")): Object: 'Object Repository/RAD_Pages/Landing_Page/button_Continue' is clicked on

2024-11-12 16:11:05 - [MESSAGE][PASSED] - Object: 'Object Repository/RAD_Pages/Landing_Page/button_Continue' is clicked on

2024-11-12 16:11:05 - [TEST_STEP][PASSED] - delay(2): Delayed 2 second(s)

2024-11-12 16:11:07 - [MESSAGE][PASSED] - Delayed 2 second(s)

2024-11-12 16:11:07 - [TEST_STEP][PASSED] - verifyTextPresent("Summary", true): Text 'Summary' is present on page  using regular expression

2024-11-12 16:11:08 - [MESSAGE][PASSED] - Text 'Summary' is present on page  using regular expression

2024-11-12 16:11:08 - [TEST_STEP][PASSED] - verifyTextPresent("Review the information below and make any necessary corrections by clicking the", true): Text 'Review the information below and make any necessary corrections by clicking the' is present on page  using regular expression

2024-11-12 16:11:08 - [MESSAGE][PASSED] - Text 'Review the information below and make any necessary corrections by clicking the' is present on page  using regular expression

2024-11-12 16:11:08 - [TEST_STEP][PASSED] - verifyTextPresent("When you are confident that all the information is correct, click the", true): Text 'When you are confident that all the information is correct, click the' is present on page  using regular expression

2024-11-12 16:11:08 - [MESSAGE][PASSED] - Text 'When you are confident that all the information is correct, click the' is present on page  using regular expression

2024-11-12 16:11:08 - [TEST_STEP][PASSED] - verifyTextPresent("Payment Type/Filing Year", true): Text 'Payment Type/Filing Year' is present on page  using regular expression

2024-11-12 16:11:09 - [MESSAGE][PASSED] - Text 'Payment Type/Filing Year' is present on page  using regular expression

2024-11-12 16:11:09 - [TEST_STEP][PASSED] - verifyTextPresent("Payment Type:", true): Text 'Payment Type:' is present on page  using regular expression

2024-11-12 16:11:09 - [MESSAGE][PASSED] - Text 'Payment Type:' is present on page  using regular expression

2024-11-12 16:11:09 - [TEST_STEP][PASSED] - verifyTextPresent("Extension Payments", true): Text 'Extension Payments' is present on page  using regular expression

2024-11-12 16:11:09 - [MESSAGE][PASSED] - Text 'Extension Payments' is present on page  using regular expression

2024-11-12 16:11:09 - [TEST_STEP][PASSED] - verifyTextPresent("Filing Year:", true): Text 'Filing Year:' is present on page  using regular expression

2024-11-12 16:11:10 - [MESSAGE][PASSED] - Text 'Filing Year:' is present on page  using regular expression

2024-11-12 16:11:10 - [TEST_STEP][PASSED] - verifyTextPresent(FilingYear, true): Text '2023' is present on page  using regular expression

2024-11-12 16:11:10 - [MESSAGE][PASSED] - Text '2023' is present on page  using regular expression

2024-11-12 16:11:10 - [TEST_STEP][PASSED] - switch (TaxType): null

2024-11-12 16:11:10 - [TEST_STEP][PASSED] - verifyTextPresent("Payer Information", true): Text 'Payer Information' is present on page  using regular expression

2024-11-12 16:11:10 - [MESSAGE][PASSED] - Text 'Payer Information' is present on page  using regular expression

2024-11-12 16:11:10 - [TEST_STEP][PASSED] - verifyTextPresent("Taxpayer Name:", true): Text 'Taxpayer Name:' is present on page  using regular expression

2024-11-12 16:11:11 - [MESSAGE][PASSED] - Text 'Taxpayer Name:' is present on page  using regular expression

2024-11-12 16:11:11 - [TEST_STEP][PASSED] - verifyTextPresent("My Company", true): Text 'My Company' is present on page  using regular expression

2024-11-12 16:11:11 - [MESSAGE][PASSED] - Text 'My Company' is present on page  using regular expression

2024-11-12 16:11:11 - [TEST_STEP][PASSED] - verifyTextPresent("Business Rep Name:", true): Text 'Business Rep Name:' is present on page  using regular expression

2024-11-12 16:11:11 - [MESSAGE][PASSED] - Text 'Business Rep Name:' is present on page  using regular expression

2024-11-12 16:11:11 - [TEST_STEP][PASSED] - verifyTextPresent("BusRepFname BusRepLname", true): Text 'BusRepFname BusRepLname' is present on page  using regular expression

2024-11-12 16:11:12 - [MESSAGE][PASSED] - Text 'BusRepFname BusRepLname' is present on page  using regular expression

2024-11-12 16:11:12 - [TEST_STEP][PASSED] - verifyTextPresent("Taxpayer Address:", true): Text 'Taxpayer Address:' is present on page  using regular expression

2024-11-12 16:11:12 - [MESSAGE][PASSED] - Text 'Taxpayer Address:' is present on page  using regular expression

2024-11-12 16:11:12 - [TEST_STEP][PASSED] - verifyTextPresent("2508 Mandan Terrace Gambrills Maryland 21054", true): Text '2508 Mandan Terrace Gambrills Maryland 21054' is present on page  using regular expression

2024-11-12 16:11:12 - [MESSAGE][PASSED] - Text '2508 Mandan Terrace Gambrills Maryland 21054' is present on page  using regular expression

2024-11-12 16:11:12 - [TEST_STEP][PASSED] - verifyTextPresent("Email:", true): Text 'Email:' is present on page  using regular expression

2024-11-12 16:11:13 - [MESSAGE][PASSED] - Text 'Email:' is present on page  using regular expression

2024-11-12 16:11:13 - [TEST_STEP][PASSED] - verifyTextPresent("iahmed@govolution.com", true): Text 'iahmed@govolution.com' is present on page  using regular expression

2024-11-12 16:11:13 - [MESSAGE][PASSED] - Text 'iahmed@govolution.com' is present on page  using regular expression

2024-11-12 16:11:13 - [TEST_STEP][PASSED] - verifyTextPresent("Phone:", true): Text 'Phone:' is present on page  using regular expression

2024-11-12 16:11:13 - [MESSAGE][PASSED] - Text 'Phone:' is present on page  using regular expression

2024-11-12 16:11:13 - [TEST_STEP][PASSED] - verifyTextPresent("(703) 894-5000", false): Text '(703) 894-5000' is present on page 

2024-11-12 16:11:14 - [MESSAGE][PASSED] - Text '(703) 894-5000' is present on page 

2024-11-12 16:11:14 - [TEST_STEP][PASSED] - verifyTextPresent("Tax Information", true): Text 'Tax Information' is present on page  using regular expression

2024-11-12 16:11:14 - [MESSAGE][PASSED] - Text 'Tax Information' is present on page  using regular expression

2024-11-12 16:11:14 - [TEST_STEP][PASSED] - if (feinSSN.equalsIgnoreCase("Y")): null

2024-11-12 16:11:14 - [TEST_STEP][PASSED] - else: Text 'XXXXXXX93' is present on page  using regular expression

2024-11-12 16:11:14 - [TEST_STEP][PASSED] - verifyTextPresent("Federal EIN:", true): Text 'Federal EIN:' is present on page  using regular expression

2024-11-12 16:11:14 - [MESSAGE][PASSED] - Text 'Federal EIN:' is present on page  using regular expression

2024-11-12 16:11:14 - [TEST_STEP][PASSED] - verifyTextNotPresent("FEIN/SSN:", true): Text 'FEIN/SSN:' is not present on page using regular expression

2024-11-12 16:11:15 - [MESSAGE][PASSED] - Text 'FEIN/SSN:' is not present on page using regular expression

2024-11-12 16:11:15 - [TEST_STEP][PASSED] - verifyTextPresent("XXXXXXX93", true): Text 'XXXXXXX93' is present on page  using regular expression

2024-11-12 16:11:15 - [MESSAGE][PASSED] - Text 'XXXXXXX93' is present on page  using regular expression

2024-11-12 16:11:15 - [TEST_STEP][PASSED] - verifyTextPresent("Payment Amount:", true): Text 'Payment Amount:' is present on page  using regular expression

2024-11-12 16:11:15 - [MESSAGE][PASSED] - Text 'Payment Amount:' is present on page  using regular expression

2024-11-12 16:11:15 - [TEST_STEP][PASSED] - verifyTextPresent("100.00", true): Text '100.00' is present on page  using regular expression

2024-11-12 16:11:16 - [MESSAGE][PASSED] - Text '100.00' is present on page  using regular expression

2024-11-12 16:11:16 - [TEST_STEP][PASSED] - if (verifyElementVisible(findTestObject(orPath_Summary + "/button_Proceed to Payment"))): null

2024-11-12 16:11:16 - [MESSAGE][PASSED] - Object 'Object Repository/RAD_Pages/Summary_Page/button_Proceed to Payment' is visible

2024-11-12 16:11:16 - [TEST_STEP][PASSED] - resText = "Pass": null

2024-11-12 16:11:16 - [TEST_STEP][PASSED] - pages.WriteExcel.demoKey(resText, datText, resColumn, datCloumn, fileLoc, nameSheet, row): pages.WriteExcel.demoKey is PASSED

2024-11-12 16:11:16 - [MESSAGE][PASSED] - pages.WriteExcel.demoKey is PASSED

2024-11-12 16:11:16 - [TEST_STEP][PASSED] - click(findTestObject(orPath_Summary + "/button_Proceed to Payment")): Object: 'Object Repository/RAD_Pages/Summary_Page/button_Proceed to Payment' is clicked on

2024-11-12 16:11:20 - [MESSAGE][PASSED] - Object: 'Object Repository/RAD_Pages/Summary_Page/button_Proceed to Payment' is clicked on

2024-11-12 16:11:20 - [TEST_STEP][PASSED] - verifyElementPresent(findTestObject("Object Repository/RAD_Pages/PaymentEntry_Page/input__billingName"), 30): Object 'Object Repository/RAD_Pages/PaymentEntry_Page/input__billingName' is present

2024-11-12 16:11:20 - [MESSAGE][PASSED] - Object 'Object Repository/RAD_Pages/PaymentEntry_Page/input__billingName' is present

2024-11-12 16:11:20 - [TEST_STEP][PASSED] - ExecuteTC = findTestData(dataFile).getValue("Execute", row): null

2024-11-12 16:11:20 - [TEST_STEP][PASSED] - TaxType = findTestData(dataFile).getValue("TaxType", row): null

2024-11-12 16:11:21 - [TEST_STEP][PASSED] - PaymentType = findTestData(dataFile).getValue("PaymentType", row): null

2024-11-12 16:11:21 - [TEST_STEP][PASSED] - FilingYear = findTestData(dataFile).getValue("Year", row): null

2024-11-12 16:11:21 - [TEST_STEP][PASSED] - PeriodEndingMonth = findTestData(dataFile).getValue("Month", row): null

2024-11-12 16:11:21 - [TEST_STEP][PASSED] - feinSSN = findTestData(dataFile).getValue("FeinSsn", row): null

2024-11-12 16:11:21 - [TEST_STEP][PASSED] - if (ExecuteTC.equalsIgnoreCase("Y")): Object 'Object Repository/RAD_Pages/PaymentEntry_Page/input__billingName' is present

2024-11-12 16:11:21 - [TEST_STEP][PASSED] - out.println("Begin Record Number: " + row): null

2024-11-12 16:11:21 - [TEST_STEP][PASSED] - today = new java.util.Date(): null

2024-11-12 16:11:21 - [TEST_STEP][PASSED] - println(today): null

2024-11-12 16:11:21 - [TEST_STEP][PASSED] - datText = today: null

2024-11-12 16:11:21 - [TEST_STEP][PASSED] - logInfo("Payment Type: Extension Payments"): Payment Type: Extension Payments

2024-11-12 16:11:21 - [MESSAGE][INFO] - Payment Type: Extension Payments

2024-11-12 16:11:21 - [TEST_STEP][PASSED] - logInfo("Tax Type: " + TaxType): Tax Type: PTE Non-Electing Non-S Corp

2024-11-12 16:11:21 - [MESSAGE][INFO] - Tax Type: PTE Non-Electing Non-S Corp

2024-11-12 16:11:21 - [TEST_STEP][PASSED] - openBrowser(""): Browser is opened with url: ''

2024-11-12 16:11:21 - [MESSAGE][WARNING] - A browser is already opened. Closing browser and opening a new one

2024-11-12 16:11:22 - [MESSAGE][INFO] - Starting 'Chrome' driver

2024-11-12 16:11:22 - [MESSAGE][INFO] - User set preference: ['acceptInsecureCerts', 'true']

2024-11-12 16:11:22 - [MESSAGE][INFO] - Action delay is set to 0 milliseconds

2024-11-12 16:11:24 - [MESSAGE][PASSED] - Browser is opened with url: ''

2024-11-12 16:11:24 - [TEST_STEP][PASSED] - maximizeWindow(): Current window maximized

2024-11-12 16:11:24 - [MESSAGE][PASSED] - Current window maximized

2024-11-12 16:11:24 - [TEST_STEP][PASSED] - navigateToUrl(RADurl): Navigate to 'https://www.velocitypayment.com/client/rad/index.html' successfully

2024-11-12 16:11:26 - [MESSAGE][PASSED] - Navigate to 'https://www.velocitypayment.com/client/rad/index.html' successfully

2024-11-12 16:11:26 - [TEST_STEP][PASSED] - selectOptionByLabel(findTestObject(orPath_Landing + "/dd_TaxType"), "Extension Payments", false): All options with label 'Extension Payments' are selected in object 'Object Repository/RAD_Pages/Landing_Page/dd_TaxType' 

2024-11-12 16:11:27 - [MESSAGE][PASSED] - All options with label 'Extension Payments' are selected in object 'Object Repository/RAD_Pages/Landing_Page/dd_TaxType' 

2024-11-12 16:11:27 - [TEST_STEP][PASSED] - selectOptionByLabel(findTestObject(orPath_TaxTypeFilingYear + "/select_PaymentType"), TaxType, false): All options with label 'PTE Non-Electing Non-S Corp' are selected in object 'Object Repository/RAD_Pages/TaxTypeFilingYear_Page/select_PaymentType' 

2024-11-12 16:11:28 - [MESSAGE][PASSED] - All options with label 'PTE Non-Electing Non-S Corp' are selected in object 'Object Repository/RAD_Pages/TaxTypeFilingYear_Page/select_PaymentType' 

2024-11-12 16:11:28 - [TEST_STEP][PASSED] - selectOptionByLabel(findTestObject(orPath_TaxTypeFilingYear + "/select_FilingYear"), FilingYear, false): All options with label '2023' are selected in object 'Object Repository/RAD_Pages/TaxTypeFilingYear_Page/select_FilingYear' 

2024-11-12 16:11:28 - [MESSAGE][PASSED] - All options with label '2023' are selected in object 'Object Repository/RAD_Pages/TaxTypeFilingYear_Page/select_FilingYear' 

2024-11-12 16:11:28 - [TEST_STEP][PASSED] - switch (TaxType): null

2024-11-12 16:11:28 - [TEST_STEP][PASSED] - rad.getSetDataRAD.setDataRADBusinessName(): rad.getSetDataRAD.setDataRADBusinessName is PASSED

2024-11-12 16:11:29 - [MESSAGE][PASSED] - Text 'My Company' is set on object 'Object Repository/RAD_Pages/Taxpayer_Page/input_businessName'

2024-11-12 16:11:29 - [MESSAGE][PASSED] - rad.getSetDataRAD.setDataRADBusinessName is PASSED

2024-11-12 16:11:29 - [TEST_STEP][PASSED] - rad.getSetDataRAD.setDataRADBusinessRep(): rad.getSetDataRAD.setDataRADBusinessRep is PASSED

2024-11-12 16:11:30 - [MESSAGE][PASSED] - Text 'BusRepFname' is set on object 'Object Repository/RAD_Pages/Taxpayer_Page/input_BusinessRepfirstName'

2024-11-12 16:11:31 - [MESSAGE][PASSED] - Text '' is set on object 'Object Repository/RAD_Pages/Taxpayer_Page/input_BusinessRepmiddleName'

2024-11-12 16:11:31 - [MESSAGE][PASSED] - Text 'BusRepLname' is set on object 'Object Repository/RAD_Pages/Taxpayer_Page/input_BusinessReplastName'

2024-11-12 16:11:32 - [MESSAGE][PASSED] - Text '' is set on object 'Object Repository/RAD_Pages/Taxpayer_Page/input_BusinessRepsuffix'

2024-11-12 16:11:32 - [MESSAGE][PASSED] - rad.getSetDataRAD.setDataRADBusinessRep is PASSED

2024-11-12 16:11:32 - [TEST_STEP][PASSED] - rad.getSetDataRAD.setDataRADAddress(): rad.getSetDataRAD.setDataRADAddress is PASSED

2024-11-12 16:11:33 - [MESSAGE][PASSED] - All options with label 'United States' are selected in object 'Object Repository/RAD_Pages/AddressAndContactInfo_Page/select_Country' 

2024-11-12 16:11:33 - [MESSAGE][PASSED] - Text '2508 Mandan Terrace' is set on object 'Object Repository/RAD_Pages/AddressAndContactInfo_Page/input_streetAddress1'

2024-11-12 16:11:34 - [MESSAGE][PASSED] - Text '' is set on object 'Object Repository/RAD_Pages/AddressAndContactInfo_Page/input_streetAddress2'

2024-11-12 16:11:35 - [MESSAGE][PASSED] - Text 'Gambrills' is set on object 'Object Repository/RAD_Pages/AddressAndContactInfo_Page/input_city'

2024-11-12 16:11:36 - [MESSAGE][PASSED] - All options with label 'Maryland' are selected in object 'Object Repository/RAD_Pages/AddressAndContactInfo_Page/select_State' 

2024-11-12 16:11:37 - [MESSAGE][PASSED] - Text '21054' is set on object 'Object Repository/RAD_Pages/AddressAndContactInfo_Page/input_zipCode'

2024-11-12 16:11:38 - [MESSAGE][PASSED] - Text '(703) 894-5000' is set on object 'Object Repository/RAD_Pages/AddressAndContactInfo_Page/input_phoneNumber'

2024-11-12 16:11:39 - [MESSAGE][PASSED] - Text 'iahmed@govolution.com' is set on object 'Object Repository/RAD_Pages/AddressAndContactInfo_Page/input_eMailAddress'

2024-11-12 16:11:40 - [MESSAGE][PASSED] - Text 'iahmed@govolution.com' is set on object 'Object Repository/RAD_Pages/AddressAndContactInfo_Page/input_reEnterEMailAddress'

2024-11-12 16:11:40 - [MESSAGE][PASSED] - rad.getSetDataRAD.setDataRADAddress is PASSED

2024-11-12 16:11:40 - [TEST_STEP][PASSED] - if (feinSSN.equalsIgnoreCase("Y")): Text ****** has been set on object 'Object Repository/RAD_Pages/TaxInfo_Page/input_TaxInfo_RetypeFeinSsn_New_2'

2024-11-12 16:11:40 - [TEST_STEP][PASSED] - setEncryptedText(findTestObject(orPath_TaxInfo + "/input_TaxInfo_FeinSsn_New_2"), "1UdOed23yJD0bM3UEjTHrQ=="): Text ****** has been set on object 'Object Repository/RAD_Pages/TaxInfo_Page/input_TaxInfo_FeinSsn_New_2'

2024-11-12 16:11:41 - [MESSAGE][PASSED] - Text ****** has been set on object 'Object Repository/RAD_Pages/TaxInfo_Page/input_TaxInfo_FeinSsn_New_2'

2024-11-12 16:11:41 - [TEST_STEP][PASSED] - setEncryptedText(findTestObject(orPath_TaxInfo + "/input_TaxInfo_RetypeFeinSsn_New_2"), "1UdOed23yJD0bM3UEjTHrQ=="): Text ****** has been set on object 'Object Repository/RAD_Pages/TaxInfo_Page/input_TaxInfo_RetypeFeinSsn_New_2'

2024-11-12 16:11:41 - [MESSAGE][PASSED] - Text ****** has been set on object 'Object Repository/RAD_Pages/TaxInfo_Page/input_TaxInfo_RetypeFeinSsn_New_2'

2024-11-12 16:11:41 - [TEST_STEP][PASSED] - setText(findTestObject(orPath_Amount + "/input__paymentAmount"), "100.00"): Text '100.00' is set on object 'Object Repository/RAD_Pages/PaymentAmount_Page/input__paymentAmount'

2024-11-12 16:11:42 - [MESSAGE][PASSED] - Text '100.00' is set on object 'Object Repository/RAD_Pages/PaymentAmount_Page/input__paymentAmount'

2024-11-12 16:11:42 - [TEST_STEP][PASSED] - setText(findTestObject(orPath_AddressContact + "/input_streetAddress2"), ""): Text '' is set on object 'Object Repository/RAD_Pages/AddressAndContactInfo_Page/input_streetAddress2'

2024-11-12 16:11:43 - [MESSAGE][PASSED] - Text '' is set on object 'Object Repository/RAD_Pages/AddressAndContactInfo_Page/input_streetAddress2'

2024-11-12 16:11:43 - [TEST_STEP][PASSED] - scrollToElement(findTestObject(orPath_Landing + "/button_Continue"), 3): Scroll to object 'Object Repository/RAD_Pages/Landing_Page/button_Continue' successfully

2024-11-12 16:11:43 - [MESSAGE][PASSED] - Scroll to object 'Object Repository/RAD_Pages/Landing_Page/button_Continue' successfully

2024-11-12 16:11:43 - [TEST_STEP][PASSED] - waitForElementClickable(findTestObject(orPath_Landing + "/button_Continue"), 5): Object 'Object Repository/RAD_Pages/Landing_Page/button_Continue' is clickable

2024-11-12 16:11:44 - [MESSAGE][PASSED] - Object 'Object Repository/RAD_Pages/Landing_Page/button_Continue' is clickable

2024-11-12 16:11:44 - [TEST_STEP][PASSED] - click(findTestObject(orPath_Landing + "/button_Continue")): Object: 'Object Repository/RAD_Pages/Landing_Page/button_Continue' is clicked on

2024-11-12 16:11:44 - [MESSAGE][PASSED] - Object: 'Object Repository/RAD_Pages/Landing_Page/button_Continue' is clicked on

2024-11-12 16:11:44 - [TEST_STEP][PASSED] - delay(2): Delayed 2 second(s)

2024-11-12 16:11:46 - [MESSAGE][PASSED] - Delayed 2 second(s)

2024-11-12 16:11:46 - [TEST_STEP][PASSED] - verifyTextPresent("Summary", true): Text 'Summary' is present on page  using regular expression

2024-11-12 16:11:46 - [MESSAGE][PASSED] - Text 'Summary' is present on page  using regular expression

2024-11-12 16:11:46 - [TEST_STEP][PASSED] - verifyTextPresent("Review the information below and make any necessary corrections by clicking the", true): Text 'Review the information below and make any necessary corrections by clicking the' is present on page  using regular expression

2024-11-12 16:11:47 - [MESSAGE][PASSED] - Text 'Review the information below and make any necessary corrections by clicking the' is present on page  using regular expression

2024-11-12 16:11:47 - [TEST_STEP][PASSED] - verifyTextPresent("When you are confident that all the information is correct, click the", true): Text 'When you are confident that all the information is correct, click the' is present on page  using regular expression

2024-11-12 16:11:47 - [MESSAGE][PASSED] - Text 'When you are confident that all the information is correct, click the' is present on page  using regular expression

2024-11-12 16:11:47 - [TEST_STEP][PASSED] - verifyTextPresent("Payment Type/Filing Year", true): Text 'Payment Type/Filing Year' is present on page  using regular expression

2024-11-12 16:11:47 - [MESSAGE][PASSED] - Text 'Payment Type/Filing Year' is present on page  using regular expression

2024-11-12 16:11:47 - [TEST_STEP][PASSED] - verifyTextPresent("Payment Type:", true): Text 'Payment Type:' is present on page  using regular expression

2024-11-12 16:11:48 - [MESSAGE][PASSED] - Text 'Payment Type:' is present on page  using regular expression

2024-11-12 16:11:48 - [TEST_STEP][PASSED] - verifyTextPresent("Extension Payments", true): Text 'Extension Payments' is present on page  using regular expression

2024-11-12 16:11:48 - [MESSAGE][PASSED] - Text 'Extension Payments' is present on page  using regular expression

2024-11-12 16:11:48 - [TEST_STEP][PASSED] - verifyTextPresent("Filing Year:", true): Text 'Filing Year:' is present on page  using regular expression

2024-11-12 16:11:48 - [MESSAGE][PASSED] - Text 'Filing Year:' is present on page  using regular expression

2024-11-12 16:11:48 - [TEST_STEP][PASSED] - verifyTextPresent(FilingYear, true): Text '2023' is present on page  using regular expression

2024-11-12 16:11:49 - [MESSAGE][PASSED] - Text '2023' is present on page  using regular expression

2024-11-12 16:11:49 - [TEST_STEP][PASSED] - switch (TaxType): null

2024-11-12 16:11:49 - [TEST_STEP][PASSED] - verifyTextPresent("Payer Information", true): Text 'Payer Information' is present on page  using regular expression

2024-11-12 16:11:49 - [MESSAGE][PASSED] - Text 'Payer Information' is present on page  using regular expression

2024-11-12 16:11:49 - [TEST_STEP][PASSED] - verifyTextPresent("Taxpayer Name:", true): Text 'Taxpayer Name:' is present on page  using regular expression

2024-11-12 16:11:49 - [MESSAGE][PASSED] - Text 'Taxpayer Name:' is present on page  using regular expression

2024-11-12 16:11:49 - [TEST_STEP][PASSED] - verifyTextPresent("My Company", true): Text 'My Company' is present on page  using regular expression

2024-11-12 16:11:50 - [MESSAGE][PASSED] - Text 'My Company' is present on page  using regular expression

2024-11-12 16:11:50 - [TEST_STEP][PASSED] - verifyTextPresent("Business Rep Name:", true): Text 'Business Rep Name:' is present on page  using regular expression

2024-11-12 16:11:50 - [MESSAGE][PASSED] - Text 'Business Rep Name:' is present on page  using regular expression

2024-11-12 16:11:50 - [TEST_STEP][PASSED] - verifyTextPresent("BusRepFname BusRepLname", true): Text 'BusRepFname BusRepLname' is present on page  using regular expression

2024-11-12 16:11:50 - [MESSAGE][PASSED] - Text 'BusRepFname BusRepLname' is present on page  using regular expression

2024-11-12 16:11:50 - [TEST_STEP][PASSED] - verifyTextPresent("Taxpayer Address:", true): Text 'Taxpayer Address:' is present on page  using regular expression

2024-11-12 16:11:51 - [MESSAGE][PASSED] - Text 'Taxpayer Address:' is present on page  using regular expression

2024-11-12 16:11:51 - [TEST_STEP][PASSED] - verifyTextPresent("2508 Mandan Terrace Gambrills Maryland 21054", true): Text '2508 Mandan Terrace Gambrills Maryland 21054' is present on page  using regular expression

2024-11-12 16:11:51 - [MESSAGE][PASSED] - Text '2508 Mandan Terrace Gambrills Maryland 21054' is present on page  using regular expression

2024-11-12 16:11:51 - [TEST_STEP][PASSED] - verifyTextPresent("Email:", true): Text 'Email:' is present on page  using regular expression

2024-11-12 16:11:51 - [MESSAGE][PASSED] - Text 'Email:' is present on page  using regular expression

2024-11-12 16:11:51 - [TEST_STEP][PASSED] - verifyTextPresent("iahmed@govolution.com", true): Text 'iahmed@govolution.com' is present on page  using regular expression

2024-11-12 16:11:52 - [MESSAGE][PASSED] - Text 'iahmed@govolution.com' is present on page  using regular expression

2024-11-12 16:11:52 - [TEST_STEP][PASSED] - verifyTextPresent("Phone:", true): Text 'Phone:' is present on page  using regular expression

2024-11-12 16:11:52 - [MESSAGE][PASSED] - Text 'Phone:' is present on page  using regular expression

2024-11-12 16:11:52 - [TEST_STEP][PASSED] - verifyTextPresent("(703) 894-5000", false): Text '(703) 894-5000' is present on page 

2024-11-12 16:11:52 - [MESSAGE][PASSED] - Text '(703) 894-5000' is present on page 

2024-11-12 16:11:52 - [TEST_STEP][PASSED] - verifyTextPresent("Tax Information", true): Text 'Tax Information' is present on page  using regular expression

2024-11-12 16:11:53 - [MESSAGE][PASSED] - Text 'Tax Information' is present on page  using regular expression

2024-11-12 16:11:53 - [TEST_STEP][PASSED] - if (feinSSN.equalsIgnoreCase("Y")): Text 'XXXXX5293' is present on page  using regular expression

2024-11-12 16:11:53 - [TEST_STEP][PASSED] - verifyTextPresent("FEIN/SSN:", true): Text 'FEIN/SSN:' is present on page  using regular expression

2024-11-12 16:11:53 - [MESSAGE][PASSED] - Text 'FEIN/SSN:' is present on page  using regular expression

2024-11-12 16:11:53 - [TEST_STEP][PASSED] - verifyTextNotPresent("Federal EIN:", true): Text 'Federal EIN:' is not present on page using regular expression

2024-11-12 16:11:53 - [MESSAGE][PASSED] - Text 'Federal EIN:' is not present on page using regular expression

2024-11-12 16:11:53 - [TEST_STEP][PASSED] - verifyTextPresent("XXXXX5293", true): Text 'XXXXX5293' is present on page  using regular expression

2024-11-12 16:11:54 - [MESSAGE][PASSED] - Text 'XXXXX5293' is present on page  using regular expression

2024-11-12 16:11:54 - [TEST_STEP][PASSED] - verifyTextPresent("Payment Amount:", true): Text 'Payment Amount:' is present on page  using regular expression

2024-11-12 16:11:54 - [MESSAGE][PASSED] - Text 'Payment Amount:' is present on page  using regular expression

2024-11-12 16:11:54 - [TEST_STEP][PASSED] - verifyTextPresent("100.00", true): Text '100.00' is present on page  using regular expression

2024-11-12 16:11:54 - [MESSAGE][PASSED] - Text '100.00' is present on page  using regular expression

2024-11-12 16:11:54 - [TEST_STEP][PASSED] - if (verifyElementVisible(findTestObject(orPath_Summary + "/button_Proceed to Payment"))): null

2024-11-12 16:11:55 - [MESSAGE][PASSED] - Object 'Object Repository/RAD_Pages/Summary_Page/button_Proceed to Payment' is visible

2024-11-12 16:11:55 - [TEST_STEP][PASSED] - resText = "Pass": null

2024-11-12 16:11:55 - [TEST_STEP][PASSED] - pages.WriteExcel.demoKey(resText, datText, resColumn, datCloumn, fileLoc, nameSheet, row): pages.WriteExcel.demoKey is PASSED

2024-11-12 16:11:55 - [MESSAGE][PASSED] - pages.WriteExcel.demoKey is PASSED

2024-11-12 16:11:55 - [TEST_STEP][PASSED] - click(findTestObject(orPath_Summary + "/button_Proceed to Payment")): Object: 'Object Repository/RAD_Pages/Summary_Page/button_Proceed to Payment' is clicked on

2024-11-12 16:11:56 - [MESSAGE][PASSED] - Object: 'Object Repository/RAD_Pages/Summary_Page/button_Proceed to Payment' is clicked on

2024-11-12 16:11:56 - [TEST_STEP][PASSED] - verifyElementPresent(findTestObject("Object Repository/RAD_Pages/PaymentEntry_Page/input__billingName"), 30): Object 'Object Repository/RAD_Pages/PaymentEntry_Page/input__billingName' is present

2024-11-12 16:11:58 - [MESSAGE][PASSED] - Object 'Object Repository/RAD_Pages/PaymentEntry_Page/input__billingName' is present

2024-11-12 16:11:58 - [TEST_STEP][PASSED] - ExecuteTC = findTestData(dataFile).getValue("Execute", row): null

2024-11-12 16:11:58 - [TEST_STEP][PASSED] - TaxType = findTestData(dataFile).getValue("TaxType", row): null

2024-11-12 16:11:58 - [TEST_STEP][PASSED] - PaymentType = findTestData(dataFile).getValue("PaymentType", row): null

2024-11-12 16:11:58 - [TEST_STEP][PASSED] - FilingYear = findTestData(dataFile).getValue("Year", row): null

2024-11-12 16:11:58 - [TEST_STEP][PASSED] - PeriodEndingMonth = findTestData(dataFile).getValue("Month", row): null

2024-11-12 16:11:58 - [TEST_STEP][PASSED] - feinSSN = findTestData(dataFile).getValue("FeinSsn", row): null

2024-11-12 16:11:58 - [TEST_STEP][PASSED] - if (ExecuteTC.equalsIgnoreCase("Y")): Object 'Object Repository/RAD_Pages/PaymentEntry_Page/input__billingName' is present

2024-11-12 16:11:58 - [TEST_STEP][PASSED] - out.println("Begin Record Number: " + row): null

2024-11-12 16:11:58 - [TEST_STEP][PASSED] - today = new java.util.Date(): null

2024-11-12 16:11:58 - [TEST_STEP][PASSED] - println(today): null

2024-11-12 16:11:58 - [TEST_STEP][PASSED] - datText = today: null

2024-11-12 16:11:58 - [TEST_STEP][PASSED] - logInfo("Payment Type: Extension Payments"): Payment Type: Extension Payments

2024-11-12 16:11:58 - [MESSAGE][INFO] - Payment Type: Extension Payments

2024-11-12 16:11:58 - [TEST_STEP][PASSED] - logInfo("Tax Type: " + TaxType): Tax Type: PTE Non-Electing S Corp

2024-11-12 16:11:58 - [MESSAGE][INFO] - Tax Type: PTE Non-Electing S Corp

2024-11-12 16:11:58 - [TEST_STEP][PASSED] - openBrowser(""): Browser is opened with url: ''

2024-11-12 16:11:58 - [MESSAGE][WARNING] - A browser is already opened. Closing browser and opening a new one

2024-11-12 16:12:00 - [MESSAGE][INFO] - Starting 'Chrome' driver

2024-11-12 16:12:00 - [MESSAGE][INFO] - User set preference: ['acceptInsecureCerts', 'true']

2024-11-12 16:12:00 - [MESSAGE][INFO] - Action delay is set to 0 milliseconds

2024-11-12 16:12:01 - [MESSAGE][PASSED] - Browser is opened with url: ''

2024-11-12 16:12:01 - [TEST_STEP][PASSED] - maximizeWindow(): Current window maximized

2024-11-12 16:12:01 - [MESSAGE][PASSED] - Current window maximized

2024-11-12 16:12:01 - [TEST_STEP][PASSED] - navigateToUrl(RADurl): Navigate to 'https://www.velocitypayment.com/client/rad/index.html' successfully

2024-11-12 16:12:03 - [MESSAGE][PASSED] - Navigate to 'https://www.velocitypayment.com/client/rad/index.html' successfully

2024-11-12 16:12:03 - [TEST_STEP][PASSED] - selectOptionByLabel(findTestObject(orPath_Landing + "/dd_TaxType"), "Extension Payments", false): All options with label 'Extension Payments' are selected in object 'Object Repository/RAD_Pages/Landing_Page/dd_TaxType' 

2024-11-12 16:12:04 - [MESSAGE][PASSED] - All options with label 'Extension Payments' are selected in object 'Object Repository/RAD_Pages/Landing_Page/dd_TaxType' 

2024-11-12 16:12:04 - [TEST_STEP][PASSED] - selectOptionByLabel(findTestObject(orPath_TaxTypeFilingYear + "/select_PaymentType"), TaxType, false): All options with label 'PTE Non-Electing S Corp' are selected in object 'Object Repository/RAD_Pages/TaxTypeFilingYear_Page/select_PaymentType' 

2024-11-12 16:12:05 - [MESSAGE][PASSED] - All options with label 'PTE Non-Electing S Corp' are selected in object 'Object Repository/RAD_Pages/TaxTypeFilingYear_Page/select_PaymentType' 

2024-11-12 16:12:05 - [TEST_STEP][PASSED] - selectOptionByLabel(findTestObject(orPath_TaxTypeFilingYear + "/select_FilingYear"), FilingYear, false): All options with label '2023' are selected in object 'Object Repository/RAD_Pages/TaxTypeFilingYear_Page/select_FilingYear' 

2024-11-12 16:12:05 - [MESSAGE][PASSED] - All options with label '2023' are selected in object 'Object Repository/RAD_Pages/TaxTypeFilingYear_Page/select_FilingYear' 

2024-11-12 16:12:05 - [TEST_STEP][PASSED] - switch (TaxType): null

2024-11-12 16:12:05 - [TEST_STEP][PASSED] - rad.getSetDataRAD.setDataRADBusinessName(): rad.getSetDataRAD.setDataRADBusinessName is PASSED

2024-11-12 16:12:06 - [MESSAGE][PASSED] - Text 'My Company' is set on object 'Object Repository/RAD_Pages/Taxpayer_Page/input_businessName'

2024-11-12 16:12:06 - [MESSAGE][PASSED] - rad.getSetDataRAD.setDataRADBusinessName is PASSED

2024-11-12 16:12:06 - [TEST_STEP][PASSED] - rad.getSetDataRAD.setDataRADBusinessRep(): rad.getSetDataRAD.setDataRADBusinessRep is PASSED

2024-11-12 16:12:07 - [MESSAGE][PASSED] - Text 'BusRepFname' is set on object 'Object Repository/RAD_Pages/Taxpayer_Page/input_BusinessRepfirstName'

2024-11-12 16:12:08 - [MESSAGE][PASSED] - Text '' is set on object 'Object Repository/RAD_Pages/Taxpayer_Page/input_BusinessRepmiddleName'

2024-11-12 16:12:08 - [MESSAGE][PASSED] - Text 'BusRepLname' is set on object 'Object Repository/RAD_Pages/Taxpayer_Page/input_BusinessReplastName'

2024-11-12 16:12:09 - [MESSAGE][PASSED] - Text '' is set on object 'Object Repository/RAD_Pages/Taxpayer_Page/input_BusinessRepsuffix'

2024-11-12 16:12:09 - [MESSAGE][PASSED] - rad.getSetDataRAD.setDataRADBusinessRep is PASSED

2024-11-12 16:12:09 - [TEST_STEP][PASSED] - rad.getSetDataRAD.setDataRADAddress(): rad.getSetDataRAD.setDataRADAddress is PASSED

2024-11-12 16:12:10 - [MESSAGE][PASSED] - All options with label 'United States' are selected in object 'Object Repository/RAD_Pages/AddressAndContactInfo_Page/select_Country' 

2024-11-12 16:12:11 - [MESSAGE][PASSED] - Text '2508 Mandan Terrace' is set on object 'Object Repository/RAD_Pages/AddressAndContactInfo_Page/input_streetAddress1'

2024-11-12 16:12:11 - [MESSAGE][PASSED] - Text '' is set on object 'Object Repository/RAD_Pages/AddressAndContactInfo_Page/input_streetAddress2'

2024-11-12 16:12:12 - [MESSAGE][PASSED] - Text 'Gambrills' is set on object 'Object Repository/RAD_Pages/AddressAndContactInfo_Page/input_city'

2024-11-12 16:12:13 - [MESSAGE][PASSED] - All options with label 'Maryland' are selected in object 'Object Repository/RAD_Pages/AddressAndContactInfo_Page/select_State' 

2024-11-12 16:12:14 - [MESSAGE][PASSED] - Text '21054' is set on object 'Object Repository/RAD_Pages/AddressAndContactInfo_Page/input_zipCode'

2024-11-12 16:12:14 - [MESSAGE][PASSED] - Text '(703) 894-5000' is set on object 'Object Repository/RAD_Pages/AddressAndContactInfo_Page/input_phoneNumber'

2024-11-12 16:12:15 - [MESSAGE][PASSED] - Text 'iahmed@govolution.com' is set on object 'Object Repository/RAD_Pages/AddressAndContactInfo_Page/input_eMailAddress'

2024-11-12 16:12:16 - [MESSAGE][PASSED] - Text 'iahmed@govolution.com' is set on object 'Object Repository/RAD_Pages/AddressAndContactInfo_Page/input_reEnterEMailAddress'

2024-11-12 16:12:16 - [MESSAGE][PASSED] - rad.getSetDataRAD.setDataRADAddress is PASSED

2024-11-12 16:12:16 - [TEST_STEP][PASSED] - if (feinSSN.equalsIgnoreCase("Y")): Text ****** has been set on object 'Object Repository/RAD_Pages/TaxInfo_Page/input_TaxInfo_RetypeFeinSsn_New_2'

2024-11-12 16:12:16 - [TEST_STEP][PASSED] - setEncryptedText(findTestObject(orPath_TaxInfo + "/input_TaxInfo_FeinSsn_New_2"), "1UdOed23yJD0bM3UEjTHrQ=="): Text ****** has been set on object 'Object Repository/RAD_Pages/TaxInfo_Page/input_TaxInfo_FeinSsn_New_2'

2024-11-12 16:12:17 - [MESSAGE][PASSED] - Text ****** has been set on object 'Object Repository/RAD_Pages/TaxInfo_Page/input_TaxInfo_FeinSsn_New_2'

2024-11-12 16:12:17 - [TEST_STEP][PASSED] - setEncryptedText(findTestObject(orPath_TaxInfo + "/input_TaxInfo_RetypeFeinSsn_New_2"), "1UdOed23yJD0bM3UEjTHrQ=="): Text ****** has been set on object 'Object Repository/RAD_Pages/TaxInfo_Page/input_TaxInfo_RetypeFeinSsn_New_2'

2024-11-12 16:12:17 - [MESSAGE][PASSED] - Text ****** has been set on object 'Object Repository/RAD_Pages/TaxInfo_Page/input_TaxInfo_RetypeFeinSsn_New_2'

2024-11-12 16:12:17 - [TEST_STEP][PASSED] - setText(findTestObject(orPath_Amount + "/input__paymentAmount"), "100.00"): Text '100.00' is set on object 'Object Repository/RAD_Pages/PaymentAmount_Page/input__paymentAmount'

2024-11-12 16:12:18 - [MESSAGE][PASSED] - Text '100.00' is set on object 'Object Repository/RAD_Pages/PaymentAmount_Page/input__paymentAmount'

2024-11-12 16:12:18 - [TEST_STEP][PASSED] - setText(findTestObject(orPath_AddressContact + "/input_streetAddress2"), ""): Text '' is set on object 'Object Repository/RAD_Pages/AddressAndContactInfo_Page/input_streetAddress2'

2024-11-12 16:12:19 - [MESSAGE][PASSED] - Text '' is set on object 'Object Repository/RAD_Pages/AddressAndContactInfo_Page/input_streetAddress2'

2024-11-12 16:12:19 - [TEST_STEP][PASSED] - scrollToElement(findTestObject(orPath_Landing + "/button_Continue"), 3): Scroll to object 'Object Repository/RAD_Pages/Landing_Page/button_Continue' successfully

2024-11-12 16:12:19 - [MESSAGE][PASSED] - Scroll to object 'Object Repository/RAD_Pages/Landing_Page/button_Continue' successfully

2024-11-12 16:12:19 - [TEST_STEP][PASSED] - waitForElementClickable(findTestObject(orPath_Landing + "/button_Continue"), 5): Object 'Object Repository/RAD_Pages/Landing_Page/button_Continue' is clickable

2024-11-12 16:12:19 - [MESSAGE][PASSED] - Object 'Object Repository/RAD_Pages/Landing_Page/button_Continue' is clickable

2024-11-12 16:12:19 - [TEST_STEP][PASSED] - click(findTestObject(orPath_Landing + "/button_Continue")): Object: 'Object Repository/RAD_Pages/Landing_Page/button_Continue' is clicked on

2024-11-12 16:12:20 - [MESSAGE][PASSED] - Object: 'Object Repository/RAD_Pages/Landing_Page/button_Continue' is clicked on

2024-11-12 16:12:20 - [TEST_STEP][PASSED] - delay(2): Delayed 2 second(s)

2024-11-12 16:12:22 - [MESSAGE][PASSED] - Delayed 2 second(s)

2024-11-12 16:12:22 - [TEST_STEP][PASSED] - verifyTextPresent("Summary", true): Text 'Summary' is present on page  using regular expression

2024-11-12 16:12:22 - [MESSAGE][PASSED] - Text 'Summary' is present on page  using regular expression

2024-11-12 16:12:22 - [TEST_STEP][PASSED] - verifyTextPresent("Review the information below and make any necessary corrections by clicking the", true): Text 'Review the information below and make any necessary corrections by clicking the' is present on page  using regular expression

2024-11-12 16:12:23 - [MESSAGE][PASSED] - Text 'Review the information below and make any necessary corrections by clicking the' is present on page  using regular expression

2024-11-12 16:12:23 - [TEST_STEP][PASSED] - verifyTextPresent("When you are confident that all the information is correct, click the", true): Text 'When you are confident that all the information is correct, click the' is present on page  using regular expression

2024-11-12 16:12:23 - [MESSAGE][PASSED] - Text 'When you are confident that all the information is correct, click the' is present on page  using regular expression

2024-11-12 16:12:23 - [TEST_STEP][PASSED] - verifyTextPresent("Payment Type/Filing Year", true): Text 'Payment Type/Filing Year' is present on page  using regular expression

2024-11-12 16:12:23 - [MESSAGE][PASSED] - Text 'Payment Type/Filing Year' is present on page  using regular expression

2024-11-12 16:12:23 - [TEST_STEP][PASSED] - verifyTextPresent("Payment Type:", true): Text 'Payment Type:' is present on page  using regular expression

2024-11-12 16:12:24 - [MESSAGE][PASSED] - Text 'Payment Type:' is present on page  using regular expression

2024-11-12 16:12:24 - [TEST_STEP][PASSED] - verifyTextPresent("Extension Payments", true): Text 'Extension Payments' is present on page  using regular expression

2024-11-12 16:12:24 - [MESSAGE][PASSED] - Text 'Extension Payments' is present on page  using regular expression

2024-11-12 16:12:24 - [TEST_STEP][PASSED] - verifyTextPresent("Filing Year:", true): Text 'Filing Year:' is present on page  using regular expression

2024-11-12 16:12:24 - [MESSAGE][PASSED] - Text 'Filing Year:' is present on page  using regular expression

2024-11-12 16:12:24 - [TEST_STEP][PASSED] - verifyTextPresent(FilingYear, true): Text '2023' is present on page  using regular expression

2024-11-12 16:12:25 - [MESSAGE][PASSED] - Text '2023' is present on page  using regular expression

2024-11-12 16:12:25 - [TEST_STEP][PASSED] - switch (TaxType): null

2024-11-12 16:12:25 - [TEST_STEP][PASSED] - verifyTextPresent("Payer Information", true): Text 'Payer Information' is present on page  using regular expression

2024-11-12 16:12:25 - [MESSAGE][PASSED] - Text 'Payer Information' is present on page  using regular expression

2024-11-12 16:12:25 - [TEST_STEP][PASSED] - verifyTextPresent("Taxpayer Name:", true): Text 'Taxpayer Name:' is present on page  using regular expression

2024-11-12 16:12:25 - [MESSAGE][PASSED] - Text 'Taxpayer Name:' is present on page  using regular expression

2024-11-12 16:12:25 - [TEST_STEP][PASSED] - verifyTextPresent("My Company", true): Text 'My Company' is present on page  using regular expression

2024-11-12 16:12:26 - [MESSAGE][PASSED] - Text 'My Company' is present on page  using regular expression

2024-11-12 16:12:26 - [TEST_STEP][PASSED] - verifyTextPresent("Business Rep Name:", true): Text 'Business Rep Name:' is present on page  using regular expression

2024-11-12 16:12:26 - [MESSAGE][PASSED] - Text 'Business Rep Name:' is present on page  using regular expression

2024-11-12 16:12:26 - [TEST_STEP][PASSED] - verifyTextPresent("BusRepFname BusRepLname", true): Text 'BusRepFname BusRepLname' is present on page  using regular expression

2024-11-12 16:12:26 - [MESSAGE][PASSED] - Text 'BusRepFname BusRepLname' is present on page  using regular expression

2024-11-12 16:12:26 - [TEST_STEP][PASSED] - verifyTextPresent("Taxpayer Address:", true): Text 'Taxpayer Address:' is present on page  using regular expression

2024-11-12 16:12:27 - [MESSAGE][PASSED] - Text 'Taxpayer Address:' is present on page  using regular expression

2024-11-12 16:12:27 - [TEST_STEP][PASSED] - verifyTextPresent("2508 Mandan Terrace Gambrills Maryland 21054", true): Text '2508 Mandan Terrace Gambrills Maryland 21054' is present on page  using regular expression

2024-11-12 16:12:27 - [MESSAGE][PASSED] - Text '2508 Mandan Terrace Gambrills Maryland 21054' is present on page  using regular expression

2024-11-12 16:12:27 - [TEST_STEP][PASSED] - verifyTextPresent("Email:", true): Text 'Email:' is present on page  using regular expression

2024-11-12 16:12:27 - [MESSAGE][PASSED] - Text 'Email:' is present on page  using regular expression

2024-11-12 16:12:27 - [TEST_STEP][PASSED] - verifyTextPresent("iahmed@govolution.com", true): Text 'iahmed@govolution.com' is present on page  using regular expression

2024-11-12 16:12:28 - [MESSAGE][PASSED] - Text 'iahmed@govolution.com' is present on page  using regular expression

2024-11-12 16:12:28 - [TEST_STEP][PASSED] - verifyTextPresent("Phone:", true): Text 'Phone:' is present on page  using regular expression

2024-11-12 16:12:28 - [MESSAGE][PASSED] - Text 'Phone:' is present on page  using regular expression

2024-11-12 16:12:28 - [TEST_STEP][PASSED] - verifyTextPresent("(703) 894-5000", false): Text '(703) 894-5000' is present on page 

2024-11-12 16:12:28 - [MESSAGE][PASSED] - Text '(703) 894-5000' is present on page 

2024-11-12 16:12:28 - [TEST_STEP][PASSED] - verifyTextPresent("Tax Information", true): Text 'Tax Information' is present on page  using regular expression

2024-11-12 16:12:29 - [MESSAGE][PASSED] - Text 'Tax Information' is present on page  using regular expression

2024-11-12 16:12:29 - [TEST_STEP][PASSED] - if (feinSSN.equalsIgnoreCase("Y")): Text 'XXXXX5293' is present on page  using regular expression

2024-11-12 16:12:29 - [TEST_STEP][PASSED] - verifyTextPresent("FEIN/SSN:", true): Text 'FEIN/SSN:' is present on page  using regular expression

2024-11-12 16:12:29 - [MESSAGE][PASSED] - Text 'FEIN/SSN:' is present on page  using regular expression

2024-11-12 16:12:29 - [TEST_STEP][PASSED] - verifyTextNotPresent("Federal EIN:", true): Text 'Federal EIN:' is not present on page using regular expression

2024-11-12 16:12:29 - [MESSAGE][PASSED] - Text 'Federal EIN:' is not present on page using regular expression

2024-11-12 16:12:29 - [TEST_STEP][PASSED] - verifyTextPresent("XXXXX5293", true): Text 'XXXXX5293' is present on page  using regular expression

2024-11-12 16:12:30 - [MESSAGE][PASSED] - Text 'XXXXX5293' is present on page  using regular expression

2024-11-12 16:12:30 - [TEST_STEP][PASSED] - verifyTextPresent("Payment Amount:", true): Text 'Payment Amount:' is present on page  using regular expression

2024-11-12 16:12:30 - [MESSAGE][PASSED] - Text 'Payment Amount:' is present on page  using regular expression

2024-11-12 16:12:30 - [TEST_STEP][PASSED] - verifyTextPresent("100.00", true): Text '100.00' is present on page  using regular expression

2024-11-12 16:12:30 - [MESSAGE][PASSED] - Text '100.00' is present on page  using regular expression

2024-11-12 16:12:30 - [TEST_STEP][PASSED] - if (verifyElementVisible(findTestObject(orPath_Summary + "/button_Proceed to Payment"))): null

2024-11-12 16:12:31 - [MESSAGE][PASSED] - Object 'Object Repository/RAD_Pages/Summary_Page/button_Proceed to Payment' is visible

2024-11-12 16:12:31 - [TEST_STEP][PASSED] - resText = "Pass": null

2024-11-12 16:12:31 - [TEST_STEP][PASSED] - pages.WriteExcel.demoKey(resText, datText, resColumn, datCloumn, fileLoc, nameSheet, row): pages.WriteExcel.demoKey is PASSED

2024-11-12 16:12:31 - [MESSAGE][PASSED] - pages.WriteExcel.demoKey is PASSED

2024-11-12 16:12:31 - [TEST_STEP][PASSED] - click(findTestObject(orPath_Summary + "/button_Proceed to Payment")): Object: 'Object Repository/RAD_Pages/Summary_Page/button_Proceed to Payment' is clicked on

2024-11-12 16:12:34 - [MESSAGE][PASSED] - Object: 'Object Repository/RAD_Pages/Summary_Page/button_Proceed to Payment' is clicked on

2024-11-12 16:12:34 - [TEST_STEP][PASSED] - verifyElementPresent(findTestObject("Object Repository/RAD_Pages/PaymentEntry_Page/input__billingName"), 30): Object 'Object Repository/RAD_Pages/PaymentEntry_Page/input__billingName' is present

2024-11-12 16:12:34 - [MESSAGE][PASSED] - Object 'Object Repository/RAD_Pages/PaymentEntry_Page/input__billingName' is present

2024-11-12 16:12:34 - [TEST_STEP][PASSED] - ExecuteTC = findTestData(dataFile).getValue("Execute", row): null

2024-11-12 16:12:34 - [TEST_STEP][PASSED] - TaxType = findTestData(dataFile).getValue("TaxType", row): null

2024-11-12 16:12:34 - [TEST_STEP][PASSED] - PaymentType = findTestData(dataFile).getValue("PaymentType", row): null

2024-11-12 16:12:34 - [TEST_STEP][PASSED] - FilingYear = findTestData(dataFile).getValue("Year", row): null

2024-11-12 16:12:34 - [TEST_STEP][PASSED] - PeriodEndingMonth = findTestData(dataFile).getValue("Month", row): null

2024-11-12 16:12:34 - [TEST_STEP][PASSED] - feinSSN = findTestData(dataFile).getValue("FeinSsn", row): null

2024-11-12 16:12:34 - [TEST_STEP][PASSED] - if (ExecuteTC.equalsIgnoreCase("Y")): Object 'Object Repository/RAD_Pages/PaymentEntry_Page/input__billingName' is present

2024-11-12 16:12:34 - [TEST_STEP][PASSED] - out.println("Begin Record Number: " + row): null

2024-11-12 16:12:34 - [TEST_STEP][PASSED] - today = new java.util.Date(): null

2024-11-12 16:12:34 - [TEST_STEP][PASSED] - println(today): null

2024-11-12 16:12:34 - [TEST_STEP][PASSED] - datText = today: null

2024-11-12 16:12:34 - [TEST_STEP][PASSED] - logInfo("Payment Type: Extension Payments"): Payment Type: Extension Payments

2024-11-12 16:12:34 - [MESSAGE][INFO] - Payment Type: Extension Payments

2024-11-12 16:12:34 - [TEST_STEP][PASSED] - logInfo("Tax Type: " + TaxType): Tax Type: PTE Tax Electing Non-S Corp

2024-11-12 16:12:34 - [MESSAGE][INFO] - Tax Type: PTE Tax Electing Non-S Corp

2024-11-12 16:12:34 - [TEST_STEP][PASSED] - openBrowser(""): Browser is opened with url: ''

2024-11-12 16:12:34 - [MESSAGE][WARNING] - A browser is already opened. Closing browser and opening a new one

2024-11-12 16:12:36 - [MESSAGE][INFO] - Starting 'Chrome' driver

2024-11-12 16:12:36 - [MESSAGE][INFO] - User set preference: ['acceptInsecureCerts', 'true']

2024-11-12 16:12:36 - [MESSAGE][INFO] - Action delay is set to 0 milliseconds

2024-11-12 16:12:37 - [MESSAGE][PASSED] - Browser is opened with url: ''

2024-11-12 16:12:37 - [TEST_STEP][PASSED] - maximizeWindow(): Current window maximized

2024-11-12 16:12:37 - [MESSAGE][PASSED] - Current window maximized

2024-11-12 16:12:37 - [TEST_STEP][PASSED] - navigateToUrl(RADurl): Navigate to 'https://www.velocitypayment.com/client/rad/index.html' successfully

2024-11-12 16:12:39 - [MESSAGE][PASSED] - Navigate to 'https://www.velocitypayment.com/client/rad/index.html' successfully

2024-11-12 16:12:39 - [TEST_STEP][PASSED] - selectOptionByLabel(findTestObject(orPath_Landing + "/dd_TaxType"), "Extension Payments", false): All options with label 'Extension Payments' are selected in object 'Object Repository/RAD_Pages/Landing_Page/dd_TaxType' 

2024-11-12 16:12:40 - [MESSAGE][PASSED] - All options with label 'Extension Payments' are selected in object 'Object Repository/RAD_Pages/Landing_Page/dd_TaxType' 

2024-11-12 16:12:40 - [TEST_STEP][PASSED] - selectOptionByLabel(findTestObject(orPath_TaxTypeFilingYear + "/select_PaymentType"), TaxType, false): All options with label 'PTE Tax Electing Non-S Corp' are selected in object 'Object Repository/RAD_Pages/TaxTypeFilingYear_Page/select_PaymentType' 

2024-11-12 16:12:40 - [MESSAGE][PASSED] - All options with label 'PTE Tax Electing Non-S Corp' are selected in object 'Object Repository/RAD_Pages/TaxTypeFilingYear_Page/select_PaymentType' 

2024-11-12 16:12:40 - [TEST_STEP][PASSED] - selectOptionByLabel(findTestObject(orPath_TaxTypeFilingYear + "/select_FilingYear"), FilingYear, false): All options with label '2023' are selected in object 'Object Repository/RAD_Pages/TaxTypeFilingYear_Page/select_FilingYear' 

2024-11-12 16:12:41 - [MESSAGE][PASSED] - All options with label '2023' are selected in object 'Object Repository/RAD_Pages/TaxTypeFilingYear_Page/select_FilingYear' 

2024-11-12 16:12:41 - [TEST_STEP][PASSED] - switch (TaxType): null

2024-11-12 16:12:41 - [TEST_STEP][PASSED] - rad.getSetDataRAD.setDataRADBusinessName(): rad.getSetDataRAD.setDataRADBusinessName is PASSED

2024-11-12 16:12:42 - [MESSAGE][PASSED] - Text 'My Company' is set on object 'Object Repository/RAD_Pages/Taxpayer_Page/input_businessName'

2024-11-12 16:12:42 - [MESSAGE][PASSED] - rad.getSetDataRAD.setDataRADBusinessName is PASSED

2024-11-12 16:12:42 - [TEST_STEP][PASSED] - rad.getSetDataRAD.setDataRADBusinessRep(): rad.getSetDataRAD.setDataRADBusinessRep is PASSED

2024-11-12 16:12:43 - [MESSAGE][PASSED] - Text 'BusRepFname' is set on object 'Object Repository/RAD_Pages/Taxpayer_Page/input_BusinessRepfirstName'

2024-11-12 16:12:43 - [MESSAGE][PASSED] - Text '' is set on object 'Object Repository/RAD_Pages/Taxpayer_Page/input_BusinessRepmiddleName'

2024-11-12 16:12:44 - [MESSAGE][PASSED] - Text 'BusRepLname' is set on object 'Object Repository/RAD_Pages/Taxpayer_Page/input_BusinessReplastName'

2024-11-12 16:12:45 - [MESSAGE][PASSED] - Text '' is set on object 'Object Repository/RAD_Pages/Taxpayer_Page/input_BusinessRepsuffix'

2024-11-12 16:12:45 - [MESSAGE][PASSED] - rad.getSetDataRAD.setDataRADBusinessRep is PASSED

2024-11-12 16:12:45 - [TEST_STEP][PASSED] - rad.getSetDataRAD.setDataRADAddress(): rad.getSetDataRAD.setDataRADAddress is PASSED

2024-11-12 16:12:45 - [MESSAGE][PASSED] - All options with label 'United States' are selected in object 'Object Repository/RAD_Pages/AddressAndContactInfo_Page/select_Country' 

2024-11-12 16:12:46 - [MESSAGE][PASSED] - Text '2508 Mandan Terrace' is set on object 'Object Repository/RAD_Pages/AddressAndContactInfo_Page/input_streetAddress1'

2024-11-12 16:12:47 - [MESSAGE][PASSED] - Text '' is set on object 'Object Repository/RAD_Pages/AddressAndContactInfo_Page/input_streetAddress2'

2024-11-12 16:12:48 - [MESSAGE][PASSED] - Text 'Gambrills' is set on object 'Object Repository/RAD_Pages/AddressAndContactInfo_Page/input_city'

2024-11-12 16:12:48 - [MESSAGE][PASSED] - All options with label 'Maryland' are selected in object 'Object Repository/RAD_Pages/AddressAndContactInfo_Page/select_State' 

2024-11-12 16:12:49 - [MESSAGE][PASSED] - Text '21054' is set on object 'Object Repository/RAD_Pages/AddressAndContactInfo_Page/input_zipCode'

2024-11-12 16:12:50 - [MESSAGE][PASSED] - Text '(703) 894-5000' is set on object 'Object Repository/RAD_Pages/AddressAndContactInfo_Page/input_phoneNumber'

2024-11-12 16:12:51 - [MESSAGE][PASSED] - Text 'iahmed@govolution.com' is set on object 'Object Repository/RAD_Pages/AddressAndContactInfo_Page/input_eMailAddress'

2024-11-12 16:12:51 - [MESSAGE][PASSED] - Text 'iahmed@govolution.com' is set on object 'Object Repository/RAD_Pages/AddressAndContactInfo_Page/input_reEnterEMailAddress'

2024-11-12 16:12:51 - [MESSAGE][PASSED] - rad.getSetDataRAD.setDataRADAddress is PASSED

2024-11-12 16:12:51 - [TEST_STEP][PASSED] - if (feinSSN.equalsIgnoreCase("Y")): Text ****** has been set on object 'Object Repository/RAD_Pages/TaxInfo_Page/input_TaxInfo_RetypeFeinSsn_New_2'

2024-11-12 16:12:51 - [TEST_STEP][PASSED] - setEncryptedText(findTestObject(orPath_TaxInfo + "/input_TaxInfo_FeinSsn_New_2"), "1UdOed23yJD0bM3UEjTHrQ=="): Text ****** has been set on object 'Object Repository/RAD_Pages/TaxInfo_Page/input_TaxInfo_FeinSsn_New_2'

2024-11-12 16:12:52 - [MESSAGE][PASSED] - Text ****** has been set on object 'Object Repository/RAD_Pages/TaxInfo_Page/input_TaxInfo_FeinSsn_New_2'

2024-11-12 16:12:52 - [TEST_STEP][PASSED] - setEncryptedText(findTestObject(orPath_TaxInfo + "/input_TaxInfo_RetypeFeinSsn_New_2"), "1UdOed23yJD0bM3UEjTHrQ=="): Text ****** has been set on object 'Object Repository/RAD_Pages/TaxInfo_Page/input_TaxInfo_RetypeFeinSsn_New_2'

2024-11-12 16:12:53 - [MESSAGE][PASSED] - Text ****** has been set on object 'Object Repository/RAD_Pages/TaxInfo_Page/input_TaxInfo_RetypeFeinSsn_New_2'

2024-11-12 16:12:53 - [TEST_STEP][PASSED] - setText(findTestObject(orPath_Amount + "/input__paymentAmount"), "100.00"): Text '100.00' is set on object 'Object Repository/RAD_Pages/PaymentAmount_Page/input__paymentAmount'

2024-11-12 16:12:53 - [MESSAGE][PASSED] - Text '100.00' is set on object 'Object Repository/RAD_Pages/PaymentAmount_Page/input__paymentAmount'

2024-11-12 16:12:53 - [TEST_STEP][PASSED] - setText(findTestObject(orPath_AddressContact + "/input_streetAddress2"), ""): Text '' is set on object 'Object Repository/RAD_Pages/AddressAndContactInfo_Page/input_streetAddress2'

2024-11-12 16:12:54 - [MESSAGE][PASSED] - Text '' is set on object 'Object Repository/RAD_Pages/AddressAndContactInfo_Page/input_streetAddress2'

2024-11-12 16:12:54 - [TEST_STEP][PASSED] - scrollToElement(findTestObject(orPath_Landing + "/button_Continue"), 3): Scroll to object 'Object Repository/RAD_Pages/Landing_Page/button_Continue' successfully

2024-11-12 16:12:54 - [MESSAGE][PASSED] - Scroll to object 'Object Repository/RAD_Pages/Landing_Page/button_Continue' successfully

2024-11-12 16:12:54 - [TEST_STEP][PASSED] - waitForElementClickable(findTestObject(orPath_Landing + "/button_Continue"), 5): Object 'Object Repository/RAD_Pages/Landing_Page/button_Continue' is clickable

2024-11-12 16:12:55 - [MESSAGE][PASSED] - Object 'Object Repository/RAD_Pages/Landing_Page/button_Continue' is clickable

2024-11-12 16:12:55 - [TEST_STEP][PASSED] - click(findTestObject(orPath_Landing + "/button_Continue")): Object: 'Object Repository/RAD_Pages/Landing_Page/button_Continue' is clicked on

2024-11-12 16:12:55 - [MESSAGE][PASSED] - Object: 'Object Repository/RAD_Pages/Landing_Page/button_Continue' is clicked on

2024-11-12 16:12:55 - [TEST_STEP][PASSED] - delay(2): Delayed 2 second(s)

2024-11-12 16:12:57 - [MESSAGE][PASSED] - Delayed 2 second(s)

2024-11-12 16:12:57 - [TEST_STEP][PASSED] - verifyTextPresent("Summary", true): Text 'Summary' is present on page  using regular expression

2024-11-12 16:12:58 - [MESSAGE][PASSED] - Text 'Summary' is present on page  using regular expression

2024-11-12 16:12:58 - [TEST_STEP][PASSED] - verifyTextPresent("Review the information below and make any necessary corrections by clicking the", true): Text 'Review the information below and make any necessary corrections by clicking the' is present on page  using regular expression

2024-11-12 16:12:58 - [MESSAGE][PASSED] - Text 'Review the information below and make any necessary corrections by clicking the' is present on page  using regular expression

2024-11-12 16:12:58 - [TEST_STEP][PASSED] - verifyTextPresent("When you are confident that all the information is correct, click the", true): Text 'When you are confident that all the information is correct, click the' is present on page  using regular expression

2024-11-12 16:12:58 - [MESSAGE][PASSED] - Text 'When you are confident that all the information is correct, click the' is present on page  using regular expression

2024-11-12 16:12:58 - [TEST_STEP][PASSED] - verifyTextPresent("Payment Type/Filing Year", true): Text 'Payment Type/Filing Year' is present on page  using regular expression

2024-11-12 16:12:59 - [MESSAGE][PASSED] - Text 'Payment Type/Filing Year' is present on page  using regular expression

2024-11-12 16:12:59 - [TEST_STEP][PASSED] - verifyTextPresent("Payment Type:", true): Text 'Payment Type:' is present on page  using regular expression

2024-11-12 16:12:59 - [MESSAGE][PASSED] - Text 'Payment Type:' is present on page  using regular expression

2024-11-12 16:12:59 - [TEST_STEP][PASSED] - verifyTextPresent("Extension Payments", true): Text 'Extension Payments' is present on page  using regular expression

2024-11-12 16:12:59 - [MESSAGE][PASSED] - Text 'Extension Payments' is present on page  using regular expression

2024-11-12 16:12:59 - [TEST_STEP][PASSED] - verifyTextPresent("Filing Year:", true): Text 'Filing Year:' is present on page  using regular expression

2024-11-12 16:13:00 - [MESSAGE][PASSED] - Text 'Filing Year:' is present on page  using regular expression

2024-11-12 16:13:00 - [TEST_STEP][PASSED] - verifyTextPresent(FilingYear, true): Text '2023' is present on page  using regular expression

2024-11-12 16:13:00 - [MESSAGE][PASSED] - Text '2023' is present on page  using regular expression

2024-11-12 16:13:00 - [TEST_STEP][PASSED] - switch (TaxType): null

2024-11-12 16:13:00 - [TEST_STEP][PASSED] - verifyTextPresent("Payer Information", true): Text 'Payer Information' is present on page  using regular expression

2024-11-12 16:13:00 - [MESSAGE][PASSED] - Text 'Payer Information' is present on page  using regular expression

2024-11-12 16:13:00 - [TEST_STEP][PASSED] - verifyTextPresent("Taxpayer Name:", true): Text 'Taxpayer Name:' is present on page  using regular expression

2024-11-12 16:13:01 - [MESSAGE][PASSED] - Text 'Taxpayer Name:' is present on page  using regular expression

2024-11-12 16:13:01 - [TEST_STEP][PASSED] - verifyTextPresent("My Company", true): Text 'My Company' is present on page  using regular expression

2024-11-12 16:13:01 - [MESSAGE][PASSED] - Text 'My Company' is present on page  using regular expression

2024-11-12 16:13:01 - [TEST_STEP][PASSED] - verifyTextPresent("Business Rep Name:", true): Text 'Business Rep Name:' is present on page  using regular expression

2024-11-12 16:13:01 - [MESSAGE][PASSED] - Text 'Business Rep Name:' is present on page  using regular expression

2024-11-12 16:13:01 - [TEST_STEP][PASSED] - verifyTextPresent("BusRepFname BusRepLname", true): Text 'BusRepFname BusRepLname' is present on page  using regular expression

2024-11-12 16:13:02 - [MESSAGE][PASSED] - Text 'BusRepFname BusRepLname' is present on page  using regular expression

2024-11-12 16:13:02 - [TEST_STEP][PASSED] - verifyTextPresent("Taxpayer Address:", true): Text 'Taxpayer Address:' is present on page  using regular expression

2024-11-12 16:13:02 - [MESSAGE][PASSED] - Text 'Taxpayer Address:' is present on page  using regular expression

2024-11-12 16:13:02 - [TEST_STEP][PASSED] - verifyTextPresent("2508 Mandan Terrace Gambrills Maryland 21054", true): Text '2508 Mandan Terrace Gambrills Maryland 21054' is present on page  using regular expression

2024-11-12 16:13:02 - [MESSAGE][PASSED] - Text '2508 Mandan Terrace Gambrills Maryland 21054' is present on page  using regular expression

2024-11-12 16:13:02 - [TEST_STEP][PASSED] - verifyTextPresent("Email:", true): Text 'Email:' is present on page  using regular expression

2024-11-12 16:13:03 - [MESSAGE][PASSED] - Text 'Email:' is present on page  using regular expression

2024-11-12 16:13:03 - [TEST_STEP][PASSED] - verifyTextPresent("iahmed@govolution.com", true): Text 'iahmed@govolution.com' is present on page  using regular expression

2024-11-12 16:13:03 - [MESSAGE][PASSED] - Text 'iahmed@govolution.com' is present on page  using regular expression

2024-11-12 16:13:03 - [TEST_STEP][PASSED] - verifyTextPresent("Phone:", true): Text 'Phone:' is present on page  using regular expression

2024-11-12 16:13:03 - [MESSAGE][PASSED] - Text 'Phone:' is present on page  using regular expression

2024-11-12 16:13:03 - [TEST_STEP][PASSED] - verifyTextPresent("(703) 894-5000", false): Text '(703) 894-5000' is present on page 

2024-11-12 16:13:03 - [MESSAGE][PASSED] - Text '(703) 894-5000' is present on page 

2024-11-12 16:13:03 - [TEST_STEP][PASSED] - verifyTextPresent("Tax Information", true): Text 'Tax Information' is present on page  using regular expression

2024-11-12 16:13:04 - [MESSAGE][PASSED] - Text 'Tax Information' is present on page  using regular expression

2024-11-12 16:13:04 - [TEST_STEP][PASSED] - if (feinSSN.equalsIgnoreCase("Y")): Text 'XXXXX5293' is present on page  using regular expression

2024-11-12 16:13:04 - [TEST_STEP][PASSED] - verifyTextPresent("FEIN/SSN:", true): Text 'FEIN/SSN:' is present on page  using regular expression

2024-11-12 16:13:04 - [MESSAGE][PASSED] - Text 'FEIN/SSN:' is present on page  using regular expression

2024-11-12 16:13:04 - [TEST_STEP][PASSED] - verifyTextNotPresent("Federal EIN:", true): Text 'Federal EIN:' is not present on page using regular expression

2024-11-12 16:13:05 - [MESSAGE][PASSED] - Text 'Federal EIN:' is not present on page using regular expression

2024-11-12 16:13:05 - [TEST_STEP][PASSED] - verifyTextPresent("XXXXX5293", true): Text 'XXXXX5293' is present on page  using regular expression

2024-11-12 16:13:05 - [MESSAGE][PASSED] - Text 'XXXXX5293' is present on page  using regular expression

2024-11-12 16:13:05 - [TEST_STEP][PASSED] - verifyTextPresent("Payment Amount:", true): Text 'Payment Amount:' is present on page  using regular expression

2024-11-12 16:13:05 - [MESSAGE][PASSED] - Text 'Payment Amount:' is present on page  using regular expression

2024-11-12 16:13:05 - [TEST_STEP][PASSED] - verifyTextPresent("100.00", true): Text '100.00' is present on page  using regular expression

2024-11-12 16:13:06 - [MESSAGE][PASSED] - Text '100.00' is present on page  using regular expression

2024-11-12 16:13:06 - [TEST_STEP][PASSED] - if (verifyElementVisible(findTestObject(orPath_Summary + "/button_Proceed to Payment"))): null

2024-11-12 16:13:06 - [MESSAGE][PASSED] - Object 'Object Repository/RAD_Pages/Summary_Page/button_Proceed to Payment' is visible

2024-11-12 16:13:06 - [TEST_STEP][PASSED] - resText = "Pass": null

2024-11-12 16:13:06 - [TEST_STEP][PASSED] - pages.WriteExcel.demoKey(resText, datText, resColumn, datCloumn, fileLoc, nameSheet, row): pages.WriteExcel.demoKey is PASSED

2024-11-12 16:13:06 - [MESSAGE][PASSED] - pages.WriteExcel.demoKey is PASSED

2024-11-12 16:13:06 - [TEST_STEP][PASSED] - click(findTestObject(orPath_Summary + "/button_Proceed to Payment")): Object: 'Object Repository/RAD_Pages/Summary_Page/button_Proceed to Payment' is clicked on

2024-11-12 16:13:09 - [MESSAGE][PASSED] - Object: 'Object Repository/RAD_Pages/Summary_Page/button_Proceed to Payment' is clicked on

2024-11-12 16:13:09 - [TEST_STEP][PASSED] - verifyElementPresent(findTestObject("Object Repository/RAD_Pages/PaymentEntry_Page/input__billingName"), 30): Object 'Object Repository/RAD_Pages/PaymentEntry_Page/input__billingName' is present

2024-11-12 16:13:09 - [MESSAGE][PASSED] - Object 'Object Repository/RAD_Pages/PaymentEntry_Page/input__billingName' is present

2024-11-12 16:13:09 - [TEST_STEP][PASSED] - ExecuteTC = findTestData(dataFile).getValue("Execute", row): null

2024-11-12 16:13:09 - [TEST_STEP][PASSED] - TaxType = findTestData(dataFile).getValue("TaxType", row): null

2024-11-12 16:13:09 - [TEST_STEP][PASSED] - PaymentType = findTestData(dataFile).getValue("PaymentType", row): null

2024-11-12 16:13:09 - [TEST_STEP][PASSED] - FilingYear = findTestData(dataFile).getValue("Year", row): null

2024-11-12 16:13:09 - [TEST_STEP][PASSED] - PeriodEndingMonth = findTestData(dataFile).getValue("Month", row): null

2024-11-12 16:13:09 - [TEST_STEP][PASSED] - feinSSN = findTestData(dataFile).getValue("FeinSsn", row): null

2024-11-12 16:13:09 - [TEST_STEP][PASSED] - if (ExecuteTC.equalsIgnoreCase("Y")): Object 'Object Repository/RAD_Pages/PaymentEntry_Page/input__billingName' is present

2024-11-12 16:13:09 - [TEST_STEP][PASSED] - out.println("Begin Record Number: " + row): null

2024-11-12 16:13:09 - [TEST_STEP][PASSED] - today = new java.util.Date(): null

2024-11-12 16:13:09 - [TEST_STEP][PASSED] - println(today): null

2024-11-12 16:13:09 - [TEST_STEP][PASSED] - datText = today: null

2024-11-12 16:13:09 - [TEST_STEP][PASSED] - logInfo("Payment Type: Extension Payments"): Payment Type: Extension Payments

2024-11-12 16:13:09 - [MESSAGE][INFO] - Payment Type: Extension Payments

2024-11-12 16:13:09 - [TEST_STEP][PASSED] - logInfo("Tax Type: " + TaxType): Tax Type: PTE Tax Electing S Corp

2024-11-12 16:13:09 - [MESSAGE][INFO] - Tax Type: PTE Tax Electing S Corp

2024-11-12 16:13:09 - [TEST_STEP][PASSED] - openBrowser(""): Browser is opened with url: ''

2024-11-12 16:13:09 - [MESSAGE][WARNING] - A browser is already opened. Closing browser and opening a new one

2024-11-12 16:13:11 - [MESSAGE][INFO] - Starting 'Chrome' driver

2024-11-12 16:13:11 - [MESSAGE][INFO] - User set preference: ['acceptInsecureCerts', 'true']

2024-11-12 16:13:11 - [MESSAGE][INFO] - Action delay is set to 0 milliseconds

2024-11-12 16:13:12 - [MESSAGE][PASSED] - Browser is opened with url: ''

2024-11-12 16:13:12 - [TEST_STEP][PASSED] - maximizeWindow(): Current window maximized

2024-11-12 16:13:12 - [MESSAGE][PASSED] - Current window maximized

2024-11-12 16:13:12 - [TEST_STEP][PASSED] - navigateToUrl(RADurl): Navigate to 'https://www.velocitypayment.com/client/rad/index.html' successfully

2024-11-12 16:13:14 - [MESSAGE][PASSED] - Navigate to 'https://www.velocitypayment.com/client/rad/index.html' successfully

2024-11-12 16:13:14 - [TEST_STEP][PASSED] - selectOptionByLabel(findTestObject(orPath_Landing + "/dd_TaxType"), "Extension Payments", false): All options with label 'Extension Payments' are selected in object 'Object Repository/RAD_Pages/Landing_Page/dd_TaxType' 

2024-11-12 16:13:15 - [MESSAGE][PASSED] - All options with label 'Extension Payments' are selected in object 'Object Repository/RAD_Pages/Landing_Page/dd_TaxType' 

2024-11-12 16:13:15 - [TEST_STEP][PASSED] - selectOptionByLabel(findTestObject(orPath_TaxTypeFilingYear + "/select_PaymentType"), TaxType, false): All options with label 'PTE Tax Electing S Corp' are selected in object 'Object Repository/RAD_Pages/TaxTypeFilingYear_Page/select_PaymentType' 

2024-11-12 16:13:16 - [MESSAGE][PASSED] - All options with label 'PTE Tax Electing S Corp' are selected in object 'Object Repository/RAD_Pages/TaxTypeFilingYear_Page/select_PaymentType' 

2024-11-12 16:13:16 - [TEST_STEP][PASSED] - selectOptionByLabel(findTestObject(orPath_TaxTypeFilingYear + "/select_FilingYear"), FilingYear, false): All options with label '2023' are selected in object 'Object Repository/RAD_Pages/TaxTypeFilingYear_Page/select_FilingYear' 

2024-11-12 16:13:16 - [MESSAGE][PASSED] - All options with label '2023' are selected in object 'Object Repository/RAD_Pages/TaxTypeFilingYear_Page/select_FilingYear' 

2024-11-12 16:13:16 - [TEST_STEP][PASSED] - switch (TaxType): null

2024-11-12 16:13:16 - [TEST_STEP][PASSED] - rad.getSetDataRAD.setDataRADBusinessName(): rad.getSetDataRAD.setDataRADBusinessName is PASSED

2024-11-12 16:13:17 - [MESSAGE][PASSED] - Text 'My Company' is set on object 'Object Repository/RAD_Pages/Taxpayer_Page/input_businessName'

2024-11-12 16:13:17 - [MESSAGE][PASSED] - rad.getSetDataRAD.setDataRADBusinessName is PASSED

2024-11-12 16:13:17 - [TEST_STEP][PASSED] - rad.getSetDataRAD.setDataRADBusinessRep(): rad.getSetDataRAD.setDataRADBusinessRep is PASSED

2024-11-12 16:13:18 - [MESSAGE][PASSED] - Text 'BusRepFname' is set on object 'Object Repository/RAD_Pages/Taxpayer_Page/input_BusinessRepfirstName'

2024-11-12 16:13:18 - [MESSAGE][PASSED] - Text '' is set on object 'Object Repository/RAD_Pages/Taxpayer_Page/input_BusinessRepmiddleName'

2024-11-12 16:13:19 - [MESSAGE][PASSED] - Text 'BusRepLname' is set on object 'Object Repository/RAD_Pages/Taxpayer_Page/input_BusinessReplastName'

2024-11-12 16:13:20 - [MESSAGE][PASSED] - Text '' is set on object 'Object Repository/RAD_Pages/Taxpayer_Page/input_BusinessRepsuffix'

2024-11-12 16:13:20 - [MESSAGE][PASSED] - rad.getSetDataRAD.setDataRADBusinessRep is PASSED

2024-11-12 16:13:20 - [TEST_STEP][PASSED] - rad.getSetDataRAD.setDataRADAddress(): rad.getSetDataRAD.setDataRADAddress is PASSED

2024-11-12 16:13:21 - [MESSAGE][PASSED] - All options with label 'United States' are selected in object 'Object Repository/RAD_Pages/AddressAndContactInfo_Page/select_Country' 

2024-11-12 16:13:21 - [MESSAGE][PASSED] - Text '2508 Mandan Terrace' is set on object 'Object Repository/RAD_Pages/AddressAndContactInfo_Page/input_streetAddress1'

2024-11-12 16:13:22 - [MESSAGE][PASSED] - Text '' is set on object 'Object Repository/RAD_Pages/AddressAndContactInfo_Page/input_streetAddress2'

2024-11-12 16:13:23 - [MESSAGE][PASSED] - Text 'Gambrills' is set on object 'Object Repository/RAD_Pages/AddressAndContactInfo_Page/input_city'

2024-11-12 16:13:24 - [MESSAGE][PASSED] - All options with label 'Maryland' are selected in object 'Object Repository/RAD_Pages/AddressAndContactInfo_Page/select_State' 

2024-11-12 16:13:24 - [MESSAGE][PASSED] - Text '21054' is set on object 'Object Repository/RAD_Pages/AddressAndContactInfo_Page/input_zipCode'

2024-11-12 16:13:25 - [MESSAGE][PASSED] - Text '(703) 894-5000' is set on object 'Object Repository/RAD_Pages/AddressAndContactInfo_Page/input_phoneNumber'

2024-11-12 16:13:26 - [MESSAGE][PASSED] - Text 'iahmed@govolution.com' is set on object 'Object Repository/RAD_Pages/AddressAndContactInfo_Page/input_eMailAddress'

2024-11-12 16:13:27 - [MESSAGE][PASSED] - Text 'iahmed@govolution.com' is set on object 'Object Repository/RAD_Pages/AddressAndContactInfo_Page/input_reEnterEMailAddress'

2024-11-12 16:13:27 - [MESSAGE][PASSED] - rad.getSetDataRAD.setDataRADAddress is PASSED

2024-11-12 16:13:27 - [TEST_STEP][PASSED] - if (feinSSN.equalsIgnoreCase("Y")): Text ****** has been set on object 'Object Repository/RAD_Pages/TaxInfo_Page/input_TaxInfo_RetypeFeinSsn_New_2'

2024-11-12 16:13:27 - [TEST_STEP][PASSED] - setEncryptedText(findTestObject(orPath_TaxInfo + "/input_TaxInfo_FeinSsn_New_2"), "1UdOed23yJD0bM3UEjTHrQ=="): Text ****** has been set on object 'Object Repository/RAD_Pages/TaxInfo_Page/input_TaxInfo_FeinSsn_New_2'

2024-11-12 16:13:27 - [MESSAGE][PASSED] - Text ****** has been set on object 'Object Repository/RAD_Pages/TaxInfo_Page/input_TaxInfo_FeinSsn_New_2'

2024-11-12 16:13:27 - [TEST_STEP][PASSED] - setEncryptedText(findTestObject(orPath_TaxInfo + "/input_TaxInfo_RetypeFeinSsn_New_2"), "1UdOed23yJD0bM3UEjTHrQ=="): Text ****** has been set on object 'Object Repository/RAD_Pages/TaxInfo_Page/input_TaxInfo_RetypeFeinSsn_New_2'

2024-11-12 16:13:28 - [MESSAGE][PASSED] - Text ****** has been set on object 'Object Repository/RAD_Pages/TaxInfo_Page/input_TaxInfo_RetypeFeinSsn_New_2'

2024-11-12 16:13:28 - [TEST_STEP][PASSED] - setText(findTestObject(orPath_Amount + "/input__paymentAmount"), "100.00"): Text '100.00' is set on object 'Object Repository/RAD_Pages/PaymentAmount_Page/input__paymentAmount'

2024-11-12 16:13:29 - [MESSAGE][PASSED] - Text '100.00' is set on object 'Object Repository/RAD_Pages/PaymentAmount_Page/input__paymentAmount'

2024-11-12 16:13:29 - [TEST_STEP][PASSED] - setText(findTestObject(orPath_AddressContact + "/input_streetAddress2"), ""): Text '' is set on object 'Object Repository/RAD_Pages/AddressAndContactInfo_Page/input_streetAddress2'

2024-11-12 16:13:29 - [MESSAGE][PASSED] - Text '' is set on object 'Object Repository/RAD_Pages/AddressAndContactInfo_Page/input_streetAddress2'

2024-11-12 16:13:29 - [TEST_STEP][PASSED] - scrollToElement(findTestObject(orPath_Landing + "/button_Continue"), 3): Scroll to object 'Object Repository/RAD_Pages/Landing_Page/button_Continue' successfully

2024-11-12 16:13:30 - [MESSAGE][PASSED] - Scroll to object 'Object Repository/RAD_Pages/Landing_Page/button_Continue' successfully

2024-11-12 16:13:30 - [TEST_STEP][PASSED] - waitForElementClickable(findTestObject(orPath_Landing + "/button_Continue"), 5): Object 'Object Repository/RAD_Pages/Landing_Page/button_Continue' is clickable

2024-11-12 16:13:30 - [MESSAGE][PASSED] - Object 'Object Repository/RAD_Pages/Landing_Page/button_Continue' is clickable

2024-11-12 16:13:30 - [TEST_STEP][PASSED] - click(findTestObject(orPath_Landing + "/button_Continue")): Object: 'Object Repository/RAD_Pages/Landing_Page/button_Continue' is clicked on

2024-11-12 16:13:31 - [MESSAGE][PASSED] - Object: 'Object Repository/RAD_Pages/Landing_Page/button_Continue' is clicked on

2024-11-12 16:13:31 - [TEST_STEP][PASSED] - delay(2): Delayed 2 second(s)

2024-11-12 16:13:33 - [MESSAGE][PASSED] - Delayed 2 second(s)

2024-11-12 16:13:33 - [TEST_STEP][PASSED] - verifyTextPresent("Summary", true): Text 'Summary' is present on page  using regular expression

2024-11-12 16:13:33 - [MESSAGE][PASSED] - Text 'Summary' is present on page  using regular expression

2024-11-12 16:13:33 - [TEST_STEP][PASSED] - verifyTextPresent("Review the information below and make any necessary corrections by clicking the", true): Text 'Review the information below and make any necessary corrections by clicking the' is present on page  using regular expression

2024-11-12 16:13:33 - [MESSAGE][PASSED] - Text 'Review the information below and make any necessary corrections by clicking the' is present on page  using regular expression

2024-11-12 16:13:33 - [TEST_STEP][PASSED] - verifyTextPresent("When you are confident that all the information is correct, click the", true): Text 'When you are confident that all the information is correct, click the' is present on page  using regular expression

2024-11-12 16:13:34 - [MESSAGE][PASSED] - Text 'When you are confident that all the information is correct, click the' is present on page  using regular expression

2024-11-12 16:13:34 - [TEST_STEP][PASSED] - verifyTextPresent("Payment Type/Filing Year", true): Text 'Payment Type/Filing Year' is present on page  using regular expression

2024-11-12 16:13:34 - [MESSAGE][PASSED] - Text 'Payment Type/Filing Year' is present on page  using regular expression

2024-11-12 16:13:34 - [TEST_STEP][PASSED] - verifyTextPresent("Payment Type:", true): Text 'Payment Type:' is present on page  using regular expression

2024-11-12 16:13:34 - [MESSAGE][PASSED] - Text 'Payment Type:' is present on page  using regular expression

2024-11-12 16:13:34 - [TEST_STEP][PASSED] - verifyTextPresent("Extension Payments", true): Text 'Extension Payments' is present on page  using regular expression

2024-11-12 16:13:35 - [MESSAGE][PASSED] - Text 'Extension Payments' is present on page  using regular expression

2024-11-12 16:13:35 - [TEST_STEP][PASSED] - verifyTextPresent("Filing Year:", true): Text 'Filing Year:' is present on page  using regular expression

2024-11-12 16:13:35 - [MESSAGE][PASSED] - Text 'Filing Year:' is present on page  using regular expression

2024-11-12 16:13:35 - [TEST_STEP][PASSED] - verifyTextPresent(FilingYear, true): Text '2023' is present on page  using regular expression

2024-11-12 16:13:35 - [MESSAGE][PASSED] - Text '2023' is present on page  using regular expression

2024-11-12 16:13:35 - [TEST_STEP][PASSED] - switch (TaxType): null

2024-11-12 16:13:35 - [TEST_STEP][PASSED] - verifyTextPresent("Payer Information", true): Text 'Payer Information' is present on page  using regular expression

2024-11-12 16:13:36 - [MESSAGE][PASSED] - Text 'Payer Information' is present on page  using regular expression

2024-11-12 16:13:36 - [TEST_STEP][PASSED] - verifyTextPresent("Taxpayer Name:", true): Text 'Taxpayer Name:' is present on page  using regular expression

2024-11-12 16:13:36 - [MESSAGE][PASSED] - Text 'Taxpayer Name:' is present on page  using regular expression

2024-11-12 16:13:36 - [TEST_STEP][PASSED] - verifyTextPresent("My Company", true): Text 'My Company' is present on page  using regular expression

2024-11-12 16:13:36 - [MESSAGE][PASSED] - Text 'My Company' is present on page  using regular expression

2024-11-12 16:13:36 - [TEST_STEP][PASSED] - verifyTextPresent("Business Rep Name:", true): Text 'Business Rep Name:' is present on page  using regular expression

2024-11-12 16:13:37 - [MESSAGE][PASSED] - Text 'Business Rep Name:' is present on page  using regular expression

2024-11-12 16:13:37 - [TEST_STEP][PASSED] - verifyTextPresent("BusRepFname BusRepLname", true): Text 'BusRepFname BusRepLname' is present on page  using regular expression

2024-11-12 16:13:37 - [MESSAGE][PASSED] - Text 'BusRepFname BusRepLname' is present on page  using regular expression

2024-11-12 16:13:37 - [TEST_STEP][PASSED] - verifyTextPresent("Taxpayer Address:", true): Text 'Taxpayer Address:' is present on page  using regular expression

2024-11-12 16:13:37 - [MESSAGE][PASSED] - Text 'Taxpayer Address:' is present on page  using regular expression

2024-11-12 16:13:37 - [TEST_STEP][PASSED] - verifyTextPresent("2508 Mandan Terrace Gambrills Maryland 21054", true): Text '2508 Mandan Terrace Gambrills Maryland 21054' is present on page  using regular expression

2024-11-12 16:13:38 - [MESSAGE][PASSED] - Text '2508 Mandan Terrace Gambrills Maryland 21054' is present on page  using regular expression

2024-11-12 16:13:38 - [TEST_STEP][PASSED] - verifyTextPresent("Email:", true): Text 'Email:' is present on page  using regular expression

2024-11-12 16:13:38 - [MESSAGE][PASSED] - Text 'Email:' is present on page  using regular expression

2024-11-12 16:13:38 - [TEST_STEP][PASSED] - verifyTextPresent("iahmed@govolution.com", true): Text 'iahmed@govolution.com' is present on page  using regular expression

2024-11-12 16:13:38 - [MESSAGE][PASSED] - Text 'iahmed@govolution.com' is present on page  using regular expression

2024-11-12 16:13:38 - [TEST_STEP][PASSED] - verifyTextPresent("Phone:", true): Text 'Phone:' is present on page  using regular expression

2024-11-12 16:13:39 - [MESSAGE][PASSED] - Text 'Phone:' is present on page  using regular expression

2024-11-12 16:13:39 - [TEST_STEP][PASSED] - verifyTextPresent("(703) 894-5000", false): Text '(703) 894-5000' is present on page 

2024-11-12 16:13:39 - [MESSAGE][PASSED] - Text '(703) 894-5000' is present on page 

2024-11-12 16:13:39 - [TEST_STEP][PASSED] - verifyTextPresent("Tax Information", true): Text 'Tax Information' is present on page  using regular expression

2024-11-12 16:13:39 - [MESSAGE][PASSED] - Text 'Tax Information' is present on page  using regular expression

2024-11-12 16:13:39 - [TEST_STEP][PASSED] - if (feinSSN.equalsIgnoreCase("Y")): Text 'XXXXX5293' is present on page  using regular expression

2024-11-12 16:13:39 - [TEST_STEP][PASSED] - verifyTextPresent("FEIN/SSN:", true): Text 'FEIN/SSN:' is present on page  using regular expression

2024-11-12 16:13:40 - [MESSAGE][PASSED] - Text 'FEIN/SSN:' is present on page  using regular expression

2024-11-12 16:13:40 - [TEST_STEP][PASSED] - verifyTextNotPresent("Federal EIN:", true): Text 'Federal EIN:' is not present on page using regular expression

2024-11-12 16:13:40 - [MESSAGE][PASSED] - Text 'Federal EIN:' is not present on page using regular expression

2024-11-12 16:13:40 - [TEST_STEP][PASSED] - verifyTextPresent("XXXXX5293", true): Text 'XXXXX5293' is present on page  using regular expression

2024-11-12 16:13:40 - [MESSAGE][PASSED] - Text 'XXXXX5293' is present on page  using regular expression

2024-11-12 16:13:40 - [TEST_STEP][PASSED] - verifyTextPresent("Payment Amount:", true): Text 'Payment Amount:' is present on page  using regular expression

2024-11-12 16:13:41 - [MESSAGE][PASSED] - Text 'Payment Amount:' is present on page  using regular expression

2024-11-12 16:13:41 - [TEST_STEP][PASSED] - verifyTextPresent("100.00", true): Text '100.00' is present on page  using regular expression

2024-11-12 16:13:41 - [MESSAGE][PASSED] - Text '100.00' is present on page  using regular expression

2024-11-12 16:13:41 - [TEST_STEP][PASSED] - if (verifyElementVisible(findTestObject(orPath_Summary + "/button_Proceed to Payment"))): null

2024-11-12 16:13:41 - [MESSAGE][PASSED] - Object 'Object Repository/RAD_Pages/Summary_Page/button_Proceed to Payment' is visible

2024-11-12 16:13:41 - [TEST_STEP][PASSED] - resText = "Pass": null

2024-11-12 16:13:41 - [TEST_STEP][PASSED] - pages.WriteExcel.demoKey(resText, datText, resColumn, datCloumn, fileLoc, nameSheet, row): pages.WriteExcel.demoKey is PASSED

2024-11-12 16:13:41 - [MESSAGE][PASSED] - pages.WriteExcel.demoKey is PASSED

2024-11-12 16:13:41 - [TEST_STEP][PASSED] - click(findTestObject(orPath_Summary + "/button_Proceed to Payment")): Object: 'Object Repository/RAD_Pages/Summary_Page/button_Proceed to Payment' is clicked on

2024-11-12 16:13:44 - [MESSAGE][PASSED] - Object: 'Object Repository/RAD_Pages/Summary_Page/button_Proceed to Payment' is clicked on

2024-11-12 16:13:44 - [TEST_STEP][PASSED] - verifyElementPresent(findTestObject("Object Repository/RAD_Pages/PaymentEntry_Page/input__billingName"), 30): Object 'Object Repository/RAD_Pages/PaymentEntry_Page/input__billingName' is present

2024-11-12 16:13:44 - [MESSAGE][PASSED] - Object 'Object Repository/RAD_Pages/PaymentEntry_Page/input__billingName' is present]]></system-out>
         <system-err><![CDATA[]]></system-err>
      </testcase>
      <testcase name="Test Cases/RAD_TestCases/Summary_TestCases/NewTaxReturn_Summary_TC" time="2009.17" classname="Test Cases/RAD_TestCases/Summary_TestCases/NewTaxReturn_Summary_TC" status="PASSED">
         <system-out><![CDATA[2024-11-12 16:13:44 - [TEST_CASE][PASSED] - Test Cases/RAD_TestCases/Summary_TestCases/NewTaxReturn_Summary_TC: Test Cases/RAD_TestCases/Summary_TestCases/NewTaxReturn_Summary_TC

2024-11-12 16:13:44 - [TEST_STEP][PASSED] - resText = "Fail": null

2024-11-12 16:13:44 - [TEST_STEP][PASSED] - resColumn = "Result": null

2024-11-12 16:13:44 - [TEST_STEP][PASSED] - datCloumn = "Date": null

2024-11-12 16:13:44 - [TEST_STEP][PASSED] - fileLoc = "KatalonData/RADTestData/Summary.xlsx": null

2024-11-12 16:13:44 - [TEST_STEP][PASSED] - nameSheet = "NewTaxReturn": null

2024-11-12 16:13:44 - [TEST_STEP][PASSED] - dataFile = "RADTestData/Summary_NewTaxReturn": null

2024-11-12 16:13:44 - [TEST_STEP][PASSED] - orPath_Landing = "Object Repository/RAD_Pages/Landing_Page": null

2024-11-12 16:13:44 - [TEST_STEP][PASSED] - orPath_TaxTypeFilingYear = "Object Repository/RAD_Pages/TaxTypeFilingYear_Page": null

2024-11-12 16:13:44 - [TEST_STEP][PASSED] - orPath_Amount = "Object Repository/RAD_Pages/PaymentAmount_Page": null

2024-11-12 16:13:44 - [TEST_STEP][PASSED] - orPath_AddressContact = "Object Repository/RAD_Pages/AddressAndContactInfo_Page": null

2024-11-12 16:13:44 - [TEST_STEP][PASSED] - orPath_Summary = "Object Repository/RAD_Pages/Summary_Page": null

2024-11-12 16:13:44 - [TEST_STEP][PASSED] - orPath_PaymentConfirmation = "Object Repository/RAD_Pages/PaymentConfirmation_Page": null

2024-11-12 16:13:44 - [TEST_STEP][PASSED] - orPath_ServiceFeesAccept = "Object Repository/RAD_Pages/ServiceFeeAccept_Page": null

2024-11-12 16:13:44 - [TEST_STEP][PASSED] - orPath_PaymentEntry = "Object Repository/RAD_Pages/PaymentEntry_Page": null

2024-11-12 16:13:44 - [TEST_STEP][PASSED] - orPath_TaxInfo = "Object Repository/RAD_Pages/TaxInfo_Page": null

2024-11-12 16:13:44 - [TEST_STEP][PASSED] - ExecuteTC = <not implemented yet for class: org.codehaus.groovy.ast.expr.EmptyExpression>: null

2024-11-12 16:13:44 - [TEST_STEP][PASSED] - TaxType = <not implemented yet for class: org.codehaus.groovy.ast.expr.EmptyExpression>: null

2024-11-12 16:13:44 - [TEST_STEP][PASSED] - PaymentType = <not implemented yet for class: org.codehaus.groovy.ast.expr.EmptyExpression>: null

2024-11-12 16:13:44 - [TEST_STEP][PASSED] - FilingYear = <not implemented yet for class: org.codehaus.groovy.ast.expr.EmptyExpression>: null

2024-11-12 16:13:44 - [TEST_STEP][PASSED] - PeriodEndingMonth = <not implemented yet for class: org.codehaus.groovy.ast.expr.EmptyExpression>: null

2024-11-12 16:13:44 - [TEST_STEP][PASSED] - feinSSN = <not implemented yet for class: org.codehaus.groovy.ast.expr.EmptyExpression>: null

2024-11-12 16:13:44 - [TEST_STEP][PASSED] - CRN = <not implemented yet for class: org.codehaus.groovy.ast.expr.EmptyExpression>: null

2024-11-12 16:13:44 - [TEST_STEP][PASSED] - month = <not implemented yet for class: org.codehaus.groovy.ast.expr.EmptyExpression>: null

2024-11-12 16:13:44 - [TEST_STEP][PASSED] - numOfRows = findTestData(dataFile).getRowNumbers(): null

2024-11-12 16:13:45 - [TEST_STEP][PASSED] - println("Number of Records: " + numOfRows): null

2024-11-12 16:13:45 - [TEST_STEP][PASSED] - for ([row = 1, row <= numOfRows, (row++)]): Object 'Object Repository/RAD_Pages/PaymentEntry_Page/input__billingName' is present

2024-11-12 16:13:45 - [TEST_STEP][PASSED] - ExecuteTC = findTestData(dataFile).getValue("Execute", row): null

2024-11-12 16:13:45 - [TEST_STEP][PASSED] - TaxType = findTestData(dataFile).getValue("TaxType", row): null

2024-11-12 16:13:45 - [TEST_STEP][PASSED] - PaymentType = findTestData(dataFile).getValue("PaymentType", row): null

2024-11-12 16:13:45 - [TEST_STEP][PASSED] - FilingYear = findTestData(dataFile).getValue("Year", row): null

2024-11-12 16:13:45 - [TEST_STEP][PASSED] - feinSSN = findTestData(dataFile).getValue("FeinSsn", row): null

2024-11-12 16:13:45 - [TEST_STEP][PASSED] - CRN = findTestData(dataFile).getValue("CRN", row): null

2024-11-12 16:13:45 - [TEST_STEP][PASSED] - month = findTestData(dataFile).getValue("Month", row): null

2024-11-12 16:13:45 - [TEST_STEP][PASSED] - MFLicNum = findTestData(dataFile).getValue("MFLicNum", row): null

2024-11-12 16:13:45 - [TEST_STEP][PASSED] - if (ExecuteTC.equalsIgnoreCase("Y")): Object 'Object Repository/RAD_Pages/PaymentEntry_Page/input__billingName' is present

2024-11-12 16:13:45 - [TEST_STEP][PASSED] - out.println("Begin Record Number: " + row): null

2024-11-12 16:13:45 - [TEST_STEP][PASSED] - today = new java.util.Date(): null

2024-11-12 16:13:45 - [TEST_STEP][PASSED] - println(today): null

2024-11-12 16:13:45 - [TEST_STEP][PASSED] - datText = today: null

2024-11-12 16:13:45 - [TEST_STEP][PASSED] - logInfo("Payment Type: New Tax Return Amount Due"): Payment Type: New Tax Return Amount Due

2024-11-12 16:13:45 - [MESSAGE][INFO] - Payment Type: New Tax Return Amount Due

2024-11-12 16:13:45 - [TEST_STEP][PASSED] - logInfo("Tax Type: " + TaxType): Tax Type: Fiduciary Tax

2024-11-12 16:13:45 - [MESSAGE][INFO] - Tax Type: Fiduciary Tax

2024-11-12 16:13:45 - [TEST_STEP][PASSED] - openBrowser(""): Browser is opened with url: ''

2024-11-12 16:13:45 - [MESSAGE][WARNING] - A browser is already opened. Closing browser and opening a new one

2024-11-12 16:13:46 - [MESSAGE][INFO] - Starting 'Chrome' driver

2024-11-12 16:13:46 - [MESSAGE][INFO] - User set preference: ['acceptInsecureCerts', 'true']

2024-11-12 16:13:46 - [MESSAGE][INFO] - Action delay is set to 0 milliseconds

2024-11-12 16:13:48 - [MESSAGE][PASSED] - Browser is opened with url: ''

2024-11-12 16:13:48 - [TEST_STEP][PASSED] - maximizeWindow(): Current window maximized

2024-11-12 16:13:48 - [MESSAGE][PASSED] - Current window maximized

2024-11-12 16:13:48 - [TEST_STEP][PASSED] - navigateToUrl(RADurl): Navigate to 'https://www.velocitypayment.com/client/rad/index.html' successfully

2024-11-12 16:13:48 - [MESSAGE][PASSED] - Navigate to 'https://www.velocitypayment.com/client/rad/index.html' successfully

2024-11-12 16:13:48 - [TEST_STEP][PASSED] - selectOptionByLabel(findTestObject(orPath_Landing + "/dd_TaxType"), "New Tax Return Amount Due", false): All options with label 'New Tax Return Amount Due' are selected in object 'Object Repository/RAD_Pages/Landing_Page/dd_TaxType' 

2024-11-12 16:13:50 - [MESSAGE][PASSED] - All options with label 'New Tax Return Amount Due' are selected in object 'Object Repository/RAD_Pages/Landing_Page/dd_TaxType' 

2024-11-12 16:13:50 - [TEST_STEP][PASSED] - selectOptionByLabel(findTestObject("Object Repository/RAD_Pages/Landing_Page/select_NewTaxReturnAmountDue_TaxType"), TaxType, false): All options with label 'Fiduciary Tax' are selected in object 'Object Repository/RAD_Pages/Landing_Page/select_NewTaxReturnAmountDue_TaxType' 

2024-11-12 16:13:51 - [MESSAGE][PASSED] - All options with label 'Fiduciary Tax' are selected in object 'Object Repository/RAD_Pages/Landing_Page/select_NewTaxReturnAmountDue_TaxType' 

2024-11-12 16:13:51 - [TEST_STEP][PASSED] - selectOptionByLabel(findTestObject(orPath_TaxTypeFilingYear + "/select_FilingYear"), FilingYear, false): All options with label '2023' are selected in object 'Object Repository/RAD_Pages/TaxTypeFilingYear_Page/select_FilingYear' 

2024-11-12 16:13:52 - [MESSAGE][PASSED] - All options with label '2023' are selected in object 'Object Repository/RAD_Pages/TaxTypeFilingYear_Page/select_FilingYear' 

2024-11-12 16:13:52 - [TEST_STEP][PASSED] - if (month.trim()): null

2024-11-12 16:13:52 - [TEST_STEP][PASSED] - rad.getSetDataRAD.setDataRADBusinessName(): rad.getSetDataRAD.setDataRADBusinessName is PASSED

2024-11-12 16:13:53 - [MESSAGE][PASSED] - Text 'My Company' is set on object 'Object Repository/RAD_Pages/Taxpayer_Page/input_businessName'

2024-11-12 16:13:53 - [MESSAGE][PASSED] - rad.getSetDataRAD.setDataRADBusinessName is PASSED

2024-11-12 16:13:53 - [TEST_STEP][PASSED] - rad.getSetDataRAD.setDataRADBusinessRep(): rad.getSetDataRAD.setDataRADBusinessRep is PASSED

2024-11-12 16:13:53 - [MESSAGE][PASSED] - Text 'BusRepFname' is set on object 'Object Repository/RAD_Pages/Taxpayer_Page/input_BusinessRepfirstName'

2024-11-12 16:13:54 - [MESSAGE][PASSED] - Text '' is set on object 'Object Repository/RAD_Pages/Taxpayer_Page/input_BusinessRepmiddleName'

2024-11-12 16:13:55 - [MESSAGE][PASSED] - Text 'BusRepLname' is set on object 'Object Repository/RAD_Pages/Taxpayer_Page/input_BusinessReplastName'

2024-11-12 16:13:55 - [MESSAGE][PASSED] - Text '' is set on object 'Object Repository/RAD_Pages/Taxpayer_Page/input_BusinessRepsuffix'

2024-11-12 16:13:55 - [MESSAGE][PASSED] - rad.getSetDataRAD.setDataRADBusinessRep is PASSED

2024-11-12 16:13:55 - [TEST_STEP][PASSED] - rad.getSetDataRAD.setDataRADAddress(): rad.getSetDataRAD.setDataRADAddress is PASSED

2024-11-12 16:13:56 - [MESSAGE][PASSED] - All options with label 'United States' are selected in object 'Object Repository/RAD_Pages/AddressAndContactInfo_Page/select_Country' 

2024-11-12 16:13:57 - [MESSAGE][PASSED] - Text '2508 Mandan Terrace' is set on object 'Object Repository/RAD_Pages/AddressAndContactInfo_Page/input_streetAddress1'

2024-11-12 16:13:57 - [MESSAGE][PASSED] - Text '' is set on object 'Object Repository/RAD_Pages/AddressAndContactInfo_Page/input_streetAddress2'

2024-11-12 16:13:58 - [MESSAGE][PASSED] - Text 'Gambrills' is set on object 'Object Repository/RAD_Pages/AddressAndContactInfo_Page/input_city'

2024-11-12 16:13:59 - [MESSAGE][PASSED] - All options with label 'Maryland' are selected in object 'Object Repository/RAD_Pages/AddressAndContactInfo_Page/select_State' 

2024-11-12 16:14:00 - [MESSAGE][PASSED] - Text '21054' is set on object 'Object Repository/RAD_Pages/AddressAndContactInfo_Page/input_zipCode'

2024-11-12 16:14:01 - [MESSAGE][PASSED] - Text '(703) 894-5000' is set on object 'Object Repository/RAD_Pages/AddressAndContactInfo_Page/input_phoneNumber'

2024-11-12 16:14:01 - [MESSAGE][PASSED] - Text 'iahmed@govolution.com' is set on object 'Object Repository/RAD_Pages/AddressAndContactInfo_Page/input_eMailAddress'

2024-11-12 16:14:02 - [MESSAGE][PASSED] - Text 'iahmed@govolution.com' is set on object 'Object Repository/RAD_Pages/AddressAndContactInfo_Page/input_reEnterEMailAddress'

2024-11-12 16:14:02 - [MESSAGE][PASSED] - rad.getSetDataRAD.setDataRADAddress is PASSED

2024-11-12 16:14:02 - [TEST_STEP][PASSED] - if (feinSSN.equalsIgnoreCase("Y")): null

2024-11-12 16:14:02 - [TEST_STEP][PASSED] - else: Text ****** has been set on object 'Object Repository/RAD_Pages/TaxInfo_Page/input_FederalEIN_ReEnter'

2024-11-12 16:14:02 - [TEST_STEP][PASSED] - if (!(TaxType.equalsIgnoreCase("Estate Tax"))): Text ****** has been set on object 'Object Repository/RAD_Pages/TaxInfo_Page/input_FederalEIN_ReEnter'

2024-11-12 16:14:02 - [TEST_STEP][PASSED] - setEncryptedText(findTestObject(orPath_TaxInfo + "/input_FederalEIN"), "yXB7JMCbD3QoFF75EQd3iw=="): Text ****** has been set on object 'Object Repository/RAD_Pages/TaxInfo_Page/input_FederalEIN'

2024-11-12 16:14:03 - [MESSAGE][PASSED] - Text ****** has been set on object 'Object Repository/RAD_Pages/TaxInfo_Page/input_FederalEIN'

2024-11-12 16:14:03 - [TEST_STEP][PASSED] - setEncryptedText(findTestObject(orPath_TaxInfo + "/input_FederalEIN_ReEnter"), "yXB7JMCbD3QoFF75EQd3iw=="): Text ****** has been set on object 'Object Repository/RAD_Pages/TaxInfo_Page/input_FederalEIN_ReEnter'

2024-11-12 16:14:03 - [MESSAGE][PASSED] - Text ****** has been set on object 'Object Repository/RAD_Pages/TaxInfo_Page/input_FederalEIN_ReEnter'

2024-11-12 16:14:03 - [TEST_STEP][PASSED] - if (CRN.equalsIgnoreCase("Y")): null

2024-11-12 16:14:03 - [TEST_STEP][PASSED] - if (MFLicNum.equalsIgnoreCase("Y")): null

2024-11-12 16:14:03 - [TEST_STEP][PASSED] - if (TaxType.equalsIgnoreCase("Estate Tax")): null

2024-11-12 16:14:03 - [TEST_STEP][PASSED] - setText(findTestObject(orPath_Amount + "/input__paymentAmount"), "100.00"): Text '100.00' is set on object 'Object Repository/RAD_Pages/PaymentAmount_Page/input__paymentAmount'

2024-11-12 16:14:04 - [MESSAGE][PASSED] - Text '100.00' is set on object 'Object Repository/RAD_Pages/PaymentAmount_Page/input__paymentAmount'

2024-11-12 16:14:04 - [TEST_STEP][PASSED] - setText(findTestObject(orPath_AddressContact + "/input_streetAddress2"), ""): Text '' is set on object 'Object Repository/RAD_Pages/AddressAndContactInfo_Page/input_streetAddress2'

2024-11-12 16:14:05 - [MESSAGE][PASSED] - Text '' is set on object 'Object Repository/RAD_Pages/AddressAndContactInfo_Page/input_streetAddress2'

2024-11-12 16:14:05 - [TEST_STEP][PASSED] - scrollToElement(findTestObject(orPath_Landing + "/button_Continue"), 3): Scroll to object 'Object Repository/RAD_Pages/Landing_Page/button_Continue' successfully

2024-11-12 16:14:05 - [MESSAGE][PASSED] - Scroll to object 'Object Repository/RAD_Pages/Landing_Page/button_Continue' successfully

2024-11-12 16:14:05 - [TEST_STEP][PASSED] - waitForElementClickable(findTestObject(orPath_Landing + "/button_Continue"), 5): Object 'Object Repository/RAD_Pages/Landing_Page/button_Continue' is clickable

2024-11-12 16:14:05 - [MESSAGE][PASSED] - Object 'Object Repository/RAD_Pages/Landing_Page/button_Continue' is clickable

2024-11-12 16:14:05 - [TEST_STEP][PASSED] - click(findTestObject(orPath_Landing + "/button_Continue")): Object: 'Object Repository/RAD_Pages/Landing_Page/button_Continue' is clicked on

2024-11-12 16:14:06 - [MESSAGE][PASSED] - Object: 'Object Repository/RAD_Pages/Landing_Page/button_Continue' is clicked on

2024-11-12 16:14:06 - [TEST_STEP][PASSED] - delay(2): Delayed 2 second(s)

2024-11-12 16:14:08 - [MESSAGE][PASSED] - Delayed 2 second(s)

2024-11-12 16:14:08 - [TEST_STEP][PASSED] - verifyTextPresent("Summary", true): Text 'Summary' is present on page  using regular expression

2024-11-12 16:14:08 - [MESSAGE][PASSED] - Text 'Summary' is present on page  using regular expression

2024-11-12 16:14:08 - [TEST_STEP][PASSED] - verifyTextPresent("Review the information below and make any necessary corrections by clicking the", true): Text 'Review the information below and make any necessary corrections by clicking the' is present on page  using regular expression

2024-11-12 16:14:09 - [MESSAGE][PASSED] - Text 'Review the information below and make any necessary corrections by clicking the' is present on page  using regular expression

2024-11-12 16:14:09 - [TEST_STEP][PASSED] - verifyTextPresent("When you are confident that all the information is correct, click the", true): Text 'When you are confident that all the information is correct, click the' is present on page  using regular expression

2024-11-12 16:14:09 - [MESSAGE][PASSED] - Text 'When you are confident that all the information is correct, click the' is present on page  using regular expression

2024-11-12 16:14:09 - [TEST_STEP][PASSED] - verifyTextPresent("Payment Type/Filing Year", true): Text 'Payment Type/Filing Year' is present on page  using regular expression

2024-11-12 16:14:09 - [MESSAGE][PASSED] - Text 'Payment Type/Filing Year' is present on page  using regular expression

2024-11-12 16:14:09 - [TEST_STEP][PASSED] - verifyTextPresent("Payment Type:", true): Text 'Payment Type:' is present on page  using regular expression

2024-11-12 16:14:10 - [MESSAGE][PASSED] - Text 'Payment Type:' is present on page  using regular expression

2024-11-12 16:14:10 - [TEST_STEP][PASSED] - verifyTextPresent("New Tax Return Amount Due", true): Text 'New Tax Return Amount Due' is present on page  using regular expression

2024-11-12 16:14:10 - [MESSAGE][PASSED] - Text 'New Tax Return Amount Due' is present on page  using regular expression

2024-11-12 16:14:10 - [TEST_STEP][PASSED] - verifyTextPresent("Filing Year:", true): Text 'Filing Year:' is present on page  using regular expression

2024-11-12 16:14:10 - [MESSAGE][PASSED] - Text 'Filing Year:' is present on page  using regular expression

2024-11-12 16:14:10 - [TEST_STEP][PASSED] - verifyTextPresent(FilingYear, true): Text '2023' is present on page  using regular expression

2024-11-12 16:14:11 - [MESSAGE][PASSED] - Text '2023' is present on page  using regular expression

2024-11-12 16:14:11 - [TEST_STEP][PASSED] - verifyTextPresent("Payer Information", true): Text 'Payer Information' is present on page  using regular expression

2024-11-12 16:14:11 - [MESSAGE][PASSED] - Text 'Payer Information' is present on page  using regular expression

2024-11-12 16:14:11 - [TEST_STEP][PASSED] - verifyTextPresent("Taxpayer Name:", true): Text 'Taxpayer Name:' is present on page  using regular expression

2024-11-12 16:14:11 - [MESSAGE][PASSED] - Text 'Taxpayer Name:' is present on page  using regular expression

2024-11-12 16:14:11 - [TEST_STEP][PASSED] - verifyTextPresent("My Company", true): Text 'My Company' is present on page  using regular expression

2024-11-12 16:14:12 - [MESSAGE][PASSED] - Text 'My Company' is present on page  using regular expression

2024-11-12 16:14:12 - [TEST_STEP][PASSED] - verifyTextPresent("Business Rep Name:", true): Text 'Business Rep Name:' is present on page  using regular expression

2024-11-12 16:14:12 - [MESSAGE][PASSED] - Text 'Business Rep Name:' is present on page  using regular expression

2024-11-12 16:14:12 - [TEST_STEP][PASSED] - verifyTextPresent("BusRepFname BusRepLname", true): Text 'BusRepFname BusRepLname' is present on page  using regular expression

2024-11-12 16:14:12 - [MESSAGE][PASSED] - Text 'BusRepFname BusRepLname' is present on page  using regular expression

2024-11-12 16:14:12 - [TEST_STEP][PASSED] - verifyTextPresent("Taxpayer Address:", true): Text 'Taxpayer Address:' is present on page  using regular expression

2024-11-12 16:14:13 - [MESSAGE][PASSED] - Text 'Taxpayer Address:' is present on page  using regular expression

2024-11-12 16:14:13 - [TEST_STEP][PASSED] - verifyTextPresent("2508 Mandan Terrace Gambrills Maryland 21054", true): Text '2508 Mandan Terrace Gambrills Maryland 21054' is present on page  using regular expression

2024-11-12 16:14:13 - [MESSAGE][PASSED] - Text '2508 Mandan Terrace Gambrills Maryland 21054' is present on page  using regular expression

2024-11-12 16:14:13 - [TEST_STEP][PASSED] - verifyTextPresent("Email:", true): Text 'Email:' is present on page  using regular expression

2024-11-12 16:14:13 - [MESSAGE][PASSED] - Text 'Email:' is present on page  using regular expression

2024-11-12 16:14:13 - [TEST_STEP][PASSED] - verifyTextPresent("iahmed@govolution.com", true): Text 'iahmed@govolution.com' is present on page  using regular expression

2024-11-12 16:14:14 - [MESSAGE][PASSED] - Text 'iahmed@govolution.com' is present on page  using regular expression

2024-11-12 16:14:14 - [TEST_STEP][PASSED] - verifyTextPresent("Phone:", true): Text 'Phone:' is present on page  using regular expression

2024-11-12 16:14:14 - [MESSAGE][PASSED] - Text 'Phone:' is present on page  using regular expression

2024-11-12 16:14:14 - [TEST_STEP][PASSED] - verifyTextPresent("(703) 894-5000", false): Text '(703) 894-5000' is present on page 

2024-11-12 16:14:14 - [MESSAGE][PASSED] - Text '(703) 894-5000' is present on page 

2024-11-12 16:14:14 - [TEST_STEP][PASSED] - verifyTextPresent("Tax Information", true): Text 'Tax Information' is present on page  using regular expression

2024-11-12 16:14:15 - [MESSAGE][PASSED] - Text 'Tax Information' is present on page  using regular expression

2024-11-12 16:14:15 - [TEST_STEP][PASSED] - verifyTextNotPresent("Notice Number", true): Text 'Notice Number' is not present on page using regular expression

2024-11-12 16:14:15 - [MESSAGE][PASSED] - Text 'Notice Number' is not present on page using regular expression

2024-11-12 16:14:15 - [TEST_STEP][PASSED] - if (month.trim()): null

2024-11-12 16:14:15 - [TEST_STEP][PASSED] - else: Text 'Period Ending' is not present on page using regular expression

2024-11-12 16:14:15 - [TEST_STEP][PASSED] - verifyTextNotPresent("Period Ending", true): Text 'Period Ending' is not present on page using regular expression

2024-11-12 16:14:15 - [MESSAGE][PASSED] - Text 'Period Ending' is not present on page using regular expression

2024-11-12 16:14:15 - [TEST_STEP][PASSED] - if (feinSSN.equalsIgnoreCase("Y")): null

2024-11-12 16:14:15 - [TEST_STEP][PASSED] - else: Text 'XXXXXXX87' is present on page  using regular expression

2024-11-12 16:14:15 - [TEST_STEP][PASSED] - if (!(TaxType.equalsIgnoreCase("Estate Tax"))): Text 'XXXXXXX87' is present on page  using regular expression

2024-11-12 16:14:15 - [TEST_STEP][PASSED] - verifyTextPresent("Federal EIN:", true): Text 'Federal EIN:' is present on page  using regular expression

2024-11-12 16:14:16 - [MESSAGE][PASSED] - Text 'Federal EIN:' is present on page  using regular expression

2024-11-12 16:14:16 - [TEST_STEP][PASSED] - verifyTextNotPresent("FEIN/SSN:", true): Text 'FEIN/SSN:' is not present on page using regular expression

2024-11-12 16:14:16 - [MESSAGE][PASSED] - Text 'FEIN/SSN:' is not present on page using regular expression

2024-11-12 16:14:16 - [TEST_STEP][PASSED] - verifyTextPresent("XXXXXXX87", true): Text 'XXXXXXX87' is present on page  using regular expression

2024-11-12 16:14:16 - [MESSAGE][PASSED] - Text 'XXXXXXX87' is present on page  using regular expression

2024-11-12 16:14:16 - [TEST_STEP][PASSED] - if (TaxType.equalsIgnoreCase("Estate Tax")): null

2024-11-12 16:14:16 - [TEST_STEP][PASSED] - if (CRN.equalsIgnoreCase("Y")): null

2024-11-12 16:14:16 - [TEST_STEP][PASSED] - else: Text 'MD Central Registration Number' is not present on page using regular expression

2024-11-12 16:14:16 - [TEST_STEP][PASSED] - verifyTextNotPresent("MD Central Registration Number", true): Text 'MD Central Registration Number' is not present on page using regular expression

2024-11-12 16:14:17 - [MESSAGE][PASSED] - Text 'MD Central Registration Number' is not present on page using regular expression

2024-11-12 16:14:17 - [TEST_STEP][PASSED] - if (MFLicNum.equalsIgnoreCase("Y")): null

2024-11-12 16:14:17 - [TEST_STEP][PASSED] - else: Text 'Motor Fuel License Number#:' is not present on page using regular expression

2024-11-12 16:14:17 - [TEST_STEP][PASSED] - verifyTextNotPresent("Motor Fuel License Number#:", true): Text 'Motor Fuel License Number#:' is not present on page using regular expression

2024-11-12 16:14:17 - [MESSAGE][PASSED] - Text 'Motor Fuel License Number#:' is not present on page using regular expression

2024-11-12 16:14:17 - [TEST_STEP][PASSED] - verifyTextPresent("Payment Amount:", true): Text 'Payment Amount:' is present on page  using regular expression

2024-11-12 16:14:17 - [MESSAGE][PASSED] - Text 'Payment Amount:' is present on page  using regular expression

2024-11-12 16:14:17 - [TEST_STEP][PASSED] - verifyTextPresent("100.00", true): Text '100.00' is present on page  using regular expression

2024-11-12 16:14:18 - [MESSAGE][PASSED] - Text '100.00' is present on page  using regular expression

2024-11-12 16:14:18 - [TEST_STEP][PASSED] - if (verifyElementVisible(findTestObject(orPath_Summary + "/button_Proceed to Payment"))): null

2024-11-12 16:14:18 - [MESSAGE][PASSED] - Object 'Object Repository/RAD_Pages/Summary_Page/button_Proceed to Payment' is visible

2024-11-12 16:14:18 - [TEST_STEP][PASSED] - resText = "Pass": null

2024-11-12 16:14:18 - [TEST_STEP][PASSED] - pages.WriteExcel.demoKey(resText, datText, resColumn, datCloumn, fileLoc, nameSheet, row): pages.WriteExcel.demoKey is PASSED

2024-11-12 16:14:18 - [MESSAGE][PASSED] - pages.WriteExcel.demoKey is PASSED

2024-11-12 16:14:18 - [TEST_STEP][PASSED] - click(findTestObject(orPath_Summary + "/button_Proceed to Payment")): Object: 'Object Repository/RAD_Pages/Summary_Page/button_Proceed to Payment' is clicked on

2024-11-12 16:14:20 - [MESSAGE][PASSED] - Object: 'Object Repository/RAD_Pages/Summary_Page/button_Proceed to Payment' is clicked on

2024-11-12 16:14:20 - [TEST_STEP][PASSED] - verifyElementPresent(findTestObject("Object Repository/RAD_Pages/PaymentEntry_Page/input__billingName"), 30): Object 'Object Repository/RAD_Pages/PaymentEntry_Page/input__billingName' is present

2024-11-12 16:14:21 - [MESSAGE][PASSED] - Object 'Object Repository/RAD_Pages/PaymentEntry_Page/input__billingName' is present

2024-11-12 16:14:21 - [TEST_STEP][PASSED] - ExecuteTC = findTestData(dataFile).getValue("Execute", row): null

2024-11-12 16:14:21 - [TEST_STEP][PASSED] - TaxType = findTestData(dataFile).getValue("TaxType", row): null

2024-11-12 16:14:21 - [TEST_STEP][PASSED] - PaymentType = findTestData(dataFile).getValue("PaymentType", row): null

2024-11-12 16:14:21 - [TEST_STEP][PASSED] - FilingYear = findTestData(dataFile).getValue("Year", row): null

2024-11-12 16:14:21 - [TEST_STEP][PASSED] - feinSSN = findTestData(dataFile).getValue("FeinSsn", row): null

2024-11-12 16:14:21 - [TEST_STEP][PASSED] - CRN = findTestData(dataFile).getValue("CRN", row): null

2024-11-12 16:14:21 - [TEST_STEP][PASSED] - month = findTestData(dataFile).getValue("Month", row): null

2024-11-12 16:14:21 - [TEST_STEP][PASSED] - MFLicNum = findTestData(dataFile).getValue("MFLicNum", row): null

2024-11-12 16:14:21 - [TEST_STEP][PASSED] - if (ExecuteTC.equalsIgnoreCase("Y")): Object 'Object Repository/RAD_Pages/PaymentEntry_Page/input__billingName' is present

2024-11-12 16:14:21 - [TEST_STEP][PASSED] - out.println("Begin Record Number: " + row): null

2024-11-12 16:14:21 - [TEST_STEP][PASSED] - today = new java.util.Date(): null

2024-11-12 16:14:21 - [TEST_STEP][PASSED] - println(today): null

2024-11-12 16:14:21 - [TEST_STEP][PASSED] - datText = today: null

2024-11-12 16:14:21 - [TEST_STEP][PASSED] - logInfo("Payment Type: New Tax Return Amount Due"): Payment Type: New Tax Return Amount Due

2024-11-12 16:14:21 - [MESSAGE][INFO] - Payment Type: New Tax Return Amount Due

2024-11-12 16:14:21 - [TEST_STEP][PASSED] - logInfo("Tax Type: " + TaxType): Tax Type: PTE Non-Electing Non-S Corp

2024-11-12 16:14:21 - [MESSAGE][INFO] - Tax Type: PTE Non-Electing Non-S Corp

2024-11-12 16:14:21 - [TEST_STEP][PASSED] - openBrowser(""): Browser is opened with url: ''

2024-11-12 16:14:21 - [MESSAGE][WARNING] - A browser is already opened. Closing browser and opening a new one

2024-11-12 16:14:23 - [MESSAGE][INFO] - Starting 'Chrome' driver

2024-11-12 16:14:23 - [MESSAGE][INFO] - User set preference: ['acceptInsecureCerts', 'true']

2024-11-12 16:14:23 - [MESSAGE][INFO] - Action delay is set to 0 milliseconds

2024-11-12 16:14:24 - [MESSAGE][PASSED] - Browser is opened with url: ''

2024-11-12 16:14:24 - [TEST_STEP][PASSED] - maximizeWindow(): Current window maximized

2024-11-12 16:14:24 - [MESSAGE][PASSED] - Current window maximized

2024-11-12 16:14:24 - [TEST_STEP][PASSED] - navigateToUrl(RADurl): Navigate to 'https://www.velocitypayment.com/client/rad/index.html' successfully

2024-11-12 16:14:26 - [MESSAGE][PASSED] - Navigate to 'https://www.velocitypayment.com/client/rad/index.html' successfully

2024-11-12 16:14:26 - [TEST_STEP][PASSED] - selectOptionByLabel(findTestObject(orPath_Landing + "/dd_TaxType"), "New Tax Return Amount Due", false): All options with label 'New Tax Return Amount Due' are selected in object 'Object Repository/RAD_Pages/Landing_Page/dd_TaxType' 

2024-11-12 16:14:27 - [MESSAGE][PASSED] - All options with label 'New Tax Return Amount Due' are selected in object 'Object Repository/RAD_Pages/Landing_Page/dd_TaxType' 

2024-11-12 16:14:27 - [TEST_STEP][PASSED] - selectOptionByLabel(findTestObject("Object Repository/RAD_Pages/Landing_Page/select_NewTaxReturnAmountDue_TaxType"), TaxType, false): All options with label 'PTE Non-Electing Non-S Corp' are selected in object 'Object Repository/RAD_Pages/Landing_Page/select_NewTaxReturnAmountDue_TaxType' 

2024-11-12 16:14:27 - [MESSAGE][PASSED] - All options with label 'PTE Non-Electing Non-S Corp' are selected in object 'Object Repository/RAD_Pages/Landing_Page/select_NewTaxReturnAmountDue_TaxType' 

2024-11-12 16:14:27 - [TEST_STEP][PASSED] - selectOptionByLabel(findTestObject(orPath_TaxTypeFilingYear + "/select_FilingYear"), FilingYear, false): All options with label '2023' are selected in object 'Object Repository/RAD_Pages/TaxTypeFilingYear_Page/select_FilingYear' 

2024-11-12 16:14:28 - [MESSAGE][PASSED] - All options with label '2023' are selected in object 'Object Repository/RAD_Pages/TaxTypeFilingYear_Page/select_FilingYear' 

2024-11-12 16:14:28 - [TEST_STEP][PASSED] - if (month.trim()): null

2024-11-12 16:14:28 - [TEST_STEP][PASSED] - rad.getSetDataRAD.setDataRADBusinessName(): rad.getSetDataRAD.setDataRADBusinessName is PASSED

2024-11-12 16:14:29 - [MESSAGE][PASSED] - Text 'My Company' is set on object 'Object Repository/RAD_Pages/Taxpayer_Page/input_businessName'

2024-11-12 16:14:29 - [MESSAGE][PASSED] - rad.getSetDataRAD.setDataRADBusinessName is PASSED

2024-11-12 16:14:29 - [TEST_STEP][PASSED] - rad.getSetDataRAD.setDataRADBusinessRep(): rad.getSetDataRAD.setDataRADBusinessRep is PASSED

2024-11-12 16:14:30 - [MESSAGE][PASSED] - Text 'BusRepFname' is set on object 'Object Repository/RAD_Pages/Taxpayer_Page/input_BusinessRepfirstName'

2024-11-12 16:14:30 - [MESSAGE][PASSED] - Text '' is set on object 'Object Repository/RAD_Pages/Taxpayer_Page/input_BusinessRepmiddleName'

2024-11-12 16:14:31 - [MESSAGE][PASSED] - Text 'BusRepLname' is set on object 'Object Repository/RAD_Pages/Taxpayer_Page/input_BusinessReplastName'

2024-11-12 16:14:32 - [MESSAGE][PASSED] - Text '' is set on object 'Object Repository/RAD_Pages/Taxpayer_Page/input_BusinessRepsuffix'

2024-11-12 16:14:32 - [MESSAGE][PASSED] - rad.getSetDataRAD.setDataRADBusinessRep is PASSED

2024-11-12 16:14:32 - [TEST_STEP][PASSED] - rad.getSetDataRAD.setDataRADAddress(): rad.getSetDataRAD.setDataRADAddress is PASSED

2024-11-12 16:14:32 - [MESSAGE][PASSED] - All options with label 'United States' are selected in object 'Object Repository/RAD_Pages/AddressAndContactInfo_Page/select_Country' 

2024-11-12 16:14:33 - [MESSAGE][PASSED] - Text '2508 Mandan Terrace' is set on object 'Object Repository/RAD_Pages/AddressAndContactInfo_Page/input_streetAddress1'

2024-11-12 16:14:34 - [MESSAGE][PASSED] - Text '' is set on object 'Object Repository/RAD_Pages/AddressAndContactInfo_Page/input_streetAddress2'

2024-11-12 16:14:35 - [MESSAGE][PASSED] - Text 'Gambrills' is set on object 'Object Repository/RAD_Pages/AddressAndContactInfo_Page/input_city'

2024-11-12 16:14:36 - [MESSAGE][PASSED] - All options with label 'Maryland' are selected in object 'Object Repository/RAD_Pages/AddressAndContactInfo_Page/select_State' 

2024-11-12 16:14:37 - [MESSAGE][PASSED] - Text '21054' is set on object 'Object Repository/RAD_Pages/AddressAndContactInfo_Page/input_zipCode'

2024-11-12 16:14:38 - [MESSAGE][PASSED] - Text '(703) 894-5000' is set on object 'Object Repository/RAD_Pages/AddressAndContactInfo_Page/input_phoneNumber'

2024-11-12 16:14:39 - [MESSAGE][PASSED] - Text 'iahmed@govolution.com' is set on object 'Object Repository/RAD_Pages/AddressAndContactInfo_Page/input_eMailAddress'

2024-11-12 16:14:40 - [MESSAGE][PASSED] - Text 'iahmed@govolution.com' is set on object 'Object Repository/RAD_Pages/AddressAndContactInfo_Page/input_reEnterEMailAddress'

2024-11-12 16:14:40 - [MESSAGE][PASSED] - rad.getSetDataRAD.setDataRADAddress is PASSED

2024-11-12 16:14:40 - [TEST_STEP][PASSED] - if (feinSSN.equalsIgnoreCase("Y")): Text ****** has been set on object 'Object Repository/RAD_Pages/TaxInfo_Page/input_TaxInfo_RetypeFeinSsn_New_2'

2024-11-12 16:14:40 - [TEST_STEP][PASSED] - setEncryptedText(findTestObject(orPath_TaxInfo + "/input_TaxInfo_FeinSsn_New_2"), "yXB7JMCbD3QoFF75EQd3iw=="): Text ****** has been set on object 'Object Repository/RAD_Pages/TaxInfo_Page/input_TaxInfo_FeinSsn_New_2'

2024-11-12 16:14:41 - [MESSAGE][PASSED] - Text ****** has been set on object 'Object Repository/RAD_Pages/TaxInfo_Page/input_TaxInfo_FeinSsn_New_2'

2024-11-12 16:14:41 - [TEST_STEP][PASSED] - setEncryptedText(findTestObject(orPath_TaxInfo + "/input_TaxInfo_RetypeFeinSsn_New_2"), "yXB7JMCbD3QoFF75EQd3iw=="): Text ****** has been set on object 'Object Repository/RAD_Pages/TaxInfo_Page/input_TaxInfo_RetypeFeinSsn_New_2'

2024-11-12 16:14:41 - [MESSAGE][PASSED] - Text ****** has been set on object 'Object Repository/RAD_Pages/TaxInfo_Page/input_TaxInfo_RetypeFeinSsn_New_2'

2024-11-12 16:14:41 - [TEST_STEP][PASSED] - if (CRN.equalsIgnoreCase("Y")): null

2024-11-12 16:14:41 - [TEST_STEP][PASSED] - if (MFLicNum.equalsIgnoreCase("Y")): null

2024-11-12 16:14:41 - [TEST_STEP][PASSED] - if (TaxType.equalsIgnoreCase("Estate Tax")): null

2024-11-12 16:14:41 - [TEST_STEP][PASSED] - setText(findTestObject(orPath_Amount + "/input__paymentAmount"), "100.00"): Text '100.00' is set on object 'Object Repository/RAD_Pages/PaymentAmount_Page/input__paymentAmount'

2024-11-12 16:14:42 - [MESSAGE][PASSED] - Text '100.00' is set on object 'Object Repository/RAD_Pages/PaymentAmount_Page/input__paymentAmount'

2024-11-12 16:14:42 - [TEST_STEP][PASSED] - setText(findTestObject(orPath_AddressContact + "/input_streetAddress2"), ""): Text '' is set on object 'Object Repository/RAD_Pages/AddressAndContactInfo_Page/input_streetAddress2'

2024-11-12 16:14:43 - [MESSAGE][PASSED] - Text '' is set on object 'Object Repository/RAD_Pages/AddressAndContactInfo_Page/input_streetAddress2'

2024-11-12 16:14:43 - [TEST_STEP][PASSED] - scrollToElement(findTestObject(orPath_Landing + "/button_Continue"), 3): Scroll to object 'Object Repository/RAD_Pages/Landing_Page/button_Continue' successfully

2024-11-12 16:14:43 - [MESSAGE][PASSED] - Scroll to object 'Object Repository/RAD_Pages/Landing_Page/button_Continue' successfully

2024-11-12 16:14:43 - [TEST_STEP][PASSED] - waitForElementClickable(findTestObject(orPath_Landing + "/button_Continue"), 5): Object 'Object Repository/RAD_Pages/Landing_Page/button_Continue' is clickable

2024-11-12 16:14:43 - [MESSAGE][PASSED] - Object 'Object Repository/RAD_Pages/Landing_Page/button_Continue' is clickable

2024-11-12 16:14:43 - [TEST_STEP][PASSED] - click(findTestObject(orPath_Landing + "/button_Continue")): Object: 'Object Repository/RAD_Pages/Landing_Page/button_Continue' is clicked on

2024-11-12 16:14:44 - [MESSAGE][PASSED] - Object: 'Object Repository/RAD_Pages/Landing_Page/button_Continue' is clicked on

2024-11-12 16:14:44 - [TEST_STEP][PASSED] - delay(2): Delayed 2 second(s)

2024-11-12 16:14:46 - [MESSAGE][PASSED] - Delayed 2 second(s)

2024-11-12 16:14:46 - [TEST_STEP][PASSED] - verifyTextPresent("Summary", true): Text 'Summary' is present on page  using regular expression

2024-11-12 16:14:46 - [MESSAGE][PASSED] - Text 'Summary' is present on page  using regular expression

2024-11-12 16:14:46 - [TEST_STEP][PASSED] - verifyTextPresent("Review the information below and make any necessary corrections by clicking the", true): Text 'Review the information below and make any necessary corrections by clicking the' is present on page  using regular expression

2024-11-12 16:14:47 - [MESSAGE][PASSED] - Text 'Review the information below and make any necessary corrections by clicking the' is present on page  using regular expression

2024-11-12 16:14:47 - [TEST_STEP][PASSED] - verifyTextPresent("When you are confident that all the information is correct, click the", true): Text 'When you are confident that all the information is correct, click the' is present on page  using regular expression

2024-11-12 16:14:47 - [MESSAGE][PASSED] - Text 'When you are confident that all the information is correct, click the' is present on page  using regular expression

2024-11-12 16:14:47 - [TEST_STEP][PASSED] - verifyTextPresent("Payment Type/Filing Year", true): Text 'Payment Type/Filing Year' is present on page  using regular expression

2024-11-12 16:14:47 - [MESSAGE][PASSED] - Text 'Payment Type/Filing Year' is present on page  using regular expression

2024-11-12 16:14:47 - [TEST_STEP][PASSED] - verifyTextPresent("Payment Type:", true): Text 'Payment Type:' is present on page  using regular expression

2024-11-12 16:14:48 - [MESSAGE][PASSED] - Text 'Payment Type:' is present on page  using regular expression

2024-11-12 16:14:48 - [TEST_STEP][PASSED] - verifyTextPresent("New Tax Return Amount Due", true): Text 'New Tax Return Amount Due' is present on page  using regular expression

2024-11-12 16:14:48 - [MESSAGE][PASSED] - Text 'New Tax Return Amount Due' is present on page  using regular expression

2024-11-12 16:14:48 - [TEST_STEP][PASSED] - verifyTextPresent("Filing Year:", true): Text 'Filing Year:' is present on page  using regular expression

2024-11-12 16:14:48 - [MESSAGE][PASSED] - Text 'Filing Year:' is present on page  using regular expression

2024-11-12 16:14:48 - [TEST_STEP][PASSED] - verifyTextPresent(FilingYear, true): Text '2023' is present on page  using regular expression

2024-11-12 16:14:49 - [MESSAGE][PASSED] - Text '2023' is present on page  using regular expression

2024-11-12 16:14:49 - [TEST_STEP][PASSED] - verifyTextPresent("Payer Information", true): Text 'Payer Information' is present on page  using regular expression

2024-11-12 16:14:49 - [MESSAGE][PASSED] - Text 'Payer Information' is present on page  using regular expression

2024-11-12 16:14:49 - [TEST_STEP][PASSED] - verifyTextPresent("Taxpayer Name:", true): Text 'Taxpayer Name:' is present on page  using regular expression

2024-11-12 16:14:49 - [MESSAGE][PASSED] - Text 'Taxpayer Name:' is present on page  using regular expression

2024-11-12 16:14:49 - [TEST_STEP][PASSED] - verifyTextPresent("My Company", true): Text 'My Company' is present on page  using regular expression

2024-11-12 16:14:50 - [MESSAGE][PASSED] - Text 'My Company' is present on page  using regular expression

2024-11-12 16:14:50 - [TEST_STEP][PASSED] - verifyTextPresent("Business Rep Name:", true): Text 'Business Rep Name:' is present on page  using regular expression

2024-11-12 16:14:50 - [MESSAGE][PASSED] - Text 'Business Rep Name:' is present on page  using regular expression

2024-11-12 16:14:50 - [TEST_STEP][PASSED] - verifyTextPresent("BusRepFname BusRepLname", true): Text 'BusRepFname BusRepLname' is present on page  using regular expression

2024-11-12 16:14:50 - [MESSAGE][PASSED] - Text 'BusRepFname BusRepLname' is present on page  using regular expression

2024-11-12 16:14:50 - [TEST_STEP][PASSED] - verifyTextPresent("Taxpayer Address:", true): Text 'Taxpayer Address:' is present on page  using regular expression

2024-11-12 16:14:51 - [MESSAGE][PASSED] - Text 'Taxpayer Address:' is present on page  using regular expression

2024-11-12 16:14:51 - [TEST_STEP][PASSED] - verifyTextPresent("2508 Mandan Terrace Gambrills Maryland 21054", true): Text '2508 Mandan Terrace Gambrills Maryland 21054' is present on page  using regular expression

2024-11-12 16:14:51 - [MESSAGE][PASSED] - Text '2508 Mandan Terrace Gambrills Maryland 21054' is present on page  using regular expression

2024-11-12 16:14:51 - [TEST_STEP][PASSED] - verifyTextPresent("Email:", true): Text 'Email:' is present on page  using regular expression

2024-11-12 16:14:51 - [MESSAGE][PASSED] - Text 'Email:' is present on page  using regular expression

2024-11-12 16:14:51 - [TEST_STEP][PASSED] - verifyTextPresent("iahmed@govolution.com", true): Text 'iahmed@govolution.com' is present on page  using regular expression

2024-11-12 16:14:52 - [MESSAGE][PASSED] - Text 'iahmed@govolution.com' is present on page  using regular expression

2024-11-12 16:14:52 - [TEST_STEP][PASSED] - verifyTextPresent("Phone:", true): Text 'Phone:' is present on page  using regular expression

2024-11-12 16:14:52 - [MESSAGE][PASSED] - Text 'Phone:' is present on page  using regular expression

2024-11-12 16:14:52 - [TEST_STEP][PASSED] - verifyTextPresent("(703) 894-5000", false): Text '(703) 894-5000' is present on page 

2024-11-12 16:14:52 - [MESSAGE][PASSED] - Text '(703) 894-5000' is present on page 

2024-11-12 16:14:52 - [TEST_STEP][PASSED] - verifyTextPresent("Tax Information", true): Text 'Tax Information' is present on page  using regular expression

2024-11-12 16:14:53 - [MESSAGE][PASSED] - Text 'Tax Information' is present on page  using regular expression

2024-11-12 16:14:53 - [TEST_STEP][PASSED] - verifyTextNotPresent("Notice Number", true): Text 'Notice Number' is not present on page using regular expression

2024-11-12 16:14:53 - [MESSAGE][PASSED] - Text 'Notice Number' is not present on page using regular expression

2024-11-12 16:14:53 - [TEST_STEP][PASSED] - if (month.trim()): null

2024-11-12 16:14:53 - [TEST_STEP][PASSED] - else: Text 'Period Ending' is not present on page using regular expression

2024-11-12 16:14:53 - [TEST_STEP][PASSED] - verifyTextNotPresent("Period Ending", true): Text 'Period Ending' is not present on page using regular expression

2024-11-12 16:14:53 - [MESSAGE][PASSED] - Text 'Period Ending' is not present on page using regular expression

2024-11-12 16:14:53 - [TEST_STEP][PASSED] - if (feinSSN.equalsIgnoreCase("Y")): Text 'XXXXX6187' is present on page  using regular expression

2024-11-12 16:14:53 - [TEST_STEP][PASSED] - verifyTextPresent("FEIN/SSN:", true): Text 'FEIN/SSN:' is present on page  using regular expression

2024-11-12 16:14:54 - [MESSAGE][PASSED] - Text 'FEIN/SSN:' is present on page  using regular expression

2024-11-12 16:14:54 - [TEST_STEP][PASSED] - verifyTextNotPresent("Federal EIN:", true): Text 'Federal EIN:' is not present on page using regular expression

2024-11-12 16:14:54 - [MESSAGE][PASSED] - Text 'Federal EIN:' is not present on page using regular expression

2024-11-12 16:14:54 - [TEST_STEP][PASSED] - verifyTextPresent("XXXXX6187", true): Text 'XXXXX6187' is present on page  using regular expression

2024-11-12 16:14:54 - [MESSAGE][PASSED] - Text 'XXXXX6187' is present on page  using regular expression

2024-11-12 16:14:54 - [TEST_STEP][PASSED] - if (TaxType.equalsIgnoreCase("Estate Tax")): null

2024-11-12 16:14:54 - [TEST_STEP][PASSED] - if (CRN.equalsIgnoreCase("Y")): null

2024-11-12 16:14:54 - [TEST_STEP][PASSED] - else: Text 'MD Central Registration Number' is not present on page using regular expression

2024-11-12 16:14:54 - [TEST_STEP][PASSED] - verifyTextNotPresent("MD Central Registration Number", true): Text 'MD Central Registration Number' is not present on page using regular expression

2024-11-12 16:14:55 - [MESSAGE][PASSED] - Text 'MD Central Registration Number' is not present on page using regular expression

2024-11-12 16:14:55 - [TEST_STEP][PASSED] - if (MFLicNum.equalsIgnoreCase("Y")): null

2024-11-12 16:14:55 - [TEST_STEP][PASSED] - else: Text 'Motor Fuel License Number#:' is not present on page using regular expression

2024-11-12 16:14:55 - [TEST_STEP][PASSED] - verifyTextNotPresent("Motor Fuel License Number#:", true): Text 'Motor Fuel License Number#:' is not present on page using regular expression

2024-11-12 16:14:55 - [MESSAGE][PASSED] - Text 'Motor Fuel License Number#:' is not present on page using regular expression

2024-11-12 16:14:55 - [TEST_STEP][PASSED] - verifyTextPresent("Payment Amount:", true): Text 'Payment Amount:' is present on page  using regular expression

2024-11-12 16:14:55 - [MESSAGE][PASSED] - Text 'Payment Amount:' is present on page  using regular expression

2024-11-12 16:14:55 - [TEST_STEP][PASSED] - verifyTextPresent("100.00", true): Text '100.00' is present on page  using regular expression

2024-11-12 16:14:55 - [MESSAGE][PASSED] - Text '100.00' is present on page  using regular expression

2024-11-12 16:14:55 - [TEST_STEP][PASSED] - if (verifyElementVisible(findTestObject(orPath_Summary + "/button_Proceed to Payment"))): null

2024-11-12 16:14:56 - [MESSAGE][PASSED] - Object 'Object Repository/RAD_Pages/Summary_Page/button_Proceed to Payment' is visible

2024-11-12 16:14:56 - [TEST_STEP][PASSED] - resText = "Pass": null

2024-11-12 16:14:56 - [TEST_STEP][PASSED] - pages.WriteExcel.demoKey(resText, datText, resColumn, datCloumn, fileLoc, nameSheet, row): pages.WriteExcel.demoKey is PASSED

2024-11-12 16:14:56 - [MESSAGE][PASSED] - pages.WriteExcel.demoKey is PASSED

2024-11-12 16:14:56 - [TEST_STEP][PASSED] - click(findTestObject(orPath_Summary + "/button_Proceed to Payment")): Object: 'Object Repository/RAD_Pages/Summary_Page/button_Proceed to Payment' is clicked on

2024-11-12 16:14:58 - [MESSAGE][PASSED] - Object: 'Object Repository/RAD_Pages/Summary_Page/button_Proceed to Payment' is clicked on

2024-11-12 16:14:58 - [TEST_STEP][PASSED] - verifyElementPresent(findTestObject("Object Repository/RAD_Pages/PaymentEntry_Page/input__billingName"), 30): Object 'Object Repository/RAD_Pages/PaymentEntry_Page/input__billingName' is present

2024-11-12 16:14:59 - [MESSAGE][PASSED] - Object 'Object Repository/RAD_Pages/PaymentEntry_Page/input__billingName' is present

2024-11-12 16:14:59 - [TEST_STEP][PASSED] - ExecuteTC = findTestData(dataFile).getValue("Execute", row): null

2024-11-12 16:14:59 - [TEST_STEP][PASSED] - TaxType = findTestData(dataFile).getValue("TaxType", row): null

2024-11-12 16:14:59 - [TEST_STEP][PASSED] - PaymentType = findTestData(dataFile).getValue("PaymentType", row): null

2024-11-12 16:14:59 - [TEST_STEP][PASSED] - FilingYear = findTestData(dataFile).getValue("Year", row): null

2024-11-12 16:14:59 - [TEST_STEP][PASSED] - feinSSN = findTestData(dataFile).getValue("FeinSsn", row): null

2024-11-12 16:14:59 - [TEST_STEP][PASSED] - CRN = findTestData(dataFile).getValue("CRN", row): null

2024-11-12 16:14:59 - [TEST_STEP][PASSED] - month = findTestData(dataFile).getValue("Month", row): null

2024-11-12 16:14:59 - [TEST_STEP][PASSED] - MFLicNum = findTestData(dataFile).getValue("MFLicNum", row): null

2024-11-12 16:14:59 - [TEST_STEP][PASSED] - if (ExecuteTC.equalsIgnoreCase("Y")): Object 'Object Repository/RAD_Pages/PaymentEntry_Page/input__billingName' is present

2024-11-12 16:14:59 - [TEST_STEP][PASSED] - out.println("Begin Record Number: " + row): null

2024-11-12 16:14:59 - [TEST_STEP][PASSED] - today = new java.util.Date(): null

2024-11-12 16:14:59 - [TEST_STEP][PASSED] - println(today): null

2024-11-12 16:14:59 - [TEST_STEP][PASSED] - datText = today: null

2024-11-12 16:14:59 - [TEST_STEP][PASSED] - logInfo("Payment Type: New Tax Return Amount Due"): Payment Type: New Tax Return Amount Due

2024-11-12 16:14:59 - [MESSAGE][INFO] - Payment Type: New Tax Return Amount Due

2024-11-12 16:14:59 - [TEST_STEP][PASSED] - logInfo("Tax Type: " + TaxType): Tax Type: PTE Non-Electing S Corp

2024-11-12 16:14:59 - [MESSAGE][INFO] - Tax Type: PTE Non-Electing S Corp

2024-11-12 16:14:59 - [TEST_STEP][PASSED] - openBrowser(""): Browser is opened with url: ''

2024-11-12 16:14:59 - [MESSAGE][WARNING] - A browser is already opened. Closing browser and opening a new one

2024-11-12 16:15:01 - [MESSAGE][INFO] - Starting 'Chrome' driver

2024-11-12 16:15:01 - [MESSAGE][INFO] - User set preference: ['acceptInsecureCerts', 'true']

2024-11-12 16:15:01 - [MESSAGE][INFO] - Action delay is set to 0 milliseconds

2024-11-12 16:15:02 - [MESSAGE][PASSED] - Browser is opened with url: ''

2024-11-12 16:15:02 - [TEST_STEP][PASSED] - maximizeWindow(): Current window maximized

2024-11-12 16:15:02 - [MESSAGE][PASSED] - Current window maximized

2024-11-12 16:15:02 - [TEST_STEP][PASSED] - navigateToUrl(RADurl): Navigate to 'https://www.velocitypayment.com/client/rad/index.html' successfully

2024-11-12 16:15:04 - [MESSAGE][PASSED] - Navigate to 'https://www.velocitypayment.com/client/rad/index.html' successfully

2024-11-12 16:15:04 - [TEST_STEP][PASSED] - selectOptionByLabel(findTestObject(orPath_Landing + "/dd_TaxType"), "New Tax Return Amount Due", false): All options with label 'New Tax Return Amount Due' are selected in object 'Object Repository/RAD_Pages/Landing_Page/dd_TaxType' 

2024-11-12 16:15:05 - [MESSAGE][PASSED] - All options with label 'New Tax Return Amount Due' are selected in object 'Object Repository/RAD_Pages/Landing_Page/dd_TaxType' 

2024-11-12 16:15:05 - [TEST_STEP][PASSED] - selectOptionByLabel(findTestObject("Object Repository/RAD_Pages/Landing_Page/select_NewTaxReturnAmountDue_TaxType"), TaxType, false): All options with label 'PTE Non-Electing S Corp' are selected in object 'Object Repository/RAD_Pages/Landing_Page/select_NewTaxReturnAmountDue_TaxType' 

2024-11-12 16:15:05 - [MESSAGE][PASSED] - All options with label 'PTE Non-Electing S Corp' are selected in object 'Object Repository/RAD_Pages/Landing_Page/select_NewTaxReturnAmountDue_TaxType' 

2024-11-12 16:15:05 - [TEST_STEP][PASSED] - selectOptionByLabel(findTestObject(orPath_TaxTypeFilingYear + "/select_FilingYear"), FilingYear, false): All options with label '2023' are selected in object 'Object Repository/RAD_Pages/TaxTypeFilingYear_Page/select_FilingYear' 

2024-11-12 16:15:06 - [MESSAGE][PASSED] - All options with label '2023' are selected in object 'Object Repository/RAD_Pages/TaxTypeFilingYear_Page/select_FilingYear' 

2024-11-12 16:15:06 - [TEST_STEP][PASSED] - if (month.trim()): null

2024-11-12 16:15:06 - [TEST_STEP][PASSED] - rad.getSetDataRAD.setDataRADBusinessName(): rad.getSetDataRAD.setDataRADBusinessName is PASSED

2024-11-12 16:15:07 - [MESSAGE][PASSED] - Text 'My Company' is set on object 'Object Repository/RAD_Pages/Taxpayer_Page/input_businessName'

2024-11-12 16:15:07 - [MESSAGE][PASSED] - rad.getSetDataRAD.setDataRADBusinessName is PASSED

2024-11-12 16:15:07 - [TEST_STEP][PASSED] - rad.getSetDataRAD.setDataRADBusinessRep(): rad.getSetDataRAD.setDataRADBusinessRep is PASSED

2024-11-12 16:15:08 - [MESSAGE][PASSED] - Text 'BusRepFname' is set on object 'Object Repository/RAD_Pages/Taxpayer_Page/input_BusinessRepfirstName'

2024-11-12 16:15:08 - [MESSAGE][PASSED] - Text '' is set on object 'Object Repository/RAD_Pages/Taxpayer_Page/input_BusinessRepmiddleName'

2024-11-12 16:15:09 - [MESSAGE][PASSED] - Text 'BusRepLname' is set on object 'Object Repository/RAD_Pages/Taxpayer_Page/input_BusinessReplastName'

2024-11-12 16:15:10 - [MESSAGE][PASSED] - Text '' is set on object 'Object Repository/RAD_Pages/Taxpayer_Page/input_BusinessRepsuffix'

2024-11-12 16:15:10 - [MESSAGE][PASSED] - rad.getSetDataRAD.setDataRADBusinessRep is PASSED

2024-11-12 16:15:10 - [TEST_STEP][PASSED] - rad.getSetDataRAD.setDataRADAddress(): rad.getSetDataRAD.setDataRADAddress is PASSED

2024-11-12 16:15:11 - [MESSAGE][PASSED] - All options with label 'United States' are selected in object 'Object Repository/RAD_Pages/AddressAndContactInfo_Page/select_Country' 

2024-11-12 16:15:11 - [MESSAGE][PASSED] - Text '2508 Mandan Terrace' is set on object 'Object Repository/RAD_Pages/AddressAndContactInfo_Page/input_streetAddress1'

2024-11-12 16:15:12 - [MESSAGE][PASSED] - Text '' is set on object 'Object Repository/RAD_Pages/AddressAndContactInfo_Page/input_streetAddress2'

2024-11-12 16:15:13 - [MESSAGE][PASSED] - Text 'Gambrills' is set on object 'Object Repository/RAD_Pages/AddressAndContactInfo_Page/input_city'

2024-11-12 16:15:13 - [MESSAGE][PASSED] - All options with label 'Maryland' are selected in object 'Object Repository/RAD_Pages/AddressAndContactInfo_Page/select_State' 

2024-11-12 16:15:14 - [MESSAGE][PASSED] - Text '21054' is set on object 'Object Repository/RAD_Pages/AddressAndContactInfo_Page/input_zipCode'

2024-11-12 16:15:15 - [MESSAGE][PASSED] - Text '(703) 894-5000' is set on object 'Object Repository/RAD_Pages/AddressAndContactInfo_Page/input_phoneNumber'

2024-11-12 16:15:16 - [MESSAGE][PASSED] - Text 'iahmed@govolution.com' is set on object 'Object Repository/RAD_Pages/AddressAndContactInfo_Page/input_eMailAddress'

2024-11-12 16:15:17 - [MESSAGE][PASSED] - Text 'iahmed@govolution.com' is set on object 'Object Repository/RAD_Pages/AddressAndContactInfo_Page/input_reEnterEMailAddress'

2024-11-12 16:15:17 - [MESSAGE][PASSED] - rad.getSetDataRAD.setDataRADAddress is PASSED

2024-11-12 16:15:17 - [TEST_STEP][PASSED] - if (feinSSN.equalsIgnoreCase("Y")): Text ****** has been set on object 'Object Repository/RAD_Pages/TaxInfo_Page/input_TaxInfo_RetypeFeinSsn_New_2'

2024-11-12 16:15:17 - [TEST_STEP][PASSED] - setEncryptedText(findTestObject(orPath_TaxInfo + "/input_TaxInfo_FeinSsn_New_2"), "yXB7JMCbD3QoFF75EQd3iw=="): Text ****** has been set on object 'Object Repository/RAD_Pages/TaxInfo_Page/input_TaxInfo_FeinSsn_New_2'

2024-11-12 16:15:17 - [MESSAGE][PASSED] - Text ****** has been set on object 'Object Repository/RAD_Pages/TaxInfo_Page/input_TaxInfo_FeinSsn_New_2'

2024-11-12 16:15:17 - [TEST_STEP][PASSED] - setEncryptedText(findTestObject(orPath_TaxInfo + "/input_TaxInfo_RetypeFeinSsn_New_2"), "yXB7JMCbD3QoFF75EQd3iw=="): Text ****** has been set on object 'Object Repository/RAD_Pages/TaxInfo_Page/input_TaxInfo_RetypeFeinSsn_New_2'

2024-11-12 16:15:18 - [MESSAGE][PASSED] - Text ****** has been set on object 'Object Repository/RAD_Pages/TaxInfo_Page/input_TaxInfo_RetypeFeinSsn_New_2'

2024-11-12 16:15:18 - [TEST_STEP][PASSED] - if (CRN.equalsIgnoreCase("Y")): null

2024-11-12 16:15:18 - [TEST_STEP][PASSED] - if (MFLicNum.equalsIgnoreCase("Y")): null

2024-11-12 16:15:18 - [TEST_STEP][PASSED] - if (TaxType.equalsIgnoreCase("Estate Tax")): null

2024-11-12 16:15:18 - [TEST_STEP][PASSED] - setText(findTestObject(orPath_Amount + "/input__paymentAmount"), "100.00"): Text '100.00' is set on object 'Object Repository/RAD_Pages/PaymentAmount_Page/input__paymentAmount'

2024-11-12 16:15:19 - [MESSAGE][PASSED] - Text '100.00' is set on object 'Object Repository/RAD_Pages/PaymentAmount_Page/input__paymentAmount'

2024-11-12 16:15:19 - [TEST_STEP][PASSED] - setText(findTestObject(orPath_AddressContact + "/input_streetAddress2"), ""): Text '' is set on object 'Object Repository/RAD_Pages/AddressAndContactInfo_Page/input_streetAddress2'

2024-11-12 16:15:19 - [MESSAGE][PASSED] - Text '' is set on object 'Object Repository/RAD_Pages/AddressAndContactInfo_Page/input_streetAddress2'

2024-11-12 16:15:19 - [TEST_STEP][PASSED] - scrollToElement(findTestObject(orPath_Landing + "/button_Continue"), 3): Scroll to object 'Object Repository/RAD_Pages/Landing_Page/button_Continue' successfully

2024-11-12 16:15:20 - [MESSAGE][PASSED] - Scroll to object 'Object Repository/RAD_Pages/Landing_Page/button_Continue' successfully

2024-11-12 16:15:20 - [TEST_STEP][PASSED] - waitForElementClickable(findTestObject(orPath_Landing + "/button_Continue"), 5): Object 'Object Repository/RAD_Pages/Landing_Page/button_Continue' is clickable

2024-11-12 16:15:20 - [MESSAGE][PASSED] - Object 'Object Repository/RAD_Pages/Landing_Page/button_Continue' is clickable

2024-11-12 16:15:20 - [TEST_STEP][PASSED] - click(findTestObject(orPath_Landing + "/button_Continue")): Object: 'Object Repository/RAD_Pages/Landing_Page/button_Continue' is clicked on

2024-11-12 16:15:21 - [MESSAGE][PASSED] - Object: 'Object Repository/RAD_Pages/Landing_Page/button_Continue' is clicked on

2024-11-12 16:15:21 - [TEST_STEP][PASSED] - delay(2): Delayed 2 second(s)

2024-11-12 16:15:23 - [MESSAGE][PASSED] - Delayed 2 second(s)

2024-11-12 16:15:23 - [TEST_STEP][PASSED] - verifyTextPresent("Summary", true): Text 'Summary' is present on page  using regular expression

2024-11-12 16:15:23 - [MESSAGE][PASSED] - Text 'Summary' is present on page  using regular expression

2024-11-12 16:15:23 - [TEST_STEP][PASSED] - verifyTextPresent("Review the information below and make any necessary corrections by clicking the", true): Text 'Review the information below and make any necessary corrections by clicking the' is present on page  using regular expression

2024-11-12 16:15:23 - [MESSAGE][PASSED] - Text 'Review the information below and make any necessary corrections by clicking the' is present on page  using regular expression

2024-11-12 16:15:23 - [TEST_STEP][PASSED] - verifyTextPresent("When you are confident that all the information is correct, click the", true): Text 'When you are confident that all the information is correct, click the' is present on page  using regular expression

2024-11-12 16:15:24 - [MESSAGE][PASSED] - Text 'When you are confident that all the information is correct, click the' is present on page  using regular expression

2024-11-12 16:15:24 - [TEST_STEP][PASSED] - verifyTextPresent("Payment Type/Filing Year", true): Text 'Payment Type/Filing Year' is present on page  using regular expression

2024-11-12 16:15:24 - [MESSAGE][PASSED] - Text 'Payment Type/Filing Year' is present on page  using regular expression

2024-11-12 16:15:24 - [TEST_STEP][PASSED] - verifyTextPresent("Payment Type:", true): Text 'Payment Type:' is present on page  using regular expression

2024-11-12 16:15:24 - [MESSAGE][PASSED] - Text 'Payment Type:' is present on page  using regular expression

2024-11-12 16:15:24 - [TEST_STEP][PASSED] - verifyTextPresent("New Tax Return Amount Due", true): Text 'New Tax Return Amount Due' is present on page  using regular expression

2024-11-12 16:15:25 - [MESSAGE][PASSED] - Text 'New Tax Return Amount Due' is present on page  using regular expression

2024-11-12 16:15:25 - [TEST_STEP][PASSED] - verifyTextPresent("Filing Year:", true): Text 'Filing Year:' is present on page  using regular expression

2024-11-12 16:15:25 - [MESSAGE][PASSED] - Text 'Filing Year:' is present on page  using regular expression

2024-11-12 16:15:25 - [TEST_STEP][PASSED] - verifyTextPresent(FilingYear, true): Text '2023' is present on page  using regular expression

2024-11-12 16:15:25 - [MESSAGE][PASSED] - Text '2023' is present on page  using regular expression

2024-11-12 16:15:25 - [TEST_STEP][PASSED] - verifyTextPresent("Payer Information", true): Text 'Payer Information' is present on page  using regular expression

2024-11-12 16:15:26 - [MESSAGE][PASSED] - Text 'Payer Information' is present on page  using regular expression

2024-11-12 16:15:26 - [TEST_STEP][PASSED] - verifyTextPresent("Taxpayer Name:", true): Text 'Taxpayer Name:' is present on page  using regular expression

2024-11-12 16:15:26 - [MESSAGE][PASSED] - Text 'Taxpayer Name:' is present on page  using regular expression

2024-11-12 16:15:26 - [TEST_STEP][PASSED] - verifyTextPresent("My Company", true): Text 'My Company' is present on page  using regular expression

2024-11-12 16:15:26 - [MESSAGE][PASSED] - Text 'My Company' is present on page  using regular expression

2024-11-12 16:15:26 - [TEST_STEP][PASSED] - verifyTextPresent("Business Rep Name:", true): Text 'Business Rep Name:' is present on page  using regular expression

2024-11-12 16:15:27 - [MESSAGE][PASSED] - Text 'Business Rep Name:' is present on page  using regular expression

2024-11-12 16:15:27 - [TEST_STEP][PASSED] - verifyTextPresent("BusRepFname BusRepLname", true): Text 'BusRepFname BusRepLname' is present on page  using regular expression

2024-11-12 16:15:27 - [MESSAGE][PASSED] - Text 'BusRepFname BusRepLname' is present on page  using regular expression

2024-11-12 16:15:27 - [TEST_STEP][PASSED] - verifyTextPresent("Taxpayer Address:", true): Text 'Taxpayer Address:' is present on page  using regular expression

2024-11-12 16:15:27 - [MESSAGE][PASSED] - Text 'Taxpayer Address:' is present on page  using regular expression

2024-11-12 16:15:27 - [TEST_STEP][PASSED] - verifyTextPresent("2508 Mandan Terrace Gambrills Maryland 21054", true): Text '2508 Mandan Terrace Gambrills Maryland 21054' is present on page  using regular expression

2024-11-12 16:15:28 - [MESSAGE][PASSED] - Text '2508 Mandan Terrace Gambrills Maryland 21054' is present on page  using regular expression

2024-11-12 16:15:28 - [TEST_STEP][PASSED] - verifyTextPresent("Email:", true): Text 'Email:' is present on page  using regular expression

2024-11-12 16:15:28 - [MESSAGE][PASSED] - Text 'Email:' is present on page  using regular expression

2024-11-12 16:15:28 - [TEST_STEP][PASSED] - verifyTextPresent("iahmed@govolution.com", true): Text 'iahmed@govolution.com' is present on page  using regular expression

2024-11-12 16:15:28 - [MESSAGE][PASSED] - Text 'iahmed@govolution.com' is present on page  using regular expression

2024-11-12 16:15:28 - [TEST_STEP][PASSED] - verifyTextPresent("Phone:", true): Text 'Phone:' is present on page  using regular expression

2024-11-12 16:15:29 - [MESSAGE][PASSED] - Text 'Phone:' is present on page  using regular expression

2024-11-12 16:15:29 - [TEST_STEP][PASSED] - verifyTextPresent("(703) 894-5000", false): Text '(703) 894-5000' is present on page 

2024-11-12 16:15:29 - [MESSAGE][PASSED] - Text '(703) 894-5000' is present on page 

2024-11-12 16:15:29 - [TEST_STEP][PASSED] - verifyTextPresent("Tax Information", true): Text 'Tax Information' is present on page  using regular expression

2024-11-12 16:15:29 - [MESSAGE][PASSED] - Text 'Tax Information' is present on page  using regular expression

2024-11-12 16:15:29 - [TEST_STEP][PASSED] - verifyTextNotPresent("Notice Number", true): Text 'Notice Number' is not present on page using regular expression

2024-11-12 16:15:30 - [MESSAGE][PASSED] - Text 'Notice Number' is not present on page using regular expression

2024-11-12 16:15:30 - [TEST_STEP][PASSED] - if (month.trim()): null

2024-11-12 16:15:30 - [TEST_STEP][PASSED] - else: Text 'Period Ending' is not present on page using regular expression

2024-11-12 16:15:30 - [TEST_STEP][PASSED] - verifyTextNotPresent("Period Ending", true): Text 'Period Ending' is not present on page using regular expression

2024-11-12 16:15:30 - [MESSAGE][PASSED] - Text 'Period Ending' is not present on page using regular expression

2024-11-12 16:15:30 - [TEST_STEP][PASSED] - if (feinSSN.equalsIgnoreCase("Y")): Text 'XXXXX6187' is present on page  using regular expression

2024-11-12 16:15:30 - [TEST_STEP][PASSED] - verifyTextPresent("FEIN/SSN:", true): Text 'FEIN/SSN:' is present on page  using regular expression

2024-11-12 16:15:30 - [MESSAGE][PASSED] - Text 'FEIN/SSN:' is present on page  using regular expression

2024-11-12 16:15:30 - [TEST_STEP][PASSED] - verifyTextNotPresent("Federal EIN:", true): Text 'Federal EIN:' is not present on page using regular expression

2024-11-12 16:15:31 - [MESSAGE][PASSED] - Text 'Federal EIN:' is not present on page using regular expression

2024-11-12 16:15:31 - [TEST_STEP][PASSED] - verifyTextPresent("XXXXX6187", true): Text 'XXXXX6187' is present on page  using regular expression

2024-11-12 16:15:31 - [MESSAGE][PASSED] - Text 'XXXXX6187' is present on page  using regular expression

2024-11-12 16:15:31 - [TEST_STEP][PASSED] - if (TaxType.equalsIgnoreCase("Estate Tax")): null

2024-11-12 16:15:31 - [TEST_STEP][PASSED] - if (CRN.equalsIgnoreCase("Y")): null

2024-11-12 16:15:31 - [TEST_STEP][PASSED] - else: Text 'MD Central Registration Number' is not present on page using regular expression

2024-11-12 16:15:31 - [TEST_STEP][PASSED] - verifyTextNotPresent("MD Central Registration Number", true): Text 'MD Central Registration Number' is not present on page using regular expression

2024-11-12 16:15:31 - [MESSAGE][PASSED] - Text 'MD Central Registration Number' is not present on page using regular expression

2024-11-12 16:15:31 - [TEST_STEP][PASSED] - if (MFLicNum.equalsIgnoreCase("Y")): null

2024-11-12 16:15:31 - [TEST_STEP][PASSED] - else: Text 'Motor Fuel License Number#:' is not present on page using regular expression

2024-11-12 16:15:31 - [TEST_STEP][PASSED] - verifyTextNotPresent("Motor Fuel License Number#:", true): Text 'Motor Fuel License Number#:' is not present on page using regular expression

2024-11-12 16:15:32 - [MESSAGE][PASSED] - Text 'Motor Fuel License Number#:' is not present on page using regular expression

2024-11-12 16:15:32 - [TEST_STEP][PASSED] - verifyTextPresent("Payment Amount:", true): Text 'Payment Amount:' is present on page  using regular expression

2024-11-12 16:15:32 - [MESSAGE][PASSED] - Text 'Payment Amount:' is present on page  using regular expression

2024-11-12 16:15:32 - [TEST_STEP][PASSED] - verifyTextPresent("100.00", true): Text '100.00' is present on page  using regular expression

2024-11-12 16:15:32 - [MESSAGE][PASSED] - Text '100.00' is present on page  using regular expression

2024-11-12 16:15:32 - [TEST_STEP][PASSED] - if (verifyElementVisible(findTestObject(orPath_Summary + "/button_Proceed to Payment"))): null

2024-11-12 16:15:33 - [MESSAGE][PASSED] - Object 'Object Repository/RAD_Pages/Summary_Page/button_Proceed to Payment' is visible

2024-11-12 16:15:33 - [TEST_STEP][PASSED] - resText = "Pass": null

2024-11-12 16:15:33 - [TEST_STEP][PASSED] - pages.WriteExcel.demoKey(resText, datText, resColumn, datCloumn, fileLoc, nameSheet, row): pages.WriteExcel.demoKey is PASSED

2024-11-12 16:15:33 - [MESSAGE][PASSED] - pages.WriteExcel.demoKey is PASSED

2024-11-12 16:15:33 - [TEST_STEP][PASSED] - click(findTestObject(orPath_Summary + "/button_Proceed to Payment")): Object: 'Object Repository/RAD_Pages/Summary_Page/button_Proceed to Payment' is clicked on

2024-11-12 16:15:35 - [MESSAGE][PASSED] - Object: 'Object Repository/RAD_Pages/Summary_Page/button_Proceed to Payment' is clicked on

2024-11-12 16:15:35 - [TEST_STEP][PASSED] - verifyElementPresent(findTestObject("Object Repository/RAD_Pages/PaymentEntry_Page/input__billingName"), 30): Object 'Object Repository/RAD_Pages/PaymentEntry_Page/input__billingName' is present

2024-11-12 16:15:36 - [MESSAGE][PASSED] - Object 'Object Repository/RAD_Pages/PaymentEntry_Page/input__billingName' is present

2024-11-12 16:15:36 - [TEST_STEP][PASSED] - ExecuteTC = findTestData(dataFile).getValue("Execute", row): null

2024-11-12 16:15:36 - [TEST_STEP][PASSED] - TaxType = findTestData(dataFile).getValue("TaxType", row): null

2024-11-12 16:15:36 - [TEST_STEP][PASSED] - PaymentType = findTestData(dataFile).getValue("PaymentType", row): null

2024-11-12 16:15:36 - [TEST_STEP][PASSED] - FilingYear = findTestData(dataFile).getValue("Year", row): null

2024-11-12 16:15:36 - [TEST_STEP][PASSED] - feinSSN = findTestData(dataFile).getValue("FeinSsn", row): null

2024-11-12 16:15:36 - [TEST_STEP][PASSED] - CRN = findTestData(dataFile).getValue("CRN", row): null

2024-11-12 16:15:36 - [TEST_STEP][PASSED] - month = findTestData(dataFile).getValue("Month", row): null

2024-11-12 16:15:37 - [TEST_STEP][PASSED] - MFLicNum = findTestData(dataFile).getValue("MFLicNum", row): null

2024-11-12 16:15:37 - [TEST_STEP][PASSED] - if (ExecuteTC.equalsIgnoreCase("Y")): Object 'Object Repository/RAD_Pages/PaymentEntry_Page/input__billingName' is present

2024-11-12 16:15:37 - [TEST_STEP][PASSED] - out.println("Begin Record Number: " + row): null

2024-11-12 16:15:37 - [TEST_STEP][PASSED] - today = new java.util.Date(): null

2024-11-12 16:15:37 - [TEST_STEP][PASSED] - println(today): null

2024-11-12 16:15:37 - [TEST_STEP][PASSED] - datText = today: null

2024-11-12 16:15:37 - [TEST_STEP][PASSED] - logInfo("Payment Type: New Tax Return Amount Due"): Payment Type: New Tax Return Amount Due

2024-11-12 16:15:37 - [MESSAGE][INFO] - Payment Type: New Tax Return Amount Due

2024-11-12 16:15:37 - [TEST_STEP][PASSED] - logInfo("Tax Type: " + TaxType): Tax Type: PTE Tax Electing Non-S Corp

2024-11-12 16:15:37 - [MESSAGE][INFO] - Tax Type: PTE Tax Electing Non-S Corp

2024-11-12 16:15:37 - [TEST_STEP][PASSED] - openBrowser(""): Browser is opened with url: ''

2024-11-12 16:15:37 - [MESSAGE][WARNING] - A browser is already opened. Closing browser and opening a new one

2024-11-12 16:15:40 - [MESSAGE][INFO] - Starting 'Chrome' driver

2024-11-12 16:15:40 - [MESSAGE][INFO] - User set preference: ['acceptInsecureCerts', 'true']

2024-11-12 16:15:40 - [MESSAGE][INFO] - Action delay is set to 0 milliseconds

2024-11-12 16:15:41 - [MESSAGE][PASSED] - Browser is opened with url: ''

2024-11-12 16:15:41 - [TEST_STEP][PASSED] - maximizeWindow(): Current window maximized

2024-11-12 16:15:41 - [MESSAGE][PASSED] - Current window maximized

2024-11-12 16:15:41 - [TEST_STEP][PASSED] - navigateToUrl(RADurl): Navigate to 'https://www.velocitypayment.com/client/rad/index.html' successfully

2024-11-12 16:15:43 - [MESSAGE][PASSED] - Navigate to 'https://www.velocitypayment.com/client/rad/index.html' successfully

2024-11-12 16:15:43 - [TEST_STEP][PASSED] - selectOptionByLabel(findTestObject(orPath_Landing + "/dd_TaxType"), "New Tax Return Amount Due", false): All options with label 'New Tax Return Amount Due' are selected in object 'Object Repository/RAD_Pages/Landing_Page/dd_TaxType' 

2024-11-12 16:15:44 - [MESSAGE][PASSED] - All options with label 'New Tax Return Amount Due' are selected in object 'Object Repository/RAD_Pages/Landing_Page/dd_TaxType' 

2024-11-12 16:15:44 - [TEST_STEP][PASSED] - selectOptionByLabel(findTestObject("Object Repository/RAD_Pages/Landing_Page/select_NewTaxReturnAmountDue_TaxType"), TaxType, false): All options with label 'PTE Tax Electing Non-S Corp' are selected in object 'Object Repository/RAD_Pages/Landing_Page/select_NewTaxReturnAmountDue_TaxType' 

2024-11-12 16:15:44 - [MESSAGE][PASSED] - All options with label 'PTE Tax Electing Non-S Corp' are selected in object 'Object Repository/RAD_Pages/Landing_Page/select_NewTaxReturnAmountDue_TaxType' 

2024-11-12 16:15:44 - [TEST_STEP][PASSED] - selectOptionByLabel(findTestObject(orPath_TaxTypeFilingYear + "/select_FilingYear"), FilingYear, false): All options with label '2023' are selected in object 'Object Repository/RAD_Pages/TaxTypeFilingYear_Page/select_FilingYear' 

2024-11-12 16:15:45 - [MESSAGE][PASSED] - All options with label '2023' are selected in object 'Object Repository/RAD_Pages/TaxTypeFilingYear_Page/select_FilingYear' 

2024-11-12 16:15:45 - [TEST_STEP][PASSED] - if (month.trim()): null

2024-11-12 16:15:45 - [TEST_STEP][PASSED] - rad.getSetDataRAD.setDataRADBusinessName(): rad.getSetDataRAD.setDataRADBusinessName is PASSED

2024-11-12 16:15:46 - [MESSAGE][PASSED] - Text 'My Company' is set on object 'Object Repository/RAD_Pages/Taxpayer_Page/input_businessName'

2024-11-12 16:15:46 - [MESSAGE][PASSED] - rad.getSetDataRAD.setDataRADBusinessName is PASSED

2024-11-12 16:15:46 - [TEST_STEP][PASSED] - rad.getSetDataRAD.setDataRADBusinessRep(): rad.getSetDataRAD.setDataRADBusinessRep is PASSED

2024-11-12 16:15:47 - [MESSAGE][PASSED] - Text 'BusRepFname' is set on object 'Object Repository/RAD_Pages/Taxpayer_Page/input_BusinessRepfirstName'

2024-11-12 16:15:47 - [MESSAGE][PASSED] - Text '' is set on object 'Object Repository/RAD_Pages/Taxpayer_Page/input_BusinessRepmiddleName'

2024-11-12 16:15:48 - [MESSAGE][PASSED] - Text 'BusRepLname' is set on object 'Object Repository/RAD_Pages/Taxpayer_Page/input_BusinessReplastName'

2024-11-12 16:15:49 - [MESSAGE][PASSED] - Text '' is set on object 'Object Repository/RAD_Pages/Taxpayer_Page/input_BusinessRepsuffix'

2024-11-12 16:15:49 - [MESSAGE][PASSED] - rad.getSetDataRAD.setDataRADBusinessRep is PASSED

2024-11-12 16:15:49 - [TEST_STEP][PASSED] - rad.getSetDataRAD.setDataRADAddress(): rad.getSetDataRAD.setDataRADAddress is PASSED

2024-11-12 16:15:49 - [MESSAGE][PASSED] - All options with label 'United States' are selected in object 'Object Repository/RAD_Pages/AddressAndContactInfo_Page/select_Country' 

2024-11-12 16:15:50 - [MESSAGE][PASSED] - Text '2508 Mandan Terrace' is set on object 'Object Repository/RAD_Pages/AddressAndContactInfo_Page/input_streetAddress1'

2024-11-12 16:15:51 - [MESSAGE][PASSED] - Text '' is set on object 'Object Repository/RAD_Pages/AddressAndContactInfo_Page/input_streetAddress2'

2024-11-12 16:15:52 - [MESSAGE][PASSED] - Text 'Gambrills' is set on object 'Object Repository/RAD_Pages/AddressAndContactInfo_Page/input_city'

2024-11-12 16:15:52 - [MESSAGE][PASSED] - All options with label 'Maryland' are selected in object 'Object Repository/RAD_Pages/AddressAndContactInfo_Page/select_State' 

2024-11-12 16:15:53 - [MESSAGE][PASSED] - Text '21054' is set on object 'Object Repository/RAD_Pages/AddressAndContactInfo_Page/input_zipCode'

2024-11-12 16:15:54 - [MESSAGE][PASSED] - Text '(703) 894-5000' is set on object 'Object Repository/RAD_Pages/AddressAndContactInfo_Page/input_phoneNumber'

2024-11-12 16:15:55 - [MESSAGE][PASSED] - Text 'iahmed@govolution.com' is set on object 'Object Repository/RAD_Pages/AddressAndContactInfo_Page/input_eMailAddress'

2024-11-12 16:15:56 - [MESSAGE][PASSED] - Text 'iahmed@govolution.com' is set on object 'Object Repository/RAD_Pages/AddressAndContactInfo_Page/input_reEnterEMailAddress'

2024-11-12 16:15:56 - [MESSAGE][PASSED] - rad.getSetDataRAD.setDataRADAddress is PASSED

2024-11-12 16:15:56 - [TEST_STEP][PASSED] - if (feinSSN.equalsIgnoreCase("Y")): Text ****** has been set on object 'Object Repository/RAD_Pages/TaxInfo_Page/input_TaxInfo_RetypeFeinSsn_New_2'

2024-11-12 16:15:56 - [TEST_STEP][PASSED] - setEncryptedText(findTestObject(orPath_TaxInfo + "/input_TaxInfo_FeinSsn_New_2"), "yXB7JMCbD3QoFF75EQd3iw=="): Text ****** has been set on object 'Object Repository/RAD_Pages/TaxInfo_Page/input_TaxInfo_FeinSsn_New_2'

2024-11-12 16:15:56 - [MESSAGE][PASSED] - Text ****** has been set on object 'Object Repository/RAD_Pages/TaxInfo_Page/input_TaxInfo_FeinSsn_New_2'

2024-11-12 16:15:56 - [TEST_STEP][PASSED] - setEncryptedText(findTestObject(orPath_TaxInfo + "/input_TaxInfo_RetypeFeinSsn_New_2"), "yXB7JMCbD3QoFF75EQd3iw=="): Text ****** has been set on object 'Object Repository/RAD_Pages/TaxInfo_Page/input_TaxInfo_RetypeFeinSsn_New_2'

2024-11-12 16:15:57 - [MESSAGE][PASSED] - Text ****** has been set on object 'Object Repository/RAD_Pages/TaxInfo_Page/input_TaxInfo_RetypeFeinSsn_New_2'

2024-11-12 16:15:57 - [TEST_STEP][PASSED] - if (CRN.equalsIgnoreCase("Y")): null

2024-11-12 16:15:57 - [TEST_STEP][PASSED] - if (MFLicNum.equalsIgnoreCase("Y")): null

2024-11-12 16:15:57 - [TEST_STEP][PASSED] - if (TaxType.equalsIgnoreCase("Estate Tax")): null

2024-11-12 16:15:57 - [TEST_STEP][PASSED] - setText(findTestObject(orPath_Amount + "/input__paymentAmount"), "100.00"): Text '100.00' is set on object 'Object Repository/RAD_Pages/PaymentAmount_Page/input__paymentAmount'

2024-11-12 16:15:58 - [MESSAGE][PASSED] - Text '100.00' is set on object 'Object Repository/RAD_Pages/PaymentAmount_Page/input__paymentAmount'

2024-11-12 16:15:58 - [TEST_STEP][PASSED] - setText(findTestObject(orPath_AddressContact + "/input_streetAddress2"), ""): Text '' is set on object 'Object Repository/RAD_Pages/AddressAndContactInfo_Page/input_streetAddress2'

2024-11-12 16:15:58 - [MESSAGE][PASSED] - Text '' is set on object 'Object Repository/RAD_Pages/AddressAndContactInfo_Page/input_streetAddress2'

2024-11-12 16:15:58 - [TEST_STEP][PASSED] - scrollToElement(findTestObject(orPath_Landing + "/button_Continue"), 3): Scroll to object 'Object Repository/RAD_Pages/Landing_Page/button_Continue' successfully

2024-11-12 16:15:59 - [MESSAGE][PASSED] - Scroll to object 'Object Repository/RAD_Pages/Landing_Page/button_Continue' successfully

2024-11-12 16:15:59 - [TEST_STEP][PASSED] - waitForElementClickable(findTestObject(orPath_Landing + "/button_Continue"), 5): Object 'Object Repository/RAD_Pages/Landing_Page/button_Continue' is clickable

2024-11-12 16:15:59 - [MESSAGE][PASSED] - Object 'Object Repository/RAD_Pages/Landing_Page/button_Continue' is clickable

2024-11-12 16:15:59 - [TEST_STEP][PASSED] - click(findTestObject(orPath_Landing + "/button_Continue")): Object: 'Object Repository/RAD_Pages/Landing_Page/button_Continue' is clicked on

2024-11-12 16:15:59 - [MESSAGE][PASSED] - Object: 'Object Repository/RAD_Pages/Landing_Page/button_Continue' is clicked on

2024-11-12 16:15:59 - [TEST_STEP][PASSED] - delay(2): Delayed 2 second(s)

2024-11-12 16:16:01 - [MESSAGE][PASSED] - Delayed 2 second(s)

2024-11-12 16:16:01 - [TEST_STEP][PASSED] - verifyTextPresent("Summary", true): Text 'Summary' is present on page  using regular expression

2024-11-12 16:16:02 - [MESSAGE][PASSED] - Text 'Summary' is present on page  using regular expression

2024-11-12 16:16:02 - [TEST_STEP][PASSED] - verifyTextPresent("Review the information below and make any necessary corrections by clicking the", true): Text 'Review the information below and make any necessary corrections by clicking the' is present on page  using regular expression

2024-11-12 16:16:02 - [MESSAGE][PASSED] - Text 'Review the information below and make any necessary corrections by clicking the' is present on page  using regular expression

2024-11-12 16:16:02 - [TEST_STEP][PASSED] - verifyTextPresent("When you are confident that all the information is correct, click the", true): Text 'When you are confident that all the information is correct, click the' is present on page  using regular expression

2024-11-12 16:16:02 - [MESSAGE][PASSED] - Text 'When you are confident that all the information is correct, click the' is present on page  using regular expression

2024-11-12 16:16:02 - [TEST_STEP][PASSED] - verifyTextPresent("Payment Type/Filing Year", true): Text 'Payment Type/Filing Year' is present on page  using regular expression

2024-11-12 16:16:03 - [MESSAGE][PASSED] - Text 'Payment Type/Filing Year' is present on page  using regular expression

2024-11-12 16:16:03 - [TEST_STEP][PASSED] - verifyTextPresent("Payment Type:", true): Text 'Payment Type:' is present on page  using regular expression

2024-11-12 16:16:03 - [MESSAGE][PASSED] - Text 'Payment Type:' is present on page  using regular expression

2024-11-12 16:16:03 - [TEST_STEP][PASSED] - verifyTextPresent("New Tax Return Amount Due", true): Text 'New Tax Return Amount Due' is present on page  using regular expression

2024-11-12 16:16:03 - [MESSAGE][PASSED] - Text 'New Tax Return Amount Due' is present on page  using regular expression

2024-11-12 16:16:03 - [TEST_STEP][PASSED] - verifyTextPresent("Filing Year:", true): Text 'Filing Year:' is present on page  using regular expression

2024-11-12 16:16:04 - [MESSAGE][PASSED] - Text 'Filing Year:' is present on page  using regular expression

2024-11-12 16:16:04 - [TEST_STEP][PASSED] - verifyTextPresent(FilingYear, true): Text '2023' is present on page  using regular expression

2024-11-12 16:16:04 - [MESSAGE][PASSED] - Text '2023' is present on page  using regular expression

2024-11-12 16:16:04 - [TEST_STEP][PASSED] - verifyTextPresent("Payer Information", true): Text 'Payer Information' is present on page  using regular expression

2024-11-12 16:16:04 - [MESSAGE][PASSED] - Text 'Payer Information' is present on page  using regular expression

2024-11-12 16:16:04 - [TEST_STEP][PASSED] - verifyTextPresent("Taxpayer Name:", true): Text 'Taxpayer Name:' is present on page  using regular expression

2024-11-12 16:16:05 - [MESSAGE][PASSED] - Text 'Taxpayer Name:' is present on page  using regular expression

2024-11-12 16:16:05 - [TEST_STEP][PASSED] - verifyTextPresent("My Company", true): Text 'My Company' is present on page  using regular expression

2024-11-12 16:16:05 - [MESSAGE][PASSED] - Text 'My Company' is present on page  using regular expression

2024-11-12 16:16:05 - [TEST_STEP][PASSED] - verifyTextPresent("Business Rep Name:", true): Text 'Business Rep Name:' is present on page  using regular expression

2024-11-12 16:16:05 - [MESSAGE][PASSED] - Text 'Business Rep Name:' is present on page  using regular expression

2024-11-12 16:16:05 - [TEST_STEP][PASSED] - verifyTextPresent("BusRepFname BusRepLname", true): Text 'BusRepFname BusRepLname' is present on page  using regular expression

2024-11-12 16:16:06 - [MESSAGE][PASSED] - Text 'BusRepFname BusRepLname' is present on page  using regular expression

2024-11-12 16:16:06 - [TEST_STEP][PASSED] - verifyTextPresent("Taxpayer Address:", true): Text 'Taxpayer Address:' is present on page  using regular expression

2024-11-12 16:16:06 - [MESSAGE][PASSED] - Text 'Taxpayer Address:' is present on page  using regular expression

2024-11-12 16:16:06 - [TEST_STEP][PASSED] - verifyTextPresent("2508 Mandan Terrace Gambrills Maryland 21054", true): Text '2508 Mandan Terrace Gambrills Maryland 21054' is present on page  using regular expression

2024-11-12 16:16:06 - [MESSAGE][PASSED] - Text '2508 Mandan Terrace Gambrills Maryland 21054' is present on page  using regular expression

2024-11-12 16:16:06 - [TEST_STEP][PASSED] - verifyTextPresent("Email:", true): Text 'Email:' is present on page  using regular expression

2024-11-12 16:16:07 - [MESSAGE][PASSED] - Text 'Email:' is present on page  using regular expression

2024-11-12 16:16:07 - [TEST_STEP][PASSED] - verifyTextPresent("iahmed@govolution.com", true): Text 'iahmed@govolution.com' is present on page  using regular expression

2024-11-12 16:16:07 - [MESSAGE][PASSED] - Text 'iahmed@govolution.com' is present on page  using regular expression

2024-11-12 16:16:07 - [TEST_STEP][PASSED] - verifyTextPresent("Phone:", true): Text 'Phone:' is present on page  using regular expression

2024-11-12 16:16:07 - [MESSAGE][PASSED] - Text 'Phone:' is present on page  using regular expression

2024-11-12 16:16:07 - [TEST_STEP][PASSED] - verifyTextPresent("(703) 894-5000", false): Text '(703) 894-5000' is present on page 

2024-11-12 16:16:08 - [MESSAGE][PASSED] - Text '(703) 894-5000' is present on page 

2024-11-12 16:16:08 - [TEST_STEP][PASSED] - verifyTextPresent("Tax Information", true): Text 'Tax Information' is present on page  using regular expression

2024-11-12 16:16:08 - [MESSAGE][PASSED] - Text 'Tax Information' is present on page  using regular expression

2024-11-12 16:16:08 - [TEST_STEP][PASSED] - verifyTextNotPresent("Notice Number", true): Text 'Notice Number' is not present on page using regular expression

2024-11-12 16:16:08 - [MESSAGE][PASSED] - Text 'Notice Number' is not present on page using regular expression

2024-11-12 16:16:08 - [TEST_STEP][PASSED] - if (month.trim()): null

2024-11-12 16:16:08 - [TEST_STEP][PASSED] - else: Text 'Period Ending' is not present on page using regular expression

2024-11-12 16:16:08 - [TEST_STEP][PASSED] - verifyTextNotPresent("Period Ending", true): Text 'Period Ending' is not present on page using regular expression

2024-11-12 16:16:09 - [MESSAGE][PASSED] - Text 'Period Ending' is not present on page using regular expression

2024-11-12 16:16:09 - [TEST_STEP][PASSED] - if (feinSSN.equalsIgnoreCase("Y")): Text 'XXXXX6187' is present on page  using regular expression

2024-11-12 16:16:09 - [TEST_STEP][PASSED] - verifyTextPresent("FEIN/SSN:", true): Text 'FEIN/SSN:' is present on page  using regular expression

2024-11-12 16:16:09 - [MESSAGE][PASSED] - Text 'FEIN/SSN:' is present on page  using regular expression

2024-11-12 16:16:09 - [TEST_STEP][PASSED] - verifyTextNotPresent("Federal EIN:", true): Text 'Federal EIN:' is not present on page using regular expression

2024-11-12 16:16:09 - [MESSAGE][PASSED] - Text 'Federal EIN:' is not present on page using regular expression

2024-11-12 16:16:09 - [TEST_STEP][PASSED] - verifyTextPresent("XXXXX6187", true): Text 'XXXXX6187' is present on page  using regular expression

2024-11-12 16:16:10 - [MESSAGE][PASSED] - Text 'XXXXX6187' is present on page  using regular expression

2024-11-12 16:16:10 - [TEST_STEP][PASSED] - if (TaxType.equalsIgnoreCase("Estate Tax")): null

2024-11-12 16:16:10 - [TEST_STEP][PASSED] - if (CRN.equalsIgnoreCase("Y")): null

2024-11-12 16:16:10 - [TEST_STEP][PASSED] - else: Text 'MD Central Registration Number' is not present on page using regular expression

2024-11-12 16:16:10 - [TEST_STEP][PASSED] - verifyTextNotPresent("MD Central Registration Number", true): Text 'MD Central Registration Number' is not present on page using regular expression

2024-11-12 16:16:10 - [MESSAGE][PASSED] - Text 'MD Central Registration Number' is not present on page using regular expression

2024-11-12 16:16:10 - [TEST_STEP][PASSED] - if (MFLicNum.equalsIgnoreCase("Y")): null

2024-11-12 16:16:10 - [TEST_STEP][PASSED] - else: Text 'Motor Fuel License Number#:' is not present on page using regular expression

2024-11-12 16:16:10 - [TEST_STEP][PASSED] - verifyTextNotPresent("Motor Fuel License Number#:", true): Text 'Motor Fuel License Number#:' is not present on page using regular expression

2024-11-12 16:16:10 - [MESSAGE][PASSED] - Text 'Motor Fuel License Number#:' is not present on page using regular expression

2024-11-12 16:16:10 - [TEST_STEP][PASSED] - verifyTextPresent("Payment Amount:", true): Text 'Payment Amount:' is present on page  using regular expression

2024-11-12 16:16:11 - [MESSAGE][PASSED] - Text 'Payment Amount:' is present on page  using regular expression

2024-11-12 16:16:11 - [TEST_STEP][PASSED] - verifyTextPresent("100.00", true): Text '100.00' is present on page  using regular expression

2024-11-12 16:16:11 - [MESSAGE][PASSED] - Text '100.00' is present on page  using regular expression

2024-11-12 16:16:11 - [TEST_STEP][PASSED] - if (verifyElementVisible(findTestObject(orPath_Summary + "/button_Proceed to Payment"))): null

2024-11-12 16:16:11 - [MESSAGE][PASSED] - Object 'Object Repository/RAD_Pages/Summary_Page/button_Proceed to Payment' is visible

2024-11-12 16:16:11 - [TEST_STEP][PASSED] - resText = "Pass": null

2024-11-12 16:16:11 - [TEST_STEP][PASSED] - pages.WriteExcel.demoKey(resText, datText, resColumn, datCloumn, fileLoc, nameSheet, row): pages.WriteExcel.demoKey is PASSED

2024-11-12 16:16:11 - [MESSAGE][PASSED] - pages.WriteExcel.demoKey is PASSED

2024-11-12 16:16:11 - [TEST_STEP][PASSED] - click(findTestObject(orPath_Summary + "/button_Proceed to Payment")): Object: 'Object Repository/RAD_Pages/Summary_Page/button_Proceed to Payment' is clicked on

2024-11-12 16:16:14 - [MESSAGE][PASSED] - Object: 'Object Repository/RAD_Pages/Summary_Page/button_Proceed to Payment' is clicked on

2024-11-12 16:16:14 - [TEST_STEP][PASSED] - verifyElementPresent(findTestObject("Object Repository/RAD_Pages/PaymentEntry_Page/input__billingName"), 30): Object 'Object Repository/RAD_Pages/PaymentEntry_Page/input__billingName' is present

2024-11-12 16:16:14 - [MESSAGE][PASSED] - Object 'Object Repository/RAD_Pages/PaymentEntry_Page/input__billingName' is present

2024-11-12 16:16:14 - [TEST_STEP][PASSED] - ExecuteTC = findTestData(dataFile).getValue("Execute", row): null

2024-11-12 16:16:14 - [TEST_STEP][PASSED] - TaxType = findTestData(dataFile).getValue("TaxType", row): null

2024-11-12 16:16:14 - [TEST_STEP][PASSED] - PaymentType = findTestData(dataFile).getValue("PaymentType", row): null

2024-11-12 16:16:14 - [TEST_STEP][PASSED] - FilingYear = findTestData(dataFile).getValue("Year", row): null

2024-11-12 16:16:14 - [TEST_STEP][PASSED] - feinSSN = findTestData(dataFile).getValue("FeinSsn", row): null

2024-11-12 16:16:14 - [TEST_STEP][PASSED] - CRN = findTestData(dataFile).getValue("CRN", row): null

2024-11-12 16:16:15 - [TEST_STEP][PASSED] - month = findTestData(dataFile).getValue("Month", row): null

2024-11-12 16:16:15 - [TEST_STEP][PASSED] - MFLicNum = findTestData(dataFile).getValue("MFLicNum", row): null

2024-11-12 16:16:15 - [TEST_STEP][PASSED] - if (ExecuteTC.equalsIgnoreCase("Y")): Object 'Object Repository/RAD_Pages/PaymentEntry_Page/input__billingName' is present

2024-11-12 16:16:15 - [TEST_STEP][PASSED] - out.println("Begin Record Number: " + row): null

2024-11-12 16:16:15 - [TEST_STEP][PASSED] - today = new java.util.Date(): null

2024-11-12 16:16:15 - [TEST_STEP][PASSED] - println(today): null

2024-11-12 16:16:15 - [TEST_STEP][PASSED] - datText = today: null

2024-11-12 16:16:15 - [TEST_STEP][PASSED] - logInfo("Payment Type: New Tax Return Amount Due"): Payment Type: New Tax Return Amount Due

2024-11-12 16:16:15 - [MESSAGE][INFO] - Payment Type: New Tax Return Amount Due

2024-11-12 16:16:15 - [TEST_STEP][PASSED] - logInfo("Tax Type: " + TaxType): Tax Type: PTE Tax Electing S Corp

2024-11-12 16:16:15 - [MESSAGE][INFO] - Tax Type: PTE Tax Electing S Corp

2024-11-12 16:16:15 - [TEST_STEP][PASSED] - openBrowser(""): Browser is opened with url: ''

2024-11-12 16:16:15 - [MESSAGE][WARNING] - A browser is already opened. Closing browser and opening a new one

2024-11-12 16:16:16 - [MESSAGE][INFO] - Starting 'Chrome' driver

2024-11-12 16:16:16 - [MESSAGE][INFO] - User set preference: ['acceptInsecureCerts', 'true']

2024-11-12 16:16:16 - [MESSAGE][INFO] - Action delay is set to 0 milliseconds

2024-11-12 16:16:18 - [MESSAGE][PASSED] - Browser is opened with url: ''

2024-11-12 16:16:18 - [TEST_STEP][PASSED] - maximizeWindow(): Current window maximized

2024-11-12 16:16:18 - [MESSAGE][PASSED] - Current window maximized

2024-11-12 16:16:18 - [TEST_STEP][PASSED] - navigateToUrl(RADurl): Navigate to 'https://www.velocitypayment.com/client/rad/index.html' successfully

2024-11-12 16:16:20 - [MESSAGE][PASSED] - Navigate to 'https://www.velocitypayment.com/client/rad/index.html' successfully

2024-11-12 16:16:20 - [TEST_STEP][PASSED] - selectOptionByLabel(findTestObject(orPath_Landing + "/dd_TaxType"), "New Tax Return Amount Due", false): All options with label 'New Tax Return Amount Due' are selected in object 'Object Repository/RAD_Pages/Landing_Page/dd_TaxType' 

2024-11-12 16:16:20 - [MESSAGE][PASSED] - All options with label 'New Tax Return Amount Due' are selected in object 'Object Repository/RAD_Pages/Landing_Page/dd_TaxType' 

2024-11-12 16:16:20 - [TEST_STEP][PASSED] - selectOptionByLabel(findTestObject("Object Repository/RAD_Pages/Landing_Page/select_NewTaxReturnAmountDue_TaxType"), TaxType, false): All options with label 'PTE Tax Electing S Corp' are selected in object 'Object Repository/RAD_Pages/Landing_Page/select_NewTaxReturnAmountDue_TaxType' 

2024-11-12 16:16:21 - [MESSAGE][PASSED] - All options with label 'PTE Tax Electing S Corp' are selected in object 'Object Repository/RAD_Pages/Landing_Page/select_NewTaxReturnAmountDue_TaxType' 

2024-11-12 16:16:21 - [TEST_STEP][PASSED] - selectOptionByLabel(findTestObject(orPath_TaxTypeFilingYear + "/select_FilingYear"), FilingYear, false): All options with label '2023' are selected in object 'Object Repository/RAD_Pages/TaxTypeFilingYear_Page/select_FilingYear' 

2024-11-12 16:16:22 - [MESSAGE][PASSED] - All options with label '2023' are selected in object 'Object Repository/RAD_Pages/TaxTypeFilingYear_Page/select_FilingYear' 

2024-11-12 16:16:22 - [TEST_STEP][PASSED] - if (month.trim()): null

2024-11-12 16:16:22 - [TEST_STEP][PASSED] - rad.getSetDataRAD.setDataRADBusinessName(): rad.getSetDataRAD.setDataRADBusinessName is PASSED

2024-11-12 16:16:22 - [MESSAGE][PASSED] - Text 'My Company' is set on object 'Object Repository/RAD_Pages/Taxpayer_Page/input_businessName'

2024-11-12 16:16:22 - [MESSAGE][PASSED] - rad.getSetDataRAD.setDataRADBusinessName is PASSED

2024-11-12 16:16:22 - [TEST_STEP][PASSED] - rad.getSetDataRAD.setDataRADBusinessRep(): rad.getSetDataRAD.setDataRADBusinessRep is PASSED

2024-11-12 16:16:23 - [MESSAGE][PASSED] - Text 'BusRepFname' is set on object 'Object Repository/RAD_Pages/Taxpayer_Page/input_BusinessRepfirstName'

2024-11-12 16:16:24 - [MESSAGE][PASSED] - Text '' is set on object 'Object Repository/RAD_Pages/Taxpayer_Page/input_BusinessRepmiddleName'

2024-11-12 16:16:25 - [MESSAGE][PASSED] - Text 'BusRepLname' is set on object 'Object Repository/RAD_Pages/Taxpayer_Page/input_BusinessReplastName'

2024-11-12 16:16:25 - [MESSAGE][PASSED] - Text '' is set on object 'Object Repository/RAD_Pages/Taxpayer_Page/input_BusinessRepsuffix'

2024-11-12 16:16:25 - [MESSAGE][PASSED] - rad.getSetDataRAD.setDataRADBusinessRep is PASSED

2024-11-12 16:16:25 - [TEST_STEP][PASSED] - rad.getSetDataRAD.setDataRADAddress(): rad.getSetDataRAD.setDataRADAddress is PASSED

2024-11-12 16:16:26 - [MESSAGE][PASSED] - All options with label 'United States' are selected in object 'Object Repository/RAD_Pages/AddressAndContactInfo_Page/select_Country' 

2024-11-12 16:16:27 - [MESSAGE][PASSED] - Text '2508 Mandan Terrace' is set on object 'Object Repository/RAD_Pages/AddressAndContactInfo_Page/input_streetAddress1'

2024-11-12 16:16:28 - [MESSAGE][PASSED] - Text '' is set on object 'Object Repository/RAD_Pages/AddressAndContactInfo_Page/input_streetAddress2'

2024-11-12 16:16:28 - [MESSAGE][PASSED] - Text 'Gambrills' is set on object 'Object Repository/RAD_Pages/AddressAndContactInfo_Page/input_city'

2024-11-12 16:16:29 - [MESSAGE][PASSED] - All options with label 'Maryland' are selected in object 'Object Repository/RAD_Pages/AddressAndContactInfo_Page/select_State' 

2024-11-12 16:16:30 - [MESSAGE][PASSED] - Text '21054' is set on object 'Object Repository/RAD_Pages/AddressAndContactInfo_Page/input_zipCode'

2024-11-12 16:16:31 - [MESSAGE][PASSED] - Text '(703) 894-5000' is set on object 'Object Repository/RAD_Pages/AddressAndContactInfo_Page/input_phoneNumber'

2024-11-12 16:16:32 - [MESSAGE][PASSED] - Text 'iahmed@govolution.com' is set on object 'Object Repository/RAD_Pages/AddressAndContactInfo_Page/input_eMailAddress'

2024-11-12 16:16:32 - [MESSAGE][PASSED] - Text 'iahmed@govolution.com' is set on object 'Object Repository/RAD_Pages/AddressAndContactInfo_Page/input_reEnterEMailAddress'

2024-11-12 16:16:32 - [MESSAGE][PASSED] - rad.getSetDataRAD.setDataRADAddress is PASSED

2024-11-12 16:16:32 - [TEST_STEP][PASSED] - if (feinSSN.equalsIgnoreCase("Y")): Text ****** has been set on object 'Object Repository/RAD_Pages/TaxInfo_Page/input_TaxInfo_RetypeFeinSsn_New_2'

2024-11-12 16:16:32 - [TEST_STEP][PASSED] - setEncryptedText(findTestObject(orPath_TaxInfo + "/input_TaxInfo_FeinSsn_New_2"), "yXB7JMCbD3QoFF75EQd3iw=="): Text ****** has been set on object 'Object Repository/RAD_Pages/TaxInfo_Page/input_TaxInfo_FeinSsn_New_2'

2024-11-12 16:16:33 - [MESSAGE][PASSED] - Text ****** has been set on object 'Object Repository/RAD_Pages/TaxInfo_Page/input_TaxInfo_FeinSsn_New_2'

2024-11-12 16:16:33 - [TEST_STEP][PASSED] - setEncryptedText(findTestObject(orPath_TaxInfo + "/input_TaxInfo_RetypeFeinSsn_New_2"), "yXB7JMCbD3QoFF75EQd3iw=="): Text ****** has been set on object 'Object Repository/RAD_Pages/TaxInfo_Page/input_TaxInfo_RetypeFeinSsn_New_2'

2024-11-12 16:16:34 - [MESSAGE][PASSED] - Text ****** has been set on object 'Object Repository/RAD_Pages/TaxInfo_Page/input_TaxInfo_RetypeFeinSsn_New_2'

2024-11-12 16:16:34 - [TEST_STEP][PASSED] - if (CRN.equalsIgnoreCase("Y")): null

2024-11-12 16:16:34 - [TEST_STEP][PASSED] - if (MFLicNum.equalsIgnoreCase("Y")): null

2024-11-12 16:16:34 - [TEST_STEP][PASSED] - if (TaxType.equalsIgnoreCase("Estate Tax")): null

2024-11-12 16:16:34 - [TEST_STEP][PASSED] - setText(findTestObject(orPath_Amount + "/input__paymentAmount"), "100.00"): Text '100.00' is set on object 'Object Repository/RAD_Pages/PaymentAmount_Page/input__paymentAmount'

2024-11-12 16:16:34 - [MESSAGE][PASSED] - Text '100.00' is set on object 'Object Repository/RAD_Pages/PaymentAmount_Page/input__paymentAmount'

2024-11-12 16:16:34 - [TEST_STEP][PASSED] - setText(findTestObject(orPath_AddressContact + "/input_streetAddress2"), ""): Text '' is set on object 'Object Repository/RAD_Pages/AddressAndContactInfo_Page/input_streetAddress2'

2024-11-12 16:16:35 - [MESSAGE][PASSED] - Text '' is set on object 'Object Repository/RAD_Pages/AddressAndContactInfo_Page/input_streetAddress2'

2024-11-12 16:16:35 - [TEST_STEP][PASSED] - scrollToElement(findTestObject(orPath_Landing + "/button_Continue"), 3): Scroll to object 'Object Repository/RAD_Pages/Landing_Page/button_Continue' successfully

2024-11-12 16:16:35 - [MESSAGE][PASSED] - Scroll to object 'Object Repository/RAD_Pages/Landing_Page/button_Continue' successfully

2024-11-12 16:16:35 - [TEST_STEP][PASSED] - waitForElementClickable(findTestObject(orPath_Landing + "/button_Continue"), 5): Object 'Object Repository/RAD_Pages/Landing_Page/button_Continue' is clickable

2024-11-12 16:16:36 - [MESSAGE][PASSED] - Object 'Object Repository/RAD_Pages/Landing_Page/button_Continue' is clickable

2024-11-12 16:16:36 - [TEST_STEP][PASSED] - click(findTestObject(orPath_Landing + "/button_Continue")): Object: 'Object Repository/RAD_Pages/Landing_Page/button_Continue' is clicked on

2024-11-12 16:16:36 - [MESSAGE][PASSED] - Object: 'Object Repository/RAD_Pages/Landing_Page/button_Continue' is clicked on

2024-11-12 16:16:36 - [TEST_STEP][PASSED] - delay(2): Delayed 2 second(s)

2024-11-12 16:16:38 - [MESSAGE][PASSED] - Delayed 2 second(s)

2024-11-12 16:16:38 - [TEST_STEP][PASSED] - verifyTextPresent("Summary", true): Text 'Summary' is present on page  using regular expression

2024-11-12 16:16:39 - [MESSAGE][PASSED] - Text 'Summary' is present on page  using regular expression

2024-11-12 16:16:39 - [TEST_STEP][PASSED] - verifyTextPresent("Review the information below and make any necessary corrections by clicking the", true): Text 'Review the information below and make any necessary corrections by clicking the' is present on page  using regular expression

2024-11-12 16:16:39 - [MESSAGE][PASSED] - Text 'Review the information below and make any necessary corrections by clicking the' is present on page  using regular expression

2024-11-12 16:16:39 - [TEST_STEP][PASSED] - verifyTextPresent("When you are confident that all the information is correct, click the", true): Text 'When you are confident that all the information is correct, click the' is present on page  using regular expression

2024-11-12 16:16:39 - [MESSAGE][PASSED] - Text 'When you are confident that all the information is correct, click the' is present on page  using regular expression

2024-11-12 16:16:39 - [TEST_STEP][PASSED] - verifyTextPresent("Payment Type/Filing Year", true): Text 'Payment Type/Filing Year' is present on page  using regular expression

2024-11-12 16:16:40 - [MESSAGE][PASSED] - Text 'Payment Type/Filing Year' is present on page  using regular expression

2024-11-12 16:16:40 - [TEST_STEP][PASSED] - verifyTextPresent("Payment Type:", true): Text 'Payment Type:' is present on page  using regular expression

2024-11-12 16:16:40 - [MESSAGE][PASSED] - Text 'Payment Type:' is present on page  using regular expression

2024-11-12 16:16:40 - [TEST_STEP][PASSED] - verifyTextPresent("New Tax Return Amount Due", true): Text 'New Tax Return Amount Due' is present on page  using regular expression

2024-11-12 16:16:40 - [MESSAGE][PASSED] - Text 'New Tax Return Amount Due' is present on page  using regular expression

2024-11-12 16:16:40 - [TEST_STEP][PASSED] - verifyTextPresent("Filing Year:", true): Text 'Filing Year:' is present on page  using regular expression

2024-11-12 16:16:41 - [MESSAGE][PASSED] - Text 'Filing Year:' is present on page  using regular expression

2024-11-12 16:16:41 - [TEST_STEP][PASSED] - verifyTextPresent(FilingYear, true): Text '2023' is present on page  using regular expression

2024-11-12 16:16:41 - [MESSAGE][PASSED] - Text '2023' is present on page  using regular expression

2024-11-12 16:16:41 - [TEST_STEP][PASSED] - verifyTextPresent("Payer Information", true): Text 'Payer Information' is present on page  using regular expression

2024-11-12 16:16:41 - [MESSAGE][PASSED] - Text 'Payer Information' is present on page  using regular expression

2024-11-12 16:16:41 - [TEST_STEP][PASSED] - verifyTextPresent("Taxpayer Name:", true): Text 'Taxpayer Name:' is present on page  using regular expression

2024-11-12 16:16:42 - [MESSAGE][PASSED] - Text 'Taxpayer Name:' is present on page  using regular expression

2024-11-12 16:16:42 - [TEST_STEP][PASSED] - verifyTextPresent("My Company", true): Text 'My Company' is present on page  using regular expression

2024-11-12 16:16:42 - [MESSAGE][PASSED] - Text 'My Company' is present on page  using regular expression

2024-11-12 16:16:42 - [TEST_STEP][PASSED] - verifyTextPresent("Business Rep Name:", true): Text 'Business Rep Name:' is present on page  using regular expression

2024-11-12 16:16:42 - [MESSAGE][PASSED] - Text 'Business Rep Name:' is present on page  using regular expression

2024-11-12 16:16:42 - [TEST_STEP][PASSED] - verifyTextPresent("BusRepFname BusRepLname", true): Text 'BusRepFname BusRepLname' is present on page  using regular expression

2024-11-12 16:16:43 - [MESSAGE][PASSED] - Text 'BusRepFname BusRepLname' is present on page  using regular expression

2024-11-12 16:16:43 - [TEST_STEP][PASSED] - verifyTextPresent("Taxpayer Address:", true): Text 'Taxpayer Address:' is present on page  using regular expression

2024-11-12 16:16:43 - [MESSAGE][PASSED] - Text 'Taxpayer Address:' is present on page  using regular expression

2024-11-12 16:16:43 - [TEST_STEP][PASSED] - verifyTextPresent("2508 Mandan Terrace Gambrills Maryland 21054", true): Text '2508 Mandan Terrace Gambrills Maryland 21054' is present on page  using regular expression

2024-11-12 16:16:43 - [MESSAGE][PASSED] - Text '2508 Mandan Terrace Gambrills Maryland 21054' is present on page  using regular expression

2024-11-12 16:16:43 - [TEST_STEP][PASSED] - verifyTextPresent("Email:", true): Text 'Email:' is present on page  using regular expression

2024-11-12 16:16:44 - [MESSAGE][PASSED] - Text 'Email:' is present on page  using regular expression

2024-11-12 16:16:44 - [TEST_STEP][PASSED] - verifyTextPresent("iahmed@govolution.com", true): Text 'iahmed@govolution.com' is present on page  using regular expression

2024-11-12 16:16:44 - [MESSAGE][PASSED] - Text 'iahmed@govolution.com' is present on page  using regular expression

2024-11-12 16:16:44 - [TEST_STEP][PASSED] - verifyTextPresent("Phone:", true): Text 'Phone:' is present on page  using regular expression

2024-11-12 16:16:44 - [MESSAGE][PASSED] - Text 'Phone:' is present on page  using regular expression

2024-11-12 16:16:44 - [TEST_STEP][PASSED] - verifyTextPresent("(703) 894-5000", false): Text '(703) 894-5000' is present on page 

2024-11-12 16:16:45 - [MESSAGE][PASSED] - Text '(703) 894-5000' is present on page 

2024-11-12 16:16:45 - [TEST_STEP][PASSED] - verifyTextPresent("Tax Information", true): Text 'Tax Information' is present on page  using regular expression

2024-11-12 16:16:45 - [MESSAGE][PASSED] - Text 'Tax Information' is present on page  using regular expression

2024-11-12 16:16:45 - [TEST_STEP][PASSED] - verifyTextNotPresent("Notice Number", true): Text 'Notice Number' is not present on page using regular expression

2024-11-12 16:16:45 - [MESSAGE][PASSED] - Text 'Notice Number' is not present on page using regular expression

2024-11-12 16:16:45 - [TEST_STEP][PASSED] - if (month.trim()): null

2024-11-12 16:16:45 - [TEST_STEP][PASSED] - else: Text 'Period Ending' is not present on page using regular expression

2024-11-12 16:16:45 - [TEST_STEP][PASSED] - verifyTextNotPresent("Period Ending", true): Text 'Period Ending' is not present on page using regular expression

2024-11-12 16:16:46 - [MESSAGE][PASSED] - Text 'Period Ending' is not present on page using regular expression

2024-11-12 16:16:46 - [TEST_STEP][PASSED] - if (feinSSN.equalsIgnoreCase("Y")): Text 'XXXXX6187' is present on page  using regular expression

2024-11-12 16:16:46 - [TEST_STEP][PASSED] - verifyTextPresent("FEIN/SSN:", true): Text 'FEIN/SSN:' is present on page  using regular expression

2024-11-12 16:16:46 - [MESSAGE][PASSED] - Text 'FEIN/SSN:' is present on page  using regular expression

2024-11-12 16:16:46 - [TEST_STEP][PASSED] - verifyTextNotPresent("Federal EIN:", true): Text 'Federal EIN:' is not present on page using regular expression

2024-11-12 16:16:46 - [MESSAGE][PASSED] - Text 'Federal EIN:' is not present on page using regular expression

2024-11-12 16:16:46 - [TEST_STEP][PASSED] - verifyTextPresent("XXXXX6187", true): Text 'XXXXX6187' is present on page  using regular expression

2024-11-12 16:16:47 - [MESSAGE][PASSED] - Text 'XXXXX6187' is present on page  using regular expression

2024-11-12 16:16:47 - [TEST_STEP][PASSED] - if (TaxType.equalsIgnoreCase("Estate Tax")): null

2024-11-12 16:16:47 - [TEST_STEP][PASSED] - if (CRN.equalsIgnoreCase("Y")): null

2024-11-12 16:16:47 - [TEST_STEP][PASSED] - else: Text 'MD Central Registration Number' is not present on page using regular expression

2024-11-12 16:16:47 - [TEST_STEP][PASSED] - verifyTextNotPresent("MD Central Registration Number", true): Text 'MD Central Registration Number' is not present on page using regular expression

2024-11-12 16:16:47 - [MESSAGE][PASSED] - Text 'MD Central Registration Number' is not present on page using regular expression

2024-11-12 16:16:47 - [TEST_STEP][PASSED] - if (MFLicNum.equalsIgnoreCase("Y")): null

2024-11-12 16:16:47 - [TEST_STEP][PASSED] - else: Text 'Motor Fuel License Number#:' is not present on page using regular expression

2024-11-12 16:16:47 - [TEST_STEP][PASSED] - verifyTextNotPresent("Motor Fuel License Number#:", true): Text 'Motor Fuel License Number#:' is not present on page using regular expression

2024-11-12 16:16:47 - [MESSAGE][PASSED] - Text 'Motor Fuel License Number#:' is not present on page using regular expression

2024-11-12 16:16:47 - [TEST_STEP][PASSED] - verifyTextPresent("Payment Amount:", true): Text 'Payment Amount:' is present on page  using regular expression

2024-11-12 16:16:48 - [MESSAGE][PASSED] - Text 'Payment Amount:' is present on page  using regular expression

2024-11-12 16:16:48 - [TEST_STEP][PASSED] - verifyTextPresent("100.00", true): Text '100.00' is present on page  using regular expression

2024-11-12 16:16:48 - [MESSAGE][PASSED] - Text '100.00' is present on page  using regular expression

2024-11-12 16:16:48 - [TEST_STEP][PASSED] - if (verifyElementVisible(findTestObject(orPath_Summary + "/button_Proceed to Payment"))): null

2024-11-12 16:16:48 - [MESSAGE][PASSED] - Object 'Object Repository/RAD_Pages/Summary_Page/button_Proceed to Payment' is visible

2024-11-12 16:16:48 - [TEST_STEP][PASSED] - resText = "Pass": null

2024-11-12 16:16:48 - [TEST_STEP][PASSED] - pages.WriteExcel.demoKey(resText, datText, resColumn, datCloumn, fileLoc, nameSheet, row): pages.WriteExcel.demoKey is PASSED

2024-11-12 16:16:48 - [MESSAGE][PASSED] - pages.WriteExcel.demoKey is PASSED

2024-11-12 16:16:48 - [TEST_STEP][PASSED] - click(findTestObject(orPath_Summary + "/button_Proceed to Payment")): Object: 'Object Repository/RAD_Pages/Summary_Page/button_Proceed to Payment' is clicked on

2024-11-12 16:16:52 - [MESSAGE][PASSED] - Object: 'Object Repository/RAD_Pages/Summary_Page/button_Proceed to Payment' is clicked on

2024-11-12 16:16:52 - [TEST_STEP][PASSED] - verifyElementPresent(findTestObject("Object Repository/RAD_Pages/PaymentEntry_Page/input__billingName"), 30): Object 'Object Repository/RAD_Pages/PaymentEntry_Page/input__billingName' is present

2024-11-12 16:16:52 - [MESSAGE][PASSED] - Object 'Object Repository/RAD_Pages/PaymentEntry_Page/input__billingName' is present

2024-11-12 16:16:52 - [TEST_STEP][PASSED] - ExecuteTC = findTestData(dataFile).getValue("Execute", row): null

2024-11-12 16:16:52 - [TEST_STEP][PASSED] - TaxType = findTestData(dataFile).getValue("TaxType", row): null

2024-11-12 16:16:52 - [TEST_STEP][PASSED] - PaymentType = findTestData(dataFile).getValue("PaymentType", row): null

2024-11-12 16:16:52 - [TEST_STEP][PASSED] - FilingYear = findTestData(dataFile).getValue("Year", row): null

2024-11-12 16:16:52 - [TEST_STEP][PASSED] - feinSSN = findTestData(dataFile).getValue("FeinSsn", row): null

2024-11-12 16:16:52 - [TEST_STEP][PASSED] - CRN = findTestData(dataFile).getValue("CRN", row): null

2024-11-12 16:16:52 - [TEST_STEP][PASSED] - month = findTestData(dataFile).getValue("Month", row): null

2024-11-12 16:16:52 - [TEST_STEP][PASSED] - MFLicNum = findTestData(dataFile).getValue("MFLicNum", row): null

2024-11-12 16:16:53 - [TEST_STEP][PASSED] - if (ExecuteTC.equalsIgnoreCase("Y")): Object 'Object Repository/RAD_Pages/PaymentEntry_Page/input__billingName' is present

2024-11-12 16:16:53 - [TEST_STEP][PASSED] - out.println("Begin Record Number: " + row): null

2024-11-12 16:16:53 - [TEST_STEP][PASSED] - today = new java.util.Date(): null

2024-11-12 16:16:53 - [TEST_STEP][PASSED] - println(today): null

2024-11-12 16:16:53 - [TEST_STEP][PASSED] - datText = today: null

2024-11-12 16:16:53 - [TEST_STEP][PASSED] - logInfo("Payment Type: New Tax Return Amount Due"): Payment Type: New Tax Return Amount Due

2024-11-12 16:16:53 - [MESSAGE][INFO] - Payment Type: New Tax Return Amount Due

2024-11-12 16:16:53 - [TEST_STEP][PASSED] - logInfo("Tax Type: " + TaxType): Tax Type: Fiduciary Tax

2024-11-12 16:16:53 - [MESSAGE][INFO] - Tax Type: Fiduciary Tax

2024-11-12 16:16:53 - [TEST_STEP][PASSED] - openBrowser(""): Browser is opened with url: ''

2024-11-12 16:16:53 - [MESSAGE][WARNING] - A browser is already opened. Closing browser and opening a new one

2024-11-12 16:16:54 - [MESSAGE][INFO] - Starting 'Chrome' driver

2024-11-12 16:16:54 - [MESSAGE][INFO] - User set preference: ['acceptInsecureCerts', 'true']

2024-11-12 16:16:54 - [MESSAGE][INFO] - Action delay is set to 0 milliseconds

2024-11-12 16:16:56 - [MESSAGE][PASSED] - Browser is opened with url: ''

2024-11-12 16:16:56 - [TEST_STEP][PASSED] - maximizeWindow(): Current window maximized

2024-11-12 16:16:56 - [MESSAGE][PASSED] - Current window maximized

2024-11-12 16:16:56 - [TEST_STEP][PASSED] - navigateToUrl(RADurl): Navigate to 'https://www.velocitypayment.com/client/rad/index.html' successfully

2024-11-12 16:16:57 - [MESSAGE][PASSED] - Navigate to 'https://www.velocitypayment.com/client/rad/index.html' successfully

2024-11-12 16:16:57 - [TEST_STEP][PASSED] - selectOptionByLabel(findTestObject(orPath_Landing + "/dd_TaxType"), "New Tax Return Amount Due", false): All options with label 'New Tax Return Amount Due' are selected in object 'Object Repository/RAD_Pages/Landing_Page/dd_TaxType' 

2024-11-12 16:16:58 - [MESSAGE][PASSED] - All options with label 'New Tax Return Amount Due' are selected in object 'Object Repository/RAD_Pages/Landing_Page/dd_TaxType' 

2024-11-12 16:16:58 - [TEST_STEP][PASSED] - selectOptionByLabel(findTestObject("Object Repository/RAD_Pages/Landing_Page/select_NewTaxReturnAmountDue_TaxType"), TaxType, false): All options with label 'Fiduciary Tax' are selected in object 'Object Repository/RAD_Pages/Landing_Page/select_NewTaxReturnAmountDue_TaxType' 

2024-11-12 16:16:59 - [MESSAGE][PASSED] - All options with label 'Fiduciary Tax' are selected in object 'Object Repository/RAD_Pages/Landing_Page/select_NewTaxReturnAmountDue_TaxType' 

2024-11-12 16:16:59 - [TEST_STEP][PASSED] - selectOptionByLabel(findTestObject(orPath_TaxTypeFilingYear + "/select_FilingYear"), FilingYear, false): All options with label '2022' are selected in object 'Object Repository/RAD_Pages/TaxTypeFilingYear_Page/select_FilingYear' 

2024-11-12 16:16:59 - [MESSAGE][PASSED] - All options with label '2022' are selected in object 'Object Repository/RAD_Pages/TaxTypeFilingYear_Page/select_FilingYear' 

2024-11-12 16:16:59 - [TEST_STEP][PASSED] - if (month.trim()): null

2024-11-12 16:16:59 - [TEST_STEP][PASSED] - rad.getSetDataRAD.setDataRADBusinessName(): rad.getSetDataRAD.setDataRADBusinessName is PASSED

2024-11-12 16:17:00 - [MESSAGE][PASSED] - Text 'My Company' is set on object 'Object Repository/RAD_Pages/Taxpayer_Page/input_businessName'

2024-11-12 16:17:00 - [MESSAGE][PASSED] - rad.getSetDataRAD.setDataRADBusinessName is PASSED

2024-11-12 16:17:00 - [TEST_STEP][PASSED] - rad.getSetDataRAD.setDataRADBusinessRep(): rad.getSetDataRAD.setDataRADBusinessRep is PASSED

2024-11-12 16:17:01 - [MESSAGE][PASSED] - Text 'BusRepFname' is set on object 'Object Repository/RAD_Pages/Taxpayer_Page/input_BusinessRepfirstName'

2024-11-12 16:17:02 - [MESSAGE][PASSED] - Text '' is set on object 'Object Repository/RAD_Pages/Taxpayer_Page/input_BusinessRepmiddleName'

2024-11-12 16:17:03 - [MESSAGE][PASSED] - Text 'BusRepLname' is set on object 'Object Repository/RAD_Pages/Taxpayer_Page/input_BusinessReplastName'

2024-11-12 16:17:03 - [MESSAGE][PASSED] - Text '' is set on object 'Object Repository/RAD_Pages/Taxpayer_Page/input_BusinessRepsuffix'

2024-11-12 16:17:03 - [MESSAGE][PASSED] - rad.getSetDataRAD.setDataRADBusinessRep is PASSED

2024-11-12 16:17:03 - [TEST_STEP][PASSED] - rad.getSetDataRAD.setDataRADAddress(): rad.getSetDataRAD.setDataRADAddress is PASSED

2024-11-12 16:17:04 - [MESSAGE][PASSED] - All options with label 'United States' are selected in object 'Object Repository/RAD_Pages/AddressAndContactInfo_Page/select_Country' 

2024-11-12 16:17:05 - [MESSAGE][PASSED] - Text '2508 Mandan Terrace' is set on object 'Object Repository/RAD_Pages/AddressAndContactInfo_Page/input_streetAddress1'

2024-11-12 16:17:05 - [MESSAGE][PASSED] - Text '' is set on object 'Object Repository/RAD_Pages/AddressAndContactInfo_Page/input_streetAddress2'

2024-11-12 16:17:06 - [MESSAGE][PASSED] - Text 'Gambrills' is set on object 'Object Repository/RAD_Pages/AddressAndContactInfo_Page/input_city'

2024-11-12 16:17:07 - [MESSAGE][PASSED] - All options with label 'Maryland' are selected in object 'Object Repository/RAD_Pages/AddressAndContactInfo_Page/select_State' 

2024-11-12 16:17:08 - [MESSAGE][PASSED] - Text '21054' is set on object 'Object Repository/RAD_Pages/AddressAndContactInfo_Page/input_zipCode'

2024-11-12 16:17:08 - [MESSAGE][PASSED] - Text '(703) 894-5000' is set on object 'Object Repository/RAD_Pages/AddressAndContactInfo_Page/input_phoneNumber'

2024-11-12 16:17:09 - [MESSAGE][PASSED] - Text 'iahmed@govolution.com' is set on object 'Object Repository/RAD_Pages/AddressAndContactInfo_Page/input_eMailAddress'

2024-11-12 16:17:10 - [MESSAGE][PASSED] - Text 'iahmed@govolution.com' is set on object 'Object Repository/RAD_Pages/AddressAndContactInfo_Page/input_reEnterEMailAddress'

2024-11-12 16:17:10 - [MESSAGE][PASSED] - rad.getSetDataRAD.setDataRADAddress is PASSED

2024-11-12 16:17:10 - [TEST_STEP][PASSED] - if (feinSSN.equalsIgnoreCase("Y")): null

2024-11-12 16:17:10 - [TEST_STEP][PASSED] - else: Text ****** has been set on object 'Object Repository/RAD_Pages/TaxInfo_Page/input_FederalEIN_ReEnter'

2024-11-12 16:17:10 - [TEST_STEP][PASSED] - if (!(TaxType.equalsIgnoreCase("Estate Tax"))): Text ****** has been set on object 'Object Repository/RAD_Pages/TaxInfo_Page/input_FederalEIN_ReEnter'

2024-11-12 16:17:10 - [TEST_STEP][PASSED] - setEncryptedText(findTestObject(orPath_TaxInfo + "/input_FederalEIN"), "yXB7JMCbD3QoFF75EQd3iw=="): Text ****** has been set on object 'Object Repository/RAD_Pages/TaxInfo_Page/input_FederalEIN'

2024-11-12 16:17:11 - [MESSAGE][PASSED] - Text ****** has been set on object 'Object Repository/RAD_Pages/TaxInfo_Page/input_FederalEIN'

2024-11-12 16:17:11 - [TEST_STEP][PASSED] - setEncryptedText(findTestObject(orPath_TaxInfo + "/input_FederalEIN_ReEnter"), "yXB7JMCbD3QoFF75EQd3iw=="): Text ****** has been set on object 'Object Repository/RAD_Pages/TaxInfo_Page/input_FederalEIN_ReEnter'

2024-11-12 16:17:11 - [MESSAGE][PASSED] - Text ****** has been set on object 'Object Repository/RAD_Pages/TaxInfo_Page/input_FederalEIN_ReEnter'

2024-11-12 16:17:11 - [TEST_STEP][PASSED] - if (CRN.equalsIgnoreCase("Y")): null

2024-11-12 16:17:11 - [TEST_STEP][PASSED] - if (MFLicNum.equalsIgnoreCase("Y")): null

2024-11-12 16:17:11 - [TEST_STEP][PASSED] - if (TaxType.equalsIgnoreCase("Estate Tax")): null

2024-11-12 16:17:11 - [TEST_STEP][PASSED] - setText(findTestObject(orPath_Amount + "/input__paymentAmount"), "100.00"): Text '100.00' is set on object 'Object Repository/RAD_Pages/PaymentAmount_Page/input__paymentAmount'

2024-11-12 16:17:12 - [MESSAGE][PASSED] - Text '100.00' is set on object 'Object Repository/RAD_Pages/PaymentAmount_Page/input__paymentAmount'

2024-11-12 16:17:12 - [TEST_STEP][PASSED] - setText(findTestObject(orPath_AddressContact + "/input_streetAddress2"), ""): Text '' is set on object 'Object Repository/RAD_Pages/AddressAndContactInfo_Page/input_streetAddress2'

2024-11-12 16:17:13 - [MESSAGE][PASSED] - Text '' is set on object 'Object Repository/RAD_Pages/AddressAndContactInfo_Page/input_streetAddress2'

2024-11-12 16:17:13 - [TEST_STEP][PASSED] - scrollToElement(findTestObject(orPath_Landing + "/button_Continue"), 3): Scroll to object 'Object Repository/RAD_Pages/Landing_Page/button_Continue' successfully

2024-11-12 16:17:13 - [MESSAGE][PASSED] - Scroll to object 'Object Repository/RAD_Pages/Landing_Page/button_Continue' successfully

2024-11-12 16:17:13 - [TEST_STEP][PASSED] - waitForElementClickable(findTestObject(orPath_Landing + "/button_Continue"), 5): Object 'Object Repository/RAD_Pages/Landing_Page/button_Continue' is clickable

2024-11-12 16:17:14 - [MESSAGE][PASSED] - Object 'Object Repository/RAD_Pages/Landing_Page/button_Continue' is clickable

2024-11-12 16:17:14 - [TEST_STEP][PASSED] - click(findTestObject(orPath_Landing + "/button_Continue")): Object: 'Object Repository/RAD_Pages/Landing_Page/button_Continue' is clicked on

2024-11-12 16:17:14 - [MESSAGE][PASSED] - Object: 'Object Repository/RAD_Pages/Landing_Page/button_Continue' is clicked on

2024-11-12 16:17:14 - [TEST_STEP][PASSED] - delay(2): Delayed 2 second(s)

2024-11-12 16:17:16 - [MESSAGE][PASSED] - Delayed 2 second(s)

2024-11-12 16:17:16 - [TEST_STEP][PASSED] - verifyTextPresent("Summary", true): Text 'Summary' is present on page  using regular expression

2024-11-12 16:17:17 - [MESSAGE][PASSED] - Text 'Summary' is present on page  using regular expression

2024-11-12 16:17:17 - [TEST_STEP][PASSED] - verifyTextPresent("Review the information below and make any necessary corrections by clicking the", true): Text 'Review the information below and make any necessary corrections by clicking the' is present on page  using regular expression

2024-11-12 16:17:17 - [MESSAGE][PASSED] - Text 'Review the information below and make any necessary corrections by clicking the' is present on page  using regular expression

2024-11-12 16:17:17 - [TEST_STEP][PASSED] - verifyTextPresent("When you are confident that all the information is correct, click the", true): Text 'When you are confident that all the information is correct, click the' is present on page  using regular expression

2024-11-12 16:17:17 - [MESSAGE][PASSED] - Text 'When you are confident that all the information is correct, click the' is present on page  using regular expression

2024-11-12 16:17:17 - [TEST_STEP][PASSED] - verifyTextPresent("Payment Type/Filing Year", true): Text 'Payment Type/Filing Year' is present on page  using regular expression

2024-11-12 16:17:17 - [MESSAGE][PASSED] - Text 'Payment Type/Filing Year' is present on page  using regular expression

2024-11-12 16:17:17 - [TEST_STEP][PASSED] - verifyTextPresent("Payment Type:", true): Text 'Payment Type:' is present on page  using regular expression

2024-11-12 16:17:18 - [MESSAGE][PASSED] - Text 'Payment Type:' is present on page  using regular expression

2024-11-12 16:17:18 - [TEST_STEP][PASSED] - verifyTextPresent("New Tax Return Amount Due", true): Text 'New Tax Return Amount Due' is present on page  using regular expression

2024-11-12 16:17:18 - [MESSAGE][PASSED] - Text 'New Tax Return Amount Due' is present on page  using regular expression

2024-11-12 16:17:18 - [TEST_STEP][PASSED] - verifyTextPresent("Filing Year:", true): Text 'Filing Year:' is present on page  using regular expression

2024-11-12 16:17:18 - [MESSAGE][PASSED] - Text 'Filing Year:' is present on page  using regular expression

2024-11-12 16:17:18 - [TEST_STEP][PASSED] - verifyTextPresent(FilingYear, true): Text '2022' is present on page  using regular expression

2024-11-12 16:17:19 - [MESSAGE][PASSED] - Text '2022' is present on page  using regular expression

2024-11-12 16:17:19 - [TEST_STEP][PASSED] - verifyTextPresent("Payer Information", true): Text 'Payer Information' is present on page  using regular expression

2024-11-12 16:17:19 - [MESSAGE][PASSED] - Text 'Payer Information' is present on page  using regular expression

2024-11-12 16:17:19 - [TEST_STEP][PASSED] - verifyTextPresent("Taxpayer Name:", true): Text 'Taxpayer Name:' is present on page  using regular expression

2024-11-12 16:17:19 - [MESSAGE][PASSED] - Text 'Taxpayer Name:' is present on page  using regular expression

2024-11-12 16:17:19 - [TEST_STEP][PASSED] - verifyTextPresent("My Company", true): Text 'My Company' is present on page  using regular expression

2024-11-12 16:17:20 - [MESSAGE][PASSED] - Text 'My Company' is present on page  using regular expression

2024-11-12 16:17:20 - [TEST_STEP][PASSED] - verifyTextPresent("Business Rep Name:", true): Text 'Business Rep Name:' is present on page  using regular expression

2024-11-12 16:17:20 - [MESSAGE][PASSED] - Text 'Business Rep Name:' is present on page  using regular expression

2024-11-12 16:17:20 - [TEST_STEP][PASSED] - verifyTextPresent("BusRepFname BusRepLname", true): Text 'BusRepFname BusRepLname' is present on page  using regular expression

2024-11-12 16:17:20 - [MESSAGE][PASSED] - Text 'BusRepFname BusRepLname' is present on page  using regular expression

2024-11-12 16:17:20 - [TEST_STEP][PASSED] - verifyTextPresent("Taxpayer Address:", true): Text 'Taxpayer Address:' is present on page  using regular expression

2024-11-12 16:17:21 - [MESSAGE][PASSED] - Text 'Taxpayer Address:' is present on page  using regular expression

2024-11-12 16:17:21 - [TEST_STEP][PASSED] - verifyTextPresent("2508 Mandan Terrace Gambrills Maryland 21054", true): Text '2508 Mandan Terrace Gambrills Maryland 21054' is present on page  using regular expression

2024-11-12 16:17:21 - [MESSAGE][PASSED] - Text '2508 Mandan Terrace Gambrills Maryland 21054' is present on page  using regular expression

2024-11-12 16:17:21 - [TEST_STEP][PASSED] - verifyTextPresent("Email:", true): Text 'Email:' is present on page  using regular expression

2024-11-12 16:17:21 - [MESSAGE][PASSED] - Text 'Email:' is present on page  using regular expression

2024-11-12 16:17:21 - [TEST_STEP][PASSED] - verifyTextPresent("iahmed@govolution.com", true): Text 'iahmed@govolution.com' is present on page  using regular expression

2024-11-12 16:17:22 - [MESSAGE][PASSED] - Text 'iahmed@govolution.com' is present on page  using regular expression

2024-11-12 16:17:22 - [TEST_STEP][PASSED] - verifyTextPresent("Phone:", true): Text 'Phone:' is present on page  using regular expression

2024-11-12 16:17:22 - [MESSAGE][PASSED] - Text 'Phone:' is present on page  using regular expression

2024-11-12 16:17:22 - [TEST_STEP][PASSED] - verifyTextPresent("(703) 894-5000", false): Text '(703) 894-5000' is present on page 

2024-11-12 16:17:22 - [MESSAGE][PASSED] - Text '(703) 894-5000' is present on page 

2024-11-12 16:17:22 - [TEST_STEP][PASSED] - verifyTextPresent("Tax Information", true): Text 'Tax Information' is present on page  using regular expression

2024-11-12 16:17:23 - [MESSAGE][PASSED] - Text 'Tax Information' is present on page  using regular expression

2024-11-12 16:17:23 - [TEST_STEP][PASSED] - verifyTextNotPresent("Notice Number", true): Text 'Notice Number' is not present on page using regular expression

2024-11-12 16:17:23 - [MESSAGE][PASSED] - Text 'Notice Number' is not present on page using regular expression

2024-11-12 16:17:23 - [TEST_STEP][PASSED] - if (month.trim()): null

2024-11-12 16:17:23 - [TEST_STEP][PASSED] - else: Text 'Period Ending' is not present on page using regular expression

2024-11-12 16:17:23 - [TEST_STEP][PASSED] - verifyTextNotPresent("Period Ending", true): Text 'Period Ending' is not present on page using regular expression

2024-11-12 16:17:23 - [MESSAGE][PASSED] - Text 'Period Ending' is not present on page using regular expression

2024-11-12 16:17:23 - [TEST_STEP][PASSED] - if (feinSSN.equalsIgnoreCase("Y")): null

2024-11-12 16:17:23 - [TEST_STEP][PASSED] - else: Text 'XXXXXXX87' is present on page  using regular expression

2024-11-12 16:17:23 - [TEST_STEP][PASSED] - if (!(TaxType.equalsIgnoreCase("Estate Tax"))): Text 'XXXXXXX87' is present on page  using regular expression

2024-11-12 16:17:23 - [TEST_STEP][PASSED] - verifyTextPresent("Federal EIN:", true): Text 'Federal EIN:' is present on page  using regular expression

2024-11-12 16:17:24 - [MESSAGE][PASSED] - Text 'Federal EIN:' is present on page  using regular expression

2024-11-12 16:17:24 - [TEST_STEP][PASSED] - verifyTextNotPresent("FEIN/SSN:", true): Text 'FEIN/SSN:' is not present on page using regular expression

2024-11-12 16:17:24 - [MESSAGE][PASSED] - Text 'FEIN/SSN:' is not present on page using regular expression

2024-11-12 16:17:24 - [TEST_STEP][PASSED] - verifyTextPresent("XXXXXXX87", true): Text 'XXXXXXX87' is present on page  using regular expression

2024-11-12 16:17:24 - [MESSAGE][PASSED] - Text 'XXXXXXX87' is present on page  using regular expression

2024-11-12 16:17:24 - [TEST_STEP][PASSED] - if (TaxType.equalsIgnoreCase("Estate Tax")): null

2024-11-12 16:17:24 - [TEST_STEP][PASSED] - if (CRN.equalsIgnoreCase("Y")): null

2024-11-12 16:17:24 - [TEST_STEP][PASSED] - else: Text 'MD Central Registration Number' is not present on page using regular expression

2024-11-12 16:17:24 - [TEST_STEP][PASSED] - verifyTextNotPresent("MD Central Registration Number", true): Text 'MD Central Registration Number' is not present on page using regular expression

2024-11-12 16:17:25 - [MESSAGE][PASSED] - Text 'MD Central Registration Number' is not present on page using regular expression

2024-11-12 16:17:25 - [TEST_STEP][PASSED] - if (MFLicNum.equalsIgnoreCase("Y")): null

2024-11-12 16:17:25 - [TEST_STEP][PASSED] - else: Text 'Motor Fuel License Number#:' is not present on page using regular expression

2024-11-12 16:17:25 - [TEST_STEP][PASSED] - verifyTextNotPresent("Motor Fuel License Number#:", true): Text 'Motor Fuel License Number#:' is not present on page using regular expression

2024-11-12 16:17:25 - [MESSAGE][PASSED] - Text 'Motor Fuel License Number#:' is not present on page using regular expression

2024-11-12 16:17:25 - [TEST_STEP][PASSED] - verifyTextPresent("Payment Amount:", true): Text 'Payment Amount:' is present on page  using regular expression

2024-11-12 16:17:25 - [MESSAGE][PASSED] - Text 'Payment Amount:' is present on page  using regular expression

2024-11-12 16:17:25 - [TEST_STEP][PASSED] - verifyTextPresent("100.00", true): Text '100.00' is present on page  using regular expression

2024-11-12 16:17:26 - [MESSAGE][PASSED] - Text '100.00' is present on page  using regular expression

2024-11-12 16:17:26 - [TEST_STEP][PASSED] - if (verifyElementVisible(findTestObject(orPath_Summary + "/button_Proceed to Payment"))): null

2024-11-12 16:17:26 - [MESSAGE][PASSED] - Object 'Object Repository/RAD_Pages/Summary_Page/button_Proceed to Payment' is visible

2024-11-12 16:17:26 - [TEST_STEP][PASSED] - resText = "Pass": null

2024-11-12 16:17:26 - [TEST_STEP][PASSED] - pages.WriteExcel.demoKey(resText, datText, resColumn, datCloumn, fileLoc, nameSheet, row): pages.WriteExcel.demoKey is PASSED

2024-11-12 16:17:26 - [MESSAGE][PASSED] - pages.WriteExcel.demoKey is PASSED

2024-11-12 16:17:26 - [TEST_STEP][PASSED] - click(findTestObject(orPath_Summary + "/button_Proceed to Payment")): Object: 'Object Repository/RAD_Pages/Summary_Page/button_Proceed to Payment' is clicked on

2024-11-12 16:17:30 - [MESSAGE][PASSED] - Object: 'Object Repository/RAD_Pages/Summary_Page/button_Proceed to Payment' is clicked on

2024-11-12 16:17:30 - [TEST_STEP][PASSED] - verifyElementPresent(findTestObject("Object Repository/RAD_Pages/PaymentEntry_Page/input__billingName"), 30): Object 'Object Repository/RAD_Pages/PaymentEntry_Page/input__billingName' is present

2024-11-12 16:17:31 - [MESSAGE][PASSED] - Object 'Object Repository/RAD_Pages/PaymentEntry_Page/input__billingName' is present

2024-11-12 16:17:31 - [TEST_STEP][PASSED] - ExecuteTC = findTestData(dataFile).getValue("Execute", row): null

2024-11-12 16:17:31 - [TEST_STEP][PASSED] - TaxType = findTestData(dataFile).getValue("TaxType", row): null

2024-11-12 16:17:31 - [TEST_STEP][PASSED] - PaymentType = findTestData(dataFile).getValue("PaymentType", row): null

2024-11-12 16:17:31 - [TEST_STEP][PASSED] - FilingYear = findTestData(dataFile).getValue("Year", row): null

2024-11-12 16:17:31 - [TEST_STEP][PASSED] - feinSSN = findTestData(dataFile).getValue("FeinSsn", row): null

2024-11-12 16:17:31 - [TEST_STEP][PASSED] - CRN = findTestData(dataFile).getValue("CRN", row): null

2024-11-12 16:17:31 - [TEST_STEP][PASSED] - month = findTestData(dataFile).getValue("Month", row): null

2024-11-12 16:17:31 - [TEST_STEP][PASSED] - MFLicNum = findTestData(dataFile).getValue("MFLicNum", row): null

2024-11-12 16:17:31 - [TEST_STEP][PASSED] - if (ExecuteTC.equalsIgnoreCase("Y")): Object 'Object Repository/RAD_Pages/PaymentEntry_Page/input__billingName' is present

2024-11-12 16:17:31 - [TEST_STEP][PASSED] - out.println("Begin Record Number: " + row): null

2024-11-12 16:17:31 - [TEST_STEP][PASSED] - today = new java.util.Date(): null

2024-11-12 16:17:31 - [TEST_STEP][PASSED] - println(today): null

2024-11-12 16:17:31 - [TEST_STEP][PASSED] - datText = today: null

2024-11-12 16:17:31 - [TEST_STEP][PASSED] - logInfo("Payment Type: New Tax Return Amount Due"): Payment Type: New Tax Return Amount Due

2024-11-12 16:17:31 - [MESSAGE][INFO] - Payment Type: New Tax Return Amount Due

2024-11-12 16:17:31 - [TEST_STEP][PASSED] - logInfo("Tax Type: " + TaxType): Tax Type: PTE Non-Electing Non-S Corp

2024-11-12 16:17:31 - [MESSAGE][INFO] - Tax Type: PTE Non-Electing Non-S Corp

2024-11-12 16:17:31 - [TEST_STEP][PASSED] - openBrowser(""): Browser is opened with url: ''

2024-11-12 16:17:31 - [MESSAGE][WARNING] - A browser is already opened. Closing browser and opening a new one

2024-11-12 16:17:33 - [MESSAGE][INFO] - Starting 'Chrome' driver

2024-11-12 16:17:33 - [MESSAGE][INFO] - User set preference: ['acceptInsecureCerts', 'true']

2024-11-12 16:17:33 - [MESSAGE][INFO] - Action delay is set to 0 milliseconds

2024-11-12 16:17:34 - [MESSAGE][PASSED] - Browser is opened with url: ''

2024-11-12 16:17:34 - [TEST_STEP][PASSED] - maximizeWindow(): Current window maximized

2024-11-12 16:17:34 - [MESSAGE][PASSED] - Current window maximized

2024-11-12 16:17:34 - [TEST_STEP][PASSED] - navigateToUrl(RADurl): Navigate to 'https://www.velocitypayment.com/client/rad/index.html' successfully

2024-11-12 16:17:39 - [MESSAGE][PASSED] - Navigate to 'https://www.velocitypayment.com/client/rad/index.html' successfully

2024-11-12 16:17:39 - [TEST_STEP][PASSED] - selectOptionByLabel(findTestObject(orPath_Landing + "/dd_TaxType"), "New Tax Return Amount Due", false): All options with label 'New Tax Return Amount Due' are selected in object 'Object Repository/RAD_Pages/Landing_Page/dd_TaxType' 

2024-11-12 16:17:39 - [MESSAGE][PASSED] - All options with label 'New Tax Return Amount Due' are selected in object 'Object Repository/RAD_Pages/Landing_Page/dd_TaxType' 

2024-11-12 16:17:39 - [TEST_STEP][PASSED] - selectOptionByLabel(findTestObject("Object Repository/RAD_Pages/Landing_Page/select_NewTaxReturnAmountDue_TaxType"), TaxType, false): All options with label 'PTE Non-Electing Non-S Corp' are selected in object 'Object Repository/RAD_Pages/Landing_Page/select_NewTaxReturnAmountDue_TaxType' 

2024-11-12 16:17:40 - [MESSAGE][PASSED] - All options with label 'PTE Non-Electing Non-S Corp' are selected in object 'Object Repository/RAD_Pages/Landing_Page/select_NewTaxReturnAmountDue_TaxType' 

2024-11-12 16:17:40 - [TEST_STEP][PASSED] - selectOptionByLabel(findTestObject(orPath_TaxTypeFilingYear + "/select_FilingYear"), FilingYear, false): All options with label '2022' are selected in object 'Object Repository/RAD_Pages/TaxTypeFilingYear_Page/select_FilingYear' 

2024-11-12 16:17:41 - [MESSAGE][PASSED] - All options with label '2022' are selected in object 'Object Repository/RAD_Pages/TaxTypeFilingYear_Page/select_FilingYear' 

2024-11-12 16:17:41 - [TEST_STEP][PASSED] - if (month.trim()): null

2024-11-12 16:17:41 - [TEST_STEP][PASSED] - rad.getSetDataRAD.setDataRADBusinessName(): rad.getSetDataRAD.setDataRADBusinessName is PASSED

2024-11-12 16:17:42 - [MESSAGE][PASSED] - Text 'My Company' is set on object 'Object Repository/RAD_Pages/Taxpayer_Page/input_businessName'

2024-11-12 16:17:42 - [MESSAGE][PASSED] - rad.getSetDataRAD.setDataRADBusinessName is PASSED

2024-11-12 16:17:42 - [TEST_STEP][PASSED] - rad.getSetDataRAD.setDataRADBusinessRep(): rad.getSetDataRAD.setDataRADBusinessRep is PASSED

2024-11-12 16:17:42 - [MESSAGE][PASSED] - Text 'BusRepFname' is set on object 'Object Repository/RAD_Pages/Taxpayer_Page/input_BusinessRepfirstName'

2024-11-12 16:17:43 - [MESSAGE][PASSED] - Text '' is set on object 'Object Repository/RAD_Pages/Taxpayer_Page/input_BusinessRepmiddleName'

2024-11-12 16:17:44 - [MESSAGE][PASSED] - Text 'BusRepLname' is set on object 'Object Repository/RAD_Pages/Taxpayer_Page/input_BusinessReplastName'

2024-11-12 16:17:45 - [MESSAGE][PASSED] - Text '' is set on object 'Object Repository/RAD_Pages/Taxpayer_Page/input_BusinessRepsuffix'

2024-11-12 16:17:45 - [MESSAGE][PASSED] - rad.getSetDataRAD.setDataRADBusinessRep is PASSED

2024-11-12 16:17:45 - [TEST_STEP][PASSED] - rad.getSetDataRAD.setDataRADAddress(): rad.getSetDataRAD.setDataRADAddress is PASSED

2024-11-12 16:17:45 - [MESSAGE][PASSED] - All options with label 'United States' are selected in object 'Object Repository/RAD_Pages/AddressAndContactInfo_Page/select_Country' 

2024-11-12 16:17:46 - [MESSAGE][PASSED] - Text '2508 Mandan Terrace' is set on object 'Object Repository/RAD_Pages/AddressAndContactInfo_Page/input_streetAddress1'

2024-11-12 16:17:47 - [MESSAGE][PASSED] - Text '' is set on object 'Object Repository/RAD_Pages/AddressAndContactInfo_Page/input_streetAddress2'

2024-11-12 16:17:48 - [MESSAGE][PASSED] - Text 'Gambrills' is set on object 'Object Repository/RAD_Pages/AddressAndContactInfo_Page/input_city'

2024-11-12 16:17:48 - [MESSAGE][PASSED] - All options with label 'Maryland' are selected in object 'Object Repository/RAD_Pages/AddressAndContactInfo_Page/select_State' 

2024-11-12 16:17:49 - [MESSAGE][PASSED] - Text '21054' is set on object 'Object Repository/RAD_Pages/AddressAndContactInfo_Page/input_zipCode'

2024-11-12 16:17:50 - [MESSAGE][PASSED] - Text '(703) 894-5000' is set on object 'Object Repository/RAD_Pages/AddressAndContactInfo_Page/input_phoneNumber'

2024-11-12 16:17:50 - [MESSAGE][PASSED] - Text 'iahmed@govolution.com' is set on object 'Object Repository/RAD_Pages/AddressAndContactInfo_Page/input_eMailAddress'

2024-11-12 16:17:51 - [MESSAGE][PASSED] - Text 'iahmed@govolution.com' is set on object 'Object Repository/RAD_Pages/AddressAndContactInfo_Page/input_reEnterEMailAddress'

2024-11-12 16:17:51 - [MESSAGE][PASSED] - rad.getSetDataRAD.setDataRADAddress is PASSED

2024-11-12 16:17:51 - [TEST_STEP][PASSED] - if (feinSSN.equalsIgnoreCase("Y")): Text ****** has been set on object 'Object Repository/RAD_Pages/TaxInfo_Page/input_TaxInfo_RetypeFeinSsn_New_2'

2024-11-12 16:17:51 - [TEST_STEP][PASSED] - setEncryptedText(findTestObject(orPath_TaxInfo + "/input_TaxInfo_FeinSsn_New_2"), "yXB7JMCbD3QoFF75EQd3iw=="): Text ****** has been set on object 'Object Repository/RAD_Pages/TaxInfo_Page/input_TaxInfo_FeinSsn_New_2'

2024-11-12 16:17:52 - [MESSAGE][PASSED] - Text ****** has been set on object 'Object Repository/RAD_Pages/TaxInfo_Page/input_TaxInfo_FeinSsn_New_2'

2024-11-12 16:17:52 - [TEST_STEP][PASSED] - setEncryptedText(findTestObject(orPath_TaxInfo + "/input_TaxInfo_RetypeFeinSsn_New_2"), "yXB7JMCbD3QoFF75EQd3iw=="): Text ****** has been set on object 'Object Repository/RAD_Pages/TaxInfo_Page/input_TaxInfo_RetypeFeinSsn_New_2'

2024-11-12 16:17:53 - [MESSAGE][PASSED] - Text ****** has been set on object 'Object Repository/RAD_Pages/TaxInfo_Page/input_TaxInfo_RetypeFeinSsn_New_2'

2024-11-12 16:17:53 - [TEST_STEP][PASSED] - if (CRN.equalsIgnoreCase("Y")): null

2024-11-12 16:17:53 - [TEST_STEP][PASSED] - if (MFLicNum.equalsIgnoreCase("Y")): null

2024-11-12 16:17:53 - [TEST_STEP][PASSED] - if (TaxType.equalsIgnoreCase("Estate Tax")): null

2024-11-12 16:17:53 - [TEST_STEP][PASSED] - setText(findTestObject(orPath_Amount + "/input__paymentAmount"), "100.00"): Text '100.00' is set on object 'Object Repository/RAD_Pages/PaymentAmount_Page/input__paymentAmount'

2024-11-12 16:17:53 - [MESSAGE][PASSED] - Text '100.00' is set on object 'Object Repository/RAD_Pages/PaymentAmount_Page/input__paymentAmount'

2024-11-12 16:17:53 - [TEST_STEP][PASSED] - setText(findTestObject(orPath_AddressContact + "/input_streetAddress2"), ""): Text '' is set on object 'Object Repository/RAD_Pages/AddressAndContactInfo_Page/input_streetAddress2'

2024-11-12 16:17:54 - [MESSAGE][PASSED] - Text '' is set on object 'Object Repository/RAD_Pages/AddressAndContactInfo_Page/input_streetAddress2'

2024-11-12 16:17:54 - [TEST_STEP][PASSED] - scrollToElement(findTestObject(orPath_Landing + "/button_Continue"), 3): Scroll to object 'Object Repository/RAD_Pages/Landing_Page/button_Continue' successfully

2024-11-12 16:17:54 - [MESSAGE][PASSED] - Scroll to object 'Object Repository/RAD_Pages/Landing_Page/button_Continue' successfully

2024-11-12 16:17:54 - [TEST_STEP][PASSED] - waitForElementClickable(findTestObject(orPath_Landing + "/button_Continue"), 5): Object 'Object Repository/RAD_Pages/Landing_Page/button_Continue' is clickable

2024-11-12 16:17:55 - [MESSAGE][PASSED] - Object 'Object Repository/RAD_Pages/Landing_Page/button_Continue' is clickable

2024-11-12 16:17:55 - [TEST_STEP][PASSED] - click(findTestObject(orPath_Landing + "/button_Continue")): Object: 'Object Repository/RAD_Pages/Landing_Page/button_Continue' is clicked on

2024-11-12 16:17:55 - [MESSAGE][PASSED] - Object: 'Object Repository/RAD_Pages/Landing_Page/button_Continue' is clicked on

2024-11-12 16:17:55 - [TEST_STEP][PASSED] - delay(2): Delayed 2 second(s)

2024-11-12 16:17:57 - [MESSAGE][PASSED] - Delayed 2 second(s)

2024-11-12 16:17:57 - [TEST_STEP][PASSED] - verifyTextPresent("Summary", true): Text 'Summary' is present on page  using regular expression

2024-11-12 16:17:57 - [MESSAGE][PASSED] - Text 'Summary' is present on page  using regular expression

2024-11-12 16:17:57 - [TEST_STEP][PASSED] - verifyTextPresent("Review the information below and make any necessary corrections by clicking the", true): Text 'Review the information below and make any necessary corrections by clicking the' is present on page  using regular expression

2024-11-12 16:17:58 - [MESSAGE][PASSED] - Text 'Review the information below and make any necessary corrections by clicking the' is present on page  using regular expression

2024-11-12 16:17:58 - [TEST_STEP][PASSED] - verifyTextPresent("When you are confident that all the information is correct, click the", true): Text 'When you are confident that all the information is correct, click the' is present on page  using regular expression

2024-11-12 16:17:58 - [MESSAGE][PASSED] - Text 'When you are confident that all the information is correct, click the' is present on page  using regular expression

2024-11-12 16:17:58 - [TEST_STEP][PASSED] - verifyTextPresent("Payment Type/Filing Year", true): Text 'Payment Type/Filing Year' is present on page  using regular expression

2024-11-12 16:17:58 - [MESSAGE][PASSED] - Text 'Payment Type/Filing Year' is present on page  using regular expression

2024-11-12 16:17:58 - [TEST_STEP][PASSED] - verifyTextPresent("Payment Type:", true): Text 'Payment Type:' is present on page  using regular expression

2024-11-12 16:17:59 - [MESSAGE][PASSED] - Text 'Payment Type:' is present on page  using regular expression

2024-11-12 16:17:59 - [TEST_STEP][PASSED] - verifyTextPresent("New Tax Return Amount Due", true): Text 'New Tax Return Amount Due' is present on page  using regular expression

2024-11-12 16:17:59 - [MESSAGE][PASSED] - Text 'New Tax Return Amount Due' is present on page  using regular expression

2024-11-12 16:17:59 - [TEST_STEP][PASSED] - verifyTextPresent("Filing Year:", true): Text 'Filing Year:' is present on page  using regular expression

2024-11-12 16:17:59 - [MESSAGE][PASSED] - Text 'Filing Year:' is present on page  using regular expression

2024-11-12 16:17:59 - [TEST_STEP][PASSED] - verifyTextPresent(FilingYear, true): Text '2022' is present on page  using regular expression

2024-11-12 16:18:00 - [MESSAGE][PASSED] - Text '2022' is present on page  using regular expression

2024-11-12 16:18:00 - [TEST_STEP][PASSED] - verifyTextPresent("Payer Information", true): Text 'Payer Information' is present on page  using regular expression

2024-11-12 16:18:00 - [MESSAGE][PASSED] - Text 'Payer Information' is present on page  using regular expression

2024-11-12 16:18:00 - [TEST_STEP][PASSED] - verifyTextPresent("Taxpayer Name:", true): Text 'Taxpayer Name:' is present on page  using regular expression

2024-11-12 16:18:00 - [MESSAGE][PASSED] - Text 'Taxpayer Name:' is present on page  using regular expression

2024-11-12 16:18:00 - [TEST_STEP][PASSED] - verifyTextPresent("My Company", true): Text 'My Company' is present on page  using regular expression

2024-11-12 16:18:01 - [MESSAGE][PASSED] - Text 'My Company' is present on page  using regular expression

2024-11-12 16:18:01 - [TEST_STEP][PASSED] - verifyTextPresent("Business Rep Name:", true): Text 'Business Rep Name:' is present on page  using regular expression

2024-11-12 16:18:01 - [MESSAGE][PASSED] - Text 'Business Rep Name:' is present on page  using regular expression

2024-11-12 16:18:01 - [TEST_STEP][PASSED] - verifyTextPresent("BusRepFname BusRepLname", true): Text 'BusRepFname BusRepLname' is present on page  using regular expression

2024-11-12 16:18:01 - [MESSAGE][PASSED] - Text 'BusRepFname BusRepLname' is present on page  using regular expression

2024-11-12 16:18:01 - [TEST_STEP][PASSED] - verifyTextPresent("Taxpayer Address:", true): Text 'Taxpayer Address:' is present on page  using regular expression

2024-11-12 16:18:02 - [MESSAGE][PASSED] - Text 'Taxpayer Address:' is present on page  using regular expression

2024-11-12 16:18:02 - [TEST_STEP][PASSED] - verifyTextPresent("2508 Mandan Terrace Gambrills Maryland 21054", true): Text '2508 Mandan Terrace Gambrills Maryland 21054' is present on page  using regular expression

2024-11-12 16:18:02 - [MESSAGE][PASSED] - Text '2508 Mandan Terrace Gambrills Maryland 21054' is present on page  using regular expression

2024-11-12 16:18:02 - [TEST_STEP][PASSED] - verifyTextPresent("Email:", true): Text 'Email:' is present on page  using regular expression

2024-11-12 16:18:02 - [MESSAGE][PASSED] - Text 'Email:' is present on page  using regular expression

2024-11-12 16:18:02 - [TEST_STEP][PASSED] - verifyTextPresent("iahmed@govolution.com", true): Text 'iahmed@govolution.com' is present on page  using regular expression

2024-11-12 16:18:03 - [MESSAGE][PASSED] - Text 'iahmed@govolution.com' is present on page  using regular expression

2024-11-12 16:18:03 - [TEST_STEP][PASSED] - verifyTextPresent("Phone:", true): Text 'Phone:' is present on page  using regular expression

2024-11-12 16:18:03 - [MESSAGE][PASSED] - Text 'Phone:' is present on page  using regular expression

2024-11-12 16:18:03 - [TEST_STEP][PASSED] - verifyTextPresent("(703) 894-5000", false): Text '(703) 894-5000' is present on page 

2024-11-12 16:18:03 - [MESSAGE][PASSED] - Text '(703) 894-5000' is present on page 

2024-11-12 16:18:03 - [TEST_STEP][PASSED] - verifyTextPresent("Tax Information", true): Text 'Tax Information' is present on page  using regular expression

2024-11-12 16:18:04 - [MESSAGE][PASSED] - Text 'Tax Information' is present on page  using regular expression

2024-11-12 16:18:04 - [TEST_STEP][PASSED] - verifyTextNotPresent("Notice Number", true): Text 'Notice Number' is not present on page using regular expression

2024-11-12 16:18:04 - [MESSAGE][PASSED] - Text 'Notice Number' is not present on page using regular expression

2024-11-12 16:18:04 - [TEST_STEP][PASSED] - if (month.trim()): null

2024-11-12 16:18:04 - [TEST_STEP][PASSED] - else: Text 'Period Ending' is not present on page using regular expression

2024-11-12 16:18:04 - [TEST_STEP][PASSED] - verifyTextNotPresent("Period Ending", true): Text 'Period Ending' is not present on page using regular expression

2024-11-12 16:18:04 - [MESSAGE][PASSED] - Text 'Period Ending' is not present on page using regular expression

2024-11-12 16:18:04 - [TEST_STEP][PASSED] - if (feinSSN.equalsIgnoreCase("Y")): Text 'XXXXX6187' is present on page  using regular expression

2024-11-12 16:18:04 - [TEST_STEP][PASSED] - verifyTextPresent("FEIN/SSN:", true): Text 'FEIN/SSN:' is present on page  using regular expression

2024-11-12 16:18:05 - [MESSAGE][PASSED] - Text 'FEIN/SSN:' is present on page  using regular expression

2024-11-12 16:18:05 - [TEST_STEP][PASSED] - verifyTextNotPresent("Federal EIN:", true): Text 'Federal EIN:' is not present on page using regular expression

2024-11-12 16:18:05 - [MESSAGE][PASSED] - Text 'Federal EIN:' is not present on page using regular expression

2024-11-12 16:18:05 - [TEST_STEP][PASSED] - verifyTextPresent("XXXXX6187", true): Text 'XXXXX6187' is present on page  using regular expression

2024-11-12 16:18:05 - [MESSAGE][PASSED] - Text 'XXXXX6187' is present on page  using regular expression

2024-11-12 16:18:05 - [TEST_STEP][PASSED] - if (TaxType.equalsIgnoreCase("Estate Tax")): null

2024-11-12 16:18:05 - [TEST_STEP][PASSED] - if (CRN.equalsIgnoreCase("Y")): null

2024-11-12 16:18:05 - [TEST_STEP][PASSED] - else: Text 'MD Central Registration Number' is not present on page using regular expression

2024-11-12 16:18:05 - [TEST_STEP][PASSED] - verifyTextNotPresent("MD Central Registration Number", true): Text 'MD Central Registration Number' is not present on page using regular expression

2024-11-12 16:18:06 - [MESSAGE][PASSED] - Text 'MD Central Registration Number' is not present on page using regular expression

2024-11-12 16:18:06 - [TEST_STEP][PASSED] - if (MFLicNum.equalsIgnoreCase("Y")): null

2024-11-12 16:18:06 - [TEST_STEP][PASSED] - else: Text 'Motor Fuel License Number#:' is not present on page using regular expression

2024-11-12 16:18:06 - [TEST_STEP][PASSED] - verifyTextNotPresent("Motor Fuel License Number#:", true): Text 'Motor Fuel License Number#:' is not present on page using regular expression

2024-11-12 16:18:06 - [MESSAGE][PASSED] - Text 'Motor Fuel License Number#:' is not present on page using regular expression

2024-11-12 16:18:06 - [TEST_STEP][PASSED] - verifyTextPresent("Payment Amount:", true): Text 'Payment Amount:' is present on page  using regular expression

2024-11-12 16:18:06 - [MESSAGE][PASSED] - Text 'Payment Amount:' is present on page  using regular expression

2024-11-12 16:18:06 - [TEST_STEP][PASSED] - verifyTextPresent("100.00", true): Text '100.00' is present on page  using regular expression

2024-11-12 16:18:07 - [MESSAGE][PASSED] - Text '100.00' is present on page  using regular expression

2024-11-12 16:18:07 - [TEST_STEP][PASSED] - if (verifyElementVisible(findTestObject(orPath_Summary + "/button_Proceed to Payment"))): null

2024-11-12 16:18:07 - [MESSAGE][PASSED] - Object 'Object Repository/RAD_Pages/Summary_Page/button_Proceed to Payment' is visible

2024-11-12 16:18:07 - [TEST_STEP][PASSED] - resText = "Pass": null

2024-11-12 16:18:07 - [TEST_STEP][PASSED] - pages.WriteExcel.demoKey(resText, datText, resColumn, datCloumn, fileLoc, nameSheet, row): pages.WriteExcel.demoKey is PASSED

2024-11-12 16:18:07 - [MESSAGE][PASSED] - pages.WriteExcel.demoKey is PASSED

2024-11-12 16:18:07 - [TEST_STEP][PASSED] - click(findTestObject(orPath_Summary + "/button_Proceed to Payment")): Object: 'Object Repository/RAD_Pages/Summary_Page/button_Proceed to Payment' is clicked on

2024-11-12 16:18:12 - [MESSAGE][PASSED] - Object: 'Object Repository/RAD_Pages/Summary_Page/button_Proceed to Payment' is clicked on

2024-11-12 16:18:12 - [TEST_STEP][PASSED] - verifyElementPresent(findTestObject("Object Repository/RAD_Pages/PaymentEntry_Page/input__billingName"), 30): Object 'Object Repository/RAD_Pages/PaymentEntry_Page/input__billingName' is present

2024-11-12 16:18:12 - [MESSAGE][PASSED] - Object 'Object Repository/RAD_Pages/PaymentEntry_Page/input__billingName' is present

2024-11-12 16:18:12 - [TEST_STEP][PASSED] - ExecuteTC = findTestData(dataFile).getValue("Execute", row): null

2024-11-12 16:18:13 - [TEST_STEP][PASSED] - TaxType = findTestData(dataFile).getValue("TaxType", row): null

2024-11-12 16:18:13 - [TEST_STEP][PASSED] - PaymentType = findTestData(dataFile).getValue("PaymentType", row): null

2024-11-12 16:18:13 - [TEST_STEP][PASSED] - FilingYear = findTestData(dataFile).getValue("Year", row): null

2024-11-12 16:18:13 - [TEST_STEP][PASSED] - feinSSN = findTestData(dataFile).getValue("FeinSsn", row): null

2024-11-12 16:18:13 - [TEST_STEP][PASSED] - CRN = findTestData(dataFile).getValue("CRN", row): null

2024-11-12 16:18:13 - [TEST_STEP][PASSED] - month = findTestData(dataFile).getValue("Month", row): null

2024-11-12 16:18:13 - [TEST_STEP][PASSED] - MFLicNum = findTestData(dataFile).getValue("MFLicNum", row): null

2024-11-12 16:18:13 - [TEST_STEP][PASSED] - if (ExecuteTC.equalsIgnoreCase("Y")): Object 'Object Repository/RAD_Pages/PaymentEntry_Page/input__billingName' is present

2024-11-12 16:18:13 - [TEST_STEP][PASSED] - out.println("Begin Record Number: " + row): null

2024-11-12 16:18:13 - [TEST_STEP][PASSED] - today = new java.util.Date(): null

2024-11-12 16:18:13 - [TEST_STEP][PASSED] - println(today): null

2024-11-12 16:18:13 - [TEST_STEP][PASSED] - datText = today: null

2024-11-12 16:18:13 - [TEST_STEP][PASSED] - logInfo("Payment Type: New Tax Return Amount Due"): Payment Type: New Tax Return Amount Due

2024-11-12 16:18:13 - [MESSAGE][INFO] - Payment Type: New Tax Return Amount Due

2024-11-12 16:18:13 - [TEST_STEP][PASSED] - logInfo("Tax Type: " + TaxType): Tax Type: PTE Non-Electing S Corp

2024-11-12 16:18:13 - [MESSAGE][INFO] - Tax Type: PTE Non-Electing S Corp

2024-11-12 16:18:13 - [TEST_STEP][PASSED] - openBrowser(""): Browser is opened with url: ''

2024-11-12 16:18:13 - [MESSAGE][WARNING] - A browser is already opened. Closing browser and opening a new one

2024-11-12 16:18:15 - [MESSAGE][INFO] - Starting 'Chrome' driver

2024-11-12 16:18:15 - [MESSAGE][INFO] - User set preference: ['acceptInsecureCerts', 'true']

2024-11-12 16:18:15 - [MESSAGE][INFO] - Action delay is set to 0 milliseconds

2024-11-12 16:18:16 - [MESSAGE][PASSED] - Browser is opened with url: ''

2024-11-12 16:18:16 - [TEST_STEP][PASSED] - maximizeWindow(): Current window maximized

2024-11-12 16:18:16 - [MESSAGE][PASSED] - Current window maximized

2024-11-12 16:18:16 - [TEST_STEP][PASSED] - navigateToUrl(RADurl): Navigate to 'https://www.velocitypayment.com/client/rad/index.html' successfully

2024-11-12 16:18:18 - [MESSAGE][PASSED] - Navigate to 'https://www.velocitypayment.com/client/rad/index.html' successfully

2024-11-12 16:18:18 - [TEST_STEP][PASSED] - selectOptionByLabel(findTestObject(orPath_Landing + "/dd_TaxType"), "New Tax Return Amount Due", false): All options with label 'New Tax Return Amount Due' are selected in object 'Object Repository/RAD_Pages/Landing_Page/dd_TaxType' 

2024-11-12 16:18:19 - [MESSAGE][PASSED] - All options with label 'New Tax Return Amount Due' are selected in object 'Object Repository/RAD_Pages/Landing_Page/dd_TaxType' 

2024-11-12 16:18:19 - [TEST_STEP][PASSED] - selectOptionByLabel(findTestObject("Object Repository/RAD_Pages/Landing_Page/select_NewTaxReturnAmountDue_TaxType"), TaxType, false): All options with label 'PTE Non-Electing S Corp' are selected in object 'Object Repository/RAD_Pages/Landing_Page/select_NewTaxReturnAmountDue_TaxType' 

2024-11-12 16:18:19 - [MESSAGE][PASSED] - All options with label 'PTE Non-Electing S Corp' are selected in object 'Object Repository/RAD_Pages/Landing_Page/select_NewTaxReturnAmountDue_TaxType' 

2024-11-12 16:18:19 - [TEST_STEP][PASSED] - selectOptionByLabel(findTestObject(orPath_TaxTypeFilingYear + "/select_FilingYear"), FilingYear, false): All options with label '2022' are selected in object 'Object Repository/RAD_Pages/TaxTypeFilingYear_Page/select_FilingYear' 

2024-11-12 16:18:20 - [MESSAGE][PASSED] - All options with label '2022' are selected in object 'Object Repository/RAD_Pages/TaxTypeFilingYear_Page/select_FilingYear' 

2024-11-12 16:18:20 - [TEST_STEP][PASSED] - if (month.trim()): null

2024-11-12 16:18:20 - [TEST_STEP][PASSED] - rad.getSetDataRAD.setDataRADBusinessName(): rad.getSetDataRAD.setDataRADBusinessName is PASSED

2024-11-12 16:18:21 - [MESSAGE][PASSED] - Text 'My Company' is set on object 'Object Repository/RAD_Pages/Taxpayer_Page/input_businessName'

2024-11-12 16:18:21 - [MESSAGE][PASSED] - rad.getSetDataRAD.setDataRADBusinessName is PASSED

2024-11-12 16:18:21 - [TEST_STEP][PASSED] - rad.getSetDataRAD.setDataRADBusinessRep(): rad.getSetDataRAD.setDataRADBusinessRep is PASSED

2024-11-12 16:18:22 - [MESSAGE][PASSED] - Text 'BusRepFname' is set on object 'Object Repository/RAD_Pages/Taxpayer_Page/input_BusinessRepfirstName'

2024-11-12 16:18:22 - [MESSAGE][PASSED] - Text '' is set on object 'Object Repository/RAD_Pages/Taxpayer_Page/input_BusinessRepmiddleName'

2024-11-12 16:18:23 - [MESSAGE][PASSED] - Text 'BusRepLname' is set on object 'Object Repository/RAD_Pages/Taxpayer_Page/input_BusinessReplastName'

2024-11-12 16:18:24 - [MESSAGE][PASSED] - Text '' is set on object 'Object Repository/RAD_Pages/Taxpayer_Page/input_BusinessRepsuffix'

2024-11-12 16:18:24 - [MESSAGE][PASSED] - rad.getSetDataRAD.setDataRADBusinessRep is PASSED

2024-11-12 16:18:24 - [TEST_STEP][PASSED] - rad.getSetDataRAD.setDataRADAddress(): rad.getSetDataRAD.setDataRADAddress is PASSED

2024-11-12 16:18:24 - [MESSAGE][PASSED] - All options with label 'United States' are selected in object 'Object Repository/RAD_Pages/AddressAndContactInfo_Page/select_Country' 

2024-11-12 16:18:25 - [MESSAGE][PASSED] - Text '2508 Mandan Terrace' is set on object 'Object Repository/RAD_Pages/AddressAndContactInfo_Page/input_streetAddress1'

2024-11-12 16:18:26 - [MESSAGE][PASSED] - Text '' is set on object 'Object Repository/RAD_Pages/AddressAndContactInfo_Page/input_streetAddress2'

2024-11-12 16:18:27 - [MESSAGE][PASSED] - Text 'Gambrills' is set on object 'Object Repository/RAD_Pages/AddressAndContactInfo_Page/input_city'

2024-11-12 16:18:27 - [MESSAGE][PASSED] - All options with label 'Maryland' are selected in object 'Object Repository/RAD_Pages/AddressAndContactInfo_Page/select_State' 

2024-11-12 16:18:28 - [MESSAGE][PASSED] - Text '21054' is set on object 'Object Repository/RAD_Pages/AddressAndContactInfo_Page/input_zipCode'

2024-11-12 16:18:29 - [MESSAGE][PASSED] - Text '(703) 894-5000' is set on object 'Object Repository/RAD_Pages/AddressAndContactInfo_Page/input_phoneNumber'

2024-11-12 16:18:30 - [MESSAGE][PASSED] - Text 'iahmed@govolution.com' is set on object 'Object Repository/RAD_Pages/AddressAndContactInfo_Page/input_eMailAddress'

2024-11-12 16:18:30 - [MESSAGE][PASSED] - Text 'iahmed@govolution.com' is set on object 'Object Repository/RAD_Pages/AddressAndContactInfo_Page/input_reEnterEMailAddress'

2024-11-12 16:18:30 - [MESSAGE][PASSED] - rad.getSetDataRAD.setDataRADAddress is PASSED

2024-11-12 16:18:31 - [TEST_STEP][PASSED] - if (feinSSN.equalsIgnoreCase("Y")): Text ****** has been set on object 'Object Repository/RAD_Pages/TaxInfo_Page/input_TaxInfo_RetypeFeinSsn_New_2'

2024-11-12 16:18:31 - [TEST_STEP][PASSED] - setEncryptedText(findTestObject(orPath_TaxInfo + "/input_TaxInfo_FeinSsn_New_2"), "yXB7JMCbD3QoFF75EQd3iw=="): Text ****** has been set on object 'Object Repository/RAD_Pages/TaxInfo_Page/input_TaxInfo_FeinSsn_New_2'

2024-11-12 16:18:31 - [MESSAGE][PASSED] - Text ****** has been set on object 'Object Repository/RAD_Pages/TaxInfo_Page/input_TaxInfo_FeinSsn_New_2'

2024-11-12 16:18:31 - [TEST_STEP][PASSED] - setEncryptedText(findTestObject(orPath_TaxInfo + "/input_TaxInfo_RetypeFeinSsn_New_2"), "yXB7JMCbD3QoFF75EQd3iw=="): Text ****** has been set on object 'Object Repository/RAD_Pages/TaxInfo_Page/input_TaxInfo_RetypeFeinSsn_New_2'

2024-11-12 16:18:32 - [MESSAGE][PASSED] - Text ****** has been set on object 'Object Repository/RAD_Pages/TaxInfo_Page/input_TaxInfo_RetypeFeinSsn_New_2'

2024-11-12 16:18:32 - [TEST_STEP][PASSED] - if (CRN.equalsIgnoreCase("Y")): null

2024-11-12 16:18:32 - [TEST_STEP][PASSED] - if (MFLicNum.equalsIgnoreCase("Y")): null

2024-11-12 16:18:32 - [TEST_STEP][PASSED] - if (TaxType.equalsIgnoreCase("Estate Tax")): null

2024-11-12 16:18:32 - [TEST_STEP][PASSED] - setText(findTestObject(orPath_Amount + "/input__paymentAmount"), "100.00"): Text '100.00' is set on object 'Object Repository/RAD_Pages/PaymentAmount_Page/input__paymentAmount'

2024-11-12 16:18:32 - [MESSAGE][PASSED] - Text '100.00' is set on object 'Object Repository/RAD_Pages/PaymentAmount_Page/input__paymentAmount'

2024-11-12 16:18:32 - [TEST_STEP][PASSED] - setText(findTestObject(orPath_AddressContact + "/input_streetAddress2"), ""): Text '' is set on object 'Object Repository/RAD_Pages/AddressAndContactInfo_Page/input_streetAddress2'

2024-11-12 16:18:33 - [MESSAGE][PASSED] - Text '' is set on object 'Object Repository/RAD_Pages/AddressAndContactInfo_Page/input_streetAddress2'

2024-11-12 16:18:33 - [TEST_STEP][PASSED] - scrollToElement(findTestObject(orPath_Landing + "/button_Continue"), 3): Scroll to object 'Object Repository/RAD_Pages/Landing_Page/button_Continue' successfully

2024-11-12 16:18:33 - [MESSAGE][PASSED] - Scroll to object 'Object Repository/RAD_Pages/Landing_Page/button_Continue' successfully

2024-11-12 16:18:33 - [TEST_STEP][PASSED] - waitForElementClickable(findTestObject(orPath_Landing + "/button_Continue"), 5): Object 'Object Repository/RAD_Pages/Landing_Page/button_Continue' is clickable

2024-11-12 16:18:34 - [MESSAGE][PASSED] - Object 'Object Repository/RAD_Pages/Landing_Page/button_Continue' is clickable

2024-11-12 16:18:34 - [TEST_STEP][PASSED] - click(findTestObject(orPath_Landing + "/button_Continue")): Object: 'Object Repository/RAD_Pages/Landing_Page/button_Continue' is clicked on

2024-11-12 16:18:34 - [MESSAGE][PASSED] - Object: 'Object Repository/RAD_Pages/Landing_Page/button_Continue' is clicked on

2024-11-12 16:18:34 - [TEST_STEP][PASSED] - delay(2): Delayed 2 second(s)

2024-11-12 16:18:36 - [MESSAGE][PASSED] - Delayed 2 second(s)

2024-11-12 16:18:36 - [TEST_STEP][PASSED] - verifyTextPresent("Summary", true): Text 'Summary' is present on page  using regular expression

2024-11-12 16:18:37 - [MESSAGE][PASSED] - Text 'Summary' is present on page  using regular expression

2024-11-12 16:18:37 - [TEST_STEP][PASSED] - verifyTextPresent("Review the information below and make any necessary corrections by clicking the", true): Text 'Review the information below and make any necessary corrections by clicking the' is present on page  using regular expression

2024-11-12 16:18:37 - [MESSAGE][PASSED] - Text 'Review the information below and make any necessary corrections by clicking the' is present on page  using regular expression

2024-11-12 16:18:37 - [TEST_STEP][PASSED] - verifyTextPresent("When you are confident that all the information is correct, click the", true): Text 'When you are confident that all the information is correct, click the' is present on page  using regular expression

2024-11-12 16:18:37 - [MESSAGE][PASSED] - Text 'When you are confident that all the information is correct, click the' is present on page  using regular expression

2024-11-12 16:18:37 - [TEST_STEP][PASSED] - verifyTextPresent("Payment Type/Filing Year", true): Text 'Payment Type/Filing Year' is present on page  using regular expression

2024-11-12 16:18:38 - [MESSAGE][PASSED] - Text 'Payment Type/Filing Year' is present on page  using regular expression

2024-11-12 16:18:38 - [TEST_STEP][PASSED] - verifyTextPresent("Payment Type:", true): Text 'Payment Type:' is present on page  using regular expression

2024-11-12 16:18:38 - [MESSAGE][PASSED] - Text 'Payment Type:' is present on page  using regular expression

2024-11-12 16:18:38 - [TEST_STEP][PASSED] - verifyTextPresent("New Tax Return Amount Due", true): Text 'New Tax Return Amount Due' is present on page  using regular expression

2024-11-12 16:18:38 - [MESSAGE][PASSED] - Text 'New Tax Return Amount Due' is present on page  using regular expression

2024-11-12 16:18:38 - [TEST_STEP][PASSED] - verifyTextPresent("Filing Year:", true): Text 'Filing Year:' is present on page  using regular expression

2024-11-12 16:18:39 - [MESSAGE][PASSED] - Text 'Filing Year:' is present on page  using regular expression

2024-11-12 16:18:39 - [TEST_STEP][PASSED] - verifyTextPresent(FilingYear, true): Text '2022' is present on page  using regular expression

2024-11-12 16:18:39 - [MESSAGE][PASSED] - Text '2022' is present on page  using regular expression

2024-11-12 16:18:39 - [TEST_STEP][PASSED] - verifyTextPresent("Payer Information", true): Text 'Payer Information' is present on page  using regular expression

2024-11-12 16:18:39 - [MESSAGE][PASSED] - Text 'Payer Information' is present on page  using regular expression

2024-11-12 16:18:39 - [TEST_STEP][PASSED] - verifyTextPresent("Taxpayer Name:", true): Text 'Taxpayer Name:' is present on page  using regular expression

2024-11-12 16:18:40 - [MESSAGE][PASSED] - Text 'Taxpayer Name:' is present on page  using regular expression

2024-11-12 16:18:40 - [TEST_STEP][PASSED] - verifyTextPresent("My Company", true): Text 'My Company' is present on page  using regular expression

2024-11-12 16:18:40 - [MESSAGE][PASSED] - Text 'My Company' is present on page  using regular expression

2024-11-12 16:18:40 - [TEST_STEP][PASSED] - verifyTextPresent("Business Rep Name:", true): Text 'Business Rep Name:' is present on page  using regular expression

2024-11-12 16:18:40 - [MESSAGE][PASSED] - Text 'Business Rep Name:' is present on page  using regular expression

2024-11-12 16:18:40 - [TEST_STEP][PASSED] - verifyTextPresent("BusRepFname BusRepLname", true): Text 'BusRepFname BusRepLname' is present on page  using regular expression

2024-11-12 16:18:41 - [MESSAGE][PASSED] - Text 'BusRepFname BusRepLname' is present on page  using regular expression

2024-11-12 16:18:41 - [TEST_STEP][PASSED] - verifyTextPresent("Taxpayer Address:", true): Text 'Taxpayer Address:' is present on page  using regular expression

2024-11-12 16:18:41 - [MESSAGE][PASSED] - Text 'Taxpayer Address:' is present on page  using regular expression

2024-11-12 16:18:41 - [TEST_STEP][PASSED] - verifyTextPresent("2508 Mandan Terrace Gambrills Maryland 21054", true): Text '2508 Mandan Terrace Gambrills Maryland 21054' is present on page  using regular expression

2024-11-12 16:18:41 - [MESSAGE][PASSED] - Text '2508 Mandan Terrace Gambrills Maryland 21054' is present on page  using regular expression

2024-11-12 16:18:41 - [TEST_STEP][PASSED] - verifyTextPresent("Email:", true): Text 'Email:' is present on page  using regular expression

2024-11-12 16:18:42 - [MESSAGE][PASSED] - Text 'Email:' is present on page  using regular expression

2024-11-12 16:18:42 - [TEST_STEP][PASSED] - verifyTextPresent("iahmed@govolution.com", true): Text 'iahmed@govolution.com' is present on page  using regular expression

2024-11-12 16:18:42 - [MESSAGE][PASSED] - Text 'iahmed@govolution.com' is present on page  using regular expression

2024-11-12 16:18:42 - [TEST_STEP][PASSED] - verifyTextPresent("Phone:", true): Text 'Phone:' is present on page  using regular expression

2024-11-12 16:18:42 - [MESSAGE][PASSED] - Text 'Phone:' is present on page  using regular expression

2024-11-12 16:18:42 - [TEST_STEP][PASSED] - verifyTextPresent("(703) 894-5000", false): Text '(703) 894-5000' is present on page 

2024-11-12 16:18:43 - [MESSAGE][PASSED] - Text '(703) 894-5000' is present on page 

2024-11-12 16:18:43 - [TEST_STEP][PASSED] - verifyTextPresent("Tax Information", true): Text 'Tax Information' is present on page  using regular expression

2024-11-12 16:18:43 - [MESSAGE][PASSED] - Text 'Tax Information' is present on page  using regular expression

2024-11-12 16:18:43 - [TEST_STEP][PASSED] - verifyTextNotPresent("Notice Number", true): Text 'Notice Number' is not present on page using regular expression

2024-11-12 16:18:43 - [MESSAGE][PASSED] - Text 'Notice Number' is not present on page using regular expression

2024-11-12 16:18:43 - [TEST_STEP][PASSED] - if (month.trim()): null

2024-11-12 16:18:43 - [TEST_STEP][PASSED] - else: Text 'Period Ending' is not present on page using regular expression

2024-11-12 16:18:43 - [TEST_STEP][PASSED] - verifyTextNotPresent("Period Ending", true): Text 'Period Ending' is not present on page using regular expression

2024-11-12 16:18:44 - [MESSAGE][PASSED] - Text 'Period Ending' is not present on page using regular expression

2024-11-12 16:18:44 - [TEST_STEP][PASSED] - if (feinSSN.equalsIgnoreCase("Y")): Text 'XXXXX6187' is present on page  using regular expression

2024-11-12 16:18:44 - [TEST_STEP][PASSED] - verifyTextPresent("FEIN/SSN:", true): Text 'FEIN/SSN:' is present on page  using regular expression

2024-11-12 16:18:44 - [MESSAGE][PASSED] - Text 'FEIN/SSN:' is present on page  using regular expression

2024-11-12 16:18:44 - [TEST_STEP][PASSED] - verifyTextNotPresent("Federal EIN:", true): Text 'Federal EIN:' is not present on page using regular expression

2024-11-12 16:18:44 - [MESSAGE][PASSED] - Text 'Federal EIN:' is not present on page using regular expression

2024-11-12 16:18:44 - [TEST_STEP][PASSED] - verifyTextPresent("XXXXX6187", true): Text 'XXXXX6187' is present on page  using regular expression

2024-11-12 16:18:45 - [MESSAGE][PASSED] - Text 'XXXXX6187' is present on page  using regular expression

2024-11-12 16:18:45 - [TEST_STEP][PASSED] - if (TaxType.equalsIgnoreCase("Estate Tax")): null

2024-11-12 16:18:45 - [TEST_STEP][PASSED] - if (CRN.equalsIgnoreCase("Y")): null

2024-11-12 16:18:45 - [TEST_STEP][PASSED] - else: Text 'MD Central Registration Number' is not present on page using regular expression

2024-11-12 16:18:45 - [TEST_STEP][PASSED] - verifyTextNotPresent("MD Central Registration Number", true): Text 'MD Central Registration Number' is not present on page using regular expression

2024-11-12 16:18:45 - [MESSAGE][PASSED] - Text 'MD Central Registration Number' is not present on page using regular expression

2024-11-12 16:18:45 - [TEST_STEP][PASSED] - if (MFLicNum.equalsIgnoreCase("Y")): null

2024-11-12 16:18:45 - [TEST_STEP][PASSED] - else: Text 'Motor Fuel License Number#:' is not present on page using regular expression

2024-11-12 16:18:45 - [TEST_STEP][PASSED] - verifyTextNotPresent("Motor Fuel License Number#:", true): Text 'Motor Fuel License Number#:' is not present on page using regular expression

2024-11-12 16:18:45 - [MESSAGE][PASSED] - Text 'Motor Fuel License Number#:' is not present on page using regular expression

2024-11-12 16:18:45 - [TEST_STEP][PASSED] - verifyTextPresent("Payment Amount:", true): Text 'Payment Amount:' is present on page  using regular expression

2024-11-12 16:18:46 - [MESSAGE][PASSED] - Text 'Payment Amount:' is present on page  using regular expression

2024-11-12 16:18:46 - [TEST_STEP][PASSED] - verifyTextPresent("100.00", true): Text '100.00' is present on page  using regular expression

2024-11-12 16:18:46 - [MESSAGE][PASSED] - Text '100.00' is present on page  using regular expression

2024-11-12 16:18:46 - [TEST_STEP][PASSED] - if (verifyElementVisible(findTestObject(orPath_Summary + "/button_Proceed to Payment"))): null

2024-11-12 16:18:46 - [MESSAGE][PASSED] - Object 'Object Repository/RAD_Pages/Summary_Page/button_Proceed to Payment' is visible

2024-11-12 16:18:46 - [TEST_STEP][PASSED] - resText = "Pass": null

2024-11-12 16:18:46 - [TEST_STEP][PASSED] - pages.WriteExcel.demoKey(resText, datText, resColumn, datCloumn, fileLoc, nameSheet, row): pages.WriteExcel.demoKey is PASSED

2024-11-12 16:18:47 - [MESSAGE][PASSED] - pages.WriteExcel.demoKey is PASSED

2024-11-12 16:18:47 - [TEST_STEP][PASSED] - click(findTestObject(orPath_Summary + "/button_Proceed to Payment")): Object: 'Object Repository/RAD_Pages/Summary_Page/button_Proceed to Payment' is clicked on

2024-11-12 16:18:50 - [MESSAGE][PASSED] - Object: 'Object Repository/RAD_Pages/Summary_Page/button_Proceed to Payment' is clicked on

2024-11-12 16:18:50 - [TEST_STEP][PASSED] - verifyElementPresent(findTestObject("Object Repository/RAD_Pages/PaymentEntry_Page/input__billingName"), 30): Object 'Object Repository/RAD_Pages/PaymentEntry_Page/input__billingName' is present

2024-11-12 16:18:51 - [MESSAGE][PASSED] - Object 'Object Repository/RAD_Pages/PaymentEntry_Page/input__billingName' is present

2024-11-12 16:18:51 - [TEST_STEP][PASSED] - ExecuteTC = findTestData(dataFile).getValue("Execute", row): null

2024-11-12 16:18:51 - [TEST_STEP][PASSED] - TaxType = findTestData(dataFile).getValue("TaxType", row): null

2024-11-12 16:18:51 - [TEST_STEP][PASSED] - PaymentType = findTestData(dataFile).getValue("PaymentType", row): null

2024-11-12 16:18:51 - [TEST_STEP][PASSED] - FilingYear = findTestData(dataFile).getValue("Year", row): null

2024-11-12 16:18:51 - [TEST_STEP][PASSED] - feinSSN = findTestData(dataFile).getValue("FeinSsn", row): null

2024-11-12 16:18:51 - [TEST_STEP][PASSED] - CRN = findTestData(dataFile).getValue("CRN", row): null

2024-11-12 16:18:51 - [TEST_STEP][PASSED] - month = findTestData(dataFile).getValue("Month", row): null

2024-11-12 16:18:51 - [TEST_STEP][PASSED] - MFLicNum = findTestData(dataFile).getValue("MFLicNum", row): null

2024-11-12 16:18:51 - [TEST_STEP][PASSED] - if (ExecuteTC.equalsIgnoreCase("Y")): Object 'Object Repository/RAD_Pages/PaymentEntry_Page/input__billingName' is present

2024-11-12 16:18:51 - [TEST_STEP][PASSED] - out.println("Begin Record Number: " + row): null

2024-11-12 16:18:51 - [TEST_STEP][PASSED] - today = new java.util.Date(): null

2024-11-12 16:18:51 - [TEST_STEP][PASSED] - println(today): null

2024-11-12 16:18:51 - [TEST_STEP][PASSED] - datText = today: null

2024-11-12 16:18:51 - [TEST_STEP][PASSED] - logInfo("Payment Type: New Tax Return Amount Due"): Payment Type: New Tax Return Amount Due

2024-11-12 16:18:51 - [MESSAGE][INFO] - Payment Type: New Tax Return Amount Due

2024-11-12 16:18:51 - [TEST_STEP][PASSED] - logInfo("Tax Type: " + TaxType): Tax Type: PTE Tax Electing Non-S Corp

2024-11-12 16:18:51 - [MESSAGE][INFO] - Tax Type: PTE Tax Electing Non-S Corp

2024-11-12 16:18:51 - [TEST_STEP][PASSED] - openBrowser(""): Browser is opened with url: ''

2024-11-12 16:18:51 - [MESSAGE][WARNING] - A browser is already opened. Closing browser and opening a new one

2024-11-12 16:18:53 - [MESSAGE][INFO] - Starting 'Chrome' driver

2024-11-12 16:18:53 - [MESSAGE][INFO] - User set preference: ['acceptInsecureCerts', 'true']

2024-11-12 16:18:53 - [MESSAGE][INFO] - Action delay is set to 0 milliseconds

2024-11-12 16:18:54 - [MESSAGE][PASSED] - Browser is opened with url: ''

2024-11-12 16:18:54 - [TEST_STEP][PASSED] - maximizeWindow(): Current window maximized

2024-11-12 16:18:54 - [MESSAGE][PASSED] - Current window maximized

2024-11-12 16:18:54 - [TEST_STEP][PASSED] - navigateToUrl(RADurl): Navigate to 'https://www.velocitypayment.com/client/rad/index.html' successfully

2024-11-12 16:18:56 - [MESSAGE][PASSED] - Navigate to 'https://www.velocitypayment.com/client/rad/index.html' successfully

2024-11-12 16:18:56 - [TEST_STEP][PASSED] - selectOptionByLabel(findTestObject(orPath_Landing + "/dd_TaxType"), "New Tax Return Amount Due", false): All options with label 'New Tax Return Amount Due' are selected in object 'Object Repository/RAD_Pages/Landing_Page/dd_TaxType' 

2024-11-12 16:18:57 - [MESSAGE][PASSED] - All options with label 'New Tax Return Amount Due' are selected in object 'Object Repository/RAD_Pages/Landing_Page/dd_TaxType' 

2024-11-12 16:18:57 - [TEST_STEP][PASSED] - selectOptionByLabel(findTestObject("Object Repository/RAD_Pages/Landing_Page/select_NewTaxReturnAmountDue_TaxType"), TaxType, false): All options with label 'PTE Tax Electing Non-S Corp' are selected in object 'Object Repository/RAD_Pages/Landing_Page/select_NewTaxReturnAmountDue_TaxType' 

2024-11-12 16:18:57 - [MESSAGE][PASSED] - All options with label 'PTE Tax Electing Non-S Corp' are selected in object 'Object Repository/RAD_Pages/Landing_Page/select_NewTaxReturnAmountDue_TaxType' 

2024-11-12 16:18:57 - [TEST_STEP][PASSED] - selectOptionByLabel(findTestObject(orPath_TaxTypeFilingYear + "/select_FilingYear"), FilingYear, false): All options with label '2022' are selected in object 'Object Repository/RAD_Pages/TaxTypeFilingYear_Page/select_FilingYear' 

2024-11-12 16:18:58 - [MESSAGE][PASSED] - All options with label '2022' are selected in object 'Object Repository/RAD_Pages/TaxTypeFilingYear_Page/select_FilingYear' 

2024-11-12 16:18:58 - [TEST_STEP][PASSED] - if (month.trim()): null

2024-11-12 16:18:58 - [TEST_STEP][PASSED] - rad.getSetDataRAD.setDataRADBusinessName(): rad.getSetDataRAD.setDataRADBusinessName is PASSED

2024-11-12 16:18:59 - [MESSAGE][PASSED] - Text 'My Company' is set on object 'Object Repository/RAD_Pages/Taxpayer_Page/input_businessName'

2024-11-12 16:18:59 - [MESSAGE][PASSED] - rad.getSetDataRAD.setDataRADBusinessName is PASSED

2024-11-12 16:18:59 - [TEST_STEP][PASSED] - rad.getSetDataRAD.setDataRADBusinessRep(): rad.getSetDataRAD.setDataRADBusinessRep is PASSED

2024-11-12 16:19:00 - [MESSAGE][PASSED] - Text 'BusRepFname' is set on object 'Object Repository/RAD_Pages/Taxpayer_Page/input_BusinessRepfirstName'

2024-11-12 16:19:00 - [MESSAGE][PASSED] - Text '' is set on object 'Object Repository/RAD_Pages/Taxpayer_Page/input_BusinessRepmiddleName'

2024-11-12 16:19:01 - [MESSAGE][PASSED] - Text 'BusRepLname' is set on object 'Object Repository/RAD_Pages/Taxpayer_Page/input_BusinessReplastName'

2024-11-12 16:19:02 - [MESSAGE][PASSED] - Text '' is set on object 'Object Repository/RAD_Pages/Taxpayer_Page/input_BusinessRepsuffix'

2024-11-12 16:19:02 - [MESSAGE][PASSED] - rad.getSetDataRAD.setDataRADBusinessRep is PASSED

2024-11-12 16:19:02 - [TEST_STEP][PASSED] - rad.getSetDataRAD.setDataRADAddress(): rad.getSetDataRAD.setDataRADAddress is PASSED

2024-11-12 16:19:03 - [MESSAGE][PASSED] - All options with label 'United States' are selected in object 'Object Repository/RAD_Pages/AddressAndContactInfo_Page/select_Country' 

2024-11-12 16:19:03 - [MESSAGE][PASSED] - Text '2508 Mandan Terrace' is set on object 'Object Repository/RAD_Pages/AddressAndContactInfo_Page/input_streetAddress1'

2024-11-12 16:19:04 - [MESSAGE][PASSED] - Text '' is set on object 'Object Repository/RAD_Pages/AddressAndContactInfo_Page/input_streetAddress2'

2024-11-12 16:19:05 - [MESSAGE][PASSED] - Text 'Gambrills' is set on object 'Object Repository/RAD_Pages/AddressAndContactInfo_Page/input_city'

2024-11-12 16:19:06 - [MESSAGE][PASSED] - All options with label 'Maryland' are selected in object 'Object Repository/RAD_Pages/AddressAndContactInfo_Page/select_State' 

2024-11-12 16:19:06 - [MESSAGE][PASSED] - Text '21054' is set on object 'Object Repository/RAD_Pages/AddressAndContactInfo_Page/input_zipCode'

2024-11-12 16:19:07 - [MESSAGE][PASSED] - Text '(703) 894-5000' is set on object 'Object Repository/RAD_Pages/AddressAndContactInfo_Page/input_phoneNumber'

2024-11-12 16:19:08 - [MESSAGE][PASSED] - Text 'iahmed@govolution.com' is set on object 'Object Repository/RAD_Pages/AddressAndContactInfo_Page/input_eMailAddress'

2024-11-12 16:19:09 - [MESSAGE][PASSED] - Text 'iahmed@govolution.com' is set on object 'Object Repository/RAD_Pages/AddressAndContactInfo_Page/input_reEnterEMailAddress'

2024-11-12 16:19:09 - [MESSAGE][PASSED] - rad.getSetDataRAD.setDataRADAddress is PASSED

2024-11-12 16:19:09 - [TEST_STEP][PASSED] - if (feinSSN.equalsIgnoreCase("Y")): Text ****** has been set on object 'Object Repository/RAD_Pages/TaxInfo_Page/input_TaxInfo_RetypeFeinSsn_New_2'

2024-11-12 16:19:09 - [TEST_STEP][PASSED] - setEncryptedText(findTestObject(orPath_TaxInfo + "/input_TaxInfo_FeinSsn_New_2"), "yXB7JMCbD3QoFF75EQd3iw=="): Text ****** has been set on object 'Object Repository/RAD_Pages/TaxInfo_Page/input_TaxInfo_FeinSsn_New_2'

2024-11-12 16:19:09 - [MESSAGE][PASSED] - Text ****** has been set on object 'Object Repository/RAD_Pages/TaxInfo_Page/input_TaxInfo_FeinSsn_New_2'

2024-11-12 16:19:10 - [TEST_STEP][PASSED] - setEncryptedText(findTestObject(orPath_TaxInfo + "/input_TaxInfo_RetypeFeinSsn_New_2"), "yXB7JMCbD3QoFF75EQd3iw=="): Text ****** has been set on object 'Object Repository/RAD_Pages/TaxInfo_Page/input_TaxInfo_RetypeFeinSsn_New_2'

2024-11-12 16:19:10 - [MESSAGE][PASSED] - Text ****** has been set on object 'Object Repository/RAD_Pages/TaxInfo_Page/input_TaxInfo_RetypeFeinSsn_New_2'

2024-11-12 16:19:10 - [TEST_STEP][PASSED] - if (CRN.equalsIgnoreCase("Y")): null

2024-11-12 16:19:10 - [TEST_STEP][PASSED] - if (MFLicNum.equalsIgnoreCase("Y")): null

2024-11-12 16:19:10 - [TEST_STEP][PASSED] - if (TaxType.equalsIgnoreCase("Estate Tax")): null

2024-11-12 16:19:10 - [TEST_STEP][PASSED] - setText(findTestObject(orPath_Amount + "/input__paymentAmount"), "100.00"): Text '100.00' is set on object 'Object Repository/RAD_Pages/PaymentAmount_Page/input__paymentAmount'

2024-11-12 16:19:11 - [MESSAGE][PASSED] - Text '100.00' is set on object 'Object Repository/RAD_Pages/PaymentAmount_Page/input__paymentAmount'

2024-11-12 16:19:11 - [TEST_STEP][PASSED] - setText(findTestObject(orPath_AddressContact + "/input_streetAddress2"), ""): Text '' is set on object 'Object Repository/RAD_Pages/AddressAndContactInfo_Page/input_streetAddress2'

2024-11-12 16:19:11 - [MESSAGE][PASSED] - Text '' is set on object 'Object Repository/RAD_Pages/AddressAndContactInfo_Page/input_streetAddress2'

2024-11-12 16:19:11 - [TEST_STEP][PASSED] - scrollToElement(findTestObject(orPath_Landing + "/button_Continue"), 3): Scroll to object 'Object Repository/RAD_Pages/Landing_Page/button_Continue' successfully

2024-11-12 16:19:12 - [MESSAGE][PASSED] - Scroll to object 'Object Repository/RAD_Pages/Landing_Page/button_Continue' successfully

2024-11-12 16:19:12 - [TEST_STEP][PASSED] - waitForElementClickable(findTestObject(orPath_Landing + "/button_Continue"), 5): Object 'Object Repository/RAD_Pages/Landing_Page/button_Continue' is clickable

2024-11-12 16:19:12 - [MESSAGE][PASSED] - Object 'Object Repository/RAD_Pages/Landing_Page/button_Continue' is clickable

2024-11-12 16:19:12 - [TEST_STEP][PASSED] - click(findTestObject(orPath_Landing + "/button_Continue")): Object: 'Object Repository/RAD_Pages/Landing_Page/button_Continue' is clicked on

2024-11-12 16:19:13 - [MESSAGE][PASSED] - Object: 'Object Repository/RAD_Pages/Landing_Page/button_Continue' is clicked on

2024-11-12 16:19:13 - [TEST_STEP][PASSED] - delay(2): Delayed 2 second(s)

2024-11-12 16:19:15 - [MESSAGE][PASSED] - Delayed 2 second(s)

2024-11-12 16:19:15 - [TEST_STEP][PASSED] - verifyTextPresent("Summary", true): Text 'Summary' is present on page  using regular expression

2024-11-12 16:19:15 - [MESSAGE][PASSED] - Text 'Summary' is present on page  using regular expression

2024-11-12 16:19:15 - [TEST_STEP][PASSED] - verifyTextPresent("Review the information below and make any necessary corrections by clicking the", true): Text 'Review the information below and make any necessary corrections by clicking the' is present on page  using regular expression

2024-11-12 16:19:15 - [MESSAGE][PASSED] - Text 'Review the information below and make any necessary corrections by clicking the' is present on page  using regular expression

2024-11-12 16:19:15 - [TEST_STEP][PASSED] - verifyTextPresent("When you are confident that all the information is correct, click the", true): Text 'When you are confident that all the information is correct, click the' is present on page  using regular expression

2024-11-12 16:19:16 - [MESSAGE][PASSED] - Text 'When you are confident that all the information is correct, click the' is present on page  using regular expression

2024-11-12 16:19:16 - [TEST_STEP][PASSED] - verifyTextPresent("Payment Type/Filing Year", true): Text 'Payment Type/Filing Year' is present on page  using regular expression

2024-11-12 16:19:16 - [MESSAGE][PASSED] - Text 'Payment Type/Filing Year' is present on page  using regular expression

2024-11-12 16:19:16 - [TEST_STEP][PASSED] - verifyTextPresent("Payment Type:", true): Text 'Payment Type:' is present on page  using regular expression

2024-11-12 16:19:16 - [MESSAGE][PASSED] - Text 'Payment Type:' is present on page  using regular expression

2024-11-12 16:19:16 - [TEST_STEP][PASSED] - verifyTextPresent("New Tax Return Amount Due", true): Text 'New Tax Return Amount Due' is present on page  using regular expression

2024-11-12 16:19:17 - [MESSAGE][PASSED] - Text 'New Tax Return Amount Due' is present on page  using regular expression

2024-11-12 16:19:17 - [TEST_STEP][PASSED] - verifyTextPresent("Filing Year:", true): Text 'Filing Year:' is present on page  using regular expression

2024-11-12 16:19:17 - [MESSAGE][PASSED] - Text 'Filing Year:' is present on page  using regular expression

2024-11-12 16:19:17 - [TEST_STEP][PASSED] - verifyTextPresent(FilingYear, true): Text '2022' is present on page  using regular expression

2024-11-12 16:19:17 - [MESSAGE][PASSED] - Text '2022' is present on page  using regular expression

2024-11-12 16:19:17 - [TEST_STEP][PASSED] - verifyTextPresent("Payer Information", true): Text 'Payer Information' is present on page  using regular expression

2024-11-12 16:19:18 - [MESSAGE][PASSED] - Text 'Payer Information' is present on page  using regular expression

2024-11-12 16:19:18 - [TEST_STEP][PASSED] - verifyTextPresent("Taxpayer Name:", true): Text 'Taxpayer Name:' is present on page  using regular expression

2024-11-12 16:19:18 - [MESSAGE][PASSED] - Text 'Taxpayer Name:' is present on page  using regular expression

2024-11-12 16:19:18 - [TEST_STEP][PASSED] - verifyTextPresent("My Company", true): Text 'My Company' is present on page  using regular expression

2024-11-12 16:19:18 - [MESSAGE][PASSED] - Text 'My Company' is present on page  using regular expression

2024-11-12 16:19:18 - [TEST_STEP][PASSED] - verifyTextPresent("Business Rep Name:", true): Text 'Business Rep Name:' is present on page  using regular expression

2024-11-12 16:19:19 - [MESSAGE][PASSED] - Text 'Business Rep Name:' is present on page  using regular expression

2024-11-12 16:19:19 - [TEST_STEP][PASSED] - verifyTextPresent("BusRepFname BusRepLname", true): Text 'BusRepFname BusRepLname' is present on page  using regular expression

2024-11-12 16:19:19 - [MESSAGE][PASSED] - Text 'BusRepFname BusRepLname' is present on page  using regular expression

2024-11-12 16:19:19 - [TEST_STEP][PASSED] - verifyTextPresent("Taxpayer Address:", true): Text 'Taxpayer Address:' is present on page  using regular expression

2024-11-12 16:19:19 - [MESSAGE][PASSED] - Text 'Taxpayer Address:' is present on page  using regular expression

2024-11-12 16:19:19 - [TEST_STEP][PASSED] - verifyTextPresent("2508 Mandan Terrace Gambrills Maryland 21054", true): Text '2508 Mandan Terrace Gambrills Maryland 21054' is present on page  using regular expression

2024-11-12 16:19:20 - [MESSAGE][PASSED] - Text '2508 Mandan Terrace Gambrills Maryland 21054' is present on page  using regular expression

2024-11-12 16:19:20 - [TEST_STEP][PASSED] - verifyTextPresent("Email:", true): Text 'Email:' is present on page  using regular expression

2024-11-12 16:19:20 - [MESSAGE][PASSED] - Text 'Email:' is present on page  using regular expression

2024-11-12 16:19:20 - [TEST_STEP][PASSED] - verifyTextPresent("iahmed@govolution.com", true): Text 'iahmed@govolution.com' is present on page  using regular expression

2024-11-12 16:19:20 - [MESSAGE][PASSED] - Text 'iahmed@govolution.com' is present on page  using regular expression

2024-11-12 16:19:20 - [TEST_STEP][PASSED] - verifyTextPresent("Phone:", true): Text 'Phone:' is present on page  using regular expression

2024-11-12 16:19:21 - [MESSAGE][PASSED] - Text 'Phone:' is present on page  using regular expression

2024-11-12 16:19:21 - [TEST_STEP][PASSED] - verifyTextPresent("(703) 894-5000", false): Text '(703) 894-5000' is present on page 

2024-11-12 16:19:21 - [MESSAGE][PASSED] - Text '(703) 894-5000' is present on page 

2024-11-12 16:19:21 - [TEST_STEP][PASSED] - verifyTextPresent("Tax Information", true): Text 'Tax Information' is present on page  using regular expression

2024-11-12 16:19:21 - [MESSAGE][PASSED] - Text 'Tax Information' is present on page  using regular expression

2024-11-12 16:19:21 - [TEST_STEP][PASSED] - verifyTextNotPresent("Notice Number", true): Text 'Notice Number' is not present on page using regular expression

2024-11-12 16:19:22 - [MESSAGE][PASSED] - Text 'Notice Number' is not present on page using regular expression

2024-11-12 16:19:22 - [TEST_STEP][PASSED] - if (month.trim()): null

2024-11-12 16:19:22 - [TEST_STEP][PASSED] - else: Text 'Period Ending' is not present on page using regular expression

2024-11-12 16:19:22 - [TEST_STEP][PASSED] - verifyTextNotPresent("Period Ending", true): Text 'Period Ending' is not present on page using regular expression

2024-11-12 16:19:22 - [MESSAGE][PASSED] - Text 'Period Ending' is not present on page using regular expression

2024-11-12 16:19:22 - [TEST_STEP][PASSED] - if (feinSSN.equalsIgnoreCase("Y")): Text 'XXXXX6187' is present on page  using regular expression

2024-11-12 16:19:22 - [TEST_STEP][PASSED] - verifyTextPresent("FEIN/SSN:", true): Text 'FEIN/SSN:' is present on page  using regular expression

2024-11-12 16:19:22 - [MESSAGE][PASSED] - Text 'FEIN/SSN:' is present on page  using regular expression

2024-11-12 16:19:22 - [TEST_STEP][PASSED] - verifyTextNotPresent("Federal EIN:", true): Text 'Federal EIN:' is not present on page using regular expression

2024-11-12 16:19:23 - [MESSAGE][PASSED] - Text 'Federal EIN:' is not present on page using regular expression

2024-11-12 16:19:23 - [TEST_STEP][PASSED] - verifyTextPresent("XXXXX6187", true): Text 'XXXXX6187' is present on page  using regular expression

2024-11-12 16:19:23 - [MESSAGE][PASSED] - Text 'XXXXX6187' is present on page  using regular expression

2024-11-12 16:19:23 - [TEST_STEP][PASSED] - if (TaxType.equalsIgnoreCase("Estate Tax")): null

2024-11-12 16:19:23 - [TEST_STEP][PASSED] - if (CRN.equalsIgnoreCase("Y")): null

2024-11-12 16:19:23 - [TEST_STEP][PASSED] - else: Text 'MD Central Registration Number' is not present on page using regular expression

2024-11-12 16:19:23 - [TEST_STEP][PASSED] - verifyTextNotPresent("MD Central Registration Number", true): Text 'MD Central Registration Number' is not present on page using regular expression

2024-11-12 16:19:23 - [MESSAGE][PASSED] - Text 'MD Central Registration Number' is not present on page using regular expression

2024-11-12 16:19:23 - [TEST_STEP][PASSED] - if (MFLicNum.equalsIgnoreCase("Y")): null

2024-11-12 16:19:23 - [TEST_STEP][PASSED] - else: Text 'Motor Fuel License Number#:' is not present on page using regular expression

2024-11-12 16:19:23 - [TEST_STEP][PASSED] - verifyTextNotPresent("Motor Fuel License Number#:", true): Text 'Motor Fuel License Number#:' is not present on page using regular expression

2024-11-12 16:19:24 - [MESSAGE][PASSED] - Text 'Motor Fuel License Number#:' is not present on page using regular expression

2024-11-12 16:19:24 - [TEST_STEP][PASSED] - verifyTextPresent("Payment Amount:", true): Text 'Payment Amount:' is present on page  using regular expression

2024-11-12 16:19:24 - [MESSAGE][PASSED] - Text 'Payment Amount:' is present on page  using regular expression

2024-11-12 16:19:24 - [TEST_STEP][PASSED] - verifyTextPresent("100.00", true): Text '100.00' is present on page  using regular expression

2024-11-12 16:19:24 - [MESSAGE][PASSED] - Text '100.00' is present on page  using regular expression

2024-11-12 16:19:24 - [TEST_STEP][PASSED] - if (verifyElementVisible(findTestObject(orPath_Summary + "/button_Proceed to Payment"))): null

2024-11-12 16:19:25 - [MESSAGE][PASSED] - Object 'Object Repository/RAD_Pages/Summary_Page/button_Proceed to Payment' is visible

2024-11-12 16:19:25 - [TEST_STEP][PASSED] - resText = "Pass": null

2024-11-12 16:19:25 - [TEST_STEP][PASSED] - pages.WriteExcel.demoKey(resText, datText, resColumn, datCloumn, fileLoc, nameSheet, row): pages.WriteExcel.demoKey is PASSED

2024-11-12 16:19:25 - [MESSAGE][PASSED] - pages.WriteExcel.demoKey is PASSED

2024-11-12 16:19:25 - [TEST_STEP][PASSED] - click(findTestObject(orPath_Summary + "/button_Proceed to Payment")): Object: 'Object Repository/RAD_Pages/Summary_Page/button_Proceed to Payment' is clicked on

2024-11-12 16:19:28 - [MESSAGE][PASSED] - Object: 'Object Repository/RAD_Pages/Summary_Page/button_Proceed to Payment' is clicked on

2024-11-12 16:19:28 - [TEST_STEP][PASSED] - verifyElementPresent(findTestObject("Object Repository/RAD_Pages/PaymentEntry_Page/input__billingName"), 30): Object 'Object Repository/RAD_Pages/PaymentEntry_Page/input__billingName' is present

2024-11-12 16:19:29 - [MESSAGE][PASSED] - Object 'Object Repository/RAD_Pages/PaymentEntry_Page/input__billingName' is present

2024-11-12 16:19:29 - [TEST_STEP][PASSED] - ExecuteTC = findTestData(dataFile).getValue("Execute", row): null

2024-11-12 16:19:29 - [TEST_STEP][PASSED] - TaxType = findTestData(dataFile).getValue("TaxType", row): null

2024-11-12 16:19:29 - [TEST_STEP][PASSED] - PaymentType = findTestData(dataFile).getValue("PaymentType", row): null

2024-11-12 16:19:29 - [TEST_STEP][PASSED] - FilingYear = findTestData(dataFile).getValue("Year", row): null

2024-11-12 16:19:29 - [TEST_STEP][PASSED] - feinSSN = findTestData(dataFile).getValue("FeinSsn", row): null

2024-11-12 16:19:29 - [TEST_STEP][PASSED] - CRN = findTestData(dataFile).getValue("CRN", row): null

2024-11-12 16:19:29 - [TEST_STEP][PASSED] - month = findTestData(dataFile).getValue("Month", row): null

2024-11-12 16:19:29 - [TEST_STEP][PASSED] - MFLicNum = findTestData(dataFile).getValue("MFLicNum", row): null

2024-11-12 16:19:29 - [TEST_STEP][PASSED] - if (ExecuteTC.equalsIgnoreCase("Y")): Object 'Object Repository/RAD_Pages/PaymentEntry_Page/input__billingName' is present

2024-11-12 16:19:29 - [TEST_STEP][PASSED] - out.println("Begin Record Number: " + row): null

2024-11-12 16:19:29 - [TEST_STEP][PASSED] - today = new java.util.Date(): null

2024-11-12 16:19:29 - [TEST_STEP][PASSED] - println(today): null

2024-11-12 16:19:29 - [TEST_STEP][PASSED] - datText = today: null

2024-11-12 16:19:29 - [TEST_STEP][PASSED] - logInfo("Payment Type: New Tax Return Amount Due"): Payment Type: New Tax Return Amount Due

2024-11-12 16:19:29 - [MESSAGE][INFO] - Payment Type: New Tax Return Amount Due

2024-11-12 16:19:29 - [TEST_STEP][PASSED] - logInfo("Tax Type: " + TaxType): Tax Type: PTE Tax Electing S Corp

2024-11-12 16:19:29 - [MESSAGE][INFO] - Tax Type: PTE Tax Electing S Corp

2024-11-12 16:19:29 - [TEST_STEP][PASSED] - openBrowser(""): Browser is opened with url: ''

2024-11-12 16:19:29 - [MESSAGE][WARNING] - A browser is already opened. Closing browser and opening a new one

2024-11-12 16:19:31 - [MESSAGE][INFO] - Starting 'Chrome' driver

2024-11-12 16:19:31 - [MESSAGE][INFO] - User set preference: ['acceptInsecureCerts', 'true']

2024-11-12 16:19:31 - [MESSAGE][INFO] - Action delay is set to 0 milliseconds

2024-11-12 16:19:32 - [MESSAGE][PASSED] - Browser is opened with url: ''

2024-11-12 16:19:32 - [TEST_STEP][PASSED] - maximizeWindow(): Current window maximized

2024-11-12 16:19:32 - [MESSAGE][PASSED] - Current window maximized

2024-11-12 16:19:32 - [TEST_STEP][PASSED] - navigateToUrl(RADurl): Navigate to 'https://www.velocitypayment.com/client/rad/index.html' successfully

2024-11-12 16:19:34 - [MESSAGE][PASSED] - Navigate to 'https://www.velocitypayment.com/client/rad/index.html' successfully

2024-11-12 16:19:34 - [TEST_STEP][PASSED] - selectOptionByLabel(findTestObject(orPath_Landing + "/dd_TaxType"), "New Tax Return Amount Due", false): All options with label 'New Tax Return Amount Due' are selected in object 'Object Repository/RAD_Pages/Landing_Page/dd_TaxType' 

2024-11-12 16:19:35 - [MESSAGE][PASSED] - All options with label 'New Tax Return Amount Due' are selected in object 'Object Repository/RAD_Pages/Landing_Page/dd_TaxType' 

2024-11-12 16:19:35 - [TEST_STEP][PASSED] - selectOptionByLabel(findTestObject("Object Repository/RAD_Pages/Landing_Page/select_NewTaxReturnAmountDue_TaxType"), TaxType, false): All options with label 'PTE Tax Electing S Corp' are selected in object 'Object Repository/RAD_Pages/Landing_Page/select_NewTaxReturnAmountDue_TaxType' 

2024-11-12 16:19:35 - [MESSAGE][PASSED] - All options with label 'PTE Tax Electing S Corp' are selected in object 'Object Repository/RAD_Pages/Landing_Page/select_NewTaxReturnAmountDue_TaxType' 

2024-11-12 16:19:35 - [TEST_STEP][PASSED] - selectOptionByLabel(findTestObject(orPath_TaxTypeFilingYear + "/select_FilingYear"), FilingYear, false): All options with label '2022' are selected in object 'Object Repository/RAD_Pages/TaxTypeFilingYear_Page/select_FilingYear' 

2024-11-12 16:19:36 - [MESSAGE][PASSED] - All options with label '2022' are selected in object 'Object Repository/RAD_Pages/TaxTypeFilingYear_Page/select_FilingYear' 

2024-11-12 16:19:36 - [TEST_STEP][PASSED] - if (month.trim()): null

2024-11-12 16:19:36 - [TEST_STEP][PASSED] - rad.getSetDataRAD.setDataRADBusinessName(): rad.getSetDataRAD.setDataRADBusinessName is PASSED

2024-11-12 16:19:37 - [MESSAGE][PASSED] - Text 'My Company' is set on object 'Object Repository/RAD_Pages/Taxpayer_Page/input_businessName'

2024-11-12 16:19:37 - [MESSAGE][PASSED] - rad.getSetDataRAD.setDataRADBusinessName is PASSED

2024-11-12 16:19:37 - [TEST_STEP][PASSED] - rad.getSetDataRAD.setDataRADBusinessRep(): rad.getSetDataRAD.setDataRADBusinessRep is PASSED

2024-11-12 16:19:38 - [MESSAGE][PASSED] - Text 'BusRepFname' is set on object 'Object Repository/RAD_Pages/Taxpayer_Page/input_BusinessRepfirstName'

2024-11-12 16:19:39 - [MESSAGE][PASSED] - Text '' is set on object 'Object Repository/RAD_Pages/Taxpayer_Page/input_BusinessRepmiddleName'

2024-11-12 16:19:40 - [MESSAGE][PASSED] - Text 'BusRepLname' is set on object 'Object Repository/RAD_Pages/Taxpayer_Page/input_BusinessReplastName'

2024-11-12 16:19:40 - [MESSAGE][PASSED] - Text '' is set on object 'Object Repository/RAD_Pages/Taxpayer_Page/input_BusinessRepsuffix'

2024-11-12 16:19:40 - [MESSAGE][PASSED] - rad.getSetDataRAD.setDataRADBusinessRep is PASSED

2024-11-12 16:19:40 - [TEST_STEP][PASSED] - rad.getSetDataRAD.setDataRADAddress(): rad.getSetDataRAD.setDataRADAddress is PASSED

2024-11-12 16:19:41 - [MESSAGE][PASSED] - All options with label 'United States' are selected in object 'Object Repository/RAD_Pages/AddressAndContactInfo_Page/select_Country' 

2024-11-12 16:19:42 - [MESSAGE][PASSED] - Text '2508 Mandan Terrace' is set on object 'Object Repository/RAD_Pages/AddressAndContactInfo_Page/input_streetAddress1'

2024-11-12 16:19:42 - [MESSAGE][PASSED] - Text '' is set on object 'Object Repository/RAD_Pages/AddressAndContactInfo_Page/input_streetAddress2'

2024-11-12 16:19:43 - [MESSAGE][PASSED] - Text 'Gambrills' is set on object 'Object Repository/RAD_Pages/AddressAndContactInfo_Page/input_city'

2024-11-12 16:19:44 - [MESSAGE][PASSED] - All options with label 'Maryland' are selected in object 'Object Repository/RAD_Pages/AddressAndContactInfo_Page/select_State' 

2024-11-12 16:19:45 - [MESSAGE][PASSED] - Text '21054' is set on object 'Object Repository/RAD_Pages/AddressAndContactInfo_Page/input_zipCode'

2024-11-12 16:19:46 - [MESSAGE][PASSED] - Text '(703) 894-5000' is set on object 'Object Repository/RAD_Pages/AddressAndContactInfo_Page/input_phoneNumber'

2024-11-12 16:19:46 - [MESSAGE][PASSED] - Text 'iahmed@govolution.com' is set on object 'Object Repository/RAD_Pages/AddressAndContactInfo_Page/input_eMailAddress'

2024-11-12 16:19:47 - [MESSAGE][PASSED] - Text 'iahmed@govolution.com' is set on object 'Object Repository/RAD_Pages/AddressAndContactInfo_Page/input_reEnterEMailAddress'

2024-11-12 16:19:47 - [MESSAGE][PASSED] - rad.getSetDataRAD.setDataRADAddress is PASSED

2024-11-12 16:19:47 - [TEST_STEP][PASSED] - if (feinSSN.equalsIgnoreCase("Y")): Text ****** has been set on object 'Object Repository/RAD_Pages/TaxInfo_Page/input_TaxInfo_RetypeFeinSsn_New_2'

2024-11-12 16:19:47 - [TEST_STEP][PASSED] - setEncryptedText(findTestObject(orPath_TaxInfo + "/input_TaxInfo_FeinSsn_New_2"), "yXB7JMCbD3QoFF75EQd3iw=="): Text ****** has been set on object 'Object Repository/RAD_Pages/TaxInfo_Page/input_TaxInfo_FeinSsn_New_2'

2024-11-12 16:19:48 - [MESSAGE][PASSED] - Text ****** has been set on object 'Object Repository/RAD_Pages/TaxInfo_Page/input_TaxInfo_FeinSsn_New_2'

2024-11-12 16:19:48 - [TEST_STEP][PASSED] - setEncryptedText(findTestObject(orPath_TaxInfo + "/input_TaxInfo_RetypeFeinSsn_New_2"), "yXB7JMCbD3QoFF75EQd3iw=="): Text ****** has been set on object 'Object Repository/RAD_Pages/TaxInfo_Page/input_TaxInfo_RetypeFeinSsn_New_2'

2024-11-12 16:19:48 - [MESSAGE][PASSED] - Text ****** has been set on object 'Object Repository/RAD_Pages/TaxInfo_Page/input_TaxInfo_RetypeFeinSsn_New_2'

2024-11-12 16:19:48 - [TEST_STEP][PASSED] - if (CRN.equalsIgnoreCase("Y")): null

2024-11-12 16:19:48 - [TEST_STEP][PASSED] - if (MFLicNum.equalsIgnoreCase("Y")): null

2024-11-12 16:19:48 - [TEST_STEP][PASSED] - if (TaxType.equalsIgnoreCase("Estate Tax")): null

2024-11-12 16:19:48 - [TEST_STEP][PASSED] - setText(findTestObject(orPath_Amount + "/input__paymentAmount"), "100.00"): Text '100.00' is set on object 'Object Repository/RAD_Pages/PaymentAmount_Page/input__paymentAmount'

2024-11-12 16:19:49 - [MESSAGE][PASSED] - Text '100.00' is set on object 'Object Repository/RAD_Pages/PaymentAmount_Page/input__paymentAmount'

2024-11-12 16:19:49 - [TEST_STEP][PASSED] - setText(findTestObject(orPath_AddressContact + "/input_streetAddress2"), ""): Text '' is set on object 'Object Repository/RAD_Pages/AddressAndContactInfo_Page/input_streetAddress2'

2024-11-12 16:19:50 - [MESSAGE][PASSED] - Text '' is set on object 'Object Repository/RAD_Pages/AddressAndContactInfo_Page/input_streetAddress2'

2024-11-12 16:19:50 - [TEST_STEP][PASSED] - scrollToElement(findTestObject(orPath_Landing + "/button_Continue"), 3): Scroll to object 'Object Repository/RAD_Pages/Landing_Page/button_Continue' successfully

2024-11-12 16:19:50 - [MESSAGE][PASSED] - Scroll to object 'Object Repository/RAD_Pages/Landing_Page/button_Continue' successfully

2024-11-12 16:19:50 - [TEST_STEP][PASSED] - waitForElementClickable(findTestObject(orPath_Landing + "/button_Continue"), 5): Object 'Object Repository/RAD_Pages/Landing_Page/button_Continue' is clickable

2024-11-12 16:19:50 - [MESSAGE][PASSED] - Object 'Object Repository/RAD_Pages/Landing_Page/button_Continue' is clickable

2024-11-12 16:19:50 - [TEST_STEP][PASSED] - click(findTestObject(orPath_Landing + "/button_Continue")): Object: 'Object Repository/RAD_Pages/Landing_Page/button_Continue' is clicked on

2024-11-12 16:19:51 - [MESSAGE][PASSED] - Object: 'Object Repository/RAD_Pages/Landing_Page/button_Continue' is clicked on

2024-11-12 16:19:51 - [TEST_STEP][PASSED] - delay(2): Delayed 2 second(s)

2024-11-12 16:19:53 - [MESSAGE][PASSED] - Delayed 2 second(s)

2024-11-12 16:19:53 - [TEST_STEP][PASSED] - verifyTextPresent("Summary", true): Text 'Summary' is present on page  using regular expression

2024-11-12 16:19:53 - [MESSAGE][PASSED] - Text 'Summary' is present on page  using regular expression

2024-11-12 16:19:53 - [TEST_STEP][PASSED] - verifyTextPresent("Review the information below and make any necessary corrections by clicking the", true): Text 'Review the information below and make any necessary corrections by clicking the' is present on page  using regular expression

2024-11-12 16:19:54 - [MESSAGE][PASSED] - Text 'Review the information below and make any necessary corrections by clicking the' is present on page  using regular expression

2024-11-12 16:19:54 - [TEST_STEP][PASSED] - verifyTextPresent("When you are confident that all the information is correct, click the", true): Text 'When you are confident that all the information is correct, click the' is present on page  using regular expression

2024-11-12 16:19:54 - [MESSAGE][PASSED] - Text 'When you are confident that all the information is correct, click the' is present on page  using regular expression

2024-11-12 16:19:54 - [TEST_STEP][PASSED] - verifyTextPresent("Payment Type/Filing Year", true): Text 'Payment Type/Filing Year' is present on page  using regular expression

2024-11-12 16:19:54 - [MESSAGE][PASSED] - Text 'Payment Type/Filing Year' is present on page  using regular expression

2024-11-12 16:19:54 - [TEST_STEP][PASSED] - verifyTextPresent("Payment Type:", true): Text 'Payment Type:' is present on page  using regular expression

2024-11-12 16:19:55 - [MESSAGE][PASSED] - Text 'Payment Type:' is present on page  using regular expression

2024-11-12 16:19:55 - [TEST_STEP][PASSED] - verifyTextPresent("New Tax Return Amount Due", true): Text 'New Tax Return Amount Due' is present on page  using regular expression

2024-11-12 16:19:55 - [MESSAGE][PASSED] - Text 'New Tax Return Amount Due' is present on page  using regular expression

2024-11-12 16:19:55 - [TEST_STEP][PASSED] - verifyTextPresent("Filing Year:", true): Text 'Filing Year:' is present on page  using regular expression

2024-11-12 16:19:55 - [MESSAGE][PASSED] - Text 'Filing Year:' is present on page  using regular expression

2024-11-12 16:19:55 - [TEST_STEP][PASSED] - verifyTextPresent(FilingYear, true): Text '2022' is present on page  using regular expression

2024-11-12 16:19:56 - [MESSAGE][PASSED] - Text '2022' is present on page  using regular expression

2024-11-12 16:19:56 - [TEST_STEP][PASSED] - verifyTextPresent("Payer Information", true): Text 'Payer Information' is present on page  using regular expression

2024-11-12 16:19:56 - [MESSAGE][PASSED] - Text 'Payer Information' is present on page  using regular expression

2024-11-12 16:19:56 - [TEST_STEP][PASSED] - verifyTextPresent("Taxpayer Name:", true): Text 'Taxpayer Name:' is present on page  using regular expression

2024-11-12 16:19:56 - [MESSAGE][PASSED] - Text 'Taxpayer Name:' is present on page  using regular expression

2024-11-12 16:19:56 - [TEST_STEP][PASSED] - verifyTextPresent("My Company", true): Text 'My Company' is present on page  using regular expression

2024-11-12 16:19:57 - [MESSAGE][PASSED] - Text 'My Company' is present on page  using regular expression

2024-11-12 16:19:57 - [TEST_STEP][PASSED] - verifyTextPresent("Business Rep Name:", true): Text 'Business Rep Name:' is present on page  using regular expression

2024-11-12 16:19:57 - [MESSAGE][PASSED] - Text 'Business Rep Name:' is present on page  using regular expression

2024-11-12 16:19:57 - [TEST_STEP][PASSED] - verifyTextPresent("BusRepFname BusRepLname", true): Text 'BusRepFname BusRepLname' is present on page  using regular expression

2024-11-12 16:19:57 - [MESSAGE][PASSED] - Text 'BusRepFname BusRepLname' is present on page  using regular expression

2024-11-12 16:19:57 - [TEST_STEP][PASSED] - verifyTextPresent("Taxpayer Address:", true): Text 'Taxpayer Address:' is present on page  using regular expression

2024-11-12 16:19:58 - [MESSAGE][PASSED] - Text 'Taxpayer Address:' is present on page  using regular expression

2024-11-12 16:19:58 - [TEST_STEP][PASSED] - verifyTextPresent("2508 Mandan Terrace Gambrills Maryland 21054", true): Text '2508 Mandan Terrace Gambrills Maryland 21054' is present on page  using regular expression

2024-11-12 16:19:58 - [MESSAGE][PASSED] - Text '2508 Mandan Terrace Gambrills Maryland 21054' is present on page  using regular expression

2024-11-12 16:19:58 - [TEST_STEP][PASSED] - verifyTextPresent("Email:", true): Text 'Email:' is present on page  using regular expression

2024-11-12 16:19:58 - [MESSAGE][PASSED] - Text 'Email:' is present on page  using regular expression

2024-11-12 16:19:58 - [TEST_STEP][PASSED] - verifyTextPresent("iahmed@govolution.com", true): Text 'iahmed@govolution.com' is present on page  using regular expression

2024-11-12 16:19:59 - [MESSAGE][PASSED] - Text 'iahmed@govolution.com' is present on page  using regular expression

2024-11-12 16:19:59 - [TEST_STEP][PASSED] - verifyTextPresent("Phone:", true): Text 'Phone:' is present on page  using regular expression

2024-11-12 16:19:59 - [MESSAGE][PASSED] - Text 'Phone:' is present on page  using regular expression

2024-11-12 16:19:59 - [TEST_STEP][PASSED] - verifyTextPresent("(703) 894-5000", false): Text '(703) 894-5000' is present on page 

2024-11-12 16:19:59 - [MESSAGE][PASSED] - Text '(703) 894-5000' is present on page 

2024-11-12 16:19:59 - [TEST_STEP][PASSED] - verifyTextPresent("Tax Information", true): Text 'Tax Information' is present on page  using regular expression

2024-11-12 16:19:59 - [MESSAGE][PASSED] - Text 'Tax Information' is present on page  using regular expression

2024-11-12 16:19:59 - [TEST_STEP][PASSED] - verifyTextNotPresent("Notice Number", true): Text 'Notice Number' is not present on page using regular expression

2024-11-12 16:20:00 - [MESSAGE][PASSED] - Text 'Notice Number' is not present on page using regular expression

2024-11-12 16:20:00 - [TEST_STEP][PASSED] - if (month.trim()): null

2024-11-12 16:20:00 - [TEST_STEP][PASSED] - else: Text 'Period Ending' is not present on page using regular expression

2024-11-12 16:20:00 - [TEST_STEP][PASSED] - verifyTextNotPresent("Period Ending", true): Text 'Period Ending' is not present on page using regular expression

2024-11-12 16:20:00 - [MESSAGE][PASSED] - Text 'Period Ending' is not present on page using regular expression

2024-11-12 16:20:00 - [TEST_STEP][PASSED] - if (feinSSN.equalsIgnoreCase("Y")): Text 'XXXXX6187' is present on page  using regular expression

2024-11-12 16:20:00 - [TEST_STEP][PASSED] - verifyTextPresent("FEIN/SSN:", true): Text 'FEIN/SSN:' is present on page  using regular expression

2024-11-12 16:20:00 - [MESSAGE][PASSED] - Text 'FEIN/SSN:' is present on page  using regular expression

2024-11-12 16:20:00 - [TEST_STEP][PASSED] - verifyTextNotPresent("Federal EIN:", true): Text 'Federal EIN:' is not present on page using regular expression

2024-11-12 16:20:01 - [MESSAGE][PASSED] - Text 'Federal EIN:' is not present on page using regular expression

2024-11-12 16:20:01 - [TEST_STEP][PASSED] - verifyTextPresent("XXXXX6187", true): Text 'XXXXX6187' is present on page  using regular expression

2024-11-12 16:20:01 - [MESSAGE][PASSED] - Text 'XXXXX6187' is present on page  using regular expression

2024-11-12 16:20:01 - [TEST_STEP][PASSED] - if (TaxType.equalsIgnoreCase("Estate Tax")): null

2024-11-12 16:20:01 - [TEST_STEP][PASSED] - if (CRN.equalsIgnoreCase("Y")): null

2024-11-12 16:20:01 - [TEST_STEP][PASSED] - else: Text 'MD Central Registration Number' is not present on page using regular expression

2024-11-12 16:20:01 - [TEST_STEP][PASSED] - verifyTextNotPresent("MD Central Registration Number", true): Text 'MD Central Registration Number' is not present on page using regular expression

2024-11-12 16:20:01 - [MESSAGE][PASSED] - Text 'MD Central Registration Number' is not present on page using regular expression

2024-11-12 16:20:01 - [TEST_STEP][PASSED] - if (MFLicNum.equalsIgnoreCase("Y")): null

2024-11-12 16:20:01 - [TEST_STEP][PASSED] - else: Text 'Motor Fuel License Number#:' is not present on page using regular expression

2024-11-12 16:20:01 - [TEST_STEP][PASSED] - verifyTextNotPresent("Motor Fuel License Number#:", true): Text 'Motor Fuel License Number#:' is not present on page using regular expression

2024-11-12 16:20:02 - [MESSAGE][PASSED] - Text 'Motor Fuel License Number#:' is not present on page using regular expression

2024-11-12 16:20:02 - [TEST_STEP][PASSED] - verifyTextPresent("Payment Amount:", true): Text 'Payment Amount:' is present on page  using regular expression

2024-11-12 16:20:02 - [MESSAGE][PASSED] - Text 'Payment Amount:' is present on page  using regular expression

2024-11-12 16:20:02 - [TEST_STEP][PASSED] - verifyTextPresent("100.00", true): Text '100.00' is present on page  using regular expression

2024-11-12 16:20:02 - [MESSAGE][PASSED] - Text '100.00' is present on page  using regular expression

2024-11-12 16:20:02 - [TEST_STEP][PASSED] - if (verifyElementVisible(findTestObject(orPath_Summary + "/button_Proceed to Payment"))): null

2024-11-12 16:20:03 - [MESSAGE][PASSED] - Object 'Object Repository/RAD_Pages/Summary_Page/button_Proceed to Payment' is visible

2024-11-12 16:20:03 - [TEST_STEP][PASSED] - resText = "Pass": null

2024-11-12 16:20:03 - [TEST_STEP][PASSED] - pages.WriteExcel.demoKey(resText, datText, resColumn, datCloumn, fileLoc, nameSheet, row): pages.WriteExcel.demoKey is PASSED

2024-11-12 16:20:03 - [MESSAGE][PASSED] - pages.WriteExcel.demoKey is PASSED

2024-11-12 16:20:03 - [TEST_STEP][PASSED] - click(findTestObject(orPath_Summary + "/button_Proceed to Payment")): Object: 'Object Repository/RAD_Pages/Summary_Page/button_Proceed to Payment' is clicked on

2024-11-12 16:20:06 - [MESSAGE][PASSED] - Object: 'Object Repository/RAD_Pages/Summary_Page/button_Proceed to Payment' is clicked on

2024-11-12 16:20:06 - [TEST_STEP][PASSED] - verifyElementPresent(findTestObject("Object Repository/RAD_Pages/PaymentEntry_Page/input__billingName"), 30): Object 'Object Repository/RAD_Pages/PaymentEntry_Page/input__billingName' is present

2024-11-12 16:20:06 - [MESSAGE][PASSED] - Object 'Object Repository/RAD_Pages/PaymentEntry_Page/input__billingName' is present

2024-11-12 16:20:06 - [TEST_STEP][PASSED] - ExecuteTC = findTestData(dataFile).getValue("Execute", row): null

2024-11-12 16:20:06 - [TEST_STEP][PASSED] - TaxType = findTestData(dataFile).getValue("TaxType", row): null

2024-11-12 16:20:06 - [TEST_STEP][PASSED] - PaymentType = findTestData(dataFile).getValue("PaymentType", row): null

2024-11-12 16:20:06 - [TEST_STEP][PASSED] - FilingYear = findTestData(dataFile).getValue("Year", row): null

2024-11-12 16:20:06 - [TEST_STEP][PASSED] - feinSSN = findTestData(dataFile).getValue("FeinSsn", row): null

2024-11-12 16:20:07 - [TEST_STEP][PASSED] - CRN = findTestData(dataFile).getValue("CRN", row): null

2024-11-12 16:20:07 - [TEST_STEP][PASSED] - month = findTestData(dataFile).getValue("Month", row): null

2024-11-12 16:20:07 - [TEST_STEP][PASSED] - MFLicNum = findTestData(dataFile).getValue("MFLicNum", row): null

2024-11-12 16:20:07 - [TEST_STEP][PASSED] - if (ExecuteTC.equalsIgnoreCase("Y")): Object 'Object Repository/RAD_Pages/PaymentEntry_Page/input__billingName' is present

2024-11-12 16:20:07 - [TEST_STEP][PASSED] - out.println("Begin Record Number: " + row): null

2024-11-12 16:20:07 - [TEST_STEP][PASSED] - today = new java.util.Date(): null

2024-11-12 16:20:07 - [TEST_STEP][PASSED] - println(today): null

2024-11-12 16:20:07 - [TEST_STEP][PASSED] - datText = today: null

2024-11-12 16:20:07 - [TEST_STEP][PASSED] - logInfo("Payment Type: New Tax Return Amount Due"): Payment Type: New Tax Return Amount Due

2024-11-12 16:20:07 - [MESSAGE][INFO] - Payment Type: New Tax Return Amount Due

2024-11-12 16:20:07 - [TEST_STEP][PASSED] - logInfo("Tax Type: " + TaxType): Tax Type: Fiduciary Tax

2024-11-12 16:20:07 - [MESSAGE][INFO] - Tax Type: Fiduciary Tax

2024-11-12 16:20:07 - [TEST_STEP][PASSED] - openBrowser(""): Browser is opened with url: ''

2024-11-12 16:20:07 - [MESSAGE][WARNING] - A browser is already opened. Closing browser and opening a new one

2024-11-12 16:20:08 - [MESSAGE][INFO] - Starting 'Chrome' driver

2024-11-12 16:20:08 - [MESSAGE][INFO] - User set preference: ['acceptInsecureCerts', 'true']

2024-11-12 16:20:08 - [MESSAGE][INFO] - Action delay is set to 0 milliseconds

2024-11-12 16:20:10 - [MESSAGE][PASSED] - Browser is opened with url: ''

2024-11-12 16:20:10 - [TEST_STEP][PASSED] - maximizeWindow(): Current window maximized

2024-11-12 16:20:10 - [MESSAGE][PASSED] - Current window maximized

2024-11-12 16:20:10 - [TEST_STEP][PASSED] - navigateToUrl(RADurl): Navigate to 'https://www.velocitypayment.com/client/rad/index.html' successfully

2024-11-12 16:20:11 - [MESSAGE][PASSED] - Navigate to 'https://www.velocitypayment.com/client/rad/index.html' successfully

2024-11-12 16:20:11 - [TEST_STEP][PASSED] - selectOptionByLabel(findTestObject(orPath_Landing + "/dd_TaxType"), "New Tax Return Amount Due", false): All options with label 'New Tax Return Amount Due' are selected in object 'Object Repository/RAD_Pages/Landing_Page/dd_TaxType' 

2024-11-12 16:20:12 - [MESSAGE][PASSED] - All options with label 'New Tax Return Amount Due' are selected in object 'Object Repository/RAD_Pages/Landing_Page/dd_TaxType' 

2024-11-12 16:20:12 - [TEST_STEP][PASSED] - selectOptionByLabel(findTestObject("Object Repository/RAD_Pages/Landing_Page/select_NewTaxReturnAmountDue_TaxType"), TaxType, false): All options with label 'Fiduciary Tax' are selected in object 'Object Repository/RAD_Pages/Landing_Page/select_NewTaxReturnAmountDue_TaxType' 

2024-11-12 16:20:13 - [MESSAGE][PASSED] - All options with label 'Fiduciary Tax' are selected in object 'Object Repository/RAD_Pages/Landing_Page/select_NewTaxReturnAmountDue_TaxType' 

2024-11-12 16:20:13 - [TEST_STEP][PASSED] - selectOptionByLabel(findTestObject(orPath_TaxTypeFilingYear + "/select_FilingYear"), FilingYear, false): All options with label '2021' are selected in object 'Object Repository/RAD_Pages/TaxTypeFilingYear_Page/select_FilingYear' 

2024-11-12 16:20:13 - [MESSAGE][PASSED] - All options with label '2021' are selected in object 'Object Repository/RAD_Pages/TaxTypeFilingYear_Page/select_FilingYear' 

2024-11-12 16:20:13 - [TEST_STEP][PASSED] - if (month.trim()): null

2024-11-12 16:20:13 - [TEST_STEP][PASSED] - rad.getSetDataRAD.setDataRADBusinessName(): rad.getSetDataRAD.setDataRADBusinessName is PASSED

2024-11-12 16:20:14 - [MESSAGE][PASSED] - Text 'My Company' is set on object 'Object Repository/RAD_Pages/Taxpayer_Page/input_businessName'

2024-11-12 16:20:14 - [MESSAGE][PASSED] - rad.getSetDataRAD.setDataRADBusinessName is PASSED

2024-11-12 16:20:14 - [TEST_STEP][PASSED] - rad.getSetDataRAD.setDataRADBusinessRep(): rad.getSetDataRAD.setDataRADBusinessRep is PASSED

2024-11-12 16:20:15 - [MESSAGE][PASSED] - Text 'BusRepFname' is set on object 'Object Repository/RAD_Pages/Taxpayer_Page/input_BusinessRepfirstName'

2024-11-12 16:20:16 - [MESSAGE][PASSED] - Text '' is set on object 'Object Repository/RAD_Pages/Taxpayer_Page/input_BusinessRepmiddleName'

2024-11-12 16:20:17 - [MESSAGE][PASSED] - Text 'BusRepLname' is set on object 'Object Repository/RAD_Pages/Taxpayer_Page/input_BusinessReplastName'

2024-11-12 16:20:17 - [MESSAGE][PASSED] - Text '' is set on object 'Object Repository/RAD_Pages/Taxpayer_Page/input_BusinessRepsuffix'

2024-11-12 16:20:17 - [MESSAGE][PASSED] - rad.getSetDataRAD.setDataRADBusinessRep is PASSED

2024-11-12 16:20:17 - [TEST_STEP][PASSED] - rad.getSetDataRAD.setDataRADAddress(): rad.getSetDataRAD.setDataRADAddress is PASSED

2024-11-12 16:20:18 - [MESSAGE][PASSED] - All options with label 'United States' are selected in object 'Object Repository/RAD_Pages/AddressAndContactInfo_Page/select_Country' 

2024-11-12 16:20:19 - [MESSAGE][PASSED] - Text '2508 Mandan Terrace' is set on object 'Object Repository/RAD_Pages/AddressAndContactInfo_Page/input_streetAddress1'

2024-11-12 16:20:19 - [MESSAGE][PASSED] - Text '' is set on object 'Object Repository/RAD_Pages/AddressAndContactInfo_Page/input_streetAddress2'

2024-11-12 16:20:21 - [MESSAGE][PASSED] - Text 'Gambrills' is set on object 'Object Repository/RAD_Pages/AddressAndContactInfo_Page/input_city'

2024-11-12 16:20:22 - [MESSAGE][PASSED] - All options with label 'Maryland' are selected in object 'Object Repository/RAD_Pages/AddressAndContactInfo_Page/select_State' 

2024-11-12 16:20:23 - [MESSAGE][PASSED] - Text '21054' is set on object 'Object Repository/RAD_Pages/AddressAndContactInfo_Page/input_zipCode'

2024-11-12 16:20:24 - [MESSAGE][PASSED] - Text '(703) 894-5000' is set on object 'Object Repository/RAD_Pages/AddressAndContactInfo_Page/input_phoneNumber'

2024-11-12 16:20:25 - [MESSAGE][PASSED] - Text 'iahmed@govolution.com' is set on object 'Object Repository/RAD_Pages/AddressAndContactInfo_Page/input_eMailAddress'

2024-11-12 16:20:26 - [MESSAGE][PASSED] - Text 'iahmed@govolution.com' is set on object 'Object Repository/RAD_Pages/AddressAndContactInfo_Page/input_reEnterEMailAddress'

2024-11-12 16:20:26 - [MESSAGE][PASSED] - rad.getSetDataRAD.setDataRADAddress is PASSED

2024-11-12 16:20:26 - [TEST_STEP][PASSED] - if (feinSSN.equalsIgnoreCase("Y")): null

2024-11-12 16:20:26 - [TEST_STEP][PASSED] - else: Text ****** has been set on object 'Object Repository/RAD_Pages/TaxInfo_Page/input_FederalEIN_ReEnter'

2024-11-12 16:20:26 - [TEST_STEP][PASSED] - if (!(TaxType.equalsIgnoreCase("Estate Tax"))): Text ****** has been set on object 'Object Repository/RAD_Pages/TaxInfo_Page/input_FederalEIN_ReEnter'

2024-11-12 16:20:26 - [TEST_STEP][PASSED] - setEncryptedText(findTestObject(orPath_TaxInfo + "/input_FederalEIN"), "yXB7JMCbD3QoFF75EQd3iw=="): Text ****** has been set on object 'Object Repository/RAD_Pages/TaxInfo_Page/input_FederalEIN'

2024-11-12 16:20:26 - [MESSAGE][PASSED] - Text ****** has been set on object 'Object Repository/RAD_Pages/TaxInfo_Page/input_FederalEIN'

2024-11-12 16:20:26 - [TEST_STEP][PASSED] - setEncryptedText(findTestObject(orPath_TaxInfo + "/input_FederalEIN_ReEnter"), "yXB7JMCbD3QoFF75EQd3iw=="): Text ****** has been set on object 'Object Repository/RAD_Pages/TaxInfo_Page/input_FederalEIN_ReEnter'

2024-11-12 16:20:27 - [MESSAGE][PASSED] - Text ****** has been set on object 'Object Repository/RAD_Pages/TaxInfo_Page/input_FederalEIN_ReEnter'

2024-11-12 16:20:27 - [TEST_STEP][PASSED] - if (CRN.equalsIgnoreCase("Y")): null

2024-11-12 16:20:27 - [TEST_STEP][PASSED] - if (MFLicNum.equalsIgnoreCase("Y")): null

2024-11-12 16:20:27 - [TEST_STEP][PASSED] - if (TaxType.equalsIgnoreCase("Estate Tax")): null

2024-11-12 16:20:27 - [TEST_STEP][PASSED] - setText(findTestObject(orPath_Amount + "/input__paymentAmount"), "100.00"): Text '100.00' is set on object 'Object Repository/RAD_Pages/PaymentAmount_Page/input__paymentAmount'

2024-11-12 16:20:27 - [MESSAGE][PASSED] - Text '100.00' is set on object 'Object Repository/RAD_Pages/PaymentAmount_Page/input__paymentAmount'

2024-11-12 16:20:27 - [TEST_STEP][PASSED] - setText(findTestObject(orPath_AddressContact + "/input_streetAddress2"), ""): Text '' is set on object 'Object Repository/RAD_Pages/AddressAndContactInfo_Page/input_streetAddress2'

2024-11-12 16:20:28 - [MESSAGE][PASSED] - Text '' is set on object 'Object Repository/RAD_Pages/AddressAndContactInfo_Page/input_streetAddress2'

2024-11-12 16:20:28 - [TEST_STEP][PASSED] - scrollToElement(findTestObject(orPath_Landing + "/button_Continue"), 3): Scroll to object 'Object Repository/RAD_Pages/Landing_Page/button_Continue' successfully

2024-11-12 16:20:28 - [MESSAGE][PASSED] - Scroll to object 'Object Repository/RAD_Pages/Landing_Page/button_Continue' successfully

2024-11-12 16:20:28 - [TEST_STEP][PASSED] - waitForElementClickable(findTestObject(orPath_Landing + "/button_Continue"), 5): Object 'Object Repository/RAD_Pages/Landing_Page/button_Continue' is clickable

2024-11-12 16:20:29 - [MESSAGE][PASSED] - Object 'Object Repository/RAD_Pages/Landing_Page/button_Continue' is clickable

2024-11-12 16:20:29 - [TEST_STEP][PASSED] - click(findTestObject(orPath_Landing + "/button_Continue")): Object: 'Object Repository/RAD_Pages/Landing_Page/button_Continue' is clicked on

2024-11-12 16:20:29 - [MESSAGE][PASSED] - Object: 'Object Repository/RAD_Pages/Landing_Page/button_Continue' is clicked on

2024-11-12 16:20:29 - [TEST_STEP][PASSED] - delay(2): Delayed 2 second(s)

2024-11-12 16:20:31 - [MESSAGE][PASSED] - Delayed 2 second(s)

2024-11-12 16:20:31 - [TEST_STEP][PASSED] - verifyTextPresent("Summary", true): Text 'Summary' is present on page  using regular expression

2024-11-12 16:20:32 - [MESSAGE][PASSED] - Text 'Summary' is present on page  using regular expression

2024-11-12 16:20:32 - [TEST_STEP][PASSED] - verifyTextPresent("Review the information below and make any necessary corrections by clicking the", true): Text 'Review the information below and make any necessary corrections by clicking the' is present on page  using regular expression

2024-11-12 16:20:32 - [MESSAGE][PASSED] - Text 'Review the information below and make any necessary corrections by clicking the' is present on page  using regular expression

2024-11-12 16:20:32 - [TEST_STEP][PASSED] - verifyTextPresent("When you are confident that all the information is correct, click the", true): Text 'When you are confident that all the information is correct, click the' is present on page  using regular expression

2024-11-12 16:20:32 - [MESSAGE][PASSED] - Text 'When you are confident that all the information is correct, click the' is present on page  using regular expression

2024-11-12 16:20:32 - [TEST_STEP][PASSED] - verifyTextPresent("Payment Type/Filing Year", true): Text 'Payment Type/Filing Year' is present on page  using regular expression

2024-11-12 16:20:33 - [MESSAGE][PASSED] - Text 'Payment Type/Filing Year' is present on page  using regular expression

2024-11-12 16:20:33 - [TEST_STEP][PASSED] - verifyTextPresent("Payment Type:", true): Text 'Payment Type:' is present on page  using regular expression

2024-11-12 16:20:33 - [MESSAGE][PASSED] - Text 'Payment Type:' is present on page  using regular expression

2024-11-12 16:20:33 - [TEST_STEP][PASSED] - verifyTextPresent("New Tax Return Amount Due", true): Text 'New Tax Return Amount Due' is present on page  using regular expression

2024-11-12 16:20:33 - [MESSAGE][PASSED] - Text 'New Tax Return Amount Due' is present on page  using regular expression

2024-11-12 16:20:33 - [TEST_STEP][PASSED] - verifyTextPresent("Filing Year:", true): Text 'Filing Year:' is present on page  using regular expression

2024-11-12 16:20:34 - [MESSAGE][PASSED] - Text 'Filing Year:' is present on page  using regular expression

2024-11-12 16:20:34 - [TEST_STEP][PASSED] - verifyTextPresent(FilingYear, true): Text '2021' is present on page  using regular expression

2024-11-12 16:20:34 - [MESSAGE][PASSED] - Text '2021' is present on page  using regular expression

2024-11-12 16:20:34 - [TEST_STEP][PASSED] - verifyTextPresent("Payer Information", true): Text 'Payer Information' is present on page  using regular expression

2024-11-12 16:20:34 - [MESSAGE][PASSED] - Text 'Payer Information' is present on page  using regular expression

2024-11-12 16:20:34 - [TEST_STEP][PASSED] - verifyTextPresent("Taxpayer Name:", true): Text 'Taxpayer Name:' is present on page  using regular expression

2024-11-12 16:20:35 - [MESSAGE][PASSED] - Text 'Taxpayer Name:' is present on page  using regular expression

2024-11-12 16:20:35 - [TEST_STEP][PASSED] - verifyTextPresent("My Company", true): Text 'My Company' is present on page  using regular expression

2024-11-12 16:20:35 - [MESSAGE][PASSED] - Text 'My Company' is present on page  using regular expression

2024-11-12 16:20:35 - [TEST_STEP][PASSED] - verifyTextPresent("Business Rep Name:", true): Text 'Business Rep Name:' is present on page  using regular expression

2024-11-12 16:20:35 - [MESSAGE][PASSED] - Text 'Business Rep Name:' is present on page  using regular expression

2024-11-12 16:20:35 - [TEST_STEP][PASSED] - verifyTextPresent("BusRepFname BusRepLname", true): Text 'BusRepFname BusRepLname' is present on page  using regular expression

2024-11-12 16:20:36 - [MESSAGE][PASSED] - Text 'BusRepFname BusRepLname' is present on page  using regular expression

2024-11-12 16:20:36 - [TEST_STEP][PASSED] - verifyTextPresent("Taxpayer Address:", true): Text 'Taxpayer Address:' is present on page  using regular expression

2024-11-12 16:20:36 - [MESSAGE][PASSED] - Text 'Taxpayer Address:' is present on page  using regular expression

2024-11-12 16:20:36 - [TEST_STEP][PASSED] - verifyTextPresent("2508 Mandan Terrace Gambrills Maryland 21054", true): Text '2508 Mandan Terrace Gambrills Maryland 21054' is present on page  using regular expression

2024-11-12 16:20:36 - [MESSAGE][PASSED] - Text '2508 Mandan Terrace Gambrills Maryland 21054' is present on page  using regular expression

2024-11-12 16:20:36 - [TEST_STEP][PASSED] - verifyTextPresent("Email:", true): Text 'Email:' is present on page  using regular expression

2024-11-12 16:20:37 - [MESSAGE][PASSED] - Text 'Email:' is present on page  using regular expression

2024-11-12 16:20:37 - [TEST_STEP][PASSED] - verifyTextPresent("iahmed@govolution.com", true): Text 'iahmed@govolution.com' is present on page  using regular expression

2024-11-12 16:20:37 - [MESSAGE][PASSED] - Text 'iahmed@govolution.com' is present on page  using regular expression

2024-11-12 16:20:37 - [TEST_STEP][PASSED] - verifyTextPresent("Phone:", true): Text 'Phone:' is present on page  using regular expression

2024-11-12 16:20:37 - [MESSAGE][PASSED] - Text 'Phone:' is present on page  using regular expression

2024-11-12 16:20:37 - [TEST_STEP][PASSED] - verifyTextPresent("(703) 894-5000", false): Text '(703) 894-5000' is present on page 

2024-11-12 16:20:38 - [MESSAGE][PASSED] - Text '(703) 894-5000' is present on page 

2024-11-12 16:20:38 - [TEST_STEP][PASSED] - verifyTextPresent("Tax Information", true): Text 'Tax Information' is present on page  using regular expression

2024-11-12 16:20:38 - [MESSAGE][PASSED] - Text 'Tax Information' is present on page  using regular expression

2024-11-12 16:20:38 - [TEST_STEP][PASSED] - verifyTextNotPresent("Notice Number", true): Text 'Notice Number' is not present on page using regular expression

2024-11-12 16:20:38 - [MESSAGE][PASSED] - Text 'Notice Number' is not present on page using regular expression

2024-11-12 16:20:38 - [TEST_STEP][PASSED] - if (month.trim()): null

2024-11-12 16:20:38 - [TEST_STEP][PASSED] - else: Text 'Period Ending' is not present on page using regular expression

2024-11-12 16:20:38 - [TEST_STEP][PASSED] - verifyTextNotPresent("Period Ending", true): Text 'Period Ending' is not present on page using regular expression

2024-11-12 16:20:39 - [MESSAGE][PASSED] - Text 'Period Ending' is not present on page using regular expression

2024-11-12 16:20:39 - [TEST_STEP][PASSED] - if (feinSSN.equalsIgnoreCase("Y")): null

2024-11-12 16:20:39 - [TEST_STEP][PASSED] - else: Text 'XXXXXXX87' is present on page  using regular expression

2024-11-12 16:20:39 - [TEST_STEP][PASSED] - if (!(TaxType.equalsIgnoreCase("Estate Tax"))): Text 'XXXXXXX87' is present on page  using regular expression

2024-11-12 16:20:39 - [TEST_STEP][PASSED] - verifyTextPresent("Federal EIN:", true): Text 'Federal EIN:' is present on page  using regular expression

2024-11-12 16:20:39 - [MESSAGE][PASSED] - Text 'Federal EIN:' is present on page  using regular expression

2024-11-12 16:20:39 - [TEST_STEP][PASSED] - verifyTextNotPresent("FEIN/SSN:", true): Text 'FEIN/SSN:' is not present on page using regular expression

2024-11-12 16:20:39 - [MESSAGE][PASSED] - Text 'FEIN/SSN:' is not present on page using regular expression

2024-11-12 16:20:39 - [TEST_STEP][PASSED] - verifyTextPresent("XXXXXXX87", true): Text 'XXXXXXX87' is present on page  using regular expression

2024-11-12 16:20:40 - [MESSAGE][PASSED] - Text 'XXXXXXX87' is present on page  using regular expression

2024-11-12 16:20:40 - [TEST_STEP][PASSED] - if (TaxType.equalsIgnoreCase("Estate Tax")): null

2024-11-12 16:20:40 - [TEST_STEP][PASSED] - if (CRN.equalsIgnoreCase("Y")): null

2024-11-12 16:20:40 - [TEST_STEP][PASSED] - else: Text 'MD Central Registration Number' is not present on page using regular expression

2024-11-12 16:20:40 - [TEST_STEP][PASSED] - verifyTextNotPresent("MD Central Registration Number", true): Text 'MD Central Registration Number' is not present on page using regular expression

2024-11-12 16:20:40 - [MESSAGE][PASSED] - Text 'MD Central Registration Number' is not present on page using regular expression

2024-11-12 16:20:40 - [TEST_STEP][PASSED] - if (MFLicNum.equalsIgnoreCase("Y")): null

2024-11-12 16:20:40 - [TEST_STEP][PASSED] - else: Text 'Motor Fuel License Number#:' is not present on page using regular expression

2024-11-12 16:20:40 - [TEST_STEP][PASSED] - verifyTextNotPresent("Motor Fuel License Number#:", true): Text 'Motor Fuel License Number#:' is not present on page using regular expression

2024-11-12 16:20:40 - [MESSAGE][PASSED] - Text 'Motor Fuel License Number#:' is not present on page using regular expression

2024-11-12 16:20:40 - [TEST_STEP][PASSED] - verifyTextPresent("Payment Amount:", true): Text 'Payment Amount:' is present on page  using regular expression

2024-11-12 16:20:41 - [MESSAGE][PASSED] - Text 'Payment Amount:' is present on page  using regular expression

2024-11-12 16:20:41 - [TEST_STEP][PASSED] - verifyTextPresent("100.00", true): Text '100.00' is present on page  using regular expression

2024-11-12 16:20:41 - [MESSAGE][PASSED] - Text '100.00' is present on page  using regular expression

2024-11-12 16:20:41 - [TEST_STEP][PASSED] - if (verifyElementVisible(findTestObject(orPath_Summary + "/button_Proceed to Payment"))): null

2024-11-12 16:20:41 - [MESSAGE][PASSED] - Object 'Object Repository/RAD_Pages/Summary_Page/button_Proceed to Payment' is visible

2024-11-12 16:20:41 - [TEST_STEP][PASSED] - resText = "Pass": null

2024-11-12 16:20:41 - [TEST_STEP][PASSED] - pages.WriteExcel.demoKey(resText, datText, resColumn, datCloumn, fileLoc, nameSheet, row): pages.WriteExcel.demoKey is PASSED

2024-11-12 16:20:41 - [MESSAGE][PASSED] - pages.WriteExcel.demoKey is PASSED

2024-11-12 16:20:41 - [TEST_STEP][PASSED] - click(findTestObject(orPath_Summary + "/button_Proceed to Payment")): Object: 'Object Repository/RAD_Pages/Summary_Page/button_Proceed to Payment' is clicked on

2024-11-12 16:20:44 - [MESSAGE][PASSED] - Object: 'Object Repository/RAD_Pages/Summary_Page/button_Proceed to Payment' is clicked on

2024-11-12 16:20:44 - [TEST_STEP][PASSED] - verifyElementPresent(findTestObject("Object Repository/RAD_Pages/PaymentEntry_Page/input__billingName"), 30): Object 'Object Repository/RAD_Pages/PaymentEntry_Page/input__billingName' is present

2024-11-12 16:20:45 - [MESSAGE][PASSED] - Object 'Object Repository/RAD_Pages/PaymentEntry_Page/input__billingName' is present

2024-11-12 16:20:45 - [TEST_STEP][PASSED] - ExecuteTC = findTestData(dataFile).getValue("Execute", row): null

2024-11-12 16:20:45 - [TEST_STEP][PASSED] - TaxType = findTestData(dataFile).getValue("TaxType", row): null

2024-11-12 16:20:45 - [TEST_STEP][PASSED] - PaymentType = findTestData(dataFile).getValue("PaymentType", row): null

2024-11-12 16:20:45 - [TEST_STEP][PASSED] - FilingYear = findTestData(dataFile).getValue("Year", row): null

2024-11-12 16:20:45 - [TEST_STEP][PASSED] - feinSSN = findTestData(dataFile).getValue("FeinSsn", row): null

2024-11-12 16:20:45 - [TEST_STEP][PASSED] - CRN = findTestData(dataFile).getValue("CRN", row): null

2024-11-12 16:20:45 - [TEST_STEP][PASSED] - month = findTestData(dataFile).getValue("Month", row): null

2024-11-12 16:20:45 - [TEST_STEP][PASSED] - MFLicNum = findTestData(dataFile).getValue("MFLicNum", row): null

2024-11-12 16:20:45 - [TEST_STEP][PASSED] - if (ExecuteTC.equalsIgnoreCase("Y")): Object 'Object Repository/RAD_Pages/PaymentEntry_Page/input__billingName' is present

2024-11-12 16:20:45 - [TEST_STEP][PASSED] - out.println("Begin Record Number: " + row): null

2024-11-12 16:20:45 - [TEST_STEP][PASSED] - today = new java.util.Date(): null

2024-11-12 16:20:45 - [TEST_STEP][PASSED] - println(today): null

2024-11-12 16:20:45 - [TEST_STEP][PASSED] - datText = today: null

2024-11-12 16:20:45 - [TEST_STEP][PASSED] - logInfo("Payment Type: New Tax Return Amount Due"): Payment Type: New Tax Return Amount Due

2024-11-12 16:20:45 - [MESSAGE][INFO] - Payment Type: New Tax Return Amount Due

2024-11-12 16:20:45 - [TEST_STEP][PASSED] - logInfo("Tax Type: " + TaxType): Tax Type: PTE Non-Electing Non-S Corp

2024-11-12 16:20:45 - [MESSAGE][INFO] - Tax Type: PTE Non-Electing Non-S Corp

2024-11-12 16:20:45 - [TEST_STEP][PASSED] - openBrowser(""): Browser is opened with url: ''

2024-11-12 16:20:45 - [MESSAGE][WARNING] - A browser is already opened. Closing browser and opening a new one

2024-11-12 16:20:47 - [MESSAGE][INFO] - Starting 'Chrome' driver

2024-11-12 16:20:47 - [MESSAGE][INFO] - User set preference: ['acceptInsecureCerts', 'true']

2024-11-12 16:20:47 - [MESSAGE][INFO] - Action delay is set to 0 milliseconds

2024-11-12 16:20:48 - [MESSAGE][PASSED] - Browser is opened with url: ''

2024-11-12 16:20:48 - [TEST_STEP][PASSED] - maximizeWindow(): Current window maximized

2024-11-12 16:20:48 - [MESSAGE][PASSED] - Current window maximized

2024-11-12 16:20:48 - [TEST_STEP][PASSED] - navigateToUrl(RADurl): Navigate to 'https://www.velocitypayment.com/client/rad/index.html' successfully

2024-11-12 16:20:50 - [MESSAGE][PASSED] - Navigate to 'https://www.velocitypayment.com/client/rad/index.html' successfully

2024-11-12 16:20:50 - [TEST_STEP][PASSED] - selectOptionByLabel(findTestObject(orPath_Landing + "/dd_TaxType"), "New Tax Return Amount Due", false): All options with label 'New Tax Return Amount Due' are selected in object 'Object Repository/RAD_Pages/Landing_Page/dd_TaxType' 

2024-11-12 16:20:51 - [MESSAGE][PASSED] - All options with label 'New Tax Return Amount Due' are selected in object 'Object Repository/RAD_Pages/Landing_Page/dd_TaxType' 

2024-11-12 16:20:51 - [TEST_STEP][PASSED] - selectOptionByLabel(findTestObject("Object Repository/RAD_Pages/Landing_Page/select_NewTaxReturnAmountDue_TaxType"), TaxType, false): All options with label 'PTE Non-Electing Non-S Corp' are selected in object 'Object Repository/RAD_Pages/Landing_Page/select_NewTaxReturnAmountDue_TaxType' 

2024-11-12 16:20:51 - [MESSAGE][PASSED] - All options with label 'PTE Non-Electing Non-S Corp' are selected in object 'Object Repository/RAD_Pages/Landing_Page/select_NewTaxReturnAmountDue_TaxType' 

2024-11-12 16:20:51 - [TEST_STEP][PASSED] - selectOptionByLabel(findTestObject(orPath_TaxTypeFilingYear + "/select_FilingYear"), FilingYear, false): All options with label '2021' are selected in object 'Object Repository/RAD_Pages/TaxTypeFilingYear_Page/select_FilingYear' 

2024-11-12 16:20:52 - [MESSAGE][PASSED] - All options with label '2021' are selected in object 'Object Repository/RAD_Pages/TaxTypeFilingYear_Page/select_FilingYear' 

2024-11-12 16:20:52 - [TEST_STEP][PASSED] - if (month.trim()): null

2024-11-12 16:20:52 - [TEST_STEP][PASSED] - rad.getSetDataRAD.setDataRADBusinessName(): rad.getSetDataRAD.setDataRADBusinessName is PASSED

2024-11-12 16:20:53 - [MESSAGE][PASSED] - Text 'My Company' is set on object 'Object Repository/RAD_Pages/Taxpayer_Page/input_businessName'

2024-11-12 16:20:53 - [MESSAGE][PASSED] - rad.getSetDataRAD.setDataRADBusinessName is PASSED

2024-11-12 16:20:53 - [TEST_STEP][PASSED] - rad.getSetDataRAD.setDataRADBusinessRep(): rad.getSetDataRAD.setDataRADBusinessRep is PASSED

2024-11-12 16:20:54 - [MESSAGE][PASSED] - Text 'BusRepFname' is set on object 'Object Repository/RAD_Pages/Taxpayer_Page/input_BusinessRepfirstName'

2024-11-12 16:20:54 - [MESSAGE][PASSED] - Text '' is set on object 'Object Repository/RAD_Pages/Taxpayer_Page/input_BusinessRepmiddleName'

2024-11-12 16:20:55 - [MESSAGE][PASSED] - Text 'BusRepLname' is set on object 'Object Repository/RAD_Pages/Taxpayer_Page/input_BusinessReplastName'

2024-11-12 16:20:56 - [MESSAGE][PASSED] - Text '' is set on object 'Object Repository/RAD_Pages/Taxpayer_Page/input_BusinessRepsuffix'

2024-11-12 16:20:56 - [MESSAGE][PASSED] - rad.getSetDataRAD.setDataRADBusinessRep is PASSED

2024-11-12 16:20:56 - [TEST_STEP][PASSED] - rad.getSetDataRAD.setDataRADAddress(): rad.getSetDataRAD.setDataRADAddress is PASSED

2024-11-12 16:20:57 - [MESSAGE][PASSED] - All options with label 'United States' are selected in object 'Object Repository/RAD_Pages/AddressAndContactInfo_Page/select_Country' 

2024-11-12 16:20:57 - [MESSAGE][PASSED] - Text '2508 Mandan Terrace' is set on object 'Object Repository/RAD_Pages/AddressAndContactInfo_Page/input_streetAddress1'

2024-11-12 16:20:58 - [MESSAGE][PASSED] - Text '' is set on object 'Object Repository/RAD_Pages/AddressAndContactInfo_Page/input_streetAddress2'

2024-11-12 16:20:59 - [MESSAGE][PASSED] - Text 'Gambrills' is set on object 'Object Repository/RAD_Pages/AddressAndContactInfo_Page/input_city'

2024-11-12 16:21:00 - [MESSAGE][PASSED] - All options with label 'Maryland' are selected in object 'Object Repository/RAD_Pages/AddressAndContactInfo_Page/select_State' 

2024-11-12 16:21:01 - [MESSAGE][PASSED] - Text '21054' is set on object 'Object Repository/RAD_Pages/AddressAndContactInfo_Page/input_zipCode'

2024-11-12 16:21:01 - [MESSAGE][PASSED] - Text '(703) 894-5000' is set on object 'Object Repository/RAD_Pages/AddressAndContactInfo_Page/input_phoneNumber'

2024-11-12 16:21:02 - [MESSAGE][PASSED] - Text 'iahmed@govolution.com' is set on object 'Object Repository/RAD_Pages/AddressAndContactInfo_Page/input_eMailAddress'

2024-11-12 16:21:03 - [MESSAGE][PASSED] - Text 'iahmed@govolution.com' is set on object 'Object Repository/RAD_Pages/AddressAndContactInfo_Page/input_reEnterEMailAddress'

2024-11-12 16:21:03 - [MESSAGE][PASSED] - rad.getSetDataRAD.setDataRADAddress is PASSED

2024-11-12 16:21:03 - [TEST_STEP][PASSED] - if (feinSSN.equalsIgnoreCase("Y")): Text ****** has been set on object 'Object Repository/RAD_Pages/TaxInfo_Page/input_TaxInfo_RetypeFeinSsn_New_2'

2024-11-12 16:21:03 - [TEST_STEP][PASSED] - setEncryptedText(findTestObject(orPath_TaxInfo + "/input_TaxInfo_FeinSsn_New_2"), "yXB7JMCbD3QoFF75EQd3iw=="): Text ****** has been set on object 'Object Repository/RAD_Pages/TaxInfo_Page/input_TaxInfo_FeinSsn_New_2'

2024-11-12 16:21:03 - [MESSAGE][PASSED] - Text ****** has been set on object 'Object Repository/RAD_Pages/TaxInfo_Page/input_TaxInfo_FeinSsn_New_2'

2024-11-12 16:21:03 - [TEST_STEP][PASSED] - setEncryptedText(findTestObject(orPath_TaxInfo + "/input_TaxInfo_RetypeFeinSsn_New_2"), "yXB7JMCbD3QoFF75EQd3iw=="): Text ****** has been set on object 'Object Repository/RAD_Pages/TaxInfo_Page/input_TaxInfo_RetypeFeinSsn_New_2'

2024-11-12 16:21:04 - [MESSAGE][PASSED] - Text ****** has been set on object 'Object Repository/RAD_Pages/TaxInfo_Page/input_TaxInfo_RetypeFeinSsn_New_2'

2024-11-12 16:21:04 - [TEST_STEP][PASSED] - if (CRN.equalsIgnoreCase("Y")): null

2024-11-12 16:21:04 - [TEST_STEP][PASSED] - if (MFLicNum.equalsIgnoreCase("Y")): null

2024-11-12 16:21:04 - [TEST_STEP][PASSED] - if (TaxType.equalsIgnoreCase("Estate Tax")): null

2024-11-12 16:21:04 - [TEST_STEP][PASSED] - setText(findTestObject(orPath_Amount + "/input__paymentAmount"), "100.00"): Text '100.00' is set on object 'Object Repository/RAD_Pages/PaymentAmount_Page/input__paymentAmount'

2024-11-12 16:21:05 - [MESSAGE][PASSED] - Text '100.00' is set on object 'Object Repository/RAD_Pages/PaymentAmount_Page/input__paymentAmount'

2024-11-12 16:21:05 - [TEST_STEP][PASSED] - setText(findTestObject(orPath_AddressContact + "/input_streetAddress2"), ""): Text '' is set on object 'Object Repository/RAD_Pages/AddressAndContactInfo_Page/input_streetAddress2'

2024-11-12 16:21:05 - [MESSAGE][PASSED] - Text '' is set on object 'Object Repository/RAD_Pages/AddressAndContactInfo_Page/input_streetAddress2'

2024-11-12 16:21:05 - [TEST_STEP][PASSED] - scrollToElement(findTestObject(orPath_Landing + "/button_Continue"), 3): Scroll to object 'Object Repository/RAD_Pages/Landing_Page/button_Continue' successfully

2024-11-12 16:21:06 - [MESSAGE][PASSED] - Scroll to object 'Object Repository/RAD_Pages/Landing_Page/button_Continue' successfully

2024-11-12 16:21:06 - [TEST_STEP][PASSED] - waitForElementClickable(findTestObject(orPath_Landing + "/button_Continue"), 5): Object 'Object Repository/RAD_Pages/Landing_Page/button_Continue' is clickable

2024-11-12 16:21:06 - [MESSAGE][PASSED] - Object 'Object Repository/RAD_Pages/Landing_Page/button_Continue' is clickable

2024-11-12 16:21:06 - [TEST_STEP][PASSED] - click(findTestObject(orPath_Landing + "/button_Continue")): Object: 'Object Repository/RAD_Pages/Landing_Page/button_Continue' is clicked on

2024-11-12 16:21:07 - [MESSAGE][PASSED] - Object: 'Object Repository/RAD_Pages/Landing_Page/button_Continue' is clicked on

2024-11-12 16:21:07 - [TEST_STEP][PASSED] - delay(2): Delayed 2 second(s)

2024-11-12 16:21:09 - [MESSAGE][PASSED] - Delayed 2 second(s)

2024-11-12 16:21:09 - [TEST_STEP][PASSED] - verifyTextPresent("Summary", true): Text 'Summary' is present on page  using regular expression

2024-11-12 16:21:09 - [MESSAGE][PASSED] - Text 'Summary' is present on page  using regular expression

2024-11-12 16:21:09 - [TEST_STEP][PASSED] - verifyTextPresent("Review the information below and make any necessary corrections by clicking the", true): Text 'Review the information below and make any necessary corrections by clicking the' is present on page  using regular expression

2024-11-12 16:21:09 - [MESSAGE][PASSED] - Text 'Review the information below and make any necessary corrections by clicking the' is present on page  using regular expression

2024-11-12 16:21:09 - [TEST_STEP][PASSED] - verifyTextPresent("When you are confident that all the information is correct, click the", true): Text 'When you are confident that all the information is correct, click the' is present on page  using regular expression

2024-11-12 16:21:10 - [MESSAGE][PASSED] - Text 'When you are confident that all the information is correct, click the' is present on page  using regular expression

2024-11-12 16:21:10 - [TEST_STEP][PASSED] - verifyTextPresent("Payment Type/Filing Year", true): Text 'Payment Type/Filing Year' is present on page  using regular expression

2024-11-12 16:21:10 - [MESSAGE][PASSED] - Text 'Payment Type/Filing Year' is present on page  using regular expression

2024-11-12 16:21:10 - [TEST_STEP][PASSED] - verifyTextPresent("Payment Type:", true): Text 'Payment Type:' is present on page  using regular expression

2024-11-12 16:21:10 - [MESSAGE][PASSED] - Text 'Payment Type:' is present on page  using regular expression

2024-11-12 16:21:10 - [TEST_STEP][PASSED] - verifyTextPresent("New Tax Return Amount Due", true): Text 'New Tax Return Amount Due' is present on page  using regular expression

2024-11-12 16:21:11 - [MESSAGE][PASSED] - Text 'New Tax Return Amount Due' is present on page  using regular expression

2024-11-12 16:21:11 - [TEST_STEP][PASSED] - verifyTextPresent("Filing Year:", true): Text 'Filing Year:' is present on page  using regular expression

2024-11-12 16:21:11 - [MESSAGE][PASSED] - Text 'Filing Year:' is present on page  using regular expression

2024-11-12 16:21:11 - [TEST_STEP][PASSED] - verifyTextPresent(FilingYear, true): Text '2021' is present on page  using regular expression

2024-11-12 16:21:11 - [MESSAGE][PASSED] - Text '2021' is present on page  using regular expression

2024-11-12 16:21:11 - [TEST_STEP][PASSED] - verifyTextPresent("Payer Information", true): Text 'Payer Information' is present on page  using regular expression

2024-11-12 16:21:12 - [MESSAGE][PASSED] - Text 'Payer Information' is present on page  using regular expression

2024-11-12 16:21:12 - [TEST_STEP][PASSED] - verifyTextPresent("Taxpayer Name:", true): Text 'Taxpayer Name:' is present on page  using regular expression

2024-11-12 16:21:12 - [MESSAGE][PASSED] - Text 'Taxpayer Name:' is present on page  using regular expression

2024-11-12 16:21:12 - [TEST_STEP][PASSED] - verifyTextPresent("My Company", true): Text 'My Company' is present on page  using regular expression

2024-11-12 16:21:12 - [MESSAGE][PASSED] - Text 'My Company' is present on page  using regular expression

2024-11-12 16:21:12 - [TEST_STEP][PASSED] - verifyTextPresent("Business Rep Name:", true): Text 'Business Rep Name:' is present on page  using regular expression

2024-11-12 16:21:13 - [MESSAGE][PASSED] - Text 'Business Rep Name:' is present on page  using regular expression

2024-11-12 16:21:13 - [TEST_STEP][PASSED] - verifyTextPresent("BusRepFname BusRepLname", true): Text 'BusRepFname BusRepLname' is present on page  using regular expression

2024-11-12 16:21:13 - [MESSAGE][PASSED] - Text 'BusRepFname BusRepLname' is present on page  using regular expression

2024-11-12 16:21:13 - [TEST_STEP][PASSED] - verifyTextPresent("Taxpayer Address:", true): Text 'Taxpayer Address:' is present on page  using regular expression

2024-11-12 16:21:13 - [MESSAGE][PASSED] - Text 'Taxpayer Address:' is present on page  using regular expression

2024-11-12 16:21:13 - [TEST_STEP][PASSED] - verifyTextPresent("2508 Mandan Terrace Gambrills Maryland 21054", true): Text '2508 Mandan Terrace Gambrills Maryland 21054' is present on page  using regular expression

2024-11-12 16:21:14 - [MESSAGE][PASSED] - Text '2508 Mandan Terrace Gambrills Maryland 21054' is present on page  using regular expression

2024-11-12 16:21:14 - [TEST_STEP][PASSED] - verifyTextPresent("Email:", true): Text 'Email:' is present on page  using regular expression

2024-11-12 16:21:14 - [MESSAGE][PASSED] - Text 'Email:' is present on page  using regular expression

2024-11-12 16:21:14 - [TEST_STEP][PASSED] - verifyTextPresent("iahmed@govolution.com", true): Text 'iahmed@govolution.com' is present on page  using regular expression

2024-11-12 16:21:14 - [MESSAGE][PASSED] - Text 'iahmed@govolution.com' is present on page  using regular expression

2024-11-12 16:21:14 - [TEST_STEP][PASSED] - verifyTextPresent("Phone:", true): Text 'Phone:' is present on page  using regular expression

2024-11-12 16:21:15 - [MESSAGE][PASSED] - Text 'Phone:' is present on page  using regular expression

2024-11-12 16:21:15 - [TEST_STEP][PASSED] - verifyTextPresent("(703) 894-5000", false): Text '(703) 894-5000' is present on page 

2024-11-12 16:21:15 - [MESSAGE][PASSED] - Text '(703) 894-5000' is present on page 

2024-11-12 16:21:15 - [TEST_STEP][PASSED] - verifyTextPresent("Tax Information", true): Text 'Tax Information' is present on page  using regular expression

2024-11-12 16:21:15 - [MESSAGE][PASSED] - Text 'Tax Information' is present on page  using regular expression

2024-11-12 16:21:15 - [TEST_STEP][PASSED] - verifyTextNotPresent("Notice Number", true): Text 'Notice Number' is not present on page using regular expression

2024-11-12 16:21:16 - [MESSAGE][PASSED] - Text 'Notice Number' is not present on page using regular expression

2024-11-12 16:21:16 - [TEST_STEP][PASSED] - if (month.trim()): null

2024-11-12 16:21:16 - [TEST_STEP][PASSED] - else: Text 'Period Ending' is not present on page using regular expression

2024-11-12 16:21:16 - [TEST_STEP][PASSED] - verifyTextNotPresent("Period Ending", true): Text 'Period Ending' is not present on page using regular expression

2024-11-12 16:21:16 - [MESSAGE][PASSED] - Text 'Period Ending' is not present on page using regular expression

2024-11-12 16:21:16 - [TEST_STEP][PASSED] - if (feinSSN.equalsIgnoreCase("Y")): Text 'XXXXX6187' is present on page  using regular expression

2024-11-12 16:21:16 - [TEST_STEP][PASSED] - verifyTextPresent("FEIN/SSN:", true): Text 'FEIN/SSN:' is present on page  using regular expression

2024-11-12 16:21:16 - [MESSAGE][PASSED] - Text 'FEIN/SSN:' is present on page  using regular expression

2024-11-12 16:21:16 - [TEST_STEP][PASSED] - verifyTextNotPresent("Federal EIN:", true): Text 'Federal EIN:' is not present on page using regular expression

2024-11-12 16:21:17 - [MESSAGE][PASSED] - Text 'Federal EIN:' is not present on page using regular expression

2024-11-12 16:21:17 - [TEST_STEP][PASSED] - verifyTextPresent("XXXXX6187", true): Text 'XXXXX6187' is present on page  using regular expression

2024-11-12 16:21:17 - [MESSAGE][PASSED] - Text 'XXXXX6187' is present on page  using regular expression

2024-11-12 16:21:17 - [TEST_STEP][PASSED] - if (TaxType.equalsIgnoreCase("Estate Tax")): null

2024-11-12 16:21:17 - [TEST_STEP][PASSED] - if (CRN.equalsIgnoreCase("Y")): null

2024-11-12 16:21:17 - [TEST_STEP][PASSED] - else: Text 'MD Central Registration Number' is not present on page using regular expression

2024-11-12 16:21:17 - [TEST_STEP][PASSED] - verifyTextNotPresent("MD Central Registration Number", true): Text 'MD Central Registration Number' is not present on page using regular expression

2024-11-12 16:21:17 - [MESSAGE][PASSED] - Text 'MD Central Registration Number' is not present on page using regular expression

2024-11-12 16:21:17 - [TEST_STEP][PASSED] - if (MFLicNum.equalsIgnoreCase("Y")): null

2024-11-12 16:21:17 - [TEST_STEP][PASSED] - else: Text 'Motor Fuel License Number#:' is not present on page using regular expression

2024-11-12 16:21:17 - [TEST_STEP][PASSED] - verifyTextNotPresent("Motor Fuel License Number#:", true): Text 'Motor Fuel License Number#:' is not present on page using regular expression

2024-11-12 16:21:18 - [MESSAGE][PASSED] - Text 'Motor Fuel License Number#:' is not present on page using regular expression

2024-11-12 16:21:18 - [TEST_STEP][PASSED] - verifyTextPresent("Payment Amount:", true): Text 'Payment Amount:' is present on page  using regular expression

2024-11-12 16:21:18 - [MESSAGE][PASSED] - Text 'Payment Amount:' is present on page  using regular expression

2024-11-12 16:21:18 - [TEST_STEP][PASSED] - verifyTextPresent("100.00", true): Text '100.00' is present on page  using regular expression

2024-11-12 16:21:18 - [MESSAGE][PASSED] - Text '100.00' is present on page  using regular expression

2024-11-12 16:21:18 - [TEST_STEP][PASSED] - if (verifyElementVisible(findTestObject(orPath_Summary + "/button_Proceed to Payment"))): null

2024-11-12 16:21:19 - [MESSAGE][PASSED] - Object 'Object Repository/RAD_Pages/Summary_Page/button_Proceed to Payment' is visible

2024-11-12 16:21:19 - [TEST_STEP][PASSED] - resText = "Pass": null

2024-11-12 16:21:19 - [TEST_STEP][PASSED] - pages.WriteExcel.demoKey(resText, datText, resColumn, datCloumn, fileLoc, nameSheet, row): pages.WriteExcel.demoKey is PASSED

2024-11-12 16:21:19 - [MESSAGE][PASSED] - pages.WriteExcel.demoKey is PASSED

2024-11-12 16:21:19 - [TEST_STEP][PASSED] - click(findTestObject(orPath_Summary + "/button_Proceed to Payment")): Object: 'Object Repository/RAD_Pages/Summary_Page/button_Proceed to Payment' is clicked on

2024-11-12 16:21:21 - [MESSAGE][PASSED] - Object: 'Object Repository/RAD_Pages/Summary_Page/button_Proceed to Payment' is clicked on

2024-11-12 16:21:21 - [TEST_STEP][PASSED] - verifyElementPresent(findTestObject("Object Repository/RAD_Pages/PaymentEntry_Page/input__billingName"), 30): Object 'Object Repository/RAD_Pages/PaymentEntry_Page/input__billingName' is present

2024-11-12 16:21:21 - [MESSAGE][PASSED] - Object 'Object Repository/RAD_Pages/PaymentEntry_Page/input__billingName' is present

2024-11-12 16:21:21 - [TEST_STEP][PASSED] - ExecuteTC = findTestData(dataFile).getValue("Execute", row): null

2024-11-12 16:21:22 - [TEST_STEP][PASSED] - TaxType = findTestData(dataFile).getValue("TaxType", row): null

2024-11-12 16:21:22 - [TEST_STEP][PASSED] - PaymentType = findTestData(dataFile).getValue("PaymentType", row): null

2024-11-12 16:21:22 - [TEST_STEP][PASSED] - FilingYear = findTestData(dataFile).getValue("Year", row): null

2024-11-12 16:21:22 - [TEST_STEP][PASSED] - feinSSN = findTestData(dataFile).getValue("FeinSsn", row): null

2024-11-12 16:21:22 - [TEST_STEP][PASSED] - CRN = findTestData(dataFile).getValue("CRN", row): null

2024-11-12 16:21:22 - [TEST_STEP][PASSED] - month = findTestData(dataFile).getValue("Month", row): null

2024-11-12 16:21:22 - [TEST_STEP][PASSED] - MFLicNum = findTestData(dataFile).getValue("MFLicNum", row): null

2024-11-12 16:21:22 - [TEST_STEP][PASSED] - if (ExecuteTC.equalsIgnoreCase("Y")): Object 'Object Repository/RAD_Pages/PaymentEntry_Page/input__billingName' is present

2024-11-12 16:21:22 - [TEST_STEP][PASSED] - out.println("Begin Record Number: " + row): null

2024-11-12 16:21:22 - [TEST_STEP][PASSED] - today = new java.util.Date(): null

2024-11-12 16:21:22 - [TEST_STEP][PASSED] - println(today): null

2024-11-12 16:21:22 - [TEST_STEP][PASSED] - datText = today: null

2024-11-12 16:21:22 - [TEST_STEP][PASSED] - logInfo("Payment Type: New Tax Return Amount Due"): Payment Type: New Tax Return Amount Due

2024-11-12 16:21:22 - [MESSAGE][INFO] - Payment Type: New Tax Return Amount Due

2024-11-12 16:21:22 - [TEST_STEP][PASSED] - logInfo("Tax Type: " + TaxType): Tax Type: PTE Non-Electing S Corp

2024-11-12 16:21:22 - [MESSAGE][INFO] - Tax Type: PTE Non-Electing S Corp

2024-11-12 16:21:22 - [TEST_STEP][PASSED] - openBrowser(""): Browser is opened with url: ''

2024-11-12 16:21:22 - [MESSAGE][WARNING] - A browser is already opened. Closing browser and opening a new one

2024-11-12 16:21:23 - [MESSAGE][INFO] - Starting 'Chrome' driver

2024-11-12 16:21:23 - [MESSAGE][INFO] - User set preference: ['acceptInsecureCerts', 'true']

2024-11-12 16:21:23 - [MESSAGE][INFO] - Action delay is set to 0 milliseconds

2024-11-12 16:21:25 - [MESSAGE][PASSED] - Browser is opened with url: ''

2024-11-12 16:21:25 - [TEST_STEP][PASSED] - maximizeWindow(): Current window maximized

2024-11-12 16:21:25 - [MESSAGE][PASSED] - Current window maximized

2024-11-12 16:21:25 - [TEST_STEP][PASSED] - navigateToUrl(RADurl): Navigate to 'https://www.velocitypayment.com/client/rad/index.html' successfully

2024-11-12 16:21:27 - [MESSAGE][PASSED] - Navigate to 'https://www.velocitypayment.com/client/rad/index.html' successfully

2024-11-12 16:21:27 - [TEST_STEP][PASSED] - selectOptionByLabel(findTestObject(orPath_Landing + "/dd_TaxType"), "New Tax Return Amount Due", false): All options with label 'New Tax Return Amount Due' are selected in object 'Object Repository/RAD_Pages/Landing_Page/dd_TaxType' 

2024-11-12 16:21:28 - [MESSAGE][PASSED] - All options with label 'New Tax Return Amount Due' are selected in object 'Object Repository/RAD_Pages/Landing_Page/dd_TaxType' 

2024-11-12 16:21:28 - [TEST_STEP][PASSED] - selectOptionByLabel(findTestObject("Object Repository/RAD_Pages/Landing_Page/select_NewTaxReturnAmountDue_TaxType"), TaxType, false): All options with label 'PTE Non-Electing S Corp' are selected in object 'Object Repository/RAD_Pages/Landing_Page/select_NewTaxReturnAmountDue_TaxType' 

2024-11-12 16:21:28 - [MESSAGE][PASSED] - All options with label 'PTE Non-Electing S Corp' are selected in object 'Object Repository/RAD_Pages/Landing_Page/select_NewTaxReturnAmountDue_TaxType' 

2024-11-12 16:21:28 - [TEST_STEP][PASSED] - selectOptionByLabel(findTestObject(orPath_TaxTypeFilingYear + "/select_FilingYear"), FilingYear, false): All options with label '2021' are selected in object 'Object Repository/RAD_Pages/TaxTypeFilingYear_Page/select_FilingYear' 

2024-11-12 16:21:29 - [MESSAGE][PASSED] - All options with label '2021' are selected in object 'Object Repository/RAD_Pages/TaxTypeFilingYear_Page/select_FilingYear' 

2024-11-12 16:21:29 - [TEST_STEP][PASSED] - if (month.trim()): null

2024-11-12 16:21:29 - [TEST_STEP][PASSED] - rad.getSetDataRAD.setDataRADBusinessName(): rad.getSetDataRAD.setDataRADBusinessName is PASSED

2024-11-12 16:21:30 - [MESSAGE][PASSED] - Text 'My Company' is set on object 'Object Repository/RAD_Pages/Taxpayer_Page/input_businessName'

2024-11-12 16:21:30 - [MESSAGE][PASSED] - rad.getSetDataRAD.setDataRADBusinessName is PASSED

2024-11-12 16:21:30 - [TEST_STEP][PASSED] - rad.getSetDataRAD.setDataRADBusinessRep(): rad.getSetDataRAD.setDataRADBusinessRep is PASSED

2024-11-12 16:21:31 - [MESSAGE][PASSED] - Text 'BusRepFname' is set on object 'Object Repository/RAD_Pages/Taxpayer_Page/input_BusinessRepfirstName'

2024-11-12 16:21:31 - [MESSAGE][PASSED] - Text '' is set on object 'Object Repository/RAD_Pages/Taxpayer_Page/input_BusinessRepmiddleName'

2024-11-12 16:21:32 - [MESSAGE][PASSED] - Text 'BusRepLname' is set on object 'Object Repository/RAD_Pages/Taxpayer_Page/input_BusinessReplastName'

2024-11-12 16:21:33 - [MESSAGE][PASSED] - Text '' is set on object 'Object Repository/RAD_Pages/Taxpayer_Page/input_BusinessRepsuffix'

2024-11-12 16:21:33 - [MESSAGE][PASSED] - rad.getSetDataRAD.setDataRADBusinessRep is PASSED

2024-11-12 16:21:33 - [TEST_STEP][PASSED] - rad.getSetDataRAD.setDataRADAddress(): rad.getSetDataRAD.setDataRADAddress is PASSED

2024-11-12 16:21:33 - [MESSAGE][PASSED] - All options with label 'United States' are selected in object 'Object Repository/RAD_Pages/AddressAndContactInfo_Page/select_Country' 

2024-11-12 16:21:34 - [MESSAGE][PASSED] - Text '2508 Mandan Terrace' is set on object 'Object Repository/RAD_Pages/AddressAndContactInfo_Page/input_streetAddress1'

2024-11-12 16:21:35 - [MESSAGE][PASSED] - Text '' is set on object 'Object Repository/RAD_Pages/AddressAndContactInfo_Page/input_streetAddress2'

2024-11-12 16:21:36 - [MESSAGE][PASSED] - Text 'Gambrills' is set on object 'Object Repository/RAD_Pages/AddressAndContactInfo_Page/input_city'

2024-11-12 16:21:37 - [MESSAGE][PASSED] - All options with label 'Maryland' are selected in object 'Object Repository/RAD_Pages/AddressAndContactInfo_Page/select_State' 

2024-11-12 16:21:39 - [MESSAGE][PASSED] - Text '21054' is set on object 'Object Repository/RAD_Pages/AddressAndContactInfo_Page/input_zipCode'

2024-11-12 16:21:40 - [MESSAGE][PASSED] - Text '(703) 894-5000' is set on object 'Object Repository/RAD_Pages/AddressAndContactInfo_Page/input_phoneNumber'

2024-11-12 16:21:41 - [MESSAGE][PASSED] - Text 'iahmed@govolution.com' is set on object 'Object Repository/RAD_Pages/AddressAndContactInfo_Page/input_eMailAddress'

2024-11-12 16:21:42 - [MESSAGE][PASSED] - Text 'iahmed@govolution.com' is set on object 'Object Repository/RAD_Pages/AddressAndContactInfo_Page/input_reEnterEMailAddress'

2024-11-12 16:21:42 - [MESSAGE][PASSED] - rad.getSetDataRAD.setDataRADAddress is PASSED

2024-11-12 16:21:42 - [TEST_STEP][PASSED] - if (feinSSN.equalsIgnoreCase("Y")): Text ****** has been set on object 'Object Repository/RAD_Pages/TaxInfo_Page/input_TaxInfo_RetypeFeinSsn_New_2'

2024-11-12 16:21:42 - [TEST_STEP][PASSED] - setEncryptedText(findTestObject(orPath_TaxInfo + "/input_TaxInfo_FeinSsn_New_2"), "yXB7JMCbD3QoFF75EQd3iw=="): Text ****** has been set on object 'Object Repository/RAD_Pages/TaxInfo_Page/input_TaxInfo_FeinSsn_New_2'

2024-11-12 16:21:42 - [MESSAGE][PASSED] - Text ****** has been set on object 'Object Repository/RAD_Pages/TaxInfo_Page/input_TaxInfo_FeinSsn_New_2'

2024-11-12 16:21:42 - [TEST_STEP][PASSED] - setEncryptedText(findTestObject(orPath_TaxInfo + "/input_TaxInfo_RetypeFeinSsn_New_2"), "yXB7JMCbD3QoFF75EQd3iw=="): Text ****** has been set on object 'Object Repository/RAD_Pages/TaxInfo_Page/input_TaxInfo_RetypeFeinSsn_New_2'

2024-11-12 16:21:43 - [MESSAGE][PASSED] - Text ****** has been set on object 'Object Repository/RAD_Pages/TaxInfo_Page/input_TaxInfo_RetypeFeinSsn_New_2'

2024-11-12 16:21:43 - [TEST_STEP][PASSED] - if (CRN.equalsIgnoreCase("Y")): null

2024-11-12 16:21:43 - [TEST_STEP][PASSED] - if (MFLicNum.equalsIgnoreCase("Y")): null

2024-11-12 16:21:43 - [TEST_STEP][PASSED] - if (TaxType.equalsIgnoreCase("Estate Tax")): null

2024-11-12 16:21:43 - [TEST_STEP][PASSED] - setText(findTestObject(orPath_Amount + "/input__paymentAmount"), "100.00"): Text '100.00' is set on object 'Object Repository/RAD_Pages/PaymentAmount_Page/input__paymentAmount'

2024-11-12 16:21:43 - [MESSAGE][PASSED] - Text '100.00' is set on object 'Object Repository/RAD_Pages/PaymentAmount_Page/input__paymentAmount'

2024-11-12 16:21:43 - [TEST_STEP][PASSED] - setText(findTestObject(orPath_AddressContact + "/input_streetAddress2"), ""): Text '' is set on object 'Object Repository/RAD_Pages/AddressAndContactInfo_Page/input_streetAddress2'

2024-11-12 16:21:44 - [MESSAGE][PASSED] - Text '' is set on object 'Object Repository/RAD_Pages/AddressAndContactInfo_Page/input_streetAddress2'

2024-11-12 16:21:44 - [TEST_STEP][PASSED] - scrollToElement(findTestObject(orPath_Landing + "/button_Continue"), 3): Scroll to object 'Object Repository/RAD_Pages/Landing_Page/button_Continue' successfully

2024-11-12 16:21:45 - [MESSAGE][PASSED] - Scroll to object 'Object Repository/RAD_Pages/Landing_Page/button_Continue' successfully

2024-11-12 16:21:45 - [TEST_STEP][PASSED] - waitForElementClickable(findTestObject(orPath_Landing + "/button_Continue"), 5): Object 'Object Repository/RAD_Pages/Landing_Page/button_Continue' is clickable

2024-11-12 16:21:45 - [MESSAGE][PASSED] - Object 'Object Repository/RAD_Pages/Landing_Page/button_Continue' is clickable

2024-11-12 16:21:45 - [TEST_STEP][PASSED] - click(findTestObject(orPath_Landing + "/button_Continue")): Object: 'Object Repository/RAD_Pages/Landing_Page/button_Continue' is clicked on

2024-11-12 16:21:45 - [MESSAGE][PASSED] - Object: 'Object Repository/RAD_Pages/Landing_Page/button_Continue' is clicked on

2024-11-12 16:21:45 - [TEST_STEP][PASSED] - delay(2): Delayed 2 second(s)

2024-11-12 16:21:47 - [MESSAGE][PASSED] - Delayed 2 second(s)

2024-11-12 16:21:47 - [TEST_STEP][PASSED] - verifyTextPresent("Summary", true): Text 'Summary' is present on page  using regular expression

2024-11-12 16:21:48 - [MESSAGE][PASSED] - Text 'Summary' is present on page  using regular expression

2024-11-12 16:21:48 - [TEST_STEP][PASSED] - verifyTextPresent("Review the information below and make any necessary corrections by clicking the", true): Text 'Review the information below and make any necessary corrections by clicking the' is present on page  using regular expression

2024-11-12 16:21:48 - [MESSAGE][PASSED] - Text 'Review the information below and make any necessary corrections by clicking the' is present on page  using regular expression

2024-11-12 16:21:48 - [TEST_STEP][PASSED] - verifyTextPresent("When you are confident that all the information is correct, click the", true): Text 'When you are confident that all the information is correct, click the' is present on page  using regular expression

2024-11-12 16:21:48 - [MESSAGE][PASSED] - Text 'When you are confident that all the information is correct, click the' is present on page  using regular expression

2024-11-12 16:21:48 - [TEST_STEP][PASSED] - verifyTextPresent("Payment Type/Filing Year", true): Text 'Payment Type/Filing Year' is present on page  using regular expression

2024-11-12 16:21:49 - [MESSAGE][PASSED] - Text 'Payment Type/Filing Year' is present on page  using regular expression

2024-11-12 16:21:49 - [TEST_STEP][PASSED] - verifyTextPresent("Payment Type:", true): Text 'Payment Type:' is present on page  using regular expression

2024-11-12 16:21:49 - [MESSAGE][PASSED] - Text 'Payment Type:' is present on page  using regular expression

2024-11-12 16:21:49 - [TEST_STEP][PASSED] - verifyTextPresent("New Tax Return Amount Due", true): Text 'New Tax Return Amount Due' is present on page  using regular expression

2024-11-12 16:21:49 - [MESSAGE][PASSED] - Text 'New Tax Return Amount Due' is present on page  using regular expression

2024-11-12 16:21:49 - [TEST_STEP][PASSED] - verifyTextPresent("Filing Year:", true): Text 'Filing Year:' is present on page  using regular expression

2024-11-12 16:21:50 - [MESSAGE][PASSED] - Text 'Filing Year:' is present on page  using regular expression

2024-11-12 16:21:50 - [TEST_STEP][PASSED] - verifyTextPresent(FilingYear, true): Text '2021' is present on page  using regular expression

2024-11-12 16:21:50 - [MESSAGE][PASSED] - Text '2021' is present on page  using regular expression

2024-11-12 16:21:50 - [TEST_STEP][PASSED] - verifyTextPresent("Payer Information", true): Text 'Payer Information' is present on page  using regular expression

2024-11-12 16:21:50 - [MESSAGE][PASSED] - Text 'Payer Information' is present on page  using regular expression

2024-11-12 16:21:50 - [TEST_STEP][PASSED] - verifyTextPresent("Taxpayer Name:", true): Text 'Taxpayer Name:' is present on page  using regular expression

2024-11-12 16:21:51 - [MESSAGE][PASSED] - Text 'Taxpayer Name:' is present on page  using regular expression

2024-11-12 16:21:51 - [TEST_STEP][PASSED] - verifyTextPresent("My Company", true): Text 'My Company' is present on page  using regular expression

2024-11-12 16:21:51 - [MESSAGE][PASSED] - Text 'My Company' is present on page  using regular expression

2024-11-12 16:21:51 - [TEST_STEP][PASSED] - verifyTextPresent("Business Rep Name:", true): Text 'Business Rep Name:' is present on page  using regular expression

2024-11-12 16:21:51 - [MESSAGE][PASSED] - Text 'Business Rep Name:' is present on page  using regular expression

2024-11-12 16:21:51 - [TEST_STEP][PASSED] - verifyTextPresent("BusRepFname BusRepLname", true): Text 'BusRepFname BusRepLname' is present on page  using regular expression

2024-11-12 16:21:52 - [MESSAGE][PASSED] - Text 'BusRepFname BusRepLname' is present on page  using regular expression

2024-11-12 16:21:52 - [TEST_STEP][PASSED] - verifyTextPresent("Taxpayer Address:", true): Text 'Taxpayer Address:' is present on page  using regular expression

2024-11-12 16:21:52 - [MESSAGE][PASSED] - Text 'Taxpayer Address:' is present on page  using regular expression

2024-11-12 16:21:52 - [TEST_STEP][PASSED] - verifyTextPresent("2508 Mandan Terrace Gambrills Maryland 21054", true): Text '2508 Mandan Terrace Gambrills Maryland 21054' is present on page  using regular expression

2024-11-12 16:21:52 - [MESSAGE][PASSED] - Text '2508 Mandan Terrace Gambrills Maryland 21054' is present on page  using regular expression

2024-11-12 16:21:52 - [TEST_STEP][PASSED] - verifyTextPresent("Email:", true): Text 'Email:' is present on page  using regular expression

2024-11-12 16:21:53 - [MESSAGE][PASSED] - Text 'Email:' is present on page  using regular expression

2024-11-12 16:21:53 - [TEST_STEP][PASSED] - verifyTextPresent("iahmed@govolution.com", true): Text 'iahmed@govolution.com' is present on page  using regular expression

2024-11-12 16:21:53 - [MESSAGE][PASSED] - Text 'iahmed@govolution.com' is present on page  using regular expression

2024-11-12 16:21:53 - [TEST_STEP][PASSED] - verifyTextPresent("Phone:", true): Text 'Phone:' is present on page  using regular expression

2024-11-12 16:21:53 - [MESSAGE][PASSED] - Text 'Phone:' is present on page  using regular expression

2024-11-12 16:21:53 - [TEST_STEP][PASSED] - verifyTextPresent("(703) 894-5000", false): Text '(703) 894-5000' is present on page 

2024-11-12 16:21:54 - [MESSAGE][PASSED] - Text '(703) 894-5000' is present on page 

2024-11-12 16:21:54 - [TEST_STEP][PASSED] - verifyTextPresent("Tax Information", true): Text 'Tax Information' is present on page  using regular expression

2024-11-12 16:21:54 - [MESSAGE][PASSED] - Text 'Tax Information' is present on page  using regular expression

2024-11-12 16:21:54 - [TEST_STEP][PASSED] - verifyTextNotPresent("Notice Number", true): Text 'Notice Number' is not present on page using regular expression

2024-11-12 16:21:54 - [MESSAGE][PASSED] - Text 'Notice Number' is not present on page using regular expression

2024-11-12 16:21:54 - [TEST_STEP][PASSED] - if (month.trim()): null

2024-11-12 16:21:54 - [TEST_STEP][PASSED] - else: Text 'Period Ending' is not present on page using regular expression

2024-11-12 16:21:54 - [TEST_STEP][PASSED] - verifyTextNotPresent("Period Ending", true): Text 'Period Ending' is not present on page using regular expression

2024-11-12 16:21:55 - [MESSAGE][PASSED] - Text 'Period Ending' is not present on page using regular expression

2024-11-12 16:21:55 - [TEST_STEP][PASSED] - if (feinSSN.equalsIgnoreCase("Y")): Text 'XXXXX6187' is present on page  using regular expression

2024-11-12 16:21:55 - [TEST_STEP][PASSED] - verifyTextPresent("FEIN/SSN:", true): Text 'FEIN/SSN:' is present on page  using regular expression

2024-11-12 16:21:55 - [MESSAGE][PASSED] - Text 'FEIN/SSN:' is present on page  using regular expression

2024-11-12 16:21:55 - [TEST_STEP][PASSED] - verifyTextNotPresent("Federal EIN:", true): Text 'Federal EIN:' is not present on page using regular expression

2024-11-12 16:21:55 - [MESSAGE][PASSED] - Text 'Federal EIN:' is not present on page using regular expression

2024-11-12 16:21:55 - [TEST_STEP][PASSED] - verifyTextPresent("XXXXX6187", true): Text 'XXXXX6187' is present on page  using regular expression

2024-11-12 16:21:56 - [MESSAGE][PASSED] - Text 'XXXXX6187' is present on page  using regular expression

2024-11-12 16:21:56 - [TEST_STEP][PASSED] - if (TaxType.equalsIgnoreCase("Estate Tax")): null

2024-11-12 16:21:56 - [TEST_STEP][PASSED] - if (CRN.equalsIgnoreCase("Y")): null

2024-11-12 16:21:56 - [TEST_STEP][PASSED] - else: Text 'MD Central Registration Number' is not present on page using regular expression

2024-11-12 16:21:56 - [TEST_STEP][PASSED] - verifyTextNotPresent("MD Central Registration Number", true): Text 'MD Central Registration Number' is not present on page using regular expression

2024-11-12 16:21:56 - [MESSAGE][PASSED] - Text 'MD Central Registration Number' is not present on page using regular expression

2024-11-12 16:21:56 - [TEST_STEP][PASSED] - if (MFLicNum.equalsIgnoreCase("Y")): null

2024-11-12 16:21:56 - [TEST_STEP][PASSED] - else: Text 'Motor Fuel License Number#:' is not present on page using regular expression

2024-11-12 16:21:56 - [TEST_STEP][PASSED] - verifyTextNotPresent("Motor Fuel License Number#:", true): Text 'Motor Fuel License Number#:' is not present on page using regular expression

2024-11-12 16:21:56 - [MESSAGE][PASSED] - Text 'Motor Fuel License Number#:' is not present on page using regular expression

2024-11-12 16:21:56 - [TEST_STEP][PASSED] - verifyTextPresent("Payment Amount:", true): Text 'Payment Amount:' is present on page  using regular expression

2024-11-12 16:21:57 - [MESSAGE][PASSED] - Text 'Payment Amount:' is present on page  using regular expression

2024-11-12 16:21:57 - [TEST_STEP][PASSED] - verifyTextPresent("100.00", true): Text '100.00' is present on page  using regular expression

2024-11-12 16:21:57 - [MESSAGE][PASSED] - Text '100.00' is present on page  using regular expression

2024-11-12 16:21:57 - [TEST_STEP][PASSED] - if (verifyElementVisible(findTestObject(orPath_Summary + "/button_Proceed to Payment"))): null

2024-11-12 16:21:57 - [MESSAGE][PASSED] - Object 'Object Repository/RAD_Pages/Summary_Page/button_Proceed to Payment' is visible

2024-11-12 16:21:57 - [TEST_STEP][PASSED] - resText = "Pass": null

2024-11-12 16:21:57 - [TEST_STEP][PASSED] - pages.WriteExcel.demoKey(resText, datText, resColumn, datCloumn, fileLoc, nameSheet, row): pages.WriteExcel.demoKey is PASSED

2024-11-12 16:21:57 - [MESSAGE][PASSED] - pages.WriteExcel.demoKey is PASSED

2024-11-12 16:21:57 - [TEST_STEP][PASSED] - click(findTestObject(orPath_Summary + "/button_Proceed to Payment")): Object: 'Object Repository/RAD_Pages/Summary_Page/button_Proceed to Payment' is clicked on

2024-11-12 16:22:00 - [MESSAGE][PASSED] - Object: 'Object Repository/RAD_Pages/Summary_Page/button_Proceed to Payment' is clicked on

2024-11-12 16:22:00 - [TEST_STEP][PASSED] - verifyElementPresent(findTestObject("Object Repository/RAD_Pages/PaymentEntry_Page/input__billingName"), 30): Object 'Object Repository/RAD_Pages/PaymentEntry_Page/input__billingName' is present

2024-11-12 16:22:01 - [MESSAGE][PASSED] - Object 'Object Repository/RAD_Pages/PaymentEntry_Page/input__billingName' is present

2024-11-12 16:22:01 - [TEST_STEP][PASSED] - ExecuteTC = findTestData(dataFile).getValue("Execute", row): null

2024-11-12 16:22:01 - [TEST_STEP][PASSED] - TaxType = findTestData(dataFile).getValue("TaxType", row): null

2024-11-12 16:22:01 - [TEST_STEP][PASSED] - PaymentType = findTestData(dataFile).getValue("PaymentType", row): null

2024-11-12 16:22:01 - [TEST_STEP][PASSED] - FilingYear = findTestData(dataFile).getValue("Year", row): null

2024-11-12 16:22:01 - [TEST_STEP][PASSED] - feinSSN = findTestData(dataFile).getValue("FeinSsn", row): null

2024-11-12 16:22:01 - [TEST_STEP][PASSED] - CRN = findTestData(dataFile).getValue("CRN", row): null

2024-11-12 16:22:01 - [TEST_STEP][PASSED] - month = findTestData(dataFile).getValue("Month", row): null

2024-11-12 16:22:01 - [TEST_STEP][PASSED] - MFLicNum = findTestData(dataFile).getValue("MFLicNum", row): null

2024-11-12 16:22:01 - [TEST_STEP][PASSED] - if (ExecuteTC.equalsIgnoreCase("Y")): Object 'Object Repository/RAD_Pages/PaymentEntry_Page/input__billingName' is present

2024-11-12 16:22:01 - [TEST_STEP][PASSED] - out.println("Begin Record Number: " + row): null

2024-11-12 16:22:01 - [TEST_STEP][PASSED] - today = new java.util.Date(): null

2024-11-12 16:22:01 - [TEST_STEP][PASSED] - println(today): null

2024-11-12 16:22:01 - [TEST_STEP][PASSED] - datText = today: null

2024-11-12 16:22:01 - [TEST_STEP][PASSED] - logInfo("Payment Type: New Tax Return Amount Due"): Payment Type: New Tax Return Amount Due

2024-11-12 16:22:01 - [MESSAGE][INFO] - Payment Type: New Tax Return Amount Due

2024-11-12 16:22:01 - [TEST_STEP][PASSED] - logInfo("Tax Type: " + TaxType): Tax Type: PTE Tax Electing Non-S Corp

2024-11-12 16:22:01 - [MESSAGE][INFO] - Tax Type: PTE Tax Electing Non-S Corp

2024-11-12 16:22:01 - [TEST_STEP][PASSED] - openBrowser(""): Browser is opened with url: ''

2024-11-12 16:22:01 - [MESSAGE][WARNING] - A browser is already opened. Closing browser and opening a new one

2024-11-12 16:22:02 - [MESSAGE][INFO] - Starting 'Chrome' driver

2024-11-12 16:22:02 - [MESSAGE][INFO] - User set preference: ['acceptInsecureCerts', 'true']

2024-11-12 16:22:02 - [MESSAGE][INFO] - Action delay is set to 0 milliseconds

2024-11-12 16:22:04 - [MESSAGE][PASSED] - Browser is opened with url: ''

2024-11-12 16:22:04 - [TEST_STEP][PASSED] - maximizeWindow(): Current window maximized

2024-11-12 16:22:04 - [MESSAGE][PASSED] - Current window maximized

2024-11-12 16:22:04 - [TEST_STEP][PASSED] - navigateToUrl(RADurl): Navigate to 'https://www.velocitypayment.com/client/rad/index.html' successfully

2024-11-12 16:22:06 - [MESSAGE][PASSED] - Navigate to 'https://www.velocitypayment.com/client/rad/index.html' successfully

2024-11-12 16:22:06 - [TEST_STEP][PASSED] - selectOptionByLabel(findTestObject(orPath_Landing + "/dd_TaxType"), "New Tax Return Amount Due", false): All options with label 'New Tax Return Amount Due' are selected in object 'Object Repository/RAD_Pages/Landing_Page/dd_TaxType' 

2024-11-12 16:22:06 - [MESSAGE][PASSED] - All options with label 'New Tax Return Amount Due' are selected in object 'Object Repository/RAD_Pages/Landing_Page/dd_TaxType' 

2024-11-12 16:22:06 - [TEST_STEP][PASSED] - selectOptionByLabel(findTestObject("Object Repository/RAD_Pages/Landing_Page/select_NewTaxReturnAmountDue_TaxType"), TaxType, false): All options with label 'PTE Tax Electing Non-S Corp' are selected in object 'Object Repository/RAD_Pages/Landing_Page/select_NewTaxReturnAmountDue_TaxType' 

2024-11-12 16:22:07 - [MESSAGE][PASSED] - All options with label 'PTE Tax Electing Non-S Corp' are selected in object 'Object Repository/RAD_Pages/Landing_Page/select_NewTaxReturnAmountDue_TaxType' 

2024-11-12 16:22:07 - [TEST_STEP][PASSED] - selectOptionByLabel(findTestObject(orPath_TaxTypeFilingYear + "/select_FilingYear"), FilingYear, false): All options with label '2021' are selected in object 'Object Repository/RAD_Pages/TaxTypeFilingYear_Page/select_FilingYear' 

2024-11-12 16:22:08 - [MESSAGE][PASSED] - All options with label '2021' are selected in object 'Object Repository/RAD_Pages/TaxTypeFilingYear_Page/select_FilingYear' 

2024-11-12 16:22:08 - [TEST_STEP][PASSED] - if (month.trim()): null

2024-11-12 16:22:08 - [TEST_STEP][PASSED] - rad.getSetDataRAD.setDataRADBusinessName(): rad.getSetDataRAD.setDataRADBusinessName is PASSED

2024-11-12 16:22:08 - [MESSAGE][PASSED] - Text 'My Company' is set on object 'Object Repository/RAD_Pages/Taxpayer_Page/input_businessName'

2024-11-12 16:22:08 - [MESSAGE][PASSED] - rad.getSetDataRAD.setDataRADBusinessName is PASSED

2024-11-12 16:22:08 - [TEST_STEP][PASSED] - rad.getSetDataRAD.setDataRADBusinessRep(): rad.getSetDataRAD.setDataRADBusinessRep is PASSED

2024-11-12 16:22:09 - [MESSAGE][PASSED] - Text 'BusRepFname' is set on object 'Object Repository/RAD_Pages/Taxpayer_Page/input_BusinessRepfirstName'

2024-11-12 16:22:10 - [MESSAGE][PASSED] - Text '' is set on object 'Object Repository/RAD_Pages/Taxpayer_Page/input_BusinessRepmiddleName'

2024-11-12 16:22:11 - [MESSAGE][PASSED] - Text 'BusRepLname' is set on object 'Object Repository/RAD_Pages/Taxpayer_Page/input_BusinessReplastName'

2024-11-12 16:22:11 - [MESSAGE][PASSED] - Text '' is set on object 'Object Repository/RAD_Pages/Taxpayer_Page/input_BusinessRepsuffix'

2024-11-12 16:22:11 - [MESSAGE][PASSED] - rad.getSetDataRAD.setDataRADBusinessRep is PASSED

2024-11-12 16:22:11 - [TEST_STEP][PASSED] - rad.getSetDataRAD.setDataRADAddress(): rad.getSetDataRAD.setDataRADAddress is PASSED

2024-11-12 16:22:12 - [MESSAGE][PASSED] - All options with label 'United States' are selected in object 'Object Repository/RAD_Pages/AddressAndContactInfo_Page/select_Country' 

2024-11-12 16:22:13 - [MESSAGE][PASSED] - Text '2508 Mandan Terrace' is set on object 'Object Repository/RAD_Pages/AddressAndContactInfo_Page/input_streetAddress1'

2024-11-12 16:22:13 - [MESSAGE][PASSED] - Text '' is set on object 'Object Repository/RAD_Pages/AddressAndContactInfo_Page/input_streetAddress2'

2024-11-12 16:22:14 - [MESSAGE][PASSED] - Text 'Gambrills' is set on object 'Object Repository/RAD_Pages/AddressAndContactInfo_Page/input_city'

2024-11-12 16:22:15 - [MESSAGE][PASSED] - All options with label 'Maryland' are selected in object 'Object Repository/RAD_Pages/AddressAndContactInfo_Page/select_State' 

2024-11-12 16:22:16 - [MESSAGE][PASSED] - Text '21054' is set on object 'Object Repository/RAD_Pages/AddressAndContactInfo_Page/input_zipCode'

2024-11-12 16:22:17 - [MESSAGE][PASSED] - Text '(703) 894-5000' is set on object 'Object Repository/RAD_Pages/AddressAndContactInfo_Page/input_phoneNumber'

2024-11-12 16:22:17 - [MESSAGE][PASSED] - Text 'iahmed@govolution.com' is set on object 'Object Repository/RAD_Pages/AddressAndContactInfo_Page/input_eMailAddress'

2024-11-12 16:22:18 - [MESSAGE][PASSED] - Text 'iahmed@govolution.com' is set on object 'Object Repository/RAD_Pages/AddressAndContactInfo_Page/input_reEnterEMailAddress'

2024-11-12 16:22:18 - [MESSAGE][PASSED] - rad.getSetDataRAD.setDataRADAddress is PASSED

2024-11-12 16:22:18 - [TEST_STEP][PASSED] - if (feinSSN.equalsIgnoreCase("Y")): Text ****** has been set on object 'Object Repository/RAD_Pages/TaxInfo_Page/input_TaxInfo_RetypeFeinSsn_New_2'

2024-11-12 16:22:18 - [TEST_STEP][PASSED] - setEncryptedText(findTestObject(orPath_TaxInfo + "/input_TaxInfo_FeinSsn_New_2"), "yXB7JMCbD3QoFF75EQd3iw=="): Text ****** has been set on object 'Object Repository/RAD_Pages/TaxInfo_Page/input_TaxInfo_FeinSsn_New_2'

2024-11-12 16:22:19 - [MESSAGE][PASSED] - Text ****** has been set on object 'Object Repository/RAD_Pages/TaxInfo_Page/input_TaxInfo_FeinSsn_New_2'

2024-11-12 16:22:19 - [TEST_STEP][PASSED] - setEncryptedText(findTestObject(orPath_TaxInfo + "/input_TaxInfo_RetypeFeinSsn_New_2"), "yXB7JMCbD3QoFF75EQd3iw=="): Text ****** has been set on object 'Object Repository/RAD_Pages/TaxInfo_Page/input_TaxInfo_RetypeFeinSsn_New_2'

2024-11-12 16:22:19 - [MESSAGE][PASSED] - Text ****** has been set on object 'Object Repository/RAD_Pages/TaxInfo_Page/input_TaxInfo_RetypeFeinSsn_New_2'

2024-11-12 16:22:19 - [TEST_STEP][PASSED] - if (CRN.equalsIgnoreCase("Y")): null

2024-11-12 16:22:19 - [TEST_STEP][PASSED] - if (MFLicNum.equalsIgnoreCase("Y")): null

2024-11-12 16:22:19 - [TEST_STEP][PASSED] - if (TaxType.equalsIgnoreCase("Estate Tax")): null

2024-11-12 16:22:19 - [TEST_STEP][PASSED] - setText(findTestObject(orPath_Amount + "/input__paymentAmount"), "100.00"): Text '100.00' is set on object 'Object Repository/RAD_Pages/PaymentAmount_Page/input__paymentAmount'

2024-11-12 16:22:20 - [MESSAGE][PASSED] - Text '100.00' is set on object 'Object Repository/RAD_Pages/PaymentAmount_Page/input__paymentAmount'

2024-11-12 16:22:20 - [TEST_STEP][PASSED] - setText(findTestObject(orPath_AddressContact + "/input_streetAddress2"), ""): Text '' is set on object 'Object Repository/RAD_Pages/AddressAndContactInfo_Page/input_streetAddress2'

2024-11-12 16:22:21 - [MESSAGE][PASSED] - Text '' is set on object 'Object Repository/RAD_Pages/AddressAndContactInfo_Page/input_streetAddress2'

2024-11-12 16:22:21 - [TEST_STEP][PASSED] - scrollToElement(findTestObject(orPath_Landing + "/button_Continue"), 3): Scroll to object 'Object Repository/RAD_Pages/Landing_Page/button_Continue' successfully

2024-11-12 16:22:21 - [MESSAGE][PASSED] - Scroll to object 'Object Repository/RAD_Pages/Landing_Page/button_Continue' successfully

2024-11-12 16:22:21 - [TEST_STEP][PASSED] - waitForElementClickable(findTestObject(orPath_Landing + "/button_Continue"), 5): Object 'Object Repository/RAD_Pages/Landing_Page/button_Continue' is clickable

2024-11-12 16:22:22 - [MESSAGE][PASSED] - Object 'Object Repository/RAD_Pages/Landing_Page/button_Continue' is clickable

2024-11-12 16:22:22 - [TEST_STEP][PASSED] - click(findTestObject(orPath_Landing + "/button_Continue")): Object: 'Object Repository/RAD_Pages/Landing_Page/button_Continue' is clicked on

2024-11-12 16:22:22 - [MESSAGE][PASSED] - Object: 'Object Repository/RAD_Pages/Landing_Page/button_Continue' is clicked on

2024-11-12 16:22:22 - [TEST_STEP][PASSED] - delay(2): Delayed 2 second(s)

2024-11-12 16:22:24 - [MESSAGE][PASSED] - Delayed 2 second(s)

2024-11-12 16:22:24 - [TEST_STEP][PASSED] - verifyTextPresent("Summary", true): Text 'Summary' is present on page  using regular expression

2024-11-12 16:22:24 - [MESSAGE][PASSED] - Text 'Summary' is present on page  using regular expression

2024-11-12 16:22:24 - [TEST_STEP][PASSED] - verifyTextPresent("Review the information below and make any necessary corrections by clicking the", true): Text 'Review the information below and make any necessary corrections by clicking the' is present on page  using regular expression

2024-11-12 16:22:25 - [MESSAGE][PASSED] - Text 'Review the information below and make any necessary corrections by clicking the' is present on page  using regular expression

2024-11-12 16:22:25 - [TEST_STEP][PASSED] - verifyTextPresent("When you are confident that all the information is correct, click the", true): Text 'When you are confident that all the information is correct, click the' is present on page  using regular expression

2024-11-12 16:22:25 - [MESSAGE][PASSED] - Text 'When you are confident that all the information is correct, click the' is present on page  using regular expression

2024-11-12 16:22:25 - [TEST_STEP][PASSED] - verifyTextPresent("Payment Type/Filing Year", true): Text 'Payment Type/Filing Year' is present on page  using regular expression

2024-11-12 16:22:25 - [MESSAGE][PASSED] - Text 'Payment Type/Filing Year' is present on page  using regular expression

2024-11-12 16:22:25 - [TEST_STEP][PASSED] - verifyTextPresent("Payment Type:", true): Text 'Payment Type:' is present on page  using regular expression

2024-11-12 16:22:26 - [MESSAGE][PASSED] - Text 'Payment Type:' is present on page  using regular expression

2024-11-12 16:22:26 - [TEST_STEP][PASSED] - verifyTextPresent("New Tax Return Amount Due", true): Text 'New Tax Return Amount Due' is present on page  using regular expression

2024-11-12 16:22:26 - [MESSAGE][PASSED] - Text 'New Tax Return Amount Due' is present on page  using regular expression

2024-11-12 16:22:26 - [TEST_STEP][PASSED] - verifyTextPresent("Filing Year:", true): Text 'Filing Year:' is present on page  using regular expression

2024-11-12 16:22:26 - [MESSAGE][PASSED] - Text 'Filing Year:' is present on page  using regular expression

2024-11-12 16:22:26 - [TEST_STEP][PASSED] - verifyTextPresent(FilingYear, true): Text '2021' is present on page  using regular expression

2024-11-12 16:22:27 - [MESSAGE][PASSED] - Text '2021' is present on page  using regular expression

2024-11-12 16:22:27 - [TEST_STEP][PASSED] - verifyTextPresent("Payer Information", true): Text 'Payer Information' is present on page  using regular expression

2024-11-12 16:22:27 - [MESSAGE][PASSED] - Text 'Payer Information' is present on page  using regular expression

2024-11-12 16:22:27 - [TEST_STEP][PASSED] - verifyTextPresent("Taxpayer Name:", true): Text 'Taxpayer Name:' is present on page  using regular expression

2024-11-12 16:22:27 - [MESSAGE][PASSED] - Text 'Taxpayer Name:' is present on page  using regular expression

2024-11-12 16:22:27 - [TEST_STEP][PASSED] - verifyTextPresent("My Company", true): Text 'My Company' is present on page  using regular expression

2024-11-12 16:22:28 - [MESSAGE][PASSED] - Text 'My Company' is present on page  using regular expression

2024-11-12 16:22:28 - [TEST_STEP][PASSED] - verifyTextPresent("Business Rep Name:", true): Text 'Business Rep Name:' is present on page  using regular expression

2024-11-12 16:22:28 - [MESSAGE][PASSED] - Text 'Business Rep Name:' is present on page  using regular expression

2024-11-12 16:22:28 - [TEST_STEP][PASSED] - verifyTextPresent("BusRepFname BusRepLname", true): Text 'BusRepFname BusRepLname' is present on page  using regular expression

2024-11-12 16:22:28 - [MESSAGE][PASSED] - Text 'BusRepFname BusRepLname' is present on page  using regular expression

2024-11-12 16:22:28 - [TEST_STEP][PASSED] - verifyTextPresent("Taxpayer Address:", true): Text 'Taxpayer Address:' is present on page  using regular expression

2024-11-12 16:22:29 - [MESSAGE][PASSED] - Text 'Taxpayer Address:' is present on page  using regular expression

2024-11-12 16:22:29 - [TEST_STEP][PASSED] - verifyTextPresent("2508 Mandan Terrace Gambrills Maryland 21054", true): Text '2508 Mandan Terrace Gambrills Maryland 21054' is present on page  using regular expression

2024-11-12 16:22:29 - [MESSAGE][PASSED] - Text '2508 Mandan Terrace Gambrills Maryland 21054' is present on page  using regular expression

2024-11-12 16:22:29 - [TEST_STEP][PASSED] - verifyTextPresent("Email:", true): Text 'Email:' is present on page  using regular expression

2024-11-12 16:22:29 - [MESSAGE][PASSED] - Text 'Email:' is present on page  using regular expression

2024-11-12 16:22:29 - [TEST_STEP][PASSED] - verifyTextPresent("iahmed@govolution.com", true): Text 'iahmed@govolution.com' is present on page  using regular expression

2024-11-12 16:22:30 - [MESSAGE][PASSED] - Text 'iahmed@govolution.com' is present on page  using regular expression

2024-11-12 16:22:30 - [TEST_STEP][PASSED] - verifyTextPresent("Phone:", true): Text 'Phone:' is present on page  using regular expression

2024-11-12 16:22:30 - [MESSAGE][PASSED] - Text 'Phone:' is present on page  using regular expression

2024-11-12 16:22:30 - [TEST_STEP][PASSED] - verifyTextPresent("(703) 894-5000", false): Text '(703) 894-5000' is present on page 

2024-11-12 16:22:30 - [MESSAGE][PASSED] - Text '(703) 894-5000' is present on page 

2024-11-12 16:22:30 - [TEST_STEP][PASSED] - verifyTextPresent("Tax Information", true): Text 'Tax Information' is present on page  using regular expression

2024-11-12 16:22:31 - [MESSAGE][PASSED] - Text 'Tax Information' is present on page  using regular expression

2024-11-12 16:22:31 - [TEST_STEP][PASSED] - verifyTextNotPresent("Notice Number", true): Text 'Notice Number' is not present on page using regular expression

2024-11-12 16:22:31 - [MESSAGE][PASSED] - Text 'Notice Number' is not present on page using regular expression

2024-11-12 16:22:31 - [TEST_STEP][PASSED] - if (month.trim()): null

2024-11-12 16:22:31 - [TEST_STEP][PASSED] - else: Text 'Period Ending' is not present on page using regular expression

2024-11-12 16:22:31 - [TEST_STEP][PASSED] - verifyTextNotPresent("Period Ending", true): Text 'Period Ending' is not present on page using regular expression

2024-11-12 16:22:31 - [MESSAGE][PASSED] - Text 'Period Ending' is not present on page using regular expression

2024-11-12 16:22:31 - [TEST_STEP][PASSED] - if (feinSSN.equalsIgnoreCase("Y")): Text 'XXXXX6187' is present on page  using regular expression

2024-11-12 16:22:31 - [TEST_STEP][PASSED] - verifyTextPresent("FEIN/SSN:", true): Text 'FEIN/SSN:' is present on page  using regular expression

2024-11-12 16:22:32 - [MESSAGE][PASSED] - Text 'FEIN/SSN:' is present on page  using regular expression

2024-11-12 16:22:32 - [TEST_STEP][PASSED] - verifyTextNotPresent("Federal EIN:", true): Text 'Federal EIN:' is not present on page using regular expression

2024-11-12 16:22:32 - [MESSAGE][PASSED] - Text 'Federal EIN:' is not present on page using regular expression

2024-11-12 16:22:32 - [TEST_STEP][PASSED] - verifyTextPresent("XXXXX6187", true): Text 'XXXXX6187' is present on page  using regular expression

2024-11-12 16:22:32 - [MESSAGE][PASSED] - Text 'XXXXX6187' is present on page  using regular expression

2024-11-12 16:22:32 - [TEST_STEP][PASSED] - if (TaxType.equalsIgnoreCase("Estate Tax")): null

2024-11-12 16:22:32 - [TEST_STEP][PASSED] - if (CRN.equalsIgnoreCase("Y")): null

2024-11-12 16:22:32 - [TEST_STEP][PASSED] - else: Text 'MD Central Registration Number' is not present on page using regular expression

2024-11-12 16:22:32 - [TEST_STEP][PASSED] - verifyTextNotPresent("MD Central Registration Number", true): Text 'MD Central Registration Number' is not present on page using regular expression

2024-11-12 16:22:33 - [MESSAGE][PASSED] - Text 'MD Central Registration Number' is not present on page using regular expression

2024-11-12 16:22:33 - [TEST_STEP][PASSED] - if (MFLicNum.equalsIgnoreCase("Y")): null

2024-11-12 16:22:33 - [TEST_STEP][PASSED] - else: Text 'Motor Fuel License Number#:' is not present on page using regular expression

2024-11-12 16:22:33 - [TEST_STEP][PASSED] - verifyTextNotPresent("Motor Fuel License Number#:", true): Text 'Motor Fuel License Number#:' is not present on page using regular expression

2024-11-12 16:22:33 - [MESSAGE][PASSED] - Text 'Motor Fuel License Number#:' is not present on page using regular expression

2024-11-12 16:22:33 - [TEST_STEP][PASSED] - verifyTextPresent("Payment Amount:", true): Text 'Payment Amount:' is present on page  using regular expression

2024-11-12 16:22:33 - [MESSAGE][PASSED] - Text 'Payment Amount:' is present on page  using regular expression

2024-11-12 16:22:33 - [TEST_STEP][PASSED] - verifyTextPresent("100.00", true): Text '100.00' is present on page  using regular expression

2024-11-12 16:22:34 - [MESSAGE][PASSED] - Text '100.00' is present on page  using regular expression

2024-11-12 16:22:34 - [TEST_STEP][PASSED] - if (verifyElementVisible(findTestObject(orPath_Summary + "/button_Proceed to Payment"))): null

2024-11-12 16:22:34 - [MESSAGE][PASSED] - Object 'Object Repository/RAD_Pages/Summary_Page/button_Proceed to Payment' is visible

2024-11-12 16:22:34 - [TEST_STEP][PASSED] - resText = "Pass": null

2024-11-12 16:22:34 - [TEST_STEP][PASSED] - pages.WriteExcel.demoKey(resText, datText, resColumn, datCloumn, fileLoc, nameSheet, row): pages.WriteExcel.demoKey is PASSED

2024-11-12 16:22:34 - [MESSAGE][PASSED] - pages.WriteExcel.demoKey is PASSED

2024-11-12 16:22:34 - [TEST_STEP][PASSED] - click(findTestObject(orPath_Summary + "/button_Proceed to Payment")): Object: 'Object Repository/RAD_Pages/Summary_Page/button_Proceed to Payment' is clicked on

2024-11-12 16:22:37 - [MESSAGE][PASSED] - Object: 'Object Repository/RAD_Pages/Summary_Page/button_Proceed to Payment' is clicked on

2024-11-12 16:22:37 - [TEST_STEP][PASSED] - verifyElementPresent(findTestObject("Object Repository/RAD_Pages/PaymentEntry_Page/input__billingName"), 30): Object 'Object Repository/RAD_Pages/PaymentEntry_Page/input__billingName' is present

2024-11-12 16:22:37 - [MESSAGE][PASSED] - Object 'Object Repository/RAD_Pages/PaymentEntry_Page/input__billingName' is present

2024-11-12 16:22:37 - [TEST_STEP][PASSED] - ExecuteTC = findTestData(dataFile).getValue("Execute", row): null

2024-11-12 16:22:37 - [TEST_STEP][PASSED] - TaxType = findTestData(dataFile).getValue("TaxType", row): null

2024-11-12 16:22:37 - [TEST_STEP][PASSED] - PaymentType = findTestData(dataFile).getValue("PaymentType", row): null

2024-11-12 16:22:37 - [TEST_STEP][PASSED] - FilingYear = findTestData(dataFile).getValue("Year", row): null

2024-11-12 16:22:37 - [TEST_STEP][PASSED] - feinSSN = findTestData(dataFile).getValue("FeinSsn", row): null

2024-11-12 16:22:37 - [TEST_STEP][PASSED] - CRN = findTestData(dataFile).getValue("CRN", row): null

2024-11-12 16:22:37 - [TEST_STEP][PASSED] - month = findTestData(dataFile).getValue("Month", row): null

2024-11-12 16:22:37 - [TEST_STEP][PASSED] - MFLicNum = findTestData(dataFile).getValue("MFLicNum", row): null

2024-11-12 16:22:37 - [TEST_STEP][PASSED] - if (ExecuteTC.equalsIgnoreCase("Y")): Object 'Object Repository/RAD_Pages/PaymentEntry_Page/input__billingName' is present

2024-11-12 16:22:37 - [TEST_STEP][PASSED] - out.println("Begin Record Number: " + row): null

2024-11-12 16:22:37 - [TEST_STEP][PASSED] - today = new java.util.Date(): null

2024-11-12 16:22:37 - [TEST_STEP][PASSED] - println(today): null

2024-11-12 16:22:37 - [TEST_STEP][PASSED] - datText = today: null

2024-11-12 16:22:37 - [TEST_STEP][PASSED] - logInfo("Payment Type: New Tax Return Amount Due"): Payment Type: New Tax Return Amount Due

2024-11-12 16:22:37 - [MESSAGE][INFO] - Payment Type: New Tax Return Amount Due

2024-11-12 16:22:37 - [TEST_STEP][PASSED] - logInfo("Tax Type: " + TaxType): Tax Type: PTE Tax Electing S Corp

2024-11-12 16:22:37 - [MESSAGE][INFO] - Tax Type: PTE Tax Electing S Corp

2024-11-12 16:22:37 - [TEST_STEP][PASSED] - openBrowser(""): Browser is opened with url: ''

2024-11-12 16:22:37 - [MESSAGE][WARNING] - A browser is already opened. Closing browser and opening a new one

2024-11-12 16:22:39 - [MESSAGE][INFO] - Starting 'Chrome' driver

2024-11-12 16:22:39 - [MESSAGE][INFO] - User set preference: ['acceptInsecureCerts', 'true']

2024-11-12 16:22:39 - [MESSAGE][INFO] - Action delay is set to 0 milliseconds

2024-11-12 16:22:40 - [MESSAGE][PASSED] - Browser is opened with url: ''

2024-11-12 16:22:40 - [TEST_STEP][PASSED] - maximizeWindow(): Current window maximized

2024-11-12 16:22:40 - [MESSAGE][PASSED] - Current window maximized

2024-11-12 16:22:40 - [TEST_STEP][PASSED] - navigateToUrl(RADurl): Navigate to 'https://www.velocitypayment.com/client/rad/index.html' successfully

2024-11-12 16:22:42 - [MESSAGE][PASSED] - Navigate to 'https://www.velocitypayment.com/client/rad/index.html' successfully

2024-11-12 16:22:42 - [TEST_STEP][PASSED] - selectOptionByLabel(findTestObject(orPath_Landing + "/dd_TaxType"), "New Tax Return Amount Due", false): All options with label 'New Tax Return Amount Due' are selected in object 'Object Repository/RAD_Pages/Landing_Page/dd_TaxType' 

2024-11-12 16:22:43 - [MESSAGE][PASSED] - All options with label 'New Tax Return Amount Due' are selected in object 'Object Repository/RAD_Pages/Landing_Page/dd_TaxType' 

2024-11-12 16:22:43 - [TEST_STEP][PASSED] - selectOptionByLabel(findTestObject("Object Repository/RAD_Pages/Landing_Page/select_NewTaxReturnAmountDue_TaxType"), TaxType, false): All options with label 'PTE Tax Electing S Corp' are selected in object 'Object Repository/RAD_Pages/Landing_Page/select_NewTaxReturnAmountDue_TaxType' 

2024-11-12 16:22:44 - [MESSAGE][PASSED] - All options with label 'PTE Tax Electing S Corp' are selected in object 'Object Repository/RAD_Pages/Landing_Page/select_NewTaxReturnAmountDue_TaxType' 

2024-11-12 16:22:44 - [TEST_STEP][PASSED] - selectOptionByLabel(findTestObject(orPath_TaxTypeFilingYear + "/select_FilingYear"), FilingYear, false): All options with label '2021' are selected in object 'Object Repository/RAD_Pages/TaxTypeFilingYear_Page/select_FilingYear' 

2024-11-12 16:22:44 - [MESSAGE][PASSED] - All options with label '2021' are selected in object 'Object Repository/RAD_Pages/TaxTypeFilingYear_Page/select_FilingYear' 

2024-11-12 16:22:44 - [TEST_STEP][PASSED] - if (month.trim()): null

2024-11-12 16:22:44 - [TEST_STEP][PASSED] - rad.getSetDataRAD.setDataRADBusinessName(): rad.getSetDataRAD.setDataRADBusinessName is PASSED

2024-11-12 16:22:45 - [MESSAGE][PASSED] - Text 'My Company' is set on object 'Object Repository/RAD_Pages/Taxpayer_Page/input_businessName'

2024-11-12 16:22:45 - [MESSAGE][PASSED] - rad.getSetDataRAD.setDataRADBusinessName is PASSED

2024-11-12 16:22:45 - [TEST_STEP][PASSED] - rad.getSetDataRAD.setDataRADBusinessRep(): rad.getSetDataRAD.setDataRADBusinessRep is PASSED

2024-11-12 16:22:46 - [MESSAGE][PASSED] - Text 'BusRepFname' is set on object 'Object Repository/RAD_Pages/Taxpayer_Page/input_BusinessRepfirstName'

2024-11-12 16:22:47 - [MESSAGE][PASSED] - Text '' is set on object 'Object Repository/RAD_Pages/Taxpayer_Page/input_BusinessRepmiddleName'

2024-11-12 16:22:48 - [MESSAGE][PASSED] - Text 'BusRepLname' is set on object 'Object Repository/RAD_Pages/Taxpayer_Page/input_BusinessReplastName'

2024-11-12 16:22:48 - [MESSAGE][PASSED] - Text '' is set on object 'Object Repository/RAD_Pages/Taxpayer_Page/input_BusinessRepsuffix'

2024-11-12 16:22:48 - [MESSAGE][PASSED] - rad.getSetDataRAD.setDataRADBusinessRep is PASSED

2024-11-12 16:22:48 - [TEST_STEP][PASSED] - rad.getSetDataRAD.setDataRADAddress(): rad.getSetDataRAD.setDataRADAddress is PASSED

2024-11-12 16:22:49 - [MESSAGE][PASSED] - All options with label 'United States' are selected in object 'Object Repository/RAD_Pages/AddressAndContactInfo_Page/select_Country' 

2024-11-12 16:22:50 - [MESSAGE][PASSED] - Text '2508 Mandan Terrace' is set on object 'Object Repository/RAD_Pages/AddressAndContactInfo_Page/input_streetAddress1'

2024-11-12 16:22:50 - [MESSAGE][PASSED] - Text '' is set on object 'Object Repository/RAD_Pages/AddressAndContactInfo_Page/input_streetAddress2'

2024-11-12 16:22:51 - [MESSAGE][PASSED] - Text 'Gambrills' is set on object 'Object Repository/RAD_Pages/AddressAndContactInfo_Page/input_city'

2024-11-12 16:22:52 - [MESSAGE][PASSED] - All options with label 'Maryland' are selected in object 'Object Repository/RAD_Pages/AddressAndContactInfo_Page/select_State' 

2024-11-12 16:22:53 - [MESSAGE][PASSED] - Text '21054' is set on object 'Object Repository/RAD_Pages/AddressAndContactInfo_Page/input_zipCode'

2024-11-12 16:22:53 - [MESSAGE][PASSED] - Text '(703) 894-5000' is set on object 'Object Repository/RAD_Pages/AddressAndContactInfo_Page/input_phoneNumber'

2024-11-12 16:22:54 - [MESSAGE][PASSED] - Text 'iahmed@govolution.com' is set on object 'Object Repository/RAD_Pages/AddressAndContactInfo_Page/input_eMailAddress'

2024-11-12 16:22:55 - [MESSAGE][PASSED] - Text 'iahmed@govolution.com' is set on object 'Object Repository/RAD_Pages/AddressAndContactInfo_Page/input_reEnterEMailAddress'

2024-11-12 16:22:55 - [MESSAGE][PASSED] - rad.getSetDataRAD.setDataRADAddress is PASSED

2024-11-12 16:22:55 - [TEST_STEP][PASSED] - if (feinSSN.equalsIgnoreCase("Y")): Text ****** has been set on object 'Object Repository/RAD_Pages/TaxInfo_Page/input_TaxInfo_RetypeFeinSsn_New_2'

2024-11-12 16:22:55 - [TEST_STEP][PASSED] - setEncryptedText(findTestObject(orPath_TaxInfo + "/input_TaxInfo_FeinSsn_New_2"), "yXB7JMCbD3QoFF75EQd3iw=="): Text ****** has been set on object 'Object Repository/RAD_Pages/TaxInfo_Page/input_TaxInfo_FeinSsn_New_2'

2024-11-12 16:22:56 - [MESSAGE][PASSED] - Text ****** has been set on object 'Object Repository/RAD_Pages/TaxInfo_Page/input_TaxInfo_FeinSsn_New_2'

2024-11-12 16:22:56 - [TEST_STEP][PASSED] - setEncryptedText(findTestObject(orPath_TaxInfo + "/input_TaxInfo_RetypeFeinSsn_New_2"), "yXB7JMCbD3QoFF75EQd3iw=="): Text ****** has been set on object 'Object Repository/RAD_Pages/TaxInfo_Page/input_TaxInfo_RetypeFeinSsn_New_2'

2024-11-12 16:22:56 - [MESSAGE][PASSED] - Text ****** has been set on object 'Object Repository/RAD_Pages/TaxInfo_Page/input_TaxInfo_RetypeFeinSsn_New_2'

2024-11-12 16:22:56 - [TEST_STEP][PASSED] - if (CRN.equalsIgnoreCase("Y")): null

2024-11-12 16:22:56 - [TEST_STEP][PASSED] - if (MFLicNum.equalsIgnoreCase("Y")): null

2024-11-12 16:22:56 - [TEST_STEP][PASSED] - if (TaxType.equalsIgnoreCase("Estate Tax")): null

2024-11-12 16:22:56 - [TEST_STEP][PASSED] - setText(findTestObject(orPath_Amount + "/input__paymentAmount"), "100.00"): Text '100.00' is set on object 'Object Repository/RAD_Pages/PaymentAmount_Page/input__paymentAmount'

2024-11-12 16:22:57 - [MESSAGE][PASSED] - Text '100.00' is set on object 'Object Repository/RAD_Pages/PaymentAmount_Page/input__paymentAmount'

2024-11-12 16:22:57 - [TEST_STEP][PASSED] - setText(findTestObject(orPath_AddressContact + "/input_streetAddress2"), ""): Text '' is set on object 'Object Repository/RAD_Pages/AddressAndContactInfo_Page/input_streetAddress2'

2024-11-12 16:22:58 - [MESSAGE][PASSED] - Text '' is set on object 'Object Repository/RAD_Pages/AddressAndContactInfo_Page/input_streetAddress2'

2024-11-12 16:22:58 - [TEST_STEP][PASSED] - scrollToElement(findTestObject(orPath_Landing + "/button_Continue"), 3): Scroll to object 'Object Repository/RAD_Pages/Landing_Page/button_Continue' successfully

2024-11-12 16:22:58 - [MESSAGE][PASSED] - Scroll to object 'Object Repository/RAD_Pages/Landing_Page/button_Continue' successfully

2024-11-12 16:22:58 - [TEST_STEP][PASSED] - waitForElementClickable(findTestObject(orPath_Landing + "/button_Continue"), 5): Object 'Object Repository/RAD_Pages/Landing_Page/button_Continue' is clickable

2024-11-12 16:22:58 - [MESSAGE][PASSED] - Object 'Object Repository/RAD_Pages/Landing_Page/button_Continue' is clickable

2024-11-12 16:22:59 - [TEST_STEP][PASSED] - click(findTestObject(orPath_Landing + "/button_Continue")): Object: 'Object Repository/RAD_Pages/Landing_Page/button_Continue' is clicked on

2024-11-12 16:22:59 - [MESSAGE][PASSED] - Object: 'Object Repository/RAD_Pages/Landing_Page/button_Continue' is clicked on

2024-11-12 16:22:59 - [TEST_STEP][PASSED] - delay(2): Delayed 2 second(s)

2024-11-12 16:23:01 - [MESSAGE][PASSED] - Delayed 2 second(s)

2024-11-12 16:23:01 - [TEST_STEP][PASSED] - verifyTextPresent("Summary", true): Text 'Summary' is present on page  using regular expression

2024-11-12 16:23:01 - [MESSAGE][PASSED] - Text 'Summary' is present on page  using regular expression

2024-11-12 16:23:01 - [TEST_STEP][PASSED] - verifyTextPresent("Review the information below and make any necessary corrections by clicking the", true): Text 'Review the information below and make any necessary corrections by clicking the' is present on page  using regular expression

2024-11-12 16:23:02 - [MESSAGE][PASSED] - Text 'Review the information below and make any necessary corrections by clicking the' is present on page  using regular expression

2024-11-12 16:23:02 - [TEST_STEP][PASSED] - verifyTextPresent("When you are confident that all the information is correct, click the", true): Text 'When you are confident that all the information is correct, click the' is present on page  using regular expression

2024-11-12 16:23:02 - [MESSAGE][PASSED] - Text 'When you are confident that all the information is correct, click the' is present on page  using regular expression

2024-11-12 16:23:02 - [TEST_STEP][PASSED] - verifyTextPresent("Payment Type/Filing Year", true): Text 'Payment Type/Filing Year' is present on page  using regular expression

2024-11-12 16:23:02 - [MESSAGE][PASSED] - Text 'Payment Type/Filing Year' is present on page  using regular expression

2024-11-12 16:23:02 - [TEST_STEP][PASSED] - verifyTextPresent("Payment Type:", true): Text 'Payment Type:' is present on page  using regular expression

2024-11-12 16:23:03 - [MESSAGE][PASSED] - Text 'Payment Type:' is present on page  using regular expression

2024-11-12 16:23:03 - [TEST_STEP][PASSED] - verifyTextPresent("New Tax Return Amount Due", true): Text 'New Tax Return Amount Due' is present on page  using regular expression

2024-11-12 16:23:03 - [MESSAGE][PASSED] - Text 'New Tax Return Amount Due' is present on page  using regular expression

2024-11-12 16:23:03 - [TEST_STEP][PASSED] - verifyTextPresent("Filing Year:", true): Text 'Filing Year:' is present on page  using regular expression

2024-11-12 16:23:03 - [MESSAGE][PASSED] - Text 'Filing Year:' is present on page  using regular expression

2024-11-12 16:23:03 - [TEST_STEP][PASSED] - verifyTextPresent(FilingYear, true): Text '2021' is present on page  using regular expression

2024-11-12 16:23:04 - [MESSAGE][PASSED] - Text '2021' is present on page  using regular expression

2024-11-12 16:23:04 - [TEST_STEP][PASSED] - verifyTextPresent("Payer Information", true): Text 'Payer Information' is present on page  using regular expression

2024-11-12 16:23:04 - [MESSAGE][PASSED] - Text 'Payer Information' is present on page  using regular expression

2024-11-12 16:23:04 - [TEST_STEP][PASSED] - verifyTextPresent("Taxpayer Name:", true): Text 'Taxpayer Name:' is present on page  using regular expression

2024-11-12 16:23:04 - [MESSAGE][PASSED] - Text 'Taxpayer Name:' is present on page  using regular expression

2024-11-12 16:23:04 - [TEST_STEP][PASSED] - verifyTextPresent("My Company", true): Text 'My Company' is present on page  using regular expression

2024-11-12 16:23:05 - [MESSAGE][PASSED] - Text 'My Company' is present on page  using regular expression

2024-11-12 16:23:05 - [TEST_STEP][PASSED] - verifyTextPresent("Business Rep Name:", true): Text 'Business Rep Name:' is present on page  using regular expression

2024-11-12 16:23:05 - [MESSAGE][PASSED] - Text 'Business Rep Name:' is present on page  using regular expression

2024-11-12 16:23:05 - [TEST_STEP][PASSED] - verifyTextPresent("BusRepFname BusRepLname", true): Text 'BusRepFname BusRepLname' is present on page  using regular expression

2024-11-12 16:23:05 - [MESSAGE][PASSED] - Text 'BusRepFname BusRepLname' is present on page  using regular expression

2024-11-12 16:23:05 - [TEST_STEP][PASSED] - verifyTextPresent("Taxpayer Address:", true): Text 'Taxpayer Address:' is present on page  using regular expression

2024-11-12 16:23:06 - [MESSAGE][PASSED] - Text 'Taxpayer Address:' is present on page  using regular expression

2024-11-12 16:23:06 - [TEST_STEP][PASSED] - verifyTextPresent("2508 Mandan Terrace Gambrills Maryland 21054", true): Text '2508 Mandan Terrace Gambrills Maryland 21054' is present on page  using regular expression

2024-11-12 16:23:06 - [MESSAGE][PASSED] - Text '2508 Mandan Terrace Gambrills Maryland 21054' is present on page  using regular expression

2024-11-12 16:23:06 - [TEST_STEP][PASSED] - verifyTextPresent("Email:", true): Text 'Email:' is present on page  using regular expression

2024-11-12 16:23:06 - [MESSAGE][PASSED] - Text 'Email:' is present on page  using regular expression

2024-11-12 16:23:06 - [TEST_STEP][PASSED] - verifyTextPresent("iahmed@govolution.com", true): Text 'iahmed@govolution.com' is present on page  using regular expression

2024-11-12 16:23:07 - [MESSAGE][PASSED] - Text 'iahmed@govolution.com' is present on page  using regular expression

2024-11-12 16:23:07 - [TEST_STEP][PASSED] - verifyTextPresent("Phone:", true): Text 'Phone:' is present on page  using regular expression

2024-11-12 16:23:07 - [MESSAGE][PASSED] - Text 'Phone:' is present on page  using regular expression

2024-11-12 16:23:07 - [TEST_STEP][PASSED] - verifyTextPresent("(703) 894-5000", false): Text '(703) 894-5000' is present on page 

2024-11-12 16:23:07 - [MESSAGE][PASSED] - Text '(703) 894-5000' is present on page 

2024-11-12 16:23:07 - [TEST_STEP][PASSED] - verifyTextPresent("Tax Information", true): Text 'Tax Information' is present on page  using regular expression

2024-11-12 16:23:08 - [MESSAGE][PASSED] - Text 'Tax Information' is present on page  using regular expression

2024-11-12 16:23:08 - [TEST_STEP][PASSED] - verifyTextNotPresent("Notice Number", true): Text 'Notice Number' is not present on page using regular expression

2024-11-12 16:23:08 - [MESSAGE][PASSED] - Text 'Notice Number' is not present on page using regular expression

2024-11-12 16:23:08 - [TEST_STEP][PASSED] - if (month.trim()): null

2024-11-12 16:23:08 - [TEST_STEP][PASSED] - else: Text 'Period Ending' is not present on page using regular expression

2024-11-12 16:23:08 - [TEST_STEP][PASSED] - verifyTextNotPresent("Period Ending", true): Text 'Period Ending' is not present on page using regular expression

2024-11-12 16:23:08 - [MESSAGE][PASSED] - Text 'Period Ending' is not present on page using regular expression

2024-11-12 16:23:08 - [TEST_STEP][PASSED] - if (feinSSN.equalsIgnoreCase("Y")): Text 'XXXXX6187' is present on page  using regular expression

2024-11-12 16:23:08 - [TEST_STEP][PASSED] - verifyTextPresent("FEIN/SSN:", true): Text 'FEIN/SSN:' is present on page  using regular expression

2024-11-12 16:23:09 - [MESSAGE][PASSED] - Text 'FEIN/SSN:' is present on page  using regular expression

2024-11-12 16:23:09 - [TEST_STEP][PASSED] - verifyTextNotPresent("Federal EIN:", true): Text 'Federal EIN:' is not present on page using regular expression

2024-11-12 16:23:09 - [MESSAGE][PASSED] - Text 'Federal EIN:' is not present on page using regular expression

2024-11-12 16:23:09 - [TEST_STEP][PASSED] - verifyTextPresent("XXXXX6187", true): Text 'XXXXX6187' is present on page  using regular expression

2024-11-12 16:23:09 - [MESSAGE][PASSED] - Text 'XXXXX6187' is present on page  using regular expression

2024-11-12 16:23:09 - [TEST_STEP][PASSED] - if (TaxType.equalsIgnoreCase("Estate Tax")): null

2024-11-12 16:23:09 - [TEST_STEP][PASSED] - if (CRN.equalsIgnoreCase("Y")): null

2024-11-12 16:23:09 - [TEST_STEP][PASSED] - else: Text 'MD Central Registration Number' is not present on page using regular expression

2024-11-12 16:23:09 - [TEST_STEP][PASSED] - verifyTextNotPresent("MD Central Registration Number", true): Text 'MD Central Registration Number' is not present on page using regular expression

2024-11-12 16:23:10 - [MESSAGE][PASSED] - Text 'MD Central Registration Number' is not present on page using regular expression

2024-11-12 16:23:10 - [TEST_STEP][PASSED] - if (MFLicNum.equalsIgnoreCase("Y")): null

2024-11-12 16:23:10 - [TEST_STEP][PASSED] - else: Text 'Motor Fuel License Number#:' is not present on page using regular expression

2024-11-12 16:23:10 - [TEST_STEP][PASSED] - verifyTextNotPresent("Motor Fuel License Number#:", true): Text 'Motor Fuel License Number#:' is not present on page using regular expression

2024-11-12 16:23:10 - [MESSAGE][PASSED] - Text 'Motor Fuel License Number#:' is not present on page using regular expression

2024-11-12 16:23:10 - [TEST_STEP][PASSED] - verifyTextPresent("Payment Amount:", true): Text 'Payment Amount:' is present on page  using regular expression

2024-11-12 16:23:10 - [MESSAGE][PASSED] - Text 'Payment Amount:' is present on page  using regular expression

2024-11-12 16:23:10 - [TEST_STEP][PASSED] - verifyTextPresent("100.00", true): Text '100.00' is present on page  using regular expression

2024-11-12 16:23:11 - [MESSAGE][PASSED] - Text '100.00' is present on page  using regular expression

2024-11-12 16:23:11 - [TEST_STEP][PASSED] - if (verifyElementVisible(findTestObject(orPath_Summary + "/button_Proceed to Payment"))): null

2024-11-12 16:23:11 - [MESSAGE][PASSED] - Object 'Object Repository/RAD_Pages/Summary_Page/button_Proceed to Payment' is visible

2024-11-12 16:23:11 - [TEST_STEP][PASSED] - resText = "Pass": null

2024-11-12 16:23:11 - [TEST_STEP][PASSED] - pages.WriteExcel.demoKey(resText, datText, resColumn, datCloumn, fileLoc, nameSheet, row): pages.WriteExcel.demoKey is PASSED

2024-11-12 16:23:11 - [MESSAGE][PASSED] - pages.WriteExcel.demoKey is PASSED

2024-11-12 16:23:11 - [TEST_STEP][PASSED] - click(findTestObject(orPath_Summary + "/button_Proceed to Payment")): Object: 'Object Repository/RAD_Pages/Summary_Page/button_Proceed to Payment' is clicked on

2024-11-12 16:23:13 - [MESSAGE][PASSED] - Object: 'Object Repository/RAD_Pages/Summary_Page/button_Proceed to Payment' is clicked on

2024-11-12 16:23:13 - [TEST_STEP][PASSED] - verifyElementPresent(findTestObject("Object Repository/RAD_Pages/PaymentEntry_Page/input__billingName"), 30): Object 'Object Repository/RAD_Pages/PaymentEntry_Page/input__billingName' is present

2024-11-12 16:23:14 - [MESSAGE][PASSED] - Object 'Object Repository/RAD_Pages/PaymentEntry_Page/input__billingName' is present

2024-11-12 16:23:14 - [TEST_STEP][PASSED] - ExecuteTC = findTestData(dataFile).getValue("Execute", row): null

2024-11-12 16:23:14 - [TEST_STEP][PASSED] - TaxType = findTestData(dataFile).getValue("TaxType", row): null

2024-11-12 16:23:14 - [TEST_STEP][PASSED] - PaymentType = findTestData(dataFile).getValue("PaymentType", row): null

2024-11-12 16:23:14 - [TEST_STEP][PASSED] - FilingYear = findTestData(dataFile).getValue("Year", row): null

2024-11-12 16:23:14 - [TEST_STEP][PASSED] - feinSSN = findTestData(dataFile).getValue("FeinSsn", row): null

2024-11-12 16:23:14 - [TEST_STEP][PASSED] - CRN = findTestData(dataFile).getValue("CRN", row): null

2024-11-12 16:23:14 - [TEST_STEP][PASSED] - month = findTestData(dataFile).getValue("Month", row): null

2024-11-12 16:23:14 - [TEST_STEP][PASSED] - MFLicNum = findTestData(dataFile).getValue("MFLicNum", row): null

2024-11-12 16:23:14 - [TEST_STEP][PASSED] - if (ExecuteTC.equalsIgnoreCase("Y")): Object 'Object Repository/RAD_Pages/PaymentEntry_Page/input__billingName' is present

2024-11-12 16:23:14 - [TEST_STEP][PASSED] - out.println("Begin Record Number: " + row): null

2024-11-12 16:23:14 - [TEST_STEP][PASSED] - today = new java.util.Date(): null

2024-11-12 16:23:14 - [TEST_STEP][PASSED] - println(today): null

2024-11-12 16:23:14 - [TEST_STEP][PASSED] - datText = today: null

2024-11-12 16:23:14 - [TEST_STEP][PASSED] - logInfo("Payment Type: New Tax Return Amount Due"): Payment Type: New Tax Return Amount Due

2024-11-12 16:23:14 - [MESSAGE][INFO] - Payment Type: New Tax Return Amount Due

2024-11-12 16:23:14 - [TEST_STEP][PASSED] - logInfo("Tax Type: " + TaxType): Tax Type: Admissions and Amusement Tax

2024-11-12 16:23:14 - [MESSAGE][INFO] - Tax Type: Admissions and Amusement Tax

2024-11-12 16:23:14 - [TEST_STEP][PASSED] - openBrowser(""): Browser is opened with url: ''

2024-11-12 16:23:14 - [MESSAGE][WARNING] - A browser is already opened. Closing browser and opening a new one

2024-11-12 16:23:16 - [MESSAGE][INFO] - Starting 'Chrome' driver

2024-11-12 16:23:16 - [MESSAGE][INFO] - User set preference: ['acceptInsecureCerts', 'true']

2024-11-12 16:23:16 - [MESSAGE][INFO] - Action delay is set to 0 milliseconds

2024-11-12 16:23:17 - [MESSAGE][PASSED] - Browser is opened with url: ''

2024-11-12 16:23:17 - [TEST_STEP][PASSED] - maximizeWindow(): Current window maximized

2024-11-12 16:23:17 - [MESSAGE][PASSED] - Current window maximized

2024-11-12 16:23:17 - [TEST_STEP][PASSED] - navigateToUrl(RADurl): Navigate to 'https://www.velocitypayment.com/client/rad/index.html' successfully

2024-11-12 16:23:17 - [MESSAGE][PASSED] - Navigate to 'https://www.velocitypayment.com/client/rad/index.html' successfully

2024-11-12 16:23:17 - [TEST_STEP][PASSED] - selectOptionByLabel(findTestObject(orPath_Landing + "/dd_TaxType"), "New Tax Return Amount Due", false): All options with label 'New Tax Return Amount Due' are selected in object 'Object Repository/RAD_Pages/Landing_Page/dd_TaxType' 

2024-11-12 16:23:19 - [MESSAGE][PASSED] - All options with label 'New Tax Return Amount Due' are selected in object 'Object Repository/RAD_Pages/Landing_Page/dd_TaxType' 

2024-11-12 16:23:19 - [TEST_STEP][PASSED] - selectOptionByLabel(findTestObject("Object Repository/RAD_Pages/Landing_Page/select_NewTaxReturnAmountDue_TaxType"), TaxType, false): All options with label 'Admissions and Amusement Tax' are selected in object 'Object Repository/RAD_Pages/Landing_Page/select_NewTaxReturnAmountDue_TaxType' 

2024-11-12 16:23:20 - [MESSAGE][PASSED] - All options with label 'Admissions and Amusement Tax' are selected in object 'Object Repository/RAD_Pages/Landing_Page/select_NewTaxReturnAmountDue_TaxType' 

2024-11-12 16:23:20 - [TEST_STEP][PASSED] - selectOptionByLabel(findTestObject(orPath_TaxTypeFilingYear + "/select_FilingYear"), FilingYear, false): All options with label '2024' are selected in object 'Object Repository/RAD_Pages/TaxTypeFilingYear_Page/select_FilingYear' 

2024-11-12 16:23:21 - [MESSAGE][PASSED] - All options with label '2024' are selected in object 'Object Repository/RAD_Pages/TaxTypeFilingYear_Page/select_FilingYear' 

2024-11-12 16:23:21 - [TEST_STEP][PASSED] - if (month.trim()): All options with label 'February' are selected in object 'Object Repository/RAD_Pages/TaxTypeFilingYear_Page/select_PeriodEnding' 

2024-11-12 16:23:21 - [TEST_STEP][PASSED] - selectOptionByLabel(findTestObject(orPath_TaxTypeFilingYear + "/select_PeriodEnding"), month, false): All options with label 'February' are selected in object 'Object Repository/RAD_Pages/TaxTypeFilingYear_Page/select_PeriodEnding' 

2024-11-12 16:23:22 - [MESSAGE][PASSED] - All options with label 'February' are selected in object 'Object Repository/RAD_Pages/TaxTypeFilingYear_Page/select_PeriodEnding' 

2024-11-12 16:23:22 - [TEST_STEP][PASSED] - rad.getSetDataRAD.setDataRADBusinessName(): rad.getSetDataRAD.setDataRADBusinessName is PASSED

2024-11-12 16:23:22 - [MESSAGE][PASSED] - Text 'My Company' is set on object 'Object Repository/RAD_Pages/Taxpayer_Page/input_businessName'

2024-11-12 16:23:22 - [MESSAGE][PASSED] - rad.getSetDataRAD.setDataRADBusinessName is PASSED

2024-11-12 16:23:22 - [TEST_STEP][PASSED] - rad.getSetDataRAD.setDataRADBusinessRep(): rad.getSetDataRAD.setDataRADBusinessRep is PASSED

2024-11-12 16:23:23 - [MESSAGE][PASSED] - Text 'BusRepFname' is set on object 'Object Repository/RAD_Pages/Taxpayer_Page/input_BusinessRepfirstName'

2024-11-12 16:23:24 - [MESSAGE][PASSED] - Text '' is set on object 'Object Repository/RAD_Pages/Taxpayer_Page/input_BusinessRepmiddleName'

2024-11-12 16:23:25 - [MESSAGE][PASSED] - Text 'BusRepLname' is set on object 'Object Repository/RAD_Pages/Taxpayer_Page/input_BusinessReplastName'

2024-11-12 16:23:26 - [MESSAGE][PASSED] - Text '' is set on object 'Object Repository/RAD_Pages/Taxpayer_Page/input_BusinessRepsuffix'

2024-11-12 16:23:26 - [MESSAGE][PASSED] - rad.getSetDataRAD.setDataRADBusinessRep is PASSED

2024-11-12 16:23:26 - [TEST_STEP][PASSED] - rad.getSetDataRAD.setDataRADAddress(): rad.getSetDataRAD.setDataRADAddress is PASSED

2024-11-12 16:23:26 - [MESSAGE][PASSED] - All options with label 'United States' are selected in object 'Object Repository/RAD_Pages/AddressAndContactInfo_Page/select_Country' 

2024-11-12 16:23:27 - [MESSAGE][PASSED] - Text '2508 Mandan Terrace' is set on object 'Object Repository/RAD_Pages/AddressAndContactInfo_Page/input_streetAddress1'

2024-11-12 16:23:28 - [MESSAGE][PASSED] - Text '' is set on object 'Object Repository/RAD_Pages/AddressAndContactInfo_Page/input_streetAddress2'

2024-11-12 16:23:29 - [MESSAGE][PASSED] - Text 'Gambrills' is set on object 'Object Repository/RAD_Pages/AddressAndContactInfo_Page/input_city'

2024-11-12 16:23:29 - [MESSAGE][PASSED] - All options with label 'Maryland' are selected in object 'Object Repository/RAD_Pages/AddressAndContactInfo_Page/select_State' 

2024-11-12 16:23:30 - [MESSAGE][PASSED] - Text '21054' is set on object 'Object Repository/RAD_Pages/AddressAndContactInfo_Page/input_zipCode'

2024-11-12 16:23:31 - [MESSAGE][PASSED] - Text '(703) 894-5000' is set on object 'Object Repository/RAD_Pages/AddressAndContactInfo_Page/input_phoneNumber'

2024-11-12 16:23:32 - [MESSAGE][PASSED] - Text 'iahmed@govolution.com' is set on object 'Object Repository/RAD_Pages/AddressAndContactInfo_Page/input_eMailAddress'

2024-11-12 16:23:32 - [MESSAGE][PASSED] - Text 'iahmed@govolution.com' is set on object 'Object Repository/RAD_Pages/AddressAndContactInfo_Page/input_reEnterEMailAddress'

2024-11-12 16:23:32 - [MESSAGE][PASSED] - rad.getSetDataRAD.setDataRADAddress is PASSED

2024-11-12 16:23:32 - [TEST_STEP][PASSED] - if (feinSSN.equalsIgnoreCase("Y")): null

2024-11-12 16:23:32 - [TEST_STEP][PASSED] - else: Text ****** has been set on object 'Object Repository/RAD_Pages/TaxInfo_Page/input_FederalEIN_ReEnter'

2024-11-12 16:23:32 - [TEST_STEP][PASSED] - if (!(TaxType.equalsIgnoreCase("Estate Tax"))): Text ****** has been set on object 'Object Repository/RAD_Pages/TaxInfo_Page/input_FederalEIN_ReEnter'

2024-11-12 16:23:32 - [TEST_STEP][PASSED] - setEncryptedText(findTestObject(orPath_TaxInfo + "/input_FederalEIN"), "yXB7JMCbD3QoFF75EQd3iw=="): Text ****** has been set on object 'Object Repository/RAD_Pages/TaxInfo_Page/input_FederalEIN'

2024-11-12 16:23:33 - [MESSAGE][PASSED] - Text ****** has been set on object 'Object Repository/RAD_Pages/TaxInfo_Page/input_FederalEIN'

2024-11-12 16:23:33 - [TEST_STEP][PASSED] - setEncryptedText(findTestObject(orPath_TaxInfo + "/input_FederalEIN_ReEnter"), "yXB7JMCbD3QoFF75EQd3iw=="): Text ****** has been set on object 'Object Repository/RAD_Pages/TaxInfo_Page/input_FederalEIN_ReEnter'

2024-11-12 16:23:34 - [MESSAGE][PASSED] - Text ****** has been set on object 'Object Repository/RAD_Pages/TaxInfo_Page/input_FederalEIN_ReEnter'

2024-11-12 16:23:34 - [TEST_STEP][PASSED] - if (CRN.equalsIgnoreCase("Y")): rad.getSetDataRAD.setDataRADMDCRN is PASSED

2024-11-12 16:23:34 - [TEST_STEP][PASSED] - rad.getSetDataRAD.setDataRADMDCRN(): rad.getSetDataRAD.setDataRADMDCRN is PASSED

2024-11-12 16:23:34 - [MESSAGE][PASSED] - Text '07640126' is set on object 'Object Repository/RAD_Pages/TaxInfo_Page/input_MDCRegistration'

2024-11-12 16:23:34 - [MESSAGE][PASSED] - rad.getSetDataRAD.setDataRADMDCRN is PASSED

2024-11-12 16:23:34 - [TEST_STEP][PASSED] - if (MFLicNum.equalsIgnoreCase("Y")): null

2024-11-12 16:23:34 - [TEST_STEP][PASSED] - if (TaxType.equalsIgnoreCase("Estate Tax")): null

2024-11-12 16:23:34 - [TEST_STEP][PASSED] - setText(findTestObject(orPath_Amount + "/input__paymentAmount"), "100.00"): Text '100.00' is set on object 'Object Repository/RAD_Pages/PaymentAmount_Page/input__paymentAmount'

2024-11-12 16:23:35 - [MESSAGE][PASSED] - Text '100.00' is set on object 'Object Repository/RAD_Pages/PaymentAmount_Page/input__paymentAmount'

2024-11-12 16:23:35 - [TEST_STEP][PASSED] - setText(findTestObject(orPath_AddressContact + "/input_streetAddress2"), ""): Text '' is set on object 'Object Repository/RAD_Pages/AddressAndContactInfo_Page/input_streetAddress2'

2024-11-12 16:23:36 - [MESSAGE][PASSED] - Text '' is set on object 'Object Repository/RAD_Pages/AddressAndContactInfo_Page/input_streetAddress2'

2024-11-12 16:23:36 - [TEST_STEP][PASSED] - scrollToElement(findTestObject(orPath_Landing + "/button_Continue"), 3): Scroll to object 'Object Repository/RAD_Pages/Landing_Page/button_Continue' successfully

2024-11-12 16:23:36 - [MESSAGE][PASSED] - Scroll to object 'Object Repository/RAD_Pages/Landing_Page/button_Continue' successfully

2024-11-12 16:23:36 - [TEST_STEP][PASSED] - waitForElementClickable(findTestObject(orPath_Landing + "/button_Continue"), 5): Object 'Object Repository/RAD_Pages/Landing_Page/button_Continue' is clickable

2024-11-12 16:23:37 - [MESSAGE][PASSED] - Object 'Object Repository/RAD_Pages/Landing_Page/button_Continue' is clickable

2024-11-12 16:23:37 - [TEST_STEP][PASSED] - click(findTestObject(orPath_Landing + "/button_Continue")): Object: 'Object Repository/RAD_Pages/Landing_Page/button_Continue' is clicked on

2024-11-12 16:23:37 - [MESSAGE][PASSED] - Object: 'Object Repository/RAD_Pages/Landing_Page/button_Continue' is clicked on

2024-11-12 16:23:37 - [TEST_STEP][PASSED] - delay(2): Delayed 2 second(s)

2024-11-12 16:23:39 - [MESSAGE][PASSED] - Delayed 2 second(s)

2024-11-12 16:23:39 - [TEST_STEP][PASSED] - verifyTextPresent("Summary", true): Text 'Summary' is present on page  using regular expression

2024-11-12 16:23:40 - [MESSAGE][PASSED] - Text 'Summary' is present on page  using regular expression

2024-11-12 16:23:40 - [TEST_STEP][PASSED] - verifyTextPresent("Review the information below and make any necessary corrections by clicking the", true): Text 'Review the information below and make any necessary corrections by clicking the' is present on page  using regular expression

2024-11-12 16:23:40 - [MESSAGE][PASSED] - Text 'Review the information below and make any necessary corrections by clicking the' is present on page  using regular expression

2024-11-12 16:23:40 - [TEST_STEP][PASSED] - verifyTextPresent("When you are confident that all the information is correct, click the", true): Text 'When you are confident that all the information is correct, click the' is present on page  using regular expression

2024-11-12 16:23:40 - [MESSAGE][PASSED] - Text 'When you are confident that all the information is correct, click the' is present on page  using regular expression

2024-11-12 16:23:40 - [TEST_STEP][PASSED] - verifyTextPresent("Payment Type/Filing Year", true): Text 'Payment Type/Filing Year' is present on page  using regular expression

2024-11-12 16:23:41 - [MESSAGE][PASSED] - Text 'Payment Type/Filing Year' is present on page  using regular expression

2024-11-12 16:23:41 - [TEST_STEP][PASSED] - verifyTextPresent("Payment Type:", true): Text 'Payment Type:' is present on page  using regular expression

2024-11-12 16:23:41 - [MESSAGE][PASSED] - Text 'Payment Type:' is present on page  using regular expression

2024-11-12 16:23:41 - [TEST_STEP][PASSED] - verifyTextPresent("New Tax Return Amount Due", true): Text 'New Tax Return Amount Due' is present on page  using regular expression

2024-11-12 16:23:41 - [MESSAGE][PASSED] - Text 'New Tax Return Amount Due' is present on page  using regular expression

2024-11-12 16:23:41 - [TEST_STEP][PASSED] - verifyTextPresent("Filing Year:", true): Text 'Filing Year:' is present on page  using regular expression

2024-11-12 16:23:42 - [MESSAGE][PASSED] - Text 'Filing Year:' is present on page  using regular expression

2024-11-12 16:23:42 - [TEST_STEP][PASSED] - verifyTextPresent(FilingYear, true): Text '2024' is present on page  using regular expression

2024-11-12 16:23:42 - [MESSAGE][PASSED] - Text '2024' is present on page  using regular expression

2024-11-12 16:23:42 - [TEST_STEP][PASSED] - verifyTextPresent("Payer Information", true): Text 'Payer Information' is present on page  using regular expression

2024-11-12 16:23:42 - [MESSAGE][PASSED] - Text 'Payer Information' is present on page  using regular expression

2024-11-12 16:23:42 - [TEST_STEP][PASSED] - verifyTextPresent("Taxpayer Name:", true): Text 'Taxpayer Name:' is present on page  using regular expression

2024-11-12 16:23:43 - [MESSAGE][PASSED] - Text 'Taxpayer Name:' is present on page  using regular expression

2024-11-12 16:23:43 - [TEST_STEP][PASSED] - verifyTextPresent("My Company", true): Text 'My Company' is present on page  using regular expression

2024-11-12 16:23:43 - [MESSAGE][PASSED] - Text 'My Company' is present on page  using regular expression

2024-11-12 16:23:43 - [TEST_STEP][PASSED] - verifyTextPresent("Business Rep Name:", true): Text 'Business Rep Name:' is present on page  using regular expression

2024-11-12 16:23:43 - [MESSAGE][PASSED] - Text 'Business Rep Name:' is present on page  using regular expression

2024-11-12 16:23:43 - [TEST_STEP][PASSED] - verifyTextPresent("BusRepFname BusRepLname", true): Text 'BusRepFname BusRepLname' is present on page  using regular expression

2024-11-12 16:23:44 - [MESSAGE][PASSED] - Text 'BusRepFname BusRepLname' is present on page  using regular expression

2024-11-12 16:23:44 - [TEST_STEP][PASSED] - verifyTextPresent("Taxpayer Address:", true): Text 'Taxpayer Address:' is present on page  using regular expression

2024-11-12 16:23:44 - [MESSAGE][PASSED] - Text 'Taxpayer Address:' is present on page  using regular expression

2024-11-12 16:23:44 - [TEST_STEP][PASSED] - verifyTextPresent("2508 Mandan Terrace Gambrills Maryland 21054", true): Text '2508 Mandan Terrace Gambrills Maryland 21054' is present on page  using regular expression

2024-11-12 16:23:44 - [MESSAGE][PASSED] - Text '2508 Mandan Terrace Gambrills Maryland 21054' is present on page  using regular expression

2024-11-12 16:23:44 - [TEST_STEP][PASSED] - verifyTextPresent("Email:", true): Text 'Email:' is present on page  using regular expression

2024-11-12 16:23:45 - [MESSAGE][PASSED] - Text 'Email:' is present on page  using regular expression

2024-11-12 16:23:45 - [TEST_STEP][PASSED] - verifyTextPresent("iahmed@govolution.com", true): Text 'iahmed@govolution.com' is present on page  using regular expression

2024-11-12 16:23:45 - [MESSAGE][PASSED] - Text 'iahmed@govolution.com' is present on page  using regular expression

2024-11-12 16:23:45 - [TEST_STEP][PASSED] - verifyTextPresent("Phone:", true): Text 'Phone:' is present on page  using regular expression

2024-11-12 16:23:45 - [MESSAGE][PASSED] - Text 'Phone:' is present on page  using regular expression

2024-11-12 16:23:45 - [TEST_STEP][PASSED] - verifyTextPresent("(703) 894-5000", false): Text '(703) 894-5000' is present on page 

2024-11-12 16:23:46 - [MESSAGE][PASSED] - Text '(703) 894-5000' is present on page 

2024-11-12 16:23:46 - [TEST_STEP][PASSED] - verifyTextPresent("Tax Information", true): Text 'Tax Information' is present on page  using regular expression

2024-11-12 16:23:46 - [MESSAGE][PASSED] - Text 'Tax Information' is present on page  using regular expression

2024-11-12 16:23:46 - [TEST_STEP][PASSED] - verifyTextNotPresent("Notice Number", true): Text 'Notice Number' is not present on page using regular expression

2024-11-12 16:23:46 - [MESSAGE][PASSED] - Text 'Notice Number' is not present on page using regular expression

2024-11-12 16:23:46 - [TEST_STEP][PASSED] - if (month.trim()): Text 'February' is present on page  using regular expression

2024-11-12 16:23:46 - [TEST_STEP][PASSED] - verifyTextPresent("Period Ending", true): Text 'Period Ending' is present on page  using regular expression

2024-11-12 16:23:47 - [MESSAGE][PASSED] - Text 'Period Ending' is present on page  using regular expression

2024-11-12 16:23:47 - [TEST_STEP][PASSED] - verifyTextPresent(month, true): Text 'February' is present on page  using regular expression

2024-11-12 16:23:47 - [MESSAGE][PASSED] - Text 'February' is present on page  using regular expression

2024-11-12 16:23:47 - [TEST_STEP][PASSED] - if (feinSSN.equalsIgnoreCase("Y")): null

2024-11-12 16:23:47 - [TEST_STEP][PASSED] - else: Text 'XXXXXXX87' is present on page  using regular expression

2024-11-12 16:23:47 - [TEST_STEP][PASSED] - if (!(TaxType.equalsIgnoreCase("Estate Tax"))): Text 'XXXXXXX87' is present on page  using regular expression

2024-11-12 16:23:47 - [TEST_STEP][PASSED] - verifyTextPresent("Federal EIN:", true): Text 'Federal EIN:' is present on page  using regular expression

2024-11-12 16:23:47 - [MESSAGE][PASSED] - Text 'Federal EIN:' is present on page  using regular expression

2024-11-12 16:23:47 - [TEST_STEP][PASSED] - verifyTextNotPresent("FEIN/SSN:", true): Text 'FEIN/SSN:' is not present on page using regular expression

2024-11-12 16:23:48 - [MESSAGE][PASSED] - Text 'FEIN/SSN:' is not present on page using regular expression

2024-11-12 16:23:48 - [TEST_STEP][PASSED] - verifyTextPresent("XXXXXXX87", true): Text 'XXXXXXX87' is present on page  using regular expression

2024-11-12 16:23:48 - [MESSAGE][PASSED] - Text 'XXXXXXX87' is present on page  using regular expression

2024-11-12 16:23:48 - [TEST_STEP][PASSED] - if (TaxType.equalsIgnoreCase("Estate Tax")): null

2024-11-12 16:23:48 - [TEST_STEP][PASSED] - if (CRN.equalsIgnoreCase("Y")): Text '07640126' is present on page  using regular expression

2024-11-12 16:23:48 - [TEST_STEP][PASSED] - verifyTextPresent("MD Central Registration Number#:", true): Text 'MD Central Registration Number#:' is present on page  using regular expression

2024-11-12 16:23:48 - [MESSAGE][PASSED] - Text 'MD Central Registration Number#:' is present on page  using regular expression

2024-11-12 16:23:48 - [TEST_STEP][PASSED] - verifyTextPresent("07640126", true): Text '07640126' is present on page  using regular expression

2024-11-12 16:23:49 - [MESSAGE][PASSED] - Text '07640126' is present on page  using regular expression

2024-11-12 16:23:49 - [TEST_STEP][PASSED] - if (MFLicNum.equalsIgnoreCase("Y")): null

2024-11-12 16:23:49 - [TEST_STEP][PASSED] - else: Text 'Motor Fuel License Number#:' is not present on page using regular expression

2024-11-12 16:23:49 - [TEST_STEP][PASSED] - verifyTextNotPresent("Motor Fuel License Number#:", true): Text 'Motor Fuel License Number#:' is not present on page using regular expression

2024-11-12 16:23:49 - [MESSAGE][PASSED] - Text 'Motor Fuel License Number#:' is not present on page using regular expression

2024-11-12 16:23:49 - [TEST_STEP][PASSED] - verifyTextPresent("Payment Amount:", true): Text 'Payment Amount:' is present on page  using regular expression

2024-11-12 16:23:49 - [MESSAGE][PASSED] - Text 'Payment Amount:' is present on page  using regular expression

2024-11-12 16:23:49 - [TEST_STEP][PASSED] - verifyTextPresent("100.00", true): Text '100.00' is present on page  using regular expression

2024-11-12 16:23:50 - [MESSAGE][PASSED] - Text '100.00' is present on page  using regular expression

2024-11-12 16:23:50 - [TEST_STEP][PASSED] - if (verifyElementVisible(findTestObject(orPath_Summary + "/button_Proceed to Payment"))): null

2024-11-12 16:23:50 - [MESSAGE][PASSED] - Object 'Object Repository/RAD_Pages/Summary_Page/button_Proceed to Payment' is visible

2024-11-12 16:23:50 - [TEST_STEP][PASSED] - resText = "Pass": null

2024-11-12 16:23:50 - [TEST_STEP][PASSED] - pages.WriteExcel.demoKey(resText, datText, resColumn, datCloumn, fileLoc, nameSheet, row): pages.WriteExcel.demoKey is PASSED

2024-11-12 16:23:50 - [MESSAGE][PASSED] - pages.WriteExcel.demoKey is PASSED

2024-11-12 16:23:50 - [TEST_STEP][PASSED] - click(findTestObject(orPath_Summary + "/button_Proceed to Payment")): Object: 'Object Repository/RAD_Pages/Summary_Page/button_Proceed to Payment' is clicked on

2024-11-12 16:23:52 - [MESSAGE][PASSED] - Object: 'Object Repository/RAD_Pages/Summary_Page/button_Proceed to Payment' is clicked on

2024-11-12 16:23:52 - [TEST_STEP][PASSED] - verifyElementPresent(findTestObject("Object Repository/RAD_Pages/PaymentEntry_Page/input__billingName"), 30): Object 'Object Repository/RAD_Pages/PaymentEntry_Page/input__billingName' is present

2024-11-12 16:23:53 - [MESSAGE][PASSED] - Object 'Object Repository/RAD_Pages/PaymentEntry_Page/input__billingName' is present

2024-11-12 16:23:53 - [TEST_STEP][PASSED] - ExecuteTC = findTestData(dataFile).getValue("Execute", row): null

2024-11-12 16:23:53 - [TEST_STEP][PASSED] - TaxType = findTestData(dataFile).getValue("TaxType", row): null

2024-11-12 16:23:53 - [TEST_STEP][PASSED] - PaymentType = findTestData(dataFile).getValue("PaymentType", row): null

2024-11-12 16:23:53 - [TEST_STEP][PASSED] - FilingYear = findTestData(dataFile).getValue("Year", row): null

2024-11-12 16:23:53 - [TEST_STEP][PASSED] - feinSSN = findTestData(dataFile).getValue("FeinSsn", row): null

2024-11-12 16:23:53 - [TEST_STEP][PASSED] - CRN = findTestData(dataFile).getValue("CRN", row): null

2024-11-12 16:23:53 - [TEST_STEP][PASSED] - month = findTestData(dataFile).getValue("Month", row): null

2024-11-12 16:23:53 - [TEST_STEP][PASSED] - MFLicNum = findTestData(dataFile).getValue("MFLicNum", row): null

2024-11-12 16:23:53 - [TEST_STEP][PASSED] - if (ExecuteTC.equalsIgnoreCase("Y")): Object 'Object Repository/RAD_Pages/PaymentEntry_Page/input__billingName' is present

2024-11-12 16:23:53 - [TEST_STEP][PASSED] - out.println("Begin Record Number: " + row): null

2024-11-12 16:23:53 - [TEST_STEP][PASSED] - today = new java.util.Date(): null

2024-11-12 16:23:53 - [TEST_STEP][PASSED] - println(today): null

2024-11-12 16:23:53 - [TEST_STEP][PASSED] - datText = today: null

2024-11-12 16:23:53 - [TEST_STEP][PASSED] - logInfo("Payment Type: New Tax Return Amount Due"): Payment Type: New Tax Return Amount Due

2024-11-12 16:23:53 - [MESSAGE][INFO] - Payment Type: New Tax Return Amount Due

2024-11-12 16:23:53 - [TEST_STEP][PASSED] - logInfo("Tax Type: " + TaxType): Tax Type: Alcohol Tax

2024-11-12 16:23:53 - [MESSAGE][INFO] - Tax Type: Alcohol Tax

2024-11-12 16:23:53 - [TEST_STEP][PASSED] - openBrowser(""): Browser is opened with url: ''

2024-11-12 16:23:53 - [MESSAGE][WARNING] - A browser is already opened. Closing browser and opening a new one

2024-11-12 16:23:55 - [MESSAGE][INFO] - Starting 'Chrome' driver

2024-11-12 16:23:55 - [MESSAGE][INFO] - User set preference: ['acceptInsecureCerts', 'true']

2024-11-12 16:23:55 - [MESSAGE][INFO] - Action delay is set to 0 milliseconds

2024-11-12 16:23:56 - [MESSAGE][PASSED] - Browser is opened with url: ''

2024-11-12 16:23:56 - [TEST_STEP][PASSED] - maximizeWindow(): Current window maximized

2024-11-12 16:23:57 - [MESSAGE][PASSED] - Current window maximized

2024-11-12 16:23:57 - [TEST_STEP][PASSED] - navigateToUrl(RADurl): Navigate to 'https://www.velocitypayment.com/client/rad/index.html' successfully

2024-11-12 16:23:58 - [MESSAGE][PASSED] - Navigate to 'https://www.velocitypayment.com/client/rad/index.html' successfully

2024-11-12 16:23:58 - [TEST_STEP][PASSED] - selectOptionByLabel(findTestObject(orPath_Landing + "/dd_TaxType"), "New Tax Return Amount Due", false): All options with label 'New Tax Return Amount Due' are selected in object 'Object Repository/RAD_Pages/Landing_Page/dd_TaxType' 

2024-11-12 16:23:59 - [MESSAGE][PASSED] - All options with label 'New Tax Return Amount Due' are selected in object 'Object Repository/RAD_Pages/Landing_Page/dd_TaxType' 

2024-11-12 16:23:59 - [TEST_STEP][PASSED] - selectOptionByLabel(findTestObject("Object Repository/RAD_Pages/Landing_Page/select_NewTaxReturnAmountDue_TaxType"), TaxType, false): All options with label 'Alcohol Tax' are selected in object 'Object Repository/RAD_Pages/Landing_Page/select_NewTaxReturnAmountDue_TaxType' 

2024-11-12 16:24:00 - [MESSAGE][PASSED] - All options with label 'Alcohol Tax' are selected in object 'Object Repository/RAD_Pages/Landing_Page/select_NewTaxReturnAmountDue_TaxType' 

2024-11-12 16:24:00 - [TEST_STEP][PASSED] - selectOptionByLabel(findTestObject(orPath_TaxTypeFilingYear + "/select_FilingYear"), FilingYear, false): All options with label '2024' are selected in object 'Object Repository/RAD_Pages/TaxTypeFilingYear_Page/select_FilingYear' 

2024-11-12 16:24:00 - [MESSAGE][PASSED] - All options with label '2024' are selected in object 'Object Repository/RAD_Pages/TaxTypeFilingYear_Page/select_FilingYear' 

2024-11-12 16:24:00 - [TEST_STEP][PASSED] - if (month.trim()): All options with label 'January' are selected in object 'Object Repository/RAD_Pages/TaxTypeFilingYear_Page/select_PeriodEnding' 

2024-11-12 16:24:00 - [TEST_STEP][PASSED] - selectOptionByLabel(findTestObject(orPath_TaxTypeFilingYear + "/select_PeriodEnding"), month, false): All options with label 'January' are selected in object 'Object Repository/RAD_Pages/TaxTypeFilingYear_Page/select_PeriodEnding' 

2024-11-12 16:24:01 - [MESSAGE][PASSED] - All options with label 'January' are selected in object 'Object Repository/RAD_Pages/TaxTypeFilingYear_Page/select_PeriodEnding' 

2024-11-12 16:24:01 - [TEST_STEP][PASSED] - rad.getSetDataRAD.setDataRADBusinessName(): rad.getSetDataRAD.setDataRADBusinessName is PASSED

2024-11-12 16:24:02 - [MESSAGE][PASSED] - Text 'My Company' is set on object 'Object Repository/RAD_Pages/Taxpayer_Page/input_businessName'

2024-11-12 16:24:02 - [MESSAGE][PASSED] - rad.getSetDataRAD.setDataRADBusinessName is PASSED

2024-11-12 16:24:02 - [TEST_STEP][PASSED] - rad.getSetDataRAD.setDataRADBusinessRep(): rad.getSetDataRAD.setDataRADBusinessRep is PASSED

2024-11-12 16:24:03 - [MESSAGE][PASSED] - Text 'BusRepFname' is set on object 'Object Repository/RAD_Pages/Taxpayer_Page/input_BusinessRepfirstName'

2024-11-12 16:24:03 - [MESSAGE][PASSED] - Text '' is set on object 'Object Repository/RAD_Pages/Taxpayer_Page/input_BusinessRepmiddleName'

2024-11-12 16:24:04 - [MESSAGE][PASSED] - Text 'BusRepLname' is set on object 'Object Repository/RAD_Pages/Taxpayer_Page/input_BusinessReplastName'

2024-11-12 16:24:05 - [MESSAGE][PASSED] - Text '' is set on object 'Object Repository/RAD_Pages/Taxpayer_Page/input_BusinessRepsuffix'

2024-11-12 16:24:05 - [MESSAGE][PASSED] - rad.getSetDataRAD.setDataRADBusinessRep is PASSED

2024-11-12 16:24:05 - [TEST_STEP][PASSED] - rad.getSetDataRAD.setDataRADAddress(): rad.getSetDataRAD.setDataRADAddress is PASSED

2024-11-12 16:24:05 - [MESSAGE][PASSED] - All options with label 'United States' are selected in object 'Object Repository/RAD_Pages/AddressAndContactInfo_Page/select_Country' 

2024-11-12 16:24:06 - [MESSAGE][PASSED] - Text '2508 Mandan Terrace' is set on object 'Object Repository/RAD_Pages/AddressAndContactInfo_Page/input_streetAddress1'

2024-11-12 16:24:07 - [MESSAGE][PASSED] - Text '' is set on object 'Object Repository/RAD_Pages/AddressAndContactInfo_Page/input_streetAddress2'

2024-11-12 16:24:08 - [MESSAGE][PASSED] - Text 'Gambrills' is set on object 'Object Repository/RAD_Pages/AddressAndContactInfo_Page/input_city'

2024-11-12 16:24:08 - [MESSAGE][PASSED] - All options with label 'Maryland' are selected in object 'Object Repository/RAD_Pages/AddressAndContactInfo_Page/select_State' 

2024-11-12 16:24:09 - [MESSAGE][PASSED] - Text '21054' is set on object 'Object Repository/RAD_Pages/AddressAndContactInfo_Page/input_zipCode'

2024-11-12 16:24:10 - [MESSAGE][PASSED] - Text '(703) 894-5000' is set on object 'Object Repository/RAD_Pages/AddressAndContactInfo_Page/input_phoneNumber'

2024-11-12 16:24:11 - [MESSAGE][PASSED] - Text 'iahmed@govolution.com' is set on object 'Object Repository/RAD_Pages/AddressAndContactInfo_Page/input_eMailAddress'

2024-11-12 16:24:12 - [MESSAGE][PASSED] - Text 'iahmed@govolution.com' is set on object 'Object Repository/RAD_Pages/AddressAndContactInfo_Page/input_reEnterEMailAddress'

2024-11-12 16:24:12 - [MESSAGE][PASSED] - rad.getSetDataRAD.setDataRADAddress is PASSED

2024-11-12 16:24:12 - [TEST_STEP][PASSED] - if (feinSSN.equalsIgnoreCase("Y")): null

2024-11-12 16:24:12 - [TEST_STEP][PASSED] - else: Text ****** has been set on object 'Object Repository/RAD_Pages/TaxInfo_Page/input_FederalEIN_ReEnter'

2024-11-12 16:24:12 - [TEST_STEP][PASSED] - if (!(TaxType.equalsIgnoreCase("Estate Tax"))): Text ****** has been set on object 'Object Repository/RAD_Pages/TaxInfo_Page/input_FederalEIN_ReEnter'

2024-11-12 16:24:12 - [TEST_STEP][PASSED] - setEncryptedText(findTestObject(orPath_TaxInfo + "/input_FederalEIN"), "yXB7JMCbD3QoFF75EQd3iw=="): Text ****** has been set on object 'Object Repository/RAD_Pages/TaxInfo_Page/input_FederalEIN'

2024-11-12 16:24:12 - [MESSAGE][PASSED] - Text ****** has been set on object 'Object Repository/RAD_Pages/TaxInfo_Page/input_FederalEIN'

2024-11-12 16:24:12 - [TEST_STEP][PASSED] - setEncryptedText(findTestObject(orPath_TaxInfo + "/input_FederalEIN_ReEnter"), "yXB7JMCbD3QoFF75EQd3iw=="): Text ****** has been set on object 'Object Repository/RAD_Pages/TaxInfo_Page/input_FederalEIN_ReEnter'

2024-11-12 16:24:13 - [MESSAGE][PASSED] - Text ****** has been set on object 'Object Repository/RAD_Pages/TaxInfo_Page/input_FederalEIN_ReEnter'

2024-11-12 16:24:13 - [TEST_STEP][PASSED] - if (CRN.equalsIgnoreCase("Y")): rad.getSetDataRAD.setDataRADMDCRN is PASSED

2024-11-12 16:24:13 - [TEST_STEP][PASSED] - rad.getSetDataRAD.setDataRADMDCRN(): rad.getSetDataRAD.setDataRADMDCRN is PASSED

2024-11-12 16:24:14 - [MESSAGE][PASSED] - Text '07640126' is set on object 'Object Repository/RAD_Pages/TaxInfo_Page/input_MDCRegistration'

2024-11-12 16:24:14 - [MESSAGE][PASSED] - rad.getSetDataRAD.setDataRADMDCRN is PASSED

2024-11-12 16:24:14 - [TEST_STEP][PASSED] - if (MFLicNum.equalsIgnoreCase("Y")): null

2024-11-12 16:24:14 - [TEST_STEP][PASSED] - if (TaxType.equalsIgnoreCase("Estate Tax")): null

2024-11-12 16:24:14 - [TEST_STEP][PASSED] - setText(findTestObject(orPath_Amount + "/input__paymentAmount"), "100.00"): Text '100.00' is set on object 'Object Repository/RAD_Pages/PaymentAmount_Page/input__paymentAmount'

2024-11-12 16:24:14 - [MESSAGE][PASSED] - Text '100.00' is set on object 'Object Repository/RAD_Pages/PaymentAmount_Page/input__paymentAmount'

2024-11-12 16:24:14 - [TEST_STEP][PASSED] - setText(findTestObject(orPath_AddressContact + "/input_streetAddress2"), ""): Text '' is set on object 'Object Repository/RAD_Pages/AddressAndContactInfo_Page/input_streetAddress2'

2024-11-12 16:24:15 - [MESSAGE][PASSED] - Text '' is set on object 'Object Repository/RAD_Pages/AddressAndContactInfo_Page/input_streetAddress2'

2024-11-12 16:24:15 - [TEST_STEP][PASSED] - scrollToElement(findTestObject(orPath_Landing + "/button_Continue"), 3): Scroll to object 'Object Repository/RAD_Pages/Landing_Page/button_Continue' successfully

2024-11-12 16:24:15 - [MESSAGE][PASSED] - Scroll to object 'Object Repository/RAD_Pages/Landing_Page/button_Continue' successfully

2024-11-12 16:24:15 - [TEST_STEP][PASSED] - waitForElementClickable(findTestObject(orPath_Landing + "/button_Continue"), 5): Object 'Object Repository/RAD_Pages/Landing_Page/button_Continue' is clickable

2024-11-12 16:24:16 - [MESSAGE][PASSED] - Object 'Object Repository/RAD_Pages/Landing_Page/button_Continue' is clickable

2024-11-12 16:24:16 - [TEST_STEP][PASSED] - click(findTestObject(orPath_Landing + "/button_Continue")): Object: 'Object Repository/RAD_Pages/Landing_Page/button_Continue' is clicked on

2024-11-12 16:24:16 - [MESSAGE][PASSED] - Object: 'Object Repository/RAD_Pages/Landing_Page/button_Continue' is clicked on

2024-11-12 16:24:16 - [TEST_STEP][PASSED] - delay(2): Delayed 2 second(s)

2024-11-12 16:24:18 - [MESSAGE][PASSED] - Delayed 2 second(s)

2024-11-12 16:24:18 - [TEST_STEP][PASSED] - verifyTextPresent("Summary", true): Text 'Summary' is present on page  using regular expression

2024-11-12 16:24:19 - [MESSAGE][PASSED] - Text 'Summary' is present on page  using regular expression

2024-11-12 16:24:19 - [TEST_STEP][PASSED] - verifyTextPresent("Review the information below and make any necessary corrections by clicking the", true): Text 'Review the information below and make any necessary corrections by clicking the' is present on page  using regular expression

2024-11-12 16:24:19 - [MESSAGE][PASSED] - Text 'Review the information below and make any necessary corrections by clicking the' is present on page  using regular expression

2024-11-12 16:24:19 - [TEST_STEP][PASSED] - verifyTextPresent("When you are confident that all the information is correct, click the", true): Text 'When you are confident that all the information is correct, click the' is present on page  using regular expression

2024-11-12 16:24:19 - [MESSAGE][PASSED] - Text 'When you are confident that all the information is correct, click the' is present on page  using regular expression

2024-11-12 16:24:19 - [TEST_STEP][PASSED] - verifyTextPresent("Payment Type/Filing Year", true): Text 'Payment Type/Filing Year' is present on page  using regular expression

2024-11-12 16:24:20 - [MESSAGE][PASSED] - Text 'Payment Type/Filing Year' is present on page  using regular expression

2024-11-12 16:24:20 - [TEST_STEP][PASSED] - verifyTextPresent("Payment Type:", true): Text 'Payment Type:' is present on page  using regular expression

2024-11-12 16:24:20 - [MESSAGE][PASSED] - Text 'Payment Type:' is present on page  using regular expression

2024-11-12 16:24:20 - [TEST_STEP][PASSED] - verifyTextPresent("New Tax Return Amount Due", true): Text 'New Tax Return Amount Due' is present on page  using regular expression

2024-11-12 16:24:20 - [MESSAGE][PASSED] - Text 'New Tax Return Amount Due' is present on page  using regular expression

2024-11-12 16:24:20 - [TEST_STEP][PASSED] - verifyTextPresent("Filing Year:", true): Text 'Filing Year:' is present on page  using regular expression

2024-11-12 16:24:21 - [MESSAGE][PASSED] - Text 'Filing Year:' is present on page  using regular expression

2024-11-12 16:24:21 - [TEST_STEP][PASSED] - verifyTextPresent(FilingYear, true): Text '2024' is present on page  using regular expression

2024-11-12 16:24:21 - [MESSAGE][PASSED] - Text '2024' is present on page  using regular expression

2024-11-12 16:24:21 - [TEST_STEP][PASSED] - verifyTextPresent("Payer Information", true): Text 'Payer Information' is present on page  using regular expression

2024-11-12 16:24:21 - [MESSAGE][PASSED] - Text 'Payer Information' is present on page  using regular expression

2024-11-12 16:24:21 - [TEST_STEP][PASSED] - verifyTextPresent("Taxpayer Name:", true): Text 'Taxpayer Name:' is present on page  using regular expression

2024-11-12 16:24:22 - [MESSAGE][PASSED] - Text 'Taxpayer Name:' is present on page  using regular expression

2024-11-12 16:24:22 - [TEST_STEP][PASSED] - verifyTextPresent("My Company", true): Text 'My Company' is present on page  using regular expression

2024-11-12 16:24:22 - [MESSAGE][PASSED] - Text 'My Company' is present on page  using regular expression

2024-11-12 16:24:22 - [TEST_STEP][PASSED] - verifyTextPresent("Business Rep Name:", true): Text 'Business Rep Name:' is present on page  using regular expression

2024-11-12 16:24:22 - [MESSAGE][PASSED] - Text 'Business Rep Name:' is present on page  using regular expression

2024-11-12 16:24:22 - [TEST_STEP][PASSED] - verifyTextPresent("BusRepFname BusRepLname", true): Text 'BusRepFname BusRepLname' is present on page  using regular expression

2024-11-12 16:24:23 - [MESSAGE][PASSED] - Text 'BusRepFname BusRepLname' is present on page  using regular expression

2024-11-12 16:24:23 - [TEST_STEP][PASSED] - verifyTextPresent("Taxpayer Address:", true): Text 'Taxpayer Address:' is present on page  using regular expression

2024-11-12 16:24:23 - [MESSAGE][PASSED] - Text 'Taxpayer Address:' is present on page  using regular expression

2024-11-12 16:24:23 - [TEST_STEP][PASSED] - verifyTextPresent("2508 Mandan Terrace Gambrills Maryland 21054", true): Text '2508 Mandan Terrace Gambrills Maryland 21054' is present on page  using regular expression

2024-11-12 16:24:23 - [MESSAGE][PASSED] - Text '2508 Mandan Terrace Gambrills Maryland 21054' is present on page  using regular expression

2024-11-12 16:24:23 - [TEST_STEP][PASSED] - verifyTextPresent("Email:", true): Text 'Email:' is present on page  using regular expression

2024-11-12 16:24:24 - [MESSAGE][PASSED] - Text 'Email:' is present on page  using regular expression

2024-11-12 16:24:24 - [TEST_STEP][PASSED] - verifyTextPresent("iahmed@govolution.com", true): Text 'iahmed@govolution.com' is present on page  using regular expression

2024-11-12 16:24:24 - [MESSAGE][PASSED] - Text 'iahmed@govolution.com' is present on page  using regular expression

2024-11-12 16:24:24 - [TEST_STEP][PASSED] - verifyTextPresent("Phone:", true): Text 'Phone:' is present on page  using regular expression

2024-11-12 16:24:24 - [MESSAGE][PASSED] - Text 'Phone:' is present on page  using regular expression

2024-11-12 16:24:24 - [TEST_STEP][PASSED] - verifyTextPresent("(703) 894-5000", false): Text '(703) 894-5000' is present on page 

2024-11-12 16:24:25 - [MESSAGE][PASSED] - Text '(703) 894-5000' is present on page 

2024-11-12 16:24:25 - [TEST_STEP][PASSED] - verifyTextPresent("Tax Information", true): Text 'Tax Information' is present on page  using regular expression

2024-11-12 16:24:25 - [MESSAGE][PASSED] - Text 'Tax Information' is present on page  using regular expression

2024-11-12 16:24:25 - [TEST_STEP][PASSED] - verifyTextNotPresent("Notice Number", true): Text 'Notice Number' is not present on page using regular expression

2024-11-12 16:24:25 - [MESSAGE][PASSED] - Text 'Notice Number' is not present on page using regular expression

2024-11-12 16:24:25 - [TEST_STEP][PASSED] - if (month.trim()): Text 'January' is present on page  using regular expression

2024-11-12 16:24:25 - [TEST_STEP][PASSED] - verifyTextPresent("Period Ending", true): Text 'Period Ending' is present on page  using regular expression

2024-11-12 16:24:26 - [MESSAGE][PASSED] - Text 'Period Ending' is present on page  using regular expression

2024-11-12 16:24:26 - [TEST_STEP][PASSED] - verifyTextPresent(month, true): Text 'January' is present on page  using regular expression

2024-11-12 16:24:26 - [MESSAGE][PASSED] - Text 'January' is present on page  using regular expression

2024-11-12 16:24:26 - [TEST_STEP][PASSED] - if (feinSSN.equalsIgnoreCase("Y")): null

2024-11-12 16:24:26 - [TEST_STEP][PASSED] - else: Text 'XXXXXXX87' is present on page  using regular expression

2024-11-12 16:24:26 - [TEST_STEP][PASSED] - if (!(TaxType.equalsIgnoreCase("Estate Tax"))): Text 'XXXXXXX87' is present on page  using regular expression

2024-11-12 16:24:26 - [TEST_STEP][PASSED] - verifyTextPresent("Federal EIN:", true): Text 'Federal EIN:' is present on page  using regular expression

2024-11-12 16:24:26 - [MESSAGE][PASSED] - Text 'Federal EIN:' is present on page  using regular expression

2024-11-12 16:24:26 - [TEST_STEP][PASSED] - verifyTextNotPresent("FEIN/SSN:", true): Text 'FEIN/SSN:' is not present on page using regular expression

2024-11-12 16:24:27 - [MESSAGE][PASSED] - Text 'FEIN/SSN:' is not present on page using regular expression

2024-11-12 16:24:27 - [TEST_STEP][PASSED] - verifyTextPresent("XXXXXXX87", true): Text 'XXXXXXX87' is present on page  using regular expression

2024-11-12 16:24:27 - [MESSAGE][PASSED] - Text 'XXXXXXX87' is present on page  using regular expression

2024-11-12 16:24:27 - [TEST_STEP][PASSED] - if (TaxType.equalsIgnoreCase("Estate Tax")): null

2024-11-12 16:24:27 - [TEST_STEP][PASSED] - if (CRN.equalsIgnoreCase("Y")): Text '07640126' is present on page  using regular expression

2024-11-12 16:24:27 - [TEST_STEP][PASSED] - verifyTextPresent("MD Central Registration Number#:", true): Text 'MD Central Registration Number#:' is present on page  using regular expression

2024-11-12 16:24:27 - [MESSAGE][PASSED] - Text 'MD Central Registration Number#:' is present on page  using regular expression

2024-11-12 16:24:27 - [TEST_STEP][PASSED] - verifyTextPresent("07640126", true): Text '07640126' is present on page  using regular expression

2024-11-12 16:24:28 - [MESSAGE][PASSED] - Text '07640126' is present on page  using regular expression

2024-11-12 16:24:28 - [TEST_STEP][PASSED] - if (MFLicNum.equalsIgnoreCase("Y")): null

2024-11-12 16:24:28 - [TEST_STEP][PASSED] - else: Text 'Motor Fuel License Number#:' is not present on page using regular expression

2024-11-12 16:24:28 - [TEST_STEP][PASSED] - verifyTextNotPresent("Motor Fuel License Number#:", true): Text 'Motor Fuel License Number#:' is not present on page using regular expression

2024-11-12 16:24:28 - [MESSAGE][PASSED] - Text 'Motor Fuel License Number#:' is not present on page using regular expression

2024-11-12 16:24:28 - [TEST_STEP][PASSED] - verifyTextPresent("Payment Amount:", true): Text 'Payment Amount:' is present on page  using regular expression

2024-11-12 16:24:28 - [MESSAGE][PASSED] - Text 'Payment Amount:' is present on page  using regular expression

2024-11-12 16:24:28 - [TEST_STEP][PASSED] - verifyTextPresent("100.00", true): Text '100.00' is present on page  using regular expression

2024-11-12 16:24:29 - [MESSAGE][PASSED] - Text '100.00' is present on page  using regular expression

2024-11-12 16:24:29 - [TEST_STEP][PASSED] - if (verifyElementVisible(findTestObject(orPath_Summary + "/button_Proceed to Payment"))): null

2024-11-12 16:24:29 - [MESSAGE][PASSED] - Object 'Object Repository/RAD_Pages/Summary_Page/button_Proceed to Payment' is visible

2024-11-12 16:24:29 - [TEST_STEP][PASSED] - resText = "Pass": null

2024-11-12 16:24:29 - [TEST_STEP][PASSED] - pages.WriteExcel.demoKey(resText, datText, resColumn, datCloumn, fileLoc, nameSheet, row): pages.WriteExcel.demoKey is PASSED

2024-11-12 16:24:29 - [MESSAGE][PASSED] - pages.WriteExcel.demoKey is PASSED

2024-11-12 16:24:29 - [TEST_STEP][PASSED] - click(findTestObject(orPath_Summary + "/button_Proceed to Payment")): Object: 'Object Repository/RAD_Pages/Summary_Page/button_Proceed to Payment' is clicked on

2024-11-12 16:24:32 - [MESSAGE][PASSED] - Object: 'Object Repository/RAD_Pages/Summary_Page/button_Proceed to Payment' is clicked on

2024-11-12 16:24:32 - [TEST_STEP][PASSED] - verifyElementPresent(findTestObject("Object Repository/RAD_Pages/PaymentEntry_Page/input__billingName"), 30): Object 'Object Repository/RAD_Pages/PaymentEntry_Page/input__billingName' is present

2024-11-12 16:24:32 - [MESSAGE][PASSED] - Object 'Object Repository/RAD_Pages/PaymentEntry_Page/input__billingName' is present

2024-11-12 16:24:32 - [TEST_STEP][PASSED] - ExecuteTC = findTestData(dataFile).getValue("Execute", row): null

2024-11-12 16:24:32 - [TEST_STEP][PASSED] - TaxType = findTestData(dataFile).getValue("TaxType", row): null

2024-11-12 16:24:33 - [TEST_STEP][PASSED] - PaymentType = findTestData(dataFile).getValue("PaymentType", row): null

2024-11-12 16:24:33 - [TEST_STEP][PASSED] - FilingYear = findTestData(dataFile).getValue("Year", row): null

2024-11-12 16:24:33 - [TEST_STEP][PASSED] - feinSSN = findTestData(dataFile).getValue("FeinSsn", row): null

2024-11-12 16:24:33 - [TEST_STEP][PASSED] - CRN = findTestData(dataFile).getValue("CRN", row): null

2024-11-12 16:24:33 - [TEST_STEP][PASSED] - month = findTestData(dataFile).getValue("Month", row): null

2024-11-12 16:24:33 - [TEST_STEP][PASSED] - MFLicNum = findTestData(dataFile).getValue("MFLicNum", row): null

2024-11-12 16:24:33 - [TEST_STEP][PASSED] - if (ExecuteTC.equalsIgnoreCase("Y")): Object 'Object Repository/RAD_Pages/PaymentEntry_Page/input__billingName' is present

2024-11-12 16:24:33 - [TEST_STEP][PASSED] - out.println("Begin Record Number: " + row): null

2024-11-12 16:24:33 - [TEST_STEP][PASSED] - today = new java.util.Date(): null

2024-11-12 16:24:33 - [TEST_STEP][PASSED] - println(today): null

2024-11-12 16:24:33 - [TEST_STEP][PASSED] - datText = today: null

2024-11-12 16:24:33 - [TEST_STEP][PASSED] - logInfo("Payment Type: New Tax Return Amount Due"): Payment Type: New Tax Return Amount Due

2024-11-12 16:24:33 - [MESSAGE][INFO] - Payment Type: New Tax Return Amount Due

2024-11-12 16:24:33 - [TEST_STEP][PASSED] - logInfo("Tax Type: " + TaxType): Tax Type: Bay Restoration Fee

2024-11-12 16:24:33 - [MESSAGE][INFO] - Tax Type: Bay Restoration Fee

2024-11-12 16:24:33 - [TEST_STEP][PASSED] - openBrowser(""): Browser is opened with url: ''

2024-11-12 16:24:33 - [MESSAGE][WARNING] - A browser is already opened. Closing browser and opening a new one

2024-11-12 16:24:34 - [MESSAGE][INFO] - Starting 'Chrome' driver

2024-11-12 16:24:34 - [MESSAGE][INFO] - User set preference: ['acceptInsecureCerts', 'true']

2024-11-12 16:24:34 - [MESSAGE][INFO] - Action delay is set to 0 milliseconds

2024-11-12 16:24:36 - [MESSAGE][PASSED] - Browser is opened with url: ''

2024-11-12 16:24:36 - [TEST_STEP][PASSED] - maximizeWindow(): Current window maximized

2024-11-12 16:24:36 - [MESSAGE][PASSED] - Current window maximized

2024-11-12 16:24:36 - [TEST_STEP][PASSED] - navigateToUrl(RADurl): Navigate to 'https://www.velocitypayment.com/client/rad/index.html' successfully

2024-11-12 16:24:40 - [MESSAGE][PASSED] - Navigate to 'https://www.velocitypayment.com/client/rad/index.html' successfully

2024-11-12 16:24:40 - [TEST_STEP][PASSED] - selectOptionByLabel(findTestObject(orPath_Landing + "/dd_TaxType"), "New Tax Return Amount Due", false): All options with label 'New Tax Return Amount Due' are selected in object 'Object Repository/RAD_Pages/Landing_Page/dd_TaxType' 

2024-11-12 16:24:41 - [MESSAGE][PASSED] - All options with label 'New Tax Return Amount Due' are selected in object 'Object Repository/RAD_Pages/Landing_Page/dd_TaxType' 

2024-11-12 16:24:41 - [TEST_STEP][PASSED] - selectOptionByLabel(findTestObject("Object Repository/RAD_Pages/Landing_Page/select_NewTaxReturnAmountDue_TaxType"), TaxType, false): All options with label 'Bay Restoration Fee' are selected in object 'Object Repository/RAD_Pages/Landing_Page/select_NewTaxReturnAmountDue_TaxType' 

2024-11-12 16:24:42 - [MESSAGE][PASSED] - All options with label 'Bay Restoration Fee' are selected in object 'Object Repository/RAD_Pages/Landing_Page/select_NewTaxReturnAmountDue_TaxType' 

2024-11-12 16:24:42 - [TEST_STEP][PASSED] - selectOptionByLabel(findTestObject(orPath_TaxTypeFilingYear + "/select_FilingYear"), FilingYear, false): All options with label '2024' are selected in object 'Object Repository/RAD_Pages/TaxTypeFilingYear_Page/select_FilingYear' 

2024-11-12 16:24:42 - [MESSAGE][PASSED] - All options with label '2024' are selected in object 'Object Repository/RAD_Pages/TaxTypeFilingYear_Page/select_FilingYear' 

2024-11-12 16:24:42 - [TEST_STEP][PASSED] - if (month.trim()): All options with label 'March' are selected in object 'Object Repository/RAD_Pages/TaxTypeFilingYear_Page/select_PeriodEnding' 

2024-11-12 16:24:42 - [TEST_STEP][PASSED] - selectOptionByLabel(findTestObject(orPath_TaxTypeFilingYear + "/select_PeriodEnding"), month, false): All options with label 'March' are selected in object 'Object Repository/RAD_Pages/TaxTypeFilingYear_Page/select_PeriodEnding' 

2024-11-12 16:24:43 - [MESSAGE][PASSED] - All options with label 'March' are selected in object 'Object Repository/RAD_Pages/TaxTypeFilingYear_Page/select_PeriodEnding' 

2024-11-12 16:24:43 - [TEST_STEP][PASSED] - rad.getSetDataRAD.setDataRADBusinessName(): rad.getSetDataRAD.setDataRADBusinessName is PASSED

2024-11-12 16:24:44 - [MESSAGE][PASSED] - Text 'My Company' is set on object 'Object Repository/RAD_Pages/Taxpayer_Page/input_businessName'

2024-11-12 16:24:44 - [MESSAGE][PASSED] - rad.getSetDataRAD.setDataRADBusinessName is PASSED

2024-11-12 16:24:44 - [TEST_STEP][PASSED] - rad.getSetDataRAD.setDataRADBusinessRep(): rad.getSetDataRAD.setDataRADBusinessRep is PASSED

2024-11-12 16:24:45 - [MESSAGE][PASSED] - Text 'BusRepFname' is set on object 'Object Repository/RAD_Pages/Taxpayer_Page/input_BusinessRepfirstName'

2024-11-12 16:24:46 - [MESSAGE][PASSED] - Text '' is set on object 'Object Repository/RAD_Pages/Taxpayer_Page/input_BusinessRepmiddleName'

2024-11-12 16:24:46 - [MESSAGE][PASSED] - Text 'BusRepLname' is set on object 'Object Repository/RAD_Pages/Taxpayer_Page/input_BusinessReplastName'

2024-11-12 16:24:47 - [MESSAGE][PASSED] - Text '' is set on object 'Object Repository/RAD_Pages/Taxpayer_Page/input_BusinessRepsuffix'

2024-11-12 16:24:47 - [MESSAGE][PASSED] - rad.getSetDataRAD.setDataRADBusinessRep is PASSED

2024-11-12 16:24:47 - [TEST_STEP][PASSED] - rad.getSetDataRAD.setDataRADAddress(): rad.getSetDataRAD.setDataRADAddress is PASSED

2024-11-12 16:24:48 - [MESSAGE][PASSED] - All options with label 'United States' are selected in object 'Object Repository/RAD_Pages/AddressAndContactInfo_Page/select_Country' 

2024-11-12 16:24:49 - [MESSAGE][PASSED] - Text '2508 Mandan Terrace' is set on object 'Object Repository/RAD_Pages/AddressAndContactInfo_Page/input_streetAddress1'

2024-11-12 16:24:49 - [MESSAGE][PASSED] - Text '' is set on object 'Object Repository/RAD_Pages/AddressAndContactInfo_Page/input_streetAddress2'

2024-11-12 16:24:50 - [MESSAGE][PASSED] - Text 'Gambrills' is set on object 'Object Repository/RAD_Pages/AddressAndContactInfo_Page/input_city'

2024-11-12 16:24:51 - [MESSAGE][PASSED] - All options with label 'Maryland' are selected in object 'Object Repository/RAD_Pages/AddressAndContactInfo_Page/select_State' 

2024-11-12 16:24:52 - [MESSAGE][PASSED] - Text '21054' is set on object 'Object Repository/RAD_Pages/AddressAndContactInfo_Page/input_zipCode'

2024-11-12 16:24:52 - [MESSAGE][PASSED] - Text '(703) 894-5000' is set on object 'Object Repository/RAD_Pages/AddressAndContactInfo_Page/input_phoneNumber'

2024-11-12 16:24:53 - [MESSAGE][PASSED] - Text 'iahmed@govolution.com' is set on object 'Object Repository/RAD_Pages/AddressAndContactInfo_Page/input_eMailAddress'

2024-11-12 16:24:54 - [MESSAGE][PASSED] - Text 'iahmed@govolution.com' is set on object 'Object Repository/RAD_Pages/AddressAndContactInfo_Page/input_reEnterEMailAddress'

2024-11-12 16:24:54 - [MESSAGE][PASSED] - rad.getSetDataRAD.setDataRADAddress is PASSED

2024-11-12 16:24:54 - [TEST_STEP][PASSED] - if (feinSSN.equalsIgnoreCase("Y")): null

2024-11-12 16:24:54 - [TEST_STEP][PASSED] - else: Text ****** has been set on object 'Object Repository/RAD_Pages/TaxInfo_Page/input_FederalEIN_ReEnter'

2024-11-12 16:24:54 - [TEST_STEP][PASSED] - if (!(TaxType.equalsIgnoreCase("Estate Tax"))): Text ****** has been set on object 'Object Repository/RAD_Pages/TaxInfo_Page/input_FederalEIN_ReEnter'

2024-11-12 16:24:54 - [TEST_STEP][PASSED] - setEncryptedText(findTestObject(orPath_TaxInfo + "/input_FederalEIN"), "yXB7JMCbD3QoFF75EQd3iw=="): Text ****** has been set on object 'Object Repository/RAD_Pages/TaxInfo_Page/input_FederalEIN'

2024-11-12 16:24:55 - [MESSAGE][PASSED] - Text ****** has been set on object 'Object Repository/RAD_Pages/TaxInfo_Page/input_FederalEIN'

2024-11-12 16:24:55 - [TEST_STEP][PASSED] - setEncryptedText(findTestObject(orPath_TaxInfo + "/input_FederalEIN_ReEnter"), "yXB7JMCbD3QoFF75EQd3iw=="): Text ****** has been set on object 'Object Repository/RAD_Pages/TaxInfo_Page/input_FederalEIN_ReEnter'

2024-11-12 16:24:55 - [MESSAGE][PASSED] - Text ****** has been set on object 'Object Repository/RAD_Pages/TaxInfo_Page/input_FederalEIN_ReEnter'

2024-11-12 16:24:55 - [TEST_STEP][PASSED] - if (CRN.equalsIgnoreCase("Y")): rad.getSetDataRAD.setDataRADMDCRN is PASSED

2024-11-12 16:24:55 - [TEST_STEP][PASSED] - rad.getSetDataRAD.setDataRADMDCRN(): rad.getSetDataRAD.setDataRADMDCRN is PASSED

2024-11-12 16:24:56 - [MESSAGE][PASSED] - Text '07640126' is set on object 'Object Repository/RAD_Pages/TaxInfo_Page/input_MDCRegistration'

2024-11-12 16:24:56 - [MESSAGE][PASSED] - rad.getSetDataRAD.setDataRADMDCRN is PASSED

2024-11-12 16:24:56 - [TEST_STEP][PASSED] - if (MFLicNum.equalsIgnoreCase("Y")): null

2024-11-12 16:24:56 - [TEST_STEP][PASSED] - if (TaxType.equalsIgnoreCase("Estate Tax")): null

2024-11-12 16:24:56 - [TEST_STEP][PASSED] - setText(findTestObject(orPath_Amount + "/input__paymentAmount"), "100.00"): Text '100.00' is set on object 'Object Repository/RAD_Pages/PaymentAmount_Page/input__paymentAmount'

2024-11-12 16:24:57 - [MESSAGE][PASSED] - Text '100.00' is set on object 'Object Repository/RAD_Pages/PaymentAmount_Page/input__paymentAmount'

2024-11-12 16:24:57 - [TEST_STEP][PASSED] - setText(findTestObject(orPath_AddressContact + "/input_streetAddress2"), ""): Text '' is set on object 'Object Repository/RAD_Pages/AddressAndContactInfo_Page/input_streetAddress2'

2024-11-12 16:24:57 - [MESSAGE][PASSED] - Text '' is set on object 'Object Repository/RAD_Pages/AddressAndContactInfo_Page/input_streetAddress2'

2024-11-12 16:24:57 - [TEST_STEP][PASSED] - scrollToElement(findTestObject(orPath_Landing + "/button_Continue"), 3): Scroll to object 'Object Repository/RAD_Pages/Landing_Page/button_Continue' successfully

2024-11-12 16:24:58 - [MESSAGE][PASSED] - Scroll to object 'Object Repository/RAD_Pages/Landing_Page/button_Continue' successfully

2024-11-12 16:24:58 - [TEST_STEP][PASSED] - waitForElementClickable(findTestObject(orPath_Landing + "/button_Continue"), 5): Object 'Object Repository/RAD_Pages/Landing_Page/button_Continue' is clickable

2024-11-12 16:24:58 - [MESSAGE][PASSED] - Object 'Object Repository/RAD_Pages/Landing_Page/button_Continue' is clickable

2024-11-12 16:24:58 - [TEST_STEP][PASSED] - click(findTestObject(orPath_Landing + "/button_Continue")): Object: 'Object Repository/RAD_Pages/Landing_Page/button_Continue' is clicked on

2024-11-12 16:24:58 - [MESSAGE][PASSED] - Object: 'Object Repository/RAD_Pages/Landing_Page/button_Continue' is clicked on

2024-11-12 16:24:58 - [TEST_STEP][PASSED] - delay(2): Delayed 2 second(s)

2024-11-12 16:25:00 - [MESSAGE][PASSED] - Delayed 2 second(s)

2024-11-12 16:25:00 - [TEST_STEP][PASSED] - verifyTextPresent("Summary", true): Text 'Summary' is present on page  using regular expression

2024-11-12 16:25:01 - [MESSAGE][PASSED] - Text 'Summary' is present on page  using regular expression

2024-11-12 16:25:01 - [TEST_STEP][PASSED] - verifyTextPresent("Review the information below and make any necessary corrections by clicking the", true): Text 'Review the information below and make any necessary corrections by clicking the' is present on page  using regular expression

2024-11-12 16:25:01 - [MESSAGE][PASSED] - Text 'Review the information below and make any necessary corrections by clicking the' is present on page  using regular expression

2024-11-12 16:25:01 - [TEST_STEP][PASSED] - verifyTextPresent("When you are confident that all the information is correct, click the", true): Text 'When you are confident that all the information is correct, click the' is present on page  using regular expression

2024-11-12 16:25:01 - [MESSAGE][PASSED] - Text 'When you are confident that all the information is correct, click the' is present on page  using regular expression

2024-11-12 16:25:01 - [TEST_STEP][PASSED] - verifyTextPresent("Payment Type/Filing Year", true): Text 'Payment Type/Filing Year' is present on page  using regular expression

2024-11-12 16:25:02 - [MESSAGE][PASSED] - Text 'Payment Type/Filing Year' is present on page  using regular expression

2024-11-12 16:25:02 - [TEST_STEP][PASSED] - verifyTextPresent("Payment Type:", true): Text 'Payment Type:' is present on page  using regular expression

2024-11-12 16:25:02 - [MESSAGE][PASSED] - Text 'Payment Type:' is present on page  using regular expression

2024-11-12 16:25:02 - [TEST_STEP][PASSED] - verifyTextPresent("New Tax Return Amount Due", true): Text 'New Tax Return Amount Due' is present on page  using regular expression

2024-11-12 16:25:02 - [MESSAGE][PASSED] - Text 'New Tax Return Amount Due' is present on page  using regular expression

2024-11-12 16:25:03 - [TEST_STEP][PASSED] - verifyTextPresent("Filing Year:", true): Text 'Filing Year:' is present on page  using regular expression

2024-11-12 16:25:03 - [MESSAGE][PASSED] - Text 'Filing Year:' is present on page  using regular expression

2024-11-12 16:25:03 - [TEST_STEP][PASSED] - verifyTextPresent(FilingYear, true): Text '2024' is present on page  using regular expression

2024-11-12 16:25:03 - [MESSAGE][PASSED] - Text '2024' is present on page  using regular expression

2024-11-12 16:25:03 - [TEST_STEP][PASSED] - verifyTextPresent("Payer Information", true): Text 'Payer Information' is present on page  using regular expression

2024-11-12 16:25:04 - [MESSAGE][PASSED] - Text 'Payer Information' is present on page  using regular expression

2024-11-12 16:25:04 - [TEST_STEP][PASSED] - verifyTextPresent("Taxpayer Name:", true): Text 'Taxpayer Name:' is present on page  using regular expression

2024-11-12 16:25:04 - [MESSAGE][PASSED] - Text 'Taxpayer Name:' is present on page  using regular expression

2024-11-12 16:25:04 - [TEST_STEP][PASSED] - verifyTextPresent("My Company", true): Text 'My Company' is present on page  using regular expression

2024-11-12 16:25:04 - [MESSAGE][PASSED] - Text 'My Company' is present on page  using regular expression

2024-11-12 16:25:04 - [TEST_STEP][PASSED] - verifyTextPresent("Business Rep Name:", true): Text 'Business Rep Name:' is present on page  using regular expression

2024-11-12 16:25:05 - [MESSAGE][PASSED] - Text 'Business Rep Name:' is present on page  using regular expression

2024-11-12 16:25:05 - [TEST_STEP][PASSED] - verifyTextPresent("BusRepFname BusRepLname", true): Text 'BusRepFname BusRepLname' is present on page  using regular expression

2024-11-12 16:25:05 - [MESSAGE][PASSED] - Text 'BusRepFname BusRepLname' is present on page  using regular expression

2024-11-12 16:25:05 - [TEST_STEP][PASSED] - verifyTextPresent("Taxpayer Address:", true): Text 'Taxpayer Address:' is present on page  using regular expression

2024-11-12 16:25:05 - [MESSAGE][PASSED] - Text 'Taxpayer Address:' is present on page  using regular expression

2024-11-12 16:25:05 - [TEST_STEP][PASSED] - verifyTextPresent("2508 Mandan Terrace Gambrills Maryland 21054", true): Text '2508 Mandan Terrace Gambrills Maryland 21054' is present on page  using regular expression

2024-11-12 16:25:06 - [MESSAGE][PASSED] - Text '2508 Mandan Terrace Gambrills Maryland 21054' is present on page  using regular expression

2024-11-12 16:25:06 - [TEST_STEP][PASSED] - verifyTextPresent("Email:", true): Text 'Email:' is present on page  using regular expression

2024-11-12 16:25:06 - [MESSAGE][PASSED] - Text 'Email:' is present on page  using regular expression

2024-11-12 16:25:06 - [TEST_STEP][PASSED] - verifyTextPresent("iahmed@govolution.com", true): Text 'iahmed@govolution.com' is present on page  using regular expression

2024-11-12 16:25:06 - [MESSAGE][PASSED] - Text 'iahmed@govolution.com' is present on page  using regular expression

2024-11-12 16:25:06 - [TEST_STEP][PASSED] - verifyTextPresent("Phone:", true): Text 'Phone:' is present on page  using regular expression

2024-11-12 16:25:07 - [MESSAGE][PASSED] - Text 'Phone:' is present on page  using regular expression

2024-11-12 16:25:07 - [TEST_STEP][PASSED] - verifyTextPresent("(703) 894-5000", false): Text '(703) 894-5000' is present on page 

2024-11-12 16:25:07 - [MESSAGE][PASSED] - Text '(703) 894-5000' is present on page 

2024-11-12 16:25:07 - [TEST_STEP][PASSED] - verifyTextPresent("Tax Information", true): Text 'Tax Information' is present on page  using regular expression

2024-11-12 16:25:07 - [MESSAGE][PASSED] - Text 'Tax Information' is present on page  using regular expression

2024-11-12 16:25:07 - [TEST_STEP][PASSED] - verifyTextNotPresent("Notice Number", true): Text 'Notice Number' is not present on page using regular expression

2024-11-12 16:25:08 - [MESSAGE][PASSED] - Text 'Notice Number' is not present on page using regular expression

2024-11-12 16:25:08 - [TEST_STEP][PASSED] - if (month.trim()): Text 'March' is present on page  using regular expression

2024-11-12 16:25:08 - [TEST_STEP][PASSED] - verifyTextPresent("Period Ending", true): Text 'Period Ending' is present on page  using regular expression

2024-11-12 16:25:08 - [MESSAGE][PASSED] - Text 'Period Ending' is present on page  using regular expression

2024-11-12 16:25:08 - [TEST_STEP][PASSED] - verifyTextPresent(month, true): Text 'March' is present on page  using regular expression

2024-11-12 16:25:08 - [MESSAGE][PASSED] - Text 'March' is present on page  using regular expression

2024-11-12 16:25:08 - [TEST_STEP][PASSED] - if (feinSSN.equalsIgnoreCase("Y")): null

2024-11-12 16:25:08 - [TEST_STEP][PASSED] - else: Text 'XXXXXXX87' is present on page  using regular expression

2024-11-12 16:25:08 - [TEST_STEP][PASSED] - if (!(TaxType.equalsIgnoreCase("Estate Tax"))): Text 'XXXXXXX87' is present on page  using regular expression

2024-11-12 16:25:08 - [TEST_STEP][PASSED] - verifyTextPresent("Federal EIN:", true): Text 'Federal EIN:' is present on page  using regular expression

2024-11-12 16:25:09 - [MESSAGE][PASSED] - Text 'Federal EIN:' is present on page  using regular expression

2024-11-12 16:25:09 - [TEST_STEP][PASSED] - verifyTextNotPresent("FEIN/SSN:", true): Text 'FEIN/SSN:' is not present on page using regular expression

2024-11-12 16:25:09 - [MESSAGE][PASSED] - Text 'FEIN/SSN:' is not present on page using regular expression

2024-11-12 16:25:09 - [TEST_STEP][PASSED] - verifyTextPresent("XXXXXXX87", true): Text 'XXXXXXX87' is present on page  using regular expression

2024-11-12 16:25:09 - [MESSAGE][PASSED] - Text 'XXXXXXX87' is present on page  using regular expression

2024-11-12 16:25:09 - [TEST_STEP][PASSED] - if (TaxType.equalsIgnoreCase("Estate Tax")): null

2024-11-12 16:25:09 - [TEST_STEP][PASSED] - if (CRN.equalsIgnoreCase("Y")): Text '07640126' is present on page  using regular expression

2024-11-12 16:25:09 - [TEST_STEP][PASSED] - verifyTextPresent("MD Central Registration Number#:", true): Text 'MD Central Registration Number#:' is present on page  using regular expression

2024-11-12 16:25:10 - [MESSAGE][PASSED] - Text 'MD Central Registration Number#:' is present on page  using regular expression

2024-11-12 16:25:10 - [TEST_STEP][PASSED] - verifyTextPresent("07640126", true): Text '07640126' is present on page  using regular expression

2024-11-12 16:25:10 - [MESSAGE][PASSED] - Text '07640126' is present on page  using regular expression

2024-11-12 16:25:10 - [TEST_STEP][PASSED] - if (MFLicNum.equalsIgnoreCase("Y")): null

2024-11-12 16:25:10 - [TEST_STEP][PASSED] - else: Text 'Motor Fuel License Number#:' is not present on page using regular expression

2024-11-12 16:25:10 - [TEST_STEP][PASSED] - verifyTextNotPresent("Motor Fuel License Number#:", true): Text 'Motor Fuel License Number#:' is not present on page using regular expression

2024-11-12 16:25:10 - [MESSAGE][PASSED] - Text 'Motor Fuel License Number#:' is not present on page using regular expression

2024-11-12 16:25:10 - [TEST_STEP][PASSED] - verifyTextPresent("Payment Amount:", true): Text 'Payment Amount:' is present on page  using regular expression

2024-11-12 16:25:11 - [MESSAGE][PASSED] - Text 'Payment Amount:' is present on page  using regular expression

2024-11-12 16:25:11 - [TEST_STEP][PASSED] - verifyTextPresent("100.00", true): Text '100.00' is present on page  using regular expression

2024-11-12 16:25:11 - [MESSAGE][PASSED] - Text '100.00' is present on page  using regular expression

2024-11-12 16:25:11 - [TEST_STEP][PASSED] - if (verifyElementVisible(findTestObject(orPath_Summary + "/button_Proceed to Payment"))): null

2024-11-12 16:25:11 - [MESSAGE][PASSED] - Object 'Object Repository/RAD_Pages/Summary_Page/button_Proceed to Payment' is visible

2024-11-12 16:25:11 - [TEST_STEP][PASSED] - resText = "Pass": null

2024-11-12 16:25:11 - [TEST_STEP][PASSED] - pages.WriteExcel.demoKey(resText, datText, resColumn, datCloumn, fileLoc, nameSheet, row): pages.WriteExcel.demoKey is PASSED

2024-11-12 16:25:11 - [MESSAGE][PASSED] - pages.WriteExcel.demoKey is PASSED

2024-11-12 16:25:11 - [TEST_STEP][PASSED] - click(findTestObject(orPath_Summary + "/button_Proceed to Payment")): Object: 'Object Repository/RAD_Pages/Summary_Page/button_Proceed to Payment' is clicked on

2024-11-12 16:25:15 - [MESSAGE][PASSED] - Object: 'Object Repository/RAD_Pages/Summary_Page/button_Proceed to Payment' is clicked on

2024-11-12 16:25:15 - [TEST_STEP][PASSED] - verifyElementPresent(findTestObject("Object Repository/RAD_Pages/PaymentEntry_Page/input__billingName"), 30): Object 'Object Repository/RAD_Pages/PaymentEntry_Page/input__billingName' is present

2024-11-12 16:25:16 - [MESSAGE][PASSED] - Object 'Object Repository/RAD_Pages/PaymentEntry_Page/input__billingName' is present

2024-11-12 16:25:16 - [TEST_STEP][PASSED] - ExecuteTC = findTestData(dataFile).getValue("Execute", row): null

2024-11-12 16:25:16 - [TEST_STEP][PASSED] - TaxType = findTestData(dataFile).getValue("TaxType", row): null

2024-11-12 16:25:16 - [TEST_STEP][PASSED] - PaymentType = findTestData(dataFile).getValue("PaymentType", row): null

2024-11-12 16:25:16 - [TEST_STEP][PASSED] - FilingYear = findTestData(dataFile).getValue("Year", row): null

2024-11-12 16:25:16 - [TEST_STEP][PASSED] - feinSSN = findTestData(dataFile).getValue("FeinSsn", row): null

2024-11-12 16:25:16 - [TEST_STEP][PASSED] - CRN = findTestData(dataFile).getValue("CRN", row): null

2024-11-12 16:25:16 - [TEST_STEP][PASSED] - month = findTestData(dataFile).getValue("Month", row): null

2024-11-12 16:25:16 - [TEST_STEP][PASSED] - MFLicNum = findTestData(dataFile).getValue("MFLicNum", row): null

2024-11-12 16:25:16 - [TEST_STEP][PASSED] - if (ExecuteTC.equalsIgnoreCase("Y")): Object 'Object Repository/RAD_Pages/PaymentEntry_Page/input__billingName' is present

2024-11-12 16:25:16 - [TEST_STEP][PASSED] - out.println("Begin Record Number: " + row): null

2024-11-12 16:25:16 - [TEST_STEP][PASSED] - today = new java.util.Date(): null

2024-11-12 16:25:16 - [TEST_STEP][PASSED] - println(today): null

2024-11-12 16:25:16 - [TEST_STEP][PASSED] - datText = today: null

2024-11-12 16:25:16 - [TEST_STEP][PASSED] - logInfo("Payment Type: New Tax Return Amount Due"): Payment Type: New Tax Return Amount Due

2024-11-12 16:25:16 - [MESSAGE][INFO] - Payment Type: New Tax Return Amount Due

2024-11-12 16:25:16 - [TEST_STEP][PASSED] - logInfo("Tax Type: " + TaxType): Tax Type: Corporate Income Tax

2024-11-12 16:25:16 - [MESSAGE][INFO] - Tax Type: Corporate Income Tax

2024-11-12 16:25:16 - [TEST_STEP][PASSED] - openBrowser(""): Browser is opened with url: ''

2024-11-12 16:25:16 - [MESSAGE][WARNING] - A browser is already opened. Closing browser and opening a new one

2024-11-12 16:25:17 - [MESSAGE][INFO] - Starting 'Chrome' driver

2024-11-12 16:25:17 - [MESSAGE][INFO] - User set preference: ['acceptInsecureCerts', 'true']

2024-11-12 16:25:17 - [MESSAGE][INFO] - Action delay is set to 0 milliseconds

2024-11-12 16:25:19 - [MESSAGE][PASSED] - Browser is opened with url: ''

2024-11-12 16:25:19 - [TEST_STEP][PASSED] - maximizeWindow(): Current window maximized

2024-11-12 16:25:19 - [MESSAGE][PASSED] - Current window maximized

2024-11-12 16:25:19 - [TEST_STEP][PASSED] - navigateToUrl(RADurl): Navigate to 'https://www.velocitypayment.com/client/rad/index.html' successfully

2024-11-12 16:25:21 - [MESSAGE][PASSED] - Navigate to 'https://www.velocitypayment.com/client/rad/index.html' successfully

2024-11-12 16:25:21 - [TEST_STEP][PASSED] - selectOptionByLabel(findTestObject(orPath_Landing + "/dd_TaxType"), "New Tax Return Amount Due", false): All options with label 'New Tax Return Amount Due' are selected in object 'Object Repository/RAD_Pages/Landing_Page/dd_TaxType' 

2024-11-12 16:25:21 - [MESSAGE][PASSED] - All options with label 'New Tax Return Amount Due' are selected in object 'Object Repository/RAD_Pages/Landing_Page/dd_TaxType' 

2024-11-12 16:25:21 - [TEST_STEP][PASSED] - selectOptionByLabel(findTestObject("Object Repository/RAD_Pages/Landing_Page/select_NewTaxReturnAmountDue_TaxType"), TaxType, false): All options with label 'Corporate Income Tax' are selected in object 'Object Repository/RAD_Pages/Landing_Page/select_NewTaxReturnAmountDue_TaxType' 

2024-11-12 16:25:22 - [MESSAGE][PASSED] - All options with label 'Corporate Income Tax' are selected in object 'Object Repository/RAD_Pages/Landing_Page/select_NewTaxReturnAmountDue_TaxType' 

2024-11-12 16:25:22 - [TEST_STEP][PASSED] - selectOptionByLabel(findTestObject(orPath_TaxTypeFilingYear + "/select_FilingYear"), FilingYear, false): All options with label '2023' are selected in object 'Object Repository/RAD_Pages/TaxTypeFilingYear_Page/select_FilingYear' 

2024-11-12 16:25:23 - [MESSAGE][PASSED] - All options with label '2023' are selected in object 'Object Repository/RAD_Pages/TaxTypeFilingYear_Page/select_FilingYear' 

2024-11-12 16:25:23 - [TEST_STEP][PASSED] - if (month.trim()): null

2024-11-12 16:25:23 - [TEST_STEP][PASSED] - rad.getSetDataRAD.setDataRADBusinessName(): rad.getSetDataRAD.setDataRADBusinessName is PASSED

2024-11-12 16:25:24 - [MESSAGE][PASSED] - Text 'My Company' is set on object 'Object Repository/RAD_Pages/Taxpayer_Page/input_businessName'

2024-11-12 16:25:24 - [MESSAGE][PASSED] - rad.getSetDataRAD.setDataRADBusinessName is PASSED

2024-11-12 16:25:24 - [TEST_STEP][PASSED] - rad.getSetDataRAD.setDataRADBusinessRep(): rad.getSetDataRAD.setDataRADBusinessRep is PASSED

2024-11-12 16:25:24 - [MESSAGE][PASSED] - Text 'BusRepFname' is set on object 'Object Repository/RAD_Pages/Taxpayer_Page/input_BusinessRepfirstName'

2024-11-12 16:25:25 - [MESSAGE][PASSED] - Text '' is set on object 'Object Repository/RAD_Pages/Taxpayer_Page/input_BusinessRepmiddleName'

2024-11-12 16:25:26 - [MESSAGE][PASSED] - Text 'BusRepLname' is set on object 'Object Repository/RAD_Pages/Taxpayer_Page/input_BusinessReplastName'

2024-11-12 16:25:27 - [MESSAGE][PASSED] - Text '' is set on object 'Object Repository/RAD_Pages/Taxpayer_Page/input_BusinessRepsuffix'

2024-11-12 16:25:27 - [MESSAGE][PASSED] - rad.getSetDataRAD.setDataRADBusinessRep is PASSED

2024-11-12 16:25:27 - [TEST_STEP][PASSED] - rad.getSetDataRAD.setDataRADAddress(): rad.getSetDataRAD.setDataRADAddress is PASSED

2024-11-12 16:25:27 - [MESSAGE][PASSED] - All options with label 'United States' are selected in object 'Object Repository/RAD_Pages/AddressAndContactInfo_Page/select_Country' 

2024-11-12 16:25:28 - [MESSAGE][PASSED] - Text '2508 Mandan Terrace' is set on object 'Object Repository/RAD_Pages/AddressAndContactInfo_Page/input_streetAddress1'

2024-11-12 16:25:29 - [MESSAGE][PASSED] - Text '' is set on object 'Object Repository/RAD_Pages/AddressAndContactInfo_Page/input_streetAddress2'

2024-11-12 16:25:30 - [MESSAGE][PASSED] - Text 'Gambrills' is set on object 'Object Repository/RAD_Pages/AddressAndContactInfo_Page/input_city'

2024-11-12 16:25:30 - [MESSAGE][PASSED] - All options with label 'Maryland' are selected in object 'Object Repository/RAD_Pages/AddressAndContactInfo_Page/select_State' 

2024-11-12 16:25:31 - [MESSAGE][PASSED] - Text '21054' is set on object 'Object Repository/RAD_Pages/AddressAndContactInfo_Page/input_zipCode'

2024-11-12 16:25:32 - [MESSAGE][PASSED] - Text '(703) 894-5000' is set on object 'Object Repository/RAD_Pages/AddressAndContactInfo_Page/input_phoneNumber'

2024-11-12 16:25:33 - [MESSAGE][PASSED] - Text 'iahmed@govolution.com' is set on object 'Object Repository/RAD_Pages/AddressAndContactInfo_Page/input_eMailAddress'

2024-11-12 16:25:34 - [MESSAGE][PASSED] - Text 'iahmed@govolution.com' is set on object 'Object Repository/RAD_Pages/AddressAndContactInfo_Page/input_reEnterEMailAddress'

2024-11-12 16:25:34 - [MESSAGE][PASSED] - rad.getSetDataRAD.setDataRADAddress is PASSED

2024-11-12 16:25:34 - [TEST_STEP][PASSED] - if (feinSSN.equalsIgnoreCase("Y")): null

2024-11-12 16:25:34 - [TEST_STEP][PASSED] - else: Text ****** has been set on object 'Object Repository/RAD_Pages/TaxInfo_Page/input_FederalEIN_ReEnter'

2024-11-12 16:25:34 - [TEST_STEP][PASSED] - if (!(TaxType.equalsIgnoreCase("Estate Tax"))): Text ****** has been set on object 'Object Repository/RAD_Pages/TaxInfo_Page/input_FederalEIN_ReEnter'

2024-11-12 16:25:34 - [TEST_STEP][PASSED] - setEncryptedText(findTestObject(orPath_TaxInfo + "/input_FederalEIN"), "yXB7JMCbD3QoFF75EQd3iw=="): Text ****** has been set on object 'Object Repository/RAD_Pages/TaxInfo_Page/input_FederalEIN'

2024-11-12 16:25:34 - [MESSAGE][PASSED] - Text ****** has been set on object 'Object Repository/RAD_Pages/TaxInfo_Page/input_FederalEIN'

2024-11-12 16:25:34 - [TEST_STEP][PASSED] - setEncryptedText(findTestObject(orPath_TaxInfo + "/input_FederalEIN_ReEnter"), "yXB7JMCbD3QoFF75EQd3iw=="): Text ****** has been set on object 'Object Repository/RAD_Pages/TaxInfo_Page/input_FederalEIN_ReEnter'

2024-11-12 16:25:35 - [MESSAGE][PASSED] - Text ****** has been set on object 'Object Repository/RAD_Pages/TaxInfo_Page/input_FederalEIN_ReEnter'

2024-11-12 16:25:35 - [TEST_STEP][PASSED] - if (CRN.equalsIgnoreCase("Y")): null

2024-11-12 16:25:35 - [TEST_STEP][PASSED] - if (MFLicNum.equalsIgnoreCase("Y")): null

2024-11-12 16:25:35 - [TEST_STEP][PASSED] - if (TaxType.equalsIgnoreCase("Estate Tax")): null

2024-11-12 16:25:35 - [TEST_STEP][PASSED] - setText(findTestObject(orPath_Amount + "/input__paymentAmount"), "100.00"): Text '100.00' is set on object 'Object Repository/RAD_Pages/PaymentAmount_Page/input__paymentAmount'

2024-11-12 16:25:36 - [MESSAGE][PASSED] - Text '100.00' is set on object 'Object Repository/RAD_Pages/PaymentAmount_Page/input__paymentAmount'

2024-11-12 16:25:36 - [TEST_STEP][PASSED] - setText(findTestObject(orPath_AddressContact + "/input_streetAddress2"), ""): Text '' is set on object 'Object Repository/RAD_Pages/AddressAndContactInfo_Page/input_streetAddress2'

2024-11-12 16:25:37 - [MESSAGE][PASSED] - Text '' is set on object 'Object Repository/RAD_Pages/AddressAndContactInfo_Page/input_streetAddress2'

2024-11-12 16:25:37 - [TEST_STEP][PASSED] - scrollToElement(findTestObject(orPath_Landing + "/button_Continue"), 3): Scroll to object 'Object Repository/RAD_Pages/Landing_Page/button_Continue' successfully

2024-11-12 16:25:37 - [MESSAGE][PASSED] - Scroll to object 'Object Repository/RAD_Pages/Landing_Page/button_Continue' successfully

2024-11-12 16:25:37 - [TEST_STEP][PASSED] - waitForElementClickable(findTestObject(orPath_Landing + "/button_Continue"), 5): Object 'Object Repository/RAD_Pages/Landing_Page/button_Continue' is clickable

2024-11-12 16:25:37 - [MESSAGE][PASSED] - Object 'Object Repository/RAD_Pages/Landing_Page/button_Continue' is clickable

2024-11-12 16:25:37 - [TEST_STEP][PASSED] - click(findTestObject(orPath_Landing + "/button_Continue")): Object: 'Object Repository/RAD_Pages/Landing_Page/button_Continue' is clicked on

2024-11-12 16:25:38 - [MESSAGE][PASSED] - Object: 'Object Repository/RAD_Pages/Landing_Page/button_Continue' is clicked on

2024-11-12 16:25:38 - [TEST_STEP][PASSED] - delay(2): Delayed 2 second(s)

2024-11-12 16:25:40 - [MESSAGE][PASSED] - Delayed 2 second(s)

2024-11-12 16:25:40 - [TEST_STEP][PASSED] - verifyTextPresent("Summary", true): Text 'Summary' is present on page  using regular expression

2024-11-12 16:25:40 - [MESSAGE][PASSED] - Text 'Summary' is present on page  using regular expression

2024-11-12 16:25:40 - [TEST_STEP][PASSED] - verifyTextPresent("Review the information below and make any necessary corrections by clicking the", true): Text 'Review the information below and make any necessary corrections by clicking the' is present on page  using regular expression

2024-11-12 16:25:41 - [MESSAGE][PASSED] - Text 'Review the information below and make any necessary corrections by clicking the' is present on page  using regular expression

2024-11-12 16:25:41 - [TEST_STEP][PASSED] - verifyTextPresent("When you are confident that all the information is correct, click the", true): Text 'When you are confident that all the information is correct, click the' is present on page  using regular expression

2024-11-12 16:25:41 - [MESSAGE][PASSED] - Text 'When you are confident that all the information is correct, click the' is present on page  using regular expression

2024-11-12 16:25:41 - [TEST_STEP][PASSED] - verifyTextPresent("Payment Type/Filing Year", true): Text 'Payment Type/Filing Year' is present on page  using regular expression

2024-11-12 16:25:41 - [MESSAGE][PASSED] - Text 'Payment Type/Filing Year' is present on page  using regular expression

2024-11-12 16:25:41 - [TEST_STEP][PASSED] - verifyTextPresent("Payment Type:", true): Text 'Payment Type:' is present on page  using regular expression

2024-11-12 16:25:42 - [MESSAGE][PASSED] - Text 'Payment Type:' is present on page  using regular expression

2024-11-12 16:25:42 - [TEST_STEP][PASSED] - verifyTextPresent("New Tax Return Amount Due", true): Text 'New Tax Return Amount Due' is present on page  using regular expression

2024-11-12 16:25:42 - [MESSAGE][PASSED] - Text 'New Tax Return Amount Due' is present on page  using regular expression

2024-11-12 16:25:42 - [TEST_STEP][PASSED] - verifyTextPresent("Filing Year:", true): Text 'Filing Year:' is present on page  using regular expression

2024-11-12 16:25:42 - [MESSAGE][PASSED] - Text 'Filing Year:' is present on page  using regular expression

2024-11-12 16:25:42 - [TEST_STEP][PASSED] - verifyTextPresent(FilingYear, true): Text '2023' is present on page  using regular expression

2024-11-12 16:25:43 - [MESSAGE][PASSED] - Text '2023' is present on page  using regular expression

2024-11-12 16:25:43 - [TEST_STEP][PASSED] - verifyTextPresent("Payer Information", true): Text 'Payer Information' is present on page  using regular expression

2024-11-12 16:25:43 - [MESSAGE][PASSED] - Text 'Payer Information' is present on page  using regular expression

2024-11-12 16:25:43 - [TEST_STEP][PASSED] - verifyTextPresent("Taxpayer Name:", true): Text 'Taxpayer Name:' is present on page  using regular expression

2024-11-12 16:25:43 - [MESSAGE][PASSED] - Text 'Taxpayer Name:' is present on page  using regular expression

2024-11-12 16:25:43 - [TEST_STEP][PASSED] - verifyTextPresent("My Company", true): Text 'My Company' is present on page  using regular expression

2024-11-12 16:25:44 - [MESSAGE][PASSED] - Text 'My Company' is present on page  using regular expression

2024-11-12 16:25:44 - [TEST_STEP][PASSED] - verifyTextPresent("Business Rep Name:", true): Text 'Business Rep Name:' is present on page  using regular expression

2024-11-12 16:25:44 - [MESSAGE][PASSED] - Text 'Business Rep Name:' is present on page  using regular expression

2024-11-12 16:25:44 - [TEST_STEP][PASSED] - verifyTextPresent("BusRepFname BusRepLname", true): Text 'BusRepFname BusRepLname' is present on page  using regular expression

2024-11-12 16:25:44 - [MESSAGE][PASSED] - Text 'BusRepFname BusRepLname' is present on page  using regular expression

2024-11-12 16:25:44 - [TEST_STEP][PASSED] - verifyTextPresent("Taxpayer Address:", true): Text 'Taxpayer Address:' is present on page  using regular expression

2024-11-12 16:25:45 - [MESSAGE][PASSED] - Text 'Taxpayer Address:' is present on page  using regular expression

2024-11-12 16:25:45 - [TEST_STEP][PASSED] - verifyTextPresent("2508 Mandan Terrace Gambrills Maryland 21054", true): Text '2508 Mandan Terrace Gambrills Maryland 21054' is present on page  using regular expression

2024-11-12 16:25:45 - [MESSAGE][PASSED] - Text '2508 Mandan Terrace Gambrills Maryland 21054' is present on page  using regular expression

2024-11-12 16:25:45 - [TEST_STEP][PASSED] - verifyTextPresent("Email:", true): Text 'Email:' is present on page  using regular expression

2024-11-12 16:25:45 - [MESSAGE][PASSED] - Text 'Email:' is present on page  using regular expression

2024-11-12 16:25:45 - [TEST_STEP][PASSED] - verifyTextPresent("iahmed@govolution.com", true): Text 'iahmed@govolution.com' is present on page  using regular expression

2024-11-12 16:25:45 - [MESSAGE][PASSED] - Text 'iahmed@govolution.com' is present on page  using regular expression

2024-11-12 16:25:45 - [TEST_STEP][PASSED] - verifyTextPresent("Phone:", true): Text 'Phone:' is present on page  using regular expression

2024-11-12 16:25:46 - [MESSAGE][PASSED] - Text 'Phone:' is present on page  using regular expression

2024-11-12 16:25:46 - [TEST_STEP][PASSED] - verifyTextPresent("(703) 894-5000", false): Text '(703) 894-5000' is present on page 

2024-11-12 16:25:46 - [MESSAGE][PASSED] - Text '(703) 894-5000' is present on page 

2024-11-12 16:25:46 - [TEST_STEP][PASSED] - verifyTextPresent("Tax Information", true): Text 'Tax Information' is present on page  using regular expression

2024-11-12 16:25:46 - [MESSAGE][PASSED] - Text 'Tax Information' is present on page  using regular expression

2024-11-12 16:25:46 - [TEST_STEP][PASSED] - verifyTextNotPresent("Notice Number", true): Text 'Notice Number' is not present on page using regular expression

2024-11-12 16:25:47 - [MESSAGE][PASSED] - Text 'Notice Number' is not present on page using regular expression

2024-11-12 16:25:47 - [TEST_STEP][PASSED] - if (month.trim()): null

2024-11-12 16:25:47 - [TEST_STEP][PASSED] - else: Text 'Period Ending' is not present on page using regular expression

2024-11-12 16:25:47 - [TEST_STEP][PASSED] - verifyTextNotPresent("Period Ending", true): Text 'Period Ending' is not present on page using regular expression

2024-11-12 16:25:47 - [MESSAGE][PASSED] - Text 'Period Ending' is not present on page using regular expression

2024-11-12 16:25:47 - [TEST_STEP][PASSED] - if (feinSSN.equalsIgnoreCase("Y")): null

2024-11-12 16:25:47 - [TEST_STEP][PASSED] - else: Text 'XXXXXXX87' is present on page  using regular expression

2024-11-12 16:25:47 - [TEST_STEP][PASSED] - if (!(TaxType.equalsIgnoreCase("Estate Tax"))): Text 'XXXXXXX87' is present on page  using regular expression

2024-11-12 16:25:47 - [TEST_STEP][PASSED] - verifyTextPresent("Federal EIN:", true): Text 'Federal EIN:' is present on page  using regular expression

2024-11-12 16:25:47 - [MESSAGE][PASSED] - Text 'Federal EIN:' is present on page  using regular expression

2024-11-12 16:25:47 - [TEST_STEP][PASSED] - verifyTextNotPresent("FEIN/SSN:", true): Text 'FEIN/SSN:' is not present on page using regular expression

2024-11-12 16:25:48 - [MESSAGE][PASSED] - Text 'FEIN/SSN:' is not present on page using regular expression

2024-11-12 16:25:48 - [TEST_STEP][PASSED] - verifyTextPresent("XXXXXXX87", true): Text 'XXXXXXX87' is present on page  using regular expression

2024-11-12 16:25:48 - [MESSAGE][PASSED] - Text 'XXXXXXX87' is present on page  using regular expression

2024-11-12 16:25:48 - [TEST_STEP][PASSED] - if (TaxType.equalsIgnoreCase("Estate Tax")): null

2024-11-12 16:25:48 - [TEST_STEP][PASSED] - if (CRN.equalsIgnoreCase("Y")): null

2024-11-12 16:25:48 - [TEST_STEP][PASSED] - else: Text 'MD Central Registration Number' is not present on page using regular expression

2024-11-12 16:25:48 - [TEST_STEP][PASSED] - verifyTextNotPresent("MD Central Registration Number", true): Text 'MD Central Registration Number' is not present on page using regular expression

2024-11-12 16:25:48 - [MESSAGE][PASSED] - Text 'MD Central Registration Number' is not present on page using regular expression

2024-11-12 16:25:48 - [TEST_STEP][PASSED] - if (MFLicNum.equalsIgnoreCase("Y")): null

2024-11-12 16:25:48 - [TEST_STEP][PASSED] - else: Text 'Motor Fuel License Number#:' is not present on page using regular expression

2024-11-12 16:25:48 - [TEST_STEP][PASSED] - verifyTextNotPresent("Motor Fuel License Number#:", true): Text 'Motor Fuel License Number#:' is not present on page using regular expression

2024-11-12 16:25:49 - [MESSAGE][PASSED] - Text 'Motor Fuel License Number#:' is not present on page using regular expression

2024-11-12 16:25:49 - [TEST_STEP][PASSED] - verifyTextPresent("Payment Amount:", true): Text 'Payment Amount:' is present on page  using regular expression

2024-11-12 16:25:49 - [MESSAGE][PASSED] - Text 'Payment Amount:' is present on page  using regular expression

2024-11-12 16:25:49 - [TEST_STEP][PASSED] - verifyTextPresent("100.00", true): Text '100.00' is present on page  using regular expression

2024-11-12 16:25:49 - [MESSAGE][PASSED] - Text '100.00' is present on page  using regular expression

2024-11-12 16:25:49 - [TEST_STEP][PASSED] - if (verifyElementVisible(findTestObject(orPath_Summary + "/button_Proceed to Payment"))): null

2024-11-12 16:25:50 - [MESSAGE][PASSED] - Object 'Object Repository/RAD_Pages/Summary_Page/button_Proceed to Payment' is visible

2024-11-12 16:25:50 - [TEST_STEP][PASSED] - resText = "Pass": null

2024-11-12 16:25:50 - [TEST_STEP][PASSED] - pages.WriteExcel.demoKey(resText, datText, resColumn, datCloumn, fileLoc, nameSheet, row): pages.WriteExcel.demoKey is PASSED

2024-11-12 16:25:50 - [MESSAGE][PASSED] - pages.WriteExcel.demoKey is PASSED

2024-11-12 16:25:50 - [TEST_STEP][PASSED] - click(findTestObject(orPath_Summary + "/button_Proceed to Payment")): Object: 'Object Repository/RAD_Pages/Summary_Page/button_Proceed to Payment' is clicked on

2024-11-12 16:25:56 - [MESSAGE][PASSED] - Object: 'Object Repository/RAD_Pages/Summary_Page/button_Proceed to Payment' is clicked on

2024-11-12 16:25:56 - [TEST_STEP][PASSED] - verifyElementPresent(findTestObject("Object Repository/RAD_Pages/PaymentEntry_Page/input__billingName"), 30): Object 'Object Repository/RAD_Pages/PaymentEntry_Page/input__billingName' is present

2024-11-12 16:25:56 - [MESSAGE][PASSED] - Object 'Object Repository/RAD_Pages/PaymentEntry_Page/input__billingName' is present

2024-11-12 16:25:56 - [TEST_STEP][PASSED] - ExecuteTC = findTestData(dataFile).getValue("Execute", row): null

2024-11-12 16:25:56 - [TEST_STEP][PASSED] - TaxType = findTestData(dataFile).getValue("TaxType", row): null

2024-11-12 16:25:56 - [TEST_STEP][PASSED] - PaymentType = findTestData(dataFile).getValue("PaymentType", row): null

2024-11-12 16:25:56 - [TEST_STEP][PASSED] - FilingYear = findTestData(dataFile).getValue("Year", row): null

2024-11-12 16:25:56 - [TEST_STEP][PASSED] - feinSSN = findTestData(dataFile).getValue("FeinSsn", row): null

2024-11-12 16:25:56 - [TEST_STEP][PASSED] - CRN = findTestData(dataFile).getValue("CRN", row): null

2024-11-12 16:25:56 - [TEST_STEP][PASSED] - month = findTestData(dataFile).getValue("Month", row): null

2024-11-12 16:25:56 - [TEST_STEP][PASSED] - MFLicNum = findTestData(dataFile).getValue("MFLicNum", row): null

2024-11-12 16:25:56 - [TEST_STEP][PASSED] - if (ExecuteTC.equalsIgnoreCase("Y")): Object 'Object Repository/RAD_Pages/PaymentEntry_Page/input__billingName' is present

2024-11-12 16:25:56 - [TEST_STEP][PASSED] - out.println("Begin Record Number: " + row): null

2024-11-12 16:25:56 - [TEST_STEP][PASSED] - today = new java.util.Date(): null

2024-11-12 16:25:56 - [TEST_STEP][PASSED] - println(today): null

2024-11-12 16:25:56 - [TEST_STEP][PASSED] - datText = today: null

2024-11-12 16:25:56 - [TEST_STEP][PASSED] - logInfo("Payment Type: New Tax Return Amount Due"): Payment Type: New Tax Return Amount Due

2024-11-12 16:25:56 - [MESSAGE][INFO] - Payment Type: New Tax Return Amount Due

2024-11-12 16:25:56 - [TEST_STEP][PASSED] - logInfo("Tax Type: " + TaxType): Tax Type: Motor Fuel Tax

2024-11-12 16:25:56 - [MESSAGE][INFO] - Tax Type: Motor Fuel Tax

2024-11-12 16:25:56 - [TEST_STEP][PASSED] - openBrowser(""): Browser is opened with url: ''

2024-11-12 16:25:56 - [MESSAGE][WARNING] - A browser is already opened. Closing browser and opening a new one

2024-11-12 16:25:58 - [MESSAGE][INFO] - Starting 'Chrome' driver

2024-11-12 16:25:58 - [MESSAGE][INFO] - User set preference: ['acceptInsecureCerts', 'true']

2024-11-12 16:25:58 - [MESSAGE][INFO] - Action delay is set to 0 milliseconds

2024-11-12 16:25:59 - [MESSAGE][PASSED] - Browser is opened with url: ''

2024-11-12 16:25:59 - [TEST_STEP][PASSED] - maximizeWindow(): Current window maximized

2024-11-12 16:25:59 - [MESSAGE][PASSED] - Current window maximized

2024-11-12 16:25:59 - [TEST_STEP][PASSED] - navigateToUrl(RADurl): Navigate to 'https://www.velocitypayment.com/client/rad/index.html' successfully

2024-11-12 16:26:01 - [MESSAGE][PASSED] - Navigate to 'https://www.velocitypayment.com/client/rad/index.html' successfully

2024-11-12 16:26:01 - [TEST_STEP][PASSED] - selectOptionByLabel(findTestObject(orPath_Landing + "/dd_TaxType"), "New Tax Return Amount Due", false): All options with label 'New Tax Return Amount Due' are selected in object 'Object Repository/RAD_Pages/Landing_Page/dd_TaxType' 

2024-11-12 16:26:02 - [MESSAGE][PASSED] - All options with label 'New Tax Return Amount Due' are selected in object 'Object Repository/RAD_Pages/Landing_Page/dd_TaxType' 

2024-11-12 16:26:02 - [TEST_STEP][PASSED] - selectOptionByLabel(findTestObject("Object Repository/RAD_Pages/Landing_Page/select_NewTaxReturnAmountDue_TaxType"), TaxType, false): All options with label 'Motor Fuel Tax' are selected in object 'Object Repository/RAD_Pages/Landing_Page/select_NewTaxReturnAmountDue_TaxType' 

2024-11-12 16:26:03 - [MESSAGE][PASSED] - All options with label 'Motor Fuel Tax' are selected in object 'Object Repository/RAD_Pages/Landing_Page/select_NewTaxReturnAmountDue_TaxType' 

2024-11-12 16:26:03 - [TEST_STEP][PASSED] - selectOptionByLabel(findTestObject(orPath_TaxTypeFilingYear + "/select_FilingYear"), FilingYear, false): All options with label '2024' are selected in object 'Object Repository/RAD_Pages/TaxTypeFilingYear_Page/select_FilingYear' 

2024-11-12 16:26:03 - [MESSAGE][PASSED] - All options with label '2024' are selected in object 'Object Repository/RAD_Pages/TaxTypeFilingYear_Page/select_FilingYear' 

2024-11-12 16:26:03 - [TEST_STEP][PASSED] - if (month.trim()): All options with label 'April' are selected in object 'Object Repository/RAD_Pages/TaxTypeFilingYear_Page/select_PeriodEnding' 

2024-11-12 16:26:03 - [TEST_STEP][PASSED] - selectOptionByLabel(findTestObject(orPath_TaxTypeFilingYear + "/select_PeriodEnding"), month, false): All options with label 'April' are selected in object 'Object Repository/RAD_Pages/TaxTypeFilingYear_Page/select_PeriodEnding' 

2024-11-12 16:26:04 - [MESSAGE][PASSED] - All options with label 'April' are selected in object 'Object Repository/RAD_Pages/TaxTypeFilingYear_Page/select_PeriodEnding' 

2024-11-12 16:26:04 - [TEST_STEP][PASSED] - rad.getSetDataRAD.setDataRADBusinessName(): rad.getSetDataRAD.setDataRADBusinessName is PASSED

2024-11-12 16:26:05 - [MESSAGE][PASSED] - Text 'My Company' is set on object 'Object Repository/RAD_Pages/Taxpayer_Page/input_businessName'

2024-11-12 16:26:05 - [MESSAGE][PASSED] - rad.getSetDataRAD.setDataRADBusinessName is PASSED

2024-11-12 16:26:05 - [TEST_STEP][PASSED] - rad.getSetDataRAD.setDataRADBusinessRep(): rad.getSetDataRAD.setDataRADBusinessRep is PASSED

2024-11-12 16:26:06 - [MESSAGE][PASSED] - Text 'BusRepFname' is set on object 'Object Repository/RAD_Pages/Taxpayer_Page/input_BusinessRepfirstName'

2024-11-12 16:26:07 - [MESSAGE][PASSED] - Text '' is set on object 'Object Repository/RAD_Pages/Taxpayer_Page/input_BusinessRepmiddleName'

2024-11-12 16:26:07 - [MESSAGE][PASSED] - Text 'BusRepLname' is set on object 'Object Repository/RAD_Pages/Taxpayer_Page/input_BusinessReplastName'

2024-11-12 16:26:08 - [MESSAGE][PASSED] - Text '' is set on object 'Object Repository/RAD_Pages/Taxpayer_Page/input_BusinessRepsuffix'

2024-11-12 16:26:08 - [MESSAGE][PASSED] - rad.getSetDataRAD.setDataRADBusinessRep is PASSED

2024-11-12 16:26:08 - [TEST_STEP][PASSED] - rad.getSetDataRAD.setDataRADAddress(): rad.getSetDataRAD.setDataRADAddress is PASSED

2024-11-12 16:26:09 - [MESSAGE][PASSED] - All options with label 'United States' are selected in object 'Object Repository/RAD_Pages/AddressAndContactInfo_Page/select_Country' 

2024-11-12 16:26:10 - [MESSAGE][PASSED] - Text '2508 Mandan Terrace' is set on object 'Object Repository/RAD_Pages/AddressAndContactInfo_Page/input_streetAddress1'

2024-11-12 16:26:10 - [MESSAGE][PASSED] - Text '' is set on object 'Object Repository/RAD_Pages/AddressAndContactInfo_Page/input_streetAddress2'

2024-11-12 16:26:11 - [MESSAGE][PASSED] - Text 'Gambrills' is set on object 'Object Repository/RAD_Pages/AddressAndContactInfo_Page/input_city'

2024-11-12 16:26:12 - [MESSAGE][PASSED] - All options with label 'Maryland' are selected in object 'Object Repository/RAD_Pages/AddressAndContactInfo_Page/select_State' 

2024-11-12 16:26:13 - [MESSAGE][PASSED] - Text '21054' is set on object 'Object Repository/RAD_Pages/AddressAndContactInfo_Page/input_zipCode'

2024-11-12 16:26:13 - [MESSAGE][PASSED] - Text '(703) 894-5000' is set on object 'Object Repository/RAD_Pages/AddressAndContactInfo_Page/input_phoneNumber'

2024-11-12 16:26:14 - [MESSAGE][PASSED] - Text 'iahmed@govolution.com' is set on object 'Object Repository/RAD_Pages/AddressAndContactInfo_Page/input_eMailAddress'

2024-11-12 16:26:15 - [MESSAGE][PASSED] - Text 'iahmed@govolution.com' is set on object 'Object Repository/RAD_Pages/AddressAndContactInfo_Page/input_reEnterEMailAddress'

2024-11-12 16:26:15 - [MESSAGE][PASSED] - rad.getSetDataRAD.setDataRADAddress is PASSED

2024-11-12 16:26:15 - [TEST_STEP][PASSED] - if (feinSSN.equalsIgnoreCase("Y")): null

2024-11-12 16:26:15 - [TEST_STEP][PASSED] - else: Text ****** has been set on object 'Object Repository/RAD_Pages/TaxInfo_Page/input_FederalEIN_ReEnter'

2024-11-12 16:26:15 - [TEST_STEP][PASSED] - if (!(TaxType.equalsIgnoreCase("Estate Tax"))): Text ****** has been set on object 'Object Repository/RAD_Pages/TaxInfo_Page/input_FederalEIN_ReEnter'

2024-11-12 16:26:15 - [TEST_STEP][PASSED] - setEncryptedText(findTestObject(orPath_TaxInfo + "/input_FederalEIN"), "yXB7JMCbD3QoFF75EQd3iw=="): Text ****** has been set on object 'Object Repository/RAD_Pages/TaxInfo_Page/input_FederalEIN'

2024-11-12 16:26:16 - [MESSAGE][PASSED] - Text ****** has been set on object 'Object Repository/RAD_Pages/TaxInfo_Page/input_FederalEIN'

2024-11-12 16:26:16 - [TEST_STEP][PASSED] - setEncryptedText(findTestObject(orPath_TaxInfo + "/input_FederalEIN_ReEnter"), "yXB7JMCbD3QoFF75EQd3iw=="): Text ****** has been set on object 'Object Repository/RAD_Pages/TaxInfo_Page/input_FederalEIN_ReEnter'

2024-11-12 16:26:16 - [MESSAGE][PASSED] - Text ****** has been set on object 'Object Repository/RAD_Pages/TaxInfo_Page/input_FederalEIN_ReEnter'

2024-11-12 16:26:16 - [TEST_STEP][PASSED] - if (CRN.equalsIgnoreCase("Y")): null

2024-11-12 16:26:16 - [TEST_STEP][PASSED] - if (MFLicNum.equalsIgnoreCase("Y")): rad.getSetDataRAD.setDataRADMFLicNumSix is PASSED

2024-11-12 16:26:16 - [TEST_STEP][PASSED] - rad.getSetDataRAD.setDataRADMFLicNumSix(): rad.getSetDataRAD.setDataRADMFLicNumSix is PASSED

2024-11-12 16:26:17 - [MESSAGE][PASSED] - Text '758142' is set on object 'Object Repository/RAD_Pages/TaxInfo_Page/input_MotorFuelLicNum'

2024-11-12 16:26:17 - [MESSAGE][PASSED] - rad.getSetDataRAD.setDataRADMFLicNumSix is PASSED

2024-11-12 16:26:17 - [TEST_STEP][PASSED] - if (TaxType.equalsIgnoreCase("Estate Tax")): null

2024-11-12 16:26:17 - [TEST_STEP][PASSED] - setText(findTestObject(orPath_Amount + "/input__paymentAmount"), "100.00"): Text '100.00' is set on object 'Object Repository/RAD_Pages/PaymentAmount_Page/input__paymentAmount'

2024-11-12 16:26:18 - [MESSAGE][PASSED] - Text '100.00' is set on object 'Object Repository/RAD_Pages/PaymentAmount_Page/input__paymentAmount'

2024-11-12 16:26:18 - [TEST_STEP][PASSED] - setText(findTestObject(orPath_AddressContact + "/input_streetAddress2"), ""): Text '' is set on object 'Object Repository/RAD_Pages/AddressAndContactInfo_Page/input_streetAddress2'

2024-11-12 16:26:18 - [MESSAGE][PASSED] - Text '' is set on object 'Object Repository/RAD_Pages/AddressAndContactInfo_Page/input_streetAddress2'

2024-11-12 16:26:18 - [TEST_STEP][PASSED] - scrollToElement(findTestObject(orPath_Landing + "/button_Continue"), 3): Scroll to object 'Object Repository/RAD_Pages/Landing_Page/button_Continue' successfully

2024-11-12 16:26:19 - [MESSAGE][PASSED] - Scroll to object 'Object Repository/RAD_Pages/Landing_Page/button_Continue' successfully

2024-11-12 16:26:19 - [TEST_STEP][PASSED] - waitForElementClickable(findTestObject(orPath_Landing + "/button_Continue"), 5): Object 'Object Repository/RAD_Pages/Landing_Page/button_Continue' is clickable

2024-11-12 16:26:19 - [MESSAGE][PASSED] - Object 'Object Repository/RAD_Pages/Landing_Page/button_Continue' is clickable

2024-11-12 16:26:19 - [TEST_STEP][PASSED] - click(findTestObject(orPath_Landing + "/button_Continue")): Object: 'Object Repository/RAD_Pages/Landing_Page/button_Continue' is clicked on

2024-11-12 16:26:20 - [MESSAGE][PASSED] - Object: 'Object Repository/RAD_Pages/Landing_Page/button_Continue' is clicked on

2024-11-12 16:26:20 - [TEST_STEP][PASSED] - delay(2): Delayed 2 second(s)

2024-11-12 16:26:22 - [MESSAGE][PASSED] - Delayed 2 second(s)

2024-11-12 16:26:22 - [TEST_STEP][PASSED] - verifyTextPresent("Summary", true): Text 'Summary' is present on page  using regular expression

2024-11-12 16:26:22 - [MESSAGE][PASSED] - Text 'Summary' is present on page  using regular expression

2024-11-12 16:26:22 - [TEST_STEP][PASSED] - verifyTextPresent("Review the information below and make any necessary corrections by clicking the", true): Text 'Review the information below and make any necessary corrections by clicking the' is present on page  using regular expression

2024-11-12 16:26:22 - [MESSAGE][PASSED] - Text 'Review the information below and make any necessary corrections by clicking the' is present on page  using regular expression

2024-11-12 16:26:22 - [TEST_STEP][PASSED] - verifyTextPresent("When you are confident that all the information is correct, click the", true): Text 'When you are confident that all the information is correct, click the' is present on page  using regular expression

2024-11-12 16:26:23 - [MESSAGE][PASSED] - Text 'When you are confident that all the information is correct, click the' is present on page  using regular expression

2024-11-12 16:26:23 - [TEST_STEP][PASSED] - verifyTextPresent("Payment Type/Filing Year", true): Text 'Payment Type/Filing Year' is present on page  using regular expression

2024-11-12 16:26:23 - [MESSAGE][PASSED] - Text 'Payment Type/Filing Year' is present on page  using regular expression

2024-11-12 16:26:23 - [TEST_STEP][PASSED] - verifyTextPresent("Payment Type:", true): Text 'Payment Type:' is present on page  using regular expression

2024-11-12 16:26:23 - [MESSAGE][PASSED] - Text 'Payment Type:' is present on page  using regular expression

2024-11-12 16:26:23 - [TEST_STEP][PASSED] - verifyTextPresent("New Tax Return Amount Due", true): Text 'New Tax Return Amount Due' is present on page  using regular expression

2024-11-12 16:26:24 - [MESSAGE][PASSED] - Text 'New Tax Return Amount Due' is present on page  using regular expression

2024-11-12 16:26:24 - [TEST_STEP][PASSED] - verifyTextPresent("Filing Year:", true): Text 'Filing Year:' is present on page  using regular expression

2024-11-12 16:26:24 - [MESSAGE][PASSED] - Text 'Filing Year:' is present on page  using regular expression

2024-11-12 16:26:24 - [TEST_STEP][PASSED] - verifyTextPresent(FilingYear, true): Text '2024' is present on page  using regular expression

2024-11-12 16:26:24 - [MESSAGE][PASSED] - Text '2024' is present on page  using regular expression

2024-11-12 16:26:24 - [TEST_STEP][PASSED] - verifyTextPresent("Payer Information", true): Text 'Payer Information' is present on page  using regular expression

2024-11-12 16:26:25 - [MESSAGE][PASSED] - Text 'Payer Information' is present on page  using regular expression

2024-11-12 16:26:25 - [TEST_STEP][PASSED] - verifyTextPresent("Taxpayer Name:", true): Text 'Taxpayer Name:' is present on page  using regular expression

2024-11-12 16:26:25 - [MESSAGE][PASSED] - Text 'Taxpayer Name:' is present on page  using regular expression

2024-11-12 16:26:25 - [TEST_STEP][PASSED] - verifyTextPresent("My Company", true): Text 'My Company' is present on page  using regular expression

2024-11-12 16:26:25 - [MESSAGE][PASSED] - Text 'My Company' is present on page  using regular expression

2024-11-12 16:26:25 - [TEST_STEP][PASSED] - verifyTextPresent("Business Rep Name:", true): Text 'Business Rep Name:' is present on page  using regular expression

2024-11-12 16:26:26 - [MESSAGE][PASSED] - Text 'Business Rep Name:' is present on page  using regular expression

2024-11-12 16:26:26 - [TEST_STEP][PASSED] - verifyTextPresent("BusRepFname BusRepLname", true): Text 'BusRepFname BusRepLname' is present on page  using regular expression

2024-11-12 16:26:26 - [MESSAGE][PASSED] - Text 'BusRepFname BusRepLname' is present on page  using regular expression

2024-11-12 16:26:26 - [TEST_STEP][PASSED] - verifyTextPresent("Taxpayer Address:", true): Text 'Taxpayer Address:' is present on page  using regular expression

2024-11-12 16:26:26 - [MESSAGE][PASSED] - Text 'Taxpayer Address:' is present on page  using regular expression

2024-11-12 16:26:26 - [TEST_STEP][PASSED] - verifyTextPresent("2508 Mandan Terrace Gambrills Maryland 21054", true): Text '2508 Mandan Terrace Gambrills Maryland 21054' is present on page  using regular expression

2024-11-12 16:26:27 - [MESSAGE][PASSED] - Text '2508 Mandan Terrace Gambrills Maryland 21054' is present on page  using regular expression

2024-11-12 16:26:27 - [TEST_STEP][PASSED] - verifyTextPresent("Email:", true): Text 'Email:' is present on page  using regular expression

2024-11-12 16:26:27 - [MESSAGE][PASSED] - Text 'Email:' is present on page  using regular expression

2024-11-12 16:26:27 - [TEST_STEP][PASSED] - verifyTextPresent("iahmed@govolution.com", true): Text 'iahmed@govolution.com' is present on page  using regular expression

2024-11-12 16:26:27 - [MESSAGE][PASSED] - Text 'iahmed@govolution.com' is present on page  using regular expression

2024-11-12 16:26:27 - [TEST_STEP][PASSED] - verifyTextPresent("Phone:", true): Text 'Phone:' is present on page  using regular expression

2024-11-12 16:26:28 - [MESSAGE][PASSED] - Text 'Phone:' is present on page  using regular expression

2024-11-12 16:26:28 - [TEST_STEP][PASSED] - verifyTextPresent("(703) 894-5000", false): Text '(703) 894-5000' is present on page 

2024-11-12 16:26:28 - [MESSAGE][PASSED] - Text '(703) 894-5000' is present on page 

2024-11-12 16:26:28 - [TEST_STEP][PASSED] - verifyTextPresent("Tax Information", true): Text 'Tax Information' is present on page  using regular expression

2024-11-12 16:26:28 - [MESSAGE][PASSED] - Text 'Tax Information' is present on page  using regular expression

2024-11-12 16:26:28 - [TEST_STEP][PASSED] - verifyTextNotPresent("Notice Number", true): Text 'Notice Number' is not present on page using regular expression

2024-11-12 16:26:29 - [MESSAGE][PASSED] - Text 'Notice Number' is not present on page using regular expression

2024-11-12 16:26:29 - [TEST_STEP][PASSED] - if (month.trim()): Text 'April' is present on page  using regular expression

2024-11-12 16:26:29 - [TEST_STEP][PASSED] - verifyTextPresent("Period Ending", true): Text 'Period Ending' is present on page  using regular expression

2024-11-12 16:26:29 - [MESSAGE][PASSED] - Text 'Period Ending' is present on page  using regular expression

2024-11-12 16:26:29 - [TEST_STEP][PASSED] - verifyTextPresent(month, true): Text 'April' is present on page  using regular expression

2024-11-12 16:26:29 - [MESSAGE][PASSED] - Text 'April' is present on page  using regular expression

2024-11-12 16:26:29 - [TEST_STEP][PASSED] - if (feinSSN.equalsIgnoreCase("Y")): null

2024-11-12 16:26:29 - [TEST_STEP][PASSED] - else: Text 'XXXXXXX87' is present on page  using regular expression

2024-11-12 16:26:29 - [TEST_STEP][PASSED] - if (!(TaxType.equalsIgnoreCase("Estate Tax"))): Text 'XXXXXXX87' is present on page  using regular expression

2024-11-12 16:26:29 - [TEST_STEP][PASSED] - verifyTextPresent("Federal EIN:", true): Text 'Federal EIN:' is present on page  using regular expression

2024-11-12 16:26:30 - [MESSAGE][PASSED] - Text 'Federal EIN:' is present on page  using regular expression

2024-11-12 16:26:30 - [TEST_STEP][PASSED] - verifyTextNotPresent("FEIN/SSN:", true): Text 'FEIN/SSN:' is not present on page using regular expression

2024-11-12 16:26:30 - [MESSAGE][PASSED] - Text 'FEIN/SSN:' is not present on page using regular expression

2024-11-12 16:26:30 - [TEST_STEP][PASSED] - verifyTextPresent("XXXXXXX87", true): Text 'XXXXXXX87' is present on page  using regular expression

2024-11-12 16:26:30 - [MESSAGE][PASSED] - Text 'XXXXXXX87' is present on page  using regular expression

2024-11-12 16:26:30 - [TEST_STEP][PASSED] - if (TaxType.equalsIgnoreCase("Estate Tax")): null

2024-11-12 16:26:30 - [TEST_STEP][PASSED] - if (CRN.equalsIgnoreCase("Y")): null

2024-11-12 16:26:30 - [TEST_STEP][PASSED] - else: Text 'MD Central Registration Number' is not present on page using regular expression

2024-11-12 16:26:30 - [TEST_STEP][PASSED] - verifyTextNotPresent("MD Central Registration Number", true): Text 'MD Central Registration Number' is not present on page using regular expression

2024-11-12 16:26:31 - [MESSAGE][PASSED] - Text 'MD Central Registration Number' is not present on page using regular expression

2024-11-12 16:26:31 - [TEST_STEP][PASSED] - if (MFLicNum.equalsIgnoreCase("Y")): Text '758142' is present on page  using regular expression

2024-11-12 16:26:31 - [TEST_STEP][PASSED] - verifyTextPresent("Motor Fuel License Number#:", true): Text 'Motor Fuel License Number#:' is present on page  using regular expression

2024-11-12 16:26:31 - [MESSAGE][PASSED] - Text 'Motor Fuel License Number#:' is present on page  using regular expression

2024-11-12 16:26:31 - [TEST_STEP][PASSED] - verifyTextPresent("758142", true): Text '758142' is present on page  using regular expression

2024-11-12 16:26:31 - [MESSAGE][PASSED] - Text '758142' is present on page  using regular expression

2024-11-12 16:26:31 - [TEST_STEP][PASSED] - verifyTextPresent("Payment Amount:", true): Text 'Payment Amount:' is present on page  using regular expression

2024-11-12 16:26:32 - [MESSAGE][PASSED] - Text 'Payment Amount:' is present on page  using regular expression

2024-11-12 16:26:32 - [TEST_STEP][PASSED] - verifyTextPresent("100.00", true): Text '100.00' is present on page  using regular expression

2024-11-12 16:26:32 - [MESSAGE][PASSED] - Text '100.00' is present on page  using regular expression

2024-11-12 16:26:32 - [TEST_STEP][PASSED] - if (verifyElementVisible(findTestObject(orPath_Summary + "/button_Proceed to Payment"))): null

2024-11-12 16:26:32 - [MESSAGE][PASSED] - Object 'Object Repository/RAD_Pages/Summary_Page/button_Proceed to Payment' is visible

2024-11-12 16:26:32 - [TEST_STEP][PASSED] - resText = "Pass": null

2024-11-12 16:26:32 - [TEST_STEP][PASSED] - pages.WriteExcel.demoKey(resText, datText, resColumn, datCloumn, fileLoc, nameSheet, row): pages.WriteExcel.demoKey is PASSED

2024-11-12 16:26:32 - [MESSAGE][PASSED] - pages.WriteExcel.demoKey is PASSED

2024-11-12 16:26:32 - [TEST_STEP][PASSED] - click(findTestObject(orPath_Summary + "/button_Proceed to Payment")): Object: 'Object Repository/RAD_Pages/Summary_Page/button_Proceed to Payment' is clicked on

2024-11-12 16:26:36 - [MESSAGE][PASSED] - Object: 'Object Repository/RAD_Pages/Summary_Page/button_Proceed to Payment' is clicked on

2024-11-12 16:26:36 - [TEST_STEP][PASSED] - verifyElementPresent(findTestObject("Object Repository/RAD_Pages/PaymentEntry_Page/input__billingName"), 30): Object 'Object Repository/RAD_Pages/PaymentEntry_Page/input__billingName' is present

2024-11-12 16:26:37 - [MESSAGE][PASSED] - Object 'Object Repository/RAD_Pages/PaymentEntry_Page/input__billingName' is present

2024-11-12 16:26:37 - [TEST_STEP][PASSED] - ExecuteTC = findTestData(dataFile).getValue("Execute", row): null

2024-11-12 16:26:37 - [TEST_STEP][PASSED] - TaxType = findTestData(dataFile).getValue("TaxType", row): null

2024-11-12 16:26:37 - [TEST_STEP][PASSED] - PaymentType = findTestData(dataFile).getValue("PaymentType", row): null

2024-11-12 16:26:37 - [TEST_STEP][PASSED] - FilingYear = findTestData(dataFile).getValue("Year", row): null

2024-11-12 16:26:37 - [TEST_STEP][PASSED] - feinSSN = findTestData(dataFile).getValue("FeinSsn", row): null

2024-11-12 16:26:37 - [TEST_STEP][PASSED] - CRN = findTestData(dataFile).getValue("CRN", row): null

2024-11-12 16:26:37 - [TEST_STEP][PASSED] - month = findTestData(dataFile).getValue("Month", row): null

2024-11-12 16:26:37 - [TEST_STEP][PASSED] - MFLicNum = findTestData(dataFile).getValue("MFLicNum", row): null

2024-11-12 16:26:38 - [TEST_STEP][PASSED] - if (ExecuteTC.equalsIgnoreCase("Y")): Object 'Object Repository/RAD_Pages/PaymentEntry_Page/input__billingName' is present

2024-11-12 16:26:38 - [TEST_STEP][PASSED] - out.println("Begin Record Number: " + row): null

2024-11-12 16:26:38 - [TEST_STEP][PASSED] - today = new java.util.Date(): null

2024-11-12 16:26:38 - [TEST_STEP][PASSED] - println(today): null

2024-11-12 16:26:38 - [TEST_STEP][PASSED] - datText = today: null

2024-11-12 16:26:38 - [TEST_STEP][PASSED] - logInfo("Payment Type: New Tax Return Amount Due"): Payment Type: New Tax Return Amount Due

2024-11-12 16:26:38 - [MESSAGE][INFO] - Payment Type: New Tax Return Amount Due

2024-11-12 16:26:38 - [TEST_STEP][PASSED] - logInfo("Tax Type: " + TaxType): Tax Type: Sales and Use Tax

2024-11-12 16:26:38 - [MESSAGE][INFO] - Tax Type: Sales and Use Tax

2024-11-12 16:26:38 - [TEST_STEP][PASSED] - openBrowser(""): Browser is opened with url: ''

2024-11-12 16:26:38 - [MESSAGE][WARNING] - A browser is already opened. Closing browser and opening a new one

2024-11-12 16:26:40 - [MESSAGE][INFO] - Starting 'Chrome' driver

2024-11-12 16:26:40 - [MESSAGE][INFO] - User set preference: ['acceptInsecureCerts', 'true']

2024-11-12 16:26:40 - [MESSAGE][INFO] - Action delay is set to 0 milliseconds

2024-11-12 16:26:42 - [MESSAGE][PASSED] - Browser is opened with url: ''

2024-11-12 16:26:42 - [TEST_STEP][PASSED] - maximizeWindow(): Current window maximized

2024-11-12 16:26:42 - [MESSAGE][PASSED] - Current window maximized

2024-11-12 16:26:42 - [TEST_STEP][PASSED] - navigateToUrl(RADurl): Navigate to 'https://www.velocitypayment.com/client/rad/index.html' successfully

2024-11-12 16:26:44 - [MESSAGE][PASSED] - Navigate to 'https://www.velocitypayment.com/client/rad/index.html' successfully

2024-11-12 16:26:44 - [TEST_STEP][PASSED] - selectOptionByLabel(findTestObject(orPath_Landing + "/dd_TaxType"), "New Tax Return Amount Due", false): All options with label 'New Tax Return Amount Due' are selected in object 'Object Repository/RAD_Pages/Landing_Page/dd_TaxType' 

2024-11-12 16:26:44 - [MESSAGE][PASSED] - All options with label 'New Tax Return Amount Due' are selected in object 'Object Repository/RAD_Pages/Landing_Page/dd_TaxType' 

2024-11-12 16:26:44 - [TEST_STEP][PASSED] - selectOptionByLabel(findTestObject("Object Repository/RAD_Pages/Landing_Page/select_NewTaxReturnAmountDue_TaxType"), TaxType, false): All options with label 'Sales and Use Tax' are selected in object 'Object Repository/RAD_Pages/Landing_Page/select_NewTaxReturnAmountDue_TaxType' 

2024-11-12 16:26:45 - [MESSAGE][PASSED] - All options with label 'Sales and Use Tax' are selected in object 'Object Repository/RAD_Pages/Landing_Page/select_NewTaxReturnAmountDue_TaxType' 

2024-11-12 16:26:45 - [TEST_STEP][PASSED] - selectOptionByLabel(findTestObject(orPath_TaxTypeFilingYear + "/select_FilingYear"), FilingYear, false): All options with label '2024' are selected in object 'Object Repository/RAD_Pages/TaxTypeFilingYear_Page/select_FilingYear' 

2024-11-12 16:26:46 - [MESSAGE][PASSED] - All options with label '2024' are selected in object 'Object Repository/RAD_Pages/TaxTypeFilingYear_Page/select_FilingYear' 

2024-11-12 16:26:46 - [TEST_STEP][PASSED] - if (month.trim()): All options with label 'October' are selected in object 'Object Repository/RAD_Pages/TaxTypeFilingYear_Page/select_PeriodEnding' 

2024-11-12 16:26:46 - [TEST_STEP][PASSED] - selectOptionByLabel(findTestObject(orPath_TaxTypeFilingYear + "/select_PeriodEnding"), month, false): All options with label 'October' are selected in object 'Object Repository/RAD_Pages/TaxTypeFilingYear_Page/select_PeriodEnding' 

2024-11-12 16:26:47 - [MESSAGE][PASSED] - All options with label 'October' are selected in object 'Object Repository/RAD_Pages/TaxTypeFilingYear_Page/select_PeriodEnding' 

2024-11-12 16:26:47 - [TEST_STEP][PASSED] - rad.getSetDataRAD.setDataRADBusinessName(): rad.getSetDataRAD.setDataRADBusinessName is PASSED

2024-11-12 16:26:48 - [MESSAGE][PASSED] - Text 'My Company' is set on object 'Object Repository/RAD_Pages/Taxpayer_Page/input_businessName'

2024-11-12 16:26:48 - [MESSAGE][PASSED] - rad.getSetDataRAD.setDataRADBusinessName is PASSED

2024-11-12 16:26:48 - [TEST_STEP][PASSED] - rad.getSetDataRAD.setDataRADBusinessRep(): rad.getSetDataRAD.setDataRADBusinessRep is PASSED

2024-11-12 16:26:48 - [MESSAGE][PASSED] - Text 'BusRepFname' is set on object 'Object Repository/RAD_Pages/Taxpayer_Page/input_BusinessRepfirstName'

2024-11-12 16:26:49 - [MESSAGE][PASSED] - Text '' is set on object 'Object Repository/RAD_Pages/Taxpayer_Page/input_BusinessRepmiddleName'

2024-11-12 16:26:50 - [MESSAGE][PASSED] - Text 'BusRepLname' is set on object 'Object Repository/RAD_Pages/Taxpayer_Page/input_BusinessReplastName'

2024-11-12 16:26:51 - [MESSAGE][PASSED] - Text '' is set on object 'Object Repository/RAD_Pages/Taxpayer_Page/input_BusinessRepsuffix'

2024-11-12 16:26:51 - [MESSAGE][PASSED] - rad.getSetDataRAD.setDataRADBusinessRep is PASSED

2024-11-12 16:26:51 - [TEST_STEP][PASSED] - rad.getSetDataRAD.setDataRADAddress(): rad.getSetDataRAD.setDataRADAddress is PASSED

2024-11-12 16:26:51 - [MESSAGE][PASSED] - All options with label 'United States' are selected in object 'Object Repository/RAD_Pages/AddressAndContactInfo_Page/select_Country' 

2024-11-12 16:26:52 - [MESSAGE][PASSED] - Text '2508 Mandan Terrace' is set on object 'Object Repository/RAD_Pages/AddressAndContactInfo_Page/input_streetAddress1'

2024-11-12 16:26:53 - [MESSAGE][PASSED] - Text '' is set on object 'Object Repository/RAD_Pages/AddressAndContactInfo_Page/input_streetAddress2'

2024-11-12 16:26:54 - [MESSAGE][PASSED] - Text 'Gambrills' is set on object 'Object Repository/RAD_Pages/AddressAndContactInfo_Page/input_city'

2024-11-12 16:26:54 - [MESSAGE][PASSED] - All options with label 'Maryland' are selected in object 'Object Repository/RAD_Pages/AddressAndContactInfo_Page/select_State' 

2024-11-12 16:26:55 - [MESSAGE][PASSED] - Text '21054' is set on object 'Object Repository/RAD_Pages/AddressAndContactInfo_Page/input_zipCode'

2024-11-12 16:26:56 - [MESSAGE][PASSED] - Text '(703) 894-5000' is set on object 'Object Repository/RAD_Pages/AddressAndContactInfo_Page/input_phoneNumber'

2024-11-12 16:26:57 - [MESSAGE][PASSED] - Text 'iahmed@govolution.com' is set on object 'Object Repository/RAD_Pages/AddressAndContactInfo_Page/input_eMailAddress'

2024-11-12 16:26:58 - [MESSAGE][PASSED] - Text 'iahmed@govolution.com' is set on object 'Object Repository/RAD_Pages/AddressAndContactInfo_Page/input_reEnterEMailAddress'

2024-11-12 16:26:58 - [MESSAGE][PASSED] - rad.getSetDataRAD.setDataRADAddress is PASSED

2024-11-12 16:26:58 - [TEST_STEP][PASSED] - if (feinSSN.equalsIgnoreCase("Y")): null

2024-11-12 16:26:58 - [TEST_STEP][PASSED] - else: Text ****** has been set on object 'Object Repository/RAD_Pages/TaxInfo_Page/input_FederalEIN_ReEnter'

2024-11-12 16:26:58 - [TEST_STEP][PASSED] - if (!(TaxType.equalsIgnoreCase("Estate Tax"))): Text ****** has been set on object 'Object Repository/RAD_Pages/TaxInfo_Page/input_FederalEIN_ReEnter'

2024-11-12 16:26:58 - [TEST_STEP][PASSED] - setEncryptedText(findTestObject(orPath_TaxInfo + "/input_FederalEIN"), "yXB7JMCbD3QoFF75EQd3iw=="): Text ****** has been set on object 'Object Repository/RAD_Pages/TaxInfo_Page/input_FederalEIN'

2024-11-12 16:26:58 - [MESSAGE][PASSED] - Text ****** has been set on object 'Object Repository/RAD_Pages/TaxInfo_Page/input_FederalEIN'

2024-11-12 16:26:58 - [TEST_STEP][PASSED] - setEncryptedText(findTestObject(orPath_TaxInfo + "/input_FederalEIN_ReEnter"), "yXB7JMCbD3QoFF75EQd3iw=="): Text ****** has been set on object 'Object Repository/RAD_Pages/TaxInfo_Page/input_FederalEIN_ReEnter'

2024-11-12 16:26:59 - [MESSAGE][PASSED] - Text ****** has been set on object 'Object Repository/RAD_Pages/TaxInfo_Page/input_FederalEIN_ReEnter'

2024-11-12 16:26:59 - [TEST_STEP][PASSED] - if (CRN.equalsIgnoreCase("Y")): rad.getSetDataRAD.setDataRADMDCRN is PASSED

2024-11-12 16:26:59 - [TEST_STEP][PASSED] - rad.getSetDataRAD.setDataRADMDCRN(): rad.getSetDataRAD.setDataRADMDCRN is PASSED

2024-11-12 16:26:59 - [MESSAGE][PASSED] - Text '07640126' is set on object 'Object Repository/RAD_Pages/TaxInfo_Page/input_MDCRegistration'

2024-11-12 16:26:59 - [MESSAGE][PASSED] - rad.getSetDataRAD.setDataRADMDCRN is PASSED

2024-11-12 16:26:59 - [TEST_STEP][PASSED] - if (MFLicNum.equalsIgnoreCase("Y")): null

2024-11-12 16:26:59 - [TEST_STEP][PASSED] - if (TaxType.equalsIgnoreCase("Estate Tax")): null

2024-11-12 16:26:59 - [TEST_STEP][PASSED] - setText(findTestObject(orPath_Amount + "/input__paymentAmount"), "100.00"): Text '100.00' is set on object 'Object Repository/RAD_Pages/PaymentAmount_Page/input__paymentAmount'

2024-11-12 16:27:00 - [MESSAGE][PASSED] - Text '100.00' is set on object 'Object Repository/RAD_Pages/PaymentAmount_Page/input__paymentAmount'

2024-11-12 16:27:00 - [TEST_STEP][PASSED] - setText(findTestObject(orPath_AddressContact + "/input_streetAddress2"), ""): Text '' is set on object 'Object Repository/RAD_Pages/AddressAndContactInfo_Page/input_streetAddress2'

2024-11-12 16:27:01 - [MESSAGE][PASSED] - Text '' is set on object 'Object Repository/RAD_Pages/AddressAndContactInfo_Page/input_streetAddress2'

2024-11-12 16:27:01 - [TEST_STEP][PASSED] - scrollToElement(findTestObject(orPath_Landing + "/button_Continue"), 3): Scroll to object 'Object Repository/RAD_Pages/Landing_Page/button_Continue' successfully

2024-11-12 16:27:01 - [MESSAGE][PASSED] - Scroll to object 'Object Repository/RAD_Pages/Landing_Page/button_Continue' successfully

2024-11-12 16:27:01 - [TEST_STEP][PASSED] - waitForElementClickable(findTestObject(orPath_Landing + "/button_Continue"), 5): Object 'Object Repository/RAD_Pages/Landing_Page/button_Continue' is clickable

2024-11-12 16:27:02 - [MESSAGE][PASSED] - Object 'Object Repository/RAD_Pages/Landing_Page/button_Continue' is clickable

2024-11-12 16:27:02 - [TEST_STEP][PASSED] - click(findTestObject(orPath_Landing + "/button_Continue")): Object: 'Object Repository/RAD_Pages/Landing_Page/button_Continue' is clicked on

2024-11-12 16:27:02 - [MESSAGE][PASSED] - Object: 'Object Repository/RAD_Pages/Landing_Page/button_Continue' is clicked on

2024-11-12 16:27:02 - [TEST_STEP][PASSED] - delay(2): Delayed 2 second(s)

2024-11-12 16:27:04 - [MESSAGE][PASSED] - Delayed 2 second(s)

2024-11-12 16:27:04 - [TEST_STEP][PASSED] - verifyTextPresent("Summary", true): Text 'Summary' is present on page  using regular expression

2024-11-12 16:27:04 - [MESSAGE][PASSED] - Text 'Summary' is present on page  using regular expression

2024-11-12 16:27:04 - [TEST_STEP][PASSED] - verifyTextPresent("Review the information below and make any necessary corrections by clicking the", true): Text 'Review the information below and make any necessary corrections by clicking the' is present on page  using regular expression

2024-11-12 16:27:05 - [MESSAGE][PASSED] - Text 'Review the information below and make any necessary corrections by clicking the' is present on page  using regular expression

2024-11-12 16:27:05 - [TEST_STEP][PASSED] - verifyTextPresent("When you are confident that all the information is correct, click the", true): Text 'When you are confident that all the information is correct, click the' is present on page  using regular expression

2024-11-12 16:27:05 - [MESSAGE][PASSED] - Text 'When you are confident that all the information is correct, click the' is present on page  using regular expression

2024-11-12 16:27:05 - [TEST_STEP][PASSED] - verifyTextPresent("Payment Type/Filing Year", true): Text 'Payment Type/Filing Year' is present on page  using regular expression

2024-11-12 16:27:05 - [MESSAGE][PASSED] - Text 'Payment Type/Filing Year' is present on page  using regular expression

2024-11-12 16:27:05 - [TEST_STEP][PASSED] - verifyTextPresent("Payment Type:", true): Text 'Payment Type:' is present on page  using regular expression

2024-11-12 16:27:06 - [MESSAGE][PASSED] - Text 'Payment Type:' is present on page  using regular expression

2024-11-12 16:27:06 - [TEST_STEP][PASSED] - verifyTextPresent("New Tax Return Amount Due", true): Text 'New Tax Return Amount Due' is present on page  using regular expression

2024-11-12 16:27:06 - [MESSAGE][PASSED] - Text 'New Tax Return Amount Due' is present on page  using regular expression

2024-11-12 16:27:06 - [TEST_STEP][PASSED] - verifyTextPresent("Filing Year:", true): Text 'Filing Year:' is present on page  using regular expression

2024-11-12 16:27:06 - [MESSAGE][PASSED] - Text 'Filing Year:' is present on page  using regular expression

2024-11-12 16:27:06 - [TEST_STEP][PASSED] - verifyTextPresent(FilingYear, true): Text '2024' is present on page  using regular expression

2024-11-12 16:27:07 - [MESSAGE][PASSED] - Text '2024' is present on page  using regular expression

2024-11-12 16:27:07 - [TEST_STEP][PASSED] - verifyTextPresent("Payer Information", true): Text 'Payer Information' is present on page  using regular expression

2024-11-12 16:27:07 - [MESSAGE][PASSED] - Text 'Payer Information' is present on page  using regular expression

2024-11-12 16:27:07 - [TEST_STEP][PASSED] - verifyTextPresent("Taxpayer Name:", true): Text 'Taxpayer Name:' is present on page  using regular expression

2024-11-12 16:27:07 - [MESSAGE][PASSED] - Text 'Taxpayer Name:' is present on page  using regular expression

2024-11-12 16:27:07 - [TEST_STEP][PASSED] - verifyTextPresent("My Company", true): Text 'My Company' is present on page  using regular expression

2024-11-12 16:27:08 - [MESSAGE][PASSED] - Text 'My Company' is present on page  using regular expression

2024-11-12 16:27:08 - [TEST_STEP][PASSED] - verifyTextPresent("Business Rep Name:", true): Text 'Business Rep Name:' is present on page  using regular expression

2024-11-12 16:27:08 - [MESSAGE][PASSED] - Text 'Business Rep Name:' is present on page  using regular expression

2024-11-12 16:27:08 - [TEST_STEP][PASSED] - verifyTextPresent("BusRepFname BusRepLname", true): Text 'BusRepFname BusRepLname' is present on page  using regular expression

2024-11-12 16:27:08 - [MESSAGE][PASSED] - Text 'BusRepFname BusRepLname' is present on page  using regular expression

2024-11-12 16:27:08 - [TEST_STEP][PASSED] - verifyTextPresent("Taxpayer Address:", true): Text 'Taxpayer Address:' is present on page  using regular expression

2024-11-12 16:27:09 - [MESSAGE][PASSED] - Text 'Taxpayer Address:' is present on page  using regular expression

2024-11-12 16:27:09 - [TEST_STEP][PASSED] - verifyTextPresent("2508 Mandan Terrace Gambrills Maryland 21054", true): Text '2508 Mandan Terrace Gambrills Maryland 21054' is present on page  using regular expression

2024-11-12 16:27:09 - [MESSAGE][PASSED] - Text '2508 Mandan Terrace Gambrills Maryland 21054' is present on page  using regular expression

2024-11-12 16:27:09 - [TEST_STEP][PASSED] - verifyTextPresent("Email:", true): Text 'Email:' is present on page  using regular expression

2024-11-12 16:27:09 - [MESSAGE][PASSED] - Text 'Email:' is present on page  using regular expression

2024-11-12 16:27:09 - [TEST_STEP][PASSED] - verifyTextPresent("iahmed@govolution.com", true): Text 'iahmed@govolution.com' is present on page  using regular expression

2024-11-12 16:27:10 - [MESSAGE][PASSED] - Text 'iahmed@govolution.com' is present on page  using regular expression

2024-11-12 16:27:10 - [TEST_STEP][PASSED] - verifyTextPresent("Phone:", true): Text 'Phone:' is present on page  using regular expression

2024-11-12 16:27:10 - [MESSAGE][PASSED] - Text 'Phone:' is present on page  using regular expression

2024-11-12 16:27:10 - [TEST_STEP][PASSED] - verifyTextPresent("(703) 894-5000", false): Text '(703) 894-5000' is present on page 

2024-11-12 16:27:10 - [MESSAGE][PASSED] - Text '(703) 894-5000' is present on page 

2024-11-12 16:27:10 - [TEST_STEP][PASSED] - verifyTextPresent("Tax Information", true): Text 'Tax Information' is present on page  using regular expression

2024-11-12 16:27:11 - [MESSAGE][PASSED] - Text 'Tax Information' is present on page  using regular expression

2024-11-12 16:27:11 - [TEST_STEP][PASSED] - verifyTextNotPresent("Notice Number", true): Text 'Notice Number' is not present on page using regular expression

2024-11-12 16:27:11 - [MESSAGE][PASSED] - Text 'Notice Number' is not present on page using regular expression

2024-11-12 16:27:11 - [TEST_STEP][PASSED] - if (month.trim()): Text 'October' is present on page  using regular expression

2024-11-12 16:27:11 - [TEST_STEP][PASSED] - verifyTextPresent("Period Ending", true): Text 'Period Ending' is present on page  using regular expression

2024-11-12 16:27:11 - [MESSAGE][PASSED] - Text 'Period Ending' is present on page  using regular expression

2024-11-12 16:27:11 - [TEST_STEP][PASSED] - verifyTextPresent(month, true): Text 'October' is present on page  using regular expression

2024-11-12 16:27:12 - [MESSAGE][PASSED] - Text 'October' is present on page  using regular expression

2024-11-12 16:27:12 - [TEST_STEP][PASSED] - if (feinSSN.equalsIgnoreCase("Y")): null

2024-11-12 16:27:12 - [TEST_STEP][PASSED] - else: Text 'XXXXXXX87' is present on page  using regular expression

2024-11-12 16:27:12 - [TEST_STEP][PASSED] - if (!(TaxType.equalsIgnoreCase("Estate Tax"))): Text 'XXXXXXX87' is present on page  using regular expression

2024-11-12 16:27:12 - [TEST_STEP][PASSED] - verifyTextPresent("Federal EIN:", true): Text 'Federal EIN:' is present on page  using regular expression

2024-11-12 16:27:12 - [MESSAGE][PASSED] - Text 'Federal EIN:' is present on page  using regular expression

2024-11-12 16:27:12 - [TEST_STEP][PASSED] - verifyTextNotPresent("FEIN/SSN:", true): Text 'FEIN/SSN:' is not present on page using regular expression

2024-11-12 16:27:12 - [MESSAGE][PASSED] - Text 'FEIN/SSN:' is not present on page using regular expression

2024-11-12 16:27:12 - [TEST_STEP][PASSED] - verifyTextPresent("XXXXXXX87", true): Text 'XXXXXXX87' is present on page  using regular expression

2024-11-12 16:27:13 - [MESSAGE][PASSED] - Text 'XXXXXXX87' is present on page  using regular expression

2024-11-12 16:27:13 - [TEST_STEP][PASSED] - if (TaxType.equalsIgnoreCase("Estate Tax")): null

2024-11-12 16:27:13 - [TEST_STEP][PASSED] - if (CRN.equalsIgnoreCase("Y")): Text '07640126' is present on page  using regular expression

2024-11-12 16:27:13 - [TEST_STEP][PASSED] - verifyTextPresent("MD Central Registration Number#:", true): Text 'MD Central Registration Number#:' is present on page  using regular expression

2024-11-12 16:27:13 - [MESSAGE][PASSED] - Text 'MD Central Registration Number#:' is present on page  using regular expression

2024-11-12 16:27:13 - [TEST_STEP][PASSED] - verifyTextPresent("07640126", true): Text '07640126' is present on page  using regular expression

2024-11-12 16:27:13 - [MESSAGE][PASSED] - Text '07640126' is present on page  using regular expression

2024-11-12 16:27:13 - [TEST_STEP][PASSED] - if (MFLicNum.equalsIgnoreCase("Y")): null

2024-11-12 16:27:13 - [TEST_STEP][PASSED] - else: Text 'Motor Fuel License Number#:' is not present on page using regular expression

2024-11-12 16:27:13 - [TEST_STEP][PASSED] - verifyTextNotPresent("Motor Fuel License Number#:", true): Text 'Motor Fuel License Number#:' is not present on page using regular expression

2024-11-12 16:27:14 - [MESSAGE][PASSED] - Text 'Motor Fuel License Number#:' is not present on page using regular expression

2024-11-12 16:27:14 - [TEST_STEP][PASSED] - verifyTextPresent("Payment Amount:", true): Text 'Payment Amount:' is present on page  using regular expression

2024-11-12 16:27:14 - [MESSAGE][PASSED] - Text 'Payment Amount:' is present on page  using regular expression

2024-11-12 16:27:14 - [TEST_STEP][PASSED] - verifyTextPresent("100.00", true): Text '100.00' is present on page  using regular expression

2024-11-12 16:27:14 - [MESSAGE][PASSED] - Text '100.00' is present on page  using regular expression

2024-11-12 16:27:14 - [TEST_STEP][PASSED] - if (verifyElementVisible(findTestObject(orPath_Summary + "/button_Proceed to Payment"))): null

2024-11-12 16:27:15 - [MESSAGE][PASSED] - Object 'Object Repository/RAD_Pages/Summary_Page/button_Proceed to Payment' is visible

2024-11-12 16:27:15 - [TEST_STEP][PASSED] - resText = "Pass": null

2024-11-12 16:27:15 - [TEST_STEP][PASSED] - pages.WriteExcel.demoKey(resText, datText, resColumn, datCloumn, fileLoc, nameSheet, row): pages.WriteExcel.demoKey is PASSED

2024-11-12 16:27:15 - [MESSAGE][PASSED] - pages.WriteExcel.demoKey is PASSED

2024-11-12 16:27:15 - [TEST_STEP][PASSED] - click(findTestObject(orPath_Summary + "/button_Proceed to Payment")): Object: 'Object Repository/RAD_Pages/Summary_Page/button_Proceed to Payment' is clicked on

2024-11-12 16:27:18 - [MESSAGE][PASSED] - Object: 'Object Repository/RAD_Pages/Summary_Page/button_Proceed to Payment' is clicked on

2024-11-12 16:27:18 - [TEST_STEP][PASSED] - verifyElementPresent(findTestObject("Object Repository/RAD_Pages/PaymentEntry_Page/input__billingName"), 30): Object 'Object Repository/RAD_Pages/PaymentEntry_Page/input__billingName' is present

2024-11-12 16:27:18 - [MESSAGE][PASSED] - Object 'Object Repository/RAD_Pages/PaymentEntry_Page/input__billingName' is present

2024-11-12 16:27:18 - [TEST_STEP][PASSED] - ExecuteTC = findTestData(dataFile).getValue("Execute", row): null

2024-11-12 16:27:18 - [TEST_STEP][PASSED] - TaxType = findTestData(dataFile).getValue("TaxType", row): null

2024-11-12 16:27:18 - [TEST_STEP][PASSED] - PaymentType = findTestData(dataFile).getValue("PaymentType", row): null

2024-11-12 16:27:18 - [TEST_STEP][PASSED] - FilingYear = findTestData(dataFile).getValue("Year", row): null

2024-11-12 16:27:18 - [TEST_STEP][PASSED] - feinSSN = findTestData(dataFile).getValue("FeinSsn", row): null

2024-11-12 16:27:18 - [TEST_STEP][PASSED] - CRN = findTestData(dataFile).getValue("CRN", row): null

2024-11-12 16:27:19 - [TEST_STEP][PASSED] - month = findTestData(dataFile).getValue("Month", row): null

2024-11-12 16:27:19 - [TEST_STEP][PASSED] - MFLicNum = findTestData(dataFile).getValue("MFLicNum", row): null

2024-11-12 16:27:19 - [TEST_STEP][PASSED] - if (ExecuteTC.equalsIgnoreCase("Y")): Object 'Object Repository/RAD_Pages/PaymentEntry_Page/input__billingName' is present

2024-11-12 16:27:19 - [TEST_STEP][PASSED] - out.println("Begin Record Number: " + row): null

2024-11-12 16:27:19 - [TEST_STEP][PASSED] - today = new java.util.Date(): null

2024-11-12 16:27:19 - [TEST_STEP][PASSED] - println(today): null

2024-11-12 16:27:19 - [TEST_STEP][PASSED] - datText = today: null

2024-11-12 16:27:19 - [TEST_STEP][PASSED] - logInfo("Payment Type: New Tax Return Amount Due"): Payment Type: New Tax Return Amount Due

2024-11-12 16:27:19 - [MESSAGE][INFO] - Payment Type: New Tax Return Amount Due

2024-11-12 16:27:19 - [TEST_STEP][PASSED] - logInfo("Tax Type: " + TaxType): Tax Type: Slots License Fee

2024-11-12 16:27:19 - [MESSAGE][INFO] - Tax Type: Slots License Fee

2024-11-12 16:27:19 - [TEST_STEP][PASSED] - openBrowser(""): Browser is opened with url: ''

2024-11-12 16:27:19 - [MESSAGE][WARNING] - A browser is already opened. Closing browser and opening a new one

2024-11-12 16:27:20 - [MESSAGE][INFO] - Starting 'Chrome' driver

2024-11-12 16:27:20 - [MESSAGE][INFO] - User set preference: ['acceptInsecureCerts', 'true']

2024-11-12 16:27:20 - [MESSAGE][INFO] - Action delay is set to 0 milliseconds

2024-11-12 16:27:22 - [MESSAGE][PASSED] - Browser is opened with url: ''

2024-11-12 16:27:22 - [TEST_STEP][PASSED] - maximizeWindow(): Current window maximized

2024-11-12 16:27:22 - [MESSAGE][PASSED] - Current window maximized

2024-11-12 16:27:22 - [TEST_STEP][PASSED] - navigateToUrl(RADurl): Navigate to 'https://www.velocitypayment.com/client/rad/index.html' successfully

2024-11-12 16:27:23 - [MESSAGE][PASSED] - Navigate to 'https://www.velocitypayment.com/client/rad/index.html' successfully

2024-11-12 16:27:23 - [TEST_STEP][PASSED] - selectOptionByLabel(findTestObject(orPath_Landing + "/dd_TaxType"), "New Tax Return Amount Due", false): All options with label 'New Tax Return Amount Due' are selected in object 'Object Repository/RAD_Pages/Landing_Page/dd_TaxType' 

2024-11-12 16:27:24 - [MESSAGE][PASSED] - All options with label 'New Tax Return Amount Due' are selected in object 'Object Repository/RAD_Pages/Landing_Page/dd_TaxType' 

2024-11-12 16:27:24 - [TEST_STEP][PASSED] - selectOptionByLabel(findTestObject("Object Repository/RAD_Pages/Landing_Page/select_NewTaxReturnAmountDue_TaxType"), TaxType, false): All options with label 'Slots License Fee' are selected in object 'Object Repository/RAD_Pages/Landing_Page/select_NewTaxReturnAmountDue_TaxType' 

2024-11-12 16:27:25 - [MESSAGE][PASSED] - All options with label 'Slots License Fee' are selected in object 'Object Repository/RAD_Pages/Landing_Page/select_NewTaxReturnAmountDue_TaxType' 

2024-11-12 16:27:25 - [TEST_STEP][PASSED] - selectOptionByLabel(findTestObject(orPath_TaxTypeFilingYear + "/select_FilingYear"), FilingYear, false): All options with label '2024' are selected in object 'Object Repository/RAD_Pages/TaxTypeFilingYear_Page/select_FilingYear' 

2024-11-12 16:27:25 - [MESSAGE][PASSED] - All options with label '2024' are selected in object 'Object Repository/RAD_Pages/TaxTypeFilingYear_Page/select_FilingYear' 

2024-11-12 16:27:25 - [TEST_STEP][PASSED] - if (month.trim()): null

2024-11-12 16:27:25 - [TEST_STEP][PASSED] - rad.getSetDataRAD.setDataRADBusinessName(): rad.getSetDataRAD.setDataRADBusinessName is PASSED

2024-11-12 16:27:26 - [MESSAGE][PASSED] - Text 'My Company' is set on object 'Object Repository/RAD_Pages/Taxpayer_Page/input_businessName'

2024-11-12 16:27:26 - [MESSAGE][PASSED] - rad.getSetDataRAD.setDataRADBusinessName is PASSED

2024-11-12 16:27:26 - [TEST_STEP][PASSED] - rad.getSetDataRAD.setDataRADBusinessRep(): rad.getSetDataRAD.setDataRADBusinessRep is PASSED

2024-11-12 16:27:27 - [MESSAGE][PASSED] - Text 'BusRepFname' is set on object 'Object Repository/RAD_Pages/Taxpayer_Page/input_BusinessRepfirstName'

2024-11-12 16:27:28 - [MESSAGE][PASSED] - Text '' is set on object 'Object Repository/RAD_Pages/Taxpayer_Page/input_BusinessRepmiddleName'

2024-11-12 16:27:29 - [MESSAGE][PASSED] - Text 'BusRepLname' is set on object 'Object Repository/RAD_Pages/Taxpayer_Page/input_BusinessReplastName'

2024-11-12 16:27:29 - [MESSAGE][PASSED] - Text '' is set on object 'Object Repository/RAD_Pages/Taxpayer_Page/input_BusinessRepsuffix'

2024-11-12 16:27:29 - [MESSAGE][PASSED] - rad.getSetDataRAD.setDataRADBusinessRep is PASSED

2024-11-12 16:27:29 - [TEST_STEP][PASSED] - rad.getSetDataRAD.setDataRADAddress(): rad.getSetDataRAD.setDataRADAddress is PASSED

2024-11-12 16:27:30 - [MESSAGE][PASSED] - All options with label 'United States' are selected in object 'Object Repository/RAD_Pages/AddressAndContactInfo_Page/select_Country' 

2024-11-12 16:27:31 - [MESSAGE][PASSED] - Text '2508 Mandan Terrace' is set on object 'Object Repository/RAD_Pages/AddressAndContactInfo_Page/input_streetAddress1'

2024-11-12 16:27:31 - [MESSAGE][PASSED] - Text '' is set on object 'Object Repository/RAD_Pages/AddressAndContactInfo_Page/input_streetAddress2'

2024-11-12 16:27:32 - [MESSAGE][PASSED] - Text 'Gambrills' is set on object 'Object Repository/RAD_Pages/AddressAndContactInfo_Page/input_city'

2024-11-12 16:27:33 - [MESSAGE][PASSED] - All options with label 'Maryland' are selected in object 'Object Repository/RAD_Pages/AddressAndContactInfo_Page/select_State' 

2024-11-12 16:27:34 - [MESSAGE][PASSED] - Text '21054' is set on object 'Object Repository/RAD_Pages/AddressAndContactInfo_Page/input_zipCode'

2024-11-12 16:27:34 - [MESSAGE][PASSED] - Text '(703) 894-5000' is set on object 'Object Repository/RAD_Pages/AddressAndContactInfo_Page/input_phoneNumber'

2024-11-12 16:27:36 - [MESSAGE][PASSED] - Text 'iahmed@govolution.com' is set on object 'Object Repository/RAD_Pages/AddressAndContactInfo_Page/input_eMailAddress'

2024-11-12 16:27:37 - [MESSAGE][PASSED] - Text 'iahmed@govolution.com' is set on object 'Object Repository/RAD_Pages/AddressAndContactInfo_Page/input_reEnterEMailAddress'

2024-11-12 16:27:37 - [MESSAGE][PASSED] - rad.getSetDataRAD.setDataRADAddress is PASSED

2024-11-12 16:27:37 - [TEST_STEP][PASSED] - if (feinSSN.equalsIgnoreCase("Y")): null

2024-11-12 16:27:37 - [TEST_STEP][PASSED] - else: Text ****** has been set on object 'Object Repository/RAD_Pages/TaxInfo_Page/input_FederalEIN_ReEnter'

2024-11-12 16:27:37 - [TEST_STEP][PASSED] - if (!(TaxType.equalsIgnoreCase("Estate Tax"))): Text ****** has been set on object 'Object Repository/RAD_Pages/TaxInfo_Page/input_FederalEIN_ReEnter'

2024-11-12 16:27:37 - [TEST_STEP][PASSED] - setEncryptedText(findTestObject(orPath_TaxInfo + "/input_FederalEIN"), "yXB7JMCbD3QoFF75EQd3iw=="): Text ****** has been set on object 'Object Repository/RAD_Pages/TaxInfo_Page/input_FederalEIN'

2024-11-12 16:27:38 - [MESSAGE][PASSED] - Text ****** has been set on object 'Object Repository/RAD_Pages/TaxInfo_Page/input_FederalEIN'

2024-11-12 16:27:38 - [TEST_STEP][PASSED] - setEncryptedText(findTestObject(orPath_TaxInfo + "/input_FederalEIN_ReEnter"), "yXB7JMCbD3QoFF75EQd3iw=="): Text ****** has been set on object 'Object Repository/RAD_Pages/TaxInfo_Page/input_FederalEIN_ReEnter'

2024-11-12 16:27:38 - [MESSAGE][PASSED] - Text ****** has been set on object 'Object Repository/RAD_Pages/TaxInfo_Page/input_FederalEIN_ReEnter'

2024-11-12 16:27:38 - [TEST_STEP][PASSED] - if (CRN.equalsIgnoreCase("Y")): rad.getSetDataRAD.setDataRADMDCRN is PASSED

2024-11-12 16:27:38 - [TEST_STEP][PASSED] - rad.getSetDataRAD.setDataRADMDCRN(): rad.getSetDataRAD.setDataRADMDCRN is PASSED

2024-11-12 16:27:39 - [MESSAGE][PASSED] - Text '07640126' is set on object 'Object Repository/RAD_Pages/TaxInfo_Page/input_MDCRegistration'

2024-11-12 16:27:39 - [MESSAGE][PASSED] - rad.getSetDataRAD.setDataRADMDCRN is PASSED

2024-11-12 16:27:39 - [TEST_STEP][PASSED] - if (MFLicNum.equalsIgnoreCase("Y")): null

2024-11-12 16:27:39 - [TEST_STEP][PASSED] - if (TaxType.equalsIgnoreCase("Estate Tax")): null

2024-11-12 16:27:39 - [TEST_STEP][PASSED] - setText(findTestObject(orPath_Amount + "/input__paymentAmount"), "100.00"): Text '100.00' is set on object 'Object Repository/RAD_Pages/PaymentAmount_Page/input__paymentAmount'

2024-11-12 16:27:40 - [MESSAGE][PASSED] - Text '100.00' is set on object 'Object Repository/RAD_Pages/PaymentAmount_Page/input__paymentAmount'

2024-11-12 16:27:40 - [TEST_STEP][PASSED] - setText(findTestObject(orPath_AddressContact + "/input_streetAddress2"), ""): Text '' is set on object 'Object Repository/RAD_Pages/AddressAndContactInfo_Page/input_streetAddress2'

2024-11-12 16:27:41 - [MESSAGE][PASSED] - Text '' is set on object 'Object Repository/RAD_Pages/AddressAndContactInfo_Page/input_streetAddress2'

2024-11-12 16:27:41 - [TEST_STEP][PASSED] - scrollToElement(findTestObject(orPath_Landing + "/button_Continue"), 3): Scroll to object 'Object Repository/RAD_Pages/Landing_Page/button_Continue' successfully

2024-11-12 16:27:41 - [MESSAGE][PASSED] - Scroll to object 'Object Repository/RAD_Pages/Landing_Page/button_Continue' successfully

2024-11-12 16:27:41 - [TEST_STEP][PASSED] - waitForElementClickable(findTestObject(orPath_Landing + "/button_Continue"), 5): Object 'Object Repository/RAD_Pages/Landing_Page/button_Continue' is clickable

2024-11-12 16:27:41 - [MESSAGE][PASSED] - Object 'Object Repository/RAD_Pages/Landing_Page/button_Continue' is clickable

2024-11-12 16:27:41 - [TEST_STEP][PASSED] - click(findTestObject(orPath_Landing + "/button_Continue")): Object: 'Object Repository/RAD_Pages/Landing_Page/button_Continue' is clicked on

2024-11-12 16:27:42 - [MESSAGE][PASSED] - Object: 'Object Repository/RAD_Pages/Landing_Page/button_Continue' is clicked on

2024-11-12 16:27:42 - [TEST_STEP][PASSED] - delay(2): Delayed 2 second(s)

2024-11-12 16:27:44 - [MESSAGE][PASSED] - Delayed 2 second(s)

2024-11-12 16:27:44 - [TEST_STEP][PASSED] - verifyTextPresent("Summary", true): Text 'Summary' is present on page  using regular expression

2024-11-12 16:27:44 - [MESSAGE][PASSED] - Text 'Summary' is present on page  using regular expression

2024-11-12 16:27:44 - [TEST_STEP][PASSED] - verifyTextPresent("Review the information below and make any necessary corrections by clicking the", true): Text 'Review the information below and make any necessary corrections by clicking the' is present on page  using regular expression

2024-11-12 16:27:44 - [MESSAGE][PASSED] - Text 'Review the information below and make any necessary corrections by clicking the' is present on page  using regular expression

2024-11-12 16:27:44 - [TEST_STEP][PASSED] - verifyTextPresent("When you are confident that all the information is correct, click the", true): Text 'When you are confident that all the information is correct, click the' is present on page  using regular expression

2024-11-12 16:27:45 - [MESSAGE][PASSED] - Text 'When you are confident that all the information is correct, click the' is present on page  using regular expression

2024-11-12 16:27:45 - [TEST_STEP][PASSED] - verifyTextPresent("Payment Type/Filing Year", true): Text 'Payment Type/Filing Year' is present on page  using regular expression

2024-11-12 16:27:45 - [MESSAGE][PASSED] - Text 'Payment Type/Filing Year' is present on page  using regular expression

2024-11-12 16:27:45 - [TEST_STEP][PASSED] - verifyTextPresent("Payment Type:", true): Text 'Payment Type:' is present on page  using regular expression

2024-11-12 16:27:45 - [MESSAGE][PASSED] - Text 'Payment Type:' is present on page  using regular expression

2024-11-12 16:27:45 - [TEST_STEP][PASSED] - verifyTextPresent("New Tax Return Amount Due", true): Text 'New Tax Return Amount Due' is present on page  using regular expression

2024-11-12 16:27:46 - [MESSAGE][PASSED] - Text 'New Tax Return Amount Due' is present on page  using regular expression

2024-11-12 16:27:46 - [TEST_STEP][PASSED] - verifyTextPresent("Filing Year:", true): Text 'Filing Year:' is present on page  using regular expression

2024-11-12 16:27:46 - [MESSAGE][PASSED] - Text 'Filing Year:' is present on page  using regular expression

2024-11-12 16:27:46 - [TEST_STEP][PASSED] - verifyTextPresent(FilingYear, true): Text '2024' is present on page  using regular expression

2024-11-12 16:27:46 - [MESSAGE][PASSED] - Text '2024' is present on page  using regular expression

2024-11-12 16:27:46 - [TEST_STEP][PASSED] - verifyTextPresent("Payer Information", true): Text 'Payer Information' is present on page  using regular expression

2024-11-12 16:27:47 - [MESSAGE][PASSED] - Text 'Payer Information' is present on page  using regular expression

2024-11-12 16:27:47 - [TEST_STEP][PASSED] - verifyTextPresent("Taxpayer Name:", true): Text 'Taxpayer Name:' is present on page  using regular expression

2024-11-12 16:27:47 - [MESSAGE][PASSED] - Text 'Taxpayer Name:' is present on page  using regular expression

2024-11-12 16:27:47 - [TEST_STEP][PASSED] - verifyTextPresent("My Company", true): Text 'My Company' is present on page  using regular expression

2024-11-12 16:27:47 - [MESSAGE][PASSED] - Text 'My Company' is present on page  using regular expression

2024-11-12 16:27:47 - [TEST_STEP][PASSED] - verifyTextPresent("Business Rep Name:", true): Text 'Business Rep Name:' is present on page  using regular expression

2024-11-12 16:27:48 - [MESSAGE][PASSED] - Text 'Business Rep Name:' is present on page  using regular expression

2024-11-12 16:27:48 - [TEST_STEP][PASSED] - verifyTextPresent("BusRepFname BusRepLname", true): Text 'BusRepFname BusRepLname' is present on page  using regular expression

2024-11-12 16:27:48 - [MESSAGE][PASSED] - Text 'BusRepFname BusRepLname' is present on page  using regular expression

2024-11-12 16:27:48 - [TEST_STEP][PASSED] - verifyTextPresent("Taxpayer Address:", true): Text 'Taxpayer Address:' is present on page  using regular expression

2024-11-12 16:27:48 - [MESSAGE][PASSED] - Text 'Taxpayer Address:' is present on page  using regular expression

2024-11-12 16:27:48 - [TEST_STEP][PASSED] - verifyTextPresent("2508 Mandan Terrace Gambrills Maryland 21054", true): Text '2508 Mandan Terrace Gambrills Maryland 21054' is present on page  using regular expression

2024-11-12 16:27:49 - [MESSAGE][PASSED] - Text '2508 Mandan Terrace Gambrills Maryland 21054' is present on page  using regular expression

2024-11-12 16:27:49 - [TEST_STEP][PASSED] - verifyTextPresent("Email:", true): Text 'Email:' is present on page  using regular expression

2024-11-12 16:27:49 - [MESSAGE][PASSED] - Text 'Email:' is present on page  using regular expression

2024-11-12 16:27:49 - [TEST_STEP][PASSED] - verifyTextPresent("iahmed@govolution.com", true): Text 'iahmed@govolution.com' is present on page  using regular expression

2024-11-12 16:27:49 - [MESSAGE][PASSED] - Text 'iahmed@govolution.com' is present on page  using regular expression

2024-11-12 16:27:49 - [TEST_STEP][PASSED] - verifyTextPresent("Phone:", true): Text 'Phone:' is present on page  using regular expression

2024-11-12 16:27:50 - [MESSAGE][PASSED] - Text 'Phone:' is present on page  using regular expression

2024-11-12 16:27:50 - [TEST_STEP][PASSED] - verifyTextPresent("(703) 894-5000", false): Text '(703) 894-5000' is present on page 

2024-11-12 16:27:50 - [MESSAGE][PASSED] - Text '(703) 894-5000' is present on page 

2024-11-12 16:27:50 - [TEST_STEP][PASSED] - verifyTextPresent("Tax Information", true): Text 'Tax Information' is present on page  using regular expression

2024-11-12 16:27:50 - [MESSAGE][PASSED] - Text 'Tax Information' is present on page  using regular expression

2024-11-12 16:27:50 - [TEST_STEP][PASSED] - verifyTextNotPresent("Notice Number", true): Text 'Notice Number' is not present on page using regular expression

2024-11-12 16:27:51 - [MESSAGE][PASSED] - Text 'Notice Number' is not present on page using regular expression

2024-11-12 16:27:51 - [TEST_STEP][PASSED] - if (month.trim()): null

2024-11-12 16:27:51 - [TEST_STEP][PASSED] - else: Text 'Period Ending' is not present on page using regular expression

2024-11-12 16:27:51 - [TEST_STEP][PASSED] - verifyTextNotPresent("Period Ending", true): Text 'Period Ending' is not present on page using regular expression

2024-11-12 16:27:51 - [MESSAGE][PASSED] - Text 'Period Ending' is not present on page using regular expression

2024-11-12 16:27:51 - [TEST_STEP][PASSED] - if (feinSSN.equalsIgnoreCase("Y")): null

2024-11-12 16:27:51 - [TEST_STEP][PASSED] - else: Text 'XXXXXXX87' is present on page  using regular expression

2024-11-12 16:27:51 - [TEST_STEP][PASSED] - if (!(TaxType.equalsIgnoreCase("Estate Tax"))): Text 'XXXXXXX87' is present on page  using regular expression

2024-11-12 16:27:51 - [TEST_STEP][PASSED] - verifyTextPresent("Federal EIN:", true): Text 'Federal EIN:' is present on page  using regular expression

2024-11-12 16:27:51 - [MESSAGE][PASSED] - Text 'Federal EIN:' is present on page  using regular expression

2024-11-12 16:27:51 - [TEST_STEP][PASSED] - verifyTextNotPresent("FEIN/SSN:", true): Text 'FEIN/SSN:' is not present on page using regular expression

2024-11-12 16:27:52 - [MESSAGE][PASSED] - Text 'FEIN/SSN:' is not present on page using regular expression

2024-11-12 16:27:52 - [TEST_STEP][PASSED] - verifyTextPresent("XXXXXXX87", true): Text 'XXXXXXX87' is present on page  using regular expression

2024-11-12 16:27:52 - [MESSAGE][PASSED] - Text 'XXXXXXX87' is present on page  using regular expression

2024-11-12 16:27:52 - [TEST_STEP][PASSED] - if (TaxType.equalsIgnoreCase("Estate Tax")): null

2024-11-12 16:27:52 - [TEST_STEP][PASSED] - if (CRN.equalsIgnoreCase("Y")): Text '07640126' is present on page  using regular expression

2024-11-12 16:27:52 - [TEST_STEP][PASSED] - verifyTextPresent("MD Central Registration Number#:", true): Text 'MD Central Registration Number#:' is present on page  using regular expression

2024-11-12 16:27:52 - [MESSAGE][PASSED] - Text 'MD Central Registration Number#:' is present on page  using regular expression

2024-11-12 16:27:52 - [TEST_STEP][PASSED] - verifyTextPresent("07640126", true): Text '07640126' is present on page  using regular expression

2024-11-12 16:27:53 - [MESSAGE][PASSED] - Text '07640126' is present on page  using regular expression

2024-11-12 16:27:53 - [TEST_STEP][PASSED] - if (MFLicNum.equalsIgnoreCase("Y")): null

2024-11-12 16:27:53 - [TEST_STEP][PASSED] - else: Text 'Motor Fuel License Number#:' is not present on page using regular expression

2024-11-12 16:27:53 - [TEST_STEP][PASSED] - verifyTextNotPresent("Motor Fuel License Number#:", true): Text 'Motor Fuel License Number#:' is not present on page using regular expression

2024-11-12 16:27:53 - [MESSAGE][PASSED] - Text 'Motor Fuel License Number#:' is not present on page using regular expression

2024-11-12 16:27:53 - [TEST_STEP][PASSED] - verifyTextPresent("Payment Amount:", true): Text 'Payment Amount:' is present on page  using regular expression

2024-11-12 16:27:53 - [MESSAGE][PASSED] - Text 'Payment Amount:' is present on page  using regular expression

2024-11-12 16:27:53 - [TEST_STEP][PASSED] - verifyTextPresent("100.00", true): Text '100.00' is present on page  using regular expression

2024-11-12 16:27:54 - [MESSAGE][PASSED] - Text '100.00' is present on page  using regular expression

2024-11-12 16:27:54 - [TEST_STEP][PASSED] - if (verifyElementVisible(findTestObject(orPath_Summary + "/button_Proceed to Payment"))): null

2024-11-12 16:27:54 - [MESSAGE][PASSED] - Object 'Object Repository/RAD_Pages/Summary_Page/button_Proceed to Payment' is visible

2024-11-12 16:27:54 - [TEST_STEP][PASSED] - resText = "Pass": null

2024-11-12 16:27:54 - [TEST_STEP][PASSED] - pages.WriteExcel.demoKey(resText, datText, resColumn, datCloumn, fileLoc, nameSheet, row): pages.WriteExcel.demoKey is PASSED

2024-11-12 16:27:54 - [MESSAGE][PASSED] - pages.WriteExcel.demoKey is PASSED

2024-11-12 16:27:54 - [TEST_STEP][PASSED] - click(findTestObject(orPath_Summary + "/button_Proceed to Payment")): Object: 'Object Repository/RAD_Pages/Summary_Page/button_Proceed to Payment' is clicked on

2024-11-12 16:27:57 - [MESSAGE][PASSED] - Object: 'Object Repository/RAD_Pages/Summary_Page/button_Proceed to Payment' is clicked on

2024-11-12 16:27:57 - [TEST_STEP][PASSED] - verifyElementPresent(findTestObject("Object Repository/RAD_Pages/PaymentEntry_Page/input__billingName"), 30): Object 'Object Repository/RAD_Pages/PaymentEntry_Page/input__billingName' is present

2024-11-12 16:27:58 - [MESSAGE][PASSED] - Object 'Object Repository/RAD_Pages/PaymentEntry_Page/input__billingName' is present

2024-11-12 16:27:58 - [TEST_STEP][PASSED] - ExecuteTC = findTestData(dataFile).getValue("Execute", row): null

2024-11-12 16:27:58 - [TEST_STEP][PASSED] - TaxType = findTestData(dataFile).getValue("TaxType", row): null

2024-11-12 16:27:58 - [TEST_STEP][PASSED] - PaymentType = findTestData(dataFile).getValue("PaymentType", row): null

2024-11-12 16:27:58 - [TEST_STEP][PASSED] - FilingYear = findTestData(dataFile).getValue("Year", row): null

2024-11-12 16:27:58 - [TEST_STEP][PASSED] - feinSSN = findTestData(dataFile).getValue("FeinSsn", row): null

2024-11-12 16:27:58 - [TEST_STEP][PASSED] - CRN = findTestData(dataFile).getValue("CRN", row): null

2024-11-12 16:27:58 - [TEST_STEP][PASSED] - month = findTestData(dataFile).getValue("Month", row): null

2024-11-12 16:27:58 - [TEST_STEP][PASSED] - MFLicNum = findTestData(dataFile).getValue("MFLicNum", row): null

2024-11-12 16:27:58 - [TEST_STEP][PASSED] - if (ExecuteTC.equalsIgnoreCase("Y")): Object 'Object Repository/RAD_Pages/PaymentEntry_Page/input__billingName' is present

2024-11-12 16:27:58 - [TEST_STEP][PASSED] - out.println("Begin Record Number: " + row): null

2024-11-12 16:27:58 - [TEST_STEP][PASSED] - today = new java.util.Date(): null

2024-11-12 16:27:58 - [TEST_STEP][PASSED] - println(today): null

2024-11-12 16:27:58 - [TEST_STEP][PASSED] - datText = today: null

2024-11-12 16:27:58 - [TEST_STEP][PASSED] - logInfo("Payment Type: New Tax Return Amount Due"): Payment Type: New Tax Return Amount Due

2024-11-12 16:27:58 - [MESSAGE][INFO] - Payment Type: New Tax Return Amount Due

2024-11-12 16:27:58 - [TEST_STEP][PASSED] - logInfo("Tax Type: " + TaxType): Tax Type: Tire Recycling Fee

2024-11-12 16:27:58 - [MESSAGE][INFO] - Tax Type: Tire Recycling Fee

2024-11-12 16:27:58 - [TEST_STEP][PASSED] - openBrowser(""): Browser is opened with url: ''

2024-11-12 16:27:58 - [MESSAGE][WARNING] - A browser is already opened. Closing browser and opening a new one

2024-11-12 16:28:00 - [MESSAGE][INFO] - Starting 'Chrome' driver

2024-11-12 16:28:00 - [MESSAGE][INFO] - User set preference: ['acceptInsecureCerts', 'true']

2024-11-12 16:28:00 - [MESSAGE][INFO] - Action delay is set to 0 milliseconds

2024-11-12 16:28:01 - [MESSAGE][PASSED] - Browser is opened with url: ''

2024-11-12 16:28:01 - [TEST_STEP][PASSED] - maximizeWindow(): Current window maximized

2024-11-12 16:28:01 - [MESSAGE][PASSED] - Current window maximized

2024-11-12 16:28:01 - [TEST_STEP][PASSED] - navigateToUrl(RADurl): Navigate to 'https://www.velocitypayment.com/client/rad/index.html' successfully

2024-11-12 16:28:03 - [MESSAGE][PASSED] - Navigate to 'https://www.velocitypayment.com/client/rad/index.html' successfully

2024-11-12 16:28:03 - [TEST_STEP][PASSED] - selectOptionByLabel(findTestObject(orPath_Landing + "/dd_TaxType"), "New Tax Return Amount Due", false): All options with label 'New Tax Return Amount Due' are selected in object 'Object Repository/RAD_Pages/Landing_Page/dd_TaxType' 

2024-11-12 16:28:04 - [MESSAGE][PASSED] - All options with label 'New Tax Return Amount Due' are selected in object 'Object Repository/RAD_Pages/Landing_Page/dd_TaxType' 

2024-11-12 16:28:04 - [TEST_STEP][PASSED] - selectOptionByLabel(findTestObject("Object Repository/RAD_Pages/Landing_Page/select_NewTaxReturnAmountDue_TaxType"), TaxType, false): All options with label 'Tire Recycling Fee' are selected in object 'Object Repository/RAD_Pages/Landing_Page/select_NewTaxReturnAmountDue_TaxType' 

2024-11-12 16:28:04 - [MESSAGE][PASSED] - All options with label 'Tire Recycling Fee' are selected in object 'Object Repository/RAD_Pages/Landing_Page/select_NewTaxReturnAmountDue_TaxType' 

2024-11-12 16:28:04 - [TEST_STEP][PASSED] - selectOptionByLabel(findTestObject(orPath_TaxTypeFilingYear + "/select_FilingYear"), FilingYear, false): All options with label '2024' are selected in object 'Object Repository/RAD_Pages/TaxTypeFilingYear_Page/select_FilingYear' 

2024-11-12 16:28:05 - [MESSAGE][PASSED] - All options with label '2024' are selected in object 'Object Repository/RAD_Pages/TaxTypeFilingYear_Page/select_FilingYear' 

2024-11-12 16:28:05 - [TEST_STEP][PASSED] - if (month.trim()): All options with label 'November' are selected in object 'Object Repository/RAD_Pages/TaxTypeFilingYear_Page/select_PeriodEnding' 

2024-11-12 16:28:05 - [TEST_STEP][PASSED] - selectOptionByLabel(findTestObject(orPath_TaxTypeFilingYear + "/select_PeriodEnding"), month, false): All options with label 'November' are selected in object 'Object Repository/RAD_Pages/TaxTypeFilingYear_Page/select_PeriodEnding' 

2024-11-12 16:28:06 - [MESSAGE][PASSED] - All options with label 'November' are selected in object 'Object Repository/RAD_Pages/TaxTypeFilingYear_Page/select_PeriodEnding' 

2024-11-12 16:28:06 - [TEST_STEP][PASSED] - rad.getSetDataRAD.setDataRADBusinessName(): rad.getSetDataRAD.setDataRADBusinessName is PASSED

2024-11-12 16:28:07 - [MESSAGE][PASSED] - Text 'My Company' is set on object 'Object Repository/RAD_Pages/Taxpayer_Page/input_businessName'

2024-11-12 16:28:07 - [MESSAGE][PASSED] - rad.getSetDataRAD.setDataRADBusinessName is PASSED

2024-11-12 16:28:07 - [TEST_STEP][PASSED] - rad.getSetDataRAD.setDataRADBusinessRep(): rad.getSetDataRAD.setDataRADBusinessRep is PASSED

2024-11-12 16:28:08 - [MESSAGE][PASSED] - Text 'BusRepFname' is set on object 'Object Repository/RAD_Pages/Taxpayer_Page/input_BusinessRepfirstName'

2024-11-12 16:28:08 - [MESSAGE][PASSED] - Text '' is set on object 'Object Repository/RAD_Pages/Taxpayer_Page/input_BusinessRepmiddleName'

2024-11-12 16:28:09 - [MESSAGE][PASSED] - Text 'BusRepLname' is set on object 'Object Repository/RAD_Pages/Taxpayer_Page/input_BusinessReplastName'

2024-11-12 16:28:10 - [MESSAGE][PASSED] - Text '' is set on object 'Object Repository/RAD_Pages/Taxpayer_Page/input_BusinessRepsuffix'

2024-11-12 16:28:10 - [MESSAGE][PASSED] - rad.getSetDataRAD.setDataRADBusinessRep is PASSED

2024-11-12 16:28:10 - [TEST_STEP][PASSED] - rad.getSetDataRAD.setDataRADAddress(): rad.getSetDataRAD.setDataRADAddress is PASSED

2024-11-12 16:28:10 - [MESSAGE][PASSED] - All options with label 'United States' are selected in object 'Object Repository/RAD_Pages/AddressAndContactInfo_Page/select_Country' 

2024-11-12 16:28:11 - [MESSAGE][PASSED] - Text '2508 Mandan Terrace' is set on object 'Object Repository/RAD_Pages/AddressAndContactInfo_Page/input_streetAddress1'

2024-11-12 16:28:12 - [MESSAGE][PASSED] - Text '' is set on object 'Object Repository/RAD_Pages/AddressAndContactInfo_Page/input_streetAddress2'

2024-11-12 16:28:13 - [MESSAGE][PASSED] - Text 'Gambrills' is set on object 'Object Repository/RAD_Pages/AddressAndContactInfo_Page/input_city'

2024-11-12 16:28:13 - [MESSAGE][PASSED] - All options with label 'Maryland' are selected in object 'Object Repository/RAD_Pages/AddressAndContactInfo_Page/select_State' 

2024-11-12 16:28:14 - [MESSAGE][PASSED] - Text '21054' is set on object 'Object Repository/RAD_Pages/AddressAndContactInfo_Page/input_zipCode'

2024-11-12 16:28:15 - [MESSAGE][PASSED] - Text '(703) 894-5000' is set on object 'Object Repository/RAD_Pages/AddressAndContactInfo_Page/input_phoneNumber'

2024-11-12 16:28:16 - [MESSAGE][PASSED] - Text 'iahmed@govolution.com' is set on object 'Object Repository/RAD_Pages/AddressAndContactInfo_Page/input_eMailAddress'

2024-11-12 16:28:17 - [MESSAGE][PASSED] - Text 'iahmed@govolution.com' is set on object 'Object Repository/RAD_Pages/AddressAndContactInfo_Page/input_reEnterEMailAddress'

2024-11-12 16:28:17 - [MESSAGE][PASSED] - rad.getSetDataRAD.setDataRADAddress is PASSED

2024-11-12 16:28:17 - [TEST_STEP][PASSED] - if (feinSSN.equalsIgnoreCase("Y")): null

2024-11-12 16:28:17 - [TEST_STEP][PASSED] - else: Text ****** has been set on object 'Object Repository/RAD_Pages/TaxInfo_Page/input_FederalEIN_ReEnter'

2024-11-12 16:28:17 - [TEST_STEP][PASSED] - if (!(TaxType.equalsIgnoreCase("Estate Tax"))): Text ****** has been set on object 'Object Repository/RAD_Pages/TaxInfo_Page/input_FederalEIN_ReEnter'

2024-11-12 16:28:17 - [TEST_STEP][PASSED] - setEncryptedText(findTestObject(orPath_TaxInfo + "/input_FederalEIN"), "yXB7JMCbD3QoFF75EQd3iw=="): Text ****** has been set on object 'Object Repository/RAD_Pages/TaxInfo_Page/input_FederalEIN'

2024-11-12 16:28:17 - [MESSAGE][PASSED] - Text ****** has been set on object 'Object Repository/RAD_Pages/TaxInfo_Page/input_FederalEIN'

2024-11-12 16:28:17 - [TEST_STEP][PASSED] - setEncryptedText(findTestObject(orPath_TaxInfo + "/input_FederalEIN_ReEnter"), "yXB7JMCbD3QoFF75EQd3iw=="): Text ****** has been set on object 'Object Repository/RAD_Pages/TaxInfo_Page/input_FederalEIN_ReEnter'

2024-11-12 16:28:18 - [MESSAGE][PASSED] - Text ****** has been set on object 'Object Repository/RAD_Pages/TaxInfo_Page/input_FederalEIN_ReEnter'

2024-11-12 16:28:18 - [TEST_STEP][PASSED] - if (CRN.equalsIgnoreCase("Y")): rad.getSetDataRAD.setDataRADMDCRN is PASSED

2024-11-12 16:28:18 - [TEST_STEP][PASSED] - rad.getSetDataRAD.setDataRADMDCRN(): rad.getSetDataRAD.setDataRADMDCRN is PASSED

2024-11-12 16:28:18 - [MESSAGE][PASSED] - Text '07640126' is set on object 'Object Repository/RAD_Pages/TaxInfo_Page/input_MDCRegistration'

2024-11-12 16:28:18 - [MESSAGE][PASSED] - rad.getSetDataRAD.setDataRADMDCRN is PASSED

2024-11-12 16:28:18 - [TEST_STEP][PASSED] - if (MFLicNum.equalsIgnoreCase("Y")): null

2024-11-12 16:28:18 - [TEST_STEP][PASSED] - if (TaxType.equalsIgnoreCase("Estate Tax")): null

2024-11-12 16:28:18 - [TEST_STEP][PASSED] - setText(findTestObject(orPath_Amount + "/input__paymentAmount"), "100.00"): Text '100.00' is set on object 'Object Repository/RAD_Pages/PaymentAmount_Page/input__paymentAmount'

2024-11-12 16:28:19 - [MESSAGE][PASSED] - Text '100.00' is set on object 'Object Repository/RAD_Pages/PaymentAmount_Page/input__paymentAmount'

2024-11-12 16:28:19 - [TEST_STEP][PASSED] - setText(findTestObject(orPath_AddressContact + "/input_streetAddress2"), ""): Text '' is set on object 'Object Repository/RAD_Pages/AddressAndContactInfo_Page/input_streetAddress2'

2024-11-12 16:28:20 - [MESSAGE][PASSED] - Text '' is set on object 'Object Repository/RAD_Pages/AddressAndContactInfo_Page/input_streetAddress2'

2024-11-12 16:28:20 - [TEST_STEP][PASSED] - scrollToElement(findTestObject(orPath_Landing + "/button_Continue"), 3): Scroll to object 'Object Repository/RAD_Pages/Landing_Page/button_Continue' successfully

2024-11-12 16:28:20 - [MESSAGE][PASSED] - Scroll to object 'Object Repository/RAD_Pages/Landing_Page/button_Continue' successfully

2024-11-12 16:28:20 - [TEST_STEP][PASSED] - waitForElementClickable(findTestObject(orPath_Landing + "/button_Continue"), 5): Object 'Object Repository/RAD_Pages/Landing_Page/button_Continue' is clickable

2024-11-12 16:28:21 - [MESSAGE][PASSED] - Object 'Object Repository/RAD_Pages/Landing_Page/button_Continue' is clickable

2024-11-12 16:28:21 - [TEST_STEP][PASSED] - click(findTestObject(orPath_Landing + "/button_Continue")): Object: 'Object Repository/RAD_Pages/Landing_Page/button_Continue' is clicked on

2024-11-12 16:28:21 - [MESSAGE][PASSED] - Object: 'Object Repository/RAD_Pages/Landing_Page/button_Continue' is clicked on

2024-11-12 16:28:21 - [TEST_STEP][PASSED] - delay(2): Delayed 2 second(s)

2024-11-12 16:28:23 - [MESSAGE][PASSED] - Delayed 2 second(s)

2024-11-12 16:28:23 - [TEST_STEP][PASSED] - verifyTextPresent("Summary", true): Text 'Summary' is present on page  using regular expression

2024-11-12 16:28:23 - [MESSAGE][PASSED] - Text 'Summary' is present on page  using regular expression

2024-11-12 16:28:23 - [TEST_STEP][PASSED] - verifyTextPresent("Review the information below and make any necessary corrections by clicking the", true): Text 'Review the information below and make any necessary corrections by clicking the' is present on page  using regular expression

2024-11-12 16:28:24 - [MESSAGE][PASSED] - Text 'Review the information below and make any necessary corrections by clicking the' is present on page  using regular expression

2024-11-12 16:28:24 - [TEST_STEP][PASSED] - verifyTextPresent("When you are confident that all the information is correct, click the", true): Text 'When you are confident that all the information is correct, click the' is present on page  using regular expression

2024-11-12 16:28:24 - [MESSAGE][PASSED] - Text 'When you are confident that all the information is correct, click the' is present on page  using regular expression

2024-11-12 16:28:24 - [TEST_STEP][PASSED] - verifyTextPresent("Payment Type/Filing Year", true): Text 'Payment Type/Filing Year' is present on page  using regular expression

2024-11-12 16:28:24 - [MESSAGE][PASSED] - Text 'Payment Type/Filing Year' is present on page  using regular expression

2024-11-12 16:28:24 - [TEST_STEP][PASSED] - verifyTextPresent("Payment Type:", true): Text 'Payment Type:' is present on page  using regular expression

2024-11-12 16:28:25 - [MESSAGE][PASSED] - Text 'Payment Type:' is present on page  using regular expression

2024-11-12 16:28:25 - [TEST_STEP][PASSED] - verifyTextPresent("New Tax Return Amount Due", true): Text 'New Tax Return Amount Due' is present on page  using regular expression

2024-11-12 16:28:25 - [MESSAGE][PASSED] - Text 'New Tax Return Amount Due' is present on page  using regular expression

2024-11-12 16:28:25 - [TEST_STEP][PASSED] - verifyTextPresent("Filing Year:", true): Text 'Filing Year:' is present on page  using regular expression

2024-11-12 16:28:25 - [MESSAGE][PASSED] - Text 'Filing Year:' is present on page  using regular expression

2024-11-12 16:28:25 - [TEST_STEP][PASSED] - verifyTextPresent(FilingYear, true): Text '2024' is present on page  using regular expression

2024-11-12 16:28:26 - [MESSAGE][PASSED] - Text '2024' is present on page  using regular expression

2024-11-12 16:28:26 - [TEST_STEP][PASSED] - verifyTextPresent("Payer Information", true): Text 'Payer Information' is present on page  using regular expression

2024-11-12 16:28:26 - [MESSAGE][PASSED] - Text 'Payer Information' is present on page  using regular expression

2024-11-12 16:28:26 - [TEST_STEP][PASSED] - verifyTextPresent("Taxpayer Name:", true): Text 'Taxpayer Name:' is present on page  using regular expression

2024-11-12 16:28:26 - [MESSAGE][PASSED] - Text 'Taxpayer Name:' is present on page  using regular expression

2024-11-12 16:28:26 - [TEST_STEP][PASSED] - verifyTextPresent("My Company", true): Text 'My Company' is present on page  using regular expression

2024-11-12 16:28:27 - [MESSAGE][PASSED] - Text 'My Company' is present on page  using regular expression

2024-11-12 16:28:27 - [TEST_STEP][PASSED] - verifyTextPresent("Business Rep Name:", true): Text 'Business Rep Name:' is present on page  using regular expression

2024-11-12 16:28:27 - [MESSAGE][PASSED] - Text 'Business Rep Name:' is present on page  using regular expression

2024-11-12 16:28:27 - [TEST_STEP][PASSED] - verifyTextPresent("BusRepFname BusRepLname", true): Text 'BusRepFname BusRepLname' is present on page  using regular expression

2024-11-12 16:28:27 - [MESSAGE][PASSED] - Text 'BusRepFname BusRepLname' is present on page  using regular expression

2024-11-12 16:28:27 - [TEST_STEP][PASSED] - verifyTextPresent("Taxpayer Address:", true): Text 'Taxpayer Address:' is present on page  using regular expression

2024-11-12 16:28:28 - [MESSAGE][PASSED] - Text 'Taxpayer Address:' is present on page  using regular expression

2024-11-12 16:28:28 - [TEST_STEP][PASSED] - verifyTextPresent("2508 Mandan Terrace Gambrills Maryland 21054", true): Text '2508 Mandan Terrace Gambrills Maryland 21054' is present on page  using regular expression

2024-11-12 16:28:28 - [MESSAGE][PASSED] - Text '2508 Mandan Terrace Gambrills Maryland 21054' is present on page  using regular expression

2024-11-12 16:28:28 - [TEST_STEP][PASSED] - verifyTextPresent("Email:", true): Text 'Email:' is present on page  using regular expression

2024-11-12 16:28:28 - [MESSAGE][PASSED] - Text 'Email:' is present on page  using regular expression

2024-11-12 16:28:28 - [TEST_STEP][PASSED] - verifyTextPresent("iahmed@govolution.com", true): Text 'iahmed@govolution.com' is present on page  using regular expression

2024-11-12 16:28:29 - [MESSAGE][PASSED] - Text 'iahmed@govolution.com' is present on page  using regular expression

2024-11-12 16:28:29 - [TEST_STEP][PASSED] - verifyTextPresent("Phone:", true): Text 'Phone:' is present on page  using regular expression

2024-11-12 16:28:29 - [MESSAGE][PASSED] - Text 'Phone:' is present on page  using regular expression

2024-11-12 16:28:29 - [TEST_STEP][PASSED] - verifyTextPresent("(703) 894-5000", false): Text '(703) 894-5000' is present on page 

2024-11-12 16:28:29 - [MESSAGE][PASSED] - Text '(703) 894-5000' is present on page 

2024-11-12 16:28:29 - [TEST_STEP][PASSED] - verifyTextPresent("Tax Information", true): Text 'Tax Information' is present on page  using regular expression

2024-11-12 16:28:30 - [MESSAGE][PASSED] - Text 'Tax Information' is present on page  using regular expression

2024-11-12 16:28:30 - [TEST_STEP][PASSED] - verifyTextNotPresent("Notice Number", true): Text 'Notice Number' is not present on page using regular expression

2024-11-12 16:28:30 - [MESSAGE][PASSED] - Text 'Notice Number' is not present on page using regular expression

2024-11-12 16:28:30 - [TEST_STEP][PASSED] - if (month.trim()): Text 'November' is present on page  using regular expression

2024-11-12 16:28:30 - [TEST_STEP][PASSED] - verifyTextPresent("Period Ending", true): Text 'Period Ending' is present on page  using regular expression

2024-11-12 16:28:30 - [MESSAGE][PASSED] - Text 'Period Ending' is present on page  using regular expression

2024-11-12 16:28:30 - [TEST_STEP][PASSED] - verifyTextPresent(month, true): Text 'November' is present on page  using regular expression

2024-11-12 16:28:31 - [MESSAGE][PASSED] - Text 'November' is present on page  using regular expression

2024-11-12 16:28:31 - [TEST_STEP][PASSED] - if (feinSSN.equalsIgnoreCase("Y")): null

2024-11-12 16:28:31 - [TEST_STEP][PASSED] - else: Text 'XXXXXXX87' is present on page  using regular expression

2024-11-12 16:28:31 - [TEST_STEP][PASSED] - if (!(TaxType.equalsIgnoreCase("Estate Tax"))): Text 'XXXXXXX87' is present on page  using regular expression

2024-11-12 16:28:31 - [TEST_STEP][PASSED] - verifyTextPresent("Federal EIN:", true): Text 'Federal EIN:' is present on page  using regular expression

2024-11-12 16:28:31 - [MESSAGE][PASSED] - Text 'Federal EIN:' is present on page  using regular expression

2024-11-12 16:28:31 - [TEST_STEP][PASSED] - verifyTextNotPresent("FEIN/SSN:", true): Text 'FEIN/SSN:' is not present on page using regular expression

2024-11-12 16:28:31 - [MESSAGE][PASSED] - Text 'FEIN/SSN:' is not present on page using regular expression

2024-11-12 16:28:31 - [TEST_STEP][PASSED] - verifyTextPresent("XXXXXXX87", true): Text 'XXXXXXX87' is present on page  using regular expression

2024-11-12 16:28:32 - [MESSAGE][PASSED] - Text 'XXXXXXX87' is present on page  using regular expression

2024-11-12 16:28:32 - [TEST_STEP][PASSED] - if (TaxType.equalsIgnoreCase("Estate Tax")): null

2024-11-12 16:28:32 - [TEST_STEP][PASSED] - if (CRN.equalsIgnoreCase("Y")): Text '07640126' is present on page  using regular expression

2024-11-12 16:28:32 - [TEST_STEP][PASSED] - verifyTextPresent("MD Central Registration Number#:", true): Text 'MD Central Registration Number#:' is present on page  using regular expression

2024-11-12 16:28:32 - [MESSAGE][PASSED] - Text 'MD Central Registration Number#:' is present on page  using regular expression

2024-11-12 16:28:32 - [TEST_STEP][PASSED] - verifyTextPresent("07640126", true): Text '07640126' is present on page  using regular expression

2024-11-12 16:28:32 - [MESSAGE][PASSED] - Text '07640126' is present on page  using regular expression

2024-11-12 16:28:32 - [TEST_STEP][PASSED] - if (MFLicNum.equalsIgnoreCase("Y")): null

2024-11-12 16:28:32 - [TEST_STEP][PASSED] - else: Text 'Motor Fuel License Number#:' is not present on page using regular expression

2024-11-12 16:28:32 - [TEST_STEP][PASSED] - verifyTextNotPresent("Motor Fuel License Number#:", true): Text 'Motor Fuel License Number#:' is not present on page using regular expression

2024-11-12 16:28:33 - [MESSAGE][PASSED] - Text 'Motor Fuel License Number#:' is not present on page using regular expression

2024-11-12 16:28:33 - [TEST_STEP][PASSED] - verifyTextPresent("Payment Amount:", true): Text 'Payment Amount:' is present on page  using regular expression

2024-11-12 16:28:33 - [MESSAGE][PASSED] - Text 'Payment Amount:' is present on page  using regular expression

2024-11-12 16:28:33 - [TEST_STEP][PASSED] - verifyTextPresent("100.00", true): Text '100.00' is present on page  using regular expression

2024-11-12 16:28:33 - [MESSAGE][PASSED] - Text '100.00' is present on page  using regular expression

2024-11-12 16:28:33 - [TEST_STEP][PASSED] - if (verifyElementVisible(findTestObject(orPath_Summary + "/button_Proceed to Payment"))): null

2024-11-12 16:28:34 - [MESSAGE][PASSED] - Object 'Object Repository/RAD_Pages/Summary_Page/button_Proceed to Payment' is visible

2024-11-12 16:28:34 - [TEST_STEP][PASSED] - resText = "Pass": null

2024-11-12 16:28:34 - [TEST_STEP][PASSED] - pages.WriteExcel.demoKey(resText, datText, resColumn, datCloumn, fileLoc, nameSheet, row): pages.WriteExcel.demoKey is PASSED

2024-11-12 16:28:34 - [MESSAGE][PASSED] - pages.WriteExcel.demoKey is PASSED

2024-11-12 16:28:34 - [TEST_STEP][PASSED] - click(findTestObject(orPath_Summary + "/button_Proceed to Payment")): Object: 'Object Repository/RAD_Pages/Summary_Page/button_Proceed to Payment' is clicked on

2024-11-12 16:28:37 - [MESSAGE][PASSED] - Object: 'Object Repository/RAD_Pages/Summary_Page/button_Proceed to Payment' is clicked on

2024-11-12 16:28:37 - [TEST_STEP][PASSED] - verifyElementPresent(findTestObject("Object Repository/RAD_Pages/PaymentEntry_Page/input__billingName"), 30): Object 'Object Repository/RAD_Pages/PaymentEntry_Page/input__billingName' is present

2024-11-12 16:28:38 - [MESSAGE][PASSED] - Object 'Object Repository/RAD_Pages/PaymentEntry_Page/input__billingName' is present

2024-11-12 16:28:38 - [TEST_STEP][PASSED] - ExecuteTC = findTestData(dataFile).getValue("Execute", row): null

2024-11-12 16:28:38 - [TEST_STEP][PASSED] - TaxType = findTestData(dataFile).getValue("TaxType", row): null

2024-11-12 16:28:38 - [TEST_STEP][PASSED] - PaymentType = findTestData(dataFile).getValue("PaymentType", row): null

2024-11-12 16:28:38 - [TEST_STEP][PASSED] - FilingYear = findTestData(dataFile).getValue("Year", row): null

2024-11-12 16:28:39 - [TEST_STEP][PASSED] - feinSSN = findTestData(dataFile).getValue("FeinSsn", row): null

2024-11-12 16:28:39 - [TEST_STEP][PASSED] - CRN = findTestData(dataFile).getValue("CRN", row): null

2024-11-12 16:28:39 - [TEST_STEP][PASSED] - month = findTestData(dataFile).getValue("Month", row): null

2024-11-12 16:28:39 - [TEST_STEP][PASSED] - MFLicNum = findTestData(dataFile).getValue("MFLicNum", row): null

2024-11-12 16:28:39 - [TEST_STEP][PASSED] - if (ExecuteTC.equalsIgnoreCase("Y")): Object 'Object Repository/RAD_Pages/PaymentEntry_Page/input__billingName' is present

2024-11-12 16:28:39 - [TEST_STEP][PASSED] - out.println("Begin Record Number: " + row): null

2024-11-12 16:28:39 - [TEST_STEP][PASSED] - today = new java.util.Date(): null

2024-11-12 16:28:39 - [TEST_STEP][PASSED] - println(today): null

2024-11-12 16:28:39 - [TEST_STEP][PASSED] - datText = today: null

2024-11-12 16:28:39 - [TEST_STEP][PASSED] - logInfo("Payment Type: New Tax Return Amount Due"): Payment Type: New Tax Return Amount Due

2024-11-12 16:28:39 - [MESSAGE][INFO] - Payment Type: New Tax Return Amount Due

2024-11-12 16:28:39 - [TEST_STEP][PASSED] - logInfo("Tax Type: " + TaxType): Tax Type: Tobacco Tax

2024-11-12 16:28:39 - [MESSAGE][INFO] - Tax Type: Tobacco Tax

2024-11-12 16:28:39 - [TEST_STEP][PASSED] - openBrowser(""): Browser is opened with url: ''

2024-11-12 16:28:39 - [MESSAGE][WARNING] - A browser is already opened. Closing browser and opening a new one

2024-11-12 16:28:41 - [MESSAGE][INFO] - Starting 'Chrome' driver

2024-11-12 16:28:41 - [MESSAGE][INFO] - User set preference: ['acceptInsecureCerts', 'true']

2024-11-12 16:28:41 - [MESSAGE][INFO] - Action delay is set to 0 milliseconds

2024-11-12 16:28:43 - [MESSAGE][PASSED] - Browser is opened with url: ''

2024-11-12 16:28:43 - [TEST_STEP][PASSED] - maximizeWindow(): Current window maximized

2024-11-12 16:28:43 - [MESSAGE][PASSED] - Current window maximized

2024-11-12 16:28:43 - [TEST_STEP][PASSED] - navigateToUrl(RADurl): Navigate to 'https://www.velocitypayment.com/client/rad/index.html' successfully

2024-11-12 16:28:44 - [MESSAGE][PASSED] - Navigate to 'https://www.velocitypayment.com/client/rad/index.html' successfully

2024-11-12 16:28:44 - [TEST_STEP][PASSED] - selectOptionByLabel(findTestObject(orPath_Landing + "/dd_TaxType"), "New Tax Return Amount Due", false): All options with label 'New Tax Return Amount Due' are selected in object 'Object Repository/RAD_Pages/Landing_Page/dd_TaxType' 

2024-11-12 16:28:45 - [MESSAGE][PASSED] - All options with label 'New Tax Return Amount Due' are selected in object 'Object Repository/RAD_Pages/Landing_Page/dd_TaxType' 

2024-11-12 16:28:45 - [TEST_STEP][PASSED] - selectOptionByLabel(findTestObject("Object Repository/RAD_Pages/Landing_Page/select_NewTaxReturnAmountDue_TaxType"), TaxType, false): All options with label 'Tobacco Tax' are selected in object 'Object Repository/RAD_Pages/Landing_Page/select_NewTaxReturnAmountDue_TaxType' 

2024-11-12 16:28:46 - [MESSAGE][PASSED] - All options with label 'Tobacco Tax' are selected in object 'Object Repository/RAD_Pages/Landing_Page/select_NewTaxReturnAmountDue_TaxType' 

2024-11-12 16:28:46 - [TEST_STEP][PASSED] - selectOptionByLabel(findTestObject(orPath_TaxTypeFilingYear + "/select_FilingYear"), FilingYear, false): All options with label '2024' are selected in object 'Object Repository/RAD_Pages/TaxTypeFilingYear_Page/select_FilingYear' 

2024-11-12 16:28:46 - [MESSAGE][PASSED] - All options with label '2024' are selected in object 'Object Repository/RAD_Pages/TaxTypeFilingYear_Page/select_FilingYear' 

2024-11-12 16:28:46 - [TEST_STEP][PASSED] - if (month.trim()): All options with label 'July' are selected in object 'Object Repository/RAD_Pages/TaxTypeFilingYear_Page/select_PeriodEnding' 

2024-11-12 16:28:46 - [TEST_STEP][PASSED] - selectOptionByLabel(findTestObject(orPath_TaxTypeFilingYear + "/select_PeriodEnding"), month, false): All options with label 'July' are selected in object 'Object Repository/RAD_Pages/TaxTypeFilingYear_Page/select_PeriodEnding' 

2024-11-12 16:28:47 - [MESSAGE][PASSED] - All options with label 'July' are selected in object 'Object Repository/RAD_Pages/TaxTypeFilingYear_Page/select_PeriodEnding' 

2024-11-12 16:28:47 - [TEST_STEP][PASSED] - rad.getSetDataRAD.setDataRADBusinessName(): rad.getSetDataRAD.setDataRADBusinessName is PASSED

2024-11-12 16:28:48 - [MESSAGE][PASSED] - Text 'My Company' is set on object 'Object Repository/RAD_Pages/Taxpayer_Page/input_businessName'

2024-11-12 16:28:48 - [MESSAGE][PASSED] - rad.getSetDataRAD.setDataRADBusinessName is PASSED

2024-11-12 16:28:48 - [TEST_STEP][PASSED] - rad.getSetDataRAD.setDataRADBusinessRep(): rad.getSetDataRAD.setDataRADBusinessRep is PASSED

2024-11-12 16:28:49 - [MESSAGE][PASSED] - Text 'BusRepFname' is set on object 'Object Repository/RAD_Pages/Taxpayer_Page/input_BusinessRepfirstName'

2024-11-12 16:28:49 - [MESSAGE][PASSED] - Text '' is set on object 'Object Repository/RAD_Pages/Taxpayer_Page/input_BusinessRepmiddleName'

2024-11-12 16:28:50 - [MESSAGE][PASSED] - Text 'BusRepLname' is set on object 'Object Repository/RAD_Pages/Taxpayer_Page/input_BusinessReplastName'

2024-11-12 16:28:51 - [MESSAGE][PASSED] - Text '' is set on object 'Object Repository/RAD_Pages/Taxpayer_Page/input_BusinessRepsuffix'

2024-11-12 16:28:51 - [MESSAGE][PASSED] - rad.getSetDataRAD.setDataRADBusinessRep is PASSED

2024-11-12 16:28:51 - [TEST_STEP][PASSED] - rad.getSetDataRAD.setDataRADAddress(): rad.getSetDataRAD.setDataRADAddress is PASSED

2024-11-12 16:28:51 - [MESSAGE][PASSED] - All options with label 'United States' are selected in object 'Object Repository/RAD_Pages/AddressAndContactInfo_Page/select_Country' 

2024-11-12 16:28:52 - [MESSAGE][PASSED] - Text '2508 Mandan Terrace' is set on object 'Object Repository/RAD_Pages/AddressAndContactInfo_Page/input_streetAddress1'

2024-11-12 16:28:53 - [MESSAGE][PASSED] - Text '' is set on object 'Object Repository/RAD_Pages/AddressAndContactInfo_Page/input_streetAddress2'

2024-11-12 16:28:54 - [MESSAGE][PASSED] - Text 'Gambrills' is set on object 'Object Repository/RAD_Pages/AddressAndContactInfo_Page/input_city'

2024-11-12 16:28:55 - [MESSAGE][PASSED] - All options with label 'Maryland' are selected in object 'Object Repository/RAD_Pages/AddressAndContactInfo_Page/select_State' 

2024-11-12 16:28:55 - [MESSAGE][PASSED] - Text '21054' is set on object 'Object Repository/RAD_Pages/AddressAndContactInfo_Page/input_zipCode'

2024-11-12 16:28:56 - [MESSAGE][PASSED] - Text '(703) 894-5000' is set on object 'Object Repository/RAD_Pages/AddressAndContactInfo_Page/input_phoneNumber'

2024-11-12 16:28:57 - [MESSAGE][PASSED] - Text 'iahmed@govolution.com' is set on object 'Object Repository/RAD_Pages/AddressAndContactInfo_Page/input_eMailAddress'

2024-11-12 16:28:58 - [MESSAGE][PASSED] - Text 'iahmed@govolution.com' is set on object 'Object Repository/RAD_Pages/AddressAndContactInfo_Page/input_reEnterEMailAddress'

2024-11-12 16:28:58 - [MESSAGE][PASSED] - rad.getSetDataRAD.setDataRADAddress is PASSED

2024-11-12 16:28:58 - [TEST_STEP][PASSED] - if (feinSSN.equalsIgnoreCase("Y")): Text ****** has been set on object 'Object Repository/RAD_Pages/TaxInfo_Page/input_TaxInfo_RetypeFeinSsn_New_2'

2024-11-12 16:28:58 - [TEST_STEP][PASSED] - setEncryptedText(findTestObject(orPath_TaxInfo + "/input_TaxInfo_FeinSsn_New_2"), "yXB7JMCbD3QoFF75EQd3iw=="): Text ****** has been set on object 'Object Repository/RAD_Pages/TaxInfo_Page/input_TaxInfo_FeinSsn_New_2'

2024-11-12 16:28:58 - [MESSAGE][PASSED] - Text ****** has been set on object 'Object Repository/RAD_Pages/TaxInfo_Page/input_TaxInfo_FeinSsn_New_2'

2024-11-12 16:28:58 - [TEST_STEP][PASSED] - setEncryptedText(findTestObject(orPath_TaxInfo + "/input_TaxInfo_RetypeFeinSsn_New_2"), "yXB7JMCbD3QoFF75EQd3iw=="): Text ****** has been set on object 'Object Repository/RAD_Pages/TaxInfo_Page/input_TaxInfo_RetypeFeinSsn_New_2'

2024-11-12 16:28:59 - [MESSAGE][PASSED] - Text ****** has been set on object 'Object Repository/RAD_Pages/TaxInfo_Page/input_TaxInfo_RetypeFeinSsn_New_2'

2024-11-12 16:28:59 - [TEST_STEP][PASSED] - if (CRN.equalsIgnoreCase("Y")): rad.getSetDataRAD.setDataRADMDCRN is PASSED

2024-11-12 16:28:59 - [TEST_STEP][PASSED] - rad.getSetDataRAD.setDataRADMDCRN(): rad.getSetDataRAD.setDataRADMDCRN is PASSED

2024-11-12 16:29:00 - [MESSAGE][PASSED] - Text '07640126' is set on object 'Object Repository/RAD_Pages/TaxInfo_Page/input_MDCRegistration'

2024-11-12 16:29:00 - [MESSAGE][PASSED] - rad.getSetDataRAD.setDataRADMDCRN is PASSED

2024-11-12 16:29:00 - [TEST_STEP][PASSED] - if (MFLicNum.equalsIgnoreCase("Y")): null

2024-11-12 16:29:00 - [TEST_STEP][PASSED] - if (TaxType.equalsIgnoreCase("Estate Tax")): null

2024-11-12 16:29:00 - [TEST_STEP][PASSED] - setText(findTestObject(orPath_Amount + "/input__paymentAmount"), "100.00"): Text '100.00' is set on object 'Object Repository/RAD_Pages/PaymentAmount_Page/input__paymentAmount'

2024-11-12 16:29:00 - [MESSAGE][PASSED] - Text '100.00' is set on object 'Object Repository/RAD_Pages/PaymentAmount_Page/input__paymentAmount'

2024-11-12 16:29:00 - [TEST_STEP][PASSED] - setText(findTestObject(orPath_AddressContact + "/input_streetAddress2"), ""): Text '' is set on object 'Object Repository/RAD_Pages/AddressAndContactInfo_Page/input_streetAddress2'

2024-11-12 16:29:01 - [MESSAGE][PASSED] - Text '' is set on object 'Object Repository/RAD_Pages/AddressAndContactInfo_Page/input_streetAddress2'

2024-11-12 16:29:01 - [TEST_STEP][PASSED] - scrollToElement(findTestObject(orPath_Landing + "/button_Continue"), 3): Scroll to object 'Object Repository/RAD_Pages/Landing_Page/button_Continue' successfully

2024-11-12 16:29:01 - [MESSAGE][PASSED] - Scroll to object 'Object Repository/RAD_Pages/Landing_Page/button_Continue' successfully

2024-11-12 16:29:01 - [TEST_STEP][PASSED] - waitForElementClickable(findTestObject(orPath_Landing + "/button_Continue"), 5): Object 'Object Repository/RAD_Pages/Landing_Page/button_Continue' is clickable

2024-11-12 16:29:02 - [MESSAGE][PASSED] - Object 'Object Repository/RAD_Pages/Landing_Page/button_Continue' is clickable

2024-11-12 16:29:02 - [TEST_STEP][PASSED] - click(findTestObject(orPath_Landing + "/button_Continue")): Object: 'Object Repository/RAD_Pages/Landing_Page/button_Continue' is clicked on

2024-11-12 16:29:02 - [MESSAGE][PASSED] - Object: 'Object Repository/RAD_Pages/Landing_Page/button_Continue' is clicked on

2024-11-12 16:29:02 - [TEST_STEP][PASSED] - delay(2): Delayed 2 second(s)

2024-11-12 16:29:04 - [MESSAGE][PASSED] - Delayed 2 second(s)

2024-11-12 16:29:04 - [TEST_STEP][PASSED] - verifyTextPresent("Summary", true): Text 'Summary' is present on page  using regular expression

2024-11-12 16:29:05 - [MESSAGE][PASSED] - Text 'Summary' is present on page  using regular expression

2024-11-12 16:29:05 - [TEST_STEP][PASSED] - verifyTextPresent("Review the information below and make any necessary corrections by clicking the", true): Text 'Review the information below and make any necessary corrections by clicking the' is present on page  using regular expression

2024-11-12 16:29:05 - [MESSAGE][PASSED] - Text 'Review the information below and make any necessary corrections by clicking the' is present on page  using regular expression

2024-11-12 16:29:05 - [TEST_STEP][PASSED] - verifyTextPresent("When you are confident that all the information is correct, click the", true): Text 'When you are confident that all the information is correct, click the' is present on page  using regular expression

2024-11-12 16:29:05 - [MESSAGE][PASSED] - Text 'When you are confident that all the information is correct, click the' is present on page  using regular expression

2024-11-12 16:29:05 - [TEST_STEP][PASSED] - verifyTextPresent("Payment Type/Filing Year", true): Text 'Payment Type/Filing Year' is present on page  using regular expression

2024-11-12 16:29:06 - [MESSAGE][PASSED] - Text 'Payment Type/Filing Year' is present on page  using regular expression

2024-11-12 16:29:06 - [TEST_STEP][PASSED] - verifyTextPresent("Payment Type:", true): Text 'Payment Type:' is present on page  using regular expression

2024-11-12 16:29:06 - [MESSAGE][PASSED] - Text 'Payment Type:' is present on page  using regular expression

2024-11-12 16:29:06 - [TEST_STEP][PASSED] - verifyTextPresent("New Tax Return Amount Due", true): Text 'New Tax Return Amount Due' is present on page  using regular expression

2024-11-12 16:29:06 - [MESSAGE][PASSED] - Text 'New Tax Return Amount Due' is present on page  using regular expression

2024-11-12 16:29:06 - [TEST_STEP][PASSED] - verifyTextPresent("Filing Year:", true): Text 'Filing Year:' is present on page  using regular expression

2024-11-12 16:29:07 - [MESSAGE][PASSED] - Text 'Filing Year:' is present on page  using regular expression

2024-11-12 16:29:07 - [TEST_STEP][PASSED] - verifyTextPresent(FilingYear, true): Text '2024' is present on page  using regular expression

2024-11-12 16:29:07 - [MESSAGE][PASSED] - Text '2024' is present on page  using regular expression

2024-11-12 16:29:07 - [TEST_STEP][PASSED] - verifyTextPresent("Payer Information", true): Text 'Payer Information' is present on page  using regular expression

2024-11-12 16:29:07 - [MESSAGE][PASSED] - Text 'Payer Information' is present on page  using regular expression

2024-11-12 16:29:07 - [TEST_STEP][PASSED] - verifyTextPresent("Taxpayer Name:", true): Text 'Taxpayer Name:' is present on page  using regular expression

2024-11-12 16:29:08 - [MESSAGE][PASSED] - Text 'Taxpayer Name:' is present on page  using regular expression

2024-11-12 16:29:08 - [TEST_STEP][PASSED] - verifyTextPresent("My Company", true): Text 'My Company' is present on page  using regular expression

2024-11-12 16:29:08 - [MESSAGE][PASSED] - Text 'My Company' is present on page  using regular expression

2024-11-12 16:29:08 - [TEST_STEP][PASSED] - verifyTextPresent("Business Rep Name:", true): Text 'Business Rep Name:' is present on page  using regular expression

2024-11-12 16:29:08 - [MESSAGE][PASSED] - Text 'Business Rep Name:' is present on page  using regular expression

2024-11-12 16:29:08 - [TEST_STEP][PASSED] - verifyTextPresent("BusRepFname BusRepLname", true): Text 'BusRepFname BusRepLname' is present on page  using regular expression

2024-11-12 16:29:09 - [MESSAGE][PASSED] - Text 'BusRepFname BusRepLname' is present on page  using regular expression

2024-11-12 16:29:09 - [TEST_STEP][PASSED] - verifyTextPresent("Taxpayer Address:", true): Text 'Taxpayer Address:' is present on page  using regular expression

2024-11-12 16:29:09 - [MESSAGE][PASSED] - Text 'Taxpayer Address:' is present on page  using regular expression

2024-11-12 16:29:09 - [TEST_STEP][PASSED] - verifyTextPresent("2508 Mandan Terrace Gambrills Maryland 21054", true): Text '2508 Mandan Terrace Gambrills Maryland 21054' is present on page  using regular expression

2024-11-12 16:29:09 - [MESSAGE][PASSED] - Text '2508 Mandan Terrace Gambrills Maryland 21054' is present on page  using regular expression

2024-11-12 16:29:09 - [TEST_STEP][PASSED] - verifyTextPresent("Email:", true): Text 'Email:' is present on page  using regular expression

2024-11-12 16:29:10 - [MESSAGE][PASSED] - Text 'Email:' is present on page  using regular expression

2024-11-12 16:29:10 - [TEST_STEP][PASSED] - verifyTextPresent("iahmed@govolution.com", true): Text 'iahmed@govolution.com' is present on page  using regular expression

2024-11-12 16:29:10 - [MESSAGE][PASSED] - Text 'iahmed@govolution.com' is present on page  using regular expression

2024-11-12 16:29:10 - [TEST_STEP][PASSED] - verifyTextPresent("Phone:", true): Text 'Phone:' is present on page  using regular expression

2024-11-12 16:29:10 - [MESSAGE][PASSED] - Text 'Phone:' is present on page  using regular expression

2024-11-12 16:29:10 - [TEST_STEP][PASSED] - verifyTextPresent("(703) 894-5000", false): Text '(703) 894-5000' is present on page 

2024-11-12 16:29:11 - [MESSAGE][PASSED] - Text '(703) 894-5000' is present on page 

2024-11-12 16:29:11 - [TEST_STEP][PASSED] - verifyTextPresent("Tax Information", true): Text 'Tax Information' is present on page  using regular expression

2024-11-12 16:29:11 - [MESSAGE][PASSED] - Text 'Tax Information' is present on page  using regular expression

2024-11-12 16:29:11 - [TEST_STEP][PASSED] - verifyTextNotPresent("Notice Number", true): Text 'Notice Number' is not present on page using regular expression

2024-11-12 16:29:11 - [MESSAGE][PASSED] - Text 'Notice Number' is not present on page using regular expression

2024-11-12 16:29:11 - [TEST_STEP][PASSED] - if (month.trim()): Text 'July' is present on page  using regular expression

2024-11-12 16:29:11 - [TEST_STEP][PASSED] - verifyTextPresent("Period Ending", true): Text 'Period Ending' is present on page  using regular expression

2024-11-12 16:29:12 - [MESSAGE][PASSED] - Text 'Period Ending' is present on page  using regular expression

2024-11-12 16:29:12 - [TEST_STEP][PASSED] - verifyTextPresent(month, true): Text 'July' is present on page  using regular expression

2024-11-12 16:29:12 - [MESSAGE][PASSED] - Text 'July' is present on page  using regular expression

2024-11-12 16:29:12 - [TEST_STEP][PASSED] - if (feinSSN.equalsIgnoreCase("Y")): Text 'XXXXX6187' is present on page  using regular expression

2024-11-12 16:29:12 - [TEST_STEP][PASSED] - verifyTextPresent("FEIN/SSN:", true): Text 'FEIN/SSN:' is present on page  using regular expression

2024-11-12 16:29:12 - [MESSAGE][PASSED] - Text 'FEIN/SSN:' is present on page  using regular expression

2024-11-12 16:29:12 - [TEST_STEP][PASSED] - verifyTextNotPresent("Federal EIN:", true): Text 'Federal EIN:' is not present on page using regular expression

2024-11-12 16:29:13 - [MESSAGE][PASSED] - Text 'Federal EIN:' is not present on page using regular expression

2024-11-12 16:29:13 - [TEST_STEP][PASSED] - verifyTextPresent("XXXXX6187", true): Text 'XXXXX6187' is present on page  using regular expression

2024-11-12 16:29:13 - [MESSAGE][PASSED] - Text 'XXXXX6187' is present on page  using regular expression

2024-11-12 16:29:13 - [TEST_STEP][PASSED] - if (TaxType.equalsIgnoreCase("Estate Tax")): null

2024-11-12 16:29:13 - [TEST_STEP][PASSED] - if (CRN.equalsIgnoreCase("Y")): Text '07640126' is present on page  using regular expression

2024-11-12 16:29:13 - [TEST_STEP][PASSED] - verifyTextPresent("MD Central Registration Number#:", true): Text 'MD Central Registration Number#:' is present on page  using regular expression

2024-11-12 16:29:13 - [MESSAGE][PASSED] - Text 'MD Central Registration Number#:' is present on page  using regular expression

2024-11-12 16:29:13 - [TEST_STEP][PASSED] - verifyTextPresent("07640126", true): Text '07640126' is present on page  using regular expression

2024-11-12 16:29:14 - [MESSAGE][PASSED] - Text '07640126' is present on page  using regular expression

2024-11-12 16:29:14 - [TEST_STEP][PASSED] - if (MFLicNum.equalsIgnoreCase("Y")): null

2024-11-12 16:29:14 - [TEST_STEP][PASSED] - else: Text 'Motor Fuel License Number#:' is not present on page using regular expression

2024-11-12 16:29:14 - [TEST_STEP][PASSED] - verifyTextNotPresent("Motor Fuel License Number#:", true): Text 'Motor Fuel License Number#:' is not present on page using regular expression

2024-11-12 16:29:14 - [MESSAGE][PASSED] - Text 'Motor Fuel License Number#:' is not present on page using regular expression

2024-11-12 16:29:14 - [TEST_STEP][PASSED] - verifyTextPresent("Payment Amount:", true): Text 'Payment Amount:' is present on page  using regular expression

2024-11-12 16:29:14 - [MESSAGE][PASSED] - Text 'Payment Amount:' is present on page  using regular expression

2024-11-12 16:29:14 - [TEST_STEP][PASSED] - verifyTextPresent("100.00", true): Text '100.00' is present on page  using regular expression

2024-11-12 16:29:15 - [MESSAGE][PASSED] - Text '100.00' is present on page  using regular expression

2024-11-12 16:29:15 - [TEST_STEP][PASSED] - if (verifyElementVisible(findTestObject(orPath_Summary + "/button_Proceed to Payment"))): null

2024-11-12 16:29:15 - [MESSAGE][PASSED] - Object 'Object Repository/RAD_Pages/Summary_Page/button_Proceed to Payment' is visible

2024-11-12 16:29:15 - [TEST_STEP][PASSED] - resText = "Pass": null

2024-11-12 16:29:15 - [TEST_STEP][PASSED] - pages.WriteExcel.demoKey(resText, datText, resColumn, datCloumn, fileLoc, nameSheet, row): pages.WriteExcel.demoKey is PASSED

2024-11-12 16:29:15 - [MESSAGE][PASSED] - pages.WriteExcel.demoKey is PASSED

2024-11-12 16:29:15 - [TEST_STEP][PASSED] - click(findTestObject(orPath_Summary + "/button_Proceed to Payment")): Object: 'Object Repository/RAD_Pages/Summary_Page/button_Proceed to Payment' is clicked on

2024-11-12 16:29:17 - [MESSAGE][PASSED] - Object: 'Object Repository/RAD_Pages/Summary_Page/button_Proceed to Payment' is clicked on

2024-11-12 16:29:17 - [TEST_STEP][PASSED] - verifyElementPresent(findTestObject("Object Repository/RAD_Pages/PaymentEntry_Page/input__billingName"), 30): Object 'Object Repository/RAD_Pages/PaymentEntry_Page/input__billingName' is present

2024-11-12 16:29:17 - [MESSAGE][PASSED] - Object 'Object Repository/RAD_Pages/PaymentEntry_Page/input__billingName' is present

2024-11-12 16:29:17 - [TEST_STEP][PASSED] - ExecuteTC = findTestData(dataFile).getValue("Execute", row): null

2024-11-12 16:29:18 - [TEST_STEP][PASSED] - TaxType = findTestData(dataFile).getValue("TaxType", row): null

2024-11-12 16:29:18 - [TEST_STEP][PASSED] - PaymentType = findTestData(dataFile).getValue("PaymentType", row): null

2024-11-12 16:29:18 - [TEST_STEP][PASSED] - FilingYear = findTestData(dataFile).getValue("Year", row): null

2024-11-12 16:29:18 - [TEST_STEP][PASSED] - feinSSN = findTestData(dataFile).getValue("FeinSsn", row): null

2024-11-12 16:29:18 - [TEST_STEP][PASSED] - CRN = findTestData(dataFile).getValue("CRN", row): null

2024-11-12 16:29:18 - [TEST_STEP][PASSED] - month = findTestData(dataFile).getValue("Month", row): null

2024-11-12 16:29:18 - [TEST_STEP][PASSED] - MFLicNum = findTestData(dataFile).getValue("MFLicNum", row): null

2024-11-12 16:29:18 - [TEST_STEP][PASSED] - if (ExecuteTC.equalsIgnoreCase("Y")): Object 'Object Repository/RAD_Pages/PaymentEntry_Page/input__billingName' is present

2024-11-12 16:29:18 - [TEST_STEP][PASSED] - out.println("Begin Record Number: " + row): null

2024-11-12 16:29:18 - [TEST_STEP][PASSED] - today = new java.util.Date(): null

2024-11-12 16:29:18 - [TEST_STEP][PASSED] - println(today): null

2024-11-12 16:29:18 - [TEST_STEP][PASSED] - datText = today: null

2024-11-12 16:29:18 - [TEST_STEP][PASSED] - logInfo("Payment Type: New Tax Return Amount Due"): Payment Type: New Tax Return Amount Due

2024-11-12 16:29:18 - [MESSAGE][INFO] - Payment Type: New Tax Return Amount Due

2024-11-12 16:29:18 - [TEST_STEP][PASSED] - logInfo("Tax Type: " + TaxType): Tax Type: Transportation Network Services

2024-11-12 16:29:18 - [MESSAGE][INFO] - Tax Type: Transportation Network Services

2024-11-12 16:29:18 - [TEST_STEP][PASSED] - openBrowser(""): Browser is opened with url: ''

2024-11-12 16:29:18 - [MESSAGE][WARNING] - A browser is already opened. Closing browser and opening a new one

2024-11-12 16:29:19 - [MESSAGE][INFO] - Starting 'Chrome' driver

2024-11-12 16:29:19 - [MESSAGE][INFO] - User set preference: ['acceptInsecureCerts', 'true']

2024-11-12 16:29:19 - [MESSAGE][INFO] - Action delay is set to 0 milliseconds

2024-11-12 16:29:21 - [MESSAGE][PASSED] - Browser is opened with url: ''

2024-11-12 16:29:21 - [TEST_STEP][PASSED] - maximizeWindow(): Current window maximized

2024-11-12 16:29:21 - [MESSAGE][PASSED] - Current window maximized

2024-11-12 16:29:21 - [TEST_STEP][PASSED] - navigateToUrl(RADurl): Navigate to 'https://www.velocitypayment.com/client/rad/index.html' successfully

2024-11-12 16:29:21 - [MESSAGE][PASSED] - Navigate to 'https://www.velocitypayment.com/client/rad/index.html' successfully

2024-11-12 16:29:21 - [TEST_STEP][PASSED] - selectOptionByLabel(findTestObject(orPath_Landing + "/dd_TaxType"), "New Tax Return Amount Due", false): All options with label 'New Tax Return Amount Due' are selected in object 'Object Repository/RAD_Pages/Landing_Page/dd_TaxType' 

2024-11-12 16:29:23 - [MESSAGE][PASSED] - All options with label 'New Tax Return Amount Due' are selected in object 'Object Repository/RAD_Pages/Landing_Page/dd_TaxType' 

2024-11-12 16:29:23 - [TEST_STEP][PASSED] - selectOptionByLabel(findTestObject("Object Repository/RAD_Pages/Landing_Page/select_NewTaxReturnAmountDue_TaxType"), TaxType, false): All options with label 'Transportation Network Services' are selected in object 'Object Repository/RAD_Pages/Landing_Page/select_NewTaxReturnAmountDue_TaxType' 

2024-11-12 16:29:24 - [MESSAGE][PASSED] - All options with label 'Transportation Network Services' are selected in object 'Object Repository/RAD_Pages/Landing_Page/select_NewTaxReturnAmountDue_TaxType' 

2024-11-12 16:29:24 - [TEST_STEP][PASSED] - selectOptionByLabel(findTestObject(orPath_TaxTypeFilingYear + "/select_FilingYear"), FilingYear, false): All options with label '2024' are selected in object 'Object Repository/RAD_Pages/TaxTypeFilingYear_Page/select_FilingYear' 

2024-11-12 16:29:25 - [MESSAGE][PASSED] - All options with label '2024' are selected in object 'Object Repository/RAD_Pages/TaxTypeFilingYear_Page/select_FilingYear' 

2024-11-12 16:29:25 - [TEST_STEP][PASSED] - if (month.trim()): All options with label 'June' are selected in object 'Object Repository/RAD_Pages/TaxTypeFilingYear_Page/select_PeriodEnding' 

2024-11-12 16:29:25 - [TEST_STEP][PASSED] - selectOptionByLabel(findTestObject(orPath_TaxTypeFilingYear + "/select_PeriodEnding"), month, false): All options with label 'June' are selected in object 'Object Repository/RAD_Pages/TaxTypeFilingYear_Page/select_PeriodEnding' 

2024-11-12 16:29:25 - [MESSAGE][PASSED] - All options with label 'June' are selected in object 'Object Repository/RAD_Pages/TaxTypeFilingYear_Page/select_PeriodEnding' 

2024-11-12 16:29:25 - [TEST_STEP][PASSED] - rad.getSetDataRAD.setDataRADBusinessName(): rad.getSetDataRAD.setDataRADBusinessName is PASSED

2024-11-12 16:29:26 - [MESSAGE][PASSED] - Text 'My Company' is set on object 'Object Repository/RAD_Pages/Taxpayer_Page/input_businessName'

2024-11-12 16:29:26 - [MESSAGE][PASSED] - rad.getSetDataRAD.setDataRADBusinessName is PASSED

2024-11-12 16:29:26 - [TEST_STEP][PASSED] - rad.getSetDataRAD.setDataRADBusinessRep(): rad.getSetDataRAD.setDataRADBusinessRep is PASSED

2024-11-12 16:29:27 - [MESSAGE][PASSED] - Text 'BusRepFname' is set on object 'Object Repository/RAD_Pages/Taxpayer_Page/input_BusinessRepfirstName'

2024-11-12 16:29:28 - [MESSAGE][PASSED] - Text '' is set on object 'Object Repository/RAD_Pages/Taxpayer_Page/input_BusinessRepmiddleName'

2024-11-12 16:29:28 - [MESSAGE][PASSED] - Text 'BusRepLname' is set on object 'Object Repository/RAD_Pages/Taxpayer_Page/input_BusinessReplastName'

2024-11-12 16:29:29 - [MESSAGE][PASSED] - Text '' is set on object 'Object Repository/RAD_Pages/Taxpayer_Page/input_BusinessRepsuffix'

2024-11-12 16:29:29 - [MESSAGE][PASSED] - rad.getSetDataRAD.setDataRADBusinessRep is PASSED

2024-11-12 16:29:29 - [TEST_STEP][PASSED] - rad.getSetDataRAD.setDataRADAddress(): rad.getSetDataRAD.setDataRADAddress is PASSED

2024-11-12 16:29:30 - [MESSAGE][PASSED] - All options with label 'United States' are selected in object 'Object Repository/RAD_Pages/AddressAndContactInfo_Page/select_Country' 

2024-11-12 16:29:30 - [MESSAGE][PASSED] - Text '2508 Mandan Terrace' is set on object 'Object Repository/RAD_Pages/AddressAndContactInfo_Page/input_streetAddress1'

2024-11-12 16:29:31 - [MESSAGE][PASSED] - Text '' is set on object 'Object Repository/RAD_Pages/AddressAndContactInfo_Page/input_streetAddress2'

2024-11-12 16:29:32 - [MESSAGE][PASSED] - Text 'Gambrills' is set on object 'Object Repository/RAD_Pages/AddressAndContactInfo_Page/input_city'

2024-11-12 16:29:33 - [MESSAGE][PASSED] - All options with label 'Maryland' are selected in object 'Object Repository/RAD_Pages/AddressAndContactInfo_Page/select_State' 

2024-11-12 16:29:34 - [MESSAGE][PASSED] - Text '21054' is set on object 'Object Repository/RAD_Pages/AddressAndContactInfo_Page/input_zipCode'

2024-11-12 16:29:34 - [MESSAGE][PASSED] - Text '(703) 894-5000' is set on object 'Object Repository/RAD_Pages/AddressAndContactInfo_Page/input_phoneNumber'

2024-11-12 16:29:35 - [MESSAGE][PASSED] - Text 'iahmed@govolution.com' is set on object 'Object Repository/RAD_Pages/AddressAndContactInfo_Page/input_eMailAddress'

2024-11-12 16:29:37 - [MESSAGE][PASSED] - Text 'iahmed@govolution.com' is set on object 'Object Repository/RAD_Pages/AddressAndContactInfo_Page/input_reEnterEMailAddress'

2024-11-12 16:29:37 - [MESSAGE][PASSED] - rad.getSetDataRAD.setDataRADAddress is PASSED

2024-11-12 16:29:37 - [TEST_STEP][PASSED] - if (feinSSN.equalsIgnoreCase("Y")): null

2024-11-12 16:29:37 - [TEST_STEP][PASSED] - else: Text ****** has been set on object 'Object Repository/RAD_Pages/TaxInfo_Page/input_FederalEIN_ReEnter'

2024-11-12 16:29:37 - [TEST_STEP][PASSED] - if (!(TaxType.equalsIgnoreCase("Estate Tax"))): Text ****** has been set on object 'Object Repository/RAD_Pages/TaxInfo_Page/input_FederalEIN_ReEnter'

2024-11-12 16:29:37 - [TEST_STEP][PASSED] - setEncryptedText(findTestObject(orPath_TaxInfo + "/input_FederalEIN"), "yXB7JMCbD3QoFF75EQd3iw=="): Text ****** has been set on object 'Object Repository/RAD_Pages/TaxInfo_Page/input_FederalEIN'

2024-11-12 16:29:37 - [MESSAGE][PASSED] - Text ****** has been set on object 'Object Repository/RAD_Pages/TaxInfo_Page/input_FederalEIN'

2024-11-12 16:29:37 - [TEST_STEP][PASSED] - setEncryptedText(findTestObject(orPath_TaxInfo + "/input_FederalEIN_ReEnter"), "yXB7JMCbD3QoFF75EQd3iw=="): Text ****** has been set on object 'Object Repository/RAD_Pages/TaxInfo_Page/input_FederalEIN_ReEnter'

2024-11-12 16:29:38 - [MESSAGE][PASSED] - Text ****** has been set on object 'Object Repository/RAD_Pages/TaxInfo_Page/input_FederalEIN_ReEnter'

2024-11-12 16:29:38 - [TEST_STEP][PASSED] - if (CRN.equalsIgnoreCase("Y")): rad.getSetDataRAD.setDataRADMDCRN is PASSED

2024-11-12 16:29:38 - [TEST_STEP][PASSED] - rad.getSetDataRAD.setDataRADMDCRN(): rad.getSetDataRAD.setDataRADMDCRN is PASSED

2024-11-12 16:29:39 - [MESSAGE][PASSED] - Text '07640126' is set on object 'Object Repository/RAD_Pages/TaxInfo_Page/input_MDCRegistration'

2024-11-12 16:29:39 - [MESSAGE][PASSED] - rad.getSetDataRAD.setDataRADMDCRN is PASSED

2024-11-12 16:29:39 - [TEST_STEP][PASSED] - if (MFLicNum.equalsIgnoreCase("Y")): null

2024-11-12 16:29:39 - [TEST_STEP][PASSED] - if (TaxType.equalsIgnoreCase("Estate Tax")): null

2024-11-12 16:29:39 - [TEST_STEP][PASSED] - setText(findTestObject(orPath_Amount + "/input__paymentAmount"), "100.00"): Text '100.00' is set on object 'Object Repository/RAD_Pages/PaymentAmount_Page/input__paymentAmount'

2024-11-12 16:29:40 - [MESSAGE][PASSED] - Text '100.00' is set on object 'Object Repository/RAD_Pages/PaymentAmount_Page/input__paymentAmount'

2024-11-12 16:29:40 - [TEST_STEP][PASSED] - setText(findTestObject(orPath_AddressContact + "/input_streetAddress2"), ""): Text '' is set on object 'Object Repository/RAD_Pages/AddressAndContactInfo_Page/input_streetAddress2'

2024-11-12 16:29:40 - [MESSAGE][PASSED] - Text '' is set on object 'Object Repository/RAD_Pages/AddressAndContactInfo_Page/input_streetAddress2'

2024-11-12 16:29:40 - [TEST_STEP][PASSED] - scrollToElement(findTestObject(orPath_Landing + "/button_Continue"), 3): Scroll to object 'Object Repository/RAD_Pages/Landing_Page/button_Continue' successfully

2024-11-12 16:29:41 - [MESSAGE][PASSED] - Scroll to object 'Object Repository/RAD_Pages/Landing_Page/button_Continue' successfully

2024-11-12 16:29:41 - [TEST_STEP][PASSED] - waitForElementClickable(findTestObject(orPath_Landing + "/button_Continue"), 5): Object 'Object Repository/RAD_Pages/Landing_Page/button_Continue' is clickable

2024-11-12 16:29:41 - [MESSAGE][PASSED] - Object 'Object Repository/RAD_Pages/Landing_Page/button_Continue' is clickable

2024-11-12 16:29:41 - [TEST_STEP][PASSED] - click(findTestObject(orPath_Landing + "/button_Continue")): Object: 'Object Repository/RAD_Pages/Landing_Page/button_Continue' is clicked on

2024-11-12 16:29:41 - [MESSAGE][PASSED] - Object: 'Object Repository/RAD_Pages/Landing_Page/button_Continue' is clicked on

2024-11-12 16:29:41 - [TEST_STEP][PASSED] - delay(2): Delayed 2 second(s)

2024-11-12 16:29:43 - [MESSAGE][PASSED] - Delayed 2 second(s)

2024-11-12 16:29:43 - [TEST_STEP][PASSED] - verifyTextPresent("Summary", true): Text 'Summary' is present on page  using regular expression

2024-11-12 16:29:44 - [MESSAGE][PASSED] - Text 'Summary' is present on page  using regular expression

2024-11-12 16:29:44 - [TEST_STEP][PASSED] - verifyTextPresent("Review the information below and make any necessary corrections by clicking the", true): Text 'Review the information below and make any necessary corrections by clicking the' is present on page  using regular expression

2024-11-12 16:29:44 - [MESSAGE][PASSED] - Text 'Review the information below and make any necessary corrections by clicking the' is present on page  using regular expression

2024-11-12 16:29:44 - [TEST_STEP][PASSED] - verifyTextPresent("When you are confident that all the information is correct, click the", true): Text 'When you are confident that all the information is correct, click the' is present on page  using regular expression

2024-11-12 16:29:45 - [MESSAGE][PASSED] - Text 'When you are confident that all the information is correct, click the' is present on page  using regular expression

2024-11-12 16:29:45 - [TEST_STEP][PASSED] - verifyTextPresent("Payment Type/Filing Year", true): Text 'Payment Type/Filing Year' is present on page  using regular expression

2024-11-12 16:29:45 - [MESSAGE][PASSED] - Text 'Payment Type/Filing Year' is present on page  using regular expression

2024-11-12 16:29:45 - [TEST_STEP][PASSED] - verifyTextPresent("Payment Type:", true): Text 'Payment Type:' is present on page  using regular expression

2024-11-12 16:29:45 - [MESSAGE][PASSED] - Text 'Payment Type:' is present on page  using regular expression

2024-11-12 16:29:45 - [TEST_STEP][PASSED] - verifyTextPresent("New Tax Return Amount Due", true): Text 'New Tax Return Amount Due' is present on page  using regular expression

2024-11-12 16:29:45 - [MESSAGE][PASSED] - Text 'New Tax Return Amount Due' is present on page  using regular expression

2024-11-12 16:29:45 - [TEST_STEP][PASSED] - verifyTextPresent("Filing Year:", true): Text 'Filing Year:' is present on page  using regular expression

2024-11-12 16:29:46 - [MESSAGE][PASSED] - Text 'Filing Year:' is present on page  using regular expression

2024-11-12 16:29:46 - [TEST_STEP][PASSED] - verifyTextPresent(FilingYear, true): Text '2024' is present on page  using regular expression

2024-11-12 16:29:46 - [MESSAGE][PASSED] - Text '2024' is present on page  using regular expression

2024-11-12 16:29:46 - [TEST_STEP][PASSED] - verifyTextPresent("Payer Information", true): Text 'Payer Information' is present on page  using regular expression

2024-11-12 16:29:47 - [MESSAGE][PASSED] - Text 'Payer Information' is present on page  using regular expression

2024-11-12 16:29:47 - [TEST_STEP][PASSED] - verifyTextPresent("Taxpayer Name:", true): Text 'Taxpayer Name:' is present on page  using regular expression

2024-11-12 16:29:47 - [MESSAGE][PASSED] - Text 'Taxpayer Name:' is present on page  using regular expression

2024-11-12 16:29:47 - [TEST_STEP][PASSED] - verifyTextPresent("My Company", true): Text 'My Company' is present on page  using regular expression

2024-11-12 16:29:47 - [MESSAGE][PASSED] - Text 'My Company' is present on page  using regular expression

2024-11-12 16:29:47 - [TEST_STEP][PASSED] - verifyTextPresent("Business Rep Name:", true): Text 'Business Rep Name:' is present on page  using regular expression

2024-11-12 16:29:48 - [MESSAGE][PASSED] - Text 'Business Rep Name:' is present on page  using regular expression

2024-11-12 16:29:48 - [TEST_STEP][PASSED] - verifyTextPresent("BusRepFname BusRepLname", true): Text 'BusRepFname BusRepLname' is present on page  using regular expression

2024-11-12 16:29:48 - [MESSAGE][PASSED] - Text 'BusRepFname BusRepLname' is present on page  using regular expression

2024-11-12 16:29:48 - [TEST_STEP][PASSED] - verifyTextPresent("Taxpayer Address:", true): Text 'Taxpayer Address:' is present on page  using regular expression

2024-11-12 16:29:48 - [MESSAGE][PASSED] - Text 'Taxpayer Address:' is present on page  using regular expression

2024-11-12 16:29:48 - [TEST_STEP][PASSED] - verifyTextPresent("2508 Mandan Terrace Gambrills Maryland 21054", true): Text '2508 Mandan Terrace Gambrills Maryland 21054' is present on page  using regular expression

2024-11-12 16:29:48 - [MESSAGE][PASSED] - Text '2508 Mandan Terrace Gambrills Maryland 21054' is present on page  using regular expression

2024-11-12 16:29:48 - [TEST_STEP][PASSED] - verifyTextPresent("Email:", true): Text 'Email:' is present on page  using regular expression

2024-11-12 16:29:49 - [MESSAGE][PASSED] - Text 'Email:' is present on page  using regular expression

2024-11-12 16:29:49 - [TEST_STEP][PASSED] - verifyTextPresent("iahmed@govolution.com", true): Text 'iahmed@govolution.com' is present on page  using regular expression

2024-11-12 16:29:49 - [MESSAGE][PASSED] - Text 'iahmed@govolution.com' is present on page  using regular expression

2024-11-12 16:29:49 - [TEST_STEP][PASSED] - verifyTextPresent("Phone:", true): Text 'Phone:' is present on page  using regular expression

2024-11-12 16:29:50 - [MESSAGE][PASSED] - Text 'Phone:' is present on page  using regular expression

2024-11-12 16:29:50 - [TEST_STEP][PASSED] - verifyTextPresent("(703) 894-5000", false): Text '(703) 894-5000' is present on page 

2024-11-12 16:29:50 - [MESSAGE][PASSED] - Text '(703) 894-5000' is present on page 

2024-11-12 16:29:50 - [TEST_STEP][PASSED] - verifyTextPresent("Tax Information", true): Text 'Tax Information' is present on page  using regular expression

2024-11-12 16:29:50 - [MESSAGE][PASSED] - Text 'Tax Information' is present on page  using regular expression

2024-11-12 16:29:50 - [TEST_STEP][PASSED] - verifyTextNotPresent("Notice Number", true): Text 'Notice Number' is not present on page using regular expression

2024-11-12 16:29:51 - [MESSAGE][PASSED] - Text 'Notice Number' is not present on page using regular expression

2024-11-12 16:29:51 - [TEST_STEP][PASSED] - if (month.trim()): Text 'June' is present on page  using regular expression

2024-11-12 16:29:51 - [TEST_STEP][PASSED] - verifyTextPresent("Period Ending", true): Text 'Period Ending' is present on page  using regular expression

2024-11-12 16:29:51 - [MESSAGE][PASSED] - Text 'Period Ending' is present on page  using regular expression

2024-11-12 16:29:51 - [TEST_STEP][PASSED] - verifyTextPresent(month, true): Text 'June' is present on page  using regular expression

2024-11-12 16:29:51 - [MESSAGE][PASSED] - Text 'June' is present on page  using regular expression

2024-11-12 16:29:51 - [TEST_STEP][PASSED] - if (feinSSN.equalsIgnoreCase("Y")): null

2024-11-12 16:29:51 - [TEST_STEP][PASSED] - else: Text 'XXXXXXX87' is present on page  using regular expression

2024-11-12 16:29:51 - [TEST_STEP][PASSED] - if (!(TaxType.equalsIgnoreCase("Estate Tax"))): Text 'XXXXXXX87' is present on page  using regular expression

2024-11-12 16:29:51 - [TEST_STEP][PASSED] - verifyTextPresent("Federal EIN:", true): Text 'Federal EIN:' is present on page  using regular expression

2024-11-12 16:29:51 - [MESSAGE][PASSED] - Text 'Federal EIN:' is present on page  using regular expression

2024-11-12 16:29:51 - [TEST_STEP][PASSED] - verifyTextNotPresent("FEIN/SSN:", true): Text 'FEIN/SSN:' is not present on page using regular expression

2024-11-12 16:29:52 - [MESSAGE][PASSED] - Text 'FEIN/SSN:' is not present on page using regular expression

2024-11-12 16:29:52 - [TEST_STEP][PASSED] - verifyTextPresent("XXXXXXX87", true): Text 'XXXXXXX87' is present on page  using regular expression

2024-11-12 16:29:52 - [MESSAGE][PASSED] - Text 'XXXXXXX87' is present on page  using regular expression

2024-11-12 16:29:52 - [TEST_STEP][PASSED] - if (TaxType.equalsIgnoreCase("Estate Tax")): null

2024-11-12 16:29:52 - [TEST_STEP][PASSED] - if (CRN.equalsIgnoreCase("Y")): Text '07640126' is present on page  using regular expression

2024-11-12 16:29:52 - [TEST_STEP][PASSED] - verifyTextPresent("MD Central Registration Number#:", true): Text 'MD Central Registration Number#:' is present on page  using regular expression

2024-11-12 16:29:52 - [MESSAGE][PASSED] - Text 'MD Central Registration Number#:' is present on page  using regular expression

2024-11-12 16:29:52 - [TEST_STEP][PASSED] - verifyTextPresent("07640126", true): Text '07640126' is present on page  using regular expression

2024-11-12 16:29:53 - [MESSAGE][PASSED] - Text '07640126' is present on page  using regular expression

2024-11-12 16:29:53 - [TEST_STEP][PASSED] - if (MFLicNum.equalsIgnoreCase("Y")): null

2024-11-12 16:29:53 - [TEST_STEP][PASSED] - else: Text 'Motor Fuel License Number#:' is not present on page using regular expression

2024-11-12 16:29:53 - [TEST_STEP][PASSED] - verifyTextNotPresent("Motor Fuel License Number#:", true): Text 'Motor Fuel License Number#:' is not present on page using regular expression

2024-11-12 16:29:53 - [MESSAGE][PASSED] - Text 'Motor Fuel License Number#:' is not present on page using regular expression

2024-11-12 16:29:53 - [TEST_STEP][PASSED] - verifyTextPresent("Payment Amount:", true): Text 'Payment Amount:' is present on page  using regular expression

2024-11-12 16:29:54 - [MESSAGE][PASSED] - Text 'Payment Amount:' is present on page  using regular expression

2024-11-12 16:29:54 - [TEST_STEP][PASSED] - verifyTextPresent("100.00", true): Text '100.00' is present on page  using regular expression

2024-11-12 16:29:54 - [MESSAGE][PASSED] - Text '100.00' is present on page  using regular expression

2024-11-12 16:29:54 - [TEST_STEP][PASSED] - if (verifyElementVisible(findTestObject(orPath_Summary + "/button_Proceed to Payment"))): null

2024-11-12 16:29:54 - [MESSAGE][PASSED] - Object 'Object Repository/RAD_Pages/Summary_Page/button_Proceed to Payment' is visible

2024-11-12 16:29:54 - [TEST_STEP][PASSED] - resText = "Pass": null

2024-11-12 16:29:54 - [TEST_STEP][PASSED] - pages.WriteExcel.demoKey(resText, datText, resColumn, datCloumn, fileLoc, nameSheet, row): pages.WriteExcel.demoKey is PASSED

2024-11-12 16:29:54 - [MESSAGE][PASSED] - pages.WriteExcel.demoKey is PASSED

2024-11-12 16:29:54 - [TEST_STEP][PASSED] - click(findTestObject(orPath_Summary + "/button_Proceed to Payment")): Object: 'Object Repository/RAD_Pages/Summary_Page/button_Proceed to Payment' is clicked on

2024-11-12 16:29:57 - [MESSAGE][PASSED] - Object: 'Object Repository/RAD_Pages/Summary_Page/button_Proceed to Payment' is clicked on

2024-11-12 16:29:57 - [TEST_STEP][PASSED] - verifyElementPresent(findTestObject("Object Repository/RAD_Pages/PaymentEntry_Page/input__billingName"), 30): Object 'Object Repository/RAD_Pages/PaymentEntry_Page/input__billingName' is present

2024-11-12 16:29:57 - [MESSAGE][PASSED] - Object 'Object Repository/RAD_Pages/PaymentEntry_Page/input__billingName' is present

2024-11-12 16:29:57 - [TEST_STEP][PASSED] - ExecuteTC = findTestData(dataFile).getValue("Execute", row): null

2024-11-12 16:29:57 - [TEST_STEP][PASSED] - TaxType = findTestData(dataFile).getValue("TaxType", row): null

2024-11-12 16:29:57 - [TEST_STEP][PASSED] - PaymentType = findTestData(dataFile).getValue("PaymentType", row): null

2024-11-12 16:29:58 - [TEST_STEP][PASSED] - FilingYear = findTestData(dataFile).getValue("Year", row): null

2024-11-12 16:29:58 - [TEST_STEP][PASSED] - feinSSN = findTestData(dataFile).getValue("FeinSsn", row): null

2024-11-12 16:29:58 - [TEST_STEP][PASSED] - CRN = findTestData(dataFile).getValue("CRN", row): null

2024-11-12 16:29:58 - [TEST_STEP][PASSED] - month = findTestData(dataFile).getValue("Month", row): null

2024-11-12 16:29:58 - [TEST_STEP][PASSED] - MFLicNum = findTestData(dataFile).getValue("MFLicNum", row): null

2024-11-12 16:29:58 - [TEST_STEP][PASSED] - if (ExecuteTC.equalsIgnoreCase("Y")): Object 'Object Repository/RAD_Pages/PaymentEntry_Page/input__billingName' is present

2024-11-12 16:29:58 - [TEST_STEP][PASSED] - out.println("Begin Record Number: " + row): null

2024-11-12 16:29:58 - [TEST_STEP][PASSED] - today = new java.util.Date(): null

2024-11-12 16:29:58 - [TEST_STEP][PASSED] - println(today): null

2024-11-12 16:29:58 - [TEST_STEP][PASSED] - datText = today: null

2024-11-12 16:29:58 - [TEST_STEP][PASSED] - logInfo("Payment Type: New Tax Return Amount Due"): Payment Type: New Tax Return Amount Due

2024-11-12 16:29:58 - [MESSAGE][INFO] - Payment Type: New Tax Return Amount Due

2024-11-12 16:29:58 - [TEST_STEP][PASSED] - logInfo("Tax Type: " + TaxType): Tax Type: Unclaimed Property

2024-11-12 16:29:58 - [MESSAGE][INFO] - Tax Type: Unclaimed Property

2024-11-12 16:29:58 - [TEST_STEP][PASSED] - openBrowser(""): Browser is opened with url: ''

2024-11-12 16:29:58 - [MESSAGE][WARNING] - A browser is already opened. Closing browser and opening a new one

2024-11-12 16:29:59 - [MESSAGE][INFO] - Starting 'Chrome' driver

2024-11-12 16:29:59 - [MESSAGE][INFO] - User set preference: ['acceptInsecureCerts', 'true']

2024-11-12 16:29:59 - [MESSAGE][INFO] - Action delay is set to 0 milliseconds

2024-11-12 16:30:01 - [MESSAGE][PASSED] - Browser is opened with url: ''

2024-11-12 16:30:01 - [TEST_STEP][PASSED] - maximizeWindow(): Current window maximized

2024-11-12 16:30:01 - [MESSAGE][PASSED] - Current window maximized

2024-11-12 16:30:01 - [TEST_STEP][PASSED] - navigateToUrl(RADurl): Navigate to 'https://www.velocitypayment.com/client/rad/index.html' successfully

2024-11-12 16:30:04 - [MESSAGE][PASSED] - Navigate to 'https://www.velocitypayment.com/client/rad/index.html' successfully

2024-11-12 16:30:04 - [TEST_STEP][PASSED] - selectOptionByLabel(findTestObject(orPath_Landing + "/dd_TaxType"), "New Tax Return Amount Due", false): All options with label 'New Tax Return Amount Due' are selected in object 'Object Repository/RAD_Pages/Landing_Page/dd_TaxType' 

2024-11-12 16:30:04 - [MESSAGE][PASSED] - All options with label 'New Tax Return Amount Due' are selected in object 'Object Repository/RAD_Pages/Landing_Page/dd_TaxType' 

2024-11-12 16:30:04 - [TEST_STEP][PASSED] - selectOptionByLabel(findTestObject("Object Repository/RAD_Pages/Landing_Page/select_NewTaxReturnAmountDue_TaxType"), TaxType, false): All options with label 'Unclaimed Property' are selected in object 'Object Repository/RAD_Pages/Landing_Page/select_NewTaxReturnAmountDue_TaxType' 

2024-11-12 16:30:05 - [MESSAGE][PASSED] - All options with label 'Unclaimed Property' are selected in object 'Object Repository/RAD_Pages/Landing_Page/select_NewTaxReturnAmountDue_TaxType' 

2024-11-12 16:30:05 - [TEST_STEP][PASSED] - selectOptionByLabel(findTestObject(orPath_TaxTypeFilingYear + "/select_FilingYear"), FilingYear, false): All options with label '2024' are selected in object 'Object Repository/RAD_Pages/TaxTypeFilingYear_Page/select_FilingYear' 

2024-11-12 16:30:06 - [MESSAGE][PASSED] - All options with label '2024' are selected in object 'Object Repository/RAD_Pages/TaxTypeFilingYear_Page/select_FilingYear' 

2024-11-12 16:30:06 - [TEST_STEP][PASSED] - if (month.trim()): All options with label 'August' are selected in object 'Object Repository/RAD_Pages/TaxTypeFilingYear_Page/select_PeriodEnding' 

2024-11-12 16:30:06 - [TEST_STEP][PASSED] - selectOptionByLabel(findTestObject(orPath_TaxTypeFilingYear + "/select_PeriodEnding"), month, false): All options with label 'August' are selected in object 'Object Repository/RAD_Pages/TaxTypeFilingYear_Page/select_PeriodEnding' 

2024-11-12 16:30:07 - [MESSAGE][PASSED] - All options with label 'August' are selected in object 'Object Repository/RAD_Pages/TaxTypeFilingYear_Page/select_PeriodEnding' 

2024-11-12 16:30:07 - [TEST_STEP][PASSED] - rad.getSetDataRAD.setDataRADBusinessName(): rad.getSetDataRAD.setDataRADBusinessName is PASSED

2024-11-12 16:30:07 - [MESSAGE][PASSED] - Text 'My Company' is set on object 'Object Repository/RAD_Pages/Taxpayer_Page/input_businessName'

2024-11-12 16:30:07 - [MESSAGE][PASSED] - rad.getSetDataRAD.setDataRADBusinessName is PASSED

2024-11-12 16:30:07 - [TEST_STEP][PASSED] - rad.getSetDataRAD.setDataRADBusinessRep(): rad.getSetDataRAD.setDataRADBusinessRep is PASSED

2024-11-12 16:30:08 - [MESSAGE][PASSED] - Text 'BusRepFname' is set on object 'Object Repository/RAD_Pages/Taxpayer_Page/input_BusinessRepfirstName'

2024-11-12 16:30:09 - [MESSAGE][PASSED] - Text '' is set on object 'Object Repository/RAD_Pages/Taxpayer_Page/input_BusinessRepmiddleName'

2024-11-12 16:30:10 - [MESSAGE][PASSED] - Text 'BusRepLname' is set on object 'Object Repository/RAD_Pages/Taxpayer_Page/input_BusinessReplastName'

2024-11-12 16:30:10 - [MESSAGE][PASSED] - Text '' is set on object 'Object Repository/RAD_Pages/Taxpayer_Page/input_BusinessRepsuffix'

2024-11-12 16:30:10 - [MESSAGE][PASSED] - rad.getSetDataRAD.setDataRADBusinessRep is PASSED

2024-11-12 16:30:10 - [TEST_STEP][PASSED] - rad.getSetDataRAD.setDataRADAddress(): rad.getSetDataRAD.setDataRADAddress is PASSED

2024-11-12 16:30:11 - [MESSAGE][PASSED] - All options with label 'United States' are selected in object 'Object Repository/RAD_Pages/AddressAndContactInfo_Page/select_Country' 

2024-11-12 16:30:12 - [MESSAGE][PASSED] - Text '2508 Mandan Terrace' is set on object 'Object Repository/RAD_Pages/AddressAndContactInfo_Page/input_streetAddress1'

2024-11-12 16:30:12 - [MESSAGE][PASSED] - Text '' is set on object 'Object Repository/RAD_Pages/AddressAndContactInfo_Page/input_streetAddress2'

2024-11-12 16:30:13 - [MESSAGE][PASSED] - Text 'Gambrills' is set on object 'Object Repository/RAD_Pages/AddressAndContactInfo_Page/input_city'

2024-11-12 16:30:14 - [MESSAGE][PASSED] - All options with label 'Maryland' are selected in object 'Object Repository/RAD_Pages/AddressAndContactInfo_Page/select_State' 

2024-11-12 16:30:15 - [MESSAGE][PASSED] - Text '21054' is set on object 'Object Repository/RAD_Pages/AddressAndContactInfo_Page/input_zipCode'

2024-11-12 16:30:15 - [MESSAGE][PASSED] - Text '(703) 894-5000' is set on object 'Object Repository/RAD_Pages/AddressAndContactInfo_Page/input_phoneNumber'

2024-11-12 16:30:16 - [MESSAGE][PASSED] - Text 'iahmed@govolution.com' is set on object 'Object Repository/RAD_Pages/AddressAndContactInfo_Page/input_eMailAddress'

2024-11-12 16:30:17 - [MESSAGE][PASSED] - Text 'iahmed@govolution.com' is set on object 'Object Repository/RAD_Pages/AddressAndContactInfo_Page/input_reEnterEMailAddress'

2024-11-12 16:30:17 - [MESSAGE][PASSED] - rad.getSetDataRAD.setDataRADAddress is PASSED

2024-11-12 16:30:17 - [TEST_STEP][PASSED] - if (feinSSN.equalsIgnoreCase("Y")): null

2024-11-12 16:30:17 - [TEST_STEP][PASSED] - else: Text ****** has been set on object 'Object Repository/RAD_Pages/TaxInfo_Page/input_FederalEIN_ReEnter'

2024-11-12 16:30:17 - [TEST_STEP][PASSED] - if (!(TaxType.equalsIgnoreCase("Estate Tax"))): Text ****** has been set on object 'Object Repository/RAD_Pages/TaxInfo_Page/input_FederalEIN_ReEnter'

2024-11-12 16:30:17 - [TEST_STEP][PASSED] - setEncryptedText(findTestObject(orPath_TaxInfo + "/input_FederalEIN"), "yXB7JMCbD3QoFF75EQd3iw=="): Text ****** has been set on object 'Object Repository/RAD_Pages/TaxInfo_Page/input_FederalEIN'

2024-11-12 16:30:18 - [MESSAGE][PASSED] - Text ****** has been set on object 'Object Repository/RAD_Pages/TaxInfo_Page/input_FederalEIN'

2024-11-12 16:30:18 - [TEST_STEP][PASSED] - setEncryptedText(findTestObject(orPath_TaxInfo + "/input_FederalEIN_ReEnter"), "yXB7JMCbD3QoFF75EQd3iw=="): Text ****** has been set on object 'Object Repository/RAD_Pages/TaxInfo_Page/input_FederalEIN_ReEnter'

2024-11-12 16:30:18 - [MESSAGE][PASSED] - Text ****** has been set on object 'Object Repository/RAD_Pages/TaxInfo_Page/input_FederalEIN_ReEnter'

2024-11-12 16:30:18 - [TEST_STEP][PASSED] - if (CRN.equalsIgnoreCase("Y")): rad.getSetDataRAD.setDataRADMDCRN is PASSED

2024-11-12 16:30:18 - [TEST_STEP][PASSED] - rad.getSetDataRAD.setDataRADMDCRN(): rad.getSetDataRAD.setDataRADMDCRN is PASSED

2024-11-12 16:30:19 - [MESSAGE][PASSED] - Text '07640126' is set on object 'Object Repository/RAD_Pages/TaxInfo_Page/input_MDCRegistration'

2024-11-12 16:30:19 - [MESSAGE][PASSED] - rad.getSetDataRAD.setDataRADMDCRN is PASSED

2024-11-12 16:30:19 - [TEST_STEP][PASSED] - if (MFLicNum.equalsIgnoreCase("Y")): null

2024-11-12 16:30:19 - [TEST_STEP][PASSED] - if (TaxType.equalsIgnoreCase("Estate Tax")): null

2024-11-12 16:30:19 - [TEST_STEP][PASSED] - setText(findTestObject(orPath_Amount + "/input__paymentAmount"), "100.00"): Text '100.00' is set on object 'Object Repository/RAD_Pages/PaymentAmount_Page/input__paymentAmount'

2024-11-12 16:30:20 - [MESSAGE][PASSED] - Text '100.00' is set on object 'Object Repository/RAD_Pages/PaymentAmount_Page/input__paymentAmount'

2024-11-12 16:30:20 - [TEST_STEP][PASSED] - setText(findTestObject(orPath_AddressContact + "/input_streetAddress2"), ""): Text '' is set on object 'Object Repository/RAD_Pages/AddressAndContactInfo_Page/input_streetAddress2'

2024-11-12 16:30:21 - [MESSAGE][PASSED] - Text '' is set on object 'Object Repository/RAD_Pages/AddressAndContactInfo_Page/input_streetAddress2'

2024-11-12 16:30:21 - [TEST_STEP][PASSED] - scrollToElement(findTestObject(orPath_Landing + "/button_Continue"), 3): Scroll to object 'Object Repository/RAD_Pages/Landing_Page/button_Continue' successfully

2024-11-12 16:30:21 - [MESSAGE][PASSED] - Scroll to object 'Object Repository/RAD_Pages/Landing_Page/button_Continue' successfully

2024-11-12 16:30:21 - [TEST_STEP][PASSED] - waitForElementClickable(findTestObject(orPath_Landing + "/button_Continue"), 5): Object 'Object Repository/RAD_Pages/Landing_Page/button_Continue' is clickable

2024-11-12 16:30:21 - [MESSAGE][PASSED] - Object 'Object Repository/RAD_Pages/Landing_Page/button_Continue' is clickable

2024-11-12 16:30:21 - [TEST_STEP][PASSED] - click(findTestObject(orPath_Landing + "/button_Continue")): Object: 'Object Repository/RAD_Pages/Landing_Page/button_Continue' is clicked on

2024-11-12 16:30:22 - [MESSAGE][PASSED] - Object: 'Object Repository/RAD_Pages/Landing_Page/button_Continue' is clicked on

2024-11-12 16:30:22 - [TEST_STEP][PASSED] - delay(2): Delayed 2 second(s)

2024-11-12 16:30:24 - [MESSAGE][PASSED] - Delayed 2 second(s)

2024-11-12 16:30:24 - [TEST_STEP][PASSED] - verifyTextPresent("Summary", true): Text 'Summary' is present on page  using regular expression

2024-11-12 16:30:24 - [MESSAGE][PASSED] - Text 'Summary' is present on page  using regular expression

2024-11-12 16:30:24 - [TEST_STEP][PASSED] - verifyTextPresent("Review the information below and make any necessary corrections by clicking the", true): Text 'Review the information below and make any necessary corrections by clicking the' is present on page  using regular expression

2024-11-12 16:30:24 - [MESSAGE][PASSED] - Text 'Review the information below and make any necessary corrections by clicking the' is present on page  using regular expression

2024-11-12 16:30:24 - [TEST_STEP][PASSED] - verifyTextPresent("When you are confident that all the information is correct, click the", true): Text 'When you are confident that all the information is correct, click the' is present on page  using regular expression

2024-11-12 16:30:25 - [MESSAGE][PASSED] - Text 'When you are confident that all the information is correct, click the' is present on page  using regular expression

2024-11-12 16:30:25 - [TEST_STEP][PASSED] - verifyTextPresent("Payment Type/Filing Year", true): Text 'Payment Type/Filing Year' is present on page  using regular expression

2024-11-12 16:30:25 - [MESSAGE][PASSED] - Text 'Payment Type/Filing Year' is present on page  using regular expression

2024-11-12 16:30:25 - [TEST_STEP][PASSED] - verifyTextPresent("Payment Type:", true): Text 'Payment Type:' is present on page  using regular expression

2024-11-12 16:30:25 - [MESSAGE][PASSED] - Text 'Payment Type:' is present on page  using regular expression

2024-11-12 16:30:25 - [TEST_STEP][PASSED] - verifyTextPresent("New Tax Return Amount Due", true): Text 'New Tax Return Amount Due' is present on page  using regular expression

2024-11-12 16:30:26 - [MESSAGE][PASSED] - Text 'New Tax Return Amount Due' is present on page  using regular expression

2024-11-12 16:30:26 - [TEST_STEP][PASSED] - verifyTextPresent("Filing Year:", true): Text 'Filing Year:' is present on page  using regular expression

2024-11-12 16:30:26 - [MESSAGE][PASSED] - Text 'Filing Year:' is present on page  using regular expression

2024-11-12 16:30:26 - [TEST_STEP][PASSED] - verifyTextPresent(FilingYear, true): Text '2024' is present on page  using regular expression

2024-11-12 16:30:26 - [MESSAGE][PASSED] - Text '2024' is present on page  using regular expression

2024-11-12 16:30:26 - [TEST_STEP][PASSED] - verifyTextPresent("Payer Information", true): Text 'Payer Information' is present on page  using regular expression

2024-11-12 16:30:27 - [MESSAGE][PASSED] - Text 'Payer Information' is present on page  using regular expression

2024-11-12 16:30:27 - [TEST_STEP][PASSED] - verifyTextPresent("Taxpayer Name:", true): Text 'Taxpayer Name:' is present on page  using regular expression

2024-11-12 16:30:27 - [MESSAGE][PASSED] - Text 'Taxpayer Name:' is present on page  using regular expression

2024-11-12 16:30:27 - [TEST_STEP][PASSED] - verifyTextPresent("My Company", true): Text 'My Company' is present on page  using regular expression

2024-11-12 16:30:27 - [MESSAGE][PASSED] - Text 'My Company' is present on page  using regular expression

2024-11-12 16:30:27 - [TEST_STEP][PASSED] - verifyTextPresent("Business Rep Name:", true): Text 'Business Rep Name:' is present on page  using regular expression

2024-11-12 16:30:28 - [MESSAGE][PASSED] - Text 'Business Rep Name:' is present on page  using regular expression

2024-11-12 16:30:28 - [TEST_STEP][PASSED] - verifyTextPresent("BusRepFname BusRepLname", true): Text 'BusRepFname BusRepLname' is present on page  using regular expression

2024-11-12 16:30:28 - [MESSAGE][PASSED] - Text 'BusRepFname BusRepLname' is present on page  using regular expression

2024-11-12 16:30:28 - [TEST_STEP][PASSED] - verifyTextPresent("Taxpayer Address:", true): Text 'Taxpayer Address:' is present on page  using regular expression

2024-11-12 16:30:28 - [MESSAGE][PASSED] - Text 'Taxpayer Address:' is present on page  using regular expression

2024-11-12 16:30:28 - [TEST_STEP][PASSED] - verifyTextPresent("2508 Mandan Terrace Gambrills Maryland 21054", true): Text '2508 Mandan Terrace Gambrills Maryland 21054' is present on page  using regular expression

2024-11-12 16:30:29 - [MESSAGE][PASSED] - Text '2508 Mandan Terrace Gambrills Maryland 21054' is present on page  using regular expression

2024-11-12 16:30:29 - [TEST_STEP][PASSED] - verifyTextPresent("Email:", true): Text 'Email:' is present on page  using regular expression

2024-11-12 16:30:29 - [MESSAGE][PASSED] - Text 'Email:' is present on page  using regular expression

2024-11-12 16:30:29 - [TEST_STEP][PASSED] - verifyTextPresent("iahmed@govolution.com", true): Text 'iahmed@govolution.com' is present on page  using regular expression

2024-11-12 16:30:29 - [MESSAGE][PASSED] - Text 'iahmed@govolution.com' is present on page  using regular expression

2024-11-12 16:30:29 - [TEST_STEP][PASSED] - verifyTextPresent("Phone:", true): Text 'Phone:' is present on page  using regular expression

2024-11-12 16:30:30 - [MESSAGE][PASSED] - Text 'Phone:' is present on page  using regular expression

2024-11-12 16:30:30 - [TEST_STEP][PASSED] - verifyTextPresent("(703) 894-5000", false): Text '(703) 894-5000' is present on page 

2024-11-12 16:30:30 - [MESSAGE][PASSED] - Text '(703) 894-5000' is present on page 

2024-11-12 16:30:30 - [TEST_STEP][PASSED] - verifyTextPresent("Tax Information", true): Text 'Tax Information' is present on page  using regular expression

2024-11-12 16:30:30 - [MESSAGE][PASSED] - Text 'Tax Information' is present on page  using regular expression

2024-11-12 16:30:30 - [TEST_STEP][PASSED] - verifyTextNotPresent("Notice Number", true): Text 'Notice Number' is not present on page using regular expression

2024-11-12 16:30:31 - [MESSAGE][PASSED] - Text 'Notice Number' is not present on page using regular expression

2024-11-12 16:30:31 - [TEST_STEP][PASSED] - if (month.trim()): Text 'August' is present on page  using regular expression

2024-11-12 16:30:31 - [TEST_STEP][PASSED] - verifyTextPresent("Period Ending", true): Text 'Period Ending' is present on page  using regular expression

2024-11-12 16:30:31 - [MESSAGE][PASSED] - Text 'Period Ending' is present on page  using regular expression

2024-11-12 16:30:31 - [TEST_STEP][PASSED] - verifyTextPresent(month, true): Text 'August' is present on page  using regular expression

2024-11-12 16:30:31 - [MESSAGE][PASSED] - Text 'August' is present on page  using regular expression

2024-11-12 16:30:31 - [TEST_STEP][PASSED] - if (feinSSN.equalsIgnoreCase("Y")): null

2024-11-12 16:30:31 - [TEST_STEP][PASSED] - else: Text 'XXXXXXX87' is present on page  using regular expression

2024-11-12 16:30:31 - [TEST_STEP][PASSED] - if (!(TaxType.equalsIgnoreCase("Estate Tax"))): Text 'XXXXXXX87' is present on page  using regular expression

2024-11-12 16:30:31 - [TEST_STEP][PASSED] - verifyTextPresent("Federal EIN:", true): Text 'Federal EIN:' is present on page  using regular expression

2024-11-12 16:30:32 - [MESSAGE][PASSED] - Text 'Federal EIN:' is present on page  using regular expression

2024-11-12 16:30:32 - [TEST_STEP][PASSED] - verifyTextNotPresent("FEIN/SSN:", true): Text 'FEIN/SSN:' is not present on page using regular expression

2024-11-12 16:30:32 - [MESSAGE][PASSED] - Text 'FEIN/SSN:' is not present on page using regular expression

2024-11-12 16:30:32 - [TEST_STEP][PASSED] - verifyTextPresent("XXXXXXX87", true): Text 'XXXXXXX87' is present on page  using regular expression

2024-11-12 16:30:32 - [MESSAGE][PASSED] - Text 'XXXXXXX87' is present on page  using regular expression

2024-11-12 16:30:32 - [TEST_STEP][PASSED] - if (TaxType.equalsIgnoreCase("Estate Tax")): null

2024-11-12 16:30:32 - [TEST_STEP][PASSED] - if (CRN.equalsIgnoreCase("Y")): Text '07640126' is present on page  using regular expression

2024-11-12 16:30:32 - [TEST_STEP][PASSED] - verifyTextPresent("MD Central Registration Number#:", true): Text 'MD Central Registration Number#:' is present on page  using regular expression

2024-11-12 16:30:33 - [MESSAGE][PASSED] - Text 'MD Central Registration Number#:' is present on page  using regular expression

2024-11-12 16:30:33 - [TEST_STEP][PASSED] - verifyTextPresent("07640126", true): Text '07640126' is present on page  using regular expression

2024-11-12 16:30:33 - [MESSAGE][PASSED] - Text '07640126' is present on page  using regular expression

2024-11-12 16:30:33 - [TEST_STEP][PASSED] - if (MFLicNum.equalsIgnoreCase("Y")): null

2024-11-12 16:30:33 - [TEST_STEP][PASSED] - else: Text 'Motor Fuel License Number#:' is not present on page using regular expression

2024-11-12 16:30:33 - [TEST_STEP][PASSED] - verifyTextNotPresent("Motor Fuel License Number#:", true): Text 'Motor Fuel License Number#:' is not present on page using regular expression

2024-11-12 16:30:33 - [MESSAGE][PASSED] - Text 'Motor Fuel License Number#:' is not present on page using regular expression

2024-11-12 16:30:33 - [TEST_STEP][PASSED] - verifyTextPresent("Payment Amount:", true): Text 'Payment Amount:' is present on page  using regular expression

2024-11-12 16:30:34 - [MESSAGE][PASSED] - Text 'Payment Amount:' is present on page  using regular expression

2024-11-12 16:30:34 - [TEST_STEP][PASSED] - verifyTextPresent("100.00", true): Text '100.00' is present on page  using regular expression

2024-11-12 16:30:34 - [MESSAGE][PASSED] - Text '100.00' is present on page  using regular expression

2024-11-12 16:30:34 - [TEST_STEP][PASSED] - if (verifyElementVisible(findTestObject(orPath_Summary + "/button_Proceed to Payment"))): null

2024-11-12 16:30:34 - [MESSAGE][PASSED] - Object 'Object Repository/RAD_Pages/Summary_Page/button_Proceed to Payment' is visible

2024-11-12 16:30:34 - [TEST_STEP][PASSED] - resText = "Pass": null

2024-11-12 16:30:34 - [TEST_STEP][PASSED] - pages.WriteExcel.demoKey(resText, datText, resColumn, datCloumn, fileLoc, nameSheet, row): pages.WriteExcel.demoKey is PASSED

2024-11-12 16:30:34 - [MESSAGE][PASSED] - pages.WriteExcel.demoKey is PASSED

2024-11-12 16:30:34 - [TEST_STEP][PASSED] - click(findTestObject(orPath_Summary + "/button_Proceed to Payment")): Object: 'Object Repository/RAD_Pages/Summary_Page/button_Proceed to Payment' is clicked on

2024-11-12 16:30:37 - [MESSAGE][PASSED] - Object: 'Object Repository/RAD_Pages/Summary_Page/button_Proceed to Payment' is clicked on

2024-11-12 16:30:37 - [TEST_STEP][PASSED] - verifyElementPresent(findTestObject("Object Repository/RAD_Pages/PaymentEntry_Page/input__billingName"), 30): Object 'Object Repository/RAD_Pages/PaymentEntry_Page/input__billingName' is present

2024-11-12 16:30:38 - [MESSAGE][PASSED] - Object 'Object Repository/RAD_Pages/PaymentEntry_Page/input__billingName' is present

2024-11-12 16:30:38 - [TEST_STEP][PASSED] - ExecuteTC = findTestData(dataFile).getValue("Execute", row): null

2024-11-12 16:30:38 - [TEST_STEP][PASSED] - TaxType = findTestData(dataFile).getValue("TaxType", row): null

2024-11-12 16:30:38 - [TEST_STEP][PASSED] - PaymentType = findTestData(dataFile).getValue("PaymentType", row): null

2024-11-12 16:30:38 - [TEST_STEP][PASSED] - FilingYear = findTestData(dataFile).getValue("Year", row): null

2024-11-12 16:30:38 - [TEST_STEP][PASSED] - feinSSN = findTestData(dataFile).getValue("FeinSsn", row): null

2024-11-12 16:30:38 - [TEST_STEP][PASSED] - CRN = findTestData(dataFile).getValue("CRN", row): null

2024-11-12 16:30:38 - [TEST_STEP][PASSED] - month = findTestData(dataFile).getValue("Month", row): null

2024-11-12 16:30:39 - [TEST_STEP][PASSED] - MFLicNum = findTestData(dataFile).getValue("MFLicNum", row): null

2024-11-12 16:30:39 - [TEST_STEP][PASSED] - if (ExecuteTC.equalsIgnoreCase("Y")): Object 'Object Repository/RAD_Pages/PaymentEntry_Page/input__billingName' is present

2024-11-12 16:30:39 - [TEST_STEP][PASSED] - out.println("Begin Record Number: " + row): null

2024-11-12 16:30:39 - [TEST_STEP][PASSED] - today = new java.util.Date(): null

2024-11-12 16:30:39 - [TEST_STEP][PASSED] - println(today): null

2024-11-12 16:30:39 - [TEST_STEP][PASSED] - datText = today: null

2024-11-12 16:30:39 - [TEST_STEP][PASSED] - logInfo("Payment Type: New Tax Return Amount Due"): Payment Type: New Tax Return Amount Due

2024-11-12 16:30:39 - [MESSAGE][INFO] - Payment Type: New Tax Return Amount Due

2024-11-12 16:30:39 - [TEST_STEP][PASSED] - logInfo("Tax Type: " + TaxType): Tax Type: Withholding Tax

2024-11-12 16:30:39 - [MESSAGE][INFO] - Tax Type: Withholding Tax

2024-11-12 16:30:39 - [TEST_STEP][PASSED] - openBrowser(""): Browser is opened with url: ''

2024-11-12 16:30:39 - [MESSAGE][WARNING] - A browser is already opened. Closing browser and opening a new one

2024-11-12 16:30:41 - [MESSAGE][INFO] - Starting 'Chrome' driver

2024-11-12 16:30:41 - [MESSAGE][INFO] - User set preference: ['acceptInsecureCerts', 'true']

2024-11-12 16:30:41 - [MESSAGE][INFO] - Action delay is set to 0 milliseconds

2024-11-12 16:30:43 - [MESSAGE][PASSED] - Browser is opened with url: ''

2024-11-12 16:30:43 - [TEST_STEP][PASSED] - maximizeWindow(): Current window maximized

2024-11-12 16:30:43 - [MESSAGE][PASSED] - Current window maximized

2024-11-12 16:30:43 - [TEST_STEP][PASSED] - navigateToUrl(RADurl): Navigate to 'https://www.velocitypayment.com/client/rad/index.html' successfully

2024-11-12 16:30:45 - [MESSAGE][PASSED] - Navigate to 'https://www.velocitypayment.com/client/rad/index.html' successfully

2024-11-12 16:30:45 - [TEST_STEP][PASSED] - selectOptionByLabel(findTestObject(orPath_Landing + "/dd_TaxType"), "New Tax Return Amount Due", false): All options with label 'New Tax Return Amount Due' are selected in object 'Object Repository/RAD_Pages/Landing_Page/dd_TaxType' 

2024-11-12 16:30:45 - [MESSAGE][PASSED] - All options with label 'New Tax Return Amount Due' are selected in object 'Object Repository/RAD_Pages/Landing_Page/dd_TaxType' 

2024-11-12 16:30:45 - [TEST_STEP][PASSED] - selectOptionByLabel(findTestObject("Object Repository/RAD_Pages/Landing_Page/select_NewTaxReturnAmountDue_TaxType"), TaxType, false): All options with label 'Withholding Tax' are selected in object 'Object Repository/RAD_Pages/Landing_Page/select_NewTaxReturnAmountDue_TaxType' 

2024-11-12 16:30:46 - [MESSAGE][PASSED] - All options with label 'Withholding Tax' are selected in object 'Object Repository/RAD_Pages/Landing_Page/select_NewTaxReturnAmountDue_TaxType' 

2024-11-12 16:30:46 - [TEST_STEP][PASSED] - selectOptionByLabel(findTestObject(orPath_TaxTypeFilingYear + "/select_FilingYear"), FilingYear, false): All options with label '2024' are selected in object 'Object Repository/RAD_Pages/TaxTypeFilingYear_Page/select_FilingYear' 

2024-11-12 16:30:47 - [MESSAGE][PASSED] - All options with label '2024' are selected in object 'Object Repository/RAD_Pages/TaxTypeFilingYear_Page/select_FilingYear' 

2024-11-12 16:30:47 - [TEST_STEP][PASSED] - if (month.trim()): All options with label 'May' are selected in object 'Object Repository/RAD_Pages/TaxTypeFilingYear_Page/select_PeriodEnding' 

2024-11-12 16:30:47 - [TEST_STEP][PASSED] - selectOptionByLabel(findTestObject(orPath_TaxTypeFilingYear + "/select_PeriodEnding"), month, false): All options with label 'May' are selected in object 'Object Repository/RAD_Pages/TaxTypeFilingYear_Page/select_PeriodEnding' 

2024-11-12 16:30:47 - [MESSAGE][PASSED] - All options with label 'May' are selected in object 'Object Repository/RAD_Pages/TaxTypeFilingYear_Page/select_PeriodEnding' 

2024-11-12 16:30:47 - [TEST_STEP][PASSED] - rad.getSetDataRAD.setDataRADBusinessName(): rad.getSetDataRAD.setDataRADBusinessName is PASSED

2024-11-12 16:30:48 - [MESSAGE][PASSED] - Text 'My Company' is set on object 'Object Repository/RAD_Pages/Taxpayer_Page/input_businessName'

2024-11-12 16:30:48 - [MESSAGE][PASSED] - rad.getSetDataRAD.setDataRADBusinessName is PASSED

2024-11-12 16:30:48 - [TEST_STEP][PASSED] - rad.getSetDataRAD.setDataRADBusinessRep(): rad.getSetDataRAD.setDataRADBusinessRep is PASSED

2024-11-12 16:30:49 - [MESSAGE][PASSED] - Text 'BusRepFname' is set on object 'Object Repository/RAD_Pages/Taxpayer_Page/input_BusinessRepfirstName'

2024-11-12 16:30:50 - [MESSAGE][PASSED] - Text '' is set on object 'Object Repository/RAD_Pages/Taxpayer_Page/input_BusinessRepmiddleName'

2024-11-12 16:30:50 - [MESSAGE][PASSED] - Text 'BusRepLname' is set on object 'Object Repository/RAD_Pages/Taxpayer_Page/input_BusinessReplastName'

2024-11-12 16:30:51 - [MESSAGE][PASSED] - Text '' is set on object 'Object Repository/RAD_Pages/Taxpayer_Page/input_BusinessRepsuffix'

2024-11-12 16:30:51 - [MESSAGE][PASSED] - rad.getSetDataRAD.setDataRADBusinessRep is PASSED

2024-11-12 16:30:51 - [TEST_STEP][PASSED] - rad.getSetDataRAD.setDataRADAddress(): rad.getSetDataRAD.setDataRADAddress is PASSED

2024-11-12 16:30:52 - [MESSAGE][PASSED] - All options with label 'United States' are selected in object 'Object Repository/RAD_Pages/AddressAndContactInfo_Page/select_Country' 

2024-11-12 16:30:52 - [MESSAGE][PASSED] - Text '2508 Mandan Terrace' is set on object 'Object Repository/RAD_Pages/AddressAndContactInfo_Page/input_streetAddress1'

2024-11-12 16:30:53 - [MESSAGE][PASSED] - Text '' is set on object 'Object Repository/RAD_Pages/AddressAndContactInfo_Page/input_streetAddress2'

2024-11-12 16:30:54 - [MESSAGE][PASSED] - Text 'Gambrills' is set on object 'Object Repository/RAD_Pages/AddressAndContactInfo_Page/input_city'

2024-11-12 16:30:55 - [MESSAGE][PASSED] - All options with label 'Maryland' are selected in object 'Object Repository/RAD_Pages/AddressAndContactInfo_Page/select_State' 

2024-11-12 16:30:56 - [MESSAGE][PASSED] - Text '21054' is set on object 'Object Repository/RAD_Pages/AddressAndContactInfo_Page/input_zipCode'

2024-11-12 16:30:56 - [MESSAGE][PASSED] - Text '(703) 894-5000' is set on object 'Object Repository/RAD_Pages/AddressAndContactInfo_Page/input_phoneNumber'

2024-11-12 16:30:57 - [MESSAGE][PASSED] - Text 'iahmed@govolution.com' is set on object 'Object Repository/RAD_Pages/AddressAndContactInfo_Page/input_eMailAddress'

2024-11-12 16:30:58 - [MESSAGE][PASSED] - Text 'iahmed@govolution.com' is set on object 'Object Repository/RAD_Pages/AddressAndContactInfo_Page/input_reEnterEMailAddress'

2024-11-12 16:30:58 - [MESSAGE][PASSED] - rad.getSetDataRAD.setDataRADAddress is PASSED

2024-11-12 16:30:58 - [TEST_STEP][PASSED] - if (feinSSN.equalsIgnoreCase("Y")): null

2024-11-12 16:30:58 - [TEST_STEP][PASSED] - else: Text ****** has been set on object 'Object Repository/RAD_Pages/TaxInfo_Page/input_FederalEIN_ReEnter'

2024-11-12 16:30:58 - [TEST_STEP][PASSED] - if (!(TaxType.equalsIgnoreCase("Estate Tax"))): Text ****** has been set on object 'Object Repository/RAD_Pages/TaxInfo_Page/input_FederalEIN_ReEnter'

2024-11-12 16:30:58 - [TEST_STEP][PASSED] - setEncryptedText(findTestObject(orPath_TaxInfo + "/input_FederalEIN"), "yXB7JMCbD3QoFF75EQd3iw=="): Text ****** has been set on object 'Object Repository/RAD_Pages/TaxInfo_Page/input_FederalEIN'

2024-11-12 16:30:58 - [MESSAGE][PASSED] - Text ****** has been set on object 'Object Repository/RAD_Pages/TaxInfo_Page/input_FederalEIN'

2024-11-12 16:30:58 - [TEST_STEP][PASSED] - setEncryptedText(findTestObject(orPath_TaxInfo + "/input_FederalEIN_ReEnter"), "yXB7JMCbD3QoFF75EQd3iw=="): Text ****** has been set on object 'Object Repository/RAD_Pages/TaxInfo_Page/input_FederalEIN_ReEnter'

2024-11-12 16:30:59 - [MESSAGE][PASSED] - Text ****** has been set on object 'Object Repository/RAD_Pages/TaxInfo_Page/input_FederalEIN_ReEnter'

2024-11-12 16:30:59 - [TEST_STEP][PASSED] - if (CRN.equalsIgnoreCase("Y")): rad.getSetDataRAD.setDataRADMDCRN is PASSED

2024-11-12 16:30:59 - [TEST_STEP][PASSED] - rad.getSetDataRAD.setDataRADMDCRN(): rad.getSetDataRAD.setDataRADMDCRN is PASSED

2024-11-12 16:31:00 - [MESSAGE][PASSED] - Text '07640126' is set on object 'Object Repository/RAD_Pages/TaxInfo_Page/input_MDCRegistration'

2024-11-12 16:31:00 - [MESSAGE][PASSED] - rad.getSetDataRAD.setDataRADMDCRN is PASSED

2024-11-12 16:31:00 - [TEST_STEP][PASSED] - if (MFLicNum.equalsIgnoreCase("Y")): null

2024-11-12 16:31:00 - [TEST_STEP][PASSED] - if (TaxType.equalsIgnoreCase("Estate Tax")): null

2024-11-12 16:31:00 - [TEST_STEP][PASSED] - setText(findTestObject(orPath_Amount + "/input__paymentAmount"), "100.00"): Text '100.00' is set on object 'Object Repository/RAD_Pages/PaymentAmount_Page/input__paymentAmount'

2024-11-12 16:31:00 - [MESSAGE][PASSED] - Text '100.00' is set on object 'Object Repository/RAD_Pages/PaymentAmount_Page/input__paymentAmount'

2024-11-12 16:31:00 - [TEST_STEP][PASSED] - setText(findTestObject(orPath_AddressContact + "/input_streetAddress2"), ""): Text '' is set on object 'Object Repository/RAD_Pages/AddressAndContactInfo_Page/input_streetAddress2'

2024-11-12 16:31:01 - [MESSAGE][PASSED] - Text '' is set on object 'Object Repository/RAD_Pages/AddressAndContactInfo_Page/input_streetAddress2'

2024-11-12 16:31:01 - [TEST_STEP][PASSED] - scrollToElement(findTestObject(orPath_Landing + "/button_Continue"), 3): Scroll to object 'Object Repository/RAD_Pages/Landing_Page/button_Continue' successfully

2024-11-12 16:31:02 - [MESSAGE][PASSED] - Scroll to object 'Object Repository/RAD_Pages/Landing_Page/button_Continue' successfully

2024-11-12 16:31:02 - [TEST_STEP][PASSED] - waitForElementClickable(findTestObject(orPath_Landing + "/button_Continue"), 5): Object 'Object Repository/RAD_Pages/Landing_Page/button_Continue' is clickable

2024-11-12 16:31:02 - [MESSAGE][PASSED] - Object 'Object Repository/RAD_Pages/Landing_Page/button_Continue' is clickable

2024-11-12 16:31:02 - [TEST_STEP][PASSED] - click(findTestObject(orPath_Landing + "/button_Continue")): Object: 'Object Repository/RAD_Pages/Landing_Page/button_Continue' is clicked on

2024-11-12 16:31:02 - [MESSAGE][PASSED] - Object: 'Object Repository/RAD_Pages/Landing_Page/button_Continue' is clicked on

2024-11-12 16:31:02 - [TEST_STEP][PASSED] - delay(2): Delayed 2 second(s)

2024-11-12 16:31:04 - [MESSAGE][PASSED] - Delayed 2 second(s)

2024-11-12 16:31:04 - [TEST_STEP][PASSED] - verifyTextPresent("Summary", true): Text 'Summary' is present on page  using regular expression

2024-11-12 16:31:05 - [MESSAGE][PASSED] - Text 'Summary' is present on page  using regular expression

2024-11-12 16:31:05 - [TEST_STEP][PASSED] - verifyTextPresent("Review the information below and make any necessary corrections by clicking the", true): Text 'Review the information below and make any necessary corrections by clicking the' is present on page  using regular expression

2024-11-12 16:31:05 - [MESSAGE][PASSED] - Text 'Review the information below and make any necessary corrections by clicking the' is present on page  using regular expression

2024-11-12 16:31:05 - [TEST_STEP][PASSED] - verifyTextPresent("When you are confident that all the information is correct, click the", true): Text 'When you are confident that all the information is correct, click the' is present on page  using regular expression

2024-11-12 16:31:05 - [MESSAGE][PASSED] - Text 'When you are confident that all the information is correct, click the' is present on page  using regular expression

2024-11-12 16:31:05 - [TEST_STEP][PASSED] - verifyTextPresent("Payment Type/Filing Year", true): Text 'Payment Type/Filing Year' is present on page  using regular expression

2024-11-12 16:31:06 - [MESSAGE][PASSED] - Text 'Payment Type/Filing Year' is present on page  using regular expression

2024-11-12 16:31:06 - [TEST_STEP][PASSED] - verifyTextPresent("Payment Type:", true): Text 'Payment Type:' is present on page  using regular expression

2024-11-12 16:31:06 - [MESSAGE][PASSED] - Text 'Payment Type:' is present on page  using regular expression

2024-11-12 16:31:06 - [TEST_STEP][PASSED] - verifyTextPresent("New Tax Return Amount Due", true): Text 'New Tax Return Amount Due' is present on page  using regular expression

2024-11-12 16:31:06 - [MESSAGE][PASSED] - Text 'New Tax Return Amount Due' is present on page  using regular expression

2024-11-12 16:31:06 - [TEST_STEP][PASSED] - verifyTextPresent("Filing Year:", true): Text 'Filing Year:' is present on page  using regular expression

2024-11-12 16:31:07 - [MESSAGE][PASSED] - Text 'Filing Year:' is present on page  using regular expression

2024-11-12 16:31:07 - [TEST_STEP][PASSED] - verifyTextPresent(FilingYear, true): Text '2024' is present on page  using regular expression

2024-11-12 16:31:07 - [MESSAGE][PASSED] - Text '2024' is present on page  using regular expression

2024-11-12 16:31:07 - [TEST_STEP][PASSED] - verifyTextPresent("Payer Information", true): Text 'Payer Information' is present on page  using regular expression

2024-11-12 16:31:07 - [MESSAGE][PASSED] - Text 'Payer Information' is present on page  using regular expression

2024-11-12 16:31:07 - [TEST_STEP][PASSED] - verifyTextPresent("Taxpayer Name:", true): Text 'Taxpayer Name:' is present on page  using regular expression

2024-11-12 16:31:08 - [MESSAGE][PASSED] - Text 'Taxpayer Name:' is present on page  using regular expression

2024-11-12 16:31:08 - [TEST_STEP][PASSED] - verifyTextPresent("My Company", true): Text 'My Company' is present on page  using regular expression

2024-11-12 16:31:08 - [MESSAGE][PASSED] - Text 'My Company' is present on page  using regular expression

2024-11-12 16:31:08 - [TEST_STEP][PASSED] - verifyTextPresent("Business Rep Name:", true): Text 'Business Rep Name:' is present on page  using regular expression

2024-11-12 16:31:08 - [MESSAGE][PASSED] - Text 'Business Rep Name:' is present on page  using regular expression

2024-11-12 16:31:08 - [TEST_STEP][PASSED] - verifyTextPresent("BusRepFname BusRepLname", true): Text 'BusRepFname BusRepLname' is present on page  using regular expression

2024-11-12 16:31:09 - [MESSAGE][PASSED] - Text 'BusRepFname BusRepLname' is present on page  using regular expression

2024-11-12 16:31:09 - [TEST_STEP][PASSED] - verifyTextPresent("Taxpayer Address:", true): Text 'Taxpayer Address:' is present on page  using regular expression

2024-11-12 16:31:09 - [MESSAGE][PASSED] - Text 'Taxpayer Address:' is present on page  using regular expression

2024-11-12 16:31:09 - [TEST_STEP][PASSED] - verifyTextPresent("2508 Mandan Terrace Gambrills Maryland 21054", true): Text '2508 Mandan Terrace Gambrills Maryland 21054' is present on page  using regular expression

2024-11-12 16:31:09 - [MESSAGE][PASSED] - Text '2508 Mandan Terrace Gambrills Maryland 21054' is present on page  using regular expression

2024-11-12 16:31:09 - [TEST_STEP][PASSED] - verifyTextPresent("Email:", true): Text 'Email:' is present on page  using regular expression

2024-11-12 16:31:10 - [MESSAGE][PASSED] - Text 'Email:' is present on page  using regular expression

2024-11-12 16:31:10 - [TEST_STEP][PASSED] - verifyTextPresent("iahmed@govolution.com", true): Text 'iahmed@govolution.com' is present on page  using regular expression

2024-11-12 16:31:10 - [MESSAGE][PASSED] - Text 'iahmed@govolution.com' is present on page  using regular expression

2024-11-12 16:31:10 - [TEST_STEP][PASSED] - verifyTextPresent("Phone:", true): Text 'Phone:' is present on page  using regular expression

2024-11-12 16:31:10 - [MESSAGE][PASSED] - Text 'Phone:' is present on page  using regular expression

2024-11-12 16:31:10 - [TEST_STEP][PASSED] - verifyTextPresent("(703) 894-5000", false): Text '(703) 894-5000' is present on page 

2024-11-12 16:31:11 - [MESSAGE][PASSED] - Text '(703) 894-5000' is present on page 

2024-11-12 16:31:11 - [TEST_STEP][PASSED] - verifyTextPresent("Tax Information", true): Text 'Tax Information' is present on page  using regular expression

2024-11-12 16:31:11 - [MESSAGE][PASSED] - Text 'Tax Information' is present on page  using regular expression

2024-11-12 16:31:11 - [TEST_STEP][PASSED] - verifyTextNotPresent("Notice Number", true): Text 'Notice Number' is not present on page using regular expression

2024-11-12 16:31:11 - [MESSAGE][PASSED] - Text 'Notice Number' is not present on page using regular expression

2024-11-12 16:31:11 - [TEST_STEP][PASSED] - if (month.trim()): Text 'May' is present on page  using regular expression

2024-11-12 16:31:11 - [TEST_STEP][PASSED] - verifyTextPresent("Period Ending", true): Text 'Period Ending' is present on page  using regular expression

2024-11-12 16:31:12 - [MESSAGE][PASSED] - Text 'Period Ending' is present on page  using regular expression

2024-11-12 16:31:12 - [TEST_STEP][PASSED] - verifyTextPresent(month, true): Text 'May' is present on page  using regular expression

2024-11-12 16:31:12 - [MESSAGE][PASSED] - Text 'May' is present on page  using regular expression

2024-11-12 16:31:12 - [TEST_STEP][PASSED] - if (feinSSN.equalsIgnoreCase("Y")): null

2024-11-12 16:31:12 - [TEST_STEP][PASSED] - else: Text 'XXXXXXX87' is present on page  using regular expression

2024-11-12 16:31:12 - [TEST_STEP][PASSED] - if (!(TaxType.equalsIgnoreCase("Estate Tax"))): Text 'XXXXXXX87' is present on page  using regular expression

2024-11-12 16:31:12 - [TEST_STEP][PASSED] - verifyTextPresent("Federal EIN:", true): Text 'Federal EIN:' is present on page  using regular expression

2024-11-12 16:31:12 - [MESSAGE][PASSED] - Text 'Federal EIN:' is present on page  using regular expression

2024-11-12 16:31:12 - [TEST_STEP][PASSED] - verifyTextNotPresent("FEIN/SSN:", true): Text 'FEIN/SSN:' is not present on page using regular expression

2024-11-12 16:31:13 - [MESSAGE][PASSED] - Text 'FEIN/SSN:' is not present on page using regular expression

2024-11-12 16:31:13 - [TEST_STEP][PASSED] - verifyTextPresent("XXXXXXX87", true): Text 'XXXXXXX87' is present on page  using regular expression

2024-11-12 16:31:13 - [MESSAGE][PASSED] - Text 'XXXXXXX87' is present on page  using regular expression

2024-11-12 16:31:13 - [TEST_STEP][PASSED] - if (TaxType.equalsIgnoreCase("Estate Tax")): null

2024-11-12 16:31:13 - [TEST_STEP][PASSED] - if (CRN.equalsIgnoreCase("Y")): Text '07640126' is present on page  using regular expression

2024-11-12 16:31:13 - [TEST_STEP][PASSED] - verifyTextPresent("MD Central Registration Number#:", true): Text 'MD Central Registration Number#:' is present on page  using regular expression

2024-11-12 16:31:13 - [MESSAGE][PASSED] - Text 'MD Central Registration Number#:' is present on page  using regular expression

2024-11-12 16:31:13 - [TEST_STEP][PASSED] - verifyTextPresent("07640126", true): Text '07640126' is present on page  using regular expression

2024-11-12 16:31:14 - [MESSAGE][PASSED] - Text '07640126' is present on page  using regular expression

2024-11-12 16:31:14 - [TEST_STEP][PASSED] - if (MFLicNum.equalsIgnoreCase("Y")): null

2024-11-12 16:31:14 - [TEST_STEP][PASSED] - else: Text 'Motor Fuel License Number#:' is not present on page using regular expression

2024-11-12 16:31:14 - [TEST_STEP][PASSED] - verifyTextNotPresent("Motor Fuel License Number#:", true): Text 'Motor Fuel License Number#:' is not present on page using regular expression

2024-11-12 16:31:14 - [MESSAGE][PASSED] - Text 'Motor Fuel License Number#:' is not present on page using regular expression

2024-11-12 16:31:14 - [TEST_STEP][PASSED] - verifyTextPresent("Payment Amount:", true): Text 'Payment Amount:' is present on page  using regular expression

2024-11-12 16:31:14 - [MESSAGE][PASSED] - Text 'Payment Amount:' is present on page  using regular expression

2024-11-12 16:31:14 - [TEST_STEP][PASSED] - verifyTextPresent("100.00", true): Text '100.00' is present on page  using regular expression

2024-11-12 16:31:15 - [MESSAGE][PASSED] - Text '100.00' is present on page  using regular expression

2024-11-12 16:31:15 - [TEST_STEP][PASSED] - if (verifyElementVisible(findTestObject(orPath_Summary + "/button_Proceed to Payment"))): null

2024-11-12 16:31:15 - [MESSAGE][PASSED] - Object 'Object Repository/RAD_Pages/Summary_Page/button_Proceed to Payment' is visible

2024-11-12 16:31:15 - [TEST_STEP][PASSED] - resText = "Pass": null

2024-11-12 16:31:15 - [TEST_STEP][PASSED] - pages.WriteExcel.demoKey(resText, datText, resColumn, datCloumn, fileLoc, nameSheet, row): pages.WriteExcel.demoKey is PASSED

2024-11-12 16:31:15 - [MESSAGE][PASSED] - pages.WriteExcel.demoKey is PASSED

2024-11-12 16:31:15 - [TEST_STEP][PASSED] - click(findTestObject(orPath_Summary + "/button_Proceed to Payment")): Object: 'Object Repository/RAD_Pages/Summary_Page/button_Proceed to Payment' is clicked on

2024-11-12 16:31:17 - [MESSAGE][PASSED] - Object: 'Object Repository/RAD_Pages/Summary_Page/button_Proceed to Payment' is clicked on

2024-11-12 16:31:17 - [TEST_STEP][PASSED] - verifyElementPresent(findTestObject("Object Repository/RAD_Pages/PaymentEntry_Page/input__billingName"), 30): Object 'Object Repository/RAD_Pages/PaymentEntry_Page/input__billingName' is present

2024-11-12 16:31:18 - [MESSAGE][PASSED] - Object 'Object Repository/RAD_Pages/PaymentEntry_Page/input__billingName' is present

2024-11-12 16:31:18 - [TEST_STEP][PASSED] - ExecuteTC = findTestData(dataFile).getValue("Execute", row): null

2024-11-12 16:31:18 - [TEST_STEP][PASSED] - TaxType = findTestData(dataFile).getValue("TaxType", row): null

2024-11-12 16:31:18 - [TEST_STEP][PASSED] - PaymentType = findTestData(dataFile).getValue("PaymentType", row): null

2024-11-12 16:31:18 - [TEST_STEP][PASSED] - FilingYear = findTestData(dataFile).getValue("Year", row): null

2024-11-12 16:31:18 - [TEST_STEP][PASSED] - feinSSN = findTestData(dataFile).getValue("FeinSsn", row): null

2024-11-12 16:31:18 - [TEST_STEP][PASSED] - CRN = findTestData(dataFile).getValue("CRN", row): null

2024-11-12 16:31:18 - [TEST_STEP][PASSED] - month = findTestData(dataFile).getValue("Month", row): null

2024-11-12 16:31:18 - [TEST_STEP][PASSED] - MFLicNum = findTestData(dataFile).getValue("MFLicNum", row): null

2024-11-12 16:31:18 - [TEST_STEP][PASSED] - if (ExecuteTC.equalsIgnoreCase("Y")): Object 'Object Repository/RAD_Pages/PaymentEntry_Page/input__billingName' is present

2024-11-12 16:31:18 - [TEST_STEP][PASSED] - out.println("Begin Record Number: " + row): null

2024-11-12 16:31:18 - [TEST_STEP][PASSED] - today = new java.util.Date(): null

2024-11-12 16:31:18 - [TEST_STEP][PASSED] - println(today): null

2024-11-12 16:31:18 - [TEST_STEP][PASSED] - datText = today: null

2024-11-12 16:31:18 - [TEST_STEP][PASSED] - logInfo("Payment Type: New Tax Return Amount Due"): Payment Type: New Tax Return Amount Due

2024-11-12 16:31:18 - [MESSAGE][INFO] - Payment Type: New Tax Return Amount Due

2024-11-12 16:31:18 - [TEST_STEP][PASSED] - logInfo("Tax Type: " + TaxType): Tax Type: Admissions and Amusement Tax

2024-11-12 16:31:18 - [MESSAGE][INFO] - Tax Type: Admissions and Amusement Tax

2024-11-12 16:31:18 - [TEST_STEP][PASSED] - openBrowser(""): Browser is opened with url: ''

2024-11-12 16:31:18 - [MESSAGE][WARNING] - A browser is already opened. Closing browser and opening a new one

2024-11-12 16:31:20 - [MESSAGE][INFO] - Starting 'Chrome' driver

2024-11-12 16:31:20 - [MESSAGE][INFO] - User set preference: ['acceptInsecureCerts', 'true']

2024-11-12 16:31:20 - [MESSAGE][INFO] - Action delay is set to 0 milliseconds

2024-11-12 16:31:21 - [MESSAGE][PASSED] - Browser is opened with url: ''

2024-11-12 16:31:21 - [TEST_STEP][PASSED] - maximizeWindow(): Current window maximized

2024-11-12 16:31:21 - [MESSAGE][PASSED] - Current window maximized

2024-11-12 16:31:21 - [TEST_STEP][PASSED] - navigateToUrl(RADurl): Navigate to 'https://www.velocitypayment.com/client/rad/index.html' successfully

2024-11-12 16:31:23 - [MESSAGE][PASSED] - Navigate to 'https://www.velocitypayment.com/client/rad/index.html' successfully

2024-11-12 16:31:23 - [TEST_STEP][PASSED] - selectOptionByLabel(findTestObject(orPath_Landing + "/dd_TaxType"), "New Tax Return Amount Due", false): All options with label 'New Tax Return Amount Due' are selected in object 'Object Repository/RAD_Pages/Landing_Page/dd_TaxType' 

2024-11-12 16:31:24 - [MESSAGE][PASSED] - All options with label 'New Tax Return Amount Due' are selected in object 'Object Repository/RAD_Pages/Landing_Page/dd_TaxType' 

2024-11-12 16:31:24 - [TEST_STEP][PASSED] - selectOptionByLabel(findTestObject("Object Repository/RAD_Pages/Landing_Page/select_NewTaxReturnAmountDue_TaxType"), TaxType, false): All options with label 'Admissions and Amusement Tax' are selected in object 'Object Repository/RAD_Pages/Landing_Page/select_NewTaxReturnAmountDue_TaxType' 

2024-11-12 16:31:25 - [MESSAGE][PASSED] - All options with label 'Admissions and Amusement Tax' are selected in object 'Object Repository/RAD_Pages/Landing_Page/select_NewTaxReturnAmountDue_TaxType' 

2024-11-12 16:31:25 - [TEST_STEP][PASSED] - selectOptionByLabel(findTestObject(orPath_TaxTypeFilingYear + "/select_FilingYear"), FilingYear, false): All options with label '2023' are selected in object 'Object Repository/RAD_Pages/TaxTypeFilingYear_Page/select_FilingYear' 

2024-11-12 16:31:25 - [MESSAGE][PASSED] - All options with label '2023' are selected in object 'Object Repository/RAD_Pages/TaxTypeFilingYear_Page/select_FilingYear' 

2024-11-12 16:31:25 - [TEST_STEP][PASSED] - if (month.trim()): All options with label 'February' are selected in object 'Object Repository/RAD_Pages/TaxTypeFilingYear_Page/select_PeriodEnding' 

2024-11-12 16:31:25 - [TEST_STEP][PASSED] - selectOptionByLabel(findTestObject(orPath_TaxTypeFilingYear + "/select_PeriodEnding"), month, false): All options with label 'February' are selected in object 'Object Repository/RAD_Pages/TaxTypeFilingYear_Page/select_PeriodEnding' 

2024-11-12 16:31:26 - [MESSAGE][PASSED] - All options with label 'February' are selected in object 'Object Repository/RAD_Pages/TaxTypeFilingYear_Page/select_PeriodEnding' 

2024-11-12 16:31:26 - [TEST_STEP][PASSED] - rad.getSetDataRAD.setDataRADBusinessName(): rad.getSetDataRAD.setDataRADBusinessName is PASSED

2024-11-12 16:31:27 - [MESSAGE][PASSED] - Text 'My Company' is set on object 'Object Repository/RAD_Pages/Taxpayer_Page/input_businessName'

2024-11-12 16:31:27 - [MESSAGE][PASSED] - rad.getSetDataRAD.setDataRADBusinessName is PASSED

2024-11-12 16:31:27 - [TEST_STEP][PASSED] - rad.getSetDataRAD.setDataRADBusinessRep(): rad.getSetDataRAD.setDataRADBusinessRep is PASSED

2024-11-12 16:31:28 - [MESSAGE][PASSED] - Text 'BusRepFname' is set on object 'Object Repository/RAD_Pages/Taxpayer_Page/input_BusinessRepfirstName'

2024-11-12 16:31:28 - [MESSAGE][PASSED] - Text '' is set on object 'Object Repository/RAD_Pages/Taxpayer_Page/input_BusinessRepmiddleName'

2024-11-12 16:31:29 - [MESSAGE][PASSED] - Text 'BusRepLname' is set on object 'Object Repository/RAD_Pages/Taxpayer_Page/input_BusinessReplastName'

2024-11-12 16:31:30 - [MESSAGE][PASSED] - Text '' is set on object 'Object Repository/RAD_Pages/Taxpayer_Page/input_BusinessRepsuffix'

2024-11-12 16:31:30 - [MESSAGE][PASSED] - rad.getSetDataRAD.setDataRADBusinessRep is PASSED

2024-11-12 16:31:30 - [TEST_STEP][PASSED] - rad.getSetDataRAD.setDataRADAddress(): rad.getSetDataRAD.setDataRADAddress is PASSED

2024-11-12 16:31:30 - [MESSAGE][PASSED] - All options with label 'United States' are selected in object 'Object Repository/RAD_Pages/AddressAndContactInfo_Page/select_Country' 

2024-11-12 16:31:31 - [MESSAGE][PASSED] - Text '2508 Mandan Terrace' is set on object 'Object Repository/RAD_Pages/AddressAndContactInfo_Page/input_streetAddress1'

2024-11-12 16:31:32 - [MESSAGE][PASSED] - Text '' is set on object 'Object Repository/RAD_Pages/AddressAndContactInfo_Page/input_streetAddress2'

2024-11-12 16:31:33 - [MESSAGE][PASSED] - Text 'Gambrills' is set on object 'Object Repository/RAD_Pages/AddressAndContactInfo_Page/input_city'

2024-11-12 16:31:33 - [MESSAGE][PASSED] - All options with label 'Maryland' are selected in object 'Object Repository/RAD_Pages/AddressAndContactInfo_Page/select_State' 

2024-11-12 16:31:34 - [MESSAGE][PASSED] - Text '21054' is set on object 'Object Repository/RAD_Pages/AddressAndContactInfo_Page/input_zipCode'

2024-11-12 16:31:35 - [MESSAGE][PASSED] - Text '(703) 894-5000' is set on object 'Object Repository/RAD_Pages/AddressAndContactInfo_Page/input_phoneNumber'

2024-11-12 16:31:36 - [MESSAGE][PASSED] - Text 'iahmed@govolution.com' is set on object 'Object Repository/RAD_Pages/AddressAndContactInfo_Page/input_eMailAddress'

2024-11-12 16:31:37 - [MESSAGE][PASSED] - Text 'iahmed@govolution.com' is set on object 'Object Repository/RAD_Pages/AddressAndContactInfo_Page/input_reEnterEMailAddress'

2024-11-12 16:31:37 - [MESSAGE][PASSED] - rad.getSetDataRAD.setDataRADAddress is PASSED

2024-11-12 16:31:37 - [TEST_STEP][PASSED] - if (feinSSN.equalsIgnoreCase("Y")): null

2024-11-12 16:31:37 - [TEST_STEP][PASSED] - else: Text ****** has been set on object 'Object Repository/RAD_Pages/TaxInfo_Page/input_FederalEIN_ReEnter'

2024-11-12 16:31:37 - [TEST_STEP][PASSED] - if (!(TaxType.equalsIgnoreCase("Estate Tax"))): Text ****** has been set on object 'Object Repository/RAD_Pages/TaxInfo_Page/input_FederalEIN_ReEnter'

2024-11-12 16:31:37 - [TEST_STEP][PASSED] - setEncryptedText(findTestObject(orPath_TaxInfo + "/input_FederalEIN"), "yXB7JMCbD3QoFF75EQd3iw=="): Text ****** has been set on object 'Object Repository/RAD_Pages/TaxInfo_Page/input_FederalEIN'

2024-11-12 16:31:38 - [MESSAGE][PASSED] - Text ****** has been set on object 'Object Repository/RAD_Pages/TaxInfo_Page/input_FederalEIN'

2024-11-12 16:31:38 - [TEST_STEP][PASSED] - setEncryptedText(findTestObject(orPath_TaxInfo + "/input_FederalEIN_ReEnter"), "yXB7JMCbD3QoFF75EQd3iw=="): Text ****** has been set on object 'Object Repository/RAD_Pages/TaxInfo_Page/input_FederalEIN_ReEnter'

2024-11-12 16:31:39 - [MESSAGE][PASSED] - Text ****** has been set on object 'Object Repository/RAD_Pages/TaxInfo_Page/input_FederalEIN_ReEnter'

2024-11-12 16:31:39 - [TEST_STEP][PASSED] - if (CRN.equalsIgnoreCase("Y")): rad.getSetDataRAD.setDataRADMDCRN is PASSED

2024-11-12 16:31:39 - [TEST_STEP][PASSED] - rad.getSetDataRAD.setDataRADMDCRN(): rad.getSetDataRAD.setDataRADMDCRN is PASSED

2024-11-12 16:31:39 - [MESSAGE][PASSED] - Text '07640126' is set on object 'Object Repository/RAD_Pages/TaxInfo_Page/input_MDCRegistration'

2024-11-12 16:31:39 - [MESSAGE][PASSED] - rad.getSetDataRAD.setDataRADMDCRN is PASSED

2024-11-12 16:31:39 - [TEST_STEP][PASSED] - if (MFLicNum.equalsIgnoreCase("Y")): null

2024-11-12 16:31:39 - [TEST_STEP][PASSED] - if (TaxType.equalsIgnoreCase("Estate Tax")): null

2024-11-12 16:31:39 - [TEST_STEP][PASSED] - setText(findTestObject(orPath_Amount + "/input__paymentAmount"), "100.00"): Text '100.00' is set on object 'Object Repository/RAD_Pages/PaymentAmount_Page/input__paymentAmount'

2024-11-12 16:31:40 - [MESSAGE][PASSED] - Text '100.00' is set on object 'Object Repository/RAD_Pages/PaymentAmount_Page/input__paymentAmount'

2024-11-12 16:31:40 - [TEST_STEP][PASSED] - setText(findTestObject(orPath_AddressContact + "/input_streetAddress2"), ""): Text '' is set on object 'Object Repository/RAD_Pages/AddressAndContactInfo_Page/input_streetAddress2'

2024-11-12 16:31:41 - [MESSAGE][PASSED] - Text '' is set on object 'Object Repository/RAD_Pages/AddressAndContactInfo_Page/input_streetAddress2'

2024-11-12 16:31:41 - [TEST_STEP][PASSED] - scrollToElement(findTestObject(orPath_Landing + "/button_Continue"), 3): Scroll to object 'Object Repository/RAD_Pages/Landing_Page/button_Continue' successfully

2024-11-12 16:31:41 - [MESSAGE][PASSED] - Scroll to object 'Object Repository/RAD_Pages/Landing_Page/button_Continue' successfully

2024-11-12 16:31:41 - [TEST_STEP][PASSED] - waitForElementClickable(findTestObject(orPath_Landing + "/button_Continue"), 5): Object 'Object Repository/RAD_Pages/Landing_Page/button_Continue' is clickable

2024-11-12 16:31:42 - [MESSAGE][PASSED] - Object 'Object Repository/RAD_Pages/Landing_Page/button_Continue' is clickable

2024-11-12 16:31:42 - [TEST_STEP][PASSED] - click(findTestObject(orPath_Landing + "/button_Continue")): Object: 'Object Repository/RAD_Pages/Landing_Page/button_Continue' is clicked on

2024-11-12 16:31:42 - [MESSAGE][PASSED] - Object: 'Object Repository/RAD_Pages/Landing_Page/button_Continue' is clicked on

2024-11-12 16:31:42 - [TEST_STEP][PASSED] - delay(2): Delayed 2 second(s)

2024-11-12 16:31:44 - [MESSAGE][PASSED] - Delayed 2 second(s)

2024-11-12 16:31:44 - [TEST_STEP][PASSED] - verifyTextPresent("Summary", true): Text 'Summary' is present on page  using regular expression

2024-11-12 16:31:45 - [MESSAGE][PASSED] - Text 'Summary' is present on page  using regular expression

2024-11-12 16:31:45 - [TEST_STEP][PASSED] - verifyTextPresent("Review the information below and make any necessary corrections by clicking the", true): Text 'Review the information below and make any necessary corrections by clicking the' is present on page  using regular expression

2024-11-12 16:31:45 - [MESSAGE][PASSED] - Text 'Review the information below and make any necessary corrections by clicking the' is present on page  using regular expression

2024-11-12 16:31:45 - [TEST_STEP][PASSED] - verifyTextPresent("When you are confident that all the information is correct, click the", true): Text 'When you are confident that all the information is correct, click the' is present on page  using regular expression

2024-11-12 16:31:45 - [MESSAGE][PASSED] - Text 'When you are confident that all the information is correct, click the' is present on page  using regular expression

2024-11-12 16:31:45 - [TEST_STEP][PASSED] - verifyTextPresent("Payment Type/Filing Year", true): Text 'Payment Type/Filing Year' is present on page  using regular expression

2024-11-12 16:31:46 - [MESSAGE][PASSED] - Text 'Payment Type/Filing Year' is present on page  using regular expression

2024-11-12 16:31:46 - [TEST_STEP][PASSED] - verifyTextPresent("Payment Type:", true): Text 'Payment Type:' is present on page  using regular expression

2024-11-12 16:31:46 - [MESSAGE][PASSED] - Text 'Payment Type:' is present on page  using regular expression

2024-11-12 16:31:46 - [TEST_STEP][PASSED] - verifyTextPresent("New Tax Return Amount Due", true): Text 'New Tax Return Amount Due' is present on page  using regular expression

2024-11-12 16:31:46 - [MESSAGE][PASSED] - Text 'New Tax Return Amount Due' is present on page  using regular expression

2024-11-12 16:31:46 - [TEST_STEP][PASSED] - verifyTextPresent("Filing Year:", true): Text 'Filing Year:' is present on page  using regular expression

2024-11-12 16:31:47 - [MESSAGE][PASSED] - Text 'Filing Year:' is present on page  using regular expression

2024-11-12 16:31:47 - [TEST_STEP][PASSED] - verifyTextPresent(FilingYear, true): Text '2023' is present on page  using regular expression

2024-11-12 16:31:47 - [MESSAGE][PASSED] - Text '2023' is present on page  using regular expression

2024-11-12 16:31:47 - [TEST_STEP][PASSED] - verifyTextPresent("Payer Information", true): Text 'Payer Information' is present on page  using regular expression

2024-11-12 16:31:47 - [MESSAGE][PASSED] - Text 'Payer Information' is present on page  using regular expression

2024-11-12 16:31:47 - [TEST_STEP][PASSED] - verifyTextPresent("Taxpayer Name:", true): Text 'Taxpayer Name:' is present on page  using regular expression

2024-11-12 16:31:48 - [MESSAGE][PASSED] - Text 'Taxpayer Name:' is present on page  using regular expression

2024-11-12 16:31:48 - [TEST_STEP][PASSED] - verifyTextPresent("My Company", true): Text 'My Company' is present on page  using regular expression

2024-11-12 16:31:48 - [MESSAGE][PASSED] - Text 'My Company' is present on page  using regular expression

2024-11-12 16:31:48 - [TEST_STEP][PASSED] - verifyTextPresent("Business Rep Name:", true): Text 'Business Rep Name:' is present on page  using regular expression

2024-11-12 16:31:48 - [MESSAGE][PASSED] - Text 'Business Rep Name:' is present on page  using regular expression

2024-11-12 16:31:48 - [TEST_STEP][PASSED] - verifyTextPresent("BusRepFname BusRepLname", true): Text 'BusRepFname BusRepLname' is present on page  using regular expression

2024-11-12 16:31:49 - [MESSAGE][PASSED] - Text 'BusRepFname BusRepLname' is present on page  using regular expression

2024-11-12 16:31:49 - [TEST_STEP][PASSED] - verifyTextPresent("Taxpayer Address:", true): Text 'Taxpayer Address:' is present on page  using regular expression

2024-11-12 16:31:49 - [MESSAGE][PASSED] - Text 'Taxpayer Address:' is present on page  using regular expression

2024-11-12 16:31:49 - [TEST_STEP][PASSED] - verifyTextPresent("2508 Mandan Terrace Gambrills Maryland 21054", true): Text '2508 Mandan Terrace Gambrills Maryland 21054' is present on page  using regular expression

2024-11-12 16:31:49 - [MESSAGE][PASSED] - Text '2508 Mandan Terrace Gambrills Maryland 21054' is present on page  using regular expression

2024-11-12 16:31:49 - [TEST_STEP][PASSED] - verifyTextPresent("Email:", true): Text 'Email:' is present on page  using regular expression

2024-11-12 16:31:50 - [MESSAGE][PASSED] - Text 'Email:' is present on page  using regular expression

2024-11-12 16:31:50 - [TEST_STEP][PASSED] - verifyTextPresent("iahmed@govolution.com", true): Text 'iahmed@govolution.com' is present on page  using regular expression

2024-11-12 16:31:50 - [MESSAGE][PASSED] - Text 'iahmed@govolution.com' is present on page  using regular expression

2024-11-12 16:31:50 - [TEST_STEP][PASSED] - verifyTextPresent("Phone:", true): Text 'Phone:' is present on page  using regular expression

2024-11-12 16:31:50 - [MESSAGE][PASSED] - Text 'Phone:' is present on page  using regular expression

2024-11-12 16:31:50 - [TEST_STEP][PASSED] - verifyTextPresent("(703) 894-5000", false): Text '(703) 894-5000' is present on page 

2024-11-12 16:31:51 - [MESSAGE][PASSED] - Text '(703) 894-5000' is present on page 

2024-11-12 16:31:51 - [TEST_STEP][PASSED] - verifyTextPresent("Tax Information", true): Text 'Tax Information' is present on page  using regular expression

2024-11-12 16:31:51 - [MESSAGE][PASSED] - Text 'Tax Information' is present on page  using regular expression

2024-11-12 16:31:51 - [TEST_STEP][PASSED] - verifyTextNotPresent("Notice Number", true): Text 'Notice Number' is not present on page using regular expression

2024-11-12 16:31:51 - [MESSAGE][PASSED] - Text 'Notice Number' is not present on page using regular expression

2024-11-12 16:31:51 - [TEST_STEP][PASSED] - if (month.trim()): Text 'February' is present on page  using regular expression

2024-11-12 16:31:51 - [TEST_STEP][PASSED] - verifyTextPresent("Period Ending", true): Text 'Period Ending' is present on page  using regular expression

2024-11-12 16:31:52 - [MESSAGE][PASSED] - Text 'Period Ending' is present on page  using regular expression

2024-11-12 16:31:52 - [TEST_STEP][PASSED] - verifyTextPresent(month, true): Text 'February' is present on page  using regular expression

2024-11-12 16:31:52 - [MESSAGE][PASSED] - Text 'February' is present on page  using regular expression

2024-11-12 16:31:52 - [TEST_STEP][PASSED] - if (feinSSN.equalsIgnoreCase("Y")): null

2024-11-12 16:31:52 - [TEST_STEP][PASSED] - else: Text 'XXXXXXX87' is present on page  using regular expression

2024-11-12 16:31:52 - [TEST_STEP][PASSED] - if (!(TaxType.equalsIgnoreCase("Estate Tax"))): Text 'XXXXXXX87' is present on page  using regular expression

2024-11-12 16:31:52 - [TEST_STEP][PASSED] - verifyTextPresent("Federal EIN:", true): Text 'Federal EIN:' is present on page  using regular expression

2024-11-12 16:31:52 - [MESSAGE][PASSED] - Text 'Federal EIN:' is present on page  using regular expression

2024-11-12 16:31:52 - [TEST_STEP][PASSED] - verifyTextNotPresent("FEIN/SSN:", true): Text 'FEIN/SSN:' is not present on page using regular expression

2024-11-12 16:31:53 - [MESSAGE][PASSED] - Text 'FEIN/SSN:' is not present on page using regular expression

2024-11-12 16:31:53 - [TEST_STEP][PASSED] - verifyTextPresent("XXXXXXX87", true): Text 'XXXXXXX87' is present on page  using regular expression

2024-11-12 16:31:53 - [MESSAGE][PASSED] - Text 'XXXXXXX87' is present on page  using regular expression

2024-11-12 16:31:53 - [TEST_STEP][PASSED] - if (TaxType.equalsIgnoreCase("Estate Tax")): null

2024-11-12 16:31:53 - [TEST_STEP][PASSED] - if (CRN.equalsIgnoreCase("Y")): Text '07640126' is present on page  using regular expression

2024-11-12 16:31:53 - [TEST_STEP][PASSED] - verifyTextPresent("MD Central Registration Number#:", true): Text 'MD Central Registration Number#:' is present on page  using regular expression

2024-11-12 16:31:53 - [MESSAGE][PASSED] - Text 'MD Central Registration Number#:' is present on page  using regular expression

2024-11-12 16:31:53 - [TEST_STEP][PASSED] - verifyTextPresent("07640126", true): Text '07640126' is present on page  using regular expression

2024-11-12 16:31:54 - [MESSAGE][PASSED] - Text '07640126' is present on page  using regular expression

2024-11-12 16:31:54 - [TEST_STEP][PASSED] - if (MFLicNum.equalsIgnoreCase("Y")): null

2024-11-12 16:31:54 - [TEST_STEP][PASSED] - else: Text 'Motor Fuel License Number#:' is not present on page using regular expression

2024-11-12 16:31:54 - [TEST_STEP][PASSED] - verifyTextNotPresent("Motor Fuel License Number#:", true): Text 'Motor Fuel License Number#:' is not present on page using regular expression

2024-11-12 16:31:54 - [MESSAGE][PASSED] - Text 'Motor Fuel License Number#:' is not present on page using regular expression

2024-11-12 16:31:54 - [TEST_STEP][PASSED] - verifyTextPresent("Payment Amount:", true): Text 'Payment Amount:' is present on page  using regular expression

2024-11-12 16:31:54 - [MESSAGE][PASSED] - Text 'Payment Amount:' is present on page  using regular expression

2024-11-12 16:31:54 - [TEST_STEP][PASSED] - verifyTextPresent("100.00", true): Text '100.00' is present on page  using regular expression

2024-11-12 16:31:55 - [MESSAGE][PASSED] - Text '100.00' is present on page  using regular expression

2024-11-12 16:31:55 - [TEST_STEP][PASSED] - if (verifyElementVisible(findTestObject(orPath_Summary + "/button_Proceed to Payment"))): null

2024-11-12 16:31:55 - [MESSAGE][PASSED] - Object 'Object Repository/RAD_Pages/Summary_Page/button_Proceed to Payment' is visible

2024-11-12 16:31:55 - [TEST_STEP][PASSED] - resText = "Pass": null

2024-11-12 16:31:55 - [TEST_STEP][PASSED] - pages.WriteExcel.demoKey(resText, datText, resColumn, datCloumn, fileLoc, nameSheet, row): pages.WriteExcel.demoKey is PASSED

2024-11-12 16:31:55 - [MESSAGE][PASSED] - pages.WriteExcel.demoKey is PASSED

2024-11-12 16:31:55 - [TEST_STEP][PASSED] - click(findTestObject(orPath_Summary + "/button_Proceed to Payment")): Object: 'Object Repository/RAD_Pages/Summary_Page/button_Proceed to Payment' is clicked on

2024-11-12 16:31:58 - [MESSAGE][PASSED] - Object: 'Object Repository/RAD_Pages/Summary_Page/button_Proceed to Payment' is clicked on

2024-11-12 16:31:58 - [TEST_STEP][PASSED] - verifyElementPresent(findTestObject("Object Repository/RAD_Pages/PaymentEntry_Page/input__billingName"), 30): Object 'Object Repository/RAD_Pages/PaymentEntry_Page/input__billingName' is present

2024-11-12 16:31:58 - [MESSAGE][PASSED] - Object 'Object Repository/RAD_Pages/PaymentEntry_Page/input__billingName' is present

2024-11-12 16:31:58 - [TEST_STEP][PASSED] - ExecuteTC = findTestData(dataFile).getValue("Execute", row): null

2024-11-12 16:31:58 - [TEST_STEP][PASSED] - TaxType = findTestData(dataFile).getValue("TaxType", row): null

2024-11-12 16:31:58 - [TEST_STEP][PASSED] - PaymentType = findTestData(dataFile).getValue("PaymentType", row): null

2024-11-12 16:31:58 - [TEST_STEP][PASSED] - FilingYear = findTestData(dataFile).getValue("Year", row): null

2024-11-12 16:31:58 - [TEST_STEP][PASSED] - feinSSN = findTestData(dataFile).getValue("FeinSsn", row): null

2024-11-12 16:31:58 - [TEST_STEP][PASSED] - CRN = findTestData(dataFile).getValue("CRN", row): null

2024-11-12 16:31:58 - [TEST_STEP][PASSED] - month = findTestData(dataFile).getValue("Month", row): null

2024-11-12 16:31:58 - [TEST_STEP][PASSED] - MFLicNum = findTestData(dataFile).getValue("MFLicNum", row): null

2024-11-12 16:31:59 - [TEST_STEP][PASSED] - if (ExecuteTC.equalsIgnoreCase("Y")): Object 'Object Repository/RAD_Pages/PaymentEntry_Page/input__billingName' is present

2024-11-12 16:31:59 - [TEST_STEP][PASSED] - out.println("Begin Record Number: " + row): null

2024-11-12 16:31:59 - [TEST_STEP][PASSED] - today = new java.util.Date(): null

2024-11-12 16:31:59 - [TEST_STEP][PASSED] - println(today): null

2024-11-12 16:31:59 - [TEST_STEP][PASSED] - datText = today: null

2024-11-12 16:31:59 - [TEST_STEP][PASSED] - logInfo("Payment Type: New Tax Return Amount Due"): Payment Type: New Tax Return Amount Due

2024-11-12 16:31:59 - [MESSAGE][INFO] - Payment Type: New Tax Return Amount Due

2024-11-12 16:31:59 - [TEST_STEP][PASSED] - logInfo("Tax Type: " + TaxType): Tax Type: Alcohol Tax

2024-11-12 16:31:59 - [MESSAGE][INFO] - Tax Type: Alcohol Tax

2024-11-12 16:31:59 - [TEST_STEP][PASSED] - openBrowser(""): Browser is opened with url: ''

2024-11-12 16:31:59 - [MESSAGE][WARNING] - A browser is already opened. Closing browser and opening a new one

2024-11-12 16:32:00 - [MESSAGE][INFO] - Starting 'Chrome' driver

2024-11-12 16:32:00 - [MESSAGE][INFO] - User set preference: ['acceptInsecureCerts', 'true']

2024-11-12 16:32:00 - [MESSAGE][INFO] - Action delay is set to 0 milliseconds

2024-11-12 16:32:01 - [MESSAGE][PASSED] - Browser is opened with url: ''

2024-11-12 16:32:01 - [TEST_STEP][PASSED] - maximizeWindow(): Current window maximized

2024-11-12 16:32:02 - [MESSAGE][PASSED] - Current window maximized

2024-11-12 16:32:02 - [TEST_STEP][PASSED] - navigateToUrl(RADurl): Navigate to 'https://www.velocitypayment.com/client/rad/index.html' successfully

2024-11-12 16:32:03 - [MESSAGE][PASSED] - Navigate to 'https://www.velocitypayment.com/client/rad/index.html' successfully

2024-11-12 16:32:03 - [TEST_STEP][PASSED] - selectOptionByLabel(findTestObject(orPath_Landing + "/dd_TaxType"), "New Tax Return Amount Due", false): All options with label 'New Tax Return Amount Due' are selected in object 'Object Repository/RAD_Pages/Landing_Page/dd_TaxType' 

2024-11-12 16:32:04 - [MESSAGE][PASSED] - All options with label 'New Tax Return Amount Due' are selected in object 'Object Repository/RAD_Pages/Landing_Page/dd_TaxType' 

2024-11-12 16:32:04 - [TEST_STEP][PASSED] - selectOptionByLabel(findTestObject("Object Repository/RAD_Pages/Landing_Page/select_NewTaxReturnAmountDue_TaxType"), TaxType, false): All options with label 'Alcohol Tax' are selected in object 'Object Repository/RAD_Pages/Landing_Page/select_NewTaxReturnAmountDue_TaxType' 

2024-11-12 16:32:05 - [MESSAGE][PASSED] - All options with label 'Alcohol Tax' are selected in object 'Object Repository/RAD_Pages/Landing_Page/select_NewTaxReturnAmountDue_TaxType' 

2024-11-12 16:32:05 - [TEST_STEP][PASSED] - selectOptionByLabel(findTestObject(orPath_TaxTypeFilingYear + "/select_FilingYear"), FilingYear, false): All options with label '2023' are selected in object 'Object Repository/RAD_Pages/TaxTypeFilingYear_Page/select_FilingYear' 

2024-11-12 16:32:05 - [MESSAGE][PASSED] - All options with label '2023' are selected in object 'Object Repository/RAD_Pages/TaxTypeFilingYear_Page/select_FilingYear' 

2024-11-12 16:32:05 - [TEST_STEP][PASSED] - if (month.trim()): All options with label 'January' are selected in object 'Object Repository/RAD_Pages/TaxTypeFilingYear_Page/select_PeriodEnding' 

2024-11-12 16:32:05 - [TEST_STEP][PASSED] - selectOptionByLabel(findTestObject(orPath_TaxTypeFilingYear + "/select_PeriodEnding"), month, false): All options with label 'January' are selected in object 'Object Repository/RAD_Pages/TaxTypeFilingYear_Page/select_PeriodEnding' 

2024-11-12 16:32:06 - [MESSAGE][PASSED] - All options with label 'January' are selected in object 'Object Repository/RAD_Pages/TaxTypeFilingYear_Page/select_PeriodEnding' 

2024-11-12 16:32:06 - [TEST_STEP][PASSED] - rad.getSetDataRAD.setDataRADBusinessName(): rad.getSetDataRAD.setDataRADBusinessName is PASSED

2024-11-12 16:32:07 - [MESSAGE][PASSED] - Text 'My Company' is set on object 'Object Repository/RAD_Pages/Taxpayer_Page/input_businessName'

2024-11-12 16:32:07 - [MESSAGE][PASSED] - rad.getSetDataRAD.setDataRADBusinessName is PASSED

2024-11-12 16:32:07 - [TEST_STEP][PASSED] - rad.getSetDataRAD.setDataRADBusinessRep(): rad.getSetDataRAD.setDataRADBusinessRep is PASSED

2024-11-12 16:32:08 - [MESSAGE][PASSED] - Text 'BusRepFname' is set on object 'Object Repository/RAD_Pages/Taxpayer_Page/input_BusinessRepfirstName'

2024-11-12 16:32:09 - [MESSAGE][PASSED] - Text '' is set on object 'Object Repository/RAD_Pages/Taxpayer_Page/input_BusinessRepmiddleName'

2024-11-12 16:32:09 - [MESSAGE][PASSED] - Text 'BusRepLname' is set on object 'Object Repository/RAD_Pages/Taxpayer_Page/input_BusinessReplastName'

2024-11-12 16:32:10 - [MESSAGE][PASSED] - Text '' is set on object 'Object Repository/RAD_Pages/Taxpayer_Page/input_BusinessRepsuffix'

2024-11-12 16:32:10 - [MESSAGE][PASSED] - rad.getSetDataRAD.setDataRADBusinessRep is PASSED

2024-11-12 16:32:10 - [TEST_STEP][PASSED] - rad.getSetDataRAD.setDataRADAddress(): rad.getSetDataRAD.setDataRADAddress is PASSED

2024-11-12 16:32:11 - [MESSAGE][PASSED] - All options with label 'United States' are selected in object 'Object Repository/RAD_Pages/AddressAndContactInfo_Page/select_Country' 

2024-11-12 16:32:13 - [MESSAGE][PASSED] - Text '2508 Mandan Terrace' is set on object 'Object Repository/RAD_Pages/AddressAndContactInfo_Page/input_streetAddress1'

2024-11-12 16:32:15 - [MESSAGE][PASSED] - Text '' is set on object 'Object Repository/RAD_Pages/AddressAndContactInfo_Page/input_streetAddress2'

2024-11-12 16:32:16 - [MESSAGE][PASSED] - Text 'Gambrills' is set on object 'Object Repository/RAD_Pages/AddressAndContactInfo_Page/input_city'

2024-11-12 16:32:16 - [MESSAGE][PASSED] - All options with label 'Maryland' are selected in object 'Object Repository/RAD_Pages/AddressAndContactInfo_Page/select_State' 

2024-11-12 16:32:17 - [MESSAGE][PASSED] - Text '21054' is set on object 'Object Repository/RAD_Pages/AddressAndContactInfo_Page/input_zipCode'

2024-11-12 16:32:18 - [MESSAGE][PASSED] - Text '(703) 894-5000' is set on object 'Object Repository/RAD_Pages/AddressAndContactInfo_Page/input_phoneNumber'

2024-11-12 16:32:19 - [MESSAGE][PASSED] - Text 'iahmed@govolution.com' is set on object 'Object Repository/RAD_Pages/AddressAndContactInfo_Page/input_eMailAddress'

2024-11-12 16:32:19 - [MESSAGE][PASSED] - Text 'iahmed@govolution.com' is set on object 'Object Repository/RAD_Pages/AddressAndContactInfo_Page/input_reEnterEMailAddress'

2024-11-12 16:32:19 - [MESSAGE][PASSED] - rad.getSetDataRAD.setDataRADAddress is PASSED

2024-11-12 16:32:19 - [TEST_STEP][PASSED] - if (feinSSN.equalsIgnoreCase("Y")): null

2024-11-12 16:32:19 - [TEST_STEP][PASSED] - else: Text ****** has been set on object 'Object Repository/RAD_Pages/TaxInfo_Page/input_FederalEIN_ReEnter'

2024-11-12 16:32:19 - [TEST_STEP][PASSED] - if (!(TaxType.equalsIgnoreCase("Estate Tax"))): Text ****** has been set on object 'Object Repository/RAD_Pages/TaxInfo_Page/input_FederalEIN_ReEnter'

2024-11-12 16:32:19 - [TEST_STEP][PASSED] - setEncryptedText(findTestObject(orPath_TaxInfo + "/input_FederalEIN"), "yXB7JMCbD3QoFF75EQd3iw=="): Text ****** has been set on object 'Object Repository/RAD_Pages/TaxInfo_Page/input_FederalEIN'

2024-11-12 16:32:20 - [MESSAGE][PASSED] - Text ****** has been set on object 'Object Repository/RAD_Pages/TaxInfo_Page/input_FederalEIN'

2024-11-12 16:32:20 - [TEST_STEP][PASSED] - setEncryptedText(findTestObject(orPath_TaxInfo + "/input_FederalEIN_ReEnter"), "yXB7JMCbD3QoFF75EQd3iw=="): Text ****** has been set on object 'Object Repository/RAD_Pages/TaxInfo_Page/input_FederalEIN_ReEnter'

2024-11-12 16:32:21 - [MESSAGE][PASSED] - Text ****** has been set on object 'Object Repository/RAD_Pages/TaxInfo_Page/input_FederalEIN_ReEnter'

2024-11-12 16:32:21 - [TEST_STEP][PASSED] - if (CRN.equalsIgnoreCase("Y")): rad.getSetDataRAD.setDataRADMDCRN is PASSED

2024-11-12 16:32:21 - [TEST_STEP][PASSED] - rad.getSetDataRAD.setDataRADMDCRN(): rad.getSetDataRAD.setDataRADMDCRN is PASSED

2024-11-12 16:32:21 - [MESSAGE][PASSED] - Text '07640126' is set on object 'Object Repository/RAD_Pages/TaxInfo_Page/input_MDCRegistration'

2024-11-12 16:32:21 - [MESSAGE][PASSED] - rad.getSetDataRAD.setDataRADMDCRN is PASSED

2024-11-12 16:32:21 - [TEST_STEP][PASSED] - if (MFLicNum.equalsIgnoreCase("Y")): null

2024-11-12 16:32:21 - [TEST_STEP][PASSED] - if (TaxType.equalsIgnoreCase("Estate Tax")): null

2024-11-12 16:32:21 - [TEST_STEP][PASSED] - setText(findTestObject(orPath_Amount + "/input__paymentAmount"), "100.00"): Text '100.00' is set on object 'Object Repository/RAD_Pages/PaymentAmount_Page/input__paymentAmount'

2024-11-12 16:32:22 - [MESSAGE][PASSED] - Text '100.00' is set on object 'Object Repository/RAD_Pages/PaymentAmount_Page/input__paymentAmount'

2024-11-12 16:32:22 - [TEST_STEP][PASSED] - setText(findTestObject(orPath_AddressContact + "/input_streetAddress2"), ""): Text '' is set on object 'Object Repository/RAD_Pages/AddressAndContactInfo_Page/input_streetAddress2'

2024-11-12 16:32:23 - [MESSAGE][PASSED] - Text '' is set on object 'Object Repository/RAD_Pages/AddressAndContactInfo_Page/input_streetAddress2'

2024-11-12 16:32:23 - [TEST_STEP][PASSED] - scrollToElement(findTestObject(orPath_Landing + "/button_Continue"), 3): Scroll to object 'Object Repository/RAD_Pages/Landing_Page/button_Continue' successfully

2024-11-12 16:32:23 - [MESSAGE][PASSED] - Scroll to object 'Object Repository/RAD_Pages/Landing_Page/button_Continue' successfully

2024-11-12 16:32:23 - [TEST_STEP][PASSED] - waitForElementClickable(findTestObject(orPath_Landing + "/button_Continue"), 5): Object 'Object Repository/RAD_Pages/Landing_Page/button_Continue' is clickable

2024-11-12 16:32:23 - [MESSAGE][PASSED] - Object 'Object Repository/RAD_Pages/Landing_Page/button_Continue' is clickable

2024-11-12 16:32:23 - [TEST_STEP][PASSED] - click(findTestObject(orPath_Landing + "/button_Continue")): Object: 'Object Repository/RAD_Pages/Landing_Page/button_Continue' is clicked on

2024-11-12 16:32:24 - [MESSAGE][PASSED] - Object: 'Object Repository/RAD_Pages/Landing_Page/button_Continue' is clicked on

2024-11-12 16:32:24 - [TEST_STEP][PASSED] - delay(2): Delayed 2 second(s)

2024-11-12 16:32:26 - [MESSAGE][PASSED] - Delayed 2 second(s)

2024-11-12 16:32:26 - [TEST_STEP][PASSED] - verifyTextPresent("Summary", true): Text 'Summary' is present on page  using regular expression

2024-11-12 16:32:26 - [MESSAGE][PASSED] - Text 'Summary' is present on page  using regular expression

2024-11-12 16:32:26 - [TEST_STEP][PASSED] - verifyTextPresent("Review the information below and make any necessary corrections by clicking the", true): Text 'Review the information below and make any necessary corrections by clicking the' is present on page  using regular expression

2024-11-12 16:32:27 - [MESSAGE][PASSED] - Text 'Review the information below and make any necessary corrections by clicking the' is present on page  using regular expression

2024-11-12 16:32:27 - [TEST_STEP][PASSED] - verifyTextPresent("When you are confident that all the information is correct, click the", true): Text 'When you are confident that all the information is correct, click the' is present on page  using regular expression

2024-11-12 16:32:27 - [MESSAGE][PASSED] - Text 'When you are confident that all the information is correct, click the' is present on page  using regular expression

2024-11-12 16:32:27 - [TEST_STEP][PASSED] - verifyTextPresent("Payment Type/Filing Year", true): Text 'Payment Type/Filing Year' is present on page  using regular expression

2024-11-12 16:32:27 - [MESSAGE][PASSED] - Text 'Payment Type/Filing Year' is present on page  using regular expression

2024-11-12 16:32:27 - [TEST_STEP][PASSED] - verifyTextPresent("Payment Type:", true): Text 'Payment Type:' is present on page  using regular expression

2024-11-12 16:32:28 - [MESSAGE][PASSED] - Text 'Payment Type:' is present on page  using regular expression

2024-11-12 16:32:28 - [TEST_STEP][PASSED] - verifyTextPresent("New Tax Return Amount Due", true): Text 'New Tax Return Amount Due' is present on page  using regular expression

2024-11-12 16:32:28 - [MESSAGE][PASSED] - Text 'New Tax Return Amount Due' is present on page  using regular expression

2024-11-12 16:32:28 - [TEST_STEP][PASSED] - verifyTextPresent("Filing Year:", true): Text 'Filing Year:' is present on page  using regular expression

2024-11-12 16:32:28 - [MESSAGE][PASSED] - Text 'Filing Year:' is present on page  using regular expression

2024-11-12 16:32:28 - [TEST_STEP][PASSED] - verifyTextPresent(FilingYear, true): Text '2023' is present on page  using regular expression

2024-11-12 16:32:29 - [MESSAGE][PASSED] - Text '2023' is present on page  using regular expression

2024-11-12 16:32:29 - [TEST_STEP][PASSED] - verifyTextPresent("Payer Information", true): Text 'Payer Information' is present on page  using regular expression

2024-11-12 16:32:29 - [MESSAGE][PASSED] - Text 'Payer Information' is present on page  using regular expression

2024-11-12 16:32:29 - [TEST_STEP][PASSED] - verifyTextPresent("Taxpayer Name:", true): Text 'Taxpayer Name:' is present on page  using regular expression

2024-11-12 16:32:29 - [MESSAGE][PASSED] - Text 'Taxpayer Name:' is present on page  using regular expression

2024-11-12 16:32:29 - [TEST_STEP][PASSED] - verifyTextPresent("My Company", true): Text 'My Company' is present on page  using regular expression

2024-11-12 16:32:30 - [MESSAGE][PASSED] - Text 'My Company' is present on page  using regular expression

2024-11-12 16:32:30 - [TEST_STEP][PASSED] - verifyTextPresent("Business Rep Name:", true): Text 'Business Rep Name:' is present on page  using regular expression

2024-11-12 16:32:30 - [MESSAGE][PASSED] - Text 'Business Rep Name:' is present on page  using regular expression

2024-11-12 16:32:30 - [TEST_STEP][PASSED] - verifyTextPresent("BusRepFname BusRepLname", true): Text 'BusRepFname BusRepLname' is present on page  using regular expression

2024-11-12 16:32:30 - [MESSAGE][PASSED] - Text 'BusRepFname BusRepLname' is present on page  using regular expression

2024-11-12 16:32:30 - [TEST_STEP][PASSED] - verifyTextPresent("Taxpayer Address:", true): Text 'Taxpayer Address:' is present on page  using regular expression

2024-11-12 16:32:31 - [MESSAGE][PASSED] - Text 'Taxpayer Address:' is present on page  using regular expression

2024-11-12 16:32:31 - [TEST_STEP][PASSED] - verifyTextPresent("2508 Mandan Terrace Gambrills Maryland 21054", true): Text '2508 Mandan Terrace Gambrills Maryland 21054' is present on page  using regular expression

2024-11-12 16:32:31 - [MESSAGE][PASSED] - Text '2508 Mandan Terrace Gambrills Maryland 21054' is present on page  using regular expression

2024-11-12 16:32:31 - [TEST_STEP][PASSED] - verifyTextPresent("Email:", true): Text 'Email:' is present on page  using regular expression

2024-11-12 16:32:31 - [MESSAGE][PASSED] - Text 'Email:' is present on page  using regular expression

2024-11-12 16:32:31 - [TEST_STEP][PASSED] - verifyTextPresent("iahmed@govolution.com", true): Text 'iahmed@govolution.com' is present on page  using regular expression

2024-11-12 16:32:32 - [MESSAGE][PASSED] - Text 'iahmed@govolution.com' is present on page  using regular expression

2024-11-12 16:32:32 - [TEST_STEP][PASSED] - verifyTextPresent("Phone:", true): Text 'Phone:' is present on page  using regular expression

2024-11-12 16:32:32 - [MESSAGE][PASSED] - Text 'Phone:' is present on page  using regular expression

2024-11-12 16:32:32 - [TEST_STEP][PASSED] - verifyTextPresent("(703) 894-5000", false): Text '(703) 894-5000' is present on page 

2024-11-12 16:32:32 - [MESSAGE][PASSED] - Text '(703) 894-5000' is present on page 

2024-11-12 16:32:32 - [TEST_STEP][PASSED] - verifyTextPresent("Tax Information", true): Text 'Tax Information' is present on page  using regular expression

2024-11-12 16:32:33 - [MESSAGE][PASSED] - Text 'Tax Information' is present on page  using regular expression

2024-11-12 16:32:33 - [TEST_STEP][PASSED] - verifyTextNotPresent("Notice Number", true): Text 'Notice Number' is not present on page using regular expression

2024-11-12 16:32:33 - [MESSAGE][PASSED] - Text 'Notice Number' is not present on page using regular expression

2024-11-12 16:32:33 - [TEST_STEP][PASSED] - if (month.trim()): Text 'January' is present on page  using regular expression

2024-11-12 16:32:33 - [TEST_STEP][PASSED] - verifyTextPresent("Period Ending", true): Text 'Period Ending' is present on page  using regular expression

2024-11-12 16:32:33 - [MESSAGE][PASSED] - Text 'Period Ending' is present on page  using regular expression

2024-11-12 16:32:33 - [TEST_STEP][PASSED] - verifyTextPresent(month, true): Text 'January' is present on page  using regular expression

2024-11-12 16:32:34 - [MESSAGE][PASSED] - Text 'January' is present on page  using regular expression

2024-11-12 16:32:34 - [TEST_STEP][PASSED] - if (feinSSN.equalsIgnoreCase("Y")): null

2024-11-12 16:32:34 - [TEST_STEP][PASSED] - else: Text 'XXXXXXX87' is present on page  using regular expression

2024-11-12 16:32:34 - [TEST_STEP][PASSED] - if (!(TaxType.equalsIgnoreCase("Estate Tax"))): Text 'XXXXXXX87' is present on page  using regular expression

2024-11-12 16:32:34 - [TEST_STEP][PASSED] - verifyTextPresent("Federal EIN:", true): Text 'Federal EIN:' is present on page  using regular expression

2024-11-12 16:32:34 - [MESSAGE][PASSED] - Text 'Federal EIN:' is present on page  using regular expression

2024-11-12 16:32:34 - [TEST_STEP][PASSED] - verifyTextNotPresent("FEIN/SSN:", true): Text 'FEIN/SSN:' is not present on page using regular expression

2024-11-12 16:32:34 - [MESSAGE][PASSED] - Text 'FEIN/SSN:' is not present on page using regular expression

2024-11-12 16:32:34 - [TEST_STEP][PASSED] - verifyTextPresent("XXXXXXX87", true): Text 'XXXXXXX87' is present on page  using regular expression

2024-11-12 16:32:35 - [MESSAGE][PASSED] - Text 'XXXXXXX87' is present on page  using regular expression

2024-11-12 16:32:35 - [TEST_STEP][PASSED] - if (TaxType.equalsIgnoreCase("Estate Tax")): null

2024-11-12 16:32:35 - [TEST_STEP][PASSED] - if (CRN.equalsIgnoreCase("Y")): Text '07640126' is present on page  using regular expression

2024-11-12 16:32:35 - [TEST_STEP][PASSED] - verifyTextPresent("MD Central Registration Number#:", true): Text 'MD Central Registration Number#:' is present on page  using regular expression

2024-11-12 16:32:35 - [MESSAGE][PASSED] - Text 'MD Central Registration Number#:' is present on page  using regular expression

2024-11-12 16:32:35 - [TEST_STEP][PASSED] - verifyTextPresent("07640126", true): Text '07640126' is present on page  using regular expression

2024-11-12 16:32:35 - [MESSAGE][PASSED] - Text '07640126' is present on page  using regular expression

2024-11-12 16:32:35 - [TEST_STEP][PASSED] - if (MFLicNum.equalsIgnoreCase("Y")): null

2024-11-12 16:32:35 - [TEST_STEP][PASSED] - else: Text 'Motor Fuel License Number#:' is not present on page using regular expression

2024-11-12 16:32:35 - [TEST_STEP][PASSED] - verifyTextNotPresent("Motor Fuel License Number#:", true): Text 'Motor Fuel License Number#:' is not present on page using regular expression

2024-11-12 16:32:36 - [MESSAGE][PASSED] - Text 'Motor Fuel License Number#:' is not present on page using regular expression

2024-11-12 16:32:36 - [TEST_STEP][PASSED] - verifyTextPresent("Payment Amount:", true): Text 'Payment Amount:' is present on page  using regular expression

2024-11-12 16:32:36 - [MESSAGE][PASSED] - Text 'Payment Amount:' is present on page  using regular expression

2024-11-12 16:32:36 - [TEST_STEP][PASSED] - verifyTextPresent("100.00", true): Text '100.00' is present on page  using regular expression

2024-11-12 16:32:36 - [MESSAGE][PASSED] - Text '100.00' is present on page  using regular expression

2024-11-12 16:32:36 - [TEST_STEP][PASSED] - if (verifyElementVisible(findTestObject(orPath_Summary + "/button_Proceed to Payment"))): null

2024-11-12 16:32:37 - [MESSAGE][PASSED] - Object 'Object Repository/RAD_Pages/Summary_Page/button_Proceed to Payment' is visible

2024-11-12 16:32:37 - [TEST_STEP][PASSED] - resText = "Pass": null

2024-11-12 16:32:37 - [TEST_STEP][PASSED] - pages.WriteExcel.demoKey(resText, datText, resColumn, datCloumn, fileLoc, nameSheet, row): pages.WriteExcel.demoKey is PASSED

2024-11-12 16:32:37 - [MESSAGE][PASSED] - pages.WriteExcel.demoKey is PASSED

2024-11-12 16:32:37 - [TEST_STEP][PASSED] - click(findTestObject(orPath_Summary + "/button_Proceed to Payment")): Object: 'Object Repository/RAD_Pages/Summary_Page/button_Proceed to Payment' is clicked on

2024-11-12 16:32:39 - [MESSAGE][PASSED] - Object: 'Object Repository/RAD_Pages/Summary_Page/button_Proceed to Payment' is clicked on

2024-11-12 16:32:39 - [TEST_STEP][PASSED] - verifyElementPresent(findTestObject("Object Repository/RAD_Pages/PaymentEntry_Page/input__billingName"), 30): Object 'Object Repository/RAD_Pages/PaymentEntry_Page/input__billingName' is present

2024-11-12 16:32:40 - [MESSAGE][PASSED] - Object 'Object Repository/RAD_Pages/PaymentEntry_Page/input__billingName' is present

2024-11-12 16:32:40 - [TEST_STEP][PASSED] - ExecuteTC = findTestData(dataFile).getValue("Execute", row): null

2024-11-12 16:32:40 - [TEST_STEP][PASSED] - TaxType = findTestData(dataFile).getValue("TaxType", row): null

2024-11-12 16:32:40 - [TEST_STEP][PASSED] - PaymentType = findTestData(dataFile).getValue("PaymentType", row): null

2024-11-12 16:32:40 - [TEST_STEP][PASSED] - FilingYear = findTestData(dataFile).getValue("Year", row): null

2024-11-12 16:32:40 - [TEST_STEP][PASSED] - feinSSN = findTestData(dataFile).getValue("FeinSsn", row): null

2024-11-12 16:32:40 - [TEST_STEP][PASSED] - CRN = findTestData(dataFile).getValue("CRN", row): null

2024-11-12 16:32:40 - [TEST_STEP][PASSED] - month = findTestData(dataFile).getValue("Month", row): null

2024-11-12 16:32:40 - [TEST_STEP][PASSED] - MFLicNum = findTestData(dataFile).getValue("MFLicNum", row): null

2024-11-12 16:32:40 - [TEST_STEP][PASSED] - if (ExecuteTC.equalsIgnoreCase("Y")): Object 'Object Repository/RAD_Pages/PaymentEntry_Page/input__billingName' is present

2024-11-12 16:32:40 - [TEST_STEP][PASSED] - out.println("Begin Record Number: " + row): null

2024-11-12 16:32:40 - [TEST_STEP][PASSED] - today = new java.util.Date(): null

2024-11-12 16:32:40 - [TEST_STEP][PASSED] - println(today): null

2024-11-12 16:32:40 - [TEST_STEP][PASSED] - datText = today: null

2024-11-12 16:32:40 - [TEST_STEP][PASSED] - logInfo("Payment Type: New Tax Return Amount Due"): Payment Type: New Tax Return Amount Due

2024-11-12 16:32:40 - [MESSAGE][INFO] - Payment Type: New Tax Return Amount Due

2024-11-12 16:32:40 - [TEST_STEP][PASSED] - logInfo("Tax Type: " + TaxType): Tax Type: Bay Restoration Fee

2024-11-12 16:32:40 - [MESSAGE][INFO] - Tax Type: Bay Restoration Fee

2024-11-12 16:32:40 - [TEST_STEP][PASSED] - openBrowser(""): Browser is opened with url: ''

2024-11-12 16:32:40 - [MESSAGE][WARNING] - A browser is already opened. Closing browser and opening a new one

2024-11-12 16:32:41 - [MESSAGE][INFO] - Starting 'Chrome' driver

2024-11-12 16:32:41 - [MESSAGE][INFO] - User set preference: ['acceptInsecureCerts', 'true']

2024-11-12 16:32:41 - [MESSAGE][INFO] - Action delay is set to 0 milliseconds

2024-11-12 16:32:43 - [MESSAGE][PASSED] - Browser is opened with url: ''

2024-11-12 16:32:43 - [TEST_STEP][PASSED] - maximizeWindow(): Current window maximized

2024-11-12 16:32:43 - [MESSAGE][PASSED] - Current window maximized

2024-11-12 16:32:43 - [TEST_STEP][PASSED] - navigateToUrl(RADurl): Navigate to 'https://www.velocitypayment.com/client/rad/index.html' successfully

2024-11-12 16:32:45 - [MESSAGE][PASSED] - Navigate to 'https://www.velocitypayment.com/client/rad/index.html' successfully

2024-11-12 16:32:45 - [TEST_STEP][PASSED] - selectOptionByLabel(findTestObject(orPath_Landing + "/dd_TaxType"), "New Tax Return Amount Due", false): All options with label 'New Tax Return Amount Due' are selected in object 'Object Repository/RAD_Pages/Landing_Page/dd_TaxType' 

2024-11-12 16:32:45 - [MESSAGE][PASSED] - All options with label 'New Tax Return Amount Due' are selected in object 'Object Repository/RAD_Pages/Landing_Page/dd_TaxType' 

2024-11-12 16:32:45 - [TEST_STEP][PASSED] - selectOptionByLabel(findTestObject("Object Repository/RAD_Pages/Landing_Page/select_NewTaxReturnAmountDue_TaxType"), TaxType, false): All options with label 'Bay Restoration Fee' are selected in object 'Object Repository/RAD_Pages/Landing_Page/select_NewTaxReturnAmountDue_TaxType' 

2024-11-12 16:32:46 - [MESSAGE][PASSED] - All options with label 'Bay Restoration Fee' are selected in object 'Object Repository/RAD_Pages/Landing_Page/select_NewTaxReturnAmountDue_TaxType' 

2024-11-12 16:32:46 - [TEST_STEP][PASSED] - selectOptionByLabel(findTestObject(orPath_TaxTypeFilingYear + "/select_FilingYear"), FilingYear, false): All options with label '2023' are selected in object 'Object Repository/RAD_Pages/TaxTypeFilingYear_Page/select_FilingYear' 

2024-11-12 16:32:47 - [MESSAGE][PASSED] - All options with label '2023' are selected in object 'Object Repository/RAD_Pages/TaxTypeFilingYear_Page/select_FilingYear' 

2024-11-12 16:32:47 - [TEST_STEP][PASSED] - if (month.trim()): All options with label 'March' are selected in object 'Object Repository/RAD_Pages/TaxTypeFilingYear_Page/select_PeriodEnding' 

2024-11-12 16:32:47 - [TEST_STEP][PASSED] - selectOptionByLabel(findTestObject(orPath_TaxTypeFilingYear + "/select_PeriodEnding"), month, false): All options with label 'March' are selected in object 'Object Repository/RAD_Pages/TaxTypeFilingYear_Page/select_PeriodEnding' 

2024-11-12 16:32:47 - [MESSAGE][PASSED] - All options with label 'March' are selected in object 'Object Repository/RAD_Pages/TaxTypeFilingYear_Page/select_PeriodEnding' 

2024-11-12 16:32:47 - [TEST_STEP][PASSED] - rad.getSetDataRAD.setDataRADBusinessName(): rad.getSetDataRAD.setDataRADBusinessName is PASSED

2024-11-12 16:32:48 - [MESSAGE][PASSED] - Text 'My Company' is set on object 'Object Repository/RAD_Pages/Taxpayer_Page/input_businessName'

2024-11-12 16:32:48 - [MESSAGE][PASSED] - rad.getSetDataRAD.setDataRADBusinessName is PASSED

2024-11-12 16:32:48 - [TEST_STEP][PASSED] - rad.getSetDataRAD.setDataRADBusinessRep(): rad.getSetDataRAD.setDataRADBusinessRep is PASSED

2024-11-12 16:32:49 - [MESSAGE][PASSED] - Text 'BusRepFname' is set on object 'Object Repository/RAD_Pages/Taxpayer_Page/input_BusinessRepfirstName'

2024-11-12 16:32:49 - [MESSAGE][PASSED] - Text '' is set on object 'Object Repository/RAD_Pages/Taxpayer_Page/input_BusinessRepmiddleName'

2024-11-12 16:32:50 - [MESSAGE][PASSED] - Text 'BusRepLname' is set on object 'Object Repository/RAD_Pages/Taxpayer_Page/input_BusinessReplastName'

2024-11-12 16:32:51 - [MESSAGE][PASSED] - Text '' is set on object 'Object Repository/RAD_Pages/Taxpayer_Page/input_BusinessRepsuffix'

2024-11-12 16:32:51 - [MESSAGE][PASSED] - rad.getSetDataRAD.setDataRADBusinessRep is PASSED

2024-11-12 16:32:51 - [TEST_STEP][PASSED] - rad.getSetDataRAD.setDataRADAddress(): rad.getSetDataRAD.setDataRADAddress is PASSED

2024-11-12 16:32:52 - [MESSAGE][PASSED] - All options with label 'United States' are selected in object 'Object Repository/RAD_Pages/AddressAndContactInfo_Page/select_Country' 

2024-11-12 16:32:52 - [MESSAGE][PASSED] - Text '2508 Mandan Terrace' is set on object 'Object Repository/RAD_Pages/AddressAndContactInfo_Page/input_streetAddress1'

2024-11-12 16:32:53 - [MESSAGE][PASSED] - Text '' is set on object 'Object Repository/RAD_Pages/AddressAndContactInfo_Page/input_streetAddress2'

2024-11-12 16:32:54 - [MESSAGE][PASSED] - Text 'Gambrills' is set on object 'Object Repository/RAD_Pages/AddressAndContactInfo_Page/input_city'

2024-11-12 16:32:55 - [MESSAGE][PASSED] - All options with label 'Maryland' are selected in object 'Object Repository/RAD_Pages/AddressAndContactInfo_Page/select_State' 

2024-11-12 16:32:55 - [MESSAGE][PASSED] - Text '21054' is set on object 'Object Repository/RAD_Pages/AddressAndContactInfo_Page/input_zipCode'

2024-11-12 16:32:56 - [MESSAGE][PASSED] - Text '(703) 894-5000' is set on object 'Object Repository/RAD_Pages/AddressAndContactInfo_Page/input_phoneNumber'

2024-11-12 16:32:57 - [MESSAGE][PASSED] - Text 'iahmed@govolution.com' is set on object 'Object Repository/RAD_Pages/AddressAndContactInfo_Page/input_eMailAddress'

2024-11-12 16:32:58 - [MESSAGE][PASSED] - Text 'iahmed@govolution.com' is set on object 'Object Repository/RAD_Pages/AddressAndContactInfo_Page/input_reEnterEMailAddress'

2024-11-12 16:32:58 - [MESSAGE][PASSED] - rad.getSetDataRAD.setDataRADAddress is PASSED

2024-11-12 16:32:58 - [TEST_STEP][PASSED] - if (feinSSN.equalsIgnoreCase("Y")): null

2024-11-12 16:32:58 - [TEST_STEP][PASSED] - else: Text ****** has been set on object 'Object Repository/RAD_Pages/TaxInfo_Page/input_FederalEIN_ReEnter'

2024-11-12 16:32:58 - [TEST_STEP][PASSED] - if (!(TaxType.equalsIgnoreCase("Estate Tax"))): Text ****** has been set on object 'Object Repository/RAD_Pages/TaxInfo_Page/input_FederalEIN_ReEnter'

2024-11-12 16:32:58 - [TEST_STEP][PASSED] - setEncryptedText(findTestObject(orPath_TaxInfo + "/input_FederalEIN"), "yXB7JMCbD3QoFF75EQd3iw=="): Text ****** has been set on object 'Object Repository/RAD_Pages/TaxInfo_Page/input_FederalEIN'

2024-11-12 16:32:58 - [MESSAGE][PASSED] - Text ****** has been set on object 'Object Repository/RAD_Pages/TaxInfo_Page/input_FederalEIN'

2024-11-12 16:32:58 - [TEST_STEP][PASSED] - setEncryptedText(findTestObject(orPath_TaxInfo + "/input_FederalEIN_ReEnter"), "yXB7JMCbD3QoFF75EQd3iw=="): Text ****** has been set on object 'Object Repository/RAD_Pages/TaxInfo_Page/input_FederalEIN_ReEnter'

2024-11-12 16:32:59 - [MESSAGE][PASSED] - Text ****** has been set on object 'Object Repository/RAD_Pages/TaxInfo_Page/input_FederalEIN_ReEnter'

2024-11-12 16:32:59 - [TEST_STEP][PASSED] - if (CRN.equalsIgnoreCase("Y")): rad.getSetDataRAD.setDataRADMDCRN is PASSED

2024-11-12 16:32:59 - [TEST_STEP][PASSED] - rad.getSetDataRAD.setDataRADMDCRN(): rad.getSetDataRAD.setDataRADMDCRN is PASSED

2024-11-12 16:33:00 - [MESSAGE][PASSED] - Text '07640126' is set on object 'Object Repository/RAD_Pages/TaxInfo_Page/input_MDCRegistration'

2024-11-12 16:33:00 - [MESSAGE][PASSED] - rad.getSetDataRAD.setDataRADMDCRN is PASSED

2024-11-12 16:33:00 - [TEST_STEP][PASSED] - if (MFLicNum.equalsIgnoreCase("Y")): null

2024-11-12 16:33:00 - [TEST_STEP][PASSED] - if (TaxType.equalsIgnoreCase("Estate Tax")): null

2024-11-12 16:33:00 - [TEST_STEP][PASSED] - setText(findTestObject(orPath_Amount + "/input__paymentAmount"), "100.00"): Text '100.00' is set on object 'Object Repository/RAD_Pages/PaymentAmount_Page/input__paymentAmount'

2024-11-12 16:33:00 - [MESSAGE][PASSED] - Text '100.00' is set on object 'Object Repository/RAD_Pages/PaymentAmount_Page/input__paymentAmount'

2024-11-12 16:33:00 - [TEST_STEP][PASSED] - setText(findTestObject(orPath_AddressContact + "/input_streetAddress2"), ""): Text '' is set on object 'Object Repository/RAD_Pages/AddressAndContactInfo_Page/input_streetAddress2'

2024-11-12 16:33:01 - [MESSAGE][PASSED] - Text '' is set on object 'Object Repository/RAD_Pages/AddressAndContactInfo_Page/input_streetAddress2'

2024-11-12 16:33:01 - [TEST_STEP][PASSED] - scrollToElement(findTestObject(orPath_Landing + "/button_Continue"), 3): Scroll to object 'Object Repository/RAD_Pages/Landing_Page/button_Continue' successfully

2024-11-12 16:33:01 - [MESSAGE][PASSED] - Scroll to object 'Object Repository/RAD_Pages/Landing_Page/button_Continue' successfully

2024-11-12 16:33:01 - [TEST_STEP][PASSED] - waitForElementClickable(findTestObject(orPath_Landing + "/button_Continue"), 5): Object 'Object Repository/RAD_Pages/Landing_Page/button_Continue' is clickable

2024-11-12 16:33:02 - [MESSAGE][PASSED] - Object 'Object Repository/RAD_Pages/Landing_Page/button_Continue' is clickable

2024-11-12 16:33:02 - [TEST_STEP][PASSED] - click(findTestObject(orPath_Landing + "/button_Continue")): Object: 'Object Repository/RAD_Pages/Landing_Page/button_Continue' is clicked on

2024-11-12 16:33:02 - [MESSAGE][PASSED] - Object: 'Object Repository/RAD_Pages/Landing_Page/button_Continue' is clicked on

2024-11-12 16:33:02 - [TEST_STEP][PASSED] - delay(2): Delayed 2 second(s)

2024-11-12 16:33:04 - [MESSAGE][PASSED] - Delayed 2 second(s)

2024-11-12 16:33:04 - [TEST_STEP][PASSED] - verifyTextPresent("Summary", true): Text 'Summary' is present on page  using regular expression

2024-11-12 16:33:05 - [MESSAGE][PASSED] - Text 'Summary' is present on page  using regular expression

2024-11-12 16:33:05 - [TEST_STEP][PASSED] - verifyTextPresent("Review the information below and make any necessary corrections by clicking the", true): Text 'Review the information below and make any necessary corrections by clicking the' is present on page  using regular expression

2024-11-12 16:33:05 - [MESSAGE][PASSED] - Text 'Review the information below and make any necessary corrections by clicking the' is present on page  using regular expression

2024-11-12 16:33:05 - [TEST_STEP][PASSED] - verifyTextPresent("When you are confident that all the information is correct, click the", true): Text 'When you are confident that all the information is correct, click the' is present on page  using regular expression

2024-11-12 16:33:05 - [MESSAGE][PASSED] - Text 'When you are confident that all the information is correct, click the' is present on page  using regular expression

2024-11-12 16:33:05 - [TEST_STEP][PASSED] - verifyTextPresent("Payment Type/Filing Year", true): Text 'Payment Type/Filing Year' is present on page  using regular expression

2024-11-12 16:33:06 - [MESSAGE][PASSED] - Text 'Payment Type/Filing Year' is present on page  using regular expression

2024-11-12 16:33:06 - [TEST_STEP][PASSED] - verifyTextPresent("Payment Type:", true): Text 'Payment Type:' is present on page  using regular expression

2024-11-12 16:33:06 - [MESSAGE][PASSED] - Text 'Payment Type:' is present on page  using regular expression

2024-11-12 16:33:06 - [TEST_STEP][PASSED] - verifyTextPresent("New Tax Return Amount Due", true): Text 'New Tax Return Amount Due' is present on page  using regular expression

2024-11-12 16:33:06 - [MESSAGE][PASSED] - Text 'New Tax Return Amount Due' is present on page  using regular expression

2024-11-12 16:33:06 - [TEST_STEP][PASSED] - verifyTextPresent("Filing Year:", true): Text 'Filing Year:' is present on page  using regular expression

2024-11-12 16:33:07 - [MESSAGE][PASSED] - Text 'Filing Year:' is present on page  using regular expression

2024-11-12 16:33:07 - [TEST_STEP][PASSED] - verifyTextPresent(FilingYear, true): Text '2023' is present on page  using regular expression

2024-11-12 16:33:07 - [MESSAGE][PASSED] - Text '2023' is present on page  using regular expression

2024-11-12 16:33:07 - [TEST_STEP][PASSED] - verifyTextPresent("Payer Information", true): Text 'Payer Information' is present on page  using regular expression

2024-11-12 16:33:07 - [MESSAGE][PASSED] - Text 'Payer Information' is present on page  using regular expression

2024-11-12 16:33:07 - [TEST_STEP][PASSED] - verifyTextPresent("Taxpayer Name:", true): Text 'Taxpayer Name:' is present on page  using regular expression

2024-11-12 16:33:08 - [MESSAGE][PASSED] - Text 'Taxpayer Name:' is present on page  using regular expression

2024-11-12 16:33:08 - [TEST_STEP][PASSED] - verifyTextPresent("My Company", true): Text 'My Company' is present on page  using regular expression

2024-11-12 16:33:08 - [MESSAGE][PASSED] - Text 'My Company' is present on page  using regular expression

2024-11-12 16:33:08 - [TEST_STEP][PASSED] - verifyTextPresent("Business Rep Name:", true): Text 'Business Rep Name:' is present on page  using regular expression

2024-11-12 16:33:08 - [MESSAGE][PASSED] - Text 'Business Rep Name:' is present on page  using regular expression

2024-11-12 16:33:08 - [TEST_STEP][PASSED] - verifyTextPresent("BusRepFname BusRepLname", true): Text 'BusRepFname BusRepLname' is present on page  using regular expression

2024-11-12 16:33:09 - [MESSAGE][PASSED] - Text 'BusRepFname BusRepLname' is present on page  using regular expression

2024-11-12 16:33:09 - [TEST_STEP][PASSED] - verifyTextPresent("Taxpayer Address:", true): Text 'Taxpayer Address:' is present on page  using regular expression

2024-11-12 16:33:09 - [MESSAGE][PASSED] - Text 'Taxpayer Address:' is present on page  using regular expression

2024-11-12 16:33:09 - [TEST_STEP][PASSED] - verifyTextPresent("2508 Mandan Terrace Gambrills Maryland 21054", true): Text '2508 Mandan Terrace Gambrills Maryland 21054' is present on page  using regular expression

2024-11-12 16:33:09 - [MESSAGE][PASSED] - Text '2508 Mandan Terrace Gambrills Maryland 21054' is present on page  using regular expression

2024-11-12 16:33:09 - [TEST_STEP][PASSED] - verifyTextPresent("Email:", true): Text 'Email:' is present on page  using regular expression

2024-11-12 16:33:10 - [MESSAGE][PASSED] - Text 'Email:' is present on page  using regular expression

2024-11-12 16:33:10 - [TEST_STEP][PASSED] - verifyTextPresent("iahmed@govolution.com", true): Text 'iahmed@govolution.com' is present on page  using regular expression

2024-11-12 16:33:10 - [MESSAGE][PASSED] - Text 'iahmed@govolution.com' is present on page  using regular expression

2024-11-12 16:33:10 - [TEST_STEP][PASSED] - verifyTextPresent("Phone:", true): Text 'Phone:' is present on page  using regular expression

2024-11-12 16:33:10 - [MESSAGE][PASSED] - Text 'Phone:' is present on page  using regular expression

2024-11-12 16:33:10 - [TEST_STEP][PASSED] - verifyTextPresent("(703) 894-5000", false): Text '(703) 894-5000' is present on page 

2024-11-12 16:33:11 - [MESSAGE][PASSED] - Text '(703) 894-5000' is present on page 

2024-11-12 16:33:11 - [TEST_STEP][PASSED] - verifyTextPresent("Tax Information", true): Text 'Tax Information' is present on page  using regular expression

2024-11-12 16:33:11 - [MESSAGE][PASSED] - Text 'Tax Information' is present on page  using regular expression

2024-11-12 16:33:11 - [TEST_STEP][PASSED] - verifyTextNotPresent("Notice Number", true): Text 'Notice Number' is not present on page using regular expression

2024-11-12 16:33:11 - [MESSAGE][PASSED] - Text 'Notice Number' is not present on page using regular expression

2024-11-12 16:33:11 - [TEST_STEP][PASSED] - if (month.trim()): Text 'March' is present on page  using regular expression

2024-11-12 16:33:11 - [TEST_STEP][PASSED] - verifyTextPresent("Period Ending", true): Text 'Period Ending' is present on page  using regular expression

2024-11-12 16:33:12 - [MESSAGE][PASSED] - Text 'Period Ending' is present on page  using regular expression

2024-11-12 16:33:12 - [TEST_STEP][PASSED] - verifyTextPresent(month, true): Text 'March' is present on page  using regular expression

2024-11-12 16:33:12 - [MESSAGE][PASSED] - Text 'March' is present on page  using regular expression

2024-11-12 16:33:12 - [TEST_STEP][PASSED] - if (feinSSN.equalsIgnoreCase("Y")): null

2024-11-12 16:33:12 - [TEST_STEP][PASSED] - else: Text 'XXXXXXX87' is present on page  using regular expression

2024-11-12 16:33:12 - [TEST_STEP][PASSED] - if (!(TaxType.equalsIgnoreCase("Estate Tax"))): Text 'XXXXXXX87' is present on page  using regular expression

2024-11-12 16:33:12 - [TEST_STEP][PASSED] - verifyTextPresent("Federal EIN:", true): Text 'Federal EIN:' is present on page  using regular expression

2024-11-12 16:33:12 - [MESSAGE][PASSED] - Text 'Federal EIN:' is present on page  using regular expression

2024-11-12 16:33:12 - [TEST_STEP][PASSED] - verifyTextNotPresent("FEIN/SSN:", true): Text 'FEIN/SSN:' is not present on page using regular expression

2024-11-12 16:33:13 - [MESSAGE][PASSED] - Text 'FEIN/SSN:' is not present on page using regular expression

2024-11-12 16:33:13 - [TEST_STEP][PASSED] - verifyTextPresent("XXXXXXX87", true): Text 'XXXXXXX87' is present on page  using regular expression

2024-11-12 16:33:13 - [MESSAGE][PASSED] - Text 'XXXXXXX87' is present on page  using regular expression

2024-11-12 16:33:13 - [TEST_STEP][PASSED] - if (TaxType.equalsIgnoreCase("Estate Tax")): null

2024-11-12 16:33:13 - [TEST_STEP][PASSED] - if (CRN.equalsIgnoreCase("Y")): Text '07640126' is present on page  using regular expression

2024-11-12 16:33:13 - [TEST_STEP][PASSED] - verifyTextPresent("MD Central Registration Number#:", true): Text 'MD Central Registration Number#:' is present on page  using regular expression

2024-11-12 16:33:13 - [MESSAGE][PASSED] - Text 'MD Central Registration Number#:' is present on page  using regular expression

2024-11-12 16:33:13 - [TEST_STEP][PASSED] - verifyTextPresent("07640126", true): Text '07640126' is present on page  using regular expression

2024-11-12 16:33:14 - [MESSAGE][PASSED] - Text '07640126' is present on page  using regular expression

2024-11-12 16:33:14 - [TEST_STEP][PASSED] - if (MFLicNum.equalsIgnoreCase("Y")): null

2024-11-12 16:33:14 - [TEST_STEP][PASSED] - else: Text 'Motor Fuel License Number#:' is not present on page using regular expression

2024-11-12 16:33:14 - [TEST_STEP][PASSED] - verifyTextNotPresent("Motor Fuel License Number#:", true): Text 'Motor Fuel License Number#:' is not present on page using regular expression

2024-11-12 16:33:14 - [MESSAGE][PASSED] - Text 'Motor Fuel License Number#:' is not present on page using regular expression

2024-11-12 16:33:14 - [TEST_STEP][PASSED] - verifyTextPresent("Payment Amount:", true): Text 'Payment Amount:' is present on page  using regular expression

2024-11-12 16:33:14 - [MESSAGE][PASSED] - Text 'Payment Amount:' is present on page  using regular expression

2024-11-12 16:33:14 - [TEST_STEP][PASSED] - verifyTextPresent("100.00", true): Text '100.00' is present on page  using regular expression

2024-11-12 16:33:15 - [MESSAGE][PASSED] - Text '100.00' is present on page  using regular expression

2024-11-12 16:33:15 - [TEST_STEP][PASSED] - if (verifyElementVisible(findTestObject(orPath_Summary + "/button_Proceed to Payment"))): null

2024-11-12 16:33:15 - [MESSAGE][PASSED] - Object 'Object Repository/RAD_Pages/Summary_Page/button_Proceed to Payment' is visible

2024-11-12 16:33:15 - [TEST_STEP][PASSED] - resText = "Pass": null

2024-11-12 16:33:15 - [TEST_STEP][PASSED] - pages.WriteExcel.demoKey(resText, datText, resColumn, datCloumn, fileLoc, nameSheet, row): pages.WriteExcel.demoKey is PASSED

2024-11-12 16:33:15 - [MESSAGE][PASSED] - pages.WriteExcel.demoKey is PASSED

2024-11-12 16:33:15 - [TEST_STEP][PASSED] - click(findTestObject(orPath_Summary + "/button_Proceed to Payment")): Object: 'Object Repository/RAD_Pages/Summary_Page/button_Proceed to Payment' is clicked on

2024-11-12 16:33:17 - [MESSAGE][PASSED] - Object: 'Object Repository/RAD_Pages/Summary_Page/button_Proceed to Payment' is clicked on

2024-11-12 16:33:17 - [TEST_STEP][PASSED] - verifyElementPresent(findTestObject("Object Repository/RAD_Pages/PaymentEntry_Page/input__billingName"), 30): Object 'Object Repository/RAD_Pages/PaymentEntry_Page/input__billingName' is present

2024-11-12 16:33:18 - [MESSAGE][PASSED] - Object 'Object Repository/RAD_Pages/PaymentEntry_Page/input__billingName' is present

2024-11-12 16:33:18 - [TEST_STEP][PASSED] - ExecuteTC = findTestData(dataFile).getValue("Execute", row): null

2024-11-12 16:33:18 - [TEST_STEP][PASSED] - TaxType = findTestData(dataFile).getValue("TaxType", row): null

2024-11-12 16:33:18 - [TEST_STEP][PASSED] - PaymentType = findTestData(dataFile).getValue("PaymentType", row): null

2024-11-12 16:33:18 - [TEST_STEP][PASSED] - FilingYear = findTestData(dataFile).getValue("Year", row): null

2024-11-12 16:33:18 - [TEST_STEP][PASSED] - feinSSN = findTestData(dataFile).getValue("FeinSsn", row): null

2024-11-12 16:33:18 - [TEST_STEP][PASSED] - CRN = findTestData(dataFile).getValue("CRN", row): null

2024-11-12 16:33:18 - [TEST_STEP][PASSED] - month = findTestData(dataFile).getValue("Month", row): null

2024-11-12 16:33:18 - [TEST_STEP][PASSED] - MFLicNum = findTestData(dataFile).getValue("MFLicNum", row): null

2024-11-12 16:33:18 - [TEST_STEP][PASSED] - if (ExecuteTC.equalsIgnoreCase("Y")): Object 'Object Repository/RAD_Pages/PaymentEntry_Page/input__billingName' is present

2024-11-12 16:33:18 - [TEST_STEP][PASSED] - out.println("Begin Record Number: " + row): null

2024-11-12 16:33:18 - [TEST_STEP][PASSED] - today = new java.util.Date(): null

2024-11-12 16:33:18 - [TEST_STEP][PASSED] - println(today): null

2024-11-12 16:33:18 - [TEST_STEP][PASSED] - datText = today: null

2024-11-12 16:33:18 - [TEST_STEP][PASSED] - logInfo("Payment Type: New Tax Return Amount Due"): Payment Type: New Tax Return Amount Due

2024-11-12 16:33:18 - [MESSAGE][INFO] - Payment Type: New Tax Return Amount Due

2024-11-12 16:33:18 - [TEST_STEP][PASSED] - logInfo("Tax Type: " + TaxType): Tax Type: Corporate Income Tax

2024-11-12 16:33:18 - [MESSAGE][INFO] - Tax Type: Corporate Income Tax

2024-11-12 16:33:18 - [TEST_STEP][PASSED] - openBrowser(""): Browser is opened with url: ''

2024-11-12 16:33:18 - [MESSAGE][WARNING] - A browser is already opened. Closing browser and opening a new one

2024-11-12 16:33:20 - [MESSAGE][INFO] - Starting 'Chrome' driver

2024-11-12 16:33:20 - [MESSAGE][INFO] - User set preference: ['acceptInsecureCerts', 'true']

2024-11-12 16:33:20 - [MESSAGE][INFO] - Action delay is set to 0 milliseconds

2024-11-12 16:33:21 - [MESSAGE][PASSED] - Browser is opened with url: ''

2024-11-12 16:33:21 - [TEST_STEP][PASSED] - maximizeWindow(): Current window maximized

2024-11-12 16:33:21 - [MESSAGE][PASSED] - Current window maximized

2024-11-12 16:33:21 - [TEST_STEP][PASSED] - navigateToUrl(RADurl): Navigate to 'https://www.velocitypayment.com/client/rad/index.html' successfully

2024-11-12 16:33:23 - [MESSAGE][PASSED] - Navigate to 'https://www.velocitypayment.com/client/rad/index.html' successfully

2024-11-12 16:33:23 - [TEST_STEP][PASSED] - selectOptionByLabel(findTestObject(orPath_Landing + "/dd_TaxType"), "New Tax Return Amount Due", false): All options with label 'New Tax Return Amount Due' are selected in object 'Object Repository/RAD_Pages/Landing_Page/dd_TaxType' 

2024-11-12 16:33:24 - [MESSAGE][PASSED] - All options with label 'New Tax Return Amount Due' are selected in object 'Object Repository/RAD_Pages/Landing_Page/dd_TaxType' 

2024-11-12 16:33:24 - [TEST_STEP][PASSED] - selectOptionByLabel(findTestObject("Object Repository/RAD_Pages/Landing_Page/select_NewTaxReturnAmountDue_TaxType"), TaxType, false): All options with label 'Corporate Income Tax' are selected in object 'Object Repository/RAD_Pages/Landing_Page/select_NewTaxReturnAmountDue_TaxType' 

2024-11-12 16:33:24 - [MESSAGE][PASSED] - All options with label 'Corporate Income Tax' are selected in object 'Object Repository/RAD_Pages/Landing_Page/select_NewTaxReturnAmountDue_TaxType' 

2024-11-12 16:33:24 - [TEST_STEP][PASSED] - selectOptionByLabel(findTestObject(orPath_TaxTypeFilingYear + "/select_FilingYear"), FilingYear, false): All options with label '2022' are selected in object 'Object Repository/RAD_Pages/TaxTypeFilingYear_Page/select_FilingYear' 

2024-11-12 16:33:25 - [MESSAGE][PASSED] - All options with label '2022' are selected in object 'Object Repository/RAD_Pages/TaxTypeFilingYear_Page/select_FilingYear' 

2024-11-12 16:33:25 - [TEST_STEP][PASSED] - if (month.trim()): null

2024-11-12 16:33:25 - [TEST_STEP][PASSED] - rad.getSetDataRAD.setDataRADBusinessName(): rad.getSetDataRAD.setDataRADBusinessName is PASSED

2024-11-12 16:33:26 - [MESSAGE][PASSED] - Text 'My Company' is set on object 'Object Repository/RAD_Pages/Taxpayer_Page/input_businessName'

2024-11-12 16:33:26 - [MESSAGE][PASSED] - rad.getSetDataRAD.setDataRADBusinessName is PASSED

2024-11-12 16:33:26 - [TEST_STEP][PASSED] - rad.getSetDataRAD.setDataRADBusinessRep(): rad.getSetDataRAD.setDataRADBusinessRep is PASSED

2024-11-12 16:33:27 - [MESSAGE][PASSED] - Text 'BusRepFname' is set on object 'Object Repository/RAD_Pages/Taxpayer_Page/input_BusinessRepfirstName'

2024-11-12 16:33:27 - [MESSAGE][PASSED] - Text '' is set on object 'Object Repository/RAD_Pages/Taxpayer_Page/input_BusinessRepmiddleName'

2024-11-12 16:33:28 - [MESSAGE][PASSED] - Text 'BusRepLname' is set on object 'Object Repository/RAD_Pages/Taxpayer_Page/input_BusinessReplastName'

2024-11-12 16:33:29 - [MESSAGE][PASSED] - Text '' is set on object 'Object Repository/RAD_Pages/Taxpayer_Page/input_BusinessRepsuffix'

2024-11-12 16:33:29 - [MESSAGE][PASSED] - rad.getSetDataRAD.setDataRADBusinessRep is PASSED

2024-11-12 16:33:29 - [TEST_STEP][PASSED] - rad.getSetDataRAD.setDataRADAddress(): rad.getSetDataRAD.setDataRADAddress is PASSED

2024-11-12 16:33:30 - [MESSAGE][PASSED] - All options with label 'United States' are selected in object 'Object Repository/RAD_Pages/AddressAndContactInfo_Page/select_Country' 

2024-11-12 16:33:30 - [MESSAGE][PASSED] - Text '2508 Mandan Terrace' is set on object 'Object Repository/RAD_Pages/AddressAndContactInfo_Page/input_streetAddress1'

2024-11-12 16:33:31 - [MESSAGE][PASSED] - Text '' is set on object 'Object Repository/RAD_Pages/AddressAndContactInfo_Page/input_streetAddress2'

2024-11-12 16:33:32 - [MESSAGE][PASSED] - Text 'Gambrills' is set on object 'Object Repository/RAD_Pages/AddressAndContactInfo_Page/input_city'

2024-11-12 16:33:33 - [MESSAGE][PASSED] - All options with label 'Maryland' are selected in object 'Object Repository/RAD_Pages/AddressAndContactInfo_Page/select_State' 

2024-11-12 16:33:34 - [MESSAGE][PASSED] - Text '21054' is set on object 'Object Repository/RAD_Pages/AddressAndContactInfo_Page/input_zipCode'

2024-11-12 16:33:34 - [MESSAGE][PASSED] - Text '(703) 894-5000' is set on object 'Object Repository/RAD_Pages/AddressAndContactInfo_Page/input_phoneNumber'

2024-11-12 16:33:35 - [MESSAGE][PASSED] - Text 'iahmed@govolution.com' is set on object 'Object Repository/RAD_Pages/AddressAndContactInfo_Page/input_eMailAddress'

2024-11-12 16:33:36 - [MESSAGE][PASSED] - Text 'iahmed@govolution.com' is set on object 'Object Repository/RAD_Pages/AddressAndContactInfo_Page/input_reEnterEMailAddress'

2024-11-12 16:33:36 - [MESSAGE][PASSED] - rad.getSetDataRAD.setDataRADAddress is PASSED

2024-11-12 16:33:36 - [TEST_STEP][PASSED] - if (feinSSN.equalsIgnoreCase("Y")): null

2024-11-12 16:33:36 - [TEST_STEP][PASSED] - else: Text ****** has been set on object 'Object Repository/RAD_Pages/TaxInfo_Page/input_FederalEIN_ReEnter'

2024-11-12 16:33:36 - [TEST_STEP][PASSED] - if (!(TaxType.equalsIgnoreCase("Estate Tax"))): Text ****** has been set on object 'Object Repository/RAD_Pages/TaxInfo_Page/input_FederalEIN_ReEnter'

2024-11-12 16:33:36 - [TEST_STEP][PASSED] - setEncryptedText(findTestObject(orPath_TaxInfo + "/input_FederalEIN"), "yXB7JMCbD3QoFF75EQd3iw=="): Text ****** has been set on object 'Object Repository/RAD_Pages/TaxInfo_Page/input_FederalEIN'

2024-11-12 16:33:37 - [MESSAGE][PASSED] - Text ****** has been set on object 'Object Repository/RAD_Pages/TaxInfo_Page/input_FederalEIN'

2024-11-12 16:33:37 - [TEST_STEP][PASSED] - setEncryptedText(findTestObject(orPath_TaxInfo + "/input_FederalEIN_ReEnter"), "yXB7JMCbD3QoFF75EQd3iw=="): Text ****** has been set on object 'Object Repository/RAD_Pages/TaxInfo_Page/input_FederalEIN_ReEnter'

2024-11-12 16:33:38 - [MESSAGE][PASSED] - Text ****** has been set on object 'Object Repository/RAD_Pages/TaxInfo_Page/input_FederalEIN_ReEnter'

2024-11-12 16:33:38 - [TEST_STEP][PASSED] - if (CRN.equalsIgnoreCase("Y")): null

2024-11-12 16:33:38 - [TEST_STEP][PASSED] - if (MFLicNum.equalsIgnoreCase("Y")): null

2024-11-12 16:33:38 - [TEST_STEP][PASSED] - if (TaxType.equalsIgnoreCase("Estate Tax")): null

2024-11-12 16:33:38 - [TEST_STEP][PASSED] - setText(findTestObject(orPath_Amount + "/input__paymentAmount"), "100.00"): Text '100.00' is set on object 'Object Repository/RAD_Pages/PaymentAmount_Page/input__paymentAmount'

2024-11-12 16:33:39 - [MESSAGE][PASSED] - Text '100.00' is set on object 'Object Repository/RAD_Pages/PaymentAmount_Page/input__paymentAmount'

2024-11-12 16:33:39 - [TEST_STEP][PASSED] - setText(findTestObject(orPath_AddressContact + "/input_streetAddress2"), ""): Text '' is set on object 'Object Repository/RAD_Pages/AddressAndContactInfo_Page/input_streetAddress2'

2024-11-12 16:33:39 - [MESSAGE][PASSED] - Text '' is set on object 'Object Repository/RAD_Pages/AddressAndContactInfo_Page/input_streetAddress2'

2024-11-12 16:33:39 - [TEST_STEP][PASSED] - scrollToElement(findTestObject(orPath_Landing + "/button_Continue"), 3): Scroll to object 'Object Repository/RAD_Pages/Landing_Page/button_Continue' successfully

2024-11-12 16:33:40 - [MESSAGE][PASSED] - Scroll to object 'Object Repository/RAD_Pages/Landing_Page/button_Continue' successfully

2024-11-12 16:33:40 - [TEST_STEP][PASSED] - waitForElementClickable(findTestObject(orPath_Landing + "/button_Continue"), 5): Object 'Object Repository/RAD_Pages/Landing_Page/button_Continue' is clickable

2024-11-12 16:33:40 - [MESSAGE][PASSED] - Object 'Object Repository/RAD_Pages/Landing_Page/button_Continue' is clickable

2024-11-12 16:33:40 - [TEST_STEP][PASSED] - click(findTestObject(orPath_Landing + "/button_Continue")): Object: 'Object Repository/RAD_Pages/Landing_Page/button_Continue' is clicked on

2024-11-12 16:33:41 - [MESSAGE][PASSED] - Object: 'Object Repository/RAD_Pages/Landing_Page/button_Continue' is clicked on

2024-11-12 16:33:41 - [TEST_STEP][PASSED] - delay(2): Delayed 2 second(s)

2024-11-12 16:33:43 - [MESSAGE][PASSED] - Delayed 2 second(s)

2024-11-12 16:33:43 - [TEST_STEP][PASSED] - verifyTextPresent("Summary", true): Text 'Summary' is present on page  using regular expression

2024-11-12 16:33:43 - [MESSAGE][PASSED] - Text 'Summary' is present on page  using regular expression

2024-11-12 16:33:43 - [TEST_STEP][PASSED] - verifyTextPresent("Review the information below and make any necessary corrections by clicking the", true): Text 'Review the information below and make any necessary corrections by clicking the' is present on page  using regular expression

2024-11-12 16:33:43 - [MESSAGE][PASSED] - Text 'Review the information below and make any necessary corrections by clicking the' is present on page  using regular expression

2024-11-12 16:33:43 - [TEST_STEP][PASSED] - verifyTextPresent("When you are confident that all the information is correct, click the", true): Text 'When you are confident that all the information is correct, click the' is present on page  using regular expression

2024-11-12 16:33:44 - [MESSAGE][PASSED] - Text 'When you are confident that all the information is correct, click the' is present on page  using regular expression

2024-11-12 16:33:44 - [TEST_STEP][PASSED] - verifyTextPresent("Payment Type/Filing Year", true): Text 'Payment Type/Filing Year' is present on page  using regular expression

2024-11-12 16:33:44 - [MESSAGE][PASSED] - Text 'Payment Type/Filing Year' is present on page  using regular expression

2024-11-12 16:33:44 - [TEST_STEP][PASSED] - verifyTextPresent("Payment Type:", true): Text 'Payment Type:' is present on page  using regular expression

2024-11-12 16:33:44 - [MESSAGE][PASSED] - Text 'Payment Type:' is present on page  using regular expression

2024-11-12 16:33:44 - [TEST_STEP][PASSED] - verifyTextPresent("New Tax Return Amount Due", true): Text 'New Tax Return Amount Due' is present on page  using regular expression

2024-11-12 16:33:45 - [MESSAGE][PASSED] - Text 'New Tax Return Amount Due' is present on page  using regular expression

2024-11-12 16:33:45 - [TEST_STEP][PASSED] - verifyTextPresent("Filing Year:", true): Text 'Filing Year:' is present on page  using regular expression

2024-11-12 16:33:45 - [MESSAGE][PASSED] - Text 'Filing Year:' is present on page  using regular expression

2024-11-12 16:33:45 - [TEST_STEP][PASSED] - verifyTextPresent(FilingYear, true): Text '2022' is present on page  using regular expression

2024-11-12 16:33:45 - [MESSAGE][PASSED] - Text '2022' is present on page  using regular expression

2024-11-12 16:33:45 - [TEST_STEP][PASSED] - verifyTextPresent("Payer Information", true): Text 'Payer Information' is present on page  using regular expression

2024-11-12 16:33:46 - [MESSAGE][PASSED] - Text 'Payer Information' is present on page  using regular expression

2024-11-12 16:33:46 - [TEST_STEP][PASSED] - verifyTextPresent("Taxpayer Name:", true): Text 'Taxpayer Name:' is present on page  using regular expression

2024-11-12 16:33:46 - [MESSAGE][PASSED] - Text 'Taxpayer Name:' is present on page  using regular expression

2024-11-12 16:33:46 - [TEST_STEP][PASSED] - verifyTextPresent("My Company", true): Text 'My Company' is present on page  using regular expression

2024-11-12 16:33:46 - [MESSAGE][PASSED] - Text 'My Company' is present on page  using regular expression

2024-11-12 16:33:46 - [TEST_STEP][PASSED] - verifyTextPresent("Business Rep Name:", true): Text 'Business Rep Name:' is present on page  using regular expression

2024-11-12 16:33:47 - [MESSAGE][PASSED] - Text 'Business Rep Name:' is present on page  using regular expression

2024-11-12 16:33:47 - [TEST_STEP][PASSED] - verifyTextPresent("BusRepFname BusRepLname", true): Text 'BusRepFname BusRepLname' is present on page  using regular expression

2024-11-12 16:33:47 - [MESSAGE][PASSED] - Text 'BusRepFname BusRepLname' is present on page  using regular expression

2024-11-12 16:33:47 - [TEST_STEP][PASSED] - verifyTextPresent("Taxpayer Address:", true): Text 'Taxpayer Address:' is present on page  using regular expression

2024-11-12 16:33:47 - [MESSAGE][PASSED] - Text 'Taxpayer Address:' is present on page  using regular expression

2024-11-12 16:33:47 - [TEST_STEP][PASSED] - verifyTextPresent("2508 Mandan Terrace Gambrills Maryland 21054", true): Text '2508 Mandan Terrace Gambrills Maryland 21054' is present on page  using regular expression

2024-11-12 16:33:48 - [MESSAGE][PASSED] - Text '2508 Mandan Terrace Gambrills Maryland 21054' is present on page  using regular expression

2024-11-12 16:33:48 - [TEST_STEP][PASSED] - verifyTextPresent("Email:", true): Text 'Email:' is present on page  using regular expression

2024-11-12 16:33:48 - [MESSAGE][PASSED] - Text 'Email:' is present on page  using regular expression

2024-11-12 16:33:48 - [TEST_STEP][PASSED] - verifyTextPresent("iahmed@govolution.com", true): Text 'iahmed@govolution.com' is present on page  using regular expression

2024-11-12 16:33:48 - [MESSAGE][PASSED] - Text 'iahmed@govolution.com' is present on page  using regular expression

2024-11-12 16:33:48 - [TEST_STEP][PASSED] - verifyTextPresent("Phone:", true): Text 'Phone:' is present on page  using regular expression

2024-11-12 16:33:49 - [MESSAGE][PASSED] - Text 'Phone:' is present on page  using regular expression

2024-11-12 16:33:49 - [TEST_STEP][PASSED] - verifyTextPresent("(703) 894-5000", false): Text '(703) 894-5000' is present on page 

2024-11-12 16:33:49 - [MESSAGE][PASSED] - Text '(703) 894-5000' is present on page 

2024-11-12 16:33:49 - [TEST_STEP][PASSED] - verifyTextPresent("Tax Information", true): Text 'Tax Information' is present on page  using regular expression

2024-11-12 16:33:49 - [MESSAGE][PASSED] - Text 'Tax Information' is present on page  using regular expression

2024-11-12 16:33:49 - [TEST_STEP][PASSED] - verifyTextNotPresent("Notice Number", true): Text 'Notice Number' is not present on page using regular expression

2024-11-12 16:33:50 - [MESSAGE][PASSED] - Text 'Notice Number' is not present on page using regular expression

2024-11-12 16:33:50 - [TEST_STEP][PASSED] - if (month.trim()): null

2024-11-12 16:33:50 - [TEST_STEP][PASSED] - else: Text 'Period Ending' is not present on page using regular expression

2024-11-12 16:33:50 - [TEST_STEP][PASSED] - verifyTextNotPresent("Period Ending", true): Text 'Period Ending' is not present on page using regular expression

2024-11-12 16:33:50 - [MESSAGE][PASSED] - Text 'Period Ending' is not present on page using regular expression

2024-11-12 16:33:50 - [TEST_STEP][PASSED] - if (feinSSN.equalsIgnoreCase("Y")): null

2024-11-12 16:33:50 - [TEST_STEP][PASSED] - else: Text 'XXXXXXX87' is present on page  using regular expression

2024-11-12 16:33:50 - [TEST_STEP][PASSED] - if (!(TaxType.equalsIgnoreCase("Estate Tax"))): Text 'XXXXXXX87' is present on page  using regular expression

2024-11-12 16:33:50 - [TEST_STEP][PASSED] - verifyTextPresent("Federal EIN:", true): Text 'Federal EIN:' is present on page  using regular expression

2024-11-12 16:33:50 - [MESSAGE][PASSED] - Text 'Federal EIN:' is present on page  using regular expression

2024-11-12 16:33:50 - [TEST_STEP][PASSED] - verifyTextNotPresent("FEIN/SSN:", true): Text 'FEIN/SSN:' is not present on page using regular expression

2024-11-12 16:33:51 - [MESSAGE][PASSED] - Text 'FEIN/SSN:' is not present on page using regular expression

2024-11-12 16:33:51 - [TEST_STEP][PASSED] - verifyTextPresent("XXXXXXX87", true): Text 'XXXXXXX87' is present on page  using regular expression

2024-11-12 16:33:51 - [MESSAGE][PASSED] - Text 'XXXXXXX87' is present on page  using regular expression

2024-11-12 16:33:51 - [TEST_STEP][PASSED] - if (TaxType.equalsIgnoreCase("Estate Tax")): null

2024-11-12 16:33:51 - [TEST_STEP][PASSED] - if (CRN.equalsIgnoreCase("Y")): null

2024-11-12 16:33:51 - [TEST_STEP][PASSED] - else: Text 'MD Central Registration Number' is not present on page using regular expression

2024-11-12 16:33:51 - [TEST_STEP][PASSED] - verifyTextNotPresent("MD Central Registration Number", true): Text 'MD Central Registration Number' is not present on page using regular expression

2024-11-12 16:33:51 - [MESSAGE][PASSED] - Text 'MD Central Registration Number' is not present on page using regular expression

2024-11-12 16:33:51 - [TEST_STEP][PASSED] - if (MFLicNum.equalsIgnoreCase("Y")): null

2024-11-12 16:33:51 - [TEST_STEP][PASSED] - else: Text 'Motor Fuel License Number#:' is not present on page using regular expression

2024-11-12 16:33:51 - [TEST_STEP][PASSED] - verifyTextNotPresent("Motor Fuel License Number#:", true): Text 'Motor Fuel License Number#:' is not present on page using regular expression

2024-11-12 16:33:52 - [MESSAGE][PASSED] - Text 'Motor Fuel License Number#:' is not present on page using regular expression

2024-11-12 16:33:52 - [TEST_STEP][PASSED] - verifyTextPresent("Payment Amount:", true): Text 'Payment Amount:' is present on page  using regular expression

2024-11-12 16:33:52 - [MESSAGE][PASSED] - Text 'Payment Amount:' is present on page  using regular expression

2024-11-12 16:33:52 - [TEST_STEP][PASSED] - verifyTextPresent("100.00", true): Text '100.00' is present on page  using regular expression

2024-11-12 16:33:52 - [MESSAGE][PASSED] - Text '100.00' is present on page  using regular expression

2024-11-12 16:33:52 - [TEST_STEP][PASSED] - if (verifyElementVisible(findTestObject(orPath_Summary + "/button_Proceed to Payment"))): null

2024-11-12 16:33:53 - [MESSAGE][PASSED] - Object 'Object Repository/RAD_Pages/Summary_Page/button_Proceed to Payment' is visible

2024-11-12 16:33:53 - [TEST_STEP][PASSED] - resText = "Pass": null

2024-11-12 16:33:53 - [TEST_STEP][PASSED] - pages.WriteExcel.demoKey(resText, datText, resColumn, datCloumn, fileLoc, nameSheet, row): pages.WriteExcel.demoKey is PASSED

2024-11-12 16:33:53 - [MESSAGE][PASSED] - pages.WriteExcel.demoKey is PASSED

2024-11-12 16:33:53 - [TEST_STEP][PASSED] - click(findTestObject(orPath_Summary + "/button_Proceed to Payment")): Object: 'Object Repository/RAD_Pages/Summary_Page/button_Proceed to Payment' is clicked on

2024-11-12 16:33:55 - [MESSAGE][PASSED] - Object: 'Object Repository/RAD_Pages/Summary_Page/button_Proceed to Payment' is clicked on

2024-11-12 16:33:55 - [TEST_STEP][PASSED] - verifyElementPresent(findTestObject("Object Repository/RAD_Pages/PaymentEntry_Page/input__billingName"), 30): Object 'Object Repository/RAD_Pages/PaymentEntry_Page/input__billingName' is present

2024-11-12 16:33:56 - [MESSAGE][PASSED] - Object 'Object Repository/RAD_Pages/PaymentEntry_Page/input__billingName' is present

2024-11-12 16:33:56 - [TEST_STEP][PASSED] - ExecuteTC = findTestData(dataFile).getValue("Execute", row): null

2024-11-12 16:33:56 - [TEST_STEP][PASSED] - TaxType = findTestData(dataFile).getValue("TaxType", row): null

2024-11-12 16:33:56 - [TEST_STEP][PASSED] - PaymentType = findTestData(dataFile).getValue("PaymentType", row): null

2024-11-12 16:33:56 - [TEST_STEP][PASSED] - FilingYear = findTestData(dataFile).getValue("Year", row): null

2024-11-12 16:33:56 - [TEST_STEP][PASSED] - feinSSN = findTestData(dataFile).getValue("FeinSsn", row): null

2024-11-12 16:33:56 - [TEST_STEP][PASSED] - CRN = findTestData(dataFile).getValue("CRN", row): null

2024-11-12 16:33:56 - [TEST_STEP][PASSED] - month = findTestData(dataFile).getValue("Month", row): null

2024-11-12 16:33:56 - [TEST_STEP][PASSED] - MFLicNum = findTestData(dataFile).getValue("MFLicNum", row): null

2024-11-12 16:33:56 - [TEST_STEP][PASSED] - if (ExecuteTC.equalsIgnoreCase("Y")): Object 'Object Repository/RAD_Pages/PaymentEntry_Page/input__billingName' is present

2024-11-12 16:33:56 - [TEST_STEP][PASSED] - out.println("Begin Record Number: " + row): null

2024-11-12 16:33:56 - [TEST_STEP][PASSED] - today = new java.util.Date(): null

2024-11-12 16:33:56 - [TEST_STEP][PASSED] - println(today): null

2024-11-12 16:33:56 - [TEST_STEP][PASSED] - datText = today: null

2024-11-12 16:33:56 - [TEST_STEP][PASSED] - logInfo("Payment Type: New Tax Return Amount Due"): Payment Type: New Tax Return Amount Due

2024-11-12 16:33:56 - [MESSAGE][INFO] - Payment Type: New Tax Return Amount Due

2024-11-12 16:33:56 - [TEST_STEP][PASSED] - logInfo("Tax Type: " + TaxType): Tax Type: Motor Fuel Tax

2024-11-12 16:33:56 - [MESSAGE][INFO] - Tax Type: Motor Fuel Tax

2024-11-12 16:33:56 - [TEST_STEP][PASSED] - openBrowser(""): Browser is opened with url: ''

2024-11-12 16:33:56 - [MESSAGE][WARNING] - A browser is already opened. Closing browser and opening a new one

2024-11-12 16:33:57 - [MESSAGE][INFO] - Starting 'Chrome' driver

2024-11-12 16:33:57 - [MESSAGE][INFO] - User set preference: ['acceptInsecureCerts', 'true']

2024-11-12 16:33:57 - [MESSAGE][INFO] - Action delay is set to 0 milliseconds

2024-11-12 16:33:59 - [MESSAGE][PASSED] - Browser is opened with url: ''

2024-11-12 16:33:59 - [TEST_STEP][PASSED] - maximizeWindow(): Current window maximized

2024-11-12 16:33:59 - [MESSAGE][PASSED] - Current window maximized

2024-11-12 16:33:59 - [TEST_STEP][PASSED] - navigateToUrl(RADurl): Navigate to 'https://www.velocitypayment.com/client/rad/index.html' successfully

2024-11-12 16:33:59 - [MESSAGE][PASSED] - Navigate to 'https://www.velocitypayment.com/client/rad/index.html' successfully

2024-11-12 16:33:59 - [TEST_STEP][PASSED] - selectOptionByLabel(findTestObject(orPath_Landing + "/dd_TaxType"), "New Tax Return Amount Due", false): All options with label 'New Tax Return Amount Due' are selected in object 'Object Repository/RAD_Pages/Landing_Page/dd_TaxType' 

2024-11-12 16:34:01 - [MESSAGE][PASSED] - All options with label 'New Tax Return Amount Due' are selected in object 'Object Repository/RAD_Pages/Landing_Page/dd_TaxType' 

2024-11-12 16:34:01 - [TEST_STEP][PASSED] - selectOptionByLabel(findTestObject("Object Repository/RAD_Pages/Landing_Page/select_NewTaxReturnAmountDue_TaxType"), TaxType, false): All options with label 'Motor Fuel Tax' are selected in object 'Object Repository/RAD_Pages/Landing_Page/select_NewTaxReturnAmountDue_TaxType' 

2024-11-12 16:34:02 - [MESSAGE][PASSED] - All options with label 'Motor Fuel Tax' are selected in object 'Object Repository/RAD_Pages/Landing_Page/select_NewTaxReturnAmountDue_TaxType' 

2024-11-12 16:34:02 - [TEST_STEP][PASSED] - selectOptionByLabel(findTestObject(orPath_TaxTypeFilingYear + "/select_FilingYear"), FilingYear, false): All options with label '2023' are selected in object 'Object Repository/RAD_Pages/TaxTypeFilingYear_Page/select_FilingYear' 

2024-11-12 16:34:03 - [MESSAGE][PASSED] - All options with label '2023' are selected in object 'Object Repository/RAD_Pages/TaxTypeFilingYear_Page/select_FilingYear' 

2024-11-12 16:34:03 - [TEST_STEP][PASSED] - if (month.trim()): All options with label 'April' are selected in object 'Object Repository/RAD_Pages/TaxTypeFilingYear_Page/select_PeriodEnding' 

2024-11-12 16:34:03 - [TEST_STEP][PASSED] - selectOptionByLabel(findTestObject(orPath_TaxTypeFilingYear + "/select_PeriodEnding"), month, false): All options with label 'April' are selected in object 'Object Repository/RAD_Pages/TaxTypeFilingYear_Page/select_PeriodEnding' 

2024-11-12 16:34:03 - [MESSAGE][PASSED] - All options with label 'April' are selected in object 'Object Repository/RAD_Pages/TaxTypeFilingYear_Page/select_PeriodEnding' 

2024-11-12 16:34:03 - [TEST_STEP][PASSED] - rad.getSetDataRAD.setDataRADBusinessName(): rad.getSetDataRAD.setDataRADBusinessName is PASSED

2024-11-12 16:34:04 - [MESSAGE][PASSED] - Text 'My Company' is set on object 'Object Repository/RAD_Pages/Taxpayer_Page/input_businessName'

2024-11-12 16:34:04 - [MESSAGE][PASSED] - rad.getSetDataRAD.setDataRADBusinessName is PASSED

2024-11-12 16:34:04 - [TEST_STEP][PASSED] - rad.getSetDataRAD.setDataRADBusinessRep(): rad.getSetDataRAD.setDataRADBusinessRep is PASSED

2024-11-12 16:34:05 - [MESSAGE][PASSED] - Text 'BusRepFname' is set on object 'Object Repository/RAD_Pages/Taxpayer_Page/input_BusinessRepfirstName'

2024-11-12 16:34:06 - [MESSAGE][PASSED] - Text '' is set on object 'Object Repository/RAD_Pages/Taxpayer_Page/input_BusinessRepmiddleName'

2024-11-12 16:34:06 - [MESSAGE][PASSED] - Text 'BusRepLname' is set on object 'Object Repository/RAD_Pages/Taxpayer_Page/input_BusinessReplastName'

2024-11-12 16:34:07 - [MESSAGE][PASSED] - Text '' is set on object 'Object Repository/RAD_Pages/Taxpayer_Page/input_BusinessRepsuffix'

2024-11-12 16:34:07 - [MESSAGE][PASSED] - rad.getSetDataRAD.setDataRADBusinessRep is PASSED

2024-11-12 16:34:07 - [TEST_STEP][PASSED] - rad.getSetDataRAD.setDataRADAddress(): rad.getSetDataRAD.setDataRADAddress is PASSED

2024-11-12 16:34:08 - [MESSAGE][PASSED] - All options with label 'United States' are selected in object 'Object Repository/RAD_Pages/AddressAndContactInfo_Page/select_Country' 

2024-11-12 16:34:09 - [MESSAGE][PASSED] - Text '2508 Mandan Terrace' is set on object 'Object Repository/RAD_Pages/AddressAndContactInfo_Page/input_streetAddress1'

2024-11-12 16:34:09 - [MESSAGE][PASSED] - Text '' is set on object 'Object Repository/RAD_Pages/AddressAndContactInfo_Page/input_streetAddress2'

2024-11-12 16:34:10 - [MESSAGE][PASSED] - Text 'Gambrills' is set on object 'Object Repository/RAD_Pages/AddressAndContactInfo_Page/input_city'

2024-11-12 16:34:11 - [MESSAGE][PASSED] - All options with label 'Maryland' are selected in object 'Object Repository/RAD_Pages/AddressAndContactInfo_Page/select_State' 

2024-11-12 16:34:12 - [MESSAGE][PASSED] - Text '21054' is set on object 'Object Repository/RAD_Pages/AddressAndContactInfo_Page/input_zipCode'

2024-11-12 16:34:13 - [MESSAGE][PASSED] - Text '(703) 894-5000' is set on object 'Object Repository/RAD_Pages/AddressAndContactInfo_Page/input_phoneNumber'

2024-11-12 16:34:14 - [MESSAGE][PASSED] - Text 'iahmed@govolution.com' is set on object 'Object Repository/RAD_Pages/AddressAndContactInfo_Page/input_eMailAddress'

2024-11-12 16:34:14 - [MESSAGE][PASSED] - Text 'iahmed@govolution.com' is set on object 'Object Repository/RAD_Pages/AddressAndContactInfo_Page/input_reEnterEMailAddress'

2024-11-12 16:34:14 - [MESSAGE][PASSED] - rad.getSetDataRAD.setDataRADAddress is PASSED

2024-11-12 16:34:14 - [TEST_STEP][PASSED] - if (feinSSN.equalsIgnoreCase("Y")): null

2024-11-12 16:34:14 - [TEST_STEP][PASSED] - else: Text ****** has been set on object 'Object Repository/RAD_Pages/TaxInfo_Page/input_FederalEIN_ReEnter'

2024-11-12 16:34:14 - [TEST_STEP][PASSED] - if (!(TaxType.equalsIgnoreCase("Estate Tax"))): Text ****** has been set on object 'Object Repository/RAD_Pages/TaxInfo_Page/input_FederalEIN_ReEnter'

2024-11-12 16:34:14 - [TEST_STEP][PASSED] - setEncryptedText(findTestObject(orPath_TaxInfo + "/input_FederalEIN"), "yXB7JMCbD3QoFF75EQd3iw=="): Text ****** has been set on object 'Object Repository/RAD_Pages/TaxInfo_Page/input_FederalEIN'

2024-11-12 16:34:15 - [MESSAGE][PASSED] - Text ****** has been set on object 'Object Repository/RAD_Pages/TaxInfo_Page/input_FederalEIN'

2024-11-12 16:34:15 - [TEST_STEP][PASSED] - setEncryptedText(findTestObject(orPath_TaxInfo + "/input_FederalEIN_ReEnter"), "yXB7JMCbD3QoFF75EQd3iw=="): Text ****** has been set on object 'Object Repository/RAD_Pages/TaxInfo_Page/input_FederalEIN_ReEnter'

2024-11-12 16:34:16 - [MESSAGE][PASSED] - Text ****** has been set on object 'Object Repository/RAD_Pages/TaxInfo_Page/input_FederalEIN_ReEnter'

2024-11-12 16:34:16 - [TEST_STEP][PASSED] - if (CRN.equalsIgnoreCase("Y")): null

2024-11-12 16:34:16 - [TEST_STEP][PASSED] - if (MFLicNum.equalsIgnoreCase("Y")): rad.getSetDataRAD.setDataRADMFLicNumSix is PASSED

2024-11-12 16:34:16 - [TEST_STEP][PASSED] - rad.getSetDataRAD.setDataRADMFLicNumSix(): rad.getSetDataRAD.setDataRADMFLicNumSix is PASSED

2024-11-12 16:34:16 - [MESSAGE][PASSED] - Text '758142' is set on object 'Object Repository/RAD_Pages/TaxInfo_Page/input_MotorFuelLicNum'

2024-11-12 16:34:16 - [MESSAGE][PASSED] - rad.getSetDataRAD.setDataRADMFLicNumSix is PASSED

2024-11-12 16:34:16 - [TEST_STEP][PASSED] - if (TaxType.equalsIgnoreCase("Estate Tax")): null

2024-11-12 16:34:16 - [TEST_STEP][PASSED] - setText(findTestObject(orPath_Amount + "/input__paymentAmount"), "100.00"): Text '100.00' is set on object 'Object Repository/RAD_Pages/PaymentAmount_Page/input__paymentAmount'

2024-11-12 16:34:17 - [MESSAGE][PASSED] - Text '100.00' is set on object 'Object Repository/RAD_Pages/PaymentAmount_Page/input__paymentAmount'

2024-11-12 16:34:17 - [TEST_STEP][PASSED] - setText(findTestObject(orPath_AddressContact + "/input_streetAddress2"), ""): Text '' is set on object 'Object Repository/RAD_Pages/AddressAndContactInfo_Page/input_streetAddress2'

2024-11-12 16:34:18 - [MESSAGE][PASSED] - Text '' is set on object 'Object Repository/RAD_Pages/AddressAndContactInfo_Page/input_streetAddress2'

2024-11-12 16:34:18 - [TEST_STEP][PASSED] - scrollToElement(findTestObject(orPath_Landing + "/button_Continue"), 3): Scroll to object 'Object Repository/RAD_Pages/Landing_Page/button_Continue' successfully

2024-11-12 16:34:18 - [MESSAGE][PASSED] - Scroll to object 'Object Repository/RAD_Pages/Landing_Page/button_Continue' successfully

2024-11-12 16:34:18 - [TEST_STEP][PASSED] - waitForElementClickable(findTestObject(orPath_Landing + "/button_Continue"), 5): Object 'Object Repository/RAD_Pages/Landing_Page/button_Continue' is clickable

2024-11-12 16:34:18 - [MESSAGE][PASSED] - Object 'Object Repository/RAD_Pages/Landing_Page/button_Continue' is clickable

2024-11-12 16:34:18 - [TEST_STEP][PASSED] - click(findTestObject(orPath_Landing + "/button_Continue")): Object: 'Object Repository/RAD_Pages/Landing_Page/button_Continue' is clicked on

2024-11-12 16:34:19 - [MESSAGE][PASSED] - Object: 'Object Repository/RAD_Pages/Landing_Page/button_Continue' is clicked on

2024-11-12 16:34:19 - [TEST_STEP][PASSED] - delay(2): Delayed 2 second(s)

2024-11-12 16:34:21 - [MESSAGE][PASSED] - Delayed 2 second(s)

2024-11-12 16:34:21 - [TEST_STEP][PASSED] - verifyTextPresent("Summary", true): Text 'Summary' is present on page  using regular expression

2024-11-12 16:34:21 - [MESSAGE][PASSED] - Text 'Summary' is present on page  using regular expression

2024-11-12 16:34:21 - [TEST_STEP][PASSED] - verifyTextPresent("Review the information below and make any necessary corrections by clicking the", true): Text 'Review the information below and make any necessary corrections by clicking the' is present on page  using regular expression

2024-11-12 16:34:22 - [MESSAGE][PASSED] - Text 'Review the information below and make any necessary corrections by clicking the' is present on page  using regular expression

2024-11-12 16:34:22 - [TEST_STEP][PASSED] - verifyTextPresent("When you are confident that all the information is correct, click the", true): Text 'When you are confident that all the information is correct, click the' is present on page  using regular expression

2024-11-12 16:34:22 - [MESSAGE][PASSED] - Text 'When you are confident that all the information is correct, click the' is present on page  using regular expression

2024-11-12 16:34:22 - [TEST_STEP][PASSED] - verifyTextPresent("Payment Type/Filing Year", true): Text 'Payment Type/Filing Year' is present on page  using regular expression

2024-11-12 16:34:22 - [MESSAGE][PASSED] - Text 'Payment Type/Filing Year' is present on page  using regular expression

2024-11-12 16:34:22 - [TEST_STEP][PASSED] - verifyTextPresent("Payment Type:", true): Text 'Payment Type:' is present on page  using regular expression

2024-11-12 16:34:23 - [MESSAGE][PASSED] - Text 'Payment Type:' is present on page  using regular expression

2024-11-12 16:34:23 - [TEST_STEP][PASSED] - verifyTextPresent("New Tax Return Amount Due", true): Text 'New Tax Return Amount Due' is present on page  using regular expression

2024-11-12 16:34:23 - [MESSAGE][PASSED] - Text 'New Tax Return Amount Due' is present on page  using regular expression

2024-11-12 16:34:23 - [TEST_STEP][PASSED] - verifyTextPresent("Filing Year:", true): Text 'Filing Year:' is present on page  using regular expression

2024-11-12 16:34:23 - [MESSAGE][PASSED] - Text 'Filing Year:' is present on page  using regular expression

2024-11-12 16:34:23 - [TEST_STEP][PASSED] - verifyTextPresent(FilingYear, true): Text '2023' is present on page  using regular expression

2024-11-12 16:34:24 - [MESSAGE][PASSED] - Text '2023' is present on page  using regular expression

2024-11-12 16:34:24 - [TEST_STEP][PASSED] - verifyTextPresent("Payer Information", true): Text 'Payer Information' is present on page  using regular expression

2024-11-12 16:34:24 - [MESSAGE][PASSED] - Text 'Payer Information' is present on page  using regular expression

2024-11-12 16:34:24 - [TEST_STEP][PASSED] - verifyTextPresent("Taxpayer Name:", true): Text 'Taxpayer Name:' is present on page  using regular expression

2024-11-12 16:34:24 - [MESSAGE][PASSED] - Text 'Taxpayer Name:' is present on page  using regular expression

2024-11-12 16:34:24 - [TEST_STEP][PASSED] - verifyTextPresent("My Company", true): Text 'My Company' is present on page  using regular expression

2024-11-12 16:34:25 - [MESSAGE][PASSED] - Text 'My Company' is present on page  using regular expression

2024-11-12 16:34:25 - [TEST_STEP][PASSED] - verifyTextPresent("Business Rep Name:", true): Text 'Business Rep Name:' is present on page  using regular expression

2024-11-12 16:34:25 - [MESSAGE][PASSED] - Text 'Business Rep Name:' is present on page  using regular expression

2024-11-12 16:34:25 - [TEST_STEP][PASSED] - verifyTextPresent("BusRepFname BusRepLname", true): Text 'BusRepFname BusRepLname' is present on page  using regular expression

2024-11-12 16:34:25 - [MESSAGE][PASSED] - Text 'BusRepFname BusRepLname' is present on page  using regular expression

2024-11-12 16:34:25 - [TEST_STEP][PASSED] - verifyTextPresent("Taxpayer Address:", true): Text 'Taxpayer Address:' is present on page  using regular expression

2024-11-12 16:34:26 - [MESSAGE][PASSED] - Text 'Taxpayer Address:' is present on page  using regular expression

2024-11-12 16:34:26 - [TEST_STEP][PASSED] - verifyTextPresent("2508 Mandan Terrace Gambrills Maryland 21054", true): Text '2508 Mandan Terrace Gambrills Maryland 21054' is present on page  using regular expression

2024-11-12 16:34:26 - [MESSAGE][PASSED] - Text '2508 Mandan Terrace Gambrills Maryland 21054' is present on page  using regular expression

2024-11-12 16:34:26 - [TEST_STEP][PASSED] - verifyTextPresent("Email:", true): Text 'Email:' is present on page  using regular expression

2024-11-12 16:34:26 - [MESSAGE][PASSED] - Text 'Email:' is present on page  using regular expression

2024-11-12 16:34:26 - [TEST_STEP][PASSED] - verifyTextPresent("iahmed@govolution.com", true): Text 'iahmed@govolution.com' is present on page  using regular expression

2024-11-12 16:34:27 - [MESSAGE][PASSED] - Text 'iahmed@govolution.com' is present on page  using regular expression

2024-11-12 16:34:27 - [TEST_STEP][PASSED] - verifyTextPresent("Phone:", true): Text 'Phone:' is present on page  using regular expression

2024-11-12 16:34:27 - [MESSAGE][PASSED] - Text 'Phone:' is present on page  using regular expression

2024-11-12 16:34:27 - [TEST_STEP][PASSED] - verifyTextPresent("(703) 894-5000", false): Text '(703) 894-5000' is present on page 

2024-11-12 16:34:27 - [MESSAGE][PASSED] - Text '(703) 894-5000' is present on page 

2024-11-12 16:34:27 - [TEST_STEP][PASSED] - verifyTextPresent("Tax Information", true): Text 'Tax Information' is present on page  using regular expression

2024-11-12 16:34:28 - [MESSAGE][PASSED] - Text 'Tax Information' is present on page  using regular expression

2024-11-12 16:34:28 - [TEST_STEP][PASSED] - verifyTextNotPresent("Notice Number", true): Text 'Notice Number' is not present on page using regular expression

2024-11-12 16:34:28 - [MESSAGE][PASSED] - Text 'Notice Number' is not present on page using regular expression

2024-11-12 16:34:28 - [TEST_STEP][PASSED] - if (month.trim()): Text 'April' is present on page  using regular expression

2024-11-12 16:34:28 - [TEST_STEP][PASSED] - verifyTextPresent("Period Ending", true): Text 'Period Ending' is present on page  using regular expression

2024-11-12 16:34:28 - [MESSAGE][PASSED] - Text 'Period Ending' is present on page  using regular expression

2024-11-12 16:34:28 - [TEST_STEP][PASSED] - verifyTextPresent(month, true): Text 'April' is present on page  using regular expression

2024-11-12 16:34:29 - [MESSAGE][PASSED] - Text 'April' is present on page  using regular expression

2024-11-12 16:34:29 - [TEST_STEP][PASSED] - if (feinSSN.equalsIgnoreCase("Y")): null

2024-11-12 16:34:29 - [TEST_STEP][PASSED] - else: Text 'XXXXXXX87' is present on page  using regular expression

2024-11-12 16:34:29 - [TEST_STEP][PASSED] - if (!(TaxType.equalsIgnoreCase("Estate Tax"))): Text 'XXXXXXX87' is present on page  using regular expression

2024-11-12 16:34:29 - [TEST_STEP][PASSED] - verifyTextPresent("Federal EIN:", true): Text 'Federal EIN:' is present on page  using regular expression

2024-11-12 16:34:29 - [MESSAGE][PASSED] - Text 'Federal EIN:' is present on page  using regular expression

2024-11-12 16:34:29 - [TEST_STEP][PASSED] - verifyTextNotPresent("FEIN/SSN:", true): Text 'FEIN/SSN:' is not present on page using regular expression

2024-11-12 16:34:29 - [MESSAGE][PASSED] - Text 'FEIN/SSN:' is not present on page using regular expression

2024-11-12 16:34:29 - [TEST_STEP][PASSED] - verifyTextPresent("XXXXXXX87", true): Text 'XXXXXXX87' is present on page  using regular expression

2024-11-12 16:34:30 - [MESSAGE][PASSED] - Text 'XXXXXXX87' is present on page  using regular expression

2024-11-12 16:34:30 - [TEST_STEP][PASSED] - if (TaxType.equalsIgnoreCase("Estate Tax")): null

2024-11-12 16:34:30 - [TEST_STEP][PASSED] - if (CRN.equalsIgnoreCase("Y")): null

2024-11-12 16:34:30 - [TEST_STEP][PASSED] - else: Text 'MD Central Registration Number' is not present on page using regular expression

2024-11-12 16:34:30 - [TEST_STEP][PASSED] - verifyTextNotPresent("MD Central Registration Number", true): Text 'MD Central Registration Number' is not present on page using regular expression

2024-11-12 16:34:30 - [MESSAGE][PASSED] - Text 'MD Central Registration Number' is not present on page using regular expression

2024-11-12 16:34:30 - [TEST_STEP][PASSED] - if (MFLicNum.equalsIgnoreCase("Y")): Text '758142' is present on page  using regular expression

2024-11-12 16:34:30 - [TEST_STEP][PASSED] - verifyTextPresent("Motor Fuel License Number#:", true): Text 'Motor Fuel License Number#:' is present on page  using regular expression

2024-11-12 16:34:30 - [MESSAGE][PASSED] - Text 'Motor Fuel License Number#:' is present on page  using regular expression

2024-11-12 16:34:30 - [TEST_STEP][PASSED] - verifyTextPresent("758142", true): Text '758142' is present on page  using regular expression

2024-11-12 16:34:31 - [MESSAGE][PASSED] - Text '758142' is present on page  using regular expression

2024-11-12 16:34:31 - [TEST_STEP][PASSED] - verifyTextPresent("Payment Amount:", true): Text 'Payment Amount:' is present on page  using regular expression

2024-11-12 16:34:31 - [MESSAGE][PASSED] - Text 'Payment Amount:' is present on page  using regular expression

2024-11-12 16:34:31 - [TEST_STEP][PASSED] - verifyTextPresent("100.00", true): Text '100.00' is present on page  using regular expression

2024-11-12 16:34:31 - [MESSAGE][PASSED] - Text '100.00' is present on page  using regular expression

2024-11-12 16:34:31 - [TEST_STEP][PASSED] - if (verifyElementVisible(findTestObject(orPath_Summary + "/button_Proceed to Payment"))): null

2024-11-12 16:34:32 - [MESSAGE][PASSED] - Object 'Object Repository/RAD_Pages/Summary_Page/button_Proceed to Payment' is visible

2024-11-12 16:34:32 - [TEST_STEP][PASSED] - resText = "Pass": null

2024-11-12 16:34:32 - [TEST_STEP][PASSED] - pages.WriteExcel.demoKey(resText, datText, resColumn, datCloumn, fileLoc, nameSheet, row): pages.WriteExcel.demoKey is PASSED

2024-11-12 16:34:32 - [MESSAGE][PASSED] - pages.WriteExcel.demoKey is PASSED

2024-11-12 16:34:32 - [TEST_STEP][PASSED] - click(findTestObject(orPath_Summary + "/button_Proceed to Payment")): Object: 'Object Repository/RAD_Pages/Summary_Page/button_Proceed to Payment' is clicked on

2024-11-12 16:34:34 - [MESSAGE][PASSED] - Object: 'Object Repository/RAD_Pages/Summary_Page/button_Proceed to Payment' is clicked on

2024-11-12 16:34:34 - [TEST_STEP][PASSED] - verifyElementPresent(findTestObject("Object Repository/RAD_Pages/PaymentEntry_Page/input__billingName"), 30): Object 'Object Repository/RAD_Pages/PaymentEntry_Page/input__billingName' is present

2024-11-12 16:34:34 - [MESSAGE][PASSED] - Object 'Object Repository/RAD_Pages/PaymentEntry_Page/input__billingName' is present

2024-11-12 16:34:34 - [TEST_STEP][PASSED] - ExecuteTC = findTestData(dataFile).getValue("Execute", row): null

2024-11-12 16:34:35 - [TEST_STEP][PASSED] - TaxType = findTestData(dataFile).getValue("TaxType", row): null

2024-11-12 16:34:35 - [TEST_STEP][PASSED] - PaymentType = findTestData(dataFile).getValue("PaymentType", row): null

2024-11-12 16:34:35 - [TEST_STEP][PASSED] - FilingYear = findTestData(dataFile).getValue("Year", row): null

2024-11-12 16:34:35 - [TEST_STEP][PASSED] - feinSSN = findTestData(dataFile).getValue("FeinSsn", row): null

2024-11-12 16:34:35 - [TEST_STEP][PASSED] - CRN = findTestData(dataFile).getValue("CRN", row): null

2024-11-12 16:34:35 - [TEST_STEP][PASSED] - month = findTestData(dataFile).getValue("Month", row): null

2024-11-12 16:34:35 - [TEST_STEP][PASSED] - MFLicNum = findTestData(dataFile).getValue("MFLicNum", row): null

2024-11-12 16:34:35 - [TEST_STEP][PASSED] - if (ExecuteTC.equalsIgnoreCase("Y")): Object 'Object Repository/RAD_Pages/PaymentEntry_Page/input__billingName' is present

2024-11-12 16:34:35 - [TEST_STEP][PASSED] - out.println("Begin Record Number: " + row): null

2024-11-12 16:34:35 - [TEST_STEP][PASSED] - today = new java.util.Date(): null

2024-11-12 16:34:35 - [TEST_STEP][PASSED] - println(today): null

2024-11-12 16:34:35 - [TEST_STEP][PASSED] - datText = today: null

2024-11-12 16:34:35 - [TEST_STEP][PASSED] - logInfo("Payment Type: New Tax Return Amount Due"): Payment Type: New Tax Return Amount Due

2024-11-12 16:34:35 - [MESSAGE][INFO] - Payment Type: New Tax Return Amount Due

2024-11-12 16:34:35 - [TEST_STEP][PASSED] - logInfo("Tax Type: " + TaxType): Tax Type: Sales and Use Tax

2024-11-12 16:34:35 - [MESSAGE][INFO] - Tax Type: Sales and Use Tax

2024-11-12 16:34:35 - [TEST_STEP][PASSED] - openBrowser(""): Browser is opened with url: ''

2024-11-12 16:34:35 - [MESSAGE][WARNING] - A browser is already opened. Closing browser and opening a new one

2024-11-12 16:34:37 - [MESSAGE][INFO] - Starting 'Chrome' driver

2024-11-12 16:34:37 - [MESSAGE][INFO] - User set preference: ['acceptInsecureCerts', 'true']

2024-11-12 16:34:37 - [MESSAGE][INFO] - Action delay is set to 0 milliseconds

2024-11-12 16:34:40 - [MESSAGE][PASSED] - Browser is opened with url: ''

2024-11-12 16:34:40 - [TEST_STEP][PASSED] - maximizeWindow(): Current window maximized

2024-11-12 16:34:40 - [MESSAGE][PASSED] - Current window maximized

2024-11-12 16:34:40 - [TEST_STEP][PASSED] - navigateToUrl(RADurl): Navigate to 'https://www.velocitypayment.com/client/rad/index.html' successfully

2024-11-12 16:34:41 - [MESSAGE][PASSED] - Navigate to 'https://www.velocitypayment.com/client/rad/index.html' successfully

2024-11-12 16:34:41 - [TEST_STEP][PASSED] - selectOptionByLabel(findTestObject(orPath_Landing + "/dd_TaxType"), "New Tax Return Amount Due", false): All options with label 'New Tax Return Amount Due' are selected in object 'Object Repository/RAD_Pages/Landing_Page/dd_TaxType' 

2024-11-12 16:34:42 - [MESSAGE][PASSED] - All options with label 'New Tax Return Amount Due' are selected in object 'Object Repository/RAD_Pages/Landing_Page/dd_TaxType' 

2024-11-12 16:34:42 - [TEST_STEP][PASSED] - selectOptionByLabel(findTestObject("Object Repository/RAD_Pages/Landing_Page/select_NewTaxReturnAmountDue_TaxType"), TaxType, false): All options with label 'Sales and Use Tax' are selected in object 'Object Repository/RAD_Pages/Landing_Page/select_NewTaxReturnAmountDue_TaxType' 

2024-11-12 16:34:43 - [MESSAGE][PASSED] - All options with label 'Sales and Use Tax' are selected in object 'Object Repository/RAD_Pages/Landing_Page/select_NewTaxReturnAmountDue_TaxType' 

2024-11-12 16:34:43 - [TEST_STEP][PASSED] - selectOptionByLabel(findTestObject(orPath_TaxTypeFilingYear + "/select_FilingYear"), FilingYear, false): All options with label '2023' are selected in object 'Object Repository/RAD_Pages/TaxTypeFilingYear_Page/select_FilingYear' 

2024-11-12 16:34:43 - [MESSAGE][PASSED] - All options with label '2023' are selected in object 'Object Repository/RAD_Pages/TaxTypeFilingYear_Page/select_FilingYear' 

2024-11-12 16:34:43 - [TEST_STEP][PASSED] - if (month.trim()): All options with label 'October' are selected in object 'Object Repository/RAD_Pages/TaxTypeFilingYear_Page/select_PeriodEnding' 

2024-11-12 16:34:43 - [TEST_STEP][PASSED] - selectOptionByLabel(findTestObject(orPath_TaxTypeFilingYear + "/select_PeriodEnding"), month, false): All options with label 'October' are selected in object 'Object Repository/RAD_Pages/TaxTypeFilingYear_Page/select_PeriodEnding' 

2024-11-12 16:34:44 - [MESSAGE][PASSED] - All options with label 'October' are selected in object 'Object Repository/RAD_Pages/TaxTypeFilingYear_Page/select_PeriodEnding' 

2024-11-12 16:34:44 - [TEST_STEP][PASSED] - rad.getSetDataRAD.setDataRADBusinessName(): rad.getSetDataRAD.setDataRADBusinessName is PASSED

2024-11-12 16:34:45 - [MESSAGE][PASSED] - Text 'My Company' is set on object 'Object Repository/RAD_Pages/Taxpayer_Page/input_businessName'

2024-11-12 16:34:45 - [MESSAGE][PASSED] - rad.getSetDataRAD.setDataRADBusinessName is PASSED

2024-11-12 16:34:45 - [TEST_STEP][PASSED] - rad.getSetDataRAD.setDataRADBusinessRep(): rad.getSetDataRAD.setDataRADBusinessRep is PASSED

2024-11-12 16:34:46 - [MESSAGE][PASSED] - Text 'BusRepFname' is set on object 'Object Repository/RAD_Pages/Taxpayer_Page/input_BusinessRepfirstName'

2024-11-12 16:34:46 - [MESSAGE][PASSED] - Text '' is set on object 'Object Repository/RAD_Pages/Taxpayer_Page/input_BusinessRepmiddleName'

2024-11-12 16:34:47 - [MESSAGE][PASSED] - Text 'BusRepLname' is set on object 'Object Repository/RAD_Pages/Taxpayer_Page/input_BusinessReplastName'

2024-11-12 16:34:48 - [MESSAGE][PASSED] - Text '' is set on object 'Object Repository/RAD_Pages/Taxpayer_Page/input_BusinessRepsuffix'

2024-11-12 16:34:48 - [MESSAGE][PASSED] - rad.getSetDataRAD.setDataRADBusinessRep is PASSED

2024-11-12 16:34:48 - [TEST_STEP][PASSED] - rad.getSetDataRAD.setDataRADAddress(): rad.getSetDataRAD.setDataRADAddress is PASSED

2024-11-12 16:34:48 - [MESSAGE][PASSED] - All options with label 'United States' are selected in object 'Object Repository/RAD_Pages/AddressAndContactInfo_Page/select_Country' 

2024-11-12 16:34:49 - [MESSAGE][PASSED] - Text '2508 Mandan Terrace' is set on object 'Object Repository/RAD_Pages/AddressAndContactInfo_Page/input_streetAddress1'

2024-11-12 16:34:50 - [MESSAGE][PASSED] - Text '' is set on object 'Object Repository/RAD_Pages/AddressAndContactInfo_Page/input_streetAddress2'

2024-11-12 16:34:50 - [MESSAGE][PASSED] - Text 'Gambrills' is set on object 'Object Repository/RAD_Pages/AddressAndContactInfo_Page/input_city'

2024-11-12 16:34:51 - [MESSAGE][PASSED] - All options with label 'Maryland' are selected in object 'Object Repository/RAD_Pages/AddressAndContactInfo_Page/select_State' 

2024-11-12 16:34:52 - [MESSAGE][PASSED] - Text '21054' is set on object 'Object Repository/RAD_Pages/AddressAndContactInfo_Page/input_zipCode'

2024-11-12 16:34:53 - [MESSAGE][PASSED] - Text '(703) 894-5000' is set on object 'Object Repository/RAD_Pages/AddressAndContactInfo_Page/input_phoneNumber'

2024-11-12 16:34:53 - [MESSAGE][PASSED] - Text 'iahmed@govolution.com' is set on object 'Object Repository/RAD_Pages/AddressAndContactInfo_Page/input_eMailAddress'

2024-11-12 16:34:54 - [MESSAGE][PASSED] - Text 'iahmed@govolution.com' is set on object 'Object Repository/RAD_Pages/AddressAndContactInfo_Page/input_reEnterEMailAddress'

2024-11-12 16:34:54 - [MESSAGE][PASSED] - rad.getSetDataRAD.setDataRADAddress is PASSED

2024-11-12 16:34:54 - [TEST_STEP][PASSED] - if (feinSSN.equalsIgnoreCase("Y")): null

2024-11-12 16:34:54 - [TEST_STEP][PASSED] - else: Text ****** has been set on object 'Object Repository/RAD_Pages/TaxInfo_Page/input_FederalEIN_ReEnter'

2024-11-12 16:34:54 - [TEST_STEP][PASSED] - if (!(TaxType.equalsIgnoreCase("Estate Tax"))): Text ****** has been set on object 'Object Repository/RAD_Pages/TaxInfo_Page/input_FederalEIN_ReEnter'

2024-11-12 16:34:54 - [TEST_STEP][PASSED] - setEncryptedText(findTestObject(orPath_TaxInfo + "/input_FederalEIN"), "yXB7JMCbD3QoFF75EQd3iw=="): Text ****** has been set on object 'Object Repository/RAD_Pages/TaxInfo_Page/input_FederalEIN'

2024-11-12 16:34:55 - [MESSAGE][PASSED] - Text ****** has been set on object 'Object Repository/RAD_Pages/TaxInfo_Page/input_FederalEIN'

2024-11-12 16:34:55 - [TEST_STEP][PASSED] - setEncryptedText(findTestObject(orPath_TaxInfo + "/input_FederalEIN_ReEnter"), "yXB7JMCbD3QoFF75EQd3iw=="): Text ****** has been set on object 'Object Repository/RAD_Pages/TaxInfo_Page/input_FederalEIN_ReEnter'

2024-11-12 16:34:56 - [MESSAGE][PASSED] - Text ****** has been set on object 'Object Repository/RAD_Pages/TaxInfo_Page/input_FederalEIN_ReEnter'

2024-11-12 16:34:56 - [TEST_STEP][PASSED] - if (CRN.equalsIgnoreCase("Y")): rad.getSetDataRAD.setDataRADMDCRN is PASSED

2024-11-12 16:34:56 - [TEST_STEP][PASSED] - rad.getSetDataRAD.setDataRADMDCRN(): rad.getSetDataRAD.setDataRADMDCRN is PASSED

2024-11-12 16:34:56 - [MESSAGE][PASSED] - Text '07640126' is set on object 'Object Repository/RAD_Pages/TaxInfo_Page/input_MDCRegistration'

2024-11-12 16:34:56 - [MESSAGE][PASSED] - rad.getSetDataRAD.setDataRADMDCRN is PASSED

2024-11-12 16:34:56 - [TEST_STEP][PASSED] - if (MFLicNum.equalsIgnoreCase("Y")): null

2024-11-12 16:34:56 - [TEST_STEP][PASSED] - if (TaxType.equalsIgnoreCase("Estate Tax")): null

2024-11-12 16:34:56 - [TEST_STEP][PASSED] - setText(findTestObject(orPath_Amount + "/input__paymentAmount"), "100.00"): Text '100.00' is set on object 'Object Repository/RAD_Pages/PaymentAmount_Page/input__paymentAmount'

2024-11-12 16:34:57 - [MESSAGE][PASSED] - Text '100.00' is set on object 'Object Repository/RAD_Pages/PaymentAmount_Page/input__paymentAmount'

2024-11-12 16:34:57 - [TEST_STEP][PASSED] - setText(findTestObject(orPath_AddressContact + "/input_streetAddress2"), ""): Text '' is set on object 'Object Repository/RAD_Pages/AddressAndContactInfo_Page/input_streetAddress2'

2024-11-12 16:34:58 - [MESSAGE][PASSED] - Text '' is set on object 'Object Repository/RAD_Pages/AddressAndContactInfo_Page/input_streetAddress2'

2024-11-12 16:34:58 - [TEST_STEP][PASSED] - scrollToElement(findTestObject(orPath_Landing + "/button_Continue"), 3): Scroll to object 'Object Repository/RAD_Pages/Landing_Page/button_Continue' successfully

2024-11-12 16:34:58 - [MESSAGE][PASSED] - Scroll to object 'Object Repository/RAD_Pages/Landing_Page/button_Continue' successfully

2024-11-12 16:34:58 - [TEST_STEP][PASSED] - waitForElementClickable(findTestObject(orPath_Landing + "/button_Continue"), 5): Object 'Object Repository/RAD_Pages/Landing_Page/button_Continue' is clickable

2024-11-12 16:34:58 - [MESSAGE][PASSED] - Object 'Object Repository/RAD_Pages/Landing_Page/button_Continue' is clickable

2024-11-12 16:34:58 - [TEST_STEP][PASSED] - click(findTestObject(orPath_Landing + "/button_Continue")): Object: 'Object Repository/RAD_Pages/Landing_Page/button_Continue' is clicked on

2024-11-12 16:34:59 - [MESSAGE][PASSED] - Object: 'Object Repository/RAD_Pages/Landing_Page/button_Continue' is clicked on

2024-11-12 16:34:59 - [TEST_STEP][PASSED] - delay(2): Delayed 2 second(s)

2024-11-12 16:35:01 - [MESSAGE][PASSED] - Delayed 2 second(s)

2024-11-12 16:35:01 - [TEST_STEP][PASSED] - verifyTextPresent("Summary", true): Text 'Summary' is present on page  using regular expression

2024-11-12 16:35:01 - [MESSAGE][PASSED] - Text 'Summary' is present on page  using regular expression

2024-11-12 16:35:01 - [TEST_STEP][PASSED] - verifyTextPresent("Review the information below and make any necessary corrections by clicking the", true): Text 'Review the information below and make any necessary corrections by clicking the' is present on page  using regular expression

2024-11-12 16:35:02 - [MESSAGE][PASSED] - Text 'Review the information below and make any necessary corrections by clicking the' is present on page  using regular expression

2024-11-12 16:35:02 - [TEST_STEP][PASSED] - verifyTextPresent("When you are confident that all the information is correct, click the", true): Text 'When you are confident that all the information is correct, click the' is present on page  using regular expression

2024-11-12 16:35:02 - [MESSAGE][PASSED] - Text 'When you are confident that all the information is correct, click the' is present on page  using regular expression

2024-11-12 16:35:02 - [TEST_STEP][PASSED] - verifyTextPresent("Payment Type/Filing Year", true): Text 'Payment Type/Filing Year' is present on page  using regular expression

2024-11-12 16:35:02 - [MESSAGE][PASSED] - Text 'Payment Type/Filing Year' is present on page  using regular expression

2024-11-12 16:35:02 - [TEST_STEP][PASSED] - verifyTextPresent("Payment Type:", true): Text 'Payment Type:' is present on page  using regular expression

2024-11-12 16:35:03 - [MESSAGE][PASSED] - Text 'Payment Type:' is present on page  using regular expression

2024-11-12 16:35:03 - [TEST_STEP][PASSED] - verifyTextPresent("New Tax Return Amount Due", true): Text 'New Tax Return Amount Due' is present on page  using regular expression

2024-11-12 16:35:03 - [MESSAGE][PASSED] - Text 'New Tax Return Amount Due' is present on page  using regular expression

2024-11-12 16:35:03 - [TEST_STEP][PASSED] - verifyTextPresent("Filing Year:", true): Text 'Filing Year:' is present on page  using regular expression

2024-11-12 16:35:03 - [MESSAGE][PASSED] - Text 'Filing Year:' is present on page  using regular expression

2024-11-12 16:35:03 - [TEST_STEP][PASSED] - verifyTextPresent(FilingYear, true): Text '2023' is present on page  using regular expression

2024-11-12 16:35:04 - [MESSAGE][PASSED] - Text '2023' is present on page  using regular expression

2024-11-12 16:35:04 - [TEST_STEP][PASSED] - verifyTextPresent("Payer Information", true): Text 'Payer Information' is present on page  using regular expression

2024-11-12 16:35:04 - [MESSAGE][PASSED] - Text 'Payer Information' is present on page  using regular expression

2024-11-12 16:35:04 - [TEST_STEP][PASSED] - verifyTextPresent("Taxpayer Name:", true): Text 'Taxpayer Name:' is present on page  using regular expression

2024-11-12 16:35:04 - [MESSAGE][PASSED] - Text 'Taxpayer Name:' is present on page  using regular expression

2024-11-12 16:35:04 - [TEST_STEP][PASSED] - verifyTextPresent("My Company", true): Text 'My Company' is present on page  using regular expression

2024-11-12 16:35:05 - [MESSAGE][PASSED] - Text 'My Company' is present on page  using regular expression

2024-11-12 16:35:05 - [TEST_STEP][PASSED] - verifyTextPresent("Business Rep Name:", true): Text 'Business Rep Name:' is present on page  using regular expression

2024-11-12 16:35:05 - [MESSAGE][PASSED] - Text 'Business Rep Name:' is present on page  using regular expression

2024-11-12 16:35:05 - [TEST_STEP][PASSED] - verifyTextPresent("BusRepFname BusRepLname", true): Text 'BusRepFname BusRepLname' is present on page  using regular expression

2024-11-12 16:35:05 - [MESSAGE][PASSED] - Text 'BusRepFname BusRepLname' is present on page  using regular expression

2024-11-12 16:35:05 - [TEST_STEP][PASSED] - verifyTextPresent("Taxpayer Address:", true): Text 'Taxpayer Address:' is present on page  using regular expression

2024-11-12 16:35:06 - [MESSAGE][PASSED] - Text 'Taxpayer Address:' is present on page  using regular expression

2024-11-12 16:35:06 - [TEST_STEP][PASSED] - verifyTextPresent("2508 Mandan Terrace Gambrills Maryland 21054", true): Text '2508 Mandan Terrace Gambrills Maryland 21054' is present on page  using regular expression

2024-11-12 16:35:06 - [MESSAGE][PASSED] - Text '2508 Mandan Terrace Gambrills Maryland 21054' is present on page  using regular expression

2024-11-12 16:35:06 - [TEST_STEP][PASSED] - verifyTextPresent("Email:", true): Text 'Email:' is present on page  using regular expression

2024-11-12 16:35:06 - [MESSAGE][PASSED] - Text 'Email:' is present on page  using regular expression

2024-11-12 16:35:06 - [TEST_STEP][PASSED] - verifyTextPresent("iahmed@govolution.com", true): Text 'iahmed@govolution.com' is present on page  using regular expression

2024-11-12 16:35:07 - [MESSAGE][PASSED] - Text 'iahmed@govolution.com' is present on page  using regular expression

2024-11-12 16:35:07 - [TEST_STEP][PASSED] - verifyTextPresent("Phone:", true): Text 'Phone:' is present on page  using regular expression

2024-11-12 16:35:07 - [MESSAGE][PASSED] - Text 'Phone:' is present on page  using regular expression

2024-11-12 16:35:07 - [TEST_STEP][PASSED] - verifyTextPresent("(703) 894-5000", false): Text '(703) 894-5000' is present on page 

2024-11-12 16:35:07 - [MESSAGE][PASSED] - Text '(703) 894-5000' is present on page 

2024-11-12 16:35:07 - [TEST_STEP][PASSED] - verifyTextPresent("Tax Information", true): Text 'Tax Information' is present on page  using regular expression

2024-11-12 16:35:08 - [MESSAGE][PASSED] - Text 'Tax Information' is present on page  using regular expression

2024-11-12 16:35:08 - [TEST_STEP][PASSED] - verifyTextNotPresent("Notice Number", true): Text 'Notice Number' is not present on page using regular expression

2024-11-12 16:35:08 - [MESSAGE][PASSED] - Text 'Notice Number' is not present on page using regular expression

2024-11-12 16:35:08 - [TEST_STEP][PASSED] - if (month.trim()): Text 'October' is present on page  using regular expression

2024-11-12 16:35:08 - [TEST_STEP][PASSED] - verifyTextPresent("Period Ending", true): Text 'Period Ending' is present on page  using regular expression

2024-11-12 16:35:08 - [MESSAGE][PASSED] - Text 'Period Ending' is present on page  using regular expression

2024-11-12 16:35:08 - [TEST_STEP][PASSED] - verifyTextPresent(month, true): Text 'October' is present on page  using regular expression

2024-11-12 16:35:09 - [MESSAGE][PASSED] - Text 'October' is present on page  using regular expression

2024-11-12 16:35:09 - [TEST_STEP][PASSED] - if (feinSSN.equalsIgnoreCase("Y")): null

2024-11-12 16:35:09 - [TEST_STEP][PASSED] - else: Text 'XXXXXXX87' is present on page  using regular expression

2024-11-12 16:35:09 - [TEST_STEP][PASSED] - if (!(TaxType.equalsIgnoreCase("Estate Tax"))): Text 'XXXXXXX87' is present on page  using regular expression

2024-11-12 16:35:09 - [TEST_STEP][PASSED] - verifyTextPresent("Federal EIN:", true): Text 'Federal EIN:' is present on page  using regular expression

2024-11-12 16:35:09 - [MESSAGE][PASSED] - Text 'Federal EIN:' is present on page  using regular expression

2024-11-12 16:35:09 - [TEST_STEP][PASSED] - verifyTextNotPresent("FEIN/SSN:", true): Text 'FEIN/SSN:' is not present on page using regular expression

2024-11-12 16:35:09 - [MESSAGE][PASSED] - Text 'FEIN/SSN:' is not present on page using regular expression

2024-11-12 16:35:09 - [TEST_STEP][PASSED] - verifyTextPresent("XXXXXXX87", true): Text 'XXXXXXX87' is present on page  using regular expression

2024-11-12 16:35:10 - [MESSAGE][PASSED] - Text 'XXXXXXX87' is present on page  using regular expression

2024-11-12 16:35:10 - [TEST_STEP][PASSED] - if (TaxType.equalsIgnoreCase("Estate Tax")): null

2024-11-12 16:35:10 - [TEST_STEP][PASSED] - if (CRN.equalsIgnoreCase("Y")): Text '07640126' is present on page  using regular expression

2024-11-12 16:35:10 - [TEST_STEP][PASSED] - verifyTextPresent("MD Central Registration Number#:", true): Text 'MD Central Registration Number#:' is present on page  using regular expression

2024-11-12 16:35:10 - [MESSAGE][PASSED] - Text 'MD Central Registration Number#:' is present on page  using regular expression

2024-11-12 16:35:10 - [TEST_STEP][PASSED] - verifyTextPresent("07640126", true): Text '07640126' is present on page  using regular expression

2024-11-12 16:35:10 - [MESSAGE][PASSED] - Text '07640126' is present on page  using regular expression

2024-11-12 16:35:10 - [TEST_STEP][PASSED] - if (MFLicNum.equalsIgnoreCase("Y")): null

2024-11-12 16:35:10 - [TEST_STEP][PASSED] - else: Text 'Motor Fuel License Number#:' is not present on page using regular expression

2024-11-12 16:35:10 - [TEST_STEP][PASSED] - verifyTextNotPresent("Motor Fuel License Number#:", true): Text 'Motor Fuel License Number#:' is not present on page using regular expression

2024-11-12 16:35:11 - [MESSAGE][PASSED] - Text 'Motor Fuel License Number#:' is not present on page using regular expression

2024-11-12 16:35:11 - [TEST_STEP][PASSED] - verifyTextPresent("Payment Amount:", true): Text 'Payment Amount:' is present on page  using regular expression

2024-11-12 16:35:11 - [MESSAGE][PASSED] - Text 'Payment Amount:' is present on page  using regular expression

2024-11-12 16:35:11 - [TEST_STEP][PASSED] - verifyTextPresent("100.00", true): Text '100.00' is present on page  using regular expression

2024-11-12 16:35:11 - [MESSAGE][PASSED] - Text '100.00' is present on page  using regular expression

2024-11-12 16:35:11 - [TEST_STEP][PASSED] - if (verifyElementVisible(findTestObject(orPath_Summary + "/button_Proceed to Payment"))): null

2024-11-12 16:35:12 - [MESSAGE][PASSED] - Object 'Object Repository/RAD_Pages/Summary_Page/button_Proceed to Payment' is visible

2024-11-12 16:35:12 - [TEST_STEP][PASSED] - resText = "Pass": null

2024-11-12 16:35:12 - [TEST_STEP][PASSED] - pages.WriteExcel.demoKey(resText, datText, resColumn, datCloumn, fileLoc, nameSheet, row): pages.WriteExcel.demoKey is PASSED

2024-11-12 16:35:12 - [MESSAGE][PASSED] - pages.WriteExcel.demoKey is PASSED

2024-11-12 16:35:12 - [TEST_STEP][PASSED] - click(findTestObject(orPath_Summary + "/button_Proceed to Payment")): Object: 'Object Repository/RAD_Pages/Summary_Page/button_Proceed to Payment' is clicked on

2024-11-12 16:35:15 - [MESSAGE][PASSED] - Object: 'Object Repository/RAD_Pages/Summary_Page/button_Proceed to Payment' is clicked on

2024-11-12 16:35:15 - [TEST_STEP][PASSED] - verifyElementPresent(findTestObject("Object Repository/RAD_Pages/PaymentEntry_Page/input__billingName"), 30): Object 'Object Repository/RAD_Pages/PaymentEntry_Page/input__billingName' is present

2024-11-12 16:35:16 - [MESSAGE][PASSED] - Object 'Object Repository/RAD_Pages/PaymentEntry_Page/input__billingName' is present

2024-11-12 16:35:16 - [TEST_STEP][PASSED] - ExecuteTC = findTestData(dataFile).getValue("Execute", row): null

2024-11-12 16:35:16 - [TEST_STEP][PASSED] - TaxType = findTestData(dataFile).getValue("TaxType", row): null

2024-11-12 16:35:16 - [TEST_STEP][PASSED] - PaymentType = findTestData(dataFile).getValue("PaymentType", row): null

2024-11-12 16:35:16 - [TEST_STEP][PASSED] - FilingYear = findTestData(dataFile).getValue("Year", row): null

2024-11-12 16:35:16 - [TEST_STEP][PASSED] - feinSSN = findTestData(dataFile).getValue("FeinSsn", row): null

2024-11-12 16:35:16 - [TEST_STEP][PASSED] - CRN = findTestData(dataFile).getValue("CRN", row): null

2024-11-12 16:35:16 - [TEST_STEP][PASSED] - month = findTestData(dataFile).getValue("Month", row): null

2024-11-12 16:35:16 - [TEST_STEP][PASSED] - MFLicNum = findTestData(dataFile).getValue("MFLicNum", row): null

2024-11-12 16:35:16 - [TEST_STEP][PASSED] - if (ExecuteTC.equalsIgnoreCase("Y")): Object 'Object Repository/RAD_Pages/PaymentEntry_Page/input__billingName' is present

2024-11-12 16:35:16 - [TEST_STEP][PASSED] - out.println("Begin Record Number: " + row): null

2024-11-12 16:35:16 - [TEST_STEP][PASSED] - today = new java.util.Date(): null

2024-11-12 16:35:16 - [TEST_STEP][PASSED] - println(today): null

2024-11-12 16:35:16 - [TEST_STEP][PASSED] - datText = today: null

2024-11-12 16:35:16 - [TEST_STEP][PASSED] - logInfo("Payment Type: New Tax Return Amount Due"): Payment Type: New Tax Return Amount Due

2024-11-12 16:35:16 - [MESSAGE][INFO] - Payment Type: New Tax Return Amount Due

2024-11-12 16:35:16 - [TEST_STEP][PASSED] - logInfo("Tax Type: " + TaxType): Tax Type: Slots License Fee

2024-11-12 16:35:16 - [MESSAGE][INFO] - Tax Type: Slots License Fee

2024-11-12 16:35:16 - [TEST_STEP][PASSED] - openBrowser(""): Browser is opened with url: ''

2024-11-12 16:35:16 - [MESSAGE][WARNING] - A browser is already opened. Closing browser and opening a new one

2024-11-12 16:35:17 - [MESSAGE][INFO] - Starting 'Chrome' driver

2024-11-12 16:35:17 - [MESSAGE][INFO] - User set preference: ['acceptInsecureCerts', 'true']

2024-11-12 16:35:17 - [MESSAGE][INFO] - Action delay is set to 0 milliseconds

2024-11-12 16:35:19 - [MESSAGE][PASSED] - Browser is opened with url: ''

2024-11-12 16:35:19 - [TEST_STEP][PASSED] - maximizeWindow(): Current window maximized

2024-11-12 16:35:19 - [MESSAGE][PASSED] - Current window maximized

2024-11-12 16:35:19 - [TEST_STEP][PASSED] - navigateToUrl(RADurl): Navigate to 'https://www.velocitypayment.com/client/rad/index.html' successfully

2024-11-12 16:35:21 - [MESSAGE][PASSED] - Navigate to 'https://www.velocitypayment.com/client/rad/index.html' successfully

2024-11-12 16:35:21 - [TEST_STEP][PASSED] - selectOptionByLabel(findTestObject(orPath_Landing + "/dd_TaxType"), "New Tax Return Amount Due", false): All options with label 'New Tax Return Amount Due' are selected in object 'Object Repository/RAD_Pages/Landing_Page/dd_TaxType' 

2024-11-12 16:35:21 - [MESSAGE][PASSED] - All options with label 'New Tax Return Amount Due' are selected in object 'Object Repository/RAD_Pages/Landing_Page/dd_TaxType' 

2024-11-12 16:35:21 - [TEST_STEP][PASSED] - selectOptionByLabel(findTestObject("Object Repository/RAD_Pages/Landing_Page/select_NewTaxReturnAmountDue_TaxType"), TaxType, false): All options with label 'Slots License Fee' are selected in object 'Object Repository/RAD_Pages/Landing_Page/select_NewTaxReturnAmountDue_TaxType' 

2024-11-12 16:35:22 - [MESSAGE][PASSED] - All options with label 'Slots License Fee' are selected in object 'Object Repository/RAD_Pages/Landing_Page/select_NewTaxReturnAmountDue_TaxType' 

2024-11-12 16:35:22 - [TEST_STEP][PASSED] - selectOptionByLabel(findTestObject(orPath_TaxTypeFilingYear + "/select_FilingYear"), FilingYear, false): All options with label '2023' are selected in object 'Object Repository/RAD_Pages/TaxTypeFilingYear_Page/select_FilingYear' 

2024-11-12 16:35:23 - [MESSAGE][PASSED] - All options with label '2023' are selected in object 'Object Repository/RAD_Pages/TaxTypeFilingYear_Page/select_FilingYear' 

2024-11-12 16:35:23 - [TEST_STEP][PASSED] - if (month.trim()): null

2024-11-12 16:35:23 - [TEST_STEP][PASSED] - rad.getSetDataRAD.setDataRADBusinessName(): rad.getSetDataRAD.setDataRADBusinessName is PASSED

2024-11-12 16:35:24 - [MESSAGE][PASSED] - Text 'My Company' is set on object 'Object Repository/RAD_Pages/Taxpayer_Page/input_businessName'

2024-11-12 16:35:24 - [MESSAGE][PASSED] - rad.getSetDataRAD.setDataRADBusinessName is PASSED

2024-11-12 16:35:24 - [TEST_STEP][PASSED] - rad.getSetDataRAD.setDataRADBusinessRep(): rad.getSetDataRAD.setDataRADBusinessRep is PASSED

2024-11-12 16:35:24 - [MESSAGE][PASSED] - Text 'BusRepFname' is set on object 'Object Repository/RAD_Pages/Taxpayer_Page/input_BusinessRepfirstName'

2024-11-12 16:35:25 - [MESSAGE][PASSED] - Text '' is set on object 'Object Repository/RAD_Pages/Taxpayer_Page/input_BusinessRepmiddleName'

2024-11-12 16:35:26 - [MESSAGE][PASSED] - Text 'BusRepLname' is set on object 'Object Repository/RAD_Pages/Taxpayer_Page/input_BusinessReplastName'

2024-11-12 16:35:27 - [MESSAGE][PASSED] - Text '' is set on object 'Object Repository/RAD_Pages/Taxpayer_Page/input_BusinessRepsuffix'

2024-11-12 16:35:27 - [MESSAGE][PASSED] - rad.getSetDataRAD.setDataRADBusinessRep is PASSED

2024-11-12 16:35:27 - [TEST_STEP][PASSED] - rad.getSetDataRAD.setDataRADAddress(): rad.getSetDataRAD.setDataRADAddress is PASSED

2024-11-12 16:35:27 - [MESSAGE][PASSED] - All options with label 'United States' are selected in object 'Object Repository/RAD_Pages/AddressAndContactInfo_Page/select_Country' 

2024-11-12 16:35:28 - [MESSAGE][PASSED] - Text '2508 Mandan Terrace' is set on object 'Object Repository/RAD_Pages/AddressAndContactInfo_Page/input_streetAddress1'

2024-11-12 16:35:29 - [MESSAGE][PASSED] - Text '' is set on object 'Object Repository/RAD_Pages/AddressAndContactInfo_Page/input_streetAddress2'

2024-11-12 16:35:29 - [MESSAGE][PASSED] - Text 'Gambrills' is set on object 'Object Repository/RAD_Pages/AddressAndContactInfo_Page/input_city'

2024-11-12 16:35:30 - [MESSAGE][PASSED] - All options with label 'Maryland' are selected in object 'Object Repository/RAD_Pages/AddressAndContactInfo_Page/select_State' 

2024-11-12 16:35:31 - [MESSAGE][PASSED] - Text '21054' is set on object 'Object Repository/RAD_Pages/AddressAndContactInfo_Page/input_zipCode'

2024-11-12 16:35:32 - [MESSAGE][PASSED] - Text '(703) 894-5000' is set on object 'Object Repository/RAD_Pages/AddressAndContactInfo_Page/input_phoneNumber'

2024-11-12 16:35:33 - [MESSAGE][PASSED] - Text 'iahmed@govolution.com' is set on object 'Object Repository/RAD_Pages/AddressAndContactInfo_Page/input_eMailAddress'

2024-11-12 16:35:33 - [MESSAGE][PASSED] - Text 'iahmed@govolution.com' is set on object 'Object Repository/RAD_Pages/AddressAndContactInfo_Page/input_reEnterEMailAddress'

2024-11-12 16:35:33 - [MESSAGE][PASSED] - rad.getSetDataRAD.setDataRADAddress is PASSED

2024-11-12 16:35:33 - [TEST_STEP][PASSED] - if (feinSSN.equalsIgnoreCase("Y")): null

2024-11-12 16:35:33 - [TEST_STEP][PASSED] - else: Text ****** has been set on object 'Object Repository/RAD_Pages/TaxInfo_Page/input_FederalEIN_ReEnter'

2024-11-12 16:35:33 - [TEST_STEP][PASSED] - if (!(TaxType.equalsIgnoreCase("Estate Tax"))): Text ****** has been set on object 'Object Repository/RAD_Pages/TaxInfo_Page/input_FederalEIN_ReEnter'

2024-11-12 16:35:33 - [TEST_STEP][PASSED] - setEncryptedText(findTestObject(orPath_TaxInfo + "/input_FederalEIN"), "yXB7JMCbD3QoFF75EQd3iw=="): Text ****** has been set on object 'Object Repository/RAD_Pages/TaxInfo_Page/input_FederalEIN'

2024-11-12 16:35:34 - [MESSAGE][PASSED] - Text ****** has been set on object 'Object Repository/RAD_Pages/TaxInfo_Page/input_FederalEIN'

2024-11-12 16:35:34 - [TEST_STEP][PASSED] - setEncryptedText(findTestObject(orPath_TaxInfo + "/input_FederalEIN_ReEnter"), "yXB7JMCbD3QoFF75EQd3iw=="): Text ****** has been set on object 'Object Repository/RAD_Pages/TaxInfo_Page/input_FederalEIN_ReEnter'

2024-11-12 16:35:35 - [MESSAGE][PASSED] - Text ****** has been set on object 'Object Repository/RAD_Pages/TaxInfo_Page/input_FederalEIN_ReEnter'

2024-11-12 16:35:35 - [TEST_STEP][PASSED] - if (CRN.equalsIgnoreCase("Y")): rad.getSetDataRAD.setDataRADMDCRN is PASSED

2024-11-12 16:35:35 - [TEST_STEP][PASSED] - rad.getSetDataRAD.setDataRADMDCRN(): rad.getSetDataRAD.setDataRADMDCRN is PASSED

2024-11-12 16:35:36 - [MESSAGE][PASSED] - Text '07640126' is set on object 'Object Repository/RAD_Pages/TaxInfo_Page/input_MDCRegistration'

2024-11-12 16:35:36 - [MESSAGE][PASSED] - rad.getSetDataRAD.setDataRADMDCRN is PASSED

2024-11-12 16:35:36 - [TEST_STEP][PASSED] - if (MFLicNum.equalsIgnoreCase("Y")): null

2024-11-12 16:35:36 - [TEST_STEP][PASSED] - if (TaxType.equalsIgnoreCase("Estate Tax")): null

2024-11-12 16:35:36 - [TEST_STEP][PASSED] - setText(findTestObject(orPath_Amount + "/input__paymentAmount"), "100.00"): Text '100.00' is set on object 'Object Repository/RAD_Pages/PaymentAmount_Page/input__paymentAmount'

2024-11-12 16:35:37 - [MESSAGE][PASSED] - Text '100.00' is set on object 'Object Repository/RAD_Pages/PaymentAmount_Page/input__paymentAmount'

2024-11-12 16:35:37 - [TEST_STEP][PASSED] - setText(findTestObject(orPath_AddressContact + "/input_streetAddress2"), ""): Text '' is set on object 'Object Repository/RAD_Pages/AddressAndContactInfo_Page/input_streetAddress2'

2024-11-12 16:35:38 - [MESSAGE][PASSED] - Text '' is set on object 'Object Repository/RAD_Pages/AddressAndContactInfo_Page/input_streetAddress2'

2024-11-12 16:35:38 - [TEST_STEP][PASSED] - scrollToElement(findTestObject(orPath_Landing + "/button_Continue"), 3): Scroll to object 'Object Repository/RAD_Pages/Landing_Page/button_Continue' successfully

2024-11-12 16:35:38 - [MESSAGE][PASSED] - Scroll to object 'Object Repository/RAD_Pages/Landing_Page/button_Continue' successfully

2024-11-12 16:35:38 - [TEST_STEP][PASSED] - waitForElementClickable(findTestObject(orPath_Landing + "/button_Continue"), 5): Object 'Object Repository/RAD_Pages/Landing_Page/button_Continue' is clickable

2024-11-12 16:35:39 - [MESSAGE][PASSED] - Object 'Object Repository/RAD_Pages/Landing_Page/button_Continue' is clickable

2024-11-12 16:35:39 - [TEST_STEP][PASSED] - click(findTestObject(orPath_Landing + "/button_Continue")): Object: 'Object Repository/RAD_Pages/Landing_Page/button_Continue' is clicked on

2024-11-12 16:35:39 - [MESSAGE][PASSED] - Object: 'Object Repository/RAD_Pages/Landing_Page/button_Continue' is clicked on

2024-11-12 16:35:39 - [TEST_STEP][PASSED] - delay(2): Delayed 2 second(s)

2024-11-12 16:35:41 - [MESSAGE][PASSED] - Delayed 2 second(s)

2024-11-12 16:35:41 - [TEST_STEP][PASSED] - verifyTextPresent("Summary", true): Text 'Summary' is present on page  using regular expression

2024-11-12 16:35:41 - [MESSAGE][PASSED] - Text 'Summary' is present on page  using regular expression

2024-11-12 16:35:41 - [TEST_STEP][PASSED] - verifyTextPresent("Review the information below and make any necessary corrections by clicking the", true): Text 'Review the information below and make any necessary corrections by clicking the' is present on page  using regular expression

2024-11-12 16:35:42 - [MESSAGE][PASSED] - Text 'Review the information below and make any necessary corrections by clicking the' is present on page  using regular expression

2024-11-12 16:35:42 - [TEST_STEP][PASSED] - verifyTextPresent("When you are confident that all the information is correct, click the", true): Text 'When you are confident that all the information is correct, click the' is present on page  using regular expression

2024-11-12 16:35:42 - [MESSAGE][PASSED] - Text 'When you are confident that all the information is correct, click the' is present on page  using regular expression

2024-11-12 16:35:42 - [TEST_STEP][PASSED] - verifyTextPresent("Payment Type/Filing Year", true): Text 'Payment Type/Filing Year' is present on page  using regular expression

2024-11-12 16:35:42 - [MESSAGE][PASSED] - Text 'Payment Type/Filing Year' is present on page  using regular expression

2024-11-12 16:35:42 - [TEST_STEP][PASSED] - verifyTextPresent("Payment Type:", true): Text 'Payment Type:' is present on page  using regular expression

2024-11-12 16:35:43 - [MESSAGE][PASSED] - Text 'Payment Type:' is present on page  using regular expression

2024-11-12 16:35:43 - [TEST_STEP][PASSED] - verifyTextPresent("New Tax Return Amount Due", true): Text 'New Tax Return Amount Due' is present on page  using regular expression

2024-11-12 16:35:43 - [MESSAGE][PASSED] - Text 'New Tax Return Amount Due' is present on page  using regular expression

2024-11-12 16:35:43 - [TEST_STEP][PASSED] - verifyTextPresent("Filing Year:", true): Text 'Filing Year:' is present on page  using regular expression

2024-11-12 16:35:43 - [MESSAGE][PASSED] - Text 'Filing Year:' is present on page  using regular expression

2024-11-12 16:35:43 - [TEST_STEP][PASSED] - verifyTextPresent(FilingYear, true): Text '2023' is present on page  using regular expression

2024-11-12 16:35:44 - [MESSAGE][PASSED] - Text '2023' is present on page  using regular expression

2024-11-12 16:35:44 - [TEST_STEP][PASSED] - verifyTextPresent("Payer Information", true): Text 'Payer Information' is present on page  using regular expression

2024-11-12 16:35:44 - [MESSAGE][PASSED] - Text 'Payer Information' is present on page  using regular expression

2024-11-12 16:35:44 - [TEST_STEP][PASSED] - verifyTextPresent("Taxpayer Name:", true): Text 'Taxpayer Name:' is present on page  using regular expression

2024-11-12 16:35:44 - [MESSAGE][PASSED] - Text 'Taxpayer Name:' is present on page  using regular expression

2024-11-12 16:35:44 - [TEST_STEP][PASSED] - verifyTextPresent("My Company", true): Text 'My Company' is present on page  using regular expression

2024-11-12 16:35:45 - [MESSAGE][PASSED] - Text 'My Company' is present on page  using regular expression

2024-11-12 16:35:45 - [TEST_STEP][PASSED] - verifyTextPresent("Business Rep Name:", true): Text 'Business Rep Name:' is present on page  using regular expression

2024-11-12 16:35:45 - [MESSAGE][PASSED] - Text 'Business Rep Name:' is present on page  using regular expression

2024-11-12 16:35:45 - [TEST_STEP][PASSED] - verifyTextPresent("BusRepFname BusRepLname", true): Text 'BusRepFname BusRepLname' is present on page  using regular expression

2024-11-12 16:35:45 - [MESSAGE][PASSED] - Text 'BusRepFname BusRepLname' is present on page  using regular expression

2024-11-12 16:35:45 - [TEST_STEP][PASSED] - verifyTextPresent("Taxpayer Address:", true): Text 'Taxpayer Address:' is present on page  using regular expression

2024-11-12 16:35:46 - [MESSAGE][PASSED] - Text 'Taxpayer Address:' is present on page  using regular expression

2024-11-12 16:35:46 - [TEST_STEP][PASSED] - verifyTextPresent("2508 Mandan Terrace Gambrills Maryland 21054", true): Text '2508 Mandan Terrace Gambrills Maryland 21054' is present on page  using regular expression

2024-11-12 16:35:46 - [MESSAGE][PASSED] - Text '2508 Mandan Terrace Gambrills Maryland 21054' is present on page  using regular expression

2024-11-12 16:35:46 - [TEST_STEP][PASSED] - verifyTextPresent("Email:", true): Text 'Email:' is present on page  using regular expression

2024-11-12 16:35:46 - [MESSAGE][PASSED] - Text 'Email:' is present on page  using regular expression

2024-11-12 16:35:46 - [TEST_STEP][PASSED] - verifyTextPresent("iahmed@govolution.com", true): Text 'iahmed@govolution.com' is present on page  using regular expression

2024-11-12 16:35:47 - [MESSAGE][PASSED] - Text 'iahmed@govolution.com' is present on page  using regular expression

2024-11-12 16:35:47 - [TEST_STEP][PASSED] - verifyTextPresent("Phone:", true): Text 'Phone:' is present on page  using regular expression

2024-11-12 16:35:47 - [MESSAGE][PASSED] - Text 'Phone:' is present on page  using regular expression

2024-11-12 16:35:47 - [TEST_STEP][PASSED] - verifyTextPresent("(703) 894-5000", false): Text '(703) 894-5000' is present on page 

2024-11-12 16:35:47 - [MESSAGE][PASSED] - Text '(703) 894-5000' is present on page 

2024-11-12 16:35:47 - [TEST_STEP][PASSED] - verifyTextPresent("Tax Information", true): Text 'Tax Information' is present on page  using regular expression

2024-11-12 16:35:48 - [MESSAGE][PASSED] - Text 'Tax Information' is present on page  using regular expression

2024-11-12 16:35:48 - [TEST_STEP][PASSED] - verifyTextNotPresent("Notice Number", true): Text 'Notice Number' is not present on page using regular expression

2024-11-12 16:35:48 - [MESSAGE][PASSED] - Text 'Notice Number' is not present on page using regular expression

2024-11-12 16:35:48 - [TEST_STEP][PASSED] - if (month.trim()): null

2024-11-12 16:35:48 - [TEST_STEP][PASSED] - else: Text 'Period Ending' is not present on page using regular expression

2024-11-12 16:35:48 - [TEST_STEP][PASSED] - verifyTextNotPresent("Period Ending", true): Text 'Period Ending' is not present on page using regular expression

2024-11-12 16:35:48 - [MESSAGE][PASSED] - Text 'Period Ending' is not present on page using regular expression

2024-11-12 16:35:48 - [TEST_STEP][PASSED] - if (feinSSN.equalsIgnoreCase("Y")): null

2024-11-12 16:35:48 - [TEST_STEP][PASSED] - else: Text 'XXXXXXX87' is present on page  using regular expression

2024-11-12 16:35:48 - [TEST_STEP][PASSED] - if (!(TaxType.equalsIgnoreCase("Estate Tax"))): Text 'XXXXXXX87' is present on page  using regular expression

2024-11-12 16:35:48 - [TEST_STEP][PASSED] - verifyTextPresent("Federal EIN:", true): Text 'Federal EIN:' is present on page  using regular expression

2024-11-12 16:35:49 - [MESSAGE][PASSED] - Text 'Federal EIN:' is present on page  using regular expression

2024-11-12 16:35:49 - [TEST_STEP][PASSED] - verifyTextNotPresent("FEIN/SSN:", true): Text 'FEIN/SSN:' is not present on page using regular expression

2024-11-12 16:35:49 - [MESSAGE][PASSED] - Text 'FEIN/SSN:' is not present on page using regular expression

2024-11-12 16:35:49 - [TEST_STEP][PASSED] - verifyTextPresent("XXXXXXX87", true): Text 'XXXXXXX87' is present on page  using regular expression

2024-11-12 16:35:49 - [MESSAGE][PASSED] - Text 'XXXXXXX87' is present on page  using regular expression

2024-11-12 16:35:49 - [TEST_STEP][PASSED] - if (TaxType.equalsIgnoreCase("Estate Tax")): null

2024-11-12 16:35:49 - [TEST_STEP][PASSED] - if (CRN.equalsIgnoreCase("Y")): Text '07640126' is present on page  using regular expression

2024-11-12 16:35:49 - [TEST_STEP][PASSED] - verifyTextPresent("MD Central Registration Number#:", true): Text 'MD Central Registration Number#:' is present on page  using regular expression

2024-11-12 16:35:50 - [MESSAGE][PASSED] - Text 'MD Central Registration Number#:' is present on page  using regular expression

2024-11-12 16:35:50 - [TEST_STEP][PASSED] - verifyTextPresent("07640126", true): Text '07640126' is present on page  using regular expression

2024-11-12 16:35:50 - [MESSAGE][PASSED] - Text '07640126' is present on page  using regular expression

2024-11-12 16:35:50 - [TEST_STEP][PASSED] - if (MFLicNum.equalsIgnoreCase("Y")): null

2024-11-12 16:35:50 - [TEST_STEP][PASSED] - else: Text 'Motor Fuel License Number#:' is not present on page using regular expression

2024-11-12 16:35:50 - [TEST_STEP][PASSED] - verifyTextNotPresent("Motor Fuel License Number#:", true): Text 'Motor Fuel License Number#:' is not present on page using regular expression

2024-11-12 16:35:50 - [MESSAGE][PASSED] - Text 'Motor Fuel License Number#:' is not present on page using regular expression

2024-11-12 16:35:50 - [TEST_STEP][PASSED] - verifyTextPresent("Payment Amount:", true): Text 'Payment Amount:' is present on page  using regular expression

2024-11-12 16:35:51 - [MESSAGE][PASSED] - Text 'Payment Amount:' is present on page  using regular expression

2024-11-12 16:35:51 - [TEST_STEP][PASSED] - verifyTextPresent("100.00", true): Text '100.00' is present on page  using regular expression

2024-11-12 16:35:51 - [MESSAGE][PASSED] - Text '100.00' is present on page  using regular expression

2024-11-12 16:35:51 - [TEST_STEP][PASSED] - if (verifyElementVisible(findTestObject(orPath_Summary + "/button_Proceed to Payment"))): null

2024-11-12 16:35:51 - [MESSAGE][PASSED] - Object 'Object Repository/RAD_Pages/Summary_Page/button_Proceed to Payment' is visible

2024-11-12 16:35:51 - [TEST_STEP][PASSED] - resText = "Pass": null

2024-11-12 16:35:51 - [TEST_STEP][PASSED] - pages.WriteExcel.demoKey(resText, datText, resColumn, datCloumn, fileLoc, nameSheet, row): pages.WriteExcel.demoKey is PASSED

2024-11-12 16:35:51 - [MESSAGE][PASSED] - pages.WriteExcel.demoKey is PASSED

2024-11-12 16:35:51 - [TEST_STEP][PASSED] - click(findTestObject(orPath_Summary + "/button_Proceed to Payment")): Object: 'Object Repository/RAD_Pages/Summary_Page/button_Proceed to Payment' is clicked on

2024-11-12 16:35:54 - [MESSAGE][PASSED] - Object: 'Object Repository/RAD_Pages/Summary_Page/button_Proceed to Payment' is clicked on

2024-11-12 16:35:54 - [TEST_STEP][PASSED] - verifyElementPresent(findTestObject("Object Repository/RAD_Pages/PaymentEntry_Page/input__billingName"), 30): Object 'Object Repository/RAD_Pages/PaymentEntry_Page/input__billingName' is present

2024-11-12 16:35:55 - [MESSAGE][PASSED] - Object 'Object Repository/RAD_Pages/PaymentEntry_Page/input__billingName' is present

2024-11-12 16:35:55 - [TEST_STEP][PASSED] - ExecuteTC = findTestData(dataFile).getValue("Execute", row): null

2024-11-12 16:35:55 - [TEST_STEP][PASSED] - TaxType = findTestData(dataFile).getValue("TaxType", row): null

2024-11-12 16:35:55 - [TEST_STEP][PASSED] - PaymentType = findTestData(dataFile).getValue("PaymentType", row): null

2024-11-12 16:35:55 - [TEST_STEP][PASSED] - FilingYear = findTestData(dataFile).getValue("Year", row): null

2024-11-12 16:35:55 - [TEST_STEP][PASSED] - feinSSN = findTestData(dataFile).getValue("FeinSsn", row): null

2024-11-12 16:35:55 - [TEST_STEP][PASSED] - CRN = findTestData(dataFile).getValue("CRN", row): null

2024-11-12 16:35:55 - [TEST_STEP][PASSED] - month = findTestData(dataFile).getValue("Month", row): null

2024-11-12 16:35:55 - [TEST_STEP][PASSED] - MFLicNum = findTestData(dataFile).getValue("MFLicNum", row): null

2024-11-12 16:35:55 - [TEST_STEP][PASSED] - if (ExecuteTC.equalsIgnoreCase("Y")): Object 'Object Repository/RAD_Pages/PaymentEntry_Page/input__billingName' is present

2024-11-12 16:35:55 - [TEST_STEP][PASSED] - out.println("Begin Record Number: " + row): null

2024-11-12 16:35:55 - [TEST_STEP][PASSED] - today = new java.util.Date(): null

2024-11-12 16:35:55 - [TEST_STEP][PASSED] - println(today): null

2024-11-12 16:35:55 - [TEST_STEP][PASSED] - datText = today: null

2024-11-12 16:35:55 - [TEST_STEP][PASSED] - logInfo("Payment Type: New Tax Return Amount Due"): Payment Type: New Tax Return Amount Due

2024-11-12 16:35:55 - [MESSAGE][INFO] - Payment Type: New Tax Return Amount Due

2024-11-12 16:35:55 - [TEST_STEP][PASSED] - logInfo("Tax Type: " + TaxType): Tax Type: Tire Recycling Fee

2024-11-12 16:35:55 - [MESSAGE][INFO] - Tax Type: Tire Recycling Fee

2024-11-12 16:35:55 - [TEST_STEP][PASSED] - openBrowser(""): Browser is opened with url: ''

2024-11-12 16:35:55 - [MESSAGE][WARNING] - A browser is already opened. Closing browser and opening a new one

2024-11-12 16:35:57 - [MESSAGE][INFO] - Starting 'Chrome' driver

2024-11-12 16:35:57 - [MESSAGE][INFO] - User set preference: ['acceptInsecureCerts', 'true']

2024-11-12 16:35:57 - [MESSAGE][INFO] - Action delay is set to 0 milliseconds

2024-11-12 16:35:58 - [MESSAGE][PASSED] - Browser is opened with url: ''

2024-11-12 16:35:58 - [TEST_STEP][PASSED] - maximizeWindow(): Current window maximized

2024-11-12 16:35:58 - [MESSAGE][PASSED] - Current window maximized

2024-11-12 16:35:58 - [TEST_STEP][PASSED] - navigateToUrl(RADurl): Navigate to 'https://www.velocitypayment.com/client/rad/index.html' successfully

2024-11-12 16:35:59 - [MESSAGE][PASSED] - Navigate to 'https://www.velocitypayment.com/client/rad/index.html' successfully

2024-11-12 16:35:59 - [TEST_STEP][PASSED] - selectOptionByLabel(findTestObject(orPath_Landing + "/dd_TaxType"), "New Tax Return Amount Due", false): All options with label 'New Tax Return Amount Due' are selected in object 'Object Repository/RAD_Pages/Landing_Page/dd_TaxType' 

2024-11-12 16:36:01 - [MESSAGE][PASSED] - All options with label 'New Tax Return Amount Due' are selected in object 'Object Repository/RAD_Pages/Landing_Page/dd_TaxType' 

2024-11-12 16:36:01 - [TEST_STEP][PASSED] - selectOptionByLabel(findTestObject("Object Repository/RAD_Pages/Landing_Page/select_NewTaxReturnAmountDue_TaxType"), TaxType, false): All options with label 'Tire Recycling Fee' are selected in object 'Object Repository/RAD_Pages/Landing_Page/select_NewTaxReturnAmountDue_TaxType' 

2024-11-12 16:36:01 - [MESSAGE][PASSED] - All options with label 'Tire Recycling Fee' are selected in object 'Object Repository/RAD_Pages/Landing_Page/select_NewTaxReturnAmountDue_TaxType' 

2024-11-12 16:36:01 - [TEST_STEP][PASSED] - selectOptionByLabel(findTestObject(orPath_TaxTypeFilingYear + "/select_FilingYear"), FilingYear, false): All options with label '2023' are selected in object 'Object Repository/RAD_Pages/TaxTypeFilingYear_Page/select_FilingYear' 

2024-11-12 16:36:02 - [MESSAGE][PASSED] - All options with label '2023' are selected in object 'Object Repository/RAD_Pages/TaxTypeFilingYear_Page/select_FilingYear' 

2024-11-12 16:36:02 - [TEST_STEP][PASSED] - if (month.trim()): All options with label 'November' are selected in object 'Object Repository/RAD_Pages/TaxTypeFilingYear_Page/select_PeriodEnding' 

2024-11-12 16:36:02 - [TEST_STEP][PASSED] - selectOptionByLabel(findTestObject(orPath_TaxTypeFilingYear + "/select_PeriodEnding"), month, false): All options with label 'November' are selected in object 'Object Repository/RAD_Pages/TaxTypeFilingYear_Page/select_PeriodEnding' 

2024-11-12 16:36:03 - [MESSAGE][PASSED] - All options with label 'November' are selected in object 'Object Repository/RAD_Pages/TaxTypeFilingYear_Page/select_PeriodEnding' 

2024-11-12 16:36:03 - [TEST_STEP][PASSED] - rad.getSetDataRAD.setDataRADBusinessName(): rad.getSetDataRAD.setDataRADBusinessName is PASSED

2024-11-12 16:36:04 - [MESSAGE][PASSED] - Text 'My Company' is set on object 'Object Repository/RAD_Pages/Taxpayer_Page/input_businessName'

2024-11-12 16:36:04 - [MESSAGE][PASSED] - rad.getSetDataRAD.setDataRADBusinessName is PASSED

2024-11-12 16:36:04 - [TEST_STEP][PASSED] - rad.getSetDataRAD.setDataRADBusinessRep(): rad.getSetDataRAD.setDataRADBusinessRep is PASSED

2024-11-12 16:36:04 - [MESSAGE][PASSED] - Text 'BusRepFname' is set on object 'Object Repository/RAD_Pages/Taxpayer_Page/input_BusinessRepfirstName'

2024-11-12 16:36:05 - [MESSAGE][PASSED] - Text '' is set on object 'Object Repository/RAD_Pages/Taxpayer_Page/input_BusinessRepmiddleName'

2024-11-12 16:36:06 - [MESSAGE][PASSED] - Text 'BusRepLname' is set on object 'Object Repository/RAD_Pages/Taxpayer_Page/input_BusinessReplastName'

2024-11-12 16:36:07 - [MESSAGE][PASSED] - Text '' is set on object 'Object Repository/RAD_Pages/Taxpayer_Page/input_BusinessRepsuffix'

2024-11-12 16:36:07 - [MESSAGE][PASSED] - rad.getSetDataRAD.setDataRADBusinessRep is PASSED

2024-11-12 16:36:07 - [TEST_STEP][PASSED] - rad.getSetDataRAD.setDataRADAddress(): rad.getSetDataRAD.setDataRADAddress is PASSED

2024-11-12 16:36:07 - [MESSAGE][PASSED] - All options with label 'United States' are selected in object 'Object Repository/RAD_Pages/AddressAndContactInfo_Page/select_Country' 

2024-11-12 16:36:08 - [MESSAGE][PASSED] - Text '2508 Mandan Terrace' is set on object 'Object Repository/RAD_Pages/AddressAndContactInfo_Page/input_streetAddress1'

2024-11-12 16:36:09 - [MESSAGE][PASSED] - Text '' is set on object 'Object Repository/RAD_Pages/AddressAndContactInfo_Page/input_streetAddress2'

2024-11-12 16:36:10 - [MESSAGE][PASSED] - Text 'Gambrills' is set on object 'Object Repository/RAD_Pages/AddressAndContactInfo_Page/input_city'

2024-11-12 16:36:11 - [MESSAGE][PASSED] - All options with label 'Maryland' are selected in object 'Object Repository/RAD_Pages/AddressAndContactInfo_Page/select_State' 

2024-11-12 16:36:12 - [MESSAGE][PASSED] - Text '21054' is set on object 'Object Repository/RAD_Pages/AddressAndContactInfo_Page/input_zipCode'

2024-11-12 16:36:12 - [MESSAGE][PASSED] - Text '(703) 894-5000' is set on object 'Object Repository/RAD_Pages/AddressAndContactInfo_Page/input_phoneNumber'

2024-11-12 16:36:13 - [MESSAGE][PASSED] - Text 'iahmed@govolution.com' is set on object 'Object Repository/RAD_Pages/AddressAndContactInfo_Page/input_eMailAddress'

2024-11-12 16:36:14 - [MESSAGE][PASSED] - Text 'iahmed@govolution.com' is set on object 'Object Repository/RAD_Pages/AddressAndContactInfo_Page/input_reEnterEMailAddress'

2024-11-12 16:36:14 - [MESSAGE][PASSED] - rad.getSetDataRAD.setDataRADAddress is PASSED

2024-11-12 16:36:14 - [TEST_STEP][PASSED] - if (feinSSN.equalsIgnoreCase("Y")): null

2024-11-12 16:36:14 - [TEST_STEP][PASSED] - else: Text ****** has been set on object 'Object Repository/RAD_Pages/TaxInfo_Page/input_FederalEIN_ReEnter'

2024-11-12 16:36:14 - [TEST_STEP][PASSED] - if (!(TaxType.equalsIgnoreCase("Estate Tax"))): Text ****** has been set on object 'Object Repository/RAD_Pages/TaxInfo_Page/input_FederalEIN_ReEnter'

2024-11-12 16:36:14 - [TEST_STEP][PASSED] - setEncryptedText(findTestObject(orPath_TaxInfo + "/input_FederalEIN"), "yXB7JMCbD3QoFF75EQd3iw=="): Text ****** has been set on object 'Object Repository/RAD_Pages/TaxInfo_Page/input_FederalEIN'

2024-11-12 16:36:15 - [MESSAGE][PASSED] - Text ****** has been set on object 'Object Repository/RAD_Pages/TaxInfo_Page/input_FederalEIN'

2024-11-12 16:36:15 - [TEST_STEP][PASSED] - setEncryptedText(findTestObject(orPath_TaxInfo + "/input_FederalEIN_ReEnter"), "yXB7JMCbD3QoFF75EQd3iw=="): Text ****** has been set on object 'Object Repository/RAD_Pages/TaxInfo_Page/input_FederalEIN_ReEnter'

2024-11-12 16:36:15 - [MESSAGE][PASSED] - Text ****** has been set on object 'Object Repository/RAD_Pages/TaxInfo_Page/input_FederalEIN_ReEnter'

2024-11-12 16:36:15 - [TEST_STEP][PASSED] - if (CRN.equalsIgnoreCase("Y")): rad.getSetDataRAD.setDataRADMDCRN is PASSED

2024-11-12 16:36:15 - [TEST_STEP][PASSED] - rad.getSetDataRAD.setDataRADMDCRN(): rad.getSetDataRAD.setDataRADMDCRN is PASSED

2024-11-12 16:36:16 - [MESSAGE][PASSED] - Text '07640126' is set on object 'Object Repository/RAD_Pages/TaxInfo_Page/input_MDCRegistration'

2024-11-12 16:36:16 - [MESSAGE][PASSED] - rad.getSetDataRAD.setDataRADMDCRN is PASSED

2024-11-12 16:36:16 - [TEST_STEP][PASSED] - if (MFLicNum.equalsIgnoreCase("Y")): null

2024-11-12 16:36:16 - [TEST_STEP][PASSED] - if (TaxType.equalsIgnoreCase("Estate Tax")): null

2024-11-12 16:36:16 - [TEST_STEP][PASSED] - setText(findTestObject(orPath_Amount + "/input__paymentAmount"), "100.00"): Text '100.00' is set on object 'Object Repository/RAD_Pages/PaymentAmount_Page/input__paymentAmount'

2024-11-12 16:36:17 - [MESSAGE][PASSED] - Text '100.00' is set on object 'Object Repository/RAD_Pages/PaymentAmount_Page/input__paymentAmount'

2024-11-12 16:36:17 - [TEST_STEP][PASSED] - setText(findTestObject(orPath_AddressContact + "/input_streetAddress2"), ""): Text '' is set on object 'Object Repository/RAD_Pages/AddressAndContactInfo_Page/input_streetAddress2'

2024-11-12 16:36:17 - [MESSAGE][PASSED] - Text '' is set on object 'Object Repository/RAD_Pages/AddressAndContactInfo_Page/input_streetAddress2'

2024-11-12 16:36:17 - [TEST_STEP][PASSED] - scrollToElement(findTestObject(orPath_Landing + "/button_Continue"), 3): Scroll to object 'Object Repository/RAD_Pages/Landing_Page/button_Continue' successfully

2024-11-12 16:36:18 - [MESSAGE][PASSED] - Scroll to object 'Object Repository/RAD_Pages/Landing_Page/button_Continue' successfully

2024-11-12 16:36:18 - [TEST_STEP][PASSED] - waitForElementClickable(findTestObject(orPath_Landing + "/button_Continue"), 5): Object 'Object Repository/RAD_Pages/Landing_Page/button_Continue' is clickable

2024-11-12 16:36:18 - [MESSAGE][PASSED] - Object 'Object Repository/RAD_Pages/Landing_Page/button_Continue' is clickable

2024-11-12 16:36:18 - [TEST_STEP][PASSED] - click(findTestObject(orPath_Landing + "/button_Continue")): Object: 'Object Repository/RAD_Pages/Landing_Page/button_Continue' is clicked on

2024-11-12 16:36:18 - [MESSAGE][PASSED] - Object: 'Object Repository/RAD_Pages/Landing_Page/button_Continue' is clicked on

2024-11-12 16:36:18 - [TEST_STEP][PASSED] - delay(2): Delayed 2 second(s)

2024-11-12 16:36:20 - [MESSAGE][PASSED] - Delayed 2 second(s)

2024-11-12 16:36:20 - [TEST_STEP][PASSED] - verifyTextPresent("Summary", true): Text 'Summary' is present on page  using regular expression

2024-11-12 16:36:21 - [MESSAGE][PASSED] - Text 'Summary' is present on page  using regular expression

2024-11-12 16:36:21 - [TEST_STEP][PASSED] - verifyTextPresent("Review the information below and make any necessary corrections by clicking the", true): Text 'Review the information below and make any necessary corrections by clicking the' is present on page  using regular expression

2024-11-12 16:36:21 - [MESSAGE][PASSED] - Text 'Review the information below and make any necessary corrections by clicking the' is present on page  using regular expression

2024-11-12 16:36:21 - [TEST_STEP][PASSED] - verifyTextPresent("When you are confident that all the information is correct, click the", true): Text 'When you are confident that all the information is correct, click the' is present on page  using regular expression

2024-11-12 16:36:21 - [MESSAGE][PASSED] - Text 'When you are confident that all the information is correct, click the' is present on page  using regular expression

2024-11-12 16:36:21 - [TEST_STEP][PASSED] - verifyTextPresent("Payment Type/Filing Year", true): Text 'Payment Type/Filing Year' is present on page  using regular expression

2024-11-12 16:36:22 - [MESSAGE][PASSED] - Text 'Payment Type/Filing Year' is present on page  using regular expression

2024-11-12 16:36:22 - [TEST_STEP][PASSED] - verifyTextPresent("Payment Type:", true): Text 'Payment Type:' is present on page  using regular expression

2024-11-12 16:36:22 - [MESSAGE][PASSED] - Text 'Payment Type:' is present on page  using regular expression

2024-11-12 16:36:22 - [TEST_STEP][PASSED] - verifyTextPresent("New Tax Return Amount Due", true): Text 'New Tax Return Amount Due' is present on page  using regular expression

2024-11-12 16:36:22 - [MESSAGE][PASSED] - Text 'New Tax Return Amount Due' is present on page  using regular expression

2024-11-12 16:36:22 - [TEST_STEP][PASSED] - verifyTextPresent("Filing Year:", true): Text 'Filing Year:' is present on page  using regular expression

2024-11-12 16:36:23 - [MESSAGE][PASSED] - Text 'Filing Year:' is present on page  using regular expression

2024-11-12 16:36:23 - [TEST_STEP][PASSED] - verifyTextPresent(FilingYear, true): Text '2023' is present on page  using regular expression

2024-11-12 16:36:23 - [MESSAGE][PASSED] - Text '2023' is present on page  using regular expression

2024-11-12 16:36:23 - [TEST_STEP][PASSED] - verifyTextPresent("Payer Information", true): Text 'Payer Information' is present on page  using regular expression

2024-11-12 16:36:23 - [MESSAGE][PASSED] - Text 'Payer Information' is present on page  using regular expression

2024-11-12 16:36:23 - [TEST_STEP][PASSED] - verifyTextPresent("Taxpayer Name:", true): Text 'Taxpayer Name:' is present on page  using regular expression

2024-11-12 16:36:24 - [MESSAGE][PASSED] - Text 'Taxpayer Name:' is present on page  using regular expression

2024-11-12 16:36:24 - [TEST_STEP][PASSED] - verifyTextPresent("My Company", true): Text 'My Company' is present on page  using regular expression

2024-11-12 16:36:24 - [MESSAGE][PASSED] - Text 'My Company' is present on page  using regular expression

2024-11-12 16:36:24 - [TEST_STEP][PASSED] - verifyTextPresent("Business Rep Name:", true): Text 'Business Rep Name:' is present on page  using regular expression

2024-11-12 16:36:25 - [MESSAGE][PASSED] - Text 'Business Rep Name:' is present on page  using regular expression

2024-11-12 16:36:25 - [TEST_STEP][PASSED] - verifyTextPresent("BusRepFname BusRepLname", true): Text 'BusRepFname BusRepLname' is present on page  using regular expression

2024-11-12 16:36:25 - [MESSAGE][PASSED] - Text 'BusRepFname BusRepLname' is present on page  using regular expression

2024-11-12 16:36:25 - [TEST_STEP][PASSED] - verifyTextPresent("Taxpayer Address:", true): Text 'Taxpayer Address:' is present on page  using regular expression

2024-11-12 16:36:25 - [MESSAGE][PASSED] - Text 'Taxpayer Address:' is present on page  using regular expression

2024-11-12 16:36:25 - [TEST_STEP][PASSED] - verifyTextPresent("2508 Mandan Terrace Gambrills Maryland 21054", true): Text '2508 Mandan Terrace Gambrills Maryland 21054' is present on page  using regular expression

2024-11-12 16:36:26 - [MESSAGE][PASSED] - Text '2508 Mandan Terrace Gambrills Maryland 21054' is present on page  using regular expression

2024-11-12 16:36:26 - [TEST_STEP][PASSED] - verifyTextPresent("Email:", true): Text 'Email:' is present on page  using regular expression

2024-11-12 16:36:26 - [MESSAGE][PASSED] - Text 'Email:' is present on page  using regular expression

2024-11-12 16:36:26 - [TEST_STEP][PASSED] - verifyTextPresent("iahmed@govolution.com", true): Text 'iahmed@govolution.com' is present on page  using regular expression

2024-11-12 16:36:26 - [MESSAGE][PASSED] - Text 'iahmed@govolution.com' is present on page  using regular expression

2024-11-12 16:36:26 - [TEST_STEP][PASSED] - verifyTextPresent("Phone:", true): Text 'Phone:' is present on page  using regular expression

2024-11-12 16:36:27 - [MESSAGE][PASSED] - Text 'Phone:' is present on page  using regular expression

2024-11-12 16:36:27 - [TEST_STEP][PASSED] - verifyTextPresent("(703) 894-5000", false): Text '(703) 894-5000' is present on page 

2024-11-12 16:36:27 - [MESSAGE][PASSED] - Text '(703) 894-5000' is present on page 

2024-11-12 16:36:27 - [TEST_STEP][PASSED] - verifyTextPresent("Tax Information", true): Text 'Tax Information' is present on page  using regular expression

2024-11-12 16:36:27 - [MESSAGE][PASSED] - Text 'Tax Information' is present on page  using regular expression

2024-11-12 16:36:27 - [TEST_STEP][PASSED] - verifyTextNotPresent("Notice Number", true): Text 'Notice Number' is not present on page using regular expression

2024-11-12 16:36:28 - [MESSAGE][PASSED] - Text 'Notice Number' is not present on page using regular expression

2024-11-12 16:36:28 - [TEST_STEP][PASSED] - if (month.trim()): Text 'November' is present on page  using regular expression

2024-11-12 16:36:28 - [TEST_STEP][PASSED] - verifyTextPresent("Period Ending", true): Text 'Period Ending' is present on page  using regular expression

2024-11-12 16:36:28 - [MESSAGE][PASSED] - Text 'Period Ending' is present on page  using regular expression

2024-11-12 16:36:28 - [TEST_STEP][PASSED] - verifyTextPresent(month, true): Text 'November' is present on page  using regular expression

2024-11-12 16:36:28 - [MESSAGE][PASSED] - Text 'November' is present on page  using regular expression

2024-11-12 16:36:28 - [TEST_STEP][PASSED] - if (feinSSN.equalsIgnoreCase("Y")): null

2024-11-12 16:36:28 - [TEST_STEP][PASSED] - else: Text 'XXXXXXX87' is present on page  using regular expression

2024-11-12 16:36:28 - [TEST_STEP][PASSED] - if (!(TaxType.equalsIgnoreCase("Estate Tax"))): Text 'XXXXXXX87' is present on page  using regular expression

2024-11-12 16:36:28 - [TEST_STEP][PASSED] - verifyTextPresent("Federal EIN:", true): Text 'Federal EIN:' is present on page  using regular expression

2024-11-12 16:36:29 - [MESSAGE][PASSED] - Text 'Federal EIN:' is present on page  using regular expression

2024-11-12 16:36:29 - [TEST_STEP][PASSED] - verifyTextNotPresent("FEIN/SSN:", true): Text 'FEIN/SSN:' is not present on page using regular expression

2024-11-12 16:36:29 - [MESSAGE][PASSED] - Text 'FEIN/SSN:' is not present on page using regular expression

2024-11-12 16:36:29 - [TEST_STEP][PASSED] - verifyTextPresent("XXXXXXX87", true): Text 'XXXXXXX87' is present on page  using regular expression

2024-11-12 16:36:29 - [MESSAGE][PASSED] - Text 'XXXXXXX87' is present on page  using regular expression

2024-11-12 16:36:29 - [TEST_STEP][PASSED] - if (TaxType.equalsIgnoreCase("Estate Tax")): null

2024-11-12 16:36:29 - [TEST_STEP][PASSED] - if (CRN.equalsIgnoreCase("Y")): Text '07640126' is present on page  using regular expression

2024-11-12 16:36:29 - [TEST_STEP][PASSED] - verifyTextPresent("MD Central Registration Number#:", true): Text 'MD Central Registration Number#:' is present on page  using regular expression

2024-11-12 16:36:30 - [MESSAGE][PASSED] - Text 'MD Central Registration Number#:' is present on page  using regular expression

2024-11-12 16:36:30 - [TEST_STEP][PASSED] - verifyTextPresent("07640126", true): Text '07640126' is present on page  using regular expression

2024-11-12 16:36:30 - [MESSAGE][PASSED] - Text '07640126' is present on page  using regular expression

2024-11-12 16:36:30 - [TEST_STEP][PASSED] - if (MFLicNum.equalsIgnoreCase("Y")): null

2024-11-12 16:36:30 - [TEST_STEP][PASSED] - else: Text 'Motor Fuel License Number#:' is not present on page using regular expression

2024-11-12 16:36:30 - [TEST_STEP][PASSED] - verifyTextNotPresent("Motor Fuel License Number#:", true): Text 'Motor Fuel License Number#:' is not present on page using regular expression

2024-11-12 16:36:30 - [MESSAGE][PASSED] - Text 'Motor Fuel License Number#:' is not present on page using regular expression

2024-11-12 16:36:30 - [TEST_STEP][PASSED] - verifyTextPresent("Payment Amount:", true): Text 'Payment Amount:' is present on page  using regular expression

2024-11-12 16:36:31 - [MESSAGE][PASSED] - Text 'Payment Amount:' is present on page  using regular expression

2024-11-12 16:36:31 - [TEST_STEP][PASSED] - verifyTextPresent("100.00", true): Text '100.00' is present on page  using regular expression

2024-11-12 16:36:31 - [MESSAGE][PASSED] - Text '100.00' is present on page  using regular expression

2024-11-12 16:36:31 - [TEST_STEP][PASSED] - if (verifyElementVisible(findTestObject(orPath_Summary + "/button_Proceed to Payment"))): null

2024-11-12 16:36:31 - [MESSAGE][PASSED] - Object 'Object Repository/RAD_Pages/Summary_Page/button_Proceed to Payment' is visible

2024-11-12 16:36:31 - [TEST_STEP][PASSED] - resText = "Pass": null

2024-11-12 16:36:31 - [TEST_STEP][PASSED] - pages.WriteExcel.demoKey(resText, datText, resColumn, datCloumn, fileLoc, nameSheet, row): pages.WriteExcel.demoKey is PASSED

2024-11-12 16:36:31 - [MESSAGE][PASSED] - pages.WriteExcel.demoKey is PASSED

2024-11-12 16:36:31 - [TEST_STEP][PASSED] - click(findTestObject(orPath_Summary + "/button_Proceed to Payment")): Object: 'Object Repository/RAD_Pages/Summary_Page/button_Proceed to Payment' is clicked on

2024-11-12 16:36:35 - [MESSAGE][PASSED] - Object: 'Object Repository/RAD_Pages/Summary_Page/button_Proceed to Payment' is clicked on

2024-11-12 16:36:35 - [TEST_STEP][PASSED] - verifyElementPresent(findTestObject("Object Repository/RAD_Pages/PaymentEntry_Page/input__billingName"), 30): Object 'Object Repository/RAD_Pages/PaymentEntry_Page/input__billingName' is present

2024-11-12 16:36:36 - [MESSAGE][PASSED] - Object 'Object Repository/RAD_Pages/PaymentEntry_Page/input__billingName' is present

2024-11-12 16:36:36 - [TEST_STEP][PASSED] - ExecuteTC = findTestData(dataFile).getValue("Execute", row): null

2024-11-12 16:36:36 - [TEST_STEP][PASSED] - TaxType = findTestData(dataFile).getValue("TaxType", row): null

2024-11-12 16:36:36 - [TEST_STEP][PASSED] - PaymentType = findTestData(dataFile).getValue("PaymentType", row): null

2024-11-12 16:36:36 - [TEST_STEP][PASSED] - FilingYear = findTestData(dataFile).getValue("Year", row): null

2024-11-12 16:36:36 - [TEST_STEP][PASSED] - feinSSN = findTestData(dataFile).getValue("FeinSsn", row): null

2024-11-12 16:36:36 - [TEST_STEP][PASSED] - CRN = findTestData(dataFile).getValue("CRN", row): null

2024-11-12 16:36:36 - [TEST_STEP][PASSED] - month = findTestData(dataFile).getValue("Month", row): null

2024-11-12 16:36:36 - [TEST_STEP][PASSED] - MFLicNum = findTestData(dataFile).getValue("MFLicNum", row): null

2024-11-12 16:36:36 - [TEST_STEP][PASSED] - if (ExecuteTC.equalsIgnoreCase("Y")): Object 'Object Repository/RAD_Pages/PaymentEntry_Page/input__billingName' is present

2024-11-12 16:36:36 - [TEST_STEP][PASSED] - out.println("Begin Record Number: " + row): null

2024-11-12 16:36:36 - [TEST_STEP][PASSED] - today = new java.util.Date(): null

2024-11-12 16:36:36 - [TEST_STEP][PASSED] - println(today): null

2024-11-12 16:36:36 - [TEST_STEP][PASSED] - datText = today: null

2024-11-12 16:36:36 - [TEST_STEP][PASSED] - logInfo("Payment Type: New Tax Return Amount Due"): Payment Type: New Tax Return Amount Due

2024-11-12 16:36:36 - [MESSAGE][INFO] - Payment Type: New Tax Return Amount Due

2024-11-12 16:36:36 - [TEST_STEP][PASSED] - logInfo("Tax Type: " + TaxType): Tax Type: Tobacco Tax

2024-11-12 16:36:36 - [MESSAGE][INFO] - Tax Type: Tobacco Tax

2024-11-12 16:36:36 - [TEST_STEP][PASSED] - openBrowser(""): Browser is opened with url: ''

2024-11-12 16:36:37 - [MESSAGE][WARNING] - A browser is already opened. Closing browser and opening a new one

2024-11-12 16:36:39 - [MESSAGE][INFO] - Starting 'Chrome' driver

2024-11-12 16:36:39 - [MESSAGE][INFO] - User set preference: ['acceptInsecureCerts', 'true']

2024-11-12 16:36:39 - [MESSAGE][INFO] - Action delay is set to 0 milliseconds

2024-11-12 16:36:41 - [MESSAGE][PASSED] - Browser is opened with url: ''

2024-11-12 16:36:41 - [TEST_STEP][PASSED] - maximizeWindow(): Current window maximized

2024-11-12 16:36:41 - [MESSAGE][PASSED] - Current window maximized

2024-11-12 16:36:41 - [TEST_STEP][PASSED] - navigateToUrl(RADurl): Navigate to 'https://www.velocitypayment.com/client/rad/index.html' successfully

2024-11-12 16:36:43 - [MESSAGE][PASSED] - Navigate to 'https://www.velocitypayment.com/client/rad/index.html' successfully

2024-11-12 16:36:43 - [TEST_STEP][PASSED] - selectOptionByLabel(findTestObject(orPath_Landing + "/dd_TaxType"), "New Tax Return Amount Due", false): All options with label 'New Tax Return Amount Due' are selected in object 'Object Repository/RAD_Pages/Landing_Page/dd_TaxType' 

2024-11-12 16:36:44 - [MESSAGE][PASSED] - All options with label 'New Tax Return Amount Due' are selected in object 'Object Repository/RAD_Pages/Landing_Page/dd_TaxType' 

2024-11-12 16:36:44 - [TEST_STEP][PASSED] - selectOptionByLabel(findTestObject("Object Repository/RAD_Pages/Landing_Page/select_NewTaxReturnAmountDue_TaxType"), TaxType, false): All options with label 'Tobacco Tax' are selected in object 'Object Repository/RAD_Pages/Landing_Page/select_NewTaxReturnAmountDue_TaxType' 

2024-11-12 16:36:44 - [MESSAGE][PASSED] - All options with label 'Tobacco Tax' are selected in object 'Object Repository/RAD_Pages/Landing_Page/select_NewTaxReturnAmountDue_TaxType' 

2024-11-12 16:36:44 - [TEST_STEP][PASSED] - selectOptionByLabel(findTestObject(orPath_TaxTypeFilingYear + "/select_FilingYear"), FilingYear, false): All options with label '2023' are selected in object 'Object Repository/RAD_Pages/TaxTypeFilingYear_Page/select_FilingYear' 

2024-11-12 16:36:45 - [MESSAGE][PASSED] - All options with label '2023' are selected in object 'Object Repository/RAD_Pages/TaxTypeFilingYear_Page/select_FilingYear' 

2024-11-12 16:36:45 - [TEST_STEP][PASSED] - if (month.trim()): All options with label 'July' are selected in object 'Object Repository/RAD_Pages/TaxTypeFilingYear_Page/select_PeriodEnding' 

2024-11-12 16:36:45 - [TEST_STEP][PASSED] - selectOptionByLabel(findTestObject(orPath_TaxTypeFilingYear + "/select_PeriodEnding"), month, false): All options with label 'July' are selected in object 'Object Repository/RAD_Pages/TaxTypeFilingYear_Page/select_PeriodEnding' 

2024-11-12 16:36:46 - [MESSAGE][PASSED] - All options with label 'July' are selected in object 'Object Repository/RAD_Pages/TaxTypeFilingYear_Page/select_PeriodEnding' 

2024-11-12 16:36:46 - [TEST_STEP][PASSED] - rad.getSetDataRAD.setDataRADBusinessName(): rad.getSetDataRAD.setDataRADBusinessName is PASSED

2024-11-12 16:36:46 - [MESSAGE][PASSED] - Text 'My Company' is set on object 'Object Repository/RAD_Pages/Taxpayer_Page/input_businessName'

2024-11-12 16:36:46 - [MESSAGE][PASSED] - rad.getSetDataRAD.setDataRADBusinessName is PASSED

2024-11-12 16:36:46 - [TEST_STEP][PASSED] - rad.getSetDataRAD.setDataRADBusinessRep(): rad.getSetDataRAD.setDataRADBusinessRep is PASSED

2024-11-12 16:36:47 - [MESSAGE][PASSED] - Text 'BusRepFname' is set on object 'Object Repository/RAD_Pages/Taxpayer_Page/input_BusinessRepfirstName'

2024-11-12 16:36:48 - [MESSAGE][PASSED] - Text '' is set on object 'Object Repository/RAD_Pages/Taxpayer_Page/input_BusinessRepmiddleName'

2024-11-12 16:36:49 - [MESSAGE][PASSED] - Text 'BusRepLname' is set on object 'Object Repository/RAD_Pages/Taxpayer_Page/input_BusinessReplastName'

2024-11-12 16:36:49 - [MESSAGE][PASSED] - Text '' is set on object 'Object Repository/RAD_Pages/Taxpayer_Page/input_BusinessRepsuffix'

2024-11-12 16:36:49 - [MESSAGE][PASSED] - rad.getSetDataRAD.setDataRADBusinessRep is PASSED

2024-11-12 16:36:49 - [TEST_STEP][PASSED] - rad.getSetDataRAD.setDataRADAddress(): rad.getSetDataRAD.setDataRADAddress is PASSED

2024-11-12 16:36:50 - [MESSAGE][PASSED] - All options with label 'United States' are selected in object 'Object Repository/RAD_Pages/AddressAndContactInfo_Page/select_Country' 

2024-11-12 16:36:51 - [MESSAGE][PASSED] - Text '2508 Mandan Terrace' is set on object 'Object Repository/RAD_Pages/AddressAndContactInfo_Page/input_streetAddress1'

2024-11-12 16:36:52 - [MESSAGE][PASSED] - Text '' is set on object 'Object Repository/RAD_Pages/AddressAndContactInfo_Page/input_streetAddress2'

2024-11-12 16:36:52 - [MESSAGE][PASSED] - Text 'Gambrills' is set on object 'Object Repository/RAD_Pages/AddressAndContactInfo_Page/input_city'

2024-11-12 16:36:53 - [MESSAGE][PASSED] - All options with label 'Maryland' are selected in object 'Object Repository/RAD_Pages/AddressAndContactInfo_Page/select_State' 

2024-11-12 16:36:54 - [MESSAGE][PASSED] - Text '21054' is set on object 'Object Repository/RAD_Pages/AddressAndContactInfo_Page/input_zipCode'

2024-11-12 16:36:55 - [MESSAGE][PASSED] - Text '(703) 894-5000' is set on object 'Object Repository/RAD_Pages/AddressAndContactInfo_Page/input_phoneNumber'

2024-11-12 16:36:56 - [MESSAGE][PASSED] - Text 'iahmed@govolution.com' is set on object 'Object Repository/RAD_Pages/AddressAndContactInfo_Page/input_eMailAddress'

2024-11-12 16:36:56 - [MESSAGE][PASSED] - Text 'iahmed@govolution.com' is set on object 'Object Repository/RAD_Pages/AddressAndContactInfo_Page/input_reEnterEMailAddress'

2024-11-12 16:36:56 - [MESSAGE][PASSED] - rad.getSetDataRAD.setDataRADAddress is PASSED

2024-11-12 16:36:56 - [TEST_STEP][PASSED] - if (feinSSN.equalsIgnoreCase("Y")): Text ****** has been set on object 'Object Repository/RAD_Pages/TaxInfo_Page/input_TaxInfo_RetypeFeinSsn_New_2'

2024-11-12 16:36:56 - [TEST_STEP][PASSED] - setEncryptedText(findTestObject(orPath_TaxInfo + "/input_TaxInfo_FeinSsn_New_2"), "yXB7JMCbD3QoFF75EQd3iw=="): Text ****** has been set on object 'Object Repository/RAD_Pages/TaxInfo_Page/input_TaxInfo_FeinSsn_New_2'

2024-11-12 16:36:57 - [MESSAGE][PASSED] - Text ****** has been set on object 'Object Repository/RAD_Pages/TaxInfo_Page/input_TaxInfo_FeinSsn_New_2'

2024-11-12 16:36:57 - [TEST_STEP][PASSED] - setEncryptedText(findTestObject(orPath_TaxInfo + "/input_TaxInfo_RetypeFeinSsn_New_2"), "yXB7JMCbD3QoFF75EQd3iw=="): Text ****** has been set on object 'Object Repository/RAD_Pages/TaxInfo_Page/input_TaxInfo_RetypeFeinSsn_New_2'

2024-11-12 16:36:57 - [MESSAGE][PASSED] - Text ****** has been set on object 'Object Repository/RAD_Pages/TaxInfo_Page/input_TaxInfo_RetypeFeinSsn_New_2'

2024-11-12 16:36:58 - [TEST_STEP][PASSED] - if (CRN.equalsIgnoreCase("Y")): rad.getSetDataRAD.setDataRADMDCRN is PASSED

2024-11-12 16:36:58 - [TEST_STEP][PASSED] - rad.getSetDataRAD.setDataRADMDCRN(): rad.getSetDataRAD.setDataRADMDCRN is PASSED

2024-11-12 16:36:58 - [MESSAGE][PASSED] - Text '07640126' is set on object 'Object Repository/RAD_Pages/TaxInfo_Page/input_MDCRegistration'

2024-11-12 16:36:58 - [MESSAGE][PASSED] - rad.getSetDataRAD.setDataRADMDCRN is PASSED

2024-11-12 16:36:58 - [TEST_STEP][PASSED] - if (MFLicNum.equalsIgnoreCase("Y")): null

2024-11-12 16:36:58 - [TEST_STEP][PASSED] - if (TaxType.equalsIgnoreCase("Estate Tax")): null

2024-11-12 16:36:58 - [TEST_STEP][PASSED] - setText(findTestObject(orPath_Amount + "/input__paymentAmount"), "100.00"): Text '100.00' is set on object 'Object Repository/RAD_Pages/PaymentAmount_Page/input__paymentAmount'

2024-11-12 16:36:59 - [MESSAGE][PASSED] - Text '100.00' is set on object 'Object Repository/RAD_Pages/PaymentAmount_Page/input__paymentAmount'

2024-11-12 16:36:59 - [TEST_STEP][PASSED] - setText(findTestObject(orPath_AddressContact + "/input_streetAddress2"), ""): Text '' is set on object 'Object Repository/RAD_Pages/AddressAndContactInfo_Page/input_streetAddress2'

2024-11-12 16:37:00 - [MESSAGE][PASSED] - Text '' is set on object 'Object Repository/RAD_Pages/AddressAndContactInfo_Page/input_streetAddress2'

2024-11-12 16:37:00 - [TEST_STEP][PASSED] - scrollToElement(findTestObject(orPath_Landing + "/button_Continue"), 3): Scroll to object 'Object Repository/RAD_Pages/Landing_Page/button_Continue' successfully

2024-11-12 16:37:00 - [MESSAGE][PASSED] - Scroll to object 'Object Repository/RAD_Pages/Landing_Page/button_Continue' successfully

2024-11-12 16:37:00 - [TEST_STEP][PASSED] - waitForElementClickable(findTestObject(orPath_Landing + "/button_Continue"), 5): Object 'Object Repository/RAD_Pages/Landing_Page/button_Continue' is clickable

2024-11-12 16:37:00 - [MESSAGE][PASSED] - Object 'Object Repository/RAD_Pages/Landing_Page/button_Continue' is clickable

2024-11-12 16:37:00 - [TEST_STEP][PASSED] - click(findTestObject(orPath_Landing + "/button_Continue")): Object: 'Object Repository/RAD_Pages/Landing_Page/button_Continue' is clicked on

2024-11-12 16:37:01 - [MESSAGE][PASSED] - Object: 'Object Repository/RAD_Pages/Landing_Page/button_Continue' is clicked on

2024-11-12 16:37:01 - [TEST_STEP][PASSED] - delay(2): Delayed 2 second(s)

2024-11-12 16:37:03 - [MESSAGE][PASSED] - Delayed 2 second(s)

2024-11-12 16:37:03 - [TEST_STEP][PASSED] - verifyTextPresent("Summary", true): Text 'Summary' is present on page  using regular expression

2024-11-12 16:37:03 - [MESSAGE][PASSED] - Text 'Summary' is present on page  using regular expression

2024-11-12 16:37:03 - [TEST_STEP][PASSED] - verifyTextPresent("Review the information below and make any necessary corrections by clicking the", true): Text 'Review the information below and make any necessary corrections by clicking the' is present on page  using regular expression

2024-11-12 16:37:04 - [MESSAGE][PASSED] - Text 'Review the information below and make any necessary corrections by clicking the' is present on page  using regular expression

2024-11-12 16:37:04 - [TEST_STEP][PASSED] - verifyTextPresent("When you are confident that all the information is correct, click the", true): Text 'When you are confident that all the information is correct, click the' is present on page  using regular expression

2024-11-12 16:37:04 - [MESSAGE][PASSED] - Text 'When you are confident that all the information is correct, click the' is present on page  using regular expression

2024-11-12 16:37:04 - [TEST_STEP][PASSED] - verifyTextPresent("Payment Type/Filing Year", true): Text 'Payment Type/Filing Year' is present on page  using regular expression

2024-11-12 16:37:04 - [MESSAGE][PASSED] - Text 'Payment Type/Filing Year' is present on page  using regular expression

2024-11-12 16:37:04 - [TEST_STEP][PASSED] - verifyTextPresent("Payment Type:", true): Text 'Payment Type:' is present on page  using regular expression

2024-11-12 16:37:04 - [MESSAGE][PASSED] - Text 'Payment Type:' is present on page  using regular expression

2024-11-12 16:37:04 - [TEST_STEP][PASSED] - verifyTextPresent("New Tax Return Amount Due", true): Text 'New Tax Return Amount Due' is present on page  using regular expression

2024-11-12 16:37:05 - [MESSAGE][PASSED] - Text 'New Tax Return Amount Due' is present on page  using regular expression

2024-11-12 16:37:05 - [TEST_STEP][PASSED] - verifyTextPresent("Filing Year:", true): Text 'Filing Year:' is present on page  using regular expression

2024-11-12 16:37:05 - [MESSAGE][PASSED] - Text 'Filing Year:' is present on page  using regular expression

2024-11-12 16:37:05 - [TEST_STEP][PASSED] - verifyTextPresent(FilingYear, true): Text '2023' is present on page  using regular expression

2024-11-12 16:37:05 - [MESSAGE][PASSED] - Text '2023' is present on page  using regular expression

2024-11-12 16:37:05 - [TEST_STEP][PASSED] - verifyTextPresent("Payer Information", true): Text 'Payer Information' is present on page  using regular expression

2024-11-12 16:37:06 - [MESSAGE][PASSED] - Text 'Payer Information' is present on page  using regular expression

2024-11-12 16:37:06 - [TEST_STEP][PASSED] - verifyTextPresent("Taxpayer Name:", true): Text 'Taxpayer Name:' is present on page  using regular expression

2024-11-12 16:37:06 - [MESSAGE][PASSED] - Text 'Taxpayer Name:' is present on page  using regular expression

2024-11-12 16:37:06 - [TEST_STEP][PASSED] - verifyTextPresent("My Company", true): Text 'My Company' is present on page  using regular expression

2024-11-12 16:37:06 - [MESSAGE][PASSED] - Text 'My Company' is present on page  using regular expression

2024-11-12 16:37:06 - [TEST_STEP][PASSED] - verifyTextPresent("Business Rep Name:", true): Text 'Business Rep Name:' is present on page  using regular expression

2024-11-12 16:37:07 - [MESSAGE][PASSED] - Text 'Business Rep Name:' is present on page  using regular expression

2024-11-12 16:37:07 - [TEST_STEP][PASSED] - verifyTextPresent("BusRepFname BusRepLname", true): Text 'BusRepFname BusRepLname' is present on page  using regular expression

2024-11-12 16:37:07 - [MESSAGE][PASSED] - Text 'BusRepFname BusRepLname' is present on page  using regular expression

2024-11-12 16:37:07 - [TEST_STEP][PASSED] - verifyTextPresent("Taxpayer Address:", true): Text 'Taxpayer Address:' is present on page  using regular expression

2024-11-12 16:37:07 - [MESSAGE][PASSED] - Text 'Taxpayer Address:' is present on page  using regular expression

2024-11-12 16:37:07 - [TEST_STEP][PASSED] - verifyTextPresent("2508 Mandan Terrace Gambrills Maryland 21054", true): Text '2508 Mandan Terrace Gambrills Maryland 21054' is present on page  using regular expression

2024-11-12 16:37:08 - [MESSAGE][PASSED] - Text '2508 Mandan Terrace Gambrills Maryland 21054' is present on page  using regular expression

2024-11-12 16:37:08 - [TEST_STEP][PASSED] - verifyTextPresent("Email:", true): Text 'Email:' is present on page  using regular expression

2024-11-12 16:37:08 - [MESSAGE][PASSED] - Text 'Email:' is present on page  using regular expression

2024-11-12 16:37:08 - [TEST_STEP][PASSED] - verifyTextPresent("iahmed@govolution.com", true): Text 'iahmed@govolution.com' is present on page  using regular expression

2024-11-12 16:37:08 - [MESSAGE][PASSED] - Text 'iahmed@govolution.com' is present on page  using regular expression

2024-11-12 16:37:08 - [TEST_STEP][PASSED] - verifyTextPresent("Phone:", true): Text 'Phone:' is present on page  using regular expression

2024-11-12 16:37:09 - [MESSAGE][PASSED] - Text 'Phone:' is present on page  using regular expression

2024-11-12 16:37:09 - [TEST_STEP][PASSED] - verifyTextPresent("(703) 894-5000", false): Text '(703) 894-5000' is present on page 

2024-11-12 16:37:09 - [MESSAGE][PASSED] - Text '(703) 894-5000' is present on page 

2024-11-12 16:37:09 - [TEST_STEP][PASSED] - verifyTextPresent("Tax Information", true): Text 'Tax Information' is present on page  using regular expression

2024-11-12 16:37:09 - [MESSAGE][PASSED] - Text 'Tax Information' is present on page  using regular expression

2024-11-12 16:37:09 - [TEST_STEP][PASSED] - verifyTextNotPresent("Notice Number", true): Text 'Notice Number' is not present on page using regular expression

2024-11-12 16:37:10 - [MESSAGE][PASSED] - Text 'Notice Number' is not present on page using regular expression

2024-11-12 16:37:10 - [TEST_STEP][PASSED] - if (month.trim()): Text 'July' is present on page  using regular expression

2024-11-12 16:37:10 - [TEST_STEP][PASSED] - verifyTextPresent("Period Ending", true): Text 'Period Ending' is present on page  using regular expression

2024-11-12 16:37:10 - [MESSAGE][PASSED] - Text 'Period Ending' is present on page  using regular expression

2024-11-12 16:37:10 - [TEST_STEP][PASSED] - verifyTextPresent(month, true): Text 'July' is present on page  using regular expression

2024-11-12 16:37:10 - [MESSAGE][PASSED] - Text 'July' is present on page  using regular expression

2024-11-12 16:37:10 - [TEST_STEP][PASSED] - if (feinSSN.equalsIgnoreCase("Y")): Text 'XXXXX6187' is present on page  using regular expression

2024-11-12 16:37:10 - [TEST_STEP][PASSED] - verifyTextPresent("FEIN/SSN:", true): Text 'FEIN/SSN:' is present on page  using regular expression

2024-11-12 16:37:11 - [MESSAGE][PASSED] - Text 'FEIN/SSN:' is present on page  using regular expression

2024-11-12 16:37:11 - [TEST_STEP][PASSED] - verifyTextNotPresent("Federal EIN:", true): Text 'Federal EIN:' is not present on page using regular expression

2024-11-12 16:37:11 - [MESSAGE][PASSED] - Text 'Federal EIN:' is not present on page using regular expression

2024-11-12 16:37:11 - [TEST_STEP][PASSED] - verifyTextPresent("XXXXX6187", true): Text 'XXXXX6187' is present on page  using regular expression

2024-11-12 16:37:11 - [MESSAGE][PASSED] - Text 'XXXXX6187' is present on page  using regular expression

2024-11-12 16:37:11 - [TEST_STEP][PASSED] - if (TaxType.equalsIgnoreCase("Estate Tax")): null

2024-11-12 16:37:11 - [TEST_STEP][PASSED] - if (CRN.equalsIgnoreCase("Y")): Text '07640126' is present on page  using regular expression

2024-11-12 16:37:11 - [TEST_STEP][PASSED] - verifyTextPresent("MD Central Registration Number#:", true): Text 'MD Central Registration Number#:' is present on page  using regular expression

2024-11-12 16:37:12 - [MESSAGE][PASSED] - Text 'MD Central Registration Number#:' is present on page  using regular expression

2024-11-12 16:37:12 - [TEST_STEP][PASSED] - verifyTextPresent("07640126", true): Text '07640126' is present on page  using regular expression

2024-11-12 16:37:12 - [MESSAGE][PASSED] - Text '07640126' is present on page  using regular expression

2024-11-12 16:37:12 - [TEST_STEP][PASSED] - if (MFLicNum.equalsIgnoreCase("Y")): null

2024-11-12 16:37:12 - [TEST_STEP][PASSED] - else: Text 'Motor Fuel License Number#:' is not present on page using regular expression

2024-11-12 16:37:12 - [TEST_STEP][PASSED] - verifyTextNotPresent("Motor Fuel License Number#:", true): Text 'Motor Fuel License Number#:' is not present on page using regular expression

2024-11-12 16:37:12 - [MESSAGE][PASSED] - Text 'Motor Fuel License Number#:' is not present on page using regular expression

2024-11-12 16:37:12 - [TEST_STEP][PASSED] - verifyTextPresent("Payment Amount:", true): Text 'Payment Amount:' is present on page  using regular expression

2024-11-12 16:37:13 - [MESSAGE][PASSED] - Text 'Payment Amount:' is present on page  using regular expression

2024-11-12 16:37:13 - [TEST_STEP][PASSED] - verifyTextPresent("100.00", true): Text '100.00' is present on page  using regular expression

2024-11-12 16:37:13 - [MESSAGE][PASSED] - Text '100.00' is present on page  using regular expression

2024-11-12 16:37:13 - [TEST_STEP][PASSED] - if (verifyElementVisible(findTestObject(orPath_Summary + "/button_Proceed to Payment"))): null

2024-11-12 16:37:13 - [MESSAGE][PASSED] - Object 'Object Repository/RAD_Pages/Summary_Page/button_Proceed to Payment' is visible

2024-11-12 16:37:13 - [TEST_STEP][PASSED] - resText = "Pass": null

2024-11-12 16:37:13 - [TEST_STEP][PASSED] - pages.WriteExcel.demoKey(resText, datText, resColumn, datCloumn, fileLoc, nameSheet, row): pages.WriteExcel.demoKey is PASSED

2024-11-12 16:37:13 - [MESSAGE][PASSED] - pages.WriteExcel.demoKey is PASSED

2024-11-12 16:37:13 - [TEST_STEP][PASSED] - click(findTestObject(orPath_Summary + "/button_Proceed to Payment")): Object: 'Object Repository/RAD_Pages/Summary_Page/button_Proceed to Payment' is clicked on

2024-11-12 16:37:16 - [MESSAGE][PASSED] - Object: 'Object Repository/RAD_Pages/Summary_Page/button_Proceed to Payment' is clicked on

2024-11-12 16:37:16 - [TEST_STEP][PASSED] - verifyElementPresent(findTestObject("Object Repository/RAD_Pages/PaymentEntry_Page/input__billingName"), 30): Object 'Object Repository/RAD_Pages/PaymentEntry_Page/input__billingName' is present

2024-11-12 16:37:16 - [MESSAGE][PASSED] - Object 'Object Repository/RAD_Pages/PaymentEntry_Page/input__billingName' is present

2024-11-12 16:37:16 - [TEST_STEP][PASSED] - ExecuteTC = findTestData(dataFile).getValue("Execute", row): null

2024-11-12 16:37:16 - [TEST_STEP][PASSED] - TaxType = findTestData(dataFile).getValue("TaxType", row): null

2024-11-12 16:37:16 - [TEST_STEP][PASSED] - PaymentType = findTestData(dataFile).getValue("PaymentType", row): null

2024-11-12 16:37:16 - [TEST_STEP][PASSED] - FilingYear = findTestData(dataFile).getValue("Year", row): null

2024-11-12 16:37:16 - [TEST_STEP][PASSED] - feinSSN = findTestData(dataFile).getValue("FeinSsn", row): null

2024-11-12 16:37:16 - [TEST_STEP][PASSED] - CRN = findTestData(dataFile).getValue("CRN", row): null

2024-11-12 16:37:16 - [TEST_STEP][PASSED] - month = findTestData(dataFile).getValue("Month", row): null

2024-11-12 16:37:16 - [TEST_STEP][PASSED] - MFLicNum = findTestData(dataFile).getValue("MFLicNum", row): null

2024-11-12 16:37:16 - [TEST_STEP][PASSED] - if (ExecuteTC.equalsIgnoreCase("Y")): Object 'Object Repository/RAD_Pages/PaymentEntry_Page/input__billingName' is present

2024-11-12 16:37:16 - [TEST_STEP][PASSED] - out.println("Begin Record Number: " + row): null

2024-11-12 16:37:16 - [TEST_STEP][PASSED] - today = new java.util.Date(): null

2024-11-12 16:37:16 - [TEST_STEP][PASSED] - println(today): null

2024-11-12 16:37:16 - [TEST_STEP][PASSED] - datText = today: null

2024-11-12 16:37:16 - [TEST_STEP][PASSED] - logInfo("Payment Type: New Tax Return Amount Due"): Payment Type: New Tax Return Amount Due

2024-11-12 16:37:16 - [MESSAGE][INFO] - Payment Type: New Tax Return Amount Due

2024-11-12 16:37:16 - [TEST_STEP][PASSED] - logInfo("Tax Type: " + TaxType): Tax Type: Transportation Network Services

2024-11-12 16:37:16 - [MESSAGE][INFO] - Tax Type: Transportation Network Services

2024-11-12 16:37:16 - [TEST_STEP][PASSED] - openBrowser(""): Browser is opened with url: ''

2024-11-12 16:37:17 - [MESSAGE][WARNING] - A browser is already opened. Closing browser and opening a new one

2024-11-12 16:37:18 - [MESSAGE][INFO] - Starting 'Chrome' driver

2024-11-12 16:37:18 - [MESSAGE][INFO] - User set preference: ['acceptInsecureCerts', 'true']

2024-11-12 16:37:18 - [MESSAGE][INFO] - Action delay is set to 0 milliseconds

2024-11-12 16:37:20 - [MESSAGE][PASSED] - Browser is opened with url: ''

2024-11-12 16:37:20 - [TEST_STEP][PASSED] - maximizeWindow(): Current window maximized

2024-11-12 16:37:20 - [MESSAGE][PASSED] - Current window maximized

2024-11-12 16:37:20 - [TEST_STEP][PASSED] - navigateToUrl(RADurl): Navigate to 'https://www.velocitypayment.com/client/rad/index.html' successfully

2024-11-12 16:37:21 - [MESSAGE][PASSED] - Navigate to 'https://www.velocitypayment.com/client/rad/index.html' successfully

2024-11-12 16:37:21 - [TEST_STEP][PASSED] - selectOptionByLabel(findTestObject(orPath_Landing + "/dd_TaxType"), "New Tax Return Amount Due", false): All options with label 'New Tax Return Amount Due' are selected in object 'Object Repository/RAD_Pages/Landing_Page/dd_TaxType' 

2024-11-12 16:37:22 - [MESSAGE][PASSED] - All options with label 'New Tax Return Amount Due' are selected in object 'Object Repository/RAD_Pages/Landing_Page/dd_TaxType' 

2024-11-12 16:37:22 - [TEST_STEP][PASSED] - selectOptionByLabel(findTestObject("Object Repository/RAD_Pages/Landing_Page/select_NewTaxReturnAmountDue_TaxType"), TaxType, false): All options with label 'Transportation Network Services' are selected in object 'Object Repository/RAD_Pages/Landing_Page/select_NewTaxReturnAmountDue_TaxType' 

2024-11-12 16:37:23 - [MESSAGE][PASSED] - All options with label 'Transportation Network Services' are selected in object 'Object Repository/RAD_Pages/Landing_Page/select_NewTaxReturnAmountDue_TaxType' 

2024-11-12 16:37:23 - [TEST_STEP][PASSED] - selectOptionByLabel(findTestObject(orPath_TaxTypeFilingYear + "/select_FilingYear"), FilingYear, false): All options with label '2023' are selected in object 'Object Repository/RAD_Pages/TaxTypeFilingYear_Page/select_FilingYear' 

2024-11-12 16:37:24 - [MESSAGE][PASSED] - All options with label '2023' are selected in object 'Object Repository/RAD_Pages/TaxTypeFilingYear_Page/select_FilingYear' 

2024-11-12 16:37:24 - [TEST_STEP][PASSED] - if (month.trim()): All options with label 'June' are selected in object 'Object Repository/RAD_Pages/TaxTypeFilingYear_Page/select_PeriodEnding' 

2024-11-12 16:37:24 - [TEST_STEP][PASSED] - selectOptionByLabel(findTestObject(orPath_TaxTypeFilingYear + "/select_PeriodEnding"), month, false): All options with label 'June' are selected in object 'Object Repository/RAD_Pages/TaxTypeFilingYear_Page/select_PeriodEnding' 

2024-11-12 16:37:24 - [MESSAGE][PASSED] - All options with label 'June' are selected in object 'Object Repository/RAD_Pages/TaxTypeFilingYear_Page/select_PeriodEnding' 

2024-11-12 16:37:24 - [TEST_STEP][PASSED] - rad.getSetDataRAD.setDataRADBusinessName(): rad.getSetDataRAD.setDataRADBusinessName is PASSED

2024-11-12 16:37:25 - [MESSAGE][PASSED] - Text 'My Company' is set on object 'Object Repository/RAD_Pages/Taxpayer_Page/input_businessName'

2024-11-12 16:37:25 - [MESSAGE][PASSED] - rad.getSetDataRAD.setDataRADBusinessName is PASSED

2024-11-12 16:37:25 - [TEST_STEP][PASSED] - rad.getSetDataRAD.setDataRADBusinessRep(): rad.getSetDataRAD.setDataRADBusinessRep is PASSED

2024-11-12 16:37:26 - [MESSAGE][PASSED] - Text 'BusRepFname' is set on object 'Object Repository/RAD_Pages/Taxpayer_Page/input_BusinessRepfirstName'

2024-11-12 16:37:27 - [MESSAGE][PASSED] - Text '' is set on object 'Object Repository/RAD_Pages/Taxpayer_Page/input_BusinessRepmiddleName'

2024-11-12 16:37:28 - [MESSAGE][PASSED] - Text 'BusRepLname' is set on object 'Object Repository/RAD_Pages/Taxpayer_Page/input_BusinessReplastName'

2024-11-12 16:37:28 - [MESSAGE][PASSED] - Text '' is set on object 'Object Repository/RAD_Pages/Taxpayer_Page/input_BusinessRepsuffix'

2024-11-12 16:37:28 - [MESSAGE][PASSED] - rad.getSetDataRAD.setDataRADBusinessRep is PASSED

2024-11-12 16:37:28 - [TEST_STEP][PASSED] - rad.getSetDataRAD.setDataRADAddress(): rad.getSetDataRAD.setDataRADAddress is PASSED

2024-11-12 16:37:29 - [MESSAGE][PASSED] - All options with label 'United States' are selected in object 'Object Repository/RAD_Pages/AddressAndContactInfo_Page/select_Country' 

2024-11-12 16:37:30 - [MESSAGE][PASSED] - Text '2508 Mandan Terrace' is set on object 'Object Repository/RAD_Pages/AddressAndContactInfo_Page/input_streetAddress1'

2024-11-12 16:37:30 - [MESSAGE][PASSED] - Text '' is set on object 'Object Repository/RAD_Pages/AddressAndContactInfo_Page/input_streetAddress2'

2024-11-12 16:37:31 - [MESSAGE][PASSED] - Text 'Gambrills' is set on object 'Object Repository/RAD_Pages/AddressAndContactInfo_Page/input_city'

2024-11-12 16:37:32 - [MESSAGE][PASSED] - All options with label 'Maryland' are selected in object 'Object Repository/RAD_Pages/AddressAndContactInfo_Page/select_State' 

2024-11-12 16:37:33 - [MESSAGE][PASSED] - Text '21054' is set on object 'Object Repository/RAD_Pages/AddressAndContactInfo_Page/input_zipCode'

2024-11-12 16:37:33 - [MESSAGE][PASSED] - Text '(703) 894-5000' is set on object 'Object Repository/RAD_Pages/AddressAndContactInfo_Page/input_phoneNumber'

2024-11-12 16:37:34 - [MESSAGE][PASSED] - Text 'iahmed@govolution.com' is set on object 'Object Repository/RAD_Pages/AddressAndContactInfo_Page/input_eMailAddress'

2024-11-12 16:37:35 - [MESSAGE][PASSED] - Text 'iahmed@govolution.com' is set on object 'Object Repository/RAD_Pages/AddressAndContactInfo_Page/input_reEnterEMailAddress'

2024-11-12 16:37:35 - [MESSAGE][PASSED] - rad.getSetDataRAD.setDataRADAddress is PASSED

2024-11-12 16:37:35 - [TEST_STEP][PASSED] - if (feinSSN.equalsIgnoreCase("Y")): null

2024-11-12 16:37:35 - [TEST_STEP][PASSED] - else: Text ****** has been set on object 'Object Repository/RAD_Pages/TaxInfo_Page/input_FederalEIN_ReEnter'

2024-11-12 16:37:35 - [TEST_STEP][PASSED] - if (!(TaxType.equalsIgnoreCase("Estate Tax"))): Text ****** has been set on object 'Object Repository/RAD_Pages/TaxInfo_Page/input_FederalEIN_ReEnter'

2024-11-12 16:37:35 - [TEST_STEP][PASSED] - setEncryptedText(findTestObject(orPath_TaxInfo + "/input_FederalEIN"), "yXB7JMCbD3QoFF75EQd3iw=="): Text ****** has been set on object 'Object Repository/RAD_Pages/TaxInfo_Page/input_FederalEIN'

2024-11-12 16:37:36 - [MESSAGE][PASSED] - Text ****** has been set on object 'Object Repository/RAD_Pages/TaxInfo_Page/input_FederalEIN'

2024-11-12 16:37:36 - [TEST_STEP][PASSED] - setEncryptedText(findTestObject(orPath_TaxInfo + "/input_FederalEIN_ReEnter"), "yXB7JMCbD3QoFF75EQd3iw=="): Text ****** has been set on object 'Object Repository/RAD_Pages/TaxInfo_Page/input_FederalEIN_ReEnter'

2024-11-12 16:37:37 - [MESSAGE][PASSED] - Text ****** has been set on object 'Object Repository/RAD_Pages/TaxInfo_Page/input_FederalEIN_ReEnter'

2024-11-12 16:37:37 - [TEST_STEP][PASSED] - if (CRN.equalsIgnoreCase("Y")): rad.getSetDataRAD.setDataRADMDCRN is PASSED

2024-11-12 16:37:37 - [TEST_STEP][PASSED] - rad.getSetDataRAD.setDataRADMDCRN(): rad.getSetDataRAD.setDataRADMDCRN is PASSED

2024-11-12 16:37:38 - [MESSAGE][PASSED] - Text '07640126' is set on object 'Object Repository/RAD_Pages/TaxInfo_Page/input_MDCRegistration'

2024-11-12 16:37:38 - [MESSAGE][PASSED] - rad.getSetDataRAD.setDataRADMDCRN is PASSED

2024-11-12 16:37:38 - [TEST_STEP][PASSED] - if (MFLicNum.equalsIgnoreCase("Y")): null

2024-11-12 16:37:38 - [TEST_STEP][PASSED] - if (TaxType.equalsIgnoreCase("Estate Tax")): null

2024-11-12 16:37:38 - [TEST_STEP][PASSED] - setText(findTestObject(orPath_Amount + "/input__paymentAmount"), "100.00"): Text '100.00' is set on object 'Object Repository/RAD_Pages/PaymentAmount_Page/input__paymentAmount'

2024-11-12 16:37:39 - [MESSAGE][PASSED] - Text '100.00' is set on object 'Object Repository/RAD_Pages/PaymentAmount_Page/input__paymentAmount'

2024-11-12 16:37:39 - [TEST_STEP][PASSED] - setText(findTestObject(orPath_AddressContact + "/input_streetAddress2"), ""): Text '' is set on object 'Object Repository/RAD_Pages/AddressAndContactInfo_Page/input_streetAddress2'

2024-11-12 16:37:39 - [MESSAGE][PASSED] - Text '' is set on object 'Object Repository/RAD_Pages/AddressAndContactInfo_Page/input_streetAddress2'

2024-11-12 16:37:39 - [TEST_STEP][PASSED] - scrollToElement(findTestObject(orPath_Landing + "/button_Continue"), 3): Scroll to object 'Object Repository/RAD_Pages/Landing_Page/button_Continue' successfully

2024-11-12 16:37:40 - [MESSAGE][PASSED] - Scroll to object 'Object Repository/RAD_Pages/Landing_Page/button_Continue' successfully

2024-11-12 16:37:40 - [TEST_STEP][PASSED] - waitForElementClickable(findTestObject(orPath_Landing + "/button_Continue"), 5): Object 'Object Repository/RAD_Pages/Landing_Page/button_Continue' is clickable

2024-11-12 16:37:40 - [MESSAGE][PASSED] - Object 'Object Repository/RAD_Pages/Landing_Page/button_Continue' is clickable

2024-11-12 16:37:40 - [TEST_STEP][PASSED] - click(findTestObject(orPath_Landing + "/button_Continue")): Object: 'Object Repository/RAD_Pages/Landing_Page/button_Continue' is clicked on

2024-11-12 16:37:40 - [MESSAGE][PASSED] - Object: 'Object Repository/RAD_Pages/Landing_Page/button_Continue' is clicked on

2024-11-12 16:37:40 - [TEST_STEP][PASSED] - delay(2): Delayed 2 second(s)

2024-11-12 16:37:42 - [MESSAGE][PASSED] - Delayed 2 second(s)

2024-11-12 16:37:42 - [TEST_STEP][PASSED] - verifyTextPresent("Summary", true): Text 'Summary' is present on page  using regular expression

2024-11-12 16:37:43 - [MESSAGE][PASSED] - Text 'Summary' is present on page  using regular expression

2024-11-12 16:37:43 - [TEST_STEP][PASSED] - verifyTextPresent("Review the information below and make any necessary corrections by clicking the", true): Text 'Review the information below and make any necessary corrections by clicking the' is present on page  using regular expression

2024-11-12 16:37:43 - [MESSAGE][PASSED] - Text 'Review the information below and make any necessary corrections by clicking the' is present on page  using regular expression

2024-11-12 16:37:43 - [TEST_STEP][PASSED] - verifyTextPresent("When you are confident that all the information is correct, click the", true): Text 'When you are confident that all the information is correct, click the' is present on page  using regular expression

2024-11-12 16:37:44 - [MESSAGE][PASSED] - Text 'When you are confident that all the information is correct, click the' is present on page  using regular expression

2024-11-12 16:37:44 - [TEST_STEP][PASSED] - verifyTextPresent("Payment Type/Filing Year", true): Text 'Payment Type/Filing Year' is present on page  using regular expression

2024-11-12 16:37:44 - [MESSAGE][PASSED] - Text 'Payment Type/Filing Year' is present on page  using regular expression

2024-11-12 16:37:44 - [TEST_STEP][PASSED] - verifyTextPresent("Payment Type:", true): Text 'Payment Type:' is present on page  using regular expression

2024-11-12 16:37:44 - [MESSAGE][PASSED] - Text 'Payment Type:' is present on page  using regular expression

2024-11-12 16:37:44 - [TEST_STEP][PASSED] - verifyTextPresent("New Tax Return Amount Due", true): Text 'New Tax Return Amount Due' is present on page  using regular expression

2024-11-12 16:37:45 - [MESSAGE][PASSED] - Text 'New Tax Return Amount Due' is present on page  using regular expression

2024-11-12 16:37:45 - [TEST_STEP][PASSED] - verifyTextPresent("Filing Year:", true): Text 'Filing Year:' is present on page  using regular expression

2024-11-12 16:37:45 - [MESSAGE][PASSED] - Text 'Filing Year:' is present on page  using regular expression

2024-11-12 16:37:45 - [TEST_STEP][PASSED] - verifyTextPresent(FilingYear, true): Text '2023' is present on page  using regular expression

2024-11-12 16:37:45 - [MESSAGE][PASSED] - Text '2023' is present on page  using regular expression

2024-11-12 16:37:45 - [TEST_STEP][PASSED] - verifyTextPresent("Payer Information", true): Text 'Payer Information' is present on page  using regular expression

2024-11-12 16:37:46 - [MESSAGE][PASSED] - Text 'Payer Information' is present on page  using regular expression

2024-11-12 16:37:46 - [TEST_STEP][PASSED] - verifyTextPresent("Taxpayer Name:", true): Text 'Taxpayer Name:' is present on page  using regular expression

2024-11-12 16:37:46 - [MESSAGE][PASSED] - Text 'Taxpayer Name:' is present on page  using regular expression

2024-11-12 16:37:46 - [TEST_STEP][PASSED] - verifyTextPresent("My Company", true): Text 'My Company' is present on page  using regular expression

2024-11-12 16:37:46 - [MESSAGE][PASSED] - Text 'My Company' is present on page  using regular expression

2024-11-12 16:37:46 - [TEST_STEP][PASSED] - verifyTextPresent("Business Rep Name:", true): Text 'Business Rep Name:' is present on page  using regular expression

2024-11-12 16:37:46 - [MESSAGE][PASSED] - Text 'Business Rep Name:' is present on page  using regular expression

2024-11-12 16:37:46 - [TEST_STEP][PASSED] - verifyTextPresent("BusRepFname BusRepLname", true): Text 'BusRepFname BusRepLname' is present on page  using regular expression

2024-11-12 16:37:47 - [MESSAGE][PASSED] - Text 'BusRepFname BusRepLname' is present on page  using regular expression

2024-11-12 16:37:47 - [TEST_STEP][PASSED] - verifyTextPresent("Taxpayer Address:", true): Text 'Taxpayer Address:' is present on page  using regular expression

2024-11-12 16:37:47 - [MESSAGE][PASSED] - Text 'Taxpayer Address:' is present on page  using regular expression

2024-11-12 16:37:47 - [TEST_STEP][PASSED] - verifyTextPresent("2508 Mandan Terrace Gambrills Maryland 21054", true): Text '2508 Mandan Terrace Gambrills Maryland 21054' is present on page  using regular expression

2024-11-12 16:37:47 - [MESSAGE][PASSED] - Text '2508 Mandan Terrace Gambrills Maryland 21054' is present on page  using regular expression

2024-11-12 16:37:47 - [TEST_STEP][PASSED] - verifyTextPresent("Email:", true): Text 'Email:' is present on page  using regular expression

2024-11-12 16:37:48 - [MESSAGE][PASSED] - Text 'Email:' is present on page  using regular expression

2024-11-12 16:37:48 - [TEST_STEP][PASSED] - verifyTextPresent("iahmed@govolution.com", true): Text 'iahmed@govolution.com' is present on page  using regular expression

2024-11-12 16:37:48 - [MESSAGE][PASSED] - Text 'iahmed@govolution.com' is present on page  using regular expression

2024-11-12 16:37:48 - [TEST_STEP][PASSED] - verifyTextPresent("Phone:", true): Text 'Phone:' is present on page  using regular expression

2024-11-12 16:37:48 - [MESSAGE][PASSED] - Text 'Phone:' is present on page  using regular expression

2024-11-12 16:37:48 - [TEST_STEP][PASSED] - verifyTextPresent("(703) 894-5000", false): Text '(703) 894-5000' is present on page 

2024-11-12 16:37:49 - [MESSAGE][PASSED] - Text '(703) 894-5000' is present on page 

2024-11-12 16:37:49 - [TEST_STEP][PASSED] - verifyTextPresent("Tax Information", true): Text 'Tax Information' is present on page  using regular expression

2024-11-12 16:37:49 - [MESSAGE][PASSED] - Text 'Tax Information' is present on page  using regular expression

2024-11-12 16:37:49 - [TEST_STEP][PASSED] - verifyTextNotPresent("Notice Number", true): Text 'Notice Number' is not present on page using regular expression

2024-11-12 16:37:49 - [MESSAGE][PASSED] - Text 'Notice Number' is not present on page using regular expression

2024-11-12 16:37:49 - [TEST_STEP][PASSED] - if (month.trim()): Text 'June' is present on page  using regular expression

2024-11-12 16:37:49 - [TEST_STEP][PASSED] - verifyTextPresent("Period Ending", true): Text 'Period Ending' is present on page  using regular expression

2024-11-12 16:37:50 - [MESSAGE][PASSED] - Text 'Period Ending' is present on page  using regular expression

2024-11-12 16:37:50 - [TEST_STEP][PASSED] - verifyTextPresent(month, true): Text 'June' is present on page  using regular expression

2024-11-12 16:37:50 - [MESSAGE][PASSED] - Text 'June' is present on page  using regular expression

2024-11-12 16:37:50 - [TEST_STEP][PASSED] - if (feinSSN.equalsIgnoreCase("Y")): null

2024-11-12 16:37:50 - [TEST_STEP][PASSED] - else: Text 'XXXXXXX87' is present on page  using regular expression

2024-11-12 16:37:50 - [TEST_STEP][PASSED] - if (!(TaxType.equalsIgnoreCase("Estate Tax"))): Text 'XXXXXXX87' is present on page  using regular expression

2024-11-12 16:37:50 - [TEST_STEP][PASSED] - verifyTextPresent("Federal EIN:", true): Text 'Federal EIN:' is present on page  using regular expression

2024-11-12 16:37:50 - [MESSAGE][PASSED] - Text 'Federal EIN:' is present on page  using regular expression

2024-11-12 16:37:50 - [TEST_STEP][PASSED] - verifyTextNotPresent("FEIN/SSN:", true): Text 'FEIN/SSN:' is not present on page using regular expression

2024-11-12 16:37:51 - [MESSAGE][PASSED] - Text 'FEIN/SSN:' is not present on page using regular expression

2024-11-12 16:37:51 - [TEST_STEP][PASSED] - verifyTextPresent("XXXXXXX87", true): Text 'XXXXXXX87' is present on page  using regular expression

2024-11-12 16:37:51 - [MESSAGE][PASSED] - Text 'XXXXXXX87' is present on page  using regular expression

2024-11-12 16:37:51 - [TEST_STEP][PASSED] - if (TaxType.equalsIgnoreCase("Estate Tax")): null

2024-11-12 16:37:51 - [TEST_STEP][PASSED] - if (CRN.equalsIgnoreCase("Y")): Text '07640126' is present on page  using regular expression

2024-11-12 16:37:51 - [TEST_STEP][PASSED] - verifyTextPresent("MD Central Registration Number#:", true): Text 'MD Central Registration Number#:' is present on page  using regular expression

2024-11-12 16:37:51 - [MESSAGE][PASSED] - Text 'MD Central Registration Number#:' is present on page  using regular expression

2024-11-12 16:37:51 - [TEST_STEP][PASSED] - verifyTextPresent("07640126", true): Text '07640126' is present on page  using regular expression

2024-11-12 16:37:52 - [MESSAGE][PASSED] - Text '07640126' is present on page  using regular expression

2024-11-12 16:37:52 - [TEST_STEP][PASSED] - if (MFLicNum.equalsIgnoreCase("Y")): null

2024-11-12 16:37:52 - [TEST_STEP][PASSED] - else: Text 'Motor Fuel License Number#:' is not present on page using regular expression

2024-11-12 16:37:52 - [TEST_STEP][PASSED] - verifyTextNotPresent("Motor Fuel License Number#:", true): Text 'Motor Fuel License Number#:' is not present on page using regular expression

2024-11-12 16:37:52 - [MESSAGE][PASSED] - Text 'Motor Fuel License Number#:' is not present on page using regular expression

2024-11-12 16:37:52 - [TEST_STEP][PASSED] - verifyTextPresent("Payment Amount:", true): Text 'Payment Amount:' is present on page  using regular expression

2024-11-12 16:37:52 - [MESSAGE][PASSED] - Text 'Payment Amount:' is present on page  using regular expression

2024-11-12 16:37:52 - [TEST_STEP][PASSED] - verifyTextPresent("100.00", true): Text '100.00' is present on page  using regular expression

2024-11-12 16:37:53 - [MESSAGE][PASSED] - Text '100.00' is present on page  using regular expression

2024-11-12 16:37:53 - [TEST_STEP][PASSED] - if (verifyElementVisible(findTestObject(orPath_Summary + "/button_Proceed to Payment"))): null

2024-11-12 16:37:53 - [MESSAGE][PASSED] - Object 'Object Repository/RAD_Pages/Summary_Page/button_Proceed to Payment' is visible

2024-11-12 16:37:53 - [TEST_STEP][PASSED] - resText = "Pass": null

2024-11-12 16:37:53 - [TEST_STEP][PASSED] - pages.WriteExcel.demoKey(resText, datText, resColumn, datCloumn, fileLoc, nameSheet, row): pages.WriteExcel.demoKey is PASSED

2024-11-12 16:37:53 - [MESSAGE][PASSED] - pages.WriteExcel.demoKey is PASSED

2024-11-12 16:37:53 - [TEST_STEP][PASSED] - click(findTestObject(orPath_Summary + "/button_Proceed to Payment")): Object: 'Object Repository/RAD_Pages/Summary_Page/button_Proceed to Payment' is clicked on

2024-11-12 16:37:56 - [MESSAGE][PASSED] - Object: 'Object Repository/RAD_Pages/Summary_Page/button_Proceed to Payment' is clicked on

2024-11-12 16:37:56 - [TEST_STEP][PASSED] - verifyElementPresent(findTestObject("Object Repository/RAD_Pages/PaymentEntry_Page/input__billingName"), 30): Object 'Object Repository/RAD_Pages/PaymentEntry_Page/input__billingName' is present

2024-11-12 16:37:57 - [MESSAGE][PASSED] - Object 'Object Repository/RAD_Pages/PaymentEntry_Page/input__billingName' is present

2024-11-12 16:37:57 - [TEST_STEP][PASSED] - ExecuteTC = findTestData(dataFile).getValue("Execute", row): null

2024-11-12 16:37:57 - [TEST_STEP][PASSED] - TaxType = findTestData(dataFile).getValue("TaxType", row): null

2024-11-12 16:37:57 - [TEST_STEP][PASSED] - PaymentType = findTestData(dataFile).getValue("PaymentType", row): null

2024-11-12 16:37:57 - [TEST_STEP][PASSED] - FilingYear = findTestData(dataFile).getValue("Year", row): null

2024-11-12 16:37:57 - [TEST_STEP][PASSED] - feinSSN = findTestData(dataFile).getValue("FeinSsn", row): null

2024-11-12 16:37:57 - [TEST_STEP][PASSED] - CRN = findTestData(dataFile).getValue("CRN", row): null

2024-11-12 16:37:57 - [TEST_STEP][PASSED] - month = findTestData(dataFile).getValue("Month", row): null

2024-11-12 16:37:57 - [TEST_STEP][PASSED] - MFLicNum = findTestData(dataFile).getValue("MFLicNum", row): null

2024-11-12 16:37:57 - [TEST_STEP][PASSED] - if (ExecuteTC.equalsIgnoreCase("Y")): Object 'Object Repository/RAD_Pages/PaymentEntry_Page/input__billingName' is present

2024-11-12 16:37:57 - [TEST_STEP][PASSED] - out.println("Begin Record Number: " + row): null

2024-11-12 16:37:57 - [TEST_STEP][PASSED] - today = new java.util.Date(): null

2024-11-12 16:37:57 - [TEST_STEP][PASSED] - println(today): null

2024-11-12 16:37:57 - [TEST_STEP][PASSED] - datText = today: null

2024-11-12 16:37:57 - [TEST_STEP][PASSED] - logInfo("Payment Type: New Tax Return Amount Due"): Payment Type: New Tax Return Amount Due

2024-11-12 16:37:57 - [MESSAGE][INFO] - Payment Type: New Tax Return Amount Due

2024-11-12 16:37:57 - [TEST_STEP][PASSED] - logInfo("Tax Type: " + TaxType): Tax Type: Unclaimed Property

2024-11-12 16:37:57 - [MESSAGE][INFO] - Tax Type: Unclaimed Property

2024-11-12 16:37:57 - [TEST_STEP][PASSED] - openBrowser(""): Browser is opened with url: ''

2024-11-12 16:37:57 - [MESSAGE][WARNING] - A browser is already opened. Closing browser and opening a new one

2024-11-12 16:37:58 - [MESSAGE][INFO] - Starting 'Chrome' driver

2024-11-12 16:37:58 - [MESSAGE][INFO] - User set preference: ['acceptInsecureCerts', 'true']

2024-11-12 16:37:58 - [MESSAGE][INFO] - Action delay is set to 0 milliseconds

2024-11-12 16:38:00 - [MESSAGE][PASSED] - Browser is opened with url: ''

2024-11-12 16:38:00 - [TEST_STEP][PASSED] - maximizeWindow(): Current window maximized

2024-11-12 16:38:00 - [MESSAGE][PASSED] - Current window maximized

2024-11-12 16:38:00 - [TEST_STEP][PASSED] - navigateToUrl(RADurl): Navigate to 'https://www.velocitypayment.com/client/rad/index.html' successfully

2024-11-12 16:38:00 - [MESSAGE][PASSED] - Navigate to 'https://www.velocitypayment.com/client/rad/index.html' successfully

2024-11-12 16:38:00 - [TEST_STEP][PASSED] - selectOptionByLabel(findTestObject(orPath_Landing + "/dd_TaxType"), "New Tax Return Amount Due", false): All options with label 'New Tax Return Amount Due' are selected in object 'Object Repository/RAD_Pages/Landing_Page/dd_TaxType' 

2024-11-12 16:38:02 - [MESSAGE][PASSED] - All options with label 'New Tax Return Amount Due' are selected in object 'Object Repository/RAD_Pages/Landing_Page/dd_TaxType' 

2024-11-12 16:38:02 - [TEST_STEP][PASSED] - selectOptionByLabel(findTestObject("Object Repository/RAD_Pages/Landing_Page/select_NewTaxReturnAmountDue_TaxType"), TaxType, false): All options with label 'Unclaimed Property' are selected in object 'Object Repository/RAD_Pages/Landing_Page/select_NewTaxReturnAmountDue_TaxType' 

2024-11-12 16:38:03 - [MESSAGE][PASSED] - All options with label 'Unclaimed Property' are selected in object 'Object Repository/RAD_Pages/Landing_Page/select_NewTaxReturnAmountDue_TaxType' 

2024-11-12 16:38:03 - [TEST_STEP][PASSED] - selectOptionByLabel(findTestObject(orPath_TaxTypeFilingYear + "/select_FilingYear"), FilingYear, false): All options with label '2023' are selected in object 'Object Repository/RAD_Pages/TaxTypeFilingYear_Page/select_FilingYear' 

2024-11-12 16:38:03 - [MESSAGE][PASSED] - All options with label '2023' are selected in object 'Object Repository/RAD_Pages/TaxTypeFilingYear_Page/select_FilingYear' 

2024-11-12 16:38:03 - [TEST_STEP][PASSED] - if (month.trim()): All options with label 'August' are selected in object 'Object Repository/RAD_Pages/TaxTypeFilingYear_Page/select_PeriodEnding' 

2024-11-12 16:38:03 - [TEST_STEP][PASSED] - selectOptionByLabel(findTestObject(orPath_TaxTypeFilingYear + "/select_PeriodEnding"), month, false): All options with label 'August' are selected in object 'Object Repository/RAD_Pages/TaxTypeFilingYear_Page/select_PeriodEnding' 

2024-11-12 16:38:04 - [MESSAGE][PASSED] - All options with label 'August' are selected in object 'Object Repository/RAD_Pages/TaxTypeFilingYear_Page/select_PeriodEnding' 

2024-11-12 16:38:04 - [TEST_STEP][PASSED] - rad.getSetDataRAD.setDataRADBusinessName(): rad.getSetDataRAD.setDataRADBusinessName is PASSED

2024-11-12 16:38:05 - [MESSAGE][PASSED] - Text 'My Company' is set on object 'Object Repository/RAD_Pages/Taxpayer_Page/input_businessName'

2024-11-12 16:38:05 - [MESSAGE][PASSED] - rad.getSetDataRAD.setDataRADBusinessName is PASSED

2024-11-12 16:38:05 - [TEST_STEP][PASSED] - rad.getSetDataRAD.setDataRADBusinessRep(): rad.getSetDataRAD.setDataRADBusinessRep is PASSED

2024-11-12 16:38:06 - [MESSAGE][PASSED] - Text 'BusRepFname' is set on object 'Object Repository/RAD_Pages/Taxpayer_Page/input_BusinessRepfirstName'

2024-11-12 16:38:06 - [MESSAGE][PASSED] - Text '' is set on object 'Object Repository/RAD_Pages/Taxpayer_Page/input_BusinessRepmiddleName'

2024-11-12 16:38:07 - [MESSAGE][PASSED] - Text 'BusRepLname' is set on object 'Object Repository/RAD_Pages/Taxpayer_Page/input_BusinessReplastName'

2024-11-12 16:38:08 - [MESSAGE][PASSED] - Text '' is set on object 'Object Repository/RAD_Pages/Taxpayer_Page/input_BusinessRepsuffix'

2024-11-12 16:38:08 - [MESSAGE][PASSED] - rad.getSetDataRAD.setDataRADBusinessRep is PASSED

2024-11-12 16:38:08 - [TEST_STEP][PASSED] - rad.getSetDataRAD.setDataRADAddress(): rad.getSetDataRAD.setDataRADAddress is PASSED

2024-11-12 16:38:09 - [MESSAGE][PASSED] - All options with label 'United States' are selected in object 'Object Repository/RAD_Pages/AddressAndContactInfo_Page/select_Country' 

2024-11-12 16:38:09 - [MESSAGE][PASSED] - Text '2508 Mandan Terrace' is set on object 'Object Repository/RAD_Pages/AddressAndContactInfo_Page/input_streetAddress1'

2024-11-12 16:38:10 - [MESSAGE][PASSED] - Text '' is set on object 'Object Repository/RAD_Pages/AddressAndContactInfo_Page/input_streetAddress2'

2024-11-12 16:38:11 - [MESSAGE][PASSED] - Text 'Gambrills' is set on object 'Object Repository/RAD_Pages/AddressAndContactInfo_Page/input_city'

2024-11-12 16:38:11 - [MESSAGE][PASSED] - All options with label 'Maryland' are selected in object 'Object Repository/RAD_Pages/AddressAndContactInfo_Page/select_State' 

2024-11-12 16:38:12 - [MESSAGE][PASSED] - Text '21054' is set on object 'Object Repository/RAD_Pages/AddressAndContactInfo_Page/input_zipCode'

2024-11-12 16:38:13 - [MESSAGE][PASSED] - Text '(703) 894-5000' is set on object 'Object Repository/RAD_Pages/AddressAndContactInfo_Page/input_phoneNumber'

2024-11-12 16:38:14 - [MESSAGE][PASSED] - Text 'iahmed@govolution.com' is set on object 'Object Repository/RAD_Pages/AddressAndContactInfo_Page/input_eMailAddress'

2024-11-12 16:38:15 - [MESSAGE][PASSED] - Text 'iahmed@govolution.com' is set on object 'Object Repository/RAD_Pages/AddressAndContactInfo_Page/input_reEnterEMailAddress'

2024-11-12 16:38:15 - [MESSAGE][PASSED] - rad.getSetDataRAD.setDataRADAddress is PASSED

2024-11-12 16:38:15 - [TEST_STEP][PASSED] - if (feinSSN.equalsIgnoreCase("Y")): null

2024-11-12 16:38:15 - [TEST_STEP][PASSED] - else: Text ****** has been set on object 'Object Repository/RAD_Pages/TaxInfo_Page/input_FederalEIN_ReEnter'

2024-11-12 16:38:15 - [TEST_STEP][PASSED] - if (!(TaxType.equalsIgnoreCase("Estate Tax"))): Text ****** has been set on object 'Object Repository/RAD_Pages/TaxInfo_Page/input_FederalEIN_ReEnter'

2024-11-12 16:38:15 - [TEST_STEP][PASSED] - setEncryptedText(findTestObject(orPath_TaxInfo + "/input_FederalEIN"), "yXB7JMCbD3QoFF75EQd3iw=="): Text ****** has been set on object 'Object Repository/RAD_Pages/TaxInfo_Page/input_FederalEIN'

2024-11-12 16:38:15 - [MESSAGE][PASSED] - Text ****** has been set on object 'Object Repository/RAD_Pages/TaxInfo_Page/input_FederalEIN'

2024-11-12 16:38:15 - [TEST_STEP][PASSED] - setEncryptedText(findTestObject(orPath_TaxInfo + "/input_FederalEIN_ReEnter"), "yXB7JMCbD3QoFF75EQd3iw=="): Text ****** has been set on object 'Object Repository/RAD_Pages/TaxInfo_Page/input_FederalEIN_ReEnter'

2024-11-12 16:38:16 - [MESSAGE][PASSED] - Text ****** has been set on object 'Object Repository/RAD_Pages/TaxInfo_Page/input_FederalEIN_ReEnter'

2024-11-12 16:38:16 - [TEST_STEP][PASSED] - if (CRN.equalsIgnoreCase("Y")): rad.getSetDataRAD.setDataRADMDCRN is PASSED

2024-11-12 16:38:16 - [TEST_STEP][PASSED] - rad.getSetDataRAD.setDataRADMDCRN(): rad.getSetDataRAD.setDataRADMDCRN is PASSED

2024-11-12 16:38:17 - [MESSAGE][PASSED] - Text '07640126' is set on object 'Object Repository/RAD_Pages/TaxInfo_Page/input_MDCRegistration'

2024-11-12 16:38:17 - [MESSAGE][PASSED] - rad.getSetDataRAD.setDataRADMDCRN is PASSED

2024-11-12 16:38:17 - [TEST_STEP][PASSED] - if (MFLicNum.equalsIgnoreCase("Y")): null

2024-11-12 16:38:17 - [TEST_STEP][PASSED] - if (TaxType.equalsIgnoreCase("Estate Tax")): null

2024-11-12 16:38:17 - [TEST_STEP][PASSED] - setText(findTestObject(orPath_Amount + "/input__paymentAmount"), "100.00"): Text '100.00' is set on object 'Object Repository/RAD_Pages/PaymentAmount_Page/input__paymentAmount'

2024-11-12 16:38:17 - [MESSAGE][PASSED] - Text '100.00' is set on object 'Object Repository/RAD_Pages/PaymentAmount_Page/input__paymentAmount'

2024-11-12 16:38:17 - [TEST_STEP][PASSED] - setText(findTestObject(orPath_AddressContact + "/input_streetAddress2"), ""): Text '' is set on object 'Object Repository/RAD_Pages/AddressAndContactInfo_Page/input_streetAddress2'

2024-11-12 16:38:18 - [MESSAGE][PASSED] - Text '' is set on object 'Object Repository/RAD_Pages/AddressAndContactInfo_Page/input_streetAddress2'

2024-11-12 16:38:18 - [TEST_STEP][PASSED] - scrollToElement(findTestObject(orPath_Landing + "/button_Continue"), 3): Scroll to object 'Object Repository/RAD_Pages/Landing_Page/button_Continue' successfully

2024-11-12 16:38:18 - [MESSAGE][PASSED] - Scroll to object 'Object Repository/RAD_Pages/Landing_Page/button_Continue' successfully

2024-11-12 16:38:18 - [TEST_STEP][PASSED] - waitForElementClickable(findTestObject(orPath_Landing + "/button_Continue"), 5): Object 'Object Repository/RAD_Pages/Landing_Page/button_Continue' is clickable

2024-11-12 16:38:19 - [MESSAGE][PASSED] - Object 'Object Repository/RAD_Pages/Landing_Page/button_Continue' is clickable

2024-11-12 16:38:19 - [TEST_STEP][PASSED] - click(findTestObject(orPath_Landing + "/button_Continue")): Object: 'Object Repository/RAD_Pages/Landing_Page/button_Continue' is clicked on

2024-11-12 16:38:19 - [MESSAGE][PASSED] - Object: 'Object Repository/RAD_Pages/Landing_Page/button_Continue' is clicked on

2024-11-12 16:38:19 - [TEST_STEP][PASSED] - delay(2): Delayed 2 second(s)

2024-11-12 16:38:21 - [MESSAGE][PASSED] - Delayed 2 second(s)

2024-11-12 16:38:21 - [TEST_STEP][PASSED] - verifyTextPresent("Summary", true): Text 'Summary' is present on page  using regular expression

2024-11-12 16:38:21 - [MESSAGE][PASSED] - Text 'Summary' is present on page  using regular expression

2024-11-12 16:38:21 - [TEST_STEP][PASSED] - verifyTextPresent("Review the information below and make any necessary corrections by clicking the", true): Text 'Review the information below and make any necessary corrections by clicking the' is present on page  using regular expression

2024-11-12 16:38:22 - [MESSAGE][PASSED] - Text 'Review the information below and make any necessary corrections by clicking the' is present on page  using regular expression

2024-11-12 16:38:22 - [TEST_STEP][PASSED] - verifyTextPresent("When you are confident that all the information is correct, click the", true): Text 'When you are confident that all the information is correct, click the' is present on page  using regular expression

2024-11-12 16:38:22 - [MESSAGE][PASSED] - Text 'When you are confident that all the information is correct, click the' is present on page  using regular expression

2024-11-12 16:38:22 - [TEST_STEP][PASSED] - verifyTextPresent("Payment Type/Filing Year", true): Text 'Payment Type/Filing Year' is present on page  using regular expression

2024-11-12 16:38:22 - [MESSAGE][PASSED] - Text 'Payment Type/Filing Year' is present on page  using regular expression

2024-11-12 16:38:22 - [TEST_STEP][PASSED] - verifyTextPresent("Payment Type:", true): Text 'Payment Type:' is present on page  using regular expression

2024-11-12 16:38:23 - [MESSAGE][PASSED] - Text 'Payment Type:' is present on page  using regular expression

2024-11-12 16:38:23 - [TEST_STEP][PASSED] - verifyTextPresent("New Tax Return Amount Due", true): Text 'New Tax Return Amount Due' is present on page  using regular expression

2024-11-12 16:38:23 - [MESSAGE][PASSED] - Text 'New Tax Return Amount Due' is present on page  using regular expression

2024-11-12 16:38:23 - [TEST_STEP][PASSED] - verifyTextPresent("Filing Year:", true): Text 'Filing Year:' is present on page  using regular expression

2024-11-12 16:38:23 - [MESSAGE][PASSED] - Text 'Filing Year:' is present on page  using regular expression

2024-11-12 16:38:23 - [TEST_STEP][PASSED] - verifyTextPresent(FilingYear, true): Text '2023' is present on page  using regular expression

2024-11-12 16:38:24 - [MESSAGE][PASSED] - Text '2023' is present on page  using regular expression

2024-11-12 16:38:24 - [TEST_STEP][PASSED] - verifyTextPresent("Payer Information", true): Text 'Payer Information' is present on page  using regular expression

2024-11-12 16:38:24 - [MESSAGE][PASSED] - Text 'Payer Information' is present on page  using regular expression

2024-11-12 16:38:24 - [TEST_STEP][PASSED] - verifyTextPresent("Taxpayer Name:", true): Text 'Taxpayer Name:' is present on page  using regular expression

2024-11-12 16:38:24 - [MESSAGE][PASSED] - Text 'Taxpayer Name:' is present on page  using regular expression

2024-11-12 16:38:24 - [TEST_STEP][PASSED] - verifyTextPresent("My Company", true): Text 'My Company' is present on page  using regular expression

2024-11-12 16:38:25 - [MESSAGE][PASSED] - Text 'My Company' is present on page  using regular expression

2024-11-12 16:38:25 - [TEST_STEP][PASSED] - verifyTextPresent("Business Rep Name:", true): Text 'Business Rep Name:' is present on page  using regular expression

2024-11-12 16:38:25 - [MESSAGE][PASSED] - Text 'Business Rep Name:' is present on page  using regular expression

2024-11-12 16:38:25 - [TEST_STEP][PASSED] - verifyTextPresent("BusRepFname BusRepLname", true): Text 'BusRepFname BusRepLname' is present on page  using regular expression

2024-11-12 16:38:25 - [MESSAGE][PASSED] - Text 'BusRepFname BusRepLname' is present on page  using regular expression

2024-11-12 16:38:25 - [TEST_STEP][PASSED] - verifyTextPresent("Taxpayer Address:", true): Text 'Taxpayer Address:' is present on page  using regular expression

2024-11-12 16:38:26 - [MESSAGE][PASSED] - Text 'Taxpayer Address:' is present on page  using regular expression

2024-11-12 16:38:26 - [TEST_STEP][PASSED] - verifyTextPresent("2508 Mandan Terrace Gambrills Maryland 21054", true): Text '2508 Mandan Terrace Gambrills Maryland 21054' is present on page  using regular expression

2024-11-12 16:38:26 - [MESSAGE][PASSED] - Text '2508 Mandan Terrace Gambrills Maryland 21054' is present on page  using regular expression

2024-11-12 16:38:26 - [TEST_STEP][PASSED] - verifyTextPresent("Email:", true): Text 'Email:' is present on page  using regular expression

2024-11-12 16:38:26 - [MESSAGE][PASSED] - Text 'Email:' is present on page  using regular expression

2024-11-12 16:38:26 - [TEST_STEP][PASSED] - verifyTextPresent("iahmed@govolution.com", true): Text 'iahmed@govolution.com' is present on page  using regular expression

2024-11-12 16:38:27 - [MESSAGE][PASSED] - Text 'iahmed@govolution.com' is present on page  using regular expression

2024-11-12 16:38:27 - [TEST_STEP][PASSED] - verifyTextPresent("Phone:", true): Text 'Phone:' is present on page  using regular expression

2024-11-12 16:38:27 - [MESSAGE][PASSED] - Text 'Phone:' is present on page  using regular expression

2024-11-12 16:38:27 - [TEST_STEP][PASSED] - verifyTextPresent("(703) 894-5000", false): Text '(703) 894-5000' is present on page 

2024-11-12 16:38:27 - [MESSAGE][PASSED] - Text '(703) 894-5000' is present on page 

2024-11-12 16:38:27 - [TEST_STEP][PASSED] - verifyTextPresent("Tax Information", true): Text 'Tax Information' is present on page  using regular expression

2024-11-12 16:38:28 - [MESSAGE][PASSED] - Text 'Tax Information' is present on page  using regular expression

2024-11-12 16:38:28 - [TEST_STEP][PASSED] - verifyTextNotPresent("Notice Number", true): Text 'Notice Number' is not present on page using regular expression

2024-11-12 16:38:28 - [MESSAGE][PASSED] - Text 'Notice Number' is not present on page using regular expression

2024-11-12 16:38:28 - [TEST_STEP][PASSED] - if (month.trim()): Text 'August' is present on page  using regular expression

2024-11-12 16:38:28 - [TEST_STEP][PASSED] - verifyTextPresent("Period Ending", true): Text 'Period Ending' is present on page  using regular expression

2024-11-12 16:38:28 - [MESSAGE][PASSED] - Text 'Period Ending' is present on page  using regular expression

2024-11-12 16:38:28 - [TEST_STEP][PASSED] - verifyTextPresent(month, true): Text 'August' is present on page  using regular expression

2024-11-12 16:38:29 - [MESSAGE][PASSED] - Text 'August' is present on page  using regular expression

2024-11-12 16:38:29 - [TEST_STEP][PASSED] - if (feinSSN.equalsIgnoreCase("Y")): null

2024-11-12 16:38:29 - [TEST_STEP][PASSED] - else: Text 'XXXXXXX87' is present on page  using regular expression

2024-11-12 16:38:29 - [TEST_STEP][PASSED] - if (!(TaxType.equalsIgnoreCase("Estate Tax"))): Text 'XXXXXXX87' is present on page  using regular expression

2024-11-12 16:38:29 - [TEST_STEP][PASSED] - verifyTextPresent("Federal EIN:", true): Text 'Federal EIN:' is present on page  using regular expression

2024-11-12 16:38:29 - [MESSAGE][PASSED] - Text 'Federal EIN:' is present on page  using regular expression

2024-11-12 16:38:29 - [TEST_STEP][PASSED] - verifyTextNotPresent("FEIN/SSN:", true): Text 'FEIN/SSN:' is not present on page using regular expression

2024-11-12 16:38:29 - [MESSAGE][PASSED] - Text 'FEIN/SSN:' is not present on page using regular expression

2024-11-12 16:38:29 - [TEST_STEP][PASSED] - verifyTextPresent("XXXXXXX87", true): Text 'XXXXXXX87' is present on page  using regular expression

2024-11-12 16:38:30 - [MESSAGE][PASSED] - Text 'XXXXXXX87' is present on page  using regular expression

2024-11-12 16:38:30 - [TEST_STEP][PASSED] - if (TaxType.equalsIgnoreCase("Estate Tax")): null

2024-11-12 16:38:30 - [TEST_STEP][PASSED] - if (CRN.equalsIgnoreCase("Y")): Text '07640126' is present on page  using regular expression

2024-11-12 16:38:30 - [TEST_STEP][PASSED] - verifyTextPresent("MD Central Registration Number#:", true): Text 'MD Central Registration Number#:' is present on page  using regular expression

2024-11-12 16:38:30 - [MESSAGE][PASSED] - Text 'MD Central Registration Number#:' is present on page  using regular expression

2024-11-12 16:38:30 - [TEST_STEP][PASSED] - verifyTextPresent("07640126", true): Text '07640126' is present on page  using regular expression

2024-11-12 16:38:30 - [MESSAGE][PASSED] - Text '07640126' is present on page  using regular expression

2024-11-12 16:38:30 - [TEST_STEP][PASSED] - if (MFLicNum.equalsIgnoreCase("Y")): null

2024-11-12 16:38:30 - [TEST_STEP][PASSED] - else: Text 'Motor Fuel License Number#:' is not present on page using regular expression

2024-11-12 16:38:30 - [TEST_STEP][PASSED] - verifyTextNotPresent("Motor Fuel License Number#:", true): Text 'Motor Fuel License Number#:' is not present on page using regular expression

2024-11-12 16:38:31 - [MESSAGE][PASSED] - Text 'Motor Fuel License Number#:' is not present on page using regular expression

2024-11-12 16:38:31 - [TEST_STEP][PASSED] - verifyTextPresent("Payment Amount:", true): Text 'Payment Amount:' is present on page  using regular expression

2024-11-12 16:38:31 - [MESSAGE][PASSED] - Text 'Payment Amount:' is present on page  using regular expression

2024-11-12 16:38:31 - [TEST_STEP][PASSED] - verifyTextPresent("100.00", true): Text '100.00' is present on page  using regular expression

2024-11-12 16:38:31 - [MESSAGE][PASSED] - Text '100.00' is present on page  using regular expression

2024-11-12 16:38:31 - [TEST_STEP][PASSED] - if (verifyElementVisible(findTestObject(orPath_Summary + "/button_Proceed to Payment"))): null

2024-11-12 16:38:32 - [MESSAGE][PASSED] - Object 'Object Repository/RAD_Pages/Summary_Page/button_Proceed to Payment' is visible

2024-11-12 16:38:32 - [TEST_STEP][PASSED] - resText = "Pass": null

2024-11-12 16:38:32 - [TEST_STEP][PASSED] - pages.WriteExcel.demoKey(resText, datText, resColumn, datCloumn, fileLoc, nameSheet, row): pages.WriteExcel.demoKey is PASSED

2024-11-12 16:38:32 - [MESSAGE][PASSED] - pages.WriteExcel.demoKey is PASSED

2024-11-12 16:38:32 - [TEST_STEP][PASSED] - click(findTestObject(orPath_Summary + "/button_Proceed to Payment")): Object: 'Object Repository/RAD_Pages/Summary_Page/button_Proceed to Payment' is clicked on

2024-11-12 16:38:35 - [MESSAGE][PASSED] - Object: 'Object Repository/RAD_Pages/Summary_Page/button_Proceed to Payment' is clicked on

2024-11-12 16:38:35 - [TEST_STEP][PASSED] - verifyElementPresent(findTestObject("Object Repository/RAD_Pages/PaymentEntry_Page/input__billingName"), 30): Object 'Object Repository/RAD_Pages/PaymentEntry_Page/input__billingName' is present

2024-11-12 16:38:35 - [MESSAGE][PASSED] - Object 'Object Repository/RAD_Pages/PaymentEntry_Page/input__billingName' is present

2024-11-12 16:38:35 - [TEST_STEP][PASSED] - ExecuteTC = findTestData(dataFile).getValue("Execute", row): null

2024-11-12 16:38:35 - [TEST_STEP][PASSED] - TaxType = findTestData(dataFile).getValue("TaxType", row): null

2024-11-12 16:38:35 - [TEST_STEP][PASSED] - PaymentType = findTestData(dataFile).getValue("PaymentType", row): null

2024-11-12 16:38:35 - [TEST_STEP][PASSED] - FilingYear = findTestData(dataFile).getValue("Year", row): null

2024-11-12 16:38:35 - [TEST_STEP][PASSED] - feinSSN = findTestData(dataFile).getValue("FeinSsn", row): null

2024-11-12 16:38:35 - [TEST_STEP][PASSED] - CRN = findTestData(dataFile).getValue("CRN", row): null

2024-11-12 16:38:36 - [TEST_STEP][PASSED] - month = findTestData(dataFile).getValue("Month", row): null

2024-11-12 16:38:36 - [TEST_STEP][PASSED] - MFLicNum = findTestData(dataFile).getValue("MFLicNum", row): null

2024-11-12 16:38:36 - [TEST_STEP][PASSED] - if (ExecuteTC.equalsIgnoreCase("Y")): Object 'Object Repository/RAD_Pages/PaymentEntry_Page/input__billingName' is present

2024-11-12 16:38:36 - [TEST_STEP][PASSED] - out.println("Begin Record Number: " + row): null

2024-11-12 16:38:36 - [TEST_STEP][PASSED] - today = new java.util.Date(): null

2024-11-12 16:38:36 - [TEST_STEP][PASSED] - println(today): null

2024-11-12 16:38:36 - [TEST_STEP][PASSED] - datText = today: null

2024-11-12 16:38:36 - [TEST_STEP][PASSED] - logInfo("Payment Type: New Tax Return Amount Due"): Payment Type: New Tax Return Amount Due

2024-11-12 16:38:36 - [MESSAGE][INFO] - Payment Type: New Tax Return Amount Due

2024-11-12 16:38:36 - [TEST_STEP][PASSED] - logInfo("Tax Type: " + TaxType): Tax Type: Withholding Tax

2024-11-12 16:38:36 - [MESSAGE][INFO] - Tax Type: Withholding Tax

2024-11-12 16:38:36 - [TEST_STEP][PASSED] - openBrowser(""): Browser is opened with url: ''

2024-11-12 16:38:36 - [MESSAGE][WARNING] - A browser is already opened. Closing browser and opening a new one

2024-11-12 16:38:37 - [MESSAGE][INFO] - Starting 'Chrome' driver

2024-11-12 16:38:37 - [MESSAGE][INFO] - User set preference: ['acceptInsecureCerts', 'true']

2024-11-12 16:38:37 - [MESSAGE][INFO] - Action delay is set to 0 milliseconds

2024-11-12 16:38:39 - [MESSAGE][PASSED] - Browser is opened with url: ''

2024-11-12 16:38:39 - [TEST_STEP][PASSED] - maximizeWindow(): Current window maximized

2024-11-12 16:38:39 - [MESSAGE][PASSED] - Current window maximized

2024-11-12 16:38:39 - [TEST_STEP][PASSED] - navigateToUrl(RADurl): Navigate to 'https://www.velocitypayment.com/client/rad/index.html' successfully

2024-11-12 16:38:41 - [MESSAGE][PASSED] - Navigate to 'https://www.velocitypayment.com/client/rad/index.html' successfully

2024-11-12 16:38:41 - [TEST_STEP][PASSED] - selectOptionByLabel(findTestObject(orPath_Landing + "/dd_TaxType"), "New Tax Return Amount Due", false): All options with label 'New Tax Return Amount Due' are selected in object 'Object Repository/RAD_Pages/Landing_Page/dd_TaxType' 

2024-11-12 16:38:41 - [MESSAGE][PASSED] - All options with label 'New Tax Return Amount Due' are selected in object 'Object Repository/RAD_Pages/Landing_Page/dd_TaxType' 

2024-11-12 16:38:41 - [TEST_STEP][PASSED] - selectOptionByLabel(findTestObject("Object Repository/RAD_Pages/Landing_Page/select_NewTaxReturnAmountDue_TaxType"), TaxType, false): All options with label 'Withholding Tax' are selected in object 'Object Repository/RAD_Pages/Landing_Page/select_NewTaxReturnAmountDue_TaxType' 

2024-11-12 16:38:42 - [MESSAGE][PASSED] - All options with label 'Withholding Tax' are selected in object 'Object Repository/RAD_Pages/Landing_Page/select_NewTaxReturnAmountDue_TaxType' 

2024-11-12 16:38:42 - [TEST_STEP][PASSED] - selectOptionByLabel(findTestObject(orPath_TaxTypeFilingYear + "/select_FilingYear"), FilingYear, false): All options with label '2023' are selected in object 'Object Repository/RAD_Pages/TaxTypeFilingYear_Page/select_FilingYear' 

2024-11-12 16:38:43 - [MESSAGE][PASSED] - All options with label '2023' are selected in object 'Object Repository/RAD_Pages/TaxTypeFilingYear_Page/select_FilingYear' 

2024-11-12 16:38:43 - [TEST_STEP][PASSED] - if (month.trim()): All options with label 'May' are selected in object 'Object Repository/RAD_Pages/TaxTypeFilingYear_Page/select_PeriodEnding' 

2024-11-12 16:38:43 - [TEST_STEP][PASSED] - selectOptionByLabel(findTestObject(orPath_TaxTypeFilingYear + "/select_PeriodEnding"), month, false): All options with label 'May' are selected in object 'Object Repository/RAD_Pages/TaxTypeFilingYear_Page/select_PeriodEnding' 

2024-11-12 16:38:43 - [MESSAGE][PASSED] - All options with label 'May' are selected in object 'Object Repository/RAD_Pages/TaxTypeFilingYear_Page/select_PeriodEnding' 

2024-11-12 16:38:43 - [TEST_STEP][PASSED] - rad.getSetDataRAD.setDataRADBusinessName(): rad.getSetDataRAD.setDataRADBusinessName is PASSED

2024-11-12 16:38:44 - [MESSAGE][PASSED] - Text 'My Company' is set on object 'Object Repository/RAD_Pages/Taxpayer_Page/input_businessName'

2024-11-12 16:38:44 - [MESSAGE][PASSED] - rad.getSetDataRAD.setDataRADBusinessName is PASSED

2024-11-12 16:38:44 - [TEST_STEP][PASSED] - rad.getSetDataRAD.setDataRADBusinessRep(): rad.getSetDataRAD.setDataRADBusinessRep is PASSED

2024-11-12 16:38:45 - [MESSAGE][PASSED] - Text 'BusRepFname' is set on object 'Object Repository/RAD_Pages/Taxpayer_Page/input_BusinessRepfirstName'

2024-11-12 16:38:46 - [MESSAGE][PASSED] - Text '' is set on object 'Object Repository/RAD_Pages/Taxpayer_Page/input_BusinessRepmiddleName'

2024-11-12 16:38:47 - [MESSAGE][PASSED] - Text 'BusRepLname' is set on object 'Object Repository/RAD_Pages/Taxpayer_Page/input_BusinessReplastName'

2024-11-12 16:38:47 - [MESSAGE][PASSED] - Text '' is set on object 'Object Repository/RAD_Pages/Taxpayer_Page/input_BusinessRepsuffix'

2024-11-12 16:38:47 - [MESSAGE][PASSED] - rad.getSetDataRAD.setDataRADBusinessRep is PASSED

2024-11-12 16:38:47 - [TEST_STEP][PASSED] - rad.getSetDataRAD.setDataRADAddress(): rad.getSetDataRAD.setDataRADAddress is PASSED

2024-11-12 16:38:48 - [MESSAGE][PASSED] - All options with label 'United States' are selected in object 'Object Repository/RAD_Pages/AddressAndContactInfo_Page/select_Country' 

2024-11-12 16:38:49 - [MESSAGE][PASSED] - Text '2508 Mandan Terrace' is set on object 'Object Repository/RAD_Pages/AddressAndContactInfo_Page/input_streetAddress1'

2024-11-12 16:38:49 - [MESSAGE][PASSED] - Text '' is set on object 'Object Repository/RAD_Pages/AddressAndContactInfo_Page/input_streetAddress2'

2024-11-12 16:38:50 - [MESSAGE][PASSED] - Text 'Gambrills' is set on object 'Object Repository/RAD_Pages/AddressAndContactInfo_Page/input_city'

2024-11-12 16:38:51 - [MESSAGE][PASSED] - All options with label 'Maryland' are selected in object 'Object Repository/RAD_Pages/AddressAndContactInfo_Page/select_State' 

2024-11-12 16:38:52 - [MESSAGE][PASSED] - Text '21054' is set on object 'Object Repository/RAD_Pages/AddressAndContactInfo_Page/input_zipCode'

2024-11-12 16:38:52 - [MESSAGE][PASSED] - Text '(703) 894-5000' is set on object 'Object Repository/RAD_Pages/AddressAndContactInfo_Page/input_phoneNumber'

2024-11-12 16:38:53 - [MESSAGE][PASSED] - Text 'iahmed@govolution.com' is set on object 'Object Repository/RAD_Pages/AddressAndContactInfo_Page/input_eMailAddress'

2024-11-12 16:38:54 - [MESSAGE][PASSED] - Text 'iahmed@govolution.com' is set on object 'Object Repository/RAD_Pages/AddressAndContactInfo_Page/input_reEnterEMailAddress'

2024-11-12 16:38:54 - [MESSAGE][PASSED] - rad.getSetDataRAD.setDataRADAddress is PASSED

2024-11-12 16:38:54 - [TEST_STEP][PASSED] - if (feinSSN.equalsIgnoreCase("Y")): null

2024-11-12 16:38:54 - [TEST_STEP][PASSED] - else: Text ****** has been set on object 'Object Repository/RAD_Pages/TaxInfo_Page/input_FederalEIN_ReEnter'

2024-11-12 16:38:54 - [TEST_STEP][PASSED] - if (!(TaxType.equalsIgnoreCase("Estate Tax"))): Text ****** has been set on object 'Object Repository/RAD_Pages/TaxInfo_Page/input_FederalEIN_ReEnter'

2024-11-12 16:38:54 - [TEST_STEP][PASSED] - setEncryptedText(findTestObject(orPath_TaxInfo + "/input_FederalEIN"), "yXB7JMCbD3QoFF75EQd3iw=="): Text ****** has been set on object 'Object Repository/RAD_Pages/TaxInfo_Page/input_FederalEIN'

2024-11-12 16:38:55 - [MESSAGE][PASSED] - Text ****** has been set on object 'Object Repository/RAD_Pages/TaxInfo_Page/input_FederalEIN'

2024-11-12 16:38:55 - [TEST_STEP][PASSED] - setEncryptedText(findTestObject(orPath_TaxInfo + "/input_FederalEIN_ReEnter"), "yXB7JMCbD3QoFF75EQd3iw=="): Text ****** has been set on object 'Object Repository/RAD_Pages/TaxInfo_Page/input_FederalEIN_ReEnter'

2024-11-12 16:38:55 - [MESSAGE][PASSED] - Text ****** has been set on object 'Object Repository/RAD_Pages/TaxInfo_Page/input_FederalEIN_ReEnter'

2024-11-12 16:38:55 - [TEST_STEP][PASSED] - if (CRN.equalsIgnoreCase("Y")): rad.getSetDataRAD.setDataRADMDCRN is PASSED

2024-11-12 16:38:55 - [TEST_STEP][PASSED] - rad.getSetDataRAD.setDataRADMDCRN(): rad.getSetDataRAD.setDataRADMDCRN is PASSED

2024-11-12 16:38:56 - [MESSAGE][PASSED] - Text '07640126' is set on object 'Object Repository/RAD_Pages/TaxInfo_Page/input_MDCRegistration'

2024-11-12 16:38:56 - [MESSAGE][PASSED] - rad.getSetDataRAD.setDataRADMDCRN is PASSED

2024-11-12 16:38:56 - [TEST_STEP][PASSED] - if (MFLicNum.equalsIgnoreCase("Y")): null

2024-11-12 16:38:56 - [TEST_STEP][PASSED] - if (TaxType.equalsIgnoreCase("Estate Tax")): null

2024-11-12 16:38:56 - [TEST_STEP][PASSED] - setText(findTestObject(orPath_Amount + "/input__paymentAmount"), "100.00"): Text '100.00' is set on object 'Object Repository/RAD_Pages/PaymentAmount_Page/input__paymentAmount'

2024-11-12 16:38:57 - [MESSAGE][PASSED] - Text '100.00' is set on object 'Object Repository/RAD_Pages/PaymentAmount_Page/input__paymentAmount'

2024-11-12 16:38:57 - [TEST_STEP][PASSED] - setText(findTestObject(orPath_AddressContact + "/input_streetAddress2"), ""): Text '' is set on object 'Object Repository/RAD_Pages/AddressAndContactInfo_Page/input_streetAddress2'

2024-11-12 16:38:58 - [MESSAGE][PASSED] - Text '' is set on object 'Object Repository/RAD_Pages/AddressAndContactInfo_Page/input_streetAddress2'

2024-11-12 16:38:58 - [TEST_STEP][PASSED] - scrollToElement(findTestObject(orPath_Landing + "/button_Continue"), 3): Scroll to object 'Object Repository/RAD_Pages/Landing_Page/button_Continue' successfully

2024-11-12 16:38:58 - [MESSAGE][PASSED] - Scroll to object 'Object Repository/RAD_Pages/Landing_Page/button_Continue' successfully

2024-11-12 16:38:58 - [TEST_STEP][PASSED] - waitForElementClickable(findTestObject(orPath_Landing + "/button_Continue"), 5): Object 'Object Repository/RAD_Pages/Landing_Page/button_Continue' is clickable

2024-11-12 16:38:58 - [MESSAGE][PASSED] - Object 'Object Repository/RAD_Pages/Landing_Page/button_Continue' is clickable

2024-11-12 16:38:58 - [TEST_STEP][PASSED] - click(findTestObject(orPath_Landing + "/button_Continue")): Object: 'Object Repository/RAD_Pages/Landing_Page/button_Continue' is clicked on

2024-11-12 16:38:59 - [MESSAGE][PASSED] - Object: 'Object Repository/RAD_Pages/Landing_Page/button_Continue' is clicked on

2024-11-12 16:38:59 - [TEST_STEP][PASSED] - delay(2): Delayed 2 second(s)

2024-11-12 16:39:01 - [MESSAGE][PASSED] - Delayed 2 second(s)

2024-11-12 16:39:01 - [TEST_STEP][PASSED] - verifyTextPresent("Summary", true): Text 'Summary' is present on page  using regular expression

2024-11-12 16:39:01 - [MESSAGE][PASSED] - Text 'Summary' is present on page  using regular expression

2024-11-12 16:39:01 - [TEST_STEP][PASSED] - verifyTextPresent("Review the information below and make any necessary corrections by clicking the", true): Text 'Review the information below and make any necessary corrections by clicking the' is present on page  using regular expression

2024-11-12 16:39:01 - [MESSAGE][PASSED] - Text 'Review the information below and make any necessary corrections by clicking the' is present on page  using regular expression

2024-11-12 16:39:01 - [TEST_STEP][PASSED] - verifyTextPresent("When you are confident that all the information is correct, click the", true): Text 'When you are confident that all the information is correct, click the' is present on page  using regular expression

2024-11-12 16:39:02 - [MESSAGE][PASSED] - Text 'When you are confident that all the information is correct, click the' is present on page  using regular expression

2024-11-12 16:39:02 - [TEST_STEP][PASSED] - verifyTextPresent("Payment Type/Filing Year", true): Text 'Payment Type/Filing Year' is present on page  using regular expression

2024-11-12 16:39:02 - [MESSAGE][PASSED] - Text 'Payment Type/Filing Year' is present on page  using regular expression

2024-11-12 16:39:02 - [TEST_STEP][PASSED] - verifyTextPresent("Payment Type:", true): Text 'Payment Type:' is present on page  using regular expression

2024-11-12 16:39:02 - [MESSAGE][PASSED] - Text 'Payment Type:' is present on page  using regular expression

2024-11-12 16:39:02 - [TEST_STEP][PASSED] - verifyTextPresent("New Tax Return Amount Due", true): Text 'New Tax Return Amount Due' is present on page  using regular expression

2024-11-12 16:39:03 - [MESSAGE][PASSED] - Text 'New Tax Return Amount Due' is present on page  using regular expression

2024-11-12 16:39:03 - [TEST_STEP][PASSED] - verifyTextPresent("Filing Year:", true): Text 'Filing Year:' is present on page  using regular expression

2024-11-12 16:39:03 - [MESSAGE][PASSED] - Text 'Filing Year:' is present on page  using regular expression

2024-11-12 16:39:03 - [TEST_STEP][PASSED] - verifyTextPresent(FilingYear, true): Text '2023' is present on page  using regular expression

2024-11-12 16:39:03 - [MESSAGE][PASSED] - Text '2023' is present on page  using regular expression

2024-11-12 16:39:03 - [TEST_STEP][PASSED] - verifyTextPresent("Payer Information", true): Text 'Payer Information' is present on page  using regular expression

2024-11-12 16:39:04 - [MESSAGE][PASSED] - Text 'Payer Information' is present on page  using regular expression

2024-11-12 16:39:04 - [TEST_STEP][PASSED] - verifyTextPresent("Taxpayer Name:", true): Text 'Taxpayer Name:' is present on page  using regular expression

2024-11-12 16:39:04 - [MESSAGE][PASSED] - Text 'Taxpayer Name:' is present on page  using regular expression

2024-11-12 16:39:04 - [TEST_STEP][PASSED] - verifyTextPresent("My Company", true): Text 'My Company' is present on page  using regular expression

2024-11-12 16:39:04 - [MESSAGE][PASSED] - Text 'My Company' is present on page  using regular expression

2024-11-12 16:39:04 - [TEST_STEP][PASSED] - verifyTextPresent("Business Rep Name:", true): Text 'Business Rep Name:' is present on page  using regular expression

2024-11-12 16:39:05 - [MESSAGE][PASSED] - Text 'Business Rep Name:' is present on page  using regular expression

2024-11-12 16:39:05 - [TEST_STEP][PASSED] - verifyTextPresent("BusRepFname BusRepLname", true): Text 'BusRepFname BusRepLname' is present on page  using regular expression

2024-11-12 16:39:05 - [MESSAGE][PASSED] - Text 'BusRepFname BusRepLname' is present on page  using regular expression

2024-11-12 16:39:05 - [TEST_STEP][PASSED] - verifyTextPresent("Taxpayer Address:", true): Text 'Taxpayer Address:' is present on page  using regular expression

2024-11-12 16:39:05 - [MESSAGE][PASSED] - Text 'Taxpayer Address:' is present on page  using regular expression

2024-11-12 16:39:05 - [TEST_STEP][PASSED] - verifyTextPresent("2508 Mandan Terrace Gambrills Maryland 21054", true): Text '2508 Mandan Terrace Gambrills Maryland 21054' is present on page  using regular expression

2024-11-12 16:39:06 - [MESSAGE][PASSED] - Text '2508 Mandan Terrace Gambrills Maryland 21054' is present on page  using regular expression

2024-11-12 16:39:06 - [TEST_STEP][PASSED] - verifyTextPresent("Email:", true): Text 'Email:' is present on page  using regular expression

2024-11-12 16:39:06 - [MESSAGE][PASSED] - Text 'Email:' is present on page  using regular expression

2024-11-12 16:39:06 - [TEST_STEP][PASSED] - verifyTextPresent("iahmed@govolution.com", true): Text 'iahmed@govolution.com' is present on page  using regular expression

2024-11-12 16:39:06 - [MESSAGE][PASSED] - Text 'iahmed@govolution.com' is present on page  using regular expression

2024-11-12 16:39:06 - [TEST_STEP][PASSED] - verifyTextPresent("Phone:", true): Text 'Phone:' is present on page  using regular expression

2024-11-12 16:39:07 - [MESSAGE][PASSED] - Text 'Phone:' is present on page  using regular expression

2024-11-12 16:39:07 - [TEST_STEP][PASSED] - verifyTextPresent("(703) 894-5000", false): Text '(703) 894-5000' is present on page 

2024-11-12 16:39:07 - [MESSAGE][PASSED] - Text '(703) 894-5000' is present on page 

2024-11-12 16:39:07 - [TEST_STEP][PASSED] - verifyTextPresent("Tax Information", true): Text 'Tax Information' is present on page  using regular expression

2024-11-12 16:39:07 - [MESSAGE][PASSED] - Text 'Tax Information' is present on page  using regular expression

2024-11-12 16:39:07 - [TEST_STEP][PASSED] - verifyTextNotPresent("Notice Number", true): Text 'Notice Number' is not present on page using regular expression

2024-11-12 16:39:08 - [MESSAGE][PASSED] - Text 'Notice Number' is not present on page using regular expression

2024-11-12 16:39:08 - [TEST_STEP][PASSED] - if (month.trim()): Text 'May' is present on page  using regular expression

2024-11-12 16:39:08 - [TEST_STEP][PASSED] - verifyTextPresent("Period Ending", true): Text 'Period Ending' is present on page  using regular expression

2024-11-12 16:39:08 - [MESSAGE][PASSED] - Text 'Period Ending' is present on page  using regular expression

2024-11-12 16:39:08 - [TEST_STEP][PASSED] - verifyTextPresent(month, true): Text 'May' is present on page  using regular expression

2024-11-12 16:39:08 - [MESSAGE][PASSED] - Text 'May' is present on page  using regular expression

2024-11-12 16:39:08 - [TEST_STEP][PASSED] - if (feinSSN.equalsIgnoreCase("Y")): null

2024-11-12 16:39:08 - [TEST_STEP][PASSED] - else: Text 'XXXXXXX87' is present on page  using regular expression

2024-11-12 16:39:08 - [TEST_STEP][PASSED] - if (!(TaxType.equalsIgnoreCase("Estate Tax"))): Text 'XXXXXXX87' is present on page  using regular expression

2024-11-12 16:39:08 - [TEST_STEP][PASSED] - verifyTextPresent("Federal EIN:", true): Text 'Federal EIN:' is present on page  using regular expression

2024-11-12 16:39:09 - [MESSAGE][PASSED] - Text 'Federal EIN:' is present on page  using regular expression

2024-11-12 16:39:09 - [TEST_STEP][PASSED] - verifyTextNotPresent("FEIN/SSN:", true): Text 'FEIN/SSN:' is not present on page using regular expression

2024-11-12 16:39:09 - [MESSAGE][PASSED] - Text 'FEIN/SSN:' is not present on page using regular expression

2024-11-12 16:39:09 - [TEST_STEP][PASSED] - verifyTextPresent("XXXXXXX87", true): Text 'XXXXXXX87' is present on page  using regular expression

2024-11-12 16:39:09 - [MESSAGE][PASSED] - Text 'XXXXXXX87' is present on page  using regular expression

2024-11-12 16:39:09 - [TEST_STEP][PASSED] - if (TaxType.equalsIgnoreCase("Estate Tax")): null

2024-11-12 16:39:09 - [TEST_STEP][PASSED] - if (CRN.equalsIgnoreCase("Y")): Text '07640126' is present on page  using regular expression

2024-11-12 16:39:09 - [TEST_STEP][PASSED] - verifyTextPresent("MD Central Registration Number#:", true): Text 'MD Central Registration Number#:' is present on page  using regular expression

2024-11-12 16:39:10 - [MESSAGE][PASSED] - Text 'MD Central Registration Number#:' is present on page  using regular expression

2024-11-12 16:39:10 - [TEST_STEP][PASSED] - verifyTextPresent("07640126", true): Text '07640126' is present on page  using regular expression

2024-11-12 16:39:10 - [MESSAGE][PASSED] - Text '07640126' is present on page  using regular expression

2024-11-12 16:39:10 - [TEST_STEP][PASSED] - if (MFLicNum.equalsIgnoreCase("Y")): null

2024-11-12 16:39:10 - [TEST_STEP][PASSED] - else: Text 'Motor Fuel License Number#:' is not present on page using regular expression

2024-11-12 16:39:10 - [TEST_STEP][PASSED] - verifyTextNotPresent("Motor Fuel License Number#:", true): Text 'Motor Fuel License Number#:' is not present on page using regular expression

2024-11-12 16:39:10 - [MESSAGE][PASSED] - Text 'Motor Fuel License Number#:' is not present on page using regular expression

2024-11-12 16:39:10 - [TEST_STEP][PASSED] - verifyTextPresent("Payment Amount:", true): Text 'Payment Amount:' is present on page  using regular expression

2024-11-12 16:39:11 - [MESSAGE][PASSED] - Text 'Payment Amount:' is present on page  using regular expression

2024-11-12 16:39:11 - [TEST_STEP][PASSED] - verifyTextPresent("100.00", true): Text '100.00' is present on page  using regular expression

2024-11-12 16:39:11 - [MESSAGE][PASSED] - Text '100.00' is present on page  using regular expression

2024-11-12 16:39:11 - [TEST_STEP][PASSED] - if (verifyElementVisible(findTestObject(orPath_Summary + "/button_Proceed to Payment"))): null

2024-11-12 16:39:11 - [MESSAGE][PASSED] - Object 'Object Repository/RAD_Pages/Summary_Page/button_Proceed to Payment' is visible

2024-11-12 16:39:11 - [TEST_STEP][PASSED] - resText = "Pass": null

2024-11-12 16:39:11 - [TEST_STEP][PASSED] - pages.WriteExcel.demoKey(resText, datText, resColumn, datCloumn, fileLoc, nameSheet, row): pages.WriteExcel.demoKey is PASSED

2024-11-12 16:39:11 - [MESSAGE][PASSED] - pages.WriteExcel.demoKey is PASSED

2024-11-12 16:39:11 - [TEST_STEP][PASSED] - click(findTestObject(orPath_Summary + "/button_Proceed to Payment")): Object: 'Object Repository/RAD_Pages/Summary_Page/button_Proceed to Payment' is clicked on

2024-11-12 16:39:14 - [MESSAGE][PASSED] - Object: 'Object Repository/RAD_Pages/Summary_Page/button_Proceed to Payment' is clicked on

2024-11-12 16:39:14 - [TEST_STEP][PASSED] - verifyElementPresent(findTestObject("Object Repository/RAD_Pages/PaymentEntry_Page/input__billingName"), 30): Object 'Object Repository/RAD_Pages/PaymentEntry_Page/input__billingName' is present

2024-11-12 16:39:14 - [MESSAGE][PASSED] - Object 'Object Repository/RAD_Pages/PaymentEntry_Page/input__billingName' is present

2024-11-12 16:39:14 - [TEST_STEP][PASSED] - ExecuteTC = findTestData(dataFile).getValue("Execute", row): null

2024-11-12 16:39:14 - [TEST_STEP][PASSED] - TaxType = findTestData(dataFile).getValue("TaxType", row): null

2024-11-12 16:39:14 - [TEST_STEP][PASSED] - PaymentType = findTestData(dataFile).getValue("PaymentType", row): null

2024-11-12 16:39:15 - [TEST_STEP][PASSED] - FilingYear = findTestData(dataFile).getValue("Year", row): null

2024-11-12 16:39:15 - [TEST_STEP][PASSED] - feinSSN = findTestData(dataFile).getValue("FeinSsn", row): null

2024-11-12 16:39:15 - [TEST_STEP][PASSED] - CRN = findTestData(dataFile).getValue("CRN", row): null

2024-11-12 16:39:15 - [TEST_STEP][PASSED] - month = findTestData(dataFile).getValue("Month", row): null

2024-11-12 16:39:15 - [TEST_STEP][PASSED] - MFLicNum = findTestData(dataFile).getValue("MFLicNum", row): null

2024-11-12 16:39:15 - [TEST_STEP][PASSED] - if (ExecuteTC.equalsIgnoreCase("Y")): Object 'Object Repository/RAD_Pages/PaymentEntry_Page/input__billingName' is present

2024-11-12 16:39:15 - [TEST_STEP][PASSED] - out.println("Begin Record Number: " + row): null

2024-11-12 16:39:15 - [TEST_STEP][PASSED] - today = new java.util.Date(): null

2024-11-12 16:39:15 - [TEST_STEP][PASSED] - println(today): null

2024-11-12 16:39:15 - [TEST_STEP][PASSED] - datText = today: null

2024-11-12 16:39:15 - [TEST_STEP][PASSED] - logInfo("Payment Type: New Tax Return Amount Due"): Payment Type: New Tax Return Amount Due

2024-11-12 16:39:15 - [MESSAGE][INFO] - Payment Type: New Tax Return Amount Due

2024-11-12 16:39:15 - [TEST_STEP][PASSED] - logInfo("Tax Type: " + TaxType): Tax Type: Admissions and Amusement Tax

2024-11-12 16:39:15 - [MESSAGE][INFO] - Tax Type: Admissions and Amusement Tax

2024-11-12 16:39:15 - [TEST_STEP][PASSED] - openBrowser(""): Browser is opened with url: ''

2024-11-12 16:39:15 - [MESSAGE][WARNING] - A browser is already opened. Closing browser and opening a new one

2024-11-12 16:39:16 - [MESSAGE][INFO] - Starting 'Chrome' driver

2024-11-12 16:39:16 - [MESSAGE][INFO] - User set preference: ['acceptInsecureCerts', 'true']

2024-11-12 16:39:16 - [MESSAGE][INFO] - Action delay is set to 0 milliseconds

2024-11-12 16:39:18 - [MESSAGE][PASSED] - Browser is opened with url: ''

2024-11-12 16:39:18 - [TEST_STEP][PASSED] - maximizeWindow(): Current window maximized

2024-11-12 16:39:18 - [MESSAGE][PASSED] - Current window maximized

2024-11-12 16:39:18 - [TEST_STEP][PASSED] - navigateToUrl(RADurl): Navigate to 'https://www.velocitypayment.com/client/rad/index.html' successfully

2024-11-12 16:39:20 - [MESSAGE][PASSED] - Navigate to 'https://www.velocitypayment.com/client/rad/index.html' successfully

2024-11-12 16:39:20 - [TEST_STEP][PASSED] - selectOptionByLabel(findTestObject(orPath_Landing + "/dd_TaxType"), "New Tax Return Amount Due", false): All options with label 'New Tax Return Amount Due' are selected in object 'Object Repository/RAD_Pages/Landing_Page/dd_TaxType' 

2024-11-12 16:39:20 - [MESSAGE][PASSED] - All options with label 'New Tax Return Amount Due' are selected in object 'Object Repository/RAD_Pages/Landing_Page/dd_TaxType' 

2024-11-12 16:39:20 - [TEST_STEP][PASSED] - selectOptionByLabel(findTestObject("Object Repository/RAD_Pages/Landing_Page/select_NewTaxReturnAmountDue_TaxType"), TaxType, false): All options with label 'Admissions and Amusement Tax' are selected in object 'Object Repository/RAD_Pages/Landing_Page/select_NewTaxReturnAmountDue_TaxType' 

2024-11-12 16:39:21 - [MESSAGE][PASSED] - All options with label 'Admissions and Amusement Tax' are selected in object 'Object Repository/RAD_Pages/Landing_Page/select_NewTaxReturnAmountDue_TaxType' 

2024-11-12 16:39:21 - [TEST_STEP][PASSED] - selectOptionByLabel(findTestObject(orPath_TaxTypeFilingYear + "/select_FilingYear"), FilingYear, false): All options with label '2022' are selected in object 'Object Repository/RAD_Pages/TaxTypeFilingYear_Page/select_FilingYear' 

2024-11-12 16:39:22 - [MESSAGE][PASSED] - All options with label '2022' are selected in object 'Object Repository/RAD_Pages/TaxTypeFilingYear_Page/select_FilingYear' 

2024-11-12 16:39:22 - [TEST_STEP][PASSED] - if (month.trim()): All options with label 'February' are selected in object 'Object Repository/RAD_Pages/TaxTypeFilingYear_Page/select_PeriodEnding' 

2024-11-12 16:39:22 - [TEST_STEP][PASSED] - selectOptionByLabel(findTestObject(orPath_TaxTypeFilingYear + "/select_PeriodEnding"), month, false): All options with label 'February' are selected in object 'Object Repository/RAD_Pages/TaxTypeFilingYear_Page/select_PeriodEnding' 

2024-11-12 16:39:23 - [MESSAGE][PASSED] - All options with label 'February' are selected in object 'Object Repository/RAD_Pages/TaxTypeFilingYear_Page/select_PeriodEnding' 

2024-11-12 16:39:23 - [TEST_STEP][PASSED] - rad.getSetDataRAD.setDataRADBusinessName(): rad.getSetDataRAD.setDataRADBusinessName is PASSED

2024-11-12 16:39:23 - [MESSAGE][PASSED] - Text 'My Company' is set on object 'Object Repository/RAD_Pages/Taxpayer_Page/input_businessName'

2024-11-12 16:39:23 - [MESSAGE][PASSED] - rad.getSetDataRAD.setDataRADBusinessName is PASSED

2024-11-12 16:39:23 - [TEST_STEP][PASSED] - rad.getSetDataRAD.setDataRADBusinessRep(): rad.getSetDataRAD.setDataRADBusinessRep is PASSED

2024-11-12 16:39:24 - [MESSAGE][PASSED] - Text 'BusRepFname' is set on object 'Object Repository/RAD_Pages/Taxpayer_Page/input_BusinessRepfirstName'

2024-11-12 16:39:25 - [MESSAGE][PASSED] - Text '' is set on object 'Object Repository/RAD_Pages/Taxpayer_Page/input_BusinessRepmiddleName'

2024-11-12 16:39:26 - [MESSAGE][PASSED] - Text 'BusRepLname' is set on object 'Object Repository/RAD_Pages/Taxpayer_Page/input_BusinessReplastName'

2024-11-12 16:39:26 - [MESSAGE][PASSED] - Text '' is set on object 'Object Repository/RAD_Pages/Taxpayer_Page/input_BusinessRepsuffix'

2024-11-12 16:39:26 - [MESSAGE][PASSED] - rad.getSetDataRAD.setDataRADBusinessRep is PASSED

2024-11-12 16:39:26 - [TEST_STEP][PASSED] - rad.getSetDataRAD.setDataRADAddress(): rad.getSetDataRAD.setDataRADAddress is PASSED

2024-11-12 16:39:27 - [MESSAGE][PASSED] - All options with label 'United States' are selected in object 'Object Repository/RAD_Pages/AddressAndContactInfo_Page/select_Country' 

2024-11-12 16:39:28 - [MESSAGE][PASSED] - Text '2508 Mandan Terrace' is set on object 'Object Repository/RAD_Pages/AddressAndContactInfo_Page/input_streetAddress1'

2024-11-12 16:39:28 - [MESSAGE][PASSED] - Text '' is set on object 'Object Repository/RAD_Pages/AddressAndContactInfo_Page/input_streetAddress2'

2024-11-12 16:39:29 - [MESSAGE][PASSED] - Text 'Gambrills' is set on object 'Object Repository/RAD_Pages/AddressAndContactInfo_Page/input_city'

2024-11-12 16:39:30 - [MESSAGE][PASSED] - All options with label 'Maryland' are selected in object 'Object Repository/RAD_Pages/AddressAndContactInfo_Page/select_State' 

2024-11-12 16:39:31 - [MESSAGE][PASSED] - Text '21054' is set on object 'Object Repository/RAD_Pages/AddressAndContactInfo_Page/input_zipCode'

2024-11-12 16:39:32 - [MESSAGE][PASSED] - Text '(703) 894-5000' is set on object 'Object Repository/RAD_Pages/AddressAndContactInfo_Page/input_phoneNumber'

2024-11-12 16:39:32 - [MESSAGE][PASSED] - Text 'iahmed@govolution.com' is set on object 'Object Repository/RAD_Pages/AddressAndContactInfo_Page/input_eMailAddress'

2024-11-12 16:39:33 - [MESSAGE][PASSED] - Text 'iahmed@govolution.com' is set on object 'Object Repository/RAD_Pages/AddressAndContactInfo_Page/input_reEnterEMailAddress'

2024-11-12 16:39:33 - [MESSAGE][PASSED] - rad.getSetDataRAD.setDataRADAddress is PASSED

2024-11-12 16:39:33 - [TEST_STEP][PASSED] - if (feinSSN.equalsIgnoreCase("Y")): null

2024-11-12 16:39:33 - [TEST_STEP][PASSED] - else: Text ****** has been set on object 'Object Repository/RAD_Pages/TaxInfo_Page/input_FederalEIN_ReEnter'

2024-11-12 16:39:33 - [TEST_STEP][PASSED] - if (!(TaxType.equalsIgnoreCase("Estate Tax"))): Text ****** has been set on object 'Object Repository/RAD_Pages/TaxInfo_Page/input_FederalEIN_ReEnter'

2024-11-12 16:39:33 - [TEST_STEP][PASSED] - setEncryptedText(findTestObject(orPath_TaxInfo + "/input_FederalEIN"), "yXB7JMCbD3QoFF75EQd3iw=="): Text ****** has been set on object 'Object Repository/RAD_Pages/TaxInfo_Page/input_FederalEIN'

2024-11-12 16:39:34 - [MESSAGE][PASSED] - Text ****** has been set on object 'Object Repository/RAD_Pages/TaxInfo_Page/input_FederalEIN'

2024-11-12 16:39:34 - [TEST_STEP][PASSED] - setEncryptedText(findTestObject(orPath_TaxInfo + "/input_FederalEIN_ReEnter"), "yXB7JMCbD3QoFF75EQd3iw=="): Text ****** has been set on object 'Object Repository/RAD_Pages/TaxInfo_Page/input_FederalEIN_ReEnter'

2024-11-12 16:39:34 - [MESSAGE][PASSED] - Text ****** has been set on object 'Object Repository/RAD_Pages/TaxInfo_Page/input_FederalEIN_ReEnter'

2024-11-12 16:39:34 - [TEST_STEP][PASSED] - if (CRN.equalsIgnoreCase("Y")): rad.getSetDataRAD.setDataRADMDCRN is PASSED

2024-11-12 16:39:34 - [TEST_STEP][PASSED] - rad.getSetDataRAD.setDataRADMDCRN(): rad.getSetDataRAD.setDataRADMDCRN is PASSED

2024-11-12 16:39:35 - [MESSAGE][PASSED] - Text '07640126' is set on object 'Object Repository/RAD_Pages/TaxInfo_Page/input_MDCRegistration'

2024-11-12 16:39:35 - [MESSAGE][PASSED] - rad.getSetDataRAD.setDataRADMDCRN is PASSED

2024-11-12 16:39:35 - [TEST_STEP][PASSED] - if (MFLicNum.equalsIgnoreCase("Y")): null

2024-11-12 16:39:35 - [TEST_STEP][PASSED] - if (TaxType.equalsIgnoreCase("Estate Tax")): null

2024-11-12 16:39:35 - [TEST_STEP][PASSED] - setText(findTestObject(orPath_Amount + "/input__paymentAmount"), "100.00"): Text '100.00' is set on object 'Object Repository/RAD_Pages/PaymentAmount_Page/input__paymentAmount'

2024-11-12 16:39:36 - [MESSAGE][PASSED] - Text '100.00' is set on object 'Object Repository/RAD_Pages/PaymentAmount_Page/input__paymentAmount'

2024-11-12 16:39:36 - [TEST_STEP][PASSED] - setText(findTestObject(orPath_AddressContact + "/input_streetAddress2"), ""): Text '' is set on object 'Object Repository/RAD_Pages/AddressAndContactInfo_Page/input_streetAddress2'

2024-11-12 16:39:37 - [MESSAGE][PASSED] - Text '' is set on object 'Object Repository/RAD_Pages/AddressAndContactInfo_Page/input_streetAddress2'

2024-11-12 16:39:37 - [TEST_STEP][PASSED] - scrollToElement(findTestObject(orPath_Landing + "/button_Continue"), 3): Scroll to object 'Object Repository/RAD_Pages/Landing_Page/button_Continue' successfully

2024-11-12 16:39:37 - [MESSAGE][PASSED] - Scroll to object 'Object Repository/RAD_Pages/Landing_Page/button_Continue' successfully

2024-11-12 16:39:37 - [TEST_STEP][PASSED] - waitForElementClickable(findTestObject(orPath_Landing + "/button_Continue"), 5): Object 'Object Repository/RAD_Pages/Landing_Page/button_Continue' is clickable

2024-11-12 16:39:37 - [MESSAGE][PASSED] - Object 'Object Repository/RAD_Pages/Landing_Page/button_Continue' is clickable

2024-11-12 16:39:37 - [TEST_STEP][PASSED] - click(findTestObject(orPath_Landing + "/button_Continue")): Object: 'Object Repository/RAD_Pages/Landing_Page/button_Continue' is clicked on

2024-11-12 16:39:38 - [MESSAGE][PASSED] - Object: 'Object Repository/RAD_Pages/Landing_Page/button_Continue' is clicked on

2024-11-12 16:39:38 - [TEST_STEP][PASSED] - delay(2): Delayed 2 second(s)

2024-11-12 16:39:40 - [MESSAGE][PASSED] - Delayed 2 second(s)

2024-11-12 16:39:40 - [TEST_STEP][PASSED] - verifyTextPresent("Summary", true): Text 'Summary' is present on page  using regular expression

2024-11-12 16:39:40 - [MESSAGE][PASSED] - Text 'Summary' is present on page  using regular expression

2024-11-12 16:39:40 - [TEST_STEP][PASSED] - verifyTextPresent("Review the information below and make any necessary corrections by clicking the", true): Text 'Review the information below and make any necessary corrections by clicking the' is present on page  using regular expression

2024-11-12 16:39:41 - [MESSAGE][PASSED] - Text 'Review the information below and make any necessary corrections by clicking the' is present on page  using regular expression

2024-11-12 16:39:41 - [TEST_STEP][PASSED] - verifyTextPresent("When you are confident that all the information is correct, click the", true): Text 'When you are confident that all the information is correct, click the' is present on page  using regular expression

2024-11-12 16:39:41 - [MESSAGE][PASSED] - Text 'When you are confident that all the information is correct, click the' is present on page  using regular expression

2024-11-12 16:39:41 - [TEST_STEP][PASSED] - verifyTextPresent("Payment Type/Filing Year", true): Text 'Payment Type/Filing Year' is present on page  using regular expression

2024-11-12 16:39:41 - [MESSAGE][PASSED] - Text 'Payment Type/Filing Year' is present on page  using regular expression

2024-11-12 16:39:41 - [TEST_STEP][PASSED] - verifyTextPresent("Payment Type:", true): Text 'Payment Type:' is present on page  using regular expression

2024-11-12 16:39:42 - [MESSAGE][PASSED] - Text 'Payment Type:' is present on page  using regular expression

2024-11-12 16:39:42 - [TEST_STEP][PASSED] - verifyTextPresent("New Tax Return Amount Due", true): Text 'New Tax Return Amount Due' is present on page  using regular expression

2024-11-12 16:39:42 - [MESSAGE][PASSED] - Text 'New Tax Return Amount Due' is present on page  using regular expression

2024-11-12 16:39:42 - [TEST_STEP][PASSED] - verifyTextPresent("Filing Year:", true): Text 'Filing Year:' is present on page  using regular expression

2024-11-12 16:39:42 - [MESSAGE][PASSED] - Text 'Filing Year:' is present on page  using regular expression

2024-11-12 16:39:42 - [TEST_STEP][PASSED] - verifyTextPresent(FilingYear, true): Text '2022' is present on page  using regular expression

2024-11-12 16:39:43 - [MESSAGE][PASSED] - Text '2022' is present on page  using regular expression

2024-11-12 16:39:43 - [TEST_STEP][PASSED] - verifyTextPresent("Payer Information", true): Text 'Payer Information' is present on page  using regular expression

2024-11-12 16:39:43 - [MESSAGE][PASSED] - Text 'Payer Information' is present on page  using regular expression

2024-11-12 16:39:43 - [TEST_STEP][PASSED] - verifyTextPresent("Taxpayer Name:", true): Text 'Taxpayer Name:' is present on page  using regular expression

2024-11-12 16:39:43 - [MESSAGE][PASSED] - Text 'Taxpayer Name:' is present on page  using regular expression

2024-11-12 16:39:43 - [TEST_STEP][PASSED] - verifyTextPresent("My Company", true): Text 'My Company' is present on page  using regular expression

2024-11-12 16:39:44 - [MESSAGE][PASSED] - Text 'My Company' is present on page  using regular expression

2024-11-12 16:39:44 - [TEST_STEP][PASSED] - verifyTextPresent("Business Rep Name:", true): Text 'Business Rep Name:' is present on page  using regular expression

2024-11-12 16:39:44 - [MESSAGE][PASSED] - Text 'Business Rep Name:' is present on page  using regular expression

2024-11-12 16:39:44 - [TEST_STEP][PASSED] - verifyTextPresent("BusRepFname BusRepLname", true): Text 'BusRepFname BusRepLname' is present on page  using regular expression

2024-11-12 16:39:44 - [MESSAGE][PASSED] - Text 'BusRepFname BusRepLname' is present on page  using regular expression

2024-11-12 16:39:44 - [TEST_STEP][PASSED] - verifyTextPresent("Taxpayer Address:", true): Text 'Taxpayer Address:' is present on page  using regular expression

2024-11-12 16:39:45 - [MESSAGE][PASSED] - Text 'Taxpayer Address:' is present on page  using regular expression

2024-11-12 16:39:45 - [TEST_STEP][PASSED] - verifyTextPresent("2508 Mandan Terrace Gambrills Maryland 21054", true): Text '2508 Mandan Terrace Gambrills Maryland 21054' is present on page  using regular expression

2024-11-12 16:39:45 - [MESSAGE][PASSED] - Text '2508 Mandan Terrace Gambrills Maryland 21054' is present on page  using regular expression

2024-11-12 16:39:45 - [TEST_STEP][PASSED] - verifyTextPresent("Email:", true): Text 'Email:' is present on page  using regular expression

2024-11-12 16:39:45 - [MESSAGE][PASSED] - Text 'Email:' is present on page  using regular expression

2024-11-12 16:39:45 - [TEST_STEP][PASSED] - verifyTextPresent("iahmed@govolution.com", true): Text 'iahmed@govolution.com' is present on page  using regular expression

2024-11-12 16:39:46 - [MESSAGE][PASSED] - Text 'iahmed@govolution.com' is present on page  using regular expression

2024-11-12 16:39:46 - [TEST_STEP][PASSED] - verifyTextPresent("Phone:", true): Text 'Phone:' is present on page  using regular expression

2024-11-12 16:39:46 - [MESSAGE][PASSED] - Text 'Phone:' is present on page  using regular expression

2024-11-12 16:39:46 - [TEST_STEP][PASSED] - verifyTextPresent("(703) 894-5000", false): Text '(703) 894-5000' is present on page 

2024-11-12 16:39:46 - [MESSAGE][PASSED] - Text '(703) 894-5000' is present on page 

2024-11-12 16:39:46 - [TEST_STEP][PASSED] - verifyTextPresent("Tax Information", true): Text 'Tax Information' is present on page  using regular expression

2024-11-12 16:39:47 - [MESSAGE][PASSED] - Text 'Tax Information' is present on page  using regular expression

2024-11-12 16:39:47 - [TEST_STEP][PASSED] - verifyTextNotPresent("Notice Number", true): Text 'Notice Number' is not present on page using regular expression

2024-11-12 16:39:47 - [MESSAGE][PASSED] - Text 'Notice Number' is not present on page using regular expression

2024-11-12 16:39:47 - [TEST_STEP][PASSED] - if (month.trim()): Text 'February' is present on page  using regular expression

2024-11-12 16:39:47 - [TEST_STEP][PASSED] - verifyTextPresent("Period Ending", true): Text 'Period Ending' is present on page  using regular expression

2024-11-12 16:39:47 - [MESSAGE][PASSED] - Text 'Period Ending' is present on page  using regular expression

2024-11-12 16:39:47 - [TEST_STEP][PASSED] - verifyTextPresent(month, true): Text 'February' is present on page  using regular expression

2024-11-12 16:39:48 - [MESSAGE][PASSED] - Text 'February' is present on page  using regular expression

2024-11-12 16:39:48 - [TEST_STEP][PASSED] - if (feinSSN.equalsIgnoreCase("Y")): null

2024-11-12 16:39:48 - [TEST_STEP][PASSED] - else: Text 'XXXXXXX87' is present on page  using regular expression

2024-11-12 16:39:48 - [TEST_STEP][PASSED] - if (!(TaxType.equalsIgnoreCase("Estate Tax"))): Text 'XXXXXXX87' is present on page  using regular expression

2024-11-12 16:39:48 - [TEST_STEP][PASSED] - verifyTextPresent("Federal EIN:", true): Text 'Federal EIN:' is present on page  using regular expression

2024-11-12 16:39:48 - [MESSAGE][PASSED] - Text 'Federal EIN:' is present on page  using regular expression

2024-11-12 16:39:48 - [TEST_STEP][PASSED] - verifyTextNotPresent("FEIN/SSN:", true): Text 'FEIN/SSN:' is not present on page using regular expression

2024-11-12 16:39:48 - [MESSAGE][PASSED] - Text 'FEIN/SSN:' is not present on page using regular expression

2024-11-12 16:39:48 - [TEST_STEP][PASSED] - verifyTextPresent("XXXXXXX87", true): Text 'XXXXXXX87' is present on page  using regular expression

2024-11-12 16:39:49 - [MESSAGE][PASSED] - Text 'XXXXXXX87' is present on page  using regular expression

2024-11-12 16:39:49 - [TEST_STEP][PASSED] - if (TaxType.equalsIgnoreCase("Estate Tax")): null

2024-11-12 16:39:49 - [TEST_STEP][PASSED] - if (CRN.equalsIgnoreCase("Y")): Text '07640126' is present on page  using regular expression

2024-11-12 16:39:49 - [TEST_STEP][PASSED] - verifyTextPresent("MD Central Registration Number#:", true): Text 'MD Central Registration Number#:' is present on page  using regular expression

2024-11-12 16:39:49 - [MESSAGE][PASSED] - Text 'MD Central Registration Number#:' is present on page  using regular expression

2024-11-12 16:39:49 - [TEST_STEP][PASSED] - verifyTextPresent("07640126", true): Text '07640126' is present on page  using regular expression

2024-11-12 16:39:49 - [MESSAGE][PASSED] - Text '07640126' is present on page  using regular expression

2024-11-12 16:39:49 - [TEST_STEP][PASSED] - if (MFLicNum.equalsIgnoreCase("Y")): null

2024-11-12 16:39:49 - [TEST_STEP][PASSED] - else: Text 'Motor Fuel License Number#:' is not present on page using regular expression

2024-11-12 16:39:49 - [TEST_STEP][PASSED] - verifyTextNotPresent("Motor Fuel License Number#:", true): Text 'Motor Fuel License Number#:' is not present on page using regular expression

2024-11-12 16:39:50 - [MESSAGE][PASSED] - Text 'Motor Fuel License Number#:' is not present on page using regular expression

2024-11-12 16:39:50 - [TEST_STEP][PASSED] - verifyTextPresent("Payment Amount:", true): Text 'Payment Amount:' is present on page  using regular expression

2024-11-12 16:39:50 - [MESSAGE][PASSED] - Text 'Payment Amount:' is present on page  using regular expression

2024-11-12 16:39:50 - [TEST_STEP][PASSED] - verifyTextPresent("100.00", true): Text '100.00' is present on page  using regular expression

2024-11-12 16:39:50 - [MESSAGE][PASSED] - Text '100.00' is present on page  using regular expression

2024-11-12 16:39:50 - [TEST_STEP][PASSED] - if (verifyElementVisible(findTestObject(orPath_Summary + "/button_Proceed to Payment"))): null

2024-11-12 16:39:51 - [MESSAGE][PASSED] - Object 'Object Repository/RAD_Pages/Summary_Page/button_Proceed to Payment' is visible

2024-11-12 16:39:51 - [TEST_STEP][PASSED] - resText = "Pass": null

2024-11-12 16:39:51 - [TEST_STEP][PASSED] - pages.WriteExcel.demoKey(resText, datText, resColumn, datCloumn, fileLoc, nameSheet, row): pages.WriteExcel.demoKey is PASSED

2024-11-12 16:39:51 - [MESSAGE][PASSED] - pages.WriteExcel.demoKey is PASSED

2024-11-12 16:39:51 - [TEST_STEP][PASSED] - click(findTestObject(orPath_Summary + "/button_Proceed to Payment")): Object: 'Object Repository/RAD_Pages/Summary_Page/button_Proceed to Payment' is clicked on

2024-11-12 16:39:53 - [MESSAGE][PASSED] - Object: 'Object Repository/RAD_Pages/Summary_Page/button_Proceed to Payment' is clicked on

2024-11-12 16:39:53 - [TEST_STEP][PASSED] - verifyElementPresent(findTestObject("Object Repository/RAD_Pages/PaymentEntry_Page/input__billingName"), 30): Object 'Object Repository/RAD_Pages/PaymentEntry_Page/input__billingName' is present

2024-11-12 16:39:53 - [MESSAGE][PASSED] - Object 'Object Repository/RAD_Pages/PaymentEntry_Page/input__billingName' is present

2024-11-12 16:39:53 - [TEST_STEP][PASSED] - ExecuteTC = findTestData(dataFile).getValue("Execute", row): null

2024-11-12 16:39:53 - [TEST_STEP][PASSED] - TaxType = findTestData(dataFile).getValue("TaxType", row): null

2024-11-12 16:39:53 - [TEST_STEP][PASSED] - PaymentType = findTestData(dataFile).getValue("PaymentType", row): null

2024-11-12 16:39:54 - [TEST_STEP][PASSED] - FilingYear = findTestData(dataFile).getValue("Year", row): null

2024-11-12 16:39:54 - [TEST_STEP][PASSED] - feinSSN = findTestData(dataFile).getValue("FeinSsn", row): null

2024-11-12 16:39:54 - [TEST_STEP][PASSED] - CRN = findTestData(dataFile).getValue("CRN", row): null

2024-11-12 16:39:54 - [TEST_STEP][PASSED] - month = findTestData(dataFile).getValue("Month", row): null

2024-11-12 16:39:54 - [TEST_STEP][PASSED] - MFLicNum = findTestData(dataFile).getValue("MFLicNum", row): null

2024-11-12 16:39:54 - [TEST_STEP][PASSED] - if (ExecuteTC.equalsIgnoreCase("Y")): Object 'Object Repository/RAD_Pages/PaymentEntry_Page/input__billingName' is present

2024-11-12 16:39:54 - [TEST_STEP][PASSED] - out.println("Begin Record Number: " + row): null

2024-11-12 16:39:54 - [TEST_STEP][PASSED] - today = new java.util.Date(): null

2024-11-12 16:39:54 - [TEST_STEP][PASSED] - println(today): null

2024-11-12 16:39:54 - [TEST_STEP][PASSED] - datText = today: null

2024-11-12 16:39:54 - [TEST_STEP][PASSED] - logInfo("Payment Type: New Tax Return Amount Due"): Payment Type: New Tax Return Amount Due

2024-11-12 16:39:54 - [MESSAGE][INFO] - Payment Type: New Tax Return Amount Due

2024-11-12 16:39:54 - [TEST_STEP][PASSED] - logInfo("Tax Type: " + TaxType): Tax Type: Alcohol Tax

2024-11-12 16:39:54 - [MESSAGE][INFO] - Tax Type: Alcohol Tax

2024-11-12 16:39:54 - [TEST_STEP][PASSED] - openBrowser(""): Browser is opened with url: ''

2024-11-12 16:39:54 - [MESSAGE][WARNING] - A browser is already opened. Closing browser and opening a new one

2024-11-12 16:39:55 - [MESSAGE][INFO] - Starting 'Chrome' driver

2024-11-12 16:39:55 - [MESSAGE][INFO] - User set preference: ['acceptInsecureCerts', 'true']

2024-11-12 16:39:55 - [MESSAGE][INFO] - Action delay is set to 0 milliseconds

2024-11-12 16:39:57 - [MESSAGE][PASSED] - Browser is opened with url: ''

2024-11-12 16:39:57 - [TEST_STEP][PASSED] - maximizeWindow(): Current window maximized

2024-11-12 16:39:57 - [MESSAGE][PASSED] - Current window maximized

2024-11-12 16:39:57 - [TEST_STEP][PASSED] - navigateToUrl(RADurl): Navigate to 'https://www.velocitypayment.com/client/rad/index.html' successfully

2024-11-12 16:39:59 - [MESSAGE][PASSED] - Navigate to 'https://www.velocitypayment.com/client/rad/index.html' successfully

2024-11-12 16:39:59 - [TEST_STEP][PASSED] - selectOptionByLabel(findTestObject(orPath_Landing + "/dd_TaxType"), "New Tax Return Amount Due", false): All options with label 'New Tax Return Amount Due' are selected in object 'Object Repository/RAD_Pages/Landing_Page/dd_TaxType' 

2024-11-12 16:39:59 - [MESSAGE][PASSED] - All options with label 'New Tax Return Amount Due' are selected in object 'Object Repository/RAD_Pages/Landing_Page/dd_TaxType' 

2024-11-12 16:39:59 - [TEST_STEP][PASSED] - selectOptionByLabel(findTestObject("Object Repository/RAD_Pages/Landing_Page/select_NewTaxReturnAmountDue_TaxType"), TaxType, false): All options with label 'Alcohol Tax' are selected in object 'Object Repository/RAD_Pages/Landing_Page/select_NewTaxReturnAmountDue_TaxType' 

2024-11-12 16:40:00 - [MESSAGE][PASSED] - All options with label 'Alcohol Tax' are selected in object 'Object Repository/RAD_Pages/Landing_Page/select_NewTaxReturnAmountDue_TaxType' 

2024-11-12 16:40:00 - [TEST_STEP][PASSED] - selectOptionByLabel(findTestObject(orPath_TaxTypeFilingYear + "/select_FilingYear"), FilingYear, false): All options with label '2022' are selected in object 'Object Repository/RAD_Pages/TaxTypeFilingYear_Page/select_FilingYear' 

2024-11-12 16:40:01 - [MESSAGE][PASSED] - All options with label '2022' are selected in object 'Object Repository/RAD_Pages/TaxTypeFilingYear_Page/select_FilingYear' 

2024-11-12 16:40:01 - [TEST_STEP][PASSED] - if (month.trim()): All options with label 'January' are selected in object 'Object Repository/RAD_Pages/TaxTypeFilingYear_Page/select_PeriodEnding' 

2024-11-12 16:40:01 - [TEST_STEP][PASSED] - selectOptionByLabel(findTestObject(orPath_TaxTypeFilingYear + "/select_PeriodEnding"), month, false): All options with label 'January' are selected in object 'Object Repository/RAD_Pages/TaxTypeFilingYear_Page/select_PeriodEnding' 

2024-11-12 16:40:01 - [MESSAGE][PASSED] - All options with label 'January' are selected in object 'Object Repository/RAD_Pages/TaxTypeFilingYear_Page/select_PeriodEnding' 

2024-11-12 16:40:01 - [TEST_STEP][PASSED] - rad.getSetDataRAD.setDataRADBusinessName(): rad.getSetDataRAD.setDataRADBusinessName is PASSED

2024-11-12 16:40:02 - [MESSAGE][PASSED] - Text 'My Company' is set on object 'Object Repository/RAD_Pages/Taxpayer_Page/input_businessName'

2024-11-12 16:40:02 - [MESSAGE][PASSED] - rad.getSetDataRAD.setDataRADBusinessName is PASSED

2024-11-12 16:40:02 - [TEST_STEP][PASSED] - rad.getSetDataRAD.setDataRADBusinessRep(): rad.getSetDataRAD.setDataRADBusinessRep is PASSED

2024-11-12 16:40:03 - [MESSAGE][PASSED] - Text 'BusRepFname' is set on object 'Object Repository/RAD_Pages/Taxpayer_Page/input_BusinessRepfirstName'

2024-11-12 16:40:04 - [MESSAGE][PASSED] - Text '' is set on object 'Object Repository/RAD_Pages/Taxpayer_Page/input_BusinessRepmiddleName'

2024-11-12 16:40:04 - [MESSAGE][PASSED] - Text 'BusRepLname' is set on object 'Object Repository/RAD_Pages/Taxpayer_Page/input_BusinessReplastName'

2024-11-12 16:40:05 - [MESSAGE][PASSED] - Text '' is set on object 'Object Repository/RAD_Pages/Taxpayer_Page/input_BusinessRepsuffix'

2024-11-12 16:40:05 - [MESSAGE][PASSED] - rad.getSetDataRAD.setDataRADBusinessRep is PASSED

2024-11-12 16:40:05 - [TEST_STEP][PASSED] - rad.getSetDataRAD.setDataRADAddress(): rad.getSetDataRAD.setDataRADAddress is PASSED

2024-11-12 16:40:06 - [MESSAGE][PASSED] - All options with label 'United States' are selected in object 'Object Repository/RAD_Pages/AddressAndContactInfo_Page/select_Country' 

2024-11-12 16:40:07 - [MESSAGE][PASSED] - Text '2508 Mandan Terrace' is set on object 'Object Repository/RAD_Pages/AddressAndContactInfo_Page/input_streetAddress1'

2024-11-12 16:40:07 - [MESSAGE][PASSED] - Text '' is set on object 'Object Repository/RAD_Pages/AddressAndContactInfo_Page/input_streetAddress2'

2024-11-12 16:40:08 - [MESSAGE][PASSED] - Text 'Gambrills' is set on object 'Object Repository/RAD_Pages/AddressAndContactInfo_Page/input_city'

2024-11-12 16:40:09 - [MESSAGE][PASSED] - All options with label 'Maryland' are selected in object 'Object Repository/RAD_Pages/AddressAndContactInfo_Page/select_State' 

2024-11-12 16:40:10 - [MESSAGE][PASSED] - Text '21054' is set on object 'Object Repository/RAD_Pages/AddressAndContactInfo_Page/input_zipCode'

2024-11-12 16:40:10 - [MESSAGE][PASSED] - Text '(703) 894-5000' is set on object 'Object Repository/RAD_Pages/AddressAndContactInfo_Page/input_phoneNumber'

2024-11-12 16:40:11 - [MESSAGE][PASSED] - Text 'iahmed@govolution.com' is set on object 'Object Repository/RAD_Pages/AddressAndContactInfo_Page/input_eMailAddress'

2024-11-12 16:40:12 - [MESSAGE][PASSED] - Text 'iahmed@govolution.com' is set on object 'Object Repository/RAD_Pages/AddressAndContactInfo_Page/input_reEnterEMailAddress'

2024-11-12 16:40:12 - [MESSAGE][PASSED] - rad.getSetDataRAD.setDataRADAddress is PASSED

2024-11-12 16:40:12 - [TEST_STEP][PASSED] - if (feinSSN.equalsIgnoreCase("Y")): null

2024-11-12 16:40:12 - [TEST_STEP][PASSED] - else: Text ****** has been set on object 'Object Repository/RAD_Pages/TaxInfo_Page/input_FederalEIN_ReEnter'

2024-11-12 16:40:12 - [TEST_STEP][PASSED] - if (!(TaxType.equalsIgnoreCase("Estate Tax"))): Text ****** has been set on object 'Object Repository/RAD_Pages/TaxInfo_Page/input_FederalEIN_ReEnter'

2024-11-12 16:40:12 - [TEST_STEP][PASSED] - setEncryptedText(findTestObject(orPath_TaxInfo + "/input_FederalEIN"), "yXB7JMCbD3QoFF75EQd3iw=="): Text ****** has been set on object 'Object Repository/RAD_Pages/TaxInfo_Page/input_FederalEIN'

2024-11-12 16:40:13 - [MESSAGE][PASSED] - Text ****** has been set on object 'Object Repository/RAD_Pages/TaxInfo_Page/input_FederalEIN'

2024-11-12 16:40:13 - [TEST_STEP][PASSED] - setEncryptedText(findTestObject(orPath_TaxInfo + "/input_FederalEIN_ReEnter"), "yXB7JMCbD3QoFF75EQd3iw=="): Text ****** has been set on object 'Object Repository/RAD_Pages/TaxInfo_Page/input_FederalEIN_ReEnter'

2024-11-12 16:40:13 - [MESSAGE][PASSED] - Text ****** has been set on object 'Object Repository/RAD_Pages/TaxInfo_Page/input_FederalEIN_ReEnter'

2024-11-12 16:40:13 - [TEST_STEP][PASSED] - if (CRN.equalsIgnoreCase("Y")): rad.getSetDataRAD.setDataRADMDCRN is PASSED

2024-11-12 16:40:13 - [TEST_STEP][PASSED] - rad.getSetDataRAD.setDataRADMDCRN(): rad.getSetDataRAD.setDataRADMDCRN is PASSED

2024-11-12 16:40:14 - [MESSAGE][PASSED] - Text '07640126' is set on object 'Object Repository/RAD_Pages/TaxInfo_Page/input_MDCRegistration'

2024-11-12 16:40:14 - [MESSAGE][PASSED] - rad.getSetDataRAD.setDataRADMDCRN is PASSED

2024-11-12 16:40:14 - [TEST_STEP][PASSED] - if (MFLicNum.equalsIgnoreCase("Y")): null

2024-11-12 16:40:14 - [TEST_STEP][PASSED] - if (TaxType.equalsIgnoreCase("Estate Tax")): null

2024-11-12 16:40:14 - [TEST_STEP][PASSED] - setText(findTestObject(orPath_Amount + "/input__paymentAmount"), "100.00"): Text '100.00' is set on object 'Object Repository/RAD_Pages/PaymentAmount_Page/input__paymentAmount'

2024-11-12 16:40:15 - [MESSAGE][PASSED] - Text '100.00' is set on object 'Object Repository/RAD_Pages/PaymentAmount_Page/input__paymentAmount'

2024-11-12 16:40:15 - [TEST_STEP][PASSED] - setText(findTestObject(orPath_AddressContact + "/input_streetAddress2"), ""): Text '' is set on object 'Object Repository/RAD_Pages/AddressAndContactInfo_Page/input_streetAddress2'

2024-11-12 16:40:15 - [MESSAGE][PASSED] - Text '' is set on object 'Object Repository/RAD_Pages/AddressAndContactInfo_Page/input_streetAddress2'

2024-11-12 16:40:15 - [TEST_STEP][PASSED] - scrollToElement(findTestObject(orPath_Landing + "/button_Continue"), 3): Scroll to object 'Object Repository/RAD_Pages/Landing_Page/button_Continue' successfully

2024-11-12 16:40:16 - [MESSAGE][PASSED] - Scroll to object 'Object Repository/RAD_Pages/Landing_Page/button_Continue' successfully

2024-11-12 16:40:16 - [TEST_STEP][PASSED] - waitForElementClickable(findTestObject(orPath_Landing + "/button_Continue"), 5): Object 'Object Repository/RAD_Pages/Landing_Page/button_Continue' is clickable

2024-11-12 16:40:16 - [MESSAGE][PASSED] - Object 'Object Repository/RAD_Pages/Landing_Page/button_Continue' is clickable

2024-11-12 16:40:16 - [TEST_STEP][PASSED] - click(findTestObject(orPath_Landing + "/button_Continue")): Object: 'Object Repository/RAD_Pages/Landing_Page/button_Continue' is clicked on

2024-11-12 16:40:16 - [MESSAGE][PASSED] - Object: 'Object Repository/RAD_Pages/Landing_Page/button_Continue' is clicked on

2024-11-12 16:40:16 - [TEST_STEP][PASSED] - delay(2): Delayed 2 second(s)

2024-11-12 16:40:18 - [MESSAGE][PASSED] - Delayed 2 second(s)

2024-11-12 16:40:18 - [TEST_STEP][PASSED] - verifyTextPresent("Summary", true): Text 'Summary' is present on page  using regular expression

2024-11-12 16:40:19 - [MESSAGE][PASSED] - Text 'Summary' is present on page  using regular expression

2024-11-12 16:40:19 - [TEST_STEP][PASSED] - verifyTextPresent("Review the information below and make any necessary corrections by clicking the", true): Text 'Review the information below and make any necessary corrections by clicking the' is present on page  using regular expression

2024-11-12 16:40:19 - [MESSAGE][PASSED] - Text 'Review the information below and make any necessary corrections by clicking the' is present on page  using regular expression

2024-11-12 16:40:19 - [TEST_STEP][PASSED] - verifyTextPresent("When you are confident that all the information is correct, click the", true): Text 'When you are confident that all the information is correct, click the' is present on page  using regular expression

2024-11-12 16:40:19 - [MESSAGE][PASSED] - Text 'When you are confident that all the information is correct, click the' is present on page  using regular expression

2024-11-12 16:40:19 - [TEST_STEP][PASSED] - verifyTextPresent("Payment Type/Filing Year", true): Text 'Payment Type/Filing Year' is present on page  using regular expression

2024-11-12 16:40:20 - [MESSAGE][PASSED] - Text 'Payment Type/Filing Year' is present on page  using regular expression

2024-11-12 16:40:20 - [TEST_STEP][PASSED] - verifyTextPresent("Payment Type:", true): Text 'Payment Type:' is present on page  using regular expression

2024-11-12 16:40:20 - [MESSAGE][PASSED] - Text 'Payment Type:' is present on page  using regular expression

2024-11-12 16:40:20 - [TEST_STEP][PASSED] - verifyTextPresent("New Tax Return Amount Due", true): Text 'New Tax Return Amount Due' is present on page  using regular expression

2024-11-12 16:40:20 - [MESSAGE][PASSED] - Text 'New Tax Return Amount Due' is present on page  using regular expression

2024-11-12 16:40:20 - [TEST_STEP][PASSED] - verifyTextPresent("Filing Year:", true): Text 'Filing Year:' is present on page  using regular expression

2024-11-12 16:40:21 - [MESSAGE][PASSED] - Text 'Filing Year:' is present on page  using regular expression

2024-11-12 16:40:21 - [TEST_STEP][PASSED] - verifyTextPresent(FilingYear, true): Text '2022' is present on page  using regular expression

2024-11-12 16:40:21 - [MESSAGE][PASSED] - Text '2022' is present on page  using regular expression

2024-11-12 16:40:21 - [TEST_STEP][PASSED] - verifyTextPresent("Payer Information", true): Text 'Payer Information' is present on page  using regular expression

2024-11-12 16:40:21 - [MESSAGE][PASSED] - Text 'Payer Information' is present on page  using regular expression

2024-11-12 16:40:21 - [TEST_STEP][PASSED] - verifyTextPresent("Taxpayer Name:", true): Text 'Taxpayer Name:' is present on page  using regular expression

2024-11-12 16:40:22 - [MESSAGE][PASSED] - Text 'Taxpayer Name:' is present on page  using regular expression

2024-11-12 16:40:22 - [TEST_STEP][PASSED] - verifyTextPresent("My Company", true): Text 'My Company' is present on page  using regular expression

2024-11-12 16:40:22 - [MESSAGE][PASSED] - Text 'My Company' is present on page  using regular expression

2024-11-12 16:40:22 - [TEST_STEP][PASSED] - verifyTextPresent("Business Rep Name:", true): Text 'Business Rep Name:' is present on page  using regular expression

2024-11-12 16:40:22 - [MESSAGE][PASSED] - Text 'Business Rep Name:' is present on page  using regular expression

2024-11-12 16:40:22 - [TEST_STEP][PASSED] - verifyTextPresent("BusRepFname BusRepLname", true): Text 'BusRepFname BusRepLname' is present on page  using regular expression

2024-11-12 16:40:23 - [MESSAGE][PASSED] - Text 'BusRepFname BusRepLname' is present on page  using regular expression

2024-11-12 16:40:23 - [TEST_STEP][PASSED] - verifyTextPresent("Taxpayer Address:", true): Text 'Taxpayer Address:' is present on page  using regular expression

2024-11-12 16:40:23 - [MESSAGE][PASSED] - Text 'Taxpayer Address:' is present on page  using regular expression

2024-11-12 16:40:23 - [TEST_STEP][PASSED] - verifyTextPresent("2508 Mandan Terrace Gambrills Maryland 21054", true): Text '2508 Mandan Terrace Gambrills Maryland 21054' is present on page  using regular expression

2024-11-12 16:40:23 - [MESSAGE][PASSED] - Text '2508 Mandan Terrace Gambrills Maryland 21054' is present on page  using regular expression

2024-11-12 16:40:23 - [TEST_STEP][PASSED] - verifyTextPresent("Email:", true): Text 'Email:' is present on page  using regular expression

2024-11-12 16:40:24 - [MESSAGE][PASSED] - Text 'Email:' is present on page  using regular expression

2024-11-12 16:40:24 - [TEST_STEP][PASSED] - verifyTextPresent("iahmed@govolution.com", true): Text 'iahmed@govolution.com' is present on page  using regular expression

2024-11-12 16:40:24 - [MESSAGE][PASSED] - Text 'iahmed@govolution.com' is present on page  using regular expression

2024-11-12 16:40:24 - [TEST_STEP][PASSED] - verifyTextPresent("Phone:", true): Text 'Phone:' is present on page  using regular expression

2024-11-12 16:40:24 - [MESSAGE][PASSED] - Text 'Phone:' is present on page  using regular expression

2024-11-12 16:40:24 - [TEST_STEP][PASSED] - verifyTextPresent("(703) 894-5000", false): Text '(703) 894-5000' is present on page 

2024-11-12 16:40:25 - [MESSAGE][PASSED] - Text '(703) 894-5000' is present on page 

2024-11-12 16:40:25 - [TEST_STEP][PASSED] - verifyTextPresent("Tax Information", true): Text 'Tax Information' is present on page  using regular expression

2024-11-12 16:40:25 - [MESSAGE][PASSED] - Text 'Tax Information' is present on page  using regular expression

2024-11-12 16:40:25 - [TEST_STEP][PASSED] - verifyTextNotPresent("Notice Number", true): Text 'Notice Number' is not present on page using regular expression

2024-11-12 16:40:25 - [MESSAGE][PASSED] - Text 'Notice Number' is not present on page using regular expression

2024-11-12 16:40:25 - [TEST_STEP][PASSED] - if (month.trim()): Text 'January' is present on page  using regular expression

2024-11-12 16:40:25 - [TEST_STEP][PASSED] - verifyTextPresent("Period Ending", true): Text 'Period Ending' is present on page  using regular expression

2024-11-12 16:40:26 - [MESSAGE][PASSED] - Text 'Period Ending' is present on page  using regular expression

2024-11-12 16:40:26 - [TEST_STEP][PASSED] - verifyTextPresent(month, true): Text 'January' is present on page  using regular expression

2024-11-12 16:40:26 - [MESSAGE][PASSED] - Text 'January' is present on page  using regular expression

2024-11-12 16:40:26 - [TEST_STEP][PASSED] - if (feinSSN.equalsIgnoreCase("Y")): null

2024-11-12 16:40:26 - [TEST_STEP][PASSED] - else: Text 'XXXXXXX87' is present on page  using regular expression

2024-11-12 16:40:26 - [TEST_STEP][PASSED] - if (!(TaxType.equalsIgnoreCase("Estate Tax"))): Text 'XXXXXXX87' is present on page  using regular expression

2024-11-12 16:40:26 - [TEST_STEP][PASSED] - verifyTextPresent("Federal EIN:", true): Text 'Federal EIN:' is present on page  using regular expression

2024-11-12 16:40:26 - [MESSAGE][PASSED] - Text 'Federal EIN:' is present on page  using regular expression

2024-11-12 16:40:26 - [TEST_STEP][PASSED] - verifyTextNotPresent("FEIN/SSN:", true): Text 'FEIN/SSN:' is not present on page using regular expression

2024-11-12 16:40:27 - [MESSAGE][PASSED] - Text 'FEIN/SSN:' is not present on page using regular expression

2024-11-12 16:40:27 - [TEST_STEP][PASSED] - verifyTextPresent("XXXXXXX87", true): Text 'XXXXXXX87' is present on page  using regular expression

2024-11-12 16:40:27 - [MESSAGE][PASSED] - Text 'XXXXXXX87' is present on page  using regular expression

2024-11-12 16:40:27 - [TEST_STEP][PASSED] - if (TaxType.equalsIgnoreCase("Estate Tax")): null

2024-11-12 16:40:27 - [TEST_STEP][PASSED] - if (CRN.equalsIgnoreCase("Y")): Text '07640126' is present on page  using regular expression

2024-11-12 16:40:27 - [TEST_STEP][PASSED] - verifyTextPresent("MD Central Registration Number#:", true): Text 'MD Central Registration Number#:' is present on page  using regular expression

2024-11-12 16:40:27 - [MESSAGE][PASSED] - Text 'MD Central Registration Number#:' is present on page  using regular expression

2024-11-12 16:40:27 - [TEST_STEP][PASSED] - verifyTextPresent("07640126", true): Text '07640126' is present on page  using regular expression

2024-11-12 16:40:28 - [MESSAGE][PASSED] - Text '07640126' is present on page  using regular expression

2024-11-12 16:40:28 - [TEST_STEP][PASSED] - if (MFLicNum.equalsIgnoreCase("Y")): null

2024-11-12 16:40:28 - [TEST_STEP][PASSED] - else: Text 'Motor Fuel License Number#:' is not present on page using regular expression

2024-11-12 16:40:28 - [TEST_STEP][PASSED] - verifyTextNotPresent("Motor Fuel License Number#:", true): Text 'Motor Fuel License Number#:' is not present on page using regular expression

2024-11-12 16:40:28 - [MESSAGE][PASSED] - Text 'Motor Fuel License Number#:' is not present on page using regular expression

2024-11-12 16:40:28 - [TEST_STEP][PASSED] - verifyTextPresent("Payment Amount:", true): Text 'Payment Amount:' is present on page  using regular expression

2024-11-12 16:40:28 - [MESSAGE][PASSED] - Text 'Payment Amount:' is present on page  using regular expression

2024-11-12 16:40:28 - [TEST_STEP][PASSED] - verifyTextPresent("100.00", true): Text '100.00' is present on page  using regular expression

2024-11-12 16:40:29 - [MESSAGE][PASSED] - Text '100.00' is present on page  using regular expression

2024-11-12 16:40:29 - [TEST_STEP][PASSED] - if (verifyElementVisible(findTestObject(orPath_Summary + "/button_Proceed to Payment"))): null

2024-11-12 16:40:29 - [MESSAGE][PASSED] - Object 'Object Repository/RAD_Pages/Summary_Page/button_Proceed to Payment' is visible

2024-11-12 16:40:29 - [TEST_STEP][PASSED] - resText = "Pass": null

2024-11-12 16:40:29 - [TEST_STEP][PASSED] - pages.WriteExcel.demoKey(resText, datText, resColumn, datCloumn, fileLoc, nameSheet, row): pages.WriteExcel.demoKey is PASSED

2024-11-12 16:40:29 - [MESSAGE][PASSED] - pages.WriteExcel.demoKey is PASSED

2024-11-12 16:40:29 - [TEST_STEP][PASSED] - click(findTestObject(orPath_Summary + "/button_Proceed to Payment")): Object: 'Object Repository/RAD_Pages/Summary_Page/button_Proceed to Payment' is clicked on

2024-11-12 16:40:33 - [MESSAGE][PASSED] - Object: 'Object Repository/RAD_Pages/Summary_Page/button_Proceed to Payment' is clicked on

2024-11-12 16:40:33 - [TEST_STEP][PASSED] - verifyElementPresent(findTestObject("Object Repository/RAD_Pages/PaymentEntry_Page/input__billingName"), 30): Object 'Object Repository/RAD_Pages/PaymentEntry_Page/input__billingName' is present

2024-11-12 16:40:34 - [MESSAGE][PASSED] - Object 'Object Repository/RAD_Pages/PaymentEntry_Page/input__billingName' is present

2024-11-12 16:40:34 - [TEST_STEP][PASSED] - ExecuteTC = findTestData(dataFile).getValue("Execute", row): null

2024-11-12 16:40:34 - [TEST_STEP][PASSED] - TaxType = findTestData(dataFile).getValue("TaxType", row): null

2024-11-12 16:40:34 - [TEST_STEP][PASSED] - PaymentType = findTestData(dataFile).getValue("PaymentType", row): null

2024-11-12 16:40:34 - [TEST_STEP][PASSED] - FilingYear = findTestData(dataFile).getValue("Year", row): null

2024-11-12 16:40:34 - [TEST_STEP][PASSED] - feinSSN = findTestData(dataFile).getValue("FeinSsn", row): null

2024-11-12 16:40:34 - [TEST_STEP][PASSED] - CRN = findTestData(dataFile).getValue("CRN", row): null

2024-11-12 16:40:34 - [TEST_STEP][PASSED] - month = findTestData(dataFile).getValue("Month", row): null

2024-11-12 16:40:34 - [TEST_STEP][PASSED] - MFLicNum = findTestData(dataFile).getValue("MFLicNum", row): null

2024-11-12 16:40:34 - [TEST_STEP][PASSED] - if (ExecuteTC.equalsIgnoreCase("Y")): Object 'Object Repository/RAD_Pages/PaymentEntry_Page/input__billingName' is present

2024-11-12 16:40:34 - [TEST_STEP][PASSED] - out.println("Begin Record Number: " + row): null

2024-11-12 16:40:34 - [TEST_STEP][PASSED] - today = new java.util.Date(): null

2024-11-12 16:40:34 - [TEST_STEP][PASSED] - println(today): null

2024-11-12 16:40:34 - [TEST_STEP][PASSED] - datText = today: null

2024-11-12 16:40:34 - [TEST_STEP][PASSED] - logInfo("Payment Type: New Tax Return Amount Due"): Payment Type: New Tax Return Amount Due

2024-11-12 16:40:34 - [MESSAGE][INFO] - Payment Type: New Tax Return Amount Due

2024-11-12 16:40:34 - [TEST_STEP][PASSED] - logInfo("Tax Type: " + TaxType): Tax Type: Bay Restoration Fee

2024-11-12 16:40:34 - [MESSAGE][INFO] - Tax Type: Bay Restoration Fee

2024-11-12 16:40:34 - [TEST_STEP][PASSED] - openBrowser(""): Browser is opened with url: ''

2024-11-12 16:40:34 - [MESSAGE][WARNING] - A browser is already opened. Closing browser and opening a new one

2024-11-12 16:40:36 - [MESSAGE][INFO] - Starting 'Chrome' driver

2024-11-12 16:40:36 - [MESSAGE][INFO] - User set preference: ['acceptInsecureCerts', 'true']

2024-11-12 16:40:36 - [MESSAGE][INFO] - Action delay is set to 0 milliseconds

2024-11-12 16:40:38 - [MESSAGE][PASSED] - Browser is opened with url: ''

2024-11-12 16:40:38 - [TEST_STEP][PASSED] - maximizeWindow(): Current window maximized

2024-11-12 16:40:38 - [MESSAGE][PASSED] - Current window maximized

2024-11-12 16:40:38 - [TEST_STEP][PASSED] - navigateToUrl(RADurl): Navigate to 'https://www.velocitypayment.com/client/rad/index.html' successfully

2024-11-12 16:40:41 - [MESSAGE][PASSED] - Navigate to 'https://www.velocitypayment.com/client/rad/index.html' successfully

2024-11-12 16:40:41 - [TEST_STEP][PASSED] - selectOptionByLabel(findTestObject(orPath_Landing + "/dd_TaxType"), "New Tax Return Amount Due", false): All options with label 'New Tax Return Amount Due' are selected in object 'Object Repository/RAD_Pages/Landing_Page/dd_TaxType' 

2024-11-12 16:40:42 - [MESSAGE][PASSED] - All options with label 'New Tax Return Amount Due' are selected in object 'Object Repository/RAD_Pages/Landing_Page/dd_TaxType' 

2024-11-12 16:40:42 - [TEST_STEP][PASSED] - selectOptionByLabel(findTestObject("Object Repository/RAD_Pages/Landing_Page/select_NewTaxReturnAmountDue_TaxType"), TaxType, false): All options with label 'Bay Restoration Fee' are selected in object 'Object Repository/RAD_Pages/Landing_Page/select_NewTaxReturnAmountDue_TaxType' 

2024-11-12 16:40:42 - [MESSAGE][PASSED] - All options with label 'Bay Restoration Fee' are selected in object 'Object Repository/RAD_Pages/Landing_Page/select_NewTaxReturnAmountDue_TaxType' 

2024-11-12 16:40:42 - [TEST_STEP][PASSED] - selectOptionByLabel(findTestObject(orPath_TaxTypeFilingYear + "/select_FilingYear"), FilingYear, false): All options with label '2022' are selected in object 'Object Repository/RAD_Pages/TaxTypeFilingYear_Page/select_FilingYear' 

2024-11-12 16:40:43 - [MESSAGE][PASSED] - All options with label '2022' are selected in object 'Object Repository/RAD_Pages/TaxTypeFilingYear_Page/select_FilingYear' 

2024-11-12 16:40:43 - [TEST_STEP][PASSED] - if (month.trim()): All options with label 'March' are selected in object 'Object Repository/RAD_Pages/TaxTypeFilingYear_Page/select_PeriodEnding' 

2024-11-12 16:40:43 - [TEST_STEP][PASSED] - selectOptionByLabel(findTestObject(orPath_TaxTypeFilingYear + "/select_PeriodEnding"), month, false): All options with label 'March' are selected in object 'Object Repository/RAD_Pages/TaxTypeFilingYear_Page/select_PeriodEnding' 

2024-11-12 16:40:44 - [MESSAGE][PASSED] - All options with label 'March' are selected in object 'Object Repository/RAD_Pages/TaxTypeFilingYear_Page/select_PeriodEnding' 

2024-11-12 16:40:44 - [TEST_STEP][PASSED] - rad.getSetDataRAD.setDataRADBusinessName(): rad.getSetDataRAD.setDataRADBusinessName is PASSED

2024-11-12 16:40:45 - [MESSAGE][PASSED] - Text 'My Company' is set on object 'Object Repository/RAD_Pages/Taxpayer_Page/input_businessName'

2024-11-12 16:40:45 - [MESSAGE][PASSED] - rad.getSetDataRAD.setDataRADBusinessName is PASSED

2024-11-12 16:40:45 - [TEST_STEP][PASSED] - rad.getSetDataRAD.setDataRADBusinessRep(): rad.getSetDataRAD.setDataRADBusinessRep is PASSED

2024-11-12 16:40:45 - [MESSAGE][PASSED] - Text 'BusRepFname' is set on object 'Object Repository/RAD_Pages/Taxpayer_Page/input_BusinessRepfirstName'

2024-11-12 16:40:46 - [MESSAGE][PASSED] - Text '' is set on object 'Object Repository/RAD_Pages/Taxpayer_Page/input_BusinessRepmiddleName'

2024-11-12 16:40:47 - [MESSAGE][PASSED] - Text 'BusRepLname' is set on object 'Object Repository/RAD_Pages/Taxpayer_Page/input_BusinessReplastName'

2024-11-12 16:40:48 - [MESSAGE][PASSED] - Text '' is set on object 'Object Repository/RAD_Pages/Taxpayer_Page/input_BusinessRepsuffix'

2024-11-12 16:40:48 - [MESSAGE][PASSED] - rad.getSetDataRAD.setDataRADBusinessRep is PASSED

2024-11-12 16:40:48 - [TEST_STEP][PASSED] - rad.getSetDataRAD.setDataRADAddress(): rad.getSetDataRAD.setDataRADAddress is PASSED

2024-11-12 16:40:48 - [MESSAGE][PASSED] - All options with label 'United States' are selected in object 'Object Repository/RAD_Pages/AddressAndContactInfo_Page/select_Country' 

2024-11-12 16:40:49 - [MESSAGE][PASSED] - Text '2508 Mandan Terrace' is set on object 'Object Repository/RAD_Pages/AddressAndContactInfo_Page/input_streetAddress1'

2024-11-12 16:40:50 - [MESSAGE][PASSED] - Text '' is set on object 'Object Repository/RAD_Pages/AddressAndContactInfo_Page/input_streetAddress2'

2024-11-12 16:40:51 - [MESSAGE][PASSED] - Text 'Gambrills' is set on object 'Object Repository/RAD_Pages/AddressAndContactInfo_Page/input_city'

2024-11-12 16:40:51 - [MESSAGE][PASSED] - All options with label 'Maryland' are selected in object 'Object Repository/RAD_Pages/AddressAndContactInfo_Page/select_State' 

2024-11-12 16:40:52 - [MESSAGE][PASSED] - Text '21054' is set on object 'Object Repository/RAD_Pages/AddressAndContactInfo_Page/input_zipCode'

2024-11-12 16:40:53 - [MESSAGE][PASSED] - Text '(703) 894-5000' is set on object 'Object Repository/RAD_Pages/AddressAndContactInfo_Page/input_phoneNumber'

2024-11-12 16:40:54 - [MESSAGE][PASSED] - Text 'iahmed@govolution.com' is set on object 'Object Repository/RAD_Pages/AddressAndContactInfo_Page/input_eMailAddress'

2024-11-12 16:40:55 - [MESSAGE][PASSED] - Text 'iahmed@govolution.com' is set on object 'Object Repository/RAD_Pages/AddressAndContactInfo_Page/input_reEnterEMailAddress'

2024-11-12 16:40:55 - [MESSAGE][PASSED] - rad.getSetDataRAD.setDataRADAddress is PASSED

2024-11-12 16:40:55 - [TEST_STEP][PASSED] - if (feinSSN.equalsIgnoreCase("Y")): null

2024-11-12 16:40:55 - [TEST_STEP][PASSED] - else: Text ****** has been set on object 'Object Repository/RAD_Pages/TaxInfo_Page/input_FederalEIN_ReEnter'

2024-11-12 16:40:55 - [TEST_STEP][PASSED] - if (!(TaxType.equalsIgnoreCase("Estate Tax"))): Text ****** has been set on object 'Object Repository/RAD_Pages/TaxInfo_Page/input_FederalEIN_ReEnter'

2024-11-12 16:40:55 - [TEST_STEP][PASSED] - setEncryptedText(findTestObject(orPath_TaxInfo + "/input_FederalEIN"), "yXB7JMCbD3QoFF75EQd3iw=="): Text ****** has been set on object 'Object Repository/RAD_Pages/TaxInfo_Page/input_FederalEIN'

2024-11-12 16:40:55 - [MESSAGE][PASSED] - Text ****** has been set on object 'Object Repository/RAD_Pages/TaxInfo_Page/input_FederalEIN'

2024-11-12 16:40:55 - [TEST_STEP][PASSED] - setEncryptedText(findTestObject(orPath_TaxInfo + "/input_FederalEIN_ReEnter"), "yXB7JMCbD3QoFF75EQd3iw=="): Text ****** has been set on object 'Object Repository/RAD_Pages/TaxInfo_Page/input_FederalEIN_ReEnter'

2024-11-12 16:40:56 - [MESSAGE][PASSED] - Text ****** has been set on object 'Object Repository/RAD_Pages/TaxInfo_Page/input_FederalEIN_ReEnter'

2024-11-12 16:40:56 - [TEST_STEP][PASSED] - if (CRN.equalsIgnoreCase("Y")): rad.getSetDataRAD.setDataRADMDCRN is PASSED

2024-11-12 16:40:56 - [TEST_STEP][PASSED] - rad.getSetDataRAD.setDataRADMDCRN(): rad.getSetDataRAD.setDataRADMDCRN is PASSED

2024-11-12 16:40:56 - [MESSAGE][PASSED] - Text '07640126' is set on object 'Object Repository/RAD_Pages/TaxInfo_Page/input_MDCRegistration'

2024-11-12 16:40:56 - [MESSAGE][PASSED] - rad.getSetDataRAD.setDataRADMDCRN is PASSED

2024-11-12 16:40:56 - [TEST_STEP][PASSED] - if (MFLicNum.equalsIgnoreCase("Y")): null

2024-11-12 16:40:56 - [TEST_STEP][PASSED] - if (TaxType.equalsIgnoreCase("Estate Tax")): null

2024-11-12 16:40:56 - [TEST_STEP][PASSED] - setText(findTestObject(orPath_Amount + "/input__paymentAmount"), "100.00"): Text '100.00' is set on object 'Object Repository/RAD_Pages/PaymentAmount_Page/input__paymentAmount'

2024-11-12 16:40:57 - [MESSAGE][PASSED] - Text '100.00' is set on object 'Object Repository/RAD_Pages/PaymentAmount_Page/input__paymentAmount'

2024-11-12 16:40:57 - [TEST_STEP][PASSED] - setText(findTestObject(orPath_AddressContact + "/input_streetAddress2"), ""): Text '' is set on object 'Object Repository/RAD_Pages/AddressAndContactInfo_Page/input_streetAddress2'

2024-11-12 16:40:58 - [MESSAGE][PASSED] - Text '' is set on object 'Object Repository/RAD_Pages/AddressAndContactInfo_Page/input_streetAddress2'

2024-11-12 16:40:58 - [TEST_STEP][PASSED] - scrollToElement(findTestObject(orPath_Landing + "/button_Continue"), 3): Scroll to object 'Object Repository/RAD_Pages/Landing_Page/button_Continue' successfully

2024-11-12 16:40:58 - [MESSAGE][PASSED] - Scroll to object 'Object Repository/RAD_Pages/Landing_Page/button_Continue' successfully

2024-11-12 16:40:58 - [TEST_STEP][PASSED] - waitForElementClickable(findTestObject(orPath_Landing + "/button_Continue"), 5): Object 'Object Repository/RAD_Pages/Landing_Page/button_Continue' is clickable

2024-11-12 16:40:59 - [MESSAGE][PASSED] - Object 'Object Repository/RAD_Pages/Landing_Page/button_Continue' is clickable

2024-11-12 16:40:59 - [TEST_STEP][PASSED] - click(findTestObject(orPath_Landing + "/button_Continue")): Object: 'Object Repository/RAD_Pages/Landing_Page/button_Continue' is clicked on

2024-11-12 16:40:59 - [MESSAGE][PASSED] - Object: 'Object Repository/RAD_Pages/Landing_Page/button_Continue' is clicked on

2024-11-12 16:40:59 - [TEST_STEP][PASSED] - delay(2): Delayed 2 second(s)

2024-11-12 16:41:01 - [MESSAGE][PASSED] - Delayed 2 second(s)

2024-11-12 16:41:01 - [TEST_STEP][PASSED] - verifyTextPresent("Summary", true): Text 'Summary' is present on page  using regular expression

2024-11-12 16:41:01 - [MESSAGE][PASSED] - Text 'Summary' is present on page  using regular expression

2024-11-12 16:41:01 - [TEST_STEP][PASSED] - verifyTextPresent("Review the information below and make any necessary corrections by clicking the", true): Text 'Review the information below and make any necessary corrections by clicking the' is present on page  using regular expression

2024-11-12 16:41:02 - [MESSAGE][PASSED] - Text 'Review the information below and make any necessary corrections by clicking the' is present on page  using regular expression

2024-11-12 16:41:02 - [TEST_STEP][PASSED] - verifyTextPresent("When you are confident that all the information is correct, click the", true): Text 'When you are confident that all the information is correct, click the' is present on page  using regular expression

2024-11-12 16:41:02 - [MESSAGE][PASSED] - Text 'When you are confident that all the information is correct, click the' is present on page  using regular expression

2024-11-12 16:41:02 - [TEST_STEP][PASSED] - verifyTextPresent("Payment Type/Filing Year", true): Text 'Payment Type/Filing Year' is present on page  using regular expression

2024-11-12 16:41:02 - [MESSAGE][PASSED] - Text 'Payment Type/Filing Year' is present on page  using regular expression

2024-11-12 16:41:02 - [TEST_STEP][PASSED] - verifyTextPresent("Payment Type:", true): Text 'Payment Type:' is present on page  using regular expression

2024-11-12 16:41:03 - [MESSAGE][PASSED] - Text 'Payment Type:' is present on page  using regular expression

2024-11-12 16:41:03 - [TEST_STEP][PASSED] - verifyTextPresent("New Tax Return Amount Due", true): Text 'New Tax Return Amount Due' is present on page  using regular expression

2024-11-12 16:41:03 - [MESSAGE][PASSED] - Text 'New Tax Return Amount Due' is present on page  using regular expression

2024-11-12 16:41:03 - [TEST_STEP][PASSED] - verifyTextPresent("Filing Year:", true): Text 'Filing Year:' is present on page  using regular expression

2024-11-12 16:41:03 - [MESSAGE][PASSED] - Text 'Filing Year:' is present on page  using regular expression

2024-11-12 16:41:03 - [TEST_STEP][PASSED] - verifyTextPresent(FilingYear, true): Text '2022' is present on page  using regular expression

2024-11-12 16:41:04 - [MESSAGE][PASSED] - Text '2022' is present on page  using regular expression

2024-11-12 16:41:04 - [TEST_STEP][PASSED] - verifyTextPresent("Payer Information", true): Text 'Payer Information' is present on page  using regular expression

2024-11-12 16:41:04 - [MESSAGE][PASSED] - Text 'Payer Information' is present on page  using regular expression

2024-11-12 16:41:04 - [TEST_STEP][PASSED] - verifyTextPresent("Taxpayer Name:", true): Text 'Taxpayer Name:' is present on page  using regular expression

2024-11-12 16:41:04 - [MESSAGE][PASSED] - Text 'Taxpayer Name:' is present on page  using regular expression

2024-11-12 16:41:04 - [TEST_STEP][PASSED] - verifyTextPresent("My Company", true): Text 'My Company' is present on page  using regular expression

2024-11-12 16:41:05 - [MESSAGE][PASSED] - Text 'My Company' is present on page  using regular expression

2024-11-12 16:41:05 - [TEST_STEP][PASSED] - verifyTextPresent("Business Rep Name:", true): Text 'Business Rep Name:' is present on page  using regular expression

2024-11-12 16:41:05 - [MESSAGE][PASSED] - Text 'Business Rep Name:' is present on page  using regular expression

2024-11-12 16:41:05 - [TEST_STEP][PASSED] - verifyTextPresent("BusRepFname BusRepLname", true): Text 'BusRepFname BusRepLname' is present on page  using regular expression

2024-11-12 16:41:05 - [MESSAGE][PASSED] - Text 'BusRepFname BusRepLname' is present on page  using regular expression

2024-11-12 16:41:05 - [TEST_STEP][PASSED] - verifyTextPresent("Taxpayer Address:", true): Text 'Taxpayer Address:' is present on page  using regular expression

2024-11-12 16:41:06 - [MESSAGE][PASSED] - Text 'Taxpayer Address:' is present on page  using regular expression

2024-11-12 16:41:06 - [TEST_STEP][PASSED] - verifyTextPresent("2508 Mandan Terrace Gambrills Maryland 21054", true): Text '2508 Mandan Terrace Gambrills Maryland 21054' is present on page  using regular expression

2024-11-12 16:41:06 - [MESSAGE][PASSED] - Text '2508 Mandan Terrace Gambrills Maryland 21054' is present on page  using regular expression

2024-11-12 16:41:06 - [TEST_STEP][PASSED] - verifyTextPresent("Email:", true): Text 'Email:' is present on page  using regular expression

2024-11-12 16:41:06 - [MESSAGE][PASSED] - Text 'Email:' is present on page  using regular expression

2024-11-12 16:41:06 - [TEST_STEP][PASSED] - verifyTextPresent("iahmed@govolution.com", true): Text 'iahmed@govolution.com' is present on page  using regular expression

2024-11-12 16:41:07 - [MESSAGE][PASSED] - Text 'iahmed@govolution.com' is present on page  using regular expression

2024-11-12 16:41:07 - [TEST_STEP][PASSED] - verifyTextPresent("Phone:", true): Text 'Phone:' is present on page  using regular expression

2024-11-12 16:41:07 - [MESSAGE][PASSED] - Text 'Phone:' is present on page  using regular expression

2024-11-12 16:41:07 - [TEST_STEP][PASSED] - verifyTextPresent("(703) 894-5000", false): Text '(703) 894-5000' is present on page 

2024-11-12 16:41:07 - [MESSAGE][PASSED] - Text '(703) 894-5000' is present on page 

2024-11-12 16:41:07 - [TEST_STEP][PASSED] - verifyTextPresent("Tax Information", true): Text 'Tax Information' is present on page  using regular expression

2024-11-12 16:41:08 - [MESSAGE][PASSED] - Text 'Tax Information' is present on page  using regular expression

2024-11-12 16:41:08 - [TEST_STEP][PASSED] - verifyTextNotPresent("Notice Number", true): Text 'Notice Number' is not present on page using regular expression

2024-11-12 16:41:08 - [MESSAGE][PASSED] - Text 'Notice Number' is not present on page using regular expression

2024-11-12 16:41:08 - [TEST_STEP][PASSED] - if (month.trim()): Text 'March' is present on page  using regular expression

2024-11-12 16:41:08 - [TEST_STEP][PASSED] - verifyTextPresent("Period Ending", true): Text 'Period Ending' is present on page  using regular expression

2024-11-12 16:41:08 - [MESSAGE][PASSED] - Text 'Period Ending' is present on page  using regular expression

2024-11-12 16:41:08 - [TEST_STEP][PASSED] - verifyTextPresent(month, true): Text 'March' is present on page  using regular expression

2024-11-12 16:41:09 - [MESSAGE][PASSED] - Text 'March' is present on page  using regular expression

2024-11-12 16:41:09 - [TEST_STEP][PASSED] - if (feinSSN.equalsIgnoreCase("Y")): null

2024-11-12 16:41:09 - [TEST_STEP][PASSED] - else: Text 'XXXXXXX87' is present on page  using regular expression

2024-11-12 16:41:09 - [TEST_STEP][PASSED] - if (!(TaxType.equalsIgnoreCase("Estate Tax"))): Text 'XXXXXXX87' is present on page  using regular expression

2024-11-12 16:41:09 - [TEST_STEP][PASSED] - verifyTextPresent("Federal EIN:", true): Text 'Federal EIN:' is present on page  using regular expression

2024-11-12 16:41:09 - [MESSAGE][PASSED] - Text 'Federal EIN:' is present on page  using regular expression

2024-11-12 16:41:09 - [TEST_STEP][PASSED] - verifyTextNotPresent("FEIN/SSN:", true): Text 'FEIN/SSN:' is not present on page using regular expression

2024-11-12 16:41:09 - [MESSAGE][PASSED] - Text 'FEIN/SSN:' is not present on page using regular expression

2024-11-12 16:41:09 - [TEST_STEP][PASSED] - verifyTextPresent("XXXXXXX87", true): Text 'XXXXXXX87' is present on page  using regular expression

2024-11-12 16:41:10 - [MESSAGE][PASSED] - Text 'XXXXXXX87' is present on page  using regular expression

2024-11-12 16:41:10 - [TEST_STEP][PASSED] - if (TaxType.equalsIgnoreCase("Estate Tax")): null

2024-11-12 16:41:10 - [TEST_STEP][PASSED] - if (CRN.equalsIgnoreCase("Y")): Text '07640126' is present on page  using regular expression

2024-11-12 16:41:10 - [TEST_STEP][PASSED] - verifyTextPresent("MD Central Registration Number#:", true): Text 'MD Central Registration Number#:' is present on page  using regular expression

2024-11-12 16:41:10 - [MESSAGE][PASSED] - Text 'MD Central Registration Number#:' is present on page  using regular expression

2024-11-12 16:41:10 - [TEST_STEP][PASSED] - verifyTextPresent("07640126", true): Text '07640126' is present on page  using regular expression

2024-11-12 16:41:10 - [MESSAGE][PASSED] - Text '07640126' is present on page  using regular expression

2024-11-12 16:41:10 - [TEST_STEP][PASSED] - if (MFLicNum.equalsIgnoreCase("Y")): null

2024-11-12 16:41:10 - [TEST_STEP][PASSED] - else: Text 'Motor Fuel License Number#:' is not present on page using regular expression

2024-11-12 16:41:10 - [TEST_STEP][PASSED] - verifyTextNotPresent("Motor Fuel License Number#:", true): Text 'Motor Fuel License Number#:' is not present on page using regular expression

2024-11-12 16:41:11 - [MESSAGE][PASSED] - Text 'Motor Fuel License Number#:' is not present on page using regular expression

2024-11-12 16:41:11 - [TEST_STEP][PASSED] - verifyTextPresent("Payment Amount:", true): Text 'Payment Amount:' is present on page  using regular expression

2024-11-12 16:41:11 - [MESSAGE][PASSED] - Text 'Payment Amount:' is present on page  using regular expression

2024-11-12 16:41:11 - [TEST_STEP][PASSED] - verifyTextPresent("100.00", true): Text '100.00' is present on page  using regular expression

2024-11-12 16:41:11 - [MESSAGE][PASSED] - Text '100.00' is present on page  using regular expression

2024-11-12 16:41:11 - [TEST_STEP][PASSED] - if (verifyElementVisible(findTestObject(orPath_Summary + "/button_Proceed to Payment"))): null

2024-11-12 16:41:12 - [MESSAGE][PASSED] - Object 'Object Repository/RAD_Pages/Summary_Page/button_Proceed to Payment' is visible

2024-11-12 16:41:12 - [TEST_STEP][PASSED] - resText = "Pass": null

2024-11-12 16:41:12 - [TEST_STEP][PASSED] - pages.WriteExcel.demoKey(resText, datText, resColumn, datCloumn, fileLoc, nameSheet, row): pages.WriteExcel.demoKey is PASSED

2024-11-12 16:41:12 - [MESSAGE][PASSED] - pages.WriteExcel.demoKey is PASSED

2024-11-12 16:41:12 - [TEST_STEP][PASSED] - click(findTestObject(orPath_Summary + "/button_Proceed to Payment")): Object: 'Object Repository/RAD_Pages/Summary_Page/button_Proceed to Payment' is clicked on

2024-11-12 16:41:14 - [MESSAGE][PASSED] - Object: 'Object Repository/RAD_Pages/Summary_Page/button_Proceed to Payment' is clicked on

2024-11-12 16:41:14 - [TEST_STEP][PASSED] - verifyElementPresent(findTestObject("Object Repository/RAD_Pages/PaymentEntry_Page/input__billingName"), 30): Object 'Object Repository/RAD_Pages/PaymentEntry_Page/input__billingName' is present

2024-11-12 16:41:15 - [MESSAGE][PASSED] - Object 'Object Repository/RAD_Pages/PaymentEntry_Page/input__billingName' is present

2024-11-12 16:41:15 - [TEST_STEP][PASSED] - ExecuteTC = findTestData(dataFile).getValue("Execute", row): null

2024-11-12 16:41:15 - [TEST_STEP][PASSED] - TaxType = findTestData(dataFile).getValue("TaxType", row): null

2024-11-12 16:41:15 - [TEST_STEP][PASSED] - PaymentType = findTestData(dataFile).getValue("PaymentType", row): null

2024-11-12 16:41:15 - [TEST_STEP][PASSED] - FilingYear = findTestData(dataFile).getValue("Year", row): null

2024-11-12 16:41:15 - [TEST_STEP][PASSED] - feinSSN = findTestData(dataFile).getValue("FeinSsn", row): null

2024-11-12 16:41:15 - [TEST_STEP][PASSED] - CRN = findTestData(dataFile).getValue("CRN", row): null

2024-11-12 16:41:15 - [TEST_STEP][PASSED] - month = findTestData(dataFile).getValue("Month", row): null

2024-11-12 16:41:15 - [TEST_STEP][PASSED] - MFLicNum = findTestData(dataFile).getValue("MFLicNum", row): null

2024-11-12 16:41:15 - [TEST_STEP][PASSED] - if (ExecuteTC.equalsIgnoreCase("Y")): Object 'Object Repository/RAD_Pages/PaymentEntry_Page/input__billingName' is present

2024-11-12 16:41:15 - [TEST_STEP][PASSED] - out.println("Begin Record Number: " + row): null

2024-11-12 16:41:15 - [TEST_STEP][PASSED] - today = new java.util.Date(): null

2024-11-12 16:41:15 - [TEST_STEP][PASSED] - println(today): null

2024-11-12 16:41:15 - [TEST_STEP][PASSED] - datText = today: null

2024-11-12 16:41:15 - [TEST_STEP][PASSED] - logInfo("Payment Type: New Tax Return Amount Due"): Payment Type: New Tax Return Amount Due

2024-11-12 16:41:15 - [MESSAGE][INFO] - Payment Type: New Tax Return Amount Due

2024-11-12 16:41:15 - [TEST_STEP][PASSED] - logInfo("Tax Type: " + TaxType): Tax Type: Corporate Income Tax

2024-11-12 16:41:15 - [MESSAGE][INFO] - Tax Type: Corporate Income Tax

2024-11-12 16:41:15 - [TEST_STEP][PASSED] - openBrowser(""): Browser is opened with url: ''

2024-11-12 16:41:15 - [MESSAGE][WARNING] - A browser is already opened. Closing browser and opening a new one

2024-11-12 16:41:16 - [MESSAGE][INFO] - Starting 'Chrome' driver

2024-11-12 16:41:16 - [MESSAGE][INFO] - User set preference: ['acceptInsecureCerts', 'true']

2024-11-12 16:41:16 - [MESSAGE][INFO] - Action delay is set to 0 milliseconds

2024-11-12 16:41:18 - [MESSAGE][PASSED] - Browser is opened with url: ''

2024-11-12 16:41:18 - [TEST_STEP][PASSED] - maximizeWindow(): Current window maximized

2024-11-12 16:41:18 - [MESSAGE][PASSED] - Current window maximized

2024-11-12 16:41:18 - [TEST_STEP][PASSED] - navigateToUrl(RADurl): Navigate to 'https://www.velocitypayment.com/client/rad/index.html' successfully

2024-11-12 16:41:20 - [MESSAGE][PASSED] - Navigate to 'https://www.velocitypayment.com/client/rad/index.html' successfully

2024-11-12 16:41:20 - [TEST_STEP][PASSED] - selectOptionByLabel(findTestObject(orPath_Landing + "/dd_TaxType"), "New Tax Return Amount Due", false): All options with label 'New Tax Return Amount Due' are selected in object 'Object Repository/RAD_Pages/Landing_Page/dd_TaxType' 

2024-11-12 16:41:20 - [MESSAGE][PASSED] - All options with label 'New Tax Return Amount Due' are selected in object 'Object Repository/RAD_Pages/Landing_Page/dd_TaxType' 

2024-11-12 16:41:20 - [TEST_STEP][PASSED] - selectOptionByLabel(findTestObject("Object Repository/RAD_Pages/Landing_Page/select_NewTaxReturnAmountDue_TaxType"), TaxType, false): All options with label 'Corporate Income Tax' are selected in object 'Object Repository/RAD_Pages/Landing_Page/select_NewTaxReturnAmountDue_TaxType' 

2024-11-12 16:41:21 - [MESSAGE][PASSED] - All options with label 'Corporate Income Tax' are selected in object 'Object Repository/RAD_Pages/Landing_Page/select_NewTaxReturnAmountDue_TaxType' 

2024-11-12 16:41:21 - [TEST_STEP][PASSED] - selectOptionByLabel(findTestObject(orPath_TaxTypeFilingYear + "/select_FilingYear"), FilingYear, false): All options with label '2021' are selected in object 'Object Repository/RAD_Pages/TaxTypeFilingYear_Page/select_FilingYear' 

2024-11-12 16:41:22 - [MESSAGE][PASSED] - All options with label '2021' are selected in object 'Object Repository/RAD_Pages/TaxTypeFilingYear_Page/select_FilingYear' 

2024-11-12 16:41:22 - [TEST_STEP][PASSED] - if (month.trim()): null

2024-11-12 16:41:22 - [TEST_STEP][PASSED] - rad.getSetDataRAD.setDataRADBusinessName(): rad.getSetDataRAD.setDataRADBusinessName is PASSED

2024-11-12 16:41:23 - [MESSAGE][PASSED] - Text 'My Company' is set on object 'Object Repository/RAD_Pages/Taxpayer_Page/input_businessName'

2024-11-12 16:41:23 - [MESSAGE][PASSED] - rad.getSetDataRAD.setDataRADBusinessName is PASSED

2024-11-12 16:41:23 - [TEST_STEP][PASSED] - rad.getSetDataRAD.setDataRADBusinessRep(): rad.getSetDataRAD.setDataRADBusinessRep is PASSED

2024-11-12 16:41:23 - [MESSAGE][PASSED] - Text 'BusRepFname' is set on object 'Object Repository/RAD_Pages/Taxpayer_Page/input_BusinessRepfirstName'

2024-11-12 16:41:24 - [MESSAGE][PASSED] - Text '' is set on object 'Object Repository/RAD_Pages/Taxpayer_Page/input_BusinessRepmiddleName'

2024-11-12 16:41:25 - [MESSAGE][PASSED] - Text 'BusRepLname' is set on object 'Object Repository/RAD_Pages/Taxpayer_Page/input_BusinessReplastName'

2024-11-12 16:41:25 - [MESSAGE][PASSED] - Text '' is set on object 'Object Repository/RAD_Pages/Taxpayer_Page/input_BusinessRepsuffix'

2024-11-12 16:41:25 - [MESSAGE][PASSED] - rad.getSetDataRAD.setDataRADBusinessRep is PASSED

2024-11-12 16:41:25 - [TEST_STEP][PASSED] - rad.getSetDataRAD.setDataRADAddress(): rad.getSetDataRAD.setDataRADAddress is PASSED

2024-11-12 16:41:26 - [MESSAGE][PASSED] - All options with label 'United States' are selected in object 'Object Repository/RAD_Pages/AddressAndContactInfo_Page/select_Country' 

2024-11-12 16:41:27 - [MESSAGE][PASSED] - Text '2508 Mandan Terrace' is set on object 'Object Repository/RAD_Pages/AddressAndContactInfo_Page/input_streetAddress1'

2024-11-12 16:41:27 - [MESSAGE][PASSED] - Text '' is set on object 'Object Repository/RAD_Pages/AddressAndContactInfo_Page/input_streetAddress2'

2024-11-12 16:41:28 - [MESSAGE][PASSED] - Text 'Gambrills' is set on object 'Object Repository/RAD_Pages/AddressAndContactInfo_Page/input_city'

2024-11-12 16:41:29 - [MESSAGE][PASSED] - All options with label 'Maryland' are selected in object 'Object Repository/RAD_Pages/AddressAndContactInfo_Page/select_State' 

2024-11-12 16:41:30 - [MESSAGE][PASSED] - Text '21054' is set on object 'Object Repository/RAD_Pages/AddressAndContactInfo_Page/input_zipCode'

2024-11-12 16:41:30 - [MESSAGE][PASSED] - Text '(703) 894-5000' is set on object 'Object Repository/RAD_Pages/AddressAndContactInfo_Page/input_phoneNumber'

2024-11-12 16:41:31 - [MESSAGE][PASSED] - Text 'iahmed@govolution.com' is set on object 'Object Repository/RAD_Pages/AddressAndContactInfo_Page/input_eMailAddress'

2024-11-12 16:41:32 - [MESSAGE][PASSED] - Text 'iahmed@govolution.com' is set on object 'Object Repository/RAD_Pages/AddressAndContactInfo_Page/input_reEnterEMailAddress'

2024-11-12 16:41:32 - [MESSAGE][PASSED] - rad.getSetDataRAD.setDataRADAddress is PASSED

2024-11-12 16:41:32 - [TEST_STEP][PASSED] - if (feinSSN.equalsIgnoreCase("Y")): null

2024-11-12 16:41:32 - [TEST_STEP][PASSED] - else: Text ****** has been set on object 'Object Repository/RAD_Pages/TaxInfo_Page/input_FederalEIN_ReEnter'

2024-11-12 16:41:32 - [TEST_STEP][PASSED] - if (!(TaxType.equalsIgnoreCase("Estate Tax"))): Text ****** has been set on object 'Object Repository/RAD_Pages/TaxInfo_Page/input_FederalEIN_ReEnter'

2024-11-12 16:41:32 - [TEST_STEP][PASSED] - setEncryptedText(findTestObject(orPath_TaxInfo + "/input_FederalEIN"), "yXB7JMCbD3QoFF75EQd3iw=="): Text ****** has been set on object 'Object Repository/RAD_Pages/TaxInfo_Page/input_FederalEIN'

2024-11-12 16:41:33 - [MESSAGE][PASSED] - Text ****** has been set on object 'Object Repository/RAD_Pages/TaxInfo_Page/input_FederalEIN'

2024-11-12 16:41:33 - [TEST_STEP][PASSED] - setEncryptedText(findTestObject(orPath_TaxInfo + "/input_FederalEIN_ReEnter"), "yXB7JMCbD3QoFF75EQd3iw=="): Text ****** has been set on object 'Object Repository/RAD_Pages/TaxInfo_Page/input_FederalEIN_ReEnter'

2024-11-12 16:41:33 - [MESSAGE][PASSED] - Text ****** has been set on object 'Object Repository/RAD_Pages/TaxInfo_Page/input_FederalEIN_ReEnter'

2024-11-12 16:41:33 - [TEST_STEP][PASSED] - if (CRN.equalsIgnoreCase("Y")): null

2024-11-12 16:41:33 - [TEST_STEP][PASSED] - if (MFLicNum.equalsIgnoreCase("Y")): null

2024-11-12 16:41:33 - [TEST_STEP][PASSED] - if (TaxType.equalsIgnoreCase("Estate Tax")): null

2024-11-12 16:41:33 - [TEST_STEP][PASSED] - setText(findTestObject(orPath_Amount + "/input__paymentAmount"), "100.00"): Text '100.00' is set on object 'Object Repository/RAD_Pages/PaymentAmount_Page/input__paymentAmount'

2024-11-12 16:41:34 - [MESSAGE][PASSED] - Text '100.00' is set on object 'Object Repository/RAD_Pages/PaymentAmount_Page/input__paymentAmount'

2024-11-12 16:41:34 - [TEST_STEP][PASSED] - setText(findTestObject(orPath_AddressContact + "/input_streetAddress2"), ""): Text '' is set on object 'Object Repository/RAD_Pages/AddressAndContactInfo_Page/input_streetAddress2'

2024-11-12 16:41:35 - [MESSAGE][PASSED] - Text '' is set on object 'Object Repository/RAD_Pages/AddressAndContactInfo_Page/input_streetAddress2'

2024-11-12 16:41:35 - [TEST_STEP][PASSED] - scrollToElement(findTestObject(orPath_Landing + "/button_Continue"), 3): Scroll to object 'Object Repository/RAD_Pages/Landing_Page/button_Continue' successfully

2024-11-12 16:41:35 - [MESSAGE][PASSED] - Scroll to object 'Object Repository/RAD_Pages/Landing_Page/button_Continue' successfully

2024-11-12 16:41:35 - [TEST_STEP][PASSED] - waitForElementClickable(findTestObject(orPath_Landing + "/button_Continue"), 5): Object 'Object Repository/RAD_Pages/Landing_Page/button_Continue' is clickable

2024-11-12 16:41:36 - [MESSAGE][PASSED] - Object 'Object Repository/RAD_Pages/Landing_Page/button_Continue' is clickable

2024-11-12 16:41:36 - [TEST_STEP][PASSED] - click(findTestObject(orPath_Landing + "/button_Continue")): Object: 'Object Repository/RAD_Pages/Landing_Page/button_Continue' is clicked on

2024-11-12 16:41:36 - [MESSAGE][PASSED] - Object: 'Object Repository/RAD_Pages/Landing_Page/button_Continue' is clicked on

2024-11-12 16:41:36 - [TEST_STEP][PASSED] - delay(2): Delayed 2 second(s)

2024-11-12 16:41:38 - [MESSAGE][PASSED] - Delayed 2 second(s)

2024-11-12 16:41:38 - [TEST_STEP][PASSED] - verifyTextPresent("Summary", true): Text 'Summary' is present on page  using regular expression

2024-11-12 16:41:39 - [MESSAGE][PASSED] - Text 'Summary' is present on page  using regular expression

2024-11-12 16:41:39 - [TEST_STEP][PASSED] - verifyTextPresent("Review the information below and make any necessary corrections by clicking the", true): Text 'Review the information below and make any necessary corrections by clicking the' is present on page  using regular expression

2024-11-12 16:41:39 - [MESSAGE][PASSED] - Text 'Review the information below and make any necessary corrections by clicking the' is present on page  using regular expression

2024-11-12 16:41:39 - [TEST_STEP][PASSED] - verifyTextPresent("When you are confident that all the information is correct, click the", true): Text 'When you are confident that all the information is correct, click the' is present on page  using regular expression

2024-11-12 16:41:39 - [MESSAGE][PASSED] - Text 'When you are confident that all the information is correct, click the' is present on page  using regular expression

2024-11-12 16:41:39 - [TEST_STEP][PASSED] - verifyTextPresent("Payment Type/Filing Year", true): Text 'Payment Type/Filing Year' is present on page  using regular expression

2024-11-12 16:41:40 - [MESSAGE][PASSED] - Text 'Payment Type/Filing Year' is present on page  using regular expression

2024-11-12 16:41:40 - [TEST_STEP][PASSED] - verifyTextPresent("Payment Type:", true): Text 'Payment Type:' is present on page  using regular expression

2024-11-12 16:41:40 - [MESSAGE][PASSED] - Text 'Payment Type:' is present on page  using regular expression

2024-11-12 16:41:40 - [TEST_STEP][PASSED] - verifyTextPresent("New Tax Return Amount Due", true): Text 'New Tax Return Amount Due' is present on page  using regular expression

2024-11-12 16:41:40 - [MESSAGE][PASSED] - Text 'New Tax Return Amount Due' is present on page  using regular expression

2024-11-12 16:41:40 - [TEST_STEP][PASSED] - verifyTextPresent("Filing Year:", true): Text 'Filing Year:' is present on page  using regular expression

2024-11-12 16:41:41 - [MESSAGE][PASSED] - Text 'Filing Year:' is present on page  using regular expression

2024-11-12 16:41:41 - [TEST_STEP][PASSED] - verifyTextPresent(FilingYear, true): Text '2021' is present on page  using regular expression

2024-11-12 16:41:41 - [MESSAGE][PASSED] - Text '2021' is present on page  using regular expression

2024-11-12 16:41:41 - [TEST_STEP][PASSED] - verifyTextPresent("Payer Information", true): Text 'Payer Information' is present on page  using regular expression

2024-11-12 16:41:41 - [MESSAGE][PASSED] - Text 'Payer Information' is present on page  using regular expression

2024-11-12 16:41:41 - [TEST_STEP][PASSED] - verifyTextPresent("Taxpayer Name:", true): Text 'Taxpayer Name:' is present on page  using regular expression

2024-11-12 16:41:42 - [MESSAGE][PASSED] - Text 'Taxpayer Name:' is present on page  using regular expression

2024-11-12 16:41:42 - [TEST_STEP][PASSED] - verifyTextPresent("My Company", true): Text 'My Company' is present on page  using regular expression

2024-11-12 16:41:42 - [MESSAGE][PASSED] - Text 'My Company' is present on page  using regular expression

2024-11-12 16:41:42 - [TEST_STEP][PASSED] - verifyTextPresent("Business Rep Name:", true): Text 'Business Rep Name:' is present on page  using regular expression

2024-11-12 16:41:42 - [MESSAGE][PASSED] - Text 'Business Rep Name:' is present on page  using regular expression

2024-11-12 16:41:42 - [TEST_STEP][PASSED] - verifyTextPresent("BusRepFname BusRepLname", true): Text 'BusRepFname BusRepLname' is present on page  using regular expression

2024-11-12 16:41:43 - [MESSAGE][PASSED] - Text 'BusRepFname BusRepLname' is present on page  using regular expression

2024-11-12 16:41:43 - [TEST_STEP][PASSED] - verifyTextPresent("Taxpayer Address:", true): Text 'Taxpayer Address:' is present on page  using regular expression

2024-11-12 16:41:43 - [MESSAGE][PASSED] - Text 'Taxpayer Address:' is present on page  using regular expression

2024-11-12 16:41:43 - [TEST_STEP][PASSED] - verifyTextPresent("2508 Mandan Terrace Gambrills Maryland 21054", true): Text '2508 Mandan Terrace Gambrills Maryland 21054' is present on page  using regular expression

2024-11-12 16:41:43 - [MESSAGE][PASSED] - Text '2508 Mandan Terrace Gambrills Maryland 21054' is present on page  using regular expression

2024-11-12 16:41:43 - [TEST_STEP][PASSED] - verifyTextPresent("Email:", true): Text 'Email:' is present on page  using regular expression

2024-11-12 16:41:44 - [MESSAGE][PASSED] - Text 'Email:' is present on page  using regular expression

2024-11-12 16:41:44 - [TEST_STEP][PASSED] - verifyTextPresent("iahmed@govolution.com", true): Text 'iahmed@govolution.com' is present on page  using regular expression

2024-11-12 16:41:44 - [MESSAGE][PASSED] - Text 'iahmed@govolution.com' is present on page  using regular expression

2024-11-12 16:41:44 - [TEST_STEP][PASSED] - verifyTextPresent("Phone:", true): Text 'Phone:' is present on page  using regular expression

2024-11-12 16:41:44 - [MESSAGE][PASSED] - Text 'Phone:' is present on page  using regular expression

2024-11-12 16:41:44 - [TEST_STEP][PASSED] - verifyTextPresent("(703) 894-5000", false): Text '(703) 894-5000' is present on page 

2024-11-12 16:41:45 - [MESSAGE][PASSED] - Text '(703) 894-5000' is present on page 

2024-11-12 16:41:45 - [TEST_STEP][PASSED] - verifyTextPresent("Tax Information", true): Text 'Tax Information' is present on page  using regular expression

2024-11-12 16:41:45 - [MESSAGE][PASSED] - Text 'Tax Information' is present on page  using regular expression

2024-11-12 16:41:45 - [TEST_STEP][PASSED] - verifyTextNotPresent("Notice Number", true): Text 'Notice Number' is not present on page using regular expression

2024-11-12 16:41:45 - [MESSAGE][PASSED] - Text 'Notice Number' is not present on page using regular expression

2024-11-12 16:41:45 - [TEST_STEP][PASSED] - if (month.trim()): null

2024-11-12 16:41:45 - [TEST_STEP][PASSED] - else: Text 'Period Ending' is not present on page using regular expression

2024-11-12 16:41:45 - [TEST_STEP][PASSED] - verifyTextNotPresent("Period Ending", true): Text 'Period Ending' is not present on page using regular expression

2024-11-12 16:41:46 - [MESSAGE][PASSED] - Text 'Period Ending' is not present on page using regular expression

2024-11-12 16:41:46 - [TEST_STEP][PASSED] - if (feinSSN.equalsIgnoreCase("Y")): null

2024-11-12 16:41:46 - [TEST_STEP][PASSED] - else: Text 'XXXXXXX87' is present on page  using regular expression

2024-11-12 16:41:46 - [TEST_STEP][PASSED] - if (!(TaxType.equalsIgnoreCase("Estate Tax"))): Text 'XXXXXXX87' is present on page  using regular expression

2024-11-12 16:41:46 - [TEST_STEP][PASSED] - verifyTextPresent("Federal EIN:", true): Text 'Federal EIN:' is present on page  using regular expression

2024-11-12 16:41:46 - [MESSAGE][PASSED] - Text 'Federal EIN:' is present on page  using regular expression

2024-11-12 16:41:46 - [TEST_STEP][PASSED] - verifyTextNotPresent("FEIN/SSN:", true): Text 'FEIN/SSN:' is not present on page using regular expression

2024-11-12 16:41:46 - [MESSAGE][PASSED] - Text 'FEIN/SSN:' is not present on page using regular expression

2024-11-12 16:41:46 - [TEST_STEP][PASSED] - verifyTextPresent("XXXXXXX87", true): Text 'XXXXXXX87' is present on page  using regular expression

2024-11-12 16:41:47 - [MESSAGE][PASSED] - Text 'XXXXXXX87' is present on page  using regular expression

2024-11-12 16:41:47 - [TEST_STEP][PASSED] - if (TaxType.equalsIgnoreCase("Estate Tax")): null

2024-11-12 16:41:47 - [TEST_STEP][PASSED] - if (CRN.equalsIgnoreCase("Y")): null

2024-11-12 16:41:47 - [TEST_STEP][PASSED] - else: Text 'MD Central Registration Number' is not present on page using regular expression

2024-11-12 16:41:47 - [TEST_STEP][PASSED] - verifyTextNotPresent("MD Central Registration Number", true): Text 'MD Central Registration Number' is not present on page using regular expression

2024-11-12 16:41:47 - [MESSAGE][PASSED] - Text 'MD Central Registration Number' is not present on page using regular expression

2024-11-12 16:41:47 - [TEST_STEP][PASSED] - if (MFLicNum.equalsIgnoreCase("Y")): null

2024-11-12 16:41:47 - [TEST_STEP][PASSED] - else: Text 'Motor Fuel License Number#:' is not present on page using regular expression

2024-11-12 16:41:47 - [TEST_STEP][PASSED] - verifyTextNotPresent("Motor Fuel License Number#:", true): Text 'Motor Fuel License Number#:' is not present on page using regular expression

2024-11-12 16:41:47 - [MESSAGE][PASSED] - Text 'Motor Fuel License Number#:' is not present on page using regular expression

2024-11-12 16:41:47 - [TEST_STEP][PASSED] - verifyTextPresent("Payment Amount:", true): Text 'Payment Amount:' is present on page  using regular expression

2024-11-12 16:41:48 - [MESSAGE][PASSED] - Text 'Payment Amount:' is present on page  using regular expression

2024-11-12 16:41:48 - [TEST_STEP][PASSED] - verifyTextPresent("100.00", true): Text '100.00' is present on page  using regular expression

2024-11-12 16:41:48 - [MESSAGE][PASSED] - Text '100.00' is present on page  using regular expression

2024-11-12 16:41:48 - [TEST_STEP][PASSED] - if (verifyElementVisible(findTestObject(orPath_Summary + "/button_Proceed to Payment"))): null

2024-11-12 16:41:48 - [MESSAGE][PASSED] - Object 'Object Repository/RAD_Pages/Summary_Page/button_Proceed to Payment' is visible

2024-11-12 16:41:48 - [TEST_STEP][PASSED] - resText = "Pass": null

2024-11-12 16:41:48 - [TEST_STEP][PASSED] - pages.WriteExcel.demoKey(resText, datText, resColumn, datCloumn, fileLoc, nameSheet, row): pages.WriteExcel.demoKey is PASSED

2024-11-12 16:41:48 - [MESSAGE][PASSED] - pages.WriteExcel.demoKey is PASSED

2024-11-12 16:41:48 - [TEST_STEP][PASSED] - click(findTestObject(orPath_Summary + "/button_Proceed to Payment")): Object: 'Object Repository/RAD_Pages/Summary_Page/button_Proceed to Payment' is clicked on

2024-11-12 16:41:51 - [MESSAGE][PASSED] - Object: 'Object Repository/RAD_Pages/Summary_Page/button_Proceed to Payment' is clicked on

2024-11-12 16:41:51 - [TEST_STEP][PASSED] - verifyElementPresent(findTestObject("Object Repository/RAD_Pages/PaymentEntry_Page/input__billingName"), 30): Object 'Object Repository/RAD_Pages/PaymentEntry_Page/input__billingName' is present

2024-11-12 16:41:51 - [MESSAGE][PASSED] - Object 'Object Repository/RAD_Pages/PaymentEntry_Page/input__billingName' is present

2024-11-12 16:41:51 - [TEST_STEP][PASSED] - ExecuteTC = findTestData(dataFile).getValue("Execute", row): null

2024-11-12 16:41:51 - [TEST_STEP][PASSED] - TaxType = findTestData(dataFile).getValue("TaxType", row): null

2024-11-12 16:41:51 - [TEST_STEP][PASSED] - PaymentType = findTestData(dataFile).getValue("PaymentType", row): null

2024-11-12 16:41:51 - [TEST_STEP][PASSED] - FilingYear = findTestData(dataFile).getValue("Year", row): null

2024-11-12 16:41:51 - [TEST_STEP][PASSED] - feinSSN = findTestData(dataFile).getValue("FeinSsn", row): null

2024-11-12 16:41:52 - [TEST_STEP][PASSED] - CRN = findTestData(dataFile).getValue("CRN", row): null

2024-11-12 16:41:52 - [TEST_STEP][PASSED] - month = findTestData(dataFile).getValue("Month", row): null

2024-11-12 16:41:52 - [TEST_STEP][PASSED] - MFLicNum = findTestData(dataFile).getValue("MFLicNum", row): null

2024-11-12 16:41:52 - [TEST_STEP][PASSED] - if (ExecuteTC.equalsIgnoreCase("Y")): Object 'Object Repository/RAD_Pages/PaymentEntry_Page/input__billingName' is present

2024-11-12 16:41:52 - [TEST_STEP][PASSED] - out.println("Begin Record Number: " + row): null

2024-11-12 16:41:52 - [TEST_STEP][PASSED] - today = new java.util.Date(): null

2024-11-12 16:41:52 - [TEST_STEP][PASSED] - println(today): null

2024-11-12 16:41:52 - [TEST_STEP][PASSED] - datText = today: null

2024-11-12 16:41:52 - [TEST_STEP][PASSED] - logInfo("Payment Type: New Tax Return Amount Due"): Payment Type: New Tax Return Amount Due

2024-11-12 16:41:52 - [MESSAGE][INFO] - Payment Type: New Tax Return Amount Due

2024-11-12 16:41:52 - [TEST_STEP][PASSED] - logInfo("Tax Type: " + TaxType): Tax Type: Motor Fuel Tax

2024-11-12 16:41:52 - [MESSAGE][INFO] - Tax Type: Motor Fuel Tax

2024-11-12 16:41:52 - [TEST_STEP][PASSED] - openBrowser(""): Browser is opened with url: ''

2024-11-12 16:41:52 - [MESSAGE][WARNING] - A browser is already opened. Closing browser and opening a new one

2024-11-12 16:41:53 - [MESSAGE][INFO] - Starting 'Chrome' driver

2024-11-12 16:41:53 - [MESSAGE][INFO] - User set preference: ['acceptInsecureCerts', 'true']

2024-11-12 16:41:53 - [MESSAGE][INFO] - Action delay is set to 0 milliseconds

2024-11-12 16:41:55 - [MESSAGE][PASSED] - Browser is opened with url: ''

2024-11-12 16:41:55 - [TEST_STEP][PASSED] - maximizeWindow(): Current window maximized

2024-11-12 16:41:55 - [MESSAGE][PASSED] - Current window maximized

2024-11-12 16:41:55 - [TEST_STEP][PASSED] - navigateToUrl(RADurl): Navigate to 'https://www.velocitypayment.com/client/rad/index.html' successfully

2024-11-12 16:41:56 - [MESSAGE][PASSED] - Navigate to 'https://www.velocitypayment.com/client/rad/index.html' successfully

2024-11-12 16:41:56 - [TEST_STEP][PASSED] - selectOptionByLabel(findTestObject(orPath_Landing + "/dd_TaxType"), "New Tax Return Amount Due", false): All options with label 'New Tax Return Amount Due' are selected in object 'Object Repository/RAD_Pages/Landing_Page/dd_TaxType' 

2024-11-12 16:41:57 - [MESSAGE][PASSED] - All options with label 'New Tax Return Amount Due' are selected in object 'Object Repository/RAD_Pages/Landing_Page/dd_TaxType' 

2024-11-12 16:41:57 - [TEST_STEP][PASSED] - selectOptionByLabel(findTestObject("Object Repository/RAD_Pages/Landing_Page/select_NewTaxReturnAmountDue_TaxType"), TaxType, false): All options with label 'Motor Fuel Tax' are selected in object 'Object Repository/RAD_Pages/Landing_Page/select_NewTaxReturnAmountDue_TaxType' 

2024-11-12 16:41:58 - [MESSAGE][PASSED] - All options with label 'Motor Fuel Tax' are selected in object 'Object Repository/RAD_Pages/Landing_Page/select_NewTaxReturnAmountDue_TaxType' 

2024-11-12 16:41:58 - [TEST_STEP][PASSED] - selectOptionByLabel(findTestObject(orPath_TaxTypeFilingYear + "/select_FilingYear"), FilingYear, false): All options with label '2022' are selected in object 'Object Repository/RAD_Pages/TaxTypeFilingYear_Page/select_FilingYear' 

2024-11-12 16:41:59 - [MESSAGE][PASSED] - All options with label '2022' are selected in object 'Object Repository/RAD_Pages/TaxTypeFilingYear_Page/select_FilingYear' 

2024-11-12 16:41:59 - [TEST_STEP][PASSED] - if (month.trim()): All options with label 'April' are selected in object 'Object Repository/RAD_Pages/TaxTypeFilingYear_Page/select_PeriodEnding' 

2024-11-12 16:41:59 - [TEST_STEP][PASSED] - selectOptionByLabel(findTestObject(orPath_TaxTypeFilingYear + "/select_PeriodEnding"), month, false): All options with label 'April' are selected in object 'Object Repository/RAD_Pages/TaxTypeFilingYear_Page/select_PeriodEnding' 

2024-11-12 16:41:59 - [MESSAGE][PASSED] - All options with label 'April' are selected in object 'Object Repository/RAD_Pages/TaxTypeFilingYear_Page/select_PeriodEnding' 

2024-11-12 16:41:59 - [TEST_STEP][PASSED] - rad.getSetDataRAD.setDataRADBusinessName(): rad.getSetDataRAD.setDataRADBusinessName is PASSED

2024-11-12 16:42:00 - [MESSAGE][PASSED] - Text 'My Company' is set on object 'Object Repository/RAD_Pages/Taxpayer_Page/input_businessName'

2024-11-12 16:42:00 - [MESSAGE][PASSED] - rad.getSetDataRAD.setDataRADBusinessName is PASSED

2024-11-12 16:42:00 - [TEST_STEP][PASSED] - rad.getSetDataRAD.setDataRADBusinessRep(): rad.getSetDataRAD.setDataRADBusinessRep is PASSED

2024-11-12 16:42:01 - [MESSAGE][PASSED] - Text 'BusRepFname' is set on object 'Object Repository/RAD_Pages/Taxpayer_Page/input_BusinessRepfirstName'

2024-11-12 16:42:02 - [MESSAGE][PASSED] - Text '' is set on object 'Object Repository/RAD_Pages/Taxpayer_Page/input_BusinessRepmiddleName'

2024-11-12 16:42:02 - [MESSAGE][PASSED] - Text 'BusRepLname' is set on object 'Object Repository/RAD_Pages/Taxpayer_Page/input_BusinessReplastName'

2024-11-12 16:42:03 - [MESSAGE][PASSED] - Text '' is set on object 'Object Repository/RAD_Pages/Taxpayer_Page/input_BusinessRepsuffix'

2024-11-12 16:42:03 - [MESSAGE][PASSED] - rad.getSetDataRAD.setDataRADBusinessRep is PASSED

2024-11-12 16:42:03 - [TEST_STEP][PASSED] - rad.getSetDataRAD.setDataRADAddress(): rad.getSetDataRAD.setDataRADAddress is PASSED

2024-11-12 16:42:04 - [MESSAGE][PASSED] - All options with label 'United States' are selected in object 'Object Repository/RAD_Pages/AddressAndContactInfo_Page/select_Country' 

2024-11-12 16:42:05 - [MESSAGE][PASSED] - Text '2508 Mandan Terrace' is set on object 'Object Repository/RAD_Pages/AddressAndContactInfo_Page/input_streetAddress1'

2024-11-12 16:42:05 - [MESSAGE][PASSED] - Text '' is set on object 'Object Repository/RAD_Pages/AddressAndContactInfo_Page/input_streetAddress2'

2024-11-12 16:42:07 - [MESSAGE][PASSED] - Text 'Gambrills' is set on object 'Object Repository/RAD_Pages/AddressAndContactInfo_Page/input_city'

2024-11-12 16:42:07 - [MESSAGE][PASSED] - All options with label 'Maryland' are selected in object 'Object Repository/RAD_Pages/AddressAndContactInfo_Page/select_State' 

2024-11-12 16:42:08 - [MESSAGE][PASSED] - Text '21054' is set on object 'Object Repository/RAD_Pages/AddressAndContactInfo_Page/input_zipCode'

2024-11-12 16:42:09 - [MESSAGE][PASSED] - Text '(703) 894-5000' is set on object 'Object Repository/RAD_Pages/AddressAndContactInfo_Page/input_phoneNumber'

2024-11-12 16:42:10 - [MESSAGE][PASSED] - Text 'iahmed@govolution.com' is set on object 'Object Repository/RAD_Pages/AddressAndContactInfo_Page/input_eMailAddress'

2024-11-12 16:42:10 - [MESSAGE][PASSED] - Text 'iahmed@govolution.com' is set on object 'Object Repository/RAD_Pages/AddressAndContactInfo_Page/input_reEnterEMailAddress'

2024-11-12 16:42:10 - [MESSAGE][PASSED] - rad.getSetDataRAD.setDataRADAddress is PASSED

2024-11-12 16:42:10 - [TEST_STEP][PASSED] - if (feinSSN.equalsIgnoreCase("Y")): null

2024-11-12 16:42:10 - [TEST_STEP][PASSED] - else: Text ****** has been set on object 'Object Repository/RAD_Pages/TaxInfo_Page/input_FederalEIN_ReEnter'

2024-11-12 16:42:10 - [TEST_STEP][PASSED] - if (!(TaxType.equalsIgnoreCase("Estate Tax"))): Text ****** has been set on object 'Object Repository/RAD_Pages/TaxInfo_Page/input_FederalEIN_ReEnter'

2024-11-12 16:42:10 - [TEST_STEP][PASSED] - setEncryptedText(findTestObject(orPath_TaxInfo + "/input_FederalEIN"), "yXB7JMCbD3QoFF75EQd3iw=="): Text ****** has been set on object 'Object Repository/RAD_Pages/TaxInfo_Page/input_FederalEIN'

2024-11-12 16:42:11 - [MESSAGE][PASSED] - Text ****** has been set on object 'Object Repository/RAD_Pages/TaxInfo_Page/input_FederalEIN'

2024-11-12 16:42:11 - [TEST_STEP][PASSED] - setEncryptedText(findTestObject(orPath_TaxInfo + "/input_FederalEIN_ReEnter"), "yXB7JMCbD3QoFF75EQd3iw=="): Text ****** has been set on object 'Object Repository/RAD_Pages/TaxInfo_Page/input_FederalEIN_ReEnter'

2024-11-12 16:42:12 - [MESSAGE][PASSED] - Text ****** has been set on object 'Object Repository/RAD_Pages/TaxInfo_Page/input_FederalEIN_ReEnter'

2024-11-12 16:42:12 - [TEST_STEP][PASSED] - if (CRN.equalsIgnoreCase("Y")): null

2024-11-12 16:42:12 - [TEST_STEP][PASSED] - if (MFLicNum.equalsIgnoreCase("Y")): rad.getSetDataRAD.setDataRADMFLicNumSix is PASSED

2024-11-12 16:42:12 - [TEST_STEP][PASSED] - rad.getSetDataRAD.setDataRADMFLicNumSix(): rad.getSetDataRAD.setDataRADMFLicNumSix is PASSED

2024-11-12 16:42:13 - [MESSAGE][PASSED] - Text '758142' is set on object 'Object Repository/RAD_Pages/TaxInfo_Page/input_MotorFuelLicNum'

2024-11-12 16:42:13 - [MESSAGE][PASSED] - rad.getSetDataRAD.setDataRADMFLicNumSix is PASSED

2024-11-12 16:42:13 - [TEST_STEP][PASSED] - if (TaxType.equalsIgnoreCase("Estate Tax")): null

2024-11-12 16:42:13 - [TEST_STEP][PASSED] - setText(findTestObject(orPath_Amount + "/input__paymentAmount"), "100.00"): Text '100.00' is set on object 'Object Repository/RAD_Pages/PaymentAmount_Page/input__paymentAmount'

2024-11-12 16:42:14 - [MESSAGE][PASSED] - Text '100.00' is set on object 'Object Repository/RAD_Pages/PaymentAmount_Page/input__paymentAmount'

2024-11-12 16:42:14 - [TEST_STEP][PASSED] - setText(findTestObject(orPath_AddressContact + "/input_streetAddress2"), ""): Text '' is set on object 'Object Repository/RAD_Pages/AddressAndContactInfo_Page/input_streetAddress2'

2024-11-12 16:42:15 - [MESSAGE][PASSED] - Text '' is set on object 'Object Repository/RAD_Pages/AddressAndContactInfo_Page/input_streetAddress2'

2024-11-12 16:42:15 - [TEST_STEP][PASSED] - scrollToElement(findTestObject(orPath_Landing + "/button_Continue"), 3): Scroll to object 'Object Repository/RAD_Pages/Landing_Page/button_Continue' successfully

2024-11-12 16:42:15 - [MESSAGE][PASSED] - Scroll to object 'Object Repository/RAD_Pages/Landing_Page/button_Continue' successfully

2024-11-12 16:42:15 - [TEST_STEP][PASSED] - waitForElementClickable(findTestObject(orPath_Landing + "/button_Continue"), 5): Object 'Object Repository/RAD_Pages/Landing_Page/button_Continue' is clickable

2024-11-12 16:42:16 - [MESSAGE][PASSED] - Object 'Object Repository/RAD_Pages/Landing_Page/button_Continue' is clickable

2024-11-12 16:42:16 - [TEST_STEP][PASSED] - click(findTestObject(orPath_Landing + "/button_Continue")): Object: 'Object Repository/RAD_Pages/Landing_Page/button_Continue' is clicked on

2024-11-12 16:42:16 - [MESSAGE][PASSED] - Object: 'Object Repository/RAD_Pages/Landing_Page/button_Continue' is clicked on

2024-11-12 16:42:16 - [TEST_STEP][PASSED] - delay(2): Delayed 2 second(s)

2024-11-12 16:42:18 - [MESSAGE][PASSED] - Delayed 2 second(s)

2024-11-12 16:42:18 - [TEST_STEP][PASSED] - verifyTextPresent("Summary", true): Text 'Summary' is present on page  using regular expression

2024-11-12 16:42:18 - [MESSAGE][PASSED] - Text 'Summary' is present on page  using regular expression

2024-11-12 16:42:18 - [TEST_STEP][PASSED] - verifyTextPresent("Review the information below and make any necessary corrections by clicking the", true): Text 'Review the information below and make any necessary corrections by clicking the' is present on page  using regular expression

2024-11-12 16:42:19 - [MESSAGE][PASSED] - Text 'Review the information below and make any necessary corrections by clicking the' is present on page  using regular expression

2024-11-12 16:42:19 - [TEST_STEP][PASSED] - verifyTextPresent("When you are confident that all the information is correct, click the", true): Text 'When you are confident that all the information is correct, click the' is present on page  using regular expression

2024-11-12 16:42:19 - [MESSAGE][PASSED] - Text 'When you are confident that all the information is correct, click the' is present on page  using regular expression

2024-11-12 16:42:19 - [TEST_STEP][PASSED] - verifyTextPresent("Payment Type/Filing Year", true): Text 'Payment Type/Filing Year' is present on page  using regular expression

2024-11-12 16:42:19 - [MESSAGE][PASSED] - Text 'Payment Type/Filing Year' is present on page  using regular expression

2024-11-12 16:42:19 - [TEST_STEP][PASSED] - verifyTextPresent("Payment Type:", true): Text 'Payment Type:' is present on page  using regular expression

2024-11-12 16:42:20 - [MESSAGE][PASSED] - Text 'Payment Type:' is present on page  using regular expression

2024-11-12 16:42:20 - [TEST_STEP][PASSED] - verifyTextPresent("New Tax Return Amount Due", true): Text 'New Tax Return Amount Due' is present on page  using regular expression

2024-11-12 16:42:20 - [MESSAGE][PASSED] - Text 'New Tax Return Amount Due' is present on page  using regular expression

2024-11-12 16:42:20 - [TEST_STEP][PASSED] - verifyTextPresent("Filing Year:", true): Text 'Filing Year:' is present on page  using regular expression

2024-11-12 16:42:20 - [MESSAGE][PASSED] - Text 'Filing Year:' is present on page  using regular expression

2024-11-12 16:42:20 - [TEST_STEP][PASSED] - verifyTextPresent(FilingYear, true): Text '2022' is present on page  using regular expression

2024-11-12 16:42:21 - [MESSAGE][PASSED] - Text '2022' is present on page  using regular expression

2024-11-12 16:42:21 - [TEST_STEP][PASSED] - verifyTextPresent("Payer Information", true): Text 'Payer Information' is present on page  using regular expression

2024-11-12 16:42:21 - [MESSAGE][PASSED] - Text 'Payer Information' is present on page  using regular expression

2024-11-12 16:42:21 - [TEST_STEP][PASSED] - verifyTextPresent("Taxpayer Name:", true): Text 'Taxpayer Name:' is present on page  using regular expression

2024-11-12 16:42:21 - [MESSAGE][PASSED] - Text 'Taxpayer Name:' is present on page  using regular expression

2024-11-12 16:42:21 - [TEST_STEP][PASSED] - verifyTextPresent("My Company", true): Text 'My Company' is present on page  using regular expression

2024-11-12 16:42:22 - [MESSAGE][PASSED] - Text 'My Company' is present on page  using regular expression

2024-11-12 16:42:22 - [TEST_STEP][PASSED] - verifyTextPresent("Business Rep Name:", true): Text 'Business Rep Name:' is present on page  using regular expression

2024-11-12 16:42:22 - [MESSAGE][PASSED] - Text 'Business Rep Name:' is present on page  using regular expression

2024-11-12 16:42:22 - [TEST_STEP][PASSED] - verifyTextPresent("BusRepFname BusRepLname", true): Text 'BusRepFname BusRepLname' is present on page  using regular expression

2024-11-12 16:42:22 - [MESSAGE][PASSED] - Text 'BusRepFname BusRepLname' is present on page  using regular expression

2024-11-12 16:42:22 - [TEST_STEP][PASSED] - verifyTextPresent("Taxpayer Address:", true): Text 'Taxpayer Address:' is present on page  using regular expression

2024-11-12 16:42:23 - [MESSAGE][PASSED] - Text 'Taxpayer Address:' is present on page  using regular expression

2024-11-12 16:42:23 - [TEST_STEP][PASSED] - verifyTextPresent("2508 Mandan Terrace Gambrills Maryland 21054", true): Text '2508 Mandan Terrace Gambrills Maryland 21054' is present on page  using regular expression

2024-11-12 16:42:23 - [MESSAGE][PASSED] - Text '2508 Mandan Terrace Gambrills Maryland 21054' is present on page  using regular expression

2024-11-12 16:42:23 - [TEST_STEP][PASSED] - verifyTextPresent("Email:", true): Text 'Email:' is present on page  using regular expression

2024-11-12 16:42:23 - [MESSAGE][PASSED] - Text 'Email:' is present on page  using regular expression

2024-11-12 16:42:23 - [TEST_STEP][PASSED] - verifyTextPresent("iahmed@govolution.com", true): Text 'iahmed@govolution.com' is present on page  using regular expression

2024-11-12 16:42:24 - [MESSAGE][PASSED] - Text 'iahmed@govolution.com' is present on page  using regular expression

2024-11-12 16:42:24 - [TEST_STEP][PASSED] - verifyTextPresent("Phone:", true): Text 'Phone:' is present on page  using regular expression

2024-11-12 16:42:24 - [MESSAGE][PASSED] - Text 'Phone:' is present on page  using regular expression

2024-11-12 16:42:24 - [TEST_STEP][PASSED] - verifyTextPresent("(703) 894-5000", false): Text '(703) 894-5000' is present on page 

2024-11-12 16:42:24 - [MESSAGE][PASSED] - Text '(703) 894-5000' is present on page 

2024-11-12 16:42:24 - [TEST_STEP][PASSED] - verifyTextPresent("Tax Information", true): Text 'Tax Information' is present on page  using regular expression

2024-11-12 16:42:25 - [MESSAGE][PASSED] - Text 'Tax Information' is present on page  using regular expression

2024-11-12 16:42:25 - [TEST_STEP][PASSED] - verifyTextNotPresent("Notice Number", true): Text 'Notice Number' is not present on page using regular expression

2024-11-12 16:42:25 - [MESSAGE][PASSED] - Text 'Notice Number' is not present on page using regular expression

2024-11-12 16:42:25 - [TEST_STEP][PASSED] - if (month.trim()): Text 'April' is present on page  using regular expression

2024-11-12 16:42:25 - [TEST_STEP][PASSED] - verifyTextPresent("Period Ending", true): Text 'Period Ending' is present on page  using regular expression

2024-11-12 16:42:25 - [MESSAGE][PASSED] - Text 'Period Ending' is present on page  using regular expression

2024-11-12 16:42:25 - [TEST_STEP][PASSED] - verifyTextPresent(month, true): Text 'April' is present on page  using regular expression

2024-11-12 16:42:26 - [MESSAGE][PASSED] - Text 'April' is present on page  using regular expression

2024-11-12 16:42:26 - [TEST_STEP][PASSED] - if (feinSSN.equalsIgnoreCase("Y")): null

2024-11-12 16:42:26 - [TEST_STEP][PASSED] - else: Text 'XXXXXXX87' is present on page  using regular expression

2024-11-12 16:42:26 - [TEST_STEP][PASSED] - if (!(TaxType.equalsIgnoreCase("Estate Tax"))): Text 'XXXXXXX87' is present on page  using regular expression

2024-11-12 16:42:26 - [TEST_STEP][PASSED] - verifyTextPresent("Federal EIN:", true): Text 'Federal EIN:' is present on page  using regular expression

2024-11-12 16:42:26 - [MESSAGE][PASSED] - Text 'Federal EIN:' is present on page  using regular expression

2024-11-12 16:42:26 - [TEST_STEP][PASSED] - verifyTextNotPresent("FEIN/SSN:", true): Text 'FEIN/SSN:' is not present on page using regular expression

2024-11-12 16:42:26 - [MESSAGE][PASSED] - Text 'FEIN/SSN:' is not present on page using regular expression

2024-11-12 16:42:26 - [TEST_STEP][PASSED] - verifyTextPresent("XXXXXXX87", true): Text 'XXXXXXX87' is present on page  using regular expression

2024-11-12 16:42:27 - [MESSAGE][PASSED] - Text 'XXXXXXX87' is present on page  using regular expression

2024-11-12 16:42:27 - [TEST_STEP][PASSED] - if (TaxType.equalsIgnoreCase("Estate Tax")): null

2024-11-12 16:42:27 - [TEST_STEP][PASSED] - if (CRN.equalsIgnoreCase("Y")): null

2024-11-12 16:42:27 - [TEST_STEP][PASSED] - else: Text 'MD Central Registration Number' is not present on page using regular expression

2024-11-12 16:42:27 - [TEST_STEP][PASSED] - verifyTextNotPresent("MD Central Registration Number", true): Text 'MD Central Registration Number' is not present on page using regular expression

2024-11-12 16:42:27 - [MESSAGE][PASSED] - Text 'MD Central Registration Number' is not present on page using regular expression

2024-11-12 16:42:27 - [TEST_STEP][PASSED] - if (MFLicNum.equalsIgnoreCase("Y")): Text '758142' is present on page  using regular expression

2024-11-12 16:42:27 - [TEST_STEP][PASSED] - verifyTextPresent("Motor Fuel License Number#:", true): Text 'Motor Fuel License Number#:' is present on page  using regular expression

2024-11-12 16:42:27 - [MESSAGE][PASSED] - Text 'Motor Fuel License Number#:' is present on page  using regular expression

2024-11-12 16:42:27 - [TEST_STEP][PASSED] - verifyTextPresent("758142", true): Text '758142' is present on page  using regular expression

2024-11-12 16:42:28 - [MESSAGE][PASSED] - Text '758142' is present on page  using regular expression

2024-11-12 16:42:28 - [TEST_STEP][PASSED] - verifyTextPresent("Payment Amount:", true): Text 'Payment Amount:' is present on page  using regular expression

2024-11-12 16:42:28 - [MESSAGE][PASSED] - Text 'Payment Amount:' is present on page  using regular expression

2024-11-12 16:42:28 - [TEST_STEP][PASSED] - verifyTextPresent("100.00", true): Text '100.00' is present on page  using regular expression

2024-11-12 16:42:28 - [MESSAGE][PASSED] - Text '100.00' is present on page  using regular expression

2024-11-12 16:42:28 - [TEST_STEP][PASSED] - if (verifyElementVisible(findTestObject(orPath_Summary + "/button_Proceed to Payment"))): null

2024-11-12 16:42:29 - [MESSAGE][PASSED] - Object 'Object Repository/RAD_Pages/Summary_Page/button_Proceed to Payment' is visible

2024-11-12 16:42:29 - [TEST_STEP][PASSED] - resText = "Pass": null

2024-11-12 16:42:29 - [TEST_STEP][PASSED] - pages.WriteExcel.demoKey(resText, datText, resColumn, datCloumn, fileLoc, nameSheet, row): pages.WriteExcel.demoKey is PASSED

2024-11-12 16:42:29 - [MESSAGE][PASSED] - pages.WriteExcel.demoKey is PASSED

2024-11-12 16:42:29 - [TEST_STEP][PASSED] - click(findTestObject(orPath_Summary + "/button_Proceed to Payment")): Object: 'Object Repository/RAD_Pages/Summary_Page/button_Proceed to Payment' is clicked on

2024-11-12 16:42:33 - [MESSAGE][PASSED] - Object: 'Object Repository/RAD_Pages/Summary_Page/button_Proceed to Payment' is clicked on

2024-11-12 16:42:33 - [TEST_STEP][PASSED] - verifyElementPresent(findTestObject("Object Repository/RAD_Pages/PaymentEntry_Page/input__billingName"), 30): Object 'Object Repository/RAD_Pages/PaymentEntry_Page/input__billingName' is present

2024-11-12 16:42:34 - [MESSAGE][PASSED] - Object 'Object Repository/RAD_Pages/PaymentEntry_Page/input__billingName' is present

2024-11-12 16:42:34 - [TEST_STEP][PASSED] - ExecuteTC = findTestData(dataFile).getValue("Execute", row): null

2024-11-12 16:42:34 - [TEST_STEP][PASSED] - TaxType = findTestData(dataFile).getValue("TaxType", row): null

2024-11-12 16:42:34 - [TEST_STEP][PASSED] - PaymentType = findTestData(dataFile).getValue("PaymentType", row): null

2024-11-12 16:42:34 - [TEST_STEP][PASSED] - FilingYear = findTestData(dataFile).getValue("Year", row): null

2024-11-12 16:42:34 - [TEST_STEP][PASSED] - feinSSN = findTestData(dataFile).getValue("FeinSsn", row): null

2024-11-12 16:42:34 - [TEST_STEP][PASSED] - CRN = findTestData(dataFile).getValue("CRN", row): null

2024-11-12 16:42:34 - [TEST_STEP][PASSED] - month = findTestData(dataFile).getValue("Month", row): null

2024-11-12 16:42:34 - [TEST_STEP][PASSED] - MFLicNum = findTestData(dataFile).getValue("MFLicNum", row): null

2024-11-12 16:42:34 - [TEST_STEP][PASSED] - if (ExecuteTC.equalsIgnoreCase("Y")): Object 'Object Repository/RAD_Pages/PaymentEntry_Page/input__billingName' is present

2024-11-12 16:42:34 - [TEST_STEP][PASSED] - out.println("Begin Record Number: " + row): null

2024-11-12 16:42:34 - [TEST_STEP][PASSED] - today = new java.util.Date(): null

2024-11-12 16:42:34 - [TEST_STEP][PASSED] - println(today): null

2024-11-12 16:42:34 - [TEST_STEP][PASSED] - datText = today: null

2024-11-12 16:42:34 - [TEST_STEP][PASSED] - logInfo("Payment Type: New Tax Return Amount Due"): Payment Type: New Tax Return Amount Due

2024-11-12 16:42:34 - [MESSAGE][INFO] - Payment Type: New Tax Return Amount Due

2024-11-12 16:42:34 - [TEST_STEP][PASSED] - logInfo("Tax Type: " + TaxType): Tax Type: Sales and Use Tax

2024-11-12 16:42:34 - [MESSAGE][INFO] - Tax Type: Sales and Use Tax

2024-11-12 16:42:34 - [TEST_STEP][PASSED] - openBrowser(""): Browser is opened with url: ''

2024-11-12 16:42:34 - [MESSAGE][WARNING] - A browser is already opened. Closing browser and opening a new one

2024-11-12 16:42:36 - [MESSAGE][INFO] - Starting 'Chrome' driver

2024-11-12 16:42:36 - [MESSAGE][INFO] - User set preference: ['acceptInsecureCerts', 'true']

2024-11-12 16:42:36 - [MESSAGE][INFO] - Action delay is set to 0 milliseconds

2024-11-12 16:42:37 - [MESSAGE][PASSED] - Browser is opened with url: ''

2024-11-12 16:42:37 - [TEST_STEP][PASSED] - maximizeWindow(): Current window maximized

2024-11-12 16:42:37 - [MESSAGE][PASSED] - Current window maximized

2024-11-12 16:42:37 - [TEST_STEP][PASSED] - navigateToUrl(RADurl): Navigate to 'https://www.velocitypayment.com/client/rad/index.html' successfully

2024-11-12 16:42:37 - [MESSAGE][PASSED] - Navigate to 'https://www.velocitypayment.com/client/rad/index.html' successfully

2024-11-12 16:42:37 - [TEST_STEP][PASSED] - selectOptionByLabel(findTestObject(orPath_Landing + "/dd_TaxType"), "New Tax Return Amount Due", false): All options with label 'New Tax Return Amount Due' are selected in object 'Object Repository/RAD_Pages/Landing_Page/dd_TaxType' 

2024-11-12 16:42:39 - [MESSAGE][PASSED] - All options with label 'New Tax Return Amount Due' are selected in object 'Object Repository/RAD_Pages/Landing_Page/dd_TaxType' 

2024-11-12 16:42:39 - [TEST_STEP][PASSED] - selectOptionByLabel(findTestObject("Object Repository/RAD_Pages/Landing_Page/select_NewTaxReturnAmountDue_TaxType"), TaxType, false): All options with label 'Sales and Use Tax' are selected in object 'Object Repository/RAD_Pages/Landing_Page/select_NewTaxReturnAmountDue_TaxType' 

2024-11-12 16:42:40 - [MESSAGE][PASSED] - All options with label 'Sales and Use Tax' are selected in object 'Object Repository/RAD_Pages/Landing_Page/select_NewTaxReturnAmountDue_TaxType' 

2024-11-12 16:42:40 - [TEST_STEP][PASSED] - selectOptionByLabel(findTestObject(orPath_TaxTypeFilingYear + "/select_FilingYear"), FilingYear, false): All options with label '2022' are selected in object 'Object Repository/RAD_Pages/TaxTypeFilingYear_Page/select_FilingYear' 

2024-11-12 16:42:41 - [MESSAGE][PASSED] - All options with label '2022' are selected in object 'Object Repository/RAD_Pages/TaxTypeFilingYear_Page/select_FilingYear' 

2024-11-12 16:42:41 - [TEST_STEP][PASSED] - if (month.trim()): All options with label 'October' are selected in object 'Object Repository/RAD_Pages/TaxTypeFilingYear_Page/select_PeriodEnding' 

2024-11-12 16:42:41 - [TEST_STEP][PASSED] - selectOptionByLabel(findTestObject(orPath_TaxTypeFilingYear + "/select_PeriodEnding"), month, false): All options with label 'October' are selected in object 'Object Repository/RAD_Pages/TaxTypeFilingYear_Page/select_PeriodEnding' 

2024-11-12 16:42:42 - [MESSAGE][PASSED] - All options with label 'October' are selected in object 'Object Repository/RAD_Pages/TaxTypeFilingYear_Page/select_PeriodEnding' 

2024-11-12 16:42:42 - [TEST_STEP][PASSED] - rad.getSetDataRAD.setDataRADBusinessName(): rad.getSetDataRAD.setDataRADBusinessName is PASSED

2024-11-12 16:42:43 - [MESSAGE][PASSED] - Text 'My Company' is set on object 'Object Repository/RAD_Pages/Taxpayer_Page/input_businessName'

2024-11-12 16:42:43 - [MESSAGE][PASSED] - rad.getSetDataRAD.setDataRADBusinessName is PASSED

2024-11-12 16:42:43 - [TEST_STEP][PASSED] - rad.getSetDataRAD.setDataRADBusinessRep(): rad.getSetDataRAD.setDataRADBusinessRep is PASSED

2024-11-12 16:42:43 - [MESSAGE][PASSED] - Text 'BusRepFname' is set on object 'Object Repository/RAD_Pages/Taxpayer_Page/input_BusinessRepfirstName'

2024-11-12 16:42:44 - [MESSAGE][PASSED] - Text '' is set on object 'Object Repository/RAD_Pages/Taxpayer_Page/input_BusinessRepmiddleName'

2024-11-12 16:42:45 - [MESSAGE][PASSED] - Text 'BusRepLname' is set on object 'Object Repository/RAD_Pages/Taxpayer_Page/input_BusinessReplastName'

2024-11-12 16:42:45 - [MESSAGE][PASSED] - Text '' is set on object 'Object Repository/RAD_Pages/Taxpayer_Page/input_BusinessRepsuffix'

2024-11-12 16:42:45 - [MESSAGE][PASSED] - rad.getSetDataRAD.setDataRADBusinessRep is PASSED

2024-11-12 16:42:45 - [TEST_STEP][PASSED] - rad.getSetDataRAD.setDataRADAddress(): rad.getSetDataRAD.setDataRADAddress is PASSED

2024-11-12 16:42:46 - [MESSAGE][PASSED] - All options with label 'United States' are selected in object 'Object Repository/RAD_Pages/AddressAndContactInfo_Page/select_Country' 

2024-11-12 16:42:47 - [MESSAGE][PASSED] - Text '2508 Mandan Terrace' is set on object 'Object Repository/RAD_Pages/AddressAndContactInfo_Page/input_streetAddress1'

2024-11-12 16:42:47 - [MESSAGE][PASSED] - Text '' is set on object 'Object Repository/RAD_Pages/AddressAndContactInfo_Page/input_streetAddress2'

2024-11-12 16:42:48 - [MESSAGE][PASSED] - Text 'Gambrills' is set on object 'Object Repository/RAD_Pages/AddressAndContactInfo_Page/input_city'

2024-11-12 16:42:49 - [MESSAGE][PASSED] - All options with label 'Maryland' are selected in object 'Object Repository/RAD_Pages/AddressAndContactInfo_Page/select_State' 

2024-11-12 16:42:50 - [MESSAGE][PASSED] - Text '21054' is set on object 'Object Repository/RAD_Pages/AddressAndContactInfo_Page/input_zipCode'

2024-11-12 16:42:51 - [MESSAGE][PASSED] - Text '(703) 894-5000' is set on object 'Object Repository/RAD_Pages/AddressAndContactInfo_Page/input_phoneNumber'

2024-11-12 16:42:51 - [MESSAGE][PASSED] - Text 'iahmed@govolution.com' is set on object 'Object Repository/RAD_Pages/AddressAndContactInfo_Page/input_eMailAddress'

2024-11-12 16:42:52 - [MESSAGE][PASSED] - Text 'iahmed@govolution.com' is set on object 'Object Repository/RAD_Pages/AddressAndContactInfo_Page/input_reEnterEMailAddress'

2024-11-12 16:42:52 - [MESSAGE][PASSED] - rad.getSetDataRAD.setDataRADAddress is PASSED

2024-11-12 16:42:52 - [TEST_STEP][PASSED] - if (feinSSN.equalsIgnoreCase("Y")): null

2024-11-12 16:42:52 - [TEST_STEP][PASSED] - else: Text ****** has been set on object 'Object Repository/RAD_Pages/TaxInfo_Page/input_FederalEIN_ReEnter'

2024-11-12 16:42:52 - [TEST_STEP][PASSED] - if (!(TaxType.equalsIgnoreCase("Estate Tax"))): Text ****** has been set on object 'Object Repository/RAD_Pages/TaxInfo_Page/input_FederalEIN_ReEnter'

2024-11-12 16:42:52 - [TEST_STEP][PASSED] - setEncryptedText(findTestObject(orPath_TaxInfo + "/input_FederalEIN"), "yXB7JMCbD3QoFF75EQd3iw=="): Text ****** has been set on object 'Object Repository/RAD_Pages/TaxInfo_Page/input_FederalEIN'

2024-11-12 16:42:53 - [MESSAGE][PASSED] - Text ****** has been set on object 'Object Repository/RAD_Pages/TaxInfo_Page/input_FederalEIN'

2024-11-12 16:42:53 - [TEST_STEP][PASSED] - setEncryptedText(findTestObject(orPath_TaxInfo + "/input_FederalEIN_ReEnter"), "yXB7JMCbD3QoFF75EQd3iw=="): Text ****** has been set on object 'Object Repository/RAD_Pages/TaxInfo_Page/input_FederalEIN_ReEnter'

2024-11-12 16:42:53 - [MESSAGE][PASSED] - Text ****** has been set on object 'Object Repository/RAD_Pages/TaxInfo_Page/input_FederalEIN_ReEnter'

2024-11-12 16:42:53 - [TEST_STEP][PASSED] - if (CRN.equalsIgnoreCase("Y")): rad.getSetDataRAD.setDataRADMDCRN is PASSED

2024-11-12 16:42:53 - [TEST_STEP][PASSED] - rad.getSetDataRAD.setDataRADMDCRN(): rad.getSetDataRAD.setDataRADMDCRN is PASSED

2024-11-12 16:42:54 - [MESSAGE][PASSED] - Text '07640126' is set on object 'Object Repository/RAD_Pages/TaxInfo_Page/input_MDCRegistration'

2024-11-12 16:42:54 - [MESSAGE][PASSED] - rad.getSetDataRAD.setDataRADMDCRN is PASSED

2024-11-12 16:42:54 - [TEST_STEP][PASSED] - if (MFLicNum.equalsIgnoreCase("Y")): null

2024-11-12 16:42:54 - [TEST_STEP][PASSED] - if (TaxType.equalsIgnoreCase("Estate Tax")): null

2024-11-12 16:42:54 - [TEST_STEP][PASSED] - setText(findTestObject(orPath_Amount + "/input__paymentAmount"), "100.00"): Text '100.00' is set on object 'Object Repository/RAD_Pages/PaymentAmount_Page/input__paymentAmount'

2024-11-12 16:42:55 - [MESSAGE][PASSED] - Text '100.00' is set on object 'Object Repository/RAD_Pages/PaymentAmount_Page/input__paymentAmount'

2024-11-12 16:42:55 - [TEST_STEP][PASSED] - setText(findTestObject(orPath_AddressContact + "/input_streetAddress2"), ""): Text '' is set on object 'Object Repository/RAD_Pages/AddressAndContactInfo_Page/input_streetAddress2'

2024-11-12 16:42:55 - [MESSAGE][PASSED] - Text '' is set on object 'Object Repository/RAD_Pages/AddressAndContactInfo_Page/input_streetAddress2'

2024-11-12 16:42:55 - [TEST_STEP][PASSED] - scrollToElement(findTestObject(orPath_Landing + "/button_Continue"), 3): Scroll to object 'Object Repository/RAD_Pages/Landing_Page/button_Continue' successfully

2024-11-12 16:42:56 - [MESSAGE][PASSED] - Scroll to object 'Object Repository/RAD_Pages/Landing_Page/button_Continue' successfully

2024-11-12 16:42:56 - [TEST_STEP][PASSED] - waitForElementClickable(findTestObject(orPath_Landing + "/button_Continue"), 5): Object 'Object Repository/RAD_Pages/Landing_Page/button_Continue' is clickable

2024-11-12 16:42:56 - [MESSAGE][PASSED] - Object 'Object Repository/RAD_Pages/Landing_Page/button_Continue' is clickable

2024-11-12 16:42:56 - [TEST_STEP][PASSED] - click(findTestObject(orPath_Landing + "/button_Continue")): Object: 'Object Repository/RAD_Pages/Landing_Page/button_Continue' is clicked on

2024-11-12 16:42:57 - [MESSAGE][PASSED] - Object: 'Object Repository/RAD_Pages/Landing_Page/button_Continue' is clicked on

2024-11-12 16:42:57 - [TEST_STEP][PASSED] - delay(2): Delayed 2 second(s)

2024-11-12 16:42:59 - [MESSAGE][PASSED] - Delayed 2 second(s)

2024-11-12 16:42:59 - [TEST_STEP][PASSED] - verifyTextPresent("Summary", true): Text 'Summary' is present on page  using regular expression

2024-11-12 16:42:59 - [MESSAGE][PASSED] - Text 'Summary' is present on page  using regular expression

2024-11-12 16:42:59 - [TEST_STEP][PASSED] - verifyTextPresent("Review the information below and make any necessary corrections by clicking the", true): Text 'Review the information below and make any necessary corrections by clicking the' is present on page  using regular expression

2024-11-12 16:42:59 - [MESSAGE][PASSED] - Text 'Review the information below and make any necessary corrections by clicking the' is present on page  using regular expression

2024-11-12 16:42:59 - [TEST_STEP][PASSED] - verifyTextPresent("When you are confident that all the information is correct, click the", true): Text 'When you are confident that all the information is correct, click the' is present on page  using regular expression

2024-11-12 16:43:00 - [MESSAGE][PASSED] - Text 'When you are confident that all the information is correct, click the' is present on page  using regular expression

2024-11-12 16:43:00 - [TEST_STEP][PASSED] - verifyTextPresent("Payment Type/Filing Year", true): Text 'Payment Type/Filing Year' is present on page  using regular expression

2024-11-12 16:43:00 - [MESSAGE][PASSED] - Text 'Payment Type/Filing Year' is present on page  using regular expression

2024-11-12 16:43:00 - [TEST_STEP][PASSED] - verifyTextPresent("Payment Type:", true): Text 'Payment Type:' is present on page  using regular expression

2024-11-12 16:43:00 - [MESSAGE][PASSED] - Text 'Payment Type:' is present on page  using regular expression

2024-11-12 16:43:00 - [TEST_STEP][PASSED] - verifyTextPresent("New Tax Return Amount Due", true): Text 'New Tax Return Amount Due' is present on page  using regular expression

2024-11-12 16:43:01 - [MESSAGE][PASSED] - Text 'New Tax Return Amount Due' is present on page  using regular expression

2024-11-12 16:43:01 - [TEST_STEP][PASSED] - verifyTextPresent("Filing Year:", true): Text 'Filing Year:' is present on page  using regular expression

2024-11-12 16:43:01 - [MESSAGE][PASSED] - Text 'Filing Year:' is present on page  using regular expression

2024-11-12 16:43:01 - [TEST_STEP][PASSED] - verifyTextPresent(FilingYear, true): Text '2022' is present on page  using regular expression

2024-11-12 16:43:01 - [MESSAGE][PASSED] - Text '2022' is present on page  using regular expression

2024-11-12 16:43:01 - [TEST_STEP][PASSED] - verifyTextPresent("Payer Information", true): Text 'Payer Information' is present on page  using regular expression

2024-11-12 16:43:02 - [MESSAGE][PASSED] - Text 'Payer Information' is present on page  using regular expression

2024-11-12 16:43:02 - [TEST_STEP][PASSED] - verifyTextPresent("Taxpayer Name:", true): Text 'Taxpayer Name:' is present on page  using regular expression

2024-11-12 16:43:02 - [MESSAGE][PASSED] - Text 'Taxpayer Name:' is present on page  using regular expression

2024-11-12 16:43:02 - [TEST_STEP][PASSED] - verifyTextPresent("My Company", true): Text 'My Company' is present on page  using regular expression

2024-11-12 16:43:02 - [MESSAGE][PASSED] - Text 'My Company' is present on page  using regular expression

2024-11-12 16:43:02 - [TEST_STEP][PASSED] - verifyTextPresent("Business Rep Name:", true): Text 'Business Rep Name:' is present on page  using regular expression

2024-11-12 16:43:03 - [MESSAGE][PASSED] - Text 'Business Rep Name:' is present on page  using regular expression

2024-11-12 16:43:03 - [TEST_STEP][PASSED] - verifyTextPresent("BusRepFname BusRepLname", true): Text 'BusRepFname BusRepLname' is present on page  using regular expression

2024-11-12 16:43:03 - [MESSAGE][PASSED] - Text 'BusRepFname BusRepLname' is present on page  using regular expression

2024-11-12 16:43:03 - [TEST_STEP][PASSED] - verifyTextPresent("Taxpayer Address:", true): Text 'Taxpayer Address:' is present on page  using regular expression

2024-11-12 16:43:03 - [MESSAGE][PASSED] - Text 'Taxpayer Address:' is present on page  using regular expression

2024-11-12 16:43:03 - [TEST_STEP][PASSED] - verifyTextPresent("2508 Mandan Terrace Gambrills Maryland 21054", true): Text '2508 Mandan Terrace Gambrills Maryland 21054' is present on page  using regular expression

2024-11-12 16:43:04 - [MESSAGE][PASSED] - Text '2508 Mandan Terrace Gambrills Maryland 21054' is present on page  using regular expression

2024-11-12 16:43:04 - [TEST_STEP][PASSED] - verifyTextPresent("Email:", true): Text 'Email:' is present on page  using regular expression

2024-11-12 16:43:04 - [MESSAGE][PASSED] - Text 'Email:' is present on page  using regular expression

2024-11-12 16:43:04 - [TEST_STEP][PASSED] - verifyTextPresent("iahmed@govolution.com", true): Text 'iahmed@govolution.com' is present on page  using regular expression

2024-11-12 16:43:04 - [MESSAGE][PASSED] - Text 'iahmed@govolution.com' is present on page  using regular expression

2024-11-12 16:43:04 - [TEST_STEP][PASSED] - verifyTextPresent("Phone:", true): Text 'Phone:' is present on page  using regular expression

2024-11-12 16:43:05 - [MESSAGE][PASSED] - Text 'Phone:' is present on page  using regular expression

2024-11-12 16:43:05 - [TEST_STEP][PASSED] - verifyTextPresent("(703) 894-5000", false): Text '(703) 894-5000' is present on page 

2024-11-12 16:43:05 - [MESSAGE][PASSED] - Text '(703) 894-5000' is present on page 

2024-11-12 16:43:05 - [TEST_STEP][PASSED] - verifyTextPresent("Tax Information", true): Text 'Tax Information' is present on page  using regular expression

2024-11-12 16:43:05 - [MESSAGE][PASSED] - Text 'Tax Information' is present on page  using regular expression

2024-11-12 16:43:05 - [TEST_STEP][PASSED] - verifyTextNotPresent("Notice Number", true): Text 'Notice Number' is not present on page using regular expression

2024-11-12 16:43:06 - [MESSAGE][PASSED] - Text 'Notice Number' is not present on page using regular expression

2024-11-12 16:43:06 - [TEST_STEP][PASSED] - if (month.trim()): Text 'October' is present on page  using regular expression

2024-11-12 16:43:06 - [TEST_STEP][PASSED] - verifyTextPresent("Period Ending", true): Text 'Period Ending' is present on page  using regular expression

2024-11-12 16:43:06 - [MESSAGE][PASSED] - Text 'Period Ending' is present on page  using regular expression

2024-11-12 16:43:06 - [TEST_STEP][PASSED] - verifyTextPresent(month, true): Text 'October' is present on page  using regular expression

2024-11-12 16:43:06 - [MESSAGE][PASSED] - Text 'October' is present on page  using regular expression

2024-11-12 16:43:06 - [TEST_STEP][PASSED] - if (feinSSN.equalsIgnoreCase("Y")): null

2024-11-12 16:43:06 - [TEST_STEP][PASSED] - else: Text 'XXXXXXX87' is present on page  using regular expression

2024-11-12 16:43:06 - [TEST_STEP][PASSED] - if (!(TaxType.equalsIgnoreCase("Estate Tax"))): Text 'XXXXXXX87' is present on page  using regular expression

2024-11-12 16:43:06 - [TEST_STEP][PASSED] - verifyTextPresent("Federal EIN:", true): Text 'Federal EIN:' is present on page  using regular expression

2024-11-12 16:43:07 - [MESSAGE][PASSED] - Text 'Federal EIN:' is present on page  using regular expression

2024-11-12 16:43:07 - [TEST_STEP][PASSED] - verifyTextNotPresent("FEIN/SSN:", true): Text 'FEIN/SSN:' is not present on page using regular expression

2024-11-12 16:43:07 - [MESSAGE][PASSED] - Text 'FEIN/SSN:' is not present on page using regular expression

2024-11-12 16:43:07 - [TEST_STEP][PASSED] - verifyTextPresent("XXXXXXX87", true): Text 'XXXXXXX87' is present on page  using regular expression

2024-11-12 16:43:07 - [MESSAGE][PASSED] - Text 'XXXXXXX87' is present on page  using regular expression

2024-11-12 16:43:07 - [TEST_STEP][PASSED] - if (TaxType.equalsIgnoreCase("Estate Tax")): null

2024-11-12 16:43:07 - [TEST_STEP][PASSED] - if (CRN.equalsIgnoreCase("Y")): Text '07640126' is present on page  using regular expression

2024-11-12 16:43:07 - [TEST_STEP][PASSED] - verifyTextPresent("MD Central Registration Number#:", true): Text 'MD Central Registration Number#:' is present on page  using regular expression

2024-11-12 16:43:08 - [MESSAGE][PASSED] - Text 'MD Central Registration Number#:' is present on page  using regular expression

2024-11-12 16:43:08 - [TEST_STEP][PASSED] - verifyTextPresent("07640126", true): Text '07640126' is present on page  using regular expression

2024-11-12 16:43:08 - [MESSAGE][PASSED] - Text '07640126' is present on page  using regular expression

2024-11-12 16:43:08 - [TEST_STEP][PASSED] - if (MFLicNum.equalsIgnoreCase("Y")): null

2024-11-12 16:43:08 - [TEST_STEP][PASSED] - else: Text 'Motor Fuel License Number#:' is not present on page using regular expression

2024-11-12 16:43:08 - [TEST_STEP][PASSED] - verifyTextNotPresent("Motor Fuel License Number#:", true): Text 'Motor Fuel License Number#:' is not present on page using regular expression

2024-11-12 16:43:08 - [MESSAGE][PASSED] - Text 'Motor Fuel License Number#:' is not present on page using regular expression

2024-11-12 16:43:08 - [TEST_STEP][PASSED] - verifyTextPresent("Payment Amount:", true): Text 'Payment Amount:' is present on page  using regular expression

2024-11-12 16:43:09 - [MESSAGE][PASSED] - Text 'Payment Amount:' is present on page  using regular expression

2024-11-12 16:43:09 - [TEST_STEP][PASSED] - verifyTextPresent("100.00", true): Text '100.00' is present on page  using regular expression

2024-11-12 16:43:09 - [MESSAGE][PASSED] - Text '100.00' is present on page  using regular expression

2024-11-12 16:43:09 - [TEST_STEP][PASSED] - if (verifyElementVisible(findTestObject(orPath_Summary + "/button_Proceed to Payment"))): null

2024-11-12 16:43:09 - [MESSAGE][PASSED] - Object 'Object Repository/RAD_Pages/Summary_Page/button_Proceed to Payment' is visible

2024-11-12 16:43:09 - [TEST_STEP][PASSED] - resText = "Pass": null

2024-11-12 16:43:09 - [TEST_STEP][PASSED] - pages.WriteExcel.demoKey(resText, datText, resColumn, datCloumn, fileLoc, nameSheet, row): pages.WriteExcel.demoKey is PASSED

2024-11-12 16:43:09 - [MESSAGE][PASSED] - pages.WriteExcel.demoKey is PASSED

2024-11-12 16:43:09 - [TEST_STEP][PASSED] - click(findTestObject(orPath_Summary + "/button_Proceed to Payment")): Object: 'Object Repository/RAD_Pages/Summary_Page/button_Proceed to Payment' is clicked on

2024-11-12 16:43:13 - [MESSAGE][PASSED] - Object: 'Object Repository/RAD_Pages/Summary_Page/button_Proceed to Payment' is clicked on

2024-11-12 16:43:13 - [TEST_STEP][PASSED] - verifyElementPresent(findTestObject("Object Repository/RAD_Pages/PaymentEntry_Page/input__billingName"), 30): Object 'Object Repository/RAD_Pages/PaymentEntry_Page/input__billingName' is present

2024-11-12 16:43:13 - [MESSAGE][PASSED] - Object 'Object Repository/RAD_Pages/PaymentEntry_Page/input__billingName' is present

2024-11-12 16:43:13 - [TEST_STEP][PASSED] - ExecuteTC = findTestData(dataFile).getValue("Execute", row): null

2024-11-12 16:43:13 - [TEST_STEP][PASSED] - TaxType = findTestData(dataFile).getValue("TaxType", row): null

2024-11-12 16:43:14 - [TEST_STEP][PASSED] - PaymentType = findTestData(dataFile).getValue("PaymentType", row): null

2024-11-12 16:43:14 - [TEST_STEP][PASSED] - FilingYear = findTestData(dataFile).getValue("Year", row): null

2024-11-12 16:43:14 - [TEST_STEP][PASSED] - feinSSN = findTestData(dataFile).getValue("FeinSsn", row): null

2024-11-12 16:43:14 - [TEST_STEP][PASSED] - CRN = findTestData(dataFile).getValue("CRN", row): null

2024-11-12 16:43:14 - [TEST_STEP][PASSED] - month = findTestData(dataFile).getValue("Month", row): null

2024-11-12 16:43:14 - [TEST_STEP][PASSED] - MFLicNum = findTestData(dataFile).getValue("MFLicNum", row): null

2024-11-12 16:43:14 - [TEST_STEP][PASSED] - if (ExecuteTC.equalsIgnoreCase("Y")): Object 'Object Repository/RAD_Pages/PaymentEntry_Page/input__billingName' is present

2024-11-12 16:43:14 - [TEST_STEP][PASSED] - out.println("Begin Record Number: " + row): null

2024-11-12 16:43:14 - [TEST_STEP][PASSED] - today = new java.util.Date(): null

2024-11-12 16:43:14 - [TEST_STEP][PASSED] - println(today): null

2024-11-12 16:43:14 - [TEST_STEP][PASSED] - datText = today: null

2024-11-12 16:43:14 - [TEST_STEP][PASSED] - logInfo("Payment Type: New Tax Return Amount Due"): Payment Type: New Tax Return Amount Due

2024-11-12 16:43:14 - [MESSAGE][INFO] - Payment Type: New Tax Return Amount Due

2024-11-12 16:43:14 - [TEST_STEP][PASSED] - logInfo("Tax Type: " + TaxType): Tax Type: Slots License Fee

2024-11-12 16:43:14 - [MESSAGE][INFO] - Tax Type: Slots License Fee

2024-11-12 16:43:14 - [TEST_STEP][PASSED] - openBrowser(""): Browser is opened with url: ''

2024-11-12 16:43:14 - [MESSAGE][WARNING] - A browser is already opened. Closing browser and opening a new one

2024-11-12 16:43:15 - [MESSAGE][INFO] - Starting 'Chrome' driver

2024-11-12 16:43:15 - [MESSAGE][INFO] - User set preference: ['acceptInsecureCerts', 'true']

2024-11-12 16:43:15 - [MESSAGE][INFO] - Action delay is set to 0 milliseconds

2024-11-12 16:43:17 - [MESSAGE][PASSED] - Browser is opened with url: ''

2024-11-12 16:43:17 - [TEST_STEP][PASSED] - maximizeWindow(): Current window maximized

2024-11-12 16:43:17 - [MESSAGE][PASSED] - Current window maximized

2024-11-12 16:43:17 - [TEST_STEP][PASSED] - navigateToUrl(RADurl): Navigate to 'https://www.velocitypayment.com/client/rad/index.html' successfully

2024-11-12 16:43:19 - [MESSAGE][PASSED] - Navigate to 'https://www.velocitypayment.com/client/rad/index.html' successfully

2024-11-12 16:43:19 - [TEST_STEP][PASSED] - selectOptionByLabel(findTestObject(orPath_Landing + "/dd_TaxType"), "New Tax Return Amount Due", false): All options with label 'New Tax Return Amount Due' are selected in object 'Object Repository/RAD_Pages/Landing_Page/dd_TaxType' 

2024-11-12 16:43:20 - [MESSAGE][PASSED] - All options with label 'New Tax Return Amount Due' are selected in object 'Object Repository/RAD_Pages/Landing_Page/dd_TaxType' 

2024-11-12 16:43:20 - [TEST_STEP][PASSED] - selectOptionByLabel(findTestObject("Object Repository/RAD_Pages/Landing_Page/select_NewTaxReturnAmountDue_TaxType"), TaxType, false): All options with label 'Slots License Fee' are selected in object 'Object Repository/RAD_Pages/Landing_Page/select_NewTaxReturnAmountDue_TaxType' 

2024-11-12 16:43:20 - [MESSAGE][PASSED] - All options with label 'Slots License Fee' are selected in object 'Object Repository/RAD_Pages/Landing_Page/select_NewTaxReturnAmountDue_TaxType' 

2024-11-12 16:43:20 - [TEST_STEP][PASSED] - selectOptionByLabel(findTestObject(orPath_TaxTypeFilingYear + "/select_FilingYear"), FilingYear, false): All options with label '2022' are selected in object 'Object Repository/RAD_Pages/TaxTypeFilingYear_Page/select_FilingYear' 

2024-11-12 16:43:21 - [MESSAGE][PASSED] - All options with label '2022' are selected in object 'Object Repository/RAD_Pages/TaxTypeFilingYear_Page/select_FilingYear' 

2024-11-12 16:43:21 - [TEST_STEP][PASSED] - if (month.trim()): null

2024-11-12 16:43:21 - [TEST_STEP][PASSED] - rad.getSetDataRAD.setDataRADBusinessName(): rad.getSetDataRAD.setDataRADBusinessName is PASSED

2024-11-12 16:43:22 - [MESSAGE][PASSED] - Text 'My Company' is set on object 'Object Repository/RAD_Pages/Taxpayer_Page/input_businessName'

2024-11-12 16:43:22 - [MESSAGE][PASSED] - rad.getSetDataRAD.setDataRADBusinessName is PASSED

2024-11-12 16:43:22 - [TEST_STEP][PASSED] - rad.getSetDataRAD.setDataRADBusinessRep(): rad.getSetDataRAD.setDataRADBusinessRep is PASSED

2024-11-12 16:43:23 - [MESSAGE][PASSED] - Text 'BusRepFname' is set on object 'Object Repository/RAD_Pages/Taxpayer_Page/input_BusinessRepfirstName'

2024-11-12 16:43:24 - [MESSAGE][PASSED] - Text '' is set on object 'Object Repository/RAD_Pages/Taxpayer_Page/input_BusinessRepmiddleName'

2024-11-12 16:43:24 - [MESSAGE][PASSED] - Text 'BusRepLname' is set on object 'Object Repository/RAD_Pages/Taxpayer_Page/input_BusinessReplastName'

2024-11-12 16:43:25 - [MESSAGE][PASSED] - Text '' is set on object 'Object Repository/RAD_Pages/Taxpayer_Page/input_BusinessRepsuffix'

2024-11-12 16:43:25 - [MESSAGE][PASSED] - rad.getSetDataRAD.setDataRADBusinessRep is PASSED

2024-11-12 16:43:25 - [TEST_STEP][PASSED] - rad.getSetDataRAD.setDataRADAddress(): rad.getSetDataRAD.setDataRADAddress is PASSED

2024-11-12 16:43:26 - [MESSAGE][PASSED] - All options with label 'United States' are selected in object 'Object Repository/RAD_Pages/AddressAndContactInfo_Page/select_Country' 

2024-11-12 16:43:26 - [MESSAGE][PASSED] - Text '2508 Mandan Terrace' is set on object 'Object Repository/RAD_Pages/AddressAndContactInfo_Page/input_streetAddress1'

2024-11-12 16:43:27 - [MESSAGE][PASSED] - Text '' is set on object 'Object Repository/RAD_Pages/AddressAndContactInfo_Page/input_streetAddress2'

2024-11-12 16:43:28 - [MESSAGE][PASSED] - Text 'Gambrills' is set on object 'Object Repository/RAD_Pages/AddressAndContactInfo_Page/input_city'

2024-11-12 16:43:29 - [MESSAGE][PASSED] - All options with label 'Maryland' are selected in object 'Object Repository/RAD_Pages/AddressAndContactInfo_Page/select_State' 

2024-11-12 16:43:29 - [MESSAGE][PASSED] - Text '21054' is set on object 'Object Repository/RAD_Pages/AddressAndContactInfo_Page/input_zipCode'

2024-11-12 16:43:30 - [MESSAGE][PASSED] - Text '(703) 894-5000' is set on object 'Object Repository/RAD_Pages/AddressAndContactInfo_Page/input_phoneNumber'

2024-11-12 16:43:31 - [MESSAGE][PASSED] - Text 'iahmed@govolution.com' is set on object 'Object Repository/RAD_Pages/AddressAndContactInfo_Page/input_eMailAddress'

2024-11-12 16:43:32 - [MESSAGE][PASSED] - Text 'iahmed@govolution.com' is set on object 'Object Repository/RAD_Pages/AddressAndContactInfo_Page/input_reEnterEMailAddress'

2024-11-12 16:43:32 - [MESSAGE][PASSED] - rad.getSetDataRAD.setDataRADAddress is PASSED

2024-11-12 16:43:32 - [TEST_STEP][PASSED] - if (feinSSN.equalsIgnoreCase("Y")): null

2024-11-12 16:43:32 - [TEST_STEP][PASSED] - else: Text ****** has been set on object 'Object Repository/RAD_Pages/TaxInfo_Page/input_FederalEIN_ReEnter'

2024-11-12 16:43:32 - [TEST_STEP][PASSED] - if (!(TaxType.equalsIgnoreCase("Estate Tax"))): Text ****** has been set on object 'Object Repository/RAD_Pages/TaxInfo_Page/input_FederalEIN_ReEnter'

2024-11-12 16:43:32 - [TEST_STEP][PASSED] - setEncryptedText(findTestObject(orPath_TaxInfo + "/input_FederalEIN"), "yXB7JMCbD3QoFF75EQd3iw=="): Text ****** has been set on object 'Object Repository/RAD_Pages/TaxInfo_Page/input_FederalEIN'

2024-11-12 16:43:32 - [MESSAGE][PASSED] - Text ****** has been set on object 'Object Repository/RAD_Pages/TaxInfo_Page/input_FederalEIN'

2024-11-12 16:43:32 - [TEST_STEP][PASSED] - setEncryptedText(findTestObject(orPath_TaxInfo + "/input_FederalEIN_ReEnter"), "yXB7JMCbD3QoFF75EQd3iw=="): Text ****** has been set on object 'Object Repository/RAD_Pages/TaxInfo_Page/input_FederalEIN_ReEnter'

2024-11-12 16:43:33 - [MESSAGE][PASSED] - Text ****** has been set on object 'Object Repository/RAD_Pages/TaxInfo_Page/input_FederalEIN_ReEnter'

2024-11-12 16:43:33 - [TEST_STEP][PASSED] - if (CRN.equalsIgnoreCase("Y")): rad.getSetDataRAD.setDataRADMDCRN is PASSED

2024-11-12 16:43:33 - [TEST_STEP][PASSED] - rad.getSetDataRAD.setDataRADMDCRN(): rad.getSetDataRAD.setDataRADMDCRN is PASSED

2024-11-12 16:43:34 - [MESSAGE][PASSED] - Text '07640126' is set on object 'Object Repository/RAD_Pages/TaxInfo_Page/input_MDCRegistration'

2024-11-12 16:43:34 - [MESSAGE][PASSED] - rad.getSetDataRAD.setDataRADMDCRN is PASSED

2024-11-12 16:43:34 - [TEST_STEP][PASSED] - if (MFLicNum.equalsIgnoreCase("Y")): null

2024-11-12 16:43:34 - [TEST_STEP][PASSED] - if (TaxType.equalsIgnoreCase("Estate Tax")): null

2024-11-12 16:43:34 - [TEST_STEP][PASSED] - setText(findTestObject(orPath_Amount + "/input__paymentAmount"), "100.00"): Text '100.00' is set on object 'Object Repository/RAD_Pages/PaymentAmount_Page/input__paymentAmount'

2024-11-12 16:43:34 - [MESSAGE][PASSED] - Text '100.00' is set on object 'Object Repository/RAD_Pages/PaymentAmount_Page/input__paymentAmount'

2024-11-12 16:43:34 - [TEST_STEP][PASSED] - setText(findTestObject(orPath_AddressContact + "/input_streetAddress2"), ""): Text '' is set on object 'Object Repository/RAD_Pages/AddressAndContactInfo_Page/input_streetAddress2'

2024-11-12 16:43:35 - [MESSAGE][PASSED] - Text '' is set on object 'Object Repository/RAD_Pages/AddressAndContactInfo_Page/input_streetAddress2'

2024-11-12 16:43:35 - [TEST_STEP][PASSED] - scrollToElement(findTestObject(orPath_Landing + "/button_Continue"), 3): Scroll to object 'Object Repository/RAD_Pages/Landing_Page/button_Continue' successfully

2024-11-12 16:43:36 - [MESSAGE][PASSED] - Scroll to object 'Object Repository/RAD_Pages/Landing_Page/button_Continue' successfully

2024-11-12 16:43:36 - [TEST_STEP][PASSED] - waitForElementClickable(findTestObject(orPath_Landing + "/button_Continue"), 5): Object 'Object Repository/RAD_Pages/Landing_Page/button_Continue' is clickable

2024-11-12 16:43:36 - [MESSAGE][PASSED] - Object 'Object Repository/RAD_Pages/Landing_Page/button_Continue' is clickable

2024-11-12 16:43:36 - [TEST_STEP][PASSED] - click(findTestObject(orPath_Landing + "/button_Continue")): Object: 'Object Repository/RAD_Pages/Landing_Page/button_Continue' is clicked on

2024-11-12 16:43:36 - [MESSAGE][PASSED] - Object: 'Object Repository/RAD_Pages/Landing_Page/button_Continue' is clicked on

2024-11-12 16:43:36 - [TEST_STEP][PASSED] - delay(2): Delayed 2 second(s)

2024-11-12 16:43:38 - [MESSAGE][PASSED] - Delayed 2 second(s)

2024-11-12 16:43:38 - [TEST_STEP][PASSED] - verifyTextPresent("Summary", true): Text 'Summary' is present on page  using regular expression

2024-11-12 16:43:39 - [MESSAGE][PASSED] - Text 'Summary' is present on page  using regular expression

2024-11-12 16:43:39 - [TEST_STEP][PASSED] - verifyTextPresent("Review the information below and make any necessary corrections by clicking the", true): Text 'Review the information below and make any necessary corrections by clicking the' is present on page  using regular expression

2024-11-12 16:43:39 - [MESSAGE][PASSED] - Text 'Review the information below and make any necessary corrections by clicking the' is present on page  using regular expression

2024-11-12 16:43:39 - [TEST_STEP][PASSED] - verifyTextPresent("When you are confident that all the information is correct, click the", true): Text 'When you are confident that all the information is correct, click the' is present on page  using regular expression

2024-11-12 16:43:39 - [MESSAGE][PASSED] - Text 'When you are confident that all the information is correct, click the' is present on page  using regular expression

2024-11-12 16:43:39 - [TEST_STEP][PASSED] - verifyTextPresent("Payment Type/Filing Year", true): Text 'Payment Type/Filing Year' is present on page  using regular expression

2024-11-12 16:43:40 - [MESSAGE][PASSED] - Text 'Payment Type/Filing Year' is present on page  using regular expression

2024-11-12 16:43:40 - [TEST_STEP][PASSED] - verifyTextPresent("Payment Type:", true): Text 'Payment Type:' is present on page  using regular expression

2024-11-12 16:43:40 - [MESSAGE][PASSED] - Text 'Payment Type:' is present on page  using regular expression

2024-11-12 16:43:40 - [TEST_STEP][PASSED] - verifyTextPresent("New Tax Return Amount Due", true): Text 'New Tax Return Amount Due' is present on page  using regular expression

2024-11-12 16:43:40 - [MESSAGE][PASSED] - Text 'New Tax Return Amount Due' is present on page  using regular expression

2024-11-12 16:43:40 - [TEST_STEP][PASSED] - verifyTextPresent("Filing Year:", true): Text 'Filing Year:' is present on page  using regular expression

2024-11-12 16:43:41 - [MESSAGE][PASSED] - Text 'Filing Year:' is present on page  using regular expression

2024-11-12 16:43:41 - [TEST_STEP][PASSED] - verifyTextPresent(FilingYear, true): Text '2022' is present on page  using regular expression

2024-11-12 16:43:41 - [MESSAGE][PASSED] - Text '2022' is present on page  using regular expression

2024-11-12 16:43:41 - [TEST_STEP][PASSED] - verifyTextPresent("Payer Information", true): Text 'Payer Information' is present on page  using regular expression

2024-11-12 16:43:41 - [MESSAGE][PASSED] - Text 'Payer Information' is present on page  using regular expression

2024-11-12 16:43:41 - [TEST_STEP][PASSED] - verifyTextPresent("Taxpayer Name:", true): Text 'Taxpayer Name:' is present on page  using regular expression

2024-11-12 16:43:42 - [MESSAGE][PASSED] - Text 'Taxpayer Name:' is present on page  using regular expression

2024-11-12 16:43:42 - [TEST_STEP][PASSED] - verifyTextPresent("My Company", true): Text 'My Company' is present on page  using regular expression

2024-11-12 16:43:42 - [MESSAGE][PASSED] - Text 'My Company' is present on page  using regular expression

2024-11-12 16:43:42 - [TEST_STEP][PASSED] - verifyTextPresent("Business Rep Name:", true): Text 'Business Rep Name:' is present on page  using regular expression

2024-11-12 16:43:43 - [MESSAGE][PASSED] - Text 'Business Rep Name:' is present on page  using regular expression

2024-11-12 16:43:43 - [TEST_STEP][PASSED] - verifyTextPresent("BusRepFname BusRepLname", true): Text 'BusRepFname BusRepLname' is present on page  using regular expression

2024-11-12 16:43:43 - [MESSAGE][PASSED] - Text 'BusRepFname BusRepLname' is present on page  using regular expression

2024-11-12 16:43:43 - [TEST_STEP][PASSED] - verifyTextPresent("Taxpayer Address:", true): Text 'Taxpayer Address:' is present on page  using regular expression

2024-11-12 16:43:43 - [MESSAGE][PASSED] - Text 'Taxpayer Address:' is present on page  using regular expression

2024-11-12 16:43:43 - [TEST_STEP][PASSED] - verifyTextPresent("2508 Mandan Terrace Gambrills Maryland 21054", true): Text '2508 Mandan Terrace Gambrills Maryland 21054' is present on page  using regular expression

2024-11-12 16:43:44 - [MESSAGE][PASSED] - Text '2508 Mandan Terrace Gambrills Maryland 21054' is present on page  using regular expression

2024-11-12 16:43:44 - [TEST_STEP][PASSED] - verifyTextPresent("Email:", true): Text 'Email:' is present on page  using regular expression

2024-11-12 16:43:44 - [MESSAGE][PASSED] - Text 'Email:' is present on page  using regular expression

2024-11-12 16:43:44 - [TEST_STEP][PASSED] - verifyTextPresent("iahmed@govolution.com", true): Text 'iahmed@govolution.com' is present on page  using regular expression

2024-11-12 16:43:44 - [MESSAGE][PASSED] - Text 'iahmed@govolution.com' is present on page  using regular expression

2024-11-12 16:43:44 - [TEST_STEP][PASSED] - verifyTextPresent("Phone:", true): Text 'Phone:' is present on page  using regular expression

2024-11-12 16:43:44 - [MESSAGE][PASSED] - Text 'Phone:' is present on page  using regular expression

2024-11-12 16:43:44 - [TEST_STEP][PASSED] - verifyTextPresent("(703) 894-5000", false): Text '(703) 894-5000' is present on page 

2024-11-12 16:43:45 - [MESSAGE][PASSED] - Text '(703) 894-5000' is present on page 

2024-11-12 16:43:45 - [TEST_STEP][PASSED] - verifyTextPresent("Tax Information", true): Text 'Tax Information' is present on page  using regular expression

2024-11-12 16:43:45 - [MESSAGE][PASSED] - Text 'Tax Information' is present on page  using regular expression

2024-11-12 16:43:45 - [TEST_STEP][PASSED] - verifyTextNotPresent("Notice Number", true): Text 'Notice Number' is not present on page using regular expression

2024-11-12 16:43:46 - [MESSAGE][PASSED] - Text 'Notice Number' is not present on page using regular expression

2024-11-12 16:43:46 - [TEST_STEP][PASSED] - if (month.trim()): null

2024-11-12 16:43:46 - [TEST_STEP][PASSED] - else: Text 'Period Ending' is not present on page using regular expression

2024-11-12 16:43:46 - [TEST_STEP][PASSED] - verifyTextNotPresent("Period Ending", true): Text 'Period Ending' is not present on page using regular expression

2024-11-12 16:43:46 - [MESSAGE][PASSED] - Text 'Period Ending' is not present on page using regular expression

2024-11-12 16:43:46 - [TEST_STEP][PASSED] - if (feinSSN.equalsIgnoreCase("Y")): null

2024-11-12 16:43:46 - [TEST_STEP][PASSED] - else: Text 'XXXXXXX87' is present on page  using regular expression

2024-11-12 16:43:46 - [TEST_STEP][PASSED] - if (!(TaxType.equalsIgnoreCase("Estate Tax"))): Text 'XXXXXXX87' is present on page  using regular expression

2024-11-12 16:43:46 - [TEST_STEP][PASSED] - verifyTextPresent("Federal EIN:", true): Text 'Federal EIN:' is present on page  using regular expression

2024-11-12 16:43:46 - [MESSAGE][PASSED] - Text 'Federal EIN:' is present on page  using regular expression

2024-11-12 16:43:46 - [TEST_STEP][PASSED] - verifyTextNotPresent("FEIN/SSN:", true): Text 'FEIN/SSN:' is not present on page using regular expression

2024-11-12 16:43:47 - [MESSAGE][PASSED] - Text 'FEIN/SSN:' is not present on page using regular expression

2024-11-12 16:43:47 - [TEST_STEP][PASSED] - verifyTextPresent("XXXXXXX87", true): Text 'XXXXXXX87' is present on page  using regular expression

2024-11-12 16:43:47 - [MESSAGE][PASSED] - Text 'XXXXXXX87' is present on page  using regular expression

2024-11-12 16:43:47 - [TEST_STEP][PASSED] - if (TaxType.equalsIgnoreCase("Estate Tax")): null

2024-11-12 16:43:47 - [TEST_STEP][PASSED] - if (CRN.equalsIgnoreCase("Y")): Text '07640126' is present on page  using regular expression

2024-11-12 16:43:47 - [TEST_STEP][PASSED] - verifyTextPresent("MD Central Registration Number#:", true): Text 'MD Central Registration Number#:' is present on page  using regular expression

2024-11-12 16:43:47 - [MESSAGE][PASSED] - Text 'MD Central Registration Number#:' is present on page  using regular expression

2024-11-12 16:43:47 - [TEST_STEP][PASSED] - verifyTextPresent("07640126", true): Text '07640126' is present on page  using regular expression

2024-11-12 16:43:48 - [MESSAGE][PASSED] - Text '07640126' is present on page  using regular expression

2024-11-12 16:43:48 - [TEST_STEP][PASSED] - if (MFLicNum.equalsIgnoreCase("Y")): null

2024-11-12 16:43:48 - [TEST_STEP][PASSED] - else: Text 'Motor Fuel License Number#:' is not present on page using regular expression

2024-11-12 16:43:48 - [TEST_STEP][PASSED] - verifyTextNotPresent("Motor Fuel License Number#:", true): Text 'Motor Fuel License Number#:' is not present on page using regular expression

2024-11-12 16:43:48 - [MESSAGE][PASSED] - Text 'Motor Fuel License Number#:' is not present on page using regular expression

2024-11-12 16:43:48 - [TEST_STEP][PASSED] - verifyTextPresent("Payment Amount:", true): Text 'Payment Amount:' is present on page  using regular expression

2024-11-12 16:43:48 - [MESSAGE][PASSED] - Text 'Payment Amount:' is present on page  using regular expression

2024-11-12 16:43:48 - [TEST_STEP][PASSED] - verifyTextPresent("100.00", true): Text '100.00' is present on page  using regular expression

2024-11-12 16:43:49 - [MESSAGE][PASSED] - Text '100.00' is present on page  using regular expression

2024-11-12 16:43:49 - [TEST_STEP][PASSED] - if (verifyElementVisible(findTestObject(orPath_Summary + "/button_Proceed to Payment"))): null

2024-11-12 16:43:49 - [MESSAGE][PASSED] - Object 'Object Repository/RAD_Pages/Summary_Page/button_Proceed to Payment' is visible

2024-11-12 16:43:49 - [TEST_STEP][PASSED] - resText = "Pass": null

2024-11-12 16:43:49 - [TEST_STEP][PASSED] - pages.WriteExcel.demoKey(resText, datText, resColumn, datCloumn, fileLoc, nameSheet, row): pages.WriteExcel.demoKey is PASSED

2024-11-12 16:43:49 - [MESSAGE][PASSED] - pages.WriteExcel.demoKey is PASSED

2024-11-12 16:43:49 - [TEST_STEP][PASSED] - click(findTestObject(orPath_Summary + "/button_Proceed to Payment")): Object: 'Object Repository/RAD_Pages/Summary_Page/button_Proceed to Payment' is clicked on

2024-11-12 16:43:51 - [MESSAGE][PASSED] - Object: 'Object Repository/RAD_Pages/Summary_Page/button_Proceed to Payment' is clicked on

2024-11-12 16:43:51 - [TEST_STEP][PASSED] - verifyElementPresent(findTestObject("Object Repository/RAD_Pages/PaymentEntry_Page/input__billingName"), 30): Object 'Object Repository/RAD_Pages/PaymentEntry_Page/input__billingName' is present

2024-11-12 16:43:52 - [MESSAGE][PASSED] - Object 'Object Repository/RAD_Pages/PaymentEntry_Page/input__billingName' is present

2024-11-12 16:43:52 - [TEST_STEP][PASSED] - ExecuteTC = findTestData(dataFile).getValue("Execute", row): null

2024-11-12 16:43:52 - [TEST_STEP][PASSED] - TaxType = findTestData(dataFile).getValue("TaxType", row): null

2024-11-12 16:43:52 - [TEST_STEP][PASSED] - PaymentType = findTestData(dataFile).getValue("PaymentType", row): null

2024-11-12 16:43:52 - [TEST_STEP][PASSED] - FilingYear = findTestData(dataFile).getValue("Year", row): null

2024-11-12 16:43:52 - [TEST_STEP][PASSED] - feinSSN = findTestData(dataFile).getValue("FeinSsn", row): null

2024-11-12 16:43:52 - [TEST_STEP][PASSED] - CRN = findTestData(dataFile).getValue("CRN", row): null

2024-11-12 16:43:52 - [TEST_STEP][PASSED] - month = findTestData(dataFile).getValue("Month", row): null

2024-11-12 16:43:52 - [TEST_STEP][PASSED] - MFLicNum = findTestData(dataFile).getValue("MFLicNum", row): null

2024-11-12 16:43:52 - [TEST_STEP][PASSED] - if (ExecuteTC.equalsIgnoreCase("Y")): Object 'Object Repository/RAD_Pages/PaymentEntry_Page/input__billingName' is present

2024-11-12 16:43:52 - [TEST_STEP][PASSED] - out.println("Begin Record Number: " + row): null

2024-11-12 16:43:52 - [TEST_STEP][PASSED] - today = new java.util.Date(): null

2024-11-12 16:43:52 - [TEST_STEP][PASSED] - println(today): null

2024-11-12 16:43:52 - [TEST_STEP][PASSED] - datText = today: null

2024-11-12 16:43:52 - [TEST_STEP][PASSED] - logInfo("Payment Type: New Tax Return Amount Due"): Payment Type: New Tax Return Amount Due

2024-11-12 16:43:52 - [MESSAGE][INFO] - Payment Type: New Tax Return Amount Due

2024-11-12 16:43:52 - [TEST_STEP][PASSED] - logInfo("Tax Type: " + TaxType): Tax Type: Tire Recycling Fee

2024-11-12 16:43:52 - [MESSAGE][INFO] - Tax Type: Tire Recycling Fee

2024-11-12 16:43:52 - [TEST_STEP][PASSED] - openBrowser(""): Browser is opened with url: ''

2024-11-12 16:43:52 - [MESSAGE][WARNING] - A browser is already opened. Closing browser and opening a new one

2024-11-12 16:43:54 - [MESSAGE][INFO] - Starting 'Chrome' driver

2024-11-12 16:43:54 - [MESSAGE][INFO] - User set preference: ['acceptInsecureCerts', 'true']

2024-11-12 16:43:54 - [MESSAGE][INFO] - Action delay is set to 0 milliseconds

2024-11-12 16:43:55 - [MESSAGE][PASSED] - Browser is opened with url: ''

2024-11-12 16:43:55 - [TEST_STEP][PASSED] - maximizeWindow(): Current window maximized

2024-11-12 16:43:55 - [MESSAGE][PASSED] - Current window maximized

2024-11-12 16:43:55 - [TEST_STEP][PASSED] - navigateToUrl(RADurl): Navigate to 'https://www.velocitypayment.com/client/rad/index.html' successfully

2024-11-12 16:43:57 - [MESSAGE][PASSED] - Navigate to 'https://www.velocitypayment.com/client/rad/index.html' successfully

2024-11-12 16:43:57 - [TEST_STEP][PASSED] - selectOptionByLabel(findTestObject(orPath_Landing + "/dd_TaxType"), "New Tax Return Amount Due", false): All options with label 'New Tax Return Amount Due' are selected in object 'Object Repository/RAD_Pages/Landing_Page/dd_TaxType' 

2024-11-12 16:43:58 - [MESSAGE][PASSED] - All options with label 'New Tax Return Amount Due' are selected in object 'Object Repository/RAD_Pages/Landing_Page/dd_TaxType' 

2024-11-12 16:43:58 - [TEST_STEP][PASSED] - selectOptionByLabel(findTestObject("Object Repository/RAD_Pages/Landing_Page/select_NewTaxReturnAmountDue_TaxType"), TaxType, false): All options with label 'Tire Recycling Fee' are selected in object 'Object Repository/RAD_Pages/Landing_Page/select_NewTaxReturnAmountDue_TaxType' 

2024-11-12 16:43:58 - [MESSAGE][PASSED] - All options with label 'Tire Recycling Fee' are selected in object 'Object Repository/RAD_Pages/Landing_Page/select_NewTaxReturnAmountDue_TaxType' 

2024-11-12 16:43:58 - [TEST_STEP][PASSED] - selectOptionByLabel(findTestObject(orPath_TaxTypeFilingYear + "/select_FilingYear"), FilingYear, false): All options with label '2022' are selected in object 'Object Repository/RAD_Pages/TaxTypeFilingYear_Page/select_FilingYear' 

2024-11-12 16:43:59 - [MESSAGE][PASSED] - All options with label '2022' are selected in object 'Object Repository/RAD_Pages/TaxTypeFilingYear_Page/select_FilingYear' 

2024-11-12 16:43:59 - [TEST_STEP][PASSED] - if (month.trim()): All options with label 'November' are selected in object 'Object Repository/RAD_Pages/TaxTypeFilingYear_Page/select_PeriodEnding' 

2024-11-12 16:43:59 - [TEST_STEP][PASSED] - selectOptionByLabel(findTestObject(orPath_TaxTypeFilingYear + "/select_PeriodEnding"), month, false): All options with label 'November' are selected in object 'Object Repository/RAD_Pages/TaxTypeFilingYear_Page/select_PeriodEnding' 

2024-11-12 16:44:00 - [MESSAGE][PASSED] - All options with label 'November' are selected in object 'Object Repository/RAD_Pages/TaxTypeFilingYear_Page/select_PeriodEnding' 

2024-11-12 16:44:00 - [TEST_STEP][PASSED] - rad.getSetDataRAD.setDataRADBusinessName(): rad.getSetDataRAD.setDataRADBusinessName is PASSED

2024-11-12 16:44:00 - [MESSAGE][PASSED] - Text 'My Company' is set on object 'Object Repository/RAD_Pages/Taxpayer_Page/input_businessName'

2024-11-12 16:44:00 - [MESSAGE][PASSED] - rad.getSetDataRAD.setDataRADBusinessName is PASSED

2024-11-12 16:44:00 - [TEST_STEP][PASSED] - rad.getSetDataRAD.setDataRADBusinessRep(): rad.getSetDataRAD.setDataRADBusinessRep is PASSED

2024-11-12 16:44:01 - [MESSAGE][PASSED] - Text 'BusRepFname' is set on object 'Object Repository/RAD_Pages/Taxpayer_Page/input_BusinessRepfirstName'

2024-11-12 16:44:02 - [MESSAGE][PASSED] - Text '' is set on object 'Object Repository/RAD_Pages/Taxpayer_Page/input_BusinessRepmiddleName'

2024-11-12 16:44:03 - [MESSAGE][PASSED] - Text 'BusRepLname' is set on object 'Object Repository/RAD_Pages/Taxpayer_Page/input_BusinessReplastName'

2024-11-12 16:44:03 - [MESSAGE][PASSED] - Text '' is set on object 'Object Repository/RAD_Pages/Taxpayer_Page/input_BusinessRepsuffix'

2024-11-12 16:44:03 - [MESSAGE][PASSED] - rad.getSetDataRAD.setDataRADBusinessRep is PASSED

2024-11-12 16:44:03 - [TEST_STEP][PASSED] - rad.getSetDataRAD.setDataRADAddress(): rad.getSetDataRAD.setDataRADAddress is PASSED

2024-11-12 16:44:04 - [MESSAGE][PASSED] - All options with label 'United States' are selected in object 'Object Repository/RAD_Pages/AddressAndContactInfo_Page/select_Country' 

2024-11-12 16:44:05 - [MESSAGE][PASSED] - Text '2508 Mandan Terrace' is set on object 'Object Repository/RAD_Pages/AddressAndContactInfo_Page/input_streetAddress1'

2024-11-12 16:44:05 - [MESSAGE][PASSED] - Text '' is set on object 'Object Repository/RAD_Pages/AddressAndContactInfo_Page/input_streetAddress2'

2024-11-12 16:44:06 - [MESSAGE][PASSED] - Text 'Gambrills' is set on object 'Object Repository/RAD_Pages/AddressAndContactInfo_Page/input_city'

2024-11-12 16:44:07 - [MESSAGE][PASSED] - All options with label 'Maryland' are selected in object 'Object Repository/RAD_Pages/AddressAndContactInfo_Page/select_State' 

2024-11-12 16:44:08 - [MESSAGE][PASSED] - Text '21054' is set on object 'Object Repository/RAD_Pages/AddressAndContactInfo_Page/input_zipCode'

2024-11-12 16:44:08 - [MESSAGE][PASSED] - Text '(703) 894-5000' is set on object 'Object Repository/RAD_Pages/AddressAndContactInfo_Page/input_phoneNumber'

2024-11-12 16:44:09 - [MESSAGE][PASSED] - Text 'iahmed@govolution.com' is set on object 'Object Repository/RAD_Pages/AddressAndContactInfo_Page/input_eMailAddress'

2024-11-12 16:44:10 - [MESSAGE][PASSED] - Text 'iahmed@govolution.com' is set on object 'Object Repository/RAD_Pages/AddressAndContactInfo_Page/input_reEnterEMailAddress'

2024-11-12 16:44:10 - [MESSAGE][PASSED] - rad.getSetDataRAD.setDataRADAddress is PASSED

2024-11-12 16:44:10 - [TEST_STEP][PASSED] - if (feinSSN.equalsIgnoreCase("Y")): null

2024-11-12 16:44:10 - [TEST_STEP][PASSED] - else: Text ****** has been set on object 'Object Repository/RAD_Pages/TaxInfo_Page/input_FederalEIN_ReEnter'

2024-11-12 16:44:10 - [TEST_STEP][PASSED] - if (!(TaxType.equalsIgnoreCase("Estate Tax"))): Text ****** has been set on object 'Object Repository/RAD_Pages/TaxInfo_Page/input_FederalEIN_ReEnter'

2024-11-12 16:44:10 - [TEST_STEP][PASSED] - setEncryptedText(findTestObject(orPath_TaxInfo + "/input_FederalEIN"), "yXB7JMCbD3QoFF75EQd3iw=="): Text ****** has been set on object 'Object Repository/RAD_Pages/TaxInfo_Page/input_FederalEIN'

2024-11-12 16:44:11 - [MESSAGE][PASSED] - Text ****** has been set on object 'Object Repository/RAD_Pages/TaxInfo_Page/input_FederalEIN'

2024-11-12 16:44:11 - [TEST_STEP][PASSED] - setEncryptedText(findTestObject(orPath_TaxInfo + "/input_FederalEIN_ReEnter"), "yXB7JMCbD3QoFF75EQd3iw=="): Text ****** has been set on object 'Object Repository/RAD_Pages/TaxInfo_Page/input_FederalEIN_ReEnter'

2024-11-12 16:44:11 - [MESSAGE][PASSED] - Text ****** has been set on object 'Object Repository/RAD_Pages/TaxInfo_Page/input_FederalEIN_ReEnter'

2024-11-12 16:44:11 - [TEST_STEP][PASSED] - if (CRN.equalsIgnoreCase("Y")): rad.getSetDataRAD.setDataRADMDCRN is PASSED

2024-11-12 16:44:11 - [TEST_STEP][PASSED] - rad.getSetDataRAD.setDataRADMDCRN(): rad.getSetDataRAD.setDataRADMDCRN is PASSED

2024-11-12 16:44:12 - [MESSAGE][PASSED] - Text '07640126' is set on object 'Object Repository/RAD_Pages/TaxInfo_Page/input_MDCRegistration'

2024-11-12 16:44:12 - [MESSAGE][PASSED] - rad.getSetDataRAD.setDataRADMDCRN is PASSED

2024-11-12 16:44:12 - [TEST_STEP][PASSED] - if (MFLicNum.equalsIgnoreCase("Y")): null

2024-11-12 16:44:12 - [TEST_STEP][PASSED] - if (TaxType.equalsIgnoreCase("Estate Tax")): null

2024-11-12 16:44:12 - [TEST_STEP][PASSED] - setText(findTestObject(orPath_Amount + "/input__paymentAmount"), "100.00"): Text '100.00' is set on object 'Object Repository/RAD_Pages/PaymentAmount_Page/input__paymentAmount'

2024-11-12 16:44:13 - [MESSAGE][PASSED] - Text '100.00' is set on object 'Object Repository/RAD_Pages/PaymentAmount_Page/input__paymentAmount'

2024-11-12 16:44:13 - [TEST_STEP][PASSED] - setText(findTestObject(orPath_AddressContact + "/input_streetAddress2"), ""): Text '' is set on object 'Object Repository/RAD_Pages/AddressAndContactInfo_Page/input_streetAddress2'

2024-11-12 16:44:14 - [MESSAGE][PASSED] - Text '' is set on object 'Object Repository/RAD_Pages/AddressAndContactInfo_Page/input_streetAddress2'

2024-11-12 16:44:14 - [TEST_STEP][PASSED] - scrollToElement(findTestObject(orPath_Landing + "/button_Continue"), 3): Scroll to object 'Object Repository/RAD_Pages/Landing_Page/button_Continue' successfully

2024-11-12 16:44:14 - [MESSAGE][PASSED] - Scroll to object 'Object Repository/RAD_Pages/Landing_Page/button_Continue' successfully

2024-11-12 16:44:14 - [TEST_STEP][PASSED] - waitForElementClickable(findTestObject(orPath_Landing + "/button_Continue"), 5): Object 'Object Repository/RAD_Pages/Landing_Page/button_Continue' is clickable

2024-11-12 16:44:14 - [MESSAGE][PASSED] - Object 'Object Repository/RAD_Pages/Landing_Page/button_Continue' is clickable

2024-11-12 16:44:14 - [TEST_STEP][PASSED] - click(findTestObject(orPath_Landing + "/button_Continue")): Object: 'Object Repository/RAD_Pages/Landing_Page/button_Continue' is clicked on

2024-11-12 16:44:15 - [MESSAGE][PASSED] - Object: 'Object Repository/RAD_Pages/Landing_Page/button_Continue' is clicked on

2024-11-12 16:44:15 - [TEST_STEP][PASSED] - delay(2): Delayed 2 second(s)

2024-11-12 16:44:17 - [MESSAGE][PASSED] - Delayed 2 second(s)

2024-11-12 16:44:17 - [TEST_STEP][PASSED] - verifyTextPresent("Summary", true): Text 'Summary' is present on page  using regular expression

2024-11-12 16:44:17 - [MESSAGE][PASSED] - Text 'Summary' is present on page  using regular expression

2024-11-12 16:44:17 - [TEST_STEP][PASSED] - verifyTextPresent("Review the information below and make any necessary corrections by clicking the", true): Text 'Review the information below and make any necessary corrections by clicking the' is present on page  using regular expression

2024-11-12 16:44:17 - [MESSAGE][PASSED] - Text 'Review the information below and make any necessary corrections by clicking the' is present on page  using regular expression

2024-11-12 16:44:17 - [TEST_STEP][PASSED] - verifyTextPresent("When you are confident that all the information is correct, click the", true): Text 'When you are confident that all the information is correct, click the' is present on page  using regular expression

2024-11-12 16:44:18 - [MESSAGE][PASSED] - Text 'When you are confident that all the information is correct, click the' is present on page  using regular expression

2024-11-12 16:44:18 - [TEST_STEP][PASSED] - verifyTextPresent("Payment Type/Filing Year", true): Text 'Payment Type/Filing Year' is present on page  using regular expression

2024-11-12 16:44:18 - [MESSAGE][PASSED] - Text 'Payment Type/Filing Year' is present on page  using regular expression

2024-11-12 16:44:18 - [TEST_STEP][PASSED] - verifyTextPresent("Payment Type:", true): Text 'Payment Type:' is present on page  using regular expression

2024-11-12 16:44:18 - [MESSAGE][PASSED] - Text 'Payment Type:' is present on page  using regular expression

2024-11-12 16:44:18 - [TEST_STEP][PASSED] - verifyTextPresent("New Tax Return Amount Due", true): Text 'New Tax Return Amount Due' is present on page  using regular expression

2024-11-12 16:44:19 - [MESSAGE][PASSED] - Text 'New Tax Return Amount Due' is present on page  using regular expression

2024-11-12 16:44:19 - [TEST_STEP][PASSED] - verifyTextPresent("Filing Year:", true): Text 'Filing Year:' is present on page  using regular expression

2024-11-12 16:44:19 - [MESSAGE][PASSED] - Text 'Filing Year:' is present on page  using regular expression

2024-11-12 16:44:19 - [TEST_STEP][PASSED] - verifyTextPresent(FilingYear, true): Text '2022' is present on page  using regular expression

2024-11-12 16:44:19 - [MESSAGE][PASSED] - Text '2022' is present on page  using regular expression

2024-11-12 16:44:19 - [TEST_STEP][PASSED] - verifyTextPresent("Payer Information", true): Text 'Payer Information' is present on page  using regular expression

2024-11-12 16:44:20 - [MESSAGE][PASSED] - Text 'Payer Information' is present on page  using regular expression

2024-11-12 16:44:20 - [TEST_STEP][PASSED] - verifyTextPresent("Taxpayer Name:", true): Text 'Taxpayer Name:' is present on page  using regular expression

2024-11-12 16:44:20 - [MESSAGE][PASSED] - Text 'Taxpayer Name:' is present on page  using regular expression

2024-11-12 16:44:20 - [TEST_STEP][PASSED] - verifyTextPresent("My Company", true): Text 'My Company' is present on page  using regular expression

2024-11-12 16:44:20 - [MESSAGE][PASSED] - Text 'My Company' is present on page  using regular expression

2024-11-12 16:44:20 - [TEST_STEP][PASSED] - verifyTextPresent("Business Rep Name:", true): Text 'Business Rep Name:' is present on page  using regular expression

2024-11-12 16:44:21 - [MESSAGE][PASSED] - Text 'Business Rep Name:' is present on page  using regular expression

2024-11-12 16:44:21 - [TEST_STEP][PASSED] - verifyTextPresent("BusRepFname BusRepLname", true): Text 'BusRepFname BusRepLname' is present on page  using regular expression

2024-11-12 16:44:21 - [MESSAGE][PASSED] - Text 'BusRepFname BusRepLname' is present on page  using regular expression

2024-11-12 16:44:21 - [TEST_STEP][PASSED] - verifyTextPresent("Taxpayer Address:", true): Text 'Taxpayer Address:' is present on page  using regular expression

2024-11-12 16:44:21 - [MESSAGE][PASSED] - Text 'Taxpayer Address:' is present on page  using regular expression

2024-11-12 16:44:21 - [TEST_STEP][PASSED] - verifyTextPresent("2508 Mandan Terrace Gambrills Maryland 21054", true): Text '2508 Mandan Terrace Gambrills Maryland 21054' is present on page  using regular expression

2024-11-12 16:44:22 - [MESSAGE][PASSED] - Text '2508 Mandan Terrace Gambrills Maryland 21054' is present on page  using regular expression

2024-11-12 16:44:22 - [TEST_STEP][PASSED] - verifyTextPresent("Email:", true): Text 'Email:' is present on page  using regular expression

2024-11-12 16:44:22 - [MESSAGE][PASSED] - Text 'Email:' is present on page  using regular expression

2024-11-12 16:44:22 - [TEST_STEP][PASSED] - verifyTextPresent("iahmed@govolution.com", true): Text 'iahmed@govolution.com' is present on page  using regular expression

2024-11-12 16:44:22 - [MESSAGE][PASSED] - Text 'iahmed@govolution.com' is present on page  using regular expression

2024-11-12 16:44:22 - [TEST_STEP][PASSED] - verifyTextPresent("Phone:", true): Text 'Phone:' is present on page  using regular expression

2024-11-12 16:44:23 - [MESSAGE][PASSED] - Text 'Phone:' is present on page  using regular expression

2024-11-12 16:44:23 - [TEST_STEP][PASSED] - verifyTextPresent("(703) 894-5000", false): Text '(703) 894-5000' is present on page 

2024-11-12 16:44:23 - [MESSAGE][PASSED] - Text '(703) 894-5000' is present on page 

2024-11-12 16:44:23 - [TEST_STEP][PASSED] - verifyTextPresent("Tax Information", true): Text 'Tax Information' is present on page  using regular expression

2024-11-12 16:44:23 - [MESSAGE][PASSED] - Text 'Tax Information' is present on page  using regular expression

2024-11-12 16:44:23 - [TEST_STEP][PASSED] - verifyTextNotPresent("Notice Number", true): Text 'Notice Number' is not present on page using regular expression

2024-11-12 16:44:24 - [MESSAGE][PASSED] - Text 'Notice Number' is not present on page using regular expression

2024-11-12 16:44:24 - [TEST_STEP][PASSED] - if (month.trim()): Text 'November' is present on page  using regular expression

2024-11-12 16:44:24 - [TEST_STEP][PASSED] - verifyTextPresent("Period Ending", true): Text 'Period Ending' is present on page  using regular expression

2024-11-12 16:44:24 - [MESSAGE][PASSED] - Text 'Period Ending' is present on page  using regular expression

2024-11-12 16:44:24 - [TEST_STEP][PASSED] - verifyTextPresent(month, true): Text 'November' is present on page  using regular expression

2024-11-12 16:44:24 - [MESSAGE][PASSED] - Text 'November' is present on page  using regular expression

2024-11-12 16:44:24 - [TEST_STEP][PASSED] - if (feinSSN.equalsIgnoreCase("Y")): null

2024-11-12 16:44:24 - [TEST_STEP][PASSED] - else: Text 'XXXXXXX87' is present on page  using regular expression

2024-11-12 16:44:24 - [TEST_STEP][PASSED] - if (!(TaxType.equalsIgnoreCase("Estate Tax"))): Text 'XXXXXXX87' is present on page  using regular expression

2024-11-12 16:44:24 - [TEST_STEP][PASSED] - verifyTextPresent("Federal EIN:", true): Text 'Federal EIN:' is present on page  using regular expression

2024-11-12 16:44:25 - [MESSAGE][PASSED] - Text 'Federal EIN:' is present on page  using regular expression

2024-11-12 16:44:25 - [TEST_STEP][PASSED] - verifyTextNotPresent("FEIN/SSN:", true): Text 'FEIN/SSN:' is not present on page using regular expression

2024-11-12 16:44:25 - [MESSAGE][PASSED] - Text 'FEIN/SSN:' is not present on page using regular expression

2024-11-12 16:44:25 - [TEST_STEP][PASSED] - verifyTextPresent("XXXXXXX87", true): Text 'XXXXXXX87' is present on page  using regular expression

2024-11-12 16:44:25 - [MESSAGE][PASSED] - Text 'XXXXXXX87' is present on page  using regular expression

2024-11-12 16:44:25 - [TEST_STEP][PASSED] - if (TaxType.equalsIgnoreCase("Estate Tax")): null

2024-11-12 16:44:25 - [TEST_STEP][PASSED] - if (CRN.equalsIgnoreCase("Y")): Text '07640126' is present on page  using regular expression

2024-11-12 16:44:25 - [TEST_STEP][PASSED] - verifyTextPresent("MD Central Registration Number#:", true): Text 'MD Central Registration Number#:' is present on page  using regular expression

2024-11-12 16:44:26 - [MESSAGE][PASSED] - Text 'MD Central Registration Number#:' is present on page  using regular expression

2024-11-12 16:44:26 - [TEST_STEP][PASSED] - verifyTextPresent("07640126", true): Text '07640126' is present on page  using regular expression

2024-11-12 16:44:26 - [MESSAGE][PASSED] - Text '07640126' is present on page  using regular expression

2024-11-12 16:44:26 - [TEST_STEP][PASSED] - if (MFLicNum.equalsIgnoreCase("Y")): null

2024-11-12 16:44:26 - [TEST_STEP][PASSED] - else: Text 'Motor Fuel License Number#:' is not present on page using regular expression

2024-11-12 16:44:26 - [TEST_STEP][PASSED] - verifyTextNotPresent("Motor Fuel License Number#:", true): Text 'Motor Fuel License Number#:' is not present on page using regular expression

2024-11-12 16:44:26 - [MESSAGE][PASSED] - Text 'Motor Fuel License Number#:' is not present on page using regular expression

2024-11-12 16:44:26 - [TEST_STEP][PASSED] - verifyTextPresent("Payment Amount:", true): Text 'Payment Amount:' is present on page  using regular expression

2024-11-12 16:44:27 - [MESSAGE][PASSED] - Text 'Payment Amount:' is present on page  using regular expression

2024-11-12 16:44:27 - [TEST_STEP][PASSED] - verifyTextPresent("100.00", true): Text '100.00' is present on page  using regular expression

2024-11-12 16:44:27 - [MESSAGE][PASSED] - Text '100.00' is present on page  using regular expression

2024-11-12 16:44:27 - [TEST_STEP][PASSED] - if (verifyElementVisible(findTestObject(orPath_Summary + "/button_Proceed to Payment"))): null

2024-11-12 16:44:27 - [MESSAGE][PASSED] - Object 'Object Repository/RAD_Pages/Summary_Page/button_Proceed to Payment' is visible

2024-11-12 16:44:27 - [TEST_STEP][PASSED] - resText = "Pass": null

2024-11-12 16:44:27 - [TEST_STEP][PASSED] - pages.WriteExcel.demoKey(resText, datText, resColumn, datCloumn, fileLoc, nameSheet, row): pages.WriteExcel.demoKey is PASSED

2024-11-12 16:44:28 - [MESSAGE][PASSED] - pages.WriteExcel.demoKey is PASSED

2024-11-12 16:44:28 - [TEST_STEP][PASSED] - click(findTestObject(orPath_Summary + "/button_Proceed to Payment")): Object: 'Object Repository/RAD_Pages/Summary_Page/button_Proceed to Payment' is clicked on

2024-11-12 16:44:31 - [MESSAGE][PASSED] - Object: 'Object Repository/RAD_Pages/Summary_Page/button_Proceed to Payment' is clicked on

2024-11-12 16:44:31 - [TEST_STEP][PASSED] - verifyElementPresent(findTestObject("Object Repository/RAD_Pages/PaymentEntry_Page/input__billingName"), 30): Object 'Object Repository/RAD_Pages/PaymentEntry_Page/input__billingName' is present

2024-11-12 16:44:31 - [MESSAGE][PASSED] - Object 'Object Repository/RAD_Pages/PaymentEntry_Page/input__billingName' is present

2024-11-12 16:44:31 - [TEST_STEP][PASSED] - ExecuteTC = findTestData(dataFile).getValue("Execute", row): null

2024-11-12 16:44:31 - [TEST_STEP][PASSED] - TaxType = findTestData(dataFile).getValue("TaxType", row): null

2024-11-12 16:44:31 - [TEST_STEP][PASSED] - PaymentType = findTestData(dataFile).getValue("PaymentType", row): null

2024-11-12 16:44:31 - [TEST_STEP][PASSED] - FilingYear = findTestData(dataFile).getValue("Year", row): null

2024-11-12 16:44:31 - [TEST_STEP][PASSED] - feinSSN = findTestData(dataFile).getValue("FeinSsn", row): null

2024-11-12 16:44:31 - [TEST_STEP][PASSED] - CRN = findTestData(dataFile).getValue("CRN", row): null

2024-11-12 16:44:31 - [TEST_STEP][PASSED] - month = findTestData(dataFile).getValue("Month", row): null

2024-11-12 16:44:31 - [TEST_STEP][PASSED] - MFLicNum = findTestData(dataFile).getValue("MFLicNum", row): null

2024-11-12 16:44:32 - [TEST_STEP][PASSED] - if (ExecuteTC.equalsIgnoreCase("Y")): Object 'Object Repository/RAD_Pages/PaymentEntry_Page/input__billingName' is present

2024-11-12 16:44:32 - [TEST_STEP][PASSED] - out.println("Begin Record Number: " + row): null

2024-11-12 16:44:32 - [TEST_STEP][PASSED] - today = new java.util.Date(): null

2024-11-12 16:44:32 - [TEST_STEP][PASSED] - println(today): null

2024-11-12 16:44:32 - [TEST_STEP][PASSED] - datText = today: null

2024-11-12 16:44:32 - [TEST_STEP][PASSED] - logInfo("Payment Type: New Tax Return Amount Due"): Payment Type: New Tax Return Amount Due

2024-11-12 16:44:32 - [MESSAGE][INFO] - Payment Type: New Tax Return Amount Due

2024-11-12 16:44:32 - [TEST_STEP][PASSED] - logInfo("Tax Type: " + TaxType): Tax Type: Tobacco Tax

2024-11-12 16:44:32 - [MESSAGE][INFO] - Tax Type: Tobacco Tax

2024-11-12 16:44:32 - [TEST_STEP][PASSED] - openBrowser(""): Browser is opened with url: ''

2024-11-12 16:44:32 - [MESSAGE][WARNING] - A browser is already opened. Closing browser and opening a new one

2024-11-12 16:44:33 - [MESSAGE][INFO] - Starting 'Chrome' driver

2024-11-12 16:44:33 - [MESSAGE][INFO] - User set preference: ['acceptInsecureCerts', 'true']

2024-11-12 16:44:33 - [MESSAGE][INFO] - Action delay is set to 0 milliseconds

2024-11-12 16:44:35 - [MESSAGE][PASSED] - Browser is opened with url: ''

2024-11-12 16:44:35 - [TEST_STEP][PASSED] - maximizeWindow(): Current window maximized

2024-11-12 16:44:35 - [MESSAGE][PASSED] - Current window maximized

2024-11-12 16:44:35 - [TEST_STEP][PASSED] - navigateToUrl(RADurl): Navigate to 'https://www.velocitypayment.com/client/rad/index.html' successfully

2024-11-12 16:44:37 - [MESSAGE][PASSED] - Navigate to 'https://www.velocitypayment.com/client/rad/index.html' successfully

2024-11-12 16:44:37 - [TEST_STEP][PASSED] - selectOptionByLabel(findTestObject(orPath_Landing + "/dd_TaxType"), "New Tax Return Amount Due", false): All options with label 'New Tax Return Amount Due' are selected in object 'Object Repository/RAD_Pages/Landing_Page/dd_TaxType' 

2024-11-12 16:44:38 - [MESSAGE][PASSED] - All options with label 'New Tax Return Amount Due' are selected in object 'Object Repository/RAD_Pages/Landing_Page/dd_TaxType' 

2024-11-12 16:44:38 - [TEST_STEP][PASSED] - selectOptionByLabel(findTestObject("Object Repository/RAD_Pages/Landing_Page/select_NewTaxReturnAmountDue_TaxType"), TaxType, false): All options with label 'Tobacco Tax' are selected in object 'Object Repository/RAD_Pages/Landing_Page/select_NewTaxReturnAmountDue_TaxType' 

2024-11-12 16:44:39 - [MESSAGE][PASSED] - All options with label 'Tobacco Tax' are selected in object 'Object Repository/RAD_Pages/Landing_Page/select_NewTaxReturnAmountDue_TaxType' 

2024-11-12 16:44:39 - [TEST_STEP][PASSED] - selectOptionByLabel(findTestObject(orPath_TaxTypeFilingYear + "/select_FilingYear"), FilingYear, false): All options with label '2022' are selected in object 'Object Repository/RAD_Pages/TaxTypeFilingYear_Page/select_FilingYear' 

2024-11-12 16:44:40 - [MESSAGE][PASSED] - All options with label '2022' are selected in object 'Object Repository/RAD_Pages/TaxTypeFilingYear_Page/select_FilingYear' 

2024-11-12 16:44:40 - [TEST_STEP][PASSED] - if (month.trim()): All options with label 'July' are selected in object 'Object Repository/RAD_Pages/TaxTypeFilingYear_Page/select_PeriodEnding' 

2024-11-12 16:44:40 - [TEST_STEP][PASSED] - selectOptionByLabel(findTestObject(orPath_TaxTypeFilingYear + "/select_PeriodEnding"), month, false): All options with label 'July' are selected in object 'Object Repository/RAD_Pages/TaxTypeFilingYear_Page/select_PeriodEnding' 

2024-11-12 16:44:41 - [MESSAGE][PASSED] - All options with label 'July' are selected in object 'Object Repository/RAD_Pages/TaxTypeFilingYear_Page/select_PeriodEnding' 

2024-11-12 16:44:41 - [TEST_STEP][PASSED] - rad.getSetDataRAD.setDataRADBusinessName(): rad.getSetDataRAD.setDataRADBusinessName is PASSED

2024-11-12 16:44:42 - [MESSAGE][PASSED] - Text 'My Company' is set on object 'Object Repository/RAD_Pages/Taxpayer_Page/input_businessName'

2024-11-12 16:44:42 - [MESSAGE][PASSED] - rad.getSetDataRAD.setDataRADBusinessName is PASSED

2024-11-12 16:44:42 - [TEST_STEP][PASSED] - rad.getSetDataRAD.setDataRADBusinessRep(): rad.getSetDataRAD.setDataRADBusinessRep is PASSED

2024-11-12 16:44:43 - [MESSAGE][PASSED] - Text 'BusRepFname' is set on object 'Object Repository/RAD_Pages/Taxpayer_Page/input_BusinessRepfirstName'

2024-11-12 16:44:43 - [MESSAGE][PASSED] - Text '' is set on object 'Object Repository/RAD_Pages/Taxpayer_Page/input_BusinessRepmiddleName'

2024-11-12 16:44:44 - [MESSAGE][PASSED] - Text 'BusRepLname' is set on object 'Object Repository/RAD_Pages/Taxpayer_Page/input_BusinessReplastName'

2024-11-12 16:44:45 - [MESSAGE][PASSED] - Text '' is set on object 'Object Repository/RAD_Pages/Taxpayer_Page/input_BusinessRepsuffix'

2024-11-12 16:44:45 - [MESSAGE][PASSED] - rad.getSetDataRAD.setDataRADBusinessRep is PASSED

2024-11-12 16:44:45 - [TEST_STEP][PASSED] - rad.getSetDataRAD.setDataRADAddress(): rad.getSetDataRAD.setDataRADAddress is PASSED

2024-11-12 16:44:46 - [MESSAGE][PASSED] - All options with label 'United States' are selected in object 'Object Repository/RAD_Pages/AddressAndContactInfo_Page/select_Country' 

2024-11-12 16:44:46 - [MESSAGE][PASSED] - Text '2508 Mandan Terrace' is set on object 'Object Repository/RAD_Pages/AddressAndContactInfo_Page/input_streetAddress1'

2024-11-12 16:44:47 - [MESSAGE][PASSED] - Text '' is set on object 'Object Repository/RAD_Pages/AddressAndContactInfo_Page/input_streetAddress2'

2024-11-12 16:44:48 - [MESSAGE][PASSED] - Text 'Gambrills' is set on object 'Object Repository/RAD_Pages/AddressAndContactInfo_Page/input_city'

2024-11-12 16:44:48 - [MESSAGE][PASSED] - All options with label 'Maryland' are selected in object 'Object Repository/RAD_Pages/AddressAndContactInfo_Page/select_State' 

2024-11-12 16:44:49 - [MESSAGE][PASSED] - Text '21054' is set on object 'Object Repository/RAD_Pages/AddressAndContactInfo_Page/input_zipCode'

2024-11-12 16:44:50 - [MESSAGE][PASSED] - Text '(703) 894-5000' is set on object 'Object Repository/RAD_Pages/AddressAndContactInfo_Page/input_phoneNumber'

2024-11-12 16:44:51 - [MESSAGE][PASSED] - Text 'iahmed@govolution.com' is set on object 'Object Repository/RAD_Pages/AddressAndContactInfo_Page/input_eMailAddress'

2024-11-12 16:44:52 - [MESSAGE][PASSED] - Text 'iahmed@govolution.com' is set on object 'Object Repository/RAD_Pages/AddressAndContactInfo_Page/input_reEnterEMailAddress'

2024-11-12 16:44:52 - [MESSAGE][PASSED] - rad.getSetDataRAD.setDataRADAddress is PASSED

2024-11-12 16:44:52 - [TEST_STEP][PASSED] - if (feinSSN.equalsIgnoreCase("Y")): Text ****** has been set on object 'Object Repository/RAD_Pages/TaxInfo_Page/input_TaxInfo_RetypeFeinSsn_New_2'

2024-11-12 16:44:52 - [TEST_STEP][PASSED] - setEncryptedText(findTestObject(orPath_TaxInfo + "/input_TaxInfo_FeinSsn_New_2"), "yXB7JMCbD3QoFF75EQd3iw=="): Text ****** has been set on object 'Object Repository/RAD_Pages/TaxInfo_Page/input_TaxInfo_FeinSsn_New_2'

2024-11-12 16:44:52 - [MESSAGE][PASSED] - Text ****** has been set on object 'Object Repository/RAD_Pages/TaxInfo_Page/input_TaxInfo_FeinSsn_New_2'

2024-11-12 16:44:52 - [TEST_STEP][PASSED] - setEncryptedText(findTestObject(orPath_TaxInfo + "/input_TaxInfo_RetypeFeinSsn_New_2"), "yXB7JMCbD3QoFF75EQd3iw=="): Text ****** has been set on object 'Object Repository/RAD_Pages/TaxInfo_Page/input_TaxInfo_RetypeFeinSsn_New_2'

2024-11-12 16:44:53 - [MESSAGE][PASSED] - Text ****** has been set on object 'Object Repository/RAD_Pages/TaxInfo_Page/input_TaxInfo_RetypeFeinSsn_New_2'

2024-11-12 16:44:53 - [TEST_STEP][PASSED] - if (CRN.equalsIgnoreCase("Y")): rad.getSetDataRAD.setDataRADMDCRN is PASSED

2024-11-12 16:44:53 - [TEST_STEP][PASSED] - rad.getSetDataRAD.setDataRADMDCRN(): rad.getSetDataRAD.setDataRADMDCRN is PASSED

2024-11-12 16:44:53 - [MESSAGE][PASSED] - Text '07640126' is set on object 'Object Repository/RAD_Pages/TaxInfo_Page/input_MDCRegistration'

2024-11-12 16:44:53 - [MESSAGE][PASSED] - rad.getSetDataRAD.setDataRADMDCRN is PASSED

2024-11-12 16:44:53 - [TEST_STEP][PASSED] - if (MFLicNum.equalsIgnoreCase("Y")): null

2024-11-12 16:44:53 - [TEST_STEP][PASSED] - if (TaxType.equalsIgnoreCase("Estate Tax")): null

2024-11-12 16:44:53 - [TEST_STEP][PASSED] - setText(findTestObject(orPath_Amount + "/input__paymentAmount"), "100.00"): Text '100.00' is set on object 'Object Repository/RAD_Pages/PaymentAmount_Page/input__paymentAmount'

2024-11-12 16:44:54 - [MESSAGE][PASSED] - Text '100.00' is set on object 'Object Repository/RAD_Pages/PaymentAmount_Page/input__paymentAmount'

2024-11-12 16:44:54 - [TEST_STEP][PASSED] - setText(findTestObject(orPath_AddressContact + "/input_streetAddress2"), ""): Text '' is set on object 'Object Repository/RAD_Pages/AddressAndContactInfo_Page/input_streetAddress2'

2024-11-12 16:44:55 - [MESSAGE][PASSED] - Text '' is set on object 'Object Repository/RAD_Pages/AddressAndContactInfo_Page/input_streetAddress2'

2024-11-12 16:44:55 - [TEST_STEP][PASSED] - scrollToElement(findTestObject(orPath_Landing + "/button_Continue"), 3): Scroll to object 'Object Repository/RAD_Pages/Landing_Page/button_Continue' successfully

2024-11-12 16:44:55 - [MESSAGE][PASSED] - Scroll to object 'Object Repository/RAD_Pages/Landing_Page/button_Continue' successfully

2024-11-12 16:44:55 - [TEST_STEP][PASSED] - waitForElementClickable(findTestObject(orPath_Landing + "/button_Continue"), 5): Object 'Object Repository/RAD_Pages/Landing_Page/button_Continue' is clickable

2024-11-12 16:44:56 - [MESSAGE][PASSED] - Object 'Object Repository/RAD_Pages/Landing_Page/button_Continue' is clickable

2024-11-12 16:44:56 - [TEST_STEP][PASSED] - click(findTestObject(orPath_Landing + "/button_Continue")): Object: 'Object Repository/RAD_Pages/Landing_Page/button_Continue' is clicked on

2024-11-12 16:44:56 - [MESSAGE][PASSED] - Object: 'Object Repository/RAD_Pages/Landing_Page/button_Continue' is clicked on

2024-11-12 16:44:56 - [TEST_STEP][PASSED] - delay(2): Delayed 2 second(s)

2024-11-12 16:44:58 - [MESSAGE][PASSED] - Delayed 2 second(s)

2024-11-12 16:44:58 - [TEST_STEP][PASSED] - verifyTextPresent("Summary", true): Text 'Summary' is present on page  using regular expression

2024-11-12 16:44:58 - [MESSAGE][PASSED] - Text 'Summary' is present on page  using regular expression

2024-11-12 16:44:58 - [TEST_STEP][PASSED] - verifyTextPresent("Review the information below and make any necessary corrections by clicking the", true): Text 'Review the information below and make any necessary corrections by clicking the' is present on page  using regular expression

2024-11-12 16:44:59 - [MESSAGE][PASSED] - Text 'Review the information below and make any necessary corrections by clicking the' is present on page  using regular expression

2024-11-12 16:44:59 - [TEST_STEP][PASSED] - verifyTextPresent("When you are confident that all the information is correct, click the", true): Text 'When you are confident that all the information is correct, click the' is present on page  using regular expression

2024-11-12 16:44:59 - [MESSAGE][PASSED] - Text 'When you are confident that all the information is correct, click the' is present on page  using regular expression

2024-11-12 16:44:59 - [TEST_STEP][PASSED] - verifyTextPresent("Payment Type/Filing Year", true): Text 'Payment Type/Filing Year' is present on page  using regular expression

2024-11-12 16:44:59 - [MESSAGE][PASSED] - Text 'Payment Type/Filing Year' is present on page  using regular expression

2024-11-12 16:44:59 - [TEST_STEP][PASSED] - verifyTextPresent("Payment Type:", true): Text 'Payment Type:' is present on page  using regular expression

2024-11-12 16:45:00 - [MESSAGE][PASSED] - Text 'Payment Type:' is present on page  using regular expression

2024-11-12 16:45:00 - [TEST_STEP][PASSED] - verifyTextPresent("New Tax Return Amount Due", true): Text 'New Tax Return Amount Due' is present on page  using regular expression

2024-11-12 16:45:00 - [MESSAGE][PASSED] - Text 'New Tax Return Amount Due' is present on page  using regular expression

2024-11-12 16:45:00 - [TEST_STEP][PASSED] - verifyTextPresent("Filing Year:", true): Text 'Filing Year:' is present on page  using regular expression

2024-11-12 16:45:00 - [MESSAGE][PASSED] - Text 'Filing Year:' is present on page  using regular expression

2024-11-12 16:45:00 - [TEST_STEP][PASSED] - verifyTextPresent(FilingYear, true): Text '2022' is present on page  using regular expression

2024-11-12 16:45:01 - [MESSAGE][PASSED] - Text '2022' is present on page  using regular expression

2024-11-12 16:45:01 - [TEST_STEP][PASSED] - verifyTextPresent("Payer Information", true): Text 'Payer Information' is present on page  using regular expression

2024-11-12 16:45:01 - [MESSAGE][PASSED] - Text 'Payer Information' is present on page  using regular expression

2024-11-12 16:45:01 - [TEST_STEP][PASSED] - verifyTextPresent("Taxpayer Name:", true): Text 'Taxpayer Name:' is present on page  using regular expression

2024-11-12 16:45:01 - [MESSAGE][PASSED] - Text 'Taxpayer Name:' is present on page  using regular expression

2024-11-12 16:45:01 - [TEST_STEP][PASSED] - verifyTextPresent("My Company", true): Text 'My Company' is present on page  using regular expression

2024-11-12 16:45:02 - [MESSAGE][PASSED] - Text 'My Company' is present on page  using regular expression

2024-11-12 16:45:02 - [TEST_STEP][PASSED] - verifyTextPresent("Business Rep Name:", true): Text 'Business Rep Name:' is present on page  using regular expression

2024-11-12 16:45:02 - [MESSAGE][PASSED] - Text 'Business Rep Name:' is present on page  using regular expression

2024-11-12 16:45:02 - [TEST_STEP][PASSED] - verifyTextPresent("BusRepFname BusRepLname", true): Text 'BusRepFname BusRepLname' is present on page  using regular expression

2024-11-12 16:45:02 - [MESSAGE][PASSED] - Text 'BusRepFname BusRepLname' is present on page  using regular expression

2024-11-12 16:45:02 - [TEST_STEP][PASSED] - verifyTextPresent("Taxpayer Address:", true): Text 'Taxpayer Address:' is present on page  using regular expression

2024-11-12 16:45:03 - [MESSAGE][PASSED] - Text 'Taxpayer Address:' is present on page  using regular expression

2024-11-12 16:45:03 - [TEST_STEP][PASSED] - verifyTextPresent("2508 Mandan Terrace Gambrills Maryland 21054", true): Text '2508 Mandan Terrace Gambrills Maryland 21054' is present on page  using regular expression

2024-11-12 16:45:03 - [MESSAGE][PASSED] - Text '2508 Mandan Terrace Gambrills Maryland 21054' is present on page  using regular expression

2024-11-12 16:45:03 - [TEST_STEP][PASSED] - verifyTextPresent("Email:", true): Text 'Email:' is present on page  using regular expression

2024-11-12 16:45:03 - [MESSAGE][PASSED] - Text 'Email:' is present on page  using regular expression

2024-11-12 16:45:03 - [TEST_STEP][PASSED] - verifyTextPresent("iahmed@govolution.com", true): Text 'iahmed@govolution.com' is present on page  using regular expression

2024-11-12 16:45:04 - [MESSAGE][PASSED] - Text 'iahmed@govolution.com' is present on page  using regular expression

2024-11-12 16:45:04 - [TEST_STEP][PASSED] - verifyTextPresent("Phone:", true): Text 'Phone:' is present on page  using regular expression

2024-11-12 16:45:04 - [MESSAGE][PASSED] - Text 'Phone:' is present on page  using regular expression

2024-11-12 16:45:04 - [TEST_STEP][PASSED] - verifyTextPresent("(703) 894-5000", false): Text '(703) 894-5000' is present on page 

2024-11-12 16:45:04 - [MESSAGE][PASSED] - Text '(703) 894-5000' is present on page 

2024-11-12 16:45:04 - [TEST_STEP][PASSED] - verifyTextPresent("Tax Information", true): Text 'Tax Information' is present on page  using regular expression

2024-11-12 16:45:05 - [MESSAGE][PASSED] - Text 'Tax Information' is present on page  using regular expression

2024-11-12 16:45:05 - [TEST_STEP][PASSED] - verifyTextNotPresent("Notice Number", true): Text 'Notice Number' is not present on page using regular expression

2024-11-12 16:45:05 - [MESSAGE][PASSED] - Text 'Notice Number' is not present on page using regular expression

2024-11-12 16:45:05 - [TEST_STEP][PASSED] - if (month.trim()): Text 'July' is present on page  using regular expression

2024-11-12 16:45:05 - [TEST_STEP][PASSED] - verifyTextPresent("Period Ending", true): Text 'Period Ending' is present on page  using regular expression

2024-11-12 16:45:05 - [MESSAGE][PASSED] - Text 'Period Ending' is present on page  using regular expression

2024-11-12 16:45:05 - [TEST_STEP][PASSED] - verifyTextPresent(month, true): Text 'July' is present on page  using regular expression

2024-11-12 16:45:06 - [MESSAGE][PASSED] - Text 'July' is present on page  using regular expression

2024-11-12 16:45:06 - [TEST_STEP][PASSED] - if (feinSSN.equalsIgnoreCase("Y")): Text 'XXXXX6187' is present on page  using regular expression

2024-11-12 16:45:06 - [TEST_STEP][PASSED] - verifyTextPresent("FEIN/SSN:", true): Text 'FEIN/SSN:' is present on page  using regular expression

2024-11-12 16:45:06 - [MESSAGE][PASSED] - Text 'FEIN/SSN:' is present on page  using regular expression

2024-11-12 16:45:06 - [TEST_STEP][PASSED] - verifyTextNotPresent("Federal EIN:", true): Text 'Federal EIN:' is not present on page using regular expression

2024-11-12 16:45:06 - [MESSAGE][PASSED] - Text 'Federal EIN:' is not present on page using regular expression

2024-11-12 16:45:06 - [TEST_STEP][PASSED] - verifyTextPresent("XXXXX6187", true): Text 'XXXXX6187' is present on page  using regular expression

2024-11-12 16:45:07 - [MESSAGE][PASSED] - Text 'XXXXX6187' is present on page  using regular expression

2024-11-12 16:45:07 - [TEST_STEP][PASSED] - if (TaxType.equalsIgnoreCase("Estate Tax")): null

2024-11-12 16:45:07 - [TEST_STEP][PASSED] - if (CRN.equalsIgnoreCase("Y")): Text '07640126' is present on page  using regular expression

2024-11-12 16:45:07 - [TEST_STEP][PASSED] - verifyTextPresent("MD Central Registration Number#:", true): Text 'MD Central Registration Number#:' is present on page  using regular expression

2024-11-12 16:45:07 - [MESSAGE][PASSED] - Text 'MD Central Registration Number#:' is present on page  using regular expression

2024-11-12 16:45:07 - [TEST_STEP][PASSED] - verifyTextPresent("07640126", true): Text '07640126' is present on page  using regular expression

2024-11-12 16:45:07 - [MESSAGE][PASSED] - Text '07640126' is present on page  using regular expression

2024-11-12 16:45:07 - [TEST_STEP][PASSED] - if (MFLicNum.equalsIgnoreCase("Y")): null

2024-11-12 16:45:07 - [TEST_STEP][PASSED] - else: Text 'Motor Fuel License Number#:' is not present on page using regular expression

2024-11-12 16:45:07 - [TEST_STEP][PASSED] - verifyTextNotPresent("Motor Fuel License Number#:", true): Text 'Motor Fuel License Number#:' is not present on page using regular expression

2024-11-12 16:45:08 - [MESSAGE][PASSED] - Text 'Motor Fuel License Number#:' is not present on page using regular expression

2024-11-12 16:45:08 - [TEST_STEP][PASSED] - verifyTextPresent("Payment Amount:", true): Text 'Payment Amount:' is present on page  using regular expression

2024-11-12 16:45:08 - [MESSAGE][PASSED] - Text 'Payment Amount:' is present on page  using regular expression

2024-11-12 16:45:08 - [TEST_STEP][PASSED] - verifyTextPresent("100.00", true): Text '100.00' is present on page  using regular expression

2024-11-12 16:45:08 - [MESSAGE][PASSED] - Text '100.00' is present on page  using regular expression

2024-11-12 16:45:08 - [TEST_STEP][PASSED] - if (verifyElementVisible(findTestObject(orPath_Summary + "/button_Proceed to Payment"))): null

2024-11-12 16:45:09 - [MESSAGE][PASSED] - Object 'Object Repository/RAD_Pages/Summary_Page/button_Proceed to Payment' is visible

2024-11-12 16:45:09 - [TEST_STEP][PASSED] - resText = "Pass": null

2024-11-12 16:45:09 - [TEST_STEP][PASSED] - pages.WriteExcel.demoKey(resText, datText, resColumn, datCloumn, fileLoc, nameSheet, row): pages.WriteExcel.demoKey is PASSED

2024-11-12 16:45:09 - [MESSAGE][PASSED] - pages.WriteExcel.demoKey is PASSED

2024-11-12 16:45:09 - [TEST_STEP][PASSED] - click(findTestObject(orPath_Summary + "/button_Proceed to Payment")): Object: 'Object Repository/RAD_Pages/Summary_Page/button_Proceed to Payment' is clicked on

2024-11-12 16:45:13 - [MESSAGE][PASSED] - Object: 'Object Repository/RAD_Pages/Summary_Page/button_Proceed to Payment' is clicked on

2024-11-12 16:45:13 - [TEST_STEP][PASSED] - verifyElementPresent(findTestObject("Object Repository/RAD_Pages/PaymentEntry_Page/input__billingName"), 30): Object 'Object Repository/RAD_Pages/PaymentEntry_Page/input__billingName' is present

2024-11-12 16:45:14 - [MESSAGE][PASSED] - Object 'Object Repository/RAD_Pages/PaymentEntry_Page/input__billingName' is present

2024-11-12 16:45:14 - [TEST_STEP][PASSED] - ExecuteTC = findTestData(dataFile).getValue("Execute", row): null

2024-11-12 16:45:14 - [TEST_STEP][PASSED] - TaxType = findTestData(dataFile).getValue("TaxType", row): null

2024-11-12 16:45:14 - [TEST_STEP][PASSED] - PaymentType = findTestData(dataFile).getValue("PaymentType", row): null

2024-11-12 16:45:14 - [TEST_STEP][PASSED] - FilingYear = findTestData(dataFile).getValue("Year", row): null

2024-11-12 16:45:14 - [TEST_STEP][PASSED] - feinSSN = findTestData(dataFile).getValue("FeinSsn", row): null

2024-11-12 16:45:14 - [TEST_STEP][PASSED] - CRN = findTestData(dataFile).getValue("CRN", row): null

2024-11-12 16:45:14 - [TEST_STEP][PASSED] - month = findTestData(dataFile).getValue("Month", row): null

2024-11-12 16:45:14 - [TEST_STEP][PASSED] - MFLicNum = findTestData(dataFile).getValue("MFLicNum", row): null

2024-11-12 16:45:14 - [TEST_STEP][PASSED] - if (ExecuteTC.equalsIgnoreCase("Y")): Object 'Object Repository/RAD_Pages/PaymentEntry_Page/input__billingName' is present

2024-11-12 16:45:14 - [TEST_STEP][PASSED] - out.println("Begin Record Number: " + row): null

2024-11-12 16:45:14 - [TEST_STEP][PASSED] - today = new java.util.Date(): null

2024-11-12 16:45:14 - [TEST_STEP][PASSED] - println(today): null

2024-11-12 16:45:14 - [TEST_STEP][PASSED] - datText = today: null

2024-11-12 16:45:14 - [TEST_STEP][PASSED] - logInfo("Payment Type: New Tax Return Amount Due"): Payment Type: New Tax Return Amount Due

2024-11-12 16:45:14 - [MESSAGE][INFO] - Payment Type: New Tax Return Amount Due

2024-11-12 16:45:14 - [TEST_STEP][PASSED] - logInfo("Tax Type: " + TaxType): Tax Type: Transportation Network Services

2024-11-12 16:45:14 - [MESSAGE][INFO] - Tax Type: Transportation Network Services

2024-11-12 16:45:14 - [TEST_STEP][PASSED] - openBrowser(""): Browser is opened with url: ''

2024-11-12 16:45:14 - [MESSAGE][WARNING] - A browser is already opened. Closing browser and opening a new one

2024-11-12 16:45:16 - [MESSAGE][INFO] - Starting 'Chrome' driver

2024-11-12 16:45:16 - [MESSAGE][INFO] - User set preference: ['acceptInsecureCerts', 'true']

2024-11-12 16:45:16 - [MESSAGE][INFO] - Action delay is set to 0 milliseconds

2024-11-12 16:45:17 - [MESSAGE][PASSED] - Browser is opened with url: ''

2024-11-12 16:45:17 - [TEST_STEP][PASSED] - maximizeWindow(): Current window maximized

2024-11-12 16:45:17 - [MESSAGE][PASSED] - Current window maximized

2024-11-12 16:45:17 - [TEST_STEP][PASSED] - navigateToUrl(RADurl): Navigate to 'https://www.velocitypayment.com/client/rad/index.html' successfully

2024-11-12 16:45:19 - [MESSAGE][PASSED] - Navigate to 'https://www.velocitypayment.com/client/rad/index.html' successfully

2024-11-12 16:45:19 - [TEST_STEP][PASSED] - selectOptionByLabel(findTestObject(orPath_Landing + "/dd_TaxType"), "New Tax Return Amount Due", false): All options with label 'New Tax Return Amount Due' are selected in object 'Object Repository/RAD_Pages/Landing_Page/dd_TaxType' 

2024-11-12 16:45:19 - [MESSAGE][PASSED] - All options with label 'New Tax Return Amount Due' are selected in object 'Object Repository/RAD_Pages/Landing_Page/dd_TaxType' 

2024-11-12 16:45:19 - [TEST_STEP][PASSED] - selectOptionByLabel(findTestObject("Object Repository/RAD_Pages/Landing_Page/select_NewTaxReturnAmountDue_TaxType"), TaxType, false): All options with label 'Transportation Network Services' are selected in object 'Object Repository/RAD_Pages/Landing_Page/select_NewTaxReturnAmountDue_TaxType' 

2024-11-12 16:45:20 - [MESSAGE][PASSED] - All options with label 'Transportation Network Services' are selected in object 'Object Repository/RAD_Pages/Landing_Page/select_NewTaxReturnAmountDue_TaxType' 

2024-11-12 16:45:20 - [TEST_STEP][PASSED] - selectOptionByLabel(findTestObject(orPath_TaxTypeFilingYear + "/select_FilingYear"), FilingYear, false): All options with label '2022' are selected in object 'Object Repository/RAD_Pages/TaxTypeFilingYear_Page/select_FilingYear' 

2024-11-12 16:45:21 - [MESSAGE][PASSED] - All options with label '2022' are selected in object 'Object Repository/RAD_Pages/TaxTypeFilingYear_Page/select_FilingYear' 

2024-11-12 16:45:21 - [TEST_STEP][PASSED] - if (month.trim()): All options with label 'June' are selected in object 'Object Repository/RAD_Pages/TaxTypeFilingYear_Page/select_PeriodEnding' 

2024-11-12 16:45:21 - [TEST_STEP][PASSED] - selectOptionByLabel(findTestObject(orPath_TaxTypeFilingYear + "/select_PeriodEnding"), month, false): All options with label 'June' are selected in object 'Object Repository/RAD_Pages/TaxTypeFilingYear_Page/select_PeriodEnding' 

2024-11-12 16:45:22 - [MESSAGE][PASSED] - All options with label 'June' are selected in object 'Object Repository/RAD_Pages/TaxTypeFilingYear_Page/select_PeriodEnding' 

2024-11-12 16:45:22 - [TEST_STEP][PASSED] - rad.getSetDataRAD.setDataRADBusinessName(): rad.getSetDataRAD.setDataRADBusinessName is PASSED

2024-11-12 16:45:22 - [MESSAGE][PASSED] - Text 'My Company' is set on object 'Object Repository/RAD_Pages/Taxpayer_Page/input_businessName'

2024-11-12 16:45:22 - [MESSAGE][PASSED] - rad.getSetDataRAD.setDataRADBusinessName is PASSED

2024-11-12 16:45:22 - [TEST_STEP][PASSED] - rad.getSetDataRAD.setDataRADBusinessRep(): rad.getSetDataRAD.setDataRADBusinessRep is PASSED

2024-11-12 16:45:23 - [MESSAGE][PASSED] - Text 'BusRepFname' is set on object 'Object Repository/RAD_Pages/Taxpayer_Page/input_BusinessRepfirstName'

2024-11-12 16:45:24 - [MESSAGE][PASSED] - Text '' is set on object 'Object Repository/RAD_Pages/Taxpayer_Page/input_BusinessRepmiddleName'

2024-11-12 16:45:25 - [MESSAGE][PASSED] - Text 'BusRepLname' is set on object 'Object Repository/RAD_Pages/Taxpayer_Page/input_BusinessReplastName'

2024-11-12 16:45:25 - [MESSAGE][PASSED] - Text '' is set on object 'Object Repository/RAD_Pages/Taxpayer_Page/input_BusinessRepsuffix'

2024-11-12 16:45:25 - [MESSAGE][PASSED] - rad.getSetDataRAD.setDataRADBusinessRep is PASSED

2024-11-12 16:45:25 - [TEST_STEP][PASSED] - rad.getSetDataRAD.setDataRADAddress(): rad.getSetDataRAD.setDataRADAddress is PASSED

2024-11-12 16:45:26 - [MESSAGE][PASSED] - All options with label 'United States' are selected in object 'Object Repository/RAD_Pages/AddressAndContactInfo_Page/select_Country' 

2024-11-12 16:45:27 - [MESSAGE][PASSED] - Text '2508 Mandan Terrace' is set on object 'Object Repository/RAD_Pages/AddressAndContactInfo_Page/input_streetAddress1'

2024-11-12 16:45:28 - [MESSAGE][PASSED] - Text '' is set on object 'Object Repository/RAD_Pages/AddressAndContactInfo_Page/input_streetAddress2'

2024-11-12 16:45:29 - [MESSAGE][PASSED] - Text 'Gambrills' is set on object 'Object Repository/RAD_Pages/AddressAndContactInfo_Page/input_city'

2024-11-12 16:45:29 - [MESSAGE][PASSED] - All options with label 'Maryland' are selected in object 'Object Repository/RAD_Pages/AddressAndContactInfo_Page/select_State' 

2024-11-12 16:45:30 - [MESSAGE][PASSED] - Text '21054' is set on object 'Object Repository/RAD_Pages/AddressAndContactInfo_Page/input_zipCode'

2024-11-12 16:45:31 - [MESSAGE][PASSED] - Text '(703) 894-5000' is set on object 'Object Repository/RAD_Pages/AddressAndContactInfo_Page/input_phoneNumber'

2024-11-12 16:45:32 - [MESSAGE][PASSED] - Text 'iahmed@govolution.com' is set on object 'Object Repository/RAD_Pages/AddressAndContactInfo_Page/input_eMailAddress'

2024-11-12 16:45:32 - [MESSAGE][PASSED] - Text 'iahmed@govolution.com' is set on object 'Object Repository/RAD_Pages/AddressAndContactInfo_Page/input_reEnterEMailAddress'

2024-11-12 16:45:32 - [MESSAGE][PASSED] - rad.getSetDataRAD.setDataRADAddress is PASSED

2024-11-12 16:45:32 - [TEST_STEP][PASSED] - if (feinSSN.equalsIgnoreCase("Y")): null

2024-11-12 16:45:32 - [TEST_STEP][PASSED] - else: Text ****** has been set on object 'Object Repository/RAD_Pages/TaxInfo_Page/input_FederalEIN_ReEnter'

2024-11-12 16:45:32 - [TEST_STEP][PASSED] - if (!(TaxType.equalsIgnoreCase("Estate Tax"))): Text ****** has been set on object 'Object Repository/RAD_Pages/TaxInfo_Page/input_FederalEIN_ReEnter'

2024-11-12 16:45:32 - [TEST_STEP][PASSED] - setEncryptedText(findTestObject(orPath_TaxInfo + "/input_FederalEIN"), "yXB7JMCbD3QoFF75EQd3iw=="): Text ****** has been set on object 'Object Repository/RAD_Pages/TaxInfo_Page/input_FederalEIN'

2024-11-12 16:45:33 - [MESSAGE][PASSED] - Text ****** has been set on object 'Object Repository/RAD_Pages/TaxInfo_Page/input_FederalEIN'

2024-11-12 16:45:33 - [TEST_STEP][PASSED] - setEncryptedText(findTestObject(orPath_TaxInfo + "/input_FederalEIN_ReEnter"), "yXB7JMCbD3QoFF75EQd3iw=="): Text ****** has been set on object 'Object Repository/RAD_Pages/TaxInfo_Page/input_FederalEIN_ReEnter'

2024-11-12 16:45:34 - [MESSAGE][PASSED] - Text ****** has been set on object 'Object Repository/RAD_Pages/TaxInfo_Page/input_FederalEIN_ReEnter'

2024-11-12 16:45:34 - [TEST_STEP][PASSED] - if (CRN.equalsIgnoreCase("Y")): rad.getSetDataRAD.setDataRADMDCRN is PASSED

2024-11-12 16:45:34 - [TEST_STEP][PASSED] - rad.getSetDataRAD.setDataRADMDCRN(): rad.getSetDataRAD.setDataRADMDCRN is PASSED

2024-11-12 16:45:34 - [MESSAGE][PASSED] - Text '07640126' is set on object 'Object Repository/RAD_Pages/TaxInfo_Page/input_MDCRegistration'

2024-11-12 16:45:34 - [MESSAGE][PASSED] - rad.getSetDataRAD.setDataRADMDCRN is PASSED

2024-11-12 16:45:34 - [TEST_STEP][PASSED] - if (MFLicNum.equalsIgnoreCase("Y")): null

2024-11-12 16:45:34 - [TEST_STEP][PASSED] - if (TaxType.equalsIgnoreCase("Estate Tax")): null

2024-11-12 16:45:34 - [TEST_STEP][PASSED] - setText(findTestObject(orPath_Amount + "/input__paymentAmount"), "100.00"): Text '100.00' is set on object 'Object Repository/RAD_Pages/PaymentAmount_Page/input__paymentAmount'

2024-11-12 16:45:35 - [MESSAGE][PASSED] - Text '100.00' is set on object 'Object Repository/RAD_Pages/PaymentAmount_Page/input__paymentAmount'

2024-11-12 16:45:35 - [TEST_STEP][PASSED] - setText(findTestObject(orPath_AddressContact + "/input_streetAddress2"), ""): Text '' is set on object 'Object Repository/RAD_Pages/AddressAndContactInfo_Page/input_streetAddress2'

2024-11-12 16:45:36 - [MESSAGE][PASSED] - Text '' is set on object 'Object Repository/RAD_Pages/AddressAndContactInfo_Page/input_streetAddress2'

2024-11-12 16:45:36 - [TEST_STEP][PASSED] - scrollToElement(findTestObject(orPath_Landing + "/button_Continue"), 3): Scroll to object 'Object Repository/RAD_Pages/Landing_Page/button_Continue' successfully

2024-11-12 16:45:36 - [MESSAGE][PASSED] - Scroll to object 'Object Repository/RAD_Pages/Landing_Page/button_Continue' successfully

2024-11-12 16:45:36 - [TEST_STEP][PASSED] - waitForElementClickable(findTestObject(orPath_Landing + "/button_Continue"), 5): Object 'Object Repository/RAD_Pages/Landing_Page/button_Continue' is clickable

2024-11-12 16:45:37 - [MESSAGE][PASSED] - Object 'Object Repository/RAD_Pages/Landing_Page/button_Continue' is clickable

2024-11-12 16:45:37 - [TEST_STEP][PASSED] - click(findTestObject(orPath_Landing + "/button_Continue")): Object: 'Object Repository/RAD_Pages/Landing_Page/button_Continue' is clicked on

2024-11-12 16:45:37 - [MESSAGE][PASSED] - Object: 'Object Repository/RAD_Pages/Landing_Page/button_Continue' is clicked on

2024-11-12 16:45:37 - [TEST_STEP][PASSED] - delay(2): Delayed 2 second(s)

2024-11-12 16:45:39 - [MESSAGE][PASSED] - Delayed 2 second(s)

2024-11-12 16:45:39 - [TEST_STEP][PASSED] - verifyTextPresent("Summary", true): Text 'Summary' is present on page  using regular expression

2024-11-12 16:45:39 - [MESSAGE][PASSED] - Text 'Summary' is present on page  using regular expression

2024-11-12 16:45:39 - [TEST_STEP][PASSED] - verifyTextPresent("Review the information below and make any necessary corrections by clicking the", true): Text 'Review the information below and make any necessary corrections by clicking the' is present on page  using regular expression

2024-11-12 16:45:40 - [MESSAGE][PASSED] - Text 'Review the information below and make any necessary corrections by clicking the' is present on page  using regular expression

2024-11-12 16:45:40 - [TEST_STEP][PASSED] - verifyTextPresent("When you are confident that all the information is correct, click the", true): Text 'When you are confident that all the information is correct, click the' is present on page  using regular expression

2024-11-12 16:45:40 - [MESSAGE][PASSED] - Text 'When you are confident that all the information is correct, click the' is present on page  using regular expression

2024-11-12 16:45:40 - [TEST_STEP][PASSED] - verifyTextPresent("Payment Type/Filing Year", true): Text 'Payment Type/Filing Year' is present on page  using regular expression

2024-11-12 16:45:40 - [MESSAGE][PASSED] - Text 'Payment Type/Filing Year' is present on page  using regular expression

2024-11-12 16:45:40 - [TEST_STEP][PASSED] - verifyTextPresent("Payment Type:", true): Text 'Payment Type:' is present on page  using regular expression

2024-11-12 16:45:41 - [MESSAGE][PASSED] - Text 'Payment Type:' is present on page  using regular expression

2024-11-12 16:45:41 - [TEST_STEP][PASSED] - verifyTextPresent("New Tax Return Amount Due", true): Text 'New Tax Return Amount Due' is present on page  using regular expression

2024-11-12 16:45:41 - [MESSAGE][PASSED] - Text 'New Tax Return Amount Due' is present on page  using regular expression

2024-11-12 16:45:41 - [TEST_STEP][PASSED] - verifyTextPresent("Filing Year:", true): Text 'Filing Year:' is present on page  using regular expression

2024-11-12 16:45:41 - [MESSAGE][PASSED] - Text 'Filing Year:' is present on page  using regular expression

2024-11-12 16:45:41 - [TEST_STEP][PASSED] - verifyTextPresent(FilingYear, true): Text '2022' is present on page  using regular expression

2024-11-12 16:45:42 - [MESSAGE][PASSED] - Text '2022' is present on page  using regular expression

2024-11-12 16:45:42 - [TEST_STEP][PASSED] - verifyTextPresent("Payer Information", true): Text 'Payer Information' is present on page  using regular expression

2024-11-12 16:45:42 - [MESSAGE][PASSED] - Text 'Payer Information' is present on page  using regular expression

2024-11-12 16:45:42 - [TEST_STEP][PASSED] - verifyTextPresent("Taxpayer Name:", true): Text 'Taxpayer Name:' is present on page  using regular expression

2024-11-12 16:45:42 - [MESSAGE][PASSED] - Text 'Taxpayer Name:' is present on page  using regular expression

2024-11-12 16:45:42 - [TEST_STEP][PASSED] - verifyTextPresent("My Company", true): Text 'My Company' is present on page  using regular expression

2024-11-12 16:45:43 - [MESSAGE][PASSED] - Text 'My Company' is present on page  using regular expression

2024-11-12 16:45:43 - [TEST_STEP][PASSED] - verifyTextPresent("Business Rep Name:", true): Text 'Business Rep Name:' is present on page  using regular expression

2024-11-12 16:45:43 - [MESSAGE][PASSED] - Text 'Business Rep Name:' is present on page  using regular expression

2024-11-12 16:45:43 - [TEST_STEP][PASSED] - verifyTextPresent("BusRepFname BusRepLname", true): Text 'BusRepFname BusRepLname' is present on page  using regular expression

2024-11-12 16:45:43 - [MESSAGE][PASSED] - Text 'BusRepFname BusRepLname' is present on page  using regular expression

2024-11-12 16:45:43 - [TEST_STEP][PASSED] - verifyTextPresent("Taxpayer Address:", true): Text 'Taxpayer Address:' is present on page  using regular expression

2024-11-12 16:45:44 - [MESSAGE][PASSED] - Text 'Taxpayer Address:' is present on page  using regular expression

2024-11-12 16:45:44 - [TEST_STEP][PASSED] - verifyTextPresent("2508 Mandan Terrace Gambrills Maryland 21054", true): Text '2508 Mandan Terrace Gambrills Maryland 21054' is present on page  using regular expression

2024-11-12 16:45:44 - [MESSAGE][PASSED] - Text '2508 Mandan Terrace Gambrills Maryland 21054' is present on page  using regular expression

2024-11-12 16:45:44 - [TEST_STEP][PASSED] - verifyTextPresent("Email:", true): Text 'Email:' is present on page  using regular expression

2024-11-12 16:45:44 - [MESSAGE][PASSED] - Text 'Email:' is present on page  using regular expression

2024-11-12 16:45:44 - [TEST_STEP][PASSED] - verifyTextPresent("iahmed@govolution.com", true): Text 'iahmed@govolution.com' is present on page  using regular expression

2024-11-12 16:45:45 - [MESSAGE][PASSED] - Text 'iahmed@govolution.com' is present on page  using regular expression

2024-11-12 16:45:45 - [TEST_STEP][PASSED] - verifyTextPresent("Phone:", true): Text 'Phone:' is present on page  using regular expression

2024-11-12 16:45:45 - [MESSAGE][PASSED] - Text 'Phone:' is present on page  using regular expression

2024-11-12 16:45:45 - [TEST_STEP][PASSED] - verifyTextPresent("(703) 894-5000", false): Text '(703) 894-5000' is present on page 

2024-11-12 16:45:46 - [MESSAGE][PASSED] - Text '(703) 894-5000' is present on page 

2024-11-12 16:45:46 - [TEST_STEP][PASSED] - verifyTextPresent("Tax Information", true): Text 'Tax Information' is present on page  using regular expression

2024-11-12 16:45:46 - [MESSAGE][PASSED] - Text 'Tax Information' is present on page  using regular expression

2024-11-12 16:45:46 - [TEST_STEP][PASSED] - verifyTextNotPresent("Notice Number", true): Text 'Notice Number' is not present on page using regular expression

2024-11-12 16:45:46 - [MESSAGE][PASSED] - Text 'Notice Number' is not present on page using regular expression

2024-11-12 16:45:46 - [TEST_STEP][PASSED] - if (month.trim()): Text 'June' is present on page  using regular expression

2024-11-12 16:45:46 - [TEST_STEP][PASSED] - verifyTextPresent("Period Ending", true): Text 'Period Ending' is present on page  using regular expression

2024-11-12 16:45:47 - [MESSAGE][PASSED] - Text 'Period Ending' is present on page  using regular expression

2024-11-12 16:45:47 - [TEST_STEP][PASSED] - verifyTextPresent(month, true): Text 'June' is present on page  using regular expression

2024-11-12 16:45:47 - [MESSAGE][PASSED] - Text 'June' is present on page  using regular expression

2024-11-12 16:45:47 - [TEST_STEP][PASSED] - if (feinSSN.equalsIgnoreCase("Y")): null

2024-11-12 16:45:47 - [TEST_STEP][PASSED] - else: Text 'XXXXXXX87' is present on page  using regular expression

2024-11-12 16:45:47 - [TEST_STEP][PASSED] - if (!(TaxType.equalsIgnoreCase("Estate Tax"))): Text 'XXXXXXX87' is present on page  using regular expression

2024-11-12 16:45:47 - [TEST_STEP][PASSED] - verifyTextPresent("Federal EIN:", true): Text 'Federal EIN:' is present on page  using regular expression

2024-11-12 16:45:47 - [MESSAGE][PASSED] - Text 'Federal EIN:' is present on page  using regular expression

2024-11-12 16:45:47 - [TEST_STEP][PASSED] - verifyTextNotPresent("FEIN/SSN:", true): Text 'FEIN/SSN:' is not present on page using regular expression

2024-11-12 16:45:48 - [MESSAGE][PASSED] - Text 'FEIN/SSN:' is not present on page using regular expression

2024-11-12 16:45:48 - [TEST_STEP][PASSED] - verifyTextPresent("XXXXXXX87", true): Text 'XXXXXXX87' is present on page  using regular expression

2024-11-12 16:45:48 - [MESSAGE][PASSED] - Text 'XXXXXXX87' is present on page  using regular expression

2024-11-12 16:45:48 - [TEST_STEP][PASSED] - if (TaxType.equalsIgnoreCase("Estate Tax")): null

2024-11-12 16:45:48 - [TEST_STEP][PASSED] - if (CRN.equalsIgnoreCase("Y")): Text '07640126' is present on page  using regular expression

2024-11-12 16:45:48 - [TEST_STEP][PASSED] - verifyTextPresent("MD Central Registration Number#:", true): Text 'MD Central Registration Number#:' is present on page  using regular expression

2024-11-12 16:45:48 - [MESSAGE][PASSED] - Text 'MD Central Registration Number#:' is present on page  using regular expression

2024-11-12 16:45:48 - [TEST_STEP][PASSED] - verifyTextPresent("07640126", true): Text '07640126' is present on page  using regular expression

2024-11-12 16:45:49 - [MESSAGE][PASSED] - Text '07640126' is present on page  using regular expression

2024-11-12 16:45:49 - [TEST_STEP][PASSED] - if (MFLicNum.equalsIgnoreCase("Y")): null

2024-11-12 16:45:49 - [TEST_STEP][PASSED] - else: Text 'Motor Fuel License Number#:' is not present on page using regular expression

2024-11-12 16:45:49 - [TEST_STEP][PASSED] - verifyTextNotPresent("Motor Fuel License Number#:", true): Text 'Motor Fuel License Number#:' is not present on page using regular expression

2024-11-12 16:45:49 - [MESSAGE][PASSED] - Text 'Motor Fuel License Number#:' is not present on page using regular expression

2024-11-12 16:45:49 - [TEST_STEP][PASSED] - verifyTextPresent("Payment Amount:", true): Text 'Payment Amount:' is present on page  using regular expression

2024-11-12 16:45:49 - [MESSAGE][PASSED] - Text 'Payment Amount:' is present on page  using regular expression

2024-11-12 16:45:49 - [TEST_STEP][PASSED] - verifyTextPresent("100.00", true): Text '100.00' is present on page  using regular expression

2024-11-12 16:45:49 - [MESSAGE][PASSED] - Text '100.00' is present on page  using regular expression

2024-11-12 16:45:49 - [TEST_STEP][PASSED] - if (verifyElementVisible(findTestObject(orPath_Summary + "/button_Proceed to Payment"))): null

2024-11-12 16:45:50 - [MESSAGE][PASSED] - Object 'Object Repository/RAD_Pages/Summary_Page/button_Proceed to Payment' is visible

2024-11-12 16:45:50 - [TEST_STEP][PASSED] - resText = "Pass": null

2024-11-12 16:45:50 - [TEST_STEP][PASSED] - pages.WriteExcel.demoKey(resText, datText, resColumn, datCloumn, fileLoc, nameSheet, row): pages.WriteExcel.demoKey is PASSED

2024-11-12 16:45:50 - [MESSAGE][PASSED] - pages.WriteExcel.demoKey is PASSED

2024-11-12 16:45:50 - [TEST_STEP][PASSED] - click(findTestObject(orPath_Summary + "/button_Proceed to Payment")): Object: 'Object Repository/RAD_Pages/Summary_Page/button_Proceed to Payment' is clicked on

2024-11-12 16:45:52 - [MESSAGE][PASSED] - Object: 'Object Repository/RAD_Pages/Summary_Page/button_Proceed to Payment' is clicked on

2024-11-12 16:45:52 - [TEST_STEP][PASSED] - verifyElementPresent(findTestObject("Object Repository/RAD_Pages/PaymentEntry_Page/input__billingName"), 30): Object 'Object Repository/RAD_Pages/PaymentEntry_Page/input__billingName' is present

2024-11-12 16:45:53 - [MESSAGE][PASSED] - Object 'Object Repository/RAD_Pages/PaymentEntry_Page/input__billingName' is present

2024-11-12 16:45:53 - [TEST_STEP][PASSED] - ExecuteTC = findTestData(dataFile).getValue("Execute", row): null

2024-11-12 16:45:53 - [TEST_STEP][PASSED] - TaxType = findTestData(dataFile).getValue("TaxType", row): null

2024-11-12 16:45:53 - [TEST_STEP][PASSED] - PaymentType = findTestData(dataFile).getValue("PaymentType", row): null

2024-11-12 16:45:53 - [TEST_STEP][PASSED] - FilingYear = findTestData(dataFile).getValue("Year", row): null

2024-11-12 16:45:53 - [TEST_STEP][PASSED] - feinSSN = findTestData(dataFile).getValue("FeinSsn", row): null

2024-11-12 16:45:53 - [TEST_STEP][PASSED] - CRN = findTestData(dataFile).getValue("CRN", row): null

2024-11-12 16:45:53 - [TEST_STEP][PASSED] - month = findTestData(dataFile).getValue("Month", row): null

2024-11-12 16:45:53 - [TEST_STEP][PASSED] - MFLicNum = findTestData(dataFile).getValue("MFLicNum", row): null

2024-11-12 16:45:53 - [TEST_STEP][PASSED] - if (ExecuteTC.equalsIgnoreCase("Y")): Object 'Object Repository/RAD_Pages/PaymentEntry_Page/input__billingName' is present

2024-11-12 16:45:53 - [TEST_STEP][PASSED] - out.println("Begin Record Number: " + row): null

2024-11-12 16:45:53 - [TEST_STEP][PASSED] - today = new java.util.Date(): null

2024-11-12 16:45:53 - [TEST_STEP][PASSED] - println(today): null

2024-11-12 16:45:53 - [TEST_STEP][PASSED] - datText = today: null

2024-11-12 16:45:53 - [TEST_STEP][PASSED] - logInfo("Payment Type: New Tax Return Amount Due"): Payment Type: New Tax Return Amount Due

2024-11-12 16:45:53 - [MESSAGE][INFO] - Payment Type: New Tax Return Amount Due

2024-11-12 16:45:53 - [TEST_STEP][PASSED] - logInfo("Tax Type: " + TaxType): Tax Type: Unclaimed Property

2024-11-12 16:45:53 - [MESSAGE][INFO] - Tax Type: Unclaimed Property

2024-11-12 16:45:53 - [TEST_STEP][PASSED] - openBrowser(""): Browser is opened with url: ''

2024-11-12 16:45:53 - [MESSAGE][WARNING] - A browser is already opened. Closing browser and opening a new one

2024-11-12 16:45:54 - [MESSAGE][INFO] - Starting 'Chrome' driver

2024-11-12 16:45:54 - [MESSAGE][INFO] - User set preference: ['acceptInsecureCerts', 'true']

2024-11-12 16:45:54 - [MESSAGE][INFO] - Action delay is set to 0 milliseconds

2024-11-12 16:45:56 - [MESSAGE][PASSED] - Browser is opened with url: ''

2024-11-12 16:45:56 - [TEST_STEP][PASSED] - maximizeWindow(): Current window maximized

2024-11-12 16:45:56 - [MESSAGE][PASSED] - Current window maximized

2024-11-12 16:45:56 - [TEST_STEP][PASSED] - navigateToUrl(RADurl): Navigate to 'https://www.velocitypayment.com/client/rad/index.html' successfully

2024-11-12 16:45:58 - [MESSAGE][PASSED] - Navigate to 'https://www.velocitypayment.com/client/rad/index.html' successfully

2024-11-12 16:45:58 - [TEST_STEP][PASSED] - selectOptionByLabel(findTestObject(orPath_Landing + "/dd_TaxType"), "New Tax Return Amount Due", false): All options with label 'New Tax Return Amount Due' are selected in object 'Object Repository/RAD_Pages/Landing_Page/dd_TaxType' 

2024-11-12 16:45:58 - [MESSAGE][PASSED] - All options with label 'New Tax Return Amount Due' are selected in object 'Object Repository/RAD_Pages/Landing_Page/dd_TaxType' 

2024-11-12 16:45:58 - [TEST_STEP][PASSED] - selectOptionByLabel(findTestObject("Object Repository/RAD_Pages/Landing_Page/select_NewTaxReturnAmountDue_TaxType"), TaxType, false): All options with label 'Unclaimed Property' are selected in object 'Object Repository/RAD_Pages/Landing_Page/select_NewTaxReturnAmountDue_TaxType' 

2024-11-12 16:45:59 - [MESSAGE][PASSED] - All options with label 'Unclaimed Property' are selected in object 'Object Repository/RAD_Pages/Landing_Page/select_NewTaxReturnAmountDue_TaxType' 

2024-11-12 16:45:59 - [TEST_STEP][PASSED] - selectOptionByLabel(findTestObject(orPath_TaxTypeFilingYear + "/select_FilingYear"), FilingYear, false): All options with label '2022' are selected in object 'Object Repository/RAD_Pages/TaxTypeFilingYear_Page/select_FilingYear' 

2024-11-12 16:46:00 - [MESSAGE][PASSED] - All options with label '2022' are selected in object 'Object Repository/RAD_Pages/TaxTypeFilingYear_Page/select_FilingYear' 

2024-11-12 16:46:00 - [TEST_STEP][PASSED] - if (month.trim()): All options with label 'August' are selected in object 'Object Repository/RAD_Pages/TaxTypeFilingYear_Page/select_PeriodEnding' 

2024-11-12 16:46:00 - [TEST_STEP][PASSED] - selectOptionByLabel(findTestObject(orPath_TaxTypeFilingYear + "/select_PeriodEnding"), month, false): All options with label 'August' are selected in object 'Object Repository/RAD_Pages/TaxTypeFilingYear_Page/select_PeriodEnding' 

2024-11-12 16:46:00 - [MESSAGE][PASSED] - All options with label 'August' are selected in object 'Object Repository/RAD_Pages/TaxTypeFilingYear_Page/select_PeriodEnding' 

2024-11-12 16:46:00 - [TEST_STEP][PASSED] - rad.getSetDataRAD.setDataRADBusinessName(): rad.getSetDataRAD.setDataRADBusinessName is PASSED

2024-11-12 16:46:01 - [MESSAGE][PASSED] - Text 'My Company' is set on object 'Object Repository/RAD_Pages/Taxpayer_Page/input_businessName'

2024-11-12 16:46:01 - [MESSAGE][PASSED] - rad.getSetDataRAD.setDataRADBusinessName is PASSED

2024-11-12 16:46:01 - [TEST_STEP][PASSED] - rad.getSetDataRAD.setDataRADBusinessRep(): rad.getSetDataRAD.setDataRADBusinessRep is PASSED

2024-11-12 16:46:02 - [MESSAGE][PASSED] - Text 'BusRepFname' is set on object 'Object Repository/RAD_Pages/Taxpayer_Page/input_BusinessRepfirstName'

2024-11-12 16:46:03 - [MESSAGE][PASSED] - Text '' is set on object 'Object Repository/RAD_Pages/Taxpayer_Page/input_BusinessRepmiddleName'

2024-11-12 16:46:03 - [MESSAGE][PASSED] - Text 'BusRepLname' is set on object 'Object Repository/RAD_Pages/Taxpayer_Page/input_BusinessReplastName'

2024-11-12 16:46:04 - [MESSAGE][PASSED] - Text '' is set on object 'Object Repository/RAD_Pages/Taxpayer_Page/input_BusinessRepsuffix'

2024-11-12 16:46:04 - [MESSAGE][PASSED] - rad.getSetDataRAD.setDataRADBusinessRep is PASSED

2024-11-12 16:46:04 - [TEST_STEP][PASSED] - rad.getSetDataRAD.setDataRADAddress(): rad.getSetDataRAD.setDataRADAddress is PASSED

2024-11-12 16:46:05 - [MESSAGE][PASSED] - All options with label 'United States' are selected in object 'Object Repository/RAD_Pages/AddressAndContactInfo_Page/select_Country' 

2024-11-12 16:46:06 - [MESSAGE][PASSED] - Text '2508 Mandan Terrace' is set on object 'Object Repository/RAD_Pages/AddressAndContactInfo_Page/input_streetAddress1'

2024-11-12 16:46:06 - [MESSAGE][PASSED] - Text '' is set on object 'Object Repository/RAD_Pages/AddressAndContactInfo_Page/input_streetAddress2'

2024-11-12 16:46:07 - [MESSAGE][PASSED] - Text 'Gambrills' is set on object 'Object Repository/RAD_Pages/AddressAndContactInfo_Page/input_city'

2024-11-12 16:46:08 - [MESSAGE][PASSED] - All options with label 'Maryland' are selected in object 'Object Repository/RAD_Pages/AddressAndContactInfo_Page/select_State' 

2024-11-12 16:46:09 - [MESSAGE][PASSED] - Text '21054' is set on object 'Object Repository/RAD_Pages/AddressAndContactInfo_Page/input_zipCode'

2024-11-12 16:46:10 - [MESSAGE][PASSED] - Text '(703) 894-5000' is set on object 'Object Repository/RAD_Pages/AddressAndContactInfo_Page/input_phoneNumber'

2024-11-12 16:46:10 - [MESSAGE][PASSED] - Text 'iahmed@govolution.com' is set on object 'Object Repository/RAD_Pages/AddressAndContactInfo_Page/input_eMailAddress'

2024-11-12 16:46:11 - [MESSAGE][PASSED] - Text 'iahmed@govolution.com' is set on object 'Object Repository/RAD_Pages/AddressAndContactInfo_Page/input_reEnterEMailAddress'

2024-11-12 16:46:11 - [MESSAGE][PASSED] - rad.getSetDataRAD.setDataRADAddress is PASSED

2024-11-12 16:46:11 - [TEST_STEP][PASSED] - if (feinSSN.equalsIgnoreCase("Y")): null

2024-11-12 16:46:11 - [TEST_STEP][PASSED] - else: Text ****** has been set on object 'Object Repository/RAD_Pages/TaxInfo_Page/input_FederalEIN_ReEnter'

2024-11-12 16:46:11 - [TEST_STEP][PASSED] - if (!(TaxType.equalsIgnoreCase("Estate Tax"))): Text ****** has been set on object 'Object Repository/RAD_Pages/TaxInfo_Page/input_FederalEIN_ReEnter'

2024-11-12 16:46:11 - [TEST_STEP][PASSED] - setEncryptedText(findTestObject(orPath_TaxInfo + "/input_FederalEIN"), "yXB7JMCbD3QoFF75EQd3iw=="): Text ****** has been set on object 'Object Repository/RAD_Pages/TaxInfo_Page/input_FederalEIN'

2024-11-12 16:46:12 - [MESSAGE][PASSED] - Text ****** has been set on object 'Object Repository/RAD_Pages/TaxInfo_Page/input_FederalEIN'

2024-11-12 16:46:12 - [TEST_STEP][PASSED] - setEncryptedText(findTestObject(orPath_TaxInfo + "/input_FederalEIN_ReEnter"), "yXB7JMCbD3QoFF75EQd3iw=="): Text ****** has been set on object 'Object Repository/RAD_Pages/TaxInfo_Page/input_FederalEIN_ReEnter'

2024-11-12 16:46:12 - [MESSAGE][PASSED] - Text ****** has been set on object 'Object Repository/RAD_Pages/TaxInfo_Page/input_FederalEIN_ReEnter'

2024-11-12 16:46:12 - [TEST_STEP][PASSED] - if (CRN.equalsIgnoreCase("Y")): rad.getSetDataRAD.setDataRADMDCRN is PASSED

2024-11-12 16:46:12 - [TEST_STEP][PASSED] - rad.getSetDataRAD.setDataRADMDCRN(): rad.getSetDataRAD.setDataRADMDCRN is PASSED

2024-11-12 16:46:13 - [MESSAGE][PASSED] - Text '07640126' is set on object 'Object Repository/RAD_Pages/TaxInfo_Page/input_MDCRegistration'

2024-11-12 16:46:13 - [MESSAGE][PASSED] - rad.getSetDataRAD.setDataRADMDCRN is PASSED

2024-11-12 16:46:13 - [TEST_STEP][PASSED] - if (MFLicNum.equalsIgnoreCase("Y")): null

2024-11-12 16:46:13 - [TEST_STEP][PASSED] - if (TaxType.equalsIgnoreCase("Estate Tax")): null

2024-11-12 16:46:13 - [TEST_STEP][PASSED] - setText(findTestObject(orPath_Amount + "/input__paymentAmount"), "100.00"): Text '100.00' is set on object 'Object Repository/RAD_Pages/PaymentAmount_Page/input__paymentAmount'

2024-11-12 16:46:14 - [MESSAGE][PASSED] - Text '100.00' is set on object 'Object Repository/RAD_Pages/PaymentAmount_Page/input__paymentAmount'

2024-11-12 16:46:14 - [TEST_STEP][PASSED] - setText(findTestObject(orPath_AddressContact + "/input_streetAddress2"), ""): Text '' is set on object 'Object Repository/RAD_Pages/AddressAndContactInfo_Page/input_streetAddress2'

2024-11-12 16:46:14 - [MESSAGE][PASSED] - Text '' is set on object 'Object Repository/RAD_Pages/AddressAndContactInfo_Page/input_streetAddress2'

2024-11-12 16:46:14 - [TEST_STEP][PASSED] - scrollToElement(findTestObject(orPath_Landing + "/button_Continue"), 3): Scroll to object 'Object Repository/RAD_Pages/Landing_Page/button_Continue' successfully

2024-11-12 16:46:15 - [MESSAGE][PASSED] - Scroll to object 'Object Repository/RAD_Pages/Landing_Page/button_Continue' successfully

2024-11-12 16:46:15 - [TEST_STEP][PASSED] - waitForElementClickable(findTestObject(orPath_Landing + "/button_Continue"), 5): Object 'Object Repository/RAD_Pages/Landing_Page/button_Continue' is clickable

2024-11-12 16:46:15 - [MESSAGE][PASSED] - Object 'Object Repository/RAD_Pages/Landing_Page/button_Continue' is clickable

2024-11-12 16:46:15 - [TEST_STEP][PASSED] - click(findTestObject(orPath_Landing + "/button_Continue")): Object: 'Object Repository/RAD_Pages/Landing_Page/button_Continue' is clicked on

2024-11-12 16:46:16 - [MESSAGE][PASSED] - Object: 'Object Repository/RAD_Pages/Landing_Page/button_Continue' is clicked on

2024-11-12 16:46:16 - [TEST_STEP][PASSED] - delay(2): Delayed 2 second(s)

2024-11-12 16:46:18 - [MESSAGE][PASSED] - Delayed 2 second(s)

2024-11-12 16:46:18 - [TEST_STEP][PASSED] - verifyTextPresent("Summary", true): Text 'Summary' is present on page  using regular expression

2024-11-12 16:46:18 - [MESSAGE][PASSED] - Text 'Summary' is present on page  using regular expression

2024-11-12 16:46:18 - [TEST_STEP][PASSED] - verifyTextPresent("Review the information below and make any necessary corrections by clicking the", true): Text 'Review the information below and make any necessary corrections by clicking the' is present on page  using regular expression

2024-11-12 16:46:18 - [MESSAGE][PASSED] - Text 'Review the information below and make any necessary corrections by clicking the' is present on page  using regular expression

2024-11-12 16:46:18 - [TEST_STEP][PASSED] - verifyTextPresent("When you are confident that all the information is correct, click the", true): Text 'When you are confident that all the information is correct, click the' is present on page  using regular expression

2024-11-12 16:46:19 - [MESSAGE][PASSED] - Text 'When you are confident that all the information is correct, click the' is present on page  using regular expression

2024-11-12 16:46:19 - [TEST_STEP][PASSED] - verifyTextPresent("Payment Type/Filing Year", true): Text 'Payment Type/Filing Year' is present on page  using regular expression

2024-11-12 16:46:19 - [MESSAGE][PASSED] - Text 'Payment Type/Filing Year' is present on page  using regular expression

2024-11-12 16:46:19 - [TEST_STEP][PASSED] - verifyTextPresent("Payment Type:", true): Text 'Payment Type:' is present on page  using regular expression

2024-11-12 16:46:19 - [MESSAGE][PASSED] - Text 'Payment Type:' is present on page  using regular expression

2024-11-12 16:46:19 - [TEST_STEP][PASSED] - verifyTextPresent("New Tax Return Amount Due", true): Text 'New Tax Return Amount Due' is present on page  using regular expression

2024-11-12 16:46:20 - [MESSAGE][PASSED] - Text 'New Tax Return Amount Due' is present on page  using regular expression

2024-11-12 16:46:20 - [TEST_STEP][PASSED] - verifyTextPresent("Filing Year:", true): Text 'Filing Year:' is present on page  using regular expression

2024-11-12 16:46:20 - [MESSAGE][PASSED] - Text 'Filing Year:' is present on page  using regular expression

2024-11-12 16:46:20 - [TEST_STEP][PASSED] - verifyTextPresent(FilingYear, true): Text '2022' is present on page  using regular expression

2024-11-12 16:46:20 - [MESSAGE][PASSED] - Text '2022' is present on page  using regular expression

2024-11-12 16:46:20 - [TEST_STEP][PASSED] - verifyTextPresent("Payer Information", true): Text 'Payer Information' is present on page  using regular expression

2024-11-12 16:46:21 - [MESSAGE][PASSED] - Text 'Payer Information' is present on page  using regular expression

2024-11-12 16:46:21 - [TEST_STEP][PASSED] - verifyTextPresent("Taxpayer Name:", true): Text 'Taxpayer Name:' is present on page  using regular expression

2024-11-12 16:46:21 - [MESSAGE][PASSED] - Text 'Taxpayer Name:' is present on page  using regular expression

2024-11-12 16:46:21 - [TEST_STEP][PASSED] - verifyTextPresent("My Company", true): Text 'My Company' is present on page  using regular expression

2024-11-12 16:46:21 - [MESSAGE][PASSED] - Text 'My Company' is present on page  using regular expression

2024-11-12 16:46:21 - [TEST_STEP][PASSED] - verifyTextPresent("Business Rep Name:", true): Text 'Business Rep Name:' is present on page  using regular expression

2024-11-12 16:46:22 - [MESSAGE][PASSED] - Text 'Business Rep Name:' is present on page  using regular expression

2024-11-12 16:46:22 - [TEST_STEP][PASSED] - verifyTextPresent("BusRepFname BusRepLname", true): Text 'BusRepFname BusRepLname' is present on page  using regular expression

2024-11-12 16:46:22 - [MESSAGE][PASSED] - Text 'BusRepFname BusRepLname' is present on page  using regular expression

2024-11-12 16:46:22 - [TEST_STEP][PASSED] - verifyTextPresent("Taxpayer Address:", true): Text 'Taxpayer Address:' is present on page  using regular expression

2024-11-12 16:46:22 - [MESSAGE][PASSED] - Text 'Taxpayer Address:' is present on page  using regular expression

2024-11-12 16:46:22 - [TEST_STEP][PASSED] - verifyTextPresent("2508 Mandan Terrace Gambrills Maryland 21054", true): Text '2508 Mandan Terrace Gambrills Maryland 21054' is present on page  using regular expression

2024-11-12 16:46:23 - [MESSAGE][PASSED] - Text '2508 Mandan Terrace Gambrills Maryland 21054' is present on page  using regular expression

2024-11-12 16:46:23 - [TEST_STEP][PASSED] - verifyTextPresent("Email:", true): Text 'Email:' is present on page  using regular expression

2024-11-12 16:46:23 - [MESSAGE][PASSED] - Text 'Email:' is present on page  using regular expression

2024-11-12 16:46:23 - [TEST_STEP][PASSED] - verifyTextPresent("iahmed@govolution.com", true): Text 'iahmed@govolution.com' is present on page  using regular expression

2024-11-12 16:46:23 - [MESSAGE][PASSED] - Text 'iahmed@govolution.com' is present on page  using regular expression

2024-11-12 16:46:23 - [TEST_STEP][PASSED] - verifyTextPresent("Phone:", true): Text 'Phone:' is present on page  using regular expression

2024-11-12 16:46:24 - [MESSAGE][PASSED] - Text 'Phone:' is present on page  using regular expression

2024-11-12 16:46:24 - [TEST_STEP][PASSED] - verifyTextPresent("(703) 894-5000", false): Text '(703) 894-5000' is present on page 

2024-11-12 16:46:24 - [MESSAGE][PASSED] - Text '(703) 894-5000' is present on page 

2024-11-12 16:46:24 - [TEST_STEP][PASSED] - verifyTextPresent("Tax Information", true): Text 'Tax Information' is present on page  using regular expression

2024-11-12 16:46:24 - [MESSAGE][PASSED] - Text 'Tax Information' is present on page  using regular expression

2024-11-12 16:46:24 - [TEST_STEP][PASSED] - verifyTextNotPresent("Notice Number", true): Text 'Notice Number' is not present on page using regular expression

2024-11-12 16:46:25 - [MESSAGE][PASSED] - Text 'Notice Number' is not present on page using regular expression

2024-11-12 16:46:25 - [TEST_STEP][PASSED] - if (month.trim()): Text 'August' is present on page  using regular expression

2024-11-12 16:46:25 - [TEST_STEP][PASSED] - verifyTextPresent("Period Ending", true): Text 'Period Ending' is present on page  using regular expression

2024-11-12 16:46:25 - [MESSAGE][PASSED] - Text 'Period Ending' is present on page  using regular expression

2024-11-12 16:46:25 - [TEST_STEP][PASSED] - verifyTextPresent(month, true): Text 'August' is present on page  using regular expression

2024-11-12 16:46:25 - [MESSAGE][PASSED] - Text 'August' is present on page  using regular expression

2024-11-12 16:46:25 - [TEST_STEP][PASSED] - if (feinSSN.equalsIgnoreCase("Y")): null

2024-11-12 16:46:25 - [TEST_STEP][PASSED] - else: Text 'XXXXXXX87' is present on page  using regular expression

2024-11-12 16:46:25 - [TEST_STEP][PASSED] - if (!(TaxType.equalsIgnoreCase("Estate Tax"))): Text 'XXXXXXX87' is present on page  using regular expression

2024-11-12 16:46:25 - [TEST_STEP][PASSED] - verifyTextPresent("Federal EIN:", true): Text 'Federal EIN:' is present on page  using regular expression

2024-11-12 16:46:26 - [MESSAGE][PASSED] - Text 'Federal EIN:' is present on page  using regular expression

2024-11-12 16:46:26 - [TEST_STEP][PASSED] - verifyTextNotPresent("FEIN/SSN:", true): Text 'FEIN/SSN:' is not present on page using regular expression

2024-11-12 16:46:26 - [MESSAGE][PASSED] - Text 'FEIN/SSN:' is not present on page using regular expression

2024-11-12 16:46:26 - [TEST_STEP][PASSED] - verifyTextPresent("XXXXXXX87", true): Text 'XXXXXXX87' is present on page  using regular expression

2024-11-12 16:46:26 - [MESSAGE][PASSED] - Text 'XXXXXXX87' is present on page  using regular expression

2024-11-12 16:46:26 - [TEST_STEP][PASSED] - if (TaxType.equalsIgnoreCase("Estate Tax")): null

2024-11-12 16:46:26 - [TEST_STEP][PASSED] - if (CRN.equalsIgnoreCase("Y")): Text '07640126' is present on page  using regular expression

2024-11-12 16:46:26 - [TEST_STEP][PASSED] - verifyTextPresent("MD Central Registration Number#:", true): Text 'MD Central Registration Number#:' is present on page  using regular expression

2024-11-12 16:46:27 - [MESSAGE][PASSED] - Text 'MD Central Registration Number#:' is present on page  using regular expression

2024-11-12 16:46:27 - [TEST_STEP][PASSED] - verifyTextPresent("07640126", true): Text '07640126' is present on page  using regular expression

2024-11-12 16:46:27 - [MESSAGE][PASSED] - Text '07640126' is present on page  using regular expression

2024-11-12 16:46:27 - [TEST_STEP][PASSED] - if (MFLicNum.equalsIgnoreCase("Y")): null

2024-11-12 16:46:27 - [TEST_STEP][PASSED] - else: Text 'Motor Fuel License Number#:' is not present on page using regular expression

2024-11-12 16:46:27 - [TEST_STEP][PASSED] - verifyTextNotPresent("Motor Fuel License Number#:", true): Text 'Motor Fuel License Number#:' is not present on page using regular expression

2024-11-12 16:46:27 - [MESSAGE][PASSED] - Text 'Motor Fuel License Number#:' is not present on page using regular expression

2024-11-12 16:46:27 - [TEST_STEP][PASSED] - verifyTextPresent("Payment Amount:", true): Text 'Payment Amount:' is present on page  using regular expression

2024-11-12 16:46:28 - [MESSAGE][PASSED] - Text 'Payment Amount:' is present on page  using regular expression

2024-11-12 16:46:28 - [TEST_STEP][PASSED] - verifyTextPresent("100.00", true): Text '100.00' is present on page  using regular expression

2024-11-12 16:46:28 - [MESSAGE][PASSED] - Text '100.00' is present on page  using regular expression

2024-11-12 16:46:28 - [TEST_STEP][PASSED] - if (verifyElementVisible(findTestObject(orPath_Summary + "/button_Proceed to Payment"))): null

2024-11-12 16:46:28 - [MESSAGE][PASSED] - Object 'Object Repository/RAD_Pages/Summary_Page/button_Proceed to Payment' is visible

2024-11-12 16:46:28 - [TEST_STEP][PASSED] - resText = "Pass": null

2024-11-12 16:46:28 - [TEST_STEP][PASSED] - pages.WriteExcel.demoKey(resText, datText, resColumn, datCloumn, fileLoc, nameSheet, row): pages.WriteExcel.demoKey is PASSED

2024-11-12 16:46:28 - [MESSAGE][PASSED] - pages.WriteExcel.demoKey is PASSED

2024-11-12 16:46:28 - [TEST_STEP][PASSED] - click(findTestObject(orPath_Summary + "/button_Proceed to Payment")): Object: 'Object Repository/RAD_Pages/Summary_Page/button_Proceed to Payment' is clicked on

2024-11-12 16:46:31 - [MESSAGE][PASSED] - Object: 'Object Repository/RAD_Pages/Summary_Page/button_Proceed to Payment' is clicked on

2024-11-12 16:46:31 - [TEST_STEP][PASSED] - verifyElementPresent(findTestObject("Object Repository/RAD_Pages/PaymentEntry_Page/input__billingName"), 30): Object 'Object Repository/RAD_Pages/PaymentEntry_Page/input__billingName' is present

2024-11-12 16:46:31 - [MESSAGE][PASSED] - Object 'Object Repository/RAD_Pages/PaymentEntry_Page/input__billingName' is present

2024-11-12 16:46:31 - [TEST_STEP][PASSED] - ExecuteTC = findTestData(dataFile).getValue("Execute", row): null

2024-11-12 16:46:31 - [TEST_STEP][PASSED] - TaxType = findTestData(dataFile).getValue("TaxType", row): null

2024-11-12 16:46:31 - [TEST_STEP][PASSED] - PaymentType = findTestData(dataFile).getValue("PaymentType", row): null

2024-11-12 16:46:31 - [TEST_STEP][PASSED] - FilingYear = findTestData(dataFile).getValue("Year", row): null

2024-11-12 16:46:31 - [TEST_STEP][PASSED] - feinSSN = findTestData(dataFile).getValue("FeinSsn", row): null

2024-11-12 16:46:31 - [TEST_STEP][PASSED] - CRN = findTestData(dataFile).getValue("CRN", row): null

2024-11-12 16:46:31 - [TEST_STEP][PASSED] - month = findTestData(dataFile).getValue("Month", row): null

2024-11-12 16:46:31 - [TEST_STEP][PASSED] - MFLicNum = findTestData(dataFile).getValue("MFLicNum", row): null

2024-11-12 16:46:31 - [TEST_STEP][PASSED] - if (ExecuteTC.equalsIgnoreCase("Y")): Object 'Object Repository/RAD_Pages/PaymentEntry_Page/input__billingName' is present

2024-11-12 16:46:31 - [TEST_STEP][PASSED] - out.println("Begin Record Number: " + row): null

2024-11-12 16:46:31 - [TEST_STEP][PASSED] - today = new java.util.Date(): null

2024-11-12 16:46:31 - [TEST_STEP][PASSED] - println(today): null

2024-11-12 16:46:31 - [TEST_STEP][PASSED] - datText = today: null

2024-11-12 16:46:31 - [TEST_STEP][PASSED] - logInfo("Payment Type: New Tax Return Amount Due"): Payment Type: New Tax Return Amount Due

2024-11-12 16:46:31 - [MESSAGE][INFO] - Payment Type: New Tax Return Amount Due

2024-11-12 16:46:31 - [TEST_STEP][PASSED] - logInfo("Tax Type: " + TaxType): Tax Type: Withholding Tax

2024-11-12 16:46:31 - [MESSAGE][INFO] - Tax Type: Withholding Tax

2024-11-12 16:46:31 - [TEST_STEP][PASSED] - openBrowser(""): Browser is opened with url: ''

2024-11-12 16:46:31 - [MESSAGE][WARNING] - A browser is already opened. Closing browser and opening a new one

2024-11-12 16:46:33 - [MESSAGE][INFO] - Starting 'Chrome' driver

2024-11-12 16:46:33 - [MESSAGE][INFO] - User set preference: ['acceptInsecureCerts', 'true']

2024-11-12 16:46:33 - [MESSAGE][INFO] - Action delay is set to 0 milliseconds

2024-11-12 16:46:34 - [MESSAGE][PASSED] - Browser is opened with url: ''

2024-11-12 16:46:34 - [TEST_STEP][PASSED] - maximizeWindow(): Current window maximized

2024-11-12 16:46:34 - [MESSAGE][PASSED] - Current window maximized

2024-11-12 16:46:34 - [TEST_STEP][PASSED] - navigateToUrl(RADurl): Navigate to 'https://www.velocitypayment.com/client/rad/index.html' successfully

2024-11-12 16:46:39 - [MESSAGE][PASSED] - Navigate to 'https://www.velocitypayment.com/client/rad/index.html' successfully

2024-11-12 16:46:39 - [TEST_STEP][PASSED] - selectOptionByLabel(findTestObject(orPath_Landing + "/dd_TaxType"), "New Tax Return Amount Due", false): All options with label 'New Tax Return Amount Due' are selected in object 'Object Repository/RAD_Pages/Landing_Page/dd_TaxType' 

2024-11-12 16:46:40 - [MESSAGE][PASSED] - All options with label 'New Tax Return Amount Due' are selected in object 'Object Repository/RAD_Pages/Landing_Page/dd_TaxType' 

2024-11-12 16:46:40 - [TEST_STEP][PASSED] - selectOptionByLabel(findTestObject("Object Repository/RAD_Pages/Landing_Page/select_NewTaxReturnAmountDue_TaxType"), TaxType, false): All options with label 'Withholding Tax' are selected in object 'Object Repository/RAD_Pages/Landing_Page/select_NewTaxReturnAmountDue_TaxType' 

2024-11-12 16:46:41 - [MESSAGE][PASSED] - All options with label 'Withholding Tax' are selected in object 'Object Repository/RAD_Pages/Landing_Page/select_NewTaxReturnAmountDue_TaxType' 

2024-11-12 16:46:41 - [TEST_STEP][PASSED] - selectOptionByLabel(findTestObject(orPath_TaxTypeFilingYear + "/select_FilingYear"), FilingYear, false): All options with label '2022' are selected in object 'Object Repository/RAD_Pages/TaxTypeFilingYear_Page/select_FilingYear' 

2024-11-12 16:46:42 - [MESSAGE][PASSED] - All options with label '2022' are selected in object 'Object Repository/RAD_Pages/TaxTypeFilingYear_Page/select_FilingYear' 

2024-11-12 16:46:42 - [TEST_STEP][PASSED] - if (month.trim()): All options with label 'May' are selected in object 'Object Repository/RAD_Pages/TaxTypeFilingYear_Page/select_PeriodEnding' 

2024-11-12 16:46:42 - [TEST_STEP][PASSED] - selectOptionByLabel(findTestObject(orPath_TaxTypeFilingYear + "/select_PeriodEnding"), month, false): All options with label 'May' are selected in object 'Object Repository/RAD_Pages/TaxTypeFilingYear_Page/select_PeriodEnding' 

2024-11-12 16:46:42 - [MESSAGE][PASSED] - All options with label 'May' are selected in object 'Object Repository/RAD_Pages/TaxTypeFilingYear_Page/select_PeriodEnding' 

2024-11-12 16:46:42 - [TEST_STEP][PASSED] - rad.getSetDataRAD.setDataRADBusinessName(): rad.getSetDataRAD.setDataRADBusinessName is PASSED

2024-11-12 16:46:43 - [MESSAGE][PASSED] - Text 'My Company' is set on object 'Object Repository/RAD_Pages/Taxpayer_Page/input_businessName'

2024-11-12 16:46:43 - [MESSAGE][PASSED] - rad.getSetDataRAD.setDataRADBusinessName is PASSED

2024-11-12 16:46:43 - [TEST_STEP][PASSED] - rad.getSetDataRAD.setDataRADBusinessRep(): rad.getSetDataRAD.setDataRADBusinessRep is PASSED

2024-11-12 16:46:44 - [MESSAGE][PASSED] - Text 'BusRepFname' is set on object 'Object Repository/RAD_Pages/Taxpayer_Page/input_BusinessRepfirstName'

2024-11-12 16:46:45 - [MESSAGE][PASSED] - Text '' is set on object 'Object Repository/RAD_Pages/Taxpayer_Page/input_BusinessRepmiddleName'

2024-11-12 16:46:46 - [MESSAGE][PASSED] - Text 'BusRepLname' is set on object 'Object Repository/RAD_Pages/Taxpayer_Page/input_BusinessReplastName'

2024-11-12 16:46:46 - [MESSAGE][PASSED] - Text '' is set on object 'Object Repository/RAD_Pages/Taxpayer_Page/input_BusinessRepsuffix'

2024-11-12 16:46:46 - [MESSAGE][PASSED] - rad.getSetDataRAD.setDataRADBusinessRep is PASSED

2024-11-12 16:46:46 - [TEST_STEP][PASSED] - rad.getSetDataRAD.setDataRADAddress(): rad.getSetDataRAD.setDataRADAddress is PASSED

2024-11-12 16:46:47 - [MESSAGE][PASSED] - All options with label 'United States' are selected in object 'Object Repository/RAD_Pages/AddressAndContactInfo_Page/select_Country' 

2024-11-12 16:46:48 - [MESSAGE][PASSED] - Text '2508 Mandan Terrace' is set on object 'Object Repository/RAD_Pages/AddressAndContactInfo_Page/input_streetAddress1'

2024-11-12 16:46:49 - [MESSAGE][PASSED] - Text '' is set on object 'Object Repository/RAD_Pages/AddressAndContactInfo_Page/input_streetAddress2'

2024-11-12 16:46:49 - [MESSAGE][PASSED] - Text 'Gambrills' is set on object 'Object Repository/RAD_Pages/AddressAndContactInfo_Page/input_city'

2024-11-12 16:46:50 - [MESSAGE][PASSED] - All options with label 'Maryland' are selected in object 'Object Repository/RAD_Pages/AddressAndContactInfo_Page/select_State' 

2024-11-12 16:46:51 - [MESSAGE][PASSED] - Text '21054' is set on object 'Object Repository/RAD_Pages/AddressAndContactInfo_Page/input_zipCode'

2024-11-12 16:46:52 - [MESSAGE][PASSED] - Text '(703) 894-5000' is set on object 'Object Repository/RAD_Pages/AddressAndContactInfo_Page/input_phoneNumber'

2024-11-12 16:46:52 - [MESSAGE][PASSED] - Text 'iahmed@govolution.com' is set on object 'Object Repository/RAD_Pages/AddressAndContactInfo_Page/input_eMailAddress'

2024-11-12 16:46:53 - [MESSAGE][PASSED] - Text 'iahmed@govolution.com' is set on object 'Object Repository/RAD_Pages/AddressAndContactInfo_Page/input_reEnterEMailAddress'

2024-11-12 16:46:53 - [MESSAGE][PASSED] - rad.getSetDataRAD.setDataRADAddress is PASSED

2024-11-12 16:46:53 - [TEST_STEP][PASSED] - if (feinSSN.equalsIgnoreCase("Y")): null

2024-11-12 16:46:53 - [TEST_STEP][PASSED] - else: Text ****** has been set on object 'Object Repository/RAD_Pages/TaxInfo_Page/input_FederalEIN_ReEnter'

2024-11-12 16:46:53 - [TEST_STEP][PASSED] - if (!(TaxType.equalsIgnoreCase("Estate Tax"))): Text ****** has been set on object 'Object Repository/RAD_Pages/TaxInfo_Page/input_FederalEIN_ReEnter'

2024-11-12 16:46:53 - [TEST_STEP][PASSED] - setEncryptedText(findTestObject(orPath_TaxInfo + "/input_FederalEIN"), "yXB7JMCbD3QoFF75EQd3iw=="): Text ****** has been set on object 'Object Repository/RAD_Pages/TaxInfo_Page/input_FederalEIN'

2024-11-12 16:46:54 - [MESSAGE][PASSED] - Text ****** has been set on object 'Object Repository/RAD_Pages/TaxInfo_Page/input_FederalEIN'

2024-11-12 16:46:54 - [TEST_STEP][PASSED] - setEncryptedText(findTestObject(orPath_TaxInfo + "/input_FederalEIN_ReEnter"), "yXB7JMCbD3QoFF75EQd3iw=="): Text ****** has been set on object 'Object Repository/RAD_Pages/TaxInfo_Page/input_FederalEIN_ReEnter'

2024-11-12 16:46:54 - [MESSAGE][PASSED] - Text ****** has been set on object 'Object Repository/RAD_Pages/TaxInfo_Page/input_FederalEIN_ReEnter'

2024-11-12 16:46:54 - [TEST_STEP][PASSED] - if (CRN.equalsIgnoreCase("Y")): rad.getSetDataRAD.setDataRADMDCRN is PASSED

2024-11-12 16:46:54 - [TEST_STEP][PASSED] - rad.getSetDataRAD.setDataRADMDCRN(): rad.getSetDataRAD.setDataRADMDCRN is PASSED

2024-11-12 16:46:55 - [MESSAGE][PASSED] - Text '07640126' is set on object 'Object Repository/RAD_Pages/TaxInfo_Page/input_MDCRegistration'

2024-11-12 16:46:55 - [MESSAGE][PASSED] - rad.getSetDataRAD.setDataRADMDCRN is PASSED

2024-11-12 16:46:55 - [TEST_STEP][PASSED] - if (MFLicNum.equalsIgnoreCase("Y")): null

2024-11-12 16:46:55 - [TEST_STEP][PASSED] - if (TaxType.equalsIgnoreCase("Estate Tax")): null

2024-11-12 16:46:55 - [TEST_STEP][PASSED] - setText(findTestObject(orPath_Amount + "/input__paymentAmount"), "100.00"): Text '100.00' is set on object 'Object Repository/RAD_Pages/PaymentAmount_Page/input__paymentAmount'

2024-11-12 16:46:56 - [MESSAGE][PASSED] - Text '100.00' is set on object 'Object Repository/RAD_Pages/PaymentAmount_Page/input__paymentAmount'

2024-11-12 16:46:56 - [TEST_STEP][PASSED] - setText(findTestObject(orPath_AddressContact + "/input_streetAddress2"), ""): Text '' is set on object 'Object Repository/RAD_Pages/AddressAndContactInfo_Page/input_streetAddress2'

2024-11-12 16:46:56 - [MESSAGE][PASSED] - Text '' is set on object 'Object Repository/RAD_Pages/AddressAndContactInfo_Page/input_streetAddress2'

2024-11-12 16:46:56 - [TEST_STEP][PASSED] - scrollToElement(findTestObject(orPath_Landing + "/button_Continue"), 3): Scroll to object 'Object Repository/RAD_Pages/Landing_Page/button_Continue' successfully

2024-11-12 16:46:57 - [MESSAGE][PASSED] - Scroll to object 'Object Repository/RAD_Pages/Landing_Page/button_Continue' successfully

2024-11-12 16:46:57 - [TEST_STEP][PASSED] - waitForElementClickable(findTestObject(orPath_Landing + "/button_Continue"), 5): Object 'Object Repository/RAD_Pages/Landing_Page/button_Continue' is clickable

2024-11-12 16:46:57 - [MESSAGE][PASSED] - Object 'Object Repository/RAD_Pages/Landing_Page/button_Continue' is clickable

2024-11-12 16:46:57 - [TEST_STEP][PASSED] - click(findTestObject(orPath_Landing + "/button_Continue")): Object: 'Object Repository/RAD_Pages/Landing_Page/button_Continue' is clicked on

2024-11-12 16:46:58 - [MESSAGE][PASSED] - Object: 'Object Repository/RAD_Pages/Landing_Page/button_Continue' is clicked on

2024-11-12 16:46:58 - [TEST_STEP][PASSED] - delay(2): Delayed 2 second(s)

2024-11-12 16:47:00 - [MESSAGE][PASSED] - Delayed 2 second(s)

2024-11-12 16:47:00 - [TEST_STEP][PASSED] - verifyTextPresent("Summary", true): Text 'Summary' is present on page  using regular expression

2024-11-12 16:47:00 - [MESSAGE][PASSED] - Text 'Summary' is present on page  using regular expression

2024-11-12 16:47:00 - [TEST_STEP][PASSED] - verifyTextPresent("Review the information below and make any necessary corrections by clicking the", true): Text 'Review the information below and make any necessary corrections by clicking the' is present on page  using regular expression

2024-11-12 16:47:00 - [MESSAGE][PASSED] - Text 'Review the information below and make any necessary corrections by clicking the' is present on page  using regular expression

2024-11-12 16:47:00 - [TEST_STEP][PASSED] - verifyTextPresent("When you are confident that all the information is correct, click the", true): Text 'When you are confident that all the information is correct, click the' is present on page  using regular expression

2024-11-12 16:47:01 - [MESSAGE][PASSED] - Text 'When you are confident that all the information is correct, click the' is present on page  using regular expression

2024-11-12 16:47:01 - [TEST_STEP][PASSED] - verifyTextPresent("Payment Type/Filing Year", true): Text 'Payment Type/Filing Year' is present on page  using regular expression

2024-11-12 16:47:01 - [MESSAGE][PASSED] - Text 'Payment Type/Filing Year' is present on page  using regular expression

2024-11-12 16:47:01 - [TEST_STEP][PASSED] - verifyTextPresent("Payment Type:", true): Text 'Payment Type:' is present on page  using regular expression

2024-11-12 16:47:01 - [MESSAGE][PASSED] - Text 'Payment Type:' is present on page  using regular expression

2024-11-12 16:47:01 - [TEST_STEP][PASSED] - verifyTextPresent("New Tax Return Amount Due", true): Text 'New Tax Return Amount Due' is present on page  using regular expression

2024-11-12 16:47:02 - [MESSAGE][PASSED] - Text 'New Tax Return Amount Due' is present on page  using regular expression

2024-11-12 16:47:02 - [TEST_STEP][PASSED] - verifyTextPresent("Filing Year:", true): Text 'Filing Year:' is present on page  using regular expression

2024-11-12 16:47:02 - [MESSAGE][PASSED] - Text 'Filing Year:' is present on page  using regular expression

2024-11-12 16:47:02 - [TEST_STEP][PASSED] - verifyTextPresent(FilingYear, true): Text '2022' is present on page  using regular expression

2024-11-12 16:47:02 - [MESSAGE][PASSED] - Text '2022' is present on page  using regular expression

2024-11-12 16:47:02 - [TEST_STEP][PASSED] - verifyTextPresent("Payer Information", true): Text 'Payer Information' is present on page  using regular expression

2024-11-12 16:47:03 - [MESSAGE][PASSED] - Text 'Payer Information' is present on page  using regular expression

2024-11-12 16:47:03 - [TEST_STEP][PASSED] - verifyTextPresent("Taxpayer Name:", true): Text 'Taxpayer Name:' is present on page  using regular expression

2024-11-12 16:47:03 - [MESSAGE][PASSED] - Text 'Taxpayer Name:' is present on page  using regular expression

2024-11-12 16:47:03 - [TEST_STEP][PASSED] - verifyTextPresent("My Company", true): Text 'My Company' is present on page  using regular expression

2024-11-12 16:47:03 - [MESSAGE][PASSED] - Text 'My Company' is present on page  using regular expression

2024-11-12 16:47:03 - [TEST_STEP][PASSED] - verifyTextPresent("Business Rep Name:", true): Text 'Business Rep Name:' is present on page  using regular expression

2024-11-12 16:47:04 - [MESSAGE][PASSED] - Text 'Business Rep Name:' is present on page  using regular expression

2024-11-12 16:47:04 - [TEST_STEP][PASSED] - verifyTextPresent("BusRepFname BusRepLname", true): Text 'BusRepFname BusRepLname' is present on page  using regular expression

2024-11-12 16:47:04 - [MESSAGE][PASSED] - Text 'BusRepFname BusRepLname' is present on page  using regular expression

2024-11-12 16:47:04 - [TEST_STEP][PASSED] - verifyTextPresent("Taxpayer Address:", true): Text 'Taxpayer Address:' is present on page  using regular expression

2024-11-12 16:47:04 - [MESSAGE][PASSED] - Text 'Taxpayer Address:' is present on page  using regular expression

2024-11-12 16:47:04 - [TEST_STEP][PASSED] - verifyTextPresent("2508 Mandan Terrace Gambrills Maryland 21054", true): Text '2508 Mandan Terrace Gambrills Maryland 21054' is present on page  using regular expression

2024-11-12 16:47:05 - [MESSAGE][PASSED] - Text '2508 Mandan Terrace Gambrills Maryland 21054' is present on page  using regular expression

2024-11-12 16:47:05 - [TEST_STEP][PASSED] - verifyTextPresent("Email:", true): Text 'Email:' is present on page  using regular expression

2024-11-12 16:47:05 - [MESSAGE][PASSED] - Text 'Email:' is present on page  using regular expression

2024-11-12 16:47:05 - [TEST_STEP][PASSED] - verifyTextPresent("iahmed@govolution.com", true): Text 'iahmed@govolution.com' is present on page  using regular expression

2024-11-12 16:47:05 - [MESSAGE][PASSED] - Text 'iahmed@govolution.com' is present on page  using regular expression

2024-11-12 16:47:05 - [TEST_STEP][PASSED] - verifyTextPresent("Phone:", true): Text 'Phone:' is present on page  using regular expression

2024-11-12 16:47:06 - [MESSAGE][PASSED] - Text 'Phone:' is present on page  using regular expression

2024-11-12 16:47:06 - [TEST_STEP][PASSED] - verifyTextPresent("(703) 894-5000", false): Text '(703) 894-5000' is present on page 

2024-11-12 16:47:06 - [MESSAGE][PASSED] - Text '(703) 894-5000' is present on page 

2024-11-12 16:47:06 - [TEST_STEP][PASSED] - verifyTextPresent("Tax Information", true): Text 'Tax Information' is present on page  using regular expression

2024-11-12 16:47:06 - [MESSAGE][PASSED] - Text 'Tax Information' is present on page  using regular expression

2024-11-12 16:47:06 - [TEST_STEP][PASSED] - verifyTextNotPresent("Notice Number", true): Text 'Notice Number' is not present on page using regular expression

2024-11-12 16:47:07 - [MESSAGE][PASSED] - Text 'Notice Number' is not present on page using regular expression

2024-11-12 16:47:07 - [TEST_STEP][PASSED] - if (month.trim()): Text 'May' is present on page  using regular expression

2024-11-12 16:47:07 - [TEST_STEP][PASSED] - verifyTextPresent("Period Ending", true): Text 'Period Ending' is present on page  using regular expression

2024-11-12 16:47:07 - [MESSAGE][PASSED] - Text 'Period Ending' is present on page  using regular expression

2024-11-12 16:47:07 - [TEST_STEP][PASSED] - verifyTextPresent(month, true): Text 'May' is present on page  using regular expression

2024-11-12 16:47:07 - [MESSAGE][PASSED] - Text 'May' is present on page  using regular expression

2024-11-12 16:47:07 - [TEST_STEP][PASSED] - if (feinSSN.equalsIgnoreCase("Y")): null

2024-11-12 16:47:07 - [TEST_STEP][PASSED] - else: Text 'XXXXXXX87' is present on page  using regular expression

2024-11-12 16:47:07 - [TEST_STEP][PASSED] - if (!(TaxType.equalsIgnoreCase("Estate Tax"))): Text 'XXXXXXX87' is present on page  using regular expression

2024-11-12 16:47:07 - [TEST_STEP][PASSED] - verifyTextPresent("Federal EIN:", true): Text 'Federal EIN:' is present on page  using regular expression

2024-11-12 16:47:08 - [MESSAGE][PASSED] - Text 'Federal EIN:' is present on page  using regular expression

2024-11-12 16:47:08 - [TEST_STEP][PASSED] - verifyTextNotPresent("FEIN/SSN:", true): Text 'FEIN/SSN:' is not present on page using regular expression

2024-11-12 16:47:08 - [MESSAGE][PASSED] - Text 'FEIN/SSN:' is not present on page using regular expression

2024-11-12 16:47:08 - [TEST_STEP][PASSED] - verifyTextPresent("XXXXXXX87", true): Text 'XXXXXXX87' is present on page  using regular expression

2024-11-12 16:47:08 - [MESSAGE][PASSED] - Text 'XXXXXXX87' is present on page  using regular expression

2024-11-12 16:47:08 - [TEST_STEP][PASSED] - if (TaxType.equalsIgnoreCase("Estate Tax")): null

2024-11-12 16:47:08 - [TEST_STEP][PASSED] - if (CRN.equalsIgnoreCase("Y")): Text '07640126' is present on page  using regular expression

2024-11-12 16:47:08 - [TEST_STEP][PASSED] - verifyTextPresent("MD Central Registration Number#:", true): Text 'MD Central Registration Number#:' is present on page  using regular expression

2024-11-12 16:47:09 - [MESSAGE][PASSED] - Text 'MD Central Registration Number#:' is present on page  using regular expression

2024-11-12 16:47:09 - [TEST_STEP][PASSED] - verifyTextPresent("07640126", true): Text '07640126' is present on page  using regular expression

2024-11-12 16:47:09 - [MESSAGE][PASSED] - Text '07640126' is present on page  using regular expression

2024-11-12 16:47:09 - [TEST_STEP][PASSED] - if (MFLicNum.equalsIgnoreCase("Y")): null

2024-11-12 16:47:09 - [TEST_STEP][PASSED] - else: Text 'Motor Fuel License Number#:' is not present on page using regular expression

2024-11-12 16:47:09 - [TEST_STEP][PASSED] - verifyTextNotPresent("Motor Fuel License Number#:", true): Text 'Motor Fuel License Number#:' is not present on page using regular expression

2024-11-12 16:47:09 - [MESSAGE][PASSED] - Text 'Motor Fuel License Number#:' is not present on page using regular expression

2024-11-12 16:47:09 - [TEST_STEP][PASSED] - verifyTextPresent("Payment Amount:", true): Text 'Payment Amount:' is present on page  using regular expression

2024-11-12 16:47:10 - [MESSAGE][PASSED] - Text 'Payment Amount:' is present on page  using regular expression

2024-11-12 16:47:10 - [TEST_STEP][PASSED] - verifyTextPresent("100.00", true): Text '100.00' is present on page  using regular expression

2024-11-12 16:47:10 - [MESSAGE][PASSED] - Text '100.00' is present on page  using regular expression

2024-11-12 16:47:10 - [TEST_STEP][PASSED] - if (verifyElementVisible(findTestObject(orPath_Summary + "/button_Proceed to Payment"))): null

2024-11-12 16:47:10 - [MESSAGE][PASSED] - Object 'Object Repository/RAD_Pages/Summary_Page/button_Proceed to Payment' is visible

2024-11-12 16:47:10 - [TEST_STEP][PASSED] - resText = "Pass": null

2024-11-12 16:47:10 - [TEST_STEP][PASSED] - pages.WriteExcel.demoKey(resText, datText, resColumn, datCloumn, fileLoc, nameSheet, row): pages.WriteExcel.demoKey is PASSED

2024-11-12 16:47:10 - [MESSAGE][PASSED] - pages.WriteExcel.demoKey is PASSED

2024-11-12 16:47:10 - [TEST_STEP][PASSED] - click(findTestObject(orPath_Summary + "/button_Proceed to Payment")): Object: 'Object Repository/RAD_Pages/Summary_Page/button_Proceed to Payment' is clicked on

2024-11-12 16:47:13 - [MESSAGE][PASSED] - Object: 'Object Repository/RAD_Pages/Summary_Page/button_Proceed to Payment' is clicked on

2024-11-12 16:47:13 - [TEST_STEP][PASSED] - verifyElementPresent(findTestObject("Object Repository/RAD_Pages/PaymentEntry_Page/input__billingName"), 30): Object 'Object Repository/RAD_Pages/PaymentEntry_Page/input__billingName' is present

2024-11-12 16:47:13 - [MESSAGE][PASSED] - Object 'Object Repository/RAD_Pages/PaymentEntry_Page/input__billingName' is present]]></system-out>
         <system-err><![CDATA[]]></system-err>
      </testcase>
      <testcase name="Test Cases/RAD_TestCases/Summary_TestCases/Personal_EL_Summary_TC" time="35.105" classname="Test Cases/RAD_TestCases/Summary_TestCases/Personal_EL_Summary_TC" status="PASSED">
         <system-out><![CDATA[2024-11-12 16:47:13 - [TEST_CASE][PASSED] - Test Cases/RAD_TestCases/Summary_TestCases/Personal_EL_Summary_TC: Test Cases/RAD_TestCases/Summary_TestCases/Personal_EL_Summary_TC

2024-11-12 16:47:14 - [TEST_STEP][PASSED] - resText = "Fail": null

2024-11-12 16:47:14 - [TEST_STEP][PASSED] - resColumn = "Result": null

2024-11-12 16:47:14 - [TEST_STEP][PASSED] - datCloumn = "Date": null

2024-11-12 16:47:14 - [TEST_STEP][PASSED] - fileLoc = "KatalonData/RADTestData/Summary.xlsx": null

2024-11-12 16:47:14 - [TEST_STEP][PASSED] - nameSheet = "Personal_EL": null

2024-11-12 16:47:14 - [TEST_STEP][PASSED] - dataFile = "RADTestData/Summary_Personal_EL": null

2024-11-12 16:47:14 - [TEST_STEP][PASSED] - orPath_Landing = "Object Repository/RAD_Pages/Landing_Page": null

2024-11-12 16:47:14 - [TEST_STEP][PASSED] - orPath_TaxTypeFilingYear = "Object Repository/RAD_Pages/TaxTypeFilingYear_Page": null

2024-11-12 16:47:14 - [TEST_STEP][PASSED] - orPath_Amount = "Object Repository/RAD_Pages/PaymentAmount_Page": null

2024-11-12 16:47:14 - [TEST_STEP][PASSED] - orPath_AddressContact = "Object Repository/RAD_Pages/AddressAndContactInfo_Page": null

2024-11-12 16:47:14 - [TEST_STEP][PASSED] - orPath_Summary = "Object Repository/RAD_Pages/Summary_Page": null

2024-11-12 16:47:14 - [TEST_STEP][PASSED] - orPath_PaymentConfirmation = "Object Repository/RAD_Pages/PaymentConfirmation_Page": null

2024-11-12 16:47:14 - [TEST_STEP][PASSED] - orPath_ServiceFeesAccept = "Object Repository/RAD_Pages/ServiceFeeAccept_Page": null

2024-11-12 16:47:14 - [TEST_STEP][PASSED] - orPath_PaymentEntry = "Object Repository/RAD_Pages/PaymentEntry_Page": null

2024-11-12 16:47:14 - [TEST_STEP][PASSED] - ExecuteTC = <not implemented yet for class: org.codehaus.groovy.ast.expr.EmptyExpression>: null

2024-11-12 16:47:14 - [TEST_STEP][PASSED] - TaxType = <not implemented yet for class: org.codehaus.groovy.ast.expr.EmptyExpression>: null

2024-11-12 16:47:14 - [TEST_STEP][PASSED] - PaymentType = <not implemented yet for class: org.codehaus.groovy.ast.expr.EmptyExpression>: null

2024-11-12 16:47:14 - [TEST_STEP][PASSED] - FilingYear = <not implemented yet for class: org.codehaus.groovy.ast.expr.EmptyExpression>: null

2024-11-12 16:47:14 - [TEST_STEP][PASSED] - PeriodEndingMonth = <not implemented yet for class: org.codehaus.groovy.ast.expr.EmptyExpression>: null

2024-11-12 16:47:14 - [TEST_STEP][PASSED] - executionProfile = getExecutionProfile(): null

2024-11-12 16:47:14 - [TEST_STEP][PASSED] - numOfRows = findTestData(dataFile).getRowNumbers(): null

2024-11-12 16:47:14 - [TEST_STEP][PASSED] - println("Number of Records: " + numOfRows): null

2024-11-12 16:47:14 - [TEST_STEP][PASSED] - for ([row = 1, row <= numOfRows, (row++)]): null

2024-11-12 16:47:14 - [TEST_STEP][PASSED] - ExecuteTC = findTestData(dataFile).getValue("Execute", row): null

2024-11-12 16:47:14 - [TEST_STEP][PASSED] - TaxType = findTestData(dataFile).getValue("TaxType", row): null

2024-11-12 16:47:14 - [TEST_STEP][PASSED] - PaymentType = findTestData(dataFile).getValue("PaymentType", row): null

2024-11-12 16:47:14 - [TEST_STEP][PASSED] - if (ExecuteTC.equalsIgnoreCase("Y")): Object 'Object Repository/RAD_Pages/PaymentEntry_Page/input__billingName' is present

2024-11-12 16:47:14 - [TEST_STEP][PASSED] - out.println("Begin Record Number: " + row): null

2024-11-12 16:47:14 - [TEST_STEP][PASSED] - today = new java.util.Date(): null

2024-11-12 16:47:14 - [TEST_STEP][PASSED] - println(today): null

2024-11-12 16:47:14 - [TEST_STEP][PASSED] - datText = today: null

2024-11-12 16:47:14 - [TEST_STEP][PASSED] - logInfo("Payment Type: " + PaymentType): Payment Type: Existing Liability with Notice/Invoice Number

2024-11-12 16:47:14 - [MESSAGE][INFO] - Payment Type: Existing Liability with Notice/Invoice Number

2024-11-12 16:47:14 - [TEST_STEP][PASSED] - logInfo("Tax Type: " + TaxType): Tax Type: Personal Income Tax

2024-11-12 16:47:14 - [MESSAGE][INFO] - Tax Type: Personal Income Tax

2024-11-12 16:47:14 - [TEST_STEP][PASSED] - openBrowser(""): Browser is opened with url: ''

2024-11-12 16:47:14 - [MESSAGE][WARNING] - A browser is already opened. Closing browser and opening a new one

2024-11-12 16:47:15 - [MESSAGE][INFO] - Starting 'Chrome' driver

2024-11-12 16:47:15 - [MESSAGE][INFO] - User set preference: ['acceptInsecureCerts', 'true']

2024-11-12 16:47:15 - [MESSAGE][INFO] - Action delay is set to 0 milliseconds

2024-11-12 16:47:17 - [MESSAGE][PASSED] - Browser is opened with url: ''

2024-11-12 16:47:17 - [TEST_STEP][PASSED] - maximizeWindow(): Current window maximized

2024-11-12 16:47:17 - [MESSAGE][PASSED] - Current window maximized

2024-11-12 16:47:17 - [TEST_STEP][PASSED] - navigateToUrl(RADurl): Navigate to 'https://www.velocitypayment.com/client/rad/index.html' successfully

2024-11-12 16:47:17 - [MESSAGE][PASSED] - Navigate to 'https://www.velocitypayment.com/client/rad/index.html' successfully

2024-11-12 16:47:17 - [TEST_STEP][PASSED] - selectOptionByLabel(findTestObject(orPath_Landing + "/dd_TaxType"), PaymentType, false): All options with label 'Existing Liability with Notice/Invoice Number' are selected in object 'Object Repository/RAD_Pages/Landing_Page/dd_TaxType' 

2024-11-12 16:47:19 - [MESSAGE][PASSED] - All options with label 'Existing Liability with Notice/Invoice Number' are selected in object 'Object Repository/RAD_Pages/Landing_Page/dd_TaxType' 

2024-11-12 16:47:19 - [TEST_STEP][PASSED] - selectOptionByLabel(findTestObject(orPath_TaxTypeFilingYear + "/select_TaxType_ExistingLiability"), TaxType, false): All options with label 'Personal Income Tax' are selected in object 'Object Repository/RAD_Pages/TaxTypeFilingYear_Page/select_TaxType_ExistingLiability' 

2024-11-12 16:47:20 - [MESSAGE][PASSED] - All options with label 'Personal Income Tax' are selected in object 'Object Repository/RAD_Pages/TaxTypeFilingYear_Page/select_TaxType_ExistingLiability' 

2024-11-12 16:47:20 - [TEST_STEP][PASSED] - rad.getSetDataRAD.setDataRADNameOnly(): rad.getSetDataRAD.setDataRADNameOnly is PASSED

2024-11-12 16:47:21 - [MESSAGE][PASSED] - Text 'Jimmy' is set on object 'Object Repository/RAD_Pages/Taxpayer_Page/input_firstName'

2024-11-12 16:47:22 - [MESSAGE][PASSED] - Text 'Davi' is set on object 'Object Repository/RAD_Pages/Taxpayer_Page/input_lastName'

2024-11-12 16:47:22 - [MESSAGE][PASSED] - rad.getSetDataRAD.setDataRADNameOnly is PASSED

2024-11-12 16:47:22 - [TEST_STEP][PASSED] - rad.getSetDataRAD.setDataRADAddress(): rad.getSetDataRAD.setDataRADAddress is PASSED

2024-11-12 16:47:22 - [MESSAGE][PASSED] - All options with label 'United States' are selected in object 'Object Repository/RAD_Pages/AddressAndContactInfo_Page/select_Country' 

2024-11-12 16:47:23 - [MESSAGE][PASSED] - Text '2508 Mandan Terrace' is set on object 'Object Repository/RAD_Pages/AddressAndContactInfo_Page/input_streetAddress1'

2024-11-12 16:47:24 - [MESSAGE][PASSED] - Text '' is set on object 'Object Repository/RAD_Pages/AddressAndContactInfo_Page/input_streetAddress2'

2024-11-12 16:47:25 - [MESSAGE][PASSED] - Text 'Gambrills' is set on object 'Object Repository/RAD_Pages/AddressAndContactInfo_Page/input_city'

2024-11-12 16:47:25 - [MESSAGE][PASSED] - All options with label 'Maryland' are selected in object 'Object Repository/RAD_Pages/AddressAndContactInfo_Page/select_State' 

2024-11-12 16:47:26 - [MESSAGE][PASSED] - Text '21054' is set on object 'Object Repository/RAD_Pages/AddressAndContactInfo_Page/input_zipCode'

2024-11-12 16:47:27 - [MESSAGE][PASSED] - Text '(703) 894-5000' is set on object 'Object Repository/RAD_Pages/AddressAndContactInfo_Page/input_phoneNumber'

2024-11-12 16:47:28 - [MESSAGE][PASSED] - Text 'iahmed@govolution.com' is set on object 'Object Repository/RAD_Pages/AddressAndContactInfo_Page/input_eMailAddress'

2024-11-12 16:47:29 - [MESSAGE][PASSED] - Text 'iahmed@govolution.com' is set on object 'Object Repository/RAD_Pages/AddressAndContactInfo_Page/input_reEnterEMailAddress'

2024-11-12 16:47:29 - [MESSAGE][PASSED] - rad.getSetDataRAD.setDataRADAddress is PASSED

2024-11-12 16:47:29 - [TEST_STEP][PASSED] - if (TaxType.equalsIgnoreCase("Estate Tax")): null

2024-11-12 16:47:29 - [TEST_STEP][PASSED] - else: rad.getSetDataRAD.setDataRADELSSN is PASSED

2024-11-12 16:47:29 - [TEST_STEP][PASSED] - rad.getSetDataRAD.setDataRADELSSN(): rad.getSetDataRAD.setDataRADELSSN is PASSED

2024-11-12 16:47:30 - [MESSAGE][PASSED] - Text '123450001' is set on object 'Object Repository/RAD_Pages/TaxInfo_Page/input_TaxInfo_ExisitingSSN'

2024-11-12 16:47:31 - [MESSAGE][PASSED] - Text '123450001' is set on object 'Object Repository/RAD_Pages/TaxInfo_Page/input_TaxInfo_reTaxTypeExisitingSSN'

2024-11-12 16:47:31 - [MESSAGE][PASSED] - rad.getSetDataRAD.setDataRADELSSN is PASSED

2024-11-12 16:47:31 - [TEST_STEP][PASSED] - rad.getSetDataRAD.setDataRADNoticeInvoiceThirteen(): rad.getSetDataRAD.setDataRADNoticeInvoiceThirteen is PASSED

2024-11-12 16:47:31 - [MESSAGE][PASSED] - Text '1234567890123' is set on object 'Object Repository/RAD_Pages/TaxInfo_Page/input_NoticeInvoiceNumber'

2024-11-12 16:47:32 - [MESSAGE][PASSED] - Text '1234567890123' is set on object 'Object Repository/RAD_Pages/TaxInfo_Page/input_reTypeNoticeInvoiceNumber'

2024-11-12 16:47:32 - [MESSAGE][PASSED] - rad.getSetDataRAD.setDataRADNoticeInvoiceThirteen is PASSED

2024-11-12 16:47:32 - [TEST_STEP][PASSED] - setText(findTestObject(orPath_Amount + "/input__paymentAmount"), "100.00"): Text '100.00' is set on object 'Object Repository/RAD_Pages/PaymentAmount_Page/input__paymentAmount'

2024-11-12 16:47:33 - [MESSAGE][PASSED] - Text '100.00' is set on object 'Object Repository/RAD_Pages/PaymentAmount_Page/input__paymentAmount'

2024-11-12 16:47:33 - [TEST_STEP][PASSED] - setText(findTestObject(orPath_AddressContact + "/input_streetAddress2"), ""): Text '' is set on object 'Object Repository/RAD_Pages/AddressAndContactInfo_Page/input_streetAddress2'

2024-11-12 16:47:34 - [MESSAGE][PASSED] - Text '' is set on object 'Object Repository/RAD_Pages/AddressAndContactInfo_Page/input_streetAddress2'

2024-11-12 16:47:34 - [TEST_STEP][PASSED] - scrollToElement(findTestObject(orPath_Landing + "/button_Continue"), 3): Scroll to object 'Object Repository/RAD_Pages/Landing_Page/button_Continue' successfully

2024-11-12 16:47:34 - [MESSAGE][PASSED] - Scroll to object 'Object Repository/RAD_Pages/Landing_Page/button_Continue' successfully

2024-11-12 16:47:34 - [TEST_STEP][PASSED] - waitForElementClickable(findTestObject(orPath_Landing + "/button_Continue"), 5): Object 'Object Repository/RAD_Pages/Landing_Page/button_Continue' is clickable

2024-11-12 16:47:35 - [MESSAGE][PASSED] - Object 'Object Repository/RAD_Pages/Landing_Page/button_Continue' is clickable

2024-11-12 16:47:35 - [TEST_STEP][PASSED] - click(findTestObject(orPath_Landing + "/button_Continue")): Object: 'Object Repository/RAD_Pages/Landing_Page/button_Continue' is clicked on

2024-11-12 16:47:35 - [MESSAGE][PASSED] - Object: 'Object Repository/RAD_Pages/Landing_Page/button_Continue' is clicked on

2024-11-12 16:47:35 - [TEST_STEP][PASSED] - delay(2): Delayed 2 second(s)

2024-11-12 16:47:37 - [MESSAGE][PASSED] - Delayed 2 second(s)

2024-11-12 16:47:37 - [TEST_STEP][PASSED] - verifyTextPresent("Summary", true): Text 'Summary' is present on page  using regular expression

2024-11-12 16:47:37 - [MESSAGE][PASSED] - Text 'Summary' is present on page  using regular expression

2024-11-12 16:47:37 - [TEST_STEP][PASSED] - verifyTextPresent("Review the information below and make any necessary corrections by clicking the", true): Text 'Review the information below and make any necessary corrections by clicking the' is present on page  using regular expression

2024-11-12 16:47:38 - [MESSAGE][PASSED] - Text 'Review the information below and make any necessary corrections by clicking the' is present on page  using regular expression

2024-11-12 16:47:38 - [TEST_STEP][PASSED] - verifyTextPresent("When you are confident that all the information is correct, click the", true): Text 'When you are confident that all the information is correct, click the' is present on page  using regular expression

2024-11-12 16:47:38 - [MESSAGE][PASSED] - Text 'When you are confident that all the information is correct, click the' is present on page  using regular expression

2024-11-12 16:47:38 - [TEST_STEP][PASSED] - verifyTextPresent("Payment Type/Filing Year", true): Text 'Payment Type/Filing Year' is present on page  using regular expression

2024-11-12 16:47:38 - [MESSAGE][PASSED] - Text 'Payment Type/Filing Year' is present on page  using regular expression

2024-11-12 16:47:38 - [TEST_STEP][PASSED] - verifyTextPresent("Payment Type:", true): Text 'Payment Type:' is present on page  using regular expression

2024-11-12 16:47:39 - [MESSAGE][PASSED] - Text 'Payment Type:' is present on page  using regular expression

2024-11-12 16:47:39 - [TEST_STEP][PASSED] - verifyTextPresent(PaymentType, true): Text 'Existing Liability with Notice/Invoice Number' is present on page  using regular expression

2024-11-12 16:47:39 - [MESSAGE][PASSED] - Text 'Existing Liability with Notice/Invoice Number' is present on page  using regular expression

2024-11-12 16:47:39 - [TEST_STEP][PASSED] - verifyTextPresent("Payer Information", true): Text 'Payer Information' is present on page  using regular expression

2024-11-12 16:47:39 - [MESSAGE][PASSED] - Text 'Payer Information' is present on page  using regular expression

2024-11-12 16:47:39 - [TEST_STEP][PASSED] - verifyTextPresent("Taxpayer Name:", true): Text 'Taxpayer Name:' is present on page  using regular expression

2024-11-12 16:47:40 - [MESSAGE][PASSED] - Text 'Taxpayer Name:' is present on page  using regular expression

2024-11-12 16:47:40 - [TEST_STEP][PASSED] - switch (executionProfile): null

2024-11-12 16:47:40 - [TEST_STEP][PASSED] - verifyTextPresent("Taxpayer Address:", true): Text 'Taxpayer Address:' is present on page  using regular expression

2024-11-12 16:47:40 - [MESSAGE][PASSED] - Text 'Taxpayer Address:' is present on page  using regular expression

2024-11-12 16:47:40 - [TEST_STEP][PASSED] - verifyTextPresent("2508 Mandan Terrace Gambrills Maryland 21054", true): Text '2508 Mandan Terrace Gambrills Maryland 21054' is present on page  using regular expression

2024-11-12 16:47:40 - [MESSAGE][PASSED] - Text '2508 Mandan Terrace Gambrills Maryland 21054' is present on page  using regular expression

2024-11-12 16:47:40 - [TEST_STEP][PASSED] - verifyTextPresent("Email:", true): Text 'Email:' is present on page  using regular expression

2024-11-12 16:47:41 - [MESSAGE][PASSED] - Text 'Email:' is present on page  using regular expression

2024-11-12 16:47:41 - [TEST_STEP][PASSED] - verifyTextPresent("iahmed@govolution.com", true): Text 'iahmed@govolution.com' is present on page  using regular expression

2024-11-12 16:47:41 - [MESSAGE][PASSED] - Text 'iahmed@govolution.com' is present on page  using regular expression

2024-11-12 16:47:41 - [TEST_STEP][PASSED] - verifyTextPresent("Phone:", true): Text 'Phone:' is present on page  using regular expression

2024-11-12 16:47:41 - [MESSAGE][PASSED] - Text 'Phone:' is present on page  using regular expression

2024-11-12 16:47:41 - [TEST_STEP][PASSED] - verifyTextPresent("(703) 894-5000", false): Text '(703) 894-5000' is present on page 

2024-11-12 16:47:42 - [MESSAGE][PASSED] - Text '(703) 894-5000' is present on page 

2024-11-12 16:47:42 - [TEST_STEP][PASSED] - verifyTextPresent("Tax Information", true): Text 'Tax Information' is present on page  using regular expression

2024-11-12 16:47:42 - [MESSAGE][PASSED] - Text 'Tax Information' is present on page  using regular expression

2024-11-12 16:47:42 - [TEST_STEP][PASSED] - verifyTextPresent("Notice Or Invoice Number:", true): Text 'Notice Or Invoice Number:' is present on page  using regular expression

2024-11-12 16:47:42 - [MESSAGE][PASSED] - Text 'Notice Or Invoice Number:' is present on page  using regular expression

2024-11-12 16:47:42 - [TEST_STEP][PASSED] - verifyTextPresent("1234567890123", true): Text '1234567890123' is present on page  using regular expression

2024-11-12 16:47:43 - [MESSAGE][PASSED] - Text '1234567890123' is present on page  using regular expression

2024-11-12 16:47:43 - [TEST_STEP][PASSED] - verifyTextPresent("Tax Type:", true): Text 'Tax Type:' is present on page  using regular expression

2024-11-12 16:47:43 - [MESSAGE][PASSED] - Text 'Tax Type:' is present on page  using regular expression

2024-11-12 16:47:43 - [TEST_STEP][PASSED] - verifyTextPresent("Payment Amount:", true): Text 'Payment Amount:' is present on page  using regular expression

2024-11-12 16:47:43 - [MESSAGE][PASSED] - Text 'Payment Amount:' is present on page  using regular expression

2024-11-12 16:47:43 - [TEST_STEP][PASSED] - verifyTextPresent("100.00", true): Text '100.00' is present on page  using regular expression

2024-11-12 16:47:44 - [MESSAGE][PASSED] - Text '100.00' is present on page  using regular expression

2024-11-12 16:47:44 - [TEST_STEP][PASSED] - verifyTextNotPresent("Federal EIN:", true): Text 'Federal EIN:' is not present on page using regular expression

2024-11-12 16:47:44 - [MESSAGE][PASSED] - Text 'Federal EIN:' is not present on page using regular expression

2024-11-12 16:47:44 - [TEST_STEP][PASSED] - verifyTextNotPresent("FEIN/SSN:", true): Text 'FEIN/SSN:' is not present on page using regular expression

2024-11-12 16:47:44 - [MESSAGE][PASSED] - Text 'FEIN/SSN:' is not present on page using regular expression

2024-11-12 16:47:44 - [TEST_STEP][PASSED] - if (TaxType.equalsIgnoreCase("Estate Tax")): null

2024-11-12 16:47:44 - [TEST_STEP][PASSED] - else: Text 'Personal Income Tax' is present on page  using regular expression

2024-11-12 16:47:44 - [TEST_STEP][PASSED] - verifyTextPresent("Social Security Number:", true): Text 'Social Security Number:' is present on page  using regular expression

2024-11-12 16:47:45 - [MESSAGE][PASSED] - Text 'Social Security Number:' is present on page  using regular expression

2024-11-12 16:47:45 - [TEST_STEP][PASSED] - verifyTextPresent("Personal Income Tax", true): Text 'Personal Income Tax' is present on page  using regular expression

2024-11-12 16:47:45 - [MESSAGE][PASSED] - Text 'Personal Income Tax' is present on page  using regular expression

2024-11-12 16:47:45 - [TEST_STEP][PASSED] - if (verifyElementVisible(findTestObject(orPath_Summary + "/button_Proceed to Payment"))): null

2024-11-12 16:47:45 - [MESSAGE][PASSED] - Object 'Object Repository/RAD_Pages/Summary_Page/button_Proceed to Payment' is visible

2024-11-12 16:47:45 - [TEST_STEP][PASSED] - resText = "Pass": null

2024-11-12 16:47:45 - [TEST_STEP][PASSED] - pages.WriteExcel.demoKey(resText, datText, resColumn, datCloumn, fileLoc, nameSheet, row): pages.WriteExcel.demoKey is PASSED

2024-11-12 16:47:45 - [MESSAGE][PASSED] - pages.WriteExcel.demoKey is PASSED

2024-11-12 16:47:45 - [TEST_STEP][PASSED] - click(findTestObject(orPath_Summary + "/button_Proceed to Payment")): Object: 'Object Repository/RAD_Pages/Summary_Page/button_Proceed to Payment' is clicked on

2024-11-12 16:47:48 - [MESSAGE][PASSED] - Object: 'Object Repository/RAD_Pages/Summary_Page/button_Proceed to Payment' is clicked on

2024-11-12 16:47:48 - [TEST_STEP][PASSED] - verifyElementPresent(findTestObject("Object Repository/RAD_Pages/PaymentEntry_Page/input__billingName"), 30): Object 'Object Repository/RAD_Pages/PaymentEntry_Page/input__billingName' is present

2024-11-12 16:47:48 - [MESSAGE][PASSED] - Object 'Object Repository/RAD_Pages/PaymentEntry_Page/input__billingName' is present

2024-11-12 16:47:48 - [TEST_STEP][PASSED] - ExecuteTC = findTestData(dataFile).getValue("Execute", row): null

2024-11-12 16:47:48 - [TEST_STEP][PASSED] - TaxType = findTestData(dataFile).getValue("TaxType", row): null

2024-11-12 16:47:48 - [TEST_STEP][PASSED] - PaymentType = findTestData(dataFile).getValue("PaymentType", row): null

2024-11-12 16:47:48 - [TEST_STEP][PASSED] - if (ExecuteTC.equalsIgnoreCase("Y")): null]]></system-out>
         <system-err><![CDATA[]]></system-err>
      </testcase>
      <testcase name="Test Cases/RAD_TestCases/Summary_TestCases/Personal_Individual_Summary_TC" time="168.834" classname="Test Cases/RAD_TestCases/Summary_TestCases/Personal_Individual_Summary_TC" status="PASSED">
         <system-out><![CDATA[2024-11-12 16:47:48 - [TEST_CASE][PASSED] - Test Cases/RAD_TestCases/Summary_TestCases/Personal_Individual_Summary_TC: Test Cases/RAD_TestCases/Summary_TestCases/Personal_Individual_Summary_TC

2024-11-12 16:47:49 - [TEST_STEP][PASSED] - resText = "Fail": null

2024-11-12 16:47:49 - [TEST_STEP][PASSED] - resColumn = "Result": null

2024-11-12 16:47:49 - [TEST_STEP][PASSED] - datCloumn = "Date": null

2024-11-12 16:47:49 - [TEST_STEP][PASSED] - fileLoc = "KatalonData/RADTestData/Summary.xlsx": null

2024-11-12 16:47:49 - [TEST_STEP][PASSED] - nameSheet = "Personal_IND": null

2024-11-12 16:47:49 - [TEST_STEP][PASSED] - dataFile = "RADTestData/Summary_Personal_IND": null

2024-11-12 16:47:49 - [TEST_STEP][PASSED] - orPath_Landing = "Object Repository/RAD_Pages/Landing_Page": null

2024-11-12 16:47:49 - [TEST_STEP][PASSED] - orPath_TaxTypeFilingYear = "Object Repository/RAD_Pages/TaxTypeFilingYear_Page": null

2024-11-12 16:47:49 - [TEST_STEP][PASSED] - orPath_Amount = "Object Repository/RAD_Pages/PaymentAmount_Page": null

2024-11-12 16:47:49 - [TEST_STEP][PASSED] - orPath_AddressContact = "Object Repository/RAD_Pages/AddressAndContactInfo_Page": null

2024-11-12 16:47:49 - [TEST_STEP][PASSED] - orPath_Summary = "Object Repository/RAD_Pages/Summary_Page": null

2024-11-12 16:47:49 - [TEST_STEP][PASSED] - orPath_PaymentConfirmation = "Object Repository/RAD_Pages/PaymentConfirmation_Page": null

2024-11-12 16:47:49 - [TEST_STEP][PASSED] - orPath_ServiceFeesAccept = "Object Repository/RAD_Pages/ServiceFeeAccept_Page": null

2024-11-12 16:47:49 - [TEST_STEP][PASSED] - orPath_PaymentEntry = "Object Repository/RAD_Pages/PaymentEntry_Page": null

2024-11-12 16:47:49 - [TEST_STEP][PASSED] - ExecuteTC = <not implemented yet for class: org.codehaus.groovy.ast.expr.EmptyExpression>: null

2024-11-12 16:47:49 - [TEST_STEP][PASSED] - TaxType = <not implemented yet for class: org.codehaus.groovy.ast.expr.EmptyExpression>: null

2024-11-12 16:47:49 - [TEST_STEP][PASSED] - PaymentType = <not implemented yet for class: org.codehaus.groovy.ast.expr.EmptyExpression>: null

2024-11-12 16:47:49 - [TEST_STEP][PASSED] - FilingYear = <not implemented yet for class: org.codehaus.groovy.ast.expr.EmptyExpression>: null

2024-11-12 16:47:49 - [TEST_STEP][PASSED] - PeriodEndingMonth = <not implemented yet for class: org.codehaus.groovy.ast.expr.EmptyExpression>: null

2024-11-12 16:47:49 - [TEST_STEP][PASSED] - executionProfile = getExecutionProfile(): null

2024-11-12 16:47:49 - [TEST_STEP][PASSED] - numOfRows = findTestData(dataFile).getRowNumbers(): null

2024-11-12 16:47:49 - [TEST_STEP][PASSED] - println("Number of Records: " + numOfRows): null

2024-11-12 16:47:49 - [TEST_STEP][PASSED] - for ([row = 1, row <= numOfRows, (row++)]): null

2024-11-12 16:47:49 - [TEST_STEP][PASSED] - ExecuteTC = findTestData(dataFile).getValue("Execute", row): null

2024-11-12 16:47:49 - [TEST_STEP][PASSED] - TaxType = findTestData(dataFile).getValue("TaxType", row): null

2024-11-12 16:47:49 - [TEST_STEP][PASSED] - PaymentType = findTestData(dataFile).getValue("PaymentType", row): null

2024-11-12 16:47:49 - [TEST_STEP][PASSED] - FilingYear = findTestData(dataFile).getValue("Year", row): null

2024-11-12 16:47:49 - [TEST_STEP][PASSED] - if (ExecuteTC.equalsIgnoreCase("Y")): Object 'Object Repository/RAD_Pages/PaymentEntry_Page/input__billingName' is present

2024-11-12 16:47:49 - [TEST_STEP][PASSED] - out.println("Begin Record Number: " + row): null

2024-11-12 16:47:49 - [TEST_STEP][PASSED] - today = new java.util.Date(): null

2024-11-12 16:47:49 - [TEST_STEP][PASSED] - println(today): null

2024-11-12 16:47:49 - [TEST_STEP][PASSED] - datText = today: null

2024-11-12 16:47:49 - [TEST_STEP][PASSED] - logInfo("Payment Type: " + PaymentType): Payment Type: Quarterly Estimated Tax

2024-11-12 16:47:49 - [MESSAGE][INFO] - Payment Type: Quarterly Estimated Tax

2024-11-12 16:47:49 - [TEST_STEP][PASSED] - logInfo("Tax Type: " + TaxType): Tax Type: Personal Income Tax

2024-11-12 16:47:49 - [MESSAGE][INFO] - Tax Type: Personal Income Tax

2024-11-12 16:47:49 - [TEST_STEP][PASSED] - openBrowser(""): Browser is opened with url: ''

2024-11-12 16:47:49 - [MESSAGE][WARNING] - A browser is already opened. Closing browser and opening a new one

2024-11-12 16:47:51 - [MESSAGE][INFO] - Starting 'Chrome' driver

2024-11-12 16:47:51 - [MESSAGE][INFO] - User set preference: ['acceptInsecureCerts', 'true']

2024-11-12 16:47:51 - [MESSAGE][INFO] - Action delay is set to 0 milliseconds

2024-11-12 16:47:52 - [MESSAGE][PASSED] - Browser is opened with url: ''

2024-11-12 16:47:52 - [TEST_STEP][PASSED] - maximizeWindow(): Current window maximized

2024-11-12 16:47:52 - [MESSAGE][PASSED] - Current window maximized

2024-11-12 16:47:52 - [TEST_STEP][PASSED] - navigateToUrl(RADurl): Navigate to 'https://www.velocitypayment.com/client/rad/index.html' successfully

2024-11-12 16:47:54 - [MESSAGE][PASSED] - Navigate to 'https://www.velocitypayment.com/client/rad/index.html' successfully

2024-11-12 16:47:54 - [TEST_STEP][PASSED] - selectOptionByLabel(findTestObject(orPath_Landing + "/dd_TaxType"), PaymentType, false): All options with label 'Quarterly Estimated Tax' are selected in object 'Object Repository/RAD_Pages/Landing_Page/dd_TaxType' 

2024-11-12 16:47:54 - [MESSAGE][PASSED] - All options with label 'Quarterly Estimated Tax' are selected in object 'Object Repository/RAD_Pages/Landing_Page/dd_TaxType' 

2024-11-12 16:47:54 - [TEST_STEP][PASSED] - switch (PaymentType): null

2024-11-12 16:47:54 - [TEST_STEP][PASSED] - case "Quarterly Estimated Tax":: null

2024-11-12 16:47:54 - [TEST_STEP][PASSED] - selectOptionByLabel(findTestObject(orPath_TaxTypeFilingYear + "/select_PaymentType"), TaxType, false): All options with label 'Personal Income Tax' are selected in object 'Object Repository/RAD_Pages/TaxTypeFilingYear_Page/select_PaymentType' 

2024-11-12 16:47:55 - [MESSAGE][PASSED] - All options with label 'Personal Income Tax' are selected in object 'Object Repository/RAD_Pages/TaxTypeFilingYear_Page/select_PaymentType' 

2024-11-12 16:47:55 - [TEST_STEP][PASSED] - break: null

2024-11-12 16:47:55 - [TEST_STEP][PASSED] - if (!(FilingYear.isEmpty())): All options with label '2024' are selected in object 'Object Repository/RAD_Pages/TaxTypeFilingYear_Page/select_FilingYear' 

2024-11-12 16:47:55 - [TEST_STEP][PASSED] - selectOptionByLabel(findTestObject(orPath_TaxTypeFilingYear + "/select_FilingYear"), FilingYear, false): All options with label '2024' are selected in object 'Object Repository/RAD_Pages/TaxTypeFilingYear_Page/select_FilingYear' 

2024-11-12 16:47:56 - [MESSAGE][PASSED] - All options with label '2024' are selected in object 'Object Repository/RAD_Pages/TaxTypeFilingYear_Page/select_FilingYear' 

2024-11-12 16:47:56 - [TEST_STEP][PASSED] - if (TaxType.equalsIgnoreCase("Estate Tax")): null

2024-11-12 16:47:56 - [TEST_STEP][PASSED] - else: rad.getSetDataRAD.setDataRADssnAndName is PASSED

2024-11-12 16:47:56 - [TEST_STEP][PASSED] - rad.getSetDataRAD.setDataRADssnAndName(): rad.getSetDataRAD.setDataRADssnAndName is PASSED

2024-11-12 16:47:57 - [MESSAGE][PASSED] - Text 'Jimmy' is set on object 'Object Repository/RAD_Pages/Taxpayer_Page/input_firstName'

2024-11-12 16:47:57 - [MESSAGE][PASSED] - Text 'Davi' is set on object 'Object Repository/RAD_Pages/Taxpayer_Page/input_lastName'

2024-11-12 16:47:58 - [MESSAGE][PASSED] - Text '123450001' is set on object 'Object Repository/RAD_RecordAndPlay/input_concatSSN'

2024-11-12 16:47:59 - [MESSAGE][PASSED] - Text '123450001' is set on object 'Object Repository/RAD_RecordAndPlay/input_concatReSSN'

2024-11-12 16:47:59 - [MESSAGE][PASSED] - rad.getSetDataRAD.setDataRADssnAndName is PASSED

2024-11-12 16:47:59 - [TEST_STEP][PASSED] - rad.getSetDataRAD.setDataRADAddress(): rad.getSetDataRAD.setDataRADAddress is PASSED

2024-11-12 16:48:00 - [MESSAGE][PASSED] - All options with label 'United States' are selected in object 'Object Repository/RAD_Pages/AddressAndContactInfo_Page/select_Country' 

2024-11-12 16:48:01 - [MESSAGE][PASSED] - Text '2508 Mandan Terrace' is set on object 'Object Repository/RAD_Pages/AddressAndContactInfo_Page/input_streetAddress1'

2024-11-12 16:48:02 - [MESSAGE][PASSED] - Text '' is set on object 'Object Repository/RAD_Pages/AddressAndContactInfo_Page/input_streetAddress2'

2024-11-12 16:48:03 - [MESSAGE][PASSED] - Text 'Gambrills' is set on object 'Object Repository/RAD_Pages/AddressAndContactInfo_Page/input_city'

2024-11-12 16:48:03 - [MESSAGE][PASSED] - All options with label 'Maryland' are selected in object 'Object Repository/RAD_Pages/AddressAndContactInfo_Page/select_State' 

2024-11-12 16:48:04 - [MESSAGE][PASSED] - Text '21054' is set on object 'Object Repository/RAD_Pages/AddressAndContactInfo_Page/input_zipCode'

2024-11-12 16:48:05 - [MESSAGE][PASSED] - Text '(703) 894-5000' is set on object 'Object Repository/RAD_Pages/AddressAndContactInfo_Page/input_phoneNumber'

2024-11-12 16:48:06 - [MESSAGE][PASSED] - Text 'iahmed@govolution.com' is set on object 'Object Repository/RAD_Pages/AddressAndContactInfo_Page/input_eMailAddress'

2024-11-12 16:48:07 - [MESSAGE][PASSED] - Text 'iahmed@govolution.com' is set on object 'Object Repository/RAD_Pages/AddressAndContactInfo_Page/input_reEnterEMailAddress'

2024-11-12 16:48:07 - [MESSAGE][PASSED] - rad.getSetDataRAD.setDataRADAddress is PASSED

2024-11-12 16:48:07 - [TEST_STEP][PASSED] - setText(findTestObject(orPath_Amount + "/input__paymentAmount"), "100.00"): Text '100.00' is set on object 'Object Repository/RAD_Pages/PaymentAmount_Page/input__paymentAmount'

2024-11-12 16:48:07 - [MESSAGE][PASSED] - Text '100.00' is set on object 'Object Repository/RAD_Pages/PaymentAmount_Page/input__paymentAmount'

2024-11-12 16:48:07 - [TEST_STEP][PASSED] - setText(findTestObject(orPath_AddressContact + "/input_streetAddress2"), ""): Text '' is set on object 'Object Repository/RAD_Pages/AddressAndContactInfo_Page/input_streetAddress2'

2024-11-12 16:48:08 - [MESSAGE][PASSED] - Text '' is set on object 'Object Repository/RAD_Pages/AddressAndContactInfo_Page/input_streetAddress2'

2024-11-12 16:48:08 - [TEST_STEP][PASSED] - scrollToElement(findTestObject(orPath_Landing + "/button_Continue"), 3): Scroll to object 'Object Repository/RAD_Pages/Landing_Page/button_Continue' successfully

2024-11-12 16:48:08 - [MESSAGE][PASSED] - Scroll to object 'Object Repository/RAD_Pages/Landing_Page/button_Continue' successfully

2024-11-12 16:48:08 - [TEST_STEP][PASSED] - waitForElementClickable(findTestObject(orPath_Landing + "/button_Continue"), 5): Object 'Object Repository/RAD_Pages/Landing_Page/button_Continue' is clickable

2024-11-12 16:48:09 - [MESSAGE][PASSED] - Object 'Object Repository/RAD_Pages/Landing_Page/button_Continue' is clickable

2024-11-12 16:48:09 - [TEST_STEP][PASSED] - click(findTestObject(orPath_Landing + "/button_Continue")): Object: 'Object Repository/RAD_Pages/Landing_Page/button_Continue' is clicked on

2024-11-12 16:48:09 - [MESSAGE][PASSED] - Object: 'Object Repository/RAD_Pages/Landing_Page/button_Continue' is clicked on

2024-11-12 16:48:09 - [TEST_STEP][PASSED] - delay(2): Delayed 2 second(s)

2024-11-12 16:48:11 - [MESSAGE][PASSED] - Delayed 2 second(s)

2024-11-12 16:48:11 - [TEST_STEP][PASSED] - verifyTextPresent("Summary", true): Text 'Summary' is present on page  using regular expression

2024-11-12 16:48:12 - [MESSAGE][PASSED] - Text 'Summary' is present on page  using regular expression

2024-11-12 16:48:12 - [TEST_STEP][PASSED] - verifyTextPresent("Review the information below and make any necessary corrections by clicking the", true): Text 'Review the information below and make any necessary corrections by clicking the' is present on page  using regular expression

2024-11-12 16:48:12 - [MESSAGE][PASSED] - Text 'Review the information below and make any necessary corrections by clicking the' is present on page  using regular expression

2024-11-12 16:48:12 - [TEST_STEP][PASSED] - verifyTextPresent("When you are confident that all the information is correct, click the", true): Text 'When you are confident that all the information is correct, click the' is present on page  using regular expression

2024-11-12 16:48:12 - [MESSAGE][PASSED] - Text 'When you are confident that all the information is correct, click the' is present on page  using regular expression

2024-11-12 16:48:12 - [TEST_STEP][PASSED] - verifyTextPresent("Payment Type/Filing Year", true): Text 'Payment Type/Filing Year' is present on page  using regular expression

2024-11-12 16:48:13 - [MESSAGE][PASSED] - Text 'Payment Type/Filing Year' is present on page  using regular expression

2024-11-12 16:48:13 - [TEST_STEP][PASSED] - verifyTextPresent("Payment Type:", true): Text 'Payment Type:' is present on page  using regular expression

2024-11-12 16:48:13 - [MESSAGE][PASSED] - Text 'Payment Type:' is present on page  using regular expression

2024-11-12 16:48:13 - [TEST_STEP][PASSED] - verifyTextPresent(PaymentType, true): Text 'Quarterly Estimated Tax' is present on page  using regular expression

2024-11-12 16:48:13 - [MESSAGE][PASSED] - Text 'Quarterly Estimated Tax' is present on page  using regular expression

2024-11-12 16:48:13 - [TEST_STEP][PASSED] - verifyTextPresent("Filing Year:", true): Text 'Filing Year:' is present on page  using regular expression

2024-11-12 16:48:13 - [MESSAGE][PASSED] - Text 'Filing Year:' is present on page  using regular expression

2024-11-12 16:48:13 - [TEST_STEP][PASSED] - verifyTextPresent(FilingYear, true): Text '2024' is present on page  using regular expression

2024-11-12 16:48:14 - [MESSAGE][PASSED] - Text '2024' is present on page  using regular expression

2024-11-12 16:48:14 - [TEST_STEP][PASSED] - verifyTextPresent("Payer Information", true): Text 'Payer Information' is present on page  using regular expression

2024-11-12 16:48:14 - [MESSAGE][PASSED] - Text 'Payer Information' is present on page  using regular expression

2024-11-12 16:48:14 - [TEST_STEP][PASSED] - verifyTextPresent("Taxpayer Name:", true): Text 'Taxpayer Name:' is present on page  using regular expression

2024-11-12 16:48:15 - [MESSAGE][PASSED] - Text 'Taxpayer Name:' is present on page  using regular expression

2024-11-12 16:48:15 - [TEST_STEP][PASSED] - switch (executionProfile): null

2024-11-12 16:48:15 - [TEST_STEP][PASSED] - verifyTextPresent("Taxpayer Address:", true): Text 'Taxpayer Address:' is present on page  using regular expression

2024-11-12 16:48:15 - [MESSAGE][PASSED] - Text 'Taxpayer Address:' is present on page  using regular expression

2024-11-12 16:48:15 - [TEST_STEP][PASSED] - verifyTextPresent("2508 Mandan Terrace Gambrills Maryland 21054", true): Text '2508 Mandan Terrace Gambrills Maryland 21054' is present on page  using regular expression

2024-11-12 16:48:15 - [MESSAGE][PASSED] - Text '2508 Mandan Terrace Gambrills Maryland 21054' is present on page  using regular expression

2024-11-12 16:48:15 - [TEST_STEP][PASSED] - verifyTextPresent("Email:", true): Text 'Email:' is present on page  using regular expression

2024-11-12 16:48:15 - [MESSAGE][PASSED] - Text 'Email:' is present on page  using regular expression

2024-11-12 16:48:15 - [TEST_STEP][PASSED] - verifyTextPresent("iahmed@govolution.com", true): Text 'iahmed@govolution.com' is present on page  using regular expression

2024-11-12 16:48:16 - [MESSAGE][PASSED] - Text 'iahmed@govolution.com' is present on page  using regular expression

2024-11-12 16:48:16 - [TEST_STEP][PASSED] - verifyTextPresent("Phone:", true): Text 'Phone:' is present on page  using regular expression

2024-11-12 16:48:16 - [MESSAGE][PASSED] - Text 'Phone:' is present on page  using regular expression

2024-11-12 16:48:16 - [TEST_STEP][PASSED] - verifyTextPresent("(703) 894-5000", false): Text '(703) 894-5000' is present on page 

2024-11-12 16:48:16 - [MESSAGE][PASSED] - Text '(703) 894-5000' is present on page 

2024-11-12 16:48:16 - [TEST_STEP][PASSED] - verifyTextPresent("Tax Information", true): Text 'Tax Information' is present on page  using regular expression

2024-11-12 16:48:17 - [MESSAGE][PASSED] - Text 'Tax Information' is present on page  using regular expression

2024-11-12 16:48:17 - [TEST_STEP][PASSED] - verifyTextPresent("Payment Amount:", true): Text 'Payment Amount:' is present on page  using regular expression

2024-11-12 16:48:17 - [MESSAGE][PASSED] - Text 'Payment Amount:' is present on page  using regular expression

2024-11-12 16:48:17 - [TEST_STEP][PASSED] - verifyTextPresent("100.00", true): Text '100.00' is present on page  using regular expression

2024-11-12 16:48:17 - [MESSAGE][PASSED] - Text '100.00' is present on page  using regular expression

2024-11-12 16:48:17 - [TEST_STEP][PASSED] - verifyTextNotPresent("Federal EIN:", true): Text 'Federal EIN:' is not present on page using regular expression

2024-11-12 16:48:18 - [MESSAGE][PASSED] - Text 'Federal EIN:' is not present on page using regular expression

2024-11-12 16:48:18 - [TEST_STEP][PASSED] - verifyTextNotPresent("FEIN/SSN:", true): Text 'FEIN/SSN:' is not present on page using regular expression

2024-11-12 16:48:18 - [MESSAGE][PASSED] - Text 'FEIN/SSN:' is not present on page using regular expression

2024-11-12 16:48:18 - [TEST_STEP][PASSED] - if (TaxType.equalsIgnoreCase("Estate Tax")): null

2024-11-12 16:48:18 - [TEST_STEP][PASSED] - else: Text 'Taxpayer SSN:' is present on page  using regular expression

2024-11-12 16:48:18 - [TEST_STEP][PASSED] - verifyTextPresent("Taxpayer SSN:", true): Text 'Taxpayer SSN:' is present on page  using regular expression

2024-11-12 16:48:18 - [MESSAGE][PASSED] - Text 'Taxpayer SSN:' is present on page  using regular expression

2024-11-12 16:48:18 - [TEST_STEP][PASSED] - if (verifyElementVisible(findTestObject(orPath_Summary + "/button_Proceed to Payment"))): null

2024-11-12 16:48:19 - [MESSAGE][PASSED] - Object 'Object Repository/RAD_Pages/Summary_Page/button_Proceed to Payment' is visible

2024-11-12 16:48:19 - [TEST_STEP][PASSED] - resText = "Pass": null

2024-11-12 16:48:19 - [TEST_STEP][PASSED] - pages.WriteExcel.demoKey(resText, datText, resColumn, datCloumn, fileLoc, nameSheet, row): pages.WriteExcel.demoKey is PASSED

2024-11-12 16:48:19 - [MESSAGE][PASSED] - pages.WriteExcel.demoKey is PASSED

2024-11-12 16:48:19 - [TEST_STEP][PASSED] - click(findTestObject(orPath_Summary + "/button_Proceed to Payment")): Object: 'Object Repository/RAD_Pages/Summary_Page/button_Proceed to Payment' is clicked on

2024-11-12 16:48:22 - [MESSAGE][PASSED] - Object: 'Object Repository/RAD_Pages/Summary_Page/button_Proceed to Payment' is clicked on

2024-11-12 16:48:22 - [TEST_STEP][PASSED] - verifyElementPresent(findTestObject("Object Repository/RAD_Pages/PaymentEntry_Page/input__billingName"), 30): Object 'Object Repository/RAD_Pages/PaymentEntry_Page/input__billingName' is present

2024-11-12 16:48:22 - [MESSAGE][PASSED] - Object 'Object Repository/RAD_Pages/PaymentEntry_Page/input__billingName' is present

2024-11-12 16:48:22 - [TEST_STEP][PASSED] - ExecuteTC = findTestData(dataFile).getValue("Execute", row): null

2024-11-12 16:48:22 - [TEST_STEP][PASSED] - TaxType = findTestData(dataFile).getValue("TaxType", row): null

2024-11-12 16:48:22 - [TEST_STEP][PASSED] - PaymentType = findTestData(dataFile).getValue("PaymentType", row): null

2024-11-12 16:48:22 - [TEST_STEP][PASSED] - FilingYear = findTestData(dataFile).getValue("Year", row): null

2024-11-12 16:48:22 - [TEST_STEP][PASSED] - if (ExecuteTC.equalsIgnoreCase("Y")): Object 'Object Repository/RAD_Pages/PaymentEntry_Page/input__billingName' is present

2024-11-12 16:48:22 - [TEST_STEP][PASSED] - out.println("Begin Record Number: " + row): null

2024-11-12 16:48:22 - [TEST_STEP][PASSED] - today = new java.util.Date(): null

2024-11-12 16:48:22 - [TEST_STEP][PASSED] - println(today): null

2024-11-12 16:48:22 - [TEST_STEP][PASSED] - datText = today: null

2024-11-12 16:48:22 - [TEST_STEP][PASSED] - logInfo("Payment Type: " + PaymentType): Payment Type: Extension Payments

2024-11-12 16:48:22 - [MESSAGE][INFO] - Payment Type: Extension Payments

2024-11-12 16:48:22 - [TEST_STEP][PASSED] - logInfo("Tax Type: " + TaxType): Tax Type: Personal Income Tax

2024-11-12 16:48:22 - [MESSAGE][INFO] - Tax Type: Personal Income Tax

2024-11-12 16:48:22 - [TEST_STEP][PASSED] - openBrowser(""): Browser is opened with url: ''

2024-11-12 16:48:22 - [MESSAGE][WARNING] - A browser is already opened. Closing browser and opening a new one

2024-11-12 16:48:24 - [MESSAGE][INFO] - Starting 'Chrome' driver

2024-11-12 16:48:24 - [MESSAGE][INFO] - User set preference: ['acceptInsecureCerts', 'true']

2024-11-12 16:48:24 - [MESSAGE][INFO] - Action delay is set to 0 milliseconds

2024-11-12 16:48:25 - [MESSAGE][PASSED] - Browser is opened with url: ''

2024-11-12 16:48:25 - [TEST_STEP][PASSED] - maximizeWindow(): Current window maximized

2024-11-12 16:48:25 - [MESSAGE][PASSED] - Current window maximized

2024-11-12 16:48:25 - [TEST_STEP][PASSED] - navigateToUrl(RADurl): Navigate to 'https://www.velocitypayment.com/client/rad/index.html' successfully

2024-11-12 16:48:27 - [MESSAGE][PASSED] - Navigate to 'https://www.velocitypayment.com/client/rad/index.html' successfully

2024-11-12 16:48:27 - [TEST_STEP][PASSED] - selectOptionByLabel(findTestObject(orPath_Landing + "/dd_TaxType"), PaymentType, false): All options with label 'Extension Payments' are selected in object 'Object Repository/RAD_Pages/Landing_Page/dd_TaxType' 

2024-11-12 16:48:28 - [MESSAGE][PASSED] - All options with label 'Extension Payments' are selected in object 'Object Repository/RAD_Pages/Landing_Page/dd_TaxType' 

2024-11-12 16:48:28 - [TEST_STEP][PASSED] - switch (PaymentType): null

2024-11-12 16:48:28 - [TEST_STEP][PASSED] - case "Extension Payments":: null

2024-11-12 16:48:28 - [TEST_STEP][PASSED] - selectOptionByLabel(findTestObject(orPath_TaxTypeFilingYear + "/select_PaymentType"), TaxType, false): All options with label 'Personal Income Tax' are selected in object 'Object Repository/RAD_Pages/TaxTypeFilingYear_Page/select_PaymentType' 

2024-11-12 16:48:29 - [MESSAGE][PASSED] - All options with label 'Personal Income Tax' are selected in object 'Object Repository/RAD_Pages/TaxTypeFilingYear_Page/select_PaymentType' 

2024-11-12 16:48:29 - [TEST_STEP][PASSED] - break: null

2024-11-12 16:48:29 - [TEST_STEP][PASSED] - if (!(FilingYear.isEmpty())): All options with label '2023' are selected in object 'Object Repository/RAD_Pages/TaxTypeFilingYear_Page/select_FilingYear' 

2024-11-12 16:48:29 - [TEST_STEP][PASSED] - selectOptionByLabel(findTestObject(orPath_TaxTypeFilingYear + "/select_FilingYear"), FilingYear, false): All options with label '2023' are selected in object 'Object Repository/RAD_Pages/TaxTypeFilingYear_Page/select_FilingYear' 

2024-11-12 16:48:29 - [MESSAGE][PASSED] - All options with label '2023' are selected in object 'Object Repository/RAD_Pages/TaxTypeFilingYear_Page/select_FilingYear' 

2024-11-12 16:48:29 - [TEST_STEP][PASSED] - if (TaxType.equalsIgnoreCase("Estate Tax")): null

2024-11-12 16:48:29 - [TEST_STEP][PASSED] - else: rad.getSetDataRAD.setDataRADssnAndName is PASSED

2024-11-12 16:48:29 - [TEST_STEP][PASSED] - rad.getSetDataRAD.setDataRADssnAndName(): rad.getSetDataRAD.setDataRADssnAndName is PASSED

2024-11-12 16:48:30 - [MESSAGE][PASSED] - Text 'Jimmy' is set on object 'Object Repository/RAD_Pages/Taxpayer_Page/input_firstName'

2024-11-12 16:48:31 - [MESSAGE][PASSED] - Text 'Davi' is set on object 'Object Repository/RAD_Pages/Taxpayer_Page/input_lastName'

2024-11-12 16:48:32 - [MESSAGE][PASSED] - Text '123450001' is set on object 'Object Repository/RAD_RecordAndPlay/input_concatSSN'

2024-11-12 16:48:32 - [MESSAGE][PASSED] - Text '123450001' is set on object 'Object Repository/RAD_RecordAndPlay/input_concatReSSN'

2024-11-12 16:48:32 - [MESSAGE][PASSED] - rad.getSetDataRAD.setDataRADssnAndName is PASSED

2024-11-12 16:48:32 - [TEST_STEP][PASSED] - rad.getSetDataRAD.setDataRADAddress(): rad.getSetDataRAD.setDataRADAddress is PASSED

2024-11-12 16:48:33 - [MESSAGE][PASSED] - All options with label 'United States' are selected in object 'Object Repository/RAD_Pages/AddressAndContactInfo_Page/select_Country' 

2024-11-12 16:48:34 - [MESSAGE][PASSED] - Text '2508 Mandan Terrace' is set on object 'Object Repository/RAD_Pages/AddressAndContactInfo_Page/input_streetAddress1'

2024-11-12 16:48:34 - [MESSAGE][PASSED] - Text '' is set on object 'Object Repository/RAD_Pages/AddressAndContactInfo_Page/input_streetAddress2'

2024-11-12 16:48:35 - [MESSAGE][PASSED] - Text 'Gambrills' is set on object 'Object Repository/RAD_Pages/AddressAndContactInfo_Page/input_city'

2024-11-12 16:48:37 - [MESSAGE][PASSED] - All options with label 'Maryland' are selected in object 'Object Repository/RAD_Pages/AddressAndContactInfo_Page/select_State' 

2024-11-12 16:48:38 - [MESSAGE][PASSED] - Text '21054' is set on object 'Object Repository/RAD_Pages/AddressAndContactInfo_Page/input_zipCode'

2024-11-12 16:48:39 - [MESSAGE][PASSED] - Text '(703) 894-5000' is set on object 'Object Repository/RAD_Pages/AddressAndContactInfo_Page/input_phoneNumber'

2024-11-12 16:48:40 - [MESSAGE][PASSED] - Text 'iahmed@govolution.com' is set on object 'Object Repository/RAD_Pages/AddressAndContactInfo_Page/input_eMailAddress'

2024-11-12 16:48:41 - [MESSAGE][PASSED] - Text 'iahmed@govolution.com' is set on object 'Object Repository/RAD_Pages/AddressAndContactInfo_Page/input_reEnterEMailAddress'

2024-11-12 16:48:41 - [MESSAGE][PASSED] - rad.getSetDataRAD.setDataRADAddress is PASSED

2024-11-12 16:48:41 - [TEST_STEP][PASSED] - setText(findTestObject(orPath_Amount + "/input__paymentAmount"), "100.00"): Text '100.00' is set on object 'Object Repository/RAD_Pages/PaymentAmount_Page/input__paymentAmount'

2024-11-12 16:48:42 - [MESSAGE][PASSED] - Text '100.00' is set on object 'Object Repository/RAD_Pages/PaymentAmount_Page/input__paymentAmount'

2024-11-12 16:48:42 - [TEST_STEP][PASSED] - setText(findTestObject(orPath_AddressContact + "/input_streetAddress2"), ""): Text '' is set on object 'Object Repository/RAD_Pages/AddressAndContactInfo_Page/input_streetAddress2'

2024-11-12 16:48:43 - [MESSAGE][PASSED] - Text '' is set on object 'Object Repository/RAD_Pages/AddressAndContactInfo_Page/input_streetAddress2'

2024-11-12 16:48:43 - [TEST_STEP][PASSED] - scrollToElement(findTestObject(orPath_Landing + "/button_Continue"), 3): Scroll to object 'Object Repository/RAD_Pages/Landing_Page/button_Continue' successfully

2024-11-12 16:48:43 - [MESSAGE][PASSED] - Scroll to object 'Object Repository/RAD_Pages/Landing_Page/button_Continue' successfully

2024-11-12 16:48:43 - [TEST_STEP][PASSED] - waitForElementClickable(findTestObject(orPath_Landing + "/button_Continue"), 5): Object 'Object Repository/RAD_Pages/Landing_Page/button_Continue' is clickable

2024-11-12 16:48:44 - [MESSAGE][PASSED] - Object 'Object Repository/RAD_Pages/Landing_Page/button_Continue' is clickable

2024-11-12 16:48:44 - [TEST_STEP][PASSED] - click(findTestObject(orPath_Landing + "/button_Continue")): Object: 'Object Repository/RAD_Pages/Landing_Page/button_Continue' is clicked on

2024-11-12 16:48:44 - [MESSAGE][PASSED] - Object: 'Object Repository/RAD_Pages/Landing_Page/button_Continue' is clicked on

2024-11-12 16:48:44 - [TEST_STEP][PASSED] - delay(2): Delayed 2 second(s)

2024-11-12 16:48:46 - [MESSAGE][PASSED] - Delayed 2 second(s)

2024-11-12 16:48:46 - [TEST_STEP][PASSED] - verifyTextPresent("Summary", true): Text 'Summary' is present on page  using regular expression

2024-11-12 16:48:47 - [MESSAGE][PASSED] - Text 'Summary' is present on page  using regular expression

2024-11-12 16:48:47 - [TEST_STEP][PASSED] - verifyTextPresent("Review the information below and make any necessary corrections by clicking the", true): Text 'Review the information below and make any necessary corrections by clicking the' is present on page  using regular expression

2024-11-12 16:48:47 - [MESSAGE][PASSED] - Text 'Review the information below and make any necessary corrections by clicking the' is present on page  using regular expression

2024-11-12 16:48:47 - [TEST_STEP][PASSED] - verifyTextPresent("When you are confident that all the information is correct, click the", true): Text 'When you are confident that all the information is correct, click the' is present on page  using regular expression

2024-11-12 16:48:47 - [MESSAGE][PASSED] - Text 'When you are confident that all the information is correct, click the' is present on page  using regular expression

2024-11-12 16:48:47 - [TEST_STEP][PASSED] - verifyTextPresent("Payment Type/Filing Year", true): Text 'Payment Type/Filing Year' is present on page  using regular expression

2024-11-12 16:48:48 - [MESSAGE][PASSED] - Text 'Payment Type/Filing Year' is present on page  using regular expression

2024-11-12 16:48:48 - [TEST_STEP][PASSED] - verifyTextPresent("Payment Type:", true): Text 'Payment Type:' is present on page  using regular expression

2024-11-12 16:48:48 - [MESSAGE][PASSED] - Text 'Payment Type:' is present on page  using regular expression

2024-11-12 16:48:48 - [TEST_STEP][PASSED] - verifyTextPresent(PaymentType, true): Text 'Extension Payments' is present on page  using regular expression

2024-11-12 16:48:48 - [MESSAGE][PASSED] - Text 'Extension Payments' is present on page  using regular expression

2024-11-12 16:48:48 - [TEST_STEP][PASSED] - verifyTextPresent("Filing Year:", true): Text 'Filing Year:' is present on page  using regular expression

2024-11-12 16:48:49 - [MESSAGE][PASSED] - Text 'Filing Year:' is present on page  using regular expression

2024-11-12 16:48:49 - [TEST_STEP][PASSED] - verifyTextPresent(FilingYear, true): Text '2023' is present on page  using regular expression

2024-11-12 16:48:49 - [MESSAGE][PASSED] - Text '2023' is present on page  using regular expression

2024-11-12 16:48:49 - [TEST_STEP][PASSED] - verifyTextPresent("Payer Information", true): Text 'Payer Information' is present on page  using regular expression

2024-11-12 16:48:49 - [MESSAGE][PASSED] - Text 'Payer Information' is present on page  using regular expression

2024-11-12 16:48:49 - [TEST_STEP][PASSED] - verifyTextPresent("Taxpayer Name:", true): Text 'Taxpayer Name:' is present on page  using regular expression

2024-11-12 16:48:50 - [MESSAGE][PASSED] - Text 'Taxpayer Name:' is present on page  using regular expression

2024-11-12 16:48:50 - [TEST_STEP][PASSED] - switch (executionProfile): null

2024-11-12 16:48:50 - [TEST_STEP][PASSED] - verifyTextPresent("Taxpayer Address:", true): Text 'Taxpayer Address:' is present on page  using regular expression

2024-11-12 16:48:50 - [MESSAGE][PASSED] - Text 'Taxpayer Address:' is present on page  using regular expression

2024-11-12 16:48:50 - [TEST_STEP][PASSED] - verifyTextPresent("2508 Mandan Terrace Gambrills Maryland 21054", true): Text '2508 Mandan Terrace Gambrills Maryland 21054' is present on page  using regular expression

2024-11-12 16:48:50 - [MESSAGE][PASSED] - Text '2508 Mandan Terrace Gambrills Maryland 21054' is present on page  using regular expression

2024-11-12 16:48:50 - [TEST_STEP][PASSED] - verifyTextPresent("Email:", true): Text 'Email:' is present on page  using regular expression

2024-11-12 16:48:50 - [MESSAGE][PASSED] - Text 'Email:' is present on page  using regular expression

2024-11-12 16:48:50 - [TEST_STEP][PASSED] - verifyTextPresent("iahmed@govolution.com", true): Text 'iahmed@govolution.com' is present on page  using regular expression

2024-11-12 16:48:51 - [MESSAGE][PASSED] - Text 'iahmed@govolution.com' is present on page  using regular expression

2024-11-12 16:48:51 - [TEST_STEP][PASSED] - verifyTextPresent("Phone:", true): Text 'Phone:' is present on page  using regular expression

2024-11-12 16:48:51 - [MESSAGE][PASSED] - Text 'Phone:' is present on page  using regular expression

2024-11-12 16:48:51 - [TEST_STEP][PASSED] - verifyTextPresent("(703) 894-5000", false): Text '(703) 894-5000' is present on page 

2024-11-12 16:48:51 - [MESSAGE][PASSED] - Text '(703) 894-5000' is present on page 

2024-11-12 16:48:51 - [TEST_STEP][PASSED] - verifyTextPresent("Tax Information", true): Text 'Tax Information' is present on page  using regular expression

2024-11-12 16:48:52 - [MESSAGE][PASSED] - Text 'Tax Information' is present on page  using regular expression

2024-11-12 16:48:52 - [TEST_STEP][PASSED] - verifyTextPresent("Payment Amount:", true): Text 'Payment Amount:' is present on page  using regular expression

2024-11-12 16:48:52 - [MESSAGE][PASSED] - Text 'Payment Amount:' is present on page  using regular expression

2024-11-12 16:48:52 - [TEST_STEP][PASSED] - verifyTextPresent("100.00", true): Text '100.00' is present on page  using regular expression

2024-11-12 16:48:52 - [MESSAGE][PASSED] - Text '100.00' is present on page  using regular expression

2024-11-12 16:48:52 - [TEST_STEP][PASSED] - verifyTextNotPresent("Federal EIN:", true): Text 'Federal EIN:' is not present on page using regular expression

2024-11-12 16:48:53 - [MESSAGE][PASSED] - Text 'Federal EIN:' is not present on page using regular expression

2024-11-12 16:48:53 - [TEST_STEP][PASSED] - verifyTextNotPresent("FEIN/SSN:", true): Text 'FEIN/SSN:' is not present on page using regular expression

2024-11-12 16:48:53 - [MESSAGE][PASSED] - Text 'FEIN/SSN:' is not present on page using regular expression

2024-11-12 16:48:53 - [TEST_STEP][PASSED] - if (TaxType.equalsIgnoreCase("Estate Tax")): null

2024-11-12 16:48:53 - [TEST_STEP][PASSED] - else: Text 'Taxpayer SSN:' is present on page  using regular expression

2024-11-12 16:48:53 - [TEST_STEP][PASSED] - verifyTextPresent("Taxpayer SSN:", true): Text 'Taxpayer SSN:' is present on page  using regular expression

2024-11-12 16:48:53 - [MESSAGE][PASSED] - Text 'Taxpayer SSN:' is present on page  using regular expression

2024-11-12 16:48:53 - [TEST_STEP][PASSED] - if (verifyElementVisible(findTestObject(orPath_Summary + "/button_Proceed to Payment"))): null

2024-11-12 16:48:54 - [MESSAGE][PASSED] - Object 'Object Repository/RAD_Pages/Summary_Page/button_Proceed to Payment' is visible

2024-11-12 16:48:54 - [TEST_STEP][PASSED] - resText = "Pass": null

2024-11-12 16:48:54 - [TEST_STEP][PASSED] - pages.WriteExcel.demoKey(resText, datText, resColumn, datCloumn, fileLoc, nameSheet, row): pages.WriteExcel.demoKey is PASSED

2024-11-12 16:48:54 - [MESSAGE][PASSED] - pages.WriteExcel.demoKey is PASSED

2024-11-12 16:48:54 - [TEST_STEP][PASSED] - click(findTestObject(orPath_Summary + "/button_Proceed to Payment")): Object: 'Object Repository/RAD_Pages/Summary_Page/button_Proceed to Payment' is clicked on

2024-11-12 16:48:56 - [MESSAGE][PASSED] - Object: 'Object Repository/RAD_Pages/Summary_Page/button_Proceed to Payment' is clicked on

2024-11-12 16:48:56 - [TEST_STEP][PASSED] - verifyElementPresent(findTestObject("Object Repository/RAD_Pages/PaymentEntry_Page/input__billingName"), 30): Object 'Object Repository/RAD_Pages/PaymentEntry_Page/input__billingName' is present

2024-11-12 16:48:57 - [MESSAGE][PASSED] - Object 'Object Repository/RAD_Pages/PaymentEntry_Page/input__billingName' is present

2024-11-12 16:48:57 - [TEST_STEP][PASSED] - ExecuteTC = findTestData(dataFile).getValue("Execute", row): null

2024-11-12 16:48:57 - [TEST_STEP][PASSED] - TaxType = findTestData(dataFile).getValue("TaxType", row): null

2024-11-12 16:48:57 - [TEST_STEP][PASSED] - PaymentType = findTestData(dataFile).getValue("PaymentType", row): null

2024-11-12 16:48:57 - [TEST_STEP][PASSED] - FilingYear = findTestData(dataFile).getValue("Year", row): null

2024-11-12 16:48:57 - [TEST_STEP][PASSED] - if (ExecuteTC.equalsIgnoreCase("Y")): Object 'Object Repository/RAD_Pages/PaymentEntry_Page/input__billingName' is present

2024-11-12 16:48:57 - [TEST_STEP][PASSED] - out.println("Begin Record Number: " + row): null

2024-11-12 16:48:57 - [TEST_STEP][PASSED] - today = new java.util.Date(): null

2024-11-12 16:48:57 - [TEST_STEP][PASSED] - println(today): null

2024-11-12 16:48:57 - [TEST_STEP][PASSED] - datText = today: null

2024-11-12 16:48:57 - [TEST_STEP][PASSED] - logInfo("Payment Type: " + PaymentType): Payment Type: New Tax Return Amount Due

2024-11-12 16:48:57 - [MESSAGE][INFO] - Payment Type: New Tax Return Amount Due

2024-11-12 16:48:57 - [TEST_STEP][PASSED] - logInfo("Tax Type: " + TaxType): Tax Type: Personal Income Tax

2024-11-12 16:48:57 - [MESSAGE][INFO] - Tax Type: Personal Income Tax

2024-11-12 16:48:57 - [TEST_STEP][PASSED] - openBrowser(""): Browser is opened with url: ''

2024-11-12 16:48:57 - [MESSAGE][WARNING] - A browser is already opened. Closing browser and opening a new one

2024-11-12 16:48:58 - [MESSAGE][INFO] - Starting 'Chrome' driver

2024-11-12 16:48:58 - [MESSAGE][INFO] - User set preference: ['acceptInsecureCerts', 'true']

2024-11-12 16:48:58 - [MESSAGE][INFO] - Action delay is set to 0 milliseconds

2024-11-12 16:49:00 - [MESSAGE][PASSED] - Browser is opened with url: ''

2024-11-12 16:49:00 - [TEST_STEP][PASSED] - maximizeWindow(): Current window maximized

2024-11-12 16:49:00 - [MESSAGE][PASSED] - Current window maximized

2024-11-12 16:49:00 - [TEST_STEP][PASSED] - navigateToUrl(RADurl): Navigate to 'https://www.velocitypayment.com/client/rad/index.html' successfully

2024-11-12 16:49:00 - [MESSAGE][PASSED] - Navigate to 'https://www.velocitypayment.com/client/rad/index.html' successfully

2024-11-12 16:49:00 - [TEST_STEP][PASSED] - selectOptionByLabel(findTestObject(orPath_Landing + "/dd_TaxType"), PaymentType, false): All options with label 'New Tax Return Amount Due' are selected in object 'Object Repository/RAD_Pages/Landing_Page/dd_TaxType' 

2024-11-12 16:49:03 - [MESSAGE][PASSED] - All options with label 'New Tax Return Amount Due' are selected in object 'Object Repository/RAD_Pages/Landing_Page/dd_TaxType' 

2024-11-12 16:49:03 - [TEST_STEP][PASSED] - switch (PaymentType): null

2024-11-12 16:49:03 - [TEST_STEP][PASSED] - case "New Tax Return Amount Due":: null

2024-11-12 16:49:03 - [TEST_STEP][PASSED] - selectOptionByLabel(findTestObject("Object Repository/RAD_Pages/Landing_Page/select_NewTaxReturnAmountDue_TaxType"), TaxType, false): All options with label 'Personal Income Tax' are selected in object 'Object Repository/RAD_Pages/Landing_Page/select_NewTaxReturnAmountDue_TaxType' 

2024-11-12 16:49:03 - [MESSAGE][PASSED] - All options with label 'Personal Income Tax' are selected in object 'Object Repository/RAD_Pages/Landing_Page/select_NewTaxReturnAmountDue_TaxType' 

2024-11-12 16:49:03 - [TEST_STEP][PASSED] - break: null

2024-11-12 16:49:03 - [TEST_STEP][PASSED] - if (!(FilingYear.isEmpty())): All options with label '2023' are selected in object 'Object Repository/RAD_Pages/TaxTypeFilingYear_Page/select_FilingYear' 

2024-11-12 16:49:03 - [TEST_STEP][PASSED] - selectOptionByLabel(findTestObject(orPath_TaxTypeFilingYear + "/select_FilingYear"), FilingYear, false): All options with label '2023' are selected in object 'Object Repository/RAD_Pages/TaxTypeFilingYear_Page/select_FilingYear' 

2024-11-12 16:49:04 - [MESSAGE][PASSED] - All options with label '2023' are selected in object 'Object Repository/RAD_Pages/TaxTypeFilingYear_Page/select_FilingYear' 

2024-11-12 16:49:04 - [TEST_STEP][PASSED] - if (TaxType.equalsIgnoreCase("Estate Tax")): null

2024-11-12 16:49:04 - [TEST_STEP][PASSED] - else: rad.getSetDataRAD.setDataRADssnAndName is PASSED

2024-11-12 16:49:04 - [TEST_STEP][PASSED] - rad.getSetDataRAD.setDataRADssnAndName(): rad.getSetDataRAD.setDataRADssnAndName is PASSED

2024-11-12 16:49:05 - [MESSAGE][PASSED] - Text 'Jimmy' is set on object 'Object Repository/RAD_Pages/Taxpayer_Page/input_firstName'

2024-11-12 16:49:06 - [MESSAGE][PASSED] - Text 'Davi' is set on object 'Object Repository/RAD_Pages/Taxpayer_Page/input_lastName'

2024-11-12 16:49:06 - [MESSAGE][PASSED] - Text '123450001' is set on object 'Object Repository/RAD_RecordAndPlay/input_concatSSN'

2024-11-12 16:49:07 - [MESSAGE][PASSED] - Text '123450001' is set on object 'Object Repository/RAD_RecordAndPlay/input_concatReSSN'

2024-11-12 16:49:07 - [MESSAGE][PASSED] - rad.getSetDataRAD.setDataRADssnAndName is PASSED

2024-11-12 16:49:07 - [TEST_STEP][PASSED] - rad.getSetDataRAD.setDataRADAddress(): rad.getSetDataRAD.setDataRADAddress is PASSED

2024-11-12 16:49:08 - [MESSAGE][PASSED] - All options with label 'United States' are selected in object 'Object Repository/RAD_Pages/AddressAndContactInfo_Page/select_Country' 

2024-11-12 16:49:09 - [MESSAGE][PASSED] - Text '2508 Mandan Terrace' is set on object 'Object Repository/RAD_Pages/AddressAndContactInfo_Page/input_streetAddress1'

2024-11-12 16:49:09 - [MESSAGE][PASSED] - Text '' is set on object 'Object Repository/RAD_Pages/AddressAndContactInfo_Page/input_streetAddress2'

2024-11-12 16:49:10 - [MESSAGE][PASSED] - Text 'Gambrills' is set on object 'Object Repository/RAD_Pages/AddressAndContactInfo_Page/input_city'

2024-11-12 16:49:11 - [MESSAGE][PASSED] - All options with label 'Maryland' are selected in object 'Object Repository/RAD_Pages/AddressAndContactInfo_Page/select_State' 

2024-11-12 16:49:12 - [MESSAGE][PASSED] - Text '21054' is set on object 'Object Repository/RAD_Pages/AddressAndContactInfo_Page/input_zipCode'

2024-11-12 16:49:13 - [MESSAGE][PASSED] - Text '(703) 894-5000' is set on object 'Object Repository/RAD_Pages/AddressAndContactInfo_Page/input_phoneNumber'

2024-11-12 16:49:13 - [MESSAGE][PASSED] - Text 'iahmed@govolution.com' is set on object 'Object Repository/RAD_Pages/AddressAndContactInfo_Page/input_eMailAddress'

2024-11-12 16:49:14 - [MESSAGE][PASSED] - Text 'iahmed@govolution.com' is set on object 'Object Repository/RAD_Pages/AddressAndContactInfo_Page/input_reEnterEMailAddress'

2024-11-12 16:49:14 - [MESSAGE][PASSED] - rad.getSetDataRAD.setDataRADAddress is PASSED

2024-11-12 16:49:14 - [TEST_STEP][PASSED] - setText(findTestObject(orPath_Amount + "/input__paymentAmount"), "100.00"): Text '100.00' is set on object 'Object Repository/RAD_Pages/PaymentAmount_Page/input__paymentAmount'

2024-11-12 16:49:15 - [MESSAGE][PASSED] - Text '100.00' is set on object 'Object Repository/RAD_Pages/PaymentAmount_Page/input__paymentAmount'

2024-11-12 16:49:15 - [TEST_STEP][PASSED] - setText(findTestObject(orPath_AddressContact + "/input_streetAddress2"), ""): Text '' is set on object 'Object Repository/RAD_Pages/AddressAndContactInfo_Page/input_streetAddress2'

2024-11-12 16:49:16 - [MESSAGE][PASSED] - Text '' is set on object 'Object Repository/RAD_Pages/AddressAndContactInfo_Page/input_streetAddress2'

2024-11-12 16:49:16 - [TEST_STEP][PASSED] - scrollToElement(findTestObject(orPath_Landing + "/button_Continue"), 3): Scroll to object 'Object Repository/RAD_Pages/Landing_Page/button_Continue' successfully

2024-11-12 16:49:16 - [MESSAGE][PASSED] - Scroll to object 'Object Repository/RAD_Pages/Landing_Page/button_Continue' successfully

2024-11-12 16:49:16 - [TEST_STEP][PASSED] - waitForElementClickable(findTestObject(orPath_Landing + "/button_Continue"), 5): Object 'Object Repository/RAD_Pages/Landing_Page/button_Continue' is clickable

2024-11-12 16:49:16 - [MESSAGE][PASSED] - Object 'Object Repository/RAD_Pages/Landing_Page/button_Continue' is clickable

2024-11-12 16:49:16 - [TEST_STEP][PASSED] - click(findTestObject(orPath_Landing + "/button_Continue")): Object: 'Object Repository/RAD_Pages/Landing_Page/button_Continue' is clicked on

2024-11-12 16:49:17 - [MESSAGE][PASSED] - Object: 'Object Repository/RAD_Pages/Landing_Page/button_Continue' is clicked on

2024-11-12 16:49:17 - [TEST_STEP][PASSED] - delay(2): Delayed 2 second(s)

2024-11-12 16:49:19 - [MESSAGE][PASSED] - Delayed 2 second(s)

2024-11-12 16:49:19 - [TEST_STEP][PASSED] - verifyTextPresent("Summary", true): Text 'Summary' is present on page  using regular expression

2024-11-12 16:49:19 - [MESSAGE][PASSED] - Text 'Summary' is present on page  using regular expression

2024-11-12 16:49:19 - [TEST_STEP][PASSED] - verifyTextPresent("Review the information below and make any necessary corrections by clicking the", true): Text 'Review the information below and make any necessary corrections by clicking the' is present on page  using regular expression

2024-11-12 16:49:19 - [MESSAGE][PASSED] - Text 'Review the information below and make any necessary corrections by clicking the' is present on page  using regular expression

2024-11-12 16:49:19 - [TEST_STEP][PASSED] - verifyTextPresent("When you are confident that all the information is correct, click the", true): Text 'When you are confident that all the information is correct, click the' is present on page  using regular expression

2024-11-12 16:49:20 - [MESSAGE][PASSED] - Text 'When you are confident that all the information is correct, click the' is present on page  using regular expression

2024-11-12 16:49:20 - [TEST_STEP][PASSED] - verifyTextPresent("Payment Type/Filing Year", true): Text 'Payment Type/Filing Year' is present on page  using regular expression

2024-11-12 16:49:20 - [MESSAGE][PASSED] - Text 'Payment Type/Filing Year' is present on page  using regular expression

2024-11-12 16:49:20 - [TEST_STEP][PASSED] - verifyTextPresent("Payment Type:", true): Text 'Payment Type:' is present on page  using regular expression

2024-11-12 16:49:20 - [MESSAGE][PASSED] - Text 'Payment Type:' is present on page  using regular expression

2024-11-12 16:49:20 - [TEST_STEP][PASSED] - verifyTextPresent(PaymentType, true): Text 'New Tax Return Amount Due' is present on page  using regular expression

2024-11-12 16:49:21 - [MESSAGE][PASSED] - Text 'New Tax Return Amount Due' is present on page  using regular expression

2024-11-12 16:49:21 - [TEST_STEP][PASSED] - verifyTextPresent("Filing Year:", true): Text 'Filing Year:' is present on page  using regular expression

2024-11-12 16:49:21 - [MESSAGE][PASSED] - Text 'Filing Year:' is present on page  using regular expression

2024-11-12 16:49:21 - [TEST_STEP][PASSED] - verifyTextPresent(FilingYear, true): Text '2023' is present on page  using regular expression

2024-11-12 16:49:21 - [MESSAGE][PASSED] - Text '2023' is present on page  using regular expression

2024-11-12 16:49:21 - [TEST_STEP][PASSED] - verifyTextPresent("Payer Information", true): Text 'Payer Information' is present on page  using regular expression

2024-11-12 16:49:22 - [MESSAGE][PASSED] - Text 'Payer Information' is present on page  using regular expression

2024-11-12 16:49:22 - [TEST_STEP][PASSED] - verifyTextPresent("Taxpayer Name:", true): Text 'Taxpayer Name:' is present on page  using regular expression

2024-11-12 16:49:22 - [MESSAGE][PASSED] - Text 'Taxpayer Name:' is present on page  using regular expression

2024-11-12 16:49:22 - [TEST_STEP][PASSED] - switch (executionProfile): null

2024-11-12 16:49:22 - [TEST_STEP][PASSED] - verifyTextPresent("Taxpayer Address:", true): Text 'Taxpayer Address:' is present on page  using regular expression

2024-11-12 16:49:22 - [MESSAGE][PASSED] - Text 'Taxpayer Address:' is present on page  using regular expression

2024-11-12 16:49:22 - [TEST_STEP][PASSED] - verifyTextPresent("2508 Mandan Terrace Gambrills Maryland 21054", true): Text '2508 Mandan Terrace Gambrills Maryland 21054' is present on page  using regular expression

2024-11-12 16:49:23 - [MESSAGE][PASSED] - Text '2508 Mandan Terrace Gambrills Maryland 21054' is present on page  using regular expression

2024-11-12 16:49:23 - [TEST_STEP][PASSED] - verifyTextPresent("Email:", true): Text 'Email:' is present on page  using regular expression

2024-11-12 16:49:23 - [MESSAGE][PASSED] - Text 'Email:' is present on page  using regular expression

2024-11-12 16:49:23 - [TEST_STEP][PASSED] - verifyTextPresent("iahmed@govolution.com", true): Text 'iahmed@govolution.com' is present on page  using regular expression

2024-11-12 16:49:23 - [MESSAGE][PASSED] - Text 'iahmed@govolution.com' is present on page  using regular expression

2024-11-12 16:49:23 - [TEST_STEP][PASSED] - verifyTextPresent("Phone:", true): Text 'Phone:' is present on page  using regular expression

2024-11-12 16:49:24 - [MESSAGE][PASSED] - Text 'Phone:' is present on page  using regular expression

2024-11-12 16:49:24 - [TEST_STEP][PASSED] - verifyTextPresent("(703) 894-5000", false): Text '(703) 894-5000' is present on page 

2024-11-12 16:49:24 - [MESSAGE][PASSED] - Text '(703) 894-5000' is present on page 

2024-11-12 16:49:24 - [TEST_STEP][PASSED] - verifyTextPresent("Tax Information", true): Text 'Tax Information' is present on page  using regular expression

2024-11-12 16:49:24 - [MESSAGE][PASSED] - Text 'Tax Information' is present on page  using regular expression

2024-11-12 16:49:24 - [TEST_STEP][PASSED] - verifyTextPresent("Payment Amount:", true): Text 'Payment Amount:' is present on page  using regular expression

2024-11-12 16:49:25 - [MESSAGE][PASSED] - Text 'Payment Amount:' is present on page  using regular expression

2024-11-12 16:49:25 - [TEST_STEP][PASSED] - verifyTextPresent("100.00", true): Text '100.00' is present on page  using regular expression

2024-11-12 16:49:25 - [MESSAGE][PASSED] - Text '100.00' is present on page  using regular expression

2024-11-12 16:49:25 - [TEST_STEP][PASSED] - verifyTextNotPresent("Federal EIN:", true): Text 'Federal EIN:' is not present on page using regular expression

2024-11-12 16:49:25 - [MESSAGE][PASSED] - Text 'Federal EIN:' is not present on page using regular expression

2024-11-12 16:49:25 - [TEST_STEP][PASSED] - verifyTextNotPresent("FEIN/SSN:", true): Text 'FEIN/SSN:' is not present on page using regular expression

2024-11-12 16:49:25 - [MESSAGE][PASSED] - Text 'FEIN/SSN:' is not present on page using regular expression

2024-11-12 16:49:25 - [TEST_STEP][PASSED] - if (TaxType.equalsIgnoreCase("Estate Tax")): null

2024-11-12 16:49:25 - [TEST_STEP][PASSED] - else: Text 'Taxpayer SSN:' is present on page  using regular expression

2024-11-12 16:49:25 - [TEST_STEP][PASSED] - verifyTextPresent("Taxpayer SSN:", true): Text 'Taxpayer SSN:' is present on page  using regular expression

2024-11-12 16:49:26 - [MESSAGE][PASSED] - Text 'Taxpayer SSN:' is present on page  using regular expression

2024-11-12 16:49:26 - [TEST_STEP][PASSED] - if (verifyElementVisible(findTestObject(orPath_Summary + "/button_Proceed to Payment"))): null

2024-11-12 16:49:26 - [MESSAGE][PASSED] - Object 'Object Repository/RAD_Pages/Summary_Page/button_Proceed to Payment' is visible

2024-11-12 16:49:26 - [TEST_STEP][PASSED] - resText = "Pass": null

2024-11-12 16:49:26 - [TEST_STEP][PASSED] - pages.WriteExcel.demoKey(resText, datText, resColumn, datCloumn, fileLoc, nameSheet, row): pages.WriteExcel.demoKey is PASSED

2024-11-12 16:49:26 - [MESSAGE][PASSED] - pages.WriteExcel.demoKey is PASSED

2024-11-12 16:49:26 - [TEST_STEP][PASSED] - click(findTestObject(orPath_Summary + "/button_Proceed to Payment")): Object: 'Object Repository/RAD_Pages/Summary_Page/button_Proceed to Payment' is clicked on

2024-11-12 16:49:29 - [MESSAGE][PASSED] - Object: 'Object Repository/RAD_Pages/Summary_Page/button_Proceed to Payment' is clicked on

2024-11-12 16:49:29 - [TEST_STEP][PASSED] - verifyElementPresent(findTestObject("Object Repository/RAD_Pages/PaymentEntry_Page/input__billingName"), 30): Object 'Object Repository/RAD_Pages/PaymentEntry_Page/input__billingName' is present

2024-11-12 16:49:29 - [MESSAGE][PASSED] - Object 'Object Repository/RAD_Pages/PaymentEntry_Page/input__billingName' is present

2024-11-12 16:49:29 - [TEST_STEP][PASSED] - ExecuteTC = findTestData(dataFile).getValue("Execute", row): null

2024-11-12 16:49:29 - [TEST_STEP][PASSED] - TaxType = findTestData(dataFile).getValue("TaxType", row): null

2024-11-12 16:49:29 - [TEST_STEP][PASSED] - PaymentType = findTestData(dataFile).getValue("PaymentType", row): null

2024-11-12 16:49:29 - [TEST_STEP][PASSED] - FilingYear = findTestData(dataFile).getValue("Year", row): null

2024-11-12 16:49:29 - [TEST_STEP][PASSED] - if (ExecuteTC.equalsIgnoreCase("Y")): Object 'Object Repository/RAD_Pages/PaymentEntry_Page/input__billingName' is present

2024-11-12 16:49:29 - [TEST_STEP][PASSED] - out.println("Begin Record Number: " + row): null

2024-11-12 16:49:29 - [TEST_STEP][PASSED] - today = new java.util.Date(): null

2024-11-12 16:49:29 - [TEST_STEP][PASSED] - println(today): null

2024-11-12 16:49:29 - [TEST_STEP][PASSED] - datText = today: null

2024-11-12 16:49:29 - [TEST_STEP][PASSED] - logInfo("Payment Type: " + PaymentType): Payment Type: New Tax Return Amount Due

2024-11-12 16:49:29 - [MESSAGE][INFO] - Payment Type: New Tax Return Amount Due

2024-11-12 16:49:29 - [TEST_STEP][PASSED] - logInfo("Tax Type: " + TaxType): Tax Type: Personal Income Tax

2024-11-12 16:49:29 - [MESSAGE][INFO] - Tax Type: Personal Income Tax

2024-11-12 16:49:29 - [TEST_STEP][PASSED] - openBrowser(""): Browser is opened with url: ''

2024-11-12 16:49:29 - [MESSAGE][WARNING] - A browser is already opened. Closing browser and opening a new one

2024-11-12 16:49:31 - [MESSAGE][INFO] - Starting 'Chrome' driver

2024-11-12 16:49:31 - [MESSAGE][INFO] - User set preference: ['acceptInsecureCerts', 'true']

2024-11-12 16:49:31 - [MESSAGE][INFO] - Action delay is set to 0 milliseconds

2024-11-12 16:49:32 - [MESSAGE][PASSED] - Browser is opened with url: ''

2024-11-12 16:49:32 - [TEST_STEP][PASSED] - maximizeWindow(): Current window maximized

2024-11-12 16:49:32 - [MESSAGE][PASSED] - Current window maximized

2024-11-12 16:49:32 - [TEST_STEP][PASSED] - navigateToUrl(RADurl): Navigate to 'https://www.velocitypayment.com/client/rad/index.html' successfully

2024-11-12 16:49:33 - [MESSAGE][PASSED] - Navigate to 'https://www.velocitypayment.com/client/rad/index.html' successfully

2024-11-12 16:49:33 - [TEST_STEP][PASSED] - selectOptionByLabel(findTestObject(orPath_Landing + "/dd_TaxType"), PaymentType, false): All options with label 'New Tax Return Amount Due' are selected in object 'Object Repository/RAD_Pages/Landing_Page/dd_TaxType' 

2024-11-12 16:49:35 - [MESSAGE][PASSED] - All options with label 'New Tax Return Amount Due' are selected in object 'Object Repository/RAD_Pages/Landing_Page/dd_TaxType' 

2024-11-12 16:49:35 - [TEST_STEP][PASSED] - switch (PaymentType): null

2024-11-12 16:49:35 - [TEST_STEP][PASSED] - case "New Tax Return Amount Due":: null

2024-11-12 16:49:35 - [TEST_STEP][PASSED] - selectOptionByLabel(findTestObject("Object Repository/RAD_Pages/Landing_Page/select_NewTaxReturnAmountDue_TaxType"), TaxType, false): All options with label 'Personal Income Tax' are selected in object 'Object Repository/RAD_Pages/Landing_Page/select_NewTaxReturnAmountDue_TaxType' 

2024-11-12 16:49:36 - [MESSAGE][PASSED] - All options with label 'Personal Income Tax' are selected in object 'Object Repository/RAD_Pages/Landing_Page/select_NewTaxReturnAmountDue_TaxType' 

2024-11-12 16:49:36 - [TEST_STEP][PASSED] - break: null

2024-11-12 16:49:36 - [TEST_STEP][PASSED] - if (!(FilingYear.isEmpty())): All options with label '2022' are selected in object 'Object Repository/RAD_Pages/TaxTypeFilingYear_Page/select_FilingYear' 

2024-11-12 16:49:36 - [TEST_STEP][PASSED] - selectOptionByLabel(findTestObject(orPath_TaxTypeFilingYear + "/select_FilingYear"), FilingYear, false): All options with label '2022' are selected in object 'Object Repository/RAD_Pages/TaxTypeFilingYear_Page/select_FilingYear' 

2024-11-12 16:49:37 - [MESSAGE][PASSED] - All options with label '2022' are selected in object 'Object Repository/RAD_Pages/TaxTypeFilingYear_Page/select_FilingYear' 

2024-11-12 16:49:37 - [TEST_STEP][PASSED] - if (TaxType.equalsIgnoreCase("Estate Tax")): null

2024-11-12 16:49:37 - [TEST_STEP][PASSED] - else: rad.getSetDataRAD.setDataRADssnAndName is PASSED

2024-11-12 16:49:37 - [TEST_STEP][PASSED] - rad.getSetDataRAD.setDataRADssnAndName(): rad.getSetDataRAD.setDataRADssnAndName is PASSED

2024-11-12 16:49:38 - [MESSAGE][PASSED] - Text 'Jimmy' is set on object 'Object Repository/RAD_Pages/Taxpayer_Page/input_firstName'

2024-11-12 16:49:39 - [MESSAGE][PASSED] - Text 'Davi' is set on object 'Object Repository/RAD_Pages/Taxpayer_Page/input_lastName'

2024-11-12 16:49:40 - [MESSAGE][PASSED] - Text '123450001' is set on object 'Object Repository/RAD_RecordAndPlay/input_concatSSN'

2024-11-12 16:49:40 - [MESSAGE][PASSED] - Text '123450001' is set on object 'Object Repository/RAD_RecordAndPlay/input_concatReSSN'

2024-11-12 16:49:40 - [MESSAGE][PASSED] - rad.getSetDataRAD.setDataRADssnAndName is PASSED

2024-11-12 16:49:40 - [TEST_STEP][PASSED] - rad.getSetDataRAD.setDataRADAddress(): rad.getSetDataRAD.setDataRADAddress is PASSED

2024-11-12 16:49:41 - [MESSAGE][PASSED] - All options with label 'United States' are selected in object 'Object Repository/RAD_Pages/AddressAndContactInfo_Page/select_Country' 

2024-11-12 16:49:42 - [MESSAGE][PASSED] - Text '2508 Mandan Terrace' is set on object 'Object Repository/RAD_Pages/AddressAndContactInfo_Page/input_streetAddress1'

2024-11-12 16:49:43 - [MESSAGE][PASSED] - Text '' is set on object 'Object Repository/RAD_Pages/AddressAndContactInfo_Page/input_streetAddress2'

2024-11-12 16:49:44 - [MESSAGE][PASSED] - Text 'Gambrills' is set on object 'Object Repository/RAD_Pages/AddressAndContactInfo_Page/input_city'

2024-11-12 16:49:44 - [MESSAGE][PASSED] - All options with label 'Maryland' are selected in object 'Object Repository/RAD_Pages/AddressAndContactInfo_Page/select_State' 

2024-11-12 16:49:45 - [MESSAGE][PASSED] - Text '21054' is set on object 'Object Repository/RAD_Pages/AddressAndContactInfo_Page/input_zipCode'

2024-11-12 16:49:46 - [MESSAGE][PASSED] - Text '(703) 894-5000' is set on object 'Object Repository/RAD_Pages/AddressAndContactInfo_Page/input_phoneNumber'

2024-11-12 16:49:47 - [MESSAGE][PASSED] - Text 'iahmed@govolution.com' is set on object 'Object Repository/RAD_Pages/AddressAndContactInfo_Page/input_eMailAddress'

2024-11-12 16:49:47 - [MESSAGE][PASSED] - Text 'iahmed@govolution.com' is set on object 'Object Repository/RAD_Pages/AddressAndContactInfo_Page/input_reEnterEMailAddress'

2024-11-12 16:49:47 - [MESSAGE][PASSED] - rad.getSetDataRAD.setDataRADAddress is PASSED

2024-11-12 16:49:47 - [TEST_STEP][PASSED] - setText(findTestObject(orPath_Amount + "/input__paymentAmount"), "100.00"): Text '100.00' is set on object 'Object Repository/RAD_Pages/PaymentAmount_Page/input__paymentAmount'

2024-11-12 16:49:48 - [MESSAGE][PASSED] - Text '100.00' is set on object 'Object Repository/RAD_Pages/PaymentAmount_Page/input__paymentAmount'

2024-11-12 16:49:48 - [TEST_STEP][PASSED] - setText(findTestObject(orPath_AddressContact + "/input_streetAddress2"), ""): Text '' is set on object 'Object Repository/RAD_Pages/AddressAndContactInfo_Page/input_streetAddress2'

2024-11-12 16:49:49 - [MESSAGE][PASSED] - Text '' is set on object 'Object Repository/RAD_Pages/AddressAndContactInfo_Page/input_streetAddress2'

2024-11-12 16:49:49 - [TEST_STEP][PASSED] - scrollToElement(findTestObject(orPath_Landing + "/button_Continue"), 3): Scroll to object 'Object Repository/RAD_Pages/Landing_Page/button_Continue' successfully

2024-11-12 16:49:49 - [MESSAGE][PASSED] - Scroll to object 'Object Repository/RAD_Pages/Landing_Page/button_Continue' successfully

2024-11-12 16:49:49 - [TEST_STEP][PASSED] - waitForElementClickable(findTestObject(orPath_Landing + "/button_Continue"), 5): Object 'Object Repository/RAD_Pages/Landing_Page/button_Continue' is clickable

2024-11-12 16:49:49 - [MESSAGE][PASSED] - Object 'Object Repository/RAD_Pages/Landing_Page/button_Continue' is clickable

2024-11-12 16:49:49 - [TEST_STEP][PASSED] - click(findTestObject(orPath_Landing + "/button_Continue")): Object: 'Object Repository/RAD_Pages/Landing_Page/button_Continue' is clicked on

2024-11-12 16:49:50 - [MESSAGE][PASSED] - Object: 'Object Repository/RAD_Pages/Landing_Page/button_Continue' is clicked on

2024-11-12 16:49:50 - [TEST_STEP][PASSED] - delay(2): Delayed 2 second(s)

2024-11-12 16:49:52 - [MESSAGE][PASSED] - Delayed 2 second(s)

2024-11-12 16:49:52 - [TEST_STEP][PASSED] - verifyTextPresent("Summary", true): Text 'Summary' is present on page  using regular expression

2024-11-12 16:49:52 - [MESSAGE][PASSED] - Text 'Summary' is present on page  using regular expression

2024-11-12 16:49:52 - [TEST_STEP][PASSED] - verifyTextPresent("Review the information below and make any necessary corrections by clicking the", true): Text 'Review the information below and make any necessary corrections by clicking the' is present on page  using regular expression

2024-11-12 16:49:52 - [MESSAGE][PASSED] - Text 'Review the information below and make any necessary corrections by clicking the' is present on page  using regular expression

2024-11-12 16:49:52 - [TEST_STEP][PASSED] - verifyTextPresent("When you are confident that all the information is correct, click the", true): Text 'When you are confident that all the information is correct, click the' is present on page  using regular expression

2024-11-12 16:49:53 - [MESSAGE][PASSED] - Text 'When you are confident that all the information is correct, click the' is present on page  using regular expression

2024-11-12 16:49:53 - [TEST_STEP][PASSED] - verifyTextPresent("Payment Type/Filing Year", true): Text 'Payment Type/Filing Year' is present on page  using regular expression

2024-11-12 16:49:53 - [MESSAGE][PASSED] - Text 'Payment Type/Filing Year' is present on page  using regular expression

2024-11-12 16:49:53 - [TEST_STEP][PASSED] - verifyTextPresent("Payment Type:", true): Text 'Payment Type:' is present on page  using regular expression

2024-11-12 16:49:53 - [MESSAGE][PASSED] - Text 'Payment Type:' is present on page  using regular expression

2024-11-12 16:49:53 - [TEST_STEP][PASSED] - verifyTextPresent(PaymentType, true): Text 'New Tax Return Amount Due' is present on page  using regular expression

2024-11-12 16:49:54 - [MESSAGE][PASSED] - Text 'New Tax Return Amount Due' is present on page  using regular expression

2024-11-12 16:49:54 - [TEST_STEP][PASSED] - verifyTextPresent("Filing Year:", true): Text 'Filing Year:' is present on page  using regular expression

2024-11-12 16:49:54 - [MESSAGE][PASSED] - Text 'Filing Year:' is present on page  using regular expression

2024-11-12 16:49:54 - [TEST_STEP][PASSED] - verifyTextPresent(FilingYear, true): Text '2022' is present on page  using regular expression

2024-11-12 16:49:54 - [MESSAGE][PASSED] - Text '2022' is present on page  using regular expression

2024-11-12 16:49:54 - [TEST_STEP][PASSED] - verifyTextPresent("Payer Information", true): Text 'Payer Information' is present on page  using regular expression

2024-11-12 16:49:55 - [MESSAGE][PASSED] - Text 'Payer Information' is present on page  using regular expression

2024-11-12 16:49:55 - [TEST_STEP][PASSED] - verifyTextPresent("Taxpayer Name:", true): Text 'Taxpayer Name:' is present on page  using regular expression

2024-11-12 16:49:55 - [MESSAGE][PASSED] - Text 'Taxpayer Name:' is present on page  using regular expression

2024-11-12 16:49:55 - [TEST_STEP][PASSED] - switch (executionProfile): null

2024-11-12 16:49:55 - [TEST_STEP][PASSED] - verifyTextPresent("Taxpayer Address:", true): Text 'Taxpayer Address:' is present on page  using regular expression

2024-11-12 16:49:55 - [MESSAGE][PASSED] - Text 'Taxpayer Address:' is present on page  using regular expression

2024-11-12 16:49:55 - [TEST_STEP][PASSED] - verifyTextPresent("2508 Mandan Terrace Gambrills Maryland 21054", true): Text '2508 Mandan Terrace Gambrills Maryland 21054' is present on page  using regular expression

2024-11-12 16:49:56 - [MESSAGE][PASSED] - Text '2508 Mandan Terrace Gambrills Maryland 21054' is present on page  using regular expression

2024-11-12 16:49:56 - [TEST_STEP][PASSED] - verifyTextPresent("Email:", true): Text 'Email:' is present on page  using regular expression

2024-11-12 16:49:56 - [MESSAGE][PASSED] - Text 'Email:' is present on page  using regular expression

2024-11-12 16:49:56 - [TEST_STEP][PASSED] - verifyTextPresent("iahmed@govolution.com", true): Text 'iahmed@govolution.com' is present on page  using regular expression

2024-11-12 16:49:56 - [MESSAGE][PASSED] - Text 'iahmed@govolution.com' is present on page  using regular expression

2024-11-12 16:49:56 - [TEST_STEP][PASSED] - verifyTextPresent("Phone:", true): Text 'Phone:' is present on page  using regular expression

2024-11-12 16:49:57 - [MESSAGE][PASSED] - Text 'Phone:' is present on page  using regular expression

2024-11-12 16:49:57 - [TEST_STEP][PASSED] - verifyTextPresent("(703) 894-5000", false): Text '(703) 894-5000' is present on page 

2024-11-12 16:49:57 - [MESSAGE][PASSED] - Text '(703) 894-5000' is present on page 

2024-11-12 16:49:57 - [TEST_STEP][PASSED] - verifyTextPresent("Tax Information", true): Text 'Tax Information' is present on page  using regular expression

2024-11-12 16:49:57 - [MESSAGE][PASSED] - Text 'Tax Information' is present on page  using regular expression

2024-11-12 16:49:57 - [TEST_STEP][PASSED] - verifyTextPresent("Payment Amount:", true): Text 'Payment Amount:' is present on page  using regular expression

2024-11-12 16:49:58 - [MESSAGE][PASSED] - Text 'Payment Amount:' is present on page  using regular expression

2024-11-12 16:49:58 - [TEST_STEP][PASSED] - verifyTextPresent("100.00", true): Text '100.00' is present on page  using regular expression

2024-11-12 16:49:58 - [MESSAGE][PASSED] - Text '100.00' is present on page  using regular expression

2024-11-12 16:49:58 - [TEST_STEP][PASSED] - verifyTextNotPresent("Federal EIN:", true): Text 'Federal EIN:' is not present on page using regular expression

2024-11-12 16:49:58 - [MESSAGE][PASSED] - Text 'Federal EIN:' is not present on page using regular expression

2024-11-12 16:49:58 - [TEST_STEP][PASSED] - verifyTextNotPresent("FEIN/SSN:", true): Text 'FEIN/SSN:' is not present on page using regular expression

2024-11-12 16:49:59 - [MESSAGE][PASSED] - Text 'FEIN/SSN:' is not present on page using regular expression

2024-11-12 16:49:59 - [TEST_STEP][PASSED] - if (TaxType.equalsIgnoreCase("Estate Tax")): null

2024-11-12 16:49:59 - [TEST_STEP][PASSED] - else: Text 'Taxpayer SSN:' is present on page  using regular expression

2024-11-12 16:49:59 - [TEST_STEP][PASSED] - verifyTextPresent("Taxpayer SSN:", true): Text 'Taxpayer SSN:' is present on page  using regular expression

2024-11-12 16:49:59 - [MESSAGE][PASSED] - Text 'Taxpayer SSN:' is present on page  using regular expression

2024-11-12 16:49:59 - [TEST_STEP][PASSED] - if (verifyElementVisible(findTestObject(orPath_Summary + "/button_Proceed to Payment"))): null

2024-11-12 16:49:59 - [MESSAGE][PASSED] - Object 'Object Repository/RAD_Pages/Summary_Page/button_Proceed to Payment' is visible

2024-11-12 16:49:59 - [TEST_STEP][PASSED] - resText = "Pass": null

2024-11-12 16:49:59 - [TEST_STEP][PASSED] - pages.WriteExcel.demoKey(resText, datText, resColumn, datCloumn, fileLoc, nameSheet, row): pages.WriteExcel.demoKey is PASSED

2024-11-12 16:50:00 - [MESSAGE][PASSED] - pages.WriteExcel.demoKey is PASSED

2024-11-12 16:50:00 - [TEST_STEP][PASSED] - click(findTestObject(orPath_Summary + "/button_Proceed to Payment")): Object: 'Object Repository/RAD_Pages/Summary_Page/button_Proceed to Payment' is clicked on

2024-11-12 16:50:02 - [MESSAGE][PASSED] - Object: 'Object Repository/RAD_Pages/Summary_Page/button_Proceed to Payment' is clicked on

2024-11-12 16:50:02 - [TEST_STEP][PASSED] - verifyElementPresent(findTestObject("Object Repository/RAD_Pages/PaymentEntry_Page/input__billingName"), 30): Object 'Object Repository/RAD_Pages/PaymentEntry_Page/input__billingName' is present

2024-11-12 16:50:02 - [MESSAGE][PASSED] - Object 'Object Repository/RAD_Pages/PaymentEntry_Page/input__billingName' is present

2024-11-12 16:50:02 - [TEST_STEP][PASSED] - ExecuteTC = findTestData(dataFile).getValue("Execute", row): null

2024-11-12 16:50:02 - [TEST_STEP][PASSED] - TaxType = findTestData(dataFile).getValue("TaxType", row): null

2024-11-12 16:50:02 - [TEST_STEP][PASSED] - PaymentType = findTestData(dataFile).getValue("PaymentType", row): null

2024-11-12 16:50:02 - [TEST_STEP][PASSED] - FilingYear = findTestData(dataFile).getValue("Year", row): null

2024-11-12 16:50:02 - [TEST_STEP][PASSED] - if (ExecuteTC.equalsIgnoreCase("Y")): Object 'Object Repository/RAD_Pages/PaymentEntry_Page/input__billingName' is present

2024-11-12 16:50:02 - [TEST_STEP][PASSED] - out.println("Begin Record Number: " + row): null

2024-11-12 16:50:02 - [TEST_STEP][PASSED] - today = new java.util.Date(): null

2024-11-12 16:50:02 - [TEST_STEP][PASSED] - println(today): null

2024-11-12 16:50:02 - [TEST_STEP][PASSED] - datText = today: null

2024-11-12 16:50:02 - [TEST_STEP][PASSED] - logInfo("Payment Type: " + PaymentType): Payment Type: New Tax Return Amount Due

2024-11-12 16:50:02 - [MESSAGE][INFO] - Payment Type: New Tax Return Amount Due

2024-11-12 16:50:02 - [TEST_STEP][PASSED] - logInfo("Tax Type: " + TaxType): Tax Type: Personal Income Tax

2024-11-12 16:50:02 - [MESSAGE][INFO] - Tax Type: Personal Income Tax

2024-11-12 16:50:02 - [TEST_STEP][PASSED] - openBrowser(""): Browser is opened with url: ''

2024-11-12 16:50:02 - [MESSAGE][WARNING] - A browser is already opened. Closing browser and opening a new one

2024-11-12 16:50:04 - [MESSAGE][INFO] - Starting 'Chrome' driver

2024-11-12 16:50:04 - [MESSAGE][INFO] - User set preference: ['acceptInsecureCerts', 'true']

2024-11-12 16:50:04 - [MESSAGE][INFO] - Action delay is set to 0 milliseconds

2024-11-12 16:50:05 - [MESSAGE][PASSED] - Browser is opened with url: ''

2024-11-12 16:50:05 - [TEST_STEP][PASSED] - maximizeWindow(): Current window maximized

2024-11-12 16:50:05 - [MESSAGE][PASSED] - Current window maximized

2024-11-12 16:50:05 - [TEST_STEP][PASSED] - navigateToUrl(RADurl): Navigate to 'https://www.velocitypayment.com/client/rad/index.html' successfully

2024-11-12 16:50:07 - [MESSAGE][PASSED] - Navigate to 'https://www.velocitypayment.com/client/rad/index.html' successfully

2024-11-12 16:50:07 - [TEST_STEP][PASSED] - selectOptionByLabel(findTestObject(orPath_Landing + "/dd_TaxType"), PaymentType, false): All options with label 'New Tax Return Amount Due' are selected in object 'Object Repository/RAD_Pages/Landing_Page/dd_TaxType' 

2024-11-12 16:50:08 - [MESSAGE][PASSED] - All options with label 'New Tax Return Amount Due' are selected in object 'Object Repository/RAD_Pages/Landing_Page/dd_TaxType' 

2024-11-12 16:50:08 - [TEST_STEP][PASSED] - switch (PaymentType): null

2024-11-12 16:50:08 - [TEST_STEP][PASSED] - case "New Tax Return Amount Due":: null

2024-11-12 16:50:08 - [TEST_STEP][PASSED] - selectOptionByLabel(findTestObject("Object Repository/RAD_Pages/Landing_Page/select_NewTaxReturnAmountDue_TaxType"), TaxType, false): All options with label 'Personal Income Tax' are selected in object 'Object Repository/RAD_Pages/Landing_Page/select_NewTaxReturnAmountDue_TaxType' 

2024-11-12 16:50:09 - [MESSAGE][PASSED] - All options with label 'Personal Income Tax' are selected in object 'Object Repository/RAD_Pages/Landing_Page/select_NewTaxReturnAmountDue_TaxType' 

2024-11-12 16:50:09 - [TEST_STEP][PASSED] - break: null

2024-11-12 16:50:09 - [TEST_STEP][PASSED] - if (!(FilingYear.isEmpty())): All options with label '2021' are selected in object 'Object Repository/RAD_Pages/TaxTypeFilingYear_Page/select_FilingYear' 

2024-11-12 16:50:09 - [TEST_STEP][PASSED] - selectOptionByLabel(findTestObject(orPath_TaxTypeFilingYear + "/select_FilingYear"), FilingYear, false): All options with label '2021' are selected in object 'Object Repository/RAD_Pages/TaxTypeFilingYear_Page/select_FilingYear' 

2024-11-12 16:50:09 - [MESSAGE][PASSED] - All options with label '2021' are selected in object 'Object Repository/RAD_Pages/TaxTypeFilingYear_Page/select_FilingYear' 

2024-11-12 16:50:10 - [TEST_STEP][PASSED] - if (TaxType.equalsIgnoreCase("Estate Tax")): null

2024-11-12 16:50:10 - [TEST_STEP][PASSED] - else: rad.getSetDataRAD.setDataRADssnAndName is PASSED

2024-11-12 16:50:10 - [TEST_STEP][PASSED] - rad.getSetDataRAD.setDataRADssnAndName(): rad.getSetDataRAD.setDataRADssnAndName is PASSED

2024-11-12 16:50:11 - [MESSAGE][PASSED] - Text 'Jimmy' is set on object 'Object Repository/RAD_Pages/Taxpayer_Page/input_firstName'

2024-11-12 16:50:11 - [MESSAGE][PASSED] - Text 'Davi' is set on object 'Object Repository/RAD_Pages/Taxpayer_Page/input_lastName'

2024-11-12 16:50:12 - [MESSAGE][PASSED] - Text '123450001' is set on object 'Object Repository/RAD_RecordAndPlay/input_concatSSN'

2024-11-12 16:50:12 - [MESSAGE][PASSED] - Text '123450001' is set on object 'Object Repository/RAD_RecordAndPlay/input_concatReSSN'

2024-11-12 16:50:12 - [MESSAGE][PASSED] - rad.getSetDataRAD.setDataRADssnAndName is PASSED

2024-11-12 16:50:12 - [TEST_STEP][PASSED] - rad.getSetDataRAD.setDataRADAddress(): rad.getSetDataRAD.setDataRADAddress is PASSED

2024-11-12 16:50:13 - [MESSAGE][PASSED] - All options with label 'United States' are selected in object 'Object Repository/RAD_Pages/AddressAndContactInfo_Page/select_Country' 

2024-11-12 16:50:14 - [MESSAGE][PASSED] - Text '2508 Mandan Terrace' is set on object 'Object Repository/RAD_Pages/AddressAndContactInfo_Page/input_streetAddress1'

2024-11-12 16:50:15 - [MESSAGE][PASSED] - Text '' is set on object 'Object Repository/RAD_Pages/AddressAndContactInfo_Page/input_streetAddress2'

2024-11-12 16:50:16 - [MESSAGE][PASSED] - Text 'Gambrills' is set on object 'Object Repository/RAD_Pages/AddressAndContactInfo_Page/input_city'

2024-11-12 16:50:16 - [MESSAGE][PASSED] - All options with label 'Maryland' are selected in object 'Object Repository/RAD_Pages/AddressAndContactInfo_Page/select_State' 

2024-11-12 16:50:17 - [MESSAGE][PASSED] - Text '21054' is set on object 'Object Repository/RAD_Pages/AddressAndContactInfo_Page/input_zipCode'

2024-11-12 16:50:18 - [MESSAGE][PASSED] - Text '(703) 894-5000' is set on object 'Object Repository/RAD_Pages/AddressAndContactInfo_Page/input_phoneNumber'

2024-11-12 16:50:19 - [MESSAGE][PASSED] - Text 'iahmed@govolution.com' is set on object 'Object Repository/RAD_Pages/AddressAndContactInfo_Page/input_eMailAddress'

2024-11-12 16:50:19 - [MESSAGE][PASSED] - Text 'iahmed@govolution.com' is set on object 'Object Repository/RAD_Pages/AddressAndContactInfo_Page/input_reEnterEMailAddress'

2024-11-12 16:50:19 - [MESSAGE][PASSED] - rad.getSetDataRAD.setDataRADAddress is PASSED

2024-11-12 16:50:19 - [TEST_STEP][PASSED] - setText(findTestObject(orPath_Amount + "/input__paymentAmount"), "100.00"): Text '100.00' is set on object 'Object Repository/RAD_Pages/PaymentAmount_Page/input__paymentAmount'

2024-11-12 16:50:20 - [MESSAGE][PASSED] - Text '100.00' is set on object 'Object Repository/RAD_Pages/PaymentAmount_Page/input__paymentAmount'

2024-11-12 16:50:20 - [TEST_STEP][PASSED] - setText(findTestObject(orPath_AddressContact + "/input_streetAddress2"), ""): Text '' is set on object 'Object Repository/RAD_Pages/AddressAndContactInfo_Page/input_streetAddress2'

2024-11-12 16:50:21 - [MESSAGE][PASSED] - Text '' is set on object 'Object Repository/RAD_Pages/AddressAndContactInfo_Page/input_streetAddress2'

2024-11-12 16:50:21 - [TEST_STEP][PASSED] - scrollToElement(findTestObject(orPath_Landing + "/button_Continue"), 3): Scroll to object 'Object Repository/RAD_Pages/Landing_Page/button_Continue' successfully

2024-11-12 16:50:21 - [MESSAGE][PASSED] - Scroll to object 'Object Repository/RAD_Pages/Landing_Page/button_Continue' successfully

2024-11-12 16:50:21 - [TEST_STEP][PASSED] - waitForElementClickable(findTestObject(orPath_Landing + "/button_Continue"), 5): Object 'Object Repository/RAD_Pages/Landing_Page/button_Continue' is clickable

2024-11-12 16:50:22 - [MESSAGE][PASSED] - Object 'Object Repository/RAD_Pages/Landing_Page/button_Continue' is clickable

2024-11-12 16:50:22 - [TEST_STEP][PASSED] - click(findTestObject(orPath_Landing + "/button_Continue")): Object: 'Object Repository/RAD_Pages/Landing_Page/button_Continue' is clicked on

2024-11-12 16:50:22 - [MESSAGE][PASSED] - Object: 'Object Repository/RAD_Pages/Landing_Page/button_Continue' is clicked on

2024-11-12 16:50:22 - [TEST_STEP][PASSED] - delay(2): Delayed 2 second(s)

2024-11-12 16:50:24 - [MESSAGE][PASSED] - Delayed 2 second(s)

2024-11-12 16:50:24 - [TEST_STEP][PASSED] - verifyTextPresent("Summary", true): Text 'Summary' is present on page  using regular expression

2024-11-12 16:50:24 - [MESSAGE][PASSED] - Text 'Summary' is present on page  using regular expression

2024-11-12 16:50:24 - [TEST_STEP][PASSED] - verifyTextPresent("Review the information below and make any necessary corrections by clicking the", true): Text 'Review the information below and make any necessary corrections by clicking the' is present on page  using regular expression

2024-11-12 16:50:25 - [MESSAGE][PASSED] - Text 'Review the information below and make any necessary corrections by clicking the' is present on page  using regular expression

2024-11-12 16:50:25 - [TEST_STEP][PASSED] - verifyTextPresent("When you are confident that all the information is correct, click the", true): Text 'When you are confident that all the information is correct, click the' is present on page  using regular expression

2024-11-12 16:50:25 - [MESSAGE][PASSED] - Text 'When you are confident that all the information is correct, click the' is present on page  using regular expression

2024-11-12 16:50:25 - [TEST_STEP][PASSED] - verifyTextPresent("Payment Type/Filing Year", true): Text 'Payment Type/Filing Year' is present on page  using regular expression

2024-11-12 16:50:25 - [MESSAGE][PASSED] - Text 'Payment Type/Filing Year' is present on page  using regular expression

2024-11-12 16:50:25 - [TEST_STEP][PASSED] - verifyTextPresent("Payment Type:", true): Text 'Payment Type:' is present on page  using regular expression

2024-11-12 16:50:26 - [MESSAGE][PASSED] - Text 'Payment Type:' is present on page  using regular expression

2024-11-12 16:50:26 - [TEST_STEP][PASSED] - verifyTextPresent(PaymentType, true): Text 'New Tax Return Amount Due' is present on page  using regular expression

2024-11-12 16:50:26 - [MESSAGE][PASSED] - Text 'New Tax Return Amount Due' is present on page  using regular expression

2024-11-12 16:50:26 - [TEST_STEP][PASSED] - verifyTextPresent("Filing Year:", true): Text 'Filing Year:' is present on page  using regular expression

2024-11-12 16:50:26 - [MESSAGE][PASSED] - Text 'Filing Year:' is present on page  using regular expression

2024-11-12 16:50:26 - [TEST_STEP][PASSED] - verifyTextPresent(FilingYear, true): Text '2021' is present on page  using regular expression

2024-11-12 16:50:27 - [MESSAGE][PASSED] - Text '2021' is present on page  using regular expression

2024-11-12 16:50:27 - [TEST_STEP][PASSED] - verifyTextPresent("Payer Information", true): Text 'Payer Information' is present on page  using regular expression

2024-11-12 16:50:27 - [MESSAGE][PASSED] - Text 'Payer Information' is present on page  using regular expression

2024-11-12 16:50:27 - [TEST_STEP][PASSED] - verifyTextPresent("Taxpayer Name:", true): Text 'Taxpayer Name:' is present on page  using regular expression

2024-11-12 16:50:27 - [MESSAGE][PASSED] - Text 'Taxpayer Name:' is present on page  using regular expression

2024-11-12 16:50:27 - [TEST_STEP][PASSED] - switch (executionProfile): null

2024-11-12 16:50:27 - [TEST_STEP][PASSED] - verifyTextPresent("Taxpayer Address:", true): Text 'Taxpayer Address:' is present on page  using regular expression

2024-11-12 16:50:28 - [MESSAGE][PASSED] - Text 'Taxpayer Address:' is present on page  using regular expression

2024-11-12 16:50:28 - [TEST_STEP][PASSED] - verifyTextPresent("2508 Mandan Terrace Gambrills Maryland 21054", true): Text '2508 Mandan Terrace Gambrills Maryland 21054' is present on page  using regular expression

2024-11-12 16:50:28 - [MESSAGE][PASSED] - Text '2508 Mandan Terrace Gambrills Maryland 21054' is present on page  using regular expression

2024-11-12 16:50:28 - [TEST_STEP][PASSED] - verifyTextPresent("Email:", true): Text 'Email:' is present on page  using regular expression

2024-11-12 16:50:28 - [MESSAGE][PASSED] - Text 'Email:' is present on page  using regular expression

2024-11-12 16:50:28 - [TEST_STEP][PASSED] - verifyTextPresent("iahmed@govolution.com", true): Text 'iahmed@govolution.com' is present on page  using regular expression

2024-11-12 16:50:29 - [MESSAGE][PASSED] - Text 'iahmed@govolution.com' is present on page  using regular expression

2024-11-12 16:50:29 - [TEST_STEP][PASSED] - verifyTextPresent("Phone:", true): Text 'Phone:' is present on page  using regular expression

2024-11-12 16:50:29 - [MESSAGE][PASSED] - Text 'Phone:' is present on page  using regular expression

2024-11-12 16:50:29 - [TEST_STEP][PASSED] - verifyTextPresent("(703) 894-5000", false): Text '(703) 894-5000' is present on page 

2024-11-12 16:50:29 - [MESSAGE][PASSED] - Text '(703) 894-5000' is present on page 

2024-11-12 16:50:29 - [TEST_STEP][PASSED] - verifyTextPresent("Tax Information", true): Text 'Tax Information' is present on page  using regular expression

2024-11-12 16:50:30 - [MESSAGE][PASSED] - Text 'Tax Information' is present on page  using regular expression

2024-11-12 16:50:30 - [TEST_STEP][PASSED] - verifyTextPresent("Payment Amount:", true): Text 'Payment Amount:' is present on page  using regular expression

2024-11-12 16:50:30 - [MESSAGE][PASSED] - Text 'Payment Amount:' is present on page  using regular expression

2024-11-12 16:50:30 - [TEST_STEP][PASSED] - verifyTextPresent("100.00", true): Text '100.00' is present on page  using regular expression

2024-11-12 16:50:30 - [MESSAGE][PASSED] - Text '100.00' is present on page  using regular expression

2024-11-12 16:50:30 - [TEST_STEP][PASSED] - verifyTextNotPresent("Federal EIN:", true): Text 'Federal EIN:' is not present on page using regular expression

2024-11-12 16:50:31 - [MESSAGE][PASSED] - Text 'Federal EIN:' is not present on page using regular expression

2024-11-12 16:50:31 - [TEST_STEP][PASSED] - verifyTextNotPresent("FEIN/SSN:", true): Text 'FEIN/SSN:' is not present on page using regular expression

2024-11-12 16:50:31 - [MESSAGE][PASSED] - Text 'FEIN/SSN:' is not present on page using regular expression

2024-11-12 16:50:31 - [TEST_STEP][PASSED] - if (TaxType.equalsIgnoreCase("Estate Tax")): null

2024-11-12 16:50:31 - [TEST_STEP][PASSED] - else: Text 'Taxpayer SSN:' is present on page  using regular expression

2024-11-12 16:50:31 - [TEST_STEP][PASSED] - verifyTextPresent("Taxpayer SSN:", true): Text 'Taxpayer SSN:' is present on page  using regular expression

2024-11-12 16:50:31 - [MESSAGE][PASSED] - Text 'Taxpayer SSN:' is present on page  using regular expression

2024-11-12 16:50:31 - [TEST_STEP][PASSED] - if (verifyElementVisible(findTestObject(orPath_Summary + "/button_Proceed to Payment"))): null

2024-11-12 16:50:32 - [MESSAGE][PASSED] - Object 'Object Repository/RAD_Pages/Summary_Page/button_Proceed to Payment' is visible

2024-11-12 16:50:32 - [TEST_STEP][PASSED] - resText = "Pass": null

2024-11-12 16:50:32 - [TEST_STEP][PASSED] - pages.WriteExcel.demoKey(resText, datText, resColumn, datCloumn, fileLoc, nameSheet, row): pages.WriteExcel.demoKey is PASSED

2024-11-12 16:50:32 - [MESSAGE][PASSED] - pages.WriteExcel.demoKey is PASSED

2024-11-12 16:50:32 - [TEST_STEP][PASSED] - click(findTestObject(orPath_Summary + "/button_Proceed to Payment")): Object: 'Object Repository/RAD_Pages/Summary_Page/button_Proceed to Payment' is clicked on

2024-11-12 16:50:34 - [MESSAGE][PASSED] - Object: 'Object Repository/RAD_Pages/Summary_Page/button_Proceed to Payment' is clicked on

2024-11-12 16:50:34 - [TEST_STEP][PASSED] - verifyElementPresent(findTestObject("Object Repository/RAD_Pages/PaymentEntry_Page/input__billingName"), 30): Object 'Object Repository/RAD_Pages/PaymentEntry_Page/input__billingName' is present

2024-11-12 16:50:35 - [MESSAGE][PASSED] - Object 'Object Repository/RAD_Pages/PaymentEntry_Page/input__billingName' is present

2024-11-12 16:50:35 - [TEST_STEP][PASSED] - ExecuteTC = findTestData(dataFile).getValue("Execute", row): null

2024-11-12 16:50:35 - [TEST_STEP][PASSED] - TaxType = findTestData(dataFile).getValue("TaxType", row): null

2024-11-12 16:50:36 - [TEST_STEP][PASSED] - PaymentType = findTestData(dataFile).getValue("PaymentType", row): null

2024-11-12 16:50:36 - [TEST_STEP][PASSED] - FilingYear = findTestData(dataFile).getValue("Year", row): null

2024-11-12 16:50:36 - [TEST_STEP][PASSED] - if (ExecuteTC.equalsIgnoreCase("Y")): null

2024-11-12 16:50:36 - [TEST_STEP][PASSED] - ExecuteTC = findTestData(dataFile).getValue("Execute", row): null

2024-11-12 16:50:36 - [TEST_STEP][PASSED] - TaxType = findTestData(dataFile).getValue("TaxType", row): null

2024-11-12 16:50:36 - [TEST_STEP][PASSED] - PaymentType = findTestData(dataFile).getValue("PaymentType", row): null

2024-11-12 16:50:36 - [TEST_STEP][PASSED] - FilingYear = findTestData(dataFile).getValue("Year", row): null

2024-11-12 16:50:37 - [TEST_STEP][PASSED] - if (ExecuteTC.equalsIgnoreCase("Y")): null

2024-11-12 16:50:37 - [TEST_STEP][PASSED] - ExecuteTC = findTestData(dataFile).getValue("Execute", row): null

2024-11-12 16:50:37 - [TEST_STEP][PASSED] - TaxType = findTestData(dataFile).getValue("TaxType", row): null

2024-11-12 16:50:37 - [TEST_STEP][PASSED] - PaymentType = findTestData(dataFile).getValue("PaymentType", row): null

2024-11-12 16:50:37 - [TEST_STEP][PASSED] - FilingYear = findTestData(dataFile).getValue("Year", row): null

2024-11-12 16:50:37 - [TEST_STEP][PASSED] - if (ExecuteTC.equalsIgnoreCase("Y")): null]]></system-out>
         <system-err><![CDATA[]]></system-err>
      </testcase>
      <testcase name="Test Cases/RAD_TestCases/Summary_TestCases/Personal_Joint_Summary_TC" time="207.065" classname="Test Cases/RAD_TestCases/Summary_TestCases/Personal_Joint_Summary_TC" status="PASSED">
         <system-out><![CDATA[2024-11-12 16:50:37 - [TEST_CASE][PASSED] - Test Cases/RAD_TestCases/Summary_TestCases/Personal_Joint_Summary_TC: Test Cases/RAD_TestCases/Summary_TestCases/Personal_Joint_Summary_TC

2024-11-12 16:50:38 - [TEST_STEP][PASSED] - resText = "Fail": null

2024-11-12 16:50:38 - [TEST_STEP][PASSED] - resColumn = "Result": null

2024-11-12 16:50:38 - [TEST_STEP][PASSED] - datCloumn = "Date": null

2024-11-12 16:50:38 - [TEST_STEP][PASSED] - fileLoc = "KatalonData/RADTestData/Summary.xlsx": null

2024-11-12 16:50:38 - [TEST_STEP][PASSED] - nameSheet = "Personal_JNT": null

2024-11-12 16:50:38 - [TEST_STEP][PASSED] - dataFile = "RADTestData/Summary_Personal_JNT": null

2024-11-12 16:50:38 - [TEST_STEP][PASSED] - orPath_Landing = "Object Repository/RAD_Pages/Landing_Page": null

2024-11-12 16:50:38 - [TEST_STEP][PASSED] - orPath_TaxTypeFilingYear = "Object Repository/RAD_Pages/TaxTypeFilingYear_Page": null

2024-11-12 16:50:38 - [TEST_STEP][PASSED] - orPath_Amount = "Object Repository/RAD_Pages/PaymentAmount_Page": null

2024-11-12 16:50:38 - [TEST_STEP][PASSED] - orPath_AddressContact = "Object Repository/RAD_Pages/AddressAndContactInfo_Page": null

2024-11-12 16:50:38 - [TEST_STEP][PASSED] - orPath_Summary = "Object Repository/RAD_Pages/Summary_Page": null

2024-11-12 16:50:38 - [TEST_STEP][PASSED] - orPath_PaymentConfirmation = "Object Repository/RAD_Pages/PaymentConfirmation_Page": null

2024-11-12 16:50:38 - [TEST_STEP][PASSED] - orPath_ServiceFeesAccept = "Object Repository/RAD_Pages/ServiceFeeAccept_Page": null

2024-11-12 16:50:38 - [TEST_STEP][PASSED] - orPath_PaymentEntry = "Object Repository/RAD_Pages/PaymentEntry_Page": null

2024-11-12 16:50:38 - [TEST_STEP][PASSED] - orPath_FilingStatus = "Object Repository/RAD_Pages/FilingStatus_Page": null

2024-11-12 16:50:38 - [TEST_STEP][PASSED] - ExecuteTC = <not implemented yet for class: org.codehaus.groovy.ast.expr.EmptyExpression>: null

2024-11-12 16:50:38 - [TEST_STEP][PASSED] - TaxType = <not implemented yet for class: org.codehaus.groovy.ast.expr.EmptyExpression>: null

2024-11-12 16:50:38 - [TEST_STEP][PASSED] - PaymentType = <not implemented yet for class: org.codehaus.groovy.ast.expr.EmptyExpression>: null

2024-11-12 16:50:38 - [TEST_STEP][PASSED] - FilingYear = <not implemented yet for class: org.codehaus.groovy.ast.expr.EmptyExpression>: null

2024-11-12 16:50:38 - [TEST_STEP][PASSED] - PeriodEndingMonth = <not implemented yet for class: org.codehaus.groovy.ast.expr.EmptyExpression>: null

2024-11-12 16:50:38 - [TEST_STEP][PASSED] - executionProfile = getExecutionProfile(): null

2024-11-12 16:50:38 - [TEST_STEP][PASSED] - numOfRows = findTestData(dataFile).getRowNumbers(): null

2024-11-12 16:50:38 - [TEST_STEP][PASSED] - println("Number of Records: " + numOfRows): null

2024-11-12 16:50:38 - [TEST_STEP][PASSED] - for ([row = 1, row <= numOfRows, (row++)]): Object 'Object Repository/RAD_Pages/PaymentEntry_Page/input__billingName' is present

2024-11-12 16:50:38 - [TEST_STEP][PASSED] - ExecuteTC = findTestData(dataFile).getValue("Execute", row): null

2024-11-12 16:50:38 - [TEST_STEP][PASSED] - TaxType = findTestData(dataFile).getValue("TaxType", row): null

2024-11-12 16:50:38 - [TEST_STEP][PASSED] - PaymentType = findTestData(dataFile).getValue("PaymentType", row): null

2024-11-12 16:50:39 - [TEST_STEP][PASSED] - FilingYear = findTestData(dataFile).getValue("Year", row): null

2024-11-12 16:50:39 - [TEST_STEP][PASSED] - if (ExecuteTC.equalsIgnoreCase("Y")): Object 'Object Repository/RAD_Pages/PaymentEntry_Page/input__billingName' is present

2024-11-12 16:50:39 - [TEST_STEP][PASSED] - out.println("Begin Record Number: " + row): null

2024-11-12 16:50:39 - [TEST_STEP][PASSED] - today = new java.util.Date(): null

2024-11-12 16:50:39 - [TEST_STEP][PASSED] - println(today): null

2024-11-12 16:50:39 - [TEST_STEP][PASSED] - datText = today: null

2024-11-12 16:50:39 - [TEST_STEP][PASSED] - logInfo("Payment Type: " + PaymentType): Payment Type: Quarterly Estimated Tax

2024-11-12 16:50:39 - [MESSAGE][INFO] - Payment Type: Quarterly Estimated Tax

2024-11-12 16:50:39 - [TEST_STEP][PASSED] - logInfo("Tax Type: " + TaxType): Tax Type: Personal Income Tax

2024-11-12 16:50:39 - [MESSAGE][INFO] - Tax Type: Personal Income Tax

2024-11-12 16:50:39 - [TEST_STEP][PASSED] - openBrowser(""): Browser is opened with url: ''

2024-11-12 16:50:39 - [MESSAGE][WARNING] - A browser is already opened. Closing browser and opening a new one

2024-11-12 16:50:40 - [MESSAGE][INFO] - Starting 'Chrome' driver

2024-11-12 16:50:40 - [MESSAGE][INFO] - User set preference: ['acceptInsecureCerts', 'true']

2024-11-12 16:50:40 - [MESSAGE][INFO] - Action delay is set to 0 milliseconds

2024-11-12 16:50:42 - [MESSAGE][PASSED] - Browser is opened with url: ''

2024-11-12 16:50:42 - [TEST_STEP][PASSED] - maximizeWindow(): Current window maximized

2024-11-12 16:50:42 - [MESSAGE][PASSED] - Current window maximized

2024-11-12 16:50:42 - [TEST_STEP][PASSED] - navigateToUrl(RADurl): Navigate to 'https://www.velocitypayment.com/client/rad/index.html' successfully

2024-11-12 16:50:44 - [MESSAGE][PASSED] - Navigate to 'https://www.velocitypayment.com/client/rad/index.html' successfully

2024-11-12 16:50:44 - [TEST_STEP][PASSED] - selectOptionByLabel(findTestObject(orPath_Landing + "/dd_TaxType"), PaymentType, false): All options with label 'Quarterly Estimated Tax' are selected in object 'Object Repository/RAD_Pages/Landing_Page/dd_TaxType' 

2024-11-12 16:50:45 - [MESSAGE][PASSED] - All options with label 'Quarterly Estimated Tax' are selected in object 'Object Repository/RAD_Pages/Landing_Page/dd_TaxType' 

2024-11-12 16:50:45 - [TEST_STEP][PASSED] - switch (PaymentType): null

2024-11-12 16:50:45 - [TEST_STEP][PASSED] - case "Quarterly Estimated Tax":: null

2024-11-12 16:50:45 - [TEST_STEP][PASSED] - selectOptionByLabel(findTestObject(orPath_TaxTypeFilingYear + "/select_PaymentType"), TaxType, false): All options with label 'Personal Income Tax' are selected in object 'Object Repository/RAD_Pages/TaxTypeFilingYear_Page/select_PaymentType' 

2024-11-12 16:50:45 - [MESSAGE][PASSED] - All options with label 'Personal Income Tax' are selected in object 'Object Repository/RAD_Pages/TaxTypeFilingYear_Page/select_PaymentType' 

2024-11-12 16:50:45 - [TEST_STEP][PASSED] - break: null

2024-11-12 16:50:45 - [TEST_STEP][PASSED] - if (!(FilingYear.isEmpty())): All options with label '2024' are selected in object 'Object Repository/RAD_Pages/TaxTypeFilingYear_Page/select_FilingYear' 

2024-11-12 16:50:45 - [TEST_STEP][PASSED] - selectOptionByLabel(findTestObject(orPath_TaxTypeFilingYear + "/select_FilingYear"), FilingYear, false): All options with label '2024' are selected in object 'Object Repository/RAD_Pages/TaxTypeFilingYear_Page/select_FilingYear' 

2024-11-12 16:50:46 - [MESSAGE][PASSED] - All options with label '2024' are selected in object 'Object Repository/RAD_Pages/TaxTypeFilingYear_Page/select_FilingYear' 

2024-11-12 16:50:46 - [TEST_STEP][PASSED] - if (TaxType.equalsIgnoreCase("Estate Tax")): null

2024-11-12 16:50:46 - [TEST_STEP][PASSED] - else: rad.getSetDataRAD.setDataRADssnAndName is PASSED

2024-11-12 16:50:46 - [TEST_STEP][PASSED] - rad.getSetDataRAD.setDataRADssnAndName(): rad.getSetDataRAD.setDataRADssnAndName is PASSED

2024-11-12 16:50:47 - [MESSAGE][PASSED] - Text 'Jimmy' is set on object 'Object Repository/RAD_Pages/Taxpayer_Page/input_firstName'

2024-11-12 16:50:48 - [MESSAGE][PASSED] - Text 'Davi' is set on object 'Object Repository/RAD_Pages/Taxpayer_Page/input_lastName'

2024-11-12 16:50:48 - [MESSAGE][PASSED] - Text '123450001' is set on object 'Object Repository/RAD_RecordAndPlay/input_concatSSN'

2024-11-12 16:50:49 - [MESSAGE][PASSED] - Text '123450001' is set on object 'Object Repository/RAD_RecordAndPlay/input_concatReSSN'

2024-11-12 16:50:49 - [MESSAGE][PASSED] - rad.getSetDataRAD.setDataRADssnAndName is PASSED

2024-11-12 16:50:49 - [TEST_STEP][PASSED] - rad.getSetDataRAD.setDataRADAddress(): rad.getSetDataRAD.setDataRADAddress is PASSED

2024-11-12 16:50:50 - [MESSAGE][PASSED] - All options with label 'United States' are selected in object 'Object Repository/RAD_Pages/AddressAndContactInfo_Page/select_Country' 

2024-11-12 16:50:51 - [MESSAGE][PASSED] - Text '2508 Mandan Terrace' is set on object 'Object Repository/RAD_Pages/AddressAndContactInfo_Page/input_streetAddress1'

2024-11-12 16:50:52 - [MESSAGE][PASSED] - Text '' is set on object 'Object Repository/RAD_Pages/AddressAndContactInfo_Page/input_streetAddress2'

2024-11-12 16:50:52 - [MESSAGE][PASSED] - Text 'Gambrills' is set on object 'Object Repository/RAD_Pages/AddressAndContactInfo_Page/input_city'

2024-11-12 16:50:53 - [MESSAGE][PASSED] - All options with label 'Maryland' are selected in object 'Object Repository/RAD_Pages/AddressAndContactInfo_Page/select_State' 

2024-11-12 16:50:54 - [MESSAGE][PASSED] - Text '21054' is set on object 'Object Repository/RAD_Pages/AddressAndContactInfo_Page/input_zipCode'

2024-11-12 16:50:55 - [MESSAGE][PASSED] - Text '(703) 894-5000' is set on object 'Object Repository/RAD_Pages/AddressAndContactInfo_Page/input_phoneNumber'

2024-11-12 16:50:56 - [MESSAGE][PASSED] - Text 'iahmed@govolution.com' is set on object 'Object Repository/RAD_Pages/AddressAndContactInfo_Page/input_eMailAddress'

2024-11-12 16:50:56 - [MESSAGE][PASSED] - Text 'iahmed@govolution.com' is set on object 'Object Repository/RAD_Pages/AddressAndContactInfo_Page/input_reEnterEMailAddress'

2024-11-12 16:50:56 - [MESSAGE][PASSED] - rad.getSetDataRAD.setDataRADAddress is PASSED

2024-11-12 16:50:56 - [TEST_STEP][PASSED] - scrollToElement(findTestObject(orPath_Landing + "/button_Continue"), 3): Scroll to object 'Object Repository/RAD_Pages/Landing_Page/button_Continue' successfully

2024-11-12 16:50:57 - [MESSAGE][PASSED] - Scroll to object 'Object Repository/RAD_Pages/Landing_Page/button_Continue' successfully

2024-11-12 16:50:57 - [TEST_STEP][PASSED] - waitForElementClickable(findTestObject(orPath_FilingStatus + "/input_JointFiling_userType_New"), 5): Object 'Object Repository/RAD_Pages/FilingStatus_Page/input_JointFiling_userType_New' is clickable

2024-11-12 16:50:57 - [MESSAGE][PASSED] - Object 'Object Repository/RAD_Pages/FilingStatus_Page/input_JointFiling_userType_New' is clickable

2024-11-12 16:50:57 - [TEST_STEP][PASSED] - check(findTestObject(orPath_FilingStatus + "/input_JointFiling_userType_New")): Object 'Object Repository/RAD_Pages/FilingStatus_Page/input_JointFiling_userType_New' is checked

2024-11-12 16:50:57 - [MESSAGE][PASSED] - Object 'Object Repository/RAD_Pages/FilingStatus_Page/input_JointFiling_userType_New' is checked

2024-11-12 16:50:57 - [TEST_STEP][PASSED] - delay(2): Delayed 2 second(s)

2024-11-12 16:50:59 - [MESSAGE][PASSED] - Delayed 2 second(s)

2024-11-12 16:50:59 - [TEST_STEP][PASSED] - rad.getSetDataRAD.setDataRADssnAndNameJointFiler(): rad.getSetDataRAD.setDataRADssnAndNameJointFiler is PASSED

2024-11-12 16:51:00 - [MESSAGE][PASSED] - Text 'Larsons' is set on object 'Object Repository/RAD_Pages/FilingStatus_Page/input_jointFirstName'

2024-11-12 16:51:01 - [MESSAGE][PASSED] - Text 'Daug' is set on object 'Object Repository/RAD_Pages/FilingStatus_Page/input_jointLastName'

2024-11-12 16:51:01 - [MESSAGE][PASSED] - Text '123450001' is set on object 'Object Repository/RAD_RecordAndPlay/input_JointFilerSSN'

2024-11-12 16:51:02 - [MESSAGE][PASSED] - Text '123450001' is set on object 'Object Repository/RAD_RecordAndPlay/input_reTypeJointFilerSSN'

2024-11-12 16:51:02 - [MESSAGE][PASSED] - rad.getSetDataRAD.setDataRADssnAndNameJointFiler is PASSED

2024-11-12 16:51:02 - [TEST_STEP][PASSED] - setText(findTestObject(orPath_Amount + "/input__paymentAmount"), "100.00"): Text '100.00' is set on object 'Object Repository/RAD_Pages/PaymentAmount_Page/input__paymentAmount'

2024-11-12 16:51:03 - [MESSAGE][PASSED] - Text '100.00' is set on object 'Object Repository/RAD_Pages/PaymentAmount_Page/input__paymentAmount'

2024-11-12 16:51:03 - [TEST_STEP][PASSED] - setText(findTestObject(orPath_AddressContact + "/input_streetAddress2"), ""): Text '' is set on object 'Object Repository/RAD_Pages/AddressAndContactInfo_Page/input_streetAddress2'

2024-11-12 16:51:04 - [MESSAGE][PASSED] - Text '' is set on object 'Object Repository/RAD_Pages/AddressAndContactInfo_Page/input_streetAddress2'

2024-11-12 16:51:04 - [TEST_STEP][PASSED] - scrollToElement(findTestObject(orPath_Landing + "/button_Continue"), 3): Scroll to object 'Object Repository/RAD_Pages/Landing_Page/button_Continue' successfully

2024-11-12 16:51:04 - [MESSAGE][PASSED] - Scroll to object 'Object Repository/RAD_Pages/Landing_Page/button_Continue' successfully

2024-11-12 16:51:04 - [TEST_STEP][PASSED] - waitForElementClickable(findTestObject(orPath_Landing + "/button_Continue"), 5): Object 'Object Repository/RAD_Pages/Landing_Page/button_Continue' is clickable

2024-11-12 16:51:04 - [MESSAGE][PASSED] - Object 'Object Repository/RAD_Pages/Landing_Page/button_Continue' is clickable

2024-11-12 16:51:04 - [TEST_STEP][PASSED] - click(findTestObject(orPath_Landing + "/button_Continue")): Object: 'Object Repository/RAD_Pages/Landing_Page/button_Continue' is clicked on

2024-11-12 16:51:05 - [MESSAGE][PASSED] - Object: 'Object Repository/RAD_Pages/Landing_Page/button_Continue' is clicked on

2024-11-12 16:51:05 - [TEST_STEP][PASSED] - delay(2): Delayed 2 second(s)

2024-11-12 16:51:07 - [MESSAGE][PASSED] - Delayed 2 second(s)

2024-11-12 16:51:07 - [TEST_STEP][PASSED] - verifyTextPresent("Summary", true): Text 'Summary' is present on page  using regular expression

2024-11-12 16:51:07 - [MESSAGE][PASSED] - Text 'Summary' is present on page  using regular expression

2024-11-12 16:51:07 - [TEST_STEP][PASSED] - verifyTextPresent("Review the information below and make any necessary corrections by clicking the", true): Text 'Review the information below and make any necessary corrections by clicking the' is present on page  using regular expression

2024-11-12 16:51:08 - [MESSAGE][PASSED] - Text 'Review the information below and make any necessary corrections by clicking the' is present on page  using regular expression

2024-11-12 16:51:08 - [TEST_STEP][PASSED] - verifyTextPresent("When you are confident that all the information is correct, click the", true): Text 'When you are confident that all the information is correct, click the' is present on page  using regular expression

2024-11-12 16:51:08 - [MESSAGE][PASSED] - Text 'When you are confident that all the information is correct, click the' is present on page  using regular expression

2024-11-12 16:51:08 - [TEST_STEP][PASSED] - verifyTextPresent("Payment Type/Filing Year", true): Text 'Payment Type/Filing Year' is present on page  using regular expression

2024-11-12 16:51:08 - [MESSAGE][PASSED] - Text 'Payment Type/Filing Year' is present on page  using regular expression

2024-11-12 16:51:08 - [TEST_STEP][PASSED] - verifyTextPresent("Payment Type:", true): Text 'Payment Type:' is present on page  using regular expression

2024-11-12 16:51:09 - [MESSAGE][PASSED] - Text 'Payment Type:' is present on page  using regular expression

2024-11-12 16:51:09 - [TEST_STEP][PASSED] - verifyTextPresent(PaymentType, true): Text 'Quarterly Estimated Tax' is present on page  using regular expression

2024-11-12 16:51:09 - [MESSAGE][PASSED] - Text 'Quarterly Estimated Tax' is present on page  using regular expression

2024-11-12 16:51:09 - [TEST_STEP][PASSED] - verifyTextPresent("Filing Year:", true): Text 'Filing Year:' is present on page  using regular expression

2024-11-12 16:51:09 - [MESSAGE][PASSED] - Text 'Filing Year:' is present on page  using regular expression

2024-11-12 16:51:09 - [TEST_STEP][PASSED] - verifyTextPresent(FilingYear, true): Text '2024' is present on page  using regular expression

2024-11-12 16:51:10 - [MESSAGE][PASSED] - Text '2024' is present on page  using regular expression

2024-11-12 16:51:10 - [TEST_STEP][PASSED] - verifyTextPresent("Payer Information", true): Text 'Payer Information' is present on page  using regular expression

2024-11-12 16:51:10 - [MESSAGE][PASSED] - Text 'Payer Information' is present on page  using regular expression

2024-11-12 16:51:10 - [TEST_STEP][PASSED] - verifyTextPresent("Taxpayer Name:", true): Text 'Taxpayer Name:' is present on page  using regular expression

2024-11-12 16:51:10 - [MESSAGE][PASSED] - Text 'Taxpayer Name:' is present on page  using regular expression

2024-11-12 16:51:10 - [TEST_STEP][PASSED] - switch (executionProfile): null

2024-11-12 16:51:10 - [TEST_STEP][PASSED] - verifyTextPresent("Taxpayer SSN:", true): Text 'Taxpayer SSN:' is present on page  using regular expression

2024-11-12 16:51:11 - [MESSAGE][PASSED] - Text 'Taxpayer SSN:' is present on page  using regular expression

2024-11-12 16:51:11 - [TEST_STEP][PASSED] - verifyTextPresent("Taxpayer Address:", true): Text 'Taxpayer Address:' is present on page  using regular expression

2024-11-12 16:51:11 - [MESSAGE][PASSED] - Text 'Taxpayer Address:' is present on page  using regular expression

2024-11-12 16:51:11 - [TEST_STEP][PASSED] - verifyTextPresent("2508 Mandan Terrace Gambrills Maryland 21054", true): Text '2508 Mandan Terrace Gambrills Maryland 21054' is present on page  using regular expression

2024-11-12 16:51:11 - [MESSAGE][PASSED] - Text '2508 Mandan Terrace Gambrills Maryland 21054' is present on page  using regular expression

2024-11-12 16:51:11 - [TEST_STEP][PASSED] - verifyTextPresent("Email:", true): Text 'Email:' is present on page  using regular expression

2024-11-12 16:51:12 - [MESSAGE][PASSED] - Text 'Email:' is present on page  using regular expression

2024-11-12 16:51:12 - [TEST_STEP][PASSED] - verifyTextPresent("iahmed@govolution.com", true): Text 'iahmed@govolution.com' is present on page  using regular expression

2024-11-12 16:51:12 - [MESSAGE][PASSED] - Text 'iahmed@govolution.com' is present on page  using regular expression

2024-11-12 16:51:12 - [TEST_STEP][PASSED] - verifyTextPresent("Phone:", true): Text 'Phone:' is present on page  using regular expression

2024-11-12 16:51:12 - [MESSAGE][PASSED] - Text 'Phone:' is present on page  using regular expression

2024-11-12 16:51:12 - [TEST_STEP][PASSED] - verifyTextPresent("(703) 894-5000", false): Text '(703) 894-5000' is present on page 

2024-11-12 16:51:13 - [MESSAGE][PASSED] - Text '(703) 894-5000' is present on page 

2024-11-12 16:51:13 - [TEST_STEP][PASSED] - verifyTextPresent("Joint Filer Name:", true): Text 'Joint Filer Name:' is present on page  using regular expression

2024-11-12 16:51:13 - [MESSAGE][PASSED] - Text 'Joint Filer Name:' is present on page  using regular expression

2024-11-12 16:51:13 - [TEST_STEP][PASSED] - verifyTextPresent("Joint Filer SSN", true): Text 'Joint Filer SSN' is present on page  using regular expression

2024-11-12 16:51:13 - [MESSAGE][PASSED] - Text 'Joint Filer SSN' is present on page  using regular expression

2024-11-12 16:51:13 - [TEST_STEP][PASSED] - verifyTextPresent("Tax Information", true): Text 'Tax Information' is present on page  using regular expression

2024-11-12 16:51:14 - [MESSAGE][PASSED] - Text 'Tax Information' is present on page  using regular expression

2024-11-12 16:51:14 - [TEST_STEP][PASSED] - verifyTextPresent("Payment Amount:", true): Text 'Payment Amount:' is present on page  using regular expression

2024-11-12 16:51:14 - [MESSAGE][PASSED] - Text 'Payment Amount:' is present on page  using regular expression

2024-11-12 16:51:14 - [TEST_STEP][PASSED] - verifyTextPresent("100.00", true): Text '100.00' is present on page  using regular expression

2024-11-12 16:51:14 - [MESSAGE][PASSED] - Text '100.00' is present on page  using regular expression

2024-11-12 16:51:14 - [TEST_STEP][PASSED] - verifyTextNotPresent("Federal EIN:", true): Text 'Federal EIN:' is not present on page using regular expression

2024-11-12 16:51:15 - [MESSAGE][PASSED] - Text 'Federal EIN:' is not present on page using regular expression

2024-11-12 16:51:15 - [TEST_STEP][PASSED] - verifyTextNotPresent("FEIN/SSN:", true): Text 'FEIN/SSN:' is not present on page using regular expression

2024-11-12 16:51:15 - [MESSAGE][PASSED] - Text 'FEIN/SSN:' is not present on page using regular expression

2024-11-12 16:51:15 - [TEST_STEP][PASSED] - if (verifyElementVisible(findTestObject(orPath_Summary + "/button_Proceed to Payment"))): null

2024-11-12 16:51:15 - [MESSAGE][PASSED] - Object 'Object Repository/RAD_Pages/Summary_Page/button_Proceed to Payment' is visible

2024-11-12 16:51:15 - [TEST_STEP][PASSED] - resText = "Pass": null

2024-11-12 16:51:15 - [TEST_STEP][PASSED] - pages.WriteExcel.demoKey(resText, datText, resColumn, datCloumn, fileLoc, nameSheet, row): pages.WriteExcel.demoKey is PASSED

2024-11-12 16:51:15 - [MESSAGE][PASSED] - pages.WriteExcel.demoKey is PASSED

2024-11-12 16:51:15 - [TEST_STEP][PASSED] - click(findTestObject(orPath_Summary + "/button_Proceed to Payment")): Object: 'Object Repository/RAD_Pages/Summary_Page/button_Proceed to Payment' is clicked on

2024-11-12 16:51:19 - [MESSAGE][PASSED] - Object: 'Object Repository/RAD_Pages/Summary_Page/button_Proceed to Payment' is clicked on

2024-11-12 16:51:19 - [TEST_STEP][PASSED] - verifyElementPresent(findTestObject("Object Repository/RAD_Pages/PaymentEntry_Page/input__billingName"), 30): Object 'Object Repository/RAD_Pages/PaymentEntry_Page/input__billingName' is present

2024-11-12 16:51:20 - [MESSAGE][PASSED] - Object 'Object Repository/RAD_Pages/PaymentEntry_Page/input__billingName' is present

2024-11-12 16:51:20 - [TEST_STEP][PASSED] - ExecuteTC = findTestData(dataFile).getValue("Execute", row): null

2024-11-12 16:51:20 - [TEST_STEP][PASSED] - TaxType = findTestData(dataFile).getValue("TaxType", row): null

2024-11-12 16:51:20 - [TEST_STEP][PASSED] - PaymentType = findTestData(dataFile).getValue("PaymentType", row): null

2024-11-12 16:51:20 - [TEST_STEP][PASSED] - FilingYear = findTestData(dataFile).getValue("Year", row): null

2024-11-12 16:51:20 - [TEST_STEP][PASSED] - if (ExecuteTC.equalsIgnoreCase("Y")): Object 'Object Repository/RAD_Pages/PaymentEntry_Page/input__billingName' is present

2024-11-12 16:51:20 - [TEST_STEP][PASSED] - out.println("Begin Record Number: " + row): null

2024-11-12 16:51:20 - [TEST_STEP][PASSED] - today = new java.util.Date(): null

2024-11-12 16:51:20 - [TEST_STEP][PASSED] - println(today): null

2024-11-12 16:51:20 - [TEST_STEP][PASSED] - datText = today: null

2024-11-12 16:51:20 - [TEST_STEP][PASSED] - logInfo("Payment Type: " + PaymentType): Payment Type: Extension Payments

2024-11-12 16:51:20 - [MESSAGE][INFO] - Payment Type: Extension Payments

2024-11-12 16:51:20 - [TEST_STEP][PASSED] - logInfo("Tax Type: " + TaxType): Tax Type: Personal Income Tax

2024-11-12 16:51:20 - [MESSAGE][INFO] - Tax Type: Personal Income Tax

2024-11-12 16:51:20 - [TEST_STEP][PASSED] - openBrowser(""): Browser is opened with url: ''

2024-11-12 16:51:20 - [MESSAGE][WARNING] - A browser is already opened. Closing browser and opening a new one

2024-11-12 16:51:21 - [MESSAGE][INFO] - Starting 'Chrome' driver

2024-11-12 16:51:21 - [MESSAGE][INFO] - User set preference: ['acceptInsecureCerts', 'true']

2024-11-12 16:51:21 - [MESSAGE][INFO] - Action delay is set to 0 milliseconds

2024-11-12 16:51:23 - [MESSAGE][PASSED] - Browser is opened with url: ''

2024-11-12 16:51:23 - [TEST_STEP][PASSED] - maximizeWindow(): Current window maximized

2024-11-12 16:51:23 - [MESSAGE][PASSED] - Current window maximized

2024-11-12 16:51:23 - [TEST_STEP][PASSED] - navigateToUrl(RADurl): Navigate to 'https://www.velocitypayment.com/client/rad/index.html' successfully

2024-11-12 16:51:24 - [MESSAGE][PASSED] - Navigate to 'https://www.velocitypayment.com/client/rad/index.html' successfully

2024-11-12 16:51:24 - [TEST_STEP][PASSED] - selectOptionByLabel(findTestObject(orPath_Landing + "/dd_TaxType"), PaymentType, false): All options with label 'Extension Payments' are selected in object 'Object Repository/RAD_Pages/Landing_Page/dd_TaxType' 

2024-11-12 16:51:25 - [MESSAGE][PASSED] - All options with label 'Extension Payments' are selected in object 'Object Repository/RAD_Pages/Landing_Page/dd_TaxType' 

2024-11-12 16:51:25 - [TEST_STEP][PASSED] - switch (PaymentType): null

2024-11-12 16:51:25 - [TEST_STEP][PASSED] - case "Extension Payments":: null

2024-11-12 16:51:25 - [TEST_STEP][PASSED] - selectOptionByLabel(findTestObject(orPath_TaxTypeFilingYear + "/select_PaymentType"), TaxType, false): All options with label 'Personal Income Tax' are selected in object 'Object Repository/RAD_Pages/TaxTypeFilingYear_Page/select_PaymentType' 

2024-11-12 16:51:26 - [MESSAGE][PASSED] - All options with label 'Personal Income Tax' are selected in object 'Object Repository/RAD_Pages/TaxTypeFilingYear_Page/select_PaymentType' 

2024-11-12 16:51:26 - [TEST_STEP][PASSED] - break: null

2024-11-12 16:51:26 - [TEST_STEP][PASSED] - if (!(FilingYear.isEmpty())): All options with label '2023' are selected in object 'Object Repository/RAD_Pages/TaxTypeFilingYear_Page/select_FilingYear' 

2024-11-12 16:51:26 - [TEST_STEP][PASSED] - selectOptionByLabel(findTestObject(orPath_TaxTypeFilingYear + "/select_FilingYear"), FilingYear, false): All options with label '2023' are selected in object 'Object Repository/RAD_Pages/TaxTypeFilingYear_Page/select_FilingYear' 

2024-11-12 16:51:27 - [MESSAGE][PASSED] - All options with label '2023' are selected in object 'Object Repository/RAD_Pages/TaxTypeFilingYear_Page/select_FilingYear' 

2024-11-12 16:51:27 - [TEST_STEP][PASSED] - if (TaxType.equalsIgnoreCase("Estate Tax")): null

2024-11-12 16:51:27 - [TEST_STEP][PASSED] - else: rad.getSetDataRAD.setDataRADssnAndName is PASSED

2024-11-12 16:51:27 - [TEST_STEP][PASSED] - rad.getSetDataRAD.setDataRADssnAndName(): rad.getSetDataRAD.setDataRADssnAndName is PASSED

2024-11-12 16:51:27 - [MESSAGE][PASSED] - Text 'Jimmy' is set on object 'Object Repository/RAD_Pages/Taxpayer_Page/input_firstName'

2024-11-12 16:51:28 - [MESSAGE][PASSED] - Text 'Davi' is set on object 'Object Repository/RAD_Pages/Taxpayer_Page/input_lastName'

2024-11-12 16:51:29 - [MESSAGE][PASSED] - Text '123450001' is set on object 'Object Repository/RAD_RecordAndPlay/input_concatSSN'

2024-11-12 16:51:29 - [MESSAGE][PASSED] - Text '123450001' is set on object 'Object Repository/RAD_RecordAndPlay/input_concatReSSN'

2024-11-12 16:51:29 - [MESSAGE][PASSED] - rad.getSetDataRAD.setDataRADssnAndName is PASSED

2024-11-12 16:51:29 - [TEST_STEP][PASSED] - rad.getSetDataRAD.setDataRADAddress(): rad.getSetDataRAD.setDataRADAddress is PASSED

2024-11-12 16:51:30 - [MESSAGE][PASSED] - All options with label 'United States' are selected in object 'Object Repository/RAD_Pages/AddressAndContactInfo_Page/select_Country' 

2024-11-12 16:51:31 - [MESSAGE][PASSED] - Text '2508 Mandan Terrace' is set on object 'Object Repository/RAD_Pages/AddressAndContactInfo_Page/input_streetAddress1'

2024-11-12 16:51:32 - [MESSAGE][PASSED] - Text '' is set on object 'Object Repository/RAD_Pages/AddressAndContactInfo_Page/input_streetAddress2'

2024-11-12 16:51:33 - [MESSAGE][PASSED] - Text 'Gambrills' is set on object 'Object Repository/RAD_Pages/AddressAndContactInfo_Page/input_city'

2024-11-12 16:51:33 - [MESSAGE][PASSED] - All options with label 'Maryland' are selected in object 'Object Repository/RAD_Pages/AddressAndContactInfo_Page/select_State' 

2024-11-12 16:51:34 - [MESSAGE][PASSED] - Text '21054' is set on object 'Object Repository/RAD_Pages/AddressAndContactInfo_Page/input_zipCode'

2024-11-12 16:51:35 - [MESSAGE][PASSED] - Text '(703) 894-5000' is set on object 'Object Repository/RAD_Pages/AddressAndContactInfo_Page/input_phoneNumber'

2024-11-12 16:51:36 - [MESSAGE][PASSED] - Text 'iahmed@govolution.com' is set on object 'Object Repository/RAD_Pages/AddressAndContactInfo_Page/input_eMailAddress'

2024-11-12 16:51:38 - [MESSAGE][PASSED] - Text 'iahmed@govolution.com' is set on object 'Object Repository/RAD_Pages/AddressAndContactInfo_Page/input_reEnterEMailAddress'

2024-11-12 16:51:38 - [MESSAGE][PASSED] - rad.getSetDataRAD.setDataRADAddress is PASSED

2024-11-12 16:51:38 - [TEST_STEP][PASSED] - scrollToElement(findTestObject(orPath_Landing + "/button_Continue"), 3): Scroll to object 'Object Repository/RAD_Pages/Landing_Page/button_Continue' successfully

2024-11-12 16:51:38 - [MESSAGE][PASSED] - Scroll to object 'Object Repository/RAD_Pages/Landing_Page/button_Continue' successfully

2024-11-12 16:51:38 - [TEST_STEP][PASSED] - waitForElementClickable(findTestObject(orPath_FilingStatus + "/input_JointFiling_userType_New"), 5): Object 'Object Repository/RAD_Pages/FilingStatus_Page/input_JointFiling_userType_New' is clickable

2024-11-12 16:51:38 - [MESSAGE][PASSED] - Object 'Object Repository/RAD_Pages/FilingStatus_Page/input_JointFiling_userType_New' is clickable

2024-11-12 16:51:38 - [TEST_STEP][PASSED] - check(findTestObject(orPath_FilingStatus + "/input_JointFiling_userType_New")): Object 'Object Repository/RAD_Pages/FilingStatus_Page/input_JointFiling_userType_New' is checked

2024-11-12 16:51:39 - [MESSAGE][PASSED] - Object 'Object Repository/RAD_Pages/FilingStatus_Page/input_JointFiling_userType_New' is checked

2024-11-12 16:51:39 - [TEST_STEP][PASSED] - delay(2): Delayed 2 second(s)

2024-11-12 16:51:41 - [MESSAGE][PASSED] - Delayed 2 second(s)

2024-11-12 16:51:41 - [TEST_STEP][PASSED] - rad.getSetDataRAD.setDataRADssnAndNameJointFiler(): rad.getSetDataRAD.setDataRADssnAndNameJointFiler is PASSED

2024-11-12 16:51:42 - [MESSAGE][PASSED] - Text 'Larsons' is set on object 'Object Repository/RAD_Pages/FilingStatus_Page/input_jointFirstName'

2024-11-12 16:51:42 - [MESSAGE][PASSED] - Text 'Daug' is set on object 'Object Repository/RAD_Pages/FilingStatus_Page/input_jointLastName'

2024-11-12 16:51:43 - [MESSAGE][PASSED] - Text '123450001' is set on object 'Object Repository/RAD_RecordAndPlay/input_JointFilerSSN'

2024-11-12 16:51:43 - [MESSAGE][PASSED] - Text '123450001' is set on object 'Object Repository/RAD_RecordAndPlay/input_reTypeJointFilerSSN'

2024-11-12 16:51:43 - [MESSAGE][PASSED] - rad.getSetDataRAD.setDataRADssnAndNameJointFiler is PASSED

2024-11-12 16:51:43 - [TEST_STEP][PASSED] - setText(findTestObject(orPath_Amount + "/input__paymentAmount"), "100.00"): Text '100.00' is set on object 'Object Repository/RAD_Pages/PaymentAmount_Page/input__paymentAmount'

2024-11-12 16:51:44 - [MESSAGE][PASSED] - Text '100.00' is set on object 'Object Repository/RAD_Pages/PaymentAmount_Page/input__paymentAmount'

2024-11-12 16:51:44 - [TEST_STEP][PASSED] - setText(findTestObject(orPath_AddressContact + "/input_streetAddress2"), ""): Text '' is set on object 'Object Repository/RAD_Pages/AddressAndContactInfo_Page/input_streetAddress2'

2024-11-12 16:51:45 - [MESSAGE][PASSED] - Text '' is set on object 'Object Repository/RAD_Pages/AddressAndContactInfo_Page/input_streetAddress2'

2024-11-12 16:51:45 - [TEST_STEP][PASSED] - scrollToElement(findTestObject(orPath_Landing + "/button_Continue"), 3): Scroll to object 'Object Repository/RAD_Pages/Landing_Page/button_Continue' successfully

2024-11-12 16:51:46 - [MESSAGE][PASSED] - Scroll to object 'Object Repository/RAD_Pages/Landing_Page/button_Continue' successfully

2024-11-12 16:51:46 - [TEST_STEP][PASSED] - waitForElementClickable(findTestObject(orPath_Landing + "/button_Continue"), 5): Object 'Object Repository/RAD_Pages/Landing_Page/button_Continue' is clickable

2024-11-12 16:51:46 - [MESSAGE][PASSED] - Object 'Object Repository/RAD_Pages/Landing_Page/button_Continue' is clickable

2024-11-12 16:51:46 - [TEST_STEP][PASSED] - click(findTestObject(orPath_Landing + "/button_Continue")): Object: 'Object Repository/RAD_Pages/Landing_Page/button_Continue' is clicked on

2024-11-12 16:51:47 - [MESSAGE][PASSED] - Object: 'Object Repository/RAD_Pages/Landing_Page/button_Continue' is clicked on

2024-11-12 16:51:47 - [TEST_STEP][PASSED] - delay(2): Delayed 2 second(s)

2024-11-12 16:51:49 - [MESSAGE][PASSED] - Delayed 2 second(s)

2024-11-12 16:51:49 - [TEST_STEP][PASSED] - verifyTextPresent("Summary", true): Text 'Summary' is present on page  using regular expression

2024-11-12 16:51:49 - [MESSAGE][PASSED] - Text 'Summary' is present on page  using regular expression

2024-11-12 16:51:49 - [TEST_STEP][PASSED] - verifyTextPresent("Review the information below and make any necessary corrections by clicking the", true): Text 'Review the information below and make any necessary corrections by clicking the' is present on page  using regular expression

2024-11-12 16:51:49 - [MESSAGE][PASSED] - Text 'Review the information below and make any necessary corrections by clicking the' is present on page  using regular expression

2024-11-12 16:51:49 - [TEST_STEP][PASSED] - verifyTextPresent("When you are confident that all the information is correct, click the", true): Text 'When you are confident that all the information is correct, click the' is present on page  using regular expression

2024-11-12 16:51:50 - [MESSAGE][PASSED] - Text 'When you are confident that all the information is correct, click the' is present on page  using regular expression

2024-11-12 16:51:50 - [TEST_STEP][PASSED] - verifyTextPresent("Payment Type/Filing Year", true): Text 'Payment Type/Filing Year' is present on page  using regular expression

2024-11-12 16:51:50 - [MESSAGE][PASSED] - Text 'Payment Type/Filing Year' is present on page  using regular expression

2024-11-12 16:51:50 - [TEST_STEP][PASSED] - verifyTextPresent("Payment Type:", true): Text 'Payment Type:' is present on page  using regular expression

2024-11-12 16:51:50 - [MESSAGE][PASSED] - Text 'Payment Type:' is present on page  using regular expression

2024-11-12 16:51:50 - [TEST_STEP][PASSED] - verifyTextPresent(PaymentType, true): Text 'Extension Payments' is present on page  using regular expression

2024-11-12 16:51:51 - [MESSAGE][PASSED] - Text 'Extension Payments' is present on page  using regular expression

2024-11-12 16:51:51 - [TEST_STEP][PASSED] - verifyTextPresent("Filing Year:", true): Text 'Filing Year:' is present on page  using regular expression

2024-11-12 16:51:51 - [MESSAGE][PASSED] - Text 'Filing Year:' is present on page  using regular expression

2024-11-12 16:51:51 - [TEST_STEP][PASSED] - verifyTextPresent(FilingYear, true): Text '2023' is present on page  using regular expression

2024-11-12 16:51:51 - [MESSAGE][PASSED] - Text '2023' is present on page  using regular expression

2024-11-12 16:51:51 - [TEST_STEP][PASSED] - verifyTextPresent("Payer Information", true): Text 'Payer Information' is present on page  using regular expression

2024-11-12 16:51:52 - [MESSAGE][PASSED] - Text 'Payer Information' is present on page  using regular expression

2024-11-12 16:51:52 - [TEST_STEP][PASSED] - verifyTextPresent("Taxpayer Name:", true): Text 'Taxpayer Name:' is present on page  using regular expression

2024-11-12 16:51:52 - [MESSAGE][PASSED] - Text 'Taxpayer Name:' is present on page  using regular expression

2024-11-12 16:51:52 - [TEST_STEP][PASSED] - switch (executionProfile): null

2024-11-12 16:51:52 - [TEST_STEP][PASSED] - verifyTextPresent("Taxpayer SSN:", true): Text 'Taxpayer SSN:' is present on page  using regular expression

2024-11-12 16:51:52 - [MESSAGE][PASSED] - Text 'Taxpayer SSN:' is present on page  using regular expression

2024-11-12 16:51:52 - [TEST_STEP][PASSED] - verifyTextPresent("Taxpayer Address:", true): Text 'Taxpayer Address:' is present on page  using regular expression

2024-11-12 16:51:53 - [MESSAGE][PASSED] - Text 'Taxpayer Address:' is present on page  using regular expression

2024-11-12 16:51:53 - [TEST_STEP][PASSED] - verifyTextPresent("2508 Mandan Terrace Gambrills Maryland 21054", true): Text '2508 Mandan Terrace Gambrills Maryland 21054' is present on page  using regular expression

2024-11-12 16:51:53 - [MESSAGE][PASSED] - Text '2508 Mandan Terrace Gambrills Maryland 21054' is present on page  using regular expression

2024-11-12 16:51:53 - [TEST_STEP][PASSED] - verifyTextPresent("Email:", true): Text 'Email:' is present on page  using regular expression

2024-11-12 16:51:53 - [MESSAGE][PASSED] - Text 'Email:' is present on page  using regular expression

2024-11-12 16:51:53 - [TEST_STEP][PASSED] - verifyTextPresent("iahmed@govolution.com", true): Text 'iahmed@govolution.com' is present on page  using regular expression

2024-11-12 16:51:54 - [MESSAGE][PASSED] - Text 'iahmed@govolution.com' is present on page  using regular expression

2024-11-12 16:51:54 - [TEST_STEP][PASSED] - verifyTextPresent("Phone:", true): Text 'Phone:' is present on page  using regular expression

2024-11-12 16:51:54 - [MESSAGE][PASSED] - Text 'Phone:' is present on page  using regular expression

2024-11-12 16:51:54 - [TEST_STEP][PASSED] - verifyTextPresent("(703) 894-5000", false): Text '(703) 894-5000' is present on page 

2024-11-12 16:51:54 - [MESSAGE][PASSED] - Text '(703) 894-5000' is present on page 

2024-11-12 16:51:54 - [TEST_STEP][PASSED] - verifyTextPresent("Joint Filer Name:", true): Text 'Joint Filer Name:' is present on page  using regular expression

2024-11-12 16:51:55 - [MESSAGE][PASSED] - Text 'Joint Filer Name:' is present on page  using regular expression

2024-11-12 16:51:55 - [TEST_STEP][PASSED] - verifyTextPresent("Joint Filer SSN", true): Text 'Joint Filer SSN' is present on page  using regular expression

2024-11-12 16:51:55 - [MESSAGE][PASSED] - Text 'Joint Filer SSN' is present on page  using regular expression

2024-11-12 16:51:55 - [TEST_STEP][PASSED] - verifyTextPresent("Tax Information", true): Text 'Tax Information' is present on page  using regular expression

2024-11-12 16:51:55 - [MESSAGE][PASSED] - Text 'Tax Information' is present on page  using regular expression

2024-11-12 16:51:55 - [TEST_STEP][PASSED] - verifyTextPresent("Payment Amount:", true): Text 'Payment Amount:' is present on page  using regular expression

2024-11-12 16:51:56 - [MESSAGE][PASSED] - Text 'Payment Amount:' is present on page  using regular expression

2024-11-12 16:51:56 - [TEST_STEP][PASSED] - verifyTextPresent("100.00", true): Text '100.00' is present on page  using regular expression

2024-11-12 16:51:56 - [MESSAGE][PASSED] - Text '100.00' is present on page  using regular expression

2024-11-12 16:51:56 - [TEST_STEP][PASSED] - verifyTextNotPresent("Federal EIN:", true): Text 'Federal EIN:' is not present on page using regular expression

2024-11-12 16:51:56 - [MESSAGE][PASSED] - Text 'Federal EIN:' is not present on page using regular expression

2024-11-12 16:51:56 - [TEST_STEP][PASSED] - verifyTextNotPresent("FEIN/SSN:", true): Text 'FEIN/SSN:' is not present on page using regular expression

2024-11-12 16:51:57 - [MESSAGE][PASSED] - Text 'FEIN/SSN:' is not present on page using regular expression

2024-11-12 16:51:57 - [TEST_STEP][PASSED] - if (verifyElementVisible(findTestObject(orPath_Summary + "/button_Proceed to Payment"))): null

2024-11-12 16:51:57 - [MESSAGE][PASSED] - Object 'Object Repository/RAD_Pages/Summary_Page/button_Proceed to Payment' is visible

2024-11-12 16:51:57 - [TEST_STEP][PASSED] - resText = "Pass": null

2024-11-12 16:51:57 - [TEST_STEP][PASSED] - pages.WriteExcel.demoKey(resText, datText, resColumn, datCloumn, fileLoc, nameSheet, row): pages.WriteExcel.demoKey is PASSED

2024-11-12 16:51:57 - [MESSAGE][PASSED] - pages.WriteExcel.demoKey is PASSED

2024-11-12 16:51:57 - [TEST_STEP][PASSED] - click(findTestObject(orPath_Summary + "/button_Proceed to Payment")): Object: 'Object Repository/RAD_Pages/Summary_Page/button_Proceed to Payment' is clicked on

2024-11-12 16:52:01 - [MESSAGE][PASSED] - Object: 'Object Repository/RAD_Pages/Summary_Page/button_Proceed to Payment' is clicked on

2024-11-12 16:52:01 - [TEST_STEP][PASSED] - verifyElementPresent(findTestObject("Object Repository/RAD_Pages/PaymentEntry_Page/input__billingName"), 30): Object 'Object Repository/RAD_Pages/PaymentEntry_Page/input__billingName' is present

2024-11-12 16:52:02 - [MESSAGE][PASSED] - Object 'Object Repository/RAD_Pages/PaymentEntry_Page/input__billingName' is present

2024-11-12 16:52:02 - [TEST_STEP][PASSED] - ExecuteTC = findTestData(dataFile).getValue("Execute", row): null

2024-11-12 16:52:02 - [TEST_STEP][PASSED] - TaxType = findTestData(dataFile).getValue("TaxType", row): null

2024-11-12 16:52:02 - [TEST_STEP][PASSED] - PaymentType = findTestData(dataFile).getValue("PaymentType", row): null

2024-11-12 16:52:02 - [TEST_STEP][PASSED] - FilingYear = findTestData(dataFile).getValue("Year", row): null

2024-11-12 16:52:02 - [TEST_STEP][PASSED] - if (ExecuteTC.equalsIgnoreCase("Y")): Object 'Object Repository/RAD_Pages/PaymentEntry_Page/input__billingName' is present

2024-11-12 16:52:02 - [TEST_STEP][PASSED] - out.println("Begin Record Number: " + row): null

2024-11-12 16:52:02 - [TEST_STEP][PASSED] - today = new java.util.Date(): null

2024-11-12 16:52:02 - [TEST_STEP][PASSED] - println(today): null

2024-11-12 16:52:02 - [TEST_STEP][PASSED] - datText = today: null

2024-11-12 16:52:02 - [TEST_STEP][PASSED] - logInfo("Payment Type: " + PaymentType): Payment Type: New Tax Return Amount Due

2024-11-12 16:52:02 - [MESSAGE][INFO] - Payment Type: New Tax Return Amount Due

2024-11-12 16:52:02 - [TEST_STEP][PASSED] - logInfo("Tax Type: " + TaxType): Tax Type: Personal Income Tax

2024-11-12 16:52:02 - [MESSAGE][INFO] - Tax Type: Personal Income Tax

2024-11-12 16:52:02 - [TEST_STEP][PASSED] - openBrowser(""): Browser is opened with url: ''

2024-11-12 16:52:02 - [MESSAGE][WARNING] - A browser is already opened. Closing browser and opening a new one

2024-11-12 16:52:03 - [MESSAGE][INFO] - Starting 'Chrome' driver

2024-11-12 16:52:03 - [MESSAGE][INFO] - User set preference: ['acceptInsecureCerts', 'true']

2024-11-12 16:52:03 - [MESSAGE][INFO] - Action delay is set to 0 milliseconds

2024-11-12 16:52:05 - [MESSAGE][PASSED] - Browser is opened with url: ''

2024-11-12 16:52:05 - [TEST_STEP][PASSED] - maximizeWindow(): Current window maximized

2024-11-12 16:52:05 - [MESSAGE][PASSED] - Current window maximized

2024-11-12 16:52:05 - [TEST_STEP][PASSED] - navigateToUrl(RADurl): Navigate to 'https://www.velocitypayment.com/client/rad/index.html' successfully

2024-11-12 16:52:07 - [MESSAGE][PASSED] - Navigate to 'https://www.velocitypayment.com/client/rad/index.html' successfully

2024-11-12 16:52:07 - [TEST_STEP][PASSED] - selectOptionByLabel(findTestObject(orPath_Landing + "/dd_TaxType"), PaymentType, false): All options with label 'New Tax Return Amount Due' are selected in object 'Object Repository/RAD_Pages/Landing_Page/dd_TaxType' 

2024-11-12 16:52:07 - [MESSAGE][PASSED] - All options with label 'New Tax Return Amount Due' are selected in object 'Object Repository/RAD_Pages/Landing_Page/dd_TaxType' 

2024-11-12 16:52:07 - [TEST_STEP][PASSED] - switch (PaymentType): null

2024-11-12 16:52:07 - [TEST_STEP][PASSED] - case "New Tax Return Amount Due":: null

2024-11-12 16:52:07 - [TEST_STEP][PASSED] - selectOptionByLabel(findTestObject("Object Repository/RAD_Pages/Landing_Page/select_NewTaxReturnAmountDue_TaxType"), TaxType, false): All options with label 'Personal Income Tax' are selected in object 'Object Repository/RAD_Pages/Landing_Page/select_NewTaxReturnAmountDue_TaxType' 

2024-11-12 16:52:08 - [MESSAGE][PASSED] - All options with label 'Personal Income Tax' are selected in object 'Object Repository/RAD_Pages/Landing_Page/select_NewTaxReturnAmountDue_TaxType' 

2024-11-12 16:52:08 - [TEST_STEP][PASSED] - break: null

2024-11-12 16:52:08 - [TEST_STEP][PASSED] - if (!(FilingYear.isEmpty())): All options with label '2023' are selected in object 'Object Repository/RAD_Pages/TaxTypeFilingYear_Page/select_FilingYear' 

2024-11-12 16:52:08 - [TEST_STEP][PASSED] - selectOptionByLabel(findTestObject(orPath_TaxTypeFilingYear + "/select_FilingYear"), FilingYear, false): All options with label '2023' are selected in object 'Object Repository/RAD_Pages/TaxTypeFilingYear_Page/select_FilingYear' 

2024-11-12 16:52:09 - [MESSAGE][PASSED] - All options with label '2023' are selected in object 'Object Repository/RAD_Pages/TaxTypeFilingYear_Page/select_FilingYear' 

2024-11-12 16:52:09 - [TEST_STEP][PASSED] - if (TaxType.equalsIgnoreCase("Estate Tax")): null

2024-11-12 16:52:09 - [TEST_STEP][PASSED] - else: rad.getSetDataRAD.setDataRADssnAndName is PASSED

2024-11-12 16:52:09 - [TEST_STEP][PASSED] - rad.getSetDataRAD.setDataRADssnAndName(): rad.getSetDataRAD.setDataRADssnAndName is PASSED

2024-11-12 16:52:10 - [MESSAGE][PASSED] - Text 'Jimmy' is set on object 'Object Repository/RAD_Pages/Taxpayer_Page/input_firstName'

2024-11-12 16:52:11 - [MESSAGE][PASSED] - Text 'Davi' is set on object 'Object Repository/RAD_Pages/Taxpayer_Page/input_lastName'

2024-11-12 16:52:11 - [MESSAGE][PASSED] - Text '123450001' is set on object 'Object Repository/RAD_RecordAndPlay/input_concatSSN'

2024-11-12 16:52:12 - [MESSAGE][PASSED] - Text '123450001' is set on object 'Object Repository/RAD_RecordAndPlay/input_concatReSSN'

2024-11-12 16:52:12 - [MESSAGE][PASSED] - rad.getSetDataRAD.setDataRADssnAndName is PASSED

2024-11-12 16:52:12 - [TEST_STEP][PASSED] - rad.getSetDataRAD.setDataRADAddress(): rad.getSetDataRAD.setDataRADAddress is PASSED

2024-11-12 16:52:13 - [MESSAGE][PASSED] - All options with label 'United States' are selected in object 'Object Repository/RAD_Pages/AddressAndContactInfo_Page/select_Country' 

2024-11-12 16:52:14 - [MESSAGE][PASSED] - Text '2508 Mandan Terrace' is set on object 'Object Repository/RAD_Pages/AddressAndContactInfo_Page/input_streetAddress1'

2024-11-12 16:52:14 - [MESSAGE][PASSED] - Text '' is set on object 'Object Repository/RAD_Pages/AddressAndContactInfo_Page/input_streetAddress2'

2024-11-12 16:52:16 - [MESSAGE][PASSED] - Text 'Gambrills' is set on object 'Object Repository/RAD_Pages/AddressAndContactInfo_Page/input_city'

2024-11-12 16:52:16 - [MESSAGE][PASSED] - All options with label 'Maryland' are selected in object 'Object Repository/RAD_Pages/AddressAndContactInfo_Page/select_State' 

2024-11-12 16:52:17 - [MESSAGE][PASSED] - Text '21054' is set on object 'Object Repository/RAD_Pages/AddressAndContactInfo_Page/input_zipCode'

2024-11-12 16:52:18 - [MESSAGE][PASSED] - Text '(703) 894-5000' is set on object 'Object Repository/RAD_Pages/AddressAndContactInfo_Page/input_phoneNumber'

2024-11-12 16:52:19 - [MESSAGE][PASSED] - Text 'iahmed@govolution.com' is set on object 'Object Repository/RAD_Pages/AddressAndContactInfo_Page/input_eMailAddress'

2024-11-12 16:52:20 - [MESSAGE][PASSED] - Text 'iahmed@govolution.com' is set on object 'Object Repository/RAD_Pages/AddressAndContactInfo_Page/input_reEnterEMailAddress'

2024-11-12 16:52:20 - [MESSAGE][PASSED] - rad.getSetDataRAD.setDataRADAddress is PASSED

2024-11-12 16:52:20 - [TEST_STEP][PASSED] - scrollToElement(findTestObject(orPath_Landing + "/button_Continue"), 3): Scroll to object 'Object Repository/RAD_Pages/Landing_Page/button_Continue' successfully

2024-11-12 16:52:20 - [MESSAGE][PASSED] - Scroll to object 'Object Repository/RAD_Pages/Landing_Page/button_Continue' successfully

2024-11-12 16:52:20 - [TEST_STEP][PASSED] - waitForElementClickable(findTestObject(orPath_FilingStatus + "/input_JointFiling_userType_New"), 5): Object 'Object Repository/RAD_Pages/FilingStatus_Page/input_JointFiling_userType_New' is clickable

2024-11-12 16:52:21 - [MESSAGE][PASSED] - Object 'Object Repository/RAD_Pages/FilingStatus_Page/input_JointFiling_userType_New' is clickable

2024-11-12 16:52:21 - [TEST_STEP][PASSED] - check(findTestObject(orPath_FilingStatus + "/input_JointFiling_userType_New")): Object 'Object Repository/RAD_Pages/FilingStatus_Page/input_JointFiling_userType_New' is checked

2024-11-12 16:52:21 - [MESSAGE][PASSED] - Object 'Object Repository/RAD_Pages/FilingStatus_Page/input_JointFiling_userType_New' is checked

2024-11-12 16:52:21 - [TEST_STEP][PASSED] - delay(2): Delayed 2 second(s)

2024-11-12 16:52:23 - [MESSAGE][PASSED] - Delayed 2 second(s)

2024-11-12 16:52:23 - [TEST_STEP][PASSED] - rad.getSetDataRAD.setDataRADssnAndNameJointFiler(): rad.getSetDataRAD.setDataRADssnAndNameJointFiler is PASSED

2024-11-12 16:52:24 - [MESSAGE][PASSED] - Text 'Larsons' is set on object 'Object Repository/RAD_Pages/FilingStatus_Page/input_jointFirstName'

2024-11-12 16:52:25 - [MESSAGE][PASSED] - Text 'Daug' is set on object 'Object Repository/RAD_Pages/FilingStatus_Page/input_jointLastName'

2024-11-12 16:52:25 - [MESSAGE][PASSED] - Text '123450001' is set on object 'Object Repository/RAD_RecordAndPlay/input_JointFilerSSN'

2024-11-12 16:52:26 - [MESSAGE][PASSED] - Text '123450001' is set on object 'Object Repository/RAD_RecordAndPlay/input_reTypeJointFilerSSN'

2024-11-12 16:52:26 - [MESSAGE][PASSED] - rad.getSetDataRAD.setDataRADssnAndNameJointFiler is PASSED

2024-11-12 16:52:26 - [TEST_STEP][PASSED] - setText(findTestObject(orPath_Amount + "/input__paymentAmount"), "100.00"): Text '100.00' is set on object 'Object Repository/RAD_Pages/PaymentAmount_Page/input__paymentAmount'

2024-11-12 16:52:27 - [MESSAGE][PASSED] - Text '100.00' is set on object 'Object Repository/RAD_Pages/PaymentAmount_Page/input__paymentAmount'

2024-11-12 16:52:27 - [TEST_STEP][PASSED] - setText(findTestObject(orPath_AddressContact + "/input_streetAddress2"), ""): Text '' is set on object 'Object Repository/RAD_Pages/AddressAndContactInfo_Page/input_streetAddress2'

2024-11-12 16:52:28 - [MESSAGE][PASSED] - Text '' is set on object 'Object Repository/RAD_Pages/AddressAndContactInfo_Page/input_streetAddress2'

2024-11-12 16:52:28 - [TEST_STEP][PASSED] - scrollToElement(findTestObject(orPath_Landing + "/button_Continue"), 3): Scroll to object 'Object Repository/RAD_Pages/Landing_Page/button_Continue' successfully

2024-11-12 16:52:28 - [MESSAGE][PASSED] - Scroll to object 'Object Repository/RAD_Pages/Landing_Page/button_Continue' successfully

2024-11-12 16:52:28 - [TEST_STEP][PASSED] - waitForElementClickable(findTestObject(orPath_Landing + "/button_Continue"), 5): Object 'Object Repository/RAD_Pages/Landing_Page/button_Continue' is clickable

2024-11-12 16:52:28 - [MESSAGE][PASSED] - Object 'Object Repository/RAD_Pages/Landing_Page/button_Continue' is clickable

2024-11-12 16:52:28 - [TEST_STEP][PASSED] - click(findTestObject(orPath_Landing + "/button_Continue")): Object: 'Object Repository/RAD_Pages/Landing_Page/button_Continue' is clicked on

2024-11-12 16:52:29 - [MESSAGE][PASSED] - Object: 'Object Repository/RAD_Pages/Landing_Page/button_Continue' is clicked on

2024-11-12 16:52:29 - [TEST_STEP][PASSED] - delay(2): Delayed 2 second(s)

2024-11-12 16:52:31 - [MESSAGE][PASSED] - Delayed 2 second(s)

2024-11-12 16:52:31 - [TEST_STEP][PASSED] - verifyTextPresent("Summary", true): Text 'Summary' is present on page  using regular expression

2024-11-12 16:52:31 - [MESSAGE][PASSED] - Text 'Summary' is present on page  using regular expression

2024-11-12 16:52:31 - [TEST_STEP][PASSED] - verifyTextPresent("Review the information below and make any necessary corrections by clicking the", true): Text 'Review the information below and make any necessary corrections by clicking the' is present on page  using regular expression

2024-11-12 16:52:31 - [MESSAGE][PASSED] - Text 'Review the information below and make any necessary corrections by clicking the' is present on page  using regular expression

2024-11-12 16:52:31 - [TEST_STEP][PASSED] - verifyTextPresent("When you are confident that all the information is correct, click the", true): Text 'When you are confident that all the information is correct, click the' is present on page  using regular expression

2024-11-12 16:52:32 - [MESSAGE][PASSED] - Text 'When you are confident that all the information is correct, click the' is present on page  using regular expression

2024-11-12 16:52:32 - [TEST_STEP][PASSED] - verifyTextPresent("Payment Type/Filing Year", true): Text 'Payment Type/Filing Year' is present on page  using regular expression

2024-11-12 16:52:32 - [MESSAGE][PASSED] - Text 'Payment Type/Filing Year' is present on page  using regular expression

2024-11-12 16:52:32 - [TEST_STEP][PASSED] - verifyTextPresent("Payment Type:", true): Text 'Payment Type:' is present on page  using regular expression

2024-11-12 16:52:32 - [MESSAGE][PASSED] - Text 'Payment Type:' is present on page  using regular expression

2024-11-12 16:52:32 - [TEST_STEP][PASSED] - verifyTextPresent(PaymentType, true): Text 'New Tax Return Amount Due' is present on page  using regular expression

2024-11-12 16:52:33 - [MESSAGE][PASSED] - Text 'New Tax Return Amount Due' is present on page  using regular expression

2024-11-12 16:52:33 - [TEST_STEP][PASSED] - verifyTextPresent("Filing Year:", true): Text 'Filing Year:' is present on page  using regular expression

2024-11-12 16:52:33 - [MESSAGE][PASSED] - Text 'Filing Year:' is present on page  using regular expression

2024-11-12 16:52:33 - [TEST_STEP][PASSED] - verifyTextPresent(FilingYear, true): Text '2023' is present on page  using regular expression

2024-11-12 16:52:33 - [MESSAGE][PASSED] - Text '2023' is present on page  using regular expression

2024-11-12 16:52:33 - [TEST_STEP][PASSED] - verifyTextPresent("Payer Information", true): Text 'Payer Information' is present on page  using regular expression

2024-11-12 16:52:34 - [MESSAGE][PASSED] - Text 'Payer Information' is present on page  using regular expression

2024-11-12 16:52:34 - [TEST_STEP][PASSED] - verifyTextPresent("Taxpayer Name:", true): Text 'Taxpayer Name:' is present on page  using regular expression

2024-11-12 16:52:34 - [MESSAGE][PASSED] - Text 'Taxpayer Name:' is present on page  using regular expression

2024-11-12 16:52:34 - [TEST_STEP][PASSED] - switch (executionProfile): null

2024-11-12 16:52:34 - [TEST_STEP][PASSED] - verifyTextPresent("Taxpayer SSN:", true): Text 'Taxpayer SSN:' is present on page  using regular expression

2024-11-12 16:52:34 - [MESSAGE][PASSED] - Text 'Taxpayer SSN:' is present on page  using regular expression

2024-11-12 16:52:34 - [TEST_STEP][PASSED] - verifyTextPresent("Taxpayer Address:", true): Text 'Taxpayer Address:' is present on page  using regular expression

2024-11-12 16:52:35 - [MESSAGE][PASSED] - Text 'Taxpayer Address:' is present on page  using regular expression

2024-11-12 16:52:35 - [TEST_STEP][PASSED] - verifyTextPresent("2508 Mandan Terrace Gambrills Maryland 21054", true): Text '2508 Mandan Terrace Gambrills Maryland 21054' is present on page  using regular expression

2024-11-12 16:52:35 - [MESSAGE][PASSED] - Text '2508 Mandan Terrace Gambrills Maryland 21054' is present on page  using regular expression

2024-11-12 16:52:35 - [TEST_STEP][PASSED] - verifyTextPresent("Email:", true): Text 'Email:' is present on page  using regular expression

2024-11-12 16:52:35 - [MESSAGE][PASSED] - Text 'Email:' is present on page  using regular expression

2024-11-12 16:52:35 - [TEST_STEP][PASSED] - verifyTextPresent("iahmed@govolution.com", true): Text 'iahmed@govolution.com' is present on page  using regular expression

2024-11-12 16:52:36 - [MESSAGE][PASSED] - Text 'iahmed@govolution.com' is present on page  using regular expression

2024-11-12 16:52:36 - [TEST_STEP][PASSED] - verifyTextPresent("Phone:", true): Text 'Phone:' is present on page  using regular expression

2024-11-12 16:52:36 - [MESSAGE][PASSED] - Text 'Phone:' is present on page  using regular expression

2024-11-12 16:52:36 - [TEST_STEP][PASSED] - verifyTextPresent("(703) 894-5000", false): Text '(703) 894-5000' is present on page 

2024-11-12 16:52:36 - [MESSAGE][PASSED] - Text '(703) 894-5000' is present on page 

2024-11-12 16:52:36 - [TEST_STEP][PASSED] - verifyTextPresent("Joint Filer Name:", true): Text 'Joint Filer Name:' is present on page  using regular expression

2024-11-12 16:52:37 - [MESSAGE][PASSED] - Text 'Joint Filer Name:' is present on page  using regular expression

2024-11-12 16:52:37 - [TEST_STEP][PASSED] - verifyTextPresent("Joint Filer SSN", true): Text 'Joint Filer SSN' is present on page  using regular expression

2024-11-12 16:52:37 - [MESSAGE][PASSED] - Text 'Joint Filer SSN' is present on page  using regular expression

2024-11-12 16:52:37 - [TEST_STEP][PASSED] - verifyTextPresent("Tax Information", true): Text 'Tax Information' is present on page  using regular expression

2024-11-12 16:52:37 - [MESSAGE][PASSED] - Text 'Tax Information' is present on page  using regular expression

2024-11-12 16:52:37 - [TEST_STEP][PASSED] - verifyTextPresent("Payment Amount:", true): Text 'Payment Amount:' is present on page  using regular expression

2024-11-12 16:52:38 - [MESSAGE][PASSED] - Text 'Payment Amount:' is present on page  using regular expression

2024-11-12 16:52:38 - [TEST_STEP][PASSED] - verifyTextPresent("100.00", true): Text '100.00' is present on page  using regular expression

2024-11-12 16:52:38 - [MESSAGE][PASSED] - Text '100.00' is present on page  using regular expression

2024-11-12 16:52:38 - [TEST_STEP][PASSED] - verifyTextNotPresent("Federal EIN:", true): Text 'Federal EIN:' is not present on page using regular expression

2024-11-12 16:52:38 - [MESSAGE][PASSED] - Text 'Federal EIN:' is not present on page using regular expression

2024-11-12 16:52:38 - [TEST_STEP][PASSED] - verifyTextNotPresent("FEIN/SSN:", true): Text 'FEIN/SSN:' is not present on page using regular expression

2024-11-12 16:52:39 - [MESSAGE][PASSED] - Text 'FEIN/SSN:' is not present on page using regular expression

2024-11-12 16:52:39 - [TEST_STEP][PASSED] - if (verifyElementVisible(findTestObject(orPath_Summary + "/button_Proceed to Payment"))): null

2024-11-12 16:52:39 - [MESSAGE][PASSED] - Object 'Object Repository/RAD_Pages/Summary_Page/button_Proceed to Payment' is visible

2024-11-12 16:52:39 - [TEST_STEP][PASSED] - resText = "Pass": null

2024-11-12 16:52:39 - [TEST_STEP][PASSED] - pages.WriteExcel.demoKey(resText, datText, resColumn, datCloumn, fileLoc, nameSheet, row): pages.WriteExcel.demoKey is PASSED

2024-11-12 16:52:39 - [MESSAGE][PASSED] - pages.WriteExcel.demoKey is PASSED

2024-11-12 16:52:39 - [TEST_STEP][PASSED] - click(findTestObject(orPath_Summary + "/button_Proceed to Payment")): Object: 'Object Repository/RAD_Pages/Summary_Page/button_Proceed to Payment' is clicked on

2024-11-12 16:52:43 - [MESSAGE][PASSED] - Object: 'Object Repository/RAD_Pages/Summary_Page/button_Proceed to Payment' is clicked on

2024-11-12 16:52:43 - [TEST_STEP][PASSED] - verifyElementPresent(findTestObject("Object Repository/RAD_Pages/PaymentEntry_Page/input__billingName"), 30): Object 'Object Repository/RAD_Pages/PaymentEntry_Page/input__billingName' is present

2024-11-12 16:52:43 - [MESSAGE][PASSED] - Object 'Object Repository/RAD_Pages/PaymentEntry_Page/input__billingName' is present

2024-11-12 16:52:43 - [TEST_STEP][PASSED] - ExecuteTC = findTestData(dataFile).getValue("Execute", row): null

2024-11-12 16:52:43 - [TEST_STEP][PASSED] - TaxType = findTestData(dataFile).getValue("TaxType", row): null

2024-11-12 16:52:43 - [TEST_STEP][PASSED] - PaymentType = findTestData(dataFile).getValue("PaymentType", row): null

2024-11-12 16:52:43 - [TEST_STEP][PASSED] - FilingYear = findTestData(dataFile).getValue("Year", row): null

2024-11-12 16:52:44 - [TEST_STEP][PASSED] - if (ExecuteTC.equalsIgnoreCase("Y")): Object 'Object Repository/RAD_Pages/PaymentEntry_Page/input__billingName' is present

2024-11-12 16:52:44 - [TEST_STEP][PASSED] - out.println("Begin Record Number: " + row): null

2024-11-12 16:52:44 - [TEST_STEP][PASSED] - today = new java.util.Date(): null

2024-11-12 16:52:44 - [TEST_STEP][PASSED] - println(today): null

2024-11-12 16:52:44 - [TEST_STEP][PASSED] - datText = today: null

2024-11-12 16:52:44 - [TEST_STEP][PASSED] - logInfo("Payment Type: " + PaymentType): Payment Type: New Tax Return Amount Due

2024-11-12 16:52:44 - [MESSAGE][INFO] - Payment Type: New Tax Return Amount Due

2024-11-12 16:52:44 - [TEST_STEP][PASSED] - logInfo("Tax Type: " + TaxType): Tax Type: Personal Income Tax

2024-11-12 16:52:44 - [MESSAGE][INFO] - Tax Type: Personal Income Tax

2024-11-12 16:52:44 - [TEST_STEP][PASSED] - openBrowser(""): Browser is opened with url: ''

2024-11-12 16:52:44 - [MESSAGE][WARNING] - A browser is already opened. Closing browser and opening a new one

2024-11-12 16:52:45 - [MESSAGE][INFO] - Starting 'Chrome' driver

2024-11-12 16:52:45 - [MESSAGE][INFO] - User set preference: ['acceptInsecureCerts', 'true']

2024-11-12 16:52:45 - [MESSAGE][INFO] - Action delay is set to 0 milliseconds

2024-11-12 16:52:47 - [MESSAGE][PASSED] - Browser is opened with url: ''

2024-11-12 16:52:47 - [TEST_STEP][PASSED] - maximizeWindow(): Current window maximized

2024-11-12 16:52:47 - [MESSAGE][PASSED] - Current window maximized

2024-11-12 16:52:47 - [TEST_STEP][PASSED] - navigateToUrl(RADurl): Navigate to 'https://www.velocitypayment.com/client/rad/index.html' successfully

2024-11-12 16:52:47 - [MESSAGE][PASSED] - Navigate to 'https://www.velocitypayment.com/client/rad/index.html' successfully

2024-11-12 16:52:47 - [TEST_STEP][PASSED] - selectOptionByLabel(findTestObject(orPath_Landing + "/dd_TaxType"), PaymentType, false): All options with label 'New Tax Return Amount Due' are selected in object 'Object Repository/RAD_Pages/Landing_Page/dd_TaxType' 

2024-11-12 16:52:49 - [MESSAGE][PASSED] - All options with label 'New Tax Return Amount Due' are selected in object 'Object Repository/RAD_Pages/Landing_Page/dd_TaxType' 

2024-11-12 16:52:49 - [TEST_STEP][PASSED] - switch (PaymentType): null

2024-11-12 16:52:49 - [TEST_STEP][PASSED] - case "New Tax Return Amount Due":: null

2024-11-12 16:52:49 - [TEST_STEP][PASSED] - selectOptionByLabel(findTestObject("Object Repository/RAD_Pages/Landing_Page/select_NewTaxReturnAmountDue_TaxType"), TaxType, false): All options with label 'Personal Income Tax' are selected in object 'Object Repository/RAD_Pages/Landing_Page/select_NewTaxReturnAmountDue_TaxType' 

2024-11-12 16:52:49 - [MESSAGE][PASSED] - All options with label 'Personal Income Tax' are selected in object 'Object Repository/RAD_Pages/Landing_Page/select_NewTaxReturnAmountDue_TaxType' 

2024-11-12 16:52:49 - [TEST_STEP][PASSED] - break: null

2024-11-12 16:52:49 - [TEST_STEP][PASSED] - if (!(FilingYear.isEmpty())): All options with label '2022' are selected in object 'Object Repository/RAD_Pages/TaxTypeFilingYear_Page/select_FilingYear' 

2024-11-12 16:52:49 - [TEST_STEP][PASSED] - selectOptionByLabel(findTestObject(orPath_TaxTypeFilingYear + "/select_FilingYear"), FilingYear, false): All options with label '2022' are selected in object 'Object Repository/RAD_Pages/TaxTypeFilingYear_Page/select_FilingYear' 

2024-11-12 16:52:50 - [MESSAGE][PASSED] - All options with label '2022' are selected in object 'Object Repository/RAD_Pages/TaxTypeFilingYear_Page/select_FilingYear' 

2024-11-12 16:52:50 - [TEST_STEP][PASSED] - if (TaxType.equalsIgnoreCase("Estate Tax")): null

2024-11-12 16:52:50 - [TEST_STEP][PASSED] - else: rad.getSetDataRAD.setDataRADssnAndName is PASSED

2024-11-12 16:52:50 - [TEST_STEP][PASSED] - rad.getSetDataRAD.setDataRADssnAndName(): rad.getSetDataRAD.setDataRADssnAndName is PASSED

2024-11-12 16:52:51 - [MESSAGE][PASSED] - Text 'Jimmy' is set on object 'Object Repository/RAD_Pages/Taxpayer_Page/input_firstName'

2024-11-12 16:52:52 - [MESSAGE][PASSED] - Text 'Davi' is set on object 'Object Repository/RAD_Pages/Taxpayer_Page/input_lastName'

2024-11-12 16:52:52 - [MESSAGE][PASSED] - Text '123450001' is set on object 'Object Repository/RAD_RecordAndPlay/input_concatSSN'

2024-11-12 16:52:53 - [MESSAGE][PASSED] - Text '123450001' is set on object 'Object Repository/RAD_RecordAndPlay/input_concatReSSN'

2024-11-12 16:52:53 - [MESSAGE][PASSED] - rad.getSetDataRAD.setDataRADssnAndName is PASSED

2024-11-12 16:52:53 - [TEST_STEP][PASSED] - rad.getSetDataRAD.setDataRADAddress(): rad.getSetDataRAD.setDataRADAddress is PASSED

2024-11-12 16:52:54 - [MESSAGE][PASSED] - All options with label 'United States' are selected in object 'Object Repository/RAD_Pages/AddressAndContactInfo_Page/select_Country' 

2024-11-12 16:52:55 - [MESSAGE][PASSED] - Text '2508 Mandan Terrace' is set on object 'Object Repository/RAD_Pages/AddressAndContactInfo_Page/input_streetAddress1'

2024-11-12 16:52:56 - [MESSAGE][PASSED] - Text '' is set on object 'Object Repository/RAD_Pages/AddressAndContactInfo_Page/input_streetAddress2'

2024-11-12 16:52:56 - [MESSAGE][PASSED] - Text 'Gambrills' is set on object 'Object Repository/RAD_Pages/AddressAndContactInfo_Page/input_city'

2024-11-12 16:52:57 - [MESSAGE][PASSED] - All options with label 'Maryland' are selected in object 'Object Repository/RAD_Pages/AddressAndContactInfo_Page/select_State' 

2024-11-12 16:52:58 - [MESSAGE][PASSED] - Text '21054' is set on object 'Object Repository/RAD_Pages/AddressAndContactInfo_Page/input_zipCode'

2024-11-12 16:52:59 - [MESSAGE][PASSED] - Text '(703) 894-5000' is set on object 'Object Repository/RAD_Pages/AddressAndContactInfo_Page/input_phoneNumber'

2024-11-12 16:53:00 - [MESSAGE][PASSED] - Text 'iahmed@govolution.com' is set on object 'Object Repository/RAD_Pages/AddressAndContactInfo_Page/input_eMailAddress'

2024-11-12 16:53:00 - [MESSAGE][PASSED] - Text 'iahmed@govolution.com' is set on object 'Object Repository/RAD_Pages/AddressAndContactInfo_Page/input_reEnterEMailAddress'

2024-11-12 16:53:00 - [MESSAGE][PASSED] - rad.getSetDataRAD.setDataRADAddress is PASSED

2024-11-12 16:53:00 - [TEST_STEP][PASSED] - scrollToElement(findTestObject(orPath_Landing + "/button_Continue"), 3): Scroll to object 'Object Repository/RAD_Pages/Landing_Page/button_Continue' successfully

2024-11-12 16:53:01 - [MESSAGE][PASSED] - Scroll to object 'Object Repository/RAD_Pages/Landing_Page/button_Continue' successfully

2024-11-12 16:53:01 - [TEST_STEP][PASSED] - waitForElementClickable(findTestObject(orPath_FilingStatus + "/input_JointFiling_userType_New"), 5): Object 'Object Repository/RAD_Pages/FilingStatus_Page/input_JointFiling_userType_New' is clickable

2024-11-12 16:53:01 - [MESSAGE][PASSED] - Object 'Object Repository/RAD_Pages/FilingStatus_Page/input_JointFiling_userType_New' is clickable

2024-11-12 16:53:01 - [TEST_STEP][PASSED] - check(findTestObject(orPath_FilingStatus + "/input_JointFiling_userType_New")): Object 'Object Repository/RAD_Pages/FilingStatus_Page/input_JointFiling_userType_New' is checked

2024-11-12 16:53:02 - [MESSAGE][PASSED] - Object 'Object Repository/RAD_Pages/FilingStatus_Page/input_JointFiling_userType_New' is checked

2024-11-12 16:53:02 - [TEST_STEP][PASSED] - delay(2): Delayed 2 second(s)

2024-11-12 16:53:04 - [MESSAGE][PASSED] - Delayed 2 second(s)

2024-11-12 16:53:04 - [TEST_STEP][PASSED] - rad.getSetDataRAD.setDataRADssnAndNameJointFiler(): rad.getSetDataRAD.setDataRADssnAndNameJointFiler is PASSED

2024-11-12 16:53:04 - [MESSAGE][PASSED] - Text 'Larsons' is set on object 'Object Repository/RAD_Pages/FilingStatus_Page/input_jointFirstName'

2024-11-12 16:53:05 - [MESSAGE][PASSED] - Text 'Daug' is set on object 'Object Repository/RAD_Pages/FilingStatus_Page/input_jointLastName'

2024-11-12 16:53:05 - [MESSAGE][PASSED] - Text '123450001' is set on object 'Object Repository/RAD_RecordAndPlay/input_JointFilerSSN'

2024-11-12 16:53:06 - [MESSAGE][PASSED] - Text '123450001' is set on object 'Object Repository/RAD_RecordAndPlay/input_reTypeJointFilerSSN'

2024-11-12 16:53:06 - [MESSAGE][PASSED] - rad.getSetDataRAD.setDataRADssnAndNameJointFiler is PASSED

2024-11-12 16:53:06 - [TEST_STEP][PASSED] - setText(findTestObject(orPath_Amount + "/input__paymentAmount"), "100.00"): Text '100.00' is set on object 'Object Repository/RAD_Pages/PaymentAmount_Page/input__paymentAmount'

2024-11-12 16:53:07 - [MESSAGE][PASSED] - Text '100.00' is set on object 'Object Repository/RAD_Pages/PaymentAmount_Page/input__paymentAmount'

2024-11-12 16:53:07 - [TEST_STEP][PASSED] - setText(findTestObject(orPath_AddressContact + "/input_streetAddress2"), ""): Text '' is set on object 'Object Repository/RAD_Pages/AddressAndContactInfo_Page/input_streetAddress2'

2024-11-12 16:53:08 - [MESSAGE][PASSED] - Text '' is set on object 'Object Repository/RAD_Pages/AddressAndContactInfo_Page/input_streetAddress2'

2024-11-12 16:53:08 - [TEST_STEP][PASSED] - scrollToElement(findTestObject(orPath_Landing + "/button_Continue"), 3): Scroll to object 'Object Repository/RAD_Pages/Landing_Page/button_Continue' successfully

2024-11-12 16:53:08 - [MESSAGE][PASSED] - Scroll to object 'Object Repository/RAD_Pages/Landing_Page/button_Continue' successfully

2024-11-12 16:53:08 - [TEST_STEP][PASSED] - waitForElementClickable(findTestObject(orPath_Landing + "/button_Continue"), 5): Object 'Object Repository/RAD_Pages/Landing_Page/button_Continue' is clickable

2024-11-12 16:53:09 - [MESSAGE][PASSED] - Object 'Object Repository/RAD_Pages/Landing_Page/button_Continue' is clickable

2024-11-12 16:53:09 - [TEST_STEP][PASSED] - click(findTestObject(orPath_Landing + "/button_Continue")): Object: 'Object Repository/RAD_Pages/Landing_Page/button_Continue' is clicked on

2024-11-12 16:53:09 - [MESSAGE][PASSED] - Object: 'Object Repository/RAD_Pages/Landing_Page/button_Continue' is clicked on

2024-11-12 16:53:09 - [TEST_STEP][PASSED] - delay(2): Delayed 2 second(s)

2024-11-12 16:53:11 - [MESSAGE][PASSED] - Delayed 2 second(s)

2024-11-12 16:53:11 - [TEST_STEP][PASSED] - verifyTextPresent("Summary", true): Text 'Summary' is present on page  using regular expression

2024-11-12 16:53:11 - [MESSAGE][PASSED] - Text 'Summary' is present on page  using regular expression

2024-11-12 16:53:11 - [TEST_STEP][PASSED] - verifyTextPresent("Review the information below and make any necessary corrections by clicking the", true): Text 'Review the information below and make any necessary corrections by clicking the' is present on page  using regular expression

2024-11-12 16:53:12 - [MESSAGE][PASSED] - Text 'Review the information below and make any necessary corrections by clicking the' is present on page  using regular expression

2024-11-12 16:53:12 - [TEST_STEP][PASSED] - verifyTextPresent("When you are confident that all the information is correct, click the", true): Text 'When you are confident that all the information is correct, click the' is present on page  using regular expression

2024-11-12 16:53:12 - [MESSAGE][PASSED] - Text 'When you are confident that all the information is correct, click the' is present on page  using regular expression

2024-11-12 16:53:12 - [TEST_STEP][PASSED] - verifyTextPresent("Payment Type/Filing Year", true): Text 'Payment Type/Filing Year' is present on page  using regular expression

2024-11-12 16:53:12 - [MESSAGE][PASSED] - Text 'Payment Type/Filing Year' is present on page  using regular expression

2024-11-12 16:53:12 - [TEST_STEP][PASSED] - verifyTextPresent("Payment Type:", true): Text 'Payment Type:' is present on page  using regular expression

2024-11-12 16:53:13 - [MESSAGE][PASSED] - Text 'Payment Type:' is present on page  using regular expression

2024-11-12 16:53:13 - [TEST_STEP][PASSED] - verifyTextPresent(PaymentType, true): Text 'New Tax Return Amount Due' is present on page  using regular expression

2024-11-12 16:53:13 - [MESSAGE][PASSED] - Text 'New Tax Return Amount Due' is present on page  using regular expression

2024-11-12 16:53:13 - [TEST_STEP][PASSED] - verifyTextPresent("Filing Year:", true): Text 'Filing Year:' is present on page  using regular expression

2024-11-12 16:53:14 - [MESSAGE][PASSED] - Text 'Filing Year:' is present on page  using regular expression

2024-11-12 16:53:14 - [TEST_STEP][PASSED] - verifyTextPresent(FilingYear, true): Text '2022' is present on page  using regular expression

2024-11-12 16:53:14 - [MESSAGE][PASSED] - Text '2022' is present on page  using regular expression

2024-11-12 16:53:14 - [TEST_STEP][PASSED] - verifyTextPresent("Payer Information", true): Text 'Payer Information' is present on page  using regular expression

2024-11-12 16:53:14 - [MESSAGE][PASSED] - Text 'Payer Information' is present on page  using regular expression

2024-11-12 16:53:14 - [TEST_STEP][PASSED] - verifyTextPresent("Taxpayer Name:", true): Text 'Taxpayer Name:' is present on page  using regular expression

2024-11-12 16:53:15 - [MESSAGE][PASSED] - Text 'Taxpayer Name:' is present on page  using regular expression

2024-11-12 16:53:15 - [TEST_STEP][PASSED] - switch (executionProfile): null

2024-11-12 16:53:15 - [TEST_STEP][PASSED] - verifyTextPresent("Taxpayer SSN:", true): Text 'Taxpayer SSN:' is present on page  using regular expression

2024-11-12 16:53:15 - [MESSAGE][PASSED] - Text 'Taxpayer SSN:' is present on page  using regular expression

2024-11-12 16:53:15 - [TEST_STEP][PASSED] - verifyTextPresent("Taxpayer Address:", true): Text 'Taxpayer Address:' is present on page  using regular expression

2024-11-12 16:53:15 - [MESSAGE][PASSED] - Text 'Taxpayer Address:' is present on page  using regular expression

2024-11-12 16:53:15 - [TEST_STEP][PASSED] - verifyTextPresent("2508 Mandan Terrace Gambrills Maryland 21054", true): Text '2508 Mandan Terrace Gambrills Maryland 21054' is present on page  using regular expression

2024-11-12 16:53:16 - [MESSAGE][PASSED] - Text '2508 Mandan Terrace Gambrills Maryland 21054' is present on page  using regular expression

2024-11-12 16:53:16 - [TEST_STEP][PASSED] - verifyTextPresent("Email:", true): Text 'Email:' is present on page  using regular expression

2024-11-12 16:53:16 - [MESSAGE][PASSED] - Text 'Email:' is present on page  using regular expression

2024-11-12 16:53:16 - [TEST_STEP][PASSED] - verifyTextPresent("iahmed@govolution.com", true): Text 'iahmed@govolution.com' is present on page  using regular expression

2024-11-12 16:53:16 - [MESSAGE][PASSED] - Text 'iahmed@govolution.com' is present on page  using regular expression

2024-11-12 16:53:16 - [TEST_STEP][PASSED] - verifyTextPresent("Phone:", true): Text 'Phone:' is present on page  using regular expression

2024-11-12 16:53:17 - [MESSAGE][PASSED] - Text 'Phone:' is present on page  using regular expression

2024-11-12 16:53:17 - [TEST_STEP][PASSED] - verifyTextPresent("(703) 894-5000", false): Text '(703) 894-5000' is present on page 

2024-11-12 16:53:17 - [MESSAGE][PASSED] - Text '(703) 894-5000' is present on page 

2024-11-12 16:53:17 - [TEST_STEP][PASSED] - verifyTextPresent("Joint Filer Name:", true): Text 'Joint Filer Name:' is present on page  using regular expression

2024-11-12 16:53:17 - [MESSAGE][PASSED] - Text 'Joint Filer Name:' is present on page  using regular expression

2024-11-12 16:53:17 - [TEST_STEP][PASSED] - verifyTextPresent("Joint Filer SSN", true): Text 'Joint Filer SSN' is present on page  using regular expression

2024-11-12 16:53:18 - [MESSAGE][PASSED] - Text 'Joint Filer SSN' is present on page  using regular expression

2024-11-12 16:53:18 - [TEST_STEP][PASSED] - verifyTextPresent("Tax Information", true): Text 'Tax Information' is present on page  using regular expression

2024-11-12 16:53:18 - [MESSAGE][PASSED] - Text 'Tax Information' is present on page  using regular expression

2024-11-12 16:53:18 - [TEST_STEP][PASSED] - verifyTextPresent("Payment Amount:", true): Text 'Payment Amount:' is present on page  using regular expression

2024-11-12 16:53:18 - [MESSAGE][PASSED] - Text 'Payment Amount:' is present on page  using regular expression

2024-11-12 16:53:18 - [TEST_STEP][PASSED] - verifyTextPresent("100.00", true): Text '100.00' is present on page  using regular expression

2024-11-12 16:53:19 - [MESSAGE][PASSED] - Text '100.00' is present on page  using regular expression

2024-11-12 16:53:19 - [TEST_STEP][PASSED] - verifyTextNotPresent("Federal EIN:", true): Text 'Federal EIN:' is not present on page using regular expression

2024-11-12 16:53:19 - [MESSAGE][PASSED] - Text 'Federal EIN:' is not present on page using regular expression

2024-11-12 16:53:19 - [TEST_STEP][PASSED] - verifyTextNotPresent("FEIN/SSN:", true): Text 'FEIN/SSN:' is not present on page using regular expression

2024-11-12 16:53:19 - [MESSAGE][PASSED] - Text 'FEIN/SSN:' is not present on page using regular expression

2024-11-12 16:53:19 - [TEST_STEP][PASSED] - if (verifyElementVisible(findTestObject(orPath_Summary + "/button_Proceed to Payment"))): null

2024-11-12 16:53:20 - [MESSAGE][PASSED] - Object 'Object Repository/RAD_Pages/Summary_Page/button_Proceed to Payment' is visible

2024-11-12 16:53:20 - [TEST_STEP][PASSED] - resText = "Pass": null

2024-11-12 16:53:20 - [TEST_STEP][PASSED] - pages.WriteExcel.demoKey(resText, datText, resColumn, datCloumn, fileLoc, nameSheet, row): pages.WriteExcel.demoKey is PASSED

2024-11-12 16:53:20 - [MESSAGE][PASSED] - pages.WriteExcel.demoKey is PASSED

2024-11-12 16:53:20 - [TEST_STEP][PASSED] - click(findTestObject(orPath_Summary + "/button_Proceed to Payment")): Object: 'Object Repository/RAD_Pages/Summary_Page/button_Proceed to Payment' is clicked on

2024-11-12 16:53:22 - [MESSAGE][PASSED] - Object: 'Object Repository/RAD_Pages/Summary_Page/button_Proceed to Payment' is clicked on

2024-11-12 16:53:22 - [TEST_STEP][PASSED] - verifyElementPresent(findTestObject("Object Repository/RAD_Pages/PaymentEntry_Page/input__billingName"), 30): Object 'Object Repository/RAD_Pages/PaymentEntry_Page/input__billingName' is present

2024-11-12 16:53:23 - [MESSAGE][PASSED] - Object 'Object Repository/RAD_Pages/PaymentEntry_Page/input__billingName' is present

2024-11-12 16:53:23 - [TEST_STEP][PASSED] - ExecuteTC = findTestData(dataFile).getValue("Execute", row): null

2024-11-12 16:53:23 - [TEST_STEP][PASSED] - TaxType = findTestData(dataFile).getValue("TaxType", row): null

2024-11-12 16:53:23 - [TEST_STEP][PASSED] - PaymentType = findTestData(dataFile).getValue("PaymentType", row): null

2024-11-12 16:53:23 - [TEST_STEP][PASSED] - FilingYear = findTestData(dataFile).getValue("Year", row): null

2024-11-12 16:53:23 - [TEST_STEP][PASSED] - if (ExecuteTC.equalsIgnoreCase("Y")): Object 'Object Repository/RAD_Pages/PaymentEntry_Page/input__billingName' is present

2024-11-12 16:53:23 - [TEST_STEP][PASSED] - out.println("Begin Record Number: " + row): null

2024-11-12 16:53:23 - [TEST_STEP][PASSED] - today = new java.util.Date(): null

2024-11-12 16:53:23 - [TEST_STEP][PASSED] - println(today): null

2024-11-12 16:53:23 - [TEST_STEP][PASSED] - datText = today: null

2024-11-12 16:53:23 - [TEST_STEP][PASSED] - logInfo("Payment Type: " + PaymentType): Payment Type: New Tax Return Amount Due

2024-11-12 16:53:23 - [MESSAGE][INFO] - Payment Type: New Tax Return Amount Due

2024-11-12 16:53:23 - [TEST_STEP][PASSED] - logInfo("Tax Type: " + TaxType): Tax Type: Personal Income Tax

2024-11-12 16:53:23 - [MESSAGE][INFO] - Tax Type: Personal Income Tax

2024-11-12 16:53:23 - [TEST_STEP][PASSED] - openBrowser(""): Browser is opened with url: ''

2024-11-12 16:53:23 - [MESSAGE][WARNING] - A browser is already opened. Closing browser and opening a new one

2024-11-12 16:53:24 - [MESSAGE][INFO] - Starting 'Chrome' driver

2024-11-12 16:53:24 - [MESSAGE][INFO] - User set preference: ['acceptInsecureCerts', 'true']

2024-11-12 16:53:24 - [MESSAGE][INFO] - Action delay is set to 0 milliseconds

2024-11-12 16:53:26 - [MESSAGE][PASSED] - Browser is opened with url: ''

2024-11-12 16:53:26 - [TEST_STEP][PASSED] - maximizeWindow(): Current window maximized

2024-11-12 16:53:26 - [MESSAGE][PASSED] - Current window maximized

2024-11-12 16:53:26 - [TEST_STEP][PASSED] - navigateToUrl(RADurl): Navigate to 'https://www.velocitypayment.com/client/rad/index.html' successfully

2024-11-12 16:53:28 - [MESSAGE][PASSED] - Navigate to 'https://www.velocitypayment.com/client/rad/index.html' successfully

2024-11-12 16:53:28 - [TEST_STEP][PASSED] - selectOptionByLabel(findTestObject(orPath_Landing + "/dd_TaxType"), PaymentType, false): All options with label 'New Tax Return Amount Due' are selected in object 'Object Repository/RAD_Pages/Landing_Page/dd_TaxType' 

2024-11-12 16:53:28 - [MESSAGE][PASSED] - All options with label 'New Tax Return Amount Due' are selected in object 'Object Repository/RAD_Pages/Landing_Page/dd_TaxType' 

2024-11-12 16:53:28 - [TEST_STEP][PASSED] - switch (PaymentType): null

2024-11-12 16:53:28 - [TEST_STEP][PASSED] - case "New Tax Return Amount Due":: null

2024-11-12 16:53:28 - [TEST_STEP][PASSED] - selectOptionByLabel(findTestObject("Object Repository/RAD_Pages/Landing_Page/select_NewTaxReturnAmountDue_TaxType"), TaxType, false): All options with label 'Personal Income Tax' are selected in object 'Object Repository/RAD_Pages/Landing_Page/select_NewTaxReturnAmountDue_TaxType' 

2024-11-12 16:53:29 - [MESSAGE][PASSED] - All options with label 'Personal Income Tax' are selected in object 'Object Repository/RAD_Pages/Landing_Page/select_NewTaxReturnAmountDue_TaxType' 

2024-11-12 16:53:29 - [TEST_STEP][PASSED] - break: null

2024-11-12 16:53:29 - [TEST_STEP][PASSED] - if (!(FilingYear.isEmpty())): All options with label '2021' are selected in object 'Object Repository/RAD_Pages/TaxTypeFilingYear_Page/select_FilingYear' 

2024-11-12 16:53:29 - [TEST_STEP][PASSED] - selectOptionByLabel(findTestObject(orPath_TaxTypeFilingYear + "/select_FilingYear"), FilingYear, false): All options with label '2021' are selected in object 'Object Repository/RAD_Pages/TaxTypeFilingYear_Page/select_FilingYear' 

2024-11-12 16:53:30 - [MESSAGE][PASSED] - All options with label '2021' are selected in object 'Object Repository/RAD_Pages/TaxTypeFilingYear_Page/select_FilingYear' 

2024-11-12 16:53:30 - [TEST_STEP][PASSED] - if (TaxType.equalsIgnoreCase("Estate Tax")): null

2024-11-12 16:53:30 - [TEST_STEP][PASSED] - else: rad.getSetDataRAD.setDataRADssnAndName is PASSED

2024-11-12 16:53:30 - [TEST_STEP][PASSED] - rad.getSetDataRAD.setDataRADssnAndName(): rad.getSetDataRAD.setDataRADssnAndName is PASSED

2024-11-12 16:53:30 - [MESSAGE][PASSED] - Text 'Jimmy' is set on object 'Object Repository/RAD_Pages/Taxpayer_Page/input_firstName'

2024-11-12 16:53:31 - [MESSAGE][PASSED] - Text 'Davi' is set on object 'Object Repository/RAD_Pages/Taxpayer_Page/input_lastName'

2024-11-12 16:53:32 - [MESSAGE][PASSED] - Text '123450001' is set on object 'Object Repository/RAD_RecordAndPlay/input_concatSSN'

2024-11-12 16:53:32 - [MESSAGE][PASSED] - Text '123450001' is set on object 'Object Repository/RAD_RecordAndPlay/input_concatReSSN'

2024-11-12 16:53:32 - [MESSAGE][PASSED] - rad.getSetDataRAD.setDataRADssnAndName is PASSED

2024-11-12 16:53:32 - [TEST_STEP][PASSED] - rad.getSetDataRAD.setDataRADAddress(): rad.getSetDataRAD.setDataRADAddress is PASSED

2024-11-12 16:53:33 - [MESSAGE][PASSED] - All options with label 'United States' are selected in object 'Object Repository/RAD_Pages/AddressAndContactInfo_Page/select_Country' 

2024-11-12 16:53:34 - [MESSAGE][PASSED] - Text '2508 Mandan Terrace' is set on object 'Object Repository/RAD_Pages/AddressAndContactInfo_Page/input_streetAddress1'

2024-11-12 16:53:35 - [MESSAGE][PASSED] - Text '' is set on object 'Object Repository/RAD_Pages/AddressAndContactInfo_Page/input_streetAddress2'

2024-11-12 16:53:36 - [MESSAGE][PASSED] - Text 'Gambrills' is set on object 'Object Repository/RAD_Pages/AddressAndContactInfo_Page/input_city'

2024-11-12 16:53:37 - [MESSAGE][PASSED] - All options with label 'Maryland' are selected in object 'Object Repository/RAD_Pages/AddressAndContactInfo_Page/select_State' 

2024-11-12 16:53:38 - [MESSAGE][PASSED] - Text '21054' is set on object 'Object Repository/RAD_Pages/AddressAndContactInfo_Page/input_zipCode'

2024-11-12 16:53:39 - [MESSAGE][PASSED] - Text '(703) 894-5000' is set on object 'Object Repository/RAD_Pages/AddressAndContactInfo_Page/input_phoneNumber'

2024-11-12 16:53:40 - [MESSAGE][PASSED] - Text 'iahmed@govolution.com' is set on object 'Object Repository/RAD_Pages/AddressAndContactInfo_Page/input_eMailAddress'

2024-11-12 16:53:41 - [MESSAGE][PASSED] - Text 'iahmed@govolution.com' is set on object 'Object Repository/RAD_Pages/AddressAndContactInfo_Page/input_reEnterEMailAddress'

2024-11-12 16:53:41 - [MESSAGE][PASSED] - rad.getSetDataRAD.setDataRADAddress is PASSED

2024-11-12 16:53:41 - [TEST_STEP][PASSED] - scrollToElement(findTestObject(orPath_Landing + "/button_Continue"), 3): Scroll to object 'Object Repository/RAD_Pages/Landing_Page/button_Continue' successfully

2024-11-12 16:53:42 - [MESSAGE][PASSED] - Scroll to object 'Object Repository/RAD_Pages/Landing_Page/button_Continue' successfully

2024-11-12 16:53:42 - [TEST_STEP][PASSED] - waitForElementClickable(findTestObject(orPath_FilingStatus + "/input_JointFiling_userType_New"), 5): Object 'Object Repository/RAD_Pages/FilingStatus_Page/input_JointFiling_userType_New' is clickable

2024-11-12 16:53:42 - [MESSAGE][PASSED] - Object 'Object Repository/RAD_Pages/FilingStatus_Page/input_JointFiling_userType_New' is clickable

2024-11-12 16:53:42 - [TEST_STEP][PASSED] - check(findTestObject(orPath_FilingStatus + "/input_JointFiling_userType_New")): Object 'Object Repository/RAD_Pages/FilingStatus_Page/input_JointFiling_userType_New' is checked

2024-11-12 16:53:42 - [MESSAGE][PASSED] - Object 'Object Repository/RAD_Pages/FilingStatus_Page/input_JointFiling_userType_New' is checked

2024-11-12 16:53:42 - [TEST_STEP][PASSED] - delay(2): Delayed 2 second(s)

2024-11-12 16:53:44 - [MESSAGE][PASSED] - Delayed 2 second(s)

2024-11-12 16:53:44 - [TEST_STEP][PASSED] - rad.getSetDataRAD.setDataRADssnAndNameJointFiler(): rad.getSetDataRAD.setDataRADssnAndNameJointFiler is PASSED

2024-11-12 16:53:45 - [MESSAGE][PASSED] - Text 'Larsons' is set on object 'Object Repository/RAD_Pages/FilingStatus_Page/input_jointFirstName'

2024-11-12 16:53:46 - [MESSAGE][PASSED] - Text 'Daug' is set on object 'Object Repository/RAD_Pages/FilingStatus_Page/input_jointLastName'

2024-11-12 16:53:46 - [MESSAGE][PASSED] - Text '123450001' is set on object 'Object Repository/RAD_RecordAndPlay/input_JointFilerSSN'

2024-11-12 16:53:47 - [MESSAGE][PASSED] - Text '123450001' is set on object 'Object Repository/RAD_RecordAndPlay/input_reTypeJointFilerSSN'

2024-11-12 16:53:47 - [MESSAGE][PASSED] - rad.getSetDataRAD.setDataRADssnAndNameJointFiler is PASSED

2024-11-12 16:53:47 - [TEST_STEP][PASSED] - setText(findTestObject(orPath_Amount + "/input__paymentAmount"), "100.00"): Text '100.00' is set on object 'Object Repository/RAD_Pages/PaymentAmount_Page/input__paymentAmount'

2024-11-12 16:53:48 - [MESSAGE][PASSED] - Text '100.00' is set on object 'Object Repository/RAD_Pages/PaymentAmount_Page/input__paymentAmount'

2024-11-12 16:53:48 - [TEST_STEP][PASSED] - setText(findTestObject(orPath_AddressContact + "/input_streetAddress2"), ""): Text '' is set on object 'Object Repository/RAD_Pages/AddressAndContactInfo_Page/input_streetAddress2'

2024-11-12 16:53:48 - [MESSAGE][PASSED] - Text '' is set on object 'Object Repository/RAD_Pages/AddressAndContactInfo_Page/input_streetAddress2'

2024-11-12 16:53:48 - [TEST_STEP][PASSED] - scrollToElement(findTestObject(orPath_Landing + "/button_Continue"), 3): Scroll to object 'Object Repository/RAD_Pages/Landing_Page/button_Continue' successfully

2024-11-12 16:53:49 - [MESSAGE][PASSED] - Scroll to object 'Object Repository/RAD_Pages/Landing_Page/button_Continue' successfully

2024-11-12 16:53:49 - [TEST_STEP][PASSED] - waitForElementClickable(findTestObject(orPath_Landing + "/button_Continue"), 5): Object 'Object Repository/RAD_Pages/Landing_Page/button_Continue' is clickable

2024-11-12 16:53:49 - [MESSAGE][PASSED] - Object 'Object Repository/RAD_Pages/Landing_Page/button_Continue' is clickable

2024-11-12 16:53:49 - [TEST_STEP][PASSED] - click(findTestObject(orPath_Landing + "/button_Continue")): Object: 'Object Repository/RAD_Pages/Landing_Page/button_Continue' is clicked on

2024-11-12 16:53:50 - [MESSAGE][PASSED] - Object: 'Object Repository/RAD_Pages/Landing_Page/button_Continue' is clicked on

2024-11-12 16:53:50 - [TEST_STEP][PASSED] - delay(2): Delayed 2 second(s)

2024-11-12 16:53:52 - [MESSAGE][PASSED] - Delayed 2 second(s)

2024-11-12 16:53:52 - [TEST_STEP][PASSED] - verifyTextPresent("Summary", true): Text 'Summary' is present on page  using regular expression

2024-11-12 16:53:52 - [MESSAGE][PASSED] - Text 'Summary' is present on page  using regular expression

2024-11-12 16:53:52 - [TEST_STEP][PASSED] - verifyTextPresent("Review the information below and make any necessary corrections by clicking the", true): Text 'Review the information below and make any necessary corrections by clicking the' is present on page  using regular expression

2024-11-12 16:53:52 - [MESSAGE][PASSED] - Text 'Review the information below and make any necessary corrections by clicking the' is present on page  using regular expression

2024-11-12 16:53:52 - [TEST_STEP][PASSED] - verifyTextPresent("When you are confident that all the information is correct, click the", true): Text 'When you are confident that all the information is correct, click the' is present on page  using regular expression

2024-11-12 16:53:53 - [MESSAGE][PASSED] - Text 'When you are confident that all the information is correct, click the' is present on page  using regular expression

2024-11-12 16:53:53 - [TEST_STEP][PASSED] - verifyTextPresent("Payment Type/Filing Year", true): Text 'Payment Type/Filing Year' is present on page  using regular expression

2024-11-12 16:53:53 - [MESSAGE][PASSED] - Text 'Payment Type/Filing Year' is present on page  using regular expression

2024-11-12 16:53:53 - [TEST_STEP][PASSED] - verifyTextPresent("Payment Type:", true): Text 'Payment Type:' is present on page  using regular expression

2024-11-12 16:53:53 - [MESSAGE][PASSED] - Text 'Payment Type:' is present on page  using regular expression

2024-11-12 16:53:53 - [TEST_STEP][PASSED] - verifyTextPresent(PaymentType, true): Text 'New Tax Return Amount Due' is present on page  using regular expression

2024-11-12 16:53:54 - [MESSAGE][PASSED] - Text 'New Tax Return Amount Due' is present on page  using regular expression

2024-11-12 16:53:54 - [TEST_STEP][PASSED] - verifyTextPresent("Filing Year:", true): Text 'Filing Year:' is present on page  using regular expression

2024-11-12 16:53:54 - [MESSAGE][PASSED] - Text 'Filing Year:' is present on page  using regular expression

2024-11-12 16:53:54 - [TEST_STEP][PASSED] - verifyTextPresent(FilingYear, true): Text '2021' is present on page  using regular expression

2024-11-12 16:53:54 - [MESSAGE][PASSED] - Text '2021' is present on page  using regular expression

2024-11-12 16:53:54 - [TEST_STEP][PASSED] - verifyTextPresent("Payer Information", true): Text 'Payer Information' is present on page  using regular expression

2024-11-12 16:53:55 - [MESSAGE][PASSED] - Text 'Payer Information' is present on page  using regular expression

2024-11-12 16:53:55 - [TEST_STEP][PASSED] - verifyTextPresent("Taxpayer Name:", true): Text 'Taxpayer Name:' is present on page  using regular expression

2024-11-12 16:53:55 - [MESSAGE][PASSED] - Text 'Taxpayer Name:' is present on page  using regular expression

2024-11-12 16:53:55 - [TEST_STEP][PASSED] - switch (executionProfile): null

2024-11-12 16:53:55 - [TEST_STEP][PASSED] - verifyTextPresent("Taxpayer SSN:", true): Text 'Taxpayer SSN:' is present on page  using regular expression

2024-11-12 16:53:55 - [MESSAGE][PASSED] - Text 'Taxpayer SSN:' is present on page  using regular expression

2024-11-12 16:53:55 - [TEST_STEP][PASSED] - verifyTextPresent("Taxpayer Address:", true): Text 'Taxpayer Address:' is present on page  using regular expression

2024-11-12 16:53:56 - [MESSAGE][PASSED] - Text 'Taxpayer Address:' is present on page  using regular expression

2024-11-12 16:53:56 - [TEST_STEP][PASSED] - verifyTextPresent("2508 Mandan Terrace Gambrills Maryland 21054", true): Text '2508 Mandan Terrace Gambrills Maryland 21054' is present on page  using regular expression

2024-11-12 16:53:56 - [MESSAGE][PASSED] - Text '2508 Mandan Terrace Gambrills Maryland 21054' is present on page  using regular expression

2024-11-12 16:53:56 - [TEST_STEP][PASSED] - verifyTextPresent("Email:", true): Text 'Email:' is present on page  using regular expression

2024-11-12 16:53:56 - [MESSAGE][PASSED] - Text 'Email:' is present on page  using regular expression

2024-11-12 16:53:56 - [TEST_STEP][PASSED] - verifyTextPresent("iahmed@govolution.com", true): Text 'iahmed@govolution.com' is present on page  using regular expression

2024-11-12 16:53:57 - [MESSAGE][PASSED] - Text 'iahmed@govolution.com' is present on page  using regular expression

2024-11-12 16:53:57 - [TEST_STEP][PASSED] - verifyTextPresent("Phone:", true): Text 'Phone:' is present on page  using regular expression

2024-11-12 16:53:57 - [MESSAGE][PASSED] - Text 'Phone:' is present on page  using regular expression

2024-11-12 16:53:57 - [TEST_STEP][PASSED] - verifyTextPresent("(703) 894-5000", false): Text '(703) 894-5000' is present on page 

2024-11-12 16:53:57 - [MESSAGE][PASSED] - Text '(703) 894-5000' is present on page 

2024-11-12 16:53:57 - [TEST_STEP][PASSED] - verifyTextPresent("Joint Filer Name:", true): Text 'Joint Filer Name:' is present on page  using regular expression

2024-11-12 16:53:58 - [MESSAGE][PASSED] - Text 'Joint Filer Name:' is present on page  using regular expression

2024-11-12 16:53:58 - [TEST_STEP][PASSED] - verifyTextPresent("Joint Filer SSN", true): Text 'Joint Filer SSN' is present on page  using regular expression

2024-11-12 16:53:58 - [MESSAGE][PASSED] - Text 'Joint Filer SSN' is present on page  using regular expression

2024-11-12 16:53:58 - [TEST_STEP][PASSED] - verifyTextPresent("Tax Information", true): Text 'Tax Information' is present on page  using regular expression

2024-11-12 16:53:58 - [MESSAGE][PASSED] - Text 'Tax Information' is present on page  using regular expression

2024-11-12 16:53:58 - [TEST_STEP][PASSED] - verifyTextPresent("Payment Amount:", true): Text 'Payment Amount:' is present on page  using regular expression

2024-11-12 16:53:59 - [MESSAGE][PASSED] - Text 'Payment Amount:' is present on page  using regular expression

2024-11-12 16:53:59 - [TEST_STEP][PASSED] - verifyTextPresent("100.00", true): Text '100.00' is present on page  using regular expression

2024-11-12 16:53:59 - [MESSAGE][PASSED] - Text '100.00' is present on page  using regular expression

2024-11-12 16:53:59 - [TEST_STEP][PASSED] - verifyTextNotPresent("Federal EIN:", true): Text 'Federal EIN:' is not present on page using regular expression

2024-11-12 16:53:59 - [MESSAGE][PASSED] - Text 'Federal EIN:' is not present on page using regular expression

2024-11-12 16:53:59 - [TEST_STEP][PASSED] - verifyTextNotPresent("FEIN/SSN:", true): Text 'FEIN/SSN:' is not present on page using regular expression

2024-11-12 16:54:00 - [MESSAGE][PASSED] - Text 'FEIN/SSN:' is not present on page using regular expression

2024-11-12 16:54:00 - [TEST_STEP][PASSED] - if (verifyElementVisible(findTestObject(orPath_Summary + "/button_Proceed to Payment"))): null

2024-11-12 16:54:00 - [MESSAGE][PASSED] - Object 'Object Repository/RAD_Pages/Summary_Page/button_Proceed to Payment' is visible

2024-11-12 16:54:00 - [TEST_STEP][PASSED] - resText = "Pass": null

2024-11-12 16:54:00 - [TEST_STEP][PASSED] - pages.WriteExcel.demoKey(resText, datText, resColumn, datCloumn, fileLoc, nameSheet, row): pages.WriteExcel.demoKey is PASSED

2024-11-12 16:54:00 - [MESSAGE][PASSED] - pages.WriteExcel.demoKey is PASSED

2024-11-12 16:54:00 - [TEST_STEP][PASSED] - click(findTestObject(orPath_Summary + "/button_Proceed to Payment")): Object: 'Object Repository/RAD_Pages/Summary_Page/button_Proceed to Payment' is clicked on

2024-11-12 16:54:04 - [MESSAGE][PASSED] - Object: 'Object Repository/RAD_Pages/Summary_Page/button_Proceed to Payment' is clicked on

2024-11-12 16:54:04 - [TEST_STEP][PASSED] - verifyElementPresent(findTestObject("Object Repository/RAD_Pages/PaymentEntry_Page/input__billingName"), 30): Object 'Object Repository/RAD_Pages/PaymentEntry_Page/input__billingName' is present

2024-11-12 16:54:04 - [MESSAGE][PASSED] - Object 'Object Repository/RAD_Pages/PaymentEntry_Page/input__billingName' is present]]></system-out>
         <system-err><![CDATA[]]></system-err>
      </testcase>
      <system-out><![CDATA[2024-11-12 15:54:32 - [TEST_SUITE][PASSED] - RAD_UI_TestSuite: Test Cases/RAD_TestCases/Summary_TestCases/Personal_Joint_Summary_TC]]></system-out>
      <system-err><![CDATA[]]></system-err>
   </testsuite>
</testsuites>
