<?xml version="1.0" encoding="UTF-8"?>
<testsuites name="VSP-Profile-TestSuite" time="6470.291" tests="10" failures="1" errors="0">
   <testsuite name="VSP-Profile-TestSuite" tests="10" failures="1" errors="0" time="6470.291" skipped="0" timestamp="2022-06-30 23:01:59" hostname="imtiaz - DESKTOP-B2QI6NS.govolution.com" id="Test Suites/QA/VSP-Bootstrap/VSP-Profile-TestSuite">
      <properties>
         <property name="deviceName" value=""/>
         <property name="devicePlatform" value=""/>
         <property name="logFolder" value="E:\\Cloned-Project-Katalon\\VPS-Katalon\\Reports\\20220630_220315\\QA\\VSP-Bootstrap\\VSP-Profile-TestSuite\\20220630_220321"/>
         <property name="logFiles" value="E:\\Cloned-Project-Katalon\\VPS-Katalon\\Reports\\20220630_220315\\QA\\VSP-Bootstrap\\VSP-Profile-TestSuite\\20220630_220321\\execution0.log"/>
         <property name="attachments" value="E:\\Cloned-Project-Katalon\\VPS-Katalon\\Reports\\20220630_220315\\QA\\VSP-Bootstrap\\VSP-Profile-TestSuite\\20220630_220321\\1656644692825.png, E:\\Cloned-Project-Katalon\\VPS-Katalon\\Reports\\20220630_220315\\QA\\VSP-Bootstrap\\VSP-Profile-TestSuite\\20220630_220321\\1656644724263.png, E:\\Cloned-Project-Katalon\\VPS-Katalon\\Reports\\20220630_220315\\QA\\VSP-Bootstrap\\VSP-Profile-TestSuite\\20220630_220321\\1656644757184.png, E:\\Cloned-Project-Katalon\\VPS-Katalon\\Reports\\20220630_220315\\QA\\VSP-Bootstrap\\VSP-Profile-TestSuite\\20220630_220321\\1656644788534.png, E:\\Cloned-Project-Katalon\\VPS-Katalon\\Reports\\20220630_220315\\QA\\VSP-Bootstrap\\VSP-Profile-TestSuite\\20220630_220321\\1656644819905.png, E:\\Cloned-Project-Katalon\\VPS-Katalon\\Reports\\20220630_220315\\QA\\VSP-Bootstrap\\VSP-Profile-TestSuite\\20220630_220321\\1656644851438.png, E:\\Cloned-Project-Katalon\\VPS-Katalon\\Reports\\20220630_220315\\QA\\VSP-Bootstrap\\VSP-Profile-TestSuite\\20220630_220321\\1656644882929.png, E:\\Cloned-Project-Katalon\\VPS-Katalon\\Reports\\20220630_220315\\QA\\VSP-Bootstrap\\VSP-Profile-TestSuite\\20220630_220321\\1656644914512.png, E:\\Cloned-Project-Katalon\\VPS-Katalon\\Reports\\20220630_220315\\QA\\VSP-Bootstrap\\VSP-Profile-TestSuite\\20220630_220321\\1656644946094.png, E:\\Cloned-Project-Katalon\\VPS-Katalon\\Reports\\20220630_220315\\QA\\VSP-Bootstrap\\VSP-Profile-TestSuite\\20220630_220321\\1656644977485.png, E:\\Cloned-Project-Katalon\\VPS-Katalon\\Reports\\20220630_220315\\QA\\VSP-Bootstrap\\VSP-Profile-TestSuite\\20220630_220321\\1656645008956.png, E:\\Cloned-Project-Katalon\\VPS-Katalon\\Reports\\20220630_220315\\QA\\VSP-Bootstrap\\VSP-Profile-TestSuite\\20220630_220321\\1656645040541.png, E:\\Cloned-Project-Katalon\\VPS-Katalon\\Reports\\20220630_220315\\QA\\VSP-Bootstrap\\VSP-Profile-TestSuite\\20220630_220321\\1656645071911.png, E:\\Cloned-Project-Katalon\\VPS-Katalon\\Reports\\20220630_220315\\QA\\VSP-Bootstrap\\VSP-Profile-TestSuite\\20220630_220321\\1656645103242.png, E:\\Cloned-Project-Katalon\\VPS-Katalon\\Reports\\20220630_220315\\QA\\VSP-Bootstrap\\VSP-Profile-TestSuite\\20220630_220321\\1656645134744.png, E:\\Cloned-Project-Katalon\\VPS-Katalon\\Reports\\20220630_220315\\QA\\VSP-Bootstrap\\VSP-Profile-TestSuite\\20220630_220321\\1656645166341.png, E:\\Cloned-Project-Katalon\\VPS-Katalon\\Reports\\20220630_220315\\QA\\VSP-Bootstrap\\VSP-Profile-TestSuite\\20220630_220321\\1656645197705.png, E:\\Cloned-Project-Katalon\\VPS-Katalon\\Reports\\20220630_220315\\QA\\VSP-Bootstrap\\VSP-Profile-TestSuite\\20220630_220321\\1656645229263.png, E:\\Cloned-Project-Katalon\\VPS-Katalon\\Reports\\20220630_220315\\QA\\VSP-Bootstrap\\VSP-Profile-TestSuite\\20220630_220321\\1656645260654.png, E:\\Cloned-Project-Katalon\\VPS-Katalon\\Reports\\20220630_220315\\QA\\VSP-Bootstrap\\VSP-Profile-TestSuite\\20220630_220321\\1656645292053.png, E:\\Cloned-Project-Katalon\\VPS-Katalon\\Reports\\20220630_220315\\QA\\VSP-Bootstrap\\VSP-Profile-TestSuite\\20220630_220321\\1656645323527.png, E:\\Cloned-Project-Katalon\\VPS-Katalon\\Reports\\20220630_220315\\QA\\VSP-Bootstrap\\VSP-Profile-TestSuite\\20220630_220321\\1656645354977.png, E:\\Cloned-Project-Katalon\\VPS-Katalon\\Reports\\20220630_220315\\QA\\VSP-Bootstrap\\VSP-Profile-TestSuite\\20220630_220321\\1656645386501.png, E:\\Cloned-Project-Katalon\\VPS-Katalon\\Reports\\20220630_220315\\QA\\VSP-Bootstrap\\VSP-Profile-TestSuite\\20220630_220321\\1656645418051.png, E:\\Cloned-Project-Katalon\\VPS-Katalon\\Reports\\20220630_220315\\QA\\VSP-Bootstrap\\VSP-Profile-TestSuite\\20220630_220321\\1656645449601.png, E:\\Cloned-Project-Katalon\\VPS-Katalon\\Reports\\20220630_220315\\QA\\VSP-Bootstrap\\VSP-Profile-TestSuite\\20220630_220321\\1656645481082.png, E:\\Cloned-Project-Katalon\\VPS-Katalon\\Reports\\20220630_220315\\QA\\VSP-Bootstrap\\VSP-Profile-TestSuite\\20220630_220321\\1656645513650.png, E:\\Cloned-Project-Katalon\\VPS-Katalon\\Reports\\20220630_220315\\QA\\VSP-Bootstrap\\VSP-Profile-TestSuite\\20220630_220321\\1656645545052.png, E:\\Cloned-Project-Katalon\\VPS-Katalon\\Reports\\20220630_220315\\QA\\VSP-Bootstrap\\VSP-Profile-TestSuite\\20220630_220321\\1656645576586.png, E:\\Cloned-Project-Katalon\\VPS-Katalon\\Reports\\20220630_220315\\QA\\VSP-Bootstrap\\VSP-Profile-TestSuite\\20220630_220321\\1656645608048.png, E:\\Cloned-Project-Katalon\\VPS-Katalon\\Reports\\20220630_220315\\QA\\VSP-Bootstrap\\VSP-Profile-TestSuite\\20220630_220321\\1656645639397.png, E:\\Cloned-Project-Katalon\\VPS-Katalon\\Reports\\20220630_220315\\QA\\VSP-Bootstrap\\VSP-Profile-TestSuite\\20220630_220321\\1656645670942.png, E:\\Cloned-Project-Katalon\\VPS-Katalon\\Reports\\20220630_220315\\QA\\VSP-Bootstrap\\VSP-Profile-TestSuite\\20220630_220321\\1656645702356.png, E:\\Cloned-Project-Katalon\\VPS-Katalon\\Reports\\20220630_220315\\QA\\VSP-Bootstrap\\VSP-Profile-TestSuite\\20220630_220321\\1656645733852.png, E:\\Cloned-Project-Katalon\\VPS-Katalon\\Reports\\20220630_220315\\QA\\VSP-Bootstrap\\VSP-Profile-TestSuite\\20220630_220321\\1656645765430.png, E:\\Cloned-Project-Katalon\\VPS-Katalon\\Reports\\20220630_220315\\QA\\VSP-Bootstrap\\VSP-Profile-TestSuite\\20220630_220321\\1656645796936.png, E:\\Cloned-Project-Katalon\\VPS-Katalon\\Reports\\20220630_220315\\QA\\VSP-Bootstrap\\VSP-Profile-TestSuite\\20220630_220321\\1656645828424.png, E:\\Cloned-Project-Katalon\\VPS-Katalon\\Reports\\20220630_220315\\QA\\VSP-Bootstrap\\VSP-Profile-TestSuite\\20220630_220321\\1656645859910.png, E:\\Cloned-Project-Katalon\\VPS-Katalon\\Reports\\20220630_220315\\QA\\VSP-Bootstrap\\VSP-Profile-TestSuite\\20220630_220321\\1656645891353.png, E:\\Cloned-Project-Katalon\\VPS-Katalon\\Reports\\20220630_220315\\QA\\VSP-Bootstrap\\VSP-Profile-TestSuite\\20220630_220321\\1656645922792.png, E:\\Cloned-Project-Katalon\\VPS-Katalon\\Reports\\20220630_220315\\QA\\VSP-Bootstrap\\VSP-Profile-TestSuite\\20220630_220321\\1656645954694.png, E:\\Cloned-Project-Katalon\\VPS-Katalon\\Reports\\20220630_220315\\QA\\VSP-Bootstrap\\VSP-Profile-TestSuite\\20220630_220321\\1656645986215.png, E:\\Cloned-Project-Katalon\\VPS-Katalon\\Reports\\20220630_220315\\QA\\VSP-Bootstrap\\VSP-Profile-TestSuite\\20220630_220321\\1656646017677.png, E:\\Cloned-Project-Katalon\\VPS-Katalon\\Reports\\20220630_220315\\QA\\VSP-Bootstrap\\VSP-Profile-TestSuite\\20220630_220321\\1656646049694.png, E:\\Cloned-Project-Katalon\\VPS-Katalon\\Reports\\20220630_220315\\QA\\VSP-Bootstrap\\VSP-Profile-TestSuite\\20220630_220321\\1656646081692.png, E:\\Cloned-Project-Katalon\\VPS-Katalon\\Reports\\20220630_220315\\QA\\VSP-Bootstrap\\VSP-Profile-TestSuite\\20220630_220321\\1656646113695.png, E:\\Cloned-Project-Katalon\\VPS-Katalon\\Reports\\20220630_220315\\QA\\VSP-Bootstrap\\VSP-Profile-TestSuite\\20220630_220321\\1656646145316.png, E:\\Cloned-Project-Katalon\\VPS-Katalon\\Reports\\20220630_220315\\QA\\VSP-Bootstrap\\VSP-Profile-TestSuite\\20220630_220321\\1656646886706.png, E:\\Cloned-Project-Katalon\\VPS-Katalon\\Reports\\20220630_220315\\QA\\VSP-Bootstrap\\VSP-Profile-TestSuite\\20220630_220321\\1656646918109.png, E:\\Cloned-Project-Katalon\\VPS-Katalon\\Reports\\20220630_220315\\QA\\VSP-Bootstrap\\VSP-Profile-TestSuite\\20220630_220321\\1656646951111.png, E:\\Cloned-Project-Katalon\\VPS-Katalon\\Reports\\20220630_220315\\QA\\VSP-Bootstrap\\VSP-Profile-TestSuite\\20220630_220321\\1656646982512.png, E:\\Cloned-Project-Katalon\\VPS-Katalon\\Reports\\20220630_220315\\QA\\VSP-Bootstrap\\VSP-Profile-TestSuite\\20220630_220321\\1656647014021.png, E:\\Cloned-Project-Katalon\\VPS-Katalon\\Reports\\20220630_220315\\QA\\VSP-Bootstrap\\VSP-Profile-TestSuite\\20220630_220321\\1656647045593.png, E:\\Cloned-Project-Katalon\\VPS-Katalon\\Reports\\20220630_220315\\QA\\VSP-Bootstrap\\VSP-Profile-TestSuite\\20220630_220321\\1656647077011.png, E:\\Cloned-Project-Katalon\\VPS-Katalon\\Reports\\20220630_220315\\QA\\VSP-Bootstrap\\VSP-Profile-TestSuite\\20220630_220321\\1656647108420.png, E:\\Cloned-Project-Katalon\\VPS-Katalon\\Reports\\20220630_220315\\QA\\VSP-Bootstrap\\VSP-Profile-TestSuite\\20220630_220321\\1656647140013.png, E:\\Cloned-Project-Katalon\\VPS-Katalon\\Reports\\20220630_220315\\QA\\VSP-Bootstrap\\VSP-Profile-TestSuite\\20220630_220321\\1656647171618.png, E:\\Cloned-Project-Katalon\\VPS-Katalon\\Reports\\20220630_220315\\QA\\VSP-Bootstrap\\VSP-Profile-TestSuite\\20220630_220321\\1656647203181.png, E:\\Cloned-Project-Katalon\\VPS-Katalon\\Reports\\20220630_220315\\QA\\VSP-Bootstrap\\VSP-Profile-TestSuite\\20220630_220321\\1656647234600.png, E:\\Cloned-Project-Katalon\\VPS-Katalon\\Reports\\20220630_220315\\QA\\VSP-Bootstrap\\VSP-Profile-TestSuite\\20220630_220321\\1656647266092.png, E:\\Cloned-Project-Katalon\\VPS-Katalon\\Reports\\20220630_220315\\QA\\VSP-Bootstrap\\VSP-Profile-TestSuite\\20220630_220321\\1656647297566.png, E:\\Cloned-Project-Katalon\\VPS-Katalon\\Reports\\20220630_220315\\QA\\VSP-Bootstrap\\VSP-Profile-TestSuite\\20220630_220321\\1656647328957.png, E:\\Cloned-Project-Katalon\\VPS-Katalon\\Reports\\20220630_220315\\QA\\VSP-Bootstrap\\VSP-Profile-TestSuite\\20220630_220321\\1656647360396.png, E:\\Cloned-Project-Katalon\\VPS-Katalon\\Reports\\20220630_220315\\QA\\VSP-Bootstrap\\VSP-Profile-TestSuite\\20220630_220321\\1656647391748.png, E:\\Cloned-Project-Katalon\\VPS-Katalon\\Reports\\20220630_220315\\QA\\VSP-Bootstrap\\VSP-Profile-TestSuite\\20220630_220321\\1656647423156.png, E:\\Cloned-Project-Katalon\\VPS-Katalon\\Reports\\20220630_220315\\QA\\VSP-Bootstrap\\VSP-Profile-TestSuite\\20220630_220321\\1656647454685.png, E:\\Cloned-Project-Katalon\\VPS-Katalon\\Reports\\20220630_220315\\QA\\VSP-Bootstrap\\VSP-Profile-TestSuite\\20220630_220321\\1656647486209.png, E:\\Cloned-Project-Katalon\\VPS-Katalon\\Reports\\20220630_220315\\QA\\VSP-Bootstrap\\VSP-Profile-TestSuite\\20220630_220321\\1656647517624.png, E:\\Cloned-Project-Katalon\\VPS-Katalon\\Reports\\20220630_220315\\QA\\VSP-Bootstrap\\VSP-Profile-TestSuite\\20220630_220321\\1656647548996.png, E:\\Cloned-Project-Katalon\\VPS-Katalon\\Reports\\20220630_220315\\QA\\VSP-Bootstrap\\VSP-Profile-TestSuite\\20220630_220321\\1656647580498.png, E:\\Cloned-Project-Katalon\\VPS-Katalon\\Reports\\20220630_220315\\QA\\VSP-Bootstrap\\VSP-Profile-TestSuite\\20220630_220321\\1656647612069.png, E:\\Cloned-Project-Katalon\\VPS-Katalon\\Reports\\20220630_220315\\QA\\VSP-Bootstrap\\VSP-Profile-TestSuite\\20220630_220321\\1656647643555.png, E:\\Cloned-Project-Katalon\\VPS-Katalon\\Reports\\20220630_220315\\QA\\VSP-Bootstrap\\VSP-Profile-TestSuite\\20220630_220321\\1656647674900.png, E:\\Cloned-Project-Katalon\\VPS-Katalon\\Reports\\20220630_220315\\QA\\VSP-Bootstrap\\VSP-Profile-TestSuite\\20220630_220321\\1656647706732.png, E:\\Cloned-Project-Katalon\\VPS-Katalon\\Reports\\20220630_220315\\QA\\VSP-Bootstrap\\VSP-Profile-TestSuite\\20220630_220321\\1656647738345.png, E:\\Cloned-Project-Katalon\\VPS-Katalon\\Reports\\20220630_220315\\QA\\VSP-Bootstrap\\VSP-Profile-TestSuite\\20220630_220321\\1656647769889.png, E:\\Cloned-Project-Katalon\\VPS-Katalon\\Reports\\20220630_220315\\QA\\VSP-Bootstrap\\VSP-Profile-TestSuite\\20220630_220321\\1656647801322.png, E:\\Cloned-Project-Katalon\\VPS-Katalon\\Reports\\20220630_220315\\QA\\VSP-Bootstrap\\VSP-Profile-TestSuite\\20220630_220321\\1656647832956.png, E:\\Cloned-Project-Katalon\\VPS-Katalon\\Reports\\20220630_220315\\QA\\VSP-Bootstrap\\VSP-Profile-TestSuite\\20220630_220321\\1656647864455.png, E:\\Cloned-Project-Katalon\\VPS-Katalon\\Reports\\20220630_220315\\QA\\VSP-Bootstrap\\VSP-Profile-TestSuite\\20220630_220321\\1656647896561.png, E:\\Cloned-Project-Katalon\\VPS-Katalon\\Reports\\20220630_220315\\QA\\VSP-Bootstrap\\VSP-Profile-TestSuite\\20220630_220321\\1656647927988.png, E:\\Cloned-Project-Katalon\\VPS-Katalon\\Reports\\20220630_220315\\QA\\VSP-Bootstrap\\VSP-Profile-TestSuite\\20220630_220321\\1656647959506.png, E:\\Cloned-Project-Katalon\\VPS-Katalon\\Reports\\20220630_220315\\QA\\VSP-Bootstrap\\VSP-Profile-TestSuite\\20220630_220321\\1656647991897.png, E:\\Cloned-Project-Katalon\\VPS-Katalon\\Reports\\20220630_220315\\QA\\VSP-Bootstrap\\VSP-Profile-TestSuite\\20220630_220321\\1656648023900.png, E:\\Cloned-Project-Katalon\\VPS-Katalon\\Reports\\20220630_220315\\QA\\VSP-Bootstrap\\VSP-Profile-TestSuite\\20220630_220321\\1656648056059.png, E:\\Cloned-Project-Katalon\\VPS-Katalon\\Reports\\20220630_220315\\QA\\VSP-Bootstrap\\VSP-Profile-TestSuite\\20220630_220321\\1656648087793.png, E:\\Cloned-Project-Katalon\\VPS-Katalon\\Reports\\20220630_220315\\QA\\VSP-Bootstrap\\VSP-Profile-TestSuite\\20220630_220321\\1656648426793.png, E:\\Cloned-Project-Katalon\\VPS-Katalon\\Reports\\20220630_220315\\QA\\VSP-Bootstrap\\VSP-Profile-TestSuite\\20220630_220321\\1656648458160.png, E:\\Cloned-Project-Katalon\\VPS-Katalon\\Reports\\20220630_220315\\QA\\VSP-Bootstrap\\VSP-Profile-TestSuite\\20220630_220321\\1656648489675.png, E:\\Cloned-Project-Katalon\\VPS-Katalon\\Reports\\20220630_220315\\QA\\VSP-Bootstrap\\VSP-Profile-TestSuite\\20220630_220321\\1656648521252.png, E:\\Cloned-Project-Katalon\\VPS-Katalon\\Reports\\20220630_220315\\QA\\VSP-Bootstrap\\VSP-Profile-TestSuite\\20220630_220321\\1656648552756.png, E:\\Cloned-Project-Katalon\\VPS-Katalon\\Reports\\20220630_220315\\QA\\VSP-Bootstrap\\VSP-Profile-TestSuite\\20220630_220321\\1656648584221.png, E:\\Cloned-Project-Katalon\\VPS-Katalon\\Reports\\20220630_220315\\QA\\VSP-Bootstrap\\VSP-Profile-TestSuite\\20220630_220321\\1656648615629.png, E:\\Cloned-Project-Katalon\\VPS-Katalon\\Reports\\20220630_220315\\QA\\VSP-Bootstrap\\VSP-Profile-TestSuite\\20220630_220321\\1656648670274.png, E:\\Cloned-Project-Katalon\\VPS-Katalon\\Reports\\20220630_220315\\QA\\VSP-Bootstrap\\VSP-Profile-TestSuite\\20220630_220321\\1656648701706.png, E:\\Cloned-Project-Katalon\\VPS-Katalon\\Reports\\20220630_220315\\QA\\VSP-Bootstrap\\VSP-Profile-TestSuite\\20220630_220321\\1656648733383.png, E:\\Cloned-Project-Katalon\\VPS-Katalon\\Reports\\20220630_220315\\QA\\VSP-Bootstrap\\VSP-Profile-TestSuite\\20220630_220321\\1656648764888.png, E:\\Cloned-Project-Katalon\\VPS-Katalon\\Reports\\20220630_220315\\QA\\VSP-Bootstrap\\VSP-Profile-TestSuite\\20220630_220321\\1656648796424.png, E:\\Cloned-Project-Katalon\\VPS-Katalon\\Reports\\20220630_220315\\QA\\VSP-Bootstrap\\VSP-Profile-TestSuite\\20220630_220321\\1656648827819.png, E:\\Cloned-Project-Katalon\\VPS-Katalon\\Reports\\20220630_220315\\QA\\VSP-Bootstrap\\VSP-Profile-TestSuite\\20220630_220321\\1656648859273.png, E:\\Cloned-Project-Katalon\\VPS-Katalon\\Reports\\20220630_220315\\QA\\VSP-Bootstrap\\VSP-Profile-TestSuite\\20220630_220321\\1656648914240.png, E:\\Cloned-Project-Katalon\\VPS-Katalon\\Reports\\20220630_220315\\QA\\VSP-Bootstrap\\VSP-Profile-TestSuite\\20220630_220321\\1656648945649.png, E:\\Cloned-Project-Katalon\\VPS-Katalon\\Reports\\20220630_220315\\QA\\VSP-Bootstrap\\VSP-Profile-TestSuite\\20220630_220321\\1656648977364.png, E:\\Cloned-Project-Katalon\\VPS-Katalon\\Reports\\20220630_220315\\QA\\VSP-Bootstrap\\VSP-Profile-TestSuite\\20220630_220321\\1656649008775.png, E:\\Cloned-Project-Katalon\\VPS-Katalon\\Reports\\20220630_220315\\QA\\VSP-Bootstrap\\VSP-Profile-TestSuite\\20220630_220321\\1656649040128.png, E:\\Cloned-Project-Katalon\\VPS-Katalon\\Reports\\20220630_220315\\QA\\VSP-Bootstrap\\VSP-Profile-TestSuite\\20220630_220321\\1656649071598.png, E:\\Cloned-Project-Katalon\\VPS-Katalon\\Reports\\20220630_220315\\QA\\VSP-Bootstrap\\VSP-Profile-TestSuite\\20220630_220321\\1656649102992.png, E:\\Cloned-Project-Katalon\\VPS-Katalon\\Reports\\20220630_220315\\QA\\VSP-Bootstrap\\VSP-Profile-TestSuite\\20220630_220321\\1656649140988.png, E:\\Cloned-Project-Katalon\\VPS-Katalon\\Reports\\20220630_220315\\QA\\VSP-Bootstrap\\VSP-Profile-TestSuite\\20220630_220321\\1656649172635.png, E:\\Cloned-Project-Katalon\\VPS-Katalon\\Reports\\20220630_220315\\QA\\VSP-Bootstrap\\VSP-Profile-TestSuite\\20220630_220321\\1656649204252.png, E:\\Cloned-Project-Katalon\\VPS-Katalon\\Reports\\20220630_220315\\QA\\VSP-Bootstrap\\VSP-Profile-TestSuite\\20220630_220321\\1656649235804.png, E:\\Cloned-Project-Katalon\\VPS-Katalon\\Reports\\20220630_220315\\QA\\VSP-Bootstrap\\VSP-Profile-TestSuite\\20220630_220321\\1656649267292.png, E:\\Cloned-Project-Katalon\\VPS-Katalon\\Reports\\20220630_220315\\QA\\VSP-Bootstrap\\VSP-Profile-TestSuite\\20220630_220321\\1656649298784.png, E:\\Cloned-Project-Katalon\\VPS-Katalon\\Reports\\20220630_220315\\QA\\VSP-Bootstrap\\VSP-Profile-TestSuite\\20220630_220321\\1656649330160.png, E:\\Cloned-Project-Katalon\\VPS-Katalon\\Reports\\20220630_220315\\QA\\VSP-Bootstrap\\VSP-Profile-TestSuite\\20220630_220321\\1656649430943.png, E:\\Cloned-Project-Katalon\\VPS-Katalon\\Reports\\20220630_220315\\QA\\VSP-Bootstrap\\VSP-Profile-TestSuite\\20220630_220321\\1656649462354.png, E:\\Cloned-Project-Katalon\\VPS-Katalon\\Reports\\20220630_220315\\QA\\VSP-Bootstrap\\VSP-Profile-TestSuite\\20220630_220321\\1656649493868.png, E:\\Cloned-Project-Katalon\\VPS-Katalon\\Reports\\20220630_220315\\QA\\VSP-Bootstrap\\VSP-Profile-TestSuite\\20220630_220321\\1656649525326.png, E:\\Cloned-Project-Katalon\\VPS-Katalon\\Reports\\20220630_220315\\QA\\VSP-Bootstrap\\VSP-Profile-TestSuite\\20220630_220321\\1656649556897.png, E:\\Cloned-Project-Katalon\\VPS-Katalon\\Reports\\20220630_220315\\QA\\VSP-Bootstrap\\VSP-Profile-TestSuite\\20220630_220321\\1656649588427.png, E:\\Cloned-Project-Katalon\\VPS-Katalon\\Reports\\20220630_220315\\QA\\VSP-Bootstrap\\VSP-Profile-TestSuite\\20220630_220321\\1656649620006.png, E:\\Cloned-Project-Katalon\\VPS-Katalon\\Reports\\20220630_220315\\QA\\VSP-Bootstrap\\VSP-Profile-TestSuite\\20220630_220321\\1656649688205.png, E:\\Cloned-Project-Katalon\\VPS-Katalon\\Reports\\20220630_220315\\QA\\VSP-Bootstrap\\VSP-Profile-TestSuite\\20220630_220321\\1656649719665.png, E:\\Cloned-Project-Katalon\\VPS-Katalon\\Reports\\20220630_220315\\QA\\VSP-Bootstrap\\VSP-Profile-TestSuite\\20220630_220321\\1656649751383.png, E:\\Cloned-Project-Katalon\\VPS-Katalon\\Reports\\20220630_220315\\QA\\VSP-Bootstrap\\VSP-Profile-TestSuite\\20220630_220321\\1656649782942.png, E:\\Cloned-Project-Katalon\\VPS-Katalon\\Reports\\20220630_220315\\QA\\VSP-Bootstrap\\VSP-Profile-TestSuite\\20220630_220321\\1656649814500.png, E:\\Cloned-Project-Katalon\\VPS-Katalon\\Reports\\20220630_220315\\QA\\VSP-Bootstrap\\VSP-Profile-TestSuite\\20220630_220321\\1656649845962.png, E:\\Cloned-Project-Katalon\\VPS-Katalon\\Reports\\20220630_220315\\QA\\VSP-Bootstrap\\VSP-Profile-TestSuite\\20220630_220321\\1656649877413.png, E:\\Cloned-Project-Katalon\\VPS-Katalon\\Reports\\20220630_220315\\QA\\VSP-Bootstrap\\VSP-Profile-TestSuite\\20220630_220321\\1656649999486.png, E:\\Cloned-Project-Katalon\\VPS-Katalon\\Reports\\20220630_220315\\QA\\VSP-Bootstrap\\VSP-Profile-TestSuite\\20220630_220321\\1656650030900.png, E:\\Cloned-Project-Katalon\\VPS-Katalon\\Reports\\20220630_220315\\QA\\VSP-Bootstrap\\VSP-Profile-TestSuite\\20220630_220321\\1656650062388.png, E:\\Cloned-Project-Katalon\\VPS-Katalon\\Reports\\20220630_220315\\QA\\VSP-Bootstrap\\VSP-Profile-TestSuite\\20220630_220321\\1656650093806.png, E:\\Cloned-Project-Katalon\\VPS-Katalon\\Reports\\20220630_220315\\QA\\VSP-Bootstrap\\VSP-Profile-TestSuite\\20220630_220321\\1656650125267.png, E:\\Cloned-Project-Katalon\\VPS-Katalon\\Reports\\20220630_220315\\QA\\VSP-Bootstrap\\VSP-Profile-TestSuite\\20220630_220321\\1656650156814.png, E:\\Cloned-Project-Katalon\\VPS-Katalon\\Reports\\20220630_220315\\QA\\VSP-Bootstrap\\VSP-Profile-TestSuite\\20220630_220321\\1656650188284.png, E:\\Cloned-Project-Katalon\\VPS-Katalon\\Reports\\20220630_220315\\QA\\VSP-Bootstrap\\VSP-Profile-TestSuite\\20220630_220321\\1656650273784.png, E:\\Cloned-Project-Katalon\\VPS-Katalon\\Reports\\20220630_220315\\QA\\VSP-Bootstrap\\VSP-Profile-TestSuite\\20220630_220321\\1656650305256.png, E:\\Cloned-Project-Katalon\\VPS-Katalon\\Reports\\20220630_220315\\QA\\VSP-Bootstrap\\VSP-Profile-TestSuite\\20220630_220321\\1656650336771.png, E:\\Cloned-Project-Katalon\\VPS-Katalon\\Reports\\20220630_220315\\QA\\VSP-Bootstrap\\VSP-Profile-TestSuite\\20220630_220321\\1656650368160.png, E:\\Cloned-Project-Katalon\\VPS-Katalon\\Reports\\20220630_220315\\QA\\VSP-Bootstrap\\VSP-Profile-TestSuite\\20220630_220321\\1656650399532.png, E:\\Cloned-Project-Katalon\\VPS-Katalon\\Reports\\20220630_220315\\QA\\VSP-Bootstrap\\VSP-Profile-TestSuite\\20220630_220321\\1656650430976.png, E:\\Cloned-Project-Katalon\\VPS-Katalon\\Reports\\20220630_220315\\QA\\VSP-Bootstrap\\VSP-Profile-TestSuite\\20220630_220321\\1656650462524.png, E:\\Cloned-Project-Katalon\\VPS-Katalon\\Reports\\20220630_220315\\QA\\VSP-Bootstrap\\VSP-Profile-TestSuite\\20220630_220321\\1656650523888.png, E:\\Cloned-Project-Katalon\\VPS-Katalon\\Reports\\20220630_220315\\QA\\VSP-Bootstrap\\VSP-Profile-TestSuite\\20220630_220321\\1656650555448.png, E:\\Cloned-Project-Katalon\\VPS-Katalon\\Reports\\20220630_220315\\QA\\VSP-Bootstrap\\VSP-Profile-TestSuite\\20220630_220321\\1656650587143.png, E:\\Cloned-Project-Katalon\\VPS-Katalon\\Reports\\20220630_220315\\QA\\VSP-Bootstrap\\VSP-Profile-TestSuite\\20220630_220321\\1656650618603.png, E:\\Cloned-Project-Katalon\\VPS-Katalon\\Reports\\20220630_220315\\QA\\VSP-Bootstrap\\VSP-Profile-TestSuite\\20220630_220321\\1656650649982.png, E:\\Cloned-Project-Katalon\\VPS-Katalon\\Reports\\20220630_220315\\QA\\VSP-Bootstrap\\VSP-Profile-TestSuite\\20220630_220321\\1656650681378.png, E:\\Cloned-Project-Katalon\\VPS-Katalon\\Reports\\20220630_220315\\QA\\VSP-Bootstrap\\VSP-Profile-TestSuite\\20220630_220321\\1656650712735.png, E:\\Cloned-Project-Katalon\\VPS-Katalon\\Reports\\20220630_220315\\QA\\VSP-Bootstrap\\VSP-Profile-TestSuite\\20220630_220321\\1656650782400.png, E:\\Cloned-Project-Katalon\\VPS-Katalon\\Reports\\20220630_220315\\QA\\VSP-Bootstrap\\VSP-Profile-TestSuite\\20220630_220321\\1656650813845.png, E:\\Cloned-Project-Katalon\\VPS-Katalon\\Reports\\20220630_220315\\QA\\VSP-Bootstrap\\VSP-Profile-TestSuite\\20220630_220321\\1656650845536.png, E:\\Cloned-Project-Katalon\\VPS-Katalon\\Reports\\20220630_220315\\QA\\VSP-Bootstrap\\VSP-Profile-TestSuite\\20220630_220321\\1656650877013.png, E:\\Cloned-Project-Katalon\\VPS-Katalon\\Reports\\20220630_220315\\QA\\VSP-Bootstrap\\VSP-Profile-TestSuite\\20220630_220321\\1656650908469.png, E:\\Cloned-Project-Katalon\\VPS-Katalon\\Reports\\20220630_220315\\QA\\VSP-Bootstrap\\VSP-Profile-TestSuite\\20220630_220321\\1656650939894.png, E:\\Cloned-Project-Katalon\\VPS-Katalon\\Reports\\20220630_220315\\QA\\VSP-Bootstrap\\VSP-Profile-TestSuite\\20220630_220321\\1656650971426.png"/>
         <property name="hostName" value="imtiaz - DESKTOP-B2QI6NS.govolution.com"/>
         <property name="os" value="Windows 10 64bit"/>
         <property name="katalonVersion" value="8.2.5.208"/>
         <property name="browser" value="Chrome 103.0.5060.66"/>
         <property name="hostAddress" value="172.31.253.180"/>
         <property name="sessionId" value="a929203b76650cf6ac361bfdb40f5c3f"/>
         <property name="seleniumVersion" value="3.141.59"/>
         <property name="proxyInformation" value="ProxyInformation { proxyOption=NO_PROXY, proxyServerType=HTTP, username=, password=********, proxyServerAddress=, proxyServerPort=0, executionList=&quot;&quot;, isApplyToDesiredCapabilities=true }"/>
         <property name="platform" value="Windows 10"/>
      </properties>
      <testcase name="Test Cases/Admin Suite Bootstrap/VSP_Profile_TestCases/CreateAndDeleteProfile_Generic_TC" time="79.104" classname="Test Cases/Admin Suite Bootstrap/VSP_Profile_TestCases/CreateAndDeleteProfile_Generic_TC" status="PASSED">
         <system-out><![CDATA[2022-06-30 23:02:00 - [TEST_CASE][PASSED] - Test Cases/Admin Suite Bootstrap/VSP_Profile_TestCases/CreateAndDeleteProfile_Generic_TC: Test Cases/Admin Suite Bootstrap/VSP_Profile_TestCases/CreateAndDeleteProfile_Generic_TC

2022-06-30 23:02:00 - [TEST_STEP][PASSED] - path_Dashboard = "Object Repository/AdminSuiteBootstrap_Pages/Dashboard_Bootstrap/": null

2022-06-30 23:02:00 - [TEST_STEP][PASSED] - path_VT = "Object Repository/AdminSuiteBootstrap_Pages/VT_Bootstrap/IssueTransactions/": null

2022-06-30 23:02:00 - [TEST_STEP][PASSED] - path_CreateProfile = "Object Repository/AdminSuiteBootstrap_Pages/VSP_Bootstrap/CreateProfile/": null

2022-06-30 23:02:00 - [TEST_STEP][PASSED] - path_AddAccount = "Object Repository/AdminSuiteBootstrap_Pages/VSP_Bootstrap/AddAccount/": null

2022-06-30 23:02:00 - [TEST_STEP][PASSED] - path_Add_ACH = "Object Repository/AdminSuiteBootstrap_Pages/VSP_Bootstrap/AddACH/": null

2022-06-30 23:02:00 - [TEST_STEP][PASSED] - path_Add_CC = "Object Repository/AdminSuiteBootstrap_Pages/VSP_Bootstrap/AddCreditCard/": null

2022-06-30 23:02:00 - [TEST_STEP][PASSED] - path_App_Plan = "Object Repository/AdminSuiteBootstrap_Pages/VSP_Bootstrap/AddPaymentPlan/": null

2022-06-30 23:02:00 - [TEST_STEP][PASSED] - path_DeleteProfile = "Object Repository/AdminSuiteBootstrap_Pages/VSP_Bootstrap/DeleteProfile/": null

2022-06-30 23:02:00 - [TEST_STEP][PASSED] - path_ModifyProfile = "Object Repository/AdminSuiteBootstrap_Pages/VSP_Bootstrap/ModifyProfile/": null

2022-06-30 23:02:00 - [TEST_STEP][PASSED] - path_ViewProfile = "Object Repository/AdminSuiteBootstrap_Pages/VSP_Bootstrap/View Profile/": null

2022-06-30 23:02:00 - [TEST_STEP][PASSED] - path_VSPAuth = "Object Repository/AdminSuiteBootstrap_Pages/VSP_Bootstrap/VSP_Auth/": null

2022-06-30 23:02:00 - [TEST_STEP][PASSED] - path_VSPAuthCap = "Object Repository/AdminSuiteBootstrap_Pages/VSP_Bootstrap/VSP_Authcap/": null

2022-06-30 23:02:00 - [TEST_STEP][PASSED] - path_Debit = "Object Repository/AdminSuiteBootstrap_Pages/VSP_Bootstrap/VSP_Debit/": null

2022-06-30 23:02:00 - [TEST_STEP][PASSED] - path_DeleteProfileConfirm = "Object Repository/AdminSuiteBootstrap_Pages/VSP_Bootstrap/DeleteProfileConfirm/": null

2022-06-30 23:02:00 - [TEST_STEP][PASSED] - executionProfile = getExecutionProfile(): null

2022-06-30 23:02:00 - [TEST_STEP][PASSED] - out.println("executionProfile : " + executionProfile): null

2022-06-30 23:02:00 - [TEST_STEP][PASSED] - appName = <not implemented yet for class: org.codehaus.groovy.ast.expr.EmptyExpression>: null

2022-06-30 23:02:00 - [TEST_STEP][PASSED] - appID = <not implemented yet for class: org.codehaus.groovy.ast.expr.EmptyExpression>: null

2022-06-30 23:02:00 - [TEST_STEP][PASSED] - cardNameV = <not implemented yet for class: org.codehaus.groovy.ast.expr.EmptyExpression>: null

2022-06-30 23:02:00 - [TEST_STEP][PASSED] - al1V = <not implemented yet for class: org.codehaus.groovy.ast.expr.EmptyExpression>: null

2022-06-30 23:02:00 - [TEST_STEP][PASSED] - al2V = <not implemented yet for class: org.codehaus.groovy.ast.expr.EmptyExpression>: null

2022-06-30 23:02:00 - [TEST_STEP][PASSED] - zipV = <not implemented yet for class: org.codehaus.groovy.ast.expr.EmptyExpression>: null

2022-06-30 23:02:00 - [TEST_STEP][PASSED] - cardTypeV = <not implemented yet for class: org.codehaus.groovy.ast.expr.EmptyExpression>: null

2022-06-30 23:02:00 - [TEST_STEP][PASSED] - last4V = <not implemented yet for class: org.codehaus.groovy.ast.expr.EmptyExpression>: null

2022-06-30 23:02:00 - [TEST_STEP][PASSED] - nameSheet = "CreateProfile": null

2022-06-30 23:02:00 - [TEST_STEP][PASSED] - numOfRows = findTestData("QA/Bootstrap/VSP-Profile-TestData/CreateAndDeleteProfile").getRowNumbers(): null

2022-06-30 23:02:01 - [TEST_STEP][PASSED] - println("Number of Records: " + numOfRows): null

2022-06-30 23:02:01 - [TEST_STEP][PASSED] - dataFile = "QA/Bootstrap/VSP-Profile-TestData/CreateAndDeleteProfile": null

2022-06-30 23:02:01 - [TEST_STEP][PASSED] - for ([row = 1, row <= numOfRows, (row++)]): Browser is closed

2022-06-30 23:02:01 - [TEST_STEP][PASSED] - ExecuteTC = findTestData(dataFile).getValue("Execute", row): null

2022-06-30 23:02:01 - [TEST_STEP][PASSED] - out.println("Value of Execute is : " + ExecuteTC): null

2022-06-30 23:02:01 - [TEST_STEP][PASSED] - switch (executionProfile): null

2022-06-30 23:02:01 - [TEST_STEP][PASSED] - case "QAProfile":: null

2022-06-30 23:02:01 - [TEST_STEP][PASSED] - appName = findTestData(dataFile).getValue("AppNameQA", row): null

2022-06-30 23:02:02 - [TEST_STEP][PASSED] - appID = findTestData(dataFile).getValue("AppIDQA", row): null

2022-06-30 23:02:02 - [TEST_STEP][PASSED] - break: null

2022-06-30 23:02:02 - [TEST_STEP][PASSED] - if (ExecuteTC.equalsIgnoreCase("Y")): Browser is closed

2022-06-30 23:02:02 - [TEST_STEP][PASSED] - out.println("Begin Record Number: " + row): null

2022-06-30 23:02:02 - [TEST_STEP][PASSED] - today = new java.util.Date(): null

2022-06-30 23:02:02 - [TEST_STEP][PASSED] - println(today): null

2022-06-30 23:02:02 - [TEST_STEP][PASSED] - datText = today: null

2022-06-30 23:02:02 - [TEST_STEP][PASSED] - adminSuiteBootstrap.loginFunctionality.login_AdminSuite(): adminSuiteBootstrap.loginFunctionality.login_AdminSuite is PASSED

2022-06-30 23:02:02 - [MESSAGE][INFO] - Starting 'Chrome' driver

2022-06-30 23:02:03 - [MESSAGE][INFO] - User set preference: ['acceptInsecureCerts', 'true']

2022-06-30 23:02:03 - [MESSAGE][INFO] - Action delay is set to 0 milliseconds

2022-06-30 23:02:06 - [MESSAGE][PASSED] - Browser is opened with url: 'https://qa.velocitypayment.com/admin/imtiaz'

2022-06-30 23:02:07 - [MESSAGE][PASSED] - Current window maximized

2022-06-30 23:02:07 - [MESSAGE][PASSED] - Object 'Object Repository/Login_Page/Login_Username' is present

2022-06-30 23:02:08 - [MESSAGE][PASSED] - Text 'iahmed' is set on object 'Object Repository/Login_Page/Login_Username'

2022-06-30 23:02:08 - [MESSAGE][PASSED] - Text 'hello2222' is set on object 'Object Repository/Login_Page/Login_Password'

2022-06-30 23:02:12 - [MESSAGE][PASSED] - Object: 'Object Repository/Login_Page/Login_Submit' is clicked on

2022-06-30 23:02:12 - [MESSAGE][PASSED] - adminSuiteBootstrap.loginFunctionality.login_AdminSuite is PASSED

2022-06-30 23:02:12 - [TEST_STEP][PASSED] - click(findTestObject(path_Dashboard + appName)): Object: 'Object Repository/AdminSuiteBootstrap_Pages/Dashboard_Bootstrap/a_Access AutoNoCFtp' is clicked on

2022-06-30 23:02:13 - [MESSAGE][PASSED] - Object: 'Object Repository/AdminSuiteBootstrap_Pages/Dashboard_Bootstrap/a_Access AutoNoCFtp' is clicked on

2022-06-30 23:02:13 - [TEST_STEP][PASSED] - click(findTestObject(path_VT + "a_Create")): Object: 'Object Repository/AdminSuiteBootstrap_Pages/VT_Bootstrap/IssueTransactions/a_Create' is clicked on

2022-06-30 23:02:15 - [MESSAGE][PASSED] - Object: 'Object Repository/AdminSuiteBootstrap_Pages/VT_Bootstrap/IssueTransactions/a_Create' is clicked on

2022-06-30 23:02:15 - [TEST_STEP][PASSED] - vspBootstrap.CreateProfilePage.setDataCreateProfile(row, dataFile): vspBootstrap.CreateProfilePage.setDataCreateProfile is PASSED

2022-06-30 23:02:18 - [MESSAGE][PASSED] - Text '22201' is set on object 'Object Repository/AdminSuiteBootstrap_Pages/VSP_Bootstrap/CreateProfile/input_PostalCode'

2022-06-30 23:02:19 - [MESSAGE][PASSED] - Text 'CLaSOzt5AMWe' is set on object 'Object Repository/AdminSuiteBootstrap_Pages/VSP_Bootstrap/CreateProfile/input_profileName'

2022-06-30 23:02:19 - [MESSAGE][PASSED] - Text '' is set on object 'Object Repository/AdminSuiteBootstrap_Pages/VSP_Bootstrap/CreateProfile/input_CompanyName'

2022-06-30 23:02:20 - [MESSAGE][PASSED] - All options with label '' are selected in object 'Object Repository/AdminSuiteBootstrap_Pages/VSP_Bootstrap/CreateProfile/select_Title'  using regular expression

2022-06-30 23:02:21 - [MESSAGE][PASSED] - Text '' is set on object 'Object Repository/AdminSuiteBootstrap_Pages/VSP_Bootstrap/CreateProfile/input_FirstName'

2022-06-30 23:02:21 - [MESSAGE][PASSED] - Text '' is set on object 'Object Repository/AdminSuiteBootstrap_Pages/VSP_Bootstrap/CreateProfile/input_MiddleName'

2022-06-30 23:02:22 - [MESSAGE][PASSED] - Text '' is set on object 'Object Repository/AdminSuiteBootstrap_Pages/VSP_Bootstrap/CreateProfile/input_LastName'

2022-06-30 23:02:23 - [MESSAGE][PASSED] - All options with label '' are selected in object 'Object Repository/AdminSuiteBootstrap_Pages/VSP_Bootstrap/CreateProfile/select_Suffix'  using regular expression

2022-06-30 23:02:24 - [MESSAGE][PASSED] - Text '15 Toledo Road' is set on object 'Object Repository/AdminSuiteBootstrap_Pages/VSP_Bootstrap/CreateProfile/input_address1'

2022-06-30 23:02:24 - [MESSAGE][PASSED] - Text '' is set on object 'Object Repository/AdminSuiteBootstrap_Pages/VSP_Bootstrap/CreateProfile/input_AddressLine2'

2022-06-30 23:02:25 - [MESSAGE][PASSED] - Text '' is set on object 'Object Repository/AdminSuiteBootstrap_Pages/VSP_Bootstrap/CreateProfile/input_PostalCodeExt'

2022-06-30 23:02:25 - [MESSAGE][PASSED] - Text '' is set on object 'Object Repository/AdminSuiteBootstrap_Pages/VSP_Bootstrap/CreateProfile/input_EmaiAddress'

2022-06-30 23:02:26 - [MESSAGE][PASSED] - Text '' is set on object 'Object Repository/AdminSuiteBootstrap_Pages/VSP_Bootstrap/CreateProfile/input_HomePhoneNumber_HomeAreaCode'

2022-06-30 23:02:27 - [MESSAGE][PASSED] - Text '' is set on object 'Object Repository/AdminSuiteBootstrap_Pages/VSP_Bootstrap/CreateProfile/input_homePrefixNumber'

2022-06-30 23:02:27 - [MESSAGE][PASSED] - Text '' is set on object 'Object Repository/AdminSuiteBootstrap_Pages/VSP_Bootstrap/CreateProfile/input_homeSuffixNumber'

2022-06-30 23:02:28 - [MESSAGE][PASSED] - Text '' is set on object 'Object Repository/AdminSuiteBootstrap_Pages/VSP_Bootstrap/CreateProfile/input_MobilePhoneNumber_mobileAreaCode'

2022-06-30 23:02:29 - [MESSAGE][PASSED] - Text '' is set on object 'Object Repository/AdminSuiteBootstrap_Pages/VSP_Bootstrap/CreateProfile/input_mobilePrefixNumber'

2022-06-30 23:02:29 - [MESSAGE][PASSED] - Text '' is set on object 'Object Repository/AdminSuiteBootstrap_Pages/VSP_Bootstrap/CreateProfile/input_mobileSuffixNumber'

2022-06-30 23:02:30 - [MESSAGE][PASSED] - Text '' is set on object 'Object Repository/AdminSuiteBootstrap_Pages/VSP_Bootstrap/CreateProfile/input_WorkPhoneNumber_workAreaCode'

2022-06-30 23:02:31 - [MESSAGE][PASSED] - Text '' is set on object 'Object Repository/AdminSuiteBootstrap_Pages/VSP_Bootstrap/CreateProfile/input_workPrefixNumber'

2022-06-30 23:02:31 - [MESSAGE][PASSED] - Text '' is set on object 'Object Repository/AdminSuiteBootstrap_Pages/VSP_Bootstrap/CreateProfile/input_workSuffixNumber'

2022-06-30 23:02:32 - [MESSAGE][PASSED] - Text '' is set on object 'Object Repository/AdminSuiteBootstrap_Pages/VSP_Bootstrap/CreateProfile/input_Ext_workExtension'

2022-06-30 23:02:33 - [MESSAGE][PASSED] - Text '' is set on object 'Object Repository/AdminSuiteBootstrap_Pages/VSP_Bootstrap/CreateProfile/textarea_NotesComments_note'

2022-06-30 23:02:36 - [MESSAGE][PASSED] - Object: 'Object Repository/AdminSuiteBootstrap_Pages/VSP_Bootstrap/CreateProfile/button_Save' is clicked on

2022-06-30 23:02:36 - [MESSAGE][PASSED] - vspBootstrap.CreateProfilePage.setDataCreateProfile is PASSED

2022-06-30 23:02:36 - [TEST_STEP][PASSED] - verifyTextPresent("Profile successfully created", true): Text 'Profile successfully created' is present on page  using regular expression

2022-06-30 23:02:36 - [MESSAGE][PASSED] - Text 'Profile successfully created' is present on page  using regular expression

2022-06-30 23:02:36 - [TEST_STEP][PASSED] - verifyElementVisible(findTestObject(path_ViewProfile + "a_Modify Profile")): Object 'Object Repository/AdminSuiteBootstrap_Pages/VSP_Bootstrap/View Profile/a_Modify Profile' is visible

2022-06-30 23:02:36 - [MESSAGE][PASSED] - Object 'Object Repository/AdminSuiteBootstrap_Pages/VSP_Bootstrap/View Profile/a_Modify Profile' is visible

2022-06-30 23:02:36 - [TEST_STEP][PASSED] - verifyElementPresent(findTestObject(path_ViewProfile + "a_Modify Profile"), 30): Object 'Object Repository/AdminSuiteBootstrap_Pages/VSP_Bootstrap/View Profile/a_Modify Profile' is present

2022-06-30 23:02:37 - [MESSAGE][PASSED] - Object 'Object Repository/AdminSuiteBootstrap_Pages/VSP_Bootstrap/View Profile/a_Modify Profile' is present

2022-06-30 23:02:37 - [TEST_STEP][PASSED] - click(findTestObject(path_ViewProfile + "a_Delete Profile")): Object: 'Object Repository/AdminSuiteBootstrap_Pages/VSP_Bootstrap/View Profile/a_Delete Profile' is clicked on

2022-06-30 23:02:38 - [MESSAGE][PASSED] - Object: 'Object Repository/AdminSuiteBootstrap_Pages/VSP_Bootstrap/View Profile/a_Delete Profile' is clicked on

2022-06-30 23:02:38 - [TEST_STEP][PASSED] - verifyTextPresent("This will delete all of the following information. Are you sure you want to do this?", true): Text 'This will delete all of the following information. Are you sure you want to do this?' is present on page  using regular expression

2022-06-30 23:02:39 - [MESSAGE][PASSED] - Text 'This will delete all of the following information. Are you sure you want to do this?' is present on page  using regular expression

2022-06-30 23:02:39 - [TEST_STEP][PASSED] - click(findTestObject(path_DeleteProfileConfirm + "button_Delete")): Object: 'Object Repository/AdminSuiteBootstrap_Pages/VSP_Bootstrap/DeleteProfileConfirm/button_Delete' is clicked on

2022-06-30 23:02:41 - [MESSAGE][PASSED] - Object: 'Object Repository/AdminSuiteBootstrap_Pages/VSP_Bootstrap/DeleteProfileConfirm/button_Delete' is clicked on

2022-06-30 23:02:41 - [TEST_STEP][PASSED] - verifyTextPresent("No Search String", true): Text 'No Search String' is present on page  using regular expression

2022-06-30 23:02:41 - [MESSAGE][PASSED] - Text 'No Search String' is present on page  using regular expression

2022-06-30 23:02:41 - [TEST_STEP][PASSED] - verifyTextPresent("You must provide a search string of at least 2 characters", true): Text 'You must provide a search string of at least 2 characters' is present on page  using regular expression

2022-06-30 23:02:42 - [MESSAGE][PASSED] - Text 'You must provide a search string of at least 2 characters' is present on page  using regular expression

2022-06-30 23:02:42 - [TEST_STEP][PASSED] - closeBrowser(): Browser is closed

2022-06-30 23:02:43 - [MESSAGE][PASSED] - Browser is closed

2022-06-30 23:02:43 - [TEST_STEP][PASSED] - ExecuteTC = findTestData(dataFile).getValue("Execute", row): null

2022-06-30 23:02:43 - [TEST_STEP][PASSED] - out.println("Value of Execute is : " + ExecuteTC): null

2022-06-30 23:02:43 - [TEST_STEP][PASSED] - switch (executionProfile): null

2022-06-30 23:02:43 - [TEST_STEP][PASSED] - case "QAProfile":: null

2022-06-30 23:02:43 - [TEST_STEP][PASSED] - appName = findTestData(dataFile).getValue("AppNameQA", row): null

2022-06-30 23:02:43 - [TEST_STEP][PASSED] - appID = findTestData(dataFile).getValue("AppIDQA", row): null

2022-06-30 23:02:43 - [TEST_STEP][PASSED] - break: null

2022-06-30 23:02:43 - [TEST_STEP][PASSED] - if (ExecuteTC.equalsIgnoreCase("Y")): Browser is closed

2022-06-30 23:02:43 - [TEST_STEP][PASSED] - out.println("Begin Record Number: " + row): null

2022-06-30 23:02:43 - [TEST_STEP][PASSED] - today = new java.util.Date(): null

2022-06-30 23:02:43 - [TEST_STEP][PASSED] - println(today): null

2022-06-30 23:02:43 - [TEST_STEP][PASSED] - datText = today: null

2022-06-30 23:02:43 - [TEST_STEP][PASSED] - adminSuiteBootstrap.loginFunctionality.login_AdminSuite(): adminSuiteBootstrap.loginFunctionality.login_AdminSuite is PASSED

2022-06-30 23:02:43 - [MESSAGE][INFO] - Starting 'Chrome' driver

2022-06-30 23:02:43 - [MESSAGE][INFO] - User set preference: ['acceptInsecureCerts', 'true']

2022-06-30 23:02:43 - [MESSAGE][INFO] - Action delay is set to 0 milliseconds

2022-06-30 23:02:46 - [MESSAGE][PASSED] - Browser is opened with url: 'https://qa.velocitypayment.com/admin/imtiaz'

2022-06-30 23:02:46 - [MESSAGE][PASSED] - Current window maximized

2022-06-30 23:02:47 - [MESSAGE][PASSED] - Object 'Object Repository/Login_Page/Login_Username' is present

2022-06-30 23:02:47 - [MESSAGE][PASSED] - Text 'iahmed' is set on object 'Object Repository/Login_Page/Login_Username'

2022-06-30 23:02:48 - [MESSAGE][PASSED] - Text 'hello2222' is set on object 'Object Repository/Login_Page/Login_Password'

2022-06-30 23:02:51 - [MESSAGE][PASSED] - Object: 'Object Repository/Login_Page/Login_Submit' is clicked on

2022-06-30 23:02:51 - [MESSAGE][PASSED] - adminSuiteBootstrap.loginFunctionality.login_AdminSuite is PASSED

2022-06-30 23:02:51 - [TEST_STEP][PASSED] - click(findTestObject(path_Dashboard + appName)): Object: 'Object Repository/AdminSuiteBootstrap_Pages/Dashboard_Bootstrap/a_Access AutoNoCFtp' is clicked on

2022-06-30 23:02:52 - [MESSAGE][PASSED] - Object: 'Object Repository/AdminSuiteBootstrap_Pages/Dashboard_Bootstrap/a_Access AutoNoCFtp' is clicked on

2022-06-30 23:02:52 - [TEST_STEP][PASSED] - click(findTestObject(path_VT + "a_Create")): Object: 'Object Repository/AdminSuiteBootstrap_Pages/VT_Bootstrap/IssueTransactions/a_Create' is clicked on

2022-06-30 23:02:54 - [MESSAGE][PASSED] - Object: 'Object Repository/AdminSuiteBootstrap_Pages/VT_Bootstrap/IssueTransactions/a_Create' is clicked on

2022-06-30 23:02:54 - [TEST_STEP][PASSED] - vspBootstrap.CreateProfilePage.setDataCreateProfile(row, dataFile): vspBootstrap.CreateProfilePage.setDataCreateProfile is PASSED

2022-06-30 23:02:57 - [MESSAGE][PASSED] - Text '21054' is set on object 'Object Repository/AdminSuiteBootstrap_Pages/VSP_Bootstrap/CreateProfile/input_PostalCode'

2022-06-30 23:02:57 - [MESSAGE][PASSED] - Text 'ZTxwcPgGyKmw' is set on object 'Object Repository/AdminSuiteBootstrap_Pages/VSP_Bootstrap/CreateProfile/input_profileName'

2022-06-30 23:02:58 - [MESSAGE][PASSED] - Text 'Ace Company' is set on object 'Object Repository/AdminSuiteBootstrap_Pages/VSP_Bootstrap/CreateProfile/input_CompanyName'

2022-06-30 23:02:59 - [MESSAGE][PASSED] - All options with label 'Mr.' are selected in object 'Object Repository/AdminSuiteBootstrap_Pages/VSP_Bootstrap/CreateProfile/select_Title'  using regular expression

2022-06-30 23:03:00 - [MESSAGE][PASSED] - Text 'Alexander' is set on object 'Object Repository/AdminSuiteBootstrap_Pages/VSP_Bootstrap/CreateProfile/input_FirstName'

2022-06-30 23:03:00 - [MESSAGE][PASSED] - Text 'KT' is set on object 'Object Repository/AdminSuiteBootstrap_Pages/VSP_Bootstrap/CreateProfile/input_MiddleName'

2022-06-30 23:03:01 - [MESSAGE][PASSED] - Text 'Lewis' is set on object 'Object Repository/AdminSuiteBootstrap_Pages/VSP_Bootstrap/CreateProfile/input_LastName'

2022-06-30 23:03:02 - [MESSAGE][PASSED] - All options with label 'Sr.' are selected in object 'Object Repository/AdminSuiteBootstrap_Pages/VSP_Bootstrap/CreateProfile/select_Suffix'  using regular expression

2022-06-30 23:03:02 - [MESSAGE][PASSED] - Text '256987 Nolm Ct' is set on object 'Object Repository/AdminSuiteBootstrap_Pages/VSP_Bootstrap/CreateProfile/input_address1'

2022-06-30 23:03:03 - [MESSAGE][PASSED] - Text 'Suite 678' is set on object 'Object Repository/AdminSuiteBootstrap_Pages/VSP_Bootstrap/CreateProfile/input_AddressLine2'

2022-06-30 23:03:04 - [MESSAGE][PASSED] - Text '1234' is set on object 'Object Repository/AdminSuiteBootstrap_Pages/VSP_Bootstrap/CreateProfile/input_PostalCodeExt'

2022-06-30 23:03:04 - [MESSAGE][PASSED] - Text 'iahmed@govolution.com' is set on object 'Object Repository/AdminSuiteBootstrap_Pages/VSP_Bootstrap/CreateProfile/input_EmaiAddress'

2022-06-30 23:03:05 - [MESSAGE][PASSED] - Text '240' is set on object 'Object Repository/AdminSuiteBootstrap_Pages/VSP_Bootstrap/CreateProfile/input_HomePhoneNumber_HomeAreaCode'

2022-06-30 23:03:06 - [MESSAGE][PASSED] - Text '628' is set on object 'Object Repository/AdminSuiteBootstrap_Pages/VSP_Bootstrap/CreateProfile/input_homePrefixNumber'

2022-06-30 23:03:06 - [MESSAGE][PASSED] - Text '0790' is set on object 'Object Repository/AdminSuiteBootstrap_Pages/VSP_Bootstrap/CreateProfile/input_homeSuffixNumber'

2022-06-30 23:03:07 - [MESSAGE][PASSED] - Text '240' is set on object 'Object Repository/AdminSuiteBootstrap_Pages/VSP_Bootstrap/CreateProfile/input_MobilePhoneNumber_mobileAreaCode'

2022-06-30 23:03:08 - [MESSAGE][PASSED] - Text '628' is set on object 'Object Repository/AdminSuiteBootstrap_Pages/VSP_Bootstrap/CreateProfile/input_mobilePrefixNumber'

2022-06-30 23:03:08 - [MESSAGE][PASSED] - Text '0791' is set on object 'Object Repository/AdminSuiteBootstrap_Pages/VSP_Bootstrap/CreateProfile/input_mobileSuffixNumber'

2022-06-30 23:03:09 - [MESSAGE][PASSED] - Text '410' is set on object 'Object Repository/AdminSuiteBootstrap_Pages/VSP_Bootstrap/CreateProfile/input_WorkPhoneNumber_workAreaCode'

2022-06-30 23:03:10 - [MESSAGE][PASSED] - Text '628' is set on object 'Object Repository/AdminSuiteBootstrap_Pages/VSP_Bootstrap/CreateProfile/input_workPrefixNumber'

2022-06-30 23:03:10 - [MESSAGE][PASSED] - Text '0792' is set on object 'Object Repository/AdminSuiteBootstrap_Pages/VSP_Bootstrap/CreateProfile/input_workSuffixNumber'

2022-06-30 23:03:11 - [MESSAGE][PASSED] - Text '123' is set on object 'Object Repository/AdminSuiteBootstrap_Pages/VSP_Bootstrap/CreateProfile/input_Ext_workExtension'

2022-06-30 23:03:12 - [MESSAGE][PASSED] - Text 'This Profile will be deleted' is set on object 'Object Repository/AdminSuiteBootstrap_Pages/VSP_Bootstrap/CreateProfile/textarea_NotesComments_note'

2022-06-30 23:03:14 - [MESSAGE][PASSED] - Object: 'Object Repository/AdminSuiteBootstrap_Pages/VSP_Bootstrap/CreateProfile/button_Save' is clicked on

2022-06-30 23:03:14 - [MESSAGE][PASSED] - vspBootstrap.CreateProfilePage.setDataCreateProfile is PASSED

2022-06-30 23:03:14 - [TEST_STEP][PASSED] - verifyTextPresent("Profile successfully created", true): Text 'Profile successfully created' is present on page  using regular expression

2022-06-30 23:03:14 - [MESSAGE][PASSED] - Text 'Profile successfully created' is present on page  using regular expression

2022-06-30 23:03:14 - [TEST_STEP][PASSED] - verifyElementVisible(findTestObject(path_ViewProfile + "a_Modify Profile")): Object 'Object Repository/AdminSuiteBootstrap_Pages/VSP_Bootstrap/View Profile/a_Modify Profile' is visible

2022-06-30 23:03:14 - [MESSAGE][PASSED] - Object 'Object Repository/AdminSuiteBootstrap_Pages/VSP_Bootstrap/View Profile/a_Modify Profile' is visible

2022-06-30 23:03:14 - [TEST_STEP][PASSED] - verifyElementPresent(findTestObject(path_ViewProfile + "a_Modify Profile"), 30): Object 'Object Repository/AdminSuiteBootstrap_Pages/VSP_Bootstrap/View Profile/a_Modify Profile' is present

2022-06-30 23:03:15 - [MESSAGE][PASSED] - Object 'Object Repository/AdminSuiteBootstrap_Pages/VSP_Bootstrap/View Profile/a_Modify Profile' is present

2022-06-30 23:03:15 - [TEST_STEP][PASSED] - click(findTestObject(path_ViewProfile + "a_Delete Profile")): Object: 'Object Repository/AdminSuiteBootstrap_Pages/VSP_Bootstrap/View Profile/a_Delete Profile' is clicked on

2022-06-30 23:03:15 - [MESSAGE][PASSED] - Object: 'Object Repository/AdminSuiteBootstrap_Pages/VSP_Bootstrap/View Profile/a_Delete Profile' is clicked on

2022-06-30 23:03:15 - [TEST_STEP][PASSED] - verifyTextPresent("This will delete all of the following information. Are you sure you want to do this?", true): Text 'This will delete all of the following information. Are you sure you want to do this?' is present on page  using regular expression

2022-06-30 23:03:16 - [MESSAGE][PASSED] - Text 'This will delete all of the following information. Are you sure you want to do this?' is present on page  using regular expression

2022-06-30 23:03:16 - [TEST_STEP][PASSED] - click(findTestObject(path_DeleteProfileConfirm + "button_Delete")): Object: 'Object Repository/AdminSuiteBootstrap_Pages/VSP_Bootstrap/DeleteProfileConfirm/button_Delete' is clicked on

2022-06-30 23:03:17 - [MESSAGE][PASSED] - Object: 'Object Repository/AdminSuiteBootstrap_Pages/VSP_Bootstrap/DeleteProfileConfirm/button_Delete' is clicked on

2022-06-30 23:03:17 - [TEST_STEP][PASSED] - verifyTextPresent("No Search String", true): Text 'No Search String' is present on page  using regular expression

2022-06-30 23:03:18 - [MESSAGE][PASSED] - Text 'No Search String' is present on page  using regular expression

2022-06-30 23:03:18 - [TEST_STEP][PASSED] - verifyTextPresent("You must provide a search string of at least 2 characters", true): Text 'You must provide a search string of at least 2 characters' is present on page  using regular expression

2022-06-30 23:03:18 - [MESSAGE][PASSED] - Text 'You must provide a search string of at least 2 characters' is present on page  using regular expression

2022-06-30 23:03:18 - [TEST_STEP][PASSED] - closeBrowser(): Browser is closed

2022-06-30 23:03:19 - [MESSAGE][PASSED] - Browser is closed]]></system-out>
         <system-err><![CDATA[]]></system-err>
      </testcase>
      <testcase name="Test Cases/Admin Suite Bootstrap/VSP_Profile_TestCases/AddDeleteCCNotPre_Generic_TC" time="122.614" classname="Test Cases/Admin Suite Bootstrap/VSP_Profile_TestCases/AddDeleteCCNotPre_Generic_TC" status="PASSED">
         <system-out><![CDATA[2022-06-30 23:29:07 - [TEST_CASE][PASSED] - Test Cases/Admin Suite Bootstrap/VSP_Profile_TestCases/AddDeleteCCNotPre_Generic_TC: Test Cases/Admin Suite Bootstrap/VSP_Profile_TestCases/AddDeleteCCNotPre_Generic_TC

2022-06-30 23:29:07 - [TEST_STEP][PASSED] - path_Dashboard = "Object Repository/AdminSuiteBootstrap_Pages/Dashboard_Bootstrap/": null

2022-06-30 23:29:07 - [TEST_STEP][PASSED] - path_VT = "Object Repository/AdminSuiteBootstrap_Pages/VT_Bootstrap/IssueTransactions/": null

2022-06-30 23:29:07 - [TEST_STEP][PASSED] - path_CreateProfile = "Object Repository/AdminSuiteBootstrap_Pages/VSP_Bootstrap/CreateProfile/": null

2022-06-30 23:29:07 - [TEST_STEP][PASSED] - path_AddAccount = "Object Repository/AdminSuiteBootstrap_Pages/VSP_Bootstrap/AddAccount/": null

2022-06-30 23:29:07 - [TEST_STEP][PASSED] - path_Add_ACH = "Object Repository/AdminSuiteBootstrap_Pages/VSP_Bootstrap/AddACH/": null

2022-06-30 23:29:07 - [TEST_STEP][PASSED] - path_Add_CC = "Object Repository/AdminSuiteBootstrap_Pages/VSP_Bootstrap/AddCreditCard/": null

2022-06-30 23:29:07 - [TEST_STEP][PASSED] - path_App_Plan = "Object Repository/AdminSuiteBootstrap_Pages/VSP_Bootstrap/AddPaymentPlan/": null

2022-06-30 23:29:07 - [TEST_STEP][PASSED] - path_DeleteProfile = "Object Repository/AdminSuiteBootstrap_Pages/VSP_Bootstrap/DeleteProfile/": null

2022-06-30 23:29:07 - [TEST_STEP][PASSED] - path_ModifyProfile = "Object Repository/AdminSuiteBootstrap_Pages/VSP_Bootstrap/ModifyProfile/": null

2022-06-30 23:29:07 - [TEST_STEP][PASSED] - path_ViewProfile = "Object Repository/AdminSuiteBootstrap_Pages/VSP_Bootstrap/View Profile/": null

2022-06-30 23:29:07 - [TEST_STEP][PASSED] - path_VSPAuth = "Object Repository/AdminSuiteBootstrap_Pages/VSP_Bootstrap/VSP_Auth/": null

2022-06-30 23:29:07 - [TEST_STEP][PASSED] - path_VSPAuthCap = "Object Repository/AdminSuiteBootstrap_Pages/VSP_Bootstrap/VSP_Authcap/": null

2022-06-30 23:29:07 - [TEST_STEP][PASSED] - path_Debit = "Object Repository/AdminSuiteBootstrap_Pages/VSP_Bootstrap/VSP_Debit/": null

2022-06-30 23:29:07 - [TEST_STEP][PASSED] - path_DeleteProfileConfirm = "Object Repository/AdminSuiteBootstrap_Pages/VSP_Bootstrap/DeleteProfileConfirm/": null

2022-06-30 23:29:07 - [TEST_STEP][PASSED] - executionProfile = getExecutionProfile(): null

2022-06-30 23:29:07 - [TEST_STEP][PASSED] - out.println("executionProfile : " + executionProfile): null

2022-06-30 23:29:07 - [TEST_STEP][PASSED] - appName = <not implemented yet for class: org.codehaus.groovy.ast.expr.EmptyExpression>: null

2022-06-30 23:29:07 - [TEST_STEP][PASSED] - appID = <not implemented yet for class: org.codehaus.groovy.ast.expr.EmptyExpression>: null

2022-06-30 23:29:07 - [TEST_STEP][PASSED] - cardNameV = <not implemented yet for class: org.codehaus.groovy.ast.expr.EmptyExpression>: null

2022-06-30 23:29:07 - [TEST_STEP][PASSED] - al1V = <not implemented yet for class: org.codehaus.groovy.ast.expr.EmptyExpression>: null

2022-06-30 23:29:07 - [TEST_STEP][PASSED] - al2V = <not implemented yet for class: org.codehaus.groovy.ast.expr.EmptyExpression>: null

2022-06-30 23:29:07 - [TEST_STEP][PASSED] - zipV = <not implemented yet for class: org.codehaus.groovy.ast.expr.EmptyExpression>: null

2022-06-30 23:29:07 - [TEST_STEP][PASSED] - cardTypeV = <not implemented yet for class: org.codehaus.groovy.ast.expr.EmptyExpression>: null

2022-06-30 23:29:07 - [TEST_STEP][PASSED] - last4V = <not implemented yet for class: org.codehaus.groovy.ast.expr.EmptyExpression>: null

2022-06-30 23:29:07 - [TEST_STEP][PASSED] - nameSheet = "AddDeleteCCNotPrepopulated": null

2022-06-30 23:29:07 - [TEST_STEP][PASSED] - numOfRows = findTestData("QA/Bootstrap/VSP-Profile-TestData/AddCCNotPrepopulated").getRowNumbers(): null

2022-06-30 23:29:07 - [TEST_STEP][PASSED] - println("Number of Records: " + numOfRows): null

2022-06-30 23:29:07 - [TEST_STEP][PASSED] - dataFile = "QA/Bootstrap/VSP-Profile-TestData/AddCCNotPrepopulated": null

2022-06-30 23:29:07 - [TEST_STEP][PASSED] - for ([row = 1, row <= numOfRows, (row++)]): Browser is closed

2022-06-30 23:29:07 - [TEST_STEP][PASSED] - ExecuteTC = findTestData(dataFile).getValue("Execute", row): null

2022-06-30 23:29:07 - [TEST_STEP][PASSED] - out.println("Value of Execute is : " + ExecuteTC): null

2022-06-30 23:29:07 - [TEST_STEP][PASSED] - switch (executionProfile): null

2022-06-30 23:29:07 - [TEST_STEP][PASSED] - case "QAProfile":: null

2022-06-30 23:29:07 - [TEST_STEP][PASSED] - appName = findTestData(dataFile).getValue("AppNameQA", row): null

2022-06-30 23:29:07 - [TEST_STEP][PASSED] - appID = findTestData(dataFile).getValue("AppIDQA", row): null

2022-06-30 23:29:07 - [TEST_STEP][PASSED] - break: null

2022-06-30 23:29:07 - [TEST_STEP][PASSED] - if (ExecuteTC.equalsIgnoreCase("Y")): Browser is closed

2022-06-30 23:29:07 - [TEST_STEP][PASSED] - out.println("Begin Record Number: " + row): null

2022-06-30 23:29:07 - [TEST_STEP][PASSED] - today = new java.util.Date(): null

2022-06-30 23:29:07 - [TEST_STEP][PASSED] - println(today): null

2022-06-30 23:29:07 - [TEST_STEP][PASSED] - datText = today: null

2022-06-30 23:29:07 - [TEST_STEP][PASSED] - adminSuiteBootstrap.loginFunctionality.login_AdminSuite(): adminSuiteBootstrap.loginFunctionality.login_AdminSuite is PASSED

2022-06-30 23:29:07 - [MESSAGE][INFO] - Starting 'Chrome' driver

2022-06-30 23:29:07 - [MESSAGE][INFO] - User set preference: ['acceptInsecureCerts', 'true']

2022-06-30 23:29:07 - [MESSAGE][INFO] - Action delay is set to 0 milliseconds

2022-06-30 23:29:11 - [MESSAGE][PASSED] - Browser is opened with url: 'https://qa.velocitypayment.com/admin/imtiaz'

2022-06-30 23:29:11 - [MESSAGE][PASSED] - Current window maximized

2022-06-30 23:29:11 - [MESSAGE][PASSED] - Object 'Object Repository/Login_Page/Login_Username' is present

2022-06-30 23:29:12 - [MESSAGE][PASSED] - Text 'iahmed' is set on object 'Object Repository/Login_Page/Login_Username'

2022-06-30 23:29:12 - [MESSAGE][PASSED] - Text 'hello2222' is set on object 'Object Repository/Login_Page/Login_Password'

2022-06-30 23:29:17 - [MESSAGE][PASSED] - Object: 'Object Repository/Login_Page/Login_Submit' is clicked on

2022-06-30 23:29:17 - [MESSAGE][PASSED] - adminSuiteBootstrap.loginFunctionality.login_AdminSuite is PASSED

2022-06-30 23:29:17 - [TEST_STEP][PASSED] - click(findTestObject(path_Dashboard + appName)): Object: 'Object Repository/AdminSuiteBootstrap_Pages/Dashboard_Bootstrap/a_Access AutoNoCFtp' is clicked on

2022-06-30 23:29:18 - [MESSAGE][PASSED] - Object: 'Object Repository/AdminSuiteBootstrap_Pages/Dashboard_Bootstrap/a_Access AutoNoCFtp' is clicked on

2022-06-30 23:29:18 - [TEST_STEP][PASSED] - click(findTestObject(path_VT + "a_Create")): Object: 'Object Repository/AdminSuiteBootstrap_Pages/VT_Bootstrap/IssueTransactions/a_Create' is clicked on

2022-06-30 23:29:19 - [MESSAGE][PASSED] - Object: 'Object Repository/AdminSuiteBootstrap_Pages/VT_Bootstrap/IssueTransactions/a_Create' is clicked on

2022-06-30 23:29:19 - [TEST_STEP][PASSED] - vspBootstrap.CreateProfilePage.setDataONLYCreateProfile(row, dataFile): vspBootstrap.CreateProfilePage.setDataONLYCreateProfile is PASSED

2022-06-30 23:29:21 - [MESSAGE][PASSED] - Text '22201' is set on object 'Object Repository/AdminSuiteBootstrap_Pages/VSP_Bootstrap/CreateProfile/input_PostalCode'

2022-06-30 23:29:22 - [MESSAGE][PASSED] - Text '8V55l8HmS8gT' is set on object 'Object Repository/AdminSuiteBootstrap_Pages/VSP_Bootstrap/CreateProfile/input_profileName'

2022-06-30 23:29:23 - [MESSAGE][PASSED] - Text '' is set on object 'Object Repository/AdminSuiteBootstrap_Pages/VSP_Bootstrap/CreateProfile/input_CompanyName'

2022-06-30 23:29:24 - [MESSAGE][PASSED] - All options with label '' are selected in object 'Object Repository/AdminSuiteBootstrap_Pages/VSP_Bootstrap/CreateProfile/select_Title'  using regular expression

2022-06-30 23:29:24 - [MESSAGE][PASSED] - Text '' is set on object 'Object Repository/AdminSuiteBootstrap_Pages/VSP_Bootstrap/CreateProfile/input_FirstName'

2022-06-30 23:29:25 - [MESSAGE][PASSED] - Text '' is set on object 'Object Repository/AdminSuiteBootstrap_Pages/VSP_Bootstrap/CreateProfile/input_MiddleName'

2022-06-30 23:29:26 - [MESSAGE][PASSED] - Text '' is set on object 'Object Repository/AdminSuiteBootstrap_Pages/VSP_Bootstrap/CreateProfile/input_LastName'

2022-06-30 23:29:26 - [MESSAGE][PASSED] - All options with label '' are selected in object 'Object Repository/AdminSuiteBootstrap_Pages/VSP_Bootstrap/CreateProfile/select_Suffix'  using regular expression

2022-06-30 23:29:27 - [MESSAGE][PASSED] - Text '15 Toledo Road' is set on object 'Object Repository/AdminSuiteBootstrap_Pages/VSP_Bootstrap/CreateProfile/input_address1'

2022-06-30 23:29:28 - [MESSAGE][PASSED] - Text '' is set on object 'Object Repository/AdminSuiteBootstrap_Pages/VSP_Bootstrap/CreateProfile/input_AddressLine2'

2022-06-30 23:29:28 - [MESSAGE][PASSED] - Text '' is set on object 'Object Repository/AdminSuiteBootstrap_Pages/VSP_Bootstrap/CreateProfile/input_PostalCodeExt'

2022-06-30 23:29:29 - [MESSAGE][PASSED] - Text '' is set on object 'Object Repository/AdminSuiteBootstrap_Pages/VSP_Bootstrap/CreateProfile/input_EmaiAddress'

2022-06-30 23:29:30 - [MESSAGE][PASSED] - Text '' is set on object 'Object Repository/AdminSuiteBootstrap_Pages/VSP_Bootstrap/CreateProfile/input_HomePhoneNumber_HomeAreaCode'

2022-06-30 23:29:30 - [MESSAGE][PASSED] - Text '' is set on object 'Object Repository/AdminSuiteBootstrap_Pages/VSP_Bootstrap/CreateProfile/input_homePrefixNumber'

2022-06-30 23:29:31 - [MESSAGE][PASSED] - Text '' is set on object 'Object Repository/AdminSuiteBootstrap_Pages/VSP_Bootstrap/CreateProfile/input_homeSuffixNumber'

2022-06-30 23:29:31 - [MESSAGE][PASSED] - Text '' is set on object 'Object Repository/AdminSuiteBootstrap_Pages/VSP_Bootstrap/CreateProfile/input_MobilePhoneNumber_mobileAreaCode'

2022-06-30 23:29:32 - [MESSAGE][PASSED] - Text '' is set on object 'Object Repository/AdminSuiteBootstrap_Pages/VSP_Bootstrap/CreateProfile/input_mobilePrefixNumber'

2022-06-30 23:29:33 - [MESSAGE][PASSED] - Text '' is set on object 'Object Repository/AdminSuiteBootstrap_Pages/VSP_Bootstrap/CreateProfile/input_mobileSuffixNumber'

2022-06-30 23:29:33 - [MESSAGE][PASSED] - Text '' is set on object 'Object Repository/AdminSuiteBootstrap_Pages/VSP_Bootstrap/CreateProfile/input_WorkPhoneNumber_workAreaCode'

2022-06-30 23:29:34 - [MESSAGE][PASSED] - Text '' is set on object 'Object Repository/AdminSuiteBootstrap_Pages/VSP_Bootstrap/CreateProfile/input_workPrefixNumber'

2022-06-30 23:29:35 - [MESSAGE][PASSED] - Text '' is set on object 'Object Repository/AdminSuiteBootstrap_Pages/VSP_Bootstrap/CreateProfile/input_workSuffixNumber'

2022-06-30 23:29:35 - [MESSAGE][PASSED] - Text '' is set on object 'Object Repository/AdminSuiteBootstrap_Pages/VSP_Bootstrap/CreateProfile/input_Ext_workExtension'

2022-06-30 23:29:36 - [MESSAGE][PASSED] - Text '' is set on object 'Object Repository/AdminSuiteBootstrap_Pages/VSP_Bootstrap/CreateProfile/textarea_NotesComments_note'

2022-06-30 23:29:36 - [MESSAGE][PASSED] - vspBootstrap.CreateProfilePage.setDataONLYCreateProfile is PASSED

2022-06-30 23:29:36 - [TEST_STEP][PASSED] - click(findTestObject(path_CreateProfile + "button_Save  Add Credit Card")): Object: 'Object Repository/AdminSuiteBootstrap_Pages/VSP_Bootstrap/CreateProfile/button_Save  Add Credit Card' is clicked on

2022-06-30 23:29:39 - [MESSAGE][PASSED] - Object: 'Object Repository/AdminSuiteBootstrap_Pages/VSP_Bootstrap/CreateProfile/button_Save  Add Credit Card' is clicked on

2022-06-30 23:29:39 - [TEST_STEP][PASSED] - verifyTextPresent("Profile successfully created", true): Text 'Profile successfully created' is present on page  using regular expression

2022-06-30 23:29:40 - [MESSAGE][PASSED] - Text 'Profile successfully created' is present on page  using regular expression

2022-06-30 23:29:40 - [TEST_STEP][PASSED] - vspBootstrap.AddCreditCardPage.setDataCreditCardNotPre(row, dataFile): vspBootstrap.AddCreditCardPage.setDataCreditCardNotPre is PASSED

2022-06-30 23:29:41 - [MESSAGE][PASSED] - Text '22201' is set on object 'Object Repository/AdminSuiteBootstrap_Pages/VSP_Bootstrap/AddCreditCard/input_postalCode'

2022-06-30 23:29:42 - [MESSAGE][PASSED] - All options with label 'Mr.' are selected in object 'Object Repository/AdminSuiteBootstrap_Pages/VSP_Bootstrap/AddCreditCard/select_Title'  using regular expression

2022-06-30 23:29:43 - [MESSAGE][PASSED] - Text 'Timothy' is set on object 'Object Repository/AdminSuiteBootstrap_Pages/VSP_Bootstrap/AddCreditCard/input_firstName'

2022-06-30 23:29:44 - [MESSAGE][PASSED] - Text 'Mac' is set on object 'Object Repository/AdminSuiteBootstrap_Pages/VSP_Bootstrap/AddCreditCard/input_MiddleName'

2022-06-30 23:29:44 - [MESSAGE][PASSED] - Text 'Siefert' is set on object 'Object Repository/AdminSuiteBootstrap_Pages/VSP_Bootstrap/AddCreditCard/input_lastName'

2022-06-30 23:29:45 - [MESSAGE][PASSED] - All options with label 'Sr.' are selected in object 'Object Repository/AdminSuiteBootstrap_Pages/VSP_Bootstrap/AddCreditCard/select_Suffix'  using regular expression

2022-06-30 23:29:46 - [MESSAGE][PASSED] - Text 'Tim MasterCard' is set on object 'Object Repository/AdminSuiteBootstrap_Pages/VSP_Bootstrap/AddCreditCard/input_nickName'

2022-06-30 23:29:47 - [MESSAGE][PASSED] - Text '5146312200000035' is set on object 'Object Repository/AdminSuiteBootstrap_Pages/VSP_Bootstrap/AddCreditCard/input_cardNumber'

2022-06-30 23:29:48 - [MESSAGE][PASSED] - All options with label '12- DEC' are selected in object 'Object Repository/AdminSuiteBootstrap_Pages/VSP_Bootstrap/AddCreditCard/select_ExpMonth'  using regular expression

2022-06-30 23:29:49 - [MESSAGE][PASSED] - All options with label '2028' are selected in object 'Object Repository/AdminSuiteBootstrap_Pages/VSP_Bootstrap/AddCreditCard/select_ExpYear'  using regular expression

2022-06-30 23:29:50 - [MESSAGE][PASSED] - Text '365 Kanyakumari' is set on object 'Object Repository/AdminSuiteBootstrap_Pages/VSP_Bootstrap/AddCreditCard/input_address1'

2022-06-30 23:29:50 - [MESSAGE][PASSED] - Text 'Room 8' is set on object 'Object Repository/AdminSuiteBootstrap_Pages/VSP_Bootstrap/AddCreditCard/input_AddressLine2'

2022-06-30 23:29:51 - [MESSAGE][PASSED] - Text '1234' is set on object 'Object Repository/AdminSuiteBootstrap_Pages/VSP_Bootstrap/AddCreditCard/input_postalCodeExtension'

2022-06-30 23:29:54 - [MESSAGE][PASSED] - Object: 'Object Repository/AdminSuiteBootstrap_Pages/VSP_Bootstrap/AddCreditCard/button_Create' is clicked on

2022-06-30 23:29:54 - [MESSAGE][PASSED] - vspBootstrap.AddCreditCardPage.setDataCreditCardNotPre is PASSED

2022-06-30 23:29:54 - [TEST_STEP][PASSED] - verifyTextPresent("Payment Method Created", true): Text 'Payment Method Created' is present on page  using regular expression

2022-06-30 23:29:55 - [MESSAGE][PASSED] - Text 'Payment Method Created' is present on page  using regular expression

2022-06-30 23:29:55 - [TEST_STEP][PASSED] - verifyTextPresent("Payment method creation successful", true): Text 'Payment method creation successful' is present on page  using regular expression

2022-06-30 23:29:55 - [MESSAGE][PASSED] - Text 'Payment method creation successful' is present on page  using regular expression

2022-06-30 23:29:55 - [TEST_STEP][PASSED] - verifyElementVisible(findTestObject(path_ViewProfile + "a_nickNameCC")): Object 'Object Repository/AdminSuiteBootstrap_Pages/VSP_Bootstrap/View Profile/a_nickNameCC' is visible

2022-06-30 23:29:56 - [MESSAGE][PASSED] - Object 'Object Repository/AdminSuiteBootstrap_Pages/VSP_Bootstrap/View Profile/a_nickNameCC' is visible

2022-06-30 23:29:56 - [TEST_STEP][PASSED] - verifyElementPresent(findTestObject(path_ViewProfile + "a_nickNameCC"), 30): Object 'Object Repository/AdminSuiteBootstrap_Pages/VSP_Bootstrap/View Profile/a_nickNameCC' is present

2022-06-30 23:29:56 - [MESSAGE][PASSED] - Object 'Object Repository/AdminSuiteBootstrap_Pages/VSP_Bootstrap/View Profile/a_nickNameCC' is present

2022-06-30 23:29:56 - [TEST_STEP][PASSED] - click(findTestObject(path_ViewProfile + "a_nickNameCC")): Object: 'Object Repository/AdminSuiteBootstrap_Pages/VSP_Bootstrap/View Profile/a_nickNameCC' is clicked on

2022-06-30 23:29:58 - [MESSAGE][PASSED] - Object: 'Object Repository/AdminSuiteBootstrap_Pages/VSP_Bootstrap/View Profile/a_nickNameCC' is clicked on

2022-06-30 23:29:58 - [TEST_STEP][PASSED] - verifyTextPresent("Credit Card Billing Information", true): Text 'Credit Card Billing Information' is present on page  using regular expression

2022-06-30 23:29:58 - [MESSAGE][PASSED] - Text 'Credit Card Billing Information' is present on page  using regular expression

2022-06-30 23:29:58 - [TEST_STEP][PASSED] - nickName = findTestData(dataFile).getValue("NickNameCC", row): null

2022-06-30 23:29:58 - [TEST_STEP][PASSED] - verifyTextPresent(nickName, true): Text 'Tim MasterCard' is present on page  using regular expression

2022-06-30 23:29:59 - [MESSAGE][PASSED] - Text 'Tim MasterCard' is present on page  using regular expression

2022-06-30 23:29:59 - [TEST_STEP][PASSED] - click(findTestObject(path_ViewProfile + "a_Delete Credit Card")): Object: 'Object Repository/AdminSuiteBootstrap_Pages/VSP_Bootstrap/View Profile/a_Delete Credit Card' is clicked on

2022-06-30 23:30:01 - [MESSAGE][PASSED] - Object: 'Object Repository/AdminSuiteBootstrap_Pages/VSP_Bootstrap/View Profile/a_Delete Credit Card' is clicked on

2022-06-30 23:30:01 - [TEST_STEP][PASSED] - verifyTextPresent("Delete Credit Card Confirmation", true): Text 'Delete Credit Card Confirmation' is present on page  using regular expression

2022-06-30 23:30:01 - [MESSAGE][PASSED] - Text 'Delete Credit Card Confirmation' is present on page  using regular expression

2022-06-30 23:30:01 - [TEST_STEP][PASSED] - verifyTextPresent("This will delete the credit card account. Are you sure you want to do this?", true): Text 'This will delete the credit card account. Are you sure you want to do this?' is present on page  using regular expression

2022-06-30 23:30:01 - [MESSAGE][PASSED] - Text 'This will delete the credit card account. Are you sure you want to do this?' is present on page  using regular expression

2022-06-30 23:30:01 - [TEST_STEP][PASSED] - click(findTestObject(path_ViewProfile + "button_DeleteCCConfirm")): Object: 'Object Repository/AdminSuiteBootstrap_Pages/VSP_Bootstrap/View Profile/button_DeleteCCConfirm' is clicked on

2022-06-30 23:30:05 - [MESSAGE][PASSED] - Object: 'Object Repository/AdminSuiteBootstrap_Pages/VSP_Bootstrap/View Profile/button_DeleteCCConfirm' is clicked on

2022-06-30 23:30:05 - [TEST_STEP][PASSED] - verifyTextPresent("Payment Method Deletion", true): Text 'Payment Method Deletion' is present on page  using regular expression

2022-06-30 23:30:05 - [MESSAGE][PASSED] - Text 'Payment Method Deletion' is present on page  using regular expression

2022-06-30 23:30:05 - [TEST_STEP][PASSED] - verifyTextPresent("Payment method was successfully deleted.", true): Text 'Payment method was successfully deleted.' is present on page  using regular expression

2022-06-30 23:30:05 - [MESSAGE][PASSED] - Text 'Payment method was successfully deleted.' is present on page  using regular expression

2022-06-30 23:30:05 - [TEST_STEP][PASSED] - click(findTestObject(path_ViewProfile + "a_Delete Profile")): Object: 'Object Repository/AdminSuiteBootstrap_Pages/VSP_Bootstrap/View Profile/a_Delete Profile' is clicked on

2022-06-30 23:30:07 - [MESSAGE][PASSED] - Object: 'Object Repository/AdminSuiteBootstrap_Pages/VSP_Bootstrap/View Profile/a_Delete Profile' is clicked on

2022-06-30 23:30:07 - [TEST_STEP][PASSED] - verifyTextPresent("This will delete all of the following information. Are you sure you want to do this?", true): Text 'This will delete all of the following information. Are you sure you want to do this?' is present on page  using regular expression

2022-06-30 23:30:07 - [MESSAGE][PASSED] - Text 'This will delete all of the following information. Are you sure you want to do this?' is present on page  using regular expression

2022-06-30 23:30:07 - [TEST_STEP][PASSED] - click(findTestObject(path_DeleteProfileConfirm + "button_Delete")): Object: 'Object Repository/AdminSuiteBootstrap_Pages/VSP_Bootstrap/DeleteProfileConfirm/button_Delete' is clicked on

2022-06-30 23:30:10 - [MESSAGE][PASSED] - Object: 'Object Repository/AdminSuiteBootstrap_Pages/VSP_Bootstrap/DeleteProfileConfirm/button_Delete' is clicked on

2022-06-30 23:30:10 - [TEST_STEP][PASSED] - verifyTextPresent("No Search String", true): Text 'No Search String' is present on page  using regular expression

2022-06-30 23:30:11 - [MESSAGE][PASSED] - Text 'No Search String' is present on page  using regular expression

2022-06-30 23:30:11 - [TEST_STEP][PASSED] - verifyTextPresent("You must provide a search string of at least 2 characters", true): Text 'You must provide a search string of at least 2 characters' is present on page  using regular expression

2022-06-30 23:30:11 - [MESSAGE][PASSED] - Text 'You must provide a search string of at least 2 characters' is present on page  using regular expression

2022-06-30 23:30:11 - [TEST_STEP][PASSED] - closeBrowser(): Browser is closed

2022-06-30 23:30:12 - [MESSAGE][PASSED] - Browser is closed

2022-06-30 23:30:12 - [TEST_STEP][PASSED] - ExecuteTC = findTestData(dataFile).getValue("Execute", row): null

2022-06-30 23:30:12 - [TEST_STEP][PASSED] - out.println("Value of Execute is : " + ExecuteTC): null

2022-06-30 23:30:12 - [TEST_STEP][PASSED] - switch (executionProfile): null

2022-06-30 23:30:12 - [TEST_STEP][PASSED] - case "QAProfile":: null

2022-06-30 23:30:12 - [TEST_STEP][PASSED] - appName = findTestData(dataFile).getValue("AppNameQA", row): null

2022-06-30 23:30:12 - [TEST_STEP][PASSED] - appID = findTestData(dataFile).getValue("AppIDQA", row): null

2022-06-30 23:30:12 - [TEST_STEP][PASSED] - break: null

2022-06-30 23:30:12 - [TEST_STEP][PASSED] - if (ExecuteTC.equalsIgnoreCase("Y")): Browser is closed

2022-06-30 23:30:12 - [TEST_STEP][PASSED] - out.println("Begin Record Number: " + row): null

2022-06-30 23:30:12 - [TEST_STEP][PASSED] - today = new java.util.Date(): null

2022-06-30 23:30:12 - [TEST_STEP][PASSED] - println(today): null

2022-06-30 23:30:12 - [TEST_STEP][PASSED] - datText = today: null

2022-06-30 23:30:12 - [TEST_STEP][PASSED] - adminSuiteBootstrap.loginFunctionality.login_AdminSuite(): adminSuiteBootstrap.loginFunctionality.login_AdminSuite is PASSED

2022-06-30 23:30:12 - [MESSAGE][INFO] - Starting 'Chrome' driver

2022-06-30 23:30:12 - [MESSAGE][INFO] - User set preference: ['acceptInsecureCerts', 'true']

2022-06-30 23:30:12 - [MESSAGE][INFO] - Action delay is set to 0 milliseconds

2022-06-30 23:30:16 - [MESSAGE][PASSED] - Browser is opened with url: 'https://qa.velocitypayment.com/admin/imtiaz'

2022-06-30 23:30:16 - [MESSAGE][PASSED] - Current window maximized

2022-06-30 23:30:17 - [MESSAGE][PASSED] - Object 'Object Repository/Login_Page/Login_Username' is present

2022-06-30 23:30:17 - [MESSAGE][PASSED] - Text 'iahmed' is set on object 'Object Repository/Login_Page/Login_Username'

2022-06-30 23:30:18 - [MESSAGE][PASSED] - Text 'hello2222' is set on object 'Object Repository/Login_Page/Login_Password'

2022-06-30 23:30:21 - [MESSAGE][PASSED] - Object: 'Object Repository/Login_Page/Login_Submit' is clicked on

2022-06-30 23:30:21 - [MESSAGE][PASSED] - adminSuiteBootstrap.loginFunctionality.login_AdminSuite is PASSED

2022-06-30 23:30:21 - [TEST_STEP][PASSED] - click(findTestObject(path_Dashboard + appName)): Object: 'Object Repository/AdminSuiteBootstrap_Pages/Dashboard_Bootstrap/a_Access AutoNoCFtp' is clicked on

2022-06-30 23:30:22 - [MESSAGE][PASSED] - Object: 'Object Repository/AdminSuiteBootstrap_Pages/Dashboard_Bootstrap/a_Access AutoNoCFtp' is clicked on

2022-06-30 23:30:22 - [TEST_STEP][PASSED] - click(findTestObject(path_VT + "a_Create")): Object: 'Object Repository/AdminSuiteBootstrap_Pages/VT_Bootstrap/IssueTransactions/a_Create' is clicked on

2022-06-30 23:30:24 - [MESSAGE][PASSED] - Object: 'Object Repository/AdminSuiteBootstrap_Pages/VT_Bootstrap/IssueTransactions/a_Create' is clicked on

2022-06-30 23:30:24 - [TEST_STEP][PASSED] - vspBootstrap.CreateProfilePage.setDataONLYCreateProfile(row, dataFile): vspBootstrap.CreateProfilePage.setDataONLYCreateProfile is PASSED

2022-06-30 23:30:26 - [MESSAGE][PASSED] - Text '22201' is set on object 'Object Repository/AdminSuiteBootstrap_Pages/VSP_Bootstrap/CreateProfile/input_PostalCode'

2022-06-30 23:30:26 - [MESSAGE][PASSED] - Text 'q1bhbkMgQNwt' is set on object 'Object Repository/AdminSuiteBootstrap_Pages/VSP_Bootstrap/CreateProfile/input_profileName'

2022-06-30 23:30:27 - [MESSAGE][PASSED] - Text '' is set on object 'Object Repository/AdminSuiteBootstrap_Pages/VSP_Bootstrap/CreateProfile/input_CompanyName'

2022-06-30 23:30:28 - [MESSAGE][PASSED] - All options with label '' are selected in object 'Object Repository/AdminSuiteBootstrap_Pages/VSP_Bootstrap/CreateProfile/select_Title'  using regular expression

2022-06-30 23:30:29 - [MESSAGE][PASSED] - Text '' is set on object 'Object Repository/AdminSuiteBootstrap_Pages/VSP_Bootstrap/CreateProfile/input_FirstName'

2022-06-30 23:30:29 - [MESSAGE][PASSED] - Text '' is set on object 'Object Repository/AdminSuiteBootstrap_Pages/VSP_Bootstrap/CreateProfile/input_MiddleName'

2022-06-30 23:30:30 - [MESSAGE][PASSED] - Text '' is set on object 'Object Repository/AdminSuiteBootstrap_Pages/VSP_Bootstrap/CreateProfile/input_LastName'

2022-06-30 23:30:31 - [MESSAGE][PASSED] - All options with label '' are selected in object 'Object Repository/AdminSuiteBootstrap_Pages/VSP_Bootstrap/CreateProfile/select_Suffix'  using regular expression

2022-06-30 23:30:32 - [MESSAGE][PASSED] - Text '15 Toledo Road' is set on object 'Object Repository/AdminSuiteBootstrap_Pages/VSP_Bootstrap/CreateProfile/input_address1'

2022-06-30 23:30:32 - [MESSAGE][PASSED] - Text '' is set on object 'Object Repository/AdminSuiteBootstrap_Pages/VSP_Bootstrap/CreateProfile/input_AddressLine2'

2022-06-30 23:30:33 - [MESSAGE][PASSED] - Text '' is set on object 'Object Repository/AdminSuiteBootstrap_Pages/VSP_Bootstrap/CreateProfile/input_PostalCodeExt'

2022-06-30 23:30:33 - [MESSAGE][PASSED] - Text '' is set on object 'Object Repository/AdminSuiteBootstrap_Pages/VSP_Bootstrap/CreateProfile/input_EmaiAddress'

2022-06-30 23:30:34 - [MESSAGE][PASSED] - Text '' is set on object 'Object Repository/AdminSuiteBootstrap_Pages/VSP_Bootstrap/CreateProfile/input_HomePhoneNumber_HomeAreaCode'

2022-06-30 23:30:35 - [MESSAGE][PASSED] - Text '' is set on object 'Object Repository/AdminSuiteBootstrap_Pages/VSP_Bootstrap/CreateProfile/input_homePrefixNumber'

2022-06-30 23:30:35 - [MESSAGE][PASSED] - Text '' is set on object 'Object Repository/AdminSuiteBootstrap_Pages/VSP_Bootstrap/CreateProfile/input_homeSuffixNumber'

2022-06-30 23:30:36 - [MESSAGE][PASSED] - Text '' is set on object 'Object Repository/AdminSuiteBootstrap_Pages/VSP_Bootstrap/CreateProfile/input_MobilePhoneNumber_mobileAreaCode'

2022-06-30 23:30:37 - [MESSAGE][PASSED] - Text '' is set on object 'Object Repository/AdminSuiteBootstrap_Pages/VSP_Bootstrap/CreateProfile/input_mobilePrefixNumber'

2022-06-30 23:30:37 - [MESSAGE][PASSED] - Text '' is set on object 'Object Repository/AdminSuiteBootstrap_Pages/VSP_Bootstrap/CreateProfile/input_mobileSuffixNumber'

2022-06-30 23:30:38 - [MESSAGE][PASSED] - Text '' is set on object 'Object Repository/AdminSuiteBootstrap_Pages/VSP_Bootstrap/CreateProfile/input_WorkPhoneNumber_workAreaCode'

2022-06-30 23:30:39 - [MESSAGE][PASSED] - Text '' is set on object 'Object Repository/AdminSuiteBootstrap_Pages/VSP_Bootstrap/CreateProfile/input_workPrefixNumber'

2022-06-30 23:30:39 - [MESSAGE][PASSED] - Text '' is set on object 'Object Repository/AdminSuiteBootstrap_Pages/VSP_Bootstrap/CreateProfile/input_workSuffixNumber'

2022-06-30 23:30:40 - [MESSAGE][PASSED] - Text '' is set on object 'Object Repository/AdminSuiteBootstrap_Pages/VSP_Bootstrap/CreateProfile/input_Ext_workExtension'

2022-06-30 23:30:41 - [MESSAGE][PASSED] - Text '' is set on object 'Object Repository/AdminSuiteBootstrap_Pages/VSP_Bootstrap/CreateProfile/textarea_NotesComments_note'

2022-06-30 23:30:41 - [MESSAGE][PASSED] - vspBootstrap.CreateProfilePage.setDataONLYCreateProfile is PASSED

2022-06-30 23:30:41 - [TEST_STEP][PASSED] - click(findTestObject(path_CreateProfile + "button_Save  Add Credit Card")): Object: 'Object Repository/AdminSuiteBootstrap_Pages/VSP_Bootstrap/CreateProfile/button_Save  Add Credit Card' is clicked on

2022-06-30 23:30:42 - [MESSAGE][PASSED] - Object: 'Object Repository/AdminSuiteBootstrap_Pages/VSP_Bootstrap/CreateProfile/button_Save  Add Credit Card' is clicked on

2022-06-30 23:30:42 - [TEST_STEP][PASSED] - verifyTextPresent("Profile successfully created", true): Text 'Profile successfully created' is present on page  using regular expression

2022-06-30 23:30:43 - [MESSAGE][PASSED] - Text 'Profile successfully created' is present on page  using regular expression

2022-06-30 23:30:43 - [TEST_STEP][PASSED] - vspBootstrap.AddCreditCardPage.setDataCreditCardNotPre(row, dataFile): vspBootstrap.AddCreditCardPage.setDataCreditCardNotPre is PASSED

2022-06-30 23:30:44 - [MESSAGE][PASSED] - Text '21093' is set on object 'Object Repository/AdminSuiteBootstrap_Pages/VSP_Bootstrap/AddCreditCard/input_postalCode'

2022-06-30 23:30:45 - [MESSAGE][PASSED] - All options with label '' are selected in object 'Object Repository/AdminSuiteBootstrap_Pages/VSP_Bootstrap/AddCreditCard/select_Title'  using regular expression

2022-06-30 23:30:46 - [MESSAGE][PASSED] - Text 'Brandon' is set on object 'Object Repository/AdminSuiteBootstrap_Pages/VSP_Bootstrap/AddCreditCard/input_firstName'

2022-06-30 23:30:47 - [MESSAGE][PASSED] - Text '' is set on object 'Object Repository/AdminSuiteBootstrap_Pages/VSP_Bootstrap/AddCreditCard/input_MiddleName'

2022-06-30 23:30:47 - [MESSAGE][PASSED] - Text 'McCulumm' is set on object 'Object Repository/AdminSuiteBootstrap_Pages/VSP_Bootstrap/AddCreditCard/input_lastName'

2022-06-30 23:30:48 - [MESSAGE][PASSED] - All options with label '' are selected in object 'Object Repository/AdminSuiteBootstrap_Pages/VSP_Bootstrap/AddCreditCard/select_Suffix'  using regular expression

2022-06-30 23:30:49 - [MESSAGE][PASSED] - Text 'Brandon Amex' is set on object 'Object Repository/AdminSuiteBootstrap_Pages/VSP_Bootstrap/AddCreditCard/input_nickName'

2022-06-30 23:30:50 - [MESSAGE][PASSED] - Text '371449635392376' is set on object 'Object Repository/AdminSuiteBootstrap_Pages/VSP_Bootstrap/AddCreditCard/input_cardNumber'

2022-06-30 23:30:51 - [MESSAGE][PASSED] - All options with label '1 - JAN' are selected in object 'Object Repository/AdminSuiteBootstrap_Pages/VSP_Bootstrap/AddCreditCard/select_ExpMonth'  using regular expression

2022-06-30 23:30:52 - [MESSAGE][PASSED] - All options with label '2028' are selected in object 'Object Repository/AdminSuiteBootstrap_Pages/VSP_Bootstrap/AddCreditCard/select_ExpYear'  using regular expression

2022-06-30 23:30:53 - [MESSAGE][PASSED] - Text '2225 Kendsha road' is set on object 'Object Repository/AdminSuiteBootstrap_Pages/VSP_Bootstrap/AddCreditCard/input_address1'

2022-06-30 23:30:53 - [MESSAGE][PASSED] - Text '' is set on object 'Object Repository/AdminSuiteBootstrap_Pages/VSP_Bootstrap/AddCreditCard/input_AddressLine2'

2022-06-30 23:30:54 - [MESSAGE][PASSED] - Text '' is set on object 'Object Repository/AdminSuiteBootstrap_Pages/VSP_Bootstrap/AddCreditCard/input_postalCodeExtension'

2022-06-30 23:30:56 - [MESSAGE][PASSED] - Object: 'Object Repository/AdminSuiteBootstrap_Pages/VSP_Bootstrap/AddCreditCard/button_Create' is clicked on

2022-06-30 23:30:56 - [MESSAGE][PASSED] - vspBootstrap.AddCreditCardPage.setDataCreditCardNotPre is PASSED

2022-06-30 23:30:56 - [TEST_STEP][PASSED] - verifyTextPresent("Payment Method Created", true): Text 'Payment Method Created' is present on page  using regular expression

2022-06-30 23:30:57 - [MESSAGE][PASSED] - Text 'Payment Method Created' is present on page  using regular expression

2022-06-30 23:30:57 - [TEST_STEP][PASSED] - verifyTextPresent("Payment method creation successful", true): Text 'Payment method creation successful' is present on page  using regular expression

2022-06-30 23:30:57 - [MESSAGE][PASSED] - Text 'Payment method creation successful' is present on page  using regular expression

2022-06-30 23:30:57 - [TEST_STEP][PASSED] - verifyElementVisible(findTestObject(path_ViewProfile + "a_nickNameCC")): Object 'Object Repository/AdminSuiteBootstrap_Pages/VSP_Bootstrap/View Profile/a_nickNameCC' is visible

2022-06-30 23:30:57 - [MESSAGE][PASSED] - Object 'Object Repository/AdminSuiteBootstrap_Pages/VSP_Bootstrap/View Profile/a_nickNameCC' is visible

2022-06-30 23:30:57 - [TEST_STEP][PASSED] - verifyElementPresent(findTestObject(path_ViewProfile + "a_nickNameCC"), 30): Object 'Object Repository/AdminSuiteBootstrap_Pages/VSP_Bootstrap/View Profile/a_nickNameCC' is present

2022-06-30 23:30:58 - [MESSAGE][PASSED] - Object 'Object Repository/AdminSuiteBootstrap_Pages/VSP_Bootstrap/View Profile/a_nickNameCC' is present

2022-06-30 23:30:58 - [TEST_STEP][PASSED] - click(findTestObject(path_ViewProfile + "a_nickNameCC")): Object: 'Object Repository/AdminSuiteBootstrap_Pages/VSP_Bootstrap/View Profile/a_nickNameCC' is clicked on

2022-06-30 23:30:59 - [MESSAGE][PASSED] - Object: 'Object Repository/AdminSuiteBootstrap_Pages/VSP_Bootstrap/View Profile/a_nickNameCC' is clicked on

2022-06-30 23:30:59 - [TEST_STEP][PASSED] - verifyTextPresent("Credit Card Billing Information", true): Text 'Credit Card Billing Information' is present on page  using regular expression

2022-06-30 23:31:00 - [MESSAGE][PASSED] - Text 'Credit Card Billing Information' is present on page  using regular expression

2022-06-30 23:31:00 - [TEST_STEP][PASSED] - nickName = findTestData(dataFile).getValue("NickNameCC", row): null

2022-06-30 23:31:00 - [TEST_STEP][PASSED] - verifyTextPresent(nickName, true): Text 'Brandon Amex' is present on page  using regular expression

2022-06-30 23:31:00 - [MESSAGE][PASSED] - Text 'Brandon Amex' is present on page  using regular expression

2022-06-30 23:31:00 - [TEST_STEP][PASSED] - click(findTestObject(path_ViewProfile + "a_Delete Credit Card")): Object: 'Object Repository/AdminSuiteBootstrap_Pages/VSP_Bootstrap/View Profile/a_Delete Credit Card' is clicked on

2022-06-30 23:31:02 - [MESSAGE][PASSED] - Object: 'Object Repository/AdminSuiteBootstrap_Pages/VSP_Bootstrap/View Profile/a_Delete Credit Card' is clicked on

2022-06-30 23:31:02 - [TEST_STEP][PASSED] - verifyTextPresent("Delete Credit Card Confirmation", true): Text 'Delete Credit Card Confirmation' is present on page  using regular expression

2022-06-30 23:31:02 - [MESSAGE][PASSED] - Text 'Delete Credit Card Confirmation' is present on page  using regular expression

2022-06-30 23:31:02 - [TEST_STEP][PASSED] - verifyTextPresent("This will delete the credit card account. Are you sure you want to do this?", true): Text 'This will delete the credit card account. Are you sure you want to do this?' is present on page  using regular expression

2022-06-30 23:31:03 - [MESSAGE][PASSED] - Text 'This will delete the credit card account. Are you sure you want to do this?' is present on page  using regular expression

2022-06-30 23:31:03 - [TEST_STEP][PASSED] - click(findTestObject(path_ViewProfile + "button_DeleteCCConfirm")): Object: 'Object Repository/AdminSuiteBootstrap_Pages/VSP_Bootstrap/View Profile/button_DeleteCCConfirm' is clicked on

2022-06-30 23:31:04 - [MESSAGE][PASSED] - Object: 'Object Repository/AdminSuiteBootstrap_Pages/VSP_Bootstrap/View Profile/button_DeleteCCConfirm' is clicked on

2022-06-30 23:31:04 - [TEST_STEP][PASSED] - verifyTextPresent("Payment Method Deletion", true): Text 'Payment Method Deletion' is present on page  using regular expression

2022-06-30 23:31:05 - [MESSAGE][PASSED] - Text 'Payment Method Deletion' is present on page  using regular expression

2022-06-30 23:31:05 - [TEST_STEP][PASSED] - verifyTextPresent("Payment method was successfully deleted.", true): Text 'Payment method was successfully deleted.' is present on page  using regular expression

2022-06-30 23:31:05 - [MESSAGE][PASSED] - Text 'Payment method was successfully deleted.' is present on page  using regular expression

2022-06-30 23:31:05 - [TEST_STEP][PASSED] - click(findTestObject(path_ViewProfile + "a_Delete Profile")): Object: 'Object Repository/AdminSuiteBootstrap_Pages/VSP_Bootstrap/View Profile/a_Delete Profile' is clicked on

2022-06-30 23:31:06 - [MESSAGE][PASSED] - Object: 'Object Repository/AdminSuiteBootstrap_Pages/VSP_Bootstrap/View Profile/a_Delete Profile' is clicked on

2022-06-30 23:31:06 - [TEST_STEP][PASSED] - verifyTextPresent("This will delete all of the following information. Are you sure you want to do this?", true): Text 'This will delete all of the following information. Are you sure you want to do this?' is present on page  using regular expression

2022-06-30 23:31:07 - [MESSAGE][PASSED] - Text 'This will delete all of the following information. Are you sure you want to do this?' is present on page  using regular expression

2022-06-30 23:31:07 - [TEST_STEP][PASSED] - click(findTestObject(path_DeleteProfileConfirm + "button_Delete")): Object: 'Object Repository/AdminSuiteBootstrap_Pages/VSP_Bootstrap/DeleteProfileConfirm/button_Delete' is clicked on

2022-06-30 23:31:08 - [MESSAGE][PASSED] - Object: 'Object Repository/AdminSuiteBootstrap_Pages/VSP_Bootstrap/DeleteProfileConfirm/button_Delete' is clicked on

2022-06-30 23:31:08 - [TEST_STEP][PASSED] - verifyTextPresent("No Search String", true): Text 'No Search String' is present on page  using regular expression

2022-06-30 23:31:08 - [MESSAGE][PASSED] - Text 'No Search String' is present on page  using regular expression

2022-06-30 23:31:08 - [TEST_STEP][PASSED] - verifyTextPresent("You must provide a search string of at least 2 characters", true): Text 'You must provide a search string of at least 2 characters' is present on page  using regular expression

2022-06-30 23:31:09 - [MESSAGE][PASSED] - Text 'You must provide a search string of at least 2 characters' is present on page  using regular expression

2022-06-30 23:31:09 - [TEST_STEP][PASSED] - closeBrowser(): Browser is closed

2022-06-30 23:31:10 - [MESSAGE][PASSED] - Browser is closed]]></system-out>
         <system-err><![CDATA[]]></system-err>
      </testcase>
      <testcase name="Test Cases/Admin Suite Bootstrap/VSP_Profile_TestCases/AddDeleteCCPre_Generic_TC" time="52.666" classname="Test Cases/Admin Suite Bootstrap/VSP_Profile_TestCases/AddDeleteCCPre_Generic_TC" status="PASSED">
         <system-out><![CDATA[2022-06-30 23:31:10 - [TEST_CASE][PASSED] - Test Cases/Admin Suite Bootstrap/VSP_Profile_TestCases/AddDeleteCCPre_Generic_TC: Test Cases/Admin Suite Bootstrap/VSP_Profile_TestCases/AddDeleteCCPre_Generic_TC

2022-06-30 23:31:10 - [TEST_STEP][PASSED] - path_Dashboard = "Object Repository/AdminSuiteBootstrap_Pages/Dashboard_Bootstrap/": null

2022-06-30 23:31:10 - [TEST_STEP][PASSED] - path_VT = "Object Repository/AdminSuiteBootstrap_Pages/VT_Bootstrap/IssueTransactions/": null

2022-06-30 23:31:10 - [TEST_STEP][PASSED] - path_CreateProfile = "Object Repository/AdminSuiteBootstrap_Pages/VSP_Bootstrap/CreateProfile/": null

2022-06-30 23:31:10 - [TEST_STEP][PASSED] - path_AddAccount = "Object Repository/AdminSuiteBootstrap_Pages/VSP_Bootstrap/AddAccount/": null

2022-06-30 23:31:10 - [TEST_STEP][PASSED] - path_Add_ACH = "Object Repository/AdminSuiteBootstrap_Pages/VSP_Bootstrap/AddACH/": null

2022-06-30 23:31:10 - [TEST_STEP][PASSED] - path_Add_CC = "Object Repository/AdminSuiteBootstrap_Pages/VSP_Bootstrap/AddCreditCard/": null

2022-06-30 23:31:10 - [TEST_STEP][PASSED] - path_App_Plan = "Object Repository/AdminSuiteBootstrap_Pages/VSP_Bootstrap/AddPaymentPlan/": null

2022-06-30 23:31:10 - [TEST_STEP][PASSED] - path_DeleteProfile = "Object Repository/AdminSuiteBootstrap_Pages/VSP_Bootstrap/DeleteProfile/": null

2022-06-30 23:31:10 - [TEST_STEP][PASSED] - path_ModifyProfile = "Object Repository/AdminSuiteBootstrap_Pages/VSP_Bootstrap/ModifyProfile/": null

2022-06-30 23:31:10 - [TEST_STEP][PASSED] - path_ViewProfile = "Object Repository/AdminSuiteBootstrap_Pages/VSP_Bootstrap/View Profile/": null

2022-06-30 23:31:10 - [TEST_STEP][PASSED] - path_VSPAuth = "Object Repository/AdminSuiteBootstrap_Pages/VSP_Bootstrap/VSP_Auth/": null

2022-06-30 23:31:10 - [TEST_STEP][PASSED] - path_VSPAuthCap = "Object Repository/AdminSuiteBootstrap_Pages/VSP_Bootstrap/VSP_Authcap/": null

2022-06-30 23:31:10 - [TEST_STEP][PASSED] - path_Debit = "Object Repository/AdminSuiteBootstrap_Pages/VSP_Bootstrap/VSP_Debit/": null

2022-06-30 23:31:10 - [TEST_STEP][PASSED] - path_DeleteProfileConfirm = "Object Repository/AdminSuiteBootstrap_Pages/VSP_Bootstrap/DeleteProfileConfirm/": null

2022-06-30 23:31:10 - [TEST_STEP][PASSED] - executionProfile = getExecutionProfile(): null

2022-06-30 23:31:10 - [TEST_STEP][PASSED] - out.println("executionProfile : " + executionProfile): null

2022-06-30 23:31:10 - [TEST_STEP][PASSED] - appName = <not implemented yet for class: org.codehaus.groovy.ast.expr.EmptyExpression>: null

2022-06-30 23:31:10 - [TEST_STEP][PASSED] - appID = <not implemented yet for class: org.codehaus.groovy.ast.expr.EmptyExpression>: null

2022-06-30 23:31:10 - [TEST_STEP][PASSED] - cardNameV = <not implemented yet for class: org.codehaus.groovy.ast.expr.EmptyExpression>: null

2022-06-30 23:31:10 - [TEST_STEP][PASSED] - al1V = <not implemented yet for class: org.codehaus.groovy.ast.expr.EmptyExpression>: null

2022-06-30 23:31:10 - [TEST_STEP][PASSED] - al2V = <not implemented yet for class: org.codehaus.groovy.ast.expr.EmptyExpression>: null

2022-06-30 23:31:10 - [TEST_STEP][PASSED] - zipV = <not implemented yet for class: org.codehaus.groovy.ast.expr.EmptyExpression>: null

2022-06-30 23:31:10 - [TEST_STEP][PASSED] - cardTypeV = <not implemented yet for class: org.codehaus.groovy.ast.expr.EmptyExpression>: null

2022-06-30 23:31:10 - [TEST_STEP][PASSED] - last4V = <not implemented yet for class: org.codehaus.groovy.ast.expr.EmptyExpression>: null

2022-06-30 23:31:10 - [TEST_STEP][PASSED] - nameSheet = "AddDeleteCCPrepopulated": null

2022-06-30 23:31:10 - [TEST_STEP][PASSED] - numOfRows = findTestData("QA/Bootstrap/VSP-Profile-TestData/AddCCPrepopulated").getRowNumbers(): null

2022-06-30 23:31:10 - [TEST_STEP][PASSED] - println("Number of Records: " + numOfRows): null

2022-06-30 23:31:10 - [TEST_STEP][PASSED] - dataFile = "QA/Bootstrap/VSP-Profile-TestData/AddCCPrepopulated": null

2022-06-30 23:31:10 - [TEST_STEP][PASSED] - for ([row = 1, row <= numOfRows, (row++)]): Browser is closed

2022-06-30 23:31:10 - [TEST_STEP][PASSED] - ExecuteTC = findTestData(dataFile).getValue("Execute", row): null

2022-06-30 23:31:10 - [TEST_STEP][PASSED] - out.println("Value of Execute is : " + ExecuteTC): null

2022-06-30 23:31:10 - [TEST_STEP][PASSED] - switch (executionProfile): null

2022-06-30 23:31:10 - [TEST_STEP][PASSED] - case "QAProfile":: null

2022-06-30 23:31:10 - [TEST_STEP][PASSED] - appName = findTestData(dataFile).getValue("AppNameQA", row): null

2022-06-30 23:31:10 - [TEST_STEP][PASSED] - appID = findTestData(dataFile).getValue("AppIDQA", row): null

2022-06-30 23:31:10 - [TEST_STEP][PASSED] - break: null

2022-06-30 23:31:10 - [TEST_STEP][PASSED] - if (ExecuteTC.equalsIgnoreCase("Y")): Browser is closed

2022-06-30 23:31:10 - [TEST_STEP][PASSED] - out.println("Begin Record Number: " + row): null

2022-06-30 23:31:10 - [TEST_STEP][PASSED] - today = new java.util.Date(): null

2022-06-30 23:31:10 - [TEST_STEP][PASSED] - println(today): null

2022-06-30 23:31:10 - [TEST_STEP][PASSED] - datText = today: null

2022-06-30 23:31:10 - [TEST_STEP][PASSED] - adminSuiteBootstrap.loginFunctionality.login_AdminSuite(): adminSuiteBootstrap.loginFunctionality.login_AdminSuite is PASSED

2022-06-30 23:31:10 - [MESSAGE][INFO] - Starting 'Chrome' driver

2022-06-30 23:31:10 - [MESSAGE][INFO] - User set preference: ['acceptInsecureCerts', 'true']

2022-06-30 23:31:10 - [MESSAGE][INFO] - Action delay is set to 0 milliseconds

2022-06-30 23:31:13 - [MESSAGE][PASSED] - Browser is opened with url: 'https://qa.velocitypayment.com/admin/imtiaz'

2022-06-30 23:31:13 - [MESSAGE][PASSED] - Current window maximized

2022-06-30 23:31:14 - [MESSAGE][PASSED] - Object 'Object Repository/Login_Page/Login_Username' is present

2022-06-30 23:31:15 - [MESSAGE][PASSED] - Text 'iahmed' is set on object 'Object Repository/Login_Page/Login_Username'

2022-06-30 23:31:15 - [MESSAGE][PASSED] - Text 'hello2222' is set on object 'Object Repository/Login_Page/Login_Password'

2022-06-30 23:31:20 - [MESSAGE][PASSED] - Object: 'Object Repository/Login_Page/Login_Submit' is clicked on

2022-06-30 23:31:20 - [MESSAGE][PASSED] - adminSuiteBootstrap.loginFunctionality.login_AdminSuite is PASSED

2022-06-30 23:31:20 - [TEST_STEP][PASSED] - click(findTestObject(path_Dashboard + appName)): Object: 'Object Repository/AdminSuiteBootstrap_Pages/Dashboard_Bootstrap/a_Access AutoNoCFtp' is clicked on

2022-06-30 23:31:21 - [MESSAGE][PASSED] - Object: 'Object Repository/AdminSuiteBootstrap_Pages/Dashboard_Bootstrap/a_Access AutoNoCFtp' is clicked on

2022-06-30 23:31:21 - [TEST_STEP][PASSED] - click(findTestObject(path_VT + "a_Create")): Object: 'Object Repository/AdminSuiteBootstrap_Pages/VT_Bootstrap/IssueTransactions/a_Create' is clicked on

2022-06-30 23:31:23 - [MESSAGE][PASSED] - Object: 'Object Repository/AdminSuiteBootstrap_Pages/VT_Bootstrap/IssueTransactions/a_Create' is clicked on

2022-06-30 23:31:23 - [TEST_STEP][PASSED] - vspBootstrap.CreateProfilePage.setDataONLYCreateProfile(row, dataFile): vspBootstrap.CreateProfilePage.setDataONLYCreateProfile is PASSED

2022-06-30 23:31:25 - [MESSAGE][PASSED] - Text '21054' is set on object 'Object Repository/AdminSuiteBootstrap_Pages/VSP_Bootstrap/CreateProfile/input_PostalCode'

2022-06-30 23:31:26 - [MESSAGE][PASSED] - Text 'XlJRUXu232hK' is set on object 'Object Repository/AdminSuiteBootstrap_Pages/VSP_Bootstrap/CreateProfile/input_profileName'

2022-06-30 23:31:26 - [MESSAGE][PASSED] - Text 'Delta Corp' is set on object 'Object Repository/AdminSuiteBootstrap_Pages/VSP_Bootstrap/CreateProfile/input_CompanyName'

2022-06-30 23:31:27 - [MESSAGE][PASSED] - All options with label 'Mr.' are selected in object 'Object Repository/AdminSuiteBootstrap_Pages/VSP_Bootstrap/CreateProfile/select_Title'  using regular expression

2022-06-30 23:31:28 - [MESSAGE][PASSED] - Text 'Ross' is set on object 'Object Repository/AdminSuiteBootstrap_Pages/VSP_Bootstrap/CreateProfile/input_FirstName'

2022-06-30 23:31:28 - [MESSAGE][PASSED] - Text 'KT' is set on object 'Object Repository/AdminSuiteBootstrap_Pages/VSP_Bootstrap/CreateProfile/input_MiddleName'

2022-06-30 23:31:29 - [MESSAGE][PASSED] - Text 'Evan' is set on object 'Object Repository/AdminSuiteBootstrap_Pages/VSP_Bootstrap/CreateProfile/input_LastName'

2022-06-30 23:31:30 - [MESSAGE][PASSED] - All options with label 'Sr.' are selected in object 'Object Repository/AdminSuiteBootstrap_Pages/VSP_Bootstrap/CreateProfile/select_Suffix'  using regular expression

2022-06-30 23:31:31 - [MESSAGE][PASSED] - Text '256987 Nolm Ct' is set on object 'Object Repository/AdminSuiteBootstrap_Pages/VSP_Bootstrap/CreateProfile/input_address1'

2022-06-30 23:31:31 - [MESSAGE][PASSED] - Text 'Suite 678' is set on object 'Object Repository/AdminSuiteBootstrap_Pages/VSP_Bootstrap/CreateProfile/input_AddressLine2'

2022-06-30 23:31:32 - [MESSAGE][PASSED] - Text '1234' is set on object 'Object Repository/AdminSuiteBootstrap_Pages/VSP_Bootstrap/CreateProfile/input_PostalCodeExt'

2022-06-30 23:31:33 - [MESSAGE][PASSED] - Text 'iahmed@govolution.com' is set on object 'Object Repository/AdminSuiteBootstrap_Pages/VSP_Bootstrap/CreateProfile/input_EmaiAddress'

2022-06-30 23:31:33 - [MESSAGE][PASSED] - Text '240' is set on object 'Object Repository/AdminSuiteBootstrap_Pages/VSP_Bootstrap/CreateProfile/input_HomePhoneNumber_HomeAreaCode'

2022-06-30 23:31:34 - [MESSAGE][PASSED] - Text '628' is set on object 'Object Repository/AdminSuiteBootstrap_Pages/VSP_Bootstrap/CreateProfile/input_homePrefixNumber'

2022-06-30 23:31:35 - [MESSAGE][PASSED] - Text '0790' is set on object 'Object Repository/AdminSuiteBootstrap_Pages/VSP_Bootstrap/CreateProfile/input_homeSuffixNumber'

2022-06-30 23:31:35 - [MESSAGE][PASSED] - Text '240' is set on object 'Object Repository/AdminSuiteBootstrap_Pages/VSP_Bootstrap/CreateProfile/input_MobilePhoneNumber_mobileAreaCode'

2022-06-30 23:31:36 - [MESSAGE][PASSED] - Text '628' is set on object 'Object Repository/AdminSuiteBootstrap_Pages/VSP_Bootstrap/CreateProfile/input_mobilePrefixNumber'

2022-06-30 23:31:37 - [MESSAGE][PASSED] - Text '0791' is set on object 'Object Repository/AdminSuiteBootstrap_Pages/VSP_Bootstrap/CreateProfile/input_mobileSuffixNumber'

2022-06-30 23:31:37 - [MESSAGE][PASSED] - Text '410' is set on object 'Object Repository/AdminSuiteBootstrap_Pages/VSP_Bootstrap/CreateProfile/input_WorkPhoneNumber_workAreaCode'

2022-06-30 23:31:38 - [MESSAGE][PASSED] - Text '628' is set on object 'Object Repository/AdminSuiteBootstrap_Pages/VSP_Bootstrap/CreateProfile/input_workPrefixNumber'

2022-06-30 23:31:38 - [MESSAGE][PASSED] - Text '0792' is set on object 'Object Repository/AdminSuiteBootstrap_Pages/VSP_Bootstrap/CreateProfile/input_workSuffixNumber'

2022-06-30 23:31:39 - [MESSAGE][PASSED] - Text '123' is set on object 'Object Repository/AdminSuiteBootstrap_Pages/VSP_Bootstrap/CreateProfile/input_Ext_workExtension'

2022-06-30 23:31:40 - [MESSAGE][PASSED] - Text 'This Profile is for Add CC' is set on object 'Object Repository/AdminSuiteBootstrap_Pages/VSP_Bootstrap/CreateProfile/textarea_NotesComments_note'

2022-06-30 23:31:40 - [MESSAGE][PASSED] - vspBootstrap.CreateProfilePage.setDataONLYCreateProfile is PASSED

2022-06-30 23:31:40 - [TEST_STEP][PASSED] - click(findTestObject(path_CreateProfile + "button_Save  Add Credit Card")): Object: 'Object Repository/AdminSuiteBootstrap_Pages/VSP_Bootstrap/CreateProfile/button_Save  Add Credit Card' is clicked on

2022-06-30 23:31:42 - [MESSAGE][PASSED] - Object: 'Object Repository/AdminSuiteBootstrap_Pages/VSP_Bootstrap/CreateProfile/button_Save  Add Credit Card' is clicked on

2022-06-30 23:31:42 - [TEST_STEP][PASSED] - verifyTextPresent("Profile successfully created", true): Text 'Profile successfully created' is present on page  using regular expression

2022-06-30 23:31:43 - [MESSAGE][PASSED] - Text 'Profile successfully created' is present on page  using regular expression

2022-06-30 23:31:43 - [TEST_STEP][PASSED] - vspBootstrap.AddCreditCardPage.setDataCreditCardPre(row, dataFile): vspBootstrap.AddCreditCardPage.setDataCreditCardPre is PASSED

2022-06-30 23:31:44 - [MESSAGE][PASSED] - Text 'Ross Discover' is set on object 'Object Repository/AdminSuiteBootstrap_Pages/VSP_Bootstrap/AddCreditCard/input_nickName'

2022-06-30 23:31:44 - [MESSAGE][PASSED] - Text '6011000993026909' is set on object 'Object Repository/AdminSuiteBootstrap_Pages/VSP_Bootstrap/AddCreditCard/input_cardNumber'

2022-06-30 23:31:45 - [MESSAGE][PASSED] - All options with label '1 - JAN' are selected in object 'Object Repository/AdminSuiteBootstrap_Pages/VSP_Bootstrap/AddCreditCard/select_ExpMonth'  using regular expression

2022-06-30 23:31:46 - [MESSAGE][PASSED] - All options with label '2028' are selected in object 'Object Repository/AdminSuiteBootstrap_Pages/VSP_Bootstrap/AddCreditCard/select_ExpYear'  using regular expression

2022-06-30 23:31:48 - [MESSAGE][PASSED] - Object: 'Object Repository/AdminSuiteBootstrap_Pages/VSP_Bootstrap/AddCreditCard/button_Create' is clicked on

2022-06-30 23:31:48 - [MESSAGE][PASSED] - vspBootstrap.AddCreditCardPage.setDataCreditCardPre is PASSED

2022-06-30 23:31:48 - [TEST_STEP][PASSED] - verifyTextPresent("Payment Method Created", true): Text 'Payment Method Created' is present on page  using regular expression

2022-06-30 23:31:49 - [MESSAGE][PASSED] - Text 'Payment Method Created' is present on page  using regular expression

2022-06-30 23:31:49 - [TEST_STEP][PASSED] - verifyTextPresent("Payment method creation successful", true): Text 'Payment method creation successful' is present on page  using regular expression

2022-06-30 23:31:49 - [MESSAGE][PASSED] - Text 'Payment method creation successful' is present on page  using regular expression

2022-06-30 23:31:49 - [TEST_STEP][PASSED] - verifyElementVisible(findTestObject(path_ViewProfile + "a_nickNameCC")): Object 'Object Repository/AdminSuiteBootstrap_Pages/VSP_Bootstrap/View Profile/a_nickNameCC' is visible

2022-06-30 23:31:50 - [MESSAGE][PASSED] - Object 'Object Repository/AdminSuiteBootstrap_Pages/VSP_Bootstrap/View Profile/a_nickNameCC' is visible

2022-06-30 23:31:50 - [TEST_STEP][PASSED] - verifyElementPresent(findTestObject(path_ViewProfile + "a_nickNameCC"), 30): Object 'Object Repository/AdminSuiteBootstrap_Pages/VSP_Bootstrap/View Profile/a_nickNameCC' is present

2022-06-30 23:31:50 - [MESSAGE][PASSED] - Object 'Object Repository/AdminSuiteBootstrap_Pages/VSP_Bootstrap/View Profile/a_nickNameCC' is present

2022-06-30 23:31:50 - [TEST_STEP][PASSED] - click(findTestObject(path_ViewProfile + "a_nickNameCC")): Object: 'Object Repository/AdminSuiteBootstrap_Pages/VSP_Bootstrap/View Profile/a_nickNameCC' is clicked on

2022-06-30 23:31:51 - [MESSAGE][PASSED] - Object: 'Object Repository/AdminSuiteBootstrap_Pages/VSP_Bootstrap/View Profile/a_nickNameCC' is clicked on

2022-06-30 23:31:51 - [TEST_STEP][PASSED] - verifyTextPresent("Credit Card Billing Information", true): Text 'Credit Card Billing Information' is present on page  using regular expression

2022-06-30 23:31:52 - [MESSAGE][PASSED] - Text 'Credit Card Billing Information' is present on page  using regular expression

2022-06-30 23:31:52 - [TEST_STEP][PASSED] - nickName = findTestData(dataFile).getValue("NickNameCC", row): null

2022-06-30 23:31:52 - [TEST_STEP][PASSED] - verifyTextPresent(nickName, true): Text 'Ross Discover' is present on page  using regular expression

2022-06-30 23:31:52 - [MESSAGE][PASSED] - Text 'Ross Discover' is present on page  using regular expression

2022-06-30 23:31:52 - [TEST_STEP][PASSED] - click(findTestObject(path_ViewProfile + "a_Delete Credit Card")): Object: 'Object Repository/AdminSuiteBootstrap_Pages/VSP_Bootstrap/View Profile/a_Delete Credit Card' is clicked on

2022-06-30 23:31:54 - [MESSAGE][PASSED] - Object: 'Object Repository/AdminSuiteBootstrap_Pages/VSP_Bootstrap/View Profile/a_Delete Credit Card' is clicked on

2022-06-30 23:31:54 - [TEST_STEP][PASSED] - verifyTextPresent("Delete Credit Card Confirmation", true): Text 'Delete Credit Card Confirmation' is present on page  using regular expression

2022-06-30 23:31:54 - [MESSAGE][PASSED] - Text 'Delete Credit Card Confirmation' is present on page  using regular expression

2022-06-30 23:31:54 - [TEST_STEP][PASSED] - verifyTextPresent("This will delete the credit card account. Are you sure you want to do this?", true): Text 'This will delete the credit card account. Are you sure you want to do this?' is present on page  using regular expression

2022-06-30 23:31:54 - [MESSAGE][PASSED] - Text 'This will delete the credit card account. Are you sure you want to do this?' is present on page  using regular expression

2022-06-30 23:31:54 - [TEST_STEP][PASSED] - click(findTestObject(path_ViewProfile + "button_DeleteCCConfirm")): Object: 'Object Repository/AdminSuiteBootstrap_Pages/VSP_Bootstrap/View Profile/button_DeleteCCConfirm' is clicked on

2022-06-30 23:31:57 - [MESSAGE][PASSED] - Object: 'Object Repository/AdminSuiteBootstrap_Pages/VSP_Bootstrap/View Profile/button_DeleteCCConfirm' is clicked on

2022-06-30 23:31:57 - [TEST_STEP][PASSED] - verifyTextPresent("Payment Method Deletion", true): Text 'Payment Method Deletion' is present on page  using regular expression

2022-06-30 23:31:58 - [MESSAGE][PASSED] - Text 'Payment Method Deletion' is present on page  using regular expression

2022-06-30 23:31:58 - [TEST_STEP][PASSED] - verifyTextPresent("Payment method was successfully deleted.", true): Text 'Payment method was successfully deleted.' is present on page  using regular expression

2022-06-30 23:31:58 - [MESSAGE][PASSED] - Text 'Payment method was successfully deleted.' is present on page  using regular expression

2022-06-30 23:31:58 - [TEST_STEP][PASSED] - click(findTestObject(path_ViewProfile + "a_Delete Profile")): Object: 'Object Repository/AdminSuiteBootstrap_Pages/VSP_Bootstrap/View Profile/a_Delete Profile' is clicked on

2022-06-30 23:31:59 - [MESSAGE][PASSED] - Object: 'Object Repository/AdminSuiteBootstrap_Pages/VSP_Bootstrap/View Profile/a_Delete Profile' is clicked on

2022-06-30 23:31:59 - [TEST_STEP][PASSED] - verifyTextPresent("This will delete all of the following information. Are you sure you want to do this?", true): Text 'This will delete all of the following information. Are you sure you want to do this?' is present on page  using regular expression

2022-06-30 23:31:59 - [MESSAGE][PASSED] - Text 'This will delete all of the following information. Are you sure you want to do this?' is present on page  using regular expression

2022-06-30 23:31:59 - [TEST_STEP][PASSED] - click(findTestObject(path_DeleteProfileConfirm + "button_Delete")): Object: 'Object Repository/AdminSuiteBootstrap_Pages/VSP_Bootstrap/DeleteProfileConfirm/button_Delete' is clicked on

2022-06-30 23:32:01 - [MESSAGE][PASSED] - Object: 'Object Repository/AdminSuiteBootstrap_Pages/VSP_Bootstrap/DeleteProfileConfirm/button_Delete' is clicked on

2022-06-30 23:32:01 - [TEST_STEP][PASSED] - verifyTextPresent("No Search String", true): Text 'No Search String' is present on page  using regular expression

2022-06-30 23:32:01 - [MESSAGE][PASSED] - Text 'No Search String' is present on page  using regular expression

2022-06-30 23:32:01 - [TEST_STEP][PASSED] - verifyTextPresent("You must provide a search string of at least 2 characters", true): Text 'You must provide a search string of at least 2 characters' is present on page  using regular expression

2022-06-30 23:32:01 - [MESSAGE][PASSED] - Text 'You must provide a search string of at least 2 characters' is present on page  using regular expression

2022-06-30 23:32:01 - [TEST_STEP][PASSED] - closeBrowser(): Browser is closed

2022-06-30 23:32:02 - [MESSAGE][PASSED] - Browser is closed]]></system-out>
         <system-err><![CDATA[]]></system-err>
      </testcase>
      <testcase name="Test Cases/Admin Suite Bootstrap/VSP_Profile_TestCases/AddDeleteCCNotPre2_Generic_TC" time="116.787" classname="Test Cases/Admin Suite Bootstrap/VSP_Profile_TestCases/AddDeleteCCNotPre2_Generic_TC" status="PASSED">
         <system-out><![CDATA[2022-06-30 23:32:02 - [TEST_CASE][PASSED] - Test Cases/Admin Suite Bootstrap/VSP_Profile_TestCases/AddDeleteCCNotPre2_Generic_TC: Test Cases/Admin Suite Bootstrap/VSP_Profile_TestCases/AddDeleteCCNotPre2_Generic_TC

2022-06-30 23:32:03 - [TEST_STEP][PASSED] - path_Dashboard = "Object Repository/AdminSuiteBootstrap_Pages/Dashboard_Bootstrap/": null

2022-06-30 23:32:03 - [TEST_STEP][PASSED] - path_VT = "Object Repository/AdminSuiteBootstrap_Pages/VT_Bootstrap/IssueTransactions/": null

2022-06-30 23:32:03 - [TEST_STEP][PASSED] - path_CreateProfile = "Object Repository/AdminSuiteBootstrap_Pages/VSP_Bootstrap/CreateProfile/": null

2022-06-30 23:32:03 - [TEST_STEP][PASSED] - path_AddAccount = "Object Repository/AdminSuiteBootstrap_Pages/VSP_Bootstrap/AddAccount/": null

2022-06-30 23:32:03 - [TEST_STEP][PASSED] - path_Add_ACH = "Object Repository/AdminSuiteBootstrap_Pages/VSP_Bootstrap/AddACH/": null

2022-06-30 23:32:03 - [TEST_STEP][PASSED] - path_Add_CC = "Object Repository/AdminSuiteBootstrap_Pages/VSP_Bootstrap/AddCreditCard/": null

2022-06-30 23:32:03 - [TEST_STEP][PASSED] - path_App_Plan = "Object Repository/AdminSuiteBootstrap_Pages/VSP_Bootstrap/AddPaymentPlan/": null

2022-06-30 23:32:03 - [TEST_STEP][PASSED] - path_DeleteProfile = "Object Repository/AdminSuiteBootstrap_Pages/VSP_Bootstrap/DeleteProfile/": null

2022-06-30 23:32:03 - [TEST_STEP][PASSED] - path_ModifyProfile = "Object Repository/AdminSuiteBootstrap_Pages/VSP_Bootstrap/ModifyProfile/": null

2022-06-30 23:32:03 - [TEST_STEP][PASSED] - path_ViewProfile = "Object Repository/AdminSuiteBootstrap_Pages/VSP_Bootstrap/View Profile/": null

2022-06-30 23:32:03 - [TEST_STEP][PASSED] - path_VSPAuth = "Object Repository/AdminSuiteBootstrap_Pages/VSP_Bootstrap/VSP_Auth/": null

2022-06-30 23:32:03 - [TEST_STEP][PASSED] - path_VSPAuthCap = "Object Repository/AdminSuiteBootstrap_Pages/VSP_Bootstrap/VSP_Authcap/": null

2022-06-30 23:32:03 - [TEST_STEP][PASSED] - path_Debit = "Object Repository/AdminSuiteBootstrap_Pages/VSP_Bootstrap/VSP_Debit/": null

2022-06-30 23:32:03 - [TEST_STEP][PASSED] - path_DeleteProfileConfirm = "Object Repository/AdminSuiteBootstrap_Pages/VSP_Bootstrap/DeleteProfileConfirm/": null

2022-06-30 23:32:03 - [TEST_STEP][PASSED] - path_ViewProfilePre = "Object Repository/AdminSuiteBootstrap_Pages/VSP_Bootstrap/ViewProfilePre/": null

2022-06-30 23:32:03 - [TEST_STEP][PASSED] - executionProfile = getExecutionProfile(): null

2022-06-30 23:32:03 - [TEST_STEP][PASSED] - out.println("executionProfile : " + executionProfile): null

2022-06-30 23:32:03 - [TEST_STEP][PASSED] - appName = <not implemented yet for class: org.codehaus.groovy.ast.expr.EmptyExpression>: null

2022-06-30 23:32:03 - [TEST_STEP][PASSED] - appID = <not implemented yet for class: org.codehaus.groovy.ast.expr.EmptyExpression>: null

2022-06-30 23:32:03 - [TEST_STEP][PASSED] - cardNameV = <not implemented yet for class: org.codehaus.groovy.ast.expr.EmptyExpression>: null

2022-06-30 23:32:03 - [TEST_STEP][PASSED] - al1V = <not implemented yet for class: org.codehaus.groovy.ast.expr.EmptyExpression>: null

2022-06-30 23:32:03 - [TEST_STEP][PASSED] - al2V = <not implemented yet for class: org.codehaus.groovy.ast.expr.EmptyExpression>: null

2022-06-30 23:32:03 - [TEST_STEP][PASSED] - zipV = <not implemented yet for class: org.codehaus.groovy.ast.expr.EmptyExpression>: null

2022-06-30 23:32:03 - [TEST_STEP][PASSED] - cardTypeV = <not implemented yet for class: org.codehaus.groovy.ast.expr.EmptyExpression>: null

2022-06-30 23:32:03 - [TEST_STEP][PASSED] - last4V = <not implemented yet for class: org.codehaus.groovy.ast.expr.EmptyExpression>: null

2022-06-30 23:32:03 - [TEST_STEP][PASSED] - nameSheet = "AddDeleteCCNotPrepopulated": null

2022-06-30 23:32:03 - [TEST_STEP][PASSED] - numOfRows = findTestData("QA/Bootstrap/VSP-Profile-TestData/AddCCNotPrepopulated").getRowNumbers(): null

2022-06-30 23:32:03 - [TEST_STEP][PASSED] - println("Number of Records: " + numOfRows): null

2022-06-30 23:32:03 - [TEST_STEP][PASSED] - dataFile = "QA/Bootstrap/VSP-Profile-TestData/AddCCNotPrepopulated": null

2022-06-30 23:32:03 - [TEST_STEP][PASSED] - for ([row = 1, row <= numOfRows, (row++)]): Browser is closed

2022-06-30 23:32:03 - [TEST_STEP][PASSED] - ExecuteTC = findTestData(dataFile).getValue("Execute", row): null

2022-06-30 23:32:03 - [TEST_STEP][PASSED] - out.println("Value of Execute is : " + ExecuteTC): null

2022-06-30 23:32:03 - [TEST_STEP][PASSED] - switch (executionProfile): null

2022-06-30 23:32:03 - [TEST_STEP][PASSED] - case "QAProfile":: null

2022-06-30 23:32:03 - [TEST_STEP][PASSED] - appName = findTestData(dataFile).getValue("AppNameQA", row): null

2022-06-30 23:32:03 - [TEST_STEP][PASSED] - appID = findTestData(dataFile).getValue("AppIDQA", row): null

2022-06-30 23:32:03 - [TEST_STEP][PASSED] - break: null

2022-06-30 23:32:03 - [TEST_STEP][PASSED] - if (ExecuteTC.equalsIgnoreCase("Y")): Browser is closed

2022-06-30 23:32:03 - [TEST_STEP][PASSED] - out.println("Begin Record Number: " + row): null

2022-06-30 23:32:03 - [TEST_STEP][PASSED] - today = new java.util.Date(): null

2022-06-30 23:32:03 - [TEST_STEP][PASSED] - println(today): null

2022-06-30 23:32:03 - [TEST_STEP][PASSED] - datText = today: null

2022-06-30 23:32:03 - [TEST_STEP][PASSED] - adminSuiteBootstrap.loginFunctionality.login_AdminSuite(): adminSuiteBootstrap.loginFunctionality.login_AdminSuite is PASSED

2022-06-30 23:32:03 - [MESSAGE][INFO] - Starting 'Chrome' driver

2022-06-30 23:32:03 - [MESSAGE][INFO] - User set preference: ['acceptInsecureCerts', 'true']

2022-06-30 23:32:03 - [MESSAGE][INFO] - Action delay is set to 0 milliseconds

2022-06-30 23:32:07 - [MESSAGE][PASSED] - Browser is opened with url: 'https://qa.velocitypayment.com/admin/imtiaz'

2022-06-30 23:32:07 - [MESSAGE][PASSED] - Current window maximized

2022-06-30 23:32:07 - [MESSAGE][PASSED] - Object 'Object Repository/Login_Page/Login_Username' is present

2022-06-30 23:32:08 - [MESSAGE][PASSED] - Text 'iahmed' is set on object 'Object Repository/Login_Page/Login_Username'

2022-06-30 23:32:08 - [MESSAGE][PASSED] - Text 'hello2222' is set on object 'Object Repository/Login_Page/Login_Password'

2022-06-30 23:32:12 - [MESSAGE][PASSED] - Object: 'Object Repository/Login_Page/Login_Submit' is clicked on

2022-06-30 23:32:12 - [MESSAGE][PASSED] - adminSuiteBootstrap.loginFunctionality.login_AdminSuite is PASSED

2022-06-30 23:32:12 - [TEST_STEP][PASSED] - click(findTestObject(path_Dashboard + appName)): Object: 'Object Repository/AdminSuiteBootstrap_Pages/Dashboard_Bootstrap/a_Access AutoNoCFtp' is clicked on

2022-06-30 23:32:13 - [MESSAGE][PASSED] - Object: 'Object Repository/AdminSuiteBootstrap_Pages/Dashboard_Bootstrap/a_Access AutoNoCFtp' is clicked on

2022-06-30 23:32:13 - [TEST_STEP][PASSED] - click(findTestObject(path_VT + "a_Create")): Object: 'Object Repository/AdminSuiteBootstrap_Pages/VT_Bootstrap/IssueTransactions/a_Create' is clicked on

2022-06-30 23:32:15 - [MESSAGE][PASSED] - Object: 'Object Repository/AdminSuiteBootstrap_Pages/VT_Bootstrap/IssueTransactions/a_Create' is clicked on

2022-06-30 23:32:15 - [TEST_STEP][PASSED] - vspBootstrap.CreateProfilePage.setDataCreateProfile(row, dataFile): vspBootstrap.CreateProfilePage.setDataCreateProfile is PASSED

2022-06-30 23:32:17 - [MESSAGE][PASSED] - Text '22201' is set on object 'Object Repository/AdminSuiteBootstrap_Pages/VSP_Bootstrap/CreateProfile/input_PostalCode'

2022-06-30 23:32:18 - [MESSAGE][PASSED] - Text 'Tlg43oKHzrDU' is set on object 'Object Repository/AdminSuiteBootstrap_Pages/VSP_Bootstrap/CreateProfile/input_profileName'

2022-06-30 23:32:18 - [MESSAGE][PASSED] - Text '' is set on object 'Object Repository/AdminSuiteBootstrap_Pages/VSP_Bootstrap/CreateProfile/input_CompanyName'

2022-06-30 23:32:19 - [MESSAGE][PASSED] - All options with label '' are selected in object 'Object Repository/AdminSuiteBootstrap_Pages/VSP_Bootstrap/CreateProfile/select_Title'  using regular expression

2022-06-30 23:32:20 - [MESSAGE][PASSED] - Text '' is set on object 'Object Repository/AdminSuiteBootstrap_Pages/VSP_Bootstrap/CreateProfile/input_FirstName'

2022-06-30 23:32:20 - [MESSAGE][PASSED] - Text '' is set on object 'Object Repository/AdminSuiteBootstrap_Pages/VSP_Bootstrap/CreateProfile/input_MiddleName'

2022-06-30 23:32:21 - [MESSAGE][PASSED] - Text '' is set on object 'Object Repository/AdminSuiteBootstrap_Pages/VSP_Bootstrap/CreateProfile/input_LastName'

2022-06-30 23:32:22 - [MESSAGE][PASSED] - All options with label '' are selected in object 'Object Repository/AdminSuiteBootstrap_Pages/VSP_Bootstrap/CreateProfile/select_Suffix'  using regular expression

2022-06-30 23:32:23 - [MESSAGE][PASSED] - Text '15 Toledo Road' is set on object 'Object Repository/AdminSuiteBootstrap_Pages/VSP_Bootstrap/CreateProfile/input_address1'

2022-06-30 23:32:23 - [MESSAGE][PASSED] - Text '' is set on object 'Object Repository/AdminSuiteBootstrap_Pages/VSP_Bootstrap/CreateProfile/input_AddressLine2'

2022-06-30 23:32:24 - [MESSAGE][PASSED] - Text '' is set on object 'Object Repository/AdminSuiteBootstrap_Pages/VSP_Bootstrap/CreateProfile/input_PostalCodeExt'

2022-06-30 23:32:24 - [MESSAGE][PASSED] - Text '' is set on object 'Object Repository/AdminSuiteBootstrap_Pages/VSP_Bootstrap/CreateProfile/input_EmaiAddress'

2022-06-30 23:32:25 - [MESSAGE][PASSED] - Text '' is set on object 'Object Repository/AdminSuiteBootstrap_Pages/VSP_Bootstrap/CreateProfile/input_HomePhoneNumber_HomeAreaCode'

2022-06-30 23:32:26 - [MESSAGE][PASSED] - Text '' is set on object 'Object Repository/AdminSuiteBootstrap_Pages/VSP_Bootstrap/CreateProfile/input_homePrefixNumber'

2022-06-30 23:32:26 - [MESSAGE][PASSED] - Text '' is set on object 'Object Repository/AdminSuiteBootstrap_Pages/VSP_Bootstrap/CreateProfile/input_homeSuffixNumber'

2022-06-30 23:32:27 - [MESSAGE][PASSED] - Text '' is set on object 'Object Repository/AdminSuiteBootstrap_Pages/VSP_Bootstrap/CreateProfile/input_MobilePhoneNumber_mobileAreaCode'

2022-06-30 23:32:28 - [MESSAGE][PASSED] - Text '' is set on object 'Object Repository/AdminSuiteBootstrap_Pages/VSP_Bootstrap/CreateProfile/input_mobilePrefixNumber'

2022-06-30 23:32:28 - [MESSAGE][PASSED] - Text '' is set on object 'Object Repository/AdminSuiteBootstrap_Pages/VSP_Bootstrap/CreateProfile/input_mobileSuffixNumber'

2022-06-30 23:32:29 - [MESSAGE][PASSED] - Text '' is set on object 'Object Repository/AdminSuiteBootstrap_Pages/VSP_Bootstrap/CreateProfile/input_WorkPhoneNumber_workAreaCode'

2022-06-30 23:32:30 - [MESSAGE][PASSED] - Text '' is set on object 'Object Repository/AdminSuiteBootstrap_Pages/VSP_Bootstrap/CreateProfile/input_workPrefixNumber'

2022-06-30 23:32:30 - [MESSAGE][PASSED] - Text '' is set on object 'Object Repository/AdminSuiteBootstrap_Pages/VSP_Bootstrap/CreateProfile/input_workSuffixNumber'

2022-06-30 23:32:31 - [MESSAGE][PASSED] - Text '' is set on object 'Object Repository/AdminSuiteBootstrap_Pages/VSP_Bootstrap/CreateProfile/input_Ext_workExtension'

2022-06-30 23:32:32 - [MESSAGE][PASSED] - Text '' is set on object 'Object Repository/AdminSuiteBootstrap_Pages/VSP_Bootstrap/CreateProfile/textarea_NotesComments_note'

2022-06-30 23:32:33 - [MESSAGE][PASSED] - Object: 'Object Repository/AdminSuiteBootstrap_Pages/VSP_Bootstrap/CreateProfile/button_Save' is clicked on

2022-06-30 23:32:33 - [MESSAGE][PASSED] - vspBootstrap.CreateProfilePage.setDataCreateProfile is PASSED

2022-06-30 23:32:33 - [TEST_STEP][PASSED] - verifyTextPresent("Profile successfully created", true): Text 'Profile successfully created' is present on page  using regular expression

2022-06-30 23:32:34 - [MESSAGE][PASSED] - Text 'Profile successfully created' is present on page  using regular expression

2022-06-30 23:32:34 - [TEST_STEP][PASSED] - click(findTestObject(path_ViewProfilePre + "button_Add Credit Card")): Object: 'Object Repository/AdminSuiteBootstrap_Pages/VSP_Bootstrap/ViewProfilePre/button_Add Credit Card' is clicked on

2022-06-30 23:32:35 - [MESSAGE][PASSED] - Object: 'Object Repository/AdminSuiteBootstrap_Pages/VSP_Bootstrap/ViewProfilePre/button_Add Credit Card' is clicked on

2022-06-30 23:32:35 - [TEST_STEP][PASSED] - vspBootstrap.AddCreditCardPage.setDataCreditCardNotPre(row, dataFile): vspBootstrap.AddCreditCardPage.setDataCreditCardNotPre is PASSED

2022-06-30 23:32:36 - [MESSAGE][PASSED] - Text '22201' is set on object 'Object Repository/AdminSuiteBootstrap_Pages/VSP_Bootstrap/AddCreditCard/input_postalCode'

2022-06-30 23:32:37 - [MESSAGE][PASSED] - All options with label 'Mr.' are selected in object 'Object Repository/AdminSuiteBootstrap_Pages/VSP_Bootstrap/AddCreditCard/select_Title'  using regular expression

2022-06-30 23:32:38 - [MESSAGE][PASSED] - Text 'Timothy' is set on object 'Object Repository/AdminSuiteBootstrap_Pages/VSP_Bootstrap/AddCreditCard/input_firstName'

2022-06-30 23:32:38 - [MESSAGE][PASSED] - Text 'Mac' is set on object 'Object Repository/AdminSuiteBootstrap_Pages/VSP_Bootstrap/AddCreditCard/input_MiddleName'

2022-06-30 23:32:39 - [MESSAGE][PASSED] - Text 'Siefert' is set on object 'Object Repository/AdminSuiteBootstrap_Pages/VSP_Bootstrap/AddCreditCard/input_lastName'

2022-06-30 23:32:40 - [MESSAGE][PASSED] - All options with label 'Sr.' are selected in object 'Object Repository/AdminSuiteBootstrap_Pages/VSP_Bootstrap/AddCreditCard/select_Suffix'  using regular expression

2022-06-30 23:32:41 - [MESSAGE][PASSED] - Text 'Tim MasterCard' is set on object 'Object Repository/AdminSuiteBootstrap_Pages/VSP_Bootstrap/AddCreditCard/input_nickName'

2022-06-30 23:32:42 - [MESSAGE][PASSED] - Text '5146312200000035' is set on object 'Object Repository/AdminSuiteBootstrap_Pages/VSP_Bootstrap/AddCreditCard/input_cardNumber'

2022-06-30 23:32:43 - [MESSAGE][PASSED] - All options with label '12- DEC' are selected in object 'Object Repository/AdminSuiteBootstrap_Pages/VSP_Bootstrap/AddCreditCard/select_ExpMonth'  using regular expression

2022-06-30 23:32:44 - [MESSAGE][PASSED] - All options with label '2028' are selected in object 'Object Repository/AdminSuiteBootstrap_Pages/VSP_Bootstrap/AddCreditCard/select_ExpYear'  using regular expression

2022-06-30 23:32:44 - [MESSAGE][PASSED] - Text '365 Kanyakumari' is set on object 'Object Repository/AdminSuiteBootstrap_Pages/VSP_Bootstrap/AddCreditCard/input_address1'

2022-06-30 23:32:45 - [MESSAGE][PASSED] - Text 'Room 8' is set on object 'Object Repository/AdminSuiteBootstrap_Pages/VSP_Bootstrap/AddCreditCard/input_AddressLine2'

2022-06-30 23:32:46 - [MESSAGE][PASSED] - Text '1234' is set on object 'Object Repository/AdminSuiteBootstrap_Pages/VSP_Bootstrap/AddCreditCard/input_postalCodeExtension'

2022-06-30 23:32:48 - [MESSAGE][PASSED] - Object: 'Object Repository/AdminSuiteBootstrap_Pages/VSP_Bootstrap/AddCreditCard/button_Create' is clicked on

2022-06-30 23:32:48 - [MESSAGE][PASSED] - vspBootstrap.AddCreditCardPage.setDataCreditCardNotPre is PASSED

2022-06-30 23:32:48 - [TEST_STEP][PASSED] - verifyTextPresent("Payment Method Created", true): Text 'Payment Method Created' is present on page  using regular expression

2022-06-30 23:32:48 - [MESSAGE][PASSED] - Text 'Payment Method Created' is present on page  using regular expression

2022-06-30 23:32:48 - [TEST_STEP][PASSED] - verifyTextPresent("Payment method creation successful", true): Text 'Payment method creation successful' is present on page  using regular expression

2022-06-30 23:32:48 - [MESSAGE][PASSED] - Text 'Payment method creation successful' is present on page  using regular expression

2022-06-30 23:32:48 - [TEST_STEP][PASSED] - verifyElementVisible(findTestObject(path_ViewProfile + "a_nickNameCC")): Object 'Object Repository/AdminSuiteBootstrap_Pages/VSP_Bootstrap/View Profile/a_nickNameCC' is visible

2022-06-30 23:32:49 - [MESSAGE][PASSED] - Object 'Object Repository/AdminSuiteBootstrap_Pages/VSP_Bootstrap/View Profile/a_nickNameCC' is visible

2022-06-30 23:32:49 - [TEST_STEP][PASSED] - verifyElementPresent(findTestObject(path_ViewProfile + "a_nickNameCC"), 30): Object 'Object Repository/AdminSuiteBootstrap_Pages/VSP_Bootstrap/View Profile/a_nickNameCC' is present

2022-06-30 23:32:49 - [MESSAGE][PASSED] - Object 'Object Repository/AdminSuiteBootstrap_Pages/VSP_Bootstrap/View Profile/a_nickNameCC' is present

2022-06-30 23:32:49 - [TEST_STEP][PASSED] - click(findTestObject(path_ViewProfile + "a_nickNameCC")): Object: 'Object Repository/AdminSuiteBootstrap_Pages/VSP_Bootstrap/View Profile/a_nickNameCC' is clicked on

2022-06-30 23:32:50 - [MESSAGE][PASSED] - Object: 'Object Repository/AdminSuiteBootstrap_Pages/VSP_Bootstrap/View Profile/a_nickNameCC' is clicked on

2022-06-30 23:32:50 - [TEST_STEP][PASSED] - verifyTextPresent("Credit Card Billing Information", true): Text 'Credit Card Billing Information' is present on page  using regular expression

2022-06-30 23:32:51 - [MESSAGE][PASSED] - Text 'Credit Card Billing Information' is present on page  using regular expression

2022-06-30 23:32:51 - [TEST_STEP][PASSED] - nickName = findTestData(dataFile).getValue("NickNameCC", row): null

2022-06-30 23:32:51 - [TEST_STEP][PASSED] - verifyTextPresent(nickName, true): Text 'Tim MasterCard' is present on page  using regular expression

2022-06-30 23:32:51 - [MESSAGE][PASSED] - Text 'Tim MasterCard' is present on page  using regular expression

2022-06-30 23:32:51 - [TEST_STEP][PASSED] - click(findTestObject(path_ViewProfile + "a_Delete Credit Card")): Object: 'Object Repository/AdminSuiteBootstrap_Pages/VSP_Bootstrap/View Profile/a_Delete Credit Card' is clicked on

2022-06-30 23:32:52 - [MESSAGE][PASSED] - Object: 'Object Repository/AdminSuiteBootstrap_Pages/VSP_Bootstrap/View Profile/a_Delete Credit Card' is clicked on

2022-06-30 23:32:52 - [TEST_STEP][PASSED] - verifyTextPresent("Delete Credit Card Confirmation", true): Text 'Delete Credit Card Confirmation' is present on page  using regular expression

2022-06-30 23:32:53 - [MESSAGE][PASSED] - Text 'Delete Credit Card Confirmation' is present on page  using regular expression

2022-06-30 23:32:53 - [TEST_STEP][PASSED] - verifyTextPresent("This will delete the credit card account. Are you sure you want to do this?", true): Text 'This will delete the credit card account. Are you sure you want to do this?' is present on page  using regular expression

2022-06-30 23:32:53 - [MESSAGE][PASSED] - Text 'This will delete the credit card account. Are you sure you want to do this?' is present on page  using regular expression

2022-06-30 23:32:53 - [TEST_STEP][PASSED] - click(findTestObject(path_ViewProfile + "button_DeleteCCConfirm")): Object: 'Object Repository/AdminSuiteBootstrap_Pages/VSP_Bootstrap/View Profile/button_DeleteCCConfirm' is clicked on

2022-06-30 23:32:55 - [MESSAGE][PASSED] - Object: 'Object Repository/AdminSuiteBootstrap_Pages/VSP_Bootstrap/View Profile/button_DeleteCCConfirm' is clicked on

2022-06-30 23:32:55 - [TEST_STEP][PASSED] - verifyTextPresent("Payment Method Deletion", true): Text 'Payment Method Deletion' is present on page  using regular expression

2022-06-30 23:32:56 - [MESSAGE][PASSED] - Text 'Payment Method Deletion' is present on page  using regular expression

2022-06-30 23:32:56 - [TEST_STEP][PASSED] - verifyTextPresent("Payment method was successfully deleted.", true): Text 'Payment method was successfully deleted.' is present on page  using regular expression

2022-06-30 23:32:56 - [MESSAGE][PASSED] - Text 'Payment method was successfully deleted.' is present on page  using regular expression

2022-06-30 23:32:56 - [TEST_STEP][PASSED] - click(findTestObject(path_ViewProfile + "a_Delete Profile")): Object: 'Object Repository/AdminSuiteBootstrap_Pages/VSP_Bootstrap/View Profile/a_Delete Profile' is clicked on

2022-06-30 23:32:57 - [MESSAGE][PASSED] - Object: 'Object Repository/AdminSuiteBootstrap_Pages/VSP_Bootstrap/View Profile/a_Delete Profile' is clicked on

2022-06-30 23:32:57 - [TEST_STEP][PASSED] - verifyTextPresent("This will delete all of the following information. Are you sure you want to do this?", true): Text 'This will delete all of the following information. Are you sure you want to do this?' is present on page  using regular expression

2022-06-30 23:32:57 - [MESSAGE][PASSED] - Text 'This will delete all of the following information. Are you sure you want to do this?' is present on page  using regular expression

2022-06-30 23:32:57 - [TEST_STEP][PASSED] - click(findTestObject(path_DeleteProfileConfirm + "button_Delete")): Object: 'Object Repository/AdminSuiteBootstrap_Pages/VSP_Bootstrap/DeleteProfileConfirm/button_Delete' is clicked on

2022-06-30 23:32:59 - [MESSAGE][PASSED] - Object: 'Object Repository/AdminSuiteBootstrap_Pages/VSP_Bootstrap/DeleteProfileConfirm/button_Delete' is clicked on

2022-06-30 23:32:59 - [TEST_STEP][PASSED] - verifyTextPresent("No Search String", true): Text 'No Search String' is present on page  using regular expression

2022-06-30 23:32:59 - [MESSAGE][PASSED] - Text 'No Search String' is present on page  using regular expression

2022-06-30 23:32:59 - [TEST_STEP][PASSED] - verifyTextPresent("You must provide a search string of at least 2 characters", true): Text 'You must provide a search string of at least 2 characters' is present on page  using regular expression

2022-06-30 23:33:00 - [MESSAGE][PASSED] - Text 'You must provide a search string of at least 2 characters' is present on page  using regular expression

2022-06-30 23:33:00 - [TEST_STEP][PASSED] - closeBrowser(): Browser is closed

2022-06-30 23:33:00 - [MESSAGE][PASSED] - Browser is closed

2022-06-30 23:33:00 - [TEST_STEP][PASSED] - ExecuteTC = findTestData(dataFile).getValue("Execute", row): null

2022-06-30 23:33:01 - [TEST_STEP][PASSED] - out.println("Value of Execute is : " + ExecuteTC): null

2022-06-30 23:33:01 - [TEST_STEP][PASSED] - switch (executionProfile): null

2022-06-30 23:33:01 - [TEST_STEP][PASSED] - case "QAProfile":: null

2022-06-30 23:33:01 - [TEST_STEP][PASSED] - appName = findTestData(dataFile).getValue("AppNameQA", row): null

2022-06-30 23:33:01 - [TEST_STEP][PASSED] - appID = findTestData(dataFile).getValue("AppIDQA", row): null

2022-06-30 23:33:01 - [TEST_STEP][PASSED] - break: null

2022-06-30 23:33:01 - [TEST_STEP][PASSED] - if (ExecuteTC.equalsIgnoreCase("Y")): Browser is closed

2022-06-30 23:33:01 - [TEST_STEP][PASSED] - out.println("Begin Record Number: " + row): null

2022-06-30 23:33:01 - [TEST_STEP][PASSED] - today = new java.util.Date(): null

2022-06-30 23:33:01 - [TEST_STEP][PASSED] - println(today): null

2022-06-30 23:33:01 - [TEST_STEP][PASSED] - datText = today: null

2022-06-30 23:33:01 - [TEST_STEP][PASSED] - adminSuiteBootstrap.loginFunctionality.login_AdminSuite(): adminSuiteBootstrap.loginFunctionality.login_AdminSuite is PASSED

2022-06-30 23:33:01 - [MESSAGE][INFO] - Starting 'Chrome' driver

2022-06-30 23:33:01 - [MESSAGE][INFO] - User set preference: ['acceptInsecureCerts', 'true']

2022-06-30 23:33:01 - [MESSAGE][INFO] - Action delay is set to 0 milliseconds

2022-06-30 23:33:04 - [MESSAGE][PASSED] - Browser is opened with url: 'https://qa.velocitypayment.com/admin/imtiaz'

2022-06-30 23:33:05 - [MESSAGE][PASSED] - Current window maximized

2022-06-30 23:33:05 - [MESSAGE][PASSED] - Object 'Object Repository/Login_Page/Login_Username' is present

2022-06-30 23:33:06 - [MESSAGE][PASSED] - Text 'iahmed' is set on object 'Object Repository/Login_Page/Login_Username'

2022-06-30 23:33:06 - [MESSAGE][PASSED] - Text 'hello2222' is set on object 'Object Repository/Login_Page/Login_Password'

2022-06-30 23:33:11 - [MESSAGE][PASSED] - Object: 'Object Repository/Login_Page/Login_Submit' is clicked on

2022-06-30 23:33:11 - [MESSAGE][PASSED] - adminSuiteBootstrap.loginFunctionality.login_AdminSuite is PASSED

2022-06-30 23:33:11 - [TEST_STEP][PASSED] - click(findTestObject(path_Dashboard + appName)): Object: 'Object Repository/AdminSuiteBootstrap_Pages/Dashboard_Bootstrap/a_Access AutoNoCFtp' is clicked on

2022-06-30 23:33:12 - [MESSAGE][PASSED] - Object: 'Object Repository/AdminSuiteBootstrap_Pages/Dashboard_Bootstrap/a_Access AutoNoCFtp' is clicked on

2022-06-30 23:33:12 - [TEST_STEP][PASSED] - click(findTestObject(path_VT + "a_Create")): Object: 'Object Repository/AdminSuiteBootstrap_Pages/VT_Bootstrap/IssueTransactions/a_Create' is clicked on

2022-06-30 23:33:13 - [MESSAGE][PASSED] - Object: 'Object Repository/AdminSuiteBootstrap_Pages/VT_Bootstrap/IssueTransactions/a_Create' is clicked on

2022-06-30 23:33:13 - [TEST_STEP][PASSED] - vspBootstrap.CreateProfilePage.setDataCreateProfile(row, dataFile): vspBootstrap.CreateProfilePage.setDataCreateProfile is PASSED

2022-06-30 23:33:15 - [MESSAGE][PASSED] - Text '22201' is set on object 'Object Repository/AdminSuiteBootstrap_Pages/VSP_Bootstrap/CreateProfile/input_PostalCode'

2022-06-30 23:33:16 - [MESSAGE][PASSED] - Text '4llf61BaufB2' is set on object 'Object Repository/AdminSuiteBootstrap_Pages/VSP_Bootstrap/CreateProfile/input_profileName'

2022-06-30 23:33:16 - [MESSAGE][PASSED] - Text '' is set on object 'Object Repository/AdminSuiteBootstrap_Pages/VSP_Bootstrap/CreateProfile/input_CompanyName'

2022-06-30 23:33:17 - [MESSAGE][PASSED] - All options with label '' are selected in object 'Object Repository/AdminSuiteBootstrap_Pages/VSP_Bootstrap/CreateProfile/select_Title'  using regular expression

2022-06-30 23:33:18 - [MESSAGE][PASSED] - Text '' is set on object 'Object Repository/AdminSuiteBootstrap_Pages/VSP_Bootstrap/CreateProfile/input_FirstName'

2022-06-30 23:33:18 - [MESSAGE][PASSED] - Text '' is set on object 'Object Repository/AdminSuiteBootstrap_Pages/VSP_Bootstrap/CreateProfile/input_MiddleName'

2022-06-30 23:33:19 - [MESSAGE][PASSED] - Text '' is set on object 'Object Repository/AdminSuiteBootstrap_Pages/VSP_Bootstrap/CreateProfile/input_LastName'

2022-06-30 23:33:20 - [MESSAGE][PASSED] - All options with label '' are selected in object 'Object Repository/AdminSuiteBootstrap_Pages/VSP_Bootstrap/CreateProfile/select_Suffix'  using regular expression

2022-06-30 23:33:21 - [MESSAGE][PASSED] - Text '15 Toledo Road' is set on object 'Object Repository/AdminSuiteBootstrap_Pages/VSP_Bootstrap/CreateProfile/input_address1'

2022-06-30 23:33:21 - [MESSAGE][PASSED] - Text '' is set on object 'Object Repository/AdminSuiteBootstrap_Pages/VSP_Bootstrap/CreateProfile/input_AddressLine2'

2022-06-30 23:33:22 - [MESSAGE][PASSED] - Text '' is set on object 'Object Repository/AdminSuiteBootstrap_Pages/VSP_Bootstrap/CreateProfile/input_PostalCodeExt'

2022-06-30 23:33:22 - [MESSAGE][PASSED] - Text '' is set on object 'Object Repository/AdminSuiteBootstrap_Pages/VSP_Bootstrap/CreateProfile/input_EmaiAddress'

2022-06-30 23:33:23 - [MESSAGE][PASSED] - Text '' is set on object 'Object Repository/AdminSuiteBootstrap_Pages/VSP_Bootstrap/CreateProfile/input_HomePhoneNumber_HomeAreaCode'

2022-06-30 23:33:24 - [MESSAGE][PASSED] - Text '' is set on object 'Object Repository/AdminSuiteBootstrap_Pages/VSP_Bootstrap/CreateProfile/input_homePrefixNumber'

2022-06-30 23:33:24 - [MESSAGE][PASSED] - Text '' is set on object 'Object Repository/AdminSuiteBootstrap_Pages/VSP_Bootstrap/CreateProfile/input_homeSuffixNumber'

2022-06-30 23:33:25 - [MESSAGE][PASSED] - Text '' is set on object 'Object Repository/AdminSuiteBootstrap_Pages/VSP_Bootstrap/CreateProfile/input_MobilePhoneNumber_mobileAreaCode'

2022-06-30 23:33:26 - [MESSAGE][PASSED] - Text '' is set on object 'Object Repository/AdminSuiteBootstrap_Pages/VSP_Bootstrap/CreateProfile/input_mobilePrefixNumber'

2022-06-30 23:33:26 - [MESSAGE][PASSED] - Text '' is set on object 'Object Repository/AdminSuiteBootstrap_Pages/VSP_Bootstrap/CreateProfile/input_mobileSuffixNumber'

2022-06-30 23:33:27 - [MESSAGE][PASSED] - Text '' is set on object 'Object Repository/AdminSuiteBootstrap_Pages/VSP_Bootstrap/CreateProfile/input_WorkPhoneNumber_workAreaCode'

2022-06-30 23:33:28 - [MESSAGE][PASSED] - Text '' is set on object 'Object Repository/AdminSuiteBootstrap_Pages/VSP_Bootstrap/CreateProfile/input_workPrefixNumber'

2022-06-30 23:33:28 - [MESSAGE][PASSED] - Text '' is set on object 'Object Repository/AdminSuiteBootstrap_Pages/VSP_Bootstrap/CreateProfile/input_workSuffixNumber'

2022-06-30 23:33:29 - [MESSAGE][PASSED] - Text '' is set on object 'Object Repository/AdminSuiteBootstrap_Pages/VSP_Bootstrap/CreateProfile/input_Ext_workExtension'

2022-06-30 23:33:29 - [MESSAGE][PASSED] - Text '' is set on object 'Object Repository/AdminSuiteBootstrap_Pages/VSP_Bootstrap/CreateProfile/textarea_NotesComments_note'

2022-06-30 23:33:32 - [MESSAGE][PASSED] - Object: 'Object Repository/AdminSuiteBootstrap_Pages/VSP_Bootstrap/CreateProfile/button_Save' is clicked on

2022-06-30 23:33:32 - [MESSAGE][PASSED] - vspBootstrap.CreateProfilePage.setDataCreateProfile is PASSED

2022-06-30 23:33:32 - [TEST_STEP][PASSED] - verifyTextPresent("Profile successfully created", true): Text 'Profile successfully created' is present on page  using regular expression

2022-06-30 23:33:32 - [MESSAGE][PASSED] - Text 'Profile successfully created' is present on page  using regular expression

2022-06-30 23:33:32 - [TEST_STEP][PASSED] - click(findTestObject(path_ViewProfilePre + "button_Add Credit Card")): Object: 'Object Repository/AdminSuiteBootstrap_Pages/VSP_Bootstrap/ViewProfilePre/button_Add Credit Card' is clicked on

2022-06-30 23:33:33 - [MESSAGE][PASSED] - Object: 'Object Repository/AdminSuiteBootstrap_Pages/VSP_Bootstrap/ViewProfilePre/button_Add Credit Card' is clicked on

2022-06-30 23:33:33 - [TEST_STEP][PASSED] - vspBootstrap.AddCreditCardPage.setDataCreditCardNotPre(row, dataFile): vspBootstrap.AddCreditCardPage.setDataCreditCardNotPre is PASSED

2022-06-30 23:33:35 - [MESSAGE][PASSED] - Text '21093' is set on object 'Object Repository/AdminSuiteBootstrap_Pages/VSP_Bootstrap/AddCreditCard/input_postalCode'

2022-06-30 23:33:36 - [MESSAGE][PASSED] - All options with label '' are selected in object 'Object Repository/AdminSuiteBootstrap_Pages/VSP_Bootstrap/AddCreditCard/select_Title'  using regular expression

2022-06-30 23:33:36 - [MESSAGE][PASSED] - Text 'Brandon' is set on object 'Object Repository/AdminSuiteBootstrap_Pages/VSP_Bootstrap/AddCreditCard/input_firstName'

2022-06-30 23:33:37 - [MESSAGE][PASSED] - Text '' is set on object 'Object Repository/AdminSuiteBootstrap_Pages/VSP_Bootstrap/AddCreditCard/input_MiddleName'

2022-06-30 23:33:38 - [MESSAGE][PASSED] - Text 'McCulumm' is set on object 'Object Repository/AdminSuiteBootstrap_Pages/VSP_Bootstrap/AddCreditCard/input_lastName'

2022-06-30 23:33:39 - [MESSAGE][PASSED] - All options with label '' are selected in object 'Object Repository/AdminSuiteBootstrap_Pages/VSP_Bootstrap/AddCreditCard/select_Suffix'  using regular expression

2022-06-30 23:33:39 - [MESSAGE][PASSED] - Text 'Brandon Amex' is set on object 'Object Repository/AdminSuiteBootstrap_Pages/VSP_Bootstrap/AddCreditCard/input_nickName'

2022-06-30 23:33:40 - [MESSAGE][PASSED] - Text '371449635392376' is set on object 'Object Repository/AdminSuiteBootstrap_Pages/VSP_Bootstrap/AddCreditCard/input_cardNumber'

2022-06-30 23:33:41 - [MESSAGE][PASSED] - All options with label '1 - JAN' are selected in object 'Object Repository/AdminSuiteBootstrap_Pages/VSP_Bootstrap/AddCreditCard/select_ExpMonth'  using regular expression

2022-06-30 23:33:42 - [MESSAGE][PASSED] - All options with label '2028' are selected in object 'Object Repository/AdminSuiteBootstrap_Pages/VSP_Bootstrap/AddCreditCard/select_ExpYear'  using regular expression

2022-06-30 23:33:43 - [MESSAGE][PASSED] - Text '2225 Kendsha road' is set on object 'Object Repository/AdminSuiteBootstrap_Pages/VSP_Bootstrap/AddCreditCard/input_address1'

2022-06-30 23:33:44 - [MESSAGE][PASSED] - Text '' is set on object 'Object Repository/AdminSuiteBootstrap_Pages/VSP_Bootstrap/AddCreditCard/input_AddressLine2'

2022-06-30 23:33:44 - [MESSAGE][PASSED] - Text '' is set on object 'Object Repository/AdminSuiteBootstrap_Pages/VSP_Bootstrap/AddCreditCard/input_postalCodeExtension'

2022-06-30 23:33:46 - [MESSAGE][PASSED] - Object: 'Object Repository/AdminSuiteBootstrap_Pages/VSP_Bootstrap/AddCreditCard/button_Create' is clicked on

2022-06-30 23:33:46 - [MESSAGE][PASSED] - vspBootstrap.AddCreditCardPage.setDataCreditCardNotPre is PASSED

2022-06-30 23:33:46 - [TEST_STEP][PASSED] - verifyTextPresent("Payment Method Created", true): Text 'Payment Method Created' is present on page  using regular expression

2022-06-30 23:33:47 - [MESSAGE][PASSED] - Text 'Payment Method Created' is present on page  using regular expression

2022-06-30 23:33:47 - [TEST_STEP][PASSED] - verifyTextPresent("Payment method creation successful", true): Text 'Payment method creation successful' is present on page  using regular expression

2022-06-30 23:33:47 - [MESSAGE][PASSED] - Text 'Payment method creation successful' is present on page  using regular expression

2022-06-30 23:33:47 - [TEST_STEP][PASSED] - verifyElementVisible(findTestObject(path_ViewProfile + "a_nickNameCC")): Object 'Object Repository/AdminSuiteBootstrap_Pages/VSP_Bootstrap/View Profile/a_nickNameCC' is visible

2022-06-30 23:33:48 - [MESSAGE][PASSED] - Object 'Object Repository/AdminSuiteBootstrap_Pages/VSP_Bootstrap/View Profile/a_nickNameCC' is visible

2022-06-30 23:33:48 - [TEST_STEP][PASSED] - verifyElementPresent(findTestObject(path_ViewProfile + "a_nickNameCC"), 30): Object 'Object Repository/AdminSuiteBootstrap_Pages/VSP_Bootstrap/View Profile/a_nickNameCC' is present

2022-06-30 23:33:48 - [MESSAGE][PASSED] - Object 'Object Repository/AdminSuiteBootstrap_Pages/VSP_Bootstrap/View Profile/a_nickNameCC' is present

2022-06-30 23:33:48 - [TEST_STEP][PASSED] - click(findTestObject(path_ViewProfile + "a_nickNameCC")): Object: 'Object Repository/AdminSuiteBootstrap_Pages/VSP_Bootstrap/View Profile/a_nickNameCC' is clicked on

2022-06-30 23:33:49 - [MESSAGE][PASSED] - Object: 'Object Repository/AdminSuiteBootstrap_Pages/VSP_Bootstrap/View Profile/a_nickNameCC' is clicked on

2022-06-30 23:33:49 - [TEST_STEP][PASSED] - verifyTextPresent("Credit Card Billing Information", true): Text 'Credit Card Billing Information' is present on page  using regular expression

2022-06-30 23:33:50 - [MESSAGE][PASSED] - Text 'Credit Card Billing Information' is present on page  using regular expression

2022-06-30 23:33:50 - [TEST_STEP][PASSED] - nickName = findTestData(dataFile).getValue("NickNameCC", row): null

2022-06-30 23:33:50 - [TEST_STEP][PASSED] - verifyTextPresent(nickName, true): Text 'Brandon Amex' is present on page  using regular expression

2022-06-30 23:33:50 - [MESSAGE][PASSED] - Text 'Brandon Amex' is present on page  using regular expression

2022-06-30 23:33:50 - [TEST_STEP][PASSED] - click(findTestObject(path_ViewProfile + "a_Delete Credit Card")): Object: 'Object Repository/AdminSuiteBootstrap_Pages/VSP_Bootstrap/View Profile/a_Delete Credit Card' is clicked on

2022-06-30 23:33:51 - [MESSAGE][PASSED] - Object: 'Object Repository/AdminSuiteBootstrap_Pages/VSP_Bootstrap/View Profile/a_Delete Credit Card' is clicked on

2022-06-30 23:33:51 - [TEST_STEP][PASSED] - verifyTextPresent("Delete Credit Card Confirmation", true): Text 'Delete Credit Card Confirmation' is present on page  using regular expression

2022-06-30 23:33:52 - [MESSAGE][PASSED] - Text 'Delete Credit Card Confirmation' is present on page  using regular expression

2022-06-30 23:33:52 - [TEST_STEP][PASSED] - verifyTextPresent("This will delete the credit card account. Are you sure you want to do this?", true): Text 'This will delete the credit card account. Are you sure you want to do this?' is present on page  using regular expression

2022-06-30 23:33:52 - [MESSAGE][PASSED] - Text 'This will delete the credit card account. Are you sure you want to do this?' is present on page  using regular expression

2022-06-30 23:33:52 - [TEST_STEP][PASSED] - click(findTestObject(path_ViewProfile + "button_DeleteCCConfirm")): Object: 'Object Repository/AdminSuiteBootstrap_Pages/VSP_Bootstrap/View Profile/button_DeleteCCConfirm' is clicked on

2022-06-30 23:33:54 - [MESSAGE][PASSED] - Object: 'Object Repository/AdminSuiteBootstrap_Pages/VSP_Bootstrap/View Profile/button_DeleteCCConfirm' is clicked on

2022-06-30 23:33:54 - [TEST_STEP][PASSED] - verifyTextPresent("Payment Method Deletion", true): Text 'Payment Method Deletion' is present on page  using regular expression

2022-06-30 23:33:55 - [MESSAGE][PASSED] - Text 'Payment Method Deletion' is present on page  using regular expression

2022-06-30 23:33:55 - [TEST_STEP][PASSED] - verifyTextPresent("Payment method was successfully deleted.", true): Text 'Payment method was successfully deleted.' is present on page  using regular expression

2022-06-30 23:33:55 - [MESSAGE][PASSED] - Text 'Payment method was successfully deleted.' is present on page  using regular expression

2022-06-30 23:33:55 - [TEST_STEP][PASSED] - click(findTestObject(path_ViewProfile + "a_Delete Profile")): Object: 'Object Repository/AdminSuiteBootstrap_Pages/VSP_Bootstrap/View Profile/a_Delete Profile' is clicked on

2022-06-30 23:33:56 - [MESSAGE][PASSED] - Object: 'Object Repository/AdminSuiteBootstrap_Pages/VSP_Bootstrap/View Profile/a_Delete Profile' is clicked on

2022-06-30 23:33:56 - [TEST_STEP][PASSED] - verifyTextPresent("This will delete all of the following information. Are you sure you want to do this?", true): Text 'This will delete all of the following information. Are you sure you want to do this?' is present on page  using regular expression

2022-06-30 23:33:56 - [MESSAGE][PASSED] - Text 'This will delete all of the following information. Are you sure you want to do this?' is present on page  using regular expression

2022-06-30 23:33:56 - [TEST_STEP][PASSED] - click(findTestObject(path_DeleteProfileConfirm + "button_Delete")): Object: 'Object Repository/AdminSuiteBootstrap_Pages/VSP_Bootstrap/DeleteProfileConfirm/button_Delete' is clicked on

2022-06-30 23:33:57 - [MESSAGE][PASSED] - Object: 'Object Repository/AdminSuiteBootstrap_Pages/VSP_Bootstrap/DeleteProfileConfirm/button_Delete' is clicked on

2022-06-30 23:33:57 - [TEST_STEP][PASSED] - verifyTextPresent("No Search String", true): Text 'No Search String' is present on page  using regular expression

2022-06-30 23:33:58 - [MESSAGE][PASSED] - Text 'No Search String' is present on page  using regular expression

2022-06-30 23:33:58 - [TEST_STEP][PASSED] - verifyTextPresent("You must provide a search string of at least 2 characters", true): Text 'You must provide a search string of at least 2 characters' is present on page  using regular expression

2022-06-30 23:33:58 - [MESSAGE][PASSED] - Text 'You must provide a search string of at least 2 characters' is present on page  using regular expression

2022-06-30 23:33:58 - [TEST_STEP][PASSED] - closeBrowser(): Browser is closed

2022-06-30 23:33:59 - [MESSAGE][PASSED] - Browser is closed]]></system-out>
         <system-err><![CDATA[]]></system-err>
      </testcase>
      <testcase name="Test Cases/Admin Suite Bootstrap/VSP_Profile_TestCases/AddDeleteCCNotPre3_Generic_TC" time="137.079" classname="Test Cases/Admin Suite Bootstrap/VSP_Profile_TestCases/AddDeleteCCNotPre3_Generic_TC" status="PASSED">
         <system-out><![CDATA[2022-06-30 23:33:59 - [TEST_CASE][PASSED] - Test Cases/Admin Suite Bootstrap/VSP_Profile_TestCases/AddDeleteCCNotPre3_Generic_TC: Test Cases/Admin Suite Bootstrap/VSP_Profile_TestCases/AddDeleteCCNotPre3_Generic_TC

2022-06-30 23:34:00 - [TEST_STEP][PASSED] - path_Dashboard = "Object Repository/AdminSuiteBootstrap_Pages/Dashboard_Bootstrap/": null

2022-06-30 23:34:00 - [TEST_STEP][PASSED] - path_VT = "Object Repository/AdminSuiteBootstrap_Pages/VT_Bootstrap/IssueTransactions/": null

2022-06-30 23:34:00 - [TEST_STEP][PASSED] - path_CreateProfile = "Object Repository/AdminSuiteBootstrap_Pages/VSP_Bootstrap/CreateProfile/": null

2022-06-30 23:34:00 - [TEST_STEP][PASSED] - path_AddAccount = "Object Repository/AdminSuiteBootstrap_Pages/VSP_Bootstrap/AddAccount/": null

2022-06-30 23:34:00 - [TEST_STEP][PASSED] - path_Add_ACH = "Object Repository/AdminSuiteBootstrap_Pages/VSP_Bootstrap/AddACH/": null

2022-06-30 23:34:00 - [TEST_STEP][PASSED] - path_Add_CC = "Object Repository/AdminSuiteBootstrap_Pages/VSP_Bootstrap/AddCreditCard/": null

2022-06-30 23:34:00 - [TEST_STEP][PASSED] - path_App_Plan = "Object Repository/AdminSuiteBootstrap_Pages/VSP_Bootstrap/AddPaymentPlan/": null

2022-06-30 23:34:00 - [TEST_STEP][PASSED] - path_DeleteProfile = "Object Repository/AdminSuiteBootstrap_Pages/VSP_Bootstrap/DeleteProfile/": null

2022-06-30 23:34:00 - [TEST_STEP][PASSED] - path_ModifyProfile = "Object Repository/AdminSuiteBootstrap_Pages/VSP_Bootstrap/ModifyProfile/": null

2022-06-30 23:34:00 - [TEST_STEP][PASSED] - path_ViewProfile = "Object Repository/AdminSuiteBootstrap_Pages/VSP_Bootstrap/View Profile/": null

2022-06-30 23:34:00 - [TEST_STEP][PASSED] - path_VSPAuth = "Object Repository/AdminSuiteBootstrap_Pages/VSP_Bootstrap/VSP_Auth/": null

2022-06-30 23:34:00 - [TEST_STEP][PASSED] - path_VSPAuthCap = "Object Repository/AdminSuiteBootstrap_Pages/VSP_Bootstrap/VSP_Authcap/": null

2022-06-30 23:34:00 - [TEST_STEP][PASSED] - path_Debit = "Object Repository/AdminSuiteBootstrap_Pages/VSP_Bootstrap/VSP_Debit/": null

2022-06-30 23:34:00 - [TEST_STEP][PASSED] - path_DeleteProfileConfirm = "Object Repository/AdminSuiteBootstrap_Pages/VSP_Bootstrap/DeleteProfileConfirm/": null

2022-06-30 23:34:00 - [TEST_STEP][PASSED] - path_ViewProfilePre = "Object Repository/AdminSuiteBootstrap_Pages/VSP_Bootstrap/ViewProfilePre/": null

2022-06-30 23:34:00 - [TEST_STEP][PASSED] - path_SearchProfile = "Object Repository/AdminSuiteBootstrap_Pages/VSP_Bootstrap/SearchProfile/": null

2022-06-30 23:34:00 - [TEST_STEP][PASSED] - executionProfile = getExecutionProfile(): null

2022-06-30 23:34:00 - [TEST_STEP][PASSED] - out.println("executionProfile : " + executionProfile): null

2022-06-30 23:34:00 - [TEST_STEP][PASSED] - appName = <not implemented yet for class: org.codehaus.groovy.ast.expr.EmptyExpression>: null

2022-06-30 23:34:00 - [TEST_STEP][PASSED] - appID = <not implemented yet for class: org.codehaus.groovy.ast.expr.EmptyExpression>: null

2022-06-30 23:34:00 - [TEST_STEP][PASSED] - cardNameV = <not implemented yet for class: org.codehaus.groovy.ast.expr.EmptyExpression>: null

2022-06-30 23:34:00 - [TEST_STEP][PASSED] - al1V = <not implemented yet for class: org.codehaus.groovy.ast.expr.EmptyExpression>: null

2022-06-30 23:34:00 - [TEST_STEP][PASSED] - al2V = <not implemented yet for class: org.codehaus.groovy.ast.expr.EmptyExpression>: null

2022-06-30 23:34:00 - [TEST_STEP][PASSED] - zipV = <not implemented yet for class: org.codehaus.groovy.ast.expr.EmptyExpression>: null

2022-06-30 23:34:00 - [TEST_STEP][PASSED] - cardTypeV = <not implemented yet for class: org.codehaus.groovy.ast.expr.EmptyExpression>: null

2022-06-30 23:34:00 - [TEST_STEP][PASSED] - last4V = <not implemented yet for class: org.codehaus.groovy.ast.expr.EmptyExpression>: null

2022-06-30 23:34:00 - [TEST_STEP][PASSED] - nameSheet = "AddDeleteCCNotPrepopulated": null

2022-06-30 23:34:00 - [TEST_STEP][PASSED] - numOfRows = findTestData("QA/Bootstrap/VSP-Profile-TestData/AddCCNotPrepopulated").getRowNumbers(): null

2022-06-30 23:34:00 - [TEST_STEP][PASSED] - println("Number of Records: " + numOfRows): null

2022-06-30 23:34:00 - [TEST_STEP][PASSED] - dataFile = "QA/Bootstrap/VSP-Profile-TestData/AddCCNotPrepopulated": null

2022-06-30 23:34:00 - [TEST_STEP][PASSED] - for ([row = 1, row <= numOfRows, (row++)]): Browser is closed

2022-06-30 23:34:00 - [TEST_STEP][PASSED] - ExecuteTC = findTestData(dataFile).getValue("Execute", row): null

2022-06-30 23:34:00 - [TEST_STEP][PASSED] - out.println("Value of Execute is : " + ExecuteTC): null

2022-06-30 23:34:00 - [TEST_STEP][PASSED] - switch (executionProfile): null

2022-06-30 23:34:00 - [TEST_STEP][PASSED] - case "QAProfile":: null

2022-06-30 23:34:00 - [TEST_STEP][PASSED] - appName = findTestData(dataFile).getValue("AppNameQA", row): null

2022-06-30 23:34:00 - [TEST_STEP][PASSED] - appID = findTestData(dataFile).getValue("AppIDQA", row): null

2022-06-30 23:34:00 - [TEST_STEP][PASSED] - break: null

2022-06-30 23:34:00 - [TEST_STEP][PASSED] - if (ExecuteTC.equalsIgnoreCase("Y")): Browser is closed

2022-06-30 23:34:00 - [TEST_STEP][PASSED] - out.println("Begin Record Number: " + row): null

2022-06-30 23:34:00 - [TEST_STEP][PASSED] - today = new java.util.Date(): null

2022-06-30 23:34:00 - [TEST_STEP][PASSED] - println(today): null

2022-06-30 23:34:00 - [TEST_STEP][PASSED] - datText = today: null

2022-06-30 23:34:00 - [TEST_STEP][PASSED] - adminSuiteBootstrap.loginFunctionality.login_AdminSuite(): adminSuiteBootstrap.loginFunctionality.login_AdminSuite is PASSED

2022-06-30 23:34:00 - [MESSAGE][INFO] - Starting 'Chrome' driver

2022-06-30 23:34:00 - [MESSAGE][INFO] - User set preference: ['acceptInsecureCerts', 'true']

2022-06-30 23:34:00 - [MESSAGE][INFO] - Action delay is set to 0 milliseconds

2022-06-30 23:34:03 - [MESSAGE][PASSED] - Browser is opened with url: 'https://qa.velocitypayment.com/admin/imtiaz'

2022-06-30 23:34:03 - [MESSAGE][PASSED] - Current window maximized

2022-06-30 23:34:04 - [MESSAGE][PASSED] - Object 'Object Repository/Login_Page/Login_Username' is present

2022-06-30 23:34:04 - [MESSAGE][PASSED] - Text 'iahmed' is set on object 'Object Repository/Login_Page/Login_Username'

2022-06-30 23:34:05 - [MESSAGE][PASSED] - Text 'hello2222' is set on object 'Object Repository/Login_Page/Login_Password'

2022-06-30 23:34:09 - [MESSAGE][PASSED] - Object: 'Object Repository/Login_Page/Login_Submit' is clicked on

2022-06-30 23:34:09 - [MESSAGE][PASSED] - adminSuiteBootstrap.loginFunctionality.login_AdminSuite is PASSED

2022-06-30 23:34:09 - [TEST_STEP][PASSED] - click(findTestObject(path_Dashboard + appName)): Object: 'Object Repository/AdminSuiteBootstrap_Pages/Dashboard_Bootstrap/a_Access AutoNoCFtp' is clicked on

2022-06-30 23:34:10 - [MESSAGE][PASSED] - Object: 'Object Repository/AdminSuiteBootstrap_Pages/Dashboard_Bootstrap/a_Access AutoNoCFtp' is clicked on

2022-06-30 23:34:10 - [TEST_STEP][PASSED] - click(findTestObject(path_VT + "a_Create")): Object: 'Object Repository/AdminSuiteBootstrap_Pages/VT_Bootstrap/IssueTransactions/a_Create' is clicked on

2022-06-30 23:34:11 - [MESSAGE][PASSED] - Object: 'Object Repository/AdminSuiteBootstrap_Pages/VT_Bootstrap/IssueTransactions/a_Create' is clicked on

2022-06-30 23:34:11 - [TEST_STEP][PASSED] - vspBootstrap.CreateProfilePage.setDataCreateProfile(row, dataFile): vspBootstrap.CreateProfilePage.setDataCreateProfile is PASSED

2022-06-30 23:34:13 - [MESSAGE][PASSED] - Text '22201' is set on object 'Object Repository/AdminSuiteBootstrap_Pages/VSP_Bootstrap/CreateProfile/input_PostalCode'

2022-06-30 23:34:14 - [MESSAGE][PASSED] - Text 'jCtkJRoerIg6' is set on object 'Object Repository/AdminSuiteBootstrap_Pages/VSP_Bootstrap/CreateProfile/input_profileName'

2022-06-30 23:34:15 - [MESSAGE][PASSED] - Text '' is set on object 'Object Repository/AdminSuiteBootstrap_Pages/VSP_Bootstrap/CreateProfile/input_CompanyName'

2022-06-30 23:34:16 - [MESSAGE][PASSED] - All options with label '' are selected in object 'Object Repository/AdminSuiteBootstrap_Pages/VSP_Bootstrap/CreateProfile/select_Title'  using regular expression

2022-06-30 23:34:16 - [MESSAGE][PASSED] - Text '' is set on object 'Object Repository/AdminSuiteBootstrap_Pages/VSP_Bootstrap/CreateProfile/input_FirstName'

2022-06-30 23:34:17 - [MESSAGE][PASSED] - Text '' is set on object 'Object Repository/AdminSuiteBootstrap_Pages/VSP_Bootstrap/CreateProfile/input_MiddleName'

2022-06-30 23:34:18 - [MESSAGE][PASSED] - Text '' is set on object 'Object Repository/AdminSuiteBootstrap_Pages/VSP_Bootstrap/CreateProfile/input_LastName'

2022-06-30 23:34:18 - [MESSAGE][PASSED] - All options with label '' are selected in object 'Object Repository/AdminSuiteBootstrap_Pages/VSP_Bootstrap/CreateProfile/select_Suffix'  using regular expression

2022-06-30 23:34:19 - [MESSAGE][PASSED] - Text '15 Toledo Road' is set on object 'Object Repository/AdminSuiteBootstrap_Pages/VSP_Bootstrap/CreateProfile/input_address1'

2022-06-30 23:34:20 - [MESSAGE][PASSED] - Text '' is set on object 'Object Repository/AdminSuiteBootstrap_Pages/VSP_Bootstrap/CreateProfile/input_AddressLine2'

2022-06-30 23:34:20 - [MESSAGE][PASSED] - Text '' is set on object 'Object Repository/AdminSuiteBootstrap_Pages/VSP_Bootstrap/CreateProfile/input_PostalCodeExt'

2022-06-30 23:34:21 - [MESSAGE][PASSED] - Text '' is set on object 'Object Repository/AdminSuiteBootstrap_Pages/VSP_Bootstrap/CreateProfile/input_EmaiAddress'

2022-06-30 23:34:22 - [MESSAGE][PASSED] - Text '' is set on object 'Object Repository/AdminSuiteBootstrap_Pages/VSP_Bootstrap/CreateProfile/input_HomePhoneNumber_HomeAreaCode'

2022-06-30 23:34:22 - [MESSAGE][PASSED] - Text '' is set on object 'Object Repository/AdminSuiteBootstrap_Pages/VSP_Bootstrap/CreateProfile/input_homePrefixNumber'

2022-06-30 23:34:23 - [MESSAGE][PASSED] - Text '' is set on object 'Object Repository/AdminSuiteBootstrap_Pages/VSP_Bootstrap/CreateProfile/input_homeSuffixNumber'

2022-06-30 23:34:24 - [MESSAGE][PASSED] - Text '' is set on object 'Object Repository/AdminSuiteBootstrap_Pages/VSP_Bootstrap/CreateProfile/input_MobilePhoneNumber_mobileAreaCode'

2022-06-30 23:34:24 - [MESSAGE][PASSED] - Text '' is set on object 'Object Repository/AdminSuiteBootstrap_Pages/VSP_Bootstrap/CreateProfile/input_mobilePrefixNumber'

2022-06-30 23:34:25 - [MESSAGE][PASSED] - Text '' is set on object 'Object Repository/AdminSuiteBootstrap_Pages/VSP_Bootstrap/CreateProfile/input_mobileSuffixNumber'

2022-06-30 23:34:25 - [MESSAGE][PASSED] - Text '' is set on object 'Object Repository/AdminSuiteBootstrap_Pages/VSP_Bootstrap/CreateProfile/input_WorkPhoneNumber_workAreaCode'

2022-06-30 23:34:26 - [MESSAGE][PASSED] - Text '' is set on object 'Object Repository/AdminSuiteBootstrap_Pages/VSP_Bootstrap/CreateProfile/input_workPrefixNumber'

2022-06-30 23:34:27 - [MESSAGE][PASSED] - Text '' is set on object 'Object Repository/AdminSuiteBootstrap_Pages/VSP_Bootstrap/CreateProfile/input_workSuffixNumber'

2022-06-30 23:34:27 - [MESSAGE][PASSED] - Text '' is set on object 'Object Repository/AdminSuiteBootstrap_Pages/VSP_Bootstrap/CreateProfile/input_Ext_workExtension'

2022-06-30 23:34:28 - [MESSAGE][PASSED] - Text '' is set on object 'Object Repository/AdminSuiteBootstrap_Pages/VSP_Bootstrap/CreateProfile/textarea_NotesComments_note'

2022-06-30 23:34:30 - [MESSAGE][PASSED] - Object: 'Object Repository/AdminSuiteBootstrap_Pages/VSP_Bootstrap/CreateProfile/button_Save' is clicked on

2022-06-30 23:34:30 - [MESSAGE][PASSED] - vspBootstrap.CreateProfilePage.setDataCreateProfile is PASSED

2022-06-30 23:34:30 - [TEST_STEP][PASSED] - verifyTextPresent("Profile successfully created", true): Text 'Profile successfully created' is present on page  using regular expression

2022-06-30 23:34:30 - [MESSAGE][PASSED] - Text 'Profile successfully created' is present on page  using regular expression

2022-06-30 23:34:30 - [TEST_STEP][PASSED] - profileName = ProfileName: null

2022-06-30 23:34:30 - [TEST_STEP][PASSED] - println("profileName : " + profileName): null

2022-06-30 23:34:30 - [TEST_STEP][PASSED] - click(findTestObject(path_ViewProfile + "a_Return to Main Menu")): Object: 'Object Repository/AdminSuiteBootstrap_Pages/VSP_Bootstrap/View Profile/a_Return to Main Menu' is clicked on

2022-06-30 23:34:31 - [MESSAGE][PASSED] - Object: 'Object Repository/AdminSuiteBootstrap_Pages/VSP_Bootstrap/View Profile/a_Return to Main Menu' is clicked on

2022-06-30 23:34:31 - [TEST_STEP][PASSED] - click(findTestObject(path_VT + "a_Find Profile")): Object: 'Object Repository/AdminSuiteBootstrap_Pages/VT_Bootstrap/IssueTransactions/a_Find Profile' is clicked on

2022-06-30 23:34:32 - [MESSAGE][PASSED] - Object: 'Object Repository/AdminSuiteBootstrap_Pages/VT_Bootstrap/IssueTransactions/a_Find Profile' is clicked on

2022-06-30 23:34:32 - [TEST_STEP][PASSED] - setText(findTestObject(path_SearchProfile + "input_Criteria"), profileName): Text 'jCtkJRoerIg6' is set on object 'Object Repository/AdminSuiteBootstrap_Pages/VSP_Bootstrap/SearchProfile/input_Criteria'

2022-06-30 23:34:32 - [MESSAGE][PASSED] - Text 'jCtkJRoerIg6' is set on object 'Object Repository/AdminSuiteBootstrap_Pages/VSP_Bootstrap/SearchProfile/input_Criteria'

2022-06-30 23:34:32 - [TEST_STEP][PASSED] - click(findTestObject(path_SearchProfile + "button_Search")): Object: 'Object Repository/AdminSuiteBootstrap_Pages/VSP_Bootstrap/SearchProfile/button_Search' is clicked on

2022-06-30 23:34:33 - [MESSAGE][PASSED] - Object: 'Object Repository/AdminSuiteBootstrap_Pages/VSP_Bootstrap/SearchProfile/button_Search' is clicked on

2022-06-30 23:34:33 - [TEST_STEP][PASSED] - click(findTestObject(path_ViewProfilePre + "a_View")): Object: 'Object Repository/AdminSuiteBootstrap_Pages/VSP_Bootstrap/ViewProfilePre/a_View' is clicked on

2022-06-30 23:34:35 - [MESSAGE][PASSED] - Object: 'Object Repository/AdminSuiteBootstrap_Pages/VSP_Bootstrap/ViewProfilePre/a_View' is clicked on

2022-06-30 23:34:35 - [TEST_STEP][PASSED] - click(findTestObject(path_ViewProfilePre + "button_Add Credit Card")): Object: 'Object Repository/AdminSuiteBootstrap_Pages/VSP_Bootstrap/ViewProfilePre/button_Add Credit Card' is clicked on

2022-06-30 23:34:36 - [MESSAGE][PASSED] - Object: 'Object Repository/AdminSuiteBootstrap_Pages/VSP_Bootstrap/ViewProfilePre/button_Add Credit Card' is clicked on

2022-06-30 23:34:36 - [TEST_STEP][PASSED] - vspBootstrap.AddCreditCardPage.setDataCreditCardNotPre(row, dataFile): vspBootstrap.AddCreditCardPage.setDataCreditCardNotPre is PASSED

2022-06-30 23:34:37 - [MESSAGE][PASSED] - Text '22201' is set on object 'Object Repository/AdminSuiteBootstrap_Pages/VSP_Bootstrap/AddCreditCard/input_postalCode'

2022-06-30 23:34:38 - [MESSAGE][PASSED] - All options with label 'Mr.' are selected in object 'Object Repository/AdminSuiteBootstrap_Pages/VSP_Bootstrap/AddCreditCard/select_Title'  using regular expression

2022-06-30 23:34:39 - [MESSAGE][PASSED] - Text 'Timothy' is set on object 'Object Repository/AdminSuiteBootstrap_Pages/VSP_Bootstrap/AddCreditCard/input_firstName'

2022-06-30 23:34:40 - [MESSAGE][PASSED] - Text 'Mac' is set on object 'Object Repository/AdminSuiteBootstrap_Pages/VSP_Bootstrap/AddCreditCard/input_MiddleName'

2022-06-30 23:34:40 - [MESSAGE][PASSED] - Text 'Siefert' is set on object 'Object Repository/AdminSuiteBootstrap_Pages/VSP_Bootstrap/AddCreditCard/input_lastName'

2022-06-30 23:34:41 - [MESSAGE][PASSED] - All options with label 'Sr.' are selected in object 'Object Repository/AdminSuiteBootstrap_Pages/VSP_Bootstrap/AddCreditCard/select_Suffix'  using regular expression

2022-06-30 23:34:42 - [MESSAGE][PASSED] - Text 'Tim MasterCard' is set on object 'Object Repository/AdminSuiteBootstrap_Pages/VSP_Bootstrap/AddCreditCard/input_nickName'

2022-06-30 23:34:43 - [MESSAGE][PASSED] - Text '5146312200000035' is set on object 'Object Repository/AdminSuiteBootstrap_Pages/VSP_Bootstrap/AddCreditCard/input_cardNumber'

2022-06-30 23:34:44 - [MESSAGE][PASSED] - All options with label '12- DEC' are selected in object 'Object Repository/AdminSuiteBootstrap_Pages/VSP_Bootstrap/AddCreditCard/select_ExpMonth'  using regular expression

2022-06-30 23:34:45 - [MESSAGE][PASSED] - All options with label '2028' are selected in object 'Object Repository/AdminSuiteBootstrap_Pages/VSP_Bootstrap/AddCreditCard/select_ExpYear'  using regular expression

2022-06-30 23:34:46 - [MESSAGE][PASSED] - Text '365 Kanyakumari' is set on object 'Object Repository/AdminSuiteBootstrap_Pages/VSP_Bootstrap/AddCreditCard/input_address1'

2022-06-30 23:34:46 - [MESSAGE][PASSED] - Text 'Room 8' is set on object 'Object Repository/AdminSuiteBootstrap_Pages/VSP_Bootstrap/AddCreditCard/input_AddressLine2'

2022-06-30 23:34:47 - [MESSAGE][PASSED] - Text '1234' is set on object 'Object Repository/AdminSuiteBootstrap_Pages/VSP_Bootstrap/AddCreditCard/input_postalCodeExtension'

2022-06-30 23:34:49 - [MESSAGE][PASSED] - Object: 'Object Repository/AdminSuiteBootstrap_Pages/VSP_Bootstrap/AddCreditCard/button_Create' is clicked on

2022-06-30 23:34:49 - [MESSAGE][PASSED] - vspBootstrap.AddCreditCardPage.setDataCreditCardNotPre is PASSED

2022-06-30 23:34:49 - [TEST_STEP][PASSED] - verifyTextPresent("Payment Method Created", true): Text 'Payment Method Created' is present on page  using regular expression

2022-06-30 23:34:49 - [MESSAGE][PASSED] - Text 'Payment Method Created' is present on page  using regular expression

2022-06-30 23:34:49 - [TEST_STEP][PASSED] - verifyTextPresent("Payment method creation successful", true): Text 'Payment method creation successful' is present on page  using regular expression

2022-06-30 23:34:50 - [MESSAGE][PASSED] - Text 'Payment method creation successful' is present on page  using regular expression

2022-06-30 23:34:50 - [TEST_STEP][PASSED] - verifyElementVisible(findTestObject(path_ViewProfile + "a_nickNameCC")): Object 'Object Repository/AdminSuiteBootstrap_Pages/VSP_Bootstrap/View Profile/a_nickNameCC' is visible

2022-06-30 23:34:50 - [MESSAGE][PASSED] - Object 'Object Repository/AdminSuiteBootstrap_Pages/VSP_Bootstrap/View Profile/a_nickNameCC' is visible

2022-06-30 23:34:50 - [TEST_STEP][PASSED] - verifyElementPresent(findTestObject(path_ViewProfile + "a_nickNameCC"), 30): Object 'Object Repository/AdminSuiteBootstrap_Pages/VSP_Bootstrap/View Profile/a_nickNameCC' is present

2022-06-30 23:34:50 - [MESSAGE][PASSED] - Object 'Object Repository/AdminSuiteBootstrap_Pages/VSP_Bootstrap/View Profile/a_nickNameCC' is present

2022-06-30 23:34:50 - [TEST_STEP][PASSED] - click(findTestObject(path_ViewProfile + "a_nickNameCC")): Object: 'Object Repository/AdminSuiteBootstrap_Pages/VSP_Bootstrap/View Profile/a_nickNameCC' is clicked on

2022-06-30 23:34:52 - [MESSAGE][PASSED] - Object: 'Object Repository/AdminSuiteBootstrap_Pages/VSP_Bootstrap/View Profile/a_nickNameCC' is clicked on

2022-06-30 23:34:52 - [TEST_STEP][PASSED] - verifyTextPresent("Credit Card Billing Information", true): Text 'Credit Card Billing Information' is present on page  using regular expression

2022-06-30 23:34:52 - [MESSAGE][PASSED] - Text 'Credit Card Billing Information' is present on page  using regular expression

2022-06-30 23:34:52 - [TEST_STEP][PASSED] - nickName = findTestData(dataFile).getValue("NickNameCC", row): null

2022-06-30 23:34:52 - [TEST_STEP][PASSED] - verifyTextPresent(nickName, true): Text 'Tim MasterCard' is present on page  using regular expression

2022-06-30 23:34:52 - [MESSAGE][PASSED] - Text 'Tim MasterCard' is present on page  using regular expression

2022-06-30 23:34:52 - [TEST_STEP][PASSED] - click(findTestObject(path_ViewProfile + "a_Delete Credit Card")): Object: 'Object Repository/AdminSuiteBootstrap_Pages/VSP_Bootstrap/View Profile/a_Delete Credit Card' is clicked on

2022-06-30 23:34:54 - [MESSAGE][PASSED] - Object: 'Object Repository/AdminSuiteBootstrap_Pages/VSP_Bootstrap/View Profile/a_Delete Credit Card' is clicked on

2022-06-30 23:34:54 - [TEST_STEP][PASSED] - verifyTextPresent("Delete Credit Card Confirmation", true): Text 'Delete Credit Card Confirmation' is present on page  using regular expression

2022-06-30 23:34:54 - [MESSAGE][PASSED] - Text 'Delete Credit Card Confirmation' is present on page  using regular expression

2022-06-30 23:34:54 - [TEST_STEP][PASSED] - verifyTextPresent("This will delete the credit card account. Are you sure you want to do this?", true): Text 'This will delete the credit card account. Are you sure you want to do this?' is present on page  using regular expression

2022-06-30 23:34:55 - [MESSAGE][PASSED] - Text 'This will delete the credit card account. Are you sure you want to do this?' is present on page  using regular expression

2022-06-30 23:34:55 - [TEST_STEP][PASSED] - click(findTestObject(path_ViewProfile + "button_DeleteCCConfirm")): Object: 'Object Repository/AdminSuiteBootstrap_Pages/VSP_Bootstrap/View Profile/button_DeleteCCConfirm' is clicked on

2022-06-30 23:34:56 - [MESSAGE][PASSED] - Object: 'Object Repository/AdminSuiteBootstrap_Pages/VSP_Bootstrap/View Profile/button_DeleteCCConfirm' is clicked on

2022-06-30 23:34:56 - [TEST_STEP][PASSED] - verifyTextPresent("Payment Method Deletion", true): Text 'Payment Method Deletion' is present on page  using regular expression

2022-06-30 23:34:57 - [MESSAGE][PASSED] - Text 'Payment Method Deletion' is present on page  using regular expression

2022-06-30 23:34:57 - [TEST_STEP][PASSED] - verifyTextPresent("Payment method was successfully deleted.", true): Text 'Payment method was successfully deleted.' is present on page  using regular expression

2022-06-30 23:34:57 - [MESSAGE][PASSED] - Text 'Payment method was successfully deleted.' is present on page  using regular expression

2022-06-30 23:34:57 - [TEST_STEP][PASSED] - click(findTestObject(path_ViewProfile + "a_Delete Profile")): Object: 'Object Repository/AdminSuiteBootstrap_Pages/VSP_Bootstrap/View Profile/a_Delete Profile' is clicked on

2022-06-30 23:34:58 - [MESSAGE][PASSED] - Object: 'Object Repository/AdminSuiteBootstrap_Pages/VSP_Bootstrap/View Profile/a_Delete Profile' is clicked on

2022-06-30 23:34:58 - [TEST_STEP][PASSED] - verifyTextPresent("This will delete all of the following information. Are you sure you want to do this?", true): Text 'This will delete all of the following information. Are you sure you want to do this?' is present on page  using regular expression

2022-06-30 23:34:59 - [MESSAGE][PASSED] - Text 'This will delete all of the following information. Are you sure you want to do this?' is present on page  using regular expression

2022-06-30 23:34:59 - [TEST_STEP][PASSED] - click(findTestObject(path_DeleteProfileConfirm + "button_Delete")): Object: 'Object Repository/AdminSuiteBootstrap_Pages/VSP_Bootstrap/DeleteProfileConfirm/button_Delete' is clicked on

2022-06-30 23:35:00 - [MESSAGE][PASSED] - Object: 'Object Repository/AdminSuiteBootstrap_Pages/VSP_Bootstrap/DeleteProfileConfirm/button_Delete' is clicked on

2022-06-30 23:35:00 - [TEST_STEP][PASSED] - verifyTextPresent("There were no results from your search", true): Text 'There were no results from your search' is present on page  using regular expression

2022-06-30 23:35:01 - [MESSAGE][PASSED] - Text 'There were no results from your search' is present on page  using regular expression

2022-06-30 23:35:01 - [TEST_STEP][PASSED] - closeBrowser(): Browser is closed

2022-06-30 23:35:01 - [MESSAGE][PASSED] - Browser is closed

2022-06-30 23:35:01 - [TEST_STEP][PASSED] - ExecuteTC = findTestData(dataFile).getValue("Execute", row): null

2022-06-30 23:35:02 - [TEST_STEP][PASSED] - out.println("Value of Execute is : " + ExecuteTC): null

2022-06-30 23:35:02 - [TEST_STEP][PASSED] - switch (executionProfile): null

2022-06-30 23:35:02 - [TEST_STEP][PASSED] - case "QAProfile":: null

2022-06-30 23:35:02 - [TEST_STEP][PASSED] - appName = findTestData(dataFile).getValue("AppNameQA", row): null

2022-06-30 23:35:02 - [TEST_STEP][PASSED] - appID = findTestData(dataFile).getValue("AppIDQA", row): null

2022-06-30 23:35:02 - [TEST_STEP][PASSED] - break: null

2022-06-30 23:35:02 - [TEST_STEP][PASSED] - if (ExecuteTC.equalsIgnoreCase("Y")): Browser is closed

2022-06-30 23:35:02 - [TEST_STEP][PASSED] - out.println("Begin Record Number: " + row): null

2022-06-30 23:35:02 - [TEST_STEP][PASSED] - today = new java.util.Date(): null

2022-06-30 23:35:02 - [TEST_STEP][PASSED] - println(today): null

2022-06-30 23:35:02 - [TEST_STEP][PASSED] - datText = today: null

2022-06-30 23:35:02 - [TEST_STEP][PASSED] - adminSuiteBootstrap.loginFunctionality.login_AdminSuite(): adminSuiteBootstrap.loginFunctionality.login_AdminSuite is PASSED

2022-06-30 23:35:02 - [MESSAGE][INFO] - Starting 'Chrome' driver

2022-06-30 23:35:02 - [MESSAGE][INFO] - User set preference: ['acceptInsecureCerts', 'true']

2022-06-30 23:35:02 - [MESSAGE][INFO] - Action delay is set to 0 milliseconds

2022-06-30 23:35:04 - [MESSAGE][PASSED] - Browser is opened with url: 'https://qa.velocitypayment.com/admin/imtiaz'

2022-06-30 23:35:05 - [MESSAGE][PASSED] - Current window maximized

2022-06-30 23:35:05 - [MESSAGE][PASSED] - Object 'Object Repository/Login_Page/Login_Username' is present

2022-06-30 23:35:06 - [MESSAGE][PASSED] - Text 'iahmed' is set on object 'Object Repository/Login_Page/Login_Username'

2022-06-30 23:35:06 - [MESSAGE][PASSED] - Text 'hello2222' is set on object 'Object Repository/Login_Page/Login_Password'

2022-06-30 23:35:10 - [MESSAGE][PASSED] - Object: 'Object Repository/Login_Page/Login_Submit' is clicked on

2022-06-30 23:35:10 - [MESSAGE][PASSED] - adminSuiteBootstrap.loginFunctionality.login_AdminSuite is PASSED

2022-06-30 23:35:10 - [TEST_STEP][PASSED] - click(findTestObject(path_Dashboard + appName)): Object: 'Object Repository/AdminSuiteBootstrap_Pages/Dashboard_Bootstrap/a_Access AutoNoCFtp' is clicked on

2022-06-30 23:35:12 - [MESSAGE][PASSED] - Object: 'Object Repository/AdminSuiteBootstrap_Pages/Dashboard_Bootstrap/a_Access AutoNoCFtp' is clicked on

2022-06-30 23:35:12 - [TEST_STEP][PASSED] - click(findTestObject(path_VT + "a_Create")): Object: 'Object Repository/AdminSuiteBootstrap_Pages/VT_Bootstrap/IssueTransactions/a_Create' is clicked on

2022-06-30 23:35:13 - [MESSAGE][PASSED] - Object: 'Object Repository/AdminSuiteBootstrap_Pages/VT_Bootstrap/IssueTransactions/a_Create' is clicked on

2022-06-30 23:35:13 - [TEST_STEP][PASSED] - vspBootstrap.CreateProfilePage.setDataCreateProfile(row, dataFile): vspBootstrap.CreateProfilePage.setDataCreateProfile is PASSED

2022-06-30 23:35:15 - [MESSAGE][PASSED] - Text '22201' is set on object 'Object Repository/AdminSuiteBootstrap_Pages/VSP_Bootstrap/CreateProfile/input_PostalCode'

2022-06-30 23:35:16 - [MESSAGE][PASSED] - Text 'laQewhzjJnk0' is set on object 'Object Repository/AdminSuiteBootstrap_Pages/VSP_Bootstrap/CreateProfile/input_profileName'

2022-06-30 23:35:17 - [MESSAGE][PASSED] - Text '' is set on object 'Object Repository/AdminSuiteBootstrap_Pages/VSP_Bootstrap/CreateProfile/input_CompanyName'

2022-06-30 23:35:18 - [MESSAGE][PASSED] - All options with label '' are selected in object 'Object Repository/AdminSuiteBootstrap_Pages/VSP_Bootstrap/CreateProfile/select_Title'  using regular expression

2022-06-30 23:35:18 - [MESSAGE][PASSED] - Text '' is set on object 'Object Repository/AdminSuiteBootstrap_Pages/VSP_Bootstrap/CreateProfile/input_FirstName'

2022-06-30 23:35:19 - [MESSAGE][PASSED] - Text '' is set on object 'Object Repository/AdminSuiteBootstrap_Pages/VSP_Bootstrap/CreateProfile/input_MiddleName'

2022-06-30 23:35:19 - [MESSAGE][PASSED] - Text '' is set on object 'Object Repository/AdminSuiteBootstrap_Pages/VSP_Bootstrap/CreateProfile/input_LastName'

2022-06-30 23:35:20 - [MESSAGE][PASSED] - All options with label '' are selected in object 'Object Repository/AdminSuiteBootstrap_Pages/VSP_Bootstrap/CreateProfile/select_Suffix'  using regular expression

2022-06-30 23:35:21 - [MESSAGE][PASSED] - Text '15 Toledo Road' is set on object 'Object Repository/AdminSuiteBootstrap_Pages/VSP_Bootstrap/CreateProfile/input_address1'

2022-06-30 23:35:22 - [MESSAGE][PASSED] - Text '' is set on object 'Object Repository/AdminSuiteBootstrap_Pages/VSP_Bootstrap/CreateProfile/input_AddressLine2'

2022-06-30 23:35:22 - [MESSAGE][PASSED] - Text '' is set on object 'Object Repository/AdminSuiteBootstrap_Pages/VSP_Bootstrap/CreateProfile/input_PostalCodeExt'

2022-06-30 23:35:23 - [MESSAGE][PASSED] - Text '' is set on object 'Object Repository/AdminSuiteBootstrap_Pages/VSP_Bootstrap/CreateProfile/input_EmaiAddress'

2022-06-30 23:35:23 - [MESSAGE][PASSED] - Text '' is set on object 'Object Repository/AdminSuiteBootstrap_Pages/VSP_Bootstrap/CreateProfile/input_HomePhoneNumber_HomeAreaCode'

2022-06-30 23:35:24 - [MESSAGE][PASSED] - Text '' is set on object 'Object Repository/AdminSuiteBootstrap_Pages/VSP_Bootstrap/CreateProfile/input_homePrefixNumber'

2022-06-30 23:35:25 - [MESSAGE][PASSED] - Text '' is set on object 'Object Repository/AdminSuiteBootstrap_Pages/VSP_Bootstrap/CreateProfile/input_homeSuffixNumber'

2022-06-30 23:35:25 - [MESSAGE][PASSED] - Text '' is set on object 'Object Repository/AdminSuiteBootstrap_Pages/VSP_Bootstrap/CreateProfile/input_MobilePhoneNumber_mobileAreaCode'

2022-06-30 23:35:26 - [MESSAGE][PASSED] - Text '' is set on object 'Object Repository/AdminSuiteBootstrap_Pages/VSP_Bootstrap/CreateProfile/input_mobilePrefixNumber'

2022-06-30 23:35:27 - [MESSAGE][PASSED] - Text '' is set on object 'Object Repository/AdminSuiteBootstrap_Pages/VSP_Bootstrap/CreateProfile/input_mobileSuffixNumber'

2022-06-30 23:35:27 - [MESSAGE][PASSED] - Text '' is set on object 'Object Repository/AdminSuiteBootstrap_Pages/VSP_Bootstrap/CreateProfile/input_WorkPhoneNumber_workAreaCode'

2022-06-30 23:35:28 - [MESSAGE][PASSED] - Text '' is set on object 'Object Repository/AdminSuiteBootstrap_Pages/VSP_Bootstrap/CreateProfile/input_workPrefixNumber'

2022-06-30 23:35:29 - [MESSAGE][PASSED] - Text '' is set on object 'Object Repository/AdminSuiteBootstrap_Pages/VSP_Bootstrap/CreateProfile/input_workSuffixNumber'

2022-06-30 23:35:29 - [MESSAGE][PASSED] - Text '' is set on object 'Object Repository/AdminSuiteBootstrap_Pages/VSP_Bootstrap/CreateProfile/input_Ext_workExtension'

2022-06-30 23:35:30 - [MESSAGE][PASSED] - Text '' is set on object 'Object Repository/AdminSuiteBootstrap_Pages/VSP_Bootstrap/CreateProfile/textarea_NotesComments_note'

2022-06-30 23:35:33 - [MESSAGE][PASSED] - Object: 'Object Repository/AdminSuiteBootstrap_Pages/VSP_Bootstrap/CreateProfile/button_Save' is clicked on

2022-06-30 23:35:33 - [MESSAGE][PASSED] - vspBootstrap.CreateProfilePage.setDataCreateProfile is PASSED

2022-06-30 23:35:33 - [TEST_STEP][PASSED] - verifyTextPresent("Profile successfully created", true): Text 'Profile successfully created' is present on page  using regular expression

2022-06-30 23:35:33 - [MESSAGE][PASSED] - Text 'Profile successfully created' is present on page  using regular expression

2022-06-30 23:35:33 - [TEST_STEP][PASSED] - profileName = ProfileName: null

2022-06-30 23:35:33 - [TEST_STEP][PASSED] - println("profileName : " + profileName): null

2022-06-30 23:35:33 - [TEST_STEP][PASSED] - click(findTestObject(path_ViewProfile + "a_Return to Main Menu")): Object: 'Object Repository/AdminSuiteBootstrap_Pages/VSP_Bootstrap/View Profile/a_Return to Main Menu' is clicked on

2022-06-30 23:35:35 - [MESSAGE][PASSED] - Object: 'Object Repository/AdminSuiteBootstrap_Pages/VSP_Bootstrap/View Profile/a_Return to Main Menu' is clicked on

2022-06-30 23:35:35 - [TEST_STEP][PASSED] - click(findTestObject(path_VT + "a_Find Profile")): Object: 'Object Repository/AdminSuiteBootstrap_Pages/VT_Bootstrap/IssueTransactions/a_Find Profile' is clicked on

2022-06-30 23:35:36 - [MESSAGE][PASSED] - Object: 'Object Repository/AdminSuiteBootstrap_Pages/VT_Bootstrap/IssueTransactions/a_Find Profile' is clicked on

2022-06-30 23:35:36 - [TEST_STEP][PASSED] - setText(findTestObject(path_SearchProfile + "input_Criteria"), profileName): Text 'laQewhzjJnk0' is set on object 'Object Repository/AdminSuiteBootstrap_Pages/VSP_Bootstrap/SearchProfile/input_Criteria'

2022-06-30 23:35:37 - [MESSAGE][PASSED] - Text 'laQewhzjJnk0' is set on object 'Object Repository/AdminSuiteBootstrap_Pages/VSP_Bootstrap/SearchProfile/input_Criteria'

2022-06-30 23:35:37 - [TEST_STEP][PASSED] - click(findTestObject(path_SearchProfile + "button_Search")): Object: 'Object Repository/AdminSuiteBootstrap_Pages/VSP_Bootstrap/SearchProfile/button_Search' is clicked on

2022-06-30 23:35:39 - [MESSAGE][PASSED] - Object: 'Object Repository/AdminSuiteBootstrap_Pages/VSP_Bootstrap/SearchProfile/button_Search' is clicked on

2022-06-30 23:35:39 - [TEST_STEP][PASSED] - click(findTestObject(path_ViewProfilePre + "a_View")): Object: 'Object Repository/AdminSuiteBootstrap_Pages/VSP_Bootstrap/ViewProfilePre/a_View' is clicked on

2022-06-30 23:35:42 - [MESSAGE][PASSED] - Object: 'Object Repository/AdminSuiteBootstrap_Pages/VSP_Bootstrap/ViewProfilePre/a_View' is clicked on

2022-06-30 23:35:42 - [TEST_STEP][PASSED] - click(findTestObject(path_ViewProfilePre + "button_Add Credit Card")): Object: 'Object Repository/AdminSuiteBootstrap_Pages/VSP_Bootstrap/ViewProfilePre/button_Add Credit Card' is clicked on

2022-06-30 23:35:43 - [MESSAGE][PASSED] - Object: 'Object Repository/AdminSuiteBootstrap_Pages/VSP_Bootstrap/ViewProfilePre/button_Add Credit Card' is clicked on

2022-06-30 23:35:43 - [TEST_STEP][PASSED] - vspBootstrap.AddCreditCardPage.setDataCreditCardNotPre(row, dataFile): vspBootstrap.AddCreditCardPage.setDataCreditCardNotPre is PASSED

2022-06-30 23:35:45 - [MESSAGE][PASSED] - Text '21093' is set on object 'Object Repository/AdminSuiteBootstrap_Pages/VSP_Bootstrap/AddCreditCard/input_postalCode'

2022-06-30 23:35:46 - [MESSAGE][PASSED] - All options with label '' are selected in object 'Object Repository/AdminSuiteBootstrap_Pages/VSP_Bootstrap/AddCreditCard/select_Title'  using regular expression

2022-06-30 23:35:47 - [MESSAGE][PASSED] - Text 'Brandon' is set on object 'Object Repository/AdminSuiteBootstrap_Pages/VSP_Bootstrap/AddCreditCard/input_firstName'

2022-06-30 23:35:47 - [MESSAGE][PASSED] - Text '' is set on object 'Object Repository/AdminSuiteBootstrap_Pages/VSP_Bootstrap/AddCreditCard/input_MiddleName'

2022-06-30 23:35:48 - [MESSAGE][PASSED] - Text 'McCulumm' is set on object 'Object Repository/AdminSuiteBootstrap_Pages/VSP_Bootstrap/AddCreditCard/input_lastName'

2022-06-30 23:35:49 - [MESSAGE][PASSED] - All options with label '' are selected in object 'Object Repository/AdminSuiteBootstrap_Pages/VSP_Bootstrap/AddCreditCard/select_Suffix'  using regular expression

2022-06-30 23:35:50 - [MESSAGE][PASSED] - Text 'Brandon Amex' is set on object 'Object Repository/AdminSuiteBootstrap_Pages/VSP_Bootstrap/AddCreditCard/input_nickName'

2022-06-30 23:35:50 - [MESSAGE][PASSED] - Text '371449635392376' is set on object 'Object Repository/AdminSuiteBootstrap_Pages/VSP_Bootstrap/AddCreditCard/input_cardNumber'

2022-06-30 23:35:51 - [MESSAGE][PASSED] - All options with label '1 - JAN' are selected in object 'Object Repository/AdminSuiteBootstrap_Pages/VSP_Bootstrap/AddCreditCard/select_ExpMonth'  using regular expression

2022-06-30 23:35:53 - [MESSAGE][PASSED] - All options with label '2028' are selected in object 'Object Repository/AdminSuiteBootstrap_Pages/VSP_Bootstrap/AddCreditCard/select_ExpYear'  using regular expression

2022-06-30 23:35:53 - [MESSAGE][PASSED] - Text '2225 Kendsha road' is set on object 'Object Repository/AdminSuiteBootstrap_Pages/VSP_Bootstrap/AddCreditCard/input_address1'

2022-06-30 23:35:54 - [MESSAGE][PASSED] - Text '' is set on object 'Object Repository/AdminSuiteBootstrap_Pages/VSP_Bootstrap/AddCreditCard/input_AddressLine2'

2022-06-30 23:35:55 - [MESSAGE][PASSED] - Text '' is set on object 'Object Repository/AdminSuiteBootstrap_Pages/VSP_Bootstrap/AddCreditCard/input_postalCodeExtension'

2022-06-30 23:35:58 - [MESSAGE][PASSED] - Object: 'Object Repository/AdminSuiteBootstrap_Pages/VSP_Bootstrap/AddCreditCard/button_Create' is clicked on

2022-06-30 23:35:58 - [MESSAGE][PASSED] - vspBootstrap.AddCreditCardPage.setDataCreditCardNotPre is PASSED

2022-06-30 23:35:58 - [TEST_STEP][PASSED] - verifyTextPresent("Payment Method Created", true): Text 'Payment Method Created' is present on page  using regular expression

2022-06-30 23:35:58 - [MESSAGE][PASSED] - Text 'Payment Method Created' is present on page  using regular expression

2022-06-30 23:35:58 - [TEST_STEP][PASSED] - verifyTextPresent("Payment method creation successful", true): Text 'Payment method creation successful' is present on page  using regular expression

2022-06-30 23:35:59 - [MESSAGE][PASSED] - Text 'Payment method creation successful' is present on page  using regular expression

2022-06-30 23:35:59 - [TEST_STEP][PASSED] - verifyElementVisible(findTestObject(path_ViewProfile + "a_nickNameCC")): Object 'Object Repository/AdminSuiteBootstrap_Pages/VSP_Bootstrap/View Profile/a_nickNameCC' is visible

2022-06-30 23:35:59 - [MESSAGE][PASSED] - Object 'Object Repository/AdminSuiteBootstrap_Pages/VSP_Bootstrap/View Profile/a_nickNameCC' is visible

2022-06-30 23:35:59 - [TEST_STEP][PASSED] - verifyElementPresent(findTestObject(path_ViewProfile + "a_nickNameCC"), 30): Object 'Object Repository/AdminSuiteBootstrap_Pages/VSP_Bootstrap/View Profile/a_nickNameCC' is present

2022-06-30 23:35:59 - [MESSAGE][PASSED] - Object 'Object Repository/AdminSuiteBootstrap_Pages/VSP_Bootstrap/View Profile/a_nickNameCC' is present

2022-06-30 23:35:59 - [TEST_STEP][PASSED] - click(findTestObject(path_ViewProfile + "a_nickNameCC")): Object: 'Object Repository/AdminSuiteBootstrap_Pages/VSP_Bootstrap/View Profile/a_nickNameCC' is clicked on

2022-06-30 23:36:02 - [MESSAGE][PASSED] - Object: 'Object Repository/AdminSuiteBootstrap_Pages/VSP_Bootstrap/View Profile/a_nickNameCC' is clicked on

2022-06-30 23:36:02 - [TEST_STEP][PASSED] - verifyTextPresent("Credit Card Billing Information", true): Text 'Credit Card Billing Information' is present on page  using regular expression

2022-06-30 23:36:02 - [MESSAGE][PASSED] - Text 'Credit Card Billing Information' is present on page  using regular expression

2022-06-30 23:36:02 - [TEST_STEP][PASSED] - nickName = findTestData(dataFile).getValue("NickNameCC", row): null

2022-06-30 23:36:02 - [TEST_STEP][PASSED] - verifyTextPresent(nickName, true): Text 'Brandon Amex' is present on page  using regular expression

2022-06-30 23:36:03 - [MESSAGE][PASSED] - Text 'Brandon Amex' is present on page  using regular expression

2022-06-30 23:36:03 - [TEST_STEP][PASSED] - click(findTestObject(path_ViewProfile + "a_Delete Credit Card")): Object: 'Object Repository/AdminSuiteBootstrap_Pages/VSP_Bootstrap/View Profile/a_Delete Credit Card' is clicked on

2022-06-30 23:36:05 - [MESSAGE][PASSED] - Object: 'Object Repository/AdminSuiteBootstrap_Pages/VSP_Bootstrap/View Profile/a_Delete Credit Card' is clicked on

2022-06-30 23:36:05 - [TEST_STEP][PASSED] - verifyTextPresent("Delete Credit Card Confirmation", true): Text 'Delete Credit Card Confirmation' is present on page  using regular expression

2022-06-30 23:36:06 - [MESSAGE][PASSED] - Text 'Delete Credit Card Confirmation' is present on page  using regular expression

2022-06-30 23:36:06 - [TEST_STEP][PASSED] - verifyTextPresent("This will delete the credit card account. Are you sure you want to do this?", true): Text 'This will delete the credit card account. Are you sure you want to do this?' is present on page  using regular expression

2022-06-30 23:36:06 - [MESSAGE][PASSED] - Text 'This will delete the credit card account. Are you sure you want to do this?' is present on page  using regular expression

2022-06-30 23:36:06 - [TEST_STEP][PASSED] - click(findTestObject(path_ViewProfile + "button_DeleteCCConfirm")): Object: 'Object Repository/AdminSuiteBootstrap_Pages/VSP_Bootstrap/View Profile/button_DeleteCCConfirm' is clicked on

2022-06-30 23:36:09 - [MESSAGE][PASSED] - Object: 'Object Repository/AdminSuiteBootstrap_Pages/VSP_Bootstrap/View Profile/button_DeleteCCConfirm' is clicked on

2022-06-30 23:36:09 - [TEST_STEP][PASSED] - verifyTextPresent("Payment Method Deletion", true): Text 'Payment Method Deletion' is present on page  using regular expression

2022-06-30 23:36:10 - [MESSAGE][PASSED] - Text 'Payment Method Deletion' is present on page  using regular expression

2022-06-30 23:36:10 - [TEST_STEP][PASSED] - verifyTextPresent("Payment method was successfully deleted.", true): Text 'Payment method was successfully deleted.' is present on page  using regular expression

2022-06-30 23:36:10 - [MESSAGE][PASSED] - Text 'Payment method was successfully deleted.' is present on page  using regular expression

2022-06-30 23:36:10 - [TEST_STEP][PASSED] - click(findTestObject(path_ViewProfile + "a_Delete Profile")): Object: 'Object Repository/AdminSuiteBootstrap_Pages/VSP_Bootstrap/View Profile/a_Delete Profile' is clicked on

2022-06-30 23:36:12 - [MESSAGE][PASSED] - Object: 'Object Repository/AdminSuiteBootstrap_Pages/VSP_Bootstrap/View Profile/a_Delete Profile' is clicked on

2022-06-30 23:36:12 - [TEST_STEP][PASSED] - verifyTextPresent("This will delete all of the following information. Are you sure you want to do this?", true): Text 'This will delete all of the following information. Are you sure you want to do this?' is present on page  using regular expression

2022-06-30 23:36:12 - [MESSAGE][PASSED] - Text 'This will delete all of the following information. Are you sure you want to do this?' is present on page  using regular expression

2022-06-30 23:36:12 - [TEST_STEP][PASSED] - click(findTestObject(path_DeleteProfileConfirm + "button_Delete")): Object: 'Object Repository/AdminSuiteBootstrap_Pages/VSP_Bootstrap/DeleteProfileConfirm/button_Delete' is clicked on

2022-06-30 23:36:15 - [MESSAGE][PASSED] - Object: 'Object Repository/AdminSuiteBootstrap_Pages/VSP_Bootstrap/DeleteProfileConfirm/button_Delete' is clicked on

2022-06-30 23:36:15 - [TEST_STEP][PASSED] - verifyTextPresent("There were no results from your search", true): Text 'There were no results from your search' is present on page  using regular expression

2022-06-30 23:36:15 - [MESSAGE][PASSED] - Text 'There were no results from your search' is present on page  using regular expression

2022-06-30 23:36:15 - [TEST_STEP][PASSED] - closeBrowser(): Browser is closed

2022-06-30 23:36:16 - [MESSAGE][PASSED] - Browser is closed]]></system-out>
         <system-err><![CDATA[]]></system-err>
      </testcase>
      <testcase name="Test Cases/Admin Suite Bootstrap/VSP_Profile_TestCases/CreateModifyDeleteProfile_Generic_TC" time="59.01" classname="Test Cases/Admin Suite Bootstrap/VSP_Profile_TestCases/CreateModifyDeleteProfile_Generic_TC" status="PASSED">
         <system-out><![CDATA[2022-06-30 23:36:16 - [TEST_CASE][PASSED] - Test Cases/Admin Suite Bootstrap/VSP_Profile_TestCases/CreateModifyDeleteProfile_Generic_TC: Test Cases/Admin Suite Bootstrap/VSP_Profile_TestCases/CreateModifyDeleteProfile_Generic_TC

2022-06-30 23:36:17 - [TEST_STEP][PASSED] - path_Dashboard = "Object Repository/AdminSuiteBootstrap_Pages/Dashboard_Bootstrap/": null

2022-06-30 23:36:17 - [TEST_STEP][PASSED] - path_VT = "Object Repository/AdminSuiteBootstrap_Pages/VT_Bootstrap/IssueTransactions/": null

2022-06-30 23:36:17 - [TEST_STEP][PASSED] - path_CreateProfile = "Object Repository/AdminSuiteBootstrap_Pages/VSP_Bootstrap/CreateProfile/": null

2022-06-30 23:36:17 - [TEST_STEP][PASSED] - path_AddAccount = "Object Repository/AdminSuiteBootstrap_Pages/VSP_Bootstrap/AddAccount/": null

2022-06-30 23:36:17 - [TEST_STEP][PASSED] - path_Add_ACH = "Object Repository/AdminSuiteBootstrap_Pages/VSP_Bootstrap/AddACH/": null

2022-06-30 23:36:17 - [TEST_STEP][PASSED] - path_Add_CC = "Object Repository/AdminSuiteBootstrap_Pages/VSP_Bootstrap/AddCreditCard/": null

2022-06-30 23:36:17 - [TEST_STEP][PASSED] - path_App_Plan = "Object Repository/AdminSuiteBootstrap_Pages/VSP_Bootstrap/AddPaymentPlan/": null

2022-06-30 23:36:17 - [TEST_STEP][PASSED] - path_DeleteProfile = "Object Repository/AdminSuiteBootstrap_Pages/VSP_Bootstrap/DeleteProfile/": null

2022-06-30 23:36:17 - [TEST_STEP][PASSED] - path_ModifyProfile = "Object Repository/AdminSuiteBootstrap_Pages/VSP_Bootstrap/ModifyProfile/": null

2022-06-30 23:36:17 - [TEST_STEP][PASSED] - path_ViewProfile = "Object Repository/AdminSuiteBootstrap_Pages/VSP_Bootstrap/View Profile/": null

2022-06-30 23:36:17 - [TEST_STEP][PASSED] - path_VSPAuth = "Object Repository/AdminSuiteBootstrap_Pages/VSP_Bootstrap/VSP_Auth/": null

2022-06-30 23:36:17 - [TEST_STEP][PASSED] - path_VSPAuthCap = "Object Repository/AdminSuiteBootstrap_Pages/VSP_Bootstrap/VSP_Authcap/": null

2022-06-30 23:36:17 - [TEST_STEP][PASSED] - path_Debit = "Object Repository/AdminSuiteBootstrap_Pages/VSP_Bootstrap/VSP_Debit/": null

2022-06-30 23:36:17 - [TEST_STEP][PASSED] - path_DeleteProfileConfirm = "Object Repository/AdminSuiteBootstrap_Pages/VSP_Bootstrap/DeleteProfileConfirm/": null

2022-06-30 23:36:17 - [TEST_STEP][PASSED] - executionProfile = getExecutionProfile(): null

2022-06-30 23:36:17 - [TEST_STEP][PASSED] - out.println("executionProfile : " + executionProfile): null

2022-06-30 23:36:17 - [TEST_STEP][PASSED] - appName = <not implemented yet for class: org.codehaus.groovy.ast.expr.EmptyExpression>: null

2022-06-30 23:36:17 - [TEST_STEP][PASSED] - appID = <not implemented yet for class: org.codehaus.groovy.ast.expr.EmptyExpression>: null

2022-06-30 23:36:17 - [TEST_STEP][PASSED] - cardNameV = <not implemented yet for class: org.codehaus.groovy.ast.expr.EmptyExpression>: null

2022-06-30 23:36:17 - [TEST_STEP][PASSED] - al1V = <not implemented yet for class: org.codehaus.groovy.ast.expr.EmptyExpression>: null

2022-06-30 23:36:17 - [TEST_STEP][PASSED] - al2V = <not implemented yet for class: org.codehaus.groovy.ast.expr.EmptyExpression>: null

2022-06-30 23:36:17 - [TEST_STEP][PASSED] - zipV = <not implemented yet for class: org.codehaus.groovy.ast.expr.EmptyExpression>: null

2022-06-30 23:36:17 - [TEST_STEP][PASSED] - cardTypeV = <not implemented yet for class: org.codehaus.groovy.ast.expr.EmptyExpression>: null

2022-06-30 23:36:17 - [TEST_STEP][PASSED] - last4V = <not implemented yet for class: org.codehaus.groovy.ast.expr.EmptyExpression>: null

2022-06-30 23:36:17 - [TEST_STEP][PASSED] - nameSheet = "CreateModifyDeleteProfile": null

2022-06-30 23:36:17 - [TEST_STEP][PASSED] - numOfRows = findTestData("QA/Bootstrap/VSP-Profile-TestData/CreateModifyDeleteProfile").getRowNumbers(): null

2022-06-30 23:36:17 - [TEST_STEP][PASSED] - println("Number of Records: " + numOfRows): null

2022-06-30 23:36:17 - [TEST_STEP][PASSED] - dataFile = "QA/Bootstrap/VSP-Profile-TestData/CreateModifyDeleteProfile": null

2022-06-30 23:36:17 - [TEST_STEP][PASSED] - for ([row = 1, row <= numOfRows, (row++)]): Browser is closed

2022-06-30 23:36:17 - [TEST_STEP][PASSED] - ExecuteTC = findTestData(dataFile).getValue("Execute", row): null

2022-06-30 23:36:17 - [TEST_STEP][PASSED] - out.println("Value of Execute is : " + ExecuteTC): null

2022-06-30 23:36:17 - [TEST_STEP][PASSED] - switch (executionProfile): null

2022-06-30 23:36:17 - [TEST_STEP][PASSED] - case "QAProfile":: null

2022-06-30 23:36:17 - [TEST_STEP][PASSED] - appName = findTestData(dataFile).getValue("AppNameQA", row): null

2022-06-30 23:36:17 - [TEST_STEP][PASSED] - appID = findTestData(dataFile).getValue("AppIDQA", row): null

2022-06-30 23:36:17 - [TEST_STEP][PASSED] - break: null

2022-06-30 23:36:17 - [TEST_STEP][PASSED] - if (ExecuteTC.equalsIgnoreCase("Y")): Browser is closed

2022-06-30 23:36:17 - [TEST_STEP][PASSED] - out.println("Begin Record Number: " + row): null

2022-06-30 23:36:17 - [TEST_STEP][PASSED] - today = new java.util.Date(): null

2022-06-30 23:36:17 - [TEST_STEP][PASSED] - println(today): null

2022-06-30 23:36:17 - [TEST_STEP][PASSED] - datText = today: null

2022-06-30 23:36:17 - [TEST_STEP][PASSED] - adminSuiteBootstrap.loginFunctionality.login_AdminSuite(): adminSuiteBootstrap.loginFunctionality.login_AdminSuite is PASSED

2022-06-30 23:36:17 - [MESSAGE][INFO] - Starting 'Chrome' driver

2022-06-30 23:36:17 - [MESSAGE][INFO] - User set preference: ['acceptInsecureCerts', 'true']

2022-06-30 23:36:17 - [MESSAGE][INFO] - Action delay is set to 0 milliseconds

2022-06-30 23:36:20 - [MESSAGE][PASSED] - Browser is opened with url: 'https://qa.velocitypayment.com/admin/imtiaz'

2022-06-30 23:36:21 - [MESSAGE][PASSED] - Current window maximized

2022-06-30 23:36:21 - [MESSAGE][PASSED] - Object 'Object Repository/Login_Page/Login_Username' is present

2022-06-30 23:36:22 - [MESSAGE][PASSED] - Text 'iahmed' is set on object 'Object Repository/Login_Page/Login_Username'

2022-06-30 23:36:22 - [MESSAGE][PASSED] - Text 'hello2222' is set on object 'Object Repository/Login_Page/Login_Password'

2022-06-30 23:36:27 - [MESSAGE][PASSED] - Object: 'Object Repository/Login_Page/Login_Submit' is clicked on

2022-06-30 23:36:27 - [MESSAGE][PASSED] - adminSuiteBootstrap.loginFunctionality.login_AdminSuite is PASSED

2022-06-30 23:36:27 - [TEST_STEP][PASSED] - click(findTestObject(path_Dashboard + appName)): Object: 'Object Repository/AdminSuiteBootstrap_Pages/Dashboard_Bootstrap/a_Access AutoNoCFtp' is clicked on

2022-06-30 23:36:28 - [MESSAGE][PASSED] - Object: 'Object Repository/AdminSuiteBootstrap_Pages/Dashboard_Bootstrap/a_Access AutoNoCFtp' is clicked on

2022-06-30 23:36:28 - [TEST_STEP][PASSED] - click(findTestObject(path_VT + "a_Create")): Object: 'Object Repository/AdminSuiteBootstrap_Pages/VT_Bootstrap/IssueTransactions/a_Create' is clicked on

2022-06-30 23:36:30 - [MESSAGE][PASSED] - Object: 'Object Repository/AdminSuiteBootstrap_Pages/VT_Bootstrap/IssueTransactions/a_Create' is clicked on

2022-06-30 23:36:30 - [TEST_STEP][PASSED] - vspBootstrap.CreateProfilePage.setDataCreateProfile(row, dataFile): vspBootstrap.CreateProfilePage.setDataCreateProfile is PASSED

2022-06-30 23:36:32 - [MESSAGE][PASSED] - Text '21054' is set on object 'Object Repository/AdminSuiteBootstrap_Pages/VSP_Bootstrap/CreateProfile/input_PostalCode'

2022-06-30 23:36:33 - [MESSAGE][PASSED] - Text 'GSHaD9lSiCT7' is set on object 'Object Repository/AdminSuiteBootstrap_Pages/VSP_Bootstrap/CreateProfile/input_profileName'

2022-06-30 23:36:33 - [MESSAGE][PASSED] - Text 'Quick Company' is set on object 'Object Repository/AdminSuiteBootstrap_Pages/VSP_Bootstrap/CreateProfile/input_CompanyName'

2022-06-30 23:36:34 - [MESSAGE][PASSED] - All options with label 'Mr.' are selected in object 'Object Repository/AdminSuiteBootstrap_Pages/VSP_Bootstrap/CreateProfile/select_Title'  using regular expression

2022-06-30 23:36:35 - [MESSAGE][PASSED] - Text 'Lewinsky' is set on object 'Object Repository/AdminSuiteBootstrap_Pages/VSP_Bootstrap/CreateProfile/input_FirstName'

2022-06-30 23:36:35 - [MESSAGE][PASSED] - Text 'A' is set on object 'Object Repository/AdminSuiteBootstrap_Pages/VSP_Bootstrap/CreateProfile/input_MiddleName'

2022-06-30 23:36:36 - [MESSAGE][PASSED] - Text 'Garama' is set on object 'Object Repository/AdminSuiteBootstrap_Pages/VSP_Bootstrap/CreateProfile/input_LastName'

2022-06-30 23:36:37 - [MESSAGE][PASSED] - All options with label 'Sr.' are selected in object 'Object Repository/AdminSuiteBootstrap_Pages/VSP_Bootstrap/CreateProfile/select_Suffix'  using regular expression

2022-06-30 23:36:38 - [MESSAGE][PASSED] - Text '256987 Nolm Ct' is set on object 'Object Repository/AdminSuiteBootstrap_Pages/VSP_Bootstrap/CreateProfile/input_address1'

2022-06-30 23:36:38 - [MESSAGE][PASSED] - Text 'Suite 678' is set on object 'Object Repository/AdminSuiteBootstrap_Pages/VSP_Bootstrap/CreateProfile/input_AddressLine2'

2022-06-30 23:36:39 - [MESSAGE][PASSED] - Text '1234' is set on object 'Object Repository/AdminSuiteBootstrap_Pages/VSP_Bootstrap/CreateProfile/input_PostalCodeExt'

2022-06-30 23:36:40 - [MESSAGE][PASSED] - Text 'iahmed@govolution.com' is set on object 'Object Repository/AdminSuiteBootstrap_Pages/VSP_Bootstrap/CreateProfile/input_EmaiAddress'

2022-06-30 23:36:40 - [MESSAGE][PASSED] - Text '240' is set on object 'Object Repository/AdminSuiteBootstrap_Pages/VSP_Bootstrap/CreateProfile/input_HomePhoneNumber_HomeAreaCode'

2022-06-30 23:36:41 - [MESSAGE][PASSED] - Text '628' is set on object 'Object Repository/AdminSuiteBootstrap_Pages/VSP_Bootstrap/CreateProfile/input_homePrefixNumber'

2022-06-30 23:36:42 - [MESSAGE][PASSED] - Text '0790' is set on object 'Object Repository/AdminSuiteBootstrap_Pages/VSP_Bootstrap/CreateProfile/input_homeSuffixNumber'

2022-06-30 23:36:42 - [MESSAGE][PASSED] - Text '240' is set on object 'Object Repository/AdminSuiteBootstrap_Pages/VSP_Bootstrap/CreateProfile/input_MobilePhoneNumber_mobileAreaCode'

2022-06-30 23:36:43 - [MESSAGE][PASSED] - Text '628' is set on object 'Object Repository/AdminSuiteBootstrap_Pages/VSP_Bootstrap/CreateProfile/input_mobilePrefixNumber'

2022-06-30 23:36:44 - [MESSAGE][PASSED] - Text '0791' is set on object 'Object Repository/AdminSuiteBootstrap_Pages/VSP_Bootstrap/CreateProfile/input_mobileSuffixNumber'

2022-06-30 23:36:44 - [MESSAGE][PASSED] - Text '410' is set on object 'Object Repository/AdminSuiteBootstrap_Pages/VSP_Bootstrap/CreateProfile/input_WorkPhoneNumber_workAreaCode'

2022-06-30 23:36:45 - [MESSAGE][PASSED] - Text '628' is set on object 'Object Repository/AdminSuiteBootstrap_Pages/VSP_Bootstrap/CreateProfile/input_workPrefixNumber'

2022-06-30 23:36:46 - [MESSAGE][PASSED] - Text '0792' is set on object 'Object Repository/AdminSuiteBootstrap_Pages/VSP_Bootstrap/CreateProfile/input_workSuffixNumber'

2022-06-30 23:36:46 - [MESSAGE][PASSED] - Text '123' is set on object 'Object Repository/AdminSuiteBootstrap_Pages/VSP_Bootstrap/CreateProfile/input_Ext_workExtension'

2022-06-30 23:36:47 - [MESSAGE][PASSED] - Text 'This Profile will be modified and deleted' is set on object 'Object Repository/AdminSuiteBootstrap_Pages/VSP_Bootstrap/CreateProfile/textarea_NotesComments_note'

2022-06-30 23:36:50 - [MESSAGE][PASSED] - Object: 'Object Repository/AdminSuiteBootstrap_Pages/VSP_Bootstrap/CreateProfile/button_Save' is clicked on

2022-06-30 23:36:50 - [MESSAGE][PASSED] - vspBootstrap.CreateProfilePage.setDataCreateProfile is PASSED

2022-06-30 23:36:50 - [TEST_STEP][PASSED] - verifyTextPresent("Profile successfully created", true): Text 'Profile successfully created' is present on page  using regular expression

2022-06-30 23:36:50 - [MESSAGE][PASSED] - Text 'Profile successfully created' is present on page  using regular expression

2022-06-30 23:36:50 - [TEST_STEP][PASSED] - click(findTestObject(path_ViewProfile + "a_Modify Profile")): Object: 'Object Repository/AdminSuiteBootstrap_Pages/VSP_Bootstrap/View Profile/a_Modify Profile' is clicked on

2022-06-30 23:36:52 - [MESSAGE][PASSED] - Object: 'Object Repository/AdminSuiteBootstrap_Pages/VSP_Bootstrap/View Profile/a_Modify Profile' is clicked on

2022-06-30 23:36:52 - [TEST_STEP][PASSED] - vspBootstrap.ModifyProfilePage.setDataModifyProfile(row, dataFile): vspBootstrap.ModifyProfilePage.setDataModifyProfile is PASSED

2022-06-30 23:36:54 - [MESSAGE][PASSED] - Text '22201' is set on object 'Object Repository/AdminSuiteBootstrap_Pages/VSP_Bootstrap/ModifyProfile/input_postalCode'

2022-06-30 23:36:55 - [MESSAGE][PASSED] - Text 'ProfileNameModified' is set on object 'Object Repository/AdminSuiteBootstrap_Pages/VSP_Bootstrap/ModifyProfile/input_profileName'

2022-06-30 23:36:56 - [MESSAGE][PASSED] - Text 'CompaneNameModified' is set on object 'Object Repository/AdminSuiteBootstrap_Pages/VSP_Bootstrap/ModifyProfile/input_CompanyName'

2022-06-30 23:36:57 - [MESSAGE][PASSED] - All options with label 'Mrs.' are selected in object 'Object Repository/AdminSuiteBootstrap_Pages/VSP_Bootstrap/ModifyProfile/select_Title'  using regular expression

2022-06-30 23:36:57 - [MESSAGE][PASSED] - Text 'Bhaichung' is set on object 'Object Repository/AdminSuiteBootstrap_Pages/VSP_Bootstrap/ModifyProfile/input_FirstName'

2022-06-30 23:36:58 - [MESSAGE][PASSED] - Text 'FG' is set on object 'Object Repository/AdminSuiteBootstrap_Pages/VSP_Bootstrap/ModifyProfile/input_MiddleName'

2022-06-30 23:36:59 - [MESSAGE][PASSED] - Text 'Bhutia' is set on object 'Object Repository/AdminSuiteBootstrap_Pages/VSP_Bootstrap/ModifyProfile/input_LastName'

2022-06-30 23:37:00 - [MESSAGE][PASSED] - All options with label 'Jr.' are selected in object 'Object Repository/AdminSuiteBootstrap_Pages/VSP_Bootstrap/ModifyProfile/select_Suffix'  using regular expression

2022-06-30 23:37:00 - [MESSAGE][PASSED] - Text '47 Sasha ct' is set on object 'Object Repository/AdminSuiteBootstrap_Pages/VSP_Bootstrap/ModifyProfile/input_address1'

2022-06-30 23:37:01 - [MESSAGE][PASSED] - Text 'Room 1' is set on object 'Object Repository/AdminSuiteBootstrap_Pages/VSP_Bootstrap/ModifyProfile/input_AddressLine2'

2022-06-30 23:37:02 - [MESSAGE][PASSED] - Text '2587' is set on object 'Object Repository/AdminSuiteBootstrap_Pages/VSP_Bootstrap/ModifyProfile/input_postalCodeExtension'

2022-06-30 23:37:02 - [MESSAGE][PASSED] - Text 'iahmed2@govolution.com' is set on object 'Object Repository/AdminSuiteBootstrap_Pages/VSP_Bootstrap/ModifyProfile/input_EmailAddress'

2022-06-30 23:37:03 - [MESSAGE][PASSED] - Text '603' is set on object 'Object Repository/AdminSuiteBootstrap_Pages/VSP_Bootstrap/ModifyProfile/input_Home Phone Number_homeAreaCode'

2022-06-30 23:37:04 - [MESSAGE][PASSED] - Text '258' is set on object 'Object Repository/AdminSuiteBootstrap_Pages/VSP_Bootstrap/ModifyProfile/input_homePrefixNumber'

2022-06-30 23:37:04 - [MESSAGE][PASSED] - Text '3697' is set on object 'Object Repository/AdminSuiteBootstrap_Pages/VSP_Bootstrap/ModifyProfile/input_homeSuffixNumber'

2022-06-30 23:37:05 - [MESSAGE][PASSED] - Text 'This Profile has been modified' is set on object 'Object Repository/AdminSuiteBootstrap_Pages/VSP_Bootstrap/ModifyProfile/textarea_NotesComments_note'

2022-06-30 23:37:08 - [MESSAGE][PASSED] - Object: 'Object Repository/AdminSuiteBootstrap_Pages/VSP_Bootstrap/ModifyProfile/button_Modify' is clicked on

2022-06-30 23:37:08 - [MESSAGE][PASSED] - vspBootstrap.ModifyProfilePage.setDataModifyProfile is PASSED

2022-06-30 23:37:08 - [TEST_STEP][PASSED] - verifyTextPresent("Profile Modification", true): Text 'Profile Modification' is present on page  using regular expression

2022-06-30 23:37:08 - [MESSAGE][PASSED] - Text 'Profile Modification' is present on page  using regular expression

2022-06-30 23:37:08 - [TEST_STEP][PASSED] - verifyTextPresent("Profile successfully modified.", true): Text 'Profile successfully modified.' is present on page  using regular expression

2022-06-30 23:37:08 - [MESSAGE][PASSED] - Text 'Profile successfully modified.' is present on page  using regular expression

2022-06-30 23:37:08 - [TEST_STEP][PASSED] - verifyTextPresent("CompaneNameModified", true): Text 'CompaneNameModified' is present on page  using regular expression

2022-06-30 23:37:09 - [MESSAGE][PASSED] - Text 'CompaneNameModified' is present on page  using regular expression

2022-06-30 23:37:09 - [TEST_STEP][PASSED] - verifyTextPresent("Mrs. Bhaichung FG Bhutia Jr.", true): Text 'Mrs. Bhaichung FG Bhutia Jr.' is present on page  using regular expression

2022-06-30 23:37:09 - [MESSAGE][PASSED] - Text 'Mrs. Bhaichung FG Bhutia Jr.' is present on page  using regular expression

2022-06-30 23:37:09 - [TEST_STEP][PASSED] - verifyTextPresent("47 Sasha ct", true): Text '47 Sasha ct' is present on page  using regular expression

2022-06-30 23:37:09 - [MESSAGE][PASSED] - Text '47 Sasha ct' is present on page  using regular expression

2022-06-30 23:37:09 - [TEST_STEP][PASSED] - verifyTextPresent("ARLINGTON ,  VA    22201  - 2587", true): Text 'ARLINGTON ,  VA    22201  - 2587' is present on page  using regular expression

2022-06-30 23:37:10 - [MESSAGE][PASSED] - Text 'ARLINGTON ,  VA    22201  - 2587' is present on page  using regular expression

2022-06-30 23:37:10 - [TEST_STEP][PASSED] - verifyTextPresent("Email: iahmed2@govolution.com", true): Text 'Email: iahmed2@govolution.com' is present on page  using regular expression

2022-06-30 23:37:10 - [MESSAGE][PASSED] - Text 'Email: iahmed2@govolution.com' is present on page  using regular expression

2022-06-30 23:37:10 - [TEST_STEP][PASSED] - verifyTextPresent("258-3697", true): Text '258-3697' is present on page  using regular expression

2022-06-30 23:37:10 - [MESSAGE][PASSED] - Text '258-3697' is present on page  using regular expression

2022-06-30 23:37:10 - [TEST_STEP][PASSED] - verifyTextPresent("Notes/Comments: This Profile has been modified", true): Text 'Notes/Comments: This Profile has been modified' is present on page  using regular expression

2022-06-30 23:37:11 - [MESSAGE][PASSED] - Text 'Notes/Comments: This Profile has been modified' is present on page  using regular expression

2022-06-30 23:37:11 - [TEST_STEP][PASSED] - click(findTestObject(path_ViewProfile + "a_Delete Profile")): Object: 'Object Repository/AdminSuiteBootstrap_Pages/VSP_Bootstrap/View Profile/a_Delete Profile' is clicked on

2022-06-30 23:37:12 - [MESSAGE][PASSED] - Object: 'Object Repository/AdminSuiteBootstrap_Pages/VSP_Bootstrap/View Profile/a_Delete Profile' is clicked on

2022-06-30 23:37:12 - [TEST_STEP][PASSED] - verifyTextPresent("This will delete all of the following information. Are you sure you want to do this?", true): Text 'This will delete all of the following information. Are you sure you want to do this?' is present on page  using regular expression

2022-06-30 23:37:12 - [MESSAGE][PASSED] - Text 'This will delete all of the following information. Are you sure you want to do this?' is present on page  using regular expression

2022-06-30 23:37:12 - [TEST_STEP][PASSED] - click(findTestObject(path_DeleteProfileConfirm + "button_Delete")): Object: 'Object Repository/AdminSuiteBootstrap_Pages/VSP_Bootstrap/DeleteProfileConfirm/button_Delete' is clicked on

2022-06-30 23:37:13 - [MESSAGE][PASSED] - Object: 'Object Repository/AdminSuiteBootstrap_Pages/VSP_Bootstrap/DeleteProfileConfirm/button_Delete' is clicked on

2022-06-30 23:37:13 - [TEST_STEP][PASSED] - verifyTextPresent("No Search String", true): Text 'No Search String' is present on page  using regular expression

2022-06-30 23:37:14 - [MESSAGE][PASSED] - Text 'No Search String' is present on page  using regular expression

2022-06-30 23:37:14 - [TEST_STEP][PASSED] - verifyTextPresent("You must provide a search string of at least 2 characters", true): Text 'You must provide a search string of at least 2 characters' is present on page  using regular expression

2022-06-30 23:37:14 - [MESSAGE][PASSED] - Text 'You must provide a search string of at least 2 characters' is present on page  using regular expression

2022-06-30 23:37:14 - [TEST_STEP][PASSED] - closeBrowser(): Browser is closed

2022-06-30 23:37:15 - [MESSAGE][PASSED] - Browser is closed]]></system-out>
         <system-err><![CDATA[]]></system-err>
      </testcase>
      <testcase name="Test Cases/Admin Suite Bootstrap/VSP_Profile_TestCases/AddModifyDeleteCCPre_Generic_TC" time="58.646" classname="Test Cases/Admin Suite Bootstrap/VSP_Profile_TestCases/AddModifyDeleteCCPre_Generic_TC" status="PASSED">
         <system-out><![CDATA[2022-06-30 23:37:15 - [TEST_CASE][PASSED] - Test Cases/Admin Suite Bootstrap/VSP_Profile_TestCases/AddModifyDeleteCCPre_Generic_TC: Test Cases/Admin Suite Bootstrap/VSP_Profile_TestCases/AddModifyDeleteCCPre_Generic_TC

2022-06-30 23:37:16 - [TEST_STEP][PASSED] - path_Dashboard = "Object Repository/AdminSuiteBootstrap_Pages/Dashboard_Bootstrap/": null

2022-06-30 23:37:16 - [TEST_STEP][PASSED] - path_VT = "Object Repository/AdminSuiteBootstrap_Pages/VT_Bootstrap/IssueTransactions/": null

2022-06-30 23:37:16 - [TEST_STEP][PASSED] - path_CreateProfile = "Object Repository/AdminSuiteBootstrap_Pages/VSP_Bootstrap/CreateProfile/": null

2022-06-30 23:37:16 - [TEST_STEP][PASSED] - path_AddAccount = "Object Repository/AdminSuiteBootstrap_Pages/VSP_Bootstrap/AddAccount/": null

2022-06-30 23:37:16 - [TEST_STEP][PASSED] - path_Add_ACH = "Object Repository/AdminSuiteBootstrap_Pages/VSP_Bootstrap/AddACH/": null

2022-06-30 23:37:16 - [TEST_STEP][PASSED] - path_Add_CC = "Object Repository/AdminSuiteBootstrap_Pages/VSP_Bootstrap/AddCreditCard/": null

2022-06-30 23:37:16 - [TEST_STEP][PASSED] - path_App_Plan = "Object Repository/AdminSuiteBootstrap_Pages/VSP_Bootstrap/AddPaymentPlan/": null

2022-06-30 23:37:16 - [TEST_STEP][PASSED] - path_DeleteProfile = "Object Repository/AdminSuiteBootstrap_Pages/VSP_Bootstrap/DeleteProfile/": null

2022-06-30 23:37:16 - [TEST_STEP][PASSED] - path_ModifyProfile = "Object Repository/AdminSuiteBootstrap_Pages/VSP_Bootstrap/ModifyProfile/": null

2022-06-30 23:37:16 - [TEST_STEP][PASSED] - path_ViewProfile = "Object Repository/AdminSuiteBootstrap_Pages/VSP_Bootstrap/View Profile/": null

2022-06-30 23:37:16 - [TEST_STEP][PASSED] - path_VSPAuth = "Object Repository/AdminSuiteBootstrap_Pages/VSP_Bootstrap/VSP_Auth/": null

2022-06-30 23:37:16 - [TEST_STEP][PASSED] - path_VSPAuthCap = "Object Repository/AdminSuiteBootstrap_Pages/VSP_Bootstrap/VSP_Authcap/": null

2022-06-30 23:37:16 - [TEST_STEP][PASSED] - path_Debit = "Object Repository/AdminSuiteBootstrap_Pages/VSP_Bootstrap/VSP_Debit/": null

2022-06-30 23:37:16 - [TEST_STEP][PASSED] - path_DeleteProfileConfirm = "Object Repository/AdminSuiteBootstrap_Pages/VSP_Bootstrap/DeleteProfileConfirm/": null

2022-06-30 23:37:16 - [TEST_STEP][PASSED] - executionProfile = getExecutionProfile(): null

2022-06-30 23:37:16 - [TEST_STEP][PASSED] - out.println("executionProfile : " + executionProfile): null

2022-06-30 23:37:16 - [TEST_STEP][PASSED] - appName = <not implemented yet for class: org.codehaus.groovy.ast.expr.EmptyExpression>: null

2022-06-30 23:37:16 - [TEST_STEP][PASSED] - appID = <not implemented yet for class: org.codehaus.groovy.ast.expr.EmptyExpression>: null

2022-06-30 23:37:16 - [TEST_STEP][PASSED] - cardNameV = <not implemented yet for class: org.codehaus.groovy.ast.expr.EmptyExpression>: null

2022-06-30 23:37:16 - [TEST_STEP][PASSED] - al1V = <not implemented yet for class: org.codehaus.groovy.ast.expr.EmptyExpression>: null

2022-06-30 23:37:16 - [TEST_STEP][PASSED] - al2V = <not implemented yet for class: org.codehaus.groovy.ast.expr.EmptyExpression>: null

2022-06-30 23:37:16 - [TEST_STEP][PASSED] - zipV = <not implemented yet for class: org.codehaus.groovy.ast.expr.EmptyExpression>: null

2022-06-30 23:37:16 - [TEST_STEP][PASSED] - cardTypeV = <not implemented yet for class: org.codehaus.groovy.ast.expr.EmptyExpression>: null

2022-06-30 23:37:16 - [TEST_STEP][PASSED] - last4V = <not implemented yet for class: org.codehaus.groovy.ast.expr.EmptyExpression>: null

2022-06-30 23:37:16 - [TEST_STEP][PASSED] - nameSheet = "AddModifyDeleteCC": null

2022-06-30 23:37:16 - [TEST_STEP][PASSED] - numOfRows = findTestData("QA/Bootstrap/VSP-Profile-TestData/AddModifyDeleteCC").getRowNumbers(): null

2022-06-30 23:37:16 - [TEST_STEP][PASSED] - println("Number of Records: " + numOfRows): null

2022-06-30 23:37:16 - [TEST_STEP][PASSED] - dataFile = "QA/Bootstrap/VSP-Profile-TestData/AddModifyDeleteCC": null

2022-06-30 23:37:16 - [TEST_STEP][PASSED] - for ([row = 1, row <= numOfRows, (row++)]): Browser is closed

2022-06-30 23:37:16 - [TEST_STEP][PASSED] - ExecuteTC = findTestData(dataFile).getValue("Execute", row): null

2022-06-30 23:37:16 - [TEST_STEP][PASSED] - out.println("Value of Execute is : " + ExecuteTC): null

2022-06-30 23:37:16 - [TEST_STEP][PASSED] - switch (executionProfile): null

2022-06-30 23:37:16 - [TEST_STEP][PASSED] - case "QAProfile":: null

2022-06-30 23:37:16 - [TEST_STEP][PASSED] - appName = findTestData(dataFile).getValue("AppNameQA", row): null

2022-06-30 23:37:16 - [TEST_STEP][PASSED] - appID = findTestData(dataFile).getValue("AppIDQA", row): null

2022-06-30 23:37:16 - [TEST_STEP][PASSED] - break: null

2022-06-30 23:37:16 - [TEST_STEP][PASSED] - if (ExecuteTC.equalsIgnoreCase("Y")): Browser is closed

2022-06-30 23:37:16 - [TEST_STEP][PASSED] - out.println("Begin Record Number: " + row): null

2022-06-30 23:37:16 - [TEST_STEP][PASSED] - today = new java.util.Date(): null

2022-06-30 23:37:16 - [TEST_STEP][PASSED] - println(today): null

2022-06-30 23:37:16 - [TEST_STEP][PASSED] - datText = today: null

2022-06-30 23:37:16 - [TEST_STEP][PASSED] - adminSuiteBootstrap.loginFunctionality.login_AdminSuite(): adminSuiteBootstrap.loginFunctionality.login_AdminSuite is PASSED

2022-06-30 23:37:16 - [MESSAGE][INFO] - Starting 'Chrome' driver

2022-06-30 23:37:16 - [MESSAGE][INFO] - User set preference: ['acceptInsecureCerts', 'true']

2022-06-30 23:37:16 - [MESSAGE][INFO] - Action delay is set to 0 milliseconds

2022-06-30 23:37:19 - [MESSAGE][PASSED] - Browser is opened with url: 'https://qa.velocitypayment.com/admin/imtiaz'

2022-06-30 23:37:19 - [MESSAGE][PASSED] - Current window maximized

2022-06-30 23:37:20 - [MESSAGE][PASSED] - Object 'Object Repository/Login_Page/Login_Username' is present

2022-06-30 23:37:20 - [MESSAGE][PASSED] - Text 'iahmed' is set on object 'Object Repository/Login_Page/Login_Username'

2022-06-30 23:37:21 - [MESSAGE][PASSED] - Text 'hello2222' is set on object 'Object Repository/Login_Page/Login_Password'

2022-06-30 23:37:24 - [MESSAGE][PASSED] - Object: 'Object Repository/Login_Page/Login_Submit' is clicked on

2022-06-30 23:37:24 - [MESSAGE][PASSED] - adminSuiteBootstrap.loginFunctionality.login_AdminSuite is PASSED

2022-06-30 23:37:24 - [TEST_STEP][PASSED] - click(findTestObject(path_Dashboard + appName)): Object: 'Object Repository/AdminSuiteBootstrap_Pages/Dashboard_Bootstrap/a_Access AutoNoCFtp' is clicked on

2022-06-30 23:37:26 - [MESSAGE][PASSED] - Object: 'Object Repository/AdminSuiteBootstrap_Pages/Dashboard_Bootstrap/a_Access AutoNoCFtp' is clicked on

2022-06-30 23:37:26 - [TEST_STEP][PASSED] - click(findTestObject(path_VT + "a_Create")): Object: 'Object Repository/AdminSuiteBootstrap_Pages/VT_Bootstrap/IssueTransactions/a_Create' is clicked on

2022-06-30 23:37:27 - [MESSAGE][PASSED] - Object: 'Object Repository/AdminSuiteBootstrap_Pages/VT_Bootstrap/IssueTransactions/a_Create' is clicked on

2022-06-30 23:37:27 - [TEST_STEP][PASSED] - vspBootstrap.CreateProfilePage.setDataONLYCreateProfile(row, dataFile): vspBootstrap.CreateProfilePage.setDataONLYCreateProfile is PASSED

2022-06-30 23:37:29 - [MESSAGE][PASSED] - Text '21054' is set on object 'Object Repository/AdminSuiteBootstrap_Pages/VSP_Bootstrap/CreateProfile/input_PostalCode'

2022-06-30 23:37:30 - [MESSAGE][PASSED] - Text 'LDHFTxK69Z8J' is set on object 'Object Repository/AdminSuiteBootstrap_Pages/VSP_Bootstrap/CreateProfile/input_profileName'

2022-06-30 23:37:31 - [MESSAGE][PASSED] - Text 'Delta Corp' is set on object 'Object Repository/AdminSuiteBootstrap_Pages/VSP_Bootstrap/CreateProfile/input_CompanyName'

2022-06-30 23:37:32 - [MESSAGE][PASSED] - All options with label 'Mr.' are selected in object 'Object Repository/AdminSuiteBootstrap_Pages/VSP_Bootstrap/CreateProfile/select_Title'  using regular expression

2022-06-30 23:37:32 - [MESSAGE][PASSED] - Text 'Ross' is set on object 'Object Repository/AdminSuiteBootstrap_Pages/VSP_Bootstrap/CreateProfile/input_FirstName'

2022-06-30 23:37:33 - [MESSAGE][PASSED] - Text 'KT' is set on object 'Object Repository/AdminSuiteBootstrap_Pages/VSP_Bootstrap/CreateProfile/input_MiddleName'

2022-06-30 23:37:34 - [MESSAGE][PASSED] - Text 'Evan' is set on object 'Object Repository/AdminSuiteBootstrap_Pages/VSP_Bootstrap/CreateProfile/input_LastName'

2022-06-30 23:37:35 - [MESSAGE][PASSED] - All options with label 'Sr.' are selected in object 'Object Repository/AdminSuiteBootstrap_Pages/VSP_Bootstrap/CreateProfile/select_Suffix'  using regular expression

2022-06-30 23:37:35 - [MESSAGE][PASSED] - Text '256987 Nolm Ct' is set on object 'Object Repository/AdminSuiteBootstrap_Pages/VSP_Bootstrap/CreateProfile/input_address1'

2022-06-30 23:37:36 - [MESSAGE][PASSED] - Text 'Suite 678' is set on object 'Object Repository/AdminSuiteBootstrap_Pages/VSP_Bootstrap/CreateProfile/input_AddressLine2'

2022-06-30 23:37:36 - [MESSAGE][PASSED] - Text '1234' is set on object 'Object Repository/AdminSuiteBootstrap_Pages/VSP_Bootstrap/CreateProfile/input_PostalCodeExt'

2022-06-30 23:37:37 - [MESSAGE][PASSED] - Text 'iahmed@govolution.com' is set on object 'Object Repository/AdminSuiteBootstrap_Pages/VSP_Bootstrap/CreateProfile/input_EmaiAddress'

2022-06-30 23:37:38 - [MESSAGE][PASSED] - Text '240' is set on object 'Object Repository/AdminSuiteBootstrap_Pages/VSP_Bootstrap/CreateProfile/input_HomePhoneNumber_HomeAreaCode'

2022-06-30 23:37:38 - [MESSAGE][PASSED] - Text '628' is set on object 'Object Repository/AdminSuiteBootstrap_Pages/VSP_Bootstrap/CreateProfile/input_homePrefixNumber'

2022-06-30 23:37:39 - [MESSAGE][PASSED] - Text '0790' is set on object 'Object Repository/AdminSuiteBootstrap_Pages/VSP_Bootstrap/CreateProfile/input_homeSuffixNumber'

2022-06-30 23:37:40 - [MESSAGE][PASSED] - Text '240' is set on object 'Object Repository/AdminSuiteBootstrap_Pages/VSP_Bootstrap/CreateProfile/input_MobilePhoneNumber_mobileAreaCode'

2022-06-30 23:37:40 - [MESSAGE][PASSED] - Text '628' is set on object 'Object Repository/AdminSuiteBootstrap_Pages/VSP_Bootstrap/CreateProfile/input_mobilePrefixNumber'

2022-06-30 23:37:41 - [MESSAGE][PASSED] - Text '0791' is set on object 'Object Repository/AdminSuiteBootstrap_Pages/VSP_Bootstrap/CreateProfile/input_mobileSuffixNumber'

2022-06-30 23:37:42 - [MESSAGE][PASSED] - Text '410' is set on object 'Object Repository/AdminSuiteBootstrap_Pages/VSP_Bootstrap/CreateProfile/input_WorkPhoneNumber_workAreaCode'

2022-06-30 23:37:42 - [MESSAGE][PASSED] - Text '628' is set on object 'Object Repository/AdminSuiteBootstrap_Pages/VSP_Bootstrap/CreateProfile/input_workPrefixNumber'

2022-06-30 23:37:43 - [MESSAGE][PASSED] - Text '0792' is set on object 'Object Repository/AdminSuiteBootstrap_Pages/VSP_Bootstrap/CreateProfile/input_workSuffixNumber'

2022-06-30 23:37:44 - [MESSAGE][PASSED] - Text '123' is set on object 'Object Repository/AdminSuiteBootstrap_Pages/VSP_Bootstrap/CreateProfile/input_Ext_workExtension'

2022-06-30 23:37:44 - [MESSAGE][PASSED] - Text 'This Profile is for Add CC' is set on object 'Object Repository/AdminSuiteBootstrap_Pages/VSP_Bootstrap/CreateProfile/textarea_NotesComments_note'

2022-06-30 23:37:44 - [MESSAGE][PASSED] - vspBootstrap.CreateProfilePage.setDataONLYCreateProfile is PASSED

2022-06-30 23:37:44 - [TEST_STEP][PASSED] - click(findTestObject(path_CreateProfile + "button_Save  Add Credit Card")): Object: 'Object Repository/AdminSuiteBootstrap_Pages/VSP_Bootstrap/CreateProfile/button_Save  Add Credit Card' is clicked on

2022-06-30 23:37:46 - [MESSAGE][PASSED] - Object: 'Object Repository/AdminSuiteBootstrap_Pages/VSP_Bootstrap/CreateProfile/button_Save  Add Credit Card' is clicked on

2022-06-30 23:37:46 - [TEST_STEP][PASSED] - verifyTextPresent("Profile successfully created", true): Text 'Profile successfully created' is present on page  using regular expression

2022-06-30 23:37:47 - [MESSAGE][PASSED] - Text 'Profile successfully created' is present on page  using regular expression

2022-06-30 23:37:47 - [TEST_STEP][PASSED] - vspBootstrap.AddCreditCardPage.setDataCreditCardPre(row, dataFile): vspBootstrap.AddCreditCardPage.setDataCreditCardPre is PASSED

2022-06-30 23:37:48 - [MESSAGE][PASSED] - Text 'Ross Discover' is set on object 'Object Repository/AdminSuiteBootstrap_Pages/VSP_Bootstrap/AddCreditCard/input_nickName'

2022-06-30 23:37:48 - [MESSAGE][PASSED] - Text '6011000993026909' is set on object 'Object Repository/AdminSuiteBootstrap_Pages/VSP_Bootstrap/AddCreditCard/input_cardNumber'

2022-06-30 23:37:49 - [MESSAGE][PASSED] - All options with label '1 - JAN' are selected in object 'Object Repository/AdminSuiteBootstrap_Pages/VSP_Bootstrap/AddCreditCard/select_ExpMonth'  using regular expression

2022-06-30 23:37:50 - [MESSAGE][PASSED] - All options with label '2025' are selected in object 'Object Repository/AdminSuiteBootstrap_Pages/VSP_Bootstrap/AddCreditCard/select_ExpYear'  using regular expression

2022-06-30 23:37:53 - [MESSAGE][PASSED] - Object: 'Object Repository/AdminSuiteBootstrap_Pages/VSP_Bootstrap/AddCreditCard/button_Create' is clicked on

2022-06-30 23:37:53 - [MESSAGE][PASSED] - vspBootstrap.AddCreditCardPage.setDataCreditCardPre is PASSED

2022-06-30 23:37:53 - [TEST_STEP][PASSED] - verifyTextPresent("Payment Method Created", true): Text 'Payment Method Created' is present on page  using regular expression

2022-06-30 23:37:53 - [MESSAGE][PASSED] - Text 'Payment Method Created' is present on page  using regular expression

2022-06-30 23:37:53 - [TEST_STEP][PASSED] - verifyTextPresent("Payment method creation successful", true): Text 'Payment method creation successful' is present on page  using regular expression

2022-06-30 23:37:53 - [MESSAGE][PASSED] - Text 'Payment method creation successful' is present on page  using regular expression

2022-06-30 23:37:53 - [TEST_STEP][PASSED] - click(findTestObject(path_ViewProfile + "a_Edit_CC")): Object: 'Object Repository/AdminSuiteBootstrap_Pages/VSP_Bootstrap/View Profile/a_Edit_CC' is clicked on

2022-06-30 23:37:56 - [MESSAGE][PASSED] - Object: 'Object Repository/AdminSuiteBootstrap_Pages/VSP_Bootstrap/View Profile/a_Edit_CC' is clicked on

2022-06-30 23:37:56 - [TEST_STEP][PASSED] - vspBootstrap.ModifyCreditCardPage.setDataModifyCreditCard(row, dataFile): vspBootstrap.ModifyCreditCardPage.setDataModifyCreditCard is PASSED

2022-06-30 23:37:57 - [MESSAGE][PASSED] - All options with label '6 - JUN' are selected in object 'Object Repository/AdminSuiteBootstrap_Pages/VSP_Bootstrap/ModifyCreditCard/select_ExpMonth'  using regular expression

2022-06-30 23:37:58 - [MESSAGE][PASSED] - All options with label '2028' are selected in object 'Object Repository/AdminSuiteBootstrap_Pages/VSP_Bootstrap/ModifyCreditCard/select_ExpYear'  using regular expression

2022-06-30 23:38:01 - [MESSAGE][PASSED] - Object: 'Object Repository/AdminSuiteBootstrap_Pages/VSP_Bootstrap/ModifyCreditCard/button_Modify' is clicked on

2022-06-30 23:38:01 - [MESSAGE][PASSED] - vspBootstrap.ModifyCreditCardPage.setDataModifyCreditCard is PASSED

2022-06-30 23:38:01 - [TEST_STEP][PASSED] - verifyTextPresent("Payment Method Modification", true): Text 'Payment Method Modification' is present on page  using regular expression

2022-06-30 23:38:02 - [MESSAGE][PASSED] - Text 'Payment Method Modification' is present on page  using regular expression

2022-06-30 23:38:02 - [TEST_STEP][PASSED] - verifyTextPresent("Payment method successfully modified", true): Text 'Payment method successfully modified' is present on page  using regular expression

2022-06-30 23:38:02 - [MESSAGE][PASSED] - Text 'Payment method successfully modified' is present on page  using regular expression

2022-06-30 23:38:02 - [TEST_STEP][PASSED] - verifyTextPresent("Expiration:  06/2028", true): Text 'Expiration:  06/2028' is present on page  using regular expression

2022-06-30 23:38:03 - [MESSAGE][PASSED] - Text 'Expiration:  06/2028' is present on page  using regular expression

2022-06-30 23:38:03 - [TEST_STEP][PASSED] - click(findTestObject(path_ViewProfile + "a_Delete Credit Card")): Object: 'Object Repository/AdminSuiteBootstrap_Pages/VSP_Bootstrap/View Profile/a_Delete Credit Card' is clicked on

2022-06-30 23:38:04 - [MESSAGE][PASSED] - Object: 'Object Repository/AdminSuiteBootstrap_Pages/VSP_Bootstrap/View Profile/a_Delete Credit Card' is clicked on

2022-06-30 23:38:04 - [TEST_STEP][PASSED] - verifyTextPresent("Delete Credit Card Confirmation", true): Text 'Delete Credit Card Confirmation' is present on page  using regular expression

2022-06-30 23:38:05 - [MESSAGE][PASSED] - Text 'Delete Credit Card Confirmation' is present on page  using regular expression

2022-06-30 23:38:05 - [TEST_STEP][PASSED] - verifyTextPresent("This will delete the credit card account. Are you sure you want to do this?", true): Text 'This will delete the credit card account. Are you sure you want to do this?' is present on page  using regular expression

2022-06-30 23:38:05 - [MESSAGE][PASSED] - Text 'This will delete the credit card account. Are you sure you want to do this?' is present on page  using regular expression

2022-06-30 23:38:05 - [TEST_STEP][PASSED] - click(findTestObject(path_ViewProfile + "button_DeleteCCConfirm")): Object: 'Object Repository/AdminSuiteBootstrap_Pages/VSP_Bootstrap/View Profile/button_DeleteCCConfirm' is clicked on

2022-06-30 23:38:08 - [MESSAGE][PASSED] - Object: 'Object Repository/AdminSuiteBootstrap_Pages/VSP_Bootstrap/View Profile/button_DeleteCCConfirm' is clicked on

2022-06-30 23:38:08 - [TEST_STEP][PASSED] - verifyTextPresent("Payment Method Deletion", true): Text 'Payment Method Deletion' is present on page  using regular expression

2022-06-30 23:38:09 - [MESSAGE][PASSED] - Text 'Payment Method Deletion' is present on page  using regular expression

2022-06-30 23:38:09 - [TEST_STEP][PASSED] - verifyTextPresent("Payment method was successfully deleted.", true): Text 'Payment method was successfully deleted.' is present on page  using regular expression

2022-06-30 23:38:09 - [MESSAGE][PASSED] - Text 'Payment method was successfully deleted.' is present on page  using regular expression

2022-06-30 23:38:09 - [TEST_STEP][PASSED] - click(findTestObject(path_ViewProfile + "a_Delete Profile")): Object: 'Object Repository/AdminSuiteBootstrap_Pages/VSP_Bootstrap/View Profile/a_Delete Profile' is clicked on

2022-06-30 23:38:10 - [MESSAGE][PASSED] - Object: 'Object Repository/AdminSuiteBootstrap_Pages/VSP_Bootstrap/View Profile/a_Delete Profile' is clicked on

2022-06-30 23:38:10 - [TEST_STEP][PASSED] - verifyTextPresent("This will delete all of the following information. Are you sure you want to do this?", true): Text 'This will delete all of the following information. Are you sure you want to do this?' is present on page  using regular expression

2022-06-30 23:38:10 - [MESSAGE][PASSED] - Text 'This will delete all of the following information. Are you sure you want to do this?' is present on page  using regular expression

2022-06-30 23:38:10 - [TEST_STEP][PASSED] - click(findTestObject(path_DeleteProfileConfirm + "button_Delete")): Object: 'Object Repository/AdminSuiteBootstrap_Pages/VSP_Bootstrap/DeleteProfileConfirm/button_Delete' is clicked on

2022-06-30 23:38:12 - [MESSAGE][PASSED] - Object: 'Object Repository/AdminSuiteBootstrap_Pages/VSP_Bootstrap/DeleteProfileConfirm/button_Delete' is clicked on

2022-06-30 23:38:12 - [TEST_STEP][PASSED] - verifyTextPresent("No Search String", true): Text 'No Search String' is present on page  using regular expression

2022-06-30 23:38:13 - [MESSAGE][PASSED] - Text 'No Search String' is present on page  using regular expression

2022-06-30 23:38:13 - [TEST_STEP][PASSED] - verifyTextPresent("You must provide a search string of at least 2 characters", true): Text 'You must provide a search string of at least 2 characters' is present on page  using regular expression

2022-06-30 23:38:13 - [MESSAGE][PASSED] - Text 'You must provide a search string of at least 2 characters' is present on page  using regular expression

2022-06-30 23:38:13 - [TEST_STEP][PASSED] - closeBrowser(): Browser is closed

2022-06-30 23:38:14 - [MESSAGE][PASSED] - Browser is closed]]></system-out>
         <system-err><![CDATA[]]></system-err>
      </testcase>
      <testcase name="Test Cases/Admin Suite Bootstrap/VSP_Profile_TestCases/AddModifyDeleteACH_Generic_TC" time="154.512" classname="Test Cases/Admin Suite Bootstrap/VSP_Profile_TestCases/AddModifyDeleteACH_Generic_TC" status="PASSED">
         <system-out><![CDATA[2022-06-30 23:38:14 - [TEST_CASE][PASSED] - Test Cases/Admin Suite Bootstrap/VSP_Profile_TestCases/AddModifyDeleteACH_Generic_TC: Test Cases/Admin Suite Bootstrap/VSP_Profile_TestCases/AddModifyDeleteACH_Generic_TC

2022-06-30 23:38:14 - [TEST_STEP][PASSED] - path_Dashboard = "Object Repository/AdminSuiteBootstrap_Pages/Dashboard_Bootstrap/": null

2022-06-30 23:38:14 - [TEST_STEP][PASSED] - path_VT = "Object Repository/AdminSuiteBootstrap_Pages/VT_Bootstrap/IssueTransactions/": null

2022-06-30 23:38:14 - [TEST_STEP][PASSED] - path_CreateProfile = "Object Repository/AdminSuiteBootstrap_Pages/VSP_Bootstrap/CreateProfile/": null

2022-06-30 23:38:14 - [TEST_STEP][PASSED] - path_AddAccount = "Object Repository/AdminSuiteBootstrap_Pages/VSP_Bootstrap/AddAccount/": null

2022-06-30 23:38:14 - [TEST_STEP][PASSED] - path_Add_ACH = "Object Repository/AdminSuiteBootstrap_Pages/VSP_Bootstrap/AddACH/": null

2022-06-30 23:38:14 - [TEST_STEP][PASSED] - path_Add_CC = "Object Repository/AdminSuiteBootstrap_Pages/VSP_Bootstrap/AddCreditCard/": null

2022-06-30 23:38:14 - [TEST_STEP][PASSED] - path_App_Plan = "Object Repository/AdminSuiteBootstrap_Pages/VSP_Bootstrap/AddPaymentPlan/": null

2022-06-30 23:38:14 - [TEST_STEP][PASSED] - path_DeleteProfile = "Object Repository/AdminSuiteBootstrap_Pages/VSP_Bootstrap/DeleteProfile/": null

2022-06-30 23:38:14 - [TEST_STEP][PASSED] - path_ModifyProfile = "Object Repository/AdminSuiteBootstrap_Pages/VSP_Bootstrap/ModifyProfile/": null

2022-06-30 23:38:14 - [TEST_STEP][PASSED] - path_ViewProfile = "Object Repository/AdminSuiteBootstrap_Pages/VSP_Bootstrap/View Profile/": null

2022-06-30 23:38:14 - [TEST_STEP][PASSED] - path_VSPAuth = "Object Repository/AdminSuiteBootstrap_Pages/VSP_Bootstrap/VSP_Auth/": null

2022-06-30 23:38:14 - [TEST_STEP][PASSED] - path_VSPAuthCap = "Object Repository/AdminSuiteBootstrap_Pages/VSP_Bootstrap/VSP_Authcap/": null

2022-06-30 23:38:14 - [TEST_STEP][PASSED] - path_Debit = "Object Repository/AdminSuiteBootstrap_Pages/VSP_Bootstrap/VSP_Debit/": null

2022-06-30 23:38:14 - [TEST_STEP][PASSED] - path_DeleteProfileConfirm = "Object Repository/AdminSuiteBootstrap_Pages/VSP_Bootstrap/DeleteProfileConfirm/": null

2022-06-30 23:38:14 - [TEST_STEP][PASSED] - path_ModifyACH = "Object Repository/AdminSuiteBootstrap_Pages/VSP_Bootstrap/ModifyACH/": null

2022-06-30 23:38:14 - [TEST_STEP][PASSED] - executionProfile = getExecutionProfile(): null

2022-06-30 23:38:14 - [TEST_STEP][PASSED] - out.println("executionProfile : " + executionProfile): null

2022-06-30 23:38:14 - [TEST_STEP][PASSED] - appName = <not implemented yet for class: org.codehaus.groovy.ast.expr.EmptyExpression>: null

2022-06-30 23:38:14 - [TEST_STEP][PASSED] - appID = <not implemented yet for class: org.codehaus.groovy.ast.expr.EmptyExpression>: null

2022-06-30 23:38:14 - [TEST_STEP][PASSED] - cardNameV = <not implemented yet for class: org.codehaus.groovy.ast.expr.EmptyExpression>: null

2022-06-30 23:38:14 - [TEST_STEP][PASSED] - al1V = <not implemented yet for class: org.codehaus.groovy.ast.expr.EmptyExpression>: null

2022-06-30 23:38:14 - [TEST_STEP][PASSED] - al2V = <not implemented yet for class: org.codehaus.groovy.ast.expr.EmptyExpression>: null

2022-06-30 23:38:14 - [TEST_STEP][PASSED] - zipV = <not implemented yet for class: org.codehaus.groovy.ast.expr.EmptyExpression>: null

2022-06-30 23:38:14 - [TEST_STEP][PASSED] - cardTypeV = <not implemented yet for class: org.codehaus.groovy.ast.expr.EmptyExpression>: null

2022-06-30 23:38:14 - [TEST_STEP][PASSED] - last4V = <not implemented yet for class: org.codehaus.groovy.ast.expr.EmptyExpression>: null

2022-06-30 23:38:14 - [TEST_STEP][PASSED] - nameSheet = "AddModifyDeleteACH": null

2022-06-30 23:38:14 - [TEST_STEP][PASSED] - numOfRows = findTestData("QA/Bootstrap/VSP-Profile-TestData/AddModifyDeleteACH").getRowNumbers(): null

2022-06-30 23:38:14 - [TEST_STEP][PASSED] - println("Number of Records: " + numOfRows): null

2022-06-30 23:38:14 - [TEST_STEP][PASSED] - dataFile = "QA/Bootstrap/VSP-Profile-TestData/AddModifyDeleteACH": null

2022-06-30 23:38:14 - [TEST_STEP][PASSED] - for ([row = 1, row <= numOfRows, (row++)]): Browser is closed

2022-06-30 23:38:14 - [TEST_STEP][PASSED] - ExecuteTC = findTestData(dataFile).getValue("Execute", row): null

2022-06-30 23:38:15 - [TEST_STEP][PASSED] - out.println("Value of Execute is : " + ExecuteTC): null

2022-06-30 23:38:15 - [TEST_STEP][PASSED] - switch (executionProfile): null

2022-06-30 23:38:15 - [TEST_STEP][PASSED] - case "QAProfile":: null

2022-06-30 23:38:15 - [TEST_STEP][PASSED] - appName = findTestData(dataFile).getValue("AppNameQA", row): null

2022-06-30 23:38:15 - [TEST_STEP][PASSED] - appID = findTestData(dataFile).getValue("AppIDQA", row): null

2022-06-30 23:38:15 - [TEST_STEP][PASSED] - break: null

2022-06-30 23:38:15 - [TEST_STEP][PASSED] - if (ExecuteTC.equalsIgnoreCase("Y")): Browser is closed

2022-06-30 23:38:15 - [TEST_STEP][PASSED] - out.println("Begin Record Number: " + row): null

2022-06-30 23:38:15 - [TEST_STEP][PASSED] - today = new java.util.Date(): null

2022-06-30 23:38:15 - [TEST_STEP][PASSED] - println(today): null

2022-06-30 23:38:15 - [TEST_STEP][PASSED] - datText = today: null

2022-06-30 23:38:15 - [TEST_STEP][PASSED] - adminSuiteBootstrap.loginFunctionality.login_AdminSuite(): adminSuiteBootstrap.loginFunctionality.login_AdminSuite is PASSED

2022-06-30 23:38:15 - [MESSAGE][INFO] - Starting 'Chrome' driver

2022-06-30 23:38:15 - [MESSAGE][INFO] - User set preference: ['acceptInsecureCerts', 'true']

2022-06-30 23:38:15 - [MESSAGE][INFO] - Action delay is set to 0 milliseconds

2022-06-30 23:38:17 - [MESSAGE][PASSED] - Browser is opened with url: 'https://qa.velocitypayment.com/admin/imtiaz'

2022-06-30 23:38:17 - [MESSAGE][PASSED] - Current window maximized

2022-06-30 23:38:18 - [MESSAGE][PASSED] - Object 'Object Repository/Login_Page/Login_Username' is present

2022-06-30 23:38:18 - [MESSAGE][PASSED] - Text 'iahmed' is set on object 'Object Repository/Login_Page/Login_Username'

2022-06-30 23:38:19 - [MESSAGE][PASSED] - Text 'hello2222' is set on object 'Object Repository/Login_Page/Login_Password'

2022-06-30 23:38:23 - [MESSAGE][PASSED] - Object: 'Object Repository/Login_Page/Login_Submit' is clicked on

2022-06-30 23:38:23 - [MESSAGE][PASSED] - adminSuiteBootstrap.loginFunctionality.login_AdminSuite is PASSED

2022-06-30 23:38:23 - [TEST_STEP][PASSED] - click(findTestObject(path_Dashboard + appName)): Object: 'Object Repository/AdminSuiteBootstrap_Pages/Dashboard_Bootstrap/a_Access AutoNoCFtp' is clicked on

2022-06-30 23:38:24 - [MESSAGE][PASSED] - Object: 'Object Repository/AdminSuiteBootstrap_Pages/Dashboard_Bootstrap/a_Access AutoNoCFtp' is clicked on

2022-06-30 23:38:24 - [TEST_STEP][PASSED] - click(findTestObject(path_VT + "a_Create")): Object: 'Object Repository/AdminSuiteBootstrap_Pages/VT_Bootstrap/IssueTransactions/a_Create' is clicked on

2022-06-30 23:38:26 - [MESSAGE][PASSED] - Object: 'Object Repository/AdminSuiteBootstrap_Pages/VT_Bootstrap/IssueTransactions/a_Create' is clicked on

2022-06-30 23:38:26 - [TEST_STEP][PASSED] - vspBootstrap.CreateProfilePage.setDataONLYCreateProfile(row, dataFile): vspBootstrap.CreateProfilePage.setDataONLYCreateProfile is PASSED

2022-06-30 23:38:28 - [MESSAGE][PASSED] - Text '21054' is set on object 'Object Repository/AdminSuiteBootstrap_Pages/VSP_Bootstrap/CreateProfile/input_PostalCode'

2022-06-30 23:38:29 - [MESSAGE][PASSED] - Text 'qzv0g4V9htUn' is set on object 'Object Repository/AdminSuiteBootstrap_Pages/VSP_Bootstrap/CreateProfile/input_profileName'

2022-06-30 23:38:30 - [MESSAGE][PASSED] - Text 'Delta Corp' is set on object 'Object Repository/AdminSuiteBootstrap_Pages/VSP_Bootstrap/CreateProfile/input_CompanyName'

2022-06-30 23:38:31 - [MESSAGE][PASSED] - All options with label 'Mr.' are selected in object 'Object Repository/AdminSuiteBootstrap_Pages/VSP_Bootstrap/CreateProfile/select_Title'  using regular expression

2022-06-30 23:38:31 - [MESSAGE][PASSED] - Text 'Ross' is set on object 'Object Repository/AdminSuiteBootstrap_Pages/VSP_Bootstrap/CreateProfile/input_FirstName'

2022-06-30 23:38:32 - [MESSAGE][PASSED] - Text 'KT' is set on object 'Object Repository/AdminSuiteBootstrap_Pages/VSP_Bootstrap/CreateProfile/input_MiddleName'

2022-06-30 23:38:32 - [MESSAGE][PASSED] - Text 'Evan' is set on object 'Object Repository/AdminSuiteBootstrap_Pages/VSP_Bootstrap/CreateProfile/input_LastName'

2022-06-30 23:38:33 - [MESSAGE][PASSED] - All options with label 'Sr.' are selected in object 'Object Repository/AdminSuiteBootstrap_Pages/VSP_Bootstrap/CreateProfile/select_Suffix'  using regular expression

2022-06-30 23:38:34 - [MESSAGE][PASSED] - Text '256987 Nolm Ct' is set on object 'Object Repository/AdminSuiteBootstrap_Pages/VSP_Bootstrap/CreateProfile/input_address1'

2022-06-30 23:38:35 - [MESSAGE][PASSED] - Text 'Suite 678' is set on object 'Object Repository/AdminSuiteBootstrap_Pages/VSP_Bootstrap/CreateProfile/input_AddressLine2'

2022-06-30 23:38:35 - [MESSAGE][PASSED] - Text '1234' is set on object 'Object Repository/AdminSuiteBootstrap_Pages/VSP_Bootstrap/CreateProfile/input_PostalCodeExt'

2022-06-30 23:38:36 - [MESSAGE][PASSED] - Text 'iahmed@govolution.com' is set on object 'Object Repository/AdminSuiteBootstrap_Pages/VSP_Bootstrap/CreateProfile/input_EmaiAddress'

2022-06-30 23:38:37 - [MESSAGE][PASSED] - Text '240' is set on object 'Object Repository/AdminSuiteBootstrap_Pages/VSP_Bootstrap/CreateProfile/input_HomePhoneNumber_HomeAreaCode'

2022-06-30 23:38:37 - [MESSAGE][PASSED] - Text '628' is set on object 'Object Repository/AdminSuiteBootstrap_Pages/VSP_Bootstrap/CreateProfile/input_homePrefixNumber'

2022-06-30 23:38:38 - [MESSAGE][PASSED] - Text '0790' is set on object 'Object Repository/AdminSuiteBootstrap_Pages/VSP_Bootstrap/CreateProfile/input_homeSuffixNumber'

2022-06-30 23:38:39 - [MESSAGE][PASSED] - Text '240' is set on object 'Object Repository/AdminSuiteBootstrap_Pages/VSP_Bootstrap/CreateProfile/input_MobilePhoneNumber_mobileAreaCode'

2022-06-30 23:38:39 - [MESSAGE][PASSED] - Text '628' is set on object 'Object Repository/AdminSuiteBootstrap_Pages/VSP_Bootstrap/CreateProfile/input_mobilePrefixNumber'

2022-06-30 23:38:40 - [MESSAGE][PASSED] - Text '0791' is set on object 'Object Repository/AdminSuiteBootstrap_Pages/VSP_Bootstrap/CreateProfile/input_mobileSuffixNumber'

2022-06-30 23:38:41 - [MESSAGE][PASSED] - Text '410' is set on object 'Object Repository/AdminSuiteBootstrap_Pages/VSP_Bootstrap/CreateProfile/input_WorkPhoneNumber_workAreaCode'

2022-06-30 23:38:41 - [MESSAGE][PASSED] - Text '628' is set on object 'Object Repository/AdminSuiteBootstrap_Pages/VSP_Bootstrap/CreateProfile/input_workPrefixNumber'

2022-06-30 23:38:42 - [MESSAGE][PASSED] - Text '0792' is set on object 'Object Repository/AdminSuiteBootstrap_Pages/VSP_Bootstrap/CreateProfile/input_workSuffixNumber'

2022-06-30 23:38:42 - [MESSAGE][PASSED] - Text '123' is set on object 'Object Repository/AdminSuiteBootstrap_Pages/VSP_Bootstrap/CreateProfile/input_Ext_workExtension'

2022-06-30 23:38:43 - [MESSAGE][PASSED] - Text 'This Profile is for Add ACH' is set on object 'Object Repository/AdminSuiteBootstrap_Pages/VSP_Bootstrap/CreateProfile/textarea_NotesComments_note'

2022-06-30 23:38:43 - [MESSAGE][PASSED] - vspBootstrap.CreateProfilePage.setDataONLYCreateProfile is PASSED

2022-06-30 23:38:43 - [TEST_STEP][PASSED] - click(findTestObject(path_CreateProfile + "button_Save  Add ACH")): Object: 'Object Repository/AdminSuiteBootstrap_Pages/VSP_Bootstrap/CreateProfile/button_Save  Add ACH' is clicked on

2022-06-30 23:38:45 - [MESSAGE][PASSED] - Object: 'Object Repository/AdminSuiteBootstrap_Pages/VSP_Bootstrap/CreateProfile/button_Save  Add ACH' is clicked on

2022-06-30 23:38:45 - [TEST_STEP][PASSED] - verifyTextPresent("Profile successfully created", true): Text 'Profile successfully created' is present on page  using regular expression

2022-06-30 23:38:46 - [MESSAGE][PASSED] - Text 'Profile successfully created' is present on page  using regular expression

2022-06-30 23:38:46 - [TEST_STEP][PASSED] - vspBootstrap.AddACHPage.setDataAddACH(row, dataFile): vspBootstrap.AddACHPage.setDataAddACH is PASSED

2022-06-30 23:38:47 - [MESSAGE][PASSED] - Text '256072691' is set on object 'Object Repository/AdminSuiteBootstrap_Pages/VSP_Bootstrap/AddACH/input_routingTransitNumber'

2022-06-30 23:38:47 - [MESSAGE][PASSED] - All options with label 'Personal Checking' are selected in object 'Object Repository/AdminSuiteBootstrap_Pages/VSP_Bootstrap/AddACH/select_PaymentType'  using regular expression

2022-06-30 23:38:48 - [MESSAGE][PASSED] - Text 'Ross PC' is set on object 'Object Repository/AdminSuiteBootstrap_Pages/VSP_Bootstrap/AddACH/input_nickName'

2022-06-30 23:38:49 - [MESSAGE][PASSED] - Text '25872222' is set on object 'Object Repository/AdminSuiteBootstrap_Pages/VSP_Bootstrap/AddACH/input_accountNumber'

2022-06-30 23:38:52 - [MESSAGE][PASSED] - Object: 'Object Repository/AdminSuiteBootstrap_Pages/VSP_Bootstrap/AddACH/button_Create' is clicked on

2022-06-30 23:38:52 - [MESSAGE][PASSED] - vspBootstrap.AddACHPage.setDataAddACH is PASSED

2022-06-30 23:38:52 - [TEST_STEP][PASSED] - verifyTextPresent("Payment Method Created", true): Text 'Payment Method Created' is present on page  using regular expression

2022-06-30 23:38:52 - [MESSAGE][PASSED] - Text 'Payment Method Created' is present on page  using regular expression

2022-06-30 23:38:52 - [TEST_STEP][PASSED] - verifyTextPresent("Payment method creation successful", true): Text 'Payment method creation successful' is present on page  using regular expression

2022-06-30 23:38:52 - [MESSAGE][PASSED] - Text 'Payment method creation successful' is present on page  using regular expression

2022-06-30 23:38:52 - [TEST_STEP][PASSED] - click(findTestObject(path_ViewProfile + "a_Edit_ACH")): Object: 'Object Repository/AdminSuiteBootstrap_Pages/VSP_Bootstrap/View Profile/a_Edit_ACH' is clicked on

2022-06-30 23:38:54 - [MESSAGE][PASSED] - Object: 'Object Repository/AdminSuiteBootstrap_Pages/VSP_Bootstrap/View Profile/a_Edit_ACH' is clicked on

2022-06-30 23:38:54 - [TEST_STEP][PASSED] - nicknameMod = findTestData(dataFile).getValue("NicknameACHMod", row): null

2022-06-30 23:38:54 - [TEST_STEP][PASSED] - setText(findTestObject(path_ModifyACH + "input_nickName"), nicknameMod): Text 'Ross PC Mod' is set on object 'Object Repository/AdminSuiteBootstrap_Pages/VSP_Bootstrap/ModifyACH/input_nickName'

2022-06-30 23:38:55 - [MESSAGE][PASSED] - Text 'Ross PC Mod' is set on object 'Object Repository/AdminSuiteBootstrap_Pages/VSP_Bootstrap/ModifyACH/input_nickName'

2022-06-30 23:38:55 - [TEST_STEP][PASSED] - click(findTestObject(path_ModifyACH + "button_Modify")): Object: 'Object Repository/AdminSuiteBootstrap_Pages/VSP_Bootstrap/ModifyACH/button_Modify' is clicked on

2022-06-30 23:38:57 - [MESSAGE][PASSED] - Object: 'Object Repository/AdminSuiteBootstrap_Pages/VSP_Bootstrap/ModifyACH/button_Modify' is clicked on

2022-06-30 23:38:57 - [TEST_STEP][PASSED] - verifyTextPresent("Payment Method Modification", true): Text 'Payment Method Modification' is present on page  using regular expression

2022-06-30 23:38:57 - [MESSAGE][PASSED] - Text 'Payment Method Modification' is present on page  using regular expression

2022-06-30 23:38:57 - [TEST_STEP][PASSED] - verifyTextPresent("Payment method successfully modified", true): Text 'Payment method successfully modified' is present on page  using regular expression

2022-06-30 23:38:58 - [MESSAGE][PASSED] - Text 'Payment method successfully modified' is present on page  using regular expression

2022-06-30 23:38:58 - [TEST_STEP][PASSED] - verifyTextPresent(nicknameMod, true): Text 'Ross PC Mod' is present on page  using regular expression

2022-06-30 23:38:58 - [MESSAGE][PASSED] - Text 'Ross PC Mod' is present on page  using regular expression

2022-06-30 23:38:58 - [TEST_STEP][PASSED] - click(findTestObject(path_ViewProfile + "a_DeleteACH2")): Object: 'Object Repository/AdminSuiteBootstrap_Pages/VSP_Bootstrap/View Profile/a_DeleteACH2' is clicked on

2022-06-30 23:39:00 - [MESSAGE][PASSED] - Object: 'Object Repository/AdminSuiteBootstrap_Pages/VSP_Bootstrap/View Profile/a_DeleteACH2' is clicked on

2022-06-30 23:39:00 - [TEST_STEP][PASSED] - verifyTextPresent("Delete Bank Account Confirmation", true): Text 'Delete Bank Account Confirmation' is present on page  using regular expression

2022-06-30 23:39:00 - [MESSAGE][PASSED] - Text 'Delete Bank Account Confirmation' is present on page  using regular expression

2022-06-30 23:39:00 - [TEST_STEP][PASSED] - verifyTextPresent("This will delete the bank account. Are you sure you want to do this?", true): Text 'This will delete the bank account. Are you sure you want to do this?' is present on page  using regular expression

2022-06-30 23:39:00 - [MESSAGE][PASSED] - Text 'This will delete the bank account. Are you sure you want to do this?' is present on page  using regular expression

2022-06-30 23:39:00 - [TEST_STEP][PASSED] - click(findTestObject(path_ViewProfile + "button_DeleteACHConfirm")): Object: 'Object Repository/AdminSuiteBootstrap_Pages/VSP_Bootstrap/View Profile/button_DeleteACHConfirm' is clicked on

2022-06-30 23:39:02 - [MESSAGE][PASSED] - Object: 'Object Repository/AdminSuiteBootstrap_Pages/VSP_Bootstrap/View Profile/button_DeleteACHConfirm' is clicked on

2022-06-30 23:39:02 - [TEST_STEP][PASSED] - verifyTextPresent("Payment Method Deletion", true): Text 'Payment Method Deletion' is present on page  using regular expression

2022-06-30 23:39:03 - [MESSAGE][PASSED] - Text 'Payment Method Deletion' is present on page  using regular expression

2022-06-30 23:39:03 - [TEST_STEP][PASSED] - verifyTextPresent("Payment method was successfully deleted.", true): Text 'Payment method was successfully deleted.' is present on page  using regular expression

2022-06-30 23:39:03 - [MESSAGE][PASSED] - Text 'Payment method was successfully deleted.' is present on page  using regular expression

2022-06-30 23:39:03 - [TEST_STEP][PASSED] - click(findTestObject(path_ViewProfile + "a_Delete Profile")): Object: 'Object Repository/AdminSuiteBootstrap_Pages/VSP_Bootstrap/View Profile/a_Delete Profile' is clicked on

2022-06-30 23:39:04 - [MESSAGE][PASSED] - Object: 'Object Repository/AdminSuiteBootstrap_Pages/VSP_Bootstrap/View Profile/a_Delete Profile' is clicked on

2022-06-30 23:39:04 - [TEST_STEP][PASSED] - verifyTextPresent("This will delete all of the following information. Are you sure you want to do this?", true): Text 'This will delete all of the following information. Are you sure you want to do this?' is present on page  using regular expression

2022-06-30 23:39:05 - [MESSAGE][PASSED] - Text 'This will delete all of the following information. Are you sure you want to do this?' is present on page  using regular expression

2022-06-30 23:39:05 - [TEST_STEP][PASSED] - click(findTestObject(path_DeleteProfileConfirm + "button_Delete")): Object: 'Object Repository/AdminSuiteBootstrap_Pages/VSP_Bootstrap/DeleteProfileConfirm/button_Delete' is clicked on

2022-06-30 23:39:06 - [MESSAGE][PASSED] - Object: 'Object Repository/AdminSuiteBootstrap_Pages/VSP_Bootstrap/DeleteProfileConfirm/button_Delete' is clicked on

2022-06-30 23:39:06 - [TEST_STEP][PASSED] - verifyTextPresent("No Search String", true): Text 'No Search String' is present on page  using regular expression

2022-06-30 23:39:06 - [MESSAGE][PASSED] - Text 'No Search String' is present on page  using regular expression

2022-06-30 23:39:06 - [TEST_STEP][PASSED] - verifyTextPresent("You must provide a search string of at least 2 characters", true): Text 'You must provide a search string of at least 2 characters' is present on page  using regular expression

2022-06-30 23:39:07 - [MESSAGE][PASSED] - Text 'You must provide a search string of at least 2 characters' is present on page  using regular expression

2022-06-30 23:39:07 - [TEST_STEP][PASSED] - closeBrowser(): Browser is closed

2022-06-30 23:39:07 - [MESSAGE][PASSED] - Browser is closed

2022-06-30 23:39:07 - [TEST_STEP][PASSED] - ExecuteTC = findTestData(dataFile).getValue("Execute", row): null

2022-06-30 23:39:07 - [TEST_STEP][PASSED] - out.println("Value of Execute is : " + ExecuteTC): null

2022-06-30 23:39:07 - [TEST_STEP][PASSED] - switch (executionProfile): null

2022-06-30 23:39:07 - [TEST_STEP][PASSED] - case "QAProfile":: null

2022-06-30 23:39:07 - [TEST_STEP][PASSED] - appName = findTestData(dataFile).getValue("AppNameQA", row): null

2022-06-30 23:39:08 - [TEST_STEP][PASSED] - appID = findTestData(dataFile).getValue("AppIDQA", row): null

2022-06-30 23:39:08 - [TEST_STEP][PASSED] - break: null

2022-06-30 23:39:08 - [TEST_STEP][PASSED] - if (ExecuteTC.equalsIgnoreCase("Y")): Browser is closed

2022-06-30 23:39:08 - [TEST_STEP][PASSED] - out.println("Begin Record Number: " + row): null

2022-06-30 23:39:08 - [TEST_STEP][PASSED] - today = new java.util.Date(): null

2022-06-30 23:39:08 - [TEST_STEP][PASSED] - println(today): null

2022-06-30 23:39:08 - [TEST_STEP][PASSED] - datText = today: null

2022-06-30 23:39:08 - [TEST_STEP][PASSED] - adminSuiteBootstrap.loginFunctionality.login_AdminSuite(): adminSuiteBootstrap.loginFunctionality.login_AdminSuite is PASSED

2022-06-30 23:39:08 - [MESSAGE][INFO] - Starting 'Chrome' driver

2022-06-30 23:39:08 - [MESSAGE][INFO] - User set preference: ['acceptInsecureCerts', 'true']

2022-06-30 23:39:08 - [MESSAGE][INFO] - Action delay is set to 0 milliseconds

2022-06-30 23:39:11 - [MESSAGE][PASSED] - Browser is opened with url: 'https://qa.velocitypayment.com/admin/imtiaz'

2022-06-30 23:39:11 - [MESSAGE][PASSED] - Current window maximized

2022-06-30 23:39:11 - [MESSAGE][PASSED] - Object 'Object Repository/Login_Page/Login_Username' is present

2022-06-30 23:39:12 - [MESSAGE][PASSED] - Text 'iahmed' is set on object 'Object Repository/Login_Page/Login_Username'

2022-06-30 23:39:13 - [MESSAGE][PASSED] - Text 'hello2222' is set on object 'Object Repository/Login_Page/Login_Password'

2022-06-30 23:39:17 - [MESSAGE][PASSED] - Object: 'Object Repository/Login_Page/Login_Submit' is clicked on

2022-06-30 23:39:17 - [MESSAGE][PASSED] - adminSuiteBootstrap.loginFunctionality.login_AdminSuite is PASSED

2022-06-30 23:39:17 - [TEST_STEP][PASSED] - click(findTestObject(path_Dashboard + appName)): Object: 'Object Repository/AdminSuiteBootstrap_Pages/Dashboard_Bootstrap/a_Access AutoNoCFtp' is clicked on

2022-06-30 23:39:18 - [MESSAGE][PASSED] - Object: 'Object Repository/AdminSuiteBootstrap_Pages/Dashboard_Bootstrap/a_Access AutoNoCFtp' is clicked on

2022-06-30 23:39:18 - [TEST_STEP][PASSED] - click(findTestObject(path_VT + "a_Create")): Object: 'Object Repository/AdminSuiteBootstrap_Pages/VT_Bootstrap/IssueTransactions/a_Create' is clicked on

2022-06-30 23:39:19 - [MESSAGE][PASSED] - Object: 'Object Repository/AdminSuiteBootstrap_Pages/VT_Bootstrap/IssueTransactions/a_Create' is clicked on

2022-06-30 23:39:19 - [TEST_STEP][PASSED] - vspBootstrap.CreateProfilePage.setDataONLYCreateProfile(row, dataFile): vspBootstrap.CreateProfilePage.setDataONLYCreateProfile is PASSED

2022-06-30 23:39:21 - [MESSAGE][PASSED] - Text '21054' is set on object 'Object Repository/AdminSuiteBootstrap_Pages/VSP_Bootstrap/CreateProfile/input_PostalCode'

2022-06-30 23:39:22 - [MESSAGE][PASSED] - Text 'ilxp126FzffA' is set on object 'Object Repository/AdminSuiteBootstrap_Pages/VSP_Bootstrap/CreateProfile/input_profileName'

2022-06-30 23:39:23 - [MESSAGE][PASSED] - Text 'Delta Corp' is set on object 'Object Repository/AdminSuiteBootstrap_Pages/VSP_Bootstrap/CreateProfile/input_CompanyName'

2022-06-30 23:39:24 - [MESSAGE][PASSED] - All options with label 'Mr.' are selected in object 'Object Repository/AdminSuiteBootstrap_Pages/VSP_Bootstrap/CreateProfile/select_Title'  using regular expression

2022-06-30 23:39:24 - [MESSAGE][PASSED] - Text 'Ross' is set on object 'Object Repository/AdminSuiteBootstrap_Pages/VSP_Bootstrap/CreateProfile/input_FirstName'

2022-06-30 23:39:25 - [MESSAGE][PASSED] - Text 'KT' is set on object 'Object Repository/AdminSuiteBootstrap_Pages/VSP_Bootstrap/CreateProfile/input_MiddleName'

2022-06-30 23:39:26 - [MESSAGE][PASSED] - Text 'Evan' is set on object 'Object Repository/AdminSuiteBootstrap_Pages/VSP_Bootstrap/CreateProfile/input_LastName'

2022-06-30 23:39:26 - [MESSAGE][PASSED] - All options with label 'Sr.' are selected in object 'Object Repository/AdminSuiteBootstrap_Pages/VSP_Bootstrap/CreateProfile/select_Suffix'  using regular expression

2022-06-30 23:39:27 - [MESSAGE][PASSED] - Text '256987 Nolm Ct' is set on object 'Object Repository/AdminSuiteBootstrap_Pages/VSP_Bootstrap/CreateProfile/input_address1'

2022-06-30 23:39:28 - [MESSAGE][PASSED] - Text 'Suite 678' is set on object 'Object Repository/AdminSuiteBootstrap_Pages/VSP_Bootstrap/CreateProfile/input_AddressLine2'

2022-06-30 23:39:28 - [MESSAGE][PASSED] - Text '1234' is set on object 'Object Repository/AdminSuiteBootstrap_Pages/VSP_Bootstrap/CreateProfile/input_PostalCodeExt'

2022-06-30 23:39:29 - [MESSAGE][PASSED] - Text 'iahmed@govolution.com' is set on object 'Object Repository/AdminSuiteBootstrap_Pages/VSP_Bootstrap/CreateProfile/input_EmaiAddress'

2022-06-30 23:39:30 - [MESSAGE][PASSED] - Text '240' is set on object 'Object Repository/AdminSuiteBootstrap_Pages/VSP_Bootstrap/CreateProfile/input_HomePhoneNumber_HomeAreaCode'

2022-06-30 23:39:30 - [MESSAGE][PASSED] - Text '628' is set on object 'Object Repository/AdminSuiteBootstrap_Pages/VSP_Bootstrap/CreateProfile/input_homePrefixNumber'

2022-06-30 23:39:31 - [MESSAGE][PASSED] - Text '0790' is set on object 'Object Repository/AdminSuiteBootstrap_Pages/VSP_Bootstrap/CreateProfile/input_homeSuffixNumber'

2022-06-30 23:39:32 - [MESSAGE][PASSED] - Text '240' is set on object 'Object Repository/AdminSuiteBootstrap_Pages/VSP_Bootstrap/CreateProfile/input_MobilePhoneNumber_mobileAreaCode'

2022-06-30 23:39:32 - [MESSAGE][PASSED] - Text '628' is set on object 'Object Repository/AdminSuiteBootstrap_Pages/VSP_Bootstrap/CreateProfile/input_mobilePrefixNumber'

2022-06-30 23:39:33 - [MESSAGE][PASSED] - Text '0791' is set on object 'Object Repository/AdminSuiteBootstrap_Pages/VSP_Bootstrap/CreateProfile/input_mobileSuffixNumber'

2022-06-30 23:39:34 - [MESSAGE][PASSED] - Text '410' is set on object 'Object Repository/AdminSuiteBootstrap_Pages/VSP_Bootstrap/CreateProfile/input_WorkPhoneNumber_workAreaCode'

2022-06-30 23:39:34 - [MESSAGE][PASSED] - Text '628' is set on object 'Object Repository/AdminSuiteBootstrap_Pages/VSP_Bootstrap/CreateProfile/input_workPrefixNumber'

2022-06-30 23:39:35 - [MESSAGE][PASSED] - Text '0792' is set on object 'Object Repository/AdminSuiteBootstrap_Pages/VSP_Bootstrap/CreateProfile/input_workSuffixNumber'

2022-06-30 23:39:36 - [MESSAGE][PASSED] - Text '123' is set on object 'Object Repository/AdminSuiteBootstrap_Pages/VSP_Bootstrap/CreateProfile/input_Ext_workExtension'

2022-06-30 23:39:36 - [MESSAGE][PASSED] - Text 'This Profile is for Add ACH' is set on object 'Object Repository/AdminSuiteBootstrap_Pages/VSP_Bootstrap/CreateProfile/textarea_NotesComments_note'

2022-06-30 23:39:36 - [MESSAGE][PASSED] - vspBootstrap.CreateProfilePage.setDataONLYCreateProfile is PASSED

2022-06-30 23:39:36 - [TEST_STEP][PASSED] - click(findTestObject(path_CreateProfile + "button_Save  Add ACH")): Object: 'Object Repository/AdminSuiteBootstrap_Pages/VSP_Bootstrap/CreateProfile/button_Save  Add ACH' is clicked on

2022-06-30 23:39:38 - [MESSAGE][PASSED] - Object: 'Object Repository/AdminSuiteBootstrap_Pages/VSP_Bootstrap/CreateProfile/button_Save  Add ACH' is clicked on

2022-06-30 23:39:38 - [TEST_STEP][PASSED] - verifyTextPresent("Profile successfully created", true): Text 'Profile successfully created' is present on page  using regular expression

2022-06-30 23:39:38 - [MESSAGE][PASSED] - Text 'Profile successfully created' is present on page  using regular expression

2022-06-30 23:39:38 - [TEST_STEP][PASSED] - vspBootstrap.AddACHPage.setDataAddACH(row, dataFile): vspBootstrap.AddACHPage.setDataAddACH is PASSED

2022-06-30 23:39:39 - [MESSAGE][PASSED] - Text '256072691' is set on object 'Object Repository/AdminSuiteBootstrap_Pages/VSP_Bootstrap/AddACH/input_routingTransitNumber'

2022-06-30 23:39:40 - [MESSAGE][PASSED] - All options with label 'Personal Savings' are selected in object 'Object Repository/AdminSuiteBootstrap_Pages/VSP_Bootstrap/AddACH/select_PaymentType'  using regular expression

2022-06-30 23:39:41 - [MESSAGE][PASSED] - Text 'Ross PS' is set on object 'Object Repository/AdminSuiteBootstrap_Pages/VSP_Bootstrap/AddACH/input_nickName'

2022-06-30 23:39:42 - [MESSAGE][PASSED] - Text '25873333' is set on object 'Object Repository/AdminSuiteBootstrap_Pages/VSP_Bootstrap/AddACH/input_accountNumber'

2022-06-30 23:39:43 - [MESSAGE][PASSED] - Object: 'Object Repository/AdminSuiteBootstrap_Pages/VSP_Bootstrap/AddACH/button_Create' is clicked on

2022-06-30 23:39:43 - [MESSAGE][PASSED] - vspBootstrap.AddACHPage.setDataAddACH is PASSED

2022-06-30 23:39:43 - [TEST_STEP][PASSED] - verifyTextPresent("Payment Method Created", true): Text 'Payment Method Created' is present on page  using regular expression

2022-06-30 23:39:44 - [MESSAGE][PASSED] - Text 'Payment Method Created' is present on page  using regular expression

2022-06-30 23:39:44 - [TEST_STEP][PASSED] - verifyTextPresent("Payment method creation successful", true): Text 'Payment method creation successful' is present on page  using regular expression

2022-06-30 23:39:44 - [MESSAGE][PASSED] - Text 'Payment method creation successful' is present on page  using regular expression

2022-06-30 23:39:44 - [TEST_STEP][PASSED] - click(findTestObject(path_ViewProfile + "a_Edit_ACH")): Object: 'Object Repository/AdminSuiteBootstrap_Pages/VSP_Bootstrap/View Profile/a_Edit_ACH' is clicked on

2022-06-30 23:39:45 - [MESSAGE][PASSED] - Object: 'Object Repository/AdminSuiteBootstrap_Pages/VSP_Bootstrap/View Profile/a_Edit_ACH' is clicked on

2022-06-30 23:39:45 - [TEST_STEP][PASSED] - nicknameMod = findTestData(dataFile).getValue("NicknameACHMod", row): null

2022-06-30 23:39:45 - [TEST_STEP][PASSED] - setText(findTestObject(path_ModifyACH + "input_nickName"), nicknameMod): Text 'Ross PS Mod' is set on object 'Object Repository/AdminSuiteBootstrap_Pages/VSP_Bootstrap/ModifyACH/input_nickName'

2022-06-30 23:39:46 - [MESSAGE][PASSED] - Text 'Ross PS Mod' is set on object 'Object Repository/AdminSuiteBootstrap_Pages/VSP_Bootstrap/ModifyACH/input_nickName'

2022-06-30 23:39:46 - [TEST_STEP][PASSED] - click(findTestObject(path_ModifyACH + "button_Modify")): Object: 'Object Repository/AdminSuiteBootstrap_Pages/VSP_Bootstrap/ModifyACH/button_Modify' is clicked on

2022-06-30 23:39:48 - [MESSAGE][PASSED] - Object: 'Object Repository/AdminSuiteBootstrap_Pages/VSP_Bootstrap/ModifyACH/button_Modify' is clicked on

2022-06-30 23:39:48 - [TEST_STEP][PASSED] - verifyTextPresent("Payment Method Modification", true): Text 'Payment Method Modification' is present on page  using regular expression

2022-06-30 23:39:48 - [MESSAGE][PASSED] - Text 'Payment Method Modification' is present on page  using regular expression

2022-06-30 23:39:48 - [TEST_STEP][PASSED] - verifyTextPresent("Payment method successfully modified", true): Text 'Payment method successfully modified' is present on page  using regular expression

2022-06-30 23:39:49 - [MESSAGE][PASSED] - Text 'Payment method successfully modified' is present on page  using regular expression

2022-06-30 23:39:49 - [TEST_STEP][PASSED] - verifyTextPresent(nicknameMod, true): Text 'Ross PS Mod' is present on page  using regular expression

2022-06-30 23:39:49 - [MESSAGE][PASSED] - Text 'Ross PS Mod' is present on page  using regular expression

2022-06-30 23:39:49 - [TEST_STEP][PASSED] - click(findTestObject(path_ViewProfile + "a_DeleteACH2")): Object: 'Object Repository/AdminSuiteBootstrap_Pages/VSP_Bootstrap/View Profile/a_DeleteACH2' is clicked on

2022-06-30 23:39:50 - [MESSAGE][PASSED] - Object: 'Object Repository/AdminSuiteBootstrap_Pages/VSP_Bootstrap/View Profile/a_DeleteACH2' is clicked on

2022-06-30 23:39:50 - [TEST_STEP][PASSED] - verifyTextPresent("Delete Bank Account Confirmation", true): Text 'Delete Bank Account Confirmation' is present on page  using regular expression

2022-06-30 23:39:50 - [MESSAGE][PASSED] - Text 'Delete Bank Account Confirmation' is present on page  using regular expression

2022-06-30 23:39:50 - [TEST_STEP][PASSED] - verifyTextPresent("This will delete the bank account. Are you sure you want to do this?", true): Text 'This will delete the bank account. Are you sure you want to do this?' is present on page  using regular expression

2022-06-30 23:39:51 - [MESSAGE][PASSED] - Text 'This will delete the bank account. Are you sure you want to do this?' is present on page  using regular expression

2022-06-30 23:39:51 - [TEST_STEP][PASSED] - click(findTestObject(path_ViewProfile + "button_DeleteACHConfirm")): Object: 'Object Repository/AdminSuiteBootstrap_Pages/VSP_Bootstrap/View Profile/button_DeleteACHConfirm' is clicked on

2022-06-30 23:39:52 - [MESSAGE][PASSED] - Object: 'Object Repository/AdminSuiteBootstrap_Pages/VSP_Bootstrap/View Profile/button_DeleteACHConfirm' is clicked on

2022-06-30 23:39:52 - [TEST_STEP][PASSED] - verifyTextPresent("Payment Method Deletion", true): Text 'Payment Method Deletion' is present on page  using regular expression

2022-06-30 23:39:53 - [MESSAGE][PASSED] - Text 'Payment Method Deletion' is present on page  using regular expression

2022-06-30 23:39:53 - [TEST_STEP][PASSED] - verifyTextPresent("Payment method was successfully deleted.", true): Text 'Payment method was successfully deleted.' is present on page  using regular expression

2022-06-30 23:39:53 - [MESSAGE][PASSED] - Text 'Payment method was successfully deleted.' is present on page  using regular expression

2022-06-30 23:39:53 - [TEST_STEP][PASSED] - click(findTestObject(path_ViewProfile + "a_Delete Profile")): Object: 'Object Repository/AdminSuiteBootstrap_Pages/VSP_Bootstrap/View Profile/a_Delete Profile' is clicked on

2022-06-30 23:39:54 - [MESSAGE][PASSED] - Object: 'Object Repository/AdminSuiteBootstrap_Pages/VSP_Bootstrap/View Profile/a_Delete Profile' is clicked on

2022-06-30 23:39:54 - [TEST_STEP][PASSED] - verifyTextPresent("This will delete all of the following information. Are you sure you want to do this?", true): Text 'This will delete all of the following information. Are you sure you want to do this?' is present on page  using regular expression

2022-06-30 23:39:54 - [MESSAGE][PASSED] - Text 'This will delete all of the following information. Are you sure you want to do this?' is present on page  using regular expression

2022-06-30 23:39:54 - [TEST_STEP][PASSED] - click(findTestObject(path_DeleteProfileConfirm + "button_Delete")): Object: 'Object Repository/AdminSuiteBootstrap_Pages/VSP_Bootstrap/DeleteProfileConfirm/button_Delete' is clicked on

2022-06-30 23:39:56 - [MESSAGE][PASSED] - Object: 'Object Repository/AdminSuiteBootstrap_Pages/VSP_Bootstrap/DeleteProfileConfirm/button_Delete' is clicked on

2022-06-30 23:39:56 - [TEST_STEP][PASSED] - verifyTextPresent("No Search String", true): Text 'No Search String' is present on page  using regular expression

2022-06-30 23:39:56 - [MESSAGE][PASSED] - Text 'No Search String' is present on page  using regular expression

2022-06-30 23:39:56 - [TEST_STEP][PASSED] - verifyTextPresent("You must provide a search string of at least 2 characters", true): Text 'You must provide a search string of at least 2 characters' is present on page  using regular expression

2022-06-30 23:39:56 - [MESSAGE][PASSED] - Text 'You must provide a search string of at least 2 characters' is present on page  using regular expression

2022-06-30 23:39:56 - [TEST_STEP][PASSED] - closeBrowser(): Browser is closed

2022-06-30 23:39:57 - [MESSAGE][PASSED] - Browser is closed

2022-06-30 23:39:57 - [TEST_STEP][PASSED] - ExecuteTC = findTestData(dataFile).getValue("Execute", row): null

2022-06-30 23:39:57 - [TEST_STEP][PASSED] - out.println("Value of Execute is : " + ExecuteTC): null

2022-06-30 23:39:57 - [TEST_STEP][PASSED] - switch (executionProfile): null

2022-06-30 23:39:57 - [TEST_STEP][PASSED] - case "QAProfile":: null

2022-06-30 23:39:57 - [TEST_STEP][PASSED] - appName = findTestData(dataFile).getValue("AppNameQA", row): null

2022-06-30 23:39:57 - [TEST_STEP][PASSED] - appID = findTestData(dataFile).getValue("AppIDQA", row): null

2022-06-30 23:39:57 - [TEST_STEP][PASSED] - break: null

2022-06-30 23:39:57 - [TEST_STEP][PASSED] - if (ExecuteTC.equalsIgnoreCase("Y")): Browser is closed

2022-06-30 23:39:57 - [TEST_STEP][PASSED] - out.println("Begin Record Number: " + row): null

2022-06-30 23:39:57 - [TEST_STEP][PASSED] - today = new java.util.Date(): null

2022-06-30 23:39:57 - [TEST_STEP][PASSED] - println(today): null

2022-06-30 23:39:57 - [TEST_STEP][PASSED] - datText = today: null

2022-06-30 23:39:57 - [TEST_STEP][PASSED] - adminSuiteBootstrap.loginFunctionality.login_AdminSuite(): adminSuiteBootstrap.loginFunctionality.login_AdminSuite is PASSED

2022-06-30 23:39:57 - [MESSAGE][INFO] - Starting 'Chrome' driver

2022-06-30 23:39:57 - [MESSAGE][INFO] - User set preference: ['acceptInsecureCerts', 'true']

2022-06-30 23:39:57 - [MESSAGE][INFO] - Action delay is set to 0 milliseconds

2022-06-30 23:40:00 - [MESSAGE][PASSED] - Browser is opened with url: 'https://qa.velocitypayment.com/admin/imtiaz'

2022-06-30 23:40:00 - [MESSAGE][PASSED] - Current window maximized

2022-06-30 23:40:01 - [MESSAGE][PASSED] - Object 'Object Repository/Login_Page/Login_Username' is present

2022-06-30 23:40:02 - [MESSAGE][PASSED] - Text 'iahmed' is set on object 'Object Repository/Login_Page/Login_Username'

2022-06-30 23:40:02 - [MESSAGE][PASSED] - Text 'hello2222' is set on object 'Object Repository/Login_Page/Login_Password'

2022-06-30 23:40:06 - [MESSAGE][PASSED] - Object: 'Object Repository/Login_Page/Login_Submit' is clicked on

2022-06-30 23:40:06 - [MESSAGE][PASSED] - adminSuiteBootstrap.loginFunctionality.login_AdminSuite is PASSED

2022-06-30 23:40:06 - [TEST_STEP][PASSED] - click(findTestObject(path_Dashboard + appName)): Object: 'Object Repository/AdminSuiteBootstrap_Pages/Dashboard_Bootstrap/a_Access AutoNoCFtp' is clicked on

2022-06-30 23:40:08 - [MESSAGE][PASSED] - Object: 'Object Repository/AdminSuiteBootstrap_Pages/Dashboard_Bootstrap/a_Access AutoNoCFtp' is clicked on

2022-06-30 23:40:08 - [TEST_STEP][PASSED] - click(findTestObject(path_VT + "a_Create")): Object: 'Object Repository/AdminSuiteBootstrap_Pages/VT_Bootstrap/IssueTransactions/a_Create' is clicked on

2022-06-30 23:40:09 - [MESSAGE][PASSED] - Object: 'Object Repository/AdminSuiteBootstrap_Pages/VT_Bootstrap/IssueTransactions/a_Create' is clicked on

2022-06-30 23:40:09 - [TEST_STEP][PASSED] - vspBootstrap.CreateProfilePage.setDataONLYCreateProfile(row, dataFile): vspBootstrap.CreateProfilePage.setDataONLYCreateProfile is PASSED

2022-06-30 23:40:11 - [MESSAGE][PASSED] - Text '21054' is set on object 'Object Repository/AdminSuiteBootstrap_Pages/VSP_Bootstrap/CreateProfile/input_PostalCode'

2022-06-30 23:40:12 - [MESSAGE][PASSED] - Text 'U0VK2uqMt1k0' is set on object 'Object Repository/AdminSuiteBootstrap_Pages/VSP_Bootstrap/CreateProfile/input_profileName'

2022-06-30 23:40:13 - [MESSAGE][PASSED] - Text 'Delta Corp' is set on object 'Object Repository/AdminSuiteBootstrap_Pages/VSP_Bootstrap/CreateProfile/input_CompanyName'

2022-06-30 23:40:14 - [MESSAGE][PASSED] - All options with label 'Mr.' are selected in object 'Object Repository/AdminSuiteBootstrap_Pages/VSP_Bootstrap/CreateProfile/select_Title'  using regular expression

2022-06-30 23:40:14 - [MESSAGE][PASSED] - Text 'Ross' is set on object 'Object Repository/AdminSuiteBootstrap_Pages/VSP_Bootstrap/CreateProfile/input_FirstName'

2022-06-30 23:40:15 - [MESSAGE][PASSED] - Text 'KT' is set on object 'Object Repository/AdminSuiteBootstrap_Pages/VSP_Bootstrap/CreateProfile/input_MiddleName'

2022-06-30 23:40:16 - [MESSAGE][PASSED] - Text 'Evan' is set on object 'Object Repository/AdminSuiteBootstrap_Pages/VSP_Bootstrap/CreateProfile/input_LastName'

2022-06-30 23:40:17 - [MESSAGE][PASSED] - All options with label 'Sr.' are selected in object 'Object Repository/AdminSuiteBootstrap_Pages/VSP_Bootstrap/CreateProfile/select_Suffix'  using regular expression

2022-06-30 23:40:17 - [MESSAGE][PASSED] - Text '256987 Nolm Ct' is set on object 'Object Repository/AdminSuiteBootstrap_Pages/VSP_Bootstrap/CreateProfile/input_address1'

2022-06-30 23:40:18 - [MESSAGE][PASSED] - Text 'Suite 678' is set on object 'Object Repository/AdminSuiteBootstrap_Pages/VSP_Bootstrap/CreateProfile/input_AddressLine2'

2022-06-30 23:40:19 - [MESSAGE][PASSED] - Text '1234' is set on object 'Object Repository/AdminSuiteBootstrap_Pages/VSP_Bootstrap/CreateProfile/input_PostalCodeExt'

2022-06-30 23:40:19 - [MESSAGE][PASSED] - Text 'iahmed@govolution.com' is set on object 'Object Repository/AdminSuiteBootstrap_Pages/VSP_Bootstrap/CreateProfile/input_EmaiAddress'

2022-06-30 23:40:20 - [MESSAGE][PASSED] - Text '240' is set on object 'Object Repository/AdminSuiteBootstrap_Pages/VSP_Bootstrap/CreateProfile/input_HomePhoneNumber_HomeAreaCode'

2022-06-30 23:40:21 - [MESSAGE][PASSED] - Text '628' is set on object 'Object Repository/AdminSuiteBootstrap_Pages/VSP_Bootstrap/CreateProfile/input_homePrefixNumber'

2022-06-30 23:40:21 - [MESSAGE][PASSED] - Text '0790' is set on object 'Object Repository/AdminSuiteBootstrap_Pages/VSP_Bootstrap/CreateProfile/input_homeSuffixNumber'

2022-06-30 23:40:22 - [MESSAGE][PASSED] - Text '240' is set on object 'Object Repository/AdminSuiteBootstrap_Pages/VSP_Bootstrap/CreateProfile/input_MobilePhoneNumber_mobileAreaCode'

2022-06-30 23:40:23 - [MESSAGE][PASSED] - Text '628' is set on object 'Object Repository/AdminSuiteBootstrap_Pages/VSP_Bootstrap/CreateProfile/input_mobilePrefixNumber'

2022-06-30 23:40:23 - [MESSAGE][PASSED] - Text '0791' is set on object 'Object Repository/AdminSuiteBootstrap_Pages/VSP_Bootstrap/CreateProfile/input_mobileSuffixNumber'

2022-06-30 23:40:24 - [MESSAGE][PASSED] - Text '410' is set on object 'Object Repository/AdminSuiteBootstrap_Pages/VSP_Bootstrap/CreateProfile/input_WorkPhoneNumber_workAreaCode'

2022-06-30 23:40:25 - [MESSAGE][PASSED] - Text '628' is set on object 'Object Repository/AdminSuiteBootstrap_Pages/VSP_Bootstrap/CreateProfile/input_workPrefixNumber'

2022-06-30 23:40:25 - [MESSAGE][PASSED] - Text '0792' is set on object 'Object Repository/AdminSuiteBootstrap_Pages/VSP_Bootstrap/CreateProfile/input_workSuffixNumber'

2022-06-30 23:40:26 - [MESSAGE][PASSED] - Text '123' is set on object 'Object Repository/AdminSuiteBootstrap_Pages/VSP_Bootstrap/CreateProfile/input_Ext_workExtension'

2022-06-30 23:40:27 - [MESSAGE][PASSED] - Text 'This Profile is for Add ACH' is set on object 'Object Repository/AdminSuiteBootstrap_Pages/VSP_Bootstrap/CreateProfile/textarea_NotesComments_note'

2022-06-30 23:40:27 - [MESSAGE][PASSED] - vspBootstrap.CreateProfilePage.setDataONLYCreateProfile is PASSED

2022-06-30 23:40:27 - [TEST_STEP][PASSED] - click(findTestObject(path_CreateProfile + "button_Save  Add ACH")): Object: 'Object Repository/AdminSuiteBootstrap_Pages/VSP_Bootstrap/CreateProfile/button_Save  Add ACH' is clicked on

2022-06-30 23:40:28 - [MESSAGE][PASSED] - Object: 'Object Repository/AdminSuiteBootstrap_Pages/VSP_Bootstrap/CreateProfile/button_Save  Add ACH' is clicked on

2022-06-30 23:40:28 - [TEST_STEP][PASSED] - verifyTextPresent("Profile successfully created", true): Text 'Profile successfully created' is present on page  using regular expression

2022-06-30 23:40:29 - [MESSAGE][PASSED] - Text 'Profile successfully created' is present on page  using regular expression

2022-06-30 23:40:29 - [TEST_STEP][PASSED] - vspBootstrap.AddACHPage.setDataAddACH(row, dataFile): vspBootstrap.AddACHPage.setDataAddACH is PASSED

2022-06-30 23:40:30 - [MESSAGE][PASSED] - Text '256072691' is set on object 'Object Repository/AdminSuiteBootstrap_Pages/VSP_Bootstrap/AddACH/input_routingTransitNumber'

2022-06-30 23:40:31 - [MESSAGE][PASSED] - All options with label 'Business Checking' are selected in object 'Object Repository/AdminSuiteBootstrap_Pages/VSP_Bootstrap/AddACH/select_PaymentType'  using regular expression

2022-06-30 23:40:32 - [MESSAGE][PASSED] - Text 'Ross Corp' is set on object 'Object Repository/AdminSuiteBootstrap_Pages/VSP_Bootstrap/AddACH/input_nickName'

2022-06-30 23:40:32 - [MESSAGE][PASSED] - Text '25874444' is set on object 'Object Repository/AdminSuiteBootstrap_Pages/VSP_Bootstrap/AddACH/input_accountNumber'

2022-06-30 23:40:34 - [MESSAGE][PASSED] - Object: 'Object Repository/AdminSuiteBootstrap_Pages/VSP_Bootstrap/AddACH/button_Create' is clicked on

2022-06-30 23:40:34 - [MESSAGE][PASSED] - vspBootstrap.AddACHPage.setDataAddACH is PASSED

2022-06-30 23:40:34 - [TEST_STEP][PASSED] - verifyTextPresent("Payment Method Created", true): Text 'Payment Method Created' is present on page  using regular expression

2022-06-30 23:40:35 - [MESSAGE][PASSED] - Text 'Payment Method Created' is present on page  using regular expression

2022-06-30 23:40:35 - [TEST_STEP][PASSED] - verifyTextPresent("Payment method creation successful", true): Text 'Payment method creation successful' is present on page  using regular expression

2022-06-30 23:40:35 - [MESSAGE][PASSED] - Text 'Payment method creation successful' is present on page  using regular expression

2022-06-30 23:40:35 - [TEST_STEP][PASSED] - click(findTestObject(path_ViewProfile + "a_Edit_ACH")): Object: 'Object Repository/AdminSuiteBootstrap_Pages/VSP_Bootstrap/View Profile/a_Edit_ACH' is clicked on

2022-06-30 23:40:36 - [MESSAGE][PASSED] - Object: 'Object Repository/AdminSuiteBootstrap_Pages/VSP_Bootstrap/View Profile/a_Edit_ACH' is clicked on

2022-06-30 23:40:36 - [TEST_STEP][PASSED] - nicknameMod = findTestData(dataFile).getValue("NicknameACHMod", row): null

2022-06-30 23:40:36 - [TEST_STEP][PASSED] - setText(findTestObject(path_ModifyACH + "input_nickName"), nicknameMod): Text 'Ross Corp Mod' is set on object 'Object Repository/AdminSuiteBootstrap_Pages/VSP_Bootstrap/ModifyACH/input_nickName'

2022-06-30 23:40:37 - [MESSAGE][PASSED] - Text 'Ross Corp Mod' is set on object 'Object Repository/AdminSuiteBootstrap_Pages/VSP_Bootstrap/ModifyACH/input_nickName'

2022-06-30 23:40:37 - [TEST_STEP][PASSED] - click(findTestObject(path_ModifyACH + "button_Modify")): Object: 'Object Repository/AdminSuiteBootstrap_Pages/VSP_Bootstrap/ModifyACH/button_Modify' is clicked on

2022-06-30 23:40:39 - [MESSAGE][PASSED] - Object: 'Object Repository/AdminSuiteBootstrap_Pages/VSP_Bootstrap/ModifyACH/button_Modify' is clicked on

2022-06-30 23:40:39 - [TEST_STEP][PASSED] - verifyTextPresent("Payment Method Modification", true): Text 'Payment Method Modification' is present on page  using regular expression

2022-06-30 23:40:39 - [MESSAGE][PASSED] - Text 'Payment Method Modification' is present on page  using regular expression

2022-06-30 23:40:39 - [TEST_STEP][PASSED] - verifyTextPresent("Payment method successfully modified", true): Text 'Payment method successfully modified' is present on page  using regular expression

2022-06-30 23:40:39 - [MESSAGE][PASSED] - Text 'Payment method successfully modified' is present on page  using regular expression

2022-06-30 23:40:39 - [TEST_STEP][PASSED] - verifyTextPresent(nicknameMod, true): Text 'Ross Corp Mod' is present on page  using regular expression

2022-06-30 23:40:40 - [MESSAGE][PASSED] - Text 'Ross Corp Mod' is present on page  using regular expression

2022-06-30 23:40:40 - [TEST_STEP][PASSED] - click(findTestObject(path_ViewProfile + "a_DeleteACH2")): Object: 'Object Repository/AdminSuiteBootstrap_Pages/VSP_Bootstrap/View Profile/a_DeleteACH2' is clicked on

2022-06-30 23:40:41 - [MESSAGE][PASSED] - Object: 'Object Repository/AdminSuiteBootstrap_Pages/VSP_Bootstrap/View Profile/a_DeleteACH2' is clicked on

2022-06-30 23:40:41 - [TEST_STEP][PASSED] - verifyTextPresent("Delete Bank Account Confirmation", true): Text 'Delete Bank Account Confirmation' is present on page  using regular expression

2022-06-30 23:40:41 - [MESSAGE][PASSED] - Text 'Delete Bank Account Confirmation' is present on page  using regular expression

2022-06-30 23:40:41 - [TEST_STEP][PASSED] - verifyTextPresent("This will delete the bank account. Are you sure you want to do this?", true): Text 'This will delete the bank account. Are you sure you want to do this?' is present on page  using regular expression

2022-06-30 23:40:42 - [MESSAGE][PASSED] - Text 'This will delete the bank account. Are you sure you want to do this?' is present on page  using regular expression

2022-06-30 23:40:42 - [TEST_STEP][PASSED] - click(findTestObject(path_ViewProfile + "button_DeleteACHConfirm")): Object: 'Object Repository/AdminSuiteBootstrap_Pages/VSP_Bootstrap/View Profile/button_DeleteACHConfirm' is clicked on

2022-06-30 23:40:43 - [MESSAGE][PASSED] - Object: 'Object Repository/AdminSuiteBootstrap_Pages/VSP_Bootstrap/View Profile/button_DeleteACHConfirm' is clicked on

2022-06-30 23:40:43 - [TEST_STEP][PASSED] - verifyTextPresent("Payment Method Deletion", true): Text 'Payment Method Deletion' is present on page  using regular expression

2022-06-30 23:40:43 - [MESSAGE][PASSED] - Text 'Payment Method Deletion' is present on page  using regular expression

2022-06-30 23:40:43 - [TEST_STEP][PASSED] - verifyTextPresent("Payment method was successfully deleted.", true): Text 'Payment method was successfully deleted.' is present on page  using regular expression

2022-06-30 23:40:44 - [MESSAGE][PASSED] - Text 'Payment method was successfully deleted.' is present on page  using regular expression

2022-06-30 23:40:44 - [TEST_STEP][PASSED] - click(findTestObject(path_ViewProfile + "a_Delete Profile")): Object: 'Object Repository/AdminSuiteBootstrap_Pages/VSP_Bootstrap/View Profile/a_Delete Profile' is clicked on

2022-06-30 23:40:45 - [MESSAGE][PASSED] - Object: 'Object Repository/AdminSuiteBootstrap_Pages/VSP_Bootstrap/View Profile/a_Delete Profile' is clicked on

2022-06-30 23:40:45 - [TEST_STEP][PASSED] - verifyTextPresent("This will delete all of the following information. Are you sure you want to do this?", true): Text 'This will delete all of the following information. Are you sure you want to do this?' is present on page  using regular expression

2022-06-30 23:40:45 - [MESSAGE][PASSED] - Text 'This will delete all of the following information. Are you sure you want to do this?' is present on page  using regular expression

2022-06-30 23:40:45 - [TEST_STEP][PASSED] - click(findTestObject(path_DeleteProfileConfirm + "button_Delete")): Object: 'Object Repository/AdminSuiteBootstrap_Pages/VSP_Bootstrap/DeleteProfileConfirm/button_Delete' is clicked on

2022-06-30 23:40:47 - [MESSAGE][PASSED] - Object: 'Object Repository/AdminSuiteBootstrap_Pages/VSP_Bootstrap/DeleteProfileConfirm/button_Delete' is clicked on

2022-06-30 23:40:47 - [TEST_STEP][PASSED] - verifyTextPresent("No Search String", true): Text 'No Search String' is present on page  using regular expression

2022-06-30 23:40:47 - [MESSAGE][PASSED] - Text 'No Search String' is present on page  using regular expression

2022-06-30 23:40:47 - [TEST_STEP][PASSED] - verifyTextPresent("You must provide a search string of at least 2 characters", true): Text 'You must provide a search string of at least 2 characters' is present on page  using regular expression

2022-06-30 23:40:47 - [MESSAGE][PASSED] - Text 'You must provide a search string of at least 2 characters' is present on page  using regular expression

2022-06-30 23:40:47 - [TEST_STEP][PASSED] - closeBrowser(): Browser is closed

2022-06-30 23:40:48 - [MESSAGE][PASSED] - Browser is closed]]></system-out>
         <system-err><![CDATA[]]></system-err>
      </testcase>
      <testcase name="Test Cases/Admin Suite Bootstrap/VSP_Profile_TestCases/AddModifyDeleteACH2_Generic_TC" time="162.036" classname="Test Cases/Admin Suite Bootstrap/VSP_Profile_TestCases/AddModifyDeleteACH2_Generic_TC" status="PASSED">
         <system-out><![CDATA[2022-07-01 00:03:13 - [TEST_CASE][PASSED] - Test Cases/Admin Suite Bootstrap/VSP_Profile_TestCases/AddModifyDeleteACH2_Generic_TC: Test Cases/Admin Suite Bootstrap/VSP_Profile_TestCases/AddModifyDeleteACH2_Generic_TC

2022-07-01 00:03:13 - [TEST_STEP][PASSED] - path_Dashboard = "Object Repository/AdminSuiteBootstrap_Pages/Dashboard_Bootstrap/": null

2022-07-01 00:03:13 - [TEST_STEP][PASSED] - path_VT = "Object Repository/AdminSuiteBootstrap_Pages/VT_Bootstrap/IssueTransactions/": null

2022-07-01 00:03:13 - [TEST_STEP][PASSED] - path_CreateProfile = "Object Repository/AdminSuiteBootstrap_Pages/VSP_Bootstrap/CreateProfile/": null

2022-07-01 00:03:13 - [TEST_STEP][PASSED] - path_AddAccount = "Object Repository/AdminSuiteBootstrap_Pages/VSP_Bootstrap/AddAccount/": null

2022-07-01 00:03:13 - [TEST_STEP][PASSED] - path_Add_ACH = "Object Repository/AdminSuiteBootstrap_Pages/VSP_Bootstrap/AddACH/": null

2022-07-01 00:03:13 - [TEST_STEP][PASSED] - path_Add_CC = "Object Repository/AdminSuiteBootstrap_Pages/VSP_Bootstrap/AddCreditCard/": null

2022-07-01 00:03:13 - [TEST_STEP][PASSED] - path_App_Plan = "Object Repository/AdminSuiteBootstrap_Pages/VSP_Bootstrap/AddPaymentPlan/": null

2022-07-01 00:03:13 - [TEST_STEP][PASSED] - path_DeleteProfile = "Object Repository/AdminSuiteBootstrap_Pages/VSP_Bootstrap/DeleteProfile/": null

2022-07-01 00:03:13 - [TEST_STEP][PASSED] - path_ModifyProfile = "Object Repository/AdminSuiteBootstrap_Pages/VSP_Bootstrap/ModifyProfile/": null

2022-07-01 00:03:13 - [TEST_STEP][PASSED] - path_ViewProfile = "Object Repository/AdminSuiteBootstrap_Pages/VSP_Bootstrap/View Profile/": null

2022-07-01 00:03:13 - [TEST_STEP][PASSED] - path_VSPAuth = "Object Repository/AdminSuiteBootstrap_Pages/VSP_Bootstrap/VSP_Auth/": null

2022-07-01 00:03:13 - [TEST_STEP][PASSED] - path_VSPAuthCap = "Object Repository/AdminSuiteBootstrap_Pages/VSP_Bootstrap/VSP_Authcap/": null

2022-07-01 00:03:13 - [TEST_STEP][PASSED] - path_Debit = "Object Repository/AdminSuiteBootstrap_Pages/VSP_Bootstrap/VSP_Debit/": null

2022-07-01 00:03:13 - [TEST_STEP][PASSED] - path_DeleteProfileConfirm = "Object Repository/AdminSuiteBootstrap_Pages/VSP_Bootstrap/DeleteProfileConfirm/": null

2022-07-01 00:03:13 - [TEST_STEP][PASSED] - path_ModifyACH = "Object Repository/AdminSuiteBootstrap_Pages/VSP_Bootstrap/ModifyACH/": null

2022-07-01 00:03:13 - [TEST_STEP][PASSED] - executionProfile = getExecutionProfile(): null

2022-07-01 00:03:13 - [TEST_STEP][PASSED] - out.println("executionProfile : " + executionProfile): null

2022-07-01 00:03:13 - [TEST_STEP][PASSED] - appName = <not implemented yet for class: org.codehaus.groovy.ast.expr.EmptyExpression>: null

2022-07-01 00:03:13 - [TEST_STEP][PASSED] - appID = <not implemented yet for class: org.codehaus.groovy.ast.expr.EmptyExpression>: null

2022-07-01 00:03:13 - [TEST_STEP][PASSED] - cardNameV = <not implemented yet for class: org.codehaus.groovy.ast.expr.EmptyExpression>: null

2022-07-01 00:03:13 - [TEST_STEP][PASSED] - al1V = <not implemented yet for class: org.codehaus.groovy.ast.expr.EmptyExpression>: null

2022-07-01 00:03:13 - [TEST_STEP][PASSED] - al2V = <not implemented yet for class: org.codehaus.groovy.ast.expr.EmptyExpression>: null

2022-07-01 00:03:13 - [TEST_STEP][PASSED] - zipV = <not implemented yet for class: org.codehaus.groovy.ast.expr.EmptyExpression>: null

2022-07-01 00:03:13 - [TEST_STEP][PASSED] - cardTypeV = <not implemented yet for class: org.codehaus.groovy.ast.expr.EmptyExpression>: null

2022-07-01 00:03:13 - [TEST_STEP][PASSED] - last4V = <not implemented yet for class: org.codehaus.groovy.ast.expr.EmptyExpression>: null

2022-07-01 00:03:13 - [TEST_STEP][PASSED] - nameSheet = "AddModifyDeleteACH": null

2022-07-01 00:03:13 - [TEST_STEP][PASSED] - numOfRows = findTestData("QA/Bootstrap/VSP-Profile-TestData/AddModifyDeleteACH").getRowNumbers(): null

2022-07-01 00:03:13 - [TEST_STEP][PASSED] - println("Number of Records: " + numOfRows): null

2022-07-01 00:03:13 - [TEST_STEP][PASSED] - dataFile = "QA/Bootstrap/VSP-Profile-TestData/AddModifyDeleteACH": null

2022-07-01 00:03:13 - [TEST_STEP][PASSED] - for ([row = 1, row <= numOfRows, (row++)]): Browser is closed

2022-07-01 00:03:13 - [TEST_STEP][PASSED] - ExecuteTC = findTestData(dataFile).getValue("Execute", row): null

2022-07-01 00:03:13 - [TEST_STEP][PASSED] - out.println("Value of Execute is : " + ExecuteTC): null

2022-07-01 00:03:13 - [TEST_STEP][PASSED] - switch (executionProfile): null

2022-07-01 00:03:13 - [TEST_STEP][PASSED] - case "QAProfile":: null

2022-07-01 00:03:13 - [TEST_STEP][PASSED] - appName = findTestData(dataFile).getValue("AppNameQA", row): null

2022-07-01 00:03:13 - [TEST_STEP][PASSED] - appID = findTestData(dataFile).getValue("AppIDQA", row): null

2022-07-01 00:03:13 - [TEST_STEP][PASSED] - break: null

2022-07-01 00:03:13 - [TEST_STEP][PASSED] - if (ExecuteTC.equalsIgnoreCase("Y")): Browser is closed

2022-07-01 00:03:13 - [TEST_STEP][PASSED] - out.println("Begin Record Number: " + row): null

2022-07-01 00:03:13 - [TEST_STEP][PASSED] - today = new java.util.Date(): null

2022-07-01 00:03:13 - [TEST_STEP][PASSED] - println(today): null

2022-07-01 00:03:13 - [TEST_STEP][PASSED] - datText = today: null

2022-07-01 00:03:13 - [TEST_STEP][PASSED] - adminSuiteBootstrap.loginFunctionality.login_AdminSuite(): adminSuiteBootstrap.loginFunctionality.login_AdminSuite is PASSED

2022-07-01 00:03:13 - [MESSAGE][INFO] - Starting 'Chrome' driver

2022-07-01 00:03:13 - [MESSAGE][INFO] - User set preference: ['acceptInsecureCerts', 'true']

2022-07-01 00:03:13 - [MESSAGE][INFO] - Action delay is set to 0 milliseconds

2022-07-01 00:03:16 - [MESSAGE][PASSED] - Browser is opened with url: 'https://qa.velocitypayment.com/admin/imtiaz'

2022-07-01 00:03:16 - [MESSAGE][PASSED] - Current window maximized

2022-07-01 00:03:17 - [MESSAGE][PASSED] - Object 'Object Repository/Login_Page/Login_Username' is present

2022-07-01 00:03:17 - [MESSAGE][PASSED] - Text 'iahmed' is set on object 'Object Repository/Login_Page/Login_Username'

2022-07-01 00:03:18 - [MESSAGE][PASSED] - Text 'hello2222' is set on object 'Object Repository/Login_Page/Login_Password'

2022-07-01 00:03:22 - [MESSAGE][PASSED] - Object: 'Object Repository/Login_Page/Login_Submit' is clicked on

2022-07-01 00:03:22 - [MESSAGE][PASSED] - adminSuiteBootstrap.loginFunctionality.login_AdminSuite is PASSED

2022-07-01 00:03:22 - [TEST_STEP][PASSED] - click(findTestObject(path_Dashboard + appName)): Object: 'Object Repository/AdminSuiteBootstrap_Pages/Dashboard_Bootstrap/a_Access AutoNoCFtp' is clicked on

2022-07-01 00:03:23 - [MESSAGE][PASSED] - Object: 'Object Repository/AdminSuiteBootstrap_Pages/Dashboard_Bootstrap/a_Access AutoNoCFtp' is clicked on

2022-07-01 00:03:23 - [TEST_STEP][PASSED] - click(findTestObject(path_VT + "a_Create")): Object: 'Object Repository/AdminSuiteBootstrap_Pages/VT_Bootstrap/IssueTransactions/a_Create' is clicked on

2022-07-01 00:03:24 - [MESSAGE][PASSED] - Object: 'Object Repository/AdminSuiteBootstrap_Pages/VT_Bootstrap/IssueTransactions/a_Create' is clicked on

2022-07-01 00:03:24 - [TEST_STEP][PASSED] - vspBootstrap.CreateProfilePage.setDataCreateProfile(row, dataFile): vspBootstrap.CreateProfilePage.setDataCreateProfile is PASSED

2022-07-01 00:03:27 - [MESSAGE][PASSED] - Text '21054' is set on object 'Object Repository/AdminSuiteBootstrap_Pages/VSP_Bootstrap/CreateProfile/input_PostalCode'

2022-07-01 00:03:27 - [MESSAGE][PASSED] - Text 'ETPRuRXKUldP' is set on object 'Object Repository/AdminSuiteBootstrap_Pages/VSP_Bootstrap/CreateProfile/input_profileName'

2022-07-01 00:03:28 - [MESSAGE][PASSED] - Text 'Delta Corp' is set on object 'Object Repository/AdminSuiteBootstrap_Pages/VSP_Bootstrap/CreateProfile/input_CompanyName'

2022-07-01 00:03:29 - [MESSAGE][PASSED] - All options with label 'Mr.' are selected in object 'Object Repository/AdminSuiteBootstrap_Pages/VSP_Bootstrap/CreateProfile/select_Title'  using regular expression

2022-07-01 00:03:30 - [MESSAGE][PASSED] - Text 'Ross' is set on object 'Object Repository/AdminSuiteBootstrap_Pages/VSP_Bootstrap/CreateProfile/input_FirstName'

2022-07-01 00:03:30 - [MESSAGE][PASSED] - Text 'KT' is set on object 'Object Repository/AdminSuiteBootstrap_Pages/VSP_Bootstrap/CreateProfile/input_MiddleName'

2022-07-01 00:03:31 - [MESSAGE][PASSED] - Text 'Evan' is set on object 'Object Repository/AdminSuiteBootstrap_Pages/VSP_Bootstrap/CreateProfile/input_LastName'

2022-07-01 00:03:32 - [MESSAGE][PASSED] - All options with label 'Sr.' are selected in object 'Object Repository/AdminSuiteBootstrap_Pages/VSP_Bootstrap/CreateProfile/select_Suffix'  using regular expression

2022-07-01 00:03:32 - [MESSAGE][PASSED] - Text '256987 Nolm Ct' is set on object 'Object Repository/AdminSuiteBootstrap_Pages/VSP_Bootstrap/CreateProfile/input_address1'

2022-07-01 00:03:33 - [MESSAGE][PASSED] - Text 'Suite 678' is set on object 'Object Repository/AdminSuiteBootstrap_Pages/VSP_Bootstrap/CreateProfile/input_AddressLine2'

2022-07-01 00:03:34 - [MESSAGE][PASSED] - Text '1234' is set on object 'Object Repository/AdminSuiteBootstrap_Pages/VSP_Bootstrap/CreateProfile/input_PostalCodeExt'

2022-07-01 00:03:34 - [MESSAGE][PASSED] - Text 'iahmed@govolution.com' is set on object 'Object Repository/AdminSuiteBootstrap_Pages/VSP_Bootstrap/CreateProfile/input_EmaiAddress'

2022-07-01 00:03:35 - [MESSAGE][PASSED] - Text '240' is set on object 'Object Repository/AdminSuiteBootstrap_Pages/VSP_Bootstrap/CreateProfile/input_HomePhoneNumber_HomeAreaCode'

2022-07-01 00:03:36 - [MESSAGE][PASSED] - Text '628' is set on object 'Object Repository/AdminSuiteBootstrap_Pages/VSP_Bootstrap/CreateProfile/input_homePrefixNumber'

2022-07-01 00:03:36 - [MESSAGE][PASSED] - Text '0790' is set on object 'Object Repository/AdminSuiteBootstrap_Pages/VSP_Bootstrap/CreateProfile/input_homeSuffixNumber'

2022-07-01 00:03:37 - [MESSAGE][PASSED] - Text '240' is set on object 'Object Repository/AdminSuiteBootstrap_Pages/VSP_Bootstrap/CreateProfile/input_MobilePhoneNumber_mobileAreaCode'

2022-07-01 00:03:38 - [MESSAGE][PASSED] - Text '628' is set on object 'Object Repository/AdminSuiteBootstrap_Pages/VSP_Bootstrap/CreateProfile/input_mobilePrefixNumber'

2022-07-01 00:03:38 - [MESSAGE][PASSED] - Text '0791' is set on object 'Object Repository/AdminSuiteBootstrap_Pages/VSP_Bootstrap/CreateProfile/input_mobileSuffixNumber'

2022-07-01 00:03:39 - [MESSAGE][PASSED] - Text '410' is set on object 'Object Repository/AdminSuiteBootstrap_Pages/VSP_Bootstrap/CreateProfile/input_WorkPhoneNumber_workAreaCode'

2022-07-01 00:03:40 - [MESSAGE][PASSED] - Text '628' is set on object 'Object Repository/AdminSuiteBootstrap_Pages/VSP_Bootstrap/CreateProfile/input_workPrefixNumber'

2022-07-01 00:03:40 - [MESSAGE][PASSED] - Text '0792' is set on object 'Object Repository/AdminSuiteBootstrap_Pages/VSP_Bootstrap/CreateProfile/input_workSuffixNumber'

2022-07-01 00:03:41 - [MESSAGE][PASSED] - Text '123' is set on object 'Object Repository/AdminSuiteBootstrap_Pages/VSP_Bootstrap/CreateProfile/input_Ext_workExtension'

2022-07-01 00:03:42 - [MESSAGE][PASSED] - Text 'This Profile is for Add ACH' is set on object 'Object Repository/AdminSuiteBootstrap_Pages/VSP_Bootstrap/CreateProfile/textarea_NotesComments_note'

2022-07-01 00:03:44 - [MESSAGE][PASSED] - Object: 'Object Repository/AdminSuiteBootstrap_Pages/VSP_Bootstrap/CreateProfile/button_Save' is clicked on

2022-07-01 00:03:44 - [MESSAGE][PASSED] - vspBootstrap.CreateProfilePage.setDataCreateProfile is PASSED

2022-07-01 00:03:44 - [TEST_STEP][PASSED] - verifyTextPresent("Profile successfully created", true): Text 'Profile successfully created' is present on page  using regular expression

2022-07-01 00:03:45 - [MESSAGE][PASSED] - Text 'Profile successfully created' is present on page  using regular expression

2022-07-01 00:03:45 - [TEST_STEP][PASSED] - click(findTestObject(path_ViewProfile + "button_Add ACH")): Object: 'Object Repository/AdminSuiteBootstrap_Pages/VSP_Bootstrap/View Profile/button_Add ACH' is clicked on

2022-07-01 00:03:46 - [MESSAGE][PASSED] - Object: 'Object Repository/AdminSuiteBootstrap_Pages/VSP_Bootstrap/View Profile/button_Add ACH' is clicked on

2022-07-01 00:03:46 - [TEST_STEP][PASSED] - vspBootstrap.AddACHPage.setDataAddACH(row, dataFile): vspBootstrap.AddACHPage.setDataAddACH is PASSED

2022-07-01 00:03:47 - [MESSAGE][PASSED] - Text '256072691' is set on object 'Object Repository/AdminSuiteBootstrap_Pages/VSP_Bootstrap/AddACH/input_routingTransitNumber'

2022-07-01 00:03:48 - [MESSAGE][PASSED] - All options with label 'Personal Checking' are selected in object 'Object Repository/AdminSuiteBootstrap_Pages/VSP_Bootstrap/AddACH/select_PaymentType'  using regular expression

2022-07-01 00:03:49 - [MESSAGE][PASSED] - Text 'Ross PC' is set on object 'Object Repository/AdminSuiteBootstrap_Pages/VSP_Bootstrap/AddACH/input_nickName'

2022-07-01 00:03:50 - [MESSAGE][PASSED] - Text '25872222' is set on object 'Object Repository/AdminSuiteBootstrap_Pages/VSP_Bootstrap/AddACH/input_accountNumber'

2022-07-01 00:03:52 - [MESSAGE][PASSED] - Object: 'Object Repository/AdminSuiteBootstrap_Pages/VSP_Bootstrap/AddACH/button_Create' is clicked on

2022-07-01 00:03:52 - [MESSAGE][PASSED] - vspBootstrap.AddACHPage.setDataAddACH is PASSED

2022-07-01 00:03:52 - [TEST_STEP][PASSED] - verifyTextPresent("Payment Method Created", true): Text 'Payment Method Created' is present on page  using regular expression

2022-07-01 00:03:52 - [MESSAGE][PASSED] - Text 'Payment Method Created' is present on page  using regular expression

2022-07-01 00:03:52 - [TEST_STEP][PASSED] - verifyTextPresent("Payment method creation successful", true): Text 'Payment method creation successful' is present on page  using regular expression

2022-07-01 00:03:53 - [MESSAGE][PASSED] - Text 'Payment method creation successful' is present on page  using regular expression

2022-07-01 00:03:53 - [TEST_STEP][PASSED] - click(findTestObject(path_ViewProfile + "a_Edit_ACH")): Object: 'Object Repository/AdminSuiteBootstrap_Pages/VSP_Bootstrap/View Profile/a_Edit_ACH' is clicked on

2022-07-01 00:03:54 - [MESSAGE][PASSED] - Object: 'Object Repository/AdminSuiteBootstrap_Pages/VSP_Bootstrap/View Profile/a_Edit_ACH' is clicked on

2022-07-01 00:03:54 - [TEST_STEP][PASSED] - nicknameMod = findTestData(dataFile).getValue("NicknameACHMod", row): null

2022-07-01 00:03:54 - [TEST_STEP][PASSED] - setText(findTestObject(path_ModifyACH + "input_nickName"), nicknameMod): Text 'Ross PC Mod' is set on object 'Object Repository/AdminSuiteBootstrap_Pages/VSP_Bootstrap/ModifyACH/input_nickName'

2022-07-01 00:03:55 - [MESSAGE][PASSED] - Text 'Ross PC Mod' is set on object 'Object Repository/AdminSuiteBootstrap_Pages/VSP_Bootstrap/ModifyACH/input_nickName'

2022-07-01 00:03:55 - [TEST_STEP][PASSED] - click(findTestObject(path_ModifyACH + "button_Modify")): Object: 'Object Repository/AdminSuiteBootstrap_Pages/VSP_Bootstrap/ModifyACH/button_Modify' is clicked on

2022-07-01 00:03:57 - [MESSAGE][PASSED] - Object: 'Object Repository/AdminSuiteBootstrap_Pages/VSP_Bootstrap/ModifyACH/button_Modify' is clicked on

2022-07-01 00:03:57 - [TEST_STEP][PASSED] - verifyTextPresent("Payment Method Modification", true): Text 'Payment Method Modification' is present on page  using regular expression

2022-07-01 00:03:57 - [MESSAGE][PASSED] - Text 'Payment Method Modification' is present on page  using regular expression

2022-07-01 00:03:57 - [TEST_STEP][PASSED] - verifyTextPresent("Payment method successfully modified", true): Text 'Payment method successfully modified' is present on page  using regular expression

2022-07-01 00:03:58 - [MESSAGE][PASSED] - Text 'Payment method successfully modified' is present on page  using regular expression

2022-07-01 00:03:58 - [TEST_STEP][PASSED] - verifyTextPresent(nicknameMod, true): Text 'Ross PC Mod' is present on page  using regular expression

2022-07-01 00:03:58 - [MESSAGE][PASSED] - Text 'Ross PC Mod' is present on page  using regular expression

2022-07-01 00:03:58 - [TEST_STEP][PASSED] - click(findTestObject(path_ViewProfile + "a_DeleteACH2")): Object: 'Object Repository/AdminSuiteBootstrap_Pages/VSP_Bootstrap/View Profile/a_DeleteACH2' is clicked on

2022-07-01 00:03:59 - [MESSAGE][PASSED] - Object: 'Object Repository/AdminSuiteBootstrap_Pages/VSP_Bootstrap/View Profile/a_DeleteACH2' is clicked on

2022-07-01 00:03:59 - [TEST_STEP][PASSED] - verifyTextPresent("Delete Bank Account Confirmation", true): Text 'Delete Bank Account Confirmation' is present on page  using regular expression

2022-07-01 00:04:00 - [MESSAGE][PASSED] - Text 'Delete Bank Account Confirmation' is present on page  using regular expression

2022-07-01 00:04:00 - [TEST_STEP][PASSED] - verifyTextPresent("This will delete the bank account. Are you sure you want to do this?", true): Text 'This will delete the bank account. Are you sure you want to do this?' is present on page  using regular expression

2022-07-01 00:04:00 - [MESSAGE][PASSED] - Text 'This will delete the bank account. Are you sure you want to do this?' is present on page  using regular expression

2022-07-01 00:04:00 - [TEST_STEP][PASSED] - click(findTestObject(path_ViewProfile + "button_DeleteACHConfirm")): Object: 'Object Repository/AdminSuiteBootstrap_Pages/VSP_Bootstrap/View Profile/button_DeleteACHConfirm' is clicked on

2022-07-01 00:04:02 - [MESSAGE][PASSED] - Object: 'Object Repository/AdminSuiteBootstrap_Pages/VSP_Bootstrap/View Profile/button_DeleteACHConfirm' is clicked on

2022-07-01 00:04:02 - [TEST_STEP][PASSED] - verifyTextPresent("Payment Method Deletion", true): Text 'Payment Method Deletion' is present on page  using regular expression

2022-07-01 00:04:03 - [MESSAGE][PASSED] - Text 'Payment Method Deletion' is present on page  using regular expression

2022-07-01 00:04:03 - [TEST_STEP][PASSED] - verifyTextPresent("Payment method was successfully deleted.", true): Text 'Payment method was successfully deleted.' is present on page  using regular expression

2022-07-01 00:04:03 - [MESSAGE][PASSED] - Text 'Payment method was successfully deleted.' is present on page  using regular expression

2022-07-01 00:04:03 - [TEST_STEP][PASSED] - click(findTestObject(path_ViewProfile + "a_Delete Profile")): Object: 'Object Repository/AdminSuiteBootstrap_Pages/VSP_Bootstrap/View Profile/a_Delete Profile' is clicked on

2022-07-01 00:04:04 - [MESSAGE][PASSED] - Object: 'Object Repository/AdminSuiteBootstrap_Pages/VSP_Bootstrap/View Profile/a_Delete Profile' is clicked on

2022-07-01 00:04:04 - [TEST_STEP][PASSED] - verifyTextPresent("This will delete all of the following information. Are you sure you want to do this?", true): Text 'This will delete all of the following information. Are you sure you want to do this?' is present on page  using regular expression

2022-07-01 00:04:04 - [MESSAGE][PASSED] - Text 'This will delete all of the following information. Are you sure you want to do this?' is present on page  using regular expression

2022-07-01 00:04:04 - [TEST_STEP][PASSED] - click(findTestObject(path_DeleteProfileConfirm + "button_Delete")): Object: 'Object Repository/AdminSuiteBootstrap_Pages/VSP_Bootstrap/DeleteProfileConfirm/button_Delete' is clicked on

2022-07-01 00:04:06 - [MESSAGE][PASSED] - Object: 'Object Repository/AdminSuiteBootstrap_Pages/VSP_Bootstrap/DeleteProfileConfirm/button_Delete' is clicked on

2022-07-01 00:04:06 - [TEST_STEP][PASSED] - verifyTextPresent("No Search String", true): Text 'No Search String' is present on page  using regular expression

2022-07-01 00:04:06 - [MESSAGE][PASSED] - Text 'No Search String' is present on page  using regular expression

2022-07-01 00:04:06 - [TEST_STEP][PASSED] - verifyTextPresent("You must provide a search string of at least 2 characters", true): Text 'You must provide a search string of at least 2 characters' is present on page  using regular expression

2022-07-01 00:04:06 - [MESSAGE][PASSED] - Text 'You must provide a search string of at least 2 characters' is present on page  using regular expression

2022-07-01 00:04:06 - [TEST_STEP][PASSED] - closeBrowser(): Browser is closed

2022-07-01 00:04:07 - [MESSAGE][PASSED] - Browser is closed

2022-07-01 00:04:07 - [TEST_STEP][PASSED] - ExecuteTC = findTestData(dataFile).getValue("Execute", row): null

2022-07-01 00:04:08 - [TEST_STEP][PASSED] - out.println("Value of Execute is : " + ExecuteTC): null

2022-07-01 00:04:08 - [TEST_STEP][PASSED] - switch (executionProfile): null

2022-07-01 00:04:08 - [TEST_STEP][PASSED] - case "QAProfile":: null

2022-07-01 00:04:08 - [TEST_STEP][PASSED] - appName = findTestData(dataFile).getValue("AppNameQA", row): null

2022-07-01 00:04:08 - [TEST_STEP][PASSED] - appID = findTestData(dataFile).getValue("AppIDQA", row): null

2022-07-01 00:04:08 - [TEST_STEP][PASSED] - break: null

2022-07-01 00:04:08 - [TEST_STEP][PASSED] - if (ExecuteTC.equalsIgnoreCase("Y")): Browser is closed

2022-07-01 00:04:08 - [TEST_STEP][PASSED] - out.println("Begin Record Number: " + row): null

2022-07-01 00:04:08 - [TEST_STEP][PASSED] - today = new java.util.Date(): null

2022-07-01 00:04:08 - [TEST_STEP][PASSED] - println(today): null

2022-07-01 00:04:08 - [TEST_STEP][PASSED] - datText = today: null

2022-07-01 00:04:08 - [TEST_STEP][PASSED] - adminSuiteBootstrap.loginFunctionality.login_AdminSuite(): adminSuiteBootstrap.loginFunctionality.login_AdminSuite is PASSED

2022-07-01 00:04:08 - [MESSAGE][INFO] - Starting 'Chrome' driver

2022-07-01 00:04:08 - [MESSAGE][INFO] - User set preference: ['acceptInsecureCerts', 'true']

2022-07-01 00:04:08 - [MESSAGE][INFO] - Action delay is set to 0 milliseconds

2022-07-01 00:04:10 - [MESSAGE][PASSED] - Browser is opened with url: 'https://qa.velocitypayment.com/admin/imtiaz'

2022-07-01 00:04:11 - [MESSAGE][PASSED] - Current window maximized

2022-07-01 00:04:11 - [MESSAGE][PASSED] - Object 'Object Repository/Login_Page/Login_Username' is present

2022-07-01 00:04:12 - [MESSAGE][PASSED] - Text 'iahmed' is set on object 'Object Repository/Login_Page/Login_Username'

2022-07-01 00:04:12 - [MESSAGE][PASSED] - Text 'hello2222' is set on object 'Object Repository/Login_Page/Login_Password'

2022-07-01 00:04:18 - [MESSAGE][PASSED] - Object: 'Object Repository/Login_Page/Login_Submit' is clicked on

2022-07-01 00:04:18 - [MESSAGE][PASSED] - adminSuiteBootstrap.loginFunctionality.login_AdminSuite is PASSED

2022-07-01 00:04:18 - [TEST_STEP][PASSED] - click(findTestObject(path_Dashboard + appName)): Object: 'Object Repository/AdminSuiteBootstrap_Pages/Dashboard_Bootstrap/a_Access AutoNoCFtp' is clicked on

2022-07-01 00:04:19 - [MESSAGE][PASSED] - Object: 'Object Repository/AdminSuiteBootstrap_Pages/Dashboard_Bootstrap/a_Access AutoNoCFtp' is clicked on

2022-07-01 00:04:19 - [TEST_STEP][PASSED] - click(findTestObject(path_VT + "a_Create")): Object: 'Object Repository/AdminSuiteBootstrap_Pages/VT_Bootstrap/IssueTransactions/a_Create' is clicked on

2022-07-01 00:04:20 - [MESSAGE][PASSED] - Object: 'Object Repository/AdminSuiteBootstrap_Pages/VT_Bootstrap/IssueTransactions/a_Create' is clicked on

2022-07-01 00:04:20 - [TEST_STEP][PASSED] - vspBootstrap.CreateProfilePage.setDataCreateProfile(row, dataFile): vspBootstrap.CreateProfilePage.setDataCreateProfile is PASSED

2022-07-01 00:04:23 - [MESSAGE][PASSED] - Text '21054' is set on object 'Object Repository/AdminSuiteBootstrap_Pages/VSP_Bootstrap/CreateProfile/input_PostalCode'

2022-07-01 00:04:23 - [MESSAGE][PASSED] - Text 'zbR0ql4dmY4e' is set on object 'Object Repository/AdminSuiteBootstrap_Pages/VSP_Bootstrap/CreateProfile/input_profileName'

2022-07-01 00:04:24 - [MESSAGE][PASSED] - Text 'Delta Corp' is set on object 'Object Repository/AdminSuiteBootstrap_Pages/VSP_Bootstrap/CreateProfile/input_CompanyName'

2022-07-01 00:04:25 - [MESSAGE][PASSED] - All options with label 'Mr.' are selected in object 'Object Repository/AdminSuiteBootstrap_Pages/VSP_Bootstrap/CreateProfile/select_Title'  using regular expression

2022-07-01 00:04:26 - [MESSAGE][PASSED] - Text 'Ross' is set on object 'Object Repository/AdminSuiteBootstrap_Pages/VSP_Bootstrap/CreateProfile/input_FirstName'

2022-07-01 00:04:26 - [MESSAGE][PASSED] - Text 'KT' is set on object 'Object Repository/AdminSuiteBootstrap_Pages/VSP_Bootstrap/CreateProfile/input_MiddleName'

2022-07-01 00:04:27 - [MESSAGE][PASSED] - Text 'Evan' is set on object 'Object Repository/AdminSuiteBootstrap_Pages/VSP_Bootstrap/CreateProfile/input_LastName'

2022-07-01 00:04:28 - [MESSAGE][PASSED] - All options with label 'Sr.' are selected in object 'Object Repository/AdminSuiteBootstrap_Pages/VSP_Bootstrap/CreateProfile/select_Suffix'  using regular expression

2022-07-01 00:04:28 - [MESSAGE][PASSED] - Text '256987 Nolm Ct' is set on object 'Object Repository/AdminSuiteBootstrap_Pages/VSP_Bootstrap/CreateProfile/input_address1'

2022-07-01 00:04:29 - [MESSAGE][PASSED] - Text 'Suite 678' is set on object 'Object Repository/AdminSuiteBootstrap_Pages/VSP_Bootstrap/CreateProfile/input_AddressLine2'

2022-07-01 00:04:30 - [MESSAGE][PASSED] - Text '1234' is set on object 'Object Repository/AdminSuiteBootstrap_Pages/VSP_Bootstrap/CreateProfile/input_PostalCodeExt'

2022-07-01 00:04:30 - [MESSAGE][PASSED] - Text 'iahmed@govolution.com' is set on object 'Object Repository/AdminSuiteBootstrap_Pages/VSP_Bootstrap/CreateProfile/input_EmaiAddress'

2022-07-01 00:04:31 - [MESSAGE][PASSED] - Text '240' is set on object 'Object Repository/AdminSuiteBootstrap_Pages/VSP_Bootstrap/CreateProfile/input_HomePhoneNumber_HomeAreaCode'

2022-07-01 00:04:32 - [MESSAGE][PASSED] - Text '628' is set on object 'Object Repository/AdminSuiteBootstrap_Pages/VSP_Bootstrap/CreateProfile/input_homePrefixNumber'

2022-07-01 00:04:32 - [MESSAGE][PASSED] - Text '0790' is set on object 'Object Repository/AdminSuiteBootstrap_Pages/VSP_Bootstrap/CreateProfile/input_homeSuffixNumber'

2022-07-01 00:04:33 - [MESSAGE][PASSED] - Text '240' is set on object 'Object Repository/AdminSuiteBootstrap_Pages/VSP_Bootstrap/CreateProfile/input_MobilePhoneNumber_mobileAreaCode'

2022-07-01 00:04:34 - [MESSAGE][PASSED] - Text '628' is set on object 'Object Repository/AdminSuiteBootstrap_Pages/VSP_Bootstrap/CreateProfile/input_mobilePrefixNumber'

2022-07-01 00:04:34 - [MESSAGE][PASSED] - Text '0791' is set on object 'Object Repository/AdminSuiteBootstrap_Pages/VSP_Bootstrap/CreateProfile/input_mobileSuffixNumber'

2022-07-01 00:04:35 - [MESSAGE][PASSED] - Text '410' is set on object 'Object Repository/AdminSuiteBootstrap_Pages/VSP_Bootstrap/CreateProfile/input_WorkPhoneNumber_workAreaCode'

2022-07-01 00:04:36 - [MESSAGE][PASSED] - Text '628' is set on object 'Object Repository/AdminSuiteBootstrap_Pages/VSP_Bootstrap/CreateProfile/input_workPrefixNumber'

2022-07-01 00:04:36 - [MESSAGE][PASSED] - Text '0792' is set on object 'Object Repository/AdminSuiteBootstrap_Pages/VSP_Bootstrap/CreateProfile/input_workSuffixNumber'

2022-07-01 00:04:37 - [MESSAGE][PASSED] - Text '123' is set on object 'Object Repository/AdminSuiteBootstrap_Pages/VSP_Bootstrap/CreateProfile/input_Ext_workExtension'

2022-07-01 00:04:38 - [MESSAGE][PASSED] - Text 'This Profile is for Add ACH' is set on object 'Object Repository/AdminSuiteBootstrap_Pages/VSP_Bootstrap/CreateProfile/textarea_NotesComments_note'

2022-07-01 00:04:40 - [MESSAGE][PASSED] - Object: 'Object Repository/AdminSuiteBootstrap_Pages/VSP_Bootstrap/CreateProfile/button_Save' is clicked on

2022-07-01 00:04:40 - [MESSAGE][PASSED] - vspBootstrap.CreateProfilePage.setDataCreateProfile is PASSED

2022-07-01 00:04:40 - [TEST_STEP][PASSED] - verifyTextPresent("Profile successfully created", true): Text 'Profile successfully created' is present on page  using regular expression

2022-07-01 00:04:41 - [MESSAGE][PASSED] - Text 'Profile successfully created' is present on page  using regular expression

2022-07-01 00:04:41 - [TEST_STEP][PASSED] - click(findTestObject(path_ViewProfile + "button_Add ACH")): Object: 'Object Repository/AdminSuiteBootstrap_Pages/VSP_Bootstrap/View Profile/button_Add ACH' is clicked on

2022-07-01 00:04:42 - [MESSAGE][PASSED] - Object: 'Object Repository/AdminSuiteBootstrap_Pages/VSP_Bootstrap/View Profile/button_Add ACH' is clicked on

2022-07-01 00:04:42 - [TEST_STEP][PASSED] - vspBootstrap.AddACHPage.setDataAddACH(row, dataFile): vspBootstrap.AddACHPage.setDataAddACH is PASSED

2022-07-01 00:04:43 - [MESSAGE][PASSED] - Text '256072691' is set on object 'Object Repository/AdminSuiteBootstrap_Pages/VSP_Bootstrap/AddACH/input_routingTransitNumber'

2022-07-01 00:04:44 - [MESSAGE][PASSED] - All options with label 'Personal Savings' are selected in object 'Object Repository/AdminSuiteBootstrap_Pages/VSP_Bootstrap/AddACH/select_PaymentType'  using regular expression

2022-07-01 00:04:45 - [MESSAGE][PASSED] - Text 'Ross PS' is set on object 'Object Repository/AdminSuiteBootstrap_Pages/VSP_Bootstrap/AddACH/input_nickName'

2022-07-01 00:04:45 - [MESSAGE][PASSED] - Text '25873333' is set on object 'Object Repository/AdminSuiteBootstrap_Pages/VSP_Bootstrap/AddACH/input_accountNumber'

2022-07-01 00:04:47 - [MESSAGE][PASSED] - Object: 'Object Repository/AdminSuiteBootstrap_Pages/VSP_Bootstrap/AddACH/button_Create' is clicked on

2022-07-01 00:04:47 - [MESSAGE][PASSED] - vspBootstrap.AddACHPage.setDataAddACH is PASSED

2022-07-01 00:04:47 - [TEST_STEP][PASSED] - verifyTextPresent("Payment Method Created", true): Text 'Payment Method Created' is present on page  using regular expression

2022-07-01 00:04:48 - [MESSAGE][PASSED] - Text 'Payment Method Created' is present on page  using regular expression

2022-07-01 00:04:48 - [TEST_STEP][PASSED] - verifyTextPresent("Payment method creation successful", true): Text 'Payment method creation successful' is present on page  using regular expression

2022-07-01 00:04:48 - [MESSAGE][PASSED] - Text 'Payment method creation successful' is present on page  using regular expression

2022-07-01 00:04:48 - [TEST_STEP][PASSED] - click(findTestObject(path_ViewProfile + "a_Edit_ACH")): Object: 'Object Repository/AdminSuiteBootstrap_Pages/VSP_Bootstrap/View Profile/a_Edit_ACH' is clicked on

2022-07-01 00:04:49 - [MESSAGE][PASSED] - Object: 'Object Repository/AdminSuiteBootstrap_Pages/VSP_Bootstrap/View Profile/a_Edit_ACH' is clicked on

2022-07-01 00:04:49 - [TEST_STEP][PASSED] - nicknameMod = findTestData(dataFile).getValue("NicknameACHMod", row): null

2022-07-01 00:04:49 - [TEST_STEP][PASSED] - setText(findTestObject(path_ModifyACH + "input_nickName"), nicknameMod): Text 'Ross PS Mod' is set on object 'Object Repository/AdminSuiteBootstrap_Pages/VSP_Bootstrap/ModifyACH/input_nickName'

2022-07-01 00:04:50 - [MESSAGE][PASSED] - Text 'Ross PS Mod' is set on object 'Object Repository/AdminSuiteBootstrap_Pages/VSP_Bootstrap/ModifyACH/input_nickName'

2022-07-01 00:04:50 - [TEST_STEP][PASSED] - click(findTestObject(path_ModifyACH + "button_Modify")): Object: 'Object Repository/AdminSuiteBootstrap_Pages/VSP_Bootstrap/ModifyACH/button_Modify' is clicked on

2022-07-01 00:04:51 - [MESSAGE][PASSED] - Object: 'Object Repository/AdminSuiteBootstrap_Pages/VSP_Bootstrap/ModifyACH/button_Modify' is clicked on

2022-07-01 00:04:51 - [TEST_STEP][PASSED] - verifyTextPresent("Payment Method Modification", true): Text 'Payment Method Modification' is present on page  using regular expression

2022-07-01 00:04:52 - [MESSAGE][PASSED] - Text 'Payment Method Modification' is present on page  using regular expression

2022-07-01 00:04:52 - [TEST_STEP][PASSED] - verifyTextPresent("Payment method successfully modified", true): Text 'Payment method successfully modified' is present on page  using regular expression

2022-07-01 00:04:52 - [MESSAGE][PASSED] - Text 'Payment method successfully modified' is present on page  using regular expression

2022-07-01 00:04:52 - [TEST_STEP][PASSED] - verifyTextPresent(nicknameMod, true): Text 'Ross PS Mod' is present on page  using regular expression

2022-07-01 00:04:52 - [MESSAGE][PASSED] - Text 'Ross PS Mod' is present on page  using regular expression

2022-07-01 00:04:52 - [TEST_STEP][PASSED] - click(findTestObject(path_ViewProfile + "a_DeleteACH2")): Object: 'Object Repository/AdminSuiteBootstrap_Pages/VSP_Bootstrap/View Profile/a_DeleteACH2' is clicked on

2022-07-01 00:04:53 - [MESSAGE][PASSED] - Object: 'Object Repository/AdminSuiteBootstrap_Pages/VSP_Bootstrap/View Profile/a_DeleteACH2' is clicked on

2022-07-01 00:04:53 - [TEST_STEP][PASSED] - verifyTextPresent("Delete Bank Account Confirmation", true): Text 'Delete Bank Account Confirmation' is present on page  using regular expression

2022-07-01 00:04:54 - [MESSAGE][PASSED] - Text 'Delete Bank Account Confirmation' is present on page  using regular expression

2022-07-01 00:04:54 - [TEST_STEP][PASSED] - verifyTextPresent("This will delete the bank account. Are you sure you want to do this?", true): Text 'This will delete the bank account. Are you sure you want to do this?' is present on page  using regular expression

2022-07-01 00:04:54 - [MESSAGE][PASSED] - Text 'This will delete the bank account. Are you sure you want to do this?' is present on page  using regular expression

2022-07-01 00:04:54 - [TEST_STEP][PASSED] - click(findTestObject(path_ViewProfile + "button_DeleteACHConfirm")): Object: 'Object Repository/AdminSuiteBootstrap_Pages/VSP_Bootstrap/View Profile/button_DeleteACHConfirm' is clicked on

2022-07-01 00:04:56 - [MESSAGE][PASSED] - Object: 'Object Repository/AdminSuiteBootstrap_Pages/VSP_Bootstrap/View Profile/button_DeleteACHConfirm' is clicked on

2022-07-01 00:04:56 - [TEST_STEP][PASSED] - verifyTextPresent("Payment Method Deletion", true): Text 'Payment Method Deletion' is present on page  using regular expression

2022-07-01 00:04:56 - [MESSAGE][PASSED] - Text 'Payment Method Deletion' is present on page  using regular expression

2022-07-01 00:04:56 - [TEST_STEP][PASSED] - verifyTextPresent("Payment method was successfully deleted.", true): Text 'Payment method was successfully deleted.' is present on page  using regular expression

2022-07-01 00:04:57 - [MESSAGE][PASSED] - Text 'Payment method was successfully deleted.' is present on page  using regular expression

2022-07-01 00:04:57 - [TEST_STEP][PASSED] - click(findTestObject(path_ViewProfile + "a_Delete Profile")): Object: 'Object Repository/AdminSuiteBootstrap_Pages/VSP_Bootstrap/View Profile/a_Delete Profile' is clicked on

2022-07-01 00:04:57 - [MESSAGE][PASSED] - Object: 'Object Repository/AdminSuiteBootstrap_Pages/VSP_Bootstrap/View Profile/a_Delete Profile' is clicked on

2022-07-01 00:04:57 - [TEST_STEP][PASSED] - verifyTextPresent("This will delete all of the following information. Are you sure you want to do this?", true): Text 'This will delete all of the following information. Are you sure you want to do this?' is present on page  using regular expression

2022-07-01 00:04:58 - [MESSAGE][PASSED] - Text 'This will delete all of the following information. Are you sure you want to do this?' is present on page  using regular expression

2022-07-01 00:04:58 - [TEST_STEP][PASSED] - click(findTestObject(path_DeleteProfileConfirm + "button_Delete")): Object: 'Object Repository/AdminSuiteBootstrap_Pages/VSP_Bootstrap/DeleteProfileConfirm/button_Delete' is clicked on

2022-07-01 00:04:59 - [MESSAGE][PASSED] - Object: 'Object Repository/AdminSuiteBootstrap_Pages/VSP_Bootstrap/DeleteProfileConfirm/button_Delete' is clicked on

2022-07-01 00:04:59 - [TEST_STEP][PASSED] - verifyTextPresent("No Search String", true): Text 'No Search String' is present on page  using regular expression

2022-07-01 00:05:00 - [MESSAGE][PASSED] - Text 'No Search String' is present on page  using regular expression

2022-07-01 00:05:00 - [TEST_STEP][PASSED] - verifyTextPresent("You must provide a search string of at least 2 characters", true): Text 'You must provide a search string of at least 2 characters' is present on page  using regular expression

2022-07-01 00:05:00 - [MESSAGE][PASSED] - Text 'You must provide a search string of at least 2 characters' is present on page  using regular expression

2022-07-01 00:05:00 - [TEST_STEP][PASSED] - closeBrowser(): Browser is closed

2022-07-01 00:05:01 - [MESSAGE][PASSED] - Browser is closed

2022-07-01 00:05:01 - [TEST_STEP][PASSED] - ExecuteTC = findTestData(dataFile).getValue("Execute", row): null

2022-07-01 00:05:01 - [TEST_STEP][PASSED] - out.println("Value of Execute is : " + ExecuteTC): null

2022-07-01 00:05:01 - [TEST_STEP][PASSED] - switch (executionProfile): null

2022-07-01 00:05:01 - [TEST_STEP][PASSED] - case "QAProfile":: null

2022-07-01 00:05:01 - [TEST_STEP][PASSED] - appName = findTestData(dataFile).getValue("AppNameQA", row): null

2022-07-01 00:05:01 - [TEST_STEP][PASSED] - appID = findTestData(dataFile).getValue("AppIDQA", row): null

2022-07-01 00:05:01 - [TEST_STEP][PASSED] - break: null

2022-07-01 00:05:01 - [TEST_STEP][PASSED] - if (ExecuteTC.equalsIgnoreCase("Y")): Browser is closed

2022-07-01 00:05:01 - [TEST_STEP][PASSED] - out.println("Begin Record Number: " + row): null

2022-07-01 00:05:01 - [TEST_STEP][PASSED] - today = new java.util.Date(): null

2022-07-01 00:05:01 - [TEST_STEP][PASSED] - println(today): null

2022-07-01 00:05:01 - [TEST_STEP][PASSED] - datText = today: null

2022-07-01 00:05:01 - [TEST_STEP][PASSED] - adminSuiteBootstrap.loginFunctionality.login_AdminSuite(): adminSuiteBootstrap.loginFunctionality.login_AdminSuite is PASSED

2022-07-01 00:05:01 - [MESSAGE][INFO] - Starting 'Chrome' driver

2022-07-01 00:05:01 - [MESSAGE][INFO] - User set preference: ['acceptInsecureCerts', 'true']

2022-07-01 00:05:01 - [MESSAGE][INFO] - Action delay is set to 0 milliseconds

2022-07-01 00:05:06 - [MESSAGE][PASSED] - Browser is opened with url: 'https://qa.velocitypayment.com/admin/imtiaz'

2022-07-01 00:05:06 - [MESSAGE][PASSED] - Current window maximized

2022-07-01 00:05:06 - [MESSAGE][PASSED] - Object 'Object Repository/Login_Page/Login_Username' is present

2022-07-01 00:05:07 - [MESSAGE][PASSED] - Text 'iahmed' is set on object 'Object Repository/Login_Page/Login_Username'

2022-07-01 00:05:07 - [MESSAGE][PASSED] - Text 'hello2222' is set on object 'Object Repository/Login_Page/Login_Password'

2022-07-01 00:05:12 - [MESSAGE][PASSED] - Object: 'Object Repository/Login_Page/Login_Submit' is clicked on

2022-07-01 00:05:12 - [MESSAGE][PASSED] - adminSuiteBootstrap.loginFunctionality.login_AdminSuite is PASSED

2022-07-01 00:05:12 - [TEST_STEP][PASSED] - click(findTestObject(path_Dashboard + appName)): Object: 'Object Repository/AdminSuiteBootstrap_Pages/Dashboard_Bootstrap/a_Access AutoNoCFtp' is clicked on

2022-07-01 00:05:13 - [MESSAGE][PASSED] - Object: 'Object Repository/AdminSuiteBootstrap_Pages/Dashboard_Bootstrap/a_Access AutoNoCFtp' is clicked on

2022-07-01 00:05:13 - [TEST_STEP][PASSED] - click(findTestObject(path_VT + "a_Create")): Object: 'Object Repository/AdminSuiteBootstrap_Pages/VT_Bootstrap/IssueTransactions/a_Create' is clicked on

2022-07-01 00:05:14 - [MESSAGE][PASSED] - Object: 'Object Repository/AdminSuiteBootstrap_Pages/VT_Bootstrap/IssueTransactions/a_Create' is clicked on

2022-07-01 00:05:14 - [TEST_STEP][PASSED] - vspBootstrap.CreateProfilePage.setDataCreateProfile(row, dataFile): vspBootstrap.CreateProfilePage.setDataCreateProfile is PASSED

2022-07-01 00:05:17 - [MESSAGE][PASSED] - Text '21054' is set on object 'Object Repository/AdminSuiteBootstrap_Pages/VSP_Bootstrap/CreateProfile/input_PostalCode'

2022-07-01 00:05:17 - [MESSAGE][PASSED] - Text 'SclDhv5X4woJ' is set on object 'Object Repository/AdminSuiteBootstrap_Pages/VSP_Bootstrap/CreateProfile/input_profileName'

2022-07-01 00:05:18 - [MESSAGE][PASSED] - Text 'Delta Corp' is set on object 'Object Repository/AdminSuiteBootstrap_Pages/VSP_Bootstrap/CreateProfile/input_CompanyName'

2022-07-01 00:05:19 - [MESSAGE][PASSED] - All options with label 'Mr.' are selected in object 'Object Repository/AdminSuiteBootstrap_Pages/VSP_Bootstrap/CreateProfile/select_Title'  using regular expression

2022-07-01 00:05:20 - [MESSAGE][PASSED] - Text 'Ross' is set on object 'Object Repository/AdminSuiteBootstrap_Pages/VSP_Bootstrap/CreateProfile/input_FirstName'

2022-07-01 00:05:20 - [MESSAGE][PASSED] - Text 'KT' is set on object 'Object Repository/AdminSuiteBootstrap_Pages/VSP_Bootstrap/CreateProfile/input_MiddleName'

2022-07-01 00:05:21 - [MESSAGE][PASSED] - Text 'Evan' is set on object 'Object Repository/AdminSuiteBootstrap_Pages/VSP_Bootstrap/CreateProfile/input_LastName'

2022-07-01 00:05:22 - [MESSAGE][PASSED] - All options with label 'Sr.' are selected in object 'Object Repository/AdminSuiteBootstrap_Pages/VSP_Bootstrap/CreateProfile/select_Suffix'  using regular expression

2022-07-01 00:05:22 - [MESSAGE][PASSED] - Text '256987 Nolm Ct' is set on object 'Object Repository/AdminSuiteBootstrap_Pages/VSP_Bootstrap/CreateProfile/input_address1'

2022-07-01 00:05:23 - [MESSAGE][PASSED] - Text 'Suite 678' is set on object 'Object Repository/AdminSuiteBootstrap_Pages/VSP_Bootstrap/CreateProfile/input_AddressLine2'

2022-07-01 00:05:24 - [MESSAGE][PASSED] - Text '1234' is set on object 'Object Repository/AdminSuiteBootstrap_Pages/VSP_Bootstrap/CreateProfile/input_PostalCodeExt'

2022-07-01 00:05:24 - [MESSAGE][PASSED] - Text 'iahmed@govolution.com' is set on object 'Object Repository/AdminSuiteBootstrap_Pages/VSP_Bootstrap/CreateProfile/input_EmaiAddress'

2022-07-01 00:05:25 - [MESSAGE][PASSED] - Text '240' is set on object 'Object Repository/AdminSuiteBootstrap_Pages/VSP_Bootstrap/CreateProfile/input_HomePhoneNumber_HomeAreaCode'

2022-07-01 00:05:26 - [MESSAGE][PASSED] - Text '628' is set on object 'Object Repository/AdminSuiteBootstrap_Pages/VSP_Bootstrap/CreateProfile/input_homePrefixNumber'

2022-07-01 00:05:26 - [MESSAGE][PASSED] - Text '0790' is set on object 'Object Repository/AdminSuiteBootstrap_Pages/VSP_Bootstrap/CreateProfile/input_homeSuffixNumber'

2022-07-01 00:05:27 - [MESSAGE][PASSED] - Text '240' is set on object 'Object Repository/AdminSuiteBootstrap_Pages/VSP_Bootstrap/CreateProfile/input_MobilePhoneNumber_mobileAreaCode'

2022-07-01 00:05:28 - [MESSAGE][PASSED] - Text '628' is set on object 'Object Repository/AdminSuiteBootstrap_Pages/VSP_Bootstrap/CreateProfile/input_mobilePrefixNumber'

2022-07-01 00:05:28 - [MESSAGE][PASSED] - Text '0791' is set on object 'Object Repository/AdminSuiteBootstrap_Pages/VSP_Bootstrap/CreateProfile/input_mobileSuffixNumber'

2022-07-01 00:05:29 - [MESSAGE][PASSED] - Text '410' is set on object 'Object Repository/AdminSuiteBootstrap_Pages/VSP_Bootstrap/CreateProfile/input_WorkPhoneNumber_workAreaCode'

2022-07-01 00:05:30 - [MESSAGE][PASSED] - Text '628' is set on object 'Object Repository/AdminSuiteBootstrap_Pages/VSP_Bootstrap/CreateProfile/input_workPrefixNumber'

2022-07-01 00:05:30 - [MESSAGE][PASSED] - Text '0792' is set on object 'Object Repository/AdminSuiteBootstrap_Pages/VSP_Bootstrap/CreateProfile/input_workSuffixNumber'

2022-07-01 00:05:31 - [MESSAGE][PASSED] - Text '123' is set on object 'Object Repository/AdminSuiteBootstrap_Pages/VSP_Bootstrap/CreateProfile/input_Ext_workExtension'

2022-07-01 00:05:32 - [MESSAGE][PASSED] - Text 'This Profile is for Add ACH' is set on object 'Object Repository/AdminSuiteBootstrap_Pages/VSP_Bootstrap/CreateProfile/textarea_NotesComments_note'

2022-07-01 00:05:34 - [MESSAGE][PASSED] - Object: 'Object Repository/AdminSuiteBootstrap_Pages/VSP_Bootstrap/CreateProfile/button_Save' is clicked on

2022-07-01 00:05:34 - [MESSAGE][PASSED] - vspBootstrap.CreateProfilePage.setDataCreateProfile is PASSED

2022-07-01 00:05:34 - [TEST_STEP][PASSED] - verifyTextPresent("Profile successfully created", true): Text 'Profile successfully created' is present on page  using regular expression

2022-07-01 00:05:34 - [MESSAGE][PASSED] - Text 'Profile successfully created' is present on page  using regular expression

2022-07-01 00:05:34 - [TEST_STEP][PASSED] - click(findTestObject(path_ViewProfile + "button_Add ACH")): Object: 'Object Repository/AdminSuiteBootstrap_Pages/VSP_Bootstrap/View Profile/button_Add ACH' is clicked on

2022-07-01 00:05:35 - [MESSAGE][PASSED] - Object: 'Object Repository/AdminSuiteBootstrap_Pages/VSP_Bootstrap/View Profile/button_Add ACH' is clicked on

2022-07-01 00:05:35 - [TEST_STEP][PASSED] - vspBootstrap.AddACHPage.setDataAddACH(row, dataFile): vspBootstrap.AddACHPage.setDataAddACH is PASSED

2022-07-01 00:05:36 - [MESSAGE][PASSED] - Text '256072691' is set on object 'Object Repository/AdminSuiteBootstrap_Pages/VSP_Bootstrap/AddACH/input_routingTransitNumber'

2022-07-01 00:05:37 - [MESSAGE][PASSED] - All options with label 'Business Checking' are selected in object 'Object Repository/AdminSuiteBootstrap_Pages/VSP_Bootstrap/AddACH/select_PaymentType'  using regular expression

2022-07-01 00:05:38 - [MESSAGE][PASSED] - Text 'Ross Corp' is set on object 'Object Repository/AdminSuiteBootstrap_Pages/VSP_Bootstrap/AddACH/input_nickName'

2022-07-01 00:05:39 - [MESSAGE][PASSED] - Text '25874444' is set on object 'Object Repository/AdminSuiteBootstrap_Pages/VSP_Bootstrap/AddACH/input_accountNumber'

2022-07-01 00:05:40 - [MESSAGE][PASSED] - Object: 'Object Repository/AdminSuiteBootstrap_Pages/VSP_Bootstrap/AddACH/button_Create' is clicked on

2022-07-01 00:05:40 - [MESSAGE][PASSED] - vspBootstrap.AddACHPage.setDataAddACH is PASSED

2022-07-01 00:05:40 - [TEST_STEP][PASSED] - verifyTextPresent("Payment Method Created", true): Text 'Payment Method Created' is present on page  using regular expression

2022-07-01 00:05:41 - [MESSAGE][PASSED] - Text 'Payment Method Created' is present on page  using regular expression

2022-07-01 00:05:41 - [TEST_STEP][PASSED] - verifyTextPresent("Payment method creation successful", true): Text 'Payment method creation successful' is present on page  using regular expression

2022-07-01 00:05:41 - [MESSAGE][PASSED] - Text 'Payment method creation successful' is present on page  using regular expression

2022-07-01 00:05:41 - [TEST_STEP][PASSED] - click(findTestObject(path_ViewProfile + "a_Edit_ACH")): Object: 'Object Repository/AdminSuiteBootstrap_Pages/VSP_Bootstrap/View Profile/a_Edit_ACH' is clicked on

2022-07-01 00:05:42 - [MESSAGE][PASSED] - Object: 'Object Repository/AdminSuiteBootstrap_Pages/VSP_Bootstrap/View Profile/a_Edit_ACH' is clicked on

2022-07-01 00:05:42 - [TEST_STEP][PASSED] - nicknameMod = findTestData(dataFile).getValue("NicknameACHMod", row): null

2022-07-01 00:05:42 - [TEST_STEP][PASSED] - setText(findTestObject(path_ModifyACH + "input_nickName"), nicknameMod): Text 'Ross Corp Mod' is set on object 'Object Repository/AdminSuiteBootstrap_Pages/VSP_Bootstrap/ModifyACH/input_nickName'

2022-07-01 00:05:43 - [MESSAGE][PASSED] - Text 'Ross Corp Mod' is set on object 'Object Repository/AdminSuiteBootstrap_Pages/VSP_Bootstrap/ModifyACH/input_nickName'

2022-07-01 00:05:43 - [TEST_STEP][PASSED] - click(findTestObject(path_ModifyACH + "button_Modify")): Object: 'Object Repository/AdminSuiteBootstrap_Pages/VSP_Bootstrap/ModifyACH/button_Modify' is clicked on

2022-07-01 00:05:44 - [MESSAGE][PASSED] - Object: 'Object Repository/AdminSuiteBootstrap_Pages/VSP_Bootstrap/ModifyACH/button_Modify' is clicked on

2022-07-01 00:05:44 - [TEST_STEP][PASSED] - verifyTextPresent("Payment Method Modification", true): Text 'Payment Method Modification' is present on page  using regular expression

2022-07-01 00:05:45 - [MESSAGE][PASSED] - Text 'Payment Method Modification' is present on page  using regular expression

2022-07-01 00:05:45 - [TEST_STEP][PASSED] - verifyTextPresent("Payment method successfully modified", true): Text 'Payment method successfully modified' is present on page  using regular expression

2022-07-01 00:05:45 - [MESSAGE][PASSED] - Text 'Payment method successfully modified' is present on page  using regular expression

2022-07-01 00:05:45 - [TEST_STEP][PASSED] - verifyTextPresent(nicknameMod, true): Text 'Ross Corp Mod' is present on page  using regular expression

2022-07-01 00:05:46 - [MESSAGE][PASSED] - Text 'Ross Corp Mod' is present on page  using regular expression

2022-07-01 00:05:46 - [TEST_STEP][PASSED] - click(findTestObject(path_ViewProfile + "a_DeleteACH2")): Object: 'Object Repository/AdminSuiteBootstrap_Pages/VSP_Bootstrap/View Profile/a_DeleteACH2' is clicked on

2022-07-01 00:05:47 - [MESSAGE][PASSED] - Object: 'Object Repository/AdminSuiteBootstrap_Pages/VSP_Bootstrap/View Profile/a_DeleteACH2' is clicked on

2022-07-01 00:05:47 - [TEST_STEP][PASSED] - verifyTextPresent("Delete Bank Account Confirmation", true): Text 'Delete Bank Account Confirmation' is present on page  using regular expression

2022-07-01 00:05:47 - [MESSAGE][PASSED] - Text 'Delete Bank Account Confirmation' is present on page  using regular expression

2022-07-01 00:05:47 - [TEST_STEP][PASSED] - verifyTextPresent("This will delete the bank account. Are you sure you want to do this?", true): Text 'This will delete the bank account. Are you sure you want to do this?' is present on page  using regular expression

2022-07-01 00:05:48 - [MESSAGE][PASSED] - Text 'This will delete the bank account. Are you sure you want to do this?' is present on page  using regular expression

2022-07-01 00:05:48 - [TEST_STEP][PASSED] - click(findTestObject(path_ViewProfile + "button_DeleteACHConfirm")): Object: 'Object Repository/AdminSuiteBootstrap_Pages/VSP_Bootstrap/View Profile/button_DeleteACHConfirm' is clicked on

2022-07-01 00:05:50 - [MESSAGE][PASSED] - Object: 'Object Repository/AdminSuiteBootstrap_Pages/VSP_Bootstrap/View Profile/button_DeleteACHConfirm' is clicked on

2022-07-01 00:05:50 - [TEST_STEP][PASSED] - verifyTextPresent("Payment Method Deletion", true): Text 'Payment Method Deletion' is present on page  using regular expression

2022-07-01 00:05:51 - [MESSAGE][PASSED] - Text 'Payment Method Deletion' is present on page  using regular expression

2022-07-01 00:05:51 - [TEST_STEP][PASSED] - verifyTextPresent("Payment method was successfully deleted.", true): Text 'Payment method was successfully deleted.' is present on page  using regular expression

2022-07-01 00:05:51 - [MESSAGE][PASSED] - Text 'Payment method was successfully deleted.' is present on page  using regular expression

2022-07-01 00:05:51 - [TEST_STEP][PASSED] - click(findTestObject(path_ViewProfile + "a_Delete Profile")): Object: 'Object Repository/AdminSuiteBootstrap_Pages/VSP_Bootstrap/View Profile/a_Delete Profile' is clicked on

2022-07-01 00:05:52 - [MESSAGE][PASSED] - Object: 'Object Repository/AdminSuiteBootstrap_Pages/VSP_Bootstrap/View Profile/a_Delete Profile' is clicked on

2022-07-01 00:05:52 - [TEST_STEP][PASSED] - verifyTextPresent("This will delete all of the following information. Are you sure you want to do this?", true): Text 'This will delete all of the following information. Are you sure you want to do this?' is present on page  using regular expression

2022-07-01 00:05:52 - [MESSAGE][PASSED] - Text 'This will delete all of the following information. Are you sure you want to do this?' is present on page  using regular expression

2022-07-01 00:05:52 - [TEST_STEP][PASSED] - click(findTestObject(path_DeleteProfileConfirm + "button_Delete")): Object: 'Object Repository/AdminSuiteBootstrap_Pages/VSP_Bootstrap/DeleteProfileConfirm/button_Delete' is clicked on

2022-07-01 00:05:53 - [MESSAGE][PASSED] - Object: 'Object Repository/AdminSuiteBootstrap_Pages/VSP_Bootstrap/DeleteProfileConfirm/button_Delete' is clicked on

2022-07-01 00:05:53 - [TEST_STEP][PASSED] - verifyTextPresent("No Search String", true): Text 'No Search String' is present on page  using regular expression

2022-07-01 00:05:54 - [MESSAGE][PASSED] - Text 'No Search String' is present on page  using regular expression

2022-07-01 00:05:54 - [TEST_STEP][PASSED] - verifyTextPresent("You must provide a search string of at least 2 characters", true): Text 'You must provide a search string of at least 2 characters' is present on page  using regular expression

2022-07-01 00:05:54 - [MESSAGE][PASSED] - Text 'You must provide a search string of at least 2 characters' is present on page  using regular expression

2022-07-01 00:05:54 - [TEST_STEP][PASSED] - closeBrowser(): Browser is closed

2022-07-01 00:05:55 - [MESSAGE][PASSED] - Browser is closed]]></system-out>
         <system-err><![CDATA[]]></system-err>
      </testcase>
      <testcase name="Test Cases/Admin Suite Bootstrap/VSP_Profile_TestCases/SearchProfile_Generic_TC" time="768.643" classname="Test Cases/Admin Suite Bootstrap/VSP_Profile_TestCases/SearchProfile_Generic_TC" status="FAILED">
         <failure type="FAILED" message="Test Cases/Admin Suite Bootstrap/VSP_Profile_TestCases/SearchProfile_Generic_TC FAILED.
Reason:
com.kms.katalon.core.exception.StepFailedException: Unable to click on object 'Object Repository/AdminSuiteBootstrap_Pages/Dashboard_Bootstrap/a_Access AutoNoCFtp' (Root cause: com.kms.katalon.core.exception.StepFailedException: Unable to click on object 'Object Repository/AdminSuiteBootstrap_Pages/Dashboard_Bootstrap/a_Access AutoNoCFtp'
	at com.kms.katalon.core.webui.keyword.internal.WebUIKeywordMain.stepFailed(WebUIKeywordMain.groovy:64)
	at com.kms.katalon.core.webui.keyword.internal.WebUIKeywordMain.runKeyword(WebUIKeywordMain.groovy:26)
	at com.kms.katalon.core.webui.keyword.builtin.ClickKeyword.click(ClickKeyword.groovy:74)
	at com.kms.katalon.core.webui.keyword.builtin.ClickKeyword.execute(ClickKeyword.groovy:40)
	at com.kms.katalon.core.keyword.internal.KeywordExecutor.executeKeywordForPlatform(KeywordExecutor.groovy:74)
	at com.kms.katalon.core.webui.keyword.WebUiBuiltInKeywords.click(WebUiBuiltInKeywords.groovy:620)
	at com.kms.katalon.core.webui.keyword.WebUiBuiltInKeywords$click$3.call(Unknown Source)
	at SearchProfile_Generic_TC.run(SearchProfile_Generic_TC:99)
	at com.kms.katalon.core.main.ScriptEngine.run(ScriptEngine.java:194)
	at com.kms.katalon.core.main.ScriptEngine.runScriptAsRawText(ScriptEngine.java:119)
	at com.kms.katalon.core.main.TestCaseExecutor.runScript(TestCaseExecutor.java:442)
	at com.kms.katalon.core.main.TestCaseExecutor.doExecute(TestCaseExecutor.java:433)
	at com.kms.katalon.core.main.TestCaseExecutor.processExecutionPhase(TestCaseExecutor.java:412)
	at com.kms.katalon.core.main.TestCaseExecutor.accessMainPhase(TestCaseExecutor.java:404)
	at com.kms.katalon.core.main.TestCaseExecutor.execute(TestCaseExecutor.java:281)
	at com.kms.katalon.core.main.TestCaseExecutor.execute(TestCaseExecutor.java:363)
	at com.kms.katalon.core.main.TestCaseExecutor.execute(TestCaseExecutor.java:363)
	at com.kms.katalon.core.main.TestCaseExecutor.execute(TestCaseExecutor.java:363)
	at com.kms.katalon.core.main.TestSuiteExecutor.accessTestCaseMainPhase(TestSuiteExecutor.java:202)
	at com.kms.katalon.core.main.TestSuiteExecutor.accessTestSuiteMainPhase(TestSuiteExecutor.java:164)
	at com.kms.katalon.core.main.TestSuiteExecutor.execute(TestSuiteExecutor.java:105)
	at com.kms.katalon.core.main.TestCaseMain.startTestSuite(TestCaseMain.java:185)
	at com.kms.katalon.core.main.TestCaseMain$startTestSuite$0.call(Unknown Source)
	at TempTestSuite1656641001441.run(TempTestSuite1656641001441.groovy:36)
Caused by: com.kms.katalon.core.webui.exception.WebElementNotFoundException: Web element with id: 'Object Repository/AdminSuiteBootstrap_Pages/Dashboard_Bootstrap/a_Access AutoNoCFtp' located by '//*[@href = '/admin/imtiaz/bootstrap/vpos/742/' and (text() = 'Access AutoNoCFtp' or . = 'Access AutoNoCFtp')]' not found
	at com.kms.katalon.core.webui.common.WebUiCommonHelper.findWebElement(WebUiCommonHelper.java:1370)
	at com.kms.katalon.core.webui.keyword.internal.WebUIAbstractKeyword.findWebElement(WebUIAbstractKeyword.groovy:27)
	at com.kms.katalon.core.webui.keyword.builtin.ClickKeyword$_click_closure1.doCall(ClickKeyword.groovy:65)
	at com.kms.katalon.core.webui.keyword.builtin.ClickKeyword$_click_closure1.call(ClickKeyword.groovy)
	at com.kms.katalon.core.webui.keyword.internal.WebUIKeywordMain.runKeyword(WebUIKeywordMain.groovy:20)
	at com.kms.katalon.core.webui.keyword.builtin.ClickKeyword.click(ClickKeyword.groovy:74)
	at com.kms.katalon.core.webui.keyword.builtin.ClickKeyword.execute(ClickKeyword.groovy:40)
	at com.kms.katalon.core.keyword.internal.KeywordExecutor.executeKeywordForPlatform(KeywordExecutor.groovy:74)
	at com.kms.katalon.core.webui.keyword.WebUiBuiltInKeywords.click(WebUiBuiltInKeywords.groovy:620)
	at com.kms.katalon.core.webui.keyword.WebUiBuiltInKeywords$click$3.call(Unknown Source)
	at Script1653004110626.run(Script1653004110626.groovy:99)
	... 16 more
)
	at com.kms.katalon.core.keyword.internal.KeywordMain.stepFailed(KeywordMain.groovy:39)
	at com.kms.katalon.core.webui.keyword.internal.WebUIKeywordMain.stepFailed(WebUIKeywordMain.groovy:64)
	at com.kms.katalon.core.webui.keyword.internal.WebUIKeywordMain.runKeyword(WebUIKeywordMain.groovy:26)
	at com.kms.katalon.core.webui.keyword.builtin.ClickKeyword.click(ClickKeyword.groovy:74)
	at com.kms.katalon.core.webui.keyword.builtin.ClickKeyword.execute(ClickKeyword.groovy:40)
	at com.kms.katalon.core.keyword.internal.KeywordExecutor.executeKeywordForPlatform(KeywordExecutor.groovy:74)
	at com.kms.katalon.core.webui.keyword.WebUiBuiltInKeywords.click(WebUiBuiltInKeywords.groovy:620)
	at com.kms.katalon.core.webui.keyword.WebUiBuiltInKeywords$click$3.call(Unknown Source)
	at SearchProfile_Generic_TC.run(SearchProfile_Generic_TC:99)
	at com.kms.katalon.core.main.ScriptEngine.run(ScriptEngine.java:194)
	at com.kms.katalon.core.main.ScriptEngine.runScriptAsRawText(ScriptEngine.java:119)
	at com.kms.katalon.core.main.TestCaseExecutor.runScript(TestCaseExecutor.java:442)
	at com.kms.katalon.core.main.TestCaseExecutor.doExecute(TestCaseExecutor.java:433)
	at com.kms.katalon.core.main.TestCaseExecutor.processExecutionPhase(TestCaseExecutor.java:412)
	at com.kms.katalon.core.main.TestCaseExecutor.accessMainPhase(TestCaseExecutor.java:404)
	at com.kms.katalon.core.main.TestCaseExecutor.execute(TestCaseExecutor.java:281)
	at com.kms.katalon.core.main.TestCaseExecutor.execute(TestCaseExecutor.java:363)
	at com.kms.katalon.core.main.TestCaseExecutor.execute(TestCaseExecutor.java:363)
	at com.kms.katalon.core.main.TestCaseExecutor.execute(TestCaseExecutor.java:363)
	at com.kms.katalon.core.main.TestSuiteExecutor.accessTestCaseMainPhase(TestSuiteExecutor.java:202)
	at com.kms.katalon.core.main.TestSuiteExecutor.accessTestSuiteMainPhase(TestSuiteExecutor.java:164)
	at com.kms.katalon.core.main.TestSuiteExecutor.execute(TestSuiteExecutor.java:105)
	at com.kms.katalon.core.main.TestCaseMain.startTestSuite(TestCaseMain.java:185)
	at com.kms.katalon.core.main.TestCaseMain$startTestSuite$0.call(Unknown Source)
	at TempTestSuite1656641001441.run(TempTestSuite1656641001441.groovy:36)
Caused by: com.kms.katalon.core.exception.StepFailedException: Unable to click on object 'Object Repository/AdminSuiteBootstrap_Pages/Dashboard_Bootstrap/a_Access AutoNoCFtp'
	... 24 more
Caused by: com.kms.katalon.core.webui.exception.WebElementNotFoundException: Web element with id: 'Object Repository/AdminSuiteBootstrap_Pages/Dashboard_Bootstrap/a_Access AutoNoCFtp' located by '//*[@href = '/admin/imtiaz/bootstrap/vpos/742/' and (text() = 'Access AutoNoCFtp' or . = 'Access AutoNoCFtp')]' not found
	at com.kms.katalon.core.webui.common.WebUiCommonHelper.findWebElement(WebUiCommonHelper.java:1370)
	at com.kms.katalon.core.webui.keyword.internal.WebUIAbstractKeyword.findWebElement(WebUIAbstractKeyword.groovy:27)
	at com.kms.katalon.core.webui.keyword.builtin.ClickKeyword$_click_closure1.doCall(ClickKeyword.groovy:65)
	at com.kms.katalon.core.webui.keyword.builtin.ClickKeyword$_click_closure1.call(ClickKeyword.groovy)
	at com.kms.katalon.core.webui.keyword.internal.WebUIKeywordMain.runKeyword(WebUIKeywordMain.groovy:20)
	... 22 more
"/>
         <system-out><![CDATA[2022-07-01 00:37:01 - [TEST_CASE][FAILED] - Test Cases/Admin Suite Bootstrap/VSP_Profile_TestCases/SearchProfile_Generic_TC: Test Cases/Admin Suite Bootstrap/VSP_Profile_TestCases/SearchProfile_Generic_TC FAILED.
Reason:
com.kms.katalon.core.exception.StepFailedException: Unable to click on object 'Object Repository/AdminSuiteBootstrap_Pages/Dashboard_Bootstrap/a_Access AutoNoCFtp' (Root cause: com.kms.katalon.core.exception.StepFailedException: Unable to click on object 'Object Repository/AdminSuiteBootstrap_Pages/Dashboard_Bootstrap/a_Access AutoNoCFtp'
	at com.kms.katalon.core.webui.keyword.internal.WebUIKeywordMain.stepFailed(WebUIKeywordMain.groovy:64)
	at com.kms.katalon.core.webui.keyword.internal.WebUIKeywordMain.runKeyword(WebUIKeywordMain.groovy:26)
	at com.kms.katalon.core.webui.keyword.builtin.ClickKeyword.click(ClickKeyword.groovy:74)
	at com.kms.katalon.core.webui.keyword.builtin.ClickKeyword.execute(ClickKeyword.groovy:40)
	at com.kms.katalon.core.keyword.internal.KeywordExecutor.executeKeywordForPlatform(KeywordExecutor.groovy:74)
	at com.kms.katalon.core.webui.keyword.WebUiBuiltInKeywords.click(WebUiBuiltInKeywords.groovy:620)
	at com.kms.katalon.core.webui.keyword.WebUiBuiltInKeywords$click$3.call(Unknown Source)
	at SearchProfile_Generic_TC.run(SearchProfile_Generic_TC:99)
	at com.kms.katalon.core.main.ScriptEngine.run(ScriptEngine.java:194)
	at com.kms.katalon.core.main.ScriptEngine.runScriptAsRawText(ScriptEngine.java:119)
	at com.kms.katalon.core.main.TestCaseExecutor.runScript(TestCaseExecutor.java:442)
	at com.kms.katalon.core.main.TestCaseExecutor.doExecute(TestCaseExecutor.java:433)
	at com.kms.katalon.core.main.TestCaseExecutor.processExecutionPhase(TestCaseExecutor.java:412)
	at com.kms.katalon.core.main.TestCaseExecutor.accessMainPhase(TestCaseExecutor.java:404)
	at com.kms.katalon.core.main.TestCaseExecutor.execute(TestCaseExecutor.java:281)
	at com.kms.katalon.core.main.TestCaseExecutor.execute(TestCaseExecutor.java:363)
	at com.kms.katalon.core.main.TestCaseExecutor.execute(TestCaseExecutor.java:363)
	at com.kms.katalon.core.main.TestCaseExecutor.execute(TestCaseExecutor.java:363)
	at com.kms.katalon.core.main.TestSuiteExecutor.accessTestCaseMainPhase(TestSuiteExecutor.java:202)
	at com.kms.katalon.core.main.TestSuiteExecutor.accessTestSuiteMainPhase(TestSuiteExecutor.java:164)
	at com.kms.katalon.core.main.TestSuiteExecutor.execute(TestSuiteExecutor.java:105)
	at com.kms.katalon.core.main.TestCaseMain.startTestSuite(TestCaseMain.java:185)
	at com.kms.katalon.core.main.TestCaseMain$startTestSuite$0.call(Unknown Source)
	at TempTestSuite1656641001441.run(TempTestSuite1656641001441.groovy:36)
Caused by: com.kms.katalon.core.webui.exception.WebElementNotFoundException: Web element with id: 'Object Repository/AdminSuiteBootstrap_Pages/Dashboard_Bootstrap/a_Access AutoNoCFtp' located by '//*[@href = '/admin/imtiaz/bootstrap/vpos/742/' and (text() = 'Access AutoNoCFtp' or . = 'Access AutoNoCFtp')]' not found
	at com.kms.katalon.core.webui.common.WebUiCommonHelper.findWebElement(WebUiCommonHelper.java:1370)
	at com.kms.katalon.core.webui.keyword.internal.WebUIAbstractKeyword.findWebElement(WebUIAbstractKeyword.groovy:27)
	at com.kms.katalon.core.webui.keyword.builtin.ClickKeyword$_click_closure1.doCall(ClickKeyword.groovy:65)
	at com.kms.katalon.core.webui.keyword.builtin.ClickKeyword$_click_closure1.call(ClickKeyword.groovy)
	at com.kms.katalon.core.webui.keyword.internal.WebUIKeywordMain.runKeyword(WebUIKeywordMain.groovy:20)
	at com.kms.katalon.core.webui.keyword.builtin.ClickKeyword.click(ClickKeyword.groovy:74)
	at com.kms.katalon.core.webui.keyword.builtin.ClickKeyword.execute(ClickKeyword.groovy:40)
	at com.kms.katalon.core.keyword.internal.KeywordExecutor.executeKeywordForPlatform(KeywordExecutor.groovy:74)
	at com.kms.katalon.core.webui.keyword.WebUiBuiltInKeywords.click(WebUiBuiltInKeywords.groovy:620)
	at com.kms.katalon.core.webui.keyword.WebUiBuiltInKeywords$click$3.call(Unknown Source)
	at Script1653004110626.run(Script1653004110626.groovy:99)
	... 16 more
)
	at com.kms.katalon.core.keyword.internal.KeywordMain.stepFailed(KeywordMain.groovy:39)
	at com.kms.katalon.core.webui.keyword.internal.WebUIKeywordMain.stepFailed(WebUIKeywordMain.groovy:64)
	at com.kms.katalon.core.webui.keyword.internal.WebUIKeywordMain.runKeyword(WebUIKeywordMain.groovy:26)
	at com.kms.katalon.core.webui.keyword.builtin.ClickKeyword.click(ClickKeyword.groovy:74)
	at com.kms.katalon.core.webui.keyword.builtin.ClickKeyword.execute(ClickKeyword.groovy:40)
	at com.kms.katalon.core.keyword.internal.KeywordExecutor.executeKeywordForPlatform(KeywordExecutor.groovy:74)
	at com.kms.katalon.core.webui.keyword.WebUiBuiltInKeywords.click(WebUiBuiltInKeywords.groovy:620)
	at com.kms.katalon.core.webui.keyword.WebUiBuiltInKeywords$click$3.call(Unknown Source)
	at SearchProfile_Generic_TC.run(SearchProfile_Generic_TC:99)
	at com.kms.katalon.core.main.ScriptEngine.run(ScriptEngine.java:194)
	at com.kms.katalon.core.main.ScriptEngine.runScriptAsRawText(ScriptEngine.java:119)
	at com.kms.katalon.core.main.TestCaseExecutor.runScript(TestCaseExecutor.java:442)
	at com.kms.katalon.core.main.TestCaseExecutor.doExecute(TestCaseExecutor.java:433)
	at com.kms.katalon.core.main.TestCaseExecutor.processExecutionPhase(TestCaseExecutor.java:412)
	at com.kms.katalon.core.main.TestCaseExecutor.accessMainPhase(TestCaseExecutor.java:404)
	at com.kms.katalon.core.main.TestCaseExecutor.execute(TestCaseExecutor.java:281)
	at com.kms.katalon.core.main.TestCaseExecutor.execute(TestCaseExecutor.java:363)
	at com.kms.katalon.core.main.TestCaseExecutor.execute(TestCaseExecutor.java:363)
	at com.kms.katalon.core.main.TestCaseExecutor.execute(TestCaseExecutor.java:363)
	at com.kms.katalon.core.main.TestSuiteExecutor.accessTestCaseMainPhase(TestSuiteExecutor.java:202)
	at com.kms.katalon.core.main.TestSuiteExecutor.accessTestSuiteMainPhase(TestSuiteExecutor.java:164)
	at com.kms.katalon.core.main.TestSuiteExecutor.execute(TestSuiteExecutor.java:105)
	at com.kms.katalon.core.main.TestCaseMain.startTestSuite(TestCaseMain.java:185)
	at com.kms.katalon.core.main.TestCaseMain$startTestSuite$0.call(Unknown Source)
	at TempTestSuite1656641001441.run(TempTestSuite1656641001441.groovy:36)
Caused by: com.kms.katalon.core.exception.StepFailedException: Unable to click on object 'Object Repository/AdminSuiteBootstrap_Pages/Dashboard_Bootstrap/a_Access AutoNoCFtp'
	... 24 more
Caused by: com.kms.katalon.core.webui.exception.WebElementNotFoundException: Web element with id: 'Object Repository/AdminSuiteBootstrap_Pages/Dashboard_Bootstrap/a_Access AutoNoCFtp' located by '//*[@href = '/admin/imtiaz/bootstrap/vpos/742/' and (text() = 'Access AutoNoCFtp' or . = 'Access AutoNoCFtp')]' not found
	at com.kms.katalon.core.webui.common.WebUiCommonHelper.findWebElement(WebUiCommonHelper.java:1370)
	at com.kms.katalon.core.webui.keyword.internal.WebUIAbstractKeyword.findWebElement(WebUIAbstractKeyword.groovy:27)
	at com.kms.katalon.core.webui.keyword.builtin.ClickKeyword$_click_closure1.doCall(ClickKeyword.groovy:65)
	at com.kms.katalon.core.webui.keyword.builtin.ClickKeyword$_click_closure1.call(ClickKeyword.groovy)
	at com.kms.katalon.core.webui.keyword.internal.WebUIKeywordMain.runKeyword(WebUIKeywordMain.groovy:20)
	... 22 more


2022-07-01 00:37:01 - [TEST_STEP][PASSED] - path_Dashboard = "Object Repository/AdminSuiteBootstrap_Pages/Dashboard_Bootstrap/": null

2022-07-01 00:37:01 - [TEST_STEP][PASSED] - path_VT = "Object Repository/AdminSuiteBootstrap_Pages/VT_Bootstrap/IssueTransactions/": null

2022-07-01 00:37:01 - [TEST_STEP][PASSED] - path_CreateProfile = "Object Repository/AdminSuiteBootstrap_Pages/VSP_Bootstrap/CreateProfile/": null

2022-07-01 00:37:01 - [TEST_STEP][PASSED] - path_AddAccount = "Object Repository/AdminSuiteBootstrap_Pages/VSP_Bootstrap/AddAccount/": null

2022-07-01 00:37:01 - [TEST_STEP][PASSED] - path_Add_ACH = "Object Repository/AdminSuiteBootstrap_Pages/VSP_Bootstrap/AddACH/": null

2022-07-01 00:37:01 - [TEST_STEP][PASSED] - path_Add_CC = "Object Repository/AdminSuiteBootstrap_Pages/VSP_Bootstrap/AddCreditCard/": null

2022-07-01 00:37:01 - [TEST_STEP][PASSED] - path_App_Plan = "Object Repository/AdminSuiteBootstrap_Pages/VSP_Bootstrap/AddPaymentPlan/": null

2022-07-01 00:37:01 - [TEST_STEP][PASSED] - path_DeleteProfile = "Object Repository/AdminSuiteBootstrap_Pages/VSP_Bootstrap/DeleteProfile/": null

2022-07-01 00:37:01 - [TEST_STEP][PASSED] - path_ModifyProfile = "Object Repository/AdminSuiteBootstrap_Pages/VSP_Bootstrap/ModifyProfile/": null

2022-07-01 00:37:01 - [TEST_STEP][PASSED] - path_ViewProfile = "Object Repository/AdminSuiteBootstrap_Pages/VSP_Bootstrap/View Profile/": null

2022-07-01 00:37:01 - [TEST_STEP][PASSED] - path_VSPAuth = "Object Repository/AdminSuiteBootstrap_Pages/VSP_Bootstrap/VSP_Auth/": null

2022-07-01 00:37:01 - [TEST_STEP][PASSED] - path_VSPAuthCap = "Object Repository/AdminSuiteBootstrap_Pages/VSP_Bootstrap/VSP_Authcap/": null

2022-07-01 00:37:01 - [TEST_STEP][PASSED] - path_Debit = "Object Repository/AdminSuiteBootstrap_Pages/VSP_Bootstrap/VSP_Debit/": null

2022-07-01 00:37:01 - [TEST_STEP][PASSED] - path_DeleteProfileConfirm = "Object Repository/AdminSuiteBootstrap_Pages/VSP_Bootstrap/DeleteProfileConfirm/": null

2022-07-01 00:37:01 - [TEST_STEP][PASSED] - executionProfile = getExecutionProfile(): null

2022-07-01 00:37:01 - [TEST_STEP][PASSED] - out.println("executionProfile : " + executionProfile): null

2022-07-01 00:37:01 - [TEST_STEP][PASSED] - appName = <not implemented yet for class: org.codehaus.groovy.ast.expr.EmptyExpression>: null

2022-07-01 00:37:01 - [TEST_STEP][PASSED] - appID = <not implemented yet for class: org.codehaus.groovy.ast.expr.EmptyExpression>: null

2022-07-01 00:37:01 - [TEST_STEP][PASSED] - cardNameV = <not implemented yet for class: org.codehaus.groovy.ast.expr.EmptyExpression>: null

2022-07-01 00:37:01 - [TEST_STEP][PASSED] - al1V = <not implemented yet for class: org.codehaus.groovy.ast.expr.EmptyExpression>: null

2022-07-01 00:37:01 - [TEST_STEP][PASSED] - al2V = <not implemented yet for class: org.codehaus.groovy.ast.expr.EmptyExpression>: null

2022-07-01 00:37:01 - [TEST_STEP][PASSED] - zipV = <not implemented yet for class: org.codehaus.groovy.ast.expr.EmptyExpression>: null

2022-07-01 00:37:01 - [TEST_STEP][PASSED] - cardTypeV = <not implemented yet for class: org.codehaus.groovy.ast.expr.EmptyExpression>: null

2022-07-01 00:37:01 - [TEST_STEP][PASSED] - last4V = <not implemented yet for class: org.codehaus.groovy.ast.expr.EmptyExpression>: null

2022-07-01 00:37:01 - [TEST_STEP][PASSED] - nameSheet = "SearchProfile": null

2022-07-01 00:37:01 - [TEST_STEP][PASSED] - numOfRows = findTestData("QA/Bootstrap/VSP-Profile-TestData/SearchProfile").getRowNumbers(): null

2022-07-01 00:37:01 - [TEST_STEP][PASSED] - println("Number of Records: " + numOfRows): null

2022-07-01 00:37:01 - [TEST_STEP][PASSED] - dataFile = "QA/Bootstrap/VSP-Profile-TestData/SearchProfile": null

2022-07-01 00:37:01 - [TEST_STEP][FAILED] - for ([row = 1, row <= numOfRows, (row++)]): null

2022-07-01 00:37:01 - [TEST_STEP][PASSED] - ExecuteTC = findTestData(dataFile).getValue("Execute", row): null

2022-07-01 00:37:01 - [TEST_STEP][PASSED] - out.println("Value of Execute is : " + ExecuteTC): null

2022-07-01 00:37:01 - [TEST_STEP][PASSED] - switch (executionProfile): null

2022-07-01 00:37:01 - [TEST_STEP][PASSED] - case "QAProfile":: null

2022-07-01 00:37:01 - [TEST_STEP][PASSED] - appName = findTestData(dataFile).getValue("AppNameQA", row): null

2022-07-01 00:37:01 - [TEST_STEP][PASSED] - appID = findTestData(dataFile).getValue("AppIDQA", row): null

2022-07-01 00:37:01 - [TEST_STEP][PASSED] - break: null

2022-07-01 00:37:01 - [TEST_STEP][PASSED] - if (ExecuteTC.equalsIgnoreCase("Y")): Browser is closed

2022-07-01 00:37:01 - [TEST_STEP][PASSED] - out.println("Begin Record Number: " + row): null

2022-07-01 00:37:01 - [TEST_STEP][PASSED] - today = new java.util.Date(): null

2022-07-01 00:37:01 - [TEST_STEP][PASSED] - println(today): null

2022-07-01 00:37:01 - [TEST_STEP][PASSED] - datText = today: null

2022-07-01 00:37:01 - [TEST_STEP][PASSED] - adminSuiteBootstrap.loginFunctionality.login_AdminSuite(): adminSuiteBootstrap.loginFunctionality.login_AdminSuite is PASSED

2022-07-01 00:37:01 - [MESSAGE][INFO] - Starting 'Chrome' driver

2022-07-01 00:37:01 - [MESSAGE][INFO] - User set preference: ['acceptInsecureCerts', 'true']

2022-07-01 00:37:01 - [MESSAGE][INFO] - Action delay is set to 0 milliseconds

2022-07-01 00:37:04 - [MESSAGE][PASSED] - Browser is opened with url: 'https://qa.velocitypayment.com/admin/imtiaz'

2022-07-01 00:37:04 - [MESSAGE][PASSED] - Current window maximized

2022-07-01 00:37:05 - [MESSAGE][PASSED] - Object 'Object Repository/Login_Page/Login_Username' is present

2022-07-01 00:37:05 - [MESSAGE][PASSED] - Text 'iahmed' is set on object 'Object Repository/Login_Page/Login_Username'

2022-07-01 00:37:06 - [MESSAGE][PASSED] - Text 'hello2222' is set on object 'Object Repository/Login_Page/Login_Password'

2022-07-01 00:37:10 - [MESSAGE][PASSED] - Object: 'Object Repository/Login_Page/Login_Submit' is clicked on

2022-07-01 00:37:10 - [MESSAGE][PASSED] - adminSuiteBootstrap.loginFunctionality.login_AdminSuite is PASSED

2022-07-01 00:37:10 - [TEST_STEP][PASSED] - click(findTestObject(path_Dashboard + appName)): Object: 'Object Repository/AdminSuiteBootstrap_Pages/Dashboard_Bootstrap/a_Access AutoNoCFtp' is clicked on

2022-07-01 00:37:11 - [MESSAGE][PASSED] - Object: 'Object Repository/AdminSuiteBootstrap_Pages/Dashboard_Bootstrap/a_Access AutoNoCFtp' is clicked on

2022-07-01 00:37:11 - [TEST_STEP][PASSED] - click(findTestObject(path_VT + "a_Find Profile")): Object: 'Object Repository/AdminSuiteBootstrap_Pages/VT_Bootstrap/IssueTransactions/a_Find Profile' is clicked on

2022-07-01 00:37:11 - [MESSAGE][PASSED] - Object: 'Object Repository/AdminSuiteBootstrap_Pages/VT_Bootstrap/IssueTransactions/a_Find Profile' is clicked on

2022-07-01 00:37:11 - [TEST_STEP][PASSED] - vspBootstrap.SearchProfilePage.setDataSearchProfile(row, dataFile): vspBootstrap.SearchProfilePage.setDataSearchProfile is PASSED

2022-07-01 00:37:12 - [MESSAGE][PASSED] - Text 'ProfileToBeSearched' is set on object 'Object Repository/AdminSuiteBootstrap_Pages/VSP_Bootstrap/SearchProfile/input_Criteria'

2022-07-01 00:37:13 - [MESSAGE][PASSED] - All options with label 'Name only' are selected in object 'Object Repository/AdminSuiteBootstrap_Pages/VSP_Bootstrap/SearchProfile/select_SearchBy'  using regular expression

2022-07-01 00:37:15 - [MESSAGE][PASSED] - Object: 'Object Repository/AdminSuiteBootstrap_Pages/VSP_Bootstrap/SearchProfile/button_Search' is clicked on

2022-07-01 00:37:15 - [MESSAGE][PASSED] - vspBootstrap.SearchProfilePage.setDataSearchProfile is PASSED

2022-07-01 00:37:15 - [TEST_STEP][PASSED] - verifyElementVisible(findTestObject(path_ViewProfile + "a_ProfileToBeSearched")): Object 'Object Repository/AdminSuiteBootstrap_Pages/VSP_Bootstrap/View Profile/a_ProfileToBeSearched' is visible

2022-07-01 00:37:16 - [MESSAGE][PASSED] - Object 'Object Repository/AdminSuiteBootstrap_Pages/VSP_Bootstrap/View Profile/a_ProfileToBeSearched' is visible

2022-07-01 00:37:16 - [TEST_STEP][PASSED] - verifyElementPresent(findTestObject(path_ViewProfile + "a_ProfileToBeSearched"), 30): Object 'Object Repository/AdminSuiteBootstrap_Pages/VSP_Bootstrap/View Profile/a_ProfileToBeSearched' is present

2022-07-01 00:37:16 - [MESSAGE][PASSED] - Object 'Object Repository/AdminSuiteBootstrap_Pages/VSP_Bootstrap/View Profile/a_ProfileToBeSearched' is present

2022-07-01 00:37:16 - [TEST_STEP][PASSED] - closeBrowser(): Browser is closed

2022-07-01 00:37:17 - [MESSAGE][PASSED] - Browser is closed

2022-07-01 00:37:17 - [TEST_STEP][PASSED] - ExecuteTC = findTestData(dataFile).getValue("Execute", row): null

2022-07-01 00:37:17 - [TEST_STEP][PASSED] - out.println("Value of Execute is : " + ExecuteTC): null

2022-07-01 00:37:17 - [TEST_STEP][PASSED] - switch (executionProfile): null

2022-07-01 00:37:17 - [TEST_STEP][PASSED] - case "QAProfile":: null

2022-07-01 00:37:17 - [TEST_STEP][PASSED] - appName = findTestData(dataFile).getValue("AppNameQA", row): null

2022-07-01 00:37:17 - [TEST_STEP][PASSED] - appID = findTestData(dataFile).getValue("AppIDQA", row): null

2022-07-01 00:37:17 - [TEST_STEP][PASSED] - break: null

2022-07-01 00:37:17 - [TEST_STEP][FAILED] - if (ExecuteTC.equalsIgnoreCase("Y")): null

2022-07-01 00:37:17 - [TEST_STEP][PASSED] - out.println("Begin Record Number: " + row): null

2022-07-01 00:37:17 - [TEST_STEP][PASSED] - today = new java.util.Date(): null

2022-07-01 00:37:17 - [TEST_STEP][PASSED] - println(today): null

2022-07-01 00:37:17 - [TEST_STEP][PASSED] - datText = today: null

2022-07-01 00:37:17 - [TEST_STEP][PASSED] - adminSuiteBootstrap.loginFunctionality.login_AdminSuite(): adminSuiteBootstrap.loginFunctionality.login_AdminSuite is PASSED

2022-07-01 00:37:17 - [MESSAGE][INFO] - Starting 'Chrome' driver

2022-07-01 00:37:17 - [MESSAGE][INFO] - User set preference: ['acceptInsecureCerts', 'true']

2022-07-01 00:37:17 - [MESSAGE][INFO] - Action delay is set to 0 milliseconds

2022-07-01 00:37:20 - [MESSAGE][PASSED] - Browser is opened with url: 'https://qa.velocitypayment.com/admin/imtiaz'

2022-07-01 00:37:20 - [MESSAGE][PASSED] - Current window maximized

2022-07-01 00:37:20 - [MESSAGE][PASSED] - Object 'Object Repository/Login_Page/Login_Username' is present

2022-07-01 00:37:21 - [MESSAGE][PASSED] - Text 'iahmed' is set on object 'Object Repository/Login_Page/Login_Username'

2022-07-01 00:37:22 - [MESSAGE][PASSED] - Text 'hello2222' is set on object 'Object Repository/Login_Page/Login_Password'

2022-07-01 00:37:22 - [MESSAGE][PASSED] - Object: 'Object Repository/Login_Page/Login_Submit' is clicked on

2022-07-01 00:37:22 - [MESSAGE][PASSED] - adminSuiteBootstrap.loginFunctionality.login_AdminSuite is PASSED

2022-07-01 00:37:22 - [TEST_STEP][FAILED] - click(findTestObject(path_Dashboard + appName)): Unable to click on object 'Object Repository/AdminSuiteBootstrap_Pages/Dashboard_Bootstrap/a_Access AutoNoCFtp' (Root cause: com.kms.katalon.core.exception.StepFailedException: Unable to click on object 'Object Repository/AdminSuiteBootstrap_Pages/Dashboard_Bootstrap/a_Access AutoNoCFtp'
	at com.kms.katalon.core.webui.keyword.internal.WebUIKeywordMain.stepFailed(WebUIKeywordMain.groovy:64)
	at com.kms.katalon.core.webui.keyword.internal.WebUIKeywordMain.runKeyword(WebUIKeywordMain.groovy:26)
	at com.kms.katalon.core.webui.keyword.builtin.ClickKeyword.click(ClickKeyword.groovy:74)
	at com.kms.katalon.core.webui.keyword.builtin.ClickKeyword.execute(ClickKeyword.groovy:40)
	at com.kms.katalon.core.keyword.internal.KeywordExecutor.executeKeywordForPlatform(KeywordExecutor.groovy:74)
	at com.kms.katalon.core.webui.keyword.WebUiBuiltInKeywords.click(WebUiBuiltInKeywords.groovy:620)
	at com.kms.katalon.core.webui.keyword.WebUiBuiltInKeywords$click$3.call(Unknown Source)
	at SearchProfile_Generic_TC.run(SearchProfile_Generic_TC:99)
	at com.kms.katalon.core.main.ScriptEngine.run(ScriptEngine.java:194)
	at com.kms.katalon.core.main.ScriptEngine.runScriptAsRawText(ScriptEngine.java:119)
	at com.kms.katalon.core.main.TestCaseExecutor.runScript(TestCaseExecutor.java:442)
	at com.kms.katalon.core.main.TestCaseExecutor.doExecute(TestCaseExecutor.java:433)
	at com.kms.katalon.core.main.TestCaseExecutor.processExecutionPhase(TestCaseExecutor.java:412)
	at com.kms.katalon.core.main.TestCaseExecutor.accessMainPhase(TestCaseExecutor.java:404)
	at com.kms.katalon.core.main.TestCaseExecutor.execute(TestCaseExecutor.java:281)
	at com.kms.katalon.core.main.TestCaseExecutor.execute(TestCaseExecutor.java:363)
	at com.kms.katalon.core.main.TestCaseExecutor.execute(TestCaseExecutor.java:363)
	at com.kms.katalon.core.main.TestCaseExecutor.execute(TestCaseExecutor.java:363)
	at com.kms.katalon.core.main.TestSuiteExecutor.accessTestCaseMainPhase(TestSuiteExecutor.java:202)
	at com.kms.katalon.core.main.TestSuiteExecutor.accessTestSuiteMainPhase(TestSuiteExecutor.java:164)
	at com.kms.katalon.core.main.TestSuiteExecutor.execute(TestSuiteExecutor.java:105)
	at com.kms.katalon.core.main.TestCaseMain.startTestSuite(TestCaseMain.java:185)
	at com.kms.katalon.core.main.TestCaseMain$startTestSuite$0.call(Unknown Source)
	at TempTestSuite1656641001441.run(TempTestSuite1656641001441.groovy:36)
Caused by: com.kms.katalon.core.webui.exception.WebElementNotFoundException: Web element with id: 'Object Repository/AdminSuiteBootstrap_Pages/Dashboard_Bootstrap/a_Access AutoNoCFtp' located by '//*[@href = '/admin/imtiaz/bootstrap/vpos/742/' and (text() = 'Access AutoNoCFtp' or . = 'Access AutoNoCFtp')]' not found
	at com.kms.katalon.core.webui.common.WebUiCommonHelper.findWebElement(WebUiCommonHelper.java:1370)
	at com.kms.katalon.core.webui.keyword.internal.WebUIAbstractKeyword.findWebElement(WebUIAbstractKeyword.groovy:27)
	at com.kms.katalon.core.webui.keyword.builtin.ClickKeyword$_click_closure1.doCall(ClickKeyword.groovy:65)
	at com.kms.katalon.core.webui.keyword.builtin.ClickKeyword$_click_closure1.call(ClickKeyword.groovy)
	at com.kms.katalon.core.webui.keyword.internal.WebUIKeywordMain.runKeyword(WebUIKeywordMain.groovy:20)
	at com.kms.katalon.core.webui.keyword.builtin.ClickKeyword.click(ClickKeyword.groovy:74)
	at com.kms.katalon.core.webui.keyword.builtin.ClickKeyword.execute(ClickKeyword.groovy:40)
	at com.kms.katalon.core.keyword.internal.KeywordExecutor.executeKeywordForPlatform(KeywordExecutor.groovy:74)
	at com.kms.katalon.core.webui.keyword.WebUiBuiltInKeywords.click(WebUiBuiltInKeywords.groovy:620)
	at com.kms.katalon.core.webui.keyword.WebUiBuiltInKeywords$click$3.call(Unknown Source)
	at Script1653004110626.run(Script1653004110626.groovy:99)
	... 16 more
)

2022-07-01 00:37:53 - [MESSAGE][INFO] - Unable to find the element located by 'By.xpath: //*[@href = '/admin/imtiaz/bootstrap/vpos/742/' and (text() = 'Access AutoNoCFtp' or . = 'Access AutoNoCFtp')]'. Please recheck the objects properties to make sure the desired element is located. 

2022-07-01 00:37:54 - [MESSAGE][FAILED] - Unable to click on object 'Object Repository/AdminSuiteBootstrap_Pages/Dashboard_Bootstrap/a_Access AutoNoCFtp' (Root cause: com.kms.katalon.core.exception.StepFailedException: Unable to click on object 'Object Repository/AdminSuiteBootstrap_Pages/Dashboard_Bootstrap/a_Access AutoNoCFtp'
	at com.kms.katalon.core.webui.keyword.internal.WebUIKeywordMain.stepFailed(WebUIKeywordMain.groovy:64)
	at com.kms.katalon.core.webui.keyword.internal.WebUIKeywordMain.runKeyword(WebUIKeywordMain.groovy:26)
	at com.kms.katalon.core.webui.keyword.builtin.ClickKeyword.click(ClickKeyword.groovy:74)
	at com.kms.katalon.core.webui.keyword.builtin.ClickKeyword.execute(ClickKeyword.groovy:40)
	at com.kms.katalon.core.keyword.internal.KeywordExecutor.executeKeywordForPlatform(KeywordExecutor.groovy:74)
	at com.kms.katalon.core.webui.keyword.WebUiBuiltInKeywords.click(WebUiBuiltInKeywords.groovy:620)
	at com.kms.katalon.core.webui.keyword.WebUiBuiltInKeywords$click$3.call(Unknown Source)
	at SearchProfile_Generic_TC.run(SearchProfile_Generic_TC:99)
	at com.kms.katalon.core.main.ScriptEngine.run(ScriptEngine.java:194)
	at com.kms.katalon.core.main.ScriptEngine.runScriptAsRawText(ScriptEngine.java:119)
	at com.kms.katalon.core.main.TestCaseExecutor.runScript(TestCaseExecutor.java:442)
	at com.kms.katalon.core.main.TestCaseExecutor.doExecute(TestCaseExecutor.java:433)
	at com.kms.katalon.core.main.TestCaseExecutor.processExecutionPhase(TestCaseExecutor.java:412)
	at com.kms.katalon.core.main.TestCaseExecutor.accessMainPhase(TestCaseExecutor.java:404)
	at com.kms.katalon.core.main.TestCaseExecutor.execute(TestCaseExecutor.java:281)
	at com.kms.katalon.core.main.TestCaseExecutor.execute(TestCaseExecutor.java:363)
	at com.kms.katalon.core.main.TestCaseExecutor.execute(TestCaseExecutor.java:363)
	at com.kms.katalon.core.main.TestCaseExecutor.execute(TestCaseExecutor.java:363)
	at com.kms.katalon.core.main.TestSuiteExecutor.accessTestCaseMainPhase(TestSuiteExecutor.java:202)
	at com.kms.katalon.core.main.TestSuiteExecutor.accessTestSuiteMainPhase(TestSuiteExecutor.java:164)
	at com.kms.katalon.core.main.TestSuiteExecutor.execute(TestSuiteExecutor.java:105)
	at com.kms.katalon.core.main.TestCaseMain.startTestSuite(TestCaseMain.java:185)
	at com.kms.katalon.core.main.TestCaseMain$startTestSuite$0.call(Unknown Source)
	at TempTestSuite1656641001441.run(TempTestSuite1656641001441.groovy:36)
Caused by: com.kms.katalon.core.webui.exception.WebElementNotFoundException: Web element with id: 'Object Repository/AdminSuiteBootstrap_Pages/Dashboard_Bootstrap/a_Access AutoNoCFtp' located by '//*[@href = '/admin/imtiaz/bootstrap/vpos/742/' and (text() = 'Access AutoNoCFtp' or . = 'Access AutoNoCFtp')]' not found
	at com.kms.katalon.core.webui.common.WebUiCommonHelper.findWebElement(WebUiCommonHelper.java:1370)
	at com.kms.katalon.core.webui.keyword.internal.WebUIAbstractKeyword.findWebElement(WebUIAbstractKeyword.groovy:27)
	at com.kms.katalon.core.webui.keyword.builtin.ClickKeyword$_click_closure1.doCall(ClickKeyword.groovy:65)
	at com.kms.katalon.core.webui.keyword.builtin.ClickKeyword$_click_closure1.call(ClickKeyword.groovy)
	at com.kms.katalon.core.webui.keyword.internal.WebUIKeywordMain.runKeyword(WebUIKeywordMain.groovy:20)
	at com.kms.katalon.core.webui.keyword.builtin.ClickKeyword.click(ClickKeyword.groovy:74)
	at com.kms.katalon.core.webui.keyword.builtin.ClickKeyword.execute(ClickKeyword.groovy:40)
	at com.kms.katalon.core.keyword.internal.KeywordExecutor.executeKeywordForPlatform(KeywordExecutor.groovy:74)
	at com.kms.katalon.core.webui.keyword.WebUiBuiltInKeywords.click(WebUiBuiltInKeywords.groovy:620)
	at com.kms.katalon.core.webui.keyword.WebUiBuiltInKeywords$click$3.call(Unknown Source)
	at Script1653004110626.run(Script1653004110626.groovy:99)
	... 16 more
)
[[ATTACHMENT|E:\\Cloned-Project-Katalon\\VPS-Katalon\\Reports\\20220630_220315\\QA\\VSP-Bootstrap\\VSP-Profile-TestSuite\\20220630_220321\\1656650273784.png]]

2022-07-01 00:37:54 - [TEST_STEP][FAILED] - click(findTestObject(path_VT + "a_Find Profile")): Unable to click on object 'Object Repository/AdminSuiteBootstrap_Pages/VT_Bootstrap/IssueTransactions/a_Find Profile' (Root cause: com.kms.katalon.core.exception.StepFailedException: Unable to click on object 'Object Repository/AdminSuiteBootstrap_Pages/VT_Bootstrap/IssueTransactions/a_Find Profile'
	at com.kms.katalon.core.webui.keyword.internal.WebUIKeywordMain.stepFailed(WebUIKeywordMain.groovy:64)
	at com.kms.katalon.core.webui.keyword.internal.WebUIKeywordMain.runKeyword(WebUIKeywordMain.groovy:26)
	at com.kms.katalon.core.webui.keyword.builtin.ClickKeyword.click(ClickKeyword.groovy:74)
	at com.kms.katalon.core.webui.keyword.builtin.ClickKeyword.execute(ClickKeyword.groovy:40)
	at com.kms.katalon.core.keyword.internal.KeywordExecutor.executeKeywordForPlatform(KeywordExecutor.groovy:74)
	at com.kms.katalon.core.webui.keyword.WebUiBuiltInKeywords.click(WebUiBuiltInKeywords.groovy:620)
	at com.kms.katalon.core.webui.keyword.WebUiBuiltInKeywords$click$3.call(Unknown Source)
	at SearchProfile_Generic_TC.run(SearchProfile_Generic_TC:102)
	at com.kms.katalon.core.main.ScriptEngine.run(ScriptEngine.java:194)
	at com.kms.katalon.core.main.ScriptEngine.runScriptAsRawText(ScriptEngine.java:119)
	at com.kms.katalon.core.main.TestCaseExecutor.runScript(TestCaseExecutor.java:442)
	at com.kms.katalon.core.main.TestCaseExecutor.doExecute(TestCaseExecutor.java:433)
	at com.kms.katalon.core.main.TestCaseExecutor.processExecutionPhase(TestCaseExecutor.java:412)
	at com.kms.katalon.core.main.TestCaseExecutor.accessMainPhase(TestCaseExecutor.java:404)
	at com.kms.katalon.core.main.TestCaseExecutor.execute(TestCaseExecutor.java:281)
	at com.kms.katalon.core.main.TestCaseExecutor.execute(TestCaseExecutor.java:363)
	at com.kms.katalon.core.main.TestCaseExecutor.execute(TestCaseExecutor.java:363)
	at com.kms.katalon.core.main.TestCaseExecutor.execute(TestCaseExecutor.java:363)
	at com.kms.katalon.core.main.TestSuiteExecutor.accessTestCaseMainPhase(TestSuiteExecutor.java:202)
	at com.kms.katalon.core.main.TestSuiteExecutor.accessTestSuiteMainPhase(TestSuiteExecutor.java:164)
	at com.kms.katalon.core.main.TestSuiteExecutor.execute(TestSuiteExecutor.java:105)
	at com.kms.katalon.core.main.TestCaseMain.startTestSuite(TestCaseMain.java:185)
	at com.kms.katalon.core.main.TestCaseMain$startTestSuite$0.call(Unknown Source)
	at TempTestSuite1656641001441.run(TempTestSuite1656641001441.groovy:36)
Caused by: com.kms.katalon.core.webui.exception.WebElementNotFoundException: Web element with id: 'Object Repository/AdminSuiteBootstrap_Pages/VT_Bootstrap/IssueTransactions/a_Find Profile' located by '//*[@href = 'javascript:;' and (text() = 'Find Profile' or . = 'Find Profile')]' not found
	at com.kms.katalon.core.webui.common.WebUiCommonHelper.findWebElement(WebUiCommonHelper.java:1370)
	at com.kms.katalon.core.webui.keyword.internal.WebUIAbstractKeyword.findWebElement(WebUIAbstractKeyword.groovy:27)
	at com.kms.katalon.core.webui.keyword.builtin.ClickKeyword$_click_closure1.doCall(ClickKeyword.groovy:65)
	at com.kms.katalon.core.webui.keyword.builtin.ClickKeyword$_click_closure1.call(ClickKeyword.groovy)
	at com.kms.katalon.core.webui.keyword.internal.WebUIKeywordMain.runKeyword(WebUIKeywordMain.groovy:20)
	at com.kms.katalon.core.webui.keyword.builtin.ClickKeyword.click(ClickKeyword.groovy:74)
	at com.kms.katalon.core.webui.keyword.builtin.ClickKeyword.execute(ClickKeyword.groovy:40)
	at com.kms.katalon.core.keyword.internal.KeywordExecutor.executeKeywordForPlatform(KeywordExecutor.groovy:74)
	at com.kms.katalon.core.webui.keyword.WebUiBuiltInKeywords.click(WebUiBuiltInKeywords.groovy:620)
	at com.kms.katalon.core.webui.keyword.WebUiBuiltInKeywords$click$3.call(Unknown Source)
	at Script1653004110626.run(Script1653004110626.groovy:102)
	... 16 more
)

2022-07-01 00:38:25 - [MESSAGE][INFO] - Unable to find the element located by 'By.xpath: //*[@href = 'javascript:;' and (text() = 'Find Profile' or . = 'Find Profile')]'. Please recheck the objects properties to make sure the desired element is located. 

2022-07-01 00:38:25 - [MESSAGE][FAILED] - Unable to click on object 'Object Repository/AdminSuiteBootstrap_Pages/VT_Bootstrap/IssueTransactions/a_Find Profile' (Root cause: com.kms.katalon.core.exception.StepFailedException: Unable to click on object 'Object Repository/AdminSuiteBootstrap_Pages/VT_Bootstrap/IssueTransactions/a_Find Profile'
	at com.kms.katalon.core.webui.keyword.internal.WebUIKeywordMain.stepFailed(WebUIKeywordMain.groovy:64)
	at com.kms.katalon.core.webui.keyword.internal.WebUIKeywordMain.runKeyword(WebUIKeywordMain.groovy:26)
	at com.kms.katalon.core.webui.keyword.builtin.ClickKeyword.click(ClickKeyword.groovy:74)
	at com.kms.katalon.core.webui.keyword.builtin.ClickKeyword.execute(ClickKeyword.groovy:40)
	at com.kms.katalon.core.keyword.internal.KeywordExecutor.executeKeywordForPlatform(KeywordExecutor.groovy:74)
	at com.kms.katalon.core.webui.keyword.WebUiBuiltInKeywords.click(WebUiBuiltInKeywords.groovy:620)
	at com.kms.katalon.core.webui.keyword.WebUiBuiltInKeywords$click$3.call(Unknown Source)
	at SearchProfile_Generic_TC.run(SearchProfile_Generic_TC:102)
	at com.kms.katalon.core.main.ScriptEngine.run(ScriptEngine.java:194)
	at com.kms.katalon.core.main.ScriptEngine.runScriptAsRawText(ScriptEngine.java:119)
	at com.kms.katalon.core.main.TestCaseExecutor.runScript(TestCaseExecutor.java:442)
	at com.kms.katalon.core.main.TestCaseExecutor.doExecute(TestCaseExecutor.java:433)
	at com.kms.katalon.core.main.TestCaseExecutor.processExecutionPhase(TestCaseExecutor.java:412)
	at com.kms.katalon.core.main.TestCaseExecutor.accessMainPhase(TestCaseExecutor.java:404)
	at com.kms.katalon.core.main.TestCaseExecutor.execute(TestCaseExecutor.java:281)
	at com.kms.katalon.core.main.TestCaseExecutor.execute(TestCaseExecutor.java:363)
	at com.kms.katalon.core.main.TestCaseExecutor.execute(TestCaseExecutor.java:363)
	at com.kms.katalon.core.main.TestCaseExecutor.execute(TestCaseExecutor.java:363)
	at com.kms.katalon.core.main.TestSuiteExecutor.accessTestCaseMainPhase(TestSuiteExecutor.java:202)
	at com.kms.katalon.core.main.TestSuiteExecutor.accessTestSuiteMainPhase(TestSuiteExecutor.java:164)
	at com.kms.katalon.core.main.TestSuiteExecutor.execute(TestSuiteExecutor.java:105)
	at com.kms.katalon.core.main.TestCaseMain.startTestSuite(TestCaseMain.java:185)
	at com.kms.katalon.core.main.TestCaseMain$startTestSuite$0.call(Unknown Source)
	at TempTestSuite1656641001441.run(TempTestSuite1656641001441.groovy:36)
Caused by: com.kms.katalon.core.webui.exception.WebElementNotFoundException: Web element with id: 'Object Repository/AdminSuiteBootstrap_Pages/VT_Bootstrap/IssueTransactions/a_Find Profile' located by '//*[@href = 'javascript:;' and (text() = 'Find Profile' or . = 'Find Profile')]' not found
	at com.kms.katalon.core.webui.common.WebUiCommonHelper.findWebElement(WebUiCommonHelper.java:1370)
	at com.kms.katalon.core.webui.keyword.internal.WebUIAbstractKeyword.findWebElement(WebUIAbstractKeyword.groovy:27)
	at com.kms.katalon.core.webui.keyword.builtin.ClickKeyword$_click_closure1.doCall(ClickKeyword.groovy:65)
	at com.kms.katalon.core.webui.keyword.builtin.ClickKeyword$_click_closure1.call(ClickKeyword.groovy)
	at com.kms.katalon.core.webui.keyword.internal.WebUIKeywordMain.runKeyword(WebUIKeywordMain.groovy:20)
	at com.kms.katalon.core.webui.keyword.builtin.ClickKeyword.click(ClickKeyword.groovy:74)
	at com.kms.katalon.core.webui.keyword.builtin.ClickKeyword.execute(ClickKeyword.groovy:40)
	at com.kms.katalon.core.keyword.internal.KeywordExecutor.executeKeywordForPlatform(KeywordExecutor.groovy:74)
	at com.kms.katalon.core.webui.keyword.WebUiBuiltInKeywords.click(WebUiBuiltInKeywords.groovy:620)
	at com.kms.katalon.core.webui.keyword.WebUiBuiltInKeywords$click$3.call(Unknown Source)
	at Script1653004110626.run(Script1653004110626.groovy:102)
	... 16 more
)
[[ATTACHMENT|E:\\Cloned-Project-Katalon\\VPS-Katalon\\Reports\\20220630_220315\\QA\\VSP-Bootstrap\\VSP-Profile-TestSuite\\20220630_220321\\1656650305256.png]]

2022-07-01 00:38:25 - [TEST_STEP][FAILED] - vspBootstrap.SearchProfilePage.setDataSearchProfile(row, dataFile): com.kms.katalon.core.exception.StepFailedException: Unable to set text 'Krushna Govinda' of object 'Object Repository/AdminSuiteBootstrap_Pages/VSP_Bootstrap/SearchProfile/input_Criteria' (Root cause: com.kms.katalon.core.exception.StepFailedException: Unable to set text 'Krushna Govinda' of object 'Object Repository/AdminSuiteBootstrap_Pages/VSP_Bootstrap/SearchProfile/input_Criteria'
	at com.kms.katalon.core.webui.keyword.internal.WebUIKeywordMain.stepFailed(WebUIKeywordMain.groovy:64)
	at com.kms.katalon.core.webui.keyword.internal.WebUIKeywordMain.runKeyword(WebUIKeywordMain.groovy:26)
	at com.kms.katalon.core.webui.keyword.builtin.SetTextKeyword.setText(SetTextKeyword.groovy:66)
	at com.kms.katalon.core.webui.keyword.builtin.SetTextKeyword.execute(SetTextKeyword.groovy:37)
	at com.kms.katalon.core.keyword.internal.KeywordExecutor.executeKeywordForPlatform(KeywordExecutor.groovy:74)
	at com.kms.katalon.core.webui.keyword.WebUiBuiltInKeywords.setText(WebUiBuiltInKeywords.groovy:980)
	at com.kms.katalon.core.webui.keyword.WebUiBuiltInKeywords$setText$2.call(Unknown Source)
	at vspBootstrap.SearchProfilePage.setDataSearchProfile(SearchProfilePage.groovy:36)
	at vspBootstrap.SearchProfilePage.invokeMethod(SearchProfilePage.groovy)
	at com.kms.katalon.core.main.CustomKeywordDelegatingMetaClass.invokeStaticMethod(CustomKeywordDelegatingMetaClass.java:50)
	at SearchProfile_Generic_TC.run(SearchProfile_Generic_TC:105)
	at com.kms.katalon.core.main.ScriptEngine.run(ScriptEngine.java:194)
	at com.kms.katalon.core.main.ScriptEngine.runScriptAsRawText(ScriptEngine.java:119)
	at com.kms.katalon.core.main.TestCaseExecutor.runScript(TestCaseExecutor.java:442)
	at com.kms.katalon.core.main.TestCaseExecutor.doExecute(TestCaseExecutor.java:433)
	at com.kms.katalon.core.main.TestCaseExecutor.processExecutionPhase(TestCaseExecutor.java:412)
	at com.kms.katalon.core.main.TestCaseExecutor.accessMainPhase(TestCaseExecutor.java:404)
	at com.kms.katalon.core.main.TestCaseExecutor.execute(TestCaseExecutor.java:281)
	at com.kms.katalon.core.main.TestCaseExecutor.execute(TestCaseExecutor.java:363)
	at com.kms.katalon.core.main.TestCaseExecutor.execute(TestCaseExecutor.java:363)
	at com.kms.katalon.core.main.TestCaseExecutor.execute(TestCaseExecutor.java:363)
	at com.kms.katalon.core.main.TestSuiteExecutor.accessTestCaseMainPhase(TestSuiteExecutor.java:202)
	at com.kms.katalon.core.main.TestSuiteExecutor.accessTestSuiteMainPhase(TestSuiteExecutor.java:164)
	at com.kms.katalon.core.main.TestSuiteExecutor.execute(TestSuiteExecutor.java:105)
	at com.kms.katalon.core.main.TestCaseMain.startTestSuite(TestCaseMain.java:185)
	at com.kms.katalon.core.main.TestCaseMain$startTestSuite$0.call(Unknown Source)
	at TempTestSuite1656641001441.run(TempTestSuite1656641001441.groovy:36)
Caused by: com.kms.katalon.core.webui.exception.WebElementNotFoundException: Web element with id: 'Object Repository/AdminSuiteBootstrap_Pages/VSP_Bootstrap/SearchProfile/input_Criteria' located by '//*[@type = 'text' and @name = 'searchString']' not found
	at com.kms.katalon.core.webui.common.WebUiCommonHelper.findWebElement(WebUiCommonHelper.java:1370)
	at com.kms.katalon.core.webui.keyword.internal.WebUIAbstractKeyword.findWebElement(WebUIAbstractKeyword.groovy:27)
	at com.kms.katalon.core.webui.keyword.internal.WebUIAbstractKeyword.findWebElement(WebUIAbstractKeyword.groovy:26)
	at com.kms.katalon.core.webui.keyword.builtin.SetTextKeyword$_setText_closure1.doCall(SetTextKeyword.groovy:51)
	at com.kms.katalon.core.webui.keyword.builtin.SetTextKeyword$_setText_closure1.call(SetTextKeyword.groovy)
	at com.kms.katalon.core.webui.keyword.internal.WebUIKeywordMain.runKeyword(WebUIKeywordMain.groovy:20)
	at com.kms.katalon.core.webui.keyword.builtin.SetTextKeyword.setText(SetTextKeyword.groovy:66)
	at com.kms.katalon.core.webui.keyword.builtin.SetTextKeyword.execute(SetTextKeyword.groovy:37)
	at com.kms.katalon.core.keyword.internal.KeywordExecutor.executeKeywordForPlatform(KeywordExecutor.groovy:74)
	at com.kms.katalon.core.webui.keyword.WebUiBuiltInKeywords.setText(WebUiBuiltInKeywords.groovy:980)
	at com.kms.katalon.core.webui.keyword.WebUiBuiltInKeywords$setText$2.call(Unknown Source)
	at vspBootstrap.SearchProfilePage.setDataSearchProfile(SearchProfilePage.groovy:36)
	at vspBootstrap.SearchProfilePage.invokeMethod(SearchProfilePage.groovy)
	at com.kms.katalon.core.main.CustomKeywordDelegatingMetaClass.invokeStaticMethod(CustomKeywordDelegatingMetaClass.java:50)
	at Script1653004110626.run(Script1653004110626.groovy:105)
	... 16 more
)

2022-07-01 00:38:56 - [MESSAGE][INFO] - Unable to find the element located by 'By.xpath: //*[@type = 'text' and @name = 'searchString']'. Please recheck the objects properties to make sure the desired element is located. 

2022-07-01 00:38:57 - [MESSAGE][FAILED] - Unable to set text 'Krushna Govinda' of object 'Object Repository/AdminSuiteBootstrap_Pages/VSP_Bootstrap/SearchProfile/input_Criteria' (Root cause: com.kms.katalon.core.exception.StepFailedException: Unable to set text 'Krushna Govinda' of object 'Object Repository/AdminSuiteBootstrap_Pages/VSP_Bootstrap/SearchProfile/input_Criteria'
	at com.kms.katalon.core.webui.keyword.internal.WebUIKeywordMain.stepFailed(WebUIKeywordMain.groovy:64)
	at com.kms.katalon.core.webui.keyword.internal.WebUIKeywordMain.runKeyword(WebUIKeywordMain.groovy:26)
	at com.kms.katalon.core.webui.keyword.builtin.SetTextKeyword.setText(SetTextKeyword.groovy:66)
	at com.kms.katalon.core.webui.keyword.builtin.SetTextKeyword.execute(SetTextKeyword.groovy:37)
	at com.kms.katalon.core.keyword.internal.KeywordExecutor.executeKeywordForPlatform(KeywordExecutor.groovy:74)
	at com.kms.katalon.core.webui.keyword.WebUiBuiltInKeywords.setText(WebUiBuiltInKeywords.groovy:980)
	at com.kms.katalon.core.webui.keyword.WebUiBuiltInKeywords$setText$2.call(Unknown Source)
	at vspBootstrap.SearchProfilePage.setDataSearchProfile(SearchProfilePage.groovy:36)
	at vspBootstrap.SearchProfilePage.invokeMethod(SearchProfilePage.groovy)
	at com.kms.katalon.core.main.CustomKeywordDelegatingMetaClass.invokeStaticMethod(CustomKeywordDelegatingMetaClass.java:50)
	at SearchProfile_Generic_TC.run(SearchProfile_Generic_TC:105)
	at com.kms.katalon.core.main.ScriptEngine.run(ScriptEngine.java:194)
	at com.kms.katalon.core.main.ScriptEngine.runScriptAsRawText(ScriptEngine.java:119)
	at com.kms.katalon.core.main.TestCaseExecutor.runScript(TestCaseExecutor.java:442)
	at com.kms.katalon.core.main.TestCaseExecutor.doExecute(TestCaseExecutor.java:433)
	at com.kms.katalon.core.main.TestCaseExecutor.processExecutionPhase(TestCaseExecutor.java:412)
	at com.kms.katalon.core.main.TestCaseExecutor.accessMainPhase(TestCaseExecutor.java:404)
	at com.kms.katalon.core.main.TestCaseExecutor.execute(TestCaseExecutor.java:281)
	at com.kms.katalon.core.main.TestCaseExecutor.execute(TestCaseExecutor.java:363)
	at com.kms.katalon.core.main.TestCaseExecutor.execute(TestCaseExecutor.java:363)
	at com.kms.katalon.core.main.TestCaseExecutor.execute(TestCaseExecutor.java:363)
	at com.kms.katalon.core.main.TestSuiteExecutor.accessTestCaseMainPhase(TestSuiteExecutor.java:202)
	at com.kms.katalon.core.main.TestSuiteExecutor.accessTestSuiteMainPhase(TestSuiteExecutor.java:164)
	at com.kms.katalon.core.main.TestSuiteExecutor.execute(TestSuiteExecutor.java:105)
	at com.kms.katalon.core.main.TestCaseMain.startTestSuite(TestCaseMain.java:185)
	at com.kms.katalon.core.main.TestCaseMain$startTestSuite$0.call(Unknown Source)
	at TempTestSuite1656641001441.run(TempTestSuite1656641001441.groovy:36)
Caused by: com.kms.katalon.core.webui.exception.WebElementNotFoundException: Web element with id: 'Object Repository/AdminSuiteBootstrap_Pages/VSP_Bootstrap/SearchProfile/input_Criteria' located by '//*[@type = 'text' and @name = 'searchString']' not found
	at com.kms.katalon.core.webui.common.WebUiCommonHelper.findWebElement(WebUiCommonHelper.java:1370)
	at com.kms.katalon.core.webui.keyword.internal.WebUIAbstractKeyword.findWebElement(WebUIAbstractKeyword.groovy:27)
	at com.kms.katalon.core.webui.keyword.internal.WebUIAbstractKeyword.findWebElement(WebUIAbstractKeyword.groovy:26)
	at com.kms.katalon.core.webui.keyword.builtin.SetTextKeyword$_setText_closure1.doCall(SetTextKeyword.groovy:51)
	at com.kms.katalon.core.webui.keyword.builtin.SetTextKeyword$_setText_closure1.call(SetTextKeyword.groovy)
	at com.kms.katalon.core.webui.keyword.internal.WebUIKeywordMain.runKeyword(WebUIKeywordMain.groovy:20)
	at com.kms.katalon.core.webui.keyword.builtin.SetTextKeyword.setText(SetTextKeyword.groovy:66)
	at com.kms.katalon.core.webui.keyword.builtin.SetTextKeyword.execute(SetTextKeyword.groovy:37)
	at com.kms.katalon.core.keyword.internal.KeywordExecutor.executeKeywordForPlatform(KeywordExecutor.groovy:74)
	at com.kms.katalon.core.webui.keyword.WebUiBuiltInKeywords.setText(WebUiBuiltInKeywords.groovy:980)
	at com.kms.katalon.core.webui.keyword.WebUiBuiltInKeywords$setText$2.call(Unknown Source)
	at vspBootstrap.SearchProfilePage.setDataSearchProfile(SearchProfilePage.groovy:36)
	at vspBootstrap.SearchProfilePage.invokeMethod(SearchProfilePage.groovy)
	at com.kms.katalon.core.main.CustomKeywordDelegatingMetaClass.invokeStaticMethod(CustomKeywordDelegatingMetaClass.java:50)
	at Script1653004110626.run(Script1653004110626.groovy:105)
	... 16 more
)
[[ATTACHMENT|E:\\Cloned-Project-Katalon\\VPS-Katalon\\Reports\\20220630_220315\\QA\\VSP-Bootstrap\\VSP-Profile-TestSuite\\20220630_220321\\1656650336771.png]]

2022-07-01 00:39:28 - [MESSAGE][INFO] - Unable to find the element located by 'By.xpath: //*[@id = 'exampleSelect1' and @name = 'searchField']'. Please recheck the objects properties to make sure the desired element is located. 

2022-07-01 00:39:28 - [MESSAGE][FAILED] - Unable to select option by label 'Name only' of object 'Object Repository/AdminSuiteBootstrap_Pages/VSP_Bootstrap/SearchProfile/select_SearchBy'  using regular expression (Root cause: com.kms.katalon.core.exception.StepFailedException: Unable to select option by label 'Name only' of object 'Object Repository/AdminSuiteBootstrap_Pages/VSP_Bootstrap/SearchProfile/select_SearchBy'  using regular expression
	at com.kms.katalon.core.webui.keyword.internal.WebUIKeywordMain.stepFailed(WebUIKeywordMain.groovy:64)
	at com.kms.katalon.core.webui.keyword.internal.WebUIKeywordMain.runKeyword(WebUIKeywordMain.groovy:26)
	at com.kms.katalon.core.webui.keyword.builtin.SelectOptionByLabelKeyword.selectOptionByLabel(SelectOptionByLabelKeyword.groovy:98)
	at com.kms.katalon.core.webui.keyword.builtin.SelectOptionByLabelKeyword.execute(SelectOptionByLabelKeyword.groovy:71)
	at com.kms.katalon.core.keyword.internal.KeywordExecutor.executeKeywordForPlatform(KeywordExecutor.groovy:74)
	at com.kms.katalon.core.webui.keyword.WebUiBuiltInKeywords.selectOptionByLabel(WebUiBuiltInKeywords.groovy:1230)
	at com.kms.katalon.core.webui.keyword.WebUiBuiltInKeywords$selectOptionByLabel$4.call(Unknown Source)
	at vspBootstrap.SearchProfilePage.setDataSearchProfile(SearchProfilePage.groovy:37)
	at vspBootstrap.SearchProfilePage.invokeMethod(SearchProfilePage.groovy)
	at com.kms.katalon.core.main.CustomKeywordDelegatingMetaClass.invokeStaticMethod(CustomKeywordDelegatingMetaClass.java:50)
	at SearchProfile_Generic_TC.run(SearchProfile_Generic_TC:105)
	at com.kms.katalon.core.main.ScriptEngine.run(ScriptEngine.java:194)
	at com.kms.katalon.core.main.ScriptEngine.runScriptAsRawText(ScriptEngine.java:119)
	at com.kms.katalon.core.main.TestCaseExecutor.runScript(TestCaseExecutor.java:442)
	at com.kms.katalon.core.main.TestCaseExecutor.doExecute(TestCaseExecutor.java:433)
	at com.kms.katalon.core.main.TestCaseExecutor.processExecutionPhase(TestCaseExecutor.java:412)
	at com.kms.katalon.core.main.TestCaseExecutor.accessMainPhase(TestCaseExecutor.java:404)
	at com.kms.katalon.core.main.TestCaseExecutor.execute(TestCaseExecutor.java:281)
	at com.kms.katalon.core.main.TestCaseExecutor.execute(TestCaseExecutor.java:363)
	at com.kms.katalon.core.main.TestCaseExecutor.execute(TestCaseExecutor.java:363)
	at com.kms.katalon.core.main.TestCaseExecutor.execute(TestCaseExecutor.java:363)
	at com.kms.katalon.core.main.TestSuiteExecutor.accessTestCaseMainPhase(TestSuiteExecutor.java:202)
	at com.kms.katalon.core.main.TestSuiteExecutor.accessTestSuiteMainPhase(TestSuiteExecutor.java:164)
	at com.kms.katalon.core.main.TestSuiteExecutor.execute(TestSuiteExecutor.java:105)
	at com.kms.katalon.core.main.TestCaseMain.startTestSuite(TestCaseMain.java:185)
	at com.kms.katalon.core.main.TestCaseMain$startTestSuite$0.call(Unknown Source)
	at TempTestSuite1656641001441.run(TempTestSuite1656641001441.groovy:36)
Caused by: com.kms.katalon.core.webui.exception.WebElementNotFoundException: Web element with id: 'Object Repository/AdminSuiteBootstrap_Pages/VSP_Bootstrap/SearchProfile/select_SearchBy' located by '//*[@id = 'exampleSelect1' and @name = 'searchField']' not found
	at com.kms.katalon.core.webui.common.WebUiCommonHelper.findWebElement(WebUiCommonHelper.java:1370)
	at com.kms.katalon.core.webui.keyword.internal.WebUIAbstractKeyword.findWebElement(WebUIAbstractKeyword.groovy:27)
	at com.kms.katalon.core.webui.keyword.internal.WebUIAbstractKeyword.findWebElement(WebUIAbstractKeyword.groovy:26)
	at com.kms.katalon.core.webui.keyword.builtin.SelectOptionByLabelKeyword$_selectOptionByLabel_closure1.doCall(SelectOptionByLabelKeyword.groovy:86)
	at com.kms.katalon.core.webui.keyword.builtin.SelectOptionByLabelKeyword$_selectOptionByLabel_closure1.call(SelectOptionByLabelKeyword.groovy)
	at com.kms.katalon.core.webui.keyword.internal.WebUIKeywordMain.runKeyword(WebUIKeywordMain.groovy:20)
	at com.kms.katalon.core.webui.keyword.builtin.SelectOptionByLabelKeyword.selectOptionByLabel(SelectOptionByLabelKeyword.groovy:98)
	at com.kms.katalon.core.webui.keyword.builtin.SelectOptionByLabelKeyword.execute(SelectOptionByLabelKeyword.groovy:71)
	at com.kms.katalon.core.keyword.internal.KeywordExecutor.executeKeywordForPlatform(KeywordExecutor.groovy:74)
	at com.kms.katalon.core.webui.keyword.WebUiBuiltInKeywords.selectOptionByLabel(WebUiBuiltInKeywords.groovy:1230)
	at com.kms.katalon.core.webui.keyword.WebUiBuiltInKeywords$selectOptionByLabel$4.call(Unknown Source)
	at vspBootstrap.SearchProfilePage.setDataSearchProfile(SearchProfilePage.groovy:37)
	at vspBootstrap.SearchProfilePage.invokeMethod(SearchProfilePage.groovy)
	at com.kms.katalon.core.main.CustomKeywordDelegatingMetaClass.invokeStaticMethod(CustomKeywordDelegatingMetaClass.java:50)
	at Script1653004110626.run(Script1653004110626.groovy:105)
	... 16 more
)
[[ATTACHMENT|E:\\Cloned-Project-Katalon\\VPS-Katalon\\Reports\\20220630_220315\\QA\\VSP-Bootstrap\\VSP-Profile-TestSuite\\20220630_220321\\1656650368160.png]]

2022-07-01 00:39:59 - [MESSAGE][INFO] - Unable to find the element located by 'By.xpath: //*[@type = 'submit' and @name = 'searchButton' and @alt = 'Search' and (text() = '
                          Search' or . = '
                          Search')]'. Please recheck the objects properties to make sure the desired element is located. 

2022-07-01 00:39:59 - [MESSAGE][FAILED] - Unable to click on object 'Object Repository/AdminSuiteBootstrap_Pages/VSP_Bootstrap/SearchProfile/button_Search' (Root cause: com.kms.katalon.core.exception.StepFailedException: Unable to click on object 'Object Repository/AdminSuiteBootstrap_Pages/VSP_Bootstrap/SearchProfile/button_Search'
	at com.kms.katalon.core.webui.keyword.internal.WebUIKeywordMain.stepFailed(WebUIKeywordMain.groovy:64)
	at com.kms.katalon.core.webui.keyword.internal.WebUIKeywordMain.runKeyword(WebUIKeywordMain.groovy:26)
	at com.kms.katalon.core.webui.keyword.builtin.ClickKeyword.click(ClickKeyword.groovy:74)
	at com.kms.katalon.core.webui.keyword.builtin.ClickKeyword.execute(ClickKeyword.groovy:40)
	at com.kms.katalon.core.keyword.internal.KeywordExecutor.executeKeywordForPlatform(KeywordExecutor.groovy:74)
	at com.kms.katalon.core.webui.keyword.WebUiBuiltInKeywords.click(WebUiBuiltInKeywords.groovy:620)
	at com.kms.katalon.core.webui.keyword.WebUiBuiltInKeywords$click$3.call(Unknown Source)
	at vspBootstrap.SearchProfilePage.setDataSearchProfile(SearchProfilePage.groovy:39)
	at vspBootstrap.SearchProfilePage.invokeMethod(SearchProfilePage.groovy)
	at com.kms.katalon.core.main.CustomKeywordDelegatingMetaClass.invokeStaticMethod(CustomKeywordDelegatingMetaClass.java:50)
	at SearchProfile_Generic_TC.run(SearchProfile_Generic_TC:105)
	at com.kms.katalon.core.main.ScriptEngine.run(ScriptEngine.java:194)
	at com.kms.katalon.core.main.ScriptEngine.runScriptAsRawText(ScriptEngine.java:119)
	at com.kms.katalon.core.main.TestCaseExecutor.runScript(TestCaseExecutor.java:442)
	at com.kms.katalon.core.main.TestCaseExecutor.doExecute(TestCaseExecutor.java:433)
	at com.kms.katalon.core.main.TestCaseExecutor.processExecutionPhase(TestCaseExecutor.java:412)
	at com.kms.katalon.core.main.TestCaseExecutor.accessMainPhase(TestCaseExecutor.java:404)
	at com.kms.katalon.core.main.TestCaseExecutor.execute(TestCaseExecutor.java:281)
	at com.kms.katalon.core.main.TestCaseExecutor.execute(TestCaseExecutor.java:363)
	at com.kms.katalon.core.main.TestCaseExecutor.execute(TestCaseExecutor.java:363)
	at com.kms.katalon.core.main.TestCaseExecutor.execute(TestCaseExecutor.java:363)
	at com.kms.katalon.core.main.TestSuiteExecutor.accessTestCaseMainPhase(TestSuiteExecutor.java:202)
	at com.kms.katalon.core.main.TestSuiteExecutor.accessTestSuiteMainPhase(TestSuiteExecutor.java:164)
	at com.kms.katalon.core.main.TestSuiteExecutor.execute(TestSuiteExecutor.java:105)
	at com.kms.katalon.core.main.TestCaseMain.startTestSuite(TestCaseMain.java:185)
	at com.kms.katalon.core.main.TestCaseMain$startTestSuite$0.call(Unknown Source)
	at TempTestSuite1656641001441.run(TempTestSuite1656641001441.groovy:36)
Caused by: com.kms.katalon.core.webui.exception.WebElementNotFoundException: Web element with id: 'Object Repository/AdminSuiteBootstrap_Pages/VSP_Bootstrap/SearchProfile/button_Search' located by '//*[@type = 'submit' and @name = 'searchButton' and @alt = 'Search' and (text() = '
                          Search' or . = '
                          Search')]' not found
	at com.kms.katalon.core.webui.common.WebUiCommonHelper.findWebElement(WebUiCommonHelper.java:1370)
	at com.kms.katalon.core.webui.keyword.internal.WebUIAbstractKeyword.findWebElement(WebUIAbstractKeyword.groovy:27)
	at com.kms.katalon.core.webui.keyword.builtin.ClickKeyword$_click_closure1.doCall(ClickKeyword.groovy:65)
	at com.kms.katalon.core.webui.keyword.builtin.ClickKeyword$_click_closure1.call(ClickKeyword.groovy)
	at com.kms.katalon.core.webui.keyword.internal.WebUIKeywordMain.runKeyword(WebUIKeywordMain.groovy:20)
	at com.kms.katalon.core.webui.keyword.builtin.ClickKeyword.click(ClickKeyword.groovy:74)
	at com.kms.katalon.core.webui.keyword.builtin.ClickKeyword.execute(ClickKeyword.groovy:40)
	at com.kms.katalon.core.keyword.internal.KeywordExecutor.executeKeywordForPlatform(KeywordExecutor.groovy:74)
	at com.kms.katalon.core.webui.keyword.WebUiBuiltInKeywords.click(WebUiBuiltInKeywords.groovy:620)
	at com.kms.katalon.core.webui.keyword.WebUiBuiltInKeywords$click$3.call(Unknown Source)
	at vspBootstrap.SearchProfilePage.setDataSearchProfile(SearchProfilePage.groovy:39)
	at vspBootstrap.SearchProfilePage.invokeMethod(SearchProfilePage.groovy)
	at com.kms.katalon.core.main.CustomKeywordDelegatingMetaClass.invokeStaticMethod(CustomKeywordDelegatingMetaClass.java:50)
	at Script1653004110626.run(Script1653004110626.groovy:105)
	... 16 more
)
[[ATTACHMENT|E:\\Cloned-Project-Katalon\\VPS-Katalon\\Reports\\20220630_220315\\QA\\VSP-Bootstrap\\VSP-Profile-TestSuite\\20220630_220321\\1656650399532.png]]

2022-07-01 00:39:59 - [MESSAGE][FAILED] - com.kms.katalon.core.exception.StepFailedException: Unable to set text 'Krushna Govinda' of object 'Object Repository/AdminSuiteBootstrap_Pages/VSP_Bootstrap/SearchProfile/input_Criteria' (Root cause: com.kms.katalon.core.exception.StepFailedException: Unable to set text 'Krushna Govinda' of object 'Object Repository/AdminSuiteBootstrap_Pages/VSP_Bootstrap/SearchProfile/input_Criteria'
	at com.kms.katalon.core.webui.keyword.internal.WebUIKeywordMain.stepFailed(WebUIKeywordMain.groovy:64)
	at com.kms.katalon.core.webui.keyword.internal.WebUIKeywordMain.runKeyword(WebUIKeywordMain.groovy:26)
	at com.kms.katalon.core.webui.keyword.builtin.SetTextKeyword.setText(SetTextKeyword.groovy:66)
	at com.kms.katalon.core.webui.keyword.builtin.SetTextKeyword.execute(SetTextKeyword.groovy:37)
	at com.kms.katalon.core.keyword.internal.KeywordExecutor.executeKeywordForPlatform(KeywordExecutor.groovy:74)
	at com.kms.katalon.core.webui.keyword.WebUiBuiltInKeywords.setText(WebUiBuiltInKeywords.groovy:980)
	at com.kms.katalon.core.webui.keyword.WebUiBuiltInKeywords$setText$2.call(Unknown Source)
	at vspBootstrap.SearchProfilePage.setDataSearchProfile(SearchProfilePage.groovy:36)
	at vspBootstrap.SearchProfilePage.invokeMethod(SearchProfilePage.groovy)
	at com.kms.katalon.core.main.CustomKeywordDelegatingMetaClass.invokeStaticMethod(CustomKeywordDelegatingMetaClass.java:50)
	at SearchProfile_Generic_TC.run(SearchProfile_Generic_TC:105)
	at com.kms.katalon.core.main.ScriptEngine.run(ScriptEngine.java:194)
	at com.kms.katalon.core.main.ScriptEngine.runScriptAsRawText(ScriptEngine.java:119)
	at com.kms.katalon.core.main.TestCaseExecutor.runScript(TestCaseExecutor.java:442)
	at com.kms.katalon.core.main.TestCaseExecutor.doExecute(TestCaseExecutor.java:433)
	at com.kms.katalon.core.main.TestCaseExecutor.processExecutionPhase(TestCaseExecutor.java:412)
	at com.kms.katalon.core.main.TestCaseExecutor.accessMainPhase(TestCaseExecutor.java:404)
	at com.kms.katalon.core.main.TestCaseExecutor.execute(TestCaseExecutor.java:281)
	at com.kms.katalon.core.main.TestCaseExecutor.execute(TestCaseExecutor.java:363)
	at com.kms.katalon.core.main.TestCaseExecutor.execute(TestCaseExecutor.java:363)
	at com.kms.katalon.core.main.TestCaseExecutor.execute(TestCaseExecutor.java:363)
	at com.kms.katalon.core.main.TestSuiteExecutor.accessTestCaseMainPhase(TestSuiteExecutor.java:202)
	at com.kms.katalon.core.main.TestSuiteExecutor.accessTestSuiteMainPhase(TestSuiteExecutor.java:164)
	at com.kms.katalon.core.main.TestSuiteExecutor.execute(TestSuiteExecutor.java:105)
	at com.kms.katalon.core.main.TestCaseMain.startTestSuite(TestCaseMain.java:185)
	at com.kms.katalon.core.main.TestCaseMain$startTestSuite$0.call(Unknown Source)
	at TempTestSuite1656641001441.run(TempTestSuite1656641001441.groovy:36)
Caused by: com.kms.katalon.core.webui.exception.WebElementNotFoundException: Web element with id: 'Object Repository/AdminSuiteBootstrap_Pages/VSP_Bootstrap/SearchProfile/input_Criteria' located by '//*[@type = 'text' and @name = 'searchString']' not found
	at com.kms.katalon.core.webui.common.WebUiCommonHelper.findWebElement(WebUiCommonHelper.java:1370)
	at com.kms.katalon.core.webui.keyword.internal.WebUIAbstractKeyword.findWebElement(WebUIAbstractKeyword.groovy:27)
	at com.kms.katalon.core.webui.keyword.internal.WebUIAbstractKeyword.findWebElement(WebUIAbstractKeyword.groovy:26)
	at com.kms.katalon.core.webui.keyword.builtin.SetTextKeyword$_setText_closure1.doCall(SetTextKeyword.groovy:51)
	at com.kms.katalon.core.webui.keyword.builtin.SetTextKeyword$_setText_closure1.call(SetTextKeyword.groovy)
	at com.kms.katalon.core.webui.keyword.internal.WebUIKeywordMain.runKeyword(WebUIKeywordMain.groovy:20)
	at com.kms.katalon.core.webui.keyword.builtin.SetTextKeyword.setText(SetTextKeyword.groovy:66)
	at com.kms.katalon.core.webui.keyword.builtin.SetTextKeyword.execute(SetTextKeyword.groovy:37)
	at com.kms.katalon.core.keyword.internal.KeywordExecutor.executeKeywordForPlatform(KeywordExecutor.groovy:74)
	at com.kms.katalon.core.webui.keyword.WebUiBuiltInKeywords.setText(WebUiBuiltInKeywords.groovy:980)
	at com.kms.katalon.core.webui.keyword.WebUiBuiltInKeywords$setText$2.call(Unknown Source)
	at vspBootstrap.SearchProfilePage.setDataSearchProfile(SearchProfilePage.groovy:36)
	at vspBootstrap.SearchProfilePage.invokeMethod(SearchProfilePage.groovy)
	at com.kms.katalon.core.main.CustomKeywordDelegatingMetaClass.invokeStaticMethod(CustomKeywordDelegatingMetaClass.java:50)
	at Script1653004110626.run(Script1653004110626.groovy:105)
	... 16 more
)

2022-07-01 00:39:59 - [TEST_STEP][FAILED] - verifyElementVisible(findTestObject(path_ViewProfile + "a_ProfileToBeSearched")): Web element with id: 'Object Repository/AdminSuiteBootstrap_Pages/VSP_Bootstrap/View Profile/a_ProfileToBeSearched' located by '//a[contains(text(),'ProfileToBeSearched')]' not found (Root cause: com.kms.katalon.core.exception.StepFailedException: Web element with id: 'Object Repository/AdminSuiteBootstrap_Pages/VSP_Bootstrap/View Profile/a_ProfileToBeSearched' located by '//a[contains(text(),'ProfileToBeSearched')]' not found
	at com.kms.katalon.core.webui.keyword.internal.WebUIKeywordMain.stepFailed(WebUIKeywordMain.groovy:64)
	at com.kms.katalon.core.webui.keyword.builtin.VerifyElementVisibleKeyword$_verifyElementVisible_closure1.doCall(VerifyElementVisibleKeyword.groovy:89)
	at com.kms.katalon.core.webui.keyword.builtin.VerifyElementVisibleKeyword$_verifyElementVisible_closure1.call(VerifyElementVisibleKeyword.groovy)
	at com.kms.katalon.core.webui.keyword.internal.WebUIKeywordMain.runKeyword(WebUIKeywordMain.groovy:20)
	at com.kms.katalon.core.webui.keyword.builtin.VerifyElementVisibleKeyword.verifyElementVisible(VerifyElementVisibleKeyword.groovy:97)
	at com.kms.katalon.core.webui.keyword.builtin.VerifyElementVisibleKeyword.execute(VerifyElementVisibleKeyword.groovy:67)
	at com.kms.katalon.core.keyword.internal.KeywordExecutor.executeKeywordForPlatform(KeywordExecutor.groovy:74)
	at com.kms.katalon.core.webui.keyword.WebUiBuiltInKeywords.verifyElementVisible(WebUiBuiltInKeywords.groovy:376)
	at com.kms.katalon.core.webui.keyword.WebUiBuiltInKeywords$verifyElementVisible$6.call(Unknown Source)
	at SearchProfile_Generic_TC.run(SearchProfile_Generic_TC:108)
	at com.kms.katalon.core.main.ScriptEngine.run(ScriptEngine.java:194)
	at com.kms.katalon.core.main.ScriptEngine.runScriptAsRawText(ScriptEngine.java:119)
	at com.kms.katalon.core.main.TestCaseExecutor.runScript(TestCaseExecutor.java:442)
	at com.kms.katalon.core.main.TestCaseExecutor.doExecute(TestCaseExecutor.java:433)
	at com.kms.katalon.core.main.TestCaseExecutor.processExecutionPhase(TestCaseExecutor.java:412)
	at com.kms.katalon.core.main.TestCaseExecutor.accessMainPhase(TestCaseExecutor.java:404)
	at com.kms.katalon.core.main.TestCaseExecutor.execute(TestCaseExecutor.java:281)
	at com.kms.katalon.core.main.TestCaseExecutor.execute(TestCaseExecutor.java:363)
	at com.kms.katalon.core.main.TestCaseExecutor.execute(TestCaseExecutor.java:363)
	at com.kms.katalon.core.main.TestCaseExecutor.execute(TestCaseExecutor.java:363)
	at com.kms.katalon.core.main.TestSuiteExecutor.accessTestCaseMainPhase(TestSuiteExecutor.java:202)
	at com.kms.katalon.core.main.TestSuiteExecutor.accessTestSuiteMainPhase(TestSuiteExecutor.java:164)
	at com.kms.katalon.core.main.TestSuiteExecutor.execute(TestSuiteExecutor.java:105)
	at com.kms.katalon.core.main.TestCaseMain.startTestSuite(TestCaseMain.java:185)
	at com.kms.katalon.core.main.TestCaseMain$startTestSuite$0.call(Unknown Source)
	at TempTestSuite1656641001441.run(TempTestSuite1656641001441.groovy:36)
)

2022-07-01 00:40:30 - [MESSAGE][INFO] - Unable to find the element located by 'By.xpath: //a[contains(text(),'ProfileToBeSearched')]'. Please recheck the objects properties to make sure the desired element is located. 

2022-07-01 00:40:31 - [MESSAGE][FAILED] - Web element with id: 'Object Repository/AdminSuiteBootstrap_Pages/VSP_Bootstrap/View Profile/a_ProfileToBeSearched' located by '//a[contains(text(),'ProfileToBeSearched')]' not found (Root cause: com.kms.katalon.core.exception.StepFailedException: Web element with id: 'Object Repository/AdminSuiteBootstrap_Pages/VSP_Bootstrap/View Profile/a_ProfileToBeSearched' located by '//a[contains(text(),'ProfileToBeSearched')]' not found
	at com.kms.katalon.core.webui.keyword.internal.WebUIKeywordMain.stepFailed(WebUIKeywordMain.groovy:64)
	at com.kms.katalon.core.webui.keyword.builtin.VerifyElementVisibleKeyword$_verifyElementVisible_closure1.doCall(VerifyElementVisibleKeyword.groovy:89)
	at com.kms.katalon.core.webui.keyword.builtin.VerifyElementVisibleKeyword$_verifyElementVisible_closure1.call(VerifyElementVisibleKeyword.groovy)
	at com.kms.katalon.core.webui.keyword.internal.WebUIKeywordMain.runKeyword(WebUIKeywordMain.groovy:20)
	at com.kms.katalon.core.webui.keyword.builtin.VerifyElementVisibleKeyword.verifyElementVisible(VerifyElementVisibleKeyword.groovy:97)
	at com.kms.katalon.core.webui.keyword.builtin.VerifyElementVisibleKeyword.execute(VerifyElementVisibleKeyword.groovy:67)
	at com.kms.katalon.core.keyword.internal.KeywordExecutor.executeKeywordForPlatform(KeywordExecutor.groovy:74)
	at com.kms.katalon.core.webui.keyword.WebUiBuiltInKeywords.verifyElementVisible(WebUiBuiltInKeywords.groovy:376)
	at com.kms.katalon.core.webui.keyword.WebUiBuiltInKeywords$verifyElementVisible$6.call(Unknown Source)
	at SearchProfile_Generic_TC.run(SearchProfile_Generic_TC:108)
	at com.kms.katalon.core.main.ScriptEngine.run(ScriptEngine.java:194)
	at com.kms.katalon.core.main.ScriptEngine.runScriptAsRawText(ScriptEngine.java:119)
	at com.kms.katalon.core.main.TestCaseExecutor.runScript(TestCaseExecutor.java:442)
	at com.kms.katalon.core.main.TestCaseExecutor.doExecute(TestCaseExecutor.java:433)
	at com.kms.katalon.core.main.TestCaseExecutor.processExecutionPhase(TestCaseExecutor.java:412)
	at com.kms.katalon.core.main.TestCaseExecutor.accessMainPhase(TestCaseExecutor.java:404)
	at com.kms.katalon.core.main.TestCaseExecutor.execute(TestCaseExecutor.java:281)
	at com.kms.katalon.core.main.TestCaseExecutor.execute(TestCaseExecutor.java:363)
	at com.kms.katalon.core.main.TestCaseExecutor.execute(TestCaseExecutor.java:363)
	at com.kms.katalon.core.main.TestCaseExecutor.execute(TestCaseExecutor.java:363)
	at com.kms.katalon.core.main.TestSuiteExecutor.accessTestCaseMainPhase(TestSuiteExecutor.java:202)
	at com.kms.katalon.core.main.TestSuiteExecutor.accessTestSuiteMainPhase(TestSuiteExecutor.java:164)
	at com.kms.katalon.core.main.TestSuiteExecutor.execute(TestSuiteExecutor.java:105)
	at com.kms.katalon.core.main.TestCaseMain.startTestSuite(TestCaseMain.java:185)
	at com.kms.katalon.core.main.TestCaseMain$startTestSuite$0.call(Unknown Source)
	at TempTestSuite1656641001441.run(TempTestSuite1656641001441.groovy:36)
)
[[ATTACHMENT|E:\\Cloned-Project-Katalon\\VPS-Katalon\\Reports\\20220630_220315\\QA\\VSP-Bootstrap\\VSP-Profile-TestSuite\\20220630_220321\\1656650430976.png]]

2022-07-01 00:40:31 - [TEST_STEP][FAILED] - verifyElementPresent(findTestObject(path_ViewProfile + "a_ProfileToBeSearched"), 30): com.kms.katalon.core.webui.exception.WebElementNotFoundException: Web element with id: 'Object Repository/AdminSuiteBootstrap_Pages/VSP_Bootstrap/View Profile/a_ProfileToBeSearched' located by '//a[contains(text(),'ProfileToBeSearched')]' not found (Root cause: com.kms.katalon.core.exception.StepFailedException: com.kms.katalon.core.webui.exception.WebElementNotFoundException: Web element with id: 'Object Repository/AdminSuiteBootstrap_Pages/VSP_Bootstrap/View Profile/a_ProfileToBeSearched' located by '//a[contains(text(),'ProfileToBeSearched')]' not found
	at com.kms.katalon.core.webui.keyword.internal.WebUIKeywordMain.stepFailed(WebUIKeywordMain.groovy:64)
	at com.kms.katalon.core.webui.keyword.builtin.VerifyElementPresentKeyword$_verifyElementPresent_closure1.doCall(VerifyElementPresentKeyword.groovy:85)
	at com.kms.katalon.core.webui.keyword.builtin.VerifyElementPresentKeyword$_verifyElementPresent_closure1.call(VerifyElementPresentKeyword.groovy)
	at com.kms.katalon.core.webui.keyword.internal.WebUIKeywordMain.runKeyword(WebUIKeywordMain.groovy:20)
	at com.kms.katalon.core.webui.keyword.builtin.VerifyElementPresentKeyword.verifyElementPresent(VerifyElementPresentKeyword.groovy:92)
	at com.kms.katalon.core.webui.keyword.builtin.VerifyElementPresentKeyword.execute(VerifyElementPresentKeyword.groovy:68)
	at com.kms.katalon.core.keyword.internal.KeywordExecutor.executeKeywordForPlatform(KeywordExecutor.groovy:74)
	at com.kms.katalon.core.webui.keyword.WebUiBuiltInKeywords.verifyElementPresent(WebUiBuiltInKeywords.groovy:1464)
	at com.kms.katalon.core.webui.keyword.WebUiBuiltInKeywords$verifyElementPresent$1.call(Unknown Source)
	at SearchProfile_Generic_TC.run(SearchProfile_Generic_TC:109)
	at com.kms.katalon.core.main.ScriptEngine.run(ScriptEngine.java:194)
	at com.kms.katalon.core.main.ScriptEngine.runScriptAsRawText(ScriptEngine.java:119)
	at com.kms.katalon.core.main.TestCaseExecutor.runScript(TestCaseExecutor.java:442)
	at com.kms.katalon.core.main.TestCaseExecutor.doExecute(TestCaseExecutor.java:433)
	at com.kms.katalon.core.main.TestCaseExecutor.processExecutionPhase(TestCaseExecutor.java:412)
	at com.kms.katalon.core.main.TestCaseExecutor.accessMainPhase(TestCaseExecutor.java:404)
	at com.kms.katalon.core.main.TestCaseExecutor.execute(TestCaseExecutor.java:281)
	at com.kms.katalon.core.main.TestCaseExecutor.execute(TestCaseExecutor.java:363)
	at com.kms.katalon.core.main.TestCaseExecutor.execute(TestCaseExecutor.java:363)
	at com.kms.katalon.core.main.TestCaseExecutor.execute(TestCaseExecutor.java:363)
	at com.kms.katalon.core.main.TestSuiteExecutor.accessTestCaseMainPhase(TestSuiteExecutor.java:202)
	at com.kms.katalon.core.main.TestSuiteExecutor.accessTestSuiteMainPhase(TestSuiteExecutor.java:164)
	at com.kms.katalon.core.main.TestSuiteExecutor.execute(TestSuiteExecutor.java:105)
	at com.kms.katalon.core.main.TestCaseMain.startTestSuite(TestCaseMain.java:185)
	at com.kms.katalon.core.main.TestCaseMain$startTestSuite$0.call(Unknown Source)
	at TempTestSuite1656641001441.run(TempTestSuite1656641001441.groovy:36)
)

2022-07-01 00:41:02 - [MESSAGE][INFO] - Unable to find the element located by 'By.xpath: //a[contains(text(),'ProfileToBeSearched')]'. Please recheck the objects properties to make sure the desired element is located. 

2022-07-01 00:41:02 - [MESSAGE][FAILED] - com.kms.katalon.core.webui.exception.WebElementNotFoundException: Web element with id: 'Object Repository/AdminSuiteBootstrap_Pages/VSP_Bootstrap/View Profile/a_ProfileToBeSearched' located by '//a[contains(text(),'ProfileToBeSearched')]' not found (Root cause: com.kms.katalon.core.exception.StepFailedException: com.kms.katalon.core.webui.exception.WebElementNotFoundException: Web element with id: 'Object Repository/AdminSuiteBootstrap_Pages/VSP_Bootstrap/View Profile/a_ProfileToBeSearched' located by '//a[contains(text(),'ProfileToBeSearched')]' not found
	at com.kms.katalon.core.webui.keyword.internal.WebUIKeywordMain.stepFailed(WebUIKeywordMain.groovy:64)
	at com.kms.katalon.core.webui.keyword.builtin.VerifyElementPresentKeyword$_verifyElementPresent_closure1.doCall(VerifyElementPresentKeyword.groovy:85)
	at com.kms.katalon.core.webui.keyword.builtin.VerifyElementPresentKeyword$_verifyElementPresent_closure1.call(VerifyElementPresentKeyword.groovy)
	at com.kms.katalon.core.webui.keyword.internal.WebUIKeywordMain.runKeyword(WebUIKeywordMain.groovy:20)
	at com.kms.katalon.core.webui.keyword.builtin.VerifyElementPresentKeyword.verifyElementPresent(VerifyElementPresentKeyword.groovy:92)
	at com.kms.katalon.core.webui.keyword.builtin.VerifyElementPresentKeyword.execute(VerifyElementPresentKeyword.groovy:68)
	at com.kms.katalon.core.keyword.internal.KeywordExecutor.executeKeywordForPlatform(KeywordExecutor.groovy:74)
	at com.kms.katalon.core.webui.keyword.WebUiBuiltInKeywords.verifyElementPresent(WebUiBuiltInKeywords.groovy:1464)
	at com.kms.katalon.core.webui.keyword.WebUiBuiltInKeywords$verifyElementPresent$1.call(Unknown Source)
	at SearchProfile_Generic_TC.run(SearchProfile_Generic_TC:109)
	at com.kms.katalon.core.main.ScriptEngine.run(ScriptEngine.java:194)
	at com.kms.katalon.core.main.ScriptEngine.runScriptAsRawText(ScriptEngine.java:119)
	at com.kms.katalon.core.main.TestCaseExecutor.runScript(TestCaseExecutor.java:442)
	at com.kms.katalon.core.main.TestCaseExecutor.doExecute(TestCaseExecutor.java:433)
	at com.kms.katalon.core.main.TestCaseExecutor.processExecutionPhase(TestCaseExecutor.java:412)
	at com.kms.katalon.core.main.TestCaseExecutor.accessMainPhase(TestCaseExecutor.java:404)
	at com.kms.katalon.core.main.TestCaseExecutor.execute(TestCaseExecutor.java:281)
	at com.kms.katalon.core.main.TestCaseExecutor.execute(TestCaseExecutor.java:363)
	at com.kms.katalon.core.main.TestCaseExecutor.execute(TestCaseExecutor.java:363)
	at com.kms.katalon.core.main.TestCaseExecutor.execute(TestCaseExecutor.java:363)
	at com.kms.katalon.core.main.TestSuiteExecutor.accessTestCaseMainPhase(TestSuiteExecutor.java:202)
	at com.kms.katalon.core.main.TestSuiteExecutor.accessTestSuiteMainPhase(TestSuiteExecutor.java:164)
	at com.kms.katalon.core.main.TestSuiteExecutor.execute(TestSuiteExecutor.java:105)
	at com.kms.katalon.core.main.TestCaseMain.startTestSuite(TestCaseMain.java:185)
	at com.kms.katalon.core.main.TestCaseMain$startTestSuite$0.call(Unknown Source)
	at TempTestSuite1656641001441.run(TempTestSuite1656641001441.groovy:36)
)
[[ATTACHMENT|E:\\Cloned-Project-Katalon\\VPS-Katalon\\Reports\\20220630_220315\\QA\\VSP-Bootstrap\\VSP-Profile-TestSuite\\20220630_220321\\1656650462524.png]]

2022-07-01 00:41:02 - [TEST_STEP][PASSED] - closeBrowser(): Browser is closed

2022-07-01 00:41:03 - [MESSAGE][PASSED] - Browser is closed

2022-07-01 00:41:03 - [TEST_STEP][PASSED] - ExecuteTC = findTestData(dataFile).getValue("Execute", row): null

2022-07-01 00:41:03 - [TEST_STEP][PASSED] - out.println("Value of Execute is : " + ExecuteTC): null

2022-07-01 00:41:03 - [TEST_STEP][PASSED] - switch (executionProfile): null

2022-07-01 00:41:03 - [TEST_STEP][PASSED] - case "QAProfile":: null

2022-07-01 00:41:03 - [TEST_STEP][PASSED] - appName = findTestData(dataFile).getValue("AppNameQA", row): null

2022-07-01 00:41:04 - [TEST_STEP][PASSED] - appID = findTestData(dataFile).getValue("AppIDQA", row): null

2022-07-01 00:41:04 - [TEST_STEP][PASSED] - break: null

2022-07-01 00:41:04 - [TEST_STEP][PASSED] - if (ExecuteTC.equalsIgnoreCase("Y")): Browser is closed

2022-07-01 00:41:04 - [TEST_STEP][PASSED] - out.println("Begin Record Number: " + row): null

2022-07-01 00:41:04 - [TEST_STEP][PASSED] - today = new java.util.Date(): null

2022-07-01 00:41:04 - [TEST_STEP][PASSED] - println(today): null

2022-07-01 00:41:04 - [TEST_STEP][PASSED] - datText = today: null

2022-07-01 00:41:04 - [TEST_STEP][PASSED] - adminSuiteBootstrap.loginFunctionality.login_AdminSuite(): adminSuiteBootstrap.loginFunctionality.login_AdminSuite is PASSED

2022-07-01 00:41:04 - [MESSAGE][INFO] - Starting 'Chrome' driver

2022-07-01 00:41:04 - [MESSAGE][INFO] - User set preference: ['acceptInsecureCerts', 'true']

2022-07-01 00:41:04 - [MESSAGE][INFO] - Action delay is set to 0 milliseconds

2022-07-01 00:41:07 - [MESSAGE][PASSED] - Browser is opened with url: 'https://qa.velocitypayment.com/admin/imtiaz'

2022-07-01 00:41:07 - [MESSAGE][PASSED] - Current window maximized

2022-07-01 00:41:07 - [MESSAGE][PASSED] - Object 'Object Repository/Login_Page/Login_Username' is present

2022-07-01 00:41:08 - [MESSAGE][PASSED] - Text 'iahmed' is set on object 'Object Repository/Login_Page/Login_Username'

2022-07-01 00:41:09 - [MESSAGE][PASSED] - Text 'hello2222' is set on object 'Object Repository/Login_Page/Login_Password'

2022-07-01 00:41:17 - [MESSAGE][PASSED] - Object: 'Object Repository/Login_Page/Login_Submit' is clicked on

2022-07-01 00:41:17 - [MESSAGE][PASSED] - adminSuiteBootstrap.loginFunctionality.login_AdminSuite is PASSED

2022-07-01 00:41:17 - [TEST_STEP][PASSED] - click(findTestObject(path_Dashboard + appName)): Object: 'Object Repository/AdminSuiteBootstrap_Pages/Dashboard_Bootstrap/a_Access AutoNoCFtp' is clicked on

2022-07-01 00:41:18 - [MESSAGE][PASSED] - Object: 'Object Repository/AdminSuiteBootstrap_Pages/Dashboard_Bootstrap/a_Access AutoNoCFtp' is clicked on

2022-07-01 00:41:18 - [TEST_STEP][PASSED] - click(findTestObject(path_VT + "a_Find Profile")): Object: 'Object Repository/AdminSuiteBootstrap_Pages/VT_Bootstrap/IssueTransactions/a_Find Profile' is clicked on

2022-07-01 00:41:19 - [MESSAGE][PASSED] - Object: 'Object Repository/AdminSuiteBootstrap_Pages/VT_Bootstrap/IssueTransactions/a_Find Profile' is clicked on

2022-07-01 00:41:19 - [TEST_STEP][PASSED] - vspBootstrap.SearchProfilePage.setDataSearchProfile(row, dataFile): vspBootstrap.SearchProfilePage.setDataSearchProfile is PASSED

2022-07-01 00:41:20 - [MESSAGE][PASSED] - Text '6801 Wilkower driveer' is set on object 'Object Repository/AdminSuiteBootstrap_Pages/VSP_Bootstrap/SearchProfile/input_Criteria'

2022-07-01 00:41:21 - [MESSAGE][PASSED] - All options with label 'Address only' are selected in object 'Object Repository/AdminSuiteBootstrap_Pages/VSP_Bootstrap/SearchProfile/select_SearchBy'  using regular expression

2022-07-01 00:41:23 - [MESSAGE][PASSED] - Object: 'Object Repository/AdminSuiteBootstrap_Pages/VSP_Bootstrap/SearchProfile/button_Search' is clicked on

2022-07-01 00:41:23 - [MESSAGE][PASSED] - vspBootstrap.SearchProfilePage.setDataSearchProfile is PASSED

2022-07-01 00:41:23 - [TEST_STEP][PASSED] - verifyElementVisible(findTestObject(path_ViewProfile + "a_ProfileToBeSearched")): Object 'Object Repository/AdminSuiteBootstrap_Pages/VSP_Bootstrap/View Profile/a_ProfileToBeSearched' is visible

2022-07-01 00:41:24 - [MESSAGE][PASSED] - Object 'Object Repository/AdminSuiteBootstrap_Pages/VSP_Bootstrap/View Profile/a_ProfileToBeSearched' is visible

2022-07-01 00:41:24 - [TEST_STEP][PASSED] - verifyElementPresent(findTestObject(path_ViewProfile + "a_ProfileToBeSearched"), 30): Object 'Object Repository/AdminSuiteBootstrap_Pages/VSP_Bootstrap/View Profile/a_ProfileToBeSearched' is present

2022-07-01 00:41:24 - [MESSAGE][PASSED] - Object 'Object Repository/AdminSuiteBootstrap_Pages/VSP_Bootstrap/View Profile/a_ProfileToBeSearched' is present

2022-07-01 00:41:24 - [TEST_STEP][PASSED] - closeBrowser(): Browser is closed

2022-07-01 00:41:25 - [MESSAGE][PASSED] - Browser is closed

2022-07-01 00:41:25 - [TEST_STEP][PASSED] - ExecuteTC = findTestData(dataFile).getValue("Execute", row): null

2022-07-01 00:41:25 - [TEST_STEP][PASSED] - out.println("Value of Execute is : " + ExecuteTC): null

2022-07-01 00:41:25 - [TEST_STEP][PASSED] - switch (executionProfile): null

2022-07-01 00:41:25 - [TEST_STEP][PASSED] - case "QAProfile":: null

2022-07-01 00:41:25 - [TEST_STEP][PASSED] - appName = findTestData(dataFile).getValue("AppNameQA", row): null

2022-07-01 00:41:25 - [TEST_STEP][PASSED] - appID = findTestData(dataFile).getValue("AppIDQA", row): null

2022-07-01 00:41:25 - [TEST_STEP][PASSED] - break: null

2022-07-01 00:41:25 - [TEST_STEP][FAILED] - if (ExecuteTC.equalsIgnoreCase("Y")): null

2022-07-01 00:41:25 - [TEST_STEP][PASSED] - out.println("Begin Record Number: " + row): null

2022-07-01 00:41:25 - [TEST_STEP][PASSED] - today = new java.util.Date(): null

2022-07-01 00:41:25 - [TEST_STEP][PASSED] - println(today): null

2022-07-01 00:41:25 - [TEST_STEP][PASSED] - datText = today: null

2022-07-01 00:41:25 - [TEST_STEP][PASSED] - adminSuiteBootstrap.loginFunctionality.login_AdminSuite(): adminSuiteBootstrap.loginFunctionality.login_AdminSuite is PASSED

2022-07-01 00:41:25 - [MESSAGE][INFO] - Starting 'Chrome' driver

2022-07-01 00:41:25 - [MESSAGE][INFO] - User set preference: ['acceptInsecureCerts', 'true']

2022-07-01 00:41:25 - [MESSAGE][INFO] - Action delay is set to 0 milliseconds

2022-07-01 00:41:30 - [MESSAGE][PASSED] - Browser is opened with url: 'https://qa.velocitypayment.com/admin/imtiaz'

2022-07-01 00:41:30 - [MESSAGE][PASSED] - Current window maximized

2022-07-01 00:41:30 - [MESSAGE][PASSED] - Object 'Object Repository/Login_Page/Login_Username' is present

2022-07-01 00:41:31 - [MESSAGE][PASSED] - Text 'iahmed' is set on object 'Object Repository/Login_Page/Login_Username'

2022-07-01 00:41:32 - [MESSAGE][PASSED] - Text 'hello2222' is set on object 'Object Repository/Login_Page/Login_Password'

2022-07-01 00:41:32 - [MESSAGE][PASSED] - Object: 'Object Repository/Login_Page/Login_Submit' is clicked on

2022-07-01 00:41:32 - [MESSAGE][PASSED] - adminSuiteBootstrap.loginFunctionality.login_AdminSuite is PASSED

2022-07-01 00:41:32 - [TEST_STEP][FAILED] - click(findTestObject(path_Dashboard + appName)): Unable to click on object 'Object Repository/AdminSuiteBootstrap_Pages/Dashboard_Bootstrap/a_Access AutoNoCFtp' (Root cause: com.kms.katalon.core.exception.StepFailedException: Unable to click on object 'Object Repository/AdminSuiteBootstrap_Pages/Dashboard_Bootstrap/a_Access AutoNoCFtp'
	at com.kms.katalon.core.webui.keyword.internal.WebUIKeywordMain.stepFailed(WebUIKeywordMain.groovy:64)
	at com.kms.katalon.core.webui.keyword.internal.WebUIKeywordMain.runKeyword(WebUIKeywordMain.groovy:26)
	at com.kms.katalon.core.webui.keyword.builtin.ClickKeyword.click(ClickKeyword.groovy:74)
	at com.kms.katalon.core.webui.keyword.builtin.ClickKeyword.execute(ClickKeyword.groovy:40)
	at com.kms.katalon.core.keyword.internal.KeywordExecutor.executeKeywordForPlatform(KeywordExecutor.groovy:74)
	at com.kms.katalon.core.webui.keyword.WebUiBuiltInKeywords.click(WebUiBuiltInKeywords.groovy:620)
	at com.kms.katalon.core.webui.keyword.WebUiBuiltInKeywords$click$3.call(Unknown Source)
	at SearchProfile_Generic_TC.run(SearchProfile_Generic_TC:99)
	at com.kms.katalon.core.main.ScriptEngine.run(ScriptEngine.java:194)
	at com.kms.katalon.core.main.ScriptEngine.runScriptAsRawText(ScriptEngine.java:119)
	at com.kms.katalon.core.main.TestCaseExecutor.runScript(TestCaseExecutor.java:442)
	at com.kms.katalon.core.main.TestCaseExecutor.doExecute(TestCaseExecutor.java:433)
	at com.kms.katalon.core.main.TestCaseExecutor.processExecutionPhase(TestCaseExecutor.java:412)
	at com.kms.katalon.core.main.TestCaseExecutor.accessMainPhase(TestCaseExecutor.java:404)
	at com.kms.katalon.core.main.TestCaseExecutor.execute(TestCaseExecutor.java:281)
	at com.kms.katalon.core.main.TestCaseExecutor.execute(TestCaseExecutor.java:363)
	at com.kms.katalon.core.main.TestCaseExecutor.execute(TestCaseExecutor.java:363)
	at com.kms.katalon.core.main.TestCaseExecutor.execute(TestCaseExecutor.java:363)
	at com.kms.katalon.core.main.TestSuiteExecutor.accessTestCaseMainPhase(TestSuiteExecutor.java:202)
	at com.kms.katalon.core.main.TestSuiteExecutor.accessTestSuiteMainPhase(TestSuiteExecutor.java:164)
	at com.kms.katalon.core.main.TestSuiteExecutor.execute(TestSuiteExecutor.java:105)
	at com.kms.katalon.core.main.TestCaseMain.startTestSuite(TestCaseMain.java:185)
	at com.kms.katalon.core.main.TestCaseMain$startTestSuite$0.call(Unknown Source)
	at TempTestSuite1656641001441.run(TempTestSuite1656641001441.groovy:36)
Caused by: com.kms.katalon.core.webui.exception.WebElementNotFoundException: Web element with id: 'Object Repository/AdminSuiteBootstrap_Pages/Dashboard_Bootstrap/a_Access AutoNoCFtp' located by '//*[@href = '/admin/imtiaz/bootstrap/vpos/742/' and (text() = 'Access AutoNoCFtp' or . = 'Access AutoNoCFtp')]' not found
	at com.kms.katalon.core.webui.common.WebUiCommonHelper.findWebElement(WebUiCommonHelper.java:1370)
	at com.kms.katalon.core.webui.keyword.internal.WebUIAbstractKeyword.findWebElement(WebUIAbstractKeyword.groovy:27)
	at com.kms.katalon.core.webui.keyword.builtin.ClickKeyword$_click_closure1.doCall(ClickKeyword.groovy:65)
	at com.kms.katalon.core.webui.keyword.builtin.ClickKeyword$_click_closure1.call(ClickKeyword.groovy)
	at com.kms.katalon.core.webui.keyword.internal.WebUIKeywordMain.runKeyword(WebUIKeywordMain.groovy:20)
	at com.kms.katalon.core.webui.keyword.builtin.ClickKeyword.click(ClickKeyword.groovy:74)
	at com.kms.katalon.core.webui.keyword.builtin.ClickKeyword.execute(ClickKeyword.groovy:40)
	at com.kms.katalon.core.keyword.internal.KeywordExecutor.executeKeywordForPlatform(KeywordExecutor.groovy:74)
	at com.kms.katalon.core.webui.keyword.WebUiBuiltInKeywords.click(WebUiBuiltInKeywords.groovy:620)
	at com.kms.katalon.core.webui.keyword.WebUiBuiltInKeywords$click$3.call(Unknown Source)
	at Script1653004110626.run(Script1653004110626.groovy:99)
	... 16 more
)

2022-07-01 00:42:03 - [MESSAGE][INFO] - Unable to find the element located by 'By.xpath: //*[@href = '/admin/imtiaz/bootstrap/vpos/742/' and (text() = 'Access AutoNoCFtp' or . = 'Access AutoNoCFtp')]'. Please recheck the objects properties to make sure the desired element is located. 

2022-07-01 00:42:04 - [MESSAGE][FAILED] - Unable to click on object 'Object Repository/AdminSuiteBootstrap_Pages/Dashboard_Bootstrap/a_Access AutoNoCFtp' (Root cause: com.kms.katalon.core.exception.StepFailedException: Unable to click on object 'Object Repository/AdminSuiteBootstrap_Pages/Dashboard_Bootstrap/a_Access AutoNoCFtp'
	at com.kms.katalon.core.webui.keyword.internal.WebUIKeywordMain.stepFailed(WebUIKeywordMain.groovy:64)
	at com.kms.katalon.core.webui.keyword.internal.WebUIKeywordMain.runKeyword(WebUIKeywordMain.groovy:26)
	at com.kms.katalon.core.webui.keyword.builtin.ClickKeyword.click(ClickKeyword.groovy:74)
	at com.kms.katalon.core.webui.keyword.builtin.ClickKeyword.execute(ClickKeyword.groovy:40)
	at com.kms.katalon.core.keyword.internal.KeywordExecutor.executeKeywordForPlatform(KeywordExecutor.groovy:74)
	at com.kms.katalon.core.webui.keyword.WebUiBuiltInKeywords.click(WebUiBuiltInKeywords.groovy:620)
	at com.kms.katalon.core.webui.keyword.WebUiBuiltInKeywords$click$3.call(Unknown Source)
	at SearchProfile_Generic_TC.run(SearchProfile_Generic_TC:99)
	at com.kms.katalon.core.main.ScriptEngine.run(ScriptEngine.java:194)
	at com.kms.katalon.core.main.ScriptEngine.runScriptAsRawText(ScriptEngine.java:119)
	at com.kms.katalon.core.main.TestCaseExecutor.runScript(TestCaseExecutor.java:442)
	at com.kms.katalon.core.main.TestCaseExecutor.doExecute(TestCaseExecutor.java:433)
	at com.kms.katalon.core.main.TestCaseExecutor.processExecutionPhase(TestCaseExecutor.java:412)
	at com.kms.katalon.core.main.TestCaseExecutor.accessMainPhase(TestCaseExecutor.java:404)
	at com.kms.katalon.core.main.TestCaseExecutor.execute(TestCaseExecutor.java:281)
	at com.kms.katalon.core.main.TestCaseExecutor.execute(TestCaseExecutor.java:363)
	at com.kms.katalon.core.main.TestCaseExecutor.execute(TestCaseExecutor.java:363)
	at com.kms.katalon.core.main.TestCaseExecutor.execute(TestCaseExecutor.java:363)
	at com.kms.katalon.core.main.TestSuiteExecutor.accessTestCaseMainPhase(TestSuiteExecutor.java:202)
	at com.kms.katalon.core.main.TestSuiteExecutor.accessTestSuiteMainPhase(TestSuiteExecutor.java:164)
	at com.kms.katalon.core.main.TestSuiteExecutor.execute(TestSuiteExecutor.java:105)
	at com.kms.katalon.core.main.TestCaseMain.startTestSuite(TestCaseMain.java:185)
	at com.kms.katalon.core.main.TestCaseMain$startTestSuite$0.call(Unknown Source)
	at TempTestSuite1656641001441.run(TempTestSuite1656641001441.groovy:36)
Caused by: com.kms.katalon.core.webui.exception.WebElementNotFoundException: Web element with id: 'Object Repository/AdminSuiteBootstrap_Pages/Dashboard_Bootstrap/a_Access AutoNoCFtp' located by '//*[@href = '/admin/imtiaz/bootstrap/vpos/742/' and (text() = 'Access AutoNoCFtp' or . = 'Access AutoNoCFtp')]' not found
	at com.kms.katalon.core.webui.common.WebUiCommonHelper.findWebElement(WebUiCommonHelper.java:1370)
	at com.kms.katalon.core.webui.keyword.internal.WebUIAbstractKeyword.findWebElement(WebUIAbstractKeyword.groovy:27)
	at com.kms.katalon.core.webui.keyword.builtin.ClickKeyword$_click_closure1.doCall(ClickKeyword.groovy:65)
	at com.kms.katalon.core.webui.keyword.builtin.ClickKeyword$_click_closure1.call(ClickKeyword.groovy)
	at com.kms.katalon.core.webui.keyword.internal.WebUIKeywordMain.runKeyword(WebUIKeywordMain.groovy:20)
	at com.kms.katalon.core.webui.keyword.builtin.ClickKeyword.click(ClickKeyword.groovy:74)
	at com.kms.katalon.core.webui.keyword.builtin.ClickKeyword.execute(ClickKeyword.groovy:40)
	at com.kms.katalon.core.keyword.internal.KeywordExecutor.executeKeywordForPlatform(KeywordExecutor.groovy:74)
	at com.kms.katalon.core.webui.keyword.WebUiBuiltInKeywords.click(WebUiBuiltInKeywords.groovy:620)
	at com.kms.katalon.core.webui.keyword.WebUiBuiltInKeywords$click$3.call(Unknown Source)
	at Script1653004110626.run(Script1653004110626.groovy:99)
	... 16 more
)
[[ATTACHMENT|E:\\Cloned-Project-Katalon\\VPS-Katalon\\Reports\\20220630_220315\\QA\\VSP-Bootstrap\\VSP-Profile-TestSuite\\20220630_220321\\1656650523888.png]]

2022-07-01 00:42:04 - [TEST_STEP][FAILED] - click(findTestObject(path_VT + "a_Find Profile")): Unable to click on object 'Object Repository/AdminSuiteBootstrap_Pages/VT_Bootstrap/IssueTransactions/a_Find Profile' (Root cause: com.kms.katalon.core.exception.StepFailedException: Unable to click on object 'Object Repository/AdminSuiteBootstrap_Pages/VT_Bootstrap/IssueTransactions/a_Find Profile'
	at com.kms.katalon.core.webui.keyword.internal.WebUIKeywordMain.stepFailed(WebUIKeywordMain.groovy:64)
	at com.kms.katalon.core.webui.keyword.internal.WebUIKeywordMain.runKeyword(WebUIKeywordMain.groovy:26)
	at com.kms.katalon.core.webui.keyword.builtin.ClickKeyword.click(ClickKeyword.groovy:74)
	at com.kms.katalon.core.webui.keyword.builtin.ClickKeyword.execute(ClickKeyword.groovy:40)
	at com.kms.katalon.core.keyword.internal.KeywordExecutor.executeKeywordForPlatform(KeywordExecutor.groovy:74)
	at com.kms.katalon.core.webui.keyword.WebUiBuiltInKeywords.click(WebUiBuiltInKeywords.groovy:620)
	at com.kms.katalon.core.webui.keyword.WebUiBuiltInKeywords$click$3.call(Unknown Source)
	at SearchProfile_Generic_TC.run(SearchProfile_Generic_TC:102)
	at com.kms.katalon.core.main.ScriptEngine.run(ScriptEngine.java:194)
	at com.kms.katalon.core.main.ScriptEngine.runScriptAsRawText(ScriptEngine.java:119)
	at com.kms.katalon.core.main.TestCaseExecutor.runScript(TestCaseExecutor.java:442)
	at com.kms.katalon.core.main.TestCaseExecutor.doExecute(TestCaseExecutor.java:433)
	at com.kms.katalon.core.main.TestCaseExecutor.processExecutionPhase(TestCaseExecutor.java:412)
	at com.kms.katalon.core.main.TestCaseExecutor.accessMainPhase(TestCaseExecutor.java:404)
	at com.kms.katalon.core.main.TestCaseExecutor.execute(TestCaseExecutor.java:281)
	at com.kms.katalon.core.main.TestCaseExecutor.execute(TestCaseExecutor.java:363)
	at com.kms.katalon.core.main.TestCaseExecutor.execute(TestCaseExecutor.java:363)
	at com.kms.katalon.core.main.TestCaseExecutor.execute(TestCaseExecutor.java:363)
	at com.kms.katalon.core.main.TestSuiteExecutor.accessTestCaseMainPhase(TestSuiteExecutor.java:202)
	at com.kms.katalon.core.main.TestSuiteExecutor.accessTestSuiteMainPhase(TestSuiteExecutor.java:164)
	at com.kms.katalon.core.main.TestSuiteExecutor.execute(TestSuiteExecutor.java:105)
	at com.kms.katalon.core.main.TestCaseMain.startTestSuite(TestCaseMain.java:185)
	at com.kms.katalon.core.main.TestCaseMain$startTestSuite$0.call(Unknown Source)
	at TempTestSuite1656641001441.run(TempTestSuite1656641001441.groovy:36)
Caused by: com.kms.katalon.core.webui.exception.WebElementNotFoundException: Web element with id: 'Object Repository/AdminSuiteBootstrap_Pages/VT_Bootstrap/IssueTransactions/a_Find Profile' located by '//*[@href = 'javascript:;' and (text() = 'Find Profile' or . = 'Find Profile')]' not found
	at com.kms.katalon.core.webui.common.WebUiCommonHelper.findWebElement(WebUiCommonHelper.java:1370)
	at com.kms.katalon.core.webui.keyword.internal.WebUIAbstractKeyword.findWebElement(WebUIAbstractKeyword.groovy:27)
	at com.kms.katalon.core.webui.keyword.builtin.ClickKeyword$_click_closure1.doCall(ClickKeyword.groovy:65)
	at com.kms.katalon.core.webui.keyword.builtin.ClickKeyword$_click_closure1.call(ClickKeyword.groovy)
	at com.kms.katalon.core.webui.keyword.internal.WebUIKeywordMain.runKeyword(WebUIKeywordMain.groovy:20)
	at com.kms.katalon.core.webui.keyword.builtin.ClickKeyword.click(ClickKeyword.groovy:74)
	at com.kms.katalon.core.webui.keyword.builtin.ClickKeyword.execute(ClickKeyword.groovy:40)
	at com.kms.katalon.core.keyword.internal.KeywordExecutor.executeKeywordForPlatform(KeywordExecutor.groovy:74)
	at com.kms.katalon.core.webui.keyword.WebUiBuiltInKeywords.click(WebUiBuiltInKeywords.groovy:620)
	at com.kms.katalon.core.webui.keyword.WebUiBuiltInKeywords$click$3.call(Unknown Source)
	at Script1653004110626.run(Script1653004110626.groovy:102)
	... 16 more
)

2022-07-01 00:42:35 - [MESSAGE][INFO] - Unable to find the element located by 'By.xpath: //*[@href = 'javascript:;' and (text() = 'Find Profile' or . = 'Find Profile')]'. Please recheck the objects properties to make sure the desired element is located. 

2022-07-01 00:42:35 - [MESSAGE][FAILED] - Unable to click on object 'Object Repository/AdminSuiteBootstrap_Pages/VT_Bootstrap/IssueTransactions/a_Find Profile' (Root cause: com.kms.katalon.core.exception.StepFailedException: Unable to click on object 'Object Repository/AdminSuiteBootstrap_Pages/VT_Bootstrap/IssueTransactions/a_Find Profile'
	at com.kms.katalon.core.webui.keyword.internal.WebUIKeywordMain.stepFailed(WebUIKeywordMain.groovy:64)
	at com.kms.katalon.core.webui.keyword.internal.WebUIKeywordMain.runKeyword(WebUIKeywordMain.groovy:26)
	at com.kms.katalon.core.webui.keyword.builtin.ClickKeyword.click(ClickKeyword.groovy:74)
	at com.kms.katalon.core.webui.keyword.builtin.ClickKeyword.execute(ClickKeyword.groovy:40)
	at com.kms.katalon.core.keyword.internal.KeywordExecutor.executeKeywordForPlatform(KeywordExecutor.groovy:74)
	at com.kms.katalon.core.webui.keyword.WebUiBuiltInKeywords.click(WebUiBuiltInKeywords.groovy:620)
	at com.kms.katalon.core.webui.keyword.WebUiBuiltInKeywords$click$3.call(Unknown Source)
	at SearchProfile_Generic_TC.run(SearchProfile_Generic_TC:102)
	at com.kms.katalon.core.main.ScriptEngine.run(ScriptEngine.java:194)
	at com.kms.katalon.core.main.ScriptEngine.runScriptAsRawText(ScriptEngine.java:119)
	at com.kms.katalon.core.main.TestCaseExecutor.runScript(TestCaseExecutor.java:442)
	at com.kms.katalon.core.main.TestCaseExecutor.doExecute(TestCaseExecutor.java:433)
	at com.kms.katalon.core.main.TestCaseExecutor.processExecutionPhase(TestCaseExecutor.java:412)
	at com.kms.katalon.core.main.TestCaseExecutor.accessMainPhase(TestCaseExecutor.java:404)
	at com.kms.katalon.core.main.TestCaseExecutor.execute(TestCaseExecutor.java:281)
	at com.kms.katalon.core.main.TestCaseExecutor.execute(TestCaseExecutor.java:363)
	at com.kms.katalon.core.main.TestCaseExecutor.execute(TestCaseExecutor.java:363)
	at com.kms.katalon.core.main.TestCaseExecutor.execute(TestCaseExecutor.java:363)
	at com.kms.katalon.core.main.TestSuiteExecutor.accessTestCaseMainPhase(TestSuiteExecutor.java:202)
	at com.kms.katalon.core.main.TestSuiteExecutor.accessTestSuiteMainPhase(TestSuiteExecutor.java:164)
	at com.kms.katalon.core.main.TestSuiteExecutor.execute(TestSuiteExecutor.java:105)
	at com.kms.katalon.core.main.TestCaseMain.startTestSuite(TestCaseMain.java:185)
	at com.kms.katalon.core.main.TestCaseMain$startTestSuite$0.call(Unknown Source)
	at TempTestSuite1656641001441.run(TempTestSuite1656641001441.groovy:36)
Caused by: com.kms.katalon.core.webui.exception.WebElementNotFoundException: Web element with id: 'Object Repository/AdminSuiteBootstrap_Pages/VT_Bootstrap/IssueTransactions/a_Find Profile' located by '//*[@href = 'javascript:;' and (text() = 'Find Profile' or . = 'Find Profile')]' not found
	at com.kms.katalon.core.webui.common.WebUiCommonHelper.findWebElement(WebUiCommonHelper.java:1370)
	at com.kms.katalon.core.webui.keyword.internal.WebUIAbstractKeyword.findWebElement(WebUIAbstractKeyword.groovy:27)
	at com.kms.katalon.core.webui.keyword.builtin.ClickKeyword$_click_closure1.doCall(ClickKeyword.groovy:65)
	at com.kms.katalon.core.webui.keyword.builtin.ClickKeyword$_click_closure1.call(ClickKeyword.groovy)
	at com.kms.katalon.core.webui.keyword.internal.WebUIKeywordMain.runKeyword(WebUIKeywordMain.groovy:20)
	at com.kms.katalon.core.webui.keyword.builtin.ClickKeyword.click(ClickKeyword.groovy:74)
	at com.kms.katalon.core.webui.keyword.builtin.ClickKeyword.execute(ClickKeyword.groovy:40)
	at com.kms.katalon.core.keyword.internal.KeywordExecutor.executeKeywordForPlatform(KeywordExecutor.groovy:74)
	at com.kms.katalon.core.webui.keyword.WebUiBuiltInKeywords.click(WebUiBuiltInKeywords.groovy:620)
	at com.kms.katalon.core.webui.keyword.WebUiBuiltInKeywords$click$3.call(Unknown Source)
	at Script1653004110626.run(Script1653004110626.groovy:102)
	... 16 more
)
[[ATTACHMENT|E:\\Cloned-Project-Katalon\\VPS-Katalon\\Reports\\20220630_220315\\QA\\VSP-Bootstrap\\VSP-Profile-TestSuite\\20220630_220321\\1656650555448.png]]

2022-07-01 00:42:35 - [TEST_STEP][FAILED] - vspBootstrap.SearchProfilePage.setDataSearchProfile(row, dataFile): com.kms.katalon.core.exception.StepFailedException: Unable to set text 'COCKEYSVILLE ' of object 'Object Repository/AdminSuiteBootstrap_Pages/VSP_Bootstrap/SearchProfile/input_Criteria' (Root cause: com.kms.katalon.core.exception.StepFailedException: Unable to set text 'COCKEYSVILLE ' of object 'Object Repository/AdminSuiteBootstrap_Pages/VSP_Bootstrap/SearchProfile/input_Criteria'
	at com.kms.katalon.core.webui.keyword.internal.WebUIKeywordMain.stepFailed(WebUIKeywordMain.groovy:64)
	at com.kms.katalon.core.webui.keyword.internal.WebUIKeywordMain.runKeyword(WebUIKeywordMain.groovy:26)
	at com.kms.katalon.core.webui.keyword.builtin.SetTextKeyword.setText(SetTextKeyword.groovy:66)
	at com.kms.katalon.core.webui.keyword.builtin.SetTextKeyword.execute(SetTextKeyword.groovy:37)
	at com.kms.katalon.core.keyword.internal.KeywordExecutor.executeKeywordForPlatform(KeywordExecutor.groovy:74)
	at com.kms.katalon.core.webui.keyword.WebUiBuiltInKeywords.setText(WebUiBuiltInKeywords.groovy:980)
	at com.kms.katalon.core.webui.keyword.WebUiBuiltInKeywords$setText$2.call(Unknown Source)
	at vspBootstrap.SearchProfilePage.setDataSearchProfile(SearchProfilePage.groovy:36)
	at vspBootstrap.SearchProfilePage.invokeMethod(SearchProfilePage.groovy)
	at com.kms.katalon.core.main.CustomKeywordDelegatingMetaClass.invokeStaticMethod(CustomKeywordDelegatingMetaClass.java:50)
	at SearchProfile_Generic_TC.run(SearchProfile_Generic_TC:105)
	at com.kms.katalon.core.main.ScriptEngine.run(ScriptEngine.java:194)
	at com.kms.katalon.core.main.ScriptEngine.runScriptAsRawText(ScriptEngine.java:119)
	at com.kms.katalon.core.main.TestCaseExecutor.runScript(TestCaseExecutor.java:442)
	at com.kms.katalon.core.main.TestCaseExecutor.doExecute(TestCaseExecutor.java:433)
	at com.kms.katalon.core.main.TestCaseExecutor.processExecutionPhase(TestCaseExecutor.java:412)
	at com.kms.katalon.core.main.TestCaseExecutor.accessMainPhase(TestCaseExecutor.java:404)
	at com.kms.katalon.core.main.TestCaseExecutor.execute(TestCaseExecutor.java:281)
	at com.kms.katalon.core.main.TestCaseExecutor.execute(TestCaseExecutor.java:363)
	at com.kms.katalon.core.main.TestCaseExecutor.execute(TestCaseExecutor.java:363)
	at com.kms.katalon.core.main.TestCaseExecutor.execute(TestCaseExecutor.java:363)
	at com.kms.katalon.core.main.TestSuiteExecutor.accessTestCaseMainPhase(TestSuiteExecutor.java:202)
	at com.kms.katalon.core.main.TestSuiteExecutor.accessTestSuiteMainPhase(TestSuiteExecutor.java:164)
	at com.kms.katalon.core.main.TestSuiteExecutor.execute(TestSuiteExecutor.java:105)
	at com.kms.katalon.core.main.TestCaseMain.startTestSuite(TestCaseMain.java:185)
	at com.kms.katalon.core.main.TestCaseMain$startTestSuite$0.call(Unknown Source)
	at TempTestSuite1656641001441.run(TempTestSuite1656641001441.groovy:36)
Caused by: com.kms.katalon.core.webui.exception.WebElementNotFoundException: Web element with id: 'Object Repository/AdminSuiteBootstrap_Pages/VSP_Bootstrap/SearchProfile/input_Criteria' located by '//*[@type = 'text' and @name = 'searchString']' not found
	at com.kms.katalon.core.webui.common.WebUiCommonHelper.findWebElement(WebUiCommonHelper.java:1370)
	at com.kms.katalon.core.webui.keyword.internal.WebUIAbstractKeyword.findWebElement(WebUIAbstractKeyword.groovy:27)
	at com.kms.katalon.core.webui.keyword.internal.WebUIAbstractKeyword.findWebElement(WebUIAbstractKeyword.groovy:26)
	at com.kms.katalon.core.webui.keyword.builtin.SetTextKeyword$_setText_closure1.doCall(SetTextKeyword.groovy:51)
	at com.kms.katalon.core.webui.keyword.builtin.SetTextKeyword$_setText_closure1.call(SetTextKeyword.groovy)
	at com.kms.katalon.core.webui.keyword.internal.WebUIKeywordMain.runKeyword(WebUIKeywordMain.groovy:20)
	at com.kms.katalon.core.webui.keyword.builtin.SetTextKeyword.setText(SetTextKeyword.groovy:66)
	at com.kms.katalon.core.webui.keyword.builtin.SetTextKeyword.execute(SetTextKeyword.groovy:37)
	at com.kms.katalon.core.keyword.internal.KeywordExecutor.executeKeywordForPlatform(KeywordExecutor.groovy:74)
	at com.kms.katalon.core.webui.keyword.WebUiBuiltInKeywords.setText(WebUiBuiltInKeywords.groovy:980)
	at com.kms.katalon.core.webui.keyword.WebUiBuiltInKeywords$setText$2.call(Unknown Source)
	at vspBootstrap.SearchProfilePage.setDataSearchProfile(SearchProfilePage.groovy:36)
	at vspBootstrap.SearchProfilePage.invokeMethod(SearchProfilePage.groovy)
	at com.kms.katalon.core.main.CustomKeywordDelegatingMetaClass.invokeStaticMethod(CustomKeywordDelegatingMetaClass.java:50)
	at Script1653004110626.run(Script1653004110626.groovy:105)
	... 16 more
)

2022-07-01 00:43:07 - [MESSAGE][INFO] - Unable to find the element located by 'By.xpath: //*[@type = 'text' and @name = 'searchString']'. Please recheck the objects properties to make sure the desired element is located. 

2022-07-01 00:43:07 - [MESSAGE][FAILED] - Unable to set text 'COCKEYSVILLE ' of object 'Object Repository/AdminSuiteBootstrap_Pages/VSP_Bootstrap/SearchProfile/input_Criteria' (Root cause: com.kms.katalon.core.exception.StepFailedException: Unable to set text 'COCKEYSVILLE ' of object 'Object Repository/AdminSuiteBootstrap_Pages/VSP_Bootstrap/SearchProfile/input_Criteria'
	at com.kms.katalon.core.webui.keyword.internal.WebUIKeywordMain.stepFailed(WebUIKeywordMain.groovy:64)
	at com.kms.katalon.core.webui.keyword.internal.WebUIKeywordMain.runKeyword(WebUIKeywordMain.groovy:26)
	at com.kms.katalon.core.webui.keyword.builtin.SetTextKeyword.setText(SetTextKeyword.groovy:66)
	at com.kms.katalon.core.webui.keyword.builtin.SetTextKeyword.execute(SetTextKeyword.groovy:37)
	at com.kms.katalon.core.keyword.internal.KeywordExecutor.executeKeywordForPlatform(KeywordExecutor.groovy:74)
	at com.kms.katalon.core.webui.keyword.WebUiBuiltInKeywords.setText(WebUiBuiltInKeywords.groovy:980)
	at com.kms.katalon.core.webui.keyword.WebUiBuiltInKeywords$setText$2.call(Unknown Source)
	at vspBootstrap.SearchProfilePage.setDataSearchProfile(SearchProfilePage.groovy:36)
	at vspBootstrap.SearchProfilePage.invokeMethod(SearchProfilePage.groovy)
	at com.kms.katalon.core.main.CustomKeywordDelegatingMetaClass.invokeStaticMethod(CustomKeywordDelegatingMetaClass.java:50)
	at SearchProfile_Generic_TC.run(SearchProfile_Generic_TC:105)
	at com.kms.katalon.core.main.ScriptEngine.run(ScriptEngine.java:194)
	at com.kms.katalon.core.main.ScriptEngine.runScriptAsRawText(ScriptEngine.java:119)
	at com.kms.katalon.core.main.TestCaseExecutor.runScript(TestCaseExecutor.java:442)
	at com.kms.katalon.core.main.TestCaseExecutor.doExecute(TestCaseExecutor.java:433)
	at com.kms.katalon.core.main.TestCaseExecutor.processExecutionPhase(TestCaseExecutor.java:412)
	at com.kms.katalon.core.main.TestCaseExecutor.accessMainPhase(TestCaseExecutor.java:404)
	at com.kms.katalon.core.main.TestCaseExecutor.execute(TestCaseExecutor.java:281)
	at com.kms.katalon.core.main.TestCaseExecutor.execute(TestCaseExecutor.java:363)
	at com.kms.katalon.core.main.TestCaseExecutor.execute(TestCaseExecutor.java:363)
	at com.kms.katalon.core.main.TestCaseExecutor.execute(TestCaseExecutor.java:363)
	at com.kms.katalon.core.main.TestSuiteExecutor.accessTestCaseMainPhase(TestSuiteExecutor.java:202)
	at com.kms.katalon.core.main.TestSuiteExecutor.accessTestSuiteMainPhase(TestSuiteExecutor.java:164)
	at com.kms.katalon.core.main.TestSuiteExecutor.execute(TestSuiteExecutor.java:105)
	at com.kms.katalon.core.main.TestCaseMain.startTestSuite(TestCaseMain.java:185)
	at com.kms.katalon.core.main.TestCaseMain$startTestSuite$0.call(Unknown Source)
	at TempTestSuite1656641001441.run(TempTestSuite1656641001441.groovy:36)
Caused by: com.kms.katalon.core.webui.exception.WebElementNotFoundException: Web element with id: 'Object Repository/AdminSuiteBootstrap_Pages/VSP_Bootstrap/SearchProfile/input_Criteria' located by '//*[@type = 'text' and @name = 'searchString']' not found
	at com.kms.katalon.core.webui.common.WebUiCommonHelper.findWebElement(WebUiCommonHelper.java:1370)
	at com.kms.katalon.core.webui.keyword.internal.WebUIAbstractKeyword.findWebElement(WebUIAbstractKeyword.groovy:27)
	at com.kms.katalon.core.webui.keyword.internal.WebUIAbstractKeyword.findWebElement(WebUIAbstractKeyword.groovy:26)
	at com.kms.katalon.core.webui.keyword.builtin.SetTextKeyword$_setText_closure1.doCall(SetTextKeyword.groovy:51)
	at com.kms.katalon.core.webui.keyword.builtin.SetTextKeyword$_setText_closure1.call(SetTextKeyword.groovy)
	at com.kms.katalon.core.webui.keyword.internal.WebUIKeywordMain.runKeyword(WebUIKeywordMain.groovy:20)
	at com.kms.katalon.core.webui.keyword.builtin.SetTextKeyword.setText(SetTextKeyword.groovy:66)
	at com.kms.katalon.core.webui.keyword.builtin.SetTextKeyword.execute(SetTextKeyword.groovy:37)
	at com.kms.katalon.core.keyword.internal.KeywordExecutor.executeKeywordForPlatform(KeywordExecutor.groovy:74)
	at com.kms.katalon.core.webui.keyword.WebUiBuiltInKeywords.setText(WebUiBuiltInKeywords.groovy:980)
	at com.kms.katalon.core.webui.keyword.WebUiBuiltInKeywords$setText$2.call(Unknown Source)
	at vspBootstrap.SearchProfilePage.setDataSearchProfile(SearchProfilePage.groovy:36)
	at vspBootstrap.SearchProfilePage.invokeMethod(SearchProfilePage.groovy)
	at com.kms.katalon.core.main.CustomKeywordDelegatingMetaClass.invokeStaticMethod(CustomKeywordDelegatingMetaClass.java:50)
	at Script1653004110626.run(Script1653004110626.groovy:105)
	... 16 more
)
[[ATTACHMENT|E:\\Cloned-Project-Katalon\\VPS-Katalon\\Reports\\20220630_220315\\QA\\VSP-Bootstrap\\VSP-Profile-TestSuite\\20220630_220321\\1656650587143.png]]

2022-07-01 00:43:38 - [MESSAGE][INFO] - Unable to find the element located by 'By.xpath: //*[@id = 'exampleSelect1' and @name = 'searchField']'. Please recheck the objects properties to make sure the desired element is located. 

2022-07-01 00:43:38 - [MESSAGE][FAILED] - Unable to select option by label 'City only' of object 'Object Repository/AdminSuiteBootstrap_Pages/VSP_Bootstrap/SearchProfile/select_SearchBy'  using regular expression (Root cause: com.kms.katalon.core.exception.StepFailedException: Unable to select option by label 'City only' of object 'Object Repository/AdminSuiteBootstrap_Pages/VSP_Bootstrap/SearchProfile/select_SearchBy'  using regular expression
	at com.kms.katalon.core.webui.keyword.internal.WebUIKeywordMain.stepFailed(WebUIKeywordMain.groovy:64)
	at com.kms.katalon.core.webui.keyword.internal.WebUIKeywordMain.runKeyword(WebUIKeywordMain.groovy:26)
	at com.kms.katalon.core.webui.keyword.builtin.SelectOptionByLabelKeyword.selectOptionByLabel(SelectOptionByLabelKeyword.groovy:98)
	at com.kms.katalon.core.webui.keyword.builtin.SelectOptionByLabelKeyword.execute(SelectOptionByLabelKeyword.groovy:71)
	at com.kms.katalon.core.keyword.internal.KeywordExecutor.executeKeywordForPlatform(KeywordExecutor.groovy:74)
	at com.kms.katalon.core.webui.keyword.WebUiBuiltInKeywords.selectOptionByLabel(WebUiBuiltInKeywords.groovy:1230)
	at com.kms.katalon.core.webui.keyword.WebUiBuiltInKeywords$selectOptionByLabel$4.call(Unknown Source)
	at vspBootstrap.SearchProfilePage.setDataSearchProfile(SearchProfilePage.groovy:37)
	at vspBootstrap.SearchProfilePage.invokeMethod(SearchProfilePage.groovy)
	at com.kms.katalon.core.main.CustomKeywordDelegatingMetaClass.invokeStaticMethod(CustomKeywordDelegatingMetaClass.java:50)
	at SearchProfile_Generic_TC.run(SearchProfile_Generic_TC:105)
	at com.kms.katalon.core.main.ScriptEngine.run(ScriptEngine.java:194)
	at com.kms.katalon.core.main.ScriptEngine.runScriptAsRawText(ScriptEngine.java:119)
	at com.kms.katalon.core.main.TestCaseExecutor.runScript(TestCaseExecutor.java:442)
	at com.kms.katalon.core.main.TestCaseExecutor.doExecute(TestCaseExecutor.java:433)
	at com.kms.katalon.core.main.TestCaseExecutor.processExecutionPhase(TestCaseExecutor.java:412)
	at com.kms.katalon.core.main.TestCaseExecutor.accessMainPhase(TestCaseExecutor.java:404)
	at com.kms.katalon.core.main.TestCaseExecutor.execute(TestCaseExecutor.java:281)
	at com.kms.katalon.core.main.TestCaseExecutor.execute(TestCaseExecutor.java:363)
	at com.kms.katalon.core.main.TestCaseExecutor.execute(TestCaseExecutor.java:363)
	at com.kms.katalon.core.main.TestCaseExecutor.execute(TestCaseExecutor.java:363)
	at com.kms.katalon.core.main.TestSuiteExecutor.accessTestCaseMainPhase(TestSuiteExecutor.java:202)
	at com.kms.katalon.core.main.TestSuiteExecutor.accessTestSuiteMainPhase(TestSuiteExecutor.java:164)
	at com.kms.katalon.core.main.TestSuiteExecutor.execute(TestSuiteExecutor.java:105)
	at com.kms.katalon.core.main.TestCaseMain.startTestSuite(TestCaseMain.java:185)
	at com.kms.katalon.core.main.TestCaseMain$startTestSuite$0.call(Unknown Source)
	at TempTestSuite1656641001441.run(TempTestSuite1656641001441.groovy:36)
Caused by: com.kms.katalon.core.webui.exception.WebElementNotFoundException: Web element with id: 'Object Repository/AdminSuiteBootstrap_Pages/VSP_Bootstrap/SearchProfile/select_SearchBy' located by '//*[@id = 'exampleSelect1' and @name = 'searchField']' not found
	at com.kms.katalon.core.webui.common.WebUiCommonHelper.findWebElement(WebUiCommonHelper.java:1370)
	at com.kms.katalon.core.webui.keyword.internal.WebUIAbstractKeyword.findWebElement(WebUIAbstractKeyword.groovy:27)
	at com.kms.katalon.core.webui.keyword.internal.WebUIAbstractKeyword.findWebElement(WebUIAbstractKeyword.groovy:26)
	at com.kms.katalon.core.webui.keyword.builtin.SelectOptionByLabelKeyword$_selectOptionByLabel_closure1.doCall(SelectOptionByLabelKeyword.groovy:86)
	at com.kms.katalon.core.webui.keyword.builtin.SelectOptionByLabelKeyword$_selectOptionByLabel_closure1.call(SelectOptionByLabelKeyword.groovy)
	at com.kms.katalon.core.webui.keyword.internal.WebUIKeywordMain.runKeyword(WebUIKeywordMain.groovy:20)
	at com.kms.katalon.core.webui.keyword.builtin.SelectOptionByLabelKeyword.selectOptionByLabel(SelectOptionByLabelKeyword.groovy:98)
	at com.kms.katalon.core.webui.keyword.builtin.SelectOptionByLabelKeyword.execute(SelectOptionByLabelKeyword.groovy:71)
	at com.kms.katalon.core.keyword.internal.KeywordExecutor.executeKeywordForPlatform(KeywordExecutor.groovy:74)
	at com.kms.katalon.core.webui.keyword.WebUiBuiltInKeywords.selectOptionByLabel(WebUiBuiltInKeywords.groovy:1230)
	at com.kms.katalon.core.webui.keyword.WebUiBuiltInKeywords$selectOptionByLabel$4.call(Unknown Source)
	at vspBootstrap.SearchProfilePage.setDataSearchProfile(SearchProfilePage.groovy:37)
	at vspBootstrap.SearchProfilePage.invokeMethod(SearchProfilePage.groovy)
	at com.kms.katalon.core.main.CustomKeywordDelegatingMetaClass.invokeStaticMethod(CustomKeywordDelegatingMetaClass.java:50)
	at Script1653004110626.run(Script1653004110626.groovy:105)
	... 16 more
)
[[ATTACHMENT|E:\\Cloned-Project-Katalon\\VPS-Katalon\\Reports\\20220630_220315\\QA\\VSP-Bootstrap\\VSP-Profile-TestSuite\\20220630_220321\\1656650618603.png]]

2022-07-01 00:44:09 - [MESSAGE][INFO] - Unable to find the element located by 'By.xpath: //*[@type = 'submit' and @name = 'searchButton' and @alt = 'Search' and (text() = '
                          Search' or . = '
                          Search')]'. Please recheck the objects properties to make sure the desired element is located. 

2022-07-01 00:44:10 - [MESSAGE][FAILED] - Unable to click on object 'Object Repository/AdminSuiteBootstrap_Pages/VSP_Bootstrap/SearchProfile/button_Search' (Root cause: com.kms.katalon.core.exception.StepFailedException: Unable to click on object 'Object Repository/AdminSuiteBootstrap_Pages/VSP_Bootstrap/SearchProfile/button_Search'
	at com.kms.katalon.core.webui.keyword.internal.WebUIKeywordMain.stepFailed(WebUIKeywordMain.groovy:64)
	at com.kms.katalon.core.webui.keyword.internal.WebUIKeywordMain.runKeyword(WebUIKeywordMain.groovy:26)
	at com.kms.katalon.core.webui.keyword.builtin.ClickKeyword.click(ClickKeyword.groovy:74)
	at com.kms.katalon.core.webui.keyword.builtin.ClickKeyword.execute(ClickKeyword.groovy:40)
	at com.kms.katalon.core.keyword.internal.KeywordExecutor.executeKeywordForPlatform(KeywordExecutor.groovy:74)
	at com.kms.katalon.core.webui.keyword.WebUiBuiltInKeywords.click(WebUiBuiltInKeywords.groovy:620)
	at com.kms.katalon.core.webui.keyword.WebUiBuiltInKeywords$click$3.call(Unknown Source)
	at vspBootstrap.SearchProfilePage.setDataSearchProfile(SearchProfilePage.groovy:39)
	at vspBootstrap.SearchProfilePage.invokeMethod(SearchProfilePage.groovy)
	at com.kms.katalon.core.main.CustomKeywordDelegatingMetaClass.invokeStaticMethod(CustomKeywordDelegatingMetaClass.java:50)
	at SearchProfile_Generic_TC.run(SearchProfile_Generic_TC:105)
	at com.kms.katalon.core.main.ScriptEngine.run(ScriptEngine.java:194)
	at com.kms.katalon.core.main.ScriptEngine.runScriptAsRawText(ScriptEngine.java:119)
	at com.kms.katalon.core.main.TestCaseExecutor.runScript(TestCaseExecutor.java:442)
	at com.kms.katalon.core.main.TestCaseExecutor.doExecute(TestCaseExecutor.java:433)
	at com.kms.katalon.core.main.TestCaseExecutor.processExecutionPhase(TestCaseExecutor.java:412)
	at com.kms.katalon.core.main.TestCaseExecutor.accessMainPhase(TestCaseExecutor.java:404)
	at com.kms.katalon.core.main.TestCaseExecutor.execute(TestCaseExecutor.java:281)
	at com.kms.katalon.core.main.TestCaseExecutor.execute(TestCaseExecutor.java:363)
	at com.kms.katalon.core.main.TestCaseExecutor.execute(TestCaseExecutor.java:363)
	at com.kms.katalon.core.main.TestCaseExecutor.execute(TestCaseExecutor.java:363)
	at com.kms.katalon.core.main.TestSuiteExecutor.accessTestCaseMainPhase(TestSuiteExecutor.java:202)
	at com.kms.katalon.core.main.TestSuiteExecutor.accessTestSuiteMainPhase(TestSuiteExecutor.java:164)
	at com.kms.katalon.core.main.TestSuiteExecutor.execute(TestSuiteExecutor.java:105)
	at com.kms.katalon.core.main.TestCaseMain.startTestSuite(TestCaseMain.java:185)
	at com.kms.katalon.core.main.TestCaseMain$startTestSuite$0.call(Unknown Source)
	at TempTestSuite1656641001441.run(TempTestSuite1656641001441.groovy:36)
Caused by: com.kms.katalon.core.webui.exception.WebElementNotFoundException: Web element with id: 'Object Repository/AdminSuiteBootstrap_Pages/VSP_Bootstrap/SearchProfile/button_Search' located by '//*[@type = 'submit' and @name = 'searchButton' and @alt = 'Search' and (text() = '
                          Search' or . = '
                          Search')]' not found
	at com.kms.katalon.core.webui.common.WebUiCommonHelper.findWebElement(WebUiCommonHelper.java:1370)
	at com.kms.katalon.core.webui.keyword.internal.WebUIAbstractKeyword.findWebElement(WebUIAbstractKeyword.groovy:27)
	at com.kms.katalon.core.webui.keyword.builtin.ClickKeyword$_click_closure1.doCall(ClickKeyword.groovy:65)
	at com.kms.katalon.core.webui.keyword.builtin.ClickKeyword$_click_closure1.call(ClickKeyword.groovy)
	at com.kms.katalon.core.webui.keyword.internal.WebUIKeywordMain.runKeyword(WebUIKeywordMain.groovy:20)
	at com.kms.katalon.core.webui.keyword.builtin.ClickKeyword.click(ClickKeyword.groovy:74)
	at com.kms.katalon.core.webui.keyword.builtin.ClickKeyword.execute(ClickKeyword.groovy:40)
	at com.kms.katalon.core.keyword.internal.KeywordExecutor.executeKeywordForPlatform(KeywordExecutor.groovy:74)
	at com.kms.katalon.core.webui.keyword.WebUiBuiltInKeywords.click(WebUiBuiltInKeywords.groovy:620)
	at com.kms.katalon.core.webui.keyword.WebUiBuiltInKeywords$click$3.call(Unknown Source)
	at vspBootstrap.SearchProfilePage.setDataSearchProfile(SearchProfilePage.groovy:39)
	at vspBootstrap.SearchProfilePage.invokeMethod(SearchProfilePage.groovy)
	at com.kms.katalon.core.main.CustomKeywordDelegatingMetaClass.invokeStaticMethod(CustomKeywordDelegatingMetaClass.java:50)
	at Script1653004110626.run(Script1653004110626.groovy:105)
	... 16 more
)
[[ATTACHMENT|E:\\Cloned-Project-Katalon\\VPS-Katalon\\Reports\\20220630_220315\\QA\\VSP-Bootstrap\\VSP-Profile-TestSuite\\20220630_220321\\1656650649982.png]]

2022-07-01 00:44:10 - [MESSAGE][FAILED] - com.kms.katalon.core.exception.StepFailedException: Unable to set text 'COCKEYSVILLE ' of object 'Object Repository/AdminSuiteBootstrap_Pages/VSP_Bootstrap/SearchProfile/input_Criteria' (Root cause: com.kms.katalon.core.exception.StepFailedException: Unable to set text 'COCKEYSVILLE ' of object 'Object Repository/AdminSuiteBootstrap_Pages/VSP_Bootstrap/SearchProfile/input_Criteria'
	at com.kms.katalon.core.webui.keyword.internal.WebUIKeywordMain.stepFailed(WebUIKeywordMain.groovy:64)
	at com.kms.katalon.core.webui.keyword.internal.WebUIKeywordMain.runKeyword(WebUIKeywordMain.groovy:26)
	at com.kms.katalon.core.webui.keyword.builtin.SetTextKeyword.setText(SetTextKeyword.groovy:66)
	at com.kms.katalon.core.webui.keyword.builtin.SetTextKeyword.execute(SetTextKeyword.groovy:37)
	at com.kms.katalon.core.keyword.internal.KeywordExecutor.executeKeywordForPlatform(KeywordExecutor.groovy:74)
	at com.kms.katalon.core.webui.keyword.WebUiBuiltInKeywords.setText(WebUiBuiltInKeywords.groovy:980)
	at com.kms.katalon.core.webui.keyword.WebUiBuiltInKeywords$setText$2.call(Unknown Source)
	at vspBootstrap.SearchProfilePage.setDataSearchProfile(SearchProfilePage.groovy:36)
	at vspBootstrap.SearchProfilePage.invokeMethod(SearchProfilePage.groovy)
	at com.kms.katalon.core.main.CustomKeywordDelegatingMetaClass.invokeStaticMethod(CustomKeywordDelegatingMetaClass.java:50)
	at SearchProfile_Generic_TC.run(SearchProfile_Generic_TC:105)
	at com.kms.katalon.core.main.ScriptEngine.run(ScriptEngine.java:194)
	at com.kms.katalon.core.main.ScriptEngine.runScriptAsRawText(ScriptEngine.java:119)
	at com.kms.katalon.core.main.TestCaseExecutor.runScript(TestCaseExecutor.java:442)
	at com.kms.katalon.core.main.TestCaseExecutor.doExecute(TestCaseExecutor.java:433)
	at com.kms.katalon.core.main.TestCaseExecutor.processExecutionPhase(TestCaseExecutor.java:412)
	at com.kms.katalon.core.main.TestCaseExecutor.accessMainPhase(TestCaseExecutor.java:404)
	at com.kms.katalon.core.main.TestCaseExecutor.execute(TestCaseExecutor.java:281)
	at com.kms.katalon.core.main.TestCaseExecutor.execute(TestCaseExecutor.java:363)
	at com.kms.katalon.core.main.TestCaseExecutor.execute(TestCaseExecutor.java:363)
	at com.kms.katalon.core.main.TestCaseExecutor.execute(TestCaseExecutor.java:363)
	at com.kms.katalon.core.main.TestSuiteExecutor.accessTestCaseMainPhase(TestSuiteExecutor.java:202)
	at com.kms.katalon.core.main.TestSuiteExecutor.accessTestSuiteMainPhase(TestSuiteExecutor.java:164)
	at com.kms.katalon.core.main.TestSuiteExecutor.execute(TestSuiteExecutor.java:105)
	at com.kms.katalon.core.main.TestCaseMain.startTestSuite(TestCaseMain.java:185)
	at com.kms.katalon.core.main.TestCaseMain$startTestSuite$0.call(Unknown Source)
	at TempTestSuite1656641001441.run(TempTestSuite1656641001441.groovy:36)
Caused by: com.kms.katalon.core.webui.exception.WebElementNotFoundException: Web element with id: 'Object Repository/AdminSuiteBootstrap_Pages/VSP_Bootstrap/SearchProfile/input_Criteria' located by '//*[@type = 'text' and @name = 'searchString']' not found
	at com.kms.katalon.core.webui.common.WebUiCommonHelper.findWebElement(WebUiCommonHelper.java:1370)
	at com.kms.katalon.core.webui.keyword.internal.WebUIAbstractKeyword.findWebElement(WebUIAbstractKeyword.groovy:27)
	at com.kms.katalon.core.webui.keyword.internal.WebUIAbstractKeyword.findWebElement(WebUIAbstractKeyword.groovy:26)
	at com.kms.katalon.core.webui.keyword.builtin.SetTextKeyword$_setText_closure1.doCall(SetTextKeyword.groovy:51)
	at com.kms.katalon.core.webui.keyword.builtin.SetTextKeyword$_setText_closure1.call(SetTextKeyword.groovy)
	at com.kms.katalon.core.webui.keyword.internal.WebUIKeywordMain.runKeyword(WebUIKeywordMain.groovy:20)
	at com.kms.katalon.core.webui.keyword.builtin.SetTextKeyword.setText(SetTextKeyword.groovy:66)
	at com.kms.katalon.core.webui.keyword.builtin.SetTextKeyword.execute(SetTextKeyword.groovy:37)
	at com.kms.katalon.core.keyword.internal.KeywordExecutor.executeKeywordForPlatform(KeywordExecutor.groovy:74)
	at com.kms.katalon.core.webui.keyword.WebUiBuiltInKeywords.setText(WebUiBuiltInKeywords.groovy:980)
	at com.kms.katalon.core.webui.keyword.WebUiBuiltInKeywords$setText$2.call(Unknown Source)
	at vspBootstrap.SearchProfilePage.setDataSearchProfile(SearchProfilePage.groovy:36)
	at vspBootstrap.SearchProfilePage.invokeMethod(SearchProfilePage.groovy)
	at com.kms.katalon.core.main.CustomKeywordDelegatingMetaClass.invokeStaticMethod(CustomKeywordDelegatingMetaClass.java:50)
	at Script1653004110626.run(Script1653004110626.groovy:105)
	... 16 more
)

2022-07-01 00:44:10 - [TEST_STEP][FAILED] - verifyElementVisible(findTestObject(path_ViewProfile + "a_ProfileToBeSearched")): Web element with id: 'Object Repository/AdminSuiteBootstrap_Pages/VSP_Bootstrap/View Profile/a_ProfileToBeSearched' located by '//a[contains(text(),'ProfileToBeSearched')]' not found (Root cause: com.kms.katalon.core.exception.StepFailedException: Web element with id: 'Object Repository/AdminSuiteBootstrap_Pages/VSP_Bootstrap/View Profile/a_ProfileToBeSearched' located by '//a[contains(text(),'ProfileToBeSearched')]' not found
	at com.kms.katalon.core.webui.keyword.internal.WebUIKeywordMain.stepFailed(WebUIKeywordMain.groovy:64)
	at com.kms.katalon.core.webui.keyword.builtin.VerifyElementVisibleKeyword$_verifyElementVisible_closure1.doCall(VerifyElementVisibleKeyword.groovy:89)
	at com.kms.katalon.core.webui.keyword.builtin.VerifyElementVisibleKeyword$_verifyElementVisible_closure1.call(VerifyElementVisibleKeyword.groovy)
	at com.kms.katalon.core.webui.keyword.internal.WebUIKeywordMain.runKeyword(WebUIKeywordMain.groovy:20)
	at com.kms.katalon.core.webui.keyword.builtin.VerifyElementVisibleKeyword.verifyElementVisible(VerifyElementVisibleKeyword.groovy:97)
	at com.kms.katalon.core.webui.keyword.builtin.VerifyElementVisibleKeyword.execute(VerifyElementVisibleKeyword.groovy:67)
	at com.kms.katalon.core.keyword.internal.KeywordExecutor.executeKeywordForPlatform(KeywordExecutor.groovy:74)
	at com.kms.katalon.core.webui.keyword.WebUiBuiltInKeywords.verifyElementVisible(WebUiBuiltInKeywords.groovy:376)
	at com.kms.katalon.core.webui.keyword.WebUiBuiltInKeywords$verifyElementVisible$6.call(Unknown Source)
	at SearchProfile_Generic_TC.run(SearchProfile_Generic_TC:108)
	at com.kms.katalon.core.main.ScriptEngine.run(ScriptEngine.java:194)
	at com.kms.katalon.core.main.ScriptEngine.runScriptAsRawText(ScriptEngine.java:119)
	at com.kms.katalon.core.main.TestCaseExecutor.runScript(TestCaseExecutor.java:442)
	at com.kms.katalon.core.main.TestCaseExecutor.doExecute(TestCaseExecutor.java:433)
	at com.kms.katalon.core.main.TestCaseExecutor.processExecutionPhase(TestCaseExecutor.java:412)
	at com.kms.katalon.core.main.TestCaseExecutor.accessMainPhase(TestCaseExecutor.java:404)
	at com.kms.katalon.core.main.TestCaseExecutor.execute(TestCaseExecutor.java:281)
	at com.kms.katalon.core.main.TestCaseExecutor.execute(TestCaseExecutor.java:363)
	at com.kms.katalon.core.main.TestCaseExecutor.execute(TestCaseExecutor.java:363)
	at com.kms.katalon.core.main.TestCaseExecutor.execute(TestCaseExecutor.java:363)
	at com.kms.katalon.core.main.TestSuiteExecutor.accessTestCaseMainPhase(TestSuiteExecutor.java:202)
	at com.kms.katalon.core.main.TestSuiteExecutor.accessTestSuiteMainPhase(TestSuiteExecutor.java:164)
	at com.kms.katalon.core.main.TestSuiteExecutor.execute(TestSuiteExecutor.java:105)
	at com.kms.katalon.core.main.TestCaseMain.startTestSuite(TestCaseMain.java:185)
	at com.kms.katalon.core.main.TestCaseMain$startTestSuite$0.call(Unknown Source)
	at TempTestSuite1656641001441.run(TempTestSuite1656641001441.groovy:36)
)

2022-07-01 00:44:41 - [MESSAGE][INFO] - Unable to find the element located by 'By.xpath: //a[contains(text(),'ProfileToBeSearched')]'. Please recheck the objects properties to make sure the desired element is located. 

2022-07-01 00:44:41 - [MESSAGE][FAILED] - Web element with id: 'Object Repository/AdminSuiteBootstrap_Pages/VSP_Bootstrap/View Profile/a_ProfileToBeSearched' located by '//a[contains(text(),'ProfileToBeSearched')]' not found (Root cause: com.kms.katalon.core.exception.StepFailedException: Web element with id: 'Object Repository/AdminSuiteBootstrap_Pages/VSP_Bootstrap/View Profile/a_ProfileToBeSearched' located by '//a[contains(text(),'ProfileToBeSearched')]' not found
	at com.kms.katalon.core.webui.keyword.internal.WebUIKeywordMain.stepFailed(WebUIKeywordMain.groovy:64)
	at com.kms.katalon.core.webui.keyword.builtin.VerifyElementVisibleKeyword$_verifyElementVisible_closure1.doCall(VerifyElementVisibleKeyword.groovy:89)
	at com.kms.katalon.core.webui.keyword.builtin.VerifyElementVisibleKeyword$_verifyElementVisible_closure1.call(VerifyElementVisibleKeyword.groovy)
	at com.kms.katalon.core.webui.keyword.internal.WebUIKeywordMain.runKeyword(WebUIKeywordMain.groovy:20)
	at com.kms.katalon.core.webui.keyword.builtin.VerifyElementVisibleKeyword.verifyElementVisible(VerifyElementVisibleKeyword.groovy:97)
	at com.kms.katalon.core.webui.keyword.builtin.VerifyElementVisibleKeyword.execute(VerifyElementVisibleKeyword.groovy:67)
	at com.kms.katalon.core.keyword.internal.KeywordExecutor.executeKeywordForPlatform(KeywordExecutor.groovy:74)
	at com.kms.katalon.core.webui.keyword.WebUiBuiltInKeywords.verifyElementVisible(WebUiBuiltInKeywords.groovy:376)
	at com.kms.katalon.core.webui.keyword.WebUiBuiltInKeywords$verifyElementVisible$6.call(Unknown Source)
	at SearchProfile_Generic_TC.run(SearchProfile_Generic_TC:108)
	at com.kms.katalon.core.main.ScriptEngine.run(ScriptEngine.java:194)
	at com.kms.katalon.core.main.ScriptEngine.runScriptAsRawText(ScriptEngine.java:119)
	at com.kms.katalon.core.main.TestCaseExecutor.runScript(TestCaseExecutor.java:442)
	at com.kms.katalon.core.main.TestCaseExecutor.doExecute(TestCaseExecutor.java:433)
	at com.kms.katalon.core.main.TestCaseExecutor.processExecutionPhase(TestCaseExecutor.java:412)
	at com.kms.katalon.core.main.TestCaseExecutor.accessMainPhase(TestCaseExecutor.java:404)
	at com.kms.katalon.core.main.TestCaseExecutor.execute(TestCaseExecutor.java:281)
	at com.kms.katalon.core.main.TestCaseExecutor.execute(TestCaseExecutor.java:363)
	at com.kms.katalon.core.main.TestCaseExecutor.execute(TestCaseExecutor.java:363)
	at com.kms.katalon.core.main.TestCaseExecutor.execute(TestCaseExecutor.java:363)
	at com.kms.katalon.core.main.TestSuiteExecutor.accessTestCaseMainPhase(TestSuiteExecutor.java:202)
	at com.kms.katalon.core.main.TestSuiteExecutor.accessTestSuiteMainPhase(TestSuiteExecutor.java:164)
	at com.kms.katalon.core.main.TestSuiteExecutor.execute(TestSuiteExecutor.java:105)
	at com.kms.katalon.core.main.TestCaseMain.startTestSuite(TestCaseMain.java:185)
	at com.kms.katalon.core.main.TestCaseMain$startTestSuite$0.call(Unknown Source)
	at TempTestSuite1656641001441.run(TempTestSuite1656641001441.groovy:36)
)
[[ATTACHMENT|E:\\Cloned-Project-Katalon\\VPS-Katalon\\Reports\\20220630_220315\\QA\\VSP-Bootstrap\\VSP-Profile-TestSuite\\20220630_220321\\1656650681378.png]]

2022-07-01 00:44:41 - [TEST_STEP][FAILED] - verifyElementPresent(findTestObject(path_ViewProfile + "a_ProfileToBeSearched"), 30): com.kms.katalon.core.webui.exception.WebElementNotFoundException: Web element with id: 'Object Repository/AdminSuiteBootstrap_Pages/VSP_Bootstrap/View Profile/a_ProfileToBeSearched' located by '//a[contains(text(),'ProfileToBeSearched')]' not found (Root cause: com.kms.katalon.core.exception.StepFailedException: com.kms.katalon.core.webui.exception.WebElementNotFoundException: Web element with id: 'Object Repository/AdminSuiteBootstrap_Pages/VSP_Bootstrap/View Profile/a_ProfileToBeSearched' located by '//a[contains(text(),'ProfileToBeSearched')]' not found
	at com.kms.katalon.core.webui.keyword.internal.WebUIKeywordMain.stepFailed(WebUIKeywordMain.groovy:64)
	at com.kms.katalon.core.webui.keyword.builtin.VerifyElementPresentKeyword$_verifyElementPresent_closure1.doCall(VerifyElementPresentKeyword.groovy:85)
	at com.kms.katalon.core.webui.keyword.builtin.VerifyElementPresentKeyword$_verifyElementPresent_closure1.call(VerifyElementPresentKeyword.groovy)
	at com.kms.katalon.core.webui.keyword.internal.WebUIKeywordMain.runKeyword(WebUIKeywordMain.groovy:20)
	at com.kms.katalon.core.webui.keyword.builtin.VerifyElementPresentKeyword.verifyElementPresent(VerifyElementPresentKeyword.groovy:92)
	at com.kms.katalon.core.webui.keyword.builtin.VerifyElementPresentKeyword.execute(VerifyElementPresentKeyword.groovy:68)
	at com.kms.katalon.core.keyword.internal.KeywordExecutor.executeKeywordForPlatform(KeywordExecutor.groovy:74)
	at com.kms.katalon.core.webui.keyword.WebUiBuiltInKeywords.verifyElementPresent(WebUiBuiltInKeywords.groovy:1464)
	at com.kms.katalon.core.webui.keyword.WebUiBuiltInKeywords$verifyElementPresent$1.call(Unknown Source)
	at SearchProfile_Generic_TC.run(SearchProfile_Generic_TC:109)
	at com.kms.katalon.core.main.ScriptEngine.run(ScriptEngine.java:194)
	at com.kms.katalon.core.main.ScriptEngine.runScriptAsRawText(ScriptEngine.java:119)
	at com.kms.katalon.core.main.TestCaseExecutor.runScript(TestCaseExecutor.java:442)
	at com.kms.katalon.core.main.TestCaseExecutor.doExecute(TestCaseExecutor.java:433)
	at com.kms.katalon.core.main.TestCaseExecutor.processExecutionPhase(TestCaseExecutor.java:412)
	at com.kms.katalon.core.main.TestCaseExecutor.accessMainPhase(TestCaseExecutor.java:404)
	at com.kms.katalon.core.main.TestCaseExecutor.execute(TestCaseExecutor.java:281)
	at com.kms.katalon.core.main.TestCaseExecutor.execute(TestCaseExecutor.java:363)
	at com.kms.katalon.core.main.TestCaseExecutor.execute(TestCaseExecutor.java:363)
	at com.kms.katalon.core.main.TestCaseExecutor.execute(TestCaseExecutor.java:363)
	at com.kms.katalon.core.main.TestSuiteExecutor.accessTestCaseMainPhase(TestSuiteExecutor.java:202)
	at com.kms.katalon.core.main.TestSuiteExecutor.accessTestSuiteMainPhase(TestSuiteExecutor.java:164)
	at com.kms.katalon.core.main.TestSuiteExecutor.execute(TestSuiteExecutor.java:105)
	at com.kms.katalon.core.main.TestCaseMain.startTestSuite(TestCaseMain.java:185)
	at com.kms.katalon.core.main.TestCaseMain$startTestSuite$0.call(Unknown Source)
	at TempTestSuite1656641001441.run(TempTestSuite1656641001441.groovy:36)
)

2022-07-01 00:45:12 - [MESSAGE][INFO] - Unable to find the element located by 'By.xpath: //a[contains(text(),'ProfileToBeSearched')]'. Please recheck the objects properties to make sure the desired element is located. 

2022-07-01 00:45:13 - [MESSAGE][FAILED] - com.kms.katalon.core.webui.exception.WebElementNotFoundException: Web element with id: 'Object Repository/AdminSuiteBootstrap_Pages/VSP_Bootstrap/View Profile/a_ProfileToBeSearched' located by '//a[contains(text(),'ProfileToBeSearched')]' not found (Root cause: com.kms.katalon.core.exception.StepFailedException: com.kms.katalon.core.webui.exception.WebElementNotFoundException: Web element with id: 'Object Repository/AdminSuiteBootstrap_Pages/VSP_Bootstrap/View Profile/a_ProfileToBeSearched' located by '//a[contains(text(),'ProfileToBeSearched')]' not found
	at com.kms.katalon.core.webui.keyword.internal.WebUIKeywordMain.stepFailed(WebUIKeywordMain.groovy:64)
	at com.kms.katalon.core.webui.keyword.builtin.VerifyElementPresentKeyword$_verifyElementPresent_closure1.doCall(VerifyElementPresentKeyword.groovy:85)
	at com.kms.katalon.core.webui.keyword.builtin.VerifyElementPresentKeyword$_verifyElementPresent_closure1.call(VerifyElementPresentKeyword.groovy)
	at com.kms.katalon.core.webui.keyword.internal.WebUIKeywordMain.runKeyword(WebUIKeywordMain.groovy:20)
	at com.kms.katalon.core.webui.keyword.builtin.VerifyElementPresentKeyword.verifyElementPresent(VerifyElementPresentKeyword.groovy:92)
	at com.kms.katalon.core.webui.keyword.builtin.VerifyElementPresentKeyword.execute(VerifyElementPresentKeyword.groovy:68)
	at com.kms.katalon.core.keyword.internal.KeywordExecutor.executeKeywordForPlatform(KeywordExecutor.groovy:74)
	at com.kms.katalon.core.webui.keyword.WebUiBuiltInKeywords.verifyElementPresent(WebUiBuiltInKeywords.groovy:1464)
	at com.kms.katalon.core.webui.keyword.WebUiBuiltInKeywords$verifyElementPresent$1.call(Unknown Source)
	at SearchProfile_Generic_TC.run(SearchProfile_Generic_TC:109)
	at com.kms.katalon.core.main.ScriptEngine.run(ScriptEngine.java:194)
	at com.kms.katalon.core.main.ScriptEngine.runScriptAsRawText(ScriptEngine.java:119)
	at com.kms.katalon.core.main.TestCaseExecutor.runScript(TestCaseExecutor.java:442)
	at com.kms.katalon.core.main.TestCaseExecutor.doExecute(TestCaseExecutor.java:433)
	at com.kms.katalon.core.main.TestCaseExecutor.processExecutionPhase(TestCaseExecutor.java:412)
	at com.kms.katalon.core.main.TestCaseExecutor.accessMainPhase(TestCaseExecutor.java:404)
	at com.kms.katalon.core.main.TestCaseExecutor.execute(TestCaseExecutor.java:281)
	at com.kms.katalon.core.main.TestCaseExecutor.execute(TestCaseExecutor.java:363)
	at com.kms.katalon.core.main.TestCaseExecutor.execute(TestCaseExecutor.java:363)
	at com.kms.katalon.core.main.TestCaseExecutor.execute(TestCaseExecutor.java:363)
	at com.kms.katalon.core.main.TestSuiteExecutor.accessTestCaseMainPhase(TestSuiteExecutor.java:202)
	at com.kms.katalon.core.main.TestSuiteExecutor.accessTestSuiteMainPhase(TestSuiteExecutor.java:164)
	at com.kms.katalon.core.main.TestSuiteExecutor.execute(TestSuiteExecutor.java:105)
	at com.kms.katalon.core.main.TestCaseMain.startTestSuite(TestCaseMain.java:185)
	at com.kms.katalon.core.main.TestCaseMain$startTestSuite$0.call(Unknown Source)
	at TempTestSuite1656641001441.run(TempTestSuite1656641001441.groovy:36)
)
[[ATTACHMENT|E:\\Cloned-Project-Katalon\\VPS-Katalon\\Reports\\20220630_220315\\QA\\VSP-Bootstrap\\VSP-Profile-TestSuite\\20220630_220321\\1656650712735.png]]

2022-07-01 00:45:13 - [TEST_STEP][PASSED] - closeBrowser(): Browser is closed

2022-07-01 00:45:13 - [MESSAGE][PASSED] - Browser is closed

2022-07-01 00:45:13 - [TEST_STEP][PASSED] - ExecuteTC = findTestData(dataFile).getValue("Execute", row): null

2022-07-01 00:45:14 - [TEST_STEP][PASSED] - out.println("Value of Execute is : " + ExecuteTC): null

2022-07-01 00:45:14 - [TEST_STEP][PASSED] - switch (executionProfile): null

2022-07-01 00:45:14 - [TEST_STEP][PASSED] - case "QAProfile":: null

2022-07-01 00:45:14 - [TEST_STEP][PASSED] - appName = findTestData(dataFile).getValue("AppNameQA", row): null

2022-07-01 00:45:14 - [TEST_STEP][PASSED] - appID = findTestData(dataFile).getValue("AppIDQA", row): null

2022-07-01 00:45:14 - [TEST_STEP][PASSED] - break: null

2022-07-01 00:45:14 - [TEST_STEP][PASSED] - if (ExecuteTC.equalsIgnoreCase("Y")): Browser is closed

2022-07-01 00:45:14 - [TEST_STEP][PASSED] - out.println("Begin Record Number: " + row): null

2022-07-01 00:45:14 - [TEST_STEP][PASSED] - today = new java.util.Date(): null

2022-07-01 00:45:14 - [TEST_STEP][PASSED] - println(today): null

2022-07-01 00:45:14 - [TEST_STEP][PASSED] - datText = today: null

2022-07-01 00:45:14 - [TEST_STEP][PASSED] - adminSuiteBootstrap.loginFunctionality.login_AdminSuite(): adminSuiteBootstrap.loginFunctionality.login_AdminSuite is PASSED

2022-07-01 00:45:14 - [MESSAGE][INFO] - Starting 'Chrome' driver

2022-07-01 00:45:14 - [MESSAGE][INFO] - User set preference: ['acceptInsecureCerts', 'true']

2022-07-01 00:45:14 - [MESSAGE][INFO] - Action delay is set to 0 milliseconds

2022-07-01 00:45:16 - [MESSAGE][PASSED] - Browser is opened with url: 'https://qa.velocitypayment.com/admin/imtiaz'

2022-07-01 00:45:16 - [MESSAGE][PASSED] - Current window maximized

2022-07-01 00:45:17 - [MESSAGE][PASSED] - Object 'Object Repository/Login_Page/Login_Username' is present

2022-07-01 00:45:18 - [MESSAGE][PASSED] - Text 'iahmed' is set on object 'Object Repository/Login_Page/Login_Username'

2022-07-01 00:45:18 - [MESSAGE][PASSED] - Text 'hello2222' is set on object 'Object Repository/Login_Page/Login_Password'

2022-07-01 00:45:22 - [MESSAGE][PASSED] - Object: 'Object Repository/Login_Page/Login_Submit' is clicked on

2022-07-01 00:45:22 - [MESSAGE][PASSED] - adminSuiteBootstrap.loginFunctionality.login_AdminSuite is PASSED

2022-07-01 00:45:22 - [TEST_STEP][PASSED] - click(findTestObject(path_Dashboard + appName)): Object: 'Object Repository/AdminSuiteBootstrap_Pages/Dashboard_Bootstrap/a_Access AutoNoCFtp' is clicked on

2022-07-01 00:45:23 - [MESSAGE][PASSED] - Object: 'Object Repository/AdminSuiteBootstrap_Pages/Dashboard_Bootstrap/a_Access AutoNoCFtp' is clicked on

2022-07-01 00:45:23 - [TEST_STEP][PASSED] - click(findTestObject(path_VT + "a_Find Profile")): Object: 'Object Repository/AdminSuiteBootstrap_Pages/VT_Bootstrap/IssueTransactions/a_Find Profile' is clicked on

2022-07-01 00:45:23 - [MESSAGE][PASSED] - Object: 'Object Repository/AdminSuiteBootstrap_Pages/VT_Bootstrap/IssueTransactions/a_Find Profile' is clicked on

2022-07-01 00:45:23 - [TEST_STEP][PASSED] - vspBootstrap.SearchProfilePage.setDataSearchProfile(row, dataFile): vspBootstrap.SearchProfilePage.setDataSearchProfile is PASSED

2022-07-01 00:45:24 - [MESSAGE][PASSED] - Text '21030' is set on object 'Object Repository/AdminSuiteBootstrap_Pages/VSP_Bootstrap/SearchProfile/input_Criteria'

2022-07-01 00:45:25 - [MESSAGE][PASSED] - All options with label 'ZIP/Postal Code' are selected in object 'Object Repository/AdminSuiteBootstrap_Pages/VSP_Bootstrap/SearchProfile/select_SearchBy'  using regular expression

2022-07-01 00:45:26 - [MESSAGE][PASSED] - Object: 'Object Repository/AdminSuiteBootstrap_Pages/VSP_Bootstrap/SearchProfile/button_Search' is clicked on

2022-07-01 00:45:26 - [MESSAGE][PASSED] - vspBootstrap.SearchProfilePage.setDataSearchProfile is PASSED

2022-07-01 00:45:26 - [TEST_STEP][PASSED] - verifyElementVisible(findTestObject(path_ViewProfile + "a_ProfileToBeSearched")): Object 'Object Repository/AdminSuiteBootstrap_Pages/VSP_Bootstrap/View Profile/a_ProfileToBeSearched' is visible

2022-07-01 00:45:27 - [MESSAGE][PASSED] - Object 'Object Repository/AdminSuiteBootstrap_Pages/VSP_Bootstrap/View Profile/a_ProfileToBeSearched' is visible

2022-07-01 00:45:27 - [TEST_STEP][PASSED] - verifyElementPresent(findTestObject(path_ViewProfile + "a_ProfileToBeSearched"), 30): Object 'Object Repository/AdminSuiteBootstrap_Pages/VSP_Bootstrap/View Profile/a_ProfileToBeSearched' is present

2022-07-01 00:45:27 - [MESSAGE][PASSED] - Object 'Object Repository/AdminSuiteBootstrap_Pages/VSP_Bootstrap/View Profile/a_ProfileToBeSearched' is present

2022-07-01 00:45:27 - [TEST_STEP][PASSED] - closeBrowser(): Browser is closed

2022-07-01 00:45:28 - [MESSAGE][PASSED] - Browser is closed

2022-07-01 00:45:28 - [TEST_STEP][PASSED] - ExecuteTC = findTestData(dataFile).getValue("Execute", row): null

2022-07-01 00:45:28 - [TEST_STEP][PASSED] - out.println("Value of Execute is : " + ExecuteTC): null

2022-07-01 00:45:28 - [TEST_STEP][PASSED] - switch (executionProfile): null

2022-07-01 00:45:28 - [TEST_STEP][PASSED] - case "QAProfile":: null

2022-07-01 00:45:28 - [TEST_STEP][PASSED] - appName = findTestData(dataFile).getValue("AppNameQA", row): null

2022-07-01 00:45:28 - [TEST_STEP][PASSED] - appID = findTestData(dataFile).getValue("AppIDQA", row): null

2022-07-01 00:45:28 - [TEST_STEP][PASSED] - break: null

2022-07-01 00:45:28 - [TEST_STEP][PASSED] - if (ExecuteTC.equalsIgnoreCase("Y")): Browser is closed

2022-07-01 00:45:28 - [TEST_STEP][PASSED] - out.println("Begin Record Number: " + row): null

2022-07-01 00:45:28 - [TEST_STEP][PASSED] - today = new java.util.Date(): null

2022-07-01 00:45:28 - [TEST_STEP][PASSED] - println(today): null

2022-07-01 00:45:28 - [TEST_STEP][PASSED] - datText = today: null

2022-07-01 00:45:28 - [TEST_STEP][PASSED] - adminSuiteBootstrap.loginFunctionality.login_AdminSuite(): adminSuiteBootstrap.loginFunctionality.login_AdminSuite is PASSED

2022-07-01 00:45:28 - [MESSAGE][INFO] - Starting 'Chrome' driver

2022-07-01 00:45:28 - [MESSAGE][INFO] - User set preference: ['acceptInsecureCerts', 'true']

2022-07-01 00:45:28 - [MESSAGE][INFO] - Action delay is set to 0 milliseconds

2022-07-01 00:45:31 - [MESSAGE][PASSED] - Browser is opened with url: 'https://qa.velocitypayment.com/admin/imtiaz'

2022-07-01 00:45:32 - [MESSAGE][PASSED] - Current window maximized

2022-07-01 00:45:32 - [MESSAGE][PASSED] - Object 'Object Repository/Login_Page/Login_Username' is present

2022-07-01 00:45:33 - [MESSAGE][PASSED] - Text 'iahmed' is set on object 'Object Repository/Login_Page/Login_Username'

2022-07-01 00:45:33 - [MESSAGE][PASSED] - Text 'hello2222' is set on object 'Object Repository/Login_Page/Login_Password'

2022-07-01 00:45:38 - [MESSAGE][PASSED] - Object: 'Object Repository/Login_Page/Login_Submit' is clicked on

2022-07-01 00:45:38 - [MESSAGE][PASSED] - adminSuiteBootstrap.loginFunctionality.login_AdminSuite is PASSED

2022-07-01 00:45:38 - [TEST_STEP][PASSED] - click(findTestObject(path_Dashboard + appName)): Object: 'Object Repository/AdminSuiteBootstrap_Pages/Dashboard_Bootstrap/a_Access AutoNoCFtp' is clicked on

2022-07-01 00:45:39 - [MESSAGE][PASSED] - Object: 'Object Repository/AdminSuiteBootstrap_Pages/Dashboard_Bootstrap/a_Access AutoNoCFtp' is clicked on

2022-07-01 00:45:39 - [TEST_STEP][PASSED] - click(findTestObject(path_VT + "a_Find Profile")): Object: 'Object Repository/AdminSuiteBootstrap_Pages/VT_Bootstrap/IssueTransactions/a_Find Profile' is clicked on

2022-07-01 00:45:39 - [MESSAGE][PASSED] - Object: 'Object Repository/AdminSuiteBootstrap_Pages/VT_Bootstrap/IssueTransactions/a_Find Profile' is clicked on

2022-07-01 00:45:39 - [TEST_STEP][PASSED] - vspBootstrap.SearchProfilePage.setDataSearchProfile(row, dataFile): vspBootstrap.SearchProfilePage.setDataSearchProfile is PASSED

2022-07-01 00:45:40 - [MESSAGE][PASSED] - Text 'PTBS Company' is set on object 'Object Repository/AdminSuiteBootstrap_Pages/VSP_Bootstrap/SearchProfile/input_Criteria'

2022-07-01 00:45:41 - [MESSAGE][PASSED] - All options with label 'Company Name' are selected in object 'Object Repository/AdminSuiteBootstrap_Pages/VSP_Bootstrap/SearchProfile/select_SearchBy'  using regular expression

2022-07-01 00:45:43 - [MESSAGE][PASSED] - Object: 'Object Repository/AdminSuiteBootstrap_Pages/VSP_Bootstrap/SearchProfile/button_Search' is clicked on

2022-07-01 00:45:43 - [MESSAGE][PASSED] - vspBootstrap.SearchProfilePage.setDataSearchProfile is PASSED

2022-07-01 00:45:43 - [TEST_STEP][PASSED] - verifyElementVisible(findTestObject(path_ViewProfile + "a_ProfileToBeSearched")): Object 'Object Repository/AdminSuiteBootstrap_Pages/VSP_Bootstrap/View Profile/a_ProfileToBeSearched' is visible

2022-07-01 00:45:44 - [MESSAGE][PASSED] - Object 'Object Repository/AdminSuiteBootstrap_Pages/VSP_Bootstrap/View Profile/a_ProfileToBeSearched' is visible

2022-07-01 00:45:44 - [TEST_STEP][PASSED] - verifyElementPresent(findTestObject(path_ViewProfile + "a_ProfileToBeSearched"), 30): Object 'Object Repository/AdminSuiteBootstrap_Pages/VSP_Bootstrap/View Profile/a_ProfileToBeSearched' is present

2022-07-01 00:45:44 - [MESSAGE][PASSED] - Object 'Object Repository/AdminSuiteBootstrap_Pages/VSP_Bootstrap/View Profile/a_ProfileToBeSearched' is present

2022-07-01 00:45:44 - [TEST_STEP][PASSED] - closeBrowser(): Browser is closed

2022-07-01 00:45:45 - [MESSAGE][PASSED] - Browser is closed

2022-07-01 00:45:45 - [TEST_STEP][PASSED] - ExecuteTC = findTestData(dataFile).getValue("Execute", row): null

2022-07-01 00:45:45 - [TEST_STEP][PASSED] - out.println("Value of Execute is : " + ExecuteTC): null

2022-07-01 00:45:45 - [TEST_STEP][PASSED] - switch (executionProfile): null

2022-07-01 00:45:45 - [TEST_STEP][PASSED] - case "QAProfile":: null

2022-07-01 00:45:45 - [TEST_STEP][PASSED] - appName = findTestData(dataFile).getValue("AppNameQA", row): null

2022-07-01 00:45:45 - [TEST_STEP][PASSED] - appID = findTestData(dataFile).getValue("AppIDQA", row): null

2022-07-01 00:45:45 - [TEST_STEP][PASSED] - break: null

2022-07-01 00:45:45 - [TEST_STEP][FAILED] - if (ExecuteTC.equalsIgnoreCase("Y")): null

2022-07-01 00:45:45 - [TEST_STEP][PASSED] - out.println("Begin Record Number: " + row): null

2022-07-01 00:45:45 - [TEST_STEP][PASSED] - today = new java.util.Date(): null

2022-07-01 00:45:45 - [TEST_STEP][PASSED] - println(today): null

2022-07-01 00:45:45 - [TEST_STEP][PASSED] - datText = today: null

2022-07-01 00:45:45 - [TEST_STEP][PASSED] - adminSuiteBootstrap.loginFunctionality.login_AdminSuite(): adminSuiteBootstrap.loginFunctionality.login_AdminSuite is PASSED

2022-07-01 00:45:45 - [MESSAGE][INFO] - Starting 'Chrome' driver

2022-07-01 00:45:45 - [MESSAGE][INFO] - User set preference: ['acceptInsecureCerts', 'true']

2022-07-01 00:45:45 - [MESSAGE][INFO] - Action delay is set to 0 milliseconds

2022-07-01 00:45:48 - [MESSAGE][PASSED] - Browser is opened with url: 'https://qa.velocitypayment.com/admin/imtiaz'

2022-07-01 00:45:48 - [MESSAGE][PASSED] - Current window maximized

2022-07-01 00:45:49 - [MESSAGE][PASSED] - Object 'Object Repository/Login_Page/Login_Username' is present

2022-07-01 00:45:49 - [MESSAGE][PASSED] - Text 'iahmed' is set on object 'Object Repository/Login_Page/Login_Username'

2022-07-01 00:45:50 - [MESSAGE][PASSED] - Text 'hello2222' is set on object 'Object Repository/Login_Page/Login_Password'

2022-07-01 00:45:51 - [MESSAGE][PASSED] - Object: 'Object Repository/Login_Page/Login_Submit' is clicked on

2022-07-01 00:45:51 - [MESSAGE][PASSED] - adminSuiteBootstrap.loginFunctionality.login_AdminSuite is PASSED

2022-07-01 00:45:51 - [TEST_STEP][FAILED] - click(findTestObject(path_Dashboard + appName)): Unable to click on object 'Object Repository/AdminSuiteBootstrap_Pages/Dashboard_Bootstrap/a_Access AutoNoCFtp' (Root cause: com.kms.katalon.core.exception.StepFailedException: Unable to click on object 'Object Repository/AdminSuiteBootstrap_Pages/Dashboard_Bootstrap/a_Access AutoNoCFtp'
	at com.kms.katalon.core.webui.keyword.internal.WebUIKeywordMain.stepFailed(WebUIKeywordMain.groovy:64)
	at com.kms.katalon.core.webui.keyword.internal.WebUIKeywordMain.runKeyword(WebUIKeywordMain.groovy:26)
	at com.kms.katalon.core.webui.keyword.builtin.ClickKeyword.click(ClickKeyword.groovy:74)
	at com.kms.katalon.core.webui.keyword.builtin.ClickKeyword.execute(ClickKeyword.groovy:40)
	at com.kms.katalon.core.keyword.internal.KeywordExecutor.executeKeywordForPlatform(KeywordExecutor.groovy:74)
	at com.kms.katalon.core.webui.keyword.WebUiBuiltInKeywords.click(WebUiBuiltInKeywords.groovy:620)
	at com.kms.katalon.core.webui.keyword.WebUiBuiltInKeywords$click$3.call(Unknown Source)
	at SearchProfile_Generic_TC.run(SearchProfile_Generic_TC:99)
	at com.kms.katalon.core.main.ScriptEngine.run(ScriptEngine.java:194)
	at com.kms.katalon.core.main.ScriptEngine.runScriptAsRawText(ScriptEngine.java:119)
	at com.kms.katalon.core.main.TestCaseExecutor.runScript(TestCaseExecutor.java:442)
	at com.kms.katalon.core.main.TestCaseExecutor.doExecute(TestCaseExecutor.java:433)
	at com.kms.katalon.core.main.TestCaseExecutor.processExecutionPhase(TestCaseExecutor.java:412)
	at com.kms.katalon.core.main.TestCaseExecutor.accessMainPhase(TestCaseExecutor.java:404)
	at com.kms.katalon.core.main.TestCaseExecutor.execute(TestCaseExecutor.java:281)
	at com.kms.katalon.core.main.TestCaseExecutor.execute(TestCaseExecutor.java:363)
	at com.kms.katalon.core.main.TestCaseExecutor.execute(TestCaseExecutor.java:363)
	at com.kms.katalon.core.main.TestCaseExecutor.execute(TestCaseExecutor.java:363)
	at com.kms.katalon.core.main.TestSuiteExecutor.accessTestCaseMainPhase(TestSuiteExecutor.java:202)
	at com.kms.katalon.core.main.TestSuiteExecutor.accessTestSuiteMainPhase(TestSuiteExecutor.java:164)
	at com.kms.katalon.core.main.TestSuiteExecutor.execute(TestSuiteExecutor.java:105)
	at com.kms.katalon.core.main.TestCaseMain.startTestSuite(TestCaseMain.java:185)
	at com.kms.katalon.core.main.TestCaseMain$startTestSuite$0.call(Unknown Source)
	at TempTestSuite1656641001441.run(TempTestSuite1656641001441.groovy:36)
Caused by: com.kms.katalon.core.webui.exception.WebElementNotFoundException: Web element with id: 'Object Repository/AdminSuiteBootstrap_Pages/Dashboard_Bootstrap/a_Access AutoNoCFtp' located by '//*[@href = '/admin/imtiaz/bootstrap/vpos/742/' and (text() = 'Access AutoNoCFtp' or . = 'Access AutoNoCFtp')]' not found
	at com.kms.katalon.core.webui.common.WebUiCommonHelper.findWebElement(WebUiCommonHelper.java:1370)
	at com.kms.katalon.core.webui.keyword.internal.WebUIAbstractKeyword.findWebElement(WebUIAbstractKeyword.groovy:27)
	at com.kms.katalon.core.webui.keyword.builtin.ClickKeyword$_click_closure1.doCall(ClickKeyword.groovy:65)
	at com.kms.katalon.core.webui.keyword.builtin.ClickKeyword$_click_closure1.call(ClickKeyword.groovy)
	at com.kms.katalon.core.webui.keyword.internal.WebUIKeywordMain.runKeyword(WebUIKeywordMain.groovy:20)
	at com.kms.katalon.core.webui.keyword.builtin.ClickKeyword.click(ClickKeyword.groovy:74)
	at com.kms.katalon.core.webui.keyword.builtin.ClickKeyword.execute(ClickKeyword.groovy:40)
	at com.kms.katalon.core.keyword.internal.KeywordExecutor.executeKeywordForPlatform(KeywordExecutor.groovy:74)
	at com.kms.katalon.core.webui.keyword.WebUiBuiltInKeywords.click(WebUiBuiltInKeywords.groovy:620)
	at com.kms.katalon.core.webui.keyword.WebUiBuiltInKeywords$click$3.call(Unknown Source)
	at Script1653004110626.run(Script1653004110626.groovy:99)
	... 16 more
)

2022-07-01 00:46:22 - [MESSAGE][INFO] - Unable to find the element located by 'By.xpath: //*[@href = '/admin/imtiaz/bootstrap/vpos/742/' and (text() = 'Access AutoNoCFtp' or . = 'Access AutoNoCFtp')]'. Please recheck the objects properties to make sure the desired element is located. 

2022-07-01 00:46:22 - [MESSAGE][FAILED] - Unable to click on object 'Object Repository/AdminSuiteBootstrap_Pages/Dashboard_Bootstrap/a_Access AutoNoCFtp' (Root cause: com.kms.katalon.core.exception.StepFailedException: Unable to click on object 'Object Repository/AdminSuiteBootstrap_Pages/Dashboard_Bootstrap/a_Access AutoNoCFtp'
	at com.kms.katalon.core.webui.keyword.internal.WebUIKeywordMain.stepFailed(WebUIKeywordMain.groovy:64)
	at com.kms.katalon.core.webui.keyword.internal.WebUIKeywordMain.runKeyword(WebUIKeywordMain.groovy:26)
	at com.kms.katalon.core.webui.keyword.builtin.ClickKeyword.click(ClickKeyword.groovy:74)
	at com.kms.katalon.core.webui.keyword.builtin.ClickKeyword.execute(ClickKeyword.groovy:40)
	at com.kms.katalon.core.keyword.internal.KeywordExecutor.executeKeywordForPlatform(KeywordExecutor.groovy:74)
	at com.kms.katalon.core.webui.keyword.WebUiBuiltInKeywords.click(WebUiBuiltInKeywords.groovy:620)
	at com.kms.katalon.core.webui.keyword.WebUiBuiltInKeywords$click$3.call(Unknown Source)
	at SearchProfile_Generic_TC.run(SearchProfile_Generic_TC:99)
	at com.kms.katalon.core.main.ScriptEngine.run(ScriptEngine.java:194)
	at com.kms.katalon.core.main.ScriptEngine.runScriptAsRawText(ScriptEngine.java:119)
	at com.kms.katalon.core.main.TestCaseExecutor.runScript(TestCaseExecutor.java:442)
	at com.kms.katalon.core.main.TestCaseExecutor.doExecute(TestCaseExecutor.java:433)
	at com.kms.katalon.core.main.TestCaseExecutor.processExecutionPhase(TestCaseExecutor.java:412)
	at com.kms.katalon.core.main.TestCaseExecutor.accessMainPhase(TestCaseExecutor.java:404)
	at com.kms.katalon.core.main.TestCaseExecutor.execute(TestCaseExecutor.java:281)
	at com.kms.katalon.core.main.TestCaseExecutor.execute(TestCaseExecutor.java:363)
	at com.kms.katalon.core.main.TestCaseExecutor.execute(TestCaseExecutor.java:363)
	at com.kms.katalon.core.main.TestCaseExecutor.execute(TestCaseExecutor.java:363)
	at com.kms.katalon.core.main.TestSuiteExecutor.accessTestCaseMainPhase(TestSuiteExecutor.java:202)
	at com.kms.katalon.core.main.TestSuiteExecutor.accessTestSuiteMainPhase(TestSuiteExecutor.java:164)
	at com.kms.katalon.core.main.TestSuiteExecutor.execute(TestSuiteExecutor.java:105)
	at com.kms.katalon.core.main.TestCaseMain.startTestSuite(TestCaseMain.java:185)
	at com.kms.katalon.core.main.TestCaseMain$startTestSuite$0.call(Unknown Source)
	at TempTestSuite1656641001441.run(TempTestSuite1656641001441.groovy:36)
Caused by: com.kms.katalon.core.webui.exception.WebElementNotFoundException: Web element with id: 'Object Repository/AdminSuiteBootstrap_Pages/Dashboard_Bootstrap/a_Access AutoNoCFtp' located by '//*[@href = '/admin/imtiaz/bootstrap/vpos/742/' and (text() = 'Access AutoNoCFtp' or . = 'Access AutoNoCFtp')]' not found
	at com.kms.katalon.core.webui.common.WebUiCommonHelper.findWebElement(WebUiCommonHelper.java:1370)
	at com.kms.katalon.core.webui.keyword.internal.WebUIAbstractKeyword.findWebElement(WebUIAbstractKeyword.groovy:27)
	at com.kms.katalon.core.webui.keyword.builtin.ClickKeyword$_click_closure1.doCall(ClickKeyword.groovy:65)
	at com.kms.katalon.core.webui.keyword.builtin.ClickKeyword$_click_closure1.call(ClickKeyword.groovy)
	at com.kms.katalon.core.webui.keyword.internal.WebUIKeywordMain.runKeyword(WebUIKeywordMain.groovy:20)
	at com.kms.katalon.core.webui.keyword.builtin.ClickKeyword.click(ClickKeyword.groovy:74)
	at com.kms.katalon.core.webui.keyword.builtin.ClickKeyword.execute(ClickKeyword.groovy:40)
	at com.kms.katalon.core.keyword.internal.KeywordExecutor.executeKeywordForPlatform(KeywordExecutor.groovy:74)
	at com.kms.katalon.core.webui.keyword.WebUiBuiltInKeywords.click(WebUiBuiltInKeywords.groovy:620)
	at com.kms.katalon.core.webui.keyword.WebUiBuiltInKeywords$click$3.call(Unknown Source)
	at Script1653004110626.run(Script1653004110626.groovy:99)
	... 16 more
)
[[ATTACHMENT|E:\\Cloned-Project-Katalon\\VPS-Katalon\\Reports\\20220630_220315\\QA\\VSP-Bootstrap\\VSP-Profile-TestSuite\\20220630_220321\\1656650782400.png]]

2022-07-01 00:46:22 - [TEST_STEP][FAILED] - click(findTestObject(path_VT + "a_Find Profile")): Unable to click on object 'Object Repository/AdminSuiteBootstrap_Pages/VT_Bootstrap/IssueTransactions/a_Find Profile' (Root cause: com.kms.katalon.core.exception.StepFailedException: Unable to click on object 'Object Repository/AdminSuiteBootstrap_Pages/VT_Bootstrap/IssueTransactions/a_Find Profile'
	at com.kms.katalon.core.webui.keyword.internal.WebUIKeywordMain.stepFailed(WebUIKeywordMain.groovy:64)
	at com.kms.katalon.core.webui.keyword.internal.WebUIKeywordMain.runKeyword(WebUIKeywordMain.groovy:26)
	at com.kms.katalon.core.webui.keyword.builtin.ClickKeyword.click(ClickKeyword.groovy:74)
	at com.kms.katalon.core.webui.keyword.builtin.ClickKeyword.execute(ClickKeyword.groovy:40)
	at com.kms.katalon.core.keyword.internal.KeywordExecutor.executeKeywordForPlatform(KeywordExecutor.groovy:74)
	at com.kms.katalon.core.webui.keyword.WebUiBuiltInKeywords.click(WebUiBuiltInKeywords.groovy:620)
	at com.kms.katalon.core.webui.keyword.WebUiBuiltInKeywords$click$3.call(Unknown Source)
	at SearchProfile_Generic_TC.run(SearchProfile_Generic_TC:102)
	at com.kms.katalon.core.main.ScriptEngine.run(ScriptEngine.java:194)
	at com.kms.katalon.core.main.ScriptEngine.runScriptAsRawText(ScriptEngine.java:119)
	at com.kms.katalon.core.main.TestCaseExecutor.runScript(TestCaseExecutor.java:442)
	at com.kms.katalon.core.main.TestCaseExecutor.doExecute(TestCaseExecutor.java:433)
	at com.kms.katalon.core.main.TestCaseExecutor.processExecutionPhase(TestCaseExecutor.java:412)
	at com.kms.katalon.core.main.TestCaseExecutor.accessMainPhase(TestCaseExecutor.java:404)
	at com.kms.katalon.core.main.TestCaseExecutor.execute(TestCaseExecutor.java:281)
	at com.kms.katalon.core.main.TestCaseExecutor.execute(TestCaseExecutor.java:363)
	at com.kms.katalon.core.main.TestCaseExecutor.execute(TestCaseExecutor.java:363)
	at com.kms.katalon.core.main.TestCaseExecutor.execute(TestCaseExecutor.java:363)
	at com.kms.katalon.core.main.TestSuiteExecutor.accessTestCaseMainPhase(TestSuiteExecutor.java:202)
	at com.kms.katalon.core.main.TestSuiteExecutor.accessTestSuiteMainPhase(TestSuiteExecutor.java:164)
	at com.kms.katalon.core.main.TestSuiteExecutor.execute(TestSuiteExecutor.java:105)
	at com.kms.katalon.core.main.TestCaseMain.startTestSuite(TestCaseMain.java:185)
	at com.kms.katalon.core.main.TestCaseMain$startTestSuite$0.call(Unknown Source)
	at TempTestSuite1656641001441.run(TempTestSuite1656641001441.groovy:36)
Caused by: com.kms.katalon.core.webui.exception.WebElementNotFoundException: Web element with id: 'Object Repository/AdminSuiteBootstrap_Pages/VT_Bootstrap/IssueTransactions/a_Find Profile' located by '//*[@href = 'javascript:;' and (text() = 'Find Profile' or . = 'Find Profile')]' not found
	at com.kms.katalon.core.webui.common.WebUiCommonHelper.findWebElement(WebUiCommonHelper.java:1370)
	at com.kms.katalon.core.webui.keyword.internal.WebUIAbstractKeyword.findWebElement(WebUIAbstractKeyword.groovy:27)
	at com.kms.katalon.core.webui.keyword.builtin.ClickKeyword$_click_closure1.doCall(ClickKeyword.groovy:65)
	at com.kms.katalon.core.webui.keyword.builtin.ClickKeyword$_click_closure1.call(ClickKeyword.groovy)
	at com.kms.katalon.core.webui.keyword.internal.WebUIKeywordMain.runKeyword(WebUIKeywordMain.groovy:20)
	at com.kms.katalon.core.webui.keyword.builtin.ClickKeyword.click(ClickKeyword.groovy:74)
	at com.kms.katalon.core.webui.keyword.builtin.ClickKeyword.execute(ClickKeyword.groovy:40)
	at com.kms.katalon.core.keyword.internal.KeywordExecutor.executeKeywordForPlatform(KeywordExecutor.groovy:74)
	at com.kms.katalon.core.webui.keyword.WebUiBuiltInKeywords.click(WebUiBuiltInKeywords.groovy:620)
	at com.kms.katalon.core.webui.keyword.WebUiBuiltInKeywords$click$3.call(Unknown Source)
	at Script1653004110626.run(Script1653004110626.groovy:102)
	... 16 more
)

2022-07-01 00:46:53 - [MESSAGE][INFO] - Unable to find the element located by 'By.xpath: //*[@href = 'javascript:;' and (text() = 'Find Profile' or . = 'Find Profile')]'. Please recheck the objects properties to make sure the desired element is located. 

2022-07-01 00:46:54 - [MESSAGE][FAILED] - Unable to click on object 'Object Repository/AdminSuiteBootstrap_Pages/VT_Bootstrap/IssueTransactions/a_Find Profile' (Root cause: com.kms.katalon.core.exception.StepFailedException: Unable to click on object 'Object Repository/AdminSuiteBootstrap_Pages/VT_Bootstrap/IssueTransactions/a_Find Profile'
	at com.kms.katalon.core.webui.keyword.internal.WebUIKeywordMain.stepFailed(WebUIKeywordMain.groovy:64)
	at com.kms.katalon.core.webui.keyword.internal.WebUIKeywordMain.runKeyword(WebUIKeywordMain.groovy:26)
	at com.kms.katalon.core.webui.keyword.builtin.ClickKeyword.click(ClickKeyword.groovy:74)
	at com.kms.katalon.core.webui.keyword.builtin.ClickKeyword.execute(ClickKeyword.groovy:40)
	at com.kms.katalon.core.keyword.internal.KeywordExecutor.executeKeywordForPlatform(KeywordExecutor.groovy:74)
	at com.kms.katalon.core.webui.keyword.WebUiBuiltInKeywords.click(WebUiBuiltInKeywords.groovy:620)
	at com.kms.katalon.core.webui.keyword.WebUiBuiltInKeywords$click$3.call(Unknown Source)
	at SearchProfile_Generic_TC.run(SearchProfile_Generic_TC:102)
	at com.kms.katalon.core.main.ScriptEngine.run(ScriptEngine.java:194)
	at com.kms.katalon.core.main.ScriptEngine.runScriptAsRawText(ScriptEngine.java:119)
	at com.kms.katalon.core.main.TestCaseExecutor.runScript(TestCaseExecutor.java:442)
	at com.kms.katalon.core.main.TestCaseExecutor.doExecute(TestCaseExecutor.java:433)
	at com.kms.katalon.core.main.TestCaseExecutor.processExecutionPhase(TestCaseExecutor.java:412)
	at com.kms.katalon.core.main.TestCaseExecutor.accessMainPhase(TestCaseExecutor.java:404)
	at com.kms.katalon.core.main.TestCaseExecutor.execute(TestCaseExecutor.java:281)
	at com.kms.katalon.core.main.TestCaseExecutor.execute(TestCaseExecutor.java:363)
	at com.kms.katalon.core.main.TestCaseExecutor.execute(TestCaseExecutor.java:363)
	at com.kms.katalon.core.main.TestCaseExecutor.execute(TestCaseExecutor.java:363)
	at com.kms.katalon.core.main.TestSuiteExecutor.accessTestCaseMainPhase(TestSuiteExecutor.java:202)
	at com.kms.katalon.core.main.TestSuiteExecutor.accessTestSuiteMainPhase(TestSuiteExecutor.java:164)
	at com.kms.katalon.core.main.TestSuiteExecutor.execute(TestSuiteExecutor.java:105)
	at com.kms.katalon.core.main.TestCaseMain.startTestSuite(TestCaseMain.java:185)
	at com.kms.katalon.core.main.TestCaseMain$startTestSuite$0.call(Unknown Source)
	at TempTestSuite1656641001441.run(TempTestSuite1656641001441.groovy:36)
Caused by: com.kms.katalon.core.webui.exception.WebElementNotFoundException: Web element with id: 'Object Repository/AdminSuiteBootstrap_Pages/VT_Bootstrap/IssueTransactions/a_Find Profile' located by '//*[@href = 'javascript:;' and (text() = 'Find Profile' or . = 'Find Profile')]' not found
	at com.kms.katalon.core.webui.common.WebUiCommonHelper.findWebElement(WebUiCommonHelper.java:1370)
	at com.kms.katalon.core.webui.keyword.internal.WebUIAbstractKeyword.findWebElement(WebUIAbstractKeyword.groovy:27)
	at com.kms.katalon.core.webui.keyword.builtin.ClickKeyword$_click_closure1.doCall(ClickKeyword.groovy:65)
	at com.kms.katalon.core.webui.keyword.builtin.ClickKeyword$_click_closure1.call(ClickKeyword.groovy)
	at com.kms.katalon.core.webui.keyword.internal.WebUIKeywordMain.runKeyword(WebUIKeywordMain.groovy:20)
	at com.kms.katalon.core.webui.keyword.builtin.ClickKeyword.click(ClickKeyword.groovy:74)
	at com.kms.katalon.core.webui.keyword.builtin.ClickKeyword.execute(ClickKeyword.groovy:40)
	at com.kms.katalon.core.keyword.internal.KeywordExecutor.executeKeywordForPlatform(KeywordExecutor.groovy:74)
	at com.kms.katalon.core.webui.keyword.WebUiBuiltInKeywords.click(WebUiBuiltInKeywords.groovy:620)
	at com.kms.katalon.core.webui.keyword.WebUiBuiltInKeywords$click$3.call(Unknown Source)
	at Script1653004110626.run(Script1653004110626.groovy:102)
	... 16 more
)
[[ATTACHMENT|E:\\Cloned-Project-Katalon\\VPS-Katalon\\Reports\\20220630_220315\\QA\\VSP-Bootstrap\\VSP-Profile-TestSuite\\20220630_220321\\1656650813845.png]]

2022-07-01 00:46:54 - [TEST_STEP][FAILED] - vspBootstrap.SearchProfilePage.setDataSearchProfile(row, dataFile): com.kms.katalon.core.exception.StepFailedException: Unable to set text '411522633' of object 'Object Repository/AdminSuiteBootstrap_Pages/VSP_Bootstrap/SearchProfile/input_Criteria' (Root cause: com.kms.katalon.core.exception.StepFailedException: Unable to set text '411522633' of object 'Object Repository/AdminSuiteBootstrap_Pages/VSP_Bootstrap/SearchProfile/input_Criteria'
	at com.kms.katalon.core.webui.keyword.internal.WebUIKeywordMain.stepFailed(WebUIKeywordMain.groovy:64)
	at com.kms.katalon.core.webui.keyword.internal.WebUIKeywordMain.runKeyword(WebUIKeywordMain.groovy:26)
	at com.kms.katalon.core.webui.keyword.builtin.SetTextKeyword.setText(SetTextKeyword.groovy:66)
	at com.kms.katalon.core.webui.keyword.builtin.SetTextKeyword.execute(SetTextKeyword.groovy:37)
	at com.kms.katalon.core.keyword.internal.KeywordExecutor.executeKeywordForPlatform(KeywordExecutor.groovy:74)
	at com.kms.katalon.core.webui.keyword.WebUiBuiltInKeywords.setText(WebUiBuiltInKeywords.groovy:980)
	at com.kms.katalon.core.webui.keyword.WebUiBuiltInKeywords$setText$2.call(Unknown Source)
	at vspBootstrap.SearchProfilePage.setDataSearchProfile(SearchProfilePage.groovy:36)
	at vspBootstrap.SearchProfilePage.invokeMethod(SearchProfilePage.groovy)
	at com.kms.katalon.core.main.CustomKeywordDelegatingMetaClass.invokeStaticMethod(CustomKeywordDelegatingMetaClass.java:50)
	at SearchProfile_Generic_TC.run(SearchProfile_Generic_TC:105)
	at com.kms.katalon.core.main.ScriptEngine.run(ScriptEngine.java:194)
	at com.kms.katalon.core.main.ScriptEngine.runScriptAsRawText(ScriptEngine.java:119)
	at com.kms.katalon.core.main.TestCaseExecutor.runScript(TestCaseExecutor.java:442)
	at com.kms.katalon.core.main.TestCaseExecutor.doExecute(TestCaseExecutor.java:433)
	at com.kms.katalon.core.main.TestCaseExecutor.processExecutionPhase(TestCaseExecutor.java:412)
	at com.kms.katalon.core.main.TestCaseExecutor.accessMainPhase(TestCaseExecutor.java:404)
	at com.kms.katalon.core.main.TestCaseExecutor.execute(TestCaseExecutor.java:281)
	at com.kms.katalon.core.main.TestCaseExecutor.execute(TestCaseExecutor.java:363)
	at com.kms.katalon.core.main.TestCaseExecutor.execute(TestCaseExecutor.java:363)
	at com.kms.katalon.core.main.TestCaseExecutor.execute(TestCaseExecutor.java:363)
	at com.kms.katalon.core.main.TestSuiteExecutor.accessTestCaseMainPhase(TestSuiteExecutor.java:202)
	at com.kms.katalon.core.main.TestSuiteExecutor.accessTestSuiteMainPhase(TestSuiteExecutor.java:164)
	at com.kms.katalon.core.main.TestSuiteExecutor.execute(TestSuiteExecutor.java:105)
	at com.kms.katalon.core.main.TestCaseMain.startTestSuite(TestCaseMain.java:185)
	at com.kms.katalon.core.main.TestCaseMain$startTestSuite$0.call(Unknown Source)
	at TempTestSuite1656641001441.run(TempTestSuite1656641001441.groovy:36)
Caused by: com.kms.katalon.core.webui.exception.WebElementNotFoundException: Web element with id: 'Object Repository/AdminSuiteBootstrap_Pages/VSP_Bootstrap/SearchProfile/input_Criteria' located by '//*[@type = 'text' and @name = 'searchString']' not found
	at com.kms.katalon.core.webui.common.WebUiCommonHelper.findWebElement(WebUiCommonHelper.java:1370)
	at com.kms.katalon.core.webui.keyword.internal.WebUIAbstractKeyword.findWebElement(WebUIAbstractKeyword.groovy:27)
	at com.kms.katalon.core.webui.keyword.internal.WebUIAbstractKeyword.findWebElement(WebUIAbstractKeyword.groovy:26)
	at com.kms.katalon.core.webui.keyword.builtin.SetTextKeyword$_setText_closure1.doCall(SetTextKeyword.groovy:51)
	at com.kms.katalon.core.webui.keyword.builtin.SetTextKeyword$_setText_closure1.call(SetTextKeyword.groovy)
	at com.kms.katalon.core.webui.keyword.internal.WebUIKeywordMain.runKeyword(WebUIKeywordMain.groovy:20)
	at com.kms.katalon.core.webui.keyword.builtin.SetTextKeyword.setText(SetTextKeyword.groovy:66)
	at com.kms.katalon.core.webui.keyword.builtin.SetTextKeyword.execute(SetTextKeyword.groovy:37)
	at com.kms.katalon.core.keyword.internal.KeywordExecutor.executeKeywordForPlatform(KeywordExecutor.groovy:74)
	at com.kms.katalon.core.webui.keyword.WebUiBuiltInKeywords.setText(WebUiBuiltInKeywords.groovy:980)
	at com.kms.katalon.core.webui.keyword.WebUiBuiltInKeywords$setText$2.call(Unknown Source)
	at vspBootstrap.SearchProfilePage.setDataSearchProfile(SearchProfilePage.groovy:36)
	at vspBootstrap.SearchProfilePage.invokeMethod(SearchProfilePage.groovy)
	at com.kms.katalon.core.main.CustomKeywordDelegatingMetaClass.invokeStaticMethod(CustomKeywordDelegatingMetaClass.java:50)
	at Script1653004110626.run(Script1653004110626.groovy:105)
	... 16 more
)

2022-07-01 00:47:25 - [MESSAGE][INFO] - Unable to find the element located by 'By.xpath: //*[@type = 'text' and @name = 'searchString']'. Please recheck the objects properties to make sure the desired element is located. 

2022-07-01 00:47:25 - [MESSAGE][FAILED] - Unable to set text '411522633' of object 'Object Repository/AdminSuiteBootstrap_Pages/VSP_Bootstrap/SearchProfile/input_Criteria' (Root cause: com.kms.katalon.core.exception.StepFailedException: Unable to set text '411522633' of object 'Object Repository/AdminSuiteBootstrap_Pages/VSP_Bootstrap/SearchProfile/input_Criteria'
	at com.kms.katalon.core.webui.keyword.internal.WebUIKeywordMain.stepFailed(WebUIKeywordMain.groovy:64)
	at com.kms.katalon.core.webui.keyword.internal.WebUIKeywordMain.runKeyword(WebUIKeywordMain.groovy:26)
	at com.kms.katalon.core.webui.keyword.builtin.SetTextKeyword.setText(SetTextKeyword.groovy:66)
	at com.kms.katalon.core.webui.keyword.builtin.SetTextKeyword.execute(SetTextKeyword.groovy:37)
	at com.kms.katalon.core.keyword.internal.KeywordExecutor.executeKeywordForPlatform(KeywordExecutor.groovy:74)
	at com.kms.katalon.core.webui.keyword.WebUiBuiltInKeywords.setText(WebUiBuiltInKeywords.groovy:980)
	at com.kms.katalon.core.webui.keyword.WebUiBuiltInKeywords$setText$2.call(Unknown Source)
	at vspBootstrap.SearchProfilePage.setDataSearchProfile(SearchProfilePage.groovy:36)
	at vspBootstrap.SearchProfilePage.invokeMethod(SearchProfilePage.groovy)
	at com.kms.katalon.core.main.CustomKeywordDelegatingMetaClass.invokeStaticMethod(CustomKeywordDelegatingMetaClass.java:50)
	at SearchProfile_Generic_TC.run(SearchProfile_Generic_TC:105)
	at com.kms.katalon.core.main.ScriptEngine.run(ScriptEngine.java:194)
	at com.kms.katalon.core.main.ScriptEngine.runScriptAsRawText(ScriptEngine.java:119)
	at com.kms.katalon.core.main.TestCaseExecutor.runScript(TestCaseExecutor.java:442)
	at com.kms.katalon.core.main.TestCaseExecutor.doExecute(TestCaseExecutor.java:433)
	at com.kms.katalon.core.main.TestCaseExecutor.processExecutionPhase(TestCaseExecutor.java:412)
	at com.kms.katalon.core.main.TestCaseExecutor.accessMainPhase(TestCaseExecutor.java:404)
	at com.kms.katalon.core.main.TestCaseExecutor.execute(TestCaseExecutor.java:281)
	at com.kms.katalon.core.main.TestCaseExecutor.execute(TestCaseExecutor.java:363)
	at com.kms.katalon.core.main.TestCaseExecutor.execute(TestCaseExecutor.java:363)
	at com.kms.katalon.core.main.TestCaseExecutor.execute(TestCaseExecutor.java:363)
	at com.kms.katalon.core.main.TestSuiteExecutor.accessTestCaseMainPhase(TestSuiteExecutor.java:202)
	at com.kms.katalon.core.main.TestSuiteExecutor.accessTestSuiteMainPhase(TestSuiteExecutor.java:164)
	at com.kms.katalon.core.main.TestSuiteExecutor.execute(TestSuiteExecutor.java:105)
	at com.kms.katalon.core.main.TestCaseMain.startTestSuite(TestCaseMain.java:185)
	at com.kms.katalon.core.main.TestCaseMain$startTestSuite$0.call(Unknown Source)
	at TempTestSuite1656641001441.run(TempTestSuite1656641001441.groovy:36)
Caused by: com.kms.katalon.core.webui.exception.WebElementNotFoundException: Web element with id: 'Object Repository/AdminSuiteBootstrap_Pages/VSP_Bootstrap/SearchProfile/input_Criteria' located by '//*[@type = 'text' and @name = 'searchString']' not found
	at com.kms.katalon.core.webui.common.WebUiCommonHelper.findWebElement(WebUiCommonHelper.java:1370)
	at com.kms.katalon.core.webui.keyword.internal.WebUIAbstractKeyword.findWebElement(WebUIAbstractKeyword.groovy:27)
	at com.kms.katalon.core.webui.keyword.internal.WebUIAbstractKeyword.findWebElement(WebUIAbstractKeyword.groovy:26)
	at com.kms.katalon.core.webui.keyword.builtin.SetTextKeyword$_setText_closure1.doCall(SetTextKeyword.groovy:51)
	at com.kms.katalon.core.webui.keyword.builtin.SetTextKeyword$_setText_closure1.call(SetTextKeyword.groovy)
	at com.kms.katalon.core.webui.keyword.internal.WebUIKeywordMain.runKeyword(WebUIKeywordMain.groovy:20)
	at com.kms.katalon.core.webui.keyword.builtin.SetTextKeyword.setText(SetTextKeyword.groovy:66)
	at com.kms.katalon.core.webui.keyword.builtin.SetTextKeyword.execute(SetTextKeyword.groovy:37)
	at com.kms.katalon.core.keyword.internal.KeywordExecutor.executeKeywordForPlatform(KeywordExecutor.groovy:74)
	at com.kms.katalon.core.webui.keyword.WebUiBuiltInKeywords.setText(WebUiBuiltInKeywords.groovy:980)
	at com.kms.katalon.core.webui.keyword.WebUiBuiltInKeywords$setText$2.call(Unknown Source)
	at vspBootstrap.SearchProfilePage.setDataSearchProfile(SearchProfilePage.groovy:36)
	at vspBootstrap.SearchProfilePage.invokeMethod(SearchProfilePage.groovy)
	at com.kms.katalon.core.main.CustomKeywordDelegatingMetaClass.invokeStaticMethod(CustomKeywordDelegatingMetaClass.java:50)
	at Script1653004110626.run(Script1653004110626.groovy:105)
	... 16 more
)
[[ATTACHMENT|E:\\Cloned-Project-Katalon\\VPS-Katalon\\Reports\\20220630_220315\\QA\\VSP-Bootstrap\\VSP-Profile-TestSuite\\20220630_220321\\1656650845536.png]]

2022-07-01 00:47:57 - [MESSAGE][INFO] - Unable to find the element located by 'By.xpath: //*[@id = 'exampleSelect1' and @name = 'searchField']'. Please recheck the objects properties to make sure the desired element is located. 

2022-07-01 00:47:57 - [MESSAGE][FAILED] - Unable to select option by label 'Account Number' of object 'Object Repository/AdminSuiteBootstrap_Pages/VSP_Bootstrap/SearchProfile/select_SearchBy'  using regular expression (Root cause: com.kms.katalon.core.exception.StepFailedException: Unable to select option by label 'Account Number' of object 'Object Repository/AdminSuiteBootstrap_Pages/VSP_Bootstrap/SearchProfile/select_SearchBy'  using regular expression
	at com.kms.katalon.core.webui.keyword.internal.WebUIKeywordMain.stepFailed(WebUIKeywordMain.groovy:64)
	at com.kms.katalon.core.webui.keyword.internal.WebUIKeywordMain.runKeyword(WebUIKeywordMain.groovy:26)
	at com.kms.katalon.core.webui.keyword.builtin.SelectOptionByLabelKeyword.selectOptionByLabel(SelectOptionByLabelKeyword.groovy:98)
	at com.kms.katalon.core.webui.keyword.builtin.SelectOptionByLabelKeyword.execute(SelectOptionByLabelKeyword.groovy:71)
	at com.kms.katalon.core.keyword.internal.KeywordExecutor.executeKeywordForPlatform(KeywordExecutor.groovy:74)
	at com.kms.katalon.core.webui.keyword.WebUiBuiltInKeywords.selectOptionByLabel(WebUiBuiltInKeywords.groovy:1230)
	at com.kms.katalon.core.webui.keyword.WebUiBuiltInKeywords$selectOptionByLabel$4.call(Unknown Source)
	at vspBootstrap.SearchProfilePage.setDataSearchProfile(SearchProfilePage.groovy:37)
	at vspBootstrap.SearchProfilePage.invokeMethod(SearchProfilePage.groovy)
	at com.kms.katalon.core.main.CustomKeywordDelegatingMetaClass.invokeStaticMethod(CustomKeywordDelegatingMetaClass.java:50)
	at SearchProfile_Generic_TC.run(SearchProfile_Generic_TC:105)
	at com.kms.katalon.core.main.ScriptEngine.run(ScriptEngine.java:194)
	at com.kms.katalon.core.main.ScriptEngine.runScriptAsRawText(ScriptEngine.java:119)
	at com.kms.katalon.core.main.TestCaseExecutor.runScript(TestCaseExecutor.java:442)
	at com.kms.katalon.core.main.TestCaseExecutor.doExecute(TestCaseExecutor.java:433)
	at com.kms.katalon.core.main.TestCaseExecutor.processExecutionPhase(TestCaseExecutor.java:412)
	at com.kms.katalon.core.main.TestCaseExecutor.accessMainPhase(TestCaseExecutor.java:404)
	at com.kms.katalon.core.main.TestCaseExecutor.execute(TestCaseExecutor.java:281)
	at com.kms.katalon.core.main.TestCaseExecutor.execute(TestCaseExecutor.java:363)
	at com.kms.katalon.core.main.TestCaseExecutor.execute(TestCaseExecutor.java:363)
	at com.kms.katalon.core.main.TestCaseExecutor.execute(TestCaseExecutor.java:363)
	at com.kms.katalon.core.main.TestSuiteExecutor.accessTestCaseMainPhase(TestSuiteExecutor.java:202)
	at com.kms.katalon.core.main.TestSuiteExecutor.accessTestSuiteMainPhase(TestSuiteExecutor.java:164)
	at com.kms.katalon.core.main.TestSuiteExecutor.execute(TestSuiteExecutor.java:105)
	at com.kms.katalon.core.main.TestCaseMain.startTestSuite(TestCaseMain.java:185)
	at com.kms.katalon.core.main.TestCaseMain$startTestSuite$0.call(Unknown Source)
	at TempTestSuite1656641001441.run(TempTestSuite1656641001441.groovy:36)
Caused by: com.kms.katalon.core.webui.exception.WebElementNotFoundException: Web element with id: 'Object Repository/AdminSuiteBootstrap_Pages/VSP_Bootstrap/SearchProfile/select_SearchBy' located by '//*[@id = 'exampleSelect1' and @name = 'searchField']' not found
	at com.kms.katalon.core.webui.common.WebUiCommonHelper.findWebElement(WebUiCommonHelper.java:1370)
	at com.kms.katalon.core.webui.keyword.internal.WebUIAbstractKeyword.findWebElement(WebUIAbstractKeyword.groovy:27)
	at com.kms.katalon.core.webui.keyword.internal.WebUIAbstractKeyword.findWebElement(WebUIAbstractKeyword.groovy:26)
	at com.kms.katalon.core.webui.keyword.builtin.SelectOptionByLabelKeyword$_selectOptionByLabel_closure1.doCall(SelectOptionByLabelKeyword.groovy:86)
	at com.kms.katalon.core.webui.keyword.builtin.SelectOptionByLabelKeyword$_selectOptionByLabel_closure1.call(SelectOptionByLabelKeyword.groovy)
	at com.kms.katalon.core.webui.keyword.internal.WebUIKeywordMain.runKeyword(WebUIKeywordMain.groovy:20)
	at com.kms.katalon.core.webui.keyword.builtin.SelectOptionByLabelKeyword.selectOptionByLabel(SelectOptionByLabelKeyword.groovy:98)
	at com.kms.katalon.core.webui.keyword.builtin.SelectOptionByLabelKeyword.execute(SelectOptionByLabelKeyword.groovy:71)
	at com.kms.katalon.core.keyword.internal.KeywordExecutor.executeKeywordForPlatform(KeywordExecutor.groovy:74)
	at com.kms.katalon.core.webui.keyword.WebUiBuiltInKeywords.selectOptionByLabel(WebUiBuiltInKeywords.groovy:1230)
	at com.kms.katalon.core.webui.keyword.WebUiBuiltInKeywords$selectOptionByLabel$4.call(Unknown Source)
	at vspBootstrap.SearchProfilePage.setDataSearchProfile(SearchProfilePage.groovy:37)
	at vspBootstrap.SearchProfilePage.invokeMethod(SearchProfilePage.groovy)
	at com.kms.katalon.core.main.CustomKeywordDelegatingMetaClass.invokeStaticMethod(CustomKeywordDelegatingMetaClass.java:50)
	at Script1653004110626.run(Script1653004110626.groovy:105)
	... 16 more
)
[[ATTACHMENT|E:\\Cloned-Project-Katalon\\VPS-Katalon\\Reports\\20220630_220315\\QA\\VSP-Bootstrap\\VSP-Profile-TestSuite\\20220630_220321\\1656650877013.png]]

2022-07-01 00:48:28 - [MESSAGE][INFO] - Unable to find the element located by 'By.xpath: //*[@type = 'submit' and @name = 'searchButton' and @alt = 'Search' and (text() = '
                          Search' or . = '
                          Search')]'. Please recheck the objects properties to make sure the desired element is located. 

2022-07-01 00:48:28 - [MESSAGE][FAILED] - Unable to click on object 'Object Repository/AdminSuiteBootstrap_Pages/VSP_Bootstrap/SearchProfile/button_Search' (Root cause: com.kms.katalon.core.exception.StepFailedException: Unable to click on object 'Object Repository/AdminSuiteBootstrap_Pages/VSP_Bootstrap/SearchProfile/button_Search'
	at com.kms.katalon.core.webui.keyword.internal.WebUIKeywordMain.stepFailed(WebUIKeywordMain.groovy:64)
	at com.kms.katalon.core.webui.keyword.internal.WebUIKeywordMain.runKeyword(WebUIKeywordMain.groovy:26)
	at com.kms.katalon.core.webui.keyword.builtin.ClickKeyword.click(ClickKeyword.groovy:74)
	at com.kms.katalon.core.webui.keyword.builtin.ClickKeyword.execute(ClickKeyword.groovy:40)
	at com.kms.katalon.core.keyword.internal.KeywordExecutor.executeKeywordForPlatform(KeywordExecutor.groovy:74)
	at com.kms.katalon.core.webui.keyword.WebUiBuiltInKeywords.click(WebUiBuiltInKeywords.groovy:620)
	at com.kms.katalon.core.webui.keyword.WebUiBuiltInKeywords$click$3.call(Unknown Source)
	at vspBootstrap.SearchProfilePage.setDataSearchProfile(SearchProfilePage.groovy:39)
	at vspBootstrap.SearchProfilePage.invokeMethod(SearchProfilePage.groovy)
	at com.kms.katalon.core.main.CustomKeywordDelegatingMetaClass.invokeStaticMethod(CustomKeywordDelegatingMetaClass.java:50)
	at SearchProfile_Generic_TC.run(SearchProfile_Generic_TC:105)
	at com.kms.katalon.core.main.ScriptEngine.run(ScriptEngine.java:194)
	at com.kms.katalon.core.main.ScriptEngine.runScriptAsRawText(ScriptEngine.java:119)
	at com.kms.katalon.core.main.TestCaseExecutor.runScript(TestCaseExecutor.java:442)
	at com.kms.katalon.core.main.TestCaseExecutor.doExecute(TestCaseExecutor.java:433)
	at com.kms.katalon.core.main.TestCaseExecutor.processExecutionPhase(TestCaseExecutor.java:412)
	at com.kms.katalon.core.main.TestCaseExecutor.accessMainPhase(TestCaseExecutor.java:404)
	at com.kms.katalon.core.main.TestCaseExecutor.execute(TestCaseExecutor.java:281)
	at com.kms.katalon.core.main.TestCaseExecutor.execute(TestCaseExecutor.java:363)
	at com.kms.katalon.core.main.TestCaseExecutor.execute(TestCaseExecutor.java:363)
	at com.kms.katalon.core.main.TestCaseExecutor.execute(TestCaseExecutor.java:363)
	at com.kms.katalon.core.main.TestSuiteExecutor.accessTestCaseMainPhase(TestSuiteExecutor.java:202)
	at com.kms.katalon.core.main.TestSuiteExecutor.accessTestSuiteMainPhase(TestSuiteExecutor.java:164)
	at com.kms.katalon.core.main.TestSuiteExecutor.execute(TestSuiteExecutor.java:105)
	at com.kms.katalon.core.main.TestCaseMain.startTestSuite(TestCaseMain.java:185)
	at com.kms.katalon.core.main.TestCaseMain$startTestSuite$0.call(Unknown Source)
	at TempTestSuite1656641001441.run(TempTestSuite1656641001441.groovy:36)
Caused by: com.kms.katalon.core.webui.exception.WebElementNotFoundException: Web element with id: 'Object Repository/AdminSuiteBootstrap_Pages/VSP_Bootstrap/SearchProfile/button_Search' located by '//*[@type = 'submit' and @name = 'searchButton' and @alt = 'Search' and (text() = '
                          Search' or . = '
                          Search')]' not found
	at com.kms.katalon.core.webui.common.WebUiCommonHelper.findWebElement(WebUiCommonHelper.java:1370)
	at com.kms.katalon.core.webui.keyword.internal.WebUIAbstractKeyword.findWebElement(WebUIAbstractKeyword.groovy:27)
	at com.kms.katalon.core.webui.keyword.builtin.ClickKeyword$_click_closure1.doCall(ClickKeyword.groovy:65)
	at com.kms.katalon.core.webui.keyword.builtin.ClickKeyword$_click_closure1.call(ClickKeyword.groovy)
	at com.kms.katalon.core.webui.keyword.internal.WebUIKeywordMain.runKeyword(WebUIKeywordMain.groovy:20)
	at com.kms.katalon.core.webui.keyword.builtin.ClickKeyword.click(ClickKeyword.groovy:74)
	at com.kms.katalon.core.webui.keyword.builtin.ClickKeyword.execute(ClickKeyword.groovy:40)
	at com.kms.katalon.core.keyword.internal.KeywordExecutor.executeKeywordForPlatform(KeywordExecutor.groovy:74)
	at com.kms.katalon.core.webui.keyword.WebUiBuiltInKeywords.click(WebUiBuiltInKeywords.groovy:620)
	at com.kms.katalon.core.webui.keyword.WebUiBuiltInKeywords$click$3.call(Unknown Source)
	at vspBootstrap.SearchProfilePage.setDataSearchProfile(SearchProfilePage.groovy:39)
	at vspBootstrap.SearchProfilePage.invokeMethod(SearchProfilePage.groovy)
	at com.kms.katalon.core.main.CustomKeywordDelegatingMetaClass.invokeStaticMethod(CustomKeywordDelegatingMetaClass.java:50)
	at Script1653004110626.run(Script1653004110626.groovy:105)
	... 16 more
)
[[ATTACHMENT|E:\\Cloned-Project-Katalon\\VPS-Katalon\\Reports\\20220630_220315\\QA\\VSP-Bootstrap\\VSP-Profile-TestSuite\\20220630_220321\\1656650908469.png]]

2022-07-01 00:48:28 - [MESSAGE][FAILED] - com.kms.katalon.core.exception.StepFailedException: Unable to set text '411522633' of object 'Object Repository/AdminSuiteBootstrap_Pages/VSP_Bootstrap/SearchProfile/input_Criteria' (Root cause: com.kms.katalon.core.exception.StepFailedException: Unable to set text '411522633' of object 'Object Repository/AdminSuiteBootstrap_Pages/VSP_Bootstrap/SearchProfile/input_Criteria'
	at com.kms.katalon.core.webui.keyword.internal.WebUIKeywordMain.stepFailed(WebUIKeywordMain.groovy:64)
	at com.kms.katalon.core.webui.keyword.internal.WebUIKeywordMain.runKeyword(WebUIKeywordMain.groovy:26)
	at com.kms.katalon.core.webui.keyword.builtin.SetTextKeyword.setText(SetTextKeyword.groovy:66)
	at com.kms.katalon.core.webui.keyword.builtin.SetTextKeyword.execute(SetTextKeyword.groovy:37)
	at com.kms.katalon.core.keyword.internal.KeywordExecutor.executeKeywordForPlatform(KeywordExecutor.groovy:74)
	at com.kms.katalon.core.webui.keyword.WebUiBuiltInKeywords.setText(WebUiBuiltInKeywords.groovy:980)
	at com.kms.katalon.core.webui.keyword.WebUiBuiltInKeywords$setText$2.call(Unknown Source)
	at vspBootstrap.SearchProfilePage.setDataSearchProfile(SearchProfilePage.groovy:36)
	at vspBootstrap.SearchProfilePage.invokeMethod(SearchProfilePage.groovy)
	at com.kms.katalon.core.main.CustomKeywordDelegatingMetaClass.invokeStaticMethod(CustomKeywordDelegatingMetaClass.java:50)
	at SearchProfile_Generic_TC.run(SearchProfile_Generic_TC:105)
	at com.kms.katalon.core.main.ScriptEngine.run(ScriptEngine.java:194)
	at com.kms.katalon.core.main.ScriptEngine.runScriptAsRawText(ScriptEngine.java:119)
	at com.kms.katalon.core.main.TestCaseExecutor.runScript(TestCaseExecutor.java:442)
	at com.kms.katalon.core.main.TestCaseExecutor.doExecute(TestCaseExecutor.java:433)
	at com.kms.katalon.core.main.TestCaseExecutor.processExecutionPhase(TestCaseExecutor.java:412)
	at com.kms.katalon.core.main.TestCaseExecutor.accessMainPhase(TestCaseExecutor.java:404)
	at com.kms.katalon.core.main.TestCaseExecutor.execute(TestCaseExecutor.java:281)
	at com.kms.katalon.core.main.TestCaseExecutor.execute(TestCaseExecutor.java:363)
	at com.kms.katalon.core.main.TestCaseExecutor.execute(TestCaseExecutor.java:363)
	at com.kms.katalon.core.main.TestCaseExecutor.execute(TestCaseExecutor.java:363)
	at com.kms.katalon.core.main.TestSuiteExecutor.accessTestCaseMainPhase(TestSuiteExecutor.java:202)
	at com.kms.katalon.core.main.TestSuiteExecutor.accessTestSuiteMainPhase(TestSuiteExecutor.java:164)
	at com.kms.katalon.core.main.TestSuiteExecutor.execute(TestSuiteExecutor.java:105)
	at com.kms.katalon.core.main.TestCaseMain.startTestSuite(TestCaseMain.java:185)
	at com.kms.katalon.core.main.TestCaseMain$startTestSuite$0.call(Unknown Source)
	at TempTestSuite1656641001441.run(TempTestSuite1656641001441.groovy:36)
Caused by: com.kms.katalon.core.webui.exception.WebElementNotFoundException: Web element with id: 'Object Repository/AdminSuiteBootstrap_Pages/VSP_Bootstrap/SearchProfile/input_Criteria' located by '//*[@type = 'text' and @name = 'searchString']' not found
	at com.kms.katalon.core.webui.common.WebUiCommonHelper.findWebElement(WebUiCommonHelper.java:1370)
	at com.kms.katalon.core.webui.keyword.internal.WebUIAbstractKeyword.findWebElement(WebUIAbstractKeyword.groovy:27)
	at com.kms.katalon.core.webui.keyword.internal.WebUIAbstractKeyword.findWebElement(WebUIAbstractKeyword.groovy:26)
	at com.kms.katalon.core.webui.keyword.builtin.SetTextKeyword$_setText_closure1.doCall(SetTextKeyword.groovy:51)
	at com.kms.katalon.core.webui.keyword.builtin.SetTextKeyword$_setText_closure1.call(SetTextKeyword.groovy)
	at com.kms.katalon.core.webui.keyword.internal.WebUIKeywordMain.runKeyword(WebUIKeywordMain.groovy:20)
	at com.kms.katalon.core.webui.keyword.builtin.SetTextKeyword.setText(SetTextKeyword.groovy:66)
	at com.kms.katalon.core.webui.keyword.builtin.SetTextKeyword.execute(SetTextKeyword.groovy:37)
	at com.kms.katalon.core.keyword.internal.KeywordExecutor.executeKeywordForPlatform(KeywordExecutor.groovy:74)
	at com.kms.katalon.core.webui.keyword.WebUiBuiltInKeywords.setText(WebUiBuiltInKeywords.groovy:980)
	at com.kms.katalon.core.webui.keyword.WebUiBuiltInKeywords$setText$2.call(Unknown Source)
	at vspBootstrap.SearchProfilePage.setDataSearchProfile(SearchProfilePage.groovy:36)
	at vspBootstrap.SearchProfilePage.invokeMethod(SearchProfilePage.groovy)
	at com.kms.katalon.core.main.CustomKeywordDelegatingMetaClass.invokeStaticMethod(CustomKeywordDelegatingMetaClass.java:50)
	at Script1653004110626.run(Script1653004110626.groovy:105)
	... 16 more
)

2022-07-01 00:48:28 - [TEST_STEP][FAILED] - verifyElementVisible(findTestObject(path_ViewProfile + "a_ProfileToBeSearched")): Web element with id: 'Object Repository/AdminSuiteBootstrap_Pages/VSP_Bootstrap/View Profile/a_ProfileToBeSearched' located by '//a[contains(text(),'ProfileToBeSearched')]' not found (Root cause: com.kms.katalon.core.exception.StepFailedException: Web element with id: 'Object Repository/AdminSuiteBootstrap_Pages/VSP_Bootstrap/View Profile/a_ProfileToBeSearched' located by '//a[contains(text(),'ProfileToBeSearched')]' not found
	at com.kms.katalon.core.webui.keyword.internal.WebUIKeywordMain.stepFailed(WebUIKeywordMain.groovy:64)
	at com.kms.katalon.core.webui.keyword.builtin.VerifyElementVisibleKeyword$_verifyElementVisible_closure1.doCall(VerifyElementVisibleKeyword.groovy:89)
	at com.kms.katalon.core.webui.keyword.builtin.VerifyElementVisibleKeyword$_verifyElementVisible_closure1.call(VerifyElementVisibleKeyword.groovy)
	at com.kms.katalon.core.webui.keyword.internal.WebUIKeywordMain.runKeyword(WebUIKeywordMain.groovy:20)
	at com.kms.katalon.core.webui.keyword.builtin.VerifyElementVisibleKeyword.verifyElementVisible(VerifyElementVisibleKeyword.groovy:97)
	at com.kms.katalon.core.webui.keyword.builtin.VerifyElementVisibleKeyword.execute(VerifyElementVisibleKeyword.groovy:67)
	at com.kms.katalon.core.keyword.internal.KeywordExecutor.executeKeywordForPlatform(KeywordExecutor.groovy:74)
	at com.kms.katalon.core.webui.keyword.WebUiBuiltInKeywords.verifyElementVisible(WebUiBuiltInKeywords.groovy:376)
	at com.kms.katalon.core.webui.keyword.WebUiBuiltInKeywords$verifyElementVisible$6.call(Unknown Source)
	at SearchProfile_Generic_TC.run(SearchProfile_Generic_TC:108)
	at com.kms.katalon.core.main.ScriptEngine.run(ScriptEngine.java:194)
	at com.kms.katalon.core.main.ScriptEngine.runScriptAsRawText(ScriptEngine.java:119)
	at com.kms.katalon.core.main.TestCaseExecutor.runScript(TestCaseExecutor.java:442)
	at com.kms.katalon.core.main.TestCaseExecutor.doExecute(TestCaseExecutor.java:433)
	at com.kms.katalon.core.main.TestCaseExecutor.processExecutionPhase(TestCaseExecutor.java:412)
	at com.kms.katalon.core.main.TestCaseExecutor.accessMainPhase(TestCaseExecutor.java:404)
	at com.kms.katalon.core.main.TestCaseExecutor.execute(TestCaseExecutor.java:281)
	at com.kms.katalon.core.main.TestCaseExecutor.execute(TestCaseExecutor.java:363)
	at com.kms.katalon.core.main.TestCaseExecutor.execute(TestCaseExecutor.java:363)
	at com.kms.katalon.core.main.TestCaseExecutor.execute(TestCaseExecutor.java:363)
	at com.kms.katalon.core.main.TestSuiteExecutor.accessTestCaseMainPhase(TestSuiteExecutor.java:202)
	at com.kms.katalon.core.main.TestSuiteExecutor.accessTestSuiteMainPhase(TestSuiteExecutor.java:164)
	at com.kms.katalon.core.main.TestSuiteExecutor.execute(TestSuiteExecutor.java:105)
	at com.kms.katalon.core.main.TestCaseMain.startTestSuite(TestCaseMain.java:185)
	at com.kms.katalon.core.main.TestCaseMain$startTestSuite$0.call(Unknown Source)
	at TempTestSuite1656641001441.run(TempTestSuite1656641001441.groovy:36)
)

2022-07-01 00:48:59 - [MESSAGE][INFO] - Unable to find the element located by 'By.xpath: //a[contains(text(),'ProfileToBeSearched')]'. Please recheck the objects properties to make sure the desired element is located. 

2022-07-01 00:49:00 - [MESSAGE][FAILED] - Web element with id: 'Object Repository/AdminSuiteBootstrap_Pages/VSP_Bootstrap/View Profile/a_ProfileToBeSearched' located by '//a[contains(text(),'ProfileToBeSearched')]' not found (Root cause: com.kms.katalon.core.exception.StepFailedException: Web element with id: 'Object Repository/AdminSuiteBootstrap_Pages/VSP_Bootstrap/View Profile/a_ProfileToBeSearched' located by '//a[contains(text(),'ProfileToBeSearched')]' not found
	at com.kms.katalon.core.webui.keyword.internal.WebUIKeywordMain.stepFailed(WebUIKeywordMain.groovy:64)
	at com.kms.katalon.core.webui.keyword.builtin.VerifyElementVisibleKeyword$_verifyElementVisible_closure1.doCall(VerifyElementVisibleKeyword.groovy:89)
	at com.kms.katalon.core.webui.keyword.builtin.VerifyElementVisibleKeyword$_verifyElementVisible_closure1.call(VerifyElementVisibleKeyword.groovy)
	at com.kms.katalon.core.webui.keyword.internal.WebUIKeywordMain.runKeyword(WebUIKeywordMain.groovy:20)
	at com.kms.katalon.core.webui.keyword.builtin.VerifyElementVisibleKeyword.verifyElementVisible(VerifyElementVisibleKeyword.groovy:97)
	at com.kms.katalon.core.webui.keyword.builtin.VerifyElementVisibleKeyword.execute(VerifyElementVisibleKeyword.groovy:67)
	at com.kms.katalon.core.keyword.internal.KeywordExecutor.executeKeywordForPlatform(KeywordExecutor.groovy:74)
	at com.kms.katalon.core.webui.keyword.WebUiBuiltInKeywords.verifyElementVisible(WebUiBuiltInKeywords.groovy:376)
	at com.kms.katalon.core.webui.keyword.WebUiBuiltInKeywords$verifyElementVisible$6.call(Unknown Source)
	at SearchProfile_Generic_TC.run(SearchProfile_Generic_TC:108)
	at com.kms.katalon.core.main.ScriptEngine.run(ScriptEngine.java:194)
	at com.kms.katalon.core.main.ScriptEngine.runScriptAsRawText(ScriptEngine.java:119)
	at com.kms.katalon.core.main.TestCaseExecutor.runScript(TestCaseExecutor.java:442)
	at com.kms.katalon.core.main.TestCaseExecutor.doExecute(TestCaseExecutor.java:433)
	at com.kms.katalon.core.main.TestCaseExecutor.processExecutionPhase(TestCaseExecutor.java:412)
	at com.kms.katalon.core.main.TestCaseExecutor.accessMainPhase(TestCaseExecutor.java:404)
	at com.kms.katalon.core.main.TestCaseExecutor.execute(TestCaseExecutor.java:281)
	at com.kms.katalon.core.main.TestCaseExecutor.execute(TestCaseExecutor.java:363)
	at com.kms.katalon.core.main.TestCaseExecutor.execute(TestCaseExecutor.java:363)
	at com.kms.katalon.core.main.TestCaseExecutor.execute(TestCaseExecutor.java:363)
	at com.kms.katalon.core.main.TestSuiteExecutor.accessTestCaseMainPhase(TestSuiteExecutor.java:202)
	at com.kms.katalon.core.main.TestSuiteExecutor.accessTestSuiteMainPhase(TestSuiteExecutor.java:164)
	at com.kms.katalon.core.main.TestSuiteExecutor.execute(TestSuiteExecutor.java:105)
	at com.kms.katalon.core.main.TestCaseMain.startTestSuite(TestCaseMain.java:185)
	at com.kms.katalon.core.main.TestCaseMain$startTestSuite$0.call(Unknown Source)
	at TempTestSuite1656641001441.run(TempTestSuite1656641001441.groovy:36)
)
[[ATTACHMENT|E:\\Cloned-Project-Katalon\\VPS-Katalon\\Reports\\20220630_220315\\QA\\VSP-Bootstrap\\VSP-Profile-TestSuite\\20220630_220321\\1656650939894.png]]

2022-07-01 00:49:00 - [TEST_STEP][FAILED] - verifyElementPresent(findTestObject(path_ViewProfile + "a_ProfileToBeSearched"), 30): com.kms.katalon.core.webui.exception.WebElementNotFoundException: Web element with id: 'Object Repository/AdminSuiteBootstrap_Pages/VSP_Bootstrap/View Profile/a_ProfileToBeSearched' located by '//a[contains(text(),'ProfileToBeSearched')]' not found (Root cause: com.kms.katalon.core.exception.StepFailedException: com.kms.katalon.core.webui.exception.WebElementNotFoundException: Web element with id: 'Object Repository/AdminSuiteBootstrap_Pages/VSP_Bootstrap/View Profile/a_ProfileToBeSearched' located by '//a[contains(text(),'ProfileToBeSearched')]' not found
	at com.kms.katalon.core.webui.keyword.internal.WebUIKeywordMain.stepFailed(WebUIKeywordMain.groovy:64)
	at com.kms.katalon.core.webui.keyword.builtin.VerifyElementPresentKeyword$_verifyElementPresent_closure1.doCall(VerifyElementPresentKeyword.groovy:85)
	at com.kms.katalon.core.webui.keyword.builtin.VerifyElementPresentKeyword$_verifyElementPresent_closure1.call(VerifyElementPresentKeyword.groovy)
	at com.kms.katalon.core.webui.keyword.internal.WebUIKeywordMain.runKeyword(WebUIKeywordMain.groovy:20)
	at com.kms.katalon.core.webui.keyword.builtin.VerifyElementPresentKeyword.verifyElementPresent(VerifyElementPresentKeyword.groovy:92)
	at com.kms.katalon.core.webui.keyword.builtin.VerifyElementPresentKeyword.execute(VerifyElementPresentKeyword.groovy:68)
	at com.kms.katalon.core.keyword.internal.KeywordExecutor.executeKeywordForPlatform(KeywordExecutor.groovy:74)
	at com.kms.katalon.core.webui.keyword.WebUiBuiltInKeywords.verifyElementPresent(WebUiBuiltInKeywords.groovy:1464)
	at com.kms.katalon.core.webui.keyword.WebUiBuiltInKeywords$verifyElementPresent$1.call(Unknown Source)
	at SearchProfile_Generic_TC.run(SearchProfile_Generic_TC:109)
	at com.kms.katalon.core.main.ScriptEngine.run(ScriptEngine.java:194)
	at com.kms.katalon.core.main.ScriptEngine.runScriptAsRawText(ScriptEngine.java:119)
	at com.kms.katalon.core.main.TestCaseExecutor.runScript(TestCaseExecutor.java:442)
	at com.kms.katalon.core.main.TestCaseExecutor.doExecute(TestCaseExecutor.java:433)
	at com.kms.katalon.core.main.TestCaseExecutor.processExecutionPhase(TestCaseExecutor.java:412)
	at com.kms.katalon.core.main.TestCaseExecutor.accessMainPhase(TestCaseExecutor.java:404)
	at com.kms.katalon.core.main.TestCaseExecutor.execute(TestCaseExecutor.java:281)
	at com.kms.katalon.core.main.TestCaseExecutor.execute(TestCaseExecutor.java:363)
	at com.kms.katalon.core.main.TestCaseExecutor.execute(TestCaseExecutor.java:363)
	at com.kms.katalon.core.main.TestCaseExecutor.execute(TestCaseExecutor.java:363)
	at com.kms.katalon.core.main.TestSuiteExecutor.accessTestCaseMainPhase(TestSuiteExecutor.java:202)
	at com.kms.katalon.core.main.TestSuiteExecutor.accessTestSuiteMainPhase(TestSuiteExecutor.java:164)
	at com.kms.katalon.core.main.TestSuiteExecutor.execute(TestSuiteExecutor.java:105)
	at com.kms.katalon.core.main.TestCaseMain.startTestSuite(TestCaseMain.java:185)
	at com.kms.katalon.core.main.TestCaseMain$startTestSuite$0.call(Unknown Source)
	at TempTestSuite1656641001441.run(TempTestSuite1656641001441.groovy:36)
)

2022-07-01 00:49:31 - [MESSAGE][INFO] - Unable to find the element located by 'By.xpath: //a[contains(text(),'ProfileToBeSearched')]'. Please recheck the objects properties to make sure the desired element is located. 

2022-07-01 00:49:31 - [MESSAGE][FAILED] - com.kms.katalon.core.webui.exception.WebElementNotFoundException: Web element with id: 'Object Repository/AdminSuiteBootstrap_Pages/VSP_Bootstrap/View Profile/a_ProfileToBeSearched' located by '//a[contains(text(),'ProfileToBeSearched')]' not found (Root cause: com.kms.katalon.core.exception.StepFailedException: com.kms.katalon.core.webui.exception.WebElementNotFoundException: Web element with id: 'Object Repository/AdminSuiteBootstrap_Pages/VSP_Bootstrap/View Profile/a_ProfileToBeSearched' located by '//a[contains(text(),'ProfileToBeSearched')]' not found
	at com.kms.katalon.core.webui.keyword.internal.WebUIKeywordMain.stepFailed(WebUIKeywordMain.groovy:64)
	at com.kms.katalon.core.webui.keyword.builtin.VerifyElementPresentKeyword$_verifyElementPresent_closure1.doCall(VerifyElementPresentKeyword.groovy:85)
	at com.kms.katalon.core.webui.keyword.builtin.VerifyElementPresentKeyword$_verifyElementPresent_closure1.call(VerifyElementPresentKeyword.groovy)
	at com.kms.katalon.core.webui.keyword.internal.WebUIKeywordMain.runKeyword(WebUIKeywordMain.groovy:20)
	at com.kms.katalon.core.webui.keyword.builtin.VerifyElementPresentKeyword.verifyElementPresent(VerifyElementPresentKeyword.groovy:92)
	at com.kms.katalon.core.webui.keyword.builtin.VerifyElementPresentKeyword.execute(VerifyElementPresentKeyword.groovy:68)
	at com.kms.katalon.core.keyword.internal.KeywordExecutor.executeKeywordForPlatform(KeywordExecutor.groovy:74)
	at com.kms.katalon.core.webui.keyword.WebUiBuiltInKeywords.verifyElementPresent(WebUiBuiltInKeywords.groovy:1464)
	at com.kms.katalon.core.webui.keyword.WebUiBuiltInKeywords$verifyElementPresent$1.call(Unknown Source)
	at SearchProfile_Generic_TC.run(SearchProfile_Generic_TC:109)
	at com.kms.katalon.core.main.ScriptEngine.run(ScriptEngine.java:194)
	at com.kms.katalon.core.main.ScriptEngine.runScriptAsRawText(ScriptEngine.java:119)
	at com.kms.katalon.core.main.TestCaseExecutor.runScript(TestCaseExecutor.java:442)
	at com.kms.katalon.core.main.TestCaseExecutor.doExecute(TestCaseExecutor.java:433)
	at com.kms.katalon.core.main.TestCaseExecutor.processExecutionPhase(TestCaseExecutor.java:412)
	at com.kms.katalon.core.main.TestCaseExecutor.accessMainPhase(TestCaseExecutor.java:404)
	at com.kms.katalon.core.main.TestCaseExecutor.execute(TestCaseExecutor.java:281)
	at com.kms.katalon.core.main.TestCaseExecutor.execute(TestCaseExecutor.java:363)
	at com.kms.katalon.core.main.TestCaseExecutor.execute(TestCaseExecutor.java:363)
	at com.kms.katalon.core.main.TestCaseExecutor.execute(TestCaseExecutor.java:363)
	at com.kms.katalon.core.main.TestSuiteExecutor.accessTestCaseMainPhase(TestSuiteExecutor.java:202)
	at com.kms.katalon.core.main.TestSuiteExecutor.accessTestSuiteMainPhase(TestSuiteExecutor.java:164)
	at com.kms.katalon.core.main.TestSuiteExecutor.execute(TestSuiteExecutor.java:105)
	at com.kms.katalon.core.main.TestCaseMain.startTestSuite(TestCaseMain.java:185)
	at com.kms.katalon.core.main.TestCaseMain$startTestSuite$0.call(Unknown Source)
	at TempTestSuite1656641001441.run(TempTestSuite1656641001441.groovy:36)
)
[[ATTACHMENT|E:\\Cloned-Project-Katalon\\VPS-Katalon\\Reports\\20220630_220315\\QA\\VSP-Bootstrap\\VSP-Profile-TestSuite\\20220630_220321\\1656650971426.png]]

2022-07-01 00:49:31 - [TEST_STEP][PASSED] - closeBrowser(): Browser is closed

2022-07-01 00:49:32 - [MESSAGE][PASSED] - Browser is closed

2022-07-01 00:49:32 - [TEST_STEP][PASSED] - ExecuteTC = findTestData(dataFile).getValue("Execute", row): null

2022-07-01 00:49:32 - [TEST_STEP][PASSED] - out.println("Value of Execute is : " + ExecuteTC): null

2022-07-01 00:49:32 - [TEST_STEP][PASSED] - switch (executionProfile): null

2022-07-01 00:49:32 - [TEST_STEP][PASSED] - case "QAProfile":: null

2022-07-01 00:49:32 - [TEST_STEP][PASSED] - appName = findTestData(dataFile).getValue("AppNameQA", row): null

2022-07-01 00:49:32 - [TEST_STEP][PASSED] - appID = findTestData(dataFile).getValue("AppIDQA", row): null

2022-07-01 00:49:33 - [TEST_STEP][PASSED] - break: null

2022-07-01 00:49:33 - [TEST_STEP][PASSED] - if (ExecuteTC.equalsIgnoreCase("Y")): Browser is closed

2022-07-01 00:49:33 - [TEST_STEP][PASSED] - out.println("Begin Record Number: " + row): null

2022-07-01 00:49:33 - [TEST_STEP][PASSED] - today = new java.util.Date(): null

2022-07-01 00:49:33 - [TEST_STEP][PASSED] - println(today): null

2022-07-01 00:49:33 - [TEST_STEP][PASSED] - datText = today: null

2022-07-01 00:49:33 - [TEST_STEP][PASSED] - adminSuiteBootstrap.loginFunctionality.login_AdminSuite(): adminSuiteBootstrap.loginFunctionality.login_AdminSuite is PASSED

2022-07-01 00:49:33 - [MESSAGE][INFO] - Starting 'Chrome' driver

2022-07-01 00:49:33 - [MESSAGE][INFO] - User set preference: ['acceptInsecureCerts', 'true']

2022-07-01 00:49:33 - [MESSAGE][INFO] - Action delay is set to 0 milliseconds

2022-07-01 00:49:36 - [MESSAGE][PASSED] - Browser is opened with url: 'https://qa.velocitypayment.com/admin/imtiaz'

2022-07-01 00:49:36 - [MESSAGE][PASSED] - Current window maximized

2022-07-01 00:49:36 - [MESSAGE][PASSED] - Object 'Object Repository/Login_Page/Login_Username' is present

2022-07-01 00:49:37 - [MESSAGE][PASSED] - Text 'iahmed' is set on object 'Object Repository/Login_Page/Login_Username'

2022-07-01 00:49:38 - [MESSAGE][PASSED] - Text 'hello2222' is set on object 'Object Repository/Login_Page/Login_Password'

2022-07-01 00:49:43 - [MESSAGE][PASSED] - Object: 'Object Repository/Login_Page/Login_Submit' is clicked on

2022-07-01 00:49:43 - [MESSAGE][PASSED] - adminSuiteBootstrap.loginFunctionality.login_AdminSuite is PASSED

2022-07-01 00:49:43 - [TEST_STEP][PASSED] - click(findTestObject(path_Dashboard + appName)): Object: 'Object Repository/AdminSuiteBootstrap_Pages/Dashboard_Bootstrap/a_Access AutoNoCFtp' is clicked on

2022-07-01 00:49:44 - [MESSAGE][PASSED] - Object: 'Object Repository/AdminSuiteBootstrap_Pages/Dashboard_Bootstrap/a_Access AutoNoCFtp' is clicked on

2022-07-01 00:49:44 - [TEST_STEP][PASSED] - click(findTestObject(path_VT + "a_Find Profile")): Object: 'Object Repository/AdminSuiteBootstrap_Pages/VT_Bootstrap/IssueTransactions/a_Find Profile' is clicked on

2022-07-01 00:49:45 - [MESSAGE][PASSED] - Object: 'Object Repository/AdminSuiteBootstrap_Pages/VT_Bootstrap/IssueTransactions/a_Find Profile' is clicked on

2022-07-01 00:49:45 - [TEST_STEP][PASSED] - vspBootstrap.SearchProfilePage.setDataSearchProfile(row, dataFile): vspBootstrap.SearchProfilePage.setDataSearchProfile is PASSED

2022-07-01 00:49:46 - [MESSAGE][PASSED] - Text 'imtiazstergosh@gmail.com' is set on object 'Object Repository/AdminSuiteBootstrap_Pages/VSP_Bootstrap/SearchProfile/input_Criteria'

2022-07-01 00:49:47 - [MESSAGE][PASSED] - All options with label 'Email Address' are selected in object 'Object Repository/AdminSuiteBootstrap_Pages/VSP_Bootstrap/SearchProfile/select_SearchBy'  using regular expression

2022-07-01 00:49:48 - [MESSAGE][PASSED] - Object: 'Object Repository/AdminSuiteBootstrap_Pages/VSP_Bootstrap/SearchProfile/button_Search' is clicked on

2022-07-01 00:49:48 - [MESSAGE][PASSED] - vspBootstrap.SearchProfilePage.setDataSearchProfile is PASSED

2022-07-01 00:49:48 - [TEST_STEP][PASSED] - verifyElementVisible(findTestObject(path_ViewProfile + "a_ProfileToBeSearched")): Object 'Object Repository/AdminSuiteBootstrap_Pages/VSP_Bootstrap/View Profile/a_ProfileToBeSearched' is visible

2022-07-01 00:49:48 - [MESSAGE][PASSED] - Object 'Object Repository/AdminSuiteBootstrap_Pages/VSP_Bootstrap/View Profile/a_ProfileToBeSearched' is visible

2022-07-01 00:49:48 - [TEST_STEP][PASSED] - verifyElementPresent(findTestObject(path_ViewProfile + "a_ProfileToBeSearched"), 30): Object 'Object Repository/AdminSuiteBootstrap_Pages/VSP_Bootstrap/View Profile/a_ProfileToBeSearched' is present

2022-07-01 00:49:49 - [MESSAGE][PASSED] - Object 'Object Repository/AdminSuiteBootstrap_Pages/VSP_Bootstrap/View Profile/a_ProfileToBeSearched' is present

2022-07-01 00:49:49 - [TEST_STEP][PASSED] - closeBrowser(): Browser is closed

2022-07-01 00:49:50 - [MESSAGE][PASSED] - Browser is closed]]></system-out>
         <system-err><![CDATA[2022-07-01 00:37:01 - [TEST_CASE][FAILED] - Test Cases/Admin Suite Bootstrap/VSP_Profile_TestCases/SearchProfile_Generic_TC: Test Cases/Admin Suite Bootstrap/VSP_Profile_TestCases/SearchProfile_Generic_TC FAILED.
Reason:
com.kms.katalon.core.exception.StepFailedException: Unable to click on object 'Object Repository/AdminSuiteBootstrap_Pages/Dashboard_Bootstrap/a_Access AutoNoCFtp' (Root cause: com.kms.katalon.core.exception.StepFailedException: Unable to click on object 'Object Repository/AdminSuiteBootstrap_Pages/Dashboard_Bootstrap/a_Access AutoNoCFtp'
	at com.kms.katalon.core.webui.keyword.internal.WebUIKeywordMain.stepFailed(WebUIKeywordMain.groovy:64)
	at com.kms.katalon.core.webui.keyword.internal.WebUIKeywordMain.runKeyword(WebUIKeywordMain.groovy:26)
	at com.kms.katalon.core.webui.keyword.builtin.ClickKeyword.click(ClickKeyword.groovy:74)
	at com.kms.katalon.core.webui.keyword.builtin.ClickKeyword.execute(ClickKeyword.groovy:40)
	at com.kms.katalon.core.keyword.internal.KeywordExecutor.executeKeywordForPlatform(KeywordExecutor.groovy:74)
	at com.kms.katalon.core.webui.keyword.WebUiBuiltInKeywords.click(WebUiBuiltInKeywords.groovy:620)
	at com.kms.katalon.core.webui.keyword.WebUiBuiltInKeywords$click$3.call(Unknown Source)
	at SearchProfile_Generic_TC.run(SearchProfile_Generic_TC:99)
	at com.kms.katalon.core.main.ScriptEngine.run(ScriptEngine.java:194)
	at com.kms.katalon.core.main.ScriptEngine.runScriptAsRawText(ScriptEngine.java:119)
	at com.kms.katalon.core.main.TestCaseExecutor.runScript(TestCaseExecutor.java:442)
	at com.kms.katalon.core.main.TestCaseExecutor.doExecute(TestCaseExecutor.java:433)
	at com.kms.katalon.core.main.TestCaseExecutor.processExecutionPhase(TestCaseExecutor.java:412)
	at com.kms.katalon.core.main.TestCaseExecutor.accessMainPhase(TestCaseExecutor.java:404)
	at com.kms.katalon.core.main.TestCaseExecutor.execute(TestCaseExecutor.java:281)
	at com.kms.katalon.core.main.TestCaseExecutor.execute(TestCaseExecutor.java:363)
	at com.kms.katalon.core.main.TestCaseExecutor.execute(TestCaseExecutor.java:363)
	at com.kms.katalon.core.main.TestCaseExecutor.execute(TestCaseExecutor.java:363)
	at com.kms.katalon.core.main.TestSuiteExecutor.accessTestCaseMainPhase(TestSuiteExecutor.java:202)
	at com.kms.katalon.core.main.TestSuiteExecutor.accessTestSuiteMainPhase(TestSuiteExecutor.java:164)
	at com.kms.katalon.core.main.TestSuiteExecutor.execute(TestSuiteExecutor.java:105)
	at com.kms.katalon.core.main.TestCaseMain.startTestSuite(TestCaseMain.java:185)
	at com.kms.katalon.core.main.TestCaseMain$startTestSuite$0.call(Unknown Source)
	at TempTestSuite1656641001441.run(TempTestSuite1656641001441.groovy:36)
Caused by: com.kms.katalon.core.webui.exception.WebElementNotFoundException: Web element with id: 'Object Repository/AdminSuiteBootstrap_Pages/Dashboard_Bootstrap/a_Access AutoNoCFtp' located by '//*[@href = '/admin/imtiaz/bootstrap/vpos/742/' and (text() = 'Access AutoNoCFtp' or . = 'Access AutoNoCFtp')]' not found
	at com.kms.katalon.core.webui.common.WebUiCommonHelper.findWebElement(WebUiCommonHelper.java:1370)
	at com.kms.katalon.core.webui.keyword.internal.WebUIAbstractKeyword.findWebElement(WebUIAbstractKeyword.groovy:27)
	at com.kms.katalon.core.webui.keyword.builtin.ClickKeyword$_click_closure1.doCall(ClickKeyword.groovy:65)
	at com.kms.katalon.core.webui.keyword.builtin.ClickKeyword$_click_closure1.call(ClickKeyword.groovy)
	at com.kms.katalon.core.webui.keyword.internal.WebUIKeywordMain.runKeyword(WebUIKeywordMain.groovy:20)
	at com.kms.katalon.core.webui.keyword.builtin.ClickKeyword.click(ClickKeyword.groovy:74)
	at com.kms.katalon.core.webui.keyword.builtin.ClickKeyword.execute(ClickKeyword.groovy:40)
	at com.kms.katalon.core.keyword.internal.KeywordExecutor.executeKeywordForPlatform(KeywordExecutor.groovy:74)
	at com.kms.katalon.core.webui.keyword.WebUiBuiltInKeywords.click(WebUiBuiltInKeywords.groovy:620)
	at com.kms.katalon.core.webui.keyword.WebUiBuiltInKeywords$click$3.call(Unknown Source)
	at Script1653004110626.run(Script1653004110626.groovy:99)
	... 16 more
)
	at com.kms.katalon.core.keyword.internal.KeywordMain.stepFailed(KeywordMain.groovy:39)
	at com.kms.katalon.core.webui.keyword.internal.WebUIKeywordMain.stepFailed(WebUIKeywordMain.groovy:64)
	at com.kms.katalon.core.webui.keyword.internal.WebUIKeywordMain.runKeyword(WebUIKeywordMain.groovy:26)
	at com.kms.katalon.core.webui.keyword.builtin.ClickKeyword.click(ClickKeyword.groovy:74)
	at com.kms.katalon.core.webui.keyword.builtin.ClickKeyword.execute(ClickKeyword.groovy:40)
	at com.kms.katalon.core.keyword.internal.KeywordExecutor.executeKeywordForPlatform(KeywordExecutor.groovy:74)
	at com.kms.katalon.core.webui.keyword.WebUiBuiltInKeywords.click(WebUiBuiltInKeywords.groovy:620)
	at com.kms.katalon.core.webui.keyword.WebUiBuiltInKeywords$click$3.call(Unknown Source)
	at SearchProfile_Generic_TC.run(SearchProfile_Generic_TC:99)
	at com.kms.katalon.core.main.ScriptEngine.run(ScriptEngine.java:194)
	at com.kms.katalon.core.main.ScriptEngine.runScriptAsRawText(ScriptEngine.java:119)
	at com.kms.katalon.core.main.TestCaseExecutor.runScript(TestCaseExecutor.java:442)
	at com.kms.katalon.core.main.TestCaseExecutor.doExecute(TestCaseExecutor.java:433)
	at com.kms.katalon.core.main.TestCaseExecutor.processExecutionPhase(TestCaseExecutor.java:412)
	at com.kms.katalon.core.main.TestCaseExecutor.accessMainPhase(TestCaseExecutor.java:404)
	at com.kms.katalon.core.main.TestCaseExecutor.execute(TestCaseExecutor.java:281)
	at com.kms.katalon.core.main.TestCaseExecutor.execute(TestCaseExecutor.java:363)
	at com.kms.katalon.core.main.TestCaseExecutor.execute(TestCaseExecutor.java:363)
	at com.kms.katalon.core.main.TestCaseExecutor.execute(TestCaseExecutor.java:363)
	at com.kms.katalon.core.main.TestSuiteExecutor.accessTestCaseMainPhase(TestSuiteExecutor.java:202)
	at com.kms.katalon.core.main.TestSuiteExecutor.accessTestSuiteMainPhase(TestSuiteExecutor.java:164)
	at com.kms.katalon.core.main.TestSuiteExecutor.execute(TestSuiteExecutor.java:105)
	at com.kms.katalon.core.main.TestCaseMain.startTestSuite(TestCaseMain.java:185)
	at com.kms.katalon.core.main.TestCaseMain$startTestSuite$0.call(Unknown Source)
	at TempTestSuite1656641001441.run(TempTestSuite1656641001441.groovy:36)
Caused by: com.kms.katalon.core.exception.StepFailedException: Unable to click on object 'Object Repository/AdminSuiteBootstrap_Pages/Dashboard_Bootstrap/a_Access AutoNoCFtp'
	... 24 more
Caused by: com.kms.katalon.core.webui.exception.WebElementNotFoundException: Web element with id: 'Object Repository/AdminSuiteBootstrap_Pages/Dashboard_Bootstrap/a_Access AutoNoCFtp' located by '//*[@href = '/admin/imtiaz/bootstrap/vpos/742/' and (text() = 'Access AutoNoCFtp' or . = 'Access AutoNoCFtp')]' not found
	at com.kms.katalon.core.webui.common.WebUiCommonHelper.findWebElement(WebUiCommonHelper.java:1370)
	at com.kms.katalon.core.webui.keyword.internal.WebUIAbstractKeyword.findWebElement(WebUIAbstractKeyword.groovy:27)
	at com.kms.katalon.core.webui.keyword.builtin.ClickKeyword$_click_closure1.doCall(ClickKeyword.groovy:65)
	at com.kms.katalon.core.webui.keyword.builtin.ClickKeyword$_click_closure1.call(ClickKeyword.groovy)
	at com.kms.katalon.core.webui.keyword.internal.WebUIKeywordMain.runKeyword(WebUIKeywordMain.groovy:20)
	... 22 more]]></system-err>
      </testcase>
      <system-out><![CDATA[2022-06-30 23:01:59 - [TEST_SUITE][FAILED] - VSP-Profile-TestSuite: Test Cases/Admin Suite Bootstrap/VSP_Profile_TestCases/AddDeleteCCNotPre_Generic_TC FAILED.
Reason:
com.kms.katalon.core.exception.StepFailedException: Unable to click on object 'Object Repository/AdminSuiteBootstrap_Pages/Dashboard_Bootstrap/a_Access AutoNoCFtp' (Root cause: com.kms.katalon.core.exception.StepFailedException: Unable to click on object 'Object Repository/AdminSuiteBootstrap_Pages/Dashboard_Bootstrap/a_Access AutoNoCFtp'
	at com.kms.katalon.core.webui.keyword.internal.WebUIKeywordMain.stepFailed(WebUIKeywordMain.groovy:64)
	at com.kms.katalon.core.webui.keyword.internal.WebUIKeywordMain.runKeyword(WebUIKeywordMain.groovy:26)
	at com.kms.katalon.core.webui.keyword.builtin.ClickKeyword.click(ClickKeyword.groovy:74)
	at com.kms.katalon.core.webui.keyword.builtin.ClickKeyword.execute(ClickKeyword.groovy:40)
	at com.kms.katalon.core.keyword.internal.KeywordExecutor.executeKeywordForPlatform(KeywordExecutor.groovy:74)
	at com.kms.katalon.core.webui.keyword.WebUiBuiltInKeywords.click(WebUiBuiltInKeywords.groovy:620)
	at com.kms.katalon.core.webui.keyword.WebUiBuiltInKeywords$click$3.call(Unknown Source)
	at AddDeleteCCNotPre_Generic_TC.run(AddDeleteCCNotPre_Generic_TC:99)
	at com.kms.katalon.core.main.ScriptEngine.run(ScriptEngine.java:194)
	at com.kms.katalon.core.main.ScriptEngine.runScriptAsRawText(ScriptEngine.java:119)
	at com.kms.katalon.core.main.TestCaseExecutor.runScript(TestCaseExecutor.java:442)
	at com.kms.katalon.core.main.TestCaseExecutor.doExecute(TestCaseExecutor.java:433)
	at com.kms.katalon.core.main.TestCaseExecutor.processExecutionPhase(TestCaseExecutor.java:412)
	at com.kms.katalon.core.main.TestCaseExecutor.accessMainPhase(TestCaseExecutor.java:404)
	at com.kms.katalon.core.main.TestCaseExecutor.execute(TestCaseExecutor.java:281)
	at com.kms.katalon.core.main.TestSuiteExecutor.accessTestCaseMainPhase(TestSuiteExecutor.java:202)
	at com.kms.katalon.core.main.TestSuiteExecutor.accessTestSuiteMainPhase(TestSuiteExecutor.java:164)
	at com.kms.katalon.core.main.TestSuiteExecutor.execute(TestSuiteExecutor.java:105)
	at com.kms.katalon.core.main.TestCaseMain.startTestSuite(TestCaseMain.java:185)
	at com.kms.katalon.core.main.TestCaseMain$startTestSuite$0.call(Unknown Source)
	at TempTestSuite1656641001441.run(TempTestSuite1656641001441.groovy:36)
Caused by: com.kms.katalon.core.webui.exception.WebElementNotFoundException: Web element with id: 'Object Repository/AdminSuiteBootstrap_Pages/Dashboard_Bootstrap/a_Access AutoNoCFtp' located by '//*[@href = '/admin/imtiaz/bootstrap/vpos/742/' and (text() = 'Access AutoNoCFtp' or . = 'Access AutoNoCFtp')]' not found
	at com.kms.katalon.core.webui.common.WebUiCommonHelper.findWebElement(WebUiCommonHelper.java:1370)
	at com.kms.katalon.core.webui.keyword.internal.WebUIAbstractKeyword.findWebElement(WebUIAbstractKeyword.groovy:27)
	at com.kms.katalon.core.webui.keyword.builtin.ClickKeyword$_click_closure1.doCall(ClickKeyword.groovy:65)
	at com.kms.katalon.core.webui.keyword.builtin.ClickKeyword$_click_closure1.call(ClickKeyword.groovy)
	at com.kms.katalon.core.webui.keyword.internal.WebUIKeywordMain.runKeyword(WebUIKeywordMain.groovy:20)
	at com.kms.katalon.core.webui.keyword.builtin.ClickKeyword.click(ClickKeyword.groovy:74)
	at com.kms.katalon.core.webui.keyword.builtin.ClickKeyword.execute(ClickKeyword.groovy:40)
	at com.kms.katalon.core.keyword.internal.KeywordExecutor.executeKeywordForPlatform(KeywordExecutor.groovy:74)
	at com.kms.katalon.core.webui.keyword.WebUiBuiltInKeywords.click(WebUiBuiltInKeywords.groovy:620)
	at com.kms.katalon.core.webui.keyword.WebUiBuiltInKeywords$click$3.call(Unknown Source)
	at Script1650654415404.run(Script1650654415404.groovy:99)
	... 13 more
)
	at com.kms.katalon.core.keyword.internal.KeywordMain.stepFailed(KeywordMain.groovy:39)
	at com.kms.katalon.core.webui.keyword.internal.WebUIKeywordMain.stepFailed(WebUIKeywordMain.groovy:64)
	at com.kms.katalon.core.webui.keyword.internal.WebUIKeywordMain.runKeyword(WebUIKeywordMain.groovy:26)
	at com.kms.katalon.core.webui.keyword.builtin.ClickKeyword.click(ClickKeyword.groovy:74)
	at com.kms.katalon.core.webui.keyword.builtin.ClickKeyword.execute(ClickKeyword.groovy:40)
	at com.kms.katalon.core.keyword.internal.KeywordExecutor.executeKeywordForPlatform(KeywordExecutor.groovy:74)
	at com.kms.katalon.core.webui.keyword.WebUiBuiltInKeywords.click(WebUiBuiltInKeywords.groovy:620)
	at com.kms.katalon.core.webui.keyword.WebUiBuiltInKeywords$click$3.call(Unknown Source)
	at AddDeleteCCNotPre_Generic_TC.run(AddDeleteCCNotPre_Generic_TC:99)
	at com.kms.katalon.core.main.ScriptEngine.run(ScriptEngine.java:194)
	at com.kms.katalon.core.main.ScriptEngine.runScriptAsRawText(ScriptEngine.java:119)
	at com.kms.katalon.core.main.TestCaseExecutor.runScript(TestCaseExecutor.java:442)
	at com.kms.katalon.core.main.TestCaseExecutor.doExecute(TestCaseExecutor.java:433)
	at com.kms.katalon.core.main.TestCaseExecutor.processExecutionPhase(TestCaseExecutor.java:412)
	at com.kms.katalon.core.main.TestCaseExecutor.accessMainPhase(TestCaseExecutor.java:404)
	at com.kms.katalon.core.main.TestCaseExecutor.execute(TestCaseExecutor.java:281)
	at com.kms.katalon.core.main.TestSuiteExecutor.accessTestCaseMainPhase(TestSuiteExecutor.java:202)
	at com.kms.katalon.core.main.TestSuiteExecutor.accessTestSuiteMainPhase(TestSuiteExecutor.java:164)
	at com.kms.katalon.core.main.TestSuiteExecutor.execute(TestSuiteExecutor.java:105)
	at com.kms.katalon.core.main.TestCaseMain.startTestSuite(TestCaseMain.java:185)
	at com.kms.katalon.core.main.TestCaseMain$startTestSuite$0.call(Unknown Source)
	at TempTestSuite1656641001441.run(TempTestSuite1656641001441.groovy:36)
Caused by: com.kms.katalon.core.exception.StepFailedException: Unable to click on object 'Object Repository/AdminSuiteBootstrap_Pages/Dashboard_Bootstrap/a_Access AutoNoCFtp'
	... 21 more
Caused by: com.kms.katalon.core.webui.exception.WebElementNotFoundException: Web element with id: 'Object Repository/AdminSuiteBootstrap_Pages/Dashboard_Bootstrap/a_Access AutoNoCFtp' located by '//*[@href = '/admin/imtiaz/bootstrap/vpos/742/' and (text() = 'Access AutoNoCFtp' or . = 'Access AutoNoCFtp')]' not found
	at com.kms.katalon.core.webui.common.WebUiCommonHelper.findWebElement(WebUiCommonHelper.java:1370)
	at com.kms.katalon.core.webui.keyword.internal.WebUIAbstractKeyword.findWebElement(WebUIAbstractKeyword.groovy:27)
	at com.kms.katalon.core.webui.keyword.builtin.ClickKeyword$_click_closure1.doCall(ClickKeyword.groovy:65)
	at com.kms.katalon.core.webui.keyword.builtin.ClickKeyword$_click_closure1.call(ClickKeyword.groovy)
	at com.kms.katalon.core.webui.keyword.internal.WebUIKeywordMain.runKeyword(WebUIKeywordMain.groovy:20)
	... 19 more]]></system-out>
      <system-err><![CDATA[2022-06-30 23:01:59 - [TEST_SUITE][FAILED] - VSP-Profile-TestSuite: Test Cases/Admin Suite Bootstrap/VSP_Profile_TestCases/AddDeleteCCNotPre_Generic_TC FAILED.
Reason:
com.kms.katalon.core.exception.StepFailedException: Unable to click on object 'Object Repository/AdminSuiteBootstrap_Pages/Dashboard_Bootstrap/a_Access AutoNoCFtp' (Root cause: com.kms.katalon.core.exception.StepFailedException: Unable to click on object 'Object Repository/AdminSuiteBootstrap_Pages/Dashboard_Bootstrap/a_Access AutoNoCFtp'
	at com.kms.katalon.core.webui.keyword.internal.WebUIKeywordMain.stepFailed(WebUIKeywordMain.groovy:64)
	at com.kms.katalon.core.webui.keyword.internal.WebUIKeywordMain.runKeyword(WebUIKeywordMain.groovy:26)
	at com.kms.katalon.core.webui.keyword.builtin.ClickKeyword.click(ClickKeyword.groovy:74)
	at com.kms.katalon.core.webui.keyword.builtin.ClickKeyword.execute(ClickKeyword.groovy:40)
	at com.kms.katalon.core.keyword.internal.KeywordExecutor.executeKeywordForPlatform(KeywordExecutor.groovy:74)
	at com.kms.katalon.core.webui.keyword.WebUiBuiltInKeywords.click(WebUiBuiltInKeywords.groovy:620)
	at com.kms.katalon.core.webui.keyword.WebUiBuiltInKeywords$click$3.call(Unknown Source)
	at AddDeleteCCNotPre_Generic_TC.run(AddDeleteCCNotPre_Generic_TC:99)
	at com.kms.katalon.core.main.ScriptEngine.run(ScriptEngine.java:194)
	at com.kms.katalon.core.main.ScriptEngine.runScriptAsRawText(ScriptEngine.java:119)
	at com.kms.katalon.core.main.TestCaseExecutor.runScript(TestCaseExecutor.java:442)
	at com.kms.katalon.core.main.TestCaseExecutor.doExecute(TestCaseExecutor.java:433)
	at com.kms.katalon.core.main.TestCaseExecutor.processExecutionPhase(TestCaseExecutor.java:412)
	at com.kms.katalon.core.main.TestCaseExecutor.accessMainPhase(TestCaseExecutor.java:404)
	at com.kms.katalon.core.main.TestCaseExecutor.execute(TestCaseExecutor.java:281)
	at com.kms.katalon.core.main.TestSuiteExecutor.accessTestCaseMainPhase(TestSuiteExecutor.java:202)
	at com.kms.katalon.core.main.TestSuiteExecutor.accessTestSuiteMainPhase(TestSuiteExecutor.java:164)
	at com.kms.katalon.core.main.TestSuiteExecutor.execute(TestSuiteExecutor.java:105)
	at com.kms.katalon.core.main.TestCaseMain.startTestSuite(TestCaseMain.java:185)
	at com.kms.katalon.core.main.TestCaseMain$startTestSuite$0.call(Unknown Source)
	at TempTestSuite1656641001441.run(TempTestSuite1656641001441.groovy:36)
Caused by: com.kms.katalon.core.webui.exception.WebElementNotFoundException: Web element with id: 'Object Repository/AdminSuiteBootstrap_Pages/Dashboard_Bootstrap/a_Access AutoNoCFtp' located by '//*[@href = '/admin/imtiaz/bootstrap/vpos/742/' and (text() = 'Access AutoNoCFtp' or . = 'Access AutoNoCFtp')]' not found
	at com.kms.katalon.core.webui.common.WebUiCommonHelper.findWebElement(WebUiCommonHelper.java:1370)
	at com.kms.katalon.core.webui.keyword.internal.WebUIAbstractKeyword.findWebElement(WebUIAbstractKeyword.groovy:27)
	at com.kms.katalon.core.webui.keyword.builtin.ClickKeyword$_click_closure1.doCall(ClickKeyword.groovy:65)
	at com.kms.katalon.core.webui.keyword.builtin.ClickKeyword$_click_closure1.call(ClickKeyword.groovy)
	at com.kms.katalon.core.webui.keyword.internal.WebUIKeywordMain.runKeyword(WebUIKeywordMain.groovy:20)
	at com.kms.katalon.core.webui.keyword.builtin.ClickKeyword.click(ClickKeyword.groovy:74)
	at com.kms.katalon.core.webui.keyword.builtin.ClickKeyword.execute(ClickKeyword.groovy:40)
	at com.kms.katalon.core.keyword.internal.KeywordExecutor.executeKeywordForPlatform(KeywordExecutor.groovy:74)
	at com.kms.katalon.core.webui.keyword.WebUiBuiltInKeywords.click(WebUiBuiltInKeywords.groovy:620)
	at com.kms.katalon.core.webui.keyword.WebUiBuiltInKeywords$click$3.call(Unknown Source)
	at Script1650654415404.run(Script1650654415404.groovy:99)
	... 13 more
)
	at com.kms.katalon.core.keyword.internal.KeywordMain.stepFailed(KeywordMain.groovy:39)
	at com.kms.katalon.core.webui.keyword.internal.WebUIKeywordMain.stepFailed(WebUIKeywordMain.groovy:64)
	at com.kms.katalon.core.webui.keyword.internal.WebUIKeywordMain.runKeyword(WebUIKeywordMain.groovy:26)
	at com.kms.katalon.core.webui.keyword.builtin.ClickKeyword.click(ClickKeyword.groovy:74)
	at com.kms.katalon.core.webui.keyword.builtin.ClickKeyword.execute(ClickKeyword.groovy:40)
	at com.kms.katalon.core.keyword.internal.KeywordExecutor.executeKeywordForPlatform(KeywordExecutor.groovy:74)
	at com.kms.katalon.core.webui.keyword.WebUiBuiltInKeywords.click(WebUiBuiltInKeywords.groovy:620)
	at com.kms.katalon.core.webui.keyword.WebUiBuiltInKeywords$click$3.call(Unknown Source)
	at AddDeleteCCNotPre_Generic_TC.run(AddDeleteCCNotPre_Generic_TC:99)
	at com.kms.katalon.core.main.ScriptEngine.run(ScriptEngine.java:194)
	at com.kms.katalon.core.main.ScriptEngine.runScriptAsRawText(ScriptEngine.java:119)
	at com.kms.katalon.core.main.TestCaseExecutor.runScript(TestCaseExecutor.java:442)
	at com.kms.katalon.core.main.TestCaseExecutor.doExecute(TestCaseExecutor.java:433)
	at com.kms.katalon.core.main.TestCaseExecutor.processExecutionPhase(TestCaseExecutor.java:412)
	at com.kms.katalon.core.main.TestCaseExecutor.accessMainPhase(TestCaseExecutor.java:404)
	at com.kms.katalon.core.main.TestCaseExecutor.execute(TestCaseExecutor.java:281)
	at com.kms.katalon.core.main.TestSuiteExecutor.accessTestCaseMainPhase(TestSuiteExecutor.java:202)
	at com.kms.katalon.core.main.TestSuiteExecutor.accessTestSuiteMainPhase(TestSuiteExecutor.java:164)
	at com.kms.katalon.core.main.TestSuiteExecutor.execute(TestSuiteExecutor.java:105)
	at com.kms.katalon.core.main.TestCaseMain.startTestSuite(TestCaseMain.java:185)
	at com.kms.katalon.core.main.TestCaseMain$startTestSuite$0.call(Unknown Source)
	at TempTestSuite1656641001441.run(TempTestSuite1656641001441.groovy:36)
Caused by: com.kms.katalon.core.exception.StepFailedException: Unable to click on object 'Object Repository/AdminSuiteBootstrap_Pages/Dashboard_Bootstrap/a_Access AutoNoCFtp'
	... 21 more
Caused by: com.kms.katalon.core.webui.exception.WebElementNotFoundException: Web element with id: 'Object Repository/AdminSuiteBootstrap_Pages/Dashboard_Bootstrap/a_Access AutoNoCFtp' located by '//*[@href = '/admin/imtiaz/bootstrap/vpos/742/' and (text() = 'Access AutoNoCFtp' or . = 'Access AutoNoCFtp')]' not found
	at com.kms.katalon.core.webui.common.WebUiCommonHelper.findWebElement(WebUiCommonHelper.java:1370)
	at com.kms.katalon.core.webui.keyword.internal.WebUIAbstractKeyword.findWebElement(WebUIAbstractKeyword.groovy:27)
	at com.kms.katalon.core.webui.keyword.builtin.ClickKeyword$_click_closure1.doCall(ClickKeyword.groovy:65)
	at com.kms.katalon.core.webui.keyword.builtin.ClickKeyword$_click_closure1.call(ClickKeyword.groovy)
	at com.kms.katalon.core.webui.keyword.internal.WebUIKeywordMain.runKeyword(WebUIKeywordMain.groovy:20)
	... 19 more]]></system-err>
   </testsuite>
</testsuites>
