<?xml version="1.0" encoding="UTF-8"?>
<testsuites name="UM-TestSuite" time="983.483" tests="12" failures="4" errors="0">
   <testsuite name="UM-TestSuite" tests="12" failures="4" errors="0" time="983.483" skipped="0" timestamp="2022-07-20 17:00:47" hostname="imtiaz - DESKTOP-B2QI6NS.govolution.com" id="Test Suites/Demo/UM-Bootstrap/UM-TestSuite">
      <properties>
         <property name="deviceName" value=""/>
         <property name="devicePlatform" value=""/>
         <property name="logFolder" value="E:\\Cloned-Project-Katalon\\VPS-Katalon\\Reports\\20220720_170041\\Demo\\UM-Bootstrap\\UM-TestSuite\\20220720_170041"/>
         <property name="logFiles" value="E:\\Cloned-Project-Katalon\\VPS-Katalon\\Reports\\20220720_170041\\Demo\\UM-Bootstrap\\UM-TestSuite\\20220720_170041\\execution0.log"/>
         <property name="attachments" value="E:\\Cloned-Project-Katalon\\VPS-Katalon\\Reports\\20220720_170041\\Demo\\UM-Bootstrap\\UM-TestSuite\\20220720_170041\\1658351534885.png"/>
         <property name="hostName" value="imtiaz - DESKTOP-B2QI6NS.govolution.com"/>
         <property name="os" value="Windows 10 64bit"/>
         <property name="katalonVersion" value="8.2.5.208"/>
         <property name="browser" value="Chrome 103.0.5060.114"/>
         <property name="hostAddress" value="172.31.253.180"/>
         <property name="sessionId" value="50f78667ac8d549a20dfa0d5f7b2048b"/>
         <property name="seleniumVersion" value="3.141.59"/>
         <property name="proxyInformation" value="ProxyInformation { proxyOption=NO_PROXY, proxyServerType=HTTP, username=, password=********, proxyServerAddress=, proxyServerPort=0, executionList=&quot;&quot;, isApplyToDesiredCapabilities=true }"/>
         <property name="platform" value="Windows 10"/>
      </properties>
      <testcase name="Test Cases/Admin Suite Bootstrap/UM_TestCases/Users/AddDeleteUser" time="79.615" classname="Test Cases/Admin Suite Bootstrap/UM_TestCases/Users/AddDeleteUser" status="PASSED">
         <system-out><![CDATA[2022-07-20 17:00:47 - [TEST_CASE][PASSED] - Test Cases/Admin Suite Bootstrap/UM_TestCases/Users/AddDeleteUser: Test Cases/Admin Suite Bootstrap/UM_TestCases/Users/AddDeleteUser

2022-07-20 17:00:48 - [TEST_STEP][PASSED] - path_Dashboard = "Object Repository/AdminSuiteBootstrap_Pages/Dashboard_Bootstrap/": null

2022-07-20 17:00:48 - [TEST_STEP][PASSED] - path_Users = "Object Repository/AdminSuiteBootstrap_Pages/UM_Bootstrap/Users/": null

2022-07-20 17:00:48 - [TEST_STEP][PASSED] - path_UserView = "Object Repository/AdminSuiteBootstrap_Pages/UM_Bootstrap/UserView/": null

2022-07-20 17:00:48 - [TEST_STEP][PASSED] - path_DeleteUser = "Object Repository/AdminSuiteBootstrap_Pages/UM_Bootstrap/DeleteUser/": null

2022-07-20 17:00:48 - [TEST_STEP][PASSED] - executionProfile = getExecutionProfile(): null

2022-07-20 17:00:48 - [TEST_STEP][PASSED] - out.println("executionProfile : " + executionProfile): null

2022-07-20 17:00:48 - [TEST_STEP][PASSED] - appName = <not implemented yet for class: org.codehaus.groovy.ast.expr.EmptyExpression>: null

2022-07-20 17:00:48 - [TEST_STEP][PASSED] - appID = <not implemented yet for class: org.codehaus.groovy.ast.expr.EmptyExpression>: null

2022-07-20 17:00:48 - [TEST_STEP][PASSED] - cardNameV = <not implemented yet for class: org.codehaus.groovy.ast.expr.EmptyExpression>: null

2022-07-20 17:00:48 - [TEST_STEP][PASSED] - al1V = <not implemented yet for class: org.codehaus.groovy.ast.expr.EmptyExpression>: null

2022-07-20 17:00:48 - [TEST_STEP][PASSED] - al2V = <not implemented yet for class: org.codehaus.groovy.ast.expr.EmptyExpression>: null

2022-07-20 17:00:48 - [TEST_STEP][PASSED] - zipV = <not implemented yet for class: org.codehaus.groovy.ast.expr.EmptyExpression>: null

2022-07-20 17:00:48 - [TEST_STEP][PASSED] - cardTypeV = <not implemented yet for class: org.codehaus.groovy.ast.expr.EmptyExpression>: null

2022-07-20 17:00:48 - [TEST_STEP][PASSED] - nameSheet = "CreateUser": null

2022-07-20 17:00:48 - [TEST_STEP][PASSED] - dataFile = "QA/Bootstrap/UM-TestData/CreateUser": null

2022-07-20 17:00:48 - [TEST_STEP][PASSED] - numOfRows = findTestData("QA/Bootstrap/UM-TestData/CreateUser").getRowNumbers(): null

2022-07-20 17:00:49 - [TEST_STEP][PASSED] - println("Number of Records: " + numOfRows): null

2022-07-20 17:00:49 - [TEST_STEP][PASSED] - for ([row = 1, row <= numOfRows, (row++)]): Browser is closed

2022-07-20 17:00:49 - [TEST_STEP][PASSED] - ExecuteTC = findTestData(dataFile).getValue("Execute", row): null

2022-07-20 17:00:49 - [TEST_STEP][PASSED] - out.println("Value of Execute is : " + ExecuteTC): null

2022-07-20 17:00:49 - [TEST_STEP][PASSED] - if (ExecuteTC.equalsIgnoreCase("Y")): Browser is closed

2022-07-20 17:00:49 - [TEST_STEP][PASSED] - out.println("Begin Record Number: " + row): null

2022-07-20 17:00:49 - [TEST_STEP][PASSED] - today = new java.util.Date(): null

2022-07-20 17:00:49 - [TEST_STEP][PASSED] - println(today): null

2022-07-20 17:00:49 - [TEST_STEP][PASSED] - datText = today: null

2022-07-20 17:00:49 - [TEST_STEP][PASSED] - adminSuiteBootstrap.loginFunctionality.login_AdminSuite(): adminSuiteBootstrap.loginFunctionality.login_AdminSuite is PASSED

2022-07-20 17:00:50 - [MESSAGE][INFO] - Starting 'Chrome' driver

2022-07-20 17:00:50 - [MESSAGE][INFO] - User set preference: ['acceptInsecureCerts', 'true']

2022-07-20 17:00:50 - [MESSAGE][INFO] - Action delay is set to 0 milliseconds

2022-07-20 17:00:54 - [MESSAGE][PASSED] - Browser is opened with url: 'https://demo.velocitypayment.com/admin/imtiazdemo'

2022-07-20 17:00:54 - [MESSAGE][PASSED] - Current window maximized

2022-07-20 17:00:54 - [MESSAGE][PASSED] - Object 'Object Repository/Login_Page/Login_Username' is present

2022-07-20 17:00:55 - [MESSAGE][PASSED] - Text 'iahmed' is set on object 'Object Repository/Login_Page/Login_Username'

2022-07-20 17:00:56 - [MESSAGE][PASSED] - Text 'hello2222' is set on object 'Object Repository/Login_Page/Login_Password'

2022-07-20 17:00:59 - [MESSAGE][PASSED] - Object: 'Object Repository/Login_Page/Login_Submit' is clicked on

2022-07-20 17:00:59 - [MESSAGE][PASSED] - adminSuiteBootstrap.loginFunctionality.login_AdminSuite is PASSED

2022-07-20 17:00:59 - [TEST_STEP][PASSED] - click(findTestObject(path_Dashboard + "a_Access User Management")): Object: 'Object Repository/AdminSuiteBootstrap_Pages/Dashboard_Bootstrap/a_Access User Management' is clicked on

2022-07-20 17:01:01 - [MESSAGE][PASSED] - Object: 'Object Repository/AdminSuiteBootstrap_Pages/Dashboard_Bootstrap/a_Access User Management' is clicked on

2022-07-20 17:01:01 - [TEST_STEP][PASSED] - click(findTestObject(path_Users + "a_Add User")): Object: 'Object Repository/AdminSuiteBootstrap_Pages/UM_Bootstrap/Users/a_Add User' is clicked on

2022-07-20 17:01:02 - [MESSAGE][PASSED] - Object: 'Object Repository/AdminSuiteBootstrap_Pages/UM_Bootstrap/Users/a_Add User' is clicked on

2022-07-20 17:01:02 - [TEST_STEP][PASSED] - adminSuiteBootstrap.addUser.setDataAddUser(row, dataFile): adminSuiteBootstrap.addUser.setDataAddUser is PASSED

2022-07-20 17:01:03 - [MESSAGE][PASSED] - Text 'iahmed@govolution.com' is set on object 'Object Repository/AdminSuiteBootstrap_Pages/UM_Bootstrap/AddUser/input_EmailAddress'

2022-07-20 17:01:04 - [MESSAGE][PASSED] - Text 'DfPupofdE' is set on object 'Object Repository/AdminSuiteBootstrap_Pages/UM_Bootstrap/AddUser/input_Username'

2022-07-20 17:01:05 - [MESSAGE][PASSED] - Text 'PHDjjsoqc' is set on object 'Object Repository/AdminSuiteBootstrap_Pages/UM_Bootstrap/AddUser/input_FirstName'

2022-07-20 17:01:05 - [MESSAGE][PASSED] - Text 'uoqAcOsGl' is set on object 'Object Repository/AdminSuiteBootstrap_Pages/UM_Bootstrap/AddUser/input_LastName'

2022-07-20 17:01:06 - [MESSAGE][PASSED] - Text 'hello5555' is set on object 'Object Repository/AdminSuiteBootstrap_Pages/UM_Bootstrap/AddUser/input_Password'

2022-07-20 17:01:07 - [MESSAGE][PASSED] - Text 'hello5555' is set on object 'Object Repository/AdminSuiteBootstrap_Pages/UM_Bootstrap/AddUser/input_ConfirmPassword'

2022-07-20 17:01:07 - [MESSAGE][PASSED] - Object 'Object Repository/AdminSuiteBootstrap_Pages/UM_Bootstrap/AddUser/input_No_lock' is checked

2022-07-20 17:01:10 - [MESSAGE][PASSED] - Object: 'Object Repository/AdminSuiteBootstrap_Pages/UM_Bootstrap/AddUser/button_Create' is clicked on

2022-07-20 17:01:10 - [MESSAGE][PASSED] - adminSuiteBootstrap.addUser.setDataAddUser is PASSED

2022-07-20 17:01:10 - [TEST_STEP][PASSED] - if (verifyTextPresent("User Account Created A user account for", true)): null

2022-07-20 17:01:11 - [MESSAGE][PASSED] - Text 'User Account Created A user account for' is present on page  using regular expression

2022-07-20 17:01:11 - [TEST_STEP][PASSED] - verifyTextPresent("was successfully created", true): Text 'was successfully created' is present on page  using regular expression

2022-07-20 17:01:11 - [MESSAGE][PASSED] - Text 'was successfully created' is present on page  using regular expression

2022-07-20 17:01:11 - [TEST_STEP][PASSED] - click(findTestObject(path_UserView + "button_Delete")): Object: 'Object Repository/AdminSuiteBootstrap_Pages/UM_Bootstrap/UserView/button_Delete' is clicked on

2022-07-20 17:01:11 - [MESSAGE][PASSED] - Object: 'Object Repository/AdminSuiteBootstrap_Pages/UM_Bootstrap/UserView/button_Delete' is clicked on

2022-07-20 17:01:11 - [TEST_STEP][PASSED] - click(findTestObject(path_DeleteUser + "button_Okay_First")): Object: 'Object Repository/AdminSuiteBootstrap_Pages/UM_Bootstrap/DeleteUser/button_Okay_First' is clicked on

2022-07-20 17:01:12 - [MESSAGE][PASSED] - Object: 'Object Repository/AdminSuiteBootstrap_Pages/UM_Bootstrap/DeleteUser/button_Okay_First' is clicked on

2022-07-20 17:01:12 - [TEST_STEP][PASSED] - click(findTestObject(path_DeleteUser + "button_Okay_Last")): Object: 'Object Repository/AdminSuiteBootstrap_Pages/UM_Bootstrap/DeleteUser/button_Okay_Last' is clicked on

2022-07-20 17:01:15 - [MESSAGE][PASSED] - Object: 'Object Repository/AdminSuiteBootstrap_Pages/UM_Bootstrap/DeleteUser/button_Okay_Last' is clicked on

2022-07-20 17:01:15 - [TEST_STEP][PASSED] - closeBrowser(): Browser is closed

2022-07-20 17:01:16 - [MESSAGE][PASSED] - Browser is closed

2022-07-20 17:01:16 - [TEST_STEP][PASSED] - ExecuteTC = findTestData(dataFile).getValue("Execute", row): null

2022-07-20 17:01:16 - [TEST_STEP][PASSED] - out.println("Value of Execute is : " + ExecuteTC): null

2022-07-20 17:01:16 - [TEST_STEP][PASSED] - if (ExecuteTC.equalsIgnoreCase("Y")): Browser is closed

2022-07-20 17:01:16 - [TEST_STEP][PASSED] - out.println("Begin Record Number: " + row): null

2022-07-20 17:01:16 - [TEST_STEP][PASSED] - today = new java.util.Date(): null

2022-07-20 17:01:16 - [TEST_STEP][PASSED] - println(today): null

2022-07-20 17:01:16 - [TEST_STEP][PASSED] - datText = today: null

2022-07-20 17:01:16 - [TEST_STEP][PASSED] - adminSuiteBootstrap.loginFunctionality.login_AdminSuite(): adminSuiteBootstrap.loginFunctionality.login_AdminSuite is PASSED

2022-07-20 17:01:16 - [MESSAGE][INFO] - Starting 'Chrome' driver

2022-07-20 17:01:16 - [MESSAGE][INFO] - User set preference: ['acceptInsecureCerts', 'true']

2022-07-20 17:01:16 - [MESSAGE][INFO] - Action delay is set to 0 milliseconds

2022-07-20 17:01:20 - [MESSAGE][PASSED] - Browser is opened with url: 'https://demo.velocitypayment.com/admin/imtiazdemo'

2022-07-20 17:01:20 - [MESSAGE][PASSED] - Current window maximized

2022-07-20 17:01:20 - [MESSAGE][PASSED] - Object 'Object Repository/Login_Page/Login_Username' is present

2022-07-20 17:01:21 - [MESSAGE][PASSED] - Text 'iahmed' is set on object 'Object Repository/Login_Page/Login_Username'

2022-07-20 17:01:22 - [MESSAGE][PASSED] - Text 'hello2222' is set on object 'Object Repository/Login_Page/Login_Password'

2022-07-20 17:01:25 - [MESSAGE][PASSED] - Object: 'Object Repository/Login_Page/Login_Submit' is clicked on

2022-07-20 17:01:25 - [MESSAGE][PASSED] - adminSuiteBootstrap.loginFunctionality.login_AdminSuite is PASSED

2022-07-20 17:01:25 - [TEST_STEP][PASSED] - click(findTestObject(path_Dashboard + "a_Access User Management")): Object: 'Object Repository/AdminSuiteBootstrap_Pages/Dashboard_Bootstrap/a_Access User Management' is clicked on

2022-07-20 17:01:27 - [MESSAGE][PASSED] - Object: 'Object Repository/AdminSuiteBootstrap_Pages/Dashboard_Bootstrap/a_Access User Management' is clicked on

2022-07-20 17:01:27 - [TEST_STEP][PASSED] - click(findTestObject(path_Users + "a_Add User")): Object: 'Object Repository/AdminSuiteBootstrap_Pages/UM_Bootstrap/Users/a_Add User' is clicked on

2022-07-20 17:01:28 - [MESSAGE][PASSED] - Object: 'Object Repository/AdminSuiteBootstrap_Pages/UM_Bootstrap/Users/a_Add User' is clicked on

2022-07-20 17:01:28 - [TEST_STEP][PASSED] - adminSuiteBootstrap.addUser.setDataAddUser(row, dataFile): adminSuiteBootstrap.addUser.setDataAddUser is PASSED

2022-07-20 17:01:29 - [MESSAGE][PASSED] - Text 'iahmed@govolution.com' is set on object 'Object Repository/AdminSuiteBootstrap_Pages/UM_Bootstrap/AddUser/input_EmailAddress'

2022-07-20 17:01:30 - [MESSAGE][PASSED] - Text 'jRbMsQYHk' is set on object 'Object Repository/AdminSuiteBootstrap_Pages/UM_Bootstrap/AddUser/input_Username'

2022-07-20 17:01:30 - [MESSAGE][PASSED] - Text 'rRQhlRgXI' is set on object 'Object Repository/AdminSuiteBootstrap_Pages/UM_Bootstrap/AddUser/input_FirstName'

2022-07-20 17:01:31 - [MESSAGE][PASSED] - Text 'WySLChVOQ' is set on object 'Object Repository/AdminSuiteBootstrap_Pages/UM_Bootstrap/AddUser/input_LastName'

2022-07-20 17:01:32 - [MESSAGE][PASSED] - Text 'hello5555' is set on object 'Object Repository/AdminSuiteBootstrap_Pages/UM_Bootstrap/AddUser/input_Password'

2022-07-20 17:01:32 - [MESSAGE][PASSED] - Text 'hello5555' is set on object 'Object Repository/AdminSuiteBootstrap_Pages/UM_Bootstrap/AddUser/input_ConfirmPassword'

2022-07-20 17:01:33 - [MESSAGE][PASSED] - Object 'Object Repository/AdminSuiteBootstrap_Pages/UM_Bootstrap/AddUser/input_No_lock' is checked

2022-07-20 17:01:36 - [MESSAGE][PASSED] - Object: 'Object Repository/AdminSuiteBootstrap_Pages/UM_Bootstrap/AddUser/button_Create' is clicked on

2022-07-20 17:01:36 - [MESSAGE][PASSED] - adminSuiteBootstrap.addUser.setDataAddUser is PASSED

2022-07-20 17:01:36 - [TEST_STEP][PASSED] - if (verifyTextPresent("User Account Created A user account for", true)): null

2022-07-20 17:01:36 - [MESSAGE][PASSED] - Text 'User Account Created A user account for' is present on page  using regular expression

2022-07-20 17:01:36 - [TEST_STEP][PASSED] - verifyTextPresent("was successfully created", true): Text 'was successfully created' is present on page  using regular expression

2022-07-20 17:01:37 - [MESSAGE][PASSED] - Text 'was successfully created' is present on page  using regular expression

2022-07-20 17:01:37 - [TEST_STEP][PASSED] - click(findTestObject(path_UserView + "button_Delete")): Object: 'Object Repository/AdminSuiteBootstrap_Pages/UM_Bootstrap/UserView/button_Delete' is clicked on

2022-07-20 17:01:37 - [MESSAGE][PASSED] - Object: 'Object Repository/AdminSuiteBootstrap_Pages/UM_Bootstrap/UserView/button_Delete' is clicked on

2022-07-20 17:01:37 - [TEST_STEP][PASSED] - click(findTestObject(path_DeleteUser + "button_Okay_First")): Object: 'Object Repository/AdminSuiteBootstrap_Pages/UM_Bootstrap/DeleteUser/button_Okay_First' is clicked on

2022-07-20 17:01:38 - [MESSAGE][PASSED] - Object: 'Object Repository/AdminSuiteBootstrap_Pages/UM_Bootstrap/DeleteUser/button_Okay_First' is clicked on

2022-07-20 17:01:38 - [TEST_STEP][PASSED] - click(findTestObject(path_DeleteUser + "button_Okay_Last")): Object: 'Object Repository/AdminSuiteBootstrap_Pages/UM_Bootstrap/DeleteUser/button_Okay_Last' is clicked on

2022-07-20 17:01:40 - [MESSAGE][PASSED] - Object: 'Object Repository/AdminSuiteBootstrap_Pages/UM_Bootstrap/DeleteUser/button_Okay_Last' is clicked on

2022-07-20 17:01:40 - [TEST_STEP][PASSED] - closeBrowser(): Browser is closed

2022-07-20 17:01:41 - [MESSAGE][PASSED] - Browser is closed

2022-07-20 17:01:41 - [TEST_STEP][PASSED] - ExecuteTC = findTestData(dataFile).getValue("Execute", row): null

2022-07-20 17:01:41 - [TEST_STEP][PASSED] - out.println("Value of Execute is : " + ExecuteTC): null

2022-07-20 17:01:41 - [TEST_STEP][PASSED] - if (ExecuteTC.equalsIgnoreCase("Y")): Browser is closed

2022-07-20 17:01:41 - [TEST_STEP][PASSED] - out.println("Begin Record Number: " + row): null

2022-07-20 17:01:41 - [TEST_STEP][PASSED] - today = new java.util.Date(): null

2022-07-20 17:01:41 - [TEST_STEP][PASSED] - println(today): null

2022-07-20 17:01:41 - [TEST_STEP][PASSED] - datText = today: null

2022-07-20 17:01:41 - [TEST_STEP][PASSED] - adminSuiteBootstrap.loginFunctionality.login_AdminSuite(): adminSuiteBootstrap.loginFunctionality.login_AdminSuite is PASSED

2022-07-20 17:01:41 - [MESSAGE][INFO] - Starting 'Chrome' driver

2022-07-20 17:01:41 - [MESSAGE][INFO] - User set preference: ['acceptInsecureCerts', 'true']

2022-07-20 17:01:41 - [MESSAGE][INFO] - Action delay is set to 0 milliseconds

2022-07-20 17:01:44 - [MESSAGE][PASSED] - Browser is opened with url: 'https://demo.velocitypayment.com/admin/imtiazdemo'

2022-07-20 17:01:44 - [MESSAGE][PASSED] - Current window maximized

2022-07-20 17:01:44 - [MESSAGE][PASSED] - Object 'Object Repository/Login_Page/Login_Username' is present

2022-07-20 17:01:45 - [MESSAGE][PASSED] - Text 'iahmed' is set on object 'Object Repository/Login_Page/Login_Username'

2022-07-20 17:01:46 - [MESSAGE][PASSED] - Text 'hello2222' is set on object 'Object Repository/Login_Page/Login_Password'

2022-07-20 17:01:49 - [MESSAGE][PASSED] - Object: 'Object Repository/Login_Page/Login_Submit' is clicked on

2022-07-20 17:01:49 - [MESSAGE][PASSED] - adminSuiteBootstrap.loginFunctionality.login_AdminSuite is PASSED

2022-07-20 17:01:49 - [TEST_STEP][PASSED] - click(findTestObject(path_Dashboard + "a_Access User Management")): Object: 'Object Repository/AdminSuiteBootstrap_Pages/Dashboard_Bootstrap/a_Access User Management' is clicked on

2022-07-20 17:01:52 - [MESSAGE][PASSED] - Object: 'Object Repository/AdminSuiteBootstrap_Pages/Dashboard_Bootstrap/a_Access User Management' is clicked on

2022-07-20 17:01:52 - [TEST_STEP][PASSED] - click(findTestObject(path_Users + "a_Add User")): Object: 'Object Repository/AdminSuiteBootstrap_Pages/UM_Bootstrap/Users/a_Add User' is clicked on

2022-07-20 17:01:53 - [MESSAGE][PASSED] - Object: 'Object Repository/AdminSuiteBootstrap_Pages/UM_Bootstrap/Users/a_Add User' is clicked on

2022-07-20 17:01:53 - [TEST_STEP][PASSED] - adminSuiteBootstrap.addUser.setDataAddUser(row, dataFile): adminSuiteBootstrap.addUser.setDataAddUser is PASSED

2022-07-20 17:01:54 - [MESSAGE][PASSED] - Text 'iahmed@govolution.com' is set on object 'Object Repository/AdminSuiteBootstrap_Pages/UM_Bootstrap/AddUser/input_EmailAddress'

2022-07-20 17:01:55 - [MESSAGE][PASSED] - Text '150150679' is set on object 'Object Repository/AdminSuiteBootstrap_Pages/UM_Bootstrap/AddUser/input_Username'

2022-07-20 17:01:55 - [MESSAGE][PASSED] - Text 'JOdzuobGR' is set on object 'Object Repository/AdminSuiteBootstrap_Pages/UM_Bootstrap/AddUser/input_FirstName'

2022-07-20 17:01:56 - [MESSAGE][PASSED] - Text 'FOOTKTvhf' is set on object 'Object Repository/AdminSuiteBootstrap_Pages/UM_Bootstrap/AddUser/input_LastName'

2022-07-20 17:01:57 - [MESSAGE][PASSED] - Text 'hello5555' is set on object 'Object Repository/AdminSuiteBootstrap_Pages/UM_Bootstrap/AddUser/input_Password'

2022-07-20 17:01:57 - [MESSAGE][PASSED] - Text 'hello5555' is set on object 'Object Repository/AdminSuiteBootstrap_Pages/UM_Bootstrap/AddUser/input_ConfirmPassword'

2022-07-20 17:01:58 - [MESSAGE][PASSED] - Object 'Object Repository/AdminSuiteBootstrap_Pages/UM_Bootstrap/AddUser/input_No_lock' is checked

2022-07-20 17:02:01 - [MESSAGE][PASSED] - Object: 'Object Repository/AdminSuiteBootstrap_Pages/UM_Bootstrap/AddUser/button_Create' is clicked on

2022-07-20 17:02:01 - [MESSAGE][PASSED] - adminSuiteBootstrap.addUser.setDataAddUser is PASSED

2022-07-20 17:02:01 - [TEST_STEP][PASSED] - if (verifyTextPresent("User Account Created A user account for", true)): null

2022-07-20 17:02:02 - [MESSAGE][PASSED] - Text 'User Account Created A user account for' is present on page  using regular expression

2022-07-20 17:02:02 - [TEST_STEP][PASSED] - verifyTextPresent("was successfully created", true): Text 'was successfully created' is present on page  using regular expression

2022-07-20 17:02:02 - [MESSAGE][PASSED] - Text 'was successfully created' is present on page  using regular expression

2022-07-20 17:02:02 - [TEST_STEP][PASSED] - click(findTestObject(path_UserView + "button_Delete")): Object: 'Object Repository/AdminSuiteBootstrap_Pages/UM_Bootstrap/UserView/button_Delete' is clicked on

2022-07-20 17:02:02 - [MESSAGE][PASSED] - Object: 'Object Repository/AdminSuiteBootstrap_Pages/UM_Bootstrap/UserView/button_Delete' is clicked on

2022-07-20 17:02:02 - [TEST_STEP][PASSED] - click(findTestObject(path_DeleteUser + "button_Okay_First")): Object: 'Object Repository/AdminSuiteBootstrap_Pages/UM_Bootstrap/DeleteUser/button_Okay_First' is clicked on

2022-07-20 17:02:03 - [MESSAGE][PASSED] - Object: 'Object Repository/AdminSuiteBootstrap_Pages/UM_Bootstrap/DeleteUser/button_Okay_First' is clicked on

2022-07-20 17:02:03 - [TEST_STEP][PASSED] - click(findTestObject(path_DeleteUser + "button_Okay_Last")): Object: 'Object Repository/AdminSuiteBootstrap_Pages/UM_Bootstrap/DeleteUser/button_Okay_Last' is clicked on

2022-07-20 17:02:06 - [MESSAGE][PASSED] - Object: 'Object Repository/AdminSuiteBootstrap_Pages/UM_Bootstrap/DeleteUser/button_Okay_Last' is clicked on

2022-07-20 17:02:06 - [TEST_STEP][PASSED] - closeBrowser(): Browser is closed

2022-07-20 17:02:07 - [MESSAGE][PASSED] - Browser is closed]]></system-out>
         <system-err><![CDATA[]]></system-err>
      </testcase>
      <testcase name="Test Cases/Admin Suite Bootstrap/UM_TestCases/Users/AddUserSpecialChar" time="51.336" classname="Test Cases/Admin Suite Bootstrap/UM_TestCases/Users/AddUserSpecialChar" status="PASSED">
         <system-out><![CDATA[2022-07-20 17:02:07 - [TEST_CASE][PASSED] - Test Cases/Admin Suite Bootstrap/UM_TestCases/Users/AddUserSpecialChar: Test Cases/Admin Suite Bootstrap/UM_TestCases/Users/AddUserSpecialChar

2022-07-20 17:02:07 - [TEST_STEP][PASSED] - path_Dashboard = "Object Repository/AdminSuiteBootstrap_Pages/Dashboard_Bootstrap/": null

2022-07-20 17:02:07 - [TEST_STEP][PASSED] - path_Users = "Object Repository/AdminSuiteBootstrap_Pages/UM_Bootstrap/Users/": null

2022-07-20 17:02:07 - [TEST_STEP][PASSED] - path_UserView = "Object Repository/AdminSuiteBootstrap_Pages/UM_Bootstrap/UserView/": null

2022-07-20 17:02:07 - [TEST_STEP][PASSED] - path_DeleteUser = "Object Repository/AdminSuiteBootstrap_Pages/UM_Bootstrap/DeleteUser/": null

2022-07-20 17:02:07 - [TEST_STEP][PASSED] - path_AddUser = "Object Repository/AdminSuiteBootstrap_Pages/UM_Bootstrap/AddUser/": null

2022-07-20 17:02:07 - [TEST_STEP][PASSED] - executionProfile = getExecutionProfile(): null

2022-07-20 17:02:07 - [TEST_STEP][PASSED] - out.println("executionProfile : " + executionProfile): null

2022-07-20 17:02:07 - [TEST_STEP][PASSED] - appName = <not implemented yet for class: org.codehaus.groovy.ast.expr.EmptyExpression>: null

2022-07-20 17:02:07 - [TEST_STEP][PASSED] - appID = <not implemented yet for class: org.codehaus.groovy.ast.expr.EmptyExpression>: null

2022-07-20 17:02:07 - [TEST_STEP][PASSED] - spUsername = <not implemented yet for class: org.codehaus.groovy.ast.expr.EmptyExpression>: null

2022-07-20 17:02:07 - [TEST_STEP][PASSED] - nameSheet = "CreateUserSpChar": null

2022-07-20 17:02:07 - [TEST_STEP][PASSED] - dataFile = "QA/Bootstrap/UM-TestData/CreateUserSpChar": null

2022-07-20 17:02:07 - [TEST_STEP][PASSED] - numOfRows = findTestData("QA/Bootstrap/UM-TestData/CreateUserSpChar").getRowNumbers(): null

2022-07-20 17:02:07 - [TEST_STEP][PASSED] - println("Number of Records: " + numOfRows): null

2022-07-20 17:02:07 - [TEST_STEP][PASSED] - for ([row = 1, row <= numOfRows, (row++)]): Browser is closed

2022-07-20 17:02:07 - [TEST_STEP][PASSED] - ExecuteTC = findTestData(dataFile).getValue("Execute", row): null

2022-07-20 17:02:08 - [TEST_STEP][PASSED] - out.println("Value of Execute is : " + ExecuteTC): null

2022-07-20 17:02:08 - [TEST_STEP][PASSED] - if (ExecuteTC.equalsIgnoreCase("Y")): Browser is closed

2022-07-20 17:02:08 - [TEST_STEP][PASSED] - out.println("Begin Record Number: " + row): null

2022-07-20 17:02:08 - [TEST_STEP][PASSED] - adminSuiteBootstrap.loginFunctionality.login_AdminSuite(): adminSuiteBootstrap.loginFunctionality.login_AdminSuite is PASSED

2022-07-20 17:02:08 - [MESSAGE][INFO] - Starting 'Chrome' driver

2022-07-20 17:02:08 - [MESSAGE][INFO] - User set preference: ['acceptInsecureCerts', 'true']

2022-07-20 17:02:08 - [MESSAGE][INFO] - Action delay is set to 0 milliseconds

2022-07-20 17:02:10 - [MESSAGE][PASSED] - Browser is opened with url: 'https://demo.velocitypayment.com/admin/imtiazdemo'

2022-07-20 17:02:11 - [MESSAGE][PASSED] - Current window maximized

2022-07-20 17:02:11 - [MESSAGE][PASSED] - Object 'Object Repository/Login_Page/Login_Username' is present

2022-07-20 17:02:12 - [MESSAGE][PASSED] - Text 'iahmed' is set on object 'Object Repository/Login_Page/Login_Username'

2022-07-20 17:02:12 - [MESSAGE][PASSED] - Text 'hello2222' is set on object 'Object Repository/Login_Page/Login_Password'

2022-07-20 17:02:16 - [MESSAGE][PASSED] - Object: 'Object Repository/Login_Page/Login_Submit' is clicked on

2022-07-20 17:02:16 - [MESSAGE][PASSED] - adminSuiteBootstrap.loginFunctionality.login_AdminSuite is PASSED

2022-07-20 17:02:16 - [TEST_STEP][PASSED] - click(findTestObject(path_Dashboard + "a_Access User Management")): Object: 'Object Repository/AdminSuiteBootstrap_Pages/Dashboard_Bootstrap/a_Access User Management' is clicked on

2022-07-20 17:02:19 - [MESSAGE][PASSED] - Object: 'Object Repository/AdminSuiteBootstrap_Pages/Dashboard_Bootstrap/a_Access User Management' is clicked on

2022-07-20 17:02:19 - [TEST_STEP][PASSED] - click(findTestObject(path_Users + "a_Add User")): Object: 'Object Repository/AdminSuiteBootstrap_Pages/UM_Bootstrap/Users/a_Add User' is clicked on

2022-07-20 17:02:19 - [MESSAGE][PASSED] - Object: 'Object Repository/AdminSuiteBootstrap_Pages/UM_Bootstrap/Users/a_Add User' is clicked on

2022-07-20 17:02:19 - [TEST_STEP][PASSED] - buildUsername = pages.GenerateRandom.getRandomAlpha(): pages.GenerateRandom.getRandomAlpha is PASSED

2022-07-20 17:02:19 - [MESSAGE][PASSED] - pages.GenerateRandom.getRandomAlpha is PASSED

2022-07-20 17:02:19 - [TEST_STEP][PASSED] - prefixUsername = findTestData(dataFile).getValue("Username", row): null

2022-07-20 17:02:19 - [TEST_STEP][PASSED] - spUsername = buildUsername + prefixUsername + buildUsername: null

2022-07-20 17:02:19 - [TEST_STEP][PASSED] - setText(findTestObject(path_AddUser + "input_EmailAddress"), "iahmed@govolution.com"): Text 'iahmed@govolution.com' is set on object 'Object Repository/AdminSuiteBootstrap_Pages/UM_Bootstrap/AddUser/input_EmailAddress'

2022-07-20 17:02:20 - [MESSAGE][PASSED] - Text 'iahmed@govolution.com' is set on object 'Object Repository/AdminSuiteBootstrap_Pages/UM_Bootstrap/AddUser/input_EmailAddress'

2022-07-20 17:02:20 - [TEST_STEP][PASSED] - setText(findTestObject(path_AddUser + "input_Username"), spUsername): Text 'qDWwhGYmi_qDWwhGYmi' is set on object 'Object Repository/AdminSuiteBootstrap_Pages/UM_Bootstrap/AddUser/input_Username'

2022-07-20 17:02:21 - [MESSAGE][PASSED] - Text 'qDWwhGYmi_qDWwhGYmi' is set on object 'Object Repository/AdminSuiteBootstrap_Pages/UM_Bootstrap/AddUser/input_Username'

2022-07-20 17:02:21 - [TEST_STEP][PASSED] - setText(findTestObject(path_AddUser + "input_FirstName"), "Ashley"): Text 'Ashley' is set on object 'Object Repository/AdminSuiteBootstrap_Pages/UM_Bootstrap/AddUser/input_FirstName'

2022-07-20 17:02:22 - [MESSAGE][PASSED] - Text 'Ashley' is set on object 'Object Repository/AdminSuiteBootstrap_Pages/UM_Bootstrap/AddUser/input_FirstName'

2022-07-20 17:02:22 - [TEST_STEP][PASSED] - setText(findTestObject(path_AddUser + "input_LastName"), "Luka"): Text 'Luka' is set on object 'Object Repository/AdminSuiteBootstrap_Pages/UM_Bootstrap/AddUser/input_LastName'

2022-07-20 17:02:22 - [MESSAGE][PASSED] - Text 'Luka' is set on object 'Object Repository/AdminSuiteBootstrap_Pages/UM_Bootstrap/AddUser/input_LastName'

2022-07-20 17:02:22 - [TEST_STEP][PASSED] - setText(findTestObject(path_AddUser + "input_Password"), "hello6666"): Text 'hello6666' is set on object 'Object Repository/AdminSuiteBootstrap_Pages/UM_Bootstrap/AddUser/input_Password'

2022-07-20 17:02:23 - [MESSAGE][PASSED] - Text 'hello6666' is set on object 'Object Repository/AdminSuiteBootstrap_Pages/UM_Bootstrap/AddUser/input_Password'

2022-07-20 17:02:23 - [TEST_STEP][PASSED] - setText(findTestObject(path_AddUser + "input_ConfirmPassword"), "hello6666"): Text 'hello6666' is set on object 'Object Repository/AdminSuiteBootstrap_Pages/UM_Bootstrap/AddUser/input_ConfirmPassword'

2022-07-20 17:02:24 - [MESSAGE][PASSED] - Text 'hello6666' is set on object 'Object Repository/AdminSuiteBootstrap_Pages/UM_Bootstrap/AddUser/input_ConfirmPassword'

2022-07-20 17:02:24 - [TEST_STEP][PASSED] - check(findTestObject(path_AddUser + "input_No_lock")): Object 'Object Repository/AdminSuiteBootstrap_Pages/UM_Bootstrap/AddUser/input_No_lock' is checked

2022-07-20 17:02:24 - [MESSAGE][PASSED] - Object 'Object Repository/AdminSuiteBootstrap_Pages/UM_Bootstrap/AddUser/input_No_lock' is checked

2022-07-20 17:02:24 - [TEST_STEP][PASSED] - click(findTestObject(path_AddUser + "button_Create")): Object: 'Object Repository/AdminSuiteBootstrap_Pages/UM_Bootstrap/AddUser/button_Create' is clicked on

2022-07-20 17:02:27 - [MESSAGE][PASSED] - Object: 'Object Repository/AdminSuiteBootstrap_Pages/UM_Bootstrap/AddUser/button_Create' is clicked on

2022-07-20 17:02:27 - [TEST_STEP][PASSED] - if (verifyTextPresent("User Account Created A user account for", true)): null

2022-07-20 17:02:28 - [MESSAGE][PASSED] - Text 'User Account Created A user account for' is present on page  using regular expression

2022-07-20 17:02:28 - [TEST_STEP][PASSED] - verifyTextPresent("was successfully created", true): Text 'was successfully created' is present on page  using regular expression

2022-07-20 17:02:28 - [MESSAGE][PASSED] - Text 'was successfully created' is present on page  using regular expression

2022-07-20 17:02:28 - [TEST_STEP][PASSED] - click(findTestObject(path_UserView + "button_Delete")): Object: 'Object Repository/AdminSuiteBootstrap_Pages/UM_Bootstrap/UserView/button_Delete' is clicked on

2022-07-20 17:02:29 - [MESSAGE][PASSED] - Object: 'Object Repository/AdminSuiteBootstrap_Pages/UM_Bootstrap/UserView/button_Delete' is clicked on

2022-07-20 17:02:29 - [TEST_STEP][PASSED] - click(findTestObject(path_DeleteUser + "button_Okay_First")): Object: 'Object Repository/AdminSuiteBootstrap_Pages/UM_Bootstrap/DeleteUser/button_Okay_First' is clicked on

2022-07-20 17:02:29 - [MESSAGE][PASSED] - Object: 'Object Repository/AdminSuiteBootstrap_Pages/UM_Bootstrap/DeleteUser/button_Okay_First' is clicked on

2022-07-20 17:02:29 - [TEST_STEP][PASSED] - click(findTestObject(path_DeleteUser + "button_Okay_Last")): Object: 'Object Repository/AdminSuiteBootstrap_Pages/UM_Bootstrap/DeleteUser/button_Okay_Last' is clicked on

2022-07-20 17:02:32 - [MESSAGE][PASSED] - Object: 'Object Repository/AdminSuiteBootstrap_Pages/UM_Bootstrap/DeleteUser/button_Okay_Last' is clicked on

2022-07-20 17:02:32 - [TEST_STEP][PASSED] - closeBrowser(): Browser is closed

2022-07-20 17:02:33 - [MESSAGE][PASSED] - Browser is closed

2022-07-20 17:02:33 - [TEST_STEP][PASSED] - ExecuteTC = findTestData(dataFile).getValue("Execute", row): null

2022-07-20 17:02:33 - [TEST_STEP][PASSED] - out.println("Value of Execute is : " + ExecuteTC): null

2022-07-20 17:02:33 - [TEST_STEP][PASSED] - if (ExecuteTC.equalsIgnoreCase("Y")): Browser is closed

2022-07-20 17:02:33 - [TEST_STEP][PASSED] - out.println("Begin Record Number: " + row): null

2022-07-20 17:02:33 - [TEST_STEP][PASSED] - adminSuiteBootstrap.loginFunctionality.login_AdminSuite(): adminSuiteBootstrap.loginFunctionality.login_AdminSuite is PASSED

2022-07-20 17:02:33 - [MESSAGE][INFO] - Starting 'Chrome' driver

2022-07-20 17:02:33 - [MESSAGE][INFO] - User set preference: ['acceptInsecureCerts', 'true']

2022-07-20 17:02:33 - [MESSAGE][INFO] - Action delay is set to 0 milliseconds

2022-07-20 17:02:36 - [MESSAGE][PASSED] - Browser is opened with url: 'https://demo.velocitypayment.com/admin/imtiazdemo'

2022-07-20 17:02:36 - [MESSAGE][PASSED] - Current window maximized

2022-07-20 17:02:37 - [MESSAGE][PASSED] - Object 'Object Repository/Login_Page/Login_Username' is present

2022-07-20 17:02:37 - [MESSAGE][PASSED] - Text 'iahmed' is set on object 'Object Repository/Login_Page/Login_Username'

2022-07-20 17:02:38 - [MESSAGE][PASSED] - Text 'hello2222' is set on object 'Object Repository/Login_Page/Login_Password'

2022-07-20 17:02:41 - [MESSAGE][PASSED] - Object: 'Object Repository/Login_Page/Login_Submit' is clicked on

2022-07-20 17:02:41 - [MESSAGE][PASSED] - adminSuiteBootstrap.loginFunctionality.login_AdminSuite is PASSED

2022-07-20 17:02:41 - [TEST_STEP][PASSED] - click(findTestObject(path_Dashboard + "a_Access User Management")): Object: 'Object Repository/AdminSuiteBootstrap_Pages/Dashboard_Bootstrap/a_Access User Management' is clicked on

2022-07-20 17:02:43 - [MESSAGE][PASSED] - Object: 'Object Repository/AdminSuiteBootstrap_Pages/Dashboard_Bootstrap/a_Access User Management' is clicked on

2022-07-20 17:02:43 - [TEST_STEP][PASSED] - click(findTestObject(path_Users + "a_Add User")): Object: 'Object Repository/AdminSuiteBootstrap_Pages/UM_Bootstrap/Users/a_Add User' is clicked on

2022-07-20 17:02:43 - [MESSAGE][PASSED] - Object: 'Object Repository/AdminSuiteBootstrap_Pages/UM_Bootstrap/Users/a_Add User' is clicked on

2022-07-20 17:02:43 - [TEST_STEP][PASSED] - buildUsername = pages.GenerateRandom.getRandomAlpha(): pages.GenerateRandom.getRandomAlpha is PASSED

2022-07-20 17:02:43 - [MESSAGE][PASSED] - pages.GenerateRandom.getRandomAlpha is PASSED

2022-07-20 17:02:43 - [TEST_STEP][PASSED] - prefixUsername = findTestData(dataFile).getValue("Username", row): null

2022-07-20 17:02:44 - [TEST_STEP][PASSED] - spUsername = buildUsername + prefixUsername + buildUsername: null

2022-07-20 17:02:44 - [TEST_STEP][PASSED] - setText(findTestObject(path_AddUser + "input_EmailAddress"), "iahmed@govolution.com"): Text 'iahmed@govolution.com' is set on object 'Object Repository/AdminSuiteBootstrap_Pages/UM_Bootstrap/AddUser/input_EmailAddress'

2022-07-20 17:02:44 - [MESSAGE][PASSED] - Text 'iahmed@govolution.com' is set on object 'Object Repository/AdminSuiteBootstrap_Pages/UM_Bootstrap/AddUser/input_EmailAddress'

2022-07-20 17:02:44 - [TEST_STEP][PASSED] - setText(findTestObject(path_AddUser + "input_Username"), spUsername): Text 'wbWrSpWtI.wbWrSpWtI' is set on object 'Object Repository/AdminSuiteBootstrap_Pages/UM_Bootstrap/AddUser/input_Username'

2022-07-20 17:02:45 - [MESSAGE][PASSED] - Text 'wbWrSpWtI.wbWrSpWtI' is set on object 'Object Repository/AdminSuiteBootstrap_Pages/UM_Bootstrap/AddUser/input_Username'

2022-07-20 17:02:45 - [TEST_STEP][PASSED] - setText(findTestObject(path_AddUser + "input_FirstName"), "Ashley"): Text 'Ashley' is set on object 'Object Repository/AdminSuiteBootstrap_Pages/UM_Bootstrap/AddUser/input_FirstName'

2022-07-20 17:02:46 - [MESSAGE][PASSED] - Text 'Ashley' is set on object 'Object Repository/AdminSuiteBootstrap_Pages/UM_Bootstrap/AddUser/input_FirstName'

2022-07-20 17:02:46 - [TEST_STEP][PASSED] - setText(findTestObject(path_AddUser + "input_LastName"), "Luka"): Text 'Luka' is set on object 'Object Repository/AdminSuiteBootstrap_Pages/UM_Bootstrap/AddUser/input_LastName'

2022-07-20 17:02:46 - [MESSAGE][PASSED] - Text 'Luka' is set on object 'Object Repository/AdminSuiteBootstrap_Pages/UM_Bootstrap/AddUser/input_LastName'

2022-07-20 17:02:46 - [TEST_STEP][PASSED] - setText(findTestObject(path_AddUser + "input_Password"), "hello6666"): Text 'hello6666' is set on object 'Object Repository/AdminSuiteBootstrap_Pages/UM_Bootstrap/AddUser/input_Password'

2022-07-20 17:02:47 - [MESSAGE][PASSED] - Text 'hello6666' is set on object 'Object Repository/AdminSuiteBootstrap_Pages/UM_Bootstrap/AddUser/input_Password'

2022-07-20 17:02:47 - [TEST_STEP][PASSED] - setText(findTestObject(path_AddUser + "input_ConfirmPassword"), "hello6666"): Text 'hello6666' is set on object 'Object Repository/AdminSuiteBootstrap_Pages/UM_Bootstrap/AddUser/input_ConfirmPassword'

2022-07-20 17:02:48 - [MESSAGE][PASSED] - Text 'hello6666' is set on object 'Object Repository/AdminSuiteBootstrap_Pages/UM_Bootstrap/AddUser/input_ConfirmPassword'

2022-07-20 17:02:48 - [TEST_STEP][PASSED] - check(findTestObject(path_AddUser + "input_No_lock")): Object 'Object Repository/AdminSuiteBootstrap_Pages/UM_Bootstrap/AddUser/input_No_lock' is checked

2022-07-20 17:02:48 - [MESSAGE][PASSED] - Object 'Object Repository/AdminSuiteBootstrap_Pages/UM_Bootstrap/AddUser/input_No_lock' is checked

2022-07-20 17:02:48 - [TEST_STEP][PASSED] - click(findTestObject(path_AddUser + "button_Create")): Object: 'Object Repository/AdminSuiteBootstrap_Pages/UM_Bootstrap/AddUser/button_Create' is clicked on

2022-07-20 17:02:51 - [MESSAGE][PASSED] - Object: 'Object Repository/AdminSuiteBootstrap_Pages/UM_Bootstrap/AddUser/button_Create' is clicked on

2022-07-20 17:02:51 - [TEST_STEP][PASSED] - if (verifyTextPresent("User Account Created A user account for", true)): null

2022-07-20 17:02:52 - [MESSAGE][PASSED] - Text 'User Account Created A user account for' is present on page  using regular expression

2022-07-20 17:02:52 - [TEST_STEP][PASSED] - verifyTextPresent("was successfully created", true): Text 'was successfully created' is present on page  using regular expression

2022-07-20 17:02:52 - [MESSAGE][PASSED] - Text 'was successfully created' is present on page  using regular expression

2022-07-20 17:02:52 - [TEST_STEP][PASSED] - click(findTestObject(path_UserView + "button_Delete")): Object: 'Object Repository/AdminSuiteBootstrap_Pages/UM_Bootstrap/UserView/button_Delete' is clicked on

2022-07-20 17:02:52 - [MESSAGE][PASSED] - Object: 'Object Repository/AdminSuiteBootstrap_Pages/UM_Bootstrap/UserView/button_Delete' is clicked on

2022-07-20 17:02:52 - [TEST_STEP][PASSED] - click(findTestObject(path_DeleteUser + "button_Okay_First")): Object: 'Object Repository/AdminSuiteBootstrap_Pages/UM_Bootstrap/DeleteUser/button_Okay_First' is clicked on

2022-07-20 17:02:53 - [MESSAGE][PASSED] - Object: 'Object Repository/AdminSuiteBootstrap_Pages/UM_Bootstrap/DeleteUser/button_Okay_First' is clicked on

2022-07-20 17:02:53 - [TEST_STEP][PASSED] - click(findTestObject(path_DeleteUser + "button_Okay_Last")): Object: 'Object Repository/AdminSuiteBootstrap_Pages/UM_Bootstrap/DeleteUser/button_Okay_Last' is clicked on

2022-07-20 17:02:57 - [MESSAGE][PASSED] - Object: 'Object Repository/AdminSuiteBootstrap_Pages/UM_Bootstrap/DeleteUser/button_Okay_Last' is clicked on

2022-07-20 17:02:57 - [TEST_STEP][PASSED] - closeBrowser(): Browser is closed

2022-07-20 17:02:58 - [MESSAGE][PASSED] - Browser is closed]]></system-out>
         <system-err><![CDATA[]]></system-err>
      </testcase>
      <testcase name="Test Cases/Admin Suite Bootstrap/UM_TestCases/UsersErrors/AddUserSpecialCharError" time="161.016" classname="Test Cases/Admin Suite Bootstrap/UM_TestCases/UsersErrors/AddUserSpecialCharError" status="FAILED">
         <failure type="FAILED" message="Test Cases/Admin Suite Bootstrap/UM_TestCases/UsersErrors/AddUserSpecialCharError FAILED.
Reason:
com.kms.katalon.core.exception.StepFailedException: Text 'Username may only be comprised of alphanumeric characters, the underscore &quot;_&quot; character, the at &quot;@&quot; symbol, and the period &quot;.&quot;Username may only be comprised of alphanumeric characters, the underscore &quot;_&quot; character, the at &quot;@&quot; symbol, and the period &quot;.&quot;' is not present on page  using regular expression (Root cause: com.kms.katalon.core.exception.StepFailedException: Text 'Username may only be comprised of alphanumeric characters, the underscore &quot;_&quot; character, the at &quot;@&quot; symbol, and the period &quot;.&quot;Username may only be comprised of alphanumeric characters, the underscore &quot;_&quot; character, the at &quot;@&quot; symbol, and the period &quot;.&quot;' is not present on page  using regular expression
	at com.kms.katalon.core.webui.keyword.internal.WebUIKeywordMain.stepFailed(WebUIKeywordMain.groovy:64)
	at com.kms.katalon.core.webui.keyword.builtin.VerifyTextPresentKeyword$_verifyTextPresent_closure1.doCall(VerifyTextPresentKeyword.groovy:79)
	at com.kms.katalon.core.webui.keyword.builtin.VerifyTextPresentKeyword$_verifyTextPresent_closure1.call(VerifyTextPresentKeyword.groovy)
	at com.kms.katalon.core.webui.keyword.internal.WebUIKeywordMain.runKeyword(WebUIKeywordMain.groovy:20)
	at com.kms.katalon.core.webui.keyword.builtin.VerifyTextPresentKeyword.verifyTextPresent(VerifyTextPresentKeyword.groovy:83)
	at com.kms.katalon.core.webui.keyword.builtin.VerifyTextPresentKeyword.execute(VerifyTextPresentKeyword.groovy:68)
	at com.kms.katalon.core.keyword.internal.KeywordExecutor.executeKeywordForPlatform(KeywordExecutor.groovy:74)
	at com.kms.katalon.core.webui.keyword.WebUiBuiltInKeywords.verifyTextPresent(WebUiBuiltInKeywords.groovy:1723)
	at com.kms.katalon.core.webui.keyword.WebUiBuiltInKeywords$verifyTextPresent$5.call(Unknown Source)
	at AddUserSpecialCharError.run(AddUserSpecialCharError:97)
	at com.kms.katalon.core.main.ScriptEngine.run(ScriptEngine.java:194)
	at com.kms.katalon.core.main.ScriptEngine.runScriptAsRawText(ScriptEngine.java:119)
	at com.kms.katalon.core.main.TestCaseExecutor.runScript(TestCaseExecutor.java:442)
	at com.kms.katalon.core.main.TestCaseExecutor.doExecute(TestCaseExecutor.java:433)
	at com.kms.katalon.core.main.TestCaseExecutor.processExecutionPhase(TestCaseExecutor.java:412)
	at com.kms.katalon.core.main.TestCaseExecutor.accessMainPhase(TestCaseExecutor.java:404)
	at com.kms.katalon.core.main.TestCaseExecutor.execute(TestCaseExecutor.java:281)
	at com.kms.katalon.core.main.TestSuiteExecutor.accessTestCaseMainPhase(TestSuiteExecutor.java:202)
	at com.kms.katalon.core.main.TestSuiteExecutor.accessTestSuiteMainPhase(TestSuiteExecutor.java:164)
	at com.kms.katalon.core.main.TestSuiteExecutor.execute(TestSuiteExecutor.java:105)
	at com.kms.katalon.core.main.TestCaseMain.startTestSuite(TestCaseMain.java:185)
	at com.kms.katalon.core.main.TestCaseMain$startTestSuite$0.call(Unknown Source)
	at TempTestSuite1658350841568.run(TempTestSuite1658350841568.groovy:36)
)
	at com.kms.katalon.core.keyword.internal.KeywordMain.stepFailed(KeywordMain.groovy:39)
	at com.kms.katalon.core.webui.keyword.internal.WebUIKeywordMain.stepFailed(WebUIKeywordMain.groovy:64)
	at com.kms.katalon.core.webui.keyword.builtin.VerifyTextPresentKeyword$_verifyTextPresent_closure1.doCall(VerifyTextPresentKeyword.groovy:79)
	at com.kms.katalon.core.webui.keyword.builtin.VerifyTextPresentKeyword$_verifyTextPresent_closure1.call(VerifyTextPresentKeyword.groovy)
	at com.kms.katalon.core.webui.keyword.internal.WebUIKeywordMain.runKeyword(WebUIKeywordMain.groovy:20)
	at com.kms.katalon.core.webui.keyword.builtin.VerifyTextPresentKeyword.verifyTextPresent(VerifyTextPresentKeyword.groovy:83)
	at com.kms.katalon.core.webui.keyword.builtin.VerifyTextPresentKeyword.execute(VerifyTextPresentKeyword.groovy:68)
	at com.kms.katalon.core.keyword.internal.KeywordExecutor.executeKeywordForPlatform(KeywordExecutor.groovy:74)
	at com.kms.katalon.core.webui.keyword.WebUiBuiltInKeywords.verifyTextPresent(WebUiBuiltInKeywords.groovy:1723)
	at com.kms.katalon.core.webui.keyword.WebUiBuiltInKeywords$verifyTextPresent$5.call(Unknown Source)
	at AddUserSpecialCharError.run(AddUserSpecialCharError:97)
	at com.kms.katalon.core.main.ScriptEngine.run(ScriptEngine.java:194)
	at com.kms.katalon.core.main.ScriptEngine.runScriptAsRawText(ScriptEngine.java:119)
	at com.kms.katalon.core.main.TestCaseExecutor.runScript(TestCaseExecutor.java:442)
	at com.kms.katalon.core.main.TestCaseExecutor.doExecute(TestCaseExecutor.java:433)
	at com.kms.katalon.core.main.TestCaseExecutor.processExecutionPhase(TestCaseExecutor.java:412)
	at com.kms.katalon.core.main.TestCaseExecutor.accessMainPhase(TestCaseExecutor.java:404)
	at com.kms.katalon.core.main.TestCaseExecutor.execute(TestCaseExecutor.java:281)
	at com.kms.katalon.core.main.TestSuiteExecutor.accessTestCaseMainPhase(TestSuiteExecutor.java:202)
	at com.kms.katalon.core.main.TestSuiteExecutor.accessTestSuiteMainPhase(TestSuiteExecutor.java:164)
	at com.kms.katalon.core.main.TestSuiteExecutor.execute(TestSuiteExecutor.java:105)
	at com.kms.katalon.core.main.TestCaseMain.startTestSuite(TestCaseMain.java:185)
	at com.kms.katalon.core.main.TestCaseMain$startTestSuite$0.call(Unknown Source)
	at TempTestSuite1658350841568.run(TempTestSuite1658350841568.groovy:36)
Caused by: com.kms.katalon.core.exception.StepFailedException: Text 'Username may only be comprised of alphanumeric characters, the underscore &quot;_&quot; character, the at &quot;@&quot; symbol, and the period &quot;.&quot;Username may only be comprised of alphanumeric characters, the underscore &quot;_&quot; character, the at &quot;@&quot; symbol, and the period &quot;.&quot;' is not present on page  using regular expression
	... 23 more
"/>
         <system-out><![CDATA[2022-07-20 17:02:58 - [TEST_CASE][FAILED] - Test Cases/Admin Suite Bootstrap/UM_TestCases/UsersErrors/AddUserSpecialCharError: Test Cases/Admin Suite Bootstrap/UM_TestCases/UsersErrors/AddUserSpecialCharError FAILED.
Reason:
com.kms.katalon.core.exception.StepFailedException: Text 'Username may only be comprised of alphanumeric characters, the underscore "_" character, the at "@" symbol, and the period "."Username may only be comprised of alphanumeric characters, the underscore "_" character, the at "@" symbol, and the period "."' is not present on page  using regular expression (Root cause: com.kms.katalon.core.exception.StepFailedException: Text 'Username may only be comprised of alphanumeric characters, the underscore "_" character, the at "@" symbol, and the period "."Username may only be comprised of alphanumeric characters, the underscore "_" character, the at "@" symbol, and the period "."' is not present on page  using regular expression
	at com.kms.katalon.core.webui.keyword.internal.WebUIKeywordMain.stepFailed(WebUIKeywordMain.groovy:64)
	at com.kms.katalon.core.webui.keyword.builtin.VerifyTextPresentKeyword$_verifyTextPresent_closure1.doCall(VerifyTextPresentKeyword.groovy:79)
	at com.kms.katalon.core.webui.keyword.builtin.VerifyTextPresentKeyword$_verifyTextPresent_closure1.call(VerifyTextPresentKeyword.groovy)
	at com.kms.katalon.core.webui.keyword.internal.WebUIKeywordMain.runKeyword(WebUIKeywordMain.groovy:20)
	at com.kms.katalon.core.webui.keyword.builtin.VerifyTextPresentKeyword.verifyTextPresent(VerifyTextPresentKeyword.groovy:83)
	at com.kms.katalon.core.webui.keyword.builtin.VerifyTextPresentKeyword.execute(VerifyTextPresentKeyword.groovy:68)
	at com.kms.katalon.core.keyword.internal.KeywordExecutor.executeKeywordForPlatform(KeywordExecutor.groovy:74)
	at com.kms.katalon.core.webui.keyword.WebUiBuiltInKeywords.verifyTextPresent(WebUiBuiltInKeywords.groovy:1723)
	at com.kms.katalon.core.webui.keyword.WebUiBuiltInKeywords$verifyTextPresent$5.call(Unknown Source)
	at AddUserSpecialCharError.run(AddUserSpecialCharError:97)
	at com.kms.katalon.core.main.ScriptEngine.run(ScriptEngine.java:194)
	at com.kms.katalon.core.main.ScriptEngine.runScriptAsRawText(ScriptEngine.java:119)
	at com.kms.katalon.core.main.TestCaseExecutor.runScript(TestCaseExecutor.java:442)
	at com.kms.katalon.core.main.TestCaseExecutor.doExecute(TestCaseExecutor.java:433)
	at com.kms.katalon.core.main.TestCaseExecutor.processExecutionPhase(TestCaseExecutor.java:412)
	at com.kms.katalon.core.main.TestCaseExecutor.accessMainPhase(TestCaseExecutor.java:404)
	at com.kms.katalon.core.main.TestCaseExecutor.execute(TestCaseExecutor.java:281)
	at com.kms.katalon.core.main.TestSuiteExecutor.accessTestCaseMainPhase(TestSuiteExecutor.java:202)
	at com.kms.katalon.core.main.TestSuiteExecutor.accessTestSuiteMainPhase(TestSuiteExecutor.java:164)
	at com.kms.katalon.core.main.TestSuiteExecutor.execute(TestSuiteExecutor.java:105)
	at com.kms.katalon.core.main.TestCaseMain.startTestSuite(TestCaseMain.java:185)
	at com.kms.katalon.core.main.TestCaseMain$startTestSuite$0.call(Unknown Source)
	at TempTestSuite1658350841568.run(TempTestSuite1658350841568.groovy:36)
)
	at com.kms.katalon.core.keyword.internal.KeywordMain.stepFailed(KeywordMain.groovy:39)
	at com.kms.katalon.core.webui.keyword.internal.WebUIKeywordMain.stepFailed(WebUIKeywordMain.groovy:64)
	at com.kms.katalon.core.webui.keyword.builtin.VerifyTextPresentKeyword$_verifyTextPresent_closure1.doCall(VerifyTextPresentKeyword.groovy:79)
	at com.kms.katalon.core.webui.keyword.builtin.VerifyTextPresentKeyword$_verifyTextPresent_closure1.call(VerifyTextPresentKeyword.groovy)
	at com.kms.katalon.core.webui.keyword.internal.WebUIKeywordMain.runKeyword(WebUIKeywordMain.groovy:20)
	at com.kms.katalon.core.webui.keyword.builtin.VerifyTextPresentKeyword.verifyTextPresent(VerifyTextPresentKeyword.groovy:83)
	at com.kms.katalon.core.webui.keyword.builtin.VerifyTextPresentKeyword.execute(VerifyTextPresentKeyword.groovy:68)
	at com.kms.katalon.core.keyword.internal.KeywordExecutor.executeKeywordForPlatform(KeywordExecutor.groovy:74)
	at com.kms.katalon.core.webui.keyword.WebUiBuiltInKeywords.verifyTextPresent(WebUiBuiltInKeywords.groovy:1723)
	at com.kms.katalon.core.webui.keyword.WebUiBuiltInKeywords$verifyTextPresent$5.call(Unknown Source)
	at AddUserSpecialCharError.run(AddUserSpecialCharError:97)
	at com.kms.katalon.core.main.ScriptEngine.run(ScriptEngine.java:194)
	at com.kms.katalon.core.main.ScriptEngine.runScriptAsRawText(ScriptEngine.java:119)
	at com.kms.katalon.core.main.TestCaseExecutor.runScript(TestCaseExecutor.java:442)
	at com.kms.katalon.core.main.TestCaseExecutor.doExecute(TestCaseExecutor.java:433)
	at com.kms.katalon.core.main.TestCaseExecutor.processExecutionPhase(TestCaseExecutor.java:412)
	at com.kms.katalon.core.main.TestCaseExecutor.accessMainPhase(TestCaseExecutor.java:404)
	at com.kms.katalon.core.main.TestCaseExecutor.execute(TestCaseExecutor.java:281)
	at com.kms.katalon.core.main.TestSuiteExecutor.accessTestCaseMainPhase(TestSuiteExecutor.java:202)
	at com.kms.katalon.core.main.TestSuiteExecutor.accessTestSuiteMainPhase(TestSuiteExecutor.java:164)
	at com.kms.katalon.core.main.TestSuiteExecutor.execute(TestSuiteExecutor.java:105)
	at com.kms.katalon.core.main.TestCaseMain.startTestSuite(TestCaseMain.java:185)
	at com.kms.katalon.core.main.TestCaseMain$startTestSuite$0.call(Unknown Source)
	at TempTestSuite1658350841568.run(TempTestSuite1658350841568.groovy:36)
Caused by: com.kms.katalon.core.exception.StepFailedException: Text 'Username may only be comprised of alphanumeric characters, the underscore "_" character, the at "@" symbol, and the period "."Username may only be comprised of alphanumeric characters, the underscore "_" character, the at "@" symbol, and the period "."' is not present on page  using regular expression
	... 23 more


2022-07-20 17:02:59 - [TEST_STEP][PASSED] - path_Dashboard = "Object Repository/AdminSuiteBootstrap_Pages/Dashboard_Bootstrap/": null

2022-07-20 17:02:59 - [TEST_STEP][PASSED] - path_Users = "Object Repository/AdminSuiteBootstrap_Pages/UM_Bootstrap/Users/": null

2022-07-20 17:02:59 - [TEST_STEP][PASSED] - path_UserView = "Object Repository/AdminSuiteBootstrap_Pages/UM_Bootstrap/UserView/": null

2022-07-20 17:02:59 - [TEST_STEP][PASSED] - path_DeleteUser = "Object Repository/AdminSuiteBootstrap_Pages/UM_Bootstrap/DeleteUser/": null

2022-07-20 17:02:59 - [TEST_STEP][PASSED] - path_AddUser = "Object Repository/AdminSuiteBootstrap_Pages/UM_Bootstrap/AddUser/": null

2022-07-20 17:02:59 - [TEST_STEP][PASSED] - executionProfile = getExecutionProfile(): null

2022-07-20 17:02:59 - [TEST_STEP][PASSED] - out.println("executionProfile : " + executionProfile): null

2022-07-20 17:02:59 - [TEST_STEP][PASSED] - appName = <not implemented yet for class: org.codehaus.groovy.ast.expr.EmptyExpression>: null

2022-07-20 17:02:59 - [TEST_STEP][PASSED] - appID = <not implemented yet for class: org.codehaus.groovy.ast.expr.EmptyExpression>: null

2022-07-20 17:02:59 - [TEST_STEP][PASSED] - spUsername = <not implemented yet for class: org.codehaus.groovy.ast.expr.EmptyExpression>: null

2022-07-20 17:02:59 - [TEST_STEP][PASSED] - nameSheet = "CreateUserSpCharError": null

2022-07-20 17:02:59 - [TEST_STEP][PASSED] - dataFile = "QA/Bootstrap/UM-TestData/CreateUserSpCharError": null

2022-07-20 17:02:59 - [TEST_STEP][PASSED] - numOfRows = findTestData("QA/Bootstrap/UM-TestData/CreateUserSpCharError").getRowNumbers(): null

2022-07-20 17:02:59 - [TEST_STEP][PASSED] - println("Number of Records: " + numOfRows): null

2022-07-20 17:02:59 - [TEST_STEP][FAILED] - for ([row = 1, row <= numOfRows, (row++)]): null

2022-07-20 17:02:59 - [TEST_STEP][PASSED] - ExecuteTC = findTestData(dataFile).getValue("Execute", row): null

2022-07-20 17:02:59 - [TEST_STEP][PASSED] - out.println("Value of Execute is : " + ExecuteTC): null

2022-07-20 17:02:59 - [TEST_STEP][FAILED] - if (ExecuteTC.equalsIgnoreCase("Y")): null

2022-07-20 17:02:59 - [TEST_STEP][PASSED] - out.println("Begin Record Number: " + row): null

2022-07-20 17:02:59 - [TEST_STEP][PASSED] - adminSuiteBootstrap.loginFunctionality.login_AdminSuite(): adminSuiteBootstrap.loginFunctionality.login_AdminSuite is PASSED

2022-07-20 17:02:59 - [MESSAGE][INFO] - Starting 'Chrome' driver

2022-07-20 17:02:59 - [MESSAGE][INFO] - User set preference: ['acceptInsecureCerts', 'true']

2022-07-20 17:02:59 - [MESSAGE][INFO] - Action delay is set to 0 milliseconds

2022-07-20 17:03:02 - [MESSAGE][PASSED] - Browser is opened with url: 'https://demo.velocitypayment.com/admin/imtiazdemo'

2022-07-20 17:03:02 - [MESSAGE][PASSED] - Current window maximized

2022-07-20 17:03:02 - [MESSAGE][PASSED] - Object 'Object Repository/Login_Page/Login_Username' is present

2022-07-20 17:03:03 - [MESSAGE][PASSED] - Text 'iahmed' is set on object 'Object Repository/Login_Page/Login_Username'

2022-07-20 17:03:04 - [MESSAGE][PASSED] - Text 'hello2222' is set on object 'Object Repository/Login_Page/Login_Password'

2022-07-20 17:03:07 - [MESSAGE][PASSED] - Object: 'Object Repository/Login_Page/Login_Submit' is clicked on

2022-07-20 17:03:07 - [MESSAGE][PASSED] - adminSuiteBootstrap.loginFunctionality.login_AdminSuite is PASSED

2022-07-20 17:03:07 - [TEST_STEP][PASSED] - click(findTestObject(path_Dashboard + "a_Access User Management")): Object: 'Object Repository/AdminSuiteBootstrap_Pages/Dashboard_Bootstrap/a_Access User Management' is clicked on

2022-07-20 17:03:09 - [MESSAGE][PASSED] - Object: 'Object Repository/AdminSuiteBootstrap_Pages/Dashboard_Bootstrap/a_Access User Management' is clicked on

2022-07-20 17:03:09 - [TEST_STEP][PASSED] - click(findTestObject(path_Users + "a_Add User")): Object: 'Object Repository/AdminSuiteBootstrap_Pages/UM_Bootstrap/Users/a_Add User' is clicked on

2022-07-20 17:03:09 - [MESSAGE][PASSED] - Object: 'Object Repository/AdminSuiteBootstrap_Pages/UM_Bootstrap/Users/a_Add User' is clicked on

2022-07-20 17:03:09 - [TEST_STEP][PASSED] - buildUsername = pages.GenerateRandom.getRandomAlpha(): pages.GenerateRandom.getRandomAlpha is PASSED

2022-07-20 17:03:09 - [MESSAGE][PASSED] - pages.GenerateRandom.getRandomAlpha is PASSED

2022-07-20 17:03:09 - [TEST_STEP][PASSED] - prefixUsername = findTestData(dataFile).getValue("Username", row): null

2022-07-20 17:03:09 - [TEST_STEP][PASSED] - prefixOrMiddle = findTestData(dataFile).getValue("Prefix", row): null

2022-07-20 17:03:09 - [TEST_STEP][PASSED] - if (prefixOrMiddle.equalsIgnoreCase("Y")): null

2022-07-20 17:03:09 - [TEST_STEP][PASSED] - spUsername = prefixUsername + buildUsername: null

2022-07-20 17:03:09 - [TEST_STEP][PASSED] - setText(findTestObject(path_AddUser + "input_EmailAddress"), "iahmed@govolution.com"): Text 'iahmed@govolution.com' is set on object 'Object Repository/AdminSuiteBootstrap_Pages/UM_Bootstrap/AddUser/input_EmailAddress'

2022-07-20 17:03:10 - [MESSAGE][PASSED] - Text 'iahmed@govolution.com' is set on object 'Object Repository/AdminSuiteBootstrap_Pages/UM_Bootstrap/AddUser/input_EmailAddress'

2022-07-20 17:03:10 - [TEST_STEP][PASSED] - setText(findTestObject(path_AddUser + "input_Username"), spUsername): Text '=NmmlLYixo' is set on object 'Object Repository/AdminSuiteBootstrap_Pages/UM_Bootstrap/AddUser/input_Username'

2022-07-20 17:03:11 - [MESSAGE][PASSED] - Text '=NmmlLYixo' is set on object 'Object Repository/AdminSuiteBootstrap_Pages/UM_Bootstrap/AddUser/input_Username'

2022-07-20 17:03:11 - [TEST_STEP][PASSED] - setText(findTestObject(path_AddUser + "input_FirstName"), "Ashley"): Text 'Ashley' is set on object 'Object Repository/AdminSuiteBootstrap_Pages/UM_Bootstrap/AddUser/input_FirstName'

2022-07-20 17:03:11 - [MESSAGE][PASSED] - Text 'Ashley' is set on object 'Object Repository/AdminSuiteBootstrap_Pages/UM_Bootstrap/AddUser/input_FirstName'

2022-07-20 17:03:11 - [TEST_STEP][PASSED] - setText(findTestObject(path_AddUser + "input_LastName"), "Luka"): Text 'Luka' is set on object 'Object Repository/AdminSuiteBootstrap_Pages/UM_Bootstrap/AddUser/input_LastName'

2022-07-20 17:03:12 - [MESSAGE][PASSED] - Text 'Luka' is set on object 'Object Repository/AdminSuiteBootstrap_Pages/UM_Bootstrap/AddUser/input_LastName'

2022-07-20 17:03:12 - [TEST_STEP][PASSED] - setText(findTestObject(path_AddUser + "input_Password"), "hello6666"): Text 'hello6666' is set on object 'Object Repository/AdminSuiteBootstrap_Pages/UM_Bootstrap/AddUser/input_Password'

2022-07-20 17:03:13 - [MESSAGE][PASSED] - Text 'hello6666' is set on object 'Object Repository/AdminSuiteBootstrap_Pages/UM_Bootstrap/AddUser/input_Password'

2022-07-20 17:03:13 - [TEST_STEP][PASSED] - setText(findTestObject(path_AddUser + "input_ConfirmPassword"), "hello6666"): Text 'hello6666' is set on object 'Object Repository/AdminSuiteBootstrap_Pages/UM_Bootstrap/AddUser/input_ConfirmPassword'

2022-07-20 17:03:13 - [MESSAGE][PASSED] - Text 'hello6666' is set on object 'Object Repository/AdminSuiteBootstrap_Pages/UM_Bootstrap/AddUser/input_ConfirmPassword'

2022-07-20 17:03:13 - [TEST_STEP][PASSED] - check(findTestObject(path_AddUser + "input_No_lock")): Object 'Object Repository/AdminSuiteBootstrap_Pages/UM_Bootstrap/AddUser/input_No_lock' is checked

2022-07-20 17:03:14 - [MESSAGE][PASSED] - Object 'Object Repository/AdminSuiteBootstrap_Pages/UM_Bootstrap/AddUser/input_No_lock' is checked

2022-07-20 17:03:14 - [TEST_STEP][PASSED] - click(findTestObject(path_AddUser + "button_Create")): Object: 'Object Repository/AdminSuiteBootstrap_Pages/UM_Bootstrap/AddUser/button_Create' is clicked on

2022-07-20 17:03:16 - [MESSAGE][PASSED] - Object: 'Object Repository/AdminSuiteBootstrap_Pages/UM_Bootstrap/AddUser/button_Create' is clicked on

2022-07-20 17:03:16 - [TEST_STEP][PASSED] - verifyTextPresent("Error! Please provide the following required information as indicated below", true): Text 'Error! Please provide the following required information as indicated below' is present on page  using regular expression

2022-07-20 17:03:17 - [MESSAGE][PASSED] - Text 'Error! Please provide the following required information as indicated below' is present on page  using regular expression

2022-07-20 17:03:17 - [TEST_STEP][FAILED] - verifyTextPresent("Username may only be comprised of alphanumeric characters, the underscore "_" character, the at "@" symbol, and the period "."Username may only be comprised of alphanumeric characters, the underscore "_" character, the at "@" symbol, and the period "."", true): Text 'Username may only be comprised of alphanumeric characters, the underscore "_" character, the at "@" symbol, and the period "."Username may only be comprised of alphanumeric characters, the underscore "_" character, the at "@" symbol, and the period "."' is not present on page  using regular expression (Root cause: com.kms.katalon.core.exception.StepFailedException: Text 'Username may only be comprised of alphanumeric characters, the underscore "_" character, the at "@" symbol, and the period "."Username may only be comprised of alphanumeric characters, the underscore "_" character, the at "@" symbol, and the period "."' is not present on page  using regular expression
	at com.kms.katalon.core.webui.keyword.internal.WebUIKeywordMain.stepFailed(WebUIKeywordMain.groovy:64)
	at com.kms.katalon.core.webui.keyword.builtin.VerifyTextPresentKeyword$_verifyTextPresent_closure1.doCall(VerifyTextPresentKeyword.groovy:79)
	at com.kms.katalon.core.webui.keyword.builtin.VerifyTextPresentKeyword$_verifyTextPresent_closure1.call(VerifyTextPresentKeyword.groovy)
	at com.kms.katalon.core.webui.keyword.internal.WebUIKeywordMain.runKeyword(WebUIKeywordMain.groovy:20)
	at com.kms.katalon.core.webui.keyword.builtin.VerifyTextPresentKeyword.verifyTextPresent(VerifyTextPresentKeyword.groovy:83)
	at com.kms.katalon.core.webui.keyword.builtin.VerifyTextPresentKeyword.execute(VerifyTextPresentKeyword.groovy:68)
	at com.kms.katalon.core.keyword.internal.KeywordExecutor.executeKeywordForPlatform(KeywordExecutor.groovy:74)
	at com.kms.katalon.core.webui.keyword.WebUiBuiltInKeywords.verifyTextPresent(WebUiBuiltInKeywords.groovy:1723)
	at com.kms.katalon.core.webui.keyword.WebUiBuiltInKeywords$verifyTextPresent$5.call(Unknown Source)
	at AddUserSpecialCharError.run(AddUserSpecialCharError:97)
	at com.kms.katalon.core.main.ScriptEngine.run(ScriptEngine.java:194)
	at com.kms.katalon.core.main.ScriptEngine.runScriptAsRawText(ScriptEngine.java:119)
	at com.kms.katalon.core.main.TestCaseExecutor.runScript(TestCaseExecutor.java:442)
	at com.kms.katalon.core.main.TestCaseExecutor.doExecute(TestCaseExecutor.java:433)
	at com.kms.katalon.core.main.TestCaseExecutor.processExecutionPhase(TestCaseExecutor.java:412)
	at com.kms.katalon.core.main.TestCaseExecutor.accessMainPhase(TestCaseExecutor.java:404)
	at com.kms.katalon.core.main.TestCaseExecutor.execute(TestCaseExecutor.java:281)
	at com.kms.katalon.core.main.TestSuiteExecutor.accessTestCaseMainPhase(TestSuiteExecutor.java:202)
	at com.kms.katalon.core.main.TestSuiteExecutor.accessTestSuiteMainPhase(TestSuiteExecutor.java:164)
	at com.kms.katalon.core.main.TestSuiteExecutor.execute(TestSuiteExecutor.java:105)
	at com.kms.katalon.core.main.TestCaseMain.startTestSuite(TestCaseMain.java:185)
	at com.kms.katalon.core.main.TestCaseMain$startTestSuite$0.call(Unknown Source)
	at TempTestSuite1658350841568.run(TempTestSuite1658350841568.groovy:36)
)

2022-07-20 17:03:17 - [MESSAGE][FAILED] - Text 'Username may only be comprised of alphanumeric characters, the underscore "_" character, the at "@" symbol, and the period "."Username may only be comprised of alphanumeric characters, the underscore "_" character, the at "@" symbol, and the period "."' is not present on page  using regular expression (Root cause: com.kms.katalon.core.exception.StepFailedException: Text 'Username may only be comprised of alphanumeric characters, the underscore "_" character, the at "@" symbol, and the period "."Username may only be comprised of alphanumeric characters, the underscore "_" character, the at "@" symbol, and the period "."' is not present on page  using regular expression
	at com.kms.katalon.core.webui.keyword.internal.WebUIKeywordMain.stepFailed(WebUIKeywordMain.groovy:64)
	at com.kms.katalon.core.webui.keyword.builtin.VerifyTextPresentKeyword$_verifyTextPresent_closure1.doCall(VerifyTextPresentKeyword.groovy:79)
	at com.kms.katalon.core.webui.keyword.builtin.VerifyTextPresentKeyword$_verifyTextPresent_closure1.call(VerifyTextPresentKeyword.groovy)
	at com.kms.katalon.core.webui.keyword.internal.WebUIKeywordMain.runKeyword(WebUIKeywordMain.groovy:20)
	at com.kms.katalon.core.webui.keyword.builtin.VerifyTextPresentKeyword.verifyTextPresent(VerifyTextPresentKeyword.groovy:83)
	at com.kms.katalon.core.webui.keyword.builtin.VerifyTextPresentKeyword.execute(VerifyTextPresentKeyword.groovy:68)
	at com.kms.katalon.core.keyword.internal.KeywordExecutor.executeKeywordForPlatform(KeywordExecutor.groovy:74)
	at com.kms.katalon.core.webui.keyword.WebUiBuiltInKeywords.verifyTextPresent(WebUiBuiltInKeywords.groovy:1723)
	at com.kms.katalon.core.webui.keyword.WebUiBuiltInKeywords$verifyTextPresent$5.call(Unknown Source)
	at AddUserSpecialCharError.run(AddUserSpecialCharError:97)
	at com.kms.katalon.core.main.ScriptEngine.run(ScriptEngine.java:194)
	at com.kms.katalon.core.main.ScriptEngine.runScriptAsRawText(ScriptEngine.java:119)
	at com.kms.katalon.core.main.TestCaseExecutor.runScript(TestCaseExecutor.java:442)
	at com.kms.katalon.core.main.TestCaseExecutor.doExecute(TestCaseExecutor.java:433)
	at com.kms.katalon.core.main.TestCaseExecutor.processExecutionPhase(TestCaseExecutor.java:412)
	at com.kms.katalon.core.main.TestCaseExecutor.accessMainPhase(TestCaseExecutor.java:404)
	at com.kms.katalon.core.main.TestCaseExecutor.execute(TestCaseExecutor.java:281)
	at com.kms.katalon.core.main.TestSuiteExecutor.accessTestCaseMainPhase(TestSuiteExecutor.java:202)
	at com.kms.katalon.core.main.TestSuiteExecutor.accessTestSuiteMainPhase(TestSuiteExecutor.java:164)
	at com.kms.katalon.core.main.TestSuiteExecutor.execute(TestSuiteExecutor.java:105)
	at com.kms.katalon.core.main.TestCaseMain.startTestSuite(TestCaseMain.java:185)
	at com.kms.katalon.core.main.TestCaseMain$startTestSuite$0.call(Unknown Source)
	at TempTestSuite1658350841568.run(TempTestSuite1658350841568.groovy:36)
)

2022-07-20 17:03:17 - [TEST_STEP][PASSED] - closeBrowser(): Browser is closed

2022-07-20 17:03:18 - [MESSAGE][PASSED] - Browser is closed

2022-07-20 17:03:18 - [TEST_STEP][PASSED] - ExecuteTC = findTestData(dataFile).getValue("Execute", row): null

2022-07-20 17:03:18 - [TEST_STEP][PASSED] - out.println("Value of Execute is : " + ExecuteTC): null

2022-07-20 17:03:18 - [TEST_STEP][FAILED] - if (ExecuteTC.equalsIgnoreCase("Y")): null

2022-07-20 17:03:18 - [TEST_STEP][PASSED] - out.println("Begin Record Number: " + row): null

2022-07-20 17:03:18 - [TEST_STEP][PASSED] - adminSuiteBootstrap.loginFunctionality.login_AdminSuite(): adminSuiteBootstrap.loginFunctionality.login_AdminSuite is PASSED

2022-07-20 17:03:18 - [MESSAGE][INFO] - Starting 'Chrome' driver

2022-07-20 17:03:18 - [MESSAGE][INFO] - User set preference: ['acceptInsecureCerts', 'true']

2022-07-20 17:03:18 - [MESSAGE][INFO] - Action delay is set to 0 milliseconds

2022-07-20 17:03:22 - [MESSAGE][PASSED] - Browser is opened with url: 'https://demo.velocitypayment.com/admin/imtiazdemo'

2022-07-20 17:03:22 - [MESSAGE][PASSED] - Current window maximized

2022-07-20 17:03:23 - [MESSAGE][PASSED] - Object 'Object Repository/Login_Page/Login_Username' is present

2022-07-20 17:03:24 - [MESSAGE][PASSED] - Text 'iahmed' is set on object 'Object Repository/Login_Page/Login_Username'

2022-07-20 17:03:24 - [MESSAGE][PASSED] - Text 'hello2222' is set on object 'Object Repository/Login_Page/Login_Password'

2022-07-20 17:03:27 - [MESSAGE][PASSED] - Object: 'Object Repository/Login_Page/Login_Submit' is clicked on

2022-07-20 17:03:27 - [MESSAGE][PASSED] - adminSuiteBootstrap.loginFunctionality.login_AdminSuite is PASSED

2022-07-20 17:03:27 - [TEST_STEP][PASSED] - click(findTestObject(path_Dashboard + "a_Access User Management")): Object: 'Object Repository/AdminSuiteBootstrap_Pages/Dashboard_Bootstrap/a_Access User Management' is clicked on

2022-07-20 17:03:29 - [MESSAGE][PASSED] - Object: 'Object Repository/AdminSuiteBootstrap_Pages/Dashboard_Bootstrap/a_Access User Management' is clicked on

2022-07-20 17:03:29 - [TEST_STEP][PASSED] - click(findTestObject(path_Users + "a_Add User")): Object: 'Object Repository/AdminSuiteBootstrap_Pages/UM_Bootstrap/Users/a_Add User' is clicked on

2022-07-20 17:03:30 - [MESSAGE][PASSED] - Object: 'Object Repository/AdminSuiteBootstrap_Pages/UM_Bootstrap/Users/a_Add User' is clicked on

2022-07-20 17:03:30 - [TEST_STEP][PASSED] - buildUsername = pages.GenerateRandom.getRandomAlpha(): pages.GenerateRandom.getRandomAlpha is PASSED

2022-07-20 17:03:30 - [MESSAGE][PASSED] - pages.GenerateRandom.getRandomAlpha is PASSED

2022-07-20 17:03:30 - [TEST_STEP][PASSED] - prefixUsername = findTestData(dataFile).getValue("Username", row): null

2022-07-20 17:03:30 - [TEST_STEP][PASSED] - prefixOrMiddle = findTestData(dataFile).getValue("Prefix", row): null

2022-07-20 17:03:30 - [TEST_STEP][PASSED] - if (prefixOrMiddle.equalsIgnoreCase("Y")): null

2022-07-20 17:03:30 - [TEST_STEP][PASSED] - spUsername = prefixUsername + buildUsername: null

2022-07-20 17:03:30 - [TEST_STEP][PASSED] - setText(findTestObject(path_AddUser + "input_EmailAddress"), "iahmed@govolution.com"): Text 'iahmed@govolution.com' is set on object 'Object Repository/AdminSuiteBootstrap_Pages/UM_Bootstrap/AddUser/input_EmailAddress'

2022-07-20 17:03:31 - [MESSAGE][PASSED] - Text 'iahmed@govolution.com' is set on object 'Object Repository/AdminSuiteBootstrap_Pages/UM_Bootstrap/AddUser/input_EmailAddress'

2022-07-20 17:03:31 - [TEST_STEP][PASSED] - setText(findTestObject(path_AddUser + "input_Username"), spUsername): Text '-YAIiNKoJy' is set on object 'Object Repository/AdminSuiteBootstrap_Pages/UM_Bootstrap/AddUser/input_Username'

2022-07-20 17:03:31 - [MESSAGE][PASSED] - Text '-YAIiNKoJy' is set on object 'Object Repository/AdminSuiteBootstrap_Pages/UM_Bootstrap/AddUser/input_Username'

2022-07-20 17:03:31 - [TEST_STEP][PASSED] - setText(findTestObject(path_AddUser + "input_FirstName"), "Ashley"): Text 'Ashley' is set on object 'Object Repository/AdminSuiteBootstrap_Pages/UM_Bootstrap/AddUser/input_FirstName'

2022-07-20 17:03:32 - [MESSAGE][PASSED] - Text 'Ashley' is set on object 'Object Repository/AdminSuiteBootstrap_Pages/UM_Bootstrap/AddUser/input_FirstName'

2022-07-20 17:03:32 - [TEST_STEP][PASSED] - setText(findTestObject(path_AddUser + "input_LastName"), "Luka"): Text 'Luka' is set on object 'Object Repository/AdminSuiteBootstrap_Pages/UM_Bootstrap/AddUser/input_LastName'

2022-07-20 17:03:33 - [MESSAGE][PASSED] - Text 'Luka' is set on object 'Object Repository/AdminSuiteBootstrap_Pages/UM_Bootstrap/AddUser/input_LastName'

2022-07-20 17:03:33 - [TEST_STEP][PASSED] - setText(findTestObject(path_AddUser + "input_Password"), "hello6666"): Text 'hello6666' is set on object 'Object Repository/AdminSuiteBootstrap_Pages/UM_Bootstrap/AddUser/input_Password'

2022-07-20 17:03:34 - [MESSAGE][PASSED] - Text 'hello6666' is set on object 'Object Repository/AdminSuiteBootstrap_Pages/UM_Bootstrap/AddUser/input_Password'

2022-07-20 17:03:34 - [TEST_STEP][PASSED] - setText(findTestObject(path_AddUser + "input_ConfirmPassword"), "hello6666"): Text 'hello6666' is set on object 'Object Repository/AdminSuiteBootstrap_Pages/UM_Bootstrap/AddUser/input_ConfirmPassword'

2022-07-20 17:03:34 - [MESSAGE][PASSED] - Text 'hello6666' is set on object 'Object Repository/AdminSuiteBootstrap_Pages/UM_Bootstrap/AddUser/input_ConfirmPassword'

2022-07-20 17:03:34 - [TEST_STEP][PASSED] - check(findTestObject(path_AddUser + "input_No_lock")): Object 'Object Repository/AdminSuiteBootstrap_Pages/UM_Bootstrap/AddUser/input_No_lock' is checked

2022-07-20 17:03:35 - [MESSAGE][PASSED] - Object 'Object Repository/AdminSuiteBootstrap_Pages/UM_Bootstrap/AddUser/input_No_lock' is checked

2022-07-20 17:03:35 - [TEST_STEP][PASSED] - click(findTestObject(path_AddUser + "button_Create")): Object: 'Object Repository/AdminSuiteBootstrap_Pages/UM_Bootstrap/AddUser/button_Create' is clicked on

2022-07-20 17:03:37 - [MESSAGE][PASSED] - Object: 'Object Repository/AdminSuiteBootstrap_Pages/UM_Bootstrap/AddUser/button_Create' is clicked on

2022-07-20 17:03:37 - [TEST_STEP][PASSED] - verifyTextPresent("Error! Please provide the following required information as indicated below", true): Text 'Error! Please provide the following required information as indicated below' is present on page  using regular expression

2022-07-20 17:03:37 - [MESSAGE][PASSED] - Text 'Error! Please provide the following required information as indicated below' is present on page  using regular expression

2022-07-20 17:03:37 - [TEST_STEP][FAILED] - verifyTextPresent("Username may only be comprised of alphanumeric characters, the underscore "_" character, the at "@" symbol, and the period "."Username may only be comprised of alphanumeric characters, the underscore "_" character, the at "@" symbol, and the period "."", true): Text 'Username may only be comprised of alphanumeric characters, the underscore "_" character, the at "@" symbol, and the period "."Username may only be comprised of alphanumeric characters, the underscore "_" character, the at "@" symbol, and the period "."' is not present on page  using regular expression (Root cause: com.kms.katalon.core.exception.StepFailedException: Text 'Username may only be comprised of alphanumeric characters, the underscore "_" character, the at "@" symbol, and the period "."Username may only be comprised of alphanumeric characters, the underscore "_" character, the at "@" symbol, and the period "."' is not present on page  using regular expression
	at com.kms.katalon.core.webui.keyword.internal.WebUIKeywordMain.stepFailed(WebUIKeywordMain.groovy:64)
	at com.kms.katalon.core.webui.keyword.builtin.VerifyTextPresentKeyword$_verifyTextPresent_closure1.doCall(VerifyTextPresentKeyword.groovy:79)
	at com.kms.katalon.core.webui.keyword.builtin.VerifyTextPresentKeyword$_verifyTextPresent_closure1.call(VerifyTextPresentKeyword.groovy)
	at com.kms.katalon.core.webui.keyword.internal.WebUIKeywordMain.runKeyword(WebUIKeywordMain.groovy:20)
	at com.kms.katalon.core.webui.keyword.builtin.VerifyTextPresentKeyword.verifyTextPresent(VerifyTextPresentKeyword.groovy:83)
	at com.kms.katalon.core.webui.keyword.builtin.VerifyTextPresentKeyword.execute(VerifyTextPresentKeyword.groovy:68)
	at com.kms.katalon.core.keyword.internal.KeywordExecutor.executeKeywordForPlatform(KeywordExecutor.groovy:74)
	at com.kms.katalon.core.webui.keyword.WebUiBuiltInKeywords.verifyTextPresent(WebUiBuiltInKeywords.groovy:1723)
	at com.kms.katalon.core.webui.keyword.WebUiBuiltInKeywords$verifyTextPresent$5.call(Unknown Source)
	at AddUserSpecialCharError.run(AddUserSpecialCharError:97)
	at com.kms.katalon.core.main.ScriptEngine.run(ScriptEngine.java:194)
	at com.kms.katalon.core.main.ScriptEngine.runScriptAsRawText(ScriptEngine.java:119)
	at com.kms.katalon.core.main.TestCaseExecutor.runScript(TestCaseExecutor.java:442)
	at com.kms.katalon.core.main.TestCaseExecutor.doExecute(TestCaseExecutor.java:433)
	at com.kms.katalon.core.main.TestCaseExecutor.processExecutionPhase(TestCaseExecutor.java:412)
	at com.kms.katalon.core.main.TestCaseExecutor.accessMainPhase(TestCaseExecutor.java:404)
	at com.kms.katalon.core.main.TestCaseExecutor.execute(TestCaseExecutor.java:281)
	at com.kms.katalon.core.main.TestSuiteExecutor.accessTestCaseMainPhase(TestSuiteExecutor.java:202)
	at com.kms.katalon.core.main.TestSuiteExecutor.accessTestSuiteMainPhase(TestSuiteExecutor.java:164)
	at com.kms.katalon.core.main.TestSuiteExecutor.execute(TestSuiteExecutor.java:105)
	at com.kms.katalon.core.main.TestCaseMain.startTestSuite(TestCaseMain.java:185)
	at com.kms.katalon.core.main.TestCaseMain$startTestSuite$0.call(Unknown Source)
	at TempTestSuite1658350841568.run(TempTestSuite1658350841568.groovy:36)
)

2022-07-20 17:03:38 - [MESSAGE][FAILED] - Text 'Username may only be comprised of alphanumeric characters, the underscore "_" character, the at "@" symbol, and the period "."Username may only be comprised of alphanumeric characters, the underscore "_" character, the at "@" symbol, and the period "."' is not present on page  using regular expression (Root cause: com.kms.katalon.core.exception.StepFailedException: Text 'Username may only be comprised of alphanumeric characters, the underscore "_" character, the at "@" symbol, and the period "."Username may only be comprised of alphanumeric characters, the underscore "_" character, the at "@" symbol, and the period "."' is not present on page  using regular expression
	at com.kms.katalon.core.webui.keyword.internal.WebUIKeywordMain.stepFailed(WebUIKeywordMain.groovy:64)
	at com.kms.katalon.core.webui.keyword.builtin.VerifyTextPresentKeyword$_verifyTextPresent_closure1.doCall(VerifyTextPresentKeyword.groovy:79)
	at com.kms.katalon.core.webui.keyword.builtin.VerifyTextPresentKeyword$_verifyTextPresent_closure1.call(VerifyTextPresentKeyword.groovy)
	at com.kms.katalon.core.webui.keyword.internal.WebUIKeywordMain.runKeyword(WebUIKeywordMain.groovy:20)
	at com.kms.katalon.core.webui.keyword.builtin.VerifyTextPresentKeyword.verifyTextPresent(VerifyTextPresentKeyword.groovy:83)
	at com.kms.katalon.core.webui.keyword.builtin.VerifyTextPresentKeyword.execute(VerifyTextPresentKeyword.groovy:68)
	at com.kms.katalon.core.keyword.internal.KeywordExecutor.executeKeywordForPlatform(KeywordExecutor.groovy:74)
	at com.kms.katalon.core.webui.keyword.WebUiBuiltInKeywords.verifyTextPresent(WebUiBuiltInKeywords.groovy:1723)
	at com.kms.katalon.core.webui.keyword.WebUiBuiltInKeywords$verifyTextPresent$5.call(Unknown Source)
	at AddUserSpecialCharError.run(AddUserSpecialCharError:97)
	at com.kms.katalon.core.main.ScriptEngine.run(ScriptEngine.java:194)
	at com.kms.katalon.core.main.ScriptEngine.runScriptAsRawText(ScriptEngine.java:119)
	at com.kms.katalon.core.main.TestCaseExecutor.runScript(TestCaseExecutor.java:442)
	at com.kms.katalon.core.main.TestCaseExecutor.doExecute(TestCaseExecutor.java:433)
	at com.kms.katalon.core.main.TestCaseExecutor.processExecutionPhase(TestCaseExecutor.java:412)
	at com.kms.katalon.core.main.TestCaseExecutor.accessMainPhase(TestCaseExecutor.java:404)
	at com.kms.katalon.core.main.TestCaseExecutor.execute(TestCaseExecutor.java:281)
	at com.kms.katalon.core.main.TestSuiteExecutor.accessTestCaseMainPhase(TestSuiteExecutor.java:202)
	at com.kms.katalon.core.main.TestSuiteExecutor.accessTestSuiteMainPhase(TestSuiteExecutor.java:164)
	at com.kms.katalon.core.main.TestSuiteExecutor.execute(TestSuiteExecutor.java:105)
	at com.kms.katalon.core.main.TestCaseMain.startTestSuite(TestCaseMain.java:185)
	at com.kms.katalon.core.main.TestCaseMain$startTestSuite$0.call(Unknown Source)
	at TempTestSuite1658350841568.run(TempTestSuite1658350841568.groovy:36)
)

2022-07-20 17:03:38 - [TEST_STEP][PASSED] - closeBrowser(): Browser is closed

2022-07-20 17:03:38 - [MESSAGE][PASSED] - Browser is closed

2022-07-20 17:03:38 - [TEST_STEP][PASSED] - ExecuteTC = findTestData(dataFile).getValue("Execute", row): null

2022-07-20 17:03:39 - [TEST_STEP][PASSED] - out.println("Value of Execute is : " + ExecuteTC): null

2022-07-20 17:03:39 - [TEST_STEP][FAILED] - if (ExecuteTC.equalsIgnoreCase("Y")): null

2022-07-20 17:03:39 - [TEST_STEP][PASSED] - out.println("Begin Record Number: " + row): null

2022-07-20 17:03:39 - [TEST_STEP][PASSED] - adminSuiteBootstrap.loginFunctionality.login_AdminSuite(): adminSuiteBootstrap.loginFunctionality.login_AdminSuite is PASSED

2022-07-20 17:03:39 - [MESSAGE][INFO] - Starting 'Chrome' driver

2022-07-20 17:03:39 - [MESSAGE][INFO] - User set preference: ['acceptInsecureCerts', 'true']

2022-07-20 17:03:39 - [MESSAGE][INFO] - Action delay is set to 0 milliseconds

2022-07-20 17:03:41 - [MESSAGE][PASSED] - Browser is opened with url: 'https://demo.velocitypayment.com/admin/imtiazdemo'

2022-07-20 17:03:41 - [MESSAGE][PASSED] - Current window maximized

2022-07-20 17:03:41 - [MESSAGE][PASSED] - Object 'Object Repository/Login_Page/Login_Username' is present

2022-07-20 17:03:42 - [MESSAGE][PASSED] - Text 'iahmed' is set on object 'Object Repository/Login_Page/Login_Username'

2022-07-20 17:03:43 - [MESSAGE][PASSED] - Text 'hello2222' is set on object 'Object Repository/Login_Page/Login_Password'

2022-07-20 17:03:49 - [MESSAGE][PASSED] - Object: 'Object Repository/Login_Page/Login_Submit' is clicked on

2022-07-20 17:03:49 - [MESSAGE][PASSED] - adminSuiteBootstrap.loginFunctionality.login_AdminSuite is PASSED

2022-07-20 17:03:49 - [TEST_STEP][PASSED] - click(findTestObject(path_Dashboard + "a_Access User Management")): Object: 'Object Repository/AdminSuiteBootstrap_Pages/Dashboard_Bootstrap/a_Access User Management' is clicked on

2022-07-20 17:03:51 - [MESSAGE][PASSED] - Object: 'Object Repository/AdminSuiteBootstrap_Pages/Dashboard_Bootstrap/a_Access User Management' is clicked on

2022-07-20 17:03:51 - [TEST_STEP][PASSED] - click(findTestObject(path_Users + "a_Add User")): Object: 'Object Repository/AdminSuiteBootstrap_Pages/UM_Bootstrap/Users/a_Add User' is clicked on

2022-07-20 17:03:51 - [MESSAGE][PASSED] - Object: 'Object Repository/AdminSuiteBootstrap_Pages/UM_Bootstrap/Users/a_Add User' is clicked on

2022-07-20 17:03:51 - [TEST_STEP][PASSED] - buildUsername = pages.GenerateRandom.getRandomAlpha(): pages.GenerateRandom.getRandomAlpha is PASSED

2022-07-20 17:03:51 - [MESSAGE][PASSED] - pages.GenerateRandom.getRandomAlpha is PASSED

2022-07-20 17:03:51 - [TEST_STEP][PASSED] - prefixUsername = findTestData(dataFile).getValue("Username", row): null

2022-07-20 17:03:51 - [TEST_STEP][PASSED] - prefixOrMiddle = findTestData(dataFile).getValue("Prefix", row): null

2022-07-20 17:03:51 - [TEST_STEP][PASSED] - if (prefixOrMiddle.equalsIgnoreCase("Y")): null

2022-07-20 17:03:51 - [TEST_STEP][PASSED] - spUsername = prefixUsername + buildUsername: null

2022-07-20 17:03:51 - [TEST_STEP][PASSED] - setText(findTestObject(path_AddUser + "input_EmailAddress"), "iahmed@govolution.com"): Text 'iahmed@govolution.com' is set on object 'Object Repository/AdminSuiteBootstrap_Pages/UM_Bootstrap/AddUser/input_EmailAddress'

2022-07-20 17:03:52 - [MESSAGE][PASSED] - Text 'iahmed@govolution.com' is set on object 'Object Repository/AdminSuiteBootstrap_Pages/UM_Bootstrap/AddUser/input_EmailAddress'

2022-07-20 17:03:52 - [TEST_STEP][PASSED] - setText(findTestObject(path_AddUser + "input_Username"), spUsername): Text '+YivmfyYAj' is set on object 'Object Repository/AdminSuiteBootstrap_Pages/UM_Bootstrap/AddUser/input_Username'

2022-07-20 17:03:53 - [MESSAGE][PASSED] - Text '+YivmfyYAj' is set on object 'Object Repository/AdminSuiteBootstrap_Pages/UM_Bootstrap/AddUser/input_Username'

2022-07-20 17:03:53 - [TEST_STEP][PASSED] - setText(findTestObject(path_AddUser + "input_FirstName"), "Ashley"): Text 'Ashley' is set on object 'Object Repository/AdminSuiteBootstrap_Pages/UM_Bootstrap/AddUser/input_FirstName'

2022-07-20 17:03:53 - [MESSAGE][PASSED] - Text 'Ashley' is set on object 'Object Repository/AdminSuiteBootstrap_Pages/UM_Bootstrap/AddUser/input_FirstName'

2022-07-20 17:03:53 - [TEST_STEP][PASSED] - setText(findTestObject(path_AddUser + "input_LastName"), "Luka"): Text 'Luka' is set on object 'Object Repository/AdminSuiteBootstrap_Pages/UM_Bootstrap/AddUser/input_LastName'

2022-07-20 17:03:54 - [MESSAGE][PASSED] - Text 'Luka' is set on object 'Object Repository/AdminSuiteBootstrap_Pages/UM_Bootstrap/AddUser/input_LastName'

2022-07-20 17:03:54 - [TEST_STEP][PASSED] - setText(findTestObject(path_AddUser + "input_Password"), "hello6666"): Text 'hello6666' is set on object 'Object Repository/AdminSuiteBootstrap_Pages/UM_Bootstrap/AddUser/input_Password'

2022-07-20 17:03:55 - [MESSAGE][PASSED] - Text 'hello6666' is set on object 'Object Repository/AdminSuiteBootstrap_Pages/UM_Bootstrap/AddUser/input_Password'

2022-07-20 17:03:55 - [TEST_STEP][PASSED] - setText(findTestObject(path_AddUser + "input_ConfirmPassword"), "hello6666"): Text 'hello6666' is set on object 'Object Repository/AdminSuiteBootstrap_Pages/UM_Bootstrap/AddUser/input_ConfirmPassword'

2022-07-20 17:03:55 - [MESSAGE][PASSED] - Text 'hello6666' is set on object 'Object Repository/AdminSuiteBootstrap_Pages/UM_Bootstrap/AddUser/input_ConfirmPassword'

2022-07-20 17:03:55 - [TEST_STEP][PASSED] - check(findTestObject(path_AddUser + "input_No_lock")): Object 'Object Repository/AdminSuiteBootstrap_Pages/UM_Bootstrap/AddUser/input_No_lock' is checked

2022-07-20 17:03:56 - [MESSAGE][PASSED] - Object 'Object Repository/AdminSuiteBootstrap_Pages/UM_Bootstrap/AddUser/input_No_lock' is checked

2022-07-20 17:03:56 - [TEST_STEP][PASSED] - click(findTestObject(path_AddUser + "button_Create")): Object: 'Object Repository/AdminSuiteBootstrap_Pages/UM_Bootstrap/AddUser/button_Create' is clicked on

2022-07-20 17:03:58 - [MESSAGE][PASSED] - Object: 'Object Repository/AdminSuiteBootstrap_Pages/UM_Bootstrap/AddUser/button_Create' is clicked on

2022-07-20 17:03:58 - [TEST_STEP][PASSED] - verifyTextPresent("Error! Please provide the following required information as indicated below", true): Text 'Error! Please provide the following required information as indicated below' is present on page  using regular expression

2022-07-20 17:03:58 - [MESSAGE][PASSED] - Text 'Error! Please provide the following required information as indicated below' is present on page  using regular expression

2022-07-20 17:03:58 - [TEST_STEP][FAILED] - verifyTextPresent("Username may only be comprised of alphanumeric characters, the underscore "_" character, the at "@" symbol, and the period "."Username may only be comprised of alphanumeric characters, the underscore "_" character, the at "@" symbol, and the period "."", true): Text 'Username may only be comprised of alphanumeric characters, the underscore "_" character, the at "@" symbol, and the period "."Username may only be comprised of alphanumeric characters, the underscore "_" character, the at "@" symbol, and the period "."' is not present on page  using regular expression (Root cause: com.kms.katalon.core.exception.StepFailedException: Text 'Username may only be comprised of alphanumeric characters, the underscore "_" character, the at "@" symbol, and the period "."Username may only be comprised of alphanumeric characters, the underscore "_" character, the at "@" symbol, and the period "."' is not present on page  using regular expression
	at com.kms.katalon.core.webui.keyword.internal.WebUIKeywordMain.stepFailed(WebUIKeywordMain.groovy:64)
	at com.kms.katalon.core.webui.keyword.builtin.VerifyTextPresentKeyword$_verifyTextPresent_closure1.doCall(VerifyTextPresentKeyword.groovy:79)
	at com.kms.katalon.core.webui.keyword.builtin.VerifyTextPresentKeyword$_verifyTextPresent_closure1.call(VerifyTextPresentKeyword.groovy)
	at com.kms.katalon.core.webui.keyword.internal.WebUIKeywordMain.runKeyword(WebUIKeywordMain.groovy:20)
	at com.kms.katalon.core.webui.keyword.builtin.VerifyTextPresentKeyword.verifyTextPresent(VerifyTextPresentKeyword.groovy:83)
	at com.kms.katalon.core.webui.keyword.builtin.VerifyTextPresentKeyword.execute(VerifyTextPresentKeyword.groovy:68)
	at com.kms.katalon.core.keyword.internal.KeywordExecutor.executeKeywordForPlatform(KeywordExecutor.groovy:74)
	at com.kms.katalon.core.webui.keyword.WebUiBuiltInKeywords.verifyTextPresent(WebUiBuiltInKeywords.groovy:1723)
	at com.kms.katalon.core.webui.keyword.WebUiBuiltInKeywords$verifyTextPresent$5.call(Unknown Source)
	at AddUserSpecialCharError.run(AddUserSpecialCharError:97)
	at com.kms.katalon.core.main.ScriptEngine.run(ScriptEngine.java:194)
	at com.kms.katalon.core.main.ScriptEngine.runScriptAsRawText(ScriptEngine.java:119)
	at com.kms.katalon.core.main.TestCaseExecutor.runScript(TestCaseExecutor.java:442)
	at com.kms.katalon.core.main.TestCaseExecutor.doExecute(TestCaseExecutor.java:433)
	at com.kms.katalon.core.main.TestCaseExecutor.processExecutionPhase(TestCaseExecutor.java:412)
	at com.kms.katalon.core.main.TestCaseExecutor.accessMainPhase(TestCaseExecutor.java:404)
	at com.kms.katalon.core.main.TestCaseExecutor.execute(TestCaseExecutor.java:281)
	at com.kms.katalon.core.main.TestSuiteExecutor.accessTestCaseMainPhase(TestSuiteExecutor.java:202)
	at com.kms.katalon.core.main.TestSuiteExecutor.accessTestSuiteMainPhase(TestSuiteExecutor.java:164)
	at com.kms.katalon.core.main.TestSuiteExecutor.execute(TestSuiteExecutor.java:105)
	at com.kms.katalon.core.main.TestCaseMain.startTestSuite(TestCaseMain.java:185)
	at com.kms.katalon.core.main.TestCaseMain$startTestSuite$0.call(Unknown Source)
	at TempTestSuite1658350841568.run(TempTestSuite1658350841568.groovy:36)
)

2022-07-20 17:03:59 - [MESSAGE][FAILED] - Text 'Username may only be comprised of alphanumeric characters, the underscore "_" character, the at "@" symbol, and the period "."Username may only be comprised of alphanumeric characters, the underscore "_" character, the at "@" symbol, and the period "."' is not present on page  using regular expression (Root cause: com.kms.katalon.core.exception.StepFailedException: Text 'Username may only be comprised of alphanumeric characters, the underscore "_" character, the at "@" symbol, and the period "."Username may only be comprised of alphanumeric characters, the underscore "_" character, the at "@" symbol, and the period "."' is not present on page  using regular expression
	at com.kms.katalon.core.webui.keyword.internal.WebUIKeywordMain.stepFailed(WebUIKeywordMain.groovy:64)
	at com.kms.katalon.core.webui.keyword.builtin.VerifyTextPresentKeyword$_verifyTextPresent_closure1.doCall(VerifyTextPresentKeyword.groovy:79)
	at com.kms.katalon.core.webui.keyword.builtin.VerifyTextPresentKeyword$_verifyTextPresent_closure1.call(VerifyTextPresentKeyword.groovy)
	at com.kms.katalon.core.webui.keyword.internal.WebUIKeywordMain.runKeyword(WebUIKeywordMain.groovy:20)
	at com.kms.katalon.core.webui.keyword.builtin.VerifyTextPresentKeyword.verifyTextPresent(VerifyTextPresentKeyword.groovy:83)
	at com.kms.katalon.core.webui.keyword.builtin.VerifyTextPresentKeyword.execute(VerifyTextPresentKeyword.groovy:68)
	at com.kms.katalon.core.keyword.internal.KeywordExecutor.executeKeywordForPlatform(KeywordExecutor.groovy:74)
	at com.kms.katalon.core.webui.keyword.WebUiBuiltInKeywords.verifyTextPresent(WebUiBuiltInKeywords.groovy:1723)
	at com.kms.katalon.core.webui.keyword.WebUiBuiltInKeywords$verifyTextPresent$5.call(Unknown Source)
	at AddUserSpecialCharError.run(AddUserSpecialCharError:97)
	at com.kms.katalon.core.main.ScriptEngine.run(ScriptEngine.java:194)
	at com.kms.katalon.core.main.ScriptEngine.runScriptAsRawText(ScriptEngine.java:119)
	at com.kms.katalon.core.main.TestCaseExecutor.runScript(TestCaseExecutor.java:442)
	at com.kms.katalon.core.main.TestCaseExecutor.doExecute(TestCaseExecutor.java:433)
	at com.kms.katalon.core.main.TestCaseExecutor.processExecutionPhase(TestCaseExecutor.java:412)
	at com.kms.katalon.core.main.TestCaseExecutor.accessMainPhase(TestCaseExecutor.java:404)
	at com.kms.katalon.core.main.TestCaseExecutor.execute(TestCaseExecutor.java:281)
	at com.kms.katalon.core.main.TestSuiteExecutor.accessTestCaseMainPhase(TestSuiteExecutor.java:202)
	at com.kms.katalon.core.main.TestSuiteExecutor.accessTestSuiteMainPhase(TestSuiteExecutor.java:164)
	at com.kms.katalon.core.main.TestSuiteExecutor.execute(TestSuiteExecutor.java:105)
	at com.kms.katalon.core.main.TestCaseMain.startTestSuite(TestCaseMain.java:185)
	at com.kms.katalon.core.main.TestCaseMain$startTestSuite$0.call(Unknown Source)
	at TempTestSuite1658350841568.run(TempTestSuite1658350841568.groovy:36)
)

2022-07-20 17:03:59 - [TEST_STEP][PASSED] - closeBrowser(): Browser is closed

2022-07-20 17:04:00 - [MESSAGE][PASSED] - Browser is closed

2022-07-20 17:04:00 - [TEST_STEP][PASSED] - ExecuteTC = findTestData(dataFile).getValue("Execute", row): null

2022-07-20 17:04:00 - [TEST_STEP][PASSED] - out.println("Value of Execute is : " + ExecuteTC): null

2022-07-20 17:04:00 - [TEST_STEP][FAILED] - if (ExecuteTC.equalsIgnoreCase("Y")): null

2022-07-20 17:04:00 - [TEST_STEP][PASSED] - out.println("Begin Record Number: " + row): null

2022-07-20 17:04:00 - [TEST_STEP][PASSED] - adminSuiteBootstrap.loginFunctionality.login_AdminSuite(): adminSuiteBootstrap.loginFunctionality.login_AdminSuite is PASSED

2022-07-20 17:04:00 - [MESSAGE][INFO] - Starting 'Chrome' driver

2022-07-20 17:04:00 - [MESSAGE][INFO] - User set preference: ['acceptInsecureCerts', 'true']

2022-07-20 17:04:00 - [MESSAGE][INFO] - Action delay is set to 0 milliseconds

2022-07-20 17:04:02 - [MESSAGE][PASSED] - Browser is opened with url: 'https://demo.velocitypayment.com/admin/imtiazdemo'

2022-07-20 17:04:02 - [MESSAGE][PASSED] - Current window maximized

2022-07-20 17:04:02 - [MESSAGE][PASSED] - Object 'Object Repository/Login_Page/Login_Username' is present

2022-07-20 17:04:03 - [MESSAGE][PASSED] - Text 'iahmed' is set on object 'Object Repository/Login_Page/Login_Username'

2022-07-20 17:04:04 - [MESSAGE][PASSED] - Text 'hello2222' is set on object 'Object Repository/Login_Page/Login_Password'

2022-07-20 17:04:07 - [MESSAGE][PASSED] - Object: 'Object Repository/Login_Page/Login_Submit' is clicked on

2022-07-20 17:04:07 - [MESSAGE][PASSED] - adminSuiteBootstrap.loginFunctionality.login_AdminSuite is PASSED

2022-07-20 17:04:07 - [TEST_STEP][PASSED] - click(findTestObject(path_Dashboard + "a_Access User Management")): Object: 'Object Repository/AdminSuiteBootstrap_Pages/Dashboard_Bootstrap/a_Access User Management' is clicked on

2022-07-20 17:04:10 - [MESSAGE][PASSED] - Object: 'Object Repository/AdminSuiteBootstrap_Pages/Dashboard_Bootstrap/a_Access User Management' is clicked on

2022-07-20 17:04:10 - [TEST_STEP][PASSED] - click(findTestObject(path_Users + "a_Add User")): Object: 'Object Repository/AdminSuiteBootstrap_Pages/UM_Bootstrap/Users/a_Add User' is clicked on

2022-07-20 17:04:10 - [MESSAGE][PASSED] - Object: 'Object Repository/AdminSuiteBootstrap_Pages/UM_Bootstrap/Users/a_Add User' is clicked on

2022-07-20 17:04:10 - [TEST_STEP][PASSED] - buildUsername = pages.GenerateRandom.getRandomAlpha(): pages.GenerateRandom.getRandomAlpha is PASSED

2022-07-20 17:04:10 - [MESSAGE][PASSED] - pages.GenerateRandom.getRandomAlpha is PASSED

2022-07-20 17:04:10 - [TEST_STEP][PASSED] - prefixUsername = findTestData(dataFile).getValue("Username", row): null

2022-07-20 17:04:11 - [TEST_STEP][PASSED] - prefixOrMiddle = findTestData(dataFile).getValue("Prefix", row): null

2022-07-20 17:04:11 - [TEST_STEP][PASSED] - if (prefixOrMiddle.equalsIgnoreCase("Y")): null

2022-07-20 17:04:11 - [TEST_STEP][PASSED] - spUsername = prefixUsername + buildUsername: null

2022-07-20 17:04:11 - [TEST_STEP][PASSED] - setText(findTestObject(path_AddUser + "input_EmailAddress"), "iahmed@govolution.com"): Text 'iahmed@govolution.com' is set on object 'Object Repository/AdminSuiteBootstrap_Pages/UM_Bootstrap/AddUser/input_EmailAddress'

2022-07-20 17:04:11 - [MESSAGE][PASSED] - Text 'iahmed@govolution.com' is set on object 'Object Repository/AdminSuiteBootstrap_Pages/UM_Bootstrap/AddUser/input_EmailAddress'

2022-07-20 17:04:11 - [TEST_STEP][PASSED] - setText(findTestObject(path_AddUser + "input_Username"), spUsername): Text '@ugumcGkJC' is set on object 'Object Repository/AdminSuiteBootstrap_Pages/UM_Bootstrap/AddUser/input_Username'

2022-07-20 17:04:12 - [MESSAGE][PASSED] - Text '@ugumcGkJC' is set on object 'Object Repository/AdminSuiteBootstrap_Pages/UM_Bootstrap/AddUser/input_Username'

2022-07-20 17:04:12 - [TEST_STEP][PASSED] - setText(findTestObject(path_AddUser + "input_FirstName"), "Ashley"): Text 'Ashley' is set on object 'Object Repository/AdminSuiteBootstrap_Pages/UM_Bootstrap/AddUser/input_FirstName'

2022-07-20 17:04:13 - [MESSAGE][PASSED] - Text 'Ashley' is set on object 'Object Repository/AdminSuiteBootstrap_Pages/UM_Bootstrap/AddUser/input_FirstName'

2022-07-20 17:04:13 - [TEST_STEP][PASSED] - setText(findTestObject(path_AddUser + "input_LastName"), "Luka"): Text 'Luka' is set on object 'Object Repository/AdminSuiteBootstrap_Pages/UM_Bootstrap/AddUser/input_LastName'

2022-07-20 17:04:13 - [MESSAGE][PASSED] - Text 'Luka' is set on object 'Object Repository/AdminSuiteBootstrap_Pages/UM_Bootstrap/AddUser/input_LastName'

2022-07-20 17:04:13 - [TEST_STEP][PASSED] - setText(findTestObject(path_AddUser + "input_Password"), "hello6666"): Text 'hello6666' is set on object 'Object Repository/AdminSuiteBootstrap_Pages/UM_Bootstrap/AddUser/input_Password'

2022-07-20 17:04:14 - [MESSAGE][PASSED] - Text 'hello6666' is set on object 'Object Repository/AdminSuiteBootstrap_Pages/UM_Bootstrap/AddUser/input_Password'

2022-07-20 17:04:14 - [TEST_STEP][PASSED] - setText(findTestObject(path_AddUser + "input_ConfirmPassword"), "hello6666"): Text 'hello6666' is set on object 'Object Repository/AdminSuiteBootstrap_Pages/UM_Bootstrap/AddUser/input_ConfirmPassword'

2022-07-20 17:04:15 - [MESSAGE][PASSED] - Text 'hello6666' is set on object 'Object Repository/AdminSuiteBootstrap_Pages/UM_Bootstrap/AddUser/input_ConfirmPassword'

2022-07-20 17:04:15 - [TEST_STEP][PASSED] - check(findTestObject(path_AddUser + "input_No_lock")): Object 'Object Repository/AdminSuiteBootstrap_Pages/UM_Bootstrap/AddUser/input_No_lock' is checked

2022-07-20 17:04:15 - [MESSAGE][PASSED] - Object 'Object Repository/AdminSuiteBootstrap_Pages/UM_Bootstrap/AddUser/input_No_lock' is checked

2022-07-20 17:04:15 - [TEST_STEP][PASSED] - click(findTestObject(path_AddUser + "button_Create")): Object: 'Object Repository/AdminSuiteBootstrap_Pages/UM_Bootstrap/AddUser/button_Create' is clicked on

2022-07-20 17:04:19 - [MESSAGE][PASSED] - Object: 'Object Repository/AdminSuiteBootstrap_Pages/UM_Bootstrap/AddUser/button_Create' is clicked on

2022-07-20 17:04:19 - [TEST_STEP][FAILED] - verifyTextPresent("Error! Please provide the following required information as indicated below", true): Text 'Error! Please provide the following required information as indicated below' is not present on page  using regular expression (Root cause: com.kms.katalon.core.exception.StepFailedException: Text 'Error! Please provide the following required information as indicated below' is not present on page  using regular expression
	at com.kms.katalon.core.webui.keyword.internal.WebUIKeywordMain.stepFailed(WebUIKeywordMain.groovy:64)
	at com.kms.katalon.core.webui.keyword.builtin.VerifyTextPresentKeyword$_verifyTextPresent_closure1.doCall(VerifyTextPresentKeyword.groovy:79)
	at com.kms.katalon.core.webui.keyword.builtin.VerifyTextPresentKeyword$_verifyTextPresent_closure1.call(VerifyTextPresentKeyword.groovy)
	at com.kms.katalon.core.webui.keyword.internal.WebUIKeywordMain.runKeyword(WebUIKeywordMain.groovy:20)
	at com.kms.katalon.core.webui.keyword.builtin.VerifyTextPresentKeyword.verifyTextPresent(VerifyTextPresentKeyword.groovy:83)
	at com.kms.katalon.core.webui.keyword.builtin.VerifyTextPresentKeyword.execute(VerifyTextPresentKeyword.groovy:68)
	at com.kms.katalon.core.keyword.internal.KeywordExecutor.executeKeywordForPlatform(KeywordExecutor.groovy:74)
	at com.kms.katalon.core.webui.keyword.WebUiBuiltInKeywords.verifyTextPresent(WebUiBuiltInKeywords.groovy:1723)
	at com.kms.katalon.core.webui.keyword.WebUiBuiltInKeywords$verifyTextPresent$5.call(Unknown Source)
	at AddUserSpecialCharError.run(AddUserSpecialCharError:96)
	at com.kms.katalon.core.main.ScriptEngine.run(ScriptEngine.java:194)
	at com.kms.katalon.core.main.ScriptEngine.runScriptAsRawText(ScriptEngine.java:119)
	at com.kms.katalon.core.main.TestCaseExecutor.runScript(TestCaseExecutor.java:442)
	at com.kms.katalon.core.main.TestCaseExecutor.doExecute(TestCaseExecutor.java:433)
	at com.kms.katalon.core.main.TestCaseExecutor.processExecutionPhase(TestCaseExecutor.java:412)
	at com.kms.katalon.core.main.TestCaseExecutor.accessMainPhase(TestCaseExecutor.java:404)
	at com.kms.katalon.core.main.TestCaseExecutor.execute(TestCaseExecutor.java:281)
	at com.kms.katalon.core.main.TestSuiteExecutor.accessTestCaseMainPhase(TestSuiteExecutor.java:202)
	at com.kms.katalon.core.main.TestSuiteExecutor.accessTestSuiteMainPhase(TestSuiteExecutor.java:164)
	at com.kms.katalon.core.main.TestSuiteExecutor.execute(TestSuiteExecutor.java:105)
	at com.kms.katalon.core.main.TestCaseMain.startTestSuite(TestCaseMain.java:185)
	at com.kms.katalon.core.main.TestCaseMain$startTestSuite$0.call(Unknown Source)
	at TempTestSuite1658350841568.run(TempTestSuite1658350841568.groovy:36)
)

2022-07-20 17:04:19 - [MESSAGE][FAILED] - Text 'Error! Please provide the following required information as indicated below' is not present on page  using regular expression (Root cause: com.kms.katalon.core.exception.StepFailedException: Text 'Error! Please provide the following required information as indicated below' is not present on page  using regular expression
	at com.kms.katalon.core.webui.keyword.internal.WebUIKeywordMain.stepFailed(WebUIKeywordMain.groovy:64)
	at com.kms.katalon.core.webui.keyword.builtin.VerifyTextPresentKeyword$_verifyTextPresent_closure1.doCall(VerifyTextPresentKeyword.groovy:79)
	at com.kms.katalon.core.webui.keyword.builtin.VerifyTextPresentKeyword$_verifyTextPresent_closure1.call(VerifyTextPresentKeyword.groovy)
	at com.kms.katalon.core.webui.keyword.internal.WebUIKeywordMain.runKeyword(WebUIKeywordMain.groovy:20)
	at com.kms.katalon.core.webui.keyword.builtin.VerifyTextPresentKeyword.verifyTextPresent(VerifyTextPresentKeyword.groovy:83)
	at com.kms.katalon.core.webui.keyword.builtin.VerifyTextPresentKeyword.execute(VerifyTextPresentKeyword.groovy:68)
	at com.kms.katalon.core.keyword.internal.KeywordExecutor.executeKeywordForPlatform(KeywordExecutor.groovy:74)
	at com.kms.katalon.core.webui.keyword.WebUiBuiltInKeywords.verifyTextPresent(WebUiBuiltInKeywords.groovy:1723)
	at com.kms.katalon.core.webui.keyword.WebUiBuiltInKeywords$verifyTextPresent$5.call(Unknown Source)
	at AddUserSpecialCharError.run(AddUserSpecialCharError:96)
	at com.kms.katalon.core.main.ScriptEngine.run(ScriptEngine.java:194)
	at com.kms.katalon.core.main.ScriptEngine.runScriptAsRawText(ScriptEngine.java:119)
	at com.kms.katalon.core.main.TestCaseExecutor.runScript(TestCaseExecutor.java:442)
	at com.kms.katalon.core.main.TestCaseExecutor.doExecute(TestCaseExecutor.java:433)
	at com.kms.katalon.core.main.TestCaseExecutor.processExecutionPhase(TestCaseExecutor.java:412)
	at com.kms.katalon.core.main.TestCaseExecutor.accessMainPhase(TestCaseExecutor.java:404)
	at com.kms.katalon.core.main.TestCaseExecutor.execute(TestCaseExecutor.java:281)
	at com.kms.katalon.core.main.TestSuiteExecutor.accessTestCaseMainPhase(TestSuiteExecutor.java:202)
	at com.kms.katalon.core.main.TestSuiteExecutor.accessTestSuiteMainPhase(TestSuiteExecutor.java:164)
	at com.kms.katalon.core.main.TestSuiteExecutor.execute(TestSuiteExecutor.java:105)
	at com.kms.katalon.core.main.TestCaseMain.startTestSuite(TestCaseMain.java:185)
	at com.kms.katalon.core.main.TestCaseMain$startTestSuite$0.call(Unknown Source)
	at TempTestSuite1658350841568.run(TempTestSuite1658350841568.groovy:36)
)

2022-07-20 17:04:19 - [TEST_STEP][FAILED] - verifyTextPresent("Username may only be comprised of alphanumeric characters, the underscore "_" character, the at "@" symbol, and the period "."Username may only be comprised of alphanumeric characters, the underscore "_" character, the at "@" symbol, and the period "."", true): Text 'Username may only be comprised of alphanumeric characters, the underscore "_" character, the at "@" symbol, and the period "."Username may only be comprised of alphanumeric characters, the underscore "_" character, the at "@" symbol, and the period "."' is not present on page  using regular expression (Root cause: com.kms.katalon.core.exception.StepFailedException: Text 'Username may only be comprised of alphanumeric characters, the underscore "_" character, the at "@" symbol, and the period "."Username may only be comprised of alphanumeric characters, the underscore "_" character, the at "@" symbol, and the period "."' is not present on page  using regular expression
	at com.kms.katalon.core.webui.keyword.internal.WebUIKeywordMain.stepFailed(WebUIKeywordMain.groovy:64)
	at com.kms.katalon.core.webui.keyword.builtin.VerifyTextPresentKeyword$_verifyTextPresent_closure1.doCall(VerifyTextPresentKeyword.groovy:79)
	at com.kms.katalon.core.webui.keyword.builtin.VerifyTextPresentKeyword$_verifyTextPresent_closure1.call(VerifyTextPresentKeyword.groovy)
	at com.kms.katalon.core.webui.keyword.internal.WebUIKeywordMain.runKeyword(WebUIKeywordMain.groovy:20)
	at com.kms.katalon.core.webui.keyword.builtin.VerifyTextPresentKeyword.verifyTextPresent(VerifyTextPresentKeyword.groovy:83)
	at com.kms.katalon.core.webui.keyword.builtin.VerifyTextPresentKeyword.execute(VerifyTextPresentKeyword.groovy:68)
	at com.kms.katalon.core.keyword.internal.KeywordExecutor.executeKeywordForPlatform(KeywordExecutor.groovy:74)
	at com.kms.katalon.core.webui.keyword.WebUiBuiltInKeywords.verifyTextPresent(WebUiBuiltInKeywords.groovy:1723)
	at com.kms.katalon.core.webui.keyword.WebUiBuiltInKeywords$verifyTextPresent$5.call(Unknown Source)
	at AddUserSpecialCharError.run(AddUserSpecialCharError:97)
	at com.kms.katalon.core.main.ScriptEngine.run(ScriptEngine.java:194)
	at com.kms.katalon.core.main.ScriptEngine.runScriptAsRawText(ScriptEngine.java:119)
	at com.kms.katalon.core.main.TestCaseExecutor.runScript(TestCaseExecutor.java:442)
	at com.kms.katalon.core.main.TestCaseExecutor.doExecute(TestCaseExecutor.java:433)
	at com.kms.katalon.core.main.TestCaseExecutor.processExecutionPhase(TestCaseExecutor.java:412)
	at com.kms.katalon.core.main.TestCaseExecutor.accessMainPhase(TestCaseExecutor.java:404)
	at com.kms.katalon.core.main.TestCaseExecutor.execute(TestCaseExecutor.java:281)
	at com.kms.katalon.core.main.TestSuiteExecutor.accessTestCaseMainPhase(TestSuiteExecutor.java:202)
	at com.kms.katalon.core.main.TestSuiteExecutor.accessTestSuiteMainPhase(TestSuiteExecutor.java:164)
	at com.kms.katalon.core.main.TestSuiteExecutor.execute(TestSuiteExecutor.java:105)
	at com.kms.katalon.core.main.TestCaseMain.startTestSuite(TestCaseMain.java:185)
	at com.kms.katalon.core.main.TestCaseMain$startTestSuite$0.call(Unknown Source)
	at TempTestSuite1658350841568.run(TempTestSuite1658350841568.groovy:36)
)

2022-07-20 17:04:19 - [MESSAGE][FAILED] - Text 'Username may only be comprised of alphanumeric characters, the underscore "_" character, the at "@" symbol, and the period "."Username may only be comprised of alphanumeric characters, the underscore "_" character, the at "@" symbol, and the period "."' is not present on page  using regular expression (Root cause: com.kms.katalon.core.exception.StepFailedException: Text 'Username may only be comprised of alphanumeric characters, the underscore "_" character, the at "@" symbol, and the period "."Username may only be comprised of alphanumeric characters, the underscore "_" character, the at "@" symbol, and the period "."' is not present on page  using regular expression
	at com.kms.katalon.core.webui.keyword.internal.WebUIKeywordMain.stepFailed(WebUIKeywordMain.groovy:64)
	at com.kms.katalon.core.webui.keyword.builtin.VerifyTextPresentKeyword$_verifyTextPresent_closure1.doCall(VerifyTextPresentKeyword.groovy:79)
	at com.kms.katalon.core.webui.keyword.builtin.VerifyTextPresentKeyword$_verifyTextPresent_closure1.call(VerifyTextPresentKeyword.groovy)
	at com.kms.katalon.core.webui.keyword.internal.WebUIKeywordMain.runKeyword(WebUIKeywordMain.groovy:20)
	at com.kms.katalon.core.webui.keyword.builtin.VerifyTextPresentKeyword.verifyTextPresent(VerifyTextPresentKeyword.groovy:83)
	at com.kms.katalon.core.webui.keyword.builtin.VerifyTextPresentKeyword.execute(VerifyTextPresentKeyword.groovy:68)
	at com.kms.katalon.core.keyword.internal.KeywordExecutor.executeKeywordForPlatform(KeywordExecutor.groovy:74)
	at com.kms.katalon.core.webui.keyword.WebUiBuiltInKeywords.verifyTextPresent(WebUiBuiltInKeywords.groovy:1723)
	at com.kms.katalon.core.webui.keyword.WebUiBuiltInKeywords$verifyTextPresent$5.call(Unknown Source)
	at AddUserSpecialCharError.run(AddUserSpecialCharError:97)
	at com.kms.katalon.core.main.ScriptEngine.run(ScriptEngine.java:194)
	at com.kms.katalon.core.main.ScriptEngine.runScriptAsRawText(ScriptEngine.java:119)
	at com.kms.katalon.core.main.TestCaseExecutor.runScript(TestCaseExecutor.java:442)
	at com.kms.katalon.core.main.TestCaseExecutor.doExecute(TestCaseExecutor.java:433)
	at com.kms.katalon.core.main.TestCaseExecutor.processExecutionPhase(TestCaseExecutor.java:412)
	at com.kms.katalon.core.main.TestCaseExecutor.accessMainPhase(TestCaseExecutor.java:404)
	at com.kms.katalon.core.main.TestCaseExecutor.execute(TestCaseExecutor.java:281)
	at com.kms.katalon.core.main.TestSuiteExecutor.accessTestCaseMainPhase(TestSuiteExecutor.java:202)
	at com.kms.katalon.core.main.TestSuiteExecutor.accessTestSuiteMainPhase(TestSuiteExecutor.java:164)
	at com.kms.katalon.core.main.TestSuiteExecutor.execute(TestSuiteExecutor.java:105)
	at com.kms.katalon.core.main.TestCaseMain.startTestSuite(TestCaseMain.java:185)
	at com.kms.katalon.core.main.TestCaseMain$startTestSuite$0.call(Unknown Source)
	at TempTestSuite1658350841568.run(TempTestSuite1658350841568.groovy:36)
)

2022-07-20 17:04:19 - [TEST_STEP][PASSED] - closeBrowser(): Browser is closed

2022-07-20 17:04:20 - [MESSAGE][PASSED] - Browser is closed

2022-07-20 17:04:20 - [TEST_STEP][PASSED] - ExecuteTC = findTestData(dataFile).getValue("Execute", row): null

2022-07-20 17:04:21 - [TEST_STEP][PASSED] - out.println("Value of Execute is : " + ExecuteTC): null

2022-07-20 17:04:21 - [TEST_STEP][FAILED] - if (ExecuteTC.equalsIgnoreCase("Y")): null

2022-07-20 17:04:21 - [TEST_STEP][PASSED] - out.println("Begin Record Number: " + row): null

2022-07-20 17:04:21 - [TEST_STEP][PASSED] - adminSuiteBootstrap.loginFunctionality.login_AdminSuite(): adminSuiteBootstrap.loginFunctionality.login_AdminSuite is PASSED

2022-07-20 17:04:21 - [MESSAGE][INFO] - Starting 'Chrome' driver

2022-07-20 17:04:21 - [MESSAGE][INFO] - User set preference: ['acceptInsecureCerts', 'true']

2022-07-20 17:04:21 - [MESSAGE][INFO] - Action delay is set to 0 milliseconds

2022-07-20 17:04:24 - [MESSAGE][PASSED] - Browser is opened with url: 'https://demo.velocitypayment.com/admin/imtiazdemo'

2022-07-20 17:04:24 - [MESSAGE][PASSED] - Current window maximized

2022-07-20 17:04:24 - [MESSAGE][PASSED] - Object 'Object Repository/Login_Page/Login_Username' is present

2022-07-20 17:04:25 - [MESSAGE][PASSED] - Text 'iahmed' is set on object 'Object Repository/Login_Page/Login_Username'

2022-07-20 17:04:25 - [MESSAGE][PASSED] - Text 'hello2222' is set on object 'Object Repository/Login_Page/Login_Password'

2022-07-20 17:04:28 - [MESSAGE][PASSED] - Object: 'Object Repository/Login_Page/Login_Submit' is clicked on

2022-07-20 17:04:28 - [MESSAGE][PASSED] - adminSuiteBootstrap.loginFunctionality.login_AdminSuite is PASSED

2022-07-20 17:04:28 - [TEST_STEP][PASSED] - click(findTestObject(path_Dashboard + "a_Access User Management")): Object: 'Object Repository/AdminSuiteBootstrap_Pages/Dashboard_Bootstrap/a_Access User Management' is clicked on

2022-07-20 17:04:31 - [MESSAGE][PASSED] - Object: 'Object Repository/AdminSuiteBootstrap_Pages/Dashboard_Bootstrap/a_Access User Management' is clicked on

2022-07-20 17:04:31 - [TEST_STEP][PASSED] - click(findTestObject(path_Users + "a_Add User")): Object: 'Object Repository/AdminSuiteBootstrap_Pages/UM_Bootstrap/Users/a_Add User' is clicked on

2022-07-20 17:04:31 - [MESSAGE][PASSED] - Object: 'Object Repository/AdminSuiteBootstrap_Pages/UM_Bootstrap/Users/a_Add User' is clicked on

2022-07-20 17:04:31 - [TEST_STEP][PASSED] - buildUsername = pages.GenerateRandom.getRandomAlpha(): pages.GenerateRandom.getRandomAlpha is PASSED

2022-07-20 17:04:31 - [MESSAGE][PASSED] - pages.GenerateRandom.getRandomAlpha is PASSED

2022-07-20 17:04:31 - [TEST_STEP][PASSED] - prefixUsername = findTestData(dataFile).getValue("Username", row): null

2022-07-20 17:04:31 - [TEST_STEP][PASSED] - prefixOrMiddle = findTestData(dataFile).getValue("Prefix", row): null

2022-07-20 17:04:32 - [TEST_STEP][PASSED] - if (prefixOrMiddle.equalsIgnoreCase("Y")): null

2022-07-20 17:04:32 - [TEST_STEP][PASSED] - else if (prefixOrMiddle.equalsIgnoreCase("N")): null

2022-07-20 17:04:32 - [TEST_STEP][PASSED] - spUsername = buildUsername + prefixUsername + buildUsername: null

2022-07-20 17:04:32 - [TEST_STEP][PASSED] - setText(findTestObject(path_AddUser + "input_EmailAddress"), "iahmed@govolution.com"): Text 'iahmed@govolution.com' is set on object 'Object Repository/AdminSuiteBootstrap_Pages/UM_Bootstrap/AddUser/input_EmailAddress'

2022-07-20 17:04:32 - [MESSAGE][PASSED] - Text 'iahmed@govolution.com' is set on object 'Object Repository/AdminSuiteBootstrap_Pages/UM_Bootstrap/AddUser/input_EmailAddress'

2022-07-20 17:04:32 - [TEST_STEP][PASSED] - setText(findTestObject(path_AddUser + "input_Username"), spUsername): Text 'IIxKoXLHn=IIxKoXLHn' is set on object 'Object Repository/AdminSuiteBootstrap_Pages/UM_Bootstrap/AddUser/input_Username'

2022-07-20 17:04:33 - [MESSAGE][PASSED] - Text 'IIxKoXLHn=IIxKoXLHn' is set on object 'Object Repository/AdminSuiteBootstrap_Pages/UM_Bootstrap/AddUser/input_Username'

2022-07-20 17:04:33 - [TEST_STEP][PASSED] - setText(findTestObject(path_AddUser + "input_FirstName"), "Ashley"): Text 'Ashley' is set on object 'Object Repository/AdminSuiteBootstrap_Pages/UM_Bootstrap/AddUser/input_FirstName'

2022-07-20 17:04:34 - [MESSAGE][PASSED] - Text 'Ashley' is set on object 'Object Repository/AdminSuiteBootstrap_Pages/UM_Bootstrap/AddUser/input_FirstName'

2022-07-20 17:04:34 - [TEST_STEP][PASSED] - setText(findTestObject(path_AddUser + "input_LastName"), "Luka"): Text 'Luka' is set on object 'Object Repository/AdminSuiteBootstrap_Pages/UM_Bootstrap/AddUser/input_LastName'

2022-07-20 17:04:34 - [MESSAGE][PASSED] - Text 'Luka' is set on object 'Object Repository/AdminSuiteBootstrap_Pages/UM_Bootstrap/AddUser/input_LastName'

2022-07-20 17:04:34 - [TEST_STEP][PASSED] - setText(findTestObject(path_AddUser + "input_Password"), "hello6666"): Text 'hello6666' is set on object 'Object Repository/AdminSuiteBootstrap_Pages/UM_Bootstrap/AddUser/input_Password'

2022-07-20 17:04:35 - [MESSAGE][PASSED] - Text 'hello6666' is set on object 'Object Repository/AdminSuiteBootstrap_Pages/UM_Bootstrap/AddUser/input_Password'

2022-07-20 17:04:35 - [TEST_STEP][PASSED] - setText(findTestObject(path_AddUser + "input_ConfirmPassword"), "hello6666"): Text 'hello6666' is set on object 'Object Repository/AdminSuiteBootstrap_Pages/UM_Bootstrap/AddUser/input_ConfirmPassword'

2022-07-20 17:04:36 - [MESSAGE][PASSED] - Text 'hello6666' is set on object 'Object Repository/AdminSuiteBootstrap_Pages/UM_Bootstrap/AddUser/input_ConfirmPassword'

2022-07-20 17:04:36 - [TEST_STEP][PASSED] - check(findTestObject(path_AddUser + "input_No_lock")): Object 'Object Repository/AdminSuiteBootstrap_Pages/UM_Bootstrap/AddUser/input_No_lock' is checked

2022-07-20 17:04:36 - [MESSAGE][PASSED] - Object 'Object Repository/AdminSuiteBootstrap_Pages/UM_Bootstrap/AddUser/input_No_lock' is checked

2022-07-20 17:04:36 - [TEST_STEP][PASSED] - click(findTestObject(path_AddUser + "button_Create")): Object: 'Object Repository/AdminSuiteBootstrap_Pages/UM_Bootstrap/AddUser/button_Create' is clicked on

2022-07-20 17:04:38 - [MESSAGE][PASSED] - Object: 'Object Repository/AdminSuiteBootstrap_Pages/UM_Bootstrap/AddUser/button_Create' is clicked on

2022-07-20 17:04:38 - [TEST_STEP][PASSED] - verifyTextPresent("Error! Please provide the following required information as indicated below", true): Text 'Error! Please provide the following required information as indicated below' is present on page  using regular expression

2022-07-20 17:04:39 - [MESSAGE][PASSED] - Text 'Error! Please provide the following required information as indicated below' is present on page  using regular expression

2022-07-20 17:04:39 - [TEST_STEP][FAILED] - verifyTextPresent("Username may only be comprised of alphanumeric characters, the underscore "_" character, the at "@" symbol, and the period "."Username may only be comprised of alphanumeric characters, the underscore "_" character, the at "@" symbol, and the period "."", true): Text 'Username may only be comprised of alphanumeric characters, the underscore "_" character, the at "@" symbol, and the period "."Username may only be comprised of alphanumeric characters, the underscore "_" character, the at "@" symbol, and the period "."' is not present on page  using regular expression (Root cause: com.kms.katalon.core.exception.StepFailedException: Text 'Username may only be comprised of alphanumeric characters, the underscore "_" character, the at "@" symbol, and the period "."Username may only be comprised of alphanumeric characters, the underscore "_" character, the at "@" symbol, and the period "."' is not present on page  using regular expression
	at com.kms.katalon.core.webui.keyword.internal.WebUIKeywordMain.stepFailed(WebUIKeywordMain.groovy:64)
	at com.kms.katalon.core.webui.keyword.builtin.VerifyTextPresentKeyword$_verifyTextPresent_closure1.doCall(VerifyTextPresentKeyword.groovy:79)
	at com.kms.katalon.core.webui.keyword.builtin.VerifyTextPresentKeyword$_verifyTextPresent_closure1.call(VerifyTextPresentKeyword.groovy)
	at com.kms.katalon.core.webui.keyword.internal.WebUIKeywordMain.runKeyword(WebUIKeywordMain.groovy:20)
	at com.kms.katalon.core.webui.keyword.builtin.VerifyTextPresentKeyword.verifyTextPresent(VerifyTextPresentKeyword.groovy:83)
	at com.kms.katalon.core.webui.keyword.builtin.VerifyTextPresentKeyword.execute(VerifyTextPresentKeyword.groovy:68)
	at com.kms.katalon.core.keyword.internal.KeywordExecutor.executeKeywordForPlatform(KeywordExecutor.groovy:74)
	at com.kms.katalon.core.webui.keyword.WebUiBuiltInKeywords.verifyTextPresent(WebUiBuiltInKeywords.groovy:1723)
	at com.kms.katalon.core.webui.keyword.WebUiBuiltInKeywords$verifyTextPresent$5.call(Unknown Source)
	at AddUserSpecialCharError.run(AddUserSpecialCharError:97)
	at com.kms.katalon.core.main.ScriptEngine.run(ScriptEngine.java:194)
	at com.kms.katalon.core.main.ScriptEngine.runScriptAsRawText(ScriptEngine.java:119)
	at com.kms.katalon.core.main.TestCaseExecutor.runScript(TestCaseExecutor.java:442)
	at com.kms.katalon.core.main.TestCaseExecutor.doExecute(TestCaseExecutor.java:433)
	at com.kms.katalon.core.main.TestCaseExecutor.processExecutionPhase(TestCaseExecutor.java:412)
	at com.kms.katalon.core.main.TestCaseExecutor.accessMainPhase(TestCaseExecutor.java:404)
	at com.kms.katalon.core.main.TestCaseExecutor.execute(TestCaseExecutor.java:281)
	at com.kms.katalon.core.main.TestSuiteExecutor.accessTestCaseMainPhase(TestSuiteExecutor.java:202)
	at com.kms.katalon.core.main.TestSuiteExecutor.accessTestSuiteMainPhase(TestSuiteExecutor.java:164)
	at com.kms.katalon.core.main.TestSuiteExecutor.execute(TestSuiteExecutor.java:105)
	at com.kms.katalon.core.main.TestCaseMain.startTestSuite(TestCaseMain.java:185)
	at com.kms.katalon.core.main.TestCaseMain$startTestSuite$0.call(Unknown Source)
	at TempTestSuite1658350841568.run(TempTestSuite1658350841568.groovy:36)
)

2022-07-20 17:04:39 - [MESSAGE][FAILED] - Text 'Username may only be comprised of alphanumeric characters, the underscore "_" character, the at "@" symbol, and the period "."Username may only be comprised of alphanumeric characters, the underscore "_" character, the at "@" symbol, and the period "."' is not present on page  using regular expression (Root cause: com.kms.katalon.core.exception.StepFailedException: Text 'Username may only be comprised of alphanumeric characters, the underscore "_" character, the at "@" symbol, and the period "."Username may only be comprised of alphanumeric characters, the underscore "_" character, the at "@" symbol, and the period "."' is not present on page  using regular expression
	at com.kms.katalon.core.webui.keyword.internal.WebUIKeywordMain.stepFailed(WebUIKeywordMain.groovy:64)
	at com.kms.katalon.core.webui.keyword.builtin.VerifyTextPresentKeyword$_verifyTextPresent_closure1.doCall(VerifyTextPresentKeyword.groovy:79)
	at com.kms.katalon.core.webui.keyword.builtin.VerifyTextPresentKeyword$_verifyTextPresent_closure1.call(VerifyTextPresentKeyword.groovy)
	at com.kms.katalon.core.webui.keyword.internal.WebUIKeywordMain.runKeyword(WebUIKeywordMain.groovy:20)
	at com.kms.katalon.core.webui.keyword.builtin.VerifyTextPresentKeyword.verifyTextPresent(VerifyTextPresentKeyword.groovy:83)
	at com.kms.katalon.core.webui.keyword.builtin.VerifyTextPresentKeyword.execute(VerifyTextPresentKeyword.groovy:68)
	at com.kms.katalon.core.keyword.internal.KeywordExecutor.executeKeywordForPlatform(KeywordExecutor.groovy:74)
	at com.kms.katalon.core.webui.keyword.WebUiBuiltInKeywords.verifyTextPresent(WebUiBuiltInKeywords.groovy:1723)
	at com.kms.katalon.core.webui.keyword.WebUiBuiltInKeywords$verifyTextPresent$5.call(Unknown Source)
	at AddUserSpecialCharError.run(AddUserSpecialCharError:97)
	at com.kms.katalon.core.main.ScriptEngine.run(ScriptEngine.java:194)
	at com.kms.katalon.core.main.ScriptEngine.runScriptAsRawText(ScriptEngine.java:119)
	at com.kms.katalon.core.main.TestCaseExecutor.runScript(TestCaseExecutor.java:442)
	at com.kms.katalon.core.main.TestCaseExecutor.doExecute(TestCaseExecutor.java:433)
	at com.kms.katalon.core.main.TestCaseExecutor.processExecutionPhase(TestCaseExecutor.java:412)
	at com.kms.katalon.core.main.TestCaseExecutor.accessMainPhase(TestCaseExecutor.java:404)
	at com.kms.katalon.core.main.TestCaseExecutor.execute(TestCaseExecutor.java:281)
	at com.kms.katalon.core.main.TestSuiteExecutor.accessTestCaseMainPhase(TestSuiteExecutor.java:202)
	at com.kms.katalon.core.main.TestSuiteExecutor.accessTestSuiteMainPhase(TestSuiteExecutor.java:164)
	at com.kms.katalon.core.main.TestSuiteExecutor.execute(TestSuiteExecutor.java:105)
	at com.kms.katalon.core.main.TestCaseMain.startTestSuite(TestCaseMain.java:185)
	at com.kms.katalon.core.main.TestCaseMain$startTestSuite$0.call(Unknown Source)
	at TempTestSuite1658350841568.run(TempTestSuite1658350841568.groovy:36)
)

2022-07-20 17:04:39 - [TEST_STEP][PASSED] - closeBrowser(): Browser is closed

2022-07-20 17:04:40 - [MESSAGE][PASSED] - Browser is closed

2022-07-20 17:04:40 - [TEST_STEP][PASSED] - ExecuteTC = findTestData(dataFile).getValue("Execute", row): null

2022-07-20 17:04:40 - [TEST_STEP][PASSED] - out.println("Value of Execute is : " + ExecuteTC): null

2022-07-20 17:04:40 - [TEST_STEP][FAILED] - if (ExecuteTC.equalsIgnoreCase("Y")): null

2022-07-20 17:04:40 - [TEST_STEP][PASSED] - out.println("Begin Record Number: " + row): null

2022-07-20 17:04:40 - [TEST_STEP][PASSED] - adminSuiteBootstrap.loginFunctionality.login_AdminSuite(): adminSuiteBootstrap.loginFunctionality.login_AdminSuite is PASSED

2022-07-20 17:04:40 - [MESSAGE][INFO] - Starting 'Chrome' driver

2022-07-20 17:04:40 - [MESSAGE][INFO] - User set preference: ['acceptInsecureCerts', 'true']

2022-07-20 17:04:40 - [MESSAGE][INFO] - Action delay is set to 0 milliseconds

2022-07-20 17:04:42 - [MESSAGE][PASSED] - Browser is opened with url: 'https://demo.velocitypayment.com/admin/imtiazdemo'

2022-07-20 17:04:43 - [MESSAGE][PASSED] - Current window maximized

2022-07-20 17:04:43 - [MESSAGE][PASSED] - Object 'Object Repository/Login_Page/Login_Username' is present

2022-07-20 17:04:44 - [MESSAGE][PASSED] - Text 'iahmed' is set on object 'Object Repository/Login_Page/Login_Username'

2022-07-20 17:04:45 - [MESSAGE][PASSED] - Text 'hello2222' is set on object 'Object Repository/Login_Page/Login_Password'

2022-07-20 17:04:47 - [MESSAGE][PASSED] - Object: 'Object Repository/Login_Page/Login_Submit' is clicked on

2022-07-20 17:04:47 - [MESSAGE][PASSED] - adminSuiteBootstrap.loginFunctionality.login_AdminSuite is PASSED

2022-07-20 17:04:47 - [TEST_STEP][PASSED] - click(findTestObject(path_Dashboard + "a_Access User Management")): Object: 'Object Repository/AdminSuiteBootstrap_Pages/Dashboard_Bootstrap/a_Access User Management' is clicked on

2022-07-20 17:04:49 - [MESSAGE][PASSED] - Object: 'Object Repository/AdminSuiteBootstrap_Pages/Dashboard_Bootstrap/a_Access User Management' is clicked on

2022-07-20 17:04:49 - [TEST_STEP][PASSED] - click(findTestObject(path_Users + "a_Add User")): Object: 'Object Repository/AdminSuiteBootstrap_Pages/UM_Bootstrap/Users/a_Add User' is clicked on

2022-07-20 17:04:50 - [MESSAGE][PASSED] - Object: 'Object Repository/AdminSuiteBootstrap_Pages/UM_Bootstrap/Users/a_Add User' is clicked on

2022-07-20 17:04:50 - [TEST_STEP][PASSED] - buildUsername = pages.GenerateRandom.getRandomAlpha(): pages.GenerateRandom.getRandomAlpha is PASSED

2022-07-20 17:04:50 - [MESSAGE][PASSED] - pages.GenerateRandom.getRandomAlpha is PASSED

2022-07-20 17:04:50 - [TEST_STEP][PASSED] - prefixUsername = findTestData(dataFile).getValue("Username", row): null

2022-07-20 17:04:50 - [TEST_STEP][PASSED] - prefixOrMiddle = findTestData(dataFile).getValue("Prefix", row): null

2022-07-20 17:04:50 - [TEST_STEP][PASSED] - if (prefixOrMiddle.equalsIgnoreCase("Y")): null

2022-07-20 17:04:50 - [TEST_STEP][PASSED] - else if (prefixOrMiddle.equalsIgnoreCase("N")): null

2022-07-20 17:04:50 - [TEST_STEP][PASSED] - spUsername = buildUsername + prefixUsername + buildUsername: null

2022-07-20 17:04:50 - [TEST_STEP][PASSED] - setText(findTestObject(path_AddUser + "input_EmailAddress"), "iahmed@govolution.com"): Text 'iahmed@govolution.com' is set on object 'Object Repository/AdminSuiteBootstrap_Pages/UM_Bootstrap/AddUser/input_EmailAddress'

2022-07-20 17:04:51 - [MESSAGE][PASSED] - Text 'iahmed@govolution.com' is set on object 'Object Repository/AdminSuiteBootstrap_Pages/UM_Bootstrap/AddUser/input_EmailAddress'

2022-07-20 17:04:51 - [TEST_STEP][PASSED] - setText(findTestObject(path_AddUser + "input_Username"), spUsername): Text 'vLTiGpAAz-vLTiGpAAz' is set on object 'Object Repository/AdminSuiteBootstrap_Pages/UM_Bootstrap/AddUser/input_Username'

2022-07-20 17:04:51 - [MESSAGE][PASSED] - Text 'vLTiGpAAz-vLTiGpAAz' is set on object 'Object Repository/AdminSuiteBootstrap_Pages/UM_Bootstrap/AddUser/input_Username'

2022-07-20 17:04:51 - [TEST_STEP][PASSED] - setText(findTestObject(path_AddUser + "input_FirstName"), "Ashley"): Text 'Ashley' is set on object 'Object Repository/AdminSuiteBootstrap_Pages/UM_Bootstrap/AddUser/input_FirstName'

2022-07-20 17:04:52 - [MESSAGE][PASSED] - Text 'Ashley' is set on object 'Object Repository/AdminSuiteBootstrap_Pages/UM_Bootstrap/AddUser/input_FirstName'

2022-07-20 17:04:52 - [TEST_STEP][PASSED] - setText(findTestObject(path_AddUser + "input_LastName"), "Luka"): Text 'Luka' is set on object 'Object Repository/AdminSuiteBootstrap_Pages/UM_Bootstrap/AddUser/input_LastName'

2022-07-20 17:04:53 - [MESSAGE][PASSED] - Text 'Luka' is set on object 'Object Repository/AdminSuiteBootstrap_Pages/UM_Bootstrap/AddUser/input_LastName'

2022-07-20 17:04:53 - [TEST_STEP][PASSED] - setText(findTestObject(path_AddUser + "input_Password"), "hello6666"): Text 'hello6666' is set on object 'Object Repository/AdminSuiteBootstrap_Pages/UM_Bootstrap/AddUser/input_Password'

2022-07-20 17:04:53 - [MESSAGE][PASSED] - Text 'hello6666' is set on object 'Object Repository/AdminSuiteBootstrap_Pages/UM_Bootstrap/AddUser/input_Password'

2022-07-20 17:04:53 - [TEST_STEP][PASSED] - setText(findTestObject(path_AddUser + "input_ConfirmPassword"), "hello6666"): Text 'hello6666' is set on object 'Object Repository/AdminSuiteBootstrap_Pages/UM_Bootstrap/AddUser/input_ConfirmPassword'

2022-07-20 17:04:54 - [MESSAGE][PASSED] - Text 'hello6666' is set on object 'Object Repository/AdminSuiteBootstrap_Pages/UM_Bootstrap/AddUser/input_ConfirmPassword'

2022-07-20 17:04:54 - [TEST_STEP][PASSED] - check(findTestObject(path_AddUser + "input_No_lock")): Object 'Object Repository/AdminSuiteBootstrap_Pages/UM_Bootstrap/AddUser/input_No_lock' is checked

2022-07-20 17:04:55 - [MESSAGE][PASSED] - Object 'Object Repository/AdminSuiteBootstrap_Pages/UM_Bootstrap/AddUser/input_No_lock' is checked

2022-07-20 17:04:55 - [TEST_STEP][PASSED] - click(findTestObject(path_AddUser + "button_Create")): Object: 'Object Repository/AdminSuiteBootstrap_Pages/UM_Bootstrap/AddUser/button_Create' is clicked on

2022-07-20 17:04:58 - [MESSAGE][PASSED] - Object: 'Object Repository/AdminSuiteBootstrap_Pages/UM_Bootstrap/AddUser/button_Create' is clicked on

2022-07-20 17:04:58 - [TEST_STEP][PASSED] - verifyTextPresent("Error! Please provide the following required information as indicated below", true): Text 'Error! Please provide the following required information as indicated below' is present on page  using regular expression

2022-07-20 17:04:58 - [MESSAGE][PASSED] - Text 'Error! Please provide the following required information as indicated below' is present on page  using regular expression

2022-07-20 17:04:58 - [TEST_STEP][FAILED] - verifyTextPresent("Username may only be comprised of alphanumeric characters, the underscore "_" character, the at "@" symbol, and the period "."Username may only be comprised of alphanumeric characters, the underscore "_" character, the at "@" symbol, and the period "."", true): Text 'Username may only be comprised of alphanumeric characters, the underscore "_" character, the at "@" symbol, and the period "."Username may only be comprised of alphanumeric characters, the underscore "_" character, the at "@" symbol, and the period "."' is not present on page  using regular expression (Root cause: com.kms.katalon.core.exception.StepFailedException: Text 'Username may only be comprised of alphanumeric characters, the underscore "_" character, the at "@" symbol, and the period "."Username may only be comprised of alphanumeric characters, the underscore "_" character, the at "@" symbol, and the period "."' is not present on page  using regular expression
	at com.kms.katalon.core.webui.keyword.internal.WebUIKeywordMain.stepFailed(WebUIKeywordMain.groovy:64)
	at com.kms.katalon.core.webui.keyword.builtin.VerifyTextPresentKeyword$_verifyTextPresent_closure1.doCall(VerifyTextPresentKeyword.groovy:79)
	at com.kms.katalon.core.webui.keyword.builtin.VerifyTextPresentKeyword$_verifyTextPresent_closure1.call(VerifyTextPresentKeyword.groovy)
	at com.kms.katalon.core.webui.keyword.internal.WebUIKeywordMain.runKeyword(WebUIKeywordMain.groovy:20)
	at com.kms.katalon.core.webui.keyword.builtin.VerifyTextPresentKeyword.verifyTextPresent(VerifyTextPresentKeyword.groovy:83)
	at com.kms.katalon.core.webui.keyword.builtin.VerifyTextPresentKeyword.execute(VerifyTextPresentKeyword.groovy:68)
	at com.kms.katalon.core.keyword.internal.KeywordExecutor.executeKeywordForPlatform(KeywordExecutor.groovy:74)
	at com.kms.katalon.core.webui.keyword.WebUiBuiltInKeywords.verifyTextPresent(WebUiBuiltInKeywords.groovy:1723)
	at com.kms.katalon.core.webui.keyword.WebUiBuiltInKeywords$verifyTextPresent$5.call(Unknown Source)
	at AddUserSpecialCharError.run(AddUserSpecialCharError:97)
	at com.kms.katalon.core.main.ScriptEngine.run(ScriptEngine.java:194)
	at com.kms.katalon.core.main.ScriptEngine.runScriptAsRawText(ScriptEngine.java:119)
	at com.kms.katalon.core.main.TestCaseExecutor.runScript(TestCaseExecutor.java:442)
	at com.kms.katalon.core.main.TestCaseExecutor.doExecute(TestCaseExecutor.java:433)
	at com.kms.katalon.core.main.TestCaseExecutor.processExecutionPhase(TestCaseExecutor.java:412)
	at com.kms.katalon.core.main.TestCaseExecutor.accessMainPhase(TestCaseExecutor.java:404)
	at com.kms.katalon.core.main.TestCaseExecutor.execute(TestCaseExecutor.java:281)
	at com.kms.katalon.core.main.TestSuiteExecutor.accessTestCaseMainPhase(TestSuiteExecutor.java:202)
	at com.kms.katalon.core.main.TestSuiteExecutor.accessTestSuiteMainPhase(TestSuiteExecutor.java:164)
	at com.kms.katalon.core.main.TestSuiteExecutor.execute(TestSuiteExecutor.java:105)
	at com.kms.katalon.core.main.TestCaseMain.startTestSuite(TestCaseMain.java:185)
	at com.kms.katalon.core.main.TestCaseMain$startTestSuite$0.call(Unknown Source)
	at TempTestSuite1658350841568.run(TempTestSuite1658350841568.groovy:36)
)

2022-07-20 17:04:58 - [MESSAGE][FAILED] - Text 'Username may only be comprised of alphanumeric characters, the underscore "_" character, the at "@" symbol, and the period "."Username may only be comprised of alphanumeric characters, the underscore "_" character, the at "@" symbol, and the period "."' is not present on page  using regular expression (Root cause: com.kms.katalon.core.exception.StepFailedException: Text 'Username may only be comprised of alphanumeric characters, the underscore "_" character, the at "@" symbol, and the period "."Username may only be comprised of alphanumeric characters, the underscore "_" character, the at "@" symbol, and the period "."' is not present on page  using regular expression
	at com.kms.katalon.core.webui.keyword.internal.WebUIKeywordMain.stepFailed(WebUIKeywordMain.groovy:64)
	at com.kms.katalon.core.webui.keyword.builtin.VerifyTextPresentKeyword$_verifyTextPresent_closure1.doCall(VerifyTextPresentKeyword.groovy:79)
	at com.kms.katalon.core.webui.keyword.builtin.VerifyTextPresentKeyword$_verifyTextPresent_closure1.call(VerifyTextPresentKeyword.groovy)
	at com.kms.katalon.core.webui.keyword.internal.WebUIKeywordMain.runKeyword(WebUIKeywordMain.groovy:20)
	at com.kms.katalon.core.webui.keyword.builtin.VerifyTextPresentKeyword.verifyTextPresent(VerifyTextPresentKeyword.groovy:83)
	at com.kms.katalon.core.webui.keyword.builtin.VerifyTextPresentKeyword.execute(VerifyTextPresentKeyword.groovy:68)
	at com.kms.katalon.core.keyword.internal.KeywordExecutor.executeKeywordForPlatform(KeywordExecutor.groovy:74)
	at com.kms.katalon.core.webui.keyword.WebUiBuiltInKeywords.verifyTextPresent(WebUiBuiltInKeywords.groovy:1723)
	at com.kms.katalon.core.webui.keyword.WebUiBuiltInKeywords$verifyTextPresent$5.call(Unknown Source)
	at AddUserSpecialCharError.run(AddUserSpecialCharError:97)
	at com.kms.katalon.core.main.ScriptEngine.run(ScriptEngine.java:194)
	at com.kms.katalon.core.main.ScriptEngine.runScriptAsRawText(ScriptEngine.java:119)
	at com.kms.katalon.core.main.TestCaseExecutor.runScript(TestCaseExecutor.java:442)
	at com.kms.katalon.core.main.TestCaseExecutor.doExecute(TestCaseExecutor.java:433)
	at com.kms.katalon.core.main.TestCaseExecutor.processExecutionPhase(TestCaseExecutor.java:412)
	at com.kms.katalon.core.main.TestCaseExecutor.accessMainPhase(TestCaseExecutor.java:404)
	at com.kms.katalon.core.main.TestCaseExecutor.execute(TestCaseExecutor.java:281)
	at com.kms.katalon.core.main.TestSuiteExecutor.accessTestCaseMainPhase(TestSuiteExecutor.java:202)
	at com.kms.katalon.core.main.TestSuiteExecutor.accessTestSuiteMainPhase(TestSuiteExecutor.java:164)
	at com.kms.katalon.core.main.TestSuiteExecutor.execute(TestSuiteExecutor.java:105)
	at com.kms.katalon.core.main.TestCaseMain.startTestSuite(TestCaseMain.java:185)
	at com.kms.katalon.core.main.TestCaseMain$startTestSuite$0.call(Unknown Source)
	at TempTestSuite1658350841568.run(TempTestSuite1658350841568.groovy:36)
)

2022-07-20 17:04:58 - [TEST_STEP][PASSED] - closeBrowser(): Browser is closed

2022-07-20 17:04:59 - [MESSAGE][PASSED] - Browser is closed

2022-07-20 17:04:59 - [TEST_STEP][PASSED] - ExecuteTC = findTestData(dataFile).getValue("Execute", row): null

2022-07-20 17:04:59 - [TEST_STEP][PASSED] - out.println("Value of Execute is : " + ExecuteTC): null

2022-07-20 17:04:59 - [TEST_STEP][FAILED] - if (ExecuteTC.equalsIgnoreCase("Y")): null

2022-07-20 17:04:59 - [TEST_STEP][PASSED] - out.println("Begin Record Number: " + row): null

2022-07-20 17:04:59 - [TEST_STEP][PASSED] - adminSuiteBootstrap.loginFunctionality.login_AdminSuite(): adminSuiteBootstrap.loginFunctionality.login_AdminSuite is PASSED

2022-07-20 17:04:59 - [MESSAGE][INFO] - Starting 'Chrome' driver

2022-07-20 17:04:59 - [MESSAGE][INFO] - User set preference: ['acceptInsecureCerts', 'true']

2022-07-20 17:04:59 - [MESSAGE][INFO] - Action delay is set to 0 milliseconds

2022-07-20 17:05:02 - [MESSAGE][PASSED] - Browser is opened with url: 'https://demo.velocitypayment.com/admin/imtiazdemo'

2022-07-20 17:05:02 - [MESSAGE][PASSED] - Current window maximized

2022-07-20 17:05:02 - [MESSAGE][PASSED] - Object 'Object Repository/Login_Page/Login_Username' is present

2022-07-20 17:05:03 - [MESSAGE][PASSED] - Text 'iahmed' is set on object 'Object Repository/Login_Page/Login_Username'

2022-07-20 17:05:04 - [MESSAGE][PASSED] - Text 'hello2222' is set on object 'Object Repository/Login_Page/Login_Password'

2022-07-20 17:05:07 - [MESSAGE][PASSED] - Object: 'Object Repository/Login_Page/Login_Submit' is clicked on

2022-07-20 17:05:07 - [MESSAGE][PASSED] - adminSuiteBootstrap.loginFunctionality.login_AdminSuite is PASSED

2022-07-20 17:05:07 - [TEST_STEP][PASSED] - click(findTestObject(path_Dashboard + "a_Access User Management")): Object: 'Object Repository/AdminSuiteBootstrap_Pages/Dashboard_Bootstrap/a_Access User Management' is clicked on

2022-07-20 17:05:09 - [MESSAGE][PASSED] - Object: 'Object Repository/AdminSuiteBootstrap_Pages/Dashboard_Bootstrap/a_Access User Management' is clicked on

2022-07-20 17:05:09 - [TEST_STEP][PASSED] - click(findTestObject(path_Users + "a_Add User")): Object: 'Object Repository/AdminSuiteBootstrap_Pages/UM_Bootstrap/Users/a_Add User' is clicked on

2022-07-20 17:05:09 - [MESSAGE][PASSED] - Object: 'Object Repository/AdminSuiteBootstrap_Pages/UM_Bootstrap/Users/a_Add User' is clicked on

2022-07-20 17:05:09 - [TEST_STEP][PASSED] - buildUsername = pages.GenerateRandom.getRandomAlpha(): pages.GenerateRandom.getRandomAlpha is PASSED

2022-07-20 17:05:09 - [MESSAGE][PASSED] - pages.GenerateRandom.getRandomAlpha is PASSED

2022-07-20 17:05:09 - [TEST_STEP][PASSED] - prefixUsername = findTestData(dataFile).getValue("Username", row): null

2022-07-20 17:05:09 - [TEST_STEP][PASSED] - prefixOrMiddle = findTestData(dataFile).getValue("Prefix", row): null

2022-07-20 17:05:10 - [TEST_STEP][PASSED] - if (prefixOrMiddle.equalsIgnoreCase("Y")): null

2022-07-20 17:05:10 - [TEST_STEP][PASSED] - else if (prefixOrMiddle.equalsIgnoreCase("N")): null

2022-07-20 17:05:10 - [TEST_STEP][PASSED] - spUsername = buildUsername + prefixUsername + buildUsername: null

2022-07-20 17:05:10 - [TEST_STEP][PASSED] - setText(findTestObject(path_AddUser + "input_EmailAddress"), "iahmed@govolution.com"): Text 'iahmed@govolution.com' is set on object 'Object Repository/AdminSuiteBootstrap_Pages/UM_Bootstrap/AddUser/input_EmailAddress'

2022-07-20 17:05:10 - [MESSAGE][PASSED] - Text 'iahmed@govolution.com' is set on object 'Object Repository/AdminSuiteBootstrap_Pages/UM_Bootstrap/AddUser/input_EmailAddress'

2022-07-20 17:05:10 - [TEST_STEP][PASSED] - setText(findTestObject(path_AddUser + "input_Username"), spUsername): Text 'UVpybfvHR+UVpybfvHR' is set on object 'Object Repository/AdminSuiteBootstrap_Pages/UM_Bootstrap/AddUser/input_Username'

2022-07-20 17:05:11 - [MESSAGE][PASSED] - Text 'UVpybfvHR+UVpybfvHR' is set on object 'Object Repository/AdminSuiteBootstrap_Pages/UM_Bootstrap/AddUser/input_Username'

2022-07-20 17:05:11 - [TEST_STEP][PASSED] - setText(findTestObject(path_AddUser + "input_FirstName"), "Ashley"): Text 'Ashley' is set on object 'Object Repository/AdminSuiteBootstrap_Pages/UM_Bootstrap/AddUser/input_FirstName'

2022-07-20 17:05:12 - [MESSAGE][PASSED] - Text 'Ashley' is set on object 'Object Repository/AdminSuiteBootstrap_Pages/UM_Bootstrap/AddUser/input_FirstName'

2022-07-20 17:05:12 - [TEST_STEP][PASSED] - setText(findTestObject(path_AddUser + "input_LastName"), "Luka"): Text 'Luka' is set on object 'Object Repository/AdminSuiteBootstrap_Pages/UM_Bootstrap/AddUser/input_LastName'

2022-07-20 17:05:12 - [MESSAGE][PASSED] - Text 'Luka' is set on object 'Object Repository/AdminSuiteBootstrap_Pages/UM_Bootstrap/AddUser/input_LastName'

2022-07-20 17:05:12 - [TEST_STEP][PASSED] - setText(findTestObject(path_AddUser + "input_Password"), "hello6666"): Text 'hello6666' is set on object 'Object Repository/AdminSuiteBootstrap_Pages/UM_Bootstrap/AddUser/input_Password'

2022-07-20 17:05:13 - [MESSAGE][PASSED] - Text 'hello6666' is set on object 'Object Repository/AdminSuiteBootstrap_Pages/UM_Bootstrap/AddUser/input_Password'

2022-07-20 17:05:13 - [TEST_STEP][PASSED] - setText(findTestObject(path_AddUser + "input_ConfirmPassword"), "hello6666"): Text 'hello6666' is set on object 'Object Repository/AdminSuiteBootstrap_Pages/UM_Bootstrap/AddUser/input_ConfirmPassword'

2022-07-20 17:05:14 - [MESSAGE][PASSED] - Text 'hello6666' is set on object 'Object Repository/AdminSuiteBootstrap_Pages/UM_Bootstrap/AddUser/input_ConfirmPassword'

2022-07-20 17:05:14 - [TEST_STEP][PASSED] - check(findTestObject(path_AddUser + "input_No_lock")): Object 'Object Repository/AdminSuiteBootstrap_Pages/UM_Bootstrap/AddUser/input_No_lock' is checked

2022-07-20 17:05:14 - [MESSAGE][PASSED] - Object 'Object Repository/AdminSuiteBootstrap_Pages/UM_Bootstrap/AddUser/input_No_lock' is checked

2022-07-20 17:05:14 - [TEST_STEP][PASSED] - click(findTestObject(path_AddUser + "button_Create")): Object: 'Object Repository/AdminSuiteBootstrap_Pages/UM_Bootstrap/AddUser/button_Create' is clicked on

2022-07-20 17:05:16 - [MESSAGE][PASSED] - Object: 'Object Repository/AdminSuiteBootstrap_Pages/UM_Bootstrap/AddUser/button_Create' is clicked on

2022-07-20 17:05:16 - [TEST_STEP][PASSED] - verifyTextPresent("Error! Please provide the following required information as indicated below", true): Text 'Error! Please provide the following required information as indicated below' is present on page  using regular expression

2022-07-20 17:05:17 - [MESSAGE][PASSED] - Text 'Error! Please provide the following required information as indicated below' is present on page  using regular expression

2022-07-20 17:05:17 - [TEST_STEP][FAILED] - verifyTextPresent("Username may only be comprised of alphanumeric characters, the underscore "_" character, the at "@" symbol, and the period "."Username may only be comprised of alphanumeric characters, the underscore "_" character, the at "@" symbol, and the period "."", true): Text 'Username may only be comprised of alphanumeric characters, the underscore "_" character, the at "@" symbol, and the period "."Username may only be comprised of alphanumeric characters, the underscore "_" character, the at "@" symbol, and the period "."' is not present on page  using regular expression (Root cause: com.kms.katalon.core.exception.StepFailedException: Text 'Username may only be comprised of alphanumeric characters, the underscore "_" character, the at "@" symbol, and the period "."Username may only be comprised of alphanumeric characters, the underscore "_" character, the at "@" symbol, and the period "."' is not present on page  using regular expression
	at com.kms.katalon.core.webui.keyword.internal.WebUIKeywordMain.stepFailed(WebUIKeywordMain.groovy:64)
	at com.kms.katalon.core.webui.keyword.builtin.VerifyTextPresentKeyword$_verifyTextPresent_closure1.doCall(VerifyTextPresentKeyword.groovy:79)
	at com.kms.katalon.core.webui.keyword.builtin.VerifyTextPresentKeyword$_verifyTextPresent_closure1.call(VerifyTextPresentKeyword.groovy)
	at com.kms.katalon.core.webui.keyword.internal.WebUIKeywordMain.runKeyword(WebUIKeywordMain.groovy:20)
	at com.kms.katalon.core.webui.keyword.builtin.VerifyTextPresentKeyword.verifyTextPresent(VerifyTextPresentKeyword.groovy:83)
	at com.kms.katalon.core.webui.keyword.builtin.VerifyTextPresentKeyword.execute(VerifyTextPresentKeyword.groovy:68)
	at com.kms.katalon.core.keyword.internal.KeywordExecutor.executeKeywordForPlatform(KeywordExecutor.groovy:74)
	at com.kms.katalon.core.webui.keyword.WebUiBuiltInKeywords.verifyTextPresent(WebUiBuiltInKeywords.groovy:1723)
	at com.kms.katalon.core.webui.keyword.WebUiBuiltInKeywords$verifyTextPresent$5.call(Unknown Source)
	at AddUserSpecialCharError.run(AddUserSpecialCharError:97)
	at com.kms.katalon.core.main.ScriptEngine.run(ScriptEngine.java:194)
	at com.kms.katalon.core.main.ScriptEngine.runScriptAsRawText(ScriptEngine.java:119)
	at com.kms.katalon.core.main.TestCaseExecutor.runScript(TestCaseExecutor.java:442)
	at com.kms.katalon.core.main.TestCaseExecutor.doExecute(TestCaseExecutor.java:433)
	at com.kms.katalon.core.main.TestCaseExecutor.processExecutionPhase(TestCaseExecutor.java:412)
	at com.kms.katalon.core.main.TestCaseExecutor.accessMainPhase(TestCaseExecutor.java:404)
	at com.kms.katalon.core.main.TestCaseExecutor.execute(TestCaseExecutor.java:281)
	at com.kms.katalon.core.main.TestSuiteExecutor.accessTestCaseMainPhase(TestSuiteExecutor.java:202)
	at com.kms.katalon.core.main.TestSuiteExecutor.accessTestSuiteMainPhase(TestSuiteExecutor.java:164)
	at com.kms.katalon.core.main.TestSuiteExecutor.execute(TestSuiteExecutor.java:105)
	at com.kms.katalon.core.main.TestCaseMain.startTestSuite(TestCaseMain.java:185)
	at com.kms.katalon.core.main.TestCaseMain$startTestSuite$0.call(Unknown Source)
	at TempTestSuite1658350841568.run(TempTestSuite1658350841568.groovy:36)
)

2022-07-20 17:05:17 - [MESSAGE][FAILED] - Text 'Username may only be comprised of alphanumeric characters, the underscore "_" character, the at "@" symbol, and the period "."Username may only be comprised of alphanumeric characters, the underscore "_" character, the at "@" symbol, and the period "."' is not present on page  using regular expression (Root cause: com.kms.katalon.core.exception.StepFailedException: Text 'Username may only be comprised of alphanumeric characters, the underscore "_" character, the at "@" symbol, and the period "."Username may only be comprised of alphanumeric characters, the underscore "_" character, the at "@" symbol, and the period "."' is not present on page  using regular expression
	at com.kms.katalon.core.webui.keyword.internal.WebUIKeywordMain.stepFailed(WebUIKeywordMain.groovy:64)
	at com.kms.katalon.core.webui.keyword.builtin.VerifyTextPresentKeyword$_verifyTextPresent_closure1.doCall(VerifyTextPresentKeyword.groovy:79)
	at com.kms.katalon.core.webui.keyword.builtin.VerifyTextPresentKeyword$_verifyTextPresent_closure1.call(VerifyTextPresentKeyword.groovy)
	at com.kms.katalon.core.webui.keyword.internal.WebUIKeywordMain.runKeyword(WebUIKeywordMain.groovy:20)
	at com.kms.katalon.core.webui.keyword.builtin.VerifyTextPresentKeyword.verifyTextPresent(VerifyTextPresentKeyword.groovy:83)
	at com.kms.katalon.core.webui.keyword.builtin.VerifyTextPresentKeyword.execute(VerifyTextPresentKeyword.groovy:68)
	at com.kms.katalon.core.keyword.internal.KeywordExecutor.executeKeywordForPlatform(KeywordExecutor.groovy:74)
	at com.kms.katalon.core.webui.keyword.WebUiBuiltInKeywords.verifyTextPresent(WebUiBuiltInKeywords.groovy:1723)
	at com.kms.katalon.core.webui.keyword.WebUiBuiltInKeywords$verifyTextPresent$5.call(Unknown Source)
	at AddUserSpecialCharError.run(AddUserSpecialCharError:97)
	at com.kms.katalon.core.main.ScriptEngine.run(ScriptEngine.java:194)
	at com.kms.katalon.core.main.ScriptEngine.runScriptAsRawText(ScriptEngine.java:119)
	at com.kms.katalon.core.main.TestCaseExecutor.runScript(TestCaseExecutor.java:442)
	at com.kms.katalon.core.main.TestCaseExecutor.doExecute(TestCaseExecutor.java:433)
	at com.kms.katalon.core.main.TestCaseExecutor.processExecutionPhase(TestCaseExecutor.java:412)
	at com.kms.katalon.core.main.TestCaseExecutor.accessMainPhase(TestCaseExecutor.java:404)
	at com.kms.katalon.core.main.TestCaseExecutor.execute(TestCaseExecutor.java:281)
	at com.kms.katalon.core.main.TestSuiteExecutor.accessTestCaseMainPhase(TestSuiteExecutor.java:202)
	at com.kms.katalon.core.main.TestSuiteExecutor.accessTestSuiteMainPhase(TestSuiteExecutor.java:164)
	at com.kms.katalon.core.main.TestSuiteExecutor.execute(TestSuiteExecutor.java:105)
	at com.kms.katalon.core.main.TestCaseMain.startTestSuite(TestCaseMain.java:185)
	at com.kms.katalon.core.main.TestCaseMain$startTestSuite$0.call(Unknown Source)
	at TempTestSuite1658350841568.run(TempTestSuite1658350841568.groovy:36)
)

2022-07-20 17:05:17 - [TEST_STEP][PASSED] - closeBrowser(): Browser is closed

2022-07-20 17:05:18 - [MESSAGE][PASSED] - Browser is closed

2022-07-20 17:05:18 - [TEST_STEP][PASSED] - ExecuteTC = findTestData(dataFile).getValue("Execute", row): null

2022-07-20 17:05:18 - [TEST_STEP][PASSED] - out.println("Value of Execute is : " + ExecuteTC): null

2022-07-20 17:05:18 - [TEST_STEP][FAILED] - if (ExecuteTC.equalsIgnoreCase("Y")): null

2022-07-20 17:05:18 - [TEST_STEP][PASSED] - out.println("Begin Record Number: " + row): null

2022-07-20 17:05:18 - [TEST_STEP][PASSED] - adminSuiteBootstrap.loginFunctionality.login_AdminSuite(): adminSuiteBootstrap.loginFunctionality.login_AdminSuite is PASSED

2022-07-20 17:05:18 - [MESSAGE][INFO] - Starting 'Chrome' driver

2022-07-20 17:05:18 - [MESSAGE][INFO] - User set preference: ['acceptInsecureCerts', 'true']

2022-07-20 17:05:18 - [MESSAGE][INFO] - Action delay is set to 0 milliseconds

2022-07-20 17:05:20 - [MESSAGE][PASSED] - Browser is opened with url: 'https://demo.velocitypayment.com/admin/imtiazdemo'

2022-07-20 17:05:21 - [MESSAGE][PASSED] - Current window maximized

2022-07-20 17:05:21 - [MESSAGE][PASSED] - Object 'Object Repository/Login_Page/Login_Username' is present

2022-07-20 17:05:22 - [MESSAGE][PASSED] - Text 'iahmed' is set on object 'Object Repository/Login_Page/Login_Username'

2022-07-20 17:05:22 - [MESSAGE][PASSED] - Text 'hello2222' is set on object 'Object Repository/Login_Page/Login_Password'

2022-07-20 17:05:26 - [MESSAGE][PASSED] - Object: 'Object Repository/Login_Page/Login_Submit' is clicked on

2022-07-20 17:05:26 - [MESSAGE][PASSED] - adminSuiteBootstrap.loginFunctionality.login_AdminSuite is PASSED

2022-07-20 17:05:26 - [TEST_STEP][PASSED] - click(findTestObject(path_Dashboard + "a_Access User Management")): Object: 'Object Repository/AdminSuiteBootstrap_Pages/Dashboard_Bootstrap/a_Access User Management' is clicked on

2022-07-20 17:05:29 - [MESSAGE][PASSED] - Object: 'Object Repository/AdminSuiteBootstrap_Pages/Dashboard_Bootstrap/a_Access User Management' is clicked on

2022-07-20 17:05:29 - [TEST_STEP][PASSED] - click(findTestObject(path_Users + "a_Add User")): Object: 'Object Repository/AdminSuiteBootstrap_Pages/UM_Bootstrap/Users/a_Add User' is clicked on

2022-07-20 17:05:29 - [MESSAGE][PASSED] - Object: 'Object Repository/AdminSuiteBootstrap_Pages/UM_Bootstrap/Users/a_Add User' is clicked on

2022-07-20 17:05:29 - [TEST_STEP][PASSED] - buildUsername = pages.GenerateRandom.getRandomAlpha(): pages.GenerateRandom.getRandomAlpha is PASSED

2022-07-20 17:05:29 - [MESSAGE][PASSED] - pages.GenerateRandom.getRandomAlpha is PASSED

2022-07-20 17:05:29 - [TEST_STEP][PASSED] - prefixUsername = findTestData(dataFile).getValue("Username", row): null

2022-07-20 17:05:29 - [TEST_STEP][PASSED] - prefixOrMiddle = findTestData(dataFile).getValue("Prefix", row): null

2022-07-20 17:05:29 - [TEST_STEP][PASSED] - if (prefixOrMiddle.equalsIgnoreCase("Y")): null

2022-07-20 17:05:29 - [TEST_STEP][PASSED] - else if (prefixOrMiddle.equalsIgnoreCase("N")): null

2022-07-20 17:05:29 - [TEST_STEP][PASSED] - spUsername = buildUsername + prefixUsername + buildUsername: null

2022-07-20 17:05:29 - [TEST_STEP][PASSED] - setText(findTestObject(path_AddUser + "input_EmailAddress"), "iahmed@govolution.com"): Text 'iahmed@govolution.com' is set on object 'Object Repository/AdminSuiteBootstrap_Pages/UM_Bootstrap/AddUser/input_EmailAddress'

2022-07-20 17:05:30 - [MESSAGE][PASSED] - Text 'iahmed@govolution.com' is set on object 'Object Repository/AdminSuiteBootstrap_Pages/UM_Bootstrap/AddUser/input_EmailAddress'

2022-07-20 17:05:30 - [TEST_STEP][PASSED] - setText(findTestObject(path_AddUser + "input_Username"), spUsername): Text 'NkcxajbbI@NkcxajbbI' is set on object 'Object Repository/AdminSuiteBootstrap_Pages/UM_Bootstrap/AddUser/input_Username'

2022-07-20 17:05:31 - [MESSAGE][PASSED] - Text 'NkcxajbbI@NkcxajbbI' is set on object 'Object Repository/AdminSuiteBootstrap_Pages/UM_Bootstrap/AddUser/input_Username'

2022-07-20 17:05:31 - [TEST_STEP][PASSED] - setText(findTestObject(path_AddUser + "input_FirstName"), "Ashley"): Text 'Ashley' is set on object 'Object Repository/AdminSuiteBootstrap_Pages/UM_Bootstrap/AddUser/input_FirstName'

2022-07-20 17:05:32 - [MESSAGE][PASSED] - Text 'Ashley' is set on object 'Object Repository/AdminSuiteBootstrap_Pages/UM_Bootstrap/AddUser/input_FirstName'

2022-07-20 17:05:32 - [TEST_STEP][PASSED] - setText(findTestObject(path_AddUser + "input_LastName"), "Luka"): Text 'Luka' is set on object 'Object Repository/AdminSuiteBootstrap_Pages/UM_Bootstrap/AddUser/input_LastName'

2022-07-20 17:05:32 - [MESSAGE][PASSED] - Text 'Luka' is set on object 'Object Repository/AdminSuiteBootstrap_Pages/UM_Bootstrap/AddUser/input_LastName'

2022-07-20 17:05:32 - [TEST_STEP][PASSED] - setText(findTestObject(path_AddUser + "input_Password"), "hello6666"): Text 'hello6666' is set on object 'Object Repository/AdminSuiteBootstrap_Pages/UM_Bootstrap/AddUser/input_Password'

2022-07-20 17:05:33 - [MESSAGE][PASSED] - Text 'hello6666' is set on object 'Object Repository/AdminSuiteBootstrap_Pages/UM_Bootstrap/AddUser/input_Password'

2022-07-20 17:05:33 - [TEST_STEP][PASSED] - setText(findTestObject(path_AddUser + "input_ConfirmPassword"), "hello6666"): Text 'hello6666' is set on object 'Object Repository/AdminSuiteBootstrap_Pages/UM_Bootstrap/AddUser/input_ConfirmPassword'

2022-07-20 17:05:34 - [MESSAGE][PASSED] - Text 'hello6666' is set on object 'Object Repository/AdminSuiteBootstrap_Pages/UM_Bootstrap/AddUser/input_ConfirmPassword'

2022-07-20 17:05:34 - [TEST_STEP][PASSED] - check(findTestObject(path_AddUser + "input_No_lock")): Object 'Object Repository/AdminSuiteBootstrap_Pages/UM_Bootstrap/AddUser/input_No_lock' is checked

2022-07-20 17:05:34 - [MESSAGE][PASSED] - Object 'Object Repository/AdminSuiteBootstrap_Pages/UM_Bootstrap/AddUser/input_No_lock' is checked

2022-07-20 17:05:34 - [TEST_STEP][PASSED] - click(findTestObject(path_AddUser + "button_Create")): Object: 'Object Repository/AdminSuiteBootstrap_Pages/UM_Bootstrap/AddUser/button_Create' is clicked on

2022-07-20 17:05:37 - [MESSAGE][PASSED] - Object: 'Object Repository/AdminSuiteBootstrap_Pages/UM_Bootstrap/AddUser/button_Create' is clicked on

2022-07-20 17:05:37 - [TEST_STEP][FAILED] - verifyTextPresent("Error! Please provide the following required information as indicated below", true): Text 'Error! Please provide the following required information as indicated below' is not present on page  using regular expression (Root cause: com.kms.katalon.core.exception.StepFailedException: Text 'Error! Please provide the following required information as indicated below' is not present on page  using regular expression
	at com.kms.katalon.core.webui.keyword.internal.WebUIKeywordMain.stepFailed(WebUIKeywordMain.groovy:64)
	at com.kms.katalon.core.webui.keyword.builtin.VerifyTextPresentKeyword$_verifyTextPresent_closure1.doCall(VerifyTextPresentKeyword.groovy:79)
	at com.kms.katalon.core.webui.keyword.builtin.VerifyTextPresentKeyword$_verifyTextPresent_closure1.call(VerifyTextPresentKeyword.groovy)
	at com.kms.katalon.core.webui.keyword.internal.WebUIKeywordMain.runKeyword(WebUIKeywordMain.groovy:20)
	at com.kms.katalon.core.webui.keyword.builtin.VerifyTextPresentKeyword.verifyTextPresent(VerifyTextPresentKeyword.groovy:83)
	at com.kms.katalon.core.webui.keyword.builtin.VerifyTextPresentKeyword.execute(VerifyTextPresentKeyword.groovy:68)
	at com.kms.katalon.core.keyword.internal.KeywordExecutor.executeKeywordForPlatform(KeywordExecutor.groovy:74)
	at com.kms.katalon.core.webui.keyword.WebUiBuiltInKeywords.verifyTextPresent(WebUiBuiltInKeywords.groovy:1723)
	at com.kms.katalon.core.webui.keyword.WebUiBuiltInKeywords$verifyTextPresent$5.call(Unknown Source)
	at AddUserSpecialCharError.run(AddUserSpecialCharError:96)
	at com.kms.katalon.core.main.ScriptEngine.run(ScriptEngine.java:194)
	at com.kms.katalon.core.main.ScriptEngine.runScriptAsRawText(ScriptEngine.java:119)
	at com.kms.katalon.core.main.TestCaseExecutor.runScript(TestCaseExecutor.java:442)
	at com.kms.katalon.core.main.TestCaseExecutor.doExecute(TestCaseExecutor.java:433)
	at com.kms.katalon.core.main.TestCaseExecutor.processExecutionPhase(TestCaseExecutor.java:412)
	at com.kms.katalon.core.main.TestCaseExecutor.accessMainPhase(TestCaseExecutor.java:404)
	at com.kms.katalon.core.main.TestCaseExecutor.execute(TestCaseExecutor.java:281)
	at com.kms.katalon.core.main.TestSuiteExecutor.accessTestCaseMainPhase(TestSuiteExecutor.java:202)
	at com.kms.katalon.core.main.TestSuiteExecutor.accessTestSuiteMainPhase(TestSuiteExecutor.java:164)
	at com.kms.katalon.core.main.TestSuiteExecutor.execute(TestSuiteExecutor.java:105)
	at com.kms.katalon.core.main.TestCaseMain.startTestSuite(TestCaseMain.java:185)
	at com.kms.katalon.core.main.TestCaseMain$startTestSuite$0.call(Unknown Source)
	at TempTestSuite1658350841568.run(TempTestSuite1658350841568.groovy:36)
)

2022-07-20 17:05:38 - [MESSAGE][FAILED] - Text 'Error! Please provide the following required information as indicated below' is not present on page  using regular expression (Root cause: com.kms.katalon.core.exception.StepFailedException: Text 'Error! Please provide the following required information as indicated below' is not present on page  using regular expression
	at com.kms.katalon.core.webui.keyword.internal.WebUIKeywordMain.stepFailed(WebUIKeywordMain.groovy:64)
	at com.kms.katalon.core.webui.keyword.builtin.VerifyTextPresentKeyword$_verifyTextPresent_closure1.doCall(VerifyTextPresentKeyword.groovy:79)
	at com.kms.katalon.core.webui.keyword.builtin.VerifyTextPresentKeyword$_verifyTextPresent_closure1.call(VerifyTextPresentKeyword.groovy)
	at com.kms.katalon.core.webui.keyword.internal.WebUIKeywordMain.runKeyword(WebUIKeywordMain.groovy:20)
	at com.kms.katalon.core.webui.keyword.builtin.VerifyTextPresentKeyword.verifyTextPresent(VerifyTextPresentKeyword.groovy:83)
	at com.kms.katalon.core.webui.keyword.builtin.VerifyTextPresentKeyword.execute(VerifyTextPresentKeyword.groovy:68)
	at com.kms.katalon.core.keyword.internal.KeywordExecutor.executeKeywordForPlatform(KeywordExecutor.groovy:74)
	at com.kms.katalon.core.webui.keyword.WebUiBuiltInKeywords.verifyTextPresent(WebUiBuiltInKeywords.groovy:1723)
	at com.kms.katalon.core.webui.keyword.WebUiBuiltInKeywords$verifyTextPresent$5.call(Unknown Source)
	at AddUserSpecialCharError.run(AddUserSpecialCharError:96)
	at com.kms.katalon.core.main.ScriptEngine.run(ScriptEngine.java:194)
	at com.kms.katalon.core.main.ScriptEngine.runScriptAsRawText(ScriptEngine.java:119)
	at com.kms.katalon.core.main.TestCaseExecutor.runScript(TestCaseExecutor.java:442)
	at com.kms.katalon.core.main.TestCaseExecutor.doExecute(TestCaseExecutor.java:433)
	at com.kms.katalon.core.main.TestCaseExecutor.processExecutionPhase(TestCaseExecutor.java:412)
	at com.kms.katalon.core.main.TestCaseExecutor.accessMainPhase(TestCaseExecutor.java:404)
	at com.kms.katalon.core.main.TestCaseExecutor.execute(TestCaseExecutor.java:281)
	at com.kms.katalon.core.main.TestSuiteExecutor.accessTestCaseMainPhase(TestSuiteExecutor.java:202)
	at com.kms.katalon.core.main.TestSuiteExecutor.accessTestSuiteMainPhase(TestSuiteExecutor.java:164)
	at com.kms.katalon.core.main.TestSuiteExecutor.execute(TestSuiteExecutor.java:105)
	at com.kms.katalon.core.main.TestCaseMain.startTestSuite(TestCaseMain.java:185)
	at com.kms.katalon.core.main.TestCaseMain$startTestSuite$0.call(Unknown Source)
	at TempTestSuite1658350841568.run(TempTestSuite1658350841568.groovy:36)
)

2022-07-20 17:05:38 - [TEST_STEP][FAILED] - verifyTextPresent("Username may only be comprised of alphanumeric characters, the underscore "_" character, the at "@" symbol, and the period "."Username may only be comprised of alphanumeric characters, the underscore "_" character, the at "@" symbol, and the period "."", true): Text 'Username may only be comprised of alphanumeric characters, the underscore "_" character, the at "@" symbol, and the period "."Username may only be comprised of alphanumeric characters, the underscore "_" character, the at "@" symbol, and the period "."' is not present on page  using regular expression (Root cause: com.kms.katalon.core.exception.StepFailedException: Text 'Username may only be comprised of alphanumeric characters, the underscore "_" character, the at "@" symbol, and the period "."Username may only be comprised of alphanumeric characters, the underscore "_" character, the at "@" symbol, and the period "."' is not present on page  using regular expression
	at com.kms.katalon.core.webui.keyword.internal.WebUIKeywordMain.stepFailed(WebUIKeywordMain.groovy:64)
	at com.kms.katalon.core.webui.keyword.builtin.VerifyTextPresentKeyword$_verifyTextPresent_closure1.doCall(VerifyTextPresentKeyword.groovy:79)
	at com.kms.katalon.core.webui.keyword.builtin.VerifyTextPresentKeyword$_verifyTextPresent_closure1.call(VerifyTextPresentKeyword.groovy)
	at com.kms.katalon.core.webui.keyword.internal.WebUIKeywordMain.runKeyword(WebUIKeywordMain.groovy:20)
	at com.kms.katalon.core.webui.keyword.builtin.VerifyTextPresentKeyword.verifyTextPresent(VerifyTextPresentKeyword.groovy:83)
	at com.kms.katalon.core.webui.keyword.builtin.VerifyTextPresentKeyword.execute(VerifyTextPresentKeyword.groovy:68)
	at com.kms.katalon.core.keyword.internal.KeywordExecutor.executeKeywordForPlatform(KeywordExecutor.groovy:74)
	at com.kms.katalon.core.webui.keyword.WebUiBuiltInKeywords.verifyTextPresent(WebUiBuiltInKeywords.groovy:1723)
	at com.kms.katalon.core.webui.keyword.WebUiBuiltInKeywords$verifyTextPresent$5.call(Unknown Source)
	at AddUserSpecialCharError.run(AddUserSpecialCharError:97)
	at com.kms.katalon.core.main.ScriptEngine.run(ScriptEngine.java:194)
	at com.kms.katalon.core.main.ScriptEngine.runScriptAsRawText(ScriptEngine.java:119)
	at com.kms.katalon.core.main.TestCaseExecutor.runScript(TestCaseExecutor.java:442)
	at com.kms.katalon.core.main.TestCaseExecutor.doExecute(TestCaseExecutor.java:433)
	at com.kms.katalon.core.main.TestCaseExecutor.processExecutionPhase(TestCaseExecutor.java:412)
	at com.kms.katalon.core.main.TestCaseExecutor.accessMainPhase(TestCaseExecutor.java:404)
	at com.kms.katalon.core.main.TestCaseExecutor.execute(TestCaseExecutor.java:281)
	at com.kms.katalon.core.main.TestSuiteExecutor.accessTestCaseMainPhase(TestSuiteExecutor.java:202)
	at com.kms.katalon.core.main.TestSuiteExecutor.accessTestSuiteMainPhase(TestSuiteExecutor.java:164)
	at com.kms.katalon.core.main.TestSuiteExecutor.execute(TestSuiteExecutor.java:105)
	at com.kms.katalon.core.main.TestCaseMain.startTestSuite(TestCaseMain.java:185)
	at com.kms.katalon.core.main.TestCaseMain$startTestSuite$0.call(Unknown Source)
	at TempTestSuite1658350841568.run(TempTestSuite1658350841568.groovy:36)
)

2022-07-20 17:05:38 - [MESSAGE][FAILED] - Text 'Username may only be comprised of alphanumeric characters, the underscore "_" character, the at "@" symbol, and the period "."Username may only be comprised of alphanumeric characters, the underscore "_" character, the at "@" symbol, and the period "."' is not present on page  using regular expression (Root cause: com.kms.katalon.core.exception.StepFailedException: Text 'Username may only be comprised of alphanumeric characters, the underscore "_" character, the at "@" symbol, and the period "."Username may only be comprised of alphanumeric characters, the underscore "_" character, the at "@" symbol, and the period "."' is not present on page  using regular expression
	at com.kms.katalon.core.webui.keyword.internal.WebUIKeywordMain.stepFailed(WebUIKeywordMain.groovy:64)
	at com.kms.katalon.core.webui.keyword.builtin.VerifyTextPresentKeyword$_verifyTextPresent_closure1.doCall(VerifyTextPresentKeyword.groovy:79)
	at com.kms.katalon.core.webui.keyword.builtin.VerifyTextPresentKeyword$_verifyTextPresent_closure1.call(VerifyTextPresentKeyword.groovy)
	at com.kms.katalon.core.webui.keyword.internal.WebUIKeywordMain.runKeyword(WebUIKeywordMain.groovy:20)
	at com.kms.katalon.core.webui.keyword.builtin.VerifyTextPresentKeyword.verifyTextPresent(VerifyTextPresentKeyword.groovy:83)
	at com.kms.katalon.core.webui.keyword.builtin.VerifyTextPresentKeyword.execute(VerifyTextPresentKeyword.groovy:68)
	at com.kms.katalon.core.keyword.internal.KeywordExecutor.executeKeywordForPlatform(KeywordExecutor.groovy:74)
	at com.kms.katalon.core.webui.keyword.WebUiBuiltInKeywords.verifyTextPresent(WebUiBuiltInKeywords.groovy:1723)
	at com.kms.katalon.core.webui.keyword.WebUiBuiltInKeywords$verifyTextPresent$5.call(Unknown Source)
	at AddUserSpecialCharError.run(AddUserSpecialCharError:97)
	at com.kms.katalon.core.main.ScriptEngine.run(ScriptEngine.java:194)
	at com.kms.katalon.core.main.ScriptEngine.runScriptAsRawText(ScriptEngine.java:119)
	at com.kms.katalon.core.main.TestCaseExecutor.runScript(TestCaseExecutor.java:442)
	at com.kms.katalon.core.main.TestCaseExecutor.doExecute(TestCaseExecutor.java:433)
	at com.kms.katalon.core.main.TestCaseExecutor.processExecutionPhase(TestCaseExecutor.java:412)
	at com.kms.katalon.core.main.TestCaseExecutor.accessMainPhase(TestCaseExecutor.java:404)
	at com.kms.katalon.core.main.TestCaseExecutor.execute(TestCaseExecutor.java:281)
	at com.kms.katalon.core.main.TestSuiteExecutor.accessTestCaseMainPhase(TestSuiteExecutor.java:202)
	at com.kms.katalon.core.main.TestSuiteExecutor.accessTestSuiteMainPhase(TestSuiteExecutor.java:164)
	at com.kms.katalon.core.main.TestSuiteExecutor.execute(TestSuiteExecutor.java:105)
	at com.kms.katalon.core.main.TestCaseMain.startTestSuite(TestCaseMain.java:185)
	at com.kms.katalon.core.main.TestCaseMain$startTestSuite$0.call(Unknown Source)
	at TempTestSuite1658350841568.run(TempTestSuite1658350841568.groovy:36)
)

2022-07-20 17:05:38 - [TEST_STEP][PASSED] - closeBrowser(): Browser is closed

2022-07-20 17:05:39 - [MESSAGE][PASSED] - Browser is closed]]></system-out>
         <system-err><![CDATA[2022-07-20 17:02:58 - [TEST_CASE][FAILED] - Test Cases/Admin Suite Bootstrap/UM_TestCases/UsersErrors/AddUserSpecialCharError: Test Cases/Admin Suite Bootstrap/UM_TestCases/UsersErrors/AddUserSpecialCharError FAILED.
Reason:
com.kms.katalon.core.exception.StepFailedException: Text 'Username may only be comprised of alphanumeric characters, the underscore "_" character, the at "@" symbol, and the period "."Username may only be comprised of alphanumeric characters, the underscore "_" character, the at "@" symbol, and the period "."' is not present on page  using regular expression (Root cause: com.kms.katalon.core.exception.StepFailedException: Text 'Username may only be comprised of alphanumeric characters, the underscore "_" character, the at "@" symbol, and the period "."Username may only be comprised of alphanumeric characters, the underscore "_" character, the at "@" symbol, and the period "."' is not present on page  using regular expression
	at com.kms.katalon.core.webui.keyword.internal.WebUIKeywordMain.stepFailed(WebUIKeywordMain.groovy:64)
	at com.kms.katalon.core.webui.keyword.builtin.VerifyTextPresentKeyword$_verifyTextPresent_closure1.doCall(VerifyTextPresentKeyword.groovy:79)
	at com.kms.katalon.core.webui.keyword.builtin.VerifyTextPresentKeyword$_verifyTextPresent_closure1.call(VerifyTextPresentKeyword.groovy)
	at com.kms.katalon.core.webui.keyword.internal.WebUIKeywordMain.runKeyword(WebUIKeywordMain.groovy:20)
	at com.kms.katalon.core.webui.keyword.builtin.VerifyTextPresentKeyword.verifyTextPresent(VerifyTextPresentKeyword.groovy:83)
	at com.kms.katalon.core.webui.keyword.builtin.VerifyTextPresentKeyword.execute(VerifyTextPresentKeyword.groovy:68)
	at com.kms.katalon.core.keyword.internal.KeywordExecutor.executeKeywordForPlatform(KeywordExecutor.groovy:74)
	at com.kms.katalon.core.webui.keyword.WebUiBuiltInKeywords.verifyTextPresent(WebUiBuiltInKeywords.groovy:1723)
	at com.kms.katalon.core.webui.keyword.WebUiBuiltInKeywords$verifyTextPresent$5.call(Unknown Source)
	at AddUserSpecialCharError.run(AddUserSpecialCharError:97)
	at com.kms.katalon.core.main.ScriptEngine.run(ScriptEngine.java:194)
	at com.kms.katalon.core.main.ScriptEngine.runScriptAsRawText(ScriptEngine.java:119)
	at com.kms.katalon.core.main.TestCaseExecutor.runScript(TestCaseExecutor.java:442)
	at com.kms.katalon.core.main.TestCaseExecutor.doExecute(TestCaseExecutor.java:433)
	at com.kms.katalon.core.main.TestCaseExecutor.processExecutionPhase(TestCaseExecutor.java:412)
	at com.kms.katalon.core.main.TestCaseExecutor.accessMainPhase(TestCaseExecutor.java:404)
	at com.kms.katalon.core.main.TestCaseExecutor.execute(TestCaseExecutor.java:281)
	at com.kms.katalon.core.main.TestSuiteExecutor.accessTestCaseMainPhase(TestSuiteExecutor.java:202)
	at com.kms.katalon.core.main.TestSuiteExecutor.accessTestSuiteMainPhase(TestSuiteExecutor.java:164)
	at com.kms.katalon.core.main.TestSuiteExecutor.execute(TestSuiteExecutor.java:105)
	at com.kms.katalon.core.main.TestCaseMain.startTestSuite(TestCaseMain.java:185)
	at com.kms.katalon.core.main.TestCaseMain$startTestSuite$0.call(Unknown Source)
	at TempTestSuite1658350841568.run(TempTestSuite1658350841568.groovy:36)
)
	at com.kms.katalon.core.keyword.internal.KeywordMain.stepFailed(KeywordMain.groovy:39)
	at com.kms.katalon.core.webui.keyword.internal.WebUIKeywordMain.stepFailed(WebUIKeywordMain.groovy:64)
	at com.kms.katalon.core.webui.keyword.builtin.VerifyTextPresentKeyword$_verifyTextPresent_closure1.doCall(VerifyTextPresentKeyword.groovy:79)
	at com.kms.katalon.core.webui.keyword.builtin.VerifyTextPresentKeyword$_verifyTextPresent_closure1.call(VerifyTextPresentKeyword.groovy)
	at com.kms.katalon.core.webui.keyword.internal.WebUIKeywordMain.runKeyword(WebUIKeywordMain.groovy:20)
	at com.kms.katalon.core.webui.keyword.builtin.VerifyTextPresentKeyword.verifyTextPresent(VerifyTextPresentKeyword.groovy:83)
	at com.kms.katalon.core.webui.keyword.builtin.VerifyTextPresentKeyword.execute(VerifyTextPresentKeyword.groovy:68)
	at com.kms.katalon.core.keyword.internal.KeywordExecutor.executeKeywordForPlatform(KeywordExecutor.groovy:74)
	at com.kms.katalon.core.webui.keyword.WebUiBuiltInKeywords.verifyTextPresent(WebUiBuiltInKeywords.groovy:1723)
	at com.kms.katalon.core.webui.keyword.WebUiBuiltInKeywords$verifyTextPresent$5.call(Unknown Source)
	at AddUserSpecialCharError.run(AddUserSpecialCharError:97)
	at com.kms.katalon.core.main.ScriptEngine.run(ScriptEngine.java:194)
	at com.kms.katalon.core.main.ScriptEngine.runScriptAsRawText(ScriptEngine.java:119)
	at com.kms.katalon.core.main.TestCaseExecutor.runScript(TestCaseExecutor.java:442)
	at com.kms.katalon.core.main.TestCaseExecutor.doExecute(TestCaseExecutor.java:433)
	at com.kms.katalon.core.main.TestCaseExecutor.processExecutionPhase(TestCaseExecutor.java:412)
	at com.kms.katalon.core.main.TestCaseExecutor.accessMainPhase(TestCaseExecutor.java:404)
	at com.kms.katalon.core.main.TestCaseExecutor.execute(TestCaseExecutor.java:281)
	at com.kms.katalon.core.main.TestSuiteExecutor.accessTestCaseMainPhase(TestSuiteExecutor.java:202)
	at com.kms.katalon.core.main.TestSuiteExecutor.accessTestSuiteMainPhase(TestSuiteExecutor.java:164)
	at com.kms.katalon.core.main.TestSuiteExecutor.execute(TestSuiteExecutor.java:105)
	at com.kms.katalon.core.main.TestCaseMain.startTestSuite(TestCaseMain.java:185)
	at com.kms.katalon.core.main.TestCaseMain$startTestSuite$0.call(Unknown Source)
	at TempTestSuite1658350841568.run(TempTestSuite1658350841568.groovy:36)
Caused by: com.kms.katalon.core.exception.StepFailedException: Text 'Username may only be comprised of alphanumeric characters, the underscore "_" character, the at "@" symbol, and the period "."Username may only be comprised of alphanumeric characters, the underscore "_" character, the at "@" symbol, and the period "."' is not present on page  using regular expression
	... 23 more]]></system-err>
      </testcase>
      <testcase name="Test Cases/Admin Suite Bootstrap/UM_TestCases/Users/FindUser" time="250.194" classname="Test Cases/Admin Suite Bootstrap/UM_TestCases/Users/FindUser" status="PASSED">
         <system-out><![CDATA[2022-07-20 17:05:39 - [TEST_CASE][PASSED] - Test Cases/Admin Suite Bootstrap/UM_TestCases/Users/FindUser: Test Cases/Admin Suite Bootstrap/UM_TestCases/Users/FindUser

2022-07-20 17:05:40 - [TEST_STEP][PASSED] - path_Dashboard = "Object Repository/AdminSuiteBootstrap_Pages/Dashboard_Bootstrap/": null

2022-07-20 17:05:40 - [TEST_STEP][PASSED] - path_Users = "Object Repository/AdminSuiteBootstrap_Pages/UM_Bootstrap/Users/": null

2022-07-20 17:05:40 - [TEST_STEP][PASSED] - path_UserView = "Object Repository/AdminSuiteBootstrap_Pages/UM_Bootstrap/UserView/": null

2022-07-20 17:05:40 - [TEST_STEP][PASSED] - executionProfile = getExecutionProfile(): null

2022-07-20 17:05:40 - [TEST_STEP][PASSED] - out.println("executionProfile : " + executionProfile): null

2022-07-20 17:05:40 - [TEST_STEP][PASSED] - appName = <not implemented yet for class: org.codehaus.groovy.ast.expr.EmptyExpression>: null

2022-07-20 17:05:40 - [TEST_STEP][PASSED] - appID = <not implemented yet for class: org.codehaus.groovy.ast.expr.EmptyExpression>: null

2022-07-20 17:05:40 - [TEST_STEP][PASSED] - cardNameV = <not implemented yet for class: org.codehaus.groovy.ast.expr.EmptyExpression>: null

2022-07-20 17:05:40 - [TEST_STEP][PASSED] - al1V = <not implemented yet for class: org.codehaus.groovy.ast.expr.EmptyExpression>: null

2022-07-20 17:05:40 - [TEST_STEP][PASSED] - al2V = <not implemented yet for class: org.codehaus.groovy.ast.expr.EmptyExpression>: null

2022-07-20 17:05:40 - [TEST_STEP][PASSED] - zipV = <not implemented yet for class: org.codehaus.groovy.ast.expr.EmptyExpression>: null

2022-07-20 17:05:40 - [TEST_STEP][PASSED] - cardTypeV = <not implemented yet for class: org.codehaus.groovy.ast.expr.EmptyExpression>: null

2022-07-20 17:05:40 - [TEST_STEP][PASSED] - nameSheet = "FindUser": null

2022-07-20 17:05:40 - [TEST_STEP][PASSED] - dataFile = "QA/Bootstrap/UM-TestData/FindUser": null

2022-07-20 17:05:40 - [TEST_STEP][PASSED] - numOfRows = findTestData("QA/Bootstrap/UM-TestData/FindUser").getRowNumbers(): null

2022-07-20 17:05:40 - [TEST_STEP][PASSED] - println("Number of Records: " + numOfRows): null

2022-07-20 17:05:40 - [TEST_STEP][PASSED] - for ([row = 1, row <= numOfRows, (row++)]): Browser is closed

2022-07-20 17:05:40 - [TEST_STEP][PASSED] - ExecuteTC = findTestData(dataFile).getValue("Execute", row): null

2022-07-20 17:05:40 - [TEST_STEP][PASSED] - out.println("Value of Execute is : " + ExecuteTC): null

2022-07-20 17:05:40 - [TEST_STEP][PASSED] - if (ExecuteTC.equalsIgnoreCase("Y")): Browser is closed

2022-07-20 17:05:40 - [TEST_STEP][PASSED] - out.println("Begin Record Number: " + row): null

2022-07-20 17:05:40 - [TEST_STEP][PASSED] - adminSuiteBootstrap.loginFunctionality.login_AdminSuite(): adminSuiteBootstrap.loginFunctionality.login_AdminSuite is PASSED

2022-07-20 17:05:40 - [MESSAGE][INFO] - Starting 'Chrome' driver

2022-07-20 17:05:40 - [MESSAGE][INFO] - User set preference: ['acceptInsecureCerts', 'true']

2022-07-20 17:05:40 - [MESSAGE][INFO] - Action delay is set to 0 milliseconds

2022-07-20 17:05:42 - [MESSAGE][PASSED] - Browser is opened with url: 'https://demo.velocitypayment.com/admin/imtiazdemo'

2022-07-20 17:05:42 - [MESSAGE][PASSED] - Current window maximized

2022-07-20 17:05:43 - [MESSAGE][PASSED] - Object 'Object Repository/Login_Page/Login_Username' is present

2022-07-20 17:05:44 - [MESSAGE][PASSED] - Text 'iahmed' is set on object 'Object Repository/Login_Page/Login_Username'

2022-07-20 17:05:44 - [MESSAGE][PASSED] - Text 'hello2222' is set on object 'Object Repository/Login_Page/Login_Password'

2022-07-20 17:05:47 - [MESSAGE][PASSED] - Object: 'Object Repository/Login_Page/Login_Submit' is clicked on

2022-07-20 17:05:47 - [MESSAGE][PASSED] - adminSuiteBootstrap.loginFunctionality.login_AdminSuite is PASSED

2022-07-20 17:05:47 - [TEST_STEP][PASSED] - click(findTestObject(path_Dashboard + "a_Access User Management")): Object: 'Object Repository/AdminSuiteBootstrap_Pages/Dashboard_Bootstrap/a_Access User Management' is clicked on

2022-07-20 17:05:49 - [MESSAGE][PASSED] - Object: 'Object Repository/AdminSuiteBootstrap_Pages/Dashboard_Bootstrap/a_Access User Management' is clicked on

2022-07-20 17:05:49 - [TEST_STEP][PASSED] - click(findTestObject(path_Users + "a_Find User")): Object: 'Object Repository/AdminSuiteBootstrap_Pages/UM_Bootstrap/Users/a_Find User' is clicked on

2022-07-20 17:05:50 - [MESSAGE][PASSED] - Object: 'Object Repository/AdminSuiteBootstrap_Pages/UM_Bootstrap/Users/a_Find User' is clicked on

2022-07-20 17:05:50 - [TEST_STEP][PASSED] - adminSuiteBootstrap.findUser.findUser_DD(row, dataFile): adminSuiteBootstrap.findUser.findUser_DD is PASSED

2022-07-20 17:05:51 - [MESSAGE][PASSED] - Text 'chragui' is set on object 'Object Repository/AdminSuiteBootstrap_Pages/UM_Bootstrap/FindUser/input_Username'

2022-07-20 17:05:51 - [MESSAGE][PASSED] - Text '' is set on object 'Object Repository/AdminSuiteBootstrap_Pages/UM_Bootstrap/FindUser/input_FirstName'

2022-07-20 17:05:52 - [MESSAGE][PASSED] - Text '' is set on object 'Object Repository/AdminSuiteBootstrap_Pages/UM_Bootstrap/FindUser/input_LastName'

2022-07-20 17:05:53 - [MESSAGE][PASSED] - All options with label 'Exact Match' are selected in object 'Object Repository/AdminSuiteBootstrap_Pages/UM_Bootstrap/FindUser/select_SearchType' 

2022-07-20 17:05:55 - [MESSAGE][PASSED] - Object: 'Object Repository/AdminSuiteBootstrap_Pages/UM_Bootstrap/FindUser/button_Search' is clicked on

2022-07-20 17:05:55 - [MESSAGE][PASSED] - adminSuiteBootstrap.findUser.findUser_DD is PASSED

2022-07-20 17:05:55 - [TEST_STEP][PASSED] - if (verifyElementPresent(findTestObject(path_UserView + "button_Modify"), 30)): null

2022-07-20 17:05:56 - [MESSAGE][PASSED] - Object 'Object Repository/AdminSuiteBootstrap_Pages/UM_Bootstrap/UserView/button_Modify' is present

2022-07-20 17:05:56 - [TEST_STEP][PASSED] - verifyTextPresent("Email Address", true): Text 'Email Address' is present on page  using regular expression

2022-07-20 17:05:56 - [MESSAGE][PASSED] - Text 'Email Address' is present on page  using regular expression

2022-07-20 17:05:56 - [TEST_STEP][PASSED] - verifyTextPresent("iahmed@govolution.com", true): Text 'iahmed@govolution.com' is present on page  using regular expression

2022-07-20 17:05:56 - [MESSAGE][PASSED] - Text 'iahmed@govolution.com' is present on page  using regular expression

2022-07-20 17:05:56 - [TEST_STEP][PASSED] - verifyTextPresent("Username", true): Text 'Username' is present on page  using regular expression

2022-07-20 17:05:57 - [MESSAGE][PASSED] - Text 'Username' is present on page  using regular expression

2022-07-20 17:05:57 - [TEST_STEP][PASSED] - verifyTextPresent("chragui", true): Text 'chragui' is present on page  using regular expression

2022-07-20 17:05:57 - [MESSAGE][PASSED] - Text 'chragui' is present on page  using regular expression

2022-07-20 17:05:57 - [TEST_STEP][PASSED] - verifyTextPresent("Account Status", true): Text 'Account Status' is present on page  using regular expression

2022-07-20 17:05:57 - [MESSAGE][PASSED] - Text 'Account Status' is present on page  using regular expression

2022-07-20 17:05:57 - [TEST_STEP][PASSED] - verifyTextPresent("Active", true): Text 'Active' is present on page  using regular expression

2022-07-20 17:05:58 - [MESSAGE][PASSED] - Text 'Active' is present on page  using regular expression

2022-07-20 17:05:58 - [TEST_STEP][PASSED] - verifyTextPresent("Christinado Aguillerezo", true): Text 'Christinado Aguillerezo' is present on page  using regular expression

2022-07-20 17:05:58 - [MESSAGE][PASSED] - Text 'Christinado Aguillerezo' is present on page  using regular expression

2022-07-20 17:05:58 - [TEST_STEP][PASSED] - pages.CustomLogger.log_Logger("User was found", "Pass"): pages.CustomLogger.log_Logger is PASSED

2022-07-20 17:05:58 - [MESSAGE][PASSED] - User was found

2022-07-20 17:05:58 - [MESSAGE][PASSED] - pages.CustomLogger.log_Logger is PASSED

2022-07-20 17:05:58 - [TEST_STEP][PASSED] - closeBrowser(): Browser is closed

2022-07-20 17:05:59 - [MESSAGE][PASSED] - Browser is closed

2022-07-20 17:05:59 - [TEST_STEP][PASSED] - ExecuteTC = findTestData(dataFile).getValue("Execute", row): null

2022-07-20 17:05:59 - [TEST_STEP][PASSED] - out.println("Value of Execute is : " + ExecuteTC): null

2022-07-20 17:05:59 - [TEST_STEP][PASSED] - if (ExecuteTC.equalsIgnoreCase("Y")): Browser is closed

2022-07-20 17:05:59 - [TEST_STEP][PASSED] - out.println("Begin Record Number: " + row): null

2022-07-20 17:05:59 - [TEST_STEP][PASSED] - adminSuiteBootstrap.loginFunctionality.login_AdminSuite(): adminSuiteBootstrap.loginFunctionality.login_AdminSuite is PASSED

2022-07-20 17:05:59 - [MESSAGE][INFO] - Starting 'Chrome' driver

2022-07-20 17:05:59 - [MESSAGE][INFO] - User set preference: ['acceptInsecureCerts', 'true']

2022-07-20 17:05:59 - [MESSAGE][INFO] - Action delay is set to 0 milliseconds

2022-07-20 17:06:01 - [MESSAGE][PASSED] - Browser is opened with url: 'https://demo.velocitypayment.com/admin/imtiazdemo'

2022-07-20 17:06:02 - [MESSAGE][PASSED] - Current window maximized

2022-07-20 17:06:02 - [MESSAGE][PASSED] - Object 'Object Repository/Login_Page/Login_Username' is present

2022-07-20 17:06:03 - [MESSAGE][PASSED] - Text 'iahmed' is set on object 'Object Repository/Login_Page/Login_Username'

2022-07-20 17:06:03 - [MESSAGE][PASSED] - Text 'hello2222' is set on object 'Object Repository/Login_Page/Login_Password'

2022-07-20 17:06:07 - [MESSAGE][PASSED] - Object: 'Object Repository/Login_Page/Login_Submit' is clicked on

2022-07-20 17:06:07 - [MESSAGE][PASSED] - adminSuiteBootstrap.loginFunctionality.login_AdminSuite is PASSED

2022-07-20 17:06:07 - [TEST_STEP][PASSED] - click(findTestObject(path_Dashboard + "a_Access User Management")): Object: 'Object Repository/AdminSuiteBootstrap_Pages/Dashboard_Bootstrap/a_Access User Management' is clicked on

2022-07-20 17:06:10 - [MESSAGE][PASSED] - Object: 'Object Repository/AdminSuiteBootstrap_Pages/Dashboard_Bootstrap/a_Access User Management' is clicked on

2022-07-20 17:06:10 - [TEST_STEP][PASSED] - click(findTestObject(path_Users + "a_Find User")): Object: 'Object Repository/AdminSuiteBootstrap_Pages/UM_Bootstrap/Users/a_Find User' is clicked on

2022-07-20 17:06:11 - [MESSAGE][PASSED] - Object: 'Object Repository/AdminSuiteBootstrap_Pages/UM_Bootstrap/Users/a_Find User' is clicked on

2022-07-20 17:06:11 - [TEST_STEP][PASSED] - adminSuiteBootstrap.findUser.findUser_DD(row, dataFile): adminSuiteBootstrap.findUser.findUser_DD is PASSED

2022-07-20 17:06:12 - [MESSAGE][PASSED] - Text 'chra' is set on object 'Object Repository/AdminSuiteBootstrap_Pages/UM_Bootstrap/FindUser/input_Username'

2022-07-20 17:06:12 - [MESSAGE][PASSED] - Text '' is set on object 'Object Repository/AdminSuiteBootstrap_Pages/UM_Bootstrap/FindUser/input_FirstName'

2022-07-20 17:06:13 - [MESSAGE][PASSED] - Text '' is set on object 'Object Repository/AdminSuiteBootstrap_Pages/UM_Bootstrap/FindUser/input_LastName'

2022-07-20 17:06:14 - [MESSAGE][PASSED] - All options with label 'Starts With' are selected in object 'Object Repository/AdminSuiteBootstrap_Pages/UM_Bootstrap/FindUser/select_SearchType' 

2022-07-20 17:06:17 - [MESSAGE][PASSED] - Object: 'Object Repository/AdminSuiteBootstrap_Pages/UM_Bootstrap/FindUser/button_Search' is clicked on

2022-07-20 17:06:17 - [MESSAGE][PASSED] - adminSuiteBootstrap.findUser.findUser_DD is PASSED

2022-07-20 17:06:17 - [TEST_STEP][PASSED] - if (verifyElementPresent(findTestObject(path_UserView + "button_Modify"), 30)): null

2022-07-20 17:06:17 - [MESSAGE][PASSED] - Object 'Object Repository/AdminSuiteBootstrap_Pages/UM_Bootstrap/UserView/button_Modify' is present

2022-07-20 17:06:17 - [TEST_STEP][PASSED] - verifyTextPresent("Email Address", true): Text 'Email Address' is present on page  using regular expression

2022-07-20 17:06:18 - [MESSAGE][PASSED] - Text 'Email Address' is present on page  using regular expression

2022-07-20 17:06:18 - [TEST_STEP][PASSED] - verifyTextPresent("iahmed@govolution.com", true): Text 'iahmed@govolution.com' is present on page  using regular expression

2022-07-20 17:06:18 - [MESSAGE][PASSED] - Text 'iahmed@govolution.com' is present on page  using regular expression

2022-07-20 17:06:18 - [TEST_STEP][PASSED] - verifyTextPresent("Username", true): Text 'Username' is present on page  using regular expression

2022-07-20 17:06:18 - [MESSAGE][PASSED] - Text 'Username' is present on page  using regular expression

2022-07-20 17:06:18 - [TEST_STEP][PASSED] - verifyTextPresent("chragui", true): Text 'chragui' is present on page  using regular expression

2022-07-20 17:06:19 - [MESSAGE][PASSED] - Text 'chragui' is present on page  using regular expression

2022-07-20 17:06:19 - [TEST_STEP][PASSED] - verifyTextPresent("Account Status", true): Text 'Account Status' is present on page  using regular expression

2022-07-20 17:06:19 - [MESSAGE][PASSED] - Text 'Account Status' is present on page  using regular expression

2022-07-20 17:06:19 - [TEST_STEP][PASSED] - verifyTextPresent("Active", true): Text 'Active' is present on page  using regular expression

2022-07-20 17:06:19 - [MESSAGE][PASSED] - Text 'Active' is present on page  using regular expression

2022-07-20 17:06:19 - [TEST_STEP][PASSED] - verifyTextPresent("Christinado Aguillerezo", true): Text 'Christinado Aguillerezo' is present on page  using regular expression

2022-07-20 17:06:19 - [MESSAGE][PASSED] - Text 'Christinado Aguillerezo' is present on page  using regular expression

2022-07-20 17:06:19 - [TEST_STEP][PASSED] - pages.CustomLogger.log_Logger("User was found", "Pass"): pages.CustomLogger.log_Logger is PASSED

2022-07-20 17:06:19 - [MESSAGE][PASSED] - User was found

2022-07-20 17:06:19 - [MESSAGE][PASSED] - pages.CustomLogger.log_Logger is PASSED

2022-07-20 17:06:19 - [TEST_STEP][PASSED] - closeBrowser(): Browser is closed

2022-07-20 17:06:20 - [MESSAGE][PASSED] - Browser is closed

2022-07-20 17:06:20 - [TEST_STEP][PASSED] - ExecuteTC = findTestData(dataFile).getValue("Execute", row): null

2022-07-20 17:06:21 - [TEST_STEP][PASSED] - out.println("Value of Execute is : " + ExecuteTC): null

2022-07-20 17:06:21 - [TEST_STEP][PASSED] - if (ExecuteTC.equalsIgnoreCase("Y")): Browser is closed

2022-07-20 17:06:21 - [TEST_STEP][PASSED] - out.println("Begin Record Number: " + row): null

2022-07-20 17:06:21 - [TEST_STEP][PASSED] - adminSuiteBootstrap.loginFunctionality.login_AdminSuite(): adminSuiteBootstrap.loginFunctionality.login_AdminSuite is PASSED

2022-07-20 17:06:21 - [MESSAGE][INFO] - Starting 'Chrome' driver

2022-07-20 17:06:21 - [MESSAGE][INFO] - User set preference: ['acceptInsecureCerts', 'true']

2022-07-20 17:06:21 - [MESSAGE][INFO] - Action delay is set to 0 milliseconds

2022-07-20 17:06:23 - [MESSAGE][PASSED] - Browser is opened with url: 'https://demo.velocitypayment.com/admin/imtiazdemo'

2022-07-20 17:06:23 - [MESSAGE][PASSED] - Current window maximized

2022-07-20 17:06:23 - [MESSAGE][PASSED] - Object 'Object Repository/Login_Page/Login_Username' is present

2022-07-20 17:06:24 - [MESSAGE][PASSED] - Text 'iahmed' is set on object 'Object Repository/Login_Page/Login_Username'

2022-07-20 17:06:25 - [MESSAGE][PASSED] - Text 'hello2222' is set on object 'Object Repository/Login_Page/Login_Password'

2022-07-20 17:06:28 - [MESSAGE][PASSED] - Object: 'Object Repository/Login_Page/Login_Submit' is clicked on

2022-07-20 17:06:28 - [MESSAGE][PASSED] - adminSuiteBootstrap.loginFunctionality.login_AdminSuite is PASSED

2022-07-20 17:06:28 - [TEST_STEP][PASSED] - click(findTestObject(path_Dashboard + "a_Access User Management")): Object: 'Object Repository/AdminSuiteBootstrap_Pages/Dashboard_Bootstrap/a_Access User Management' is clicked on

2022-07-20 17:06:31 - [MESSAGE][PASSED] - Object: 'Object Repository/AdminSuiteBootstrap_Pages/Dashboard_Bootstrap/a_Access User Management' is clicked on

2022-07-20 17:06:31 - [TEST_STEP][PASSED] - click(findTestObject(path_Users + "a_Find User")): Object: 'Object Repository/AdminSuiteBootstrap_Pages/UM_Bootstrap/Users/a_Find User' is clicked on

2022-07-20 17:06:32 - [MESSAGE][PASSED] - Object: 'Object Repository/AdminSuiteBootstrap_Pages/UM_Bootstrap/Users/a_Find User' is clicked on

2022-07-20 17:06:32 - [TEST_STEP][PASSED] - adminSuiteBootstrap.findUser.findUser_DD(row, dataFile): adminSuiteBootstrap.findUser.findUser_DD is PASSED

2022-07-20 17:06:33 - [MESSAGE][PASSED] - Text 'agui' is set on object 'Object Repository/AdminSuiteBootstrap_Pages/UM_Bootstrap/FindUser/input_Username'

2022-07-20 17:06:34 - [MESSAGE][PASSED] - Text '' is set on object 'Object Repository/AdminSuiteBootstrap_Pages/UM_Bootstrap/FindUser/input_FirstName'

2022-07-20 17:06:34 - [MESSAGE][PASSED] - Text '' is set on object 'Object Repository/AdminSuiteBootstrap_Pages/UM_Bootstrap/FindUser/input_LastName'

2022-07-20 17:06:35 - [MESSAGE][PASSED] - All options with label 'Ends With' are selected in object 'Object Repository/AdminSuiteBootstrap_Pages/UM_Bootstrap/FindUser/select_SearchType' 

2022-07-20 17:06:38 - [MESSAGE][PASSED] - Object: 'Object Repository/AdminSuiteBootstrap_Pages/UM_Bootstrap/FindUser/button_Search' is clicked on

2022-07-20 17:06:38 - [MESSAGE][PASSED] - adminSuiteBootstrap.findUser.findUser_DD is PASSED

2022-07-20 17:06:38 - [TEST_STEP][PASSED] - if (verifyElementPresent(findTestObject(path_UserView + "button_Modify"), 30)): null

2022-07-20 17:06:38 - [MESSAGE][PASSED] - Object 'Object Repository/AdminSuiteBootstrap_Pages/UM_Bootstrap/UserView/button_Modify' is present

2022-07-20 17:06:38 - [TEST_STEP][PASSED] - verifyTextPresent("Email Address", true): Text 'Email Address' is present on page  using regular expression

2022-07-20 17:06:39 - [MESSAGE][PASSED] - Text 'Email Address' is present on page  using regular expression

2022-07-20 17:06:39 - [TEST_STEP][PASSED] - verifyTextPresent("iahmed@govolution.com", true): Text 'iahmed@govolution.com' is present on page  using regular expression

2022-07-20 17:06:39 - [MESSAGE][PASSED] - Text 'iahmed@govolution.com' is present on page  using regular expression

2022-07-20 17:06:39 - [TEST_STEP][PASSED] - verifyTextPresent("Username", true): Text 'Username' is present on page  using regular expression

2022-07-20 17:06:39 - [MESSAGE][PASSED] - Text 'Username' is present on page  using regular expression

2022-07-20 17:06:39 - [TEST_STEP][PASSED] - verifyTextPresent("chragui", true): Text 'chragui' is present on page  using regular expression

2022-07-20 17:06:40 - [MESSAGE][PASSED] - Text 'chragui' is present on page  using regular expression

2022-07-20 17:06:40 - [TEST_STEP][PASSED] - verifyTextPresent("Account Status", true): Text 'Account Status' is present on page  using regular expression

2022-07-20 17:06:40 - [MESSAGE][PASSED] - Text 'Account Status' is present on page  using regular expression

2022-07-20 17:06:40 - [TEST_STEP][PASSED] - verifyTextPresent("Active", true): Text 'Active' is present on page  using regular expression

2022-07-20 17:06:40 - [MESSAGE][PASSED] - Text 'Active' is present on page  using regular expression

2022-07-20 17:06:40 - [TEST_STEP][PASSED] - verifyTextPresent("Christinado Aguillerezo", true): Text 'Christinado Aguillerezo' is present on page  using regular expression

2022-07-20 17:06:41 - [MESSAGE][PASSED] - Text 'Christinado Aguillerezo' is present on page  using regular expression

2022-07-20 17:06:41 - [TEST_STEP][PASSED] - pages.CustomLogger.log_Logger("User was found", "Pass"): pages.CustomLogger.log_Logger is PASSED

2022-07-20 17:06:41 - [MESSAGE][PASSED] - User was found

2022-07-20 17:06:41 - [MESSAGE][PASSED] - pages.CustomLogger.log_Logger is PASSED

2022-07-20 17:06:41 - [TEST_STEP][PASSED] - closeBrowser(): Browser is closed

2022-07-20 17:06:42 - [MESSAGE][PASSED] - Browser is closed

2022-07-20 17:06:42 - [TEST_STEP][PASSED] - ExecuteTC = findTestData(dataFile).getValue("Execute", row): null

2022-07-20 17:06:42 - [TEST_STEP][PASSED] - out.println("Value of Execute is : " + ExecuteTC): null

2022-07-20 17:06:42 - [TEST_STEP][PASSED] - if (ExecuteTC.equalsIgnoreCase("Y")): Browser is closed

2022-07-20 17:06:42 - [TEST_STEP][PASSED] - out.println("Begin Record Number: " + row): null

2022-07-20 17:06:42 - [TEST_STEP][PASSED] - adminSuiteBootstrap.loginFunctionality.login_AdminSuite(): adminSuiteBootstrap.loginFunctionality.login_AdminSuite is PASSED

2022-07-20 17:06:42 - [MESSAGE][INFO] - Starting 'Chrome' driver

2022-07-20 17:06:42 - [MESSAGE][INFO] - User set preference: ['acceptInsecureCerts', 'true']

2022-07-20 17:06:42 - [MESSAGE][INFO] - Action delay is set to 0 milliseconds

2022-07-20 17:06:44 - [MESSAGE][PASSED] - Browser is opened with url: 'https://demo.velocitypayment.com/admin/imtiazdemo'

2022-07-20 17:06:44 - [MESSAGE][PASSED] - Current window maximized

2022-07-20 17:06:44 - [MESSAGE][PASSED] - Object 'Object Repository/Login_Page/Login_Username' is present

2022-07-20 17:06:45 - [MESSAGE][PASSED] - Text 'iahmed' is set on object 'Object Repository/Login_Page/Login_Username'

2022-07-20 17:06:46 - [MESSAGE][PASSED] - Text 'hello2222' is set on object 'Object Repository/Login_Page/Login_Password'

2022-07-20 17:06:51 - [MESSAGE][PASSED] - Object: 'Object Repository/Login_Page/Login_Submit' is clicked on

2022-07-20 17:06:51 - [MESSAGE][PASSED] - adminSuiteBootstrap.loginFunctionality.login_AdminSuite is PASSED

2022-07-20 17:06:51 - [TEST_STEP][PASSED] - click(findTestObject(path_Dashboard + "a_Access User Management")): Object: 'Object Repository/AdminSuiteBootstrap_Pages/Dashboard_Bootstrap/a_Access User Management' is clicked on

2022-07-20 17:06:54 - [MESSAGE][PASSED] - Object: 'Object Repository/AdminSuiteBootstrap_Pages/Dashboard_Bootstrap/a_Access User Management' is clicked on

2022-07-20 17:06:54 - [TEST_STEP][PASSED] - click(findTestObject(path_Users + "a_Find User")): Object: 'Object Repository/AdminSuiteBootstrap_Pages/UM_Bootstrap/Users/a_Find User' is clicked on

2022-07-20 17:06:54 - [MESSAGE][PASSED] - Object: 'Object Repository/AdminSuiteBootstrap_Pages/UM_Bootstrap/Users/a_Find User' is clicked on

2022-07-20 17:06:54 - [TEST_STEP][PASSED] - adminSuiteBootstrap.findUser.findUser_DD(row, dataFile): adminSuiteBootstrap.findUser.findUser_DD is PASSED

2022-07-20 17:06:55 - [MESSAGE][PASSED] - Text 'hragu' is set on object 'Object Repository/AdminSuiteBootstrap_Pages/UM_Bootstrap/FindUser/input_Username'

2022-07-20 17:06:56 - [MESSAGE][PASSED] - Text '' is set on object 'Object Repository/AdminSuiteBootstrap_Pages/UM_Bootstrap/FindUser/input_FirstName'

2022-07-20 17:06:57 - [MESSAGE][PASSED] - Text '' is set on object 'Object Repository/AdminSuiteBootstrap_Pages/UM_Bootstrap/FindUser/input_LastName'

2022-07-20 17:06:57 - [MESSAGE][PASSED] - All options with label 'Contains' are selected in object 'Object Repository/AdminSuiteBootstrap_Pages/UM_Bootstrap/FindUser/select_SearchType' 

2022-07-20 17:07:01 - [MESSAGE][PASSED] - Object: 'Object Repository/AdminSuiteBootstrap_Pages/UM_Bootstrap/FindUser/button_Search' is clicked on

2022-07-20 17:07:01 - [MESSAGE][PASSED] - adminSuiteBootstrap.findUser.findUser_DD is PASSED

2022-07-20 17:07:01 - [TEST_STEP][PASSED] - if (verifyElementPresent(findTestObject(path_UserView + "button_Modify"), 30)): null

2022-07-20 17:07:01 - [MESSAGE][PASSED] - Object 'Object Repository/AdminSuiteBootstrap_Pages/UM_Bootstrap/UserView/button_Modify' is present

2022-07-20 17:07:01 - [TEST_STEP][PASSED] - verifyTextPresent("Email Address", true): Text 'Email Address' is present on page  using regular expression

2022-07-20 17:07:02 - [MESSAGE][PASSED] - Text 'Email Address' is present on page  using regular expression

2022-07-20 17:07:02 - [TEST_STEP][PASSED] - verifyTextPresent("iahmed@govolution.com", true): Text 'iahmed@govolution.com' is present on page  using regular expression

2022-07-20 17:07:02 - [MESSAGE][PASSED] - Text 'iahmed@govolution.com' is present on page  using regular expression

2022-07-20 17:07:02 - [TEST_STEP][PASSED] - verifyTextPresent("Username", true): Text 'Username' is present on page  using regular expression

2022-07-20 17:07:02 - [MESSAGE][PASSED] - Text 'Username' is present on page  using regular expression

2022-07-20 17:07:02 - [TEST_STEP][PASSED] - verifyTextPresent("chragui", true): Text 'chragui' is present on page  using regular expression

2022-07-20 17:07:03 - [MESSAGE][PASSED] - Text 'chragui' is present on page  using regular expression

2022-07-20 17:07:03 - [TEST_STEP][PASSED] - verifyTextPresent("Account Status", true): Text 'Account Status' is present on page  using regular expression

2022-07-20 17:07:03 - [MESSAGE][PASSED] - Text 'Account Status' is present on page  using regular expression

2022-07-20 17:07:03 - [TEST_STEP][PASSED] - verifyTextPresent("Active", true): Text 'Active' is present on page  using regular expression

2022-07-20 17:07:03 - [MESSAGE][PASSED] - Text 'Active' is present on page  using regular expression

2022-07-20 17:07:03 - [TEST_STEP][PASSED] - verifyTextPresent("Christinado Aguillerezo", true): Text 'Christinado Aguillerezo' is present on page  using regular expression

2022-07-20 17:07:04 - [MESSAGE][PASSED] - Text 'Christinado Aguillerezo' is present on page  using regular expression

2022-07-20 17:07:04 - [TEST_STEP][PASSED] - pages.CustomLogger.log_Logger("User was found", "Pass"): pages.CustomLogger.log_Logger is PASSED

2022-07-20 17:07:04 - [MESSAGE][PASSED] - User was found

2022-07-20 17:07:04 - [MESSAGE][PASSED] - pages.CustomLogger.log_Logger is PASSED

2022-07-20 17:07:04 - [TEST_STEP][PASSED] - closeBrowser(): Browser is closed

2022-07-20 17:07:05 - [MESSAGE][PASSED] - Browser is closed

2022-07-20 17:07:05 - [TEST_STEP][PASSED] - ExecuteTC = findTestData(dataFile).getValue("Execute", row): null

2022-07-20 17:07:05 - [TEST_STEP][PASSED] - out.println("Value of Execute is : " + ExecuteTC): null

2022-07-20 17:07:05 - [TEST_STEP][PASSED] - if (ExecuteTC.equalsIgnoreCase("Y")): Browser is closed

2022-07-20 17:07:05 - [TEST_STEP][PASSED] - out.println("Begin Record Number: " + row): null

2022-07-20 17:07:05 - [TEST_STEP][PASSED] - adminSuiteBootstrap.loginFunctionality.login_AdminSuite(): adminSuiteBootstrap.loginFunctionality.login_AdminSuite is PASSED

2022-07-20 17:07:05 - [MESSAGE][INFO] - Starting 'Chrome' driver

2022-07-20 17:07:05 - [MESSAGE][INFO] - User set preference: ['acceptInsecureCerts', 'true']

2022-07-20 17:07:05 - [MESSAGE][INFO] - Action delay is set to 0 milliseconds

2022-07-20 17:07:07 - [MESSAGE][PASSED] - Browser is opened with url: 'https://demo.velocitypayment.com/admin/imtiazdemo'

2022-07-20 17:07:07 - [MESSAGE][PASSED] - Current window maximized

2022-07-20 17:07:08 - [MESSAGE][PASSED] - Object 'Object Repository/Login_Page/Login_Username' is present

2022-07-20 17:07:08 - [MESSAGE][PASSED] - Text 'iahmed' is set on object 'Object Repository/Login_Page/Login_Username'

2022-07-20 17:07:09 - [MESSAGE][PASSED] - Text 'hello2222' is set on object 'Object Repository/Login_Page/Login_Password'

2022-07-20 17:07:12 - [MESSAGE][PASSED] - Object: 'Object Repository/Login_Page/Login_Submit' is clicked on

2022-07-20 17:07:12 - [MESSAGE][PASSED] - adminSuiteBootstrap.loginFunctionality.login_AdminSuite is PASSED

2022-07-20 17:07:12 - [TEST_STEP][PASSED] - click(findTestObject(path_Dashboard + "a_Access User Management")): Object: 'Object Repository/AdminSuiteBootstrap_Pages/Dashboard_Bootstrap/a_Access User Management' is clicked on

2022-07-20 17:07:15 - [MESSAGE][PASSED] - Object: 'Object Repository/AdminSuiteBootstrap_Pages/Dashboard_Bootstrap/a_Access User Management' is clicked on

2022-07-20 17:07:15 - [TEST_STEP][PASSED] - click(findTestObject(path_Users + "a_Find User")): Object: 'Object Repository/AdminSuiteBootstrap_Pages/UM_Bootstrap/Users/a_Find User' is clicked on

2022-07-20 17:07:16 - [MESSAGE][PASSED] - Object: 'Object Repository/AdminSuiteBootstrap_Pages/UM_Bootstrap/Users/a_Find User' is clicked on

2022-07-20 17:07:16 - [TEST_STEP][PASSED] - adminSuiteBootstrap.findUser.findUser_DD(row, dataFile): adminSuiteBootstrap.findUser.findUser_DD is PASSED

2022-07-20 17:07:17 - [MESSAGE][PASSED] - Text '' is set on object 'Object Repository/AdminSuiteBootstrap_Pages/UM_Bootstrap/FindUser/input_Username'

2022-07-20 17:07:17 - [MESSAGE][PASSED] - Text 'Christinado' is set on object 'Object Repository/AdminSuiteBootstrap_Pages/UM_Bootstrap/FindUser/input_FirstName'

2022-07-20 17:07:18 - [MESSAGE][PASSED] - Text '' is set on object 'Object Repository/AdminSuiteBootstrap_Pages/UM_Bootstrap/FindUser/input_LastName'

2022-07-20 17:07:19 - [MESSAGE][PASSED] - All options with label 'Exact Match' are selected in object 'Object Repository/AdminSuiteBootstrap_Pages/UM_Bootstrap/FindUser/select_SearchType' 

2022-07-20 17:07:21 - [MESSAGE][PASSED] - Object: 'Object Repository/AdminSuiteBootstrap_Pages/UM_Bootstrap/FindUser/button_Search' is clicked on

2022-07-20 17:07:21 - [MESSAGE][PASSED] - adminSuiteBootstrap.findUser.findUser_DD is PASSED

2022-07-20 17:07:21 - [TEST_STEP][PASSED] - if (verifyElementPresent(findTestObject(path_UserView + "button_Modify"), 30)): null

2022-07-20 17:07:22 - [MESSAGE][PASSED] - Object 'Object Repository/AdminSuiteBootstrap_Pages/UM_Bootstrap/UserView/button_Modify' is present

2022-07-20 17:07:22 - [TEST_STEP][PASSED] - verifyTextPresent("Email Address", true): Text 'Email Address' is present on page  using regular expression

2022-07-20 17:07:22 - [MESSAGE][PASSED] - Text 'Email Address' is present on page  using regular expression

2022-07-20 17:07:22 - [TEST_STEP][PASSED] - verifyTextPresent("iahmed@govolution.com", true): Text 'iahmed@govolution.com' is present on page  using regular expression

2022-07-20 17:07:22 - [MESSAGE][PASSED] - Text 'iahmed@govolution.com' is present on page  using regular expression

2022-07-20 17:07:22 - [TEST_STEP][PASSED] - verifyTextPresent("Username", true): Text 'Username' is present on page  using regular expression

2022-07-20 17:07:23 - [MESSAGE][PASSED] - Text 'Username' is present on page  using regular expression

2022-07-20 17:07:23 - [TEST_STEP][PASSED] - verifyTextPresent("chragui", true): Text 'chragui' is present on page  using regular expression

2022-07-20 17:07:23 - [MESSAGE][PASSED] - Text 'chragui' is present on page  using regular expression

2022-07-20 17:07:23 - [TEST_STEP][PASSED] - verifyTextPresent("Account Status", true): Text 'Account Status' is present on page  using regular expression

2022-07-20 17:07:23 - [MESSAGE][PASSED] - Text 'Account Status' is present on page  using regular expression

2022-07-20 17:07:23 - [TEST_STEP][PASSED] - verifyTextPresent("Active", true): Text 'Active' is present on page  using regular expression

2022-07-20 17:07:23 - [MESSAGE][PASSED] - Text 'Active' is present on page  using regular expression

2022-07-20 17:07:23 - [TEST_STEP][PASSED] - verifyTextPresent("Christinado Aguillerezo", true): Text 'Christinado Aguillerezo' is present on page  using regular expression

2022-07-20 17:07:24 - [MESSAGE][PASSED] - Text 'Christinado Aguillerezo' is present on page  using regular expression

2022-07-20 17:07:24 - [TEST_STEP][PASSED] - pages.CustomLogger.log_Logger("User was found", "Pass"): pages.CustomLogger.log_Logger is PASSED

2022-07-20 17:07:24 - [MESSAGE][PASSED] - User was found

2022-07-20 17:07:24 - [MESSAGE][PASSED] - pages.CustomLogger.log_Logger is PASSED

2022-07-20 17:07:24 - [TEST_STEP][PASSED] - closeBrowser(): Browser is closed

2022-07-20 17:07:25 - [MESSAGE][PASSED] - Browser is closed

2022-07-20 17:07:25 - [TEST_STEP][PASSED] - ExecuteTC = findTestData(dataFile).getValue("Execute", row): null

2022-07-20 17:07:25 - [TEST_STEP][PASSED] - out.println("Value of Execute is : " + ExecuteTC): null

2022-07-20 17:07:25 - [TEST_STEP][PASSED] - if (ExecuteTC.equalsIgnoreCase("Y")): Browser is closed

2022-07-20 17:07:25 - [TEST_STEP][PASSED] - out.println("Begin Record Number: " + row): null

2022-07-20 17:07:25 - [TEST_STEP][PASSED] - adminSuiteBootstrap.loginFunctionality.login_AdminSuite(): adminSuiteBootstrap.loginFunctionality.login_AdminSuite is PASSED

2022-07-20 17:07:25 - [MESSAGE][INFO] - Starting 'Chrome' driver

2022-07-20 17:07:25 - [MESSAGE][INFO] - User set preference: ['acceptInsecureCerts', 'true']

2022-07-20 17:07:25 - [MESSAGE][INFO] - Action delay is set to 0 milliseconds

2022-07-20 17:07:27 - [MESSAGE][PASSED] - Browser is opened with url: 'https://demo.velocitypayment.com/admin/imtiazdemo'

2022-07-20 17:07:27 - [MESSAGE][PASSED] - Current window maximized

2022-07-20 17:07:28 - [MESSAGE][PASSED] - Object 'Object Repository/Login_Page/Login_Username' is present

2022-07-20 17:07:28 - [MESSAGE][PASSED] - Text 'iahmed' is set on object 'Object Repository/Login_Page/Login_Username'

2022-07-20 17:07:29 - [MESSAGE][PASSED] - Text 'hello2222' is set on object 'Object Repository/Login_Page/Login_Password'

2022-07-20 17:07:32 - [MESSAGE][PASSED] - Object: 'Object Repository/Login_Page/Login_Submit' is clicked on

2022-07-20 17:07:32 - [MESSAGE][PASSED] - adminSuiteBootstrap.loginFunctionality.login_AdminSuite is PASSED

2022-07-20 17:07:32 - [TEST_STEP][PASSED] - click(findTestObject(path_Dashboard + "a_Access User Management")): Object: 'Object Repository/AdminSuiteBootstrap_Pages/Dashboard_Bootstrap/a_Access User Management' is clicked on

2022-07-20 17:07:34 - [MESSAGE][PASSED] - Object: 'Object Repository/AdminSuiteBootstrap_Pages/Dashboard_Bootstrap/a_Access User Management' is clicked on

2022-07-20 17:07:34 - [TEST_STEP][PASSED] - click(findTestObject(path_Users + "a_Find User")): Object: 'Object Repository/AdminSuiteBootstrap_Pages/UM_Bootstrap/Users/a_Find User' is clicked on

2022-07-20 17:07:35 - [MESSAGE][PASSED] - Object: 'Object Repository/AdminSuiteBootstrap_Pages/UM_Bootstrap/Users/a_Find User' is clicked on

2022-07-20 17:07:35 - [TEST_STEP][PASSED] - adminSuiteBootstrap.findUser.findUser_DD(row, dataFile): adminSuiteBootstrap.findUser.findUser_DD is PASSED

2022-07-20 17:07:36 - [MESSAGE][PASSED] - Text '' is set on object 'Object Repository/AdminSuiteBootstrap_Pages/UM_Bootstrap/FindUser/input_Username'

2022-07-20 17:07:36 - [MESSAGE][PASSED] - Text 'Christin' is set on object 'Object Repository/AdminSuiteBootstrap_Pages/UM_Bootstrap/FindUser/input_FirstName'

2022-07-20 17:07:37 - [MESSAGE][PASSED] - Text '' is set on object 'Object Repository/AdminSuiteBootstrap_Pages/UM_Bootstrap/FindUser/input_LastName'

2022-07-20 17:07:38 - [MESSAGE][PASSED] - All options with label 'Starts With' are selected in object 'Object Repository/AdminSuiteBootstrap_Pages/UM_Bootstrap/FindUser/select_SearchType' 

2022-07-20 17:07:40 - [MESSAGE][PASSED] - Object: 'Object Repository/AdminSuiteBootstrap_Pages/UM_Bootstrap/FindUser/button_Search' is clicked on

2022-07-20 17:07:40 - [MESSAGE][PASSED] - adminSuiteBootstrap.findUser.findUser_DD is PASSED

2022-07-20 17:07:40 - [TEST_STEP][PASSED] - if (verifyElementPresent(findTestObject(path_UserView + "button_Modify"), 30)): null

2022-07-20 17:07:41 - [MESSAGE][PASSED] - Object 'Object Repository/AdminSuiteBootstrap_Pages/UM_Bootstrap/UserView/button_Modify' is present

2022-07-20 17:07:41 - [TEST_STEP][PASSED] - verifyTextPresent("Email Address", true): Text 'Email Address' is present on page  using regular expression

2022-07-20 17:07:41 - [MESSAGE][PASSED] - Text 'Email Address' is present on page  using regular expression

2022-07-20 17:07:41 - [TEST_STEP][PASSED] - verifyTextPresent("iahmed@govolution.com", true): Text 'iahmed@govolution.com' is present on page  using regular expression

2022-07-20 17:07:42 - [MESSAGE][PASSED] - Text 'iahmed@govolution.com' is present on page  using regular expression

2022-07-20 17:07:42 - [TEST_STEP][PASSED] - verifyTextPresent("Username", true): Text 'Username' is present on page  using regular expression

2022-07-20 17:07:42 - [MESSAGE][PASSED] - Text 'Username' is present on page  using regular expression

2022-07-20 17:07:42 - [TEST_STEP][PASSED] - verifyTextPresent("chragui", true): Text 'chragui' is present on page  using regular expression

2022-07-20 17:07:42 - [MESSAGE][PASSED] - Text 'chragui' is present on page  using regular expression

2022-07-20 17:07:42 - [TEST_STEP][PASSED] - verifyTextPresent("Account Status", true): Text 'Account Status' is present on page  using regular expression

2022-07-20 17:07:42 - [MESSAGE][PASSED] - Text 'Account Status' is present on page  using regular expression

2022-07-20 17:07:42 - [TEST_STEP][PASSED] - verifyTextPresent("Active", true): Text 'Active' is present on page  using regular expression

2022-07-20 17:07:43 - [MESSAGE][PASSED] - Text 'Active' is present on page  using regular expression

2022-07-20 17:07:43 - [TEST_STEP][PASSED] - verifyTextPresent("Christinado Aguillerezo", true): Text 'Christinado Aguillerezo' is present on page  using regular expression

2022-07-20 17:07:43 - [MESSAGE][PASSED] - Text 'Christinado Aguillerezo' is present on page  using regular expression

2022-07-20 17:07:43 - [TEST_STEP][PASSED] - pages.CustomLogger.log_Logger("User was found", "Pass"): pages.CustomLogger.log_Logger is PASSED

2022-07-20 17:07:43 - [MESSAGE][PASSED] - User was found

2022-07-20 17:07:43 - [MESSAGE][PASSED] - pages.CustomLogger.log_Logger is PASSED

2022-07-20 17:07:43 - [TEST_STEP][PASSED] - closeBrowser(): Browser is closed

2022-07-20 17:07:44 - [MESSAGE][PASSED] - Browser is closed

2022-07-20 17:07:44 - [TEST_STEP][PASSED] - ExecuteTC = findTestData(dataFile).getValue("Execute", row): null

2022-07-20 17:07:44 - [TEST_STEP][PASSED] - out.println("Value of Execute is : " + ExecuteTC): null

2022-07-20 17:07:44 - [TEST_STEP][PASSED] - if (ExecuteTC.equalsIgnoreCase("Y")): Browser is closed

2022-07-20 17:07:44 - [TEST_STEP][PASSED] - out.println("Begin Record Number: " + row): null

2022-07-20 17:07:44 - [TEST_STEP][PASSED] - adminSuiteBootstrap.loginFunctionality.login_AdminSuite(): adminSuiteBootstrap.loginFunctionality.login_AdminSuite is PASSED

2022-07-20 17:07:44 - [MESSAGE][INFO] - Starting 'Chrome' driver

2022-07-20 17:07:44 - [MESSAGE][INFO] - User set preference: ['acceptInsecureCerts', 'true']

2022-07-20 17:07:44 - [MESSAGE][INFO] - Action delay is set to 0 milliseconds

2022-07-20 17:07:46 - [MESSAGE][PASSED] - Browser is opened with url: 'https://demo.velocitypayment.com/admin/imtiazdemo'

2022-07-20 17:07:46 - [MESSAGE][PASSED] - Current window maximized

2022-07-20 17:07:47 - [MESSAGE][PASSED] - Object 'Object Repository/Login_Page/Login_Username' is present

2022-07-20 17:07:48 - [MESSAGE][PASSED] - Text 'iahmed' is set on object 'Object Repository/Login_Page/Login_Username'

2022-07-20 17:07:48 - [MESSAGE][PASSED] - Text 'hello2222' is set on object 'Object Repository/Login_Page/Login_Password'

2022-07-20 17:07:52 - [MESSAGE][PASSED] - Object: 'Object Repository/Login_Page/Login_Submit' is clicked on

2022-07-20 17:07:52 - [MESSAGE][PASSED] - adminSuiteBootstrap.loginFunctionality.login_AdminSuite is PASSED

2022-07-20 17:07:52 - [TEST_STEP][PASSED] - click(findTestObject(path_Dashboard + "a_Access User Management")): Object: 'Object Repository/AdminSuiteBootstrap_Pages/Dashboard_Bootstrap/a_Access User Management' is clicked on

2022-07-20 17:07:54 - [MESSAGE][PASSED] - Object: 'Object Repository/AdminSuiteBootstrap_Pages/Dashboard_Bootstrap/a_Access User Management' is clicked on

2022-07-20 17:07:54 - [TEST_STEP][PASSED] - click(findTestObject(path_Users + "a_Find User")): Object: 'Object Repository/AdminSuiteBootstrap_Pages/UM_Bootstrap/Users/a_Find User' is clicked on

2022-07-20 17:07:54 - [MESSAGE][PASSED] - Object: 'Object Repository/AdminSuiteBootstrap_Pages/UM_Bootstrap/Users/a_Find User' is clicked on

2022-07-20 17:07:54 - [TEST_STEP][PASSED] - adminSuiteBootstrap.findUser.findUser_DD(row, dataFile): adminSuiteBootstrap.findUser.findUser_DD is PASSED

2022-07-20 17:07:55 - [MESSAGE][PASSED] - Text '' is set on object 'Object Repository/AdminSuiteBootstrap_Pages/UM_Bootstrap/FindUser/input_Username'

2022-07-20 17:07:56 - [MESSAGE][PASSED] - Text 'ristinado' is set on object 'Object Repository/AdminSuiteBootstrap_Pages/UM_Bootstrap/FindUser/input_FirstName'

2022-07-20 17:07:56 - [MESSAGE][PASSED] - Text '' is set on object 'Object Repository/AdminSuiteBootstrap_Pages/UM_Bootstrap/FindUser/input_LastName'

2022-07-20 17:07:57 - [MESSAGE][PASSED] - All options with label 'Ends With' are selected in object 'Object Repository/AdminSuiteBootstrap_Pages/UM_Bootstrap/FindUser/select_SearchType' 

2022-07-20 17:08:00 - [MESSAGE][PASSED] - Object: 'Object Repository/AdminSuiteBootstrap_Pages/UM_Bootstrap/FindUser/button_Search' is clicked on

2022-07-20 17:08:00 - [MESSAGE][PASSED] - adminSuiteBootstrap.findUser.findUser_DD is PASSED

2022-07-20 17:08:00 - [TEST_STEP][PASSED] - if (verifyElementPresent(findTestObject(path_UserView + "button_Modify"), 30)): null

2022-07-20 17:08:00 - [MESSAGE][PASSED] - Object 'Object Repository/AdminSuiteBootstrap_Pages/UM_Bootstrap/UserView/button_Modify' is present

2022-07-20 17:08:00 - [TEST_STEP][PASSED] - verifyTextPresent("Email Address", true): Text 'Email Address' is present on page  using regular expression

2022-07-20 17:08:00 - [MESSAGE][PASSED] - Text 'Email Address' is present on page  using regular expression

2022-07-20 17:08:00 - [TEST_STEP][PASSED] - verifyTextPresent("iahmed@govolution.com", true): Text 'iahmed@govolution.com' is present on page  using regular expression

2022-07-20 17:08:01 - [MESSAGE][PASSED] - Text 'iahmed@govolution.com' is present on page  using regular expression

2022-07-20 17:08:01 - [TEST_STEP][PASSED] - verifyTextPresent("Username", true): Text 'Username' is present on page  using regular expression

2022-07-20 17:08:01 - [MESSAGE][PASSED] - Text 'Username' is present on page  using regular expression

2022-07-20 17:08:01 - [TEST_STEP][PASSED] - verifyTextPresent("chragui", true): Text 'chragui' is present on page  using regular expression

2022-07-20 17:08:01 - [MESSAGE][PASSED] - Text 'chragui' is present on page  using regular expression

2022-07-20 17:08:01 - [TEST_STEP][PASSED] - verifyTextPresent("Account Status", true): Text 'Account Status' is present on page  using regular expression

2022-07-20 17:08:02 - [MESSAGE][PASSED] - Text 'Account Status' is present on page  using regular expression

2022-07-20 17:08:02 - [TEST_STEP][PASSED] - verifyTextPresent("Active", true): Text 'Active' is present on page  using regular expression

2022-07-20 17:08:02 - [MESSAGE][PASSED] - Text 'Active' is present on page  using regular expression

2022-07-20 17:08:02 - [TEST_STEP][PASSED] - verifyTextPresent("Christinado Aguillerezo", true): Text 'Christinado Aguillerezo' is present on page  using regular expression

2022-07-20 17:08:02 - [MESSAGE][PASSED] - Text 'Christinado Aguillerezo' is present on page  using regular expression

2022-07-20 17:08:02 - [TEST_STEP][PASSED] - pages.CustomLogger.log_Logger("User was found", "Pass"): pages.CustomLogger.log_Logger is PASSED

2022-07-20 17:08:02 - [MESSAGE][PASSED] - User was found

2022-07-20 17:08:02 - [MESSAGE][PASSED] - pages.CustomLogger.log_Logger is PASSED

2022-07-20 17:08:02 - [TEST_STEP][PASSED] - closeBrowser(): Browser is closed

2022-07-20 17:08:03 - [MESSAGE][PASSED] - Browser is closed

2022-07-20 17:08:03 - [TEST_STEP][PASSED] - ExecuteTC = findTestData(dataFile).getValue("Execute", row): null

2022-07-20 17:08:03 - [TEST_STEP][PASSED] - out.println("Value of Execute is : " + ExecuteTC): null

2022-07-20 17:08:03 - [TEST_STEP][PASSED] - if (ExecuteTC.equalsIgnoreCase("Y")): Browser is closed

2022-07-20 17:08:03 - [TEST_STEP][PASSED] - out.println("Begin Record Number: " + row): null

2022-07-20 17:08:03 - [TEST_STEP][PASSED] - adminSuiteBootstrap.loginFunctionality.login_AdminSuite(): adminSuiteBootstrap.loginFunctionality.login_AdminSuite is PASSED

2022-07-20 17:08:03 - [MESSAGE][INFO] - Starting 'Chrome' driver

2022-07-20 17:08:03 - [MESSAGE][INFO] - User set preference: ['acceptInsecureCerts', 'true']

2022-07-20 17:08:03 - [MESSAGE][INFO] - Action delay is set to 0 milliseconds

2022-07-20 17:08:06 - [MESSAGE][PASSED] - Browser is opened with url: 'https://demo.velocitypayment.com/admin/imtiazdemo'

2022-07-20 17:08:06 - [MESSAGE][PASSED] - Current window maximized

2022-07-20 17:08:06 - [MESSAGE][PASSED] - Object 'Object Repository/Login_Page/Login_Username' is present

2022-07-20 17:08:07 - [MESSAGE][PASSED] - Text 'iahmed' is set on object 'Object Repository/Login_Page/Login_Username'

2022-07-20 17:08:08 - [MESSAGE][PASSED] - Text 'hello2222' is set on object 'Object Repository/Login_Page/Login_Password'

2022-07-20 17:08:10 - [MESSAGE][PASSED] - Object: 'Object Repository/Login_Page/Login_Submit' is clicked on

2022-07-20 17:08:10 - [MESSAGE][PASSED] - adminSuiteBootstrap.loginFunctionality.login_AdminSuite is PASSED

2022-07-20 17:08:10 - [TEST_STEP][PASSED] - click(findTestObject(path_Dashboard + "a_Access User Management")): Object: 'Object Repository/AdminSuiteBootstrap_Pages/Dashboard_Bootstrap/a_Access User Management' is clicked on

2022-07-20 17:08:12 - [MESSAGE][PASSED] - Object: 'Object Repository/AdminSuiteBootstrap_Pages/Dashboard_Bootstrap/a_Access User Management' is clicked on

2022-07-20 17:08:12 - [TEST_STEP][PASSED] - click(findTestObject(path_Users + "a_Find User")): Object: 'Object Repository/AdminSuiteBootstrap_Pages/UM_Bootstrap/Users/a_Find User' is clicked on

2022-07-20 17:08:13 - [MESSAGE][PASSED] - Object: 'Object Repository/AdminSuiteBootstrap_Pages/UM_Bootstrap/Users/a_Find User' is clicked on

2022-07-20 17:08:13 - [TEST_STEP][PASSED] - adminSuiteBootstrap.findUser.findUser_DD(row, dataFile): adminSuiteBootstrap.findUser.findUser_DD is PASSED

2022-07-20 17:08:14 - [MESSAGE][PASSED] - Text '' is set on object 'Object Repository/AdminSuiteBootstrap_Pages/UM_Bootstrap/FindUser/input_Username'

2022-07-20 17:08:15 - [MESSAGE][PASSED] - Text 'hristina' is set on object 'Object Repository/AdminSuiteBootstrap_Pages/UM_Bootstrap/FindUser/input_FirstName'

2022-07-20 17:08:15 - [MESSAGE][PASSED] - Text '' is set on object 'Object Repository/AdminSuiteBootstrap_Pages/UM_Bootstrap/FindUser/input_LastName'

2022-07-20 17:08:16 - [MESSAGE][PASSED] - All options with label 'Contains' are selected in object 'Object Repository/AdminSuiteBootstrap_Pages/UM_Bootstrap/FindUser/select_SearchType' 

2022-07-20 17:08:19 - [MESSAGE][PASSED] - Object: 'Object Repository/AdminSuiteBootstrap_Pages/UM_Bootstrap/FindUser/button_Search' is clicked on

2022-07-20 17:08:19 - [MESSAGE][PASSED] - adminSuiteBootstrap.findUser.findUser_DD is PASSED

2022-07-20 17:08:19 - [TEST_STEP][PASSED] - if (verifyElementPresent(findTestObject(path_UserView + "button_Modify"), 30)): null

2022-07-20 17:08:19 - [MESSAGE][PASSED] - Object 'Object Repository/AdminSuiteBootstrap_Pages/UM_Bootstrap/UserView/button_Modify' is present

2022-07-20 17:08:19 - [TEST_STEP][PASSED] - verifyTextPresent("Email Address", true): Text 'Email Address' is present on page  using regular expression

2022-07-20 17:08:19 - [MESSAGE][PASSED] - Text 'Email Address' is present on page  using regular expression

2022-07-20 17:08:19 - [TEST_STEP][PASSED] - verifyTextPresent("iahmed@govolution.com", true): Text 'iahmed@govolution.com' is present on page  using regular expression

2022-07-20 17:08:20 - [MESSAGE][PASSED] - Text 'iahmed@govolution.com' is present on page  using regular expression

2022-07-20 17:08:20 - [TEST_STEP][PASSED] - verifyTextPresent("Username", true): Text 'Username' is present on page  using regular expression

2022-07-20 17:08:20 - [MESSAGE][PASSED] - Text 'Username' is present on page  using regular expression

2022-07-20 17:08:20 - [TEST_STEP][PASSED] - verifyTextPresent("chragui", true): Text 'chragui' is present on page  using regular expression

2022-07-20 17:08:20 - [MESSAGE][PASSED] - Text 'chragui' is present on page  using regular expression

2022-07-20 17:08:20 - [TEST_STEP][PASSED] - verifyTextPresent("Account Status", true): Text 'Account Status' is present on page  using regular expression

2022-07-20 17:08:21 - [MESSAGE][PASSED] - Text 'Account Status' is present on page  using regular expression

2022-07-20 17:08:21 - [TEST_STEP][PASSED] - verifyTextPresent("Active", true): Text 'Active' is present on page  using regular expression

2022-07-20 17:08:21 - [MESSAGE][PASSED] - Text 'Active' is present on page  using regular expression

2022-07-20 17:08:21 - [TEST_STEP][PASSED] - verifyTextPresent("Christinado Aguillerezo", true): Text 'Christinado Aguillerezo' is present on page  using regular expression

2022-07-20 17:08:21 - [MESSAGE][PASSED] - Text 'Christinado Aguillerezo' is present on page  using regular expression

2022-07-20 17:08:21 - [TEST_STEP][PASSED] - pages.CustomLogger.log_Logger("User was found", "Pass"): pages.CustomLogger.log_Logger is PASSED

2022-07-20 17:08:21 - [MESSAGE][PASSED] - User was found

2022-07-20 17:08:21 - [MESSAGE][PASSED] - pages.CustomLogger.log_Logger is PASSED

2022-07-20 17:08:21 - [TEST_STEP][PASSED] - closeBrowser(): Browser is closed

2022-07-20 17:08:22 - [MESSAGE][PASSED] - Browser is closed

2022-07-20 17:08:22 - [TEST_STEP][PASSED] - ExecuteTC = findTestData(dataFile).getValue("Execute", row): null

2022-07-20 17:08:22 - [TEST_STEP][PASSED] - out.println("Value of Execute is : " + ExecuteTC): null

2022-07-20 17:08:22 - [TEST_STEP][PASSED] - if (ExecuteTC.equalsIgnoreCase("Y")): Browser is closed

2022-07-20 17:08:22 - [TEST_STEP][PASSED] - out.println("Begin Record Number: " + row): null

2022-07-20 17:08:22 - [TEST_STEP][PASSED] - adminSuiteBootstrap.loginFunctionality.login_AdminSuite(): adminSuiteBootstrap.loginFunctionality.login_AdminSuite is PASSED

2022-07-20 17:08:22 - [MESSAGE][INFO] - Starting 'Chrome' driver

2022-07-20 17:08:22 - [MESSAGE][INFO] - User set preference: ['acceptInsecureCerts', 'true']

2022-07-20 17:08:22 - [MESSAGE][INFO] - Action delay is set to 0 milliseconds

2022-07-20 17:08:25 - [MESSAGE][PASSED] - Browser is opened with url: 'https://demo.velocitypayment.com/admin/imtiazdemo'

2022-07-20 17:08:25 - [MESSAGE][PASSED] - Current window maximized

2022-07-20 17:08:25 - [MESSAGE][PASSED] - Object 'Object Repository/Login_Page/Login_Username' is present

2022-07-20 17:08:26 - [MESSAGE][PASSED] - Text 'iahmed' is set on object 'Object Repository/Login_Page/Login_Username'

2022-07-20 17:08:27 - [MESSAGE][PASSED] - Text 'hello2222' is set on object 'Object Repository/Login_Page/Login_Password'

2022-07-20 17:08:30 - [MESSAGE][PASSED] - Object: 'Object Repository/Login_Page/Login_Submit' is clicked on

2022-07-20 17:08:30 - [MESSAGE][PASSED] - adminSuiteBootstrap.loginFunctionality.login_AdminSuite is PASSED

2022-07-20 17:08:30 - [TEST_STEP][PASSED] - click(findTestObject(path_Dashboard + "a_Access User Management")): Object: 'Object Repository/AdminSuiteBootstrap_Pages/Dashboard_Bootstrap/a_Access User Management' is clicked on

2022-07-20 17:08:32 - [MESSAGE][PASSED] - Object: 'Object Repository/AdminSuiteBootstrap_Pages/Dashboard_Bootstrap/a_Access User Management' is clicked on

2022-07-20 17:08:32 - [TEST_STEP][PASSED] - click(findTestObject(path_Users + "a_Find User")): Object: 'Object Repository/AdminSuiteBootstrap_Pages/UM_Bootstrap/Users/a_Find User' is clicked on

2022-07-20 17:08:33 - [MESSAGE][PASSED] - Object: 'Object Repository/AdminSuiteBootstrap_Pages/UM_Bootstrap/Users/a_Find User' is clicked on

2022-07-20 17:08:33 - [TEST_STEP][PASSED] - adminSuiteBootstrap.findUser.findUser_DD(row, dataFile): adminSuiteBootstrap.findUser.findUser_DD is PASSED

2022-07-20 17:08:33 - [MESSAGE][PASSED] - Text '' is set on object 'Object Repository/AdminSuiteBootstrap_Pages/UM_Bootstrap/FindUser/input_Username'

2022-07-20 17:08:34 - [MESSAGE][PASSED] - Text '' is set on object 'Object Repository/AdminSuiteBootstrap_Pages/UM_Bootstrap/FindUser/input_FirstName'

2022-07-20 17:08:35 - [MESSAGE][PASSED] - Text 'Aguillerezo' is set on object 'Object Repository/AdminSuiteBootstrap_Pages/UM_Bootstrap/FindUser/input_LastName'

2022-07-20 17:08:36 - [MESSAGE][PASSED] - All options with label 'Exact Match' are selected in object 'Object Repository/AdminSuiteBootstrap_Pages/UM_Bootstrap/FindUser/select_SearchType' 

2022-07-20 17:08:38 - [MESSAGE][PASSED] - Object: 'Object Repository/AdminSuiteBootstrap_Pages/UM_Bootstrap/FindUser/button_Search' is clicked on

2022-07-20 17:08:38 - [MESSAGE][PASSED] - adminSuiteBootstrap.findUser.findUser_DD is PASSED

2022-07-20 17:08:38 - [TEST_STEP][PASSED] - if (verifyElementPresent(findTestObject(path_UserView + "button_Modify"), 30)): null

2022-07-20 17:08:39 - [MESSAGE][PASSED] - Object 'Object Repository/AdminSuiteBootstrap_Pages/UM_Bootstrap/UserView/button_Modify' is present

2022-07-20 17:08:39 - [TEST_STEP][PASSED] - verifyTextPresent("Email Address", true): Text 'Email Address' is present on page  using regular expression

2022-07-20 17:08:39 - [MESSAGE][PASSED] - Text 'Email Address' is present on page  using regular expression

2022-07-20 17:08:39 - [TEST_STEP][PASSED] - verifyTextPresent("iahmed@govolution.com", true): Text 'iahmed@govolution.com' is present on page  using regular expression

2022-07-20 17:08:39 - [MESSAGE][PASSED] - Text 'iahmed@govolution.com' is present on page  using regular expression

2022-07-20 17:08:39 - [TEST_STEP][PASSED] - verifyTextPresent("Username", true): Text 'Username' is present on page  using regular expression

2022-07-20 17:08:39 - [MESSAGE][PASSED] - Text 'Username' is present on page  using regular expression

2022-07-20 17:08:39 - [TEST_STEP][PASSED] - verifyTextPresent("chragui", true): Text 'chragui' is present on page  using regular expression

2022-07-20 17:08:40 - [MESSAGE][PASSED] - Text 'chragui' is present on page  using regular expression

2022-07-20 17:08:40 - [TEST_STEP][PASSED] - verifyTextPresent("Account Status", true): Text 'Account Status' is present on page  using regular expression

2022-07-20 17:08:40 - [MESSAGE][PASSED] - Text 'Account Status' is present on page  using regular expression

2022-07-20 17:08:40 - [TEST_STEP][PASSED] - verifyTextPresent("Active", true): Text 'Active' is present on page  using regular expression

2022-07-20 17:08:40 - [MESSAGE][PASSED] - Text 'Active' is present on page  using regular expression

2022-07-20 17:08:40 - [TEST_STEP][PASSED] - verifyTextPresent("Christinado Aguillerezo", true): Text 'Christinado Aguillerezo' is present on page  using regular expression

2022-07-20 17:08:41 - [MESSAGE][PASSED] - Text 'Christinado Aguillerezo' is present on page  using regular expression

2022-07-20 17:08:41 - [TEST_STEP][PASSED] - pages.CustomLogger.log_Logger("User was found", "Pass"): pages.CustomLogger.log_Logger is PASSED

2022-07-20 17:08:41 - [MESSAGE][PASSED] - User was found

2022-07-20 17:08:41 - [MESSAGE][PASSED] - pages.CustomLogger.log_Logger is PASSED

2022-07-20 17:08:41 - [TEST_STEP][PASSED] - closeBrowser(): Browser is closed

2022-07-20 17:08:42 - [MESSAGE][PASSED] - Browser is closed

2022-07-20 17:08:42 - [TEST_STEP][PASSED] - ExecuteTC = findTestData(dataFile).getValue("Execute", row): null

2022-07-20 17:08:42 - [TEST_STEP][PASSED] - out.println("Value of Execute is : " + ExecuteTC): null

2022-07-20 17:08:42 - [TEST_STEP][PASSED] - if (ExecuteTC.equalsIgnoreCase("Y")): Browser is closed

2022-07-20 17:08:42 - [TEST_STEP][PASSED] - out.println("Begin Record Number: " + row): null

2022-07-20 17:08:42 - [TEST_STEP][PASSED] - adminSuiteBootstrap.loginFunctionality.login_AdminSuite(): adminSuiteBootstrap.loginFunctionality.login_AdminSuite is PASSED

2022-07-20 17:08:42 - [MESSAGE][INFO] - Starting 'Chrome' driver

2022-07-20 17:08:42 - [MESSAGE][INFO] - User set preference: ['acceptInsecureCerts', 'true']

2022-07-20 17:08:42 - [MESSAGE][INFO] - Action delay is set to 0 milliseconds

2022-07-20 17:08:45 - [MESSAGE][PASSED] - Browser is opened with url: 'https://demo.velocitypayment.com/admin/imtiazdemo'

2022-07-20 17:08:45 - [MESSAGE][PASSED] - Current window maximized

2022-07-20 17:08:45 - [MESSAGE][PASSED] - Object 'Object Repository/Login_Page/Login_Username' is present

2022-07-20 17:08:46 - [MESSAGE][PASSED] - Text 'iahmed' is set on object 'Object Repository/Login_Page/Login_Username'

2022-07-20 17:08:47 - [MESSAGE][PASSED] - Text 'hello2222' is set on object 'Object Repository/Login_Page/Login_Password'

2022-07-20 17:08:51 - [MESSAGE][PASSED] - Object: 'Object Repository/Login_Page/Login_Submit' is clicked on

2022-07-20 17:08:51 - [MESSAGE][PASSED] - adminSuiteBootstrap.loginFunctionality.login_AdminSuite is PASSED

2022-07-20 17:08:51 - [TEST_STEP][PASSED] - click(findTestObject(path_Dashboard + "a_Access User Management")): Object: 'Object Repository/AdminSuiteBootstrap_Pages/Dashboard_Bootstrap/a_Access User Management' is clicked on

2022-07-20 17:08:57 - [MESSAGE][PASSED] - Object: 'Object Repository/AdminSuiteBootstrap_Pages/Dashboard_Bootstrap/a_Access User Management' is clicked on

2022-07-20 17:08:57 - [TEST_STEP][PASSED] - click(findTestObject(path_Users + "a_Find User")): Object: 'Object Repository/AdminSuiteBootstrap_Pages/UM_Bootstrap/Users/a_Find User' is clicked on

2022-07-20 17:08:58 - [MESSAGE][PASSED] - Object: 'Object Repository/AdminSuiteBootstrap_Pages/UM_Bootstrap/Users/a_Find User' is clicked on

2022-07-20 17:08:58 - [TEST_STEP][PASSED] - adminSuiteBootstrap.findUser.findUser_DD(row, dataFile): adminSuiteBootstrap.findUser.findUser_DD is PASSED

2022-07-20 17:08:59 - [MESSAGE][PASSED] - Text '' is set on object 'Object Repository/AdminSuiteBootstrap_Pages/UM_Bootstrap/FindUser/input_Username'

2022-07-20 17:08:59 - [MESSAGE][PASSED] - Text '' is set on object 'Object Repository/AdminSuiteBootstrap_Pages/UM_Bootstrap/FindUser/input_FirstName'

2022-07-20 17:09:00 - [MESSAGE][PASSED] - Text 'Aguille' is set on object 'Object Repository/AdminSuiteBootstrap_Pages/UM_Bootstrap/FindUser/input_LastName'

2022-07-20 17:09:00 - [MESSAGE][PASSED] - All options with label 'Starts With' are selected in object 'Object Repository/AdminSuiteBootstrap_Pages/UM_Bootstrap/FindUser/select_SearchType' 

2022-07-20 17:09:03 - [MESSAGE][PASSED] - Object: 'Object Repository/AdminSuiteBootstrap_Pages/UM_Bootstrap/FindUser/button_Search' is clicked on

2022-07-20 17:09:03 - [MESSAGE][PASSED] - adminSuiteBootstrap.findUser.findUser_DD is PASSED

2022-07-20 17:09:03 - [TEST_STEP][PASSED] - if (verifyElementPresent(findTestObject(path_UserView + "button_Modify"), 30)): null

2022-07-20 17:09:04 - [MESSAGE][PASSED] - Object 'Object Repository/AdminSuiteBootstrap_Pages/UM_Bootstrap/UserView/button_Modify' is present

2022-07-20 17:09:04 - [TEST_STEP][PASSED] - verifyTextPresent("Email Address", true): Text 'Email Address' is present on page  using regular expression

2022-07-20 17:09:04 - [MESSAGE][PASSED] - Text 'Email Address' is present on page  using regular expression

2022-07-20 17:09:04 - [TEST_STEP][PASSED] - verifyTextPresent("iahmed@govolution.com", true): Text 'iahmed@govolution.com' is present on page  using regular expression

2022-07-20 17:09:05 - [MESSAGE][PASSED] - Text 'iahmed@govolution.com' is present on page  using regular expression

2022-07-20 17:09:05 - [TEST_STEP][PASSED] - verifyTextPresent("Username", true): Text 'Username' is present on page  using regular expression

2022-07-20 17:09:05 - [MESSAGE][PASSED] - Text 'Username' is present on page  using regular expression

2022-07-20 17:09:05 - [TEST_STEP][PASSED] - verifyTextPresent("chragui", true): Text 'chragui' is present on page  using regular expression

2022-07-20 17:09:05 - [MESSAGE][PASSED] - Text 'chragui' is present on page  using regular expression

2022-07-20 17:09:05 - [TEST_STEP][PASSED] - verifyTextPresent("Account Status", true): Text 'Account Status' is present on page  using regular expression

2022-07-20 17:09:05 - [MESSAGE][PASSED] - Text 'Account Status' is present on page  using regular expression

2022-07-20 17:09:05 - [TEST_STEP][PASSED] - verifyTextPresent("Active", true): Text 'Active' is present on page  using regular expression

2022-07-20 17:09:06 - [MESSAGE][PASSED] - Text 'Active' is present on page  using regular expression

2022-07-20 17:09:06 - [TEST_STEP][PASSED] - verifyTextPresent("Christinado Aguillerezo", true): Text 'Christinado Aguillerezo' is present on page  using regular expression

2022-07-20 17:09:06 - [MESSAGE][PASSED] - Text 'Christinado Aguillerezo' is present on page  using regular expression

2022-07-20 17:09:06 - [TEST_STEP][PASSED] - pages.CustomLogger.log_Logger("User was found", "Pass"): pages.CustomLogger.log_Logger is PASSED

2022-07-20 17:09:06 - [MESSAGE][PASSED] - User was found

2022-07-20 17:09:06 - [MESSAGE][PASSED] - pages.CustomLogger.log_Logger is PASSED

2022-07-20 17:09:06 - [TEST_STEP][PASSED] - closeBrowser(): Browser is closed

2022-07-20 17:09:07 - [MESSAGE][PASSED] - Browser is closed

2022-07-20 17:09:07 - [TEST_STEP][PASSED] - ExecuteTC = findTestData(dataFile).getValue("Execute", row): null

2022-07-20 17:09:07 - [TEST_STEP][PASSED] - out.println("Value of Execute is : " + ExecuteTC): null

2022-07-20 17:09:07 - [TEST_STEP][PASSED] - if (ExecuteTC.equalsIgnoreCase("Y")): Browser is closed

2022-07-20 17:09:07 - [TEST_STEP][PASSED] - out.println("Begin Record Number: " + row): null

2022-07-20 17:09:07 - [TEST_STEP][PASSED] - adminSuiteBootstrap.loginFunctionality.login_AdminSuite(): adminSuiteBootstrap.loginFunctionality.login_AdminSuite is PASSED

2022-07-20 17:09:07 - [MESSAGE][INFO] - Starting 'Chrome' driver

2022-07-20 17:09:07 - [MESSAGE][INFO] - User set preference: ['acceptInsecureCerts', 'true']

2022-07-20 17:09:07 - [MESSAGE][INFO] - Action delay is set to 0 milliseconds

2022-07-20 17:09:09 - [MESSAGE][PASSED] - Browser is opened with url: 'https://demo.velocitypayment.com/admin/imtiazdemo'

2022-07-20 17:09:09 - [MESSAGE][PASSED] - Current window maximized

2022-07-20 17:09:10 - [MESSAGE][PASSED] - Object 'Object Repository/Login_Page/Login_Username' is present

2022-07-20 17:09:11 - [MESSAGE][PASSED] - Text 'iahmed' is set on object 'Object Repository/Login_Page/Login_Username'

2022-07-20 17:09:11 - [MESSAGE][PASSED] - Text 'hello2222' is set on object 'Object Repository/Login_Page/Login_Password'

2022-07-20 17:09:15 - [MESSAGE][PASSED] - Object: 'Object Repository/Login_Page/Login_Submit' is clicked on

2022-07-20 17:09:15 - [MESSAGE][PASSED] - adminSuiteBootstrap.loginFunctionality.login_AdminSuite is PASSED

2022-07-20 17:09:15 - [TEST_STEP][PASSED] - click(findTestObject(path_Dashboard + "a_Access User Management")): Object: 'Object Repository/AdminSuiteBootstrap_Pages/Dashboard_Bootstrap/a_Access User Management' is clicked on

2022-07-20 17:09:18 - [MESSAGE][PASSED] - Object: 'Object Repository/AdminSuiteBootstrap_Pages/Dashboard_Bootstrap/a_Access User Management' is clicked on

2022-07-20 17:09:18 - [TEST_STEP][PASSED] - click(findTestObject(path_Users + "a_Find User")): Object: 'Object Repository/AdminSuiteBootstrap_Pages/UM_Bootstrap/Users/a_Find User' is clicked on

2022-07-20 17:09:18 - [MESSAGE][PASSED] - Object: 'Object Repository/AdminSuiteBootstrap_Pages/UM_Bootstrap/Users/a_Find User' is clicked on

2022-07-20 17:09:18 - [TEST_STEP][PASSED] - adminSuiteBootstrap.findUser.findUser_DD(row, dataFile): adminSuiteBootstrap.findUser.findUser_DD is PASSED

2022-07-20 17:09:19 - [MESSAGE][PASSED] - Text '' is set on object 'Object Repository/AdminSuiteBootstrap_Pages/UM_Bootstrap/FindUser/input_Username'

2022-07-20 17:09:20 - [MESSAGE][PASSED] - Text '' is set on object 'Object Repository/AdminSuiteBootstrap_Pages/UM_Bootstrap/FindUser/input_FirstName'

2022-07-20 17:09:21 - [MESSAGE][PASSED] - Text 'uillerezo' is set on object 'Object Repository/AdminSuiteBootstrap_Pages/UM_Bootstrap/FindUser/input_LastName'

2022-07-20 17:09:21 - [MESSAGE][PASSED] - All options with label 'Ends With' are selected in object 'Object Repository/AdminSuiteBootstrap_Pages/UM_Bootstrap/FindUser/select_SearchType' 

2022-07-20 17:09:25 - [MESSAGE][PASSED] - Object: 'Object Repository/AdminSuiteBootstrap_Pages/UM_Bootstrap/FindUser/button_Search' is clicked on

2022-07-20 17:09:25 - [MESSAGE][PASSED] - adminSuiteBootstrap.findUser.findUser_DD is PASSED

2022-07-20 17:09:25 - [TEST_STEP][PASSED] - if (verifyElementPresent(findTestObject(path_UserView + "button_Modify"), 30)): null

2022-07-20 17:09:25 - [MESSAGE][PASSED] - Object 'Object Repository/AdminSuiteBootstrap_Pages/UM_Bootstrap/UserView/button_Modify' is present

2022-07-20 17:09:25 - [TEST_STEP][PASSED] - verifyTextPresent("Email Address", true): Text 'Email Address' is present on page  using regular expression

2022-07-20 17:09:25 - [MESSAGE][PASSED] - Text 'Email Address' is present on page  using regular expression

2022-07-20 17:09:25 - [TEST_STEP][PASSED] - verifyTextPresent("iahmed@govolution.com", true): Text 'iahmed@govolution.com' is present on page  using regular expression

2022-07-20 17:09:26 - [MESSAGE][PASSED] - Text 'iahmed@govolution.com' is present on page  using regular expression

2022-07-20 17:09:26 - [TEST_STEP][PASSED] - verifyTextPresent("Username", true): Text 'Username' is present on page  using regular expression

2022-07-20 17:09:26 - [MESSAGE][PASSED] - Text 'Username' is present on page  using regular expression

2022-07-20 17:09:26 - [TEST_STEP][PASSED] - verifyTextPresent("chragui", true): Text 'chragui' is present on page  using regular expression

2022-07-20 17:09:26 - [MESSAGE][PASSED] - Text 'chragui' is present on page  using regular expression

2022-07-20 17:09:26 - [TEST_STEP][PASSED] - verifyTextPresent("Account Status", true): Text 'Account Status' is present on page  using regular expression

2022-07-20 17:09:27 - [MESSAGE][PASSED] - Text 'Account Status' is present on page  using regular expression

2022-07-20 17:09:27 - [TEST_STEP][PASSED] - verifyTextPresent("Active", true): Text 'Active' is present on page  using regular expression

2022-07-20 17:09:27 - [MESSAGE][PASSED] - Text 'Active' is present on page  using regular expression

2022-07-20 17:09:27 - [TEST_STEP][PASSED] - verifyTextPresent("Christinado Aguillerezo", true): Text 'Christinado Aguillerezo' is present on page  using regular expression

2022-07-20 17:09:27 - [MESSAGE][PASSED] - Text 'Christinado Aguillerezo' is present on page  using regular expression

2022-07-20 17:09:27 - [TEST_STEP][PASSED] - pages.CustomLogger.log_Logger("User was found", "Pass"): pages.CustomLogger.log_Logger is PASSED

2022-07-20 17:09:27 - [MESSAGE][PASSED] - User was found

2022-07-20 17:09:27 - [MESSAGE][PASSED] - pages.CustomLogger.log_Logger is PASSED

2022-07-20 17:09:27 - [TEST_STEP][PASSED] - closeBrowser(): Browser is closed

2022-07-20 17:09:28 - [MESSAGE][PASSED] - Browser is closed

2022-07-20 17:09:28 - [TEST_STEP][PASSED] - ExecuteTC = findTestData(dataFile).getValue("Execute", row): null

2022-07-20 17:09:28 - [TEST_STEP][PASSED] - out.println("Value of Execute is : " + ExecuteTC): null

2022-07-20 17:09:28 - [TEST_STEP][PASSED] - if (ExecuteTC.equalsIgnoreCase("Y")): Browser is closed

2022-07-20 17:09:28 - [TEST_STEP][PASSED] - out.println("Begin Record Number: " + row): null

2022-07-20 17:09:28 - [TEST_STEP][PASSED] - adminSuiteBootstrap.loginFunctionality.login_AdminSuite(): adminSuiteBootstrap.loginFunctionality.login_AdminSuite is PASSED

2022-07-20 17:09:28 - [MESSAGE][INFO] - Starting 'Chrome' driver

2022-07-20 17:09:28 - [MESSAGE][INFO] - User set preference: ['acceptInsecureCerts', 'true']

2022-07-20 17:09:28 - [MESSAGE][INFO] - Action delay is set to 0 milliseconds

2022-07-20 17:09:31 - [MESSAGE][PASSED] - Browser is opened with url: 'https://demo.velocitypayment.com/admin/imtiazdemo'

2022-07-20 17:09:31 - [MESSAGE][PASSED] - Current window maximized

2022-07-20 17:09:31 - [MESSAGE][PASSED] - Object 'Object Repository/Login_Page/Login_Username' is present

2022-07-20 17:09:32 - [MESSAGE][PASSED] - Text 'iahmed' is set on object 'Object Repository/Login_Page/Login_Username'

2022-07-20 17:09:33 - [MESSAGE][PASSED] - Text 'hello2222' is set on object 'Object Repository/Login_Page/Login_Password'

2022-07-20 17:09:36 - [MESSAGE][PASSED] - Object: 'Object Repository/Login_Page/Login_Submit' is clicked on

2022-07-20 17:09:36 - [MESSAGE][PASSED] - adminSuiteBootstrap.loginFunctionality.login_AdminSuite is PASSED

2022-07-20 17:09:36 - [TEST_STEP][PASSED] - click(findTestObject(path_Dashboard + "a_Access User Management")): Object: 'Object Repository/AdminSuiteBootstrap_Pages/Dashboard_Bootstrap/a_Access User Management' is clicked on

2022-07-20 17:09:39 - [MESSAGE][PASSED] - Object: 'Object Repository/AdminSuiteBootstrap_Pages/Dashboard_Bootstrap/a_Access User Management' is clicked on

2022-07-20 17:09:39 - [TEST_STEP][PASSED] - click(findTestObject(path_Users + "a_Find User")): Object: 'Object Repository/AdminSuiteBootstrap_Pages/UM_Bootstrap/Users/a_Find User' is clicked on

2022-07-20 17:09:40 - [MESSAGE][PASSED] - Object: 'Object Repository/AdminSuiteBootstrap_Pages/UM_Bootstrap/Users/a_Find User' is clicked on

2022-07-20 17:09:40 - [TEST_STEP][PASSED] - adminSuiteBootstrap.findUser.findUser_DD(row, dataFile): adminSuiteBootstrap.findUser.findUser_DD is PASSED

2022-07-20 17:09:41 - [MESSAGE][PASSED] - Text '' is set on object 'Object Repository/AdminSuiteBootstrap_Pages/UM_Bootstrap/FindUser/input_Username'

2022-07-20 17:09:41 - [MESSAGE][PASSED] - Text '' is set on object 'Object Repository/AdminSuiteBootstrap_Pages/UM_Bootstrap/FindUser/input_FirstName'

2022-07-20 17:09:42 - [MESSAGE][PASSED] - Text 'uillere' is set on object 'Object Repository/AdminSuiteBootstrap_Pages/UM_Bootstrap/FindUser/input_LastName'

2022-07-20 17:09:43 - [MESSAGE][PASSED] - All options with label 'Contains' are selected in object 'Object Repository/AdminSuiteBootstrap_Pages/UM_Bootstrap/FindUser/select_SearchType' 

2022-07-20 17:09:46 - [MESSAGE][PASSED] - Object: 'Object Repository/AdminSuiteBootstrap_Pages/UM_Bootstrap/FindUser/button_Search' is clicked on

2022-07-20 17:09:46 - [MESSAGE][PASSED] - adminSuiteBootstrap.findUser.findUser_DD is PASSED

2022-07-20 17:09:46 - [TEST_STEP][PASSED] - if (verifyElementPresent(findTestObject(path_UserView + "button_Modify"), 30)): null

2022-07-20 17:09:46 - [MESSAGE][PASSED] - Object 'Object Repository/AdminSuiteBootstrap_Pages/UM_Bootstrap/UserView/button_Modify' is present

2022-07-20 17:09:46 - [TEST_STEP][PASSED] - verifyTextPresent("Email Address", true): Text 'Email Address' is present on page  using regular expression

2022-07-20 17:09:47 - [MESSAGE][PASSED] - Text 'Email Address' is present on page  using regular expression

2022-07-20 17:09:47 - [TEST_STEP][PASSED] - verifyTextPresent("iahmed@govolution.com", true): Text 'iahmed@govolution.com' is present on page  using regular expression

2022-07-20 17:09:47 - [MESSAGE][PASSED] - Text 'iahmed@govolution.com' is present on page  using regular expression

2022-07-20 17:09:47 - [TEST_STEP][PASSED] - verifyTextPresent("Username", true): Text 'Username' is present on page  using regular expression

2022-07-20 17:09:47 - [MESSAGE][PASSED] - Text 'Username' is present on page  using regular expression

2022-07-20 17:09:47 - [TEST_STEP][PASSED] - verifyTextPresent("chragui", true): Text 'chragui' is present on page  using regular expression

2022-07-20 17:09:48 - [MESSAGE][PASSED] - Text 'chragui' is present on page  using regular expression

2022-07-20 17:09:48 - [TEST_STEP][PASSED] - verifyTextPresent("Account Status", true): Text 'Account Status' is present on page  using regular expression

2022-07-20 17:09:48 - [MESSAGE][PASSED] - Text 'Account Status' is present on page  using regular expression

2022-07-20 17:09:48 - [TEST_STEP][PASSED] - verifyTextPresent("Active", true): Text 'Active' is present on page  using regular expression

2022-07-20 17:09:48 - [MESSAGE][PASSED] - Text 'Active' is present on page  using regular expression

2022-07-20 17:09:48 - [TEST_STEP][PASSED] - verifyTextPresent("Christinado Aguillerezo", true): Text 'Christinado Aguillerezo' is present on page  using regular expression

2022-07-20 17:09:49 - [MESSAGE][PASSED] - Text 'Christinado Aguillerezo' is present on page  using regular expression

2022-07-20 17:09:49 - [TEST_STEP][PASSED] - pages.CustomLogger.log_Logger("User was found", "Pass"): pages.CustomLogger.log_Logger is PASSED

2022-07-20 17:09:49 - [MESSAGE][PASSED] - User was found

2022-07-20 17:09:49 - [MESSAGE][PASSED] - pages.CustomLogger.log_Logger is PASSED

2022-07-20 17:09:49 - [TEST_STEP][PASSED] - closeBrowser(): Browser is closed

2022-07-20 17:09:49 - [MESSAGE][PASSED] - Browser is closed]]></system-out>
         <system-err><![CDATA[]]></system-err>
      </testcase>
      <testcase name="Test Cases/Admin Suite Bootstrap/UM_TestCases/Users/PasswordCaseSen" time="9.008" classname="Test Cases/Admin Suite Bootstrap/UM_TestCases/Users/PasswordCaseSen" status="PASSED">
         <system-out><![CDATA[2022-07-20 17:09:49 - [TEST_CASE][PASSED] - Test Cases/Admin Suite Bootstrap/UM_TestCases/Users/PasswordCaseSen: Test Cases/Admin Suite Bootstrap/UM_TestCases/Users/PasswordCaseSen

2022-07-20 17:09:50 - [TEST_STEP][PASSED] - path_Dashboard = "Object Repository/AdminSuiteBootstrap_Pages/Dashboard_Bootstrap/": null

2022-07-20 17:09:50 - [TEST_STEP][PASSED] - executionProfile = getExecutionProfile(): null

2022-07-20 17:09:50 - [TEST_STEP][PASSED] - out.println("executionProfile : " + executionProfile): null

2022-07-20 17:09:50 - [TEST_STEP][PASSED] - appName = <not implemented yet for class: org.codehaus.groovy.ast.expr.EmptyExpression>: null

2022-07-20 17:09:50 - [TEST_STEP][PASSED] - appID = <not implemented yet for class: org.codehaus.groovy.ast.expr.EmptyExpression>: null

2022-07-20 17:09:50 - [TEST_STEP][PASSED] - username_from = <not implemented yet for class: org.codehaus.groovy.ast.expr.EmptyExpression>: null

2022-07-20 17:09:50 - [TEST_STEP][PASSED] - password_from = <not implemented yet for class: org.codehaus.groovy.ast.expr.EmptyExpression>: null

2022-07-20 17:09:50 - [TEST_STEP][PASSED] - nameSheet = "PassCase": null

2022-07-20 17:09:50 - [TEST_STEP][PASSED] - dataFile = "QA/Bootstrap/UM-TestData/PassCase": null

2022-07-20 17:09:50 - [TEST_STEP][PASSED] - numOfRows = findTestData("QA/Bootstrap/UM-TestData/PassCase").getRowNumbers(): null

2022-07-20 17:09:50 - [TEST_STEP][PASSED] - println("Number of Records: " + numOfRows): null

2022-07-20 17:09:50 - [TEST_STEP][PASSED] - for ([row = 1, row <= numOfRows, (row++)]): null

2022-07-20 17:09:50 - [TEST_STEP][PASSED] - ExecuteTC = findTestData(dataFile).getValue("Execute", row): null

2022-07-20 17:09:50 - [TEST_STEP][PASSED] - out.println("Value of Execute is : " + ExecuteTC): null

2022-07-20 17:09:50 - [TEST_STEP][PASSED] - if (ExecuteTC.equalsIgnoreCase("Y")): null

2022-07-20 17:09:50 - [TEST_STEP][PASSED] - out.println("Begin Record Number: " + row): null

2022-07-20 17:09:50 - [TEST_STEP][PASSED] - username_from = findTestData(dataFile).getValue("Username", row): null

2022-07-20 17:09:50 - [TEST_STEP][PASSED] - password_from = findTestData(dataFile).getValue("Password", row): null

2022-07-20 17:09:50 - [TEST_STEP][PASSED] - adminSuiteBootstrap.loginFunctionality.login_AdminSuite_DD(username_from, password_from): adminSuiteBootstrap.loginFunctionality.login_AdminSuite_DD is PASSED

2022-07-20 17:09:50 - [MESSAGE][INFO] - Starting 'Chrome' driver

2022-07-20 17:09:50 - [MESSAGE][INFO] - User set preference: ['acceptInsecureCerts', 'true']

2022-07-20 17:09:50 - [MESSAGE][INFO] - Action delay is set to 0 milliseconds

2022-07-20 17:09:55 - [MESSAGE][PASSED] - Browser is opened with url: 'https://demo.velocitypayment.com/admin/imtiazdemo'

2022-07-20 17:09:56 - [MESSAGE][PASSED] - Current window maximized

2022-07-20 17:09:56 - [MESSAGE][PASSED] - Object 'Object Repository/Login_Page/Login_Username' is present

2022-07-20 17:09:57 - [MESSAGE][PASSED] - Text 'CASEuser' is set on object 'Object Repository/Login_Page/Login_Username'

2022-07-20 17:09:57 - [MESSAGE][PASSED] - Text 'HELLO2222' is set on object 'Object Repository/Login_Page/Login_Password'

2022-07-20 17:09:58 - [MESSAGE][PASSED] - Object: 'Object Repository/Login_Page/Login_Submit' is clicked on

2022-07-20 17:09:58 - [MESSAGE][PASSED] - adminSuiteBootstrap.loginFunctionality.login_AdminSuite_DD is PASSED

2022-07-20 17:09:58 - [TEST_STEP][PASSED] - if (verifyTextPresent("The information you have entered does not match our records. Please try again", true)): null

2022-07-20 17:09:58 - [MESSAGE][PASSED] - Text 'The information you have entered does not match our records. Please try again' is present on page  using regular expression

2022-07-20 17:09:58 - [TEST_STEP][PASSED] - pages.CustomLogger.log_Logger("User was not able to login, Password is case sensitive", "Pass"): pages.CustomLogger.log_Logger is PASSED

2022-07-20 17:09:58 - [MESSAGE][PASSED] - User was not able to login, Password is case sensitive

2022-07-20 17:09:58 - [MESSAGE][PASSED] - pages.CustomLogger.log_Logger is PASSED]]></system-out>
         <system-err><![CDATA[]]></system-err>
      </testcase>
      <testcase name="Test Cases/Admin Suite Bootstrap/UM_TestCases/Users/UsernameNotCaseSen" time="25.325" classname="Test Cases/Admin Suite Bootstrap/UM_TestCases/Users/UsernameNotCaseSen" status="PASSED">
         <system-out><![CDATA[2022-07-20 17:09:58 - [TEST_CASE][PASSED] - Test Cases/Admin Suite Bootstrap/UM_TestCases/Users/UsernameNotCaseSen: Test Cases/Admin Suite Bootstrap/UM_TestCases/Users/UsernameNotCaseSen

2022-07-20 17:09:59 - [TEST_STEP][PASSED] - path_Dashboard = "Object Repository/AdminSuiteBootstrap_Pages/Dashboard_Bootstrap/": null

2022-07-20 17:09:59 - [TEST_STEP][PASSED] - executionProfile = getExecutionProfile(): null

2022-07-20 17:09:59 - [TEST_STEP][PASSED] - out.println("executionProfile : " + executionProfile): null

2022-07-20 17:09:59 - [TEST_STEP][PASSED] - appName = <not implemented yet for class: org.codehaus.groovy.ast.expr.EmptyExpression>: null

2022-07-20 17:09:59 - [TEST_STEP][PASSED] - appID = <not implemented yet for class: org.codehaus.groovy.ast.expr.EmptyExpression>: null

2022-07-20 17:09:59 - [TEST_STEP][PASSED] - username_from = <not implemented yet for class: org.codehaus.groovy.ast.expr.EmptyExpression>: null

2022-07-20 17:09:59 - [TEST_STEP][PASSED] - password_from = <not implemented yet for class: org.codehaus.groovy.ast.expr.EmptyExpression>: null

2022-07-20 17:09:59 - [TEST_STEP][PASSED] - nameSheet = "UsernameCase": null

2022-07-20 17:09:59 - [TEST_STEP][PASSED] - dataFile = "QA/Bootstrap/UM-TestData/UsernameCase": null

2022-07-20 17:09:59 - [TEST_STEP][PASSED] - numOfRows = findTestData("QA/Bootstrap/UM-TestData/UsernameCase").getRowNumbers(): null

2022-07-20 17:09:59 - [TEST_STEP][PASSED] - println("Number of Records: " + numOfRows): null

2022-07-20 17:09:59 - [TEST_STEP][PASSED] - for ([row = 1, row <= numOfRows, (row++)]): Browser is closed

2022-07-20 17:09:59 - [TEST_STEP][PASSED] - ExecuteTC = findTestData(dataFile).getValue("Execute", row): null

2022-07-20 17:09:59 - [TEST_STEP][PASSED] - out.println("Value of Execute is : " + ExecuteTC): null

2022-07-20 17:09:59 - [TEST_STEP][PASSED] - if (ExecuteTC.equalsIgnoreCase("Y")): Browser is closed

2022-07-20 17:09:59 - [TEST_STEP][PASSED] - out.println("Begin Record Number: " + row): null

2022-07-20 17:09:59 - [TEST_STEP][PASSED] - username_from = findTestData(dataFile).getValue("Username", row): null

2022-07-20 17:09:59 - [TEST_STEP][PASSED] - password_from = findTestData(dataFile).getValue("Password", row): null

2022-07-20 17:09:59 - [TEST_STEP][PASSED] - adminSuiteBootstrap.loginFunctionality.login_AdminSuite_DD(username_from, password_from): adminSuiteBootstrap.loginFunctionality.login_AdminSuite_DD is PASSED

2022-07-20 17:09:59 - [MESSAGE][WARNING] - A browser is already opened. Closing browser and opening a new one

2022-07-20 17:10:00 - [MESSAGE][INFO] - Starting 'Chrome' driver

2022-07-20 17:10:00 - [MESSAGE][INFO] - User set preference: ['acceptInsecureCerts', 'true']

2022-07-20 17:10:00 - [MESSAGE][INFO] - Action delay is set to 0 milliseconds

2022-07-20 17:10:03 - [MESSAGE][PASSED] - Browser is opened with url: 'https://demo.velocitypayment.com/admin/imtiazdemo'

2022-07-20 17:10:03 - [MESSAGE][PASSED] - Current window maximized

2022-07-20 17:10:03 - [MESSAGE][PASSED] - Object 'Object Repository/Login_Page/Login_Username' is present

2022-07-20 17:10:04 - [MESSAGE][PASSED] - Text 'CASEuser' is set on object 'Object Repository/Login_Page/Login_Username'

2022-07-20 17:10:05 - [MESSAGE][PASSED] - Text 'hello2222' is set on object 'Object Repository/Login_Page/Login_Password'

2022-07-20 17:10:06 - [MESSAGE][PASSED] - Object: 'Object Repository/Login_Page/Login_Submit' is clicked on

2022-07-20 17:10:06 - [MESSAGE][PASSED] - adminSuiteBootstrap.loginFunctionality.login_AdminSuite_DD is PASSED

2022-07-20 17:10:06 - [TEST_STEP][PASSED] - if (verifyElementPresent(findTestObject(path_Dashboard + "a_Access User Management"), 30)): null

2022-07-20 17:10:07 - [MESSAGE][PASSED] - Object 'Object Repository/AdminSuiteBootstrap_Pages/Dashboard_Bootstrap/a_Access User Management' is present

2022-07-20 17:10:07 - [TEST_STEP][PASSED] - pages.CustomLogger.log_Logger("User was able to login, Username is not case sensitive", "Pass"): pages.CustomLogger.log_Logger is PASSED

2022-07-20 17:10:07 - [MESSAGE][PASSED] - User was able to login, Username is not case sensitive

2022-07-20 17:10:07 - [MESSAGE][PASSED] - pages.CustomLogger.log_Logger is PASSED

2022-07-20 17:10:07 - [TEST_STEP][PASSED] - closeBrowser(): Browser is closed

2022-07-20 17:10:08 - [MESSAGE][PASSED] - Browser is closed

2022-07-20 17:10:08 - [TEST_STEP][PASSED] - ExecuteTC = findTestData(dataFile).getValue("Execute", row): null

2022-07-20 17:10:08 - [TEST_STEP][PASSED] - out.println("Value of Execute is : " + ExecuteTC): null

2022-07-20 17:10:08 - [TEST_STEP][PASSED] - if (ExecuteTC.equalsIgnoreCase("Y")): Browser is closed

2022-07-20 17:10:08 - [TEST_STEP][PASSED] - out.println("Begin Record Number: " + row): null

2022-07-20 17:10:08 - [TEST_STEP][PASSED] - username_from = findTestData(dataFile).getValue("Username", row): null

2022-07-20 17:10:08 - [TEST_STEP][PASSED] - password_from = findTestData(dataFile).getValue("Password", row): null

2022-07-20 17:10:08 - [TEST_STEP][PASSED] - adminSuiteBootstrap.loginFunctionality.login_AdminSuite_DD(username_from, password_from): adminSuiteBootstrap.loginFunctionality.login_AdminSuite_DD is PASSED

2022-07-20 17:10:08 - [MESSAGE][INFO] - Starting 'Chrome' driver

2022-07-20 17:10:08 - [MESSAGE][INFO] - User set preference: ['acceptInsecureCerts', 'true']

2022-07-20 17:10:08 - [MESSAGE][INFO] - Action delay is set to 0 milliseconds

2022-07-20 17:10:10 - [MESSAGE][PASSED] - Browser is opened with url: 'https://demo.velocitypayment.com/admin/imtiazdemo'

2022-07-20 17:10:10 - [MESSAGE][PASSED] - Current window maximized

2022-07-20 17:10:11 - [MESSAGE][PASSED] - Object 'Object Repository/Login_Page/Login_Username' is present

2022-07-20 17:10:11 - [MESSAGE][PASSED] - Text 'caseuser' is set on object 'Object Repository/Login_Page/Login_Username'

2022-07-20 17:10:12 - [MESSAGE][PASSED] - Text 'hello2222' is set on object 'Object Repository/Login_Page/Login_Password'

2022-07-20 17:10:14 - [MESSAGE][PASSED] - Object: 'Object Repository/Login_Page/Login_Submit' is clicked on

2022-07-20 17:10:14 - [MESSAGE][PASSED] - adminSuiteBootstrap.loginFunctionality.login_AdminSuite_DD is PASSED

2022-07-20 17:10:14 - [TEST_STEP][PASSED] - if (verifyElementPresent(findTestObject(path_Dashboard + "a_Access User Management"), 30)): null

2022-07-20 17:10:14 - [MESSAGE][PASSED] - Object 'Object Repository/AdminSuiteBootstrap_Pages/Dashboard_Bootstrap/a_Access User Management' is present

2022-07-20 17:10:14 - [TEST_STEP][PASSED] - pages.CustomLogger.log_Logger("User was able to login, Username is not case sensitive", "Pass"): pages.CustomLogger.log_Logger is PASSED

2022-07-20 17:10:14 - [MESSAGE][PASSED] - User was able to login, Username is not case sensitive

2022-07-20 17:10:14 - [MESSAGE][PASSED] - pages.CustomLogger.log_Logger is PASSED

2022-07-20 17:10:14 - [TEST_STEP][PASSED] - closeBrowser(): Browser is closed

2022-07-20 17:10:15 - [MESSAGE][PASSED] - Browser is closed

2022-07-20 17:10:15 - [TEST_STEP][PASSED] - ExecuteTC = findTestData(dataFile).getValue("Execute", row): null

2022-07-20 17:10:15 - [TEST_STEP][PASSED] - out.println("Value of Execute is : " + ExecuteTC): null

2022-07-20 17:10:15 - [TEST_STEP][PASSED] - if (ExecuteTC.equalsIgnoreCase("Y")): Browser is closed

2022-07-20 17:10:15 - [TEST_STEP][PASSED] - out.println("Begin Record Number: " + row): null

2022-07-20 17:10:15 - [TEST_STEP][PASSED] - username_from = findTestData(dataFile).getValue("Username", row): null

2022-07-20 17:10:15 - [TEST_STEP][PASSED] - password_from = findTestData(dataFile).getValue("Password", row): null

2022-07-20 17:10:15 - [TEST_STEP][PASSED] - adminSuiteBootstrap.loginFunctionality.login_AdminSuite_DD(username_from, password_from): adminSuiteBootstrap.loginFunctionality.login_AdminSuite_DD is PASSED

2022-07-20 17:10:15 - [MESSAGE][INFO] - Starting 'Chrome' driver

2022-07-20 17:10:15 - [MESSAGE][INFO] - User set preference: ['acceptInsecureCerts', 'true']

2022-07-20 17:10:15 - [MESSAGE][INFO] - Action delay is set to 0 milliseconds

2022-07-20 17:10:19 - [MESSAGE][PASSED] - Browser is opened with url: 'https://demo.velocitypayment.com/admin/imtiazdemo'

2022-07-20 17:10:19 - [MESSAGE][PASSED] - Current window maximized

2022-07-20 17:10:20 - [MESSAGE][PASSED] - Object 'Object Repository/Login_Page/Login_Username' is present

2022-07-20 17:10:20 - [MESSAGE][PASSED] - Text 'CASEUSER' is set on object 'Object Repository/Login_Page/Login_Username'

2022-07-20 17:10:21 - [MESSAGE][PASSED] - Text 'hello2222' is set on object 'Object Repository/Login_Page/Login_Password'

2022-07-20 17:10:22 - [MESSAGE][PASSED] - Object: 'Object Repository/Login_Page/Login_Submit' is clicked on

2022-07-20 17:10:22 - [MESSAGE][PASSED] - adminSuiteBootstrap.loginFunctionality.login_AdminSuite_DD is PASSED

2022-07-20 17:10:22 - [TEST_STEP][PASSED] - if (verifyElementPresent(findTestObject(path_Dashboard + "a_Access User Management"), 30)): null

2022-07-20 17:10:23 - [MESSAGE][PASSED] - Object 'Object Repository/AdminSuiteBootstrap_Pages/Dashboard_Bootstrap/a_Access User Management' is present

2022-07-20 17:10:23 - [TEST_STEP][PASSED] - pages.CustomLogger.log_Logger("User was able to login, Username is not case sensitive", "Pass"): pages.CustomLogger.log_Logger is PASSED

2022-07-20 17:10:23 - [MESSAGE][PASSED] - User was able to login, Username is not case sensitive

2022-07-20 17:10:23 - [MESSAGE][PASSED] - pages.CustomLogger.log_Logger is PASSED

2022-07-20 17:10:23 - [TEST_STEP][PASSED] - closeBrowser(): Browser is closed

2022-07-20 17:10:24 - [MESSAGE][PASSED] - Browser is closed]]></system-out>
         <system-err><![CDATA[]]></system-err>
      </testcase>
      <testcase name="Test Cases/Admin Suite Bootstrap/UM_TestCases/Users/VerifyUsersLinks_UI_TC" time="114.539" classname="Test Cases/Admin Suite Bootstrap/UM_TestCases/Users/VerifyUsersLinks_UI_TC" status="FAILED">
         <failure type="FAILED" message="Test Cases/Admin Suite Bootstrap/UM_TestCases/Users/VerifyUsersLinks_UI_TC FAILED.
Reason:
com.kms.katalon.core.exception.StepFailedException: com.kms.katalon.core.webui.exception.WebElementNotFoundException: Web element with id: 'Object Repository/AdminSuiteBootstrap_Pages/UM_Bootstrap/a_charu' located by '//*[@href = '/admin/imtiaz/bootstrap/vadministrator/users/view.do?uid=667' and (text() = '[charu]' or . = '[charu]')]' not found (Root cause: com.kms.katalon.core.exception.StepFailedException: com.kms.katalon.core.webui.exception.WebElementNotFoundException: Web element with id: 'Object Repository/AdminSuiteBootstrap_Pages/UM_Bootstrap/a_charu' located by '//*[@href = '/admin/imtiaz/bootstrap/vadministrator/users/view.do?uid=667' and (text() = '[charu]' or . = '[charu]')]' not found
	at com.kms.katalon.core.webui.keyword.internal.WebUIKeywordMain.stepFailed(WebUIKeywordMain.groovy:64)
	at com.kms.katalon.core.webui.keyword.builtin.VerifyElementPresentKeyword$_verifyElementPresent_closure1.doCall(VerifyElementPresentKeyword.groovy:85)
	at com.kms.katalon.core.webui.keyword.builtin.VerifyElementPresentKeyword$_verifyElementPresent_closure1.call(VerifyElementPresentKeyword.groovy)
	at com.kms.katalon.core.webui.keyword.internal.WebUIKeywordMain.runKeyword(WebUIKeywordMain.groovy:20)
	at com.kms.katalon.core.webui.keyword.builtin.VerifyElementPresentKeyword.verifyElementPresent(VerifyElementPresentKeyword.groovy:92)
	at com.kms.katalon.core.webui.keyword.builtin.VerifyElementPresentKeyword.execute(VerifyElementPresentKeyword.groovy:68)
	at com.kms.katalon.core.keyword.internal.KeywordExecutor.executeKeywordForPlatform(KeywordExecutor.groovy:74)
	at com.kms.katalon.core.webui.keyword.WebUiBuiltInKeywords.verifyElementPresent(WebUiBuiltInKeywords.groovy:1464)
	at com.kms.katalon.core.webui.keyword.WebUiBuiltInKeywords$verifyElementPresent$1.call(Unknown Source)
	at VerifyUsersLinks_UI_TC.run(VerifyUsersLinks_UI_TC:46)
	at com.kms.katalon.core.main.ScriptEngine.run(ScriptEngine.java:194)
	at com.kms.katalon.core.main.ScriptEngine.runScriptAsRawText(ScriptEngine.java:119)
	at com.kms.katalon.core.main.TestCaseExecutor.runScript(TestCaseExecutor.java:442)
	at com.kms.katalon.core.main.TestCaseExecutor.doExecute(TestCaseExecutor.java:433)
	at com.kms.katalon.core.main.TestCaseExecutor.processExecutionPhase(TestCaseExecutor.java:412)
	at com.kms.katalon.core.main.TestCaseExecutor.accessMainPhase(TestCaseExecutor.java:404)
	at com.kms.katalon.core.main.TestCaseExecutor.execute(TestCaseExecutor.java:281)
	at com.kms.katalon.core.main.TestSuiteExecutor.accessTestCaseMainPhase(TestSuiteExecutor.java:202)
	at com.kms.katalon.core.main.TestSuiteExecutor.accessTestSuiteMainPhase(TestSuiteExecutor.java:164)
	at com.kms.katalon.core.main.TestSuiteExecutor.execute(TestSuiteExecutor.java:105)
	at com.kms.katalon.core.main.TestCaseMain.startTestSuite(TestCaseMain.java:185)
	at com.kms.katalon.core.main.TestCaseMain$startTestSuite$0.call(Unknown Source)
	at TempTestSuite1658350841568.run(TempTestSuite1658350841568.groovy:36)
)
	at com.kms.katalon.core.keyword.internal.KeywordMain.stepFailed(KeywordMain.groovy:39)
	at com.kms.katalon.core.webui.keyword.internal.WebUIKeywordMain.stepFailed(WebUIKeywordMain.groovy:64)
	at com.kms.katalon.core.webui.keyword.builtin.VerifyElementPresentKeyword$_verifyElementPresent_closure1.doCall(VerifyElementPresentKeyword.groovy:85)
	at com.kms.katalon.core.webui.keyword.builtin.VerifyElementPresentKeyword$_verifyElementPresent_closure1.call(VerifyElementPresentKeyword.groovy)
	at com.kms.katalon.core.webui.keyword.internal.WebUIKeywordMain.runKeyword(WebUIKeywordMain.groovy:20)
	at com.kms.katalon.core.webui.keyword.builtin.VerifyElementPresentKeyword.verifyElementPresent(VerifyElementPresentKeyword.groovy:92)
	at com.kms.katalon.core.webui.keyword.builtin.VerifyElementPresentKeyword.execute(VerifyElementPresentKeyword.groovy:68)
	at com.kms.katalon.core.keyword.internal.KeywordExecutor.executeKeywordForPlatform(KeywordExecutor.groovy:74)
	at com.kms.katalon.core.webui.keyword.WebUiBuiltInKeywords.verifyElementPresent(WebUiBuiltInKeywords.groovy:1464)
	at com.kms.katalon.core.webui.keyword.WebUiBuiltInKeywords$verifyElementPresent$1.call(Unknown Source)
	at VerifyUsersLinks_UI_TC.run(VerifyUsersLinks_UI_TC:46)
	at com.kms.katalon.core.main.ScriptEngine.run(ScriptEngine.java:194)
	at com.kms.katalon.core.main.ScriptEngine.runScriptAsRawText(ScriptEngine.java:119)
	at com.kms.katalon.core.main.TestCaseExecutor.runScript(TestCaseExecutor.java:442)
	at com.kms.katalon.core.main.TestCaseExecutor.doExecute(TestCaseExecutor.java:433)
	at com.kms.katalon.core.main.TestCaseExecutor.processExecutionPhase(TestCaseExecutor.java:412)
	at com.kms.katalon.core.main.TestCaseExecutor.accessMainPhase(TestCaseExecutor.java:404)
	at com.kms.katalon.core.main.TestCaseExecutor.execute(TestCaseExecutor.java:281)
	at com.kms.katalon.core.main.TestSuiteExecutor.accessTestCaseMainPhase(TestSuiteExecutor.java:202)
	at com.kms.katalon.core.main.TestSuiteExecutor.accessTestSuiteMainPhase(TestSuiteExecutor.java:164)
	at com.kms.katalon.core.main.TestSuiteExecutor.execute(TestSuiteExecutor.java:105)
	at com.kms.katalon.core.main.TestCaseMain.startTestSuite(TestCaseMain.java:185)
	at com.kms.katalon.core.main.TestCaseMain$startTestSuite$0.call(Unknown Source)
	at TempTestSuite1658350841568.run(TempTestSuite1658350841568.groovy:36)
Caused by: com.kms.katalon.core.exception.StepFailedException: com.kms.katalon.core.webui.exception.WebElementNotFoundException: Web element with id: 'Object Repository/AdminSuiteBootstrap_Pages/UM_Bootstrap/a_charu' located by '//*[@href = '/admin/imtiaz/bootstrap/vadministrator/users/view.do?uid=667' and (text() = '[charu]' or . = '[charu]')]' not found
	... 23 more
"/>
         <system-out><![CDATA[2022-07-20 17:10:24 - [TEST_CASE][FAILED] - Test Cases/Admin Suite Bootstrap/UM_TestCases/Users/VerifyUsersLinks_UI_TC: Test Cases/Admin Suite Bootstrap/UM_TestCases/Users/VerifyUsersLinks_UI_TC FAILED.
Reason:
com.kms.katalon.core.exception.StepFailedException: com.kms.katalon.core.webui.exception.WebElementNotFoundException: Web element with id: 'Object Repository/AdminSuiteBootstrap_Pages/UM_Bootstrap/a_charu' located by '//*[@href = '/admin/imtiaz/bootstrap/vadministrator/users/view.do?uid=667' and (text() = '[charu]' or . = '[charu]')]' not found (Root cause: com.kms.katalon.core.exception.StepFailedException: com.kms.katalon.core.webui.exception.WebElementNotFoundException: Web element with id: 'Object Repository/AdminSuiteBootstrap_Pages/UM_Bootstrap/a_charu' located by '//*[@href = '/admin/imtiaz/bootstrap/vadministrator/users/view.do?uid=667' and (text() = '[charu]' or . = '[charu]')]' not found
	at com.kms.katalon.core.webui.keyword.internal.WebUIKeywordMain.stepFailed(WebUIKeywordMain.groovy:64)
	at com.kms.katalon.core.webui.keyword.builtin.VerifyElementPresentKeyword$_verifyElementPresent_closure1.doCall(VerifyElementPresentKeyword.groovy:85)
	at com.kms.katalon.core.webui.keyword.builtin.VerifyElementPresentKeyword$_verifyElementPresent_closure1.call(VerifyElementPresentKeyword.groovy)
	at com.kms.katalon.core.webui.keyword.internal.WebUIKeywordMain.runKeyword(WebUIKeywordMain.groovy:20)
	at com.kms.katalon.core.webui.keyword.builtin.VerifyElementPresentKeyword.verifyElementPresent(VerifyElementPresentKeyword.groovy:92)
	at com.kms.katalon.core.webui.keyword.builtin.VerifyElementPresentKeyword.execute(VerifyElementPresentKeyword.groovy:68)
	at com.kms.katalon.core.keyword.internal.KeywordExecutor.executeKeywordForPlatform(KeywordExecutor.groovy:74)
	at com.kms.katalon.core.webui.keyword.WebUiBuiltInKeywords.verifyElementPresent(WebUiBuiltInKeywords.groovy:1464)
	at com.kms.katalon.core.webui.keyword.WebUiBuiltInKeywords$verifyElementPresent$1.call(Unknown Source)
	at VerifyUsersLinks_UI_TC.run(VerifyUsersLinks_UI_TC:46)
	at com.kms.katalon.core.main.ScriptEngine.run(ScriptEngine.java:194)
	at com.kms.katalon.core.main.ScriptEngine.runScriptAsRawText(ScriptEngine.java:119)
	at com.kms.katalon.core.main.TestCaseExecutor.runScript(TestCaseExecutor.java:442)
	at com.kms.katalon.core.main.TestCaseExecutor.doExecute(TestCaseExecutor.java:433)
	at com.kms.katalon.core.main.TestCaseExecutor.processExecutionPhase(TestCaseExecutor.java:412)
	at com.kms.katalon.core.main.TestCaseExecutor.accessMainPhase(TestCaseExecutor.java:404)
	at com.kms.katalon.core.main.TestCaseExecutor.execute(TestCaseExecutor.java:281)
	at com.kms.katalon.core.main.TestSuiteExecutor.accessTestCaseMainPhase(TestSuiteExecutor.java:202)
	at com.kms.katalon.core.main.TestSuiteExecutor.accessTestSuiteMainPhase(TestSuiteExecutor.java:164)
	at com.kms.katalon.core.main.TestSuiteExecutor.execute(TestSuiteExecutor.java:105)
	at com.kms.katalon.core.main.TestCaseMain.startTestSuite(TestCaseMain.java:185)
	at com.kms.katalon.core.main.TestCaseMain$startTestSuite$0.call(Unknown Source)
	at TempTestSuite1658350841568.run(TempTestSuite1658350841568.groovy:36)
)
	at com.kms.katalon.core.keyword.internal.KeywordMain.stepFailed(KeywordMain.groovy:39)
	at com.kms.katalon.core.webui.keyword.internal.WebUIKeywordMain.stepFailed(WebUIKeywordMain.groovy:64)
	at com.kms.katalon.core.webui.keyword.builtin.VerifyElementPresentKeyword$_verifyElementPresent_closure1.doCall(VerifyElementPresentKeyword.groovy:85)
	at com.kms.katalon.core.webui.keyword.builtin.VerifyElementPresentKeyword$_verifyElementPresent_closure1.call(VerifyElementPresentKeyword.groovy)
	at com.kms.katalon.core.webui.keyword.internal.WebUIKeywordMain.runKeyword(WebUIKeywordMain.groovy:20)
	at com.kms.katalon.core.webui.keyword.builtin.VerifyElementPresentKeyword.verifyElementPresent(VerifyElementPresentKeyword.groovy:92)
	at com.kms.katalon.core.webui.keyword.builtin.VerifyElementPresentKeyword.execute(VerifyElementPresentKeyword.groovy:68)
	at com.kms.katalon.core.keyword.internal.KeywordExecutor.executeKeywordForPlatform(KeywordExecutor.groovy:74)
	at com.kms.katalon.core.webui.keyword.WebUiBuiltInKeywords.verifyElementPresent(WebUiBuiltInKeywords.groovy:1464)
	at com.kms.katalon.core.webui.keyword.WebUiBuiltInKeywords$verifyElementPresent$1.call(Unknown Source)
	at VerifyUsersLinks_UI_TC.run(VerifyUsersLinks_UI_TC:46)
	at com.kms.katalon.core.main.ScriptEngine.run(ScriptEngine.java:194)
	at com.kms.katalon.core.main.ScriptEngine.runScriptAsRawText(ScriptEngine.java:119)
	at com.kms.katalon.core.main.TestCaseExecutor.runScript(TestCaseExecutor.java:442)
	at com.kms.katalon.core.main.TestCaseExecutor.doExecute(TestCaseExecutor.java:433)
	at com.kms.katalon.core.main.TestCaseExecutor.processExecutionPhase(TestCaseExecutor.java:412)
	at com.kms.katalon.core.main.TestCaseExecutor.accessMainPhase(TestCaseExecutor.java:404)
	at com.kms.katalon.core.main.TestCaseExecutor.execute(TestCaseExecutor.java:281)
	at com.kms.katalon.core.main.TestSuiteExecutor.accessTestCaseMainPhase(TestSuiteExecutor.java:202)
	at com.kms.katalon.core.main.TestSuiteExecutor.accessTestSuiteMainPhase(TestSuiteExecutor.java:164)
	at com.kms.katalon.core.main.TestSuiteExecutor.execute(TestSuiteExecutor.java:105)
	at com.kms.katalon.core.main.TestCaseMain.startTestSuite(TestCaseMain.java:185)
	at com.kms.katalon.core.main.TestCaseMain$startTestSuite$0.call(Unknown Source)
	at TempTestSuite1658350841568.run(TempTestSuite1658350841568.groovy:36)
Caused by: com.kms.katalon.core.exception.StepFailedException: com.kms.katalon.core.webui.exception.WebElementNotFoundException: Web element with id: 'Object Repository/AdminSuiteBootstrap_Pages/UM_Bootstrap/a_charu' located by '//*[@href = '/admin/imtiaz/bootstrap/vadministrator/users/view.do?uid=667' and (text() = '[charu]' or . = '[charu]')]' not found
	... 23 more


2022-07-20 17:10:24 - [TEST_STEP][PASSED] - path_Dashboard = "Object Repository/AdminSuiteBootstrap_Pages/Dashboard_Bootstrap/": null

2022-07-20 17:10:24 - [TEST_STEP][PASSED] - path_VT = "Object Repository/AdminSuiteBootstrap_Pages/VT_Bootstrap/": null

2022-07-20 17:10:24 - [TEST_STEP][PASSED] - path_UM = "Object Repository/AdminSuiteBootstrap_Pages/UM_Bootstrap/": null

2022-07-20 17:10:24 - [TEST_STEP][PASSED] - adminSuiteBootstrap.loginFunctionality.login_AdminSuite(): adminSuiteBootstrap.loginFunctionality.login_AdminSuite is PASSED

2022-07-20 17:10:24 - [MESSAGE][INFO] - Starting 'Chrome' driver

2022-07-20 17:10:24 - [MESSAGE][INFO] - User set preference: ['acceptInsecureCerts', 'true']

2022-07-20 17:10:24 - [MESSAGE][INFO] - Action delay is set to 0 milliseconds

2022-07-20 17:10:26 - [MESSAGE][PASSED] - Browser is opened with url: 'https://demo.velocitypayment.com/admin/imtiazdemo'

2022-07-20 17:10:26 - [MESSAGE][PASSED] - Current window maximized

2022-07-20 17:10:27 - [MESSAGE][PASSED] - Object 'Object Repository/Login_Page/Login_Username' is present

2022-07-20 17:10:28 - [MESSAGE][PASSED] - Text 'iahmed' is set on object 'Object Repository/Login_Page/Login_Username'

2022-07-20 17:10:28 - [MESSAGE][PASSED] - Text 'hello2222' is set on object 'Object Repository/Login_Page/Login_Password'

2022-07-20 17:10:32 - [MESSAGE][PASSED] - Object: 'Object Repository/Login_Page/Login_Submit' is clicked on

2022-07-20 17:10:32 - [MESSAGE][PASSED] - adminSuiteBootstrap.loginFunctionality.login_AdminSuite is PASSED

2022-07-20 17:10:32 - [TEST_STEP][PASSED] - click(findTestObject(path_Dashboard + "span_User Management")): Object: 'Object Repository/AdminSuiteBootstrap_Pages/Dashboard_Bootstrap/span_User Management' is clicked on

2022-07-20 17:10:33 - [MESSAGE][PASSED] - Object: 'Object Repository/AdminSuiteBootstrap_Pages/Dashboard_Bootstrap/span_User Management' is clicked on

2022-07-20 17:10:33 - [TEST_STEP][PASSED] - click(findTestObject(path_Dashboard + "a_Users")): Object: 'Object Repository/AdminSuiteBootstrap_Pages/Dashboard_Bootstrap/a_Users' is clicked on

2022-07-20 17:11:04 - [MESSAGE][INFO] - Unable to find the element located by 'By.xpath: //*[@href = '/admin/imtiaz/bootstrap/vadministrator/users/index.do' and (text() = 'Users' or . = 'Users')]'. Please recheck the objects properties to make sure the desired element is located. 

2022-07-20 17:11:04 - [MESSAGE][WARNING] - [SELF-HEALING] Failed to find element with id 'Object Repository/AdminSuiteBootstrap_Pages/Dashboard_Bootstrap/a_Users'. Try using Self-healing.

2022-07-20 17:11:05 - [MESSAGE][INFO] - [SELF-HEALING] Screenshot: E:/Cloned-Project-Katalon/VPS-Katalon/Reports/Self-healing/Object Repository/AdminSuiteBootstrap_Pages/Dashboard_Bootstrap/a_Users_XPATH.png

2022-07-20 17:11:05 - [MESSAGE][WARNING] - [SELF-HEALING] The current locator of test object 'Object Repository/AdminSuiteBootstrap_Pages/Dashboard_Bootstrap/a_Users' was broken. Propose an alternative one: '//a[contains(text(),'Users')]'.

2022-07-20 17:11:08 - [MESSAGE][PASSED] - Object: 'Object Repository/AdminSuiteBootstrap_Pages/Dashboard_Bootstrap/a_Users' is clicked on

2022-07-20 17:11:08 - [TEST_STEP][PASSED] - verifyTextPresent("Users", true): Text 'Users' is present on page  using regular expression

2022-07-20 17:11:08 - [MESSAGE][PASSED] - Text 'Users' is present on page  using regular expression

2022-07-20 17:11:08 - [TEST_STEP][PASSED] - verifyTextPresent("Total Users", true): Text 'Total Users' is present on page  using regular expression

2022-07-20 17:11:09 - [MESSAGE][PASSED] - Text 'Total Users' is present on page  using regular expression

2022-07-20 17:11:09 - [TEST_STEP][PASSED] - verifyTextPresent("User Name", true): Text 'User Name' is present on page  using regular expression

2022-07-20 17:11:09 - [MESSAGE][PASSED] - Text 'User Name' is present on page  using regular expression

2022-07-20 17:11:09 - [TEST_STEP][PASSED] - verifyTextPresent("User ID", true): Text 'User ID' is present on page  using regular expression

2022-07-20 17:11:09 - [MESSAGE][PASSED] - Text 'User ID' is present on page  using regular expression

2022-07-20 17:11:09 - [TEST_STEP][PASSED] - verifyElementVisible(findTestObject(path_UM + "button_Export")): Object 'Object Repository/AdminSuiteBootstrap_Pages/UM_Bootstrap/button_Export' is visible

2022-07-20 17:11:10 - [MESSAGE][PASSED] - Object 'Object Repository/AdminSuiteBootstrap_Pages/UM_Bootstrap/button_Export' is visible

2022-07-20 17:11:10 - [TEST_STEP][PASSED] - verifyElementPresent(findTestObject(path_UM + "button_Export"), 30): Object 'Object Repository/AdminSuiteBootstrap_Pages/UM_Bootstrap/button_Export' is present

2022-07-20 17:11:10 - [MESSAGE][PASSED] - Object 'Object Repository/AdminSuiteBootstrap_Pages/UM_Bootstrap/button_Export' is present

2022-07-20 17:11:10 - [TEST_STEP][PASSED] - verifyElementVisible(findTestObject(path_UM + "a_Find User")): Object 'Object Repository/AdminSuiteBootstrap_Pages/UM_Bootstrap/a_Find User' is visible

2022-07-20 17:11:10 - [MESSAGE][PASSED] - Object 'Object Repository/AdminSuiteBootstrap_Pages/UM_Bootstrap/a_Find User' is visible

2022-07-20 17:11:10 - [TEST_STEP][PASSED] - verifyElementPresent(findTestObject(path_UM + "a_Find User"), 30): Object 'Object Repository/AdminSuiteBootstrap_Pages/UM_Bootstrap/a_Find User' is present

2022-07-20 17:11:11 - [MESSAGE][PASSED] - Object 'Object Repository/AdminSuiteBootstrap_Pages/UM_Bootstrap/a_Find User' is present

2022-07-20 17:11:11 - [TEST_STEP][PASSED] - verifyElementVisible(findTestObject(path_UM + "a_Add User")): Object 'Object Repository/AdminSuiteBootstrap_Pages/UM_Bootstrap/a_Add User' is visible

2022-07-20 17:11:11 - [MESSAGE][PASSED] - Object 'Object Repository/AdminSuiteBootstrap_Pages/UM_Bootstrap/a_Add User' is visible

2022-07-20 17:11:11 - [TEST_STEP][PASSED] - verifyElementPresent(findTestObject(path_UM + "a_Add User"), 30): Object 'Object Repository/AdminSuiteBootstrap_Pages/UM_Bootstrap/a_Add User' is present

2022-07-20 17:11:11 - [MESSAGE][PASSED] - Object 'Object Repository/AdminSuiteBootstrap_Pages/UM_Bootstrap/a_Add User' is present

2022-07-20 17:11:11 - [TEST_STEP][PASSED] - verifyElementVisible(findTestObject(path_UM + "a_charu")): Object 'Object Repository/AdminSuiteBootstrap_Pages/UM_Bootstrap/a_charu' is visible

2022-07-20 17:11:43 - [MESSAGE][INFO] - Unable to find the element located by 'By.xpath: //*[@href = '/admin/imtiaz/bootstrap/vadministrator/users/view.do?uid=667' and (text() = '[charu]' or . = '[charu]')]'. Please recheck the objects properties to make sure the desired element is located. 

2022-07-20 17:11:43 - [MESSAGE][WARNING] - [SELF-HEALING] Failed to find element with id 'Object Repository/AdminSuiteBootstrap_Pages/UM_Bootstrap/a_charu'. Try using Self-healing.

2022-07-20 17:11:43 - [MESSAGE][INFO] - [SELF-HEALING] Screenshot: E:/Cloned-Project-Katalon/VPS-Katalon/Reports/Self-healing/Object Repository/AdminSuiteBootstrap_Pages/UM_Bootstrap/a_charu_XPATH.png

2022-07-20 17:11:43 - [MESSAGE][WARNING] - [SELF-HEALING] The current locator of test object 'Object Repository/AdminSuiteBootstrap_Pages/UM_Bootstrap/a_charu' was broken. Propose an alternative one: '//tbody[@id='loadUser']/tr[2]/td[2]/a'.

2022-07-20 17:11:43 - [MESSAGE][PASSED] - Object 'Object Repository/AdminSuiteBootstrap_Pages/UM_Bootstrap/a_charu' is visible

2022-07-20 17:11:43 - [TEST_STEP][FAILED] - verifyElementPresent(findTestObject(path_UM + "a_charu"), 30): com.kms.katalon.core.webui.exception.WebElementNotFoundException: Web element with id: 'Object Repository/AdminSuiteBootstrap_Pages/UM_Bootstrap/a_charu' located by '//*[@href = '/admin/imtiaz/bootstrap/vadministrator/users/view.do?uid=667' and (text() = '[charu]' or . = '[charu]')]' not found (Root cause: com.kms.katalon.core.exception.StepFailedException: com.kms.katalon.core.webui.exception.WebElementNotFoundException: Web element with id: 'Object Repository/AdminSuiteBootstrap_Pages/UM_Bootstrap/a_charu' located by '//*[@href = '/admin/imtiaz/bootstrap/vadministrator/users/view.do?uid=667' and (text() = '[charu]' or . = '[charu]')]' not found
	at com.kms.katalon.core.webui.keyword.internal.WebUIKeywordMain.stepFailed(WebUIKeywordMain.groovy:64)
	at com.kms.katalon.core.webui.keyword.builtin.VerifyElementPresentKeyword$_verifyElementPresent_closure1.doCall(VerifyElementPresentKeyword.groovy:85)
	at com.kms.katalon.core.webui.keyword.builtin.VerifyElementPresentKeyword$_verifyElementPresent_closure1.call(VerifyElementPresentKeyword.groovy)
	at com.kms.katalon.core.webui.keyword.internal.WebUIKeywordMain.runKeyword(WebUIKeywordMain.groovy:20)
	at com.kms.katalon.core.webui.keyword.builtin.VerifyElementPresentKeyword.verifyElementPresent(VerifyElementPresentKeyword.groovy:92)
	at com.kms.katalon.core.webui.keyword.builtin.VerifyElementPresentKeyword.execute(VerifyElementPresentKeyword.groovy:68)
	at com.kms.katalon.core.keyword.internal.KeywordExecutor.executeKeywordForPlatform(KeywordExecutor.groovy:74)
	at com.kms.katalon.core.webui.keyword.WebUiBuiltInKeywords.verifyElementPresent(WebUiBuiltInKeywords.groovy:1464)
	at com.kms.katalon.core.webui.keyword.WebUiBuiltInKeywords$verifyElementPresent$1.call(Unknown Source)
	at VerifyUsersLinks_UI_TC.run(VerifyUsersLinks_UI_TC:46)
	at com.kms.katalon.core.main.ScriptEngine.run(ScriptEngine.java:194)
	at com.kms.katalon.core.main.ScriptEngine.runScriptAsRawText(ScriptEngine.java:119)
	at com.kms.katalon.core.main.TestCaseExecutor.runScript(TestCaseExecutor.java:442)
	at com.kms.katalon.core.main.TestCaseExecutor.doExecute(TestCaseExecutor.java:433)
	at com.kms.katalon.core.main.TestCaseExecutor.processExecutionPhase(TestCaseExecutor.java:412)
	at com.kms.katalon.core.main.TestCaseExecutor.accessMainPhase(TestCaseExecutor.java:404)
	at com.kms.katalon.core.main.TestCaseExecutor.execute(TestCaseExecutor.java:281)
	at com.kms.katalon.core.main.TestSuiteExecutor.accessTestCaseMainPhase(TestSuiteExecutor.java:202)
	at com.kms.katalon.core.main.TestSuiteExecutor.accessTestSuiteMainPhase(TestSuiteExecutor.java:164)
	at com.kms.katalon.core.main.TestSuiteExecutor.execute(TestSuiteExecutor.java:105)
	at com.kms.katalon.core.main.TestCaseMain.startTestSuite(TestCaseMain.java:185)
	at com.kms.katalon.core.main.TestCaseMain$startTestSuite$0.call(Unknown Source)
	at TempTestSuite1658350841568.run(TempTestSuite1658350841568.groovy:36)
)

2022-07-20 17:12:14 - [MESSAGE][INFO] - Unable to find the element located by 'By.xpath: //*[@href = '/admin/imtiaz/bootstrap/vadministrator/users/view.do?uid=667' and (text() = '[charu]' or . = '[charu]')]'. Please recheck the objects properties to make sure the desired element is located. 

2022-07-20 17:12:15 - [MESSAGE][FAILED] - com.kms.katalon.core.webui.exception.WebElementNotFoundException: Web element with id: 'Object Repository/AdminSuiteBootstrap_Pages/UM_Bootstrap/a_charu' located by '//*[@href = '/admin/imtiaz/bootstrap/vadministrator/users/view.do?uid=667' and (text() = '[charu]' or . = '[charu]')]' not found (Root cause: com.kms.katalon.core.exception.StepFailedException: com.kms.katalon.core.webui.exception.WebElementNotFoundException: Web element with id: 'Object Repository/AdminSuiteBootstrap_Pages/UM_Bootstrap/a_charu' located by '//*[@href = '/admin/imtiaz/bootstrap/vadministrator/users/view.do?uid=667' and (text() = '[charu]' or . = '[charu]')]' not found
	at com.kms.katalon.core.webui.keyword.internal.WebUIKeywordMain.stepFailed(WebUIKeywordMain.groovy:64)
	at com.kms.katalon.core.webui.keyword.builtin.VerifyElementPresentKeyword$_verifyElementPresent_closure1.doCall(VerifyElementPresentKeyword.groovy:85)
	at com.kms.katalon.core.webui.keyword.builtin.VerifyElementPresentKeyword$_verifyElementPresent_closure1.call(VerifyElementPresentKeyword.groovy)
	at com.kms.katalon.core.webui.keyword.internal.WebUIKeywordMain.runKeyword(WebUIKeywordMain.groovy:20)
	at com.kms.katalon.core.webui.keyword.builtin.VerifyElementPresentKeyword.verifyElementPresent(VerifyElementPresentKeyword.groovy:92)
	at com.kms.katalon.core.webui.keyword.builtin.VerifyElementPresentKeyword.execute(VerifyElementPresentKeyword.groovy:68)
	at com.kms.katalon.core.keyword.internal.KeywordExecutor.executeKeywordForPlatform(KeywordExecutor.groovy:74)
	at com.kms.katalon.core.webui.keyword.WebUiBuiltInKeywords.verifyElementPresent(WebUiBuiltInKeywords.groovy:1464)
	at com.kms.katalon.core.webui.keyword.WebUiBuiltInKeywords$verifyElementPresent$1.call(Unknown Source)
	at VerifyUsersLinks_UI_TC.run(VerifyUsersLinks_UI_TC:46)
	at com.kms.katalon.core.main.ScriptEngine.run(ScriptEngine.java:194)
	at com.kms.katalon.core.main.ScriptEngine.runScriptAsRawText(ScriptEngine.java:119)
	at com.kms.katalon.core.main.TestCaseExecutor.runScript(TestCaseExecutor.java:442)
	at com.kms.katalon.core.main.TestCaseExecutor.doExecute(TestCaseExecutor.java:433)
	at com.kms.katalon.core.main.TestCaseExecutor.processExecutionPhase(TestCaseExecutor.java:412)
	at com.kms.katalon.core.main.TestCaseExecutor.accessMainPhase(TestCaseExecutor.java:404)
	at com.kms.katalon.core.main.TestCaseExecutor.execute(TestCaseExecutor.java:281)
	at com.kms.katalon.core.main.TestSuiteExecutor.accessTestCaseMainPhase(TestSuiteExecutor.java:202)
	at com.kms.katalon.core.main.TestSuiteExecutor.accessTestSuiteMainPhase(TestSuiteExecutor.java:164)
	at com.kms.katalon.core.main.TestSuiteExecutor.execute(TestSuiteExecutor.java:105)
	at com.kms.katalon.core.main.TestCaseMain.startTestSuite(TestCaseMain.java:185)
	at com.kms.katalon.core.main.TestCaseMain$startTestSuite$0.call(Unknown Source)
	at TempTestSuite1658350841568.run(TempTestSuite1658350841568.groovy:36)
)
[[ATTACHMENT|E:\\Cloned-Project-Katalon\\VPS-Katalon\\Reports\\20220720_170041\\Demo\\UM-Bootstrap\\UM-TestSuite\\20220720_170041\\1658351534885.png]]

2022-07-20 17:12:15 - [TEST_STEP][PASSED] - verifyElementVisible(findTestObject(path_UM + "li_First")): Object 'Object Repository/AdminSuiteBootstrap_Pages/UM_Bootstrap/li_First' is visible

2022-07-20 17:12:15 - [MESSAGE][PASSED] - Object 'Object Repository/AdminSuiteBootstrap_Pages/UM_Bootstrap/li_First' is visible

2022-07-20 17:12:15 - [TEST_STEP][PASSED] - verifyElementPresent(findTestObject(path_UM + "li_First"), 30): Object 'Object Repository/AdminSuiteBootstrap_Pages/UM_Bootstrap/li_First' is present

2022-07-20 17:12:15 - [MESSAGE][PASSED] - Object 'Object Repository/AdminSuiteBootstrap_Pages/UM_Bootstrap/li_First' is present

2022-07-20 17:12:15 - [TEST_STEP][PASSED] - verifyElementVisible(findTestObject(path_UM + "li_Prev")): Object 'Object Repository/AdminSuiteBootstrap_Pages/UM_Bootstrap/li_Prev' is visible

2022-07-20 17:12:16 - [MESSAGE][PASSED] - Object 'Object Repository/AdminSuiteBootstrap_Pages/UM_Bootstrap/li_Prev' is visible

2022-07-20 17:12:16 - [TEST_STEP][PASSED] - verifyElementPresent(findTestObject(path_UM + "li_Prev"), 30): Object 'Object Repository/AdminSuiteBootstrap_Pages/UM_Bootstrap/li_Prev' is present

2022-07-20 17:12:16 - [MESSAGE][PASSED] - Object 'Object Repository/AdminSuiteBootstrap_Pages/UM_Bootstrap/li_Prev' is present

2022-07-20 17:12:16 - [TEST_STEP][PASSED] - verifyElementVisible(findTestObject(path_UM + "a_1")): Object 'Object Repository/AdminSuiteBootstrap_Pages/UM_Bootstrap/a_1' is visible

2022-07-20 17:12:16 - [MESSAGE][PASSED] - Object 'Object Repository/AdminSuiteBootstrap_Pages/UM_Bootstrap/a_1' is visible

2022-07-20 17:12:16 - [TEST_STEP][PASSED] - verifyElementPresent(findTestObject(path_UM + "a_1"), 30): Object 'Object Repository/AdminSuiteBootstrap_Pages/UM_Bootstrap/a_1' is present

2022-07-20 17:12:16 - [MESSAGE][PASSED] - Object 'Object Repository/AdminSuiteBootstrap_Pages/UM_Bootstrap/a_1' is present

2022-07-20 17:12:16 - [TEST_STEP][PASSED] - verifyElementVisible(findTestObject(path_UM + "a_2")): Object 'Object Repository/AdminSuiteBootstrap_Pages/UM_Bootstrap/a_2' is visible

2022-07-20 17:12:17 - [MESSAGE][PASSED] - Object 'Object Repository/AdminSuiteBootstrap_Pages/UM_Bootstrap/a_2' is visible

2022-07-20 17:12:17 - [TEST_STEP][PASSED] - verifyElementPresent(findTestObject(path_UM + "a_2"), 30): Object 'Object Repository/AdminSuiteBootstrap_Pages/UM_Bootstrap/a_2' is present

2022-07-20 17:12:17 - [MESSAGE][PASSED] - Object 'Object Repository/AdminSuiteBootstrap_Pages/UM_Bootstrap/a_2' is present

2022-07-20 17:12:17 - [TEST_STEP][PASSED] - verifyElementVisible(findTestObject(path_UM + "a_Next")): Object 'Object Repository/AdminSuiteBootstrap_Pages/UM_Bootstrap/a_Next' is visible

2022-07-20 17:12:17 - [MESSAGE][PASSED] - Object 'Object Repository/AdminSuiteBootstrap_Pages/UM_Bootstrap/a_Next' is visible

2022-07-20 17:12:17 - [TEST_STEP][PASSED] - verifyElementPresent(findTestObject(path_UM + "a_Next"), 30): Object 'Object Repository/AdminSuiteBootstrap_Pages/UM_Bootstrap/a_Next' is present

2022-07-20 17:12:18 - [MESSAGE][PASSED] - Object 'Object Repository/AdminSuiteBootstrap_Pages/UM_Bootstrap/a_Next' is present

2022-07-20 17:12:18 - [TEST_STEP][PASSED] - verifyElementVisible(findTestObject(path_UM + "a_Last")): Object 'Object Repository/AdminSuiteBootstrap_Pages/UM_Bootstrap/a_Last' is visible

2022-07-20 17:12:18 - [MESSAGE][PASSED] - Object 'Object Repository/AdminSuiteBootstrap_Pages/UM_Bootstrap/a_Last' is visible

2022-07-20 17:12:18 - [TEST_STEP][PASSED] - verifyElementPresent(findTestObject(path_UM + "a_Last"), 30): Object 'Object Repository/AdminSuiteBootstrap_Pages/UM_Bootstrap/a_Last' is present

2022-07-20 17:12:18 - [MESSAGE][PASSED] - Object 'Object Repository/AdminSuiteBootstrap_Pages/UM_Bootstrap/a_Last' is present]]></system-out>
         <system-err><![CDATA[2022-07-20 17:10:24 - [TEST_CASE][FAILED] - Test Cases/Admin Suite Bootstrap/UM_TestCases/Users/VerifyUsersLinks_UI_TC: Test Cases/Admin Suite Bootstrap/UM_TestCases/Users/VerifyUsersLinks_UI_TC FAILED.
Reason:
com.kms.katalon.core.exception.StepFailedException: com.kms.katalon.core.webui.exception.WebElementNotFoundException: Web element with id: 'Object Repository/AdminSuiteBootstrap_Pages/UM_Bootstrap/a_charu' located by '//*[@href = '/admin/imtiaz/bootstrap/vadministrator/users/view.do?uid=667' and (text() = '[charu]' or . = '[charu]')]' not found (Root cause: com.kms.katalon.core.exception.StepFailedException: com.kms.katalon.core.webui.exception.WebElementNotFoundException: Web element with id: 'Object Repository/AdminSuiteBootstrap_Pages/UM_Bootstrap/a_charu' located by '//*[@href = '/admin/imtiaz/bootstrap/vadministrator/users/view.do?uid=667' and (text() = '[charu]' or . = '[charu]')]' not found
	at com.kms.katalon.core.webui.keyword.internal.WebUIKeywordMain.stepFailed(WebUIKeywordMain.groovy:64)
	at com.kms.katalon.core.webui.keyword.builtin.VerifyElementPresentKeyword$_verifyElementPresent_closure1.doCall(VerifyElementPresentKeyword.groovy:85)
	at com.kms.katalon.core.webui.keyword.builtin.VerifyElementPresentKeyword$_verifyElementPresent_closure1.call(VerifyElementPresentKeyword.groovy)
	at com.kms.katalon.core.webui.keyword.internal.WebUIKeywordMain.runKeyword(WebUIKeywordMain.groovy:20)
	at com.kms.katalon.core.webui.keyword.builtin.VerifyElementPresentKeyword.verifyElementPresent(VerifyElementPresentKeyword.groovy:92)
	at com.kms.katalon.core.webui.keyword.builtin.VerifyElementPresentKeyword.execute(VerifyElementPresentKeyword.groovy:68)
	at com.kms.katalon.core.keyword.internal.KeywordExecutor.executeKeywordForPlatform(KeywordExecutor.groovy:74)
	at com.kms.katalon.core.webui.keyword.WebUiBuiltInKeywords.verifyElementPresent(WebUiBuiltInKeywords.groovy:1464)
	at com.kms.katalon.core.webui.keyword.WebUiBuiltInKeywords$verifyElementPresent$1.call(Unknown Source)
	at VerifyUsersLinks_UI_TC.run(VerifyUsersLinks_UI_TC:46)
	at com.kms.katalon.core.main.ScriptEngine.run(ScriptEngine.java:194)
	at com.kms.katalon.core.main.ScriptEngine.runScriptAsRawText(ScriptEngine.java:119)
	at com.kms.katalon.core.main.TestCaseExecutor.runScript(TestCaseExecutor.java:442)
	at com.kms.katalon.core.main.TestCaseExecutor.doExecute(TestCaseExecutor.java:433)
	at com.kms.katalon.core.main.TestCaseExecutor.processExecutionPhase(TestCaseExecutor.java:412)
	at com.kms.katalon.core.main.TestCaseExecutor.accessMainPhase(TestCaseExecutor.java:404)
	at com.kms.katalon.core.main.TestCaseExecutor.execute(TestCaseExecutor.java:281)
	at com.kms.katalon.core.main.TestSuiteExecutor.accessTestCaseMainPhase(TestSuiteExecutor.java:202)
	at com.kms.katalon.core.main.TestSuiteExecutor.accessTestSuiteMainPhase(TestSuiteExecutor.java:164)
	at com.kms.katalon.core.main.TestSuiteExecutor.execute(TestSuiteExecutor.java:105)
	at com.kms.katalon.core.main.TestCaseMain.startTestSuite(TestCaseMain.java:185)
	at com.kms.katalon.core.main.TestCaseMain$startTestSuite$0.call(Unknown Source)
	at TempTestSuite1658350841568.run(TempTestSuite1658350841568.groovy:36)
)
	at com.kms.katalon.core.keyword.internal.KeywordMain.stepFailed(KeywordMain.groovy:39)
	at com.kms.katalon.core.webui.keyword.internal.WebUIKeywordMain.stepFailed(WebUIKeywordMain.groovy:64)
	at com.kms.katalon.core.webui.keyword.builtin.VerifyElementPresentKeyword$_verifyElementPresent_closure1.doCall(VerifyElementPresentKeyword.groovy:85)
	at com.kms.katalon.core.webui.keyword.builtin.VerifyElementPresentKeyword$_verifyElementPresent_closure1.call(VerifyElementPresentKeyword.groovy)
	at com.kms.katalon.core.webui.keyword.internal.WebUIKeywordMain.runKeyword(WebUIKeywordMain.groovy:20)
	at com.kms.katalon.core.webui.keyword.builtin.VerifyElementPresentKeyword.verifyElementPresent(VerifyElementPresentKeyword.groovy:92)
	at com.kms.katalon.core.webui.keyword.builtin.VerifyElementPresentKeyword.execute(VerifyElementPresentKeyword.groovy:68)
	at com.kms.katalon.core.keyword.internal.KeywordExecutor.executeKeywordForPlatform(KeywordExecutor.groovy:74)
	at com.kms.katalon.core.webui.keyword.WebUiBuiltInKeywords.verifyElementPresent(WebUiBuiltInKeywords.groovy:1464)
	at com.kms.katalon.core.webui.keyword.WebUiBuiltInKeywords$verifyElementPresent$1.call(Unknown Source)
	at VerifyUsersLinks_UI_TC.run(VerifyUsersLinks_UI_TC:46)
	at com.kms.katalon.core.main.ScriptEngine.run(ScriptEngine.java:194)
	at com.kms.katalon.core.main.ScriptEngine.runScriptAsRawText(ScriptEngine.java:119)
	at com.kms.katalon.core.main.TestCaseExecutor.runScript(TestCaseExecutor.java:442)
	at com.kms.katalon.core.main.TestCaseExecutor.doExecute(TestCaseExecutor.java:433)
	at com.kms.katalon.core.main.TestCaseExecutor.processExecutionPhase(TestCaseExecutor.java:412)
	at com.kms.katalon.core.main.TestCaseExecutor.accessMainPhase(TestCaseExecutor.java:404)
	at com.kms.katalon.core.main.TestCaseExecutor.execute(TestCaseExecutor.java:281)
	at com.kms.katalon.core.main.TestSuiteExecutor.accessTestCaseMainPhase(TestSuiteExecutor.java:202)
	at com.kms.katalon.core.main.TestSuiteExecutor.accessTestSuiteMainPhase(TestSuiteExecutor.java:164)
	at com.kms.katalon.core.main.TestSuiteExecutor.execute(TestSuiteExecutor.java:105)
	at com.kms.katalon.core.main.TestCaseMain.startTestSuite(TestCaseMain.java:185)
	at com.kms.katalon.core.main.TestCaseMain$startTestSuite$0.call(Unknown Source)
	at TempTestSuite1658350841568.run(TempTestSuite1658350841568.groovy:36)
Caused by: com.kms.katalon.core.exception.StepFailedException: com.kms.katalon.core.webui.exception.WebElementNotFoundException: Web element with id: 'Object Repository/AdminSuiteBootstrap_Pages/UM_Bootstrap/a_charu' located by '//*[@href = '/admin/imtiaz/bootstrap/vadministrator/users/view.do?uid=667' and (text() = '[charu]' or . = '[charu]')]' not found
	... 23 more]]></system-err>
      </testcase>
      <testcase name="Test Cases/Admin Suite Bootstrap/UM_TestCases/UsersErrors/AddUserSpCharFirstNameError" time="87.65" classname="Test Cases/Admin Suite Bootstrap/UM_TestCases/UsersErrors/AddUserSpCharFirstNameError" status="FAILED">
         <failure type="FAILED" message="Test Cases/Admin Suite Bootstrap/UM_TestCases/UsersErrors/AddUserSpCharFirstNameError FAILED.
Reason:
com.kms.katalon.core.exception.StepFailedException: Text 'Error! Please provide the following required information as indicated below' is not present on page  using regular expression (Root cause: com.kms.katalon.core.exception.StepFailedException: Text 'Error! Please provide the following required information as indicated below' is not present on page  using regular expression
	at com.kms.katalon.core.webui.keyword.internal.WebUIKeywordMain.stepFailed(WebUIKeywordMain.groovy:64)
	at com.kms.katalon.core.webui.keyword.builtin.VerifyTextPresentKeyword$_verifyTextPresent_closure1.doCall(VerifyTextPresentKeyword.groovy:79)
	at com.kms.katalon.core.webui.keyword.builtin.VerifyTextPresentKeyword$_verifyTextPresent_closure1.call(VerifyTextPresentKeyword.groovy)
	at com.kms.katalon.core.webui.keyword.internal.WebUIKeywordMain.runKeyword(WebUIKeywordMain.groovy:20)
	at com.kms.katalon.core.webui.keyword.builtin.VerifyTextPresentKeyword.verifyTextPresent(VerifyTextPresentKeyword.groovy:83)
	at com.kms.katalon.core.webui.keyword.builtin.VerifyTextPresentKeyword.execute(VerifyTextPresentKeyword.groovy:68)
	at com.kms.katalon.core.keyword.internal.KeywordExecutor.executeKeywordForPlatform(KeywordExecutor.groovy:74)
	at com.kms.katalon.core.webui.keyword.WebUiBuiltInKeywords.verifyTextPresent(WebUiBuiltInKeywords.groovy:1723)
	at com.kms.katalon.core.webui.keyword.WebUiBuiltInKeywords$verifyTextPresent$5.call(Unknown Source)
	at AddUserSpCharFirstNameError.run(AddUserSpCharFirstNameError:86)
	at com.kms.katalon.core.main.ScriptEngine.run(ScriptEngine.java:194)
	at com.kms.katalon.core.main.ScriptEngine.runScriptAsRawText(ScriptEngine.java:119)
	at com.kms.katalon.core.main.TestCaseExecutor.runScript(TestCaseExecutor.java:442)
	at com.kms.katalon.core.main.TestCaseExecutor.doExecute(TestCaseExecutor.java:433)
	at com.kms.katalon.core.main.TestCaseExecutor.processExecutionPhase(TestCaseExecutor.java:412)
	at com.kms.katalon.core.main.TestCaseExecutor.accessMainPhase(TestCaseExecutor.java:404)
	at com.kms.katalon.core.main.TestCaseExecutor.execute(TestCaseExecutor.java:281)
	at com.kms.katalon.core.main.TestSuiteExecutor.accessTestCaseMainPhase(TestSuiteExecutor.java:202)
	at com.kms.katalon.core.main.TestSuiteExecutor.accessTestSuiteMainPhase(TestSuiteExecutor.java:164)
	at com.kms.katalon.core.main.TestSuiteExecutor.execute(TestSuiteExecutor.java:105)
	at com.kms.katalon.core.main.TestCaseMain.startTestSuite(TestCaseMain.java:185)
	at com.kms.katalon.core.main.TestCaseMain$startTestSuite$0.call(Unknown Source)
	at TempTestSuite1658350841568.run(TempTestSuite1658350841568.groovy:36)
)
	at com.kms.katalon.core.keyword.internal.KeywordMain.stepFailed(KeywordMain.groovy:39)
	at com.kms.katalon.core.webui.keyword.internal.WebUIKeywordMain.stepFailed(WebUIKeywordMain.groovy:64)
	at com.kms.katalon.core.webui.keyword.builtin.VerifyTextPresentKeyword$_verifyTextPresent_closure1.doCall(VerifyTextPresentKeyword.groovy:79)
	at com.kms.katalon.core.webui.keyword.builtin.VerifyTextPresentKeyword$_verifyTextPresent_closure1.call(VerifyTextPresentKeyword.groovy)
	at com.kms.katalon.core.webui.keyword.internal.WebUIKeywordMain.runKeyword(WebUIKeywordMain.groovy:20)
	at com.kms.katalon.core.webui.keyword.builtin.VerifyTextPresentKeyword.verifyTextPresent(VerifyTextPresentKeyword.groovy:83)
	at com.kms.katalon.core.webui.keyword.builtin.VerifyTextPresentKeyword.execute(VerifyTextPresentKeyword.groovy:68)
	at com.kms.katalon.core.keyword.internal.KeywordExecutor.executeKeywordForPlatform(KeywordExecutor.groovy:74)
	at com.kms.katalon.core.webui.keyword.WebUiBuiltInKeywords.verifyTextPresent(WebUiBuiltInKeywords.groovy:1723)
	at com.kms.katalon.core.webui.keyword.WebUiBuiltInKeywords$verifyTextPresent$5.call(Unknown Source)
	at AddUserSpCharFirstNameError.run(AddUserSpCharFirstNameError:86)
	at com.kms.katalon.core.main.ScriptEngine.run(ScriptEngine.java:194)
	at com.kms.katalon.core.main.ScriptEngine.runScriptAsRawText(ScriptEngine.java:119)
	at com.kms.katalon.core.main.TestCaseExecutor.runScript(TestCaseExecutor.java:442)
	at com.kms.katalon.core.main.TestCaseExecutor.doExecute(TestCaseExecutor.java:433)
	at com.kms.katalon.core.main.TestCaseExecutor.processExecutionPhase(TestCaseExecutor.java:412)
	at com.kms.katalon.core.main.TestCaseExecutor.accessMainPhase(TestCaseExecutor.java:404)
	at com.kms.katalon.core.main.TestCaseExecutor.execute(TestCaseExecutor.java:281)
	at com.kms.katalon.core.main.TestSuiteExecutor.accessTestCaseMainPhase(TestSuiteExecutor.java:202)
	at com.kms.katalon.core.main.TestSuiteExecutor.accessTestSuiteMainPhase(TestSuiteExecutor.java:164)
	at com.kms.katalon.core.main.TestSuiteExecutor.execute(TestSuiteExecutor.java:105)
	at com.kms.katalon.core.main.TestCaseMain.startTestSuite(TestCaseMain.java:185)
	at com.kms.katalon.core.main.TestCaseMain$startTestSuite$0.call(Unknown Source)
	at TempTestSuite1658350841568.run(TempTestSuite1658350841568.groovy:36)
Caused by: com.kms.katalon.core.exception.StepFailedException: Text 'Error! Please provide the following required information as indicated below' is not present on page  using regular expression
	... 23 more
"/>
         <system-out><![CDATA[2022-07-20 17:12:18 - [TEST_CASE][FAILED] - Test Cases/Admin Suite Bootstrap/UM_TestCases/UsersErrors/AddUserSpCharFirstNameError: Test Cases/Admin Suite Bootstrap/UM_TestCases/UsersErrors/AddUserSpCharFirstNameError FAILED.
Reason:
com.kms.katalon.core.exception.StepFailedException: Text 'Error! Please provide the following required information as indicated below' is not present on page  using regular expression (Root cause: com.kms.katalon.core.exception.StepFailedException: Text 'Error! Please provide the following required information as indicated below' is not present on page  using regular expression
	at com.kms.katalon.core.webui.keyword.internal.WebUIKeywordMain.stepFailed(WebUIKeywordMain.groovy:64)
	at com.kms.katalon.core.webui.keyword.builtin.VerifyTextPresentKeyword$_verifyTextPresent_closure1.doCall(VerifyTextPresentKeyword.groovy:79)
	at com.kms.katalon.core.webui.keyword.builtin.VerifyTextPresentKeyword$_verifyTextPresent_closure1.call(VerifyTextPresentKeyword.groovy)
	at com.kms.katalon.core.webui.keyword.internal.WebUIKeywordMain.runKeyword(WebUIKeywordMain.groovy:20)
	at com.kms.katalon.core.webui.keyword.builtin.VerifyTextPresentKeyword.verifyTextPresent(VerifyTextPresentKeyword.groovy:83)
	at com.kms.katalon.core.webui.keyword.builtin.VerifyTextPresentKeyword.execute(VerifyTextPresentKeyword.groovy:68)
	at com.kms.katalon.core.keyword.internal.KeywordExecutor.executeKeywordForPlatform(KeywordExecutor.groovy:74)
	at com.kms.katalon.core.webui.keyword.WebUiBuiltInKeywords.verifyTextPresent(WebUiBuiltInKeywords.groovy:1723)
	at com.kms.katalon.core.webui.keyword.WebUiBuiltInKeywords$verifyTextPresent$5.call(Unknown Source)
	at AddUserSpCharFirstNameError.run(AddUserSpCharFirstNameError:86)
	at com.kms.katalon.core.main.ScriptEngine.run(ScriptEngine.java:194)
	at com.kms.katalon.core.main.ScriptEngine.runScriptAsRawText(ScriptEngine.java:119)
	at com.kms.katalon.core.main.TestCaseExecutor.runScript(TestCaseExecutor.java:442)
	at com.kms.katalon.core.main.TestCaseExecutor.doExecute(TestCaseExecutor.java:433)
	at com.kms.katalon.core.main.TestCaseExecutor.processExecutionPhase(TestCaseExecutor.java:412)
	at com.kms.katalon.core.main.TestCaseExecutor.accessMainPhase(TestCaseExecutor.java:404)
	at com.kms.katalon.core.main.TestCaseExecutor.execute(TestCaseExecutor.java:281)
	at com.kms.katalon.core.main.TestSuiteExecutor.accessTestCaseMainPhase(TestSuiteExecutor.java:202)
	at com.kms.katalon.core.main.TestSuiteExecutor.accessTestSuiteMainPhase(TestSuiteExecutor.java:164)
	at com.kms.katalon.core.main.TestSuiteExecutor.execute(TestSuiteExecutor.java:105)
	at com.kms.katalon.core.main.TestCaseMain.startTestSuite(TestCaseMain.java:185)
	at com.kms.katalon.core.main.TestCaseMain$startTestSuite$0.call(Unknown Source)
	at TempTestSuite1658350841568.run(TempTestSuite1658350841568.groovy:36)
)
	at com.kms.katalon.core.keyword.internal.KeywordMain.stepFailed(KeywordMain.groovy:39)
	at com.kms.katalon.core.webui.keyword.internal.WebUIKeywordMain.stepFailed(WebUIKeywordMain.groovy:64)
	at com.kms.katalon.core.webui.keyword.builtin.VerifyTextPresentKeyword$_verifyTextPresent_closure1.doCall(VerifyTextPresentKeyword.groovy:79)
	at com.kms.katalon.core.webui.keyword.builtin.VerifyTextPresentKeyword$_verifyTextPresent_closure1.call(VerifyTextPresentKeyword.groovy)
	at com.kms.katalon.core.webui.keyword.internal.WebUIKeywordMain.runKeyword(WebUIKeywordMain.groovy:20)
	at com.kms.katalon.core.webui.keyword.builtin.VerifyTextPresentKeyword.verifyTextPresent(VerifyTextPresentKeyword.groovy:83)
	at com.kms.katalon.core.webui.keyword.builtin.VerifyTextPresentKeyword.execute(VerifyTextPresentKeyword.groovy:68)
	at com.kms.katalon.core.keyword.internal.KeywordExecutor.executeKeywordForPlatform(KeywordExecutor.groovy:74)
	at com.kms.katalon.core.webui.keyword.WebUiBuiltInKeywords.verifyTextPresent(WebUiBuiltInKeywords.groovy:1723)
	at com.kms.katalon.core.webui.keyword.WebUiBuiltInKeywords$verifyTextPresent$5.call(Unknown Source)
	at AddUserSpCharFirstNameError.run(AddUserSpCharFirstNameError:86)
	at com.kms.katalon.core.main.ScriptEngine.run(ScriptEngine.java:194)
	at com.kms.katalon.core.main.ScriptEngine.runScriptAsRawText(ScriptEngine.java:119)
	at com.kms.katalon.core.main.TestCaseExecutor.runScript(TestCaseExecutor.java:442)
	at com.kms.katalon.core.main.TestCaseExecutor.doExecute(TestCaseExecutor.java:433)
	at com.kms.katalon.core.main.TestCaseExecutor.processExecutionPhase(TestCaseExecutor.java:412)
	at com.kms.katalon.core.main.TestCaseExecutor.accessMainPhase(TestCaseExecutor.java:404)
	at com.kms.katalon.core.main.TestCaseExecutor.execute(TestCaseExecutor.java:281)
	at com.kms.katalon.core.main.TestSuiteExecutor.accessTestCaseMainPhase(TestSuiteExecutor.java:202)
	at com.kms.katalon.core.main.TestSuiteExecutor.accessTestSuiteMainPhase(TestSuiteExecutor.java:164)
	at com.kms.katalon.core.main.TestSuiteExecutor.execute(TestSuiteExecutor.java:105)
	at com.kms.katalon.core.main.TestCaseMain.startTestSuite(TestCaseMain.java:185)
	at com.kms.katalon.core.main.TestCaseMain$startTestSuite$0.call(Unknown Source)
	at TempTestSuite1658350841568.run(TempTestSuite1658350841568.groovy:36)
Caused by: com.kms.katalon.core.exception.StepFailedException: Text 'Error! Please provide the following required information as indicated below' is not present on page  using regular expression
	... 23 more


2022-07-20 17:12:19 - [TEST_STEP][PASSED] - path_Dashboard = "Object Repository/AdminSuiteBootstrap_Pages/Dashboard_Bootstrap/": null

2022-07-20 17:12:19 - [TEST_STEP][PASSED] - path_Users = "Object Repository/AdminSuiteBootstrap_Pages/UM_Bootstrap/Users/": null

2022-07-20 17:12:19 - [TEST_STEP][PASSED] - path_UserView = "Object Repository/AdminSuiteBootstrap_Pages/UM_Bootstrap/UserView/": null

2022-07-20 17:12:19 - [TEST_STEP][PASSED] - path_DeleteUser = "Object Repository/AdminSuiteBootstrap_Pages/UM_Bootstrap/DeleteUser/": null

2022-07-20 17:12:19 - [TEST_STEP][PASSED] - path_AddUser = "Object Repository/AdminSuiteBootstrap_Pages/UM_Bootstrap/AddUser/": null

2022-07-20 17:12:19 - [TEST_STEP][PASSED] - executionProfile = getExecutionProfile(): null

2022-07-20 17:12:19 - [TEST_STEP][PASSED] - out.println("executionProfile : " + executionProfile): null

2022-07-20 17:12:19 - [TEST_STEP][PASSED] - appName = <not implemented yet for class: org.codehaus.groovy.ast.expr.EmptyExpression>: null

2022-07-20 17:12:19 - [TEST_STEP][PASSED] - appID = <not implemented yet for class: org.codehaus.groovy.ast.expr.EmptyExpression>: null

2022-07-20 17:12:19 - [TEST_STEP][PASSED] - spUsername = <not implemented yet for class: org.codehaus.groovy.ast.expr.EmptyExpression>: null

2022-07-20 17:12:19 - [TEST_STEP][PASSED] - nameSheet = "CreateUserSCFNameErr": null

2022-07-20 17:12:19 - [TEST_STEP][PASSED] - dataFile = "QA/Bootstrap/UM-TestData/CreateUserSCFNameErr": null

2022-07-20 17:12:19 - [TEST_STEP][PASSED] - numOfRows = findTestData("QA/Bootstrap/UM-TestData/CreateUserSCFNameErr").getRowNumbers(): null

2022-07-20 17:12:19 - [TEST_STEP][PASSED] - println("Number of Records: " + numOfRows): null

2022-07-20 17:12:19 - [TEST_STEP][FAILED] - for ([row = 1, row <= numOfRows, (row++)]): null

2022-07-20 17:12:19 - [TEST_STEP][PASSED] - ExecuteTC = findTestData(dataFile).getValue("Execute", row): null

2022-07-20 17:12:19 - [TEST_STEP][PASSED] - out.println("Value of Execute is : " + ExecuteTC): null

2022-07-20 17:12:19 - [TEST_STEP][FAILED] - if (ExecuteTC.equalsIgnoreCase("Y")): null

2022-07-20 17:12:19 - [TEST_STEP][PASSED] - out.println("Begin Record Number: " + row): null

2022-07-20 17:12:19 - [TEST_STEP][PASSED] - adminSuiteBootstrap.loginFunctionality.login_AdminSuite(): adminSuiteBootstrap.loginFunctionality.login_AdminSuite is PASSED

2022-07-20 17:12:19 - [MESSAGE][WARNING] - A browser is already opened. Closing browser and opening a new one

2022-07-20 17:12:20 - [MESSAGE][INFO] - Starting 'Chrome' driver

2022-07-20 17:12:20 - [MESSAGE][INFO] - User set preference: ['acceptInsecureCerts', 'true']

2022-07-20 17:12:20 - [MESSAGE][INFO] - Action delay is set to 0 milliseconds

2022-07-20 17:12:24 - [MESSAGE][PASSED] - Browser is opened with url: 'https://demo.velocitypayment.com/admin/imtiazdemo'

2022-07-20 17:12:24 - [MESSAGE][PASSED] - Current window maximized

2022-07-20 17:12:24 - [MESSAGE][PASSED] - Object 'Object Repository/Login_Page/Login_Username' is present

2022-07-20 17:12:25 - [MESSAGE][PASSED] - Text 'iahmed' is set on object 'Object Repository/Login_Page/Login_Username'

2022-07-20 17:12:25 - [MESSAGE][PASSED] - Text 'hello2222' is set on object 'Object Repository/Login_Page/Login_Password'

2022-07-20 17:12:29 - [MESSAGE][PASSED] - Object: 'Object Repository/Login_Page/Login_Submit' is clicked on

2022-07-20 17:12:29 - [MESSAGE][PASSED] - adminSuiteBootstrap.loginFunctionality.login_AdminSuite is PASSED

2022-07-20 17:12:29 - [TEST_STEP][PASSED] - click(findTestObject(path_Dashboard + "a_Access User Management")): Object: 'Object Repository/AdminSuiteBootstrap_Pages/Dashboard_Bootstrap/a_Access User Management' is clicked on

2022-07-20 17:12:32 - [MESSAGE][PASSED] - Object: 'Object Repository/AdminSuiteBootstrap_Pages/Dashboard_Bootstrap/a_Access User Management' is clicked on

2022-07-20 17:12:32 - [TEST_STEP][PASSED] - click(findTestObject(path_Users + "a_Add User")): Object: 'Object Repository/AdminSuiteBootstrap_Pages/UM_Bootstrap/Users/a_Add User' is clicked on

2022-07-20 17:12:33 - [MESSAGE][PASSED] - Object: 'Object Repository/AdminSuiteBootstrap_Pages/UM_Bootstrap/Users/a_Add User' is clicked on

2022-07-20 17:12:33 - [TEST_STEP][PASSED] - buildUsername = pages.GenerateRandom.getRandomAlpha(): pages.GenerateRandom.getRandomAlpha is PASSED

2022-07-20 17:12:33 - [MESSAGE][PASSED] - pages.GenerateRandom.getRandomAlpha is PASSED

2022-07-20 17:12:33 - [TEST_STEP][PASSED] - prefixUsername = findTestData(dataFile).getValue("Firstname", row): null

2022-07-20 17:12:33 - [TEST_STEP][PASSED] - spUsername = prefixUsername + buildUsername: null

2022-07-20 17:12:33 - [TEST_STEP][PASSED] - setText(findTestObject(path_AddUser + "input_EmailAddress"), "iahmed@govolution.com"): Text 'iahmed@govolution.com' is set on object 'Object Repository/AdminSuiteBootstrap_Pages/UM_Bootstrap/AddUser/input_EmailAddress'

2022-07-20 17:12:33 - [MESSAGE][PASSED] - Text 'iahmed@govolution.com' is set on object 'Object Repository/AdminSuiteBootstrap_Pages/UM_Bootstrap/AddUser/input_EmailAddress'

2022-07-20 17:12:33 - [TEST_STEP][PASSED] - setText(findTestObject(path_AddUser + "input_Username"), buildUsername): Text 'nRwtClNab' is set on object 'Object Repository/AdminSuiteBootstrap_Pages/UM_Bootstrap/AddUser/input_Username'

2022-07-20 17:12:34 - [MESSAGE][PASSED] - Text 'nRwtClNab' is set on object 'Object Repository/AdminSuiteBootstrap_Pages/UM_Bootstrap/AddUser/input_Username'

2022-07-20 17:12:34 - [TEST_STEP][PASSED] - setText(findTestObject(path_AddUser + "input_FirstName"), spUsername): Text '=nRwtClNab' is set on object 'Object Repository/AdminSuiteBootstrap_Pages/UM_Bootstrap/AddUser/input_FirstName'

2022-07-20 17:12:35 - [MESSAGE][PASSED] - Text '=nRwtClNab' is set on object 'Object Repository/AdminSuiteBootstrap_Pages/UM_Bootstrap/AddUser/input_FirstName'

2022-07-20 17:12:35 - [TEST_STEP][PASSED] - setText(findTestObject(path_AddUser + "input_LastName"), "Luka"): Text 'Luka' is set on object 'Object Repository/AdminSuiteBootstrap_Pages/UM_Bootstrap/AddUser/input_LastName'

2022-07-20 17:12:35 - [MESSAGE][PASSED] - Text 'Luka' is set on object 'Object Repository/AdminSuiteBootstrap_Pages/UM_Bootstrap/AddUser/input_LastName'

2022-07-20 17:12:35 - [TEST_STEP][PASSED] - setText(findTestObject(path_AddUser + "input_Password"), "hello6666"): Text 'hello6666' is set on object 'Object Repository/AdminSuiteBootstrap_Pages/UM_Bootstrap/AddUser/input_Password'

2022-07-20 17:12:36 - [MESSAGE][PASSED] - Text 'hello6666' is set on object 'Object Repository/AdminSuiteBootstrap_Pages/UM_Bootstrap/AddUser/input_Password'

2022-07-20 17:12:36 - [TEST_STEP][PASSED] - setText(findTestObject(path_AddUser + "input_ConfirmPassword"), "hello6666"): Text 'hello6666' is set on object 'Object Repository/AdminSuiteBootstrap_Pages/UM_Bootstrap/AddUser/input_ConfirmPassword'

2022-07-20 17:12:37 - [MESSAGE][PASSED] - Text 'hello6666' is set on object 'Object Repository/AdminSuiteBootstrap_Pages/UM_Bootstrap/AddUser/input_ConfirmPassword'

2022-07-20 17:12:37 - [TEST_STEP][PASSED] - check(findTestObject(path_AddUser + "input_No_lock")): Object 'Object Repository/AdminSuiteBootstrap_Pages/UM_Bootstrap/AddUser/input_No_lock' is checked

2022-07-20 17:12:37 - [MESSAGE][PASSED] - Object 'Object Repository/AdminSuiteBootstrap_Pages/UM_Bootstrap/AddUser/input_No_lock' is checked

2022-07-20 17:12:37 - [TEST_STEP][PASSED] - click(findTestObject(path_AddUser + "button_Create")): Object: 'Object Repository/AdminSuiteBootstrap_Pages/UM_Bootstrap/AddUser/button_Create' is clicked on

2022-07-20 17:12:41 - [MESSAGE][PASSED] - Object: 'Object Repository/AdminSuiteBootstrap_Pages/UM_Bootstrap/AddUser/button_Create' is clicked on

2022-07-20 17:12:41 - [TEST_STEP][FAILED] - verifyTextPresent("Error! Please provide the following required information as indicated below", true): Text 'Error! Please provide the following required information as indicated below' is not present on page  using regular expression (Root cause: com.kms.katalon.core.exception.StepFailedException: Text 'Error! Please provide the following required information as indicated below' is not present on page  using regular expression
	at com.kms.katalon.core.webui.keyword.internal.WebUIKeywordMain.stepFailed(WebUIKeywordMain.groovy:64)
	at com.kms.katalon.core.webui.keyword.builtin.VerifyTextPresentKeyword$_verifyTextPresent_closure1.doCall(VerifyTextPresentKeyword.groovy:79)
	at com.kms.katalon.core.webui.keyword.builtin.VerifyTextPresentKeyword$_verifyTextPresent_closure1.call(VerifyTextPresentKeyword.groovy)
	at com.kms.katalon.core.webui.keyword.internal.WebUIKeywordMain.runKeyword(WebUIKeywordMain.groovy:20)
	at com.kms.katalon.core.webui.keyword.builtin.VerifyTextPresentKeyword.verifyTextPresent(VerifyTextPresentKeyword.groovy:83)
	at com.kms.katalon.core.webui.keyword.builtin.VerifyTextPresentKeyword.execute(VerifyTextPresentKeyword.groovy:68)
	at com.kms.katalon.core.keyword.internal.KeywordExecutor.executeKeywordForPlatform(KeywordExecutor.groovy:74)
	at com.kms.katalon.core.webui.keyword.WebUiBuiltInKeywords.verifyTextPresent(WebUiBuiltInKeywords.groovy:1723)
	at com.kms.katalon.core.webui.keyword.WebUiBuiltInKeywords$verifyTextPresent$5.call(Unknown Source)
	at AddUserSpCharFirstNameError.run(AddUserSpCharFirstNameError:86)
	at com.kms.katalon.core.main.ScriptEngine.run(ScriptEngine.java:194)
	at com.kms.katalon.core.main.ScriptEngine.runScriptAsRawText(ScriptEngine.java:119)
	at com.kms.katalon.core.main.TestCaseExecutor.runScript(TestCaseExecutor.java:442)
	at com.kms.katalon.core.main.TestCaseExecutor.doExecute(TestCaseExecutor.java:433)
	at com.kms.katalon.core.main.TestCaseExecutor.processExecutionPhase(TestCaseExecutor.java:412)
	at com.kms.katalon.core.main.TestCaseExecutor.accessMainPhase(TestCaseExecutor.java:404)
	at com.kms.katalon.core.main.TestCaseExecutor.execute(TestCaseExecutor.java:281)
	at com.kms.katalon.core.main.TestSuiteExecutor.accessTestCaseMainPhase(TestSuiteExecutor.java:202)
	at com.kms.katalon.core.main.TestSuiteExecutor.accessTestSuiteMainPhase(TestSuiteExecutor.java:164)
	at com.kms.katalon.core.main.TestSuiteExecutor.execute(TestSuiteExecutor.java:105)
	at com.kms.katalon.core.main.TestCaseMain.startTestSuite(TestCaseMain.java:185)
	at com.kms.katalon.core.main.TestCaseMain$startTestSuite$0.call(Unknown Source)
	at TempTestSuite1658350841568.run(TempTestSuite1658350841568.groovy:36)
)

2022-07-20 17:12:41 - [MESSAGE][FAILED] - Text 'Error! Please provide the following required information as indicated below' is not present on page  using regular expression (Root cause: com.kms.katalon.core.exception.StepFailedException: Text 'Error! Please provide the following required information as indicated below' is not present on page  using regular expression
	at com.kms.katalon.core.webui.keyword.internal.WebUIKeywordMain.stepFailed(WebUIKeywordMain.groovy:64)
	at com.kms.katalon.core.webui.keyword.builtin.VerifyTextPresentKeyword$_verifyTextPresent_closure1.doCall(VerifyTextPresentKeyword.groovy:79)
	at com.kms.katalon.core.webui.keyword.builtin.VerifyTextPresentKeyword$_verifyTextPresent_closure1.call(VerifyTextPresentKeyword.groovy)
	at com.kms.katalon.core.webui.keyword.internal.WebUIKeywordMain.runKeyword(WebUIKeywordMain.groovy:20)
	at com.kms.katalon.core.webui.keyword.builtin.VerifyTextPresentKeyword.verifyTextPresent(VerifyTextPresentKeyword.groovy:83)
	at com.kms.katalon.core.webui.keyword.builtin.VerifyTextPresentKeyword.execute(VerifyTextPresentKeyword.groovy:68)
	at com.kms.katalon.core.keyword.internal.KeywordExecutor.executeKeywordForPlatform(KeywordExecutor.groovy:74)
	at com.kms.katalon.core.webui.keyword.WebUiBuiltInKeywords.verifyTextPresent(WebUiBuiltInKeywords.groovy:1723)
	at com.kms.katalon.core.webui.keyword.WebUiBuiltInKeywords$verifyTextPresent$5.call(Unknown Source)
	at AddUserSpCharFirstNameError.run(AddUserSpCharFirstNameError:86)
	at com.kms.katalon.core.main.ScriptEngine.run(ScriptEngine.java:194)
	at com.kms.katalon.core.main.ScriptEngine.runScriptAsRawText(ScriptEngine.java:119)
	at com.kms.katalon.core.main.TestCaseExecutor.runScript(TestCaseExecutor.java:442)
	at com.kms.katalon.core.main.TestCaseExecutor.doExecute(TestCaseExecutor.java:433)
	at com.kms.katalon.core.main.TestCaseExecutor.processExecutionPhase(TestCaseExecutor.java:412)
	at com.kms.katalon.core.main.TestCaseExecutor.accessMainPhase(TestCaseExecutor.java:404)
	at com.kms.katalon.core.main.TestCaseExecutor.execute(TestCaseExecutor.java:281)
	at com.kms.katalon.core.main.TestSuiteExecutor.accessTestCaseMainPhase(TestSuiteExecutor.java:202)
	at com.kms.katalon.core.main.TestSuiteExecutor.accessTestSuiteMainPhase(TestSuiteExecutor.java:164)
	at com.kms.katalon.core.main.TestSuiteExecutor.execute(TestSuiteExecutor.java:105)
	at com.kms.katalon.core.main.TestCaseMain.startTestSuite(TestCaseMain.java:185)
	at com.kms.katalon.core.main.TestCaseMain$startTestSuite$0.call(Unknown Source)
	at TempTestSuite1658350841568.run(TempTestSuite1658350841568.groovy:36)
)

2022-07-20 17:12:41 - [TEST_STEP][FAILED] - verifyTextPresent("Username may only be comprised of alphanumeric characters, the underscore "_" character, the at "@" symbol, and the period "."Username may only be comprised of alphanumeric characters, the underscore "_" character, the at "@" symbol, and the period "."", true): Text 'Username may only be comprised of alphanumeric characters, the underscore "_" character, the at "@" symbol, and the period "."Username may only be comprised of alphanumeric characters, the underscore "_" character, the at "@" symbol, and the period "."' is not present on page  using regular expression (Root cause: com.kms.katalon.core.exception.StepFailedException: Text 'Username may only be comprised of alphanumeric characters, the underscore "_" character, the at "@" symbol, and the period "."Username may only be comprised of alphanumeric characters, the underscore "_" character, the at "@" symbol, and the period "."' is not present on page  using regular expression
	at com.kms.katalon.core.webui.keyword.internal.WebUIKeywordMain.stepFailed(WebUIKeywordMain.groovy:64)
	at com.kms.katalon.core.webui.keyword.builtin.VerifyTextPresentKeyword$_verifyTextPresent_closure1.doCall(VerifyTextPresentKeyword.groovy:79)
	at com.kms.katalon.core.webui.keyword.builtin.VerifyTextPresentKeyword$_verifyTextPresent_closure1.call(VerifyTextPresentKeyword.groovy)
	at com.kms.katalon.core.webui.keyword.internal.WebUIKeywordMain.runKeyword(WebUIKeywordMain.groovy:20)
	at com.kms.katalon.core.webui.keyword.builtin.VerifyTextPresentKeyword.verifyTextPresent(VerifyTextPresentKeyword.groovy:83)
	at com.kms.katalon.core.webui.keyword.builtin.VerifyTextPresentKeyword.execute(VerifyTextPresentKeyword.groovy:68)
	at com.kms.katalon.core.keyword.internal.KeywordExecutor.executeKeywordForPlatform(KeywordExecutor.groovy:74)
	at com.kms.katalon.core.webui.keyword.WebUiBuiltInKeywords.verifyTextPresent(WebUiBuiltInKeywords.groovy:1723)
	at com.kms.katalon.core.webui.keyword.WebUiBuiltInKeywords$verifyTextPresent$5.call(Unknown Source)
	at AddUserSpCharFirstNameError.run(AddUserSpCharFirstNameError:87)
	at com.kms.katalon.core.main.ScriptEngine.run(ScriptEngine.java:194)
	at com.kms.katalon.core.main.ScriptEngine.runScriptAsRawText(ScriptEngine.java:119)
	at com.kms.katalon.core.main.TestCaseExecutor.runScript(TestCaseExecutor.java:442)
	at com.kms.katalon.core.main.TestCaseExecutor.doExecute(TestCaseExecutor.java:433)
	at com.kms.katalon.core.main.TestCaseExecutor.processExecutionPhase(TestCaseExecutor.java:412)
	at com.kms.katalon.core.main.TestCaseExecutor.accessMainPhase(TestCaseExecutor.java:404)
	at com.kms.katalon.core.main.TestCaseExecutor.execute(TestCaseExecutor.java:281)
	at com.kms.katalon.core.main.TestSuiteExecutor.accessTestCaseMainPhase(TestSuiteExecutor.java:202)
	at com.kms.katalon.core.main.TestSuiteExecutor.accessTestSuiteMainPhase(TestSuiteExecutor.java:164)
	at com.kms.katalon.core.main.TestSuiteExecutor.execute(TestSuiteExecutor.java:105)
	at com.kms.katalon.core.main.TestCaseMain.startTestSuite(TestCaseMain.java:185)
	at com.kms.katalon.core.main.TestCaseMain$startTestSuite$0.call(Unknown Source)
	at TempTestSuite1658350841568.run(TempTestSuite1658350841568.groovy:36)
)

2022-07-20 17:12:42 - [MESSAGE][FAILED] - Text 'Username may only be comprised of alphanumeric characters, the underscore "_" character, the at "@" symbol, and the period "."Username may only be comprised of alphanumeric characters, the underscore "_" character, the at "@" symbol, and the period "."' is not present on page  using regular expression (Root cause: com.kms.katalon.core.exception.StepFailedException: Text 'Username may only be comprised of alphanumeric characters, the underscore "_" character, the at "@" symbol, and the period "."Username may only be comprised of alphanumeric characters, the underscore "_" character, the at "@" symbol, and the period "."' is not present on page  using regular expression
	at com.kms.katalon.core.webui.keyword.internal.WebUIKeywordMain.stepFailed(WebUIKeywordMain.groovy:64)
	at com.kms.katalon.core.webui.keyword.builtin.VerifyTextPresentKeyword$_verifyTextPresent_closure1.doCall(VerifyTextPresentKeyword.groovy:79)
	at com.kms.katalon.core.webui.keyword.builtin.VerifyTextPresentKeyword$_verifyTextPresent_closure1.call(VerifyTextPresentKeyword.groovy)
	at com.kms.katalon.core.webui.keyword.internal.WebUIKeywordMain.runKeyword(WebUIKeywordMain.groovy:20)
	at com.kms.katalon.core.webui.keyword.builtin.VerifyTextPresentKeyword.verifyTextPresent(VerifyTextPresentKeyword.groovy:83)
	at com.kms.katalon.core.webui.keyword.builtin.VerifyTextPresentKeyword.execute(VerifyTextPresentKeyword.groovy:68)
	at com.kms.katalon.core.keyword.internal.KeywordExecutor.executeKeywordForPlatform(KeywordExecutor.groovy:74)
	at com.kms.katalon.core.webui.keyword.WebUiBuiltInKeywords.verifyTextPresent(WebUiBuiltInKeywords.groovy:1723)
	at com.kms.katalon.core.webui.keyword.WebUiBuiltInKeywords$verifyTextPresent$5.call(Unknown Source)
	at AddUserSpCharFirstNameError.run(AddUserSpCharFirstNameError:87)
	at com.kms.katalon.core.main.ScriptEngine.run(ScriptEngine.java:194)
	at com.kms.katalon.core.main.ScriptEngine.runScriptAsRawText(ScriptEngine.java:119)
	at com.kms.katalon.core.main.TestCaseExecutor.runScript(TestCaseExecutor.java:442)
	at com.kms.katalon.core.main.TestCaseExecutor.doExecute(TestCaseExecutor.java:433)
	at com.kms.katalon.core.main.TestCaseExecutor.processExecutionPhase(TestCaseExecutor.java:412)
	at com.kms.katalon.core.main.TestCaseExecutor.accessMainPhase(TestCaseExecutor.java:404)
	at com.kms.katalon.core.main.TestCaseExecutor.execute(TestCaseExecutor.java:281)
	at com.kms.katalon.core.main.TestSuiteExecutor.accessTestCaseMainPhase(TestSuiteExecutor.java:202)
	at com.kms.katalon.core.main.TestSuiteExecutor.accessTestSuiteMainPhase(TestSuiteExecutor.java:164)
	at com.kms.katalon.core.main.TestSuiteExecutor.execute(TestSuiteExecutor.java:105)
	at com.kms.katalon.core.main.TestCaseMain.startTestSuite(TestCaseMain.java:185)
	at com.kms.katalon.core.main.TestCaseMain$startTestSuite$0.call(Unknown Source)
	at TempTestSuite1658350841568.run(TempTestSuite1658350841568.groovy:36)
)

2022-07-20 17:12:42 - [TEST_STEP][PASSED] - closeBrowser(): Browser is closed

2022-07-20 17:12:42 - [MESSAGE][PASSED] - Browser is closed

2022-07-20 17:12:42 - [TEST_STEP][PASSED] - ExecuteTC = findTestData(dataFile).getValue("Execute", row): null

2022-07-20 17:12:43 - [TEST_STEP][PASSED] - out.println("Value of Execute is : " + ExecuteTC): null

2022-07-20 17:12:43 - [TEST_STEP][FAILED] - if (ExecuteTC.equalsIgnoreCase("Y")): null

2022-07-20 17:12:43 - [TEST_STEP][PASSED] - out.println("Begin Record Number: " + row): null

2022-07-20 17:12:43 - [TEST_STEP][PASSED] - adminSuiteBootstrap.loginFunctionality.login_AdminSuite(): adminSuiteBootstrap.loginFunctionality.login_AdminSuite is PASSED

2022-07-20 17:12:43 - [MESSAGE][INFO] - Starting 'Chrome' driver

2022-07-20 17:12:43 - [MESSAGE][INFO] - User set preference: ['acceptInsecureCerts', 'true']

2022-07-20 17:12:43 - [MESSAGE][INFO] - Action delay is set to 0 milliseconds

2022-07-20 17:12:45 - [MESSAGE][PASSED] - Browser is opened with url: 'https://demo.velocitypayment.com/admin/imtiazdemo'

2022-07-20 17:12:45 - [MESSAGE][PASSED] - Current window maximized

2022-07-20 17:12:45 - [MESSAGE][PASSED] - Object 'Object Repository/Login_Page/Login_Username' is present

2022-07-20 17:12:46 - [MESSAGE][PASSED] - Text 'iahmed' is set on object 'Object Repository/Login_Page/Login_Username'

2022-07-20 17:12:47 - [MESSAGE][PASSED] - Text 'hello2222' is set on object 'Object Repository/Login_Page/Login_Password'

2022-07-20 17:12:50 - [MESSAGE][PASSED] - Object: 'Object Repository/Login_Page/Login_Submit' is clicked on

2022-07-20 17:12:50 - [MESSAGE][PASSED] - adminSuiteBootstrap.loginFunctionality.login_AdminSuite is PASSED

2022-07-20 17:12:50 - [TEST_STEP][PASSED] - click(findTestObject(path_Dashboard + "a_Access User Management")): Object: 'Object Repository/AdminSuiteBootstrap_Pages/Dashboard_Bootstrap/a_Access User Management' is clicked on

2022-07-20 17:12:53 - [MESSAGE][PASSED] - Object: 'Object Repository/AdminSuiteBootstrap_Pages/Dashboard_Bootstrap/a_Access User Management' is clicked on

2022-07-20 17:12:53 - [TEST_STEP][PASSED] - click(findTestObject(path_Users + "a_Add User")): Object: 'Object Repository/AdminSuiteBootstrap_Pages/UM_Bootstrap/Users/a_Add User' is clicked on

2022-07-20 17:12:53 - [MESSAGE][PASSED] - Object: 'Object Repository/AdminSuiteBootstrap_Pages/UM_Bootstrap/Users/a_Add User' is clicked on

2022-07-20 17:12:53 - [TEST_STEP][PASSED] - buildUsername = pages.GenerateRandom.getRandomAlpha(): pages.GenerateRandom.getRandomAlpha is PASSED

2022-07-20 17:12:53 - [MESSAGE][PASSED] - pages.GenerateRandom.getRandomAlpha is PASSED

2022-07-20 17:12:53 - [TEST_STEP][PASSED] - prefixUsername = findTestData(dataFile).getValue("Firstname", row): null

2022-07-20 17:12:53 - [TEST_STEP][PASSED] - spUsername = prefixUsername + buildUsername: null

2022-07-20 17:12:53 - [TEST_STEP][PASSED] - setText(findTestObject(path_AddUser + "input_EmailAddress"), "iahmed@govolution.com"): Text 'iahmed@govolution.com' is set on object 'Object Repository/AdminSuiteBootstrap_Pages/UM_Bootstrap/AddUser/input_EmailAddress'

2022-07-20 17:12:54 - [MESSAGE][PASSED] - Text 'iahmed@govolution.com' is set on object 'Object Repository/AdminSuiteBootstrap_Pages/UM_Bootstrap/AddUser/input_EmailAddress'

2022-07-20 17:12:54 - [TEST_STEP][PASSED] - setText(findTestObject(path_AddUser + "input_Username"), buildUsername): Text 'rKPGSRswS' is set on object 'Object Repository/AdminSuiteBootstrap_Pages/UM_Bootstrap/AddUser/input_Username'

2022-07-20 17:12:55 - [MESSAGE][PASSED] - Text 'rKPGSRswS' is set on object 'Object Repository/AdminSuiteBootstrap_Pages/UM_Bootstrap/AddUser/input_Username'

2022-07-20 17:12:55 - [TEST_STEP][PASSED] - setText(findTestObject(path_AddUser + "input_FirstName"), spUsername): Text '-rKPGSRswS' is set on object 'Object Repository/AdminSuiteBootstrap_Pages/UM_Bootstrap/AddUser/input_FirstName'

2022-07-20 17:12:55 - [MESSAGE][PASSED] - Text '-rKPGSRswS' is set on object 'Object Repository/AdminSuiteBootstrap_Pages/UM_Bootstrap/AddUser/input_FirstName'

2022-07-20 17:12:55 - [TEST_STEP][PASSED] - setText(findTestObject(path_AddUser + "input_LastName"), "Luka"): Text 'Luka' is set on object 'Object Repository/AdminSuiteBootstrap_Pages/UM_Bootstrap/AddUser/input_LastName'

2022-07-20 17:12:56 - [MESSAGE][PASSED] - Text 'Luka' is set on object 'Object Repository/AdminSuiteBootstrap_Pages/UM_Bootstrap/AddUser/input_LastName'

2022-07-20 17:12:56 - [TEST_STEP][PASSED] - setText(findTestObject(path_AddUser + "input_Password"), "hello6666"): Text 'hello6666' is set on object 'Object Repository/AdminSuiteBootstrap_Pages/UM_Bootstrap/AddUser/input_Password'

2022-07-20 17:12:57 - [MESSAGE][PASSED] - Text 'hello6666' is set on object 'Object Repository/AdminSuiteBootstrap_Pages/UM_Bootstrap/AddUser/input_Password'

2022-07-20 17:12:57 - [TEST_STEP][PASSED] - setText(findTestObject(path_AddUser + "input_ConfirmPassword"), "hello6666"): Text 'hello6666' is set on object 'Object Repository/AdminSuiteBootstrap_Pages/UM_Bootstrap/AddUser/input_ConfirmPassword'

2022-07-20 17:12:57 - [MESSAGE][PASSED] - Text 'hello6666' is set on object 'Object Repository/AdminSuiteBootstrap_Pages/UM_Bootstrap/AddUser/input_ConfirmPassword'

2022-07-20 17:12:57 - [TEST_STEP][PASSED] - check(findTestObject(path_AddUser + "input_No_lock")): Object 'Object Repository/AdminSuiteBootstrap_Pages/UM_Bootstrap/AddUser/input_No_lock' is checked

2022-07-20 17:12:58 - [MESSAGE][PASSED] - Object 'Object Repository/AdminSuiteBootstrap_Pages/UM_Bootstrap/AddUser/input_No_lock' is checked

2022-07-20 17:12:58 - [TEST_STEP][PASSED] - click(findTestObject(path_AddUser + "button_Create")): Object: 'Object Repository/AdminSuiteBootstrap_Pages/UM_Bootstrap/AddUser/button_Create' is clicked on

2022-07-20 17:13:01 - [MESSAGE][PASSED] - Object: 'Object Repository/AdminSuiteBootstrap_Pages/UM_Bootstrap/AddUser/button_Create' is clicked on

2022-07-20 17:13:01 - [TEST_STEP][FAILED] - verifyTextPresent("Error! Please provide the following required information as indicated below", true): Text 'Error! Please provide the following required information as indicated below' is not present on page  using regular expression (Root cause: com.kms.katalon.core.exception.StepFailedException: Text 'Error! Please provide the following required information as indicated below' is not present on page  using regular expression
	at com.kms.katalon.core.webui.keyword.internal.WebUIKeywordMain.stepFailed(WebUIKeywordMain.groovy:64)
	at com.kms.katalon.core.webui.keyword.builtin.VerifyTextPresentKeyword$_verifyTextPresent_closure1.doCall(VerifyTextPresentKeyword.groovy:79)
	at com.kms.katalon.core.webui.keyword.builtin.VerifyTextPresentKeyword$_verifyTextPresent_closure1.call(VerifyTextPresentKeyword.groovy)
	at com.kms.katalon.core.webui.keyword.internal.WebUIKeywordMain.runKeyword(WebUIKeywordMain.groovy:20)
	at com.kms.katalon.core.webui.keyword.builtin.VerifyTextPresentKeyword.verifyTextPresent(VerifyTextPresentKeyword.groovy:83)
	at com.kms.katalon.core.webui.keyword.builtin.VerifyTextPresentKeyword.execute(VerifyTextPresentKeyword.groovy:68)
	at com.kms.katalon.core.keyword.internal.KeywordExecutor.executeKeywordForPlatform(KeywordExecutor.groovy:74)
	at com.kms.katalon.core.webui.keyword.WebUiBuiltInKeywords.verifyTextPresent(WebUiBuiltInKeywords.groovy:1723)
	at com.kms.katalon.core.webui.keyword.WebUiBuiltInKeywords$verifyTextPresent$5.call(Unknown Source)
	at AddUserSpCharFirstNameError.run(AddUserSpCharFirstNameError:86)
	at com.kms.katalon.core.main.ScriptEngine.run(ScriptEngine.java:194)
	at com.kms.katalon.core.main.ScriptEngine.runScriptAsRawText(ScriptEngine.java:119)
	at com.kms.katalon.core.main.TestCaseExecutor.runScript(TestCaseExecutor.java:442)
	at com.kms.katalon.core.main.TestCaseExecutor.doExecute(TestCaseExecutor.java:433)
	at com.kms.katalon.core.main.TestCaseExecutor.processExecutionPhase(TestCaseExecutor.java:412)
	at com.kms.katalon.core.main.TestCaseExecutor.accessMainPhase(TestCaseExecutor.java:404)
	at com.kms.katalon.core.main.TestCaseExecutor.execute(TestCaseExecutor.java:281)
	at com.kms.katalon.core.main.TestSuiteExecutor.accessTestCaseMainPhase(TestSuiteExecutor.java:202)
	at com.kms.katalon.core.main.TestSuiteExecutor.accessTestSuiteMainPhase(TestSuiteExecutor.java:164)
	at com.kms.katalon.core.main.TestSuiteExecutor.execute(TestSuiteExecutor.java:105)
	at com.kms.katalon.core.main.TestCaseMain.startTestSuite(TestCaseMain.java:185)
	at com.kms.katalon.core.main.TestCaseMain$startTestSuite$0.call(Unknown Source)
	at TempTestSuite1658350841568.run(TempTestSuite1658350841568.groovy:36)
)

2022-07-20 17:13:01 - [MESSAGE][FAILED] - Text 'Error! Please provide the following required information as indicated below' is not present on page  using regular expression (Root cause: com.kms.katalon.core.exception.StepFailedException: Text 'Error! Please provide the following required information as indicated below' is not present on page  using regular expression
	at com.kms.katalon.core.webui.keyword.internal.WebUIKeywordMain.stepFailed(WebUIKeywordMain.groovy:64)
	at com.kms.katalon.core.webui.keyword.builtin.VerifyTextPresentKeyword$_verifyTextPresent_closure1.doCall(VerifyTextPresentKeyword.groovy:79)
	at com.kms.katalon.core.webui.keyword.builtin.VerifyTextPresentKeyword$_verifyTextPresent_closure1.call(VerifyTextPresentKeyword.groovy)
	at com.kms.katalon.core.webui.keyword.internal.WebUIKeywordMain.runKeyword(WebUIKeywordMain.groovy:20)
	at com.kms.katalon.core.webui.keyword.builtin.VerifyTextPresentKeyword.verifyTextPresent(VerifyTextPresentKeyword.groovy:83)
	at com.kms.katalon.core.webui.keyword.builtin.VerifyTextPresentKeyword.execute(VerifyTextPresentKeyword.groovy:68)
	at com.kms.katalon.core.keyword.internal.KeywordExecutor.executeKeywordForPlatform(KeywordExecutor.groovy:74)
	at com.kms.katalon.core.webui.keyword.WebUiBuiltInKeywords.verifyTextPresent(WebUiBuiltInKeywords.groovy:1723)
	at com.kms.katalon.core.webui.keyword.WebUiBuiltInKeywords$verifyTextPresent$5.call(Unknown Source)
	at AddUserSpCharFirstNameError.run(AddUserSpCharFirstNameError:86)
	at com.kms.katalon.core.main.ScriptEngine.run(ScriptEngine.java:194)
	at com.kms.katalon.core.main.ScriptEngine.runScriptAsRawText(ScriptEngine.java:119)
	at com.kms.katalon.core.main.TestCaseExecutor.runScript(TestCaseExecutor.java:442)
	at com.kms.katalon.core.main.TestCaseExecutor.doExecute(TestCaseExecutor.java:433)
	at com.kms.katalon.core.main.TestCaseExecutor.processExecutionPhase(TestCaseExecutor.java:412)
	at com.kms.katalon.core.main.TestCaseExecutor.accessMainPhase(TestCaseExecutor.java:404)
	at com.kms.katalon.core.main.TestCaseExecutor.execute(TestCaseExecutor.java:281)
	at com.kms.katalon.core.main.TestSuiteExecutor.accessTestCaseMainPhase(TestSuiteExecutor.java:202)
	at com.kms.katalon.core.main.TestSuiteExecutor.accessTestSuiteMainPhase(TestSuiteExecutor.java:164)
	at com.kms.katalon.core.main.TestSuiteExecutor.execute(TestSuiteExecutor.java:105)
	at com.kms.katalon.core.main.TestCaseMain.startTestSuite(TestCaseMain.java:185)
	at com.kms.katalon.core.main.TestCaseMain$startTestSuite$0.call(Unknown Source)
	at TempTestSuite1658350841568.run(TempTestSuite1658350841568.groovy:36)
)

2022-07-20 17:13:01 - [TEST_STEP][FAILED] - verifyTextPresent("Username may only be comprised of alphanumeric characters, the underscore "_" character, the at "@" symbol, and the period "."Username may only be comprised of alphanumeric characters, the underscore "_" character, the at "@" symbol, and the period "."", true): Text 'Username may only be comprised of alphanumeric characters, the underscore "_" character, the at "@" symbol, and the period "."Username may only be comprised of alphanumeric characters, the underscore "_" character, the at "@" symbol, and the period "."' is not present on page  using regular expression (Root cause: com.kms.katalon.core.exception.StepFailedException: Text 'Username may only be comprised of alphanumeric characters, the underscore "_" character, the at "@" symbol, and the period "."Username may only be comprised of alphanumeric characters, the underscore "_" character, the at "@" symbol, and the period "."' is not present on page  using regular expression
	at com.kms.katalon.core.webui.keyword.internal.WebUIKeywordMain.stepFailed(WebUIKeywordMain.groovy:64)
	at com.kms.katalon.core.webui.keyword.builtin.VerifyTextPresentKeyword$_verifyTextPresent_closure1.doCall(VerifyTextPresentKeyword.groovy:79)
	at com.kms.katalon.core.webui.keyword.builtin.VerifyTextPresentKeyword$_verifyTextPresent_closure1.call(VerifyTextPresentKeyword.groovy)
	at com.kms.katalon.core.webui.keyword.internal.WebUIKeywordMain.runKeyword(WebUIKeywordMain.groovy:20)
	at com.kms.katalon.core.webui.keyword.builtin.VerifyTextPresentKeyword.verifyTextPresent(VerifyTextPresentKeyword.groovy:83)
	at com.kms.katalon.core.webui.keyword.builtin.VerifyTextPresentKeyword.execute(VerifyTextPresentKeyword.groovy:68)
	at com.kms.katalon.core.keyword.internal.KeywordExecutor.executeKeywordForPlatform(KeywordExecutor.groovy:74)
	at com.kms.katalon.core.webui.keyword.WebUiBuiltInKeywords.verifyTextPresent(WebUiBuiltInKeywords.groovy:1723)
	at com.kms.katalon.core.webui.keyword.WebUiBuiltInKeywords$verifyTextPresent$5.call(Unknown Source)
	at AddUserSpCharFirstNameError.run(AddUserSpCharFirstNameError:87)
	at com.kms.katalon.core.main.ScriptEngine.run(ScriptEngine.java:194)
	at com.kms.katalon.core.main.ScriptEngine.runScriptAsRawText(ScriptEngine.java:119)
	at com.kms.katalon.core.main.TestCaseExecutor.runScript(TestCaseExecutor.java:442)
	at com.kms.katalon.core.main.TestCaseExecutor.doExecute(TestCaseExecutor.java:433)
	at com.kms.katalon.core.main.TestCaseExecutor.processExecutionPhase(TestCaseExecutor.java:412)
	at com.kms.katalon.core.main.TestCaseExecutor.accessMainPhase(TestCaseExecutor.java:404)
	at com.kms.katalon.core.main.TestCaseExecutor.execute(TestCaseExecutor.java:281)
	at com.kms.katalon.core.main.TestSuiteExecutor.accessTestCaseMainPhase(TestSuiteExecutor.java:202)
	at com.kms.katalon.core.main.TestSuiteExecutor.accessTestSuiteMainPhase(TestSuiteExecutor.java:164)
	at com.kms.katalon.core.main.TestSuiteExecutor.execute(TestSuiteExecutor.java:105)
	at com.kms.katalon.core.main.TestCaseMain.startTestSuite(TestCaseMain.java:185)
	at com.kms.katalon.core.main.TestCaseMain$startTestSuite$0.call(Unknown Source)
	at TempTestSuite1658350841568.run(TempTestSuite1658350841568.groovy:36)
)

2022-07-20 17:13:02 - [MESSAGE][FAILED] - Text 'Username may only be comprised of alphanumeric characters, the underscore "_" character, the at "@" symbol, and the period "."Username may only be comprised of alphanumeric characters, the underscore "_" character, the at "@" symbol, and the period "."' is not present on page  using regular expression (Root cause: com.kms.katalon.core.exception.StepFailedException: Text 'Username may only be comprised of alphanumeric characters, the underscore "_" character, the at "@" symbol, and the period "."Username may only be comprised of alphanumeric characters, the underscore "_" character, the at "@" symbol, and the period "."' is not present on page  using regular expression
	at com.kms.katalon.core.webui.keyword.internal.WebUIKeywordMain.stepFailed(WebUIKeywordMain.groovy:64)
	at com.kms.katalon.core.webui.keyword.builtin.VerifyTextPresentKeyword$_verifyTextPresent_closure1.doCall(VerifyTextPresentKeyword.groovy:79)
	at com.kms.katalon.core.webui.keyword.builtin.VerifyTextPresentKeyword$_verifyTextPresent_closure1.call(VerifyTextPresentKeyword.groovy)
	at com.kms.katalon.core.webui.keyword.internal.WebUIKeywordMain.runKeyword(WebUIKeywordMain.groovy:20)
	at com.kms.katalon.core.webui.keyword.builtin.VerifyTextPresentKeyword.verifyTextPresent(VerifyTextPresentKeyword.groovy:83)
	at com.kms.katalon.core.webui.keyword.builtin.VerifyTextPresentKeyword.execute(VerifyTextPresentKeyword.groovy:68)
	at com.kms.katalon.core.keyword.internal.KeywordExecutor.executeKeywordForPlatform(KeywordExecutor.groovy:74)
	at com.kms.katalon.core.webui.keyword.WebUiBuiltInKeywords.verifyTextPresent(WebUiBuiltInKeywords.groovy:1723)
	at com.kms.katalon.core.webui.keyword.WebUiBuiltInKeywords$verifyTextPresent$5.call(Unknown Source)
	at AddUserSpCharFirstNameError.run(AddUserSpCharFirstNameError:87)
	at com.kms.katalon.core.main.ScriptEngine.run(ScriptEngine.java:194)
	at com.kms.katalon.core.main.ScriptEngine.runScriptAsRawText(ScriptEngine.java:119)
	at com.kms.katalon.core.main.TestCaseExecutor.runScript(TestCaseExecutor.java:442)
	at com.kms.katalon.core.main.TestCaseExecutor.doExecute(TestCaseExecutor.java:433)
	at com.kms.katalon.core.main.TestCaseExecutor.processExecutionPhase(TestCaseExecutor.java:412)
	at com.kms.katalon.core.main.TestCaseExecutor.accessMainPhase(TestCaseExecutor.java:404)
	at com.kms.katalon.core.main.TestCaseExecutor.execute(TestCaseExecutor.java:281)
	at com.kms.katalon.core.main.TestSuiteExecutor.accessTestCaseMainPhase(TestSuiteExecutor.java:202)
	at com.kms.katalon.core.main.TestSuiteExecutor.accessTestSuiteMainPhase(TestSuiteExecutor.java:164)
	at com.kms.katalon.core.main.TestSuiteExecutor.execute(TestSuiteExecutor.java:105)
	at com.kms.katalon.core.main.TestCaseMain.startTestSuite(TestCaseMain.java:185)
	at com.kms.katalon.core.main.TestCaseMain$startTestSuite$0.call(Unknown Source)
	at TempTestSuite1658350841568.run(TempTestSuite1658350841568.groovy:36)
)

2022-07-20 17:13:02 - [TEST_STEP][PASSED] - closeBrowser(): Browser is closed

2022-07-20 17:13:03 - [MESSAGE][PASSED] - Browser is closed

2022-07-20 17:13:03 - [TEST_STEP][PASSED] - ExecuteTC = findTestData(dataFile).getValue("Execute", row): null

2022-07-20 17:13:03 - [TEST_STEP][PASSED] - out.println("Value of Execute is : " + ExecuteTC): null

2022-07-20 17:13:03 - [TEST_STEP][FAILED] - if (ExecuteTC.equalsIgnoreCase("Y")): null

2022-07-20 17:13:03 - [TEST_STEP][PASSED] - out.println("Begin Record Number: " + row): null

2022-07-20 17:13:03 - [TEST_STEP][PASSED] - adminSuiteBootstrap.loginFunctionality.login_AdminSuite(): adminSuiteBootstrap.loginFunctionality.login_AdminSuite is PASSED

2022-07-20 17:13:03 - [MESSAGE][INFO] - Starting 'Chrome' driver

2022-07-20 17:13:03 - [MESSAGE][INFO] - User set preference: ['acceptInsecureCerts', 'true']

2022-07-20 17:13:03 - [MESSAGE][INFO] - Action delay is set to 0 milliseconds

2022-07-20 17:13:08 - [MESSAGE][PASSED] - Browser is opened with url: 'https://demo.velocitypayment.com/admin/imtiazdemo'

2022-07-20 17:13:08 - [MESSAGE][PASSED] - Current window maximized

2022-07-20 17:13:08 - [MESSAGE][PASSED] - Object 'Object Repository/Login_Page/Login_Username' is present

2022-07-20 17:13:09 - [MESSAGE][PASSED] - Text 'iahmed' is set on object 'Object Repository/Login_Page/Login_Username'

2022-07-20 17:13:09 - [MESSAGE][PASSED] - Text 'hello2222' is set on object 'Object Repository/Login_Page/Login_Password'

2022-07-20 17:13:13 - [MESSAGE][PASSED] - Object: 'Object Repository/Login_Page/Login_Submit' is clicked on

2022-07-20 17:13:13 - [MESSAGE][PASSED] - adminSuiteBootstrap.loginFunctionality.login_AdminSuite is PASSED

2022-07-20 17:13:13 - [TEST_STEP][PASSED] - click(findTestObject(path_Dashboard + "a_Access User Management")): Object: 'Object Repository/AdminSuiteBootstrap_Pages/Dashboard_Bootstrap/a_Access User Management' is clicked on

2022-07-20 17:13:16 - [MESSAGE][PASSED] - Object: 'Object Repository/AdminSuiteBootstrap_Pages/Dashboard_Bootstrap/a_Access User Management' is clicked on

2022-07-20 17:13:16 - [TEST_STEP][PASSED] - click(findTestObject(path_Users + "a_Add User")): Object: 'Object Repository/AdminSuiteBootstrap_Pages/UM_Bootstrap/Users/a_Add User' is clicked on

2022-07-20 17:13:17 - [MESSAGE][PASSED] - Object: 'Object Repository/AdminSuiteBootstrap_Pages/UM_Bootstrap/Users/a_Add User' is clicked on

2022-07-20 17:13:17 - [TEST_STEP][PASSED] - buildUsername = pages.GenerateRandom.getRandomAlpha(): pages.GenerateRandom.getRandomAlpha is PASSED

2022-07-20 17:13:17 - [MESSAGE][PASSED] - pages.GenerateRandom.getRandomAlpha is PASSED

2022-07-20 17:13:17 - [TEST_STEP][PASSED] - prefixUsername = findTestData(dataFile).getValue("Firstname", row): null

2022-07-20 17:13:17 - [TEST_STEP][PASSED] - spUsername = prefixUsername + buildUsername: null

2022-07-20 17:13:17 - [TEST_STEP][PASSED] - setText(findTestObject(path_AddUser + "input_EmailAddress"), "iahmed@govolution.com"): Text 'iahmed@govolution.com' is set on object 'Object Repository/AdminSuiteBootstrap_Pages/UM_Bootstrap/AddUser/input_EmailAddress'

2022-07-20 17:13:17 - [MESSAGE][PASSED] - Text 'iahmed@govolution.com' is set on object 'Object Repository/AdminSuiteBootstrap_Pages/UM_Bootstrap/AddUser/input_EmailAddress'

2022-07-20 17:13:17 - [TEST_STEP][PASSED] - setText(findTestObject(path_AddUser + "input_Username"), buildUsername): Text 'dXfcBRNpL' is set on object 'Object Repository/AdminSuiteBootstrap_Pages/UM_Bootstrap/AddUser/input_Username'

2022-07-20 17:13:18 - [MESSAGE][PASSED] - Text 'dXfcBRNpL' is set on object 'Object Repository/AdminSuiteBootstrap_Pages/UM_Bootstrap/AddUser/input_Username'

2022-07-20 17:13:18 - [TEST_STEP][PASSED] - setText(findTestObject(path_AddUser + "input_FirstName"), spUsername): Text '+dXfcBRNpL' is set on object 'Object Repository/AdminSuiteBootstrap_Pages/UM_Bootstrap/AddUser/input_FirstName'

2022-07-20 17:13:19 - [MESSAGE][PASSED] - Text '+dXfcBRNpL' is set on object 'Object Repository/AdminSuiteBootstrap_Pages/UM_Bootstrap/AddUser/input_FirstName'

2022-07-20 17:13:19 - [TEST_STEP][PASSED] - setText(findTestObject(path_AddUser + "input_LastName"), "Luka"): Text 'Luka' is set on object 'Object Repository/AdminSuiteBootstrap_Pages/UM_Bootstrap/AddUser/input_LastName'

2022-07-20 17:13:19 - [MESSAGE][PASSED] - Text 'Luka' is set on object 'Object Repository/AdminSuiteBootstrap_Pages/UM_Bootstrap/AddUser/input_LastName'

2022-07-20 17:13:19 - [TEST_STEP][PASSED] - setText(findTestObject(path_AddUser + "input_Password"), "hello6666"): Text 'hello6666' is set on object 'Object Repository/AdminSuiteBootstrap_Pages/UM_Bootstrap/AddUser/input_Password'

2022-07-20 17:13:20 - [MESSAGE][PASSED] - Text 'hello6666' is set on object 'Object Repository/AdminSuiteBootstrap_Pages/UM_Bootstrap/AddUser/input_Password'

2022-07-20 17:13:20 - [TEST_STEP][PASSED] - setText(findTestObject(path_AddUser + "input_ConfirmPassword"), "hello6666"): Text 'hello6666' is set on object 'Object Repository/AdminSuiteBootstrap_Pages/UM_Bootstrap/AddUser/input_ConfirmPassword'

2022-07-20 17:13:21 - [MESSAGE][PASSED] - Text 'hello6666' is set on object 'Object Repository/AdminSuiteBootstrap_Pages/UM_Bootstrap/AddUser/input_ConfirmPassword'

2022-07-20 17:13:21 - [TEST_STEP][PASSED] - check(findTestObject(path_AddUser + "input_No_lock")): Object 'Object Repository/AdminSuiteBootstrap_Pages/UM_Bootstrap/AddUser/input_No_lock' is checked

2022-07-20 17:13:21 - [MESSAGE][PASSED] - Object 'Object Repository/AdminSuiteBootstrap_Pages/UM_Bootstrap/AddUser/input_No_lock' is checked

2022-07-20 17:13:21 - [TEST_STEP][PASSED] - click(findTestObject(path_AddUser + "button_Create")): Object: 'Object Repository/AdminSuiteBootstrap_Pages/UM_Bootstrap/AddUser/button_Create' is clicked on

2022-07-20 17:13:25 - [MESSAGE][PASSED] - Object: 'Object Repository/AdminSuiteBootstrap_Pages/UM_Bootstrap/AddUser/button_Create' is clicked on

2022-07-20 17:13:25 - [TEST_STEP][FAILED] - verifyTextPresent("Error! Please provide the following required information as indicated below", true): Text 'Error! Please provide the following required information as indicated below' is not present on page  using regular expression (Root cause: com.kms.katalon.core.exception.StepFailedException: Text 'Error! Please provide the following required information as indicated below' is not present on page  using regular expression
	at com.kms.katalon.core.webui.keyword.internal.WebUIKeywordMain.stepFailed(WebUIKeywordMain.groovy:64)
	at com.kms.katalon.core.webui.keyword.builtin.VerifyTextPresentKeyword$_verifyTextPresent_closure1.doCall(VerifyTextPresentKeyword.groovy:79)
	at com.kms.katalon.core.webui.keyword.builtin.VerifyTextPresentKeyword$_verifyTextPresent_closure1.call(VerifyTextPresentKeyword.groovy)
	at com.kms.katalon.core.webui.keyword.internal.WebUIKeywordMain.runKeyword(WebUIKeywordMain.groovy:20)
	at com.kms.katalon.core.webui.keyword.builtin.VerifyTextPresentKeyword.verifyTextPresent(VerifyTextPresentKeyword.groovy:83)
	at com.kms.katalon.core.webui.keyword.builtin.VerifyTextPresentKeyword.execute(VerifyTextPresentKeyword.groovy:68)
	at com.kms.katalon.core.keyword.internal.KeywordExecutor.executeKeywordForPlatform(KeywordExecutor.groovy:74)
	at com.kms.katalon.core.webui.keyword.WebUiBuiltInKeywords.verifyTextPresent(WebUiBuiltInKeywords.groovy:1723)
	at com.kms.katalon.core.webui.keyword.WebUiBuiltInKeywords$verifyTextPresent$5.call(Unknown Source)
	at AddUserSpCharFirstNameError.run(AddUserSpCharFirstNameError:86)
	at com.kms.katalon.core.main.ScriptEngine.run(ScriptEngine.java:194)
	at com.kms.katalon.core.main.ScriptEngine.runScriptAsRawText(ScriptEngine.java:119)
	at com.kms.katalon.core.main.TestCaseExecutor.runScript(TestCaseExecutor.java:442)
	at com.kms.katalon.core.main.TestCaseExecutor.doExecute(TestCaseExecutor.java:433)
	at com.kms.katalon.core.main.TestCaseExecutor.processExecutionPhase(TestCaseExecutor.java:412)
	at com.kms.katalon.core.main.TestCaseExecutor.accessMainPhase(TestCaseExecutor.java:404)
	at com.kms.katalon.core.main.TestCaseExecutor.execute(TestCaseExecutor.java:281)
	at com.kms.katalon.core.main.TestSuiteExecutor.accessTestCaseMainPhase(TestSuiteExecutor.java:202)
	at com.kms.katalon.core.main.TestSuiteExecutor.accessTestSuiteMainPhase(TestSuiteExecutor.java:164)
	at com.kms.katalon.core.main.TestSuiteExecutor.execute(TestSuiteExecutor.java:105)
	at com.kms.katalon.core.main.TestCaseMain.startTestSuite(TestCaseMain.java:185)
	at com.kms.katalon.core.main.TestCaseMain$startTestSuite$0.call(Unknown Source)
	at TempTestSuite1658350841568.run(TempTestSuite1658350841568.groovy:36)
)

2022-07-20 17:13:25 - [MESSAGE][FAILED] - Text 'Error! Please provide the following required information as indicated below' is not present on page  using regular expression (Root cause: com.kms.katalon.core.exception.StepFailedException: Text 'Error! Please provide the following required information as indicated below' is not present on page  using regular expression
	at com.kms.katalon.core.webui.keyword.internal.WebUIKeywordMain.stepFailed(WebUIKeywordMain.groovy:64)
	at com.kms.katalon.core.webui.keyword.builtin.VerifyTextPresentKeyword$_verifyTextPresent_closure1.doCall(VerifyTextPresentKeyword.groovy:79)
	at com.kms.katalon.core.webui.keyword.builtin.VerifyTextPresentKeyword$_verifyTextPresent_closure1.call(VerifyTextPresentKeyword.groovy)
	at com.kms.katalon.core.webui.keyword.internal.WebUIKeywordMain.runKeyword(WebUIKeywordMain.groovy:20)
	at com.kms.katalon.core.webui.keyword.builtin.VerifyTextPresentKeyword.verifyTextPresent(VerifyTextPresentKeyword.groovy:83)
	at com.kms.katalon.core.webui.keyword.builtin.VerifyTextPresentKeyword.execute(VerifyTextPresentKeyword.groovy:68)
	at com.kms.katalon.core.keyword.internal.KeywordExecutor.executeKeywordForPlatform(KeywordExecutor.groovy:74)
	at com.kms.katalon.core.webui.keyword.WebUiBuiltInKeywords.verifyTextPresent(WebUiBuiltInKeywords.groovy:1723)
	at com.kms.katalon.core.webui.keyword.WebUiBuiltInKeywords$verifyTextPresent$5.call(Unknown Source)
	at AddUserSpCharFirstNameError.run(AddUserSpCharFirstNameError:86)
	at com.kms.katalon.core.main.ScriptEngine.run(ScriptEngine.java:194)
	at com.kms.katalon.core.main.ScriptEngine.runScriptAsRawText(ScriptEngine.java:119)
	at com.kms.katalon.core.main.TestCaseExecutor.runScript(TestCaseExecutor.java:442)
	at com.kms.katalon.core.main.TestCaseExecutor.doExecute(TestCaseExecutor.java:433)
	at com.kms.katalon.core.main.TestCaseExecutor.processExecutionPhase(TestCaseExecutor.java:412)
	at com.kms.katalon.core.main.TestCaseExecutor.accessMainPhase(TestCaseExecutor.java:404)
	at com.kms.katalon.core.main.TestCaseExecutor.execute(TestCaseExecutor.java:281)
	at com.kms.katalon.core.main.TestSuiteExecutor.accessTestCaseMainPhase(TestSuiteExecutor.java:202)
	at com.kms.katalon.core.main.TestSuiteExecutor.accessTestSuiteMainPhase(TestSuiteExecutor.java:164)
	at com.kms.katalon.core.main.TestSuiteExecutor.execute(TestSuiteExecutor.java:105)
	at com.kms.katalon.core.main.TestCaseMain.startTestSuite(TestCaseMain.java:185)
	at com.kms.katalon.core.main.TestCaseMain$startTestSuite$0.call(Unknown Source)
	at TempTestSuite1658350841568.run(TempTestSuite1658350841568.groovy:36)
)

2022-07-20 17:13:25 - [TEST_STEP][FAILED] - verifyTextPresent("Username may only be comprised of alphanumeric characters, the underscore "_" character, the at "@" symbol, and the period "."Username may only be comprised of alphanumeric characters, the underscore "_" character, the at "@" symbol, and the period "."", true): Text 'Username may only be comprised of alphanumeric characters, the underscore "_" character, the at "@" symbol, and the period "."Username may only be comprised of alphanumeric characters, the underscore "_" character, the at "@" symbol, and the period "."' is not present on page  using regular expression (Root cause: com.kms.katalon.core.exception.StepFailedException: Text 'Username may only be comprised of alphanumeric characters, the underscore "_" character, the at "@" symbol, and the period "."Username may only be comprised of alphanumeric characters, the underscore "_" character, the at "@" symbol, and the period "."' is not present on page  using regular expression
	at com.kms.katalon.core.webui.keyword.internal.WebUIKeywordMain.stepFailed(WebUIKeywordMain.groovy:64)
	at com.kms.katalon.core.webui.keyword.builtin.VerifyTextPresentKeyword$_verifyTextPresent_closure1.doCall(VerifyTextPresentKeyword.groovy:79)
	at com.kms.katalon.core.webui.keyword.builtin.VerifyTextPresentKeyword$_verifyTextPresent_closure1.call(VerifyTextPresentKeyword.groovy)
	at com.kms.katalon.core.webui.keyword.internal.WebUIKeywordMain.runKeyword(WebUIKeywordMain.groovy:20)
	at com.kms.katalon.core.webui.keyword.builtin.VerifyTextPresentKeyword.verifyTextPresent(VerifyTextPresentKeyword.groovy:83)
	at com.kms.katalon.core.webui.keyword.builtin.VerifyTextPresentKeyword.execute(VerifyTextPresentKeyword.groovy:68)
	at com.kms.katalon.core.keyword.internal.KeywordExecutor.executeKeywordForPlatform(KeywordExecutor.groovy:74)
	at com.kms.katalon.core.webui.keyword.WebUiBuiltInKeywords.verifyTextPresent(WebUiBuiltInKeywords.groovy:1723)
	at com.kms.katalon.core.webui.keyword.WebUiBuiltInKeywords$verifyTextPresent$5.call(Unknown Source)
	at AddUserSpCharFirstNameError.run(AddUserSpCharFirstNameError:87)
	at com.kms.katalon.core.main.ScriptEngine.run(ScriptEngine.java:194)
	at com.kms.katalon.core.main.ScriptEngine.runScriptAsRawText(ScriptEngine.java:119)
	at com.kms.katalon.core.main.TestCaseExecutor.runScript(TestCaseExecutor.java:442)
	at com.kms.katalon.core.main.TestCaseExecutor.doExecute(TestCaseExecutor.java:433)
	at com.kms.katalon.core.main.TestCaseExecutor.processExecutionPhase(TestCaseExecutor.java:412)
	at com.kms.katalon.core.main.TestCaseExecutor.accessMainPhase(TestCaseExecutor.java:404)
	at com.kms.katalon.core.main.TestCaseExecutor.execute(TestCaseExecutor.java:281)
	at com.kms.katalon.core.main.TestSuiteExecutor.accessTestCaseMainPhase(TestSuiteExecutor.java:202)
	at com.kms.katalon.core.main.TestSuiteExecutor.accessTestSuiteMainPhase(TestSuiteExecutor.java:164)
	at com.kms.katalon.core.main.TestSuiteExecutor.execute(TestSuiteExecutor.java:105)
	at com.kms.katalon.core.main.TestCaseMain.startTestSuite(TestCaseMain.java:185)
	at com.kms.katalon.core.main.TestCaseMain$startTestSuite$0.call(Unknown Source)
	at TempTestSuite1658350841568.run(TempTestSuite1658350841568.groovy:36)
)

2022-07-20 17:13:25 - [MESSAGE][FAILED] - Text 'Username may only be comprised of alphanumeric characters, the underscore "_" character, the at "@" symbol, and the period "."Username may only be comprised of alphanumeric characters, the underscore "_" character, the at "@" symbol, and the period "."' is not present on page  using regular expression (Root cause: com.kms.katalon.core.exception.StepFailedException: Text 'Username may only be comprised of alphanumeric characters, the underscore "_" character, the at "@" symbol, and the period "."Username may only be comprised of alphanumeric characters, the underscore "_" character, the at "@" symbol, and the period "."' is not present on page  using regular expression
	at com.kms.katalon.core.webui.keyword.internal.WebUIKeywordMain.stepFailed(WebUIKeywordMain.groovy:64)
	at com.kms.katalon.core.webui.keyword.builtin.VerifyTextPresentKeyword$_verifyTextPresent_closure1.doCall(VerifyTextPresentKeyword.groovy:79)
	at com.kms.katalon.core.webui.keyword.builtin.VerifyTextPresentKeyword$_verifyTextPresent_closure1.call(VerifyTextPresentKeyword.groovy)
	at com.kms.katalon.core.webui.keyword.internal.WebUIKeywordMain.runKeyword(WebUIKeywordMain.groovy:20)
	at com.kms.katalon.core.webui.keyword.builtin.VerifyTextPresentKeyword.verifyTextPresent(VerifyTextPresentKeyword.groovy:83)
	at com.kms.katalon.core.webui.keyword.builtin.VerifyTextPresentKeyword.execute(VerifyTextPresentKeyword.groovy:68)
	at com.kms.katalon.core.keyword.internal.KeywordExecutor.executeKeywordForPlatform(KeywordExecutor.groovy:74)
	at com.kms.katalon.core.webui.keyword.WebUiBuiltInKeywords.verifyTextPresent(WebUiBuiltInKeywords.groovy:1723)
	at com.kms.katalon.core.webui.keyword.WebUiBuiltInKeywords$verifyTextPresent$5.call(Unknown Source)
	at AddUserSpCharFirstNameError.run(AddUserSpCharFirstNameError:87)
	at com.kms.katalon.core.main.ScriptEngine.run(ScriptEngine.java:194)
	at com.kms.katalon.core.main.ScriptEngine.runScriptAsRawText(ScriptEngine.java:119)
	at com.kms.katalon.core.main.TestCaseExecutor.runScript(TestCaseExecutor.java:442)
	at com.kms.katalon.core.main.TestCaseExecutor.doExecute(TestCaseExecutor.java:433)
	at com.kms.katalon.core.main.TestCaseExecutor.processExecutionPhase(TestCaseExecutor.java:412)
	at com.kms.katalon.core.main.TestCaseExecutor.accessMainPhase(TestCaseExecutor.java:404)
	at com.kms.katalon.core.main.TestCaseExecutor.execute(TestCaseExecutor.java:281)
	at com.kms.katalon.core.main.TestSuiteExecutor.accessTestCaseMainPhase(TestSuiteExecutor.java:202)
	at com.kms.katalon.core.main.TestSuiteExecutor.accessTestSuiteMainPhase(TestSuiteExecutor.java:164)
	at com.kms.katalon.core.main.TestSuiteExecutor.execute(TestSuiteExecutor.java:105)
	at com.kms.katalon.core.main.TestCaseMain.startTestSuite(TestCaseMain.java:185)
	at com.kms.katalon.core.main.TestCaseMain$startTestSuite$0.call(Unknown Source)
	at TempTestSuite1658350841568.run(TempTestSuite1658350841568.groovy:36)
)

2022-07-20 17:13:25 - [TEST_STEP][PASSED] - closeBrowser(): Browser is closed

2022-07-20 17:13:26 - [MESSAGE][PASSED] - Browser is closed

2022-07-20 17:13:26 - [TEST_STEP][PASSED] - ExecuteTC = findTestData(dataFile).getValue("Execute", row): null

2022-07-20 17:13:26 - [TEST_STEP][PASSED] - out.println("Value of Execute is : " + ExecuteTC): null

2022-07-20 17:13:26 - [TEST_STEP][FAILED] - if (ExecuteTC.equalsIgnoreCase("Y")): null

2022-07-20 17:13:26 - [TEST_STEP][PASSED] - out.println("Begin Record Number: " + row): null

2022-07-20 17:13:26 - [TEST_STEP][PASSED] - adminSuiteBootstrap.loginFunctionality.login_AdminSuite(): adminSuiteBootstrap.loginFunctionality.login_AdminSuite is PASSED

2022-07-20 17:13:26 - [MESSAGE][INFO] - Starting 'Chrome' driver

2022-07-20 17:13:26 - [MESSAGE][INFO] - User set preference: ['acceptInsecureCerts', 'true']

2022-07-20 17:13:26 - [MESSAGE][INFO] - Action delay is set to 0 milliseconds

2022-07-20 17:13:29 - [MESSAGE][PASSED] - Browser is opened with url: 'https://demo.velocitypayment.com/admin/imtiazdemo'

2022-07-20 17:13:29 - [MESSAGE][PASSED] - Current window maximized

2022-07-20 17:13:29 - [MESSAGE][PASSED] - Object 'Object Repository/Login_Page/Login_Username' is present

2022-07-20 17:13:30 - [MESSAGE][PASSED] - Text 'iahmed' is set on object 'Object Repository/Login_Page/Login_Username'

2022-07-20 17:13:31 - [MESSAGE][PASSED] - Text 'hello2222' is set on object 'Object Repository/Login_Page/Login_Password'

2022-07-20 17:13:34 - [MESSAGE][PASSED] - Object: 'Object Repository/Login_Page/Login_Submit' is clicked on

2022-07-20 17:13:34 - [MESSAGE][PASSED] - adminSuiteBootstrap.loginFunctionality.login_AdminSuite is PASSED

2022-07-20 17:13:34 - [TEST_STEP][PASSED] - click(findTestObject(path_Dashboard + "a_Access User Management")): Object: 'Object Repository/AdminSuiteBootstrap_Pages/Dashboard_Bootstrap/a_Access User Management' is clicked on

2022-07-20 17:13:36 - [MESSAGE][PASSED] - Object: 'Object Repository/AdminSuiteBootstrap_Pages/Dashboard_Bootstrap/a_Access User Management' is clicked on

2022-07-20 17:13:36 - [TEST_STEP][PASSED] - click(findTestObject(path_Users + "a_Add User")): Object: 'Object Repository/AdminSuiteBootstrap_Pages/UM_Bootstrap/Users/a_Add User' is clicked on

2022-07-20 17:13:37 - [MESSAGE][PASSED] - Object: 'Object Repository/AdminSuiteBootstrap_Pages/UM_Bootstrap/Users/a_Add User' is clicked on

2022-07-20 17:13:37 - [TEST_STEP][PASSED] - buildUsername = pages.GenerateRandom.getRandomAlpha(): pages.GenerateRandom.getRandomAlpha is PASSED

2022-07-20 17:13:37 - [MESSAGE][PASSED] - pages.GenerateRandom.getRandomAlpha is PASSED

2022-07-20 17:13:37 - [TEST_STEP][PASSED] - prefixUsername = findTestData(dataFile).getValue("Firstname", row): null

2022-07-20 17:13:37 - [TEST_STEP][PASSED] - spUsername = prefixUsername + buildUsername: null

2022-07-20 17:13:37 - [TEST_STEP][PASSED] - setText(findTestObject(path_AddUser + "input_EmailAddress"), "iahmed@govolution.com"): Text 'iahmed@govolution.com' is set on object 'Object Repository/AdminSuiteBootstrap_Pages/UM_Bootstrap/AddUser/input_EmailAddress'

2022-07-20 17:13:37 - [MESSAGE][PASSED] - Text 'iahmed@govolution.com' is set on object 'Object Repository/AdminSuiteBootstrap_Pages/UM_Bootstrap/AddUser/input_EmailAddress'

2022-07-20 17:13:37 - [TEST_STEP][PASSED] - setText(findTestObject(path_AddUser + "input_Username"), buildUsername): Text 'LaCWYVxRZ' is set on object 'Object Repository/AdminSuiteBootstrap_Pages/UM_Bootstrap/AddUser/input_Username'

2022-07-20 17:13:38 - [MESSAGE][PASSED] - Text 'LaCWYVxRZ' is set on object 'Object Repository/AdminSuiteBootstrap_Pages/UM_Bootstrap/AddUser/input_Username'

2022-07-20 17:13:38 - [TEST_STEP][PASSED] - setText(findTestObject(path_AddUser + "input_FirstName"), spUsername): Text '@LaCWYVxRZ' is set on object 'Object Repository/AdminSuiteBootstrap_Pages/UM_Bootstrap/AddUser/input_FirstName'

2022-07-20 17:13:39 - [MESSAGE][PASSED] - Text '@LaCWYVxRZ' is set on object 'Object Repository/AdminSuiteBootstrap_Pages/UM_Bootstrap/AddUser/input_FirstName'

2022-07-20 17:13:39 - [TEST_STEP][PASSED] - setText(findTestObject(path_AddUser + "input_LastName"), "Luka"): Text 'Luka' is set on object 'Object Repository/AdminSuiteBootstrap_Pages/UM_Bootstrap/AddUser/input_LastName'

2022-07-20 17:13:39 - [MESSAGE][PASSED] - Text 'Luka' is set on object 'Object Repository/AdminSuiteBootstrap_Pages/UM_Bootstrap/AddUser/input_LastName'

2022-07-20 17:13:39 - [TEST_STEP][PASSED] - setText(findTestObject(path_AddUser + "input_Password"), "hello6666"): Text 'hello6666' is set on object 'Object Repository/AdminSuiteBootstrap_Pages/UM_Bootstrap/AddUser/input_Password'

2022-07-20 17:13:40 - [MESSAGE][PASSED] - Text 'hello6666' is set on object 'Object Repository/AdminSuiteBootstrap_Pages/UM_Bootstrap/AddUser/input_Password'

2022-07-20 17:13:40 - [TEST_STEP][PASSED] - setText(findTestObject(path_AddUser + "input_ConfirmPassword"), "hello6666"): Text 'hello6666' is set on object 'Object Repository/AdminSuiteBootstrap_Pages/UM_Bootstrap/AddUser/input_ConfirmPassword'

2022-07-20 17:13:41 - [MESSAGE][PASSED] - Text 'hello6666' is set on object 'Object Repository/AdminSuiteBootstrap_Pages/UM_Bootstrap/AddUser/input_ConfirmPassword'

2022-07-20 17:13:41 - [TEST_STEP][PASSED] - check(findTestObject(path_AddUser + "input_No_lock")): Object 'Object Repository/AdminSuiteBootstrap_Pages/UM_Bootstrap/AddUser/input_No_lock' is checked

2022-07-20 17:13:41 - [MESSAGE][PASSED] - Object 'Object Repository/AdminSuiteBootstrap_Pages/UM_Bootstrap/AddUser/input_No_lock' is checked

2022-07-20 17:13:41 - [TEST_STEP][PASSED] - click(findTestObject(path_AddUser + "button_Create")): Object: 'Object Repository/AdminSuiteBootstrap_Pages/UM_Bootstrap/AddUser/button_Create' is clicked on

2022-07-20 17:13:44 - [MESSAGE][PASSED] - Object: 'Object Repository/AdminSuiteBootstrap_Pages/UM_Bootstrap/AddUser/button_Create' is clicked on

2022-07-20 17:13:44 - [TEST_STEP][FAILED] - verifyTextPresent("Error! Please provide the following required information as indicated below", true): Text 'Error! Please provide the following required information as indicated below' is not present on page  using regular expression (Root cause: com.kms.katalon.core.exception.StepFailedException: Text 'Error! Please provide the following required information as indicated below' is not present on page  using regular expression
	at com.kms.katalon.core.webui.keyword.internal.WebUIKeywordMain.stepFailed(WebUIKeywordMain.groovy:64)
	at com.kms.katalon.core.webui.keyword.builtin.VerifyTextPresentKeyword$_verifyTextPresent_closure1.doCall(VerifyTextPresentKeyword.groovy:79)
	at com.kms.katalon.core.webui.keyword.builtin.VerifyTextPresentKeyword$_verifyTextPresent_closure1.call(VerifyTextPresentKeyword.groovy)
	at com.kms.katalon.core.webui.keyword.internal.WebUIKeywordMain.runKeyword(WebUIKeywordMain.groovy:20)
	at com.kms.katalon.core.webui.keyword.builtin.VerifyTextPresentKeyword.verifyTextPresent(VerifyTextPresentKeyword.groovy:83)
	at com.kms.katalon.core.webui.keyword.builtin.VerifyTextPresentKeyword.execute(VerifyTextPresentKeyword.groovy:68)
	at com.kms.katalon.core.keyword.internal.KeywordExecutor.executeKeywordForPlatform(KeywordExecutor.groovy:74)
	at com.kms.katalon.core.webui.keyword.WebUiBuiltInKeywords.verifyTextPresent(WebUiBuiltInKeywords.groovy:1723)
	at com.kms.katalon.core.webui.keyword.WebUiBuiltInKeywords$verifyTextPresent$5.call(Unknown Source)
	at AddUserSpCharFirstNameError.run(AddUserSpCharFirstNameError:86)
	at com.kms.katalon.core.main.ScriptEngine.run(ScriptEngine.java:194)
	at com.kms.katalon.core.main.ScriptEngine.runScriptAsRawText(ScriptEngine.java:119)
	at com.kms.katalon.core.main.TestCaseExecutor.runScript(TestCaseExecutor.java:442)
	at com.kms.katalon.core.main.TestCaseExecutor.doExecute(TestCaseExecutor.java:433)
	at com.kms.katalon.core.main.TestCaseExecutor.processExecutionPhase(TestCaseExecutor.java:412)
	at com.kms.katalon.core.main.TestCaseExecutor.accessMainPhase(TestCaseExecutor.java:404)
	at com.kms.katalon.core.main.TestCaseExecutor.execute(TestCaseExecutor.java:281)
	at com.kms.katalon.core.main.TestSuiteExecutor.accessTestCaseMainPhase(TestSuiteExecutor.java:202)
	at com.kms.katalon.core.main.TestSuiteExecutor.accessTestSuiteMainPhase(TestSuiteExecutor.java:164)
	at com.kms.katalon.core.main.TestSuiteExecutor.execute(TestSuiteExecutor.java:105)
	at com.kms.katalon.core.main.TestCaseMain.startTestSuite(TestCaseMain.java:185)
	at com.kms.katalon.core.main.TestCaseMain$startTestSuite$0.call(Unknown Source)
	at TempTestSuite1658350841568.run(TempTestSuite1658350841568.groovy:36)
)

2022-07-20 17:13:45 - [MESSAGE][FAILED] - Text 'Error! Please provide the following required information as indicated below' is not present on page  using regular expression (Root cause: com.kms.katalon.core.exception.StepFailedException: Text 'Error! Please provide the following required information as indicated below' is not present on page  using regular expression
	at com.kms.katalon.core.webui.keyword.internal.WebUIKeywordMain.stepFailed(WebUIKeywordMain.groovy:64)
	at com.kms.katalon.core.webui.keyword.builtin.VerifyTextPresentKeyword$_verifyTextPresent_closure1.doCall(VerifyTextPresentKeyword.groovy:79)
	at com.kms.katalon.core.webui.keyword.builtin.VerifyTextPresentKeyword$_verifyTextPresent_closure1.call(VerifyTextPresentKeyword.groovy)
	at com.kms.katalon.core.webui.keyword.internal.WebUIKeywordMain.runKeyword(WebUIKeywordMain.groovy:20)
	at com.kms.katalon.core.webui.keyword.builtin.VerifyTextPresentKeyword.verifyTextPresent(VerifyTextPresentKeyword.groovy:83)
	at com.kms.katalon.core.webui.keyword.builtin.VerifyTextPresentKeyword.execute(VerifyTextPresentKeyword.groovy:68)
	at com.kms.katalon.core.keyword.internal.KeywordExecutor.executeKeywordForPlatform(KeywordExecutor.groovy:74)
	at com.kms.katalon.core.webui.keyword.WebUiBuiltInKeywords.verifyTextPresent(WebUiBuiltInKeywords.groovy:1723)
	at com.kms.katalon.core.webui.keyword.WebUiBuiltInKeywords$verifyTextPresent$5.call(Unknown Source)
	at AddUserSpCharFirstNameError.run(AddUserSpCharFirstNameError:86)
	at com.kms.katalon.core.main.ScriptEngine.run(ScriptEngine.java:194)
	at com.kms.katalon.core.main.ScriptEngine.runScriptAsRawText(ScriptEngine.java:119)
	at com.kms.katalon.core.main.TestCaseExecutor.runScript(TestCaseExecutor.java:442)
	at com.kms.katalon.core.main.TestCaseExecutor.doExecute(TestCaseExecutor.java:433)
	at com.kms.katalon.core.main.TestCaseExecutor.processExecutionPhase(TestCaseExecutor.java:412)
	at com.kms.katalon.core.main.TestCaseExecutor.accessMainPhase(TestCaseExecutor.java:404)
	at com.kms.katalon.core.main.TestCaseExecutor.execute(TestCaseExecutor.java:281)
	at com.kms.katalon.core.main.TestSuiteExecutor.accessTestCaseMainPhase(TestSuiteExecutor.java:202)
	at com.kms.katalon.core.main.TestSuiteExecutor.accessTestSuiteMainPhase(TestSuiteExecutor.java:164)
	at com.kms.katalon.core.main.TestSuiteExecutor.execute(TestSuiteExecutor.java:105)
	at com.kms.katalon.core.main.TestCaseMain.startTestSuite(TestCaseMain.java:185)
	at com.kms.katalon.core.main.TestCaseMain$startTestSuite$0.call(Unknown Source)
	at TempTestSuite1658350841568.run(TempTestSuite1658350841568.groovy:36)
)

2022-07-20 17:13:45 - [TEST_STEP][FAILED] - verifyTextPresent("Username may only be comprised of alphanumeric characters, the underscore "_" character, the at "@" symbol, and the period "."Username may only be comprised of alphanumeric characters, the underscore "_" character, the at "@" symbol, and the period "."", true): Text 'Username may only be comprised of alphanumeric characters, the underscore "_" character, the at "@" symbol, and the period "."Username may only be comprised of alphanumeric characters, the underscore "_" character, the at "@" symbol, and the period "."' is not present on page  using regular expression (Root cause: com.kms.katalon.core.exception.StepFailedException: Text 'Username may only be comprised of alphanumeric characters, the underscore "_" character, the at "@" symbol, and the period "."Username may only be comprised of alphanumeric characters, the underscore "_" character, the at "@" symbol, and the period "."' is not present on page  using regular expression
	at com.kms.katalon.core.webui.keyword.internal.WebUIKeywordMain.stepFailed(WebUIKeywordMain.groovy:64)
	at com.kms.katalon.core.webui.keyword.builtin.VerifyTextPresentKeyword$_verifyTextPresent_closure1.doCall(VerifyTextPresentKeyword.groovy:79)
	at com.kms.katalon.core.webui.keyword.builtin.VerifyTextPresentKeyword$_verifyTextPresent_closure1.call(VerifyTextPresentKeyword.groovy)
	at com.kms.katalon.core.webui.keyword.internal.WebUIKeywordMain.runKeyword(WebUIKeywordMain.groovy:20)
	at com.kms.katalon.core.webui.keyword.builtin.VerifyTextPresentKeyword.verifyTextPresent(VerifyTextPresentKeyword.groovy:83)
	at com.kms.katalon.core.webui.keyword.builtin.VerifyTextPresentKeyword.execute(VerifyTextPresentKeyword.groovy:68)
	at com.kms.katalon.core.keyword.internal.KeywordExecutor.executeKeywordForPlatform(KeywordExecutor.groovy:74)
	at com.kms.katalon.core.webui.keyword.WebUiBuiltInKeywords.verifyTextPresent(WebUiBuiltInKeywords.groovy:1723)
	at com.kms.katalon.core.webui.keyword.WebUiBuiltInKeywords$verifyTextPresent$5.call(Unknown Source)
	at AddUserSpCharFirstNameError.run(AddUserSpCharFirstNameError:87)
	at com.kms.katalon.core.main.ScriptEngine.run(ScriptEngine.java:194)
	at com.kms.katalon.core.main.ScriptEngine.runScriptAsRawText(ScriptEngine.java:119)
	at com.kms.katalon.core.main.TestCaseExecutor.runScript(TestCaseExecutor.java:442)
	at com.kms.katalon.core.main.TestCaseExecutor.doExecute(TestCaseExecutor.java:433)
	at com.kms.katalon.core.main.TestCaseExecutor.processExecutionPhase(TestCaseExecutor.java:412)
	at com.kms.katalon.core.main.TestCaseExecutor.accessMainPhase(TestCaseExecutor.java:404)
	at com.kms.katalon.core.main.TestCaseExecutor.execute(TestCaseExecutor.java:281)
	at com.kms.katalon.core.main.TestSuiteExecutor.accessTestCaseMainPhase(TestSuiteExecutor.java:202)
	at com.kms.katalon.core.main.TestSuiteExecutor.accessTestSuiteMainPhase(TestSuiteExecutor.java:164)
	at com.kms.katalon.core.main.TestSuiteExecutor.execute(TestSuiteExecutor.java:105)
	at com.kms.katalon.core.main.TestCaseMain.startTestSuite(TestCaseMain.java:185)
	at com.kms.katalon.core.main.TestCaseMain$startTestSuite$0.call(Unknown Source)
	at TempTestSuite1658350841568.run(TempTestSuite1658350841568.groovy:36)
)

2022-07-20 17:13:45 - [MESSAGE][FAILED] - Text 'Username may only be comprised of alphanumeric characters, the underscore "_" character, the at "@" symbol, and the period "."Username may only be comprised of alphanumeric characters, the underscore "_" character, the at "@" symbol, and the period "."' is not present on page  using regular expression (Root cause: com.kms.katalon.core.exception.StepFailedException: Text 'Username may only be comprised of alphanumeric characters, the underscore "_" character, the at "@" symbol, and the period "."Username may only be comprised of alphanumeric characters, the underscore "_" character, the at "@" symbol, and the period "."' is not present on page  using regular expression
	at com.kms.katalon.core.webui.keyword.internal.WebUIKeywordMain.stepFailed(WebUIKeywordMain.groovy:64)
	at com.kms.katalon.core.webui.keyword.builtin.VerifyTextPresentKeyword$_verifyTextPresent_closure1.doCall(VerifyTextPresentKeyword.groovy:79)
	at com.kms.katalon.core.webui.keyword.builtin.VerifyTextPresentKeyword$_verifyTextPresent_closure1.call(VerifyTextPresentKeyword.groovy)
	at com.kms.katalon.core.webui.keyword.internal.WebUIKeywordMain.runKeyword(WebUIKeywordMain.groovy:20)
	at com.kms.katalon.core.webui.keyword.builtin.VerifyTextPresentKeyword.verifyTextPresent(VerifyTextPresentKeyword.groovy:83)
	at com.kms.katalon.core.webui.keyword.builtin.VerifyTextPresentKeyword.execute(VerifyTextPresentKeyword.groovy:68)
	at com.kms.katalon.core.keyword.internal.KeywordExecutor.executeKeywordForPlatform(KeywordExecutor.groovy:74)
	at com.kms.katalon.core.webui.keyword.WebUiBuiltInKeywords.verifyTextPresent(WebUiBuiltInKeywords.groovy:1723)
	at com.kms.katalon.core.webui.keyword.WebUiBuiltInKeywords$verifyTextPresent$5.call(Unknown Source)
	at AddUserSpCharFirstNameError.run(AddUserSpCharFirstNameError:87)
	at com.kms.katalon.core.main.ScriptEngine.run(ScriptEngine.java:194)
	at com.kms.katalon.core.main.ScriptEngine.runScriptAsRawText(ScriptEngine.java:119)
	at com.kms.katalon.core.main.TestCaseExecutor.runScript(TestCaseExecutor.java:442)
	at com.kms.katalon.core.main.TestCaseExecutor.doExecute(TestCaseExecutor.java:433)
	at com.kms.katalon.core.main.TestCaseExecutor.processExecutionPhase(TestCaseExecutor.java:412)
	at com.kms.katalon.core.main.TestCaseExecutor.accessMainPhase(TestCaseExecutor.java:404)
	at com.kms.katalon.core.main.TestCaseExecutor.execute(TestCaseExecutor.java:281)
	at com.kms.katalon.core.main.TestSuiteExecutor.accessTestCaseMainPhase(TestSuiteExecutor.java:202)
	at com.kms.katalon.core.main.TestSuiteExecutor.accessTestSuiteMainPhase(TestSuiteExecutor.java:164)
	at com.kms.katalon.core.main.TestSuiteExecutor.execute(TestSuiteExecutor.java:105)
	at com.kms.katalon.core.main.TestCaseMain.startTestSuite(TestCaseMain.java:185)
	at com.kms.katalon.core.main.TestCaseMain$startTestSuite$0.call(Unknown Source)
	at TempTestSuite1658350841568.run(TempTestSuite1658350841568.groovy:36)
)

2022-07-20 17:13:45 - [TEST_STEP][PASSED] - closeBrowser(): Browser is closed

2022-07-20 17:13:46 - [MESSAGE][PASSED] - Browser is closed]]></system-out>
         <system-err><![CDATA[2022-07-20 17:12:18 - [TEST_CASE][FAILED] - Test Cases/Admin Suite Bootstrap/UM_TestCases/UsersErrors/AddUserSpCharFirstNameError: Test Cases/Admin Suite Bootstrap/UM_TestCases/UsersErrors/AddUserSpCharFirstNameError FAILED.
Reason:
com.kms.katalon.core.exception.StepFailedException: Text 'Error! Please provide the following required information as indicated below' is not present on page  using regular expression (Root cause: com.kms.katalon.core.exception.StepFailedException: Text 'Error! Please provide the following required information as indicated below' is not present on page  using regular expression
	at com.kms.katalon.core.webui.keyword.internal.WebUIKeywordMain.stepFailed(WebUIKeywordMain.groovy:64)
	at com.kms.katalon.core.webui.keyword.builtin.VerifyTextPresentKeyword$_verifyTextPresent_closure1.doCall(VerifyTextPresentKeyword.groovy:79)
	at com.kms.katalon.core.webui.keyword.builtin.VerifyTextPresentKeyword$_verifyTextPresent_closure1.call(VerifyTextPresentKeyword.groovy)
	at com.kms.katalon.core.webui.keyword.internal.WebUIKeywordMain.runKeyword(WebUIKeywordMain.groovy:20)
	at com.kms.katalon.core.webui.keyword.builtin.VerifyTextPresentKeyword.verifyTextPresent(VerifyTextPresentKeyword.groovy:83)
	at com.kms.katalon.core.webui.keyword.builtin.VerifyTextPresentKeyword.execute(VerifyTextPresentKeyword.groovy:68)
	at com.kms.katalon.core.keyword.internal.KeywordExecutor.executeKeywordForPlatform(KeywordExecutor.groovy:74)
	at com.kms.katalon.core.webui.keyword.WebUiBuiltInKeywords.verifyTextPresent(WebUiBuiltInKeywords.groovy:1723)
	at com.kms.katalon.core.webui.keyword.WebUiBuiltInKeywords$verifyTextPresent$5.call(Unknown Source)
	at AddUserSpCharFirstNameError.run(AddUserSpCharFirstNameError:86)
	at com.kms.katalon.core.main.ScriptEngine.run(ScriptEngine.java:194)
	at com.kms.katalon.core.main.ScriptEngine.runScriptAsRawText(ScriptEngine.java:119)
	at com.kms.katalon.core.main.TestCaseExecutor.runScript(TestCaseExecutor.java:442)
	at com.kms.katalon.core.main.TestCaseExecutor.doExecute(TestCaseExecutor.java:433)
	at com.kms.katalon.core.main.TestCaseExecutor.processExecutionPhase(TestCaseExecutor.java:412)
	at com.kms.katalon.core.main.TestCaseExecutor.accessMainPhase(TestCaseExecutor.java:404)
	at com.kms.katalon.core.main.TestCaseExecutor.execute(TestCaseExecutor.java:281)
	at com.kms.katalon.core.main.TestSuiteExecutor.accessTestCaseMainPhase(TestSuiteExecutor.java:202)
	at com.kms.katalon.core.main.TestSuiteExecutor.accessTestSuiteMainPhase(TestSuiteExecutor.java:164)
	at com.kms.katalon.core.main.TestSuiteExecutor.execute(TestSuiteExecutor.java:105)
	at com.kms.katalon.core.main.TestCaseMain.startTestSuite(TestCaseMain.java:185)
	at com.kms.katalon.core.main.TestCaseMain$startTestSuite$0.call(Unknown Source)
	at TempTestSuite1658350841568.run(TempTestSuite1658350841568.groovy:36)
)
	at com.kms.katalon.core.keyword.internal.KeywordMain.stepFailed(KeywordMain.groovy:39)
	at com.kms.katalon.core.webui.keyword.internal.WebUIKeywordMain.stepFailed(WebUIKeywordMain.groovy:64)
	at com.kms.katalon.core.webui.keyword.builtin.VerifyTextPresentKeyword$_verifyTextPresent_closure1.doCall(VerifyTextPresentKeyword.groovy:79)
	at com.kms.katalon.core.webui.keyword.builtin.VerifyTextPresentKeyword$_verifyTextPresent_closure1.call(VerifyTextPresentKeyword.groovy)
	at com.kms.katalon.core.webui.keyword.internal.WebUIKeywordMain.runKeyword(WebUIKeywordMain.groovy:20)
	at com.kms.katalon.core.webui.keyword.builtin.VerifyTextPresentKeyword.verifyTextPresent(VerifyTextPresentKeyword.groovy:83)
	at com.kms.katalon.core.webui.keyword.builtin.VerifyTextPresentKeyword.execute(VerifyTextPresentKeyword.groovy:68)
	at com.kms.katalon.core.keyword.internal.KeywordExecutor.executeKeywordForPlatform(KeywordExecutor.groovy:74)
	at com.kms.katalon.core.webui.keyword.WebUiBuiltInKeywords.verifyTextPresent(WebUiBuiltInKeywords.groovy:1723)
	at com.kms.katalon.core.webui.keyword.WebUiBuiltInKeywords$verifyTextPresent$5.call(Unknown Source)
	at AddUserSpCharFirstNameError.run(AddUserSpCharFirstNameError:86)
	at com.kms.katalon.core.main.ScriptEngine.run(ScriptEngine.java:194)
	at com.kms.katalon.core.main.ScriptEngine.runScriptAsRawText(ScriptEngine.java:119)
	at com.kms.katalon.core.main.TestCaseExecutor.runScript(TestCaseExecutor.java:442)
	at com.kms.katalon.core.main.TestCaseExecutor.doExecute(TestCaseExecutor.java:433)
	at com.kms.katalon.core.main.TestCaseExecutor.processExecutionPhase(TestCaseExecutor.java:412)
	at com.kms.katalon.core.main.TestCaseExecutor.accessMainPhase(TestCaseExecutor.java:404)
	at com.kms.katalon.core.main.TestCaseExecutor.execute(TestCaseExecutor.java:281)
	at com.kms.katalon.core.main.TestSuiteExecutor.accessTestCaseMainPhase(TestSuiteExecutor.java:202)
	at com.kms.katalon.core.main.TestSuiteExecutor.accessTestSuiteMainPhase(TestSuiteExecutor.java:164)
	at com.kms.katalon.core.main.TestSuiteExecutor.execute(TestSuiteExecutor.java:105)
	at com.kms.katalon.core.main.TestCaseMain.startTestSuite(TestCaseMain.java:185)
	at com.kms.katalon.core.main.TestCaseMain$startTestSuite$0.call(Unknown Source)
	at TempTestSuite1658350841568.run(TempTestSuite1658350841568.groovy:36)
Caused by: com.kms.katalon.core.exception.StepFailedException: Text 'Error! Please provide the following required information as indicated below' is not present on page  using regular expression
	... 23 more]]></system-err>
      </testcase>
      <testcase name="Test Cases/Admin Suite Bootstrap/UM_TestCases/UsersErrors/AddUserSpCharLastNameError" time="84.866" classname="Test Cases/Admin Suite Bootstrap/UM_TestCases/UsersErrors/AddUserSpCharLastNameError" status="FAILED">
         <failure type="FAILED" message="Test Cases/Admin Suite Bootstrap/UM_TestCases/UsersErrors/AddUserSpCharLastNameError FAILED.
Reason:
com.kms.katalon.core.exception.StepFailedException: Text 'Error! Please provide the following required information as indicated below' is not present on page  using regular expression (Root cause: com.kms.katalon.core.exception.StepFailedException: Text 'Error! Please provide the following required information as indicated below' is not present on page  using regular expression
	at com.kms.katalon.core.webui.keyword.internal.WebUIKeywordMain.stepFailed(WebUIKeywordMain.groovy:64)
	at com.kms.katalon.core.webui.keyword.builtin.VerifyTextPresentKeyword$_verifyTextPresent_closure1.doCall(VerifyTextPresentKeyword.groovy:79)
	at com.kms.katalon.core.webui.keyword.builtin.VerifyTextPresentKeyword$_verifyTextPresent_closure1.call(VerifyTextPresentKeyword.groovy)
	at com.kms.katalon.core.webui.keyword.internal.WebUIKeywordMain.runKeyword(WebUIKeywordMain.groovy:20)
	at com.kms.katalon.core.webui.keyword.builtin.VerifyTextPresentKeyword.verifyTextPresent(VerifyTextPresentKeyword.groovy:83)
	at com.kms.katalon.core.webui.keyword.builtin.VerifyTextPresentKeyword.execute(VerifyTextPresentKeyword.groovy:68)
	at com.kms.katalon.core.keyword.internal.KeywordExecutor.executeKeywordForPlatform(KeywordExecutor.groovy:74)
	at com.kms.katalon.core.webui.keyword.WebUiBuiltInKeywords.verifyTextPresent(WebUiBuiltInKeywords.groovy:1723)
	at com.kms.katalon.core.webui.keyword.WebUiBuiltInKeywords$verifyTextPresent$5.call(Unknown Source)
	at AddUserSpCharLastNameError.run(AddUserSpCharLastNameError:86)
	at com.kms.katalon.core.main.ScriptEngine.run(ScriptEngine.java:194)
	at com.kms.katalon.core.main.ScriptEngine.runScriptAsRawText(ScriptEngine.java:119)
	at com.kms.katalon.core.main.TestCaseExecutor.runScript(TestCaseExecutor.java:442)
	at com.kms.katalon.core.main.TestCaseExecutor.doExecute(TestCaseExecutor.java:433)
	at com.kms.katalon.core.main.TestCaseExecutor.processExecutionPhase(TestCaseExecutor.java:412)
	at com.kms.katalon.core.main.TestCaseExecutor.accessMainPhase(TestCaseExecutor.java:404)
	at com.kms.katalon.core.main.TestCaseExecutor.execute(TestCaseExecutor.java:281)
	at com.kms.katalon.core.main.TestSuiteExecutor.accessTestCaseMainPhase(TestSuiteExecutor.java:202)
	at com.kms.katalon.core.main.TestSuiteExecutor.accessTestSuiteMainPhase(TestSuiteExecutor.java:164)
	at com.kms.katalon.core.main.TestSuiteExecutor.execute(TestSuiteExecutor.java:105)
	at com.kms.katalon.core.main.TestCaseMain.startTestSuite(TestCaseMain.java:185)
	at com.kms.katalon.core.main.TestCaseMain$startTestSuite$0.call(Unknown Source)
	at TempTestSuite1658350841568.run(TempTestSuite1658350841568.groovy:36)
)
	at com.kms.katalon.core.keyword.internal.KeywordMain.stepFailed(KeywordMain.groovy:39)
	at com.kms.katalon.core.webui.keyword.internal.WebUIKeywordMain.stepFailed(WebUIKeywordMain.groovy:64)
	at com.kms.katalon.core.webui.keyword.builtin.VerifyTextPresentKeyword$_verifyTextPresent_closure1.doCall(VerifyTextPresentKeyword.groovy:79)
	at com.kms.katalon.core.webui.keyword.builtin.VerifyTextPresentKeyword$_verifyTextPresent_closure1.call(VerifyTextPresentKeyword.groovy)
	at com.kms.katalon.core.webui.keyword.internal.WebUIKeywordMain.runKeyword(WebUIKeywordMain.groovy:20)
	at com.kms.katalon.core.webui.keyword.builtin.VerifyTextPresentKeyword.verifyTextPresent(VerifyTextPresentKeyword.groovy:83)
	at com.kms.katalon.core.webui.keyword.builtin.VerifyTextPresentKeyword.execute(VerifyTextPresentKeyword.groovy:68)
	at com.kms.katalon.core.keyword.internal.KeywordExecutor.executeKeywordForPlatform(KeywordExecutor.groovy:74)
	at com.kms.katalon.core.webui.keyword.WebUiBuiltInKeywords.verifyTextPresent(WebUiBuiltInKeywords.groovy:1723)
	at com.kms.katalon.core.webui.keyword.WebUiBuiltInKeywords$verifyTextPresent$5.call(Unknown Source)
	at AddUserSpCharLastNameError.run(AddUserSpCharLastNameError:86)
	at com.kms.katalon.core.main.ScriptEngine.run(ScriptEngine.java:194)
	at com.kms.katalon.core.main.ScriptEngine.runScriptAsRawText(ScriptEngine.java:119)
	at com.kms.katalon.core.main.TestCaseExecutor.runScript(TestCaseExecutor.java:442)
	at com.kms.katalon.core.main.TestCaseExecutor.doExecute(TestCaseExecutor.java:433)
	at com.kms.katalon.core.main.TestCaseExecutor.processExecutionPhase(TestCaseExecutor.java:412)
	at com.kms.katalon.core.main.TestCaseExecutor.accessMainPhase(TestCaseExecutor.java:404)
	at com.kms.katalon.core.main.TestCaseExecutor.execute(TestCaseExecutor.java:281)
	at com.kms.katalon.core.main.TestSuiteExecutor.accessTestCaseMainPhase(TestSuiteExecutor.java:202)
	at com.kms.katalon.core.main.TestSuiteExecutor.accessTestSuiteMainPhase(TestSuiteExecutor.java:164)
	at com.kms.katalon.core.main.TestSuiteExecutor.execute(TestSuiteExecutor.java:105)
	at com.kms.katalon.core.main.TestCaseMain.startTestSuite(TestCaseMain.java:185)
	at com.kms.katalon.core.main.TestCaseMain$startTestSuite$0.call(Unknown Source)
	at TempTestSuite1658350841568.run(TempTestSuite1658350841568.groovy:36)
Caused by: com.kms.katalon.core.exception.StepFailedException: Text 'Error! Please provide the following required information as indicated below' is not present on page  using regular expression
	... 23 more
"/>
         <system-out><![CDATA[2022-07-20 17:13:46 - [TEST_CASE][FAILED] - Test Cases/Admin Suite Bootstrap/UM_TestCases/UsersErrors/AddUserSpCharLastNameError: Test Cases/Admin Suite Bootstrap/UM_TestCases/UsersErrors/AddUserSpCharLastNameError FAILED.
Reason:
com.kms.katalon.core.exception.StepFailedException: Text 'Error! Please provide the following required information as indicated below' is not present on page  using regular expression (Root cause: com.kms.katalon.core.exception.StepFailedException: Text 'Error! Please provide the following required information as indicated below' is not present on page  using regular expression
	at com.kms.katalon.core.webui.keyword.internal.WebUIKeywordMain.stepFailed(WebUIKeywordMain.groovy:64)
	at com.kms.katalon.core.webui.keyword.builtin.VerifyTextPresentKeyword$_verifyTextPresent_closure1.doCall(VerifyTextPresentKeyword.groovy:79)
	at com.kms.katalon.core.webui.keyword.builtin.VerifyTextPresentKeyword$_verifyTextPresent_closure1.call(VerifyTextPresentKeyword.groovy)
	at com.kms.katalon.core.webui.keyword.internal.WebUIKeywordMain.runKeyword(WebUIKeywordMain.groovy:20)
	at com.kms.katalon.core.webui.keyword.builtin.VerifyTextPresentKeyword.verifyTextPresent(VerifyTextPresentKeyword.groovy:83)
	at com.kms.katalon.core.webui.keyword.builtin.VerifyTextPresentKeyword.execute(VerifyTextPresentKeyword.groovy:68)
	at com.kms.katalon.core.keyword.internal.KeywordExecutor.executeKeywordForPlatform(KeywordExecutor.groovy:74)
	at com.kms.katalon.core.webui.keyword.WebUiBuiltInKeywords.verifyTextPresent(WebUiBuiltInKeywords.groovy:1723)
	at com.kms.katalon.core.webui.keyword.WebUiBuiltInKeywords$verifyTextPresent$5.call(Unknown Source)
	at AddUserSpCharLastNameError.run(AddUserSpCharLastNameError:86)
	at com.kms.katalon.core.main.ScriptEngine.run(ScriptEngine.java:194)
	at com.kms.katalon.core.main.ScriptEngine.runScriptAsRawText(ScriptEngine.java:119)
	at com.kms.katalon.core.main.TestCaseExecutor.runScript(TestCaseExecutor.java:442)
	at com.kms.katalon.core.main.TestCaseExecutor.doExecute(TestCaseExecutor.java:433)
	at com.kms.katalon.core.main.TestCaseExecutor.processExecutionPhase(TestCaseExecutor.java:412)
	at com.kms.katalon.core.main.TestCaseExecutor.accessMainPhase(TestCaseExecutor.java:404)
	at com.kms.katalon.core.main.TestCaseExecutor.execute(TestCaseExecutor.java:281)
	at com.kms.katalon.core.main.TestSuiteExecutor.accessTestCaseMainPhase(TestSuiteExecutor.java:202)
	at com.kms.katalon.core.main.TestSuiteExecutor.accessTestSuiteMainPhase(TestSuiteExecutor.java:164)
	at com.kms.katalon.core.main.TestSuiteExecutor.execute(TestSuiteExecutor.java:105)
	at com.kms.katalon.core.main.TestCaseMain.startTestSuite(TestCaseMain.java:185)
	at com.kms.katalon.core.main.TestCaseMain$startTestSuite$0.call(Unknown Source)
	at TempTestSuite1658350841568.run(TempTestSuite1658350841568.groovy:36)
)
	at com.kms.katalon.core.keyword.internal.KeywordMain.stepFailed(KeywordMain.groovy:39)
	at com.kms.katalon.core.webui.keyword.internal.WebUIKeywordMain.stepFailed(WebUIKeywordMain.groovy:64)
	at com.kms.katalon.core.webui.keyword.builtin.VerifyTextPresentKeyword$_verifyTextPresent_closure1.doCall(VerifyTextPresentKeyword.groovy:79)
	at com.kms.katalon.core.webui.keyword.builtin.VerifyTextPresentKeyword$_verifyTextPresent_closure1.call(VerifyTextPresentKeyword.groovy)
	at com.kms.katalon.core.webui.keyword.internal.WebUIKeywordMain.runKeyword(WebUIKeywordMain.groovy:20)
	at com.kms.katalon.core.webui.keyword.builtin.VerifyTextPresentKeyword.verifyTextPresent(VerifyTextPresentKeyword.groovy:83)
	at com.kms.katalon.core.webui.keyword.builtin.VerifyTextPresentKeyword.execute(VerifyTextPresentKeyword.groovy:68)
	at com.kms.katalon.core.keyword.internal.KeywordExecutor.executeKeywordForPlatform(KeywordExecutor.groovy:74)
	at com.kms.katalon.core.webui.keyword.WebUiBuiltInKeywords.verifyTextPresent(WebUiBuiltInKeywords.groovy:1723)
	at com.kms.katalon.core.webui.keyword.WebUiBuiltInKeywords$verifyTextPresent$5.call(Unknown Source)
	at AddUserSpCharLastNameError.run(AddUserSpCharLastNameError:86)
	at com.kms.katalon.core.main.ScriptEngine.run(ScriptEngine.java:194)
	at com.kms.katalon.core.main.ScriptEngine.runScriptAsRawText(ScriptEngine.java:119)
	at com.kms.katalon.core.main.TestCaseExecutor.runScript(TestCaseExecutor.java:442)
	at com.kms.katalon.core.main.TestCaseExecutor.doExecute(TestCaseExecutor.java:433)
	at com.kms.katalon.core.main.TestCaseExecutor.processExecutionPhase(TestCaseExecutor.java:412)
	at com.kms.katalon.core.main.TestCaseExecutor.accessMainPhase(TestCaseExecutor.java:404)
	at com.kms.katalon.core.main.TestCaseExecutor.execute(TestCaseExecutor.java:281)
	at com.kms.katalon.core.main.TestSuiteExecutor.accessTestCaseMainPhase(TestSuiteExecutor.java:202)
	at com.kms.katalon.core.main.TestSuiteExecutor.accessTestSuiteMainPhase(TestSuiteExecutor.java:164)
	at com.kms.katalon.core.main.TestSuiteExecutor.execute(TestSuiteExecutor.java:105)
	at com.kms.katalon.core.main.TestCaseMain.startTestSuite(TestCaseMain.java:185)
	at com.kms.katalon.core.main.TestCaseMain$startTestSuite$0.call(Unknown Source)
	at TempTestSuite1658350841568.run(TempTestSuite1658350841568.groovy:36)
Caused by: com.kms.katalon.core.exception.StepFailedException: Text 'Error! Please provide the following required information as indicated below' is not present on page  using regular expression
	... 23 more


2022-07-20 17:13:46 - [TEST_STEP][PASSED] - path_Dashboard = "Object Repository/AdminSuiteBootstrap_Pages/Dashboard_Bootstrap/": null

2022-07-20 17:13:46 - [TEST_STEP][PASSED] - path_Users = "Object Repository/AdminSuiteBootstrap_Pages/UM_Bootstrap/Users/": null

2022-07-20 17:13:46 - [TEST_STEP][PASSED] - path_UserView = "Object Repository/AdminSuiteBootstrap_Pages/UM_Bootstrap/UserView/": null

2022-07-20 17:13:46 - [TEST_STEP][PASSED] - path_DeleteUser = "Object Repository/AdminSuiteBootstrap_Pages/UM_Bootstrap/DeleteUser/": null

2022-07-20 17:13:46 - [TEST_STEP][PASSED] - path_AddUser = "Object Repository/AdminSuiteBootstrap_Pages/UM_Bootstrap/AddUser/": null

2022-07-20 17:13:46 - [TEST_STEP][PASSED] - executionProfile = getExecutionProfile(): null

2022-07-20 17:13:46 - [TEST_STEP][PASSED] - out.println("executionProfile : " + executionProfile): null

2022-07-20 17:13:46 - [TEST_STEP][PASSED] - appName = <not implemented yet for class: org.codehaus.groovy.ast.expr.EmptyExpression>: null

2022-07-20 17:13:46 - [TEST_STEP][PASSED] - appID = <not implemented yet for class: org.codehaus.groovy.ast.expr.EmptyExpression>: null

2022-07-20 17:13:46 - [TEST_STEP][PASSED] - spUsername = <not implemented yet for class: org.codehaus.groovy.ast.expr.EmptyExpression>: null

2022-07-20 17:13:46 - [TEST_STEP][PASSED] - nameSheet = "CreateUserSCLNameErr": null

2022-07-20 17:13:46 - [TEST_STEP][PASSED] - dataFile = "QA/Bootstrap/UM-TestData/CreateUserSCLNameErr": null

2022-07-20 17:13:46 - [TEST_STEP][PASSED] - numOfRows = findTestData("QA/Bootstrap/UM-TestData/CreateUserSCLNameErr").getRowNumbers(): null

2022-07-20 17:13:47 - [TEST_STEP][PASSED] - println("Number of Records: " + numOfRows): null

2022-07-20 17:13:47 - [TEST_STEP][FAILED] - for ([row = 1, row <= numOfRows, (row++)]): null

2022-07-20 17:13:47 - [TEST_STEP][PASSED] - ExecuteTC = findTestData(dataFile).getValue("Execute", row): null

2022-07-20 17:13:47 - [TEST_STEP][PASSED] - out.println("Value of Execute is : " + ExecuteTC): null

2022-07-20 17:13:47 - [TEST_STEP][FAILED] - if (ExecuteTC.equalsIgnoreCase("Y")): null

2022-07-20 17:13:47 - [TEST_STEP][PASSED] - out.println("Begin Record Number: " + row): null

2022-07-20 17:13:47 - [TEST_STEP][PASSED] - adminSuiteBootstrap.loginFunctionality.login_AdminSuite(): adminSuiteBootstrap.loginFunctionality.login_AdminSuite is PASSED

2022-07-20 17:13:47 - [MESSAGE][INFO] - Starting 'Chrome' driver

2022-07-20 17:13:47 - [MESSAGE][INFO] - User set preference: ['acceptInsecureCerts', 'true']

2022-07-20 17:13:47 - [MESSAGE][INFO] - Action delay is set to 0 milliseconds

2022-07-20 17:13:49 - [MESSAGE][PASSED] - Browser is opened with url: 'https://demo.velocitypayment.com/admin/imtiazdemo'

2022-07-20 17:13:49 - [MESSAGE][PASSED] - Current window maximized

2022-07-20 17:13:49 - [MESSAGE][PASSED] - Object 'Object Repository/Login_Page/Login_Username' is present

2022-07-20 17:13:50 - [MESSAGE][PASSED] - Text 'iahmed' is set on object 'Object Repository/Login_Page/Login_Username'

2022-07-20 17:13:51 - [MESSAGE][PASSED] - Text 'hello2222' is set on object 'Object Repository/Login_Page/Login_Password'

2022-07-20 17:13:54 - [MESSAGE][PASSED] - Object: 'Object Repository/Login_Page/Login_Submit' is clicked on

2022-07-20 17:13:54 - [MESSAGE][PASSED] - adminSuiteBootstrap.loginFunctionality.login_AdminSuite is PASSED

2022-07-20 17:13:54 - [TEST_STEP][PASSED] - click(findTestObject(path_Dashboard + "a_Access User Management")): Object: 'Object Repository/AdminSuiteBootstrap_Pages/Dashboard_Bootstrap/a_Access User Management' is clicked on

2022-07-20 17:13:57 - [MESSAGE][PASSED] - Object: 'Object Repository/AdminSuiteBootstrap_Pages/Dashboard_Bootstrap/a_Access User Management' is clicked on

2022-07-20 17:13:57 - [TEST_STEP][PASSED] - click(findTestObject(path_Users + "a_Add User")): Object: 'Object Repository/AdminSuiteBootstrap_Pages/UM_Bootstrap/Users/a_Add User' is clicked on

2022-07-20 17:13:58 - [MESSAGE][PASSED] - Object: 'Object Repository/AdminSuiteBootstrap_Pages/UM_Bootstrap/Users/a_Add User' is clicked on

2022-07-20 17:13:58 - [TEST_STEP][PASSED] - buildUsername = pages.GenerateRandom.getRandomAlpha(): pages.GenerateRandom.getRandomAlpha is PASSED

2022-07-20 17:13:58 - [MESSAGE][PASSED] - pages.GenerateRandom.getRandomAlpha is PASSED

2022-07-20 17:13:58 - [TEST_STEP][PASSED] - prefixUsername = findTestData(dataFile).getValue("Lastname", row): null

2022-07-20 17:13:58 - [TEST_STEP][PASSED] - spUsername = prefixUsername + buildUsername: null

2022-07-20 17:13:58 - [TEST_STEP][PASSED] - setText(findTestObject(path_AddUser + "input_EmailAddress"), "iahmed@govolution.com"): Text 'iahmed@govolution.com' is set on object 'Object Repository/AdminSuiteBootstrap_Pages/UM_Bootstrap/AddUser/input_EmailAddress'

2022-07-20 17:13:58 - [MESSAGE][PASSED] - Text 'iahmed@govolution.com' is set on object 'Object Repository/AdminSuiteBootstrap_Pages/UM_Bootstrap/AddUser/input_EmailAddress'

2022-07-20 17:13:58 - [TEST_STEP][PASSED] - setText(findTestObject(path_AddUser + "input_Username"), buildUsername): Text 'rvJvbNEje' is set on object 'Object Repository/AdminSuiteBootstrap_Pages/UM_Bootstrap/AddUser/input_Username'

2022-07-20 17:13:59 - [MESSAGE][PASSED] - Text 'rvJvbNEje' is set on object 'Object Repository/AdminSuiteBootstrap_Pages/UM_Bootstrap/AddUser/input_Username'

2022-07-20 17:13:59 - [TEST_STEP][PASSED] - setText(findTestObject(path_AddUser + "input_FirstName"), "Ashley"): Text 'Ashley' is set on object 'Object Repository/AdminSuiteBootstrap_Pages/UM_Bootstrap/AddUser/input_FirstName'

2022-07-20 17:14:00 - [MESSAGE][PASSED] - Text 'Ashley' is set on object 'Object Repository/AdminSuiteBootstrap_Pages/UM_Bootstrap/AddUser/input_FirstName'

2022-07-20 17:14:00 - [TEST_STEP][PASSED] - setText(findTestObject(path_AddUser + "input_LastName"), spUsername): Text '=rvJvbNEje' is set on object 'Object Repository/AdminSuiteBootstrap_Pages/UM_Bootstrap/AddUser/input_LastName'

2022-07-20 17:14:00 - [MESSAGE][PASSED] - Text '=rvJvbNEje' is set on object 'Object Repository/AdminSuiteBootstrap_Pages/UM_Bootstrap/AddUser/input_LastName'

2022-07-20 17:14:00 - [TEST_STEP][PASSED] - setText(findTestObject(path_AddUser + "input_Password"), "hello6666"): Text 'hello6666' is set on object 'Object Repository/AdminSuiteBootstrap_Pages/UM_Bootstrap/AddUser/input_Password'

2022-07-20 17:14:01 - [MESSAGE][PASSED] - Text 'hello6666' is set on object 'Object Repository/AdminSuiteBootstrap_Pages/UM_Bootstrap/AddUser/input_Password'

2022-07-20 17:14:01 - [TEST_STEP][PASSED] - setText(findTestObject(path_AddUser + "input_ConfirmPassword"), "hello6666"): Text 'hello6666' is set on object 'Object Repository/AdminSuiteBootstrap_Pages/UM_Bootstrap/AddUser/input_ConfirmPassword'

2022-07-20 17:14:02 - [MESSAGE][PASSED] - Text 'hello6666' is set on object 'Object Repository/AdminSuiteBootstrap_Pages/UM_Bootstrap/AddUser/input_ConfirmPassword'

2022-07-20 17:14:02 - [TEST_STEP][PASSED] - check(findTestObject(path_AddUser + "input_No_lock")): Object 'Object Repository/AdminSuiteBootstrap_Pages/UM_Bootstrap/AddUser/input_No_lock' is checked

2022-07-20 17:14:02 - [MESSAGE][PASSED] - Object 'Object Repository/AdminSuiteBootstrap_Pages/UM_Bootstrap/AddUser/input_No_lock' is checked

2022-07-20 17:14:02 - [TEST_STEP][PASSED] - click(findTestObject(path_AddUser + "button_Create")): Object: 'Object Repository/AdminSuiteBootstrap_Pages/UM_Bootstrap/AddUser/button_Create' is clicked on

2022-07-20 17:14:06 - [MESSAGE][PASSED] - Object: 'Object Repository/AdminSuiteBootstrap_Pages/UM_Bootstrap/AddUser/button_Create' is clicked on

2022-07-20 17:14:06 - [TEST_STEP][FAILED] - verifyTextPresent("Error! Please provide the following required information as indicated below", true): Text 'Error! Please provide the following required information as indicated below' is not present on page  using regular expression (Root cause: com.kms.katalon.core.exception.StepFailedException: Text 'Error! Please provide the following required information as indicated below' is not present on page  using regular expression
	at com.kms.katalon.core.webui.keyword.internal.WebUIKeywordMain.stepFailed(WebUIKeywordMain.groovy:64)
	at com.kms.katalon.core.webui.keyword.builtin.VerifyTextPresentKeyword$_verifyTextPresent_closure1.doCall(VerifyTextPresentKeyword.groovy:79)
	at com.kms.katalon.core.webui.keyword.builtin.VerifyTextPresentKeyword$_verifyTextPresent_closure1.call(VerifyTextPresentKeyword.groovy)
	at com.kms.katalon.core.webui.keyword.internal.WebUIKeywordMain.runKeyword(WebUIKeywordMain.groovy:20)
	at com.kms.katalon.core.webui.keyword.builtin.VerifyTextPresentKeyword.verifyTextPresent(VerifyTextPresentKeyword.groovy:83)
	at com.kms.katalon.core.webui.keyword.builtin.VerifyTextPresentKeyword.execute(VerifyTextPresentKeyword.groovy:68)
	at com.kms.katalon.core.keyword.internal.KeywordExecutor.executeKeywordForPlatform(KeywordExecutor.groovy:74)
	at com.kms.katalon.core.webui.keyword.WebUiBuiltInKeywords.verifyTextPresent(WebUiBuiltInKeywords.groovy:1723)
	at com.kms.katalon.core.webui.keyword.WebUiBuiltInKeywords$verifyTextPresent$5.call(Unknown Source)
	at AddUserSpCharLastNameError.run(AddUserSpCharLastNameError:86)
	at com.kms.katalon.core.main.ScriptEngine.run(ScriptEngine.java:194)
	at com.kms.katalon.core.main.ScriptEngine.runScriptAsRawText(ScriptEngine.java:119)
	at com.kms.katalon.core.main.TestCaseExecutor.runScript(TestCaseExecutor.java:442)
	at com.kms.katalon.core.main.TestCaseExecutor.doExecute(TestCaseExecutor.java:433)
	at com.kms.katalon.core.main.TestCaseExecutor.processExecutionPhase(TestCaseExecutor.java:412)
	at com.kms.katalon.core.main.TestCaseExecutor.accessMainPhase(TestCaseExecutor.java:404)
	at com.kms.katalon.core.main.TestCaseExecutor.execute(TestCaseExecutor.java:281)
	at com.kms.katalon.core.main.TestSuiteExecutor.accessTestCaseMainPhase(TestSuiteExecutor.java:202)
	at com.kms.katalon.core.main.TestSuiteExecutor.accessTestSuiteMainPhase(TestSuiteExecutor.java:164)
	at com.kms.katalon.core.main.TestSuiteExecutor.execute(TestSuiteExecutor.java:105)
	at com.kms.katalon.core.main.TestCaseMain.startTestSuite(TestCaseMain.java:185)
	at com.kms.katalon.core.main.TestCaseMain$startTestSuite$0.call(Unknown Source)
	at TempTestSuite1658350841568.run(TempTestSuite1658350841568.groovy:36)
)

2022-07-20 17:14:06 - [MESSAGE][FAILED] - Text 'Error! Please provide the following required information as indicated below' is not present on page  using regular expression (Root cause: com.kms.katalon.core.exception.StepFailedException: Text 'Error! Please provide the following required information as indicated below' is not present on page  using regular expression
	at com.kms.katalon.core.webui.keyword.internal.WebUIKeywordMain.stepFailed(WebUIKeywordMain.groovy:64)
	at com.kms.katalon.core.webui.keyword.builtin.VerifyTextPresentKeyword$_verifyTextPresent_closure1.doCall(VerifyTextPresentKeyword.groovy:79)
	at com.kms.katalon.core.webui.keyword.builtin.VerifyTextPresentKeyword$_verifyTextPresent_closure1.call(VerifyTextPresentKeyword.groovy)
	at com.kms.katalon.core.webui.keyword.internal.WebUIKeywordMain.runKeyword(WebUIKeywordMain.groovy:20)
	at com.kms.katalon.core.webui.keyword.builtin.VerifyTextPresentKeyword.verifyTextPresent(VerifyTextPresentKeyword.groovy:83)
	at com.kms.katalon.core.webui.keyword.builtin.VerifyTextPresentKeyword.execute(VerifyTextPresentKeyword.groovy:68)
	at com.kms.katalon.core.keyword.internal.KeywordExecutor.executeKeywordForPlatform(KeywordExecutor.groovy:74)
	at com.kms.katalon.core.webui.keyword.WebUiBuiltInKeywords.verifyTextPresent(WebUiBuiltInKeywords.groovy:1723)
	at com.kms.katalon.core.webui.keyword.WebUiBuiltInKeywords$verifyTextPresent$5.call(Unknown Source)
	at AddUserSpCharLastNameError.run(AddUserSpCharLastNameError:86)
	at com.kms.katalon.core.main.ScriptEngine.run(ScriptEngine.java:194)
	at com.kms.katalon.core.main.ScriptEngine.runScriptAsRawText(ScriptEngine.java:119)
	at com.kms.katalon.core.main.TestCaseExecutor.runScript(TestCaseExecutor.java:442)
	at com.kms.katalon.core.main.TestCaseExecutor.doExecute(TestCaseExecutor.java:433)
	at com.kms.katalon.core.main.TestCaseExecutor.processExecutionPhase(TestCaseExecutor.java:412)
	at com.kms.katalon.core.main.TestCaseExecutor.accessMainPhase(TestCaseExecutor.java:404)
	at com.kms.katalon.core.main.TestCaseExecutor.execute(TestCaseExecutor.java:281)
	at com.kms.katalon.core.main.TestSuiteExecutor.accessTestCaseMainPhase(TestSuiteExecutor.java:202)
	at com.kms.katalon.core.main.TestSuiteExecutor.accessTestSuiteMainPhase(TestSuiteExecutor.java:164)
	at com.kms.katalon.core.main.TestSuiteExecutor.execute(TestSuiteExecutor.java:105)
	at com.kms.katalon.core.main.TestCaseMain.startTestSuite(TestCaseMain.java:185)
	at com.kms.katalon.core.main.TestCaseMain$startTestSuite$0.call(Unknown Source)
	at TempTestSuite1658350841568.run(TempTestSuite1658350841568.groovy:36)
)

2022-07-20 17:14:06 - [TEST_STEP][FAILED] - verifyTextPresent("Username may only be comprised of alphanumeric characters, the underscore "_" character, the at "@" symbol, and the period "."Username may only be comprised of alphanumeric characters, the underscore "_" character, the at "@" symbol, and the period "."", true): Text 'Username may only be comprised of alphanumeric characters, the underscore "_" character, the at "@" symbol, and the period "."Username may only be comprised of alphanumeric characters, the underscore "_" character, the at "@" symbol, and the period "."' is not present on page  using regular expression (Root cause: com.kms.katalon.core.exception.StepFailedException: Text 'Username may only be comprised of alphanumeric characters, the underscore "_" character, the at "@" symbol, and the period "."Username may only be comprised of alphanumeric characters, the underscore "_" character, the at "@" symbol, and the period "."' is not present on page  using regular expression
	at com.kms.katalon.core.webui.keyword.internal.WebUIKeywordMain.stepFailed(WebUIKeywordMain.groovy:64)
	at com.kms.katalon.core.webui.keyword.builtin.VerifyTextPresentKeyword$_verifyTextPresent_closure1.doCall(VerifyTextPresentKeyword.groovy:79)
	at com.kms.katalon.core.webui.keyword.builtin.VerifyTextPresentKeyword$_verifyTextPresent_closure1.call(VerifyTextPresentKeyword.groovy)
	at com.kms.katalon.core.webui.keyword.internal.WebUIKeywordMain.runKeyword(WebUIKeywordMain.groovy:20)
	at com.kms.katalon.core.webui.keyword.builtin.VerifyTextPresentKeyword.verifyTextPresent(VerifyTextPresentKeyword.groovy:83)
	at com.kms.katalon.core.webui.keyword.builtin.VerifyTextPresentKeyword.execute(VerifyTextPresentKeyword.groovy:68)
	at com.kms.katalon.core.keyword.internal.KeywordExecutor.executeKeywordForPlatform(KeywordExecutor.groovy:74)
	at com.kms.katalon.core.webui.keyword.WebUiBuiltInKeywords.verifyTextPresent(WebUiBuiltInKeywords.groovy:1723)
	at com.kms.katalon.core.webui.keyword.WebUiBuiltInKeywords$verifyTextPresent$5.call(Unknown Source)
	at AddUserSpCharLastNameError.run(AddUserSpCharLastNameError:87)
	at com.kms.katalon.core.main.ScriptEngine.run(ScriptEngine.java:194)
	at com.kms.katalon.core.main.ScriptEngine.runScriptAsRawText(ScriptEngine.java:119)
	at com.kms.katalon.core.main.TestCaseExecutor.runScript(TestCaseExecutor.java:442)
	at com.kms.katalon.core.main.TestCaseExecutor.doExecute(TestCaseExecutor.java:433)
	at com.kms.katalon.core.main.TestCaseExecutor.processExecutionPhase(TestCaseExecutor.java:412)
	at com.kms.katalon.core.main.TestCaseExecutor.accessMainPhase(TestCaseExecutor.java:404)
	at com.kms.katalon.core.main.TestCaseExecutor.execute(TestCaseExecutor.java:281)
	at com.kms.katalon.core.main.TestSuiteExecutor.accessTestCaseMainPhase(TestSuiteExecutor.java:202)
	at com.kms.katalon.core.main.TestSuiteExecutor.accessTestSuiteMainPhase(TestSuiteExecutor.java:164)
	at com.kms.katalon.core.main.TestSuiteExecutor.execute(TestSuiteExecutor.java:105)
	at com.kms.katalon.core.main.TestCaseMain.startTestSuite(TestCaseMain.java:185)
	at com.kms.katalon.core.main.TestCaseMain$startTestSuite$0.call(Unknown Source)
	at TempTestSuite1658350841568.run(TempTestSuite1658350841568.groovy:36)
)

2022-07-20 17:14:06 - [MESSAGE][FAILED] - Text 'Username may only be comprised of alphanumeric characters, the underscore "_" character, the at "@" symbol, and the period "."Username may only be comprised of alphanumeric characters, the underscore "_" character, the at "@" symbol, and the period "."' is not present on page  using regular expression (Root cause: com.kms.katalon.core.exception.StepFailedException: Text 'Username may only be comprised of alphanumeric characters, the underscore "_" character, the at "@" symbol, and the period "."Username may only be comprised of alphanumeric characters, the underscore "_" character, the at "@" symbol, and the period "."' is not present on page  using regular expression
	at com.kms.katalon.core.webui.keyword.internal.WebUIKeywordMain.stepFailed(WebUIKeywordMain.groovy:64)
	at com.kms.katalon.core.webui.keyword.builtin.VerifyTextPresentKeyword$_verifyTextPresent_closure1.doCall(VerifyTextPresentKeyword.groovy:79)
	at com.kms.katalon.core.webui.keyword.builtin.VerifyTextPresentKeyword$_verifyTextPresent_closure1.call(VerifyTextPresentKeyword.groovy)
	at com.kms.katalon.core.webui.keyword.internal.WebUIKeywordMain.runKeyword(WebUIKeywordMain.groovy:20)
	at com.kms.katalon.core.webui.keyword.builtin.VerifyTextPresentKeyword.verifyTextPresent(VerifyTextPresentKeyword.groovy:83)
	at com.kms.katalon.core.webui.keyword.builtin.VerifyTextPresentKeyword.execute(VerifyTextPresentKeyword.groovy:68)
	at com.kms.katalon.core.keyword.internal.KeywordExecutor.executeKeywordForPlatform(KeywordExecutor.groovy:74)
	at com.kms.katalon.core.webui.keyword.WebUiBuiltInKeywords.verifyTextPresent(WebUiBuiltInKeywords.groovy:1723)
	at com.kms.katalon.core.webui.keyword.WebUiBuiltInKeywords$verifyTextPresent$5.call(Unknown Source)
	at AddUserSpCharLastNameError.run(AddUserSpCharLastNameError:87)
	at com.kms.katalon.core.main.ScriptEngine.run(ScriptEngine.java:194)
	at com.kms.katalon.core.main.ScriptEngine.runScriptAsRawText(ScriptEngine.java:119)
	at com.kms.katalon.core.main.TestCaseExecutor.runScript(TestCaseExecutor.java:442)
	at com.kms.katalon.core.main.TestCaseExecutor.doExecute(TestCaseExecutor.java:433)
	at com.kms.katalon.core.main.TestCaseExecutor.processExecutionPhase(TestCaseExecutor.java:412)
	at com.kms.katalon.core.main.TestCaseExecutor.accessMainPhase(TestCaseExecutor.java:404)
	at com.kms.katalon.core.main.TestCaseExecutor.execute(TestCaseExecutor.java:281)
	at com.kms.katalon.core.main.TestSuiteExecutor.accessTestCaseMainPhase(TestSuiteExecutor.java:202)
	at com.kms.katalon.core.main.TestSuiteExecutor.accessTestSuiteMainPhase(TestSuiteExecutor.java:164)
	at com.kms.katalon.core.main.TestSuiteExecutor.execute(TestSuiteExecutor.java:105)
	at com.kms.katalon.core.main.TestCaseMain.startTestSuite(TestCaseMain.java:185)
	at com.kms.katalon.core.main.TestCaseMain$startTestSuite$0.call(Unknown Source)
	at TempTestSuite1658350841568.run(TempTestSuite1658350841568.groovy:36)
)

2022-07-20 17:14:06 - [TEST_STEP][PASSED] - closeBrowser(): Browser is closed

2022-07-20 17:14:07 - [MESSAGE][PASSED] - Browser is closed

2022-07-20 17:14:07 - [TEST_STEP][PASSED] - ExecuteTC = findTestData(dataFile).getValue("Execute", row): null

2022-07-20 17:14:08 - [TEST_STEP][PASSED] - out.println("Value of Execute is : " + ExecuteTC): null

2022-07-20 17:14:08 - [TEST_STEP][FAILED] - if (ExecuteTC.equalsIgnoreCase("Y")): null

2022-07-20 17:14:08 - [TEST_STEP][PASSED] - out.println("Begin Record Number: " + row): null

2022-07-20 17:14:08 - [TEST_STEP][PASSED] - adminSuiteBootstrap.loginFunctionality.login_AdminSuite(): adminSuiteBootstrap.loginFunctionality.login_AdminSuite is PASSED

2022-07-20 17:14:08 - [MESSAGE][INFO] - Starting 'Chrome' driver

2022-07-20 17:14:08 - [MESSAGE][INFO] - User set preference: ['acceptInsecureCerts', 'true']

2022-07-20 17:14:08 - [MESSAGE][INFO] - Action delay is set to 0 milliseconds

2022-07-20 17:14:10 - [MESSAGE][PASSED] - Browser is opened with url: 'https://demo.velocitypayment.com/admin/imtiazdemo'

2022-07-20 17:14:10 - [MESSAGE][PASSED] - Current window maximized

2022-07-20 17:14:10 - [MESSAGE][PASSED] - Object 'Object Repository/Login_Page/Login_Username' is present

2022-07-20 17:14:11 - [MESSAGE][PASSED] - Text 'iahmed' is set on object 'Object Repository/Login_Page/Login_Username'

2022-07-20 17:14:12 - [MESSAGE][PASSED] - Text 'hello2222' is set on object 'Object Repository/Login_Page/Login_Password'

2022-07-20 17:14:15 - [MESSAGE][PASSED] - Object: 'Object Repository/Login_Page/Login_Submit' is clicked on

2022-07-20 17:14:15 - [MESSAGE][PASSED] - adminSuiteBootstrap.loginFunctionality.login_AdminSuite is PASSED

2022-07-20 17:14:15 - [TEST_STEP][PASSED] - click(findTestObject(path_Dashboard + "a_Access User Management")): Object: 'Object Repository/AdminSuiteBootstrap_Pages/Dashboard_Bootstrap/a_Access User Management' is clicked on

2022-07-20 17:14:17 - [MESSAGE][PASSED] - Object: 'Object Repository/AdminSuiteBootstrap_Pages/Dashboard_Bootstrap/a_Access User Management' is clicked on

2022-07-20 17:14:17 - [TEST_STEP][PASSED] - click(findTestObject(path_Users + "a_Add User")): Object: 'Object Repository/AdminSuiteBootstrap_Pages/UM_Bootstrap/Users/a_Add User' is clicked on

2022-07-20 17:14:18 - [MESSAGE][PASSED] - Object: 'Object Repository/AdminSuiteBootstrap_Pages/UM_Bootstrap/Users/a_Add User' is clicked on

2022-07-20 17:14:18 - [TEST_STEP][PASSED] - buildUsername = pages.GenerateRandom.getRandomAlpha(): pages.GenerateRandom.getRandomAlpha is PASSED

2022-07-20 17:14:18 - [MESSAGE][PASSED] - pages.GenerateRandom.getRandomAlpha is PASSED

2022-07-20 17:14:18 - [TEST_STEP][PASSED] - prefixUsername = findTestData(dataFile).getValue("Lastname", row): null

2022-07-20 17:14:18 - [TEST_STEP][PASSED] - spUsername = prefixUsername + buildUsername: null

2022-07-20 17:14:18 - [TEST_STEP][PASSED] - setText(findTestObject(path_AddUser + "input_EmailAddress"), "iahmed@govolution.com"): Text 'iahmed@govolution.com' is set on object 'Object Repository/AdminSuiteBootstrap_Pages/UM_Bootstrap/AddUser/input_EmailAddress'

2022-07-20 17:14:18 - [MESSAGE][PASSED] - Text 'iahmed@govolution.com' is set on object 'Object Repository/AdminSuiteBootstrap_Pages/UM_Bootstrap/AddUser/input_EmailAddress'

2022-07-20 17:14:18 - [TEST_STEP][PASSED] - setText(findTestObject(path_AddUser + "input_Username"), buildUsername): Text 'kPIwpbRIC' is set on object 'Object Repository/AdminSuiteBootstrap_Pages/UM_Bootstrap/AddUser/input_Username'

2022-07-20 17:14:19 - [MESSAGE][PASSED] - Text 'kPIwpbRIC' is set on object 'Object Repository/AdminSuiteBootstrap_Pages/UM_Bootstrap/AddUser/input_Username'

2022-07-20 17:14:19 - [TEST_STEP][PASSED] - setText(findTestObject(path_AddUser + "input_FirstName"), "Ashley"): Text 'Ashley' is set on object 'Object Repository/AdminSuiteBootstrap_Pages/UM_Bootstrap/AddUser/input_FirstName'

2022-07-20 17:14:20 - [MESSAGE][PASSED] - Text 'Ashley' is set on object 'Object Repository/AdminSuiteBootstrap_Pages/UM_Bootstrap/AddUser/input_FirstName'

2022-07-20 17:14:20 - [TEST_STEP][PASSED] - setText(findTestObject(path_AddUser + "input_LastName"), spUsername): Text '-kPIwpbRIC' is set on object 'Object Repository/AdminSuiteBootstrap_Pages/UM_Bootstrap/AddUser/input_LastName'

2022-07-20 17:14:20 - [MESSAGE][PASSED] - Text '-kPIwpbRIC' is set on object 'Object Repository/AdminSuiteBootstrap_Pages/UM_Bootstrap/AddUser/input_LastName'

2022-07-20 17:14:20 - [TEST_STEP][PASSED] - setText(findTestObject(path_AddUser + "input_Password"), "hello6666"): Text 'hello6666' is set on object 'Object Repository/AdminSuiteBootstrap_Pages/UM_Bootstrap/AddUser/input_Password'

2022-07-20 17:14:21 - [MESSAGE][PASSED] - Text 'hello6666' is set on object 'Object Repository/AdminSuiteBootstrap_Pages/UM_Bootstrap/AddUser/input_Password'

2022-07-20 17:14:21 - [TEST_STEP][PASSED] - setText(findTestObject(path_AddUser + "input_ConfirmPassword"), "hello6666"): Text 'hello6666' is set on object 'Object Repository/AdminSuiteBootstrap_Pages/UM_Bootstrap/AddUser/input_ConfirmPassword'

2022-07-20 17:14:22 - [MESSAGE][PASSED] - Text 'hello6666' is set on object 'Object Repository/AdminSuiteBootstrap_Pages/UM_Bootstrap/AddUser/input_ConfirmPassword'

2022-07-20 17:14:22 - [TEST_STEP][PASSED] - check(findTestObject(path_AddUser + "input_No_lock")): Object 'Object Repository/AdminSuiteBootstrap_Pages/UM_Bootstrap/AddUser/input_No_lock' is checked

2022-07-20 17:14:22 - [MESSAGE][PASSED] - Object 'Object Repository/AdminSuiteBootstrap_Pages/UM_Bootstrap/AddUser/input_No_lock' is checked

2022-07-20 17:14:22 - [TEST_STEP][PASSED] - click(findTestObject(path_AddUser + "button_Create")): Object: 'Object Repository/AdminSuiteBootstrap_Pages/UM_Bootstrap/AddUser/button_Create' is clicked on

2022-07-20 17:14:26 - [MESSAGE][PASSED] - Object: 'Object Repository/AdminSuiteBootstrap_Pages/UM_Bootstrap/AddUser/button_Create' is clicked on

2022-07-20 17:14:26 - [TEST_STEP][FAILED] - verifyTextPresent("Error! Please provide the following required information as indicated below", true): Text 'Error! Please provide the following required information as indicated below' is not present on page  using regular expression (Root cause: com.kms.katalon.core.exception.StepFailedException: Text 'Error! Please provide the following required information as indicated below' is not present on page  using regular expression
	at com.kms.katalon.core.webui.keyword.internal.WebUIKeywordMain.stepFailed(WebUIKeywordMain.groovy:64)
	at com.kms.katalon.core.webui.keyword.builtin.VerifyTextPresentKeyword$_verifyTextPresent_closure1.doCall(VerifyTextPresentKeyword.groovy:79)
	at com.kms.katalon.core.webui.keyword.builtin.VerifyTextPresentKeyword$_verifyTextPresent_closure1.call(VerifyTextPresentKeyword.groovy)
	at com.kms.katalon.core.webui.keyword.internal.WebUIKeywordMain.runKeyword(WebUIKeywordMain.groovy:20)
	at com.kms.katalon.core.webui.keyword.builtin.VerifyTextPresentKeyword.verifyTextPresent(VerifyTextPresentKeyword.groovy:83)
	at com.kms.katalon.core.webui.keyword.builtin.VerifyTextPresentKeyword.execute(VerifyTextPresentKeyword.groovy:68)
	at com.kms.katalon.core.keyword.internal.KeywordExecutor.executeKeywordForPlatform(KeywordExecutor.groovy:74)
	at com.kms.katalon.core.webui.keyword.WebUiBuiltInKeywords.verifyTextPresent(WebUiBuiltInKeywords.groovy:1723)
	at com.kms.katalon.core.webui.keyword.WebUiBuiltInKeywords$verifyTextPresent$5.call(Unknown Source)
	at AddUserSpCharLastNameError.run(AddUserSpCharLastNameError:86)
	at com.kms.katalon.core.main.ScriptEngine.run(ScriptEngine.java:194)
	at com.kms.katalon.core.main.ScriptEngine.runScriptAsRawText(ScriptEngine.java:119)
	at com.kms.katalon.core.main.TestCaseExecutor.runScript(TestCaseExecutor.java:442)
	at com.kms.katalon.core.main.TestCaseExecutor.doExecute(TestCaseExecutor.java:433)
	at com.kms.katalon.core.main.TestCaseExecutor.processExecutionPhase(TestCaseExecutor.java:412)
	at com.kms.katalon.core.main.TestCaseExecutor.accessMainPhase(TestCaseExecutor.java:404)
	at com.kms.katalon.core.main.TestCaseExecutor.execute(TestCaseExecutor.java:281)
	at com.kms.katalon.core.main.TestSuiteExecutor.accessTestCaseMainPhase(TestSuiteExecutor.java:202)
	at com.kms.katalon.core.main.TestSuiteExecutor.accessTestSuiteMainPhase(TestSuiteExecutor.java:164)
	at com.kms.katalon.core.main.TestSuiteExecutor.execute(TestSuiteExecutor.java:105)
	at com.kms.katalon.core.main.TestCaseMain.startTestSuite(TestCaseMain.java:185)
	at com.kms.katalon.core.main.TestCaseMain$startTestSuite$0.call(Unknown Source)
	at TempTestSuite1658350841568.run(TempTestSuite1658350841568.groovy:36)
)

2022-07-20 17:14:26 - [MESSAGE][FAILED] - Text 'Error! Please provide the following required information as indicated below' is not present on page  using regular expression (Root cause: com.kms.katalon.core.exception.StepFailedException: Text 'Error! Please provide the following required information as indicated below' is not present on page  using regular expression
	at com.kms.katalon.core.webui.keyword.internal.WebUIKeywordMain.stepFailed(WebUIKeywordMain.groovy:64)
	at com.kms.katalon.core.webui.keyword.builtin.VerifyTextPresentKeyword$_verifyTextPresent_closure1.doCall(VerifyTextPresentKeyword.groovy:79)
	at com.kms.katalon.core.webui.keyword.builtin.VerifyTextPresentKeyword$_verifyTextPresent_closure1.call(VerifyTextPresentKeyword.groovy)
	at com.kms.katalon.core.webui.keyword.internal.WebUIKeywordMain.runKeyword(WebUIKeywordMain.groovy:20)
	at com.kms.katalon.core.webui.keyword.builtin.VerifyTextPresentKeyword.verifyTextPresent(VerifyTextPresentKeyword.groovy:83)
	at com.kms.katalon.core.webui.keyword.builtin.VerifyTextPresentKeyword.execute(VerifyTextPresentKeyword.groovy:68)
	at com.kms.katalon.core.keyword.internal.KeywordExecutor.executeKeywordForPlatform(KeywordExecutor.groovy:74)
	at com.kms.katalon.core.webui.keyword.WebUiBuiltInKeywords.verifyTextPresent(WebUiBuiltInKeywords.groovy:1723)
	at com.kms.katalon.core.webui.keyword.WebUiBuiltInKeywords$verifyTextPresent$5.call(Unknown Source)
	at AddUserSpCharLastNameError.run(AddUserSpCharLastNameError:86)
	at com.kms.katalon.core.main.ScriptEngine.run(ScriptEngine.java:194)
	at com.kms.katalon.core.main.ScriptEngine.runScriptAsRawText(ScriptEngine.java:119)
	at com.kms.katalon.core.main.TestCaseExecutor.runScript(TestCaseExecutor.java:442)
	at com.kms.katalon.core.main.TestCaseExecutor.doExecute(TestCaseExecutor.java:433)
	at com.kms.katalon.core.main.TestCaseExecutor.processExecutionPhase(TestCaseExecutor.java:412)
	at com.kms.katalon.core.main.TestCaseExecutor.accessMainPhase(TestCaseExecutor.java:404)
	at com.kms.katalon.core.main.TestCaseExecutor.execute(TestCaseExecutor.java:281)
	at com.kms.katalon.core.main.TestSuiteExecutor.accessTestCaseMainPhase(TestSuiteExecutor.java:202)
	at com.kms.katalon.core.main.TestSuiteExecutor.accessTestSuiteMainPhase(TestSuiteExecutor.java:164)
	at com.kms.katalon.core.main.TestSuiteExecutor.execute(TestSuiteExecutor.java:105)
	at com.kms.katalon.core.main.TestCaseMain.startTestSuite(TestCaseMain.java:185)
	at com.kms.katalon.core.main.TestCaseMain$startTestSuite$0.call(Unknown Source)
	at TempTestSuite1658350841568.run(TempTestSuite1658350841568.groovy:36)
)

2022-07-20 17:14:26 - [TEST_STEP][FAILED] - verifyTextPresent("Username may only be comprised of alphanumeric characters, the underscore "_" character, the at "@" symbol, and the period "."Username may only be comprised of alphanumeric characters, the underscore "_" character, the at "@" symbol, and the period "."", true): Text 'Username may only be comprised of alphanumeric characters, the underscore "_" character, the at "@" symbol, and the period "."Username may only be comprised of alphanumeric characters, the underscore "_" character, the at "@" symbol, and the period "."' is not present on page  using regular expression (Root cause: com.kms.katalon.core.exception.StepFailedException: Text 'Username may only be comprised of alphanumeric characters, the underscore "_" character, the at "@" symbol, and the period "."Username may only be comprised of alphanumeric characters, the underscore "_" character, the at "@" symbol, and the period "."' is not present on page  using regular expression
	at com.kms.katalon.core.webui.keyword.internal.WebUIKeywordMain.stepFailed(WebUIKeywordMain.groovy:64)
	at com.kms.katalon.core.webui.keyword.builtin.VerifyTextPresentKeyword$_verifyTextPresent_closure1.doCall(VerifyTextPresentKeyword.groovy:79)
	at com.kms.katalon.core.webui.keyword.builtin.VerifyTextPresentKeyword$_verifyTextPresent_closure1.call(VerifyTextPresentKeyword.groovy)
	at com.kms.katalon.core.webui.keyword.internal.WebUIKeywordMain.runKeyword(WebUIKeywordMain.groovy:20)
	at com.kms.katalon.core.webui.keyword.builtin.VerifyTextPresentKeyword.verifyTextPresent(VerifyTextPresentKeyword.groovy:83)
	at com.kms.katalon.core.webui.keyword.builtin.VerifyTextPresentKeyword.execute(VerifyTextPresentKeyword.groovy:68)
	at com.kms.katalon.core.keyword.internal.KeywordExecutor.executeKeywordForPlatform(KeywordExecutor.groovy:74)
	at com.kms.katalon.core.webui.keyword.WebUiBuiltInKeywords.verifyTextPresent(WebUiBuiltInKeywords.groovy:1723)
	at com.kms.katalon.core.webui.keyword.WebUiBuiltInKeywords$verifyTextPresent$5.call(Unknown Source)
	at AddUserSpCharLastNameError.run(AddUserSpCharLastNameError:87)
	at com.kms.katalon.core.main.ScriptEngine.run(ScriptEngine.java:194)
	at com.kms.katalon.core.main.ScriptEngine.runScriptAsRawText(ScriptEngine.java:119)
	at com.kms.katalon.core.main.TestCaseExecutor.runScript(TestCaseExecutor.java:442)
	at com.kms.katalon.core.main.TestCaseExecutor.doExecute(TestCaseExecutor.java:433)
	at com.kms.katalon.core.main.TestCaseExecutor.processExecutionPhase(TestCaseExecutor.java:412)
	at com.kms.katalon.core.main.TestCaseExecutor.accessMainPhase(TestCaseExecutor.java:404)
	at com.kms.katalon.core.main.TestCaseExecutor.execute(TestCaseExecutor.java:281)
	at com.kms.katalon.core.main.TestSuiteExecutor.accessTestCaseMainPhase(TestSuiteExecutor.java:202)
	at com.kms.katalon.core.main.TestSuiteExecutor.accessTestSuiteMainPhase(TestSuiteExecutor.java:164)
	at com.kms.katalon.core.main.TestSuiteExecutor.execute(TestSuiteExecutor.java:105)
	at com.kms.katalon.core.main.TestCaseMain.startTestSuite(TestCaseMain.java:185)
	at com.kms.katalon.core.main.TestCaseMain$startTestSuite$0.call(Unknown Source)
	at TempTestSuite1658350841568.run(TempTestSuite1658350841568.groovy:36)
)

2022-07-20 17:14:26 - [MESSAGE][FAILED] - Text 'Username may only be comprised of alphanumeric characters, the underscore "_" character, the at "@" symbol, and the period "."Username may only be comprised of alphanumeric characters, the underscore "_" character, the at "@" symbol, and the period "."' is not present on page  using regular expression (Root cause: com.kms.katalon.core.exception.StepFailedException: Text 'Username may only be comprised of alphanumeric characters, the underscore "_" character, the at "@" symbol, and the period "."Username may only be comprised of alphanumeric characters, the underscore "_" character, the at "@" symbol, and the period "."' is not present on page  using regular expression
	at com.kms.katalon.core.webui.keyword.internal.WebUIKeywordMain.stepFailed(WebUIKeywordMain.groovy:64)
	at com.kms.katalon.core.webui.keyword.builtin.VerifyTextPresentKeyword$_verifyTextPresent_closure1.doCall(VerifyTextPresentKeyword.groovy:79)
	at com.kms.katalon.core.webui.keyword.builtin.VerifyTextPresentKeyword$_verifyTextPresent_closure1.call(VerifyTextPresentKeyword.groovy)
	at com.kms.katalon.core.webui.keyword.internal.WebUIKeywordMain.runKeyword(WebUIKeywordMain.groovy:20)
	at com.kms.katalon.core.webui.keyword.builtin.VerifyTextPresentKeyword.verifyTextPresent(VerifyTextPresentKeyword.groovy:83)
	at com.kms.katalon.core.webui.keyword.builtin.VerifyTextPresentKeyword.execute(VerifyTextPresentKeyword.groovy:68)
	at com.kms.katalon.core.keyword.internal.KeywordExecutor.executeKeywordForPlatform(KeywordExecutor.groovy:74)
	at com.kms.katalon.core.webui.keyword.WebUiBuiltInKeywords.verifyTextPresent(WebUiBuiltInKeywords.groovy:1723)
	at com.kms.katalon.core.webui.keyword.WebUiBuiltInKeywords$verifyTextPresent$5.call(Unknown Source)
	at AddUserSpCharLastNameError.run(AddUserSpCharLastNameError:87)
	at com.kms.katalon.core.main.ScriptEngine.run(ScriptEngine.java:194)
	at com.kms.katalon.core.main.ScriptEngine.runScriptAsRawText(ScriptEngine.java:119)
	at com.kms.katalon.core.main.TestCaseExecutor.runScript(TestCaseExecutor.java:442)
	at com.kms.katalon.core.main.TestCaseExecutor.doExecute(TestCaseExecutor.java:433)
	at com.kms.katalon.core.main.TestCaseExecutor.processExecutionPhase(TestCaseExecutor.java:412)
	at com.kms.katalon.core.main.TestCaseExecutor.accessMainPhase(TestCaseExecutor.java:404)
	at com.kms.katalon.core.main.TestCaseExecutor.execute(TestCaseExecutor.java:281)
	at com.kms.katalon.core.main.TestSuiteExecutor.accessTestCaseMainPhase(TestSuiteExecutor.java:202)
	at com.kms.katalon.core.main.TestSuiteExecutor.accessTestSuiteMainPhase(TestSuiteExecutor.java:164)
	at com.kms.katalon.core.main.TestSuiteExecutor.execute(TestSuiteExecutor.java:105)
	at com.kms.katalon.core.main.TestCaseMain.startTestSuite(TestCaseMain.java:185)
	at com.kms.katalon.core.main.TestCaseMain$startTestSuite$0.call(Unknown Source)
	at TempTestSuite1658350841568.run(TempTestSuite1658350841568.groovy:36)
)

2022-07-20 17:14:26 - [TEST_STEP][PASSED] - closeBrowser(): Browser is closed

2022-07-20 17:14:27 - [MESSAGE][PASSED] - Browser is closed

2022-07-20 17:14:27 - [TEST_STEP][PASSED] - ExecuteTC = findTestData(dataFile).getValue("Execute", row): null

2022-07-20 17:14:28 - [TEST_STEP][PASSED] - out.println("Value of Execute is : " + ExecuteTC): null

2022-07-20 17:14:28 - [TEST_STEP][FAILED] - if (ExecuteTC.equalsIgnoreCase("Y")): null

2022-07-20 17:14:28 - [TEST_STEP][PASSED] - out.println("Begin Record Number: " + row): null

2022-07-20 17:14:28 - [TEST_STEP][PASSED] - adminSuiteBootstrap.loginFunctionality.login_AdminSuite(): adminSuiteBootstrap.loginFunctionality.login_AdminSuite is PASSED

2022-07-20 17:14:28 - [MESSAGE][INFO] - Starting 'Chrome' driver

2022-07-20 17:14:28 - [MESSAGE][INFO] - User set preference: ['acceptInsecureCerts', 'true']

2022-07-20 17:14:28 - [MESSAGE][INFO] - Action delay is set to 0 milliseconds

2022-07-20 17:14:30 - [MESSAGE][PASSED] - Browser is opened with url: 'https://demo.velocitypayment.com/admin/imtiazdemo'

2022-07-20 17:14:30 - [MESSAGE][PASSED] - Current window maximized

2022-07-20 17:14:31 - [MESSAGE][PASSED] - Object 'Object Repository/Login_Page/Login_Username' is present

2022-07-20 17:14:31 - [MESSAGE][PASSED] - Text 'iahmed' is set on object 'Object Repository/Login_Page/Login_Username'

2022-07-20 17:14:32 - [MESSAGE][PASSED] - Text 'hello2222' is set on object 'Object Repository/Login_Page/Login_Password'

2022-07-20 17:14:35 - [MESSAGE][PASSED] - Object: 'Object Repository/Login_Page/Login_Submit' is clicked on

2022-07-20 17:14:35 - [MESSAGE][PASSED] - adminSuiteBootstrap.loginFunctionality.login_AdminSuite is PASSED

2022-07-20 17:14:35 - [TEST_STEP][PASSED] - click(findTestObject(path_Dashboard + "a_Access User Management")): Object: 'Object Repository/AdminSuiteBootstrap_Pages/Dashboard_Bootstrap/a_Access User Management' is clicked on

2022-07-20 17:14:38 - [MESSAGE][PASSED] - Object: 'Object Repository/AdminSuiteBootstrap_Pages/Dashboard_Bootstrap/a_Access User Management' is clicked on

2022-07-20 17:14:38 - [TEST_STEP][PASSED] - click(findTestObject(path_Users + "a_Add User")): Object: 'Object Repository/AdminSuiteBootstrap_Pages/UM_Bootstrap/Users/a_Add User' is clicked on

2022-07-20 17:14:38 - [MESSAGE][PASSED] - Object: 'Object Repository/AdminSuiteBootstrap_Pages/UM_Bootstrap/Users/a_Add User' is clicked on

2022-07-20 17:14:38 - [TEST_STEP][PASSED] - buildUsername = pages.GenerateRandom.getRandomAlpha(): pages.GenerateRandom.getRandomAlpha is PASSED

2022-07-20 17:14:38 - [MESSAGE][PASSED] - pages.GenerateRandom.getRandomAlpha is PASSED

2022-07-20 17:14:38 - [TEST_STEP][PASSED] - prefixUsername = findTestData(dataFile).getValue("Lastname", row): null

2022-07-20 17:14:39 - [TEST_STEP][PASSED] - spUsername = prefixUsername + buildUsername: null

2022-07-20 17:14:39 - [TEST_STEP][PASSED] - setText(findTestObject(path_AddUser + "input_EmailAddress"), "iahmed@govolution.com"): Text 'iahmed@govolution.com' is set on object 'Object Repository/AdminSuiteBootstrap_Pages/UM_Bootstrap/AddUser/input_EmailAddress'

2022-07-20 17:14:39 - [MESSAGE][PASSED] - Text 'iahmed@govolution.com' is set on object 'Object Repository/AdminSuiteBootstrap_Pages/UM_Bootstrap/AddUser/input_EmailAddress'

2022-07-20 17:14:39 - [TEST_STEP][PASSED] - setText(findTestObject(path_AddUser + "input_Username"), buildUsername): Text 'eqDWQKXsO' is set on object 'Object Repository/AdminSuiteBootstrap_Pages/UM_Bootstrap/AddUser/input_Username'

2022-07-20 17:14:40 - [MESSAGE][PASSED] - Text 'eqDWQKXsO' is set on object 'Object Repository/AdminSuiteBootstrap_Pages/UM_Bootstrap/AddUser/input_Username'

2022-07-20 17:14:40 - [TEST_STEP][PASSED] - setText(findTestObject(path_AddUser + "input_FirstName"), "Ashley"): Text 'Ashley' is set on object 'Object Repository/AdminSuiteBootstrap_Pages/UM_Bootstrap/AddUser/input_FirstName'

2022-07-20 17:14:41 - [MESSAGE][PASSED] - Text 'Ashley' is set on object 'Object Repository/AdminSuiteBootstrap_Pages/UM_Bootstrap/AddUser/input_FirstName'

2022-07-20 17:14:41 - [TEST_STEP][PASSED] - setText(findTestObject(path_AddUser + "input_LastName"), spUsername): Text '+eqDWQKXsO' is set on object 'Object Repository/AdminSuiteBootstrap_Pages/UM_Bootstrap/AddUser/input_LastName'

2022-07-20 17:14:41 - [MESSAGE][PASSED] - Text '+eqDWQKXsO' is set on object 'Object Repository/AdminSuiteBootstrap_Pages/UM_Bootstrap/AddUser/input_LastName'

2022-07-20 17:14:41 - [TEST_STEP][PASSED] - setText(findTestObject(path_AddUser + "input_Password"), "hello6666"): Text 'hello6666' is set on object 'Object Repository/AdminSuiteBootstrap_Pages/UM_Bootstrap/AddUser/input_Password'

2022-07-20 17:14:42 - [MESSAGE][PASSED] - Text 'hello6666' is set on object 'Object Repository/AdminSuiteBootstrap_Pages/UM_Bootstrap/AddUser/input_Password'

2022-07-20 17:14:42 - [TEST_STEP][PASSED] - setText(findTestObject(path_AddUser + "input_ConfirmPassword"), "hello6666"): Text 'hello6666' is set on object 'Object Repository/AdminSuiteBootstrap_Pages/UM_Bootstrap/AddUser/input_ConfirmPassword'

2022-07-20 17:14:43 - [MESSAGE][PASSED] - Text 'hello6666' is set on object 'Object Repository/AdminSuiteBootstrap_Pages/UM_Bootstrap/AddUser/input_ConfirmPassword'

2022-07-20 17:14:43 - [TEST_STEP][PASSED] - check(findTestObject(path_AddUser + "input_No_lock")): Object 'Object Repository/AdminSuiteBootstrap_Pages/UM_Bootstrap/AddUser/input_No_lock' is checked

2022-07-20 17:14:43 - [MESSAGE][PASSED] - Object 'Object Repository/AdminSuiteBootstrap_Pages/UM_Bootstrap/AddUser/input_No_lock' is checked

2022-07-20 17:14:43 - [TEST_STEP][PASSED] - click(findTestObject(path_AddUser + "button_Create")): Object: 'Object Repository/AdminSuiteBootstrap_Pages/UM_Bootstrap/AddUser/button_Create' is clicked on

2022-07-20 17:14:46 - [MESSAGE][PASSED] - Object: 'Object Repository/AdminSuiteBootstrap_Pages/UM_Bootstrap/AddUser/button_Create' is clicked on

2022-07-20 17:14:46 - [TEST_STEP][FAILED] - verifyTextPresent("Error! Please provide the following required information as indicated below", true): Text 'Error! Please provide the following required information as indicated below' is not present on page  using regular expression (Root cause: com.kms.katalon.core.exception.StepFailedException: Text 'Error! Please provide the following required information as indicated below' is not present on page  using regular expression
	at com.kms.katalon.core.webui.keyword.internal.WebUIKeywordMain.stepFailed(WebUIKeywordMain.groovy:64)
	at com.kms.katalon.core.webui.keyword.builtin.VerifyTextPresentKeyword$_verifyTextPresent_closure1.doCall(VerifyTextPresentKeyword.groovy:79)
	at com.kms.katalon.core.webui.keyword.builtin.VerifyTextPresentKeyword$_verifyTextPresent_closure1.call(VerifyTextPresentKeyword.groovy)
	at com.kms.katalon.core.webui.keyword.internal.WebUIKeywordMain.runKeyword(WebUIKeywordMain.groovy:20)
	at com.kms.katalon.core.webui.keyword.builtin.VerifyTextPresentKeyword.verifyTextPresent(VerifyTextPresentKeyword.groovy:83)
	at com.kms.katalon.core.webui.keyword.builtin.VerifyTextPresentKeyword.execute(VerifyTextPresentKeyword.groovy:68)
	at com.kms.katalon.core.keyword.internal.KeywordExecutor.executeKeywordForPlatform(KeywordExecutor.groovy:74)
	at com.kms.katalon.core.webui.keyword.WebUiBuiltInKeywords.verifyTextPresent(WebUiBuiltInKeywords.groovy:1723)
	at com.kms.katalon.core.webui.keyword.WebUiBuiltInKeywords$verifyTextPresent$5.call(Unknown Source)
	at AddUserSpCharLastNameError.run(AddUserSpCharLastNameError:86)
	at com.kms.katalon.core.main.ScriptEngine.run(ScriptEngine.java:194)
	at com.kms.katalon.core.main.ScriptEngine.runScriptAsRawText(ScriptEngine.java:119)
	at com.kms.katalon.core.main.TestCaseExecutor.runScript(TestCaseExecutor.java:442)
	at com.kms.katalon.core.main.TestCaseExecutor.doExecute(TestCaseExecutor.java:433)
	at com.kms.katalon.core.main.TestCaseExecutor.processExecutionPhase(TestCaseExecutor.java:412)
	at com.kms.katalon.core.main.TestCaseExecutor.accessMainPhase(TestCaseExecutor.java:404)
	at com.kms.katalon.core.main.TestCaseExecutor.execute(TestCaseExecutor.java:281)
	at com.kms.katalon.core.main.TestSuiteExecutor.accessTestCaseMainPhase(TestSuiteExecutor.java:202)
	at com.kms.katalon.core.main.TestSuiteExecutor.accessTestSuiteMainPhase(TestSuiteExecutor.java:164)
	at com.kms.katalon.core.main.TestSuiteExecutor.execute(TestSuiteExecutor.java:105)
	at com.kms.katalon.core.main.TestCaseMain.startTestSuite(TestCaseMain.java:185)
	at com.kms.katalon.core.main.TestCaseMain$startTestSuite$0.call(Unknown Source)
	at TempTestSuite1658350841568.run(TempTestSuite1658350841568.groovy:36)
)

2022-07-20 17:14:47 - [MESSAGE][FAILED] - Text 'Error! Please provide the following required information as indicated below' is not present on page  using regular expression (Root cause: com.kms.katalon.core.exception.StepFailedException: Text 'Error! Please provide the following required information as indicated below' is not present on page  using regular expression
	at com.kms.katalon.core.webui.keyword.internal.WebUIKeywordMain.stepFailed(WebUIKeywordMain.groovy:64)
	at com.kms.katalon.core.webui.keyword.builtin.VerifyTextPresentKeyword$_verifyTextPresent_closure1.doCall(VerifyTextPresentKeyword.groovy:79)
	at com.kms.katalon.core.webui.keyword.builtin.VerifyTextPresentKeyword$_verifyTextPresent_closure1.call(VerifyTextPresentKeyword.groovy)
	at com.kms.katalon.core.webui.keyword.internal.WebUIKeywordMain.runKeyword(WebUIKeywordMain.groovy:20)
	at com.kms.katalon.core.webui.keyword.builtin.VerifyTextPresentKeyword.verifyTextPresent(VerifyTextPresentKeyword.groovy:83)
	at com.kms.katalon.core.webui.keyword.builtin.VerifyTextPresentKeyword.execute(VerifyTextPresentKeyword.groovy:68)
	at com.kms.katalon.core.keyword.internal.KeywordExecutor.executeKeywordForPlatform(KeywordExecutor.groovy:74)
	at com.kms.katalon.core.webui.keyword.WebUiBuiltInKeywords.verifyTextPresent(WebUiBuiltInKeywords.groovy:1723)
	at com.kms.katalon.core.webui.keyword.WebUiBuiltInKeywords$verifyTextPresent$5.call(Unknown Source)
	at AddUserSpCharLastNameError.run(AddUserSpCharLastNameError:86)
	at com.kms.katalon.core.main.ScriptEngine.run(ScriptEngine.java:194)
	at com.kms.katalon.core.main.ScriptEngine.runScriptAsRawText(ScriptEngine.java:119)
	at com.kms.katalon.core.main.TestCaseExecutor.runScript(TestCaseExecutor.java:442)
	at com.kms.katalon.core.main.TestCaseExecutor.doExecute(TestCaseExecutor.java:433)
	at com.kms.katalon.core.main.TestCaseExecutor.processExecutionPhase(TestCaseExecutor.java:412)
	at com.kms.katalon.core.main.TestCaseExecutor.accessMainPhase(TestCaseExecutor.java:404)
	at com.kms.katalon.core.main.TestCaseExecutor.execute(TestCaseExecutor.java:281)
	at com.kms.katalon.core.main.TestSuiteExecutor.accessTestCaseMainPhase(TestSuiteExecutor.java:202)
	at com.kms.katalon.core.main.TestSuiteExecutor.accessTestSuiteMainPhase(TestSuiteExecutor.java:164)
	at com.kms.katalon.core.main.TestSuiteExecutor.execute(TestSuiteExecutor.java:105)
	at com.kms.katalon.core.main.TestCaseMain.startTestSuite(TestCaseMain.java:185)
	at com.kms.katalon.core.main.TestCaseMain$startTestSuite$0.call(Unknown Source)
	at TempTestSuite1658350841568.run(TempTestSuite1658350841568.groovy:36)
)

2022-07-20 17:14:47 - [TEST_STEP][FAILED] - verifyTextPresent("Username may only be comprised of alphanumeric characters, the underscore "_" character, the at "@" symbol, and the period "."Username may only be comprised of alphanumeric characters, the underscore "_" character, the at "@" symbol, and the period "."", true): Text 'Username may only be comprised of alphanumeric characters, the underscore "_" character, the at "@" symbol, and the period "."Username may only be comprised of alphanumeric characters, the underscore "_" character, the at "@" symbol, and the period "."' is not present on page  using regular expression (Root cause: com.kms.katalon.core.exception.StepFailedException: Text 'Username may only be comprised of alphanumeric characters, the underscore "_" character, the at "@" symbol, and the period "."Username may only be comprised of alphanumeric characters, the underscore "_" character, the at "@" symbol, and the period "."' is not present on page  using regular expression
	at com.kms.katalon.core.webui.keyword.internal.WebUIKeywordMain.stepFailed(WebUIKeywordMain.groovy:64)
	at com.kms.katalon.core.webui.keyword.builtin.VerifyTextPresentKeyword$_verifyTextPresent_closure1.doCall(VerifyTextPresentKeyword.groovy:79)
	at com.kms.katalon.core.webui.keyword.builtin.VerifyTextPresentKeyword$_verifyTextPresent_closure1.call(VerifyTextPresentKeyword.groovy)
	at com.kms.katalon.core.webui.keyword.internal.WebUIKeywordMain.runKeyword(WebUIKeywordMain.groovy:20)
	at com.kms.katalon.core.webui.keyword.builtin.VerifyTextPresentKeyword.verifyTextPresent(VerifyTextPresentKeyword.groovy:83)
	at com.kms.katalon.core.webui.keyword.builtin.VerifyTextPresentKeyword.execute(VerifyTextPresentKeyword.groovy:68)
	at com.kms.katalon.core.keyword.internal.KeywordExecutor.executeKeywordForPlatform(KeywordExecutor.groovy:74)
	at com.kms.katalon.core.webui.keyword.WebUiBuiltInKeywords.verifyTextPresent(WebUiBuiltInKeywords.groovy:1723)
	at com.kms.katalon.core.webui.keyword.WebUiBuiltInKeywords$verifyTextPresent$5.call(Unknown Source)
	at AddUserSpCharLastNameError.run(AddUserSpCharLastNameError:87)
	at com.kms.katalon.core.main.ScriptEngine.run(ScriptEngine.java:194)
	at com.kms.katalon.core.main.ScriptEngine.runScriptAsRawText(ScriptEngine.java:119)
	at com.kms.katalon.core.main.TestCaseExecutor.runScript(TestCaseExecutor.java:442)
	at com.kms.katalon.core.main.TestCaseExecutor.doExecute(TestCaseExecutor.java:433)
	at com.kms.katalon.core.main.TestCaseExecutor.processExecutionPhase(TestCaseExecutor.java:412)
	at com.kms.katalon.core.main.TestCaseExecutor.accessMainPhase(TestCaseExecutor.java:404)
	at com.kms.katalon.core.main.TestCaseExecutor.execute(TestCaseExecutor.java:281)
	at com.kms.katalon.core.main.TestSuiteExecutor.accessTestCaseMainPhase(TestSuiteExecutor.java:202)
	at com.kms.katalon.core.main.TestSuiteExecutor.accessTestSuiteMainPhase(TestSuiteExecutor.java:164)
	at com.kms.katalon.core.main.TestSuiteExecutor.execute(TestSuiteExecutor.java:105)
	at com.kms.katalon.core.main.TestCaseMain.startTestSuite(TestCaseMain.java:185)
	at com.kms.katalon.core.main.TestCaseMain$startTestSuite$0.call(Unknown Source)
	at TempTestSuite1658350841568.run(TempTestSuite1658350841568.groovy:36)
)

2022-07-20 17:14:47 - [MESSAGE][FAILED] - Text 'Username may only be comprised of alphanumeric characters, the underscore "_" character, the at "@" symbol, and the period "."Username may only be comprised of alphanumeric characters, the underscore "_" character, the at "@" symbol, and the period "."' is not present on page  using regular expression (Root cause: com.kms.katalon.core.exception.StepFailedException: Text 'Username may only be comprised of alphanumeric characters, the underscore "_" character, the at "@" symbol, and the period "."Username may only be comprised of alphanumeric characters, the underscore "_" character, the at "@" symbol, and the period "."' is not present on page  using regular expression
	at com.kms.katalon.core.webui.keyword.internal.WebUIKeywordMain.stepFailed(WebUIKeywordMain.groovy:64)
	at com.kms.katalon.core.webui.keyword.builtin.VerifyTextPresentKeyword$_verifyTextPresent_closure1.doCall(VerifyTextPresentKeyword.groovy:79)
	at com.kms.katalon.core.webui.keyword.builtin.VerifyTextPresentKeyword$_verifyTextPresent_closure1.call(VerifyTextPresentKeyword.groovy)
	at com.kms.katalon.core.webui.keyword.internal.WebUIKeywordMain.runKeyword(WebUIKeywordMain.groovy:20)
	at com.kms.katalon.core.webui.keyword.builtin.VerifyTextPresentKeyword.verifyTextPresent(VerifyTextPresentKeyword.groovy:83)
	at com.kms.katalon.core.webui.keyword.builtin.VerifyTextPresentKeyword.execute(VerifyTextPresentKeyword.groovy:68)
	at com.kms.katalon.core.keyword.internal.KeywordExecutor.executeKeywordForPlatform(KeywordExecutor.groovy:74)
	at com.kms.katalon.core.webui.keyword.WebUiBuiltInKeywords.verifyTextPresent(WebUiBuiltInKeywords.groovy:1723)
	at com.kms.katalon.core.webui.keyword.WebUiBuiltInKeywords$verifyTextPresent$5.call(Unknown Source)
	at AddUserSpCharLastNameError.run(AddUserSpCharLastNameError:87)
	at com.kms.katalon.core.main.ScriptEngine.run(ScriptEngine.java:194)
	at com.kms.katalon.core.main.ScriptEngine.runScriptAsRawText(ScriptEngine.java:119)
	at com.kms.katalon.core.main.TestCaseExecutor.runScript(TestCaseExecutor.java:442)
	at com.kms.katalon.core.main.TestCaseExecutor.doExecute(TestCaseExecutor.java:433)
	at com.kms.katalon.core.main.TestCaseExecutor.processExecutionPhase(TestCaseExecutor.java:412)
	at com.kms.katalon.core.main.TestCaseExecutor.accessMainPhase(TestCaseExecutor.java:404)
	at com.kms.katalon.core.main.TestCaseExecutor.execute(TestCaseExecutor.java:281)
	at com.kms.katalon.core.main.TestSuiteExecutor.accessTestCaseMainPhase(TestSuiteExecutor.java:202)
	at com.kms.katalon.core.main.TestSuiteExecutor.accessTestSuiteMainPhase(TestSuiteExecutor.java:164)
	at com.kms.katalon.core.main.TestSuiteExecutor.execute(TestSuiteExecutor.java:105)
	at com.kms.katalon.core.main.TestCaseMain.startTestSuite(TestCaseMain.java:185)
	at com.kms.katalon.core.main.TestCaseMain$startTestSuite$0.call(Unknown Source)
	at TempTestSuite1658350841568.run(TempTestSuite1658350841568.groovy:36)
)

2022-07-20 17:14:47 - [TEST_STEP][PASSED] - closeBrowser(): Browser is closed

2022-07-20 17:14:48 - [MESSAGE][PASSED] - Browser is closed

2022-07-20 17:14:48 - [TEST_STEP][PASSED] - ExecuteTC = findTestData(dataFile).getValue("Execute", row): null

2022-07-20 17:14:48 - [TEST_STEP][PASSED] - out.println("Value of Execute is : " + ExecuteTC): null

2022-07-20 17:14:48 - [TEST_STEP][FAILED] - if (ExecuteTC.equalsIgnoreCase("Y")): null

2022-07-20 17:14:48 - [TEST_STEP][PASSED] - out.println("Begin Record Number: " + row): null

2022-07-20 17:14:48 - [TEST_STEP][PASSED] - adminSuiteBootstrap.loginFunctionality.login_AdminSuite(): adminSuiteBootstrap.loginFunctionality.login_AdminSuite is PASSED

2022-07-20 17:14:48 - [MESSAGE][INFO] - Starting 'Chrome' driver

2022-07-20 17:14:48 - [MESSAGE][INFO] - User set preference: ['acceptInsecureCerts', 'true']

2022-07-20 17:14:48 - [MESSAGE][INFO] - Action delay is set to 0 milliseconds

2022-07-20 17:14:51 - [MESSAGE][PASSED] - Browser is opened with url: 'https://demo.velocitypayment.com/admin/imtiazdemo'

2022-07-20 17:14:51 - [MESSAGE][PASSED] - Current window maximized

2022-07-20 17:14:52 - [MESSAGE][PASSED] - Object 'Object Repository/Login_Page/Login_Username' is present

2022-07-20 17:14:52 - [MESSAGE][PASSED] - Text 'iahmed' is set on object 'Object Repository/Login_Page/Login_Username'

2022-07-20 17:14:53 - [MESSAGE][PASSED] - Text 'hello2222' is set on object 'Object Repository/Login_Page/Login_Password'

2022-07-20 17:14:59 - [MESSAGE][PASSED] - Object: 'Object Repository/Login_Page/Login_Submit' is clicked on

2022-07-20 17:14:59 - [MESSAGE][PASSED] - adminSuiteBootstrap.loginFunctionality.login_AdminSuite is PASSED

2022-07-20 17:14:59 - [TEST_STEP][PASSED] - click(findTestObject(path_Dashboard + "a_Access User Management")): Object: 'Object Repository/AdminSuiteBootstrap_Pages/Dashboard_Bootstrap/a_Access User Management' is clicked on

2022-07-20 17:15:01 - [MESSAGE][PASSED] - Object: 'Object Repository/AdminSuiteBootstrap_Pages/Dashboard_Bootstrap/a_Access User Management' is clicked on

2022-07-20 17:15:01 - [TEST_STEP][PASSED] - click(findTestObject(path_Users + "a_Add User")): Object: 'Object Repository/AdminSuiteBootstrap_Pages/UM_Bootstrap/Users/a_Add User' is clicked on

2022-07-20 17:15:02 - [MESSAGE][PASSED] - Object: 'Object Repository/AdminSuiteBootstrap_Pages/UM_Bootstrap/Users/a_Add User' is clicked on

2022-07-20 17:15:02 - [TEST_STEP][PASSED] - buildUsername = pages.GenerateRandom.getRandomAlpha(): pages.GenerateRandom.getRandomAlpha is PASSED

2022-07-20 17:15:02 - [MESSAGE][PASSED] - pages.GenerateRandom.getRandomAlpha is PASSED

2022-07-20 17:15:02 - [TEST_STEP][PASSED] - prefixUsername = findTestData(dataFile).getValue("Lastname", row): null

2022-07-20 17:15:02 - [TEST_STEP][PASSED] - spUsername = prefixUsername + buildUsername: null

2022-07-20 17:15:02 - [TEST_STEP][PASSED] - setText(findTestObject(path_AddUser + "input_EmailAddress"), "iahmed@govolution.com"): Text 'iahmed@govolution.com' is set on object 'Object Repository/AdminSuiteBootstrap_Pages/UM_Bootstrap/AddUser/input_EmailAddress'

2022-07-20 17:15:03 - [MESSAGE][PASSED] - Text 'iahmed@govolution.com' is set on object 'Object Repository/AdminSuiteBootstrap_Pages/UM_Bootstrap/AddUser/input_EmailAddress'

2022-07-20 17:15:03 - [TEST_STEP][PASSED] - setText(findTestObject(path_AddUser + "input_Username"), buildUsername): Text 'zNLmTPfOQ' is set on object 'Object Repository/AdminSuiteBootstrap_Pages/UM_Bootstrap/AddUser/input_Username'

2022-07-20 17:15:03 - [MESSAGE][PASSED] - Text 'zNLmTPfOQ' is set on object 'Object Repository/AdminSuiteBootstrap_Pages/UM_Bootstrap/AddUser/input_Username'

2022-07-20 17:15:03 - [TEST_STEP][PASSED] - setText(findTestObject(path_AddUser + "input_FirstName"), "Ashley"): Text 'Ashley' is set on object 'Object Repository/AdminSuiteBootstrap_Pages/UM_Bootstrap/AddUser/input_FirstName'

2022-07-20 17:15:04 - [MESSAGE][PASSED] - Text 'Ashley' is set on object 'Object Repository/AdminSuiteBootstrap_Pages/UM_Bootstrap/AddUser/input_FirstName'

2022-07-20 17:15:04 - [TEST_STEP][PASSED] - setText(findTestObject(path_AddUser + "input_LastName"), spUsername): Text '@zNLmTPfOQ' is set on object 'Object Repository/AdminSuiteBootstrap_Pages/UM_Bootstrap/AddUser/input_LastName'

2022-07-20 17:15:05 - [MESSAGE][PASSED] - Text '@zNLmTPfOQ' is set on object 'Object Repository/AdminSuiteBootstrap_Pages/UM_Bootstrap/AddUser/input_LastName'

2022-07-20 17:15:05 - [TEST_STEP][PASSED] - setText(findTestObject(path_AddUser + "input_Password"), "hello6666"): Text 'hello6666' is set on object 'Object Repository/AdminSuiteBootstrap_Pages/UM_Bootstrap/AddUser/input_Password'

2022-07-20 17:15:05 - [MESSAGE][PASSED] - Text 'hello6666' is set on object 'Object Repository/AdminSuiteBootstrap_Pages/UM_Bootstrap/AddUser/input_Password'

2022-07-20 17:15:05 - [TEST_STEP][PASSED] - setText(findTestObject(path_AddUser + "input_ConfirmPassword"), "hello6666"): Text 'hello6666' is set on object 'Object Repository/AdminSuiteBootstrap_Pages/UM_Bootstrap/AddUser/input_ConfirmPassword'

2022-07-20 17:15:06 - [MESSAGE][PASSED] - Text 'hello6666' is set on object 'Object Repository/AdminSuiteBootstrap_Pages/UM_Bootstrap/AddUser/input_ConfirmPassword'

2022-07-20 17:15:06 - [TEST_STEP][PASSED] - check(findTestObject(path_AddUser + "input_No_lock")): Object 'Object Repository/AdminSuiteBootstrap_Pages/UM_Bootstrap/AddUser/input_No_lock' is checked

2022-07-20 17:15:06 - [MESSAGE][PASSED] - Object 'Object Repository/AdminSuiteBootstrap_Pages/UM_Bootstrap/AddUser/input_No_lock' is checked

2022-07-20 17:15:06 - [TEST_STEP][PASSED] - click(findTestObject(path_AddUser + "button_Create")): Object: 'Object Repository/AdminSuiteBootstrap_Pages/UM_Bootstrap/AddUser/button_Create' is clicked on

2022-07-20 17:15:09 - [MESSAGE][PASSED] - Object: 'Object Repository/AdminSuiteBootstrap_Pages/UM_Bootstrap/AddUser/button_Create' is clicked on

2022-07-20 17:15:09 - [TEST_STEP][FAILED] - verifyTextPresent("Error! Please provide the following required information as indicated below", true): Text 'Error! Please provide the following required information as indicated below' is not present on page  using regular expression (Root cause: com.kms.katalon.core.exception.StepFailedException: Text 'Error! Please provide the following required information as indicated below' is not present on page  using regular expression
	at com.kms.katalon.core.webui.keyword.internal.WebUIKeywordMain.stepFailed(WebUIKeywordMain.groovy:64)
	at com.kms.katalon.core.webui.keyword.builtin.VerifyTextPresentKeyword$_verifyTextPresent_closure1.doCall(VerifyTextPresentKeyword.groovy:79)
	at com.kms.katalon.core.webui.keyword.builtin.VerifyTextPresentKeyword$_verifyTextPresent_closure1.call(VerifyTextPresentKeyword.groovy)
	at com.kms.katalon.core.webui.keyword.internal.WebUIKeywordMain.runKeyword(WebUIKeywordMain.groovy:20)
	at com.kms.katalon.core.webui.keyword.builtin.VerifyTextPresentKeyword.verifyTextPresent(VerifyTextPresentKeyword.groovy:83)
	at com.kms.katalon.core.webui.keyword.builtin.VerifyTextPresentKeyword.execute(VerifyTextPresentKeyword.groovy:68)
	at com.kms.katalon.core.keyword.internal.KeywordExecutor.executeKeywordForPlatform(KeywordExecutor.groovy:74)
	at com.kms.katalon.core.webui.keyword.WebUiBuiltInKeywords.verifyTextPresent(WebUiBuiltInKeywords.groovy:1723)
	at com.kms.katalon.core.webui.keyword.WebUiBuiltInKeywords$verifyTextPresent$5.call(Unknown Source)
	at AddUserSpCharLastNameError.run(AddUserSpCharLastNameError:86)
	at com.kms.katalon.core.main.ScriptEngine.run(ScriptEngine.java:194)
	at com.kms.katalon.core.main.ScriptEngine.runScriptAsRawText(ScriptEngine.java:119)
	at com.kms.katalon.core.main.TestCaseExecutor.runScript(TestCaseExecutor.java:442)
	at com.kms.katalon.core.main.TestCaseExecutor.doExecute(TestCaseExecutor.java:433)
	at com.kms.katalon.core.main.TestCaseExecutor.processExecutionPhase(TestCaseExecutor.java:412)
	at com.kms.katalon.core.main.TestCaseExecutor.accessMainPhase(TestCaseExecutor.java:404)
	at com.kms.katalon.core.main.TestCaseExecutor.execute(TestCaseExecutor.java:281)
	at com.kms.katalon.core.main.TestSuiteExecutor.accessTestCaseMainPhase(TestSuiteExecutor.java:202)
	at com.kms.katalon.core.main.TestSuiteExecutor.accessTestSuiteMainPhase(TestSuiteExecutor.java:164)
	at com.kms.katalon.core.main.TestSuiteExecutor.execute(TestSuiteExecutor.java:105)
	at com.kms.katalon.core.main.TestCaseMain.startTestSuite(TestCaseMain.java:185)
	at com.kms.katalon.core.main.TestCaseMain$startTestSuite$0.call(Unknown Source)
	at TempTestSuite1658350841568.run(TempTestSuite1658350841568.groovy:36)
)

2022-07-20 17:15:10 - [MESSAGE][FAILED] - Text 'Error! Please provide the following required information as indicated below' is not present on page  using regular expression (Root cause: com.kms.katalon.core.exception.StepFailedException: Text 'Error! Please provide the following required information as indicated below' is not present on page  using regular expression
	at com.kms.katalon.core.webui.keyword.internal.WebUIKeywordMain.stepFailed(WebUIKeywordMain.groovy:64)
	at com.kms.katalon.core.webui.keyword.builtin.VerifyTextPresentKeyword$_verifyTextPresent_closure1.doCall(VerifyTextPresentKeyword.groovy:79)
	at com.kms.katalon.core.webui.keyword.builtin.VerifyTextPresentKeyword$_verifyTextPresent_closure1.call(VerifyTextPresentKeyword.groovy)
	at com.kms.katalon.core.webui.keyword.internal.WebUIKeywordMain.runKeyword(WebUIKeywordMain.groovy:20)
	at com.kms.katalon.core.webui.keyword.builtin.VerifyTextPresentKeyword.verifyTextPresent(VerifyTextPresentKeyword.groovy:83)
	at com.kms.katalon.core.webui.keyword.builtin.VerifyTextPresentKeyword.execute(VerifyTextPresentKeyword.groovy:68)
	at com.kms.katalon.core.keyword.internal.KeywordExecutor.executeKeywordForPlatform(KeywordExecutor.groovy:74)
	at com.kms.katalon.core.webui.keyword.WebUiBuiltInKeywords.verifyTextPresent(WebUiBuiltInKeywords.groovy:1723)
	at com.kms.katalon.core.webui.keyword.WebUiBuiltInKeywords$verifyTextPresent$5.call(Unknown Source)
	at AddUserSpCharLastNameError.run(AddUserSpCharLastNameError:86)
	at com.kms.katalon.core.main.ScriptEngine.run(ScriptEngine.java:194)
	at com.kms.katalon.core.main.ScriptEngine.runScriptAsRawText(ScriptEngine.java:119)
	at com.kms.katalon.core.main.TestCaseExecutor.runScript(TestCaseExecutor.java:442)
	at com.kms.katalon.core.main.TestCaseExecutor.doExecute(TestCaseExecutor.java:433)
	at com.kms.katalon.core.main.TestCaseExecutor.processExecutionPhase(TestCaseExecutor.java:412)
	at com.kms.katalon.core.main.TestCaseExecutor.accessMainPhase(TestCaseExecutor.java:404)
	at com.kms.katalon.core.main.TestCaseExecutor.execute(TestCaseExecutor.java:281)
	at com.kms.katalon.core.main.TestSuiteExecutor.accessTestCaseMainPhase(TestSuiteExecutor.java:202)
	at com.kms.katalon.core.main.TestSuiteExecutor.accessTestSuiteMainPhase(TestSuiteExecutor.java:164)
	at com.kms.katalon.core.main.TestSuiteExecutor.execute(TestSuiteExecutor.java:105)
	at com.kms.katalon.core.main.TestCaseMain.startTestSuite(TestCaseMain.java:185)
	at com.kms.katalon.core.main.TestCaseMain$startTestSuite$0.call(Unknown Source)
	at TempTestSuite1658350841568.run(TempTestSuite1658350841568.groovy:36)
)

2022-07-20 17:15:10 - [TEST_STEP][FAILED] - verifyTextPresent("Username may only be comprised of alphanumeric characters, the underscore "_" character, the at "@" symbol, and the period "."Username may only be comprised of alphanumeric characters, the underscore "_" character, the at "@" symbol, and the period "."", true): Text 'Username may only be comprised of alphanumeric characters, the underscore "_" character, the at "@" symbol, and the period "."Username may only be comprised of alphanumeric characters, the underscore "_" character, the at "@" symbol, and the period "."' is not present on page  using regular expression (Root cause: com.kms.katalon.core.exception.StepFailedException: Text 'Username may only be comprised of alphanumeric characters, the underscore "_" character, the at "@" symbol, and the period "."Username may only be comprised of alphanumeric characters, the underscore "_" character, the at "@" symbol, and the period "."' is not present on page  using regular expression
	at com.kms.katalon.core.webui.keyword.internal.WebUIKeywordMain.stepFailed(WebUIKeywordMain.groovy:64)
	at com.kms.katalon.core.webui.keyword.builtin.VerifyTextPresentKeyword$_verifyTextPresent_closure1.doCall(VerifyTextPresentKeyword.groovy:79)
	at com.kms.katalon.core.webui.keyword.builtin.VerifyTextPresentKeyword$_verifyTextPresent_closure1.call(VerifyTextPresentKeyword.groovy)
	at com.kms.katalon.core.webui.keyword.internal.WebUIKeywordMain.runKeyword(WebUIKeywordMain.groovy:20)
	at com.kms.katalon.core.webui.keyword.builtin.VerifyTextPresentKeyword.verifyTextPresent(VerifyTextPresentKeyword.groovy:83)
	at com.kms.katalon.core.webui.keyword.builtin.VerifyTextPresentKeyword.execute(VerifyTextPresentKeyword.groovy:68)
	at com.kms.katalon.core.keyword.internal.KeywordExecutor.executeKeywordForPlatform(KeywordExecutor.groovy:74)
	at com.kms.katalon.core.webui.keyword.WebUiBuiltInKeywords.verifyTextPresent(WebUiBuiltInKeywords.groovy:1723)
	at com.kms.katalon.core.webui.keyword.WebUiBuiltInKeywords$verifyTextPresent$5.call(Unknown Source)
	at AddUserSpCharLastNameError.run(AddUserSpCharLastNameError:87)
	at com.kms.katalon.core.main.ScriptEngine.run(ScriptEngine.java:194)
	at com.kms.katalon.core.main.ScriptEngine.runScriptAsRawText(ScriptEngine.java:119)
	at com.kms.katalon.core.main.TestCaseExecutor.runScript(TestCaseExecutor.java:442)
	at com.kms.katalon.core.main.TestCaseExecutor.doExecute(TestCaseExecutor.java:433)
	at com.kms.katalon.core.main.TestCaseExecutor.processExecutionPhase(TestCaseExecutor.java:412)
	at com.kms.katalon.core.main.TestCaseExecutor.accessMainPhase(TestCaseExecutor.java:404)
	at com.kms.katalon.core.main.TestCaseExecutor.execute(TestCaseExecutor.java:281)
	at com.kms.katalon.core.main.TestSuiteExecutor.accessTestCaseMainPhase(TestSuiteExecutor.java:202)
	at com.kms.katalon.core.main.TestSuiteExecutor.accessTestSuiteMainPhase(TestSuiteExecutor.java:164)
	at com.kms.katalon.core.main.TestSuiteExecutor.execute(TestSuiteExecutor.java:105)
	at com.kms.katalon.core.main.TestCaseMain.startTestSuite(TestCaseMain.java:185)
	at com.kms.katalon.core.main.TestCaseMain$startTestSuite$0.call(Unknown Source)
	at TempTestSuite1658350841568.run(TempTestSuite1658350841568.groovy:36)
)

2022-07-20 17:15:10 - [MESSAGE][FAILED] - Text 'Username may only be comprised of alphanumeric characters, the underscore "_" character, the at "@" symbol, and the period "."Username may only be comprised of alphanumeric characters, the underscore "_" character, the at "@" symbol, and the period "."' is not present on page  using regular expression (Root cause: com.kms.katalon.core.exception.StepFailedException: Text 'Username may only be comprised of alphanumeric characters, the underscore "_" character, the at "@" symbol, and the period "."Username may only be comprised of alphanumeric characters, the underscore "_" character, the at "@" symbol, and the period "."' is not present on page  using regular expression
	at com.kms.katalon.core.webui.keyword.internal.WebUIKeywordMain.stepFailed(WebUIKeywordMain.groovy:64)
	at com.kms.katalon.core.webui.keyword.builtin.VerifyTextPresentKeyword$_verifyTextPresent_closure1.doCall(VerifyTextPresentKeyword.groovy:79)
	at com.kms.katalon.core.webui.keyword.builtin.VerifyTextPresentKeyword$_verifyTextPresent_closure1.call(VerifyTextPresentKeyword.groovy)
	at com.kms.katalon.core.webui.keyword.internal.WebUIKeywordMain.runKeyword(WebUIKeywordMain.groovy:20)
	at com.kms.katalon.core.webui.keyword.builtin.VerifyTextPresentKeyword.verifyTextPresent(VerifyTextPresentKeyword.groovy:83)
	at com.kms.katalon.core.webui.keyword.builtin.VerifyTextPresentKeyword.execute(VerifyTextPresentKeyword.groovy:68)
	at com.kms.katalon.core.keyword.internal.KeywordExecutor.executeKeywordForPlatform(KeywordExecutor.groovy:74)
	at com.kms.katalon.core.webui.keyword.WebUiBuiltInKeywords.verifyTextPresent(WebUiBuiltInKeywords.groovy:1723)
	at com.kms.katalon.core.webui.keyword.WebUiBuiltInKeywords$verifyTextPresent$5.call(Unknown Source)
	at AddUserSpCharLastNameError.run(AddUserSpCharLastNameError:87)
	at com.kms.katalon.core.main.ScriptEngine.run(ScriptEngine.java:194)
	at com.kms.katalon.core.main.ScriptEngine.runScriptAsRawText(ScriptEngine.java:119)
	at com.kms.katalon.core.main.TestCaseExecutor.runScript(TestCaseExecutor.java:442)
	at com.kms.katalon.core.main.TestCaseExecutor.doExecute(TestCaseExecutor.java:433)
	at com.kms.katalon.core.main.TestCaseExecutor.processExecutionPhase(TestCaseExecutor.java:412)
	at com.kms.katalon.core.main.TestCaseExecutor.accessMainPhase(TestCaseExecutor.java:404)
	at com.kms.katalon.core.main.TestCaseExecutor.execute(TestCaseExecutor.java:281)
	at com.kms.katalon.core.main.TestSuiteExecutor.accessTestCaseMainPhase(TestSuiteExecutor.java:202)
	at com.kms.katalon.core.main.TestSuiteExecutor.accessTestSuiteMainPhase(TestSuiteExecutor.java:164)
	at com.kms.katalon.core.main.TestSuiteExecutor.execute(TestSuiteExecutor.java:105)
	at com.kms.katalon.core.main.TestCaseMain.startTestSuite(TestCaseMain.java:185)
	at com.kms.katalon.core.main.TestCaseMain$startTestSuite$0.call(Unknown Source)
	at TempTestSuite1658350841568.run(TempTestSuite1658350841568.groovy:36)
)

2022-07-20 17:15:10 - [TEST_STEP][PASSED] - closeBrowser(): Browser is closed

2022-07-20 17:15:11 - [MESSAGE][PASSED] - Browser is closed]]></system-out>
         <system-err><![CDATA[2022-07-20 17:13:46 - [TEST_CASE][FAILED] - Test Cases/Admin Suite Bootstrap/UM_TestCases/UsersErrors/AddUserSpCharLastNameError: Test Cases/Admin Suite Bootstrap/UM_TestCases/UsersErrors/AddUserSpCharLastNameError FAILED.
Reason:
com.kms.katalon.core.exception.StepFailedException: Text 'Error! Please provide the following required information as indicated below' is not present on page  using regular expression (Root cause: com.kms.katalon.core.exception.StepFailedException: Text 'Error! Please provide the following required information as indicated below' is not present on page  using regular expression
	at com.kms.katalon.core.webui.keyword.internal.WebUIKeywordMain.stepFailed(WebUIKeywordMain.groovy:64)
	at com.kms.katalon.core.webui.keyword.builtin.VerifyTextPresentKeyword$_verifyTextPresent_closure1.doCall(VerifyTextPresentKeyword.groovy:79)
	at com.kms.katalon.core.webui.keyword.builtin.VerifyTextPresentKeyword$_verifyTextPresent_closure1.call(VerifyTextPresentKeyword.groovy)
	at com.kms.katalon.core.webui.keyword.internal.WebUIKeywordMain.runKeyword(WebUIKeywordMain.groovy:20)
	at com.kms.katalon.core.webui.keyword.builtin.VerifyTextPresentKeyword.verifyTextPresent(VerifyTextPresentKeyword.groovy:83)
	at com.kms.katalon.core.webui.keyword.builtin.VerifyTextPresentKeyword.execute(VerifyTextPresentKeyword.groovy:68)
	at com.kms.katalon.core.keyword.internal.KeywordExecutor.executeKeywordForPlatform(KeywordExecutor.groovy:74)
	at com.kms.katalon.core.webui.keyword.WebUiBuiltInKeywords.verifyTextPresent(WebUiBuiltInKeywords.groovy:1723)
	at com.kms.katalon.core.webui.keyword.WebUiBuiltInKeywords$verifyTextPresent$5.call(Unknown Source)
	at AddUserSpCharLastNameError.run(AddUserSpCharLastNameError:86)
	at com.kms.katalon.core.main.ScriptEngine.run(ScriptEngine.java:194)
	at com.kms.katalon.core.main.ScriptEngine.runScriptAsRawText(ScriptEngine.java:119)
	at com.kms.katalon.core.main.TestCaseExecutor.runScript(TestCaseExecutor.java:442)
	at com.kms.katalon.core.main.TestCaseExecutor.doExecute(TestCaseExecutor.java:433)
	at com.kms.katalon.core.main.TestCaseExecutor.processExecutionPhase(TestCaseExecutor.java:412)
	at com.kms.katalon.core.main.TestCaseExecutor.accessMainPhase(TestCaseExecutor.java:404)
	at com.kms.katalon.core.main.TestCaseExecutor.execute(TestCaseExecutor.java:281)
	at com.kms.katalon.core.main.TestSuiteExecutor.accessTestCaseMainPhase(TestSuiteExecutor.java:202)
	at com.kms.katalon.core.main.TestSuiteExecutor.accessTestSuiteMainPhase(TestSuiteExecutor.java:164)
	at com.kms.katalon.core.main.TestSuiteExecutor.execute(TestSuiteExecutor.java:105)
	at com.kms.katalon.core.main.TestCaseMain.startTestSuite(TestCaseMain.java:185)
	at com.kms.katalon.core.main.TestCaseMain$startTestSuite$0.call(Unknown Source)
	at TempTestSuite1658350841568.run(TempTestSuite1658350841568.groovy:36)
)
	at com.kms.katalon.core.keyword.internal.KeywordMain.stepFailed(KeywordMain.groovy:39)
	at com.kms.katalon.core.webui.keyword.internal.WebUIKeywordMain.stepFailed(WebUIKeywordMain.groovy:64)
	at com.kms.katalon.core.webui.keyword.builtin.VerifyTextPresentKeyword$_verifyTextPresent_closure1.doCall(VerifyTextPresentKeyword.groovy:79)
	at com.kms.katalon.core.webui.keyword.builtin.VerifyTextPresentKeyword$_verifyTextPresent_closure1.call(VerifyTextPresentKeyword.groovy)
	at com.kms.katalon.core.webui.keyword.internal.WebUIKeywordMain.runKeyword(WebUIKeywordMain.groovy:20)
	at com.kms.katalon.core.webui.keyword.builtin.VerifyTextPresentKeyword.verifyTextPresent(VerifyTextPresentKeyword.groovy:83)
	at com.kms.katalon.core.webui.keyword.builtin.VerifyTextPresentKeyword.execute(VerifyTextPresentKeyword.groovy:68)
	at com.kms.katalon.core.keyword.internal.KeywordExecutor.executeKeywordForPlatform(KeywordExecutor.groovy:74)
	at com.kms.katalon.core.webui.keyword.WebUiBuiltInKeywords.verifyTextPresent(WebUiBuiltInKeywords.groovy:1723)
	at com.kms.katalon.core.webui.keyword.WebUiBuiltInKeywords$verifyTextPresent$5.call(Unknown Source)
	at AddUserSpCharLastNameError.run(AddUserSpCharLastNameError:86)
	at com.kms.katalon.core.main.ScriptEngine.run(ScriptEngine.java:194)
	at com.kms.katalon.core.main.ScriptEngine.runScriptAsRawText(ScriptEngine.java:119)
	at com.kms.katalon.core.main.TestCaseExecutor.runScript(TestCaseExecutor.java:442)
	at com.kms.katalon.core.main.TestCaseExecutor.doExecute(TestCaseExecutor.java:433)
	at com.kms.katalon.core.main.TestCaseExecutor.processExecutionPhase(TestCaseExecutor.java:412)
	at com.kms.katalon.core.main.TestCaseExecutor.accessMainPhase(TestCaseExecutor.java:404)
	at com.kms.katalon.core.main.TestCaseExecutor.execute(TestCaseExecutor.java:281)
	at com.kms.katalon.core.main.TestSuiteExecutor.accessTestCaseMainPhase(TestSuiteExecutor.java:202)
	at com.kms.katalon.core.main.TestSuiteExecutor.accessTestSuiteMainPhase(TestSuiteExecutor.java:164)
	at com.kms.katalon.core.main.TestSuiteExecutor.execute(TestSuiteExecutor.java:105)
	at com.kms.katalon.core.main.TestCaseMain.startTestSuite(TestCaseMain.java:185)
	at com.kms.katalon.core.main.TestCaseMain$startTestSuite$0.call(Unknown Source)
	at TempTestSuite1658350841568.run(TempTestSuite1658350841568.groovy:36)
Caused by: com.kms.katalon.core.exception.StepFailedException: Text 'Error! Please provide the following required information as indicated below' is not present on page  using regular expression
	... 23 more]]></system-err>
      </testcase>
      <testcase name="Test Cases/Admin Suite Bootstrap/UM_TestCases/UsersErrors/CreateUserErrors" time="86.32" classname="Test Cases/Admin Suite Bootstrap/UM_TestCases/UsersErrors/CreateUserErrors" status="PASSED">
         <system-out><![CDATA[2022-07-20 17:15:11 - [TEST_CASE][PASSED] - Test Cases/Admin Suite Bootstrap/UM_TestCases/UsersErrors/CreateUserErrors: Test Cases/Admin Suite Bootstrap/UM_TestCases/UsersErrors/CreateUserErrors

2022-07-20 17:15:11 - [TEST_STEP][PASSED] - path_Dashboard = "Object Repository/AdminSuiteBootstrap_Pages/Dashboard_Bootstrap/": null

2022-07-20 17:15:11 - [TEST_STEP][PASSED] - path_Users = "Object Repository/AdminSuiteBootstrap_Pages/UM_Bootstrap/Users/": null

2022-07-20 17:15:11 - [TEST_STEP][PASSED] - path_UserView = "Object Repository/AdminSuiteBootstrap_Pages/UM_Bootstrap/UserView/": null

2022-07-20 17:15:11 - [TEST_STEP][PASSED] - path_DeleteUser = "Object Repository/AdminSuiteBootstrap_Pages/UM_Bootstrap/DeleteUser/": null

2022-07-20 17:15:11 - [TEST_STEP][PASSED] - path_AddUser = "Object Repository/AdminSuiteBootstrap_Pages/UM_Bootstrap/AddUser/": null

2022-07-20 17:15:11 - [TEST_STEP][PASSED] - executionProfile = getExecutionProfile(): null

2022-07-20 17:15:11 - [TEST_STEP][PASSED] - out.println("executionProfile : " + executionProfile): null

2022-07-20 17:15:11 - [TEST_STEP][PASSED] - appName = <not implemented yet for class: org.codehaus.groovy.ast.expr.EmptyExpression>: null

2022-07-20 17:15:11 - [TEST_STEP][PASSED] - appID = <not implemented yet for class: org.codehaus.groovy.ast.expr.EmptyExpression>: null

2022-07-20 17:15:11 - [TEST_STEP][PASSED] - cardNameV = <not implemented yet for class: org.codehaus.groovy.ast.expr.EmptyExpression>: null

2022-07-20 17:15:11 - [TEST_STEP][PASSED] - al1V = <not implemented yet for class: org.codehaus.groovy.ast.expr.EmptyExpression>: null

2022-07-20 17:15:11 - [TEST_STEP][PASSED] - al2V = <not implemented yet for class: org.codehaus.groovy.ast.expr.EmptyExpression>: null

2022-07-20 17:15:11 - [TEST_STEP][PASSED] - zipV = <not implemented yet for class: org.codehaus.groovy.ast.expr.EmptyExpression>: null

2022-07-20 17:15:11 - [TEST_STEP][PASSED] - cardTypeV = <not implemented yet for class: org.codehaus.groovy.ast.expr.EmptyExpression>: null

2022-07-20 17:15:11 - [TEST_STEP][PASSED] - nameSheet = "CreateUserErrors": null

2022-07-20 17:15:11 - [TEST_STEP][PASSED] - dataFile = "QA/Bootstrap/UM-TestData/CreateUserErrors": null

2022-07-20 17:15:11 - [TEST_STEP][PASSED] - numOfRows = findTestData("QA/Bootstrap/UM-TestData/CreateUserErrors").getRowNumbers(): null

2022-07-20 17:15:11 - [TEST_STEP][PASSED] - println("Number of Records: " + numOfRows): null

2022-07-20 17:15:11 - [TEST_STEP][PASSED] - for ([row = 1, row <= numOfRows, (row++)]): Browser is closed

2022-07-20 17:15:11 - [TEST_STEP][PASSED] - ExecuteTC = findTestData(dataFile).getValue("Execute", row): null

2022-07-20 17:15:12 - [TEST_STEP][PASSED] - out.println("Value of Execute is : " + ExecuteTC): null

2022-07-20 17:15:12 - [TEST_STEP][PASSED] - if (ExecuteTC.equalsIgnoreCase("Y")): Browser is closed

2022-07-20 17:15:12 - [TEST_STEP][PASSED] - out.println("Begin Record Number: " + row): null

2022-07-20 17:15:12 - [TEST_STEP][PASSED] - adminSuiteBootstrap.loginFunctionality.login_AdminSuite(): adminSuiteBootstrap.loginFunctionality.login_AdminSuite is PASSED

2022-07-20 17:15:12 - [MESSAGE][INFO] - Starting 'Chrome' driver

2022-07-20 17:15:12 - [MESSAGE][INFO] - User set preference: ['acceptInsecureCerts', 'true']

2022-07-20 17:15:12 - [MESSAGE][INFO] - Action delay is set to 0 milliseconds

2022-07-20 17:15:14 - [MESSAGE][PASSED] - Browser is opened with url: 'https://demo.velocitypayment.com/admin/imtiazdemo'

2022-07-20 17:15:14 - [MESSAGE][PASSED] - Current window maximized

2022-07-20 17:15:14 - [MESSAGE][PASSED] - Object 'Object Repository/Login_Page/Login_Username' is present

2022-07-20 17:15:15 - [MESSAGE][PASSED] - Text 'iahmed' is set on object 'Object Repository/Login_Page/Login_Username'

2022-07-20 17:15:16 - [MESSAGE][PASSED] - Text 'hello2222' is set on object 'Object Repository/Login_Page/Login_Password'

2022-07-20 17:15:19 - [MESSAGE][PASSED] - Object: 'Object Repository/Login_Page/Login_Submit' is clicked on

2022-07-20 17:15:19 - [MESSAGE][PASSED] - adminSuiteBootstrap.loginFunctionality.login_AdminSuite is PASSED

2022-07-20 17:15:19 - [TEST_STEP][PASSED] - click(findTestObject(path_Dashboard + "a_Access User Management")): Object: 'Object Repository/AdminSuiteBootstrap_Pages/Dashboard_Bootstrap/a_Access User Management' is clicked on

2022-07-20 17:15:22 - [MESSAGE][PASSED] - Object: 'Object Repository/AdminSuiteBootstrap_Pages/Dashboard_Bootstrap/a_Access User Management' is clicked on

2022-07-20 17:15:22 - [TEST_STEP][PASSED] - click(findTestObject(path_Users + "a_Add User")): Object: 'Object Repository/AdminSuiteBootstrap_Pages/UM_Bootstrap/Users/a_Add User' is clicked on

2022-07-20 17:15:22 - [MESSAGE][PASSED] - Object: 'Object Repository/AdminSuiteBootstrap_Pages/UM_Bootstrap/Users/a_Add User' is clicked on

2022-07-20 17:15:22 - [TEST_STEP][PASSED] - userName = findTestData(dataFile).getValue("Username", row): null

2022-07-20 17:15:22 - [TEST_STEP][PASSED] - firstName = findTestData(dataFile).getValue("Firstname", row): null

2022-07-20 17:15:22 - [TEST_STEP][PASSED] - lastName = findTestData(dataFile).getValue("Lastname", row): null

2022-07-20 17:15:23 - [TEST_STEP][PASSED] - email = findTestData(dataFile).getValue("Email", row): null

2022-07-20 17:15:23 - [TEST_STEP][PASSED] - pwd = findTestData(dataFile).getValue("Password", row): null

2022-07-20 17:15:23 - [TEST_STEP][PASSED] - confirPwd = findTestData(dataFile).getValue("ConfirmPassword", row): null

2022-07-20 17:15:23 - [TEST_STEP][PASSED] - lockAC = findTestData(dataFile).getValue("Lock", row): null

2022-07-20 17:15:23 - [TEST_STEP][PASSED] - errorMsg = findTestData(dataFile).getValue("ErrorMsg", row): null

2022-07-20 17:15:23 - [TEST_STEP][PASSED] - setText(findTestObject(path_AddUser + "input_Username"), userName): Text 'username' is set on object 'Object Repository/AdminSuiteBootstrap_Pages/UM_Bootstrap/AddUser/input_Username'

2022-07-20 17:15:23 - [MESSAGE][PASSED] - Text 'username' is set on object 'Object Repository/AdminSuiteBootstrap_Pages/UM_Bootstrap/AddUser/input_Username'

2022-07-20 17:15:23 - [TEST_STEP][PASSED] - setText(findTestObject(path_AddUser + "input_FirstName"), firstName): Text 'fname' is set on object 'Object Repository/AdminSuiteBootstrap_Pages/UM_Bootstrap/AddUser/input_FirstName'

2022-07-20 17:15:24 - [MESSAGE][PASSED] - Text 'fname' is set on object 'Object Repository/AdminSuiteBootstrap_Pages/UM_Bootstrap/AddUser/input_FirstName'

2022-07-20 17:15:24 - [TEST_STEP][PASSED] - setText(findTestObject(path_AddUser + "input_LastName"), lastName): Text 'lname' is set on object 'Object Repository/AdminSuiteBootstrap_Pages/UM_Bootstrap/AddUser/input_LastName'

2022-07-20 17:15:25 - [MESSAGE][PASSED] - Text 'lname' is set on object 'Object Repository/AdminSuiteBootstrap_Pages/UM_Bootstrap/AddUser/input_LastName'

2022-07-20 17:15:25 - [TEST_STEP][PASSED] - setText(findTestObject(path_AddUser + "input_EmailAddress"), email): Text 'abc@abc' is set on object 'Object Repository/AdminSuiteBootstrap_Pages/UM_Bootstrap/AddUser/input_EmailAddress'

2022-07-20 17:15:26 - [MESSAGE][PASSED] - Text 'abc@abc' is set on object 'Object Repository/AdminSuiteBootstrap_Pages/UM_Bootstrap/AddUser/input_EmailAddress'

2022-07-20 17:15:26 - [TEST_STEP][PASSED] - setText(findTestObject(path_AddUser + "input_Password"), pwd): Text 'hello5555' is set on object 'Object Repository/AdminSuiteBootstrap_Pages/UM_Bootstrap/AddUser/input_Password'

2022-07-20 17:15:26 - [MESSAGE][PASSED] - Text 'hello5555' is set on object 'Object Repository/AdminSuiteBootstrap_Pages/UM_Bootstrap/AddUser/input_Password'

2022-07-20 17:15:26 - [TEST_STEP][PASSED] - setText(findTestObject(path_AddUser + "input_ConfirmPassword"), confirPwd): Text 'hello5555' is set on object 'Object Repository/AdminSuiteBootstrap_Pages/UM_Bootstrap/AddUser/input_ConfirmPassword'

2022-07-20 17:15:27 - [MESSAGE][PASSED] - Text 'hello5555' is set on object 'Object Repository/AdminSuiteBootstrap_Pages/UM_Bootstrap/AddUser/input_ConfirmPassword'

2022-07-20 17:15:27 - [TEST_STEP][PASSED] - if (lockAC.equalsIgnoreCase("N")): Object 'Object Repository/AdminSuiteBootstrap_Pages/UM_Bootstrap/AddUser/input_No_lock' is checked

2022-07-20 17:15:27 - [TEST_STEP][PASSED] - check(findTestObject(path_AddUser + "input_No_lock")): Object 'Object Repository/AdminSuiteBootstrap_Pages/UM_Bootstrap/AddUser/input_No_lock' is checked

2022-07-20 17:15:27 - [MESSAGE][PASSED] - Object 'Object Repository/AdminSuiteBootstrap_Pages/UM_Bootstrap/AddUser/input_No_lock' is checked

2022-07-20 17:15:27 - [TEST_STEP][PASSED] - click(findTestObject(path_AddUser + "button_Create")): Object: 'Object Repository/AdminSuiteBootstrap_Pages/UM_Bootstrap/AddUser/button_Create' is clicked on

2022-07-20 17:15:30 - [MESSAGE][PASSED] - Object: 'Object Repository/AdminSuiteBootstrap_Pages/UM_Bootstrap/AddUser/button_Create' is clicked on

2022-07-20 17:15:30 - [TEST_STEP][PASSED] - if (verifyTextPresent(errorMsg, true)): null

2022-07-20 17:15:30 - [MESSAGE][PASSED] - Text 'Email address is invalid' is present on page  using regular expression

2022-07-20 17:15:30 - [TEST_STEP][PASSED] - pages.CustomLogger.log_Logger("User did not got created, received Error", "Pass"): pages.CustomLogger.log_Logger is PASSED

2022-07-20 17:15:30 - [MESSAGE][PASSED] - User did not got created, received Error

2022-07-20 17:15:30 - [MESSAGE][PASSED] - pages.CustomLogger.log_Logger is PASSED

2022-07-20 17:15:30 - [TEST_STEP][PASSED] - closeBrowser(): Browser is closed

2022-07-20 17:15:31 - [MESSAGE][PASSED] - Browser is closed

2022-07-20 17:15:31 - [TEST_STEP][PASSED] - ExecuteTC = findTestData(dataFile).getValue("Execute", row): null

2022-07-20 17:15:32 - [TEST_STEP][PASSED] - out.println("Value of Execute is : " + ExecuteTC): null

2022-07-20 17:15:32 - [TEST_STEP][PASSED] - if (ExecuteTC.equalsIgnoreCase("Y")): Browser is closed

2022-07-20 17:15:32 - [TEST_STEP][PASSED] - out.println("Begin Record Number: " + row): null

2022-07-20 17:15:32 - [TEST_STEP][PASSED] - adminSuiteBootstrap.loginFunctionality.login_AdminSuite(): adminSuiteBootstrap.loginFunctionality.login_AdminSuite is PASSED

2022-07-20 17:15:32 - [MESSAGE][INFO] - Starting 'Chrome' driver

2022-07-20 17:15:32 - [MESSAGE][INFO] - User set preference: ['acceptInsecureCerts', 'true']

2022-07-20 17:15:32 - [MESSAGE][INFO] - Action delay is set to 0 milliseconds

2022-07-20 17:15:34 - [MESSAGE][PASSED] - Browser is opened with url: 'https://demo.velocitypayment.com/admin/imtiazdemo'

2022-07-20 17:15:34 - [MESSAGE][PASSED] - Current window maximized

2022-07-20 17:15:34 - [MESSAGE][PASSED] - Object 'Object Repository/Login_Page/Login_Username' is present

2022-07-20 17:15:35 - [MESSAGE][PASSED] - Text 'iahmed' is set on object 'Object Repository/Login_Page/Login_Username'

2022-07-20 17:15:36 - [MESSAGE][PASSED] - Text 'hello2222' is set on object 'Object Repository/Login_Page/Login_Password'

2022-07-20 17:15:40 - [MESSAGE][PASSED] - Object: 'Object Repository/Login_Page/Login_Submit' is clicked on

2022-07-20 17:15:40 - [MESSAGE][PASSED] - adminSuiteBootstrap.loginFunctionality.login_AdminSuite is PASSED

2022-07-20 17:15:40 - [TEST_STEP][PASSED] - click(findTestObject(path_Dashboard + "a_Access User Management")): Object: 'Object Repository/AdminSuiteBootstrap_Pages/Dashboard_Bootstrap/a_Access User Management' is clicked on

2022-07-20 17:15:43 - [MESSAGE][PASSED] - Object: 'Object Repository/AdminSuiteBootstrap_Pages/Dashboard_Bootstrap/a_Access User Management' is clicked on

2022-07-20 17:15:43 - [TEST_STEP][PASSED] - click(findTestObject(path_Users + "a_Add User")): Object: 'Object Repository/AdminSuiteBootstrap_Pages/UM_Bootstrap/Users/a_Add User' is clicked on

2022-07-20 17:15:43 - [MESSAGE][PASSED] - Object: 'Object Repository/AdminSuiteBootstrap_Pages/UM_Bootstrap/Users/a_Add User' is clicked on

2022-07-20 17:15:43 - [TEST_STEP][PASSED] - userName = findTestData(dataFile).getValue("Username", row): null

2022-07-20 17:15:43 - [TEST_STEP][PASSED] - firstName = findTestData(dataFile).getValue("Firstname", row): null

2022-07-20 17:15:43 - [TEST_STEP][PASSED] - lastName = findTestData(dataFile).getValue("Lastname", row): null

2022-07-20 17:15:44 - [TEST_STEP][PASSED] - email = findTestData(dataFile).getValue("Email", row): null

2022-07-20 17:15:44 - [TEST_STEP][PASSED] - pwd = findTestData(dataFile).getValue("Password", row): null

2022-07-20 17:15:44 - [TEST_STEP][PASSED] - confirPwd = findTestData(dataFile).getValue("ConfirmPassword", row): null

2022-07-20 17:15:44 - [TEST_STEP][PASSED] - lockAC = findTestData(dataFile).getValue("Lock", row): null

2022-07-20 17:15:44 - [TEST_STEP][PASSED] - errorMsg = findTestData(dataFile).getValue("ErrorMsg", row): null

2022-07-20 17:15:44 - [TEST_STEP][PASSED] - setText(findTestObject(path_AddUser + "input_Username"), userName): Text 'username' is set on object 'Object Repository/AdminSuiteBootstrap_Pages/UM_Bootstrap/AddUser/input_Username'

2022-07-20 17:15:45 - [MESSAGE][PASSED] - Text 'username' is set on object 'Object Repository/AdminSuiteBootstrap_Pages/UM_Bootstrap/AddUser/input_Username'

2022-07-20 17:15:45 - [TEST_STEP][PASSED] - setText(findTestObject(path_AddUser + "input_FirstName"), firstName): Text 'fname' is set on object 'Object Repository/AdminSuiteBootstrap_Pages/UM_Bootstrap/AddUser/input_FirstName'

2022-07-20 17:15:45 - [MESSAGE][PASSED] - Text 'fname' is set on object 'Object Repository/AdminSuiteBootstrap_Pages/UM_Bootstrap/AddUser/input_FirstName'

2022-07-20 17:15:45 - [TEST_STEP][PASSED] - setText(findTestObject(path_AddUser + "input_LastName"), lastName): Text 'lname' is set on object 'Object Repository/AdminSuiteBootstrap_Pages/UM_Bootstrap/AddUser/input_LastName'

2022-07-20 17:15:46 - [MESSAGE][PASSED] - Text 'lname' is set on object 'Object Repository/AdminSuiteBootstrap_Pages/UM_Bootstrap/AddUser/input_LastName'

2022-07-20 17:15:46 - [TEST_STEP][PASSED] - setText(findTestObject(path_AddUser + "input_EmailAddress"), email): Text 'abc.com' is set on object 'Object Repository/AdminSuiteBootstrap_Pages/UM_Bootstrap/AddUser/input_EmailAddress'

2022-07-20 17:15:47 - [MESSAGE][PASSED] - Text 'abc.com' is set on object 'Object Repository/AdminSuiteBootstrap_Pages/UM_Bootstrap/AddUser/input_EmailAddress'

2022-07-20 17:15:47 - [TEST_STEP][PASSED] - setText(findTestObject(path_AddUser + "input_Password"), pwd): Text 'hello5555' is set on object 'Object Repository/AdminSuiteBootstrap_Pages/UM_Bootstrap/AddUser/input_Password'

2022-07-20 17:15:47 - [MESSAGE][PASSED] - Text 'hello5555' is set on object 'Object Repository/AdminSuiteBootstrap_Pages/UM_Bootstrap/AddUser/input_Password'

2022-07-20 17:15:47 - [TEST_STEP][PASSED] - setText(findTestObject(path_AddUser + "input_ConfirmPassword"), confirPwd): Text 'hello5555' is set on object 'Object Repository/AdminSuiteBootstrap_Pages/UM_Bootstrap/AddUser/input_ConfirmPassword'

2022-07-20 17:15:48 - [MESSAGE][PASSED] - Text 'hello5555' is set on object 'Object Repository/AdminSuiteBootstrap_Pages/UM_Bootstrap/AddUser/input_ConfirmPassword'

2022-07-20 17:15:48 - [TEST_STEP][PASSED] - if (lockAC.equalsIgnoreCase("N")): Object 'Object Repository/AdminSuiteBootstrap_Pages/UM_Bootstrap/AddUser/input_No_lock' is checked

2022-07-20 17:15:48 - [TEST_STEP][PASSED] - check(findTestObject(path_AddUser + "input_No_lock")): Object 'Object Repository/AdminSuiteBootstrap_Pages/UM_Bootstrap/AddUser/input_No_lock' is checked

2022-07-20 17:15:48 - [MESSAGE][PASSED] - Object 'Object Repository/AdminSuiteBootstrap_Pages/UM_Bootstrap/AddUser/input_No_lock' is checked

2022-07-20 17:15:48 - [TEST_STEP][PASSED] - click(findTestObject(path_AddUser + "button_Create")): Object: 'Object Repository/AdminSuiteBootstrap_Pages/UM_Bootstrap/AddUser/button_Create' is clicked on

2022-07-20 17:15:51 - [MESSAGE][PASSED] - Object: 'Object Repository/AdminSuiteBootstrap_Pages/UM_Bootstrap/AddUser/button_Create' is clicked on

2022-07-20 17:15:51 - [TEST_STEP][PASSED] - if (verifyTextPresent(errorMsg, true)): null

2022-07-20 17:15:52 - [MESSAGE][PASSED] - Text 'Email address is invalid' is present on page  using regular expression

2022-07-20 17:15:52 - [TEST_STEP][PASSED] - pages.CustomLogger.log_Logger("User did not got created, received Error", "Pass"): pages.CustomLogger.log_Logger is PASSED

2022-07-20 17:15:52 - [MESSAGE][PASSED] - User did not got created, received Error

2022-07-20 17:15:52 - [MESSAGE][PASSED] - pages.CustomLogger.log_Logger is PASSED

2022-07-20 17:15:52 - [TEST_STEP][PASSED] - closeBrowser(): Browser is closed

2022-07-20 17:15:53 - [MESSAGE][PASSED] - Browser is closed

2022-07-20 17:15:53 - [TEST_STEP][PASSED] - ExecuteTC = findTestData(dataFile).getValue("Execute", row): null

2022-07-20 17:15:53 - [TEST_STEP][PASSED] - out.println("Value of Execute is : " + ExecuteTC): null

2022-07-20 17:15:53 - [TEST_STEP][PASSED] - if (ExecuteTC.equalsIgnoreCase("Y")): Browser is closed

2022-07-20 17:15:53 - [TEST_STEP][PASSED] - out.println("Begin Record Number: " + row): null

2022-07-20 17:15:53 - [TEST_STEP][PASSED] - adminSuiteBootstrap.loginFunctionality.login_AdminSuite(): adminSuiteBootstrap.loginFunctionality.login_AdminSuite is PASSED

2022-07-20 17:15:53 - [MESSAGE][INFO] - Starting 'Chrome' driver

2022-07-20 17:15:53 - [MESSAGE][INFO] - User set preference: ['acceptInsecureCerts', 'true']

2022-07-20 17:15:53 - [MESSAGE][INFO] - Action delay is set to 0 milliseconds

2022-07-20 17:15:58 - [MESSAGE][PASSED] - Browser is opened with url: 'https://demo.velocitypayment.com/admin/imtiazdemo'

2022-07-20 17:15:58 - [MESSAGE][PASSED] - Current window maximized

2022-07-20 17:15:59 - [MESSAGE][PASSED] - Object 'Object Repository/Login_Page/Login_Username' is present

2022-07-20 17:15:59 - [MESSAGE][PASSED] - Text 'iahmed' is set on object 'Object Repository/Login_Page/Login_Username'

2022-07-20 17:16:00 - [MESSAGE][PASSED] - Text 'hello2222' is set on object 'Object Repository/Login_Page/Login_Password'

2022-07-20 17:16:03 - [MESSAGE][PASSED] - Object: 'Object Repository/Login_Page/Login_Submit' is clicked on

2022-07-20 17:16:03 - [MESSAGE][PASSED] - adminSuiteBootstrap.loginFunctionality.login_AdminSuite is PASSED

2022-07-20 17:16:03 - [TEST_STEP][PASSED] - click(findTestObject(path_Dashboard + "a_Access User Management")): Object: 'Object Repository/AdminSuiteBootstrap_Pages/Dashboard_Bootstrap/a_Access User Management' is clicked on

2022-07-20 17:16:05 - [MESSAGE][PASSED] - Object: 'Object Repository/AdminSuiteBootstrap_Pages/Dashboard_Bootstrap/a_Access User Management' is clicked on

2022-07-20 17:16:05 - [TEST_STEP][PASSED] - click(findTestObject(path_Users + "a_Add User")): Object: 'Object Repository/AdminSuiteBootstrap_Pages/UM_Bootstrap/Users/a_Add User' is clicked on

2022-07-20 17:16:06 - [MESSAGE][PASSED] - Object: 'Object Repository/AdminSuiteBootstrap_Pages/UM_Bootstrap/Users/a_Add User' is clicked on

2022-07-20 17:16:06 - [TEST_STEP][PASSED] - userName = findTestData(dataFile).getValue("Username", row): null

2022-07-20 17:16:06 - [TEST_STEP][PASSED] - firstName = findTestData(dataFile).getValue("Firstname", row): null

2022-07-20 17:16:06 - [TEST_STEP][PASSED] - lastName = findTestData(dataFile).getValue("Lastname", row): null

2022-07-20 17:16:06 - [TEST_STEP][PASSED] - email = findTestData(dataFile).getValue("Email", row): null

2022-07-20 17:16:06 - [TEST_STEP][PASSED] - pwd = findTestData(dataFile).getValue("Password", row): null

2022-07-20 17:16:06 - [TEST_STEP][PASSED] - confirPwd = findTestData(dataFile).getValue("ConfirmPassword", row): null

2022-07-20 17:16:06 - [TEST_STEP][PASSED] - lockAC = findTestData(dataFile).getValue("Lock", row): null

2022-07-20 17:16:06 - [TEST_STEP][PASSED] - errorMsg = findTestData(dataFile).getValue("ErrorMsg", row): null

2022-07-20 17:16:06 - [TEST_STEP][PASSED] - setText(findTestObject(path_AddUser + "input_Username"), userName): Text 'username' is set on object 'Object Repository/AdminSuiteBootstrap_Pages/UM_Bootstrap/AddUser/input_Username'

2022-07-20 17:16:07 - [MESSAGE][PASSED] - Text 'username' is set on object 'Object Repository/AdminSuiteBootstrap_Pages/UM_Bootstrap/AddUser/input_Username'

2022-07-20 17:16:07 - [TEST_STEP][PASSED] - setText(findTestObject(path_AddUser + "input_FirstName"), firstName): Text 'fname' is set on object 'Object Repository/AdminSuiteBootstrap_Pages/UM_Bootstrap/AddUser/input_FirstName'

2022-07-20 17:16:08 - [MESSAGE][PASSED] - Text 'fname' is set on object 'Object Repository/AdminSuiteBootstrap_Pages/UM_Bootstrap/AddUser/input_FirstName'

2022-07-20 17:16:08 - [TEST_STEP][PASSED] - setText(findTestObject(path_AddUser + "input_LastName"), lastName): Text 'lname' is set on object 'Object Repository/AdminSuiteBootstrap_Pages/UM_Bootstrap/AddUser/input_LastName'

2022-07-20 17:16:08 - [MESSAGE][PASSED] - Text 'lname' is set on object 'Object Repository/AdminSuiteBootstrap_Pages/UM_Bootstrap/AddUser/input_LastName'

2022-07-20 17:16:08 - [TEST_STEP][PASSED] - setText(findTestObject(path_AddUser + "input_EmailAddress"), email): Text 'iahmed@govolution.com' is set on object 'Object Repository/AdminSuiteBootstrap_Pages/UM_Bootstrap/AddUser/input_EmailAddress'

2022-07-20 17:16:09 - [MESSAGE][PASSED] - Text 'iahmed@govolution.com' is set on object 'Object Repository/AdminSuiteBootstrap_Pages/UM_Bootstrap/AddUser/input_EmailAddress'

2022-07-20 17:16:09 - [TEST_STEP][PASSED] - setText(findTestObject(path_AddUser + "input_Password"), pwd): Text 'hello5555' is set on object 'Object Repository/AdminSuiteBootstrap_Pages/UM_Bootstrap/AddUser/input_Password'

2022-07-20 17:16:10 - [MESSAGE][PASSED] - Text 'hello5555' is set on object 'Object Repository/AdminSuiteBootstrap_Pages/UM_Bootstrap/AddUser/input_Password'

2022-07-20 17:16:10 - [TEST_STEP][PASSED] - setText(findTestObject(path_AddUser + "input_ConfirmPassword"), confirPwd): Text 'hello6666' is set on object 'Object Repository/AdminSuiteBootstrap_Pages/UM_Bootstrap/AddUser/input_ConfirmPassword'

2022-07-20 17:16:10 - [MESSAGE][PASSED] - Text 'hello6666' is set on object 'Object Repository/AdminSuiteBootstrap_Pages/UM_Bootstrap/AddUser/input_ConfirmPassword'

2022-07-20 17:16:10 - [TEST_STEP][PASSED] - if (lockAC.equalsIgnoreCase("N")): Object 'Object Repository/AdminSuiteBootstrap_Pages/UM_Bootstrap/AddUser/input_No_lock' is checked

2022-07-20 17:16:10 - [TEST_STEP][PASSED] - check(findTestObject(path_AddUser + "input_No_lock")): Object 'Object Repository/AdminSuiteBootstrap_Pages/UM_Bootstrap/AddUser/input_No_lock' is checked

2022-07-20 17:16:11 - [MESSAGE][PASSED] - Object 'Object Repository/AdminSuiteBootstrap_Pages/UM_Bootstrap/AddUser/input_No_lock' is checked

2022-07-20 17:16:11 - [TEST_STEP][PASSED] - click(findTestObject(path_AddUser + "button_Create")): Object: 'Object Repository/AdminSuiteBootstrap_Pages/UM_Bootstrap/AddUser/button_Create' is clicked on

2022-07-20 17:16:13 - [MESSAGE][PASSED] - Object: 'Object Repository/AdminSuiteBootstrap_Pages/UM_Bootstrap/AddUser/button_Create' is clicked on

2022-07-20 17:16:13 - [TEST_STEP][PASSED] - if (verifyTextPresent(errorMsg, true)): null

2022-07-20 17:16:14 - [MESSAGE][PASSED] - Text 'please confirm the password for the new account' is present on page  using regular expression

2022-07-20 17:16:14 - [TEST_STEP][PASSED] - pages.CustomLogger.log_Logger("User did not got created, received Error", "Pass"): pages.CustomLogger.log_Logger is PASSED

2022-07-20 17:16:14 - [MESSAGE][PASSED] - User did not got created, received Error

2022-07-20 17:16:14 - [MESSAGE][PASSED] - pages.CustomLogger.log_Logger is PASSED

2022-07-20 17:16:14 - [TEST_STEP][PASSED] - closeBrowser(): Browser is closed

2022-07-20 17:16:15 - [MESSAGE][PASSED] - Browser is closed

2022-07-20 17:16:15 - [TEST_STEP][PASSED] - ExecuteTC = findTestData(dataFile).getValue("Execute", row): null

2022-07-20 17:16:15 - [TEST_STEP][PASSED] - out.println("Value of Execute is : " + ExecuteTC): null

2022-07-20 17:16:15 - [TEST_STEP][PASSED] - if (ExecuteTC.equalsIgnoreCase("Y")): Browser is closed

2022-07-20 17:16:15 - [TEST_STEP][PASSED] - out.println("Begin Record Number: " + row): null

2022-07-20 17:16:15 - [TEST_STEP][PASSED] - adminSuiteBootstrap.loginFunctionality.login_AdminSuite(): adminSuiteBootstrap.loginFunctionality.login_AdminSuite is PASSED

2022-07-20 17:16:15 - [MESSAGE][INFO] - Starting 'Chrome' driver

2022-07-20 17:16:15 - [MESSAGE][INFO] - User set preference: ['acceptInsecureCerts', 'true']

2022-07-20 17:16:15 - [MESSAGE][INFO] - Action delay is set to 0 milliseconds

2022-07-20 17:16:17 - [MESSAGE][PASSED] - Browser is opened with url: 'https://demo.velocitypayment.com/admin/imtiazdemo'

2022-07-20 17:16:17 - [MESSAGE][PASSED] - Current window maximized

2022-07-20 17:16:17 - [MESSAGE][PASSED] - Object 'Object Repository/Login_Page/Login_Username' is present

2022-07-20 17:16:18 - [MESSAGE][PASSED] - Text 'iahmed' is set on object 'Object Repository/Login_Page/Login_Username'

2022-07-20 17:16:19 - [MESSAGE][PASSED] - Text 'hello2222' is set on object 'Object Repository/Login_Page/Login_Password'

2022-07-20 17:16:25 - [MESSAGE][PASSED] - Object: 'Object Repository/Login_Page/Login_Submit' is clicked on

2022-07-20 17:16:25 - [MESSAGE][PASSED] - adminSuiteBootstrap.loginFunctionality.login_AdminSuite is PASSED

2022-07-20 17:16:25 - [TEST_STEP][PASSED] - click(findTestObject(path_Dashboard + "a_Access User Management")): Object: 'Object Repository/AdminSuiteBootstrap_Pages/Dashboard_Bootstrap/a_Access User Management' is clicked on

2022-07-20 17:16:27 - [MESSAGE][PASSED] - Object: 'Object Repository/AdminSuiteBootstrap_Pages/Dashboard_Bootstrap/a_Access User Management' is clicked on

2022-07-20 17:16:27 - [TEST_STEP][PASSED] - click(findTestObject(path_Users + "a_Add User")): Object: 'Object Repository/AdminSuiteBootstrap_Pages/UM_Bootstrap/Users/a_Add User' is clicked on

2022-07-20 17:16:28 - [MESSAGE][PASSED] - Object: 'Object Repository/AdminSuiteBootstrap_Pages/UM_Bootstrap/Users/a_Add User' is clicked on

2022-07-20 17:16:28 - [TEST_STEP][PASSED] - userName = findTestData(dataFile).getValue("Username", row): null

2022-07-20 17:16:28 - [TEST_STEP][PASSED] - firstName = findTestData(dataFile).getValue("Firstname", row): null

2022-07-20 17:16:28 - [TEST_STEP][PASSED] - lastName = findTestData(dataFile).getValue("Lastname", row): null

2022-07-20 17:16:28 - [TEST_STEP][PASSED] - email = findTestData(dataFile).getValue("Email", row): null

2022-07-20 17:16:28 - [TEST_STEP][PASSED] - pwd = findTestData(dataFile).getValue("Password", row): null

2022-07-20 17:16:28 - [TEST_STEP][PASSED] - confirPwd = findTestData(dataFile).getValue("ConfirmPassword", row): null

2022-07-20 17:16:29 - [TEST_STEP][PASSED] - lockAC = findTestData(dataFile).getValue("Lock", row): null

2022-07-20 17:16:29 - [TEST_STEP][PASSED] - errorMsg = findTestData(dataFile).getValue("ErrorMsg", row): null

2022-07-20 17:16:29 - [TEST_STEP][PASSED] - setText(findTestObject(path_AddUser + "input_Username"), userName): Text 'CASEuser' is set on object 'Object Repository/AdminSuiteBootstrap_Pages/UM_Bootstrap/AddUser/input_Username'

2022-07-20 17:16:29 - [MESSAGE][PASSED] - Text 'CASEuser' is set on object 'Object Repository/AdminSuiteBootstrap_Pages/UM_Bootstrap/AddUser/input_Username'

2022-07-20 17:16:29 - [TEST_STEP][PASSED] - setText(findTestObject(path_AddUser + "input_FirstName"), firstName): Text 'fname' is set on object 'Object Repository/AdminSuiteBootstrap_Pages/UM_Bootstrap/AddUser/input_FirstName'

2022-07-20 17:16:30 - [MESSAGE][PASSED] - Text 'fname' is set on object 'Object Repository/AdminSuiteBootstrap_Pages/UM_Bootstrap/AddUser/input_FirstName'

2022-07-20 17:16:30 - [TEST_STEP][PASSED] - setText(findTestObject(path_AddUser + "input_LastName"), lastName): Text 'lname' is set on object 'Object Repository/AdminSuiteBootstrap_Pages/UM_Bootstrap/AddUser/input_LastName'

2022-07-20 17:16:31 - [MESSAGE][PASSED] - Text 'lname' is set on object 'Object Repository/AdminSuiteBootstrap_Pages/UM_Bootstrap/AddUser/input_LastName'

2022-07-20 17:16:31 - [TEST_STEP][PASSED] - setText(findTestObject(path_AddUser + "input_EmailAddress"), email): Text 'iahmed@govolution.com' is set on object 'Object Repository/AdminSuiteBootstrap_Pages/UM_Bootstrap/AddUser/input_EmailAddress'

2022-07-20 17:16:31 - [MESSAGE][PASSED] - Text 'iahmed@govolution.com' is set on object 'Object Repository/AdminSuiteBootstrap_Pages/UM_Bootstrap/AddUser/input_EmailAddress'

2022-07-20 17:16:31 - [TEST_STEP][PASSED] - setText(findTestObject(path_AddUser + "input_Password"), pwd): Text 'hello5555' is set on object 'Object Repository/AdminSuiteBootstrap_Pages/UM_Bootstrap/AddUser/input_Password'

2022-07-20 17:16:32 - [MESSAGE][PASSED] - Text 'hello5555' is set on object 'Object Repository/AdminSuiteBootstrap_Pages/UM_Bootstrap/AddUser/input_Password'

2022-07-20 17:16:32 - [TEST_STEP][PASSED] - setText(findTestObject(path_AddUser + "input_ConfirmPassword"), confirPwd): Text 'hello5555' is set on object 'Object Repository/AdminSuiteBootstrap_Pages/UM_Bootstrap/AddUser/input_ConfirmPassword'

2022-07-20 17:16:33 - [MESSAGE][PASSED] - Text 'hello5555' is set on object 'Object Repository/AdminSuiteBootstrap_Pages/UM_Bootstrap/AddUser/input_ConfirmPassword'

2022-07-20 17:16:33 - [TEST_STEP][PASSED] - if (lockAC.equalsIgnoreCase("N")): Object 'Object Repository/AdminSuiteBootstrap_Pages/UM_Bootstrap/AddUser/input_No_lock' is checked

2022-07-20 17:16:33 - [TEST_STEP][PASSED] - check(findTestObject(path_AddUser + "input_No_lock")): Object 'Object Repository/AdminSuiteBootstrap_Pages/UM_Bootstrap/AddUser/input_No_lock' is checked

2022-07-20 17:16:33 - [MESSAGE][PASSED] - Object 'Object Repository/AdminSuiteBootstrap_Pages/UM_Bootstrap/AddUser/input_No_lock' is checked

2022-07-20 17:16:33 - [TEST_STEP][PASSED] - click(findTestObject(path_AddUser + "button_Create")): Object: 'Object Repository/AdminSuiteBootstrap_Pages/UM_Bootstrap/AddUser/button_Create' is clicked on

2022-07-20 17:16:36 - [MESSAGE][PASSED] - Object: 'Object Repository/AdminSuiteBootstrap_Pages/UM_Bootstrap/AddUser/button_Create' is clicked on

2022-07-20 17:16:36 - [TEST_STEP][PASSED] - if (verifyTextPresent(errorMsg, true)): null

2022-07-20 17:16:36 - [MESSAGE][PASSED] - Text 'Username is not unique' is present on page  using regular expression

2022-07-20 17:16:36 - [TEST_STEP][PASSED] - pages.CustomLogger.log_Logger("User did not got created, received Error", "Pass"): pages.CustomLogger.log_Logger is PASSED

2022-07-20 17:16:36 - [MESSAGE][PASSED] - User did not got created, received Error

2022-07-20 17:16:36 - [MESSAGE][PASSED] - pages.CustomLogger.log_Logger is PASSED

2022-07-20 17:16:36 - [TEST_STEP][PASSED] - closeBrowser(): Browser is closed

2022-07-20 17:16:37 - [MESSAGE][PASSED] - Browser is closed]]></system-out>
         <system-err><![CDATA[]]></system-err>
      </testcase>
      <testcase name="Test Cases/Admin Suite Bootstrap/UM_TestCases/UsersErrors/CreateUserMRFErrors" time="14.792" classname="Test Cases/Admin Suite Bootstrap/UM_TestCases/UsersErrors/CreateUserMRFErrors" status="PASSED">
         <system-out><![CDATA[2022-07-20 17:16:37 - [TEST_CASE][PASSED] - Test Cases/Admin Suite Bootstrap/UM_TestCases/UsersErrors/CreateUserMRFErrors: Test Cases/Admin Suite Bootstrap/UM_TestCases/UsersErrors/CreateUserMRFErrors

2022-07-20 17:16:38 - [TEST_STEP][PASSED] - path_Dashboard = "Object Repository/AdminSuiteBootstrap_Pages/Dashboard_Bootstrap/": null

2022-07-20 17:16:38 - [TEST_STEP][PASSED] - path_Users = "Object Repository/AdminSuiteBootstrap_Pages/UM_Bootstrap/Users/": null

2022-07-20 17:16:38 - [TEST_STEP][PASSED] - path_UserView = "Object Repository/AdminSuiteBootstrap_Pages/UM_Bootstrap/UserView/": null

2022-07-20 17:16:38 - [TEST_STEP][PASSED] - path_DeleteUser = "Object Repository/AdminSuiteBootstrap_Pages/UM_Bootstrap/DeleteUser/": null

2022-07-20 17:16:38 - [TEST_STEP][PASSED] - path_AddUser = "Object Repository/AdminSuiteBootstrap_Pages/UM_Bootstrap/AddUser/": null

2022-07-20 17:16:38 - [TEST_STEP][PASSED] - executionProfile = getExecutionProfile(): null

2022-07-20 17:16:38 - [TEST_STEP][PASSED] - out.println("executionProfile : " + executionProfile): null

2022-07-20 17:16:38 - [TEST_STEP][PASSED] - appName = <not implemented yet for class: org.codehaus.groovy.ast.expr.EmptyExpression>: null

2022-07-20 17:16:38 - [TEST_STEP][PASSED] - appID = <not implemented yet for class: org.codehaus.groovy.ast.expr.EmptyExpression>: null

2022-07-20 17:16:38 - [TEST_STEP][PASSED] - cardNameV = <not implemented yet for class: org.codehaus.groovy.ast.expr.EmptyExpression>: null

2022-07-20 17:16:38 - [TEST_STEP][PASSED] - al1V = <not implemented yet for class: org.codehaus.groovy.ast.expr.EmptyExpression>: null

2022-07-20 17:16:38 - [TEST_STEP][PASSED] - al2V = <not implemented yet for class: org.codehaus.groovy.ast.expr.EmptyExpression>: null

2022-07-20 17:16:38 - [TEST_STEP][PASSED] - zipV = <not implemented yet for class: org.codehaus.groovy.ast.expr.EmptyExpression>: null

2022-07-20 17:16:38 - [TEST_STEP][PASSED] - cardTypeV = <not implemented yet for class: org.codehaus.groovy.ast.expr.EmptyExpression>: null

2022-07-20 17:16:38 - [TEST_STEP][PASSED] - adminSuiteBootstrap.loginFunctionality.login_AdminSuite(): adminSuiteBootstrap.loginFunctionality.login_AdminSuite is PASSED

2022-07-20 17:16:38 - [MESSAGE][INFO] - Starting 'Chrome' driver

2022-07-20 17:16:38 - [MESSAGE][INFO] - User set preference: ['acceptInsecureCerts', 'true']

2022-07-20 17:16:38 - [MESSAGE][INFO] - Action delay is set to 0 milliseconds

2022-07-20 17:16:40 - [MESSAGE][PASSED] - Browser is opened with url: 'https://demo.velocitypayment.com/admin/imtiazdemo'

2022-07-20 17:16:40 - [MESSAGE][PASSED] - Current window maximized

2022-07-20 17:16:41 - [MESSAGE][PASSED] - Object 'Object Repository/Login_Page/Login_Username' is present

2022-07-20 17:16:41 - [MESSAGE][PASSED] - Text 'iahmed' is set on object 'Object Repository/Login_Page/Login_Username'

2022-07-20 17:16:42 - [MESSAGE][PASSED] - Text 'hello2222' is set on object 'Object Repository/Login_Page/Login_Password'

2022-07-20 17:16:45 - [MESSAGE][PASSED] - Object: 'Object Repository/Login_Page/Login_Submit' is clicked on

2022-07-20 17:16:45 - [MESSAGE][PASSED] - adminSuiteBootstrap.loginFunctionality.login_AdminSuite is PASSED

2022-07-20 17:16:45 - [TEST_STEP][PASSED] - click(findTestObject(path_Dashboard + "a_Access User Management")): Object: 'Object Repository/AdminSuiteBootstrap_Pages/Dashboard_Bootstrap/a_Access User Management' is clicked on

2022-07-20 17:16:47 - [MESSAGE][PASSED] - Object: 'Object Repository/AdminSuiteBootstrap_Pages/Dashboard_Bootstrap/a_Access User Management' is clicked on

2022-07-20 17:16:47 - [TEST_STEP][PASSED] - click(findTestObject(path_Users + "a_Add User")): Object: 'Object Repository/AdminSuiteBootstrap_Pages/UM_Bootstrap/Users/a_Add User' is clicked on

2022-07-20 17:16:47 - [MESSAGE][PASSED] - Object: 'Object Repository/AdminSuiteBootstrap_Pages/UM_Bootstrap/Users/a_Add User' is clicked on

2022-07-20 17:16:47 - [TEST_STEP][PASSED] - click(findTestObject(path_AddUser + "button_Create")): Object: 'Object Repository/AdminSuiteBootstrap_Pages/UM_Bootstrap/AddUser/button_Create' is clicked on

2022-07-20 17:16:49 - [MESSAGE][PASSED] - Object: 'Object Repository/AdminSuiteBootstrap_Pages/UM_Bootstrap/AddUser/button_Create' is clicked on

2022-07-20 17:16:49 - [TEST_STEP][PASSED] - verifyTextPresent("First name must be provided", true): Text 'First name must be provided' is present on page  using regular expression

2022-07-20 17:16:50 - [MESSAGE][PASSED] - Text 'First name must be provided' is present on page  using regular expression

2022-07-20 17:16:50 - [TEST_STEP][PASSED] - verifyTextPresent("Last name must be provided", true): Text 'Last name must be provided' is present on page  using regular expression

2022-07-20 17:16:50 - [MESSAGE][PASSED] - Text 'Last name must be provided' is present on page  using regular expression

2022-07-20 17:16:50 - [TEST_STEP][PASSED] - verifyTextPresent("Username must be provided", true): Text 'Username must be provided' is present on page  using regular expression

2022-07-20 17:16:51 - [MESSAGE][PASSED] - Text 'Username must be provided' is present on page  using regular expression

2022-07-20 17:16:51 - [TEST_STEP][PASSED] - verifyTextPresent("Email address must be provided", true): Text 'Email address must be provided' is present on page  using regular expression

2022-07-20 17:16:51 - [MESSAGE][PASSED] - Text 'Email address must be provided' is present on page  using regular expression

2022-07-20 17:16:51 - [TEST_STEP][PASSED] - verifyTextPresent("Password must be provided", true): Text 'Password must be provided' is present on page  using regular expression

2022-07-20 17:16:51 - [MESSAGE][PASSED] - Text 'Password must be provided' is present on page  using regular expression

2022-07-20 17:16:51 - [TEST_STEP][PASSED] - closeBrowser(): Browser is closed

2022-07-20 17:16:52 - [MESSAGE][PASSED] - Browser is closed]]></system-out>
         <system-err><![CDATA[]]></system-err>
      </testcase>
      <testcase name="Test Cases/Admin Suite Bootstrap/UM_TestCases/UsersErrors/FindUserNotFoundError" time="18.254" classname="Test Cases/Admin Suite Bootstrap/UM_TestCases/UsersErrors/FindUserNotFoundError" status="PASSED">
         <system-out><![CDATA[2022-07-20 17:16:52 - [TEST_CASE][PASSED] - Test Cases/Admin Suite Bootstrap/UM_TestCases/UsersErrors/FindUserNotFoundError: Test Cases/Admin Suite Bootstrap/UM_TestCases/UsersErrors/FindUserNotFoundError

2022-07-20 17:16:52 - [TEST_STEP][PASSED] - path_Dashboard = "Object Repository/AdminSuiteBootstrap_Pages/Dashboard_Bootstrap/": null

2022-07-20 17:16:52 - [TEST_STEP][PASSED] - path_Users = "Object Repository/AdminSuiteBootstrap_Pages/UM_Bootstrap/Users/": null

2022-07-20 17:16:52 - [TEST_STEP][PASSED] - path_UserView = "Object Repository/AdminSuiteBootstrap_Pages/UM_Bootstrap/UserView/": null

2022-07-20 17:16:52 - [TEST_STEP][PASSED] - path_FindUser = "Object Repository/AdminSuiteBootstrap_Pages/UM_Bootstrap/FindUser/": null

2022-07-20 17:16:52 - [TEST_STEP][PASSED] - executionProfile = getExecutionProfile(): null

2022-07-20 17:16:52 - [TEST_STEP][PASSED] - out.println("executionProfile : " + executionProfile): null

2022-07-20 17:16:52 - [TEST_STEP][PASSED] - appName = <not implemented yet for class: org.codehaus.groovy.ast.expr.EmptyExpression>: null

2022-07-20 17:16:52 - [TEST_STEP][PASSED] - appID = <not implemented yet for class: org.codehaus.groovy.ast.expr.EmptyExpression>: null

2022-07-20 17:16:52 - [TEST_STEP][PASSED] - cardNameV = <not implemented yet for class: org.codehaus.groovy.ast.expr.EmptyExpression>: null

2022-07-20 17:16:52 - [TEST_STEP][PASSED] - al1V = <not implemented yet for class: org.codehaus.groovy.ast.expr.EmptyExpression>: null

2022-07-20 17:16:52 - [TEST_STEP][PASSED] - al2V = <not implemented yet for class: org.codehaus.groovy.ast.expr.EmptyExpression>: null

2022-07-20 17:16:52 - [TEST_STEP][PASSED] - zipV = <not implemented yet for class: org.codehaus.groovy.ast.expr.EmptyExpression>: null

2022-07-20 17:16:52 - [TEST_STEP][PASSED] - cardTypeV = <not implemented yet for class: org.codehaus.groovy.ast.expr.EmptyExpression>: null

2022-07-20 17:16:52 - [TEST_STEP][PASSED] - adminSuiteBootstrap.loginFunctionality.login_AdminSuite(): adminSuiteBootstrap.loginFunctionality.login_AdminSuite is PASSED

2022-07-20 17:16:52 - [MESSAGE][INFO] - Starting 'Chrome' driver

2022-07-20 17:16:52 - [MESSAGE][INFO] - User set preference: ['acceptInsecureCerts', 'true']

2022-07-20 17:16:52 - [MESSAGE][INFO] - Action delay is set to 0 milliseconds

2022-07-20 17:16:56 - [MESSAGE][PASSED] - Browser is opened with url: 'https://demo.velocitypayment.com/admin/imtiazdemo'

2022-07-20 17:16:56 - [MESSAGE][PASSED] - Current window maximized

2022-07-20 17:16:56 - [MESSAGE][PASSED] - Object 'Object Repository/Login_Page/Login_Username' is present

2022-07-20 17:16:57 - [MESSAGE][PASSED] - Text 'iahmed' is set on object 'Object Repository/Login_Page/Login_Username'

2022-07-20 17:16:58 - [MESSAGE][PASSED] - Text 'hello2222' is set on object 'Object Repository/Login_Page/Login_Password'

2022-07-20 17:17:01 - [MESSAGE][PASSED] - Object: 'Object Repository/Login_Page/Login_Submit' is clicked on

2022-07-20 17:17:01 - [MESSAGE][PASSED] - adminSuiteBootstrap.loginFunctionality.login_AdminSuite is PASSED

2022-07-20 17:17:01 - [TEST_STEP][PASSED] - click(findTestObject(path_Dashboard + "a_Access User Management")): Object: 'Object Repository/AdminSuiteBootstrap_Pages/Dashboard_Bootstrap/a_Access User Management' is clicked on

2022-07-20 17:17:04 - [MESSAGE][PASSED] - Object: 'Object Repository/AdminSuiteBootstrap_Pages/Dashboard_Bootstrap/a_Access User Management' is clicked on

2022-07-20 17:17:04 - [TEST_STEP][PASSED] - click(findTestObject(path_Users + "a_Find User")): Object: 'Object Repository/AdminSuiteBootstrap_Pages/UM_Bootstrap/Users/a_Find User' is clicked on

2022-07-20 17:17:04 - [MESSAGE][PASSED] - Object: 'Object Repository/AdminSuiteBootstrap_Pages/UM_Bootstrap/Users/a_Find User' is clicked on

2022-07-20 17:17:04 - [TEST_STEP][PASSED] - setText(findTestObject(path_FindUser + "input_Username"), "dfer564wdf"): Text 'dfer564wdf' is set on object 'Object Repository/AdminSuiteBootstrap_Pages/UM_Bootstrap/FindUser/input_Username'

2022-07-20 17:17:05 - [MESSAGE][PASSED] - Text 'dfer564wdf' is set on object 'Object Repository/AdminSuiteBootstrap_Pages/UM_Bootstrap/FindUser/input_Username'

2022-07-20 17:17:05 - [TEST_STEP][PASSED] - setText(findTestObject(path_FindUser + "input_FirstName"), ""): Text '' is set on object 'Object Repository/AdminSuiteBootstrap_Pages/UM_Bootstrap/FindUser/input_FirstName'

2022-07-20 17:17:06 - [MESSAGE][PASSED] - Text '' is set on object 'Object Repository/AdminSuiteBootstrap_Pages/UM_Bootstrap/FindUser/input_FirstName'

2022-07-20 17:17:06 - [TEST_STEP][PASSED] - setText(findTestObject(path_FindUser + "input_LastName"), ""): Text '' is set on object 'Object Repository/AdminSuiteBootstrap_Pages/UM_Bootstrap/FindUser/input_LastName'

2022-07-20 17:17:06 - [MESSAGE][PASSED] - Text '' is set on object 'Object Repository/AdminSuiteBootstrap_Pages/UM_Bootstrap/FindUser/input_LastName'

2022-07-20 17:17:06 - [TEST_STEP][PASSED] - click(findTestObject(path_FindUser + "button_Search")): Object: 'Object Repository/AdminSuiteBootstrap_Pages/UM_Bootstrap/FindUser/button_Search' is clicked on

2022-07-20 17:17:09 - [MESSAGE][PASSED] - Object: 'Object Repository/AdminSuiteBootstrap_Pages/UM_Bootstrap/FindUser/button_Search' is clicked on

2022-07-20 17:17:09 - [TEST_STEP][PASSED] - verifyTextPresent("INFO! No user accounts were found that have a username of", true): Text 'INFO! No user accounts were found that have a username of' is present on page  using regular expression

2022-07-20 17:17:09 - [MESSAGE][PASSED] - Text 'INFO! No user accounts were found that have a username of' is present on page  using regular expression

2022-07-20 17:17:09 - [TEST_STEP][PASSED] - closeBrowser(): Browser is closed

2022-07-20 17:17:10 - [MESSAGE][PASSED] - Browser is closed]]></system-out>
         <system-err><![CDATA[]]></system-err>
      </testcase>
      <system-out><![CDATA[2022-07-20 17:00:47 - [TEST_SUITE][FAILED] - UM-TestSuite: Test Cases/Admin Suite Bootstrap/UM_TestCases/UsersErrors/AddUserSpecialCharError FAILED.
Reason:
com.kms.katalon.core.exception.StepFailedException: Text 'Username may only be comprised of alphanumeric characters, the underscore "_" character, the at "@" symbol, and the period "."Username may only be comprised of alphanumeric characters, the underscore "_" character, the at "@" symbol, and the period "."' is not present on page  using regular expression (Root cause: com.kms.katalon.core.exception.StepFailedException: Text 'Username may only be comprised of alphanumeric characters, the underscore "_" character, the at "@" symbol, and the period "."Username may only be comprised of alphanumeric characters, the underscore "_" character, the at "@" symbol, and the period "."' is not present on page  using regular expression
	at com.kms.katalon.core.webui.keyword.internal.WebUIKeywordMain.stepFailed(WebUIKeywordMain.groovy:64)
	at com.kms.katalon.core.webui.keyword.builtin.VerifyTextPresentKeyword$_verifyTextPresent_closure1.doCall(VerifyTextPresentKeyword.groovy:79)
	at com.kms.katalon.core.webui.keyword.builtin.VerifyTextPresentKeyword$_verifyTextPresent_closure1.call(VerifyTextPresentKeyword.groovy)
	at com.kms.katalon.core.webui.keyword.internal.WebUIKeywordMain.runKeyword(WebUIKeywordMain.groovy:20)
	at com.kms.katalon.core.webui.keyword.builtin.VerifyTextPresentKeyword.verifyTextPresent(VerifyTextPresentKeyword.groovy:83)
	at com.kms.katalon.core.webui.keyword.builtin.VerifyTextPresentKeyword.execute(VerifyTextPresentKeyword.groovy:68)
	at com.kms.katalon.core.keyword.internal.KeywordExecutor.executeKeywordForPlatform(KeywordExecutor.groovy:74)
	at com.kms.katalon.core.webui.keyword.WebUiBuiltInKeywords.verifyTextPresent(WebUiBuiltInKeywords.groovy:1723)
	at com.kms.katalon.core.webui.keyword.WebUiBuiltInKeywords$verifyTextPresent$5.call(Unknown Source)
	at AddUserSpecialCharError.run(AddUserSpecialCharError:97)
	at com.kms.katalon.core.main.ScriptEngine.run(ScriptEngine.java:194)
	at com.kms.katalon.core.main.ScriptEngine.runScriptAsRawText(ScriptEngine.java:119)
	at com.kms.katalon.core.main.TestCaseExecutor.runScript(TestCaseExecutor.java:442)
	at com.kms.katalon.core.main.TestCaseExecutor.doExecute(TestCaseExecutor.java:433)
	at com.kms.katalon.core.main.TestCaseExecutor.processExecutionPhase(TestCaseExecutor.java:412)
	at com.kms.katalon.core.main.TestCaseExecutor.accessMainPhase(TestCaseExecutor.java:404)
	at com.kms.katalon.core.main.TestCaseExecutor.execute(TestCaseExecutor.java:281)
	at com.kms.katalon.core.main.TestSuiteExecutor.accessTestCaseMainPhase(TestSuiteExecutor.java:202)
	at com.kms.katalon.core.main.TestSuiteExecutor.accessTestSuiteMainPhase(TestSuiteExecutor.java:164)
	at com.kms.katalon.core.main.TestSuiteExecutor.execute(TestSuiteExecutor.java:105)
	at com.kms.katalon.core.main.TestCaseMain.startTestSuite(TestCaseMain.java:185)
	at com.kms.katalon.core.main.TestCaseMain$startTestSuite$0.call(Unknown Source)
	at TempTestSuite1658350841568.run(TempTestSuite1658350841568.groovy:36)
)
	at com.kms.katalon.core.keyword.internal.KeywordMain.stepFailed(KeywordMain.groovy:39)
	at com.kms.katalon.core.webui.keyword.internal.WebUIKeywordMain.stepFailed(WebUIKeywordMain.groovy:64)
	at com.kms.katalon.core.webui.keyword.builtin.VerifyTextPresentKeyword$_verifyTextPresent_closure1.doCall(VerifyTextPresentKeyword.groovy:79)
	at com.kms.katalon.core.webui.keyword.builtin.VerifyTextPresentKeyword$_verifyTextPresent_closure1.call(VerifyTextPresentKeyword.groovy)
	at com.kms.katalon.core.webui.keyword.internal.WebUIKeywordMain.runKeyword(WebUIKeywordMain.groovy:20)
	at com.kms.katalon.core.webui.keyword.builtin.VerifyTextPresentKeyword.verifyTextPresent(VerifyTextPresentKeyword.groovy:83)
	at com.kms.katalon.core.webui.keyword.builtin.VerifyTextPresentKeyword.execute(VerifyTextPresentKeyword.groovy:68)
	at com.kms.katalon.core.keyword.internal.KeywordExecutor.executeKeywordForPlatform(KeywordExecutor.groovy:74)
	at com.kms.katalon.core.webui.keyword.WebUiBuiltInKeywords.verifyTextPresent(WebUiBuiltInKeywords.groovy:1723)
	at com.kms.katalon.core.webui.keyword.WebUiBuiltInKeywords$verifyTextPresent$5.call(Unknown Source)
	at AddUserSpecialCharError.run(AddUserSpecialCharError:97)
	at com.kms.katalon.core.main.ScriptEngine.run(ScriptEngine.java:194)
	at com.kms.katalon.core.main.ScriptEngine.runScriptAsRawText(ScriptEngine.java:119)
	at com.kms.katalon.core.main.TestCaseExecutor.runScript(TestCaseExecutor.java:442)
	at com.kms.katalon.core.main.TestCaseExecutor.doExecute(TestCaseExecutor.java:433)
	at com.kms.katalon.core.main.TestCaseExecutor.processExecutionPhase(TestCaseExecutor.java:412)
	at com.kms.katalon.core.main.TestCaseExecutor.accessMainPhase(TestCaseExecutor.java:404)
	at com.kms.katalon.core.main.TestCaseExecutor.execute(TestCaseExecutor.java:281)
	at com.kms.katalon.core.main.TestSuiteExecutor.accessTestCaseMainPhase(TestSuiteExecutor.java:202)
	at com.kms.katalon.core.main.TestSuiteExecutor.accessTestSuiteMainPhase(TestSuiteExecutor.java:164)
	at com.kms.katalon.core.main.TestSuiteExecutor.execute(TestSuiteExecutor.java:105)
	at com.kms.katalon.core.main.TestCaseMain.startTestSuite(TestCaseMain.java:185)
	at com.kms.katalon.core.main.TestCaseMain$startTestSuite$0.call(Unknown Source)
	at TempTestSuite1658350841568.run(TempTestSuite1658350841568.groovy:36)
Caused by: com.kms.katalon.core.exception.StepFailedException: Text 'Username may only be comprised of alphanumeric characters, the underscore "_" character, the at "@" symbol, and the period "."Username may only be comprised of alphanumeric characters, the underscore "_" character, the at "@" symbol, and the period "."' is not present on page  using regular expression
	... 23 more]]></system-out>
      <system-err><![CDATA[2022-07-20 17:00:47 - [TEST_SUITE][FAILED] - UM-TestSuite: Test Cases/Admin Suite Bootstrap/UM_TestCases/UsersErrors/AddUserSpecialCharError FAILED.
Reason:
com.kms.katalon.core.exception.StepFailedException: Text 'Username may only be comprised of alphanumeric characters, the underscore "_" character, the at "@" symbol, and the period "."Username may only be comprised of alphanumeric characters, the underscore "_" character, the at "@" symbol, and the period "."' is not present on page  using regular expression (Root cause: com.kms.katalon.core.exception.StepFailedException: Text 'Username may only be comprised of alphanumeric characters, the underscore "_" character, the at "@" symbol, and the period "."Username may only be comprised of alphanumeric characters, the underscore "_" character, the at "@" symbol, and the period "."' is not present on page  using regular expression
	at com.kms.katalon.core.webui.keyword.internal.WebUIKeywordMain.stepFailed(WebUIKeywordMain.groovy:64)
	at com.kms.katalon.core.webui.keyword.builtin.VerifyTextPresentKeyword$_verifyTextPresent_closure1.doCall(VerifyTextPresentKeyword.groovy:79)
	at com.kms.katalon.core.webui.keyword.builtin.VerifyTextPresentKeyword$_verifyTextPresent_closure1.call(VerifyTextPresentKeyword.groovy)
	at com.kms.katalon.core.webui.keyword.internal.WebUIKeywordMain.runKeyword(WebUIKeywordMain.groovy:20)
	at com.kms.katalon.core.webui.keyword.builtin.VerifyTextPresentKeyword.verifyTextPresent(VerifyTextPresentKeyword.groovy:83)
	at com.kms.katalon.core.webui.keyword.builtin.VerifyTextPresentKeyword.execute(VerifyTextPresentKeyword.groovy:68)
	at com.kms.katalon.core.keyword.internal.KeywordExecutor.executeKeywordForPlatform(KeywordExecutor.groovy:74)
	at com.kms.katalon.core.webui.keyword.WebUiBuiltInKeywords.verifyTextPresent(WebUiBuiltInKeywords.groovy:1723)
	at com.kms.katalon.core.webui.keyword.WebUiBuiltInKeywords$verifyTextPresent$5.call(Unknown Source)
	at AddUserSpecialCharError.run(AddUserSpecialCharError:97)
	at com.kms.katalon.core.main.ScriptEngine.run(ScriptEngine.java:194)
	at com.kms.katalon.core.main.ScriptEngine.runScriptAsRawText(ScriptEngine.java:119)
	at com.kms.katalon.core.main.TestCaseExecutor.runScript(TestCaseExecutor.java:442)
	at com.kms.katalon.core.main.TestCaseExecutor.doExecute(TestCaseExecutor.java:433)
	at com.kms.katalon.core.main.TestCaseExecutor.processExecutionPhase(TestCaseExecutor.java:412)
	at com.kms.katalon.core.main.TestCaseExecutor.accessMainPhase(TestCaseExecutor.java:404)
	at com.kms.katalon.core.main.TestCaseExecutor.execute(TestCaseExecutor.java:281)
	at com.kms.katalon.core.main.TestSuiteExecutor.accessTestCaseMainPhase(TestSuiteExecutor.java:202)
	at com.kms.katalon.core.main.TestSuiteExecutor.accessTestSuiteMainPhase(TestSuiteExecutor.java:164)
	at com.kms.katalon.core.main.TestSuiteExecutor.execute(TestSuiteExecutor.java:105)
	at com.kms.katalon.core.main.TestCaseMain.startTestSuite(TestCaseMain.java:185)
	at com.kms.katalon.core.main.TestCaseMain$startTestSuite$0.call(Unknown Source)
	at TempTestSuite1658350841568.run(TempTestSuite1658350841568.groovy:36)
)
	at com.kms.katalon.core.keyword.internal.KeywordMain.stepFailed(KeywordMain.groovy:39)
	at com.kms.katalon.core.webui.keyword.internal.WebUIKeywordMain.stepFailed(WebUIKeywordMain.groovy:64)
	at com.kms.katalon.core.webui.keyword.builtin.VerifyTextPresentKeyword$_verifyTextPresent_closure1.doCall(VerifyTextPresentKeyword.groovy:79)
	at com.kms.katalon.core.webui.keyword.builtin.VerifyTextPresentKeyword$_verifyTextPresent_closure1.call(VerifyTextPresentKeyword.groovy)
	at com.kms.katalon.core.webui.keyword.internal.WebUIKeywordMain.runKeyword(WebUIKeywordMain.groovy:20)
	at com.kms.katalon.core.webui.keyword.builtin.VerifyTextPresentKeyword.verifyTextPresent(VerifyTextPresentKeyword.groovy:83)
	at com.kms.katalon.core.webui.keyword.builtin.VerifyTextPresentKeyword.execute(VerifyTextPresentKeyword.groovy:68)
	at com.kms.katalon.core.keyword.internal.KeywordExecutor.executeKeywordForPlatform(KeywordExecutor.groovy:74)
	at com.kms.katalon.core.webui.keyword.WebUiBuiltInKeywords.verifyTextPresent(WebUiBuiltInKeywords.groovy:1723)
	at com.kms.katalon.core.webui.keyword.WebUiBuiltInKeywords$verifyTextPresent$5.call(Unknown Source)
	at AddUserSpecialCharError.run(AddUserSpecialCharError:97)
	at com.kms.katalon.core.main.ScriptEngine.run(ScriptEngine.java:194)
	at com.kms.katalon.core.main.ScriptEngine.runScriptAsRawText(ScriptEngine.java:119)
	at com.kms.katalon.core.main.TestCaseExecutor.runScript(TestCaseExecutor.java:442)
	at com.kms.katalon.core.main.TestCaseExecutor.doExecute(TestCaseExecutor.java:433)
	at com.kms.katalon.core.main.TestCaseExecutor.processExecutionPhase(TestCaseExecutor.java:412)
	at com.kms.katalon.core.main.TestCaseExecutor.accessMainPhase(TestCaseExecutor.java:404)
	at com.kms.katalon.core.main.TestCaseExecutor.execute(TestCaseExecutor.java:281)
	at com.kms.katalon.core.main.TestSuiteExecutor.accessTestCaseMainPhase(TestSuiteExecutor.java:202)
	at com.kms.katalon.core.main.TestSuiteExecutor.accessTestSuiteMainPhase(TestSuiteExecutor.java:164)
	at com.kms.katalon.core.main.TestSuiteExecutor.execute(TestSuiteExecutor.java:105)
	at com.kms.katalon.core.main.TestCaseMain.startTestSuite(TestCaseMain.java:185)
	at com.kms.katalon.core.main.TestCaseMain$startTestSuite$0.call(Unknown Source)
	at TempTestSuite1658350841568.run(TempTestSuite1658350841568.groovy:36)
Caused by: com.kms.katalon.core.exception.StepFailedException: Text 'Username may only be comprised of alphanumeric characters, the underscore "_" character, the at "@" symbol, and the period "."Username may only be comprised of alphanumeric characters, the underscore "_" character, the at "@" symbol, and the period "."' is not present on page  using regular expression
	... 23 more]]></system-err>
   </testsuite>
</testsuites>
