<?xml version="1.0" encoding="UTF-8"?>
<testsuites name="VPS-Payments-TestSuite" time="1971.246" tests="3" failures="0" errors="0">
   <testsuite name="VPS-Payments-TestSuite" tests="3" failures="0" errors="0" time="1971.246" skipped="0" timestamp="2023-02-22 18:33:32" hostname="imtiaz - DESKTOP-B2QI6NS.govolution.com" id="Test Suites/QA/VSP-Bootstrap/VPS-Payments-TestSuite">
      <properties>
         <property name="deviceName" value=""/>
         <property name="devicePlatform" value=""/>
         <property name="logFolder" value="E:\\Cloned-Project-Katalon\\VPS-Katalon\\Reports\\20230222_183326\\QA\\VSP-Bootstrap\\VPS-Payments-TestSuite\\20230222_183326"/>
         <property name="logFiles" value="E:\\Cloned-Project-Katalon\\VPS-Katalon\\Reports\\20230222_183326\\QA\\VSP-Bootstrap\\VPS-Payments-TestSuite\\20230222_183326\\execution0.log"/>
         <property name="attachments" value=""/>
         <property name="hostName" value="imtiaz - DESKTOP-B2QI6NS.govolution.com"/>
         <property name="os" value="Windows 10 64bit"/>
         <property name="katalonVersion" value="8.2.5.208"/>
         <property name="browser" value="Chrome 110.0.0.0"/>
         <property name="hostAddress" value="172.31.253.135"/>
         <property name="sessionId" value="8ca846bd9c6bf209cdbcbd7fcba8a37f"/>
         <property name="seleniumVersion" value="3.141.59"/>
         <property name="proxyInformation" value="ProxyInformation { proxyOption=NO_PROXY, proxyServerType=HTTP, username=, password=********, proxyServerAddress=, proxyServerPort=0, executionList=&quot;&quot;, isApplyToDesiredCapabilities=true }"/>
         <property name="platform" value="Windows 10"/>
      </properties>
      <testcase name="Test Cases/Admin Suite Bootstrap/VSP_Payments_TestCases/Sale_TP_AllCF_Generic_Payment_TC" time="1139.45" classname="Test Cases/Admin Suite Bootstrap/VSP_Payments_TestCases/Sale_TP_AllCF_Generic_Payment_TC" status="PASSED">
         <system-out><![CDATA[2023-02-22 18:33:32 - [TEST_CASE][PASSED] - Test Cases/Admin Suite Bootstrap/VSP_Payments_TestCases/Sale_TP_AllCF_Generic_Payment_TC: Test Cases/Admin Suite Bootstrap/VSP_Payments_TestCases/Sale_TP_AllCF_Generic_Payment_TC

2023-02-22 18:33:33 - [TEST_STEP][PASSED] - path_Dashboard = "Object Repository/AdminSuiteBootstrap_Pages/Dashboard_Bootstrap/": null

2023-02-22 18:33:33 - [TEST_STEP][PASSED] - path_VT = "Object Repository/AdminSuiteBootstrap_Pages/VT_Bootstrap/IssueTransactions/": null

2023-02-22 18:33:33 - [TEST_STEP][PASSED] - path_CreateProfile = "Object Repository/AdminSuiteBootstrap_Pages/VSP_Bootstrap/CreateProfile/": null

2023-02-22 18:33:33 - [TEST_STEP][PASSED] - path_AddAccount = "Object Repository/AdminSuiteBootstrap_Pages/VSP_Bootstrap/AddAccount/": null

2023-02-22 18:33:33 - [TEST_STEP][PASSED] - path_Add_ACH = "Object Repository/AdminSuiteBootstrap_Pages/VSP_Bootstrap/AddACH/": null

2023-02-22 18:33:33 - [TEST_STEP][PASSED] - path_Add_CC = "Object Repository/AdminSuiteBootstrap_Pages/VSP_Bootstrap/AddCreditCard/": null

2023-02-22 18:33:33 - [TEST_STEP][PASSED] - path_App_Plan = "Object Repository/AdminSuiteBootstrap_Pages/VSP_Bootstrap/AddPaymentPlan/": null

2023-02-22 18:33:33 - [TEST_STEP][PASSED] - path_DeleteProfile = "Object Repository/AdminSuiteBootstrap_Pages/VSP_Bootstrap/DeleteProfile/": null

2023-02-22 18:33:33 - [TEST_STEP][PASSED] - path_ModifyProfile = "Object Repository/AdminSuiteBootstrap_Pages/VSP_Bootstrap/ModifyProfile/": null

2023-02-22 18:33:33 - [TEST_STEP][PASSED] - path_ViewProfile = "Object Repository/AdminSuiteBootstrap_Pages/VSP_Bootstrap/View Profile/": null

2023-02-22 18:33:33 - [TEST_STEP][PASSED] - path_VSPAuth = "Object Repository/AdminSuiteBootstrap_Pages/VSP_Bootstrap/VSP_Auth/": null

2023-02-22 18:33:33 - [TEST_STEP][PASSED] - path_VSPAuthCap = "Object Repository/AdminSuiteBootstrap_Pages/VSP_Bootstrap/VSP_Authcap/": null

2023-02-22 18:33:33 - [TEST_STEP][PASSED] - path_Debit = "Object Repository/AdminSuiteBootstrap_Pages/VSP_Bootstrap/VSP_Debit/": null

2023-02-22 18:33:33 - [TEST_STEP][PASSED] - path_DeleteProfileConfirm = "Object Repository/AdminSuiteBootstrap_Pages/VSP_Bootstrap/DeleteProfileConfirm/": null

2023-02-22 18:33:33 - [TEST_STEP][PASSED] - executionProfile = getExecutionProfile(): null

2023-02-22 18:33:33 - [TEST_STEP][PASSED] - out.println("executionProfile : " + executionProfile): null

2023-02-22 18:33:33 - [TEST_STEP][PASSED] - appName = <not implemented yet for class: org.codehaus.groovy.ast.expr.EmptyExpression>: null

2023-02-22 18:33:33 - [TEST_STEP][PASSED] - appID = <not implemented yet for class: org.codehaus.groovy.ast.expr.EmptyExpression>: null

2023-02-22 18:33:33 - [TEST_STEP][PASSED] - cardNameV = <not implemented yet for class: org.codehaus.groovy.ast.expr.EmptyExpression>: null

2023-02-22 18:33:33 - [TEST_STEP][PASSED] - al1V = <not implemented yet for class: org.codehaus.groovy.ast.expr.EmptyExpression>: null

2023-02-22 18:33:33 - [TEST_STEP][PASSED] - al2V = <not implemented yet for class: org.codehaus.groovy.ast.expr.EmptyExpression>: null

2023-02-22 18:33:33 - [TEST_STEP][PASSED] - zipV = <not implemented yet for class: org.codehaus.groovy.ast.expr.EmptyExpression>: null

2023-02-22 18:33:33 - [TEST_STEP][PASSED] - cardTypeV = <not implemented yet for class: org.codehaus.groovy.ast.expr.EmptyExpression>: null

2023-02-22 18:33:33 - [TEST_STEP][PASSED] - last4V = <not implemented yet for class: org.codehaus.groovy.ast.expr.EmptyExpression>: null

2023-02-22 18:33:33 - [TEST_STEP][PASSED] - nameSheet = "CC-Payments-Sale": null

2023-02-22 18:33:33 - [TEST_STEP][PASSED] - numOfRows = findTestData("QA/Bootstrap/VSP-Payments-TestData/CC-Payments-Sale").getRowNumbers(): null

2023-02-22 18:33:34 - [TEST_STEP][PASSED] - println("Number of Records: " + numOfRows): null

2023-02-22 18:33:34 - [TEST_STEP][PASSED] - dataFile = "QA/Bootstrap/VSP-Payments-TestData/CC-Payments-Sale": null

2023-02-22 18:33:34 - [TEST_STEP][PASSED] - for ([row = 1, row <= numOfRows, (row++)]): Browser is closed

2023-02-22 18:33:34 - [TEST_STEP][PASSED] - ExecuteTC = findTestData(dataFile).getValue("Execute", row): null

2023-02-22 18:33:34 - [TEST_STEP][PASSED] - out.println("Value of Execute is : " + ExecuteTC): null

2023-02-22 18:33:34 - [TEST_STEP][PASSED] - switch (executionProfile): null

2023-02-22 18:33:34 - [TEST_STEP][PASSED] - case "QAProfile":: null

2023-02-22 18:33:34 - [TEST_STEP][PASSED] - appName = findTestData(dataFile).getValue("AppNameQA", row): null

2023-02-22 18:33:34 - [TEST_STEP][PASSED] - appID = findTestData(dataFile).getValue("AppIDQA", row): null

2023-02-22 18:33:34 - [TEST_STEP][PASSED] - break: null

2023-02-22 18:33:34 - [TEST_STEP][PASSED] - if (ExecuteTC.equalsIgnoreCase("Y")): null

2023-02-22 18:33:34 - [TEST_STEP][PASSED] - out.println("Begin Record Number: " + row): null

2023-02-22 18:33:34 - [TEST_STEP][PASSED] - today = new java.util.Date(): null

2023-02-22 18:33:34 - [TEST_STEP][PASSED] - println(today): null

2023-02-22 18:33:34 - [TEST_STEP][PASSED] - datText = today: null

2023-02-22 18:33:34 - [TEST_STEP][PASSED] - adminSuiteBootstrap.loginFunctionality.login_AdminSuite(): adminSuiteBootstrap.loginFunctionality.login_AdminSuite is PASSED

2023-02-22 18:33:35 - [MESSAGE][INFO] - Starting 'Chrome' driver

2023-02-22 18:33:35 - [MESSAGE][INFO] - User set preference: ['acceptInsecureCerts', 'true']

2023-02-22 18:33:35 - [MESSAGE][INFO] - Action delay is set to 0 milliseconds

2023-02-22 18:33:39 - [MESSAGE][PASSED] - Browser is opened with url: 'https://qa.velocitypayment.com/admin/imtiaz'

2023-02-22 18:33:40 - [MESSAGE][PASSED] - Current window maximized

2023-02-22 18:33:40 - [MESSAGE][PASSED] - Object 'Object Repository/Login_Page/Login_Username' is present

2023-02-22 18:33:41 - [MESSAGE][PASSED] - Text 'iahmed' is set on object 'Object Repository/Login_Page/Login_Username'

2023-02-22 18:33:41 - [MESSAGE][PASSED] - Text 'hello2222' is set on object 'Object Repository/Login_Page/Login_Password'

2023-02-22 18:33:45 - [MESSAGE][PASSED] - Object: 'Object Repository/Login_Page/Login_Submit' is clicked on

2023-02-22 18:33:45 - [MESSAGE][PASSED] - adminSuiteBootstrap.loginFunctionality.login_AdminSuite is PASSED

2023-02-22 18:33:45 - [TEST_STEP][PASSED] - click(findTestObject(path_Dashboard + appName)): Object: 'Object Repository/AdminSuiteBootstrap_Pages/Dashboard_Bootstrap/a_Access AutoNoCFtp' is clicked on

2023-02-22 18:33:46 - [MESSAGE][PASSED] - Object: 'Object Repository/AdminSuiteBootstrap_Pages/Dashboard_Bootstrap/a_Access AutoNoCFtp' is clicked on

2023-02-22 18:33:46 - [TEST_STEP][PASSED] - click(findTestObject(path_VT + "a_Find Profile")): Object: 'Object Repository/AdminSuiteBootstrap_Pages/VT_Bootstrap/IssueTransactions/a_Find Profile' is clicked on

2023-02-22 18:33:47 - [MESSAGE][PASSED] - Object: 'Object Repository/AdminSuiteBootstrap_Pages/VT_Bootstrap/IssueTransactions/a_Find Profile' is clicked on

2023-02-22 18:33:47 - [TEST_STEP][PASSED] - criteria = <not implemented yet for class: org.codehaus.groovy.ast.expr.EmptyExpression>: null

2023-02-22 18:33:47 - [TEST_STEP][PASSED] - searchBy = <not implemented yet for class: org.codehaus.groovy.ast.expr.EmptyExpression>: null

2023-02-22 18:33:47 - [TEST_STEP][PASSED] - criteria = findTestData(dataFile).getValue("ProfileName", row): null

2023-02-22 18:33:47 - [TEST_STEP][PASSED] - path_SearchProfile = "Object Repository/AdminSuiteBootstrap_Pages/VSP_Bootstrap/SearchProfile/": null

2023-02-22 18:33:47 - [TEST_STEP][PASSED] - setText(findTestObject(path_SearchProfile + "input_Criteria"), criteria): Text 'PaymentsVisa' is set on object 'Object Repository/AdminSuiteBootstrap_Pages/VSP_Bootstrap/SearchProfile/input_Criteria'

2023-02-22 18:33:47 - [MESSAGE][PASSED] - Text 'PaymentsVisa' is set on object 'Object Repository/AdminSuiteBootstrap_Pages/VSP_Bootstrap/SearchProfile/input_Criteria'

2023-02-22 18:33:47 - [TEST_STEP][PASSED] - click(findTestObject(path_SearchProfile + "button_Search")): Object: 'Object Repository/AdminSuiteBootstrap_Pages/VSP_Bootstrap/SearchProfile/button_Search' is clicked on

2023-02-22 18:33:49 - [MESSAGE][PASSED] - Object: 'Object Repository/AdminSuiteBootstrap_Pages/VSP_Bootstrap/SearchProfile/button_Search' is clicked on

2023-02-22 18:33:49 - [TEST_STEP][PASSED] - profNameLink = findTestData(dataFile).getValue("ProfileNameLink", row): null

2023-02-22 18:33:49 - [TEST_STEP][PASSED] - click(findTestObject(path_ViewProfile + profNameLink)): Object: 'Object Repository/AdminSuiteBootstrap_Pages/VSP_Bootstrap/View Profile/a_PaymentsVisa' is clicked on

2023-02-22 18:33:50 - [MESSAGE][PASSED] - Object: 'Object Repository/AdminSuiteBootstrap_Pages/VSP_Bootstrap/View Profile/a_PaymentsVisa' is clicked on

2023-02-22 18:33:50 - [TEST_STEP][PASSED] - click(findTestObject(path_ViewProfile + "a_AuthCap")): Object: 'Object Repository/AdminSuiteBootstrap_Pages/VSP_Bootstrap/View Profile/a_AuthCap' is clicked on

2023-02-22 18:33:51 - [MESSAGE][PASSED] - Object: 'Object Repository/AdminSuiteBootstrap_Pages/VSP_Bootstrap/View Profile/a_AuthCap' is clicked on

2023-02-22 18:33:51 - [TEST_STEP][PASSED] - verifyTextPresent("Credit Card Authorization Capture", true): Text 'Credit Card Authorization Capture' is present on page  using regular expression

2023-02-22 18:33:52 - [MESSAGE][PASSED] - Text 'Credit Card Authorization Capture' is present on page  using regular expression

2023-02-22 18:33:52 - [TEST_STEP][PASSED] - verifyTextPresent("Sale", true): Text 'Sale' is present on page  using regular expression

2023-02-22 18:33:53 - [MESSAGE][PASSED] - Text 'Sale' is present on page  using regular expression

2023-02-22 18:33:53 - [TEST_STEP][PASSED] - verifyTextPresent("Required fields are highlighted with an asterisk", true): Text 'Required fields are highlighted with an asterisk' is present on page  using regular expression

2023-02-22 18:33:53 - [MESSAGE][PASSED] - Text 'Required fields are highlighted with an asterisk' is present on page  using regular expression

2023-02-22 18:33:53 - [TEST_STEP][PASSED] - verifyTextPresent("Remittance ID", true): Text 'Remittance ID' is present on page  using regular expression

2023-02-22 18:33:54 - [MESSAGE][PASSED] - Text 'Remittance ID' is present on page  using regular expression

2023-02-22 18:33:54 - [TEST_STEP][PASSED] - vspBootstrap.SalePage.setDataSaleAndAuth(row, dataFile): vspBootstrap.SalePage.setDataSaleAndAuth is PASSED

2023-02-22 18:33:55 - [MESSAGE][PASSED] - All options with value 'MOTO' are selected in object 'Object Repository/AdminSuiteBootstrap_Pages/VSP_Bootstrap/VSP_Authcap/select_TransactionCategory'  using regular expression

2023-02-22 18:33:56 - [MESSAGE][PASSED] - Text '123' is set on object 'Object Repository/AdminSuiteBootstrap_Pages/VSP_Bootstrap/VSP_Authcap/input_cvv'

2023-02-22 18:33:57 - [MESSAGE][PASSED] - Text '' is set on object 'Object Repository/AdminSuiteBootstrap_Pages/VSP_Bootstrap/VSP_Authcap/input_smsNumber'

2023-02-22 18:33:57 - [MESSAGE][PASSED] - Text '2.50' is set on object 'Object Repository/AdminSuiteBootstrap_Pages/VSP_Bootstrap/VSP_Authcap/input_amount'

2023-02-22 18:33:58 - [MESSAGE][PASSED] - Text 'Delhi' is set on object 'Object Repository/AdminSuiteBootstrap_Pages/VSP_Bootstrap/VSP_Authcap/input_userDefined1'

2023-02-22 18:33:59 - [MESSAGE][PASSED] - Text 'Chennai' is set on object 'Object Repository/AdminSuiteBootstrap_Pages/VSP_Bootstrap/VSP_Authcap/input_userDefined2'

2023-02-22 18:34:00 - [MESSAGE][PASSED] - Text 'Mumbai' is set on object 'Object Repository/AdminSuiteBootstrap_Pages/VSP_Bootstrap/VSP_Authcap/input_userDefined3'

2023-02-22 18:34:00 - [MESSAGE][PASSED] - Text 'Kanpur' is set on object 'Object Repository/AdminSuiteBootstrap_Pages/VSP_Bootstrap/VSP_Authcap/input_userDefined4'

2023-02-22 18:34:01 - [MESSAGE][PASSED] - All options with label 'Orange' are selected in object 'Object Repository/AdminSuiteBootstrap_Pages/VSP_Bootstrap/VSP_Authcap/select_UDF5'  using regular expression

2023-02-22 18:34:02 - [MESSAGE][PASSED] - All options with label 'Yellow' are selected in object 'Object Repository/AdminSuiteBootstrap_Pages/VSP_Bootstrap/VSP_Authcap/select_UDF6'  using regular expression

2023-02-22 18:34:03 - [MESSAGE][PASSED] - Text 'Kolkata' is set on object 'Object Repository/AdminSuiteBootstrap_Pages/VSP_Bootstrap/VSP_Authcap/input_userDefined7'

2023-02-22 18:34:04 - [MESSAGE][PASSED] - Text 'Pune' is set on object 'Object Repository/AdminSuiteBootstrap_Pages/VSP_Bootstrap/VSP_Authcap/input_userDefined8'

2023-02-22 18:34:04 - [MESSAGE][PASSED] - Text 'Bhavnagar' is set on object 'Object Repository/AdminSuiteBootstrap_Pages/VSP_Bootstrap/VSP_Authcap/input_userDefined9'

2023-02-22 18:34:05 - [MESSAGE][PASSED] - Text 'Noida' is set on object 'Object Repository/AdminSuiteBootstrap_Pages/VSP_Bootstrap/VSP_Authcap/input_userDefined10'

2023-02-22 18:34:07 - [MESSAGE][PASSED] - Object: 'Object Repository/AdminSuiteBootstrap_Pages/VSP_Bootstrap/VSP_Authcap/button_Submit' is clicked on

2023-02-22 18:34:07 - [MESSAGE][PASSED] - vspBootstrap.SalePage.setDataSaleAndAuth is PASSED

2023-02-22 18:34:07 - [TEST_STEP][PASSED] - verifyTextPresent("Transaction Successful", true): Text 'Transaction Successful' is present on page  using regular expression

2023-02-22 18:34:08 - [MESSAGE][PASSED] - Text 'Transaction Successful' is present on page  using regular expression

2023-02-22 18:34:08 - [TEST_STEP][PASSED] - verifyElementVisible(findTestObject("Object Repository/AdminSuiteBootstrap_Pages/VT_Bootstrap/Receipt/button_Continue")): Object 'Object Repository/AdminSuiteBootstrap_Pages/VT_Bootstrap/Receipt/button_Continue' is visible

2023-02-22 18:34:08 - [MESSAGE][PASSED] - Object 'Object Repository/AdminSuiteBootstrap_Pages/VT_Bootstrap/Receipt/button_Continue' is visible

2023-02-22 18:34:08 - [TEST_STEP][PASSED] - verifyElementPresent(findTestObject("Object Repository/AdminSuiteBootstrap_Pages/VT_Bootstrap/Receipt/button_Continue"), 20): Object 'Object Repository/AdminSuiteBootstrap_Pages/VT_Bootstrap/Receipt/button_Continue' is present

2023-02-22 18:34:08 - [MESSAGE][PASSED] - Object 'Object Repository/AdminSuiteBootstrap_Pages/VT_Bootstrap/Receipt/button_Continue' is present

2023-02-22 18:34:08 - [TEST_STEP][PASSED] - verifyElementVisible(findTestObject("Object Repository/AdminSuiteBootstrap_Pages/VT_Bootstrap/Receipt/button_Print")): Object 'Object Repository/AdminSuiteBootstrap_Pages/VT_Bootstrap/Receipt/button_Print' is visible

2023-02-22 18:34:09 - [MESSAGE][PASSED] - Object 'Object Repository/AdminSuiteBootstrap_Pages/VT_Bootstrap/Receipt/button_Print' is visible

2023-02-22 18:34:09 - [TEST_STEP][PASSED] - verifyElementPresent(findTestObject("Object Repository/AdminSuiteBootstrap_Pages/VT_Bootstrap/Receipt/button_Print"), 20): Object 'Object Repository/AdminSuiteBootstrap_Pages/VT_Bootstrap/Receipt/button_Print' is present

2023-02-22 18:34:09 - [MESSAGE][PASSED] - Object 'Object Repository/AdminSuiteBootstrap_Pages/VT_Bootstrap/Receipt/button_Print' is present

2023-02-22 18:34:09 - [TEST_STEP][PASSED] - verifyTextPresent("Remittance ID", true): Text 'Remittance ID' is present on page  using regular expression

2023-02-22 18:34:09 - [MESSAGE][PASSED] - Text 'Remittance ID' is present on page  using regular expression

2023-02-22 18:34:09 - [TEST_STEP][PASSED] - verifyTextPresent("Received", true): Text 'Received' is present on page  using regular expression

2023-02-22 18:34:10 - [MESSAGE][PASSED] - Text 'Received' is present on page  using regular expression

2023-02-22 18:34:10 - [TEST_STEP][PASSED] - verifyTextPresent("UDF1", true): Text 'UDF1' is present on page  using regular expression

2023-02-22 18:34:10 - [MESSAGE][PASSED] - Text 'UDF1' is present on page  using regular expression

2023-02-22 18:34:10 - [TEST_STEP][PASSED] - verifyTextPresent("UDF2", true): Text 'UDF2' is present on page  using regular expression

2023-02-22 18:34:10 - [MESSAGE][PASSED] - Text 'UDF2' is present on page  using regular expression

2023-02-22 18:34:10 - [TEST_STEP][PASSED] - verifyTextPresent("UDF3", true): Text 'UDF3' is present on page  using regular expression

2023-02-22 18:34:11 - [MESSAGE][PASSED] - Text 'UDF3' is present on page  using regular expression

2023-02-22 18:34:11 - [TEST_STEP][PASSED] - verifyTextPresent("UDF4", true): Text 'UDF4' is present on page  using regular expression

2023-02-22 18:34:11 - [MESSAGE][PASSED] - Text 'UDF4' is present on page  using regular expression

2023-02-22 18:34:11 - [TEST_STEP][PASSED] - verifyTextPresent("UDF5", true): Text 'UDF5' is present on page  using regular expression

2023-02-22 18:34:11 - [MESSAGE][PASSED] - Text 'UDF5' is present on page  using regular expression

2023-02-22 18:34:11 - [TEST_STEP][PASSED] - verifyTextPresent("UDF6", true): Text 'UDF6' is present on page  using regular expression

2023-02-22 18:34:12 - [MESSAGE][PASSED] - Text 'UDF6' is present on page  using regular expression

2023-02-22 18:34:12 - [TEST_STEP][PASSED] - verifyTextPresent("UDF7", true): Text 'UDF7' is present on page  using regular expression

2023-02-22 18:34:12 - [MESSAGE][PASSED] - Text 'UDF7' is present on page  using regular expression

2023-02-22 18:34:12 - [TEST_STEP][PASSED] - verifyTextPresent("UDF8", true): Text 'UDF8' is present on page  using regular expression

2023-02-22 18:34:12 - [MESSAGE][PASSED] - Text 'UDF8' is present on page  using regular expression

2023-02-22 18:34:12 - [TEST_STEP][PASSED] - verifyTextPresent("UDF9", true): Text 'UDF9' is present on page  using regular expression

2023-02-22 18:34:13 - [MESSAGE][PASSED] - Text 'UDF9' is present on page  using regular expression

2023-02-22 18:34:13 - [TEST_STEP][PASSED] - verifyTextPresent("UDF 10", true): Text 'UDF 10' is present on page  using regular expression

2023-02-22 18:34:13 - [MESSAGE][PASSED] - Text 'UDF 10' is present on page  using regular expression

2023-02-22 18:34:13 - [TEST_STEP][PASSED] - verifyTextPresent("Delhi", true): Text 'Delhi' is present on page  using regular expression

2023-02-22 18:34:13 - [MESSAGE][PASSED] - Text 'Delhi' is present on page  using regular expression

2023-02-22 18:34:13 - [TEST_STEP][PASSED] - verifyTextPresent("Chennai", true): Text 'Chennai' is present on page  using regular expression

2023-02-22 18:34:14 - [MESSAGE][PASSED] - Text 'Chennai' is present on page  using regular expression

2023-02-22 18:34:14 - [TEST_STEP][PASSED] - verifyTextPresent("Mumbai", true): Text 'Mumbai' is present on page  using regular expression

2023-02-22 18:34:14 - [MESSAGE][PASSED] - Text 'Mumbai' is present on page  using regular expression

2023-02-22 18:34:14 - [TEST_STEP][PASSED] - verifyTextPresent("Kanpur", true): Text 'Kanpur' is present on page  using regular expression

2023-02-22 18:34:14 - [MESSAGE][PASSED] - Text 'Kanpur' is present on page  using regular expression

2023-02-22 18:34:14 - [TEST_STEP][PASSED] - verifyTextPresent("Orange Recorded", true): Text 'Orange Recorded' is present on page  using regular expression

2023-02-22 18:34:15 - [MESSAGE][PASSED] - Text 'Orange Recorded' is present on page  using regular expression

2023-02-22 18:34:15 - [TEST_STEP][PASSED] - verifyTextPresent("Yellow Recorded", true): Text 'Yellow Recorded' is present on page  using regular expression

2023-02-22 18:34:15 - [MESSAGE][PASSED] - Text 'Yellow Recorded' is present on page  using regular expression

2023-02-22 18:34:15 - [TEST_STEP][PASSED] - verifyTextPresent("Kolkata", true): Text 'Kolkata' is present on page  using regular expression

2023-02-22 18:34:15 - [MESSAGE][PASSED] - Text 'Kolkata' is present on page  using regular expression

2023-02-22 18:34:15 - [TEST_STEP][PASSED] - verifyTextPresent("Pune", true): Text 'Pune' is present on page  using regular expression

2023-02-22 18:34:16 - [MESSAGE][PASSED] - Text 'Pune' is present on page  using regular expression

2023-02-22 18:34:16 - [TEST_STEP][PASSED] - verifyTextPresent("Bhavnagar", true): Text 'Bhavnagar' is present on page  using regular expression

2023-02-22 18:34:16 - [MESSAGE][PASSED] - Text 'Bhavnagar' is present on page  using regular expression

2023-02-22 18:34:16 - [TEST_STEP][PASSED] - verifyTextPresent("Noida", true): Text 'Noida' is present on page  using regular expression

2023-02-22 18:34:16 - [MESSAGE][PASSED] - Text 'Noida' is present on page  using regular expression

2023-02-22 18:34:16 - [TEST_STEP][PASSED] - verifyTextPresent("Amount", true): Text 'Amount' is present on page  using regular expression

2023-02-22 18:34:17 - [MESSAGE][PASSED] - Text 'Amount' is present on page  using regular expression

2023-02-22 18:34:17 - [TEST_STEP][PASSED] - verifyTextPresent("2.50", true): Text '2.50' is present on page  using regular expression

2023-02-22 18:34:17 - [MESSAGE][PASSED] - Text '2.50' is present on page  using regular expression

2023-02-22 18:34:17 - [TEST_STEP][PASSED] - verifyTextPresent("Authorization and Capture", true): Text 'Authorization and Capture' is present on page  using regular expression

2023-02-22 18:34:17 - [MESSAGE][PASSED] - Text 'Authorization and Capture' is present on page  using regular expression

2023-02-22 18:34:17 - [TEST_STEP][PASSED] - verifyTextPresent("Card Information", true): Text 'Card Information' is present on page  using regular expression

2023-02-22 18:34:18 - [MESSAGE][PASSED] - Text 'Card Information' is present on page  using regular expression

2023-02-22 18:34:18 - [TEST_STEP][PASSED] - verifyTextPresent("TANDON RAVENA", true): Text 'TANDON RAVENA' is present on page  using regular expression

2023-02-22 18:34:18 - [MESSAGE][PASSED] - Text 'TANDON RAVENA' is present on page  using regular expression

2023-02-22 18:34:18 - [TEST_STEP][PASSED] - verifyTextPresent("Address Line 1", true): Text 'Address Line 1' is present on page  using regular expression

2023-02-22 18:34:18 - [MESSAGE][PASSED] - Text 'Address Line 1' is present on page  using regular expression

2023-02-22 18:34:18 - [TEST_STEP][PASSED] - verifyTextPresent("Address Line 2", true): Text 'Address Line 2' is present on page  using regular expression

2023-02-22 18:34:19 - [MESSAGE][PASSED] - Text 'Address Line 2' is present on page  using regular expression

2023-02-22 18:34:19 - [TEST_STEP][PASSED] - verifyTextPresent("Country", true): Text 'Country' is present on page  using regular expression

2023-02-22 18:34:19 - [MESSAGE][PASSED] - Text 'Country' is present on page  using regular expression

2023-02-22 18:34:19 - [TEST_STEP][PASSED] - verifyTextPresent("City", true): Text 'City' is present on page  using regular expression

2023-02-22 18:34:19 - [MESSAGE][PASSED] - Text 'City' is present on page  using regular expression

2023-02-22 18:34:19 - [TEST_STEP][PASSED] - verifyTextPresent("State", true): Text 'State' is present on page  using regular expression

2023-02-22 18:34:20 - [MESSAGE][PASSED] - Text 'State' is present on page  using regular expression

2023-02-22 18:34:20 - [TEST_STEP][PASSED] - verifyTextPresent("ZIP Code", true): Text 'ZIP Code' is present on page  using regular expression

2023-02-22 18:34:20 - [MESSAGE][PASSED] - Text 'ZIP Code' is present on page  using regular expression

2023-02-22 18:34:20 - [TEST_STEP][PASSED] - verifyTextPresent("248 PhoolKaante road", true): Text '248 PhoolKaante road' is present on page  using regular expression

2023-02-22 18:34:20 - [MESSAGE][PASSED] - Text '248 PhoolKaante road' is present on page  using regular expression

2023-02-22 18:34:20 - [TEST_STEP][PASSED] - verifyTextPresent("Suite 678", true): Text 'Suite 678' is present on page  using regular expression

2023-02-22 18:34:21 - [MESSAGE][PASSED] - Text 'Suite 678' is present on page  using regular expression

2023-02-22 18:34:21 - [TEST_STEP][PASSED] - verifyTextPresent("United States", true): Text 'United States' is present on page  using regular expression

2023-02-22 18:34:21 - [MESSAGE][PASSED] - Text 'United States' is present on page  using regular expression

2023-02-22 18:34:21 - [TEST_STEP][PASSED] - verifyTextPresent("ARLINGTON", true): Text 'ARLINGTON' is present on page  using regular expression

2023-02-22 18:34:21 - [MESSAGE][PASSED] - Text 'ARLINGTON' is present on page  using regular expression

2023-02-22 18:34:21 - [TEST_STEP][PASSED] - verifyTextPresent("VA", true): Text 'VA' is present on page  using regular expression

2023-02-22 18:34:22 - [MESSAGE][PASSED] - Text 'VA' is present on page  using regular expression

2023-02-22 18:34:22 - [TEST_STEP][PASSED] - verifyTextPresent("22201", true): Text '22201' is present on page  using regular expression

2023-02-22 18:34:22 - [MESSAGE][PASSED] - Text '22201' is present on page  using regular expression

2023-02-22 18:34:22 - [TEST_STEP][PASSED] - cardTypeV = findTestData(dataFile).getValue("CardType", row): null

2023-02-22 18:34:22 - [TEST_STEP][PASSED] - last4V = findTestData(dataFile).getValue("Last4", row): null

2023-02-22 18:34:22 - [TEST_STEP][PASSED] - verifyTextPresent(cardTypeV, true): Text 'Visa' is present on page  using regular expression

2023-02-22 18:34:22 - [MESSAGE][PASSED] - Text 'Visa' is present on page  using regular expression

2023-02-22 18:34:22 - [TEST_STEP][PASSED] - verifyTextPresent(last4V, true): Text '5439' is present on page  using regular expression

2023-02-22 18:34:23 - [MESSAGE][PASSED] - Text '5439' is present on page  using regular expression

2023-02-22 18:34:23 - [TEST_STEP][PASSED] - switch (appName): null

2023-02-22 18:34:23 - [TEST_STEP][PASSED] - closeBrowser(): Browser is closed

2023-02-22 18:34:24 - [MESSAGE][PASSED] - Browser is closed

2023-02-22 18:34:24 - [TEST_STEP][PASSED] - ExecuteTC = findTestData(dataFile).getValue("Execute", row): null

2023-02-22 18:34:24 - [TEST_STEP][PASSED] - out.println("Value of Execute is : " + ExecuteTC): null

2023-02-22 18:34:24 - [TEST_STEP][PASSED] - switch (executionProfile): null

2023-02-22 18:34:24 - [TEST_STEP][PASSED] - case "QAProfile":: null

2023-02-22 18:34:24 - [TEST_STEP][PASSED] - appName = findTestData(dataFile).getValue("AppNameQA", row): null

2023-02-22 18:34:24 - [TEST_STEP][PASSED] - appID = findTestData(dataFile).getValue("AppIDQA", row): null

2023-02-22 18:34:24 - [TEST_STEP][PASSED] - break: null

2023-02-22 18:34:24 - [TEST_STEP][PASSED] - if (ExecuteTC.equalsIgnoreCase("Y")): null

2023-02-22 18:34:24 - [TEST_STEP][PASSED] - out.println("Begin Record Number: " + row): null

2023-02-22 18:34:24 - [TEST_STEP][PASSED] - today = new java.util.Date(): null

2023-02-22 18:34:24 - [TEST_STEP][PASSED] - println(today): null

2023-02-22 18:34:24 - [TEST_STEP][PASSED] - datText = today: null

2023-02-22 18:34:24 - [TEST_STEP][PASSED] - adminSuiteBootstrap.loginFunctionality.login_AdminSuite(): adminSuiteBootstrap.loginFunctionality.login_AdminSuite is PASSED

2023-02-22 18:34:24 - [MESSAGE][INFO] - Starting 'Chrome' driver

2023-02-22 18:34:24 - [MESSAGE][INFO] - User set preference: ['acceptInsecureCerts', 'true']

2023-02-22 18:34:24 - [MESSAGE][INFO] - Action delay is set to 0 milliseconds

2023-02-22 18:34:26 - [MESSAGE][PASSED] - Browser is opened with url: 'https://qa.velocitypayment.com/admin/imtiaz'

2023-02-22 18:34:26 - [MESSAGE][PASSED] - Current window maximized

2023-02-22 18:34:27 - [MESSAGE][PASSED] - Object 'Object Repository/Login_Page/Login_Username' is present

2023-02-22 18:34:27 - [MESSAGE][PASSED] - Text 'iahmed' is set on object 'Object Repository/Login_Page/Login_Username'

2023-02-22 18:34:28 - [MESSAGE][PASSED] - Text 'hello2222' is set on object 'Object Repository/Login_Page/Login_Password'

2023-02-22 18:34:31 - [MESSAGE][PASSED] - Object: 'Object Repository/Login_Page/Login_Submit' is clicked on

2023-02-22 18:34:31 - [MESSAGE][PASSED] - adminSuiteBootstrap.loginFunctionality.login_AdminSuite is PASSED

2023-02-22 18:34:31 - [TEST_STEP][PASSED] - click(findTestObject(path_Dashboard + appName)): Object: 'Object Repository/AdminSuiteBootstrap_Pages/Dashboard_Bootstrap/a_Access AutoNoCFtp' is clicked on

2023-02-22 18:34:32 - [MESSAGE][PASSED] - Object: 'Object Repository/AdminSuiteBootstrap_Pages/Dashboard_Bootstrap/a_Access AutoNoCFtp' is clicked on

2023-02-22 18:34:32 - [TEST_STEP][PASSED] - click(findTestObject(path_VT + "a_Find Profile")): Object: 'Object Repository/AdminSuiteBootstrap_Pages/VT_Bootstrap/IssueTransactions/a_Find Profile' is clicked on

2023-02-22 18:34:33 - [MESSAGE][PASSED] - Object: 'Object Repository/AdminSuiteBootstrap_Pages/VT_Bootstrap/IssueTransactions/a_Find Profile' is clicked on

2023-02-22 18:34:33 - [TEST_STEP][PASSED] - criteria = <not implemented yet for class: org.codehaus.groovy.ast.expr.EmptyExpression>: null

2023-02-22 18:34:33 - [TEST_STEP][PASSED] - searchBy = <not implemented yet for class: org.codehaus.groovy.ast.expr.EmptyExpression>: null

2023-02-22 18:34:33 - [TEST_STEP][PASSED] - criteria = findTestData(dataFile).getValue("ProfileName", row): null

2023-02-22 18:34:33 - [TEST_STEP][PASSED] - path_SearchProfile = "Object Repository/AdminSuiteBootstrap_Pages/VSP_Bootstrap/SearchProfile/": null

2023-02-22 18:34:33 - [TEST_STEP][PASSED] - setText(findTestObject(path_SearchProfile + "input_Criteria"), criteria): Text 'PaymentsMC' is set on object 'Object Repository/AdminSuiteBootstrap_Pages/VSP_Bootstrap/SearchProfile/input_Criteria'

2023-02-22 18:34:34 - [MESSAGE][PASSED] - Text 'PaymentsMC' is set on object 'Object Repository/AdminSuiteBootstrap_Pages/VSP_Bootstrap/SearchProfile/input_Criteria'

2023-02-22 18:34:34 - [TEST_STEP][PASSED] - click(findTestObject(path_SearchProfile + "button_Search")): Object: 'Object Repository/AdminSuiteBootstrap_Pages/VSP_Bootstrap/SearchProfile/button_Search' is clicked on

2023-02-22 18:34:35 - [MESSAGE][PASSED] - Object: 'Object Repository/AdminSuiteBootstrap_Pages/VSP_Bootstrap/SearchProfile/button_Search' is clicked on

2023-02-22 18:34:35 - [TEST_STEP][PASSED] - profNameLink = findTestData(dataFile).getValue("ProfileNameLink", row): null

2023-02-22 18:34:35 - [TEST_STEP][PASSED] - click(findTestObject(path_ViewProfile + profNameLink)): Object: 'Object Repository/AdminSuiteBootstrap_Pages/VSP_Bootstrap/View Profile/a_PaymentsMC' is clicked on

2023-02-22 18:34:37 - [MESSAGE][PASSED] - Object: 'Object Repository/AdminSuiteBootstrap_Pages/VSP_Bootstrap/View Profile/a_PaymentsMC' is clicked on

2023-02-22 18:34:37 - [TEST_STEP][PASSED] - click(findTestObject(path_ViewProfile + "a_AuthCap")): Object: 'Object Repository/AdminSuiteBootstrap_Pages/VSP_Bootstrap/View Profile/a_AuthCap' is clicked on

2023-02-22 18:34:39 - [MESSAGE][PASSED] - Object: 'Object Repository/AdminSuiteBootstrap_Pages/VSP_Bootstrap/View Profile/a_AuthCap' is clicked on

2023-02-22 18:34:39 - [TEST_STEP][PASSED] - verifyTextPresent("Credit Card Authorization Capture", true): Text 'Credit Card Authorization Capture' is present on page  using regular expression

2023-02-22 18:34:40 - [MESSAGE][PASSED] - Text 'Credit Card Authorization Capture' is present on page  using regular expression

2023-02-22 18:34:40 - [TEST_STEP][PASSED] - verifyTextPresent("Sale", true): Text 'Sale' is present on page  using regular expression

2023-02-22 18:34:40 - [MESSAGE][PASSED] - Text 'Sale' is present on page  using regular expression

2023-02-22 18:34:40 - [TEST_STEP][PASSED] - verifyTextPresent("Required fields are highlighted with an asterisk", true): Text 'Required fields are highlighted with an asterisk' is present on page  using regular expression

2023-02-22 18:34:41 - [MESSAGE][PASSED] - Text 'Required fields are highlighted with an asterisk' is present on page  using regular expression

2023-02-22 18:34:41 - [TEST_STEP][PASSED] - verifyTextPresent("Remittance ID", true): Text 'Remittance ID' is present on page  using regular expression

2023-02-22 18:34:41 - [MESSAGE][PASSED] - Text 'Remittance ID' is present on page  using regular expression

2023-02-22 18:34:41 - [TEST_STEP][PASSED] - vspBootstrap.SalePage.setDataSaleAndAuth(row, dataFile): vspBootstrap.SalePage.setDataSaleAndAuth is PASSED

2023-02-22 18:34:43 - [MESSAGE][PASSED] - All options with value 'MOTO' are selected in object 'Object Repository/AdminSuiteBootstrap_Pages/VSP_Bootstrap/VSP_Authcap/select_TransactionCategory'  using regular expression

2023-02-22 18:34:43 - [MESSAGE][PASSED] - Text '123' is set on object 'Object Repository/AdminSuiteBootstrap_Pages/VSP_Bootstrap/VSP_Authcap/input_cvv'

2023-02-22 18:34:44 - [MESSAGE][PASSED] - Text '' is set on object 'Object Repository/AdminSuiteBootstrap_Pages/VSP_Bootstrap/VSP_Authcap/input_smsNumber'

2023-02-22 18:34:45 - [MESSAGE][PASSED] - Text '2.50' is set on object 'Object Repository/AdminSuiteBootstrap_Pages/VSP_Bootstrap/VSP_Authcap/input_amount'

2023-02-22 18:34:45 - [MESSAGE][PASSED] - Text 'Delhi' is set on object 'Object Repository/AdminSuiteBootstrap_Pages/VSP_Bootstrap/VSP_Authcap/input_userDefined1'

2023-02-22 18:34:46 - [MESSAGE][PASSED] - Text 'Chennai' is set on object 'Object Repository/AdminSuiteBootstrap_Pages/VSP_Bootstrap/VSP_Authcap/input_userDefined2'

2023-02-22 18:34:47 - [MESSAGE][PASSED] - Text 'Mumbai' is set on object 'Object Repository/AdminSuiteBootstrap_Pages/VSP_Bootstrap/VSP_Authcap/input_userDefined3'

2023-02-22 18:34:48 - [MESSAGE][PASSED] - Text 'Kanpur' is set on object 'Object Repository/AdminSuiteBootstrap_Pages/VSP_Bootstrap/VSP_Authcap/input_userDefined4'

2023-02-22 18:34:48 - [MESSAGE][PASSED] - All options with label 'Orange' are selected in object 'Object Repository/AdminSuiteBootstrap_Pages/VSP_Bootstrap/VSP_Authcap/select_UDF5'  using regular expression

2023-02-22 18:34:50 - [MESSAGE][PASSED] - All options with label 'Yellow' are selected in object 'Object Repository/AdminSuiteBootstrap_Pages/VSP_Bootstrap/VSP_Authcap/select_UDF6'  using regular expression

2023-02-22 18:34:50 - [MESSAGE][PASSED] - Text 'Kolkata' is set on object 'Object Repository/AdminSuiteBootstrap_Pages/VSP_Bootstrap/VSP_Authcap/input_userDefined7'

2023-02-22 18:34:51 - [MESSAGE][PASSED] - Text 'Pune' is set on object 'Object Repository/AdminSuiteBootstrap_Pages/VSP_Bootstrap/VSP_Authcap/input_userDefined8'

2023-02-22 18:34:52 - [MESSAGE][PASSED] - Text 'Bhavnagar' is set on object 'Object Repository/AdminSuiteBootstrap_Pages/VSP_Bootstrap/VSP_Authcap/input_userDefined9'

2023-02-22 18:34:52 - [MESSAGE][PASSED] - Text 'Noida' is set on object 'Object Repository/AdminSuiteBootstrap_Pages/VSP_Bootstrap/VSP_Authcap/input_userDefined10'

2023-02-22 18:34:54 - [MESSAGE][PASSED] - Object: 'Object Repository/AdminSuiteBootstrap_Pages/VSP_Bootstrap/VSP_Authcap/button_Submit' is clicked on

2023-02-22 18:34:54 - [MESSAGE][PASSED] - vspBootstrap.SalePage.setDataSaleAndAuth is PASSED

2023-02-22 18:34:54 - [TEST_STEP][PASSED] - verifyTextPresent("Transaction Successful", true): Text 'Transaction Successful' is present on page  using regular expression

2023-02-22 18:34:55 - [MESSAGE][PASSED] - Text 'Transaction Successful' is present on page  using regular expression

2023-02-22 18:34:55 - [TEST_STEP][PASSED] - verifyElementVisible(findTestObject("Object Repository/AdminSuiteBootstrap_Pages/VT_Bootstrap/Receipt/button_Continue")): Object 'Object Repository/AdminSuiteBootstrap_Pages/VT_Bootstrap/Receipt/button_Continue' is visible

2023-02-22 18:34:55 - [MESSAGE][PASSED] - Object 'Object Repository/AdminSuiteBootstrap_Pages/VT_Bootstrap/Receipt/button_Continue' is visible

2023-02-22 18:34:55 - [TEST_STEP][PASSED] - verifyElementPresent(findTestObject("Object Repository/AdminSuiteBootstrap_Pages/VT_Bootstrap/Receipt/button_Continue"), 20): Object 'Object Repository/AdminSuiteBootstrap_Pages/VT_Bootstrap/Receipt/button_Continue' is present

2023-02-22 18:34:56 - [MESSAGE][PASSED] - Object 'Object Repository/AdminSuiteBootstrap_Pages/VT_Bootstrap/Receipt/button_Continue' is present

2023-02-22 18:34:56 - [TEST_STEP][PASSED] - verifyElementVisible(findTestObject("Object Repository/AdminSuiteBootstrap_Pages/VT_Bootstrap/Receipt/button_Print")): Object 'Object Repository/AdminSuiteBootstrap_Pages/VT_Bootstrap/Receipt/button_Print' is visible

2023-02-22 18:34:56 - [MESSAGE][PASSED] - Object 'Object Repository/AdminSuiteBootstrap_Pages/VT_Bootstrap/Receipt/button_Print' is visible

2023-02-22 18:34:56 - [TEST_STEP][PASSED] - verifyElementPresent(findTestObject("Object Repository/AdminSuiteBootstrap_Pages/VT_Bootstrap/Receipt/button_Print"), 20): Object 'Object Repository/AdminSuiteBootstrap_Pages/VT_Bootstrap/Receipt/button_Print' is present

2023-02-22 18:34:56 - [MESSAGE][PASSED] - Object 'Object Repository/AdminSuiteBootstrap_Pages/VT_Bootstrap/Receipt/button_Print' is present

2023-02-22 18:34:56 - [TEST_STEP][PASSED] - verifyTextPresent("Remittance ID", true): Text 'Remittance ID' is present on page  using regular expression

2023-02-22 18:34:57 - [MESSAGE][PASSED] - Text 'Remittance ID' is present on page  using regular expression

2023-02-22 18:34:57 - [TEST_STEP][PASSED] - verifyTextPresent("Received", true): Text 'Received' is present on page  using regular expression

2023-02-22 18:34:57 - [MESSAGE][PASSED] - Text 'Received' is present on page  using regular expression

2023-02-22 18:34:57 - [TEST_STEP][PASSED] - verifyTextPresent("UDF1", true): Text 'UDF1' is present on page  using regular expression

2023-02-22 18:34:57 - [MESSAGE][PASSED] - Text 'UDF1' is present on page  using regular expression

2023-02-22 18:34:57 - [TEST_STEP][PASSED] - verifyTextPresent("UDF2", true): Text 'UDF2' is present on page  using regular expression

2023-02-22 18:34:58 - [MESSAGE][PASSED] - Text 'UDF2' is present on page  using regular expression

2023-02-22 18:34:58 - [TEST_STEP][PASSED] - verifyTextPresent("UDF3", true): Text 'UDF3' is present on page  using regular expression

2023-02-22 18:34:58 - [MESSAGE][PASSED] - Text 'UDF3' is present on page  using regular expression

2023-02-22 18:34:58 - [TEST_STEP][PASSED] - verifyTextPresent("UDF4", true): Text 'UDF4' is present on page  using regular expression

2023-02-22 18:34:58 - [MESSAGE][PASSED] - Text 'UDF4' is present on page  using regular expression

2023-02-22 18:34:58 - [TEST_STEP][PASSED] - verifyTextPresent("UDF5", true): Text 'UDF5' is present on page  using regular expression

2023-02-22 18:34:59 - [MESSAGE][PASSED] - Text 'UDF5' is present on page  using regular expression

2023-02-22 18:34:59 - [TEST_STEP][PASSED] - verifyTextPresent("UDF6", true): Text 'UDF6' is present on page  using regular expression

2023-02-22 18:34:59 - [MESSAGE][PASSED] - Text 'UDF6' is present on page  using regular expression

2023-02-22 18:34:59 - [TEST_STEP][PASSED] - verifyTextPresent("UDF7", true): Text 'UDF7' is present on page  using regular expression

2023-02-22 18:34:59 - [MESSAGE][PASSED] - Text 'UDF7' is present on page  using regular expression

2023-02-22 18:34:59 - [TEST_STEP][PASSED] - verifyTextPresent("UDF8", true): Text 'UDF8' is present on page  using regular expression

2023-02-22 18:35:00 - [MESSAGE][PASSED] - Text 'UDF8' is present on page  using regular expression

2023-02-22 18:35:00 - [TEST_STEP][PASSED] - verifyTextPresent("UDF9", true): Text 'UDF9' is present on page  using regular expression

2023-02-22 18:35:00 - [MESSAGE][PASSED] - Text 'UDF9' is present on page  using regular expression

2023-02-22 18:35:00 - [TEST_STEP][PASSED] - verifyTextPresent("UDF 10", true): Text 'UDF 10' is present on page  using regular expression

2023-02-22 18:35:00 - [MESSAGE][PASSED] - Text 'UDF 10' is present on page  using regular expression

2023-02-22 18:35:00 - [TEST_STEP][PASSED] - verifyTextPresent("Delhi", true): Text 'Delhi' is present on page  using regular expression

2023-02-22 18:35:01 - [MESSAGE][PASSED] - Text 'Delhi' is present on page  using regular expression

2023-02-22 18:35:01 - [TEST_STEP][PASSED] - verifyTextPresent("Chennai", true): Text 'Chennai' is present on page  using regular expression

2023-02-22 18:35:01 - [MESSAGE][PASSED] - Text 'Chennai' is present on page  using regular expression

2023-02-22 18:35:01 - [TEST_STEP][PASSED] - verifyTextPresent("Mumbai", true): Text 'Mumbai' is present on page  using regular expression

2023-02-22 18:35:01 - [MESSAGE][PASSED] - Text 'Mumbai' is present on page  using regular expression

2023-02-22 18:35:01 - [TEST_STEP][PASSED] - verifyTextPresent("Kanpur", true): Text 'Kanpur' is present on page  using regular expression

2023-02-22 18:35:02 - [MESSAGE][PASSED] - Text 'Kanpur' is present on page  using regular expression

2023-02-22 18:35:02 - [TEST_STEP][PASSED] - verifyTextPresent("Orange Recorded", true): Text 'Orange Recorded' is present on page  using regular expression

2023-02-22 18:35:02 - [MESSAGE][PASSED] - Text 'Orange Recorded' is present on page  using regular expression

2023-02-22 18:35:02 - [TEST_STEP][PASSED] - verifyTextPresent("Yellow Recorded", true): Text 'Yellow Recorded' is present on page  using regular expression

2023-02-22 18:35:02 - [MESSAGE][PASSED] - Text 'Yellow Recorded' is present on page  using regular expression

2023-02-22 18:35:02 - [TEST_STEP][PASSED] - verifyTextPresent("Kolkata", true): Text 'Kolkata' is present on page  using regular expression

2023-02-22 18:35:03 - [MESSAGE][PASSED] - Text 'Kolkata' is present on page  using regular expression

2023-02-22 18:35:03 - [TEST_STEP][PASSED] - verifyTextPresent("Pune", true): Text 'Pune' is present on page  using regular expression

2023-02-22 18:35:03 - [MESSAGE][PASSED] - Text 'Pune' is present on page  using regular expression

2023-02-22 18:35:03 - [TEST_STEP][PASSED] - verifyTextPresent("Bhavnagar", true): Text 'Bhavnagar' is present on page  using regular expression

2023-02-22 18:35:03 - [MESSAGE][PASSED] - Text 'Bhavnagar' is present on page  using regular expression

2023-02-22 18:35:03 - [TEST_STEP][PASSED] - verifyTextPresent("Noida", true): Text 'Noida' is present on page  using regular expression

2023-02-22 18:35:04 - [MESSAGE][PASSED] - Text 'Noida' is present on page  using regular expression

2023-02-22 18:35:04 - [TEST_STEP][PASSED] - verifyTextPresent("Amount", true): Text 'Amount' is present on page  using regular expression

2023-02-22 18:35:04 - [MESSAGE][PASSED] - Text 'Amount' is present on page  using regular expression

2023-02-22 18:35:04 - [TEST_STEP][PASSED] - verifyTextPresent("2.50", true): Text '2.50' is present on page  using regular expression

2023-02-22 18:35:04 - [MESSAGE][PASSED] - Text '2.50' is present on page  using regular expression

2023-02-22 18:35:04 - [TEST_STEP][PASSED] - verifyTextPresent("Authorization and Capture", true): Text 'Authorization and Capture' is present on page  using regular expression

2023-02-22 18:35:05 - [MESSAGE][PASSED] - Text 'Authorization and Capture' is present on page  using regular expression

2023-02-22 18:35:05 - [TEST_STEP][PASSED] - verifyTextPresent("Card Information", true): Text 'Card Information' is present on page  using regular expression

2023-02-22 18:35:05 - [MESSAGE][PASSED] - Text 'Card Information' is present on page  using regular expression

2023-02-22 18:35:05 - [TEST_STEP][PASSED] - verifyTextPresent("TANDON RAVENA", true): Text 'TANDON RAVENA' is present on page  using regular expression

2023-02-22 18:35:05 - [MESSAGE][PASSED] - Text 'TANDON RAVENA' is present on page  using regular expression

2023-02-22 18:35:05 - [TEST_STEP][PASSED] - verifyTextPresent("Address Line 1", true): Text 'Address Line 1' is present on page  using regular expression

2023-02-22 18:35:06 - [MESSAGE][PASSED] - Text 'Address Line 1' is present on page  using regular expression

2023-02-22 18:35:06 - [TEST_STEP][PASSED] - verifyTextPresent("Address Line 2", true): Text 'Address Line 2' is present on page  using regular expression

2023-02-22 18:35:06 - [MESSAGE][PASSED] - Text 'Address Line 2' is present on page  using regular expression

2023-02-22 18:35:06 - [TEST_STEP][PASSED] - verifyTextPresent("Country", true): Text 'Country' is present on page  using regular expression

2023-02-22 18:35:06 - [MESSAGE][PASSED] - Text 'Country' is present on page  using regular expression

2023-02-22 18:35:06 - [TEST_STEP][PASSED] - verifyTextPresent("City", true): Text 'City' is present on page  using regular expression

2023-02-22 18:35:07 - [MESSAGE][PASSED] - Text 'City' is present on page  using regular expression

2023-02-22 18:35:07 - [TEST_STEP][PASSED] - verifyTextPresent("State", true): Text 'State' is present on page  using regular expression

2023-02-22 18:35:07 - [MESSAGE][PASSED] - Text 'State' is present on page  using regular expression

2023-02-22 18:35:07 - [TEST_STEP][PASSED] - verifyTextPresent("ZIP Code", true): Text 'ZIP Code' is present on page  using regular expression

2023-02-22 18:35:07 - [MESSAGE][PASSED] - Text 'ZIP Code' is present on page  using regular expression

2023-02-22 18:35:07 - [TEST_STEP][PASSED] - verifyTextPresent("248 PhoolKaante road", true): Text '248 PhoolKaante road' is present on page  using regular expression

2023-02-22 18:35:07 - [MESSAGE][PASSED] - Text '248 PhoolKaante road' is present on page  using regular expression

2023-02-22 18:35:07 - [TEST_STEP][PASSED] - verifyTextPresent("Suite 678", true): Text 'Suite 678' is present on page  using regular expression

2023-02-22 18:35:08 - [MESSAGE][PASSED] - Text 'Suite 678' is present on page  using regular expression

2023-02-22 18:35:08 - [TEST_STEP][PASSED] - verifyTextPresent("United States", true): Text 'United States' is present on page  using regular expression

2023-02-22 18:35:08 - [MESSAGE][PASSED] - Text 'United States' is present on page  using regular expression

2023-02-22 18:35:08 - [TEST_STEP][PASSED] - verifyTextPresent("ARLINGTON", true): Text 'ARLINGTON' is present on page  using regular expression

2023-02-22 18:35:08 - [MESSAGE][PASSED] - Text 'ARLINGTON' is present on page  using regular expression

2023-02-22 18:35:08 - [TEST_STEP][PASSED] - verifyTextPresent("VA", true): Text 'VA' is present on page  using regular expression

2023-02-22 18:35:09 - [MESSAGE][PASSED] - Text 'VA' is present on page  using regular expression

2023-02-22 18:35:09 - [TEST_STEP][PASSED] - verifyTextPresent("22201", true): Text '22201' is present on page  using regular expression

2023-02-22 18:35:09 - [MESSAGE][PASSED] - Text '22201' is present on page  using regular expression

2023-02-22 18:35:09 - [TEST_STEP][PASSED] - cardTypeV = findTestData(dataFile).getValue("CardType", row): null

2023-02-22 18:35:09 - [TEST_STEP][PASSED] - last4V = findTestData(dataFile).getValue("Last4", row): null

2023-02-22 18:35:09 - [TEST_STEP][PASSED] - verifyTextPresent(cardTypeV, true): Text 'MasterCard' is present on page  using regular expression

2023-02-22 18:35:10 - [MESSAGE][PASSED] - Text 'MasterCard' is present on page  using regular expression

2023-02-22 18:35:10 - [TEST_STEP][PASSED] - verifyTextPresent(last4V, true): Text '0035' is present on page  using regular expression

2023-02-22 18:35:10 - [MESSAGE][PASSED] - Text '0035' is present on page  using regular expression

2023-02-22 18:35:10 - [TEST_STEP][PASSED] - switch (appName): null

2023-02-22 18:35:10 - [TEST_STEP][PASSED] - closeBrowser(): Browser is closed

2023-02-22 18:35:11 - [MESSAGE][PASSED] - Browser is closed

2023-02-22 18:35:11 - [TEST_STEP][PASSED] - ExecuteTC = findTestData(dataFile).getValue("Execute", row): null

2023-02-22 18:35:11 - [TEST_STEP][PASSED] - out.println("Value of Execute is : " + ExecuteTC): null

2023-02-22 18:35:11 - [TEST_STEP][PASSED] - switch (executionProfile): null

2023-02-22 18:35:11 - [TEST_STEP][PASSED] - case "QAProfile":: null

2023-02-22 18:35:11 - [TEST_STEP][PASSED] - appName = findTestData(dataFile).getValue("AppNameQA", row): null

2023-02-22 18:35:11 - [TEST_STEP][PASSED] - appID = findTestData(dataFile).getValue("AppIDQA", row): null

2023-02-22 18:35:11 - [TEST_STEP][PASSED] - break: null

2023-02-22 18:35:11 - [TEST_STEP][PASSED] - if (ExecuteTC.equalsIgnoreCase("Y")): null

2023-02-22 18:35:11 - [TEST_STEP][PASSED] - out.println("Begin Record Number: " + row): null

2023-02-22 18:35:11 - [TEST_STEP][PASSED] - today = new java.util.Date(): null

2023-02-22 18:35:11 - [TEST_STEP][PASSED] - println(today): null

2023-02-22 18:35:11 - [TEST_STEP][PASSED] - datText = today: null

2023-02-22 18:35:11 - [TEST_STEP][PASSED] - adminSuiteBootstrap.loginFunctionality.login_AdminSuite(): adminSuiteBootstrap.loginFunctionality.login_AdminSuite is PASSED

2023-02-22 18:35:11 - [MESSAGE][INFO] - Starting 'Chrome' driver

2023-02-22 18:35:11 - [MESSAGE][INFO] - User set preference: ['acceptInsecureCerts', 'true']

2023-02-22 18:35:11 - [MESSAGE][INFO] - Action delay is set to 0 milliseconds

2023-02-22 18:35:13 - [MESSAGE][PASSED] - Browser is opened with url: 'https://qa.velocitypayment.com/admin/imtiaz'

2023-02-22 18:35:13 - [MESSAGE][PASSED] - Current window maximized

2023-02-22 18:35:14 - [MESSAGE][PASSED] - Object 'Object Repository/Login_Page/Login_Username' is present

2023-02-22 18:35:15 - [MESSAGE][PASSED] - Text 'iahmed' is set on object 'Object Repository/Login_Page/Login_Username'

2023-02-22 18:35:15 - [MESSAGE][PASSED] - Text 'hello2222' is set on object 'Object Repository/Login_Page/Login_Password'

2023-02-22 18:35:19 - [MESSAGE][PASSED] - Object: 'Object Repository/Login_Page/Login_Submit' is clicked on

2023-02-22 18:35:19 - [MESSAGE][PASSED] - adminSuiteBootstrap.loginFunctionality.login_AdminSuite is PASSED

2023-02-22 18:35:19 - [TEST_STEP][PASSED] - click(findTestObject(path_Dashboard + appName)): Object: 'Object Repository/AdminSuiteBootstrap_Pages/Dashboard_Bootstrap/a_Access AutoNoCFtp' is clicked on

2023-02-22 18:35:20 - [MESSAGE][PASSED] - Object: 'Object Repository/AdminSuiteBootstrap_Pages/Dashboard_Bootstrap/a_Access AutoNoCFtp' is clicked on

2023-02-22 18:35:20 - [TEST_STEP][PASSED] - click(findTestObject(path_VT + "a_Find Profile")): Object: 'Object Repository/AdminSuiteBootstrap_Pages/VT_Bootstrap/IssueTransactions/a_Find Profile' is clicked on

2023-02-22 18:35:20 - [MESSAGE][PASSED] - Object: 'Object Repository/AdminSuiteBootstrap_Pages/VT_Bootstrap/IssueTransactions/a_Find Profile' is clicked on

2023-02-22 18:35:20 - [TEST_STEP][PASSED] - criteria = <not implemented yet for class: org.codehaus.groovy.ast.expr.EmptyExpression>: null

2023-02-22 18:35:20 - [TEST_STEP][PASSED] - searchBy = <not implemented yet for class: org.codehaus.groovy.ast.expr.EmptyExpression>: null

2023-02-22 18:35:20 - [TEST_STEP][PASSED] - criteria = findTestData(dataFile).getValue("ProfileName", row): null

2023-02-22 18:35:20 - [TEST_STEP][PASSED] - path_SearchProfile = "Object Repository/AdminSuiteBootstrap_Pages/VSP_Bootstrap/SearchProfile/": null

2023-02-22 18:35:20 - [TEST_STEP][PASSED] - setText(findTestObject(path_SearchProfile + "input_Criteria"), criteria): Text 'PaymentsAmEx' is set on object 'Object Repository/AdminSuiteBootstrap_Pages/VSP_Bootstrap/SearchProfile/input_Criteria'

2023-02-22 18:35:21 - [MESSAGE][PASSED] - Text 'PaymentsAmEx' is set on object 'Object Repository/AdminSuiteBootstrap_Pages/VSP_Bootstrap/SearchProfile/input_Criteria'

2023-02-22 18:35:21 - [TEST_STEP][PASSED] - click(findTestObject(path_SearchProfile + "button_Search")): Object: 'Object Repository/AdminSuiteBootstrap_Pages/VSP_Bootstrap/SearchProfile/button_Search' is clicked on

2023-02-22 18:35:22 - [MESSAGE][PASSED] - Object: 'Object Repository/AdminSuiteBootstrap_Pages/VSP_Bootstrap/SearchProfile/button_Search' is clicked on

2023-02-22 18:35:22 - [TEST_STEP][PASSED] - profNameLink = findTestData(dataFile).getValue("ProfileNameLink", row): null

2023-02-22 18:35:22 - [TEST_STEP][PASSED] - click(findTestObject(path_ViewProfile + profNameLink)): Object: 'Object Repository/AdminSuiteBootstrap_Pages/VSP_Bootstrap/View Profile/a_PaymentsAmEx' is clicked on

2023-02-22 18:35:23 - [MESSAGE][PASSED] - Object: 'Object Repository/AdminSuiteBootstrap_Pages/VSP_Bootstrap/View Profile/a_PaymentsAmEx' is clicked on

2023-02-22 18:35:23 - [TEST_STEP][PASSED] - click(findTestObject(path_ViewProfile + "a_AuthCap")): Object: 'Object Repository/AdminSuiteBootstrap_Pages/VSP_Bootstrap/View Profile/a_AuthCap' is clicked on

2023-02-22 18:35:25 - [MESSAGE][PASSED] - Object: 'Object Repository/AdminSuiteBootstrap_Pages/VSP_Bootstrap/View Profile/a_AuthCap' is clicked on

2023-02-22 18:35:25 - [TEST_STEP][PASSED] - verifyTextPresent("Credit Card Authorization Capture", true): Text 'Credit Card Authorization Capture' is present on page  using regular expression

2023-02-22 18:35:25 - [MESSAGE][PASSED] - Text 'Credit Card Authorization Capture' is present on page  using regular expression

2023-02-22 18:35:25 - [TEST_STEP][PASSED] - verifyTextPresent("Sale", true): Text 'Sale' is present on page  using regular expression

2023-02-22 18:35:26 - [MESSAGE][PASSED] - Text 'Sale' is present on page  using regular expression

2023-02-22 18:35:26 - [TEST_STEP][PASSED] - verifyTextPresent("Required fields are highlighted with an asterisk", true): Text 'Required fields are highlighted with an asterisk' is present on page  using regular expression

2023-02-22 18:35:26 - [MESSAGE][PASSED] - Text 'Required fields are highlighted with an asterisk' is present on page  using regular expression

2023-02-22 18:35:26 - [TEST_STEP][PASSED] - verifyTextPresent("Remittance ID", true): Text 'Remittance ID' is present on page  using regular expression

2023-02-22 18:35:27 - [MESSAGE][PASSED] - Text 'Remittance ID' is present on page  using regular expression

2023-02-22 18:35:27 - [TEST_STEP][PASSED] - vspBootstrap.SalePage.setDataSaleAndAuth(row, dataFile): vspBootstrap.SalePage.setDataSaleAndAuth is PASSED

2023-02-22 18:35:28 - [MESSAGE][PASSED] - All options with value 'MOTO' are selected in object 'Object Repository/AdminSuiteBootstrap_Pages/VSP_Bootstrap/VSP_Authcap/select_TransactionCategory'  using regular expression

2023-02-22 18:35:29 - [MESSAGE][PASSED] - Text '1234' is set on object 'Object Repository/AdminSuiteBootstrap_Pages/VSP_Bootstrap/VSP_Authcap/input_cvv'

2023-02-22 18:35:30 - [MESSAGE][PASSED] - Text '' is set on object 'Object Repository/AdminSuiteBootstrap_Pages/VSP_Bootstrap/VSP_Authcap/input_smsNumber'

2023-02-22 18:35:31 - [MESSAGE][PASSED] - Text '2.50' is set on object 'Object Repository/AdminSuiteBootstrap_Pages/VSP_Bootstrap/VSP_Authcap/input_amount'

2023-02-22 18:35:31 - [MESSAGE][PASSED] - Text 'Delhi' is set on object 'Object Repository/AdminSuiteBootstrap_Pages/VSP_Bootstrap/VSP_Authcap/input_userDefined1'

2023-02-22 18:35:32 - [MESSAGE][PASSED] - Text 'Chennai' is set on object 'Object Repository/AdminSuiteBootstrap_Pages/VSP_Bootstrap/VSP_Authcap/input_userDefined2'

2023-02-22 18:35:32 - [MESSAGE][PASSED] - Text 'Mumbai' is set on object 'Object Repository/AdminSuiteBootstrap_Pages/VSP_Bootstrap/VSP_Authcap/input_userDefined3'

2023-02-22 18:35:33 - [MESSAGE][PASSED] - Text 'Kanpur' is set on object 'Object Repository/AdminSuiteBootstrap_Pages/VSP_Bootstrap/VSP_Authcap/input_userDefined4'

2023-02-22 18:35:34 - [MESSAGE][PASSED] - All options with label 'Orange' are selected in object 'Object Repository/AdminSuiteBootstrap_Pages/VSP_Bootstrap/VSP_Authcap/select_UDF5'  using regular expression

2023-02-22 18:35:35 - [MESSAGE][PASSED] - All options with label 'Yellow' are selected in object 'Object Repository/AdminSuiteBootstrap_Pages/VSP_Bootstrap/VSP_Authcap/select_UDF6'  using regular expression

2023-02-22 18:35:35 - [MESSAGE][PASSED] - Text 'Kolkata' is set on object 'Object Repository/AdminSuiteBootstrap_Pages/VSP_Bootstrap/VSP_Authcap/input_userDefined7'

2023-02-22 18:35:36 - [MESSAGE][PASSED] - Text 'Pune' is set on object 'Object Repository/AdminSuiteBootstrap_Pages/VSP_Bootstrap/VSP_Authcap/input_userDefined8'

2023-02-22 18:35:37 - [MESSAGE][PASSED] - Text 'Bhavnagar' is set on object 'Object Repository/AdminSuiteBootstrap_Pages/VSP_Bootstrap/VSP_Authcap/input_userDefined9'

2023-02-22 18:35:37 - [MESSAGE][PASSED] - Text 'Noida' is set on object 'Object Repository/AdminSuiteBootstrap_Pages/VSP_Bootstrap/VSP_Authcap/input_userDefined10'

2023-02-22 18:35:39 - [MESSAGE][PASSED] - Object: 'Object Repository/AdminSuiteBootstrap_Pages/VSP_Bootstrap/VSP_Authcap/button_Submit' is clicked on

2023-02-22 18:35:39 - [MESSAGE][PASSED] - vspBootstrap.SalePage.setDataSaleAndAuth is PASSED

2023-02-22 18:35:39 - [TEST_STEP][PASSED] - verifyTextPresent("Transaction Successful", true): Text 'Transaction Successful' is present on page  using regular expression

2023-02-22 18:35:40 - [MESSAGE][PASSED] - Text 'Transaction Successful' is present on page  using regular expression

2023-02-22 18:35:40 - [TEST_STEP][PASSED] - verifyElementVisible(findTestObject("Object Repository/AdminSuiteBootstrap_Pages/VT_Bootstrap/Receipt/button_Continue")): Object 'Object Repository/AdminSuiteBootstrap_Pages/VT_Bootstrap/Receipt/button_Continue' is visible

2023-02-22 18:35:40 - [MESSAGE][PASSED] - Object 'Object Repository/AdminSuiteBootstrap_Pages/VT_Bootstrap/Receipt/button_Continue' is visible

2023-02-22 18:35:40 - [TEST_STEP][PASSED] - verifyElementPresent(findTestObject("Object Repository/AdminSuiteBootstrap_Pages/VT_Bootstrap/Receipt/button_Continue"), 20): Object 'Object Repository/AdminSuiteBootstrap_Pages/VT_Bootstrap/Receipt/button_Continue' is present

2023-02-22 18:35:40 - [MESSAGE][PASSED] - Object 'Object Repository/AdminSuiteBootstrap_Pages/VT_Bootstrap/Receipt/button_Continue' is present

2023-02-22 18:35:40 - [TEST_STEP][PASSED] - verifyElementVisible(findTestObject("Object Repository/AdminSuiteBootstrap_Pages/VT_Bootstrap/Receipt/button_Print")): Object 'Object Repository/AdminSuiteBootstrap_Pages/VT_Bootstrap/Receipt/button_Print' is visible

2023-02-22 18:35:41 - [MESSAGE][PASSED] - Object 'Object Repository/AdminSuiteBootstrap_Pages/VT_Bootstrap/Receipt/button_Print' is visible

2023-02-22 18:35:41 - [TEST_STEP][PASSED] - verifyElementPresent(findTestObject("Object Repository/AdminSuiteBootstrap_Pages/VT_Bootstrap/Receipt/button_Print"), 20): Object 'Object Repository/AdminSuiteBootstrap_Pages/VT_Bootstrap/Receipt/button_Print' is present

2023-02-22 18:35:41 - [MESSAGE][PASSED] - Object 'Object Repository/AdminSuiteBootstrap_Pages/VT_Bootstrap/Receipt/button_Print' is present

2023-02-22 18:35:41 - [TEST_STEP][PASSED] - verifyTextPresent("Remittance ID", true): Text 'Remittance ID' is present on page  using regular expression

2023-02-22 18:35:41 - [MESSAGE][PASSED] - Text 'Remittance ID' is present on page  using regular expression

2023-02-22 18:35:41 - [TEST_STEP][PASSED] - verifyTextPresent("Received", true): Text 'Received' is present on page  using regular expression

2023-02-22 18:35:42 - [MESSAGE][PASSED] - Text 'Received' is present on page  using regular expression

2023-02-22 18:35:42 - [TEST_STEP][PASSED] - verifyTextPresent("UDF1", true): Text 'UDF1' is present on page  using regular expression

2023-02-22 18:35:42 - [MESSAGE][PASSED] - Text 'UDF1' is present on page  using regular expression

2023-02-22 18:35:42 - [TEST_STEP][PASSED] - verifyTextPresent("UDF2", true): Text 'UDF2' is present on page  using regular expression

2023-02-22 18:35:42 - [MESSAGE][PASSED] - Text 'UDF2' is present on page  using regular expression

2023-02-22 18:35:42 - [TEST_STEP][PASSED] - verifyTextPresent("UDF3", true): Text 'UDF3' is present on page  using regular expression

2023-02-22 18:35:43 - [MESSAGE][PASSED] - Text 'UDF3' is present on page  using regular expression

2023-02-22 18:35:43 - [TEST_STEP][PASSED] - verifyTextPresent("UDF4", true): Text 'UDF4' is present on page  using regular expression

2023-02-22 18:35:43 - [MESSAGE][PASSED] - Text 'UDF4' is present on page  using regular expression

2023-02-22 18:35:43 - [TEST_STEP][PASSED] - verifyTextPresent("UDF5", true): Text 'UDF5' is present on page  using regular expression

2023-02-22 18:35:43 - [MESSAGE][PASSED] - Text 'UDF5' is present on page  using regular expression

2023-02-22 18:35:43 - [TEST_STEP][PASSED] - verifyTextPresent("UDF6", true): Text 'UDF6' is present on page  using regular expression

2023-02-22 18:35:44 - [MESSAGE][PASSED] - Text 'UDF6' is present on page  using regular expression

2023-02-22 18:35:44 - [TEST_STEP][PASSED] - verifyTextPresent("UDF7", true): Text 'UDF7' is present on page  using regular expression

2023-02-22 18:35:44 - [MESSAGE][PASSED] - Text 'UDF7' is present on page  using regular expression

2023-02-22 18:35:44 - [TEST_STEP][PASSED] - verifyTextPresent("UDF8", true): Text 'UDF8' is present on page  using regular expression

2023-02-22 18:35:44 - [MESSAGE][PASSED] - Text 'UDF8' is present on page  using regular expression

2023-02-22 18:35:44 - [TEST_STEP][PASSED] - verifyTextPresent("UDF9", true): Text 'UDF9' is present on page  using regular expression

2023-02-22 18:35:45 - [MESSAGE][PASSED] - Text 'UDF9' is present on page  using regular expression

2023-02-22 18:35:45 - [TEST_STEP][PASSED] - verifyTextPresent("UDF 10", true): Text 'UDF 10' is present on page  using regular expression

2023-02-22 18:35:45 - [MESSAGE][PASSED] - Text 'UDF 10' is present on page  using regular expression

2023-02-22 18:35:45 - [TEST_STEP][PASSED] - verifyTextPresent("Delhi", true): Text 'Delhi' is present on page  using regular expression

2023-02-22 18:35:45 - [MESSAGE][PASSED] - Text 'Delhi' is present on page  using regular expression

2023-02-22 18:35:45 - [TEST_STEP][PASSED] - verifyTextPresent("Chennai", true): Text 'Chennai' is present on page  using regular expression

2023-02-22 18:35:46 - [MESSAGE][PASSED] - Text 'Chennai' is present on page  using regular expression

2023-02-22 18:35:46 - [TEST_STEP][PASSED] - verifyTextPresent("Mumbai", true): Text 'Mumbai' is present on page  using regular expression

2023-02-22 18:35:46 - [MESSAGE][PASSED] - Text 'Mumbai' is present on page  using regular expression

2023-02-22 18:35:46 - [TEST_STEP][PASSED] - verifyTextPresent("Kanpur", true): Text 'Kanpur' is present on page  using regular expression

2023-02-22 18:35:46 - [MESSAGE][PASSED] - Text 'Kanpur' is present on page  using regular expression

2023-02-22 18:35:46 - [TEST_STEP][PASSED] - verifyTextPresent("Orange Recorded", true): Text 'Orange Recorded' is present on page  using regular expression

2023-02-22 18:35:47 - [MESSAGE][PASSED] - Text 'Orange Recorded' is present on page  using regular expression

2023-02-22 18:35:47 - [TEST_STEP][PASSED] - verifyTextPresent("Yellow Recorded", true): Text 'Yellow Recorded' is present on page  using regular expression

2023-02-22 18:35:47 - [MESSAGE][PASSED] - Text 'Yellow Recorded' is present on page  using regular expression

2023-02-22 18:35:47 - [TEST_STEP][PASSED] - verifyTextPresent("Kolkata", true): Text 'Kolkata' is present on page  using regular expression

2023-02-22 18:35:47 - [MESSAGE][PASSED] - Text 'Kolkata' is present on page  using regular expression

2023-02-22 18:35:47 - [TEST_STEP][PASSED] - verifyTextPresent("Pune", true): Text 'Pune' is present on page  using regular expression

2023-02-22 18:35:48 - [MESSAGE][PASSED] - Text 'Pune' is present on page  using regular expression

2023-02-22 18:35:48 - [TEST_STEP][PASSED] - verifyTextPresent("Bhavnagar", true): Text 'Bhavnagar' is present on page  using regular expression

2023-02-22 18:35:48 - [MESSAGE][PASSED] - Text 'Bhavnagar' is present on page  using regular expression

2023-02-22 18:35:48 - [TEST_STEP][PASSED] - verifyTextPresent("Noida", true): Text 'Noida' is present on page  using regular expression

2023-02-22 18:35:48 - [MESSAGE][PASSED] - Text 'Noida' is present on page  using regular expression

2023-02-22 18:35:48 - [TEST_STEP][PASSED] - verifyTextPresent("Amount", true): Text 'Amount' is present on page  using regular expression

2023-02-22 18:35:49 - [MESSAGE][PASSED] - Text 'Amount' is present on page  using regular expression

2023-02-22 18:35:49 - [TEST_STEP][PASSED] - verifyTextPresent("2.50", true): Text '2.50' is present on page  using regular expression

2023-02-22 18:35:49 - [MESSAGE][PASSED] - Text '2.50' is present on page  using regular expression

2023-02-22 18:35:49 - [TEST_STEP][PASSED] - verifyTextPresent("Authorization and Capture", true): Text 'Authorization and Capture' is present on page  using regular expression

2023-02-22 18:35:49 - [MESSAGE][PASSED] - Text 'Authorization and Capture' is present on page  using regular expression

2023-02-22 18:35:49 - [TEST_STEP][PASSED] - verifyTextPresent("Card Information", true): Text 'Card Information' is present on page  using regular expression

2023-02-22 18:35:50 - [MESSAGE][PASSED] - Text 'Card Information' is present on page  using regular expression

2023-02-22 18:35:50 - [TEST_STEP][PASSED] - verifyTextPresent("TANDON RAVENA", true): Text 'TANDON RAVENA' is present on page  using regular expression

2023-02-22 18:35:50 - [MESSAGE][PASSED] - Text 'TANDON RAVENA' is present on page  using regular expression

2023-02-22 18:35:50 - [TEST_STEP][PASSED] - verifyTextPresent("Address Line 1", true): Text 'Address Line 1' is present on page  using regular expression

2023-02-22 18:35:50 - [MESSAGE][PASSED] - Text 'Address Line 1' is present on page  using regular expression

2023-02-22 18:35:50 - [TEST_STEP][PASSED] - verifyTextPresent("Address Line 2", true): Text 'Address Line 2' is present on page  using regular expression

2023-02-22 18:35:51 - [MESSAGE][PASSED] - Text 'Address Line 2' is present on page  using regular expression

2023-02-22 18:35:51 - [TEST_STEP][PASSED] - verifyTextPresent("Country", true): Text 'Country' is present on page  using regular expression

2023-02-22 18:35:51 - [MESSAGE][PASSED] - Text 'Country' is present on page  using regular expression

2023-02-22 18:35:51 - [TEST_STEP][PASSED] - verifyTextPresent("City", true): Text 'City' is present on page  using regular expression

2023-02-22 18:35:51 - [MESSAGE][PASSED] - Text 'City' is present on page  using regular expression

2023-02-22 18:35:51 - [TEST_STEP][PASSED] - verifyTextPresent("State", true): Text 'State' is present on page  using regular expression

2023-02-22 18:35:52 - [MESSAGE][PASSED] - Text 'State' is present on page  using regular expression

2023-02-22 18:35:52 - [TEST_STEP][PASSED] - verifyTextPresent("ZIP Code", true): Text 'ZIP Code' is present on page  using regular expression

2023-02-22 18:35:52 - [MESSAGE][PASSED] - Text 'ZIP Code' is present on page  using regular expression

2023-02-22 18:35:52 - [TEST_STEP][PASSED] - verifyTextPresent("248 PhoolKaante road", true): Text '248 PhoolKaante road' is present on page  using regular expression

2023-02-22 18:35:52 - [MESSAGE][PASSED] - Text '248 PhoolKaante road' is present on page  using regular expression

2023-02-22 18:35:52 - [TEST_STEP][PASSED] - verifyTextPresent("Suite 678", true): Text 'Suite 678' is present on page  using regular expression

2023-02-22 18:35:53 - [MESSAGE][PASSED] - Text 'Suite 678' is present on page  using regular expression

2023-02-22 18:35:53 - [TEST_STEP][PASSED] - verifyTextPresent("United States", true): Text 'United States' is present on page  using regular expression

2023-02-22 18:35:53 - [MESSAGE][PASSED] - Text 'United States' is present on page  using regular expression

2023-02-22 18:35:53 - [TEST_STEP][PASSED] - verifyTextPresent("ARLINGTON", true): Text 'ARLINGTON' is present on page  using regular expression

2023-02-22 18:35:53 - [MESSAGE][PASSED] - Text 'ARLINGTON' is present on page  using regular expression

2023-02-22 18:35:53 - [TEST_STEP][PASSED] - verifyTextPresent("VA", true): Text 'VA' is present on page  using regular expression

2023-02-22 18:35:54 - [MESSAGE][PASSED] - Text 'VA' is present on page  using regular expression

2023-02-22 18:35:54 - [TEST_STEP][PASSED] - verifyTextPresent("22201", true): Text '22201' is present on page  using regular expression

2023-02-22 18:35:54 - [MESSAGE][PASSED] - Text '22201' is present on page  using regular expression

2023-02-22 18:35:54 - [TEST_STEP][PASSED] - cardTypeV = findTestData(dataFile).getValue("CardType", row): null

2023-02-22 18:35:54 - [TEST_STEP][PASSED] - last4V = findTestData(dataFile).getValue("Last4", row): null

2023-02-22 18:35:54 - [TEST_STEP][PASSED] - verifyTextPresent(cardTypeV, true): Text 'American Express' is present on page  using regular expression

2023-02-22 18:35:54 - [MESSAGE][PASSED] - Text 'American Express' is present on page  using regular expression

2023-02-22 18:35:54 - [TEST_STEP][PASSED] - verifyTextPresent(last4V, true): Text '2376' is present on page  using regular expression

2023-02-22 18:35:55 - [MESSAGE][PASSED] - Text '2376' is present on page  using regular expression

2023-02-22 18:35:55 - [TEST_STEP][PASSED] - switch (appName): null

2023-02-22 18:35:55 - [TEST_STEP][PASSED] - closeBrowser(): Browser is closed

2023-02-22 18:35:56 - [MESSAGE][PASSED] - Browser is closed

2023-02-22 18:35:56 - [TEST_STEP][PASSED] - ExecuteTC = findTestData(dataFile).getValue("Execute", row): null

2023-02-22 18:35:56 - [TEST_STEP][PASSED] - out.println("Value of Execute is : " + ExecuteTC): null

2023-02-22 18:35:56 - [TEST_STEP][PASSED] - switch (executionProfile): null

2023-02-22 18:35:56 - [TEST_STEP][PASSED] - case "QAProfile":: null

2023-02-22 18:35:56 - [TEST_STEP][PASSED] - appName = findTestData(dataFile).getValue("AppNameQA", row): null

2023-02-22 18:35:56 - [TEST_STEP][PASSED] - appID = findTestData(dataFile).getValue("AppIDQA", row): null

2023-02-22 18:35:56 - [TEST_STEP][PASSED] - break: null

2023-02-22 18:35:56 - [TEST_STEP][PASSED] - if (ExecuteTC.equalsIgnoreCase("Y")): null

2023-02-22 18:35:56 - [TEST_STEP][PASSED] - out.println("Begin Record Number: " + row): null

2023-02-22 18:35:56 - [TEST_STEP][PASSED] - today = new java.util.Date(): null

2023-02-22 18:35:56 - [TEST_STEP][PASSED] - println(today): null

2023-02-22 18:35:56 - [TEST_STEP][PASSED] - datText = today: null

2023-02-22 18:35:56 - [TEST_STEP][PASSED] - adminSuiteBootstrap.loginFunctionality.login_AdminSuite(): adminSuiteBootstrap.loginFunctionality.login_AdminSuite is PASSED

2023-02-22 18:35:56 - [MESSAGE][INFO] - Starting 'Chrome' driver

2023-02-22 18:35:56 - [MESSAGE][INFO] - User set preference: ['acceptInsecureCerts', 'true']

2023-02-22 18:35:56 - [MESSAGE][INFO] - Action delay is set to 0 milliseconds

2023-02-22 18:35:58 - [MESSAGE][PASSED] - Browser is opened with url: 'https://qa.velocitypayment.com/admin/imtiaz'

2023-02-22 18:35:58 - [MESSAGE][PASSED] - Current window maximized

2023-02-22 18:35:59 - [MESSAGE][PASSED] - Object 'Object Repository/Login_Page/Login_Username' is present

2023-02-22 18:35:59 - [MESSAGE][PASSED] - Text 'iahmed' is set on object 'Object Repository/Login_Page/Login_Username'

2023-02-22 18:36:00 - [MESSAGE][PASSED] - Text 'hello2222' is set on object 'Object Repository/Login_Page/Login_Password'

2023-02-22 18:36:04 - [MESSAGE][PASSED] - Object: 'Object Repository/Login_Page/Login_Submit' is clicked on

2023-02-22 18:36:04 - [MESSAGE][PASSED] - adminSuiteBootstrap.loginFunctionality.login_AdminSuite is PASSED

2023-02-22 18:36:04 - [TEST_STEP][PASSED] - click(findTestObject(path_Dashboard + appName)): Object: 'Object Repository/AdminSuiteBootstrap_Pages/Dashboard_Bootstrap/a_Access AutoNoCFtp' is clicked on

2023-02-22 18:36:05 - [MESSAGE][PASSED] - Object: 'Object Repository/AdminSuiteBootstrap_Pages/Dashboard_Bootstrap/a_Access AutoNoCFtp' is clicked on

2023-02-22 18:36:05 - [TEST_STEP][PASSED] - click(findTestObject(path_VT + "a_Find Profile")): Object: 'Object Repository/AdminSuiteBootstrap_Pages/VT_Bootstrap/IssueTransactions/a_Find Profile' is clicked on

2023-02-22 18:36:05 - [MESSAGE][PASSED] - Object: 'Object Repository/AdminSuiteBootstrap_Pages/VT_Bootstrap/IssueTransactions/a_Find Profile' is clicked on

2023-02-22 18:36:05 - [TEST_STEP][PASSED] - criteria = <not implemented yet for class: org.codehaus.groovy.ast.expr.EmptyExpression>: null

2023-02-22 18:36:05 - [TEST_STEP][PASSED] - searchBy = <not implemented yet for class: org.codehaus.groovy.ast.expr.EmptyExpression>: null

2023-02-22 18:36:05 - [TEST_STEP][PASSED] - criteria = findTestData(dataFile).getValue("ProfileName", row): null

2023-02-22 18:36:05 - [TEST_STEP][PASSED] - path_SearchProfile = "Object Repository/AdminSuiteBootstrap_Pages/VSP_Bootstrap/SearchProfile/": null

2023-02-22 18:36:05 - [TEST_STEP][PASSED] - setText(findTestObject(path_SearchProfile + "input_Criteria"), criteria): Text 'PaymentsDI' is set on object 'Object Repository/AdminSuiteBootstrap_Pages/VSP_Bootstrap/SearchProfile/input_Criteria'

2023-02-22 18:36:06 - [MESSAGE][PASSED] - Text 'PaymentsDI' is set on object 'Object Repository/AdminSuiteBootstrap_Pages/VSP_Bootstrap/SearchProfile/input_Criteria'

2023-02-22 18:36:06 - [TEST_STEP][PASSED] - click(findTestObject(path_SearchProfile + "button_Search")): Object: 'Object Repository/AdminSuiteBootstrap_Pages/VSP_Bootstrap/SearchProfile/button_Search' is clicked on

2023-02-22 18:36:07 - [MESSAGE][PASSED] - Object: 'Object Repository/AdminSuiteBootstrap_Pages/VSP_Bootstrap/SearchProfile/button_Search' is clicked on

2023-02-22 18:36:07 - [TEST_STEP][PASSED] - profNameLink = findTestData(dataFile).getValue("ProfileNameLink", row): null

2023-02-22 18:36:07 - [TEST_STEP][PASSED] - click(findTestObject(path_ViewProfile + profNameLink)): Object: 'Object Repository/AdminSuiteBootstrap_Pages/VSP_Bootstrap/View Profile/a_PaymentsDI' is clicked on

2023-02-22 18:36:08 - [MESSAGE][PASSED] - Object: 'Object Repository/AdminSuiteBootstrap_Pages/VSP_Bootstrap/View Profile/a_PaymentsDI' is clicked on

2023-02-22 18:36:08 - [TEST_STEP][PASSED] - click(findTestObject(path_ViewProfile + "a_AuthCap")): Object: 'Object Repository/AdminSuiteBootstrap_Pages/VSP_Bootstrap/View Profile/a_AuthCap' is clicked on

2023-02-22 18:36:10 - [MESSAGE][PASSED] - Object: 'Object Repository/AdminSuiteBootstrap_Pages/VSP_Bootstrap/View Profile/a_AuthCap' is clicked on

2023-02-22 18:36:10 - [TEST_STEP][PASSED] - verifyTextPresent("Credit Card Authorization Capture", true): Text 'Credit Card Authorization Capture' is present on page  using regular expression

2023-02-22 18:36:10 - [MESSAGE][PASSED] - Text 'Credit Card Authorization Capture' is present on page  using regular expression

2023-02-22 18:36:10 - [TEST_STEP][PASSED] - verifyTextPresent("Sale", true): Text 'Sale' is present on page  using regular expression

2023-02-22 18:36:11 - [MESSAGE][PASSED] - Text 'Sale' is present on page  using regular expression

2023-02-22 18:36:11 - [TEST_STEP][PASSED] - verifyTextPresent("Required fields are highlighted with an asterisk", true): Text 'Required fields are highlighted with an asterisk' is present on page  using regular expression

2023-02-22 18:36:11 - [MESSAGE][PASSED] - Text 'Required fields are highlighted with an asterisk' is present on page  using regular expression

2023-02-22 18:36:11 - [TEST_STEP][PASSED] - verifyTextPresent("Remittance ID", true): Text 'Remittance ID' is present on page  using regular expression

2023-02-22 18:36:12 - [MESSAGE][PASSED] - Text 'Remittance ID' is present on page  using regular expression

2023-02-22 18:36:12 - [TEST_STEP][PASSED] - vspBootstrap.SalePage.setDataSaleAndAuth(row, dataFile): vspBootstrap.SalePage.setDataSaleAndAuth is PASSED

2023-02-22 18:36:13 - [MESSAGE][PASSED] - All options with value 'MOTO' are selected in object 'Object Repository/AdminSuiteBootstrap_Pages/VSP_Bootstrap/VSP_Authcap/select_TransactionCategory'  using regular expression

2023-02-22 18:36:14 - [MESSAGE][PASSED] - Text '123' is set on object 'Object Repository/AdminSuiteBootstrap_Pages/VSP_Bootstrap/VSP_Authcap/input_cvv'

2023-02-22 18:36:15 - [MESSAGE][PASSED] - Text '' is set on object 'Object Repository/AdminSuiteBootstrap_Pages/VSP_Bootstrap/VSP_Authcap/input_smsNumber'

2023-02-22 18:36:16 - [MESSAGE][PASSED] - Text '2.50' is set on object 'Object Repository/AdminSuiteBootstrap_Pages/VSP_Bootstrap/VSP_Authcap/input_amount'

2023-02-22 18:36:16 - [MESSAGE][PASSED] - Text 'Delhi' is set on object 'Object Repository/AdminSuiteBootstrap_Pages/VSP_Bootstrap/VSP_Authcap/input_userDefined1'

2023-02-22 18:36:17 - [MESSAGE][PASSED] - Text 'Chennai' is set on object 'Object Repository/AdminSuiteBootstrap_Pages/VSP_Bootstrap/VSP_Authcap/input_userDefined2'

2023-02-22 18:36:18 - [MESSAGE][PASSED] - Text 'Mumbai' is set on object 'Object Repository/AdminSuiteBootstrap_Pages/VSP_Bootstrap/VSP_Authcap/input_userDefined3'

2023-02-22 18:36:18 - [MESSAGE][PASSED] - Text 'Kanpur' is set on object 'Object Repository/AdminSuiteBootstrap_Pages/VSP_Bootstrap/VSP_Authcap/input_userDefined4'

2023-02-22 18:36:19 - [MESSAGE][PASSED] - All options with label 'Orange' are selected in object 'Object Repository/AdminSuiteBootstrap_Pages/VSP_Bootstrap/VSP_Authcap/select_UDF5'  using regular expression

2023-02-22 18:36:20 - [MESSAGE][PASSED] - All options with label 'Yellow' are selected in object 'Object Repository/AdminSuiteBootstrap_Pages/VSP_Bootstrap/VSP_Authcap/select_UDF6'  using regular expression

2023-02-22 18:36:21 - [MESSAGE][PASSED] - Text 'Kolkata' is set on object 'Object Repository/AdminSuiteBootstrap_Pages/VSP_Bootstrap/VSP_Authcap/input_userDefined7'

2023-02-22 18:36:22 - [MESSAGE][PASSED] - Text 'Pune' is set on object 'Object Repository/AdminSuiteBootstrap_Pages/VSP_Bootstrap/VSP_Authcap/input_userDefined8'

2023-02-22 18:36:22 - [MESSAGE][PASSED] - Text 'Bhavnagar' is set on object 'Object Repository/AdminSuiteBootstrap_Pages/VSP_Bootstrap/VSP_Authcap/input_userDefined9'

2023-02-22 18:36:23 - [MESSAGE][PASSED] - Text 'Noida' is set on object 'Object Repository/AdminSuiteBootstrap_Pages/VSP_Bootstrap/VSP_Authcap/input_userDefined10'

2023-02-22 18:36:25 - [MESSAGE][PASSED] - Object: 'Object Repository/AdminSuiteBootstrap_Pages/VSP_Bootstrap/VSP_Authcap/button_Submit' is clicked on

2023-02-22 18:36:25 - [MESSAGE][PASSED] - vspBootstrap.SalePage.setDataSaleAndAuth is PASSED

2023-02-22 18:36:25 - [TEST_STEP][PASSED] - verifyTextPresent("Transaction Successful", true): Text 'Transaction Successful' is present on page  using regular expression

2023-02-22 18:36:25 - [MESSAGE][PASSED] - Text 'Transaction Successful' is present on page  using regular expression

2023-02-22 18:36:25 - [TEST_STEP][PASSED] - verifyElementVisible(findTestObject("Object Repository/AdminSuiteBootstrap_Pages/VT_Bootstrap/Receipt/button_Continue")): Object 'Object Repository/AdminSuiteBootstrap_Pages/VT_Bootstrap/Receipt/button_Continue' is visible

2023-02-22 18:36:26 - [MESSAGE][PASSED] - Object 'Object Repository/AdminSuiteBootstrap_Pages/VT_Bootstrap/Receipt/button_Continue' is visible

2023-02-22 18:36:26 - [TEST_STEP][PASSED] - verifyElementPresent(findTestObject("Object Repository/AdminSuiteBootstrap_Pages/VT_Bootstrap/Receipt/button_Continue"), 20): Object 'Object Repository/AdminSuiteBootstrap_Pages/VT_Bootstrap/Receipt/button_Continue' is present

2023-02-22 18:36:26 - [MESSAGE][PASSED] - Object 'Object Repository/AdminSuiteBootstrap_Pages/VT_Bootstrap/Receipt/button_Continue' is present

2023-02-22 18:36:26 - [TEST_STEP][PASSED] - verifyElementVisible(findTestObject("Object Repository/AdminSuiteBootstrap_Pages/VT_Bootstrap/Receipt/button_Print")): Object 'Object Repository/AdminSuiteBootstrap_Pages/VT_Bootstrap/Receipt/button_Print' is visible

2023-02-22 18:36:26 - [MESSAGE][PASSED] - Object 'Object Repository/AdminSuiteBootstrap_Pages/VT_Bootstrap/Receipt/button_Print' is visible

2023-02-22 18:36:26 - [TEST_STEP][PASSED] - verifyElementPresent(findTestObject("Object Repository/AdminSuiteBootstrap_Pages/VT_Bootstrap/Receipt/button_Print"), 20): Object 'Object Repository/AdminSuiteBootstrap_Pages/VT_Bootstrap/Receipt/button_Print' is present

2023-02-22 18:36:27 - [MESSAGE][PASSED] - Object 'Object Repository/AdminSuiteBootstrap_Pages/VT_Bootstrap/Receipt/button_Print' is present

2023-02-22 18:36:27 - [TEST_STEP][PASSED] - verifyTextPresent("Remittance ID", true): Text 'Remittance ID' is present on page  using regular expression

2023-02-22 18:36:27 - [MESSAGE][PASSED] - Text 'Remittance ID' is present on page  using regular expression

2023-02-22 18:36:27 - [TEST_STEP][PASSED] - verifyTextPresent("Received", true): Text 'Received' is present on page  using regular expression

2023-02-22 18:36:27 - [MESSAGE][PASSED] - Text 'Received' is present on page  using regular expression

2023-02-22 18:36:27 - [TEST_STEP][PASSED] - verifyTextPresent("UDF1", true): Text 'UDF1' is present on page  using regular expression

2023-02-22 18:36:28 - [MESSAGE][PASSED] - Text 'UDF1' is present on page  using regular expression

2023-02-22 18:36:28 - [TEST_STEP][PASSED] - verifyTextPresent("UDF2", true): Text 'UDF2' is present on page  using regular expression

2023-02-22 18:36:28 - [MESSAGE][PASSED] - Text 'UDF2' is present on page  using regular expression

2023-02-22 18:36:28 - [TEST_STEP][PASSED] - verifyTextPresent("UDF3", true): Text 'UDF3' is present on page  using regular expression

2023-02-22 18:36:28 - [MESSAGE][PASSED] - Text 'UDF3' is present on page  using regular expression

2023-02-22 18:36:28 - [TEST_STEP][PASSED] - verifyTextPresent("UDF4", true): Text 'UDF4' is present on page  using regular expression

2023-02-22 18:36:29 - [MESSAGE][PASSED] - Text 'UDF4' is present on page  using regular expression

2023-02-22 18:36:29 - [TEST_STEP][PASSED] - verifyTextPresent("UDF5", true): Text 'UDF5' is present on page  using regular expression

2023-02-22 18:36:29 - [MESSAGE][PASSED] - Text 'UDF5' is present on page  using regular expression

2023-02-22 18:36:29 - [TEST_STEP][PASSED] - verifyTextPresent("UDF6", true): Text 'UDF6' is present on page  using regular expression

2023-02-22 18:36:29 - [MESSAGE][PASSED] - Text 'UDF6' is present on page  using regular expression

2023-02-22 18:36:29 - [TEST_STEP][PASSED] - verifyTextPresent("UDF7", true): Text 'UDF7' is present on page  using regular expression

2023-02-22 18:36:30 - [MESSAGE][PASSED] - Text 'UDF7' is present on page  using regular expression

2023-02-22 18:36:30 - [TEST_STEP][PASSED] - verifyTextPresent("UDF8", true): Text 'UDF8' is present on page  using regular expression

2023-02-22 18:36:30 - [MESSAGE][PASSED] - Text 'UDF8' is present on page  using regular expression

2023-02-22 18:36:30 - [TEST_STEP][PASSED] - verifyTextPresent("UDF9", true): Text 'UDF9' is present on page  using regular expression

2023-02-22 18:36:30 - [MESSAGE][PASSED] - Text 'UDF9' is present on page  using regular expression

2023-02-22 18:36:30 - [TEST_STEP][PASSED] - verifyTextPresent("UDF 10", true): Text 'UDF 10' is present on page  using regular expression

2023-02-22 18:36:31 - [MESSAGE][PASSED] - Text 'UDF 10' is present on page  using regular expression

2023-02-22 18:36:31 - [TEST_STEP][PASSED] - verifyTextPresent("Delhi", true): Text 'Delhi' is present on page  using regular expression

2023-02-22 18:36:31 - [MESSAGE][PASSED] - Text 'Delhi' is present on page  using regular expression

2023-02-22 18:36:31 - [TEST_STEP][PASSED] - verifyTextPresent("Chennai", true): Text 'Chennai' is present on page  using regular expression

2023-02-22 18:36:31 - [MESSAGE][PASSED] - Text 'Chennai' is present on page  using regular expression

2023-02-22 18:36:31 - [TEST_STEP][PASSED] - verifyTextPresent("Mumbai", true): Text 'Mumbai' is present on page  using regular expression

2023-02-22 18:36:32 - [MESSAGE][PASSED] - Text 'Mumbai' is present on page  using regular expression

2023-02-22 18:36:32 - [TEST_STEP][PASSED] - verifyTextPresent("Kanpur", true): Text 'Kanpur' is present on page  using regular expression

2023-02-22 18:36:32 - [MESSAGE][PASSED] - Text 'Kanpur' is present on page  using regular expression

2023-02-22 18:36:32 - [TEST_STEP][PASSED] - verifyTextPresent("Orange Recorded", true): Text 'Orange Recorded' is present on page  using regular expression

2023-02-22 18:36:32 - [MESSAGE][PASSED] - Text 'Orange Recorded' is present on page  using regular expression

2023-02-22 18:36:32 - [TEST_STEP][PASSED] - verifyTextPresent("Yellow Recorded", true): Text 'Yellow Recorded' is present on page  using regular expression

2023-02-22 18:36:33 - [MESSAGE][PASSED] - Text 'Yellow Recorded' is present on page  using regular expression

2023-02-22 18:36:33 - [TEST_STEP][PASSED] - verifyTextPresent("Kolkata", true): Text 'Kolkata' is present on page  using regular expression

2023-02-22 18:36:33 - [MESSAGE][PASSED] - Text 'Kolkata' is present on page  using regular expression

2023-02-22 18:36:33 - [TEST_STEP][PASSED] - verifyTextPresent("Pune", true): Text 'Pune' is present on page  using regular expression

2023-02-22 18:36:33 - [MESSAGE][PASSED] - Text 'Pune' is present on page  using regular expression

2023-02-22 18:36:33 - [TEST_STEP][PASSED] - verifyTextPresent("Bhavnagar", true): Text 'Bhavnagar' is present on page  using regular expression

2023-02-22 18:36:34 - [MESSAGE][PASSED] - Text 'Bhavnagar' is present on page  using regular expression

2023-02-22 18:36:34 - [TEST_STEP][PASSED] - verifyTextPresent("Noida", true): Text 'Noida' is present on page  using regular expression

2023-02-22 18:36:34 - [MESSAGE][PASSED] - Text 'Noida' is present on page  using regular expression

2023-02-22 18:36:34 - [TEST_STEP][PASSED] - verifyTextPresent("Amount", true): Text 'Amount' is present on page  using regular expression

2023-02-22 18:36:34 - [MESSAGE][PASSED] - Text 'Amount' is present on page  using regular expression

2023-02-22 18:36:34 - [TEST_STEP][PASSED] - verifyTextPresent("2.50", true): Text '2.50' is present on page  using regular expression

2023-02-22 18:36:35 - [MESSAGE][PASSED] - Text '2.50' is present on page  using regular expression

2023-02-22 18:36:35 - [TEST_STEP][PASSED] - verifyTextPresent("Authorization and Capture", true): Text 'Authorization and Capture' is present on page  using regular expression

2023-02-22 18:36:35 - [MESSAGE][PASSED] - Text 'Authorization and Capture' is present on page  using regular expression

2023-02-22 18:36:35 - [TEST_STEP][PASSED] - verifyTextPresent("Card Information", true): Text 'Card Information' is present on page  using regular expression

2023-02-22 18:36:35 - [MESSAGE][PASSED] - Text 'Card Information' is present on page  using regular expression

2023-02-22 18:36:35 - [TEST_STEP][PASSED] - verifyTextPresent("TANDON RAVENA", true): Text 'TANDON RAVENA' is present on page  using regular expression

2023-02-22 18:36:36 - [MESSAGE][PASSED] - Text 'TANDON RAVENA' is present on page  using regular expression

2023-02-22 18:36:36 - [TEST_STEP][PASSED] - verifyTextPresent("Address Line 1", true): Text 'Address Line 1' is present on page  using regular expression

2023-02-22 18:36:36 - [MESSAGE][PASSED] - Text 'Address Line 1' is present on page  using regular expression

2023-02-22 18:36:36 - [TEST_STEP][PASSED] - verifyTextPresent("Address Line 2", true): Text 'Address Line 2' is present on page  using regular expression

2023-02-22 18:36:36 - [MESSAGE][PASSED] - Text 'Address Line 2' is present on page  using regular expression

2023-02-22 18:36:36 - [TEST_STEP][PASSED] - verifyTextPresent("Country", true): Text 'Country' is present on page  using regular expression

2023-02-22 18:36:37 - [MESSAGE][PASSED] - Text 'Country' is present on page  using regular expression

2023-02-22 18:36:37 - [TEST_STEP][PASSED] - verifyTextPresent("City", true): Text 'City' is present on page  using regular expression

2023-02-22 18:36:37 - [MESSAGE][PASSED] - Text 'City' is present on page  using regular expression

2023-02-22 18:36:37 - [TEST_STEP][PASSED] - verifyTextPresent("State", true): Text 'State' is present on page  using regular expression

2023-02-22 18:36:37 - [MESSAGE][PASSED] - Text 'State' is present on page  using regular expression

2023-02-22 18:36:37 - [TEST_STEP][PASSED] - verifyTextPresent("ZIP Code", true): Text 'ZIP Code' is present on page  using regular expression

2023-02-22 18:36:38 - [MESSAGE][PASSED] - Text 'ZIP Code' is present on page  using regular expression

2023-02-22 18:36:38 - [TEST_STEP][PASSED] - verifyTextPresent("248 PhoolKaante road", true): Text '248 PhoolKaante road' is present on page  using regular expression

2023-02-22 18:36:38 - [MESSAGE][PASSED] - Text '248 PhoolKaante road' is present on page  using regular expression

2023-02-22 18:36:38 - [TEST_STEP][PASSED] - verifyTextPresent("Suite 678", true): Text 'Suite 678' is present on page  using regular expression

2023-02-22 18:36:39 - [MESSAGE][PASSED] - Text 'Suite 678' is present on page  using regular expression

2023-02-22 18:36:39 - [TEST_STEP][PASSED] - verifyTextPresent("United States", true): Text 'United States' is present on page  using regular expression

2023-02-22 18:36:39 - [MESSAGE][PASSED] - Text 'United States' is present on page  using regular expression

2023-02-22 18:36:39 - [TEST_STEP][PASSED] - verifyTextPresent("ARLINGTON", true): Text 'ARLINGTON' is present on page  using regular expression

2023-02-22 18:36:39 - [MESSAGE][PASSED] - Text 'ARLINGTON' is present on page  using regular expression

2023-02-22 18:36:39 - [TEST_STEP][PASSED] - verifyTextPresent("VA", true): Text 'VA' is present on page  using regular expression

2023-02-22 18:36:39 - [MESSAGE][PASSED] - Text 'VA' is present on page  using regular expression

2023-02-22 18:36:39 - [TEST_STEP][PASSED] - verifyTextPresent("22201", true): Text '22201' is present on page  using regular expression

2023-02-22 18:36:40 - [MESSAGE][PASSED] - Text '22201' is present on page  using regular expression

2023-02-22 18:36:40 - [TEST_STEP][PASSED] - cardTypeV = findTestData(dataFile).getValue("CardType", row): null

2023-02-22 18:36:40 - [TEST_STEP][PASSED] - last4V = findTestData(dataFile).getValue("Last4", row): null

2023-02-22 18:36:40 - [TEST_STEP][PASSED] - verifyTextPresent(cardTypeV, true): Text 'Discover' is present on page  using regular expression

2023-02-22 18:36:40 - [MESSAGE][PASSED] - Text 'Discover' is present on page  using regular expression

2023-02-22 18:36:40 - [TEST_STEP][PASSED] - verifyTextPresent(last4V, true): Text '6909' is present on page  using regular expression

2023-02-22 18:36:41 - [MESSAGE][PASSED] - Text '6909' is present on page  using regular expression

2023-02-22 18:36:41 - [TEST_STEP][PASSED] - switch (appName): null

2023-02-22 18:36:41 - [TEST_STEP][PASSED] - closeBrowser(): Browser is closed

2023-02-22 18:36:41 - [MESSAGE][PASSED] - Browser is closed

2023-02-22 18:36:41 - [TEST_STEP][PASSED] - ExecuteTC = findTestData(dataFile).getValue("Execute", row): null

2023-02-22 18:36:42 - [TEST_STEP][PASSED] - out.println("Value of Execute is : " + ExecuteTC): null

2023-02-22 18:36:42 - [TEST_STEP][PASSED] - switch (executionProfile): null

2023-02-22 18:36:42 - [TEST_STEP][PASSED] - case "QAProfile":: null

2023-02-22 18:36:42 - [TEST_STEP][PASSED] - appName = findTestData(dataFile).getValue("AppNameQA", row): null

2023-02-22 18:36:42 - [TEST_STEP][PASSED] - appID = findTestData(dataFile).getValue("AppIDQA", row): null

2023-02-22 18:36:42 - [TEST_STEP][PASSED] - break: null

2023-02-22 18:36:42 - [TEST_STEP][PASSED] - if (ExecuteTC.equalsIgnoreCase("Y")): null

2023-02-22 18:36:42 - [TEST_STEP][PASSED] - out.println("Begin Record Number: " + row): null

2023-02-22 18:36:42 - [TEST_STEP][PASSED] - today = new java.util.Date(): null

2023-02-22 18:36:42 - [TEST_STEP][PASSED] - println(today): null

2023-02-22 18:36:42 - [TEST_STEP][PASSED] - datText = today: null

2023-02-22 18:36:42 - [TEST_STEP][PASSED] - adminSuiteBootstrap.loginFunctionality.login_AdminSuite(): adminSuiteBootstrap.loginFunctionality.login_AdminSuite is PASSED

2023-02-22 18:36:42 - [MESSAGE][INFO] - Starting 'Chrome' driver

2023-02-22 18:36:42 - [MESSAGE][INFO] - User set preference: ['acceptInsecureCerts', 'true']

2023-02-22 18:36:42 - [MESSAGE][INFO] - Action delay is set to 0 milliseconds

2023-02-22 18:36:44 - [MESSAGE][PASSED] - Browser is opened with url: 'https://qa.velocitypayment.com/admin/imtiaz'

2023-02-22 18:36:44 - [MESSAGE][PASSED] - Current window maximized

2023-02-22 18:36:45 - [MESSAGE][PASSED] - Object 'Object Repository/Login_Page/Login_Username' is present

2023-02-22 18:36:45 - [MESSAGE][PASSED] - Text 'iahmed' is set on object 'Object Repository/Login_Page/Login_Username'

2023-02-22 18:36:46 - [MESSAGE][PASSED] - Text 'hello2222' is set on object 'Object Repository/Login_Page/Login_Password'

2023-02-22 18:36:50 - [MESSAGE][PASSED] - Object: 'Object Repository/Login_Page/Login_Submit' is clicked on

2023-02-22 18:36:50 - [MESSAGE][PASSED] - adminSuiteBootstrap.loginFunctionality.login_AdminSuite is PASSED

2023-02-22 18:36:50 - [TEST_STEP][PASSED] - click(findTestObject(path_Dashboard + appName)): Object: 'Object Repository/AdminSuiteBootstrap_Pages/Dashboard_Bootstrap/a_Access AutoNoCFtp' is clicked on

2023-02-22 18:36:51 - [MESSAGE][PASSED] - Object: 'Object Repository/AdminSuiteBootstrap_Pages/Dashboard_Bootstrap/a_Access AutoNoCFtp' is clicked on

2023-02-22 18:36:51 - [TEST_STEP][PASSED] - click(findTestObject(path_VT + "a_Find Profile")): Object: 'Object Repository/AdminSuiteBootstrap_Pages/VT_Bootstrap/IssueTransactions/a_Find Profile' is clicked on

2023-02-22 18:36:51 - [MESSAGE][PASSED] - Object: 'Object Repository/AdminSuiteBootstrap_Pages/VT_Bootstrap/IssueTransactions/a_Find Profile' is clicked on

2023-02-22 18:36:51 - [TEST_STEP][PASSED] - criteria = <not implemented yet for class: org.codehaus.groovy.ast.expr.EmptyExpression>: null

2023-02-22 18:36:51 - [TEST_STEP][PASSED] - searchBy = <not implemented yet for class: org.codehaus.groovy.ast.expr.EmptyExpression>: null

2023-02-22 18:36:51 - [TEST_STEP][PASSED] - criteria = findTestData(dataFile).getValue("ProfileName", row): null

2023-02-22 18:36:51 - [TEST_STEP][PASSED] - path_SearchProfile = "Object Repository/AdminSuiteBootstrap_Pages/VSP_Bootstrap/SearchProfile/": null

2023-02-22 18:36:51 - [TEST_STEP][PASSED] - setText(findTestObject(path_SearchProfile + "input_Criteria"), criteria): Text 'PaymentsVisa' is set on object 'Object Repository/AdminSuiteBootstrap_Pages/VSP_Bootstrap/SearchProfile/input_Criteria'

2023-02-22 18:36:52 - [MESSAGE][PASSED] - Text 'PaymentsVisa' is set on object 'Object Repository/AdminSuiteBootstrap_Pages/VSP_Bootstrap/SearchProfile/input_Criteria'

2023-02-22 18:36:52 - [TEST_STEP][PASSED] - click(findTestObject(path_SearchProfile + "button_Search")): Object: 'Object Repository/AdminSuiteBootstrap_Pages/VSP_Bootstrap/SearchProfile/button_Search' is clicked on

2023-02-22 18:36:53 - [MESSAGE][PASSED] - Object: 'Object Repository/AdminSuiteBootstrap_Pages/VSP_Bootstrap/SearchProfile/button_Search' is clicked on

2023-02-22 18:36:53 - [TEST_STEP][PASSED] - profNameLink = findTestData(dataFile).getValue("ProfileNameLink", row): null

2023-02-22 18:36:53 - [TEST_STEP][PASSED] - click(findTestObject(path_ViewProfile + profNameLink)): Object: 'Object Repository/AdminSuiteBootstrap_Pages/VSP_Bootstrap/View Profile/a_PaymentsVisa' is clicked on

2023-02-22 18:36:54 - [MESSAGE][PASSED] - Object: 'Object Repository/AdminSuiteBootstrap_Pages/VSP_Bootstrap/View Profile/a_PaymentsVisa' is clicked on

2023-02-22 18:36:54 - [TEST_STEP][PASSED] - click(findTestObject(path_ViewProfile + "a_AuthCap")): Object: 'Object Repository/AdminSuiteBootstrap_Pages/VSP_Bootstrap/View Profile/a_AuthCap' is clicked on

2023-02-22 18:36:56 - [MESSAGE][PASSED] - Object: 'Object Repository/AdminSuiteBootstrap_Pages/VSP_Bootstrap/View Profile/a_AuthCap' is clicked on

2023-02-22 18:36:56 - [TEST_STEP][PASSED] - verifyTextPresent("Credit Card Authorization Capture", true): Text 'Credit Card Authorization Capture' is present on page  using regular expression

2023-02-22 18:36:57 - [MESSAGE][PASSED] - Text 'Credit Card Authorization Capture' is present on page  using regular expression

2023-02-22 18:36:57 - [TEST_STEP][PASSED] - verifyTextPresent("Sale", true): Text 'Sale' is present on page  using regular expression

2023-02-22 18:36:57 - [MESSAGE][PASSED] - Text 'Sale' is present on page  using regular expression

2023-02-22 18:36:57 - [TEST_STEP][PASSED] - verifyTextPresent("Required fields are highlighted with an asterisk", true): Text 'Required fields are highlighted with an asterisk' is present on page  using regular expression

2023-02-22 18:36:57 - [MESSAGE][PASSED] - Text 'Required fields are highlighted with an asterisk' is present on page  using regular expression

2023-02-22 18:36:57 - [TEST_STEP][PASSED] - verifyTextPresent("Remittance ID", true): Text 'Remittance ID' is present on page  using regular expression

2023-02-22 18:36:58 - [MESSAGE][PASSED] - Text 'Remittance ID' is present on page  using regular expression

2023-02-22 18:36:58 - [TEST_STEP][PASSED] - vspBootstrap.SalePage.setDataSaleAndAuth(row, dataFile): vspBootstrap.SalePage.setDataSaleAndAuth is PASSED

2023-02-22 18:36:59 - [MESSAGE][PASSED] - All options with value 'RETL' are selected in object 'Object Repository/AdminSuiteBootstrap_Pages/VSP_Bootstrap/VSP_Authcap/select_TransactionCategory'  using regular expression

2023-02-22 18:37:00 - [MESSAGE][PASSED] - Text '123' is set on object 'Object Repository/AdminSuiteBootstrap_Pages/VSP_Bootstrap/VSP_Authcap/input_cvv'

2023-02-22 18:37:01 - [MESSAGE][PASSED] - Text '' is set on object 'Object Repository/AdminSuiteBootstrap_Pages/VSP_Bootstrap/VSP_Authcap/input_smsNumber'

2023-02-22 18:37:01 - [MESSAGE][PASSED] - Text '2.50' is set on object 'Object Repository/AdminSuiteBootstrap_Pages/VSP_Bootstrap/VSP_Authcap/input_amount'

2023-02-22 18:37:02 - [MESSAGE][PASSED] - Text 'Delhi' is set on object 'Object Repository/AdminSuiteBootstrap_Pages/VSP_Bootstrap/VSP_Authcap/input_userDefined1'

2023-02-22 18:37:03 - [MESSAGE][PASSED] - Text 'Chennai' is set on object 'Object Repository/AdminSuiteBootstrap_Pages/VSP_Bootstrap/VSP_Authcap/input_userDefined2'

2023-02-22 18:37:03 - [MESSAGE][PASSED] - Text 'Mumbai' is set on object 'Object Repository/AdminSuiteBootstrap_Pages/VSP_Bootstrap/VSP_Authcap/input_userDefined3'

2023-02-22 18:37:04 - [MESSAGE][PASSED] - Text 'Kanpur' is set on object 'Object Repository/AdminSuiteBootstrap_Pages/VSP_Bootstrap/VSP_Authcap/input_userDefined4'

2023-02-22 18:37:05 - [MESSAGE][PASSED] - All options with label 'Orange' are selected in object 'Object Repository/AdminSuiteBootstrap_Pages/VSP_Bootstrap/VSP_Authcap/select_UDF5'  using regular expression

2023-02-22 18:37:06 - [MESSAGE][PASSED] - All options with label 'Yellow' are selected in object 'Object Repository/AdminSuiteBootstrap_Pages/VSP_Bootstrap/VSP_Authcap/select_UDF6'  using regular expression

2023-02-22 18:37:07 - [MESSAGE][PASSED] - Text 'Kolkata' is set on object 'Object Repository/AdminSuiteBootstrap_Pages/VSP_Bootstrap/VSP_Authcap/input_userDefined7'

2023-02-22 18:37:07 - [MESSAGE][PASSED] - Text 'Pune' is set on object 'Object Repository/AdminSuiteBootstrap_Pages/VSP_Bootstrap/VSP_Authcap/input_userDefined8'

2023-02-22 18:37:08 - [MESSAGE][PASSED] - Text 'Bhavnagar' is set on object 'Object Repository/AdminSuiteBootstrap_Pages/VSP_Bootstrap/VSP_Authcap/input_userDefined9'

2023-02-22 18:37:09 - [MESSAGE][PASSED] - Text 'Noida' is set on object 'Object Repository/AdminSuiteBootstrap_Pages/VSP_Bootstrap/VSP_Authcap/input_userDefined10'

2023-02-22 18:37:11 - [MESSAGE][PASSED] - Object: 'Object Repository/AdminSuiteBootstrap_Pages/VSP_Bootstrap/VSP_Authcap/button_Submit' is clicked on

2023-02-22 18:37:11 - [MESSAGE][PASSED] - vspBootstrap.SalePage.setDataSaleAndAuth is PASSED

2023-02-22 18:37:11 - [TEST_STEP][PASSED] - verifyTextPresent("Transaction Successful", true): Text 'Transaction Successful' is present on page  using regular expression

2023-02-22 18:37:11 - [MESSAGE][PASSED] - Text 'Transaction Successful' is present on page  using regular expression

2023-02-22 18:37:11 - [TEST_STEP][PASSED] - verifyElementVisible(findTestObject("Object Repository/AdminSuiteBootstrap_Pages/VT_Bootstrap/Receipt/button_Continue")): Object 'Object Repository/AdminSuiteBootstrap_Pages/VT_Bootstrap/Receipt/button_Continue' is visible

2023-02-22 18:37:12 - [MESSAGE][PASSED] - Object 'Object Repository/AdminSuiteBootstrap_Pages/VT_Bootstrap/Receipt/button_Continue' is visible

2023-02-22 18:37:12 - [TEST_STEP][PASSED] - verifyElementPresent(findTestObject("Object Repository/AdminSuiteBootstrap_Pages/VT_Bootstrap/Receipt/button_Continue"), 20): Object 'Object Repository/AdminSuiteBootstrap_Pages/VT_Bootstrap/Receipt/button_Continue' is present

2023-02-22 18:37:12 - [MESSAGE][PASSED] - Object 'Object Repository/AdminSuiteBootstrap_Pages/VT_Bootstrap/Receipt/button_Continue' is present

2023-02-22 18:37:12 - [TEST_STEP][PASSED] - verifyElementVisible(findTestObject("Object Repository/AdminSuiteBootstrap_Pages/VT_Bootstrap/Receipt/button_Print")): Object 'Object Repository/AdminSuiteBootstrap_Pages/VT_Bootstrap/Receipt/button_Print' is visible

2023-02-22 18:37:12 - [MESSAGE][PASSED] - Object 'Object Repository/AdminSuiteBootstrap_Pages/VT_Bootstrap/Receipt/button_Print' is visible

2023-02-22 18:37:12 - [TEST_STEP][PASSED] - verifyElementPresent(findTestObject("Object Repository/AdminSuiteBootstrap_Pages/VT_Bootstrap/Receipt/button_Print"), 20): Object 'Object Repository/AdminSuiteBootstrap_Pages/VT_Bootstrap/Receipt/button_Print' is present

2023-02-22 18:37:13 - [MESSAGE][PASSED] - Object 'Object Repository/AdminSuiteBootstrap_Pages/VT_Bootstrap/Receipt/button_Print' is present

2023-02-22 18:37:13 - [TEST_STEP][PASSED] - verifyTextPresent("Remittance ID", true): Text 'Remittance ID' is present on page  using regular expression

2023-02-22 18:37:13 - [MESSAGE][PASSED] - Text 'Remittance ID' is present on page  using regular expression

2023-02-22 18:37:13 - [TEST_STEP][PASSED] - verifyTextPresent("Received", true): Text 'Received' is present on page  using regular expression

2023-02-22 18:37:13 - [MESSAGE][PASSED] - Text 'Received' is present on page  using regular expression

2023-02-22 18:37:13 - [TEST_STEP][PASSED] - verifyTextPresent("UDF1", true): Text 'UDF1' is present on page  using regular expression

2023-02-22 18:37:14 - [MESSAGE][PASSED] - Text 'UDF1' is present on page  using regular expression

2023-02-22 18:37:14 - [TEST_STEP][PASSED] - verifyTextPresent("UDF2", true): Text 'UDF2' is present on page  using regular expression

2023-02-22 18:37:14 - [MESSAGE][PASSED] - Text 'UDF2' is present on page  using regular expression

2023-02-22 18:37:14 - [TEST_STEP][PASSED] - verifyTextPresent("UDF3", true): Text 'UDF3' is present on page  using regular expression

2023-02-22 18:37:14 - [MESSAGE][PASSED] - Text 'UDF3' is present on page  using regular expression

2023-02-22 18:37:14 - [TEST_STEP][PASSED] - verifyTextPresent("UDF4", true): Text 'UDF4' is present on page  using regular expression

2023-02-22 18:37:15 - [MESSAGE][PASSED] - Text 'UDF4' is present on page  using regular expression

2023-02-22 18:37:15 - [TEST_STEP][PASSED] - verifyTextPresent("UDF5", true): Text 'UDF5' is present on page  using regular expression

2023-02-22 18:37:15 - [MESSAGE][PASSED] - Text 'UDF5' is present on page  using regular expression

2023-02-22 18:37:15 - [TEST_STEP][PASSED] - verifyTextPresent("UDF6", true): Text 'UDF6' is present on page  using regular expression

2023-02-22 18:37:15 - [MESSAGE][PASSED] - Text 'UDF6' is present on page  using regular expression

2023-02-22 18:37:15 - [TEST_STEP][PASSED] - verifyTextPresent("UDF7", true): Text 'UDF7' is present on page  using regular expression

2023-02-22 18:37:16 - [MESSAGE][PASSED] - Text 'UDF7' is present on page  using regular expression

2023-02-22 18:37:16 - [TEST_STEP][PASSED] - verifyTextPresent("UDF8", true): Text 'UDF8' is present on page  using regular expression

2023-02-22 18:37:16 - [MESSAGE][PASSED] - Text 'UDF8' is present on page  using regular expression

2023-02-22 18:37:16 - [TEST_STEP][PASSED] - verifyTextPresent("UDF9", true): Text 'UDF9' is present on page  using regular expression

2023-02-22 18:37:16 - [MESSAGE][PASSED] - Text 'UDF9' is present on page  using regular expression

2023-02-22 18:37:16 - [TEST_STEP][PASSED] - verifyTextPresent("UDF 10", true): Text 'UDF 10' is present on page  using regular expression

2023-02-22 18:37:17 - [MESSAGE][PASSED] - Text 'UDF 10' is present on page  using regular expression

2023-02-22 18:37:17 - [TEST_STEP][PASSED] - verifyTextPresent("Delhi", true): Text 'Delhi' is present on page  using regular expression

2023-02-22 18:37:17 - [MESSAGE][PASSED] - Text 'Delhi' is present on page  using regular expression

2023-02-22 18:37:17 - [TEST_STEP][PASSED] - verifyTextPresent("Chennai", true): Text 'Chennai' is present on page  using regular expression

2023-02-22 18:37:17 - [MESSAGE][PASSED] - Text 'Chennai' is present on page  using regular expression

2023-02-22 18:37:17 - [TEST_STEP][PASSED] - verifyTextPresent("Mumbai", true): Text 'Mumbai' is present on page  using regular expression

2023-02-22 18:37:18 - [MESSAGE][PASSED] - Text 'Mumbai' is present on page  using regular expression

2023-02-22 18:37:18 - [TEST_STEP][PASSED] - verifyTextPresent("Kanpur", true): Text 'Kanpur' is present on page  using regular expression

2023-02-22 18:37:18 - [MESSAGE][PASSED] - Text 'Kanpur' is present on page  using regular expression

2023-02-22 18:37:18 - [TEST_STEP][PASSED] - verifyTextPresent("Orange Recorded", true): Text 'Orange Recorded' is present on page  using regular expression

2023-02-22 18:37:18 - [MESSAGE][PASSED] - Text 'Orange Recorded' is present on page  using regular expression

2023-02-22 18:37:18 - [TEST_STEP][PASSED] - verifyTextPresent("Yellow Recorded", true): Text 'Yellow Recorded' is present on page  using regular expression

2023-02-22 18:37:19 - [MESSAGE][PASSED] - Text 'Yellow Recorded' is present on page  using regular expression

2023-02-22 18:37:19 - [TEST_STEP][PASSED] - verifyTextPresent("Kolkata", true): Text 'Kolkata' is present on page  using regular expression

2023-02-22 18:37:19 - [MESSAGE][PASSED] - Text 'Kolkata' is present on page  using regular expression

2023-02-22 18:37:19 - [TEST_STEP][PASSED] - verifyTextPresent("Pune", true): Text 'Pune' is present on page  using regular expression

2023-02-22 18:37:19 - [MESSAGE][PASSED] - Text 'Pune' is present on page  using regular expression

2023-02-22 18:37:19 - [TEST_STEP][PASSED] - verifyTextPresent("Bhavnagar", true): Text 'Bhavnagar' is present on page  using regular expression

2023-02-22 18:37:20 - [MESSAGE][PASSED] - Text 'Bhavnagar' is present on page  using regular expression

2023-02-22 18:37:20 - [TEST_STEP][PASSED] - verifyTextPresent("Noida", true): Text 'Noida' is present on page  using regular expression

2023-02-22 18:37:20 - [MESSAGE][PASSED] - Text 'Noida' is present on page  using regular expression

2023-02-22 18:37:20 - [TEST_STEP][PASSED] - verifyTextPresent("Amount", true): Text 'Amount' is present on page  using regular expression

2023-02-22 18:37:20 - [MESSAGE][PASSED] - Text 'Amount' is present on page  using regular expression

2023-02-22 18:37:20 - [TEST_STEP][PASSED] - verifyTextPresent("2.50", true): Text '2.50' is present on page  using regular expression

2023-02-22 18:37:21 - [MESSAGE][PASSED] - Text '2.50' is present on page  using regular expression

2023-02-22 18:37:21 - [TEST_STEP][PASSED] - verifyTextPresent("Authorization and Capture", true): Text 'Authorization and Capture' is present on page  using regular expression

2023-02-22 18:37:21 - [MESSAGE][PASSED] - Text 'Authorization and Capture' is present on page  using regular expression

2023-02-22 18:37:21 - [TEST_STEP][PASSED] - verifyTextPresent("Card Information", true): Text 'Card Information' is present on page  using regular expression

2023-02-22 18:37:21 - [MESSAGE][PASSED] - Text 'Card Information' is present on page  using regular expression

2023-02-22 18:37:21 - [TEST_STEP][PASSED] - verifyTextPresent("TANDON RAVENA", true): Text 'TANDON RAVENA' is present on page  using regular expression

2023-02-22 18:37:21 - [MESSAGE][PASSED] - Text 'TANDON RAVENA' is present on page  using regular expression

2023-02-22 18:37:21 - [TEST_STEP][PASSED] - verifyTextPresent("Address Line 1", true): Text 'Address Line 1' is present on page  using regular expression

2023-02-22 18:37:22 - [MESSAGE][PASSED] - Text 'Address Line 1' is present on page  using regular expression

2023-02-22 18:37:22 - [TEST_STEP][PASSED] - verifyTextPresent("Address Line 2", true): Text 'Address Line 2' is present on page  using regular expression

2023-02-22 18:37:22 - [MESSAGE][PASSED] - Text 'Address Line 2' is present on page  using regular expression

2023-02-22 18:37:22 - [TEST_STEP][PASSED] - verifyTextPresent("Country", true): Text 'Country' is present on page  using regular expression

2023-02-22 18:37:22 - [MESSAGE][PASSED] - Text 'Country' is present on page  using regular expression

2023-02-22 18:37:22 - [TEST_STEP][PASSED] - verifyTextPresent("City", true): Text 'City' is present on page  using regular expression

2023-02-22 18:37:23 - [MESSAGE][PASSED] - Text 'City' is present on page  using regular expression

2023-02-22 18:37:23 - [TEST_STEP][PASSED] - verifyTextPresent("State", true): Text 'State' is present on page  using regular expression

2023-02-22 18:37:23 - [MESSAGE][PASSED] - Text 'State' is present on page  using regular expression

2023-02-22 18:37:23 - [TEST_STEP][PASSED] - verifyTextPresent("ZIP Code", true): Text 'ZIP Code' is present on page  using regular expression

2023-02-22 18:37:23 - [MESSAGE][PASSED] - Text 'ZIP Code' is present on page  using regular expression

2023-02-22 18:37:23 - [TEST_STEP][PASSED] - verifyTextPresent("248 PhoolKaante road", true): Text '248 PhoolKaante road' is present on page  using regular expression

2023-02-22 18:37:24 - [MESSAGE][PASSED] - Text '248 PhoolKaante road' is present on page  using regular expression

2023-02-22 18:37:24 - [TEST_STEP][PASSED] - verifyTextPresent("Suite 678", true): Text 'Suite 678' is present on page  using regular expression

2023-02-22 18:37:24 - [MESSAGE][PASSED] - Text 'Suite 678' is present on page  using regular expression

2023-02-22 18:37:24 - [TEST_STEP][PASSED] - verifyTextPresent("United States", true): Text 'United States' is present on page  using regular expression

2023-02-22 18:37:24 - [MESSAGE][PASSED] - Text 'United States' is present on page  using regular expression

2023-02-22 18:37:24 - [TEST_STEP][PASSED] - verifyTextPresent("ARLINGTON", true): Text 'ARLINGTON' is present on page  using regular expression

2023-02-22 18:37:25 - [MESSAGE][PASSED] - Text 'ARLINGTON' is present on page  using regular expression

2023-02-22 18:37:25 - [TEST_STEP][PASSED] - verifyTextPresent("VA", true): Text 'VA' is present on page  using regular expression

2023-02-22 18:37:25 - [MESSAGE][PASSED] - Text 'VA' is present on page  using regular expression

2023-02-22 18:37:25 - [TEST_STEP][PASSED] - verifyTextPresent("22201", true): Text '22201' is present on page  using regular expression

2023-02-22 18:37:25 - [MESSAGE][PASSED] - Text '22201' is present on page  using regular expression

2023-02-22 18:37:25 - [TEST_STEP][PASSED] - cardTypeV = findTestData(dataFile).getValue("CardType", row): null

2023-02-22 18:37:25 - [TEST_STEP][PASSED] - last4V = findTestData(dataFile).getValue("Last4", row): null

2023-02-22 18:37:25 - [TEST_STEP][PASSED] - verifyTextPresent(cardTypeV, true): Text 'Visa' is present on page  using regular expression

2023-02-22 18:37:26 - [MESSAGE][PASSED] - Text 'Visa' is present on page  using regular expression

2023-02-22 18:37:26 - [TEST_STEP][PASSED] - verifyTextPresent(last4V, true): Text '5439' is present on page  using regular expression

2023-02-22 18:37:26 - [MESSAGE][PASSED] - Text '5439' is present on page  using regular expression

2023-02-22 18:37:26 - [TEST_STEP][PASSED] - switch (appName): null

2023-02-22 18:37:26 - [TEST_STEP][PASSED] - closeBrowser(): Browser is closed

2023-02-22 18:37:27 - [MESSAGE][PASSED] - Browser is closed

2023-02-22 18:37:27 - [TEST_STEP][PASSED] - ExecuteTC = findTestData(dataFile).getValue("Execute", row): null

2023-02-22 18:37:27 - [TEST_STEP][PASSED] - out.println("Value of Execute is : " + ExecuteTC): null

2023-02-22 18:37:27 - [TEST_STEP][PASSED] - switch (executionProfile): null

2023-02-22 18:37:27 - [TEST_STEP][PASSED] - case "QAProfile":: null

2023-02-22 18:37:27 - [TEST_STEP][PASSED] - appName = findTestData(dataFile).getValue("AppNameQA", row): null

2023-02-22 18:37:27 - [TEST_STEP][PASSED] - appID = findTestData(dataFile).getValue("AppIDQA", row): null

2023-02-22 18:37:27 - [TEST_STEP][PASSED] - break: null

2023-02-22 18:37:27 - [TEST_STEP][PASSED] - if (ExecuteTC.equalsIgnoreCase("Y")): null

2023-02-22 18:37:27 - [TEST_STEP][PASSED] - out.println("Begin Record Number: " + row): null

2023-02-22 18:37:27 - [TEST_STEP][PASSED] - today = new java.util.Date(): null

2023-02-22 18:37:27 - [TEST_STEP][PASSED] - println(today): null

2023-02-22 18:37:27 - [TEST_STEP][PASSED] - datText = today: null

2023-02-22 18:37:27 - [TEST_STEP][PASSED] - adminSuiteBootstrap.loginFunctionality.login_AdminSuite(): adminSuiteBootstrap.loginFunctionality.login_AdminSuite is PASSED

2023-02-22 18:37:27 - [MESSAGE][INFO] - Starting 'Chrome' driver

2023-02-22 18:37:27 - [MESSAGE][INFO] - User set preference: ['acceptInsecureCerts', 'true']

2023-02-22 18:37:27 - [MESSAGE][INFO] - Action delay is set to 0 milliseconds

2023-02-22 18:37:30 - [MESSAGE][PASSED] - Browser is opened with url: 'https://qa.velocitypayment.com/admin/imtiaz'

2023-02-22 18:37:30 - [MESSAGE][PASSED] - Current window maximized

2023-02-22 18:37:30 - [MESSAGE][PASSED] - Object 'Object Repository/Login_Page/Login_Username' is present

2023-02-22 18:37:31 - [MESSAGE][PASSED] - Text 'iahmed' is set on object 'Object Repository/Login_Page/Login_Username'

2023-02-22 18:37:31 - [MESSAGE][PASSED] - Text 'hello2222' is set on object 'Object Repository/Login_Page/Login_Password'

2023-02-22 18:37:35 - [MESSAGE][PASSED] - Object: 'Object Repository/Login_Page/Login_Submit' is clicked on

2023-02-22 18:37:35 - [MESSAGE][PASSED] - adminSuiteBootstrap.loginFunctionality.login_AdminSuite is PASSED

2023-02-22 18:37:35 - [TEST_STEP][PASSED] - click(findTestObject(path_Dashboard + appName)): Object: 'Object Repository/AdminSuiteBootstrap_Pages/Dashboard_Bootstrap/a_Access AutoNoCFtp' is clicked on

2023-02-22 18:37:36 - [MESSAGE][PASSED] - Object: 'Object Repository/AdminSuiteBootstrap_Pages/Dashboard_Bootstrap/a_Access AutoNoCFtp' is clicked on

2023-02-22 18:37:36 - [TEST_STEP][PASSED] - click(findTestObject(path_VT + "a_Find Profile")): Object: 'Object Repository/AdminSuiteBootstrap_Pages/VT_Bootstrap/IssueTransactions/a_Find Profile' is clicked on

2023-02-22 18:37:37 - [MESSAGE][PASSED] - Object: 'Object Repository/AdminSuiteBootstrap_Pages/VT_Bootstrap/IssueTransactions/a_Find Profile' is clicked on

2023-02-22 18:37:37 - [TEST_STEP][PASSED] - criteria = <not implemented yet for class: org.codehaus.groovy.ast.expr.EmptyExpression>: null

2023-02-22 18:37:37 - [TEST_STEP][PASSED] - searchBy = <not implemented yet for class: org.codehaus.groovy.ast.expr.EmptyExpression>: null

2023-02-22 18:37:37 - [TEST_STEP][PASSED] - criteria = findTestData(dataFile).getValue("ProfileName", row): null

2023-02-22 18:37:37 - [TEST_STEP][PASSED] - path_SearchProfile = "Object Repository/AdminSuiteBootstrap_Pages/VSP_Bootstrap/SearchProfile/": null

2023-02-22 18:37:37 - [TEST_STEP][PASSED] - setText(findTestObject(path_SearchProfile + "input_Criteria"), criteria): Text 'PaymentsMC' is set on object 'Object Repository/AdminSuiteBootstrap_Pages/VSP_Bootstrap/SearchProfile/input_Criteria'

2023-02-22 18:37:37 - [MESSAGE][PASSED] - Text 'PaymentsMC' is set on object 'Object Repository/AdminSuiteBootstrap_Pages/VSP_Bootstrap/SearchProfile/input_Criteria'

2023-02-22 18:37:37 - [TEST_STEP][PASSED] - click(findTestObject(path_SearchProfile + "button_Search")): Object: 'Object Repository/AdminSuiteBootstrap_Pages/VSP_Bootstrap/SearchProfile/button_Search' is clicked on

2023-02-22 18:37:38 - [MESSAGE][PASSED] - Object: 'Object Repository/AdminSuiteBootstrap_Pages/VSP_Bootstrap/SearchProfile/button_Search' is clicked on

2023-02-22 18:37:38 - [TEST_STEP][PASSED] - profNameLink = findTestData(dataFile).getValue("ProfileNameLink", row): null

2023-02-22 18:37:39 - [TEST_STEP][PASSED] - click(findTestObject(path_ViewProfile + profNameLink)): Object: 'Object Repository/AdminSuiteBootstrap_Pages/VSP_Bootstrap/View Profile/a_PaymentsMC' is clicked on

2023-02-22 18:37:40 - [MESSAGE][PASSED] - Object: 'Object Repository/AdminSuiteBootstrap_Pages/VSP_Bootstrap/View Profile/a_PaymentsMC' is clicked on

2023-02-22 18:37:40 - [TEST_STEP][PASSED] - click(findTestObject(path_ViewProfile + "a_AuthCap")): Object: 'Object Repository/AdminSuiteBootstrap_Pages/VSP_Bootstrap/View Profile/a_AuthCap' is clicked on

2023-02-22 18:37:41 - [MESSAGE][PASSED] - Object: 'Object Repository/AdminSuiteBootstrap_Pages/VSP_Bootstrap/View Profile/a_AuthCap' is clicked on

2023-02-22 18:37:41 - [TEST_STEP][PASSED] - verifyTextPresent("Credit Card Authorization Capture", true): Text 'Credit Card Authorization Capture' is present on page  using regular expression

2023-02-22 18:37:42 - [MESSAGE][PASSED] - Text 'Credit Card Authorization Capture' is present on page  using regular expression

2023-02-22 18:37:42 - [TEST_STEP][PASSED] - verifyTextPresent("Sale", true): Text 'Sale' is present on page  using regular expression

2023-02-22 18:37:42 - [MESSAGE][PASSED] - Text 'Sale' is present on page  using regular expression

2023-02-22 18:37:42 - [TEST_STEP][PASSED] - verifyTextPresent("Required fields are highlighted with an asterisk", true): Text 'Required fields are highlighted with an asterisk' is present on page  using regular expression

2023-02-22 18:37:43 - [MESSAGE][PASSED] - Text 'Required fields are highlighted with an asterisk' is present on page  using regular expression

2023-02-22 18:37:43 - [TEST_STEP][PASSED] - verifyTextPresent("Remittance ID", true): Text 'Remittance ID' is present on page  using regular expression

2023-02-22 18:37:43 - [MESSAGE][PASSED] - Text 'Remittance ID' is present on page  using regular expression

2023-02-22 18:37:43 - [TEST_STEP][PASSED] - vspBootstrap.SalePage.setDataSaleAndAuth(row, dataFile): vspBootstrap.SalePage.setDataSaleAndAuth is PASSED

2023-02-22 18:37:45 - [MESSAGE][PASSED] - All options with value 'RETL' are selected in object 'Object Repository/AdminSuiteBootstrap_Pages/VSP_Bootstrap/VSP_Authcap/select_TransactionCategory'  using regular expression

2023-02-22 18:37:45 - [MESSAGE][PASSED] - Text '123' is set on object 'Object Repository/AdminSuiteBootstrap_Pages/VSP_Bootstrap/VSP_Authcap/input_cvv'

2023-02-22 18:37:46 - [MESSAGE][PASSED] - Text '' is set on object 'Object Repository/AdminSuiteBootstrap_Pages/VSP_Bootstrap/VSP_Authcap/input_smsNumber'

2023-02-22 18:37:47 - [MESSAGE][PASSED] - Text '2.50' is set on object 'Object Repository/AdminSuiteBootstrap_Pages/VSP_Bootstrap/VSP_Authcap/input_amount'

2023-02-22 18:37:47 - [MESSAGE][PASSED] - Text 'Delhi' is set on object 'Object Repository/AdminSuiteBootstrap_Pages/VSP_Bootstrap/VSP_Authcap/input_userDefined1'

2023-02-22 18:37:48 - [MESSAGE][PASSED] - Text 'Chennai' is set on object 'Object Repository/AdminSuiteBootstrap_Pages/VSP_Bootstrap/VSP_Authcap/input_userDefined2'

2023-02-22 18:37:49 - [MESSAGE][PASSED] - Text 'Mumbai' is set on object 'Object Repository/AdminSuiteBootstrap_Pages/VSP_Bootstrap/VSP_Authcap/input_userDefined3'

2023-02-22 18:37:49 - [MESSAGE][PASSED] - Text 'Kanpur' is set on object 'Object Repository/AdminSuiteBootstrap_Pages/VSP_Bootstrap/VSP_Authcap/input_userDefined4'

2023-02-22 18:37:50 - [MESSAGE][PASSED] - All options with label 'Orange' are selected in object 'Object Repository/AdminSuiteBootstrap_Pages/VSP_Bootstrap/VSP_Authcap/select_UDF5'  using regular expression

2023-02-22 18:37:51 - [MESSAGE][PASSED] - All options with label 'Yellow' are selected in object 'Object Repository/AdminSuiteBootstrap_Pages/VSP_Bootstrap/VSP_Authcap/select_UDF6'  using regular expression

2023-02-22 18:37:52 - [MESSAGE][PASSED] - Text 'Kolkata' is set on object 'Object Repository/AdminSuiteBootstrap_Pages/VSP_Bootstrap/VSP_Authcap/input_userDefined7'

2023-02-22 18:37:53 - [MESSAGE][PASSED] - Text 'Pune' is set on object 'Object Repository/AdminSuiteBootstrap_Pages/VSP_Bootstrap/VSP_Authcap/input_userDefined8'

2023-02-22 18:37:53 - [MESSAGE][PASSED] - Text 'Bhavnagar' is set on object 'Object Repository/AdminSuiteBootstrap_Pages/VSP_Bootstrap/VSP_Authcap/input_userDefined9'

2023-02-22 18:37:54 - [MESSAGE][PASSED] - Text 'Noida' is set on object 'Object Repository/AdminSuiteBootstrap_Pages/VSP_Bootstrap/VSP_Authcap/input_userDefined10'

2023-02-22 18:37:56 - [MESSAGE][PASSED] - Object: 'Object Repository/AdminSuiteBootstrap_Pages/VSP_Bootstrap/VSP_Authcap/button_Submit' is clicked on

2023-02-22 18:37:56 - [MESSAGE][PASSED] - vspBootstrap.SalePage.setDataSaleAndAuth is PASSED

2023-02-22 18:37:56 - [TEST_STEP][PASSED] - verifyTextPresent("Transaction Successful", true): Text 'Transaction Successful' is present on page  using regular expression

2023-02-22 18:37:56 - [MESSAGE][PASSED] - Text 'Transaction Successful' is present on page  using regular expression

2023-02-22 18:37:56 - [TEST_STEP][PASSED] - verifyElementVisible(findTestObject("Object Repository/AdminSuiteBootstrap_Pages/VT_Bootstrap/Receipt/button_Continue")): Object 'Object Repository/AdminSuiteBootstrap_Pages/VT_Bootstrap/Receipt/button_Continue' is visible

2023-02-22 18:37:57 - [MESSAGE][PASSED] - Object 'Object Repository/AdminSuiteBootstrap_Pages/VT_Bootstrap/Receipt/button_Continue' is visible

2023-02-22 18:37:57 - [TEST_STEP][PASSED] - verifyElementPresent(findTestObject("Object Repository/AdminSuiteBootstrap_Pages/VT_Bootstrap/Receipt/button_Continue"), 20): Object 'Object Repository/AdminSuiteBootstrap_Pages/VT_Bootstrap/Receipt/button_Continue' is present

2023-02-22 18:37:57 - [MESSAGE][PASSED] - Object 'Object Repository/AdminSuiteBootstrap_Pages/VT_Bootstrap/Receipt/button_Continue' is present

2023-02-22 18:37:57 - [TEST_STEP][PASSED] - verifyElementVisible(findTestObject("Object Repository/AdminSuiteBootstrap_Pages/VT_Bootstrap/Receipt/button_Print")): Object 'Object Repository/AdminSuiteBootstrap_Pages/VT_Bootstrap/Receipt/button_Print' is visible

2023-02-22 18:37:58 - [MESSAGE][PASSED] - Object 'Object Repository/AdminSuiteBootstrap_Pages/VT_Bootstrap/Receipt/button_Print' is visible

2023-02-22 18:37:58 - [TEST_STEP][PASSED] - verifyElementPresent(findTestObject("Object Repository/AdminSuiteBootstrap_Pages/VT_Bootstrap/Receipt/button_Print"), 20): Object 'Object Repository/AdminSuiteBootstrap_Pages/VT_Bootstrap/Receipt/button_Print' is present

2023-02-22 18:37:58 - [MESSAGE][PASSED] - Object 'Object Repository/AdminSuiteBootstrap_Pages/VT_Bootstrap/Receipt/button_Print' is present

2023-02-22 18:37:58 - [TEST_STEP][PASSED] - verifyTextPresent("Remittance ID", true): Text 'Remittance ID' is present on page  using regular expression

2023-02-22 18:37:58 - [MESSAGE][PASSED] - Text 'Remittance ID' is present on page  using regular expression

2023-02-22 18:37:58 - [TEST_STEP][PASSED] - verifyTextPresent("Received", true): Text 'Received' is present on page  using regular expression

2023-02-22 18:37:59 - [MESSAGE][PASSED] - Text 'Received' is present on page  using regular expression

2023-02-22 18:37:59 - [TEST_STEP][PASSED] - verifyTextPresent("UDF1", true): Text 'UDF1' is present on page  using regular expression

2023-02-22 18:37:59 - [MESSAGE][PASSED] - Text 'UDF1' is present on page  using regular expression

2023-02-22 18:37:59 - [TEST_STEP][PASSED] - verifyTextPresent("UDF2", true): Text 'UDF2' is present on page  using regular expression

2023-02-22 18:37:59 - [MESSAGE][PASSED] - Text 'UDF2' is present on page  using regular expression

2023-02-22 18:37:59 - [TEST_STEP][PASSED] - verifyTextPresent("UDF3", true): Text 'UDF3' is present on page  using regular expression

2023-02-22 18:38:00 - [MESSAGE][PASSED] - Text 'UDF3' is present on page  using regular expression

2023-02-22 18:38:00 - [TEST_STEP][PASSED] - verifyTextPresent("UDF4", true): Text 'UDF4' is present on page  using regular expression

2023-02-22 18:38:00 - [MESSAGE][PASSED] - Text 'UDF4' is present on page  using regular expression

2023-02-22 18:38:00 - [TEST_STEP][PASSED] - verifyTextPresent("UDF5", true): Text 'UDF5' is present on page  using regular expression

2023-02-22 18:38:00 - [MESSAGE][PASSED] - Text 'UDF5' is present on page  using regular expression

2023-02-22 18:38:00 - [TEST_STEP][PASSED] - verifyTextPresent("UDF6", true): Text 'UDF6' is present on page  using regular expression

2023-02-22 18:38:01 - [MESSAGE][PASSED] - Text 'UDF6' is present on page  using regular expression

2023-02-22 18:38:01 - [TEST_STEP][PASSED] - verifyTextPresent("UDF7", true): Text 'UDF7' is present on page  using regular expression

2023-02-22 18:38:01 - [MESSAGE][PASSED] - Text 'UDF7' is present on page  using regular expression

2023-02-22 18:38:01 - [TEST_STEP][PASSED] - verifyTextPresent("UDF8", true): Text 'UDF8' is present on page  using regular expression

2023-02-22 18:38:01 - [MESSAGE][PASSED] - Text 'UDF8' is present on page  using regular expression

2023-02-22 18:38:01 - [TEST_STEP][PASSED] - verifyTextPresent("UDF9", true): Text 'UDF9' is present on page  using regular expression

2023-02-22 18:38:02 - [MESSAGE][PASSED] - Text 'UDF9' is present on page  using regular expression

2023-02-22 18:38:02 - [TEST_STEP][PASSED] - verifyTextPresent("UDF 10", true): Text 'UDF 10' is present on page  using regular expression

2023-02-22 18:38:02 - [MESSAGE][PASSED] - Text 'UDF 10' is present on page  using regular expression

2023-02-22 18:38:02 - [TEST_STEP][PASSED] - verifyTextPresent("Delhi", true): Text 'Delhi' is present on page  using regular expression

2023-02-22 18:38:02 - [MESSAGE][PASSED] - Text 'Delhi' is present on page  using regular expression

2023-02-22 18:38:02 - [TEST_STEP][PASSED] - verifyTextPresent("Chennai", true): Text 'Chennai' is present on page  using regular expression

2023-02-22 18:38:03 - [MESSAGE][PASSED] - Text 'Chennai' is present on page  using regular expression

2023-02-22 18:38:03 - [TEST_STEP][PASSED] - verifyTextPresent("Mumbai", true): Text 'Mumbai' is present on page  using regular expression

2023-02-22 18:38:03 - [MESSAGE][PASSED] - Text 'Mumbai' is present on page  using regular expression

2023-02-22 18:38:03 - [TEST_STEP][PASSED] - verifyTextPresent("Kanpur", true): Text 'Kanpur' is present on page  using regular expression

2023-02-22 18:38:03 - [MESSAGE][PASSED] - Text 'Kanpur' is present on page  using regular expression

2023-02-22 18:38:03 - [TEST_STEP][PASSED] - verifyTextPresent("Orange Recorded", true): Text 'Orange Recorded' is present on page  using regular expression

2023-02-22 18:38:04 - [MESSAGE][PASSED] - Text 'Orange Recorded' is present on page  using regular expression

2023-02-22 18:38:04 - [TEST_STEP][PASSED] - verifyTextPresent("Yellow Recorded", true): Text 'Yellow Recorded' is present on page  using regular expression

2023-02-22 18:38:04 - [MESSAGE][PASSED] - Text 'Yellow Recorded' is present on page  using regular expression

2023-02-22 18:38:04 - [TEST_STEP][PASSED] - verifyTextPresent("Kolkata", true): Text 'Kolkata' is present on page  using regular expression

2023-02-22 18:38:04 - [MESSAGE][PASSED] - Text 'Kolkata' is present on page  using regular expression

2023-02-22 18:38:04 - [TEST_STEP][PASSED] - verifyTextPresent("Pune", true): Text 'Pune' is present on page  using regular expression

2023-02-22 18:38:05 - [MESSAGE][PASSED] - Text 'Pune' is present on page  using regular expression

2023-02-22 18:38:05 - [TEST_STEP][PASSED] - verifyTextPresent("Bhavnagar", true): Text 'Bhavnagar' is present on page  using regular expression

2023-02-22 18:38:05 - [MESSAGE][PASSED] - Text 'Bhavnagar' is present on page  using regular expression

2023-02-22 18:38:05 - [TEST_STEP][PASSED] - verifyTextPresent("Noida", true): Text 'Noida' is present on page  using regular expression

2023-02-22 18:38:05 - [MESSAGE][PASSED] - Text 'Noida' is present on page  using regular expression

2023-02-22 18:38:05 - [TEST_STEP][PASSED] - verifyTextPresent("Amount", true): Text 'Amount' is present on page  using regular expression

2023-02-22 18:38:06 - [MESSAGE][PASSED] - Text 'Amount' is present on page  using regular expression

2023-02-22 18:38:06 - [TEST_STEP][PASSED] - verifyTextPresent("2.50", true): Text '2.50' is present on page  using regular expression

2023-02-22 18:38:06 - [MESSAGE][PASSED] - Text '2.50' is present on page  using regular expression

2023-02-22 18:38:06 - [TEST_STEP][PASSED] - verifyTextPresent("Authorization and Capture", true): Text 'Authorization and Capture' is present on page  using regular expression

2023-02-22 18:38:06 - [MESSAGE][PASSED] - Text 'Authorization and Capture' is present on page  using regular expression

2023-02-22 18:38:06 - [TEST_STEP][PASSED] - verifyTextPresent("Card Information", true): Text 'Card Information' is present on page  using regular expression

2023-02-22 18:38:07 - [MESSAGE][PASSED] - Text 'Card Information' is present on page  using regular expression

2023-02-22 18:38:07 - [TEST_STEP][PASSED] - verifyTextPresent("TANDON RAVENA", true): Text 'TANDON RAVENA' is present on page  using regular expression

2023-02-22 18:38:07 - [MESSAGE][PASSED] - Text 'TANDON RAVENA' is present on page  using regular expression

2023-02-22 18:38:07 - [TEST_STEP][PASSED] - verifyTextPresent("Address Line 1", true): Text 'Address Line 1' is present on page  using regular expression

2023-02-22 18:38:07 - [MESSAGE][PASSED] - Text 'Address Line 1' is present on page  using regular expression

2023-02-22 18:38:07 - [TEST_STEP][PASSED] - verifyTextPresent("Address Line 2", true): Text 'Address Line 2' is present on page  using regular expression

2023-02-22 18:38:08 - [MESSAGE][PASSED] - Text 'Address Line 2' is present on page  using regular expression

2023-02-22 18:38:08 - [TEST_STEP][PASSED] - verifyTextPresent("Country", true): Text 'Country' is present on page  using regular expression

2023-02-22 18:38:08 - [MESSAGE][PASSED] - Text 'Country' is present on page  using regular expression

2023-02-22 18:38:08 - [TEST_STEP][PASSED] - verifyTextPresent("City", true): Text 'City' is present on page  using regular expression

2023-02-22 18:38:08 - [MESSAGE][PASSED] - Text 'City' is present on page  using regular expression

2023-02-22 18:38:08 - [TEST_STEP][PASSED] - verifyTextPresent("State", true): Text 'State' is present on page  using regular expression

2023-02-22 18:38:09 - [MESSAGE][PASSED] - Text 'State' is present on page  using regular expression

2023-02-22 18:38:09 - [TEST_STEP][PASSED] - verifyTextPresent("ZIP Code", true): Text 'ZIP Code' is present on page  using regular expression

2023-02-22 18:38:09 - [MESSAGE][PASSED] - Text 'ZIP Code' is present on page  using regular expression

2023-02-22 18:38:09 - [TEST_STEP][PASSED] - verifyTextPresent("248 PhoolKaante road", true): Text '248 PhoolKaante road' is present on page  using regular expression

2023-02-22 18:38:09 - [MESSAGE][PASSED] - Text '248 PhoolKaante road' is present on page  using regular expression

2023-02-22 18:38:09 - [TEST_STEP][PASSED] - verifyTextPresent("Suite 678", true): Text 'Suite 678' is present on page  using regular expression

2023-02-22 18:38:10 - [MESSAGE][PASSED] - Text 'Suite 678' is present on page  using regular expression

2023-02-22 18:38:10 - [TEST_STEP][PASSED] - verifyTextPresent("United States", true): Text 'United States' is present on page  using regular expression

2023-02-22 18:38:10 - [MESSAGE][PASSED] - Text 'United States' is present on page  using regular expression

2023-02-22 18:38:10 - [TEST_STEP][PASSED] - verifyTextPresent("ARLINGTON", true): Text 'ARLINGTON' is present on page  using regular expression

2023-02-22 18:38:10 - [MESSAGE][PASSED] - Text 'ARLINGTON' is present on page  using regular expression

2023-02-22 18:38:10 - [TEST_STEP][PASSED] - verifyTextPresent("VA", true): Text 'VA' is present on page  using regular expression

2023-02-22 18:38:10 - [MESSAGE][PASSED] - Text 'VA' is present on page  using regular expression

2023-02-22 18:38:10 - [TEST_STEP][PASSED] - verifyTextPresent("22201", true): Text '22201' is present on page  using regular expression

2023-02-22 18:38:11 - [MESSAGE][PASSED] - Text '22201' is present on page  using regular expression

2023-02-22 18:38:11 - [TEST_STEP][PASSED] - cardTypeV = findTestData(dataFile).getValue("CardType", row): null

2023-02-22 18:38:11 - [TEST_STEP][PASSED] - last4V = findTestData(dataFile).getValue("Last4", row): null

2023-02-22 18:38:11 - [TEST_STEP][PASSED] - verifyTextPresent(cardTypeV, true): Text 'MasterCard' is present on page  using regular expression

2023-02-22 18:38:11 - [MESSAGE][PASSED] - Text 'MasterCard' is present on page  using regular expression

2023-02-22 18:38:11 - [TEST_STEP][PASSED] - verifyTextPresent(last4V, true): Text '0035' is present on page  using regular expression

2023-02-22 18:38:12 - [MESSAGE][PASSED] - Text '0035' is present on page  using regular expression

2023-02-22 18:38:12 - [TEST_STEP][PASSED] - switch (appName): null

2023-02-22 18:38:12 - [TEST_STEP][PASSED] - closeBrowser(): Browser is closed

2023-02-22 18:38:12 - [MESSAGE][PASSED] - Browser is closed

2023-02-22 18:38:12 - [TEST_STEP][PASSED] - ExecuteTC = findTestData(dataFile).getValue("Execute", row): null

2023-02-22 18:38:12 - [TEST_STEP][PASSED] - out.println("Value of Execute is : " + ExecuteTC): null

2023-02-22 18:38:12 - [TEST_STEP][PASSED] - switch (executionProfile): null

2023-02-22 18:38:12 - [TEST_STEP][PASSED] - case "QAProfile":: null

2023-02-22 18:38:12 - [TEST_STEP][PASSED] - appName = findTestData(dataFile).getValue("AppNameQA", row): null

2023-02-22 18:38:12 - [TEST_STEP][PASSED] - appID = findTestData(dataFile).getValue("AppIDQA", row): null

2023-02-22 18:38:13 - [TEST_STEP][PASSED] - break: null

2023-02-22 18:38:13 - [TEST_STEP][PASSED] - if (ExecuteTC.equalsIgnoreCase("Y")): null

2023-02-22 18:38:13 - [TEST_STEP][PASSED] - out.println("Begin Record Number: " + row): null

2023-02-22 18:38:13 - [TEST_STEP][PASSED] - today = new java.util.Date(): null

2023-02-22 18:38:13 - [TEST_STEP][PASSED] - println(today): null

2023-02-22 18:38:13 - [TEST_STEP][PASSED] - datText = today: null

2023-02-22 18:38:13 - [TEST_STEP][PASSED] - adminSuiteBootstrap.loginFunctionality.login_AdminSuite(): adminSuiteBootstrap.loginFunctionality.login_AdminSuite is PASSED

2023-02-22 18:38:13 - [MESSAGE][INFO] - Starting 'Chrome' driver

2023-02-22 18:38:13 - [MESSAGE][INFO] - User set preference: ['acceptInsecureCerts', 'true']

2023-02-22 18:38:13 - [MESSAGE][INFO] - Action delay is set to 0 milliseconds

2023-02-22 18:38:15 - [MESSAGE][PASSED] - Browser is opened with url: 'https://qa.velocitypayment.com/admin/imtiaz'

2023-02-22 18:38:15 - [MESSAGE][PASSED] - Current window maximized

2023-02-22 18:38:15 - [MESSAGE][PASSED] - Object 'Object Repository/Login_Page/Login_Username' is present

2023-02-22 18:38:16 - [MESSAGE][PASSED] - Text 'iahmed' is set on object 'Object Repository/Login_Page/Login_Username'

2023-02-22 18:38:17 - [MESSAGE][PASSED] - Text 'hello2222' is set on object 'Object Repository/Login_Page/Login_Password'

2023-02-22 18:38:20 - [MESSAGE][PASSED] - Object: 'Object Repository/Login_Page/Login_Submit' is clicked on

2023-02-22 18:38:20 - [MESSAGE][PASSED] - adminSuiteBootstrap.loginFunctionality.login_AdminSuite is PASSED

2023-02-22 18:38:20 - [TEST_STEP][PASSED] - click(findTestObject(path_Dashboard + appName)): Object: 'Object Repository/AdminSuiteBootstrap_Pages/Dashboard_Bootstrap/a_Access AutoNoCFtp' is clicked on

2023-02-22 18:38:21 - [MESSAGE][PASSED] - Object: 'Object Repository/AdminSuiteBootstrap_Pages/Dashboard_Bootstrap/a_Access AutoNoCFtp' is clicked on

2023-02-22 18:38:21 - [TEST_STEP][PASSED] - click(findTestObject(path_VT + "a_Find Profile")): Object: 'Object Repository/AdminSuiteBootstrap_Pages/VT_Bootstrap/IssueTransactions/a_Find Profile' is clicked on

2023-02-22 18:38:21 - [MESSAGE][PASSED] - Object: 'Object Repository/AdminSuiteBootstrap_Pages/VT_Bootstrap/IssueTransactions/a_Find Profile' is clicked on

2023-02-22 18:38:21 - [TEST_STEP][PASSED] - criteria = <not implemented yet for class: org.codehaus.groovy.ast.expr.EmptyExpression>: null

2023-02-22 18:38:21 - [TEST_STEP][PASSED] - searchBy = <not implemented yet for class: org.codehaus.groovy.ast.expr.EmptyExpression>: null

2023-02-22 18:38:21 - [TEST_STEP][PASSED] - criteria = findTestData(dataFile).getValue("ProfileName", row): null

2023-02-22 18:38:21 - [TEST_STEP][PASSED] - path_SearchProfile = "Object Repository/AdminSuiteBootstrap_Pages/VSP_Bootstrap/SearchProfile/": null

2023-02-22 18:38:21 - [TEST_STEP][PASSED] - setText(findTestObject(path_SearchProfile + "input_Criteria"), criteria): Text 'PaymentsAmEx' is set on object 'Object Repository/AdminSuiteBootstrap_Pages/VSP_Bootstrap/SearchProfile/input_Criteria'

2023-02-22 18:38:22 - [MESSAGE][PASSED] - Text 'PaymentsAmEx' is set on object 'Object Repository/AdminSuiteBootstrap_Pages/VSP_Bootstrap/SearchProfile/input_Criteria'

2023-02-22 18:38:22 - [TEST_STEP][PASSED] - click(findTestObject(path_SearchProfile + "button_Search")): Object: 'Object Repository/AdminSuiteBootstrap_Pages/VSP_Bootstrap/SearchProfile/button_Search' is clicked on

2023-02-22 18:38:23 - [MESSAGE][PASSED] - Object: 'Object Repository/AdminSuiteBootstrap_Pages/VSP_Bootstrap/SearchProfile/button_Search' is clicked on

2023-02-22 18:38:23 - [TEST_STEP][PASSED] - profNameLink = findTestData(dataFile).getValue("ProfileNameLink", row): null

2023-02-22 18:38:23 - [TEST_STEP][PASSED] - click(findTestObject(path_ViewProfile + profNameLink)): Object: 'Object Repository/AdminSuiteBootstrap_Pages/VSP_Bootstrap/View Profile/a_PaymentsAmEx' is clicked on

2023-02-22 18:38:24 - [MESSAGE][PASSED] - Object: 'Object Repository/AdminSuiteBootstrap_Pages/VSP_Bootstrap/View Profile/a_PaymentsAmEx' is clicked on

2023-02-22 18:38:24 - [TEST_STEP][PASSED] - click(findTestObject(path_ViewProfile + "a_AuthCap")): Object: 'Object Repository/AdminSuiteBootstrap_Pages/VSP_Bootstrap/View Profile/a_AuthCap' is clicked on

2023-02-22 18:38:25 - [MESSAGE][PASSED] - Object: 'Object Repository/AdminSuiteBootstrap_Pages/VSP_Bootstrap/View Profile/a_AuthCap' is clicked on

2023-02-22 18:38:25 - [TEST_STEP][PASSED] - verifyTextPresent("Credit Card Authorization Capture", true): Text 'Credit Card Authorization Capture' is present on page  using regular expression

2023-02-22 18:38:26 - [MESSAGE][PASSED] - Text 'Credit Card Authorization Capture' is present on page  using regular expression

2023-02-22 18:38:26 - [TEST_STEP][PASSED] - verifyTextPresent("Sale", true): Text 'Sale' is present on page  using regular expression

2023-02-22 18:38:27 - [MESSAGE][PASSED] - Text 'Sale' is present on page  using regular expression

2023-02-22 18:38:27 - [TEST_STEP][PASSED] - verifyTextPresent("Required fields are highlighted with an asterisk", true): Text 'Required fields are highlighted with an asterisk' is present on page  using regular expression

2023-02-22 18:38:27 - [MESSAGE][PASSED] - Text 'Required fields are highlighted with an asterisk' is present on page  using regular expression

2023-02-22 18:38:27 - [TEST_STEP][PASSED] - verifyTextPresent("Remittance ID", true): Text 'Remittance ID' is present on page  using regular expression

2023-02-22 18:38:27 - [MESSAGE][PASSED] - Text 'Remittance ID' is present on page  using regular expression

2023-02-22 18:38:27 - [TEST_STEP][PASSED] - vspBootstrap.SalePage.setDataSaleAndAuth(row, dataFile): vspBootstrap.SalePage.setDataSaleAndAuth is PASSED

2023-02-22 18:38:29 - [MESSAGE][PASSED] - All options with value 'RETL' are selected in object 'Object Repository/AdminSuiteBootstrap_Pages/VSP_Bootstrap/VSP_Authcap/select_TransactionCategory'  using regular expression

2023-02-22 18:38:29 - [MESSAGE][PASSED] - Text '1234' is set on object 'Object Repository/AdminSuiteBootstrap_Pages/VSP_Bootstrap/VSP_Authcap/input_cvv'

2023-02-22 18:38:30 - [MESSAGE][PASSED] - Text '' is set on object 'Object Repository/AdminSuiteBootstrap_Pages/VSP_Bootstrap/VSP_Authcap/input_smsNumber'

2023-02-22 18:38:31 - [MESSAGE][PASSED] - Text '2.50' is set on object 'Object Repository/AdminSuiteBootstrap_Pages/VSP_Bootstrap/VSP_Authcap/input_amount'

2023-02-22 18:38:31 - [MESSAGE][PASSED] - Text 'Delhi' is set on object 'Object Repository/AdminSuiteBootstrap_Pages/VSP_Bootstrap/VSP_Authcap/input_userDefined1'

2023-02-22 18:38:32 - [MESSAGE][PASSED] - Text 'Chennai' is set on object 'Object Repository/AdminSuiteBootstrap_Pages/VSP_Bootstrap/VSP_Authcap/input_userDefined2'

2023-02-22 18:38:33 - [MESSAGE][PASSED] - Text 'Mumbai' is set on object 'Object Repository/AdminSuiteBootstrap_Pages/VSP_Bootstrap/VSP_Authcap/input_userDefined3'

2023-02-22 18:38:33 - [MESSAGE][PASSED] - Text 'Kanpur' is set on object 'Object Repository/AdminSuiteBootstrap_Pages/VSP_Bootstrap/VSP_Authcap/input_userDefined4'

2023-02-22 18:38:34 - [MESSAGE][PASSED] - All options with label 'Orange' are selected in object 'Object Repository/AdminSuiteBootstrap_Pages/VSP_Bootstrap/VSP_Authcap/select_UDF5'  using regular expression

2023-02-22 18:38:35 - [MESSAGE][PASSED] - All options with label 'Yellow' are selected in object 'Object Repository/AdminSuiteBootstrap_Pages/VSP_Bootstrap/VSP_Authcap/select_UDF6'  using regular expression

2023-02-22 18:38:36 - [MESSAGE][PASSED] - Text 'Kolkata' is set on object 'Object Repository/AdminSuiteBootstrap_Pages/VSP_Bootstrap/VSP_Authcap/input_userDefined7'

2023-02-22 18:38:37 - [MESSAGE][PASSED] - Text 'Pune' is set on object 'Object Repository/AdminSuiteBootstrap_Pages/VSP_Bootstrap/VSP_Authcap/input_userDefined8'

2023-02-22 18:38:37 - [MESSAGE][PASSED] - Text 'Bhavnagar' is set on object 'Object Repository/AdminSuiteBootstrap_Pages/VSP_Bootstrap/VSP_Authcap/input_userDefined9'

2023-02-22 18:38:38 - [MESSAGE][PASSED] - Text 'Noida' is set on object 'Object Repository/AdminSuiteBootstrap_Pages/VSP_Bootstrap/VSP_Authcap/input_userDefined10'

2023-02-22 18:38:40 - [MESSAGE][PASSED] - Object: 'Object Repository/AdminSuiteBootstrap_Pages/VSP_Bootstrap/VSP_Authcap/button_Submit' is clicked on

2023-02-22 18:38:40 - [MESSAGE][PASSED] - vspBootstrap.SalePage.setDataSaleAndAuth is PASSED

2023-02-22 18:38:40 - [TEST_STEP][PASSED] - verifyTextPresent("Transaction Successful", true): Text 'Transaction Successful' is present on page  using regular expression

2023-02-22 18:38:41 - [MESSAGE][PASSED] - Text 'Transaction Successful' is present on page  using regular expression

2023-02-22 18:38:41 - [TEST_STEP][PASSED] - verifyElementVisible(findTestObject("Object Repository/AdminSuiteBootstrap_Pages/VT_Bootstrap/Receipt/button_Continue")): Object 'Object Repository/AdminSuiteBootstrap_Pages/VT_Bootstrap/Receipt/button_Continue' is visible

2023-02-22 18:38:41 - [MESSAGE][PASSED] - Object 'Object Repository/AdminSuiteBootstrap_Pages/VT_Bootstrap/Receipt/button_Continue' is visible

2023-02-22 18:38:41 - [TEST_STEP][PASSED] - verifyElementPresent(findTestObject("Object Repository/AdminSuiteBootstrap_Pages/VT_Bootstrap/Receipt/button_Continue"), 20): Object 'Object Repository/AdminSuiteBootstrap_Pages/VT_Bootstrap/Receipt/button_Continue' is present

2023-02-22 18:38:41 - [MESSAGE][PASSED] - Object 'Object Repository/AdminSuiteBootstrap_Pages/VT_Bootstrap/Receipt/button_Continue' is present

2023-02-22 18:38:41 - [TEST_STEP][PASSED] - verifyElementVisible(findTestObject("Object Repository/AdminSuiteBootstrap_Pages/VT_Bootstrap/Receipt/button_Print")): Object 'Object Repository/AdminSuiteBootstrap_Pages/VT_Bootstrap/Receipt/button_Print' is visible

2023-02-22 18:38:42 - [MESSAGE][PASSED] - Object 'Object Repository/AdminSuiteBootstrap_Pages/VT_Bootstrap/Receipt/button_Print' is visible

2023-02-22 18:38:42 - [TEST_STEP][PASSED] - verifyElementPresent(findTestObject("Object Repository/AdminSuiteBootstrap_Pages/VT_Bootstrap/Receipt/button_Print"), 20): Object 'Object Repository/AdminSuiteBootstrap_Pages/VT_Bootstrap/Receipt/button_Print' is present

2023-02-22 18:38:42 - [MESSAGE][PASSED] - Object 'Object Repository/AdminSuiteBootstrap_Pages/VT_Bootstrap/Receipt/button_Print' is present

2023-02-22 18:38:42 - [TEST_STEP][PASSED] - verifyTextPresent("Remittance ID", true): Text 'Remittance ID' is present on page  using regular expression

2023-02-22 18:38:42 - [MESSAGE][PASSED] - Text 'Remittance ID' is present on page  using regular expression

2023-02-22 18:38:42 - [TEST_STEP][PASSED] - verifyTextPresent("Received", true): Text 'Received' is present on page  using regular expression

2023-02-22 18:38:43 - [MESSAGE][PASSED] - Text 'Received' is present on page  using regular expression

2023-02-22 18:38:43 - [TEST_STEP][PASSED] - verifyTextPresent("UDF1", true): Text 'UDF1' is present on page  using regular expression

2023-02-22 18:38:43 - [MESSAGE][PASSED] - Text 'UDF1' is present on page  using regular expression

2023-02-22 18:38:43 - [TEST_STEP][PASSED] - verifyTextPresent("UDF2", true): Text 'UDF2' is present on page  using regular expression

2023-02-22 18:38:43 - [MESSAGE][PASSED] - Text 'UDF2' is present on page  using regular expression

2023-02-22 18:38:43 - [TEST_STEP][PASSED] - verifyTextPresent("UDF3", true): Text 'UDF3' is present on page  using regular expression

2023-02-22 18:38:44 - [MESSAGE][PASSED] - Text 'UDF3' is present on page  using regular expression

2023-02-22 18:38:44 - [TEST_STEP][PASSED] - verifyTextPresent("UDF4", true): Text 'UDF4' is present on page  using regular expression

2023-02-22 18:38:44 - [MESSAGE][PASSED] - Text 'UDF4' is present on page  using regular expression

2023-02-22 18:38:44 - [TEST_STEP][PASSED] - verifyTextPresent("UDF5", true): Text 'UDF5' is present on page  using regular expression

2023-02-22 18:38:44 - [MESSAGE][PASSED] - Text 'UDF5' is present on page  using regular expression

2023-02-22 18:38:44 - [TEST_STEP][PASSED] - verifyTextPresent("UDF6", true): Text 'UDF6' is present on page  using regular expression

2023-02-22 18:38:45 - [MESSAGE][PASSED] - Text 'UDF6' is present on page  using regular expression

2023-02-22 18:38:45 - [TEST_STEP][PASSED] - verifyTextPresent("UDF7", true): Text 'UDF7' is present on page  using regular expression

2023-02-22 18:38:45 - [MESSAGE][PASSED] - Text 'UDF7' is present on page  using regular expression

2023-02-22 18:38:45 - [TEST_STEP][PASSED] - verifyTextPresent("UDF8", true): Text 'UDF8' is present on page  using regular expression

2023-02-22 18:38:45 - [MESSAGE][PASSED] - Text 'UDF8' is present on page  using regular expression

2023-02-22 18:38:45 - [TEST_STEP][PASSED] - verifyTextPresent("UDF9", true): Text 'UDF9' is present on page  using regular expression

2023-02-22 18:38:46 - [MESSAGE][PASSED] - Text 'UDF9' is present on page  using regular expression

2023-02-22 18:38:46 - [TEST_STEP][PASSED] - verifyTextPresent("UDF 10", true): Text 'UDF 10' is present on page  using regular expression

2023-02-22 18:38:46 - [MESSAGE][PASSED] - Text 'UDF 10' is present on page  using regular expression

2023-02-22 18:38:46 - [TEST_STEP][PASSED] - verifyTextPresent("Delhi", true): Text 'Delhi' is present on page  using regular expression

2023-02-22 18:38:46 - [MESSAGE][PASSED] - Text 'Delhi' is present on page  using regular expression

2023-02-22 18:38:46 - [TEST_STEP][PASSED] - verifyTextPresent("Chennai", true): Text 'Chennai' is present on page  using regular expression

2023-02-22 18:38:47 - [MESSAGE][PASSED] - Text 'Chennai' is present on page  using regular expression

2023-02-22 18:38:47 - [TEST_STEP][PASSED] - verifyTextPresent("Mumbai", true): Text 'Mumbai' is present on page  using regular expression

2023-02-22 18:38:47 - [MESSAGE][PASSED] - Text 'Mumbai' is present on page  using regular expression

2023-02-22 18:38:47 - [TEST_STEP][PASSED] - verifyTextPresent("Kanpur", true): Text 'Kanpur' is present on page  using regular expression

2023-02-22 18:38:47 - [MESSAGE][PASSED] - Text 'Kanpur' is present on page  using regular expression

2023-02-22 18:38:47 - [TEST_STEP][PASSED] - verifyTextPresent("Orange Recorded", true): Text 'Orange Recorded' is present on page  using regular expression

2023-02-22 18:38:48 - [MESSAGE][PASSED] - Text 'Orange Recorded' is present on page  using regular expression

2023-02-22 18:38:48 - [TEST_STEP][PASSED] - verifyTextPresent("Yellow Recorded", true): Text 'Yellow Recorded' is present on page  using regular expression

2023-02-22 18:38:48 - [MESSAGE][PASSED] - Text 'Yellow Recorded' is present on page  using regular expression

2023-02-22 18:38:48 - [TEST_STEP][PASSED] - verifyTextPresent("Kolkata", true): Text 'Kolkata' is present on page  using regular expression

2023-02-22 18:38:48 - [MESSAGE][PASSED] - Text 'Kolkata' is present on page  using regular expression

2023-02-22 18:38:48 - [TEST_STEP][PASSED] - verifyTextPresent("Pune", true): Text 'Pune' is present on page  using regular expression

2023-02-22 18:38:49 - [MESSAGE][PASSED] - Text 'Pune' is present on page  using regular expression

2023-02-22 18:38:49 - [TEST_STEP][PASSED] - verifyTextPresent("Bhavnagar", true): Text 'Bhavnagar' is present on page  using regular expression

2023-02-22 18:38:49 - [MESSAGE][PASSED] - Text 'Bhavnagar' is present on page  using regular expression

2023-02-22 18:38:49 - [TEST_STEP][PASSED] - verifyTextPresent("Noida", true): Text 'Noida' is present on page  using regular expression

2023-02-22 18:38:49 - [MESSAGE][PASSED] - Text 'Noida' is present on page  using regular expression

2023-02-22 18:38:49 - [TEST_STEP][PASSED] - verifyTextPresent("Amount", true): Text 'Amount' is present on page  using regular expression

2023-02-22 18:38:49 - [MESSAGE][PASSED] - Text 'Amount' is present on page  using regular expression

2023-02-22 18:38:49 - [TEST_STEP][PASSED] - verifyTextPresent("2.50", true): Text '2.50' is present on page  using regular expression

2023-02-22 18:38:50 - [MESSAGE][PASSED] - Text '2.50' is present on page  using regular expression

2023-02-22 18:38:50 - [TEST_STEP][PASSED] - verifyTextPresent("Authorization and Capture", true): Text 'Authorization and Capture' is present on page  using regular expression

2023-02-22 18:38:50 - [MESSAGE][PASSED] - Text 'Authorization and Capture' is present on page  using regular expression

2023-02-22 18:38:50 - [TEST_STEP][PASSED] - verifyTextPresent("Card Information", true): Text 'Card Information' is present on page  using regular expression

2023-02-22 18:38:50 - [MESSAGE][PASSED] - Text 'Card Information' is present on page  using regular expression

2023-02-22 18:38:50 - [TEST_STEP][PASSED] - verifyTextPresent("TANDON RAVENA", true): Text 'TANDON RAVENA' is present on page  using regular expression

2023-02-22 18:38:51 - [MESSAGE][PASSED] - Text 'TANDON RAVENA' is present on page  using regular expression

2023-02-22 18:38:51 - [TEST_STEP][PASSED] - verifyTextPresent("Address Line 1", true): Text 'Address Line 1' is present on page  using regular expression

2023-02-22 18:38:51 - [MESSAGE][PASSED] - Text 'Address Line 1' is present on page  using regular expression

2023-02-22 18:38:51 - [TEST_STEP][PASSED] - verifyTextPresent("Address Line 2", true): Text 'Address Line 2' is present on page  using regular expression

2023-02-22 18:38:51 - [MESSAGE][PASSED] - Text 'Address Line 2' is present on page  using regular expression

2023-02-22 18:38:51 - [TEST_STEP][PASSED] - verifyTextPresent("Country", true): Text 'Country' is present on page  using regular expression

2023-02-22 18:38:52 - [MESSAGE][PASSED] - Text 'Country' is present on page  using regular expression

2023-02-22 18:38:52 - [TEST_STEP][PASSED] - verifyTextPresent("City", true): Text 'City' is present on page  using regular expression

2023-02-22 18:38:52 - [MESSAGE][PASSED] - Text 'City' is present on page  using regular expression

2023-02-22 18:38:52 - [TEST_STEP][PASSED] - verifyTextPresent("State", true): Text 'State' is present on page  using regular expression

2023-02-22 18:38:52 - [MESSAGE][PASSED] - Text 'State' is present on page  using regular expression

2023-02-22 18:38:52 - [TEST_STEP][PASSED] - verifyTextPresent("ZIP Code", true): Text 'ZIP Code' is present on page  using regular expression

2023-02-22 18:38:53 - [MESSAGE][PASSED] - Text 'ZIP Code' is present on page  using regular expression

2023-02-22 18:38:53 - [TEST_STEP][PASSED] - verifyTextPresent("248 PhoolKaante road", true): Text '248 PhoolKaante road' is present on page  using regular expression

2023-02-22 18:38:53 - [MESSAGE][PASSED] - Text '248 PhoolKaante road' is present on page  using regular expression

2023-02-22 18:38:53 - [TEST_STEP][PASSED] - verifyTextPresent("Suite 678", true): Text 'Suite 678' is present on page  using regular expression

2023-02-22 18:38:53 - [MESSAGE][PASSED] - Text 'Suite 678' is present on page  using regular expression

2023-02-22 18:38:53 - [TEST_STEP][PASSED] - verifyTextPresent("United States", true): Text 'United States' is present on page  using regular expression

2023-02-22 18:38:54 - [MESSAGE][PASSED] - Text 'United States' is present on page  using regular expression

2023-02-22 18:38:54 - [TEST_STEP][PASSED] - verifyTextPresent("ARLINGTON", true): Text 'ARLINGTON' is present on page  using regular expression

2023-02-22 18:38:54 - [MESSAGE][PASSED] - Text 'ARLINGTON' is present on page  using regular expression

2023-02-22 18:38:54 - [TEST_STEP][PASSED] - verifyTextPresent("VA", true): Text 'VA' is present on page  using regular expression

2023-02-22 18:38:54 - [MESSAGE][PASSED] - Text 'VA' is present on page  using regular expression

2023-02-22 18:38:54 - [TEST_STEP][PASSED] - verifyTextPresent("22201", true): Text '22201' is present on page  using regular expression

2023-02-22 18:38:55 - [MESSAGE][PASSED] - Text '22201' is present on page  using regular expression

2023-02-22 18:38:55 - [TEST_STEP][PASSED] - cardTypeV = findTestData(dataFile).getValue("CardType", row): null

2023-02-22 18:38:55 - [TEST_STEP][PASSED] - last4V = findTestData(dataFile).getValue("Last4", row): null

2023-02-22 18:38:55 - [TEST_STEP][PASSED] - verifyTextPresent(cardTypeV, true): Text 'American Express' is present on page  using regular expression

2023-02-22 18:38:55 - [MESSAGE][PASSED] - Text 'American Express' is present on page  using regular expression

2023-02-22 18:38:55 - [TEST_STEP][PASSED] - verifyTextPresent(last4V, true): Text '2376' is present on page  using regular expression

2023-02-22 18:38:55 - [MESSAGE][PASSED] - Text '2376' is present on page  using regular expression

2023-02-22 18:38:55 - [TEST_STEP][PASSED] - switch (appName): null

2023-02-22 18:38:55 - [TEST_STEP][PASSED] - closeBrowser(): Browser is closed

2023-02-22 18:38:56 - [MESSAGE][PASSED] - Browser is closed

2023-02-22 18:38:56 - [TEST_STEP][PASSED] - ExecuteTC = findTestData(dataFile).getValue("Execute", row): null

2023-02-22 18:38:56 - [TEST_STEP][PASSED] - out.println("Value of Execute is : " + ExecuteTC): null

2023-02-22 18:38:56 - [TEST_STEP][PASSED] - switch (executionProfile): null

2023-02-22 18:38:56 - [TEST_STEP][PASSED] - case "QAProfile":: null

2023-02-22 18:38:56 - [TEST_STEP][PASSED] - appName = findTestData(dataFile).getValue("AppNameQA", row): null

2023-02-22 18:38:56 - [TEST_STEP][PASSED] - appID = findTestData(dataFile).getValue("AppIDQA", row): null

2023-02-22 18:38:56 - [TEST_STEP][PASSED] - break: null

2023-02-22 18:38:56 - [TEST_STEP][PASSED] - if (ExecuteTC.equalsIgnoreCase("Y")): null

2023-02-22 18:38:56 - [TEST_STEP][PASSED] - out.println("Begin Record Number: " + row): null

2023-02-22 18:38:56 - [TEST_STEP][PASSED] - today = new java.util.Date(): null

2023-02-22 18:38:56 - [TEST_STEP][PASSED] - println(today): null

2023-02-22 18:38:56 - [TEST_STEP][PASSED] - datText = today: null

2023-02-22 18:38:56 - [TEST_STEP][PASSED] - adminSuiteBootstrap.loginFunctionality.login_AdminSuite(): adminSuiteBootstrap.loginFunctionality.login_AdminSuite is PASSED

2023-02-22 18:38:56 - [MESSAGE][INFO] - Starting 'Chrome' driver

2023-02-22 18:38:56 - [MESSAGE][INFO] - User set preference: ['acceptInsecureCerts', 'true']

2023-02-22 18:38:56 - [MESSAGE][INFO] - Action delay is set to 0 milliseconds

2023-02-22 18:38:59 - [MESSAGE][PASSED] - Browser is opened with url: 'https://qa.velocitypayment.com/admin/imtiaz'

2023-02-22 18:38:59 - [MESSAGE][PASSED] - Current window maximized

2023-02-22 18:38:59 - [MESSAGE][PASSED] - Object 'Object Repository/Login_Page/Login_Username' is present

2023-02-22 18:39:00 - [MESSAGE][PASSED] - Text 'iahmed' is set on object 'Object Repository/Login_Page/Login_Username'

2023-02-22 18:39:01 - [MESSAGE][PASSED] - Text 'hello2222' is set on object 'Object Repository/Login_Page/Login_Password'

2023-02-22 18:39:04 - [MESSAGE][PASSED] - Object: 'Object Repository/Login_Page/Login_Submit' is clicked on

2023-02-22 18:39:04 - [MESSAGE][PASSED] - adminSuiteBootstrap.loginFunctionality.login_AdminSuite is PASSED

2023-02-22 18:39:04 - [TEST_STEP][PASSED] - click(findTestObject(path_Dashboard + appName)): Object: 'Object Repository/AdminSuiteBootstrap_Pages/Dashboard_Bootstrap/a_Access AutoNoCFtp' is clicked on

2023-02-22 18:39:05 - [MESSAGE][PASSED] - Object: 'Object Repository/AdminSuiteBootstrap_Pages/Dashboard_Bootstrap/a_Access AutoNoCFtp' is clicked on

2023-02-22 18:39:05 - [TEST_STEP][PASSED] - click(findTestObject(path_VT + "a_Find Profile")): Object: 'Object Repository/AdminSuiteBootstrap_Pages/VT_Bootstrap/IssueTransactions/a_Find Profile' is clicked on

2023-02-22 18:39:06 - [MESSAGE][PASSED] - Object: 'Object Repository/AdminSuiteBootstrap_Pages/VT_Bootstrap/IssueTransactions/a_Find Profile' is clicked on

2023-02-22 18:39:06 - [TEST_STEP][PASSED] - criteria = <not implemented yet for class: org.codehaus.groovy.ast.expr.EmptyExpression>: null

2023-02-22 18:39:06 - [TEST_STEP][PASSED] - searchBy = <not implemented yet for class: org.codehaus.groovy.ast.expr.EmptyExpression>: null

2023-02-22 18:39:06 - [TEST_STEP][PASSED] - criteria = findTestData(dataFile).getValue("ProfileName", row): null

2023-02-22 18:39:06 - [TEST_STEP][PASSED] - path_SearchProfile = "Object Repository/AdminSuiteBootstrap_Pages/VSP_Bootstrap/SearchProfile/": null

2023-02-22 18:39:06 - [TEST_STEP][PASSED] - setText(findTestObject(path_SearchProfile + "input_Criteria"), criteria): Text 'PaymentsDI' is set on object 'Object Repository/AdminSuiteBootstrap_Pages/VSP_Bootstrap/SearchProfile/input_Criteria'

2023-02-22 18:39:06 - [MESSAGE][PASSED] - Text 'PaymentsDI' is set on object 'Object Repository/AdminSuiteBootstrap_Pages/VSP_Bootstrap/SearchProfile/input_Criteria'

2023-02-22 18:39:06 - [TEST_STEP][PASSED] - click(findTestObject(path_SearchProfile + "button_Search")): Object: 'Object Repository/AdminSuiteBootstrap_Pages/VSP_Bootstrap/SearchProfile/button_Search' is clicked on

2023-02-22 18:39:08 - [MESSAGE][PASSED] - Object: 'Object Repository/AdminSuiteBootstrap_Pages/VSP_Bootstrap/SearchProfile/button_Search' is clicked on

2023-02-22 18:39:08 - [TEST_STEP][PASSED] - profNameLink = findTestData(dataFile).getValue("ProfileNameLink", row): null

2023-02-22 18:39:08 - [TEST_STEP][PASSED] - click(findTestObject(path_ViewProfile + profNameLink)): Object: 'Object Repository/AdminSuiteBootstrap_Pages/VSP_Bootstrap/View Profile/a_PaymentsDI' is clicked on

2023-02-22 18:39:09 - [MESSAGE][PASSED] - Object: 'Object Repository/AdminSuiteBootstrap_Pages/VSP_Bootstrap/View Profile/a_PaymentsDI' is clicked on

2023-02-22 18:39:09 - [TEST_STEP][PASSED] - click(findTestObject(path_ViewProfile + "a_AuthCap")): Object: 'Object Repository/AdminSuiteBootstrap_Pages/VSP_Bootstrap/View Profile/a_AuthCap' is clicked on

2023-02-22 18:39:11 - [MESSAGE][PASSED] - Object: 'Object Repository/AdminSuiteBootstrap_Pages/VSP_Bootstrap/View Profile/a_AuthCap' is clicked on

2023-02-22 18:39:11 - [TEST_STEP][PASSED] - verifyTextPresent("Credit Card Authorization Capture", true): Text 'Credit Card Authorization Capture' is present on page  using regular expression

2023-02-22 18:39:12 - [MESSAGE][PASSED] - Text 'Credit Card Authorization Capture' is present on page  using regular expression

2023-02-22 18:39:12 - [TEST_STEP][PASSED] - verifyTextPresent("Sale", true): Text 'Sale' is present on page  using regular expression

2023-02-22 18:39:12 - [MESSAGE][PASSED] - Text 'Sale' is present on page  using regular expression

2023-02-22 18:39:12 - [TEST_STEP][PASSED] - verifyTextPresent("Required fields are highlighted with an asterisk", true): Text 'Required fields are highlighted with an asterisk' is present on page  using regular expression

2023-02-22 18:39:12 - [MESSAGE][PASSED] - Text 'Required fields are highlighted with an asterisk' is present on page  using regular expression

2023-02-22 18:39:12 - [TEST_STEP][PASSED] - verifyTextPresent("Remittance ID", true): Text 'Remittance ID' is present on page  using regular expression

2023-02-22 18:39:13 - [MESSAGE][PASSED] - Text 'Remittance ID' is present on page  using regular expression

2023-02-22 18:39:13 - [TEST_STEP][PASSED] - vspBootstrap.SalePage.setDataSaleAndAuth(row, dataFile): vspBootstrap.SalePage.setDataSaleAndAuth is PASSED

2023-02-22 18:39:14 - [MESSAGE][PASSED] - All options with value 'RETL' are selected in object 'Object Repository/AdminSuiteBootstrap_Pages/VSP_Bootstrap/VSP_Authcap/select_TransactionCategory'  using regular expression

2023-02-22 18:39:15 - [MESSAGE][PASSED] - Text '123' is set on object 'Object Repository/AdminSuiteBootstrap_Pages/VSP_Bootstrap/VSP_Authcap/input_cvv'

2023-02-22 18:39:16 - [MESSAGE][PASSED] - Text '' is set on object 'Object Repository/AdminSuiteBootstrap_Pages/VSP_Bootstrap/VSP_Authcap/input_smsNumber'

2023-02-22 18:39:16 - [MESSAGE][PASSED] - Text '2.50' is set on object 'Object Repository/AdminSuiteBootstrap_Pages/VSP_Bootstrap/VSP_Authcap/input_amount'

2023-02-22 18:39:17 - [MESSAGE][PASSED] - Text 'Delhi' is set on object 'Object Repository/AdminSuiteBootstrap_Pages/VSP_Bootstrap/VSP_Authcap/input_userDefined1'

2023-02-22 18:39:18 - [MESSAGE][PASSED] - Text 'Chennai' is set on object 'Object Repository/AdminSuiteBootstrap_Pages/VSP_Bootstrap/VSP_Authcap/input_userDefined2'

2023-02-22 18:39:18 - [MESSAGE][PASSED] - Text 'Mumbai' is set on object 'Object Repository/AdminSuiteBootstrap_Pages/VSP_Bootstrap/VSP_Authcap/input_userDefined3'

2023-02-22 18:39:19 - [MESSAGE][PASSED] - Text 'Kanpur' is set on object 'Object Repository/AdminSuiteBootstrap_Pages/VSP_Bootstrap/VSP_Authcap/input_userDefined4'

2023-02-22 18:39:20 - [MESSAGE][PASSED] - All options with label 'Orange' are selected in object 'Object Repository/AdminSuiteBootstrap_Pages/VSP_Bootstrap/VSP_Authcap/select_UDF5'  using regular expression

2023-02-22 18:39:21 - [MESSAGE][PASSED] - All options with label 'Yellow' are selected in object 'Object Repository/AdminSuiteBootstrap_Pages/VSP_Bootstrap/VSP_Authcap/select_UDF6'  using regular expression

2023-02-22 18:39:22 - [MESSAGE][PASSED] - Text 'Kolkata' is set on object 'Object Repository/AdminSuiteBootstrap_Pages/VSP_Bootstrap/VSP_Authcap/input_userDefined7'

2023-02-22 18:39:22 - [MESSAGE][PASSED] - Text 'Pune' is set on object 'Object Repository/AdminSuiteBootstrap_Pages/VSP_Bootstrap/VSP_Authcap/input_userDefined8'

2023-02-22 18:39:23 - [MESSAGE][PASSED] - Text 'Bhavnagar' is set on object 'Object Repository/AdminSuiteBootstrap_Pages/VSP_Bootstrap/VSP_Authcap/input_userDefined9'

2023-02-22 18:39:24 - [MESSAGE][PASSED] - Text 'Noida' is set on object 'Object Repository/AdminSuiteBootstrap_Pages/VSP_Bootstrap/VSP_Authcap/input_userDefined10'

2023-02-22 18:39:26 - [MESSAGE][PASSED] - Object: 'Object Repository/AdminSuiteBootstrap_Pages/VSP_Bootstrap/VSP_Authcap/button_Submit' is clicked on

2023-02-22 18:39:26 - [MESSAGE][PASSED] - vspBootstrap.SalePage.setDataSaleAndAuth is PASSED

2023-02-22 18:39:26 - [TEST_STEP][PASSED] - verifyTextPresent("Transaction Successful", true): Text 'Transaction Successful' is present on page  using regular expression

2023-02-22 18:39:26 - [MESSAGE][PASSED] - Text 'Transaction Successful' is present on page  using regular expression

2023-02-22 18:39:26 - [TEST_STEP][PASSED] - verifyElementVisible(findTestObject("Object Repository/AdminSuiteBootstrap_Pages/VT_Bootstrap/Receipt/button_Continue")): Object 'Object Repository/AdminSuiteBootstrap_Pages/VT_Bootstrap/Receipt/button_Continue' is visible

2023-02-22 18:39:27 - [MESSAGE][PASSED] - Object 'Object Repository/AdminSuiteBootstrap_Pages/VT_Bootstrap/Receipt/button_Continue' is visible

2023-02-22 18:39:27 - [TEST_STEP][PASSED] - verifyElementPresent(findTestObject("Object Repository/AdminSuiteBootstrap_Pages/VT_Bootstrap/Receipt/button_Continue"), 20): Object 'Object Repository/AdminSuiteBootstrap_Pages/VT_Bootstrap/Receipt/button_Continue' is present

2023-02-22 18:39:27 - [MESSAGE][PASSED] - Object 'Object Repository/AdminSuiteBootstrap_Pages/VT_Bootstrap/Receipt/button_Continue' is present

2023-02-22 18:39:27 - [TEST_STEP][PASSED] - verifyElementVisible(findTestObject("Object Repository/AdminSuiteBootstrap_Pages/VT_Bootstrap/Receipt/button_Print")): Object 'Object Repository/AdminSuiteBootstrap_Pages/VT_Bootstrap/Receipt/button_Print' is visible

2023-02-22 18:39:27 - [MESSAGE][PASSED] - Object 'Object Repository/AdminSuiteBootstrap_Pages/VT_Bootstrap/Receipt/button_Print' is visible

2023-02-22 18:39:27 - [TEST_STEP][PASSED] - verifyElementPresent(findTestObject("Object Repository/AdminSuiteBootstrap_Pages/VT_Bootstrap/Receipt/button_Print"), 20): Object 'Object Repository/AdminSuiteBootstrap_Pages/VT_Bootstrap/Receipt/button_Print' is present

2023-02-22 18:39:28 - [MESSAGE][PASSED] - Object 'Object Repository/AdminSuiteBootstrap_Pages/VT_Bootstrap/Receipt/button_Print' is present

2023-02-22 18:39:28 - [TEST_STEP][PASSED] - verifyTextPresent("Remittance ID", true): Text 'Remittance ID' is present on page  using regular expression

2023-02-22 18:39:28 - [MESSAGE][PASSED] - Text 'Remittance ID' is present on page  using regular expression

2023-02-22 18:39:28 - [TEST_STEP][PASSED] - verifyTextPresent("Received", true): Text 'Received' is present on page  using regular expression

2023-02-22 18:39:28 - [MESSAGE][PASSED] - Text 'Received' is present on page  using regular expression

2023-02-22 18:39:28 - [TEST_STEP][PASSED] - verifyTextPresent("UDF1", true): Text 'UDF1' is present on page  using regular expression

2023-02-22 18:39:29 - [MESSAGE][PASSED] - Text 'UDF1' is present on page  using regular expression

2023-02-22 18:39:29 - [TEST_STEP][PASSED] - verifyTextPresent("UDF2", true): Text 'UDF2' is present on page  using regular expression

2023-02-22 18:39:29 - [MESSAGE][PASSED] - Text 'UDF2' is present on page  using regular expression

2023-02-22 18:39:29 - [TEST_STEP][PASSED] - verifyTextPresent("UDF3", true): Text 'UDF3' is present on page  using regular expression

2023-02-22 18:39:29 - [MESSAGE][PASSED] - Text 'UDF3' is present on page  using regular expression

2023-02-22 18:39:29 - [TEST_STEP][PASSED] - verifyTextPresent("UDF4", true): Text 'UDF4' is present on page  using regular expression

2023-02-22 18:39:30 - [MESSAGE][PASSED] - Text 'UDF4' is present on page  using regular expression

2023-02-22 18:39:30 - [TEST_STEP][PASSED] - verifyTextPresent("UDF5", true): Text 'UDF5' is present on page  using regular expression

2023-02-22 18:39:30 - [MESSAGE][PASSED] - Text 'UDF5' is present on page  using regular expression

2023-02-22 18:39:30 - [TEST_STEP][PASSED] - verifyTextPresent("UDF6", true): Text 'UDF6' is present on page  using regular expression

2023-02-22 18:39:30 - [MESSAGE][PASSED] - Text 'UDF6' is present on page  using regular expression

2023-02-22 18:39:30 - [TEST_STEP][PASSED] - verifyTextPresent("UDF7", true): Text 'UDF7' is present on page  using regular expression

2023-02-22 18:39:31 - [MESSAGE][PASSED] - Text 'UDF7' is present on page  using regular expression

2023-02-22 18:39:31 - [TEST_STEP][PASSED] - verifyTextPresent("UDF8", true): Text 'UDF8' is present on page  using regular expression

2023-02-22 18:39:31 - [MESSAGE][PASSED] - Text 'UDF8' is present on page  using regular expression

2023-02-22 18:39:31 - [TEST_STEP][PASSED] - verifyTextPresent("UDF9", true): Text 'UDF9' is present on page  using regular expression

2023-02-22 18:39:31 - [MESSAGE][PASSED] - Text 'UDF9' is present on page  using regular expression

2023-02-22 18:39:31 - [TEST_STEP][PASSED] - verifyTextPresent("UDF 10", true): Text 'UDF 10' is present on page  using regular expression

2023-02-22 18:39:32 - [MESSAGE][PASSED] - Text 'UDF 10' is present on page  using regular expression

2023-02-22 18:39:32 - [TEST_STEP][PASSED] - verifyTextPresent("Delhi", true): Text 'Delhi' is present on page  using regular expression

2023-02-22 18:39:32 - [MESSAGE][PASSED] - Text 'Delhi' is present on page  using regular expression

2023-02-22 18:39:32 - [TEST_STEP][PASSED] - verifyTextPresent("Chennai", true): Text 'Chennai' is present on page  using regular expression

2023-02-22 18:39:32 - [MESSAGE][PASSED] - Text 'Chennai' is present on page  using regular expression

2023-02-22 18:39:32 - [TEST_STEP][PASSED] - verifyTextPresent("Mumbai", true): Text 'Mumbai' is present on page  using regular expression

2023-02-22 18:39:33 - [MESSAGE][PASSED] - Text 'Mumbai' is present on page  using regular expression

2023-02-22 18:39:33 - [TEST_STEP][PASSED] - verifyTextPresent("Kanpur", true): Text 'Kanpur' is present on page  using regular expression

2023-02-22 18:39:33 - [MESSAGE][PASSED] - Text 'Kanpur' is present on page  using regular expression

2023-02-22 18:39:33 - [TEST_STEP][PASSED] - verifyTextPresent("Orange Recorded", true): Text 'Orange Recorded' is present on page  using regular expression

2023-02-22 18:39:33 - [MESSAGE][PASSED] - Text 'Orange Recorded' is present on page  using regular expression

2023-02-22 18:39:33 - [TEST_STEP][PASSED] - verifyTextPresent("Yellow Recorded", true): Text 'Yellow Recorded' is present on page  using regular expression

2023-02-22 18:39:34 - [MESSAGE][PASSED] - Text 'Yellow Recorded' is present on page  using regular expression

2023-02-22 18:39:34 - [TEST_STEP][PASSED] - verifyTextPresent("Kolkata", true): Text 'Kolkata' is present on page  using regular expression

2023-02-22 18:39:34 - [MESSAGE][PASSED] - Text 'Kolkata' is present on page  using regular expression

2023-02-22 18:39:34 - [TEST_STEP][PASSED] - verifyTextPresent("Pune", true): Text 'Pune' is present on page  using regular expression

2023-02-22 18:39:34 - [MESSAGE][PASSED] - Text 'Pune' is present on page  using regular expression

2023-02-22 18:39:34 - [TEST_STEP][PASSED] - verifyTextPresent("Bhavnagar", true): Text 'Bhavnagar' is present on page  using regular expression

2023-02-22 18:39:35 - [MESSAGE][PASSED] - Text 'Bhavnagar' is present on page  using regular expression

2023-02-22 18:39:35 - [TEST_STEP][PASSED] - verifyTextPresent("Noida", true): Text 'Noida' is present on page  using regular expression

2023-02-22 18:39:35 - [MESSAGE][PASSED] - Text 'Noida' is present on page  using regular expression

2023-02-22 18:39:35 - [TEST_STEP][PASSED] - verifyTextPresent("Amount", true): Text 'Amount' is present on page  using regular expression

2023-02-22 18:39:35 - [MESSAGE][PASSED] - Text 'Amount' is present on page  using regular expression

2023-02-22 18:39:35 - [TEST_STEP][PASSED] - verifyTextPresent("2.50", true): Text '2.50' is present on page  using regular expression

2023-02-22 18:39:36 - [MESSAGE][PASSED] - Text '2.50' is present on page  using regular expression

2023-02-22 18:39:36 - [TEST_STEP][PASSED] - verifyTextPresent("Authorization and Capture", true): Text 'Authorization and Capture' is present on page  using regular expression

2023-02-22 18:39:36 - [MESSAGE][PASSED] - Text 'Authorization and Capture' is present on page  using regular expression

2023-02-22 18:39:36 - [TEST_STEP][PASSED] - verifyTextPresent("Card Information", true): Text 'Card Information' is present on page  using regular expression

2023-02-22 18:39:36 - [MESSAGE][PASSED] - Text 'Card Information' is present on page  using regular expression

2023-02-22 18:39:36 - [TEST_STEP][PASSED] - verifyTextPresent("TANDON RAVENA", true): Text 'TANDON RAVENA' is present on page  using regular expression

2023-02-22 18:39:37 - [MESSAGE][PASSED] - Text 'TANDON RAVENA' is present on page  using regular expression

2023-02-22 18:39:37 - [TEST_STEP][PASSED] - verifyTextPresent("Address Line 1", true): Text 'Address Line 1' is present on page  using regular expression

2023-02-22 18:39:37 - [MESSAGE][PASSED] - Text 'Address Line 1' is present on page  using regular expression

2023-02-22 18:39:37 - [TEST_STEP][PASSED] - verifyTextPresent("Address Line 2", true): Text 'Address Line 2' is present on page  using regular expression

2023-02-22 18:39:37 - [MESSAGE][PASSED] - Text 'Address Line 2' is present on page  using regular expression

2023-02-22 18:39:37 - [TEST_STEP][PASSED] - verifyTextPresent("Country", true): Text 'Country' is present on page  using regular expression

2023-02-22 18:39:37 - [MESSAGE][PASSED] - Text 'Country' is present on page  using regular expression

2023-02-22 18:39:37 - [TEST_STEP][PASSED] - verifyTextPresent("City", true): Text 'City' is present on page  using regular expression

2023-02-22 18:39:38 - [MESSAGE][PASSED] - Text 'City' is present on page  using regular expression

2023-02-22 18:39:38 - [TEST_STEP][PASSED] - verifyTextPresent("State", true): Text 'State' is present on page  using regular expression

2023-02-22 18:39:38 - [MESSAGE][PASSED] - Text 'State' is present on page  using regular expression

2023-02-22 18:39:38 - [TEST_STEP][PASSED] - verifyTextPresent("ZIP Code", true): Text 'ZIP Code' is present on page  using regular expression

2023-02-22 18:39:38 - [MESSAGE][PASSED] - Text 'ZIP Code' is present on page  using regular expression

2023-02-22 18:39:38 - [TEST_STEP][PASSED] - verifyTextPresent("248 PhoolKaante road", true): Text '248 PhoolKaante road' is present on page  using regular expression

2023-02-22 18:39:39 - [MESSAGE][PASSED] - Text '248 PhoolKaante road' is present on page  using regular expression

2023-02-22 18:39:39 - [TEST_STEP][PASSED] - verifyTextPresent("Suite 678", true): Text 'Suite 678' is present on page  using regular expression

2023-02-22 18:39:39 - [MESSAGE][PASSED] - Text 'Suite 678' is present on page  using regular expression

2023-02-22 18:39:39 - [TEST_STEP][PASSED] - verifyTextPresent("United States", true): Text 'United States' is present on page  using regular expression

2023-02-22 18:39:39 - [MESSAGE][PASSED] - Text 'United States' is present on page  using regular expression

2023-02-22 18:39:39 - [TEST_STEP][PASSED] - verifyTextPresent("ARLINGTON", true): Text 'ARLINGTON' is present on page  using regular expression

2023-02-22 18:39:40 - [MESSAGE][PASSED] - Text 'ARLINGTON' is present on page  using regular expression

2023-02-22 18:39:40 - [TEST_STEP][PASSED] - verifyTextPresent("VA", true): Text 'VA' is present on page  using regular expression

2023-02-22 18:39:40 - [MESSAGE][PASSED] - Text 'VA' is present on page  using regular expression

2023-02-22 18:39:40 - [TEST_STEP][PASSED] - verifyTextPresent("22201", true): Text '22201' is present on page  using regular expression

2023-02-22 18:39:40 - [MESSAGE][PASSED] - Text '22201' is present on page  using regular expression

2023-02-22 18:39:40 - [TEST_STEP][PASSED] - cardTypeV = findTestData(dataFile).getValue("CardType", row): null

2023-02-22 18:39:40 - [TEST_STEP][PASSED] - last4V = findTestData(dataFile).getValue("Last4", row): null

2023-02-22 18:39:41 - [TEST_STEP][PASSED] - verifyTextPresent(cardTypeV, true): Text 'Discover' is present on page  using regular expression

2023-02-22 18:39:41 - [MESSAGE][PASSED] - Text 'Discover' is present on page  using regular expression

2023-02-22 18:39:41 - [TEST_STEP][PASSED] - verifyTextPresent(last4V, true): Text '6909' is present on page  using regular expression

2023-02-22 18:39:41 - [MESSAGE][PASSED] - Text '6909' is present on page  using regular expression

2023-02-22 18:39:41 - [TEST_STEP][PASSED] - switch (appName): null

2023-02-22 18:39:41 - [TEST_STEP][PASSED] - closeBrowser(): Browser is closed

2023-02-22 18:39:42 - [MESSAGE][PASSED] - Browser is closed

2023-02-22 18:39:42 - [TEST_STEP][PASSED] - ExecuteTC = findTestData(dataFile).getValue("Execute", row): null

2023-02-22 18:39:42 - [TEST_STEP][PASSED] - out.println("Value of Execute is : " + ExecuteTC): null

2023-02-22 18:39:42 - [TEST_STEP][PASSED] - switch (executionProfile): null

2023-02-22 18:39:42 - [TEST_STEP][PASSED] - case "QAProfile":: null

2023-02-22 18:39:42 - [TEST_STEP][PASSED] - appName = findTestData(dataFile).getValue("AppNameQA", row): null

2023-02-22 18:39:42 - [TEST_STEP][PASSED] - appID = findTestData(dataFile).getValue("AppIDQA", row): null

2023-02-22 18:39:42 - [TEST_STEP][PASSED] - break: null

2023-02-22 18:39:42 - [TEST_STEP][PASSED] - if (ExecuteTC.equalsIgnoreCase("Y")): null

2023-02-22 18:39:42 - [TEST_STEP][PASSED] - out.println("Begin Record Number: " + row): null

2023-02-22 18:39:42 - [TEST_STEP][PASSED] - today = new java.util.Date(): null

2023-02-22 18:39:42 - [TEST_STEP][PASSED] - println(today): null

2023-02-22 18:39:42 - [TEST_STEP][PASSED] - datText = today: null

2023-02-22 18:39:42 - [TEST_STEP][PASSED] - adminSuiteBootstrap.loginFunctionality.login_AdminSuite(): adminSuiteBootstrap.loginFunctionality.login_AdminSuite is PASSED

2023-02-22 18:39:42 - [MESSAGE][INFO] - Starting 'Chrome' driver

2023-02-22 18:39:42 - [MESSAGE][INFO] - User set preference: ['acceptInsecureCerts', 'true']

2023-02-22 18:39:42 - [MESSAGE][INFO] - Action delay is set to 0 milliseconds

2023-02-22 18:39:45 - [MESSAGE][PASSED] - Browser is opened with url: 'https://qa.velocitypayment.com/admin/imtiaz'

2023-02-22 18:39:45 - [MESSAGE][PASSED] - Current window maximized

2023-02-22 18:39:45 - [MESSAGE][PASSED] - Object 'Object Repository/Login_Page/Login_Username' is present

2023-02-22 18:39:46 - [MESSAGE][PASSED] - Text 'iahmed' is set on object 'Object Repository/Login_Page/Login_Username'

2023-02-22 18:39:47 - [MESSAGE][PASSED] - Text 'hello2222' is set on object 'Object Repository/Login_Page/Login_Password'

2023-02-22 18:39:50 - [MESSAGE][PASSED] - Object: 'Object Repository/Login_Page/Login_Submit' is clicked on

2023-02-22 18:39:50 - [MESSAGE][PASSED] - adminSuiteBootstrap.loginFunctionality.login_AdminSuite is PASSED

2023-02-22 18:39:50 - [TEST_STEP][PASSED] - click(findTestObject(path_Dashboard + appName)): Object: 'Object Repository/AdminSuiteBootstrap_Pages/Dashboard_Bootstrap/a_Access AutoSingleCFtpQA' is clicked on

2023-02-22 18:39:51 - [MESSAGE][PASSED] - Object: 'Object Repository/AdminSuiteBootstrap_Pages/Dashboard_Bootstrap/a_Access AutoSingleCFtpQA' is clicked on

2023-02-22 18:39:51 - [TEST_STEP][PASSED] - click(findTestObject(path_VT + "a_Find Profile")): Object: 'Object Repository/AdminSuiteBootstrap_Pages/VT_Bootstrap/IssueTransactions/a_Find Profile' is clicked on

2023-02-22 18:39:51 - [MESSAGE][PASSED] - Object: 'Object Repository/AdminSuiteBootstrap_Pages/VT_Bootstrap/IssueTransactions/a_Find Profile' is clicked on

2023-02-22 18:39:51 - [TEST_STEP][PASSED] - criteria = <not implemented yet for class: org.codehaus.groovy.ast.expr.EmptyExpression>: null

2023-02-22 18:39:51 - [TEST_STEP][PASSED] - searchBy = <not implemented yet for class: org.codehaus.groovy.ast.expr.EmptyExpression>: null

2023-02-22 18:39:51 - [TEST_STEP][PASSED] - criteria = findTestData(dataFile).getValue("ProfileName", row): null

2023-02-22 18:39:51 - [TEST_STEP][PASSED] - path_SearchProfile = "Object Repository/AdminSuiteBootstrap_Pages/VSP_Bootstrap/SearchProfile/": null

2023-02-22 18:39:51 - [TEST_STEP][PASSED] - setText(findTestObject(path_SearchProfile + "input_Criteria"), criteria): Text 'PaymentsVisa' is set on object 'Object Repository/AdminSuiteBootstrap_Pages/VSP_Bootstrap/SearchProfile/input_Criteria'

2023-02-22 18:39:52 - [MESSAGE][PASSED] - Text 'PaymentsVisa' is set on object 'Object Repository/AdminSuiteBootstrap_Pages/VSP_Bootstrap/SearchProfile/input_Criteria'

2023-02-22 18:39:52 - [TEST_STEP][PASSED] - click(findTestObject(path_SearchProfile + "button_Search")): Object: 'Object Repository/AdminSuiteBootstrap_Pages/VSP_Bootstrap/SearchProfile/button_Search' is clicked on

2023-02-22 18:39:53 - [MESSAGE][PASSED] - Object: 'Object Repository/AdminSuiteBootstrap_Pages/VSP_Bootstrap/SearchProfile/button_Search' is clicked on

2023-02-22 18:39:53 - [TEST_STEP][PASSED] - profNameLink = findTestData(dataFile).getValue("ProfileNameLink", row): null

2023-02-22 18:39:53 - [TEST_STEP][PASSED] - click(findTestObject(path_ViewProfile + profNameLink)): Object: 'Object Repository/AdminSuiteBootstrap_Pages/VSP_Bootstrap/View Profile/a_PaymentsVisa' is clicked on

2023-02-22 18:39:54 - [MESSAGE][PASSED] - Object: 'Object Repository/AdminSuiteBootstrap_Pages/VSP_Bootstrap/View Profile/a_PaymentsVisa' is clicked on

2023-02-22 18:39:54 - [TEST_STEP][PASSED] - click(findTestObject(path_ViewProfile + "a_AuthCap")): Object: 'Object Repository/AdminSuiteBootstrap_Pages/VSP_Bootstrap/View Profile/a_AuthCap' is clicked on

2023-02-22 18:39:56 - [MESSAGE][PASSED] - Object: 'Object Repository/AdminSuiteBootstrap_Pages/VSP_Bootstrap/View Profile/a_AuthCap' is clicked on

2023-02-22 18:39:56 - [TEST_STEP][PASSED] - verifyTextPresent("Credit Card Authorization Capture", true): Text 'Credit Card Authorization Capture' is present on page  using regular expression

2023-02-22 18:39:56 - [MESSAGE][PASSED] - Text 'Credit Card Authorization Capture' is present on page  using regular expression

2023-02-22 18:39:56 - [TEST_STEP][PASSED] - verifyTextPresent("Sale", true): Text 'Sale' is present on page  using regular expression

2023-02-22 18:39:57 - [MESSAGE][PASSED] - Text 'Sale' is present on page  using regular expression

2023-02-22 18:39:57 - [TEST_STEP][PASSED] - verifyTextPresent("Required fields are highlighted with an asterisk", true): Text 'Required fields are highlighted with an asterisk' is present on page  using regular expression

2023-02-22 18:39:57 - [MESSAGE][PASSED] - Text 'Required fields are highlighted with an asterisk' is present on page  using regular expression

2023-02-22 18:39:57 - [TEST_STEP][PASSED] - verifyTextPresent("Remittance ID", true): Text 'Remittance ID' is present on page  using regular expression

2023-02-22 18:39:57 - [MESSAGE][PASSED] - Text 'Remittance ID' is present on page  using regular expression

2023-02-22 18:39:57 - [TEST_STEP][PASSED] - vspBootstrap.SalePage.setDataSaleAndAuth(row, dataFile): vspBootstrap.SalePage.setDataSaleAndAuth is PASSED

2023-02-22 18:39:59 - [MESSAGE][PASSED] - All options with value 'MOTO' are selected in object 'Object Repository/AdminSuiteBootstrap_Pages/VSP_Bootstrap/VSP_Authcap/select_TransactionCategory'  using regular expression

2023-02-22 18:40:00 - [MESSAGE][PASSED] - Text '123' is set on object 'Object Repository/AdminSuiteBootstrap_Pages/VSP_Bootstrap/VSP_Authcap/input_cvv'

2023-02-22 18:40:01 - [MESSAGE][PASSED] - Text '' is set on object 'Object Repository/AdminSuiteBootstrap_Pages/VSP_Bootstrap/VSP_Authcap/input_smsNumber'

2023-02-22 18:40:01 - [MESSAGE][PASSED] - Text '2.50' is set on object 'Object Repository/AdminSuiteBootstrap_Pages/VSP_Bootstrap/VSP_Authcap/input_amount'

2023-02-22 18:40:03 - [MESSAGE][PASSED] - Text 'Delhi' is set on object 'Object Repository/AdminSuiteBootstrap_Pages/VSP_Bootstrap/VSP_Authcap/input_userDefined1'

2023-02-22 18:40:03 - [MESSAGE][PASSED] - Text 'Chennai' is set on object 'Object Repository/AdminSuiteBootstrap_Pages/VSP_Bootstrap/VSP_Authcap/input_userDefined2'

2023-02-22 18:40:04 - [MESSAGE][PASSED] - Text 'Mumbai' is set on object 'Object Repository/AdminSuiteBootstrap_Pages/VSP_Bootstrap/VSP_Authcap/input_userDefined3'

2023-02-22 18:40:05 - [MESSAGE][PASSED] - Text 'Kanpur' is set on object 'Object Repository/AdminSuiteBootstrap_Pages/VSP_Bootstrap/VSP_Authcap/input_userDefined4'

2023-02-22 18:40:06 - [MESSAGE][PASSED] - All options with label 'Orange' are selected in object 'Object Repository/AdminSuiteBootstrap_Pages/VSP_Bootstrap/VSP_Authcap/select_UDF5'  using regular expression

2023-02-22 18:40:07 - [MESSAGE][PASSED] - All options with label 'Yellow' are selected in object 'Object Repository/AdminSuiteBootstrap_Pages/VSP_Bootstrap/VSP_Authcap/select_UDF6'  using regular expression

2023-02-22 18:40:07 - [MESSAGE][PASSED] - Text 'Kolkata' is set on object 'Object Repository/AdminSuiteBootstrap_Pages/VSP_Bootstrap/VSP_Authcap/input_userDefined7'

2023-02-22 18:40:08 - [MESSAGE][PASSED] - Text 'Pune' is set on object 'Object Repository/AdminSuiteBootstrap_Pages/VSP_Bootstrap/VSP_Authcap/input_userDefined8'

2023-02-22 18:40:09 - [MESSAGE][PASSED] - Text 'Bhavnagar' is set on object 'Object Repository/AdminSuiteBootstrap_Pages/VSP_Bootstrap/VSP_Authcap/input_userDefined9'

2023-02-22 18:40:09 - [MESSAGE][PASSED] - Text 'Noida' is set on object 'Object Repository/AdminSuiteBootstrap_Pages/VSP_Bootstrap/VSP_Authcap/input_userDefined10'

2023-02-22 18:40:12 - [MESSAGE][PASSED] - Object: 'Object Repository/AdminSuiteBootstrap_Pages/VSP_Bootstrap/VSP_Authcap/button_Submit' is clicked on

2023-02-22 18:40:12 - [MESSAGE][PASSED] - vspBootstrap.SalePage.setDataSaleAndAuth is PASSED

2023-02-22 18:40:12 - [TEST_STEP][PASSED] - verifyTextPresent("Transaction Successful", true): Text 'Transaction Successful' is present on page  using regular expression

2023-02-22 18:40:12 - [MESSAGE][PASSED] - Text 'Transaction Successful' is present on page  using regular expression

2023-02-22 18:40:12 - [TEST_STEP][PASSED] - verifyElementVisible(findTestObject("Object Repository/AdminSuiteBootstrap_Pages/VT_Bootstrap/Receipt/button_Continue")): Object 'Object Repository/AdminSuiteBootstrap_Pages/VT_Bootstrap/Receipt/button_Continue' is visible

2023-02-22 18:40:13 - [MESSAGE][PASSED] - Object 'Object Repository/AdminSuiteBootstrap_Pages/VT_Bootstrap/Receipt/button_Continue' is visible

2023-02-22 18:40:13 - [TEST_STEP][PASSED] - verifyElementPresent(findTestObject("Object Repository/AdminSuiteBootstrap_Pages/VT_Bootstrap/Receipt/button_Continue"), 20): Object 'Object Repository/AdminSuiteBootstrap_Pages/VT_Bootstrap/Receipt/button_Continue' is present

2023-02-22 18:40:13 - [MESSAGE][PASSED] - Object 'Object Repository/AdminSuiteBootstrap_Pages/VT_Bootstrap/Receipt/button_Continue' is present

2023-02-22 18:40:13 - [TEST_STEP][PASSED] - verifyElementVisible(findTestObject("Object Repository/AdminSuiteBootstrap_Pages/VT_Bootstrap/Receipt/button_Print")): Object 'Object Repository/AdminSuiteBootstrap_Pages/VT_Bootstrap/Receipt/button_Print' is visible

2023-02-22 18:40:13 - [MESSAGE][PASSED] - Object 'Object Repository/AdminSuiteBootstrap_Pages/VT_Bootstrap/Receipt/button_Print' is visible

2023-02-22 18:40:13 - [TEST_STEP][PASSED] - verifyElementPresent(findTestObject("Object Repository/AdminSuiteBootstrap_Pages/VT_Bootstrap/Receipt/button_Print"), 20): Object 'Object Repository/AdminSuiteBootstrap_Pages/VT_Bootstrap/Receipt/button_Print' is present

2023-02-22 18:40:14 - [MESSAGE][PASSED] - Object 'Object Repository/AdminSuiteBootstrap_Pages/VT_Bootstrap/Receipt/button_Print' is present

2023-02-22 18:40:14 - [TEST_STEP][PASSED] - verifyTextPresent("Remittance ID", true): Text 'Remittance ID' is present on page  using regular expression

2023-02-22 18:40:14 - [MESSAGE][PASSED] - Text 'Remittance ID' is present on page  using regular expression

2023-02-22 18:40:14 - [TEST_STEP][PASSED] - verifyTextPresent("Received", true): Text 'Received' is present on page  using regular expression

2023-02-22 18:40:14 - [MESSAGE][PASSED] - Text 'Received' is present on page  using regular expression

2023-02-22 18:40:14 - [TEST_STEP][PASSED] - verifyTextPresent("UDF1", true): Text 'UDF1' is present on page  using regular expression

2023-02-22 18:40:15 - [MESSAGE][PASSED] - Text 'UDF1' is present on page  using regular expression

2023-02-22 18:40:15 - [TEST_STEP][PASSED] - verifyTextPresent("UDF2", true): Text 'UDF2' is present on page  using regular expression

2023-02-22 18:40:15 - [MESSAGE][PASSED] - Text 'UDF2' is present on page  using regular expression

2023-02-22 18:40:15 - [TEST_STEP][PASSED] - verifyTextPresent("UDF3", true): Text 'UDF3' is present on page  using regular expression

2023-02-22 18:40:15 - [MESSAGE][PASSED] - Text 'UDF3' is present on page  using regular expression

2023-02-22 18:40:15 - [TEST_STEP][PASSED] - verifyTextPresent("UDF4", true): Text 'UDF4' is present on page  using regular expression

2023-02-22 18:40:16 - [MESSAGE][PASSED] - Text 'UDF4' is present on page  using regular expression

2023-02-22 18:40:16 - [TEST_STEP][PASSED] - verifyTextPresent("UDF5", true): Text 'UDF5' is present on page  using regular expression

2023-02-22 18:40:16 - [MESSAGE][PASSED] - Text 'UDF5' is present on page  using regular expression

2023-02-22 18:40:16 - [TEST_STEP][PASSED] - verifyTextPresent("UDF6", true): Text 'UDF6' is present on page  using regular expression

2023-02-22 18:40:16 - [MESSAGE][PASSED] - Text 'UDF6' is present on page  using regular expression

2023-02-22 18:40:16 - [TEST_STEP][PASSED] - verifyTextPresent("UDF7", true): Text 'UDF7' is present on page  using regular expression

2023-02-22 18:40:17 - [MESSAGE][PASSED] - Text 'UDF7' is present on page  using regular expression

2023-02-22 18:40:17 - [TEST_STEP][PASSED] - verifyTextPresent("UDF8", true): Text 'UDF8' is present on page  using regular expression

2023-02-22 18:40:17 - [MESSAGE][PASSED] - Text 'UDF8' is present on page  using regular expression

2023-02-22 18:40:17 - [TEST_STEP][PASSED] - verifyTextPresent("UDF9", true): Text 'UDF9' is present on page  using regular expression

2023-02-22 18:40:17 - [MESSAGE][PASSED] - Text 'UDF9' is present on page  using regular expression

2023-02-22 18:40:17 - [TEST_STEP][PASSED] - verifyTextPresent("UDF 10", true): Text 'UDF 10' is present on page  using regular expression

2023-02-22 18:40:18 - [MESSAGE][PASSED] - Text 'UDF 10' is present on page  using regular expression

2023-02-22 18:40:18 - [TEST_STEP][PASSED] - verifyTextPresent("Delhi", true): Text 'Delhi' is present on page  using regular expression

2023-02-22 18:40:18 - [MESSAGE][PASSED] - Text 'Delhi' is present on page  using regular expression

2023-02-22 18:40:18 - [TEST_STEP][PASSED] - verifyTextPresent("Chennai", true): Text 'Chennai' is present on page  using regular expression

2023-02-22 18:40:18 - [MESSAGE][PASSED] - Text 'Chennai' is present on page  using regular expression

2023-02-22 18:40:18 - [TEST_STEP][PASSED] - verifyTextPresent("Mumbai", true): Text 'Mumbai' is present on page  using regular expression

2023-02-22 18:40:18 - [MESSAGE][PASSED] - Text 'Mumbai' is present on page  using regular expression

2023-02-22 18:40:18 - [TEST_STEP][PASSED] - verifyTextPresent("Kanpur", true): Text 'Kanpur' is present on page  using regular expression

2023-02-22 18:40:19 - [MESSAGE][PASSED] - Text 'Kanpur' is present on page  using regular expression

2023-02-22 18:40:19 - [TEST_STEP][PASSED] - verifyTextPresent("Orange Recorded", true): Text 'Orange Recorded' is present on page  using regular expression

2023-02-22 18:40:19 - [MESSAGE][PASSED] - Text 'Orange Recorded' is present on page  using regular expression

2023-02-22 18:40:19 - [TEST_STEP][PASSED] - verifyTextPresent("Yellow Recorded", true): Text 'Yellow Recorded' is present on page  using regular expression

2023-02-22 18:40:19 - [MESSAGE][PASSED] - Text 'Yellow Recorded' is present on page  using regular expression

2023-02-22 18:40:19 - [TEST_STEP][PASSED] - verifyTextPresent("Kolkata", true): Text 'Kolkata' is present on page  using regular expression

2023-02-22 18:40:20 - [MESSAGE][PASSED] - Text 'Kolkata' is present on page  using regular expression

2023-02-22 18:40:20 - [TEST_STEP][PASSED] - verifyTextPresent("Pune", true): Text 'Pune' is present on page  using regular expression

2023-02-22 18:40:20 - [MESSAGE][PASSED] - Text 'Pune' is present on page  using regular expression

2023-02-22 18:40:20 - [TEST_STEP][PASSED] - verifyTextPresent("Bhavnagar", true): Text 'Bhavnagar' is present on page  using regular expression

2023-02-22 18:40:20 - [MESSAGE][PASSED] - Text 'Bhavnagar' is present on page  using regular expression

2023-02-22 18:40:20 - [TEST_STEP][PASSED] - verifyTextPresent("Noida", true): Text 'Noida' is present on page  using regular expression

2023-02-22 18:40:21 - [MESSAGE][PASSED] - Text 'Noida' is present on page  using regular expression

2023-02-22 18:40:21 - [TEST_STEP][PASSED] - verifyTextPresent("Amount", true): Text 'Amount' is present on page  using regular expression

2023-02-22 18:40:21 - [MESSAGE][PASSED] - Text 'Amount' is present on page  using regular expression

2023-02-22 18:40:21 - [TEST_STEP][PASSED] - verifyTextPresent("2.50", true): Text '2.50' is present on page  using regular expression

2023-02-22 18:40:21 - [MESSAGE][PASSED] - Text '2.50' is present on page  using regular expression

2023-02-22 18:40:21 - [TEST_STEP][PASSED] - verifyTextPresent("Authorization and Capture", true): Text 'Authorization and Capture' is present on page  using regular expression

2023-02-22 18:40:22 - [MESSAGE][PASSED] - Text 'Authorization and Capture' is present on page  using regular expression

2023-02-22 18:40:22 - [TEST_STEP][PASSED] - verifyTextPresent("Card Information", true): Text 'Card Information' is present on page  using regular expression

2023-02-22 18:40:22 - [MESSAGE][PASSED] - Text 'Card Information' is present on page  using regular expression

2023-02-22 18:40:22 - [TEST_STEP][PASSED] - verifyTextPresent("TANDON RAVENA", true): Text 'TANDON RAVENA' is present on page  using regular expression

2023-02-22 18:40:22 - [MESSAGE][PASSED] - Text 'TANDON RAVENA' is present on page  using regular expression

2023-02-22 18:40:22 - [TEST_STEP][PASSED] - verifyTextPresent("Address Line 1", true): Text 'Address Line 1' is present on page  using regular expression

2023-02-22 18:40:23 - [MESSAGE][PASSED] - Text 'Address Line 1' is present on page  using regular expression

2023-02-22 18:40:23 - [TEST_STEP][PASSED] - verifyTextPresent("Address Line 2", true): Text 'Address Line 2' is present on page  using regular expression

2023-02-22 18:40:23 - [MESSAGE][PASSED] - Text 'Address Line 2' is present on page  using regular expression

2023-02-22 18:40:23 - [TEST_STEP][PASSED] - verifyTextPresent("Country", true): Text 'Country' is present on page  using regular expression

2023-02-22 18:40:23 - [MESSAGE][PASSED] - Text 'Country' is present on page  using regular expression

2023-02-22 18:40:23 - [TEST_STEP][PASSED] - verifyTextPresent("City", true): Text 'City' is present on page  using regular expression

2023-02-22 18:40:24 - [MESSAGE][PASSED] - Text 'City' is present on page  using regular expression

2023-02-22 18:40:24 - [TEST_STEP][PASSED] - verifyTextPresent("State", true): Text 'State' is present on page  using regular expression

2023-02-22 18:40:24 - [MESSAGE][PASSED] - Text 'State' is present on page  using regular expression

2023-02-22 18:40:24 - [TEST_STEP][PASSED] - verifyTextPresent("ZIP Code", true): Text 'ZIP Code' is present on page  using regular expression

2023-02-22 18:40:24 - [MESSAGE][PASSED] - Text 'ZIP Code' is present on page  using regular expression

2023-02-22 18:40:24 - [TEST_STEP][PASSED] - verifyTextPresent("248 PhoolKaante road", true): Text '248 PhoolKaante road' is present on page  using regular expression

2023-02-22 18:40:25 - [MESSAGE][PASSED] - Text '248 PhoolKaante road' is present on page  using regular expression

2023-02-22 18:40:25 - [TEST_STEP][PASSED] - verifyTextPresent("Suite 678", true): Text 'Suite 678' is present on page  using regular expression

2023-02-22 18:40:25 - [MESSAGE][PASSED] - Text 'Suite 678' is present on page  using regular expression

2023-02-22 18:40:25 - [TEST_STEP][PASSED] - verifyTextPresent("United States", true): Text 'United States' is present on page  using regular expression

2023-02-22 18:40:25 - [MESSAGE][PASSED] - Text 'United States' is present on page  using regular expression

2023-02-22 18:40:25 - [TEST_STEP][PASSED] - verifyTextPresent("ARLINGTON", true): Text 'ARLINGTON' is present on page  using regular expression

2023-02-22 18:40:26 - [MESSAGE][PASSED] - Text 'ARLINGTON' is present on page  using regular expression

2023-02-22 18:40:26 - [TEST_STEP][PASSED] - verifyTextPresent("VA", true): Text 'VA' is present on page  using regular expression

2023-02-22 18:40:26 - [MESSAGE][PASSED] - Text 'VA' is present on page  using regular expression

2023-02-22 18:40:26 - [TEST_STEP][PASSED] - verifyTextPresent("22201", true): Text '22201' is present on page  using regular expression

2023-02-22 18:40:26 - [MESSAGE][PASSED] - Text '22201' is present on page  using regular expression

2023-02-22 18:40:26 - [TEST_STEP][PASSED] - cardTypeV = findTestData(dataFile).getValue("CardType", row): null

2023-02-22 18:40:26 - [TEST_STEP][PASSED] - last4V = findTestData(dataFile).getValue("Last4", row): null

2023-02-22 18:40:26 - [TEST_STEP][PASSED] - verifyTextPresent(cardTypeV, true): Text 'Visa' is present on page  using regular expression

2023-02-22 18:40:27 - [MESSAGE][PASSED] - Text 'Visa' is present on page  using regular expression

2023-02-22 18:40:27 - [TEST_STEP][PASSED] - verifyTextPresent(last4V, true): Text '5439' is present on page  using regular expression

2023-02-22 18:40:27 - [MESSAGE][PASSED] - Text '5439' is present on page  using regular expression

2023-02-22 18:40:27 - [TEST_STEP][PASSED] - switch (appName): null

2023-02-22 18:40:27 - [TEST_STEP][PASSED] - case "a_Access AutoSingleCFtpQA":: null

2023-02-22 18:40:27 - [TEST_STEP][PASSED] - verifyTextPresent("5.00", true): Text '5.00' is present on page  using regular expression

2023-02-22 18:40:27 - [MESSAGE][PASSED] - Text '5.00' is present on page  using regular expression

2023-02-22 18:40:27 - [TEST_STEP][PASSED] - verifyTextPresent("Single Transaction", true): Text 'Single Transaction' is present on page  using regular expression

2023-02-22 18:40:28 - [MESSAGE][PASSED] - Text 'Single Transaction' is present on page  using regular expression

2023-02-22 18:40:28 - [TEST_STEP][PASSED] - verifyTextPresent("7.50", true): Text '7.50' is present on page  using regular expression

2023-02-22 18:40:28 - [MESSAGE][PASSED] - Text '7.50' is present on page  using regular expression

2023-02-22 18:40:28 - [TEST_STEP][PASSED] - verifyTextPresent("Total Amount", true): Text 'Total Amount' is present on page  using regular expression

2023-02-22 18:40:28 - [MESSAGE][PASSED] - Text 'Total Amount' is present on page  using regular expression

2023-02-22 18:40:28 - [TEST_STEP][PASSED] - verifyTextPresent("Transaction Type", true): Text 'Transaction Type' is present on page  using regular expression

2023-02-22 18:40:29 - [MESSAGE][PASSED] - Text 'Transaction Type' is present on page  using regular expression

2023-02-22 18:40:29 - [TEST_STEP][PASSED] - break: null

2023-02-22 18:40:29 - [TEST_STEP][PASSED] - closeBrowser(): Browser is closed

2023-02-22 18:40:30 - [MESSAGE][PASSED] - Browser is closed

2023-02-22 18:40:30 - [TEST_STEP][PASSED] - ExecuteTC = findTestData(dataFile).getValue("Execute", row): null

2023-02-22 18:40:30 - [TEST_STEP][PASSED] - out.println("Value of Execute is : " + ExecuteTC): null

2023-02-22 18:40:30 - [TEST_STEP][PASSED] - switch (executionProfile): null

2023-02-22 18:40:30 - [TEST_STEP][PASSED] - case "QAProfile":: null

2023-02-22 18:40:30 - [TEST_STEP][PASSED] - appName = findTestData(dataFile).getValue("AppNameQA", row): null

2023-02-22 18:40:30 - [TEST_STEP][PASSED] - appID = findTestData(dataFile).getValue("AppIDQA", row): null

2023-02-22 18:40:30 - [TEST_STEP][PASSED] - break: null

2023-02-22 18:40:30 - [TEST_STEP][PASSED] - if (ExecuteTC.equalsIgnoreCase("Y")): null

2023-02-22 18:40:30 - [TEST_STEP][PASSED] - out.println("Begin Record Number: " + row): null

2023-02-22 18:40:30 - [TEST_STEP][PASSED] - today = new java.util.Date(): null

2023-02-22 18:40:30 - [TEST_STEP][PASSED] - println(today): null

2023-02-22 18:40:30 - [TEST_STEP][PASSED] - datText = today: null

2023-02-22 18:40:30 - [TEST_STEP][PASSED] - adminSuiteBootstrap.loginFunctionality.login_AdminSuite(): adminSuiteBootstrap.loginFunctionality.login_AdminSuite is PASSED

2023-02-22 18:40:30 - [MESSAGE][INFO] - Starting 'Chrome' driver

2023-02-22 18:40:30 - [MESSAGE][INFO] - User set preference: ['acceptInsecureCerts', 'true']

2023-02-22 18:40:30 - [MESSAGE][INFO] - Action delay is set to 0 milliseconds

2023-02-22 18:40:32 - [MESSAGE][PASSED] - Browser is opened with url: 'https://qa.velocitypayment.com/admin/imtiaz'

2023-02-22 18:40:32 - [MESSAGE][PASSED] - Current window maximized

2023-02-22 18:40:33 - [MESSAGE][PASSED] - Object 'Object Repository/Login_Page/Login_Username' is present

2023-02-22 18:40:33 - [MESSAGE][PASSED] - Text 'iahmed' is set on object 'Object Repository/Login_Page/Login_Username'

2023-02-22 18:40:34 - [MESSAGE][PASSED] - Text 'hello2222' is set on object 'Object Repository/Login_Page/Login_Password'

2023-02-22 18:40:37 - [MESSAGE][PASSED] - Object: 'Object Repository/Login_Page/Login_Submit' is clicked on

2023-02-22 18:40:37 - [MESSAGE][PASSED] - adminSuiteBootstrap.loginFunctionality.login_AdminSuite is PASSED

2023-02-22 18:40:37 - [TEST_STEP][PASSED] - click(findTestObject(path_Dashboard + appName)): Object: 'Object Repository/AdminSuiteBootstrap_Pages/Dashboard_Bootstrap/a_Access AutoSingleCFtpQA' is clicked on

2023-02-22 18:40:38 - [MESSAGE][PASSED] - Object: 'Object Repository/AdminSuiteBootstrap_Pages/Dashboard_Bootstrap/a_Access AutoSingleCFtpQA' is clicked on

2023-02-22 18:40:38 - [TEST_STEP][PASSED] - click(findTestObject(path_VT + "a_Find Profile")): Object: 'Object Repository/AdminSuiteBootstrap_Pages/VT_Bootstrap/IssueTransactions/a_Find Profile' is clicked on

2023-02-22 18:40:38 - [MESSAGE][PASSED] - Object: 'Object Repository/AdminSuiteBootstrap_Pages/VT_Bootstrap/IssueTransactions/a_Find Profile' is clicked on

2023-02-22 18:40:38 - [TEST_STEP][PASSED] - criteria = <not implemented yet for class: org.codehaus.groovy.ast.expr.EmptyExpression>: null

2023-02-22 18:40:38 - [TEST_STEP][PASSED] - searchBy = <not implemented yet for class: org.codehaus.groovy.ast.expr.EmptyExpression>: null

2023-02-22 18:40:38 - [TEST_STEP][PASSED] - criteria = findTestData(dataFile).getValue("ProfileName", row): null

2023-02-22 18:40:38 - [TEST_STEP][PASSED] - path_SearchProfile = "Object Repository/AdminSuiteBootstrap_Pages/VSP_Bootstrap/SearchProfile/": null

2023-02-22 18:40:38 - [TEST_STEP][PASSED] - setText(findTestObject(path_SearchProfile + "input_Criteria"), criteria): Text 'PaymentsMC' is set on object 'Object Repository/AdminSuiteBootstrap_Pages/VSP_Bootstrap/SearchProfile/input_Criteria'

2023-02-22 18:40:39 - [MESSAGE][PASSED] - Text 'PaymentsMC' is set on object 'Object Repository/AdminSuiteBootstrap_Pages/VSP_Bootstrap/SearchProfile/input_Criteria'

2023-02-22 18:40:39 - [TEST_STEP][PASSED] - click(findTestObject(path_SearchProfile + "button_Search")): Object: 'Object Repository/AdminSuiteBootstrap_Pages/VSP_Bootstrap/SearchProfile/button_Search' is clicked on

2023-02-22 18:40:40 - [MESSAGE][PASSED] - Object: 'Object Repository/AdminSuiteBootstrap_Pages/VSP_Bootstrap/SearchProfile/button_Search' is clicked on

2023-02-22 18:40:40 - [TEST_STEP][PASSED] - profNameLink = findTestData(dataFile).getValue("ProfileNameLink", row): null

2023-02-22 18:40:40 - [TEST_STEP][PASSED] - click(findTestObject(path_ViewProfile + profNameLink)): Object: 'Object Repository/AdminSuiteBootstrap_Pages/VSP_Bootstrap/View Profile/a_PaymentsMC' is clicked on

2023-02-22 18:40:41 - [MESSAGE][PASSED] - Object: 'Object Repository/AdminSuiteBootstrap_Pages/VSP_Bootstrap/View Profile/a_PaymentsMC' is clicked on

2023-02-22 18:40:41 - [TEST_STEP][PASSED] - click(findTestObject(path_ViewProfile + "a_AuthCap")): Object: 'Object Repository/AdminSuiteBootstrap_Pages/VSP_Bootstrap/View Profile/a_AuthCap' is clicked on

2023-02-22 18:40:43 - [MESSAGE][PASSED] - Object: 'Object Repository/AdminSuiteBootstrap_Pages/VSP_Bootstrap/View Profile/a_AuthCap' is clicked on

2023-02-22 18:40:43 - [TEST_STEP][PASSED] - verifyTextPresent("Credit Card Authorization Capture", true): Text 'Credit Card Authorization Capture' is present on page  using regular expression

2023-02-22 18:40:44 - [MESSAGE][PASSED] - Text 'Credit Card Authorization Capture' is present on page  using regular expression

2023-02-22 18:40:44 - [TEST_STEP][PASSED] - verifyTextPresent("Sale", true): Text 'Sale' is present on page  using regular expression

2023-02-22 18:40:44 - [MESSAGE][PASSED] - Text 'Sale' is present on page  using regular expression

2023-02-22 18:40:44 - [TEST_STEP][PASSED] - verifyTextPresent("Required fields are highlighted with an asterisk", true): Text 'Required fields are highlighted with an asterisk' is present on page  using regular expression

2023-02-22 18:40:44 - [MESSAGE][PASSED] - Text 'Required fields are highlighted with an asterisk' is present on page  using regular expression

2023-02-22 18:40:44 - [TEST_STEP][PASSED] - verifyTextPresent("Remittance ID", true): Text 'Remittance ID' is present on page  using regular expression

2023-02-22 18:40:45 - [MESSAGE][PASSED] - Text 'Remittance ID' is present on page  using regular expression

2023-02-22 18:40:45 - [TEST_STEP][PASSED] - vspBootstrap.SalePage.setDataSaleAndAuth(row, dataFile): vspBootstrap.SalePage.setDataSaleAndAuth is PASSED

2023-02-22 18:40:46 - [MESSAGE][PASSED] - All options with value 'MOTO' are selected in object 'Object Repository/AdminSuiteBootstrap_Pages/VSP_Bootstrap/VSP_Authcap/select_TransactionCategory'  using regular expression

2023-02-22 18:40:47 - [MESSAGE][PASSED] - Text '123' is set on object 'Object Repository/AdminSuiteBootstrap_Pages/VSP_Bootstrap/VSP_Authcap/input_cvv'

2023-02-22 18:40:47 - [MESSAGE][PASSED] - Text '' is set on object 'Object Repository/AdminSuiteBootstrap_Pages/VSP_Bootstrap/VSP_Authcap/input_smsNumber'

2023-02-22 18:40:48 - [MESSAGE][PASSED] - Text '2.50' is set on object 'Object Repository/AdminSuiteBootstrap_Pages/VSP_Bootstrap/VSP_Authcap/input_amount'

2023-02-22 18:40:49 - [MESSAGE][PASSED] - Text 'Delhi' is set on object 'Object Repository/AdminSuiteBootstrap_Pages/VSP_Bootstrap/VSP_Authcap/input_userDefined1'

2023-02-22 18:40:50 - [MESSAGE][PASSED] - Text 'Chennai' is set on object 'Object Repository/AdminSuiteBootstrap_Pages/VSP_Bootstrap/VSP_Authcap/input_userDefined2'

2023-02-22 18:40:50 - [MESSAGE][PASSED] - Text 'Mumbai' is set on object 'Object Repository/AdminSuiteBootstrap_Pages/VSP_Bootstrap/VSP_Authcap/input_userDefined3'

2023-02-22 18:40:51 - [MESSAGE][PASSED] - Text 'Kanpur' is set on object 'Object Repository/AdminSuiteBootstrap_Pages/VSP_Bootstrap/VSP_Authcap/input_userDefined4'

2023-02-22 18:40:52 - [MESSAGE][PASSED] - All options with label 'Orange' are selected in object 'Object Repository/AdminSuiteBootstrap_Pages/VSP_Bootstrap/VSP_Authcap/select_UDF5'  using regular expression

2023-02-22 18:40:53 - [MESSAGE][PASSED] - All options with label 'Yellow' are selected in object 'Object Repository/AdminSuiteBootstrap_Pages/VSP_Bootstrap/VSP_Authcap/select_UDF6'  using regular expression

2023-02-22 18:40:54 - [MESSAGE][PASSED] - Text 'Kolkata' is set on object 'Object Repository/AdminSuiteBootstrap_Pages/VSP_Bootstrap/VSP_Authcap/input_userDefined7'

2023-02-22 18:40:54 - [MESSAGE][PASSED] - Text 'Pune' is set on object 'Object Repository/AdminSuiteBootstrap_Pages/VSP_Bootstrap/VSP_Authcap/input_userDefined8'

2023-02-22 18:40:55 - [MESSAGE][PASSED] - Text 'Bhavnagar' is set on object 'Object Repository/AdminSuiteBootstrap_Pages/VSP_Bootstrap/VSP_Authcap/input_userDefined9'

2023-02-22 18:40:56 - [MESSAGE][PASSED] - Text 'Noida' is set on object 'Object Repository/AdminSuiteBootstrap_Pages/VSP_Bootstrap/VSP_Authcap/input_userDefined10'

2023-02-22 18:40:57 - [MESSAGE][PASSED] - Object: 'Object Repository/AdminSuiteBootstrap_Pages/VSP_Bootstrap/VSP_Authcap/button_Submit' is clicked on

2023-02-22 18:40:57 - [MESSAGE][PASSED] - vspBootstrap.SalePage.setDataSaleAndAuth is PASSED

2023-02-22 18:40:57 - [TEST_STEP][PASSED] - verifyTextPresent("Transaction Successful", true): Text 'Transaction Successful' is present on page  using regular expression

2023-02-22 18:40:58 - [MESSAGE][PASSED] - Text 'Transaction Successful' is present on page  using regular expression

2023-02-22 18:40:58 - [TEST_STEP][PASSED] - verifyElementVisible(findTestObject("Object Repository/AdminSuiteBootstrap_Pages/VT_Bootstrap/Receipt/button_Continue")): Object 'Object Repository/AdminSuiteBootstrap_Pages/VT_Bootstrap/Receipt/button_Continue' is visible

2023-02-22 18:40:58 - [MESSAGE][PASSED] - Object 'Object Repository/AdminSuiteBootstrap_Pages/VT_Bootstrap/Receipt/button_Continue' is visible

2023-02-22 18:40:58 - [TEST_STEP][PASSED] - verifyElementPresent(findTestObject("Object Repository/AdminSuiteBootstrap_Pages/VT_Bootstrap/Receipt/button_Continue"), 20): Object 'Object Repository/AdminSuiteBootstrap_Pages/VT_Bootstrap/Receipt/button_Continue' is present

2023-02-22 18:40:59 - [MESSAGE][PASSED] - Object 'Object Repository/AdminSuiteBootstrap_Pages/VT_Bootstrap/Receipt/button_Continue' is present

2023-02-22 18:40:59 - [TEST_STEP][PASSED] - verifyElementVisible(findTestObject("Object Repository/AdminSuiteBootstrap_Pages/VT_Bootstrap/Receipt/button_Print")): Object 'Object Repository/AdminSuiteBootstrap_Pages/VT_Bootstrap/Receipt/button_Print' is visible

2023-02-22 18:40:59 - [MESSAGE][PASSED] - Object 'Object Repository/AdminSuiteBootstrap_Pages/VT_Bootstrap/Receipt/button_Print' is visible

2023-02-22 18:40:59 - [TEST_STEP][PASSED] - verifyElementPresent(findTestObject("Object Repository/AdminSuiteBootstrap_Pages/VT_Bootstrap/Receipt/button_Print"), 20): Object 'Object Repository/AdminSuiteBootstrap_Pages/VT_Bootstrap/Receipt/button_Print' is present

2023-02-22 18:40:59 - [MESSAGE][PASSED] - Object 'Object Repository/AdminSuiteBootstrap_Pages/VT_Bootstrap/Receipt/button_Print' is present

2023-02-22 18:40:59 - [TEST_STEP][PASSED] - verifyTextPresent("Remittance ID", true): Text 'Remittance ID' is present on page  using regular expression

2023-02-22 18:41:00 - [MESSAGE][PASSED] - Text 'Remittance ID' is present on page  using regular expression

2023-02-22 18:41:00 - [TEST_STEP][PASSED] - verifyTextPresent("Received", true): Text 'Received' is present on page  using regular expression

2023-02-22 18:41:00 - [MESSAGE][PASSED] - Text 'Received' is present on page  using regular expression

2023-02-22 18:41:00 - [TEST_STEP][PASSED] - verifyTextPresent("UDF1", true): Text 'UDF1' is present on page  using regular expression

2023-02-22 18:41:00 - [MESSAGE][PASSED] - Text 'UDF1' is present on page  using regular expression

2023-02-22 18:41:00 - [TEST_STEP][PASSED] - verifyTextPresent("UDF2", true): Text 'UDF2' is present on page  using regular expression

2023-02-22 18:41:01 - [MESSAGE][PASSED] - Text 'UDF2' is present on page  using regular expression

2023-02-22 18:41:01 - [TEST_STEP][PASSED] - verifyTextPresent("UDF3", true): Text 'UDF3' is present on page  using regular expression

2023-02-22 18:41:01 - [MESSAGE][PASSED] - Text 'UDF3' is present on page  using regular expression

2023-02-22 18:41:01 - [TEST_STEP][PASSED] - verifyTextPresent("UDF4", true): Text 'UDF4' is present on page  using regular expression

2023-02-22 18:41:01 - [MESSAGE][PASSED] - Text 'UDF4' is present on page  using regular expression

2023-02-22 18:41:01 - [TEST_STEP][PASSED] - verifyTextPresent("UDF5", true): Text 'UDF5' is present on page  using regular expression

2023-02-22 18:41:02 - [MESSAGE][PASSED] - Text 'UDF5' is present on page  using regular expression

2023-02-22 18:41:02 - [TEST_STEP][PASSED] - verifyTextPresent("UDF6", true): Text 'UDF6' is present on page  using regular expression

2023-02-22 18:41:02 - [MESSAGE][PASSED] - Text 'UDF6' is present on page  using regular expression

2023-02-22 18:41:02 - [TEST_STEP][PASSED] - verifyTextPresent("UDF7", true): Text 'UDF7' is present on page  using regular expression

2023-02-22 18:41:02 - [MESSAGE][PASSED] - Text 'UDF7' is present on page  using regular expression

2023-02-22 18:41:02 - [TEST_STEP][PASSED] - verifyTextPresent("UDF8", true): Text 'UDF8' is present on page  using regular expression

2023-02-22 18:41:03 - [MESSAGE][PASSED] - Text 'UDF8' is present on page  using regular expression

2023-02-22 18:41:03 - [TEST_STEP][PASSED] - verifyTextPresent("UDF9", true): Text 'UDF9' is present on page  using regular expression

2023-02-22 18:41:03 - [MESSAGE][PASSED] - Text 'UDF9' is present on page  using regular expression

2023-02-22 18:41:03 - [TEST_STEP][PASSED] - verifyTextPresent("UDF 10", true): Text 'UDF 10' is present on page  using regular expression

2023-02-22 18:41:03 - [MESSAGE][PASSED] - Text 'UDF 10' is present on page  using regular expression

2023-02-22 18:41:03 - [TEST_STEP][PASSED] - verifyTextPresent("Delhi", true): Text 'Delhi' is present on page  using regular expression

2023-02-22 18:41:04 - [MESSAGE][PASSED] - Text 'Delhi' is present on page  using regular expression

2023-02-22 18:41:04 - [TEST_STEP][PASSED] - verifyTextPresent("Chennai", true): Text 'Chennai' is present on page  using regular expression

2023-02-22 18:41:04 - [MESSAGE][PASSED] - Text 'Chennai' is present on page  using regular expression

2023-02-22 18:41:04 - [TEST_STEP][PASSED] - verifyTextPresent("Mumbai", true): Text 'Mumbai' is present on page  using regular expression

2023-02-22 18:41:04 - [MESSAGE][PASSED] - Text 'Mumbai' is present on page  using regular expression

2023-02-22 18:41:04 - [TEST_STEP][PASSED] - verifyTextPresent("Kanpur", true): Text 'Kanpur' is present on page  using regular expression

2023-02-22 18:41:05 - [MESSAGE][PASSED] - Text 'Kanpur' is present on page  using regular expression

2023-02-22 18:41:05 - [TEST_STEP][PASSED] - verifyTextPresent("Orange Recorded", true): Text 'Orange Recorded' is present on page  using regular expression

2023-02-22 18:41:05 - [MESSAGE][PASSED] - Text 'Orange Recorded' is present on page  using regular expression

2023-02-22 18:41:05 - [TEST_STEP][PASSED] - verifyTextPresent("Yellow Recorded", true): Text 'Yellow Recorded' is present on page  using regular expression

2023-02-22 18:41:05 - [MESSAGE][PASSED] - Text 'Yellow Recorded' is present on page  using regular expression

2023-02-22 18:41:05 - [TEST_STEP][PASSED] - verifyTextPresent("Kolkata", true): Text 'Kolkata' is present on page  using regular expression

2023-02-22 18:41:06 - [MESSAGE][PASSED] - Text 'Kolkata' is present on page  using regular expression

2023-02-22 18:41:06 - [TEST_STEP][PASSED] - verifyTextPresent("Pune", true): Text 'Pune' is present on page  using regular expression

2023-02-22 18:41:06 - [MESSAGE][PASSED] - Text 'Pune' is present on page  using regular expression

2023-02-22 18:41:06 - [TEST_STEP][PASSED] - verifyTextPresent("Bhavnagar", true): Text 'Bhavnagar' is present on page  using regular expression

2023-02-22 18:41:06 - [MESSAGE][PASSED] - Text 'Bhavnagar' is present on page  using regular expression

2023-02-22 18:41:06 - [TEST_STEP][PASSED] - verifyTextPresent("Noida", true): Text 'Noida' is present on page  using regular expression

2023-02-22 18:41:07 - [MESSAGE][PASSED] - Text 'Noida' is present on page  using regular expression

2023-02-22 18:41:07 - [TEST_STEP][PASSED] - verifyTextPresent("Amount", true): Text 'Amount' is present on page  using regular expression

2023-02-22 18:41:07 - [MESSAGE][PASSED] - Text 'Amount' is present on page  using regular expression

2023-02-22 18:41:07 - [TEST_STEP][PASSED] - verifyTextPresent("2.50", true): Text '2.50' is present on page  using regular expression

2023-02-22 18:41:07 - [MESSAGE][PASSED] - Text '2.50' is present on page  using regular expression

2023-02-22 18:41:07 - [TEST_STEP][PASSED] - verifyTextPresent("Authorization and Capture", true): Text 'Authorization and Capture' is present on page  using regular expression

2023-02-22 18:41:08 - [MESSAGE][PASSED] - Text 'Authorization and Capture' is present on page  using regular expression

2023-02-22 18:41:08 - [TEST_STEP][PASSED] - verifyTextPresent("Card Information", true): Text 'Card Information' is present on page  using regular expression

2023-02-22 18:41:08 - [MESSAGE][PASSED] - Text 'Card Information' is present on page  using regular expression

2023-02-22 18:41:08 - [TEST_STEP][PASSED] - verifyTextPresent("TANDON RAVENA", true): Text 'TANDON RAVENA' is present on page  using regular expression

2023-02-22 18:41:08 - [MESSAGE][PASSED] - Text 'TANDON RAVENA' is present on page  using regular expression

2023-02-22 18:41:08 - [TEST_STEP][PASSED] - verifyTextPresent("Address Line 1", true): Text 'Address Line 1' is present on page  using regular expression

2023-02-22 18:41:09 - [MESSAGE][PASSED] - Text 'Address Line 1' is present on page  using regular expression

2023-02-22 18:41:09 - [TEST_STEP][PASSED] - verifyTextPresent("Address Line 2", true): Text 'Address Line 2' is present on page  using regular expression

2023-02-22 18:41:09 - [MESSAGE][PASSED] - Text 'Address Line 2' is present on page  using regular expression

2023-02-22 18:41:09 - [TEST_STEP][PASSED] - verifyTextPresent("Country", true): Text 'Country' is present on page  using regular expression

2023-02-22 18:41:09 - [MESSAGE][PASSED] - Text 'Country' is present on page  using regular expression

2023-02-22 18:41:09 - [TEST_STEP][PASSED] - verifyTextPresent("City", true): Text 'City' is present on page  using regular expression

2023-02-22 18:41:10 - [MESSAGE][PASSED] - Text 'City' is present on page  using regular expression

2023-02-22 18:41:10 - [TEST_STEP][PASSED] - verifyTextPresent("State", true): Text 'State' is present on page  using regular expression

2023-02-22 18:41:10 - [MESSAGE][PASSED] - Text 'State' is present on page  using regular expression

2023-02-22 18:41:10 - [TEST_STEP][PASSED] - verifyTextPresent("ZIP Code", true): Text 'ZIP Code' is present on page  using regular expression

2023-02-22 18:41:10 - [MESSAGE][PASSED] - Text 'ZIP Code' is present on page  using regular expression

2023-02-22 18:41:10 - [TEST_STEP][PASSED] - verifyTextPresent("248 PhoolKaante road", true): Text '248 PhoolKaante road' is present on page  using regular expression

2023-02-22 18:41:11 - [MESSAGE][PASSED] - Text '248 PhoolKaante road' is present on page  using regular expression

2023-02-22 18:41:11 - [TEST_STEP][PASSED] - verifyTextPresent("Suite 678", true): Text 'Suite 678' is present on page  using regular expression

2023-02-22 18:41:11 - [MESSAGE][PASSED] - Text 'Suite 678' is present on page  using regular expression

2023-02-22 18:41:11 - [TEST_STEP][PASSED] - verifyTextPresent("United States", true): Text 'United States' is present on page  using regular expression

2023-02-22 18:41:11 - [MESSAGE][PASSED] - Text 'United States' is present on page  using regular expression

2023-02-22 18:41:11 - [TEST_STEP][PASSED] - verifyTextPresent("ARLINGTON", true): Text 'ARLINGTON' is present on page  using regular expression

2023-02-22 18:41:12 - [MESSAGE][PASSED] - Text 'ARLINGTON' is present on page  using regular expression

2023-02-22 18:41:12 - [TEST_STEP][PASSED] - verifyTextPresent("VA", true): Text 'VA' is present on page  using regular expression

2023-02-22 18:41:12 - [MESSAGE][PASSED] - Text 'VA' is present on page  using regular expression

2023-02-22 18:41:12 - [TEST_STEP][PASSED] - verifyTextPresent("22201", true): Text '22201' is present on page  using regular expression

2023-02-22 18:41:12 - [MESSAGE][PASSED] - Text '22201' is present on page  using regular expression

2023-02-22 18:41:12 - [TEST_STEP][PASSED] - cardTypeV = findTestData(dataFile).getValue("CardType", row): null

2023-02-22 18:41:12 - [TEST_STEP][PASSED] - last4V = findTestData(dataFile).getValue("Last4", row): null

2023-02-22 18:41:12 - [TEST_STEP][PASSED] - verifyTextPresent(cardTypeV, true): Text 'MasterCard' is present on page  using regular expression

2023-02-22 18:41:13 - [MESSAGE][PASSED] - Text 'MasterCard' is present on page  using regular expression

2023-02-22 18:41:13 - [TEST_STEP][PASSED] - verifyTextPresent(last4V, true): Text '0035' is present on page  using regular expression

2023-02-22 18:41:13 - [MESSAGE][PASSED] - Text '0035' is present on page  using regular expression

2023-02-22 18:41:13 - [TEST_STEP][PASSED] - switch (appName): null

2023-02-22 18:41:13 - [TEST_STEP][PASSED] - case "a_Access AutoSingleCFtpQA":: null

2023-02-22 18:41:13 - [TEST_STEP][PASSED] - verifyTextPresent("5.00", true): Text '5.00' is present on page  using regular expression

2023-02-22 18:41:13 - [MESSAGE][PASSED] - Text '5.00' is present on page  using regular expression

2023-02-22 18:41:13 - [TEST_STEP][PASSED] - verifyTextPresent("Single Transaction", true): Text 'Single Transaction' is present on page  using regular expression

2023-02-22 18:41:14 - [MESSAGE][PASSED] - Text 'Single Transaction' is present on page  using regular expression

2023-02-22 18:41:14 - [TEST_STEP][PASSED] - verifyTextPresent("7.50", true): Text '7.50' is present on page  using regular expression

2023-02-22 18:41:14 - [MESSAGE][PASSED] - Text '7.50' is present on page  using regular expression

2023-02-22 18:41:14 - [TEST_STEP][PASSED] - verifyTextPresent("Total Amount", true): Text 'Total Amount' is present on page  using regular expression

2023-02-22 18:41:14 - [MESSAGE][PASSED] - Text 'Total Amount' is present on page  using regular expression

2023-02-22 18:41:14 - [TEST_STEP][PASSED] - verifyTextPresent("Transaction Type", true): Text 'Transaction Type' is present on page  using regular expression

2023-02-22 18:41:15 - [MESSAGE][PASSED] - Text 'Transaction Type' is present on page  using regular expression

2023-02-22 18:41:15 - [TEST_STEP][PASSED] - break: null

2023-02-22 18:41:15 - [TEST_STEP][PASSED] - closeBrowser(): Browser is closed

2023-02-22 18:41:16 - [MESSAGE][PASSED] - Browser is closed

2023-02-22 18:41:16 - [TEST_STEP][PASSED] - ExecuteTC = findTestData(dataFile).getValue("Execute", row): null

2023-02-22 18:41:16 - [TEST_STEP][PASSED] - out.println("Value of Execute is : " + ExecuteTC): null

2023-02-22 18:41:16 - [TEST_STEP][PASSED] - switch (executionProfile): null

2023-02-22 18:41:16 - [TEST_STEP][PASSED] - case "QAProfile":: null

2023-02-22 18:41:16 - [TEST_STEP][PASSED] - appName = findTestData(dataFile).getValue("AppNameQA", row): null

2023-02-22 18:41:16 - [TEST_STEP][PASSED] - appID = findTestData(dataFile).getValue("AppIDQA", row): null

2023-02-22 18:41:16 - [TEST_STEP][PASSED] - break: null

2023-02-22 18:41:16 - [TEST_STEP][PASSED] - if (ExecuteTC.equalsIgnoreCase("Y")): null

2023-02-22 18:41:16 - [TEST_STEP][PASSED] - out.println("Begin Record Number: " + row): null

2023-02-22 18:41:16 - [TEST_STEP][PASSED] - today = new java.util.Date(): null

2023-02-22 18:41:16 - [TEST_STEP][PASSED] - println(today): null

2023-02-22 18:41:16 - [TEST_STEP][PASSED] - datText = today: null

2023-02-22 18:41:16 - [TEST_STEP][PASSED] - adminSuiteBootstrap.loginFunctionality.login_AdminSuite(): adminSuiteBootstrap.loginFunctionality.login_AdminSuite is PASSED

2023-02-22 18:41:16 - [MESSAGE][INFO] - Starting 'Chrome' driver

2023-02-22 18:41:16 - [MESSAGE][INFO] - User set preference: ['acceptInsecureCerts', 'true']

2023-02-22 18:41:16 - [MESSAGE][INFO] - Action delay is set to 0 milliseconds

2023-02-22 18:41:20 - [MESSAGE][PASSED] - Browser is opened with url: 'https://qa.velocitypayment.com/admin/imtiaz'

2023-02-22 18:41:20 - [MESSAGE][PASSED] - Current window maximized

2023-02-22 18:41:21 - [MESSAGE][PASSED] - Object 'Object Repository/Login_Page/Login_Username' is present

2023-02-22 18:41:21 - [MESSAGE][PASSED] - Text 'iahmed' is set on object 'Object Repository/Login_Page/Login_Username'

2023-02-22 18:41:22 - [MESSAGE][PASSED] - Text 'hello2222' is set on object 'Object Repository/Login_Page/Login_Password'

2023-02-22 18:41:25 - [MESSAGE][PASSED] - Object: 'Object Repository/Login_Page/Login_Submit' is clicked on

2023-02-22 18:41:25 - [MESSAGE][PASSED] - adminSuiteBootstrap.loginFunctionality.login_AdminSuite is PASSED

2023-02-22 18:41:25 - [TEST_STEP][PASSED] - click(findTestObject(path_Dashboard + appName)): Object: 'Object Repository/AdminSuiteBootstrap_Pages/Dashboard_Bootstrap/a_Access AutoSingleCFtpQA' is clicked on

2023-02-22 18:41:26 - [MESSAGE][PASSED] - Object: 'Object Repository/AdminSuiteBootstrap_Pages/Dashboard_Bootstrap/a_Access AutoSingleCFtpQA' is clicked on

2023-02-22 18:41:26 - [TEST_STEP][PASSED] - click(findTestObject(path_VT + "a_Find Profile")): Object: 'Object Repository/AdminSuiteBootstrap_Pages/VT_Bootstrap/IssueTransactions/a_Find Profile' is clicked on

2023-02-22 18:41:26 - [MESSAGE][PASSED] - Object: 'Object Repository/AdminSuiteBootstrap_Pages/VT_Bootstrap/IssueTransactions/a_Find Profile' is clicked on

2023-02-22 18:41:26 - [TEST_STEP][PASSED] - criteria = <not implemented yet for class: org.codehaus.groovy.ast.expr.EmptyExpression>: null

2023-02-22 18:41:26 - [TEST_STEP][PASSED] - searchBy = <not implemented yet for class: org.codehaus.groovy.ast.expr.EmptyExpression>: null

2023-02-22 18:41:26 - [TEST_STEP][PASSED] - criteria = findTestData(dataFile).getValue("ProfileName", row): null

2023-02-22 18:41:26 - [TEST_STEP][PASSED] - path_SearchProfile = "Object Repository/AdminSuiteBootstrap_Pages/VSP_Bootstrap/SearchProfile/": null

2023-02-22 18:41:26 - [TEST_STEP][PASSED] - setText(findTestObject(path_SearchProfile + "input_Criteria"), criteria): Text 'PaymentsAmEx' is set on object 'Object Repository/AdminSuiteBootstrap_Pages/VSP_Bootstrap/SearchProfile/input_Criteria'

2023-02-22 18:41:27 - [MESSAGE][PASSED] - Text 'PaymentsAmEx' is set on object 'Object Repository/AdminSuiteBootstrap_Pages/VSP_Bootstrap/SearchProfile/input_Criteria'

2023-02-22 18:41:27 - [TEST_STEP][PASSED] - click(findTestObject(path_SearchProfile + "button_Search")): Object: 'Object Repository/AdminSuiteBootstrap_Pages/VSP_Bootstrap/SearchProfile/button_Search' is clicked on

2023-02-22 18:41:28 - [MESSAGE][PASSED] - Object: 'Object Repository/AdminSuiteBootstrap_Pages/VSP_Bootstrap/SearchProfile/button_Search' is clicked on

2023-02-22 18:41:28 - [TEST_STEP][PASSED] - profNameLink = findTestData(dataFile).getValue("ProfileNameLink", row): null

2023-02-22 18:41:28 - [TEST_STEP][PASSED] - click(findTestObject(path_ViewProfile + profNameLink)): Object: 'Object Repository/AdminSuiteBootstrap_Pages/VSP_Bootstrap/View Profile/a_PaymentsAmEx' is clicked on

2023-02-22 18:41:29 - [MESSAGE][PASSED] - Object: 'Object Repository/AdminSuiteBootstrap_Pages/VSP_Bootstrap/View Profile/a_PaymentsAmEx' is clicked on

2023-02-22 18:41:29 - [TEST_STEP][PASSED] - click(findTestObject(path_ViewProfile + "a_AuthCap")): Object: 'Object Repository/AdminSuiteBootstrap_Pages/VSP_Bootstrap/View Profile/a_AuthCap' is clicked on

2023-02-22 18:41:31 - [MESSAGE][PASSED] - Object: 'Object Repository/AdminSuiteBootstrap_Pages/VSP_Bootstrap/View Profile/a_AuthCap' is clicked on

2023-02-22 18:41:31 - [TEST_STEP][PASSED] - verifyTextPresent("Credit Card Authorization Capture", true): Text 'Credit Card Authorization Capture' is present on page  using regular expression

2023-02-22 18:41:32 - [MESSAGE][PASSED] - Text 'Credit Card Authorization Capture' is present on page  using regular expression

2023-02-22 18:41:32 - [TEST_STEP][PASSED] - verifyTextPresent("Sale", true): Text 'Sale' is present on page  using regular expression

2023-02-22 18:41:32 - [MESSAGE][PASSED] - Text 'Sale' is present on page  using regular expression

2023-02-22 18:41:32 - [TEST_STEP][PASSED] - verifyTextPresent("Required fields are highlighted with an asterisk", true): Text 'Required fields are highlighted with an asterisk' is present on page  using regular expression

2023-02-22 18:41:32 - [MESSAGE][PASSED] - Text 'Required fields are highlighted with an asterisk' is present on page  using regular expression

2023-02-22 18:41:32 - [TEST_STEP][PASSED] - verifyTextPresent("Remittance ID", true): Text 'Remittance ID' is present on page  using regular expression

2023-02-22 18:41:33 - [MESSAGE][PASSED] - Text 'Remittance ID' is present on page  using regular expression

2023-02-22 18:41:33 - [TEST_STEP][PASSED] - vspBootstrap.SalePage.setDataSaleAndAuth(row, dataFile): vspBootstrap.SalePage.setDataSaleAndAuth is PASSED

2023-02-22 18:41:34 - [MESSAGE][PASSED] - All options with value 'MOTO' are selected in object 'Object Repository/AdminSuiteBootstrap_Pages/VSP_Bootstrap/VSP_Authcap/select_TransactionCategory'  using regular expression

2023-02-22 18:41:35 - [MESSAGE][PASSED] - Text '1234' is set on object 'Object Repository/AdminSuiteBootstrap_Pages/VSP_Bootstrap/VSP_Authcap/input_cvv'

2023-02-22 18:41:36 - [MESSAGE][PASSED] - Text '' is set on object 'Object Repository/AdminSuiteBootstrap_Pages/VSP_Bootstrap/VSP_Authcap/input_smsNumber'

2023-02-22 18:41:36 - [MESSAGE][PASSED] - Text '2.50' is set on object 'Object Repository/AdminSuiteBootstrap_Pages/VSP_Bootstrap/VSP_Authcap/input_amount'

2023-02-22 18:41:37 - [MESSAGE][PASSED] - Text 'Delhi' is set on object 'Object Repository/AdminSuiteBootstrap_Pages/VSP_Bootstrap/VSP_Authcap/input_userDefined1'

2023-02-22 18:41:38 - [MESSAGE][PASSED] - Text 'Chennai' is set on object 'Object Repository/AdminSuiteBootstrap_Pages/VSP_Bootstrap/VSP_Authcap/input_userDefined2'

2023-02-22 18:41:39 - [MESSAGE][PASSED] - Text 'Mumbai' is set on object 'Object Repository/AdminSuiteBootstrap_Pages/VSP_Bootstrap/VSP_Authcap/input_userDefined3'

2023-02-22 18:41:40 - [MESSAGE][PASSED] - Text 'Kanpur' is set on object 'Object Repository/AdminSuiteBootstrap_Pages/VSP_Bootstrap/VSP_Authcap/input_userDefined4'

2023-02-22 18:41:41 - [MESSAGE][PASSED] - All options with label 'Orange' are selected in object 'Object Repository/AdminSuiteBootstrap_Pages/VSP_Bootstrap/VSP_Authcap/select_UDF5'  using regular expression

2023-02-22 18:41:42 - [MESSAGE][PASSED] - All options with label 'Yellow' are selected in object 'Object Repository/AdminSuiteBootstrap_Pages/VSP_Bootstrap/VSP_Authcap/select_UDF6'  using regular expression

2023-02-22 18:41:42 - [MESSAGE][PASSED] - Text 'Kolkata' is set on object 'Object Repository/AdminSuiteBootstrap_Pages/VSP_Bootstrap/VSP_Authcap/input_userDefined7'

2023-02-22 18:41:43 - [MESSAGE][PASSED] - Text 'Pune' is set on object 'Object Repository/AdminSuiteBootstrap_Pages/VSP_Bootstrap/VSP_Authcap/input_userDefined8'

2023-02-22 18:41:44 - [MESSAGE][PASSED] - Text 'Bhavnagar' is set on object 'Object Repository/AdminSuiteBootstrap_Pages/VSP_Bootstrap/VSP_Authcap/input_userDefined9'

2023-02-22 18:41:44 - [MESSAGE][PASSED] - Text 'Noida' is set on object 'Object Repository/AdminSuiteBootstrap_Pages/VSP_Bootstrap/VSP_Authcap/input_userDefined10'

2023-02-22 18:41:46 - [MESSAGE][PASSED] - Object: 'Object Repository/AdminSuiteBootstrap_Pages/VSP_Bootstrap/VSP_Authcap/button_Submit' is clicked on

2023-02-22 18:41:46 - [MESSAGE][PASSED] - vspBootstrap.SalePage.setDataSaleAndAuth is PASSED

2023-02-22 18:41:46 - [TEST_STEP][PASSED] - verifyTextPresent("Transaction Successful", true): Text 'Transaction Successful' is present on page  using regular expression

2023-02-22 18:41:47 - [MESSAGE][PASSED] - Text 'Transaction Successful' is present on page  using regular expression

2023-02-22 18:41:47 - [TEST_STEP][PASSED] - verifyElementVisible(findTestObject("Object Repository/AdminSuiteBootstrap_Pages/VT_Bootstrap/Receipt/button_Continue")): Object 'Object Repository/AdminSuiteBootstrap_Pages/VT_Bootstrap/Receipt/button_Continue' is visible

2023-02-22 18:41:47 - [MESSAGE][PASSED] - Object 'Object Repository/AdminSuiteBootstrap_Pages/VT_Bootstrap/Receipt/button_Continue' is visible

2023-02-22 18:41:47 - [TEST_STEP][PASSED] - verifyElementPresent(findTestObject("Object Repository/AdminSuiteBootstrap_Pages/VT_Bootstrap/Receipt/button_Continue"), 20): Object 'Object Repository/AdminSuiteBootstrap_Pages/VT_Bootstrap/Receipt/button_Continue' is present

2023-02-22 18:41:47 - [MESSAGE][PASSED] - Object 'Object Repository/AdminSuiteBootstrap_Pages/VT_Bootstrap/Receipt/button_Continue' is present

2023-02-22 18:41:47 - [TEST_STEP][PASSED] - verifyElementVisible(findTestObject("Object Repository/AdminSuiteBootstrap_Pages/VT_Bootstrap/Receipt/button_Print")): Object 'Object Repository/AdminSuiteBootstrap_Pages/VT_Bootstrap/Receipt/button_Print' is visible

2023-02-22 18:41:48 - [MESSAGE][PASSED] - Object 'Object Repository/AdminSuiteBootstrap_Pages/VT_Bootstrap/Receipt/button_Print' is visible

2023-02-22 18:41:48 - [TEST_STEP][PASSED] - verifyElementPresent(findTestObject("Object Repository/AdminSuiteBootstrap_Pages/VT_Bootstrap/Receipt/button_Print"), 20): Object 'Object Repository/AdminSuiteBootstrap_Pages/VT_Bootstrap/Receipt/button_Print' is present

2023-02-22 18:41:48 - [MESSAGE][PASSED] - Object 'Object Repository/AdminSuiteBootstrap_Pages/VT_Bootstrap/Receipt/button_Print' is present

2023-02-22 18:41:48 - [TEST_STEP][PASSED] - verifyTextPresent("Remittance ID", true): Text 'Remittance ID' is present on page  using regular expression

2023-02-22 18:41:48 - [MESSAGE][PASSED] - Text 'Remittance ID' is present on page  using regular expression

2023-02-22 18:41:48 - [TEST_STEP][PASSED] - verifyTextPresent("Received", true): Text 'Received' is present on page  using regular expression

2023-02-22 18:41:49 - [MESSAGE][PASSED] - Text 'Received' is present on page  using regular expression

2023-02-22 18:41:49 - [TEST_STEP][PASSED] - verifyTextPresent("UDF1", true): Text 'UDF1' is present on page  using regular expression

2023-02-22 18:41:49 - [MESSAGE][PASSED] - Text 'UDF1' is present on page  using regular expression

2023-02-22 18:41:49 - [TEST_STEP][PASSED] - verifyTextPresent("UDF2", true): Text 'UDF2' is present on page  using regular expression

2023-02-22 18:41:49 - [MESSAGE][PASSED] - Text 'UDF2' is present on page  using regular expression

2023-02-22 18:41:49 - [TEST_STEP][PASSED] - verifyTextPresent("UDF3", true): Text 'UDF3' is present on page  using regular expression

2023-02-22 18:41:50 - [MESSAGE][PASSED] - Text 'UDF3' is present on page  using regular expression

2023-02-22 18:41:50 - [TEST_STEP][PASSED] - verifyTextPresent("UDF4", true): Text 'UDF4' is present on page  using regular expression

2023-02-22 18:41:50 - [MESSAGE][PASSED] - Text 'UDF4' is present on page  using regular expression

2023-02-22 18:41:50 - [TEST_STEP][PASSED] - verifyTextPresent("UDF5", true): Text 'UDF5' is present on page  using regular expression

2023-02-22 18:41:50 - [MESSAGE][PASSED] - Text 'UDF5' is present on page  using regular expression

2023-02-22 18:41:50 - [TEST_STEP][PASSED] - verifyTextPresent("UDF6", true): Text 'UDF6' is present on page  using regular expression

2023-02-22 18:41:51 - [MESSAGE][PASSED] - Text 'UDF6' is present on page  using regular expression

2023-02-22 18:41:51 - [TEST_STEP][PASSED] - verifyTextPresent("UDF7", true): Text 'UDF7' is present on page  using regular expression

2023-02-22 18:41:51 - [MESSAGE][PASSED] - Text 'UDF7' is present on page  using regular expression

2023-02-22 18:41:51 - [TEST_STEP][PASSED] - verifyTextPresent("UDF8", true): Text 'UDF8' is present on page  using regular expression

2023-02-22 18:41:51 - [MESSAGE][PASSED] - Text 'UDF8' is present on page  using regular expression

2023-02-22 18:41:51 - [TEST_STEP][PASSED] - verifyTextPresent("UDF9", true): Text 'UDF9' is present on page  using regular expression

2023-02-22 18:41:52 - [MESSAGE][PASSED] - Text 'UDF9' is present on page  using regular expression

2023-02-22 18:41:52 - [TEST_STEP][PASSED] - verifyTextPresent("UDF 10", true): Text 'UDF 10' is present on page  using regular expression

2023-02-22 18:41:52 - [MESSAGE][PASSED] - Text 'UDF 10' is present on page  using regular expression

2023-02-22 18:41:52 - [TEST_STEP][PASSED] - verifyTextPresent("Delhi", true): Text 'Delhi' is present on page  using regular expression

2023-02-22 18:41:52 - [MESSAGE][PASSED] - Text 'Delhi' is present on page  using regular expression

2023-02-22 18:41:52 - [TEST_STEP][PASSED] - verifyTextPresent("Chennai", true): Text 'Chennai' is present on page  using regular expression

2023-02-22 18:41:53 - [MESSAGE][PASSED] - Text 'Chennai' is present on page  using regular expression

2023-02-22 18:41:53 - [TEST_STEP][PASSED] - verifyTextPresent("Mumbai", true): Text 'Mumbai' is present on page  using regular expression

2023-02-22 18:41:53 - [MESSAGE][PASSED] - Text 'Mumbai' is present on page  using regular expression

2023-02-22 18:41:53 - [TEST_STEP][PASSED] - verifyTextPresent("Kanpur", true): Text 'Kanpur' is present on page  using regular expression

2023-02-22 18:41:53 - [MESSAGE][PASSED] - Text 'Kanpur' is present on page  using regular expression

2023-02-22 18:41:53 - [TEST_STEP][PASSED] - verifyTextPresent("Orange Recorded", true): Text 'Orange Recorded' is present on page  using regular expression

2023-02-22 18:41:54 - [MESSAGE][PASSED] - Text 'Orange Recorded' is present on page  using regular expression

2023-02-22 18:41:54 - [TEST_STEP][PASSED] - verifyTextPresent("Yellow Recorded", true): Text 'Yellow Recorded' is present on page  using regular expression

2023-02-22 18:41:54 - [MESSAGE][PASSED] - Text 'Yellow Recorded' is present on page  using regular expression

2023-02-22 18:41:54 - [TEST_STEP][PASSED] - verifyTextPresent("Kolkata", true): Text 'Kolkata' is present on page  using regular expression

2023-02-22 18:41:54 - [MESSAGE][PASSED] - Text 'Kolkata' is present on page  using regular expression

2023-02-22 18:41:54 - [TEST_STEP][PASSED] - verifyTextPresent("Pune", true): Text 'Pune' is present on page  using regular expression

2023-02-22 18:41:55 - [MESSAGE][PASSED] - Text 'Pune' is present on page  using regular expression

2023-02-22 18:41:55 - [TEST_STEP][PASSED] - verifyTextPresent("Bhavnagar", true): Text 'Bhavnagar' is present on page  using regular expression

2023-02-22 18:41:55 - [MESSAGE][PASSED] - Text 'Bhavnagar' is present on page  using regular expression

2023-02-22 18:41:55 - [TEST_STEP][PASSED] - verifyTextPresent("Noida", true): Text 'Noida' is present on page  using regular expression

2023-02-22 18:41:55 - [MESSAGE][PASSED] - Text 'Noida' is present on page  using regular expression

2023-02-22 18:41:55 - [TEST_STEP][PASSED] - verifyTextPresent("Amount", true): Text 'Amount' is present on page  using regular expression

2023-02-22 18:41:56 - [MESSAGE][PASSED] - Text 'Amount' is present on page  using regular expression

2023-02-22 18:41:56 - [TEST_STEP][PASSED] - verifyTextPresent("2.50", true): Text '2.50' is present on page  using regular expression

2023-02-22 18:41:56 - [MESSAGE][PASSED] - Text '2.50' is present on page  using regular expression

2023-02-22 18:41:56 - [TEST_STEP][PASSED] - verifyTextPresent("Authorization and Capture", true): Text 'Authorization and Capture' is present on page  using regular expression

2023-02-22 18:41:56 - [MESSAGE][PASSED] - Text 'Authorization and Capture' is present on page  using regular expression

2023-02-22 18:41:56 - [TEST_STEP][PASSED] - verifyTextPresent("Card Information", true): Text 'Card Information' is present on page  using regular expression

2023-02-22 18:41:57 - [MESSAGE][PASSED] - Text 'Card Information' is present on page  using regular expression

2023-02-22 18:41:57 - [TEST_STEP][PASSED] - verifyTextPresent("TANDON RAVENA", true): Text 'TANDON RAVENA' is present on page  using regular expression

2023-02-22 18:41:57 - [MESSAGE][PASSED] - Text 'TANDON RAVENA' is present on page  using regular expression

2023-02-22 18:41:57 - [TEST_STEP][PASSED] - verifyTextPresent("Address Line 1", true): Text 'Address Line 1' is present on page  using regular expression

2023-02-22 18:41:57 - [MESSAGE][PASSED] - Text 'Address Line 1' is present on page  using regular expression

2023-02-22 18:41:57 - [TEST_STEP][PASSED] - verifyTextPresent("Address Line 2", true): Text 'Address Line 2' is present on page  using regular expression

2023-02-22 18:41:58 - [MESSAGE][PASSED] - Text 'Address Line 2' is present on page  using regular expression

2023-02-22 18:41:58 - [TEST_STEP][PASSED] - verifyTextPresent("Country", true): Text 'Country' is present on page  using regular expression

2023-02-22 18:41:58 - [MESSAGE][PASSED] - Text 'Country' is present on page  using regular expression

2023-02-22 18:41:58 - [TEST_STEP][PASSED] - verifyTextPresent("City", true): Text 'City' is present on page  using regular expression

2023-02-22 18:41:58 - [MESSAGE][PASSED] - Text 'City' is present on page  using regular expression

2023-02-22 18:41:58 - [TEST_STEP][PASSED] - verifyTextPresent("State", true): Text 'State' is present on page  using regular expression

2023-02-22 18:41:58 - [MESSAGE][PASSED] - Text 'State' is present on page  using regular expression

2023-02-22 18:41:58 - [TEST_STEP][PASSED] - verifyTextPresent("ZIP Code", true): Text 'ZIP Code' is present on page  using regular expression

2023-02-22 18:41:59 - [MESSAGE][PASSED] - Text 'ZIP Code' is present on page  using regular expression

2023-02-22 18:41:59 - [TEST_STEP][PASSED] - verifyTextPresent("248 PhoolKaante road", true): Text '248 PhoolKaante road' is present on page  using regular expression

2023-02-22 18:41:59 - [MESSAGE][PASSED] - Text '248 PhoolKaante road' is present on page  using regular expression

2023-02-22 18:41:59 - [TEST_STEP][PASSED] - verifyTextPresent("Suite 678", true): Text 'Suite 678' is present on page  using regular expression

2023-02-22 18:41:59 - [MESSAGE][PASSED] - Text 'Suite 678' is present on page  using regular expression

2023-02-22 18:41:59 - [TEST_STEP][PASSED] - verifyTextPresent("United States", true): Text 'United States' is present on page  using regular expression

2023-02-22 18:42:00 - [MESSAGE][PASSED] - Text 'United States' is present on page  using regular expression

2023-02-22 18:42:00 - [TEST_STEP][PASSED] - verifyTextPresent("ARLINGTON", true): Text 'ARLINGTON' is present on page  using regular expression

2023-02-22 18:42:00 - [MESSAGE][PASSED] - Text 'ARLINGTON' is present on page  using regular expression

2023-02-22 18:42:00 - [TEST_STEP][PASSED] - verifyTextPresent("VA", true): Text 'VA' is present on page  using regular expression

2023-02-22 18:42:00 - [MESSAGE][PASSED] - Text 'VA' is present on page  using regular expression

2023-02-22 18:42:00 - [TEST_STEP][PASSED] - verifyTextPresent("22201", true): Text '22201' is present on page  using regular expression

2023-02-22 18:42:01 - [MESSAGE][PASSED] - Text '22201' is present on page  using regular expression

2023-02-22 18:42:01 - [TEST_STEP][PASSED] - cardTypeV = findTestData(dataFile).getValue("CardType", row): null

2023-02-22 18:42:01 - [TEST_STEP][PASSED] - last4V = findTestData(dataFile).getValue("Last4", row): null

2023-02-22 18:42:01 - [TEST_STEP][PASSED] - verifyTextPresent(cardTypeV, true): Text 'American Express' is present on page  using regular expression

2023-02-22 18:42:01 - [MESSAGE][PASSED] - Text 'American Express' is present on page  using regular expression

2023-02-22 18:42:01 - [TEST_STEP][PASSED] - verifyTextPresent(last4V, true): Text '2376' is present on page  using regular expression

2023-02-22 18:42:01 - [MESSAGE][PASSED] - Text '2376' is present on page  using regular expression

2023-02-22 18:42:01 - [TEST_STEP][PASSED] - switch (appName): null

2023-02-22 18:42:01 - [TEST_STEP][PASSED] - case "a_Access AutoSingleCFtpQA":: null

2023-02-22 18:42:01 - [TEST_STEP][PASSED] - verifyTextPresent("5.00", true): Text '5.00' is present on page  using regular expression

2023-02-22 18:42:02 - [MESSAGE][PASSED] - Text '5.00' is present on page  using regular expression

2023-02-22 18:42:02 - [TEST_STEP][PASSED] - verifyTextPresent("Single Transaction", true): Text 'Single Transaction' is present on page  using regular expression

2023-02-22 18:42:02 - [MESSAGE][PASSED] - Text 'Single Transaction' is present on page  using regular expression

2023-02-22 18:42:02 - [TEST_STEP][PASSED] - verifyTextPresent("7.50", true): Text '7.50' is present on page  using regular expression

2023-02-22 18:42:02 - [MESSAGE][PASSED] - Text '7.50' is present on page  using regular expression

2023-02-22 18:42:02 - [TEST_STEP][PASSED] - verifyTextPresent("Total Amount", true): Text 'Total Amount' is present on page  using regular expression

2023-02-22 18:42:03 - [MESSAGE][PASSED] - Text 'Total Amount' is present on page  using regular expression

2023-02-22 18:42:03 - [TEST_STEP][PASSED] - verifyTextPresent("Transaction Type", true): Text 'Transaction Type' is present on page  using regular expression

2023-02-22 18:42:03 - [MESSAGE][PASSED] - Text 'Transaction Type' is present on page  using regular expression

2023-02-22 18:42:03 - [TEST_STEP][PASSED] - break: null

2023-02-22 18:42:03 - [TEST_STEP][PASSED] - closeBrowser(): Browser is closed

2023-02-22 18:42:04 - [MESSAGE][PASSED] - Browser is closed

2023-02-22 18:42:04 - [TEST_STEP][PASSED] - ExecuteTC = findTestData(dataFile).getValue("Execute", row): null

2023-02-22 18:42:04 - [TEST_STEP][PASSED] - out.println("Value of Execute is : " + ExecuteTC): null

2023-02-22 18:42:04 - [TEST_STEP][PASSED] - switch (executionProfile): null

2023-02-22 18:42:04 - [TEST_STEP][PASSED] - case "QAProfile":: null

2023-02-22 18:42:04 - [TEST_STEP][PASSED] - appName = findTestData(dataFile).getValue("AppNameQA", row): null

2023-02-22 18:42:04 - [TEST_STEP][PASSED] - appID = findTestData(dataFile).getValue("AppIDQA", row): null

2023-02-22 18:42:04 - [TEST_STEP][PASSED] - break: null

2023-02-22 18:42:04 - [TEST_STEP][PASSED] - if (ExecuteTC.equalsIgnoreCase("Y")): null

2023-02-22 18:42:04 - [TEST_STEP][PASSED] - out.println("Begin Record Number: " + row): null

2023-02-22 18:42:04 - [TEST_STEP][PASSED] - today = new java.util.Date(): null

2023-02-22 18:42:04 - [TEST_STEP][PASSED] - println(today): null

2023-02-22 18:42:04 - [TEST_STEP][PASSED] - datText = today: null

2023-02-22 18:42:04 - [TEST_STEP][PASSED] - adminSuiteBootstrap.loginFunctionality.login_AdminSuite(): adminSuiteBootstrap.loginFunctionality.login_AdminSuite is PASSED

2023-02-22 18:42:04 - [MESSAGE][INFO] - Starting 'Chrome' driver

2023-02-22 18:42:04 - [MESSAGE][INFO] - User set preference: ['acceptInsecureCerts', 'true']

2023-02-22 18:42:04 - [MESSAGE][INFO] - Action delay is set to 0 milliseconds

2023-02-22 18:42:06 - [MESSAGE][PASSED] - Browser is opened with url: 'https://qa.velocitypayment.com/admin/imtiaz'

2023-02-22 18:42:06 - [MESSAGE][PASSED] - Current window maximized

2023-02-22 18:42:07 - [MESSAGE][PASSED] - Object 'Object Repository/Login_Page/Login_Username' is present

2023-02-22 18:42:07 - [MESSAGE][PASSED] - Text 'iahmed' is set on object 'Object Repository/Login_Page/Login_Username'

2023-02-22 18:42:08 - [MESSAGE][PASSED] - Text 'hello2222' is set on object 'Object Repository/Login_Page/Login_Password'

2023-02-22 18:42:11 - [MESSAGE][PASSED] - Object: 'Object Repository/Login_Page/Login_Submit' is clicked on

2023-02-22 18:42:11 - [MESSAGE][PASSED] - adminSuiteBootstrap.loginFunctionality.login_AdminSuite is PASSED

2023-02-22 18:42:11 - [TEST_STEP][PASSED] - click(findTestObject(path_Dashboard + appName)): Object: 'Object Repository/AdminSuiteBootstrap_Pages/Dashboard_Bootstrap/a_Access AutoSingleCFtpQA' is clicked on

2023-02-22 18:42:12 - [MESSAGE][PASSED] - Object: 'Object Repository/AdminSuiteBootstrap_Pages/Dashboard_Bootstrap/a_Access AutoSingleCFtpQA' is clicked on

2023-02-22 18:42:12 - [TEST_STEP][PASSED] - click(findTestObject(path_VT + "a_Find Profile")): Object: 'Object Repository/AdminSuiteBootstrap_Pages/VT_Bootstrap/IssueTransactions/a_Find Profile' is clicked on

2023-02-22 18:42:13 - [MESSAGE][PASSED] - Object: 'Object Repository/AdminSuiteBootstrap_Pages/VT_Bootstrap/IssueTransactions/a_Find Profile' is clicked on

2023-02-22 18:42:13 - [TEST_STEP][PASSED] - criteria = <not implemented yet for class: org.codehaus.groovy.ast.expr.EmptyExpression>: null

2023-02-22 18:42:13 - [TEST_STEP][PASSED] - searchBy = <not implemented yet for class: org.codehaus.groovy.ast.expr.EmptyExpression>: null

2023-02-22 18:42:13 - [TEST_STEP][PASSED] - criteria = findTestData(dataFile).getValue("ProfileName", row): null

2023-02-22 18:42:13 - [TEST_STEP][PASSED] - path_SearchProfile = "Object Repository/AdminSuiteBootstrap_Pages/VSP_Bootstrap/SearchProfile/": null

2023-02-22 18:42:13 - [TEST_STEP][PASSED] - setText(findTestObject(path_SearchProfile + "input_Criteria"), criteria): Text 'PaymentsDI' is set on object 'Object Repository/AdminSuiteBootstrap_Pages/VSP_Bootstrap/SearchProfile/input_Criteria'

2023-02-22 18:42:14 - [MESSAGE][PASSED] - Text 'PaymentsDI' is set on object 'Object Repository/AdminSuiteBootstrap_Pages/VSP_Bootstrap/SearchProfile/input_Criteria'

2023-02-22 18:42:14 - [TEST_STEP][PASSED] - click(findTestObject(path_SearchProfile + "button_Search")): Object: 'Object Repository/AdminSuiteBootstrap_Pages/VSP_Bootstrap/SearchProfile/button_Search' is clicked on

2023-02-22 18:42:15 - [MESSAGE][PASSED] - Object: 'Object Repository/AdminSuiteBootstrap_Pages/VSP_Bootstrap/SearchProfile/button_Search' is clicked on

2023-02-22 18:42:15 - [TEST_STEP][PASSED] - profNameLink = findTestData(dataFile).getValue("ProfileNameLink", row): null

2023-02-22 18:42:15 - [TEST_STEP][PASSED] - click(findTestObject(path_ViewProfile + profNameLink)): Object: 'Object Repository/AdminSuiteBootstrap_Pages/VSP_Bootstrap/View Profile/a_PaymentsDI' is clicked on

2023-02-22 18:42:16 - [MESSAGE][PASSED] - Object: 'Object Repository/AdminSuiteBootstrap_Pages/VSP_Bootstrap/View Profile/a_PaymentsDI' is clicked on

2023-02-22 18:42:16 - [TEST_STEP][PASSED] - click(findTestObject(path_ViewProfile + "a_AuthCap")): Object: 'Object Repository/AdminSuiteBootstrap_Pages/VSP_Bootstrap/View Profile/a_AuthCap' is clicked on

2023-02-22 18:42:17 - [MESSAGE][PASSED] - Object: 'Object Repository/AdminSuiteBootstrap_Pages/VSP_Bootstrap/View Profile/a_AuthCap' is clicked on

2023-02-22 18:42:17 - [TEST_STEP][PASSED] - verifyTextPresent("Credit Card Authorization Capture", true): Text 'Credit Card Authorization Capture' is present on page  using regular expression

2023-02-22 18:42:18 - [MESSAGE][PASSED] - Text 'Credit Card Authorization Capture' is present on page  using regular expression

2023-02-22 18:42:18 - [TEST_STEP][PASSED] - verifyTextPresent("Sale", true): Text 'Sale' is present on page  using regular expression

2023-02-22 18:42:18 - [MESSAGE][PASSED] - Text 'Sale' is present on page  using regular expression

2023-02-22 18:42:18 - [TEST_STEP][PASSED] - verifyTextPresent("Required fields are highlighted with an asterisk", true): Text 'Required fields are highlighted with an asterisk' is present on page  using regular expression

2023-02-22 18:42:19 - [MESSAGE][PASSED] - Text 'Required fields are highlighted with an asterisk' is present on page  using regular expression

2023-02-22 18:42:19 - [TEST_STEP][PASSED] - verifyTextPresent("Remittance ID", true): Text 'Remittance ID' is present on page  using regular expression

2023-02-22 18:42:19 - [MESSAGE][PASSED] - Text 'Remittance ID' is present on page  using regular expression

2023-02-22 18:42:19 - [TEST_STEP][PASSED] - vspBootstrap.SalePage.setDataSaleAndAuth(row, dataFile): vspBootstrap.SalePage.setDataSaleAndAuth is PASSED

2023-02-22 18:42:21 - [MESSAGE][PASSED] - All options with value 'MOTO' are selected in object 'Object Repository/AdminSuiteBootstrap_Pages/VSP_Bootstrap/VSP_Authcap/select_TransactionCategory'  using regular expression

2023-02-22 18:42:21 - [MESSAGE][PASSED] - Text '123' is set on object 'Object Repository/AdminSuiteBootstrap_Pages/VSP_Bootstrap/VSP_Authcap/input_cvv'

2023-02-22 18:42:22 - [MESSAGE][PASSED] - Text '' is set on object 'Object Repository/AdminSuiteBootstrap_Pages/VSP_Bootstrap/VSP_Authcap/input_smsNumber'

2023-02-22 18:42:23 - [MESSAGE][PASSED] - Text '2.50' is set on object 'Object Repository/AdminSuiteBootstrap_Pages/VSP_Bootstrap/VSP_Authcap/input_amount'

2023-02-22 18:42:24 - [MESSAGE][PASSED] - Text 'Delhi' is set on object 'Object Repository/AdminSuiteBootstrap_Pages/VSP_Bootstrap/VSP_Authcap/input_userDefined1'

2023-02-22 18:42:24 - [MESSAGE][PASSED] - Text 'Chennai' is set on object 'Object Repository/AdminSuiteBootstrap_Pages/VSP_Bootstrap/VSP_Authcap/input_userDefined2'

2023-02-22 18:42:25 - [MESSAGE][PASSED] - Text 'Mumbai' is set on object 'Object Repository/AdminSuiteBootstrap_Pages/VSP_Bootstrap/VSP_Authcap/input_userDefined3'

2023-02-22 18:42:26 - [MESSAGE][PASSED] - Text 'Kanpur' is set on object 'Object Repository/AdminSuiteBootstrap_Pages/VSP_Bootstrap/VSP_Authcap/input_userDefined4'

2023-02-22 18:42:27 - [MESSAGE][PASSED] - All options with label 'Orange' are selected in object 'Object Repository/AdminSuiteBootstrap_Pages/VSP_Bootstrap/VSP_Authcap/select_UDF5'  using regular expression

2023-02-22 18:42:28 - [MESSAGE][PASSED] - All options with label 'Yellow' are selected in object 'Object Repository/AdminSuiteBootstrap_Pages/VSP_Bootstrap/VSP_Authcap/select_UDF6'  using regular expression

2023-02-22 18:42:28 - [MESSAGE][PASSED] - Text 'Kolkata' is set on object 'Object Repository/AdminSuiteBootstrap_Pages/VSP_Bootstrap/VSP_Authcap/input_userDefined7'

2023-02-22 18:42:29 - [MESSAGE][PASSED] - Text 'Pune' is set on object 'Object Repository/AdminSuiteBootstrap_Pages/VSP_Bootstrap/VSP_Authcap/input_userDefined8'

2023-02-22 18:42:30 - [MESSAGE][PASSED] - Text 'Bhavnagar' is set on object 'Object Repository/AdminSuiteBootstrap_Pages/VSP_Bootstrap/VSP_Authcap/input_userDefined9'

2023-02-22 18:42:31 - [MESSAGE][PASSED] - Text 'Noida' is set on object 'Object Repository/AdminSuiteBootstrap_Pages/VSP_Bootstrap/VSP_Authcap/input_userDefined10'

2023-02-22 18:42:32 - [MESSAGE][PASSED] - Object: 'Object Repository/AdminSuiteBootstrap_Pages/VSP_Bootstrap/VSP_Authcap/button_Submit' is clicked on

2023-02-22 18:42:32 - [MESSAGE][PASSED] - vspBootstrap.SalePage.setDataSaleAndAuth is PASSED

2023-02-22 18:42:32 - [TEST_STEP][PASSED] - verifyTextPresent("Transaction Successful", true): Text 'Transaction Successful' is present on page  using regular expression

2023-02-22 18:42:33 - [MESSAGE][PASSED] - Text 'Transaction Successful' is present on page  using regular expression

2023-02-22 18:42:33 - [TEST_STEP][PASSED] - verifyElementVisible(findTestObject("Object Repository/AdminSuiteBootstrap_Pages/VT_Bootstrap/Receipt/button_Continue")): Object 'Object Repository/AdminSuiteBootstrap_Pages/VT_Bootstrap/Receipt/button_Continue' is visible

2023-02-22 18:42:33 - [MESSAGE][PASSED] - Object 'Object Repository/AdminSuiteBootstrap_Pages/VT_Bootstrap/Receipt/button_Continue' is visible

2023-02-22 18:42:33 - [TEST_STEP][PASSED] - verifyElementPresent(findTestObject("Object Repository/AdminSuiteBootstrap_Pages/VT_Bootstrap/Receipt/button_Continue"), 20): Object 'Object Repository/AdminSuiteBootstrap_Pages/VT_Bootstrap/Receipt/button_Continue' is present

2023-02-22 18:42:34 - [MESSAGE][PASSED] - Object 'Object Repository/AdminSuiteBootstrap_Pages/VT_Bootstrap/Receipt/button_Continue' is present

2023-02-22 18:42:34 - [TEST_STEP][PASSED] - verifyElementVisible(findTestObject("Object Repository/AdminSuiteBootstrap_Pages/VT_Bootstrap/Receipt/button_Print")): Object 'Object Repository/AdminSuiteBootstrap_Pages/VT_Bootstrap/Receipt/button_Print' is visible

2023-02-22 18:42:34 - [MESSAGE][PASSED] - Object 'Object Repository/AdminSuiteBootstrap_Pages/VT_Bootstrap/Receipt/button_Print' is visible

2023-02-22 18:42:34 - [TEST_STEP][PASSED] - verifyElementPresent(findTestObject("Object Repository/AdminSuiteBootstrap_Pages/VT_Bootstrap/Receipt/button_Print"), 20): Object 'Object Repository/AdminSuiteBootstrap_Pages/VT_Bootstrap/Receipt/button_Print' is present

2023-02-22 18:42:34 - [MESSAGE][PASSED] - Object 'Object Repository/AdminSuiteBootstrap_Pages/VT_Bootstrap/Receipt/button_Print' is present

2023-02-22 18:42:34 - [TEST_STEP][PASSED] - verifyTextPresent("Remittance ID", true): Text 'Remittance ID' is present on page  using regular expression

2023-02-22 18:42:35 - [MESSAGE][PASSED] - Text 'Remittance ID' is present on page  using regular expression

2023-02-22 18:42:35 - [TEST_STEP][PASSED] - verifyTextPresent("Received", true): Text 'Received' is present on page  using regular expression

2023-02-22 18:42:35 - [MESSAGE][PASSED] - Text 'Received' is present on page  using regular expression

2023-02-22 18:42:35 - [TEST_STEP][PASSED] - verifyTextPresent("UDF1", true): Text 'UDF1' is present on page  using regular expression

2023-02-22 18:42:35 - [MESSAGE][PASSED] - Text 'UDF1' is present on page  using regular expression

2023-02-22 18:42:35 - [TEST_STEP][PASSED] - verifyTextPresent("UDF2", true): Text 'UDF2' is present on page  using regular expression

2023-02-22 18:42:36 - [MESSAGE][PASSED] - Text 'UDF2' is present on page  using regular expression

2023-02-22 18:42:36 - [TEST_STEP][PASSED] - verifyTextPresent("UDF3", true): Text 'UDF3' is present on page  using regular expression

2023-02-22 18:42:36 - [MESSAGE][PASSED] - Text 'UDF3' is present on page  using regular expression

2023-02-22 18:42:36 - [TEST_STEP][PASSED] - verifyTextPresent("UDF4", true): Text 'UDF4' is present on page  using regular expression

2023-02-22 18:42:36 - [MESSAGE][PASSED] - Text 'UDF4' is present on page  using regular expression

2023-02-22 18:42:36 - [TEST_STEP][PASSED] - verifyTextPresent("UDF5", true): Text 'UDF5' is present on page  using regular expression

2023-02-22 18:42:37 - [MESSAGE][PASSED] - Text 'UDF5' is present on page  using regular expression

2023-02-22 18:42:37 - [TEST_STEP][PASSED] - verifyTextPresent("UDF6", true): Text 'UDF6' is present on page  using regular expression

2023-02-22 18:42:37 - [MESSAGE][PASSED] - Text 'UDF6' is present on page  using regular expression

2023-02-22 18:42:37 - [TEST_STEP][PASSED] - verifyTextPresent("UDF7", true): Text 'UDF7' is present on page  using regular expression

2023-02-22 18:42:37 - [MESSAGE][PASSED] - Text 'UDF7' is present on page  using regular expression

2023-02-22 18:42:37 - [TEST_STEP][PASSED] - verifyTextPresent("UDF8", true): Text 'UDF8' is present on page  using regular expression

2023-02-22 18:42:38 - [MESSAGE][PASSED] - Text 'UDF8' is present on page  using regular expression

2023-02-22 18:42:38 - [TEST_STEP][PASSED] - verifyTextPresent("UDF9", true): Text 'UDF9' is present on page  using regular expression

2023-02-22 18:42:38 - [MESSAGE][PASSED] - Text 'UDF9' is present on page  using regular expression

2023-02-22 18:42:38 - [TEST_STEP][PASSED] - verifyTextPresent("UDF 10", true): Text 'UDF 10' is present on page  using regular expression

2023-02-22 18:42:38 - [MESSAGE][PASSED] - Text 'UDF 10' is present on page  using regular expression

2023-02-22 18:42:38 - [TEST_STEP][PASSED] - verifyTextPresent("Delhi", true): Text 'Delhi' is present on page  using regular expression

2023-02-22 18:42:39 - [MESSAGE][PASSED] - Text 'Delhi' is present on page  using regular expression

2023-02-22 18:42:39 - [TEST_STEP][PASSED] - verifyTextPresent("Chennai", true): Text 'Chennai' is present on page  using regular expression

2023-02-22 18:42:39 - [MESSAGE][PASSED] - Text 'Chennai' is present on page  using regular expression

2023-02-22 18:42:39 - [TEST_STEP][PASSED] - verifyTextPresent("Mumbai", true): Text 'Mumbai' is present on page  using regular expression

2023-02-22 18:42:39 - [MESSAGE][PASSED] - Text 'Mumbai' is present on page  using regular expression

2023-02-22 18:42:39 - [TEST_STEP][PASSED] - verifyTextPresent("Kanpur", true): Text 'Kanpur' is present on page  using regular expression

2023-02-22 18:42:40 - [MESSAGE][PASSED] - Text 'Kanpur' is present on page  using regular expression

2023-02-22 18:42:40 - [TEST_STEP][PASSED] - verifyTextPresent("Orange Recorded", true): Text 'Orange Recorded' is present on page  using regular expression

2023-02-22 18:42:40 - [MESSAGE][PASSED] - Text 'Orange Recorded' is present on page  using regular expression

2023-02-22 18:42:40 - [TEST_STEP][PASSED] - verifyTextPresent("Yellow Recorded", true): Text 'Yellow Recorded' is present on page  using regular expression

2023-02-22 18:42:40 - [MESSAGE][PASSED] - Text 'Yellow Recorded' is present on page  using regular expression

2023-02-22 18:42:40 - [TEST_STEP][PASSED] - verifyTextPresent("Kolkata", true): Text 'Kolkata' is present on page  using regular expression

2023-02-22 18:42:41 - [MESSAGE][PASSED] - Text 'Kolkata' is present on page  using regular expression

2023-02-22 18:42:41 - [TEST_STEP][PASSED] - verifyTextPresent("Pune", true): Text 'Pune' is present on page  using regular expression

2023-02-22 18:42:41 - [MESSAGE][PASSED] - Text 'Pune' is present on page  using regular expression

2023-02-22 18:42:41 - [TEST_STEP][PASSED] - verifyTextPresent("Bhavnagar", true): Text 'Bhavnagar' is present on page  using regular expression

2023-02-22 18:42:41 - [MESSAGE][PASSED] - Text 'Bhavnagar' is present on page  using regular expression

2023-02-22 18:42:41 - [TEST_STEP][PASSED] - verifyTextPresent("Noida", true): Text 'Noida' is present on page  using regular expression

2023-02-22 18:42:42 - [MESSAGE][PASSED] - Text 'Noida' is present on page  using regular expression

2023-02-22 18:42:42 - [TEST_STEP][PASSED] - verifyTextPresent("Amount", true): Text 'Amount' is present on page  using regular expression

2023-02-22 18:42:42 - [MESSAGE][PASSED] - Text 'Amount' is present on page  using regular expression

2023-02-22 18:42:42 - [TEST_STEP][PASSED] - verifyTextPresent("2.50", true): Text '2.50' is present on page  using regular expression

2023-02-22 18:42:42 - [MESSAGE][PASSED] - Text '2.50' is present on page  using regular expression

2023-02-22 18:42:42 - [TEST_STEP][PASSED] - verifyTextPresent("Authorization and Capture", true): Text 'Authorization and Capture' is present on page  using regular expression

2023-02-22 18:42:43 - [MESSAGE][PASSED] - Text 'Authorization and Capture' is present on page  using regular expression

2023-02-22 18:42:43 - [TEST_STEP][PASSED] - verifyTextPresent("Card Information", true): Text 'Card Information' is present on page  using regular expression

2023-02-22 18:42:43 - [MESSAGE][PASSED] - Text 'Card Information' is present on page  using regular expression

2023-02-22 18:42:43 - [TEST_STEP][PASSED] - verifyTextPresent("TANDON RAVENA", true): Text 'TANDON RAVENA' is present on page  using regular expression

2023-02-22 18:42:43 - [MESSAGE][PASSED] - Text 'TANDON RAVENA' is present on page  using regular expression

2023-02-22 18:42:43 - [TEST_STEP][PASSED] - verifyTextPresent("Address Line 1", true): Text 'Address Line 1' is present on page  using regular expression

2023-02-22 18:42:43 - [MESSAGE][PASSED] - Text 'Address Line 1' is present on page  using regular expression

2023-02-22 18:42:43 - [TEST_STEP][PASSED] - verifyTextPresent("Address Line 2", true): Text 'Address Line 2' is present on page  using regular expression

2023-02-22 18:42:44 - [MESSAGE][PASSED] - Text 'Address Line 2' is present on page  using regular expression

2023-02-22 18:42:44 - [TEST_STEP][PASSED] - verifyTextPresent("Country", true): Text 'Country' is present on page  using regular expression

2023-02-22 18:42:44 - [MESSAGE][PASSED] - Text 'Country' is present on page  using regular expression

2023-02-22 18:42:44 - [TEST_STEP][PASSED] - verifyTextPresent("City", true): Text 'City' is present on page  using regular expression

2023-02-22 18:42:44 - [MESSAGE][PASSED] - Text 'City' is present on page  using regular expression

2023-02-22 18:42:44 - [TEST_STEP][PASSED] - verifyTextPresent("State", true): Text 'State' is present on page  using regular expression

2023-02-22 18:42:45 - [MESSAGE][PASSED] - Text 'State' is present on page  using regular expression

2023-02-22 18:42:45 - [TEST_STEP][PASSED] - verifyTextPresent("ZIP Code", true): Text 'ZIP Code' is present on page  using regular expression

2023-02-22 18:42:45 - [MESSAGE][PASSED] - Text 'ZIP Code' is present on page  using regular expression

2023-02-22 18:42:45 - [TEST_STEP][PASSED] - verifyTextPresent("248 PhoolKaante road", true): Text '248 PhoolKaante road' is present on page  using regular expression

2023-02-22 18:42:46 - [MESSAGE][PASSED] - Text '248 PhoolKaante road' is present on page  using regular expression

2023-02-22 18:42:46 - [TEST_STEP][PASSED] - verifyTextPresent("Suite 678", true): Text 'Suite 678' is present on page  using regular expression

2023-02-22 18:42:46 - [MESSAGE][PASSED] - Text 'Suite 678' is present on page  using regular expression

2023-02-22 18:42:46 - [TEST_STEP][PASSED] - verifyTextPresent("United States", true): Text 'United States' is present on page  using regular expression

2023-02-22 18:42:46 - [MESSAGE][PASSED] - Text 'United States' is present on page  using regular expression

2023-02-22 18:42:46 - [TEST_STEP][PASSED] - verifyTextPresent("ARLINGTON", true): Text 'ARLINGTON' is present on page  using regular expression

2023-02-22 18:42:47 - [MESSAGE][PASSED] - Text 'ARLINGTON' is present on page  using regular expression

2023-02-22 18:42:47 - [TEST_STEP][PASSED] - verifyTextPresent("VA", true): Text 'VA' is present on page  using regular expression

2023-02-22 18:42:47 - [MESSAGE][PASSED] - Text 'VA' is present on page  using regular expression

2023-02-22 18:42:47 - [TEST_STEP][PASSED] - verifyTextPresent("22201", true): Text '22201' is present on page  using regular expression

2023-02-22 18:42:47 - [MESSAGE][PASSED] - Text '22201' is present on page  using regular expression

2023-02-22 18:42:47 - [TEST_STEP][PASSED] - cardTypeV = findTestData(dataFile).getValue("CardType", row): null

2023-02-22 18:42:47 - [TEST_STEP][PASSED] - last4V = findTestData(dataFile).getValue("Last4", row): null

2023-02-22 18:42:47 - [TEST_STEP][PASSED] - verifyTextPresent(cardTypeV, true): Text 'Discover' is present on page  using regular expression

2023-02-22 18:42:48 - [MESSAGE][PASSED] - Text 'Discover' is present on page  using regular expression

2023-02-22 18:42:48 - [TEST_STEP][PASSED] - verifyTextPresent(last4V, true): Text '6909' is present on page  using regular expression

2023-02-22 18:42:48 - [MESSAGE][PASSED] - Text '6909' is present on page  using regular expression

2023-02-22 18:42:48 - [TEST_STEP][PASSED] - switch (appName): null

2023-02-22 18:42:48 - [TEST_STEP][PASSED] - case "a_Access AutoSingleCFtpQA":: null

2023-02-22 18:42:48 - [TEST_STEP][PASSED] - verifyTextPresent("5.00", true): Text '5.00' is present on page  using regular expression

2023-02-22 18:42:48 - [MESSAGE][PASSED] - Text '5.00' is present on page  using regular expression

2023-02-22 18:42:48 - [TEST_STEP][PASSED] - verifyTextPresent("Single Transaction", true): Text 'Single Transaction' is present on page  using regular expression

2023-02-22 18:42:49 - [MESSAGE][PASSED] - Text 'Single Transaction' is present on page  using regular expression

2023-02-22 18:42:49 - [TEST_STEP][PASSED] - verifyTextPresent("7.50", true): Text '7.50' is present on page  using regular expression

2023-02-22 18:42:49 - [MESSAGE][PASSED] - Text '7.50' is present on page  using regular expression

2023-02-22 18:42:49 - [TEST_STEP][PASSED] - verifyTextPresent("Total Amount", true): Text 'Total Amount' is present on page  using regular expression

2023-02-22 18:42:49 - [MESSAGE][PASSED] - Text 'Total Amount' is present on page  using regular expression

2023-02-22 18:42:49 - [TEST_STEP][PASSED] - verifyTextPresent("Transaction Type", true): Text 'Transaction Type' is present on page  using regular expression

2023-02-22 18:42:50 - [MESSAGE][PASSED] - Text 'Transaction Type' is present on page  using regular expression

2023-02-22 18:42:50 - [TEST_STEP][PASSED] - break: null

2023-02-22 18:42:50 - [TEST_STEP][PASSED] - closeBrowser(): Browser is closed

2023-02-22 18:42:50 - [MESSAGE][PASSED] - Browser is closed

2023-02-22 18:42:50 - [TEST_STEP][PASSED] - ExecuteTC = findTestData(dataFile).getValue("Execute", row): null

2023-02-22 18:42:50 - [TEST_STEP][PASSED] - out.println("Value of Execute is : " + ExecuteTC): null

2023-02-22 18:42:50 - [TEST_STEP][PASSED] - switch (executionProfile): null

2023-02-22 18:42:50 - [TEST_STEP][PASSED] - case "QAProfile":: null

2023-02-22 18:42:50 - [TEST_STEP][PASSED] - appName = findTestData(dataFile).getValue("AppNameQA", row): null

2023-02-22 18:42:51 - [TEST_STEP][PASSED] - appID = findTestData(dataFile).getValue("AppIDQA", row): null

2023-02-22 18:42:51 - [TEST_STEP][PASSED] - break: null

2023-02-22 18:42:51 - [TEST_STEP][PASSED] - if (ExecuteTC.equalsIgnoreCase("Y")): null

2023-02-22 18:42:51 - [TEST_STEP][PASSED] - out.println("Begin Record Number: " + row): null

2023-02-22 18:42:51 - [TEST_STEP][PASSED] - today = new java.util.Date(): null

2023-02-22 18:42:51 - [TEST_STEP][PASSED] - println(today): null

2023-02-22 18:42:51 - [TEST_STEP][PASSED] - datText = today: null

2023-02-22 18:42:51 - [TEST_STEP][PASSED] - adminSuiteBootstrap.loginFunctionality.login_AdminSuite(): adminSuiteBootstrap.loginFunctionality.login_AdminSuite is PASSED

2023-02-22 18:42:51 - [MESSAGE][INFO] - Starting 'Chrome' driver

2023-02-22 18:42:51 - [MESSAGE][INFO] - User set preference: ['acceptInsecureCerts', 'true']

2023-02-22 18:42:51 - [MESSAGE][INFO] - Action delay is set to 0 milliseconds

2023-02-22 18:42:53 - [MESSAGE][PASSED] - Browser is opened with url: 'https://qa.velocitypayment.com/admin/imtiaz'

2023-02-22 18:42:53 - [MESSAGE][PASSED] - Current window maximized

2023-02-22 18:42:53 - [MESSAGE][PASSED] - Object 'Object Repository/Login_Page/Login_Username' is present

2023-02-22 18:42:54 - [MESSAGE][PASSED] - Text 'iahmed' is set on object 'Object Repository/Login_Page/Login_Username'

2023-02-22 18:42:55 - [MESSAGE][PASSED] - Text 'hello2222' is set on object 'Object Repository/Login_Page/Login_Password'

2023-02-22 18:42:58 - [MESSAGE][PASSED] - Object: 'Object Repository/Login_Page/Login_Submit' is clicked on

2023-02-22 18:42:58 - [MESSAGE][PASSED] - adminSuiteBootstrap.loginFunctionality.login_AdminSuite is PASSED

2023-02-22 18:42:58 - [TEST_STEP][PASSED] - click(findTestObject(path_Dashboard + appName)): Object: 'Object Repository/AdminSuiteBootstrap_Pages/Dashboard_Bootstrap/a_Access AutoSingleCFtpQA' is clicked on

2023-02-22 18:42:59 - [MESSAGE][PASSED] - Object: 'Object Repository/AdminSuiteBootstrap_Pages/Dashboard_Bootstrap/a_Access AutoSingleCFtpQA' is clicked on

2023-02-22 18:42:59 - [TEST_STEP][PASSED] - click(findTestObject(path_VT + "a_Find Profile")): Object: 'Object Repository/AdminSuiteBootstrap_Pages/VT_Bootstrap/IssueTransactions/a_Find Profile' is clicked on

2023-02-22 18:42:59 - [MESSAGE][PASSED] - Object: 'Object Repository/AdminSuiteBootstrap_Pages/VT_Bootstrap/IssueTransactions/a_Find Profile' is clicked on

2023-02-22 18:42:59 - [TEST_STEP][PASSED] - criteria = <not implemented yet for class: org.codehaus.groovy.ast.expr.EmptyExpression>: null

2023-02-22 18:42:59 - [TEST_STEP][PASSED] - searchBy = <not implemented yet for class: org.codehaus.groovy.ast.expr.EmptyExpression>: null

2023-02-22 18:42:59 - [TEST_STEP][PASSED] - criteria = findTestData(dataFile).getValue("ProfileName", row): null

2023-02-22 18:42:59 - [TEST_STEP][PASSED] - path_SearchProfile = "Object Repository/AdminSuiteBootstrap_Pages/VSP_Bootstrap/SearchProfile/": null

2023-02-22 18:42:59 - [TEST_STEP][PASSED] - setText(findTestObject(path_SearchProfile + "input_Criteria"), criteria): Text 'PaymentsVisa' is set on object 'Object Repository/AdminSuiteBootstrap_Pages/VSP_Bootstrap/SearchProfile/input_Criteria'

2023-02-22 18:43:00 - [MESSAGE][PASSED] - Text 'PaymentsVisa' is set on object 'Object Repository/AdminSuiteBootstrap_Pages/VSP_Bootstrap/SearchProfile/input_Criteria'

2023-02-22 18:43:00 - [TEST_STEP][PASSED] - click(findTestObject(path_SearchProfile + "button_Search")): Object: 'Object Repository/AdminSuiteBootstrap_Pages/VSP_Bootstrap/SearchProfile/button_Search' is clicked on

2023-02-22 18:43:01 - [MESSAGE][PASSED] - Object: 'Object Repository/AdminSuiteBootstrap_Pages/VSP_Bootstrap/SearchProfile/button_Search' is clicked on

2023-02-22 18:43:01 - [TEST_STEP][PASSED] - profNameLink = findTestData(dataFile).getValue("ProfileNameLink", row): null

2023-02-22 18:43:01 - [TEST_STEP][PASSED] - click(findTestObject(path_ViewProfile + profNameLink)): Object: 'Object Repository/AdminSuiteBootstrap_Pages/VSP_Bootstrap/View Profile/a_PaymentsVisa' is clicked on

2023-02-22 18:43:02 - [MESSAGE][PASSED] - Object: 'Object Repository/AdminSuiteBootstrap_Pages/VSP_Bootstrap/View Profile/a_PaymentsVisa' is clicked on

2023-02-22 18:43:02 - [TEST_STEP][PASSED] - click(findTestObject(path_ViewProfile + "a_AuthCap")): Object: 'Object Repository/AdminSuiteBootstrap_Pages/VSP_Bootstrap/View Profile/a_AuthCap' is clicked on

2023-02-22 18:43:04 - [MESSAGE][PASSED] - Object: 'Object Repository/AdminSuiteBootstrap_Pages/VSP_Bootstrap/View Profile/a_AuthCap' is clicked on

2023-02-22 18:43:04 - [TEST_STEP][PASSED] - verifyTextPresent("Credit Card Authorization Capture", true): Text 'Credit Card Authorization Capture' is present on page  using regular expression

2023-02-22 18:43:05 - [MESSAGE][PASSED] - Text 'Credit Card Authorization Capture' is present on page  using regular expression

2023-02-22 18:43:05 - [TEST_STEP][PASSED] - verifyTextPresent("Sale", true): Text 'Sale' is present on page  using regular expression

2023-02-22 18:43:05 - [MESSAGE][PASSED] - Text 'Sale' is present on page  using regular expression

2023-02-22 18:43:05 - [TEST_STEP][PASSED] - verifyTextPresent("Required fields are highlighted with an asterisk", true): Text 'Required fields are highlighted with an asterisk' is present on page  using regular expression

2023-02-22 18:43:05 - [MESSAGE][PASSED] - Text 'Required fields are highlighted with an asterisk' is present on page  using regular expression

2023-02-22 18:43:05 - [TEST_STEP][PASSED] - verifyTextPresent("Remittance ID", true): Text 'Remittance ID' is present on page  using regular expression

2023-02-22 18:43:06 - [MESSAGE][PASSED] - Text 'Remittance ID' is present on page  using regular expression

2023-02-22 18:43:06 - [TEST_STEP][PASSED] - vspBootstrap.SalePage.setDataSaleAndAuth(row, dataFile): vspBootstrap.SalePage.setDataSaleAndAuth is PASSED

2023-02-22 18:43:07 - [MESSAGE][PASSED] - All options with value 'RETL' are selected in object 'Object Repository/AdminSuiteBootstrap_Pages/VSP_Bootstrap/VSP_Authcap/select_TransactionCategory'  using regular expression

2023-02-22 18:43:08 - [MESSAGE][PASSED] - Text '123' is set on object 'Object Repository/AdminSuiteBootstrap_Pages/VSP_Bootstrap/VSP_Authcap/input_cvv'

2023-02-22 18:43:08 - [MESSAGE][PASSED] - Text '' is set on object 'Object Repository/AdminSuiteBootstrap_Pages/VSP_Bootstrap/VSP_Authcap/input_smsNumber'

2023-02-22 18:43:09 - [MESSAGE][PASSED] - Text '2.50' is set on object 'Object Repository/AdminSuiteBootstrap_Pages/VSP_Bootstrap/VSP_Authcap/input_amount'

2023-02-22 18:43:10 - [MESSAGE][PASSED] - Text 'Delhi' is set on object 'Object Repository/AdminSuiteBootstrap_Pages/VSP_Bootstrap/VSP_Authcap/input_userDefined1'

2023-02-22 18:43:11 - [MESSAGE][PASSED] - Text 'Chennai' is set on object 'Object Repository/AdminSuiteBootstrap_Pages/VSP_Bootstrap/VSP_Authcap/input_userDefined2'

2023-02-22 18:43:12 - [MESSAGE][PASSED] - Text 'Mumbai' is set on object 'Object Repository/AdminSuiteBootstrap_Pages/VSP_Bootstrap/VSP_Authcap/input_userDefined3'

2023-02-22 18:43:12 - [MESSAGE][PASSED] - Text 'Kanpur' is set on object 'Object Repository/AdminSuiteBootstrap_Pages/VSP_Bootstrap/VSP_Authcap/input_userDefined4'

2023-02-22 18:43:13 - [MESSAGE][PASSED] - All options with label 'Orange' are selected in object 'Object Repository/AdminSuiteBootstrap_Pages/VSP_Bootstrap/VSP_Authcap/select_UDF5'  using regular expression

2023-02-22 18:43:14 - [MESSAGE][PASSED] - All options with label 'Yellow' are selected in object 'Object Repository/AdminSuiteBootstrap_Pages/VSP_Bootstrap/VSP_Authcap/select_UDF6'  using regular expression

2023-02-22 18:43:15 - [MESSAGE][PASSED] - Text 'Kolkata' is set on object 'Object Repository/AdminSuiteBootstrap_Pages/VSP_Bootstrap/VSP_Authcap/input_userDefined7'

2023-02-22 18:43:16 - [MESSAGE][PASSED] - Text 'Pune' is set on object 'Object Repository/AdminSuiteBootstrap_Pages/VSP_Bootstrap/VSP_Authcap/input_userDefined8'

2023-02-22 18:43:16 - [MESSAGE][PASSED] - Text 'Bhavnagar' is set on object 'Object Repository/AdminSuiteBootstrap_Pages/VSP_Bootstrap/VSP_Authcap/input_userDefined9'

2023-02-22 18:43:17 - [MESSAGE][PASSED] - Text 'Noida' is set on object 'Object Repository/AdminSuiteBootstrap_Pages/VSP_Bootstrap/VSP_Authcap/input_userDefined10'

2023-02-22 18:43:19 - [MESSAGE][PASSED] - Object: 'Object Repository/AdminSuiteBootstrap_Pages/VSP_Bootstrap/VSP_Authcap/button_Submit' is clicked on

2023-02-22 18:43:19 - [MESSAGE][PASSED] - vspBootstrap.SalePage.setDataSaleAndAuth is PASSED

2023-02-22 18:43:19 - [TEST_STEP][PASSED] - verifyTextPresent("Transaction Successful", true): Text 'Transaction Successful' is present on page  using regular expression

2023-02-22 18:43:20 - [MESSAGE][PASSED] - Text 'Transaction Successful' is present on page  using regular expression

2023-02-22 18:43:20 - [TEST_STEP][PASSED] - verifyElementVisible(findTestObject("Object Repository/AdminSuiteBootstrap_Pages/VT_Bootstrap/Receipt/button_Continue")): Object 'Object Repository/AdminSuiteBootstrap_Pages/VT_Bootstrap/Receipt/button_Continue' is visible

2023-02-22 18:43:20 - [MESSAGE][PASSED] - Object 'Object Repository/AdminSuiteBootstrap_Pages/VT_Bootstrap/Receipt/button_Continue' is visible

2023-02-22 18:43:20 - [TEST_STEP][PASSED] - verifyElementPresent(findTestObject("Object Repository/AdminSuiteBootstrap_Pages/VT_Bootstrap/Receipt/button_Continue"), 20): Object 'Object Repository/AdminSuiteBootstrap_Pages/VT_Bootstrap/Receipt/button_Continue' is present

2023-02-22 18:43:20 - [MESSAGE][PASSED] - Object 'Object Repository/AdminSuiteBootstrap_Pages/VT_Bootstrap/Receipt/button_Continue' is present

2023-02-22 18:43:20 - [TEST_STEP][PASSED] - verifyElementVisible(findTestObject("Object Repository/AdminSuiteBootstrap_Pages/VT_Bootstrap/Receipt/button_Print")): Object 'Object Repository/AdminSuiteBootstrap_Pages/VT_Bootstrap/Receipt/button_Print' is visible

2023-02-22 18:43:21 - [MESSAGE][PASSED] - Object 'Object Repository/AdminSuiteBootstrap_Pages/VT_Bootstrap/Receipt/button_Print' is visible

2023-02-22 18:43:21 - [TEST_STEP][PASSED] - verifyElementPresent(findTestObject("Object Repository/AdminSuiteBootstrap_Pages/VT_Bootstrap/Receipt/button_Print"), 20): Object 'Object Repository/AdminSuiteBootstrap_Pages/VT_Bootstrap/Receipt/button_Print' is present

2023-02-22 18:43:21 - [MESSAGE][PASSED] - Object 'Object Repository/AdminSuiteBootstrap_Pages/VT_Bootstrap/Receipt/button_Print' is present

2023-02-22 18:43:21 - [TEST_STEP][PASSED] - verifyTextPresent("Remittance ID", true): Text 'Remittance ID' is present on page  using regular expression

2023-02-22 18:43:21 - [MESSAGE][PASSED] - Text 'Remittance ID' is present on page  using regular expression

2023-02-22 18:43:21 - [TEST_STEP][PASSED] - verifyTextPresent("Received", true): Text 'Received' is present on page  using regular expression

2023-02-22 18:43:22 - [MESSAGE][PASSED] - Text 'Received' is present on page  using regular expression

2023-02-22 18:43:22 - [TEST_STEP][PASSED] - verifyTextPresent("UDF1", true): Text 'UDF1' is present on page  using regular expression

2023-02-22 18:43:22 - [MESSAGE][PASSED] - Text 'UDF1' is present on page  using regular expression

2023-02-22 18:43:22 - [TEST_STEP][PASSED] - verifyTextPresent("UDF2", true): Text 'UDF2' is present on page  using regular expression

2023-02-22 18:43:22 - [MESSAGE][PASSED] - Text 'UDF2' is present on page  using regular expression

2023-02-22 18:43:22 - [TEST_STEP][PASSED] - verifyTextPresent("UDF3", true): Text 'UDF3' is present on page  using regular expression

2023-02-22 18:43:23 - [MESSAGE][PASSED] - Text 'UDF3' is present on page  using regular expression

2023-02-22 18:43:23 - [TEST_STEP][PASSED] - verifyTextPresent("UDF4", true): Text 'UDF4' is present on page  using regular expression

2023-02-22 18:43:23 - [MESSAGE][PASSED] - Text 'UDF4' is present on page  using regular expression

2023-02-22 18:43:23 - [TEST_STEP][PASSED] - verifyTextPresent("UDF5", true): Text 'UDF5' is present on page  using regular expression

2023-02-22 18:43:23 - [MESSAGE][PASSED] - Text 'UDF5' is present on page  using regular expression

2023-02-22 18:43:23 - [TEST_STEP][PASSED] - verifyTextPresent("UDF6", true): Text 'UDF6' is present on page  using regular expression

2023-02-22 18:43:24 - [MESSAGE][PASSED] - Text 'UDF6' is present on page  using regular expression

2023-02-22 18:43:24 - [TEST_STEP][PASSED] - verifyTextPresent("UDF7", true): Text 'UDF7' is present on page  using regular expression

2023-02-22 18:43:24 - [MESSAGE][PASSED] - Text 'UDF7' is present on page  using regular expression

2023-02-22 18:43:24 - [TEST_STEP][PASSED] - verifyTextPresent("UDF8", true): Text 'UDF8' is present on page  using regular expression

2023-02-22 18:43:24 - [MESSAGE][PASSED] - Text 'UDF8' is present on page  using regular expression

2023-02-22 18:43:24 - [TEST_STEP][PASSED] - verifyTextPresent("UDF9", true): Text 'UDF9' is present on page  using regular expression

2023-02-22 18:43:25 - [MESSAGE][PASSED] - Text 'UDF9' is present on page  using regular expression

2023-02-22 18:43:25 - [TEST_STEP][PASSED] - verifyTextPresent("UDF 10", true): Text 'UDF 10' is present on page  using regular expression

2023-02-22 18:43:25 - [MESSAGE][PASSED] - Text 'UDF 10' is present on page  using regular expression

2023-02-22 18:43:25 - [TEST_STEP][PASSED] - verifyTextPresent("Delhi", true): Text 'Delhi' is present on page  using regular expression

2023-02-22 18:43:25 - [MESSAGE][PASSED] - Text 'Delhi' is present on page  using regular expression

2023-02-22 18:43:25 - [TEST_STEP][PASSED] - verifyTextPresent("Chennai", true): Text 'Chennai' is present on page  using regular expression

2023-02-22 18:43:26 - [MESSAGE][PASSED] - Text 'Chennai' is present on page  using regular expression

2023-02-22 18:43:26 - [TEST_STEP][PASSED] - verifyTextPresent("Mumbai", true): Text 'Mumbai' is present on page  using regular expression

2023-02-22 18:43:26 - [MESSAGE][PASSED] - Text 'Mumbai' is present on page  using regular expression

2023-02-22 18:43:26 - [TEST_STEP][PASSED] - verifyTextPresent("Kanpur", true): Text 'Kanpur' is present on page  using regular expression

2023-02-22 18:43:26 - [MESSAGE][PASSED] - Text 'Kanpur' is present on page  using regular expression

2023-02-22 18:43:26 - [TEST_STEP][PASSED] - verifyTextPresent("Orange Recorded", true): Text 'Orange Recorded' is present on page  using regular expression

2023-02-22 18:43:27 - [MESSAGE][PASSED] - Text 'Orange Recorded' is present on page  using regular expression

2023-02-22 18:43:27 - [TEST_STEP][PASSED] - verifyTextPresent("Yellow Recorded", true): Text 'Yellow Recorded' is present on page  using regular expression

2023-02-22 18:43:27 - [MESSAGE][PASSED] - Text 'Yellow Recorded' is present on page  using regular expression

2023-02-22 18:43:27 - [TEST_STEP][PASSED] - verifyTextPresent("Kolkata", true): Text 'Kolkata' is present on page  using regular expression

2023-02-22 18:43:27 - [MESSAGE][PASSED] - Text 'Kolkata' is present on page  using regular expression

2023-02-22 18:43:27 - [TEST_STEP][PASSED] - verifyTextPresent("Pune", true): Text 'Pune' is present on page  using regular expression

2023-02-22 18:43:28 - [MESSAGE][PASSED] - Text 'Pune' is present on page  using regular expression

2023-02-22 18:43:28 - [TEST_STEP][PASSED] - verifyTextPresent("Bhavnagar", true): Text 'Bhavnagar' is present on page  using regular expression

2023-02-22 18:43:28 - [MESSAGE][PASSED] - Text 'Bhavnagar' is present on page  using regular expression

2023-02-22 18:43:28 - [TEST_STEP][PASSED] - verifyTextPresent("Noida", true): Text 'Noida' is present on page  using regular expression

2023-02-22 18:43:28 - [MESSAGE][PASSED] - Text 'Noida' is present on page  using regular expression

2023-02-22 18:43:28 - [TEST_STEP][PASSED] - verifyTextPresent("Amount", true): Text 'Amount' is present on page  using regular expression

2023-02-22 18:43:29 - [MESSAGE][PASSED] - Text 'Amount' is present on page  using regular expression

2023-02-22 18:43:29 - [TEST_STEP][PASSED] - verifyTextPresent("2.50", true): Text '2.50' is present on page  using regular expression

2023-02-22 18:43:29 - [MESSAGE][PASSED] - Text '2.50' is present on page  using regular expression

2023-02-22 18:43:29 - [TEST_STEP][PASSED] - verifyTextPresent("Authorization and Capture", true): Text 'Authorization and Capture' is present on page  using regular expression

2023-02-22 18:43:29 - [MESSAGE][PASSED] - Text 'Authorization and Capture' is present on page  using regular expression

2023-02-22 18:43:29 - [TEST_STEP][PASSED] - verifyTextPresent("Card Information", true): Text 'Card Information' is present on page  using regular expression

2023-02-22 18:43:30 - [MESSAGE][PASSED] - Text 'Card Information' is present on page  using regular expression

2023-02-22 18:43:30 - [TEST_STEP][PASSED] - verifyTextPresent("TANDON RAVENA", true): Text 'TANDON RAVENA' is present on page  using regular expression

2023-02-22 18:43:30 - [MESSAGE][PASSED] - Text 'TANDON RAVENA' is present on page  using regular expression

2023-02-22 18:43:30 - [TEST_STEP][PASSED] - verifyTextPresent("Address Line 1", true): Text 'Address Line 1' is present on page  using regular expression

2023-02-22 18:43:30 - [MESSAGE][PASSED] - Text 'Address Line 1' is present on page  using regular expression

2023-02-22 18:43:30 - [TEST_STEP][PASSED] - verifyTextPresent("Address Line 2", true): Text 'Address Line 2' is present on page  using regular expression

2023-02-22 18:43:31 - [MESSAGE][PASSED] - Text 'Address Line 2' is present on page  using regular expression

2023-02-22 18:43:31 - [TEST_STEP][PASSED] - verifyTextPresent("Country", true): Text 'Country' is present on page  using regular expression

2023-02-22 18:43:31 - [MESSAGE][PASSED] - Text 'Country' is present on page  using regular expression

2023-02-22 18:43:31 - [TEST_STEP][PASSED] - verifyTextPresent("City", true): Text 'City' is present on page  using regular expression

2023-02-22 18:43:31 - [MESSAGE][PASSED] - Text 'City' is present on page  using regular expression

2023-02-22 18:43:31 - [TEST_STEP][PASSED] - verifyTextPresent("State", true): Text 'State' is present on page  using regular expression

2023-02-22 18:43:31 - [MESSAGE][PASSED] - Text 'State' is present on page  using regular expression

2023-02-22 18:43:31 - [TEST_STEP][PASSED] - verifyTextPresent("ZIP Code", true): Text 'ZIP Code' is present on page  using regular expression

2023-02-22 18:43:32 - [MESSAGE][PASSED] - Text 'ZIP Code' is present on page  using regular expression

2023-02-22 18:43:32 - [TEST_STEP][PASSED] - verifyTextPresent("248 PhoolKaante road", true): Text '248 PhoolKaante road' is present on page  using regular expression

2023-02-22 18:43:32 - [MESSAGE][PASSED] - Text '248 PhoolKaante road' is present on page  using regular expression

2023-02-22 18:43:32 - [TEST_STEP][PASSED] - verifyTextPresent("Suite 678", true): Text 'Suite 678' is present on page  using regular expression

2023-02-22 18:43:32 - [MESSAGE][PASSED] - Text 'Suite 678' is present on page  using regular expression

2023-02-22 18:43:32 - [TEST_STEP][PASSED] - verifyTextPresent("United States", true): Text 'United States' is present on page  using regular expression

2023-02-22 18:43:33 - [MESSAGE][PASSED] - Text 'United States' is present on page  using regular expression

2023-02-22 18:43:33 - [TEST_STEP][PASSED] - verifyTextPresent("ARLINGTON", true): Text 'ARLINGTON' is present on page  using regular expression

2023-02-22 18:43:33 - [MESSAGE][PASSED] - Text 'ARLINGTON' is present on page  using regular expression

2023-02-22 18:43:33 - [TEST_STEP][PASSED] - verifyTextPresent("VA", true): Text 'VA' is present on page  using regular expression

2023-02-22 18:43:33 - [MESSAGE][PASSED] - Text 'VA' is present on page  using regular expression

2023-02-22 18:43:33 - [TEST_STEP][PASSED] - verifyTextPresent("22201", true): Text '22201' is present on page  using regular expression

2023-02-22 18:43:34 - [MESSAGE][PASSED] - Text '22201' is present on page  using regular expression

2023-02-22 18:43:34 - [TEST_STEP][PASSED] - cardTypeV = findTestData(dataFile).getValue("CardType", row): null

2023-02-22 18:43:34 - [TEST_STEP][PASSED] - last4V = findTestData(dataFile).getValue("Last4", row): null

2023-02-22 18:43:34 - [TEST_STEP][PASSED] - verifyTextPresent(cardTypeV, true): Text 'Visa' is present on page  using regular expression

2023-02-22 18:43:34 - [MESSAGE][PASSED] - Text 'Visa' is present on page  using regular expression

2023-02-22 18:43:34 - [TEST_STEP][PASSED] - verifyTextPresent(last4V, true): Text '5439' is present on page  using regular expression

2023-02-22 18:43:34 - [MESSAGE][PASSED] - Text '5439' is present on page  using regular expression

2023-02-22 18:43:34 - [TEST_STEP][PASSED] - switch (appName): null

2023-02-22 18:43:34 - [TEST_STEP][PASSED] - case "a_Access AutoSingleCFtpQA":: null

2023-02-22 18:43:34 - [TEST_STEP][PASSED] - verifyTextPresent("5.00", true): Text '5.00' is present on page  using regular expression

2023-02-22 18:43:35 - [MESSAGE][PASSED] - Text '5.00' is present on page  using regular expression

2023-02-22 18:43:35 - [TEST_STEP][PASSED] - verifyTextPresent("Single Transaction", true): Text 'Single Transaction' is present on page  using regular expression

2023-02-22 18:43:35 - [MESSAGE][PASSED] - Text 'Single Transaction' is present on page  using regular expression

2023-02-22 18:43:35 - [TEST_STEP][PASSED] - verifyTextPresent("7.50", true): Text '7.50' is present on page  using regular expression

2023-02-22 18:43:35 - [MESSAGE][PASSED] - Text '7.50' is present on page  using regular expression

2023-02-22 18:43:35 - [TEST_STEP][PASSED] - verifyTextPresent("Total Amount", true): Text 'Total Amount' is present on page  using regular expression

2023-02-22 18:43:36 - [MESSAGE][PASSED] - Text 'Total Amount' is present on page  using regular expression

2023-02-22 18:43:36 - [TEST_STEP][PASSED] - verifyTextPresent("Transaction Type", true): Text 'Transaction Type' is present on page  using regular expression

2023-02-22 18:43:36 - [MESSAGE][PASSED] - Text 'Transaction Type' is present on page  using regular expression

2023-02-22 18:43:36 - [TEST_STEP][PASSED] - break: null

2023-02-22 18:43:36 - [TEST_STEP][PASSED] - closeBrowser(): Browser is closed

2023-02-22 18:43:37 - [MESSAGE][PASSED] - Browser is closed

2023-02-22 18:43:37 - [TEST_STEP][PASSED] - ExecuteTC = findTestData(dataFile).getValue("Execute", row): null

2023-02-22 18:43:37 - [TEST_STEP][PASSED] - out.println("Value of Execute is : " + ExecuteTC): null

2023-02-22 18:43:37 - [TEST_STEP][PASSED] - switch (executionProfile): null

2023-02-22 18:43:37 - [TEST_STEP][PASSED] - case "QAProfile":: null

2023-02-22 18:43:37 - [TEST_STEP][PASSED] - appName = findTestData(dataFile).getValue("AppNameQA", row): null

2023-02-22 18:43:37 - [TEST_STEP][PASSED] - appID = findTestData(dataFile).getValue("AppIDQA", row): null

2023-02-22 18:43:37 - [TEST_STEP][PASSED] - break: null

2023-02-22 18:43:37 - [TEST_STEP][PASSED] - if (ExecuteTC.equalsIgnoreCase("Y")): null

2023-02-22 18:43:37 - [TEST_STEP][PASSED] - out.println("Begin Record Number: " + row): null

2023-02-22 18:43:37 - [TEST_STEP][PASSED] - today = new java.util.Date(): null

2023-02-22 18:43:37 - [TEST_STEP][PASSED] - println(today): null

2023-02-22 18:43:37 - [TEST_STEP][PASSED] - datText = today: null

2023-02-22 18:43:37 - [TEST_STEP][PASSED] - adminSuiteBootstrap.loginFunctionality.login_AdminSuite(): adminSuiteBootstrap.loginFunctionality.login_AdminSuite is PASSED

2023-02-22 18:43:37 - [MESSAGE][INFO] - Starting 'Chrome' driver

2023-02-22 18:43:37 - [MESSAGE][INFO] - User set preference: ['acceptInsecureCerts', 'true']

2023-02-22 18:43:37 - [MESSAGE][INFO] - Action delay is set to 0 milliseconds

2023-02-22 18:43:39 - [MESSAGE][PASSED] - Browser is opened with url: 'https://qa.velocitypayment.com/admin/imtiaz'

2023-02-22 18:43:40 - [MESSAGE][PASSED] - Current window maximized

2023-02-22 18:43:40 - [MESSAGE][PASSED] - Object 'Object Repository/Login_Page/Login_Username' is present

2023-02-22 18:43:41 - [MESSAGE][PASSED] - Text 'iahmed' is set on object 'Object Repository/Login_Page/Login_Username'

2023-02-22 18:43:41 - [MESSAGE][PASSED] - Text 'hello2222' is set on object 'Object Repository/Login_Page/Login_Password'

2023-02-22 18:43:46 - [MESSAGE][PASSED] - Object: 'Object Repository/Login_Page/Login_Submit' is clicked on

2023-02-22 18:43:46 - [MESSAGE][PASSED] - adminSuiteBootstrap.loginFunctionality.login_AdminSuite is PASSED

2023-02-22 18:43:46 - [TEST_STEP][PASSED] - click(findTestObject(path_Dashboard + appName)): Object: 'Object Repository/AdminSuiteBootstrap_Pages/Dashboard_Bootstrap/a_Access AutoSingleCFtpQA' is clicked on

2023-02-22 18:43:47 - [MESSAGE][PASSED] - Object: 'Object Repository/AdminSuiteBootstrap_Pages/Dashboard_Bootstrap/a_Access AutoSingleCFtpQA' is clicked on

2023-02-22 18:43:47 - [TEST_STEP][PASSED] - click(findTestObject(path_VT + "a_Find Profile")): Object: 'Object Repository/AdminSuiteBootstrap_Pages/VT_Bootstrap/IssueTransactions/a_Find Profile' is clicked on

2023-02-22 18:43:47 - [MESSAGE][PASSED] - Object: 'Object Repository/AdminSuiteBootstrap_Pages/VT_Bootstrap/IssueTransactions/a_Find Profile' is clicked on

2023-02-22 18:43:47 - [TEST_STEP][PASSED] - criteria = <not implemented yet for class: org.codehaus.groovy.ast.expr.EmptyExpression>: null

2023-02-22 18:43:47 - [TEST_STEP][PASSED] - searchBy = <not implemented yet for class: org.codehaus.groovy.ast.expr.EmptyExpression>: null

2023-02-22 18:43:47 - [TEST_STEP][PASSED] - criteria = findTestData(dataFile).getValue("ProfileName", row): null

2023-02-22 18:43:47 - [TEST_STEP][PASSED] - path_SearchProfile = "Object Repository/AdminSuiteBootstrap_Pages/VSP_Bootstrap/SearchProfile/": null

2023-02-22 18:43:47 - [TEST_STEP][PASSED] - setText(findTestObject(path_SearchProfile + "input_Criteria"), criteria): Text 'PaymentsMC' is set on object 'Object Repository/AdminSuiteBootstrap_Pages/VSP_Bootstrap/SearchProfile/input_Criteria'

2023-02-22 18:43:48 - [MESSAGE][PASSED] - Text 'PaymentsMC' is set on object 'Object Repository/AdminSuiteBootstrap_Pages/VSP_Bootstrap/SearchProfile/input_Criteria'

2023-02-22 18:43:48 - [TEST_STEP][PASSED] - click(findTestObject(path_SearchProfile + "button_Search")): Object: 'Object Repository/AdminSuiteBootstrap_Pages/VSP_Bootstrap/SearchProfile/button_Search' is clicked on

2023-02-22 18:43:49 - [MESSAGE][PASSED] - Object: 'Object Repository/AdminSuiteBootstrap_Pages/VSP_Bootstrap/SearchProfile/button_Search' is clicked on

2023-02-22 18:43:49 - [TEST_STEP][PASSED] - profNameLink = findTestData(dataFile).getValue("ProfileNameLink", row): null

2023-02-22 18:43:49 - [TEST_STEP][PASSED] - click(findTestObject(path_ViewProfile + profNameLink)): Object: 'Object Repository/AdminSuiteBootstrap_Pages/VSP_Bootstrap/View Profile/a_PaymentsMC' is clicked on

2023-02-22 18:43:50 - [MESSAGE][PASSED] - Object: 'Object Repository/AdminSuiteBootstrap_Pages/VSP_Bootstrap/View Profile/a_PaymentsMC' is clicked on

2023-02-22 18:43:50 - [TEST_STEP][PASSED] - click(findTestObject(path_ViewProfile + "a_AuthCap")): Object: 'Object Repository/AdminSuiteBootstrap_Pages/VSP_Bootstrap/View Profile/a_AuthCap' is clicked on

2023-02-22 18:43:51 - [MESSAGE][PASSED] - Object: 'Object Repository/AdminSuiteBootstrap_Pages/VSP_Bootstrap/View Profile/a_AuthCap' is clicked on

2023-02-22 18:43:51 - [TEST_STEP][PASSED] - verifyTextPresent("Credit Card Authorization Capture", true): Text 'Credit Card Authorization Capture' is present on page  using regular expression

2023-02-22 18:43:52 - [MESSAGE][PASSED] - Text 'Credit Card Authorization Capture' is present on page  using regular expression

2023-02-22 18:43:52 - [TEST_STEP][PASSED] - verifyTextPresent("Sale", true): Text 'Sale' is present on page  using regular expression

2023-02-22 18:43:53 - [MESSAGE][PASSED] - Text 'Sale' is present on page  using regular expression

2023-02-22 18:43:53 - [TEST_STEP][PASSED] - verifyTextPresent("Required fields are highlighted with an asterisk", true): Text 'Required fields are highlighted with an asterisk' is present on page  using regular expression

2023-02-22 18:43:53 - [MESSAGE][PASSED] - Text 'Required fields are highlighted with an asterisk' is present on page  using regular expression

2023-02-22 18:43:53 - [TEST_STEP][PASSED] - verifyTextPresent("Remittance ID", true): Text 'Remittance ID' is present on page  using regular expression

2023-02-22 18:43:53 - [MESSAGE][PASSED] - Text 'Remittance ID' is present on page  using regular expression

2023-02-22 18:43:53 - [TEST_STEP][PASSED] - vspBootstrap.SalePage.setDataSaleAndAuth(row, dataFile): vspBootstrap.SalePage.setDataSaleAndAuth is PASSED

2023-02-22 18:43:55 - [MESSAGE][PASSED] - All options with value 'RETL' are selected in object 'Object Repository/AdminSuiteBootstrap_Pages/VSP_Bootstrap/VSP_Authcap/select_TransactionCategory'  using regular expression

2023-02-22 18:43:55 - [MESSAGE][PASSED] - Text '123' is set on object 'Object Repository/AdminSuiteBootstrap_Pages/VSP_Bootstrap/VSP_Authcap/input_cvv'

2023-02-22 18:43:56 - [MESSAGE][PASSED] - Text '' is set on object 'Object Repository/AdminSuiteBootstrap_Pages/VSP_Bootstrap/VSP_Authcap/input_smsNumber'

2023-02-22 18:43:56 - [MESSAGE][PASSED] - Text '2.50' is set on object 'Object Repository/AdminSuiteBootstrap_Pages/VSP_Bootstrap/VSP_Authcap/input_amount'

2023-02-22 18:43:58 - [MESSAGE][PASSED] - Text 'Delhi' is set on object 'Object Repository/AdminSuiteBootstrap_Pages/VSP_Bootstrap/VSP_Authcap/input_userDefined1'

2023-02-22 18:43:58 - [MESSAGE][PASSED] - Text 'Chennai' is set on object 'Object Repository/AdminSuiteBootstrap_Pages/VSP_Bootstrap/VSP_Authcap/input_userDefined2'

2023-02-22 18:43:59 - [MESSAGE][PASSED] - Text 'Mumbai' is set on object 'Object Repository/AdminSuiteBootstrap_Pages/VSP_Bootstrap/VSP_Authcap/input_userDefined3'

2023-02-22 18:44:00 - [MESSAGE][PASSED] - Text 'Kanpur' is set on object 'Object Repository/AdminSuiteBootstrap_Pages/VSP_Bootstrap/VSP_Authcap/input_userDefined4'

2023-02-22 18:44:01 - [MESSAGE][PASSED] - All options with label 'Orange' are selected in object 'Object Repository/AdminSuiteBootstrap_Pages/VSP_Bootstrap/VSP_Authcap/select_UDF5'  using regular expression

2023-02-22 18:44:02 - [MESSAGE][PASSED] - All options with label 'Yellow' are selected in object 'Object Repository/AdminSuiteBootstrap_Pages/VSP_Bootstrap/VSP_Authcap/select_UDF6'  using regular expression

2023-02-22 18:44:02 - [MESSAGE][PASSED] - Text 'Kolkata' is set on object 'Object Repository/AdminSuiteBootstrap_Pages/VSP_Bootstrap/VSP_Authcap/input_userDefined7'

2023-02-22 18:44:03 - [MESSAGE][PASSED] - Text 'Pune' is set on object 'Object Repository/AdminSuiteBootstrap_Pages/VSP_Bootstrap/VSP_Authcap/input_userDefined8'

2023-02-22 18:44:04 - [MESSAGE][PASSED] - Text 'Bhavnagar' is set on object 'Object Repository/AdminSuiteBootstrap_Pages/VSP_Bootstrap/VSP_Authcap/input_userDefined9'

2023-02-22 18:44:04 - [MESSAGE][PASSED] - Text 'Noida' is set on object 'Object Repository/AdminSuiteBootstrap_Pages/VSP_Bootstrap/VSP_Authcap/input_userDefined10'

2023-02-22 18:44:08 - [MESSAGE][PASSED] - Object: 'Object Repository/AdminSuiteBootstrap_Pages/VSP_Bootstrap/VSP_Authcap/button_Submit' is clicked on

2023-02-22 18:44:08 - [MESSAGE][PASSED] - vspBootstrap.SalePage.setDataSaleAndAuth is PASSED

2023-02-22 18:44:08 - [TEST_STEP][PASSED] - verifyTextPresent("Transaction Successful", true): Text 'Transaction Successful' is present on page  using regular expression

2023-02-22 18:44:08 - [MESSAGE][PASSED] - Text 'Transaction Successful' is present on page  using regular expression

2023-02-22 18:44:08 - [TEST_STEP][PASSED] - verifyElementVisible(findTestObject("Object Repository/AdminSuiteBootstrap_Pages/VT_Bootstrap/Receipt/button_Continue")): Object 'Object Repository/AdminSuiteBootstrap_Pages/VT_Bootstrap/Receipt/button_Continue' is visible

2023-02-22 18:44:09 - [MESSAGE][PASSED] - Object 'Object Repository/AdminSuiteBootstrap_Pages/VT_Bootstrap/Receipt/button_Continue' is visible

2023-02-22 18:44:09 - [TEST_STEP][PASSED] - verifyElementPresent(findTestObject("Object Repository/AdminSuiteBootstrap_Pages/VT_Bootstrap/Receipt/button_Continue"), 20): Object 'Object Repository/AdminSuiteBootstrap_Pages/VT_Bootstrap/Receipt/button_Continue' is present

2023-02-22 18:44:09 - [MESSAGE][PASSED] - Object 'Object Repository/AdminSuiteBootstrap_Pages/VT_Bootstrap/Receipt/button_Continue' is present

2023-02-22 18:44:09 - [TEST_STEP][PASSED] - verifyElementVisible(findTestObject("Object Repository/AdminSuiteBootstrap_Pages/VT_Bootstrap/Receipt/button_Print")): Object 'Object Repository/AdminSuiteBootstrap_Pages/VT_Bootstrap/Receipt/button_Print' is visible

2023-02-22 18:44:09 - [MESSAGE][PASSED] - Object 'Object Repository/AdminSuiteBootstrap_Pages/VT_Bootstrap/Receipt/button_Print' is visible

2023-02-22 18:44:09 - [TEST_STEP][PASSED] - verifyElementPresent(findTestObject("Object Repository/AdminSuiteBootstrap_Pages/VT_Bootstrap/Receipt/button_Print"), 20): Object 'Object Repository/AdminSuiteBootstrap_Pages/VT_Bootstrap/Receipt/button_Print' is present

2023-02-22 18:44:10 - [MESSAGE][PASSED] - Object 'Object Repository/AdminSuiteBootstrap_Pages/VT_Bootstrap/Receipt/button_Print' is present

2023-02-22 18:44:10 - [TEST_STEP][PASSED] - verifyTextPresent("Remittance ID", true): Text 'Remittance ID' is present on page  using regular expression

2023-02-22 18:44:10 - [MESSAGE][PASSED] - Text 'Remittance ID' is present on page  using regular expression

2023-02-22 18:44:10 - [TEST_STEP][PASSED] - verifyTextPresent("Received", true): Text 'Received' is present on page  using regular expression

2023-02-22 18:44:10 - [MESSAGE][PASSED] - Text 'Received' is present on page  using regular expression

2023-02-22 18:44:10 - [TEST_STEP][PASSED] - verifyTextPresent("UDF1", true): Text 'UDF1' is present on page  using regular expression

2023-02-22 18:44:11 - [MESSAGE][PASSED] - Text 'UDF1' is present on page  using regular expression

2023-02-22 18:44:11 - [TEST_STEP][PASSED] - verifyTextPresent("UDF2", true): Text 'UDF2' is present on page  using regular expression

2023-02-22 18:44:11 - [MESSAGE][PASSED] - Text 'UDF2' is present on page  using regular expression

2023-02-22 18:44:11 - [TEST_STEP][PASSED] - verifyTextPresent("UDF3", true): Text 'UDF3' is present on page  using regular expression

2023-02-22 18:44:11 - [MESSAGE][PASSED] - Text 'UDF3' is present on page  using regular expression

2023-02-22 18:44:11 - [TEST_STEP][PASSED] - verifyTextPresent("UDF4", true): Text 'UDF4' is present on page  using regular expression

2023-02-22 18:44:12 - [MESSAGE][PASSED] - Text 'UDF4' is present on page  using regular expression

2023-02-22 18:44:12 - [TEST_STEP][PASSED] - verifyTextPresent("UDF5", true): Text 'UDF5' is present on page  using regular expression

2023-02-22 18:44:12 - [MESSAGE][PASSED] - Text 'UDF5' is present on page  using regular expression

2023-02-22 18:44:12 - [TEST_STEP][PASSED] - verifyTextPresent("UDF6", true): Text 'UDF6' is present on page  using regular expression

2023-02-22 18:44:12 - [MESSAGE][PASSED] - Text 'UDF6' is present on page  using regular expression

2023-02-22 18:44:12 - [TEST_STEP][PASSED] - verifyTextPresent("UDF7", true): Text 'UDF7' is present on page  using regular expression

2023-02-22 18:44:13 - [MESSAGE][PASSED] - Text 'UDF7' is present on page  using regular expression

2023-02-22 18:44:13 - [TEST_STEP][PASSED] - verifyTextPresent("UDF8", true): Text 'UDF8' is present on page  using regular expression

2023-02-22 18:44:13 - [MESSAGE][PASSED] - Text 'UDF8' is present on page  using regular expression

2023-02-22 18:44:13 - [TEST_STEP][PASSED] - verifyTextPresent("UDF9", true): Text 'UDF9' is present on page  using regular expression

2023-02-22 18:44:13 - [MESSAGE][PASSED] - Text 'UDF9' is present on page  using regular expression

2023-02-22 18:44:13 - [TEST_STEP][PASSED] - verifyTextPresent("UDF 10", true): Text 'UDF 10' is present on page  using regular expression

2023-02-22 18:44:14 - [MESSAGE][PASSED] - Text 'UDF 10' is present on page  using regular expression

2023-02-22 18:44:14 - [TEST_STEP][PASSED] - verifyTextPresent("Delhi", true): Text 'Delhi' is present on page  using regular expression

2023-02-22 18:44:14 - [MESSAGE][PASSED] - Text 'Delhi' is present on page  using regular expression

2023-02-22 18:44:14 - [TEST_STEP][PASSED] - verifyTextPresent("Chennai", true): Text 'Chennai' is present on page  using regular expression

2023-02-22 18:44:14 - [MESSAGE][PASSED] - Text 'Chennai' is present on page  using regular expression

2023-02-22 18:44:14 - [TEST_STEP][PASSED] - verifyTextPresent("Mumbai", true): Text 'Mumbai' is present on page  using regular expression

2023-02-22 18:44:15 - [MESSAGE][PASSED] - Text 'Mumbai' is present on page  using regular expression

2023-02-22 18:44:15 - [TEST_STEP][PASSED] - verifyTextPresent("Kanpur", true): Text 'Kanpur' is present on page  using regular expression

2023-02-22 18:44:15 - [MESSAGE][PASSED] - Text 'Kanpur' is present on page  using regular expression

2023-02-22 18:44:15 - [TEST_STEP][PASSED] - verifyTextPresent("Orange Recorded", true): Text 'Orange Recorded' is present on page  using regular expression

2023-02-22 18:44:15 - [MESSAGE][PASSED] - Text 'Orange Recorded' is present on page  using regular expression

2023-02-22 18:44:15 - [TEST_STEP][PASSED] - verifyTextPresent("Yellow Recorded", true): Text 'Yellow Recorded' is present on page  using regular expression

2023-02-22 18:44:16 - [MESSAGE][PASSED] - Text 'Yellow Recorded' is present on page  using regular expression

2023-02-22 18:44:16 - [TEST_STEP][PASSED] - verifyTextPresent("Kolkata", true): Text 'Kolkata' is present on page  using regular expression

2023-02-22 18:44:16 - [MESSAGE][PASSED] - Text 'Kolkata' is present on page  using regular expression

2023-02-22 18:44:16 - [TEST_STEP][PASSED] - verifyTextPresent("Pune", true): Text 'Pune' is present on page  using regular expression

2023-02-22 18:44:16 - [MESSAGE][PASSED] - Text 'Pune' is present on page  using regular expression

2023-02-22 18:44:16 - [TEST_STEP][PASSED] - verifyTextPresent("Bhavnagar", true): Text 'Bhavnagar' is present on page  using regular expression

2023-02-22 18:44:17 - [MESSAGE][PASSED] - Text 'Bhavnagar' is present on page  using regular expression

2023-02-22 18:44:17 - [TEST_STEP][PASSED] - verifyTextPresent("Noida", true): Text 'Noida' is present on page  using regular expression

2023-02-22 18:44:17 - [MESSAGE][PASSED] - Text 'Noida' is present on page  using regular expression

2023-02-22 18:44:17 - [TEST_STEP][PASSED] - verifyTextPresent("Amount", true): Text 'Amount' is present on page  using regular expression

2023-02-22 18:44:17 - [MESSAGE][PASSED] - Text 'Amount' is present on page  using regular expression

2023-02-22 18:44:17 - [TEST_STEP][PASSED] - verifyTextPresent("2.50", true): Text '2.50' is present on page  using regular expression

2023-02-22 18:44:18 - [MESSAGE][PASSED] - Text '2.50' is present on page  using regular expression

2023-02-22 18:44:18 - [TEST_STEP][PASSED] - verifyTextPresent("Authorization and Capture", true): Text 'Authorization and Capture' is present on page  using regular expression

2023-02-22 18:44:18 - [MESSAGE][PASSED] - Text 'Authorization and Capture' is present on page  using regular expression

2023-02-22 18:44:18 - [TEST_STEP][PASSED] - verifyTextPresent("Card Information", true): Text 'Card Information' is present on page  using regular expression

2023-02-22 18:44:18 - [MESSAGE][PASSED] - Text 'Card Information' is present on page  using regular expression

2023-02-22 18:44:18 - [TEST_STEP][PASSED] - verifyTextPresent("TANDON RAVENA", true): Text 'TANDON RAVENA' is present on page  using regular expression

2023-02-22 18:44:19 - [MESSAGE][PASSED] - Text 'TANDON RAVENA' is present on page  using regular expression

2023-02-22 18:44:19 - [TEST_STEP][PASSED] - verifyTextPresent("Address Line 1", true): Text 'Address Line 1' is present on page  using regular expression

2023-02-22 18:44:19 - [MESSAGE][PASSED] - Text 'Address Line 1' is present on page  using regular expression

2023-02-22 18:44:19 - [TEST_STEP][PASSED] - verifyTextPresent("Address Line 2", true): Text 'Address Line 2' is present on page  using regular expression

2023-02-22 18:44:19 - [MESSAGE][PASSED] - Text 'Address Line 2' is present on page  using regular expression

2023-02-22 18:44:19 - [TEST_STEP][PASSED] - verifyTextPresent("Country", true): Text 'Country' is present on page  using regular expression

2023-02-22 18:44:20 - [MESSAGE][PASSED] - Text 'Country' is present on page  using regular expression

2023-02-22 18:44:20 - [TEST_STEP][PASSED] - verifyTextPresent("City", true): Text 'City' is present on page  using regular expression

2023-02-22 18:44:20 - [MESSAGE][PASSED] - Text 'City' is present on page  using regular expression

2023-02-22 18:44:20 - [TEST_STEP][PASSED] - verifyTextPresent("State", true): Text 'State' is present on page  using regular expression

2023-02-22 18:44:20 - [MESSAGE][PASSED] - Text 'State' is present on page  using regular expression

2023-02-22 18:44:20 - [TEST_STEP][PASSED] - verifyTextPresent("ZIP Code", true): Text 'ZIP Code' is present on page  using regular expression

2023-02-22 18:44:21 - [MESSAGE][PASSED] - Text 'ZIP Code' is present on page  using regular expression

2023-02-22 18:44:21 - [TEST_STEP][PASSED] - verifyTextPresent("248 PhoolKaante road", true): Text '248 PhoolKaante road' is present on page  using regular expression

2023-02-22 18:44:21 - [MESSAGE][PASSED] - Text '248 PhoolKaante road' is present on page  using regular expression

2023-02-22 18:44:21 - [TEST_STEP][PASSED] - verifyTextPresent("Suite 678", true): Text 'Suite 678' is present on page  using regular expression

2023-02-22 18:44:21 - [MESSAGE][PASSED] - Text 'Suite 678' is present on page  using regular expression

2023-02-22 18:44:21 - [TEST_STEP][PASSED] - verifyTextPresent("United States", true): Text 'United States' is present on page  using regular expression

2023-02-22 18:44:22 - [MESSAGE][PASSED] - Text 'United States' is present on page  using regular expression

2023-02-22 18:44:22 - [TEST_STEP][PASSED] - verifyTextPresent("ARLINGTON", true): Text 'ARLINGTON' is present on page  using regular expression

2023-02-22 18:44:22 - [MESSAGE][PASSED] - Text 'ARLINGTON' is present on page  using regular expression

2023-02-22 18:44:22 - [TEST_STEP][PASSED] - verifyTextPresent("VA", true): Text 'VA' is present on page  using regular expression

2023-02-22 18:44:22 - [MESSAGE][PASSED] - Text 'VA' is present on page  using regular expression

2023-02-22 18:44:22 - [TEST_STEP][PASSED] - verifyTextPresent("22201", true): Text '22201' is present on page  using regular expression

2023-02-22 18:44:23 - [MESSAGE][PASSED] - Text '22201' is present on page  using regular expression

2023-02-22 18:44:23 - [TEST_STEP][PASSED] - cardTypeV = findTestData(dataFile).getValue("CardType", row): null

2023-02-22 18:44:23 - [TEST_STEP][PASSED] - last4V = findTestData(dataFile).getValue("Last4", row): null

2023-02-22 18:44:23 - [TEST_STEP][PASSED] - verifyTextPresent(cardTypeV, true): Text 'MasterCard' is present on page  using regular expression

2023-02-22 18:44:23 - [MESSAGE][PASSED] - Text 'MasterCard' is present on page  using regular expression

2023-02-22 18:44:23 - [TEST_STEP][PASSED] - verifyTextPresent(last4V, true): Text '0035' is present on page  using regular expression

2023-02-22 18:44:23 - [MESSAGE][PASSED] - Text '0035' is present on page  using regular expression

2023-02-22 18:44:23 - [TEST_STEP][PASSED] - switch (appName): null

2023-02-22 18:44:23 - [TEST_STEP][PASSED] - case "a_Access AutoSingleCFtpQA":: null

2023-02-22 18:44:23 - [TEST_STEP][PASSED] - verifyTextPresent("5.00", true): Text '5.00' is present on page  using regular expression

2023-02-22 18:44:24 - [MESSAGE][PASSED] - Text '5.00' is present on page  using regular expression

2023-02-22 18:44:24 - [TEST_STEP][PASSED] - verifyTextPresent("Single Transaction", true): Text 'Single Transaction' is present on page  using regular expression

2023-02-22 18:44:24 - [MESSAGE][PASSED] - Text 'Single Transaction' is present on page  using regular expression

2023-02-22 18:44:24 - [TEST_STEP][PASSED] - verifyTextPresent("7.50", true): Text '7.50' is present on page  using regular expression

2023-02-22 18:44:24 - [MESSAGE][PASSED] - Text '7.50' is present on page  using regular expression

2023-02-22 18:44:24 - [TEST_STEP][PASSED] - verifyTextPresent("Total Amount", true): Text 'Total Amount' is present on page  using regular expression

2023-02-22 18:44:25 - [MESSAGE][PASSED] - Text 'Total Amount' is present on page  using regular expression

2023-02-22 18:44:25 - [TEST_STEP][PASSED] - verifyTextPresent("Transaction Type", true): Text 'Transaction Type' is present on page  using regular expression

2023-02-22 18:44:25 - [MESSAGE][PASSED] - Text 'Transaction Type' is present on page  using regular expression

2023-02-22 18:44:25 - [TEST_STEP][PASSED] - break: null

2023-02-22 18:44:25 - [TEST_STEP][PASSED] - closeBrowser(): Browser is closed

2023-02-22 18:44:26 - [MESSAGE][PASSED] - Browser is closed

2023-02-22 18:44:26 - [TEST_STEP][PASSED] - ExecuteTC = findTestData(dataFile).getValue("Execute", row): null

2023-02-22 18:44:26 - [TEST_STEP][PASSED] - out.println("Value of Execute is : " + ExecuteTC): null

2023-02-22 18:44:26 - [TEST_STEP][PASSED] - switch (executionProfile): null

2023-02-22 18:44:26 - [TEST_STEP][PASSED] - case "QAProfile":: null

2023-02-22 18:44:26 - [TEST_STEP][PASSED] - appName = findTestData(dataFile).getValue("AppNameQA", row): null

2023-02-22 18:44:26 - [TEST_STEP][PASSED] - appID = findTestData(dataFile).getValue("AppIDQA", row): null

2023-02-22 18:44:26 - [TEST_STEP][PASSED] - break: null

2023-02-22 18:44:26 - [TEST_STEP][PASSED] - if (ExecuteTC.equalsIgnoreCase("Y")): null

2023-02-22 18:44:26 - [TEST_STEP][PASSED] - out.println("Begin Record Number: " + row): null

2023-02-22 18:44:26 - [TEST_STEP][PASSED] - today = new java.util.Date(): null

2023-02-22 18:44:26 - [TEST_STEP][PASSED] - println(today): null

2023-02-22 18:44:26 - [TEST_STEP][PASSED] - datText = today: null

2023-02-22 18:44:26 - [TEST_STEP][PASSED] - adminSuiteBootstrap.loginFunctionality.login_AdminSuite(): adminSuiteBootstrap.loginFunctionality.login_AdminSuite is PASSED

2023-02-22 18:44:26 - [MESSAGE][INFO] - Starting 'Chrome' driver

2023-02-22 18:44:26 - [MESSAGE][INFO] - User set preference: ['acceptInsecureCerts', 'true']

2023-02-22 18:44:26 - [MESSAGE][INFO] - Action delay is set to 0 milliseconds

2023-02-22 18:44:28 - [MESSAGE][PASSED] - Browser is opened with url: 'https://qa.velocitypayment.com/admin/imtiaz'

2023-02-22 18:44:28 - [MESSAGE][PASSED] - Current window maximized

2023-02-22 18:44:29 - [MESSAGE][PASSED] - Object 'Object Repository/Login_Page/Login_Username' is present

2023-02-22 18:44:30 - [MESSAGE][PASSED] - Text 'iahmed' is set on object 'Object Repository/Login_Page/Login_Username'

2023-02-22 18:44:30 - [MESSAGE][PASSED] - Text 'hello2222' is set on object 'Object Repository/Login_Page/Login_Password'

2023-02-22 18:44:33 - [MESSAGE][PASSED] - Object: 'Object Repository/Login_Page/Login_Submit' is clicked on

2023-02-22 18:44:33 - [MESSAGE][PASSED] - adminSuiteBootstrap.loginFunctionality.login_AdminSuite is PASSED

2023-02-22 18:44:33 - [TEST_STEP][PASSED] - click(findTestObject(path_Dashboard + appName)): Object: 'Object Repository/AdminSuiteBootstrap_Pages/Dashboard_Bootstrap/a_Access AutoSingleCFtpQA' is clicked on

2023-02-22 18:44:34 - [MESSAGE][PASSED] - Object: 'Object Repository/AdminSuiteBootstrap_Pages/Dashboard_Bootstrap/a_Access AutoSingleCFtpQA' is clicked on

2023-02-22 18:44:34 - [TEST_STEP][PASSED] - click(findTestObject(path_VT + "a_Find Profile")): Object: 'Object Repository/AdminSuiteBootstrap_Pages/VT_Bootstrap/IssueTransactions/a_Find Profile' is clicked on

2023-02-22 18:44:35 - [MESSAGE][PASSED] - Object: 'Object Repository/AdminSuiteBootstrap_Pages/VT_Bootstrap/IssueTransactions/a_Find Profile' is clicked on

2023-02-22 18:44:35 - [TEST_STEP][PASSED] - criteria = <not implemented yet for class: org.codehaus.groovy.ast.expr.EmptyExpression>: null

2023-02-22 18:44:35 - [TEST_STEP][PASSED] - searchBy = <not implemented yet for class: org.codehaus.groovy.ast.expr.EmptyExpression>: null

2023-02-22 18:44:35 - [TEST_STEP][PASSED] - criteria = findTestData(dataFile).getValue("ProfileName", row): null

2023-02-22 18:44:35 - [TEST_STEP][PASSED] - path_SearchProfile = "Object Repository/AdminSuiteBootstrap_Pages/VSP_Bootstrap/SearchProfile/": null

2023-02-22 18:44:35 - [TEST_STEP][PASSED] - setText(findTestObject(path_SearchProfile + "input_Criteria"), criteria): Text 'PaymentsAmEx' is set on object 'Object Repository/AdminSuiteBootstrap_Pages/VSP_Bootstrap/SearchProfile/input_Criteria'

2023-02-22 18:44:35 - [MESSAGE][PASSED] - Text 'PaymentsAmEx' is set on object 'Object Repository/AdminSuiteBootstrap_Pages/VSP_Bootstrap/SearchProfile/input_Criteria'

2023-02-22 18:44:35 - [TEST_STEP][PASSED] - click(findTestObject(path_SearchProfile + "button_Search")): Object: 'Object Repository/AdminSuiteBootstrap_Pages/VSP_Bootstrap/SearchProfile/button_Search' is clicked on

2023-02-22 18:44:36 - [MESSAGE][PASSED] - Object: 'Object Repository/AdminSuiteBootstrap_Pages/VSP_Bootstrap/SearchProfile/button_Search' is clicked on

2023-02-22 18:44:36 - [TEST_STEP][PASSED] - profNameLink = findTestData(dataFile).getValue("ProfileNameLink", row): null

2023-02-22 18:44:36 - [TEST_STEP][PASSED] - click(findTestObject(path_ViewProfile + profNameLink)): Object: 'Object Repository/AdminSuiteBootstrap_Pages/VSP_Bootstrap/View Profile/a_PaymentsAmEx' is clicked on

2023-02-22 18:44:38 - [MESSAGE][PASSED] - Object: 'Object Repository/AdminSuiteBootstrap_Pages/VSP_Bootstrap/View Profile/a_PaymentsAmEx' is clicked on

2023-02-22 18:44:38 - [TEST_STEP][PASSED] - click(findTestObject(path_ViewProfile + "a_AuthCap")): Object: 'Object Repository/AdminSuiteBootstrap_Pages/VSP_Bootstrap/View Profile/a_AuthCap' is clicked on

2023-02-22 18:44:39 - [MESSAGE][PASSED] - Object: 'Object Repository/AdminSuiteBootstrap_Pages/VSP_Bootstrap/View Profile/a_AuthCap' is clicked on

2023-02-22 18:44:39 - [TEST_STEP][PASSED] - verifyTextPresent("Credit Card Authorization Capture", true): Text 'Credit Card Authorization Capture' is present on page  using regular expression

2023-02-22 18:44:40 - [MESSAGE][PASSED] - Text 'Credit Card Authorization Capture' is present on page  using regular expression

2023-02-22 18:44:40 - [TEST_STEP][PASSED] - verifyTextPresent("Sale", true): Text 'Sale' is present on page  using regular expression

2023-02-22 18:44:40 - [MESSAGE][PASSED] - Text 'Sale' is present on page  using regular expression

2023-02-22 18:44:40 - [TEST_STEP][PASSED] - verifyTextPresent("Required fields are highlighted with an asterisk", true): Text 'Required fields are highlighted with an asterisk' is present on page  using regular expression

2023-02-22 18:44:41 - [MESSAGE][PASSED] - Text 'Required fields are highlighted with an asterisk' is present on page  using regular expression

2023-02-22 18:44:41 - [TEST_STEP][PASSED] - verifyTextPresent("Remittance ID", true): Text 'Remittance ID' is present on page  using regular expression

2023-02-22 18:44:41 - [MESSAGE][PASSED] - Text 'Remittance ID' is present on page  using regular expression

2023-02-22 18:44:41 - [TEST_STEP][PASSED] - vspBootstrap.SalePage.setDataSaleAndAuth(row, dataFile): vspBootstrap.SalePage.setDataSaleAndAuth is PASSED

2023-02-22 18:44:43 - [MESSAGE][PASSED] - All options with value 'RETL' are selected in object 'Object Repository/AdminSuiteBootstrap_Pages/VSP_Bootstrap/VSP_Authcap/select_TransactionCategory'  using regular expression

2023-02-22 18:44:43 - [MESSAGE][PASSED] - Text '1234' is set on object 'Object Repository/AdminSuiteBootstrap_Pages/VSP_Bootstrap/VSP_Authcap/input_cvv'

2023-02-22 18:44:44 - [MESSAGE][PASSED] - Text '' is set on object 'Object Repository/AdminSuiteBootstrap_Pages/VSP_Bootstrap/VSP_Authcap/input_smsNumber'

2023-02-22 18:44:45 - [MESSAGE][PASSED] - Text '2.50' is set on object 'Object Repository/AdminSuiteBootstrap_Pages/VSP_Bootstrap/VSP_Authcap/input_amount'

2023-02-22 18:44:46 - [MESSAGE][PASSED] - Text 'Delhi' is set on object 'Object Repository/AdminSuiteBootstrap_Pages/VSP_Bootstrap/VSP_Authcap/input_userDefined1'

2023-02-22 18:44:46 - [MESSAGE][PASSED] - Text 'Chennai' is set on object 'Object Repository/AdminSuiteBootstrap_Pages/VSP_Bootstrap/VSP_Authcap/input_userDefined2'

2023-02-22 18:44:47 - [MESSAGE][PASSED] - Text 'Mumbai' is set on object 'Object Repository/AdminSuiteBootstrap_Pages/VSP_Bootstrap/VSP_Authcap/input_userDefined3'

2023-02-22 18:44:48 - [MESSAGE][PASSED] - Text 'Kanpur' is set on object 'Object Repository/AdminSuiteBootstrap_Pages/VSP_Bootstrap/VSP_Authcap/input_userDefined4'

2023-02-22 18:44:49 - [MESSAGE][PASSED] - All options with label 'Orange' are selected in object 'Object Repository/AdminSuiteBootstrap_Pages/VSP_Bootstrap/VSP_Authcap/select_UDF5'  using regular expression

2023-02-22 18:44:50 - [MESSAGE][PASSED] - All options with label 'Yellow' are selected in object 'Object Repository/AdminSuiteBootstrap_Pages/VSP_Bootstrap/VSP_Authcap/select_UDF6'  using regular expression

2023-02-22 18:44:51 - [MESSAGE][PASSED] - Text 'Kolkata' is set on object 'Object Repository/AdminSuiteBootstrap_Pages/VSP_Bootstrap/VSP_Authcap/input_userDefined7'

2023-02-22 18:44:51 - [MESSAGE][PASSED] - Text 'Pune' is set on object 'Object Repository/AdminSuiteBootstrap_Pages/VSP_Bootstrap/VSP_Authcap/input_userDefined8'

2023-02-22 18:44:52 - [MESSAGE][PASSED] - Text 'Bhavnagar' is set on object 'Object Repository/AdminSuiteBootstrap_Pages/VSP_Bootstrap/VSP_Authcap/input_userDefined9'

2023-02-22 18:44:53 - [MESSAGE][PASSED] - Text 'Noida' is set on object 'Object Repository/AdminSuiteBootstrap_Pages/VSP_Bootstrap/VSP_Authcap/input_userDefined10'

2023-02-22 18:44:55 - [MESSAGE][PASSED] - Object: 'Object Repository/AdminSuiteBootstrap_Pages/VSP_Bootstrap/VSP_Authcap/button_Submit' is clicked on

2023-02-22 18:44:55 - [MESSAGE][PASSED] - vspBootstrap.SalePage.setDataSaleAndAuth is PASSED

2023-02-22 18:44:55 - [TEST_STEP][PASSED] - verifyTextPresent("Transaction Successful", true): Text 'Transaction Successful' is present on page  using regular expression

2023-02-22 18:44:55 - [MESSAGE][PASSED] - Text 'Transaction Successful' is present on page  using regular expression

2023-02-22 18:44:55 - [TEST_STEP][PASSED] - verifyElementVisible(findTestObject("Object Repository/AdminSuiteBootstrap_Pages/VT_Bootstrap/Receipt/button_Continue")): Object 'Object Repository/AdminSuiteBootstrap_Pages/VT_Bootstrap/Receipt/button_Continue' is visible

2023-02-22 18:44:55 - [MESSAGE][PASSED] - Object 'Object Repository/AdminSuiteBootstrap_Pages/VT_Bootstrap/Receipt/button_Continue' is visible

2023-02-22 18:44:55 - [TEST_STEP][PASSED] - verifyElementPresent(findTestObject("Object Repository/AdminSuiteBootstrap_Pages/VT_Bootstrap/Receipt/button_Continue"), 20): Object 'Object Repository/AdminSuiteBootstrap_Pages/VT_Bootstrap/Receipt/button_Continue' is present

2023-02-22 18:44:56 - [MESSAGE][PASSED] - Object 'Object Repository/AdminSuiteBootstrap_Pages/VT_Bootstrap/Receipt/button_Continue' is present

2023-02-22 18:44:56 - [TEST_STEP][PASSED] - verifyElementVisible(findTestObject("Object Repository/AdminSuiteBootstrap_Pages/VT_Bootstrap/Receipt/button_Print")): Object 'Object Repository/AdminSuiteBootstrap_Pages/VT_Bootstrap/Receipt/button_Print' is visible

2023-02-22 18:44:56 - [MESSAGE][PASSED] - Object 'Object Repository/AdminSuiteBootstrap_Pages/VT_Bootstrap/Receipt/button_Print' is visible

2023-02-22 18:44:56 - [TEST_STEP][PASSED] - verifyElementPresent(findTestObject("Object Repository/AdminSuiteBootstrap_Pages/VT_Bootstrap/Receipt/button_Print"), 20): Object 'Object Repository/AdminSuiteBootstrap_Pages/VT_Bootstrap/Receipt/button_Print' is present

2023-02-22 18:44:56 - [MESSAGE][PASSED] - Object 'Object Repository/AdminSuiteBootstrap_Pages/VT_Bootstrap/Receipt/button_Print' is present

2023-02-22 18:44:56 - [TEST_STEP][PASSED] - verifyTextPresent("Remittance ID", true): Text 'Remittance ID' is present on page  using regular expression

2023-02-22 18:44:57 - [MESSAGE][PASSED] - Text 'Remittance ID' is present on page  using regular expression

2023-02-22 18:44:57 - [TEST_STEP][PASSED] - verifyTextPresent("Received", true): Text 'Received' is present on page  using regular expression

2023-02-22 18:44:57 - [MESSAGE][PASSED] - Text 'Received' is present on page  using regular expression

2023-02-22 18:44:57 - [TEST_STEP][PASSED] - verifyTextPresent("UDF1", true): Text 'UDF1' is present on page  using regular expression

2023-02-22 18:44:57 - [MESSAGE][PASSED] - Text 'UDF1' is present on page  using regular expression

2023-02-22 18:44:57 - [TEST_STEP][PASSED] - verifyTextPresent("UDF2", true): Text 'UDF2' is present on page  using regular expression

2023-02-22 18:44:58 - [MESSAGE][PASSED] - Text 'UDF2' is present on page  using regular expression

2023-02-22 18:44:58 - [TEST_STEP][PASSED] - verifyTextPresent("UDF3", true): Text 'UDF3' is present on page  using regular expression

2023-02-22 18:44:58 - [MESSAGE][PASSED] - Text 'UDF3' is present on page  using regular expression

2023-02-22 18:44:58 - [TEST_STEP][PASSED] - verifyTextPresent("UDF4", true): Text 'UDF4' is present on page  using regular expression

2023-02-22 18:44:58 - [MESSAGE][PASSED] - Text 'UDF4' is present on page  using regular expression

2023-02-22 18:44:58 - [TEST_STEP][PASSED] - verifyTextPresent("UDF5", true): Text 'UDF5' is present on page  using regular expression

2023-02-22 18:44:59 - [MESSAGE][PASSED] - Text 'UDF5' is present on page  using regular expression

2023-02-22 18:44:59 - [TEST_STEP][PASSED] - verifyTextPresent("UDF6", true): Text 'UDF6' is present on page  using regular expression

2023-02-22 18:44:59 - [MESSAGE][PASSED] - Text 'UDF6' is present on page  using regular expression

2023-02-22 18:44:59 - [TEST_STEP][PASSED] - verifyTextPresent("UDF7", true): Text 'UDF7' is present on page  using regular expression

2023-02-22 18:44:59 - [MESSAGE][PASSED] - Text 'UDF7' is present on page  using regular expression

2023-02-22 18:44:59 - [TEST_STEP][PASSED] - verifyTextPresent("UDF8", true): Text 'UDF8' is present on page  using regular expression

2023-02-22 18:45:00 - [MESSAGE][PASSED] - Text 'UDF8' is present on page  using regular expression

2023-02-22 18:45:00 - [TEST_STEP][PASSED] - verifyTextPresent("UDF9", true): Text 'UDF9' is present on page  using regular expression

2023-02-22 18:45:00 - [MESSAGE][PASSED] - Text 'UDF9' is present on page  using regular expression

2023-02-22 18:45:00 - [TEST_STEP][PASSED] - verifyTextPresent("UDF 10", true): Text 'UDF 10' is present on page  using regular expression

2023-02-22 18:45:00 - [MESSAGE][PASSED] - Text 'UDF 10' is present on page  using regular expression

2023-02-22 18:45:00 - [TEST_STEP][PASSED] - verifyTextPresent("Delhi", true): Text 'Delhi' is present on page  using regular expression

2023-02-22 18:45:01 - [MESSAGE][PASSED] - Text 'Delhi' is present on page  using regular expression

2023-02-22 18:45:01 - [TEST_STEP][PASSED] - verifyTextPresent("Chennai", true): Text 'Chennai' is present on page  using regular expression

2023-02-22 18:45:01 - [MESSAGE][PASSED] - Text 'Chennai' is present on page  using regular expression

2023-02-22 18:45:01 - [TEST_STEP][PASSED] - verifyTextPresent("Mumbai", true): Text 'Mumbai' is present on page  using regular expression

2023-02-22 18:45:01 - [MESSAGE][PASSED] - Text 'Mumbai' is present on page  using regular expression

2023-02-22 18:45:01 - [TEST_STEP][PASSED] - verifyTextPresent("Kanpur", true): Text 'Kanpur' is present on page  using regular expression

2023-02-22 18:45:02 - [MESSAGE][PASSED] - Text 'Kanpur' is present on page  using regular expression

2023-02-22 18:45:02 - [TEST_STEP][PASSED] - verifyTextPresent("Orange Recorded", true): Text 'Orange Recorded' is present on page  using regular expression

2023-02-22 18:45:02 - [MESSAGE][PASSED] - Text 'Orange Recorded' is present on page  using regular expression

2023-02-22 18:45:02 - [TEST_STEP][PASSED] - verifyTextPresent("Yellow Recorded", true): Text 'Yellow Recorded' is present on page  using regular expression

2023-02-22 18:45:02 - [MESSAGE][PASSED] - Text 'Yellow Recorded' is present on page  using regular expression

2023-02-22 18:45:02 - [TEST_STEP][PASSED] - verifyTextPresent("Kolkata", true): Text 'Kolkata' is present on page  using regular expression

2023-02-22 18:45:03 - [MESSAGE][PASSED] - Text 'Kolkata' is present on page  using regular expression

2023-02-22 18:45:03 - [TEST_STEP][PASSED] - verifyTextPresent("Pune", true): Text 'Pune' is present on page  using regular expression

2023-02-22 18:45:03 - [MESSAGE][PASSED] - Text 'Pune' is present on page  using regular expression

2023-02-22 18:45:03 - [TEST_STEP][PASSED] - verifyTextPresent("Bhavnagar", true): Text 'Bhavnagar' is present on page  using regular expression

2023-02-22 18:45:03 - [MESSAGE][PASSED] - Text 'Bhavnagar' is present on page  using regular expression

2023-02-22 18:45:03 - [TEST_STEP][PASSED] - verifyTextPresent("Noida", true): Text 'Noida' is present on page  using regular expression

2023-02-22 18:45:04 - [MESSAGE][PASSED] - Text 'Noida' is present on page  using regular expression

2023-02-22 18:45:04 - [TEST_STEP][PASSED] - verifyTextPresent("Amount", true): Text 'Amount' is present on page  using regular expression

2023-02-22 18:45:04 - [MESSAGE][PASSED] - Text 'Amount' is present on page  using regular expression

2023-02-22 18:45:04 - [TEST_STEP][PASSED] - verifyTextPresent("2.50", true): Text '2.50' is present on page  using regular expression

2023-02-22 18:45:04 - [MESSAGE][PASSED] - Text '2.50' is present on page  using regular expression

2023-02-22 18:45:04 - [TEST_STEP][PASSED] - verifyTextPresent("Authorization and Capture", true): Text 'Authorization and Capture' is present on page  using regular expression

2023-02-22 18:45:05 - [MESSAGE][PASSED] - Text 'Authorization and Capture' is present on page  using regular expression

2023-02-22 18:45:05 - [TEST_STEP][PASSED] - verifyTextPresent("Card Information", true): Text 'Card Information' is present on page  using regular expression

2023-02-22 18:45:05 - [MESSAGE][PASSED] - Text 'Card Information' is present on page  using regular expression

2023-02-22 18:45:05 - [TEST_STEP][PASSED] - verifyTextPresent("TANDON RAVENA", true): Text 'TANDON RAVENA' is present on page  using regular expression

2023-02-22 18:45:05 - [MESSAGE][PASSED] - Text 'TANDON RAVENA' is present on page  using regular expression

2023-02-22 18:45:05 - [TEST_STEP][PASSED] - verifyTextPresent("Address Line 1", true): Text 'Address Line 1' is present on page  using regular expression

2023-02-22 18:45:06 - [MESSAGE][PASSED] - Text 'Address Line 1' is present on page  using regular expression

2023-02-22 18:45:06 - [TEST_STEP][PASSED] - verifyTextPresent("Address Line 2", true): Text 'Address Line 2' is present on page  using regular expression

2023-02-22 18:45:06 - [MESSAGE][PASSED] - Text 'Address Line 2' is present on page  using regular expression

2023-02-22 18:45:06 - [TEST_STEP][PASSED] - verifyTextPresent("Country", true): Text 'Country' is present on page  using regular expression

2023-02-22 18:45:06 - [MESSAGE][PASSED] - Text 'Country' is present on page  using regular expression

2023-02-22 18:45:06 - [TEST_STEP][PASSED] - verifyTextPresent("City", true): Text 'City' is present on page  using regular expression

2023-02-22 18:45:07 - [MESSAGE][PASSED] - Text 'City' is present on page  using regular expression

2023-02-22 18:45:07 - [TEST_STEP][PASSED] - verifyTextPresent("State", true): Text 'State' is present on page  using regular expression

2023-02-22 18:45:07 - [MESSAGE][PASSED] - Text 'State' is present on page  using regular expression

2023-02-22 18:45:07 - [TEST_STEP][PASSED] - verifyTextPresent("ZIP Code", true): Text 'ZIP Code' is present on page  using regular expression

2023-02-22 18:45:07 - [MESSAGE][PASSED] - Text 'ZIP Code' is present on page  using regular expression

2023-02-22 18:45:07 - [TEST_STEP][PASSED] - verifyTextPresent("248 PhoolKaante road", true): Text '248 PhoolKaante road' is present on page  using regular expression

2023-02-22 18:45:08 - [MESSAGE][PASSED] - Text '248 PhoolKaante road' is present on page  using regular expression

2023-02-22 18:45:08 - [TEST_STEP][PASSED] - verifyTextPresent("Suite 678", true): Text 'Suite 678' is present on page  using regular expression

2023-02-22 18:45:08 - [MESSAGE][PASSED] - Text 'Suite 678' is present on page  using regular expression

2023-02-22 18:45:08 - [TEST_STEP][PASSED] - verifyTextPresent("United States", true): Text 'United States' is present on page  using regular expression

2023-02-22 18:45:08 - [MESSAGE][PASSED] - Text 'United States' is present on page  using regular expression

2023-02-22 18:45:08 - [TEST_STEP][PASSED] - verifyTextPresent("ARLINGTON", true): Text 'ARLINGTON' is present on page  using regular expression

2023-02-22 18:45:09 - [MESSAGE][PASSED] - Text 'ARLINGTON' is present on page  using regular expression

2023-02-22 18:45:09 - [TEST_STEP][PASSED] - verifyTextPresent("VA", true): Text 'VA' is present on page  using regular expression

2023-02-22 18:45:09 - [MESSAGE][PASSED] - Text 'VA' is present on page  using regular expression

2023-02-22 18:45:09 - [TEST_STEP][PASSED] - verifyTextPresent("22201", true): Text '22201' is present on page  using regular expression

2023-02-22 18:45:09 - [MESSAGE][PASSED] - Text '22201' is present on page  using regular expression

2023-02-22 18:45:09 - [TEST_STEP][PASSED] - cardTypeV = findTestData(dataFile).getValue("CardType", row): null

2023-02-22 18:45:09 - [TEST_STEP][PASSED] - last4V = findTestData(dataFile).getValue("Last4", row): null

2023-02-22 18:45:09 - [TEST_STEP][PASSED] - verifyTextPresent(cardTypeV, true): Text 'American Express' is present on page  using regular expression

2023-02-22 18:45:10 - [MESSAGE][PASSED] - Text 'American Express' is present on page  using regular expression

2023-02-22 18:45:10 - [TEST_STEP][PASSED] - verifyTextPresent(last4V, true): Text '2376' is present on page  using regular expression

2023-02-22 18:45:10 - [MESSAGE][PASSED] - Text '2376' is present on page  using regular expression

2023-02-22 18:45:10 - [TEST_STEP][PASSED] - switch (appName): null

2023-02-22 18:45:10 - [TEST_STEP][PASSED] - case "a_Access AutoSingleCFtpQA":: null

2023-02-22 18:45:10 - [TEST_STEP][PASSED] - verifyTextPresent("5.00", true): Text '5.00' is present on page  using regular expression

2023-02-22 18:45:10 - [MESSAGE][PASSED] - Text '5.00' is present on page  using regular expression

2023-02-22 18:45:10 - [TEST_STEP][PASSED] - verifyTextPresent("Single Transaction", true): Text 'Single Transaction' is present on page  using regular expression

2023-02-22 18:45:11 - [MESSAGE][PASSED] - Text 'Single Transaction' is present on page  using regular expression

2023-02-22 18:45:11 - [TEST_STEP][PASSED] - verifyTextPresent("7.50", true): Text '7.50' is present on page  using regular expression

2023-02-22 18:45:11 - [MESSAGE][PASSED] - Text '7.50' is present on page  using regular expression

2023-02-22 18:45:11 - [TEST_STEP][PASSED] - verifyTextPresent("Total Amount", true): Text 'Total Amount' is present on page  using regular expression

2023-02-22 18:45:11 - [MESSAGE][PASSED] - Text 'Total Amount' is present on page  using regular expression

2023-02-22 18:45:11 - [TEST_STEP][PASSED] - verifyTextPresent("Transaction Type", true): Text 'Transaction Type' is present on page  using regular expression

2023-02-22 18:45:12 - [MESSAGE][PASSED] - Text 'Transaction Type' is present on page  using regular expression

2023-02-22 18:45:12 - [TEST_STEP][PASSED] - break: null

2023-02-22 18:45:12 - [TEST_STEP][PASSED] - closeBrowser(): Browser is closed

2023-02-22 18:45:12 - [MESSAGE][PASSED] - Browser is closed

2023-02-22 18:45:12 - [TEST_STEP][PASSED] - ExecuteTC = findTestData(dataFile).getValue("Execute", row): null

2023-02-22 18:45:13 - [TEST_STEP][PASSED] - out.println("Value of Execute is : " + ExecuteTC): null

2023-02-22 18:45:13 - [TEST_STEP][PASSED] - switch (executionProfile): null

2023-02-22 18:45:13 - [TEST_STEP][PASSED] - case "QAProfile":: null

2023-02-22 18:45:13 - [TEST_STEP][PASSED] - appName = findTestData(dataFile).getValue("AppNameQA", row): null

2023-02-22 18:45:13 - [TEST_STEP][PASSED] - appID = findTestData(dataFile).getValue("AppIDQA", row): null

2023-02-22 18:45:13 - [TEST_STEP][PASSED] - break: null

2023-02-22 18:45:13 - [TEST_STEP][PASSED] - if (ExecuteTC.equalsIgnoreCase("Y")): null

2023-02-22 18:45:13 - [TEST_STEP][PASSED] - out.println("Begin Record Number: " + row): null

2023-02-22 18:45:13 - [TEST_STEP][PASSED] - today = new java.util.Date(): null

2023-02-22 18:45:13 - [TEST_STEP][PASSED] - println(today): null

2023-02-22 18:45:13 - [TEST_STEP][PASSED] - datText = today: null

2023-02-22 18:45:13 - [TEST_STEP][PASSED] - adminSuiteBootstrap.loginFunctionality.login_AdminSuite(): adminSuiteBootstrap.loginFunctionality.login_AdminSuite is PASSED

2023-02-22 18:45:13 - [MESSAGE][INFO] - Starting 'Chrome' driver

2023-02-22 18:45:13 - [MESSAGE][INFO] - User set preference: ['acceptInsecureCerts', 'true']

2023-02-22 18:45:13 - [MESSAGE][INFO] - Action delay is set to 0 milliseconds

2023-02-22 18:45:15 - [MESSAGE][PASSED] - Browser is opened with url: 'https://qa.velocitypayment.com/admin/imtiaz'

2023-02-22 18:45:15 - [MESSAGE][PASSED] - Current window maximized

2023-02-22 18:45:16 - [MESSAGE][PASSED] - Object 'Object Repository/Login_Page/Login_Username' is present

2023-02-22 18:45:16 - [MESSAGE][PASSED] - Text 'iahmed' is set on object 'Object Repository/Login_Page/Login_Username'

2023-02-22 18:45:17 - [MESSAGE][PASSED] - Text 'hello2222' is set on object 'Object Repository/Login_Page/Login_Password'

2023-02-22 18:45:21 - [MESSAGE][PASSED] - Object: 'Object Repository/Login_Page/Login_Submit' is clicked on

2023-02-22 18:45:21 - [MESSAGE][PASSED] - adminSuiteBootstrap.loginFunctionality.login_AdminSuite is PASSED

2023-02-22 18:45:21 - [TEST_STEP][PASSED] - click(findTestObject(path_Dashboard + appName)): Object: 'Object Repository/AdminSuiteBootstrap_Pages/Dashboard_Bootstrap/a_Access AutoSingleCFtpQA' is clicked on

2023-02-22 18:45:22 - [MESSAGE][PASSED] - Object: 'Object Repository/AdminSuiteBootstrap_Pages/Dashboard_Bootstrap/a_Access AutoSingleCFtpQA' is clicked on

2023-02-22 18:45:22 - [TEST_STEP][PASSED] - click(findTestObject(path_VT + "a_Find Profile")): Object: 'Object Repository/AdminSuiteBootstrap_Pages/VT_Bootstrap/IssueTransactions/a_Find Profile' is clicked on

2023-02-22 18:45:22 - [MESSAGE][PASSED] - Object: 'Object Repository/AdminSuiteBootstrap_Pages/VT_Bootstrap/IssueTransactions/a_Find Profile' is clicked on

2023-02-22 18:45:22 - [TEST_STEP][PASSED] - criteria = <not implemented yet for class: org.codehaus.groovy.ast.expr.EmptyExpression>: null

2023-02-22 18:45:22 - [TEST_STEP][PASSED] - searchBy = <not implemented yet for class: org.codehaus.groovy.ast.expr.EmptyExpression>: null

2023-02-22 18:45:22 - [TEST_STEP][PASSED] - criteria = findTestData(dataFile).getValue("ProfileName", row): null

2023-02-22 18:45:22 - [TEST_STEP][PASSED] - path_SearchProfile = "Object Repository/AdminSuiteBootstrap_Pages/VSP_Bootstrap/SearchProfile/": null

2023-02-22 18:45:22 - [TEST_STEP][PASSED] - setText(findTestObject(path_SearchProfile + "input_Criteria"), criteria): Text 'PaymentsDI' is set on object 'Object Repository/AdminSuiteBootstrap_Pages/VSP_Bootstrap/SearchProfile/input_Criteria'

2023-02-22 18:45:23 - [MESSAGE][PASSED] - Text 'PaymentsDI' is set on object 'Object Repository/AdminSuiteBootstrap_Pages/VSP_Bootstrap/SearchProfile/input_Criteria'

2023-02-22 18:45:23 - [TEST_STEP][PASSED] - click(findTestObject(path_SearchProfile + "button_Search")): Object: 'Object Repository/AdminSuiteBootstrap_Pages/VSP_Bootstrap/SearchProfile/button_Search' is clicked on

2023-02-22 18:45:24 - [MESSAGE][PASSED] - Object: 'Object Repository/AdminSuiteBootstrap_Pages/VSP_Bootstrap/SearchProfile/button_Search' is clicked on

2023-02-22 18:45:24 - [TEST_STEP][PASSED] - profNameLink = findTestData(dataFile).getValue("ProfileNameLink", row): null

2023-02-22 18:45:24 - [TEST_STEP][PASSED] - click(findTestObject(path_ViewProfile + profNameLink)): Object: 'Object Repository/AdminSuiteBootstrap_Pages/VSP_Bootstrap/View Profile/a_PaymentsDI' is clicked on

2023-02-22 18:45:25 - [MESSAGE][PASSED] - Object: 'Object Repository/AdminSuiteBootstrap_Pages/VSP_Bootstrap/View Profile/a_PaymentsDI' is clicked on

2023-02-22 18:45:25 - [TEST_STEP][PASSED] - click(findTestObject(path_ViewProfile + "a_AuthCap")): Object: 'Object Repository/AdminSuiteBootstrap_Pages/VSP_Bootstrap/View Profile/a_AuthCap' is clicked on

2023-02-22 18:45:27 - [MESSAGE][PASSED] - Object: 'Object Repository/AdminSuiteBootstrap_Pages/VSP_Bootstrap/View Profile/a_AuthCap' is clicked on

2023-02-22 18:45:27 - [TEST_STEP][PASSED] - verifyTextPresent("Credit Card Authorization Capture", true): Text 'Credit Card Authorization Capture' is present on page  using regular expression

2023-02-22 18:45:27 - [MESSAGE][PASSED] - Text 'Credit Card Authorization Capture' is present on page  using regular expression

2023-02-22 18:45:27 - [TEST_STEP][PASSED] - verifyTextPresent("Sale", true): Text 'Sale' is present on page  using regular expression

2023-02-22 18:45:28 - [MESSAGE][PASSED] - Text 'Sale' is present on page  using regular expression

2023-02-22 18:45:28 - [TEST_STEP][PASSED] - verifyTextPresent("Required fields are highlighted with an asterisk", true): Text 'Required fields are highlighted with an asterisk' is present on page  using regular expression

2023-02-22 18:45:28 - [MESSAGE][PASSED] - Text 'Required fields are highlighted with an asterisk' is present on page  using regular expression

2023-02-22 18:45:28 - [TEST_STEP][PASSED] - verifyTextPresent("Remittance ID", true): Text 'Remittance ID' is present on page  using regular expression

2023-02-22 18:45:29 - [MESSAGE][PASSED] - Text 'Remittance ID' is present on page  using regular expression

2023-02-22 18:45:29 - [TEST_STEP][PASSED] - vspBootstrap.SalePage.setDataSaleAndAuth(row, dataFile): vspBootstrap.SalePage.setDataSaleAndAuth is PASSED

2023-02-22 18:45:30 - [MESSAGE][PASSED] - All options with value 'RETL' are selected in object 'Object Repository/AdminSuiteBootstrap_Pages/VSP_Bootstrap/VSP_Authcap/select_TransactionCategory'  using regular expression

2023-02-22 18:45:31 - [MESSAGE][PASSED] - Text '123' is set on object 'Object Repository/AdminSuiteBootstrap_Pages/VSP_Bootstrap/VSP_Authcap/input_cvv'

2023-02-22 18:45:31 - [MESSAGE][PASSED] - Text '' is set on object 'Object Repository/AdminSuiteBootstrap_Pages/VSP_Bootstrap/VSP_Authcap/input_smsNumber'

2023-02-22 18:45:32 - [MESSAGE][PASSED] - Text '2.50' is set on object 'Object Repository/AdminSuiteBootstrap_Pages/VSP_Bootstrap/VSP_Authcap/input_amount'

2023-02-22 18:45:33 - [MESSAGE][PASSED] - Text 'Delhi' is set on object 'Object Repository/AdminSuiteBootstrap_Pages/VSP_Bootstrap/VSP_Authcap/input_userDefined1'

2023-02-22 18:45:34 - [MESSAGE][PASSED] - Text 'Chennai' is set on object 'Object Repository/AdminSuiteBootstrap_Pages/VSP_Bootstrap/VSP_Authcap/input_userDefined2'

2023-02-22 18:45:35 - [MESSAGE][PASSED] - Text 'Mumbai' is set on object 'Object Repository/AdminSuiteBootstrap_Pages/VSP_Bootstrap/VSP_Authcap/input_userDefined3'

2023-02-22 18:45:35 - [MESSAGE][PASSED] - Text 'Kanpur' is set on object 'Object Repository/AdminSuiteBootstrap_Pages/VSP_Bootstrap/VSP_Authcap/input_userDefined4'

2023-02-22 18:45:36 - [MESSAGE][PASSED] - All options with label 'Orange' are selected in object 'Object Repository/AdminSuiteBootstrap_Pages/VSP_Bootstrap/VSP_Authcap/select_UDF5'  using regular expression

2023-02-22 18:45:37 - [MESSAGE][PASSED] - All options with label 'Yellow' are selected in object 'Object Repository/AdminSuiteBootstrap_Pages/VSP_Bootstrap/VSP_Authcap/select_UDF6'  using regular expression

2023-02-22 18:45:38 - [MESSAGE][PASSED] - Text 'Kolkata' is set on object 'Object Repository/AdminSuiteBootstrap_Pages/VSP_Bootstrap/VSP_Authcap/input_userDefined7'

2023-02-22 18:45:39 - [MESSAGE][PASSED] - Text 'Pune' is set on object 'Object Repository/AdminSuiteBootstrap_Pages/VSP_Bootstrap/VSP_Authcap/input_userDefined8'

2023-02-22 18:45:39 - [MESSAGE][PASSED] - Text 'Bhavnagar' is set on object 'Object Repository/AdminSuiteBootstrap_Pages/VSP_Bootstrap/VSP_Authcap/input_userDefined9'

2023-02-22 18:45:40 - [MESSAGE][PASSED] - Text 'Noida' is set on object 'Object Repository/AdminSuiteBootstrap_Pages/VSP_Bootstrap/VSP_Authcap/input_userDefined10'

2023-02-22 18:45:42 - [MESSAGE][PASSED] - Object: 'Object Repository/AdminSuiteBootstrap_Pages/VSP_Bootstrap/VSP_Authcap/button_Submit' is clicked on

2023-02-22 18:45:42 - [MESSAGE][PASSED] - vspBootstrap.SalePage.setDataSaleAndAuth is PASSED

2023-02-22 18:45:42 - [TEST_STEP][PASSED] - verifyTextPresent("Transaction Successful", true): Text 'Transaction Successful' is present on page  using regular expression

2023-02-22 18:45:43 - [MESSAGE][PASSED] - Text 'Transaction Successful' is present on page  using regular expression

2023-02-22 18:45:43 - [TEST_STEP][PASSED] - verifyElementVisible(findTestObject("Object Repository/AdminSuiteBootstrap_Pages/VT_Bootstrap/Receipt/button_Continue")): Object 'Object Repository/AdminSuiteBootstrap_Pages/VT_Bootstrap/Receipt/button_Continue' is visible

2023-02-22 18:45:43 - [MESSAGE][PASSED] - Object 'Object Repository/AdminSuiteBootstrap_Pages/VT_Bootstrap/Receipt/button_Continue' is visible

2023-02-22 18:45:43 - [TEST_STEP][PASSED] - verifyElementPresent(findTestObject("Object Repository/AdminSuiteBootstrap_Pages/VT_Bootstrap/Receipt/button_Continue"), 20): Object 'Object Repository/AdminSuiteBootstrap_Pages/VT_Bootstrap/Receipt/button_Continue' is present

2023-02-22 18:45:43 - [MESSAGE][PASSED] - Object 'Object Repository/AdminSuiteBootstrap_Pages/VT_Bootstrap/Receipt/button_Continue' is present

2023-02-22 18:45:43 - [TEST_STEP][PASSED] - verifyElementVisible(findTestObject("Object Repository/AdminSuiteBootstrap_Pages/VT_Bootstrap/Receipt/button_Print")): Object 'Object Repository/AdminSuiteBootstrap_Pages/VT_Bootstrap/Receipt/button_Print' is visible

2023-02-22 18:45:44 - [MESSAGE][PASSED] - Object 'Object Repository/AdminSuiteBootstrap_Pages/VT_Bootstrap/Receipt/button_Print' is visible

2023-02-22 18:45:44 - [TEST_STEP][PASSED] - verifyElementPresent(findTestObject("Object Repository/AdminSuiteBootstrap_Pages/VT_Bootstrap/Receipt/button_Print"), 20): Object 'Object Repository/AdminSuiteBootstrap_Pages/VT_Bootstrap/Receipt/button_Print' is present

2023-02-22 18:45:44 - [MESSAGE][PASSED] - Object 'Object Repository/AdminSuiteBootstrap_Pages/VT_Bootstrap/Receipt/button_Print' is present

2023-02-22 18:45:44 - [TEST_STEP][PASSED] - verifyTextPresent("Remittance ID", true): Text 'Remittance ID' is present on page  using regular expression

2023-02-22 18:45:44 - [MESSAGE][PASSED] - Text 'Remittance ID' is present on page  using regular expression

2023-02-22 18:45:44 - [TEST_STEP][PASSED] - verifyTextPresent("Received", true): Text 'Received' is present on page  using regular expression

2023-02-22 18:45:45 - [MESSAGE][PASSED] - Text 'Received' is present on page  using regular expression

2023-02-22 18:45:45 - [TEST_STEP][PASSED] - verifyTextPresent("UDF1", true): Text 'UDF1' is present on page  using regular expression

2023-02-22 18:45:45 - [MESSAGE][PASSED] - Text 'UDF1' is present on page  using regular expression

2023-02-22 18:45:45 - [TEST_STEP][PASSED] - verifyTextPresent("UDF2", true): Text 'UDF2' is present on page  using regular expression

2023-02-22 18:45:45 - [MESSAGE][PASSED] - Text 'UDF2' is present on page  using regular expression

2023-02-22 18:45:45 - [TEST_STEP][PASSED] - verifyTextPresent("UDF3", true): Text 'UDF3' is present on page  using regular expression

2023-02-22 18:45:46 - [MESSAGE][PASSED] - Text 'UDF3' is present on page  using regular expression

2023-02-22 18:45:46 - [TEST_STEP][PASSED] - verifyTextPresent("UDF4", true): Text 'UDF4' is present on page  using regular expression

2023-02-22 18:45:46 - [MESSAGE][PASSED] - Text 'UDF4' is present on page  using regular expression

2023-02-22 18:45:46 - [TEST_STEP][PASSED] - verifyTextPresent("UDF5", true): Text 'UDF5' is present on page  using regular expression

2023-02-22 18:45:46 - [MESSAGE][PASSED] - Text 'UDF5' is present on page  using regular expression

2023-02-22 18:45:46 - [TEST_STEP][PASSED] - verifyTextPresent("UDF6", true): Text 'UDF6' is present on page  using regular expression

2023-02-22 18:45:47 - [MESSAGE][PASSED] - Text 'UDF6' is present on page  using regular expression

2023-02-22 18:45:47 - [TEST_STEP][PASSED] - verifyTextPresent("UDF7", true): Text 'UDF7' is present on page  using regular expression

2023-02-22 18:45:47 - [MESSAGE][PASSED] - Text 'UDF7' is present on page  using regular expression

2023-02-22 18:45:47 - [TEST_STEP][PASSED] - verifyTextPresent("UDF8", true): Text 'UDF8' is present on page  using regular expression

2023-02-22 18:45:47 - [MESSAGE][PASSED] - Text 'UDF8' is present on page  using regular expression

2023-02-22 18:45:47 - [TEST_STEP][PASSED] - verifyTextPresent("UDF9", true): Text 'UDF9' is present on page  using regular expression

2023-02-22 18:45:48 - [MESSAGE][PASSED] - Text 'UDF9' is present on page  using regular expression

2023-02-22 18:45:48 - [TEST_STEP][PASSED] - verifyTextPresent("UDF 10", true): Text 'UDF 10' is present on page  using regular expression

2023-02-22 18:45:48 - [MESSAGE][PASSED] - Text 'UDF 10' is present on page  using regular expression

2023-02-22 18:45:48 - [TEST_STEP][PASSED] - verifyTextPresent("Delhi", true): Text 'Delhi' is present on page  using regular expression

2023-02-22 18:45:48 - [MESSAGE][PASSED] - Text 'Delhi' is present on page  using regular expression

2023-02-22 18:45:48 - [TEST_STEP][PASSED] - verifyTextPresent("Chennai", true): Text 'Chennai' is present on page  using regular expression

2023-02-22 18:45:49 - [MESSAGE][PASSED] - Text 'Chennai' is present on page  using regular expression

2023-02-22 18:45:49 - [TEST_STEP][PASSED] - verifyTextPresent("Mumbai", true): Text 'Mumbai' is present on page  using regular expression

2023-02-22 18:45:49 - [MESSAGE][PASSED] - Text 'Mumbai' is present on page  using regular expression

2023-02-22 18:45:49 - [TEST_STEP][PASSED] - verifyTextPresent("Kanpur", true): Text 'Kanpur' is present on page  using regular expression

2023-02-22 18:45:49 - [MESSAGE][PASSED] - Text 'Kanpur' is present on page  using regular expression

2023-02-22 18:45:49 - [TEST_STEP][PASSED] - verifyTextPresent("Orange Recorded", true): Text 'Orange Recorded' is present on page  using regular expression

2023-02-22 18:45:50 - [MESSAGE][PASSED] - Text 'Orange Recorded' is present on page  using regular expression

2023-02-22 18:45:50 - [TEST_STEP][PASSED] - verifyTextPresent("Yellow Recorded", true): Text 'Yellow Recorded' is present on page  using regular expression

2023-02-22 18:45:50 - [MESSAGE][PASSED] - Text 'Yellow Recorded' is present on page  using regular expression

2023-02-22 18:45:50 - [TEST_STEP][PASSED] - verifyTextPresent("Kolkata", true): Text 'Kolkata' is present on page  using regular expression

2023-02-22 18:45:50 - [MESSAGE][PASSED] - Text 'Kolkata' is present on page  using regular expression

2023-02-22 18:45:50 - [TEST_STEP][PASSED] - verifyTextPresent("Pune", true): Text 'Pune' is present on page  using regular expression

2023-02-22 18:45:51 - [MESSAGE][PASSED] - Text 'Pune' is present on page  using regular expression

2023-02-22 18:45:51 - [TEST_STEP][PASSED] - verifyTextPresent("Bhavnagar", true): Text 'Bhavnagar' is present on page  using regular expression

2023-02-22 18:45:51 - [MESSAGE][PASSED] - Text 'Bhavnagar' is present on page  using regular expression

2023-02-22 18:45:51 - [TEST_STEP][PASSED] - verifyTextPresent("Noida", true): Text 'Noida' is present on page  using regular expression

2023-02-22 18:45:51 - [MESSAGE][PASSED] - Text 'Noida' is present on page  using regular expression

2023-02-22 18:45:51 - [TEST_STEP][PASSED] - verifyTextPresent("Amount", true): Text 'Amount' is present on page  using regular expression

2023-02-22 18:45:52 - [MESSAGE][PASSED] - Text 'Amount' is present on page  using regular expression

2023-02-22 18:45:52 - [TEST_STEP][PASSED] - verifyTextPresent("2.50", true): Text '2.50' is present on page  using regular expression

2023-02-22 18:45:52 - [MESSAGE][PASSED] - Text '2.50' is present on page  using regular expression

2023-02-22 18:45:52 - [TEST_STEP][PASSED] - verifyTextPresent("Authorization and Capture", true): Text 'Authorization and Capture' is present on page  using regular expression

2023-02-22 18:45:52 - [MESSAGE][PASSED] - Text 'Authorization and Capture' is present on page  using regular expression

2023-02-22 18:45:52 - [TEST_STEP][PASSED] - verifyTextPresent("Card Information", true): Text 'Card Information' is present on page  using regular expression

2023-02-22 18:45:53 - [MESSAGE][PASSED] - Text 'Card Information' is present on page  using regular expression

2023-02-22 18:45:53 - [TEST_STEP][PASSED] - verifyTextPresent("TANDON RAVENA", true): Text 'TANDON RAVENA' is present on page  using regular expression

2023-02-22 18:45:53 - [MESSAGE][PASSED] - Text 'TANDON RAVENA' is present on page  using regular expression

2023-02-22 18:45:53 - [TEST_STEP][PASSED] - verifyTextPresent("Address Line 1", true): Text 'Address Line 1' is present on page  using regular expression

2023-02-22 18:45:53 - [MESSAGE][PASSED] - Text 'Address Line 1' is present on page  using regular expression

2023-02-22 18:45:53 - [TEST_STEP][PASSED] - verifyTextPresent("Address Line 2", true): Text 'Address Line 2' is present on page  using regular expression

2023-02-22 18:45:53 - [MESSAGE][PASSED] - Text 'Address Line 2' is present on page  using regular expression

2023-02-22 18:45:53 - [TEST_STEP][PASSED] - verifyTextPresent("Country", true): Text 'Country' is present on page  using regular expression

2023-02-22 18:45:54 - [MESSAGE][PASSED] - Text 'Country' is present on page  using regular expression

2023-02-22 18:45:54 - [TEST_STEP][PASSED] - verifyTextPresent("City", true): Text 'City' is present on page  using regular expression

2023-02-22 18:45:54 - [MESSAGE][PASSED] - Text 'City' is present on page  using regular expression

2023-02-22 18:45:54 - [TEST_STEP][PASSED] - verifyTextPresent("State", true): Text 'State' is present on page  using regular expression

2023-02-22 18:45:54 - [MESSAGE][PASSED] - Text 'State' is present on page  using regular expression

2023-02-22 18:45:54 - [TEST_STEP][PASSED] - verifyTextPresent("ZIP Code", true): Text 'ZIP Code' is present on page  using regular expression

2023-02-22 18:45:55 - [MESSAGE][PASSED] - Text 'ZIP Code' is present on page  using regular expression

2023-02-22 18:45:55 - [TEST_STEP][PASSED] - verifyTextPresent("248 PhoolKaante road", true): Text '248 PhoolKaante road' is present on page  using regular expression

2023-02-22 18:45:55 - [MESSAGE][PASSED] - Text '248 PhoolKaante road' is present on page  using regular expression

2023-02-22 18:45:55 - [TEST_STEP][PASSED] - verifyTextPresent("Suite 678", true): Text 'Suite 678' is present on page  using regular expression

2023-02-22 18:45:55 - [MESSAGE][PASSED] - Text 'Suite 678' is present on page  using regular expression

2023-02-22 18:45:55 - [TEST_STEP][PASSED] - verifyTextPresent("United States", true): Text 'United States' is present on page  using regular expression

2023-02-22 18:45:56 - [MESSAGE][PASSED] - Text 'United States' is present on page  using regular expression

2023-02-22 18:45:56 - [TEST_STEP][PASSED] - verifyTextPresent("ARLINGTON", true): Text 'ARLINGTON' is present on page  using regular expression

2023-02-22 18:45:56 - [MESSAGE][PASSED] - Text 'ARLINGTON' is present on page  using regular expression

2023-02-22 18:45:56 - [TEST_STEP][PASSED] - verifyTextPresent("VA", true): Text 'VA' is present on page  using regular expression

2023-02-22 18:45:56 - [MESSAGE][PASSED] - Text 'VA' is present on page  using regular expression

2023-02-22 18:45:56 - [TEST_STEP][PASSED] - verifyTextPresent("22201", true): Text '22201' is present on page  using regular expression

2023-02-22 18:45:57 - [MESSAGE][PASSED] - Text '22201' is present on page  using regular expression

2023-02-22 18:45:57 - [TEST_STEP][PASSED] - cardTypeV = findTestData(dataFile).getValue("CardType", row): null

2023-02-22 18:45:57 - [TEST_STEP][PASSED] - last4V = findTestData(dataFile).getValue("Last4", row): null

2023-02-22 18:45:57 - [TEST_STEP][PASSED] - verifyTextPresent(cardTypeV, true): Text 'Discover' is present on page  using regular expression

2023-02-22 18:45:57 - [MESSAGE][PASSED] - Text 'Discover' is present on page  using regular expression

2023-02-22 18:45:57 - [TEST_STEP][PASSED] - verifyTextPresent(last4V, true): Text '6909' is present on page  using regular expression

2023-02-22 18:45:58 - [MESSAGE][PASSED] - Text '6909' is present on page  using regular expression

2023-02-22 18:45:58 - [TEST_STEP][PASSED] - switch (appName): null

2023-02-22 18:45:58 - [TEST_STEP][PASSED] - case "a_Access AutoSingleCFtpQA":: null

2023-02-22 18:45:58 - [TEST_STEP][PASSED] - verifyTextPresent("5.00", true): Text '5.00' is present on page  using regular expression

2023-02-22 18:45:58 - [MESSAGE][PASSED] - Text '5.00' is present on page  using regular expression

2023-02-22 18:45:58 - [TEST_STEP][PASSED] - verifyTextPresent("Single Transaction", true): Text 'Single Transaction' is present on page  using regular expression

2023-02-22 18:45:58 - [MESSAGE][PASSED] - Text 'Single Transaction' is present on page  using regular expression

2023-02-22 18:45:58 - [TEST_STEP][PASSED] - verifyTextPresent("7.50", true): Text '7.50' is present on page  using regular expression

2023-02-22 18:45:59 - [MESSAGE][PASSED] - Text '7.50' is present on page  using regular expression

2023-02-22 18:45:59 - [TEST_STEP][PASSED] - verifyTextPresent("Total Amount", true): Text 'Total Amount' is present on page  using regular expression

2023-02-22 18:45:59 - [MESSAGE][PASSED] - Text 'Total Amount' is present on page  using regular expression

2023-02-22 18:45:59 - [TEST_STEP][PASSED] - verifyTextPresent("Transaction Type", true): Text 'Transaction Type' is present on page  using regular expression

2023-02-22 18:45:59 - [MESSAGE][PASSED] - Text 'Transaction Type' is present on page  using regular expression

2023-02-22 18:45:59 - [TEST_STEP][PASSED] - break: null

2023-02-22 18:45:59 - [TEST_STEP][PASSED] - closeBrowser(): Browser is closed

2023-02-22 18:46:00 - [MESSAGE][PASSED] - Browser is closed

2023-02-22 18:46:00 - [TEST_STEP][PASSED] - ExecuteTC = findTestData(dataFile).getValue("Execute", row): null

2023-02-22 18:46:00 - [TEST_STEP][PASSED] - out.println("Value of Execute is : " + ExecuteTC): null

2023-02-22 18:46:00 - [TEST_STEP][PASSED] - switch (executionProfile): null

2023-02-22 18:46:00 - [TEST_STEP][PASSED] - case "QAProfile":: null

2023-02-22 18:46:00 - [TEST_STEP][PASSED] - appName = findTestData(dataFile).getValue("AppNameQA", row): null

2023-02-22 18:46:00 - [TEST_STEP][PASSED] - appID = findTestData(dataFile).getValue("AppIDQA", row): null

2023-02-22 18:46:00 - [TEST_STEP][PASSED] - break: null

2023-02-22 18:46:00 - [TEST_STEP][PASSED] - if (ExecuteTC.equalsIgnoreCase("Y")): null

2023-02-22 18:46:00 - [TEST_STEP][PASSED] - out.println("Begin Record Number: " + row): null

2023-02-22 18:46:00 - [TEST_STEP][PASSED] - today = new java.util.Date(): null

2023-02-22 18:46:00 - [TEST_STEP][PASSED] - println(today): null

2023-02-22 18:46:00 - [TEST_STEP][PASSED] - datText = today: null

2023-02-22 18:46:00 - [TEST_STEP][PASSED] - adminSuiteBootstrap.loginFunctionality.login_AdminSuite(): adminSuiteBootstrap.loginFunctionality.login_AdminSuite is PASSED

2023-02-22 18:46:00 - [MESSAGE][INFO] - Starting 'Chrome' driver

2023-02-22 18:46:00 - [MESSAGE][INFO] - User set preference: ['acceptInsecureCerts', 'true']

2023-02-22 18:46:00 - [MESSAGE][INFO] - Action delay is set to 0 milliseconds

2023-02-22 18:46:03 - [MESSAGE][PASSED] - Browser is opened with url: 'https://qa.velocitypayment.com/admin/imtiaz'

2023-02-22 18:46:03 - [MESSAGE][PASSED] - Current window maximized

2023-02-22 18:46:03 - [MESSAGE][PASSED] - Object 'Object Repository/Login_Page/Login_Username' is present

2023-02-22 18:46:04 - [MESSAGE][PASSED] - Text 'iahmed' is set on object 'Object Repository/Login_Page/Login_Username'

2023-02-22 18:46:05 - [MESSAGE][PASSED] - Text 'hello2222' is set on object 'Object Repository/Login_Page/Login_Password'

2023-02-22 18:46:08 - [MESSAGE][PASSED] - Object: 'Object Repository/Login_Page/Login_Submit' is clicked on

2023-02-22 18:46:08 - [MESSAGE][PASSED] - adminSuiteBootstrap.loginFunctionality.login_AdminSuite is PASSED

2023-02-22 18:46:08 - [TEST_STEP][PASSED] - click(findTestObject(path_Dashboard + appName)): Object: 'Object Repository/AdminSuiteBootstrap_Pages/Dashboard_Bootstrap/a_Access AutoDualCFtpQA' is clicked on

2023-02-22 18:46:09 - [MESSAGE][PASSED] - Object: 'Object Repository/AdminSuiteBootstrap_Pages/Dashboard_Bootstrap/a_Access AutoDualCFtpQA' is clicked on

2023-02-22 18:46:09 - [TEST_STEP][PASSED] - click(findTestObject(path_VT + "a_Find Profile")): Object: 'Object Repository/AdminSuiteBootstrap_Pages/VT_Bootstrap/IssueTransactions/a_Find Profile' is clicked on

2023-02-22 18:46:09 - [MESSAGE][PASSED] - Object: 'Object Repository/AdminSuiteBootstrap_Pages/VT_Bootstrap/IssueTransactions/a_Find Profile' is clicked on

2023-02-22 18:46:09 - [TEST_STEP][PASSED] - criteria = <not implemented yet for class: org.codehaus.groovy.ast.expr.EmptyExpression>: null

2023-02-22 18:46:09 - [TEST_STEP][PASSED] - searchBy = <not implemented yet for class: org.codehaus.groovy.ast.expr.EmptyExpression>: null

2023-02-22 18:46:09 - [TEST_STEP][PASSED] - criteria = findTestData(dataFile).getValue("ProfileName", row): null

2023-02-22 18:46:09 - [TEST_STEP][PASSED] - path_SearchProfile = "Object Repository/AdminSuiteBootstrap_Pages/VSP_Bootstrap/SearchProfile/": null

2023-02-22 18:46:09 - [TEST_STEP][PASSED] - setText(findTestObject(path_SearchProfile + "input_Criteria"), criteria): Text 'PaymentsVisa' is set on object 'Object Repository/AdminSuiteBootstrap_Pages/VSP_Bootstrap/SearchProfile/input_Criteria'

2023-02-22 18:46:10 - [MESSAGE][PASSED] - Text 'PaymentsVisa' is set on object 'Object Repository/AdminSuiteBootstrap_Pages/VSP_Bootstrap/SearchProfile/input_Criteria'

2023-02-22 18:46:10 - [TEST_STEP][PASSED] - click(findTestObject(path_SearchProfile + "button_Search")): Object: 'Object Repository/AdminSuiteBootstrap_Pages/VSP_Bootstrap/SearchProfile/button_Search' is clicked on

2023-02-22 18:46:11 - [MESSAGE][PASSED] - Object: 'Object Repository/AdminSuiteBootstrap_Pages/VSP_Bootstrap/SearchProfile/button_Search' is clicked on

2023-02-22 18:46:11 - [TEST_STEP][PASSED] - profNameLink = findTestData(dataFile).getValue("ProfileNameLink", row): null

2023-02-22 18:46:11 - [TEST_STEP][PASSED] - click(findTestObject(path_ViewProfile + profNameLink)): Object: 'Object Repository/AdminSuiteBootstrap_Pages/VSP_Bootstrap/View Profile/a_PaymentsVisa' is clicked on

2023-02-22 18:46:12 - [MESSAGE][PASSED] - Object: 'Object Repository/AdminSuiteBootstrap_Pages/VSP_Bootstrap/View Profile/a_PaymentsVisa' is clicked on

2023-02-22 18:46:12 - [TEST_STEP][PASSED] - click(findTestObject(path_ViewProfile + "a_AuthCap")): Object: 'Object Repository/AdminSuiteBootstrap_Pages/VSP_Bootstrap/View Profile/a_AuthCap' is clicked on

2023-02-22 18:46:15 - [MESSAGE][PASSED] - Object: 'Object Repository/AdminSuiteBootstrap_Pages/VSP_Bootstrap/View Profile/a_AuthCap' is clicked on

2023-02-22 18:46:15 - [TEST_STEP][PASSED] - verifyTextPresent("Credit Card Authorization Capture", true): Text 'Credit Card Authorization Capture' is present on page  using regular expression

2023-02-22 18:46:16 - [MESSAGE][PASSED] - Text 'Credit Card Authorization Capture' is present on page  using regular expression

2023-02-22 18:46:16 - [TEST_STEP][PASSED] - verifyTextPresent("Sale", true): Text 'Sale' is present on page  using regular expression

2023-02-22 18:46:16 - [MESSAGE][PASSED] - Text 'Sale' is present on page  using regular expression

2023-02-22 18:46:16 - [TEST_STEP][PASSED] - verifyTextPresent("Required fields are highlighted with an asterisk", true): Text 'Required fields are highlighted with an asterisk' is present on page  using regular expression

2023-02-22 18:46:17 - [MESSAGE][PASSED] - Text 'Required fields are highlighted with an asterisk' is present on page  using regular expression

2023-02-22 18:46:17 - [TEST_STEP][PASSED] - verifyTextPresent("Remittance ID", true): Text 'Remittance ID' is present on page  using regular expression

2023-02-22 18:46:17 - [MESSAGE][PASSED] - Text 'Remittance ID' is present on page  using regular expression

2023-02-22 18:46:17 - [TEST_STEP][PASSED] - vspBootstrap.SalePage.setDataSaleAndAuth(row, dataFile): vspBootstrap.SalePage.setDataSaleAndAuth is PASSED

2023-02-22 18:46:18 - [MESSAGE][PASSED] - All options with value 'MOTO' are selected in object 'Object Repository/AdminSuiteBootstrap_Pages/VSP_Bootstrap/VSP_Authcap/select_TransactionCategory'  using regular expression

2023-02-22 18:46:19 - [MESSAGE][PASSED] - Text '123' is set on object 'Object Repository/AdminSuiteBootstrap_Pages/VSP_Bootstrap/VSP_Authcap/input_cvv'

2023-02-22 18:46:20 - [MESSAGE][PASSED] - Text '' is set on object 'Object Repository/AdminSuiteBootstrap_Pages/VSP_Bootstrap/VSP_Authcap/input_smsNumber'

2023-02-22 18:46:20 - [MESSAGE][PASSED] - Text '2.50' is set on object 'Object Repository/AdminSuiteBootstrap_Pages/VSP_Bootstrap/VSP_Authcap/input_amount'

2023-02-22 18:46:22 - [MESSAGE][PASSED] - Text 'Delhi' is set on object 'Object Repository/AdminSuiteBootstrap_Pages/VSP_Bootstrap/VSP_Authcap/input_userDefined1'

2023-02-22 18:46:22 - [MESSAGE][PASSED] - Text 'Chennai' is set on object 'Object Repository/AdminSuiteBootstrap_Pages/VSP_Bootstrap/VSP_Authcap/input_userDefined2'

2023-02-22 18:46:23 - [MESSAGE][PASSED] - Text 'Mumbai' is set on object 'Object Repository/AdminSuiteBootstrap_Pages/VSP_Bootstrap/VSP_Authcap/input_userDefined3'

2023-02-22 18:46:24 - [MESSAGE][PASSED] - Text 'Kanpur' is set on object 'Object Repository/AdminSuiteBootstrap_Pages/VSP_Bootstrap/VSP_Authcap/input_userDefined4'

2023-02-22 18:46:25 - [MESSAGE][PASSED] - All options with label 'Orange' are selected in object 'Object Repository/AdminSuiteBootstrap_Pages/VSP_Bootstrap/VSP_Authcap/select_UDF5'  using regular expression

2023-02-22 18:46:26 - [MESSAGE][PASSED] - All options with label 'Yellow' are selected in object 'Object Repository/AdminSuiteBootstrap_Pages/VSP_Bootstrap/VSP_Authcap/select_UDF6'  using regular expression

2023-02-22 18:46:26 - [MESSAGE][PASSED] - Text 'Kolkata' is set on object 'Object Repository/AdminSuiteBootstrap_Pages/VSP_Bootstrap/VSP_Authcap/input_userDefined7'

2023-02-22 18:46:27 - [MESSAGE][PASSED] - Text 'Pune' is set on object 'Object Repository/AdminSuiteBootstrap_Pages/VSP_Bootstrap/VSP_Authcap/input_userDefined8'

2023-02-22 18:46:28 - [MESSAGE][PASSED] - Text 'Bhavnagar' is set on object 'Object Repository/AdminSuiteBootstrap_Pages/VSP_Bootstrap/VSP_Authcap/input_userDefined9'

2023-02-22 18:46:28 - [MESSAGE][PASSED] - Text 'Noida' is set on object 'Object Repository/AdminSuiteBootstrap_Pages/VSP_Bootstrap/VSP_Authcap/input_userDefined10'

2023-02-22 18:46:31 - [MESSAGE][PASSED] - Object: 'Object Repository/AdminSuiteBootstrap_Pages/VSP_Bootstrap/VSP_Authcap/button_Submit' is clicked on

2023-02-22 18:46:31 - [MESSAGE][PASSED] - vspBootstrap.SalePage.setDataSaleAndAuth is PASSED

2023-02-22 18:46:31 - [TEST_STEP][PASSED] - verifyTextPresent("Transaction Successful", true): Text 'Transaction Successful' is present on page  using regular expression

2023-02-22 18:46:31 - [MESSAGE][PASSED] - Text 'Transaction Successful' is present on page  using regular expression

2023-02-22 18:46:31 - [TEST_STEP][PASSED] - verifyElementVisible(findTestObject("Object Repository/AdminSuiteBootstrap_Pages/VT_Bootstrap/Receipt/button_Continue")): Object 'Object Repository/AdminSuiteBootstrap_Pages/VT_Bootstrap/Receipt/button_Continue' is visible

2023-02-22 18:46:32 - [MESSAGE][PASSED] - Object 'Object Repository/AdminSuiteBootstrap_Pages/VT_Bootstrap/Receipt/button_Continue' is visible

2023-02-22 18:46:32 - [TEST_STEP][PASSED] - verifyElementPresent(findTestObject("Object Repository/AdminSuiteBootstrap_Pages/VT_Bootstrap/Receipt/button_Continue"), 20): Object 'Object Repository/AdminSuiteBootstrap_Pages/VT_Bootstrap/Receipt/button_Continue' is present

2023-02-22 18:46:32 - [MESSAGE][PASSED] - Object 'Object Repository/AdminSuiteBootstrap_Pages/VT_Bootstrap/Receipt/button_Continue' is present

2023-02-22 18:46:32 - [TEST_STEP][PASSED] - verifyElementVisible(findTestObject("Object Repository/AdminSuiteBootstrap_Pages/VT_Bootstrap/Receipt/button_Print")): Object 'Object Repository/AdminSuiteBootstrap_Pages/VT_Bootstrap/Receipt/button_Print' is visible

2023-02-22 18:46:32 - [MESSAGE][PASSED] - Object 'Object Repository/AdminSuiteBootstrap_Pages/VT_Bootstrap/Receipt/button_Print' is visible

2023-02-22 18:46:32 - [TEST_STEP][PASSED] - verifyElementPresent(findTestObject("Object Repository/AdminSuiteBootstrap_Pages/VT_Bootstrap/Receipt/button_Print"), 20): Object 'Object Repository/AdminSuiteBootstrap_Pages/VT_Bootstrap/Receipt/button_Print' is present

2023-02-22 18:46:33 - [MESSAGE][PASSED] - Object 'Object Repository/AdminSuiteBootstrap_Pages/VT_Bootstrap/Receipt/button_Print' is present

2023-02-22 18:46:33 - [TEST_STEP][PASSED] - verifyTextPresent("Remittance ID", true): Text 'Remittance ID' is present on page  using regular expression

2023-02-22 18:46:33 - [MESSAGE][PASSED] - Text 'Remittance ID' is present on page  using regular expression

2023-02-22 18:46:33 - [TEST_STEP][PASSED] - verifyTextPresent("Received", true): Text 'Received' is present on page  using regular expression

2023-02-22 18:46:33 - [MESSAGE][PASSED] - Text 'Received' is present on page  using regular expression

2023-02-22 18:46:33 - [TEST_STEP][PASSED] - verifyTextPresent("UDF1", true): Text 'UDF1' is present on page  using regular expression

2023-02-22 18:46:34 - [MESSAGE][PASSED] - Text 'UDF1' is present on page  using regular expression

2023-02-22 18:46:34 - [TEST_STEP][PASSED] - verifyTextPresent("UDF2", true): Text 'UDF2' is present on page  using regular expression

2023-02-22 18:46:34 - [MESSAGE][PASSED] - Text 'UDF2' is present on page  using regular expression

2023-02-22 18:46:34 - [TEST_STEP][PASSED] - verifyTextPresent("UDF3", true): Text 'UDF3' is present on page  using regular expression

2023-02-22 18:46:34 - [MESSAGE][PASSED] - Text 'UDF3' is present on page  using regular expression

2023-02-22 18:46:34 - [TEST_STEP][PASSED] - verifyTextPresent("UDF4", true): Text 'UDF4' is present on page  using regular expression

2023-02-22 18:46:35 - [MESSAGE][PASSED] - Text 'UDF4' is present on page  using regular expression

2023-02-22 18:46:35 - [TEST_STEP][PASSED] - verifyTextPresent("UDF5", true): Text 'UDF5' is present on page  using regular expression

2023-02-22 18:46:35 - [MESSAGE][PASSED] - Text 'UDF5' is present on page  using regular expression

2023-02-22 18:46:35 - [TEST_STEP][PASSED] - verifyTextPresent("UDF6", true): Text 'UDF6' is present on page  using regular expression

2023-02-22 18:46:35 - [MESSAGE][PASSED] - Text 'UDF6' is present on page  using regular expression

2023-02-22 18:46:35 - [TEST_STEP][PASSED] - verifyTextPresent("UDF7", true): Text 'UDF7' is present on page  using regular expression

2023-02-22 18:46:36 - [MESSAGE][PASSED] - Text 'UDF7' is present on page  using regular expression

2023-02-22 18:46:36 - [TEST_STEP][PASSED] - verifyTextPresent("UDF8", true): Text 'UDF8' is present on page  using regular expression

2023-02-22 18:46:36 - [MESSAGE][PASSED] - Text 'UDF8' is present on page  using regular expression

2023-02-22 18:46:36 - [TEST_STEP][PASSED] - verifyTextPresent("UDF9", true): Text 'UDF9' is present on page  using regular expression

2023-02-22 18:46:36 - [MESSAGE][PASSED] - Text 'UDF9' is present on page  using regular expression

2023-02-22 18:46:36 - [TEST_STEP][PASSED] - verifyTextPresent("UDF 10", true): Text 'UDF 10' is present on page  using regular expression

2023-02-22 18:46:37 - [MESSAGE][PASSED] - Text 'UDF 10' is present on page  using regular expression

2023-02-22 18:46:37 - [TEST_STEP][PASSED] - verifyTextPresent("Delhi", true): Text 'Delhi' is present on page  using regular expression

2023-02-22 18:46:37 - [MESSAGE][PASSED] - Text 'Delhi' is present on page  using regular expression

2023-02-22 18:46:37 - [TEST_STEP][PASSED] - verifyTextPresent("Chennai", true): Text 'Chennai' is present on page  using regular expression

2023-02-22 18:46:37 - [MESSAGE][PASSED] - Text 'Chennai' is present on page  using regular expression

2023-02-22 18:46:37 - [TEST_STEP][PASSED] - verifyTextPresent("Mumbai", true): Text 'Mumbai' is present on page  using regular expression

2023-02-22 18:46:38 - [MESSAGE][PASSED] - Text 'Mumbai' is present on page  using regular expression

2023-02-22 18:46:38 - [TEST_STEP][PASSED] - verifyTextPresent("Kanpur", true): Text 'Kanpur' is present on page  using regular expression

2023-02-22 18:46:38 - [MESSAGE][PASSED] - Text 'Kanpur' is present on page  using regular expression

2023-02-22 18:46:38 - [TEST_STEP][PASSED] - verifyTextPresent("Orange Recorded", true): Text 'Orange Recorded' is present on page  using regular expression

2023-02-22 18:46:38 - [MESSAGE][PASSED] - Text 'Orange Recorded' is present on page  using regular expression

2023-02-22 18:46:38 - [TEST_STEP][PASSED] - verifyTextPresent("Yellow Recorded", true): Text 'Yellow Recorded' is present on page  using regular expression

2023-02-22 18:46:39 - [MESSAGE][PASSED] - Text 'Yellow Recorded' is present on page  using regular expression

2023-02-22 18:46:39 - [TEST_STEP][PASSED] - verifyTextPresent("Kolkata", true): Text 'Kolkata' is present on page  using regular expression

2023-02-22 18:46:39 - [MESSAGE][PASSED] - Text 'Kolkata' is present on page  using regular expression

2023-02-22 18:46:39 - [TEST_STEP][PASSED] - verifyTextPresent("Pune", true): Text 'Pune' is present on page  using regular expression

2023-02-22 18:46:39 - [MESSAGE][PASSED] - Text 'Pune' is present on page  using regular expression

2023-02-22 18:46:39 - [TEST_STEP][PASSED] - verifyTextPresent("Bhavnagar", true): Text 'Bhavnagar' is present on page  using regular expression

2023-02-22 18:46:40 - [MESSAGE][PASSED] - Text 'Bhavnagar' is present on page  using regular expression

2023-02-22 18:46:40 - [TEST_STEP][PASSED] - verifyTextPresent("Noida", true): Text 'Noida' is present on page  using regular expression

2023-02-22 18:46:40 - [MESSAGE][PASSED] - Text 'Noida' is present on page  using regular expression

2023-02-22 18:46:40 - [TEST_STEP][PASSED] - verifyTextPresent("Amount", true): Text 'Amount' is present on page  using regular expression

2023-02-22 18:46:40 - [MESSAGE][PASSED] - Text 'Amount' is present on page  using regular expression

2023-02-22 18:46:40 - [TEST_STEP][PASSED] - verifyTextPresent("2.50", true): Text '2.50' is present on page  using regular expression

2023-02-22 18:46:41 - [MESSAGE][PASSED] - Text '2.50' is present on page  using regular expression

2023-02-22 18:46:41 - [TEST_STEP][PASSED] - verifyTextPresent("Authorization and Capture", true): Text 'Authorization and Capture' is present on page  using regular expression

2023-02-22 18:46:41 - [MESSAGE][PASSED] - Text 'Authorization and Capture' is present on page  using regular expression

2023-02-22 18:46:41 - [TEST_STEP][PASSED] - verifyTextPresent("Card Information", true): Text 'Card Information' is present on page  using regular expression

2023-02-22 18:46:41 - [MESSAGE][PASSED] - Text 'Card Information' is present on page  using regular expression

2023-02-22 18:46:41 - [TEST_STEP][PASSED] - verifyTextPresent("TANDON RAVENA", true): Text 'TANDON RAVENA' is present on page  using regular expression

2023-02-22 18:46:42 - [MESSAGE][PASSED] - Text 'TANDON RAVENA' is present on page  using regular expression

2023-02-22 18:46:42 - [TEST_STEP][PASSED] - verifyTextPresent("Address Line 1", true): Text 'Address Line 1' is present on page  using regular expression

2023-02-22 18:46:42 - [MESSAGE][PASSED] - Text 'Address Line 1' is present on page  using regular expression

2023-02-22 18:46:42 - [TEST_STEP][PASSED] - verifyTextPresent("Address Line 2", true): Text 'Address Line 2' is present on page  using regular expression

2023-02-22 18:46:42 - [MESSAGE][PASSED] - Text 'Address Line 2' is present on page  using regular expression

2023-02-22 18:46:42 - [TEST_STEP][PASSED] - verifyTextPresent("Country", true): Text 'Country' is present on page  using regular expression

2023-02-22 18:46:43 - [MESSAGE][PASSED] - Text 'Country' is present on page  using regular expression

2023-02-22 18:46:43 - [TEST_STEP][PASSED] - verifyTextPresent("City", true): Text 'City' is present on page  using regular expression

2023-02-22 18:46:43 - [MESSAGE][PASSED] - Text 'City' is present on page  using regular expression

2023-02-22 18:46:43 - [TEST_STEP][PASSED] - verifyTextPresent("State", true): Text 'State' is present on page  using regular expression

2023-02-22 18:46:43 - [MESSAGE][PASSED] - Text 'State' is present on page  using regular expression

2023-02-22 18:46:43 - [TEST_STEP][PASSED] - verifyTextPresent("ZIP Code", true): Text 'ZIP Code' is present on page  using regular expression

2023-02-22 18:46:43 - [MESSAGE][PASSED] - Text 'ZIP Code' is present on page  using regular expression

2023-02-22 18:46:43 - [TEST_STEP][PASSED] - verifyTextPresent("248 PhoolKaante road", true): Text '248 PhoolKaante road' is present on page  using regular expression

2023-02-22 18:46:44 - [MESSAGE][PASSED] - Text '248 PhoolKaante road' is present on page  using regular expression

2023-02-22 18:46:44 - [TEST_STEP][PASSED] - verifyTextPresent("Suite 678", true): Text 'Suite 678' is present on page  using regular expression

2023-02-22 18:46:44 - [MESSAGE][PASSED] - Text 'Suite 678' is present on page  using regular expression

2023-02-22 18:46:44 - [TEST_STEP][PASSED] - verifyTextPresent("United States", true): Text 'United States' is present on page  using regular expression

2023-02-22 18:46:44 - [MESSAGE][PASSED] - Text 'United States' is present on page  using regular expression

2023-02-22 18:46:44 - [TEST_STEP][PASSED] - verifyTextPresent("ARLINGTON", true): Text 'ARLINGTON' is present on page  using regular expression

2023-02-22 18:46:45 - [MESSAGE][PASSED] - Text 'ARLINGTON' is present on page  using regular expression

2023-02-22 18:46:45 - [TEST_STEP][PASSED] - verifyTextPresent("VA", true): Text 'VA' is present on page  using regular expression

2023-02-22 18:46:45 - [MESSAGE][PASSED] - Text 'VA' is present on page  using regular expression

2023-02-22 18:46:45 - [TEST_STEP][PASSED] - verifyTextPresent("22201", true): Text '22201' is present on page  using regular expression

2023-02-22 18:46:45 - [MESSAGE][PASSED] - Text '22201' is present on page  using regular expression

2023-02-22 18:46:45 - [TEST_STEP][PASSED] - cardTypeV = findTestData(dataFile).getValue("CardType", row): null

2023-02-22 18:46:45 - [TEST_STEP][PASSED] - last4V = findTestData(dataFile).getValue("Last4", row): null

2023-02-22 18:46:45 - [TEST_STEP][PASSED] - verifyTextPresent(cardTypeV, true): Text 'Visa' is present on page  using regular expression

2023-02-22 18:46:46 - [MESSAGE][PASSED] - Text 'Visa' is present on page  using regular expression

2023-02-22 18:46:46 - [TEST_STEP][PASSED] - verifyTextPresent(last4V, true): Text '5439' is present on page  using regular expression

2023-02-22 18:46:46 - [MESSAGE][PASSED] - Text '5439' is present on page  using regular expression

2023-02-22 18:46:46 - [TEST_STEP][PASSED] - switch (appName): null

2023-02-22 18:46:46 - [TEST_STEP][PASSED] - case "a_Access AutoDualCFtpQA":: null

2023-02-22 18:46:46 - [TEST_STEP][PASSED] - verifyTextPresent("5.00", true): Text '5.00' is present on page  using regular expression

2023-02-22 18:46:46 - [MESSAGE][PASSED] - Text '5.00' is present on page  using regular expression

2023-02-22 18:46:46 - [TEST_STEP][PASSED] - verifyTextPresent("Dual Transaction", true): Text 'Dual Transaction' is present on page  using regular expression

2023-02-22 18:46:47 - [MESSAGE][PASSED] - Text 'Dual Transaction' is present on page  using regular expression

2023-02-22 18:46:47 - [TEST_STEP][PASSED] - verifyTextPresent("7.50", true): Text '7.50' is present on page  using regular expression

2023-02-22 18:46:47 - [MESSAGE][PASSED] - Text '7.50' is present on page  using regular expression

2023-02-22 18:46:47 - [TEST_STEP][PASSED] - verifyTextPresent("Total Amount", true): Text 'Total Amount' is present on page  using regular expression

2023-02-22 18:46:47 - [MESSAGE][PASSED] - Text 'Total Amount' is present on page  using regular expression

2023-02-22 18:46:47 - [TEST_STEP][PASSED] - verifyTextPresent("Transaction Type", true): Text 'Transaction Type' is present on page  using regular expression

2023-02-22 18:46:48 - [MESSAGE][PASSED] - Text 'Transaction Type' is present on page  using regular expression

2023-02-22 18:46:48 - [TEST_STEP][PASSED] - break: null

2023-02-22 18:46:48 - [TEST_STEP][PASSED] - closeBrowser(): Browser is closed

2023-02-22 18:46:49 - [MESSAGE][PASSED] - Browser is closed

2023-02-22 18:46:49 - [TEST_STEP][PASSED] - ExecuteTC = findTestData(dataFile).getValue("Execute", row): null

2023-02-22 18:46:49 - [TEST_STEP][PASSED] - out.println("Value of Execute is : " + ExecuteTC): null

2023-02-22 18:46:49 - [TEST_STEP][PASSED] - switch (executionProfile): null

2023-02-22 18:46:49 - [TEST_STEP][PASSED] - case "QAProfile":: null

2023-02-22 18:46:49 - [TEST_STEP][PASSED] - appName = findTestData(dataFile).getValue("AppNameQA", row): null

2023-02-22 18:46:49 - [TEST_STEP][PASSED] - appID = findTestData(dataFile).getValue("AppIDQA", row): null

2023-02-22 18:46:49 - [TEST_STEP][PASSED] - break: null

2023-02-22 18:46:49 - [TEST_STEP][PASSED] - if (ExecuteTC.equalsIgnoreCase("Y")): null

2023-02-22 18:46:49 - [TEST_STEP][PASSED] - out.println("Begin Record Number: " + row): null

2023-02-22 18:46:49 - [TEST_STEP][PASSED] - today = new java.util.Date(): null

2023-02-22 18:46:49 - [TEST_STEP][PASSED] - println(today): null

2023-02-22 18:46:49 - [TEST_STEP][PASSED] - datText = today: null

2023-02-22 18:46:49 - [TEST_STEP][PASSED] - adminSuiteBootstrap.loginFunctionality.login_AdminSuite(): adminSuiteBootstrap.loginFunctionality.login_AdminSuite is PASSED

2023-02-22 18:46:49 - [MESSAGE][INFO] - Starting 'Chrome' driver

2023-02-22 18:46:49 - [MESSAGE][INFO] - User set preference: ['acceptInsecureCerts', 'true']

2023-02-22 18:46:49 - [MESSAGE][INFO] - Action delay is set to 0 milliseconds

2023-02-22 18:46:51 - [MESSAGE][PASSED] - Browser is opened with url: 'https://qa.velocitypayment.com/admin/imtiaz'

2023-02-22 18:46:51 - [MESSAGE][PASSED] - Current window maximized

2023-02-22 18:46:52 - [MESSAGE][PASSED] - Object 'Object Repository/Login_Page/Login_Username' is present

2023-02-22 18:46:52 - [MESSAGE][PASSED] - Text 'iahmed' is set on object 'Object Repository/Login_Page/Login_Username'

2023-02-22 18:46:53 - [MESSAGE][PASSED] - Text 'hello2222' is set on object 'Object Repository/Login_Page/Login_Password'

2023-02-22 18:46:56 - [MESSAGE][PASSED] - Object: 'Object Repository/Login_Page/Login_Submit' is clicked on

2023-02-22 18:46:56 - [MESSAGE][PASSED] - adminSuiteBootstrap.loginFunctionality.login_AdminSuite is PASSED

2023-02-22 18:46:56 - [TEST_STEP][PASSED] - click(findTestObject(path_Dashboard + appName)): Object: 'Object Repository/AdminSuiteBootstrap_Pages/Dashboard_Bootstrap/a_Access AutoDualCFtpQA' is clicked on

2023-02-22 18:46:57 - [MESSAGE][PASSED] - Object: 'Object Repository/AdminSuiteBootstrap_Pages/Dashboard_Bootstrap/a_Access AutoDualCFtpQA' is clicked on

2023-02-22 18:46:57 - [TEST_STEP][PASSED] - click(findTestObject(path_VT + "a_Find Profile")): Object: 'Object Repository/AdminSuiteBootstrap_Pages/VT_Bootstrap/IssueTransactions/a_Find Profile' is clicked on

2023-02-22 18:46:58 - [MESSAGE][PASSED] - Object: 'Object Repository/AdminSuiteBootstrap_Pages/VT_Bootstrap/IssueTransactions/a_Find Profile' is clicked on

2023-02-22 18:46:58 - [TEST_STEP][PASSED] - criteria = <not implemented yet for class: org.codehaus.groovy.ast.expr.EmptyExpression>: null

2023-02-22 18:46:58 - [TEST_STEP][PASSED] - searchBy = <not implemented yet for class: org.codehaus.groovy.ast.expr.EmptyExpression>: null

2023-02-22 18:46:58 - [TEST_STEP][PASSED] - criteria = findTestData(dataFile).getValue("ProfileName", row): null

2023-02-22 18:46:58 - [TEST_STEP][PASSED] - path_SearchProfile = "Object Repository/AdminSuiteBootstrap_Pages/VSP_Bootstrap/SearchProfile/": null

2023-02-22 18:46:58 - [TEST_STEP][PASSED] - setText(findTestObject(path_SearchProfile + "input_Criteria"), criteria): Text 'PaymentsMC' is set on object 'Object Repository/AdminSuiteBootstrap_Pages/VSP_Bootstrap/SearchProfile/input_Criteria'

2023-02-22 18:46:59 - [MESSAGE][PASSED] - Text 'PaymentsMC' is set on object 'Object Repository/AdminSuiteBootstrap_Pages/VSP_Bootstrap/SearchProfile/input_Criteria'

2023-02-22 18:46:59 - [TEST_STEP][PASSED] - click(findTestObject(path_SearchProfile + "button_Search")): Object: 'Object Repository/AdminSuiteBootstrap_Pages/VSP_Bootstrap/SearchProfile/button_Search' is clicked on

2023-02-22 18:47:00 - [MESSAGE][PASSED] - Object: 'Object Repository/AdminSuiteBootstrap_Pages/VSP_Bootstrap/SearchProfile/button_Search' is clicked on

2023-02-22 18:47:00 - [TEST_STEP][PASSED] - profNameLink = findTestData(dataFile).getValue("ProfileNameLink", row): null

2023-02-22 18:47:00 - [TEST_STEP][PASSED] - click(findTestObject(path_ViewProfile + profNameLink)): Object: 'Object Repository/AdminSuiteBootstrap_Pages/VSP_Bootstrap/View Profile/a_PaymentsMC' is clicked on

2023-02-22 18:47:01 - [MESSAGE][PASSED] - Object: 'Object Repository/AdminSuiteBootstrap_Pages/VSP_Bootstrap/View Profile/a_PaymentsMC' is clicked on

2023-02-22 18:47:01 - [TEST_STEP][PASSED] - click(findTestObject(path_ViewProfile + "a_AuthCap")): Object: 'Object Repository/AdminSuiteBootstrap_Pages/VSP_Bootstrap/View Profile/a_AuthCap' is clicked on

2023-02-22 18:47:03 - [MESSAGE][PASSED] - Object: 'Object Repository/AdminSuiteBootstrap_Pages/VSP_Bootstrap/View Profile/a_AuthCap' is clicked on

2023-02-22 18:47:03 - [TEST_STEP][PASSED] - verifyTextPresent("Credit Card Authorization Capture", true): Text 'Credit Card Authorization Capture' is present on page  using regular expression

2023-02-22 18:47:04 - [MESSAGE][PASSED] - Text 'Credit Card Authorization Capture' is present on page  using regular expression

2023-02-22 18:47:04 - [TEST_STEP][PASSED] - verifyTextPresent("Sale", true): Text 'Sale' is present on page  using regular expression

2023-02-22 18:47:04 - [MESSAGE][PASSED] - Text 'Sale' is present on page  using regular expression

2023-02-22 18:47:04 - [TEST_STEP][PASSED] - verifyTextPresent("Required fields are highlighted with an asterisk", true): Text 'Required fields are highlighted with an asterisk' is present on page  using regular expression

2023-02-22 18:47:04 - [MESSAGE][PASSED] - Text 'Required fields are highlighted with an asterisk' is present on page  using regular expression

2023-02-22 18:47:04 - [TEST_STEP][PASSED] - verifyTextPresent("Remittance ID", true): Text 'Remittance ID' is present on page  using regular expression

2023-02-22 18:47:05 - [MESSAGE][PASSED] - Text 'Remittance ID' is present on page  using regular expression

2023-02-22 18:47:05 - [TEST_STEP][PASSED] - vspBootstrap.SalePage.setDataSaleAndAuth(row, dataFile): vspBootstrap.SalePage.setDataSaleAndAuth is PASSED

2023-02-22 18:47:06 - [MESSAGE][PASSED] - All options with value 'MOTO' are selected in object 'Object Repository/AdminSuiteBootstrap_Pages/VSP_Bootstrap/VSP_Authcap/select_TransactionCategory'  using regular expression

2023-02-22 18:47:07 - [MESSAGE][PASSED] - Text '123' is set on object 'Object Repository/AdminSuiteBootstrap_Pages/VSP_Bootstrap/VSP_Authcap/input_cvv'

2023-02-22 18:47:08 - [MESSAGE][PASSED] - Text '' is set on object 'Object Repository/AdminSuiteBootstrap_Pages/VSP_Bootstrap/VSP_Authcap/input_smsNumber'

2023-02-22 18:47:08 - [MESSAGE][PASSED] - Text '2.50' is set on object 'Object Repository/AdminSuiteBootstrap_Pages/VSP_Bootstrap/VSP_Authcap/input_amount'

2023-02-22 18:47:10 - [MESSAGE][PASSED] - Text 'Delhi' is set on object 'Object Repository/AdminSuiteBootstrap_Pages/VSP_Bootstrap/VSP_Authcap/input_userDefined1'

2023-02-22 18:47:10 - [MESSAGE][PASSED] - Text 'Chennai' is set on object 'Object Repository/AdminSuiteBootstrap_Pages/VSP_Bootstrap/VSP_Authcap/input_userDefined2'

2023-02-22 18:47:11 - [MESSAGE][PASSED] - Text 'Mumbai' is set on object 'Object Repository/AdminSuiteBootstrap_Pages/VSP_Bootstrap/VSP_Authcap/input_userDefined3'

2023-02-22 18:47:12 - [MESSAGE][PASSED] - Text 'Kanpur' is set on object 'Object Repository/AdminSuiteBootstrap_Pages/VSP_Bootstrap/VSP_Authcap/input_userDefined4'

2023-02-22 18:47:13 - [MESSAGE][PASSED] - All options with label 'Orange' are selected in object 'Object Repository/AdminSuiteBootstrap_Pages/VSP_Bootstrap/VSP_Authcap/select_UDF5'  using regular expression

2023-02-22 18:47:14 - [MESSAGE][PASSED] - All options with label 'Yellow' are selected in object 'Object Repository/AdminSuiteBootstrap_Pages/VSP_Bootstrap/VSP_Authcap/select_UDF6'  using regular expression

2023-02-22 18:47:14 - [MESSAGE][PASSED] - Text 'Kolkata' is set on object 'Object Repository/AdminSuiteBootstrap_Pages/VSP_Bootstrap/VSP_Authcap/input_userDefined7'

2023-02-22 18:47:15 - [MESSAGE][PASSED] - Text 'Pune' is set on object 'Object Repository/AdminSuiteBootstrap_Pages/VSP_Bootstrap/VSP_Authcap/input_userDefined8'

2023-02-22 18:47:15 - [MESSAGE][PASSED] - Text 'Bhavnagar' is set on object 'Object Repository/AdminSuiteBootstrap_Pages/VSP_Bootstrap/VSP_Authcap/input_userDefined9'

2023-02-22 18:47:16 - [MESSAGE][PASSED] - Text 'Noida' is set on object 'Object Repository/AdminSuiteBootstrap_Pages/VSP_Bootstrap/VSP_Authcap/input_userDefined10'

2023-02-22 18:47:18 - [MESSAGE][PASSED] - Object: 'Object Repository/AdminSuiteBootstrap_Pages/VSP_Bootstrap/VSP_Authcap/button_Submit' is clicked on

2023-02-22 18:47:18 - [MESSAGE][PASSED] - vspBootstrap.SalePage.setDataSaleAndAuth is PASSED

2023-02-22 18:47:18 - [TEST_STEP][PASSED] - verifyTextPresent("Transaction Successful", true): Text 'Transaction Successful' is present on page  using regular expression

2023-02-22 18:47:19 - [MESSAGE][PASSED] - Text 'Transaction Successful' is present on page  using regular expression

2023-02-22 18:47:19 - [TEST_STEP][PASSED] - verifyElementVisible(findTestObject("Object Repository/AdminSuiteBootstrap_Pages/VT_Bootstrap/Receipt/button_Continue")): Object 'Object Repository/AdminSuiteBootstrap_Pages/VT_Bootstrap/Receipt/button_Continue' is visible

2023-02-22 18:47:19 - [MESSAGE][PASSED] - Object 'Object Repository/AdminSuiteBootstrap_Pages/VT_Bootstrap/Receipt/button_Continue' is visible

2023-02-22 18:47:19 - [TEST_STEP][PASSED] - verifyElementPresent(findTestObject("Object Repository/AdminSuiteBootstrap_Pages/VT_Bootstrap/Receipt/button_Continue"), 20): Object 'Object Repository/AdminSuiteBootstrap_Pages/VT_Bootstrap/Receipt/button_Continue' is present

2023-02-22 18:47:20 - [MESSAGE][PASSED] - Object 'Object Repository/AdminSuiteBootstrap_Pages/VT_Bootstrap/Receipt/button_Continue' is present

2023-02-22 18:47:20 - [TEST_STEP][PASSED] - verifyElementVisible(findTestObject("Object Repository/AdminSuiteBootstrap_Pages/VT_Bootstrap/Receipt/button_Print")): Object 'Object Repository/AdminSuiteBootstrap_Pages/VT_Bootstrap/Receipt/button_Print' is visible

2023-02-22 18:47:20 - [MESSAGE][PASSED] - Object 'Object Repository/AdminSuiteBootstrap_Pages/VT_Bootstrap/Receipt/button_Print' is visible

2023-02-22 18:47:20 - [TEST_STEP][PASSED] - verifyElementPresent(findTestObject("Object Repository/AdminSuiteBootstrap_Pages/VT_Bootstrap/Receipt/button_Print"), 20): Object 'Object Repository/AdminSuiteBootstrap_Pages/VT_Bootstrap/Receipt/button_Print' is present

2023-02-22 18:47:20 - [MESSAGE][PASSED] - Object 'Object Repository/AdminSuiteBootstrap_Pages/VT_Bootstrap/Receipt/button_Print' is present

2023-02-22 18:47:20 - [TEST_STEP][PASSED] - verifyTextPresent("Remittance ID", true): Text 'Remittance ID' is present on page  using regular expression

2023-02-22 18:47:21 - [MESSAGE][PASSED] - Text 'Remittance ID' is present on page  using regular expression

2023-02-22 18:47:21 - [TEST_STEP][PASSED] - verifyTextPresent("Received", true): Text 'Received' is present on page  using regular expression

2023-02-22 18:47:21 - [MESSAGE][PASSED] - Text 'Received' is present on page  using regular expression

2023-02-22 18:47:21 - [TEST_STEP][PASSED] - verifyTextPresent("UDF1", true): Text 'UDF1' is present on page  using regular expression

2023-02-22 18:47:21 - [MESSAGE][PASSED] - Text 'UDF1' is present on page  using regular expression

2023-02-22 18:47:21 - [TEST_STEP][PASSED] - verifyTextPresent("UDF2", true): Text 'UDF2' is present on page  using regular expression

2023-02-22 18:47:22 - [MESSAGE][PASSED] - Text 'UDF2' is present on page  using regular expression

2023-02-22 18:47:22 - [TEST_STEP][PASSED] - verifyTextPresent("UDF3", true): Text 'UDF3' is present on page  using regular expression

2023-02-22 18:47:22 - [MESSAGE][PASSED] - Text 'UDF3' is present on page  using regular expression

2023-02-22 18:47:22 - [TEST_STEP][PASSED] - verifyTextPresent("UDF4", true): Text 'UDF4' is present on page  using regular expression

2023-02-22 18:47:22 - [MESSAGE][PASSED] - Text 'UDF4' is present on page  using regular expression

2023-02-22 18:47:22 - [TEST_STEP][PASSED] - verifyTextPresent("UDF5", true): Text 'UDF5' is present on page  using regular expression

2023-02-22 18:47:23 - [MESSAGE][PASSED] - Text 'UDF5' is present on page  using regular expression

2023-02-22 18:47:23 - [TEST_STEP][PASSED] - verifyTextPresent("UDF6", true): Text 'UDF6' is present on page  using regular expression

2023-02-22 18:47:23 - [MESSAGE][PASSED] - Text 'UDF6' is present on page  using regular expression

2023-02-22 18:47:23 - [TEST_STEP][PASSED] - verifyTextPresent("UDF7", true): Text 'UDF7' is present on page  using regular expression

2023-02-22 18:47:23 - [MESSAGE][PASSED] - Text 'UDF7' is present on page  using regular expression

2023-02-22 18:47:23 - [TEST_STEP][PASSED] - verifyTextPresent("UDF8", true): Text 'UDF8' is present on page  using regular expression

2023-02-22 18:47:24 - [MESSAGE][PASSED] - Text 'UDF8' is present on page  using regular expression

2023-02-22 18:47:24 - [TEST_STEP][PASSED] - verifyTextPresent("UDF9", true): Text 'UDF9' is present on page  using regular expression

2023-02-22 18:47:24 - [MESSAGE][PASSED] - Text 'UDF9' is present on page  using regular expression

2023-02-22 18:47:24 - [TEST_STEP][PASSED] - verifyTextPresent("UDF 10", true): Text 'UDF 10' is present on page  using regular expression

2023-02-22 18:47:24 - [MESSAGE][PASSED] - Text 'UDF 10' is present on page  using regular expression

2023-02-22 18:47:24 - [TEST_STEP][PASSED] - verifyTextPresent("Delhi", true): Text 'Delhi' is present on page  using regular expression

2023-02-22 18:47:25 - [MESSAGE][PASSED] - Text 'Delhi' is present on page  using regular expression

2023-02-22 18:47:25 - [TEST_STEP][PASSED] - verifyTextPresent("Chennai", true): Text 'Chennai' is present on page  using regular expression

2023-02-22 18:47:25 - [MESSAGE][PASSED] - Text 'Chennai' is present on page  using regular expression

2023-02-22 18:47:25 - [TEST_STEP][PASSED] - verifyTextPresent("Mumbai", true): Text 'Mumbai' is present on page  using regular expression

2023-02-22 18:47:25 - [MESSAGE][PASSED] - Text 'Mumbai' is present on page  using regular expression

2023-02-22 18:47:25 - [TEST_STEP][PASSED] - verifyTextPresent("Kanpur", true): Text 'Kanpur' is present on page  using regular expression

2023-02-22 18:47:26 - [MESSAGE][PASSED] - Text 'Kanpur' is present on page  using regular expression

2023-02-22 18:47:26 - [TEST_STEP][PASSED] - verifyTextPresent("Orange Recorded", true): Text 'Orange Recorded' is present on page  using regular expression

2023-02-22 18:47:26 - [MESSAGE][PASSED] - Text 'Orange Recorded' is present on page  using regular expression

2023-02-22 18:47:26 - [TEST_STEP][PASSED] - verifyTextPresent("Yellow Recorded", true): Text 'Yellow Recorded' is present on page  using regular expression

2023-02-22 18:47:26 - [MESSAGE][PASSED] - Text 'Yellow Recorded' is present on page  using regular expression

2023-02-22 18:47:26 - [TEST_STEP][PASSED] - verifyTextPresent("Kolkata", true): Text 'Kolkata' is present on page  using regular expression

2023-02-22 18:47:27 - [MESSAGE][PASSED] - Text 'Kolkata' is present on page  using regular expression

2023-02-22 18:47:27 - [TEST_STEP][PASSED] - verifyTextPresent("Pune", true): Text 'Pune' is present on page  using regular expression

2023-02-22 18:47:27 - [MESSAGE][PASSED] - Text 'Pune' is present on page  using regular expression

2023-02-22 18:47:27 - [TEST_STEP][PASSED] - verifyTextPresent("Bhavnagar", true): Text 'Bhavnagar' is present on page  using regular expression

2023-02-22 18:47:27 - [MESSAGE][PASSED] - Text 'Bhavnagar' is present on page  using regular expression

2023-02-22 18:47:27 - [TEST_STEP][PASSED] - verifyTextPresent("Noida", true): Text 'Noida' is present on page  using regular expression

2023-02-22 18:47:28 - [MESSAGE][PASSED] - Text 'Noida' is present on page  using regular expression

2023-02-22 18:47:28 - [TEST_STEP][PASSED] - verifyTextPresent("Amount", true): Text 'Amount' is present on page  using regular expression

2023-02-22 18:47:28 - [MESSAGE][PASSED] - Text 'Amount' is present on page  using regular expression

2023-02-22 18:47:28 - [TEST_STEP][PASSED] - verifyTextPresent("2.50", true): Text '2.50' is present on page  using regular expression

2023-02-22 18:47:28 - [MESSAGE][PASSED] - Text '2.50' is present on page  using regular expression

2023-02-22 18:47:28 - [TEST_STEP][PASSED] - verifyTextPresent("Authorization and Capture", true): Text 'Authorization and Capture' is present on page  using regular expression

2023-02-22 18:47:29 - [MESSAGE][PASSED] - Text 'Authorization and Capture' is present on page  using regular expression

2023-02-22 18:47:29 - [TEST_STEP][PASSED] - verifyTextPresent("Card Information", true): Text 'Card Information' is present on page  using regular expression

2023-02-22 18:47:29 - [MESSAGE][PASSED] - Text 'Card Information' is present on page  using regular expression

2023-02-22 18:47:29 - [TEST_STEP][PASSED] - verifyTextPresent("TANDON RAVENA", true): Text 'TANDON RAVENA' is present on page  using regular expression

2023-02-22 18:47:29 - [MESSAGE][PASSED] - Text 'TANDON RAVENA' is present on page  using regular expression

2023-02-22 18:47:29 - [TEST_STEP][PASSED] - verifyTextPresent("Address Line 1", true): Text 'Address Line 1' is present on page  using regular expression

2023-02-22 18:47:30 - [MESSAGE][PASSED] - Text 'Address Line 1' is present on page  using regular expression

2023-02-22 18:47:30 - [TEST_STEP][PASSED] - verifyTextPresent("Address Line 2", true): Text 'Address Line 2' is present on page  using regular expression

2023-02-22 18:47:30 - [MESSAGE][PASSED] - Text 'Address Line 2' is present on page  using regular expression

2023-02-22 18:47:30 - [TEST_STEP][PASSED] - verifyTextPresent("Country", true): Text 'Country' is present on page  using regular expression

2023-02-22 18:47:30 - [MESSAGE][PASSED] - Text 'Country' is present on page  using regular expression

2023-02-22 18:47:30 - [TEST_STEP][PASSED] - verifyTextPresent("City", true): Text 'City' is present on page  using regular expression

2023-02-22 18:47:31 - [MESSAGE][PASSED] - Text 'City' is present on page  using regular expression

2023-02-22 18:47:31 - [TEST_STEP][PASSED] - verifyTextPresent("State", true): Text 'State' is present on page  using regular expression

2023-02-22 18:47:31 - [MESSAGE][PASSED] - Text 'State' is present on page  using regular expression

2023-02-22 18:47:31 - [TEST_STEP][PASSED] - verifyTextPresent("ZIP Code", true): Text 'ZIP Code' is present on page  using regular expression

2023-02-22 18:47:31 - [MESSAGE][PASSED] - Text 'ZIP Code' is present on page  using regular expression

2023-02-22 18:47:31 - [TEST_STEP][PASSED] - verifyTextPresent("248 PhoolKaante road", true): Text '248 PhoolKaante road' is present on page  using regular expression

2023-02-22 18:47:32 - [MESSAGE][PASSED] - Text '248 PhoolKaante road' is present on page  using regular expression

2023-02-22 18:47:32 - [TEST_STEP][PASSED] - verifyTextPresent("Suite 678", true): Text 'Suite 678' is present on page  using regular expression

2023-02-22 18:47:32 - [MESSAGE][PASSED] - Text 'Suite 678' is present on page  using regular expression

2023-02-22 18:47:32 - [TEST_STEP][PASSED] - verifyTextPresent("United States", true): Text 'United States' is present on page  using regular expression

2023-02-22 18:47:32 - [MESSAGE][PASSED] - Text 'United States' is present on page  using regular expression

2023-02-22 18:47:32 - [TEST_STEP][PASSED] - verifyTextPresent("ARLINGTON", true): Text 'ARLINGTON' is present on page  using regular expression

2023-02-22 18:47:33 - [MESSAGE][PASSED] - Text 'ARLINGTON' is present on page  using regular expression

2023-02-22 18:47:33 - [TEST_STEP][PASSED] - verifyTextPresent("VA", true): Text 'VA' is present on page  using regular expression

2023-02-22 18:47:33 - [MESSAGE][PASSED] - Text 'VA' is present on page  using regular expression

2023-02-22 18:47:33 - [TEST_STEP][PASSED] - verifyTextPresent("22201", true): Text '22201' is present on page  using regular expression

2023-02-22 18:47:33 - [MESSAGE][PASSED] - Text '22201' is present on page  using regular expression

2023-02-22 18:47:33 - [TEST_STEP][PASSED] - cardTypeV = findTestData(dataFile).getValue("CardType", row): null

2023-02-22 18:47:33 - [TEST_STEP][PASSED] - last4V = findTestData(dataFile).getValue("Last4", row): null

2023-02-22 18:47:33 - [TEST_STEP][PASSED] - verifyTextPresent(cardTypeV, true): Text 'MasterCard' is present on page  using regular expression

2023-02-22 18:47:34 - [MESSAGE][PASSED] - Text 'MasterCard' is present on page  using regular expression

2023-02-22 18:47:34 - [TEST_STEP][PASSED] - verifyTextPresent(last4V, true): Text '0035' is present on page  using regular expression

2023-02-22 18:47:34 - [MESSAGE][PASSED] - Text '0035' is present on page  using regular expression

2023-02-22 18:47:34 - [TEST_STEP][PASSED] - switch (appName): null

2023-02-22 18:47:34 - [TEST_STEP][PASSED] - case "a_Access AutoDualCFtpQA":: null

2023-02-22 18:47:34 - [TEST_STEP][PASSED] - verifyTextPresent("5.00", true): Text '5.00' is present on page  using regular expression

2023-02-22 18:47:34 - [MESSAGE][PASSED] - Text '5.00' is present on page  using regular expression

2023-02-22 18:47:34 - [TEST_STEP][PASSED] - verifyTextPresent("Dual Transaction", true): Text 'Dual Transaction' is present on page  using regular expression

2023-02-22 18:47:35 - [MESSAGE][PASSED] - Text 'Dual Transaction' is present on page  using regular expression

2023-02-22 18:47:35 - [TEST_STEP][PASSED] - verifyTextPresent("7.50", true): Text '7.50' is present on page  using regular expression

2023-02-22 18:47:35 - [MESSAGE][PASSED] - Text '7.50' is present on page  using regular expression

2023-02-22 18:47:35 - [TEST_STEP][PASSED] - verifyTextPresent("Total Amount", true): Text 'Total Amount' is present on page  using regular expression

2023-02-22 18:47:35 - [MESSAGE][PASSED] - Text 'Total Amount' is present on page  using regular expression

2023-02-22 18:47:35 - [TEST_STEP][PASSED] - verifyTextPresent("Transaction Type", true): Text 'Transaction Type' is present on page  using regular expression

2023-02-22 18:47:36 - [MESSAGE][PASSED] - Text 'Transaction Type' is present on page  using regular expression

2023-02-22 18:47:36 - [TEST_STEP][PASSED] - break: null

2023-02-22 18:47:36 - [TEST_STEP][PASSED] - closeBrowser(): Browser is closed

2023-02-22 18:47:37 - [MESSAGE][PASSED] - Browser is closed

2023-02-22 18:47:37 - [TEST_STEP][PASSED] - ExecuteTC = findTestData(dataFile).getValue("Execute", row): null

2023-02-22 18:47:37 - [TEST_STEP][PASSED] - out.println("Value of Execute is : " + ExecuteTC): null

2023-02-22 18:47:37 - [TEST_STEP][PASSED] - switch (executionProfile): null

2023-02-22 18:47:37 - [TEST_STEP][PASSED] - case "QAProfile":: null

2023-02-22 18:47:37 - [TEST_STEP][PASSED] - appName = findTestData(dataFile).getValue("AppNameQA", row): null

2023-02-22 18:47:37 - [TEST_STEP][PASSED] - appID = findTestData(dataFile).getValue("AppIDQA", row): null

2023-02-22 18:47:37 - [TEST_STEP][PASSED] - break: null

2023-02-22 18:47:37 - [TEST_STEP][PASSED] - if (ExecuteTC.equalsIgnoreCase("Y")): null

2023-02-22 18:47:37 - [TEST_STEP][PASSED] - out.println("Begin Record Number: " + row): null

2023-02-22 18:47:37 - [TEST_STEP][PASSED] - today = new java.util.Date(): null

2023-02-22 18:47:37 - [TEST_STEP][PASSED] - println(today): null

2023-02-22 18:47:37 - [TEST_STEP][PASSED] - datText = today: null

2023-02-22 18:47:37 - [TEST_STEP][PASSED] - adminSuiteBootstrap.loginFunctionality.login_AdminSuite(): adminSuiteBootstrap.loginFunctionality.login_AdminSuite is PASSED

2023-02-22 18:47:37 - [MESSAGE][INFO] - Starting 'Chrome' driver

2023-02-22 18:47:37 - [MESSAGE][INFO] - User set preference: ['acceptInsecureCerts', 'true']

2023-02-22 18:47:37 - [MESSAGE][INFO] - Action delay is set to 0 milliseconds

2023-02-22 18:47:39 - [MESSAGE][PASSED] - Browser is opened with url: 'https://qa.velocitypayment.com/admin/imtiaz'

2023-02-22 18:47:39 - [MESSAGE][PASSED] - Current window maximized

2023-02-22 18:47:40 - [MESSAGE][PASSED] - Object 'Object Repository/Login_Page/Login_Username' is present

2023-02-22 18:47:40 - [MESSAGE][PASSED] - Text 'iahmed' is set on object 'Object Repository/Login_Page/Login_Username'

2023-02-22 18:47:41 - [MESSAGE][PASSED] - Text 'hello2222' is set on object 'Object Repository/Login_Page/Login_Password'

2023-02-22 18:47:46 - [MESSAGE][PASSED] - Object: 'Object Repository/Login_Page/Login_Submit' is clicked on

2023-02-22 18:47:46 - [MESSAGE][PASSED] - adminSuiteBootstrap.loginFunctionality.login_AdminSuite is PASSED

2023-02-22 18:47:46 - [TEST_STEP][PASSED] - click(findTestObject(path_Dashboard + appName)): Object: 'Object Repository/AdminSuiteBootstrap_Pages/Dashboard_Bootstrap/a_Access AutoDualCFtpQA' is clicked on

2023-02-22 18:47:47 - [MESSAGE][PASSED] - Object: 'Object Repository/AdminSuiteBootstrap_Pages/Dashboard_Bootstrap/a_Access AutoDualCFtpQA' is clicked on

2023-02-22 18:47:47 - [TEST_STEP][PASSED] - click(findTestObject(path_VT + "a_Find Profile")): Object: 'Object Repository/AdminSuiteBootstrap_Pages/VT_Bootstrap/IssueTransactions/a_Find Profile' is clicked on

2023-02-22 18:47:47 - [MESSAGE][PASSED] - Object: 'Object Repository/AdminSuiteBootstrap_Pages/VT_Bootstrap/IssueTransactions/a_Find Profile' is clicked on

2023-02-22 18:47:47 - [TEST_STEP][PASSED] - criteria = <not implemented yet for class: org.codehaus.groovy.ast.expr.EmptyExpression>: null

2023-02-22 18:47:47 - [TEST_STEP][PASSED] - searchBy = <not implemented yet for class: org.codehaus.groovy.ast.expr.EmptyExpression>: null

2023-02-22 18:47:47 - [TEST_STEP][PASSED] - criteria = findTestData(dataFile).getValue("ProfileName", row): null

2023-02-22 18:47:47 - [TEST_STEP][PASSED] - path_SearchProfile = "Object Repository/AdminSuiteBootstrap_Pages/VSP_Bootstrap/SearchProfile/": null

2023-02-22 18:47:47 - [TEST_STEP][PASSED] - setText(findTestObject(path_SearchProfile + "input_Criteria"), criteria): Text 'PaymentsAmEx' is set on object 'Object Repository/AdminSuiteBootstrap_Pages/VSP_Bootstrap/SearchProfile/input_Criteria'

2023-02-22 18:47:48 - [MESSAGE][PASSED] - Text 'PaymentsAmEx' is set on object 'Object Repository/AdminSuiteBootstrap_Pages/VSP_Bootstrap/SearchProfile/input_Criteria'

2023-02-22 18:47:48 - [TEST_STEP][PASSED] - click(findTestObject(path_SearchProfile + "button_Search")): Object: 'Object Repository/AdminSuiteBootstrap_Pages/VSP_Bootstrap/SearchProfile/button_Search' is clicked on

2023-02-22 18:47:49 - [MESSAGE][PASSED] - Object: 'Object Repository/AdminSuiteBootstrap_Pages/VSP_Bootstrap/SearchProfile/button_Search' is clicked on

2023-02-22 18:47:49 - [TEST_STEP][PASSED] - profNameLink = findTestData(dataFile).getValue("ProfileNameLink", row): null

2023-02-22 18:47:49 - [TEST_STEP][PASSED] - click(findTestObject(path_ViewProfile + profNameLink)): Object: 'Object Repository/AdminSuiteBootstrap_Pages/VSP_Bootstrap/View Profile/a_PaymentsAmEx' is clicked on

2023-02-22 18:47:50 - [MESSAGE][PASSED] - Object: 'Object Repository/AdminSuiteBootstrap_Pages/VSP_Bootstrap/View Profile/a_PaymentsAmEx' is clicked on

2023-02-22 18:47:50 - [TEST_STEP][PASSED] - click(findTestObject(path_ViewProfile + "a_AuthCap")): Object: 'Object Repository/AdminSuiteBootstrap_Pages/VSP_Bootstrap/View Profile/a_AuthCap' is clicked on

2023-02-22 18:47:52 - [MESSAGE][PASSED] - Object: 'Object Repository/AdminSuiteBootstrap_Pages/VSP_Bootstrap/View Profile/a_AuthCap' is clicked on

2023-02-22 18:47:52 - [TEST_STEP][PASSED] - verifyTextPresent("Credit Card Authorization Capture", true): Text 'Credit Card Authorization Capture' is present on page  using regular expression

2023-02-22 18:47:52 - [MESSAGE][PASSED] - Text 'Credit Card Authorization Capture' is present on page  using regular expression

2023-02-22 18:47:52 - [TEST_STEP][PASSED] - verifyTextPresent("Sale", true): Text 'Sale' is present on page  using regular expression

2023-02-22 18:47:53 - [MESSAGE][PASSED] - Text 'Sale' is present on page  using regular expression

2023-02-22 18:47:53 - [TEST_STEP][PASSED] - verifyTextPresent("Required fields are highlighted with an asterisk", true): Text 'Required fields are highlighted with an asterisk' is present on page  using regular expression

2023-02-22 18:47:53 - [MESSAGE][PASSED] - Text 'Required fields are highlighted with an asterisk' is present on page  using regular expression

2023-02-22 18:47:53 - [TEST_STEP][PASSED] - verifyTextPresent("Remittance ID", true): Text 'Remittance ID' is present on page  using regular expression

2023-02-22 18:47:53 - [MESSAGE][PASSED] - Text 'Remittance ID' is present on page  using regular expression

2023-02-22 18:47:53 - [TEST_STEP][PASSED] - vspBootstrap.SalePage.setDataSaleAndAuth(row, dataFile): vspBootstrap.SalePage.setDataSaleAndAuth is PASSED

2023-02-22 18:47:55 - [MESSAGE][PASSED] - All options with value 'MOTO' are selected in object 'Object Repository/AdminSuiteBootstrap_Pages/VSP_Bootstrap/VSP_Authcap/select_TransactionCategory'  using regular expression

2023-02-22 18:47:56 - [MESSAGE][PASSED] - Text '1234' is set on object 'Object Repository/AdminSuiteBootstrap_Pages/VSP_Bootstrap/VSP_Authcap/input_cvv'

2023-02-22 18:47:56 - [MESSAGE][PASSED] - Text '' is set on object 'Object Repository/AdminSuiteBootstrap_Pages/VSP_Bootstrap/VSP_Authcap/input_smsNumber'

2023-02-22 18:47:57 - [MESSAGE][PASSED] - Text '2.50' is set on object 'Object Repository/AdminSuiteBootstrap_Pages/VSP_Bootstrap/VSP_Authcap/input_amount'

2023-02-22 18:47:58 - [MESSAGE][PASSED] - Text 'Delhi' is set on object 'Object Repository/AdminSuiteBootstrap_Pages/VSP_Bootstrap/VSP_Authcap/input_userDefined1'

2023-02-22 18:47:59 - [MESSAGE][PASSED] - Text 'Chennai' is set on object 'Object Repository/AdminSuiteBootstrap_Pages/VSP_Bootstrap/VSP_Authcap/input_userDefined2'

2023-02-22 18:48:00 - [MESSAGE][PASSED] - Text 'Mumbai' is set on object 'Object Repository/AdminSuiteBootstrap_Pages/VSP_Bootstrap/VSP_Authcap/input_userDefined3'

2023-02-22 18:48:00 - [MESSAGE][PASSED] - Text 'Kanpur' is set on object 'Object Repository/AdminSuiteBootstrap_Pages/VSP_Bootstrap/VSP_Authcap/input_userDefined4'

2023-02-22 18:48:01 - [MESSAGE][PASSED] - All options with label 'Orange' are selected in object 'Object Repository/AdminSuiteBootstrap_Pages/VSP_Bootstrap/VSP_Authcap/select_UDF5'  using regular expression

2023-02-22 18:48:02 - [MESSAGE][PASSED] - All options with label 'Yellow' are selected in object 'Object Repository/AdminSuiteBootstrap_Pages/VSP_Bootstrap/VSP_Authcap/select_UDF6'  using regular expression

2023-02-22 18:48:03 - [MESSAGE][PASSED] - Text 'Kolkata' is set on object 'Object Repository/AdminSuiteBootstrap_Pages/VSP_Bootstrap/VSP_Authcap/input_userDefined7'

2023-02-22 18:48:03 - [MESSAGE][PASSED] - Text 'Pune' is set on object 'Object Repository/AdminSuiteBootstrap_Pages/VSP_Bootstrap/VSP_Authcap/input_userDefined8'

2023-02-22 18:48:04 - [MESSAGE][PASSED] - Text 'Bhavnagar' is set on object 'Object Repository/AdminSuiteBootstrap_Pages/VSP_Bootstrap/VSP_Authcap/input_userDefined9'

2023-02-22 18:48:05 - [MESSAGE][PASSED] - Text 'Noida' is set on object 'Object Repository/AdminSuiteBootstrap_Pages/VSP_Bootstrap/VSP_Authcap/input_userDefined10'

2023-02-22 18:48:07 - [MESSAGE][PASSED] - Object: 'Object Repository/AdminSuiteBootstrap_Pages/VSP_Bootstrap/VSP_Authcap/button_Submit' is clicked on

2023-02-22 18:48:07 - [MESSAGE][PASSED] - vspBootstrap.SalePage.setDataSaleAndAuth is PASSED

2023-02-22 18:48:07 - [TEST_STEP][PASSED] - verifyTextPresent("Transaction Successful", true): Text 'Transaction Successful' is present on page  using regular expression

2023-02-22 18:48:08 - [MESSAGE][PASSED] - Text 'Transaction Successful' is present on page  using regular expression

2023-02-22 18:48:08 - [TEST_STEP][PASSED] - verifyElementVisible(findTestObject("Object Repository/AdminSuiteBootstrap_Pages/VT_Bootstrap/Receipt/button_Continue")): Object 'Object Repository/AdminSuiteBootstrap_Pages/VT_Bootstrap/Receipt/button_Continue' is visible

2023-02-22 18:48:08 - [MESSAGE][PASSED] - Object 'Object Repository/AdminSuiteBootstrap_Pages/VT_Bootstrap/Receipt/button_Continue' is visible

2023-02-22 18:48:08 - [TEST_STEP][PASSED] - verifyElementPresent(findTestObject("Object Repository/AdminSuiteBootstrap_Pages/VT_Bootstrap/Receipt/button_Continue"), 20): Object 'Object Repository/AdminSuiteBootstrap_Pages/VT_Bootstrap/Receipt/button_Continue' is present

2023-02-22 18:48:08 - [MESSAGE][PASSED] - Object 'Object Repository/AdminSuiteBootstrap_Pages/VT_Bootstrap/Receipt/button_Continue' is present

2023-02-22 18:48:08 - [TEST_STEP][PASSED] - verifyElementVisible(findTestObject("Object Repository/AdminSuiteBootstrap_Pages/VT_Bootstrap/Receipt/button_Print")): Object 'Object Repository/AdminSuiteBootstrap_Pages/VT_Bootstrap/Receipt/button_Print' is visible

2023-02-22 18:48:09 - [MESSAGE][PASSED] - Object 'Object Repository/AdminSuiteBootstrap_Pages/VT_Bootstrap/Receipt/button_Print' is visible

2023-02-22 18:48:09 - [TEST_STEP][PASSED] - verifyElementPresent(findTestObject("Object Repository/AdminSuiteBootstrap_Pages/VT_Bootstrap/Receipt/button_Print"), 20): Object 'Object Repository/AdminSuiteBootstrap_Pages/VT_Bootstrap/Receipt/button_Print' is present

2023-02-22 18:48:09 - [MESSAGE][PASSED] - Object 'Object Repository/AdminSuiteBootstrap_Pages/VT_Bootstrap/Receipt/button_Print' is present

2023-02-22 18:48:09 - [TEST_STEP][PASSED] - verifyTextPresent("Remittance ID", true): Text 'Remittance ID' is present on page  using regular expression

2023-02-22 18:48:09 - [MESSAGE][PASSED] - Text 'Remittance ID' is present on page  using regular expression

2023-02-22 18:48:09 - [TEST_STEP][PASSED] - verifyTextPresent("Received", true): Text 'Received' is present on page  using regular expression

2023-02-22 18:48:10 - [MESSAGE][PASSED] - Text 'Received' is present on page  using regular expression

2023-02-22 18:48:10 - [TEST_STEP][PASSED] - verifyTextPresent("UDF1", true): Text 'UDF1' is present on page  using regular expression

2023-02-22 18:48:10 - [MESSAGE][PASSED] - Text 'UDF1' is present on page  using regular expression

2023-02-22 18:48:10 - [TEST_STEP][PASSED] - verifyTextPresent("UDF2", true): Text 'UDF2' is present on page  using regular expression

2023-02-22 18:48:10 - [MESSAGE][PASSED] - Text 'UDF2' is present on page  using regular expression

2023-02-22 18:48:10 - [TEST_STEP][PASSED] - verifyTextPresent("UDF3", true): Text 'UDF3' is present on page  using regular expression

2023-02-22 18:48:11 - [MESSAGE][PASSED] - Text 'UDF3' is present on page  using regular expression

2023-02-22 18:48:11 - [TEST_STEP][PASSED] - verifyTextPresent("UDF4", true): Text 'UDF4' is present on page  using regular expression

2023-02-22 18:48:11 - [MESSAGE][PASSED] - Text 'UDF4' is present on page  using regular expression

2023-02-22 18:48:11 - [TEST_STEP][PASSED] - verifyTextPresent("UDF5", true): Text 'UDF5' is present on page  using regular expression

2023-02-22 18:48:11 - [MESSAGE][PASSED] - Text 'UDF5' is present on page  using regular expression

2023-02-22 18:48:11 - [TEST_STEP][PASSED] - verifyTextPresent("UDF6", true): Text 'UDF6' is present on page  using regular expression

2023-02-22 18:48:12 - [MESSAGE][PASSED] - Text 'UDF6' is present on page  using regular expression

2023-02-22 18:48:12 - [TEST_STEP][PASSED] - verifyTextPresent("UDF7", true): Text 'UDF7' is present on page  using regular expression

2023-02-22 18:48:12 - [MESSAGE][PASSED] - Text 'UDF7' is present on page  using regular expression

2023-02-22 18:48:12 - [TEST_STEP][PASSED] - verifyTextPresent("UDF8", true): Text 'UDF8' is present on page  using regular expression

2023-02-22 18:48:12 - [MESSAGE][PASSED] - Text 'UDF8' is present on page  using regular expression

2023-02-22 18:48:12 - [TEST_STEP][PASSED] - verifyTextPresent("UDF9", true): Text 'UDF9' is present on page  using regular expression

2023-02-22 18:48:13 - [MESSAGE][PASSED] - Text 'UDF9' is present on page  using regular expression

2023-02-22 18:48:13 - [TEST_STEP][PASSED] - verifyTextPresent("UDF 10", true): Text 'UDF 10' is present on page  using regular expression

2023-02-22 18:48:13 - [MESSAGE][PASSED] - Text 'UDF 10' is present on page  using regular expression

2023-02-22 18:48:13 - [TEST_STEP][PASSED] - verifyTextPresent("Delhi", true): Text 'Delhi' is present on page  using regular expression

2023-02-22 18:48:13 - [MESSAGE][PASSED] - Text 'Delhi' is present on page  using regular expression

2023-02-22 18:48:13 - [TEST_STEP][PASSED] - verifyTextPresent("Chennai", true): Text 'Chennai' is present on page  using regular expression

2023-02-22 18:48:14 - [MESSAGE][PASSED] - Text 'Chennai' is present on page  using regular expression

2023-02-22 18:48:14 - [TEST_STEP][PASSED] - verifyTextPresent("Mumbai", true): Text 'Mumbai' is present on page  using regular expression

2023-02-22 18:48:14 - [MESSAGE][PASSED] - Text 'Mumbai' is present on page  using regular expression

2023-02-22 18:48:14 - [TEST_STEP][PASSED] - verifyTextPresent("Kanpur", true): Text 'Kanpur' is present on page  using regular expression

2023-02-22 18:48:14 - [MESSAGE][PASSED] - Text 'Kanpur' is present on page  using regular expression

2023-02-22 18:48:14 - [TEST_STEP][PASSED] - verifyTextPresent("Orange Recorded", true): Text 'Orange Recorded' is present on page  using regular expression

2023-02-22 18:48:15 - [MESSAGE][PASSED] - Text 'Orange Recorded' is present on page  using regular expression

2023-02-22 18:48:15 - [TEST_STEP][PASSED] - verifyTextPresent("Yellow Recorded", true): Text 'Yellow Recorded' is present on page  using regular expression

2023-02-22 18:48:15 - [MESSAGE][PASSED] - Text 'Yellow Recorded' is present on page  using regular expression

2023-02-22 18:48:15 - [TEST_STEP][PASSED] - verifyTextPresent("Kolkata", true): Text 'Kolkata' is present on page  using regular expression

2023-02-22 18:48:15 - [MESSAGE][PASSED] - Text 'Kolkata' is present on page  using regular expression

2023-02-22 18:48:15 - [TEST_STEP][PASSED] - verifyTextPresent("Pune", true): Text 'Pune' is present on page  using regular expression

2023-02-22 18:48:16 - [MESSAGE][PASSED] - Text 'Pune' is present on page  using regular expression

2023-02-22 18:48:16 - [TEST_STEP][PASSED] - verifyTextPresent("Bhavnagar", true): Text 'Bhavnagar' is present on page  using regular expression

2023-02-22 18:48:16 - [MESSAGE][PASSED] - Text 'Bhavnagar' is present on page  using regular expression

2023-02-22 18:48:16 - [TEST_STEP][PASSED] - verifyTextPresent("Noida", true): Text 'Noida' is present on page  using regular expression

2023-02-22 18:48:16 - [MESSAGE][PASSED] - Text 'Noida' is present on page  using regular expression

2023-02-22 18:48:16 - [TEST_STEP][PASSED] - verifyTextPresent("Amount", true): Text 'Amount' is present on page  using regular expression

2023-02-22 18:48:17 - [MESSAGE][PASSED] - Text 'Amount' is present on page  using regular expression

2023-02-22 18:48:17 - [TEST_STEP][PASSED] - verifyTextPresent("2.50", true): Text '2.50' is present on page  using regular expression

2023-02-22 18:48:17 - [MESSAGE][PASSED] - Text '2.50' is present on page  using regular expression

2023-02-22 18:48:17 - [TEST_STEP][PASSED] - verifyTextPresent("Authorization and Capture", true): Text 'Authorization and Capture' is present on page  using regular expression

2023-02-22 18:48:17 - [MESSAGE][PASSED] - Text 'Authorization and Capture' is present on page  using regular expression

2023-02-22 18:48:17 - [TEST_STEP][PASSED] - verifyTextPresent("Card Information", true): Text 'Card Information' is present on page  using regular expression

2023-02-22 18:48:18 - [MESSAGE][PASSED] - Text 'Card Information' is present on page  using regular expression

2023-02-22 18:48:18 - [TEST_STEP][PASSED] - verifyTextPresent("TANDON RAVENA", true): Text 'TANDON RAVENA' is present on page  using regular expression

2023-02-22 18:48:18 - [MESSAGE][PASSED] - Text 'TANDON RAVENA' is present on page  using regular expression

2023-02-22 18:48:18 - [TEST_STEP][PASSED] - verifyTextPresent("Address Line 1", true): Text 'Address Line 1' is present on page  using regular expression

2023-02-22 18:48:18 - [MESSAGE][PASSED] - Text 'Address Line 1' is present on page  using regular expression

2023-02-22 18:48:18 - [TEST_STEP][PASSED] - verifyTextPresent("Address Line 2", true): Text 'Address Line 2' is present on page  using regular expression

2023-02-22 18:48:19 - [MESSAGE][PASSED] - Text 'Address Line 2' is present on page  using regular expression

2023-02-22 18:48:19 - [TEST_STEP][PASSED] - verifyTextPresent("Country", true): Text 'Country' is present on page  using regular expression

2023-02-22 18:48:19 - [MESSAGE][PASSED] - Text 'Country' is present on page  using regular expression

2023-02-22 18:48:19 - [TEST_STEP][PASSED] - verifyTextPresent("City", true): Text 'City' is present on page  using regular expression

2023-02-22 18:48:19 - [MESSAGE][PASSED] - Text 'City' is present on page  using regular expression

2023-02-22 18:48:19 - [TEST_STEP][PASSED] - verifyTextPresent("State", true): Text 'State' is present on page  using regular expression

2023-02-22 18:48:20 - [MESSAGE][PASSED] - Text 'State' is present on page  using regular expression

2023-02-22 18:48:20 - [TEST_STEP][PASSED] - verifyTextPresent("ZIP Code", true): Text 'ZIP Code' is present on page  using regular expression

2023-02-22 18:48:20 - [MESSAGE][PASSED] - Text 'ZIP Code' is present on page  using regular expression

2023-02-22 18:48:20 - [TEST_STEP][PASSED] - verifyTextPresent("248 PhoolKaante road", true): Text '248 PhoolKaante road' is present on page  using regular expression

2023-02-22 18:48:20 - [MESSAGE][PASSED] - Text '248 PhoolKaante road' is present on page  using regular expression

2023-02-22 18:48:20 - [TEST_STEP][PASSED] - verifyTextPresent("Suite 678", true): Text 'Suite 678' is present on page  using regular expression

2023-02-22 18:48:21 - [MESSAGE][PASSED] - Text 'Suite 678' is present on page  using regular expression

2023-02-22 18:48:21 - [TEST_STEP][PASSED] - verifyTextPresent("United States", true): Text 'United States' is present on page  using regular expression

2023-02-22 18:48:21 - [MESSAGE][PASSED] - Text 'United States' is present on page  using regular expression

2023-02-22 18:48:21 - [TEST_STEP][PASSED] - verifyTextPresent("ARLINGTON", true): Text 'ARLINGTON' is present on page  using regular expression

2023-02-22 18:48:21 - [MESSAGE][PASSED] - Text 'ARLINGTON' is present on page  using regular expression

2023-02-22 18:48:21 - [TEST_STEP][PASSED] - verifyTextPresent("VA", true): Text 'VA' is present on page  using regular expression

2023-02-22 18:48:22 - [MESSAGE][PASSED] - Text 'VA' is present on page  using regular expression

2023-02-22 18:48:22 - [TEST_STEP][PASSED] - verifyTextPresent("22201", true): Text '22201' is present on page  using regular expression

2023-02-22 18:48:22 - [MESSAGE][PASSED] - Text '22201' is present on page  using regular expression

2023-02-22 18:48:22 - [TEST_STEP][PASSED] - cardTypeV = findTestData(dataFile).getValue("CardType", row): null

2023-02-22 18:48:22 - [TEST_STEP][PASSED] - last4V = findTestData(dataFile).getValue("Last4", row): null

2023-02-22 18:48:22 - [TEST_STEP][PASSED] - verifyTextPresent(cardTypeV, true): Text 'American Express' is present on page  using regular expression

2023-02-22 18:48:22 - [MESSAGE][PASSED] - Text 'American Express' is present on page  using regular expression

2023-02-22 18:48:22 - [TEST_STEP][PASSED] - verifyTextPresent(last4V, true): Text '2376' is present on page  using regular expression

2023-02-22 18:48:23 - [MESSAGE][PASSED] - Text '2376' is present on page  using regular expression

2023-02-22 18:48:23 - [TEST_STEP][PASSED] - switch (appName): null

2023-02-22 18:48:23 - [TEST_STEP][PASSED] - case "a_Access AutoDualCFtpQA":: null

2023-02-22 18:48:23 - [TEST_STEP][PASSED] - verifyTextPresent("5.00", true): Text '5.00' is present on page  using regular expression

2023-02-22 18:48:23 - [MESSAGE][PASSED] - Text '5.00' is present on page  using regular expression

2023-02-22 18:48:23 - [TEST_STEP][PASSED] - verifyTextPresent("Dual Transaction", true): Text 'Dual Transaction' is present on page  using regular expression

2023-02-22 18:48:23 - [MESSAGE][PASSED] - Text 'Dual Transaction' is present on page  using regular expression

2023-02-22 18:48:23 - [TEST_STEP][PASSED] - verifyTextPresent("7.50", true): Text '7.50' is present on page  using regular expression

2023-02-22 18:48:23 - [MESSAGE][PASSED] - Text '7.50' is present on page  using regular expression

2023-02-22 18:48:23 - [TEST_STEP][PASSED] - verifyTextPresent("Total Amount", true): Text 'Total Amount' is present on page  using regular expression

2023-02-22 18:48:24 - [MESSAGE][PASSED] - Text 'Total Amount' is present on page  using regular expression

2023-02-22 18:48:24 - [TEST_STEP][PASSED] - verifyTextPresent("Transaction Type", true): Text 'Transaction Type' is present on page  using regular expression

2023-02-22 18:48:24 - [MESSAGE][PASSED] - Text 'Transaction Type' is present on page  using regular expression

2023-02-22 18:48:24 - [TEST_STEP][PASSED] - break: null

2023-02-22 18:48:24 - [TEST_STEP][PASSED] - closeBrowser(): Browser is closed

2023-02-22 18:48:25 - [MESSAGE][PASSED] - Browser is closed

2023-02-22 18:48:25 - [TEST_STEP][PASSED] - ExecuteTC = findTestData(dataFile).getValue("Execute", row): null

2023-02-22 18:48:25 - [TEST_STEP][PASSED] - out.println("Value of Execute is : " + ExecuteTC): null

2023-02-22 18:48:25 - [TEST_STEP][PASSED] - switch (executionProfile): null

2023-02-22 18:48:25 - [TEST_STEP][PASSED] - case "QAProfile":: null

2023-02-22 18:48:25 - [TEST_STEP][PASSED] - appName = findTestData(dataFile).getValue("AppNameQA", row): null

2023-02-22 18:48:25 - [TEST_STEP][PASSED] - appID = findTestData(dataFile).getValue("AppIDQA", row): null

2023-02-22 18:48:25 - [TEST_STEP][PASSED] - break: null

2023-02-22 18:48:25 - [TEST_STEP][PASSED] - if (ExecuteTC.equalsIgnoreCase("Y")): null

2023-02-22 18:48:25 - [TEST_STEP][PASSED] - out.println("Begin Record Number: " + row): null

2023-02-22 18:48:25 - [TEST_STEP][PASSED] - today = new java.util.Date(): null

2023-02-22 18:48:25 - [TEST_STEP][PASSED] - println(today): null

2023-02-22 18:48:25 - [TEST_STEP][PASSED] - datText = today: null

2023-02-22 18:48:25 - [TEST_STEP][PASSED] - adminSuiteBootstrap.loginFunctionality.login_AdminSuite(): adminSuiteBootstrap.loginFunctionality.login_AdminSuite is PASSED

2023-02-22 18:48:25 - [MESSAGE][INFO] - Starting 'Chrome' driver

2023-02-22 18:48:25 - [MESSAGE][INFO] - User set preference: ['acceptInsecureCerts', 'true']

2023-02-22 18:48:25 - [MESSAGE][INFO] - Action delay is set to 0 milliseconds

2023-02-22 18:48:27 - [MESSAGE][PASSED] - Browser is opened with url: 'https://qa.velocitypayment.com/admin/imtiaz'

2023-02-22 18:48:28 - [MESSAGE][PASSED] - Current window maximized

2023-02-22 18:48:28 - [MESSAGE][PASSED] - Object 'Object Repository/Login_Page/Login_Username' is present

2023-02-22 18:48:29 - [MESSAGE][PASSED] - Text 'iahmed' is set on object 'Object Repository/Login_Page/Login_Username'

2023-02-22 18:48:29 - [MESSAGE][PASSED] - Text 'hello2222' is set on object 'Object Repository/Login_Page/Login_Password'

2023-02-22 18:48:34 - [MESSAGE][PASSED] - Object: 'Object Repository/Login_Page/Login_Submit' is clicked on

2023-02-22 18:48:34 - [MESSAGE][PASSED] - adminSuiteBootstrap.loginFunctionality.login_AdminSuite is PASSED

2023-02-22 18:48:34 - [TEST_STEP][PASSED] - click(findTestObject(path_Dashboard + appName)): Object: 'Object Repository/AdminSuiteBootstrap_Pages/Dashboard_Bootstrap/a_Access AutoDualCFtpQA' is clicked on

2023-02-22 18:48:36 - [MESSAGE][PASSED] - Object: 'Object Repository/AdminSuiteBootstrap_Pages/Dashboard_Bootstrap/a_Access AutoDualCFtpQA' is clicked on

2023-02-22 18:48:36 - [TEST_STEP][PASSED] - click(findTestObject(path_VT + "a_Find Profile")): Object: 'Object Repository/AdminSuiteBootstrap_Pages/VT_Bootstrap/IssueTransactions/a_Find Profile' is clicked on

2023-02-22 18:48:36 - [MESSAGE][PASSED] - Object: 'Object Repository/AdminSuiteBootstrap_Pages/VT_Bootstrap/IssueTransactions/a_Find Profile' is clicked on

2023-02-22 18:48:36 - [TEST_STEP][PASSED] - criteria = <not implemented yet for class: org.codehaus.groovy.ast.expr.EmptyExpression>: null

2023-02-22 18:48:36 - [TEST_STEP][PASSED] - searchBy = <not implemented yet for class: org.codehaus.groovy.ast.expr.EmptyExpression>: null

2023-02-22 18:48:36 - [TEST_STEP][PASSED] - criteria = findTestData(dataFile).getValue("ProfileName", row): null

2023-02-22 18:48:36 - [TEST_STEP][PASSED] - path_SearchProfile = "Object Repository/AdminSuiteBootstrap_Pages/VSP_Bootstrap/SearchProfile/": null

2023-02-22 18:48:36 - [TEST_STEP][PASSED] - setText(findTestObject(path_SearchProfile + "input_Criteria"), criteria): Text 'PaymentsDI' is set on object 'Object Repository/AdminSuiteBootstrap_Pages/VSP_Bootstrap/SearchProfile/input_Criteria'

2023-02-22 18:48:37 - [MESSAGE][PASSED] - Text 'PaymentsDI' is set on object 'Object Repository/AdminSuiteBootstrap_Pages/VSP_Bootstrap/SearchProfile/input_Criteria'

2023-02-22 18:48:37 - [TEST_STEP][PASSED] - click(findTestObject(path_SearchProfile + "button_Search")): Object: 'Object Repository/AdminSuiteBootstrap_Pages/VSP_Bootstrap/SearchProfile/button_Search' is clicked on

2023-02-22 18:48:38 - [MESSAGE][PASSED] - Object: 'Object Repository/AdminSuiteBootstrap_Pages/VSP_Bootstrap/SearchProfile/button_Search' is clicked on

2023-02-22 18:48:38 - [TEST_STEP][PASSED] - profNameLink = findTestData(dataFile).getValue("ProfileNameLink", row): null

2023-02-22 18:48:38 - [TEST_STEP][PASSED] - click(findTestObject(path_ViewProfile + profNameLink)): Object: 'Object Repository/AdminSuiteBootstrap_Pages/VSP_Bootstrap/View Profile/a_PaymentsDI' is clicked on

2023-02-22 18:48:39 - [MESSAGE][PASSED] - Object: 'Object Repository/AdminSuiteBootstrap_Pages/VSP_Bootstrap/View Profile/a_PaymentsDI' is clicked on

2023-02-22 18:48:39 - [TEST_STEP][PASSED] - click(findTestObject(path_ViewProfile + "a_AuthCap")): Object: 'Object Repository/AdminSuiteBootstrap_Pages/VSP_Bootstrap/View Profile/a_AuthCap' is clicked on

2023-02-22 18:48:41 - [MESSAGE][PASSED] - Object: 'Object Repository/AdminSuiteBootstrap_Pages/VSP_Bootstrap/View Profile/a_AuthCap' is clicked on

2023-02-22 18:48:41 - [TEST_STEP][PASSED] - verifyTextPresent("Credit Card Authorization Capture", true): Text 'Credit Card Authorization Capture' is present on page  using regular expression

2023-02-22 18:48:41 - [MESSAGE][PASSED] - Text 'Credit Card Authorization Capture' is present on page  using regular expression

2023-02-22 18:48:41 - [TEST_STEP][PASSED] - verifyTextPresent("Sale", true): Text 'Sale' is present on page  using regular expression

2023-02-22 18:48:42 - [MESSAGE][PASSED] - Text 'Sale' is present on page  using regular expression

2023-02-22 18:48:42 - [TEST_STEP][PASSED] - verifyTextPresent("Required fields are highlighted with an asterisk", true): Text 'Required fields are highlighted with an asterisk' is present on page  using regular expression

2023-02-22 18:48:42 - [MESSAGE][PASSED] - Text 'Required fields are highlighted with an asterisk' is present on page  using regular expression

2023-02-22 18:48:42 - [TEST_STEP][PASSED] - verifyTextPresent("Remittance ID", true): Text 'Remittance ID' is present on page  using regular expression

2023-02-22 18:48:43 - [MESSAGE][PASSED] - Text 'Remittance ID' is present on page  using regular expression

2023-02-22 18:48:43 - [TEST_STEP][PASSED] - vspBootstrap.SalePage.setDataSaleAndAuth(row, dataFile): vspBootstrap.SalePage.setDataSaleAndAuth is PASSED

2023-02-22 18:48:44 - [MESSAGE][PASSED] - All options with value 'MOTO' are selected in object 'Object Repository/AdminSuiteBootstrap_Pages/VSP_Bootstrap/VSP_Authcap/select_TransactionCategory'  using regular expression

2023-02-22 18:48:45 - [MESSAGE][PASSED] - Text '123' is set on object 'Object Repository/AdminSuiteBootstrap_Pages/VSP_Bootstrap/VSP_Authcap/input_cvv'

2023-02-22 18:48:45 - [MESSAGE][PASSED] - Text '' is set on object 'Object Repository/AdminSuiteBootstrap_Pages/VSP_Bootstrap/VSP_Authcap/input_smsNumber'

2023-02-22 18:48:46 - [MESSAGE][PASSED] - Text '2.50' is set on object 'Object Repository/AdminSuiteBootstrap_Pages/VSP_Bootstrap/VSP_Authcap/input_amount'

2023-02-22 18:48:47 - [MESSAGE][PASSED] - Text 'Delhi' is set on object 'Object Repository/AdminSuiteBootstrap_Pages/VSP_Bootstrap/VSP_Authcap/input_userDefined1'

2023-02-22 18:48:48 - [MESSAGE][PASSED] - Text 'Chennai' is set on object 'Object Repository/AdminSuiteBootstrap_Pages/VSP_Bootstrap/VSP_Authcap/input_userDefined2'

2023-02-22 18:48:49 - [MESSAGE][PASSED] - Text 'Mumbai' is set on object 'Object Repository/AdminSuiteBootstrap_Pages/VSP_Bootstrap/VSP_Authcap/input_userDefined3'

2023-02-22 18:48:49 - [MESSAGE][PASSED] - Text 'Kanpur' is set on object 'Object Repository/AdminSuiteBootstrap_Pages/VSP_Bootstrap/VSP_Authcap/input_userDefined4'

2023-02-22 18:48:50 - [MESSAGE][PASSED] - All options with label 'Orange' are selected in object 'Object Repository/AdminSuiteBootstrap_Pages/VSP_Bootstrap/VSP_Authcap/select_UDF5'  using regular expression

2023-02-22 18:48:51 - [MESSAGE][PASSED] - All options with label 'Yellow' are selected in object 'Object Repository/AdminSuiteBootstrap_Pages/VSP_Bootstrap/VSP_Authcap/select_UDF6'  using regular expression

2023-02-22 18:48:52 - [MESSAGE][PASSED] - Text 'Kolkata' is set on object 'Object Repository/AdminSuiteBootstrap_Pages/VSP_Bootstrap/VSP_Authcap/input_userDefined7'

2023-02-22 18:48:53 - [MESSAGE][PASSED] - Text 'Pune' is set on object 'Object Repository/AdminSuiteBootstrap_Pages/VSP_Bootstrap/VSP_Authcap/input_userDefined8'

2023-02-22 18:48:53 - [MESSAGE][PASSED] - Text 'Bhavnagar' is set on object 'Object Repository/AdminSuiteBootstrap_Pages/VSP_Bootstrap/VSP_Authcap/input_userDefined9'

2023-02-22 18:48:54 - [MESSAGE][PASSED] - Text 'Noida' is set on object 'Object Repository/AdminSuiteBootstrap_Pages/VSP_Bootstrap/VSP_Authcap/input_userDefined10'

2023-02-22 18:48:56 - [MESSAGE][PASSED] - Object: 'Object Repository/AdminSuiteBootstrap_Pages/VSP_Bootstrap/VSP_Authcap/button_Submit' is clicked on

2023-02-22 18:48:56 - [MESSAGE][PASSED] - vspBootstrap.SalePage.setDataSaleAndAuth is PASSED

2023-02-22 18:48:56 - [TEST_STEP][PASSED] - verifyTextPresent("Transaction Successful", true): Text 'Transaction Successful' is present on page  using regular expression

2023-02-22 18:48:57 - [MESSAGE][PASSED] - Text 'Transaction Successful' is present on page  using regular expression

2023-02-22 18:48:57 - [TEST_STEP][PASSED] - verifyElementVisible(findTestObject("Object Repository/AdminSuiteBootstrap_Pages/VT_Bootstrap/Receipt/button_Continue")): Object 'Object Repository/AdminSuiteBootstrap_Pages/VT_Bootstrap/Receipt/button_Continue' is visible

2023-02-22 18:48:57 - [MESSAGE][PASSED] - Object 'Object Repository/AdminSuiteBootstrap_Pages/VT_Bootstrap/Receipt/button_Continue' is visible

2023-02-22 18:48:57 - [TEST_STEP][PASSED] - verifyElementPresent(findTestObject("Object Repository/AdminSuiteBootstrap_Pages/VT_Bootstrap/Receipt/button_Continue"), 20): Object 'Object Repository/AdminSuiteBootstrap_Pages/VT_Bootstrap/Receipt/button_Continue' is present

2023-02-22 18:48:58 - [MESSAGE][PASSED] - Object 'Object Repository/AdminSuiteBootstrap_Pages/VT_Bootstrap/Receipt/button_Continue' is present

2023-02-22 18:48:58 - [TEST_STEP][PASSED] - verifyElementVisible(findTestObject("Object Repository/AdminSuiteBootstrap_Pages/VT_Bootstrap/Receipt/button_Print")): Object 'Object Repository/AdminSuiteBootstrap_Pages/VT_Bootstrap/Receipt/button_Print' is visible

2023-02-22 18:48:58 - [MESSAGE][PASSED] - Object 'Object Repository/AdminSuiteBootstrap_Pages/VT_Bootstrap/Receipt/button_Print' is visible

2023-02-22 18:48:58 - [TEST_STEP][PASSED] - verifyElementPresent(findTestObject("Object Repository/AdminSuiteBootstrap_Pages/VT_Bootstrap/Receipt/button_Print"), 20): Object 'Object Repository/AdminSuiteBootstrap_Pages/VT_Bootstrap/Receipt/button_Print' is present

2023-02-22 18:48:58 - [MESSAGE][PASSED] - Object 'Object Repository/AdminSuiteBootstrap_Pages/VT_Bootstrap/Receipt/button_Print' is present

2023-02-22 18:48:58 - [TEST_STEP][PASSED] - verifyTextPresent("Remittance ID", true): Text 'Remittance ID' is present on page  using regular expression

2023-02-22 18:48:59 - [MESSAGE][PASSED] - Text 'Remittance ID' is present on page  using regular expression

2023-02-22 18:48:59 - [TEST_STEP][PASSED] - verifyTextPresent("Received", true): Text 'Received' is present on page  using regular expression

2023-02-22 18:48:59 - [MESSAGE][PASSED] - Text 'Received' is present on page  using regular expression

2023-02-22 18:48:59 - [TEST_STEP][PASSED] - verifyTextPresent("UDF1", true): Text 'UDF1' is present on page  using regular expression

2023-02-22 18:48:59 - [MESSAGE][PASSED] - Text 'UDF1' is present on page  using regular expression

2023-02-22 18:48:59 - [TEST_STEP][PASSED] - verifyTextPresent("UDF2", true): Text 'UDF2' is present on page  using regular expression

2023-02-22 18:49:00 - [MESSAGE][PASSED] - Text 'UDF2' is present on page  using regular expression

2023-02-22 18:49:00 - [TEST_STEP][PASSED] - verifyTextPresent("UDF3", true): Text 'UDF3' is present on page  using regular expression

2023-02-22 18:49:00 - [MESSAGE][PASSED] - Text 'UDF3' is present on page  using regular expression

2023-02-22 18:49:00 - [TEST_STEP][PASSED] - verifyTextPresent("UDF4", true): Text 'UDF4' is present on page  using regular expression

2023-02-22 18:49:00 - [MESSAGE][PASSED] - Text 'UDF4' is present on page  using regular expression

2023-02-22 18:49:00 - [TEST_STEP][PASSED] - verifyTextPresent("UDF5", true): Text 'UDF5' is present on page  using regular expression

2023-02-22 18:49:01 - [MESSAGE][PASSED] - Text 'UDF5' is present on page  using regular expression

2023-02-22 18:49:01 - [TEST_STEP][PASSED] - verifyTextPresent("UDF6", true): Text 'UDF6' is present on page  using regular expression

2023-02-22 18:49:01 - [MESSAGE][PASSED] - Text 'UDF6' is present on page  using regular expression

2023-02-22 18:49:01 - [TEST_STEP][PASSED] - verifyTextPresent("UDF7", true): Text 'UDF7' is present on page  using regular expression

2023-02-22 18:49:01 - [MESSAGE][PASSED] - Text 'UDF7' is present on page  using regular expression

2023-02-22 18:49:01 - [TEST_STEP][PASSED] - verifyTextPresent("UDF8", true): Text 'UDF8' is present on page  using regular expression

2023-02-22 18:49:02 - [MESSAGE][PASSED] - Text 'UDF8' is present on page  using regular expression

2023-02-22 18:49:02 - [TEST_STEP][PASSED] - verifyTextPresent("UDF9", true): Text 'UDF9' is present on page  using regular expression

2023-02-22 18:49:02 - [MESSAGE][PASSED] - Text 'UDF9' is present on page  using regular expression

2023-02-22 18:49:02 - [TEST_STEP][PASSED] - verifyTextPresent("UDF 10", true): Text 'UDF 10' is present on page  using regular expression

2023-02-22 18:49:02 - [MESSAGE][PASSED] - Text 'UDF 10' is present on page  using regular expression

2023-02-22 18:49:02 - [TEST_STEP][PASSED] - verifyTextPresent("Delhi", true): Text 'Delhi' is present on page  using regular expression

2023-02-22 18:49:03 - [MESSAGE][PASSED] - Text 'Delhi' is present on page  using regular expression

2023-02-22 18:49:03 - [TEST_STEP][PASSED] - verifyTextPresent("Chennai", true): Text 'Chennai' is present on page  using regular expression

2023-02-22 18:49:03 - [MESSAGE][PASSED] - Text 'Chennai' is present on page  using regular expression

2023-02-22 18:49:03 - [TEST_STEP][PASSED] - verifyTextPresent("Mumbai", true): Text 'Mumbai' is present on page  using regular expression

2023-02-22 18:49:03 - [MESSAGE][PASSED] - Text 'Mumbai' is present on page  using regular expression

2023-02-22 18:49:03 - [TEST_STEP][PASSED] - verifyTextPresent("Kanpur", true): Text 'Kanpur' is present on page  using regular expression

2023-02-22 18:49:04 - [MESSAGE][PASSED] - Text 'Kanpur' is present on page  using regular expression

2023-02-22 18:49:04 - [TEST_STEP][PASSED] - verifyTextPresent("Orange Recorded", true): Text 'Orange Recorded' is present on page  using regular expression

2023-02-22 18:49:04 - [MESSAGE][PASSED] - Text 'Orange Recorded' is present on page  using regular expression

2023-02-22 18:49:04 - [TEST_STEP][PASSED] - verifyTextPresent("Yellow Recorded", true): Text 'Yellow Recorded' is present on page  using regular expression

2023-02-22 18:49:04 - [MESSAGE][PASSED] - Text 'Yellow Recorded' is present on page  using regular expression

2023-02-22 18:49:04 - [TEST_STEP][PASSED] - verifyTextPresent("Kolkata", true): Text 'Kolkata' is present on page  using regular expression

2023-02-22 18:49:05 - [MESSAGE][PASSED] - Text 'Kolkata' is present on page  using regular expression

2023-02-22 18:49:05 - [TEST_STEP][PASSED] - verifyTextPresent("Pune", true): Text 'Pune' is present on page  using regular expression

2023-02-22 18:49:05 - [MESSAGE][PASSED] - Text 'Pune' is present on page  using regular expression

2023-02-22 18:49:05 - [TEST_STEP][PASSED] - verifyTextPresent("Bhavnagar", true): Text 'Bhavnagar' is present on page  using regular expression

2023-02-22 18:49:05 - [MESSAGE][PASSED] - Text 'Bhavnagar' is present on page  using regular expression

2023-02-22 18:49:05 - [TEST_STEP][PASSED] - verifyTextPresent("Noida", true): Text 'Noida' is present on page  using regular expression

2023-02-22 18:49:06 - [MESSAGE][PASSED] - Text 'Noida' is present on page  using regular expression

2023-02-22 18:49:06 - [TEST_STEP][PASSED] - verifyTextPresent("Amount", true): Text 'Amount' is present on page  using regular expression

2023-02-22 18:49:06 - [MESSAGE][PASSED] - Text 'Amount' is present on page  using regular expression

2023-02-22 18:49:06 - [TEST_STEP][PASSED] - verifyTextPresent("2.50", true): Text '2.50' is present on page  using regular expression

2023-02-22 18:49:06 - [MESSAGE][PASSED] - Text '2.50' is present on page  using regular expression

2023-02-22 18:49:06 - [TEST_STEP][PASSED] - verifyTextPresent("Authorization and Capture", true): Text 'Authorization and Capture' is present on page  using regular expression

2023-02-22 18:49:06 - [MESSAGE][PASSED] - Text 'Authorization and Capture' is present on page  using regular expression

2023-02-22 18:49:06 - [TEST_STEP][PASSED] - verifyTextPresent("Card Information", true): Text 'Card Information' is present on page  using regular expression

2023-02-22 18:49:07 - [MESSAGE][PASSED] - Text 'Card Information' is present on page  using regular expression

2023-02-22 18:49:07 - [TEST_STEP][PASSED] - verifyTextPresent("TANDON RAVENA", true): Text 'TANDON RAVENA' is present on page  using regular expression

2023-02-22 18:49:07 - [MESSAGE][PASSED] - Text 'TANDON RAVENA' is present on page  using regular expression

2023-02-22 18:49:07 - [TEST_STEP][PASSED] - verifyTextPresent("Address Line 1", true): Text 'Address Line 1' is present on page  using regular expression

2023-02-22 18:49:08 - [MESSAGE][PASSED] - Text 'Address Line 1' is present on page  using regular expression

2023-02-22 18:49:08 - [TEST_STEP][PASSED] - verifyTextPresent("Address Line 2", true): Text 'Address Line 2' is present on page  using regular expression

2023-02-22 18:49:08 - [MESSAGE][PASSED] - Text 'Address Line 2' is present on page  using regular expression

2023-02-22 18:49:08 - [TEST_STEP][PASSED] - verifyTextPresent("Country", true): Text 'Country' is present on page  using regular expression

2023-02-22 18:49:08 - [MESSAGE][PASSED] - Text 'Country' is present on page  using regular expression

2023-02-22 18:49:08 - [TEST_STEP][PASSED] - verifyTextPresent("City", true): Text 'City' is present on page  using regular expression

2023-02-22 18:49:09 - [MESSAGE][PASSED] - Text 'City' is present on page  using regular expression

2023-02-22 18:49:09 - [TEST_STEP][PASSED] - verifyTextPresent("State", true): Text 'State' is present on page  using regular expression

2023-02-22 18:49:09 - [MESSAGE][PASSED] - Text 'State' is present on page  using regular expression

2023-02-22 18:49:09 - [TEST_STEP][PASSED] - verifyTextPresent("ZIP Code", true): Text 'ZIP Code' is present on page  using regular expression

2023-02-22 18:49:09 - [MESSAGE][PASSED] - Text 'ZIP Code' is present on page  using regular expression

2023-02-22 18:49:09 - [TEST_STEP][PASSED] - verifyTextPresent("248 PhoolKaante road", true): Text '248 PhoolKaante road' is present on page  using regular expression

2023-02-22 18:49:10 - [MESSAGE][PASSED] - Text '248 PhoolKaante road' is present on page  using regular expression

2023-02-22 18:49:10 - [TEST_STEP][PASSED] - verifyTextPresent("Suite 678", true): Text 'Suite 678' is present on page  using regular expression

2023-02-22 18:49:10 - [MESSAGE][PASSED] - Text 'Suite 678' is present on page  using regular expression

2023-02-22 18:49:10 - [TEST_STEP][PASSED] - verifyTextPresent("United States", true): Text 'United States' is present on page  using regular expression

2023-02-22 18:49:10 - [MESSAGE][PASSED] - Text 'United States' is present on page  using regular expression

2023-02-22 18:49:10 - [TEST_STEP][PASSED] - verifyTextPresent("ARLINGTON", true): Text 'ARLINGTON' is present on page  using regular expression

2023-02-22 18:49:11 - [MESSAGE][PASSED] - Text 'ARLINGTON' is present on page  using regular expression

2023-02-22 18:49:11 - [TEST_STEP][PASSED] - verifyTextPresent("VA", true): Text 'VA' is present on page  using regular expression

2023-02-22 18:49:11 - [MESSAGE][PASSED] - Text 'VA' is present on page  using regular expression

2023-02-22 18:49:11 - [TEST_STEP][PASSED] - verifyTextPresent("22201", true): Text '22201' is present on page  using regular expression

2023-02-22 18:49:11 - [MESSAGE][PASSED] - Text '22201' is present on page  using regular expression

2023-02-22 18:49:11 - [TEST_STEP][PASSED] - cardTypeV = findTestData(dataFile).getValue("CardType", row): null

2023-02-22 18:49:11 - [TEST_STEP][PASSED] - last4V = findTestData(dataFile).getValue("Last4", row): null

2023-02-22 18:49:11 - [TEST_STEP][PASSED] - verifyTextPresent(cardTypeV, true): Text 'Discover' is present on page  using regular expression

2023-02-22 18:49:12 - [MESSAGE][PASSED] - Text 'Discover' is present on page  using regular expression

2023-02-22 18:49:12 - [TEST_STEP][PASSED] - verifyTextPresent(last4V, true): Text '6909' is present on page  using regular expression

2023-02-22 18:49:12 - [MESSAGE][PASSED] - Text '6909' is present on page  using regular expression

2023-02-22 18:49:12 - [TEST_STEP][PASSED] - switch (appName): null

2023-02-22 18:49:12 - [TEST_STEP][PASSED] - case "a_Access AutoDualCFtpQA":: null

2023-02-22 18:49:12 - [TEST_STEP][PASSED] - verifyTextPresent("5.00", true): Text '5.00' is present on page  using regular expression

2023-02-22 18:49:12 - [MESSAGE][PASSED] - Text '5.00' is present on page  using regular expression

2023-02-22 18:49:12 - [TEST_STEP][PASSED] - verifyTextPresent("Dual Transaction", true): Text 'Dual Transaction' is present on page  using regular expression

2023-02-22 18:49:13 - [MESSAGE][PASSED] - Text 'Dual Transaction' is present on page  using regular expression

2023-02-22 18:49:13 - [TEST_STEP][PASSED] - verifyTextPresent("7.50", true): Text '7.50' is present on page  using regular expression

2023-02-22 18:49:13 - [MESSAGE][PASSED] - Text '7.50' is present on page  using regular expression

2023-02-22 18:49:13 - [TEST_STEP][PASSED] - verifyTextPresent("Total Amount", true): Text 'Total Amount' is present on page  using regular expression

2023-02-22 18:49:13 - [MESSAGE][PASSED] - Text 'Total Amount' is present on page  using regular expression

2023-02-22 18:49:13 - [TEST_STEP][PASSED] - verifyTextPresent("Transaction Type", true): Text 'Transaction Type' is present on page  using regular expression

2023-02-22 18:49:14 - [MESSAGE][PASSED] - Text 'Transaction Type' is present on page  using regular expression

2023-02-22 18:49:14 - [TEST_STEP][PASSED] - break: null

2023-02-22 18:49:14 - [TEST_STEP][PASSED] - closeBrowser(): Browser is closed

2023-02-22 18:49:14 - [MESSAGE][PASSED] - Browser is closed

2023-02-22 18:49:14 - [TEST_STEP][PASSED] - ExecuteTC = findTestData(dataFile).getValue("Execute", row): null

2023-02-22 18:49:14 - [TEST_STEP][PASSED] - out.println("Value of Execute is : " + ExecuteTC): null

2023-02-22 18:49:14 - [TEST_STEP][PASSED] - switch (executionProfile): null

2023-02-22 18:49:14 - [TEST_STEP][PASSED] - case "QAProfile":: null

2023-02-22 18:49:14 - [TEST_STEP][PASSED] - appName = findTestData(dataFile).getValue("AppNameQA", row): null

2023-02-22 18:49:14 - [TEST_STEP][PASSED] - appID = findTestData(dataFile).getValue("AppIDQA", row): null

2023-02-22 18:49:15 - [TEST_STEP][PASSED] - break: null

2023-02-22 18:49:15 - [TEST_STEP][PASSED] - if (ExecuteTC.equalsIgnoreCase("Y")): null

2023-02-22 18:49:15 - [TEST_STEP][PASSED] - out.println("Begin Record Number: " + row): null

2023-02-22 18:49:15 - [TEST_STEP][PASSED] - today = new java.util.Date(): null

2023-02-22 18:49:15 - [TEST_STEP][PASSED] - println(today): null

2023-02-22 18:49:15 - [TEST_STEP][PASSED] - datText = today: null

2023-02-22 18:49:15 - [TEST_STEP][PASSED] - adminSuiteBootstrap.loginFunctionality.login_AdminSuite(): adminSuiteBootstrap.loginFunctionality.login_AdminSuite is PASSED

2023-02-22 18:49:15 - [MESSAGE][INFO] - Starting 'Chrome' driver

2023-02-22 18:49:15 - [MESSAGE][INFO] - User set preference: ['acceptInsecureCerts', 'true']

2023-02-22 18:49:15 - [MESSAGE][INFO] - Action delay is set to 0 milliseconds

2023-02-22 18:49:17 - [MESSAGE][PASSED] - Browser is opened with url: 'https://qa.velocitypayment.com/admin/imtiaz'

2023-02-22 18:49:17 - [MESSAGE][PASSED] - Current window maximized

2023-02-22 18:49:17 - [MESSAGE][PASSED] - Object 'Object Repository/Login_Page/Login_Username' is present

2023-02-22 18:49:18 - [MESSAGE][PASSED] - Text 'iahmed' is set on object 'Object Repository/Login_Page/Login_Username'

2023-02-22 18:49:19 - [MESSAGE][PASSED] - Text 'hello2222' is set on object 'Object Repository/Login_Page/Login_Password'

2023-02-22 18:49:22 - [MESSAGE][PASSED] - Object: 'Object Repository/Login_Page/Login_Submit' is clicked on

2023-02-22 18:49:22 - [MESSAGE][PASSED] - adminSuiteBootstrap.loginFunctionality.login_AdminSuite is PASSED

2023-02-22 18:49:22 - [TEST_STEP][PASSED] - click(findTestObject(path_Dashboard + appName)): Object: 'Object Repository/AdminSuiteBootstrap_Pages/Dashboard_Bootstrap/a_Access AutoDualCFtpQA' is clicked on

2023-02-22 18:49:23 - [MESSAGE][PASSED] - Object: 'Object Repository/AdminSuiteBootstrap_Pages/Dashboard_Bootstrap/a_Access AutoDualCFtpQA' is clicked on

2023-02-22 18:49:23 - [TEST_STEP][PASSED] - click(findTestObject(path_VT + "a_Find Profile")): Object: 'Object Repository/AdminSuiteBootstrap_Pages/VT_Bootstrap/IssueTransactions/a_Find Profile' is clicked on

2023-02-22 18:49:24 - [MESSAGE][PASSED] - Object: 'Object Repository/AdminSuiteBootstrap_Pages/VT_Bootstrap/IssueTransactions/a_Find Profile' is clicked on

2023-02-22 18:49:24 - [TEST_STEP][PASSED] - criteria = <not implemented yet for class: org.codehaus.groovy.ast.expr.EmptyExpression>: null

2023-02-22 18:49:24 - [TEST_STEP][PASSED] - searchBy = <not implemented yet for class: org.codehaus.groovy.ast.expr.EmptyExpression>: null

2023-02-22 18:49:24 - [TEST_STEP][PASSED] - criteria = findTestData(dataFile).getValue("ProfileName", row): null

2023-02-22 18:49:24 - [TEST_STEP][PASSED] - path_SearchProfile = "Object Repository/AdminSuiteBootstrap_Pages/VSP_Bootstrap/SearchProfile/": null

2023-02-22 18:49:24 - [TEST_STEP][PASSED] - setText(findTestObject(path_SearchProfile + "input_Criteria"), criteria): Text 'PaymentsVisa' is set on object 'Object Repository/AdminSuiteBootstrap_Pages/VSP_Bootstrap/SearchProfile/input_Criteria'

2023-02-22 18:49:24 - [MESSAGE][PASSED] - Text 'PaymentsVisa' is set on object 'Object Repository/AdminSuiteBootstrap_Pages/VSP_Bootstrap/SearchProfile/input_Criteria'

2023-02-22 18:49:24 - [TEST_STEP][PASSED] - click(findTestObject(path_SearchProfile + "button_Search")): Object: 'Object Repository/AdminSuiteBootstrap_Pages/VSP_Bootstrap/SearchProfile/button_Search' is clicked on

2023-02-22 18:49:25 - [MESSAGE][PASSED] - Object: 'Object Repository/AdminSuiteBootstrap_Pages/VSP_Bootstrap/SearchProfile/button_Search' is clicked on

2023-02-22 18:49:25 - [TEST_STEP][PASSED] - profNameLink = findTestData(dataFile).getValue("ProfileNameLink", row): null

2023-02-22 18:49:25 - [TEST_STEP][PASSED] - click(findTestObject(path_ViewProfile + profNameLink)): Object: 'Object Repository/AdminSuiteBootstrap_Pages/VSP_Bootstrap/View Profile/a_PaymentsVisa' is clicked on

2023-02-22 18:49:27 - [MESSAGE][PASSED] - Object: 'Object Repository/AdminSuiteBootstrap_Pages/VSP_Bootstrap/View Profile/a_PaymentsVisa' is clicked on

2023-02-22 18:49:27 - [TEST_STEP][PASSED] - click(findTestObject(path_ViewProfile + "a_AuthCap")): Object: 'Object Repository/AdminSuiteBootstrap_Pages/VSP_Bootstrap/View Profile/a_AuthCap' is clicked on

2023-02-22 18:49:28 - [MESSAGE][PASSED] - Object: 'Object Repository/AdminSuiteBootstrap_Pages/VSP_Bootstrap/View Profile/a_AuthCap' is clicked on

2023-02-22 18:49:28 - [TEST_STEP][PASSED] - verifyTextPresent("Credit Card Authorization Capture", true): Text 'Credit Card Authorization Capture' is present on page  using regular expression

2023-02-22 18:49:29 - [MESSAGE][PASSED] - Text 'Credit Card Authorization Capture' is present on page  using regular expression

2023-02-22 18:49:29 - [TEST_STEP][PASSED] - verifyTextPresent("Sale", true): Text 'Sale' is present on page  using regular expression

2023-02-22 18:49:29 - [MESSAGE][PASSED] - Text 'Sale' is present on page  using regular expression

2023-02-22 18:49:29 - [TEST_STEP][PASSED] - verifyTextPresent("Required fields are highlighted with an asterisk", true): Text 'Required fields are highlighted with an asterisk' is present on page  using regular expression

2023-02-22 18:49:29 - [MESSAGE][PASSED] - Text 'Required fields are highlighted with an asterisk' is present on page  using regular expression

2023-02-22 18:49:29 - [TEST_STEP][PASSED] - verifyTextPresent("Remittance ID", true): Text 'Remittance ID' is present on page  using regular expression

2023-02-22 18:49:30 - [MESSAGE][PASSED] - Text 'Remittance ID' is present on page  using regular expression

2023-02-22 18:49:30 - [TEST_STEP][PASSED] - vspBootstrap.SalePage.setDataSaleAndAuth(row, dataFile): vspBootstrap.SalePage.setDataSaleAndAuth is PASSED

2023-02-22 18:49:32 - [MESSAGE][PASSED] - All options with value 'RETL' are selected in object 'Object Repository/AdminSuiteBootstrap_Pages/VSP_Bootstrap/VSP_Authcap/select_TransactionCategory'  using regular expression

2023-02-22 18:49:32 - [MESSAGE][PASSED] - Text '123' is set on object 'Object Repository/AdminSuiteBootstrap_Pages/VSP_Bootstrap/VSP_Authcap/input_cvv'

2023-02-22 18:49:33 - [MESSAGE][PASSED] - Text '' is set on object 'Object Repository/AdminSuiteBootstrap_Pages/VSP_Bootstrap/VSP_Authcap/input_smsNumber'

2023-02-22 18:49:34 - [MESSAGE][PASSED] - Text '2.50' is set on object 'Object Repository/AdminSuiteBootstrap_Pages/VSP_Bootstrap/VSP_Authcap/input_amount'

2023-02-22 18:49:36 - [MESSAGE][PASSED] - Text 'Delhi' is set on object 'Object Repository/AdminSuiteBootstrap_Pages/VSP_Bootstrap/VSP_Authcap/input_userDefined1'

2023-02-22 18:49:36 - [MESSAGE][PASSED] - Text 'Chennai' is set on object 'Object Repository/AdminSuiteBootstrap_Pages/VSP_Bootstrap/VSP_Authcap/input_userDefined2'

2023-02-22 18:49:37 - [MESSAGE][PASSED] - Text 'Mumbai' is set on object 'Object Repository/AdminSuiteBootstrap_Pages/VSP_Bootstrap/VSP_Authcap/input_userDefined3'

2023-02-22 18:49:38 - [MESSAGE][PASSED] - Text 'Kanpur' is set on object 'Object Repository/AdminSuiteBootstrap_Pages/VSP_Bootstrap/VSP_Authcap/input_userDefined4'

2023-02-22 18:49:39 - [MESSAGE][PASSED] - All options with label 'Orange' are selected in object 'Object Repository/AdminSuiteBootstrap_Pages/VSP_Bootstrap/VSP_Authcap/select_UDF5'  using regular expression

2023-02-22 18:49:40 - [MESSAGE][PASSED] - All options with label 'Yellow' are selected in object 'Object Repository/AdminSuiteBootstrap_Pages/VSP_Bootstrap/VSP_Authcap/select_UDF6'  using regular expression

2023-02-22 18:49:40 - [MESSAGE][PASSED] - Text 'Kolkata' is set on object 'Object Repository/AdminSuiteBootstrap_Pages/VSP_Bootstrap/VSP_Authcap/input_userDefined7'

2023-02-22 18:49:41 - [MESSAGE][PASSED] - Text 'Pune' is set on object 'Object Repository/AdminSuiteBootstrap_Pages/VSP_Bootstrap/VSP_Authcap/input_userDefined8'

2023-02-22 18:49:42 - [MESSAGE][PASSED] - Text 'Bhavnagar' is set on object 'Object Repository/AdminSuiteBootstrap_Pages/VSP_Bootstrap/VSP_Authcap/input_userDefined9'

2023-02-22 18:49:42 - [MESSAGE][PASSED] - Text 'Noida' is set on object 'Object Repository/AdminSuiteBootstrap_Pages/VSP_Bootstrap/VSP_Authcap/input_userDefined10'

2023-02-22 18:49:47 - [MESSAGE][PASSED] - Object: 'Object Repository/AdminSuiteBootstrap_Pages/VSP_Bootstrap/VSP_Authcap/button_Submit' is clicked on

2023-02-22 18:49:47 - [MESSAGE][PASSED] - vspBootstrap.SalePage.setDataSaleAndAuth is PASSED

2023-02-22 18:49:47 - [TEST_STEP][PASSED] - verifyTextPresent("Transaction Successful", true): Text 'Transaction Successful' is present on page  using regular expression

2023-02-22 18:49:47 - [MESSAGE][PASSED] - Text 'Transaction Successful' is present on page  using regular expression

2023-02-22 18:49:47 - [TEST_STEP][PASSED] - verifyElementVisible(findTestObject("Object Repository/AdminSuiteBootstrap_Pages/VT_Bootstrap/Receipt/button_Continue")): Object 'Object Repository/AdminSuiteBootstrap_Pages/VT_Bootstrap/Receipt/button_Continue' is visible

2023-02-22 18:49:47 - [MESSAGE][PASSED] - Object 'Object Repository/AdminSuiteBootstrap_Pages/VT_Bootstrap/Receipt/button_Continue' is visible

2023-02-22 18:49:47 - [TEST_STEP][PASSED] - verifyElementPresent(findTestObject("Object Repository/AdminSuiteBootstrap_Pages/VT_Bootstrap/Receipt/button_Continue"), 20): Object 'Object Repository/AdminSuiteBootstrap_Pages/VT_Bootstrap/Receipt/button_Continue' is present

2023-02-22 18:49:48 - [MESSAGE][PASSED] - Object 'Object Repository/AdminSuiteBootstrap_Pages/VT_Bootstrap/Receipt/button_Continue' is present

2023-02-22 18:49:48 - [TEST_STEP][PASSED] - verifyElementVisible(findTestObject("Object Repository/AdminSuiteBootstrap_Pages/VT_Bootstrap/Receipt/button_Print")): Object 'Object Repository/AdminSuiteBootstrap_Pages/VT_Bootstrap/Receipt/button_Print' is visible

2023-02-22 18:49:48 - [MESSAGE][PASSED] - Object 'Object Repository/AdminSuiteBootstrap_Pages/VT_Bootstrap/Receipt/button_Print' is visible

2023-02-22 18:49:48 - [TEST_STEP][PASSED] - verifyElementPresent(findTestObject("Object Repository/AdminSuiteBootstrap_Pages/VT_Bootstrap/Receipt/button_Print"), 20): Object 'Object Repository/AdminSuiteBootstrap_Pages/VT_Bootstrap/Receipt/button_Print' is present

2023-02-22 18:49:48 - [MESSAGE][PASSED] - Object 'Object Repository/AdminSuiteBootstrap_Pages/VT_Bootstrap/Receipt/button_Print' is present

2023-02-22 18:49:48 - [TEST_STEP][PASSED] - verifyTextPresent("Remittance ID", true): Text 'Remittance ID' is present on page  using regular expression

2023-02-22 18:49:49 - [MESSAGE][PASSED] - Text 'Remittance ID' is present on page  using regular expression

2023-02-22 18:49:49 - [TEST_STEP][PASSED] - verifyTextPresent("Received", true): Text 'Received' is present on page  using regular expression

2023-02-22 18:49:49 - [MESSAGE][PASSED] - Text 'Received' is present on page  using regular expression

2023-02-22 18:49:49 - [TEST_STEP][PASSED] - verifyTextPresent("UDF1", true): Text 'UDF1' is present on page  using regular expression

2023-02-22 18:49:49 - [MESSAGE][PASSED] - Text 'UDF1' is present on page  using regular expression

2023-02-22 18:49:49 - [TEST_STEP][PASSED] - verifyTextPresent("UDF2", true): Text 'UDF2' is present on page  using regular expression

2023-02-22 18:49:50 - [MESSAGE][PASSED] - Text 'UDF2' is present on page  using regular expression

2023-02-22 18:49:50 - [TEST_STEP][PASSED] - verifyTextPresent("UDF3", true): Text 'UDF3' is present on page  using regular expression

2023-02-22 18:49:50 - [MESSAGE][PASSED] - Text 'UDF3' is present on page  using regular expression

2023-02-22 18:49:50 - [TEST_STEP][PASSED] - verifyTextPresent("UDF4", true): Text 'UDF4' is present on page  using regular expression

2023-02-22 18:49:50 - [MESSAGE][PASSED] - Text 'UDF4' is present on page  using regular expression

2023-02-22 18:49:50 - [TEST_STEP][PASSED] - verifyTextPresent("UDF5", true): Text 'UDF5' is present on page  using regular expression

2023-02-22 18:49:51 - [MESSAGE][PASSED] - Text 'UDF5' is present on page  using regular expression

2023-02-22 18:49:51 - [TEST_STEP][PASSED] - verifyTextPresent("UDF6", true): Text 'UDF6' is present on page  using regular expression

2023-02-22 18:49:51 - [MESSAGE][PASSED] - Text 'UDF6' is present on page  using regular expression

2023-02-22 18:49:51 - [TEST_STEP][PASSED] - verifyTextPresent("UDF7", true): Text 'UDF7' is present on page  using regular expression

2023-02-22 18:49:51 - [MESSAGE][PASSED] - Text 'UDF7' is present on page  using regular expression

2023-02-22 18:49:51 - [TEST_STEP][PASSED] - verifyTextPresent("UDF8", true): Text 'UDF8' is present on page  using regular expression

2023-02-22 18:49:52 - [MESSAGE][PASSED] - Text 'UDF8' is present on page  using regular expression

2023-02-22 18:49:52 - [TEST_STEP][PASSED] - verifyTextPresent("UDF9", true): Text 'UDF9' is present on page  using regular expression

2023-02-22 18:49:52 - [MESSAGE][PASSED] - Text 'UDF9' is present on page  using regular expression

2023-02-22 18:49:52 - [TEST_STEP][PASSED] - verifyTextPresent("UDF 10", true): Text 'UDF 10' is present on page  using regular expression

2023-02-22 18:49:52 - [MESSAGE][PASSED] - Text 'UDF 10' is present on page  using regular expression

2023-02-22 18:49:52 - [TEST_STEP][PASSED] - verifyTextPresent("Delhi", true): Text 'Delhi' is present on page  using regular expression

2023-02-22 18:49:53 - [MESSAGE][PASSED] - Text 'Delhi' is present on page  using regular expression

2023-02-22 18:49:53 - [TEST_STEP][PASSED] - verifyTextPresent("Chennai", true): Text 'Chennai' is present on page  using regular expression

2023-02-22 18:49:53 - [MESSAGE][PASSED] - Text 'Chennai' is present on page  using regular expression

2023-02-22 18:49:53 - [TEST_STEP][PASSED] - verifyTextPresent("Mumbai", true): Text 'Mumbai' is present on page  using regular expression

2023-02-22 18:49:53 - [MESSAGE][PASSED] - Text 'Mumbai' is present on page  using regular expression

2023-02-22 18:49:53 - [TEST_STEP][PASSED] - verifyTextPresent("Kanpur", true): Text 'Kanpur' is present on page  using regular expression

2023-02-22 18:49:54 - [MESSAGE][PASSED] - Text 'Kanpur' is present on page  using regular expression

2023-02-22 18:49:54 - [TEST_STEP][PASSED] - verifyTextPresent("Orange Recorded", true): Text 'Orange Recorded' is present on page  using regular expression

2023-02-22 18:49:54 - [MESSAGE][PASSED] - Text 'Orange Recorded' is present on page  using regular expression

2023-02-22 18:49:54 - [TEST_STEP][PASSED] - verifyTextPresent("Yellow Recorded", true): Text 'Yellow Recorded' is present on page  using regular expression

2023-02-22 18:49:54 - [MESSAGE][PASSED] - Text 'Yellow Recorded' is present on page  using regular expression

2023-02-22 18:49:54 - [TEST_STEP][PASSED] - verifyTextPresent("Kolkata", true): Text 'Kolkata' is present on page  using regular expression

2023-02-22 18:49:55 - [MESSAGE][PASSED] - Text 'Kolkata' is present on page  using regular expression

2023-02-22 18:49:55 - [TEST_STEP][PASSED] - verifyTextPresent("Pune", true): Text 'Pune' is present on page  using regular expression

2023-02-22 18:49:55 - [MESSAGE][PASSED] - Text 'Pune' is present on page  using regular expression

2023-02-22 18:49:55 - [TEST_STEP][PASSED] - verifyTextPresent("Bhavnagar", true): Text 'Bhavnagar' is present on page  using regular expression

2023-02-22 18:49:55 - [MESSAGE][PASSED] - Text 'Bhavnagar' is present on page  using regular expression

2023-02-22 18:49:55 - [TEST_STEP][PASSED] - verifyTextPresent("Noida", true): Text 'Noida' is present on page  using regular expression

2023-02-22 18:49:56 - [MESSAGE][PASSED] - Text 'Noida' is present on page  using regular expression

2023-02-22 18:49:56 - [TEST_STEP][PASSED] - verifyTextPresent("Amount", true): Text 'Amount' is present on page  using regular expression

2023-02-22 18:49:56 - [MESSAGE][PASSED] - Text 'Amount' is present on page  using regular expression

2023-02-22 18:49:56 - [TEST_STEP][PASSED] - verifyTextPresent("2.50", true): Text '2.50' is present on page  using regular expression

2023-02-22 18:49:56 - [MESSAGE][PASSED] - Text '2.50' is present on page  using regular expression

2023-02-22 18:49:56 - [TEST_STEP][PASSED] - verifyTextPresent("Authorization and Capture", true): Text 'Authorization and Capture' is present on page  using regular expression

2023-02-22 18:49:57 - [MESSAGE][PASSED] - Text 'Authorization and Capture' is present on page  using regular expression

2023-02-22 18:49:57 - [TEST_STEP][PASSED] - verifyTextPresent("Card Information", true): Text 'Card Information' is present on page  using regular expression

2023-02-22 18:49:57 - [MESSAGE][PASSED] - Text 'Card Information' is present on page  using regular expression

2023-02-22 18:49:57 - [TEST_STEP][PASSED] - verifyTextPresent("TANDON RAVENA", true): Text 'TANDON RAVENA' is present on page  using regular expression

2023-02-22 18:49:57 - [MESSAGE][PASSED] - Text 'TANDON RAVENA' is present on page  using regular expression

2023-02-22 18:49:57 - [TEST_STEP][PASSED] - verifyTextPresent("Address Line 1", true): Text 'Address Line 1' is present on page  using regular expression

2023-02-22 18:49:58 - [MESSAGE][PASSED] - Text 'Address Line 1' is present on page  using regular expression

2023-02-22 18:49:58 - [TEST_STEP][PASSED] - verifyTextPresent("Address Line 2", true): Text 'Address Line 2' is present on page  using regular expression

2023-02-22 18:49:58 - [MESSAGE][PASSED] - Text 'Address Line 2' is present on page  using regular expression

2023-02-22 18:49:58 - [TEST_STEP][PASSED] - verifyTextPresent("Country", true): Text 'Country' is present on page  using regular expression

2023-02-22 18:49:58 - [MESSAGE][PASSED] - Text 'Country' is present on page  using regular expression

2023-02-22 18:49:58 - [TEST_STEP][PASSED] - verifyTextPresent("City", true): Text 'City' is present on page  using regular expression

2023-02-22 18:49:59 - [MESSAGE][PASSED] - Text 'City' is present on page  using regular expression

2023-02-22 18:49:59 - [TEST_STEP][PASSED] - verifyTextPresent("State", true): Text 'State' is present on page  using regular expression

2023-02-22 18:49:59 - [MESSAGE][PASSED] - Text 'State' is present on page  using regular expression

2023-02-22 18:49:59 - [TEST_STEP][PASSED] - verifyTextPresent("ZIP Code", true): Text 'ZIP Code' is present on page  using regular expression

2023-02-22 18:49:59 - [MESSAGE][PASSED] - Text 'ZIP Code' is present on page  using regular expression

2023-02-22 18:49:59 - [TEST_STEP][PASSED] - verifyTextPresent("248 PhoolKaante road", true): Text '248 PhoolKaante road' is present on page  using regular expression

2023-02-22 18:50:00 - [MESSAGE][PASSED] - Text '248 PhoolKaante road' is present on page  using regular expression

2023-02-22 18:50:00 - [TEST_STEP][PASSED] - verifyTextPresent("Suite 678", true): Text 'Suite 678' is present on page  using regular expression

2023-02-22 18:50:00 - [MESSAGE][PASSED] - Text 'Suite 678' is present on page  using regular expression

2023-02-22 18:50:00 - [TEST_STEP][PASSED] - verifyTextPresent("United States", true): Text 'United States' is present on page  using regular expression

2023-02-22 18:50:00 - [MESSAGE][PASSED] - Text 'United States' is present on page  using regular expression

2023-02-22 18:50:00 - [TEST_STEP][PASSED] - verifyTextPresent("ARLINGTON", true): Text 'ARLINGTON' is present on page  using regular expression

2023-02-22 18:50:01 - [MESSAGE][PASSED] - Text 'ARLINGTON' is present on page  using regular expression

2023-02-22 18:50:01 - [TEST_STEP][PASSED] - verifyTextPresent("VA", true): Text 'VA' is present on page  using regular expression

2023-02-22 18:50:01 - [MESSAGE][PASSED] - Text 'VA' is present on page  using regular expression

2023-02-22 18:50:01 - [TEST_STEP][PASSED] - verifyTextPresent("22201", true): Text '22201' is present on page  using regular expression

2023-02-22 18:50:01 - [MESSAGE][PASSED] - Text '22201' is present on page  using regular expression

2023-02-22 18:50:01 - [TEST_STEP][PASSED] - cardTypeV = findTestData(dataFile).getValue("CardType", row): null

2023-02-22 18:50:01 - [TEST_STEP][PASSED] - last4V = findTestData(dataFile).getValue("Last4", row): null

2023-02-22 18:50:01 - [TEST_STEP][PASSED] - verifyTextPresent(cardTypeV, true): Text 'Visa' is present on page  using regular expression

2023-02-22 18:50:02 - [MESSAGE][PASSED] - Text 'Visa' is present on page  using regular expression

2023-02-22 18:50:02 - [TEST_STEP][PASSED] - verifyTextPresent(last4V, true): Text '5439' is present on page  using regular expression

2023-02-22 18:50:02 - [MESSAGE][PASSED] - Text '5439' is present on page  using regular expression

2023-02-22 18:50:02 - [TEST_STEP][PASSED] - switch (appName): null

2023-02-22 18:50:02 - [TEST_STEP][PASSED] - case "a_Access AutoDualCFtpQA":: null

2023-02-22 18:50:02 - [TEST_STEP][PASSED] - verifyTextPresent("5.00", true): Text '5.00' is present on page  using regular expression

2023-02-22 18:50:02 - [MESSAGE][PASSED] - Text '5.00' is present on page  using regular expression

2023-02-22 18:50:02 - [TEST_STEP][PASSED] - verifyTextPresent("Dual Transaction", true): Text 'Dual Transaction' is present on page  using regular expression

2023-02-22 18:50:03 - [MESSAGE][PASSED] - Text 'Dual Transaction' is present on page  using regular expression

2023-02-22 18:50:03 - [TEST_STEP][PASSED] - verifyTextPresent("7.50", true): Text '7.50' is present on page  using regular expression

2023-02-22 18:50:03 - [MESSAGE][PASSED] - Text '7.50' is present on page  using regular expression

2023-02-22 18:50:03 - [TEST_STEP][PASSED] - verifyTextPresent("Total Amount", true): Text 'Total Amount' is present on page  using regular expression

2023-02-22 18:50:03 - [MESSAGE][PASSED] - Text 'Total Amount' is present on page  using regular expression

2023-02-22 18:50:03 - [TEST_STEP][PASSED] - verifyTextPresent("Transaction Type", true): Text 'Transaction Type' is present on page  using regular expression

2023-02-22 18:50:04 - [MESSAGE][PASSED] - Text 'Transaction Type' is present on page  using regular expression

2023-02-22 18:50:04 - [TEST_STEP][PASSED] - break: null

2023-02-22 18:50:04 - [TEST_STEP][PASSED] - closeBrowser(): Browser is closed

2023-02-22 18:50:05 - [MESSAGE][PASSED] - Browser is closed

2023-02-22 18:50:05 - [TEST_STEP][PASSED] - ExecuteTC = findTestData(dataFile).getValue("Execute", row): null

2023-02-22 18:50:05 - [TEST_STEP][PASSED] - out.println("Value of Execute is : " + ExecuteTC): null

2023-02-22 18:50:05 - [TEST_STEP][PASSED] - switch (executionProfile): null

2023-02-22 18:50:05 - [TEST_STEP][PASSED] - case "QAProfile":: null

2023-02-22 18:50:05 - [TEST_STEP][PASSED] - appName = findTestData(dataFile).getValue("AppNameQA", row): null

2023-02-22 18:50:05 - [TEST_STEP][PASSED] - appID = findTestData(dataFile).getValue("AppIDQA", row): null

2023-02-22 18:50:05 - [TEST_STEP][PASSED] - break: null

2023-02-22 18:50:05 - [TEST_STEP][PASSED] - if (ExecuteTC.equalsIgnoreCase("Y")): null

2023-02-22 18:50:05 - [TEST_STEP][PASSED] - out.println("Begin Record Number: " + row): null

2023-02-22 18:50:05 - [TEST_STEP][PASSED] - today = new java.util.Date(): null

2023-02-22 18:50:05 - [TEST_STEP][PASSED] - println(today): null

2023-02-22 18:50:05 - [TEST_STEP][PASSED] - datText = today: null

2023-02-22 18:50:05 - [TEST_STEP][PASSED] - adminSuiteBootstrap.loginFunctionality.login_AdminSuite(): adminSuiteBootstrap.loginFunctionality.login_AdminSuite is PASSED

2023-02-22 18:50:05 - [MESSAGE][INFO] - Starting 'Chrome' driver

2023-02-22 18:50:05 - [MESSAGE][INFO] - User set preference: ['acceptInsecureCerts', 'true']

2023-02-22 18:50:05 - [MESSAGE][INFO] - Action delay is set to 0 milliseconds

2023-02-22 18:50:07 - [MESSAGE][PASSED] - Browser is opened with url: 'https://qa.velocitypayment.com/admin/imtiaz'

2023-02-22 18:50:07 - [MESSAGE][PASSED] - Current window maximized

2023-02-22 18:50:08 - [MESSAGE][PASSED] - Object 'Object Repository/Login_Page/Login_Username' is present

2023-02-22 18:50:08 - [MESSAGE][PASSED] - Text 'iahmed' is set on object 'Object Repository/Login_Page/Login_Username'

2023-02-22 18:50:09 - [MESSAGE][PASSED] - Text 'hello2222' is set on object 'Object Repository/Login_Page/Login_Password'

2023-02-22 18:50:15 - [MESSAGE][PASSED] - Object: 'Object Repository/Login_Page/Login_Submit' is clicked on

2023-02-22 18:50:15 - [MESSAGE][PASSED] - adminSuiteBootstrap.loginFunctionality.login_AdminSuite is PASSED

2023-02-22 18:50:15 - [TEST_STEP][PASSED] - click(findTestObject(path_Dashboard + appName)): Object: 'Object Repository/AdminSuiteBootstrap_Pages/Dashboard_Bootstrap/a_Access AutoDualCFtpQA' is clicked on

2023-02-22 18:50:16 - [MESSAGE][PASSED] - Object: 'Object Repository/AdminSuiteBootstrap_Pages/Dashboard_Bootstrap/a_Access AutoDualCFtpQA' is clicked on

2023-02-22 18:50:16 - [TEST_STEP][PASSED] - click(findTestObject(path_VT + "a_Find Profile")): Object: 'Object Repository/AdminSuiteBootstrap_Pages/VT_Bootstrap/IssueTransactions/a_Find Profile' is clicked on

2023-02-22 18:50:16 - [MESSAGE][PASSED] - Object: 'Object Repository/AdminSuiteBootstrap_Pages/VT_Bootstrap/IssueTransactions/a_Find Profile' is clicked on

2023-02-22 18:50:16 - [TEST_STEP][PASSED] - criteria = <not implemented yet for class: org.codehaus.groovy.ast.expr.EmptyExpression>: null

2023-02-22 18:50:16 - [TEST_STEP][PASSED] - searchBy = <not implemented yet for class: org.codehaus.groovy.ast.expr.EmptyExpression>: null

2023-02-22 18:50:16 - [TEST_STEP][PASSED] - criteria = findTestData(dataFile).getValue("ProfileName", row): null

2023-02-22 18:50:16 - [TEST_STEP][PASSED] - path_SearchProfile = "Object Repository/AdminSuiteBootstrap_Pages/VSP_Bootstrap/SearchProfile/": null

2023-02-22 18:50:16 - [TEST_STEP][PASSED] - setText(findTestObject(path_SearchProfile + "input_Criteria"), criteria): Text 'PaymentsMC' is set on object 'Object Repository/AdminSuiteBootstrap_Pages/VSP_Bootstrap/SearchProfile/input_Criteria'

2023-02-22 18:50:17 - [MESSAGE][PASSED] - Text 'PaymentsMC' is set on object 'Object Repository/AdminSuiteBootstrap_Pages/VSP_Bootstrap/SearchProfile/input_Criteria'

2023-02-22 18:50:17 - [TEST_STEP][PASSED] - click(findTestObject(path_SearchProfile + "button_Search")): Object: 'Object Repository/AdminSuiteBootstrap_Pages/VSP_Bootstrap/SearchProfile/button_Search' is clicked on

2023-02-22 18:50:18 - [MESSAGE][PASSED] - Object: 'Object Repository/AdminSuiteBootstrap_Pages/VSP_Bootstrap/SearchProfile/button_Search' is clicked on

2023-02-22 18:50:18 - [TEST_STEP][PASSED] - profNameLink = findTestData(dataFile).getValue("ProfileNameLink", row): null

2023-02-22 18:50:18 - [TEST_STEP][PASSED] - click(findTestObject(path_ViewProfile + profNameLink)): Object: 'Object Repository/AdminSuiteBootstrap_Pages/VSP_Bootstrap/View Profile/a_PaymentsMC' is clicked on

2023-02-22 18:50:20 - [MESSAGE][PASSED] - Object: 'Object Repository/AdminSuiteBootstrap_Pages/VSP_Bootstrap/View Profile/a_PaymentsMC' is clicked on

2023-02-22 18:50:20 - [TEST_STEP][PASSED] - click(findTestObject(path_ViewProfile + "a_AuthCap")): Object: 'Object Repository/AdminSuiteBootstrap_Pages/VSP_Bootstrap/View Profile/a_AuthCap' is clicked on

2023-02-22 18:50:21 - [MESSAGE][PASSED] - Object: 'Object Repository/AdminSuiteBootstrap_Pages/VSP_Bootstrap/View Profile/a_AuthCap' is clicked on

2023-02-22 18:50:21 - [TEST_STEP][PASSED] - verifyTextPresent("Credit Card Authorization Capture", true): Text 'Credit Card Authorization Capture' is present on page  using regular expression

2023-02-22 18:50:22 - [MESSAGE][PASSED] - Text 'Credit Card Authorization Capture' is present on page  using regular expression

2023-02-22 18:50:22 - [TEST_STEP][PASSED] - verifyTextPresent("Sale", true): Text 'Sale' is present on page  using regular expression

2023-02-22 18:50:22 - [MESSAGE][PASSED] - Text 'Sale' is present on page  using regular expression

2023-02-22 18:50:22 - [TEST_STEP][PASSED] - verifyTextPresent("Required fields are highlighted with an asterisk", true): Text 'Required fields are highlighted with an asterisk' is present on page  using regular expression

2023-02-22 18:50:22 - [MESSAGE][PASSED] - Text 'Required fields are highlighted with an asterisk' is present on page  using regular expression

2023-02-22 18:50:22 - [TEST_STEP][PASSED] - verifyTextPresent("Remittance ID", true): Text 'Remittance ID' is present on page  using regular expression

2023-02-22 18:50:23 - [MESSAGE][PASSED] - Text 'Remittance ID' is present on page  using regular expression

2023-02-22 18:50:23 - [TEST_STEP][PASSED] - vspBootstrap.SalePage.setDataSaleAndAuth(row, dataFile): vspBootstrap.SalePage.setDataSaleAndAuth is PASSED

2023-02-22 18:50:24 - [MESSAGE][PASSED] - All options with value 'RETL' are selected in object 'Object Repository/AdminSuiteBootstrap_Pages/VSP_Bootstrap/VSP_Authcap/select_TransactionCategory'  using regular expression

2023-02-22 18:50:25 - [MESSAGE][PASSED] - Text '123' is set on object 'Object Repository/AdminSuiteBootstrap_Pages/VSP_Bootstrap/VSP_Authcap/input_cvv'

2023-02-22 18:50:26 - [MESSAGE][PASSED] - Text '' is set on object 'Object Repository/AdminSuiteBootstrap_Pages/VSP_Bootstrap/VSP_Authcap/input_smsNumber'

2023-02-22 18:50:26 - [MESSAGE][PASSED] - Text '2.50' is set on object 'Object Repository/AdminSuiteBootstrap_Pages/VSP_Bootstrap/VSP_Authcap/input_amount'

2023-02-22 18:50:28 - [MESSAGE][PASSED] - Text 'Delhi' is set on object 'Object Repository/AdminSuiteBootstrap_Pages/VSP_Bootstrap/VSP_Authcap/input_userDefined1'

2023-02-22 18:50:28 - [MESSAGE][PASSED] - Text 'Chennai' is set on object 'Object Repository/AdminSuiteBootstrap_Pages/VSP_Bootstrap/VSP_Authcap/input_userDefined2'

2023-02-22 18:50:29 - [MESSAGE][PASSED] - Text 'Mumbai' is set on object 'Object Repository/AdminSuiteBootstrap_Pages/VSP_Bootstrap/VSP_Authcap/input_userDefined3'

2023-02-22 18:50:30 - [MESSAGE][PASSED] - Text 'Kanpur' is set on object 'Object Repository/AdminSuiteBootstrap_Pages/VSP_Bootstrap/VSP_Authcap/input_userDefined4'

2023-02-22 18:50:31 - [MESSAGE][PASSED] - All options with label 'Orange' are selected in object 'Object Repository/AdminSuiteBootstrap_Pages/VSP_Bootstrap/VSP_Authcap/select_UDF5'  using regular expression

2023-02-22 18:50:32 - [MESSAGE][PASSED] - All options with label 'Yellow' are selected in object 'Object Repository/AdminSuiteBootstrap_Pages/VSP_Bootstrap/VSP_Authcap/select_UDF6'  using regular expression

2023-02-22 18:50:32 - [MESSAGE][PASSED] - Text 'Kolkata' is set on object 'Object Repository/AdminSuiteBootstrap_Pages/VSP_Bootstrap/VSP_Authcap/input_userDefined7'

2023-02-22 18:50:33 - [MESSAGE][PASSED] - Text 'Pune' is set on object 'Object Repository/AdminSuiteBootstrap_Pages/VSP_Bootstrap/VSP_Authcap/input_userDefined8'

2023-02-22 18:50:34 - [MESSAGE][PASSED] - Text 'Bhavnagar' is set on object 'Object Repository/AdminSuiteBootstrap_Pages/VSP_Bootstrap/VSP_Authcap/input_userDefined9'

2023-02-22 18:50:35 - [MESSAGE][PASSED] - Text 'Noida' is set on object 'Object Repository/AdminSuiteBootstrap_Pages/VSP_Bootstrap/VSP_Authcap/input_userDefined10'

2023-02-22 18:50:37 - [MESSAGE][PASSED] - Object: 'Object Repository/AdminSuiteBootstrap_Pages/VSP_Bootstrap/VSP_Authcap/button_Submit' is clicked on

2023-02-22 18:50:37 - [MESSAGE][PASSED] - vspBootstrap.SalePage.setDataSaleAndAuth is PASSED

2023-02-22 18:50:37 - [TEST_STEP][PASSED] - verifyTextPresent("Transaction Successful", true): Text 'Transaction Successful' is present on page  using regular expression

2023-02-22 18:50:38 - [MESSAGE][PASSED] - Text 'Transaction Successful' is present on page  using regular expression

2023-02-22 18:50:38 - [TEST_STEP][PASSED] - verifyElementVisible(findTestObject("Object Repository/AdminSuiteBootstrap_Pages/VT_Bootstrap/Receipt/button_Continue")): Object 'Object Repository/AdminSuiteBootstrap_Pages/VT_Bootstrap/Receipt/button_Continue' is visible

2023-02-22 18:50:38 - [MESSAGE][PASSED] - Object 'Object Repository/AdminSuiteBootstrap_Pages/VT_Bootstrap/Receipt/button_Continue' is visible

2023-02-22 18:50:38 - [TEST_STEP][PASSED] - verifyElementPresent(findTestObject("Object Repository/AdminSuiteBootstrap_Pages/VT_Bootstrap/Receipt/button_Continue"), 20): Object 'Object Repository/AdminSuiteBootstrap_Pages/VT_Bootstrap/Receipt/button_Continue' is present

2023-02-22 18:50:38 - [MESSAGE][PASSED] - Object 'Object Repository/AdminSuiteBootstrap_Pages/VT_Bootstrap/Receipt/button_Continue' is present

2023-02-22 18:50:38 - [TEST_STEP][PASSED] - verifyElementVisible(findTestObject("Object Repository/AdminSuiteBootstrap_Pages/VT_Bootstrap/Receipt/button_Print")): Object 'Object Repository/AdminSuiteBootstrap_Pages/VT_Bootstrap/Receipt/button_Print' is visible

2023-02-22 18:50:38 - [MESSAGE][PASSED] - Object 'Object Repository/AdminSuiteBootstrap_Pages/VT_Bootstrap/Receipt/button_Print' is visible

2023-02-22 18:50:38 - [TEST_STEP][PASSED] - verifyElementPresent(findTestObject("Object Repository/AdminSuiteBootstrap_Pages/VT_Bootstrap/Receipt/button_Print"), 20): Object 'Object Repository/AdminSuiteBootstrap_Pages/VT_Bootstrap/Receipt/button_Print' is present

2023-02-22 18:50:39 - [MESSAGE][PASSED] - Object 'Object Repository/AdminSuiteBootstrap_Pages/VT_Bootstrap/Receipt/button_Print' is present

2023-02-22 18:50:39 - [TEST_STEP][PASSED] - verifyTextPresent("Remittance ID", true): Text 'Remittance ID' is present on page  using regular expression

2023-02-22 18:50:39 - [MESSAGE][PASSED] - Text 'Remittance ID' is present on page  using regular expression

2023-02-22 18:50:39 - [TEST_STEP][PASSED] - verifyTextPresent("Received", true): Text 'Received' is present on page  using regular expression

2023-02-22 18:50:39 - [MESSAGE][PASSED] - Text 'Received' is present on page  using regular expression

2023-02-22 18:50:39 - [TEST_STEP][PASSED] - verifyTextPresent("UDF1", true): Text 'UDF1' is present on page  using regular expression

2023-02-22 18:50:40 - [MESSAGE][PASSED] - Text 'UDF1' is present on page  using regular expression

2023-02-22 18:50:40 - [TEST_STEP][PASSED] - verifyTextPresent("UDF2", true): Text 'UDF2' is present on page  using regular expression

2023-02-22 18:50:40 - [MESSAGE][PASSED] - Text 'UDF2' is present on page  using regular expression

2023-02-22 18:50:40 - [TEST_STEP][PASSED] - verifyTextPresent("UDF3", true): Text 'UDF3' is present on page  using regular expression

2023-02-22 18:50:40 - [MESSAGE][PASSED] - Text 'UDF3' is present on page  using regular expression

2023-02-22 18:50:40 - [TEST_STEP][PASSED] - verifyTextPresent("UDF4", true): Text 'UDF4' is present on page  using regular expression

2023-02-22 18:50:41 - [MESSAGE][PASSED] - Text 'UDF4' is present on page  using regular expression

2023-02-22 18:50:41 - [TEST_STEP][PASSED] - verifyTextPresent("UDF5", true): Text 'UDF5' is present on page  using regular expression

2023-02-22 18:50:41 - [MESSAGE][PASSED] - Text 'UDF5' is present on page  using regular expression

2023-02-22 18:50:41 - [TEST_STEP][PASSED] - verifyTextPresent("UDF6", true): Text 'UDF6' is present on page  using regular expression

2023-02-22 18:50:41 - [MESSAGE][PASSED] - Text 'UDF6' is present on page  using regular expression

2023-02-22 18:50:41 - [TEST_STEP][PASSED] - verifyTextPresent("UDF7", true): Text 'UDF7' is present on page  using regular expression

2023-02-22 18:50:42 - [MESSAGE][PASSED] - Text 'UDF7' is present on page  using regular expression

2023-02-22 18:50:42 - [TEST_STEP][PASSED] - verifyTextPresent("UDF8", true): Text 'UDF8' is present on page  using regular expression

2023-02-22 18:50:42 - [MESSAGE][PASSED] - Text 'UDF8' is present on page  using regular expression

2023-02-22 18:50:42 - [TEST_STEP][PASSED] - verifyTextPresent("UDF9", true): Text 'UDF9' is present on page  using regular expression

2023-02-22 18:50:42 - [MESSAGE][PASSED] - Text 'UDF9' is present on page  using regular expression

2023-02-22 18:50:42 - [TEST_STEP][PASSED] - verifyTextPresent("UDF 10", true): Text 'UDF 10' is present on page  using regular expression

2023-02-22 18:50:43 - [MESSAGE][PASSED] - Text 'UDF 10' is present on page  using regular expression

2023-02-22 18:50:43 - [TEST_STEP][PASSED] - verifyTextPresent("Delhi", true): Text 'Delhi' is present on page  using regular expression

2023-02-22 18:50:43 - [MESSAGE][PASSED] - Text 'Delhi' is present on page  using regular expression

2023-02-22 18:50:43 - [TEST_STEP][PASSED] - verifyTextPresent("Chennai", true): Text 'Chennai' is present on page  using regular expression

2023-02-22 18:50:43 - [MESSAGE][PASSED] - Text 'Chennai' is present on page  using regular expression

2023-02-22 18:50:43 - [TEST_STEP][PASSED] - verifyTextPresent("Mumbai", true): Text 'Mumbai' is present on page  using regular expression

2023-02-22 18:50:44 - [MESSAGE][PASSED] - Text 'Mumbai' is present on page  using regular expression

2023-02-22 18:50:44 - [TEST_STEP][PASSED] - verifyTextPresent("Kanpur", true): Text 'Kanpur' is present on page  using regular expression

2023-02-22 18:50:44 - [MESSAGE][PASSED] - Text 'Kanpur' is present on page  using regular expression

2023-02-22 18:50:44 - [TEST_STEP][PASSED] - verifyTextPresent("Orange Recorded", true): Text 'Orange Recorded' is present on page  using regular expression

2023-02-22 18:50:44 - [MESSAGE][PASSED] - Text 'Orange Recorded' is present on page  using regular expression

2023-02-22 18:50:44 - [TEST_STEP][PASSED] - verifyTextPresent("Yellow Recorded", true): Text 'Yellow Recorded' is present on page  using regular expression

2023-02-22 18:50:45 - [MESSAGE][PASSED] - Text 'Yellow Recorded' is present on page  using regular expression

2023-02-22 18:50:45 - [TEST_STEP][PASSED] - verifyTextPresent("Kolkata", true): Text 'Kolkata' is present on page  using regular expression

2023-02-22 18:50:45 - [MESSAGE][PASSED] - Text 'Kolkata' is present on page  using regular expression

2023-02-22 18:50:45 - [TEST_STEP][PASSED] - verifyTextPresent("Pune", true): Text 'Pune' is present on page  using regular expression

2023-02-22 18:50:45 - [MESSAGE][PASSED] - Text 'Pune' is present on page  using regular expression

2023-02-22 18:50:45 - [TEST_STEP][PASSED] - verifyTextPresent("Bhavnagar", true): Text 'Bhavnagar' is present on page  using regular expression

2023-02-22 18:50:45 - [MESSAGE][PASSED] - Text 'Bhavnagar' is present on page  using regular expression

2023-02-22 18:50:45 - [TEST_STEP][PASSED] - verifyTextPresent("Noida", true): Text 'Noida' is present on page  using regular expression

2023-02-22 18:50:46 - [MESSAGE][PASSED] - Text 'Noida' is present on page  using regular expression

2023-02-22 18:50:46 - [TEST_STEP][PASSED] - verifyTextPresent("Amount", true): Text 'Amount' is present on page  using regular expression

2023-02-22 18:50:46 - [MESSAGE][PASSED] - Text 'Amount' is present on page  using regular expression

2023-02-22 18:50:46 - [TEST_STEP][PASSED] - verifyTextPresent("2.50", true): Text '2.50' is present on page  using regular expression

2023-02-22 18:50:46 - [MESSAGE][PASSED] - Text '2.50' is present on page  using regular expression

2023-02-22 18:50:46 - [TEST_STEP][PASSED] - verifyTextPresent("Authorization and Capture", true): Text 'Authorization and Capture' is present on page  using regular expression

2023-02-22 18:50:47 - [MESSAGE][PASSED] - Text 'Authorization and Capture' is present on page  using regular expression

2023-02-22 18:50:47 - [TEST_STEP][PASSED] - verifyTextPresent("Card Information", true): Text 'Card Information' is present on page  using regular expression

2023-02-22 18:50:47 - [MESSAGE][PASSED] - Text 'Card Information' is present on page  using regular expression

2023-02-22 18:50:47 - [TEST_STEP][PASSED] - verifyTextPresent("TANDON RAVENA", true): Text 'TANDON RAVENA' is present on page  using regular expression

2023-02-22 18:50:47 - [MESSAGE][PASSED] - Text 'TANDON RAVENA' is present on page  using regular expression

2023-02-22 18:50:47 - [TEST_STEP][PASSED] - verifyTextPresent("Address Line 1", true): Text 'Address Line 1' is present on page  using regular expression

2023-02-22 18:50:47 - [MESSAGE][PASSED] - Text 'Address Line 1' is present on page  using regular expression

2023-02-22 18:50:47 - [TEST_STEP][PASSED] - verifyTextPresent("Address Line 2", true): Text 'Address Line 2' is present on page  using regular expression

2023-02-22 18:50:48 - [MESSAGE][PASSED] - Text 'Address Line 2' is present on page  using regular expression

2023-02-22 18:50:48 - [TEST_STEP][PASSED] - verifyTextPresent("Country", true): Text 'Country' is present on page  using regular expression

2023-02-22 18:50:48 - [MESSAGE][PASSED] - Text 'Country' is present on page  using regular expression

2023-02-22 18:50:48 - [TEST_STEP][PASSED] - verifyTextPresent("City", true): Text 'City' is present on page  using regular expression

2023-02-22 18:50:48 - [MESSAGE][PASSED] - Text 'City' is present on page  using regular expression

2023-02-22 18:50:48 - [TEST_STEP][PASSED] - verifyTextPresent("State", true): Text 'State' is present on page  using regular expression

2023-02-22 18:50:49 - [MESSAGE][PASSED] - Text 'State' is present on page  using regular expression

2023-02-22 18:50:49 - [TEST_STEP][PASSED] - verifyTextPresent("ZIP Code", true): Text 'ZIP Code' is present on page  using regular expression

2023-02-22 18:50:49 - [MESSAGE][PASSED] - Text 'ZIP Code' is present on page  using regular expression

2023-02-22 18:50:49 - [TEST_STEP][PASSED] - verifyTextPresent("248 PhoolKaante road", true): Text '248 PhoolKaante road' is present on page  using regular expression

2023-02-22 18:50:49 - [MESSAGE][PASSED] - Text '248 PhoolKaante road' is present on page  using regular expression

2023-02-22 18:50:49 - [TEST_STEP][PASSED] - verifyTextPresent("Suite 678", true): Text 'Suite 678' is present on page  using regular expression

2023-02-22 18:50:50 - [MESSAGE][PASSED] - Text 'Suite 678' is present on page  using regular expression

2023-02-22 18:50:50 - [TEST_STEP][PASSED] - verifyTextPresent("United States", true): Text 'United States' is present on page  using regular expression

2023-02-22 18:50:50 - [MESSAGE][PASSED] - Text 'United States' is present on page  using regular expression

2023-02-22 18:50:50 - [TEST_STEP][PASSED] - verifyTextPresent("ARLINGTON", true): Text 'ARLINGTON' is present on page  using regular expression

2023-02-22 18:50:50 - [MESSAGE][PASSED] - Text 'ARLINGTON' is present on page  using regular expression

2023-02-22 18:50:50 - [TEST_STEP][PASSED] - verifyTextPresent("VA", true): Text 'VA' is present on page  using regular expression

2023-02-22 18:50:51 - [MESSAGE][PASSED] - Text 'VA' is present on page  using regular expression

2023-02-22 18:50:51 - [TEST_STEP][PASSED] - verifyTextPresent("22201", true): Text '22201' is present on page  using regular expression

2023-02-22 18:50:51 - [MESSAGE][PASSED] - Text '22201' is present on page  using regular expression

2023-02-22 18:50:51 - [TEST_STEP][PASSED] - cardTypeV = findTestData(dataFile).getValue("CardType", row): null

2023-02-22 18:50:51 - [TEST_STEP][PASSED] - last4V = findTestData(dataFile).getValue("Last4", row): null

2023-02-22 18:50:51 - [TEST_STEP][PASSED] - verifyTextPresent(cardTypeV, true): Text 'MasterCard' is present on page  using regular expression

2023-02-22 18:50:51 - [MESSAGE][PASSED] - Text 'MasterCard' is present on page  using regular expression

2023-02-22 18:50:51 - [TEST_STEP][PASSED] - verifyTextPresent(last4V, true): Text '0035' is present on page  using regular expression

2023-02-22 18:50:52 - [MESSAGE][PASSED] - Text '0035' is present on page  using regular expression

2023-02-22 18:50:52 - [TEST_STEP][PASSED] - switch (appName): null

2023-02-22 18:50:52 - [TEST_STEP][PASSED] - case "a_Access AutoDualCFtpQA":: null

2023-02-22 18:50:52 - [TEST_STEP][PASSED] - verifyTextPresent("5.00", true): Text '5.00' is present on page  using regular expression

2023-02-22 18:50:52 - [MESSAGE][PASSED] - Text '5.00' is present on page  using regular expression

2023-02-22 18:50:52 - [TEST_STEP][PASSED] - verifyTextPresent("Dual Transaction", true): Text 'Dual Transaction' is present on page  using regular expression

2023-02-22 18:50:52 - [MESSAGE][PASSED] - Text 'Dual Transaction' is present on page  using regular expression

2023-02-22 18:50:52 - [TEST_STEP][PASSED] - verifyTextPresent("7.50", true): Text '7.50' is present on page  using regular expression

2023-02-22 18:50:53 - [MESSAGE][PASSED] - Text '7.50' is present on page  using regular expression

2023-02-22 18:50:53 - [TEST_STEP][PASSED] - verifyTextPresent("Total Amount", true): Text 'Total Amount' is present on page  using regular expression

2023-02-22 18:50:53 - [MESSAGE][PASSED] - Text 'Total Amount' is present on page  using regular expression

2023-02-22 18:50:53 - [TEST_STEP][PASSED] - verifyTextPresent("Transaction Type", true): Text 'Transaction Type' is present on page  using regular expression

2023-02-22 18:50:53 - [MESSAGE][PASSED] - Text 'Transaction Type' is present on page  using regular expression

2023-02-22 18:50:53 - [TEST_STEP][PASSED] - break: null

2023-02-22 18:50:53 - [TEST_STEP][PASSED] - closeBrowser(): Browser is closed

2023-02-22 18:50:54 - [MESSAGE][PASSED] - Browser is closed

2023-02-22 18:50:54 - [TEST_STEP][PASSED] - ExecuteTC = findTestData(dataFile).getValue("Execute", row): null

2023-02-22 18:50:54 - [TEST_STEP][PASSED] - out.println("Value of Execute is : " + ExecuteTC): null

2023-02-22 18:50:54 - [TEST_STEP][PASSED] - switch (executionProfile): null

2023-02-22 18:50:54 - [TEST_STEP][PASSED] - case "QAProfile":: null

2023-02-22 18:50:54 - [TEST_STEP][PASSED] - appName = findTestData(dataFile).getValue("AppNameQA", row): null

2023-02-22 18:50:54 - [TEST_STEP][PASSED] - appID = findTestData(dataFile).getValue("AppIDQA", row): null

2023-02-22 18:50:54 - [TEST_STEP][PASSED] - break: null

2023-02-22 18:50:54 - [TEST_STEP][PASSED] - if (ExecuteTC.equalsIgnoreCase("Y")): null

2023-02-22 18:50:54 - [TEST_STEP][PASSED] - out.println("Begin Record Number: " + row): null

2023-02-22 18:50:54 - [TEST_STEP][PASSED] - today = new java.util.Date(): null

2023-02-22 18:50:54 - [TEST_STEP][PASSED] - println(today): null

2023-02-22 18:50:54 - [TEST_STEP][PASSED] - datText = today: null

2023-02-22 18:50:54 - [TEST_STEP][PASSED] - adminSuiteBootstrap.loginFunctionality.login_AdminSuite(): adminSuiteBootstrap.loginFunctionality.login_AdminSuite is PASSED

2023-02-22 18:50:54 - [MESSAGE][INFO] - Starting 'Chrome' driver

2023-02-22 18:50:54 - [MESSAGE][INFO] - User set preference: ['acceptInsecureCerts', 'true']

2023-02-22 18:50:54 - [MESSAGE][INFO] - Action delay is set to 0 milliseconds

2023-02-22 18:50:57 - [MESSAGE][PASSED] - Browser is opened with url: 'https://qa.velocitypayment.com/admin/imtiaz'

2023-02-22 18:50:57 - [MESSAGE][PASSED] - Current window maximized

2023-02-22 18:50:57 - [MESSAGE][PASSED] - Object 'Object Repository/Login_Page/Login_Username' is present

2023-02-22 18:50:58 - [MESSAGE][PASSED] - Text 'iahmed' is set on object 'Object Repository/Login_Page/Login_Username'

2023-02-22 18:50:59 - [MESSAGE][PASSED] - Text 'hello2222' is set on object 'Object Repository/Login_Page/Login_Password'

2023-02-22 18:51:02 - [MESSAGE][PASSED] - Object: 'Object Repository/Login_Page/Login_Submit' is clicked on

2023-02-22 18:51:02 - [MESSAGE][PASSED] - adminSuiteBootstrap.loginFunctionality.login_AdminSuite is PASSED

2023-02-22 18:51:02 - [TEST_STEP][PASSED] - click(findTestObject(path_Dashboard + appName)): Object: 'Object Repository/AdminSuiteBootstrap_Pages/Dashboard_Bootstrap/a_Access AutoDualCFtpQA' is clicked on

2023-02-22 18:51:03 - [MESSAGE][PASSED] - Object: 'Object Repository/AdminSuiteBootstrap_Pages/Dashboard_Bootstrap/a_Access AutoDualCFtpQA' is clicked on

2023-02-22 18:51:03 - [TEST_STEP][PASSED] - click(findTestObject(path_VT + "a_Find Profile")): Object: 'Object Repository/AdminSuiteBootstrap_Pages/VT_Bootstrap/IssueTransactions/a_Find Profile' is clicked on

2023-02-22 18:51:03 - [MESSAGE][PASSED] - Object: 'Object Repository/AdminSuiteBootstrap_Pages/VT_Bootstrap/IssueTransactions/a_Find Profile' is clicked on

2023-02-22 18:51:03 - [TEST_STEP][PASSED] - criteria = <not implemented yet for class: org.codehaus.groovy.ast.expr.EmptyExpression>: null

2023-02-22 18:51:03 - [TEST_STEP][PASSED] - searchBy = <not implemented yet for class: org.codehaus.groovy.ast.expr.EmptyExpression>: null

2023-02-22 18:51:03 - [TEST_STEP][PASSED] - criteria = findTestData(dataFile).getValue("ProfileName", row): null

2023-02-22 18:51:03 - [TEST_STEP][PASSED] - path_SearchProfile = "Object Repository/AdminSuiteBootstrap_Pages/VSP_Bootstrap/SearchProfile/": null

2023-02-22 18:51:03 - [TEST_STEP][PASSED] - setText(findTestObject(path_SearchProfile + "input_Criteria"), criteria): Text 'PaymentsAmEx' is set on object 'Object Repository/AdminSuiteBootstrap_Pages/VSP_Bootstrap/SearchProfile/input_Criteria'

2023-02-22 18:51:04 - [MESSAGE][PASSED] - Text 'PaymentsAmEx' is set on object 'Object Repository/AdminSuiteBootstrap_Pages/VSP_Bootstrap/SearchProfile/input_Criteria'

2023-02-22 18:51:04 - [TEST_STEP][PASSED] - click(findTestObject(path_SearchProfile + "button_Search")): Object: 'Object Repository/AdminSuiteBootstrap_Pages/VSP_Bootstrap/SearchProfile/button_Search' is clicked on

2023-02-22 18:51:05 - [MESSAGE][PASSED] - Object: 'Object Repository/AdminSuiteBootstrap_Pages/VSP_Bootstrap/SearchProfile/button_Search' is clicked on

2023-02-22 18:51:05 - [TEST_STEP][PASSED] - profNameLink = findTestData(dataFile).getValue("ProfileNameLink", row): null

2023-02-22 18:51:05 - [TEST_STEP][PASSED] - click(findTestObject(path_ViewProfile + profNameLink)): Object: 'Object Repository/AdminSuiteBootstrap_Pages/VSP_Bootstrap/View Profile/a_PaymentsAmEx' is clicked on

2023-02-22 18:51:06 - [MESSAGE][PASSED] - Object: 'Object Repository/AdminSuiteBootstrap_Pages/VSP_Bootstrap/View Profile/a_PaymentsAmEx' is clicked on

2023-02-22 18:51:06 - [TEST_STEP][PASSED] - click(findTestObject(path_ViewProfile + "a_AuthCap")): Object: 'Object Repository/AdminSuiteBootstrap_Pages/VSP_Bootstrap/View Profile/a_AuthCap' is clicked on

2023-02-22 18:51:07 - [MESSAGE][PASSED] - Object: 'Object Repository/AdminSuiteBootstrap_Pages/VSP_Bootstrap/View Profile/a_AuthCap' is clicked on

2023-02-22 18:51:07 - [TEST_STEP][PASSED] - verifyTextPresent("Credit Card Authorization Capture", true): Text 'Credit Card Authorization Capture' is present on page  using regular expression

2023-02-22 18:51:08 - [MESSAGE][PASSED] - Text 'Credit Card Authorization Capture' is present on page  using regular expression

2023-02-22 18:51:08 - [TEST_STEP][PASSED] - verifyTextPresent("Sale", true): Text 'Sale' is present on page  using regular expression

2023-02-22 18:51:09 - [MESSAGE][PASSED] - Text 'Sale' is present on page  using regular expression

2023-02-22 18:51:09 - [TEST_STEP][PASSED] - verifyTextPresent("Required fields are highlighted with an asterisk", true): Text 'Required fields are highlighted with an asterisk' is present on page  using regular expression

2023-02-22 18:51:09 - [MESSAGE][PASSED] - Text 'Required fields are highlighted with an asterisk' is present on page  using regular expression

2023-02-22 18:51:09 - [TEST_STEP][PASSED] - verifyTextPresent("Remittance ID", true): Text 'Remittance ID' is present on page  using regular expression

2023-02-22 18:51:09 - [MESSAGE][PASSED] - Text 'Remittance ID' is present on page  using regular expression

2023-02-22 18:51:09 - [TEST_STEP][PASSED] - vspBootstrap.SalePage.setDataSaleAndAuth(row, dataFile): vspBootstrap.SalePage.setDataSaleAndAuth is PASSED

2023-02-22 18:51:11 - [MESSAGE][PASSED] - All options with value 'RETL' are selected in object 'Object Repository/AdminSuiteBootstrap_Pages/VSP_Bootstrap/VSP_Authcap/select_TransactionCategory'  using regular expression

2023-02-22 18:51:11 - [MESSAGE][PASSED] - Text '1234' is set on object 'Object Repository/AdminSuiteBootstrap_Pages/VSP_Bootstrap/VSP_Authcap/input_cvv'

2023-02-22 18:51:12 - [MESSAGE][PASSED] - Text '' is set on object 'Object Repository/AdminSuiteBootstrap_Pages/VSP_Bootstrap/VSP_Authcap/input_smsNumber'

2023-02-22 18:51:13 - [MESSAGE][PASSED] - Text '2.50' is set on object 'Object Repository/AdminSuiteBootstrap_Pages/VSP_Bootstrap/VSP_Authcap/input_amount'

2023-02-22 18:51:14 - [MESSAGE][PASSED] - Text 'Delhi' is set on object 'Object Repository/AdminSuiteBootstrap_Pages/VSP_Bootstrap/VSP_Authcap/input_userDefined1'

2023-02-22 18:51:15 - [MESSAGE][PASSED] - Text 'Chennai' is set on object 'Object Repository/AdminSuiteBootstrap_Pages/VSP_Bootstrap/VSP_Authcap/input_userDefined2'

2023-02-22 18:51:15 - [MESSAGE][PASSED] - Text 'Mumbai' is set on object 'Object Repository/AdminSuiteBootstrap_Pages/VSP_Bootstrap/VSP_Authcap/input_userDefined3'

2023-02-22 18:51:16 - [MESSAGE][PASSED] - Text 'Kanpur' is set on object 'Object Repository/AdminSuiteBootstrap_Pages/VSP_Bootstrap/VSP_Authcap/input_userDefined4'

2023-02-22 18:51:17 - [MESSAGE][PASSED] - All options with label 'Orange' are selected in object 'Object Repository/AdminSuiteBootstrap_Pages/VSP_Bootstrap/VSP_Authcap/select_UDF5'  using regular expression

2023-02-22 18:51:18 - [MESSAGE][PASSED] - All options with label 'Yellow' are selected in object 'Object Repository/AdminSuiteBootstrap_Pages/VSP_Bootstrap/VSP_Authcap/select_UDF6'  using regular expression

2023-02-22 18:51:19 - [MESSAGE][PASSED] - Text 'Kolkata' is set on object 'Object Repository/AdminSuiteBootstrap_Pages/VSP_Bootstrap/VSP_Authcap/input_userDefined7'

2023-02-22 18:51:19 - [MESSAGE][PASSED] - Text 'Pune' is set on object 'Object Repository/AdminSuiteBootstrap_Pages/VSP_Bootstrap/VSP_Authcap/input_userDefined8'

2023-02-22 18:51:20 - [MESSAGE][PASSED] - Text 'Bhavnagar' is set on object 'Object Repository/AdminSuiteBootstrap_Pages/VSP_Bootstrap/VSP_Authcap/input_userDefined9'

2023-02-22 18:51:21 - [MESSAGE][PASSED] - Text 'Noida' is set on object 'Object Repository/AdminSuiteBootstrap_Pages/VSP_Bootstrap/VSP_Authcap/input_userDefined10'

2023-02-22 18:51:23 - [MESSAGE][PASSED] - Object: 'Object Repository/AdminSuiteBootstrap_Pages/VSP_Bootstrap/VSP_Authcap/button_Submit' is clicked on

2023-02-22 18:51:23 - [MESSAGE][PASSED] - vspBootstrap.SalePage.setDataSaleAndAuth is PASSED

2023-02-22 18:51:23 - [TEST_STEP][PASSED] - verifyTextPresent("Transaction Successful", true): Text 'Transaction Successful' is present on page  using regular expression

2023-02-22 18:51:24 - [MESSAGE][PASSED] - Text 'Transaction Successful' is present on page  using regular expression

2023-02-22 18:51:24 - [TEST_STEP][PASSED] - verifyElementVisible(findTestObject("Object Repository/AdminSuiteBootstrap_Pages/VT_Bootstrap/Receipt/button_Continue")): Object 'Object Repository/AdminSuiteBootstrap_Pages/VT_Bootstrap/Receipt/button_Continue' is visible

2023-02-22 18:51:24 - [MESSAGE][PASSED] - Object 'Object Repository/AdminSuiteBootstrap_Pages/VT_Bootstrap/Receipt/button_Continue' is visible

2023-02-22 18:51:24 - [TEST_STEP][PASSED] - verifyElementPresent(findTestObject("Object Repository/AdminSuiteBootstrap_Pages/VT_Bootstrap/Receipt/button_Continue"), 20): Object 'Object Repository/AdminSuiteBootstrap_Pages/VT_Bootstrap/Receipt/button_Continue' is present

2023-02-22 18:51:25 - [MESSAGE][PASSED] - Object 'Object Repository/AdminSuiteBootstrap_Pages/VT_Bootstrap/Receipt/button_Continue' is present

2023-02-22 18:51:25 - [TEST_STEP][PASSED] - verifyElementVisible(findTestObject("Object Repository/AdminSuiteBootstrap_Pages/VT_Bootstrap/Receipt/button_Print")): Object 'Object Repository/AdminSuiteBootstrap_Pages/VT_Bootstrap/Receipt/button_Print' is visible

2023-02-22 18:51:25 - [MESSAGE][PASSED] - Object 'Object Repository/AdminSuiteBootstrap_Pages/VT_Bootstrap/Receipt/button_Print' is visible

2023-02-22 18:51:25 - [TEST_STEP][PASSED] - verifyElementPresent(findTestObject("Object Repository/AdminSuiteBootstrap_Pages/VT_Bootstrap/Receipt/button_Print"), 20): Object 'Object Repository/AdminSuiteBootstrap_Pages/VT_Bootstrap/Receipt/button_Print' is present

2023-02-22 18:51:25 - [MESSAGE][PASSED] - Object 'Object Repository/AdminSuiteBootstrap_Pages/VT_Bootstrap/Receipt/button_Print' is present

2023-02-22 18:51:25 - [TEST_STEP][PASSED] - verifyTextPresent("Remittance ID", true): Text 'Remittance ID' is present on page  using regular expression

2023-02-22 18:51:26 - [MESSAGE][PASSED] - Text 'Remittance ID' is present on page  using regular expression

2023-02-22 18:51:26 - [TEST_STEP][PASSED] - verifyTextPresent("Received", true): Text 'Received' is present on page  using regular expression

2023-02-22 18:51:26 - [MESSAGE][PASSED] - Text 'Received' is present on page  using regular expression

2023-02-22 18:51:26 - [TEST_STEP][PASSED] - verifyTextPresent("UDF1", true): Text 'UDF1' is present on page  using regular expression

2023-02-22 18:51:26 - [MESSAGE][PASSED] - Text 'UDF1' is present on page  using regular expression

2023-02-22 18:51:26 - [TEST_STEP][PASSED] - verifyTextPresent("UDF2", true): Text 'UDF2' is present on page  using regular expression

2023-02-22 18:51:27 - [MESSAGE][PASSED] - Text 'UDF2' is present on page  using regular expression

2023-02-22 18:51:27 - [TEST_STEP][PASSED] - verifyTextPresent("UDF3", true): Text 'UDF3' is present on page  using regular expression

2023-02-22 18:51:27 - [MESSAGE][PASSED] - Text 'UDF3' is present on page  using regular expression

2023-02-22 18:51:27 - [TEST_STEP][PASSED] - verifyTextPresent("UDF4", true): Text 'UDF4' is present on page  using regular expression

2023-02-22 18:51:27 - [MESSAGE][PASSED] - Text 'UDF4' is present on page  using regular expression

2023-02-22 18:51:27 - [TEST_STEP][PASSED] - verifyTextPresent("UDF5", true): Text 'UDF5' is present on page  using regular expression

2023-02-22 18:51:28 - [MESSAGE][PASSED] - Text 'UDF5' is present on page  using regular expression

2023-02-22 18:51:28 - [TEST_STEP][PASSED] - verifyTextPresent("UDF6", true): Text 'UDF6' is present on page  using regular expression

2023-02-22 18:51:28 - [MESSAGE][PASSED] - Text 'UDF6' is present on page  using regular expression

2023-02-22 18:51:28 - [TEST_STEP][PASSED] - verifyTextPresent("UDF7", true): Text 'UDF7' is present on page  using regular expression

2023-02-22 18:51:28 - [MESSAGE][PASSED] - Text 'UDF7' is present on page  using regular expression

2023-02-22 18:51:28 - [TEST_STEP][PASSED] - verifyTextPresent("UDF8", true): Text 'UDF8' is present on page  using regular expression

2023-02-22 18:51:29 - [MESSAGE][PASSED] - Text 'UDF8' is present on page  using regular expression

2023-02-22 18:51:29 - [TEST_STEP][PASSED] - verifyTextPresent("UDF9", true): Text 'UDF9' is present on page  using regular expression

2023-02-22 18:51:29 - [MESSAGE][PASSED] - Text 'UDF9' is present on page  using regular expression

2023-02-22 18:51:29 - [TEST_STEP][PASSED] - verifyTextPresent("UDF 10", true): Text 'UDF 10' is present on page  using regular expression

2023-02-22 18:51:29 - [MESSAGE][PASSED] - Text 'UDF 10' is present on page  using regular expression

2023-02-22 18:51:29 - [TEST_STEP][PASSED] - verifyTextPresent("Delhi", true): Text 'Delhi' is present on page  using regular expression

2023-02-22 18:51:30 - [MESSAGE][PASSED] - Text 'Delhi' is present on page  using regular expression

2023-02-22 18:51:30 - [TEST_STEP][PASSED] - verifyTextPresent("Chennai", true): Text 'Chennai' is present on page  using regular expression

2023-02-22 18:51:30 - [MESSAGE][PASSED] - Text 'Chennai' is present on page  using regular expression

2023-02-22 18:51:30 - [TEST_STEP][PASSED] - verifyTextPresent("Mumbai", true): Text 'Mumbai' is present on page  using regular expression

2023-02-22 18:51:30 - [MESSAGE][PASSED] - Text 'Mumbai' is present on page  using regular expression

2023-02-22 18:51:30 - [TEST_STEP][PASSED] - verifyTextPresent("Kanpur", true): Text 'Kanpur' is present on page  using regular expression

2023-02-22 18:51:31 - [MESSAGE][PASSED] - Text 'Kanpur' is present on page  using regular expression

2023-02-22 18:51:31 - [TEST_STEP][PASSED] - verifyTextPresent("Orange Recorded", true): Text 'Orange Recorded' is present on page  using regular expression

2023-02-22 18:51:31 - [MESSAGE][PASSED] - Text 'Orange Recorded' is present on page  using regular expression

2023-02-22 18:51:31 - [TEST_STEP][PASSED] - verifyTextPresent("Yellow Recorded", true): Text 'Yellow Recorded' is present on page  using regular expression

2023-02-22 18:51:31 - [MESSAGE][PASSED] - Text 'Yellow Recorded' is present on page  using regular expression

2023-02-22 18:51:31 - [TEST_STEP][PASSED] - verifyTextPresent("Kolkata", true): Text 'Kolkata' is present on page  using regular expression

2023-02-22 18:51:32 - [MESSAGE][PASSED] - Text 'Kolkata' is present on page  using regular expression

2023-02-22 18:51:32 - [TEST_STEP][PASSED] - verifyTextPresent("Pune", true): Text 'Pune' is present on page  using regular expression

2023-02-22 18:51:32 - [MESSAGE][PASSED] - Text 'Pune' is present on page  using regular expression

2023-02-22 18:51:32 - [TEST_STEP][PASSED] - verifyTextPresent("Bhavnagar", true): Text 'Bhavnagar' is present on page  using regular expression

2023-02-22 18:51:32 - [MESSAGE][PASSED] - Text 'Bhavnagar' is present on page  using regular expression

2023-02-22 18:51:32 - [TEST_STEP][PASSED] - verifyTextPresent("Noida", true): Text 'Noida' is present on page  using regular expression

2023-02-22 18:51:33 - [MESSAGE][PASSED] - Text 'Noida' is present on page  using regular expression

2023-02-22 18:51:33 - [TEST_STEP][PASSED] - verifyTextPresent("Amount", true): Text 'Amount' is present on page  using regular expression

2023-02-22 18:51:33 - [MESSAGE][PASSED] - Text 'Amount' is present on page  using regular expression

2023-02-22 18:51:33 - [TEST_STEP][PASSED] - verifyTextPresent("2.50", true): Text '2.50' is present on page  using regular expression

2023-02-22 18:51:33 - [MESSAGE][PASSED] - Text '2.50' is present on page  using regular expression

2023-02-22 18:51:33 - [TEST_STEP][PASSED] - verifyTextPresent("Authorization and Capture", true): Text 'Authorization and Capture' is present on page  using regular expression

2023-02-22 18:51:34 - [MESSAGE][PASSED] - Text 'Authorization and Capture' is present on page  using regular expression

2023-02-22 18:51:34 - [TEST_STEP][PASSED] - verifyTextPresent("Card Information", true): Text 'Card Information' is present on page  using regular expression

2023-02-22 18:51:34 - [MESSAGE][PASSED] - Text 'Card Information' is present on page  using regular expression

2023-02-22 18:51:34 - [TEST_STEP][PASSED] - verifyTextPresent("TANDON RAVENA", true): Text 'TANDON RAVENA' is present on page  using regular expression

2023-02-22 18:51:34 - [MESSAGE][PASSED] - Text 'TANDON RAVENA' is present on page  using regular expression

2023-02-22 18:51:34 - [TEST_STEP][PASSED] - verifyTextPresent("Address Line 1", true): Text 'Address Line 1' is present on page  using regular expression

2023-02-22 18:51:35 - [MESSAGE][PASSED] - Text 'Address Line 1' is present on page  using regular expression

2023-02-22 18:51:35 - [TEST_STEP][PASSED] - verifyTextPresent("Address Line 2", true): Text 'Address Line 2' is present on page  using regular expression

2023-02-22 18:51:35 - [MESSAGE][PASSED] - Text 'Address Line 2' is present on page  using regular expression

2023-02-22 18:51:35 - [TEST_STEP][PASSED] - verifyTextPresent("Country", true): Text 'Country' is present on page  using regular expression

2023-02-22 18:51:35 - [MESSAGE][PASSED] - Text 'Country' is present on page  using regular expression

2023-02-22 18:51:35 - [TEST_STEP][PASSED] - verifyTextPresent("City", true): Text 'City' is present on page  using regular expression

2023-02-22 18:51:36 - [MESSAGE][PASSED] - Text 'City' is present on page  using regular expression

2023-02-22 18:51:36 - [TEST_STEP][PASSED] - verifyTextPresent("State", true): Text 'State' is present on page  using regular expression

2023-02-22 18:51:36 - [MESSAGE][PASSED] - Text 'State' is present on page  using regular expression

2023-02-22 18:51:36 - [TEST_STEP][PASSED] - verifyTextPresent("ZIP Code", true): Text 'ZIP Code' is present on page  using regular expression

2023-02-22 18:51:36 - [MESSAGE][PASSED] - Text 'ZIP Code' is present on page  using regular expression

2023-02-22 18:51:36 - [TEST_STEP][PASSED] - verifyTextPresent("248 PhoolKaante road", true): Text '248 PhoolKaante road' is present on page  using regular expression

2023-02-22 18:51:37 - [MESSAGE][PASSED] - Text '248 PhoolKaante road' is present on page  using regular expression

2023-02-22 18:51:37 - [TEST_STEP][PASSED] - verifyTextPresent("Suite 678", true): Text 'Suite 678' is present on page  using regular expression

2023-02-22 18:51:37 - [MESSAGE][PASSED] - Text 'Suite 678' is present on page  using regular expression

2023-02-22 18:51:37 - [TEST_STEP][PASSED] - verifyTextPresent("United States", true): Text 'United States' is present on page  using regular expression

2023-02-22 18:51:37 - [MESSAGE][PASSED] - Text 'United States' is present on page  using regular expression

2023-02-22 18:51:37 - [TEST_STEP][PASSED] - verifyTextPresent("ARLINGTON", true): Text 'ARLINGTON' is present on page  using regular expression

2023-02-22 18:51:38 - [MESSAGE][PASSED] - Text 'ARLINGTON' is present on page  using regular expression

2023-02-22 18:51:38 - [TEST_STEP][PASSED] - verifyTextPresent("VA", true): Text 'VA' is present on page  using regular expression

2023-02-22 18:51:38 - [MESSAGE][PASSED] - Text 'VA' is present on page  using regular expression

2023-02-22 18:51:38 - [TEST_STEP][PASSED] - verifyTextPresent("22201", true): Text '22201' is present on page  using regular expression

2023-02-22 18:51:38 - [MESSAGE][PASSED] - Text '22201' is present on page  using regular expression

2023-02-22 18:51:38 - [TEST_STEP][PASSED] - cardTypeV = findTestData(dataFile).getValue("CardType", row): null

2023-02-22 18:51:38 - [TEST_STEP][PASSED] - last4V = findTestData(dataFile).getValue("Last4", row): null

2023-02-22 18:51:38 - [TEST_STEP][PASSED] - verifyTextPresent(cardTypeV, true): Text 'American Express' is present on page  using regular expression

2023-02-22 18:51:39 - [MESSAGE][PASSED] - Text 'American Express' is present on page  using regular expression

2023-02-22 18:51:39 - [TEST_STEP][PASSED] - verifyTextPresent(last4V, true): Text '2376' is present on page  using regular expression

2023-02-22 18:51:39 - [MESSAGE][PASSED] - Text '2376' is present on page  using regular expression

2023-02-22 18:51:39 - [TEST_STEP][PASSED] - switch (appName): null

2023-02-22 18:51:39 - [TEST_STEP][PASSED] - case "a_Access AutoDualCFtpQA":: null

2023-02-22 18:51:39 - [TEST_STEP][PASSED] - verifyTextPresent("5.00", true): Text '5.00' is present on page  using regular expression

2023-02-22 18:51:39 - [MESSAGE][PASSED] - Text '5.00' is present on page  using regular expression

2023-02-22 18:51:39 - [TEST_STEP][PASSED] - verifyTextPresent("Dual Transaction", true): Text 'Dual Transaction' is present on page  using regular expression

2023-02-22 18:51:39 - [MESSAGE][PASSED] - Text 'Dual Transaction' is present on page  using regular expression

2023-02-22 18:51:39 - [TEST_STEP][PASSED] - verifyTextPresent("7.50", true): Text '7.50' is present on page  using regular expression

2023-02-22 18:51:40 - [MESSAGE][PASSED] - Text '7.50' is present on page  using regular expression

2023-02-22 18:51:40 - [TEST_STEP][PASSED] - verifyTextPresent("Total Amount", true): Text 'Total Amount' is present on page  using regular expression

2023-02-22 18:51:40 - [MESSAGE][PASSED] - Text 'Total Amount' is present on page  using regular expression

2023-02-22 18:51:40 - [TEST_STEP][PASSED] - verifyTextPresent("Transaction Type", true): Text 'Transaction Type' is present on page  using regular expression

2023-02-22 18:51:40 - [MESSAGE][PASSED] - Text 'Transaction Type' is present on page  using regular expression

2023-02-22 18:51:40 - [TEST_STEP][PASSED] - break: null

2023-02-22 18:51:40 - [TEST_STEP][PASSED] - closeBrowser(): Browser is closed

2023-02-22 18:51:41 - [MESSAGE][PASSED] - Browser is closed

2023-02-22 18:51:41 - [TEST_STEP][PASSED] - ExecuteTC = findTestData(dataFile).getValue("Execute", row): null

2023-02-22 18:51:41 - [TEST_STEP][PASSED] - out.println("Value of Execute is : " + ExecuteTC): null

2023-02-22 18:51:41 - [TEST_STEP][PASSED] - switch (executionProfile): null

2023-02-22 18:51:41 - [TEST_STEP][PASSED] - case "QAProfile":: null

2023-02-22 18:51:41 - [TEST_STEP][PASSED] - appName = findTestData(dataFile).getValue("AppNameQA", row): null

2023-02-22 18:51:41 - [TEST_STEP][PASSED] - appID = findTestData(dataFile).getValue("AppIDQA", row): null

2023-02-22 18:51:41 - [TEST_STEP][PASSED] - break: null

2023-02-22 18:51:41 - [TEST_STEP][PASSED] - if (ExecuteTC.equalsIgnoreCase("Y")): null

2023-02-22 18:51:41 - [TEST_STEP][PASSED] - out.println("Begin Record Number: " + row): null

2023-02-22 18:51:41 - [TEST_STEP][PASSED] - today = new java.util.Date(): null

2023-02-22 18:51:41 - [TEST_STEP][PASSED] - println(today): null

2023-02-22 18:51:41 - [TEST_STEP][PASSED] - datText = today: null

2023-02-22 18:51:41 - [TEST_STEP][PASSED] - adminSuiteBootstrap.loginFunctionality.login_AdminSuite(): adminSuiteBootstrap.loginFunctionality.login_AdminSuite is PASSED

2023-02-22 18:51:41 - [MESSAGE][INFO] - Starting 'Chrome' driver

2023-02-22 18:51:41 - [MESSAGE][INFO] - User set preference: ['acceptInsecureCerts', 'true']

2023-02-22 18:51:41 - [MESSAGE][INFO] - Action delay is set to 0 milliseconds

2023-02-22 18:51:44 - [MESSAGE][PASSED] - Browser is opened with url: 'https://qa.velocitypayment.com/admin/imtiaz'

2023-02-22 18:51:44 - [MESSAGE][PASSED] - Current window maximized

2023-02-22 18:51:44 - [MESSAGE][PASSED] - Object 'Object Repository/Login_Page/Login_Username' is present

2023-02-22 18:51:45 - [MESSAGE][PASSED] - Text 'iahmed' is set on object 'Object Repository/Login_Page/Login_Username'

2023-02-22 18:51:46 - [MESSAGE][PASSED] - Text 'hello2222' is set on object 'Object Repository/Login_Page/Login_Password'

2023-02-22 18:51:51 - [MESSAGE][PASSED] - Object: 'Object Repository/Login_Page/Login_Submit' is clicked on

2023-02-22 18:51:51 - [MESSAGE][PASSED] - adminSuiteBootstrap.loginFunctionality.login_AdminSuite is PASSED

2023-02-22 18:51:51 - [TEST_STEP][PASSED] - click(findTestObject(path_Dashboard + appName)): Object: 'Object Repository/AdminSuiteBootstrap_Pages/Dashboard_Bootstrap/a_Access AutoDualCFtpQA' is clicked on

2023-02-22 18:51:52 - [MESSAGE][PASSED] - Object: 'Object Repository/AdminSuiteBootstrap_Pages/Dashboard_Bootstrap/a_Access AutoDualCFtpQA' is clicked on

2023-02-22 18:51:52 - [TEST_STEP][PASSED] - click(findTestObject(path_VT + "a_Find Profile")): Object: 'Object Repository/AdminSuiteBootstrap_Pages/VT_Bootstrap/IssueTransactions/a_Find Profile' is clicked on

2023-02-22 18:51:53 - [MESSAGE][PASSED] - Object: 'Object Repository/AdminSuiteBootstrap_Pages/VT_Bootstrap/IssueTransactions/a_Find Profile' is clicked on

2023-02-22 18:51:53 - [TEST_STEP][PASSED] - criteria = <not implemented yet for class: org.codehaus.groovy.ast.expr.EmptyExpression>: null

2023-02-22 18:51:53 - [TEST_STEP][PASSED] - searchBy = <not implemented yet for class: org.codehaus.groovy.ast.expr.EmptyExpression>: null

2023-02-22 18:51:53 - [TEST_STEP][PASSED] - criteria = findTestData(dataFile).getValue("ProfileName", row): null

2023-02-22 18:51:53 - [TEST_STEP][PASSED] - path_SearchProfile = "Object Repository/AdminSuiteBootstrap_Pages/VSP_Bootstrap/SearchProfile/": null

2023-02-22 18:51:53 - [TEST_STEP][PASSED] - setText(findTestObject(path_SearchProfile + "input_Criteria"), criteria): Text 'PaymentsDI' is set on object 'Object Repository/AdminSuiteBootstrap_Pages/VSP_Bootstrap/SearchProfile/input_Criteria'

2023-02-22 18:51:53 - [MESSAGE][PASSED] - Text 'PaymentsDI' is set on object 'Object Repository/AdminSuiteBootstrap_Pages/VSP_Bootstrap/SearchProfile/input_Criteria'

2023-02-22 18:51:53 - [TEST_STEP][PASSED] - click(findTestObject(path_SearchProfile + "button_Search")): Object: 'Object Repository/AdminSuiteBootstrap_Pages/VSP_Bootstrap/SearchProfile/button_Search' is clicked on

2023-02-22 18:51:54 - [MESSAGE][PASSED] - Object: 'Object Repository/AdminSuiteBootstrap_Pages/VSP_Bootstrap/SearchProfile/button_Search' is clicked on

2023-02-22 18:51:54 - [TEST_STEP][PASSED] - profNameLink = findTestData(dataFile).getValue("ProfileNameLink", row): null

2023-02-22 18:51:55 - [TEST_STEP][PASSED] - click(findTestObject(path_ViewProfile + profNameLink)): Object: 'Object Repository/AdminSuiteBootstrap_Pages/VSP_Bootstrap/View Profile/a_PaymentsDI' is clicked on

2023-02-22 18:51:56 - [MESSAGE][PASSED] - Object: 'Object Repository/AdminSuiteBootstrap_Pages/VSP_Bootstrap/View Profile/a_PaymentsDI' is clicked on

2023-02-22 18:51:56 - [TEST_STEP][PASSED] - click(findTestObject(path_ViewProfile + "a_AuthCap")): Object: 'Object Repository/AdminSuiteBootstrap_Pages/VSP_Bootstrap/View Profile/a_AuthCap' is clicked on

2023-02-22 18:51:57 - [MESSAGE][PASSED] - Object: 'Object Repository/AdminSuiteBootstrap_Pages/VSP_Bootstrap/View Profile/a_AuthCap' is clicked on

2023-02-22 18:51:57 - [TEST_STEP][PASSED] - verifyTextPresent("Credit Card Authorization Capture", true): Text 'Credit Card Authorization Capture' is present on page  using regular expression

2023-02-22 18:51:58 - [MESSAGE][PASSED] - Text 'Credit Card Authorization Capture' is present on page  using regular expression

2023-02-22 18:51:58 - [TEST_STEP][PASSED] - verifyTextPresent("Sale", true): Text 'Sale' is present on page  using regular expression

2023-02-22 18:51:58 - [MESSAGE][PASSED] - Text 'Sale' is present on page  using regular expression

2023-02-22 18:51:58 - [TEST_STEP][PASSED] - verifyTextPresent("Required fields are highlighted with an asterisk", true): Text 'Required fields are highlighted with an asterisk' is present on page  using regular expression

2023-02-22 18:51:59 - [MESSAGE][PASSED] - Text 'Required fields are highlighted with an asterisk' is present on page  using regular expression

2023-02-22 18:51:59 - [TEST_STEP][PASSED] - verifyTextPresent("Remittance ID", true): Text 'Remittance ID' is present on page  using regular expression

2023-02-22 18:51:59 - [MESSAGE][PASSED] - Text 'Remittance ID' is present on page  using regular expression

2023-02-22 18:51:59 - [TEST_STEP][PASSED] - vspBootstrap.SalePage.setDataSaleAndAuth(row, dataFile): vspBootstrap.SalePage.setDataSaleAndAuth is PASSED

2023-02-22 18:52:01 - [MESSAGE][PASSED] - All options with value 'RETL' are selected in object 'Object Repository/AdminSuiteBootstrap_Pages/VSP_Bootstrap/VSP_Authcap/select_TransactionCategory'  using regular expression

2023-02-22 18:52:01 - [MESSAGE][PASSED] - Text '123' is set on object 'Object Repository/AdminSuiteBootstrap_Pages/VSP_Bootstrap/VSP_Authcap/input_cvv'

2023-02-22 18:52:02 - [MESSAGE][PASSED] - Text '' is set on object 'Object Repository/AdminSuiteBootstrap_Pages/VSP_Bootstrap/VSP_Authcap/input_smsNumber'

2023-02-22 18:52:03 - [MESSAGE][PASSED] - Text '2.50' is set on object 'Object Repository/AdminSuiteBootstrap_Pages/VSP_Bootstrap/VSP_Authcap/input_amount'

2023-02-22 18:52:04 - [MESSAGE][PASSED] - Text 'Delhi' is set on object 'Object Repository/AdminSuiteBootstrap_Pages/VSP_Bootstrap/VSP_Authcap/input_userDefined1'

2023-02-22 18:52:05 - [MESSAGE][PASSED] - Text 'Chennai' is set on object 'Object Repository/AdminSuiteBootstrap_Pages/VSP_Bootstrap/VSP_Authcap/input_userDefined2'

2023-02-22 18:52:05 - [MESSAGE][PASSED] - Text 'Mumbai' is set on object 'Object Repository/AdminSuiteBootstrap_Pages/VSP_Bootstrap/VSP_Authcap/input_userDefined3'

2023-02-22 18:52:06 - [MESSAGE][PASSED] - Text 'Kanpur' is set on object 'Object Repository/AdminSuiteBootstrap_Pages/VSP_Bootstrap/VSP_Authcap/input_userDefined4'

2023-02-22 18:52:07 - [MESSAGE][PASSED] - All options with label 'Orange' are selected in object 'Object Repository/AdminSuiteBootstrap_Pages/VSP_Bootstrap/VSP_Authcap/select_UDF5'  using regular expression

2023-02-22 18:52:08 - [MESSAGE][PASSED] - All options with label 'Yellow' are selected in object 'Object Repository/AdminSuiteBootstrap_Pages/VSP_Bootstrap/VSP_Authcap/select_UDF6'  using regular expression

2023-02-22 18:52:09 - [MESSAGE][PASSED] - Text 'Kolkata' is set on object 'Object Repository/AdminSuiteBootstrap_Pages/VSP_Bootstrap/VSP_Authcap/input_userDefined7'

2023-02-22 18:52:09 - [MESSAGE][PASSED] - Text 'Pune' is set on object 'Object Repository/AdminSuiteBootstrap_Pages/VSP_Bootstrap/VSP_Authcap/input_userDefined8'

2023-02-22 18:52:10 - [MESSAGE][PASSED] - Text 'Bhavnagar' is set on object 'Object Repository/AdminSuiteBootstrap_Pages/VSP_Bootstrap/VSP_Authcap/input_userDefined9'

2023-02-22 18:52:11 - [MESSAGE][PASSED] - Text 'Noida' is set on object 'Object Repository/AdminSuiteBootstrap_Pages/VSP_Bootstrap/VSP_Authcap/input_userDefined10'

2023-02-22 18:52:14 - [MESSAGE][PASSED] - Object: 'Object Repository/AdminSuiteBootstrap_Pages/VSP_Bootstrap/VSP_Authcap/button_Submit' is clicked on

2023-02-22 18:52:14 - [MESSAGE][PASSED] - vspBootstrap.SalePage.setDataSaleAndAuth is PASSED

2023-02-22 18:52:14 - [TEST_STEP][PASSED] - verifyTextPresent("Transaction Successful", true): Text 'Transaction Successful' is present on page  using regular expression

2023-02-22 18:52:14 - [MESSAGE][PASSED] - Text 'Transaction Successful' is present on page  using regular expression

2023-02-22 18:52:14 - [TEST_STEP][PASSED] - verifyElementVisible(findTestObject("Object Repository/AdminSuiteBootstrap_Pages/VT_Bootstrap/Receipt/button_Continue")): Object 'Object Repository/AdminSuiteBootstrap_Pages/VT_Bootstrap/Receipt/button_Continue' is visible

2023-02-22 18:52:15 - [MESSAGE][PASSED] - Object 'Object Repository/AdminSuiteBootstrap_Pages/VT_Bootstrap/Receipt/button_Continue' is visible

2023-02-22 18:52:15 - [TEST_STEP][PASSED] - verifyElementPresent(findTestObject("Object Repository/AdminSuiteBootstrap_Pages/VT_Bootstrap/Receipt/button_Continue"), 20): Object 'Object Repository/AdminSuiteBootstrap_Pages/VT_Bootstrap/Receipt/button_Continue' is present

2023-02-22 18:52:15 - [MESSAGE][PASSED] - Object 'Object Repository/AdminSuiteBootstrap_Pages/VT_Bootstrap/Receipt/button_Continue' is present

2023-02-22 18:52:15 - [TEST_STEP][PASSED] - verifyElementVisible(findTestObject("Object Repository/AdminSuiteBootstrap_Pages/VT_Bootstrap/Receipt/button_Print")): Object 'Object Repository/AdminSuiteBootstrap_Pages/VT_Bootstrap/Receipt/button_Print' is visible

2023-02-22 18:52:15 - [MESSAGE][PASSED] - Object 'Object Repository/AdminSuiteBootstrap_Pages/VT_Bootstrap/Receipt/button_Print' is visible

2023-02-22 18:52:15 - [TEST_STEP][PASSED] - verifyElementPresent(findTestObject("Object Repository/AdminSuiteBootstrap_Pages/VT_Bootstrap/Receipt/button_Print"), 20): Object 'Object Repository/AdminSuiteBootstrap_Pages/VT_Bootstrap/Receipt/button_Print' is present

2023-02-22 18:52:16 - [MESSAGE][PASSED] - Object 'Object Repository/AdminSuiteBootstrap_Pages/VT_Bootstrap/Receipt/button_Print' is present

2023-02-22 18:52:16 - [TEST_STEP][PASSED] - verifyTextPresent("Remittance ID", true): Text 'Remittance ID' is present on page  using regular expression

2023-02-22 18:52:16 - [MESSAGE][PASSED] - Text 'Remittance ID' is present on page  using regular expression

2023-02-22 18:52:16 - [TEST_STEP][PASSED] - verifyTextPresent("Received", true): Text 'Received' is present on page  using regular expression

2023-02-22 18:52:16 - [MESSAGE][PASSED] - Text 'Received' is present on page  using regular expression

2023-02-22 18:52:16 - [TEST_STEP][PASSED] - verifyTextPresent("UDF1", true): Text 'UDF1' is present on page  using regular expression

2023-02-22 18:52:17 - [MESSAGE][PASSED] - Text 'UDF1' is present on page  using regular expression

2023-02-22 18:52:17 - [TEST_STEP][PASSED] - verifyTextPresent("UDF2", true): Text 'UDF2' is present on page  using regular expression

2023-02-22 18:52:17 - [MESSAGE][PASSED] - Text 'UDF2' is present on page  using regular expression

2023-02-22 18:52:17 - [TEST_STEP][PASSED] - verifyTextPresent("UDF3", true): Text 'UDF3' is present on page  using regular expression

2023-02-22 18:52:17 - [MESSAGE][PASSED] - Text 'UDF3' is present on page  using regular expression

2023-02-22 18:52:17 - [TEST_STEP][PASSED] - verifyTextPresent("UDF4", true): Text 'UDF4' is present on page  using regular expression

2023-02-22 18:52:18 - [MESSAGE][PASSED] - Text 'UDF4' is present on page  using regular expression

2023-02-22 18:52:18 - [TEST_STEP][PASSED] - verifyTextPresent("UDF5", true): Text 'UDF5' is present on page  using regular expression

2023-02-22 18:52:18 - [MESSAGE][PASSED] - Text 'UDF5' is present on page  using regular expression

2023-02-22 18:52:18 - [TEST_STEP][PASSED] - verifyTextPresent("UDF6", true): Text 'UDF6' is present on page  using regular expression

2023-02-22 18:52:18 - [MESSAGE][PASSED] - Text 'UDF6' is present on page  using regular expression

2023-02-22 18:52:18 - [TEST_STEP][PASSED] - verifyTextPresent("UDF7", true): Text 'UDF7' is present on page  using regular expression

2023-02-22 18:52:18 - [MESSAGE][PASSED] - Text 'UDF7' is present on page  using regular expression

2023-02-22 18:52:18 - [TEST_STEP][PASSED] - verifyTextPresent("UDF8", true): Text 'UDF8' is present on page  using regular expression

2023-02-22 18:52:19 - [MESSAGE][PASSED] - Text 'UDF8' is present on page  using regular expression

2023-02-22 18:52:19 - [TEST_STEP][PASSED] - verifyTextPresent("UDF9", true): Text 'UDF9' is present on page  using regular expression

2023-02-22 18:52:19 - [MESSAGE][PASSED] - Text 'UDF9' is present on page  using regular expression

2023-02-22 18:52:19 - [TEST_STEP][PASSED] - verifyTextPresent("UDF 10", true): Text 'UDF 10' is present on page  using regular expression

2023-02-22 18:52:19 - [MESSAGE][PASSED] - Text 'UDF 10' is present on page  using regular expression

2023-02-22 18:52:19 - [TEST_STEP][PASSED] - verifyTextPresent("Delhi", true): Text 'Delhi' is present on page  using regular expression

2023-02-22 18:52:20 - [MESSAGE][PASSED] - Text 'Delhi' is present on page  using regular expression

2023-02-22 18:52:20 - [TEST_STEP][PASSED] - verifyTextPresent("Chennai", true): Text 'Chennai' is present on page  using regular expression

2023-02-22 18:52:20 - [MESSAGE][PASSED] - Text 'Chennai' is present on page  using regular expression

2023-02-22 18:52:20 - [TEST_STEP][PASSED] - verifyTextPresent("Mumbai", true): Text 'Mumbai' is present on page  using regular expression

2023-02-22 18:52:20 - [MESSAGE][PASSED] - Text 'Mumbai' is present on page  using regular expression

2023-02-22 18:52:20 - [TEST_STEP][PASSED] - verifyTextPresent("Kanpur", true): Text 'Kanpur' is present on page  using regular expression

2023-02-22 18:52:21 - [MESSAGE][PASSED] - Text 'Kanpur' is present on page  using regular expression

2023-02-22 18:52:21 - [TEST_STEP][PASSED] - verifyTextPresent("Orange Recorded", true): Text 'Orange Recorded' is present on page  using regular expression

2023-02-22 18:52:21 - [MESSAGE][PASSED] - Text 'Orange Recorded' is present on page  using regular expression

2023-02-22 18:52:21 - [TEST_STEP][PASSED] - verifyTextPresent("Yellow Recorded", true): Text 'Yellow Recorded' is present on page  using regular expression

2023-02-22 18:52:22 - [MESSAGE][PASSED] - Text 'Yellow Recorded' is present on page  using regular expression

2023-02-22 18:52:22 - [TEST_STEP][PASSED] - verifyTextPresent("Kolkata", true): Text 'Kolkata' is present on page  using regular expression

2023-02-22 18:52:22 - [MESSAGE][PASSED] - Text 'Kolkata' is present on page  using regular expression

2023-02-22 18:52:22 - [TEST_STEP][PASSED] - verifyTextPresent("Pune", true): Text 'Pune' is present on page  using regular expression

2023-02-22 18:52:22 - [MESSAGE][PASSED] - Text 'Pune' is present on page  using regular expression

2023-02-22 18:52:22 - [TEST_STEP][PASSED] - verifyTextPresent("Bhavnagar", true): Text 'Bhavnagar' is present on page  using regular expression

2023-02-22 18:52:22 - [MESSAGE][PASSED] - Text 'Bhavnagar' is present on page  using regular expression

2023-02-22 18:52:22 - [TEST_STEP][PASSED] - verifyTextPresent("Noida", true): Text 'Noida' is present on page  using regular expression

2023-02-22 18:52:23 - [MESSAGE][PASSED] - Text 'Noida' is present on page  using regular expression

2023-02-22 18:52:23 - [TEST_STEP][PASSED] - verifyTextPresent("Amount", true): Text 'Amount' is present on page  using regular expression

2023-02-22 18:52:23 - [MESSAGE][PASSED] - Text 'Amount' is present on page  using regular expression

2023-02-22 18:52:23 - [TEST_STEP][PASSED] - verifyTextPresent("2.50", true): Text '2.50' is present on page  using regular expression

2023-02-22 18:52:23 - [MESSAGE][PASSED] - Text '2.50' is present on page  using regular expression

2023-02-22 18:52:23 - [TEST_STEP][PASSED] - verifyTextPresent("Authorization and Capture", true): Text 'Authorization and Capture' is present on page  using regular expression

2023-02-22 18:52:24 - [MESSAGE][PASSED] - Text 'Authorization and Capture' is present on page  using regular expression

2023-02-22 18:52:24 - [TEST_STEP][PASSED] - verifyTextPresent("Card Information", true): Text 'Card Information' is present on page  using regular expression

2023-02-22 18:52:24 - [MESSAGE][PASSED] - Text 'Card Information' is present on page  using regular expression

2023-02-22 18:52:24 - [TEST_STEP][PASSED] - verifyTextPresent("TANDON RAVENA", true): Text 'TANDON RAVENA' is present on page  using regular expression

2023-02-22 18:52:24 - [MESSAGE][PASSED] - Text 'TANDON RAVENA' is present on page  using regular expression

2023-02-22 18:52:24 - [TEST_STEP][PASSED] - verifyTextPresent("Address Line 1", true): Text 'Address Line 1' is present on page  using regular expression

2023-02-22 18:52:25 - [MESSAGE][PASSED] - Text 'Address Line 1' is present on page  using regular expression

2023-02-22 18:52:25 - [TEST_STEP][PASSED] - verifyTextPresent("Address Line 2", true): Text 'Address Line 2' is present on page  using regular expression

2023-02-22 18:52:25 - [MESSAGE][PASSED] - Text 'Address Line 2' is present on page  using regular expression

2023-02-22 18:52:25 - [TEST_STEP][PASSED] - verifyTextPresent("Country", true): Text 'Country' is present on page  using regular expression

2023-02-22 18:52:25 - [MESSAGE][PASSED] - Text 'Country' is present on page  using regular expression

2023-02-22 18:52:25 - [TEST_STEP][PASSED] - verifyTextPresent("City", true): Text 'City' is present on page  using regular expression

2023-02-22 18:52:26 - [MESSAGE][PASSED] - Text 'City' is present on page  using regular expression

2023-02-22 18:52:26 - [TEST_STEP][PASSED] - verifyTextPresent("State", true): Text 'State' is present on page  using regular expression

2023-02-22 18:52:26 - [MESSAGE][PASSED] - Text 'State' is present on page  using regular expression

2023-02-22 18:52:26 - [TEST_STEP][PASSED] - verifyTextPresent("ZIP Code", true): Text 'ZIP Code' is present on page  using regular expression

2023-02-22 18:52:26 - [MESSAGE][PASSED] - Text 'ZIP Code' is present on page  using regular expression

2023-02-22 18:52:26 - [TEST_STEP][PASSED] - verifyTextPresent("248 PhoolKaante road", true): Text '248 PhoolKaante road' is present on page  using regular expression

2023-02-22 18:52:27 - [MESSAGE][PASSED] - Text '248 PhoolKaante road' is present on page  using regular expression

2023-02-22 18:52:27 - [TEST_STEP][PASSED] - verifyTextPresent("Suite 678", true): Text 'Suite 678' is present on page  using regular expression

2023-02-22 18:52:27 - [MESSAGE][PASSED] - Text 'Suite 678' is present on page  using regular expression

2023-02-22 18:52:27 - [TEST_STEP][PASSED] - verifyTextPresent("United States", true): Text 'United States' is present on page  using regular expression

2023-02-22 18:52:27 - [MESSAGE][PASSED] - Text 'United States' is present on page  using regular expression

2023-02-22 18:52:27 - [TEST_STEP][PASSED] - verifyTextPresent("ARLINGTON", true): Text 'ARLINGTON' is present on page  using regular expression

2023-02-22 18:52:28 - [MESSAGE][PASSED] - Text 'ARLINGTON' is present on page  using regular expression

2023-02-22 18:52:28 - [TEST_STEP][PASSED] - verifyTextPresent("VA", true): Text 'VA' is present on page  using regular expression

2023-02-22 18:52:28 - [MESSAGE][PASSED] - Text 'VA' is present on page  using regular expression

2023-02-22 18:52:28 - [TEST_STEP][PASSED] - verifyTextPresent("22201", true): Text '22201' is present on page  using regular expression

2023-02-22 18:52:29 - [MESSAGE][PASSED] - Text '22201' is present on page  using regular expression

2023-02-22 18:52:29 - [TEST_STEP][PASSED] - cardTypeV = findTestData(dataFile).getValue("CardType", row): null

2023-02-22 18:52:29 - [TEST_STEP][PASSED] - last4V = findTestData(dataFile).getValue("Last4", row): null

2023-02-22 18:52:29 - [TEST_STEP][PASSED] - verifyTextPresent(cardTypeV, true): Text 'Discover' is present on page  using regular expression

2023-02-22 18:52:29 - [MESSAGE][PASSED] - Text 'Discover' is present on page  using regular expression

2023-02-22 18:52:29 - [TEST_STEP][PASSED] - verifyTextPresent(last4V, true): Text '6909' is present on page  using regular expression

2023-02-22 18:52:29 - [MESSAGE][PASSED] - Text '6909' is present on page  using regular expression

2023-02-22 18:52:29 - [TEST_STEP][PASSED] - switch (appName): null

2023-02-22 18:52:29 - [TEST_STEP][PASSED] - case "a_Access AutoDualCFtpQA":: null

2023-02-22 18:52:29 - [TEST_STEP][PASSED] - verifyTextPresent("5.00", true): Text '5.00' is present on page  using regular expression

2023-02-22 18:52:30 - [MESSAGE][PASSED] - Text '5.00' is present on page  using regular expression

2023-02-22 18:52:30 - [TEST_STEP][PASSED] - verifyTextPresent("Dual Transaction", true): Text 'Dual Transaction' is present on page  using regular expression

2023-02-22 18:52:30 - [MESSAGE][PASSED] - Text 'Dual Transaction' is present on page  using regular expression

2023-02-22 18:52:30 - [TEST_STEP][PASSED] - verifyTextPresent("7.50", true): Text '7.50' is present on page  using regular expression

2023-02-22 18:52:30 - [MESSAGE][PASSED] - Text '7.50' is present on page  using regular expression

2023-02-22 18:52:30 - [TEST_STEP][PASSED] - verifyTextPresent("Total Amount", true): Text 'Total Amount' is present on page  using regular expression

2023-02-22 18:52:31 - [MESSAGE][PASSED] - Text 'Total Amount' is present on page  using regular expression

2023-02-22 18:52:31 - [TEST_STEP][PASSED] - verifyTextPresent("Transaction Type", true): Text 'Transaction Type' is present on page  using regular expression

2023-02-22 18:52:31 - [MESSAGE][PASSED] - Text 'Transaction Type' is present on page  using regular expression

2023-02-22 18:52:31 - [TEST_STEP][PASSED] - break: null

2023-02-22 18:52:31 - [TEST_STEP][PASSED] - closeBrowser(): Browser is closed

2023-02-22 18:52:32 - [MESSAGE][PASSED] - Browser is closed]]></system-out>
         <system-err><![CDATA[]]></system-err>
      </testcase>
      <testcase name="Test Cases/Admin Suite Bootstrap/VSP_Payments_TestCases/AuthOnly_TP_AllCF_Generic_Payment_TC" time="139.49" classname="Test Cases/Admin Suite Bootstrap/VSP_Payments_TestCases/AuthOnly_TP_AllCF_Generic_Payment_TC" status="PASSED">
         <system-out><![CDATA[2023-02-22 18:52:32 - [TEST_CASE][PASSED] - Test Cases/Admin Suite Bootstrap/VSP_Payments_TestCases/AuthOnly_TP_AllCF_Generic_Payment_TC: Test Cases/Admin Suite Bootstrap/VSP_Payments_TestCases/AuthOnly_TP_AllCF_Generic_Payment_TC

2023-02-22 18:52:32 - [TEST_STEP][PASSED] - path_Dashboard = "Object Repository/AdminSuiteBootstrap_Pages/Dashboard_Bootstrap/": null

2023-02-22 18:52:32 - [TEST_STEP][PASSED] - path_VT = "Object Repository/AdminSuiteBootstrap_Pages/VT_Bootstrap/IssueTransactions/": null

2023-02-22 18:52:32 - [TEST_STEP][PASSED] - path_CreateProfile = "Object Repository/AdminSuiteBootstrap_Pages/VSP_Bootstrap/CreateProfile/": null

2023-02-22 18:52:32 - [TEST_STEP][PASSED] - path_AddAccount = "Object Repository/AdminSuiteBootstrap_Pages/VSP_Bootstrap/AddAccount/": null

2023-02-22 18:52:32 - [TEST_STEP][PASSED] - path_Add_ACH = "Object Repository/AdminSuiteBootstrap_Pages/VSP_Bootstrap/AddACH/": null

2023-02-22 18:52:32 - [TEST_STEP][PASSED] - path_Add_CC = "Object Repository/AdminSuiteBootstrap_Pages/VSP_Bootstrap/AddCreditCard/": null

2023-02-22 18:52:32 - [TEST_STEP][PASSED] - path_App_Plan = "Object Repository/AdminSuiteBootstrap_Pages/VSP_Bootstrap/AddPaymentPlan/": null

2023-02-22 18:52:32 - [TEST_STEP][PASSED] - path_DeleteProfile = "Object Repository/AdminSuiteBootstrap_Pages/VSP_Bootstrap/DeleteProfile/": null

2023-02-22 18:52:32 - [TEST_STEP][PASSED] - path_ModifyProfile = "Object Repository/AdminSuiteBootstrap_Pages/VSP_Bootstrap/ModifyProfile/": null

2023-02-22 18:52:32 - [TEST_STEP][PASSED] - path_ViewProfile = "Object Repository/AdminSuiteBootstrap_Pages/VSP_Bootstrap/View Profile/": null

2023-02-22 18:52:32 - [TEST_STEP][PASSED] - path_VSPAuth = "Object Repository/AdminSuiteBootstrap_Pages/VSP_Bootstrap/VSP_Auth/": null

2023-02-22 18:52:32 - [TEST_STEP][PASSED] - path_VSPAuthCap = "Object Repository/AdminSuiteBootstrap_Pages/VSP_Bootstrap/VSP_Authcap/": null

2023-02-22 18:52:32 - [TEST_STEP][PASSED] - path_Debit = "Object Repository/AdminSuiteBootstrap_Pages/VSP_Bootstrap/VSP_Debit/": null

2023-02-22 18:52:32 - [TEST_STEP][PASSED] - path_DeleteProfileConfirm = "Object Repository/AdminSuiteBootstrap_Pages/VSP_Bootstrap/DeleteProfileConfirm/": null

2023-02-22 18:52:32 - [TEST_STEP][PASSED] - executionProfile = getExecutionProfile(): null

2023-02-22 18:52:32 - [TEST_STEP][PASSED] - out.println("executionProfile : " + executionProfile): null

2023-02-22 18:52:32 - [TEST_STEP][PASSED] - appName = <not implemented yet for class: org.codehaus.groovy.ast.expr.EmptyExpression>: null

2023-02-22 18:52:32 - [TEST_STEP][PASSED] - appID = <not implemented yet for class: org.codehaus.groovy.ast.expr.EmptyExpression>: null

2023-02-22 18:52:32 - [TEST_STEP][PASSED] - cardNameV = <not implemented yet for class: org.codehaus.groovy.ast.expr.EmptyExpression>: null

2023-02-22 18:52:32 - [TEST_STEP][PASSED] - al1V = <not implemented yet for class: org.codehaus.groovy.ast.expr.EmptyExpression>: null

2023-02-22 18:52:32 - [TEST_STEP][PASSED] - al2V = <not implemented yet for class: org.codehaus.groovy.ast.expr.EmptyExpression>: null

2023-02-22 18:52:32 - [TEST_STEP][PASSED] - zipV = <not implemented yet for class: org.codehaus.groovy.ast.expr.EmptyExpression>: null

2023-02-22 18:52:32 - [TEST_STEP][PASSED] - cardTypeV = <not implemented yet for class: org.codehaus.groovy.ast.expr.EmptyExpression>: null

2023-02-22 18:52:32 - [TEST_STEP][PASSED] - last4V = <not implemented yet for class: org.codehaus.groovy.ast.expr.EmptyExpression>: null

2023-02-22 18:52:32 - [TEST_STEP][PASSED] - nameSheet = "CC-Payments-Auth": null

2023-02-22 18:52:32 - [TEST_STEP][PASSED] - numOfRows = findTestData("QA/Bootstrap/VSP-Payments-TestData/CC-Payments-Auth").getRowNumbers(): null

2023-02-22 18:52:32 - [TEST_STEP][PASSED] - println("Number of Records: " + numOfRows): null

2023-02-22 18:52:32 - [TEST_STEP][PASSED] - dataFile = "QA/Bootstrap/VSP-Payments-TestData/CC-Payments-Auth": null

2023-02-22 18:52:32 - [TEST_STEP][PASSED] - for ([row = 1, row <= numOfRows, (row++)]): Browser is closed

2023-02-22 18:52:32 - [TEST_STEP][PASSED] - ExecuteTC = findTestData(dataFile).getValue("Execute", row): null

2023-02-22 18:52:32 - [TEST_STEP][PASSED] - out.println("Value of Execute is : " + ExecuteTC): null

2023-02-22 18:52:32 - [TEST_STEP][PASSED] - switch (executionProfile): null

2023-02-22 18:52:32 - [TEST_STEP][PASSED] - case "QAProfile":: null

2023-02-22 18:52:32 - [TEST_STEP][PASSED] - appName = findTestData(dataFile).getValue("AppNameQA", row): null

2023-02-22 18:52:32 - [TEST_STEP][PASSED] - appID = findTestData(dataFile).getValue("AppIDQA", row): null

2023-02-22 18:52:32 - [TEST_STEP][PASSED] - break: null

2023-02-22 18:52:32 - [TEST_STEP][PASSED] - if (ExecuteTC.equalsIgnoreCase("Y")): null

2023-02-22 18:52:32 - [TEST_STEP][PASSED] - out.println("Begin Record Number: " + row): null

2023-02-22 18:52:32 - [TEST_STEP][PASSED] - today = new java.util.Date(): null

2023-02-22 18:52:32 - [TEST_STEP][PASSED] - println(today): null

2023-02-22 18:52:32 - [TEST_STEP][PASSED] - datText = today: null

2023-02-22 18:52:32 - [TEST_STEP][PASSED] - adminSuiteBootstrap.loginFunctionality.login_AdminSuite(): adminSuiteBootstrap.loginFunctionality.login_AdminSuite is PASSED

2023-02-22 18:52:32 - [MESSAGE][INFO] - Starting 'Chrome' driver

2023-02-22 18:52:32 - [MESSAGE][INFO] - User set preference: ['acceptInsecureCerts', 'true']

2023-02-22 18:52:32 - [MESSAGE][INFO] - Action delay is set to 0 milliseconds

2023-02-22 18:52:35 - [MESSAGE][PASSED] - Browser is opened with url: 'https://qa.velocitypayment.com/admin/imtiaz'

2023-02-22 18:52:35 - [MESSAGE][PASSED] - Current window maximized

2023-02-22 18:52:35 - [MESSAGE][PASSED] - Object 'Object Repository/Login_Page/Login_Username' is present

2023-02-22 18:52:36 - [MESSAGE][PASSED] - Text 'iahmed' is set on object 'Object Repository/Login_Page/Login_Username'

2023-02-22 18:52:37 - [MESSAGE][PASSED] - Text 'hello2222' is set on object 'Object Repository/Login_Page/Login_Password'

2023-02-22 18:52:39 - [MESSAGE][PASSED] - Object: 'Object Repository/Login_Page/Login_Submit' is clicked on

2023-02-22 18:52:39 - [MESSAGE][PASSED] - adminSuiteBootstrap.loginFunctionality.login_AdminSuite is PASSED

2023-02-22 18:52:39 - [TEST_STEP][PASSED] - click(findTestObject(path_Dashboard + appName)): Object: 'Object Repository/AdminSuiteBootstrap_Pages/Dashboard_Bootstrap/a_Access AutoNoCFtp' is clicked on

2023-02-22 18:52:41 - [MESSAGE][PASSED] - Object: 'Object Repository/AdminSuiteBootstrap_Pages/Dashboard_Bootstrap/a_Access AutoNoCFtp' is clicked on

2023-02-22 18:52:41 - [TEST_STEP][PASSED] - click(findTestObject(path_VT + "a_Find Profile")): Object: 'Object Repository/AdminSuiteBootstrap_Pages/VT_Bootstrap/IssueTransactions/a_Find Profile' is clicked on

2023-02-22 18:52:41 - [MESSAGE][PASSED] - Object: 'Object Repository/AdminSuiteBootstrap_Pages/VT_Bootstrap/IssueTransactions/a_Find Profile' is clicked on

2023-02-22 18:52:41 - [TEST_STEP][PASSED] - criteria = <not implemented yet for class: org.codehaus.groovy.ast.expr.EmptyExpression>: null

2023-02-22 18:52:41 - [TEST_STEP][PASSED] - searchBy = <not implemented yet for class: org.codehaus.groovy.ast.expr.EmptyExpression>: null

2023-02-22 18:52:41 - [TEST_STEP][PASSED] - criteria = findTestData(dataFile).getValue("ProfileName", row): null

2023-02-22 18:52:41 - [TEST_STEP][PASSED] - path_SearchProfile = "Object Repository/AdminSuiteBootstrap_Pages/VSP_Bootstrap/SearchProfile/": null

2023-02-22 18:52:41 - [TEST_STEP][PASSED] - setText(findTestObject(path_SearchProfile + "input_Criteria"), criteria): Text 'PaymentsVisa' is set on object 'Object Repository/AdminSuiteBootstrap_Pages/VSP_Bootstrap/SearchProfile/input_Criteria'

2023-02-22 18:52:42 - [MESSAGE][PASSED] - Text 'PaymentsVisa' is set on object 'Object Repository/AdminSuiteBootstrap_Pages/VSP_Bootstrap/SearchProfile/input_Criteria'

2023-02-22 18:52:42 - [TEST_STEP][PASSED] - click(findTestObject(path_SearchProfile + "button_Search")): Object: 'Object Repository/AdminSuiteBootstrap_Pages/VSP_Bootstrap/SearchProfile/button_Search' is clicked on

2023-02-22 18:52:43 - [MESSAGE][PASSED] - Object: 'Object Repository/AdminSuiteBootstrap_Pages/VSP_Bootstrap/SearchProfile/button_Search' is clicked on

2023-02-22 18:52:43 - [TEST_STEP][PASSED] - profNameLink = findTestData(dataFile).getValue("ProfileNameLink", row): null

2023-02-22 18:52:43 - [TEST_STEP][PASSED] - click(findTestObject(path_ViewProfile + profNameLink)): Object: 'Object Repository/AdminSuiteBootstrap_Pages/VSP_Bootstrap/View Profile/a_PaymentsVisa' is clicked on

2023-02-22 18:52:44 - [MESSAGE][PASSED] - Object: 'Object Repository/AdminSuiteBootstrap_Pages/VSP_Bootstrap/View Profile/a_PaymentsVisa' is clicked on

2023-02-22 18:52:44 - [TEST_STEP][PASSED] - click(findTestObject(path_ViewProfile + "a_Auth")): Object: 'Object Repository/AdminSuiteBootstrap_Pages/VSP_Bootstrap/View Profile/a_Auth' is clicked on

2023-02-22 18:52:45 - [MESSAGE][PASSED] - Object: 'Object Repository/AdminSuiteBootstrap_Pages/VSP_Bootstrap/View Profile/a_Auth' is clicked on

2023-02-22 18:52:45 - [TEST_STEP][PASSED] - verifyTextPresent("Credit Card Authorization", true): Text 'Credit Card Authorization' is present on page  using regular expression

2023-02-22 18:52:46 - [MESSAGE][PASSED] - Text 'Credit Card Authorization' is present on page  using regular expression

2023-02-22 18:52:46 - [TEST_STEP][PASSED] - verifyTextPresent("Required fields are highlighted with an asterisk", true): Text 'Required fields are highlighted with an asterisk' is present on page  using regular expression

2023-02-22 18:52:47 - [MESSAGE][PASSED] - Text 'Required fields are highlighted with an asterisk' is present on page  using regular expression

2023-02-22 18:52:47 - [TEST_STEP][PASSED] - verifyTextPresent("Remittance ID", true): Text 'Remittance ID' is present on page  using regular expression

2023-02-22 18:52:47 - [MESSAGE][PASSED] - Text 'Remittance ID' is present on page  using regular expression

2023-02-22 18:52:47 - [TEST_STEP][PASSED] - vspBootstrap.SalePage.setDataSaleAndAuth(row, dataFile): vspBootstrap.SalePage.setDataSaleAndAuth is PASSED

2023-02-22 18:52:49 - [MESSAGE][PASSED] - All options with value 'MOTO' are selected in object 'Object Repository/AdminSuiteBootstrap_Pages/VSP_Bootstrap/VSP_Authcap/select_TransactionCategory'  using regular expression

2023-02-22 18:52:49 - [MESSAGE][PASSED] - Text '123' is set on object 'Object Repository/AdminSuiteBootstrap_Pages/VSP_Bootstrap/VSP_Authcap/input_cvv'

2023-02-22 18:52:50 - [MESSAGE][PASSED] - Text '' is set on object 'Object Repository/AdminSuiteBootstrap_Pages/VSP_Bootstrap/VSP_Authcap/input_smsNumber'

2023-02-22 18:52:51 - [MESSAGE][PASSED] - Text '2.50' is set on object 'Object Repository/AdminSuiteBootstrap_Pages/VSP_Bootstrap/VSP_Authcap/input_amount'

2023-02-22 18:52:51 - [MESSAGE][PASSED] - Text 'Delhi' is set on object 'Object Repository/AdminSuiteBootstrap_Pages/VSP_Bootstrap/VSP_Authcap/input_userDefined1'

2023-02-22 18:52:52 - [MESSAGE][PASSED] - Text 'Chennai' is set on object 'Object Repository/AdminSuiteBootstrap_Pages/VSP_Bootstrap/VSP_Authcap/input_userDefined2'

2023-02-22 18:52:53 - [MESSAGE][PASSED] - Text 'Mumbai' is set on object 'Object Repository/AdminSuiteBootstrap_Pages/VSP_Bootstrap/VSP_Authcap/input_userDefined3'

2023-02-22 18:52:53 - [MESSAGE][PASSED] - Text 'Kanpur' is set on object 'Object Repository/AdminSuiteBootstrap_Pages/VSP_Bootstrap/VSP_Authcap/input_userDefined4'

2023-02-22 18:52:54 - [MESSAGE][PASSED] - All options with label 'Orange' are selected in object 'Object Repository/AdminSuiteBootstrap_Pages/VSP_Bootstrap/VSP_Authcap/select_UDF5'  using regular expression

2023-02-22 18:52:55 - [MESSAGE][PASSED] - All options with label 'Yellow' are selected in object 'Object Repository/AdminSuiteBootstrap_Pages/VSP_Bootstrap/VSP_Authcap/select_UDF6'  using regular expression

2023-02-22 18:52:56 - [MESSAGE][PASSED] - Text 'Kolkata' is set on object 'Object Repository/AdminSuiteBootstrap_Pages/VSP_Bootstrap/VSP_Authcap/input_userDefined7'

2023-02-22 18:52:57 - [MESSAGE][PASSED] - Text 'Pune' is set on object 'Object Repository/AdminSuiteBootstrap_Pages/VSP_Bootstrap/VSP_Authcap/input_userDefined8'

2023-02-22 18:52:57 - [MESSAGE][PASSED] - Text 'Bhavnagar' is set on object 'Object Repository/AdminSuiteBootstrap_Pages/VSP_Bootstrap/VSP_Authcap/input_userDefined9'

2023-02-22 18:52:58 - [MESSAGE][PASSED] - Text 'Noida' is set on object 'Object Repository/AdminSuiteBootstrap_Pages/VSP_Bootstrap/VSP_Authcap/input_userDefined10'

2023-02-22 18:53:00 - [MESSAGE][PASSED] - Object: 'Object Repository/AdminSuiteBootstrap_Pages/VSP_Bootstrap/VSP_Authcap/button_Submit' is clicked on

2023-02-22 18:53:00 - [MESSAGE][PASSED] - vspBootstrap.SalePage.setDataSaleAndAuth is PASSED

2023-02-22 18:53:00 - [TEST_STEP][PASSED] - verifyTextPresent("Transaction Successful", true): Text 'Transaction Successful' is present on page  using regular expression

2023-02-22 18:53:01 - [MESSAGE][PASSED] - Text 'Transaction Successful' is present on page  using regular expression

2023-02-22 18:53:01 - [TEST_STEP][PASSED] - verifyElementVisible(findTestObject("Object Repository/AdminSuiteBootstrap_Pages/VT_Bootstrap/Receipt/button_Continue")): Object 'Object Repository/AdminSuiteBootstrap_Pages/VT_Bootstrap/Receipt/button_Continue' is visible

2023-02-22 18:53:01 - [MESSAGE][PASSED] - Object 'Object Repository/AdminSuiteBootstrap_Pages/VT_Bootstrap/Receipt/button_Continue' is visible

2023-02-22 18:53:01 - [TEST_STEP][PASSED] - verifyElementPresent(findTestObject("Object Repository/AdminSuiteBootstrap_Pages/VT_Bootstrap/Receipt/button_Continue"), 20): Object 'Object Repository/AdminSuiteBootstrap_Pages/VT_Bootstrap/Receipt/button_Continue' is present

2023-02-22 18:53:01 - [MESSAGE][PASSED] - Object 'Object Repository/AdminSuiteBootstrap_Pages/VT_Bootstrap/Receipt/button_Continue' is present

2023-02-22 18:53:01 - [TEST_STEP][PASSED] - verifyElementVisible(findTestObject("Object Repository/AdminSuiteBootstrap_Pages/VT_Bootstrap/Receipt/button_Print")): Object 'Object Repository/AdminSuiteBootstrap_Pages/VT_Bootstrap/Receipt/button_Print' is visible

2023-02-22 18:53:02 - [MESSAGE][PASSED] - Object 'Object Repository/AdminSuiteBootstrap_Pages/VT_Bootstrap/Receipt/button_Print' is visible

2023-02-22 18:53:02 - [TEST_STEP][PASSED] - verifyElementPresent(findTestObject("Object Repository/AdminSuiteBootstrap_Pages/VT_Bootstrap/Receipt/button_Print"), 20): Object 'Object Repository/AdminSuiteBootstrap_Pages/VT_Bootstrap/Receipt/button_Print' is present

2023-02-22 18:53:02 - [MESSAGE][PASSED] - Object 'Object Repository/AdminSuiteBootstrap_Pages/VT_Bootstrap/Receipt/button_Print' is present

2023-02-22 18:53:02 - [TEST_STEP][PASSED] - verifyTextPresent("Remittance ID", true): Text 'Remittance ID' is present on page  using regular expression

2023-02-22 18:53:02 - [MESSAGE][PASSED] - Text 'Remittance ID' is present on page  using regular expression

2023-02-22 18:53:02 - [TEST_STEP][PASSED] - verifyTextPresent("Received", true): Text 'Received' is present on page  using regular expression

2023-02-22 18:53:03 - [MESSAGE][PASSED] - Text 'Received' is present on page  using regular expression

2023-02-22 18:53:03 - [TEST_STEP][PASSED] - verifyTextPresent("UDF1", true): Text 'UDF1' is present on page  using regular expression

2023-02-22 18:53:03 - [MESSAGE][PASSED] - Text 'UDF1' is present on page  using regular expression

2023-02-22 18:53:03 - [TEST_STEP][PASSED] - verifyTextPresent("UDF2", true): Text 'UDF2' is present on page  using regular expression

2023-02-22 18:53:03 - [MESSAGE][PASSED] - Text 'UDF2' is present on page  using regular expression

2023-02-22 18:53:03 - [TEST_STEP][PASSED] - verifyTextPresent("UDF3", true): Text 'UDF3' is present on page  using regular expression

2023-02-22 18:53:04 - [MESSAGE][PASSED] - Text 'UDF3' is present on page  using regular expression

2023-02-22 18:53:04 - [TEST_STEP][PASSED] - verifyTextPresent("UDF4", true): Text 'UDF4' is present on page  using regular expression

2023-02-22 18:53:04 - [MESSAGE][PASSED] - Text 'UDF4' is present on page  using regular expression

2023-02-22 18:53:04 - [TEST_STEP][PASSED] - verifyTextPresent("UDF5", true): Text 'UDF5' is present on page  using regular expression

2023-02-22 18:53:04 - [MESSAGE][PASSED] - Text 'UDF5' is present on page  using regular expression

2023-02-22 18:53:04 - [TEST_STEP][PASSED] - verifyTextPresent("UDF6", true): Text 'UDF6' is present on page  using regular expression

2023-02-22 18:53:04 - [MESSAGE][PASSED] - Text 'UDF6' is present on page  using regular expression

2023-02-22 18:53:04 - [TEST_STEP][PASSED] - verifyTextPresent("UDF7", true): Text 'UDF7' is present on page  using regular expression

2023-02-22 18:53:05 - [MESSAGE][PASSED] - Text 'UDF7' is present on page  using regular expression

2023-02-22 18:53:05 - [TEST_STEP][PASSED] - verifyTextPresent("UDF8", true): Text 'UDF8' is present on page  using regular expression

2023-02-22 18:53:05 - [MESSAGE][PASSED] - Text 'UDF8' is present on page  using regular expression

2023-02-22 18:53:05 - [TEST_STEP][PASSED] - verifyTextPresent("UDF9", true): Text 'UDF9' is present on page  using regular expression

2023-02-22 18:53:05 - [MESSAGE][PASSED] - Text 'UDF9' is present on page  using regular expression

2023-02-22 18:53:05 - [TEST_STEP][PASSED] - verifyTextPresent("UDF 10", true): Text 'UDF 10' is present on page  using regular expression

2023-02-22 18:53:06 - [MESSAGE][PASSED] - Text 'UDF 10' is present on page  using regular expression

2023-02-22 18:53:06 - [TEST_STEP][PASSED] - verifyTextPresent("Delhi", true): Text 'Delhi' is present on page  using regular expression

2023-02-22 18:53:06 - [MESSAGE][PASSED] - Text 'Delhi' is present on page  using regular expression

2023-02-22 18:53:06 - [TEST_STEP][PASSED] - verifyTextPresent("Chennai", true): Text 'Chennai' is present on page  using regular expression

2023-02-22 18:53:06 - [MESSAGE][PASSED] - Text 'Chennai' is present on page  using regular expression

2023-02-22 18:53:06 - [TEST_STEP][PASSED] - verifyTextPresent("Mumbai", true): Text 'Mumbai' is present on page  using regular expression

2023-02-22 18:53:07 - [MESSAGE][PASSED] - Text 'Mumbai' is present on page  using regular expression

2023-02-22 18:53:07 - [TEST_STEP][PASSED] - verifyTextPresent("Kanpur", true): Text 'Kanpur' is present on page  using regular expression

2023-02-22 18:53:07 - [MESSAGE][PASSED] - Text 'Kanpur' is present on page  using regular expression

2023-02-22 18:53:07 - [TEST_STEP][PASSED] - verifyTextPresent("Orange Recorded", true): Text 'Orange Recorded' is present on page  using regular expression

2023-02-22 18:53:07 - [MESSAGE][PASSED] - Text 'Orange Recorded' is present on page  using regular expression

2023-02-22 18:53:07 - [TEST_STEP][PASSED] - verifyTextPresent("Yellow Recorded", true): Text 'Yellow Recorded' is present on page  using regular expression

2023-02-22 18:53:08 - [MESSAGE][PASSED] - Text 'Yellow Recorded' is present on page  using regular expression

2023-02-22 18:53:08 - [TEST_STEP][PASSED] - verifyTextPresent("Kolkata", true): Text 'Kolkata' is present on page  using regular expression

2023-02-22 18:53:08 - [MESSAGE][PASSED] - Text 'Kolkata' is present on page  using regular expression

2023-02-22 18:53:08 - [TEST_STEP][PASSED] - verifyTextPresent("Pune", true): Text 'Pune' is present on page  using regular expression

2023-02-22 18:53:08 - [MESSAGE][PASSED] - Text 'Pune' is present on page  using regular expression

2023-02-22 18:53:08 - [TEST_STEP][PASSED] - verifyTextPresent("Bhavnagar", true): Text 'Bhavnagar' is present on page  using regular expression

2023-02-22 18:53:09 - [MESSAGE][PASSED] - Text 'Bhavnagar' is present on page  using regular expression

2023-02-22 18:53:09 - [TEST_STEP][PASSED] - verifyTextPresent("Noida", true): Text 'Noida' is present on page  using regular expression

2023-02-22 18:53:09 - [MESSAGE][PASSED] - Text 'Noida' is present on page  using regular expression

2023-02-22 18:53:09 - [TEST_STEP][PASSED] - verifyTextPresent("Amount", true): Text 'Amount' is present on page  using regular expression

2023-02-22 18:53:09 - [MESSAGE][PASSED] - Text 'Amount' is present on page  using regular expression

2023-02-22 18:53:09 - [TEST_STEP][PASSED] - verifyTextPresent("2.50", true): Text '2.50' is present on page  using regular expression

2023-02-22 18:53:10 - [MESSAGE][PASSED] - Text '2.50' is present on page  using regular expression

2023-02-22 18:53:10 - [TEST_STEP][PASSED] - verifyTextPresent("Authorization", true): Text 'Authorization' is present on page  using regular expression

2023-02-22 18:53:10 - [MESSAGE][PASSED] - Text 'Authorization' is present on page  using regular expression

2023-02-22 18:53:10 - [TEST_STEP][PASSED] - verifyTextPresent("Card Information", true): Text 'Card Information' is present on page  using regular expression

2023-02-22 18:53:10 - [MESSAGE][PASSED] - Text 'Card Information' is present on page  using regular expression

2023-02-22 18:53:10 - [TEST_STEP][PASSED] - verifyTextPresent("TANDON RAVENA", true): Text 'TANDON RAVENA' is present on page  using regular expression

2023-02-22 18:53:11 - [MESSAGE][PASSED] - Text 'TANDON RAVENA' is present on page  using regular expression

2023-02-22 18:53:11 - [TEST_STEP][PASSED] - verifyTextPresent("Address Line 1", true): Text 'Address Line 1' is present on page  using regular expression

2023-02-22 18:53:11 - [MESSAGE][PASSED] - Text 'Address Line 1' is present on page  using regular expression

2023-02-22 18:53:11 - [TEST_STEP][PASSED] - verifyTextPresent("Address Line 2", true): Text 'Address Line 2' is present on page  using regular expression

2023-02-22 18:53:11 - [MESSAGE][PASSED] - Text 'Address Line 2' is present on page  using regular expression

2023-02-22 18:53:11 - [TEST_STEP][PASSED] - verifyTextPresent("Country", true): Text 'Country' is present on page  using regular expression

2023-02-22 18:53:12 - [MESSAGE][PASSED] - Text 'Country' is present on page  using regular expression

2023-02-22 18:53:12 - [TEST_STEP][PASSED] - verifyTextPresent("City", true): Text 'City' is present on page  using regular expression

2023-02-22 18:53:12 - [MESSAGE][PASSED] - Text 'City' is present on page  using regular expression

2023-02-22 18:53:12 - [TEST_STEP][PASSED] - verifyTextPresent("State", true): Text 'State' is present on page  using regular expression

2023-02-22 18:53:12 - [MESSAGE][PASSED] - Text 'State' is present on page  using regular expression

2023-02-22 18:53:12 - [TEST_STEP][PASSED] - verifyTextPresent("ZIP Code", true): Text 'ZIP Code' is present on page  using regular expression

2023-02-22 18:53:13 - [MESSAGE][PASSED] - Text 'ZIP Code' is present on page  using regular expression

2023-02-22 18:53:13 - [TEST_STEP][PASSED] - verifyTextPresent("248 PhoolKaante road", true): Text '248 PhoolKaante road' is present on page  using regular expression

2023-02-22 18:53:13 - [MESSAGE][PASSED] - Text '248 PhoolKaante road' is present on page  using regular expression

2023-02-22 18:53:13 - [TEST_STEP][PASSED] - verifyTextPresent("Suite 678", true): Text 'Suite 678' is present on page  using regular expression

2023-02-22 18:53:13 - [MESSAGE][PASSED] - Text 'Suite 678' is present on page  using regular expression

2023-02-22 18:53:13 - [TEST_STEP][PASSED] - verifyTextPresent("United States", true): Text 'United States' is present on page  using regular expression

2023-02-22 18:53:14 - [MESSAGE][PASSED] - Text 'United States' is present on page  using regular expression

2023-02-22 18:53:14 - [TEST_STEP][PASSED] - verifyTextPresent("ARLINGTON", true): Text 'ARLINGTON' is present on page  using regular expression

2023-02-22 18:53:14 - [MESSAGE][PASSED] - Text 'ARLINGTON' is present on page  using regular expression

2023-02-22 18:53:14 - [TEST_STEP][PASSED] - verifyTextPresent("VA", true): Text 'VA' is present on page  using regular expression

2023-02-22 18:53:14 - [MESSAGE][PASSED] - Text 'VA' is present on page  using regular expression

2023-02-22 18:53:14 - [TEST_STEP][PASSED] - verifyTextPresent("22201", true): Text '22201' is present on page  using regular expression

2023-02-22 18:53:14 - [MESSAGE][PASSED] - Text '22201' is present on page  using regular expression

2023-02-22 18:53:14 - [TEST_STEP][PASSED] - cardTypeV = findTestData(dataFile).getValue("CardType", row): null

2023-02-22 18:53:15 - [TEST_STEP][PASSED] - last4V = findTestData(dataFile).getValue("Last4", row): null

2023-02-22 18:53:15 - [TEST_STEP][PASSED] - verifyTextPresent(cardTypeV, true): Text 'Visa' is present on page  using regular expression

2023-02-22 18:53:15 - [MESSAGE][PASSED] - Text 'Visa' is present on page  using regular expression

2023-02-22 18:53:15 - [TEST_STEP][PASSED] - verifyTextPresent(last4V, true): Text '5439' is present on page  using regular expression

2023-02-22 18:53:15 - [MESSAGE][PASSED] - Text '5439' is present on page  using regular expression

2023-02-22 18:53:15 - [TEST_STEP][PASSED] - switch (appName): null

2023-02-22 18:53:15 - [TEST_STEP][PASSED] - closeBrowser(): Browser is closed

2023-02-22 18:53:16 - [MESSAGE][PASSED] - Browser is closed

2023-02-22 18:53:16 - [TEST_STEP][PASSED] - ExecuteTC = findTestData(dataFile).getValue("Execute", row): null

2023-02-22 18:53:16 - [TEST_STEP][PASSED] - out.println("Value of Execute is : " + ExecuteTC): null

2023-02-22 18:53:16 - [TEST_STEP][PASSED] - switch (executionProfile): null

2023-02-22 18:53:16 - [TEST_STEP][PASSED] - case "QAProfile":: null

2023-02-22 18:53:16 - [TEST_STEP][PASSED] - appName = findTestData(dataFile).getValue("AppNameQA", row): null

2023-02-22 18:53:16 - [TEST_STEP][PASSED] - appID = findTestData(dataFile).getValue("AppIDQA", row): null

2023-02-22 18:53:16 - [TEST_STEP][PASSED] - break: null

2023-02-22 18:53:16 - [TEST_STEP][PASSED] - if (ExecuteTC.equalsIgnoreCase("Y")): null

2023-02-22 18:53:16 - [TEST_STEP][PASSED] - closeBrowser(): Browser is closed

2023-02-22 18:53:16 - [MESSAGE][PASSED] - Browser is closed

2023-02-22 18:53:16 - [TEST_STEP][PASSED] - ExecuteTC = findTestData(dataFile).getValue("Execute", row): null

2023-02-22 18:53:16 - [TEST_STEP][PASSED] - out.println("Value of Execute is : " + ExecuteTC): null

2023-02-22 18:53:16 - [TEST_STEP][PASSED] - switch (executionProfile): null

2023-02-22 18:53:16 - [TEST_STEP][PASSED] - case "QAProfile":: null

2023-02-22 18:53:16 - [TEST_STEP][PASSED] - appName = findTestData(dataFile).getValue("AppNameQA", row): null

2023-02-22 18:53:16 - [TEST_STEP][PASSED] - appID = findTestData(dataFile).getValue("AppIDQA", row): null

2023-02-22 18:53:16 - [TEST_STEP][PASSED] - break: null

2023-02-22 18:53:16 - [TEST_STEP][PASSED] - if (ExecuteTC.equalsIgnoreCase("Y")): null

2023-02-22 18:53:16 - [TEST_STEP][PASSED] - closeBrowser(): Browser is closed

2023-02-22 18:53:16 - [MESSAGE][PASSED] - Browser is closed

2023-02-22 18:53:16 - [TEST_STEP][PASSED] - ExecuteTC = findTestData(dataFile).getValue("Execute", row): null

2023-02-22 18:53:16 - [TEST_STEP][PASSED] - out.println("Value of Execute is : " + ExecuteTC): null

2023-02-22 18:53:16 - [TEST_STEP][PASSED] - switch (executionProfile): null

2023-02-22 18:53:16 - [TEST_STEP][PASSED] - case "QAProfile":: null

2023-02-22 18:53:16 - [TEST_STEP][PASSED] - appName = findTestData(dataFile).getValue("AppNameQA", row): null

2023-02-22 18:53:16 - [TEST_STEP][PASSED] - appID = findTestData(dataFile).getValue("AppIDQA", row): null

2023-02-22 18:53:16 - [TEST_STEP][PASSED] - break: null

2023-02-22 18:53:16 - [TEST_STEP][PASSED] - if (ExecuteTC.equalsIgnoreCase("Y")): null

2023-02-22 18:53:16 - [TEST_STEP][PASSED] - closeBrowser(): Browser is closed

2023-02-22 18:53:16 - [MESSAGE][PASSED] - Browser is closed

2023-02-22 18:53:16 - [TEST_STEP][PASSED] - ExecuteTC = findTestData(dataFile).getValue("Execute", row): null

2023-02-22 18:53:17 - [TEST_STEP][PASSED] - out.println("Value of Execute is : " + ExecuteTC): null

2023-02-22 18:53:17 - [TEST_STEP][PASSED] - switch (executionProfile): null

2023-02-22 18:53:17 - [TEST_STEP][PASSED] - case "QAProfile":: null

2023-02-22 18:53:17 - [TEST_STEP][PASSED] - appName = findTestData(dataFile).getValue("AppNameQA", row): null

2023-02-22 18:53:17 - [TEST_STEP][PASSED] - appID = findTestData(dataFile).getValue("AppIDQA", row): null

2023-02-22 18:53:17 - [TEST_STEP][PASSED] - break: null

2023-02-22 18:53:17 - [TEST_STEP][PASSED] - if (ExecuteTC.equalsIgnoreCase("Y")): null

2023-02-22 18:53:17 - [TEST_STEP][PASSED] - closeBrowser(): Browser is closed

2023-02-22 18:53:17 - [MESSAGE][PASSED] - Browser is closed

2023-02-22 18:53:17 - [TEST_STEP][PASSED] - ExecuteTC = findTestData(dataFile).getValue("Execute", row): null

2023-02-22 18:53:17 - [TEST_STEP][PASSED] - out.println("Value of Execute is : " + ExecuteTC): null

2023-02-22 18:53:17 - [TEST_STEP][PASSED] - switch (executionProfile): null

2023-02-22 18:53:17 - [TEST_STEP][PASSED] - case "QAProfile":: null

2023-02-22 18:53:17 - [TEST_STEP][PASSED] - appName = findTestData(dataFile).getValue("AppNameQA", row): null

2023-02-22 18:53:17 - [TEST_STEP][PASSED] - appID = findTestData(dataFile).getValue("AppIDQA", row): null

2023-02-22 18:53:17 - [TEST_STEP][PASSED] - break: null

2023-02-22 18:53:17 - [TEST_STEP][PASSED] - if (ExecuteTC.equalsIgnoreCase("Y")): null

2023-02-22 18:53:17 - [TEST_STEP][PASSED] - closeBrowser(): Browser is closed

2023-02-22 18:53:17 - [MESSAGE][PASSED] - Browser is closed

2023-02-22 18:53:17 - [TEST_STEP][PASSED] - ExecuteTC = findTestData(dataFile).getValue("Execute", row): null

2023-02-22 18:53:17 - [TEST_STEP][PASSED] - out.println("Value of Execute is : " + ExecuteTC): null

2023-02-22 18:53:17 - [TEST_STEP][PASSED] - switch (executionProfile): null

2023-02-22 18:53:17 - [TEST_STEP][PASSED] - case "QAProfile":: null

2023-02-22 18:53:17 - [TEST_STEP][PASSED] - appName = findTestData(dataFile).getValue("AppNameQA", row): null

2023-02-22 18:53:17 - [TEST_STEP][PASSED] - appID = findTestData(dataFile).getValue("AppIDQA", row): null

2023-02-22 18:53:17 - [TEST_STEP][PASSED] - break: null

2023-02-22 18:53:17 - [TEST_STEP][PASSED] - if (ExecuteTC.equalsIgnoreCase("Y")): null

2023-02-22 18:53:17 - [TEST_STEP][PASSED] - closeBrowser(): Browser is closed

2023-02-22 18:53:17 - [MESSAGE][PASSED] - Browser is closed

2023-02-22 18:53:17 - [TEST_STEP][PASSED] - ExecuteTC = findTestData(dataFile).getValue("Execute", row): null

2023-02-22 18:53:17 - [TEST_STEP][PASSED] - out.println("Value of Execute is : " + ExecuteTC): null

2023-02-22 18:53:17 - [TEST_STEP][PASSED] - switch (executionProfile): null

2023-02-22 18:53:17 - [TEST_STEP][PASSED] - case "QAProfile":: null

2023-02-22 18:53:17 - [TEST_STEP][PASSED] - appName = findTestData(dataFile).getValue("AppNameQA", row): null

2023-02-22 18:53:17 - [TEST_STEP][PASSED] - appID = findTestData(dataFile).getValue("AppIDQA", row): null

2023-02-22 18:53:17 - [TEST_STEP][PASSED] - break: null

2023-02-22 18:53:17 - [TEST_STEP][PASSED] - if (ExecuteTC.equalsIgnoreCase("Y")): null

2023-02-22 18:53:17 - [TEST_STEP][PASSED] - closeBrowser(): Browser is closed

2023-02-22 18:53:17 - [MESSAGE][PASSED] - Browser is closed

2023-02-22 18:53:17 - [TEST_STEP][PASSED] - ExecuteTC = findTestData(dataFile).getValue("Execute", row): null

2023-02-22 18:53:17 - [TEST_STEP][PASSED] - out.println("Value of Execute is : " + ExecuteTC): null

2023-02-22 18:53:17 - [TEST_STEP][PASSED] - switch (executionProfile): null

2023-02-22 18:53:17 - [TEST_STEP][PASSED] - case "QAProfile":: null

2023-02-22 18:53:17 - [TEST_STEP][PASSED] - appName = findTestData(dataFile).getValue("AppNameQA", row): null

2023-02-22 18:53:17 - [TEST_STEP][PASSED] - appID = findTestData(dataFile).getValue("AppIDQA", row): null

2023-02-22 18:53:17 - [TEST_STEP][PASSED] - break: null

2023-02-22 18:53:17 - [TEST_STEP][PASSED] - if (ExecuteTC.equalsIgnoreCase("Y")): null

2023-02-22 18:53:17 - [TEST_STEP][PASSED] - out.println("Begin Record Number: " + row): null

2023-02-22 18:53:17 - [TEST_STEP][PASSED] - today = new java.util.Date(): null

2023-02-22 18:53:17 - [TEST_STEP][PASSED] - println(today): null

2023-02-22 18:53:17 - [TEST_STEP][PASSED] - datText = today: null

2023-02-22 18:53:17 - [TEST_STEP][PASSED] - adminSuiteBootstrap.loginFunctionality.login_AdminSuite(): adminSuiteBootstrap.loginFunctionality.login_AdminSuite is PASSED

2023-02-22 18:53:17 - [MESSAGE][INFO] - Starting 'Chrome' driver

2023-02-22 18:53:17 - [MESSAGE][INFO] - User set preference: ['acceptInsecureCerts', 'true']

2023-02-22 18:53:17 - [MESSAGE][INFO] - Action delay is set to 0 milliseconds

2023-02-22 18:53:20 - [MESSAGE][PASSED] - Browser is opened with url: 'https://qa.velocitypayment.com/admin/imtiaz'

2023-02-22 18:53:20 - [MESSAGE][PASSED] - Current window maximized

2023-02-22 18:53:20 - [MESSAGE][PASSED] - Object 'Object Repository/Login_Page/Login_Username' is present

2023-02-22 18:53:21 - [MESSAGE][PASSED] - Text 'iahmed' is set on object 'Object Repository/Login_Page/Login_Username'

2023-02-22 18:53:21 - [MESSAGE][PASSED] - Text 'hello2222' is set on object 'Object Repository/Login_Page/Login_Password'

2023-02-22 18:53:25 - [MESSAGE][PASSED] - Object: 'Object Repository/Login_Page/Login_Submit' is clicked on

2023-02-22 18:53:25 - [MESSAGE][PASSED] - adminSuiteBootstrap.loginFunctionality.login_AdminSuite is PASSED

2023-02-22 18:53:25 - [TEST_STEP][PASSED] - click(findTestObject(path_Dashboard + appName)): Object: 'Object Repository/AdminSuiteBootstrap_Pages/Dashboard_Bootstrap/a_Access AutoSingleCFtpQA' is clicked on

2023-02-22 18:53:26 - [MESSAGE][PASSED] - Object: 'Object Repository/AdminSuiteBootstrap_Pages/Dashboard_Bootstrap/a_Access AutoSingleCFtpQA' is clicked on

2023-02-22 18:53:26 - [TEST_STEP][PASSED] - click(findTestObject(path_VT + "a_Find Profile")): Object: 'Object Repository/AdminSuiteBootstrap_Pages/VT_Bootstrap/IssueTransactions/a_Find Profile' is clicked on

2023-02-22 18:53:26 - [MESSAGE][PASSED] - Object: 'Object Repository/AdminSuiteBootstrap_Pages/VT_Bootstrap/IssueTransactions/a_Find Profile' is clicked on

2023-02-22 18:53:26 - [TEST_STEP][PASSED] - criteria = <not implemented yet for class: org.codehaus.groovy.ast.expr.EmptyExpression>: null

2023-02-22 18:53:26 - [TEST_STEP][PASSED] - searchBy = <not implemented yet for class: org.codehaus.groovy.ast.expr.EmptyExpression>: null

2023-02-22 18:53:26 - [TEST_STEP][PASSED] - criteria = findTestData(dataFile).getValue("ProfileName", row): null

2023-02-22 18:53:26 - [TEST_STEP][PASSED] - path_SearchProfile = "Object Repository/AdminSuiteBootstrap_Pages/VSP_Bootstrap/SearchProfile/": null

2023-02-22 18:53:26 - [TEST_STEP][PASSED] - setText(findTestObject(path_SearchProfile + "input_Criteria"), criteria): Text 'PaymentsVisa' is set on object 'Object Repository/AdminSuiteBootstrap_Pages/VSP_Bootstrap/SearchProfile/input_Criteria'

2023-02-22 18:53:27 - [MESSAGE][PASSED] - Text 'PaymentsVisa' is set on object 'Object Repository/AdminSuiteBootstrap_Pages/VSP_Bootstrap/SearchProfile/input_Criteria'

2023-02-22 18:53:27 - [TEST_STEP][PASSED] - click(findTestObject(path_SearchProfile + "button_Search")): Object: 'Object Repository/AdminSuiteBootstrap_Pages/VSP_Bootstrap/SearchProfile/button_Search' is clicked on

2023-02-22 18:53:28 - [MESSAGE][PASSED] - Object: 'Object Repository/AdminSuiteBootstrap_Pages/VSP_Bootstrap/SearchProfile/button_Search' is clicked on

2023-02-22 18:53:28 - [TEST_STEP][PASSED] - profNameLink = findTestData(dataFile).getValue("ProfileNameLink", row): null

2023-02-22 18:53:28 - [TEST_STEP][PASSED] - click(findTestObject(path_ViewProfile + profNameLink)): Object: 'Object Repository/AdminSuiteBootstrap_Pages/VSP_Bootstrap/View Profile/a_PaymentsVisa' is clicked on

2023-02-22 18:53:29 - [MESSAGE][PASSED] - Object: 'Object Repository/AdminSuiteBootstrap_Pages/VSP_Bootstrap/View Profile/a_PaymentsVisa' is clicked on

2023-02-22 18:53:29 - [TEST_STEP][PASSED] - click(findTestObject(path_ViewProfile + "a_Auth")): Object: 'Object Repository/AdminSuiteBootstrap_Pages/VSP_Bootstrap/View Profile/a_Auth' is clicked on

2023-02-22 18:53:30 - [MESSAGE][PASSED] - Object: 'Object Repository/AdminSuiteBootstrap_Pages/VSP_Bootstrap/View Profile/a_Auth' is clicked on

2023-02-22 18:53:30 - [TEST_STEP][PASSED] - verifyTextPresent("Credit Card Authorization", true): Text 'Credit Card Authorization' is present on page  using regular expression

2023-02-22 18:53:31 - [MESSAGE][PASSED] - Text 'Credit Card Authorization' is present on page  using regular expression

2023-02-22 18:53:31 - [TEST_STEP][PASSED] - verifyTextPresent("Required fields are highlighted with an asterisk", true): Text 'Required fields are highlighted with an asterisk' is present on page  using regular expression

2023-02-22 18:53:31 - [MESSAGE][PASSED] - Text 'Required fields are highlighted with an asterisk' is present on page  using regular expression

2023-02-22 18:53:31 - [TEST_STEP][PASSED] - verifyTextPresent("Remittance ID", true): Text 'Remittance ID' is present on page  using regular expression

2023-02-22 18:53:32 - [MESSAGE][PASSED] - Text 'Remittance ID' is present on page  using regular expression

2023-02-22 18:53:32 - [TEST_STEP][PASSED] - vspBootstrap.SalePage.setDataSaleAndAuth(row, dataFile): vspBootstrap.SalePage.setDataSaleAndAuth is PASSED

2023-02-22 18:53:33 - [MESSAGE][PASSED] - All options with value 'MOTO' are selected in object 'Object Repository/AdminSuiteBootstrap_Pages/VSP_Bootstrap/VSP_Authcap/select_TransactionCategory'  using regular expression

2023-02-22 18:53:34 - [MESSAGE][PASSED] - Text '123' is set on object 'Object Repository/AdminSuiteBootstrap_Pages/VSP_Bootstrap/VSP_Authcap/input_cvv'

2023-02-22 18:53:35 - [MESSAGE][PASSED] - Text '' is set on object 'Object Repository/AdminSuiteBootstrap_Pages/VSP_Bootstrap/VSP_Authcap/input_smsNumber'

2023-02-22 18:53:35 - [MESSAGE][PASSED] - Text '2.50' is set on object 'Object Repository/AdminSuiteBootstrap_Pages/VSP_Bootstrap/VSP_Authcap/input_amount'

2023-02-22 18:53:37 - [MESSAGE][PASSED] - Text 'Delhi' is set on object 'Object Repository/AdminSuiteBootstrap_Pages/VSP_Bootstrap/VSP_Authcap/input_userDefined1'

2023-02-22 18:53:37 - [MESSAGE][PASSED] - Text 'Chennai' is set on object 'Object Repository/AdminSuiteBootstrap_Pages/VSP_Bootstrap/VSP_Authcap/input_userDefined2'

2023-02-22 18:53:38 - [MESSAGE][PASSED] - Text 'Mumbai' is set on object 'Object Repository/AdminSuiteBootstrap_Pages/VSP_Bootstrap/VSP_Authcap/input_userDefined3'

2023-02-22 18:53:39 - [MESSAGE][PASSED] - Text 'Kanpur' is set on object 'Object Repository/AdminSuiteBootstrap_Pages/VSP_Bootstrap/VSP_Authcap/input_userDefined4'

2023-02-22 18:53:40 - [MESSAGE][PASSED] - All options with label 'Orange' are selected in object 'Object Repository/AdminSuiteBootstrap_Pages/VSP_Bootstrap/VSP_Authcap/select_UDF5'  using regular expression

2023-02-22 18:53:41 - [MESSAGE][PASSED] - All options with label 'Yellow' are selected in object 'Object Repository/AdminSuiteBootstrap_Pages/VSP_Bootstrap/VSP_Authcap/select_UDF6'  using regular expression

2023-02-22 18:53:41 - [MESSAGE][PASSED] - Text 'Kolkata' is set on object 'Object Repository/AdminSuiteBootstrap_Pages/VSP_Bootstrap/VSP_Authcap/input_userDefined7'

2023-02-22 18:53:42 - [MESSAGE][PASSED] - Text 'Pune' is set on object 'Object Repository/AdminSuiteBootstrap_Pages/VSP_Bootstrap/VSP_Authcap/input_userDefined8'

2023-02-22 18:53:43 - [MESSAGE][PASSED] - Text 'Bhavnagar' is set on object 'Object Repository/AdminSuiteBootstrap_Pages/VSP_Bootstrap/VSP_Authcap/input_userDefined9'

2023-02-22 18:53:43 - [MESSAGE][PASSED] - Text 'Noida' is set on object 'Object Repository/AdminSuiteBootstrap_Pages/VSP_Bootstrap/VSP_Authcap/input_userDefined10'

2023-02-22 18:53:45 - [MESSAGE][PASSED] - Object: 'Object Repository/AdminSuiteBootstrap_Pages/VSP_Bootstrap/VSP_Authcap/button_Submit' is clicked on

2023-02-22 18:53:45 - [MESSAGE][PASSED] - vspBootstrap.SalePage.setDataSaleAndAuth is PASSED

2023-02-22 18:53:45 - [TEST_STEP][PASSED] - verifyTextPresent("Transaction Successful", true): Text 'Transaction Successful' is present on page  using regular expression

2023-02-22 18:53:46 - [MESSAGE][PASSED] - Text 'Transaction Successful' is present on page  using regular expression

2023-02-22 18:53:46 - [TEST_STEP][PASSED] - verifyElementVisible(findTestObject("Object Repository/AdminSuiteBootstrap_Pages/VT_Bootstrap/Receipt/button_Continue")): Object 'Object Repository/AdminSuiteBootstrap_Pages/VT_Bootstrap/Receipt/button_Continue' is visible

2023-02-22 18:53:46 - [MESSAGE][PASSED] - Object 'Object Repository/AdminSuiteBootstrap_Pages/VT_Bootstrap/Receipt/button_Continue' is visible

2023-02-22 18:53:46 - [TEST_STEP][PASSED] - verifyElementPresent(findTestObject("Object Repository/AdminSuiteBootstrap_Pages/VT_Bootstrap/Receipt/button_Continue"), 20): Object 'Object Repository/AdminSuiteBootstrap_Pages/VT_Bootstrap/Receipt/button_Continue' is present

2023-02-22 18:53:47 - [MESSAGE][PASSED] - Object 'Object Repository/AdminSuiteBootstrap_Pages/VT_Bootstrap/Receipt/button_Continue' is present

2023-02-22 18:53:47 - [TEST_STEP][PASSED] - verifyElementVisible(findTestObject("Object Repository/AdminSuiteBootstrap_Pages/VT_Bootstrap/Receipt/button_Print")): Object 'Object Repository/AdminSuiteBootstrap_Pages/VT_Bootstrap/Receipt/button_Print' is visible

2023-02-22 18:53:47 - [MESSAGE][PASSED] - Object 'Object Repository/AdminSuiteBootstrap_Pages/VT_Bootstrap/Receipt/button_Print' is visible

2023-02-22 18:53:47 - [TEST_STEP][PASSED] - verifyElementPresent(findTestObject("Object Repository/AdminSuiteBootstrap_Pages/VT_Bootstrap/Receipt/button_Print"), 20): Object 'Object Repository/AdminSuiteBootstrap_Pages/VT_Bootstrap/Receipt/button_Print' is present

2023-02-22 18:53:47 - [MESSAGE][PASSED] - Object 'Object Repository/AdminSuiteBootstrap_Pages/VT_Bootstrap/Receipt/button_Print' is present

2023-02-22 18:53:47 - [TEST_STEP][PASSED] - verifyTextPresent("Remittance ID", true): Text 'Remittance ID' is present on page  using regular expression

2023-02-22 18:53:48 - [MESSAGE][PASSED] - Text 'Remittance ID' is present on page  using regular expression

2023-02-22 18:53:48 - [TEST_STEP][PASSED] - verifyTextPresent("Received", true): Text 'Received' is present on page  using regular expression

2023-02-22 18:53:48 - [MESSAGE][PASSED] - Text 'Received' is present on page  using regular expression

2023-02-22 18:53:48 - [TEST_STEP][PASSED] - verifyTextPresent("UDF1", true): Text 'UDF1' is present on page  using regular expression

2023-02-22 18:53:48 - [MESSAGE][PASSED] - Text 'UDF1' is present on page  using regular expression

2023-02-22 18:53:48 - [TEST_STEP][PASSED] - verifyTextPresent("UDF2", true): Text 'UDF2' is present on page  using regular expression

2023-02-22 18:53:48 - [MESSAGE][PASSED] - Text 'UDF2' is present on page  using regular expression

2023-02-22 18:53:48 - [TEST_STEP][PASSED] - verifyTextPresent("UDF3", true): Text 'UDF3' is present on page  using regular expression

2023-02-22 18:53:49 - [MESSAGE][PASSED] - Text 'UDF3' is present on page  using regular expression

2023-02-22 18:53:49 - [TEST_STEP][PASSED] - verifyTextPresent("UDF4", true): Text 'UDF4' is present on page  using regular expression

2023-02-22 18:53:49 - [MESSAGE][PASSED] - Text 'UDF4' is present on page  using regular expression

2023-02-22 18:53:49 - [TEST_STEP][PASSED] - verifyTextPresent("UDF5", true): Text 'UDF5' is present on page  using regular expression

2023-02-22 18:53:49 - [MESSAGE][PASSED] - Text 'UDF5' is present on page  using regular expression

2023-02-22 18:53:49 - [TEST_STEP][PASSED] - verifyTextPresent("UDF6", true): Text 'UDF6' is present on page  using regular expression

2023-02-22 18:53:50 - [MESSAGE][PASSED] - Text 'UDF6' is present on page  using regular expression

2023-02-22 18:53:50 - [TEST_STEP][PASSED] - verifyTextPresent("UDF7", true): Text 'UDF7' is present on page  using regular expression

2023-02-22 18:53:50 - [MESSAGE][PASSED] - Text 'UDF7' is present on page  using regular expression

2023-02-22 18:53:50 - [TEST_STEP][PASSED] - verifyTextPresent("UDF8", true): Text 'UDF8' is present on page  using regular expression

2023-02-22 18:53:50 - [MESSAGE][PASSED] - Text 'UDF8' is present on page  using regular expression

2023-02-22 18:53:50 - [TEST_STEP][PASSED] - verifyTextPresent("UDF9", true): Text 'UDF9' is present on page  using regular expression

2023-02-22 18:53:51 - [MESSAGE][PASSED] - Text 'UDF9' is present on page  using regular expression

2023-02-22 18:53:51 - [TEST_STEP][PASSED] - verifyTextPresent("UDF 10", true): Text 'UDF 10' is present on page  using regular expression

2023-02-22 18:53:51 - [MESSAGE][PASSED] - Text 'UDF 10' is present on page  using regular expression

2023-02-22 18:53:51 - [TEST_STEP][PASSED] - verifyTextPresent("Delhi", true): Text 'Delhi' is present on page  using regular expression

2023-02-22 18:53:51 - [MESSAGE][PASSED] - Text 'Delhi' is present on page  using regular expression

2023-02-22 18:53:51 - [TEST_STEP][PASSED] - verifyTextPresent("Chennai", true): Text 'Chennai' is present on page  using regular expression

2023-02-22 18:53:52 - [MESSAGE][PASSED] - Text 'Chennai' is present on page  using regular expression

2023-02-22 18:53:52 - [TEST_STEP][PASSED] - verifyTextPresent("Mumbai", true): Text 'Mumbai' is present on page  using regular expression

2023-02-22 18:53:52 - [MESSAGE][PASSED] - Text 'Mumbai' is present on page  using regular expression

2023-02-22 18:53:52 - [TEST_STEP][PASSED] - verifyTextPresent("Kanpur", true): Text 'Kanpur' is present on page  using regular expression

2023-02-22 18:53:52 - [MESSAGE][PASSED] - Text 'Kanpur' is present on page  using regular expression

2023-02-22 18:53:52 - [TEST_STEP][PASSED] - verifyTextPresent("Orange Recorded", true): Text 'Orange Recorded' is present on page  using regular expression

2023-02-22 18:53:53 - [MESSAGE][PASSED] - Text 'Orange Recorded' is present on page  using regular expression

2023-02-22 18:53:53 - [TEST_STEP][PASSED] - verifyTextPresent("Yellow Recorded", true): Text 'Yellow Recorded' is present on page  using regular expression

2023-02-22 18:53:53 - [MESSAGE][PASSED] - Text 'Yellow Recorded' is present on page  using regular expression

2023-02-22 18:53:53 - [TEST_STEP][PASSED] - verifyTextPresent("Kolkata", true): Text 'Kolkata' is present on page  using regular expression

2023-02-22 18:53:53 - [MESSAGE][PASSED] - Text 'Kolkata' is present on page  using regular expression

2023-02-22 18:53:53 - [TEST_STEP][PASSED] - verifyTextPresent("Pune", true): Text 'Pune' is present on page  using regular expression

2023-02-22 18:53:54 - [MESSAGE][PASSED] - Text 'Pune' is present on page  using regular expression

2023-02-22 18:53:54 - [TEST_STEP][PASSED] - verifyTextPresent("Bhavnagar", true): Text 'Bhavnagar' is present on page  using regular expression

2023-02-22 18:53:54 - [MESSAGE][PASSED] - Text 'Bhavnagar' is present on page  using regular expression

2023-02-22 18:53:54 - [TEST_STEP][PASSED] - verifyTextPresent("Noida", true): Text 'Noida' is present on page  using regular expression

2023-02-22 18:53:54 - [MESSAGE][PASSED] - Text 'Noida' is present on page  using regular expression

2023-02-22 18:53:54 - [TEST_STEP][PASSED] - verifyTextPresent("Amount", true): Text 'Amount' is present on page  using regular expression

2023-02-22 18:53:55 - [MESSAGE][PASSED] - Text 'Amount' is present on page  using regular expression

2023-02-22 18:53:55 - [TEST_STEP][PASSED] - verifyTextPresent("2.50", true): Text '2.50' is present on page  using regular expression

2023-02-22 18:53:55 - [MESSAGE][PASSED] - Text '2.50' is present on page  using regular expression

2023-02-22 18:53:55 - [TEST_STEP][PASSED] - verifyTextPresent("Authorization", true): Text 'Authorization' is present on page  using regular expression

2023-02-22 18:53:55 - [MESSAGE][PASSED] - Text 'Authorization' is present on page  using regular expression

2023-02-22 18:53:55 - [TEST_STEP][PASSED] - verifyTextPresent("Card Information", true): Text 'Card Information' is present on page  using regular expression

2023-02-22 18:53:56 - [MESSAGE][PASSED] - Text 'Card Information' is present on page  using regular expression

2023-02-22 18:53:56 - [TEST_STEP][PASSED] - verifyTextPresent("TANDON RAVENA", true): Text 'TANDON RAVENA' is present on page  using regular expression

2023-02-22 18:53:56 - [MESSAGE][PASSED] - Text 'TANDON RAVENA' is present on page  using regular expression

2023-02-22 18:53:56 - [TEST_STEP][PASSED] - verifyTextPresent("Address Line 1", true): Text 'Address Line 1' is present on page  using regular expression

2023-02-22 18:53:56 - [MESSAGE][PASSED] - Text 'Address Line 1' is present on page  using regular expression

2023-02-22 18:53:56 - [TEST_STEP][PASSED] - verifyTextPresent("Address Line 2", true): Text 'Address Line 2' is present on page  using regular expression

2023-02-22 18:53:57 - [MESSAGE][PASSED] - Text 'Address Line 2' is present on page  using regular expression

2023-02-22 18:53:57 - [TEST_STEP][PASSED] - verifyTextPresent("Country", true): Text 'Country' is present on page  using regular expression

2023-02-22 18:53:57 - [MESSAGE][PASSED] - Text 'Country' is present on page  using regular expression

2023-02-22 18:53:57 - [TEST_STEP][PASSED] - verifyTextPresent("City", true): Text 'City' is present on page  using regular expression

2023-02-22 18:53:57 - [MESSAGE][PASSED] - Text 'City' is present on page  using regular expression

2023-02-22 18:53:57 - [TEST_STEP][PASSED] - verifyTextPresent("State", true): Text 'State' is present on page  using regular expression

2023-02-22 18:53:58 - [MESSAGE][PASSED] - Text 'State' is present on page  using regular expression

2023-02-22 18:53:58 - [TEST_STEP][PASSED] - verifyTextPresent("ZIP Code", true): Text 'ZIP Code' is present on page  using regular expression

2023-02-22 18:53:58 - [MESSAGE][PASSED] - Text 'ZIP Code' is present on page  using regular expression

2023-02-22 18:53:58 - [TEST_STEP][PASSED] - verifyTextPresent("248 PhoolKaante road", true): Text '248 PhoolKaante road' is present on page  using regular expression

2023-02-22 18:53:58 - [MESSAGE][PASSED] - Text '248 PhoolKaante road' is present on page  using regular expression

2023-02-22 18:53:58 - [TEST_STEP][PASSED] - verifyTextPresent("Suite 678", true): Text 'Suite 678' is present on page  using regular expression

2023-02-22 18:53:59 - [MESSAGE][PASSED] - Text 'Suite 678' is present on page  using regular expression

2023-02-22 18:53:59 - [TEST_STEP][PASSED] - verifyTextPresent("United States", true): Text 'United States' is present on page  using regular expression

2023-02-22 18:53:59 - [MESSAGE][PASSED] - Text 'United States' is present on page  using regular expression

2023-02-22 18:53:59 - [TEST_STEP][PASSED] - verifyTextPresent("ARLINGTON", true): Text 'ARLINGTON' is present on page  using regular expression

2023-02-22 18:53:59 - [MESSAGE][PASSED] - Text 'ARLINGTON' is present on page  using regular expression

2023-02-22 18:53:59 - [TEST_STEP][PASSED] - verifyTextPresent("VA", true): Text 'VA' is present on page  using regular expression

2023-02-22 18:54:00 - [MESSAGE][PASSED] - Text 'VA' is present on page  using regular expression

2023-02-22 18:54:00 - [TEST_STEP][PASSED] - verifyTextPresent("22201", true): Text '22201' is present on page  using regular expression

2023-02-22 18:54:00 - [MESSAGE][PASSED] - Text '22201' is present on page  using regular expression

2023-02-22 18:54:00 - [TEST_STEP][PASSED] - cardTypeV = findTestData(dataFile).getValue("CardType", row): null

2023-02-22 18:54:00 - [TEST_STEP][PASSED] - last4V = findTestData(dataFile).getValue("Last4", row): null

2023-02-22 18:54:00 - [TEST_STEP][PASSED] - verifyTextPresent(cardTypeV, true): Text 'Visa' is present on page  using regular expression

2023-02-22 18:54:00 - [MESSAGE][PASSED] - Text 'Visa' is present on page  using regular expression

2023-02-22 18:54:00 - [TEST_STEP][PASSED] - verifyTextPresent(last4V, true): Text '5439' is present on page  using regular expression

2023-02-22 18:54:01 - [MESSAGE][PASSED] - Text '5439' is present on page  using regular expression

2023-02-22 18:54:01 - [TEST_STEP][PASSED] - switch (appName): null

2023-02-22 18:54:01 - [TEST_STEP][PASSED] - case "a_Access AutoSingleCFtpQA":: null

2023-02-22 18:54:01 - [TEST_STEP][PASSED] - verifyTextPresent("5.00", true): Text '5.00' is present on page  using regular expression

2023-02-22 18:54:01 - [MESSAGE][PASSED] - Text '5.00' is present on page  using regular expression

2023-02-22 18:54:01 - [TEST_STEP][PASSED] - verifyTextPresent("Single Transaction", true): Text 'Single Transaction' is present on page  using regular expression

2023-02-22 18:54:01 - [MESSAGE][PASSED] - Text 'Single Transaction' is present on page  using regular expression

2023-02-22 18:54:01 - [TEST_STEP][PASSED] - verifyTextPresent("7.50", true): Text '7.50' is present on page  using regular expression

2023-02-22 18:54:02 - [MESSAGE][PASSED] - Text '7.50' is present on page  using regular expression

2023-02-22 18:54:02 - [TEST_STEP][PASSED] - verifyTextPresent("Total Amount", true): Text 'Total Amount' is present on page  using regular expression

2023-02-22 18:54:02 - [MESSAGE][PASSED] - Text 'Total Amount' is present on page  using regular expression

2023-02-22 18:54:02 - [TEST_STEP][PASSED] - verifyTextPresent("Transaction Type", true): Text 'Transaction Type' is present on page  using regular expression

2023-02-22 18:54:02 - [MESSAGE][PASSED] - Text 'Transaction Type' is present on page  using regular expression

2023-02-22 18:54:02 - [TEST_STEP][PASSED] - break: null

2023-02-22 18:54:02 - [TEST_STEP][PASSED] - closeBrowser(): Browser is closed

2023-02-22 18:54:03 - [MESSAGE][PASSED] - Browser is closed

2023-02-22 18:54:03 - [TEST_STEP][PASSED] - ExecuteTC = findTestData(dataFile).getValue("Execute", row): null

2023-02-22 18:54:03 - [TEST_STEP][PASSED] - out.println("Value of Execute is : " + ExecuteTC): null

2023-02-22 18:54:03 - [TEST_STEP][PASSED] - switch (executionProfile): null

2023-02-22 18:54:03 - [TEST_STEP][PASSED] - case "QAProfile":: null

2023-02-22 18:54:03 - [TEST_STEP][PASSED] - appName = findTestData(dataFile).getValue("AppNameQA", row): null

2023-02-22 18:54:03 - [TEST_STEP][PASSED] - appID = findTestData(dataFile).getValue("AppIDQA", row): null

2023-02-22 18:54:03 - [TEST_STEP][PASSED] - break: null

2023-02-22 18:54:03 - [TEST_STEP][PASSED] - if (ExecuteTC.equalsIgnoreCase("Y")): null

2023-02-22 18:54:03 - [TEST_STEP][PASSED] - closeBrowser(): Browser is closed

2023-02-22 18:54:03 - [MESSAGE][PASSED] - Browser is closed

2023-02-22 18:54:03 - [TEST_STEP][PASSED] - ExecuteTC = findTestData(dataFile).getValue("Execute", row): null

2023-02-22 18:54:04 - [TEST_STEP][PASSED] - out.println("Value of Execute is : " + ExecuteTC): null

2023-02-22 18:54:04 - [TEST_STEP][PASSED] - switch (executionProfile): null

2023-02-22 18:54:04 - [TEST_STEP][PASSED] - case "QAProfile":: null

2023-02-22 18:54:04 - [TEST_STEP][PASSED] - appName = findTestData(dataFile).getValue("AppNameQA", row): null

2023-02-22 18:54:04 - [TEST_STEP][PASSED] - appID = findTestData(dataFile).getValue("AppIDQA", row): null

2023-02-22 18:54:04 - [TEST_STEP][PASSED] - break: null

2023-02-22 18:54:04 - [TEST_STEP][PASSED] - if (ExecuteTC.equalsIgnoreCase("Y")): null

2023-02-22 18:54:04 - [TEST_STEP][PASSED] - closeBrowser(): Browser is closed

2023-02-22 18:54:04 - [MESSAGE][PASSED] - Browser is closed

2023-02-22 18:54:04 - [TEST_STEP][PASSED] - ExecuteTC = findTestData(dataFile).getValue("Execute", row): null

2023-02-22 18:54:04 - [TEST_STEP][PASSED] - out.println("Value of Execute is : " + ExecuteTC): null

2023-02-22 18:54:04 - [TEST_STEP][PASSED] - switch (executionProfile): null

2023-02-22 18:54:04 - [TEST_STEP][PASSED] - case "QAProfile":: null

2023-02-22 18:54:04 - [TEST_STEP][PASSED] - appName = findTestData(dataFile).getValue("AppNameQA", row): null

2023-02-22 18:54:04 - [TEST_STEP][PASSED] - appID = findTestData(dataFile).getValue("AppIDQA", row): null

2023-02-22 18:54:04 - [TEST_STEP][PASSED] - break: null

2023-02-22 18:54:04 - [TEST_STEP][PASSED] - if (ExecuteTC.equalsIgnoreCase("Y")): null

2023-02-22 18:54:04 - [TEST_STEP][PASSED] - closeBrowser(): Browser is closed

2023-02-22 18:54:04 - [MESSAGE][PASSED] - Browser is closed

2023-02-22 18:54:04 - [TEST_STEP][PASSED] - ExecuteTC = findTestData(dataFile).getValue("Execute", row): null

2023-02-22 18:54:04 - [TEST_STEP][PASSED] - out.println("Value of Execute is : " + ExecuteTC): null

2023-02-22 18:54:04 - [TEST_STEP][PASSED] - switch (executionProfile): null

2023-02-22 18:54:04 - [TEST_STEP][PASSED] - case "QAProfile":: null

2023-02-22 18:54:04 - [TEST_STEP][PASSED] - appName = findTestData(dataFile).getValue("AppNameQA", row): null

2023-02-22 18:54:04 - [TEST_STEP][PASSED] - appID = findTestData(dataFile).getValue("AppIDQA", row): null

2023-02-22 18:54:04 - [TEST_STEP][PASSED] - break: null

2023-02-22 18:54:04 - [TEST_STEP][PASSED] - if (ExecuteTC.equalsIgnoreCase("Y")): null

2023-02-22 18:54:04 - [TEST_STEP][PASSED] - closeBrowser(): Browser is closed

2023-02-22 18:54:04 - [MESSAGE][PASSED] - Browser is closed

2023-02-22 18:54:04 - [TEST_STEP][PASSED] - ExecuteTC = findTestData(dataFile).getValue("Execute", row): null

2023-02-22 18:54:04 - [TEST_STEP][PASSED] - out.println("Value of Execute is : " + ExecuteTC): null

2023-02-22 18:54:04 - [TEST_STEP][PASSED] - switch (executionProfile): null

2023-02-22 18:54:04 - [TEST_STEP][PASSED] - case "QAProfile":: null

2023-02-22 18:54:04 - [TEST_STEP][PASSED] - appName = findTestData(dataFile).getValue("AppNameQA", row): null

2023-02-22 18:54:04 - [TEST_STEP][PASSED] - appID = findTestData(dataFile).getValue("AppIDQA", row): null

2023-02-22 18:54:04 - [TEST_STEP][PASSED] - break: null

2023-02-22 18:54:04 - [TEST_STEP][PASSED] - if (ExecuteTC.equalsIgnoreCase("Y")): null

2023-02-22 18:54:04 - [TEST_STEP][PASSED] - closeBrowser(): Browser is closed

2023-02-22 18:54:04 - [MESSAGE][PASSED] - Browser is closed

2023-02-22 18:54:04 - [TEST_STEP][PASSED] - ExecuteTC = findTestData(dataFile).getValue("Execute", row): null

2023-02-22 18:54:04 - [TEST_STEP][PASSED] - out.println("Value of Execute is : " + ExecuteTC): null

2023-02-22 18:54:04 - [TEST_STEP][PASSED] - switch (executionProfile): null

2023-02-22 18:54:04 - [TEST_STEP][PASSED] - case "QAProfile":: null

2023-02-22 18:54:04 - [TEST_STEP][PASSED] - appName = findTestData(dataFile).getValue("AppNameQA", row): null

2023-02-22 18:54:04 - [TEST_STEP][PASSED] - appID = findTestData(dataFile).getValue("AppIDQA", row): null

2023-02-22 18:54:04 - [TEST_STEP][PASSED] - break: null

2023-02-22 18:54:04 - [TEST_STEP][PASSED] - if (ExecuteTC.equalsIgnoreCase("Y")): null

2023-02-22 18:54:04 - [TEST_STEP][PASSED] - closeBrowser(): Browser is closed

2023-02-22 18:54:04 - [MESSAGE][PASSED] - Browser is closed

2023-02-22 18:54:04 - [TEST_STEP][PASSED] - ExecuteTC = findTestData(dataFile).getValue("Execute", row): null

2023-02-22 18:54:04 - [TEST_STEP][PASSED] - out.println("Value of Execute is : " + ExecuteTC): null

2023-02-22 18:54:04 - [TEST_STEP][PASSED] - switch (executionProfile): null

2023-02-22 18:54:04 - [TEST_STEP][PASSED] - case "QAProfile":: null

2023-02-22 18:54:04 - [TEST_STEP][PASSED] - appName = findTestData(dataFile).getValue("AppNameQA", row): null

2023-02-22 18:54:04 - [TEST_STEP][PASSED] - appID = findTestData(dataFile).getValue("AppIDQA", row): null

2023-02-22 18:54:04 - [TEST_STEP][PASSED] - break: null

2023-02-22 18:54:04 - [TEST_STEP][PASSED] - if (ExecuteTC.equalsIgnoreCase("Y")): null

2023-02-22 18:54:04 - [TEST_STEP][PASSED] - closeBrowser(): Browser is closed

2023-02-22 18:54:04 - [MESSAGE][PASSED] - Browser is closed

2023-02-22 18:54:04 - [TEST_STEP][PASSED] - ExecuteTC = findTestData(dataFile).getValue("Execute", row): null

2023-02-22 18:54:04 - [TEST_STEP][PASSED] - out.println("Value of Execute is : " + ExecuteTC): null

2023-02-22 18:54:04 - [TEST_STEP][PASSED] - switch (executionProfile): null

2023-02-22 18:54:04 - [TEST_STEP][PASSED] - case "QAProfile":: null

2023-02-22 18:54:04 - [TEST_STEP][PASSED] - appName = findTestData(dataFile).getValue("AppNameQA", row): null

2023-02-22 18:54:04 - [TEST_STEP][PASSED] - appID = findTestData(dataFile).getValue("AppIDQA", row): null

2023-02-22 18:54:04 - [TEST_STEP][PASSED] - break: null

2023-02-22 18:54:04 - [TEST_STEP][PASSED] - if (ExecuteTC.equalsIgnoreCase("Y")): null

2023-02-22 18:54:04 - [TEST_STEP][PASSED] - out.println("Begin Record Number: " + row): null

2023-02-22 18:54:04 - [TEST_STEP][PASSED] - today = new java.util.Date(): null

2023-02-22 18:54:04 - [TEST_STEP][PASSED] - println(today): null

2023-02-22 18:54:04 - [TEST_STEP][PASSED] - datText = today: null

2023-02-22 18:54:04 - [TEST_STEP][PASSED] - adminSuiteBootstrap.loginFunctionality.login_AdminSuite(): adminSuiteBootstrap.loginFunctionality.login_AdminSuite is PASSED

2023-02-22 18:54:04 - [MESSAGE][INFO] - Starting 'Chrome' driver

2023-02-22 18:54:04 - [MESSAGE][INFO] - User set preference: ['acceptInsecureCerts', 'true']

2023-02-22 18:54:04 - [MESSAGE][INFO] - Action delay is set to 0 milliseconds

2023-02-22 18:54:07 - [MESSAGE][PASSED] - Browser is opened with url: 'https://qa.velocitypayment.com/admin/imtiaz'

2023-02-22 18:54:07 - [MESSAGE][PASSED] - Current window maximized

2023-02-22 18:54:07 - [MESSAGE][PASSED] - Object 'Object Repository/Login_Page/Login_Username' is present

2023-02-22 18:54:08 - [MESSAGE][PASSED] - Text 'iahmed' is set on object 'Object Repository/Login_Page/Login_Username'

2023-02-22 18:54:09 - [MESSAGE][PASSED] - Text 'hello2222' is set on object 'Object Repository/Login_Page/Login_Password'

2023-02-22 18:54:11 - [MESSAGE][PASSED] - Object: 'Object Repository/Login_Page/Login_Submit' is clicked on

2023-02-22 18:54:11 - [MESSAGE][PASSED] - adminSuiteBootstrap.loginFunctionality.login_AdminSuite is PASSED

2023-02-22 18:54:11 - [TEST_STEP][PASSED] - click(findTestObject(path_Dashboard + appName)): Object: 'Object Repository/AdminSuiteBootstrap_Pages/Dashboard_Bootstrap/a_Access AutoDualCFtpQA' is clicked on

2023-02-22 18:54:12 - [MESSAGE][PASSED] - Object: 'Object Repository/AdminSuiteBootstrap_Pages/Dashboard_Bootstrap/a_Access AutoDualCFtpQA' is clicked on

2023-02-22 18:54:12 - [TEST_STEP][PASSED] - click(findTestObject(path_VT + "a_Find Profile")): Object: 'Object Repository/AdminSuiteBootstrap_Pages/VT_Bootstrap/IssueTransactions/a_Find Profile' is clicked on

2023-02-22 18:54:13 - [MESSAGE][PASSED] - Object: 'Object Repository/AdminSuiteBootstrap_Pages/VT_Bootstrap/IssueTransactions/a_Find Profile' is clicked on

2023-02-22 18:54:13 - [TEST_STEP][PASSED] - criteria = <not implemented yet for class: org.codehaus.groovy.ast.expr.EmptyExpression>: null

2023-02-22 18:54:13 - [TEST_STEP][PASSED] - searchBy = <not implemented yet for class: org.codehaus.groovy.ast.expr.EmptyExpression>: null

2023-02-22 18:54:13 - [TEST_STEP][PASSED] - criteria = findTestData(dataFile).getValue("ProfileName", row): null

2023-02-22 18:54:13 - [TEST_STEP][PASSED] - path_SearchProfile = "Object Repository/AdminSuiteBootstrap_Pages/VSP_Bootstrap/SearchProfile/": null

2023-02-22 18:54:13 - [TEST_STEP][PASSED] - setText(findTestObject(path_SearchProfile + "input_Criteria"), criteria): Text 'PaymentsVisa' is set on object 'Object Repository/AdminSuiteBootstrap_Pages/VSP_Bootstrap/SearchProfile/input_Criteria'

2023-02-22 18:54:14 - [MESSAGE][PASSED] - Text 'PaymentsVisa' is set on object 'Object Repository/AdminSuiteBootstrap_Pages/VSP_Bootstrap/SearchProfile/input_Criteria'

2023-02-22 18:54:14 - [TEST_STEP][PASSED] - click(findTestObject(path_SearchProfile + "button_Search")): Object: 'Object Repository/AdminSuiteBootstrap_Pages/VSP_Bootstrap/SearchProfile/button_Search' is clicked on

2023-02-22 18:54:15 - [MESSAGE][PASSED] - Object: 'Object Repository/AdminSuiteBootstrap_Pages/VSP_Bootstrap/SearchProfile/button_Search' is clicked on

2023-02-22 18:54:15 - [TEST_STEP][PASSED] - profNameLink = findTestData(dataFile).getValue("ProfileNameLink", row): null

2023-02-22 18:54:15 - [TEST_STEP][PASSED] - click(findTestObject(path_ViewProfile + profNameLink)): Object: 'Object Repository/AdminSuiteBootstrap_Pages/VSP_Bootstrap/View Profile/a_PaymentsVisa' is clicked on

2023-02-22 18:54:16 - [MESSAGE][PASSED] - Object: 'Object Repository/AdminSuiteBootstrap_Pages/VSP_Bootstrap/View Profile/a_PaymentsVisa' is clicked on

2023-02-22 18:54:16 - [TEST_STEP][PASSED] - click(findTestObject(path_ViewProfile + "a_Auth")): Object: 'Object Repository/AdminSuiteBootstrap_Pages/VSP_Bootstrap/View Profile/a_Auth' is clicked on

2023-02-22 18:54:17 - [MESSAGE][PASSED] - Object: 'Object Repository/AdminSuiteBootstrap_Pages/VSP_Bootstrap/View Profile/a_Auth' is clicked on

2023-02-22 18:54:17 - [TEST_STEP][PASSED] - verifyTextPresent("Credit Card Authorization", true): Text 'Credit Card Authorization' is present on page  using regular expression

2023-02-22 18:54:18 - [MESSAGE][PASSED] - Text 'Credit Card Authorization' is present on page  using regular expression

2023-02-22 18:54:18 - [TEST_STEP][PASSED] - verifyTextPresent("Required fields are highlighted with an asterisk", true): Text 'Required fields are highlighted with an asterisk' is present on page  using regular expression

2023-02-22 18:54:18 - [MESSAGE][PASSED] - Text 'Required fields are highlighted with an asterisk' is present on page  using regular expression

2023-02-22 18:54:18 - [TEST_STEP][PASSED] - verifyTextPresent("Remittance ID", true): Text 'Remittance ID' is present on page  using regular expression

2023-02-22 18:54:19 - [MESSAGE][PASSED] - Text 'Remittance ID' is present on page  using regular expression

2023-02-22 18:54:19 - [TEST_STEP][PASSED] - vspBootstrap.SalePage.setDataSaleAndAuth(row, dataFile): vspBootstrap.SalePage.setDataSaleAndAuth is PASSED

2023-02-22 18:54:20 - [MESSAGE][PASSED] - All options with value 'MOTO' are selected in object 'Object Repository/AdminSuiteBootstrap_Pages/VSP_Bootstrap/VSP_Authcap/select_TransactionCategory'  using regular expression

2023-02-22 18:54:21 - [MESSAGE][PASSED] - Text '123' is set on object 'Object Repository/AdminSuiteBootstrap_Pages/VSP_Bootstrap/VSP_Authcap/input_cvv'

2023-02-22 18:54:21 - [MESSAGE][PASSED] - Text '' is set on object 'Object Repository/AdminSuiteBootstrap_Pages/VSP_Bootstrap/VSP_Authcap/input_smsNumber'

2023-02-22 18:54:22 - [MESSAGE][PASSED] - Text '2.50' is set on object 'Object Repository/AdminSuiteBootstrap_Pages/VSP_Bootstrap/VSP_Authcap/input_amount'

2023-02-22 18:54:23 - [MESSAGE][PASSED] - Text 'Delhi' is set on object 'Object Repository/AdminSuiteBootstrap_Pages/VSP_Bootstrap/VSP_Authcap/input_userDefined1'

2023-02-22 18:54:24 - [MESSAGE][PASSED] - Text 'Chennai' is set on object 'Object Repository/AdminSuiteBootstrap_Pages/VSP_Bootstrap/VSP_Authcap/input_userDefined2'

2023-02-22 18:54:25 - [MESSAGE][PASSED] - Text 'Mumbai' is set on object 'Object Repository/AdminSuiteBootstrap_Pages/VSP_Bootstrap/VSP_Authcap/input_userDefined3'

2023-02-22 18:54:25 - [MESSAGE][PASSED] - Text 'Kanpur' is set on object 'Object Repository/AdminSuiteBootstrap_Pages/VSP_Bootstrap/VSP_Authcap/input_userDefined4'

2023-02-22 18:54:26 - [MESSAGE][PASSED] - All options with label 'Orange' are selected in object 'Object Repository/AdminSuiteBootstrap_Pages/VSP_Bootstrap/VSP_Authcap/select_UDF5'  using regular expression

2023-02-22 18:54:27 - [MESSAGE][PASSED] - All options with label 'Yellow' are selected in object 'Object Repository/AdminSuiteBootstrap_Pages/VSP_Bootstrap/VSP_Authcap/select_UDF6'  using regular expression

2023-02-22 18:54:28 - [MESSAGE][PASSED] - Text 'Kolkata' is set on object 'Object Repository/AdminSuiteBootstrap_Pages/VSP_Bootstrap/VSP_Authcap/input_userDefined7'

2023-02-22 18:54:29 - [MESSAGE][PASSED] - Text 'Pune' is set on object 'Object Repository/AdminSuiteBootstrap_Pages/VSP_Bootstrap/VSP_Authcap/input_userDefined8'

2023-02-22 18:54:29 - [MESSAGE][PASSED] - Text 'Bhavnagar' is set on object 'Object Repository/AdminSuiteBootstrap_Pages/VSP_Bootstrap/VSP_Authcap/input_userDefined9'

2023-02-22 18:54:30 - [MESSAGE][PASSED] - Text 'Noida' is set on object 'Object Repository/AdminSuiteBootstrap_Pages/VSP_Bootstrap/VSP_Authcap/input_userDefined10'

2023-02-22 18:54:32 - [MESSAGE][PASSED] - Object: 'Object Repository/AdminSuiteBootstrap_Pages/VSP_Bootstrap/VSP_Authcap/button_Submit' is clicked on

2023-02-22 18:54:32 - [MESSAGE][PASSED] - vspBootstrap.SalePage.setDataSaleAndAuth is PASSED

2023-02-22 18:54:32 - [TEST_STEP][PASSED] - verifyTextPresent("Transaction Successful", true): Text 'Transaction Successful' is present on page  using regular expression

2023-02-22 18:54:33 - [MESSAGE][PASSED] - Text 'Transaction Successful' is present on page  using regular expression

2023-02-22 18:54:33 - [TEST_STEP][PASSED] - verifyElementVisible(findTestObject("Object Repository/AdminSuiteBootstrap_Pages/VT_Bootstrap/Receipt/button_Continue")): Object 'Object Repository/AdminSuiteBootstrap_Pages/VT_Bootstrap/Receipt/button_Continue' is visible

2023-02-22 18:54:33 - [MESSAGE][PASSED] - Object 'Object Repository/AdminSuiteBootstrap_Pages/VT_Bootstrap/Receipt/button_Continue' is visible

2023-02-22 18:54:33 - [TEST_STEP][PASSED] - verifyElementPresent(findTestObject("Object Repository/AdminSuiteBootstrap_Pages/VT_Bootstrap/Receipt/button_Continue"), 20): Object 'Object Repository/AdminSuiteBootstrap_Pages/VT_Bootstrap/Receipt/button_Continue' is present

2023-02-22 18:54:34 - [MESSAGE][PASSED] - Object 'Object Repository/AdminSuiteBootstrap_Pages/VT_Bootstrap/Receipt/button_Continue' is present

2023-02-22 18:54:34 - [TEST_STEP][PASSED] - verifyElementVisible(findTestObject("Object Repository/AdminSuiteBootstrap_Pages/VT_Bootstrap/Receipt/button_Print")): Object 'Object Repository/AdminSuiteBootstrap_Pages/VT_Bootstrap/Receipt/button_Print' is visible

2023-02-22 18:54:34 - [MESSAGE][PASSED] - Object 'Object Repository/AdminSuiteBootstrap_Pages/VT_Bootstrap/Receipt/button_Print' is visible

2023-02-22 18:54:34 - [TEST_STEP][PASSED] - verifyElementPresent(findTestObject("Object Repository/AdminSuiteBootstrap_Pages/VT_Bootstrap/Receipt/button_Print"), 20): Object 'Object Repository/AdminSuiteBootstrap_Pages/VT_Bootstrap/Receipt/button_Print' is present

2023-02-22 18:54:34 - [MESSAGE][PASSED] - Object 'Object Repository/AdminSuiteBootstrap_Pages/VT_Bootstrap/Receipt/button_Print' is present

2023-02-22 18:54:34 - [TEST_STEP][PASSED] - verifyTextPresent("Remittance ID", true): Text 'Remittance ID' is present on page  using regular expression

2023-02-22 18:54:35 - [MESSAGE][PASSED] - Text 'Remittance ID' is present on page  using regular expression

2023-02-22 18:54:35 - [TEST_STEP][PASSED] - verifyTextPresent("Received", true): Text 'Received' is present on page  using regular expression

2023-02-22 18:54:35 - [MESSAGE][PASSED] - Text 'Received' is present on page  using regular expression

2023-02-22 18:54:35 - [TEST_STEP][PASSED] - verifyTextPresent("UDF1", true): Text 'UDF1' is present on page  using regular expression

2023-02-22 18:54:35 - [MESSAGE][PASSED] - Text 'UDF1' is present on page  using regular expression

2023-02-22 18:54:35 - [TEST_STEP][PASSED] - verifyTextPresent("UDF2", true): Text 'UDF2' is present on page  using regular expression

2023-02-22 18:54:36 - [MESSAGE][PASSED] - Text 'UDF2' is present on page  using regular expression

2023-02-22 18:54:36 - [TEST_STEP][PASSED] - verifyTextPresent("UDF3", true): Text 'UDF3' is present on page  using regular expression

2023-02-22 18:54:36 - [MESSAGE][PASSED] - Text 'UDF3' is present on page  using regular expression

2023-02-22 18:54:36 - [TEST_STEP][PASSED] - verifyTextPresent("UDF4", true): Text 'UDF4' is present on page  using regular expression

2023-02-22 18:54:36 - [MESSAGE][PASSED] - Text 'UDF4' is present on page  using regular expression

2023-02-22 18:54:36 - [TEST_STEP][PASSED] - verifyTextPresent("UDF5", true): Text 'UDF5' is present on page  using regular expression

2023-02-22 18:54:37 - [MESSAGE][PASSED] - Text 'UDF5' is present on page  using regular expression

2023-02-22 18:54:37 - [TEST_STEP][PASSED] - verifyTextPresent("UDF6", true): Text 'UDF6' is present on page  using regular expression

2023-02-22 18:54:37 - [MESSAGE][PASSED] - Text 'UDF6' is present on page  using regular expression

2023-02-22 18:54:37 - [TEST_STEP][PASSED] - verifyTextPresent("UDF7", true): Text 'UDF7' is present on page  using regular expression

2023-02-22 18:54:37 - [MESSAGE][PASSED] - Text 'UDF7' is present on page  using regular expression

2023-02-22 18:54:37 - [TEST_STEP][PASSED] - verifyTextPresent("UDF8", true): Text 'UDF8' is present on page  using regular expression

2023-02-22 18:54:38 - [MESSAGE][PASSED] - Text 'UDF8' is present on page  using regular expression

2023-02-22 18:54:38 - [TEST_STEP][PASSED] - verifyTextPresent("UDF9", true): Text 'UDF9' is present on page  using regular expression

2023-02-22 18:54:38 - [MESSAGE][PASSED] - Text 'UDF9' is present on page  using regular expression

2023-02-22 18:54:38 - [TEST_STEP][PASSED] - verifyTextPresent("UDF 10", true): Text 'UDF 10' is present on page  using regular expression

2023-02-22 18:54:38 - [MESSAGE][PASSED] - Text 'UDF 10' is present on page  using regular expression

2023-02-22 18:54:38 - [TEST_STEP][PASSED] - verifyTextPresent("Delhi", true): Text 'Delhi' is present on page  using regular expression

2023-02-22 18:54:39 - [MESSAGE][PASSED] - Text 'Delhi' is present on page  using regular expression

2023-02-22 18:54:39 - [TEST_STEP][PASSED] - verifyTextPresent("Chennai", true): Text 'Chennai' is present on page  using regular expression

2023-02-22 18:54:39 - [MESSAGE][PASSED] - Text 'Chennai' is present on page  using regular expression

2023-02-22 18:54:39 - [TEST_STEP][PASSED] - verifyTextPresent("Mumbai", true): Text 'Mumbai' is present on page  using regular expression

2023-02-22 18:54:39 - [MESSAGE][PASSED] - Text 'Mumbai' is present on page  using regular expression

2023-02-22 18:54:39 - [TEST_STEP][PASSED] - verifyTextPresent("Kanpur", true): Text 'Kanpur' is present on page  using regular expression

2023-02-22 18:54:40 - [MESSAGE][PASSED] - Text 'Kanpur' is present on page  using regular expression

2023-02-22 18:54:40 - [TEST_STEP][PASSED] - verifyTextPresent("Orange Recorded", true): Text 'Orange Recorded' is present on page  using regular expression

2023-02-22 18:54:40 - [MESSAGE][PASSED] - Text 'Orange Recorded' is present on page  using regular expression

2023-02-22 18:54:40 - [TEST_STEP][PASSED] - verifyTextPresent("Yellow Recorded", true): Text 'Yellow Recorded' is present on page  using regular expression

2023-02-22 18:54:40 - [MESSAGE][PASSED] - Text 'Yellow Recorded' is present on page  using regular expression

2023-02-22 18:54:40 - [TEST_STEP][PASSED] - verifyTextPresent("Kolkata", true): Text 'Kolkata' is present on page  using regular expression

2023-02-22 18:54:41 - [MESSAGE][PASSED] - Text 'Kolkata' is present on page  using regular expression

2023-02-22 18:54:41 - [TEST_STEP][PASSED] - verifyTextPresent("Pune", true): Text 'Pune' is present on page  using regular expression

2023-02-22 18:54:41 - [MESSAGE][PASSED] - Text 'Pune' is present on page  using regular expression

2023-02-22 18:54:41 - [TEST_STEP][PASSED] - verifyTextPresent("Bhavnagar", true): Text 'Bhavnagar' is present on page  using regular expression

2023-02-22 18:54:41 - [MESSAGE][PASSED] - Text 'Bhavnagar' is present on page  using regular expression

2023-02-22 18:54:41 - [TEST_STEP][PASSED] - verifyTextPresent("Noida", true): Text 'Noida' is present on page  using regular expression

2023-02-22 18:54:42 - [MESSAGE][PASSED] - Text 'Noida' is present on page  using regular expression

2023-02-22 18:54:42 - [TEST_STEP][PASSED] - verifyTextPresent("Amount", true): Text 'Amount' is present on page  using regular expression

2023-02-22 18:54:42 - [MESSAGE][PASSED] - Text 'Amount' is present on page  using regular expression

2023-02-22 18:54:42 - [TEST_STEP][PASSED] - verifyTextPresent("2.50", true): Text '2.50' is present on page  using regular expression

2023-02-22 18:54:42 - [MESSAGE][PASSED] - Text '2.50' is present on page  using regular expression

2023-02-22 18:54:42 - [TEST_STEP][PASSED] - verifyTextPresent("Authorization", true): Text 'Authorization' is present on page  using regular expression

2023-02-22 18:54:43 - [MESSAGE][PASSED] - Text 'Authorization' is present on page  using regular expression

2023-02-22 18:54:43 - [TEST_STEP][PASSED] - verifyTextPresent("Card Information", true): Text 'Card Information' is present on page  using regular expression

2023-02-22 18:54:43 - [MESSAGE][PASSED] - Text 'Card Information' is present on page  using regular expression

2023-02-22 18:54:43 - [TEST_STEP][PASSED] - verifyTextPresent("TANDON RAVENA", true): Text 'TANDON RAVENA' is present on page  using regular expression

2023-02-22 18:54:43 - [MESSAGE][PASSED] - Text 'TANDON RAVENA' is present on page  using regular expression

2023-02-22 18:54:43 - [TEST_STEP][PASSED] - verifyTextPresent("Address Line 1", true): Text 'Address Line 1' is present on page  using regular expression

2023-02-22 18:54:44 - [MESSAGE][PASSED] - Text 'Address Line 1' is present on page  using regular expression

2023-02-22 18:54:44 - [TEST_STEP][PASSED] - verifyTextPresent("Address Line 2", true): Text 'Address Line 2' is present on page  using regular expression

2023-02-22 18:54:44 - [MESSAGE][PASSED] - Text 'Address Line 2' is present on page  using regular expression

2023-02-22 18:54:44 - [TEST_STEP][PASSED] - verifyTextPresent("Country", true): Text 'Country' is present on page  using regular expression

2023-02-22 18:54:44 - [MESSAGE][PASSED] - Text 'Country' is present on page  using regular expression

2023-02-22 18:54:44 - [TEST_STEP][PASSED] - verifyTextPresent("City", true): Text 'City' is present on page  using regular expression

2023-02-22 18:54:45 - [MESSAGE][PASSED] - Text 'City' is present on page  using regular expression

2023-02-22 18:54:45 - [TEST_STEP][PASSED] - verifyTextPresent("State", true): Text 'State' is present on page  using regular expression

2023-02-22 18:54:45 - [MESSAGE][PASSED] - Text 'State' is present on page  using regular expression

2023-02-22 18:54:45 - [TEST_STEP][PASSED] - verifyTextPresent("ZIP Code", true): Text 'ZIP Code' is present on page  using regular expression

2023-02-22 18:54:45 - [MESSAGE][PASSED] - Text 'ZIP Code' is present on page  using regular expression

2023-02-22 18:54:45 - [TEST_STEP][PASSED] - verifyTextPresent("248 PhoolKaante road", true): Text '248 PhoolKaante road' is present on page  using regular expression

2023-02-22 18:54:46 - [MESSAGE][PASSED] - Text '248 PhoolKaante road' is present on page  using regular expression

2023-02-22 18:54:46 - [TEST_STEP][PASSED] - verifyTextPresent("Suite 678", true): Text 'Suite 678' is present on page  using regular expression

2023-02-22 18:54:46 - [MESSAGE][PASSED] - Text 'Suite 678' is present on page  using regular expression

2023-02-22 18:54:46 - [TEST_STEP][PASSED] - verifyTextPresent("United States", true): Text 'United States' is present on page  using regular expression

2023-02-22 18:54:46 - [MESSAGE][PASSED] - Text 'United States' is present on page  using regular expression

2023-02-22 18:54:46 - [TEST_STEP][PASSED] - verifyTextPresent("ARLINGTON", true): Text 'ARLINGTON' is present on page  using regular expression

2023-02-22 18:54:47 - [MESSAGE][PASSED] - Text 'ARLINGTON' is present on page  using regular expression

2023-02-22 18:54:47 - [TEST_STEP][PASSED] - verifyTextPresent("VA", true): Text 'VA' is present on page  using regular expression

2023-02-22 18:54:47 - [MESSAGE][PASSED] - Text 'VA' is present on page  using regular expression

2023-02-22 18:54:47 - [TEST_STEP][PASSED] - verifyTextPresent("22201", true): Text '22201' is present on page  using regular expression

2023-02-22 18:54:47 - [MESSAGE][PASSED] - Text '22201' is present on page  using regular expression

2023-02-22 18:54:47 - [TEST_STEP][PASSED] - cardTypeV = findTestData(dataFile).getValue("CardType", row): null

2023-02-22 18:54:47 - [TEST_STEP][PASSED] - last4V = findTestData(dataFile).getValue("Last4", row): null

2023-02-22 18:54:47 - [TEST_STEP][PASSED] - verifyTextPresent(cardTypeV, true): Text 'Visa' is present on page  using regular expression

2023-02-22 18:54:48 - [MESSAGE][PASSED] - Text 'Visa' is present on page  using regular expression

2023-02-22 18:54:48 - [TEST_STEP][PASSED] - verifyTextPresent(last4V, true): Text '5439' is present on page  using regular expression

2023-02-22 18:54:48 - [MESSAGE][PASSED] - Text '5439' is present on page  using regular expression

2023-02-22 18:54:48 - [TEST_STEP][PASSED] - switch (appName): null

2023-02-22 18:54:48 - [TEST_STEP][PASSED] - case "a_Access AutoDualCFtpQA":: null

2023-02-22 18:54:48 - [TEST_STEP][PASSED] - verifyTextPresent("5.00", true): Text '5.00' is present on page  using regular expression

2023-02-22 18:54:48 - [MESSAGE][PASSED] - Text '5.00' is present on page  using regular expression

2023-02-22 18:54:48 - [TEST_STEP][PASSED] - verifyTextPresent("Dual Transaction", true): Text 'Dual Transaction' is present on page  using regular expression

2023-02-22 18:54:49 - [MESSAGE][PASSED] - Text 'Dual Transaction' is present on page  using regular expression

2023-02-22 18:54:49 - [TEST_STEP][PASSED] - verifyTextPresent("7.50", true): Text '7.50' is present on page  using regular expression

2023-02-22 18:54:49 - [MESSAGE][PASSED] - Text '7.50' is present on page  using regular expression

2023-02-22 18:54:49 - [TEST_STEP][PASSED] - verifyTextPresent("Total Amount", true): Text 'Total Amount' is present on page  using regular expression

2023-02-22 18:54:49 - [MESSAGE][PASSED] - Text 'Total Amount' is present on page  using regular expression

2023-02-22 18:54:49 - [TEST_STEP][PASSED] - verifyTextPresent("Transaction Type", true): Text 'Transaction Type' is present on page  using regular expression

2023-02-22 18:54:50 - [MESSAGE][PASSED] - Text 'Transaction Type' is present on page  using regular expression

2023-02-22 18:54:50 - [TEST_STEP][PASSED] - break: null

2023-02-22 18:54:50 - [TEST_STEP][PASSED] - closeBrowser(): Browser is closed

2023-02-22 18:54:50 - [MESSAGE][PASSED] - Browser is closed

2023-02-22 18:54:50 - [TEST_STEP][PASSED] - ExecuteTC = findTestData(dataFile).getValue("Execute", row): null

2023-02-22 18:54:50 - [TEST_STEP][PASSED] - out.println("Value of Execute is : " + ExecuteTC): null

2023-02-22 18:54:50 - [TEST_STEP][PASSED] - switch (executionProfile): null

2023-02-22 18:54:50 - [TEST_STEP][PASSED] - case "QAProfile":: null

2023-02-22 18:54:50 - [TEST_STEP][PASSED] - appName = findTestData(dataFile).getValue("AppNameQA", row): null

2023-02-22 18:54:51 - [TEST_STEP][PASSED] - appID = findTestData(dataFile).getValue("AppIDQA", row): null

2023-02-22 18:54:51 - [TEST_STEP][PASSED] - break: null

2023-02-22 18:54:51 - [TEST_STEP][PASSED] - if (ExecuteTC.equalsIgnoreCase("Y")): null

2023-02-22 18:54:51 - [TEST_STEP][PASSED] - closeBrowser(): Browser is closed

2023-02-22 18:54:51 - [MESSAGE][PASSED] - Browser is closed

2023-02-22 18:54:51 - [TEST_STEP][PASSED] - ExecuteTC = findTestData(dataFile).getValue("Execute", row): null

2023-02-22 18:54:51 - [TEST_STEP][PASSED] - out.println("Value of Execute is : " + ExecuteTC): null

2023-02-22 18:54:51 - [TEST_STEP][PASSED] - switch (executionProfile): null

2023-02-22 18:54:51 - [TEST_STEP][PASSED] - case "QAProfile":: null

2023-02-22 18:54:51 - [TEST_STEP][PASSED] - appName = findTestData(dataFile).getValue("AppNameQA", row): null

2023-02-22 18:54:51 - [TEST_STEP][PASSED] - appID = findTestData(dataFile).getValue("AppIDQA", row): null

2023-02-22 18:54:51 - [TEST_STEP][PASSED] - break: null

2023-02-22 18:54:51 - [TEST_STEP][PASSED] - if (ExecuteTC.equalsIgnoreCase("Y")): null

2023-02-22 18:54:51 - [TEST_STEP][PASSED] - closeBrowser(): Browser is closed

2023-02-22 18:54:51 - [MESSAGE][PASSED] - Browser is closed

2023-02-22 18:54:51 - [TEST_STEP][PASSED] - ExecuteTC = findTestData(dataFile).getValue("Execute", row): null

2023-02-22 18:54:51 - [TEST_STEP][PASSED] - out.println("Value of Execute is : " + ExecuteTC): null

2023-02-22 18:54:51 - [TEST_STEP][PASSED] - switch (executionProfile): null

2023-02-22 18:54:51 - [TEST_STEP][PASSED] - case "QAProfile":: null

2023-02-22 18:54:51 - [TEST_STEP][PASSED] - appName = findTestData(dataFile).getValue("AppNameQA", row): null

2023-02-22 18:54:51 - [TEST_STEP][PASSED] - appID = findTestData(dataFile).getValue("AppIDQA", row): null

2023-02-22 18:54:51 - [TEST_STEP][PASSED] - break: null

2023-02-22 18:54:51 - [TEST_STEP][PASSED] - if (ExecuteTC.equalsIgnoreCase("Y")): null

2023-02-22 18:54:51 - [TEST_STEP][PASSED] - closeBrowser(): Browser is closed

2023-02-22 18:54:51 - [MESSAGE][PASSED] - Browser is closed

2023-02-22 18:54:51 - [TEST_STEP][PASSED] - ExecuteTC = findTestData(dataFile).getValue("Execute", row): null

2023-02-22 18:54:51 - [TEST_STEP][PASSED] - out.println("Value of Execute is : " + ExecuteTC): null

2023-02-22 18:54:51 - [TEST_STEP][PASSED] - switch (executionProfile): null

2023-02-22 18:54:51 - [TEST_STEP][PASSED] - case "QAProfile":: null

2023-02-22 18:54:51 - [TEST_STEP][PASSED] - appName = findTestData(dataFile).getValue("AppNameQA", row): null

2023-02-22 18:54:51 - [TEST_STEP][PASSED] - appID = findTestData(dataFile).getValue("AppIDQA", row): null

2023-02-22 18:54:51 - [TEST_STEP][PASSED] - break: null

2023-02-22 18:54:51 - [TEST_STEP][PASSED] - if (ExecuteTC.equalsIgnoreCase("Y")): null

2023-02-22 18:54:51 - [TEST_STEP][PASSED] - closeBrowser(): Browser is closed

2023-02-22 18:54:51 - [MESSAGE][PASSED] - Browser is closed

2023-02-22 18:54:51 - [TEST_STEP][PASSED] - ExecuteTC = findTestData(dataFile).getValue("Execute", row): null

2023-02-22 18:54:51 - [TEST_STEP][PASSED] - out.println("Value of Execute is : " + ExecuteTC): null

2023-02-22 18:54:51 - [TEST_STEP][PASSED] - switch (executionProfile): null

2023-02-22 18:54:51 - [TEST_STEP][PASSED] - case "QAProfile":: null

2023-02-22 18:54:51 - [TEST_STEP][PASSED] - appName = findTestData(dataFile).getValue("AppNameQA", row): null

2023-02-22 18:54:51 - [TEST_STEP][PASSED] - appID = findTestData(dataFile).getValue("AppIDQA", row): null

2023-02-22 18:54:51 - [TEST_STEP][PASSED] - break: null

2023-02-22 18:54:51 - [TEST_STEP][PASSED] - if (ExecuteTC.equalsIgnoreCase("Y")): null

2023-02-22 18:54:51 - [TEST_STEP][PASSED] - closeBrowser(): Browser is closed

2023-02-22 18:54:51 - [MESSAGE][PASSED] - Browser is closed

2023-02-22 18:54:51 - [TEST_STEP][PASSED] - ExecuteTC = findTestData(dataFile).getValue("Execute", row): null

2023-02-22 18:54:51 - [TEST_STEP][PASSED] - out.println("Value of Execute is : " + ExecuteTC): null

2023-02-22 18:54:51 - [TEST_STEP][PASSED] - switch (executionProfile): null

2023-02-22 18:54:51 - [TEST_STEP][PASSED] - case "QAProfile":: null

2023-02-22 18:54:51 - [TEST_STEP][PASSED] - appName = findTestData(dataFile).getValue("AppNameQA", row): null

2023-02-22 18:54:51 - [TEST_STEP][PASSED] - appID = findTestData(dataFile).getValue("AppIDQA", row): null

2023-02-22 18:54:51 - [TEST_STEP][PASSED] - break: null

2023-02-22 18:54:51 - [TEST_STEP][PASSED] - if (ExecuteTC.equalsIgnoreCase("Y")): null

2023-02-22 18:54:51 - [TEST_STEP][PASSED] - closeBrowser(): Browser is closed

2023-02-22 18:54:51 - [MESSAGE][PASSED] - Browser is closed

2023-02-22 18:54:51 - [TEST_STEP][PASSED] - ExecuteTC = findTestData(dataFile).getValue("Execute", row): null

2023-02-22 18:54:51 - [TEST_STEP][PASSED] - out.println("Value of Execute is : " + ExecuteTC): null

2023-02-22 18:54:51 - [TEST_STEP][PASSED] - switch (executionProfile): null

2023-02-22 18:54:51 - [TEST_STEP][PASSED] - case "QAProfile":: null

2023-02-22 18:54:51 - [TEST_STEP][PASSED] - appName = findTestData(dataFile).getValue("AppNameQA", row): null

2023-02-22 18:54:51 - [TEST_STEP][PASSED] - appID = findTestData(dataFile).getValue("AppIDQA", row): null

2023-02-22 18:54:51 - [TEST_STEP][PASSED] - break: null

2023-02-22 18:54:51 - [TEST_STEP][PASSED] - if (ExecuteTC.equalsIgnoreCase("Y")): null

2023-02-22 18:54:51 - [TEST_STEP][PASSED] - closeBrowser(): Browser is closed

2023-02-22 18:54:51 - [MESSAGE][PASSED] - Browser is closed]]></system-out>
         <system-err><![CDATA[]]></system-err>
      </testcase>
      <testcase name="Test Cases/Admin Suite Bootstrap/VSP_Payments_TestCases/Debit_TP_AllCF_Generic_Payment_TC" time="691.876" classname="Test Cases/Admin Suite Bootstrap/VSP_Payments_TestCases/Debit_TP_AllCF_Generic_Payment_TC" status="PASSED">
         <system-out><![CDATA[2023-02-22 18:54:51 - [TEST_CASE][PASSED] - Test Cases/Admin Suite Bootstrap/VSP_Payments_TestCases/Debit_TP_AllCF_Generic_Payment_TC: Test Cases/Admin Suite Bootstrap/VSP_Payments_TestCases/Debit_TP_AllCF_Generic_Payment_TC

2023-02-22 18:54:52 - [TEST_STEP][PASSED] - path_Dashboard = "Object Repository/AdminSuiteBootstrap_Pages/Dashboard_Bootstrap/": null

2023-02-22 18:54:52 - [TEST_STEP][PASSED] - path_VT = "Object Repository/AdminSuiteBootstrap_Pages/VT_Bootstrap/IssueTransactions/": null

2023-02-22 18:54:52 - [TEST_STEP][PASSED] - path_CreateProfile = "Object Repository/AdminSuiteBootstrap_Pages/VSP_Bootstrap/CreateProfile/": null

2023-02-22 18:54:52 - [TEST_STEP][PASSED] - path_AddAccount = "Object Repository/AdminSuiteBootstrap_Pages/VSP_Bootstrap/AddAccount/": null

2023-02-22 18:54:52 - [TEST_STEP][PASSED] - path_Add_ACH = "Object Repository/AdminSuiteBootstrap_Pages/VSP_Bootstrap/AddACH/": null

2023-02-22 18:54:52 - [TEST_STEP][PASSED] - path_Add_CC = "Object Repository/AdminSuiteBootstrap_Pages/VSP_Bootstrap/AddCreditCard/": null

2023-02-22 18:54:52 - [TEST_STEP][PASSED] - path_App_Plan = "Object Repository/AdminSuiteBootstrap_Pages/VSP_Bootstrap/AddPaymentPlan/": null

2023-02-22 18:54:52 - [TEST_STEP][PASSED] - path_DeleteProfile = "Object Repository/AdminSuiteBootstrap_Pages/VSP_Bootstrap/DeleteProfile/": null

2023-02-22 18:54:52 - [TEST_STEP][PASSED] - path_ModifyProfile = "Object Repository/AdminSuiteBootstrap_Pages/VSP_Bootstrap/ModifyProfile/": null

2023-02-22 18:54:52 - [TEST_STEP][PASSED] - path_ViewProfile = "Object Repository/AdminSuiteBootstrap_Pages/VSP_Bootstrap/View Profile/": null

2023-02-22 18:54:52 - [TEST_STEP][PASSED] - path_VSPAuth = "Object Repository/AdminSuiteBootstrap_Pages/VSP_Bootstrap/VSP_Auth/": null

2023-02-22 18:54:52 - [TEST_STEP][PASSED] - path_VSPAuthCap = "Object Repository/AdminSuiteBootstrap_Pages/VSP_Bootstrap/VSP_Authcap/": null

2023-02-22 18:54:52 - [TEST_STEP][PASSED] - path_Debit = "Object Repository/AdminSuiteBootstrap_Pages/VSP_Bootstrap/VSP_Debit/": null

2023-02-22 18:54:52 - [TEST_STEP][PASSED] - path_DeleteProfileConfirm = "Object Repository/AdminSuiteBootstrap_Pages/VSP_Bootstrap/DeleteProfileConfirm/": null

2023-02-22 18:54:52 - [TEST_STEP][PASSED] - executionProfile = getExecutionProfile(): null

2023-02-22 18:54:52 - [TEST_STEP][PASSED] - out.println("executionProfile : " + executionProfile): null

2023-02-22 18:54:52 - [TEST_STEP][PASSED] - appName = <not implemented yet for class: org.codehaus.groovy.ast.expr.EmptyExpression>: null

2023-02-22 18:54:52 - [TEST_STEP][PASSED] - appID = <not implemented yet for class: org.codehaus.groovy.ast.expr.EmptyExpression>: null

2023-02-22 18:54:52 - [TEST_STEP][PASSED] - cardNameV = <not implemented yet for class: org.codehaus.groovy.ast.expr.EmptyExpression>: null

2023-02-22 18:54:52 - [TEST_STEP][PASSED] - al1V = <not implemented yet for class: org.codehaus.groovy.ast.expr.EmptyExpression>: null

2023-02-22 18:54:52 - [TEST_STEP][PASSED] - al2V = <not implemented yet for class: org.codehaus.groovy.ast.expr.EmptyExpression>: null

2023-02-22 18:54:52 - [TEST_STEP][PASSED] - zipV = <not implemented yet for class: org.codehaus.groovy.ast.expr.EmptyExpression>: null

2023-02-22 18:54:52 - [TEST_STEP][PASSED] - tranType = <not implemented yet for class: org.codehaus.groovy.ast.expr.EmptyExpression>: null

2023-02-22 18:54:52 - [TEST_STEP][PASSED] - last4V = <not implemented yet for class: org.codehaus.groovy.ast.expr.EmptyExpression>: null

2023-02-22 18:54:52 - [TEST_STEP][PASSED] - nameSheet = "ACH-Payments-Debit": null

2023-02-22 18:54:52 - [TEST_STEP][PASSED] - numOfRows = findTestData("QA/Bootstrap/VSP-Payments-TestData/ACH-Payments-Debit").getRowNumbers(): null

2023-02-22 18:54:52 - [TEST_STEP][PASSED] - println("Number of Records: " + numOfRows): null

2023-02-22 18:54:52 - [TEST_STEP][PASSED] - dataFile = "QA/Bootstrap/VSP-Payments-TestData/ACH-Payments-Debit": null

2023-02-22 18:54:52 - [TEST_STEP][PASSED] - for ([row = 1, row <= numOfRows, (row++)]): Browser is closed

2023-02-22 18:54:52 - [TEST_STEP][PASSED] - ExecuteTC = findTestData(dataFile).getValue("Execute", row): null

2023-02-22 18:54:52 - [TEST_STEP][PASSED] - out.println("Value of Execute is : " + ExecuteTC): null

2023-02-22 18:54:52 - [TEST_STEP][PASSED] - switch (executionProfile): null

2023-02-22 18:54:52 - [TEST_STEP][PASSED] - case "QAProfile":: null

2023-02-22 18:54:52 - [TEST_STEP][PASSED] - appName = findTestData(dataFile).getValue("AppNameQA", row): null

2023-02-22 18:54:52 - [TEST_STEP][PASSED] - appID = findTestData(dataFile).getValue("AppIDQA", row): null

2023-02-22 18:54:52 - [TEST_STEP][PASSED] - break: null

2023-02-22 18:54:52 - [TEST_STEP][PASSED] - if (ExecuteTC.equalsIgnoreCase("Y")): null

2023-02-22 18:54:52 - [TEST_STEP][PASSED] - out.println("Begin Record Number: " + row): null

2023-02-22 18:54:52 - [TEST_STEP][PASSED] - today = new java.util.Date(): null

2023-02-22 18:54:52 - [TEST_STEP][PASSED] - println(today): null

2023-02-22 18:54:52 - [TEST_STEP][PASSED] - datText = today: null

2023-02-22 18:54:52 - [TEST_STEP][PASSED] - adminSuiteBootstrap.loginFunctionality.login_AdminSuite(): adminSuiteBootstrap.loginFunctionality.login_AdminSuite is PASSED

2023-02-22 18:54:52 - [MESSAGE][INFO] - Starting 'Chrome' driver

2023-02-22 18:54:52 - [MESSAGE][INFO] - User set preference: ['acceptInsecureCerts', 'true']

2023-02-22 18:54:52 - [MESSAGE][INFO] - Action delay is set to 0 milliseconds

2023-02-22 18:54:54 - [MESSAGE][PASSED] - Browser is opened with url: 'https://qa.velocitypayment.com/admin/imtiaz'

2023-02-22 18:54:54 - [MESSAGE][PASSED] - Current window maximized

2023-02-22 18:54:55 - [MESSAGE][PASSED] - Object 'Object Repository/Login_Page/Login_Username' is present

2023-02-22 18:54:55 - [MESSAGE][PASSED] - Text 'iahmed' is set on object 'Object Repository/Login_Page/Login_Username'

2023-02-22 18:54:56 - [MESSAGE][PASSED] - Text 'hello2222' is set on object 'Object Repository/Login_Page/Login_Password'

2023-02-22 18:55:00 - [MESSAGE][PASSED] - Object: 'Object Repository/Login_Page/Login_Submit' is clicked on

2023-02-22 18:55:00 - [MESSAGE][PASSED] - adminSuiteBootstrap.loginFunctionality.login_AdminSuite is PASSED

2023-02-22 18:55:00 - [TEST_STEP][PASSED] - click(findTestObject(path_Dashboard + appName)): Object: 'Object Repository/AdminSuiteBootstrap_Pages/Dashboard_Bootstrap/a_Access AutoNoCFtp' is clicked on

2023-02-22 18:55:01 - [MESSAGE][PASSED] - Object: 'Object Repository/AdminSuiteBootstrap_Pages/Dashboard_Bootstrap/a_Access AutoNoCFtp' is clicked on

2023-02-22 18:55:01 - [TEST_STEP][PASSED] - click(findTestObject(path_VT + "a_Find Profile")): Object: 'Object Repository/AdminSuiteBootstrap_Pages/VT_Bootstrap/IssueTransactions/a_Find Profile' is clicked on

2023-02-22 18:55:02 - [MESSAGE][PASSED] - Object: 'Object Repository/AdminSuiteBootstrap_Pages/VT_Bootstrap/IssueTransactions/a_Find Profile' is clicked on

2023-02-22 18:55:02 - [TEST_STEP][PASSED] - criteria = <not implemented yet for class: org.codehaus.groovy.ast.expr.EmptyExpression>: null

2023-02-22 18:55:02 - [TEST_STEP][PASSED] - searchBy = <not implemented yet for class: org.codehaus.groovy.ast.expr.EmptyExpression>: null

2023-02-22 18:55:02 - [TEST_STEP][PASSED] - criteria = findTestData(dataFile).getValue("ProfileName", row): null

2023-02-22 18:55:02 - [TEST_STEP][PASSED] - path_SearchProfile = "Object Repository/AdminSuiteBootstrap_Pages/VSP_Bootstrap/SearchProfile/": null

2023-02-22 18:55:02 - [TEST_STEP][PASSED] - setText(findTestObject(path_SearchProfile + "input_Criteria"), criteria): Text 'PaymentsPC' is set on object 'Object Repository/AdminSuiteBootstrap_Pages/VSP_Bootstrap/SearchProfile/input_Criteria'

2023-02-22 18:55:02 - [MESSAGE][PASSED] - Text 'PaymentsPC' is set on object 'Object Repository/AdminSuiteBootstrap_Pages/VSP_Bootstrap/SearchProfile/input_Criteria'

2023-02-22 18:55:02 - [TEST_STEP][PASSED] - click(findTestObject(path_SearchProfile + "button_Search")): Object: 'Object Repository/AdminSuiteBootstrap_Pages/VSP_Bootstrap/SearchProfile/button_Search' is clicked on

2023-02-22 18:55:04 - [MESSAGE][PASSED] - Object: 'Object Repository/AdminSuiteBootstrap_Pages/VSP_Bootstrap/SearchProfile/button_Search' is clicked on

2023-02-22 18:55:04 - [TEST_STEP][PASSED] - profNameLink = findTestData(dataFile).getValue("ProfileNameLink", row): null

2023-02-22 18:55:04 - [TEST_STEP][PASSED] - click(findTestObject(path_ViewProfile + profNameLink)): Object: 'Object Repository/AdminSuiteBootstrap_Pages/VSP_Bootstrap/View Profile/a_PaymentsPC' is clicked on

2023-02-22 18:55:05 - [MESSAGE][PASSED] - Object: 'Object Repository/AdminSuiteBootstrap_Pages/VSP_Bootstrap/View Profile/a_PaymentsPC' is clicked on

2023-02-22 18:55:05 - [TEST_STEP][PASSED] - click(findTestObject(path_ViewProfile + "a_Debit")): Object: 'Object Repository/AdminSuiteBootstrap_Pages/VSP_Bootstrap/View Profile/a_Debit' is clicked on

2023-02-22 18:55:06 - [MESSAGE][PASSED] - Object: 'Object Repository/AdminSuiteBootstrap_Pages/VSP_Bootstrap/View Profile/a_Debit' is clicked on

2023-02-22 18:55:06 - [TEST_STEP][PASSED] - verifyTextPresent("Remittance ID", true): Text 'Remittance ID' is present on page  using regular expression

2023-02-22 18:55:07 - [MESSAGE][PASSED] - Text 'Remittance ID' is present on page  using regular expression

2023-02-22 18:55:07 - [TEST_STEP][PASSED] - vspBootstrap.ACHDebitPage.setDataACHDebit(row, dataFile): vspBootstrap.ACHDebitPage.setDataACHDebit is PASSED

2023-02-22 18:55:09 - [MESSAGE][PASSED] - All options with value 'PPD' are selected in object 'Object Repository/AdminSuiteBootstrap_Pages/VSP_Bootstrap/VSP_Debit/select_StdEntryClass'  using regular expression

2023-02-22 18:55:09 - [MESSAGE][PASSED] - Text '' is set on object 'Object Repository/AdminSuiteBootstrap_Pages/VSP_Bootstrap/VSP_Debit/input_smsNumber'

2023-02-22 18:55:10 - [MESSAGE][PASSED] - Text '2.50' is set on object 'Object Repository/AdminSuiteBootstrap_Pages/VSP_Bootstrap/VSP_Debit/input_amount'

2023-02-22 18:55:11 - [MESSAGE][PASSED] - Text 'Delhi' is set on object 'Object Repository/AdminSuiteBootstrap_Pages/VSP_Bootstrap/VSP_Debit/input_userDefined1'

2023-02-22 18:55:12 - [MESSAGE][PASSED] - Text 'Chennai' is set on object 'Object Repository/AdminSuiteBootstrap_Pages/VSP_Bootstrap/VSP_Debit/input_userDefined2'

2023-02-22 18:55:12 - [MESSAGE][PASSED] - Text 'Mumbai' is set on object 'Object Repository/AdminSuiteBootstrap_Pages/VSP_Bootstrap/VSP_Debit/input_userDefined3'

2023-02-22 18:55:13 - [MESSAGE][PASSED] - Text 'Kanpur' is set on object 'Object Repository/AdminSuiteBootstrap_Pages/VSP_Bootstrap/VSP_Debit/input_userDefined4'

2023-02-22 18:55:14 - [MESSAGE][PASSED] - All options with label 'Orange' are selected in object 'Object Repository/AdminSuiteBootstrap_Pages/VSP_Bootstrap/VSP_Debit/select_UDF5'  using regular expression

2023-02-22 18:55:15 - [MESSAGE][PASSED] - All options with label 'Yellow' are selected in object 'Object Repository/AdminSuiteBootstrap_Pages/VSP_Bootstrap/VSP_Debit/select_UDF6'  using regular expression

2023-02-22 18:55:16 - [MESSAGE][PASSED] - Text 'Kolkata' is set on object 'Object Repository/AdminSuiteBootstrap_Pages/VSP_Bootstrap/VSP_Debit/input_userDefined7'

2023-02-22 18:55:16 - [MESSAGE][PASSED] - Text 'Pune' is set on object 'Object Repository/AdminSuiteBootstrap_Pages/VSP_Bootstrap/VSP_Debit/input_userDefined8'

2023-02-22 18:55:17 - [MESSAGE][PASSED] - Text 'Bhavnagar' is set on object 'Object Repository/AdminSuiteBootstrap_Pages/VSP_Bootstrap/VSP_Debit/input_userDefined9'

2023-02-22 18:55:18 - [MESSAGE][PASSED] - Text 'Noida' is set on object 'Object Repository/AdminSuiteBootstrap_Pages/VSP_Bootstrap/VSP_Debit/input_userDefined10'

2023-02-22 18:55:20 - [MESSAGE][PASSED] - Object: 'Object Repository/AdminSuiteBootstrap_Pages/VSP_Bootstrap/VSP_Debit/button_Submit' is clicked on

2023-02-22 18:55:20 - [MESSAGE][PASSED] - vspBootstrap.ACHDebitPage.setDataACHDebit is PASSED

2023-02-22 18:55:20 - [TEST_STEP][PASSED] - verifyTextPresent("Transaction Successful", true): Text 'Transaction Successful' is present on page  using regular expression

2023-02-22 18:55:21 - [MESSAGE][PASSED] - Text 'Transaction Successful' is present on page  using regular expression

2023-02-22 18:55:21 - [TEST_STEP][PASSED] - verifyElementVisible(findTestObject("Object Repository/AdminSuiteBootstrap_Pages/VT_Bootstrap/Receipt/button_Continue")): Object 'Object Repository/AdminSuiteBootstrap_Pages/VT_Bootstrap/Receipt/button_Continue' is visible

2023-02-22 18:55:21 - [MESSAGE][PASSED] - Object 'Object Repository/AdminSuiteBootstrap_Pages/VT_Bootstrap/Receipt/button_Continue' is visible

2023-02-22 18:55:21 - [TEST_STEP][PASSED] - verifyElementPresent(findTestObject("Object Repository/AdminSuiteBootstrap_Pages/VT_Bootstrap/Receipt/button_Continue"), 20): Object 'Object Repository/AdminSuiteBootstrap_Pages/VT_Bootstrap/Receipt/button_Continue' is present

2023-02-22 18:55:22 - [MESSAGE][PASSED] - Object 'Object Repository/AdminSuiteBootstrap_Pages/VT_Bootstrap/Receipt/button_Continue' is present

2023-02-22 18:55:22 - [TEST_STEP][PASSED] - verifyElementVisible(findTestObject("Object Repository/AdminSuiteBootstrap_Pages/VT_Bootstrap/Receipt/button_Print")): Object 'Object Repository/AdminSuiteBootstrap_Pages/VT_Bootstrap/Receipt/button_Print' is visible

2023-02-22 18:55:22 - [MESSAGE][PASSED] - Object 'Object Repository/AdminSuiteBootstrap_Pages/VT_Bootstrap/Receipt/button_Print' is visible

2023-02-22 18:55:22 - [TEST_STEP][PASSED] - verifyElementPresent(findTestObject("Object Repository/AdminSuiteBootstrap_Pages/VT_Bootstrap/Receipt/button_Print"), 20): Object 'Object Repository/AdminSuiteBootstrap_Pages/VT_Bootstrap/Receipt/button_Print' is present

2023-02-22 18:55:22 - [MESSAGE][PASSED] - Object 'Object Repository/AdminSuiteBootstrap_Pages/VT_Bootstrap/Receipt/button_Print' is present

2023-02-22 18:55:22 - [TEST_STEP][PASSED] - verifyTextPresent("Remittance ID", true): Text 'Remittance ID' is present on page  using regular expression

2023-02-22 18:55:23 - [MESSAGE][PASSED] - Text 'Remittance ID' is present on page  using regular expression

2023-02-22 18:55:23 - [TEST_STEP][PASSED] - verifyTextPresent("Received", true): Text 'Received' is present on page  using regular expression

2023-02-22 18:55:23 - [MESSAGE][PASSED] - Text 'Received' is present on page  using regular expression

2023-02-22 18:55:23 - [TEST_STEP][PASSED] - verifyTextPresent("UDF1", true): Text 'UDF1' is present on page  using regular expression

2023-02-22 18:55:23 - [MESSAGE][PASSED] - Text 'UDF1' is present on page  using regular expression

2023-02-22 18:55:23 - [TEST_STEP][PASSED] - verifyTextPresent("UDF2", true): Text 'UDF2' is present on page  using regular expression

2023-02-22 18:55:24 - [MESSAGE][PASSED] - Text 'UDF2' is present on page  using regular expression

2023-02-22 18:55:24 - [TEST_STEP][PASSED] - verifyTextPresent("UDF3", true): Text 'UDF3' is present on page  using regular expression

2023-02-22 18:55:24 - [MESSAGE][PASSED] - Text 'UDF3' is present on page  using regular expression

2023-02-22 18:55:24 - [TEST_STEP][PASSED] - verifyTextPresent("UDF4", true): Text 'UDF4' is present on page  using regular expression

2023-02-22 18:55:24 - [MESSAGE][PASSED] - Text 'UDF4' is present on page  using regular expression

2023-02-22 18:55:24 - [TEST_STEP][PASSED] - verifyTextPresent("UDF5", true): Text 'UDF5' is present on page  using regular expression

2023-02-22 18:55:25 - [MESSAGE][PASSED] - Text 'UDF5' is present on page  using regular expression

2023-02-22 18:55:25 - [TEST_STEP][PASSED] - verifyTextPresent("UDF6", true): Text 'UDF6' is present on page  using regular expression

2023-02-22 18:55:25 - [MESSAGE][PASSED] - Text 'UDF6' is present on page  using regular expression

2023-02-22 18:55:25 - [TEST_STEP][PASSED] - verifyTextPresent("UDF7", true): Text 'UDF7' is present on page  using regular expression

2023-02-22 18:55:25 - [MESSAGE][PASSED] - Text 'UDF7' is present on page  using regular expression

2023-02-22 18:55:25 - [TEST_STEP][PASSED] - verifyTextPresent("UDF8", true): Text 'UDF8' is present on page  using regular expression

2023-02-22 18:55:26 - [MESSAGE][PASSED] - Text 'UDF8' is present on page  using regular expression

2023-02-22 18:55:26 - [TEST_STEP][PASSED] - verifyTextPresent("UDF9", true): Text 'UDF9' is present on page  using regular expression

2023-02-22 18:55:26 - [MESSAGE][PASSED] - Text 'UDF9' is present on page  using regular expression

2023-02-22 18:55:26 - [TEST_STEP][PASSED] - verifyTextPresent("UDF 10", true): Text 'UDF 10' is present on page  using regular expression

2023-02-22 18:55:26 - [MESSAGE][PASSED] - Text 'UDF 10' is present on page  using regular expression

2023-02-22 18:55:26 - [TEST_STEP][PASSED] - verifyTextPresent("Delhi", true): Text 'Delhi' is present on page  using regular expression

2023-02-22 18:55:27 - [MESSAGE][PASSED] - Text 'Delhi' is present on page  using regular expression

2023-02-22 18:55:27 - [TEST_STEP][PASSED] - verifyTextPresent("Chennai", true): Text 'Chennai' is present on page  using regular expression

2023-02-22 18:55:27 - [MESSAGE][PASSED] - Text 'Chennai' is present on page  using regular expression

2023-02-22 18:55:27 - [TEST_STEP][PASSED] - verifyTextPresent("Mumbai", true): Text 'Mumbai' is present on page  using regular expression

2023-02-22 18:55:27 - [MESSAGE][PASSED] - Text 'Mumbai' is present on page  using regular expression

2023-02-22 18:55:27 - [TEST_STEP][PASSED] - verifyTextPresent("Kanpur", true): Text 'Kanpur' is present on page  using regular expression

2023-02-22 18:55:28 - [MESSAGE][PASSED] - Text 'Kanpur' is present on page  using regular expression

2023-02-22 18:55:28 - [TEST_STEP][PASSED] - verifyTextPresent("Orange Recorded", true): Text 'Orange Recorded' is present on page  using regular expression

2023-02-22 18:55:28 - [MESSAGE][PASSED] - Text 'Orange Recorded' is present on page  using regular expression

2023-02-22 18:55:28 - [TEST_STEP][PASSED] - verifyTextPresent("Yellow Recorded", true): Text 'Yellow Recorded' is present on page  using regular expression

2023-02-22 18:55:28 - [MESSAGE][PASSED] - Text 'Yellow Recorded' is present on page  using regular expression

2023-02-22 18:55:28 - [TEST_STEP][PASSED] - verifyTextPresent("Kolkata", true): Text 'Kolkata' is present on page  using regular expression

2023-02-22 18:55:29 - [MESSAGE][PASSED] - Text 'Kolkata' is present on page  using regular expression

2023-02-22 18:55:29 - [TEST_STEP][PASSED] - verifyTextPresent("Pune", true): Text 'Pune' is present on page  using regular expression

2023-02-22 18:55:29 - [MESSAGE][PASSED] - Text 'Pune' is present on page  using regular expression

2023-02-22 18:55:29 - [TEST_STEP][PASSED] - verifyTextPresent("Bhavnagar", true): Text 'Bhavnagar' is present on page  using regular expression

2023-02-22 18:55:29 - [MESSAGE][PASSED] - Text 'Bhavnagar' is present on page  using regular expression

2023-02-22 18:55:29 - [TEST_STEP][PASSED] - verifyTextPresent("Noida", true): Text 'Noida' is present on page  using regular expression

2023-02-22 18:55:30 - [MESSAGE][PASSED] - Text 'Noida' is present on page  using regular expression

2023-02-22 18:55:30 - [TEST_STEP][PASSED] - verifyTextPresent("Amount", true): Text 'Amount' is present on page  using regular expression

2023-02-22 18:55:30 - [MESSAGE][PASSED] - Text 'Amount' is present on page  using regular expression

2023-02-22 18:55:30 - [TEST_STEP][PASSED] - verifyTextPresent("2.50", true): Text '2.50' is present on page  using regular expression

2023-02-22 18:55:30 - [MESSAGE][PASSED] - Text '2.50' is present on page  using regular expression

2023-02-22 18:55:30 - [TEST_STEP][PASSED] - verifyTextPresent("Transaction Type", true): Text 'Transaction Type' is present on page  using regular expression

2023-02-22 18:55:31 - [MESSAGE][PASSED] - Text 'Transaction Type' is present on page  using regular expression

2023-02-22 18:55:31 - [TEST_STEP][PASSED] - verifyTextPresent("Debit", true): Text 'Debit' is present on page  using regular expression

2023-02-22 18:55:31 - [MESSAGE][PASSED] - Text 'Debit' is present on page  using regular expression

2023-02-22 18:55:31 - [TEST_STEP][PASSED] - verifyTextPresent("Check Information", true): Text 'Check Information' is present on page  using regular expression

2023-02-22 18:55:31 - [MESSAGE][PASSED] - Text 'Check Information' is present on page  using regular expression

2023-02-22 18:55:31 - [TEST_STEP][PASSED] - verifyTextPresent("Account Type", true): Text 'Account Type' is present on page  using regular expression

2023-02-22 18:55:32 - [MESSAGE][PASSED] - Text 'Account Type' is present on page  using regular expression

2023-02-22 18:55:32 - [TEST_STEP][PASSED] - verifyTextPresent("Account Number", true): Text 'Account Number' is present on page  using regular expression

2023-02-22 18:55:32 - [MESSAGE][PASSED] - Text 'Account Number' is present on page  using regular expression

2023-02-22 18:55:32 - [TEST_STEP][PASSED] - verifyTextPresent("Routing Number", true): Text 'Routing Number' is present on page  using regular expression

2023-02-22 18:55:32 - [MESSAGE][PASSED] - Text 'Routing Number' is present on page  using regular expression

2023-02-22 18:55:32 - [TEST_STEP][PASSED] - verifyTextPresent("Address Line 1", true): Text 'Address Line 1' is present on page  using regular expression

2023-02-22 18:55:33 - [MESSAGE][PASSED] - Text 'Address Line 1' is present on page  using regular expression

2023-02-22 18:55:33 - [TEST_STEP][PASSED] - verifyTextPresent("Address Line 2", true): Text 'Address Line 2' is present on page  using regular expression

2023-02-22 18:55:33 - [MESSAGE][PASSED] - Text 'Address Line 2' is present on page  using regular expression

2023-02-22 18:55:33 - [TEST_STEP][PASSED] - verifyTextPresent("Country", true): Text 'Country' is present on page  using regular expression

2023-02-22 18:55:33 - [MESSAGE][PASSED] - Text 'Country' is present on page  using regular expression

2023-02-22 18:55:33 - [TEST_STEP][PASSED] - verifyTextPresent("City", true): Text 'City' is present on page  using regular expression

2023-02-22 18:55:34 - [MESSAGE][PASSED] - Text 'City' is present on page  using regular expression

2023-02-22 18:55:34 - [TEST_STEP][PASSED] - verifyTextPresent("State", true): Text 'State' is present on page  using regular expression

2023-02-22 18:55:34 - [MESSAGE][PASSED] - Text 'State' is present on page  using regular expression

2023-02-22 18:55:34 - [TEST_STEP][PASSED] - verifyTextPresent("ZIP Code", true): Text 'ZIP Code' is present on page  using regular expression

2023-02-22 18:55:34 - [MESSAGE][PASSED] - Text 'ZIP Code' is present on page  using regular expression

2023-02-22 18:55:34 - [TEST_STEP][PASSED] - verifyTextPresent("248 PhoolKaante road", true): Text '248 PhoolKaante road' is present on page  using regular expression

2023-02-22 18:55:35 - [MESSAGE][PASSED] - Text '248 PhoolKaante road' is present on page  using regular expression

2023-02-22 18:55:35 - [TEST_STEP][PASSED] - verifyTextPresent("Suite 678", true): Text 'Suite 678' is present on page  using regular expression

2023-02-22 18:55:35 - [MESSAGE][PASSED] - Text 'Suite 678' is present on page  using regular expression

2023-02-22 18:55:35 - [TEST_STEP][PASSED] - verifyTextPresent("United States", true): Text 'United States' is present on page  using regular expression

2023-02-22 18:55:35 - [MESSAGE][PASSED] - Text 'United States' is present on page  using regular expression

2023-02-22 18:55:35 - [TEST_STEP][PASSED] - verifyTextPresent("ARLINGTON", true): Text 'ARLINGTON' is present on page  using regular expression

2023-02-22 18:55:35 - [MESSAGE][PASSED] - Text 'ARLINGTON' is present on page  using regular expression

2023-02-22 18:55:35 - [TEST_STEP][PASSED] - verifyTextPresent("Virginia", true): Text 'Virginia' is present on page  using regular expression

2023-02-22 18:55:36 - [MESSAGE][PASSED] - Text 'Virginia' is present on page  using regular expression

2023-02-22 18:55:36 - [TEST_STEP][PASSED] - verifyTextPresent("22201", true): Text '22201' is present on page  using regular expression

2023-02-22 18:55:36 - [MESSAGE][PASSED] - Text '22201' is present on page  using regular expression

2023-02-22 18:55:36 - [TEST_STEP][PASSED] - tranType = findTestData(dataFile).getValue("TranType", row): null

2023-02-22 18:55:36 - [TEST_STEP][PASSED] - last4V = findTestData(dataFile).getValue("Last4", row): null

2023-02-22 18:55:36 - [TEST_STEP][PASSED] - verifyTextPresent(tranType, true): Text 'Checking' is present on page  using regular expression

2023-02-22 18:55:37 - [MESSAGE][PASSED] - Text 'Checking' is present on page  using regular expression

2023-02-22 18:55:37 - [TEST_STEP][PASSED] - verifyTextPresent(last4V, true): Text '2222' is present on page  using regular expression

2023-02-22 18:55:37 - [MESSAGE][PASSED] - Text '2222' is present on page  using regular expression

2023-02-22 18:55:37 - [TEST_STEP][PASSED] - if (profNameLink.equalsIgnoreCase("a_PaymentsPC")): Text 'TANDON RAVENA' is present on page  using regular expression

2023-02-22 18:55:37 - [TEST_STEP][PASSED] - verifyTextPresent("Name on Account", true): Text 'Name on Account' is present on page  using regular expression

2023-02-22 18:55:37 - [MESSAGE][PASSED] - Text 'Name on Account' is present on page  using regular expression

2023-02-22 18:55:37 - [TEST_STEP][PASSED] - verifyTextPresent("TANDON RAVENA", true): Text 'TANDON RAVENA' is present on page  using regular expression

2023-02-22 18:55:38 - [MESSAGE][PASSED] - Text 'TANDON RAVENA' is present on page  using regular expression

2023-02-22 18:55:38 - [TEST_STEP][PASSED] - if (profNameLink.equalsIgnoreCase("a_PaymentsPS")): null

2023-02-22 18:55:38 - [TEST_STEP][PASSED] - if (profNameLink.equalsIgnoreCase("a_PaymentsCorp")): null

2023-02-22 18:55:38 - [TEST_STEP][PASSED] - switch (appName): null

2023-02-22 18:55:38 - [TEST_STEP][PASSED] - closeBrowser(): Browser is closed

2023-02-22 18:55:38 - [MESSAGE][PASSED] - Browser is closed

2023-02-22 18:55:38 - [TEST_STEP][PASSED] - ExecuteTC = findTestData(dataFile).getValue("Execute", row): null

2023-02-22 18:55:38 - [TEST_STEP][PASSED] - out.println("Value of Execute is : " + ExecuteTC): null

2023-02-22 18:55:38 - [TEST_STEP][PASSED] - switch (executionProfile): null

2023-02-22 18:55:38 - [TEST_STEP][PASSED] - case "QAProfile":: null

2023-02-22 18:55:38 - [TEST_STEP][PASSED] - appName = findTestData(dataFile).getValue("AppNameQA", row): null

2023-02-22 18:55:39 - [TEST_STEP][PASSED] - appID = findTestData(dataFile).getValue("AppIDQA", row): null

2023-02-22 18:55:39 - [TEST_STEP][PASSED] - break: null

2023-02-22 18:55:39 - [TEST_STEP][PASSED] - if (ExecuteTC.equalsIgnoreCase("Y")): null

2023-02-22 18:55:39 - [TEST_STEP][PASSED] - out.println("Begin Record Number: " + row): null

2023-02-22 18:55:39 - [TEST_STEP][PASSED] - today = new java.util.Date(): null

2023-02-22 18:55:39 - [TEST_STEP][PASSED] - println(today): null

2023-02-22 18:55:39 - [TEST_STEP][PASSED] - datText = today: null

2023-02-22 18:55:39 - [TEST_STEP][PASSED] - adminSuiteBootstrap.loginFunctionality.login_AdminSuite(): adminSuiteBootstrap.loginFunctionality.login_AdminSuite is PASSED

2023-02-22 18:55:39 - [MESSAGE][INFO] - Starting 'Chrome' driver

2023-02-22 18:55:39 - [MESSAGE][INFO] - User set preference: ['acceptInsecureCerts', 'true']

2023-02-22 18:55:39 - [MESSAGE][INFO] - Action delay is set to 0 milliseconds

2023-02-22 18:55:41 - [MESSAGE][PASSED] - Browser is opened with url: 'https://qa.velocitypayment.com/admin/imtiaz'

2023-02-22 18:55:41 - [MESSAGE][PASSED] - Current window maximized

2023-02-22 18:55:41 - [MESSAGE][PASSED] - Object 'Object Repository/Login_Page/Login_Username' is present

2023-02-22 18:55:42 - [MESSAGE][PASSED] - Text 'iahmed' is set on object 'Object Repository/Login_Page/Login_Username'

2023-02-22 18:55:43 - [MESSAGE][PASSED] - Text 'hello2222' is set on object 'Object Repository/Login_Page/Login_Password'

2023-02-22 18:55:47 - [MESSAGE][PASSED] - Object: 'Object Repository/Login_Page/Login_Submit' is clicked on

2023-02-22 18:55:47 - [MESSAGE][PASSED] - adminSuiteBootstrap.loginFunctionality.login_AdminSuite is PASSED

2023-02-22 18:55:47 - [TEST_STEP][PASSED] - click(findTestObject(path_Dashboard + appName)): Object: 'Object Repository/AdminSuiteBootstrap_Pages/Dashboard_Bootstrap/a_Access AutoNoCFtp' is clicked on

2023-02-22 18:55:48 - [MESSAGE][PASSED] - Object: 'Object Repository/AdminSuiteBootstrap_Pages/Dashboard_Bootstrap/a_Access AutoNoCFtp' is clicked on

2023-02-22 18:55:48 - [TEST_STEP][PASSED] - click(findTestObject(path_VT + "a_Find Profile")): Object: 'Object Repository/AdminSuiteBootstrap_Pages/VT_Bootstrap/IssueTransactions/a_Find Profile' is clicked on

2023-02-22 18:55:49 - [MESSAGE][PASSED] - Object: 'Object Repository/AdminSuiteBootstrap_Pages/VT_Bootstrap/IssueTransactions/a_Find Profile' is clicked on

2023-02-22 18:55:49 - [TEST_STEP][PASSED] - criteria = <not implemented yet for class: org.codehaus.groovy.ast.expr.EmptyExpression>: null

2023-02-22 18:55:49 - [TEST_STEP][PASSED] - searchBy = <not implemented yet for class: org.codehaus.groovy.ast.expr.EmptyExpression>: null

2023-02-22 18:55:49 - [TEST_STEP][PASSED] - criteria = findTestData(dataFile).getValue("ProfileName", row): null

2023-02-22 18:55:49 - [TEST_STEP][PASSED] - path_SearchProfile = "Object Repository/AdminSuiteBootstrap_Pages/VSP_Bootstrap/SearchProfile/": null

2023-02-22 18:55:49 - [TEST_STEP][PASSED] - setText(findTestObject(path_SearchProfile + "input_Criteria"), criteria): Text 'PaymentsPC' is set on object 'Object Repository/AdminSuiteBootstrap_Pages/VSP_Bootstrap/SearchProfile/input_Criteria'

2023-02-22 18:55:49 - [MESSAGE][PASSED] - Text 'PaymentsPC' is set on object 'Object Repository/AdminSuiteBootstrap_Pages/VSP_Bootstrap/SearchProfile/input_Criteria'

2023-02-22 18:55:49 - [TEST_STEP][PASSED] - click(findTestObject(path_SearchProfile + "button_Search")): Object: 'Object Repository/AdminSuiteBootstrap_Pages/VSP_Bootstrap/SearchProfile/button_Search' is clicked on

2023-02-22 18:55:50 - [MESSAGE][PASSED] - Object: 'Object Repository/AdminSuiteBootstrap_Pages/VSP_Bootstrap/SearchProfile/button_Search' is clicked on

2023-02-22 18:55:50 - [TEST_STEP][PASSED] - profNameLink = findTestData(dataFile).getValue("ProfileNameLink", row): null

2023-02-22 18:55:50 - [TEST_STEP][PASSED] - click(findTestObject(path_ViewProfile + profNameLink)): Object: 'Object Repository/AdminSuiteBootstrap_Pages/VSP_Bootstrap/View Profile/a_PaymentsPC' is clicked on

2023-02-22 18:55:52 - [MESSAGE][PASSED] - Object: 'Object Repository/AdminSuiteBootstrap_Pages/VSP_Bootstrap/View Profile/a_PaymentsPC' is clicked on

2023-02-22 18:55:52 - [TEST_STEP][PASSED] - click(findTestObject(path_ViewProfile + "a_Debit")): Object: 'Object Repository/AdminSuiteBootstrap_Pages/VSP_Bootstrap/View Profile/a_Debit' is clicked on

2023-02-22 18:55:53 - [MESSAGE][PASSED] - Object: 'Object Repository/AdminSuiteBootstrap_Pages/VSP_Bootstrap/View Profile/a_Debit' is clicked on

2023-02-22 18:55:53 - [TEST_STEP][PASSED] - verifyTextPresent("Remittance ID", true): Text 'Remittance ID' is present on page  using regular expression

2023-02-22 18:55:54 - [MESSAGE][PASSED] - Text 'Remittance ID' is present on page  using regular expression

2023-02-22 18:55:54 - [TEST_STEP][PASSED] - vspBootstrap.ACHDebitPage.setDataACHDebit(row, dataFile): vspBootstrap.ACHDebitPage.setDataACHDebit is PASSED

2023-02-22 18:55:55 - [MESSAGE][PASSED] - All options with value 'TEL' are selected in object 'Object Repository/AdminSuiteBootstrap_Pages/VSP_Bootstrap/VSP_Debit/select_StdEntryClass'  using regular expression

2023-02-22 18:55:56 - [MESSAGE][PASSED] - Text '' is set on object 'Object Repository/AdminSuiteBootstrap_Pages/VSP_Bootstrap/VSP_Debit/input_smsNumber'

2023-02-22 18:55:57 - [MESSAGE][PASSED] - Text '2.50' is set on object 'Object Repository/AdminSuiteBootstrap_Pages/VSP_Bootstrap/VSP_Debit/input_amount'

2023-02-22 18:55:57 - [MESSAGE][PASSED] - Text 'Delhi' is set on object 'Object Repository/AdminSuiteBootstrap_Pages/VSP_Bootstrap/VSP_Debit/input_userDefined1'

2023-02-22 18:55:58 - [MESSAGE][PASSED] - Text 'Chennai' is set on object 'Object Repository/AdminSuiteBootstrap_Pages/VSP_Bootstrap/VSP_Debit/input_userDefined2'

2023-02-22 18:55:59 - [MESSAGE][PASSED] - Text 'Mumbai' is set on object 'Object Repository/AdminSuiteBootstrap_Pages/VSP_Bootstrap/VSP_Debit/input_userDefined3'

2023-02-22 18:55:59 - [MESSAGE][PASSED] - Text 'Kanpur' is set on object 'Object Repository/AdminSuiteBootstrap_Pages/VSP_Bootstrap/VSP_Debit/input_userDefined4'

2023-02-22 18:56:00 - [MESSAGE][PASSED] - All options with label 'Orange' are selected in object 'Object Repository/AdminSuiteBootstrap_Pages/VSP_Bootstrap/VSP_Debit/select_UDF5'  using regular expression

2023-02-22 18:56:01 - [MESSAGE][PASSED] - All options with label 'Yellow' are selected in object 'Object Repository/AdminSuiteBootstrap_Pages/VSP_Bootstrap/VSP_Debit/select_UDF6'  using regular expression

2023-02-22 18:56:02 - [MESSAGE][PASSED] - Text 'Kolkata' is set on object 'Object Repository/AdminSuiteBootstrap_Pages/VSP_Bootstrap/VSP_Debit/input_userDefined7'

2023-02-22 18:56:03 - [MESSAGE][PASSED] - Text 'Pune' is set on object 'Object Repository/AdminSuiteBootstrap_Pages/VSP_Bootstrap/VSP_Debit/input_userDefined8'

2023-02-22 18:56:03 - [MESSAGE][PASSED] - Text 'Bhavnagar' is set on object 'Object Repository/AdminSuiteBootstrap_Pages/VSP_Bootstrap/VSP_Debit/input_userDefined9'

2023-02-22 18:56:04 - [MESSAGE][PASSED] - Text 'Noida' is set on object 'Object Repository/AdminSuiteBootstrap_Pages/VSP_Bootstrap/VSP_Debit/input_userDefined10'

2023-02-22 18:56:05 - [MESSAGE][PASSED] - Object: 'Object Repository/AdminSuiteBootstrap_Pages/VSP_Bootstrap/VSP_Debit/button_Submit' is clicked on

2023-02-22 18:56:05 - [MESSAGE][PASSED] - vspBootstrap.ACHDebitPage.setDataACHDebit is PASSED

2023-02-22 18:56:05 - [TEST_STEP][PASSED] - verifyTextPresent("Transaction Successful", true): Text 'Transaction Successful' is present on page  using regular expression

2023-02-22 18:56:06 - [MESSAGE][PASSED] - Text 'Transaction Successful' is present on page  using regular expression

2023-02-22 18:56:06 - [TEST_STEP][PASSED] - verifyElementVisible(findTestObject("Object Repository/AdminSuiteBootstrap_Pages/VT_Bootstrap/Receipt/button_Continue")): Object 'Object Repository/AdminSuiteBootstrap_Pages/VT_Bootstrap/Receipt/button_Continue' is visible

2023-02-22 18:56:06 - [MESSAGE][PASSED] - Object 'Object Repository/AdminSuiteBootstrap_Pages/VT_Bootstrap/Receipt/button_Continue' is visible

2023-02-22 18:56:06 - [TEST_STEP][PASSED] - verifyElementPresent(findTestObject("Object Repository/AdminSuiteBootstrap_Pages/VT_Bootstrap/Receipt/button_Continue"), 20): Object 'Object Repository/AdminSuiteBootstrap_Pages/VT_Bootstrap/Receipt/button_Continue' is present

2023-02-22 18:56:07 - [MESSAGE][PASSED] - Object 'Object Repository/AdminSuiteBootstrap_Pages/VT_Bootstrap/Receipt/button_Continue' is present

2023-02-22 18:56:07 - [TEST_STEP][PASSED] - verifyElementVisible(findTestObject("Object Repository/AdminSuiteBootstrap_Pages/VT_Bootstrap/Receipt/button_Print")): Object 'Object Repository/AdminSuiteBootstrap_Pages/VT_Bootstrap/Receipt/button_Print' is visible

2023-02-22 18:56:07 - [MESSAGE][PASSED] - Object 'Object Repository/AdminSuiteBootstrap_Pages/VT_Bootstrap/Receipt/button_Print' is visible

2023-02-22 18:56:07 - [TEST_STEP][PASSED] - verifyElementPresent(findTestObject("Object Repository/AdminSuiteBootstrap_Pages/VT_Bootstrap/Receipt/button_Print"), 20): Object 'Object Repository/AdminSuiteBootstrap_Pages/VT_Bootstrap/Receipt/button_Print' is present

2023-02-22 18:56:07 - [MESSAGE][PASSED] - Object 'Object Repository/AdminSuiteBootstrap_Pages/VT_Bootstrap/Receipt/button_Print' is present

2023-02-22 18:56:07 - [TEST_STEP][PASSED] - verifyTextPresent("Remittance ID", true): Text 'Remittance ID' is present on page  using regular expression

2023-02-22 18:56:08 - [MESSAGE][PASSED] - Text 'Remittance ID' is present on page  using regular expression

2023-02-22 18:56:08 - [TEST_STEP][PASSED] - verifyTextPresent("Received", true): Text 'Received' is present on page  using regular expression

2023-02-22 18:56:08 - [MESSAGE][PASSED] - Text 'Received' is present on page  using regular expression

2023-02-22 18:56:08 - [TEST_STEP][PASSED] - verifyTextPresent("UDF1", true): Text 'UDF1' is present on page  using regular expression

2023-02-22 18:56:08 - [MESSAGE][PASSED] - Text 'UDF1' is present on page  using regular expression

2023-02-22 18:56:08 - [TEST_STEP][PASSED] - verifyTextPresent("UDF2", true): Text 'UDF2' is present on page  using regular expression

2023-02-22 18:56:09 - [MESSAGE][PASSED] - Text 'UDF2' is present on page  using regular expression

2023-02-22 18:56:09 - [TEST_STEP][PASSED] - verifyTextPresent("UDF3", true): Text 'UDF3' is present on page  using regular expression

2023-02-22 18:56:09 - [MESSAGE][PASSED] - Text 'UDF3' is present on page  using regular expression

2023-02-22 18:56:09 - [TEST_STEP][PASSED] - verifyTextPresent("UDF4", true): Text 'UDF4' is present on page  using regular expression

2023-02-22 18:56:09 - [MESSAGE][PASSED] - Text 'UDF4' is present on page  using regular expression

2023-02-22 18:56:09 - [TEST_STEP][PASSED] - verifyTextPresent("UDF5", true): Text 'UDF5' is present on page  using regular expression

2023-02-22 18:56:10 - [MESSAGE][PASSED] - Text 'UDF5' is present on page  using regular expression

2023-02-22 18:56:10 - [TEST_STEP][PASSED] - verifyTextPresent("UDF6", true): Text 'UDF6' is present on page  using regular expression

2023-02-22 18:56:10 - [MESSAGE][PASSED] - Text 'UDF6' is present on page  using regular expression

2023-02-22 18:56:10 - [TEST_STEP][PASSED] - verifyTextPresent("UDF7", true): Text 'UDF7' is present on page  using regular expression

2023-02-22 18:56:10 - [MESSAGE][PASSED] - Text 'UDF7' is present on page  using regular expression

2023-02-22 18:56:10 - [TEST_STEP][PASSED] - verifyTextPresent("UDF8", true): Text 'UDF8' is present on page  using regular expression

2023-02-22 18:56:11 - [MESSAGE][PASSED] - Text 'UDF8' is present on page  using regular expression

2023-02-22 18:56:11 - [TEST_STEP][PASSED] - verifyTextPresent("UDF9", true): Text 'UDF9' is present on page  using regular expression

2023-02-22 18:56:11 - [MESSAGE][PASSED] - Text 'UDF9' is present on page  using regular expression

2023-02-22 18:56:11 - [TEST_STEP][PASSED] - verifyTextPresent("UDF 10", true): Text 'UDF 10' is present on page  using regular expression

2023-02-22 18:56:11 - [MESSAGE][PASSED] - Text 'UDF 10' is present on page  using regular expression

2023-02-22 18:56:11 - [TEST_STEP][PASSED] - verifyTextPresent("Delhi", true): Text 'Delhi' is present on page  using regular expression

2023-02-22 18:56:12 - [MESSAGE][PASSED] - Text 'Delhi' is present on page  using regular expression

2023-02-22 18:56:12 - [TEST_STEP][PASSED] - verifyTextPresent("Chennai", true): Text 'Chennai' is present on page  using regular expression

2023-02-22 18:56:12 - [MESSAGE][PASSED] - Text 'Chennai' is present on page  using regular expression

2023-02-22 18:56:12 - [TEST_STEP][PASSED] - verifyTextPresent("Mumbai", true): Text 'Mumbai' is present on page  using regular expression

2023-02-22 18:56:12 - [MESSAGE][PASSED] - Text 'Mumbai' is present on page  using regular expression

2023-02-22 18:56:12 - [TEST_STEP][PASSED] - verifyTextPresent("Kanpur", true): Text 'Kanpur' is present on page  using regular expression

2023-02-22 18:56:13 - [MESSAGE][PASSED] - Text 'Kanpur' is present on page  using regular expression

2023-02-22 18:56:13 - [TEST_STEP][PASSED] - verifyTextPresent("Orange Recorded", true): Text 'Orange Recorded' is present on page  using regular expression

2023-02-22 18:56:13 - [MESSAGE][PASSED] - Text 'Orange Recorded' is present on page  using regular expression

2023-02-22 18:56:13 - [TEST_STEP][PASSED] - verifyTextPresent("Yellow Recorded", true): Text 'Yellow Recorded' is present on page  using regular expression

2023-02-22 18:56:13 - [MESSAGE][PASSED] - Text 'Yellow Recorded' is present on page  using regular expression

2023-02-22 18:56:13 - [TEST_STEP][PASSED] - verifyTextPresent("Kolkata", true): Text 'Kolkata' is present on page  using regular expression

2023-02-22 18:56:14 - [MESSAGE][PASSED] - Text 'Kolkata' is present on page  using regular expression

2023-02-22 18:56:14 - [TEST_STEP][PASSED] - verifyTextPresent("Pune", true): Text 'Pune' is present on page  using regular expression

2023-02-22 18:56:14 - [MESSAGE][PASSED] - Text 'Pune' is present on page  using regular expression

2023-02-22 18:56:14 - [TEST_STEP][PASSED] - verifyTextPresent("Bhavnagar", true): Text 'Bhavnagar' is present on page  using regular expression

2023-02-22 18:56:14 - [MESSAGE][PASSED] - Text 'Bhavnagar' is present on page  using regular expression

2023-02-22 18:56:14 - [TEST_STEP][PASSED] - verifyTextPresent("Noida", true): Text 'Noida' is present on page  using regular expression

2023-02-22 18:56:14 - [MESSAGE][PASSED] - Text 'Noida' is present on page  using regular expression

2023-02-22 18:56:14 - [TEST_STEP][PASSED] - verifyTextPresent("Amount", true): Text 'Amount' is present on page  using regular expression

2023-02-22 18:56:15 - [MESSAGE][PASSED] - Text 'Amount' is present on page  using regular expression

2023-02-22 18:56:15 - [TEST_STEP][PASSED] - verifyTextPresent("2.50", true): Text '2.50' is present on page  using regular expression

2023-02-22 18:56:15 - [MESSAGE][PASSED] - Text '2.50' is present on page  using regular expression

2023-02-22 18:56:15 - [TEST_STEP][PASSED] - verifyTextPresent("Transaction Type", true): Text 'Transaction Type' is present on page  using regular expression

2023-02-22 18:56:15 - [MESSAGE][PASSED] - Text 'Transaction Type' is present on page  using regular expression

2023-02-22 18:56:15 - [TEST_STEP][PASSED] - verifyTextPresent("Debit", true): Text 'Debit' is present on page  using regular expression

2023-02-22 18:56:16 - [MESSAGE][PASSED] - Text 'Debit' is present on page  using regular expression

2023-02-22 18:56:16 - [TEST_STEP][PASSED] - verifyTextPresent("Check Information", true): Text 'Check Information' is present on page  using regular expression

2023-02-22 18:56:16 - [MESSAGE][PASSED] - Text 'Check Information' is present on page  using regular expression

2023-02-22 18:56:16 - [TEST_STEP][PASSED] - verifyTextPresent("Account Type", true): Text 'Account Type' is present on page  using regular expression

2023-02-22 18:56:16 - [MESSAGE][PASSED] - Text 'Account Type' is present on page  using regular expression

2023-02-22 18:56:16 - [TEST_STEP][PASSED] - verifyTextPresent("Account Number", true): Text 'Account Number' is present on page  using regular expression

2023-02-22 18:56:17 - [MESSAGE][PASSED] - Text 'Account Number' is present on page  using regular expression

2023-02-22 18:56:17 - [TEST_STEP][PASSED] - verifyTextPresent("Routing Number", true): Text 'Routing Number' is present on page  using regular expression

2023-02-22 18:56:17 - [MESSAGE][PASSED] - Text 'Routing Number' is present on page  using regular expression

2023-02-22 18:56:17 - [TEST_STEP][PASSED] - verifyTextPresent("Address Line 1", true): Text 'Address Line 1' is present on page  using regular expression

2023-02-22 18:56:17 - [MESSAGE][PASSED] - Text 'Address Line 1' is present on page  using regular expression

2023-02-22 18:56:17 - [TEST_STEP][PASSED] - verifyTextPresent("Address Line 2", true): Text 'Address Line 2' is present on page  using regular expression

2023-02-22 18:56:18 - [MESSAGE][PASSED] - Text 'Address Line 2' is present on page  using regular expression

2023-02-22 18:56:18 - [TEST_STEP][PASSED] - verifyTextPresent("Country", true): Text 'Country' is present on page  using regular expression

2023-02-22 18:56:18 - [MESSAGE][PASSED] - Text 'Country' is present on page  using regular expression

2023-02-22 18:56:18 - [TEST_STEP][PASSED] - verifyTextPresent("City", true): Text 'City' is present on page  using regular expression

2023-02-22 18:56:18 - [MESSAGE][PASSED] - Text 'City' is present on page  using regular expression

2023-02-22 18:56:18 - [TEST_STEP][PASSED] - verifyTextPresent("State", true): Text 'State' is present on page  using regular expression

2023-02-22 18:56:19 - [MESSAGE][PASSED] - Text 'State' is present on page  using regular expression

2023-02-22 18:56:19 - [TEST_STEP][PASSED] - verifyTextPresent("ZIP Code", true): Text 'ZIP Code' is present on page  using regular expression

2023-02-22 18:56:19 - [MESSAGE][PASSED] - Text 'ZIP Code' is present on page  using regular expression

2023-02-22 18:56:19 - [TEST_STEP][PASSED] - verifyTextPresent("248 PhoolKaante road", true): Text '248 PhoolKaante road' is present on page  using regular expression

2023-02-22 18:56:19 - [MESSAGE][PASSED] - Text '248 PhoolKaante road' is present on page  using regular expression

2023-02-22 18:56:19 - [TEST_STEP][PASSED] - verifyTextPresent("Suite 678", true): Text 'Suite 678' is present on page  using regular expression

2023-02-22 18:56:20 - [MESSAGE][PASSED] - Text 'Suite 678' is present on page  using regular expression

2023-02-22 18:56:20 - [TEST_STEP][PASSED] - verifyTextPresent("United States", true): Text 'United States' is present on page  using regular expression

2023-02-22 18:56:20 - [MESSAGE][PASSED] - Text 'United States' is present on page  using regular expression

2023-02-22 18:56:20 - [TEST_STEP][PASSED] - verifyTextPresent("ARLINGTON", true): Text 'ARLINGTON' is present on page  using regular expression

2023-02-22 18:56:20 - [MESSAGE][PASSED] - Text 'ARLINGTON' is present on page  using regular expression

2023-02-22 18:56:20 - [TEST_STEP][PASSED] - verifyTextPresent("Virginia", true): Text 'Virginia' is present on page  using regular expression

2023-02-22 18:56:21 - [MESSAGE][PASSED] - Text 'Virginia' is present on page  using regular expression

2023-02-22 18:56:21 - [TEST_STEP][PASSED] - verifyTextPresent("22201", true): Text '22201' is present on page  using regular expression

2023-02-22 18:56:21 - [MESSAGE][PASSED] - Text '22201' is present on page  using regular expression

2023-02-22 18:56:21 - [TEST_STEP][PASSED] - tranType = findTestData(dataFile).getValue("TranType", row): null

2023-02-22 18:56:21 - [TEST_STEP][PASSED] - last4V = findTestData(dataFile).getValue("Last4", row): null

2023-02-22 18:56:21 - [TEST_STEP][PASSED] - verifyTextPresent(tranType, true): Text 'Checking' is present on page  using regular expression

2023-02-22 18:56:21 - [MESSAGE][PASSED] - Text 'Checking' is present on page  using regular expression

2023-02-22 18:56:21 - [TEST_STEP][PASSED] - verifyTextPresent(last4V, true): Text '2222' is present on page  using regular expression

2023-02-22 18:56:22 - [MESSAGE][PASSED] - Text '2222' is present on page  using regular expression

2023-02-22 18:56:22 - [TEST_STEP][PASSED] - if (profNameLink.equalsIgnoreCase("a_PaymentsPC")): Text 'TANDON RAVENA' is present on page  using regular expression

2023-02-22 18:56:22 - [TEST_STEP][PASSED] - verifyTextPresent("Name on Account", true): Text 'Name on Account' is present on page  using regular expression

2023-02-22 18:56:22 - [MESSAGE][PASSED] - Text 'Name on Account' is present on page  using regular expression

2023-02-22 18:56:22 - [TEST_STEP][PASSED] - verifyTextPresent("TANDON RAVENA", true): Text 'TANDON RAVENA' is present on page  using regular expression

2023-02-22 18:56:22 - [MESSAGE][PASSED] - Text 'TANDON RAVENA' is present on page  using regular expression

2023-02-22 18:56:22 - [TEST_STEP][PASSED] - if (profNameLink.equalsIgnoreCase("a_PaymentsPS")): null

2023-02-22 18:56:22 - [TEST_STEP][PASSED] - if (profNameLink.equalsIgnoreCase("a_PaymentsCorp")): null

2023-02-22 18:56:22 - [TEST_STEP][PASSED] - switch (appName): null

2023-02-22 18:56:22 - [TEST_STEP][PASSED] - closeBrowser(): Browser is closed

2023-02-22 18:56:23 - [MESSAGE][PASSED] - Browser is closed

2023-02-22 18:56:23 - [TEST_STEP][PASSED] - ExecuteTC = findTestData(dataFile).getValue("Execute", row): null

2023-02-22 18:56:23 - [TEST_STEP][PASSED] - out.println("Value of Execute is : " + ExecuteTC): null

2023-02-22 18:56:23 - [TEST_STEP][PASSED] - switch (executionProfile): null

2023-02-22 18:56:23 - [TEST_STEP][PASSED] - case "QAProfile":: null

2023-02-22 18:56:23 - [TEST_STEP][PASSED] - appName = findTestData(dataFile).getValue("AppNameQA", row): null

2023-02-22 18:56:23 - [TEST_STEP][PASSED] - appID = findTestData(dataFile).getValue("AppIDQA", row): null

2023-02-22 18:56:23 - [TEST_STEP][PASSED] - break: null

2023-02-22 18:56:23 - [TEST_STEP][PASSED] - if (ExecuteTC.equalsIgnoreCase("Y")): null

2023-02-22 18:56:23 - [TEST_STEP][PASSED] - out.println("Begin Record Number: " + row): null

2023-02-22 18:56:23 - [TEST_STEP][PASSED] - today = new java.util.Date(): null

2023-02-22 18:56:23 - [TEST_STEP][PASSED] - println(today): null

2023-02-22 18:56:23 - [TEST_STEP][PASSED] - datText = today: null

2023-02-22 18:56:23 - [TEST_STEP][PASSED] - adminSuiteBootstrap.loginFunctionality.login_AdminSuite(): adminSuiteBootstrap.loginFunctionality.login_AdminSuite is PASSED

2023-02-22 18:56:24 - [MESSAGE][INFO] - Starting 'Chrome' driver

2023-02-22 18:56:24 - [MESSAGE][INFO] - User set preference: ['acceptInsecureCerts', 'true']

2023-02-22 18:56:24 - [MESSAGE][INFO] - Action delay is set to 0 milliseconds

2023-02-22 18:56:26 - [MESSAGE][PASSED] - Browser is opened with url: 'https://qa.velocitypayment.com/admin/imtiaz'

2023-02-22 18:56:26 - [MESSAGE][PASSED] - Current window maximized

2023-02-22 18:56:26 - [MESSAGE][PASSED] - Object 'Object Repository/Login_Page/Login_Username' is present

2023-02-22 18:56:27 - [MESSAGE][PASSED] - Text 'iahmed' is set on object 'Object Repository/Login_Page/Login_Username'

2023-02-22 18:56:28 - [MESSAGE][PASSED] - Text 'hello2222' is set on object 'Object Repository/Login_Page/Login_Password'

2023-02-22 18:56:31 - [MESSAGE][PASSED] - Object: 'Object Repository/Login_Page/Login_Submit' is clicked on

2023-02-22 18:56:31 - [MESSAGE][PASSED] - adminSuiteBootstrap.loginFunctionality.login_AdminSuite is PASSED

2023-02-22 18:56:31 - [TEST_STEP][PASSED] - click(findTestObject(path_Dashboard + appName)): Object: 'Object Repository/AdminSuiteBootstrap_Pages/Dashboard_Bootstrap/a_Access AutoNoCFtp' is clicked on

2023-02-22 18:56:32 - [MESSAGE][PASSED] - Object: 'Object Repository/AdminSuiteBootstrap_Pages/Dashboard_Bootstrap/a_Access AutoNoCFtp' is clicked on

2023-02-22 18:56:32 - [TEST_STEP][PASSED] - click(findTestObject(path_VT + "a_Find Profile")): Object: 'Object Repository/AdminSuiteBootstrap_Pages/VT_Bootstrap/IssueTransactions/a_Find Profile' is clicked on

2023-02-22 18:56:33 - [MESSAGE][PASSED] - Object: 'Object Repository/AdminSuiteBootstrap_Pages/VT_Bootstrap/IssueTransactions/a_Find Profile' is clicked on

2023-02-22 18:56:33 - [TEST_STEP][PASSED] - criteria = <not implemented yet for class: org.codehaus.groovy.ast.expr.EmptyExpression>: null

2023-02-22 18:56:33 - [TEST_STEP][PASSED] - searchBy = <not implemented yet for class: org.codehaus.groovy.ast.expr.EmptyExpression>: null

2023-02-22 18:56:33 - [TEST_STEP][PASSED] - criteria = findTestData(dataFile).getValue("ProfileName", row): null

2023-02-22 18:56:33 - [TEST_STEP][PASSED] - path_SearchProfile = "Object Repository/AdminSuiteBootstrap_Pages/VSP_Bootstrap/SearchProfile/": null

2023-02-22 18:56:33 - [TEST_STEP][PASSED] - setText(findTestObject(path_SearchProfile + "input_Criteria"), criteria): Text 'PaymentsPS' is set on object 'Object Repository/AdminSuiteBootstrap_Pages/VSP_Bootstrap/SearchProfile/input_Criteria'

2023-02-22 18:56:34 - [MESSAGE][PASSED] - Text 'PaymentsPS' is set on object 'Object Repository/AdminSuiteBootstrap_Pages/VSP_Bootstrap/SearchProfile/input_Criteria'

2023-02-22 18:56:34 - [TEST_STEP][PASSED] - click(findTestObject(path_SearchProfile + "button_Search")): Object: 'Object Repository/AdminSuiteBootstrap_Pages/VSP_Bootstrap/SearchProfile/button_Search' is clicked on

2023-02-22 18:56:35 - [MESSAGE][PASSED] - Object: 'Object Repository/AdminSuiteBootstrap_Pages/VSP_Bootstrap/SearchProfile/button_Search' is clicked on

2023-02-22 18:56:35 - [TEST_STEP][PASSED] - profNameLink = findTestData(dataFile).getValue("ProfileNameLink", row): null

2023-02-22 18:56:35 - [TEST_STEP][PASSED] - click(findTestObject(path_ViewProfile + profNameLink)): Object: 'Object Repository/AdminSuiteBootstrap_Pages/VSP_Bootstrap/View Profile/a_PaymentsPS' is clicked on

2023-02-22 18:56:36 - [MESSAGE][PASSED] - Object: 'Object Repository/AdminSuiteBootstrap_Pages/VSP_Bootstrap/View Profile/a_PaymentsPS' is clicked on

2023-02-22 18:56:36 - [TEST_STEP][PASSED] - click(findTestObject(path_ViewProfile + "a_Debit")): Object: 'Object Repository/AdminSuiteBootstrap_Pages/VSP_Bootstrap/View Profile/a_Debit' is clicked on

2023-02-22 18:56:37 - [MESSAGE][PASSED] - Object: 'Object Repository/AdminSuiteBootstrap_Pages/VSP_Bootstrap/View Profile/a_Debit' is clicked on

2023-02-22 18:56:37 - [TEST_STEP][PASSED] - verifyTextPresent("Remittance ID", true): Text 'Remittance ID' is present on page  using regular expression

2023-02-22 18:56:38 - [MESSAGE][PASSED] - Text 'Remittance ID' is present on page  using regular expression

2023-02-22 18:56:38 - [TEST_STEP][PASSED] - vspBootstrap.ACHDebitPage.setDataACHDebit(row, dataFile): vspBootstrap.ACHDebitPage.setDataACHDebit is PASSED

2023-02-22 18:56:39 - [MESSAGE][PASSED] - All options with value 'PPD' are selected in object 'Object Repository/AdminSuiteBootstrap_Pages/VSP_Bootstrap/VSP_Debit/select_StdEntryClass'  using regular expression

2023-02-22 18:56:40 - [MESSAGE][PASSED] - Text '' is set on object 'Object Repository/AdminSuiteBootstrap_Pages/VSP_Bootstrap/VSP_Debit/input_smsNumber'

2023-02-22 18:56:41 - [MESSAGE][PASSED] - Text '2.50' is set on object 'Object Repository/AdminSuiteBootstrap_Pages/VSP_Bootstrap/VSP_Debit/input_amount'

2023-02-22 18:56:41 - [MESSAGE][PASSED] - Text 'Delhi' is set on object 'Object Repository/AdminSuiteBootstrap_Pages/VSP_Bootstrap/VSP_Debit/input_userDefined1'

2023-02-22 18:56:42 - [MESSAGE][PASSED] - Text 'Chennai' is set on object 'Object Repository/AdminSuiteBootstrap_Pages/VSP_Bootstrap/VSP_Debit/input_userDefined2'

2023-02-22 18:56:43 - [MESSAGE][PASSED] - Text 'Mumbai' is set on object 'Object Repository/AdminSuiteBootstrap_Pages/VSP_Bootstrap/VSP_Debit/input_userDefined3'

2023-02-22 18:56:43 - [MESSAGE][PASSED] - Text 'Kanpur' is set on object 'Object Repository/AdminSuiteBootstrap_Pages/VSP_Bootstrap/VSP_Debit/input_userDefined4'

2023-02-22 18:56:44 - [MESSAGE][PASSED] - All options with label 'Orange' are selected in object 'Object Repository/AdminSuiteBootstrap_Pages/VSP_Bootstrap/VSP_Debit/select_UDF5'  using regular expression

2023-02-22 18:56:45 - [MESSAGE][PASSED] - All options with label 'Yellow' are selected in object 'Object Repository/AdminSuiteBootstrap_Pages/VSP_Bootstrap/VSP_Debit/select_UDF6'  using regular expression

2023-02-22 18:56:46 - [MESSAGE][PASSED] - Text 'Kolkata' is set on object 'Object Repository/AdminSuiteBootstrap_Pages/VSP_Bootstrap/VSP_Debit/input_userDefined7'

2023-02-22 18:56:47 - [MESSAGE][PASSED] - Text 'Pune' is set on object 'Object Repository/AdminSuiteBootstrap_Pages/VSP_Bootstrap/VSP_Debit/input_userDefined8'

2023-02-22 18:56:47 - [MESSAGE][PASSED] - Text 'Bhavnagar' is set on object 'Object Repository/AdminSuiteBootstrap_Pages/VSP_Bootstrap/VSP_Debit/input_userDefined9'

2023-02-22 18:56:48 - [MESSAGE][PASSED] - Text 'Noida' is set on object 'Object Repository/AdminSuiteBootstrap_Pages/VSP_Bootstrap/VSP_Debit/input_userDefined10'

2023-02-22 18:56:49 - [MESSAGE][PASSED] - Object: 'Object Repository/AdminSuiteBootstrap_Pages/VSP_Bootstrap/VSP_Debit/button_Submit' is clicked on

2023-02-22 18:56:49 - [MESSAGE][PASSED] - vspBootstrap.ACHDebitPage.setDataACHDebit is PASSED

2023-02-22 18:56:49 - [TEST_STEP][PASSED] - verifyTextPresent("Transaction Successful", true): Text 'Transaction Successful' is present on page  using regular expression

2023-02-22 18:56:50 - [MESSAGE][PASSED] - Text 'Transaction Successful' is present on page  using regular expression

2023-02-22 18:56:50 - [TEST_STEP][PASSED] - verifyElementVisible(findTestObject("Object Repository/AdminSuiteBootstrap_Pages/VT_Bootstrap/Receipt/button_Continue")): Object 'Object Repository/AdminSuiteBootstrap_Pages/VT_Bootstrap/Receipt/button_Continue' is visible

2023-02-22 18:56:50 - [MESSAGE][PASSED] - Object 'Object Repository/AdminSuiteBootstrap_Pages/VT_Bootstrap/Receipt/button_Continue' is visible

2023-02-22 18:56:50 - [TEST_STEP][PASSED] - verifyElementPresent(findTestObject("Object Repository/AdminSuiteBootstrap_Pages/VT_Bootstrap/Receipt/button_Continue"), 20): Object 'Object Repository/AdminSuiteBootstrap_Pages/VT_Bootstrap/Receipt/button_Continue' is present

2023-02-22 18:56:51 - [MESSAGE][PASSED] - Object 'Object Repository/AdminSuiteBootstrap_Pages/VT_Bootstrap/Receipt/button_Continue' is present

2023-02-22 18:56:51 - [TEST_STEP][PASSED] - verifyElementVisible(findTestObject("Object Repository/AdminSuiteBootstrap_Pages/VT_Bootstrap/Receipt/button_Print")): Object 'Object Repository/AdminSuiteBootstrap_Pages/VT_Bootstrap/Receipt/button_Print' is visible

2023-02-22 18:56:51 - [MESSAGE][PASSED] - Object 'Object Repository/AdminSuiteBootstrap_Pages/VT_Bootstrap/Receipt/button_Print' is visible

2023-02-22 18:56:51 - [TEST_STEP][PASSED] - verifyElementPresent(findTestObject("Object Repository/AdminSuiteBootstrap_Pages/VT_Bootstrap/Receipt/button_Print"), 20): Object 'Object Repository/AdminSuiteBootstrap_Pages/VT_Bootstrap/Receipt/button_Print' is present

2023-02-22 18:56:51 - [MESSAGE][PASSED] - Object 'Object Repository/AdminSuiteBootstrap_Pages/VT_Bootstrap/Receipt/button_Print' is present

2023-02-22 18:56:51 - [TEST_STEP][PASSED] - verifyTextPresent("Remittance ID", true): Text 'Remittance ID' is present on page  using regular expression

2023-02-22 18:56:52 - [MESSAGE][PASSED] - Text 'Remittance ID' is present on page  using regular expression

2023-02-22 18:56:52 - [TEST_STEP][PASSED] - verifyTextPresent("Received", true): Text 'Received' is present on page  using regular expression

2023-02-22 18:56:52 - [MESSAGE][PASSED] - Text 'Received' is present on page  using regular expression

2023-02-22 18:56:52 - [TEST_STEP][PASSED] - verifyTextPresent("UDF1", true): Text 'UDF1' is present on page  using regular expression

2023-02-22 18:56:52 - [MESSAGE][PASSED] - Text 'UDF1' is present on page  using regular expression

2023-02-22 18:56:52 - [TEST_STEP][PASSED] - verifyTextPresent("UDF2", true): Text 'UDF2' is present on page  using regular expression

2023-02-22 18:56:53 - [MESSAGE][PASSED] - Text 'UDF2' is present on page  using regular expression

2023-02-22 18:56:53 - [TEST_STEP][PASSED] - verifyTextPresent("UDF3", true): Text 'UDF3' is present on page  using regular expression

2023-02-22 18:56:53 - [MESSAGE][PASSED] - Text 'UDF3' is present on page  using regular expression

2023-02-22 18:56:53 - [TEST_STEP][PASSED] - verifyTextPresent("UDF4", true): Text 'UDF4' is present on page  using regular expression

2023-02-22 18:56:53 - [MESSAGE][PASSED] - Text 'UDF4' is present on page  using regular expression

2023-02-22 18:56:53 - [TEST_STEP][PASSED] - verifyTextPresent("UDF5", true): Text 'UDF5' is present on page  using regular expression

2023-02-22 18:56:54 - [MESSAGE][PASSED] - Text 'UDF5' is present on page  using regular expression

2023-02-22 18:56:54 - [TEST_STEP][PASSED] - verifyTextPresent("UDF6", true): Text 'UDF6' is present on page  using regular expression

2023-02-22 18:56:54 - [MESSAGE][PASSED] - Text 'UDF6' is present on page  using regular expression

2023-02-22 18:56:54 - [TEST_STEP][PASSED] - verifyTextPresent("UDF7", true): Text 'UDF7' is present on page  using regular expression

2023-02-22 18:56:54 - [MESSAGE][PASSED] - Text 'UDF7' is present on page  using regular expression

2023-02-22 18:56:54 - [TEST_STEP][PASSED] - verifyTextPresent("UDF8", true): Text 'UDF8' is present on page  using regular expression

2023-02-22 18:56:55 - [MESSAGE][PASSED] - Text 'UDF8' is present on page  using regular expression

2023-02-22 18:56:55 - [TEST_STEP][PASSED] - verifyTextPresent("UDF9", true): Text 'UDF9' is present on page  using regular expression

2023-02-22 18:56:55 - [MESSAGE][PASSED] - Text 'UDF9' is present on page  using regular expression

2023-02-22 18:56:55 - [TEST_STEP][PASSED] - verifyTextPresent("UDF 10", true): Text 'UDF 10' is present on page  using regular expression

2023-02-22 18:56:55 - [MESSAGE][PASSED] - Text 'UDF 10' is present on page  using regular expression

2023-02-22 18:56:55 - [TEST_STEP][PASSED] - verifyTextPresent("Delhi", true): Text 'Delhi' is present on page  using regular expression

2023-02-22 18:56:56 - [MESSAGE][PASSED] - Text 'Delhi' is present on page  using regular expression

2023-02-22 18:56:56 - [TEST_STEP][PASSED] - verifyTextPresent("Chennai", true): Text 'Chennai' is present on page  using regular expression

2023-02-22 18:56:56 - [MESSAGE][PASSED] - Text 'Chennai' is present on page  using regular expression

2023-02-22 18:56:56 - [TEST_STEP][PASSED] - verifyTextPresent("Mumbai", true): Text 'Mumbai' is present on page  using regular expression

2023-02-22 18:56:56 - [MESSAGE][PASSED] - Text 'Mumbai' is present on page  using regular expression

2023-02-22 18:56:56 - [TEST_STEP][PASSED] - verifyTextPresent("Kanpur", true): Text 'Kanpur' is present on page  using regular expression

2023-02-22 18:56:57 - [MESSAGE][PASSED] - Text 'Kanpur' is present on page  using regular expression

2023-02-22 18:56:57 - [TEST_STEP][PASSED] - verifyTextPresent("Orange Recorded", true): Text 'Orange Recorded' is present on page  using regular expression

2023-02-22 18:56:57 - [MESSAGE][PASSED] - Text 'Orange Recorded' is present on page  using regular expression

2023-02-22 18:56:57 - [TEST_STEP][PASSED] - verifyTextPresent("Yellow Recorded", true): Text 'Yellow Recorded' is present on page  using regular expression

2023-02-22 18:56:57 - [MESSAGE][PASSED] - Text 'Yellow Recorded' is present on page  using regular expression

2023-02-22 18:56:57 - [TEST_STEP][PASSED] - verifyTextPresent("Kolkata", true): Text 'Kolkata' is present on page  using regular expression

2023-02-22 18:56:58 - [MESSAGE][PASSED] - Text 'Kolkata' is present on page  using regular expression

2023-02-22 18:56:58 - [TEST_STEP][PASSED] - verifyTextPresent("Pune", true): Text 'Pune' is present on page  using regular expression

2023-02-22 18:56:58 - [MESSAGE][PASSED] - Text 'Pune' is present on page  using regular expression

2023-02-22 18:56:58 - [TEST_STEP][PASSED] - verifyTextPresent("Bhavnagar", true): Text 'Bhavnagar' is present on page  using regular expression

2023-02-22 18:56:58 - [MESSAGE][PASSED] - Text 'Bhavnagar' is present on page  using regular expression

2023-02-22 18:56:58 - [TEST_STEP][PASSED] - verifyTextPresent("Noida", true): Text 'Noida' is present on page  using regular expression

2023-02-22 18:56:59 - [MESSAGE][PASSED] - Text 'Noida' is present on page  using regular expression

2023-02-22 18:56:59 - [TEST_STEP][PASSED] - verifyTextPresent("Amount", true): Text 'Amount' is present on page  using regular expression

2023-02-22 18:56:59 - [MESSAGE][PASSED] - Text 'Amount' is present on page  using regular expression

2023-02-22 18:56:59 - [TEST_STEP][PASSED] - verifyTextPresent("2.50", true): Text '2.50' is present on page  using regular expression

2023-02-22 18:56:59 - [MESSAGE][PASSED] - Text '2.50' is present on page  using regular expression

2023-02-22 18:56:59 - [TEST_STEP][PASSED] - verifyTextPresent("Transaction Type", true): Text 'Transaction Type' is present on page  using regular expression

2023-02-22 18:57:00 - [MESSAGE][PASSED] - Text 'Transaction Type' is present on page  using regular expression

2023-02-22 18:57:00 - [TEST_STEP][PASSED] - verifyTextPresent("Debit", true): Text 'Debit' is present on page  using regular expression

2023-02-22 18:57:00 - [MESSAGE][PASSED] - Text 'Debit' is present on page  using regular expression

2023-02-22 18:57:00 - [TEST_STEP][PASSED] - verifyTextPresent("Check Information", true): Text 'Check Information' is present on page  using regular expression

2023-02-22 18:57:00 - [MESSAGE][PASSED] - Text 'Check Information' is present on page  using regular expression

2023-02-22 18:57:00 - [TEST_STEP][PASSED] - verifyTextPresent("Account Type", true): Text 'Account Type' is present on page  using regular expression

2023-02-22 18:57:00 - [MESSAGE][PASSED] - Text 'Account Type' is present on page  using regular expression

2023-02-22 18:57:00 - [TEST_STEP][PASSED] - verifyTextPresent("Account Number", true): Text 'Account Number' is present on page  using regular expression

2023-02-22 18:57:01 - [MESSAGE][PASSED] - Text 'Account Number' is present on page  using regular expression

2023-02-22 18:57:01 - [TEST_STEP][PASSED] - verifyTextPresent("Routing Number", true): Text 'Routing Number' is present on page  using regular expression

2023-02-22 18:57:01 - [MESSAGE][PASSED] - Text 'Routing Number' is present on page  using regular expression

2023-02-22 18:57:01 - [TEST_STEP][PASSED] - verifyTextPresent("Address Line 1", true): Text 'Address Line 1' is present on page  using regular expression

2023-02-22 18:57:01 - [MESSAGE][PASSED] - Text 'Address Line 1' is present on page  using regular expression

2023-02-22 18:57:01 - [TEST_STEP][PASSED] - verifyTextPresent("Address Line 2", true): Text 'Address Line 2' is present on page  using regular expression

2023-02-22 18:57:02 - [MESSAGE][PASSED] - Text 'Address Line 2' is present on page  using regular expression

2023-02-22 18:57:02 - [TEST_STEP][PASSED] - verifyTextPresent("Country", true): Text 'Country' is present on page  using regular expression

2023-02-22 18:57:02 - [MESSAGE][PASSED] - Text 'Country' is present on page  using regular expression

2023-02-22 18:57:02 - [TEST_STEP][PASSED] - verifyTextPresent("City", true): Text 'City' is present on page  using regular expression

2023-02-22 18:57:02 - [MESSAGE][PASSED] - Text 'City' is present on page  using regular expression

2023-02-22 18:57:02 - [TEST_STEP][PASSED] - verifyTextPresent("State", true): Text 'State' is present on page  using regular expression

2023-02-22 18:57:03 - [MESSAGE][PASSED] - Text 'State' is present on page  using regular expression

2023-02-22 18:57:03 - [TEST_STEP][PASSED] - verifyTextPresent("ZIP Code", true): Text 'ZIP Code' is present on page  using regular expression

2023-02-22 18:57:03 - [MESSAGE][PASSED] - Text 'ZIP Code' is present on page  using regular expression

2023-02-22 18:57:03 - [TEST_STEP][PASSED] - verifyTextPresent("248 PhoolKaante road", true): Text '248 PhoolKaante road' is present on page  using regular expression

2023-02-22 18:57:03 - [MESSAGE][PASSED] - Text '248 PhoolKaante road' is present on page  using regular expression

2023-02-22 18:57:03 - [TEST_STEP][PASSED] - verifyTextPresent("Suite 678", true): Text 'Suite 678' is present on page  using regular expression

2023-02-22 18:57:04 - [MESSAGE][PASSED] - Text 'Suite 678' is present on page  using regular expression

2023-02-22 18:57:04 - [TEST_STEP][PASSED] - verifyTextPresent("United States", true): Text 'United States' is present on page  using regular expression

2023-02-22 18:57:04 - [MESSAGE][PASSED] - Text 'United States' is present on page  using regular expression

2023-02-22 18:57:04 - [TEST_STEP][PASSED] - verifyTextPresent("ARLINGTON", true): Text 'ARLINGTON' is present on page  using regular expression

2023-02-22 18:57:04 - [MESSAGE][PASSED] - Text 'ARLINGTON' is present on page  using regular expression

2023-02-22 18:57:04 - [TEST_STEP][PASSED] - verifyTextPresent("Virginia", true): Text 'Virginia' is present on page  using regular expression

2023-02-22 18:57:05 - [MESSAGE][PASSED] - Text 'Virginia' is present on page  using regular expression

2023-02-22 18:57:05 - [TEST_STEP][PASSED] - verifyTextPresent("22201", true): Text '22201' is present on page  using regular expression

2023-02-22 18:57:05 - [MESSAGE][PASSED] - Text '22201' is present on page  using regular expression

2023-02-22 18:57:05 - [TEST_STEP][PASSED] - tranType = findTestData(dataFile).getValue("TranType", row): null

2023-02-22 18:57:05 - [TEST_STEP][PASSED] - last4V = findTestData(dataFile).getValue("Last4", row): null

2023-02-22 18:57:05 - [TEST_STEP][PASSED] - verifyTextPresent(tranType, true): Text 'Savings' is present on page  using regular expression

2023-02-22 18:57:06 - [MESSAGE][PASSED] - Text 'Savings' is present on page  using regular expression

2023-02-22 18:57:06 - [TEST_STEP][PASSED] - verifyTextPresent(last4V, true): Text '3333' is present on page  using regular expression

2023-02-22 18:57:06 - [MESSAGE][PASSED] - Text '3333' is present on page  using regular expression

2023-02-22 18:57:06 - [TEST_STEP][PASSED] - if (profNameLink.equalsIgnoreCase("a_PaymentsPC")): null

2023-02-22 18:57:06 - [TEST_STEP][PASSED] - if (profNameLink.equalsIgnoreCase("a_PaymentsPS")): Text 'TANDON RAVENA' is present on page  using regular expression

2023-02-22 18:57:06 - [TEST_STEP][PASSED] - verifyTextPresent("Name on Account", true): Text 'Name on Account' is present on page  using regular expression

2023-02-22 18:57:06 - [MESSAGE][PASSED] - Text 'Name on Account' is present on page  using regular expression

2023-02-22 18:57:06 - [TEST_STEP][PASSED] - verifyTextPresent("TANDON RAVENA", true): Text 'TANDON RAVENA' is present on page  using regular expression

2023-02-22 18:57:07 - [MESSAGE][PASSED] - Text 'TANDON RAVENA' is present on page  using regular expression

2023-02-22 18:57:07 - [TEST_STEP][PASSED] - if (profNameLink.equalsIgnoreCase("a_PaymentsCorp")): null

2023-02-22 18:57:07 - [TEST_STEP][PASSED] - switch (appName): null

2023-02-22 18:57:07 - [TEST_STEP][PASSED] - closeBrowser(): Browser is closed

2023-02-22 18:57:07 - [MESSAGE][PASSED] - Browser is closed

2023-02-22 18:57:07 - [TEST_STEP][PASSED] - ExecuteTC = findTestData(dataFile).getValue("Execute", row): null

2023-02-22 18:57:07 - [TEST_STEP][PASSED] - out.println("Value of Execute is : " + ExecuteTC): null

2023-02-22 18:57:07 - [TEST_STEP][PASSED] - switch (executionProfile): null

2023-02-22 18:57:07 - [TEST_STEP][PASSED] - case "QAProfile":: null

2023-02-22 18:57:07 - [TEST_STEP][PASSED] - appName = findTestData(dataFile).getValue("AppNameQA", row): null

2023-02-22 18:57:07 - [TEST_STEP][PASSED] - appID = findTestData(dataFile).getValue("AppIDQA", row): null

2023-02-22 18:57:08 - [TEST_STEP][PASSED] - break: null

2023-02-22 18:57:08 - [TEST_STEP][PASSED] - if (ExecuteTC.equalsIgnoreCase("Y")): null

2023-02-22 18:57:08 - [TEST_STEP][PASSED] - out.println("Begin Record Number: " + row): null

2023-02-22 18:57:08 - [TEST_STEP][PASSED] - today = new java.util.Date(): null

2023-02-22 18:57:08 - [TEST_STEP][PASSED] - println(today): null

2023-02-22 18:57:08 - [TEST_STEP][PASSED] - datText = today: null

2023-02-22 18:57:08 - [TEST_STEP][PASSED] - adminSuiteBootstrap.loginFunctionality.login_AdminSuite(): adminSuiteBootstrap.loginFunctionality.login_AdminSuite is PASSED

2023-02-22 18:57:08 - [MESSAGE][INFO] - Starting 'Chrome' driver

2023-02-22 18:57:08 - [MESSAGE][INFO] - User set preference: ['acceptInsecureCerts', 'true']

2023-02-22 18:57:08 - [MESSAGE][INFO] - Action delay is set to 0 milliseconds

2023-02-22 18:57:10 - [MESSAGE][PASSED] - Browser is opened with url: 'https://qa.velocitypayment.com/admin/imtiaz'

2023-02-22 18:57:10 - [MESSAGE][PASSED] - Current window maximized

2023-02-22 18:57:11 - [MESSAGE][PASSED] - Object 'Object Repository/Login_Page/Login_Username' is present

2023-02-22 18:57:11 - [MESSAGE][PASSED] - Text 'iahmed' is set on object 'Object Repository/Login_Page/Login_Username'

2023-02-22 18:57:12 - [MESSAGE][PASSED] - Text 'hello2222' is set on object 'Object Repository/Login_Page/Login_Password'

2023-02-22 18:57:16 - [MESSAGE][PASSED] - Object: 'Object Repository/Login_Page/Login_Submit' is clicked on

2023-02-22 18:57:16 - [MESSAGE][PASSED] - adminSuiteBootstrap.loginFunctionality.login_AdminSuite is PASSED

2023-02-22 18:57:16 - [TEST_STEP][PASSED] - click(findTestObject(path_Dashboard + appName)): Object: 'Object Repository/AdminSuiteBootstrap_Pages/Dashboard_Bootstrap/a_Access AutoNoCFtp' is clicked on

2023-02-22 18:57:17 - [MESSAGE][PASSED] - Object: 'Object Repository/AdminSuiteBootstrap_Pages/Dashboard_Bootstrap/a_Access AutoNoCFtp' is clicked on

2023-02-22 18:57:17 - [TEST_STEP][PASSED] - click(findTestObject(path_VT + "a_Find Profile")): Object: 'Object Repository/AdminSuiteBootstrap_Pages/VT_Bootstrap/IssueTransactions/a_Find Profile' is clicked on

2023-02-22 18:57:17 - [MESSAGE][PASSED] - Object: 'Object Repository/AdminSuiteBootstrap_Pages/VT_Bootstrap/IssueTransactions/a_Find Profile' is clicked on

2023-02-22 18:57:17 - [TEST_STEP][PASSED] - criteria = <not implemented yet for class: org.codehaus.groovy.ast.expr.EmptyExpression>: null

2023-02-22 18:57:17 - [TEST_STEP][PASSED] - searchBy = <not implemented yet for class: org.codehaus.groovy.ast.expr.EmptyExpression>: null

2023-02-22 18:57:17 - [TEST_STEP][PASSED] - criteria = findTestData(dataFile).getValue("ProfileName", row): null

2023-02-22 18:57:17 - [TEST_STEP][PASSED] - path_SearchProfile = "Object Repository/AdminSuiteBootstrap_Pages/VSP_Bootstrap/SearchProfile/": null

2023-02-22 18:57:17 - [TEST_STEP][PASSED] - setText(findTestObject(path_SearchProfile + "input_Criteria"), criteria): Text 'PaymentsPS' is set on object 'Object Repository/AdminSuiteBootstrap_Pages/VSP_Bootstrap/SearchProfile/input_Criteria'

2023-02-22 18:57:18 - [MESSAGE][PASSED] - Text 'PaymentsPS' is set on object 'Object Repository/AdminSuiteBootstrap_Pages/VSP_Bootstrap/SearchProfile/input_Criteria'

2023-02-22 18:57:18 - [TEST_STEP][PASSED] - click(findTestObject(path_SearchProfile + "button_Search")): Object: 'Object Repository/AdminSuiteBootstrap_Pages/VSP_Bootstrap/SearchProfile/button_Search' is clicked on

2023-02-22 18:57:19 - [MESSAGE][PASSED] - Object: 'Object Repository/AdminSuiteBootstrap_Pages/VSP_Bootstrap/SearchProfile/button_Search' is clicked on

2023-02-22 18:57:19 - [TEST_STEP][PASSED] - profNameLink = findTestData(dataFile).getValue("ProfileNameLink", row): null

2023-02-22 18:57:19 - [TEST_STEP][PASSED] - click(findTestObject(path_ViewProfile + profNameLink)): Object: 'Object Repository/AdminSuiteBootstrap_Pages/VSP_Bootstrap/View Profile/a_PaymentsPS' is clicked on

2023-02-22 18:57:20 - [MESSAGE][PASSED] - Object: 'Object Repository/AdminSuiteBootstrap_Pages/VSP_Bootstrap/View Profile/a_PaymentsPS' is clicked on

2023-02-22 18:57:20 - [TEST_STEP][PASSED] - click(findTestObject(path_ViewProfile + "a_Debit")): Object: 'Object Repository/AdminSuiteBootstrap_Pages/VSP_Bootstrap/View Profile/a_Debit' is clicked on

2023-02-22 18:57:22 - [MESSAGE][PASSED] - Object: 'Object Repository/AdminSuiteBootstrap_Pages/VSP_Bootstrap/View Profile/a_Debit' is clicked on

2023-02-22 18:57:22 - [TEST_STEP][PASSED] - verifyTextPresent("Remittance ID", true): Text 'Remittance ID' is present on page  using regular expression

2023-02-22 18:57:22 - [MESSAGE][PASSED] - Text 'Remittance ID' is present on page  using regular expression

2023-02-22 18:57:22 - [TEST_STEP][PASSED] - vspBootstrap.ACHDebitPage.setDataACHDebit(row, dataFile): vspBootstrap.ACHDebitPage.setDataACHDebit is PASSED

2023-02-22 18:57:24 - [MESSAGE][PASSED] - All options with value 'TEL' are selected in object 'Object Repository/AdminSuiteBootstrap_Pages/VSP_Bootstrap/VSP_Debit/select_StdEntryClass'  using regular expression

2023-02-22 18:57:24 - [MESSAGE][PASSED] - Text '' is set on object 'Object Repository/AdminSuiteBootstrap_Pages/VSP_Bootstrap/VSP_Debit/input_smsNumber'

2023-02-22 18:57:25 - [MESSAGE][PASSED] - Text '2.50' is set on object 'Object Repository/AdminSuiteBootstrap_Pages/VSP_Bootstrap/VSP_Debit/input_amount'

2023-02-22 18:57:26 - [MESSAGE][PASSED] - Text 'Delhi' is set on object 'Object Repository/AdminSuiteBootstrap_Pages/VSP_Bootstrap/VSP_Debit/input_userDefined1'

2023-02-22 18:57:26 - [MESSAGE][PASSED] - Text 'Chennai' is set on object 'Object Repository/AdminSuiteBootstrap_Pages/VSP_Bootstrap/VSP_Debit/input_userDefined2'

2023-02-22 18:57:27 - [MESSAGE][PASSED] - Text 'Mumbai' is set on object 'Object Repository/AdminSuiteBootstrap_Pages/VSP_Bootstrap/VSP_Debit/input_userDefined3'

2023-02-22 18:57:28 - [MESSAGE][PASSED] - Text 'Kanpur' is set on object 'Object Repository/AdminSuiteBootstrap_Pages/VSP_Bootstrap/VSP_Debit/input_userDefined4'

2023-02-22 18:57:29 - [MESSAGE][PASSED] - All options with label 'Orange' are selected in object 'Object Repository/AdminSuiteBootstrap_Pages/VSP_Bootstrap/VSP_Debit/select_UDF5'  using regular expression

2023-02-22 18:57:30 - [MESSAGE][PASSED] - All options with label 'Yellow' are selected in object 'Object Repository/AdminSuiteBootstrap_Pages/VSP_Bootstrap/VSP_Debit/select_UDF6'  using regular expression

2023-02-22 18:57:30 - [MESSAGE][PASSED] - Text 'Kolkata' is set on object 'Object Repository/AdminSuiteBootstrap_Pages/VSP_Bootstrap/VSP_Debit/input_userDefined7'

2023-02-22 18:57:31 - [MESSAGE][PASSED] - Text 'Pune' is set on object 'Object Repository/AdminSuiteBootstrap_Pages/VSP_Bootstrap/VSP_Debit/input_userDefined8'

2023-02-22 18:57:32 - [MESSAGE][PASSED] - Text 'Bhavnagar' is set on object 'Object Repository/AdminSuiteBootstrap_Pages/VSP_Bootstrap/VSP_Debit/input_userDefined9'

2023-02-22 18:57:32 - [MESSAGE][PASSED] - Text 'Noida' is set on object 'Object Repository/AdminSuiteBootstrap_Pages/VSP_Bootstrap/VSP_Debit/input_userDefined10'

2023-02-22 18:57:34 - [MESSAGE][PASSED] - Object: 'Object Repository/AdminSuiteBootstrap_Pages/VSP_Bootstrap/VSP_Debit/button_Submit' is clicked on

2023-02-22 18:57:34 - [MESSAGE][PASSED] - vspBootstrap.ACHDebitPage.setDataACHDebit is PASSED

2023-02-22 18:57:34 - [TEST_STEP][PASSED] - verifyTextPresent("Transaction Successful", true): Text 'Transaction Successful' is present on page  using regular expression

2023-02-22 18:57:34 - [MESSAGE][PASSED] - Text 'Transaction Successful' is present on page  using regular expression

2023-02-22 18:57:34 - [TEST_STEP][PASSED] - verifyElementVisible(findTestObject("Object Repository/AdminSuiteBootstrap_Pages/VT_Bootstrap/Receipt/button_Continue")): Object 'Object Repository/AdminSuiteBootstrap_Pages/VT_Bootstrap/Receipt/button_Continue' is visible

2023-02-22 18:57:35 - [MESSAGE][PASSED] - Object 'Object Repository/AdminSuiteBootstrap_Pages/VT_Bootstrap/Receipt/button_Continue' is visible

2023-02-22 18:57:35 - [TEST_STEP][PASSED] - verifyElementPresent(findTestObject("Object Repository/AdminSuiteBootstrap_Pages/VT_Bootstrap/Receipt/button_Continue"), 20): Object 'Object Repository/AdminSuiteBootstrap_Pages/VT_Bootstrap/Receipt/button_Continue' is present

2023-02-22 18:57:35 - [MESSAGE][PASSED] - Object 'Object Repository/AdminSuiteBootstrap_Pages/VT_Bootstrap/Receipt/button_Continue' is present

2023-02-22 18:57:35 - [TEST_STEP][PASSED] - verifyElementVisible(findTestObject("Object Repository/AdminSuiteBootstrap_Pages/VT_Bootstrap/Receipt/button_Print")): Object 'Object Repository/AdminSuiteBootstrap_Pages/VT_Bootstrap/Receipt/button_Print' is visible

2023-02-22 18:57:35 - [MESSAGE][PASSED] - Object 'Object Repository/AdminSuiteBootstrap_Pages/VT_Bootstrap/Receipt/button_Print' is visible

2023-02-22 18:57:35 - [TEST_STEP][PASSED] - verifyElementPresent(findTestObject("Object Repository/AdminSuiteBootstrap_Pages/VT_Bootstrap/Receipt/button_Print"), 20): Object 'Object Repository/AdminSuiteBootstrap_Pages/VT_Bootstrap/Receipt/button_Print' is present

2023-02-22 18:57:36 - [MESSAGE][PASSED] - Object 'Object Repository/AdminSuiteBootstrap_Pages/VT_Bootstrap/Receipt/button_Print' is present

2023-02-22 18:57:36 - [TEST_STEP][PASSED] - verifyTextPresent("Remittance ID", true): Text 'Remittance ID' is present on page  using regular expression

2023-02-22 18:57:36 - [MESSAGE][PASSED] - Text 'Remittance ID' is present on page  using regular expression

2023-02-22 18:57:36 - [TEST_STEP][PASSED] - verifyTextPresent("Received", true): Text 'Received' is present on page  using regular expression

2023-02-22 18:57:36 - [MESSAGE][PASSED] - Text 'Received' is present on page  using regular expression

2023-02-22 18:57:36 - [TEST_STEP][PASSED] - verifyTextPresent("UDF1", true): Text 'UDF1' is present on page  using regular expression

2023-02-22 18:57:37 - [MESSAGE][PASSED] - Text 'UDF1' is present on page  using regular expression

2023-02-22 18:57:37 - [TEST_STEP][PASSED] - verifyTextPresent("UDF2", true): Text 'UDF2' is present on page  using regular expression

2023-02-22 18:57:37 - [MESSAGE][PASSED] - Text 'UDF2' is present on page  using regular expression

2023-02-22 18:57:37 - [TEST_STEP][PASSED] - verifyTextPresent("UDF3", true): Text 'UDF3' is present on page  using regular expression

2023-02-22 18:57:37 - [MESSAGE][PASSED] - Text 'UDF3' is present on page  using regular expression

2023-02-22 18:57:37 - [TEST_STEP][PASSED] - verifyTextPresent("UDF4", true): Text 'UDF4' is present on page  using regular expression

2023-02-22 18:57:38 - [MESSAGE][PASSED] - Text 'UDF4' is present on page  using regular expression

2023-02-22 18:57:38 - [TEST_STEP][PASSED] - verifyTextPresent("UDF5", true): Text 'UDF5' is present on page  using regular expression

2023-02-22 18:57:38 - [MESSAGE][PASSED] - Text 'UDF5' is present on page  using regular expression

2023-02-22 18:57:38 - [TEST_STEP][PASSED] - verifyTextPresent("UDF6", true): Text 'UDF6' is present on page  using regular expression

2023-02-22 18:57:38 - [MESSAGE][PASSED] - Text 'UDF6' is present on page  using regular expression

2023-02-22 18:57:38 - [TEST_STEP][PASSED] - verifyTextPresent("UDF7", true): Text 'UDF7' is present on page  using regular expression

2023-02-22 18:57:39 - [MESSAGE][PASSED] - Text 'UDF7' is present on page  using regular expression

2023-02-22 18:57:39 - [TEST_STEP][PASSED] - verifyTextPresent("UDF8", true): Text 'UDF8' is present on page  using regular expression

2023-02-22 18:57:39 - [MESSAGE][PASSED] - Text 'UDF8' is present on page  using regular expression

2023-02-22 18:57:39 - [TEST_STEP][PASSED] - verifyTextPresent("UDF9", true): Text 'UDF9' is present on page  using regular expression

2023-02-22 18:57:39 - [MESSAGE][PASSED] - Text 'UDF9' is present on page  using regular expression

2023-02-22 18:57:39 - [TEST_STEP][PASSED] - verifyTextPresent("UDF 10", true): Text 'UDF 10' is present on page  using regular expression

2023-02-22 18:57:40 - [MESSAGE][PASSED] - Text 'UDF 10' is present on page  using regular expression

2023-02-22 18:57:40 - [TEST_STEP][PASSED] - verifyTextPresent("Delhi", true): Text 'Delhi' is present on page  using regular expression

2023-02-22 18:57:40 - [MESSAGE][PASSED] - Text 'Delhi' is present on page  using regular expression

2023-02-22 18:57:40 - [TEST_STEP][PASSED] - verifyTextPresent("Chennai", true): Text 'Chennai' is present on page  using regular expression

2023-02-22 18:57:40 - [MESSAGE][PASSED] - Text 'Chennai' is present on page  using regular expression

2023-02-22 18:57:40 - [TEST_STEP][PASSED] - verifyTextPresent("Mumbai", true): Text 'Mumbai' is present on page  using regular expression

2023-02-22 18:57:41 - [MESSAGE][PASSED] - Text 'Mumbai' is present on page  using regular expression

2023-02-22 18:57:41 - [TEST_STEP][PASSED] - verifyTextPresent("Kanpur", true): Text 'Kanpur' is present on page  using regular expression

2023-02-22 18:57:41 - [MESSAGE][PASSED] - Text 'Kanpur' is present on page  using regular expression

2023-02-22 18:57:41 - [TEST_STEP][PASSED] - verifyTextPresent("Orange Recorded", true): Text 'Orange Recorded' is present on page  using regular expression

2023-02-22 18:57:41 - [MESSAGE][PASSED] - Text 'Orange Recorded' is present on page  using regular expression

2023-02-22 18:57:41 - [TEST_STEP][PASSED] - verifyTextPresent("Yellow Recorded", true): Text 'Yellow Recorded' is present on page  using regular expression

2023-02-22 18:57:42 - [MESSAGE][PASSED] - Text 'Yellow Recorded' is present on page  using regular expression

2023-02-22 18:57:42 - [TEST_STEP][PASSED] - verifyTextPresent("Kolkata", true): Text 'Kolkata' is present on page  using regular expression

2023-02-22 18:57:42 - [MESSAGE][PASSED] - Text 'Kolkata' is present on page  using regular expression

2023-02-22 18:57:42 - [TEST_STEP][PASSED] - verifyTextPresent("Pune", true): Text 'Pune' is present on page  using regular expression

2023-02-22 18:57:42 - [MESSAGE][PASSED] - Text 'Pune' is present on page  using regular expression

2023-02-22 18:57:42 - [TEST_STEP][PASSED] - verifyTextPresent("Bhavnagar", true): Text 'Bhavnagar' is present on page  using regular expression

2023-02-22 18:57:42 - [MESSAGE][PASSED] - Text 'Bhavnagar' is present on page  using regular expression

2023-02-22 18:57:42 - [TEST_STEP][PASSED] - verifyTextPresent("Noida", true): Text 'Noida' is present on page  using regular expression

2023-02-22 18:57:43 - [MESSAGE][PASSED] - Text 'Noida' is present on page  using regular expression

2023-02-22 18:57:43 - [TEST_STEP][PASSED] - verifyTextPresent("Amount", true): Text 'Amount' is present on page  using regular expression

2023-02-22 18:57:43 - [MESSAGE][PASSED] - Text 'Amount' is present on page  using regular expression

2023-02-22 18:57:43 - [TEST_STEP][PASSED] - verifyTextPresent("2.50", true): Text '2.50' is present on page  using regular expression

2023-02-22 18:57:43 - [MESSAGE][PASSED] - Text '2.50' is present on page  using regular expression

2023-02-22 18:57:43 - [TEST_STEP][PASSED] - verifyTextPresent("Transaction Type", true): Text 'Transaction Type' is present on page  using regular expression

2023-02-22 18:57:44 - [MESSAGE][PASSED] - Text 'Transaction Type' is present on page  using regular expression

2023-02-22 18:57:44 - [TEST_STEP][PASSED] - verifyTextPresent("Debit", true): Text 'Debit' is present on page  using regular expression

2023-02-22 18:57:44 - [MESSAGE][PASSED] - Text 'Debit' is present on page  using regular expression

2023-02-22 18:57:44 - [TEST_STEP][PASSED] - verifyTextPresent("Check Information", true): Text 'Check Information' is present on page  using regular expression

2023-02-22 18:57:44 - [MESSAGE][PASSED] - Text 'Check Information' is present on page  using regular expression

2023-02-22 18:57:44 - [TEST_STEP][PASSED] - verifyTextPresent("Account Type", true): Text 'Account Type' is present on page  using regular expression

2023-02-22 18:57:45 - [MESSAGE][PASSED] - Text 'Account Type' is present on page  using regular expression

2023-02-22 18:57:45 - [TEST_STEP][PASSED] - verifyTextPresent("Account Number", true): Text 'Account Number' is present on page  using regular expression

2023-02-22 18:57:45 - [MESSAGE][PASSED] - Text 'Account Number' is present on page  using regular expression

2023-02-22 18:57:45 - [TEST_STEP][PASSED] - verifyTextPresent("Routing Number", true): Text 'Routing Number' is present on page  using regular expression

2023-02-22 18:57:45 - [MESSAGE][PASSED] - Text 'Routing Number' is present on page  using regular expression

2023-02-22 18:57:45 - [TEST_STEP][PASSED] - verifyTextPresent("Address Line 1", true): Text 'Address Line 1' is present on page  using regular expression

2023-02-22 18:57:46 - [MESSAGE][PASSED] - Text 'Address Line 1' is present on page  using regular expression

2023-02-22 18:57:46 - [TEST_STEP][PASSED] - verifyTextPresent("Address Line 2", true): Text 'Address Line 2' is present on page  using regular expression

2023-02-22 18:57:46 - [MESSAGE][PASSED] - Text 'Address Line 2' is present on page  using regular expression

2023-02-22 18:57:46 - [TEST_STEP][PASSED] - verifyTextPresent("Country", true): Text 'Country' is present on page  using regular expression

2023-02-22 18:57:46 - [MESSAGE][PASSED] - Text 'Country' is present on page  using regular expression

2023-02-22 18:57:46 - [TEST_STEP][PASSED] - verifyTextPresent("City", true): Text 'City' is present on page  using regular expression

2023-02-22 18:57:47 - [MESSAGE][PASSED] - Text 'City' is present on page  using regular expression

2023-02-22 18:57:47 - [TEST_STEP][PASSED] - verifyTextPresent("State", true): Text 'State' is present on page  using regular expression

2023-02-22 18:57:47 - [MESSAGE][PASSED] - Text 'State' is present on page  using regular expression

2023-02-22 18:57:47 - [TEST_STEP][PASSED] - verifyTextPresent("ZIP Code", true): Text 'ZIP Code' is present on page  using regular expression

2023-02-22 18:57:47 - [MESSAGE][PASSED] - Text 'ZIP Code' is present on page  using regular expression

2023-02-22 18:57:47 - [TEST_STEP][PASSED] - verifyTextPresent("248 PhoolKaante road", true): Text '248 PhoolKaante road' is present on page  using regular expression

2023-02-22 18:57:48 - [MESSAGE][PASSED] - Text '248 PhoolKaante road' is present on page  using regular expression

2023-02-22 18:57:48 - [TEST_STEP][PASSED] - verifyTextPresent("Suite 678", true): Text 'Suite 678' is present on page  using regular expression

2023-02-22 18:57:48 - [MESSAGE][PASSED] - Text 'Suite 678' is present on page  using regular expression

2023-02-22 18:57:48 - [TEST_STEP][PASSED] - verifyTextPresent("United States", true): Text 'United States' is present on page  using regular expression

2023-02-22 18:57:48 - [MESSAGE][PASSED] - Text 'United States' is present on page  using regular expression

2023-02-22 18:57:48 - [TEST_STEP][PASSED] - verifyTextPresent("ARLINGTON", true): Text 'ARLINGTON' is present on page  using regular expression

2023-02-22 18:57:49 - [MESSAGE][PASSED] - Text 'ARLINGTON' is present on page  using regular expression

2023-02-22 18:57:49 - [TEST_STEP][PASSED] - verifyTextPresent("Virginia", true): Text 'Virginia' is present on page  using regular expression

2023-02-22 18:57:49 - [MESSAGE][PASSED] - Text 'Virginia' is present on page  using regular expression

2023-02-22 18:57:49 - [TEST_STEP][PASSED] - verifyTextPresent("22201", true): Text '22201' is present on page  using regular expression

2023-02-22 18:57:49 - [MESSAGE][PASSED] - Text '22201' is present on page  using regular expression

2023-02-22 18:57:49 - [TEST_STEP][PASSED] - tranType = findTestData(dataFile).getValue("TranType", row): null

2023-02-22 18:57:49 - [TEST_STEP][PASSED] - last4V = findTestData(dataFile).getValue("Last4", row): null

2023-02-22 18:57:49 - [TEST_STEP][PASSED] - verifyTextPresent(tranType, true): Text 'Savings' is present on page  using regular expression

2023-02-22 18:57:50 - [MESSAGE][PASSED] - Text 'Savings' is present on page  using regular expression

2023-02-22 18:57:50 - [TEST_STEP][PASSED] - verifyTextPresent(last4V, true): Text '3333' is present on page  using regular expression

2023-02-22 18:57:50 - [MESSAGE][PASSED] - Text '3333' is present on page  using regular expression

2023-02-22 18:57:50 - [TEST_STEP][PASSED] - if (profNameLink.equalsIgnoreCase("a_PaymentsPC")): null

2023-02-22 18:57:50 - [TEST_STEP][PASSED] - if (profNameLink.equalsIgnoreCase("a_PaymentsPS")): Text 'TANDON RAVENA' is present on page  using regular expression

2023-02-22 18:57:50 - [TEST_STEP][PASSED] - verifyTextPresent("Name on Account", true): Text 'Name on Account' is present on page  using regular expression

2023-02-22 18:57:50 - [MESSAGE][PASSED] - Text 'Name on Account' is present on page  using regular expression

2023-02-22 18:57:50 - [TEST_STEP][PASSED] - verifyTextPresent("TANDON RAVENA", true): Text 'TANDON RAVENA' is present on page  using regular expression

2023-02-22 18:57:51 - [MESSAGE][PASSED] - Text 'TANDON RAVENA' is present on page  using regular expression

2023-02-22 18:57:51 - [TEST_STEP][PASSED] - if (profNameLink.equalsIgnoreCase("a_PaymentsCorp")): null

2023-02-22 18:57:51 - [TEST_STEP][PASSED] - switch (appName): null

2023-02-22 18:57:51 - [TEST_STEP][PASSED] - closeBrowser(): Browser is closed

2023-02-22 18:57:52 - [MESSAGE][PASSED] - Browser is closed

2023-02-22 18:57:52 - [TEST_STEP][PASSED] - ExecuteTC = findTestData(dataFile).getValue("Execute", row): null

2023-02-22 18:57:52 - [TEST_STEP][PASSED] - out.println("Value of Execute is : " + ExecuteTC): null

2023-02-22 18:57:52 - [TEST_STEP][PASSED] - switch (executionProfile): null

2023-02-22 18:57:52 - [TEST_STEP][PASSED] - case "QAProfile":: null

2023-02-22 18:57:52 - [TEST_STEP][PASSED] - appName = findTestData(dataFile).getValue("AppNameQA", row): null

2023-02-22 18:57:52 - [TEST_STEP][PASSED] - appID = findTestData(dataFile).getValue("AppIDQA", row): null

2023-02-22 18:57:52 - [TEST_STEP][PASSED] - break: null

2023-02-22 18:57:52 - [TEST_STEP][PASSED] - if (ExecuteTC.equalsIgnoreCase("Y")): null

2023-02-22 18:57:52 - [TEST_STEP][PASSED] - out.println("Begin Record Number: " + row): null

2023-02-22 18:57:52 - [TEST_STEP][PASSED] - today = new java.util.Date(): null

2023-02-22 18:57:52 - [TEST_STEP][PASSED] - println(today): null

2023-02-22 18:57:52 - [TEST_STEP][PASSED] - datText = today: null

2023-02-22 18:57:52 - [TEST_STEP][PASSED] - adminSuiteBootstrap.loginFunctionality.login_AdminSuite(): adminSuiteBootstrap.loginFunctionality.login_AdminSuite is PASSED

2023-02-22 18:57:52 - [MESSAGE][INFO] - Starting 'Chrome' driver

2023-02-22 18:57:52 - [MESSAGE][INFO] - User set preference: ['acceptInsecureCerts', 'true']

2023-02-22 18:57:52 - [MESSAGE][INFO] - Action delay is set to 0 milliseconds

2023-02-22 18:57:55 - [MESSAGE][PASSED] - Browser is opened with url: 'https://qa.velocitypayment.com/admin/imtiaz'

2023-02-22 18:57:55 - [MESSAGE][PASSED] - Current window maximized

2023-02-22 18:57:55 - [MESSAGE][PASSED] - Object 'Object Repository/Login_Page/Login_Username' is present

2023-02-22 18:57:56 - [MESSAGE][PASSED] - Text 'iahmed' is set on object 'Object Repository/Login_Page/Login_Username'

2023-02-22 18:57:56 - [MESSAGE][PASSED] - Text 'hello2222' is set on object 'Object Repository/Login_Page/Login_Password'

2023-02-22 18:58:01 - [MESSAGE][PASSED] - Object: 'Object Repository/Login_Page/Login_Submit' is clicked on

2023-02-22 18:58:01 - [MESSAGE][PASSED] - adminSuiteBootstrap.loginFunctionality.login_AdminSuite is PASSED

2023-02-22 18:58:01 - [TEST_STEP][PASSED] - click(findTestObject(path_Dashboard + appName)): Object: 'Object Repository/AdminSuiteBootstrap_Pages/Dashboard_Bootstrap/a_Access AutoNoCFtp' is clicked on

2023-02-22 18:58:02 - [MESSAGE][PASSED] - Object: 'Object Repository/AdminSuiteBootstrap_Pages/Dashboard_Bootstrap/a_Access AutoNoCFtp' is clicked on

2023-02-22 18:58:02 - [TEST_STEP][PASSED] - click(findTestObject(path_VT + "a_Find Profile")): Object: 'Object Repository/AdminSuiteBootstrap_Pages/VT_Bootstrap/IssueTransactions/a_Find Profile' is clicked on

2023-02-22 18:58:03 - [MESSAGE][PASSED] - Object: 'Object Repository/AdminSuiteBootstrap_Pages/VT_Bootstrap/IssueTransactions/a_Find Profile' is clicked on

2023-02-22 18:58:03 - [TEST_STEP][PASSED] - criteria = <not implemented yet for class: org.codehaus.groovy.ast.expr.EmptyExpression>: null

2023-02-22 18:58:03 - [TEST_STEP][PASSED] - searchBy = <not implemented yet for class: org.codehaus.groovy.ast.expr.EmptyExpression>: null

2023-02-22 18:58:03 - [TEST_STEP][PASSED] - criteria = findTestData(dataFile).getValue("ProfileName", row): null

2023-02-22 18:58:03 - [TEST_STEP][PASSED] - path_SearchProfile = "Object Repository/AdminSuiteBootstrap_Pages/VSP_Bootstrap/SearchProfile/": null

2023-02-22 18:58:03 - [TEST_STEP][PASSED] - setText(findTestObject(path_SearchProfile + "input_Criteria"), criteria): Text 'PaymentsCorp' is set on object 'Object Repository/AdminSuiteBootstrap_Pages/VSP_Bootstrap/SearchProfile/input_Criteria'

2023-02-22 18:58:03 - [MESSAGE][PASSED] - Text 'PaymentsCorp' is set on object 'Object Repository/AdminSuiteBootstrap_Pages/VSP_Bootstrap/SearchProfile/input_Criteria'

2023-02-22 18:58:03 - [TEST_STEP][PASSED] - click(findTestObject(path_SearchProfile + "button_Search")): Object: 'Object Repository/AdminSuiteBootstrap_Pages/VSP_Bootstrap/SearchProfile/button_Search' is clicked on

2023-02-22 18:58:05 - [MESSAGE][PASSED] - Object: 'Object Repository/AdminSuiteBootstrap_Pages/VSP_Bootstrap/SearchProfile/button_Search' is clicked on

2023-02-22 18:58:05 - [TEST_STEP][PASSED] - profNameLink = findTestData(dataFile).getValue("ProfileNameLink", row): null

2023-02-22 18:58:05 - [TEST_STEP][PASSED] - click(findTestObject(path_ViewProfile + profNameLink)): Object: 'Object Repository/AdminSuiteBootstrap_Pages/VSP_Bootstrap/View Profile/a_PaymentsCorp' is clicked on

2023-02-22 18:58:06 - [MESSAGE][PASSED] - Object: 'Object Repository/AdminSuiteBootstrap_Pages/VSP_Bootstrap/View Profile/a_PaymentsCorp' is clicked on

2023-02-22 18:58:06 - [TEST_STEP][PASSED] - click(findTestObject(path_ViewProfile + "a_Debit")): Object: 'Object Repository/AdminSuiteBootstrap_Pages/VSP_Bootstrap/View Profile/a_Debit' is clicked on

2023-02-22 18:58:07 - [MESSAGE][PASSED] - Object: 'Object Repository/AdminSuiteBootstrap_Pages/VSP_Bootstrap/View Profile/a_Debit' is clicked on

2023-02-22 18:58:07 - [TEST_STEP][PASSED] - verifyTextPresent("Remittance ID", true): Text 'Remittance ID' is present on page  using regular expression

2023-02-22 18:58:08 - [MESSAGE][PASSED] - Text 'Remittance ID' is present on page  using regular expression

2023-02-22 18:58:08 - [TEST_STEP][PASSED] - vspBootstrap.ACHDebitPage.setDataACHDebit(row, dataFile): vspBootstrap.ACHDebitPage.setDataACHDebit is PASSED

2023-02-22 18:58:09 - [MESSAGE][PASSED] - All options with value 'CCD' are selected in object 'Object Repository/AdminSuiteBootstrap_Pages/VSP_Bootstrap/VSP_Debit/select_StdEntryClass'  using regular expression

2023-02-22 18:58:10 - [MESSAGE][PASSED] - Text '' is set on object 'Object Repository/AdminSuiteBootstrap_Pages/VSP_Bootstrap/VSP_Debit/input_smsNumber'

2023-02-22 18:58:11 - [MESSAGE][PASSED] - Text '2.50' is set on object 'Object Repository/AdminSuiteBootstrap_Pages/VSP_Bootstrap/VSP_Debit/input_amount'

2023-02-22 18:58:12 - [MESSAGE][PASSED] - Text '123456789' is set on object 'Object Repository/AdminSuiteBootstrap_Pages/VSP_Bootstrap/VSP_Debit/input_ein'

2023-02-22 18:58:12 - [MESSAGE][PASSED] - Text 'Delhi' is set on object 'Object Repository/AdminSuiteBootstrap_Pages/VSP_Bootstrap/VSP_Debit/input_userDefined1'

2023-02-22 18:58:13 - [MESSAGE][PASSED] - Text 'Chennai' is set on object 'Object Repository/AdminSuiteBootstrap_Pages/VSP_Bootstrap/VSP_Debit/input_userDefined2'

2023-02-22 18:58:14 - [MESSAGE][PASSED] - Text 'Mumbai' is set on object 'Object Repository/AdminSuiteBootstrap_Pages/VSP_Bootstrap/VSP_Debit/input_userDefined3'

2023-02-22 18:58:14 - [MESSAGE][PASSED] - Text 'Kanpur' is set on object 'Object Repository/AdminSuiteBootstrap_Pages/VSP_Bootstrap/VSP_Debit/input_userDefined4'

2023-02-22 18:58:15 - [MESSAGE][PASSED] - All options with label 'Orange' are selected in object 'Object Repository/AdminSuiteBootstrap_Pages/VSP_Bootstrap/VSP_Debit/select_UDF5'  using regular expression

2023-02-22 18:58:16 - [MESSAGE][PASSED] - All options with label 'Yellow' are selected in object 'Object Repository/AdminSuiteBootstrap_Pages/VSP_Bootstrap/VSP_Debit/select_UDF6'  using regular expression

2023-02-22 18:58:17 - [MESSAGE][PASSED] - Text 'Kolkata' is set on object 'Object Repository/AdminSuiteBootstrap_Pages/VSP_Bootstrap/VSP_Debit/input_userDefined7'

2023-02-22 18:58:18 - [MESSAGE][PASSED] - Text 'Pune' is set on object 'Object Repository/AdminSuiteBootstrap_Pages/VSP_Bootstrap/VSP_Debit/input_userDefined8'

2023-02-22 18:58:18 - [MESSAGE][PASSED] - Text 'Bhavnagar' is set on object 'Object Repository/AdminSuiteBootstrap_Pages/VSP_Bootstrap/VSP_Debit/input_userDefined9'

2023-02-22 18:58:19 - [MESSAGE][PASSED] - Text 'Noida' is set on object 'Object Repository/AdminSuiteBootstrap_Pages/VSP_Bootstrap/VSP_Debit/input_userDefined10'

2023-02-22 18:58:20 - [MESSAGE][PASSED] - Object: 'Object Repository/AdminSuiteBootstrap_Pages/VSP_Bootstrap/VSP_Debit/button_Submit' is clicked on

2023-02-22 18:58:20 - [MESSAGE][PASSED] - vspBootstrap.ACHDebitPage.setDataACHDebit is PASSED

2023-02-22 18:58:20 - [TEST_STEP][PASSED] - verifyTextPresent("Transaction Successful", true): Text 'Transaction Successful' is present on page  using regular expression

2023-02-22 18:58:21 - [MESSAGE][PASSED] - Text 'Transaction Successful' is present on page  using regular expression

2023-02-22 18:58:21 - [TEST_STEP][PASSED] - verifyElementVisible(findTestObject("Object Repository/AdminSuiteBootstrap_Pages/VT_Bootstrap/Receipt/button_Continue")): Object 'Object Repository/AdminSuiteBootstrap_Pages/VT_Bootstrap/Receipt/button_Continue' is visible

2023-02-22 18:58:21 - [MESSAGE][PASSED] - Object 'Object Repository/AdminSuiteBootstrap_Pages/VT_Bootstrap/Receipt/button_Continue' is visible

2023-02-22 18:58:21 - [TEST_STEP][PASSED] - verifyElementPresent(findTestObject("Object Repository/AdminSuiteBootstrap_Pages/VT_Bootstrap/Receipt/button_Continue"), 20): Object 'Object Repository/AdminSuiteBootstrap_Pages/VT_Bootstrap/Receipt/button_Continue' is present

2023-02-22 18:58:21 - [MESSAGE][PASSED] - Object 'Object Repository/AdminSuiteBootstrap_Pages/VT_Bootstrap/Receipt/button_Continue' is present

2023-02-22 18:58:21 - [TEST_STEP][PASSED] - verifyElementVisible(findTestObject("Object Repository/AdminSuiteBootstrap_Pages/VT_Bootstrap/Receipt/button_Print")): Object 'Object Repository/AdminSuiteBootstrap_Pages/VT_Bootstrap/Receipt/button_Print' is visible

2023-02-22 18:58:22 - [MESSAGE][PASSED] - Object 'Object Repository/AdminSuiteBootstrap_Pages/VT_Bootstrap/Receipt/button_Print' is visible

2023-02-22 18:58:22 - [TEST_STEP][PASSED] - verifyElementPresent(findTestObject("Object Repository/AdminSuiteBootstrap_Pages/VT_Bootstrap/Receipt/button_Print"), 20): Object 'Object Repository/AdminSuiteBootstrap_Pages/VT_Bootstrap/Receipt/button_Print' is present

2023-02-22 18:58:22 - [MESSAGE][PASSED] - Object 'Object Repository/AdminSuiteBootstrap_Pages/VT_Bootstrap/Receipt/button_Print' is present

2023-02-22 18:58:22 - [TEST_STEP][PASSED] - verifyTextPresent("Remittance ID", true): Text 'Remittance ID' is present on page  using regular expression

2023-02-22 18:58:23 - [MESSAGE][PASSED] - Text 'Remittance ID' is present on page  using regular expression

2023-02-22 18:58:23 - [TEST_STEP][PASSED] - verifyTextPresent("Received", true): Text 'Received' is present on page  using regular expression

2023-02-22 18:58:23 - [MESSAGE][PASSED] - Text 'Received' is present on page  using regular expression

2023-02-22 18:58:23 - [TEST_STEP][PASSED] - verifyTextPresent("UDF1", true): Text 'UDF1' is present on page  using regular expression

2023-02-22 18:58:23 - [MESSAGE][PASSED] - Text 'UDF1' is present on page  using regular expression

2023-02-22 18:58:23 - [TEST_STEP][PASSED] - verifyTextPresent("UDF2", true): Text 'UDF2' is present on page  using regular expression

2023-02-22 18:58:23 - [MESSAGE][PASSED] - Text 'UDF2' is present on page  using regular expression

2023-02-22 18:58:23 - [TEST_STEP][PASSED] - verifyTextPresent("UDF3", true): Text 'UDF3' is present on page  using regular expression

2023-02-22 18:58:24 - [MESSAGE][PASSED] - Text 'UDF3' is present on page  using regular expression

2023-02-22 18:58:24 - [TEST_STEP][PASSED] - verifyTextPresent("UDF4", true): Text 'UDF4' is present on page  using regular expression

2023-02-22 18:58:24 - [MESSAGE][PASSED] - Text 'UDF4' is present on page  using regular expression

2023-02-22 18:58:24 - [TEST_STEP][PASSED] - verifyTextPresent("UDF5", true): Text 'UDF5' is present on page  using regular expression

2023-02-22 18:58:24 - [MESSAGE][PASSED] - Text 'UDF5' is present on page  using regular expression

2023-02-22 18:58:24 - [TEST_STEP][PASSED] - verifyTextPresent("UDF6", true): Text 'UDF6' is present on page  using regular expression

2023-02-22 18:58:25 - [MESSAGE][PASSED] - Text 'UDF6' is present on page  using regular expression

2023-02-22 18:58:25 - [TEST_STEP][PASSED] - verifyTextPresent("UDF7", true): Text 'UDF7' is present on page  using regular expression

2023-02-22 18:58:25 - [MESSAGE][PASSED] - Text 'UDF7' is present on page  using regular expression

2023-02-22 18:58:25 - [TEST_STEP][PASSED] - verifyTextPresent("UDF8", true): Text 'UDF8' is present on page  using regular expression

2023-02-22 18:58:25 - [MESSAGE][PASSED] - Text 'UDF8' is present on page  using regular expression

2023-02-22 18:58:25 - [TEST_STEP][PASSED] - verifyTextPresent("UDF9", true): Text 'UDF9' is present on page  using regular expression

2023-02-22 18:58:26 - [MESSAGE][PASSED] - Text 'UDF9' is present on page  using regular expression

2023-02-22 18:58:26 - [TEST_STEP][PASSED] - verifyTextPresent("UDF 10", true): Text 'UDF 10' is present on page  using regular expression

2023-02-22 18:58:26 - [MESSAGE][PASSED] - Text 'UDF 10' is present on page  using regular expression

2023-02-22 18:58:26 - [TEST_STEP][PASSED] - verifyTextPresent("Delhi", true): Text 'Delhi' is present on page  using regular expression

2023-02-22 18:58:26 - [MESSAGE][PASSED] - Text 'Delhi' is present on page  using regular expression

2023-02-22 18:58:26 - [TEST_STEP][PASSED] - verifyTextPresent("Chennai", true): Text 'Chennai' is present on page  using regular expression

2023-02-22 18:58:27 - [MESSAGE][PASSED] - Text 'Chennai' is present on page  using regular expression

2023-02-22 18:58:27 - [TEST_STEP][PASSED] - verifyTextPresent("Mumbai", true): Text 'Mumbai' is present on page  using regular expression

2023-02-22 18:58:27 - [MESSAGE][PASSED] - Text 'Mumbai' is present on page  using regular expression

2023-02-22 18:58:27 - [TEST_STEP][PASSED] - verifyTextPresent("Kanpur", true): Text 'Kanpur' is present on page  using regular expression

2023-02-22 18:58:27 - [MESSAGE][PASSED] - Text 'Kanpur' is present on page  using regular expression

2023-02-22 18:58:27 - [TEST_STEP][PASSED] - verifyTextPresent("Orange Recorded", true): Text 'Orange Recorded' is present on page  using regular expression

2023-02-22 18:58:28 - [MESSAGE][PASSED] - Text 'Orange Recorded' is present on page  using regular expression

2023-02-22 18:58:28 - [TEST_STEP][PASSED] - verifyTextPresent("Yellow Recorded", true): Text 'Yellow Recorded' is present on page  using regular expression

2023-02-22 18:58:28 - [MESSAGE][PASSED] - Text 'Yellow Recorded' is present on page  using regular expression

2023-02-22 18:58:28 - [TEST_STEP][PASSED] - verifyTextPresent("Kolkata", true): Text 'Kolkata' is present on page  using regular expression

2023-02-22 18:58:28 - [MESSAGE][PASSED] - Text 'Kolkata' is present on page  using regular expression

2023-02-22 18:58:28 - [TEST_STEP][PASSED] - verifyTextPresent("Pune", true): Text 'Pune' is present on page  using regular expression

2023-02-22 18:58:29 - [MESSAGE][PASSED] - Text 'Pune' is present on page  using regular expression

2023-02-22 18:58:29 - [TEST_STEP][PASSED] - verifyTextPresent("Bhavnagar", true): Text 'Bhavnagar' is present on page  using regular expression

2023-02-22 18:58:29 - [MESSAGE][PASSED] - Text 'Bhavnagar' is present on page  using regular expression

2023-02-22 18:58:29 - [TEST_STEP][PASSED] - verifyTextPresent("Noida", true): Text 'Noida' is present on page  using regular expression

2023-02-22 18:58:29 - [MESSAGE][PASSED] - Text 'Noida' is present on page  using regular expression

2023-02-22 18:58:29 - [TEST_STEP][PASSED] - verifyTextPresent("Amount", true): Text 'Amount' is present on page  using regular expression

2023-02-22 18:58:30 - [MESSAGE][PASSED] - Text 'Amount' is present on page  using regular expression

2023-02-22 18:58:30 - [TEST_STEP][PASSED] - verifyTextPresent("2.50", true): Text '2.50' is present on page  using regular expression

2023-02-22 18:58:30 - [MESSAGE][PASSED] - Text '2.50' is present on page  using regular expression

2023-02-22 18:58:30 - [TEST_STEP][PASSED] - verifyTextPresent("Transaction Type", true): Text 'Transaction Type' is present on page  using regular expression

2023-02-22 18:58:30 - [MESSAGE][PASSED] - Text 'Transaction Type' is present on page  using regular expression

2023-02-22 18:58:30 - [TEST_STEP][PASSED] - verifyTextPresent("Debit", true): Text 'Debit' is present on page  using regular expression

2023-02-22 18:58:31 - [MESSAGE][PASSED] - Text 'Debit' is present on page  using regular expression

2023-02-22 18:58:31 - [TEST_STEP][PASSED] - verifyTextPresent("Check Information", true): Text 'Check Information' is present on page  using regular expression

2023-02-22 18:58:31 - [MESSAGE][PASSED] - Text 'Check Information' is present on page  using regular expression

2023-02-22 18:58:31 - [TEST_STEP][PASSED] - verifyTextPresent("Account Type", true): Text 'Account Type' is present on page  using regular expression

2023-02-22 18:58:31 - [MESSAGE][PASSED] - Text 'Account Type' is present on page  using regular expression

2023-02-22 18:58:31 - [TEST_STEP][PASSED] - verifyTextPresent("Account Number", true): Text 'Account Number' is present on page  using regular expression

2023-02-22 18:58:32 - [MESSAGE][PASSED] - Text 'Account Number' is present on page  using regular expression

2023-02-22 18:58:32 - [TEST_STEP][PASSED] - verifyTextPresent("Routing Number", true): Text 'Routing Number' is present on page  using regular expression

2023-02-22 18:58:32 - [MESSAGE][PASSED] - Text 'Routing Number' is present on page  using regular expression

2023-02-22 18:58:32 - [TEST_STEP][PASSED] - verifyTextPresent("Address Line 1", true): Text 'Address Line 1' is present on page  using regular expression

2023-02-22 18:58:32 - [MESSAGE][PASSED] - Text 'Address Line 1' is present on page  using regular expression

2023-02-22 18:58:32 - [TEST_STEP][PASSED] - verifyTextPresent("Address Line 2", true): Text 'Address Line 2' is present on page  using regular expression

2023-02-22 18:58:33 - [MESSAGE][PASSED] - Text 'Address Line 2' is present on page  using regular expression

2023-02-22 18:58:33 - [TEST_STEP][PASSED] - verifyTextPresent("Country", true): Text 'Country' is present on page  using regular expression

2023-02-22 18:58:33 - [MESSAGE][PASSED] - Text 'Country' is present on page  using regular expression

2023-02-22 18:58:33 - [TEST_STEP][PASSED] - verifyTextPresent("City", true): Text 'City' is present on page  using regular expression

2023-02-22 18:58:33 - [MESSAGE][PASSED] - Text 'City' is present on page  using regular expression

2023-02-22 18:58:33 - [TEST_STEP][PASSED] - verifyTextPresent("State", true): Text 'State' is present on page  using regular expression

2023-02-22 18:58:34 - [MESSAGE][PASSED] - Text 'State' is present on page  using regular expression

2023-02-22 18:58:34 - [TEST_STEP][PASSED] - verifyTextPresent("ZIP Code", true): Text 'ZIP Code' is present on page  using regular expression

2023-02-22 18:58:34 - [MESSAGE][PASSED] - Text 'ZIP Code' is present on page  using regular expression

2023-02-22 18:58:34 - [TEST_STEP][PASSED] - verifyTextPresent("248 PhoolKaante road", true): Text '248 PhoolKaante road' is present on page  using regular expression

2023-02-22 18:58:34 - [MESSAGE][PASSED] - Text '248 PhoolKaante road' is present on page  using regular expression

2023-02-22 18:58:34 - [TEST_STEP][PASSED] - verifyTextPresent("Suite 678", true): Text 'Suite 678' is present on page  using regular expression

2023-02-22 18:58:35 - [MESSAGE][PASSED] - Text 'Suite 678' is present on page  using regular expression

2023-02-22 18:58:35 - [TEST_STEP][PASSED] - verifyTextPresent("United States", true): Text 'United States' is present on page  using regular expression

2023-02-22 18:58:35 - [MESSAGE][PASSED] - Text 'United States' is present on page  using regular expression

2023-02-22 18:58:35 - [TEST_STEP][PASSED] - verifyTextPresent("ARLINGTON", true): Text 'ARLINGTON' is present on page  using regular expression

2023-02-22 18:58:35 - [MESSAGE][PASSED] - Text 'ARLINGTON' is present on page  using regular expression

2023-02-22 18:58:35 - [TEST_STEP][PASSED] - verifyTextPresent("Virginia", true): Text 'Virginia' is present on page  using regular expression

2023-02-22 18:58:36 - [MESSAGE][PASSED] - Text 'Virginia' is present on page  using regular expression

2023-02-22 18:58:36 - [TEST_STEP][PASSED] - verifyTextPresent("22201", true): Text '22201' is present on page  using regular expression

2023-02-22 18:58:36 - [MESSAGE][PASSED] - Text '22201' is present on page  using regular expression

2023-02-22 18:58:36 - [TEST_STEP][PASSED] - tranType = findTestData(dataFile).getValue("TranType", row): null

2023-02-22 18:58:36 - [TEST_STEP][PASSED] - last4V = findTestData(dataFile).getValue("Last4", row): null

2023-02-22 18:58:36 - [TEST_STEP][PASSED] - verifyTextPresent(tranType, true): Text 'Checking' is present on page  using regular expression

2023-02-22 18:58:36 - [MESSAGE][PASSED] - Text 'Checking' is present on page  using regular expression

2023-02-22 18:58:36 - [TEST_STEP][PASSED] - verifyTextPresent(last4V, true): Text '4444' is present on page  using regular expression

2023-02-22 18:58:37 - [MESSAGE][PASSED] - Text '4444' is present on page  using regular expression

2023-02-22 18:58:37 - [TEST_STEP][PASSED] - if (profNameLink.equalsIgnoreCase("a_PaymentsPC")): null

2023-02-22 18:58:37 - [TEST_STEP][PASSED] - if (profNameLink.equalsIgnoreCase("a_PaymentsPS")): null

2023-02-22 18:58:37 - [TEST_STEP][PASSED] - if (profNameLink.equalsIgnoreCase("a_PaymentsCorp")): Text '123456789' is present on page  using regular expression

2023-02-22 18:58:37 - [TEST_STEP][PASSED] - verifyTextPresent("Employer Identification Number", true): Text 'Employer Identification Number' is present on page  using regular expression

2023-02-22 18:58:37 - [MESSAGE][PASSED] - Text 'Employer Identification Number' is present on page  using regular expression

2023-02-22 18:58:37 - [TEST_STEP][PASSED] - verifyTextPresent("EIN", true): Text 'EIN' is present on page  using regular expression

2023-02-22 18:58:37 - [MESSAGE][PASSED] - Text 'EIN' is present on page  using regular expression

2023-02-22 18:58:37 - [TEST_STEP][PASSED] - verifyTextPresent("123456789", true): Text '123456789' is present on page  using regular expression

2023-02-22 18:58:38 - [MESSAGE][PASSED] - Text '123456789' is present on page  using regular expression

2023-02-22 18:58:38 - [TEST_STEP][PASSED] - switch (appName): null

2023-02-22 18:58:38 - [TEST_STEP][PASSED] - closeBrowser(): Browser is closed

2023-02-22 18:58:38 - [MESSAGE][PASSED] - Browser is closed

2023-02-22 18:58:38 - [TEST_STEP][PASSED] - ExecuteTC = findTestData(dataFile).getValue("Execute", row): null

2023-02-22 18:58:39 - [TEST_STEP][PASSED] - out.println("Value of Execute is : " + ExecuteTC): null

2023-02-22 18:58:39 - [TEST_STEP][PASSED] - switch (executionProfile): null

2023-02-22 18:58:39 - [TEST_STEP][PASSED] - case "QAProfile":: null

2023-02-22 18:58:39 - [TEST_STEP][PASSED] - appName = findTestData(dataFile).getValue("AppNameQA", row): null

2023-02-22 18:58:39 - [TEST_STEP][PASSED] - appID = findTestData(dataFile).getValue("AppIDQA", row): null

2023-02-22 18:58:39 - [TEST_STEP][PASSED] - break: null

2023-02-22 18:58:39 - [TEST_STEP][PASSED] - if (ExecuteTC.equalsIgnoreCase("Y")): null

2023-02-22 18:58:39 - [TEST_STEP][PASSED] - out.println("Begin Record Number: " + row): null

2023-02-22 18:58:39 - [TEST_STEP][PASSED] - today = new java.util.Date(): null

2023-02-22 18:58:39 - [TEST_STEP][PASSED] - println(today): null

2023-02-22 18:58:39 - [TEST_STEP][PASSED] - datText = today: null

2023-02-22 18:58:39 - [TEST_STEP][PASSED] - adminSuiteBootstrap.loginFunctionality.login_AdminSuite(): adminSuiteBootstrap.loginFunctionality.login_AdminSuite is PASSED

2023-02-22 18:58:39 - [MESSAGE][INFO] - Starting 'Chrome' driver

2023-02-22 18:58:39 - [MESSAGE][INFO] - User set preference: ['acceptInsecureCerts', 'true']

2023-02-22 18:58:39 - [MESSAGE][INFO] - Action delay is set to 0 milliseconds

2023-02-22 18:58:41 - [MESSAGE][PASSED] - Browser is opened with url: 'https://qa.velocitypayment.com/admin/imtiaz'

2023-02-22 18:58:41 - [MESSAGE][PASSED] - Current window maximized

2023-02-22 18:58:41 - [MESSAGE][PASSED] - Object 'Object Repository/Login_Page/Login_Username' is present

2023-02-22 18:58:42 - [MESSAGE][PASSED] - Text 'iahmed' is set on object 'Object Repository/Login_Page/Login_Username'

2023-02-22 18:58:43 - [MESSAGE][PASSED] - Text 'hello2222' is set on object 'Object Repository/Login_Page/Login_Password'

2023-02-22 18:58:47 - [MESSAGE][PASSED] - Object: 'Object Repository/Login_Page/Login_Submit' is clicked on

2023-02-22 18:58:47 - [MESSAGE][PASSED] - adminSuiteBootstrap.loginFunctionality.login_AdminSuite is PASSED

2023-02-22 18:58:47 - [TEST_STEP][PASSED] - click(findTestObject(path_Dashboard + appName)): Object: 'Object Repository/AdminSuiteBootstrap_Pages/Dashboard_Bootstrap/a_Access AutoSingleCFtpQA' is clicked on

2023-02-22 18:58:48 - [MESSAGE][PASSED] - Object: 'Object Repository/AdminSuiteBootstrap_Pages/Dashboard_Bootstrap/a_Access AutoSingleCFtpQA' is clicked on

2023-02-22 18:58:48 - [TEST_STEP][PASSED] - click(findTestObject(path_VT + "a_Find Profile")): Object: 'Object Repository/AdminSuiteBootstrap_Pages/VT_Bootstrap/IssueTransactions/a_Find Profile' is clicked on

2023-02-22 18:58:48 - [MESSAGE][PASSED] - Object: 'Object Repository/AdminSuiteBootstrap_Pages/VT_Bootstrap/IssueTransactions/a_Find Profile' is clicked on

2023-02-22 18:58:48 - [TEST_STEP][PASSED] - criteria = <not implemented yet for class: org.codehaus.groovy.ast.expr.EmptyExpression>: null

2023-02-22 18:58:48 - [TEST_STEP][PASSED] - searchBy = <not implemented yet for class: org.codehaus.groovy.ast.expr.EmptyExpression>: null

2023-02-22 18:58:48 - [TEST_STEP][PASSED] - criteria = findTestData(dataFile).getValue("ProfileName", row): null

2023-02-22 18:58:48 - [TEST_STEP][PASSED] - path_SearchProfile = "Object Repository/AdminSuiteBootstrap_Pages/VSP_Bootstrap/SearchProfile/": null

2023-02-22 18:58:48 - [TEST_STEP][PASSED] - setText(findTestObject(path_SearchProfile + "input_Criteria"), criteria): Text 'PaymentsPC' is set on object 'Object Repository/AdminSuiteBootstrap_Pages/VSP_Bootstrap/SearchProfile/input_Criteria'

2023-02-22 18:58:49 - [MESSAGE][PASSED] - Text 'PaymentsPC' is set on object 'Object Repository/AdminSuiteBootstrap_Pages/VSP_Bootstrap/SearchProfile/input_Criteria'

2023-02-22 18:58:49 - [TEST_STEP][PASSED] - click(findTestObject(path_SearchProfile + "button_Search")): Object: 'Object Repository/AdminSuiteBootstrap_Pages/VSP_Bootstrap/SearchProfile/button_Search' is clicked on

2023-02-22 18:58:50 - [MESSAGE][PASSED] - Object: 'Object Repository/AdminSuiteBootstrap_Pages/VSP_Bootstrap/SearchProfile/button_Search' is clicked on

2023-02-22 18:58:50 - [TEST_STEP][PASSED] - profNameLink = findTestData(dataFile).getValue("ProfileNameLink", row): null

2023-02-22 18:58:50 - [TEST_STEP][PASSED] - click(findTestObject(path_ViewProfile + profNameLink)): Object: 'Object Repository/AdminSuiteBootstrap_Pages/VSP_Bootstrap/View Profile/a_PaymentsPC' is clicked on

2023-02-22 18:58:51 - [MESSAGE][PASSED] - Object: 'Object Repository/AdminSuiteBootstrap_Pages/VSP_Bootstrap/View Profile/a_PaymentsPC' is clicked on

2023-02-22 18:58:51 - [TEST_STEP][PASSED] - click(findTestObject(path_ViewProfile + "a_Debit")): Object: 'Object Repository/AdminSuiteBootstrap_Pages/VSP_Bootstrap/View Profile/a_Debit' is clicked on

2023-02-22 18:58:53 - [MESSAGE][PASSED] - Object: 'Object Repository/AdminSuiteBootstrap_Pages/VSP_Bootstrap/View Profile/a_Debit' is clicked on

2023-02-22 18:58:53 - [TEST_STEP][PASSED] - verifyTextPresent("Remittance ID", true): Text 'Remittance ID' is present on page  using regular expression

2023-02-22 18:58:54 - [MESSAGE][PASSED] - Text 'Remittance ID' is present on page  using regular expression

2023-02-22 18:58:54 - [TEST_STEP][PASSED] - vspBootstrap.ACHDebitPage.setDataACHDebit(row, dataFile): vspBootstrap.ACHDebitPage.setDataACHDebit is PASSED

2023-02-22 18:58:55 - [MESSAGE][PASSED] - All options with value 'PPD' are selected in object 'Object Repository/AdminSuiteBootstrap_Pages/VSP_Bootstrap/VSP_Debit/select_StdEntryClass'  using regular expression

2023-02-22 18:58:56 - [MESSAGE][PASSED] - Text '' is set on object 'Object Repository/AdminSuiteBootstrap_Pages/VSP_Bootstrap/VSP_Debit/input_smsNumber'

2023-02-22 18:58:57 - [MESSAGE][PASSED] - Text '2.50' is set on object 'Object Repository/AdminSuiteBootstrap_Pages/VSP_Bootstrap/VSP_Debit/input_amount'

2023-02-22 18:58:58 - [MESSAGE][PASSED] - Text 'Delhi' is set on object 'Object Repository/AdminSuiteBootstrap_Pages/VSP_Bootstrap/VSP_Debit/input_userDefined1'

2023-02-22 18:58:59 - [MESSAGE][PASSED] - Text 'Chennai' is set on object 'Object Repository/AdminSuiteBootstrap_Pages/VSP_Bootstrap/VSP_Debit/input_userDefined2'

2023-02-22 18:58:59 - [MESSAGE][PASSED] - Text 'Mumbai' is set on object 'Object Repository/AdminSuiteBootstrap_Pages/VSP_Bootstrap/VSP_Debit/input_userDefined3'

2023-02-22 18:59:00 - [MESSAGE][PASSED] - Text 'Kanpur' is set on object 'Object Repository/AdminSuiteBootstrap_Pages/VSP_Bootstrap/VSP_Debit/input_userDefined4'

2023-02-22 18:59:01 - [MESSAGE][PASSED] - All options with label 'Orange' are selected in object 'Object Repository/AdminSuiteBootstrap_Pages/VSP_Bootstrap/VSP_Debit/select_UDF5'  using regular expression

2023-02-22 18:59:02 - [MESSAGE][PASSED] - All options with label 'Yellow' are selected in object 'Object Repository/AdminSuiteBootstrap_Pages/VSP_Bootstrap/VSP_Debit/select_UDF6'  using regular expression

2023-02-22 18:59:02 - [MESSAGE][PASSED] - Text 'Kolkata' is set on object 'Object Repository/AdminSuiteBootstrap_Pages/VSP_Bootstrap/VSP_Debit/input_userDefined7'

2023-02-22 18:59:03 - [MESSAGE][PASSED] - Text 'Pune' is set on object 'Object Repository/AdminSuiteBootstrap_Pages/VSP_Bootstrap/VSP_Debit/input_userDefined8'

2023-02-22 18:59:04 - [MESSAGE][PASSED] - Text 'Bhavnagar' is set on object 'Object Repository/AdminSuiteBootstrap_Pages/VSP_Bootstrap/VSP_Debit/input_userDefined9'

2023-02-22 18:59:04 - [MESSAGE][PASSED] - Text 'Noida' is set on object 'Object Repository/AdminSuiteBootstrap_Pages/VSP_Bootstrap/VSP_Debit/input_userDefined10'

2023-02-22 18:59:06 - [MESSAGE][PASSED] - Object: 'Object Repository/AdminSuiteBootstrap_Pages/VSP_Bootstrap/VSP_Debit/button_Submit' is clicked on

2023-02-22 18:59:06 - [MESSAGE][PASSED] - vspBootstrap.ACHDebitPage.setDataACHDebit is PASSED

2023-02-22 18:59:06 - [TEST_STEP][PASSED] - verifyTextPresent("Transaction Successful", true): Text 'Transaction Successful' is present on page  using regular expression

2023-02-22 18:59:06 - [MESSAGE][PASSED] - Text 'Transaction Successful' is present on page  using regular expression

2023-02-22 18:59:06 - [TEST_STEP][PASSED] - verifyElementVisible(findTestObject("Object Repository/AdminSuiteBootstrap_Pages/VT_Bootstrap/Receipt/button_Continue")): Object 'Object Repository/AdminSuiteBootstrap_Pages/VT_Bootstrap/Receipt/button_Continue' is visible

2023-02-22 18:59:07 - [MESSAGE][PASSED] - Object 'Object Repository/AdminSuiteBootstrap_Pages/VT_Bootstrap/Receipt/button_Continue' is visible

2023-02-22 18:59:07 - [TEST_STEP][PASSED] - verifyElementPresent(findTestObject("Object Repository/AdminSuiteBootstrap_Pages/VT_Bootstrap/Receipt/button_Continue"), 20): Object 'Object Repository/AdminSuiteBootstrap_Pages/VT_Bootstrap/Receipt/button_Continue' is present

2023-02-22 18:59:07 - [MESSAGE][PASSED] - Object 'Object Repository/AdminSuiteBootstrap_Pages/VT_Bootstrap/Receipt/button_Continue' is present

2023-02-22 18:59:07 - [TEST_STEP][PASSED] - verifyElementVisible(findTestObject("Object Repository/AdminSuiteBootstrap_Pages/VT_Bootstrap/Receipt/button_Print")): Object 'Object Repository/AdminSuiteBootstrap_Pages/VT_Bootstrap/Receipt/button_Print' is visible

2023-02-22 18:59:07 - [MESSAGE][PASSED] - Object 'Object Repository/AdminSuiteBootstrap_Pages/VT_Bootstrap/Receipt/button_Print' is visible

2023-02-22 18:59:07 - [TEST_STEP][PASSED] - verifyElementPresent(findTestObject("Object Repository/AdminSuiteBootstrap_Pages/VT_Bootstrap/Receipt/button_Print"), 20): Object 'Object Repository/AdminSuiteBootstrap_Pages/VT_Bootstrap/Receipt/button_Print' is present

2023-02-22 18:59:08 - [MESSAGE][PASSED] - Object 'Object Repository/AdminSuiteBootstrap_Pages/VT_Bootstrap/Receipt/button_Print' is present

2023-02-22 18:59:08 - [TEST_STEP][PASSED] - verifyTextPresent("Remittance ID", true): Text 'Remittance ID' is present on page  using regular expression

2023-02-22 18:59:08 - [MESSAGE][PASSED] - Text 'Remittance ID' is present on page  using regular expression

2023-02-22 18:59:08 - [TEST_STEP][PASSED] - verifyTextPresent("Received", true): Text 'Received' is present on page  using regular expression

2023-02-22 18:59:08 - [MESSAGE][PASSED] - Text 'Received' is present on page  using regular expression

2023-02-22 18:59:08 - [TEST_STEP][PASSED] - verifyTextPresent("UDF1", true): Text 'UDF1' is present on page  using regular expression

2023-02-22 18:59:09 - [MESSAGE][PASSED] - Text 'UDF1' is present on page  using regular expression

2023-02-22 18:59:09 - [TEST_STEP][PASSED] - verifyTextPresent("UDF2", true): Text 'UDF2' is present on page  using regular expression

2023-02-22 18:59:09 - [MESSAGE][PASSED] - Text 'UDF2' is present on page  using regular expression

2023-02-22 18:59:09 - [TEST_STEP][PASSED] - verifyTextPresent("UDF3", true): Text 'UDF3' is present on page  using regular expression

2023-02-22 18:59:09 - [MESSAGE][PASSED] - Text 'UDF3' is present on page  using regular expression

2023-02-22 18:59:09 - [TEST_STEP][PASSED] - verifyTextPresent("UDF4", true): Text 'UDF4' is present on page  using regular expression

2023-02-22 18:59:10 - [MESSAGE][PASSED] - Text 'UDF4' is present on page  using regular expression

2023-02-22 18:59:10 - [TEST_STEP][PASSED] - verifyTextPresent("UDF5", true): Text 'UDF5' is present on page  using regular expression

2023-02-22 18:59:10 - [MESSAGE][PASSED] - Text 'UDF5' is present on page  using regular expression

2023-02-22 18:59:10 - [TEST_STEP][PASSED] - verifyTextPresent("UDF6", true): Text 'UDF6' is present on page  using regular expression

2023-02-22 18:59:10 - [MESSAGE][PASSED] - Text 'UDF6' is present on page  using regular expression

2023-02-22 18:59:10 - [TEST_STEP][PASSED] - verifyTextPresent("UDF7", true): Text 'UDF7' is present on page  using regular expression

2023-02-22 18:59:11 - [MESSAGE][PASSED] - Text 'UDF7' is present on page  using regular expression

2023-02-22 18:59:11 - [TEST_STEP][PASSED] - verifyTextPresent("UDF8", true): Text 'UDF8' is present on page  using regular expression

2023-02-22 18:59:11 - [MESSAGE][PASSED] - Text 'UDF8' is present on page  using regular expression

2023-02-22 18:59:11 - [TEST_STEP][PASSED] - verifyTextPresent("UDF9", true): Text 'UDF9' is present on page  using regular expression

2023-02-22 18:59:11 - [MESSAGE][PASSED] - Text 'UDF9' is present on page  using regular expression

2023-02-22 18:59:11 - [TEST_STEP][PASSED] - verifyTextPresent("UDF 10", true): Text 'UDF 10' is present on page  using regular expression

2023-02-22 18:59:12 - [MESSAGE][PASSED] - Text 'UDF 10' is present on page  using regular expression

2023-02-22 18:59:12 - [TEST_STEP][PASSED] - verifyTextPresent("Delhi", true): Text 'Delhi' is present on page  using regular expression

2023-02-22 18:59:12 - [MESSAGE][PASSED] - Text 'Delhi' is present on page  using regular expression

2023-02-22 18:59:12 - [TEST_STEP][PASSED] - verifyTextPresent("Chennai", true): Text 'Chennai' is present on page  using regular expression

2023-02-22 18:59:12 - [MESSAGE][PASSED] - Text 'Chennai' is present on page  using regular expression

2023-02-22 18:59:12 - [TEST_STEP][PASSED] - verifyTextPresent("Mumbai", true): Text 'Mumbai' is present on page  using regular expression

2023-02-22 18:59:13 - [MESSAGE][PASSED] - Text 'Mumbai' is present on page  using regular expression

2023-02-22 18:59:13 - [TEST_STEP][PASSED] - verifyTextPresent("Kanpur", true): Text 'Kanpur' is present on page  using regular expression

2023-02-22 18:59:13 - [MESSAGE][PASSED] - Text 'Kanpur' is present on page  using regular expression

2023-02-22 18:59:13 - [TEST_STEP][PASSED] - verifyTextPresent("Orange Recorded", true): Text 'Orange Recorded' is present on page  using regular expression

2023-02-22 18:59:13 - [MESSAGE][PASSED] - Text 'Orange Recorded' is present on page  using regular expression

2023-02-22 18:59:13 - [TEST_STEP][PASSED] - verifyTextPresent("Yellow Recorded", true): Text 'Yellow Recorded' is present on page  using regular expression

2023-02-22 18:59:14 - [MESSAGE][PASSED] - Text 'Yellow Recorded' is present on page  using regular expression

2023-02-22 18:59:14 - [TEST_STEP][PASSED] - verifyTextPresent("Kolkata", true): Text 'Kolkata' is present on page  using regular expression

2023-02-22 18:59:14 - [MESSAGE][PASSED] - Text 'Kolkata' is present on page  using regular expression

2023-02-22 18:59:14 - [TEST_STEP][PASSED] - verifyTextPresent("Pune", true): Text 'Pune' is present on page  using regular expression

2023-02-22 18:59:14 - [MESSAGE][PASSED] - Text 'Pune' is present on page  using regular expression

2023-02-22 18:59:14 - [TEST_STEP][PASSED] - verifyTextPresent("Bhavnagar", true): Text 'Bhavnagar' is present on page  using regular expression

2023-02-22 18:59:15 - [MESSAGE][PASSED] - Text 'Bhavnagar' is present on page  using regular expression

2023-02-22 18:59:15 - [TEST_STEP][PASSED] - verifyTextPresent("Noida", true): Text 'Noida' is present on page  using regular expression

2023-02-22 18:59:15 - [MESSAGE][PASSED] - Text 'Noida' is present on page  using regular expression

2023-02-22 18:59:15 - [TEST_STEP][PASSED] - verifyTextPresent("Amount", true): Text 'Amount' is present on page  using regular expression

2023-02-22 18:59:15 - [MESSAGE][PASSED] - Text 'Amount' is present on page  using regular expression

2023-02-22 18:59:15 - [TEST_STEP][PASSED] - verifyTextPresent("2.50", true): Text '2.50' is present on page  using regular expression

2023-02-22 18:59:16 - [MESSAGE][PASSED] - Text '2.50' is present on page  using regular expression

2023-02-22 18:59:16 - [TEST_STEP][PASSED] - verifyTextPresent("Transaction Type", true): Text 'Transaction Type' is present on page  using regular expression

2023-02-22 18:59:16 - [MESSAGE][PASSED] - Text 'Transaction Type' is present on page  using regular expression

2023-02-22 18:59:16 - [TEST_STEP][PASSED] - verifyTextPresent("Debit", true): Text 'Debit' is present on page  using regular expression

2023-02-22 18:59:16 - [MESSAGE][PASSED] - Text 'Debit' is present on page  using regular expression

2023-02-22 18:59:16 - [TEST_STEP][PASSED] - verifyTextPresent("Check Information", true): Text 'Check Information' is present on page  using regular expression

2023-02-22 18:59:17 - [MESSAGE][PASSED] - Text 'Check Information' is present on page  using regular expression

2023-02-22 18:59:17 - [TEST_STEP][PASSED] - verifyTextPresent("Account Type", true): Text 'Account Type' is present on page  using regular expression

2023-02-22 18:59:17 - [MESSAGE][PASSED] - Text 'Account Type' is present on page  using regular expression

2023-02-22 18:59:17 - [TEST_STEP][PASSED] - verifyTextPresent("Account Number", true): Text 'Account Number' is present on page  using regular expression

2023-02-22 18:59:17 - [MESSAGE][PASSED] - Text 'Account Number' is present on page  using regular expression

2023-02-22 18:59:17 - [TEST_STEP][PASSED] - verifyTextPresent("Routing Number", true): Text 'Routing Number' is present on page  using regular expression

2023-02-22 18:59:18 - [MESSAGE][PASSED] - Text 'Routing Number' is present on page  using regular expression

2023-02-22 18:59:18 - [TEST_STEP][PASSED] - verifyTextPresent("Address Line 1", true): Text 'Address Line 1' is present on page  using regular expression

2023-02-22 18:59:18 - [MESSAGE][PASSED] - Text 'Address Line 1' is present on page  using regular expression

2023-02-22 18:59:18 - [TEST_STEP][PASSED] - verifyTextPresent("Address Line 2", true): Text 'Address Line 2' is present on page  using regular expression

2023-02-22 18:59:18 - [MESSAGE][PASSED] - Text 'Address Line 2' is present on page  using regular expression

2023-02-22 18:59:18 - [TEST_STEP][PASSED] - verifyTextPresent("Country", true): Text 'Country' is present on page  using regular expression

2023-02-22 18:59:19 - [MESSAGE][PASSED] - Text 'Country' is present on page  using regular expression

2023-02-22 18:59:19 - [TEST_STEP][PASSED] - verifyTextPresent("City", true): Text 'City' is present on page  using regular expression

2023-02-22 18:59:19 - [MESSAGE][PASSED] - Text 'City' is present on page  using regular expression

2023-02-22 18:59:19 - [TEST_STEP][PASSED] - verifyTextPresent("State", true): Text 'State' is present on page  using regular expression

2023-02-22 18:59:19 - [MESSAGE][PASSED] - Text 'State' is present on page  using regular expression

2023-02-22 18:59:19 - [TEST_STEP][PASSED] - verifyTextPresent("ZIP Code", true): Text 'ZIP Code' is present on page  using regular expression

2023-02-22 18:59:20 - [MESSAGE][PASSED] - Text 'ZIP Code' is present on page  using regular expression

2023-02-22 18:59:20 - [TEST_STEP][PASSED] - verifyTextPresent("248 PhoolKaante road", true): Text '248 PhoolKaante road' is present on page  using regular expression

2023-02-22 18:59:20 - [MESSAGE][PASSED] - Text '248 PhoolKaante road' is present on page  using regular expression

2023-02-22 18:59:20 - [TEST_STEP][PASSED] - verifyTextPresent("Suite 678", true): Text 'Suite 678' is present on page  using regular expression

2023-02-22 18:59:20 - [MESSAGE][PASSED] - Text 'Suite 678' is present on page  using regular expression

2023-02-22 18:59:20 - [TEST_STEP][PASSED] - verifyTextPresent("United States", true): Text 'United States' is present on page  using regular expression

2023-02-22 18:59:21 - [MESSAGE][PASSED] - Text 'United States' is present on page  using regular expression

2023-02-22 18:59:21 - [TEST_STEP][PASSED] - verifyTextPresent("ARLINGTON", true): Text 'ARLINGTON' is present on page  using regular expression

2023-02-22 18:59:21 - [MESSAGE][PASSED] - Text 'ARLINGTON' is present on page  using regular expression

2023-02-22 18:59:21 - [TEST_STEP][PASSED] - verifyTextPresent("Virginia", true): Text 'Virginia' is present on page  using regular expression

2023-02-22 18:59:21 - [MESSAGE][PASSED] - Text 'Virginia' is present on page  using regular expression

2023-02-22 18:59:21 - [TEST_STEP][PASSED] - verifyTextPresent("22201", true): Text '22201' is present on page  using regular expression

2023-02-22 18:59:21 - [MESSAGE][PASSED] - Text '22201' is present on page  using regular expression

2023-02-22 18:59:21 - [TEST_STEP][PASSED] - tranType = findTestData(dataFile).getValue("TranType", row): null

2023-02-22 18:59:21 - [TEST_STEP][PASSED] - last4V = findTestData(dataFile).getValue("Last4", row): null

2023-02-22 18:59:22 - [TEST_STEP][PASSED] - verifyTextPresent(tranType, true): Text 'Checking' is present on page  using regular expression

2023-02-22 18:59:22 - [MESSAGE][PASSED] - Text 'Checking' is present on page  using regular expression

2023-02-22 18:59:22 - [TEST_STEP][PASSED] - verifyTextPresent(last4V, true): Text '2222' is present on page  using regular expression

2023-02-22 18:59:22 - [MESSAGE][PASSED] - Text '2222' is present on page  using regular expression

2023-02-22 18:59:22 - [TEST_STEP][PASSED] - if (profNameLink.equalsIgnoreCase("a_PaymentsPC")): Text 'TANDON RAVENA' is present on page  using regular expression

2023-02-22 18:59:22 - [TEST_STEP][PASSED] - verifyTextPresent("Name on Account", true): Text 'Name on Account' is present on page  using regular expression

2023-02-22 18:59:23 - [MESSAGE][PASSED] - Text 'Name on Account' is present on page  using regular expression

2023-02-22 18:59:23 - [TEST_STEP][PASSED] - verifyTextPresent("TANDON RAVENA", true): Text 'TANDON RAVENA' is present on page  using regular expression

2023-02-22 18:59:23 - [MESSAGE][PASSED] - Text 'TANDON RAVENA' is present on page  using regular expression

2023-02-22 18:59:23 - [TEST_STEP][PASSED] - if (profNameLink.equalsIgnoreCase("a_PaymentsPS")): null

2023-02-22 18:59:23 - [TEST_STEP][PASSED] - if (profNameLink.equalsIgnoreCase("a_PaymentsCorp")): null

2023-02-22 18:59:23 - [TEST_STEP][PASSED] - switch (appName): null

2023-02-22 18:59:23 - [TEST_STEP][PASSED] - case "a_Access AutoSingleCFtpQA":: null

2023-02-22 18:59:23 - [TEST_STEP][PASSED] - verifyTextPresent("5.00", true): Text '5.00' is present on page  using regular expression

2023-02-22 18:59:23 - [MESSAGE][PASSED] - Text '5.00' is present on page  using regular expression

2023-02-22 18:59:23 - [TEST_STEP][PASSED] - verifyTextPresent("Single Transaction", true): Text 'Single Transaction' is present on page  using regular expression

2023-02-22 18:59:24 - [MESSAGE][PASSED] - Text 'Single Transaction' is present on page  using regular expression

2023-02-22 18:59:24 - [TEST_STEP][PASSED] - verifyTextPresent("7.50", true): Text '7.50' is present on page  using regular expression

2023-02-22 18:59:24 - [MESSAGE][PASSED] - Text '7.50' is present on page  using regular expression

2023-02-22 18:59:24 - [TEST_STEP][PASSED] - verifyTextPresent("Total Amount", true): Text 'Total Amount' is present on page  using regular expression

2023-02-22 18:59:24 - [MESSAGE][PASSED] - Text 'Total Amount' is present on page  using regular expression

2023-02-22 18:59:24 - [TEST_STEP][PASSED] - verifyTextPresent("Transaction Type", true): Text 'Transaction Type' is present on page  using regular expression

2023-02-22 18:59:24 - [MESSAGE][PASSED] - Text 'Transaction Type' is present on page  using regular expression

2023-02-22 18:59:24 - [TEST_STEP][PASSED] - break: null

2023-02-22 18:59:24 - [TEST_STEP][PASSED] - closeBrowser(): Browser is closed

2023-02-22 18:59:25 - [MESSAGE][PASSED] - Browser is closed

2023-02-22 18:59:25 - [TEST_STEP][PASSED] - ExecuteTC = findTestData(dataFile).getValue("Execute", row): null

2023-02-22 18:59:25 - [TEST_STEP][PASSED] - out.println("Value of Execute is : " + ExecuteTC): null

2023-02-22 18:59:25 - [TEST_STEP][PASSED] - switch (executionProfile): null

2023-02-22 18:59:25 - [TEST_STEP][PASSED] - case "QAProfile":: null

2023-02-22 18:59:25 - [TEST_STEP][PASSED] - appName = findTestData(dataFile).getValue("AppNameQA", row): null

2023-02-22 18:59:25 - [TEST_STEP][PASSED] - appID = findTestData(dataFile).getValue("AppIDQA", row): null

2023-02-22 18:59:26 - [TEST_STEP][PASSED] - break: null

2023-02-22 18:59:26 - [TEST_STEP][PASSED] - if (ExecuteTC.equalsIgnoreCase("Y")): null

2023-02-22 18:59:26 - [TEST_STEP][PASSED] - out.println("Begin Record Number: " + row): null

2023-02-22 18:59:26 - [TEST_STEP][PASSED] - today = new java.util.Date(): null

2023-02-22 18:59:26 - [TEST_STEP][PASSED] - println(today): null

2023-02-22 18:59:26 - [TEST_STEP][PASSED] - datText = today: null

2023-02-22 18:59:26 - [TEST_STEP][PASSED] - adminSuiteBootstrap.loginFunctionality.login_AdminSuite(): adminSuiteBootstrap.loginFunctionality.login_AdminSuite is PASSED

2023-02-22 18:59:26 - [MESSAGE][INFO] - Starting 'Chrome' driver

2023-02-22 18:59:26 - [MESSAGE][INFO] - User set preference: ['acceptInsecureCerts', 'true']

2023-02-22 18:59:26 - [MESSAGE][INFO] - Action delay is set to 0 milliseconds

2023-02-22 18:59:28 - [MESSAGE][PASSED] - Browser is opened with url: 'https://qa.velocitypayment.com/admin/imtiaz'

2023-02-22 18:59:28 - [MESSAGE][PASSED] - Current window maximized

2023-02-22 18:59:28 - [MESSAGE][PASSED] - Object 'Object Repository/Login_Page/Login_Username' is present

2023-02-22 18:59:29 - [MESSAGE][PASSED] - Text 'iahmed' is set on object 'Object Repository/Login_Page/Login_Username'

2023-02-22 18:59:30 - [MESSAGE][PASSED] - Text 'hello2222' is set on object 'Object Repository/Login_Page/Login_Password'

2023-02-22 18:59:34 - [MESSAGE][PASSED] - Object: 'Object Repository/Login_Page/Login_Submit' is clicked on

2023-02-22 18:59:34 - [MESSAGE][PASSED] - adminSuiteBootstrap.loginFunctionality.login_AdminSuite is PASSED

2023-02-22 18:59:34 - [TEST_STEP][PASSED] - click(findTestObject(path_Dashboard + appName)): Object: 'Object Repository/AdminSuiteBootstrap_Pages/Dashboard_Bootstrap/a_Access AutoSingleCFtpQA' is clicked on

2023-02-22 18:59:35 - [MESSAGE][PASSED] - Object: 'Object Repository/AdminSuiteBootstrap_Pages/Dashboard_Bootstrap/a_Access AutoSingleCFtpQA' is clicked on

2023-02-22 18:59:35 - [TEST_STEP][PASSED] - click(findTestObject(path_VT + "a_Find Profile")): Object: 'Object Repository/AdminSuiteBootstrap_Pages/VT_Bootstrap/IssueTransactions/a_Find Profile' is clicked on

2023-02-22 18:59:35 - [MESSAGE][PASSED] - Object: 'Object Repository/AdminSuiteBootstrap_Pages/VT_Bootstrap/IssueTransactions/a_Find Profile' is clicked on

2023-02-22 18:59:35 - [TEST_STEP][PASSED] - criteria = <not implemented yet for class: org.codehaus.groovy.ast.expr.EmptyExpression>: null

2023-02-22 18:59:35 - [TEST_STEP][PASSED] - searchBy = <not implemented yet for class: org.codehaus.groovy.ast.expr.EmptyExpression>: null

2023-02-22 18:59:35 - [TEST_STEP][PASSED] - criteria = findTestData(dataFile).getValue("ProfileName", row): null

2023-02-22 18:59:35 - [TEST_STEP][PASSED] - path_SearchProfile = "Object Repository/AdminSuiteBootstrap_Pages/VSP_Bootstrap/SearchProfile/": null

2023-02-22 18:59:35 - [TEST_STEP][PASSED] - setText(findTestObject(path_SearchProfile + "input_Criteria"), criteria): Text 'PaymentsPC' is set on object 'Object Repository/AdminSuiteBootstrap_Pages/VSP_Bootstrap/SearchProfile/input_Criteria'

2023-02-22 18:59:36 - [MESSAGE][PASSED] - Text 'PaymentsPC' is set on object 'Object Repository/AdminSuiteBootstrap_Pages/VSP_Bootstrap/SearchProfile/input_Criteria'

2023-02-22 18:59:36 - [TEST_STEP][PASSED] - click(findTestObject(path_SearchProfile + "button_Search")): Object: 'Object Repository/AdminSuiteBootstrap_Pages/VSP_Bootstrap/SearchProfile/button_Search' is clicked on

2023-02-22 18:59:37 - [MESSAGE][PASSED] - Object: 'Object Repository/AdminSuiteBootstrap_Pages/VSP_Bootstrap/SearchProfile/button_Search' is clicked on

2023-02-22 18:59:37 - [TEST_STEP][PASSED] - profNameLink = findTestData(dataFile).getValue("ProfileNameLink", row): null

2023-02-22 18:59:37 - [TEST_STEP][PASSED] - click(findTestObject(path_ViewProfile + profNameLink)): Object: 'Object Repository/AdminSuiteBootstrap_Pages/VSP_Bootstrap/View Profile/a_PaymentsPC' is clicked on

2023-02-22 18:59:38 - [MESSAGE][PASSED] - Object: 'Object Repository/AdminSuiteBootstrap_Pages/VSP_Bootstrap/View Profile/a_PaymentsPC' is clicked on

2023-02-22 18:59:38 - [TEST_STEP][PASSED] - click(findTestObject(path_ViewProfile + "a_Debit")): Object: 'Object Repository/AdminSuiteBootstrap_Pages/VSP_Bootstrap/View Profile/a_Debit' is clicked on

2023-02-22 18:59:39 - [MESSAGE][PASSED] - Object: 'Object Repository/AdminSuiteBootstrap_Pages/VSP_Bootstrap/View Profile/a_Debit' is clicked on

2023-02-22 18:59:39 - [TEST_STEP][PASSED] - verifyTextPresent("Remittance ID", true): Text 'Remittance ID' is present on page  using regular expression

2023-02-22 18:59:40 - [MESSAGE][PASSED] - Text 'Remittance ID' is present on page  using regular expression

2023-02-22 18:59:40 - [TEST_STEP][PASSED] - vspBootstrap.ACHDebitPage.setDataACHDebit(row, dataFile): vspBootstrap.ACHDebitPage.setDataACHDebit is PASSED

2023-02-22 18:59:41 - [MESSAGE][PASSED] - All options with value 'TEL' are selected in object 'Object Repository/AdminSuiteBootstrap_Pages/VSP_Bootstrap/VSP_Debit/select_StdEntryClass'  using regular expression

2023-02-22 18:59:42 - [MESSAGE][PASSED] - Text '' is set on object 'Object Repository/AdminSuiteBootstrap_Pages/VSP_Bootstrap/VSP_Debit/input_smsNumber'

2023-02-22 18:59:43 - [MESSAGE][PASSED] - Text '2.50' is set on object 'Object Repository/AdminSuiteBootstrap_Pages/VSP_Bootstrap/VSP_Debit/input_amount'

2023-02-22 18:59:44 - [MESSAGE][PASSED] - Text 'Delhi' is set on object 'Object Repository/AdminSuiteBootstrap_Pages/VSP_Bootstrap/VSP_Debit/input_userDefined1'

2023-02-22 18:59:45 - [MESSAGE][PASSED] - Text 'Chennai' is set on object 'Object Repository/AdminSuiteBootstrap_Pages/VSP_Bootstrap/VSP_Debit/input_userDefined2'

2023-02-22 18:59:45 - [MESSAGE][PASSED] - Text 'Mumbai' is set on object 'Object Repository/AdminSuiteBootstrap_Pages/VSP_Bootstrap/VSP_Debit/input_userDefined3'

2023-02-22 18:59:46 - [MESSAGE][PASSED] - Text 'Kanpur' is set on object 'Object Repository/AdminSuiteBootstrap_Pages/VSP_Bootstrap/VSP_Debit/input_userDefined4'

2023-02-22 18:59:47 - [MESSAGE][PASSED] - All options with label 'Orange' are selected in object 'Object Repository/AdminSuiteBootstrap_Pages/VSP_Bootstrap/VSP_Debit/select_UDF5'  using regular expression

2023-02-22 18:59:48 - [MESSAGE][PASSED] - All options with label 'Yellow' are selected in object 'Object Repository/AdminSuiteBootstrap_Pages/VSP_Bootstrap/VSP_Debit/select_UDF6'  using regular expression

2023-02-22 18:59:49 - [MESSAGE][PASSED] - Text 'Kolkata' is set on object 'Object Repository/AdminSuiteBootstrap_Pages/VSP_Bootstrap/VSP_Debit/input_userDefined7'

2023-02-22 18:59:49 - [MESSAGE][PASSED] - Text 'Pune' is set on object 'Object Repository/AdminSuiteBootstrap_Pages/VSP_Bootstrap/VSP_Debit/input_userDefined8'

2023-02-22 18:59:50 - [MESSAGE][PASSED] - Text 'Bhavnagar' is set on object 'Object Repository/AdminSuiteBootstrap_Pages/VSP_Bootstrap/VSP_Debit/input_userDefined9'

2023-02-22 18:59:51 - [MESSAGE][PASSED] - Text 'Noida' is set on object 'Object Repository/AdminSuiteBootstrap_Pages/VSP_Bootstrap/VSP_Debit/input_userDefined10'

2023-02-22 18:59:52 - [MESSAGE][PASSED] - Object: 'Object Repository/AdminSuiteBootstrap_Pages/VSP_Bootstrap/VSP_Debit/button_Submit' is clicked on

2023-02-22 18:59:52 - [MESSAGE][PASSED] - vspBootstrap.ACHDebitPage.setDataACHDebit is PASSED

2023-02-22 18:59:52 - [TEST_STEP][PASSED] - verifyTextPresent("Transaction Successful", true): Text 'Transaction Successful' is present on page  using regular expression

2023-02-22 18:59:53 - [MESSAGE][PASSED] - Text 'Transaction Successful' is present on page  using regular expression

2023-02-22 18:59:53 - [TEST_STEP][PASSED] - verifyElementVisible(findTestObject("Object Repository/AdminSuiteBootstrap_Pages/VT_Bootstrap/Receipt/button_Continue")): Object 'Object Repository/AdminSuiteBootstrap_Pages/VT_Bootstrap/Receipt/button_Continue' is visible

2023-02-22 18:59:53 - [MESSAGE][PASSED] - Object 'Object Repository/AdminSuiteBootstrap_Pages/VT_Bootstrap/Receipt/button_Continue' is visible

2023-02-22 18:59:53 - [TEST_STEP][PASSED] - verifyElementPresent(findTestObject("Object Repository/AdminSuiteBootstrap_Pages/VT_Bootstrap/Receipt/button_Continue"), 20): Object 'Object Repository/AdminSuiteBootstrap_Pages/VT_Bootstrap/Receipt/button_Continue' is present

2023-02-22 18:59:53 - [MESSAGE][PASSED] - Object 'Object Repository/AdminSuiteBootstrap_Pages/VT_Bootstrap/Receipt/button_Continue' is present

2023-02-22 18:59:53 - [TEST_STEP][PASSED] - verifyElementVisible(findTestObject("Object Repository/AdminSuiteBootstrap_Pages/VT_Bootstrap/Receipt/button_Print")): Object 'Object Repository/AdminSuiteBootstrap_Pages/VT_Bootstrap/Receipt/button_Print' is visible

2023-02-22 18:59:54 - [MESSAGE][PASSED] - Object 'Object Repository/AdminSuiteBootstrap_Pages/VT_Bootstrap/Receipt/button_Print' is visible

2023-02-22 18:59:54 - [TEST_STEP][PASSED] - verifyElementPresent(findTestObject("Object Repository/AdminSuiteBootstrap_Pages/VT_Bootstrap/Receipt/button_Print"), 20): Object 'Object Repository/AdminSuiteBootstrap_Pages/VT_Bootstrap/Receipt/button_Print' is present

2023-02-22 18:59:54 - [MESSAGE][PASSED] - Object 'Object Repository/AdminSuiteBootstrap_Pages/VT_Bootstrap/Receipt/button_Print' is present

2023-02-22 18:59:54 - [TEST_STEP][PASSED] - verifyTextPresent("Remittance ID", true): Text 'Remittance ID' is present on page  using regular expression

2023-02-22 18:59:54 - [MESSAGE][PASSED] - Text 'Remittance ID' is present on page  using regular expression

2023-02-22 18:59:54 - [TEST_STEP][PASSED] - verifyTextPresent("Received", true): Text 'Received' is present on page  using regular expression

2023-02-22 18:59:55 - [MESSAGE][PASSED] - Text 'Received' is present on page  using regular expression

2023-02-22 18:59:55 - [TEST_STEP][PASSED] - verifyTextPresent("UDF1", true): Text 'UDF1' is present on page  using regular expression

2023-02-22 18:59:55 - [MESSAGE][PASSED] - Text 'UDF1' is present on page  using regular expression

2023-02-22 18:59:55 - [TEST_STEP][PASSED] - verifyTextPresent("UDF2", true): Text 'UDF2' is present on page  using regular expression

2023-02-22 18:59:55 - [MESSAGE][PASSED] - Text 'UDF2' is present on page  using regular expression

2023-02-22 18:59:55 - [TEST_STEP][PASSED] - verifyTextPresent("UDF3", true): Text 'UDF3' is present on page  using regular expression

2023-02-22 18:59:56 - [MESSAGE][PASSED] - Text 'UDF3' is present on page  using regular expression

2023-02-22 18:59:56 - [TEST_STEP][PASSED] - verifyTextPresent("UDF4", true): Text 'UDF4' is present on page  using regular expression

2023-02-22 18:59:56 - [MESSAGE][PASSED] - Text 'UDF4' is present on page  using regular expression

2023-02-22 18:59:56 - [TEST_STEP][PASSED] - verifyTextPresent("UDF5", true): Text 'UDF5' is present on page  using regular expression

2023-02-22 18:59:56 - [MESSAGE][PASSED] - Text 'UDF5' is present on page  using regular expression

2023-02-22 18:59:56 - [TEST_STEP][PASSED] - verifyTextPresent("UDF6", true): Text 'UDF6' is present on page  using regular expression

2023-02-22 18:59:57 - [MESSAGE][PASSED] - Text 'UDF6' is present on page  using regular expression

2023-02-22 18:59:57 - [TEST_STEP][PASSED] - verifyTextPresent("UDF7", true): Text 'UDF7' is present on page  using regular expression

2023-02-22 18:59:57 - [MESSAGE][PASSED] - Text 'UDF7' is present on page  using regular expression

2023-02-22 18:59:57 - [TEST_STEP][PASSED] - verifyTextPresent("UDF8", true): Text 'UDF8' is present on page  using regular expression

2023-02-22 18:59:57 - [MESSAGE][PASSED] - Text 'UDF8' is present on page  using regular expression

2023-02-22 18:59:57 - [TEST_STEP][PASSED] - verifyTextPresent("UDF9", true): Text 'UDF9' is present on page  using regular expression

2023-02-22 18:59:58 - [MESSAGE][PASSED] - Text 'UDF9' is present on page  using regular expression

2023-02-22 18:59:58 - [TEST_STEP][PASSED] - verifyTextPresent("UDF 10", true): Text 'UDF 10' is present on page  using regular expression

2023-02-22 18:59:58 - [MESSAGE][PASSED] - Text 'UDF 10' is present on page  using regular expression

2023-02-22 18:59:58 - [TEST_STEP][PASSED] - verifyTextPresent("Delhi", true): Text 'Delhi' is present on page  using regular expression

2023-02-22 18:59:58 - [MESSAGE][PASSED] - Text 'Delhi' is present on page  using regular expression

2023-02-22 18:59:58 - [TEST_STEP][PASSED] - verifyTextPresent("Chennai", true): Text 'Chennai' is present on page  using regular expression

2023-02-22 18:59:59 - [MESSAGE][PASSED] - Text 'Chennai' is present on page  using regular expression

2023-02-22 18:59:59 - [TEST_STEP][PASSED] - verifyTextPresent("Mumbai", true): Text 'Mumbai' is present on page  using regular expression

2023-02-22 18:59:59 - [MESSAGE][PASSED] - Text 'Mumbai' is present on page  using regular expression

2023-02-22 18:59:59 - [TEST_STEP][PASSED] - verifyTextPresent("Kanpur", true): Text 'Kanpur' is present on page  using regular expression

2023-02-22 18:59:59 - [MESSAGE][PASSED] - Text 'Kanpur' is present on page  using regular expression

2023-02-22 18:59:59 - [TEST_STEP][PASSED] - verifyTextPresent("Orange Recorded", true): Text 'Orange Recorded' is present on page  using regular expression

2023-02-22 19:00:00 - [MESSAGE][PASSED] - Text 'Orange Recorded' is present on page  using regular expression

2023-02-22 19:00:00 - [TEST_STEP][PASSED] - verifyTextPresent("Yellow Recorded", true): Text 'Yellow Recorded' is present on page  using regular expression

2023-02-22 19:00:00 - [MESSAGE][PASSED] - Text 'Yellow Recorded' is present on page  using regular expression

2023-02-22 19:00:00 - [TEST_STEP][PASSED] - verifyTextPresent("Kolkata", true): Text 'Kolkata' is present on page  using regular expression

2023-02-22 19:00:00 - [MESSAGE][PASSED] - Text 'Kolkata' is present on page  using regular expression

2023-02-22 19:00:00 - [TEST_STEP][PASSED] - verifyTextPresent("Pune", true): Text 'Pune' is present on page  using regular expression

2023-02-22 19:00:01 - [MESSAGE][PASSED] - Text 'Pune' is present on page  using regular expression

2023-02-22 19:00:01 - [TEST_STEP][PASSED] - verifyTextPresent("Bhavnagar", true): Text 'Bhavnagar' is present on page  using regular expression

2023-02-22 19:00:01 - [MESSAGE][PASSED] - Text 'Bhavnagar' is present on page  using regular expression

2023-02-22 19:00:01 - [TEST_STEP][PASSED] - verifyTextPresent("Noida", true): Text 'Noida' is present on page  using regular expression

2023-02-22 19:00:01 - [MESSAGE][PASSED] - Text 'Noida' is present on page  using regular expression

2023-02-22 19:00:01 - [TEST_STEP][PASSED] - verifyTextPresent("Amount", true): Text 'Amount' is present on page  using regular expression

2023-02-22 19:00:02 - [MESSAGE][PASSED] - Text 'Amount' is present on page  using regular expression

2023-02-22 19:00:02 - [TEST_STEP][PASSED] - verifyTextPresent("2.50", true): Text '2.50' is present on page  using regular expression

2023-02-22 19:00:02 - [MESSAGE][PASSED] - Text '2.50' is present on page  using regular expression

2023-02-22 19:00:02 - [TEST_STEP][PASSED] - verifyTextPresent("Transaction Type", true): Text 'Transaction Type' is present on page  using regular expression

2023-02-22 19:00:02 - [MESSAGE][PASSED] - Text 'Transaction Type' is present on page  using regular expression

2023-02-22 19:00:02 - [TEST_STEP][PASSED] - verifyTextPresent("Debit", true): Text 'Debit' is present on page  using regular expression

2023-02-22 19:00:03 - [MESSAGE][PASSED] - Text 'Debit' is present on page  using regular expression

2023-02-22 19:00:03 - [TEST_STEP][PASSED] - verifyTextPresent("Check Information", true): Text 'Check Information' is present on page  using regular expression

2023-02-22 19:00:03 - [MESSAGE][PASSED] - Text 'Check Information' is present on page  using regular expression

2023-02-22 19:00:03 - [TEST_STEP][PASSED] - verifyTextPresent("Account Type", true): Text 'Account Type' is present on page  using regular expression

2023-02-22 19:00:03 - [MESSAGE][PASSED] - Text 'Account Type' is present on page  using regular expression

2023-02-22 19:00:03 - [TEST_STEP][PASSED] - verifyTextPresent("Account Number", true): Text 'Account Number' is present on page  using regular expression

2023-02-22 19:00:04 - [MESSAGE][PASSED] - Text 'Account Number' is present on page  using regular expression

2023-02-22 19:00:04 - [TEST_STEP][PASSED] - verifyTextPresent("Routing Number", true): Text 'Routing Number' is present on page  using regular expression

2023-02-22 19:00:04 - [MESSAGE][PASSED] - Text 'Routing Number' is present on page  using regular expression

2023-02-22 19:00:04 - [TEST_STEP][PASSED] - verifyTextPresent("Address Line 1", true): Text 'Address Line 1' is present on page  using regular expression

2023-02-22 19:00:04 - [MESSAGE][PASSED] - Text 'Address Line 1' is present on page  using regular expression

2023-02-22 19:00:04 - [TEST_STEP][PASSED] - verifyTextPresent("Address Line 2", true): Text 'Address Line 2' is present on page  using regular expression

2023-02-22 19:00:05 - [MESSAGE][PASSED] - Text 'Address Line 2' is present on page  using regular expression

2023-02-22 19:00:05 - [TEST_STEP][PASSED] - verifyTextPresent("Country", true): Text 'Country' is present on page  using regular expression

2023-02-22 19:00:05 - [MESSAGE][PASSED] - Text 'Country' is present on page  using regular expression

2023-02-22 19:00:05 - [TEST_STEP][PASSED] - verifyTextPresent("City", true): Text 'City' is present on page  using regular expression

2023-02-22 19:00:05 - [MESSAGE][PASSED] - Text 'City' is present on page  using regular expression

2023-02-22 19:00:05 - [TEST_STEP][PASSED] - verifyTextPresent("State", true): Text 'State' is present on page  using regular expression

2023-02-22 19:00:06 - [MESSAGE][PASSED] - Text 'State' is present on page  using regular expression

2023-02-22 19:00:06 - [TEST_STEP][PASSED] - verifyTextPresent("ZIP Code", true): Text 'ZIP Code' is present on page  using regular expression

2023-02-22 19:00:06 - [MESSAGE][PASSED] - Text 'ZIP Code' is present on page  using regular expression

2023-02-22 19:00:06 - [TEST_STEP][PASSED] - verifyTextPresent("248 PhoolKaante road", true): Text '248 PhoolKaante road' is present on page  using regular expression

2023-02-22 19:00:06 - [MESSAGE][PASSED] - Text '248 PhoolKaante road' is present on page  using regular expression

2023-02-22 19:00:06 - [TEST_STEP][PASSED] - verifyTextPresent("Suite 678", true): Text 'Suite 678' is present on page  using regular expression

2023-02-22 19:00:07 - [MESSAGE][PASSED] - Text 'Suite 678' is present on page  using regular expression

2023-02-22 19:00:07 - [TEST_STEP][PASSED] - verifyTextPresent("United States", true): Text 'United States' is present on page  using regular expression

2023-02-22 19:00:07 - [MESSAGE][PASSED] - Text 'United States' is present on page  using regular expression

2023-02-22 19:00:07 - [TEST_STEP][PASSED] - verifyTextPresent("ARLINGTON", true): Text 'ARLINGTON' is present on page  using regular expression

2023-02-22 19:00:07 - [MESSAGE][PASSED] - Text 'ARLINGTON' is present on page  using regular expression

2023-02-22 19:00:07 - [TEST_STEP][PASSED] - verifyTextPresent("Virginia", true): Text 'Virginia' is present on page  using regular expression

2023-02-22 19:00:08 - [MESSAGE][PASSED] - Text 'Virginia' is present on page  using regular expression

2023-02-22 19:00:08 - [TEST_STEP][PASSED] - verifyTextPresent("22201", true): Text '22201' is present on page  using regular expression

2023-02-22 19:00:08 - [MESSAGE][PASSED] - Text '22201' is present on page  using regular expression

2023-02-22 19:00:08 - [TEST_STEP][PASSED] - tranType = findTestData(dataFile).getValue("TranType", row): null

2023-02-22 19:00:08 - [TEST_STEP][PASSED] - last4V = findTestData(dataFile).getValue("Last4", row): null

2023-02-22 19:00:08 - [TEST_STEP][PASSED] - verifyTextPresent(tranType, true): Text 'Checking' is present on page  using regular expression

2023-02-22 19:00:08 - [MESSAGE][PASSED] - Text 'Checking' is present on page  using regular expression

2023-02-22 19:00:08 - [TEST_STEP][PASSED] - verifyTextPresent(last4V, true): Text '2222' is present on page  using regular expression

2023-02-22 19:00:09 - [MESSAGE][PASSED] - Text '2222' is present on page  using regular expression

2023-02-22 19:00:09 - [TEST_STEP][PASSED] - if (profNameLink.equalsIgnoreCase("a_PaymentsPC")): Text 'TANDON RAVENA' is present on page  using regular expression

2023-02-22 19:00:09 - [TEST_STEP][PASSED] - verifyTextPresent("Name on Account", true): Text 'Name on Account' is present on page  using regular expression

2023-02-22 19:00:09 - [MESSAGE][PASSED] - Text 'Name on Account' is present on page  using regular expression

2023-02-22 19:00:09 - [TEST_STEP][PASSED] - verifyTextPresent("TANDON RAVENA", true): Text 'TANDON RAVENA' is present on page  using regular expression

2023-02-22 19:00:09 - [MESSAGE][PASSED] - Text 'TANDON RAVENA' is present on page  using regular expression

2023-02-22 19:00:09 - [TEST_STEP][PASSED] - if (profNameLink.equalsIgnoreCase("a_PaymentsPS")): null

2023-02-22 19:00:09 - [TEST_STEP][PASSED] - if (profNameLink.equalsIgnoreCase("a_PaymentsCorp")): null

2023-02-22 19:00:09 - [TEST_STEP][PASSED] - switch (appName): null

2023-02-22 19:00:09 - [TEST_STEP][PASSED] - case "a_Access AutoSingleCFtpQA":: null

2023-02-22 19:00:09 - [TEST_STEP][PASSED] - verifyTextPresent("5.00", true): Text '5.00' is present on page  using regular expression

2023-02-22 19:00:10 - [MESSAGE][PASSED] - Text '5.00' is present on page  using regular expression

2023-02-22 19:00:10 - [TEST_STEP][PASSED] - verifyTextPresent("Single Transaction", true): Text 'Single Transaction' is present on page  using regular expression

2023-02-22 19:00:10 - [MESSAGE][PASSED] - Text 'Single Transaction' is present on page  using regular expression

2023-02-22 19:00:10 - [TEST_STEP][PASSED] - verifyTextPresent("7.50", true): Text '7.50' is present on page  using regular expression

2023-02-22 19:00:10 - [MESSAGE][PASSED] - Text '7.50' is present on page  using regular expression

2023-02-22 19:00:10 - [TEST_STEP][PASSED] - verifyTextPresent("Total Amount", true): Text 'Total Amount' is present on page  using regular expression

2023-02-22 19:00:11 - [MESSAGE][PASSED] - Text 'Total Amount' is present on page  using regular expression

2023-02-22 19:00:11 - [TEST_STEP][PASSED] - verifyTextPresent("Transaction Type", true): Text 'Transaction Type' is present on page  using regular expression

2023-02-22 19:00:11 - [MESSAGE][PASSED] - Text 'Transaction Type' is present on page  using regular expression

2023-02-22 19:00:11 - [TEST_STEP][PASSED] - break: null

2023-02-22 19:00:11 - [TEST_STEP][PASSED] - closeBrowser(): Browser is closed

2023-02-22 19:00:12 - [MESSAGE][PASSED] - Browser is closed

2023-02-22 19:00:12 - [TEST_STEP][PASSED] - ExecuteTC = findTestData(dataFile).getValue("Execute", row): null

2023-02-22 19:00:12 - [TEST_STEP][PASSED] - out.println("Value of Execute is : " + ExecuteTC): null

2023-02-22 19:00:12 - [TEST_STEP][PASSED] - switch (executionProfile): null

2023-02-22 19:00:12 - [TEST_STEP][PASSED] - case "QAProfile":: null

2023-02-22 19:00:12 - [TEST_STEP][PASSED] - appName = findTestData(dataFile).getValue("AppNameQA", row): null

2023-02-22 19:00:12 - [TEST_STEP][PASSED] - appID = findTestData(dataFile).getValue("AppIDQA", row): null

2023-02-22 19:00:12 - [TEST_STEP][PASSED] - break: null

2023-02-22 19:00:12 - [TEST_STEP][PASSED] - if (ExecuteTC.equalsIgnoreCase("Y")): null

2023-02-22 19:00:12 - [TEST_STEP][PASSED] - out.println("Begin Record Number: " + row): null

2023-02-22 19:00:12 - [TEST_STEP][PASSED] - today = new java.util.Date(): null

2023-02-22 19:00:12 - [TEST_STEP][PASSED] - println(today): null

2023-02-22 19:00:12 - [TEST_STEP][PASSED] - datText = today: null

2023-02-22 19:00:12 - [TEST_STEP][PASSED] - adminSuiteBootstrap.loginFunctionality.login_AdminSuite(): adminSuiteBootstrap.loginFunctionality.login_AdminSuite is PASSED

2023-02-22 19:00:12 - [MESSAGE][INFO] - Starting 'Chrome' driver

2023-02-22 19:00:12 - [MESSAGE][INFO] - User set preference: ['acceptInsecureCerts', 'true']

2023-02-22 19:00:12 - [MESSAGE][INFO] - Action delay is set to 0 milliseconds

2023-02-22 19:00:14 - [MESSAGE][PASSED] - Browser is opened with url: 'https://qa.velocitypayment.com/admin/imtiaz'

2023-02-22 19:00:14 - [MESSAGE][PASSED] - Current window maximized

2023-02-22 19:00:15 - [MESSAGE][PASSED] - Object 'Object Repository/Login_Page/Login_Username' is present

2023-02-22 19:00:16 - [MESSAGE][PASSED] - Text 'iahmed' is set on object 'Object Repository/Login_Page/Login_Username'

2023-02-22 19:00:16 - [MESSAGE][PASSED] - Text 'hello2222' is set on object 'Object Repository/Login_Page/Login_Password'

2023-02-22 19:00:21 - [MESSAGE][PASSED] - Object: 'Object Repository/Login_Page/Login_Submit' is clicked on

2023-02-22 19:00:21 - [MESSAGE][PASSED] - adminSuiteBootstrap.loginFunctionality.login_AdminSuite is PASSED

2023-02-22 19:00:21 - [TEST_STEP][PASSED] - click(findTestObject(path_Dashboard + appName)): Object: 'Object Repository/AdminSuiteBootstrap_Pages/Dashboard_Bootstrap/a_Access AutoSingleCFtpQA' is clicked on

2023-02-22 19:00:22 - [MESSAGE][PASSED] - Object: 'Object Repository/AdminSuiteBootstrap_Pages/Dashboard_Bootstrap/a_Access AutoSingleCFtpQA' is clicked on

2023-02-22 19:00:22 - [TEST_STEP][PASSED] - click(findTestObject(path_VT + "a_Find Profile")): Object: 'Object Repository/AdminSuiteBootstrap_Pages/VT_Bootstrap/IssueTransactions/a_Find Profile' is clicked on

2023-02-22 19:00:23 - [MESSAGE][PASSED] - Object: 'Object Repository/AdminSuiteBootstrap_Pages/VT_Bootstrap/IssueTransactions/a_Find Profile' is clicked on

2023-02-22 19:00:23 - [TEST_STEP][PASSED] - criteria = <not implemented yet for class: org.codehaus.groovy.ast.expr.EmptyExpression>: null

2023-02-22 19:00:23 - [TEST_STEP][PASSED] - searchBy = <not implemented yet for class: org.codehaus.groovy.ast.expr.EmptyExpression>: null

2023-02-22 19:00:23 - [TEST_STEP][PASSED] - criteria = findTestData(dataFile).getValue("ProfileName", row): null

2023-02-22 19:00:23 - [TEST_STEP][PASSED] - path_SearchProfile = "Object Repository/AdminSuiteBootstrap_Pages/VSP_Bootstrap/SearchProfile/": null

2023-02-22 19:00:23 - [TEST_STEP][PASSED] - setText(findTestObject(path_SearchProfile + "input_Criteria"), criteria): Text 'PaymentsPS' is set on object 'Object Repository/AdminSuiteBootstrap_Pages/VSP_Bootstrap/SearchProfile/input_Criteria'

2023-02-22 19:00:23 - [MESSAGE][PASSED] - Text 'PaymentsPS' is set on object 'Object Repository/AdminSuiteBootstrap_Pages/VSP_Bootstrap/SearchProfile/input_Criteria'

2023-02-22 19:00:23 - [TEST_STEP][PASSED] - click(findTestObject(path_SearchProfile + "button_Search")): Object: 'Object Repository/AdminSuiteBootstrap_Pages/VSP_Bootstrap/SearchProfile/button_Search' is clicked on

2023-02-22 19:00:24 - [MESSAGE][PASSED] - Object: 'Object Repository/AdminSuiteBootstrap_Pages/VSP_Bootstrap/SearchProfile/button_Search' is clicked on

2023-02-22 19:00:24 - [TEST_STEP][PASSED] - profNameLink = findTestData(dataFile).getValue("ProfileNameLink", row): null

2023-02-22 19:00:25 - [TEST_STEP][PASSED] - click(findTestObject(path_ViewProfile + profNameLink)): Object: 'Object Repository/AdminSuiteBootstrap_Pages/VSP_Bootstrap/View Profile/a_PaymentsPS' is clicked on

2023-02-22 19:00:26 - [MESSAGE][PASSED] - Object: 'Object Repository/AdminSuiteBootstrap_Pages/VSP_Bootstrap/View Profile/a_PaymentsPS' is clicked on

2023-02-22 19:00:26 - [TEST_STEP][PASSED] - click(findTestObject(path_ViewProfile + "a_Debit")): Object: 'Object Repository/AdminSuiteBootstrap_Pages/VSP_Bootstrap/View Profile/a_Debit' is clicked on

2023-02-22 19:00:27 - [MESSAGE][PASSED] - Object: 'Object Repository/AdminSuiteBootstrap_Pages/VSP_Bootstrap/View Profile/a_Debit' is clicked on

2023-02-22 19:00:27 - [TEST_STEP][PASSED] - verifyTextPresent("Remittance ID", true): Text 'Remittance ID' is present on page  using regular expression

2023-02-22 19:00:28 - [MESSAGE][PASSED] - Text 'Remittance ID' is present on page  using regular expression

2023-02-22 19:00:28 - [TEST_STEP][PASSED] - vspBootstrap.ACHDebitPage.setDataACHDebit(row, dataFile): vspBootstrap.ACHDebitPage.setDataACHDebit is PASSED

2023-02-22 19:00:30 - [MESSAGE][PASSED] - All options with value 'PPD' are selected in object 'Object Repository/AdminSuiteBootstrap_Pages/VSP_Bootstrap/VSP_Debit/select_StdEntryClass'  using regular expression

2023-02-22 19:00:30 - [MESSAGE][PASSED] - Text '' is set on object 'Object Repository/AdminSuiteBootstrap_Pages/VSP_Bootstrap/VSP_Debit/input_smsNumber'

2023-02-22 19:00:31 - [MESSAGE][PASSED] - Text '2.50' is set on object 'Object Repository/AdminSuiteBootstrap_Pages/VSP_Bootstrap/VSP_Debit/input_amount'

2023-02-22 19:00:32 - [MESSAGE][PASSED] - Text 'Delhi' is set on object 'Object Repository/AdminSuiteBootstrap_Pages/VSP_Bootstrap/VSP_Debit/input_userDefined1'

2023-02-22 19:00:33 - [MESSAGE][PASSED] - Text 'Chennai' is set on object 'Object Repository/AdminSuiteBootstrap_Pages/VSP_Bootstrap/VSP_Debit/input_userDefined2'

2023-02-22 19:00:33 - [MESSAGE][PASSED] - Text 'Mumbai' is set on object 'Object Repository/AdminSuiteBootstrap_Pages/VSP_Bootstrap/VSP_Debit/input_userDefined3'

2023-02-22 19:00:34 - [MESSAGE][PASSED] - Text 'Kanpur' is set on object 'Object Repository/AdminSuiteBootstrap_Pages/VSP_Bootstrap/VSP_Debit/input_userDefined4'

2023-02-22 19:00:35 - [MESSAGE][PASSED] - All options with label 'Orange' are selected in object 'Object Repository/AdminSuiteBootstrap_Pages/VSP_Bootstrap/VSP_Debit/select_UDF5'  using regular expression

2023-02-22 19:00:36 - [MESSAGE][PASSED] - All options with label 'Yellow' are selected in object 'Object Repository/AdminSuiteBootstrap_Pages/VSP_Bootstrap/VSP_Debit/select_UDF6'  using regular expression

2023-02-22 19:00:37 - [MESSAGE][PASSED] - Text 'Kolkata' is set on object 'Object Repository/AdminSuiteBootstrap_Pages/VSP_Bootstrap/VSP_Debit/input_userDefined7'

2023-02-22 19:00:37 - [MESSAGE][PASSED] - Text 'Pune' is set on object 'Object Repository/AdminSuiteBootstrap_Pages/VSP_Bootstrap/VSP_Debit/input_userDefined8'

2023-02-22 19:00:38 - [MESSAGE][PASSED] - Text 'Bhavnagar' is set on object 'Object Repository/AdminSuiteBootstrap_Pages/VSP_Bootstrap/VSP_Debit/input_userDefined9'

2023-02-22 19:00:39 - [MESSAGE][PASSED] - Text 'Noida' is set on object 'Object Repository/AdminSuiteBootstrap_Pages/VSP_Bootstrap/VSP_Debit/input_userDefined10'

2023-02-22 19:00:40 - [MESSAGE][PASSED] - Object: 'Object Repository/AdminSuiteBootstrap_Pages/VSP_Bootstrap/VSP_Debit/button_Submit' is clicked on

2023-02-22 19:00:40 - [MESSAGE][PASSED] - vspBootstrap.ACHDebitPage.setDataACHDebit is PASSED

2023-02-22 19:00:40 - [TEST_STEP][PASSED] - verifyTextPresent("Transaction Successful", true): Text 'Transaction Successful' is present on page  using regular expression

2023-02-22 19:00:41 - [MESSAGE][PASSED] - Text 'Transaction Successful' is present on page  using regular expression

2023-02-22 19:00:41 - [TEST_STEP][PASSED] - verifyElementVisible(findTestObject("Object Repository/AdminSuiteBootstrap_Pages/VT_Bootstrap/Receipt/button_Continue")): Object 'Object Repository/AdminSuiteBootstrap_Pages/VT_Bootstrap/Receipt/button_Continue' is visible

2023-02-22 19:00:41 - [MESSAGE][PASSED] - Object 'Object Repository/AdminSuiteBootstrap_Pages/VT_Bootstrap/Receipt/button_Continue' is visible

2023-02-22 19:00:41 - [TEST_STEP][PASSED] - verifyElementPresent(findTestObject("Object Repository/AdminSuiteBootstrap_Pages/VT_Bootstrap/Receipt/button_Continue"), 20): Object 'Object Repository/AdminSuiteBootstrap_Pages/VT_Bootstrap/Receipt/button_Continue' is present

2023-02-22 19:00:41 - [MESSAGE][PASSED] - Object 'Object Repository/AdminSuiteBootstrap_Pages/VT_Bootstrap/Receipt/button_Continue' is present

2023-02-22 19:00:41 - [TEST_STEP][PASSED] - verifyElementVisible(findTestObject("Object Repository/AdminSuiteBootstrap_Pages/VT_Bootstrap/Receipt/button_Print")): Object 'Object Repository/AdminSuiteBootstrap_Pages/VT_Bootstrap/Receipt/button_Print' is visible

2023-02-22 19:00:42 - [MESSAGE][PASSED] - Object 'Object Repository/AdminSuiteBootstrap_Pages/VT_Bootstrap/Receipt/button_Print' is visible

2023-02-22 19:00:42 - [TEST_STEP][PASSED] - verifyElementPresent(findTestObject("Object Repository/AdminSuiteBootstrap_Pages/VT_Bootstrap/Receipt/button_Print"), 20): Object 'Object Repository/AdminSuiteBootstrap_Pages/VT_Bootstrap/Receipt/button_Print' is present

2023-02-22 19:00:42 - [MESSAGE][PASSED] - Object 'Object Repository/AdminSuiteBootstrap_Pages/VT_Bootstrap/Receipt/button_Print' is present

2023-02-22 19:00:42 - [TEST_STEP][PASSED] - verifyTextPresent("Remittance ID", true): Text 'Remittance ID' is present on page  using regular expression

2023-02-22 19:00:42 - [MESSAGE][PASSED] - Text 'Remittance ID' is present on page  using regular expression

2023-02-22 19:00:42 - [TEST_STEP][PASSED] - verifyTextPresent("Received", true): Text 'Received' is present on page  using regular expression

2023-02-22 19:00:43 - [MESSAGE][PASSED] - Text 'Received' is present on page  using regular expression

2023-02-22 19:00:43 - [TEST_STEP][PASSED] - verifyTextPresent("UDF1", true): Text 'UDF1' is present on page  using regular expression

2023-02-22 19:00:43 - [MESSAGE][PASSED] - Text 'UDF1' is present on page  using regular expression

2023-02-22 19:00:43 - [TEST_STEP][PASSED] - verifyTextPresent("UDF2", true): Text 'UDF2' is present on page  using regular expression

2023-02-22 19:00:43 - [MESSAGE][PASSED] - Text 'UDF2' is present on page  using regular expression

2023-02-22 19:00:43 - [TEST_STEP][PASSED] - verifyTextPresent("UDF3", true): Text 'UDF3' is present on page  using regular expression

2023-02-22 19:00:44 - [MESSAGE][PASSED] - Text 'UDF3' is present on page  using regular expression

2023-02-22 19:00:44 - [TEST_STEP][PASSED] - verifyTextPresent("UDF4", true): Text 'UDF4' is present on page  using regular expression

2023-02-22 19:00:44 - [MESSAGE][PASSED] - Text 'UDF4' is present on page  using regular expression

2023-02-22 19:00:44 - [TEST_STEP][PASSED] - verifyTextPresent("UDF5", true): Text 'UDF5' is present on page  using regular expression

2023-02-22 19:00:44 - [MESSAGE][PASSED] - Text 'UDF5' is present on page  using regular expression

2023-02-22 19:00:44 - [TEST_STEP][PASSED] - verifyTextPresent("UDF6", true): Text 'UDF6' is present on page  using regular expression

2023-02-22 19:00:45 - [MESSAGE][PASSED] - Text 'UDF6' is present on page  using regular expression

2023-02-22 19:00:45 - [TEST_STEP][PASSED] - verifyTextPresent("UDF7", true): Text 'UDF7' is present on page  using regular expression

2023-02-22 19:00:45 - [MESSAGE][PASSED] - Text 'UDF7' is present on page  using regular expression

2023-02-22 19:00:45 - [TEST_STEP][PASSED] - verifyTextPresent("UDF8", true): Text 'UDF8' is present on page  using regular expression

2023-02-22 19:00:45 - [MESSAGE][PASSED] - Text 'UDF8' is present on page  using regular expression

2023-02-22 19:00:45 - [TEST_STEP][PASSED] - verifyTextPresent("UDF9", true): Text 'UDF9' is present on page  using regular expression

2023-02-22 19:00:46 - [MESSAGE][PASSED] - Text 'UDF9' is present on page  using regular expression

2023-02-22 19:00:46 - [TEST_STEP][PASSED] - verifyTextPresent("UDF 10", true): Text 'UDF 10' is present on page  using regular expression

2023-02-22 19:00:46 - [MESSAGE][PASSED] - Text 'UDF 10' is present on page  using regular expression

2023-02-22 19:00:46 - [TEST_STEP][PASSED] - verifyTextPresent("Delhi", true): Text 'Delhi' is present on page  using regular expression

2023-02-22 19:00:46 - [MESSAGE][PASSED] - Text 'Delhi' is present on page  using regular expression

2023-02-22 19:00:46 - [TEST_STEP][PASSED] - verifyTextPresent("Chennai", true): Text 'Chennai' is present on page  using regular expression

2023-02-22 19:00:47 - [MESSAGE][PASSED] - Text 'Chennai' is present on page  using regular expression

2023-02-22 19:00:47 - [TEST_STEP][PASSED] - verifyTextPresent("Mumbai", true): Text 'Mumbai' is present on page  using regular expression

2023-02-22 19:00:47 - [MESSAGE][PASSED] - Text 'Mumbai' is present on page  using regular expression

2023-02-22 19:00:47 - [TEST_STEP][PASSED] - verifyTextPresent("Kanpur", true): Text 'Kanpur' is present on page  using regular expression

2023-02-22 19:00:47 - [MESSAGE][PASSED] - Text 'Kanpur' is present on page  using regular expression

2023-02-22 19:00:47 - [TEST_STEP][PASSED] - verifyTextPresent("Orange Recorded", true): Text 'Orange Recorded' is present on page  using regular expression

2023-02-22 19:00:48 - [MESSAGE][PASSED] - Text 'Orange Recorded' is present on page  using regular expression

2023-02-22 19:00:48 - [TEST_STEP][PASSED] - verifyTextPresent("Yellow Recorded", true): Text 'Yellow Recorded' is present on page  using regular expression

2023-02-22 19:00:48 - [MESSAGE][PASSED] - Text 'Yellow Recorded' is present on page  using regular expression

2023-02-22 19:00:48 - [TEST_STEP][PASSED] - verifyTextPresent("Kolkata", true): Text 'Kolkata' is present on page  using regular expression

2023-02-22 19:00:48 - [MESSAGE][PASSED] - Text 'Kolkata' is present on page  using regular expression

2023-02-22 19:00:48 - [TEST_STEP][PASSED] - verifyTextPresent("Pune", true): Text 'Pune' is present on page  using regular expression

2023-02-22 19:00:49 - [MESSAGE][PASSED] - Text 'Pune' is present on page  using regular expression

2023-02-22 19:00:49 - [TEST_STEP][PASSED] - verifyTextPresent("Bhavnagar", true): Text 'Bhavnagar' is present on page  using regular expression

2023-02-22 19:00:49 - [MESSAGE][PASSED] - Text 'Bhavnagar' is present on page  using regular expression

2023-02-22 19:00:49 - [TEST_STEP][PASSED] - verifyTextPresent("Noida", true): Text 'Noida' is present on page  using regular expression

2023-02-22 19:00:49 - [MESSAGE][PASSED] - Text 'Noida' is present on page  using regular expression

2023-02-22 19:00:49 - [TEST_STEP][PASSED] - verifyTextPresent("Amount", true): Text 'Amount' is present on page  using regular expression

2023-02-22 19:00:50 - [MESSAGE][PASSED] - Text 'Amount' is present on page  using regular expression

2023-02-22 19:00:50 - [TEST_STEP][PASSED] - verifyTextPresent("2.50", true): Text '2.50' is present on page  using regular expression

2023-02-22 19:00:50 - [MESSAGE][PASSED] - Text '2.50' is present on page  using regular expression

2023-02-22 19:00:50 - [TEST_STEP][PASSED] - verifyTextPresent("Transaction Type", true): Text 'Transaction Type' is present on page  using regular expression

2023-02-22 19:00:50 - [MESSAGE][PASSED] - Text 'Transaction Type' is present on page  using regular expression

2023-02-22 19:00:50 - [TEST_STEP][PASSED] - verifyTextPresent("Debit", true): Text 'Debit' is present on page  using regular expression

2023-02-22 19:00:50 - [MESSAGE][PASSED] - Text 'Debit' is present on page  using regular expression

2023-02-22 19:00:50 - [TEST_STEP][PASSED] - verifyTextPresent("Check Information", true): Text 'Check Information' is present on page  using regular expression

2023-02-22 19:00:51 - [MESSAGE][PASSED] - Text 'Check Information' is present on page  using regular expression

2023-02-22 19:00:51 - [TEST_STEP][PASSED] - verifyTextPresent("Account Type", true): Text 'Account Type' is present on page  using regular expression

2023-02-22 19:00:51 - [MESSAGE][PASSED] - Text 'Account Type' is present on page  using regular expression

2023-02-22 19:00:51 - [TEST_STEP][PASSED] - verifyTextPresent("Account Number", true): Text 'Account Number' is present on page  using regular expression

2023-02-22 19:00:51 - [MESSAGE][PASSED] - Text 'Account Number' is present on page  using regular expression

2023-02-22 19:00:51 - [TEST_STEP][PASSED] - verifyTextPresent("Routing Number", true): Text 'Routing Number' is present on page  using regular expression

2023-02-22 19:00:52 - [MESSAGE][PASSED] - Text 'Routing Number' is present on page  using regular expression

2023-02-22 19:00:52 - [TEST_STEP][PASSED] - verifyTextPresent("Address Line 1", true): Text 'Address Line 1' is present on page  using regular expression

2023-02-22 19:00:52 - [MESSAGE][PASSED] - Text 'Address Line 1' is present on page  using regular expression

2023-02-22 19:00:52 - [TEST_STEP][PASSED] - verifyTextPresent("Address Line 2", true): Text 'Address Line 2' is present on page  using regular expression

2023-02-22 19:00:52 - [MESSAGE][PASSED] - Text 'Address Line 2' is present on page  using regular expression

2023-02-22 19:00:52 - [TEST_STEP][PASSED] - verifyTextPresent("Country", true): Text 'Country' is present on page  using regular expression

2023-02-22 19:00:53 - [MESSAGE][PASSED] - Text 'Country' is present on page  using regular expression

2023-02-22 19:00:53 - [TEST_STEP][PASSED] - verifyTextPresent("City", true): Text 'City' is present on page  using regular expression

2023-02-22 19:00:53 - [MESSAGE][PASSED] - Text 'City' is present on page  using regular expression

2023-02-22 19:00:53 - [TEST_STEP][PASSED] - verifyTextPresent("State", true): Text 'State' is present on page  using regular expression

2023-02-22 19:00:53 - [MESSAGE][PASSED] - Text 'State' is present on page  using regular expression

2023-02-22 19:00:53 - [TEST_STEP][PASSED] - verifyTextPresent("ZIP Code", true): Text 'ZIP Code' is present on page  using regular expression

2023-02-22 19:00:54 - [MESSAGE][PASSED] - Text 'ZIP Code' is present on page  using regular expression

2023-02-22 19:00:54 - [TEST_STEP][PASSED] - verifyTextPresent("248 PhoolKaante road", true): Text '248 PhoolKaante road' is present on page  using regular expression

2023-02-22 19:00:54 - [MESSAGE][PASSED] - Text '248 PhoolKaante road' is present on page  using regular expression

2023-02-22 19:00:54 - [TEST_STEP][PASSED] - verifyTextPresent("Suite 678", true): Text 'Suite 678' is present on page  using regular expression

2023-02-22 19:00:54 - [MESSAGE][PASSED] - Text 'Suite 678' is present on page  using regular expression

2023-02-22 19:00:54 - [TEST_STEP][PASSED] - verifyTextPresent("United States", true): Text 'United States' is present on page  using regular expression

2023-02-22 19:00:55 - [MESSAGE][PASSED] - Text 'United States' is present on page  using regular expression

2023-02-22 19:00:55 - [TEST_STEP][PASSED] - verifyTextPresent("ARLINGTON", true): Text 'ARLINGTON' is present on page  using regular expression

2023-02-22 19:00:55 - [MESSAGE][PASSED] - Text 'ARLINGTON' is present on page  using regular expression

2023-02-22 19:00:55 - [TEST_STEP][PASSED] - verifyTextPresent("Virginia", true): Text 'Virginia' is present on page  using regular expression

2023-02-22 19:00:55 - [MESSAGE][PASSED] - Text 'Virginia' is present on page  using regular expression

2023-02-22 19:00:55 - [TEST_STEP][PASSED] - verifyTextPresent("22201", true): Text '22201' is present on page  using regular expression

2023-02-22 19:00:56 - [MESSAGE][PASSED] - Text '22201' is present on page  using regular expression

2023-02-22 19:00:56 - [TEST_STEP][PASSED] - tranType = findTestData(dataFile).getValue("TranType", row): null

2023-02-22 19:00:56 - [TEST_STEP][PASSED] - last4V = findTestData(dataFile).getValue("Last4", row): null

2023-02-22 19:00:56 - [TEST_STEP][PASSED] - verifyTextPresent(tranType, true): Text 'Savings' is present on page  using regular expression

2023-02-22 19:00:56 - [MESSAGE][PASSED] - Text 'Savings' is present on page  using regular expression

2023-02-22 19:00:56 - [TEST_STEP][PASSED] - verifyTextPresent(last4V, true): Text '3333' is present on page  using regular expression

2023-02-22 19:00:56 - [MESSAGE][PASSED] - Text '3333' is present on page  using regular expression

2023-02-22 19:00:56 - [TEST_STEP][PASSED] - if (profNameLink.equalsIgnoreCase("a_PaymentsPC")): null

2023-02-22 19:00:56 - [TEST_STEP][PASSED] - if (profNameLink.equalsIgnoreCase("a_PaymentsPS")): Text 'TANDON RAVENA' is present on page  using regular expression

2023-02-22 19:00:56 - [TEST_STEP][PASSED] - verifyTextPresent("Name on Account", true): Text 'Name on Account' is present on page  using regular expression

2023-02-22 19:00:57 - [MESSAGE][PASSED] - Text 'Name on Account' is present on page  using regular expression

2023-02-22 19:00:57 - [TEST_STEP][PASSED] - verifyTextPresent("TANDON RAVENA", true): Text 'TANDON RAVENA' is present on page  using regular expression

2023-02-22 19:00:57 - [MESSAGE][PASSED] - Text 'TANDON RAVENA' is present on page  using regular expression

2023-02-22 19:00:57 - [TEST_STEP][PASSED] - if (profNameLink.equalsIgnoreCase("a_PaymentsCorp")): null

2023-02-22 19:00:57 - [TEST_STEP][PASSED] - switch (appName): null

2023-02-22 19:00:57 - [TEST_STEP][PASSED] - case "a_Access AutoSingleCFtpQA":: null

2023-02-22 19:00:57 - [TEST_STEP][PASSED] - verifyTextPresent("5.00", true): Text '5.00' is present on page  using regular expression

2023-02-22 19:00:57 - [MESSAGE][PASSED] - Text '5.00' is present on page  using regular expression

2023-02-22 19:00:57 - [TEST_STEP][PASSED] - verifyTextPresent("Single Transaction", true): Text 'Single Transaction' is present on page  using regular expression

2023-02-22 19:00:58 - [MESSAGE][PASSED] - Text 'Single Transaction' is present on page  using regular expression

2023-02-22 19:00:58 - [TEST_STEP][PASSED] - verifyTextPresent("7.50", true): Text '7.50' is present on page  using regular expression

2023-02-22 19:00:58 - [MESSAGE][PASSED] - Text '7.50' is present on page  using regular expression

2023-02-22 19:00:58 - [TEST_STEP][PASSED] - verifyTextPresent("Total Amount", true): Text 'Total Amount' is present on page  using regular expression

2023-02-22 19:00:58 - [MESSAGE][PASSED] - Text 'Total Amount' is present on page  using regular expression

2023-02-22 19:00:58 - [TEST_STEP][PASSED] - verifyTextPresent("Transaction Type", true): Text 'Transaction Type' is present on page  using regular expression

2023-02-22 19:00:59 - [MESSAGE][PASSED] - Text 'Transaction Type' is present on page  using regular expression

2023-02-22 19:00:59 - [TEST_STEP][PASSED] - break: null

2023-02-22 19:00:59 - [TEST_STEP][PASSED] - closeBrowser(): Browser is closed

2023-02-22 19:01:00 - [MESSAGE][PASSED] - Browser is closed

2023-02-22 19:01:00 - [TEST_STEP][PASSED] - ExecuteTC = findTestData(dataFile).getValue("Execute", row): null

2023-02-22 19:01:00 - [TEST_STEP][PASSED] - out.println("Value of Execute is : " + ExecuteTC): null

2023-02-22 19:01:00 - [TEST_STEP][PASSED] - switch (executionProfile): null

2023-02-22 19:01:00 - [TEST_STEP][PASSED] - case "QAProfile":: null

2023-02-22 19:01:00 - [TEST_STEP][PASSED] - appName = findTestData(dataFile).getValue("AppNameQA", row): null

2023-02-22 19:01:00 - [TEST_STEP][PASSED] - appID = findTestData(dataFile).getValue("AppIDQA", row): null

2023-02-22 19:01:00 - [TEST_STEP][PASSED] - break: null

2023-02-22 19:01:00 - [TEST_STEP][PASSED] - if (ExecuteTC.equalsIgnoreCase("Y")): null

2023-02-22 19:01:00 - [TEST_STEP][PASSED] - out.println("Begin Record Number: " + row): null

2023-02-22 19:01:00 - [TEST_STEP][PASSED] - today = new java.util.Date(): null

2023-02-22 19:01:00 - [TEST_STEP][PASSED] - println(today): null

2023-02-22 19:01:00 - [TEST_STEP][PASSED] - datText = today: null

2023-02-22 19:01:00 - [TEST_STEP][PASSED] - adminSuiteBootstrap.loginFunctionality.login_AdminSuite(): adminSuiteBootstrap.loginFunctionality.login_AdminSuite is PASSED

2023-02-22 19:01:00 - [MESSAGE][INFO] - Starting 'Chrome' driver

2023-02-22 19:01:00 - [MESSAGE][INFO] - User set preference: ['acceptInsecureCerts', 'true']

2023-02-22 19:01:00 - [MESSAGE][INFO] - Action delay is set to 0 milliseconds

2023-02-22 19:01:02 - [MESSAGE][PASSED] - Browser is opened with url: 'https://qa.velocitypayment.com/admin/imtiaz'

2023-02-22 19:01:02 - [MESSAGE][PASSED] - Current window maximized

2023-02-22 19:01:03 - [MESSAGE][PASSED] - Object 'Object Repository/Login_Page/Login_Username' is present

2023-02-22 19:01:03 - [MESSAGE][PASSED] - Text 'iahmed' is set on object 'Object Repository/Login_Page/Login_Username'

2023-02-22 19:01:04 - [MESSAGE][PASSED] - Text 'hello2222' is set on object 'Object Repository/Login_Page/Login_Password'

2023-02-22 19:01:07 - [MESSAGE][PASSED] - Object: 'Object Repository/Login_Page/Login_Submit' is clicked on

2023-02-22 19:01:07 - [MESSAGE][PASSED] - adminSuiteBootstrap.loginFunctionality.login_AdminSuite is PASSED

2023-02-22 19:01:07 - [TEST_STEP][PASSED] - click(findTestObject(path_Dashboard + appName)): Object: 'Object Repository/AdminSuiteBootstrap_Pages/Dashboard_Bootstrap/a_Access AutoSingleCFtpQA' is clicked on

2023-02-22 19:01:08 - [MESSAGE][PASSED] - Object: 'Object Repository/AdminSuiteBootstrap_Pages/Dashboard_Bootstrap/a_Access AutoSingleCFtpQA' is clicked on

2023-02-22 19:01:08 - [TEST_STEP][PASSED] - click(findTestObject(path_VT + "a_Find Profile")): Object: 'Object Repository/AdminSuiteBootstrap_Pages/VT_Bootstrap/IssueTransactions/a_Find Profile' is clicked on

2023-02-22 19:01:08 - [MESSAGE][PASSED] - Object: 'Object Repository/AdminSuiteBootstrap_Pages/VT_Bootstrap/IssueTransactions/a_Find Profile' is clicked on

2023-02-22 19:01:08 - [TEST_STEP][PASSED] - criteria = <not implemented yet for class: org.codehaus.groovy.ast.expr.EmptyExpression>: null

2023-02-22 19:01:08 - [TEST_STEP][PASSED] - searchBy = <not implemented yet for class: org.codehaus.groovy.ast.expr.EmptyExpression>: null

2023-02-22 19:01:08 - [TEST_STEP][PASSED] - criteria = findTestData(dataFile).getValue("ProfileName", row): null

2023-02-22 19:01:08 - [TEST_STEP][PASSED] - path_SearchProfile = "Object Repository/AdminSuiteBootstrap_Pages/VSP_Bootstrap/SearchProfile/": null

2023-02-22 19:01:08 - [TEST_STEP][PASSED] - setText(findTestObject(path_SearchProfile + "input_Criteria"), criteria): Text 'PaymentsPS' is set on object 'Object Repository/AdminSuiteBootstrap_Pages/VSP_Bootstrap/SearchProfile/input_Criteria'

2023-02-22 19:01:09 - [MESSAGE][PASSED] - Text 'PaymentsPS' is set on object 'Object Repository/AdminSuiteBootstrap_Pages/VSP_Bootstrap/SearchProfile/input_Criteria'

2023-02-22 19:01:09 - [TEST_STEP][PASSED] - click(findTestObject(path_SearchProfile + "button_Search")): Object: 'Object Repository/AdminSuiteBootstrap_Pages/VSP_Bootstrap/SearchProfile/button_Search' is clicked on

2023-02-22 19:01:10 - [MESSAGE][PASSED] - Object: 'Object Repository/AdminSuiteBootstrap_Pages/VSP_Bootstrap/SearchProfile/button_Search' is clicked on

2023-02-22 19:01:10 - [TEST_STEP][PASSED] - profNameLink = findTestData(dataFile).getValue("ProfileNameLink", row): null

2023-02-22 19:01:10 - [TEST_STEP][PASSED] - click(findTestObject(path_ViewProfile + profNameLink)): Object: 'Object Repository/AdminSuiteBootstrap_Pages/VSP_Bootstrap/View Profile/a_PaymentsPS' is clicked on

2023-02-22 19:01:11 - [MESSAGE][PASSED] - Object: 'Object Repository/AdminSuiteBootstrap_Pages/VSP_Bootstrap/View Profile/a_PaymentsPS' is clicked on

2023-02-22 19:01:11 - [TEST_STEP][PASSED] - click(findTestObject(path_ViewProfile + "a_Debit")): Object: 'Object Repository/AdminSuiteBootstrap_Pages/VSP_Bootstrap/View Profile/a_Debit' is clicked on

2023-02-22 19:01:12 - [MESSAGE][PASSED] - Object: 'Object Repository/AdminSuiteBootstrap_Pages/VSP_Bootstrap/View Profile/a_Debit' is clicked on

2023-02-22 19:01:12 - [TEST_STEP][PASSED] - verifyTextPresent("Remittance ID", true): Text 'Remittance ID' is present on page  using regular expression

2023-02-22 19:01:13 - [MESSAGE][PASSED] - Text 'Remittance ID' is present on page  using regular expression

2023-02-22 19:01:13 - [TEST_STEP][PASSED] - vspBootstrap.ACHDebitPage.setDataACHDebit(row, dataFile): vspBootstrap.ACHDebitPage.setDataACHDebit is PASSED

2023-02-22 19:01:15 - [MESSAGE][PASSED] - All options with value 'TEL' are selected in object 'Object Repository/AdminSuiteBootstrap_Pages/VSP_Bootstrap/VSP_Debit/select_StdEntryClass'  using regular expression

2023-02-22 19:01:15 - [MESSAGE][PASSED] - Text '' is set on object 'Object Repository/AdminSuiteBootstrap_Pages/VSP_Bootstrap/VSP_Debit/input_smsNumber'

2023-02-22 19:01:16 - [MESSAGE][PASSED] - Text '2.50' is set on object 'Object Repository/AdminSuiteBootstrap_Pages/VSP_Bootstrap/VSP_Debit/input_amount'

2023-02-22 19:01:17 - [MESSAGE][PASSED] - Text 'Delhi' is set on object 'Object Repository/AdminSuiteBootstrap_Pages/VSP_Bootstrap/VSP_Debit/input_userDefined1'

2023-02-22 19:01:18 - [MESSAGE][PASSED] - Text 'Chennai' is set on object 'Object Repository/AdminSuiteBootstrap_Pages/VSP_Bootstrap/VSP_Debit/input_userDefined2'

2023-02-22 19:01:18 - [MESSAGE][PASSED] - Text 'Mumbai' is set on object 'Object Repository/AdminSuiteBootstrap_Pages/VSP_Bootstrap/VSP_Debit/input_userDefined3'

2023-02-22 19:01:19 - [MESSAGE][PASSED] - Text 'Kanpur' is set on object 'Object Repository/AdminSuiteBootstrap_Pages/VSP_Bootstrap/VSP_Debit/input_userDefined4'

2023-02-22 19:01:20 - [MESSAGE][PASSED] - All options with label 'Orange' are selected in object 'Object Repository/AdminSuiteBootstrap_Pages/VSP_Bootstrap/VSP_Debit/select_UDF5'  using regular expression

2023-02-22 19:01:21 - [MESSAGE][PASSED] - All options with label 'Yellow' are selected in object 'Object Repository/AdminSuiteBootstrap_Pages/VSP_Bootstrap/VSP_Debit/select_UDF6'  using regular expression

2023-02-22 19:01:22 - [MESSAGE][PASSED] - Text 'Kolkata' is set on object 'Object Repository/AdminSuiteBootstrap_Pages/VSP_Bootstrap/VSP_Debit/input_userDefined7'

2023-02-22 19:01:22 - [MESSAGE][PASSED] - Text 'Pune' is set on object 'Object Repository/AdminSuiteBootstrap_Pages/VSP_Bootstrap/VSP_Debit/input_userDefined8'

2023-02-22 19:01:23 - [MESSAGE][PASSED] - Text 'Bhavnagar' is set on object 'Object Repository/AdminSuiteBootstrap_Pages/VSP_Bootstrap/VSP_Debit/input_userDefined9'

2023-02-22 19:01:24 - [MESSAGE][PASSED] - Text 'Noida' is set on object 'Object Repository/AdminSuiteBootstrap_Pages/VSP_Bootstrap/VSP_Debit/input_userDefined10'

2023-02-22 19:01:25 - [MESSAGE][PASSED] - Object: 'Object Repository/AdminSuiteBootstrap_Pages/VSP_Bootstrap/VSP_Debit/button_Submit' is clicked on

2023-02-22 19:01:25 - [MESSAGE][PASSED] - vspBootstrap.ACHDebitPage.setDataACHDebit is PASSED

2023-02-22 19:01:25 - [TEST_STEP][PASSED] - verifyTextPresent("Transaction Successful", true): Text 'Transaction Successful' is present on page  using regular expression

2023-02-22 19:01:26 - [MESSAGE][PASSED] - Text 'Transaction Successful' is present on page  using regular expression

2023-02-22 19:01:26 - [TEST_STEP][PASSED] - verifyElementVisible(findTestObject("Object Repository/AdminSuiteBootstrap_Pages/VT_Bootstrap/Receipt/button_Continue")): Object 'Object Repository/AdminSuiteBootstrap_Pages/VT_Bootstrap/Receipt/button_Continue' is visible

2023-02-22 19:01:26 - [MESSAGE][PASSED] - Object 'Object Repository/AdminSuiteBootstrap_Pages/VT_Bootstrap/Receipt/button_Continue' is visible

2023-02-22 19:01:26 - [TEST_STEP][PASSED] - verifyElementPresent(findTestObject("Object Repository/AdminSuiteBootstrap_Pages/VT_Bootstrap/Receipt/button_Continue"), 20): Object 'Object Repository/AdminSuiteBootstrap_Pages/VT_Bootstrap/Receipt/button_Continue' is present

2023-02-22 19:01:26 - [MESSAGE][PASSED] - Object 'Object Repository/AdminSuiteBootstrap_Pages/VT_Bootstrap/Receipt/button_Continue' is present

2023-02-22 19:01:26 - [TEST_STEP][PASSED] - verifyElementVisible(findTestObject("Object Repository/AdminSuiteBootstrap_Pages/VT_Bootstrap/Receipt/button_Print")): Object 'Object Repository/AdminSuiteBootstrap_Pages/VT_Bootstrap/Receipt/button_Print' is visible

2023-02-22 19:01:27 - [MESSAGE][PASSED] - Object 'Object Repository/AdminSuiteBootstrap_Pages/VT_Bootstrap/Receipt/button_Print' is visible

2023-02-22 19:01:27 - [TEST_STEP][PASSED] - verifyElementPresent(findTestObject("Object Repository/AdminSuiteBootstrap_Pages/VT_Bootstrap/Receipt/button_Print"), 20): Object 'Object Repository/AdminSuiteBootstrap_Pages/VT_Bootstrap/Receipt/button_Print' is present

2023-02-22 19:01:27 - [MESSAGE][PASSED] - Object 'Object Repository/AdminSuiteBootstrap_Pages/VT_Bootstrap/Receipt/button_Print' is present

2023-02-22 19:01:27 - [TEST_STEP][PASSED] - verifyTextPresent("Remittance ID", true): Text 'Remittance ID' is present on page  using regular expression

2023-02-22 19:01:27 - [MESSAGE][PASSED] - Text 'Remittance ID' is present on page  using regular expression

2023-02-22 19:01:27 - [TEST_STEP][PASSED] - verifyTextPresent("Received", true): Text 'Received' is present on page  using regular expression

2023-02-22 19:01:28 - [MESSAGE][PASSED] - Text 'Received' is present on page  using regular expression

2023-02-22 19:01:28 - [TEST_STEP][PASSED] - verifyTextPresent("UDF1", true): Text 'UDF1' is present on page  using regular expression

2023-02-22 19:01:28 - [MESSAGE][PASSED] - Text 'UDF1' is present on page  using regular expression

2023-02-22 19:01:28 - [TEST_STEP][PASSED] - verifyTextPresent("UDF2", true): Text 'UDF2' is present on page  using regular expression

2023-02-22 19:01:28 - [MESSAGE][PASSED] - Text 'UDF2' is present on page  using regular expression

2023-02-22 19:01:28 - [TEST_STEP][PASSED] - verifyTextPresent("UDF3", true): Text 'UDF3' is present on page  using regular expression

2023-02-22 19:01:29 - [MESSAGE][PASSED] - Text 'UDF3' is present on page  using regular expression

2023-02-22 19:01:29 - [TEST_STEP][PASSED] - verifyTextPresent("UDF4", true): Text 'UDF4' is present on page  using regular expression

2023-02-22 19:01:29 - [MESSAGE][PASSED] - Text 'UDF4' is present on page  using regular expression

2023-02-22 19:01:29 - [TEST_STEP][PASSED] - verifyTextPresent("UDF5", true): Text 'UDF5' is present on page  using regular expression

2023-02-22 19:01:29 - [MESSAGE][PASSED] - Text 'UDF5' is present on page  using regular expression

2023-02-22 19:01:29 - [TEST_STEP][PASSED] - verifyTextPresent("UDF6", true): Text 'UDF6' is present on page  using regular expression

2023-02-22 19:01:30 - [MESSAGE][PASSED] - Text 'UDF6' is present on page  using regular expression

2023-02-22 19:01:30 - [TEST_STEP][PASSED] - verifyTextPresent("UDF7", true): Text 'UDF7' is present on page  using regular expression

2023-02-22 19:01:30 - [MESSAGE][PASSED] - Text 'UDF7' is present on page  using regular expression

2023-02-22 19:01:30 - [TEST_STEP][PASSED] - verifyTextPresent("UDF8", true): Text 'UDF8' is present on page  using regular expression

2023-02-22 19:01:30 - [MESSAGE][PASSED] - Text 'UDF8' is present on page  using regular expression

2023-02-22 19:01:30 - [TEST_STEP][PASSED] - verifyTextPresent("UDF9", true): Text 'UDF9' is present on page  using regular expression

2023-02-22 19:01:31 - [MESSAGE][PASSED] - Text 'UDF9' is present on page  using regular expression

2023-02-22 19:01:31 - [TEST_STEP][PASSED] - verifyTextPresent("UDF 10", true): Text 'UDF 10' is present on page  using regular expression

2023-02-22 19:01:31 - [MESSAGE][PASSED] - Text 'UDF 10' is present on page  using regular expression

2023-02-22 19:01:31 - [TEST_STEP][PASSED] - verifyTextPresent("Delhi", true): Text 'Delhi' is present on page  using regular expression

2023-02-22 19:01:31 - [MESSAGE][PASSED] - Text 'Delhi' is present on page  using regular expression

2023-02-22 19:01:31 - [TEST_STEP][PASSED] - verifyTextPresent("Chennai", true): Text 'Chennai' is present on page  using regular expression

2023-02-22 19:01:32 - [MESSAGE][PASSED] - Text 'Chennai' is present on page  using regular expression

2023-02-22 19:01:32 - [TEST_STEP][PASSED] - verifyTextPresent("Mumbai", true): Text 'Mumbai' is present on page  using regular expression

2023-02-22 19:01:32 - [MESSAGE][PASSED] - Text 'Mumbai' is present on page  using regular expression

2023-02-22 19:01:32 - [TEST_STEP][PASSED] - verifyTextPresent("Kanpur", true): Text 'Kanpur' is present on page  using regular expression

2023-02-22 19:01:32 - [MESSAGE][PASSED] - Text 'Kanpur' is present on page  using regular expression

2023-02-22 19:01:32 - [TEST_STEP][PASSED] - verifyTextPresent("Orange Recorded", true): Text 'Orange Recorded' is present on page  using regular expression

2023-02-22 19:01:33 - [MESSAGE][PASSED] - Text 'Orange Recorded' is present on page  using regular expression

2023-02-22 19:01:33 - [TEST_STEP][PASSED] - verifyTextPresent("Yellow Recorded", true): Text 'Yellow Recorded' is present on page  using regular expression

2023-02-22 19:01:33 - [MESSAGE][PASSED] - Text 'Yellow Recorded' is present on page  using regular expression

2023-02-22 19:01:33 - [TEST_STEP][PASSED] - verifyTextPresent("Kolkata", true): Text 'Kolkata' is present on page  using regular expression

2023-02-22 19:01:33 - [MESSAGE][PASSED] - Text 'Kolkata' is present on page  using regular expression

2023-02-22 19:01:33 - [TEST_STEP][PASSED] - verifyTextPresent("Pune", true): Text 'Pune' is present on page  using regular expression

2023-02-22 19:01:34 - [MESSAGE][PASSED] - Text 'Pune' is present on page  using regular expression

2023-02-22 19:01:34 - [TEST_STEP][PASSED] - verifyTextPresent("Bhavnagar", true): Text 'Bhavnagar' is present on page  using regular expression

2023-02-22 19:01:34 - [MESSAGE][PASSED] - Text 'Bhavnagar' is present on page  using regular expression

2023-02-22 19:01:34 - [TEST_STEP][PASSED] - verifyTextPresent("Noida", true): Text 'Noida' is present on page  using regular expression

2023-02-22 19:01:34 - [MESSAGE][PASSED] - Text 'Noida' is present on page  using regular expression

2023-02-22 19:01:34 - [TEST_STEP][PASSED] - verifyTextPresent("Amount", true): Text 'Amount' is present on page  using regular expression

2023-02-22 19:01:35 - [MESSAGE][PASSED] - Text 'Amount' is present on page  using regular expression

2023-02-22 19:01:35 - [TEST_STEP][PASSED] - verifyTextPresent("2.50", true): Text '2.50' is present on page  using regular expression

2023-02-22 19:01:35 - [MESSAGE][PASSED] - Text '2.50' is present on page  using regular expression

2023-02-22 19:01:35 - [TEST_STEP][PASSED] - verifyTextPresent("Transaction Type", true): Text 'Transaction Type' is present on page  using regular expression

2023-02-22 19:01:35 - [MESSAGE][PASSED] - Text 'Transaction Type' is present on page  using regular expression

2023-02-22 19:01:35 - [TEST_STEP][PASSED] - verifyTextPresent("Debit", true): Text 'Debit' is present on page  using regular expression

2023-02-22 19:01:36 - [MESSAGE][PASSED] - Text 'Debit' is present on page  using regular expression

2023-02-22 19:01:36 - [TEST_STEP][PASSED] - verifyTextPresent("Check Information", true): Text 'Check Information' is present on page  using regular expression

2023-02-22 19:01:36 - [MESSAGE][PASSED] - Text 'Check Information' is present on page  using regular expression

2023-02-22 19:01:36 - [TEST_STEP][PASSED] - verifyTextPresent("Account Type", true): Text 'Account Type' is present on page  using regular expression

2023-02-22 19:01:36 - [MESSAGE][PASSED] - Text 'Account Type' is present on page  using regular expression

2023-02-22 19:01:36 - [TEST_STEP][PASSED] - verifyTextPresent("Account Number", true): Text 'Account Number' is present on page  using regular expression

2023-02-22 19:01:37 - [MESSAGE][PASSED] - Text 'Account Number' is present on page  using regular expression

2023-02-22 19:01:37 - [TEST_STEP][PASSED] - verifyTextPresent("Routing Number", true): Text 'Routing Number' is present on page  using regular expression

2023-02-22 19:01:37 - [MESSAGE][PASSED] - Text 'Routing Number' is present on page  using regular expression

2023-02-22 19:01:37 - [TEST_STEP][PASSED] - verifyTextPresent("Address Line 1", true): Text 'Address Line 1' is present on page  using regular expression

2023-02-22 19:01:37 - [MESSAGE][PASSED] - Text 'Address Line 1' is present on page  using regular expression

2023-02-22 19:01:37 - [TEST_STEP][PASSED] - verifyTextPresent("Address Line 2", true): Text 'Address Line 2' is present on page  using regular expression

2023-02-22 19:01:38 - [MESSAGE][PASSED] - Text 'Address Line 2' is present on page  using regular expression

2023-02-22 19:01:38 - [TEST_STEP][PASSED] - verifyTextPresent("Country", true): Text 'Country' is present on page  using regular expression

2023-02-22 19:01:38 - [MESSAGE][PASSED] - Text 'Country' is present on page  using regular expression

2023-02-22 19:01:38 - [TEST_STEP][PASSED] - verifyTextPresent("City", true): Text 'City' is present on page  using regular expression

2023-02-22 19:01:38 - [MESSAGE][PASSED] - Text 'City' is present on page  using regular expression

2023-02-22 19:01:38 - [TEST_STEP][PASSED] - verifyTextPresent("State", true): Text 'State' is present on page  using regular expression

2023-02-22 19:01:39 - [MESSAGE][PASSED] - Text 'State' is present on page  using regular expression

2023-02-22 19:01:39 - [TEST_STEP][PASSED] - verifyTextPresent("ZIP Code", true): Text 'ZIP Code' is present on page  using regular expression

2023-02-22 19:01:39 - [MESSAGE][PASSED] - Text 'ZIP Code' is present on page  using regular expression

2023-02-22 19:01:39 - [TEST_STEP][PASSED] - verifyTextPresent("248 PhoolKaante road", true): Text '248 PhoolKaante road' is present on page  using regular expression

2023-02-22 19:01:39 - [MESSAGE][PASSED] - Text '248 PhoolKaante road' is present on page  using regular expression

2023-02-22 19:01:39 - [TEST_STEP][PASSED] - verifyTextPresent("Suite 678", true): Text 'Suite 678' is present on page  using regular expression

2023-02-22 19:01:40 - [MESSAGE][PASSED] - Text 'Suite 678' is present on page  using regular expression

2023-02-22 19:01:40 - [TEST_STEP][PASSED] - verifyTextPresent("United States", true): Text 'United States' is present on page  using regular expression

2023-02-22 19:01:40 - [MESSAGE][PASSED] - Text 'United States' is present on page  using regular expression

2023-02-22 19:01:40 - [TEST_STEP][PASSED] - verifyTextPresent("ARLINGTON", true): Text 'ARLINGTON' is present on page  using regular expression

2023-02-22 19:01:40 - [MESSAGE][PASSED] - Text 'ARLINGTON' is present on page  using regular expression

2023-02-22 19:01:40 - [TEST_STEP][PASSED] - verifyTextPresent("Virginia", true): Text 'Virginia' is present on page  using regular expression

2023-02-22 19:01:41 - [MESSAGE][PASSED] - Text 'Virginia' is present on page  using regular expression

2023-02-22 19:01:41 - [TEST_STEP][PASSED] - verifyTextPresent("22201", true): Text '22201' is present on page  using regular expression

2023-02-22 19:01:41 - [MESSAGE][PASSED] - Text '22201' is present on page  using regular expression

2023-02-22 19:01:41 - [TEST_STEP][PASSED] - tranType = findTestData(dataFile).getValue("TranType", row): null

2023-02-22 19:01:41 - [TEST_STEP][PASSED] - last4V = findTestData(dataFile).getValue("Last4", row): null

2023-02-22 19:01:41 - [TEST_STEP][PASSED] - verifyTextPresent(tranType, true): Text 'Savings' is present on page  using regular expression

2023-02-22 19:01:41 - [MESSAGE][PASSED] - Text 'Savings' is present on page  using regular expression

2023-02-22 19:01:41 - [TEST_STEP][PASSED] - verifyTextPresent(last4V, true): Text '3333' is present on page  using regular expression

2023-02-22 19:01:42 - [MESSAGE][PASSED] - Text '3333' is present on page  using regular expression

2023-02-22 19:01:42 - [TEST_STEP][PASSED] - if (profNameLink.equalsIgnoreCase("a_PaymentsPC")): null

2023-02-22 19:01:42 - [TEST_STEP][PASSED] - if (profNameLink.equalsIgnoreCase("a_PaymentsPS")): Text 'TANDON RAVENA' is present on page  using regular expression

2023-02-22 19:01:42 - [TEST_STEP][PASSED] - verifyTextPresent("Name on Account", true): Text 'Name on Account' is present on page  using regular expression

2023-02-22 19:01:42 - [MESSAGE][PASSED] - Text 'Name on Account' is present on page  using regular expression

2023-02-22 19:01:42 - [TEST_STEP][PASSED] - verifyTextPresent("TANDON RAVENA", true): Text 'TANDON RAVENA' is present on page  using regular expression

2023-02-22 19:01:42 - [MESSAGE][PASSED] - Text 'TANDON RAVENA' is present on page  using regular expression

2023-02-22 19:01:42 - [TEST_STEP][PASSED] - if (profNameLink.equalsIgnoreCase("a_PaymentsCorp")): null

2023-02-22 19:01:42 - [TEST_STEP][PASSED] - switch (appName): null

2023-02-22 19:01:42 - [TEST_STEP][PASSED] - case "a_Access AutoSingleCFtpQA":: null

2023-02-22 19:01:42 - [TEST_STEP][PASSED] - verifyTextPresent("5.00", true): Text '5.00' is present on page  using regular expression

2023-02-22 19:01:43 - [MESSAGE][PASSED] - Text '5.00' is present on page  using regular expression

2023-02-22 19:01:43 - [TEST_STEP][PASSED] - verifyTextPresent("Single Transaction", true): Text 'Single Transaction' is present on page  using regular expression

2023-02-22 19:01:43 - [MESSAGE][PASSED] - Text 'Single Transaction' is present on page  using regular expression

2023-02-22 19:01:43 - [TEST_STEP][PASSED] - verifyTextPresent("7.50", true): Text '7.50' is present on page  using regular expression

2023-02-22 19:01:43 - [MESSAGE][PASSED] - Text '7.50' is present on page  using regular expression

2023-02-22 19:01:43 - [TEST_STEP][PASSED] - verifyTextPresent("Total Amount", true): Text 'Total Amount' is present on page  using regular expression

2023-02-22 19:01:44 - [MESSAGE][PASSED] - Text 'Total Amount' is present on page  using regular expression

2023-02-22 19:01:44 - [TEST_STEP][PASSED] - verifyTextPresent("Transaction Type", true): Text 'Transaction Type' is present on page  using regular expression

2023-02-22 19:01:44 - [MESSAGE][PASSED] - Text 'Transaction Type' is present on page  using regular expression

2023-02-22 19:01:44 - [TEST_STEP][PASSED] - break: null

2023-02-22 19:01:44 - [TEST_STEP][PASSED] - closeBrowser(): Browser is closed

2023-02-22 19:01:45 - [MESSAGE][PASSED] - Browser is closed

2023-02-22 19:01:45 - [TEST_STEP][PASSED] - ExecuteTC = findTestData(dataFile).getValue("Execute", row): null

2023-02-22 19:01:45 - [TEST_STEP][PASSED] - out.println("Value of Execute is : " + ExecuteTC): null

2023-02-22 19:01:45 - [TEST_STEP][PASSED] - switch (executionProfile): null

2023-02-22 19:01:45 - [TEST_STEP][PASSED] - case "QAProfile":: null

2023-02-22 19:01:45 - [TEST_STEP][PASSED] - appName = findTestData(dataFile).getValue("AppNameQA", row): null

2023-02-22 19:01:45 - [TEST_STEP][PASSED] - appID = findTestData(dataFile).getValue("AppIDQA", row): null

2023-02-22 19:01:45 - [TEST_STEP][PASSED] - break: null

2023-02-22 19:01:45 - [TEST_STEP][PASSED] - if (ExecuteTC.equalsIgnoreCase("Y")): null

2023-02-22 19:01:45 - [TEST_STEP][PASSED] - out.println("Begin Record Number: " + row): null

2023-02-22 19:01:45 - [TEST_STEP][PASSED] - today = new java.util.Date(): null

2023-02-22 19:01:45 - [TEST_STEP][PASSED] - println(today): null

2023-02-22 19:01:45 - [TEST_STEP][PASSED] - datText = today: null

2023-02-22 19:01:45 - [TEST_STEP][PASSED] - adminSuiteBootstrap.loginFunctionality.login_AdminSuite(): adminSuiteBootstrap.loginFunctionality.login_AdminSuite is PASSED

2023-02-22 19:01:45 - [MESSAGE][INFO] - Starting 'Chrome' driver

2023-02-22 19:01:45 - [MESSAGE][INFO] - User set preference: ['acceptInsecureCerts', 'true']

2023-02-22 19:01:45 - [MESSAGE][INFO] - Action delay is set to 0 milliseconds

2023-02-22 19:01:47 - [MESSAGE][PASSED] - Browser is opened with url: 'https://qa.velocitypayment.com/admin/imtiaz'

2023-02-22 19:01:48 - [MESSAGE][PASSED] - Current window maximized

2023-02-22 19:01:48 - [MESSAGE][PASSED] - Object 'Object Repository/Login_Page/Login_Username' is present

2023-02-22 19:01:49 - [MESSAGE][PASSED] - Text 'iahmed' is set on object 'Object Repository/Login_Page/Login_Username'

2023-02-22 19:01:49 - [MESSAGE][PASSED] - Text 'hello2222' is set on object 'Object Repository/Login_Page/Login_Password'

2023-02-22 19:01:52 - [MESSAGE][PASSED] - Object: 'Object Repository/Login_Page/Login_Submit' is clicked on

2023-02-22 19:01:52 - [MESSAGE][PASSED] - adminSuiteBootstrap.loginFunctionality.login_AdminSuite is PASSED

2023-02-22 19:01:52 - [TEST_STEP][PASSED] - click(findTestObject(path_Dashboard + appName)): Object: 'Object Repository/AdminSuiteBootstrap_Pages/Dashboard_Bootstrap/a_Access AutoSingleCFtpQA' is clicked on

2023-02-22 19:01:53 - [MESSAGE][PASSED] - Object: 'Object Repository/AdminSuiteBootstrap_Pages/Dashboard_Bootstrap/a_Access AutoSingleCFtpQA' is clicked on

2023-02-22 19:01:53 - [TEST_STEP][PASSED] - click(findTestObject(path_VT + "a_Find Profile")): Object: 'Object Repository/AdminSuiteBootstrap_Pages/VT_Bootstrap/IssueTransactions/a_Find Profile' is clicked on

2023-02-22 19:01:53 - [MESSAGE][PASSED] - Object: 'Object Repository/AdminSuiteBootstrap_Pages/VT_Bootstrap/IssueTransactions/a_Find Profile' is clicked on

2023-02-22 19:01:53 - [TEST_STEP][PASSED] - criteria = <not implemented yet for class: org.codehaus.groovy.ast.expr.EmptyExpression>: null

2023-02-22 19:01:53 - [TEST_STEP][PASSED] - searchBy = <not implemented yet for class: org.codehaus.groovy.ast.expr.EmptyExpression>: null

2023-02-22 19:01:53 - [TEST_STEP][PASSED] - criteria = findTestData(dataFile).getValue("ProfileName", row): null

2023-02-22 19:01:54 - [TEST_STEP][PASSED] - path_SearchProfile = "Object Repository/AdminSuiteBootstrap_Pages/VSP_Bootstrap/SearchProfile/": null

2023-02-22 19:01:54 - [TEST_STEP][PASSED] - setText(findTestObject(path_SearchProfile + "input_Criteria"), criteria): Text 'PaymentsCorp' is set on object 'Object Repository/AdminSuiteBootstrap_Pages/VSP_Bootstrap/SearchProfile/input_Criteria'

2023-02-22 19:01:54 - [MESSAGE][PASSED] - Text 'PaymentsCorp' is set on object 'Object Repository/AdminSuiteBootstrap_Pages/VSP_Bootstrap/SearchProfile/input_Criteria'

2023-02-22 19:01:54 - [TEST_STEP][PASSED] - click(findTestObject(path_SearchProfile + "button_Search")): Object: 'Object Repository/AdminSuiteBootstrap_Pages/VSP_Bootstrap/SearchProfile/button_Search' is clicked on

2023-02-22 19:01:55 - [MESSAGE][PASSED] - Object: 'Object Repository/AdminSuiteBootstrap_Pages/VSP_Bootstrap/SearchProfile/button_Search' is clicked on

2023-02-22 19:01:55 - [TEST_STEP][PASSED] - profNameLink = findTestData(dataFile).getValue("ProfileNameLink", row): null

2023-02-22 19:01:55 - [TEST_STEP][PASSED] - click(findTestObject(path_ViewProfile + profNameLink)): Object: 'Object Repository/AdminSuiteBootstrap_Pages/VSP_Bootstrap/View Profile/a_PaymentsCorp' is clicked on

2023-02-22 19:01:57 - [MESSAGE][PASSED] - Object: 'Object Repository/AdminSuiteBootstrap_Pages/VSP_Bootstrap/View Profile/a_PaymentsCorp' is clicked on

2023-02-22 19:01:57 - [TEST_STEP][PASSED] - click(findTestObject(path_ViewProfile + "a_Debit")): Object: 'Object Repository/AdminSuiteBootstrap_Pages/VSP_Bootstrap/View Profile/a_Debit' is clicked on

2023-02-22 19:01:58 - [MESSAGE][PASSED] - Object: 'Object Repository/AdminSuiteBootstrap_Pages/VSP_Bootstrap/View Profile/a_Debit' is clicked on

2023-02-22 19:01:58 - [TEST_STEP][PASSED] - verifyTextPresent("Remittance ID", true): Text 'Remittance ID' is present on page  using regular expression

2023-02-22 19:01:59 - [MESSAGE][PASSED] - Text 'Remittance ID' is present on page  using regular expression

2023-02-22 19:01:59 - [TEST_STEP][PASSED] - vspBootstrap.ACHDebitPage.setDataACHDebit(row, dataFile): vspBootstrap.ACHDebitPage.setDataACHDebit is PASSED

2023-02-22 19:02:00 - [MESSAGE][PASSED] - All options with value 'CCD' are selected in object 'Object Repository/AdminSuiteBootstrap_Pages/VSP_Bootstrap/VSP_Debit/select_StdEntryClass'  using regular expression

2023-02-22 19:02:01 - [MESSAGE][PASSED] - Text '' is set on object 'Object Repository/AdminSuiteBootstrap_Pages/VSP_Bootstrap/VSP_Debit/input_smsNumber'

2023-02-22 19:02:01 - [MESSAGE][PASSED] - Text '2.50' is set on object 'Object Repository/AdminSuiteBootstrap_Pages/VSP_Bootstrap/VSP_Debit/input_amount'

2023-02-22 19:02:02 - [MESSAGE][PASSED] - Text '123456789' is set on object 'Object Repository/AdminSuiteBootstrap_Pages/VSP_Bootstrap/VSP_Debit/input_ein'

2023-02-22 19:02:03 - [MESSAGE][PASSED] - Text 'Delhi' is set on object 'Object Repository/AdminSuiteBootstrap_Pages/VSP_Bootstrap/VSP_Debit/input_userDefined1'

2023-02-22 19:02:04 - [MESSAGE][PASSED] - Text 'Chennai' is set on object 'Object Repository/AdminSuiteBootstrap_Pages/VSP_Bootstrap/VSP_Debit/input_userDefined2'

2023-02-22 19:02:04 - [MESSAGE][PASSED] - Text 'Mumbai' is set on object 'Object Repository/AdminSuiteBootstrap_Pages/VSP_Bootstrap/VSP_Debit/input_userDefined3'

2023-02-22 19:02:05 - [MESSAGE][PASSED] - Text 'Kanpur' is set on object 'Object Repository/AdminSuiteBootstrap_Pages/VSP_Bootstrap/VSP_Debit/input_userDefined4'

2023-02-22 19:02:06 - [MESSAGE][PASSED] - All options with label 'Orange' are selected in object 'Object Repository/AdminSuiteBootstrap_Pages/VSP_Bootstrap/VSP_Debit/select_UDF5'  using regular expression

2023-02-22 19:02:07 - [MESSAGE][PASSED] - All options with label 'Yellow' are selected in object 'Object Repository/AdminSuiteBootstrap_Pages/VSP_Bootstrap/VSP_Debit/select_UDF6'  using regular expression

2023-02-22 19:02:08 - [MESSAGE][PASSED] - Text 'Kolkata' is set on object 'Object Repository/AdminSuiteBootstrap_Pages/VSP_Bootstrap/VSP_Debit/input_userDefined7'

2023-02-22 19:02:08 - [MESSAGE][PASSED] - Text 'Pune' is set on object 'Object Repository/AdminSuiteBootstrap_Pages/VSP_Bootstrap/VSP_Debit/input_userDefined8'

2023-02-22 19:02:09 - [MESSAGE][PASSED] - Text 'Bhavnagar' is set on object 'Object Repository/AdminSuiteBootstrap_Pages/VSP_Bootstrap/VSP_Debit/input_userDefined9'

2023-02-22 19:02:10 - [MESSAGE][PASSED] - Text 'Noida' is set on object 'Object Repository/AdminSuiteBootstrap_Pages/VSP_Bootstrap/VSP_Debit/input_userDefined10'

2023-02-22 19:02:11 - [MESSAGE][PASSED] - Object: 'Object Repository/AdminSuiteBootstrap_Pages/VSP_Bootstrap/VSP_Debit/button_Submit' is clicked on

2023-02-22 19:02:11 - [MESSAGE][PASSED] - vspBootstrap.ACHDebitPage.setDataACHDebit is PASSED

2023-02-22 19:02:11 - [TEST_STEP][PASSED] - verifyTextPresent("Transaction Successful", true): Text 'Transaction Successful' is present on page  using regular expression

2023-02-22 19:02:12 - [MESSAGE][PASSED] - Text 'Transaction Successful' is present on page  using regular expression

2023-02-22 19:02:12 - [TEST_STEP][PASSED] - verifyElementVisible(findTestObject("Object Repository/AdminSuiteBootstrap_Pages/VT_Bootstrap/Receipt/button_Continue")): Object 'Object Repository/AdminSuiteBootstrap_Pages/VT_Bootstrap/Receipt/button_Continue' is visible

2023-02-22 19:02:12 - [MESSAGE][PASSED] - Object 'Object Repository/AdminSuiteBootstrap_Pages/VT_Bootstrap/Receipt/button_Continue' is visible

2023-02-22 19:02:12 - [TEST_STEP][PASSED] - verifyElementPresent(findTestObject("Object Repository/AdminSuiteBootstrap_Pages/VT_Bootstrap/Receipt/button_Continue"), 20): Object 'Object Repository/AdminSuiteBootstrap_Pages/VT_Bootstrap/Receipt/button_Continue' is present

2023-02-22 19:02:13 - [MESSAGE][PASSED] - Object 'Object Repository/AdminSuiteBootstrap_Pages/VT_Bootstrap/Receipt/button_Continue' is present

2023-02-22 19:02:13 - [TEST_STEP][PASSED] - verifyElementVisible(findTestObject("Object Repository/AdminSuiteBootstrap_Pages/VT_Bootstrap/Receipt/button_Print")): Object 'Object Repository/AdminSuiteBootstrap_Pages/VT_Bootstrap/Receipt/button_Print' is visible

2023-02-22 19:02:13 - [MESSAGE][PASSED] - Object 'Object Repository/AdminSuiteBootstrap_Pages/VT_Bootstrap/Receipt/button_Print' is visible

2023-02-22 19:02:13 - [TEST_STEP][PASSED] - verifyElementPresent(findTestObject("Object Repository/AdminSuiteBootstrap_Pages/VT_Bootstrap/Receipt/button_Print"), 20): Object 'Object Repository/AdminSuiteBootstrap_Pages/VT_Bootstrap/Receipt/button_Print' is present

2023-02-22 19:02:13 - [MESSAGE][PASSED] - Object 'Object Repository/AdminSuiteBootstrap_Pages/VT_Bootstrap/Receipt/button_Print' is present

2023-02-22 19:02:13 - [TEST_STEP][PASSED] - verifyTextPresent("Remittance ID", true): Text 'Remittance ID' is present on page  using regular expression

2023-02-22 19:02:14 - [MESSAGE][PASSED] - Text 'Remittance ID' is present on page  using regular expression

2023-02-22 19:02:14 - [TEST_STEP][PASSED] - verifyTextPresent("Received", true): Text 'Received' is present on page  using regular expression

2023-02-22 19:02:14 - [MESSAGE][PASSED] - Text 'Received' is present on page  using regular expression

2023-02-22 19:02:14 - [TEST_STEP][PASSED] - verifyTextPresent("UDF1", true): Text 'UDF1' is present on page  using regular expression

2023-02-22 19:02:14 - [MESSAGE][PASSED] - Text 'UDF1' is present on page  using regular expression

2023-02-22 19:02:14 - [TEST_STEP][PASSED] - verifyTextPresent("UDF2", true): Text 'UDF2' is present on page  using regular expression

2023-02-22 19:02:15 - [MESSAGE][PASSED] - Text 'UDF2' is present on page  using regular expression

2023-02-22 19:02:15 - [TEST_STEP][PASSED] - verifyTextPresent("UDF3", true): Text 'UDF3' is present on page  using regular expression

2023-02-22 19:02:15 - [MESSAGE][PASSED] - Text 'UDF3' is present on page  using regular expression

2023-02-22 19:02:15 - [TEST_STEP][PASSED] - verifyTextPresent("UDF4", true): Text 'UDF4' is present on page  using regular expression

2023-02-22 19:02:15 - [MESSAGE][PASSED] - Text 'UDF4' is present on page  using regular expression

2023-02-22 19:02:15 - [TEST_STEP][PASSED] - verifyTextPresent("UDF5", true): Text 'UDF5' is present on page  using regular expression

2023-02-22 19:02:16 - [MESSAGE][PASSED] - Text 'UDF5' is present on page  using regular expression

2023-02-22 19:02:16 - [TEST_STEP][PASSED] - verifyTextPresent("UDF6", true): Text 'UDF6' is present on page  using regular expression

2023-02-22 19:02:16 - [MESSAGE][PASSED] - Text 'UDF6' is present on page  using regular expression

2023-02-22 19:02:16 - [TEST_STEP][PASSED] - verifyTextPresent("UDF7", true): Text 'UDF7' is present on page  using regular expression

2023-02-22 19:02:16 - [MESSAGE][PASSED] - Text 'UDF7' is present on page  using regular expression

2023-02-22 19:02:16 - [TEST_STEP][PASSED] - verifyTextPresent("UDF8", true): Text 'UDF8' is present on page  using regular expression

2023-02-22 19:02:17 - [MESSAGE][PASSED] - Text 'UDF8' is present on page  using regular expression

2023-02-22 19:02:17 - [TEST_STEP][PASSED] - verifyTextPresent("UDF9", true): Text 'UDF9' is present on page  using regular expression

2023-02-22 19:02:17 - [MESSAGE][PASSED] - Text 'UDF9' is present on page  using regular expression

2023-02-22 19:02:17 - [TEST_STEP][PASSED] - verifyTextPresent("UDF 10", true): Text 'UDF 10' is present on page  using regular expression

2023-02-22 19:02:17 - [MESSAGE][PASSED] - Text 'UDF 10' is present on page  using regular expression

2023-02-22 19:02:17 - [TEST_STEP][PASSED] - verifyTextPresent("Delhi", true): Text 'Delhi' is present on page  using regular expression

2023-02-22 19:02:18 - [MESSAGE][PASSED] - Text 'Delhi' is present on page  using regular expression

2023-02-22 19:02:18 - [TEST_STEP][PASSED] - verifyTextPresent("Chennai", true): Text 'Chennai' is present on page  using regular expression

2023-02-22 19:02:18 - [MESSAGE][PASSED] - Text 'Chennai' is present on page  using regular expression

2023-02-22 19:02:18 - [TEST_STEP][PASSED] - verifyTextPresent("Mumbai", true): Text 'Mumbai' is present on page  using regular expression

2023-02-22 19:02:18 - [MESSAGE][PASSED] - Text 'Mumbai' is present on page  using regular expression

2023-02-22 19:02:18 - [TEST_STEP][PASSED] - verifyTextPresent("Kanpur", true): Text 'Kanpur' is present on page  using regular expression

2023-02-22 19:02:19 - [MESSAGE][PASSED] - Text 'Kanpur' is present on page  using regular expression

2023-02-22 19:02:19 - [TEST_STEP][PASSED] - verifyTextPresent("Orange Recorded", true): Text 'Orange Recorded' is present on page  using regular expression

2023-02-22 19:02:19 - [MESSAGE][PASSED] - Text 'Orange Recorded' is present on page  using regular expression

2023-02-22 19:02:19 - [TEST_STEP][PASSED] - verifyTextPresent("Yellow Recorded", true): Text 'Yellow Recorded' is present on page  using regular expression

2023-02-22 19:02:19 - [MESSAGE][PASSED] - Text 'Yellow Recorded' is present on page  using regular expression

2023-02-22 19:02:19 - [TEST_STEP][PASSED] - verifyTextPresent("Kolkata", true): Text 'Kolkata' is present on page  using regular expression

2023-02-22 19:02:20 - [MESSAGE][PASSED] - Text 'Kolkata' is present on page  using regular expression

2023-02-22 19:02:20 - [TEST_STEP][PASSED] - verifyTextPresent("Pune", true): Text 'Pune' is present on page  using regular expression

2023-02-22 19:02:20 - [MESSAGE][PASSED] - Text 'Pune' is present on page  using regular expression

2023-02-22 19:02:20 - [TEST_STEP][PASSED] - verifyTextPresent("Bhavnagar", true): Text 'Bhavnagar' is present on page  using regular expression

2023-02-22 19:02:20 - [MESSAGE][PASSED] - Text 'Bhavnagar' is present on page  using regular expression

2023-02-22 19:02:20 - [TEST_STEP][PASSED] - verifyTextPresent("Noida", true): Text 'Noida' is present on page  using regular expression

2023-02-22 19:02:21 - [MESSAGE][PASSED] - Text 'Noida' is present on page  using regular expression

2023-02-22 19:02:21 - [TEST_STEP][PASSED] - verifyTextPresent("Amount", true): Text 'Amount' is present on page  using regular expression

2023-02-22 19:02:21 - [MESSAGE][PASSED] - Text 'Amount' is present on page  using regular expression

2023-02-22 19:02:21 - [TEST_STEP][PASSED] - verifyTextPresent("2.50", true): Text '2.50' is present on page  using regular expression

2023-02-22 19:02:21 - [MESSAGE][PASSED] - Text '2.50' is present on page  using regular expression

2023-02-22 19:02:21 - [TEST_STEP][PASSED] - verifyTextPresent("Transaction Type", true): Text 'Transaction Type' is present on page  using regular expression

2023-02-22 19:02:22 - [MESSAGE][PASSED] - Text 'Transaction Type' is present on page  using regular expression

2023-02-22 19:02:22 - [TEST_STEP][PASSED] - verifyTextPresent("Debit", true): Text 'Debit' is present on page  using regular expression

2023-02-22 19:02:22 - [MESSAGE][PASSED] - Text 'Debit' is present on page  using regular expression

2023-02-22 19:02:22 - [TEST_STEP][PASSED] - verifyTextPresent("Check Information", true): Text 'Check Information' is present on page  using regular expression

2023-02-22 19:02:22 - [MESSAGE][PASSED] - Text 'Check Information' is present on page  using regular expression

2023-02-22 19:02:22 - [TEST_STEP][PASSED] - verifyTextPresent("Account Type", true): Text 'Account Type' is present on page  using regular expression

2023-02-22 19:02:23 - [MESSAGE][PASSED] - Text 'Account Type' is present on page  using regular expression

2023-02-22 19:02:23 - [TEST_STEP][PASSED] - verifyTextPresent("Account Number", true): Text 'Account Number' is present on page  using regular expression

2023-02-22 19:02:23 - [MESSAGE][PASSED] - Text 'Account Number' is present on page  using regular expression

2023-02-22 19:02:23 - [TEST_STEP][PASSED] - verifyTextPresent("Routing Number", true): Text 'Routing Number' is present on page  using regular expression

2023-02-22 19:02:23 - [MESSAGE][PASSED] - Text 'Routing Number' is present on page  using regular expression

2023-02-22 19:02:23 - [TEST_STEP][PASSED] - verifyTextPresent("Address Line 1", true): Text 'Address Line 1' is present on page  using regular expression

2023-02-22 19:02:24 - [MESSAGE][PASSED] - Text 'Address Line 1' is present on page  using regular expression

2023-02-22 19:02:24 - [TEST_STEP][PASSED] - verifyTextPresent("Address Line 2", true): Text 'Address Line 2' is present on page  using regular expression

2023-02-22 19:02:24 - [MESSAGE][PASSED] - Text 'Address Line 2' is present on page  using regular expression

2023-02-22 19:02:24 - [TEST_STEP][PASSED] - verifyTextPresent("Country", true): Text 'Country' is present on page  using regular expression

2023-02-22 19:02:24 - [MESSAGE][PASSED] - Text 'Country' is present on page  using regular expression

2023-02-22 19:02:24 - [TEST_STEP][PASSED] - verifyTextPresent("City", true): Text 'City' is present on page  using regular expression

2023-02-22 19:02:25 - [MESSAGE][PASSED] - Text 'City' is present on page  using regular expression

2023-02-22 19:02:25 - [TEST_STEP][PASSED] - verifyTextPresent("State", true): Text 'State' is present on page  using regular expression

2023-02-22 19:02:25 - [MESSAGE][PASSED] - Text 'State' is present on page  using regular expression

2023-02-22 19:02:25 - [TEST_STEP][PASSED] - verifyTextPresent("ZIP Code", true): Text 'ZIP Code' is present on page  using regular expression

2023-02-22 19:02:25 - [MESSAGE][PASSED] - Text 'ZIP Code' is present on page  using regular expression

2023-02-22 19:02:25 - [TEST_STEP][PASSED] - verifyTextPresent("248 PhoolKaante road", true): Text '248 PhoolKaante road' is present on page  using regular expression

2023-02-22 19:02:26 - [MESSAGE][PASSED] - Text '248 PhoolKaante road' is present on page  using regular expression

2023-02-22 19:02:26 - [TEST_STEP][PASSED] - verifyTextPresent("Suite 678", true): Text 'Suite 678' is present on page  using regular expression

2023-02-22 19:02:26 - [MESSAGE][PASSED] - Text 'Suite 678' is present on page  using regular expression

2023-02-22 19:02:26 - [TEST_STEP][PASSED] - verifyTextPresent("United States", true): Text 'United States' is present on page  using regular expression

2023-02-22 19:02:26 - [MESSAGE][PASSED] - Text 'United States' is present on page  using regular expression

2023-02-22 19:02:26 - [TEST_STEP][PASSED] - verifyTextPresent("ARLINGTON", true): Text 'ARLINGTON' is present on page  using regular expression

2023-02-22 19:02:27 - [MESSAGE][PASSED] - Text 'ARLINGTON' is present on page  using regular expression

2023-02-22 19:02:27 - [TEST_STEP][PASSED] - verifyTextPresent("Virginia", true): Text 'Virginia' is present on page  using regular expression

2023-02-22 19:02:27 - [MESSAGE][PASSED] - Text 'Virginia' is present on page  using regular expression

2023-02-22 19:02:27 - [TEST_STEP][PASSED] - verifyTextPresent("22201", true): Text '22201' is present on page  using regular expression

2023-02-22 19:02:27 - [MESSAGE][PASSED] - Text '22201' is present on page  using regular expression

2023-02-22 19:02:27 - [TEST_STEP][PASSED] - tranType = findTestData(dataFile).getValue("TranType", row): null

2023-02-22 19:02:27 - [TEST_STEP][PASSED] - last4V = findTestData(dataFile).getValue("Last4", row): null

2023-02-22 19:02:27 - [TEST_STEP][PASSED] - verifyTextPresent(tranType, true): Text 'Checking' is present on page  using regular expression

2023-02-22 19:02:28 - [MESSAGE][PASSED] - Text 'Checking' is present on page  using regular expression

2023-02-22 19:02:28 - [TEST_STEP][PASSED] - verifyTextPresent(last4V, true): Text '4444' is present on page  using regular expression

2023-02-22 19:02:28 - [MESSAGE][PASSED] - Text '4444' is present on page  using regular expression

2023-02-22 19:02:28 - [TEST_STEP][PASSED] - if (profNameLink.equalsIgnoreCase("a_PaymentsPC")): null

2023-02-22 19:02:28 - [TEST_STEP][PASSED] - if (profNameLink.equalsIgnoreCase("a_PaymentsPS")): null

2023-02-22 19:02:28 - [TEST_STEP][PASSED] - if (profNameLink.equalsIgnoreCase("a_PaymentsCorp")): Text '123456789' is present on page  using regular expression

2023-02-22 19:02:28 - [TEST_STEP][PASSED] - verifyTextPresent("Employer Identification Number", true): Text 'Employer Identification Number' is present on page  using regular expression

2023-02-22 19:02:28 - [MESSAGE][PASSED] - Text 'Employer Identification Number' is present on page  using regular expression

2023-02-22 19:02:28 - [TEST_STEP][PASSED] - verifyTextPresent("EIN", true): Text 'EIN' is present on page  using regular expression

2023-02-22 19:02:29 - [MESSAGE][PASSED] - Text 'EIN' is present on page  using regular expression

2023-02-22 19:02:29 - [TEST_STEP][PASSED] - verifyTextPresent("123456789", true): Text '123456789' is present on page  using regular expression

2023-02-22 19:02:29 - [MESSAGE][PASSED] - Text '123456789' is present on page  using regular expression

2023-02-22 19:02:29 - [TEST_STEP][PASSED] - switch (appName): null

2023-02-22 19:02:29 - [TEST_STEP][PASSED] - case "a_Access AutoSingleCFtpQA":: null

2023-02-22 19:02:29 - [TEST_STEP][PASSED] - verifyTextPresent("5.00", true): Text '5.00' is present on page  using regular expression

2023-02-22 19:02:29 - [MESSAGE][PASSED] - Text '5.00' is present on page  using regular expression

2023-02-22 19:02:29 - [TEST_STEP][PASSED] - verifyTextPresent("Single Transaction", true): Text 'Single Transaction' is present on page  using regular expression

2023-02-22 19:02:29 - [MESSAGE][PASSED] - Text 'Single Transaction' is present on page  using regular expression

2023-02-22 19:02:29 - [TEST_STEP][PASSED] - verifyTextPresent("7.50", true): Text '7.50' is present on page  using regular expression

2023-02-22 19:02:30 - [MESSAGE][PASSED] - Text '7.50' is present on page  using regular expression

2023-02-22 19:02:30 - [TEST_STEP][PASSED] - verifyTextPresent("Total Amount", true): Text 'Total Amount' is present on page  using regular expression

2023-02-22 19:02:30 - [MESSAGE][PASSED] - Text 'Total Amount' is present on page  using regular expression

2023-02-22 19:02:30 - [TEST_STEP][PASSED] - verifyTextPresent("Transaction Type", true): Text 'Transaction Type' is present on page  using regular expression

2023-02-22 19:02:31 - [MESSAGE][PASSED] - Text 'Transaction Type' is present on page  using regular expression

2023-02-22 19:02:31 - [TEST_STEP][PASSED] - break: null

2023-02-22 19:02:31 - [TEST_STEP][PASSED] - closeBrowser(): Browser is closed

2023-02-22 19:02:31 - [MESSAGE][PASSED] - Browser is closed

2023-02-22 19:02:31 - [TEST_STEP][PASSED] - ExecuteTC = findTestData(dataFile).getValue("Execute", row): null

2023-02-22 19:02:31 - [TEST_STEP][PASSED] - out.println("Value of Execute is : " + ExecuteTC): null

2023-02-22 19:02:31 - [TEST_STEP][PASSED] - switch (executionProfile): null

2023-02-22 19:02:31 - [TEST_STEP][PASSED] - case "QAProfile":: null

2023-02-22 19:02:31 - [TEST_STEP][PASSED] - appName = findTestData(dataFile).getValue("AppNameQA", row): null

2023-02-22 19:02:31 - [TEST_STEP][PASSED] - appID = findTestData(dataFile).getValue("AppIDQA", row): null

2023-02-22 19:02:32 - [TEST_STEP][PASSED] - break: null

2023-02-22 19:02:32 - [TEST_STEP][PASSED] - if (ExecuteTC.equalsIgnoreCase("Y")): null

2023-02-22 19:02:32 - [TEST_STEP][PASSED] - out.println("Begin Record Number: " + row): null

2023-02-22 19:02:32 - [TEST_STEP][PASSED] - today = new java.util.Date(): null

2023-02-22 19:02:32 - [TEST_STEP][PASSED] - println(today): null

2023-02-22 19:02:32 - [TEST_STEP][PASSED] - datText = today: null

2023-02-22 19:02:32 - [TEST_STEP][PASSED] - adminSuiteBootstrap.loginFunctionality.login_AdminSuite(): adminSuiteBootstrap.loginFunctionality.login_AdminSuite is PASSED

2023-02-22 19:02:32 - [MESSAGE][INFO] - Starting 'Chrome' driver

2023-02-22 19:02:32 - [MESSAGE][INFO] - User set preference: ['acceptInsecureCerts', 'true']

2023-02-22 19:02:32 - [MESSAGE][INFO] - Action delay is set to 0 milliseconds

2023-02-22 19:02:34 - [MESSAGE][PASSED] - Browser is opened with url: 'https://qa.velocitypayment.com/admin/imtiaz'

2023-02-22 19:02:34 - [MESSAGE][PASSED] - Current window maximized

2023-02-22 19:02:35 - [MESSAGE][PASSED] - Object 'Object Repository/Login_Page/Login_Username' is present

2023-02-22 19:02:35 - [MESSAGE][PASSED] - Text 'iahmed' is set on object 'Object Repository/Login_Page/Login_Username'

2023-02-22 19:02:36 - [MESSAGE][PASSED] - Text 'hello2222' is set on object 'Object Repository/Login_Page/Login_Password'

2023-02-22 19:02:40 - [MESSAGE][PASSED] - Object: 'Object Repository/Login_Page/Login_Submit' is clicked on

2023-02-22 19:02:40 - [MESSAGE][PASSED] - adminSuiteBootstrap.loginFunctionality.login_AdminSuite is PASSED

2023-02-22 19:02:40 - [TEST_STEP][PASSED] - click(findTestObject(path_Dashboard + appName)): Object: 'Object Repository/AdminSuiteBootstrap_Pages/Dashboard_Bootstrap/a_Access AutoDualCFtpQA' is clicked on

2023-02-22 19:02:41 - [MESSAGE][PASSED] - Object: 'Object Repository/AdminSuiteBootstrap_Pages/Dashboard_Bootstrap/a_Access AutoDualCFtpQA' is clicked on

2023-02-22 19:02:41 - [TEST_STEP][PASSED] - click(findTestObject(path_VT + "a_Find Profile")): Object: 'Object Repository/AdminSuiteBootstrap_Pages/VT_Bootstrap/IssueTransactions/a_Find Profile' is clicked on

2023-02-22 19:02:41 - [MESSAGE][PASSED] - Object: 'Object Repository/AdminSuiteBootstrap_Pages/VT_Bootstrap/IssueTransactions/a_Find Profile' is clicked on

2023-02-22 19:02:41 - [TEST_STEP][PASSED] - criteria = <not implemented yet for class: org.codehaus.groovy.ast.expr.EmptyExpression>: null

2023-02-22 19:02:41 - [TEST_STEP][PASSED] - searchBy = <not implemented yet for class: org.codehaus.groovy.ast.expr.EmptyExpression>: null

2023-02-22 19:02:41 - [TEST_STEP][PASSED] - criteria = findTestData(dataFile).getValue("ProfileName", row): null

2023-02-22 19:02:41 - [TEST_STEP][PASSED] - path_SearchProfile = "Object Repository/AdminSuiteBootstrap_Pages/VSP_Bootstrap/SearchProfile/": null

2023-02-22 19:02:41 - [TEST_STEP][PASSED] - setText(findTestObject(path_SearchProfile + "input_Criteria"), criteria): Text 'PaymentsPC' is set on object 'Object Repository/AdminSuiteBootstrap_Pages/VSP_Bootstrap/SearchProfile/input_Criteria'

2023-02-22 19:02:42 - [MESSAGE][PASSED] - Text 'PaymentsPC' is set on object 'Object Repository/AdminSuiteBootstrap_Pages/VSP_Bootstrap/SearchProfile/input_Criteria'

2023-02-22 19:02:42 - [TEST_STEP][PASSED] - click(findTestObject(path_SearchProfile + "button_Search")): Object: 'Object Repository/AdminSuiteBootstrap_Pages/VSP_Bootstrap/SearchProfile/button_Search' is clicked on

2023-02-22 19:02:43 - [MESSAGE][PASSED] - Object: 'Object Repository/AdminSuiteBootstrap_Pages/VSP_Bootstrap/SearchProfile/button_Search' is clicked on

2023-02-22 19:02:43 - [TEST_STEP][PASSED] - profNameLink = findTestData(dataFile).getValue("ProfileNameLink", row): null

2023-02-22 19:02:43 - [TEST_STEP][PASSED] - click(findTestObject(path_ViewProfile + profNameLink)): Object: 'Object Repository/AdminSuiteBootstrap_Pages/VSP_Bootstrap/View Profile/a_PaymentsPC' is clicked on

2023-02-22 19:02:44 - [MESSAGE][PASSED] - Object: 'Object Repository/AdminSuiteBootstrap_Pages/VSP_Bootstrap/View Profile/a_PaymentsPC' is clicked on

2023-02-22 19:02:44 - [TEST_STEP][PASSED] - click(findTestObject(path_ViewProfile + "a_Debit")): Object: 'Object Repository/AdminSuiteBootstrap_Pages/VSP_Bootstrap/View Profile/a_Debit' is clicked on

2023-02-22 19:02:45 - [MESSAGE][PASSED] - Object: 'Object Repository/AdminSuiteBootstrap_Pages/VSP_Bootstrap/View Profile/a_Debit' is clicked on

2023-02-22 19:02:45 - [TEST_STEP][PASSED] - verifyTextPresent("Remittance ID", true): Text 'Remittance ID' is present on page  using regular expression

2023-02-22 19:02:46 - [MESSAGE][PASSED] - Text 'Remittance ID' is present on page  using regular expression

2023-02-22 19:02:46 - [TEST_STEP][PASSED] - vspBootstrap.ACHDebitPage.setDataACHDebit(row, dataFile): vspBootstrap.ACHDebitPage.setDataACHDebit is PASSED

2023-02-22 19:02:47 - [MESSAGE][PASSED] - All options with value 'PPD' are selected in object 'Object Repository/AdminSuiteBootstrap_Pages/VSP_Bootstrap/VSP_Debit/select_StdEntryClass'  using regular expression

2023-02-22 19:02:48 - [MESSAGE][PASSED] - Text '' is set on object 'Object Repository/AdminSuiteBootstrap_Pages/VSP_Bootstrap/VSP_Debit/input_smsNumber'

2023-02-22 19:02:49 - [MESSAGE][PASSED] - Text '2.50' is set on object 'Object Repository/AdminSuiteBootstrap_Pages/VSP_Bootstrap/VSP_Debit/input_amount'

2023-02-22 19:02:50 - [MESSAGE][PASSED] - Text 'Delhi' is set on object 'Object Repository/AdminSuiteBootstrap_Pages/VSP_Bootstrap/VSP_Debit/input_userDefined1'

2023-02-22 19:02:50 - [MESSAGE][PASSED] - Text 'Chennai' is set on object 'Object Repository/AdminSuiteBootstrap_Pages/VSP_Bootstrap/VSP_Debit/input_userDefined2'

2023-02-22 19:02:51 - [MESSAGE][PASSED] - Text 'Mumbai' is set on object 'Object Repository/AdminSuiteBootstrap_Pages/VSP_Bootstrap/VSP_Debit/input_userDefined3'

2023-02-22 19:02:52 - [MESSAGE][PASSED] - Text 'Kanpur' is set on object 'Object Repository/AdminSuiteBootstrap_Pages/VSP_Bootstrap/VSP_Debit/input_userDefined4'

2023-02-22 19:02:53 - [MESSAGE][PASSED] - All options with label 'Orange' are selected in object 'Object Repository/AdminSuiteBootstrap_Pages/VSP_Bootstrap/VSP_Debit/select_UDF5'  using regular expression

2023-02-22 19:02:54 - [MESSAGE][PASSED] - All options with label 'Yellow' are selected in object 'Object Repository/AdminSuiteBootstrap_Pages/VSP_Bootstrap/VSP_Debit/select_UDF6'  using regular expression

2023-02-22 19:02:55 - [MESSAGE][PASSED] - Text 'Kolkata' is set on object 'Object Repository/AdminSuiteBootstrap_Pages/VSP_Bootstrap/VSP_Debit/input_userDefined7'

2023-02-22 19:02:55 - [MESSAGE][PASSED] - Text 'Pune' is set on object 'Object Repository/AdminSuiteBootstrap_Pages/VSP_Bootstrap/VSP_Debit/input_userDefined8'

2023-02-22 19:02:56 - [MESSAGE][PASSED] - Text 'Bhavnagar' is set on object 'Object Repository/AdminSuiteBootstrap_Pages/VSP_Bootstrap/VSP_Debit/input_userDefined9'

2023-02-22 19:02:57 - [MESSAGE][PASSED] - Text 'Noida' is set on object 'Object Repository/AdminSuiteBootstrap_Pages/VSP_Bootstrap/VSP_Debit/input_userDefined10'

2023-02-22 19:02:58 - [MESSAGE][PASSED] - Object: 'Object Repository/AdminSuiteBootstrap_Pages/VSP_Bootstrap/VSP_Debit/button_Submit' is clicked on

2023-02-22 19:02:58 - [MESSAGE][PASSED] - vspBootstrap.ACHDebitPage.setDataACHDebit is PASSED

2023-02-22 19:02:58 - [TEST_STEP][PASSED] - verifyTextPresent("Transaction Successful", true): Text 'Transaction Successful' is present on page  using regular expression

2023-02-22 19:02:59 - [MESSAGE][PASSED] - Text 'Transaction Successful' is present on page  using regular expression

2023-02-22 19:02:59 - [TEST_STEP][PASSED] - verifyElementVisible(findTestObject("Object Repository/AdminSuiteBootstrap_Pages/VT_Bootstrap/Receipt/button_Continue")): Object 'Object Repository/AdminSuiteBootstrap_Pages/VT_Bootstrap/Receipt/button_Continue' is visible

2023-02-22 19:02:59 - [MESSAGE][PASSED] - Object 'Object Repository/AdminSuiteBootstrap_Pages/VT_Bootstrap/Receipt/button_Continue' is visible

2023-02-22 19:02:59 - [TEST_STEP][PASSED] - verifyElementPresent(findTestObject("Object Repository/AdminSuiteBootstrap_Pages/VT_Bootstrap/Receipt/button_Continue"), 20): Object 'Object Repository/AdminSuiteBootstrap_Pages/VT_Bootstrap/Receipt/button_Continue' is present

2023-02-22 19:03:00 - [MESSAGE][PASSED] - Object 'Object Repository/AdminSuiteBootstrap_Pages/VT_Bootstrap/Receipt/button_Continue' is present

2023-02-22 19:03:00 - [TEST_STEP][PASSED] - verifyElementVisible(findTestObject("Object Repository/AdminSuiteBootstrap_Pages/VT_Bootstrap/Receipt/button_Print")): Object 'Object Repository/AdminSuiteBootstrap_Pages/VT_Bootstrap/Receipt/button_Print' is visible

2023-02-22 19:03:00 - [MESSAGE][PASSED] - Object 'Object Repository/AdminSuiteBootstrap_Pages/VT_Bootstrap/Receipt/button_Print' is visible

2023-02-22 19:03:00 - [TEST_STEP][PASSED] - verifyElementPresent(findTestObject("Object Repository/AdminSuiteBootstrap_Pages/VT_Bootstrap/Receipt/button_Print"), 20): Object 'Object Repository/AdminSuiteBootstrap_Pages/VT_Bootstrap/Receipt/button_Print' is present

2023-02-22 19:03:00 - [MESSAGE][PASSED] - Object 'Object Repository/AdminSuiteBootstrap_Pages/VT_Bootstrap/Receipt/button_Print' is present

2023-02-22 19:03:00 - [TEST_STEP][PASSED] - verifyTextPresent("Remittance ID", true): Text 'Remittance ID' is present on page  using regular expression

2023-02-22 19:03:01 - [MESSAGE][PASSED] - Text 'Remittance ID' is present on page  using regular expression

2023-02-22 19:03:01 - [TEST_STEP][PASSED] - verifyTextPresent("Received", true): Text 'Received' is present on page  using regular expression

2023-02-22 19:03:01 - [MESSAGE][PASSED] - Text 'Received' is present on page  using regular expression

2023-02-22 19:03:01 - [TEST_STEP][PASSED] - verifyTextPresent("UDF1", true): Text 'UDF1' is present on page  using regular expression

2023-02-22 19:03:01 - [MESSAGE][PASSED] - Text 'UDF1' is present on page  using regular expression

2023-02-22 19:03:01 - [TEST_STEP][PASSED] - verifyTextPresent("UDF2", true): Text 'UDF2' is present on page  using regular expression

2023-02-22 19:03:02 - [MESSAGE][PASSED] - Text 'UDF2' is present on page  using regular expression

2023-02-22 19:03:02 - [TEST_STEP][PASSED] - verifyTextPresent("UDF3", true): Text 'UDF3' is present on page  using regular expression

2023-02-22 19:03:02 - [MESSAGE][PASSED] - Text 'UDF3' is present on page  using regular expression

2023-02-22 19:03:02 - [TEST_STEP][PASSED] - verifyTextPresent("UDF4", true): Text 'UDF4' is present on page  using regular expression

2023-02-22 19:03:02 - [MESSAGE][PASSED] - Text 'UDF4' is present on page  using regular expression

2023-02-22 19:03:02 - [TEST_STEP][PASSED] - verifyTextPresent("UDF5", true): Text 'UDF5' is present on page  using regular expression

2023-02-22 19:03:03 - [MESSAGE][PASSED] - Text 'UDF5' is present on page  using regular expression

2023-02-22 19:03:03 - [TEST_STEP][PASSED] - verifyTextPresent("UDF6", true): Text 'UDF6' is present on page  using regular expression

2023-02-22 19:03:03 - [MESSAGE][PASSED] - Text 'UDF6' is present on page  using regular expression

2023-02-22 19:03:03 - [TEST_STEP][PASSED] - verifyTextPresent("UDF7", true): Text 'UDF7' is present on page  using regular expression

2023-02-22 19:03:03 - [MESSAGE][PASSED] - Text 'UDF7' is present on page  using regular expression

2023-02-22 19:03:03 - [TEST_STEP][PASSED] - verifyTextPresent("UDF8", true): Text 'UDF8' is present on page  using regular expression

2023-02-22 19:03:04 - [MESSAGE][PASSED] - Text 'UDF8' is present on page  using regular expression

2023-02-22 19:03:04 - [TEST_STEP][PASSED] - verifyTextPresent("UDF9", true): Text 'UDF9' is present on page  using regular expression

2023-02-22 19:03:04 - [MESSAGE][PASSED] - Text 'UDF9' is present on page  using regular expression

2023-02-22 19:03:04 - [TEST_STEP][PASSED] - verifyTextPresent("UDF 10", true): Text 'UDF 10' is present on page  using regular expression

2023-02-22 19:03:04 - [MESSAGE][PASSED] - Text 'UDF 10' is present on page  using regular expression

2023-02-22 19:03:04 - [TEST_STEP][PASSED] - verifyTextPresent("Delhi", true): Text 'Delhi' is present on page  using regular expression

2023-02-22 19:03:05 - [MESSAGE][PASSED] - Text 'Delhi' is present on page  using regular expression

2023-02-22 19:03:05 - [TEST_STEP][PASSED] - verifyTextPresent("Chennai", true): Text 'Chennai' is present on page  using regular expression

2023-02-22 19:03:05 - [MESSAGE][PASSED] - Text 'Chennai' is present on page  using regular expression

2023-02-22 19:03:05 - [TEST_STEP][PASSED] - verifyTextPresent("Mumbai", true): Text 'Mumbai' is present on page  using regular expression

2023-02-22 19:03:05 - [MESSAGE][PASSED] - Text 'Mumbai' is present on page  using regular expression

2023-02-22 19:03:05 - [TEST_STEP][PASSED] - verifyTextPresent("Kanpur", true): Text 'Kanpur' is present on page  using regular expression

2023-02-22 19:03:06 - [MESSAGE][PASSED] - Text 'Kanpur' is present on page  using regular expression

2023-02-22 19:03:06 - [TEST_STEP][PASSED] - verifyTextPresent("Orange Recorded", true): Text 'Orange Recorded' is present on page  using regular expression

2023-02-22 19:03:06 - [MESSAGE][PASSED] - Text 'Orange Recorded' is present on page  using regular expression

2023-02-22 19:03:06 - [TEST_STEP][PASSED] - verifyTextPresent("Yellow Recorded", true): Text 'Yellow Recorded' is present on page  using regular expression

2023-02-22 19:03:06 - [MESSAGE][PASSED] - Text 'Yellow Recorded' is present on page  using regular expression

2023-02-22 19:03:06 - [TEST_STEP][PASSED] - verifyTextPresent("Kolkata", true): Text 'Kolkata' is present on page  using regular expression

2023-02-22 19:03:07 - [MESSAGE][PASSED] - Text 'Kolkata' is present on page  using regular expression

2023-02-22 19:03:07 - [TEST_STEP][PASSED] - verifyTextPresent("Pune", true): Text 'Pune' is present on page  using regular expression

2023-02-22 19:03:07 - [MESSAGE][PASSED] - Text 'Pune' is present on page  using regular expression

2023-02-22 19:03:07 - [TEST_STEP][PASSED] - verifyTextPresent("Bhavnagar", true): Text 'Bhavnagar' is present on page  using regular expression

2023-02-22 19:03:07 - [MESSAGE][PASSED] - Text 'Bhavnagar' is present on page  using regular expression

2023-02-22 19:03:07 - [TEST_STEP][PASSED] - verifyTextPresent("Noida", true): Text 'Noida' is present on page  using regular expression

2023-02-22 19:03:08 - [MESSAGE][PASSED] - Text 'Noida' is present on page  using regular expression

2023-02-22 19:03:08 - [TEST_STEP][PASSED] - verifyTextPresent("Amount", true): Text 'Amount' is present on page  using regular expression

2023-02-22 19:03:08 - [MESSAGE][PASSED] - Text 'Amount' is present on page  using regular expression

2023-02-22 19:03:08 - [TEST_STEP][PASSED] - verifyTextPresent("2.50", true): Text '2.50' is present on page  using regular expression

2023-02-22 19:03:08 - [MESSAGE][PASSED] - Text '2.50' is present on page  using regular expression

2023-02-22 19:03:08 - [TEST_STEP][PASSED] - verifyTextPresent("Transaction Type", true): Text 'Transaction Type' is present on page  using regular expression

2023-02-22 19:03:09 - [MESSAGE][PASSED] - Text 'Transaction Type' is present on page  using regular expression

2023-02-22 19:03:09 - [TEST_STEP][PASSED] - verifyTextPresent("Debit", true): Text 'Debit' is present on page  using regular expression

2023-02-22 19:03:09 - [MESSAGE][PASSED] - Text 'Debit' is present on page  using regular expression

2023-02-22 19:03:09 - [TEST_STEP][PASSED] - verifyTextPresent("Check Information", true): Text 'Check Information' is present on page  using regular expression

2023-02-22 19:03:09 - [MESSAGE][PASSED] - Text 'Check Information' is present on page  using regular expression

2023-02-22 19:03:09 - [TEST_STEP][PASSED] - verifyTextPresent("Account Type", true): Text 'Account Type' is present on page  using regular expression

2023-02-22 19:03:10 - [MESSAGE][PASSED] - Text 'Account Type' is present on page  using regular expression

2023-02-22 19:03:10 - [TEST_STEP][PASSED] - verifyTextPresent("Account Number", true): Text 'Account Number' is present on page  using regular expression

2023-02-22 19:03:10 - [MESSAGE][PASSED] - Text 'Account Number' is present on page  using regular expression

2023-02-22 19:03:10 - [TEST_STEP][PASSED] - verifyTextPresent("Routing Number", true): Text 'Routing Number' is present on page  using regular expression

2023-02-22 19:03:10 - [MESSAGE][PASSED] - Text 'Routing Number' is present on page  using regular expression

2023-02-22 19:03:10 - [TEST_STEP][PASSED] - verifyTextPresent("Address Line 1", true): Text 'Address Line 1' is present on page  using regular expression

2023-02-22 19:03:11 - [MESSAGE][PASSED] - Text 'Address Line 1' is present on page  using regular expression

2023-02-22 19:03:11 - [TEST_STEP][PASSED] - verifyTextPresent("Address Line 2", true): Text 'Address Line 2' is present on page  using regular expression

2023-02-22 19:03:11 - [MESSAGE][PASSED] - Text 'Address Line 2' is present on page  using regular expression

2023-02-22 19:03:11 - [TEST_STEP][PASSED] - verifyTextPresent("Country", true): Text 'Country' is present on page  using regular expression

2023-02-22 19:03:11 - [MESSAGE][PASSED] - Text 'Country' is present on page  using regular expression

2023-02-22 19:03:11 - [TEST_STEP][PASSED] - verifyTextPresent("City", true): Text 'City' is present on page  using regular expression

2023-02-22 19:03:12 - [MESSAGE][PASSED] - Text 'City' is present on page  using regular expression

2023-02-22 19:03:12 - [TEST_STEP][PASSED] - verifyTextPresent("State", true): Text 'State' is present on page  using regular expression

2023-02-22 19:03:12 - [MESSAGE][PASSED] - Text 'State' is present on page  using regular expression

2023-02-22 19:03:12 - [TEST_STEP][PASSED] - verifyTextPresent("ZIP Code", true): Text 'ZIP Code' is present on page  using regular expression

2023-02-22 19:03:12 - [MESSAGE][PASSED] - Text 'ZIP Code' is present on page  using regular expression

2023-02-22 19:03:12 - [TEST_STEP][PASSED] - verifyTextPresent("248 PhoolKaante road", true): Text '248 PhoolKaante road' is present on page  using regular expression

2023-02-22 19:03:13 - [MESSAGE][PASSED] - Text '248 PhoolKaante road' is present on page  using regular expression

2023-02-22 19:03:13 - [TEST_STEP][PASSED] - verifyTextPresent("Suite 678", true): Text 'Suite 678' is present on page  using regular expression

2023-02-22 19:03:13 - [MESSAGE][PASSED] - Text 'Suite 678' is present on page  using regular expression

2023-02-22 19:03:13 - [TEST_STEP][PASSED] - verifyTextPresent("United States", true): Text 'United States' is present on page  using regular expression

2023-02-22 19:03:13 - [MESSAGE][PASSED] - Text 'United States' is present on page  using regular expression

2023-02-22 19:03:13 - [TEST_STEP][PASSED] - verifyTextPresent("ARLINGTON", true): Text 'ARLINGTON' is present on page  using regular expression

2023-02-22 19:03:14 - [MESSAGE][PASSED] - Text 'ARLINGTON' is present on page  using regular expression

2023-02-22 19:03:14 - [TEST_STEP][PASSED] - verifyTextPresent("Virginia", true): Text 'Virginia' is present on page  using regular expression

2023-02-22 19:03:14 - [MESSAGE][PASSED] - Text 'Virginia' is present on page  using regular expression

2023-02-22 19:03:14 - [TEST_STEP][PASSED] - verifyTextPresent("22201", true): Text '22201' is present on page  using regular expression

2023-02-22 19:03:14 - [MESSAGE][PASSED] - Text '22201' is present on page  using regular expression

2023-02-22 19:03:14 - [TEST_STEP][PASSED] - tranType = findTestData(dataFile).getValue("TranType", row): null

2023-02-22 19:03:14 - [TEST_STEP][PASSED] - last4V = findTestData(dataFile).getValue("Last4", row): null

2023-02-22 19:03:14 - [TEST_STEP][PASSED] - verifyTextPresent(tranType, true): Text 'Checking' is present on page  using regular expression

2023-02-22 19:03:15 - [MESSAGE][PASSED] - Text 'Checking' is present on page  using regular expression

2023-02-22 19:03:15 - [TEST_STEP][PASSED] - verifyTextPresent(last4V, true): Text '2222' is present on page  using regular expression

2023-02-22 19:03:15 - [MESSAGE][PASSED] - Text '2222' is present on page  using regular expression

2023-02-22 19:03:15 - [TEST_STEP][PASSED] - if (profNameLink.equalsIgnoreCase("a_PaymentsPC")): Text 'TANDON RAVENA' is present on page  using regular expression

2023-02-22 19:03:15 - [TEST_STEP][PASSED] - verifyTextPresent("Name on Account", true): Text 'Name on Account' is present on page  using regular expression

2023-02-22 19:03:15 - [MESSAGE][PASSED] - Text 'Name on Account' is present on page  using regular expression

2023-02-22 19:03:15 - [TEST_STEP][PASSED] - verifyTextPresent("TANDON RAVENA", true): Text 'TANDON RAVENA' is present on page  using regular expression

2023-02-22 19:03:16 - [MESSAGE][PASSED] - Text 'TANDON RAVENA' is present on page  using regular expression

2023-02-22 19:03:16 - [TEST_STEP][PASSED] - if (profNameLink.equalsIgnoreCase("a_PaymentsPS")): null

2023-02-22 19:03:16 - [TEST_STEP][PASSED] - if (profNameLink.equalsIgnoreCase("a_PaymentsCorp")): null

2023-02-22 19:03:16 - [TEST_STEP][PASSED] - switch (appName): null

2023-02-22 19:03:16 - [TEST_STEP][PASSED] - case "a_Access AutoDualCFtpQA":: null

2023-02-22 19:03:16 - [TEST_STEP][PASSED] - verifyTextPresent("5.00", true): Text '5.00' is present on page  using regular expression

2023-02-22 19:03:16 - [MESSAGE][PASSED] - Text '5.00' is present on page  using regular expression

2023-02-22 19:03:16 - [TEST_STEP][PASSED] - verifyTextPresent("Dual Transaction", true): Text 'Dual Transaction' is present on page  using regular expression

2023-02-22 19:03:16 - [MESSAGE][PASSED] - Text 'Dual Transaction' is present on page  using regular expression

2023-02-22 19:03:16 - [TEST_STEP][PASSED] - verifyTextPresent("7.50", true): Text '7.50' is present on page  using regular expression

2023-02-22 19:03:17 - [MESSAGE][PASSED] - Text '7.50' is present on page  using regular expression

2023-02-22 19:03:17 - [TEST_STEP][PASSED] - verifyTextPresent("Total Amount", true): Text 'Total Amount' is present on page  using regular expression

2023-02-22 19:03:17 - [MESSAGE][PASSED] - Text 'Total Amount' is present on page  using regular expression

2023-02-22 19:03:17 - [TEST_STEP][PASSED] - verifyTextPresent("Transaction Type", true): Text 'Transaction Type' is present on page  using regular expression

2023-02-22 19:03:17 - [MESSAGE][PASSED] - Text 'Transaction Type' is present on page  using regular expression

2023-02-22 19:03:17 - [TEST_STEP][PASSED] - break: null

2023-02-22 19:03:17 - [TEST_STEP][PASSED] - closeBrowser(): Browser is closed

2023-02-22 19:03:18 - [MESSAGE][PASSED] - Browser is closed

2023-02-22 19:03:18 - [TEST_STEP][PASSED] - ExecuteTC = findTestData(dataFile).getValue("Execute", row): null

2023-02-22 19:03:18 - [TEST_STEP][PASSED] - out.println("Value of Execute is : " + ExecuteTC): null

2023-02-22 19:03:18 - [TEST_STEP][PASSED] - switch (executionProfile): null

2023-02-22 19:03:18 - [TEST_STEP][PASSED] - case "QAProfile":: null

2023-02-22 19:03:18 - [TEST_STEP][PASSED] - appName = findTestData(dataFile).getValue("AppNameQA", row): null

2023-02-22 19:03:18 - [TEST_STEP][PASSED] - appID = findTestData(dataFile).getValue("AppIDQA", row): null

2023-02-22 19:03:18 - [TEST_STEP][PASSED] - break: null

2023-02-22 19:03:18 - [TEST_STEP][PASSED] - if (ExecuteTC.equalsIgnoreCase("Y")): null

2023-02-22 19:03:18 - [TEST_STEP][PASSED] - out.println("Begin Record Number: " + row): null

2023-02-22 19:03:18 - [TEST_STEP][PASSED] - today = new java.util.Date(): null

2023-02-22 19:03:18 - [TEST_STEP][PASSED] - println(today): null

2023-02-22 19:03:18 - [TEST_STEP][PASSED] - datText = today: null

2023-02-22 19:03:18 - [TEST_STEP][PASSED] - adminSuiteBootstrap.loginFunctionality.login_AdminSuite(): adminSuiteBootstrap.loginFunctionality.login_AdminSuite is PASSED

2023-02-22 19:03:18 - [MESSAGE][INFO] - Starting 'Chrome' driver

2023-02-22 19:03:18 - [MESSAGE][INFO] - User set preference: ['acceptInsecureCerts', 'true']

2023-02-22 19:03:18 - [MESSAGE][INFO] - Action delay is set to 0 milliseconds

2023-02-22 19:03:21 - [MESSAGE][PASSED] - Browser is opened with url: 'https://qa.velocitypayment.com/admin/imtiaz'

2023-02-22 19:03:21 - [MESSAGE][PASSED] - Current window maximized

2023-02-22 19:03:21 - [MESSAGE][PASSED] - Object 'Object Repository/Login_Page/Login_Username' is present

2023-02-22 19:03:22 - [MESSAGE][PASSED] - Text 'iahmed' is set on object 'Object Repository/Login_Page/Login_Username'

2023-02-22 19:03:22 - [MESSAGE][PASSED] - Text 'hello2222' is set on object 'Object Repository/Login_Page/Login_Password'

2023-02-22 19:03:25 - [MESSAGE][PASSED] - Object: 'Object Repository/Login_Page/Login_Submit' is clicked on

2023-02-22 19:03:25 - [MESSAGE][PASSED] - adminSuiteBootstrap.loginFunctionality.login_AdminSuite is PASSED

2023-02-22 19:03:25 - [TEST_STEP][PASSED] - click(findTestObject(path_Dashboard + appName)): Object: 'Object Repository/AdminSuiteBootstrap_Pages/Dashboard_Bootstrap/a_Access AutoDualCFtpQA' is clicked on

2023-02-22 19:03:26 - [MESSAGE][PASSED] - Object: 'Object Repository/AdminSuiteBootstrap_Pages/Dashboard_Bootstrap/a_Access AutoDualCFtpQA' is clicked on

2023-02-22 19:03:26 - [TEST_STEP][PASSED] - click(findTestObject(path_VT + "a_Find Profile")): Object: 'Object Repository/AdminSuiteBootstrap_Pages/VT_Bootstrap/IssueTransactions/a_Find Profile' is clicked on

2023-02-22 19:03:27 - [MESSAGE][PASSED] - Object: 'Object Repository/AdminSuiteBootstrap_Pages/VT_Bootstrap/IssueTransactions/a_Find Profile' is clicked on

2023-02-22 19:03:27 - [TEST_STEP][PASSED] - criteria = <not implemented yet for class: org.codehaus.groovy.ast.expr.EmptyExpression>: null

2023-02-22 19:03:27 - [TEST_STEP][PASSED] - searchBy = <not implemented yet for class: org.codehaus.groovy.ast.expr.EmptyExpression>: null

2023-02-22 19:03:27 - [TEST_STEP][PASSED] - criteria = findTestData(dataFile).getValue("ProfileName", row): null

2023-02-22 19:03:27 - [TEST_STEP][PASSED] - path_SearchProfile = "Object Repository/AdminSuiteBootstrap_Pages/VSP_Bootstrap/SearchProfile/": null

2023-02-22 19:03:27 - [TEST_STEP][PASSED] - setText(findTestObject(path_SearchProfile + "input_Criteria"), criteria): Text 'PaymentsPC' is set on object 'Object Repository/AdminSuiteBootstrap_Pages/VSP_Bootstrap/SearchProfile/input_Criteria'

2023-02-22 19:03:27 - [MESSAGE][PASSED] - Text 'PaymentsPC' is set on object 'Object Repository/AdminSuiteBootstrap_Pages/VSP_Bootstrap/SearchProfile/input_Criteria'

2023-02-22 19:03:27 - [TEST_STEP][PASSED] - click(findTestObject(path_SearchProfile + "button_Search")): Object: 'Object Repository/AdminSuiteBootstrap_Pages/VSP_Bootstrap/SearchProfile/button_Search' is clicked on

2023-02-22 19:03:28 - [MESSAGE][PASSED] - Object: 'Object Repository/AdminSuiteBootstrap_Pages/VSP_Bootstrap/SearchProfile/button_Search' is clicked on

2023-02-22 19:03:28 - [TEST_STEP][PASSED] - profNameLink = findTestData(dataFile).getValue("ProfileNameLink", row): null

2023-02-22 19:03:29 - [TEST_STEP][PASSED] - click(findTestObject(path_ViewProfile + profNameLink)): Object: 'Object Repository/AdminSuiteBootstrap_Pages/VSP_Bootstrap/View Profile/a_PaymentsPC' is clicked on

2023-02-22 19:03:30 - [MESSAGE][PASSED] - Object: 'Object Repository/AdminSuiteBootstrap_Pages/VSP_Bootstrap/View Profile/a_PaymentsPC' is clicked on

2023-02-22 19:03:30 - [TEST_STEP][PASSED] - click(findTestObject(path_ViewProfile + "a_Debit")): Object: 'Object Repository/AdminSuiteBootstrap_Pages/VSP_Bootstrap/View Profile/a_Debit' is clicked on

2023-02-22 19:03:31 - [MESSAGE][PASSED] - Object: 'Object Repository/AdminSuiteBootstrap_Pages/VSP_Bootstrap/View Profile/a_Debit' is clicked on

2023-02-22 19:03:31 - [TEST_STEP][PASSED] - verifyTextPresent("Remittance ID", true): Text 'Remittance ID' is present on page  using regular expression

2023-02-22 19:03:32 - [MESSAGE][PASSED] - Text 'Remittance ID' is present on page  using regular expression

2023-02-22 19:03:32 - [TEST_STEP][PASSED] - vspBootstrap.ACHDebitPage.setDataACHDebit(row, dataFile): vspBootstrap.ACHDebitPage.setDataACHDebit is PASSED

2023-02-22 19:03:33 - [MESSAGE][PASSED] - All options with value 'TEL' are selected in object 'Object Repository/AdminSuiteBootstrap_Pages/VSP_Bootstrap/VSP_Debit/select_StdEntryClass'  using regular expression

2023-02-22 19:03:34 - [MESSAGE][PASSED] - Text '' is set on object 'Object Repository/AdminSuiteBootstrap_Pages/VSP_Bootstrap/VSP_Debit/input_smsNumber'

2023-02-22 19:03:35 - [MESSAGE][PASSED] - Text '2.50' is set on object 'Object Repository/AdminSuiteBootstrap_Pages/VSP_Bootstrap/VSP_Debit/input_amount'

2023-02-22 19:03:36 - [MESSAGE][PASSED] - Text 'Delhi' is set on object 'Object Repository/AdminSuiteBootstrap_Pages/VSP_Bootstrap/VSP_Debit/input_userDefined1'

2023-02-22 19:03:36 - [MESSAGE][PASSED] - Text 'Chennai' is set on object 'Object Repository/AdminSuiteBootstrap_Pages/VSP_Bootstrap/VSP_Debit/input_userDefined2'

2023-02-22 19:03:37 - [MESSAGE][PASSED] - Text 'Mumbai' is set on object 'Object Repository/AdminSuiteBootstrap_Pages/VSP_Bootstrap/VSP_Debit/input_userDefined3'

2023-02-22 19:03:38 - [MESSAGE][PASSED] - Text 'Kanpur' is set on object 'Object Repository/AdminSuiteBootstrap_Pages/VSP_Bootstrap/VSP_Debit/input_userDefined4'

2023-02-22 19:03:39 - [MESSAGE][PASSED] - All options with label 'Orange' are selected in object 'Object Repository/AdminSuiteBootstrap_Pages/VSP_Bootstrap/VSP_Debit/select_UDF5'  using regular expression

2023-02-22 19:03:40 - [MESSAGE][PASSED] - All options with label 'Yellow' are selected in object 'Object Repository/AdminSuiteBootstrap_Pages/VSP_Bootstrap/VSP_Debit/select_UDF6'  using regular expression

2023-02-22 19:03:40 - [MESSAGE][PASSED] - Text 'Kolkata' is set on object 'Object Repository/AdminSuiteBootstrap_Pages/VSP_Bootstrap/VSP_Debit/input_userDefined7'

2023-02-22 19:03:41 - [MESSAGE][PASSED] - Text 'Pune' is set on object 'Object Repository/AdminSuiteBootstrap_Pages/VSP_Bootstrap/VSP_Debit/input_userDefined8'

2023-02-22 19:03:42 - [MESSAGE][PASSED] - Text 'Bhavnagar' is set on object 'Object Repository/AdminSuiteBootstrap_Pages/VSP_Bootstrap/VSP_Debit/input_userDefined9'

2023-02-22 19:03:42 - [MESSAGE][PASSED] - Text 'Noida' is set on object 'Object Repository/AdminSuiteBootstrap_Pages/VSP_Bootstrap/VSP_Debit/input_userDefined10'

2023-02-22 19:03:44 - [MESSAGE][PASSED] - Object: 'Object Repository/AdminSuiteBootstrap_Pages/VSP_Bootstrap/VSP_Debit/button_Submit' is clicked on

2023-02-22 19:03:44 - [MESSAGE][PASSED] - vspBootstrap.ACHDebitPage.setDataACHDebit is PASSED

2023-02-22 19:03:44 - [TEST_STEP][PASSED] - verifyTextPresent("Transaction Successful", true): Text 'Transaction Successful' is present on page  using regular expression

2023-02-22 19:03:45 - [MESSAGE][PASSED] - Text 'Transaction Successful' is present on page  using regular expression

2023-02-22 19:03:45 - [TEST_STEP][PASSED] - verifyElementVisible(findTestObject("Object Repository/AdminSuiteBootstrap_Pages/VT_Bootstrap/Receipt/button_Continue")): Object 'Object Repository/AdminSuiteBootstrap_Pages/VT_Bootstrap/Receipt/button_Continue' is visible

2023-02-22 19:03:45 - [MESSAGE][PASSED] - Object 'Object Repository/AdminSuiteBootstrap_Pages/VT_Bootstrap/Receipt/button_Continue' is visible

2023-02-22 19:03:45 - [TEST_STEP][PASSED] - verifyElementPresent(findTestObject("Object Repository/AdminSuiteBootstrap_Pages/VT_Bootstrap/Receipt/button_Continue"), 20): Object 'Object Repository/AdminSuiteBootstrap_Pages/VT_Bootstrap/Receipt/button_Continue' is present

2023-02-22 19:03:45 - [MESSAGE][PASSED] - Object 'Object Repository/AdminSuiteBootstrap_Pages/VT_Bootstrap/Receipt/button_Continue' is present

2023-02-22 19:03:45 - [TEST_STEP][PASSED] - verifyElementVisible(findTestObject("Object Repository/AdminSuiteBootstrap_Pages/VT_Bootstrap/Receipt/button_Print")): Object 'Object Repository/AdminSuiteBootstrap_Pages/VT_Bootstrap/Receipt/button_Print' is visible

2023-02-22 19:03:46 - [MESSAGE][PASSED] - Object 'Object Repository/AdminSuiteBootstrap_Pages/VT_Bootstrap/Receipt/button_Print' is visible

2023-02-22 19:03:46 - [TEST_STEP][PASSED] - verifyElementPresent(findTestObject("Object Repository/AdminSuiteBootstrap_Pages/VT_Bootstrap/Receipt/button_Print"), 20): Object 'Object Repository/AdminSuiteBootstrap_Pages/VT_Bootstrap/Receipt/button_Print' is present

2023-02-22 19:03:46 - [MESSAGE][PASSED] - Object 'Object Repository/AdminSuiteBootstrap_Pages/VT_Bootstrap/Receipt/button_Print' is present

2023-02-22 19:03:46 - [TEST_STEP][PASSED] - verifyTextPresent("Remittance ID", true): Text 'Remittance ID' is present on page  using regular expression

2023-02-22 19:03:46 - [MESSAGE][PASSED] - Text 'Remittance ID' is present on page  using regular expression

2023-02-22 19:03:46 - [TEST_STEP][PASSED] - verifyTextPresent("Received", true): Text 'Received' is present on page  using regular expression

2023-02-22 19:03:47 - [MESSAGE][PASSED] - Text 'Received' is present on page  using regular expression

2023-02-22 19:03:47 - [TEST_STEP][PASSED] - verifyTextPresent("UDF1", true): Text 'UDF1' is present on page  using regular expression

2023-02-22 19:03:47 - [MESSAGE][PASSED] - Text 'UDF1' is present on page  using regular expression

2023-02-22 19:03:47 - [TEST_STEP][PASSED] - verifyTextPresent("UDF2", true): Text 'UDF2' is present on page  using regular expression

2023-02-22 19:03:47 - [MESSAGE][PASSED] - Text 'UDF2' is present on page  using regular expression

2023-02-22 19:03:47 - [TEST_STEP][PASSED] - verifyTextPresent("UDF3", true): Text 'UDF3' is present on page  using regular expression

2023-02-22 19:03:48 - [MESSAGE][PASSED] - Text 'UDF3' is present on page  using regular expression

2023-02-22 19:03:48 - [TEST_STEP][PASSED] - verifyTextPresent("UDF4", true): Text 'UDF4' is present on page  using regular expression

2023-02-22 19:03:48 - [MESSAGE][PASSED] - Text 'UDF4' is present on page  using regular expression

2023-02-22 19:03:48 - [TEST_STEP][PASSED] - verifyTextPresent("UDF5", true): Text 'UDF5' is present on page  using regular expression

2023-02-22 19:03:48 - [MESSAGE][PASSED] - Text 'UDF5' is present on page  using regular expression

2023-02-22 19:03:48 - [TEST_STEP][PASSED] - verifyTextPresent("UDF6", true): Text 'UDF6' is present on page  using regular expression

2023-02-22 19:03:49 - [MESSAGE][PASSED] - Text 'UDF6' is present on page  using regular expression

2023-02-22 19:03:49 - [TEST_STEP][PASSED] - verifyTextPresent("UDF7", true): Text 'UDF7' is present on page  using regular expression

2023-02-22 19:03:49 - [MESSAGE][PASSED] - Text 'UDF7' is present on page  using regular expression

2023-02-22 19:03:49 - [TEST_STEP][PASSED] - verifyTextPresent("UDF8", true): Text 'UDF8' is present on page  using regular expression

2023-02-22 19:03:49 - [MESSAGE][PASSED] - Text 'UDF8' is present on page  using regular expression

2023-02-22 19:03:49 - [TEST_STEP][PASSED] - verifyTextPresent("UDF9", true): Text 'UDF9' is present on page  using regular expression

2023-02-22 19:03:50 - [MESSAGE][PASSED] - Text 'UDF9' is present on page  using regular expression

2023-02-22 19:03:50 - [TEST_STEP][PASSED] - verifyTextPresent("UDF 10", true): Text 'UDF 10' is present on page  using regular expression

2023-02-22 19:03:50 - [MESSAGE][PASSED] - Text 'UDF 10' is present on page  using regular expression

2023-02-22 19:03:50 - [TEST_STEP][PASSED] - verifyTextPresent("Delhi", true): Text 'Delhi' is present on page  using regular expression

2023-02-22 19:03:50 - [MESSAGE][PASSED] - Text 'Delhi' is present on page  using regular expression

2023-02-22 19:03:50 - [TEST_STEP][PASSED] - verifyTextPresent("Chennai", true): Text 'Chennai' is present on page  using regular expression

2023-02-22 19:03:51 - [MESSAGE][PASSED] - Text 'Chennai' is present on page  using regular expression

2023-02-22 19:03:51 - [TEST_STEP][PASSED] - verifyTextPresent("Mumbai", true): Text 'Mumbai' is present on page  using regular expression

2023-02-22 19:03:51 - [MESSAGE][PASSED] - Text 'Mumbai' is present on page  using regular expression

2023-02-22 19:03:51 - [TEST_STEP][PASSED] - verifyTextPresent("Kanpur", true): Text 'Kanpur' is present on page  using regular expression

2023-02-22 19:03:51 - [MESSAGE][PASSED] - Text 'Kanpur' is present on page  using regular expression

2023-02-22 19:03:51 - [TEST_STEP][PASSED] - verifyTextPresent("Orange Recorded", true): Text 'Orange Recorded' is present on page  using regular expression

2023-02-22 19:03:52 - [MESSAGE][PASSED] - Text 'Orange Recorded' is present on page  using regular expression

2023-02-22 19:03:52 - [TEST_STEP][PASSED] - verifyTextPresent("Yellow Recorded", true): Text 'Yellow Recorded' is present on page  using regular expression

2023-02-22 19:03:52 - [MESSAGE][PASSED] - Text 'Yellow Recorded' is present on page  using regular expression

2023-02-22 19:03:52 - [TEST_STEP][PASSED] - verifyTextPresent("Kolkata", true): Text 'Kolkata' is present on page  using regular expression

2023-02-22 19:03:52 - [MESSAGE][PASSED] - Text 'Kolkata' is present on page  using regular expression

2023-02-22 19:03:52 - [TEST_STEP][PASSED] - verifyTextPresent("Pune", true): Text 'Pune' is present on page  using regular expression

2023-02-22 19:03:53 - [MESSAGE][PASSED] - Text 'Pune' is present on page  using regular expression

2023-02-22 19:03:53 - [TEST_STEP][PASSED] - verifyTextPresent("Bhavnagar", true): Text 'Bhavnagar' is present on page  using regular expression

2023-02-22 19:03:53 - [MESSAGE][PASSED] - Text 'Bhavnagar' is present on page  using regular expression

2023-02-22 19:03:53 - [TEST_STEP][PASSED] - verifyTextPresent("Noida", true): Text 'Noida' is present on page  using regular expression

2023-02-22 19:03:53 - [MESSAGE][PASSED] - Text 'Noida' is present on page  using regular expression

2023-02-22 19:03:53 - [TEST_STEP][PASSED] - verifyTextPresent("Amount", true): Text 'Amount' is present on page  using regular expression

2023-02-22 19:03:54 - [MESSAGE][PASSED] - Text 'Amount' is present on page  using regular expression

2023-02-22 19:03:54 - [TEST_STEP][PASSED] - verifyTextPresent("2.50", true): Text '2.50' is present on page  using regular expression

2023-02-22 19:03:54 - [MESSAGE][PASSED] - Text '2.50' is present on page  using regular expression

2023-02-22 19:03:54 - [TEST_STEP][PASSED] - verifyTextPresent("Transaction Type", true): Text 'Transaction Type' is present on page  using regular expression

2023-02-22 19:03:54 - [MESSAGE][PASSED] - Text 'Transaction Type' is present on page  using regular expression

2023-02-22 19:03:54 - [TEST_STEP][PASSED] - verifyTextPresent("Debit", true): Text 'Debit' is present on page  using regular expression

2023-02-22 19:03:55 - [MESSAGE][PASSED] - Text 'Debit' is present on page  using regular expression

2023-02-22 19:03:55 - [TEST_STEP][PASSED] - verifyTextPresent("Check Information", true): Text 'Check Information' is present on page  using regular expression

2023-02-22 19:03:55 - [MESSAGE][PASSED] - Text 'Check Information' is present on page  using regular expression

2023-02-22 19:03:55 - [TEST_STEP][PASSED] - verifyTextPresent("Account Type", true): Text 'Account Type' is present on page  using regular expression

2023-02-22 19:03:55 - [MESSAGE][PASSED] - Text 'Account Type' is present on page  using regular expression

2023-02-22 19:03:55 - [TEST_STEP][PASSED] - verifyTextPresent("Account Number", true): Text 'Account Number' is present on page  using regular expression

2023-02-22 19:03:56 - [MESSAGE][PASSED] - Text 'Account Number' is present on page  using regular expression

2023-02-22 19:03:56 - [TEST_STEP][PASSED] - verifyTextPresent("Routing Number", true): Text 'Routing Number' is present on page  using regular expression

2023-02-22 19:03:56 - [MESSAGE][PASSED] - Text 'Routing Number' is present on page  using regular expression

2023-02-22 19:03:56 - [TEST_STEP][PASSED] - verifyTextPresent("Address Line 1", true): Text 'Address Line 1' is present on page  using regular expression

2023-02-22 19:03:56 - [MESSAGE][PASSED] - Text 'Address Line 1' is present on page  using regular expression

2023-02-22 19:03:56 - [TEST_STEP][PASSED] - verifyTextPresent("Address Line 2", true): Text 'Address Line 2' is present on page  using regular expression

2023-02-22 19:03:57 - [MESSAGE][PASSED] - Text 'Address Line 2' is present on page  using regular expression

2023-02-22 19:03:57 - [TEST_STEP][PASSED] - verifyTextPresent("Country", true): Text 'Country' is present on page  using regular expression

2023-02-22 19:03:57 - [MESSAGE][PASSED] - Text 'Country' is present on page  using regular expression

2023-02-22 19:03:57 - [TEST_STEP][PASSED] - verifyTextPresent("City", true): Text 'City' is present on page  using regular expression

2023-02-22 19:03:57 - [MESSAGE][PASSED] - Text 'City' is present on page  using regular expression

2023-02-22 19:03:57 - [TEST_STEP][PASSED] - verifyTextPresent("State", true): Text 'State' is present on page  using regular expression

2023-02-22 19:03:58 - [MESSAGE][PASSED] - Text 'State' is present on page  using regular expression

2023-02-22 19:03:58 - [TEST_STEP][PASSED] - verifyTextPresent("ZIP Code", true): Text 'ZIP Code' is present on page  using regular expression

2023-02-22 19:03:58 - [MESSAGE][PASSED] - Text 'ZIP Code' is present on page  using regular expression

2023-02-22 19:03:58 - [TEST_STEP][PASSED] - verifyTextPresent("248 PhoolKaante road", true): Text '248 PhoolKaante road' is present on page  using regular expression

2023-02-22 19:03:58 - [MESSAGE][PASSED] - Text '248 PhoolKaante road' is present on page  using regular expression

2023-02-22 19:03:58 - [TEST_STEP][PASSED] - verifyTextPresent("Suite 678", true): Text 'Suite 678' is present on page  using regular expression

2023-02-22 19:03:59 - [MESSAGE][PASSED] - Text 'Suite 678' is present on page  using regular expression

2023-02-22 19:03:59 - [TEST_STEP][PASSED] - verifyTextPresent("United States", true): Text 'United States' is present on page  using regular expression

2023-02-22 19:03:59 - [MESSAGE][PASSED] - Text 'United States' is present on page  using regular expression

2023-02-22 19:03:59 - [TEST_STEP][PASSED] - verifyTextPresent("ARLINGTON", true): Text 'ARLINGTON' is present on page  using regular expression

2023-02-22 19:03:59 - [MESSAGE][PASSED] - Text 'ARLINGTON' is present on page  using regular expression

2023-02-22 19:03:59 - [TEST_STEP][PASSED] - verifyTextPresent("Virginia", true): Text 'Virginia' is present on page  using regular expression

2023-02-22 19:04:00 - [MESSAGE][PASSED] - Text 'Virginia' is present on page  using regular expression

2023-02-22 19:04:00 - [TEST_STEP][PASSED] - verifyTextPresent("22201", true): Text '22201' is present on page  using regular expression

2023-02-22 19:04:00 - [MESSAGE][PASSED] - Text '22201' is present on page  using regular expression

2023-02-22 19:04:00 - [TEST_STEP][PASSED] - tranType = findTestData(dataFile).getValue("TranType", row): null

2023-02-22 19:04:00 - [TEST_STEP][PASSED] - last4V = findTestData(dataFile).getValue("Last4", row): null

2023-02-22 19:04:00 - [TEST_STEP][PASSED] - verifyTextPresent(tranType, true): Text 'Checking' is present on page  using regular expression

2023-02-22 19:04:00 - [MESSAGE][PASSED] - Text 'Checking' is present on page  using regular expression

2023-02-22 19:04:00 - [TEST_STEP][PASSED] - verifyTextPresent(last4V, true): Text '2222' is present on page  using regular expression

2023-02-22 19:04:01 - [MESSAGE][PASSED] - Text '2222' is present on page  using regular expression

2023-02-22 19:04:01 - [TEST_STEP][PASSED] - if (profNameLink.equalsIgnoreCase("a_PaymentsPC")): Text 'TANDON RAVENA' is present on page  using regular expression

2023-02-22 19:04:01 - [TEST_STEP][PASSED] - verifyTextPresent("Name on Account", true): Text 'Name on Account' is present on page  using regular expression

2023-02-22 19:04:01 - [MESSAGE][PASSED] - Text 'Name on Account' is present on page  using regular expression

2023-02-22 19:04:01 - [TEST_STEP][PASSED] - verifyTextPresent("TANDON RAVENA", true): Text 'TANDON RAVENA' is present on page  using regular expression

2023-02-22 19:04:01 - [MESSAGE][PASSED] - Text 'TANDON RAVENA' is present on page  using regular expression

2023-02-22 19:04:01 - [TEST_STEP][PASSED] - if (profNameLink.equalsIgnoreCase("a_PaymentsPS")): null

2023-02-22 19:04:01 - [TEST_STEP][PASSED] - if (profNameLink.equalsIgnoreCase("a_PaymentsCorp")): null

2023-02-22 19:04:01 - [TEST_STEP][PASSED] - switch (appName): null

2023-02-22 19:04:01 - [TEST_STEP][PASSED] - case "a_Access AutoDualCFtpQA":: null

2023-02-22 19:04:01 - [TEST_STEP][PASSED] - verifyTextPresent("5.00", true): Text '5.00' is present on page  using regular expression

2023-02-22 19:04:01 - [MESSAGE][PASSED] - Text '5.00' is present on page  using regular expression

2023-02-22 19:04:01 - [TEST_STEP][PASSED] - verifyTextPresent("Dual Transaction", true): Text 'Dual Transaction' is present on page  using regular expression

2023-02-22 19:04:02 - [MESSAGE][PASSED] - Text 'Dual Transaction' is present on page  using regular expression

2023-02-22 19:04:02 - [TEST_STEP][PASSED] - verifyTextPresent("7.50", true): Text '7.50' is present on page  using regular expression

2023-02-22 19:04:02 - [MESSAGE][PASSED] - Text '7.50' is present on page  using regular expression

2023-02-22 19:04:02 - [TEST_STEP][PASSED] - verifyTextPresent("Total Amount", true): Text 'Total Amount' is present on page  using regular expression

2023-02-22 19:04:02 - [MESSAGE][PASSED] - Text 'Total Amount' is present on page  using regular expression

2023-02-22 19:04:02 - [TEST_STEP][PASSED] - verifyTextPresent("Transaction Type", true): Text 'Transaction Type' is present on page  using regular expression

2023-02-22 19:04:03 - [MESSAGE][PASSED] - Text 'Transaction Type' is present on page  using regular expression

2023-02-22 19:04:03 - [TEST_STEP][PASSED] - break: null

2023-02-22 19:04:03 - [TEST_STEP][PASSED] - closeBrowser(): Browser is closed

2023-02-22 19:04:04 - [MESSAGE][PASSED] - Browser is closed

2023-02-22 19:04:04 - [TEST_STEP][PASSED] - ExecuteTC = findTestData(dataFile).getValue("Execute", row): null

2023-02-22 19:04:04 - [TEST_STEP][PASSED] - out.println("Value of Execute is : " + ExecuteTC): null

2023-02-22 19:04:04 - [TEST_STEP][PASSED] - switch (executionProfile): null

2023-02-22 19:04:04 - [TEST_STEP][PASSED] - case "QAProfile":: null

2023-02-22 19:04:04 - [TEST_STEP][PASSED] - appName = findTestData(dataFile).getValue("AppNameQA", row): null

2023-02-22 19:04:04 - [TEST_STEP][PASSED] - appID = findTestData(dataFile).getValue("AppIDQA", row): null

2023-02-22 19:04:04 - [TEST_STEP][PASSED] - break: null

2023-02-22 19:04:04 - [TEST_STEP][PASSED] - if (ExecuteTC.equalsIgnoreCase("Y")): null

2023-02-22 19:04:04 - [TEST_STEP][PASSED] - out.println("Begin Record Number: " + row): null

2023-02-22 19:04:04 - [TEST_STEP][PASSED] - today = new java.util.Date(): null

2023-02-22 19:04:04 - [TEST_STEP][PASSED] - println(today): null

2023-02-22 19:04:04 - [TEST_STEP][PASSED] - datText = today: null

2023-02-22 19:04:04 - [TEST_STEP][PASSED] - adminSuiteBootstrap.loginFunctionality.login_AdminSuite(): adminSuiteBootstrap.loginFunctionality.login_AdminSuite is PASSED

2023-02-22 19:04:04 - [MESSAGE][INFO] - Starting 'Chrome' driver

2023-02-22 19:04:04 - [MESSAGE][INFO] - User set preference: ['acceptInsecureCerts', 'true']

2023-02-22 19:04:04 - [MESSAGE][INFO] - Action delay is set to 0 milliseconds

2023-02-22 19:04:06 - [MESSAGE][PASSED] - Browser is opened with url: 'https://qa.velocitypayment.com/admin/imtiaz'

2023-02-22 19:04:06 - [MESSAGE][PASSED] - Current window maximized

2023-02-22 19:04:07 - [MESSAGE][PASSED] - Object 'Object Repository/Login_Page/Login_Username' is present

2023-02-22 19:04:07 - [MESSAGE][PASSED] - Text 'iahmed' is set on object 'Object Repository/Login_Page/Login_Username'

2023-02-22 19:04:08 - [MESSAGE][PASSED] - Text 'hello2222' is set on object 'Object Repository/Login_Page/Login_Password'

2023-02-22 19:04:11 - [MESSAGE][PASSED] - Object: 'Object Repository/Login_Page/Login_Submit' is clicked on

2023-02-22 19:04:11 - [MESSAGE][PASSED] - adminSuiteBootstrap.loginFunctionality.login_AdminSuite is PASSED

2023-02-22 19:04:11 - [TEST_STEP][PASSED] - click(findTestObject(path_Dashboard + appName)): Object: 'Object Repository/AdminSuiteBootstrap_Pages/Dashboard_Bootstrap/a_Access AutoDualCFtpQA' is clicked on

2023-02-22 19:04:12 - [MESSAGE][PASSED] - Object: 'Object Repository/AdminSuiteBootstrap_Pages/Dashboard_Bootstrap/a_Access AutoDualCFtpQA' is clicked on

2023-02-22 19:04:12 - [TEST_STEP][PASSED] - click(findTestObject(path_VT + "a_Find Profile")): Object: 'Object Repository/AdminSuiteBootstrap_Pages/VT_Bootstrap/IssueTransactions/a_Find Profile' is clicked on

2023-02-22 19:04:12 - [MESSAGE][PASSED] - Object: 'Object Repository/AdminSuiteBootstrap_Pages/VT_Bootstrap/IssueTransactions/a_Find Profile' is clicked on

2023-02-22 19:04:12 - [TEST_STEP][PASSED] - criteria = <not implemented yet for class: org.codehaus.groovy.ast.expr.EmptyExpression>: null

2023-02-22 19:04:12 - [TEST_STEP][PASSED] - searchBy = <not implemented yet for class: org.codehaus.groovy.ast.expr.EmptyExpression>: null

2023-02-22 19:04:12 - [TEST_STEP][PASSED] - criteria = findTestData(dataFile).getValue("ProfileName", row): null

2023-02-22 19:04:12 - [TEST_STEP][PASSED] - path_SearchProfile = "Object Repository/AdminSuiteBootstrap_Pages/VSP_Bootstrap/SearchProfile/": null

2023-02-22 19:04:12 - [TEST_STEP][PASSED] - setText(findTestObject(path_SearchProfile + "input_Criteria"), criteria): Text 'PaymentsPS' is set on object 'Object Repository/AdminSuiteBootstrap_Pages/VSP_Bootstrap/SearchProfile/input_Criteria'

2023-02-22 19:04:13 - [MESSAGE][PASSED] - Text 'PaymentsPS' is set on object 'Object Repository/AdminSuiteBootstrap_Pages/VSP_Bootstrap/SearchProfile/input_Criteria'

2023-02-22 19:04:13 - [TEST_STEP][PASSED] - click(findTestObject(path_SearchProfile + "button_Search")): Object: 'Object Repository/AdminSuiteBootstrap_Pages/VSP_Bootstrap/SearchProfile/button_Search' is clicked on

2023-02-22 19:04:14 - [MESSAGE][PASSED] - Object: 'Object Repository/AdminSuiteBootstrap_Pages/VSP_Bootstrap/SearchProfile/button_Search' is clicked on

2023-02-22 19:04:14 - [TEST_STEP][PASSED] - profNameLink = findTestData(dataFile).getValue("ProfileNameLink", row): null

2023-02-22 19:04:14 - [TEST_STEP][PASSED] - click(findTestObject(path_ViewProfile + profNameLink)): Object: 'Object Repository/AdminSuiteBootstrap_Pages/VSP_Bootstrap/View Profile/a_PaymentsPS' is clicked on

2023-02-22 19:04:15 - [MESSAGE][PASSED] - Object: 'Object Repository/AdminSuiteBootstrap_Pages/VSP_Bootstrap/View Profile/a_PaymentsPS' is clicked on

2023-02-22 19:04:15 - [TEST_STEP][PASSED] - click(findTestObject(path_ViewProfile + "a_Debit")): Object: 'Object Repository/AdminSuiteBootstrap_Pages/VSP_Bootstrap/View Profile/a_Debit' is clicked on

2023-02-22 19:04:16 - [MESSAGE][PASSED] - Object: 'Object Repository/AdminSuiteBootstrap_Pages/VSP_Bootstrap/View Profile/a_Debit' is clicked on

2023-02-22 19:04:16 - [TEST_STEP][PASSED] - verifyTextPresent("Remittance ID", true): Text 'Remittance ID' is present on page  using regular expression

2023-02-22 19:04:17 - [MESSAGE][PASSED] - Text 'Remittance ID' is present on page  using regular expression

2023-02-22 19:04:17 - [TEST_STEP][PASSED] - vspBootstrap.ACHDebitPage.setDataACHDebit(row, dataFile): vspBootstrap.ACHDebitPage.setDataACHDebit is PASSED

2023-02-22 19:04:19 - [MESSAGE][PASSED] - All options with value 'PPD' are selected in object 'Object Repository/AdminSuiteBootstrap_Pages/VSP_Bootstrap/VSP_Debit/select_StdEntryClass'  using regular expression

2023-02-22 19:04:19 - [MESSAGE][PASSED] - Text '' is set on object 'Object Repository/AdminSuiteBootstrap_Pages/VSP_Bootstrap/VSP_Debit/input_smsNumber'

2023-02-22 19:04:20 - [MESSAGE][PASSED] - Text '2.50' is set on object 'Object Repository/AdminSuiteBootstrap_Pages/VSP_Bootstrap/VSP_Debit/input_amount'

2023-02-22 19:04:21 - [MESSAGE][PASSED] - Text 'Delhi' is set on object 'Object Repository/AdminSuiteBootstrap_Pages/VSP_Bootstrap/VSP_Debit/input_userDefined1'

2023-02-22 19:04:22 - [MESSAGE][PASSED] - Text 'Chennai' is set on object 'Object Repository/AdminSuiteBootstrap_Pages/VSP_Bootstrap/VSP_Debit/input_userDefined2'

2023-02-22 19:04:22 - [MESSAGE][PASSED] - Text 'Mumbai' is set on object 'Object Repository/AdminSuiteBootstrap_Pages/VSP_Bootstrap/VSP_Debit/input_userDefined3'

2023-02-22 19:04:23 - [MESSAGE][PASSED] - Text 'Kanpur' is set on object 'Object Repository/AdminSuiteBootstrap_Pages/VSP_Bootstrap/VSP_Debit/input_userDefined4'

2023-02-22 19:04:24 - [MESSAGE][PASSED] - All options with label 'Orange' are selected in object 'Object Repository/AdminSuiteBootstrap_Pages/VSP_Bootstrap/VSP_Debit/select_UDF5'  using regular expression

2023-02-22 19:04:25 - [MESSAGE][PASSED] - All options with label 'Yellow' are selected in object 'Object Repository/AdminSuiteBootstrap_Pages/VSP_Bootstrap/VSP_Debit/select_UDF6'  using regular expression

2023-02-22 19:04:26 - [MESSAGE][PASSED] - Text 'Kolkata' is set on object 'Object Repository/AdminSuiteBootstrap_Pages/VSP_Bootstrap/VSP_Debit/input_userDefined7'

2023-02-22 19:04:27 - [MESSAGE][PASSED] - Text 'Pune' is set on object 'Object Repository/AdminSuiteBootstrap_Pages/VSP_Bootstrap/VSP_Debit/input_userDefined8'

2023-02-22 19:04:27 - [MESSAGE][PASSED] - Text 'Bhavnagar' is set on object 'Object Repository/AdminSuiteBootstrap_Pages/VSP_Bootstrap/VSP_Debit/input_userDefined9'

2023-02-22 19:04:28 - [MESSAGE][PASSED] - Text 'Noida' is set on object 'Object Repository/AdminSuiteBootstrap_Pages/VSP_Bootstrap/VSP_Debit/input_userDefined10'

2023-02-22 19:04:30 - [MESSAGE][PASSED] - Object: 'Object Repository/AdminSuiteBootstrap_Pages/VSP_Bootstrap/VSP_Debit/button_Submit' is clicked on

2023-02-22 19:04:30 - [MESSAGE][PASSED] - vspBootstrap.ACHDebitPage.setDataACHDebit is PASSED

2023-02-22 19:04:30 - [TEST_STEP][PASSED] - verifyTextPresent("Transaction Successful", true): Text 'Transaction Successful' is present on page  using regular expression

2023-02-22 19:04:30 - [MESSAGE][PASSED] - Text 'Transaction Successful' is present on page  using regular expression

2023-02-22 19:04:30 - [TEST_STEP][PASSED] - verifyElementVisible(findTestObject("Object Repository/AdminSuiteBootstrap_Pages/VT_Bootstrap/Receipt/button_Continue")): Object 'Object Repository/AdminSuiteBootstrap_Pages/VT_Bootstrap/Receipt/button_Continue' is visible

2023-02-22 19:04:30 - [MESSAGE][PASSED] - Object 'Object Repository/AdminSuiteBootstrap_Pages/VT_Bootstrap/Receipt/button_Continue' is visible

2023-02-22 19:04:30 - [TEST_STEP][PASSED] - verifyElementPresent(findTestObject("Object Repository/AdminSuiteBootstrap_Pages/VT_Bootstrap/Receipt/button_Continue"), 20): Object 'Object Repository/AdminSuiteBootstrap_Pages/VT_Bootstrap/Receipt/button_Continue' is present

2023-02-22 19:04:31 - [MESSAGE][PASSED] - Object 'Object Repository/AdminSuiteBootstrap_Pages/VT_Bootstrap/Receipt/button_Continue' is present

2023-02-22 19:04:31 - [TEST_STEP][PASSED] - verifyElementVisible(findTestObject("Object Repository/AdminSuiteBootstrap_Pages/VT_Bootstrap/Receipt/button_Print")): Object 'Object Repository/AdminSuiteBootstrap_Pages/VT_Bootstrap/Receipt/button_Print' is visible

2023-02-22 19:04:31 - [MESSAGE][PASSED] - Object 'Object Repository/AdminSuiteBootstrap_Pages/VT_Bootstrap/Receipt/button_Print' is visible

2023-02-22 19:04:31 - [TEST_STEP][PASSED] - verifyElementPresent(findTestObject("Object Repository/AdminSuiteBootstrap_Pages/VT_Bootstrap/Receipt/button_Print"), 20): Object 'Object Repository/AdminSuiteBootstrap_Pages/VT_Bootstrap/Receipt/button_Print' is present

2023-02-22 19:04:32 - [MESSAGE][PASSED] - Object 'Object Repository/AdminSuiteBootstrap_Pages/VT_Bootstrap/Receipt/button_Print' is present

2023-02-22 19:04:32 - [TEST_STEP][PASSED] - verifyTextPresent("Remittance ID", true): Text 'Remittance ID' is present on page  using regular expression

2023-02-22 19:04:32 - [MESSAGE][PASSED] - Text 'Remittance ID' is present on page  using regular expression

2023-02-22 19:04:32 - [TEST_STEP][PASSED] - verifyTextPresent("Received", true): Text 'Received' is present on page  using regular expression

2023-02-22 19:04:32 - [MESSAGE][PASSED] - Text 'Received' is present on page  using regular expression

2023-02-22 19:04:32 - [TEST_STEP][PASSED] - verifyTextPresent("UDF1", true): Text 'UDF1' is present on page  using regular expression

2023-02-22 19:04:32 - [MESSAGE][PASSED] - Text 'UDF1' is present on page  using regular expression

2023-02-22 19:04:32 - [TEST_STEP][PASSED] - verifyTextPresent("UDF2", true): Text 'UDF2' is present on page  using regular expression

2023-02-22 19:04:33 - [MESSAGE][PASSED] - Text 'UDF2' is present on page  using regular expression

2023-02-22 19:04:33 - [TEST_STEP][PASSED] - verifyTextPresent("UDF3", true): Text 'UDF3' is present on page  using regular expression

2023-02-22 19:04:33 - [MESSAGE][PASSED] - Text 'UDF3' is present on page  using regular expression

2023-02-22 19:04:33 - [TEST_STEP][PASSED] - verifyTextPresent("UDF4", true): Text 'UDF4' is present on page  using regular expression

2023-02-22 19:04:33 - [MESSAGE][PASSED] - Text 'UDF4' is present on page  using regular expression

2023-02-22 19:04:33 - [TEST_STEP][PASSED] - verifyTextPresent("UDF5", true): Text 'UDF5' is present on page  using regular expression

2023-02-22 19:04:34 - [MESSAGE][PASSED] - Text 'UDF5' is present on page  using regular expression

2023-02-22 19:04:34 - [TEST_STEP][PASSED] - verifyTextPresent("UDF6", true): Text 'UDF6' is present on page  using regular expression

2023-02-22 19:04:34 - [MESSAGE][PASSED] - Text 'UDF6' is present on page  using regular expression

2023-02-22 19:04:34 - [TEST_STEP][PASSED] - verifyTextPresent("UDF7", true): Text 'UDF7' is present on page  using regular expression

2023-02-22 19:04:34 - [MESSAGE][PASSED] - Text 'UDF7' is present on page  using regular expression

2023-02-22 19:04:34 - [TEST_STEP][PASSED] - verifyTextPresent("UDF8", true): Text 'UDF8' is present on page  using regular expression

2023-02-22 19:04:35 - [MESSAGE][PASSED] - Text 'UDF8' is present on page  using regular expression

2023-02-22 19:04:35 - [TEST_STEP][PASSED] - verifyTextPresent("UDF9", true): Text 'UDF9' is present on page  using regular expression

2023-02-22 19:04:35 - [MESSAGE][PASSED] - Text 'UDF9' is present on page  using regular expression

2023-02-22 19:04:35 - [TEST_STEP][PASSED] - verifyTextPresent("UDF 10", true): Text 'UDF 10' is present on page  using regular expression

2023-02-22 19:04:36 - [MESSAGE][PASSED] - Text 'UDF 10' is present on page  using regular expression

2023-02-22 19:04:36 - [TEST_STEP][PASSED] - verifyTextPresent("Delhi", true): Text 'Delhi' is present on page  using regular expression

2023-02-22 19:04:36 - [MESSAGE][PASSED] - Text 'Delhi' is present on page  using regular expression

2023-02-22 19:04:36 - [TEST_STEP][PASSED] - verifyTextPresent("Chennai", true): Text 'Chennai' is present on page  using regular expression

2023-02-22 19:04:36 - [MESSAGE][PASSED] - Text 'Chennai' is present on page  using regular expression

2023-02-22 19:04:36 - [TEST_STEP][PASSED] - verifyTextPresent("Mumbai", true): Text 'Mumbai' is present on page  using regular expression

2023-02-22 19:04:37 - [MESSAGE][PASSED] - Text 'Mumbai' is present on page  using regular expression

2023-02-22 19:04:37 - [TEST_STEP][PASSED] - verifyTextPresent("Kanpur", true): Text 'Kanpur' is present on page  using regular expression

2023-02-22 19:04:37 - [MESSAGE][PASSED] - Text 'Kanpur' is present on page  using regular expression

2023-02-22 19:04:37 - [TEST_STEP][PASSED] - verifyTextPresent("Orange Recorded", true): Text 'Orange Recorded' is present on page  using regular expression

2023-02-22 19:04:37 - [MESSAGE][PASSED] - Text 'Orange Recorded' is present on page  using regular expression

2023-02-22 19:04:37 - [TEST_STEP][PASSED] - verifyTextPresent("Yellow Recorded", true): Text 'Yellow Recorded' is present on page  using regular expression

2023-02-22 19:04:38 - [MESSAGE][PASSED] - Text 'Yellow Recorded' is present on page  using regular expression

2023-02-22 19:04:38 - [TEST_STEP][PASSED] - verifyTextPresent("Kolkata", true): Text 'Kolkata' is present on page  using regular expression

2023-02-22 19:04:38 - [MESSAGE][PASSED] - Text 'Kolkata' is present on page  using regular expression

2023-02-22 19:04:38 - [TEST_STEP][PASSED] - verifyTextPresent("Pune", true): Text 'Pune' is present on page  using regular expression

2023-02-22 19:04:38 - [MESSAGE][PASSED] - Text 'Pune' is present on page  using regular expression

2023-02-22 19:04:38 - [TEST_STEP][PASSED] - verifyTextPresent("Bhavnagar", true): Text 'Bhavnagar' is present on page  using regular expression

2023-02-22 19:04:39 - [MESSAGE][PASSED] - Text 'Bhavnagar' is present on page  using regular expression

2023-02-22 19:04:39 - [TEST_STEP][PASSED] - verifyTextPresent("Noida", true): Text 'Noida' is present on page  using regular expression

2023-02-22 19:04:39 - [MESSAGE][PASSED] - Text 'Noida' is present on page  using regular expression

2023-02-22 19:04:39 - [TEST_STEP][PASSED] - verifyTextPresent("Amount", true): Text 'Amount' is present on page  using regular expression

2023-02-22 19:04:39 - [MESSAGE][PASSED] - Text 'Amount' is present on page  using regular expression

2023-02-22 19:04:39 - [TEST_STEP][PASSED] - verifyTextPresent("2.50", true): Text '2.50' is present on page  using regular expression

2023-02-22 19:04:39 - [MESSAGE][PASSED] - Text '2.50' is present on page  using regular expression

2023-02-22 19:04:39 - [TEST_STEP][PASSED] - verifyTextPresent("Transaction Type", true): Text 'Transaction Type' is present on page  using regular expression

2023-02-22 19:04:40 - [MESSAGE][PASSED] - Text 'Transaction Type' is present on page  using regular expression

2023-02-22 19:04:40 - [TEST_STEP][PASSED] - verifyTextPresent("Debit", true): Text 'Debit' is present on page  using regular expression

2023-02-22 19:04:40 - [MESSAGE][PASSED] - Text 'Debit' is present on page  using regular expression

2023-02-22 19:04:40 - [TEST_STEP][PASSED] - verifyTextPresent("Check Information", true): Text 'Check Information' is present on page  using regular expression

2023-02-22 19:04:40 - [MESSAGE][PASSED] - Text 'Check Information' is present on page  using regular expression

2023-02-22 19:04:40 - [TEST_STEP][PASSED] - verifyTextPresent("Account Type", true): Text 'Account Type' is present on page  using regular expression

2023-02-22 19:04:41 - [MESSAGE][PASSED] - Text 'Account Type' is present on page  using regular expression

2023-02-22 19:04:41 - [TEST_STEP][PASSED] - verifyTextPresent("Account Number", true): Text 'Account Number' is present on page  using regular expression

2023-02-22 19:04:41 - [MESSAGE][PASSED] - Text 'Account Number' is present on page  using regular expression

2023-02-22 19:04:41 - [TEST_STEP][PASSED] - verifyTextPresent("Routing Number", true): Text 'Routing Number' is present on page  using regular expression

2023-02-22 19:04:41 - [MESSAGE][PASSED] - Text 'Routing Number' is present on page  using regular expression

2023-02-22 19:04:41 - [TEST_STEP][PASSED] - verifyTextPresent("Address Line 1", true): Text 'Address Line 1' is present on page  using regular expression

2023-02-22 19:04:42 - [MESSAGE][PASSED] - Text 'Address Line 1' is present on page  using regular expression

2023-02-22 19:04:42 - [TEST_STEP][PASSED] - verifyTextPresent("Address Line 2", true): Text 'Address Line 2' is present on page  using regular expression

2023-02-22 19:04:42 - [MESSAGE][PASSED] - Text 'Address Line 2' is present on page  using regular expression

2023-02-22 19:04:42 - [TEST_STEP][PASSED] - verifyTextPresent("Country", true): Text 'Country' is present on page  using regular expression

2023-02-22 19:04:42 - [MESSAGE][PASSED] - Text 'Country' is present on page  using regular expression

2023-02-22 19:04:42 - [TEST_STEP][PASSED] - verifyTextPresent("City", true): Text 'City' is present on page  using regular expression

2023-02-22 19:04:43 - [MESSAGE][PASSED] - Text 'City' is present on page  using regular expression

2023-02-22 19:04:43 - [TEST_STEP][PASSED] - verifyTextPresent("State", true): Text 'State' is present on page  using regular expression

2023-02-22 19:04:43 - [MESSAGE][PASSED] - Text 'State' is present on page  using regular expression

2023-02-22 19:04:43 - [TEST_STEP][PASSED] - verifyTextPresent("ZIP Code", true): Text 'ZIP Code' is present on page  using regular expression

2023-02-22 19:04:43 - [MESSAGE][PASSED] - Text 'ZIP Code' is present on page  using regular expression

2023-02-22 19:04:43 - [TEST_STEP][PASSED] - verifyTextPresent("248 PhoolKaante road", true): Text '248 PhoolKaante road' is present on page  using regular expression

2023-02-22 19:04:44 - [MESSAGE][PASSED] - Text '248 PhoolKaante road' is present on page  using regular expression

2023-02-22 19:04:44 - [TEST_STEP][PASSED] - verifyTextPresent("Suite 678", true): Text 'Suite 678' is present on page  using regular expression

2023-02-22 19:04:44 - [MESSAGE][PASSED] - Text 'Suite 678' is present on page  using regular expression

2023-02-22 19:04:44 - [TEST_STEP][PASSED] - verifyTextPresent("United States", true): Text 'United States' is present on page  using regular expression

2023-02-22 19:04:44 - [MESSAGE][PASSED] - Text 'United States' is present on page  using regular expression

2023-02-22 19:04:44 - [TEST_STEP][PASSED] - verifyTextPresent("ARLINGTON", true): Text 'ARLINGTON' is present on page  using regular expression

2023-02-22 19:04:45 - [MESSAGE][PASSED] - Text 'ARLINGTON' is present on page  using regular expression

2023-02-22 19:04:45 - [TEST_STEP][PASSED] - verifyTextPresent("Virginia", true): Text 'Virginia' is present on page  using regular expression

2023-02-22 19:04:45 - [MESSAGE][PASSED] - Text 'Virginia' is present on page  using regular expression

2023-02-22 19:04:45 - [TEST_STEP][PASSED] - verifyTextPresent("22201", true): Text '22201' is present on page  using regular expression

2023-02-22 19:04:45 - [MESSAGE][PASSED] - Text '22201' is present on page  using regular expression

2023-02-22 19:04:45 - [TEST_STEP][PASSED] - tranType = findTestData(dataFile).getValue("TranType", row): null

2023-02-22 19:04:45 - [TEST_STEP][PASSED] - last4V = findTestData(dataFile).getValue("Last4", row): null

2023-02-22 19:04:45 - [TEST_STEP][PASSED] - verifyTextPresent(tranType, true): Text 'Savings' is present on page  using regular expression

2023-02-22 19:04:46 - [MESSAGE][PASSED] - Text 'Savings' is present on page  using regular expression

2023-02-22 19:04:46 - [TEST_STEP][PASSED] - verifyTextPresent(last4V, true): Text '3333' is present on page  using regular expression

2023-02-22 19:04:46 - [MESSAGE][PASSED] - Text '3333' is present on page  using regular expression

2023-02-22 19:04:46 - [TEST_STEP][PASSED] - if (profNameLink.equalsIgnoreCase("a_PaymentsPC")): null

2023-02-22 19:04:46 - [TEST_STEP][PASSED] - if (profNameLink.equalsIgnoreCase("a_PaymentsPS")): Text 'TANDON RAVENA' is present on page  using regular expression

2023-02-22 19:04:46 - [TEST_STEP][PASSED] - verifyTextPresent("Name on Account", true): Text 'Name on Account' is present on page  using regular expression

2023-02-22 19:04:46 - [MESSAGE][PASSED] - Text 'Name on Account' is present on page  using regular expression

2023-02-22 19:04:46 - [TEST_STEP][PASSED] - verifyTextPresent("TANDON RAVENA", true): Text 'TANDON RAVENA' is present on page  using regular expression

2023-02-22 19:04:47 - [MESSAGE][PASSED] - Text 'TANDON RAVENA' is present on page  using regular expression

2023-02-22 19:04:47 - [TEST_STEP][PASSED] - if (profNameLink.equalsIgnoreCase("a_PaymentsCorp")): null

2023-02-22 19:04:47 - [TEST_STEP][PASSED] - switch (appName): null

2023-02-22 19:04:47 - [TEST_STEP][PASSED] - case "a_Access AutoDualCFtpQA":: null

2023-02-22 19:04:47 - [TEST_STEP][PASSED] - verifyTextPresent("5.00", true): Text '5.00' is present on page  using regular expression

2023-02-22 19:04:47 - [MESSAGE][PASSED] - Text '5.00' is present on page  using regular expression

2023-02-22 19:04:47 - [TEST_STEP][PASSED] - verifyTextPresent("Dual Transaction", true): Text 'Dual Transaction' is present on page  using regular expression

2023-02-22 19:04:47 - [MESSAGE][PASSED] - Text 'Dual Transaction' is present on page  using regular expression

2023-02-22 19:04:47 - [TEST_STEP][PASSED] - verifyTextPresent("7.50", true): Text '7.50' is present on page  using regular expression

2023-02-22 19:04:48 - [MESSAGE][PASSED] - Text '7.50' is present on page  using regular expression

2023-02-22 19:04:48 - [TEST_STEP][PASSED] - verifyTextPresent("Total Amount", true): Text 'Total Amount' is present on page  using regular expression

2023-02-22 19:04:48 - [MESSAGE][PASSED] - Text 'Total Amount' is present on page  using regular expression

2023-02-22 19:04:48 - [TEST_STEP][PASSED] - verifyTextPresent("Transaction Type", true): Text 'Transaction Type' is present on page  using regular expression

2023-02-22 19:04:48 - [MESSAGE][PASSED] - Text 'Transaction Type' is present on page  using regular expression

2023-02-22 19:04:48 - [TEST_STEP][PASSED] - break: null

2023-02-22 19:04:48 - [TEST_STEP][PASSED] - closeBrowser(): Browser is closed

2023-02-22 19:04:49 - [MESSAGE][PASSED] - Browser is closed

2023-02-22 19:04:49 - [TEST_STEP][PASSED] - ExecuteTC = findTestData(dataFile).getValue("Execute", row): null

2023-02-22 19:04:49 - [TEST_STEP][PASSED] - out.println("Value of Execute is : " + ExecuteTC): null

2023-02-22 19:04:49 - [TEST_STEP][PASSED] - switch (executionProfile): null

2023-02-22 19:04:49 - [TEST_STEP][PASSED] - case "QAProfile":: null

2023-02-22 19:04:49 - [TEST_STEP][PASSED] - appName = findTestData(dataFile).getValue("AppNameQA", row): null

2023-02-22 19:04:49 - [TEST_STEP][PASSED] - appID = findTestData(dataFile).getValue("AppIDQA", row): null

2023-02-22 19:04:50 - [TEST_STEP][PASSED] - break: null

2023-02-22 19:04:50 - [TEST_STEP][PASSED] - if (ExecuteTC.equalsIgnoreCase("Y")): null

2023-02-22 19:04:50 - [TEST_STEP][PASSED] - out.println("Begin Record Number: " + row): null

2023-02-22 19:04:50 - [TEST_STEP][PASSED] - today = new java.util.Date(): null

2023-02-22 19:04:50 - [TEST_STEP][PASSED] - println(today): null

2023-02-22 19:04:50 - [TEST_STEP][PASSED] - datText = today: null

2023-02-22 19:04:50 - [TEST_STEP][PASSED] - adminSuiteBootstrap.loginFunctionality.login_AdminSuite(): adminSuiteBootstrap.loginFunctionality.login_AdminSuite is PASSED

2023-02-22 19:04:50 - [MESSAGE][INFO] - Starting 'Chrome' driver

2023-02-22 19:04:50 - [MESSAGE][INFO] - User set preference: ['acceptInsecureCerts', 'true']

2023-02-22 19:04:50 - [MESSAGE][INFO] - Action delay is set to 0 milliseconds

2023-02-22 19:04:52 - [MESSAGE][PASSED] - Browser is opened with url: 'https://qa.velocitypayment.com/admin/imtiaz'

2023-02-22 19:04:52 - [MESSAGE][PASSED] - Current window maximized

2023-02-22 19:04:53 - [MESSAGE][PASSED] - Object 'Object Repository/Login_Page/Login_Username' is present

2023-02-22 19:04:54 - [MESSAGE][PASSED] - Text 'iahmed' is set on object 'Object Repository/Login_Page/Login_Username'

2023-02-22 19:04:54 - [MESSAGE][PASSED] - Text 'hello2222' is set on object 'Object Repository/Login_Page/Login_Password'

2023-02-22 19:04:57 - [MESSAGE][PASSED] - Object: 'Object Repository/Login_Page/Login_Submit' is clicked on

2023-02-22 19:04:57 - [MESSAGE][PASSED] - adminSuiteBootstrap.loginFunctionality.login_AdminSuite is PASSED

2023-02-22 19:04:57 - [TEST_STEP][PASSED] - click(findTestObject(path_Dashboard + appName)): Object: 'Object Repository/AdminSuiteBootstrap_Pages/Dashboard_Bootstrap/a_Access AutoDualCFtpQA' is clicked on

2023-02-22 19:04:58 - [MESSAGE][PASSED] - Object: 'Object Repository/AdminSuiteBootstrap_Pages/Dashboard_Bootstrap/a_Access AutoDualCFtpQA' is clicked on

2023-02-22 19:04:58 - [TEST_STEP][PASSED] - click(findTestObject(path_VT + "a_Find Profile")): Object: 'Object Repository/AdminSuiteBootstrap_Pages/VT_Bootstrap/IssueTransactions/a_Find Profile' is clicked on

2023-02-22 19:04:59 - [MESSAGE][PASSED] - Object: 'Object Repository/AdminSuiteBootstrap_Pages/VT_Bootstrap/IssueTransactions/a_Find Profile' is clicked on

2023-02-22 19:04:59 - [TEST_STEP][PASSED] - criteria = <not implemented yet for class: org.codehaus.groovy.ast.expr.EmptyExpression>: null

2023-02-22 19:04:59 - [TEST_STEP][PASSED] - searchBy = <not implemented yet for class: org.codehaus.groovy.ast.expr.EmptyExpression>: null

2023-02-22 19:04:59 - [TEST_STEP][PASSED] - criteria = findTestData(dataFile).getValue("ProfileName", row): null

2023-02-22 19:04:59 - [TEST_STEP][PASSED] - path_SearchProfile = "Object Repository/AdminSuiteBootstrap_Pages/VSP_Bootstrap/SearchProfile/": null

2023-02-22 19:04:59 - [TEST_STEP][PASSED] - setText(findTestObject(path_SearchProfile + "input_Criteria"), criteria): Text 'PaymentsPS' is set on object 'Object Repository/AdminSuiteBootstrap_Pages/VSP_Bootstrap/SearchProfile/input_Criteria'

2023-02-22 19:05:00 - [MESSAGE][PASSED] - Text 'PaymentsPS' is set on object 'Object Repository/AdminSuiteBootstrap_Pages/VSP_Bootstrap/SearchProfile/input_Criteria'

2023-02-22 19:05:00 - [TEST_STEP][PASSED] - click(findTestObject(path_SearchProfile + "button_Search")): Object: 'Object Repository/AdminSuiteBootstrap_Pages/VSP_Bootstrap/SearchProfile/button_Search' is clicked on

2023-02-22 19:05:01 - [MESSAGE][PASSED] - Object: 'Object Repository/AdminSuiteBootstrap_Pages/VSP_Bootstrap/SearchProfile/button_Search' is clicked on

2023-02-22 19:05:01 - [TEST_STEP][PASSED] - profNameLink = findTestData(dataFile).getValue("ProfileNameLink", row): null

2023-02-22 19:05:01 - [TEST_STEP][PASSED] - click(findTestObject(path_ViewProfile + profNameLink)): Object: 'Object Repository/AdminSuiteBootstrap_Pages/VSP_Bootstrap/View Profile/a_PaymentsPS' is clicked on

2023-02-22 19:05:02 - [MESSAGE][PASSED] - Object: 'Object Repository/AdminSuiteBootstrap_Pages/VSP_Bootstrap/View Profile/a_PaymentsPS' is clicked on

2023-02-22 19:05:02 - [TEST_STEP][PASSED] - click(findTestObject(path_ViewProfile + "a_Debit")): Object: 'Object Repository/AdminSuiteBootstrap_Pages/VSP_Bootstrap/View Profile/a_Debit' is clicked on

2023-02-22 19:05:03 - [MESSAGE][PASSED] - Object: 'Object Repository/AdminSuiteBootstrap_Pages/VSP_Bootstrap/View Profile/a_Debit' is clicked on

2023-02-22 19:05:03 - [TEST_STEP][PASSED] - verifyTextPresent("Remittance ID", true): Text 'Remittance ID' is present on page  using regular expression

2023-02-22 19:05:04 - [MESSAGE][PASSED] - Text 'Remittance ID' is present on page  using regular expression

2023-02-22 19:05:04 - [TEST_STEP][PASSED] - vspBootstrap.ACHDebitPage.setDataACHDebit(row, dataFile): vspBootstrap.ACHDebitPage.setDataACHDebit is PASSED

2023-02-22 19:05:06 - [MESSAGE][PASSED] - All options with value 'TEL' are selected in object 'Object Repository/AdminSuiteBootstrap_Pages/VSP_Bootstrap/VSP_Debit/select_StdEntryClass'  using regular expression

2023-02-22 19:05:06 - [MESSAGE][PASSED] - Text '' is set on object 'Object Repository/AdminSuiteBootstrap_Pages/VSP_Bootstrap/VSP_Debit/input_smsNumber'

2023-02-22 19:05:07 - [MESSAGE][PASSED] - Text '2.50' is set on object 'Object Repository/AdminSuiteBootstrap_Pages/VSP_Bootstrap/VSP_Debit/input_amount'

2023-02-22 19:05:08 - [MESSAGE][PASSED] - Text 'Delhi' is set on object 'Object Repository/AdminSuiteBootstrap_Pages/VSP_Bootstrap/VSP_Debit/input_userDefined1'

2023-02-22 19:05:09 - [MESSAGE][PASSED] - Text 'Chennai' is set on object 'Object Repository/AdminSuiteBootstrap_Pages/VSP_Bootstrap/VSP_Debit/input_userDefined2'

2023-02-22 19:05:09 - [MESSAGE][PASSED] - Text 'Mumbai' is set on object 'Object Repository/AdminSuiteBootstrap_Pages/VSP_Bootstrap/VSP_Debit/input_userDefined3'

2023-02-22 19:05:10 - [MESSAGE][PASSED] - Text 'Kanpur' is set on object 'Object Repository/AdminSuiteBootstrap_Pages/VSP_Bootstrap/VSP_Debit/input_userDefined4'

2023-02-22 19:05:11 - [MESSAGE][PASSED] - All options with label 'Orange' are selected in object 'Object Repository/AdminSuiteBootstrap_Pages/VSP_Bootstrap/VSP_Debit/select_UDF5'  using regular expression

2023-02-22 19:05:12 - [MESSAGE][PASSED] - All options with label 'Yellow' are selected in object 'Object Repository/AdminSuiteBootstrap_Pages/VSP_Bootstrap/VSP_Debit/select_UDF6'  using regular expression

2023-02-22 19:05:13 - [MESSAGE][PASSED] - Text 'Kolkata' is set on object 'Object Repository/AdminSuiteBootstrap_Pages/VSP_Bootstrap/VSP_Debit/input_userDefined7'

2023-02-22 19:05:13 - [MESSAGE][PASSED] - Text 'Pune' is set on object 'Object Repository/AdminSuiteBootstrap_Pages/VSP_Bootstrap/VSP_Debit/input_userDefined8'

2023-02-22 19:05:14 - [MESSAGE][PASSED] - Text 'Bhavnagar' is set on object 'Object Repository/AdminSuiteBootstrap_Pages/VSP_Bootstrap/VSP_Debit/input_userDefined9'

2023-02-22 19:05:15 - [MESSAGE][PASSED] - Text 'Noida' is set on object 'Object Repository/AdminSuiteBootstrap_Pages/VSP_Bootstrap/VSP_Debit/input_userDefined10'

2023-02-22 19:05:16 - [MESSAGE][PASSED] - Object: 'Object Repository/AdminSuiteBootstrap_Pages/VSP_Bootstrap/VSP_Debit/button_Submit' is clicked on

2023-02-22 19:05:16 - [MESSAGE][PASSED] - vspBootstrap.ACHDebitPage.setDataACHDebit is PASSED

2023-02-22 19:05:16 - [TEST_STEP][PASSED] - verifyTextPresent("Transaction Successful", true): Text 'Transaction Successful' is present on page  using regular expression

2023-02-22 19:05:17 - [MESSAGE][PASSED] - Text 'Transaction Successful' is present on page  using regular expression

2023-02-22 19:05:17 - [TEST_STEP][PASSED] - verifyElementVisible(findTestObject("Object Repository/AdminSuiteBootstrap_Pages/VT_Bootstrap/Receipt/button_Continue")): Object 'Object Repository/AdminSuiteBootstrap_Pages/VT_Bootstrap/Receipt/button_Continue' is visible

2023-02-22 19:05:17 - [MESSAGE][PASSED] - Object 'Object Repository/AdminSuiteBootstrap_Pages/VT_Bootstrap/Receipt/button_Continue' is visible

2023-02-22 19:05:17 - [TEST_STEP][PASSED] - verifyElementPresent(findTestObject("Object Repository/AdminSuiteBootstrap_Pages/VT_Bootstrap/Receipt/button_Continue"), 20): Object 'Object Repository/AdminSuiteBootstrap_Pages/VT_Bootstrap/Receipt/button_Continue' is present

2023-02-22 19:05:18 - [MESSAGE][PASSED] - Object 'Object Repository/AdminSuiteBootstrap_Pages/VT_Bootstrap/Receipt/button_Continue' is present

2023-02-22 19:05:18 - [TEST_STEP][PASSED] - verifyElementVisible(findTestObject("Object Repository/AdminSuiteBootstrap_Pages/VT_Bootstrap/Receipt/button_Print")): Object 'Object Repository/AdminSuiteBootstrap_Pages/VT_Bootstrap/Receipt/button_Print' is visible

2023-02-22 19:05:18 - [MESSAGE][PASSED] - Object 'Object Repository/AdminSuiteBootstrap_Pages/VT_Bootstrap/Receipt/button_Print' is visible

2023-02-22 19:05:18 - [TEST_STEP][PASSED] - verifyElementPresent(findTestObject("Object Repository/AdminSuiteBootstrap_Pages/VT_Bootstrap/Receipt/button_Print"), 20): Object 'Object Repository/AdminSuiteBootstrap_Pages/VT_Bootstrap/Receipt/button_Print' is present

2023-02-22 19:05:18 - [MESSAGE][PASSED] - Object 'Object Repository/AdminSuiteBootstrap_Pages/VT_Bootstrap/Receipt/button_Print' is present

2023-02-22 19:05:18 - [TEST_STEP][PASSED] - verifyTextPresent("Remittance ID", true): Text 'Remittance ID' is present on page  using regular expression

2023-02-22 19:05:19 - [MESSAGE][PASSED] - Text 'Remittance ID' is present on page  using regular expression

2023-02-22 19:05:19 - [TEST_STEP][PASSED] - verifyTextPresent("Received", true): Text 'Received' is present on page  using regular expression

2023-02-22 19:05:19 - [MESSAGE][PASSED] - Text 'Received' is present on page  using regular expression

2023-02-22 19:05:19 - [TEST_STEP][PASSED] - verifyTextPresent("UDF1", true): Text 'UDF1' is present on page  using regular expression

2023-02-22 19:05:19 - [MESSAGE][PASSED] - Text 'UDF1' is present on page  using regular expression

2023-02-22 19:05:19 - [TEST_STEP][PASSED] - verifyTextPresent("UDF2", true): Text 'UDF2' is present on page  using regular expression

2023-02-22 19:05:20 - [MESSAGE][PASSED] - Text 'UDF2' is present on page  using regular expression

2023-02-22 19:05:20 - [TEST_STEP][PASSED] - verifyTextPresent("UDF3", true): Text 'UDF3' is present on page  using regular expression

2023-02-22 19:05:20 - [MESSAGE][PASSED] - Text 'UDF3' is present on page  using regular expression

2023-02-22 19:05:20 - [TEST_STEP][PASSED] - verifyTextPresent("UDF4", true): Text 'UDF4' is present on page  using regular expression

2023-02-22 19:05:20 - [MESSAGE][PASSED] - Text 'UDF4' is present on page  using regular expression

2023-02-22 19:05:20 - [TEST_STEP][PASSED] - verifyTextPresent("UDF5", true): Text 'UDF5' is present on page  using regular expression

2023-02-22 19:05:21 - [MESSAGE][PASSED] - Text 'UDF5' is present on page  using regular expression

2023-02-22 19:05:21 - [TEST_STEP][PASSED] - verifyTextPresent("UDF6", true): Text 'UDF6' is present on page  using regular expression

2023-02-22 19:05:21 - [MESSAGE][PASSED] - Text 'UDF6' is present on page  using regular expression

2023-02-22 19:05:21 - [TEST_STEP][PASSED] - verifyTextPresent("UDF7", true): Text 'UDF7' is present on page  using regular expression

2023-02-22 19:05:21 - [MESSAGE][PASSED] - Text 'UDF7' is present on page  using regular expression

2023-02-22 19:05:21 - [TEST_STEP][PASSED] - verifyTextPresent("UDF8", true): Text 'UDF8' is present on page  using regular expression

2023-02-22 19:05:22 - [MESSAGE][PASSED] - Text 'UDF8' is present on page  using regular expression

2023-02-22 19:05:22 - [TEST_STEP][PASSED] - verifyTextPresent("UDF9", true): Text 'UDF9' is present on page  using regular expression

2023-02-22 19:05:22 - [MESSAGE][PASSED] - Text 'UDF9' is present on page  using regular expression

2023-02-22 19:05:22 - [TEST_STEP][PASSED] - verifyTextPresent("UDF 10", true): Text 'UDF 10' is present on page  using regular expression

2023-02-22 19:05:22 - [MESSAGE][PASSED] - Text 'UDF 10' is present on page  using regular expression

2023-02-22 19:05:22 - [TEST_STEP][PASSED] - verifyTextPresent("Delhi", true): Text 'Delhi' is present on page  using regular expression

2023-02-22 19:05:23 - [MESSAGE][PASSED] - Text 'Delhi' is present on page  using regular expression

2023-02-22 19:05:23 - [TEST_STEP][PASSED] - verifyTextPresent("Chennai", true): Text 'Chennai' is present on page  using regular expression

2023-02-22 19:05:23 - [MESSAGE][PASSED] - Text 'Chennai' is present on page  using regular expression

2023-02-22 19:05:23 - [TEST_STEP][PASSED] - verifyTextPresent("Mumbai", true): Text 'Mumbai' is present on page  using regular expression

2023-02-22 19:05:23 - [MESSAGE][PASSED] - Text 'Mumbai' is present on page  using regular expression

2023-02-22 19:05:23 - [TEST_STEP][PASSED] - verifyTextPresent("Kanpur", true): Text 'Kanpur' is present on page  using regular expression

2023-02-22 19:05:24 - [MESSAGE][PASSED] - Text 'Kanpur' is present on page  using regular expression

2023-02-22 19:05:24 - [TEST_STEP][PASSED] - verifyTextPresent("Orange Recorded", true): Text 'Orange Recorded' is present on page  using regular expression

2023-02-22 19:05:24 - [MESSAGE][PASSED] - Text 'Orange Recorded' is present on page  using regular expression

2023-02-22 19:05:24 - [TEST_STEP][PASSED] - verifyTextPresent("Yellow Recorded", true): Text 'Yellow Recorded' is present on page  using regular expression

2023-02-22 19:05:24 - [MESSAGE][PASSED] - Text 'Yellow Recorded' is present on page  using regular expression

2023-02-22 19:05:24 - [TEST_STEP][PASSED] - verifyTextPresent("Kolkata", true): Text 'Kolkata' is present on page  using regular expression

2023-02-22 19:05:25 - [MESSAGE][PASSED] - Text 'Kolkata' is present on page  using regular expression

2023-02-22 19:05:25 - [TEST_STEP][PASSED] - verifyTextPresent("Pune", true): Text 'Pune' is present on page  using regular expression

2023-02-22 19:05:25 - [MESSAGE][PASSED] - Text 'Pune' is present on page  using regular expression

2023-02-22 19:05:25 - [TEST_STEP][PASSED] - verifyTextPresent("Bhavnagar", true): Text 'Bhavnagar' is present on page  using regular expression

2023-02-22 19:05:25 - [MESSAGE][PASSED] - Text 'Bhavnagar' is present on page  using regular expression

2023-02-22 19:05:25 - [TEST_STEP][PASSED] - verifyTextPresent("Noida", true): Text 'Noida' is present on page  using regular expression

2023-02-22 19:05:26 - [MESSAGE][PASSED] - Text 'Noida' is present on page  using regular expression

2023-02-22 19:05:26 - [TEST_STEP][PASSED] - verifyTextPresent("Amount", true): Text 'Amount' is present on page  using regular expression

2023-02-22 19:05:26 - [MESSAGE][PASSED] - Text 'Amount' is present on page  using regular expression

2023-02-22 19:05:26 - [TEST_STEP][PASSED] - verifyTextPresent("2.50", true): Text '2.50' is present on page  using regular expression

2023-02-22 19:05:26 - [MESSAGE][PASSED] - Text '2.50' is present on page  using regular expression

2023-02-22 19:05:26 - [TEST_STEP][PASSED] - verifyTextPresent("Transaction Type", true): Text 'Transaction Type' is present on page  using regular expression

2023-02-22 19:05:27 - [MESSAGE][PASSED] - Text 'Transaction Type' is present on page  using regular expression

2023-02-22 19:05:27 - [TEST_STEP][PASSED] - verifyTextPresent("Debit", true): Text 'Debit' is present on page  using regular expression

2023-02-22 19:05:27 - [MESSAGE][PASSED] - Text 'Debit' is present on page  using regular expression

2023-02-22 19:05:27 - [TEST_STEP][PASSED] - verifyTextPresent("Check Information", true): Text 'Check Information' is present on page  using regular expression

2023-02-22 19:05:27 - [MESSAGE][PASSED] - Text 'Check Information' is present on page  using regular expression

2023-02-22 19:05:27 - [TEST_STEP][PASSED] - verifyTextPresent("Account Type", true): Text 'Account Type' is present on page  using regular expression

2023-02-22 19:05:28 - [MESSAGE][PASSED] - Text 'Account Type' is present on page  using regular expression

2023-02-22 19:05:28 - [TEST_STEP][PASSED] - verifyTextPresent("Account Number", true): Text 'Account Number' is present on page  using regular expression

2023-02-22 19:05:28 - [MESSAGE][PASSED] - Text 'Account Number' is present on page  using regular expression

2023-02-22 19:05:28 - [TEST_STEP][PASSED] - verifyTextPresent("Routing Number", true): Text 'Routing Number' is present on page  using regular expression

2023-02-22 19:05:28 - [MESSAGE][PASSED] - Text 'Routing Number' is present on page  using regular expression

2023-02-22 19:05:28 - [TEST_STEP][PASSED] - verifyTextPresent("Address Line 1", true): Text 'Address Line 1' is present on page  using regular expression

2023-02-22 19:05:29 - [MESSAGE][PASSED] - Text 'Address Line 1' is present on page  using regular expression

2023-02-22 19:05:29 - [TEST_STEP][PASSED] - verifyTextPresent("Address Line 2", true): Text 'Address Line 2' is present on page  using regular expression

2023-02-22 19:05:29 - [MESSAGE][PASSED] - Text 'Address Line 2' is present on page  using regular expression

2023-02-22 19:05:29 - [TEST_STEP][PASSED] - verifyTextPresent("Country", true): Text 'Country' is present on page  using regular expression

2023-02-22 19:05:29 - [MESSAGE][PASSED] - Text 'Country' is present on page  using regular expression

2023-02-22 19:05:29 - [TEST_STEP][PASSED] - verifyTextPresent("City", true): Text 'City' is present on page  using regular expression

2023-02-22 19:05:30 - [MESSAGE][PASSED] - Text 'City' is present on page  using regular expression

2023-02-22 19:05:30 - [TEST_STEP][PASSED] - verifyTextPresent("State", true): Text 'State' is present on page  using regular expression

2023-02-22 19:05:30 - [MESSAGE][PASSED] - Text 'State' is present on page  using regular expression

2023-02-22 19:05:30 - [TEST_STEP][PASSED] - verifyTextPresent("ZIP Code", true): Text 'ZIP Code' is present on page  using regular expression

2023-02-22 19:05:30 - [MESSAGE][PASSED] - Text 'ZIP Code' is present on page  using regular expression

2023-02-22 19:05:30 - [TEST_STEP][PASSED] - verifyTextPresent("248 PhoolKaante road", true): Text '248 PhoolKaante road' is present on page  using regular expression

2023-02-22 19:05:31 - [MESSAGE][PASSED] - Text '248 PhoolKaante road' is present on page  using regular expression

2023-02-22 19:05:31 - [TEST_STEP][PASSED] - verifyTextPresent("Suite 678", true): Text 'Suite 678' is present on page  using regular expression

2023-02-22 19:05:31 - [MESSAGE][PASSED] - Text 'Suite 678' is present on page  using regular expression

2023-02-22 19:05:31 - [TEST_STEP][PASSED] - verifyTextPresent("United States", true): Text 'United States' is present on page  using regular expression

2023-02-22 19:05:31 - [MESSAGE][PASSED] - Text 'United States' is present on page  using regular expression

2023-02-22 19:05:31 - [TEST_STEP][PASSED] - verifyTextPresent("ARLINGTON", true): Text 'ARLINGTON' is present on page  using regular expression

2023-02-22 19:05:32 - [MESSAGE][PASSED] - Text 'ARLINGTON' is present on page  using regular expression

2023-02-22 19:05:32 - [TEST_STEP][PASSED] - verifyTextPresent("Virginia", true): Text 'Virginia' is present on page  using regular expression

2023-02-22 19:05:32 - [MESSAGE][PASSED] - Text 'Virginia' is present on page  using regular expression

2023-02-22 19:05:32 - [TEST_STEP][PASSED] - verifyTextPresent("22201", true): Text '22201' is present on page  using regular expression

2023-02-22 19:05:32 - [MESSAGE][PASSED] - Text '22201' is present on page  using regular expression

2023-02-22 19:05:32 - [TEST_STEP][PASSED] - tranType = findTestData(dataFile).getValue("TranType", row): null

2023-02-22 19:05:32 - [TEST_STEP][PASSED] - last4V = findTestData(dataFile).getValue("Last4", row): null

2023-02-22 19:05:32 - [TEST_STEP][PASSED] - verifyTextPresent(tranType, true): Text 'Savings' is present on page  using regular expression

2023-02-22 19:05:33 - [MESSAGE][PASSED] - Text 'Savings' is present on page  using regular expression

2023-02-22 19:05:33 - [TEST_STEP][PASSED] - verifyTextPresent(last4V, true): Text '3333' is present on page  using regular expression

2023-02-22 19:05:33 - [MESSAGE][PASSED] - Text '3333' is present on page  using regular expression

2023-02-22 19:05:33 - [TEST_STEP][PASSED] - if (profNameLink.equalsIgnoreCase("a_PaymentsPC")): null

2023-02-22 19:05:33 - [TEST_STEP][PASSED] - if (profNameLink.equalsIgnoreCase("a_PaymentsPS")): Text 'TANDON RAVENA' is present on page  using regular expression

2023-02-22 19:05:33 - [TEST_STEP][PASSED] - verifyTextPresent("Name on Account", true): Text 'Name on Account' is present on page  using regular expression

2023-02-22 19:05:33 - [MESSAGE][PASSED] - Text 'Name on Account' is present on page  using regular expression

2023-02-22 19:05:33 - [TEST_STEP][PASSED] - verifyTextPresent("TANDON RAVENA", true): Text 'TANDON RAVENA' is present on page  using regular expression

2023-02-22 19:05:34 - [MESSAGE][PASSED] - Text 'TANDON RAVENA' is present on page  using regular expression

2023-02-22 19:05:34 - [TEST_STEP][PASSED] - if (profNameLink.equalsIgnoreCase("a_PaymentsCorp")): null

2023-02-22 19:05:34 - [TEST_STEP][PASSED] - switch (appName): null

2023-02-22 19:05:34 - [TEST_STEP][PASSED] - case "a_Access AutoDualCFtpQA":: null

2023-02-22 19:05:34 - [TEST_STEP][PASSED] - verifyTextPresent("5.00", true): Text '5.00' is present on page  using regular expression

2023-02-22 19:05:34 - [MESSAGE][PASSED] - Text '5.00' is present on page  using regular expression

2023-02-22 19:05:34 - [TEST_STEP][PASSED] - verifyTextPresent("Dual Transaction", true): Text 'Dual Transaction' is present on page  using regular expression

2023-02-22 19:05:34 - [MESSAGE][PASSED] - Text 'Dual Transaction' is present on page  using regular expression

2023-02-22 19:05:34 - [TEST_STEP][PASSED] - verifyTextPresent("7.50", true): Text '7.50' is present on page  using regular expression

2023-02-22 19:05:35 - [MESSAGE][PASSED] - Text '7.50' is present on page  using regular expression

2023-02-22 19:05:35 - [TEST_STEP][PASSED] - verifyTextPresent("Total Amount", true): Text 'Total Amount' is present on page  using regular expression

2023-02-22 19:05:35 - [MESSAGE][PASSED] - Text 'Total Amount' is present on page  using regular expression

2023-02-22 19:05:35 - [TEST_STEP][PASSED] - verifyTextPresent("Transaction Type", true): Text 'Transaction Type' is present on page  using regular expression

2023-02-22 19:05:35 - [MESSAGE][PASSED] - Text 'Transaction Type' is present on page  using regular expression

2023-02-22 19:05:35 - [TEST_STEP][PASSED] - break: null

2023-02-22 19:05:35 - [TEST_STEP][PASSED] - closeBrowser(): Browser is closed

2023-02-22 19:05:36 - [MESSAGE][PASSED] - Browser is closed

2023-02-22 19:05:36 - [TEST_STEP][PASSED] - ExecuteTC = findTestData(dataFile).getValue("Execute", row): null

2023-02-22 19:05:36 - [TEST_STEP][PASSED] - out.println("Value of Execute is : " + ExecuteTC): null

2023-02-22 19:05:36 - [TEST_STEP][PASSED] - switch (executionProfile): null

2023-02-22 19:05:36 - [TEST_STEP][PASSED] - case "QAProfile":: null

2023-02-22 19:05:36 - [TEST_STEP][PASSED] - appName = findTestData(dataFile).getValue("AppNameQA", row): null

2023-02-22 19:05:36 - [TEST_STEP][PASSED] - appID = findTestData(dataFile).getValue("AppIDQA", row): null

2023-02-22 19:05:36 - [TEST_STEP][PASSED] - break: null

2023-02-22 19:05:36 - [TEST_STEP][PASSED] - if (ExecuteTC.equalsIgnoreCase("Y")): null

2023-02-22 19:05:36 - [TEST_STEP][PASSED] - out.println("Begin Record Number: " + row): null

2023-02-22 19:05:36 - [TEST_STEP][PASSED] - today = new java.util.Date(): null

2023-02-22 19:05:36 - [TEST_STEP][PASSED] - println(today): null

2023-02-22 19:05:36 - [TEST_STEP][PASSED] - datText = today: null

2023-02-22 19:05:36 - [TEST_STEP][PASSED] - adminSuiteBootstrap.loginFunctionality.login_AdminSuite(): adminSuiteBootstrap.loginFunctionality.login_AdminSuite is PASSED

2023-02-22 19:05:36 - [MESSAGE][INFO] - Starting 'Chrome' driver

2023-02-22 19:05:36 - [MESSAGE][INFO] - User set preference: ['acceptInsecureCerts', 'true']

2023-02-22 19:05:36 - [MESSAGE][INFO] - Action delay is set to 0 milliseconds

2023-02-22 19:05:39 - [MESSAGE][PASSED] - Browser is opened with url: 'https://qa.velocitypayment.com/admin/imtiaz'

2023-02-22 19:05:39 - [MESSAGE][PASSED] - Current window maximized

2023-02-22 19:05:39 - [MESSAGE][PASSED] - Object 'Object Repository/Login_Page/Login_Username' is present

2023-02-22 19:05:40 - [MESSAGE][PASSED] - Text 'iahmed' is set on object 'Object Repository/Login_Page/Login_Username'

2023-02-22 19:05:41 - [MESSAGE][PASSED] - Text 'hello2222' is set on object 'Object Repository/Login_Page/Login_Password'

2023-02-22 19:05:44 - [MESSAGE][PASSED] - Object: 'Object Repository/Login_Page/Login_Submit' is clicked on

2023-02-22 19:05:44 - [MESSAGE][PASSED] - adminSuiteBootstrap.loginFunctionality.login_AdminSuite is PASSED

2023-02-22 19:05:44 - [TEST_STEP][PASSED] - click(findTestObject(path_Dashboard + appName)): Object: 'Object Repository/AdminSuiteBootstrap_Pages/Dashboard_Bootstrap/a_Access AutoDualCFtpQA' is clicked on

2023-02-22 19:05:45 - [MESSAGE][PASSED] - Object: 'Object Repository/AdminSuiteBootstrap_Pages/Dashboard_Bootstrap/a_Access AutoDualCFtpQA' is clicked on

2023-02-22 19:05:45 - [TEST_STEP][PASSED] - click(findTestObject(path_VT + "a_Find Profile")): Object: 'Object Repository/AdminSuiteBootstrap_Pages/VT_Bootstrap/IssueTransactions/a_Find Profile' is clicked on

2023-02-22 19:05:45 - [MESSAGE][PASSED] - Object: 'Object Repository/AdminSuiteBootstrap_Pages/VT_Bootstrap/IssueTransactions/a_Find Profile' is clicked on

2023-02-22 19:05:45 - [TEST_STEP][PASSED] - criteria = <not implemented yet for class: org.codehaus.groovy.ast.expr.EmptyExpression>: null

2023-02-22 19:05:45 - [TEST_STEP][PASSED] - searchBy = <not implemented yet for class: org.codehaus.groovy.ast.expr.EmptyExpression>: null

2023-02-22 19:05:45 - [TEST_STEP][PASSED] - criteria = findTestData(dataFile).getValue("ProfileName", row): null

2023-02-22 19:05:45 - [TEST_STEP][PASSED] - path_SearchProfile = "Object Repository/AdminSuiteBootstrap_Pages/VSP_Bootstrap/SearchProfile/": null

2023-02-22 19:05:45 - [TEST_STEP][PASSED] - setText(findTestObject(path_SearchProfile + "input_Criteria"), criteria): Text 'PaymentsCorp' is set on object 'Object Repository/AdminSuiteBootstrap_Pages/VSP_Bootstrap/SearchProfile/input_Criteria'

2023-02-22 19:05:46 - [MESSAGE][PASSED] - Text 'PaymentsCorp' is set on object 'Object Repository/AdminSuiteBootstrap_Pages/VSP_Bootstrap/SearchProfile/input_Criteria'

2023-02-22 19:05:46 - [TEST_STEP][PASSED] - click(findTestObject(path_SearchProfile + "button_Search")): Object: 'Object Repository/AdminSuiteBootstrap_Pages/VSP_Bootstrap/SearchProfile/button_Search' is clicked on

2023-02-22 19:05:47 - [MESSAGE][PASSED] - Object: 'Object Repository/AdminSuiteBootstrap_Pages/VSP_Bootstrap/SearchProfile/button_Search' is clicked on

2023-02-22 19:05:47 - [TEST_STEP][PASSED] - profNameLink = findTestData(dataFile).getValue("ProfileNameLink", row): null

2023-02-22 19:05:47 - [TEST_STEP][PASSED] - click(findTestObject(path_ViewProfile + profNameLink)): Object: 'Object Repository/AdminSuiteBootstrap_Pages/VSP_Bootstrap/View Profile/a_PaymentsCorp' is clicked on

2023-02-22 19:05:48 - [MESSAGE][PASSED] - Object: 'Object Repository/AdminSuiteBootstrap_Pages/VSP_Bootstrap/View Profile/a_PaymentsCorp' is clicked on

2023-02-22 19:05:48 - [TEST_STEP][PASSED] - click(findTestObject(path_ViewProfile + "a_Debit")): Object: 'Object Repository/AdminSuiteBootstrap_Pages/VSP_Bootstrap/View Profile/a_Debit' is clicked on

2023-02-22 19:05:49 - [MESSAGE][PASSED] - Object: 'Object Repository/AdminSuiteBootstrap_Pages/VSP_Bootstrap/View Profile/a_Debit' is clicked on

2023-02-22 19:05:49 - [TEST_STEP][PASSED] - verifyTextPresent("Remittance ID", true): Text 'Remittance ID' is present on page  using regular expression

2023-02-22 19:05:50 - [MESSAGE][PASSED] - Text 'Remittance ID' is present on page  using regular expression

2023-02-22 19:05:50 - [TEST_STEP][PASSED] - vspBootstrap.ACHDebitPage.setDataACHDebit(row, dataFile): vspBootstrap.ACHDebitPage.setDataACHDebit is PASSED

2023-02-22 19:05:52 - [MESSAGE][PASSED] - All options with value 'CCD' are selected in object 'Object Repository/AdminSuiteBootstrap_Pages/VSP_Bootstrap/VSP_Debit/select_StdEntryClass'  using regular expression

2023-02-22 19:05:52 - [MESSAGE][PASSED] - Text '' is set on object 'Object Repository/AdminSuiteBootstrap_Pages/VSP_Bootstrap/VSP_Debit/input_smsNumber'

2023-02-22 19:05:53 - [MESSAGE][PASSED] - Text '2.50' is set on object 'Object Repository/AdminSuiteBootstrap_Pages/VSP_Bootstrap/VSP_Debit/input_amount'

2023-02-22 19:05:54 - [MESSAGE][PASSED] - Text '123456789' is set on object 'Object Repository/AdminSuiteBootstrap_Pages/VSP_Bootstrap/VSP_Debit/input_ein'

2023-02-22 19:05:55 - [MESSAGE][PASSED] - Text 'Delhi' is set on object 'Object Repository/AdminSuiteBootstrap_Pages/VSP_Bootstrap/VSP_Debit/input_userDefined1'

2023-02-22 19:05:55 - [MESSAGE][PASSED] - Text 'Chennai' is set on object 'Object Repository/AdminSuiteBootstrap_Pages/VSP_Bootstrap/VSP_Debit/input_userDefined2'

2023-02-22 19:05:56 - [MESSAGE][PASSED] - Text 'Mumbai' is set on object 'Object Repository/AdminSuiteBootstrap_Pages/VSP_Bootstrap/VSP_Debit/input_userDefined3'

2023-02-22 19:05:57 - [MESSAGE][PASSED] - Text 'Kanpur' is set on object 'Object Repository/AdminSuiteBootstrap_Pages/VSP_Bootstrap/VSP_Debit/input_userDefined4'

2023-02-22 19:05:58 - [MESSAGE][PASSED] - All options with label 'Orange' are selected in object 'Object Repository/AdminSuiteBootstrap_Pages/VSP_Bootstrap/VSP_Debit/select_UDF5'  using regular expression

2023-02-22 19:05:59 - [MESSAGE][PASSED] - All options with label 'Yellow' are selected in object 'Object Repository/AdminSuiteBootstrap_Pages/VSP_Bootstrap/VSP_Debit/select_UDF6'  using regular expression

2023-02-22 19:05:59 - [MESSAGE][PASSED] - Text 'Kolkata' is set on object 'Object Repository/AdminSuiteBootstrap_Pages/VSP_Bootstrap/VSP_Debit/input_userDefined7'

2023-02-22 19:06:00 - [MESSAGE][PASSED] - Text 'Pune' is set on object 'Object Repository/AdminSuiteBootstrap_Pages/VSP_Bootstrap/VSP_Debit/input_userDefined8'

2023-02-22 19:06:01 - [MESSAGE][PASSED] - Text 'Bhavnagar' is set on object 'Object Repository/AdminSuiteBootstrap_Pages/VSP_Bootstrap/VSP_Debit/input_userDefined9'

2023-02-22 19:06:01 - [MESSAGE][PASSED] - Text 'Noida' is set on object 'Object Repository/AdminSuiteBootstrap_Pages/VSP_Bootstrap/VSP_Debit/input_userDefined10'

2023-02-22 19:06:03 - [MESSAGE][PASSED] - Object: 'Object Repository/AdminSuiteBootstrap_Pages/VSP_Bootstrap/VSP_Debit/button_Submit' is clicked on

2023-02-22 19:06:03 - [MESSAGE][PASSED] - vspBootstrap.ACHDebitPage.setDataACHDebit is PASSED

2023-02-22 19:06:03 - [TEST_STEP][PASSED] - verifyTextPresent("Transaction Successful", true): Text 'Transaction Successful' is present on page  using regular expression

2023-02-22 19:06:03 - [MESSAGE][PASSED] - Text 'Transaction Successful' is present on page  using regular expression

2023-02-22 19:06:03 - [TEST_STEP][PASSED] - verifyElementVisible(findTestObject("Object Repository/AdminSuiteBootstrap_Pages/VT_Bootstrap/Receipt/button_Continue")): Object 'Object Repository/AdminSuiteBootstrap_Pages/VT_Bootstrap/Receipt/button_Continue' is visible

2023-02-22 19:06:04 - [MESSAGE][PASSED] - Object 'Object Repository/AdminSuiteBootstrap_Pages/VT_Bootstrap/Receipt/button_Continue' is visible

2023-02-22 19:06:04 - [TEST_STEP][PASSED] - verifyElementPresent(findTestObject("Object Repository/AdminSuiteBootstrap_Pages/VT_Bootstrap/Receipt/button_Continue"), 20): Object 'Object Repository/AdminSuiteBootstrap_Pages/VT_Bootstrap/Receipt/button_Continue' is present

2023-02-22 19:06:04 - [MESSAGE][PASSED] - Object 'Object Repository/AdminSuiteBootstrap_Pages/VT_Bootstrap/Receipt/button_Continue' is present

2023-02-22 19:06:04 - [TEST_STEP][PASSED] - verifyElementVisible(findTestObject("Object Repository/AdminSuiteBootstrap_Pages/VT_Bootstrap/Receipt/button_Print")): Object 'Object Repository/AdminSuiteBootstrap_Pages/VT_Bootstrap/Receipt/button_Print' is visible

2023-02-22 19:06:04 - [MESSAGE][PASSED] - Object 'Object Repository/AdminSuiteBootstrap_Pages/VT_Bootstrap/Receipt/button_Print' is visible

2023-02-22 19:06:04 - [TEST_STEP][PASSED] - verifyElementPresent(findTestObject("Object Repository/AdminSuiteBootstrap_Pages/VT_Bootstrap/Receipt/button_Print"), 20): Object 'Object Repository/AdminSuiteBootstrap_Pages/VT_Bootstrap/Receipt/button_Print' is present

2023-02-22 19:06:05 - [MESSAGE][PASSED] - Object 'Object Repository/AdminSuiteBootstrap_Pages/VT_Bootstrap/Receipt/button_Print' is present

2023-02-22 19:06:05 - [TEST_STEP][PASSED] - verifyTextPresent("Remittance ID", true): Text 'Remittance ID' is present on page  using regular expression

2023-02-22 19:06:05 - [MESSAGE][PASSED] - Text 'Remittance ID' is present on page  using regular expression

2023-02-22 19:06:05 - [TEST_STEP][PASSED] - verifyTextPresent("Received", true): Text 'Received' is present on page  using regular expression

2023-02-22 19:06:05 - [MESSAGE][PASSED] - Text 'Received' is present on page  using regular expression

2023-02-22 19:06:05 - [TEST_STEP][PASSED] - verifyTextPresent("UDF1", true): Text 'UDF1' is present on page  using regular expression

2023-02-22 19:06:06 - [MESSAGE][PASSED] - Text 'UDF1' is present on page  using regular expression

2023-02-22 19:06:06 - [TEST_STEP][PASSED] - verifyTextPresent("UDF2", true): Text 'UDF2' is present on page  using regular expression

2023-02-22 19:06:06 - [MESSAGE][PASSED] - Text 'UDF2' is present on page  using regular expression

2023-02-22 19:06:06 - [TEST_STEP][PASSED] - verifyTextPresent("UDF3", true): Text 'UDF3' is present on page  using regular expression

2023-02-22 19:06:06 - [MESSAGE][PASSED] - Text 'UDF3' is present on page  using regular expression

2023-02-22 19:06:06 - [TEST_STEP][PASSED] - verifyTextPresent("UDF4", true): Text 'UDF4' is present on page  using regular expression

2023-02-22 19:06:07 - [MESSAGE][PASSED] - Text 'UDF4' is present on page  using regular expression

2023-02-22 19:06:07 - [TEST_STEP][PASSED] - verifyTextPresent("UDF5", true): Text 'UDF5' is present on page  using regular expression

2023-02-22 19:06:07 - [MESSAGE][PASSED] - Text 'UDF5' is present on page  using regular expression

2023-02-22 19:06:07 - [TEST_STEP][PASSED] - verifyTextPresent("UDF6", true): Text 'UDF6' is present on page  using regular expression

2023-02-22 19:06:08 - [MESSAGE][PASSED] - Text 'UDF6' is present on page  using regular expression

2023-02-22 19:06:08 - [TEST_STEP][PASSED] - verifyTextPresent("UDF7", true): Text 'UDF7' is present on page  using regular expression

2023-02-22 19:06:08 - [MESSAGE][PASSED] - Text 'UDF7' is present on page  using regular expression

2023-02-22 19:06:08 - [TEST_STEP][PASSED] - verifyTextPresent("UDF8", true): Text 'UDF8' is present on page  using regular expression

2023-02-22 19:06:08 - [MESSAGE][PASSED] - Text 'UDF8' is present on page  using regular expression

2023-02-22 19:06:08 - [TEST_STEP][PASSED] - verifyTextPresent("UDF9", true): Text 'UDF9' is present on page  using regular expression

2023-02-22 19:06:09 - [MESSAGE][PASSED] - Text 'UDF9' is present on page  using regular expression

2023-02-22 19:06:09 - [TEST_STEP][PASSED] - verifyTextPresent("UDF 10", true): Text 'UDF 10' is present on page  using regular expression

2023-02-22 19:06:09 - [MESSAGE][PASSED] - Text 'UDF 10' is present on page  using regular expression

2023-02-22 19:06:09 - [TEST_STEP][PASSED] - verifyTextPresent("Delhi", true): Text 'Delhi' is present on page  using regular expression

2023-02-22 19:06:09 - [MESSAGE][PASSED] - Text 'Delhi' is present on page  using regular expression

2023-02-22 19:06:09 - [TEST_STEP][PASSED] - verifyTextPresent("Chennai", true): Text 'Chennai' is present on page  using regular expression

2023-02-22 19:06:10 - [MESSAGE][PASSED] - Text 'Chennai' is present on page  using regular expression

2023-02-22 19:06:10 - [TEST_STEP][PASSED] - verifyTextPresent("Mumbai", true): Text 'Mumbai' is present on page  using regular expression

2023-02-22 19:06:10 - [MESSAGE][PASSED] - Text 'Mumbai' is present on page  using regular expression

2023-02-22 19:06:10 - [TEST_STEP][PASSED] - verifyTextPresent("Kanpur", true): Text 'Kanpur' is present on page  using regular expression

2023-02-22 19:06:10 - [MESSAGE][PASSED] - Text 'Kanpur' is present on page  using regular expression

2023-02-22 19:06:10 - [TEST_STEP][PASSED] - verifyTextPresent("Orange Recorded", true): Text 'Orange Recorded' is present on page  using regular expression

2023-02-22 19:06:11 - [MESSAGE][PASSED] - Text 'Orange Recorded' is present on page  using regular expression

2023-02-22 19:06:11 - [TEST_STEP][PASSED] - verifyTextPresent("Yellow Recorded", true): Text 'Yellow Recorded' is present on page  using regular expression

2023-02-22 19:06:11 - [MESSAGE][PASSED] - Text 'Yellow Recorded' is present on page  using regular expression

2023-02-22 19:06:11 - [TEST_STEP][PASSED] - verifyTextPresent("Kolkata", true): Text 'Kolkata' is present on page  using regular expression

2023-02-22 19:06:11 - [MESSAGE][PASSED] - Text 'Kolkata' is present on page  using regular expression

2023-02-22 19:06:11 - [TEST_STEP][PASSED] - verifyTextPresent("Pune", true): Text 'Pune' is present on page  using regular expression

2023-02-22 19:06:12 - [MESSAGE][PASSED] - Text 'Pune' is present on page  using regular expression

2023-02-22 19:06:12 - [TEST_STEP][PASSED] - verifyTextPresent("Bhavnagar", true): Text 'Bhavnagar' is present on page  using regular expression

2023-02-22 19:06:12 - [MESSAGE][PASSED] - Text 'Bhavnagar' is present on page  using regular expression

2023-02-22 19:06:12 - [TEST_STEP][PASSED] - verifyTextPresent("Noida", true): Text 'Noida' is present on page  using regular expression

2023-02-22 19:06:12 - [MESSAGE][PASSED] - Text 'Noida' is present on page  using regular expression

2023-02-22 19:06:12 - [TEST_STEP][PASSED] - verifyTextPresent("Amount", true): Text 'Amount' is present on page  using regular expression

2023-02-22 19:06:13 - [MESSAGE][PASSED] - Text 'Amount' is present on page  using regular expression

2023-02-22 19:06:13 - [TEST_STEP][PASSED] - verifyTextPresent("2.50", true): Text '2.50' is present on page  using regular expression

2023-02-22 19:06:13 - [MESSAGE][PASSED] - Text '2.50' is present on page  using regular expression

2023-02-22 19:06:13 - [TEST_STEP][PASSED] - verifyTextPresent("Transaction Type", true): Text 'Transaction Type' is present on page  using regular expression

2023-02-22 19:06:13 - [MESSAGE][PASSED] - Text 'Transaction Type' is present on page  using regular expression

2023-02-22 19:06:13 - [TEST_STEP][PASSED] - verifyTextPresent("Debit", true): Text 'Debit' is present on page  using regular expression

2023-02-22 19:06:14 - [MESSAGE][PASSED] - Text 'Debit' is present on page  using regular expression

2023-02-22 19:06:14 - [TEST_STEP][PASSED] - verifyTextPresent("Check Information", true): Text 'Check Information' is present on page  using regular expression

2023-02-22 19:06:14 - [MESSAGE][PASSED] - Text 'Check Information' is present on page  using regular expression

2023-02-22 19:06:14 - [TEST_STEP][PASSED] - verifyTextPresent("Account Type", true): Text 'Account Type' is present on page  using regular expression

2023-02-22 19:06:14 - [MESSAGE][PASSED] - Text 'Account Type' is present on page  using regular expression

2023-02-22 19:06:14 - [TEST_STEP][PASSED] - verifyTextPresent("Account Number", true): Text 'Account Number' is present on page  using regular expression

2023-02-22 19:06:15 - [MESSAGE][PASSED] - Text 'Account Number' is present on page  using regular expression

2023-02-22 19:06:15 - [TEST_STEP][PASSED] - verifyTextPresent("Routing Number", true): Text 'Routing Number' is present on page  using regular expression

2023-02-22 19:06:15 - [MESSAGE][PASSED] - Text 'Routing Number' is present on page  using regular expression

2023-02-22 19:06:15 - [TEST_STEP][PASSED] - verifyTextPresent("Address Line 1", true): Text 'Address Line 1' is present on page  using regular expression

2023-02-22 19:06:15 - [MESSAGE][PASSED] - Text 'Address Line 1' is present on page  using regular expression

2023-02-22 19:06:15 - [TEST_STEP][PASSED] - verifyTextPresent("Address Line 2", true): Text 'Address Line 2' is present on page  using regular expression

2023-02-22 19:06:16 - [MESSAGE][PASSED] - Text 'Address Line 2' is present on page  using regular expression

2023-02-22 19:06:16 - [TEST_STEP][PASSED] - verifyTextPresent("Country", true): Text 'Country' is present on page  using regular expression

2023-02-22 19:06:16 - [MESSAGE][PASSED] - Text 'Country' is present on page  using regular expression

2023-02-22 19:06:16 - [TEST_STEP][PASSED] - verifyTextPresent("City", true): Text 'City' is present on page  using regular expression

2023-02-22 19:06:16 - [MESSAGE][PASSED] - Text 'City' is present on page  using regular expression

2023-02-22 19:06:16 - [TEST_STEP][PASSED] - verifyTextPresent("State", true): Text 'State' is present on page  using regular expression

2023-02-22 19:06:17 - [MESSAGE][PASSED] - Text 'State' is present on page  using regular expression

2023-02-22 19:06:17 - [TEST_STEP][PASSED] - verifyTextPresent("ZIP Code", true): Text 'ZIP Code' is present on page  using regular expression

2023-02-22 19:06:17 - [MESSAGE][PASSED] - Text 'ZIP Code' is present on page  using regular expression

2023-02-22 19:06:17 - [TEST_STEP][PASSED] - verifyTextPresent("248 PhoolKaante road", true): Text '248 PhoolKaante road' is present on page  using regular expression

2023-02-22 19:06:17 - [MESSAGE][PASSED] - Text '248 PhoolKaante road' is present on page  using regular expression

2023-02-22 19:06:17 - [TEST_STEP][PASSED] - verifyTextPresent("Suite 678", true): Text 'Suite 678' is present on page  using regular expression

2023-02-22 19:06:18 - [MESSAGE][PASSED] - Text 'Suite 678' is present on page  using regular expression

2023-02-22 19:06:18 - [TEST_STEP][PASSED] - verifyTextPresent("United States", true): Text 'United States' is present on page  using regular expression

2023-02-22 19:06:18 - [MESSAGE][PASSED] - Text 'United States' is present on page  using regular expression

2023-02-22 19:06:18 - [TEST_STEP][PASSED] - verifyTextPresent("ARLINGTON", true): Text 'ARLINGTON' is present on page  using regular expression

2023-02-22 19:06:18 - [MESSAGE][PASSED] - Text 'ARLINGTON' is present on page  using regular expression

2023-02-22 19:06:18 - [TEST_STEP][PASSED] - verifyTextPresent("Virginia", true): Text 'Virginia' is present on page  using regular expression

2023-02-22 19:06:19 - [MESSAGE][PASSED] - Text 'Virginia' is present on page  using regular expression

2023-02-22 19:06:19 - [TEST_STEP][PASSED] - verifyTextPresent("22201", true): Text '22201' is present on page  using regular expression

2023-02-22 19:06:19 - [MESSAGE][PASSED] - Text '22201' is present on page  using regular expression

2023-02-22 19:06:19 - [TEST_STEP][PASSED] - tranType = findTestData(dataFile).getValue("TranType", row): null

2023-02-22 19:06:19 - [TEST_STEP][PASSED] - last4V = findTestData(dataFile).getValue("Last4", row): null

2023-02-22 19:06:19 - [TEST_STEP][PASSED] - verifyTextPresent(tranType, true): Text 'Checking' is present on page  using regular expression

2023-02-22 19:06:19 - [MESSAGE][PASSED] - Text 'Checking' is present on page  using regular expression

2023-02-22 19:06:19 - [TEST_STEP][PASSED] - verifyTextPresent(last4V, true): Text '4444' is present on page  using regular expression

2023-02-22 19:06:20 - [MESSAGE][PASSED] - Text '4444' is present on page  using regular expression

2023-02-22 19:06:20 - [TEST_STEP][PASSED] - if (profNameLink.equalsIgnoreCase("a_PaymentsPC")): null

2023-02-22 19:06:20 - [TEST_STEP][PASSED] - if (profNameLink.equalsIgnoreCase("a_PaymentsPS")): null

2023-02-22 19:06:20 - [TEST_STEP][PASSED] - if (profNameLink.equalsIgnoreCase("a_PaymentsCorp")): Text '123456789' is present on page  using regular expression

2023-02-22 19:06:20 - [TEST_STEP][PASSED] - verifyTextPresent("Employer Identification Number", true): Text 'Employer Identification Number' is present on page  using regular expression

2023-02-22 19:06:20 - [MESSAGE][PASSED] - Text 'Employer Identification Number' is present on page  using regular expression

2023-02-22 19:06:20 - [TEST_STEP][PASSED] - verifyTextPresent("EIN", true): Text 'EIN' is present on page  using regular expression

2023-02-22 19:06:20 - [MESSAGE][PASSED] - Text 'EIN' is present on page  using regular expression

2023-02-22 19:06:20 - [TEST_STEP][PASSED] - verifyTextPresent("123456789", true): Text '123456789' is present on page  using regular expression

2023-02-22 19:06:21 - [MESSAGE][PASSED] - Text '123456789' is present on page  using regular expression

2023-02-22 19:06:21 - [TEST_STEP][PASSED] - switch (appName): null

2023-02-22 19:06:21 - [TEST_STEP][PASSED] - case "a_Access AutoDualCFtpQA":: null

2023-02-22 19:06:21 - [TEST_STEP][PASSED] - verifyTextPresent("5.00", true): Text '5.00' is present on page  using regular expression

2023-02-22 19:06:21 - [MESSAGE][PASSED] - Text '5.00' is present on page  using regular expression

2023-02-22 19:06:21 - [TEST_STEP][PASSED] - verifyTextPresent("Dual Transaction", true): Text 'Dual Transaction' is present on page  using regular expression

2023-02-22 19:06:21 - [MESSAGE][PASSED] - Text 'Dual Transaction' is present on page  using regular expression

2023-02-22 19:06:21 - [TEST_STEP][PASSED] - verifyTextPresent("7.50", true): Text '7.50' is present on page  using regular expression

2023-02-22 19:06:22 - [MESSAGE][PASSED] - Text '7.50' is present on page  using regular expression

2023-02-22 19:06:22 - [TEST_STEP][PASSED] - verifyTextPresent("Total Amount", true): Text 'Total Amount' is present on page  using regular expression

2023-02-22 19:06:22 - [MESSAGE][PASSED] - Text 'Total Amount' is present on page  using regular expression

2023-02-22 19:06:22 - [TEST_STEP][PASSED] - verifyTextPresent("Transaction Type", true): Text 'Transaction Type' is present on page  using regular expression

2023-02-22 19:06:22 - [MESSAGE][PASSED] - Text 'Transaction Type' is present on page  using regular expression

2023-02-22 19:06:22 - [TEST_STEP][PASSED] - break: null

2023-02-22 19:06:22 - [TEST_STEP][PASSED] - closeBrowser(): Browser is closed

2023-02-22 19:06:23 - [MESSAGE][PASSED] - Browser is closed]]></system-out>
         <system-err><![CDATA[]]></system-err>
      </testcase>
      <system-out><![CDATA[2023-02-22 18:33:32 - [TEST_SUITE][PASSED] - VPS-Payments-TestSuite: Test Cases/Admin Suite Bootstrap/VSP_Payments_TestCases/Debit_TP_AllCF_Generic_Payment_TC]]></system-out>
      <system-err><![CDATA[]]></system-err>
   </testsuite>
</testsuites>
