<?xml version="1.0" encoding="UTF-8"?>
<testsuites name="RAD_UI_TestSuite" time="425.287" tests="2" failures="0" errors="0">
   <testsuite name="RAD_UI_TestSuite" tests="2" failures="0" errors="0" time="425.287" skipped="0" timestamp="2023-10-09 17:13:22" hostname="imtiaz - DESKTOP-B2QI6NS.govolution.com" id="Test Suites/RAD_TestSuite/RAD_UI_TestSuite">
      <properties>
         <property name="deviceName" value=""/>
         <property name="devicePlatform" value=""/>
         <property name="logFolder" value="E:\\Cloned-Project-Katalon\\VPS-Katalon\\Reports\\20231009_171316\\RAD_TestSuite\\RAD_UI_TestSuite\\20231009_171316"/>
         <property name="logFiles" value="E:\\Cloned-Project-Katalon\\VPS-Katalon\\Reports\\20231009_171316\\RAD_TestSuite\\RAD_UI_TestSuite\\20231009_171316\\execution0.log"/>
         <property name="attachments" value=""/>
         <property name="hostName" value="imtiaz - DESKTOP-B2QI6NS.govolution.com"/>
         <property name="os" value="Windows 10 64bit"/>
         <property name="katalonVersion" value="8.6.6.208"/>
         <property name="browser" value="Chrome 117.0.0.0"/>
         <property name="hostAddress" value="172.31.253.139"/>
         <property name="sessionId" value="c48f1da83805bfb70e02217dc6df2d7d"/>
         <property name="seleniumVersion" value="3.141.59"/>
         <property name="proxyInformation" value="ProxyInformation { proxyOption=NO_PROXY, proxyServerType=HTTP, username=, password=********, proxyServerAddress=, proxyServerPort=0, executionList=&quot;&quot;, isApplyToDesiredCapabilities=true }"/>
         <property name="platform" value="Windows 10"/>
      </properties>
      <testcase name="Test Cases/RAD_TestCases/BeforePayments_TestCases/Personal_Individual_BeforePayments_TC" time="201.207" classname="Test Cases/RAD_TestCases/BeforePayments_TestCases/Personal_Individual_BeforePayments_TC" status="PASSED">
         <system-out><![CDATA[2023-10-09 17:13:23 - [TEST_CASE][PASSED] - Test Cases/RAD_TestCases/BeforePayments_TestCases/Personal_Individual_BeforePayments_TC: Test Cases/RAD_TestCases/BeforePayments_TestCases/Personal_Individual_BeforePayments_TC

2023-10-09 17:13:23 - [TEST_STEP][PASSED] - resText = "Fail": null

2023-10-09 17:13:23 - [TEST_STEP][PASSED] - resColumn = "Result": null

2023-10-09 17:13:23 - [TEST_STEP][PASSED] - datCloumn = "Date": null

2023-10-09 17:13:23 - [TEST_STEP][PASSED] - fileLoc = "KatalonData/RADTestData/BeforePayments.xlsx": null

2023-10-09 17:13:23 - [TEST_STEP][PASSED] - nameSheet = "Personal_IND": null

2023-10-09 17:13:23 - [TEST_STEP][PASSED] - dataFile = "RADTestData/BeforePayments_Personal_IND": null

2023-10-09 17:13:23 - [TEST_STEP][PASSED] - orPath_Landing = "Object Repository/RAD_Pages/Landing_Page": null

2023-10-09 17:13:23 - [TEST_STEP][PASSED] - orPath_TaxTypeFilingYear = "Object Repository/RAD_Pages/TaxTypeFilingYear_Page": null

2023-10-09 17:13:23 - [TEST_STEP][PASSED] - orPath_Amount = "Object Repository/RAD_Pages/PaymentAmount_Page": null

2023-10-09 17:13:23 - [TEST_STEP][PASSED] - orPath_AddressContact = "Object Repository/RAD_Pages/AddressAndContactInfo_Page": null

2023-10-09 17:13:23 - [TEST_STEP][PASSED] - orPath_Summary = "Object Repository/RAD_Pages/Summary_Page": null

2023-10-09 17:13:23 - [TEST_STEP][PASSED] - orPath_PaymentConfirmation = "Object Repository/RAD_Pages/PaymentConfirmation_Page": null

2023-10-09 17:13:23 - [TEST_STEP][PASSED] - orPath_ServiceFeesAccept = "Object Repository/RAD_Pages/ServiceFeeAccept_Page": null

2023-10-09 17:13:23 - [TEST_STEP][PASSED] - orPath_PaymentEntry = "Object Repository/RAD_Pages/PaymentEntry_Page": null

2023-10-09 17:13:23 - [TEST_STEP][PASSED] - ExecuteTC = <not implemented yet for class: org.codehaus.groovy.ast.expr.EmptyExpression>: null

2023-10-09 17:13:23 - [TEST_STEP][PASSED] - TaxType = <not implemented yet for class: org.codehaus.groovy.ast.expr.EmptyExpression>: null

2023-10-09 17:13:23 - [TEST_STEP][PASSED] - PaymentType = <not implemented yet for class: org.codehaus.groovy.ast.expr.EmptyExpression>: null

2023-10-09 17:13:23 - [TEST_STEP][PASSED] - FilingYear = <not implemented yet for class: org.codehaus.groovy.ast.expr.EmptyExpression>: null

2023-10-09 17:13:23 - [TEST_STEP][PASSED] - PeriodEndingMonth = <not implemented yet for class: org.codehaus.groovy.ast.expr.EmptyExpression>: null

2023-10-09 17:13:23 - [TEST_STEP][PASSED] - executionProfile = getExecutionProfile(): null

2023-10-09 17:13:23 - [TEST_STEP][PASSED] - numOfRows = findTestData(dataFile).getRowNumbers(): null

2023-10-09 17:13:24 - [TEST_STEP][PASSED] - println("Number of Records: " + numOfRows): null

2023-10-09 17:13:24 - [TEST_STEP][PASSED] - for ([row = 1, row <= numOfRows, (row++)]): null

2023-10-09 17:13:24 - [TEST_STEP][PASSED] - ExecuteTC = findTestData(dataFile).getValue("Execute", row): null

2023-10-09 17:13:24 - [TEST_STEP][PASSED] - TaxType = findTestData(dataFile).getValue("TaxType", row): null

2023-10-09 17:13:25 - [TEST_STEP][PASSED] - PaymentType = findTestData(dataFile).getValue("PaymentType", row): null

2023-10-09 17:13:25 - [TEST_STEP][PASSED] - FilingYear = findTestData(dataFile).getValue("Year", row): null

2023-10-09 17:13:25 - [TEST_STEP][PASSED] - if (ExecuteTC.equalsIgnoreCase("Y")): null

2023-10-09 17:13:25 - [TEST_STEP][PASSED] - out.println("Begin Record Number: " + row): null

2023-10-09 17:13:25 - [TEST_STEP][PASSED] - today = new java.util.Date(): null

2023-10-09 17:13:25 - [TEST_STEP][PASSED] - println(today): null

2023-10-09 17:13:25 - [TEST_STEP][PASSED] - datText = today: null

2023-10-09 17:13:25 - [TEST_STEP][PASSED] - logInfo("Payment Type: " + PaymentType): Payment Type: Quarterly Estimated Tax

2023-10-09 17:13:25 - [MESSAGE][INFO] - Payment Type: Quarterly Estimated Tax

2023-10-09 17:13:25 - [TEST_STEP][PASSED] - logInfo("Tax Type: " + TaxType): Tax Type: Personal Income Tax

2023-10-09 17:13:25 - [MESSAGE][INFO] - Tax Type: Personal Income Tax

2023-10-09 17:13:25 - [TEST_STEP][PASSED] - openBrowser(""): Browser is opened with url: ''

2023-10-09 17:13:25 - [MESSAGE][INFO] - Starting 'Chrome' driver

2023-10-09 17:13:25 - [MESSAGE][INFO] - User set preference: ['acceptInsecureCerts', 'true']

2023-10-09 17:13:25 - [MESSAGE][INFO] - Action delay is set to 0 milliseconds

2023-10-09 17:13:29 - [MESSAGE][PASSED] - Browser is opened with url: ''

2023-10-09 17:13:29 - [TEST_STEP][PASSED] - maximizeWindow(): Current window maximized

2023-10-09 17:13:29 - [MESSAGE][PASSED] - Current window maximized

2023-10-09 17:13:29 - [TEST_STEP][PASSED] - navigateToUrl(RADurl): Navigate to 'https://qa2.velocitypayment.com/client/rad/index.html' successfully

2023-10-09 17:13:31 - [MESSAGE][PASSED] - Navigate to 'https://qa2.velocitypayment.com/client/rad/index.html' successfully

2023-10-09 17:13:31 - [TEST_STEP][PASSED] - selectOptionByLabel(findTestObject(orPath_Landing + "/dd_TaxType"), PaymentType, false): All options with label 'Quarterly Estimated Tax' are selected in object 'Object Repository/RAD_Pages/Landing_Page/dd_TaxType' 

2023-10-09 17:13:32 - [MESSAGE][PASSED] - All options with label 'Quarterly Estimated Tax' are selected in object 'Object Repository/RAD_Pages/Landing_Page/dd_TaxType' 

2023-10-09 17:13:32 - [TEST_STEP][PASSED] - switch (PaymentType): null

2023-10-09 17:13:32 - [TEST_STEP][PASSED] - case "Quarterly Estimated Tax":: null

2023-10-09 17:13:32 - [TEST_STEP][PASSED] - selectOptionByLabel(findTestObject(orPath_TaxTypeFilingYear + "/select_PaymentType"), TaxType, false): All options with label 'Personal Income Tax' are selected in object 'Object Repository/RAD_Pages/TaxTypeFilingYear_Page/select_PaymentType' 

2023-10-09 17:13:33 - [MESSAGE][PASSED] - All options with label 'Personal Income Tax' are selected in object 'Object Repository/RAD_Pages/TaxTypeFilingYear_Page/select_PaymentType' 

2023-10-09 17:13:33 - [TEST_STEP][PASSED] - break: null

2023-10-09 17:13:33 - [TEST_STEP][PASSED] - if (!(FilingYear.isEmpty())): All options with label '2023' are selected in object 'Object Repository/RAD_Pages/TaxTypeFilingYear_Page/select_FilingYear' 

2023-10-09 17:13:33 - [TEST_STEP][PASSED] - selectOptionByLabel(findTestObject(orPath_TaxTypeFilingYear + "/select_FilingYear"), FilingYear, false): All options with label '2023' are selected in object 'Object Repository/RAD_Pages/TaxTypeFilingYear_Page/select_FilingYear' 

2023-10-09 17:13:33 - [MESSAGE][PASSED] - All options with label '2023' are selected in object 'Object Repository/RAD_Pages/TaxTypeFilingYear_Page/select_FilingYear' 

2023-10-09 17:13:33 - [TEST_STEP][PASSED] - rad.getSetDataRAD.setDataRADssnAndName(): rad.getSetDataRAD.setDataRADssnAndName is PASSED

2023-10-09 17:13:34 - [MESSAGE][PASSED] - Text 'Jimmy' is set on object 'Object Repository/RAD_Pages/Taxpayer_Page/input_firstName'

2023-10-09 17:13:36 - [MESSAGE][PASSED] - Text 'Anderson' is set on object 'Object Repository/RAD_Pages/Taxpayer_Page/input_lastName'

2023-10-09 17:13:37 - [MESSAGE][PASSED] - Text '123451234' is set on object 'Object Repository/RAD_RecordAndPlay/input_concatSSN'

2023-10-09 17:13:37 - [MESSAGE][PASSED] - Text '123451234' is set on object 'Object Repository/RAD_RecordAndPlay/input_concatReSSN'

2023-10-09 17:13:37 - [MESSAGE][PASSED] - rad.getSetDataRAD.setDataRADssnAndName is PASSED

2023-10-09 17:13:37 - [TEST_STEP][PASSED] - rad.getSetDataRAD.setDataRADAddress(): rad.getSetDataRAD.setDataRADAddress is PASSED

2023-10-09 17:13:38 - [MESSAGE][PASSED] - All options with label 'United States' are selected in object 'Object Repository/RAD_Pages/AddressAndContactInfo_Page/select_Country' 

2023-10-09 17:13:39 - [MESSAGE][PASSED] - Text '2508 Mandan Terrace' is set on object 'Object Repository/RAD_Pages/AddressAndContactInfo_Page/input_streetAddress1'

2023-10-09 17:13:40 - [MESSAGE][PASSED] - Text '' is set on object 'Object Repository/RAD_Pages/AddressAndContactInfo_Page/input_streetAddress2'

2023-10-09 17:13:41 - [MESSAGE][PASSED] - Text 'Gambrills' is set on object 'Object Repository/RAD_Pages/AddressAndContactInfo_Page/input_city'

2023-10-09 17:13:41 - [MESSAGE][PASSED] - All options with label 'Maryland' are selected in object 'Object Repository/RAD_Pages/AddressAndContactInfo_Page/select_State' 

2023-10-09 17:13:42 - [MESSAGE][PASSED] - Text '21054' is set on object 'Object Repository/RAD_Pages/AddressAndContactInfo_Page/input_zipCode'

2023-10-09 17:13:43 - [MESSAGE][PASSED] - Text '(703) 894-5000' is set on object 'Object Repository/RAD_Pages/AddressAndContactInfo_Page/input_phoneNumber'

2023-10-09 17:13:44 - [MESSAGE][PASSED] - Text 'iahmed@govolution.com' is set on object 'Object Repository/RAD_Pages/AddressAndContactInfo_Page/input_eMailAddress'

2023-10-09 17:13:45 - [MESSAGE][PASSED] - Text 'iahmed@govolution.com' is set on object 'Object Repository/RAD_Pages/AddressAndContactInfo_Page/input_reEnterEMailAddress'

2023-10-09 17:13:45 - [MESSAGE][PASSED] - rad.getSetDataRAD.setDataRADAddress is PASSED

2023-10-09 17:13:45 - [TEST_STEP][PASSED] - setText(findTestObject(orPath_Amount + "/input__paymentAmount"), "100.00"): Text '100.00' is set on object 'Object Repository/RAD_Pages/PaymentAmount_Page/input__paymentAmount'

2023-10-09 17:13:47 - [MESSAGE][PASSED] - Text '100.00' is set on object 'Object Repository/RAD_Pages/PaymentAmount_Page/input__paymentAmount'

2023-10-09 17:13:47 - [TEST_STEP][PASSED] - setText(findTestObject(orPath_AddressContact + "/input_streetAddress2"), ""): Text '' is set on object 'Object Repository/RAD_Pages/AddressAndContactInfo_Page/input_streetAddress2'

2023-10-09 17:13:47 - [MESSAGE][PASSED] - Text '' is set on object 'Object Repository/RAD_Pages/AddressAndContactInfo_Page/input_streetAddress2'

2023-10-09 17:13:47 - [TEST_STEP][PASSED] - scrollToElement(findTestObject(orPath_Landing + "/button_Continue"), 3): Scroll to object 'Object Repository/RAD_Pages/Landing_Page/button_Continue' successfully

2023-10-09 17:13:48 - [MESSAGE][PASSED] - Scroll to object 'Object Repository/RAD_Pages/Landing_Page/button_Continue' successfully

2023-10-09 17:13:48 - [TEST_STEP][PASSED] - waitForElementClickable(findTestObject(orPath_Landing + "/button_Continue"), 5): Object 'Object Repository/RAD_Pages/Landing_Page/button_Continue' is clickable

2023-10-09 17:13:48 - [MESSAGE][PASSED] - Object 'Object Repository/RAD_Pages/Landing_Page/button_Continue' is clickable

2023-10-09 17:13:48 - [TEST_STEP][PASSED] - click(findTestObject(orPath_Landing + "/button_Continue")): Object: 'Object Repository/RAD_Pages/Landing_Page/button_Continue' is clicked on

2023-10-09 17:13:49 - [MESSAGE][PASSED] - Object: 'Object Repository/RAD_Pages/Landing_Page/button_Continue' is clicked on

2023-10-09 17:13:49 - [TEST_STEP][PASSED] - delay(2): Delayed 2 second(s)

2023-10-09 17:13:51 - [MESSAGE][PASSED] - Delayed 2 second(s)

2023-10-09 17:13:51 - [TEST_STEP][PASSED] - click(findTestObject(orPath_Summary + "/button_Proceed to Payment")): Object: 'Object Repository/RAD_Pages/Summary_Page/button_Proceed to Payment' is clicked on

2023-10-09 17:13:53 - [MESSAGE][PASSED] - Object: 'Object Repository/RAD_Pages/Summary_Page/button_Proceed to Payment' is clicked on

2023-10-09 17:13:53 - [TEST_STEP][PASSED] - if (verifyElementPresent(findTestObject("Object Repository/RAD_Pages/PaymentEntry_Page/input__billingName"), 30)): null

2023-10-09 17:13:53 - [MESSAGE][PASSED] - Object 'Object Repository/RAD_Pages/PaymentEntry_Page/input__billingName' is present

2023-10-09 17:13:53 - [TEST_STEP][PASSED] - verifyTextPresent("Comptroller of Maryland", true): Text 'Comptroller of Maryland' is present on page  using regular expression

2023-10-09 17:13:54 - [MESSAGE][PASSED] - Text 'Comptroller of Maryland' is present on page  using regular expression

2023-10-09 17:13:54 - [TEST_STEP][PASSED] - verifyTextPresent("Payment Information", true): Text 'Payment Information' is present on page  using regular expression

2023-10-09 17:13:54 - [MESSAGE][PASSED] - Text 'Payment Information' is present on page  using regular expression

2023-10-09 17:13:54 - [TEST_STEP][PASSED] - card_Name = getAttribute(findTestObject("Object Repository/RAD_Pages/PaymentEntry_Page/input__billingName"), "value"): Attribute 'value' of object 'Object Repository/RAD_Pages/PaymentEntry_Page/input__billingName' is: 'Jimmy Anderson'

2023-10-09 17:13:54 - [MESSAGE][PASSED] - Attribute 'value' of object 'Object Repository/RAD_Pages/PaymentEntry_Page/input__billingName' is: 'Jimmy Anderson'

2023-10-09 17:13:54 - [TEST_STEP][PASSED] - switch (executionProfile): null

2023-10-09 17:13:54 - [TEST_STEP][PASSED] - case "QA2Profile":: null

2023-10-09 17:13:54 - [TEST_STEP][PASSED] - verifyMatch("Jimmy Anderson", card_Name, false): Actual text 'Jimmy Anderson' and expected text 'Jimmy Anderson' are matched 

2023-10-09 17:13:54 - [MESSAGE][PASSED] - Actual text 'Jimmy Anderson' and expected text 'Jimmy Anderson' are matched 

2023-10-09 17:13:54 - [TEST_STEP][PASSED] - break: null

2023-10-09 17:13:54 - [TEST_STEP][PASSED] - AL1 = getAttribute(findTestObject("Object Repository/RAD_Pages/PaymentEntry_Page/input_billingAddress"), "value"): Attribute 'value' of object 'Object Repository/RAD_Pages/PaymentEntry_Page/input_billingAddress' is: '2508 Mandan Terrace'

2023-10-09 17:13:55 - [MESSAGE][PASSED] - Attribute 'value' of object 'Object Repository/RAD_Pages/PaymentEntry_Page/input_billingAddress' is: '2508 Mandan Terrace'

2023-10-09 17:13:55 - [TEST_STEP][PASSED] - verifyMatch("2508 Mandan Terrace", AL1, false): Actual text '2508 Mandan Terrace' and expected text '2508 Mandan Terrace' are matched 

2023-10-09 17:13:55 - [MESSAGE][PASSED] - Actual text '2508 Mandan Terrace' and expected text '2508 Mandan Terrace' are matched 

2023-10-09 17:13:55 - [TEST_STEP][PASSED] - AL2 = getAttribute(findTestObject("Object Repository/RAD_Pages/PaymentEntry_Page/input_billingAddress2"), "value"): Attribute 'value' of object 'Object Repository/RAD_Pages/PaymentEntry_Page/input_billingAddress2' is: ''

2023-10-09 17:13:55 - [MESSAGE][PASSED] - Attribute 'value' of object 'Object Repository/RAD_Pages/PaymentEntry_Page/input_billingAddress2' is: ''

2023-10-09 17:13:55 - [TEST_STEP][PASSED] - verifyMatch("", AL2, false): Actual text '' and expected text '' are matched 

2023-10-09 17:13:55 - [MESSAGE][PASSED] - Actual text '' and expected text '' are matched 

2023-10-09 17:13:55 - [TEST_STEP][PASSED] - zipCode = getAttribute(findTestObject("Object Repository/RAD_Pages/PaymentEntry_Page/input_billingZip"), "value"): Attribute 'value' of object 'Object Repository/RAD_Pages/PaymentEntry_Page/input_billingZip' is: '21054'

2023-10-09 17:13:55 - [MESSAGE][PASSED] - Attribute 'value' of object 'Object Repository/RAD_Pages/PaymentEntry_Page/input_billingZip' is: '21054'

2023-10-09 17:13:55 - [TEST_STEP][PASSED] - verifyMatch("21054", zipCode, false): Actual text '21054' and expected text '21054' are matched 

2023-10-09 17:13:55 - [MESSAGE][PASSED] - Actual text '21054' and expected text '21054' are matched 

2023-10-09 17:13:55 - [TEST_STEP][PASSED] - city = getAttribute(findTestObject("Object Repository/RAD_Pages/PaymentEntry_Page/input_billingCity"), "value"): Attribute 'value' of object 'Object Repository/RAD_Pages/PaymentEntry_Page/input_billingCity' is: 'GAMBRILLS'

2023-10-09 17:13:56 - [MESSAGE][PASSED] - Attribute 'value' of object 'Object Repository/RAD_Pages/PaymentEntry_Page/input_billingCity' is: 'GAMBRILLS'

2023-10-09 17:13:56 - [TEST_STEP][PASSED] - verifyMatch("GAMBRILLS", city, false): Actual text 'GAMBRILLS' and expected text 'GAMBRILLS' are matched 

2023-10-09 17:13:56 - [MESSAGE][PASSED] - Actual text 'GAMBRILLS' and expected text 'GAMBRILLS' are matched 

2023-10-09 17:13:56 - [TEST_STEP][PASSED] - email = getAttribute(findTestObject("Object Repository/RAD_Pages/PaymentEntry_Page/input_emailAddress"), "value"): Attribute 'value' of object 'Object Repository/RAD_Pages/PaymentEntry_Page/input_emailAddress' is: 'iahmed@govolution.com'

2023-10-09 17:13:56 - [MESSAGE][PASSED] - Attribute 'value' of object 'Object Repository/RAD_Pages/PaymentEntry_Page/input_emailAddress' is: 'iahmed@govolution.com'

2023-10-09 17:13:56 - [TEST_STEP][PASSED] - verifyMatch("iahmed@govolution.com", email, false): Actual text 'iahmed@govolution.com' and expected text 'iahmed@govolution.com' are matched 

2023-10-09 17:13:56 - [MESSAGE][PASSED] - Actual text 'iahmed@govolution.com' and expected text 'iahmed@govolution.com' are matched 

2023-10-09 17:13:56 - [TEST_STEP][PASSED] - amount = getAttribute(findTestObject("Object Repository/RAD_Pages/PaymentEntry_Page/input_amount"), "value"): Attribute 'value' of object 'Object Repository/RAD_Pages/PaymentEntry_Page/input_amount' is: '100.00'

2023-10-09 17:13:56 - [MESSAGE][PASSED] - Attribute 'value' of object 'Object Repository/RAD_Pages/PaymentEntry_Page/input_amount' is: '100.00'

2023-10-09 17:13:56 - [TEST_STEP][PASSED] - verifyMatch("100.00", amount, false): Actual text '100.00' and expected text '100.00' are matched 

2023-10-09 17:13:56 - [MESSAGE][PASSED] - Actual text '100.00' and expected text '100.00' are matched 

2023-10-09 17:13:56 - [TEST_STEP][PASSED] - amountReadOnly = getAttribute(findTestObject("Object Repository/RAD_Pages/PaymentEntry_Page/input_amount"), "readonly"): Attribute 'readonly' of object 'Object Repository/RAD_Pages/PaymentEntry_Page/input_amount' is: 'true'

2023-10-09 17:13:57 - [MESSAGE][PASSED] - Attribute 'readonly' of object 'Object Repository/RAD_Pages/PaymentEntry_Page/input_amount' is: 'true'

2023-10-09 17:13:57 - [TEST_STEP][PASSED] - verifyMatch("true", amountReadOnly, false): Actual text 'true' and expected text 'true' are matched 

2023-10-09 17:13:57 - [MESSAGE][PASSED] - Actual text 'true' and expected text 'true' are matched 

2023-10-09 17:13:57 - [TEST_STEP][PASSED] - verifyOptionSelectedByLabel(findTestObject("Object Repository/RAD_Pages/PaymentEntry_Page/select_Country"), "United States", false, 20): All options with label 'United States' are selected in object 'Object Repository/RAD_Pages/PaymentEntry_Page/select_Country' 

2023-10-09 17:13:58 - [MESSAGE][PASSED] - All options with label 'United States' are selected in object 'Object Repository/RAD_Pages/PaymentEntry_Page/select_Country' 

2023-10-09 17:13:58 - [TEST_STEP][PASSED] - verifyOptionSelectedByLabel(findTestObject("Object Repository/RAD_Pages/PaymentEntry_Page/select_State"), "Maryland", false, 20): All options with label 'Maryland' are selected in object 'Object Repository/RAD_Pages/PaymentEntry_Page/select_State' 

2023-10-09 17:14:00 - [MESSAGE][PASSED] - All options with label 'Maryland' are selected in object 'Object Repository/RAD_Pages/PaymentEntry_Page/select_State' 

2023-10-09 17:14:00 - [TEST_STEP][PASSED] - setText(findTestObject(orPath_PaymentEntry + "/input__cardNumber"), "4111111111111111"): Text '4111111111111111' is set on object 'Object Repository/RAD_Pages/PaymentEntry_Page/input__cardNumber'

2023-10-09 17:14:01 - [MESSAGE][PASSED] - Text '4111111111111111' is set on object 'Object Repository/RAD_Pages/PaymentEntry_Page/input__cardNumber'

2023-10-09 17:14:01 - [TEST_STEP][PASSED] - setText(findTestObject(orPath_PaymentEntry + "/input__spc"), "123"): Text '123' is set on object 'Object Repository/RAD_Pages/PaymentEntry_Page/input__spc'

2023-10-09 17:14:02 - [MESSAGE][PASSED] - Text '123' is set on object 'Object Repository/RAD_Pages/PaymentEntry_Page/input__spc'

2023-10-09 17:14:02 - [TEST_STEP][PASSED] - selectOptionByLabel(findTestObject(orPath_PaymentEntry + "/select_MM"), "12", false): All options with label '12' are selected in object 'Object Repository/RAD_Pages/PaymentEntry_Page/select_MM' 

2023-10-09 17:14:02 - [MESSAGE][PASSED] - All options with label '12' are selected in object 'Object Repository/RAD_Pages/PaymentEntry_Page/select_MM' 

2023-10-09 17:14:02 - [TEST_STEP][PASSED] - selectOptionByLabel(findTestObject(orPath_PaymentEntry + "/select_YYYY"), "2028", false): All options with label '2028' are selected in object 'Object Repository/RAD_Pages/PaymentEntry_Page/select_YYYY' 

2023-10-09 17:14:03 - [MESSAGE][PASSED] - All options with label '2028' are selected in object 'Object Repository/RAD_Pages/PaymentEntry_Page/select_YYYY' 

2023-10-09 17:14:03 - [TEST_STEP][PASSED] - click(findTestObject(orPath_PaymentEntry + "/input_Field_ccSubmit")): Object: 'Object Repository/RAD_Pages/PaymentEntry_Page/input_Field_ccSubmit' is clicked on

2023-10-09 17:14:04 - [MESSAGE][PASSED] - Object: 'Object Repository/RAD_Pages/PaymentEntry_Page/input_Field_ccSubmit' is clicked on

2023-10-09 17:14:04 - [TEST_STEP][PASSED] - click(findTestObject(orPath_PaymentConfirmation + "/input_N_confirmNotifyAction")): Object: 'Object Repository/RAD_Pages/PaymentConfirmation_Page/input_N_confirmNotifyAction' is clicked on

2023-10-09 17:14:05 - [MESSAGE][PASSED] - Object: 'Object Repository/RAD_Pages/PaymentConfirmation_Page/input_N_confirmNotifyAction' is clicked on

2023-10-09 17:14:05 - [TEST_STEP][PASSED] - verifyTextPresent("Service Fee Acceptance", true): Text 'Service Fee Acceptance' is present on page  using regular expression

2023-10-09 17:14:06 - [MESSAGE][PASSED] - Text 'Service Fee Acceptance' is present on page  using regular expression

2023-10-09 17:14:06 - [TEST_STEP][PASSED] - verifyTextPresent("This transaction is subject to a Service Fee of ", true): Text 'This transaction is subject to a Service Fee of ' is present on page  using regular expression

2023-10-09 17:14:06 - [MESSAGE][PASSED] - Text 'This transaction is subject to a Service Fee of ' is present on page  using regular expression

2023-10-09 17:14:06 - [TEST_STEP][PASSED] - verifyTextPresent("Payment Amount:", true): Text 'Payment Amount:' is present on page  using regular expression

2023-10-09 17:14:06 - [MESSAGE][PASSED] - Text 'Payment Amount:' is present on page  using regular expression

2023-10-09 17:14:06 - [TEST_STEP][PASSED] - verifyTextPresent("100.00", true): Text '100.00' is present on page  using regular expression

2023-10-09 17:14:06 - [MESSAGE][PASSED] - Text '100.00' is present on page  using regular expression

2023-10-09 17:14:06 - [TEST_STEP][PASSED] - verifyTextPresent("Service Fee:", true): Text 'Service Fee:' is present on page  using regular expression

2023-10-09 17:14:07 - [MESSAGE][PASSED] - Text 'Service Fee:' is present on page  using regular expression

2023-10-09 17:14:07 - [TEST_STEP][PASSED] - verifyTextPresent("2.45", true): Text '2.45' is present on page  using regular expression

2023-10-09 17:14:07 - [MESSAGE][PASSED] - Text '2.45' is present on page  using regular expression

2023-10-09 17:14:07 - [TEST_STEP][PASSED] - verifyTextPresent("Total Amount:", true): Text 'Total Amount:' is present on page  using regular expression

2023-10-09 17:14:07 - [MESSAGE][PASSED] - Text 'Total Amount:' is present on page  using regular expression

2023-10-09 17:14:07 - [TEST_STEP][PASSED] - verifyTextPresent("102.45", true): Text '102.45' is present on page  using regular expression

2023-10-09 17:14:07 - [MESSAGE][PASSED] - Text '102.45' is present on page  using regular expression

2023-10-09 17:14:07 - [TEST_STEP][PASSED] - verifyTextPresent("Two transactions will appear on your bank statement, one in the amount of", true): Text 'Two transactions will appear on your bank statement, one in the amount of' is present on page  using regular expression

2023-10-09 17:14:08 - [MESSAGE][PASSED] - Text 'Two transactions will appear on your bank statement, one in the amount of' is present on page  using regular expression

2023-10-09 17:14:08 - [TEST_STEP][PASSED] - if (verifyElementPresent(findTestObject(orPath_ServiceFeesAccept + "/input_convFeeNotifyAction"), 30)): null

2023-10-09 17:14:08 - [MESSAGE][PASSED] - Object 'Object Repository/RAD_Pages/ServiceFeeAccept_Page/input_convFeeNotifyAction' is present

2023-10-09 17:14:08 - [TEST_STEP][PASSED] - resText = "Pass": null

2023-10-09 17:14:08 - [TEST_STEP][PASSED] - pages.WriteExcel.demoKey(resText, datText, resColumn, datCloumn, fileLoc, nameSheet, row): pages.WriteExcel.demoKey is PASSED

2023-10-09 17:14:09 - [MESSAGE][PASSED] - pages.WriteExcel.demoKey is PASSED

2023-10-09 17:14:09 - [TEST_STEP][PASSED] - ExecuteTC = findTestData(dataFile).getValue("Execute", row): null

2023-10-09 17:14:09 - [TEST_STEP][PASSED] - TaxType = findTestData(dataFile).getValue("TaxType", row): null

2023-10-09 17:14:09 - [TEST_STEP][PASSED] - PaymentType = findTestData(dataFile).getValue("PaymentType", row): null

2023-10-09 17:14:09 - [TEST_STEP][PASSED] - FilingYear = findTestData(dataFile).getValue("Year", row): null

2023-10-09 17:14:09 - [TEST_STEP][PASSED] - if (ExecuteTC.equalsIgnoreCase("Y")): null

2023-10-09 17:14:09 - [TEST_STEP][PASSED] - out.println("Begin Record Number: " + row): null

2023-10-09 17:14:09 - [TEST_STEP][PASSED] - today = new java.util.Date(): null

2023-10-09 17:14:09 - [TEST_STEP][PASSED] - println(today): null

2023-10-09 17:14:09 - [TEST_STEP][PASSED] - datText = today: null

2023-10-09 17:14:09 - [TEST_STEP][PASSED] - logInfo("Payment Type: " + PaymentType): Payment Type: Extension Payments

2023-10-09 17:14:09 - [MESSAGE][INFO] - Payment Type: Extension Payments

2023-10-09 17:14:09 - [TEST_STEP][PASSED] - logInfo("Tax Type: " + TaxType): Tax Type: Personal Income Tax

2023-10-09 17:14:09 - [MESSAGE][INFO] - Tax Type: Personal Income Tax

2023-10-09 17:14:09 - [TEST_STEP][PASSED] - openBrowser(""): Browser is opened with url: ''

2023-10-09 17:14:09 - [MESSAGE][WARNING] - A browser is already opened. Closing browser and opening a new one

2023-10-09 17:14:10 - [MESSAGE][INFO] - Starting 'Chrome' driver

2023-10-09 17:14:10 - [MESSAGE][INFO] - User set preference: ['acceptInsecureCerts', 'true']

2023-10-09 17:14:10 - [MESSAGE][INFO] - Action delay is set to 0 milliseconds

2023-10-09 17:14:11 - [MESSAGE][PASSED] - Browser is opened with url: ''

2023-10-09 17:14:11 - [TEST_STEP][PASSED] - maximizeWindow(): Current window maximized

2023-10-09 17:14:12 - [MESSAGE][PASSED] - Current window maximized

2023-10-09 17:14:12 - [TEST_STEP][PASSED] - navigateToUrl(RADurl): Navigate to 'https://qa2.velocitypayment.com/client/rad/index.html' successfully

2023-10-09 17:14:13 - [MESSAGE][PASSED] - Navigate to 'https://qa2.velocitypayment.com/client/rad/index.html' successfully

2023-10-09 17:14:13 - [TEST_STEP][PASSED] - selectOptionByLabel(findTestObject(orPath_Landing + "/dd_TaxType"), PaymentType, false): All options with label 'Extension Payments' are selected in object 'Object Repository/RAD_Pages/Landing_Page/dd_TaxType' 

2023-10-09 17:14:14 - [MESSAGE][PASSED] - All options with label 'Extension Payments' are selected in object 'Object Repository/RAD_Pages/Landing_Page/dd_TaxType' 

2023-10-09 17:14:14 - [TEST_STEP][PASSED] - switch (PaymentType): null

2023-10-09 17:14:14 - [TEST_STEP][PASSED] - case "Extension Payments":: null

2023-10-09 17:14:14 - [TEST_STEP][PASSED] - selectOptionByLabel(findTestObject(orPath_TaxTypeFilingYear + "/select_PaymentType"), TaxType, false): All options with label 'Personal Income Tax' are selected in object 'Object Repository/RAD_Pages/TaxTypeFilingYear_Page/select_PaymentType' 

2023-10-09 17:14:15 - [MESSAGE][PASSED] - All options with label 'Personal Income Tax' are selected in object 'Object Repository/RAD_Pages/TaxTypeFilingYear_Page/select_PaymentType' 

2023-10-09 17:14:15 - [TEST_STEP][PASSED] - break: null

2023-10-09 17:14:15 - [TEST_STEP][PASSED] - if (!(FilingYear.isEmpty())): All options with label '2022' are selected in object 'Object Repository/RAD_Pages/TaxTypeFilingYear_Page/select_FilingYear' 

2023-10-09 17:14:15 - [TEST_STEP][PASSED] - selectOptionByLabel(findTestObject(orPath_TaxTypeFilingYear + "/select_FilingYear"), FilingYear, false): All options with label '2022' are selected in object 'Object Repository/RAD_Pages/TaxTypeFilingYear_Page/select_FilingYear' 

2023-10-09 17:14:15 - [MESSAGE][PASSED] - All options with label '2022' are selected in object 'Object Repository/RAD_Pages/TaxTypeFilingYear_Page/select_FilingYear' 

2023-10-09 17:14:15 - [TEST_STEP][PASSED] - rad.getSetDataRAD.setDataRADssnAndName(): rad.getSetDataRAD.setDataRADssnAndName is PASSED

2023-10-09 17:14:16 - [MESSAGE][PASSED] - Text 'Jimmy' is set on object 'Object Repository/RAD_Pages/Taxpayer_Page/input_firstName'

2023-10-09 17:14:18 - [MESSAGE][PASSED] - Text 'Anderson' is set on object 'Object Repository/RAD_Pages/Taxpayer_Page/input_lastName'

2023-10-09 17:14:18 - [MESSAGE][PASSED] - Text '123451234' is set on object 'Object Repository/RAD_RecordAndPlay/input_concatSSN'

2023-10-09 17:14:19 - [MESSAGE][PASSED] - Text '123451234' is set on object 'Object Repository/RAD_RecordAndPlay/input_concatReSSN'

2023-10-09 17:14:19 - [MESSAGE][PASSED] - rad.getSetDataRAD.setDataRADssnAndName is PASSED

2023-10-09 17:14:19 - [TEST_STEP][PASSED] - rad.getSetDataRAD.setDataRADAddress(): rad.getSetDataRAD.setDataRADAddress is PASSED

2023-10-09 17:14:20 - [MESSAGE][PASSED] - All options with label 'United States' are selected in object 'Object Repository/RAD_Pages/AddressAndContactInfo_Page/select_Country' 

2023-10-09 17:14:20 - [MESSAGE][PASSED] - Text '2508 Mandan Terrace' is set on object 'Object Repository/RAD_Pages/AddressAndContactInfo_Page/input_streetAddress1'

2023-10-09 17:14:21 - [MESSAGE][PASSED] - Text '' is set on object 'Object Repository/RAD_Pages/AddressAndContactInfo_Page/input_streetAddress2'

2023-10-09 17:14:22 - [MESSAGE][PASSED] - Text 'Gambrills' is set on object 'Object Repository/RAD_Pages/AddressAndContactInfo_Page/input_city'

2023-10-09 17:14:23 - [MESSAGE][PASSED] - All options with label 'Maryland' are selected in object 'Object Repository/RAD_Pages/AddressAndContactInfo_Page/select_State' 

2023-10-09 17:14:23 - [MESSAGE][PASSED] - Text '21054' is set on object 'Object Repository/RAD_Pages/AddressAndContactInfo_Page/input_zipCode'

2023-10-09 17:14:24 - [MESSAGE][PASSED] - Text '(703) 894-5000' is set on object 'Object Repository/RAD_Pages/AddressAndContactInfo_Page/input_phoneNumber'

2023-10-09 17:14:25 - [MESSAGE][PASSED] - Text 'iahmed@govolution.com' is set on object 'Object Repository/RAD_Pages/AddressAndContactInfo_Page/input_eMailAddress'

2023-10-09 17:14:26 - [MESSAGE][PASSED] - Text 'iahmed@govolution.com' is set on object 'Object Repository/RAD_Pages/AddressAndContactInfo_Page/input_reEnterEMailAddress'

2023-10-09 17:14:26 - [MESSAGE][PASSED] - rad.getSetDataRAD.setDataRADAddress is PASSED

2023-10-09 17:14:26 - [TEST_STEP][PASSED] - setText(findTestObject(orPath_Amount + "/input__paymentAmount"), "100.00"): Text '100.00' is set on object 'Object Repository/RAD_Pages/PaymentAmount_Page/input__paymentAmount'

2023-10-09 17:14:26 - [MESSAGE][PASSED] - Text '100.00' is set on object 'Object Repository/RAD_Pages/PaymentAmount_Page/input__paymentAmount'

2023-10-09 17:14:26 - [TEST_STEP][PASSED] - setText(findTestObject(orPath_AddressContact + "/input_streetAddress2"), ""): Text '' is set on object 'Object Repository/RAD_Pages/AddressAndContactInfo_Page/input_streetAddress2'

2023-10-09 17:14:27 - [MESSAGE][PASSED] - Text '' is set on object 'Object Repository/RAD_Pages/AddressAndContactInfo_Page/input_streetAddress2'

2023-10-09 17:14:27 - [TEST_STEP][PASSED] - scrollToElement(findTestObject(orPath_Landing + "/button_Continue"), 3): Scroll to object 'Object Repository/RAD_Pages/Landing_Page/button_Continue' successfully

2023-10-09 17:14:28 - [MESSAGE][PASSED] - Scroll to object 'Object Repository/RAD_Pages/Landing_Page/button_Continue' successfully

2023-10-09 17:14:28 - [TEST_STEP][PASSED] - waitForElementClickable(findTestObject(orPath_Landing + "/button_Continue"), 5): Object 'Object Repository/RAD_Pages/Landing_Page/button_Continue' is clickable

2023-10-09 17:14:28 - [MESSAGE][PASSED] - Object 'Object Repository/RAD_Pages/Landing_Page/button_Continue' is clickable

2023-10-09 17:14:28 - [TEST_STEP][PASSED] - click(findTestObject(orPath_Landing + "/button_Continue")): Object: 'Object Repository/RAD_Pages/Landing_Page/button_Continue' is clicked on

2023-10-09 17:14:28 - [MESSAGE][PASSED] - Object: 'Object Repository/RAD_Pages/Landing_Page/button_Continue' is clicked on

2023-10-09 17:14:28 - [TEST_STEP][PASSED] - delay(2): Delayed 2 second(s)

2023-10-09 17:14:30 - [MESSAGE][PASSED] - Delayed 2 second(s)

2023-10-09 17:14:30 - [TEST_STEP][PASSED] - click(findTestObject(orPath_Summary + "/button_Proceed to Payment")): Object: 'Object Repository/RAD_Pages/Summary_Page/button_Proceed to Payment' is clicked on

2023-10-09 17:14:33 - [MESSAGE][PASSED] - Object: 'Object Repository/RAD_Pages/Summary_Page/button_Proceed to Payment' is clicked on

2023-10-09 17:14:33 - [TEST_STEP][PASSED] - if (verifyElementPresent(findTestObject("Object Repository/RAD_Pages/PaymentEntry_Page/input__billingName"), 30)): null

2023-10-09 17:14:33 - [MESSAGE][PASSED] - Object 'Object Repository/RAD_Pages/PaymentEntry_Page/input__billingName' is present

2023-10-09 17:14:33 - [TEST_STEP][PASSED] - verifyTextPresent("Comptroller of Maryland", true): Text 'Comptroller of Maryland' is present on page  using regular expression

2023-10-09 17:14:34 - [MESSAGE][PASSED] - Text 'Comptroller of Maryland' is present on page  using regular expression

2023-10-09 17:14:34 - [TEST_STEP][PASSED] - verifyTextPresent("Payment Information", true): Text 'Payment Information' is present on page  using regular expression

2023-10-09 17:14:34 - [MESSAGE][PASSED] - Text 'Payment Information' is present on page  using regular expression

2023-10-09 17:14:34 - [TEST_STEP][PASSED] - card_Name = getAttribute(findTestObject("Object Repository/RAD_Pages/PaymentEntry_Page/input__billingName"), "value"): Attribute 'value' of object 'Object Repository/RAD_Pages/PaymentEntry_Page/input__billingName' is: 'Jimmy Anderson'

2023-10-09 17:14:34 - [MESSAGE][PASSED] - Attribute 'value' of object 'Object Repository/RAD_Pages/PaymentEntry_Page/input__billingName' is: 'Jimmy Anderson'

2023-10-09 17:14:34 - [TEST_STEP][PASSED] - switch (executionProfile): null

2023-10-09 17:14:34 - [TEST_STEP][PASSED] - case "QA2Profile":: null

2023-10-09 17:14:34 - [TEST_STEP][PASSED] - verifyMatch("Jimmy Anderson", card_Name, false): Actual text 'Jimmy Anderson' and expected text 'Jimmy Anderson' are matched 

2023-10-09 17:14:34 - [MESSAGE][PASSED] - Actual text 'Jimmy Anderson' and expected text 'Jimmy Anderson' are matched 

2023-10-09 17:14:34 - [TEST_STEP][PASSED] - break: null

2023-10-09 17:14:34 - [TEST_STEP][PASSED] - AL1 = getAttribute(findTestObject("Object Repository/RAD_Pages/PaymentEntry_Page/input_billingAddress"), "value"): Attribute 'value' of object 'Object Repository/RAD_Pages/PaymentEntry_Page/input_billingAddress' is: '2508 Mandan Terrace'

2023-10-09 17:14:35 - [MESSAGE][PASSED] - Attribute 'value' of object 'Object Repository/RAD_Pages/PaymentEntry_Page/input_billingAddress' is: '2508 Mandan Terrace'

2023-10-09 17:14:35 - [TEST_STEP][PASSED] - verifyMatch("2508 Mandan Terrace", AL1, false): Actual text '2508 Mandan Terrace' and expected text '2508 Mandan Terrace' are matched 

2023-10-09 17:14:35 - [MESSAGE][PASSED] - Actual text '2508 Mandan Terrace' and expected text '2508 Mandan Terrace' are matched 

2023-10-09 17:14:35 - [TEST_STEP][PASSED] - AL2 = getAttribute(findTestObject("Object Repository/RAD_Pages/PaymentEntry_Page/input_billingAddress2"), "value"): Attribute 'value' of object 'Object Repository/RAD_Pages/PaymentEntry_Page/input_billingAddress2' is: ''

2023-10-09 17:14:35 - [MESSAGE][PASSED] - Attribute 'value' of object 'Object Repository/RAD_Pages/PaymentEntry_Page/input_billingAddress2' is: ''

2023-10-09 17:14:35 - [TEST_STEP][PASSED] - verifyMatch("", AL2, false): Actual text '' and expected text '' are matched 

2023-10-09 17:14:35 - [MESSAGE][PASSED] - Actual text '' and expected text '' are matched 

2023-10-09 17:14:35 - [TEST_STEP][PASSED] - zipCode = getAttribute(findTestObject("Object Repository/RAD_Pages/PaymentEntry_Page/input_billingZip"), "value"): Attribute 'value' of object 'Object Repository/RAD_Pages/PaymentEntry_Page/input_billingZip' is: '21054'

2023-10-09 17:14:35 - [MESSAGE][PASSED] - Attribute 'value' of object 'Object Repository/RAD_Pages/PaymentEntry_Page/input_billingZip' is: '21054'

2023-10-09 17:14:35 - [TEST_STEP][PASSED] - verifyMatch("21054", zipCode, false): Actual text '21054' and expected text '21054' are matched 

2023-10-09 17:14:35 - [MESSAGE][PASSED] - Actual text '21054' and expected text '21054' are matched 

2023-10-09 17:14:35 - [TEST_STEP][PASSED] - city = getAttribute(findTestObject("Object Repository/RAD_Pages/PaymentEntry_Page/input_billingCity"), "value"): Attribute 'value' of object 'Object Repository/RAD_Pages/PaymentEntry_Page/input_billingCity' is: 'GAMBRILLS'

2023-10-09 17:14:36 - [MESSAGE][PASSED] - Attribute 'value' of object 'Object Repository/RAD_Pages/PaymentEntry_Page/input_billingCity' is: 'GAMBRILLS'

2023-10-09 17:14:36 - [TEST_STEP][PASSED] - verifyMatch("GAMBRILLS", city, false): Actual text 'GAMBRILLS' and expected text 'GAMBRILLS' are matched 

2023-10-09 17:14:36 - [MESSAGE][PASSED] - Actual text 'GAMBRILLS' and expected text 'GAMBRILLS' are matched 

2023-10-09 17:14:36 - [TEST_STEP][PASSED] - email = getAttribute(findTestObject("Object Repository/RAD_Pages/PaymentEntry_Page/input_emailAddress"), "value"): Attribute 'value' of object 'Object Repository/RAD_Pages/PaymentEntry_Page/input_emailAddress' is: 'iahmed@govolution.com'

2023-10-09 17:14:36 - [MESSAGE][PASSED] - Attribute 'value' of object 'Object Repository/RAD_Pages/PaymentEntry_Page/input_emailAddress' is: 'iahmed@govolution.com'

2023-10-09 17:14:36 - [TEST_STEP][PASSED] - verifyMatch("iahmed@govolution.com", email, false): Actual text 'iahmed@govolution.com' and expected text 'iahmed@govolution.com' are matched 

2023-10-09 17:14:36 - [MESSAGE][PASSED] - Actual text 'iahmed@govolution.com' and expected text 'iahmed@govolution.com' are matched 

2023-10-09 17:14:36 - [TEST_STEP][PASSED] - amount = getAttribute(findTestObject("Object Repository/RAD_Pages/PaymentEntry_Page/input_amount"), "value"): Attribute 'value' of object 'Object Repository/RAD_Pages/PaymentEntry_Page/input_amount' is: '100.00'

2023-10-09 17:14:36 - [MESSAGE][PASSED] - Attribute 'value' of object 'Object Repository/RAD_Pages/PaymentEntry_Page/input_amount' is: '100.00'

2023-10-09 17:14:36 - [TEST_STEP][PASSED] - verifyMatch("100.00", amount, false): Actual text '100.00' and expected text '100.00' are matched 

2023-10-09 17:14:36 - [MESSAGE][PASSED] - Actual text '100.00' and expected text '100.00' are matched 

2023-10-09 17:14:36 - [TEST_STEP][PASSED] - amountReadOnly = getAttribute(findTestObject("Object Repository/RAD_Pages/PaymentEntry_Page/input_amount"), "readonly"): Attribute 'readonly' of object 'Object Repository/RAD_Pages/PaymentEntry_Page/input_amount' is: 'true'

2023-10-09 17:14:36 - [MESSAGE][PASSED] - Attribute 'readonly' of object 'Object Repository/RAD_Pages/PaymentEntry_Page/input_amount' is: 'true'

2023-10-09 17:14:36 - [TEST_STEP][PASSED] - verifyMatch("true", amountReadOnly, false): Actual text 'true' and expected text 'true' are matched 

2023-10-09 17:14:36 - [MESSAGE][PASSED] - Actual text 'true' and expected text 'true' are matched 

2023-10-09 17:14:36 - [TEST_STEP][PASSED] - verifyOptionSelectedByLabel(findTestObject("Object Repository/RAD_Pages/PaymentEntry_Page/select_Country"), "United States", false, 20): All options with label 'United States' are selected in object 'Object Repository/RAD_Pages/PaymentEntry_Page/select_Country' 

2023-10-09 17:14:38 - [MESSAGE][PASSED] - All options with label 'United States' are selected in object 'Object Repository/RAD_Pages/PaymentEntry_Page/select_Country' 

2023-10-09 17:14:38 - [TEST_STEP][PASSED] - verifyOptionSelectedByLabel(findTestObject("Object Repository/RAD_Pages/PaymentEntry_Page/select_State"), "Maryland", false, 20): All options with label 'Maryland' are selected in object 'Object Repository/RAD_Pages/PaymentEntry_Page/select_State' 

2023-10-09 17:14:40 - [MESSAGE][PASSED] - All options with label 'Maryland' are selected in object 'Object Repository/RAD_Pages/PaymentEntry_Page/select_State' 

2023-10-09 17:14:40 - [TEST_STEP][PASSED] - setText(findTestObject(orPath_PaymentEntry + "/input__cardNumber"), "4111111111111111"): Text '4111111111111111' is set on object 'Object Repository/RAD_Pages/PaymentEntry_Page/input__cardNumber'

2023-10-09 17:14:41 - [MESSAGE][PASSED] - Text '4111111111111111' is set on object 'Object Repository/RAD_Pages/PaymentEntry_Page/input__cardNumber'

2023-10-09 17:14:41 - [TEST_STEP][PASSED] - setText(findTestObject(orPath_PaymentEntry + "/input__spc"), "123"): Text '123' is set on object 'Object Repository/RAD_Pages/PaymentEntry_Page/input__spc'

2023-10-09 17:14:41 - [MESSAGE][PASSED] - Text '123' is set on object 'Object Repository/RAD_Pages/PaymentEntry_Page/input__spc'

2023-10-09 17:14:41 - [TEST_STEP][PASSED] - selectOptionByLabel(findTestObject(orPath_PaymentEntry + "/select_MM"), "12", false): All options with label '12' are selected in object 'Object Repository/RAD_Pages/PaymentEntry_Page/select_MM' 

2023-10-09 17:14:42 - [MESSAGE][PASSED] - All options with label '12' are selected in object 'Object Repository/RAD_Pages/PaymentEntry_Page/select_MM' 

2023-10-09 17:14:42 - [TEST_STEP][PASSED] - selectOptionByLabel(findTestObject(orPath_PaymentEntry + "/select_YYYY"), "2028", false): All options with label '2028' are selected in object 'Object Repository/RAD_Pages/PaymentEntry_Page/select_YYYY' 

2023-10-09 17:14:43 - [MESSAGE][PASSED] - All options with label '2028' are selected in object 'Object Repository/RAD_Pages/PaymentEntry_Page/select_YYYY' 

2023-10-09 17:14:43 - [TEST_STEP][PASSED] - click(findTestObject(orPath_PaymentEntry + "/input_Field_ccSubmit")): Object: 'Object Repository/RAD_Pages/PaymentEntry_Page/input_Field_ccSubmit' is clicked on

2023-10-09 17:14:44 - [MESSAGE][PASSED] - Object: 'Object Repository/RAD_Pages/PaymentEntry_Page/input_Field_ccSubmit' is clicked on

2023-10-09 17:14:44 - [TEST_STEP][PASSED] - click(findTestObject(orPath_PaymentConfirmation + "/input_N_confirmNotifyAction")): Object: 'Object Repository/RAD_Pages/PaymentConfirmation_Page/input_N_confirmNotifyAction' is clicked on

2023-10-09 17:14:45 - [MESSAGE][PASSED] - Object: 'Object Repository/RAD_Pages/PaymentConfirmation_Page/input_N_confirmNotifyAction' is clicked on

2023-10-09 17:14:45 - [TEST_STEP][PASSED] - verifyTextPresent("Service Fee Acceptance", true): Text 'Service Fee Acceptance' is present on page  using regular expression

2023-10-09 17:14:45 - [MESSAGE][PASSED] - Text 'Service Fee Acceptance' is present on page  using regular expression

2023-10-09 17:14:45 - [TEST_STEP][PASSED] - verifyTextPresent("This transaction is subject to a Service Fee of ", true): Text 'This transaction is subject to a Service Fee of ' is present on page  using regular expression

2023-10-09 17:14:45 - [MESSAGE][PASSED] - Text 'This transaction is subject to a Service Fee of ' is present on page  using regular expression

2023-10-09 17:14:45 - [TEST_STEP][PASSED] - verifyTextPresent("Payment Amount:", true): Text 'Payment Amount:' is present on page  using regular expression

2023-10-09 17:14:46 - [MESSAGE][PASSED] - Text 'Payment Amount:' is present on page  using regular expression

2023-10-09 17:14:46 - [TEST_STEP][PASSED] - verifyTextPresent("100.00", true): Text '100.00' is present on page  using regular expression

2023-10-09 17:14:46 - [MESSAGE][PASSED] - Text '100.00' is present on page  using regular expression

2023-10-09 17:14:46 - [TEST_STEP][PASSED] - verifyTextPresent("Service Fee:", true): Text 'Service Fee:' is present on page  using regular expression

2023-10-09 17:14:46 - [MESSAGE][PASSED] - Text 'Service Fee:' is present on page  using regular expression

2023-10-09 17:14:46 - [TEST_STEP][PASSED] - verifyTextPresent("2.45", true): Text '2.45' is present on page  using regular expression

2023-10-09 17:14:46 - [MESSAGE][PASSED] - Text '2.45' is present on page  using regular expression

2023-10-09 17:14:46 - [TEST_STEP][PASSED] - verifyTextPresent("Total Amount:", true): Text 'Total Amount:' is present on page  using regular expression

2023-10-09 17:14:47 - [MESSAGE][PASSED] - Text 'Total Amount:' is present on page  using regular expression

2023-10-09 17:14:47 - [TEST_STEP][PASSED] - verifyTextPresent("102.45", true): Text '102.45' is present on page  using regular expression

2023-10-09 17:14:47 - [MESSAGE][PASSED] - Text '102.45' is present on page  using regular expression

2023-10-09 17:14:47 - [TEST_STEP][PASSED] - verifyTextPresent("Two transactions will appear on your bank statement, one in the amount of", true): Text 'Two transactions will appear on your bank statement, one in the amount of' is present on page  using regular expression

2023-10-09 17:14:47 - [MESSAGE][PASSED] - Text 'Two transactions will appear on your bank statement, one in the amount of' is present on page  using regular expression

2023-10-09 17:14:47 - [TEST_STEP][PASSED] - if (verifyElementPresent(findTestObject(orPath_ServiceFeesAccept + "/input_convFeeNotifyAction"), 30)): null

2023-10-09 17:14:48 - [MESSAGE][PASSED] - Object 'Object Repository/RAD_Pages/ServiceFeeAccept_Page/input_convFeeNotifyAction' is present

2023-10-09 17:14:48 - [TEST_STEP][PASSED] - resText = "Pass": null

2023-10-09 17:14:48 - [TEST_STEP][PASSED] - pages.WriteExcel.demoKey(resText, datText, resColumn, datCloumn, fileLoc, nameSheet, row): pages.WriteExcel.demoKey is PASSED

2023-10-09 17:14:48 - [MESSAGE][PASSED] - pages.WriteExcel.demoKey is PASSED

2023-10-09 17:14:48 - [TEST_STEP][PASSED] - ExecuteTC = findTestData(dataFile).getValue("Execute", row): null

2023-10-09 17:14:48 - [TEST_STEP][PASSED] - TaxType = findTestData(dataFile).getValue("TaxType", row): null

2023-10-09 17:14:48 - [TEST_STEP][PASSED] - PaymentType = findTestData(dataFile).getValue("PaymentType", row): null

2023-10-09 17:14:48 - [TEST_STEP][PASSED] - FilingYear = findTestData(dataFile).getValue("Year", row): null

2023-10-09 17:14:48 - [TEST_STEP][PASSED] - if (ExecuteTC.equalsIgnoreCase("Y")): null

2023-10-09 17:14:48 - [TEST_STEP][PASSED] - out.println("Begin Record Number: " + row): null

2023-10-09 17:14:48 - [TEST_STEP][PASSED] - today = new java.util.Date(): null

2023-10-09 17:14:48 - [TEST_STEP][PASSED] - println(today): null

2023-10-09 17:14:48 - [TEST_STEP][PASSED] - datText = today: null

2023-10-09 17:14:48 - [TEST_STEP][PASSED] - logInfo("Payment Type: " + PaymentType): Payment Type: New Tax Return Amount Due

2023-10-09 17:14:48 - [MESSAGE][INFO] - Payment Type: New Tax Return Amount Due

2023-10-09 17:14:48 - [TEST_STEP][PASSED] - logInfo("Tax Type: " + TaxType): Tax Type: Personal Income Tax

2023-10-09 17:14:48 - [MESSAGE][INFO] - Tax Type: Personal Income Tax

2023-10-09 17:14:48 - [TEST_STEP][PASSED] - openBrowser(""): Browser is opened with url: ''

2023-10-09 17:14:48 - [MESSAGE][WARNING] - A browser is already opened. Closing browser and opening a new one

2023-10-09 17:14:49 - [MESSAGE][INFO] - Starting 'Chrome' driver

2023-10-09 17:14:49 - [MESSAGE][INFO] - User set preference: ['acceptInsecureCerts', 'true']

2023-10-09 17:14:49 - [MESSAGE][INFO] - Action delay is set to 0 milliseconds

2023-10-09 17:14:51 - [MESSAGE][PASSED] - Browser is opened with url: ''

2023-10-09 17:14:51 - [TEST_STEP][PASSED] - maximizeWindow(): Current window maximized

2023-10-09 17:14:51 - [MESSAGE][PASSED] - Current window maximized

2023-10-09 17:14:51 - [TEST_STEP][PASSED] - navigateToUrl(RADurl): Navigate to 'https://qa2.velocitypayment.com/client/rad/index.html' successfully

2023-10-09 17:14:53 - [MESSAGE][PASSED] - Navigate to 'https://qa2.velocitypayment.com/client/rad/index.html' successfully

2023-10-09 17:14:53 - [TEST_STEP][PASSED] - selectOptionByLabel(findTestObject(orPath_Landing + "/dd_TaxType"), PaymentType, false): All options with label 'New Tax Return Amount Due' are selected in object 'Object Repository/RAD_Pages/Landing_Page/dd_TaxType' 

2023-10-09 17:14:53 - [MESSAGE][PASSED] - All options with label 'New Tax Return Amount Due' are selected in object 'Object Repository/RAD_Pages/Landing_Page/dd_TaxType' 

2023-10-09 17:14:53 - [TEST_STEP][PASSED] - switch (PaymentType): null

2023-10-09 17:14:53 - [TEST_STEP][PASSED] - case "New Tax Return Amount Due":: null

2023-10-09 17:14:53 - [TEST_STEP][PASSED] - selectOptionByLabel(findTestObject("Object Repository/RAD_Pages/Landing_Page/select_NewTaxReturnAmountDue_TaxType"), TaxType, false): All options with label 'Personal Income Tax' are selected in object 'Object Repository/RAD_Pages/Landing_Page/select_NewTaxReturnAmountDue_TaxType' 

2023-10-09 17:14:54 - [MESSAGE][PASSED] - All options with label 'Personal Income Tax' are selected in object 'Object Repository/RAD_Pages/Landing_Page/select_NewTaxReturnAmountDue_TaxType' 

2023-10-09 17:14:54 - [TEST_STEP][PASSED] - break: null

2023-10-09 17:14:54 - [TEST_STEP][PASSED] - if (!(FilingYear.isEmpty())): All options with label '2022' are selected in object 'Object Repository/RAD_Pages/TaxTypeFilingYear_Page/select_FilingYear' 

2023-10-09 17:14:54 - [TEST_STEP][PASSED] - selectOptionByLabel(findTestObject(orPath_TaxTypeFilingYear + "/select_FilingYear"), FilingYear, false): All options with label '2022' are selected in object 'Object Repository/RAD_Pages/TaxTypeFilingYear_Page/select_FilingYear' 

2023-10-09 17:14:55 - [MESSAGE][PASSED] - All options with label '2022' are selected in object 'Object Repository/RAD_Pages/TaxTypeFilingYear_Page/select_FilingYear' 

2023-10-09 17:14:55 - [TEST_STEP][PASSED] - rad.getSetDataRAD.setDataRADssnAndName(): rad.getSetDataRAD.setDataRADssnAndName is PASSED

2023-10-09 17:14:56 - [MESSAGE][PASSED] - Text 'Jimmy' is set on object 'Object Repository/RAD_Pages/Taxpayer_Page/input_firstName'

2023-10-09 17:14:57 - [MESSAGE][PASSED] - Text 'Anderson' is set on object 'Object Repository/RAD_Pages/Taxpayer_Page/input_lastName'

2023-10-09 17:14:58 - [MESSAGE][PASSED] - Text '123451234' is set on object 'Object Repository/RAD_RecordAndPlay/input_concatSSN'

2023-10-09 17:14:59 - [MESSAGE][PASSED] - Text '123451234' is set on object 'Object Repository/RAD_RecordAndPlay/input_concatReSSN'

2023-10-09 17:14:59 - [MESSAGE][PASSED] - rad.getSetDataRAD.setDataRADssnAndName is PASSED

2023-10-09 17:14:59 - [TEST_STEP][PASSED] - rad.getSetDataRAD.setDataRADAddress(): rad.getSetDataRAD.setDataRADAddress is PASSED

2023-10-09 17:15:00 - [MESSAGE][PASSED] - All options with label 'United States' are selected in object 'Object Repository/RAD_Pages/AddressAndContactInfo_Page/select_Country' 

2023-10-09 17:15:00 - [MESSAGE][PASSED] - Text '2508 Mandan Terrace' is set on object 'Object Repository/RAD_Pages/AddressAndContactInfo_Page/input_streetAddress1'

2023-10-09 17:15:01 - [MESSAGE][PASSED] - Text '' is set on object 'Object Repository/RAD_Pages/AddressAndContactInfo_Page/input_streetAddress2'

2023-10-09 17:15:02 - [MESSAGE][PASSED] - Text 'Gambrills' is set on object 'Object Repository/RAD_Pages/AddressAndContactInfo_Page/input_city'

2023-10-09 17:15:03 - [MESSAGE][PASSED] - All options with label 'Maryland' are selected in object 'Object Repository/RAD_Pages/AddressAndContactInfo_Page/select_State' 

2023-10-09 17:15:03 - [MESSAGE][PASSED] - Text '21054' is set on object 'Object Repository/RAD_Pages/AddressAndContactInfo_Page/input_zipCode'

2023-10-09 17:15:04 - [MESSAGE][PASSED] - Text '(703) 894-5000' is set on object 'Object Repository/RAD_Pages/AddressAndContactInfo_Page/input_phoneNumber'

2023-10-09 17:15:05 - [MESSAGE][PASSED] - Text 'iahmed@govolution.com' is set on object 'Object Repository/RAD_Pages/AddressAndContactInfo_Page/input_eMailAddress'

2023-10-09 17:15:06 - [MESSAGE][PASSED] - Text 'iahmed@govolution.com' is set on object 'Object Repository/RAD_Pages/AddressAndContactInfo_Page/input_reEnterEMailAddress'

2023-10-09 17:15:06 - [MESSAGE][PASSED] - rad.getSetDataRAD.setDataRADAddress is PASSED

2023-10-09 17:15:06 - [TEST_STEP][PASSED] - setText(findTestObject(orPath_Amount + "/input__paymentAmount"), "100.00"): Text '100.00' is set on object 'Object Repository/RAD_Pages/PaymentAmount_Page/input__paymentAmount'

2023-10-09 17:15:07 - [MESSAGE][PASSED] - Text '100.00' is set on object 'Object Repository/RAD_Pages/PaymentAmount_Page/input__paymentAmount'

2023-10-09 17:15:07 - [TEST_STEP][PASSED] - setText(findTestObject(orPath_AddressContact + "/input_streetAddress2"), ""): Text '' is set on object 'Object Repository/RAD_Pages/AddressAndContactInfo_Page/input_streetAddress2'

2023-10-09 17:15:07 - [MESSAGE][PASSED] - Text '' is set on object 'Object Repository/RAD_Pages/AddressAndContactInfo_Page/input_streetAddress2'

2023-10-09 17:15:07 - [TEST_STEP][PASSED] - scrollToElement(findTestObject(orPath_Landing + "/button_Continue"), 3): Scroll to object 'Object Repository/RAD_Pages/Landing_Page/button_Continue' successfully

2023-10-09 17:15:08 - [MESSAGE][PASSED] - Scroll to object 'Object Repository/RAD_Pages/Landing_Page/button_Continue' successfully

2023-10-09 17:15:08 - [TEST_STEP][PASSED] - waitForElementClickable(findTestObject(orPath_Landing + "/button_Continue"), 5): Object 'Object Repository/RAD_Pages/Landing_Page/button_Continue' is clickable

2023-10-09 17:15:08 - [MESSAGE][PASSED] - Object 'Object Repository/RAD_Pages/Landing_Page/button_Continue' is clickable

2023-10-09 17:15:08 - [TEST_STEP][PASSED] - click(findTestObject(orPath_Landing + "/button_Continue")): Object: 'Object Repository/RAD_Pages/Landing_Page/button_Continue' is clicked on

2023-10-09 17:15:08 - [MESSAGE][PASSED] - Object: 'Object Repository/RAD_Pages/Landing_Page/button_Continue' is clicked on

2023-10-09 17:15:08 - [TEST_STEP][PASSED] - delay(2): Delayed 2 second(s)

2023-10-09 17:15:10 - [MESSAGE][PASSED] - Delayed 2 second(s)

2023-10-09 17:15:10 - [TEST_STEP][PASSED] - click(findTestObject(orPath_Summary + "/button_Proceed to Payment")): Object: 'Object Repository/RAD_Pages/Summary_Page/button_Proceed to Payment' is clicked on

2023-10-09 17:15:12 - [MESSAGE][PASSED] - Object: 'Object Repository/RAD_Pages/Summary_Page/button_Proceed to Payment' is clicked on

2023-10-09 17:15:12 - [TEST_STEP][PASSED] - if (verifyElementPresent(findTestObject("Object Repository/RAD_Pages/PaymentEntry_Page/input__billingName"), 30)): null

2023-10-09 17:15:13 - [MESSAGE][PASSED] - Object 'Object Repository/RAD_Pages/PaymentEntry_Page/input__billingName' is present

2023-10-09 17:15:13 - [TEST_STEP][PASSED] - verifyTextPresent("Comptroller of Maryland", true): Text 'Comptroller of Maryland' is present on page  using regular expression

2023-10-09 17:15:13 - [MESSAGE][PASSED] - Text 'Comptroller of Maryland' is present on page  using regular expression

2023-10-09 17:15:13 - [TEST_STEP][PASSED] - verifyTextPresent("Payment Information", true): Text 'Payment Information' is present on page  using regular expression

2023-10-09 17:15:13 - [MESSAGE][PASSED] - Text 'Payment Information' is present on page  using regular expression

2023-10-09 17:15:13 - [TEST_STEP][PASSED] - card_Name = getAttribute(findTestObject("Object Repository/RAD_Pages/PaymentEntry_Page/input__billingName"), "value"): Attribute 'value' of object 'Object Repository/RAD_Pages/PaymentEntry_Page/input__billingName' is: 'Jimmy Anderson'

2023-10-09 17:15:14 - [MESSAGE][PASSED] - Attribute 'value' of object 'Object Repository/RAD_Pages/PaymentEntry_Page/input__billingName' is: 'Jimmy Anderson'

2023-10-09 17:15:14 - [TEST_STEP][PASSED] - switch (executionProfile): null

2023-10-09 17:15:14 - [TEST_STEP][PASSED] - case "QA2Profile":: null

2023-10-09 17:15:14 - [TEST_STEP][PASSED] - verifyMatch("Jimmy Anderson", card_Name, false): Actual text 'Jimmy Anderson' and expected text 'Jimmy Anderson' are matched 

2023-10-09 17:15:14 - [MESSAGE][PASSED] - Actual text 'Jimmy Anderson' and expected text 'Jimmy Anderson' are matched 

2023-10-09 17:15:14 - [TEST_STEP][PASSED] - break: null

2023-10-09 17:15:14 - [TEST_STEP][PASSED] - AL1 = getAttribute(findTestObject("Object Repository/RAD_Pages/PaymentEntry_Page/input_billingAddress"), "value"): Attribute 'value' of object 'Object Repository/RAD_Pages/PaymentEntry_Page/input_billingAddress' is: '2508 Mandan Terrace'

2023-10-09 17:15:14 - [MESSAGE][PASSED] - Attribute 'value' of object 'Object Repository/RAD_Pages/PaymentEntry_Page/input_billingAddress' is: '2508 Mandan Terrace'

2023-10-09 17:15:14 - [TEST_STEP][PASSED] - verifyMatch("2508 Mandan Terrace", AL1, false): Actual text '2508 Mandan Terrace' and expected text '2508 Mandan Terrace' are matched 

2023-10-09 17:15:14 - [MESSAGE][PASSED] - Actual text '2508 Mandan Terrace' and expected text '2508 Mandan Terrace' are matched 

2023-10-09 17:15:14 - [TEST_STEP][PASSED] - AL2 = getAttribute(findTestObject("Object Repository/RAD_Pages/PaymentEntry_Page/input_billingAddress2"), "value"): Attribute 'value' of object 'Object Repository/RAD_Pages/PaymentEntry_Page/input_billingAddress2' is: ''

2023-10-09 17:15:14 - [MESSAGE][PASSED] - Attribute 'value' of object 'Object Repository/RAD_Pages/PaymentEntry_Page/input_billingAddress2' is: ''

2023-10-09 17:15:14 - [TEST_STEP][PASSED] - verifyMatch("", AL2, false): Actual text '' and expected text '' are matched 

2023-10-09 17:15:14 - [MESSAGE][PASSED] - Actual text '' and expected text '' are matched 

2023-10-09 17:15:14 - [TEST_STEP][PASSED] - zipCode = getAttribute(findTestObject("Object Repository/RAD_Pages/PaymentEntry_Page/input_billingZip"), "value"): Attribute 'value' of object 'Object Repository/RAD_Pages/PaymentEntry_Page/input_billingZip' is: '21054'

2023-10-09 17:15:14 - [MESSAGE][PASSED] - Attribute 'value' of object 'Object Repository/RAD_Pages/PaymentEntry_Page/input_billingZip' is: '21054'

2023-10-09 17:15:14 - [TEST_STEP][PASSED] - verifyMatch("21054", zipCode, false): Actual text '21054' and expected text '21054' are matched 

2023-10-09 17:15:14 - [MESSAGE][PASSED] - Actual text '21054' and expected text '21054' are matched 

2023-10-09 17:15:14 - [TEST_STEP][PASSED] - city = getAttribute(findTestObject("Object Repository/RAD_Pages/PaymentEntry_Page/input_billingCity"), "value"): Attribute 'value' of object 'Object Repository/RAD_Pages/PaymentEntry_Page/input_billingCity' is: 'GAMBRILLS'

2023-10-09 17:15:15 - [MESSAGE][PASSED] - Attribute 'value' of object 'Object Repository/RAD_Pages/PaymentEntry_Page/input_billingCity' is: 'GAMBRILLS'

2023-10-09 17:15:15 - [TEST_STEP][PASSED] - verifyMatch("GAMBRILLS", city, false): Actual text 'GAMBRILLS' and expected text 'GAMBRILLS' are matched 

2023-10-09 17:15:15 - [MESSAGE][PASSED] - Actual text 'GAMBRILLS' and expected text 'GAMBRILLS' are matched 

2023-10-09 17:15:15 - [TEST_STEP][PASSED] - email = getAttribute(findTestObject("Object Repository/RAD_Pages/PaymentEntry_Page/input_emailAddress"), "value"): Attribute 'value' of object 'Object Repository/RAD_Pages/PaymentEntry_Page/input_emailAddress' is: 'iahmed@govolution.com'

2023-10-09 17:15:15 - [MESSAGE][PASSED] - Attribute 'value' of object 'Object Repository/RAD_Pages/PaymentEntry_Page/input_emailAddress' is: 'iahmed@govolution.com'

2023-10-09 17:15:15 - [TEST_STEP][PASSED] - verifyMatch("iahmed@govolution.com", email, false): Actual text 'iahmed@govolution.com' and expected text 'iahmed@govolution.com' are matched 

2023-10-09 17:15:15 - [MESSAGE][PASSED] - Actual text 'iahmed@govolution.com' and expected text 'iahmed@govolution.com' are matched 

2023-10-09 17:15:15 - [TEST_STEP][PASSED] - amount = getAttribute(findTestObject("Object Repository/RAD_Pages/PaymentEntry_Page/input_amount"), "value"): Attribute 'value' of object 'Object Repository/RAD_Pages/PaymentEntry_Page/input_amount' is: '100.00'

2023-10-09 17:15:15 - [MESSAGE][PASSED] - Attribute 'value' of object 'Object Repository/RAD_Pages/PaymentEntry_Page/input_amount' is: '100.00'

2023-10-09 17:15:15 - [TEST_STEP][PASSED] - verifyMatch("100.00", amount, false): Actual text '100.00' and expected text '100.00' are matched 

2023-10-09 17:15:15 - [MESSAGE][PASSED] - Actual text '100.00' and expected text '100.00' are matched 

2023-10-09 17:15:15 - [TEST_STEP][PASSED] - amountReadOnly = getAttribute(findTestObject("Object Repository/RAD_Pages/PaymentEntry_Page/input_amount"), "readonly"): Attribute 'readonly' of object 'Object Repository/RAD_Pages/PaymentEntry_Page/input_amount' is: 'true'

2023-10-09 17:15:16 - [MESSAGE][PASSED] - Attribute 'readonly' of object 'Object Repository/RAD_Pages/PaymentEntry_Page/input_amount' is: 'true'

2023-10-09 17:15:16 - [TEST_STEP][PASSED] - verifyMatch("true", amountReadOnly, false): Actual text 'true' and expected text 'true' are matched 

2023-10-09 17:15:16 - [MESSAGE][PASSED] - Actual text 'true' and expected text 'true' are matched 

2023-10-09 17:15:16 - [TEST_STEP][PASSED] - verifyOptionSelectedByLabel(findTestObject("Object Repository/RAD_Pages/PaymentEntry_Page/select_Country"), "United States", false, 20): All options with label 'United States' are selected in object 'Object Repository/RAD_Pages/PaymentEntry_Page/select_Country' 

2023-10-09 17:15:17 - [MESSAGE][PASSED] - All options with label 'United States' are selected in object 'Object Repository/RAD_Pages/PaymentEntry_Page/select_Country' 

2023-10-09 17:15:17 - [TEST_STEP][PASSED] - verifyOptionSelectedByLabel(findTestObject("Object Repository/RAD_Pages/PaymentEntry_Page/select_State"), "Maryland", false, 20): All options with label 'Maryland' are selected in object 'Object Repository/RAD_Pages/PaymentEntry_Page/select_State' 

2023-10-09 17:15:19 - [MESSAGE][PASSED] - All options with label 'Maryland' are selected in object 'Object Repository/RAD_Pages/PaymentEntry_Page/select_State' 

2023-10-09 17:15:19 - [TEST_STEP][PASSED] - setText(findTestObject(orPath_PaymentEntry + "/input__cardNumber"), "4111111111111111"): Text '4111111111111111' is set on object 'Object Repository/RAD_Pages/PaymentEntry_Page/input__cardNumber'

2023-10-09 17:15:20 - [MESSAGE][PASSED] - Text '4111111111111111' is set on object 'Object Repository/RAD_Pages/PaymentEntry_Page/input__cardNumber'

2023-10-09 17:15:20 - [TEST_STEP][PASSED] - setText(findTestObject(orPath_PaymentEntry + "/input__spc"), "123"): Text '123' is set on object 'Object Repository/RAD_Pages/PaymentEntry_Page/input__spc'

2023-10-09 17:15:21 - [MESSAGE][PASSED] - Text '123' is set on object 'Object Repository/RAD_Pages/PaymentEntry_Page/input__spc'

2023-10-09 17:15:21 - [TEST_STEP][PASSED] - selectOptionByLabel(findTestObject(orPath_PaymentEntry + "/select_MM"), "12", false): All options with label '12' are selected in object 'Object Repository/RAD_Pages/PaymentEntry_Page/select_MM' 

2023-10-09 17:15:21 - [MESSAGE][PASSED] - All options with label '12' are selected in object 'Object Repository/RAD_Pages/PaymentEntry_Page/select_MM' 

2023-10-09 17:15:21 - [TEST_STEP][PASSED] - selectOptionByLabel(findTestObject(orPath_PaymentEntry + "/select_YYYY"), "2028", false): All options with label '2028' are selected in object 'Object Repository/RAD_Pages/PaymentEntry_Page/select_YYYY' 

2023-10-09 17:15:22 - [MESSAGE][PASSED] - All options with label '2028' are selected in object 'Object Repository/RAD_Pages/PaymentEntry_Page/select_YYYY' 

2023-10-09 17:15:22 - [TEST_STEP][PASSED] - click(findTestObject(orPath_PaymentEntry + "/input_Field_ccSubmit")): Object: 'Object Repository/RAD_Pages/PaymentEntry_Page/input_Field_ccSubmit' is clicked on

2023-10-09 17:15:23 - [MESSAGE][PASSED] - Object: 'Object Repository/RAD_Pages/PaymentEntry_Page/input_Field_ccSubmit' is clicked on

2023-10-09 17:15:23 - [TEST_STEP][PASSED] - click(findTestObject(orPath_PaymentConfirmation + "/input_N_confirmNotifyAction")): Object: 'Object Repository/RAD_Pages/PaymentConfirmation_Page/input_N_confirmNotifyAction' is clicked on

2023-10-09 17:15:24 - [MESSAGE][PASSED] - Object: 'Object Repository/RAD_Pages/PaymentConfirmation_Page/input_N_confirmNotifyAction' is clicked on

2023-10-09 17:15:24 - [TEST_STEP][PASSED] - verifyTextPresent("Service Fee Acceptance", true): Text 'Service Fee Acceptance' is present on page  using regular expression

2023-10-09 17:15:24 - [MESSAGE][PASSED] - Text 'Service Fee Acceptance' is present on page  using regular expression

2023-10-09 17:15:24 - [TEST_STEP][PASSED] - verifyTextPresent("This transaction is subject to a Service Fee of ", true): Text 'This transaction is subject to a Service Fee of ' is present on page  using regular expression

2023-10-09 17:15:25 - [MESSAGE][PASSED] - Text 'This transaction is subject to a Service Fee of ' is present on page  using regular expression

2023-10-09 17:15:25 - [TEST_STEP][PASSED] - verifyTextPresent("Payment Amount:", true): Text 'Payment Amount:' is present on page  using regular expression

2023-10-09 17:15:25 - [MESSAGE][PASSED] - Text 'Payment Amount:' is present on page  using regular expression

2023-10-09 17:15:25 - [TEST_STEP][PASSED] - verifyTextPresent("100.00", true): Text '100.00' is present on page  using regular expression

2023-10-09 17:15:25 - [MESSAGE][PASSED] - Text '100.00' is present on page  using regular expression

2023-10-09 17:15:25 - [TEST_STEP][PASSED] - verifyTextPresent("Service Fee:", true): Text 'Service Fee:' is present on page  using regular expression

2023-10-09 17:15:25 - [MESSAGE][PASSED] - Text 'Service Fee:' is present on page  using regular expression

2023-10-09 17:15:25 - [TEST_STEP][PASSED] - verifyTextPresent("2.45", true): Text '2.45' is present on page  using regular expression

2023-10-09 17:15:26 - [MESSAGE][PASSED] - Text '2.45' is present on page  using regular expression

2023-10-09 17:15:26 - [TEST_STEP][PASSED] - verifyTextPresent("Total Amount:", true): Text 'Total Amount:' is present on page  using regular expression

2023-10-09 17:15:26 - [MESSAGE][PASSED] - Text 'Total Amount:' is present on page  using regular expression

2023-10-09 17:15:26 - [TEST_STEP][PASSED] - verifyTextPresent("102.45", true): Text '102.45' is present on page  using regular expression

2023-10-09 17:15:26 - [MESSAGE][PASSED] - Text '102.45' is present on page  using regular expression

2023-10-09 17:15:26 - [TEST_STEP][PASSED] - verifyTextPresent("Two transactions will appear on your bank statement, one in the amount of", true): Text 'Two transactions will appear on your bank statement, one in the amount of' is present on page  using regular expression

2023-10-09 17:15:26 - [MESSAGE][PASSED] - Text 'Two transactions will appear on your bank statement, one in the amount of' is present on page  using regular expression

2023-10-09 17:15:26 - [TEST_STEP][PASSED] - if (verifyElementPresent(findTestObject(orPath_ServiceFeesAccept + "/input_convFeeNotifyAction"), 30)): null

2023-10-09 17:15:27 - [MESSAGE][PASSED] - Object 'Object Repository/RAD_Pages/ServiceFeeAccept_Page/input_convFeeNotifyAction' is present

2023-10-09 17:15:27 - [TEST_STEP][PASSED] - resText = "Pass": null

2023-10-09 17:15:27 - [TEST_STEP][PASSED] - pages.WriteExcel.demoKey(resText, datText, resColumn, datCloumn, fileLoc, nameSheet, row): pages.WriteExcel.demoKey is PASSED

2023-10-09 17:15:27 - [MESSAGE][PASSED] - pages.WriteExcel.demoKey is PASSED

2023-10-09 17:15:27 - [TEST_STEP][PASSED] - ExecuteTC = findTestData(dataFile).getValue("Execute", row): null

2023-10-09 17:15:27 - [TEST_STEP][PASSED] - TaxType = findTestData(dataFile).getValue("TaxType", row): null

2023-10-09 17:15:27 - [TEST_STEP][PASSED] - PaymentType = findTestData(dataFile).getValue("PaymentType", row): null

2023-10-09 17:15:27 - [TEST_STEP][PASSED] - FilingYear = findTestData(dataFile).getValue("Year", row): null

2023-10-09 17:15:27 - [TEST_STEP][PASSED] - if (ExecuteTC.equalsIgnoreCase("Y")): null

2023-10-09 17:15:27 - [TEST_STEP][PASSED] - out.println("Begin Record Number: " + row): null

2023-10-09 17:15:27 - [TEST_STEP][PASSED] - today = new java.util.Date(): null

2023-10-09 17:15:27 - [TEST_STEP][PASSED] - println(today): null

2023-10-09 17:15:27 - [TEST_STEP][PASSED] - datText = today: null

2023-10-09 17:15:27 - [TEST_STEP][PASSED] - logInfo("Payment Type: " + PaymentType): Payment Type: New Tax Return Amount Due

2023-10-09 17:15:27 - [MESSAGE][INFO] - Payment Type: New Tax Return Amount Due

2023-10-09 17:15:27 - [TEST_STEP][PASSED] - logInfo("Tax Type: " + TaxType): Tax Type: Personal Income Tax

2023-10-09 17:15:27 - [MESSAGE][INFO] - Tax Type: Personal Income Tax

2023-10-09 17:15:27 - [TEST_STEP][PASSED] - openBrowser(""): Browser is opened with url: ''

2023-10-09 17:15:27 - [MESSAGE][WARNING] - A browser is already opened. Closing browser and opening a new one

2023-10-09 17:15:28 - [MESSAGE][INFO] - Starting 'Chrome' driver

2023-10-09 17:15:28 - [MESSAGE][INFO] - User set preference: ['acceptInsecureCerts', 'true']

2023-10-09 17:15:28 - [MESSAGE][INFO] - Action delay is set to 0 milliseconds

2023-10-09 17:15:30 - [MESSAGE][PASSED] - Browser is opened with url: ''

2023-10-09 17:15:30 - [TEST_STEP][PASSED] - maximizeWindow(): Current window maximized

2023-10-09 17:15:30 - [MESSAGE][PASSED] - Current window maximized

2023-10-09 17:15:30 - [TEST_STEP][PASSED] - navigateToUrl(RADurl): Navigate to 'https://qa2.velocitypayment.com/client/rad/index.html' successfully

2023-10-09 17:15:32 - [MESSAGE][PASSED] - Navigate to 'https://qa2.velocitypayment.com/client/rad/index.html' successfully

2023-10-09 17:15:32 - [TEST_STEP][PASSED] - selectOptionByLabel(findTestObject(orPath_Landing + "/dd_TaxType"), PaymentType, false): All options with label 'New Tax Return Amount Due' are selected in object 'Object Repository/RAD_Pages/Landing_Page/dd_TaxType' 

2023-10-09 17:15:32 - [MESSAGE][PASSED] - All options with label 'New Tax Return Amount Due' are selected in object 'Object Repository/RAD_Pages/Landing_Page/dd_TaxType' 

2023-10-09 17:15:32 - [TEST_STEP][PASSED] - switch (PaymentType): null

2023-10-09 17:15:32 - [TEST_STEP][PASSED] - case "New Tax Return Amount Due":: null

2023-10-09 17:15:32 - [TEST_STEP][PASSED] - selectOptionByLabel(findTestObject("Object Repository/RAD_Pages/Landing_Page/select_NewTaxReturnAmountDue_TaxType"), TaxType, false): All options with label 'Personal Income Tax' are selected in object 'Object Repository/RAD_Pages/Landing_Page/select_NewTaxReturnAmountDue_TaxType' 

2023-10-09 17:15:33 - [MESSAGE][PASSED] - All options with label 'Personal Income Tax' are selected in object 'Object Repository/RAD_Pages/Landing_Page/select_NewTaxReturnAmountDue_TaxType' 

2023-10-09 17:15:33 - [TEST_STEP][PASSED] - break: null

2023-10-09 17:15:33 - [TEST_STEP][PASSED] - if (!(FilingYear.isEmpty())): All options with label '2021' are selected in object 'Object Repository/RAD_Pages/TaxTypeFilingYear_Page/select_FilingYear' 

2023-10-09 17:15:33 - [TEST_STEP][PASSED] - selectOptionByLabel(findTestObject(orPath_TaxTypeFilingYear + "/select_FilingYear"), FilingYear, false): All options with label '2021' are selected in object 'Object Repository/RAD_Pages/TaxTypeFilingYear_Page/select_FilingYear' 

2023-10-09 17:15:34 - [MESSAGE][PASSED] - All options with label '2021' are selected in object 'Object Repository/RAD_Pages/TaxTypeFilingYear_Page/select_FilingYear' 

2023-10-09 17:15:34 - [TEST_STEP][PASSED] - rad.getSetDataRAD.setDataRADssnAndName(): rad.getSetDataRAD.setDataRADssnAndName is PASSED

2023-10-09 17:15:35 - [MESSAGE][PASSED] - Text 'Jimmy' is set on object 'Object Repository/RAD_Pages/Taxpayer_Page/input_firstName'

2023-10-09 17:15:36 - [MESSAGE][PASSED] - Text 'Anderson' is set on object 'Object Repository/RAD_Pages/Taxpayer_Page/input_lastName'

2023-10-09 17:15:37 - [MESSAGE][PASSED] - Text '123451234' is set on object 'Object Repository/RAD_RecordAndPlay/input_concatSSN'

2023-10-09 17:15:37 - [MESSAGE][PASSED] - Text '123451234' is set on object 'Object Repository/RAD_RecordAndPlay/input_concatReSSN'

2023-10-09 17:15:37 - [MESSAGE][PASSED] - rad.getSetDataRAD.setDataRADssnAndName is PASSED

2023-10-09 17:15:37 - [TEST_STEP][PASSED] - rad.getSetDataRAD.setDataRADAddress(): rad.getSetDataRAD.setDataRADAddress is PASSED

2023-10-09 17:15:38 - [MESSAGE][PASSED] - All options with label 'United States' are selected in object 'Object Repository/RAD_Pages/AddressAndContactInfo_Page/select_Country' 

2023-10-09 17:15:39 - [MESSAGE][PASSED] - Text '2508 Mandan Terrace' is set on object 'Object Repository/RAD_Pages/AddressAndContactInfo_Page/input_streetAddress1'

2023-10-09 17:15:40 - [MESSAGE][PASSED] - Text '' is set on object 'Object Repository/RAD_Pages/AddressAndContactInfo_Page/input_streetAddress2'

2023-10-09 17:15:40 - [MESSAGE][PASSED] - Text 'Gambrills' is set on object 'Object Repository/RAD_Pages/AddressAndContactInfo_Page/input_city'

2023-10-09 17:15:41 - [MESSAGE][PASSED] - All options with label 'Maryland' are selected in object 'Object Repository/RAD_Pages/AddressAndContactInfo_Page/select_State' 

2023-10-09 17:15:42 - [MESSAGE][PASSED] - Text '21054' is set on object 'Object Repository/RAD_Pages/AddressAndContactInfo_Page/input_zipCode'

2023-10-09 17:15:43 - [MESSAGE][PASSED] - Text '(703) 894-5000' is set on object 'Object Repository/RAD_Pages/AddressAndContactInfo_Page/input_phoneNumber'

2023-10-09 17:15:44 - [MESSAGE][PASSED] - Text 'iahmed@govolution.com' is set on object 'Object Repository/RAD_Pages/AddressAndContactInfo_Page/input_eMailAddress'

2023-10-09 17:15:44 - [MESSAGE][PASSED] - Text 'iahmed@govolution.com' is set on object 'Object Repository/RAD_Pages/AddressAndContactInfo_Page/input_reEnterEMailAddress'

2023-10-09 17:15:44 - [MESSAGE][PASSED] - rad.getSetDataRAD.setDataRADAddress is PASSED

2023-10-09 17:15:44 - [TEST_STEP][PASSED] - setText(findTestObject(orPath_Amount + "/input__paymentAmount"), "100.00"): Text '100.00' is set on object 'Object Repository/RAD_Pages/PaymentAmount_Page/input__paymentAmount'

2023-10-09 17:15:45 - [MESSAGE][PASSED] - Text '100.00' is set on object 'Object Repository/RAD_Pages/PaymentAmount_Page/input__paymentAmount'

2023-10-09 17:15:45 - [TEST_STEP][PASSED] - setText(findTestObject(orPath_AddressContact + "/input_streetAddress2"), ""): Text '' is set on object 'Object Repository/RAD_Pages/AddressAndContactInfo_Page/input_streetAddress2'

2023-10-09 17:15:46 - [MESSAGE][PASSED] - Text '' is set on object 'Object Repository/RAD_Pages/AddressAndContactInfo_Page/input_streetAddress2'

2023-10-09 17:15:46 - [TEST_STEP][PASSED] - scrollToElement(findTestObject(orPath_Landing + "/button_Continue"), 3): Scroll to object 'Object Repository/RAD_Pages/Landing_Page/button_Continue' successfully

2023-10-09 17:15:46 - [MESSAGE][PASSED] - Scroll to object 'Object Repository/RAD_Pages/Landing_Page/button_Continue' successfully

2023-10-09 17:15:46 - [TEST_STEP][PASSED] - waitForElementClickable(findTestObject(orPath_Landing + "/button_Continue"), 5): Object 'Object Repository/RAD_Pages/Landing_Page/button_Continue' is clickable

2023-10-09 17:15:46 - [MESSAGE][PASSED] - Object 'Object Repository/RAD_Pages/Landing_Page/button_Continue' is clickable

2023-10-09 17:15:46 - [TEST_STEP][PASSED] - click(findTestObject(orPath_Landing + "/button_Continue")): Object: 'Object Repository/RAD_Pages/Landing_Page/button_Continue' is clicked on

2023-10-09 17:15:47 - [MESSAGE][PASSED] - Object: 'Object Repository/RAD_Pages/Landing_Page/button_Continue' is clicked on

2023-10-09 17:15:47 - [TEST_STEP][PASSED] - delay(2): Delayed 2 second(s)

2023-10-09 17:15:49 - [MESSAGE][PASSED] - Delayed 2 second(s)

2023-10-09 17:15:49 - [TEST_STEP][PASSED] - click(findTestObject(orPath_Summary + "/button_Proceed to Payment")): Object: 'Object Repository/RAD_Pages/Summary_Page/button_Proceed to Payment' is clicked on

2023-10-09 17:15:50 - [MESSAGE][PASSED] - Object: 'Object Repository/RAD_Pages/Summary_Page/button_Proceed to Payment' is clicked on

2023-10-09 17:15:50 - [TEST_STEP][PASSED] - if (verifyElementPresent(findTestObject("Object Repository/RAD_Pages/PaymentEntry_Page/input__billingName"), 30)): null

2023-10-09 17:15:51 - [MESSAGE][PASSED] - Object 'Object Repository/RAD_Pages/PaymentEntry_Page/input__billingName' is present

2023-10-09 17:15:51 - [TEST_STEP][PASSED] - verifyTextPresent("Comptroller of Maryland", true): Text 'Comptroller of Maryland' is present on page  using regular expression

2023-10-09 17:15:51 - [MESSAGE][PASSED] - Text 'Comptroller of Maryland' is present on page  using regular expression

2023-10-09 17:15:51 - [TEST_STEP][PASSED] - verifyTextPresent("Payment Information", true): Text 'Payment Information' is present on page  using regular expression

2023-10-09 17:15:52 - [MESSAGE][PASSED] - Text 'Payment Information' is present on page  using regular expression

2023-10-09 17:15:52 - [TEST_STEP][PASSED] - card_Name = getAttribute(findTestObject("Object Repository/RAD_Pages/PaymentEntry_Page/input__billingName"), "value"): Attribute 'value' of object 'Object Repository/RAD_Pages/PaymentEntry_Page/input__billingName' is: 'Jimmy Anderson'

2023-10-09 17:15:52 - [MESSAGE][PASSED] - Attribute 'value' of object 'Object Repository/RAD_Pages/PaymentEntry_Page/input__billingName' is: 'Jimmy Anderson'

2023-10-09 17:15:52 - [TEST_STEP][PASSED] - switch (executionProfile): null

2023-10-09 17:15:52 - [TEST_STEP][PASSED] - case "QA2Profile":: null

2023-10-09 17:15:52 - [TEST_STEP][PASSED] - verifyMatch("Jimmy Anderson", card_Name, false): Actual text 'Jimmy Anderson' and expected text 'Jimmy Anderson' are matched 

2023-10-09 17:15:52 - [MESSAGE][PASSED] - Actual text 'Jimmy Anderson' and expected text 'Jimmy Anderson' are matched 

2023-10-09 17:15:52 - [TEST_STEP][PASSED] - break: null

2023-10-09 17:15:52 - [TEST_STEP][PASSED] - AL1 = getAttribute(findTestObject("Object Repository/RAD_Pages/PaymentEntry_Page/input_billingAddress"), "value"): Attribute 'value' of object 'Object Repository/RAD_Pages/PaymentEntry_Page/input_billingAddress' is: '2508 Mandan Terrace'

2023-10-09 17:15:52 - [MESSAGE][PASSED] - Attribute 'value' of object 'Object Repository/RAD_Pages/PaymentEntry_Page/input_billingAddress' is: '2508 Mandan Terrace'

2023-10-09 17:15:52 - [TEST_STEP][PASSED] - verifyMatch("2508 Mandan Terrace", AL1, false): Actual text '2508 Mandan Terrace' and expected text '2508 Mandan Terrace' are matched 

2023-10-09 17:15:52 - [MESSAGE][PASSED] - Actual text '2508 Mandan Terrace' and expected text '2508 Mandan Terrace' are matched 

2023-10-09 17:15:52 - [TEST_STEP][PASSED] - AL2 = getAttribute(findTestObject("Object Repository/RAD_Pages/PaymentEntry_Page/input_billingAddress2"), "value"): Attribute 'value' of object 'Object Repository/RAD_Pages/PaymentEntry_Page/input_billingAddress2' is: ''

2023-10-09 17:15:52 - [MESSAGE][PASSED] - Attribute 'value' of object 'Object Repository/RAD_Pages/PaymentEntry_Page/input_billingAddress2' is: ''

2023-10-09 17:15:52 - [TEST_STEP][PASSED] - verifyMatch("", AL2, false): Actual text '' and expected text '' are matched 

2023-10-09 17:15:52 - [MESSAGE][PASSED] - Actual text '' and expected text '' are matched 

2023-10-09 17:15:52 - [TEST_STEP][PASSED] - zipCode = getAttribute(findTestObject("Object Repository/RAD_Pages/PaymentEntry_Page/input_billingZip"), "value"): Attribute 'value' of object 'Object Repository/RAD_Pages/PaymentEntry_Page/input_billingZip' is: '21054'

2023-10-09 17:15:53 - [MESSAGE][PASSED] - Attribute 'value' of object 'Object Repository/RAD_Pages/PaymentEntry_Page/input_billingZip' is: '21054'

2023-10-09 17:15:53 - [TEST_STEP][PASSED] - verifyMatch("21054", zipCode, false): Actual text '21054' and expected text '21054' are matched 

2023-10-09 17:15:53 - [MESSAGE][PASSED] - Actual text '21054' and expected text '21054' are matched 

2023-10-09 17:15:53 - [TEST_STEP][PASSED] - city = getAttribute(findTestObject("Object Repository/RAD_Pages/PaymentEntry_Page/input_billingCity"), "value"): Attribute 'value' of object 'Object Repository/RAD_Pages/PaymentEntry_Page/input_billingCity' is: 'GAMBRILLS'

2023-10-09 17:15:53 - [MESSAGE][PASSED] - Attribute 'value' of object 'Object Repository/RAD_Pages/PaymentEntry_Page/input_billingCity' is: 'GAMBRILLS'

2023-10-09 17:15:53 - [TEST_STEP][PASSED] - verifyMatch("GAMBRILLS", city, false): Actual text 'GAMBRILLS' and expected text 'GAMBRILLS' are matched 

2023-10-09 17:15:53 - [MESSAGE][PASSED] - Actual text 'GAMBRILLS' and expected text 'GAMBRILLS' are matched 

2023-10-09 17:15:53 - [TEST_STEP][PASSED] - email = getAttribute(findTestObject("Object Repository/RAD_Pages/PaymentEntry_Page/input_emailAddress"), "value"): Attribute 'value' of object 'Object Repository/RAD_Pages/PaymentEntry_Page/input_emailAddress' is: 'iahmed@govolution.com'

2023-10-09 17:15:53 - [MESSAGE][PASSED] - Attribute 'value' of object 'Object Repository/RAD_Pages/PaymentEntry_Page/input_emailAddress' is: 'iahmed@govolution.com'

2023-10-09 17:15:53 - [TEST_STEP][PASSED] - verifyMatch("iahmed@govolution.com", email, false): Actual text 'iahmed@govolution.com' and expected text 'iahmed@govolution.com' are matched 

2023-10-09 17:15:53 - [MESSAGE][PASSED] - Actual text 'iahmed@govolution.com' and expected text 'iahmed@govolution.com' are matched 

2023-10-09 17:15:53 - [TEST_STEP][PASSED] - amount = getAttribute(findTestObject("Object Repository/RAD_Pages/PaymentEntry_Page/input_amount"), "value"): Attribute 'value' of object 'Object Repository/RAD_Pages/PaymentEntry_Page/input_amount' is: '100.00'

2023-10-09 17:15:54 - [MESSAGE][PASSED] - Attribute 'value' of object 'Object Repository/RAD_Pages/PaymentEntry_Page/input_amount' is: '100.00'

2023-10-09 17:15:54 - [TEST_STEP][PASSED] - verifyMatch("100.00", amount, false): Actual text '100.00' and expected text '100.00' are matched 

2023-10-09 17:15:54 - [MESSAGE][PASSED] - Actual text '100.00' and expected text '100.00' are matched 

2023-10-09 17:15:54 - [TEST_STEP][PASSED] - amountReadOnly = getAttribute(findTestObject("Object Repository/RAD_Pages/PaymentEntry_Page/input_amount"), "readonly"): Attribute 'readonly' of object 'Object Repository/RAD_Pages/PaymentEntry_Page/input_amount' is: 'true'

2023-10-09 17:15:54 - [MESSAGE][PASSED] - Attribute 'readonly' of object 'Object Repository/RAD_Pages/PaymentEntry_Page/input_amount' is: 'true'

2023-10-09 17:15:54 - [TEST_STEP][PASSED] - verifyMatch("true", amountReadOnly, false): Actual text 'true' and expected text 'true' are matched 

2023-10-09 17:15:54 - [MESSAGE][PASSED] - Actual text 'true' and expected text 'true' are matched 

2023-10-09 17:15:54 - [TEST_STEP][PASSED] - verifyOptionSelectedByLabel(findTestObject("Object Repository/RAD_Pages/PaymentEntry_Page/select_Country"), "United States", false, 20): All options with label 'United States' are selected in object 'Object Repository/RAD_Pages/PaymentEntry_Page/select_Country' 

2023-10-09 17:15:55 - [MESSAGE][PASSED] - All options with label 'United States' are selected in object 'Object Repository/RAD_Pages/PaymentEntry_Page/select_Country' 

2023-10-09 17:15:55 - [TEST_STEP][PASSED] - verifyOptionSelectedByLabel(findTestObject("Object Repository/RAD_Pages/PaymentEntry_Page/select_State"), "Maryland", false, 20): All options with label 'Maryland' are selected in object 'Object Repository/RAD_Pages/PaymentEntry_Page/select_State' 

2023-10-09 17:15:58 - [MESSAGE][PASSED] - All options with label 'Maryland' are selected in object 'Object Repository/RAD_Pages/PaymentEntry_Page/select_State' 

2023-10-09 17:15:58 - [TEST_STEP][PASSED] - setText(findTestObject(orPath_PaymentEntry + "/input__cardNumber"), "4111111111111111"): Text '4111111111111111' is set on object 'Object Repository/RAD_Pages/PaymentEntry_Page/input__cardNumber'

2023-10-09 17:15:58 - [MESSAGE][PASSED] - Text '4111111111111111' is set on object 'Object Repository/RAD_Pages/PaymentEntry_Page/input__cardNumber'

2023-10-09 17:15:58 - [TEST_STEP][PASSED] - setText(findTestObject(orPath_PaymentEntry + "/input__spc"), "123"): Text '123' is set on object 'Object Repository/RAD_Pages/PaymentEntry_Page/input__spc'

2023-10-09 17:15:59 - [MESSAGE][PASSED] - Text '123' is set on object 'Object Repository/RAD_Pages/PaymentEntry_Page/input__spc'

2023-10-09 17:15:59 - [TEST_STEP][PASSED] - selectOptionByLabel(findTestObject(orPath_PaymentEntry + "/select_MM"), "12", false): All options with label '12' are selected in object 'Object Repository/RAD_Pages/PaymentEntry_Page/select_MM' 

2023-10-09 17:16:00 - [MESSAGE][PASSED] - All options with label '12' are selected in object 'Object Repository/RAD_Pages/PaymentEntry_Page/select_MM' 

2023-10-09 17:16:00 - [TEST_STEP][PASSED] - selectOptionByLabel(findTestObject(orPath_PaymentEntry + "/select_YYYY"), "2028", false): All options with label '2028' are selected in object 'Object Repository/RAD_Pages/PaymentEntry_Page/select_YYYY' 

2023-10-09 17:16:00 - [MESSAGE][PASSED] - All options with label '2028' are selected in object 'Object Repository/RAD_Pages/PaymentEntry_Page/select_YYYY' 

2023-10-09 17:16:00 - [TEST_STEP][PASSED] - click(findTestObject(orPath_PaymentEntry + "/input_Field_ccSubmit")): Object: 'Object Repository/RAD_Pages/PaymentEntry_Page/input_Field_ccSubmit' is clicked on

2023-10-09 17:16:01 - [MESSAGE][PASSED] - Object: 'Object Repository/RAD_Pages/PaymentEntry_Page/input_Field_ccSubmit' is clicked on

2023-10-09 17:16:01 - [TEST_STEP][PASSED] - click(findTestObject(orPath_PaymentConfirmation + "/input_N_confirmNotifyAction")): Object: 'Object Repository/RAD_Pages/PaymentConfirmation_Page/input_N_confirmNotifyAction' is clicked on

2023-10-09 17:16:02 - [MESSAGE][PASSED] - Object: 'Object Repository/RAD_Pages/PaymentConfirmation_Page/input_N_confirmNotifyAction' is clicked on

2023-10-09 17:16:02 - [TEST_STEP][PASSED] - verifyTextPresent("Service Fee Acceptance", true): Text 'Service Fee Acceptance' is present on page  using regular expression

2023-10-09 17:16:03 - [MESSAGE][PASSED] - Text 'Service Fee Acceptance' is present on page  using regular expression

2023-10-09 17:16:03 - [TEST_STEP][PASSED] - verifyTextPresent("This transaction is subject to a Service Fee of ", true): Text 'This transaction is subject to a Service Fee of ' is present on page  using regular expression

2023-10-09 17:16:03 - [MESSAGE][PASSED] - Text 'This transaction is subject to a Service Fee of ' is present on page  using regular expression

2023-10-09 17:16:03 - [TEST_STEP][PASSED] - verifyTextPresent("Payment Amount:", true): Text 'Payment Amount:' is present on page  using regular expression

2023-10-09 17:16:03 - [MESSAGE][PASSED] - Text 'Payment Amount:' is present on page  using regular expression

2023-10-09 17:16:03 - [TEST_STEP][PASSED] - verifyTextPresent("100.00", true): Text '100.00' is present on page  using regular expression

2023-10-09 17:16:03 - [MESSAGE][PASSED] - Text '100.00' is present on page  using regular expression

2023-10-09 17:16:03 - [TEST_STEP][PASSED] - verifyTextPresent("Service Fee:", true): Text 'Service Fee:' is present on page  using regular expression

2023-10-09 17:16:04 - [MESSAGE][PASSED] - Text 'Service Fee:' is present on page  using regular expression

2023-10-09 17:16:04 - [TEST_STEP][PASSED] - verifyTextPresent("2.45", true): Text '2.45' is present on page  using regular expression

2023-10-09 17:16:04 - [MESSAGE][PASSED] - Text '2.45' is present on page  using regular expression

2023-10-09 17:16:04 - [TEST_STEP][PASSED] - verifyTextPresent("Total Amount:", true): Text 'Total Amount:' is present on page  using regular expression

2023-10-09 17:16:04 - [MESSAGE][PASSED] - Text 'Total Amount:' is present on page  using regular expression

2023-10-09 17:16:04 - [TEST_STEP][PASSED] - verifyTextPresent("102.45", true): Text '102.45' is present on page  using regular expression

2023-10-09 17:16:04 - [MESSAGE][PASSED] - Text '102.45' is present on page  using regular expression

2023-10-09 17:16:04 - [TEST_STEP][PASSED] - verifyTextPresent("Two transactions will appear on your bank statement, one in the amount of", true): Text 'Two transactions will appear on your bank statement, one in the amount of' is present on page  using regular expression

2023-10-09 17:16:05 - [MESSAGE][PASSED] - Text 'Two transactions will appear on your bank statement, one in the amount of' is present on page  using regular expression

2023-10-09 17:16:05 - [TEST_STEP][PASSED] - if (verifyElementPresent(findTestObject(orPath_ServiceFeesAccept + "/input_convFeeNotifyAction"), 30)): null

2023-10-09 17:16:05 - [MESSAGE][PASSED] - Object 'Object Repository/RAD_Pages/ServiceFeeAccept_Page/input_convFeeNotifyAction' is present

2023-10-09 17:16:05 - [TEST_STEP][PASSED] - resText = "Pass": null

2023-10-09 17:16:05 - [TEST_STEP][PASSED] - pages.WriteExcel.demoKey(resText, datText, resColumn, datCloumn, fileLoc, nameSheet, row): pages.WriteExcel.demoKey is PASSED

2023-10-09 17:16:05 - [MESSAGE][PASSED] - pages.WriteExcel.demoKey is PASSED

2023-10-09 17:16:05 - [TEST_STEP][PASSED] - ExecuteTC = findTestData(dataFile).getValue("Execute", row): null

2023-10-09 17:16:05 - [TEST_STEP][PASSED] - TaxType = findTestData(dataFile).getValue("TaxType", row): null

2023-10-09 17:16:05 - [TEST_STEP][PASSED] - PaymentType = findTestData(dataFile).getValue("PaymentType", row): null

2023-10-09 17:16:05 - [TEST_STEP][PASSED] - FilingYear = findTestData(dataFile).getValue("Year", row): null

2023-10-09 17:16:06 - [TEST_STEP][PASSED] - if (ExecuteTC.equalsIgnoreCase("Y")): null

2023-10-09 17:16:06 - [TEST_STEP][PASSED] - out.println("Begin Record Number: " + row): null

2023-10-09 17:16:06 - [TEST_STEP][PASSED] - today = new java.util.Date(): null

2023-10-09 17:16:06 - [TEST_STEP][PASSED] - println(today): null

2023-10-09 17:16:06 - [TEST_STEP][PASSED] - datText = today: null

2023-10-09 17:16:06 - [TEST_STEP][PASSED] - logInfo("Payment Type: " + PaymentType): Payment Type: New Tax Return Amount Due

2023-10-09 17:16:06 - [MESSAGE][INFO] - Payment Type: New Tax Return Amount Due

2023-10-09 17:16:06 - [TEST_STEP][PASSED] - logInfo("Tax Type: " + TaxType): Tax Type: Personal Income Tax

2023-10-09 17:16:06 - [MESSAGE][INFO] - Tax Type: Personal Income Tax

2023-10-09 17:16:06 - [TEST_STEP][PASSED] - openBrowser(""): Browser is opened with url: ''

2023-10-09 17:16:06 - [MESSAGE][WARNING] - A browser is already opened. Closing browser and opening a new one

2023-10-09 17:16:07 - [MESSAGE][INFO] - Starting 'Chrome' driver

2023-10-09 17:16:07 - [MESSAGE][INFO] - User set preference: ['acceptInsecureCerts', 'true']

2023-10-09 17:16:07 - [MESSAGE][INFO] - Action delay is set to 0 milliseconds

2023-10-09 17:16:08 - [MESSAGE][PASSED] - Browser is opened with url: ''

2023-10-09 17:16:08 - [TEST_STEP][PASSED] - maximizeWindow(): Current window maximized

2023-10-09 17:16:08 - [MESSAGE][PASSED] - Current window maximized

2023-10-09 17:16:08 - [TEST_STEP][PASSED] - navigateToUrl(RADurl): Navigate to 'https://qa2.velocitypayment.com/client/rad/index.html' successfully

2023-10-09 17:16:10 - [MESSAGE][PASSED] - Navigate to 'https://qa2.velocitypayment.com/client/rad/index.html' successfully

2023-10-09 17:16:10 - [TEST_STEP][PASSED] - selectOptionByLabel(findTestObject(orPath_Landing + "/dd_TaxType"), PaymentType, false): All options with label 'New Tax Return Amount Due' are selected in object 'Object Repository/RAD_Pages/Landing_Page/dd_TaxType' 

2023-10-09 17:16:11 - [MESSAGE][PASSED] - All options with label 'New Tax Return Amount Due' are selected in object 'Object Repository/RAD_Pages/Landing_Page/dd_TaxType' 

2023-10-09 17:16:11 - [TEST_STEP][PASSED] - switch (PaymentType): null

2023-10-09 17:16:11 - [TEST_STEP][PASSED] - case "New Tax Return Amount Due":: null

2023-10-09 17:16:11 - [TEST_STEP][PASSED] - selectOptionByLabel(findTestObject("Object Repository/RAD_Pages/Landing_Page/select_NewTaxReturnAmountDue_TaxType"), TaxType, false): All options with label 'Personal Income Tax' are selected in object 'Object Repository/RAD_Pages/Landing_Page/select_NewTaxReturnAmountDue_TaxType' 

2023-10-09 17:16:12 - [MESSAGE][PASSED] - All options with label 'Personal Income Tax' are selected in object 'Object Repository/RAD_Pages/Landing_Page/select_NewTaxReturnAmountDue_TaxType' 

2023-10-09 17:16:12 - [TEST_STEP][PASSED] - break: null

2023-10-09 17:16:12 - [TEST_STEP][PASSED] - if (!(FilingYear.isEmpty())): All options with label '2020' are selected in object 'Object Repository/RAD_Pages/TaxTypeFilingYear_Page/select_FilingYear' 

2023-10-09 17:16:12 - [TEST_STEP][PASSED] - selectOptionByLabel(findTestObject(orPath_TaxTypeFilingYear + "/select_FilingYear"), FilingYear, false): All options with label '2020' are selected in object 'Object Repository/RAD_Pages/TaxTypeFilingYear_Page/select_FilingYear' 

2023-10-09 17:16:12 - [MESSAGE][PASSED] - All options with label '2020' are selected in object 'Object Repository/RAD_Pages/TaxTypeFilingYear_Page/select_FilingYear' 

2023-10-09 17:16:12 - [TEST_STEP][PASSED] - rad.getSetDataRAD.setDataRADssnAndName(): rad.getSetDataRAD.setDataRADssnAndName is PASSED

2023-10-09 17:16:13 - [MESSAGE][PASSED] - Text 'Jimmy' is set on object 'Object Repository/RAD_Pages/Taxpayer_Page/input_firstName'

2023-10-09 17:16:15 - [MESSAGE][PASSED] - Text 'Anderson' is set on object 'Object Repository/RAD_Pages/Taxpayer_Page/input_lastName'

2023-10-09 17:16:15 - [MESSAGE][PASSED] - Text '123451234' is set on object 'Object Repository/RAD_RecordAndPlay/input_concatSSN'

2023-10-09 17:16:16 - [MESSAGE][PASSED] - Text '123451234' is set on object 'Object Repository/RAD_RecordAndPlay/input_concatReSSN'

2023-10-09 17:16:16 - [MESSAGE][PASSED] - rad.getSetDataRAD.setDataRADssnAndName is PASSED

2023-10-09 17:16:16 - [TEST_STEP][PASSED] - rad.getSetDataRAD.setDataRADAddress(): rad.getSetDataRAD.setDataRADAddress is PASSED

2023-10-09 17:16:16 - [MESSAGE][PASSED] - All options with label 'United States' are selected in object 'Object Repository/RAD_Pages/AddressAndContactInfo_Page/select_Country' 

2023-10-09 17:16:17 - [MESSAGE][PASSED] - Text '2508 Mandan Terrace' is set on object 'Object Repository/RAD_Pages/AddressAndContactInfo_Page/input_streetAddress1'

2023-10-09 17:16:18 - [MESSAGE][PASSED] - Text '' is set on object 'Object Repository/RAD_Pages/AddressAndContactInfo_Page/input_streetAddress2'

2023-10-09 17:16:19 - [MESSAGE][PASSED] - Text 'Gambrills' is set on object 'Object Repository/RAD_Pages/AddressAndContactInfo_Page/input_city'

2023-10-09 17:16:19 - [MESSAGE][PASSED] - All options with label 'Maryland' are selected in object 'Object Repository/RAD_Pages/AddressAndContactInfo_Page/select_State' 

2023-10-09 17:16:20 - [MESSAGE][PASSED] - Text '21054' is set on object 'Object Repository/RAD_Pages/AddressAndContactInfo_Page/input_zipCode'

2023-10-09 17:16:21 - [MESSAGE][PASSED] - Text '(703) 894-5000' is set on object 'Object Repository/RAD_Pages/AddressAndContactInfo_Page/input_phoneNumber'

2023-10-09 17:16:22 - [MESSAGE][PASSED] - Text 'iahmed@govolution.com' is set on object 'Object Repository/RAD_Pages/AddressAndContactInfo_Page/input_eMailAddress'

2023-10-09 17:16:23 - [MESSAGE][PASSED] - Text 'iahmed@govolution.com' is set on object 'Object Repository/RAD_Pages/AddressAndContactInfo_Page/input_reEnterEMailAddress'

2023-10-09 17:16:23 - [MESSAGE][PASSED] - rad.getSetDataRAD.setDataRADAddress is PASSED

2023-10-09 17:16:23 - [TEST_STEP][PASSED] - setText(findTestObject(orPath_Amount + "/input__paymentAmount"), "100.00"): Text '100.00' is set on object 'Object Repository/RAD_Pages/PaymentAmount_Page/input__paymentAmount'

2023-10-09 17:16:23 - [MESSAGE][PASSED] - Text '100.00' is set on object 'Object Repository/RAD_Pages/PaymentAmount_Page/input__paymentAmount'

2023-10-09 17:16:23 - [TEST_STEP][PASSED] - setText(findTestObject(orPath_AddressContact + "/input_streetAddress2"), ""): Text '' is set on object 'Object Repository/RAD_Pages/AddressAndContactInfo_Page/input_streetAddress2'

2023-10-09 17:16:24 - [MESSAGE][PASSED] - Text '' is set on object 'Object Repository/RAD_Pages/AddressAndContactInfo_Page/input_streetAddress2'

2023-10-09 17:16:24 - [TEST_STEP][PASSED] - scrollToElement(findTestObject(orPath_Landing + "/button_Continue"), 3): Scroll to object 'Object Repository/RAD_Pages/Landing_Page/button_Continue' successfully

2023-10-09 17:16:25 - [MESSAGE][PASSED] - Scroll to object 'Object Repository/RAD_Pages/Landing_Page/button_Continue' successfully

2023-10-09 17:16:25 - [TEST_STEP][PASSED] - waitForElementClickable(findTestObject(orPath_Landing + "/button_Continue"), 5): Object 'Object Repository/RAD_Pages/Landing_Page/button_Continue' is clickable

2023-10-09 17:16:25 - [MESSAGE][PASSED] - Object 'Object Repository/RAD_Pages/Landing_Page/button_Continue' is clickable

2023-10-09 17:16:25 - [TEST_STEP][PASSED] - click(findTestObject(orPath_Landing + "/button_Continue")): Object: 'Object Repository/RAD_Pages/Landing_Page/button_Continue' is clicked on

2023-10-09 17:16:25 - [MESSAGE][PASSED] - Object: 'Object Repository/RAD_Pages/Landing_Page/button_Continue' is clicked on

2023-10-09 17:16:25 - [TEST_STEP][PASSED] - delay(2): Delayed 2 second(s)

2023-10-09 17:16:27 - [MESSAGE][PASSED] - Delayed 2 second(s)

2023-10-09 17:16:27 - [TEST_STEP][PASSED] - click(findTestObject(orPath_Summary + "/button_Proceed to Payment")): Object: 'Object Repository/RAD_Pages/Summary_Page/button_Proceed to Payment' is clicked on

2023-10-09 17:16:29 - [MESSAGE][PASSED] - Object: 'Object Repository/RAD_Pages/Summary_Page/button_Proceed to Payment' is clicked on

2023-10-09 17:16:29 - [TEST_STEP][PASSED] - if (verifyElementPresent(findTestObject("Object Repository/RAD_Pages/PaymentEntry_Page/input__billingName"), 30)): null

2023-10-09 17:16:30 - [MESSAGE][PASSED] - Object 'Object Repository/RAD_Pages/PaymentEntry_Page/input__billingName' is present

2023-10-09 17:16:30 - [TEST_STEP][PASSED] - verifyTextPresent("Comptroller of Maryland", true): Text 'Comptroller of Maryland' is present on page  using regular expression

2023-10-09 17:16:30 - [MESSAGE][PASSED] - Text 'Comptroller of Maryland' is present on page  using regular expression

2023-10-09 17:16:30 - [TEST_STEP][PASSED] - verifyTextPresent("Payment Information", true): Text 'Payment Information' is present on page  using regular expression

2023-10-09 17:16:30 - [MESSAGE][PASSED] - Text 'Payment Information' is present on page  using regular expression

2023-10-09 17:16:30 - [TEST_STEP][PASSED] - card_Name = getAttribute(findTestObject("Object Repository/RAD_Pages/PaymentEntry_Page/input__billingName"), "value"): Attribute 'value' of object 'Object Repository/RAD_Pages/PaymentEntry_Page/input__billingName' is: 'Jimmy Anderson'

2023-10-09 17:16:31 - [MESSAGE][PASSED] - Attribute 'value' of object 'Object Repository/RAD_Pages/PaymentEntry_Page/input__billingName' is: 'Jimmy Anderson'

2023-10-09 17:16:31 - [TEST_STEP][PASSED] - switch (executionProfile): null

2023-10-09 17:16:31 - [TEST_STEP][PASSED] - case "QA2Profile":: null

2023-10-09 17:16:31 - [TEST_STEP][PASSED] - verifyMatch("Jimmy Anderson", card_Name, false): Actual text 'Jimmy Anderson' and expected text 'Jimmy Anderson' are matched 

2023-10-09 17:16:31 - [MESSAGE][PASSED] - Actual text 'Jimmy Anderson' and expected text 'Jimmy Anderson' are matched 

2023-10-09 17:16:31 - [TEST_STEP][PASSED] - break: null

2023-10-09 17:16:31 - [TEST_STEP][PASSED] - AL1 = getAttribute(findTestObject("Object Repository/RAD_Pages/PaymentEntry_Page/input_billingAddress"), "value"): Attribute 'value' of object 'Object Repository/RAD_Pages/PaymentEntry_Page/input_billingAddress' is: '2508 Mandan Terrace'

2023-10-09 17:16:31 - [MESSAGE][PASSED] - Attribute 'value' of object 'Object Repository/RAD_Pages/PaymentEntry_Page/input_billingAddress' is: '2508 Mandan Terrace'

2023-10-09 17:16:31 - [TEST_STEP][PASSED] - verifyMatch("2508 Mandan Terrace", AL1, false): Actual text '2508 Mandan Terrace' and expected text '2508 Mandan Terrace' are matched 

2023-10-09 17:16:31 - [MESSAGE][PASSED] - Actual text '2508 Mandan Terrace' and expected text '2508 Mandan Terrace' are matched 

2023-10-09 17:16:31 - [TEST_STEP][PASSED] - AL2 = getAttribute(findTestObject("Object Repository/RAD_Pages/PaymentEntry_Page/input_billingAddress2"), "value"): Attribute 'value' of object 'Object Repository/RAD_Pages/PaymentEntry_Page/input_billingAddress2' is: ''

2023-10-09 17:16:31 - [MESSAGE][PASSED] - Attribute 'value' of object 'Object Repository/RAD_Pages/PaymentEntry_Page/input_billingAddress2' is: ''

2023-10-09 17:16:31 - [TEST_STEP][PASSED] - verifyMatch("", AL2, false): Actual text '' and expected text '' are matched 

2023-10-09 17:16:31 - [MESSAGE][PASSED] - Actual text '' and expected text '' are matched 

2023-10-09 17:16:31 - [TEST_STEP][PASSED] - zipCode = getAttribute(findTestObject("Object Repository/RAD_Pages/PaymentEntry_Page/input_billingZip"), "value"): Attribute 'value' of object 'Object Repository/RAD_Pages/PaymentEntry_Page/input_billingZip' is: '21054'

2023-10-09 17:16:32 - [MESSAGE][PASSED] - Attribute 'value' of object 'Object Repository/RAD_Pages/PaymentEntry_Page/input_billingZip' is: '21054'

2023-10-09 17:16:32 - [TEST_STEP][PASSED] - verifyMatch("21054", zipCode, false): Actual text '21054' and expected text '21054' are matched 

2023-10-09 17:16:32 - [MESSAGE][PASSED] - Actual text '21054' and expected text '21054' are matched 

2023-10-09 17:16:32 - [TEST_STEP][PASSED] - city = getAttribute(findTestObject("Object Repository/RAD_Pages/PaymentEntry_Page/input_billingCity"), "value"): Attribute 'value' of object 'Object Repository/RAD_Pages/PaymentEntry_Page/input_billingCity' is: 'GAMBRILLS'

2023-10-09 17:16:32 - [MESSAGE][PASSED] - Attribute 'value' of object 'Object Repository/RAD_Pages/PaymentEntry_Page/input_billingCity' is: 'GAMBRILLS'

2023-10-09 17:16:32 - [TEST_STEP][PASSED] - verifyMatch("GAMBRILLS", city, false): Actual text 'GAMBRILLS' and expected text 'GAMBRILLS' are matched 

2023-10-09 17:16:32 - [MESSAGE][PASSED] - Actual text 'GAMBRILLS' and expected text 'GAMBRILLS' are matched 

2023-10-09 17:16:32 - [TEST_STEP][PASSED] - email = getAttribute(findTestObject("Object Repository/RAD_Pages/PaymentEntry_Page/input_emailAddress"), "value"): Attribute 'value' of object 'Object Repository/RAD_Pages/PaymentEntry_Page/input_emailAddress' is: 'iahmed@govolution.com'

2023-10-09 17:16:32 - [MESSAGE][PASSED] - Attribute 'value' of object 'Object Repository/RAD_Pages/PaymentEntry_Page/input_emailAddress' is: 'iahmed@govolution.com'

2023-10-09 17:16:32 - [TEST_STEP][PASSED] - verifyMatch("iahmed@govolution.com", email, false): Actual text 'iahmed@govolution.com' and expected text 'iahmed@govolution.com' are matched 

2023-10-09 17:16:32 - [MESSAGE][PASSED] - Actual text 'iahmed@govolution.com' and expected text 'iahmed@govolution.com' are matched 

2023-10-09 17:16:32 - [TEST_STEP][PASSED] - amount = getAttribute(findTestObject("Object Repository/RAD_Pages/PaymentEntry_Page/input_amount"), "value"): Attribute 'value' of object 'Object Repository/RAD_Pages/PaymentEntry_Page/input_amount' is: '100.00'

2023-10-09 17:16:33 - [MESSAGE][PASSED] - Attribute 'value' of object 'Object Repository/RAD_Pages/PaymentEntry_Page/input_amount' is: '100.00'

2023-10-09 17:16:33 - [TEST_STEP][PASSED] - verifyMatch("100.00", amount, false): Actual text '100.00' and expected text '100.00' are matched 

2023-10-09 17:16:33 - [MESSAGE][PASSED] - Actual text '100.00' and expected text '100.00' are matched 

2023-10-09 17:16:33 - [TEST_STEP][PASSED] - amountReadOnly = getAttribute(findTestObject("Object Repository/RAD_Pages/PaymentEntry_Page/input_amount"), "readonly"): Attribute 'readonly' of object 'Object Repository/RAD_Pages/PaymentEntry_Page/input_amount' is: 'true'

2023-10-09 17:16:33 - [MESSAGE][PASSED] - Attribute 'readonly' of object 'Object Repository/RAD_Pages/PaymentEntry_Page/input_amount' is: 'true'

2023-10-09 17:16:33 - [TEST_STEP][PASSED] - verifyMatch("true", amountReadOnly, false): Actual text 'true' and expected text 'true' are matched 

2023-10-09 17:16:33 - [MESSAGE][PASSED] - Actual text 'true' and expected text 'true' are matched 

2023-10-09 17:16:33 - [TEST_STEP][PASSED] - verifyOptionSelectedByLabel(findTestObject("Object Repository/RAD_Pages/PaymentEntry_Page/select_Country"), "United States", false, 20): All options with label 'United States' are selected in object 'Object Repository/RAD_Pages/PaymentEntry_Page/select_Country' 

2023-10-09 17:16:34 - [MESSAGE][PASSED] - All options with label 'United States' are selected in object 'Object Repository/RAD_Pages/PaymentEntry_Page/select_Country' 

2023-10-09 17:16:34 - [TEST_STEP][PASSED] - verifyOptionSelectedByLabel(findTestObject("Object Repository/RAD_Pages/PaymentEntry_Page/select_State"), "Maryland", false, 20): All options with label 'Maryland' are selected in object 'Object Repository/RAD_Pages/PaymentEntry_Page/select_State' 

2023-10-09 17:16:36 - [MESSAGE][PASSED] - All options with label 'Maryland' are selected in object 'Object Repository/RAD_Pages/PaymentEntry_Page/select_State' 

2023-10-09 17:16:36 - [TEST_STEP][PASSED] - setText(findTestObject(orPath_PaymentEntry + "/input__cardNumber"), "4111111111111111"): Text '4111111111111111' is set on object 'Object Repository/RAD_Pages/PaymentEntry_Page/input__cardNumber'

2023-10-09 17:16:37 - [MESSAGE][PASSED] - Text '4111111111111111' is set on object 'Object Repository/RAD_Pages/PaymentEntry_Page/input__cardNumber'

2023-10-09 17:16:37 - [TEST_STEP][PASSED] - setText(findTestObject(orPath_PaymentEntry + "/input__spc"), "123"): Text '123' is set on object 'Object Repository/RAD_Pages/PaymentEntry_Page/input__spc'

2023-10-09 17:16:38 - [MESSAGE][PASSED] - Text '123' is set on object 'Object Repository/RAD_Pages/PaymentEntry_Page/input__spc'

2023-10-09 17:16:38 - [TEST_STEP][PASSED] - selectOptionByLabel(findTestObject(orPath_PaymentEntry + "/select_MM"), "12", false): All options with label '12' are selected in object 'Object Repository/RAD_Pages/PaymentEntry_Page/select_MM' 

2023-10-09 17:16:38 - [MESSAGE][PASSED] - All options with label '12' are selected in object 'Object Repository/RAD_Pages/PaymentEntry_Page/select_MM' 

2023-10-09 17:16:38 - [TEST_STEP][PASSED] - selectOptionByLabel(findTestObject(orPath_PaymentEntry + "/select_YYYY"), "2028", false): All options with label '2028' are selected in object 'Object Repository/RAD_Pages/PaymentEntry_Page/select_YYYY' 

2023-10-09 17:16:39 - [MESSAGE][PASSED] - All options with label '2028' are selected in object 'Object Repository/RAD_Pages/PaymentEntry_Page/select_YYYY' 

2023-10-09 17:16:39 - [TEST_STEP][PASSED] - click(findTestObject(orPath_PaymentEntry + "/input_Field_ccSubmit")): Object: 'Object Repository/RAD_Pages/PaymentEntry_Page/input_Field_ccSubmit' is clicked on

2023-10-09 17:16:40 - [MESSAGE][PASSED] - Object: 'Object Repository/RAD_Pages/PaymentEntry_Page/input_Field_ccSubmit' is clicked on

2023-10-09 17:16:40 - [TEST_STEP][PASSED] - click(findTestObject(orPath_PaymentConfirmation + "/input_N_confirmNotifyAction")): Object: 'Object Repository/RAD_Pages/PaymentConfirmation_Page/input_N_confirmNotifyAction' is clicked on

2023-10-09 17:16:41 - [MESSAGE][PASSED] - Object: 'Object Repository/RAD_Pages/PaymentConfirmation_Page/input_N_confirmNotifyAction' is clicked on

2023-10-09 17:16:41 - [TEST_STEP][PASSED] - verifyTextPresent("Service Fee Acceptance", true): Text 'Service Fee Acceptance' is present on page  using regular expression

2023-10-09 17:16:41 - [MESSAGE][PASSED] - Text 'Service Fee Acceptance' is present on page  using regular expression

2023-10-09 17:16:41 - [TEST_STEP][PASSED] - verifyTextPresent("This transaction is subject to a Service Fee of ", true): Text 'This transaction is subject to a Service Fee of ' is present on page  using regular expression

2023-10-09 17:16:42 - [MESSAGE][PASSED] - Text 'This transaction is subject to a Service Fee of ' is present on page  using regular expression

2023-10-09 17:16:42 - [TEST_STEP][PASSED] - verifyTextPresent("Payment Amount:", true): Text 'Payment Amount:' is present on page  using regular expression

2023-10-09 17:16:42 - [MESSAGE][PASSED] - Text 'Payment Amount:' is present on page  using regular expression

2023-10-09 17:16:42 - [TEST_STEP][PASSED] - verifyTextPresent("100.00", true): Text '100.00' is present on page  using regular expression

2023-10-09 17:16:42 - [MESSAGE][PASSED] - Text '100.00' is present on page  using regular expression

2023-10-09 17:16:42 - [TEST_STEP][PASSED] - verifyTextPresent("Service Fee:", true): Text 'Service Fee:' is present on page  using regular expression

2023-10-09 17:16:42 - [MESSAGE][PASSED] - Text 'Service Fee:' is present on page  using regular expression

2023-10-09 17:16:42 - [TEST_STEP][PASSED] - verifyTextPresent("2.45", true): Text '2.45' is present on page  using regular expression

2023-10-09 17:16:43 - [MESSAGE][PASSED] - Text '2.45' is present on page  using regular expression

2023-10-09 17:16:43 - [TEST_STEP][PASSED] - verifyTextPresent("Total Amount:", true): Text 'Total Amount:' is present on page  using regular expression

2023-10-09 17:16:43 - [MESSAGE][PASSED] - Text 'Total Amount:' is present on page  using regular expression

2023-10-09 17:16:43 - [TEST_STEP][PASSED] - verifyTextPresent("102.45", true): Text '102.45' is present on page  using regular expression

2023-10-09 17:16:43 - [MESSAGE][PASSED] - Text '102.45' is present on page  using regular expression

2023-10-09 17:16:43 - [TEST_STEP][PASSED] - verifyTextPresent("Two transactions will appear on your bank statement, one in the amount of", true): Text 'Two transactions will appear on your bank statement, one in the amount of' is present on page  using regular expression

2023-10-09 17:16:43 - [MESSAGE][PASSED] - Text 'Two transactions will appear on your bank statement, one in the amount of' is present on page  using regular expression

2023-10-09 17:16:43 - [TEST_STEP][PASSED] - if (verifyElementPresent(findTestObject(orPath_ServiceFeesAccept + "/input_convFeeNotifyAction"), 30)): null

2023-10-09 17:16:44 - [MESSAGE][PASSED] - Object 'Object Repository/RAD_Pages/ServiceFeeAccept_Page/input_convFeeNotifyAction' is present

2023-10-09 17:16:44 - [TEST_STEP][PASSED] - resText = "Pass": null

2023-10-09 17:16:44 - [TEST_STEP][PASSED] - pages.WriteExcel.demoKey(resText, datText, resColumn, datCloumn, fileLoc, nameSheet, row): pages.WriteExcel.demoKey is PASSED

2023-10-09 17:16:44 - [MESSAGE][PASSED] - pages.WriteExcel.demoKey is PASSED]]></system-out>
         <system-err><![CDATA[]]></system-err>
      </testcase>
      <testcase name="Test Cases/RAD_TestCases/BeforePayments_TestCases/Personal_Joint_BeforePayments_TC" time="223.55" classname="Test Cases/RAD_TestCases/BeforePayments_TestCases/Personal_Joint_BeforePayments_TC" status="PASSED">
         <system-out><![CDATA[2023-10-09 17:16:44 - [TEST_CASE][PASSED] - Test Cases/RAD_TestCases/BeforePayments_TestCases/Personal_Joint_BeforePayments_TC: Test Cases/RAD_TestCases/BeforePayments_TestCases/Personal_Joint_BeforePayments_TC

2023-10-09 17:16:44 - [TEST_STEP][PASSED] - resText = "Fail": null

2023-10-09 17:16:44 - [TEST_STEP][PASSED] - resColumn = "Result": null

2023-10-09 17:16:44 - [TEST_STEP][PASSED] - datCloumn = "Date": null

2023-10-09 17:16:44 - [TEST_STEP][PASSED] - fileLoc = "KatalonData/RADTestData/BeforePayments.xlsx": null

2023-10-09 17:16:44 - [TEST_STEP][PASSED] - nameSheet = "Personal_JNT": null

2023-10-09 17:16:44 - [TEST_STEP][PASSED] - dataFile = "RADTestData/BeforePayments_Personal_JNT": null

2023-10-09 17:16:44 - [TEST_STEP][PASSED] - orPath_Landing = "Object Repository/RAD_Pages/Landing_Page": null

2023-10-09 17:16:44 - [TEST_STEP][PASSED] - orPath_TaxTypeFilingYear = "Object Repository/RAD_Pages/TaxTypeFilingYear_Page": null

2023-10-09 17:16:44 - [TEST_STEP][PASSED] - orPath_Amount = "Object Repository/RAD_Pages/PaymentAmount_Page": null

2023-10-09 17:16:44 - [TEST_STEP][PASSED] - orPath_AddressContact = "Object Repository/RAD_Pages/AddressAndContactInfo_Page": null

2023-10-09 17:16:44 - [TEST_STEP][PASSED] - orPath_Summary = "Object Repository/RAD_Pages/Summary_Page": null

2023-10-09 17:16:44 - [TEST_STEP][PASSED] - orPath_PaymentConfirmation = "Object Repository/RAD_Pages/PaymentConfirmation_Page": null

2023-10-09 17:16:44 - [TEST_STEP][PASSED] - orPath_ServiceFeesAccept = "Object Repository/RAD_Pages/ServiceFeeAccept_Page": null

2023-10-09 17:16:44 - [TEST_STEP][PASSED] - orPath_PaymentEntry = "Object Repository/RAD_Pages/PaymentEntry_Page": null

2023-10-09 17:16:44 - [TEST_STEP][PASSED] - orPath_FilingStatus = "Object Repository/RAD_Pages/FilingStatus_Page": null

2023-10-09 17:16:44 - [TEST_STEP][PASSED] - ExecuteTC = <not implemented yet for class: org.codehaus.groovy.ast.expr.EmptyExpression>: null

2023-10-09 17:16:44 - [TEST_STEP][PASSED] - TaxType = <not implemented yet for class: org.codehaus.groovy.ast.expr.EmptyExpression>: null

2023-10-09 17:16:44 - [TEST_STEP][PASSED] - PaymentType = <not implemented yet for class: org.codehaus.groovy.ast.expr.EmptyExpression>: null

2023-10-09 17:16:44 - [TEST_STEP][PASSED] - FilingYear = <not implemented yet for class: org.codehaus.groovy.ast.expr.EmptyExpression>: null

2023-10-09 17:16:44 - [TEST_STEP][PASSED] - PeriodEndingMonth = <not implemented yet for class: org.codehaus.groovy.ast.expr.EmptyExpression>: null

2023-10-09 17:16:44 - [TEST_STEP][PASSED] - executionProfile = getExecutionProfile(): null

2023-10-09 17:16:44 - [TEST_STEP][PASSED] - numOfRows = findTestData(dataFile).getRowNumbers(): null

2023-10-09 17:16:45 - [TEST_STEP][PASSED] - println("Number of Records: " + numOfRows): null

2023-10-09 17:16:45 - [TEST_STEP][PASSED] - for ([row = 1, row <= numOfRows, (row++)]): null

2023-10-09 17:16:45 - [TEST_STEP][PASSED] - ExecuteTC = findTestData(dataFile).getValue("Execute", row): null

2023-10-09 17:16:45 - [TEST_STEP][PASSED] - TaxType = findTestData(dataFile).getValue("TaxType", row): null

2023-10-09 17:16:45 - [TEST_STEP][PASSED] - PaymentType = findTestData(dataFile).getValue("PaymentType", row): null

2023-10-09 17:16:45 - [TEST_STEP][PASSED] - FilingYear = findTestData(dataFile).getValue("Year", row): null

2023-10-09 17:16:45 - [TEST_STEP][PASSED] - if (ExecuteTC.equalsIgnoreCase("Y")): null

2023-10-09 17:16:45 - [TEST_STEP][PASSED] - out.println("Begin Record Number: " + row): null

2023-10-09 17:16:45 - [TEST_STEP][PASSED] - today = new java.util.Date(): null

2023-10-09 17:16:45 - [TEST_STEP][PASSED] - println(today): null

2023-10-09 17:16:45 - [TEST_STEP][PASSED] - datText = today: null

2023-10-09 17:16:45 - [TEST_STEP][PASSED] - logInfo("Payment Type: " + PaymentType): Payment Type: Quarterly Estimated Tax

2023-10-09 17:16:45 - [MESSAGE][INFO] - Payment Type: Quarterly Estimated Tax

2023-10-09 17:16:45 - [TEST_STEP][PASSED] - logInfo("Tax Type: " + TaxType): Tax Type: Personal Income Tax

2023-10-09 17:16:45 - [MESSAGE][INFO] - Tax Type: Personal Income Tax

2023-10-09 17:16:45 - [TEST_STEP][PASSED] - openBrowser(""): Browser is opened with url: ''

2023-10-09 17:16:45 - [MESSAGE][WARNING] - A browser is already opened. Closing browser and opening a new one

2023-10-09 17:16:46 - [MESSAGE][INFO] - Starting 'Chrome' driver

2023-10-09 17:16:46 - [MESSAGE][INFO] - User set preference: ['acceptInsecureCerts', 'true']

2023-10-09 17:16:46 - [MESSAGE][INFO] - Action delay is set to 0 milliseconds

2023-10-09 17:16:47 - [MESSAGE][PASSED] - Browser is opened with url: ''

2023-10-09 17:16:47 - [TEST_STEP][PASSED] - maximizeWindow(): Current window maximized

2023-10-09 17:16:48 - [MESSAGE][PASSED] - Current window maximized

2023-10-09 17:16:48 - [TEST_STEP][PASSED] - navigateToUrl(RADurl): Navigate to 'https://qa2.velocitypayment.com/client/rad/index.html' successfully

2023-10-09 17:16:49 - [MESSAGE][PASSED] - Navigate to 'https://qa2.velocitypayment.com/client/rad/index.html' successfully

2023-10-09 17:16:49 - [TEST_STEP][PASSED] - selectOptionByLabel(findTestObject(orPath_Landing + "/dd_TaxType"), PaymentType, false): All options with label 'Quarterly Estimated Tax' are selected in object 'Object Repository/RAD_Pages/Landing_Page/dd_TaxType' 

2023-10-09 17:16:50 - [MESSAGE][PASSED] - All options with label 'Quarterly Estimated Tax' are selected in object 'Object Repository/RAD_Pages/Landing_Page/dd_TaxType' 

2023-10-09 17:16:50 - [TEST_STEP][PASSED] - switch (PaymentType): null

2023-10-09 17:16:50 - [TEST_STEP][PASSED] - case "Quarterly Estimated Tax":: null

2023-10-09 17:16:50 - [TEST_STEP][PASSED] - selectOptionByLabel(findTestObject(orPath_TaxTypeFilingYear + "/select_PaymentType"), TaxType, false): All options with label 'Personal Income Tax' are selected in object 'Object Repository/RAD_Pages/TaxTypeFilingYear_Page/select_PaymentType' 

2023-10-09 17:16:51 - [MESSAGE][PASSED] - All options with label 'Personal Income Tax' are selected in object 'Object Repository/RAD_Pages/TaxTypeFilingYear_Page/select_PaymentType' 

2023-10-09 17:16:51 - [TEST_STEP][PASSED] - break: null

2023-10-09 17:16:51 - [TEST_STEP][PASSED] - if (!(FilingYear.isEmpty())): All options with label '2023' are selected in object 'Object Repository/RAD_Pages/TaxTypeFilingYear_Page/select_FilingYear' 

2023-10-09 17:16:51 - [TEST_STEP][PASSED] - selectOptionByLabel(findTestObject(orPath_TaxTypeFilingYear + "/select_FilingYear"), FilingYear, false): All options with label '2023' are selected in object 'Object Repository/RAD_Pages/TaxTypeFilingYear_Page/select_FilingYear' 

2023-10-09 17:16:51 - [MESSAGE][PASSED] - All options with label '2023' are selected in object 'Object Repository/RAD_Pages/TaxTypeFilingYear_Page/select_FilingYear' 

2023-10-09 17:16:51 - [TEST_STEP][PASSED] - rad.getSetDataRAD.setDataRADssnAndName(): rad.getSetDataRAD.setDataRADssnAndName is PASSED

2023-10-09 17:16:52 - [MESSAGE][PASSED] - Text 'Jimmy' is set on object 'Object Repository/RAD_Pages/Taxpayer_Page/input_firstName'

2023-10-09 17:16:54 - [MESSAGE][PASSED] - Text 'Anderson' is set on object 'Object Repository/RAD_Pages/Taxpayer_Page/input_lastName'

2023-10-09 17:16:54 - [MESSAGE][PASSED] - Text '123451234' is set on object 'Object Repository/RAD_RecordAndPlay/input_concatSSN'

2023-10-09 17:16:55 - [MESSAGE][PASSED] - Text '123451234' is set on object 'Object Repository/RAD_RecordAndPlay/input_concatReSSN'

2023-10-09 17:16:55 - [MESSAGE][PASSED] - rad.getSetDataRAD.setDataRADssnAndName is PASSED

2023-10-09 17:16:55 - [TEST_STEP][PASSED] - rad.getSetDataRAD.setDataRADAddress(): rad.getSetDataRAD.setDataRADAddress is PASSED

2023-10-09 17:16:56 - [MESSAGE][PASSED] - All options with label 'United States' are selected in object 'Object Repository/RAD_Pages/AddressAndContactInfo_Page/select_Country' 

2023-10-09 17:16:56 - [MESSAGE][PASSED] - Text '2508 Mandan Terrace' is set on object 'Object Repository/RAD_Pages/AddressAndContactInfo_Page/input_streetAddress1'

2023-10-09 17:16:57 - [MESSAGE][PASSED] - Text '' is set on object 'Object Repository/RAD_Pages/AddressAndContactInfo_Page/input_streetAddress2'

2023-10-09 17:16:58 - [MESSAGE][PASSED] - Text 'Gambrills' is set on object 'Object Repository/RAD_Pages/AddressAndContactInfo_Page/input_city'

2023-10-09 17:16:59 - [MESSAGE][PASSED] - All options with label 'Maryland' are selected in object 'Object Repository/RAD_Pages/AddressAndContactInfo_Page/select_State' 

2023-10-09 17:16:59 - [MESSAGE][PASSED] - Text '21054' is set on object 'Object Repository/RAD_Pages/AddressAndContactInfo_Page/input_zipCode'

2023-10-09 17:17:00 - [MESSAGE][PASSED] - Text '(703) 894-5000' is set on object 'Object Repository/RAD_Pages/AddressAndContactInfo_Page/input_phoneNumber'

2023-10-09 17:17:01 - [MESSAGE][PASSED] - Text 'iahmed@govolution.com' is set on object 'Object Repository/RAD_Pages/AddressAndContactInfo_Page/input_eMailAddress'

2023-10-09 17:17:02 - [MESSAGE][PASSED] - Text 'iahmed@govolution.com' is set on object 'Object Repository/RAD_Pages/AddressAndContactInfo_Page/input_reEnterEMailAddress'

2023-10-09 17:17:02 - [MESSAGE][PASSED] - rad.getSetDataRAD.setDataRADAddress is PASSED

2023-10-09 17:17:02 - [TEST_STEP][PASSED] - scrollToElement(findTestObject(orPath_Landing + "/button_Continue"), 3): Scroll to object 'Object Repository/RAD_Pages/Landing_Page/button_Continue' successfully

2023-10-09 17:17:02 - [MESSAGE][PASSED] - Scroll to object 'Object Repository/RAD_Pages/Landing_Page/button_Continue' successfully

2023-10-09 17:17:02 - [TEST_STEP][PASSED] - waitForElementClickable(findTestObject(orPath_FilingStatus + "/input_JointFiling_userType_New"), 5): Object 'Object Repository/RAD_Pages/FilingStatus_Page/input_JointFiling_userType_New' is clickable

2023-10-09 17:17:03 - [MESSAGE][PASSED] - Object 'Object Repository/RAD_Pages/FilingStatus_Page/input_JointFiling_userType_New' is clickable

2023-10-09 17:17:03 - [TEST_STEP][PASSED] - check(findTestObject(orPath_FilingStatus + "/input_JointFiling_userType_New")): Object 'Object Repository/RAD_Pages/FilingStatus_Page/input_JointFiling_userType_New' is checked

2023-10-09 17:17:03 - [MESSAGE][PASSED] - Object 'Object Repository/RAD_Pages/FilingStatus_Page/input_JointFiling_userType_New' is checked

2023-10-09 17:17:03 - [TEST_STEP][PASSED] - delay(2): Delayed 2 second(s)

2023-10-09 17:17:05 - [MESSAGE][PASSED] - Delayed 2 second(s)

2023-10-09 17:17:05 - [TEST_STEP][PASSED] - rad.getSetDataRAD.setDataRADssnAndNameJointFiler(): rad.getSetDataRAD.setDataRADssnAndNameJointFiler is PASSED

2023-10-09 17:17:06 - [MESSAGE][PASSED] - Text 'Larsons' is set on object 'Object Repository/RAD_Pages/FilingStatus_Page/input_jointFirstName'

2023-10-09 17:17:07 - [MESSAGE][PASSED] - Text 'Bell' is set on object 'Object Repository/RAD_Pages/FilingStatus_Page/input_jointLastName'

2023-10-09 17:17:07 - [MESSAGE][PASSED] - Text '123459630' is set on object 'Object Repository/RAD_RecordAndPlay/input_JointFilerSSN'

2023-10-09 17:17:08 - [MESSAGE][PASSED] - Text '123459630' is set on object 'Object Repository/RAD_RecordAndPlay/input_reTypeJointFilerSSN'

2023-10-09 17:17:08 - [MESSAGE][PASSED] - rad.getSetDataRAD.setDataRADssnAndNameJointFiler is PASSED

2023-10-09 17:17:08 - [TEST_STEP][PASSED] - setText(findTestObject(orPath_Amount + "/input__paymentAmount"), "100.00"): Text '100.00' is set on object 'Object Repository/RAD_Pages/PaymentAmount_Page/input__paymentAmount'

2023-10-09 17:17:09 - [MESSAGE][PASSED] - Text '100.00' is set on object 'Object Repository/RAD_Pages/PaymentAmount_Page/input__paymentAmount'

2023-10-09 17:17:09 - [TEST_STEP][PASSED] - setText(findTestObject(orPath_AddressContact + "/input_streetAddress2"), ""): Text '' is set on object 'Object Repository/RAD_Pages/AddressAndContactInfo_Page/input_streetAddress2'

2023-10-09 17:17:10 - [MESSAGE][PASSED] - Text '' is set on object 'Object Repository/RAD_Pages/AddressAndContactInfo_Page/input_streetAddress2'

2023-10-09 17:17:10 - [TEST_STEP][PASSED] - scrollToElement(findTestObject(orPath_Landing + "/button_Continue"), 3): Scroll to object 'Object Repository/RAD_Pages/Landing_Page/button_Continue' successfully

2023-10-09 17:17:10 - [MESSAGE][PASSED] - Scroll to object 'Object Repository/RAD_Pages/Landing_Page/button_Continue' successfully

2023-10-09 17:17:10 - [TEST_STEP][PASSED] - waitForElementClickable(findTestObject(orPath_Landing + "/button_Continue"), 5): Object 'Object Repository/RAD_Pages/Landing_Page/button_Continue' is clickable

2023-10-09 17:17:10 - [MESSAGE][PASSED] - Object 'Object Repository/RAD_Pages/Landing_Page/button_Continue' is clickable

2023-10-09 17:17:10 - [TEST_STEP][PASSED] - click(findTestObject(orPath_Landing + "/button_Continue")): Object: 'Object Repository/RAD_Pages/Landing_Page/button_Continue' is clicked on

2023-10-09 17:17:11 - [MESSAGE][PASSED] - Object: 'Object Repository/RAD_Pages/Landing_Page/button_Continue' is clicked on

2023-10-09 17:17:11 - [TEST_STEP][PASSED] - delay(2): Delayed 2 second(s)

2023-10-09 17:17:13 - [MESSAGE][PASSED] - Delayed 2 second(s)

2023-10-09 17:17:13 - [TEST_STEP][PASSED] - click(findTestObject(orPath_Summary + "/button_Proceed to Payment")): Object: 'Object Repository/RAD_Pages/Summary_Page/button_Proceed to Payment' is clicked on

2023-10-09 17:17:14 - [MESSAGE][PASSED] - Object: 'Object Repository/RAD_Pages/Summary_Page/button_Proceed to Payment' is clicked on

2023-10-09 17:17:14 - [TEST_STEP][PASSED] - if (verifyElementPresent(findTestObject("Object Repository/RAD_Pages/PaymentEntry_Page/input__billingName"), 30)): null

2023-10-09 17:17:15 - [MESSAGE][PASSED] - Object 'Object Repository/RAD_Pages/PaymentEntry_Page/input__billingName' is present

2023-10-09 17:17:15 - [TEST_STEP][PASSED] - verifyTextPresent("Comptroller of Maryland", true): Text 'Comptroller of Maryland' is present on page  using regular expression

2023-10-09 17:17:15 - [MESSAGE][PASSED] - Text 'Comptroller of Maryland' is present on page  using regular expression

2023-10-09 17:17:15 - [TEST_STEP][PASSED] - verifyTextPresent("Payment Information", true): Text 'Payment Information' is present on page  using regular expression

2023-10-09 17:17:15 - [MESSAGE][PASSED] - Text 'Payment Information' is present on page  using regular expression

2023-10-09 17:17:15 - [TEST_STEP][PASSED] - card_Name = getAttribute(findTestObject("Object Repository/RAD_Pages/PaymentEntry_Page/input__billingName"), "value"): Attribute 'value' of object 'Object Repository/RAD_Pages/PaymentEntry_Page/input__billingName' is: 'Jimmy Anderson'

2023-10-09 17:17:16 - [MESSAGE][PASSED] - Attribute 'value' of object 'Object Repository/RAD_Pages/PaymentEntry_Page/input__billingName' is: 'Jimmy Anderson'

2023-10-09 17:17:16 - [TEST_STEP][PASSED] - switch (executionProfile): null

2023-10-09 17:17:16 - [TEST_STEP][PASSED] - case "QA2Profile":: null

2023-10-09 17:17:16 - [TEST_STEP][PASSED] - verifyMatch("Jimmy Anderson", card_Name, false): Actual text 'Jimmy Anderson' and expected text 'Jimmy Anderson' are matched 

2023-10-09 17:17:16 - [MESSAGE][PASSED] - Actual text 'Jimmy Anderson' and expected text 'Jimmy Anderson' are matched 

2023-10-09 17:17:16 - [TEST_STEP][PASSED] - break: null

2023-10-09 17:17:16 - [TEST_STEP][PASSED] - AL1 = getAttribute(findTestObject("Object Repository/RAD_Pages/PaymentEntry_Page/input_billingAddress"), "value"): Attribute 'value' of object 'Object Repository/RAD_Pages/PaymentEntry_Page/input_billingAddress' is: '2508 Mandan Terrace'

2023-10-09 17:17:16 - [MESSAGE][PASSED] - Attribute 'value' of object 'Object Repository/RAD_Pages/PaymentEntry_Page/input_billingAddress' is: '2508 Mandan Terrace'

2023-10-09 17:17:16 - [TEST_STEP][PASSED] - verifyMatch("2508 Mandan Terrace", AL1, false): Actual text '2508 Mandan Terrace' and expected text '2508 Mandan Terrace' are matched 

2023-10-09 17:17:16 - [MESSAGE][PASSED] - Actual text '2508 Mandan Terrace' and expected text '2508 Mandan Terrace' are matched 

2023-10-09 17:17:16 - [TEST_STEP][PASSED] - AL2 = getAttribute(findTestObject("Object Repository/RAD_Pages/PaymentEntry_Page/input_billingAddress2"), "value"): Attribute 'value' of object 'Object Repository/RAD_Pages/PaymentEntry_Page/input_billingAddress2' is: ''

2023-10-09 17:17:16 - [MESSAGE][PASSED] - Attribute 'value' of object 'Object Repository/RAD_Pages/PaymentEntry_Page/input_billingAddress2' is: ''

2023-10-09 17:17:16 - [TEST_STEP][PASSED] - verifyMatch("", AL2, false): Actual text '' and expected text '' are matched 

2023-10-09 17:17:16 - [MESSAGE][PASSED] - Actual text '' and expected text '' are matched 

2023-10-09 17:17:16 - [TEST_STEP][PASSED] - zipCode = getAttribute(findTestObject("Object Repository/RAD_Pages/PaymentEntry_Page/input_billingZip"), "value"): Attribute 'value' of object 'Object Repository/RAD_Pages/PaymentEntry_Page/input_billingZip' is: '21054'

2023-10-09 17:17:17 - [MESSAGE][PASSED] - Attribute 'value' of object 'Object Repository/RAD_Pages/PaymentEntry_Page/input_billingZip' is: '21054'

2023-10-09 17:17:17 - [TEST_STEP][PASSED] - verifyMatch("21054", zipCode, false): Actual text '21054' and expected text '21054' are matched 

2023-10-09 17:17:17 - [MESSAGE][PASSED] - Actual text '21054' and expected text '21054' are matched 

2023-10-09 17:17:17 - [TEST_STEP][PASSED] - city = getAttribute(findTestObject("Object Repository/RAD_Pages/PaymentEntry_Page/input_billingCity"), "value"): Attribute 'value' of object 'Object Repository/RAD_Pages/PaymentEntry_Page/input_billingCity' is: 'GAMBRILLS'

2023-10-09 17:17:17 - [MESSAGE][PASSED] - Attribute 'value' of object 'Object Repository/RAD_Pages/PaymentEntry_Page/input_billingCity' is: 'GAMBRILLS'

2023-10-09 17:17:17 - [TEST_STEP][PASSED] - verifyMatch("GAMBRILLS", city, false): Actual text 'GAMBRILLS' and expected text 'GAMBRILLS' are matched 

2023-10-09 17:17:17 - [MESSAGE][PASSED] - Actual text 'GAMBRILLS' and expected text 'GAMBRILLS' are matched 

2023-10-09 17:17:17 - [TEST_STEP][PASSED] - email = getAttribute(findTestObject("Object Repository/RAD_Pages/PaymentEntry_Page/input_emailAddress"), "value"): Attribute 'value' of object 'Object Repository/RAD_Pages/PaymentEntry_Page/input_emailAddress' is: 'iahmed@govolution.com'

2023-10-09 17:17:17 - [MESSAGE][PASSED] - Attribute 'value' of object 'Object Repository/RAD_Pages/PaymentEntry_Page/input_emailAddress' is: 'iahmed@govolution.com'

2023-10-09 17:17:17 - [TEST_STEP][PASSED] - verifyMatch("iahmed@govolution.com", email, false): Actual text 'iahmed@govolution.com' and expected text 'iahmed@govolution.com' are matched 

2023-10-09 17:17:17 - [MESSAGE][PASSED] - Actual text 'iahmed@govolution.com' and expected text 'iahmed@govolution.com' are matched 

2023-10-09 17:17:17 - [TEST_STEP][PASSED] - amount = getAttribute(findTestObject("Object Repository/RAD_Pages/PaymentEntry_Page/input_amount"), "value"): Attribute 'value' of object 'Object Repository/RAD_Pages/PaymentEntry_Page/input_amount' is: '100.00'

2023-10-09 17:17:18 - [MESSAGE][PASSED] - Attribute 'value' of object 'Object Repository/RAD_Pages/PaymentEntry_Page/input_amount' is: '100.00'

2023-10-09 17:17:18 - [TEST_STEP][PASSED] - verifyMatch("100.00", amount, false): Actual text '100.00' and expected text '100.00' are matched 

2023-10-09 17:17:18 - [MESSAGE][PASSED] - Actual text '100.00' and expected text '100.00' are matched 

2023-10-09 17:17:18 - [TEST_STEP][PASSED] - amountReadOnly = getAttribute(findTestObject("Object Repository/RAD_Pages/PaymentEntry_Page/input_amount"), "readonly"): Attribute 'readonly' of object 'Object Repository/RAD_Pages/PaymentEntry_Page/input_amount' is: 'true'

2023-10-09 17:17:18 - [MESSAGE][PASSED] - Attribute 'readonly' of object 'Object Repository/RAD_Pages/PaymentEntry_Page/input_amount' is: 'true'

2023-10-09 17:17:18 - [TEST_STEP][PASSED] - verifyMatch("true", amountReadOnly, false): Actual text 'true' and expected text 'true' are matched 

2023-10-09 17:17:18 - [MESSAGE][PASSED] - Actual text 'true' and expected text 'true' are matched 

2023-10-09 17:17:18 - [TEST_STEP][PASSED] - verifyOptionSelectedByLabel(findTestObject("Object Repository/RAD_Pages/PaymentEntry_Page/select_Country"), "United States", false, 20): All options with label 'United States' are selected in object 'Object Repository/RAD_Pages/PaymentEntry_Page/select_Country' 

2023-10-09 17:17:19 - [MESSAGE][PASSED] - All options with label 'United States' are selected in object 'Object Repository/RAD_Pages/PaymentEntry_Page/select_Country' 

2023-10-09 17:17:19 - [TEST_STEP][PASSED] - verifyOptionSelectedByLabel(findTestObject("Object Repository/RAD_Pages/PaymentEntry_Page/select_State"), "Maryland", false, 20): All options with label 'Maryland' are selected in object 'Object Repository/RAD_Pages/PaymentEntry_Page/select_State' 

2023-10-09 17:17:22 - [MESSAGE][PASSED] - All options with label 'Maryland' are selected in object 'Object Repository/RAD_Pages/PaymentEntry_Page/select_State' 

2023-10-09 17:17:22 - [TEST_STEP][PASSED] - setText(findTestObject(orPath_PaymentEntry + "/input__cardNumber"), "4111111111111111"): Text '4111111111111111' is set on object 'Object Repository/RAD_Pages/PaymentEntry_Page/input__cardNumber'

2023-10-09 17:17:22 - [MESSAGE][PASSED] - Text '4111111111111111' is set on object 'Object Repository/RAD_Pages/PaymentEntry_Page/input__cardNumber'

2023-10-09 17:17:22 - [TEST_STEP][PASSED] - setText(findTestObject(orPath_PaymentEntry + "/input__spc"), "123"): Text '123' is set on object 'Object Repository/RAD_Pages/PaymentEntry_Page/input__spc'

2023-10-09 17:17:23 - [MESSAGE][PASSED] - Text '123' is set on object 'Object Repository/RAD_Pages/PaymentEntry_Page/input__spc'

2023-10-09 17:17:23 - [TEST_STEP][PASSED] - selectOptionByLabel(findTestObject(orPath_PaymentEntry + "/select_MM"), "12", false): All options with label '12' are selected in object 'Object Repository/RAD_Pages/PaymentEntry_Page/select_MM' 

2023-10-09 17:17:23 - [MESSAGE][PASSED] - All options with label '12' are selected in object 'Object Repository/RAD_Pages/PaymentEntry_Page/select_MM' 

2023-10-09 17:17:23 - [TEST_STEP][PASSED] - selectOptionByLabel(findTestObject(orPath_PaymentEntry + "/select_YYYY"), "2028", false): All options with label '2028' are selected in object 'Object Repository/RAD_Pages/PaymentEntry_Page/select_YYYY' 

2023-10-09 17:17:24 - [MESSAGE][PASSED] - All options with label '2028' are selected in object 'Object Repository/RAD_Pages/PaymentEntry_Page/select_YYYY' 

2023-10-09 17:17:24 - [TEST_STEP][PASSED] - click(findTestObject(orPath_PaymentEntry + "/input_Field_ccSubmit")): Object: 'Object Repository/RAD_Pages/PaymentEntry_Page/input_Field_ccSubmit' is clicked on

2023-10-09 17:17:25 - [MESSAGE][PASSED] - Object: 'Object Repository/RAD_Pages/PaymentEntry_Page/input_Field_ccSubmit' is clicked on

2023-10-09 17:17:25 - [TEST_STEP][PASSED] - click(findTestObject(orPath_PaymentConfirmation + "/input_N_confirmNotifyAction")): Object: 'Object Repository/RAD_Pages/PaymentConfirmation_Page/input_N_confirmNotifyAction' is clicked on

2023-10-09 17:17:26 - [MESSAGE][PASSED] - Object: 'Object Repository/RAD_Pages/PaymentConfirmation_Page/input_N_confirmNotifyAction' is clicked on

2023-10-09 17:17:26 - [TEST_STEP][PASSED] - verifyTextPresent("Service Fee Acceptance", true): Text 'Service Fee Acceptance' is present on page  using regular expression

2023-10-09 17:17:27 - [MESSAGE][PASSED] - Text 'Service Fee Acceptance' is present on page  using regular expression

2023-10-09 17:17:27 - [TEST_STEP][PASSED] - verifyTextPresent("This transaction is subject to a Service Fee of ", true): Text 'This transaction is subject to a Service Fee of ' is present on page  using regular expression

2023-10-09 17:17:27 - [MESSAGE][PASSED] - Text 'This transaction is subject to a Service Fee of ' is present on page  using regular expression

2023-10-09 17:17:27 - [TEST_STEP][PASSED] - verifyTextPresent("Payment Amount:", true): Text 'Payment Amount:' is present on page  using regular expression

2023-10-09 17:17:27 - [MESSAGE][PASSED] - Text 'Payment Amount:' is present on page  using regular expression

2023-10-09 17:17:27 - [TEST_STEP][PASSED] - verifyTextPresent("100.00", true): Text '100.00' is present on page  using regular expression

2023-10-09 17:17:27 - [MESSAGE][PASSED] - Text '100.00' is present on page  using regular expression

2023-10-09 17:17:27 - [TEST_STEP][PASSED] - verifyTextPresent("Service Fee:", true): Text 'Service Fee:' is present on page  using regular expression

2023-10-09 17:17:28 - [MESSAGE][PASSED] - Text 'Service Fee:' is present on page  using regular expression

2023-10-09 17:17:28 - [TEST_STEP][PASSED] - verifyTextPresent("2.45", true): Text '2.45' is present on page  using regular expression

2023-10-09 17:17:28 - [MESSAGE][PASSED] - Text '2.45' is present on page  using regular expression

2023-10-09 17:17:28 - [TEST_STEP][PASSED] - verifyTextPresent("Total Amount:", true): Text 'Total Amount:' is present on page  using regular expression

2023-10-09 17:17:28 - [MESSAGE][PASSED] - Text 'Total Amount:' is present on page  using regular expression

2023-10-09 17:17:28 - [TEST_STEP][PASSED] - verifyTextPresent("102.45", true): Text '102.45' is present on page  using regular expression

2023-10-09 17:17:28 - [MESSAGE][PASSED] - Text '102.45' is present on page  using regular expression

2023-10-09 17:17:28 - [TEST_STEP][PASSED] - verifyTextPresent("Two transactions will appear on your bank statement, one in the amount of", true): Text 'Two transactions will appear on your bank statement, one in the amount of' is present on page  using regular expression

2023-10-09 17:17:29 - [MESSAGE][PASSED] - Text 'Two transactions will appear on your bank statement, one in the amount of' is present on page  using regular expression

2023-10-09 17:17:29 - [TEST_STEP][PASSED] - if (verifyElementPresent(findTestObject(orPath_ServiceFeesAccept + "/input_convFeeNotifyAction"), 30)): null

2023-10-09 17:17:29 - [MESSAGE][PASSED] - Object 'Object Repository/RAD_Pages/ServiceFeeAccept_Page/input_convFeeNotifyAction' is present

2023-10-09 17:17:29 - [TEST_STEP][PASSED] - resText = "Pass": null

2023-10-09 17:17:29 - [TEST_STEP][PASSED] - pages.WriteExcel.demoKey(resText, datText, resColumn, datCloumn, fileLoc, nameSheet, row): pages.WriteExcel.demoKey is PASSED

2023-10-09 17:17:29 - [MESSAGE][PASSED] - pages.WriteExcel.demoKey is PASSED

2023-10-09 17:17:29 - [TEST_STEP][PASSED] - ExecuteTC = findTestData(dataFile).getValue("Execute", row): null

2023-10-09 17:17:29 - [TEST_STEP][PASSED] - TaxType = findTestData(dataFile).getValue("TaxType", row): null

2023-10-09 17:17:29 - [TEST_STEP][PASSED] - PaymentType = findTestData(dataFile).getValue("PaymentType", row): null

2023-10-09 17:17:29 - [TEST_STEP][PASSED] - FilingYear = findTestData(dataFile).getValue("Year", row): null

2023-10-09 17:17:29 - [TEST_STEP][PASSED] - if (ExecuteTC.equalsIgnoreCase("Y")): null

2023-10-09 17:17:29 - [TEST_STEP][PASSED] - out.println("Begin Record Number: " + row): null

2023-10-09 17:17:29 - [TEST_STEP][PASSED] - today = new java.util.Date(): null

2023-10-09 17:17:29 - [TEST_STEP][PASSED] - println(today): null

2023-10-09 17:17:29 - [TEST_STEP][PASSED] - datText = today: null

2023-10-09 17:17:29 - [TEST_STEP][PASSED] - logInfo("Payment Type: " + PaymentType): Payment Type: Extension Payments

2023-10-09 17:17:29 - [MESSAGE][INFO] - Payment Type: Extension Payments

2023-10-09 17:17:29 - [TEST_STEP][PASSED] - logInfo("Tax Type: " + TaxType): Tax Type: Personal Income Tax

2023-10-09 17:17:29 - [MESSAGE][INFO] - Tax Type: Personal Income Tax

2023-10-09 17:17:29 - [TEST_STEP][PASSED] - openBrowser(""): Browser is opened with url: ''

2023-10-09 17:17:29 - [MESSAGE][WARNING] - A browser is already opened. Closing browser and opening a new one

2023-10-09 17:17:30 - [MESSAGE][INFO] - Starting 'Chrome' driver

2023-10-09 17:17:30 - [MESSAGE][INFO] - User set preference: ['acceptInsecureCerts', 'true']

2023-10-09 17:17:30 - [MESSAGE][INFO] - Action delay is set to 0 milliseconds

2023-10-09 17:17:32 - [MESSAGE][PASSED] - Browser is opened with url: ''

2023-10-09 17:17:32 - [TEST_STEP][PASSED] - maximizeWindow(): Current window maximized

2023-10-09 17:17:32 - [MESSAGE][PASSED] - Current window maximized

2023-10-09 17:17:32 - [TEST_STEP][PASSED] - navigateToUrl(RADurl): Navigate to 'https://qa2.velocitypayment.com/client/rad/index.html' successfully

2023-10-09 17:17:34 - [MESSAGE][PASSED] - Navigate to 'https://qa2.velocitypayment.com/client/rad/index.html' successfully

2023-10-09 17:17:34 - [TEST_STEP][PASSED] - selectOptionByLabel(findTestObject(orPath_Landing + "/dd_TaxType"), PaymentType, false): All options with label 'Extension Payments' are selected in object 'Object Repository/RAD_Pages/Landing_Page/dd_TaxType' 

2023-10-09 17:17:35 - [MESSAGE][PASSED] - All options with label 'Extension Payments' are selected in object 'Object Repository/RAD_Pages/Landing_Page/dd_TaxType' 

2023-10-09 17:17:35 - [TEST_STEP][PASSED] - switch (PaymentType): null

2023-10-09 17:17:35 - [TEST_STEP][PASSED] - case "Extension Payments":: null

2023-10-09 17:17:35 - [TEST_STEP][PASSED] - selectOptionByLabel(findTestObject(orPath_TaxTypeFilingYear + "/select_PaymentType"), TaxType, false): All options with label 'Personal Income Tax' are selected in object 'Object Repository/RAD_Pages/TaxTypeFilingYear_Page/select_PaymentType' 

2023-10-09 17:17:35 - [MESSAGE][PASSED] - All options with label 'Personal Income Tax' are selected in object 'Object Repository/RAD_Pages/TaxTypeFilingYear_Page/select_PaymentType' 

2023-10-09 17:17:35 - [TEST_STEP][PASSED] - break: null

2023-10-09 17:17:35 - [TEST_STEP][PASSED] - if (!(FilingYear.isEmpty())): All options with label '2022' are selected in object 'Object Repository/RAD_Pages/TaxTypeFilingYear_Page/select_FilingYear' 

2023-10-09 17:17:35 - [TEST_STEP][PASSED] - selectOptionByLabel(findTestObject(orPath_TaxTypeFilingYear + "/select_FilingYear"), FilingYear, false): All options with label '2022' are selected in object 'Object Repository/RAD_Pages/TaxTypeFilingYear_Page/select_FilingYear' 

2023-10-09 17:17:36 - [MESSAGE][PASSED] - All options with label '2022' are selected in object 'Object Repository/RAD_Pages/TaxTypeFilingYear_Page/select_FilingYear' 

2023-10-09 17:17:36 - [TEST_STEP][PASSED] - rad.getSetDataRAD.setDataRADssnAndName(): rad.getSetDataRAD.setDataRADssnAndName is PASSED

2023-10-09 17:17:37 - [MESSAGE][PASSED] - Text 'Jimmy' is set on object 'Object Repository/RAD_Pages/Taxpayer_Page/input_firstName'

2023-10-09 17:17:38 - [MESSAGE][PASSED] - Text 'Anderson' is set on object 'Object Repository/RAD_Pages/Taxpayer_Page/input_lastName'

2023-10-09 17:17:39 - [MESSAGE][PASSED] - Text '123451234' is set on object 'Object Repository/RAD_RecordAndPlay/input_concatSSN'

2023-10-09 17:17:40 - [MESSAGE][PASSED] - Text '123451234' is set on object 'Object Repository/RAD_RecordAndPlay/input_concatReSSN'

2023-10-09 17:17:40 - [MESSAGE][PASSED] - rad.getSetDataRAD.setDataRADssnAndName is PASSED

2023-10-09 17:17:40 - [TEST_STEP][PASSED] - rad.getSetDataRAD.setDataRADAddress(): rad.getSetDataRAD.setDataRADAddress is PASSED

2023-10-09 17:17:40 - [MESSAGE][PASSED] - All options with label 'United States' are selected in object 'Object Repository/RAD_Pages/AddressAndContactInfo_Page/select_Country' 

2023-10-09 17:17:41 - [MESSAGE][PASSED] - Text '2508 Mandan Terrace' is set on object 'Object Repository/RAD_Pages/AddressAndContactInfo_Page/input_streetAddress1'

2023-10-09 17:17:42 - [MESSAGE][PASSED] - Text '' is set on object 'Object Repository/RAD_Pages/AddressAndContactInfo_Page/input_streetAddress2'

2023-10-09 17:17:43 - [MESSAGE][PASSED] - Text 'Gambrills' is set on object 'Object Repository/RAD_Pages/AddressAndContactInfo_Page/input_city'

2023-10-09 17:17:43 - [MESSAGE][PASSED] - All options with label 'Maryland' are selected in object 'Object Repository/RAD_Pages/AddressAndContactInfo_Page/select_State' 

2023-10-09 17:17:44 - [MESSAGE][PASSED] - Text '21054' is set on object 'Object Repository/RAD_Pages/AddressAndContactInfo_Page/input_zipCode'

2023-10-09 17:17:45 - [MESSAGE][PASSED] - Text '(703) 894-5000' is set on object 'Object Repository/RAD_Pages/AddressAndContactInfo_Page/input_phoneNumber'

2023-10-09 17:17:46 - [MESSAGE][PASSED] - Text 'iahmed@govolution.com' is set on object 'Object Repository/RAD_Pages/AddressAndContactInfo_Page/input_eMailAddress'

2023-10-09 17:17:47 - [MESSAGE][PASSED] - Text 'iahmed@govolution.com' is set on object 'Object Repository/RAD_Pages/AddressAndContactInfo_Page/input_reEnterEMailAddress'

2023-10-09 17:17:47 - [MESSAGE][PASSED] - rad.getSetDataRAD.setDataRADAddress is PASSED

2023-10-09 17:17:47 - [TEST_STEP][PASSED] - scrollToElement(findTestObject(orPath_Landing + "/button_Continue"), 3): Scroll to object 'Object Repository/RAD_Pages/Landing_Page/button_Continue' successfully

2023-10-09 17:17:47 - [MESSAGE][PASSED] - Scroll to object 'Object Repository/RAD_Pages/Landing_Page/button_Continue' successfully

2023-10-09 17:17:47 - [TEST_STEP][PASSED] - waitForElementClickable(findTestObject(orPath_FilingStatus + "/input_JointFiling_userType_New"), 5): Object 'Object Repository/RAD_Pages/FilingStatus_Page/input_JointFiling_userType_New' is clickable

2023-10-09 17:17:47 - [MESSAGE][PASSED] - Object 'Object Repository/RAD_Pages/FilingStatus_Page/input_JointFiling_userType_New' is clickable

2023-10-09 17:17:47 - [TEST_STEP][PASSED] - check(findTestObject(orPath_FilingStatus + "/input_JointFiling_userType_New")): Object 'Object Repository/RAD_Pages/FilingStatus_Page/input_JointFiling_userType_New' is checked

2023-10-09 17:17:48 - [MESSAGE][PASSED] - Object 'Object Repository/RAD_Pages/FilingStatus_Page/input_JointFiling_userType_New' is checked

2023-10-09 17:17:48 - [TEST_STEP][PASSED] - delay(2): Delayed 2 second(s)

2023-10-09 17:17:50 - [MESSAGE][PASSED] - Delayed 2 second(s)

2023-10-09 17:17:50 - [TEST_STEP][PASSED] - rad.getSetDataRAD.setDataRADssnAndNameJointFiler(): rad.getSetDataRAD.setDataRADssnAndNameJointFiler is PASSED

2023-10-09 17:17:51 - [MESSAGE][PASSED] - Text 'Larsons' is set on object 'Object Repository/RAD_Pages/FilingStatus_Page/input_jointFirstName'

2023-10-09 17:17:51 - [MESSAGE][PASSED] - Text 'Bell' is set on object 'Object Repository/RAD_Pages/FilingStatus_Page/input_jointLastName'

2023-10-09 17:17:52 - [MESSAGE][PASSED] - Text '123459630' is set on object 'Object Repository/RAD_RecordAndPlay/input_JointFilerSSN'

2023-10-09 17:17:52 - [MESSAGE][PASSED] - Text '123459630' is set on object 'Object Repository/RAD_RecordAndPlay/input_reTypeJointFilerSSN'

2023-10-09 17:17:52 - [MESSAGE][PASSED] - rad.getSetDataRAD.setDataRADssnAndNameJointFiler is PASSED

2023-10-09 17:17:52 - [TEST_STEP][PASSED] - setText(findTestObject(orPath_Amount + "/input__paymentAmount"), "100.00"): Text '100.00' is set on object 'Object Repository/RAD_Pages/PaymentAmount_Page/input__paymentAmount'

2023-10-09 17:17:53 - [MESSAGE][PASSED] - Text '100.00' is set on object 'Object Repository/RAD_Pages/PaymentAmount_Page/input__paymentAmount'

2023-10-09 17:17:53 - [TEST_STEP][PASSED] - setText(findTestObject(orPath_AddressContact + "/input_streetAddress2"), ""): Text '' is set on object 'Object Repository/RAD_Pages/AddressAndContactInfo_Page/input_streetAddress2'

2023-10-09 17:17:54 - [MESSAGE][PASSED] - Text '' is set on object 'Object Repository/RAD_Pages/AddressAndContactInfo_Page/input_streetAddress2'

2023-10-09 17:17:54 - [TEST_STEP][PASSED] - scrollToElement(findTestObject(orPath_Landing + "/button_Continue"), 3): Scroll to object 'Object Repository/RAD_Pages/Landing_Page/button_Continue' successfully

2023-10-09 17:17:54 - [MESSAGE][PASSED] - Scroll to object 'Object Repository/RAD_Pages/Landing_Page/button_Continue' successfully

2023-10-09 17:17:54 - [TEST_STEP][PASSED] - waitForElementClickable(findTestObject(orPath_Landing + "/button_Continue"), 5): Object 'Object Repository/RAD_Pages/Landing_Page/button_Continue' is clickable

2023-10-09 17:17:55 - [MESSAGE][PASSED] - Object 'Object Repository/RAD_Pages/Landing_Page/button_Continue' is clickable

2023-10-09 17:17:55 - [TEST_STEP][PASSED] - click(findTestObject(orPath_Landing + "/button_Continue")): Object: 'Object Repository/RAD_Pages/Landing_Page/button_Continue' is clicked on

2023-10-09 17:17:55 - [MESSAGE][PASSED] - Object: 'Object Repository/RAD_Pages/Landing_Page/button_Continue' is clicked on

2023-10-09 17:17:55 - [TEST_STEP][PASSED] - delay(2): Delayed 2 second(s)

2023-10-09 17:17:57 - [MESSAGE][PASSED] - Delayed 2 second(s)

2023-10-09 17:17:57 - [TEST_STEP][PASSED] - click(findTestObject(orPath_Summary + "/button_Proceed to Payment")): Object: 'Object Repository/RAD_Pages/Summary_Page/button_Proceed to Payment' is clicked on

2023-10-09 17:17:59 - [MESSAGE][PASSED] - Object: 'Object Repository/RAD_Pages/Summary_Page/button_Proceed to Payment' is clicked on

2023-10-09 17:17:59 - [TEST_STEP][PASSED] - if (verifyElementPresent(findTestObject("Object Repository/RAD_Pages/PaymentEntry_Page/input__billingName"), 30)): null

2023-10-09 17:17:59 - [MESSAGE][PASSED] - Object 'Object Repository/RAD_Pages/PaymentEntry_Page/input__billingName' is present

2023-10-09 17:17:59 - [TEST_STEP][PASSED] - verifyTextPresent("Comptroller of Maryland", true): Text 'Comptroller of Maryland' is present on page  using regular expression

2023-10-09 17:18:00 - [MESSAGE][PASSED] - Text 'Comptroller of Maryland' is present on page  using regular expression

2023-10-09 17:18:00 - [TEST_STEP][PASSED] - verifyTextPresent("Payment Information", true): Text 'Payment Information' is present on page  using regular expression

2023-10-09 17:18:00 - [MESSAGE][PASSED] - Text 'Payment Information' is present on page  using regular expression

2023-10-09 17:18:00 - [TEST_STEP][PASSED] - card_Name = getAttribute(findTestObject("Object Repository/RAD_Pages/PaymentEntry_Page/input__billingName"), "value"): Attribute 'value' of object 'Object Repository/RAD_Pages/PaymentEntry_Page/input__billingName' is: 'Jimmy Anderson'

2023-10-09 17:18:00 - [MESSAGE][PASSED] - Attribute 'value' of object 'Object Repository/RAD_Pages/PaymentEntry_Page/input__billingName' is: 'Jimmy Anderson'

2023-10-09 17:18:00 - [TEST_STEP][PASSED] - switch (executionProfile): null

2023-10-09 17:18:00 - [TEST_STEP][PASSED] - case "QA2Profile":: null

2023-10-09 17:18:00 - [TEST_STEP][PASSED] - verifyMatch("Jimmy Anderson", card_Name, false): Actual text 'Jimmy Anderson' and expected text 'Jimmy Anderson' are matched 

2023-10-09 17:18:00 - [MESSAGE][PASSED] - Actual text 'Jimmy Anderson' and expected text 'Jimmy Anderson' are matched 

2023-10-09 17:18:00 - [TEST_STEP][PASSED] - break: null

2023-10-09 17:18:00 - [TEST_STEP][PASSED] - AL1 = getAttribute(findTestObject("Object Repository/RAD_Pages/PaymentEntry_Page/input_billingAddress"), "value"): Attribute 'value' of object 'Object Repository/RAD_Pages/PaymentEntry_Page/input_billingAddress' is: '2508 Mandan Terrace'

2023-10-09 17:18:01 - [MESSAGE][PASSED] - Attribute 'value' of object 'Object Repository/RAD_Pages/PaymentEntry_Page/input_billingAddress' is: '2508 Mandan Terrace'

2023-10-09 17:18:01 - [TEST_STEP][PASSED] - verifyMatch("2508 Mandan Terrace", AL1, false): Actual text '2508 Mandan Terrace' and expected text '2508 Mandan Terrace' are matched 

2023-10-09 17:18:01 - [MESSAGE][PASSED] - Actual text '2508 Mandan Terrace' and expected text '2508 Mandan Terrace' are matched 

2023-10-09 17:18:01 - [TEST_STEP][PASSED] - AL2 = getAttribute(findTestObject("Object Repository/RAD_Pages/PaymentEntry_Page/input_billingAddress2"), "value"): Attribute 'value' of object 'Object Repository/RAD_Pages/PaymentEntry_Page/input_billingAddress2' is: ''

2023-10-09 17:18:01 - [MESSAGE][PASSED] - Attribute 'value' of object 'Object Repository/RAD_Pages/PaymentEntry_Page/input_billingAddress2' is: ''

2023-10-09 17:18:01 - [TEST_STEP][PASSED] - verifyMatch("", AL2, false): Actual text '' and expected text '' are matched 

2023-10-09 17:18:01 - [MESSAGE][PASSED] - Actual text '' and expected text '' are matched 

2023-10-09 17:18:01 - [TEST_STEP][PASSED] - zipCode = getAttribute(findTestObject("Object Repository/RAD_Pages/PaymentEntry_Page/input_billingZip"), "value"): Attribute 'value' of object 'Object Repository/RAD_Pages/PaymentEntry_Page/input_billingZip' is: '21054'

2023-10-09 17:18:01 - [MESSAGE][PASSED] - Attribute 'value' of object 'Object Repository/RAD_Pages/PaymentEntry_Page/input_billingZip' is: '21054'

2023-10-09 17:18:01 - [TEST_STEP][PASSED] - verifyMatch("21054", zipCode, false): Actual text '21054' and expected text '21054' are matched 

2023-10-09 17:18:01 - [MESSAGE][PASSED] - Actual text '21054' and expected text '21054' are matched 

2023-10-09 17:18:01 - [TEST_STEP][PASSED] - city = getAttribute(findTestObject("Object Repository/RAD_Pages/PaymentEntry_Page/input_billingCity"), "value"): Attribute 'value' of object 'Object Repository/RAD_Pages/PaymentEntry_Page/input_billingCity' is: 'GAMBRILLS'

2023-10-09 17:18:01 - [MESSAGE][PASSED] - Attribute 'value' of object 'Object Repository/RAD_Pages/PaymentEntry_Page/input_billingCity' is: 'GAMBRILLS'

2023-10-09 17:18:01 - [TEST_STEP][PASSED] - verifyMatch("GAMBRILLS", city, false): Actual text 'GAMBRILLS' and expected text 'GAMBRILLS' are matched 

2023-10-09 17:18:01 - [MESSAGE][PASSED] - Actual text 'GAMBRILLS' and expected text 'GAMBRILLS' are matched 

2023-10-09 17:18:01 - [TEST_STEP][PASSED] - email = getAttribute(findTestObject("Object Repository/RAD_Pages/PaymentEntry_Page/input_emailAddress"), "value"): Attribute 'value' of object 'Object Repository/RAD_Pages/PaymentEntry_Page/input_emailAddress' is: 'iahmed@govolution.com'

2023-10-09 17:18:02 - [MESSAGE][PASSED] - Attribute 'value' of object 'Object Repository/RAD_Pages/PaymentEntry_Page/input_emailAddress' is: 'iahmed@govolution.com'

2023-10-09 17:18:02 - [TEST_STEP][PASSED] - verifyMatch("iahmed@govolution.com", email, false): Actual text 'iahmed@govolution.com' and expected text 'iahmed@govolution.com' are matched 

2023-10-09 17:18:02 - [MESSAGE][PASSED] - Actual text 'iahmed@govolution.com' and expected text 'iahmed@govolution.com' are matched 

2023-10-09 17:18:02 - [TEST_STEP][PASSED] - amount = getAttribute(findTestObject("Object Repository/RAD_Pages/PaymentEntry_Page/input_amount"), "value"): Attribute 'value' of object 'Object Repository/RAD_Pages/PaymentEntry_Page/input_amount' is: '100.00'

2023-10-09 17:18:02 - [MESSAGE][PASSED] - Attribute 'value' of object 'Object Repository/RAD_Pages/PaymentEntry_Page/input_amount' is: '100.00'

2023-10-09 17:18:02 - [TEST_STEP][PASSED] - verifyMatch("100.00", amount, false): Actual text '100.00' and expected text '100.00' are matched 

2023-10-09 17:18:02 - [MESSAGE][PASSED] - Actual text '100.00' and expected text '100.00' are matched 

2023-10-09 17:18:02 - [TEST_STEP][PASSED] - amountReadOnly = getAttribute(findTestObject("Object Repository/RAD_Pages/PaymentEntry_Page/input_amount"), "readonly"): Attribute 'readonly' of object 'Object Repository/RAD_Pages/PaymentEntry_Page/input_amount' is: 'true'

2023-10-09 17:18:02 - [MESSAGE][PASSED] - Attribute 'readonly' of object 'Object Repository/RAD_Pages/PaymentEntry_Page/input_amount' is: 'true'

2023-10-09 17:18:02 - [TEST_STEP][PASSED] - verifyMatch("true", amountReadOnly, false): Actual text 'true' and expected text 'true' are matched 

2023-10-09 17:18:02 - [MESSAGE][PASSED] - Actual text 'true' and expected text 'true' are matched 

2023-10-09 17:18:02 - [TEST_STEP][PASSED] - verifyOptionSelectedByLabel(findTestObject("Object Repository/RAD_Pages/PaymentEntry_Page/select_Country"), "United States", false, 20): All options with label 'United States' are selected in object 'Object Repository/RAD_Pages/PaymentEntry_Page/select_Country' 

2023-10-09 17:18:03 - [MESSAGE][PASSED] - All options with label 'United States' are selected in object 'Object Repository/RAD_Pages/PaymentEntry_Page/select_Country' 

2023-10-09 17:18:03 - [TEST_STEP][PASSED] - verifyOptionSelectedByLabel(findTestObject("Object Repository/RAD_Pages/PaymentEntry_Page/select_State"), "Maryland", false, 20): All options with label 'Maryland' are selected in object 'Object Repository/RAD_Pages/PaymentEntry_Page/select_State' 

2023-10-09 17:18:06 - [MESSAGE][PASSED] - All options with label 'Maryland' are selected in object 'Object Repository/RAD_Pages/PaymentEntry_Page/select_State' 

2023-10-09 17:18:06 - [TEST_STEP][PASSED] - setText(findTestObject(orPath_PaymentEntry + "/input__cardNumber"), "4111111111111111"): Text '4111111111111111' is set on object 'Object Repository/RAD_Pages/PaymentEntry_Page/input__cardNumber'

2023-10-09 17:18:07 - [MESSAGE][PASSED] - Text '4111111111111111' is set on object 'Object Repository/RAD_Pages/PaymentEntry_Page/input__cardNumber'

2023-10-09 17:18:07 - [TEST_STEP][PASSED] - setText(findTestObject(orPath_PaymentEntry + "/input__spc"), "123"): Text '123' is set on object 'Object Repository/RAD_Pages/PaymentEntry_Page/input__spc'

2023-10-09 17:18:07 - [MESSAGE][PASSED] - Text '123' is set on object 'Object Repository/RAD_Pages/PaymentEntry_Page/input__spc'

2023-10-09 17:18:07 - [TEST_STEP][PASSED] - selectOptionByLabel(findTestObject(orPath_PaymentEntry + "/select_MM"), "12", false): All options with label '12' are selected in object 'Object Repository/RAD_Pages/PaymentEntry_Page/select_MM' 

2023-10-09 17:18:08 - [MESSAGE][PASSED] - All options with label '12' are selected in object 'Object Repository/RAD_Pages/PaymentEntry_Page/select_MM' 

2023-10-09 17:18:08 - [TEST_STEP][PASSED] - selectOptionByLabel(findTestObject(orPath_PaymentEntry + "/select_YYYY"), "2028", false): All options with label '2028' are selected in object 'Object Repository/RAD_Pages/PaymentEntry_Page/select_YYYY' 

2023-10-09 17:18:09 - [MESSAGE][PASSED] - All options with label '2028' are selected in object 'Object Repository/RAD_Pages/PaymentEntry_Page/select_YYYY' 

2023-10-09 17:18:09 - [TEST_STEP][PASSED] - click(findTestObject(orPath_PaymentEntry + "/input_Field_ccSubmit")): Object: 'Object Repository/RAD_Pages/PaymentEntry_Page/input_Field_ccSubmit' is clicked on

2023-10-09 17:18:10 - [MESSAGE][PASSED] - Object: 'Object Repository/RAD_Pages/PaymentEntry_Page/input_Field_ccSubmit' is clicked on

2023-10-09 17:18:10 - [TEST_STEP][PASSED] - click(findTestObject(orPath_PaymentConfirmation + "/input_N_confirmNotifyAction")): Object: 'Object Repository/RAD_Pages/PaymentConfirmation_Page/input_N_confirmNotifyAction' is clicked on

2023-10-09 17:18:11 - [MESSAGE][PASSED] - Object: 'Object Repository/RAD_Pages/PaymentConfirmation_Page/input_N_confirmNotifyAction' is clicked on

2023-10-09 17:18:11 - [TEST_STEP][PASSED] - verifyTextPresent("Service Fee Acceptance", true): Text 'Service Fee Acceptance' is present on page  using regular expression

2023-10-09 17:18:11 - [MESSAGE][PASSED] - Text 'Service Fee Acceptance' is present on page  using regular expression

2023-10-09 17:18:11 - [TEST_STEP][PASSED] - verifyTextPresent("This transaction is subject to a Service Fee of ", true): Text 'This transaction is subject to a Service Fee of ' is present on page  using regular expression

2023-10-09 17:18:11 - [MESSAGE][PASSED] - Text 'This transaction is subject to a Service Fee of ' is present on page  using regular expression

2023-10-09 17:18:11 - [TEST_STEP][PASSED] - verifyTextPresent("Payment Amount:", true): Text 'Payment Amount:' is present on page  using regular expression

2023-10-09 17:18:12 - [MESSAGE][PASSED] - Text 'Payment Amount:' is present on page  using regular expression

2023-10-09 17:18:12 - [TEST_STEP][PASSED] - verifyTextPresent("100.00", true): Text '100.00' is present on page  using regular expression

2023-10-09 17:18:12 - [MESSAGE][PASSED] - Text '100.00' is present on page  using regular expression

2023-10-09 17:18:12 - [TEST_STEP][PASSED] - verifyTextPresent("Service Fee:", true): Text 'Service Fee:' is present on page  using regular expression

2023-10-09 17:18:12 - [MESSAGE][PASSED] - Text 'Service Fee:' is present on page  using regular expression

2023-10-09 17:18:12 - [TEST_STEP][PASSED] - verifyTextPresent("2.45", true): Text '2.45' is present on page  using regular expression

2023-10-09 17:18:12 - [MESSAGE][PASSED] - Text '2.45' is present on page  using regular expression

2023-10-09 17:18:12 - [TEST_STEP][PASSED] - verifyTextPresent("Total Amount:", true): Text 'Total Amount:' is present on page  using regular expression

2023-10-09 17:18:13 - [MESSAGE][PASSED] - Text 'Total Amount:' is present on page  using regular expression

2023-10-09 17:18:13 - [TEST_STEP][PASSED] - verifyTextPresent("102.45", true): Text '102.45' is present on page  using regular expression

2023-10-09 17:18:13 - [MESSAGE][PASSED] - Text '102.45' is present on page  using regular expression

2023-10-09 17:18:13 - [TEST_STEP][PASSED] - verifyTextPresent("Two transactions will appear on your bank statement, one in the amount of", true): Text 'Two transactions will appear on your bank statement, one in the amount of' is present on page  using regular expression

2023-10-09 17:18:13 - [MESSAGE][PASSED] - Text 'Two transactions will appear on your bank statement, one in the amount of' is present on page  using regular expression

2023-10-09 17:18:13 - [TEST_STEP][PASSED] - if (verifyElementPresent(findTestObject(orPath_ServiceFeesAccept + "/input_convFeeNotifyAction"), 30)): null

2023-10-09 17:18:14 - [MESSAGE][PASSED] - Object 'Object Repository/RAD_Pages/ServiceFeeAccept_Page/input_convFeeNotifyAction' is present

2023-10-09 17:18:14 - [TEST_STEP][PASSED] - resText = "Pass": null

2023-10-09 17:18:14 - [TEST_STEP][PASSED] - pages.WriteExcel.demoKey(resText, datText, resColumn, datCloumn, fileLoc, nameSheet, row): pages.WriteExcel.demoKey is PASSED

2023-10-09 17:18:14 - [MESSAGE][PASSED] - pages.WriteExcel.demoKey is PASSED

2023-10-09 17:18:14 - [TEST_STEP][PASSED] - ExecuteTC = findTestData(dataFile).getValue("Execute", row): null

2023-10-09 17:18:14 - [TEST_STEP][PASSED] - TaxType = findTestData(dataFile).getValue("TaxType", row): null

2023-10-09 17:18:14 - [TEST_STEP][PASSED] - PaymentType = findTestData(dataFile).getValue("PaymentType", row): null

2023-10-09 17:18:14 - [TEST_STEP][PASSED] - FilingYear = findTestData(dataFile).getValue("Year", row): null

2023-10-09 17:18:14 - [TEST_STEP][PASSED] - if (ExecuteTC.equalsIgnoreCase("Y")): null

2023-10-09 17:18:14 - [TEST_STEP][PASSED] - out.println("Begin Record Number: " + row): null

2023-10-09 17:18:14 - [TEST_STEP][PASSED] - today = new java.util.Date(): null

2023-10-09 17:18:14 - [TEST_STEP][PASSED] - println(today): null

2023-10-09 17:18:14 - [TEST_STEP][PASSED] - datText = today: null

2023-10-09 17:18:14 - [TEST_STEP][PASSED] - logInfo("Payment Type: " + PaymentType): Payment Type: New Tax Return Amount Due

2023-10-09 17:18:14 - [MESSAGE][INFO] - Payment Type: New Tax Return Amount Due

2023-10-09 17:18:14 - [TEST_STEP][PASSED] - logInfo("Tax Type: " + TaxType): Tax Type: Personal Income Tax

2023-10-09 17:18:14 - [MESSAGE][INFO] - Tax Type: Personal Income Tax

2023-10-09 17:18:14 - [TEST_STEP][PASSED] - openBrowser(""): Browser is opened with url: ''

2023-10-09 17:18:14 - [MESSAGE][WARNING] - A browser is already opened. Closing browser and opening a new one

2023-10-09 17:18:15 - [MESSAGE][INFO] - Starting 'Chrome' driver

2023-10-09 17:18:15 - [MESSAGE][INFO] - User set preference: ['acceptInsecureCerts', 'true']

2023-10-09 17:18:15 - [MESSAGE][INFO] - Action delay is set to 0 milliseconds

2023-10-09 17:18:16 - [MESSAGE][PASSED] - Browser is opened with url: ''

2023-10-09 17:18:16 - [TEST_STEP][PASSED] - maximizeWindow(): Current window maximized

2023-10-09 17:18:17 - [MESSAGE][PASSED] - Current window maximized

2023-10-09 17:18:17 - [TEST_STEP][PASSED] - navigateToUrl(RADurl): Navigate to 'https://qa2.velocitypayment.com/client/rad/index.html' successfully

2023-10-09 17:18:18 - [MESSAGE][PASSED] - Navigate to 'https://qa2.velocitypayment.com/client/rad/index.html' successfully

2023-10-09 17:18:18 - [TEST_STEP][PASSED] - selectOptionByLabel(findTestObject(orPath_Landing + "/dd_TaxType"), PaymentType, false): All options with label 'New Tax Return Amount Due' are selected in object 'Object Repository/RAD_Pages/Landing_Page/dd_TaxType' 

2023-10-09 17:18:19 - [MESSAGE][PASSED] - All options with label 'New Tax Return Amount Due' are selected in object 'Object Repository/RAD_Pages/Landing_Page/dd_TaxType' 

2023-10-09 17:18:19 - [TEST_STEP][PASSED] - switch (PaymentType): null

2023-10-09 17:18:19 - [TEST_STEP][PASSED] - case "New Tax Return Amount Due":: null

2023-10-09 17:18:19 - [TEST_STEP][PASSED] - selectOptionByLabel(findTestObject("Object Repository/RAD_Pages/Landing_Page/select_NewTaxReturnAmountDue_TaxType"), TaxType, false): All options with label 'Personal Income Tax' are selected in object 'Object Repository/RAD_Pages/Landing_Page/select_NewTaxReturnAmountDue_TaxType' 

2023-10-09 17:18:20 - [MESSAGE][PASSED] - All options with label 'Personal Income Tax' are selected in object 'Object Repository/RAD_Pages/Landing_Page/select_NewTaxReturnAmountDue_TaxType' 

2023-10-09 17:18:20 - [TEST_STEP][PASSED] - break: null

2023-10-09 17:18:20 - [TEST_STEP][PASSED] - if (!(FilingYear.isEmpty())): All options with label '2022' are selected in object 'Object Repository/RAD_Pages/TaxTypeFilingYear_Page/select_FilingYear' 

2023-10-09 17:18:20 - [TEST_STEP][PASSED] - selectOptionByLabel(findTestObject(orPath_TaxTypeFilingYear + "/select_FilingYear"), FilingYear, false): All options with label '2022' are selected in object 'Object Repository/RAD_Pages/TaxTypeFilingYear_Page/select_FilingYear' 

2023-10-09 17:18:20 - [MESSAGE][PASSED] - All options with label '2022' are selected in object 'Object Repository/RAD_Pages/TaxTypeFilingYear_Page/select_FilingYear' 

2023-10-09 17:18:20 - [TEST_STEP][PASSED] - rad.getSetDataRAD.setDataRADssnAndName(): rad.getSetDataRAD.setDataRADssnAndName is PASSED

2023-10-09 17:18:21 - [MESSAGE][PASSED] - Text 'Jimmy' is set on object 'Object Repository/RAD_Pages/Taxpayer_Page/input_firstName'

2023-10-09 17:18:23 - [MESSAGE][PASSED] - Text 'Anderson' is set on object 'Object Repository/RAD_Pages/Taxpayer_Page/input_lastName'

2023-10-09 17:18:23 - [MESSAGE][PASSED] - Text '123451234' is set on object 'Object Repository/RAD_RecordAndPlay/input_concatSSN'

2023-10-09 17:18:24 - [MESSAGE][PASSED] - Text '123451234' is set on object 'Object Repository/RAD_RecordAndPlay/input_concatReSSN'

2023-10-09 17:18:24 - [MESSAGE][PASSED] - rad.getSetDataRAD.setDataRADssnAndName is PASSED

2023-10-09 17:18:24 - [TEST_STEP][PASSED] - rad.getSetDataRAD.setDataRADAddress(): rad.getSetDataRAD.setDataRADAddress is PASSED

2023-10-09 17:18:25 - [MESSAGE][PASSED] - All options with label 'United States' are selected in object 'Object Repository/RAD_Pages/AddressAndContactInfo_Page/select_Country' 

2023-10-09 17:18:26 - [MESSAGE][PASSED] - Text '2508 Mandan Terrace' is set on object 'Object Repository/RAD_Pages/AddressAndContactInfo_Page/input_streetAddress1'

2023-10-09 17:18:27 - [MESSAGE][PASSED] - Text '' is set on object 'Object Repository/RAD_Pages/AddressAndContactInfo_Page/input_streetAddress2'

2023-10-09 17:18:27 - [MESSAGE][PASSED] - Text 'Gambrills' is set on object 'Object Repository/RAD_Pages/AddressAndContactInfo_Page/input_city'

2023-10-09 17:18:28 - [MESSAGE][PASSED] - All options with label 'Maryland' are selected in object 'Object Repository/RAD_Pages/AddressAndContactInfo_Page/select_State' 

2023-10-09 17:18:29 - [MESSAGE][PASSED] - Text '21054' is set on object 'Object Repository/RAD_Pages/AddressAndContactInfo_Page/input_zipCode'

2023-10-09 17:18:30 - [MESSAGE][PASSED] - Text '(703) 894-5000' is set on object 'Object Repository/RAD_Pages/AddressAndContactInfo_Page/input_phoneNumber'

2023-10-09 17:18:30 - [MESSAGE][PASSED] - Text 'iahmed@govolution.com' is set on object 'Object Repository/RAD_Pages/AddressAndContactInfo_Page/input_eMailAddress'

2023-10-09 17:18:31 - [MESSAGE][PASSED] - Text 'iahmed@govolution.com' is set on object 'Object Repository/RAD_Pages/AddressAndContactInfo_Page/input_reEnterEMailAddress'

2023-10-09 17:18:31 - [MESSAGE][PASSED] - rad.getSetDataRAD.setDataRADAddress is PASSED

2023-10-09 17:18:31 - [TEST_STEP][PASSED] - scrollToElement(findTestObject(orPath_Landing + "/button_Continue"), 3): Scroll to object 'Object Repository/RAD_Pages/Landing_Page/button_Continue' successfully

2023-10-09 17:18:32 - [MESSAGE][PASSED] - Scroll to object 'Object Repository/RAD_Pages/Landing_Page/button_Continue' successfully

2023-10-09 17:18:32 - [TEST_STEP][PASSED] - waitForElementClickable(findTestObject(orPath_FilingStatus + "/input_JointFiling_userType_New"), 5): Object 'Object Repository/RAD_Pages/FilingStatus_Page/input_JointFiling_userType_New' is clickable

2023-10-09 17:18:32 - [MESSAGE][PASSED] - Object 'Object Repository/RAD_Pages/FilingStatus_Page/input_JointFiling_userType_New' is clickable

2023-10-09 17:18:32 - [TEST_STEP][PASSED] - check(findTestObject(orPath_FilingStatus + "/input_JointFiling_userType_New")): Object 'Object Repository/RAD_Pages/FilingStatus_Page/input_JointFiling_userType_New' is checked

2023-10-09 17:18:32 - [MESSAGE][PASSED] - Object 'Object Repository/RAD_Pages/FilingStatus_Page/input_JointFiling_userType_New' is checked

2023-10-09 17:18:32 - [TEST_STEP][PASSED] - delay(2): Delayed 2 second(s)

2023-10-09 17:18:34 - [MESSAGE][PASSED] - Delayed 2 second(s)

2023-10-09 17:18:34 - [TEST_STEP][PASSED] - rad.getSetDataRAD.setDataRADssnAndNameJointFiler(): rad.getSetDataRAD.setDataRADssnAndNameJointFiler is PASSED

2023-10-09 17:18:35 - [MESSAGE][PASSED] - Text 'Larsons' is set on object 'Object Repository/RAD_Pages/FilingStatus_Page/input_jointFirstName'

2023-10-09 17:18:36 - [MESSAGE][PASSED] - Text 'Bell' is set on object 'Object Repository/RAD_Pages/FilingStatus_Page/input_jointLastName'

2023-10-09 17:18:37 - [MESSAGE][PASSED] - Text '123459630' is set on object 'Object Repository/RAD_RecordAndPlay/input_JointFilerSSN'

2023-10-09 17:18:37 - [MESSAGE][PASSED] - Text '123459630' is set on object 'Object Repository/RAD_RecordAndPlay/input_reTypeJointFilerSSN'

2023-10-09 17:18:37 - [MESSAGE][PASSED] - rad.getSetDataRAD.setDataRADssnAndNameJointFiler is PASSED

2023-10-09 17:18:37 - [TEST_STEP][PASSED] - setText(findTestObject(orPath_Amount + "/input__paymentAmount"), "100.00"): Text '100.00' is set on object 'Object Repository/RAD_Pages/PaymentAmount_Page/input__paymentAmount'

2023-10-09 17:18:38 - [MESSAGE][PASSED] - Text '100.00' is set on object 'Object Repository/RAD_Pages/PaymentAmount_Page/input__paymentAmount'

2023-10-09 17:18:38 - [TEST_STEP][PASSED] - setText(findTestObject(orPath_AddressContact + "/input_streetAddress2"), ""): Text '' is set on object 'Object Repository/RAD_Pages/AddressAndContactInfo_Page/input_streetAddress2'

2023-10-09 17:18:39 - [MESSAGE][PASSED] - Text '' is set on object 'Object Repository/RAD_Pages/AddressAndContactInfo_Page/input_streetAddress2'

2023-10-09 17:18:39 - [TEST_STEP][PASSED] - scrollToElement(findTestObject(orPath_Landing + "/button_Continue"), 3): Scroll to object 'Object Repository/RAD_Pages/Landing_Page/button_Continue' successfully

2023-10-09 17:18:39 - [MESSAGE][PASSED] - Scroll to object 'Object Repository/RAD_Pages/Landing_Page/button_Continue' successfully

2023-10-09 17:18:39 - [TEST_STEP][PASSED] - waitForElementClickable(findTestObject(orPath_Landing + "/button_Continue"), 5): Object 'Object Repository/RAD_Pages/Landing_Page/button_Continue' is clickable

2023-10-09 17:18:40 - [MESSAGE][PASSED] - Object 'Object Repository/RAD_Pages/Landing_Page/button_Continue' is clickable

2023-10-09 17:18:40 - [TEST_STEP][PASSED] - click(findTestObject(orPath_Landing + "/button_Continue")): Object: 'Object Repository/RAD_Pages/Landing_Page/button_Continue' is clicked on

2023-10-09 17:18:40 - [MESSAGE][PASSED] - Object: 'Object Repository/RAD_Pages/Landing_Page/button_Continue' is clicked on

2023-10-09 17:18:40 - [TEST_STEP][PASSED] - delay(2): Delayed 2 second(s)

2023-10-09 17:18:42 - [MESSAGE][PASSED] - Delayed 2 second(s)

2023-10-09 17:18:42 - [TEST_STEP][PASSED] - click(findTestObject(orPath_Summary + "/button_Proceed to Payment")): Object: 'Object Repository/RAD_Pages/Summary_Page/button_Proceed to Payment' is clicked on

2023-10-09 17:18:44 - [MESSAGE][PASSED] - Object: 'Object Repository/RAD_Pages/Summary_Page/button_Proceed to Payment' is clicked on

2023-10-09 17:18:44 - [TEST_STEP][PASSED] - if (verifyElementPresent(findTestObject("Object Repository/RAD_Pages/PaymentEntry_Page/input__billingName"), 30)): null

2023-10-09 17:18:44 - [MESSAGE][PASSED] - Object 'Object Repository/RAD_Pages/PaymentEntry_Page/input__billingName' is present

2023-10-09 17:18:44 - [TEST_STEP][PASSED] - verifyTextPresent("Comptroller of Maryland", true): Text 'Comptroller of Maryland' is present on page  using regular expression

2023-10-09 17:18:44 - [MESSAGE][PASSED] - Text 'Comptroller of Maryland' is present on page  using regular expression

2023-10-09 17:18:44 - [TEST_STEP][PASSED] - verifyTextPresent("Payment Information", true): Text 'Payment Information' is present on page  using regular expression

2023-10-09 17:18:45 - [MESSAGE][PASSED] - Text 'Payment Information' is present on page  using regular expression

2023-10-09 17:18:45 - [TEST_STEP][PASSED] - card_Name = getAttribute(findTestObject("Object Repository/RAD_Pages/PaymentEntry_Page/input__billingName"), "value"): Attribute 'value' of object 'Object Repository/RAD_Pages/PaymentEntry_Page/input__billingName' is: 'Jimmy Anderson'

2023-10-09 17:18:45 - [MESSAGE][PASSED] - Attribute 'value' of object 'Object Repository/RAD_Pages/PaymentEntry_Page/input__billingName' is: 'Jimmy Anderson'

2023-10-09 17:18:45 - [TEST_STEP][PASSED] - switch (executionProfile): null

2023-10-09 17:18:45 - [TEST_STEP][PASSED] - case "QA2Profile":: null

2023-10-09 17:18:45 - [TEST_STEP][PASSED] - verifyMatch("Jimmy Anderson", card_Name, false): Actual text 'Jimmy Anderson' and expected text 'Jimmy Anderson' are matched 

2023-10-09 17:18:45 - [MESSAGE][PASSED] - Actual text 'Jimmy Anderson' and expected text 'Jimmy Anderson' are matched 

2023-10-09 17:18:45 - [TEST_STEP][PASSED] - break: null

2023-10-09 17:18:45 - [TEST_STEP][PASSED] - AL1 = getAttribute(findTestObject("Object Repository/RAD_Pages/PaymentEntry_Page/input_billingAddress"), "value"): Attribute 'value' of object 'Object Repository/RAD_Pages/PaymentEntry_Page/input_billingAddress' is: '2508 Mandan Terrace'

2023-10-09 17:18:45 - [MESSAGE][PASSED] - Attribute 'value' of object 'Object Repository/RAD_Pages/PaymentEntry_Page/input_billingAddress' is: '2508 Mandan Terrace'

2023-10-09 17:18:45 - [TEST_STEP][PASSED] - verifyMatch("2508 Mandan Terrace", AL1, false): Actual text '2508 Mandan Terrace' and expected text '2508 Mandan Terrace' are matched 

2023-10-09 17:18:45 - [MESSAGE][PASSED] - Actual text '2508 Mandan Terrace' and expected text '2508 Mandan Terrace' are matched 

2023-10-09 17:18:45 - [TEST_STEP][PASSED] - AL2 = getAttribute(findTestObject("Object Repository/RAD_Pages/PaymentEntry_Page/input_billingAddress2"), "value"): Attribute 'value' of object 'Object Repository/RAD_Pages/PaymentEntry_Page/input_billingAddress2' is: ''

2023-10-09 17:18:46 - [MESSAGE][PASSED] - Attribute 'value' of object 'Object Repository/RAD_Pages/PaymentEntry_Page/input_billingAddress2' is: ''

2023-10-09 17:18:46 - [TEST_STEP][PASSED] - verifyMatch("", AL2, false): Actual text '' and expected text '' are matched 

2023-10-09 17:18:46 - [MESSAGE][PASSED] - Actual text '' and expected text '' are matched 

2023-10-09 17:18:46 - [TEST_STEP][PASSED] - zipCode = getAttribute(findTestObject("Object Repository/RAD_Pages/PaymentEntry_Page/input_billingZip"), "value"): Attribute 'value' of object 'Object Repository/RAD_Pages/PaymentEntry_Page/input_billingZip' is: '21054'

2023-10-09 17:18:46 - [MESSAGE][PASSED] - Attribute 'value' of object 'Object Repository/RAD_Pages/PaymentEntry_Page/input_billingZip' is: '21054'

2023-10-09 17:18:46 - [TEST_STEP][PASSED] - verifyMatch("21054", zipCode, false): Actual text '21054' and expected text '21054' are matched 

2023-10-09 17:18:46 - [MESSAGE][PASSED] - Actual text '21054' and expected text '21054' are matched 

2023-10-09 17:18:46 - [TEST_STEP][PASSED] - city = getAttribute(findTestObject("Object Repository/RAD_Pages/PaymentEntry_Page/input_billingCity"), "value"): Attribute 'value' of object 'Object Repository/RAD_Pages/PaymentEntry_Page/input_billingCity' is: 'GAMBRILLS'

2023-10-09 17:18:46 - [MESSAGE][PASSED] - Attribute 'value' of object 'Object Repository/RAD_Pages/PaymentEntry_Page/input_billingCity' is: 'GAMBRILLS'

2023-10-09 17:18:46 - [TEST_STEP][PASSED] - verifyMatch("GAMBRILLS", city, false): Actual text 'GAMBRILLS' and expected text 'GAMBRILLS' are matched 

2023-10-09 17:18:46 - [MESSAGE][PASSED] - Actual text 'GAMBRILLS' and expected text 'GAMBRILLS' are matched 

2023-10-09 17:18:46 - [TEST_STEP][PASSED] - email = getAttribute(findTestObject("Object Repository/RAD_Pages/PaymentEntry_Page/input_emailAddress"), "value"): Attribute 'value' of object 'Object Repository/RAD_Pages/PaymentEntry_Page/input_emailAddress' is: 'iahmed@govolution.com'

2023-10-09 17:18:47 - [MESSAGE][PASSED] - Attribute 'value' of object 'Object Repository/RAD_Pages/PaymentEntry_Page/input_emailAddress' is: 'iahmed@govolution.com'

2023-10-09 17:18:47 - [TEST_STEP][PASSED] - verifyMatch("iahmed@govolution.com", email, false): Actual text 'iahmed@govolution.com' and expected text 'iahmed@govolution.com' are matched 

2023-10-09 17:18:47 - [MESSAGE][PASSED] - Actual text 'iahmed@govolution.com' and expected text 'iahmed@govolution.com' are matched 

2023-10-09 17:18:47 - [TEST_STEP][PASSED] - amount = getAttribute(findTestObject("Object Repository/RAD_Pages/PaymentEntry_Page/input_amount"), "value"): Attribute 'value' of object 'Object Repository/RAD_Pages/PaymentEntry_Page/input_amount' is: '100.00'

2023-10-09 17:18:47 - [MESSAGE][PASSED] - Attribute 'value' of object 'Object Repository/RAD_Pages/PaymentEntry_Page/input_amount' is: '100.00'

2023-10-09 17:18:47 - [TEST_STEP][PASSED] - verifyMatch("100.00", amount, false): Actual text '100.00' and expected text '100.00' are matched 

2023-10-09 17:18:47 - [MESSAGE][PASSED] - Actual text '100.00' and expected text '100.00' are matched 

2023-10-09 17:18:47 - [TEST_STEP][PASSED] - amountReadOnly = getAttribute(findTestObject("Object Repository/RAD_Pages/PaymentEntry_Page/input_amount"), "readonly"): Attribute 'readonly' of object 'Object Repository/RAD_Pages/PaymentEntry_Page/input_amount' is: 'true'

2023-10-09 17:18:47 - [MESSAGE][PASSED] - Attribute 'readonly' of object 'Object Repository/RAD_Pages/PaymentEntry_Page/input_amount' is: 'true'

2023-10-09 17:18:47 - [TEST_STEP][PASSED] - verifyMatch("true", amountReadOnly, false): Actual text 'true' and expected text 'true' are matched 

2023-10-09 17:18:47 - [MESSAGE][PASSED] - Actual text 'true' and expected text 'true' are matched 

2023-10-09 17:18:47 - [TEST_STEP][PASSED] - verifyOptionSelectedByLabel(findTestObject("Object Repository/RAD_Pages/PaymentEntry_Page/select_Country"), "United States", false, 20): All options with label 'United States' are selected in object 'Object Repository/RAD_Pages/PaymentEntry_Page/select_Country' 

2023-10-09 17:18:48 - [MESSAGE][PASSED] - All options with label 'United States' are selected in object 'Object Repository/RAD_Pages/PaymentEntry_Page/select_Country' 

2023-10-09 17:18:48 - [TEST_STEP][PASSED] - verifyOptionSelectedByLabel(findTestObject("Object Repository/RAD_Pages/PaymentEntry_Page/select_State"), "Maryland", false, 20): All options with label 'Maryland' are selected in object 'Object Repository/RAD_Pages/PaymentEntry_Page/select_State' 

2023-10-09 17:18:51 - [MESSAGE][PASSED] - All options with label 'Maryland' are selected in object 'Object Repository/RAD_Pages/PaymentEntry_Page/select_State' 

2023-10-09 17:18:51 - [TEST_STEP][PASSED] - setText(findTestObject(orPath_PaymentEntry + "/input__cardNumber"), "4111111111111111"): Text '4111111111111111' is set on object 'Object Repository/RAD_Pages/PaymentEntry_Page/input__cardNumber'

2023-10-09 17:18:51 - [MESSAGE][PASSED] - Text '4111111111111111' is set on object 'Object Repository/RAD_Pages/PaymentEntry_Page/input__cardNumber'

2023-10-09 17:18:51 - [TEST_STEP][PASSED] - setText(findTestObject(orPath_PaymentEntry + "/input__spc"), "123"): Text '123' is set on object 'Object Repository/RAD_Pages/PaymentEntry_Page/input__spc'

2023-10-09 17:18:52 - [MESSAGE][PASSED] - Text '123' is set on object 'Object Repository/RAD_Pages/PaymentEntry_Page/input__spc'

2023-10-09 17:18:52 - [TEST_STEP][PASSED] - selectOptionByLabel(findTestObject(orPath_PaymentEntry + "/select_MM"), "12", false): All options with label '12' are selected in object 'Object Repository/RAD_Pages/PaymentEntry_Page/select_MM' 

2023-10-09 17:18:53 - [MESSAGE][PASSED] - All options with label '12' are selected in object 'Object Repository/RAD_Pages/PaymentEntry_Page/select_MM' 

2023-10-09 17:18:53 - [TEST_STEP][PASSED] - selectOptionByLabel(findTestObject(orPath_PaymentEntry + "/select_YYYY"), "2028", false): All options with label '2028' are selected in object 'Object Repository/RAD_Pages/PaymentEntry_Page/select_YYYY' 

2023-10-09 17:18:53 - [MESSAGE][PASSED] - All options with label '2028' are selected in object 'Object Repository/RAD_Pages/PaymentEntry_Page/select_YYYY' 

2023-10-09 17:18:53 - [TEST_STEP][PASSED] - click(findTestObject(orPath_PaymentEntry + "/input_Field_ccSubmit")): Object: 'Object Repository/RAD_Pages/PaymentEntry_Page/input_Field_ccSubmit' is clicked on

2023-10-09 17:18:55 - [MESSAGE][PASSED] - Object: 'Object Repository/RAD_Pages/PaymentEntry_Page/input_Field_ccSubmit' is clicked on

2023-10-09 17:18:55 - [TEST_STEP][PASSED] - click(findTestObject(orPath_PaymentConfirmation + "/input_N_confirmNotifyAction")): Object: 'Object Repository/RAD_Pages/PaymentConfirmation_Page/input_N_confirmNotifyAction' is clicked on

2023-10-09 17:18:55 - [MESSAGE][PASSED] - Object: 'Object Repository/RAD_Pages/PaymentConfirmation_Page/input_N_confirmNotifyAction' is clicked on

2023-10-09 17:18:55 - [TEST_STEP][PASSED] - verifyTextPresent("Service Fee Acceptance", true): Text 'Service Fee Acceptance' is present on page  using regular expression

2023-10-09 17:18:56 - [MESSAGE][PASSED] - Text 'Service Fee Acceptance' is present on page  using regular expression

2023-10-09 17:18:56 - [TEST_STEP][PASSED] - verifyTextPresent("This transaction is subject to a Service Fee of ", true): Text 'This transaction is subject to a Service Fee of ' is present on page  using regular expression

2023-10-09 17:18:56 - [MESSAGE][PASSED] - Text 'This transaction is subject to a Service Fee of ' is present on page  using regular expression

2023-10-09 17:18:56 - [TEST_STEP][PASSED] - verifyTextPresent("Payment Amount:", true): Text 'Payment Amount:' is present on page  using regular expression

2023-10-09 17:18:56 - [MESSAGE][PASSED] - Text 'Payment Amount:' is present on page  using regular expression

2023-10-09 17:18:56 - [TEST_STEP][PASSED] - verifyTextPresent("100.00", true): Text '100.00' is present on page  using regular expression

2023-10-09 17:18:57 - [MESSAGE][PASSED] - Text '100.00' is present on page  using regular expression

2023-10-09 17:18:57 - [TEST_STEP][PASSED] - verifyTextPresent("Service Fee:", true): Text 'Service Fee:' is present on page  using regular expression

2023-10-09 17:18:57 - [MESSAGE][PASSED] - Text 'Service Fee:' is present on page  using regular expression

2023-10-09 17:18:57 - [TEST_STEP][PASSED] - verifyTextPresent("2.45", true): Text '2.45' is present on page  using regular expression

2023-10-09 17:18:57 - [MESSAGE][PASSED] - Text '2.45' is present on page  using regular expression

2023-10-09 17:18:57 - [TEST_STEP][PASSED] - verifyTextPresent("Total Amount:", true): Text 'Total Amount:' is present on page  using regular expression

2023-10-09 17:18:57 - [MESSAGE][PASSED] - Text 'Total Amount:' is present on page  using regular expression

2023-10-09 17:18:57 - [TEST_STEP][PASSED] - verifyTextPresent("102.45", true): Text '102.45' is present on page  using regular expression

2023-10-09 17:18:58 - [MESSAGE][PASSED] - Text '102.45' is present on page  using regular expression

2023-10-09 17:18:58 - [TEST_STEP][PASSED] - verifyTextPresent("Two transactions will appear on your bank statement, one in the amount of", true): Text 'Two transactions will appear on your bank statement, one in the amount of' is present on page  using regular expression

2023-10-09 17:18:58 - [MESSAGE][PASSED] - Text 'Two transactions will appear on your bank statement, one in the amount of' is present on page  using regular expression

2023-10-09 17:18:58 - [TEST_STEP][PASSED] - if (verifyElementPresent(findTestObject(orPath_ServiceFeesAccept + "/input_convFeeNotifyAction"), 30)): null

2023-10-09 17:18:58 - [MESSAGE][PASSED] - Object 'Object Repository/RAD_Pages/ServiceFeeAccept_Page/input_convFeeNotifyAction' is present

2023-10-09 17:18:58 - [TEST_STEP][PASSED] - resText = "Pass": null

2023-10-09 17:18:58 - [TEST_STEP][PASSED] - pages.WriteExcel.demoKey(resText, datText, resColumn, datCloumn, fileLoc, nameSheet, row): pages.WriteExcel.demoKey is PASSED

2023-10-09 17:18:58 - [MESSAGE][PASSED] - pages.WriteExcel.demoKey is PASSED

2023-10-09 17:18:58 - [TEST_STEP][PASSED] - ExecuteTC = findTestData(dataFile).getValue("Execute", row): null

2023-10-09 17:18:58 - [TEST_STEP][PASSED] - TaxType = findTestData(dataFile).getValue("TaxType", row): null

2023-10-09 17:18:59 - [TEST_STEP][PASSED] - PaymentType = findTestData(dataFile).getValue("PaymentType", row): null

2023-10-09 17:18:59 - [TEST_STEP][PASSED] - FilingYear = findTestData(dataFile).getValue("Year", row): null

2023-10-09 17:18:59 - [TEST_STEP][PASSED] - if (ExecuteTC.equalsIgnoreCase("Y")): null

2023-10-09 17:18:59 - [TEST_STEP][PASSED] - out.println("Begin Record Number: " + row): null

2023-10-09 17:18:59 - [TEST_STEP][PASSED] - today = new java.util.Date(): null

2023-10-09 17:18:59 - [TEST_STEP][PASSED] - println(today): null

2023-10-09 17:18:59 - [TEST_STEP][PASSED] - datText = today: null

2023-10-09 17:18:59 - [TEST_STEP][PASSED] - logInfo("Payment Type: " + PaymentType): Payment Type: New Tax Return Amount Due

2023-10-09 17:18:59 - [MESSAGE][INFO] - Payment Type: New Tax Return Amount Due

2023-10-09 17:18:59 - [TEST_STEP][PASSED] - logInfo("Tax Type: " + TaxType): Tax Type: Personal Income Tax

2023-10-09 17:18:59 - [MESSAGE][INFO] - Tax Type: Personal Income Tax

2023-10-09 17:18:59 - [TEST_STEP][PASSED] - openBrowser(""): Browser is opened with url: ''

2023-10-09 17:18:59 - [MESSAGE][WARNING] - A browser is already opened. Closing browser and opening a new one

2023-10-09 17:19:00 - [MESSAGE][INFO] - Starting 'Chrome' driver

2023-10-09 17:19:00 - [MESSAGE][INFO] - User set preference: ['acceptInsecureCerts', 'true']

2023-10-09 17:19:00 - [MESSAGE][INFO] - Action delay is set to 0 milliseconds

2023-10-09 17:19:01 - [MESSAGE][PASSED] - Browser is opened with url: ''

2023-10-09 17:19:01 - [TEST_STEP][PASSED] - maximizeWindow(): Current window maximized

2023-10-09 17:19:01 - [MESSAGE][PASSED] - Current window maximized

2023-10-09 17:19:01 - [TEST_STEP][PASSED] - navigateToUrl(RADurl): Navigate to 'https://qa2.velocitypayment.com/client/rad/index.html' successfully

2023-10-09 17:19:03 - [MESSAGE][PASSED] - Navigate to 'https://qa2.velocitypayment.com/client/rad/index.html' successfully

2023-10-09 17:19:03 - [TEST_STEP][PASSED] - selectOptionByLabel(findTestObject(orPath_Landing + "/dd_TaxType"), PaymentType, false): All options with label 'New Tax Return Amount Due' are selected in object 'Object Repository/RAD_Pages/Landing_Page/dd_TaxType' 

2023-10-09 17:19:04 - [MESSAGE][PASSED] - All options with label 'New Tax Return Amount Due' are selected in object 'Object Repository/RAD_Pages/Landing_Page/dd_TaxType' 

2023-10-09 17:19:04 - [TEST_STEP][PASSED] - switch (PaymentType): null

2023-10-09 17:19:04 - [TEST_STEP][PASSED] - case "New Tax Return Amount Due":: null

2023-10-09 17:19:04 - [TEST_STEP][PASSED] - selectOptionByLabel(findTestObject("Object Repository/RAD_Pages/Landing_Page/select_NewTaxReturnAmountDue_TaxType"), TaxType, false): All options with label 'Personal Income Tax' are selected in object 'Object Repository/RAD_Pages/Landing_Page/select_NewTaxReturnAmountDue_TaxType' 

2023-10-09 17:19:05 - [MESSAGE][PASSED] - All options with label 'Personal Income Tax' are selected in object 'Object Repository/RAD_Pages/Landing_Page/select_NewTaxReturnAmountDue_TaxType' 

2023-10-09 17:19:05 - [TEST_STEP][PASSED] - break: null

2023-10-09 17:19:05 - [TEST_STEP][PASSED] - if (!(FilingYear.isEmpty())): All options with label '2021' are selected in object 'Object Repository/RAD_Pages/TaxTypeFilingYear_Page/select_FilingYear' 

2023-10-09 17:19:05 - [TEST_STEP][PASSED] - selectOptionByLabel(findTestObject(orPath_TaxTypeFilingYear + "/select_FilingYear"), FilingYear, false): All options with label '2021' are selected in object 'Object Repository/RAD_Pages/TaxTypeFilingYear_Page/select_FilingYear' 

2023-10-09 17:19:05 - [MESSAGE][PASSED] - All options with label '2021' are selected in object 'Object Repository/RAD_Pages/TaxTypeFilingYear_Page/select_FilingYear' 

2023-10-09 17:19:05 - [TEST_STEP][PASSED] - rad.getSetDataRAD.setDataRADssnAndName(): rad.getSetDataRAD.setDataRADssnAndName is PASSED

2023-10-09 17:19:06 - [MESSAGE][PASSED] - Text 'Jimmy' is set on object 'Object Repository/RAD_Pages/Taxpayer_Page/input_firstName'

2023-10-09 17:19:08 - [MESSAGE][PASSED] - Text 'Anderson' is set on object 'Object Repository/RAD_Pages/Taxpayer_Page/input_lastName'

2023-10-09 17:19:08 - [MESSAGE][PASSED] - Text '123451234' is set on object 'Object Repository/RAD_RecordAndPlay/input_concatSSN'

2023-10-09 17:19:09 - [MESSAGE][PASSED] - Text '123451234' is set on object 'Object Repository/RAD_RecordAndPlay/input_concatReSSN'

2023-10-09 17:19:09 - [MESSAGE][PASSED] - rad.getSetDataRAD.setDataRADssnAndName is PASSED

2023-10-09 17:19:09 - [TEST_STEP][PASSED] - rad.getSetDataRAD.setDataRADAddress(): rad.getSetDataRAD.setDataRADAddress is PASSED

2023-10-09 17:19:10 - [MESSAGE][PASSED] - All options with label 'United States' are selected in object 'Object Repository/RAD_Pages/AddressAndContactInfo_Page/select_Country' 

2023-10-09 17:19:10 - [MESSAGE][PASSED] - Text '2508 Mandan Terrace' is set on object 'Object Repository/RAD_Pages/AddressAndContactInfo_Page/input_streetAddress1'

2023-10-09 17:19:11 - [MESSAGE][PASSED] - Text '' is set on object 'Object Repository/RAD_Pages/AddressAndContactInfo_Page/input_streetAddress2'

2023-10-09 17:19:12 - [MESSAGE][PASSED] - Text 'Gambrills' is set on object 'Object Repository/RAD_Pages/AddressAndContactInfo_Page/input_city'

2023-10-09 17:19:13 - [MESSAGE][PASSED] - All options with label 'Maryland' are selected in object 'Object Repository/RAD_Pages/AddressAndContactInfo_Page/select_State' 

2023-10-09 17:19:13 - [MESSAGE][PASSED] - Text '21054' is set on object 'Object Repository/RAD_Pages/AddressAndContactInfo_Page/input_zipCode'

2023-10-09 17:19:14 - [MESSAGE][PASSED] - Text '(703) 894-5000' is set on object 'Object Repository/RAD_Pages/AddressAndContactInfo_Page/input_phoneNumber'

2023-10-09 17:19:15 - [MESSAGE][PASSED] - Text 'iahmed@govolution.com' is set on object 'Object Repository/RAD_Pages/AddressAndContactInfo_Page/input_eMailAddress'

2023-10-09 17:19:16 - [MESSAGE][PASSED] - Text 'iahmed@govolution.com' is set on object 'Object Repository/RAD_Pages/AddressAndContactInfo_Page/input_reEnterEMailAddress'

2023-10-09 17:19:16 - [MESSAGE][PASSED] - rad.getSetDataRAD.setDataRADAddress is PASSED

2023-10-09 17:19:16 - [TEST_STEP][PASSED] - scrollToElement(findTestObject(orPath_Landing + "/button_Continue"), 3): Scroll to object 'Object Repository/RAD_Pages/Landing_Page/button_Continue' successfully

2023-10-09 17:19:16 - [MESSAGE][PASSED] - Scroll to object 'Object Repository/RAD_Pages/Landing_Page/button_Continue' successfully

2023-10-09 17:19:16 - [TEST_STEP][PASSED] - waitForElementClickable(findTestObject(orPath_FilingStatus + "/input_JointFiling_userType_New"), 5): Object 'Object Repository/RAD_Pages/FilingStatus_Page/input_JointFiling_userType_New' is clickable

2023-10-09 17:19:17 - [MESSAGE][PASSED] - Object 'Object Repository/RAD_Pages/FilingStatus_Page/input_JointFiling_userType_New' is clickable

2023-10-09 17:19:17 - [TEST_STEP][PASSED] - check(findTestObject(orPath_FilingStatus + "/input_JointFiling_userType_New")): Object 'Object Repository/RAD_Pages/FilingStatus_Page/input_JointFiling_userType_New' is checked

2023-10-09 17:19:17 - [MESSAGE][PASSED] - Object 'Object Repository/RAD_Pages/FilingStatus_Page/input_JointFiling_userType_New' is checked

2023-10-09 17:19:17 - [TEST_STEP][PASSED] - delay(2): Delayed 2 second(s)

2023-10-09 17:19:19 - [MESSAGE][PASSED] - Delayed 2 second(s)

2023-10-09 17:19:19 - [TEST_STEP][PASSED] - rad.getSetDataRAD.setDataRADssnAndNameJointFiler(): rad.getSetDataRAD.setDataRADssnAndNameJointFiler is PASSED

2023-10-09 17:19:20 - [MESSAGE][PASSED] - Text 'Larsons' is set on object 'Object Repository/RAD_Pages/FilingStatus_Page/input_jointFirstName'

2023-10-09 17:19:21 - [MESSAGE][PASSED] - Text 'Bell' is set on object 'Object Repository/RAD_Pages/FilingStatus_Page/input_jointLastName'

2023-10-09 17:19:21 - [MESSAGE][PASSED] - Text '123459630' is set on object 'Object Repository/RAD_RecordAndPlay/input_JointFilerSSN'

2023-10-09 17:19:22 - [MESSAGE][PASSED] - Text '123459630' is set on object 'Object Repository/RAD_RecordAndPlay/input_reTypeJointFilerSSN'

2023-10-09 17:19:22 - [MESSAGE][PASSED] - rad.getSetDataRAD.setDataRADssnAndNameJointFiler is PASSED

2023-10-09 17:19:22 - [TEST_STEP][PASSED] - setText(findTestObject(orPath_Amount + "/input__paymentAmount"), "100.00"): Text '100.00' is set on object 'Object Repository/RAD_Pages/PaymentAmount_Page/input__paymentAmount'

2023-10-09 17:19:23 - [MESSAGE][PASSED] - Text '100.00' is set on object 'Object Repository/RAD_Pages/PaymentAmount_Page/input__paymentAmount'

2023-10-09 17:19:23 - [TEST_STEP][PASSED] - setText(findTestObject(orPath_AddressContact + "/input_streetAddress2"), ""): Text '' is set on object 'Object Repository/RAD_Pages/AddressAndContactInfo_Page/input_streetAddress2'

2023-10-09 17:19:24 - [MESSAGE][PASSED] - Text '' is set on object 'Object Repository/RAD_Pages/AddressAndContactInfo_Page/input_streetAddress2'

2023-10-09 17:19:24 - [TEST_STEP][PASSED] - scrollToElement(findTestObject(orPath_Landing + "/button_Continue"), 3): Scroll to object 'Object Repository/RAD_Pages/Landing_Page/button_Continue' successfully

2023-10-09 17:19:24 - [MESSAGE][PASSED] - Scroll to object 'Object Repository/RAD_Pages/Landing_Page/button_Continue' successfully

2023-10-09 17:19:24 - [TEST_STEP][PASSED] - waitForElementClickable(findTestObject(orPath_Landing + "/button_Continue"), 5): Object 'Object Repository/RAD_Pages/Landing_Page/button_Continue' is clickable

2023-10-09 17:19:24 - [MESSAGE][PASSED] - Object 'Object Repository/RAD_Pages/Landing_Page/button_Continue' is clickable

2023-10-09 17:19:24 - [TEST_STEP][PASSED] - click(findTestObject(orPath_Landing + "/button_Continue")): Object: 'Object Repository/RAD_Pages/Landing_Page/button_Continue' is clicked on

2023-10-09 17:19:25 - [MESSAGE][PASSED] - Object: 'Object Repository/RAD_Pages/Landing_Page/button_Continue' is clicked on

2023-10-09 17:19:25 - [TEST_STEP][PASSED] - delay(2): Delayed 2 second(s)

2023-10-09 17:19:27 - [MESSAGE][PASSED] - Delayed 2 second(s)

2023-10-09 17:19:27 - [TEST_STEP][PASSED] - click(findTestObject(orPath_Summary + "/button_Proceed to Payment")): Object: 'Object Repository/RAD_Pages/Summary_Page/button_Proceed to Payment' is clicked on

2023-10-09 17:19:28 - [MESSAGE][PASSED] - Object: 'Object Repository/RAD_Pages/Summary_Page/button_Proceed to Payment' is clicked on

2023-10-09 17:19:28 - [TEST_STEP][PASSED] - if (verifyElementPresent(findTestObject("Object Repository/RAD_Pages/PaymentEntry_Page/input__billingName"), 30)): null

2023-10-09 17:19:29 - [MESSAGE][PASSED] - Object 'Object Repository/RAD_Pages/PaymentEntry_Page/input__billingName' is present

2023-10-09 17:19:29 - [TEST_STEP][PASSED] - verifyTextPresent("Comptroller of Maryland", true): Text 'Comptroller of Maryland' is present on page  using regular expression

2023-10-09 17:19:29 - [MESSAGE][PASSED] - Text 'Comptroller of Maryland' is present on page  using regular expression

2023-10-09 17:19:29 - [TEST_STEP][PASSED] - verifyTextPresent("Payment Information", true): Text 'Payment Information' is present on page  using regular expression

2023-10-09 17:19:30 - [MESSAGE][PASSED] - Text 'Payment Information' is present on page  using regular expression

2023-10-09 17:19:30 - [TEST_STEP][PASSED] - card_Name = getAttribute(findTestObject("Object Repository/RAD_Pages/PaymentEntry_Page/input__billingName"), "value"): Attribute 'value' of object 'Object Repository/RAD_Pages/PaymentEntry_Page/input__billingName' is: 'Jimmy Anderson'

2023-10-09 17:19:30 - [MESSAGE][PASSED] - Attribute 'value' of object 'Object Repository/RAD_Pages/PaymentEntry_Page/input__billingName' is: 'Jimmy Anderson'

2023-10-09 17:19:30 - [TEST_STEP][PASSED] - switch (executionProfile): null

2023-10-09 17:19:30 - [TEST_STEP][PASSED] - case "QA2Profile":: null

2023-10-09 17:19:30 - [TEST_STEP][PASSED] - verifyMatch("Jimmy Anderson", card_Name, false): Actual text 'Jimmy Anderson' and expected text 'Jimmy Anderson' are matched 

2023-10-09 17:19:30 - [MESSAGE][PASSED] - Actual text 'Jimmy Anderson' and expected text 'Jimmy Anderson' are matched 

2023-10-09 17:19:30 - [TEST_STEP][PASSED] - break: null

2023-10-09 17:19:30 - [TEST_STEP][PASSED] - AL1 = getAttribute(findTestObject("Object Repository/RAD_Pages/PaymentEntry_Page/input_billingAddress"), "value"): Attribute 'value' of object 'Object Repository/RAD_Pages/PaymentEntry_Page/input_billingAddress' is: '2508 Mandan Terrace'

2023-10-09 17:19:30 - [MESSAGE][PASSED] - Attribute 'value' of object 'Object Repository/RAD_Pages/PaymentEntry_Page/input_billingAddress' is: '2508 Mandan Terrace'

2023-10-09 17:19:30 - [TEST_STEP][PASSED] - verifyMatch("2508 Mandan Terrace", AL1, false): Actual text '2508 Mandan Terrace' and expected text '2508 Mandan Terrace' are matched 

2023-10-09 17:19:30 - [MESSAGE][PASSED] - Actual text '2508 Mandan Terrace' and expected text '2508 Mandan Terrace' are matched 

2023-10-09 17:19:30 - [TEST_STEP][PASSED] - AL2 = getAttribute(findTestObject("Object Repository/RAD_Pages/PaymentEntry_Page/input_billingAddress2"), "value"): Attribute 'value' of object 'Object Repository/RAD_Pages/PaymentEntry_Page/input_billingAddress2' is: ''

2023-10-09 17:19:31 - [MESSAGE][PASSED] - Attribute 'value' of object 'Object Repository/RAD_Pages/PaymentEntry_Page/input_billingAddress2' is: ''

2023-10-09 17:19:31 - [TEST_STEP][PASSED] - verifyMatch("", AL2, false): Actual text '' and expected text '' are matched 

2023-10-09 17:19:31 - [MESSAGE][PASSED] - Actual text '' and expected text '' are matched 

2023-10-09 17:19:31 - [TEST_STEP][PASSED] - zipCode = getAttribute(findTestObject("Object Repository/RAD_Pages/PaymentEntry_Page/input_billingZip"), "value"): Attribute 'value' of object 'Object Repository/RAD_Pages/PaymentEntry_Page/input_billingZip' is: '21054'

2023-10-09 17:19:31 - [MESSAGE][PASSED] - Attribute 'value' of object 'Object Repository/RAD_Pages/PaymentEntry_Page/input_billingZip' is: '21054'

2023-10-09 17:19:31 - [TEST_STEP][PASSED] - verifyMatch("21054", zipCode, false): Actual text '21054' and expected text '21054' are matched 

2023-10-09 17:19:31 - [MESSAGE][PASSED] - Actual text '21054' and expected text '21054' are matched 

2023-10-09 17:19:31 - [TEST_STEP][PASSED] - city = getAttribute(findTestObject("Object Repository/RAD_Pages/PaymentEntry_Page/input_billingCity"), "value"): Attribute 'value' of object 'Object Repository/RAD_Pages/PaymentEntry_Page/input_billingCity' is: 'GAMBRILLS'

2023-10-09 17:19:31 - [MESSAGE][PASSED] - Attribute 'value' of object 'Object Repository/RAD_Pages/PaymentEntry_Page/input_billingCity' is: 'GAMBRILLS'

2023-10-09 17:19:31 - [TEST_STEP][PASSED] - verifyMatch("GAMBRILLS", city, false): Actual text 'GAMBRILLS' and expected text 'GAMBRILLS' are matched 

2023-10-09 17:19:31 - [MESSAGE][PASSED] - Actual text 'GAMBRILLS' and expected text 'GAMBRILLS' are matched 

2023-10-09 17:19:31 - [TEST_STEP][PASSED] - email = getAttribute(findTestObject("Object Repository/RAD_Pages/PaymentEntry_Page/input_emailAddress"), "value"): Attribute 'value' of object 'Object Repository/RAD_Pages/PaymentEntry_Page/input_emailAddress' is: 'iahmed@govolution.com'

2023-10-09 17:19:31 - [MESSAGE][PASSED] - Attribute 'value' of object 'Object Repository/RAD_Pages/PaymentEntry_Page/input_emailAddress' is: 'iahmed@govolution.com'

2023-10-09 17:19:31 - [TEST_STEP][PASSED] - verifyMatch("iahmed@govolution.com", email, false): Actual text 'iahmed@govolution.com' and expected text 'iahmed@govolution.com' are matched 

2023-10-09 17:19:31 - [MESSAGE][PASSED] - Actual text 'iahmed@govolution.com' and expected text 'iahmed@govolution.com' are matched 

2023-10-09 17:19:31 - [TEST_STEP][PASSED] - amount = getAttribute(findTestObject("Object Repository/RAD_Pages/PaymentEntry_Page/input_amount"), "value"): Attribute 'value' of object 'Object Repository/RAD_Pages/PaymentEntry_Page/input_amount' is: '100.00'

2023-10-09 17:19:32 - [MESSAGE][PASSED] - Attribute 'value' of object 'Object Repository/RAD_Pages/PaymentEntry_Page/input_amount' is: '100.00'

2023-10-09 17:19:32 - [TEST_STEP][PASSED] - verifyMatch("100.00", amount, false): Actual text '100.00' and expected text '100.00' are matched 

2023-10-09 17:19:32 - [MESSAGE][PASSED] - Actual text '100.00' and expected text '100.00' are matched 

2023-10-09 17:19:32 - [TEST_STEP][PASSED] - amountReadOnly = getAttribute(findTestObject("Object Repository/RAD_Pages/PaymentEntry_Page/input_amount"), "readonly"): Attribute 'readonly' of object 'Object Repository/RAD_Pages/PaymentEntry_Page/input_amount' is: 'true'

2023-10-09 17:19:32 - [MESSAGE][PASSED] - Attribute 'readonly' of object 'Object Repository/RAD_Pages/PaymentEntry_Page/input_amount' is: 'true'

2023-10-09 17:19:32 - [TEST_STEP][PASSED] - verifyMatch("true", amountReadOnly, false): Actual text 'true' and expected text 'true' are matched 

2023-10-09 17:19:32 - [MESSAGE][PASSED] - Actual text 'true' and expected text 'true' are matched 

2023-10-09 17:19:32 - [TEST_STEP][PASSED] - verifyOptionSelectedByLabel(findTestObject("Object Repository/RAD_Pages/PaymentEntry_Page/select_Country"), "United States", false, 20): All options with label 'United States' are selected in object 'Object Repository/RAD_Pages/PaymentEntry_Page/select_Country' 

2023-10-09 17:19:33 - [MESSAGE][PASSED] - All options with label 'United States' are selected in object 'Object Repository/RAD_Pages/PaymentEntry_Page/select_Country' 

2023-10-09 17:19:33 - [TEST_STEP][PASSED] - verifyOptionSelectedByLabel(findTestObject("Object Repository/RAD_Pages/PaymentEntry_Page/select_State"), "Maryland", false, 20): All options with label 'Maryland' are selected in object 'Object Repository/RAD_Pages/PaymentEntry_Page/select_State' 

2023-10-09 17:19:36 - [MESSAGE][PASSED] - All options with label 'Maryland' are selected in object 'Object Repository/RAD_Pages/PaymentEntry_Page/select_State' 

2023-10-09 17:19:36 - [TEST_STEP][PASSED] - setText(findTestObject(orPath_PaymentEntry + "/input__cardNumber"), "4111111111111111"): Text '4111111111111111' is set on object 'Object Repository/RAD_Pages/PaymentEntry_Page/input__cardNumber'

2023-10-09 17:19:36 - [MESSAGE][PASSED] - Text '4111111111111111' is set on object 'Object Repository/RAD_Pages/PaymentEntry_Page/input__cardNumber'

2023-10-09 17:19:36 - [TEST_STEP][PASSED] - setText(findTestObject(orPath_PaymentEntry + "/input__spc"), "123"): Text '123' is set on object 'Object Repository/RAD_Pages/PaymentEntry_Page/input__spc'

2023-10-09 17:19:37 - [MESSAGE][PASSED] - Text '123' is set on object 'Object Repository/RAD_Pages/PaymentEntry_Page/input__spc'

2023-10-09 17:19:37 - [TEST_STEP][PASSED] - selectOptionByLabel(findTestObject(orPath_PaymentEntry + "/select_MM"), "12", false): All options with label '12' are selected in object 'Object Repository/RAD_Pages/PaymentEntry_Page/select_MM' 

2023-10-09 17:19:38 - [MESSAGE][PASSED] - All options with label '12' are selected in object 'Object Repository/RAD_Pages/PaymentEntry_Page/select_MM' 

2023-10-09 17:19:38 - [TEST_STEP][PASSED] - selectOptionByLabel(findTestObject(orPath_PaymentEntry + "/select_YYYY"), "2028", false): All options with label '2028' are selected in object 'Object Repository/RAD_Pages/PaymentEntry_Page/select_YYYY' 

2023-10-09 17:19:38 - [MESSAGE][PASSED] - All options with label '2028' are selected in object 'Object Repository/RAD_Pages/PaymentEntry_Page/select_YYYY' 

2023-10-09 17:19:38 - [TEST_STEP][PASSED] - click(findTestObject(orPath_PaymentEntry + "/input_Field_ccSubmit")): Object: 'Object Repository/RAD_Pages/PaymentEntry_Page/input_Field_ccSubmit' is clicked on

2023-10-09 17:19:39 - [MESSAGE][PASSED] - Object: 'Object Repository/RAD_Pages/PaymentEntry_Page/input_Field_ccSubmit' is clicked on

2023-10-09 17:19:39 - [TEST_STEP][PASSED] - click(findTestObject(orPath_PaymentConfirmation + "/input_N_confirmNotifyAction")): Object: 'Object Repository/RAD_Pages/PaymentConfirmation_Page/input_N_confirmNotifyAction' is clicked on

2023-10-09 17:19:40 - [MESSAGE][PASSED] - Object: 'Object Repository/RAD_Pages/PaymentConfirmation_Page/input_N_confirmNotifyAction' is clicked on

2023-10-09 17:19:40 - [TEST_STEP][PASSED] - verifyTextPresent("Service Fee Acceptance", true): Text 'Service Fee Acceptance' is present on page  using regular expression

2023-10-09 17:19:41 - [MESSAGE][PASSED] - Text 'Service Fee Acceptance' is present on page  using regular expression

2023-10-09 17:19:41 - [TEST_STEP][PASSED] - verifyTextPresent("This transaction is subject to a Service Fee of ", true): Text 'This transaction is subject to a Service Fee of ' is present on page  using regular expression

2023-10-09 17:19:41 - [MESSAGE][PASSED] - Text 'This transaction is subject to a Service Fee of ' is present on page  using regular expression

2023-10-09 17:19:41 - [TEST_STEP][PASSED] - verifyTextPresent("Payment Amount:", true): Text 'Payment Amount:' is present on page  using regular expression

2023-10-09 17:19:41 - [MESSAGE][PASSED] - Text 'Payment Amount:' is present on page  using regular expression

2023-10-09 17:19:41 - [TEST_STEP][PASSED] - verifyTextPresent("100.00", true): Text '100.00' is present on page  using regular expression

2023-10-09 17:19:42 - [MESSAGE][PASSED] - Text '100.00' is present on page  using regular expression

2023-10-09 17:19:42 - [TEST_STEP][PASSED] - verifyTextPresent("Service Fee:", true): Text 'Service Fee:' is present on page  using regular expression

2023-10-09 17:19:42 - [MESSAGE][PASSED] - Text 'Service Fee:' is present on page  using regular expression

2023-10-09 17:19:42 - [TEST_STEP][PASSED] - verifyTextPresent("2.45", true): Text '2.45' is present on page  using regular expression

2023-10-09 17:19:42 - [MESSAGE][PASSED] - Text '2.45' is present on page  using regular expression

2023-10-09 17:19:42 - [TEST_STEP][PASSED] - verifyTextPresent("Total Amount:", true): Text 'Total Amount:' is present on page  using regular expression

2023-10-09 17:19:42 - [MESSAGE][PASSED] - Text 'Total Amount:' is present on page  using regular expression

2023-10-09 17:19:42 - [TEST_STEP][PASSED] - verifyTextPresent("102.45", true): Text '102.45' is present on page  using regular expression

2023-10-09 17:19:43 - [MESSAGE][PASSED] - Text '102.45' is present on page  using regular expression

2023-10-09 17:19:43 - [TEST_STEP][PASSED] - verifyTextPresent("Two transactions will appear on your bank statement, one in the amount of", true): Text 'Two transactions will appear on your bank statement, one in the amount of' is present on page  using regular expression

2023-10-09 17:19:43 - [MESSAGE][PASSED] - Text 'Two transactions will appear on your bank statement, one in the amount of' is present on page  using regular expression

2023-10-09 17:19:43 - [TEST_STEP][PASSED] - if (verifyElementPresent(findTestObject(orPath_ServiceFeesAccept + "/input_convFeeNotifyAction"), 30)): null

2023-10-09 17:19:43 - [MESSAGE][PASSED] - Object 'Object Repository/RAD_Pages/ServiceFeeAccept_Page/input_convFeeNotifyAction' is present

2023-10-09 17:19:43 - [TEST_STEP][PASSED] - resText = "Pass": null

2023-10-09 17:19:43 - [TEST_STEP][PASSED] - pages.WriteExcel.demoKey(resText, datText, resColumn, datCloumn, fileLoc, nameSheet, row): pages.WriteExcel.demoKey is PASSED

2023-10-09 17:19:43 - [MESSAGE][PASSED] - pages.WriteExcel.demoKey is PASSED

2023-10-09 17:19:43 - [TEST_STEP][PASSED] - ExecuteTC = findTestData(dataFile).getValue("Execute", row): null

2023-10-09 17:19:43 - [TEST_STEP][PASSED] - TaxType = findTestData(dataFile).getValue("TaxType", row): null

2023-10-09 17:19:43 - [TEST_STEP][PASSED] - PaymentType = findTestData(dataFile).getValue("PaymentType", row): null

2023-10-09 17:19:43 - [TEST_STEP][PASSED] - FilingYear = findTestData(dataFile).getValue("Year", row): null

2023-10-09 17:19:43 - [TEST_STEP][PASSED] - if (ExecuteTC.equalsIgnoreCase("Y")): null

2023-10-09 17:19:43 - [TEST_STEP][PASSED] - out.println("Begin Record Number: " + row): null

2023-10-09 17:19:43 - [TEST_STEP][PASSED] - today = new java.util.Date(): null

2023-10-09 17:19:43 - [TEST_STEP][PASSED] - println(today): null

2023-10-09 17:19:43 - [TEST_STEP][PASSED] - datText = today: null

2023-10-09 17:19:43 - [TEST_STEP][PASSED] - logInfo("Payment Type: " + PaymentType): Payment Type: New Tax Return Amount Due

2023-10-09 17:19:43 - [MESSAGE][INFO] - Payment Type: New Tax Return Amount Due

2023-10-09 17:19:43 - [TEST_STEP][PASSED] - logInfo("Tax Type: " + TaxType): Tax Type: Personal Income Tax

2023-10-09 17:19:43 - [MESSAGE][INFO] - Tax Type: Personal Income Tax

2023-10-09 17:19:43 - [TEST_STEP][PASSED] - openBrowser(""): Browser is opened with url: ''

2023-10-09 17:19:43 - [MESSAGE][WARNING] - A browser is already opened. Closing browser and opening a new one

2023-10-09 17:19:45 - [MESSAGE][INFO] - Starting 'Chrome' driver

2023-10-09 17:19:45 - [MESSAGE][INFO] - User set preference: ['acceptInsecureCerts', 'true']

2023-10-09 17:19:45 - [MESSAGE][INFO] - Action delay is set to 0 milliseconds

2023-10-09 17:19:46 - [MESSAGE][PASSED] - Browser is opened with url: ''

2023-10-09 17:19:46 - [TEST_STEP][PASSED] - maximizeWindow(): Current window maximized

2023-10-09 17:19:46 - [MESSAGE][PASSED] - Current window maximized

2023-10-09 17:19:46 - [TEST_STEP][PASSED] - navigateToUrl(RADurl): Navigate to 'https://qa2.velocitypayment.com/client/rad/index.html' successfully

2023-10-09 17:19:48 - [MESSAGE][PASSED] - Navigate to 'https://qa2.velocitypayment.com/client/rad/index.html' successfully

2023-10-09 17:19:48 - [TEST_STEP][PASSED] - selectOptionByLabel(findTestObject(orPath_Landing + "/dd_TaxType"), PaymentType, false): All options with label 'New Tax Return Amount Due' are selected in object 'Object Repository/RAD_Pages/Landing_Page/dd_TaxType' 

2023-10-09 17:19:49 - [MESSAGE][PASSED] - All options with label 'New Tax Return Amount Due' are selected in object 'Object Repository/RAD_Pages/Landing_Page/dd_TaxType' 

2023-10-09 17:19:49 - [TEST_STEP][PASSED] - switch (PaymentType): null

2023-10-09 17:19:49 - [TEST_STEP][PASSED] - case "New Tax Return Amount Due":: null

2023-10-09 17:19:49 - [TEST_STEP][PASSED] - selectOptionByLabel(findTestObject("Object Repository/RAD_Pages/Landing_Page/select_NewTaxReturnAmountDue_TaxType"), TaxType, false): All options with label 'Personal Income Tax' are selected in object 'Object Repository/RAD_Pages/Landing_Page/select_NewTaxReturnAmountDue_TaxType' 

2023-10-09 17:19:49 - [MESSAGE][PASSED] - All options with label 'Personal Income Tax' are selected in object 'Object Repository/RAD_Pages/Landing_Page/select_NewTaxReturnAmountDue_TaxType' 

2023-10-09 17:19:49 - [TEST_STEP][PASSED] - break: null

2023-10-09 17:19:49 - [TEST_STEP][PASSED] - if (!(FilingYear.isEmpty())): All options with label '2020' are selected in object 'Object Repository/RAD_Pages/TaxTypeFilingYear_Page/select_FilingYear' 

2023-10-09 17:19:49 - [TEST_STEP][PASSED] - selectOptionByLabel(findTestObject(orPath_TaxTypeFilingYear + "/select_FilingYear"), FilingYear, false): All options with label '2020' are selected in object 'Object Repository/RAD_Pages/TaxTypeFilingYear_Page/select_FilingYear' 

2023-10-09 17:19:50 - [MESSAGE][PASSED] - All options with label '2020' are selected in object 'Object Repository/RAD_Pages/TaxTypeFilingYear_Page/select_FilingYear' 

2023-10-09 17:19:50 - [TEST_STEP][PASSED] - rad.getSetDataRAD.setDataRADssnAndName(): rad.getSetDataRAD.setDataRADssnAndName is PASSED

2023-10-09 17:19:51 - [MESSAGE][PASSED] - Text 'Jimmy' is set on object 'Object Repository/RAD_Pages/Taxpayer_Page/input_firstName'

2023-10-09 17:19:53 - [MESSAGE][PASSED] - Text 'Anderson' is set on object 'Object Repository/RAD_Pages/Taxpayer_Page/input_lastName'

2023-10-09 17:19:53 - [MESSAGE][PASSED] - Text '123451234' is set on object 'Object Repository/RAD_RecordAndPlay/input_concatSSN'

2023-10-09 17:19:54 - [MESSAGE][PASSED] - Text '123451234' is set on object 'Object Repository/RAD_RecordAndPlay/input_concatReSSN'

2023-10-09 17:19:54 - [MESSAGE][PASSED] - rad.getSetDataRAD.setDataRADssnAndName is PASSED

2023-10-09 17:19:54 - [TEST_STEP][PASSED] - rad.getSetDataRAD.setDataRADAddress(): rad.getSetDataRAD.setDataRADAddress is PASSED

2023-10-09 17:19:54 - [MESSAGE][PASSED] - All options with label 'United States' are selected in object 'Object Repository/RAD_Pages/AddressAndContactInfo_Page/select_Country' 

2023-10-09 17:19:55 - [MESSAGE][PASSED] - Text '2508 Mandan Terrace' is set on object 'Object Repository/RAD_Pages/AddressAndContactInfo_Page/input_streetAddress1'

2023-10-09 17:19:56 - [MESSAGE][PASSED] - Text '' is set on object 'Object Repository/RAD_Pages/AddressAndContactInfo_Page/input_streetAddress2'

2023-10-09 17:19:57 - [MESSAGE][PASSED] - Text 'Gambrills' is set on object 'Object Repository/RAD_Pages/AddressAndContactInfo_Page/input_city'

2023-10-09 17:19:57 - [MESSAGE][PASSED] - All options with label 'Maryland' are selected in object 'Object Repository/RAD_Pages/AddressAndContactInfo_Page/select_State' 

2023-10-09 17:19:58 - [MESSAGE][PASSED] - Text '21054' is set on object 'Object Repository/RAD_Pages/AddressAndContactInfo_Page/input_zipCode'

2023-10-09 17:19:59 - [MESSAGE][PASSED] - Text '(703) 894-5000' is set on object 'Object Repository/RAD_Pages/AddressAndContactInfo_Page/input_phoneNumber'

2023-10-09 17:20:00 - [MESSAGE][PASSED] - Text 'iahmed@govolution.com' is set on object 'Object Repository/RAD_Pages/AddressAndContactInfo_Page/input_eMailAddress'

2023-10-09 17:20:01 - [MESSAGE][PASSED] - Text 'iahmed@govolution.com' is set on object 'Object Repository/RAD_Pages/AddressAndContactInfo_Page/input_reEnterEMailAddress'

2023-10-09 17:20:01 - [MESSAGE][PASSED] - rad.getSetDataRAD.setDataRADAddress is PASSED

2023-10-09 17:20:01 - [TEST_STEP][PASSED] - scrollToElement(findTestObject(orPath_Landing + "/button_Continue"), 3): Scroll to object 'Object Repository/RAD_Pages/Landing_Page/button_Continue' successfully

2023-10-09 17:20:01 - [MESSAGE][PASSED] - Scroll to object 'Object Repository/RAD_Pages/Landing_Page/button_Continue' successfully

2023-10-09 17:20:01 - [TEST_STEP][PASSED] - waitForElementClickable(findTestObject(orPath_FilingStatus + "/input_JointFiling_userType_New"), 5): Object 'Object Repository/RAD_Pages/FilingStatus_Page/input_JointFiling_userType_New' is clickable

2023-10-09 17:20:01 - [MESSAGE][PASSED] - Object 'Object Repository/RAD_Pages/FilingStatus_Page/input_JointFiling_userType_New' is clickable

2023-10-09 17:20:01 - [TEST_STEP][PASSED] - check(findTestObject(orPath_FilingStatus + "/input_JointFiling_userType_New")): Object 'Object Repository/RAD_Pages/FilingStatus_Page/input_JointFiling_userType_New' is checked

2023-10-09 17:20:02 - [MESSAGE][PASSED] - Object 'Object Repository/RAD_Pages/FilingStatus_Page/input_JointFiling_userType_New' is checked

2023-10-09 17:20:02 - [TEST_STEP][PASSED] - delay(2): Delayed 2 second(s)

2023-10-09 17:20:04 - [MESSAGE][PASSED] - Delayed 2 second(s)

2023-10-09 17:20:04 - [TEST_STEP][PASSED] - rad.getSetDataRAD.setDataRADssnAndNameJointFiler(): rad.getSetDataRAD.setDataRADssnAndNameJointFiler is PASSED

2023-10-09 17:20:05 - [MESSAGE][PASSED] - Text 'Larsons' is set on object 'Object Repository/RAD_Pages/FilingStatus_Page/input_jointFirstName'

2023-10-09 17:20:05 - [MESSAGE][PASSED] - Text 'Bell' is set on object 'Object Repository/RAD_Pages/FilingStatus_Page/input_jointLastName'

2023-10-09 17:20:06 - [MESSAGE][PASSED] - Text '123459630' is set on object 'Object Repository/RAD_RecordAndPlay/input_JointFilerSSN'

2023-10-09 17:20:06 - [MESSAGE][PASSED] - Text '123459630' is set on object 'Object Repository/RAD_RecordAndPlay/input_reTypeJointFilerSSN'

2023-10-09 17:20:06 - [MESSAGE][PASSED] - rad.getSetDataRAD.setDataRADssnAndNameJointFiler is PASSED

2023-10-09 17:20:06 - [TEST_STEP][PASSED] - setText(findTestObject(orPath_Amount + "/input__paymentAmount"), "100.00"): Text '100.00' is set on object 'Object Repository/RAD_Pages/PaymentAmount_Page/input__paymentAmount'

2023-10-09 17:20:07 - [MESSAGE][PASSED] - Text '100.00' is set on object 'Object Repository/RAD_Pages/PaymentAmount_Page/input__paymentAmount'

2023-10-09 17:20:07 - [TEST_STEP][PASSED] - setText(findTestObject(orPath_AddressContact + "/input_streetAddress2"), ""): Text '' is set on object 'Object Repository/RAD_Pages/AddressAndContactInfo_Page/input_streetAddress2'

2023-10-09 17:20:08 - [MESSAGE][PASSED] - Text '' is set on object 'Object Repository/RAD_Pages/AddressAndContactInfo_Page/input_streetAddress2'

2023-10-09 17:20:08 - [TEST_STEP][PASSED] - scrollToElement(findTestObject(orPath_Landing + "/button_Continue"), 3): Scroll to object 'Object Repository/RAD_Pages/Landing_Page/button_Continue' successfully

2023-10-09 17:20:08 - [MESSAGE][PASSED] - Scroll to object 'Object Repository/RAD_Pages/Landing_Page/button_Continue' successfully

2023-10-09 17:20:08 - [TEST_STEP][PASSED] - waitForElementClickable(findTestObject(orPath_Landing + "/button_Continue"), 5): Object 'Object Repository/RAD_Pages/Landing_Page/button_Continue' is clickable

2023-10-09 17:20:09 - [MESSAGE][PASSED] - Object 'Object Repository/RAD_Pages/Landing_Page/button_Continue' is clickable

2023-10-09 17:20:09 - [TEST_STEP][PASSED] - click(findTestObject(orPath_Landing + "/button_Continue")): Object: 'Object Repository/RAD_Pages/Landing_Page/button_Continue' is clicked on

2023-10-09 17:20:09 - [MESSAGE][PASSED] - Object: 'Object Repository/RAD_Pages/Landing_Page/button_Continue' is clicked on

2023-10-09 17:20:09 - [TEST_STEP][PASSED] - delay(2): Delayed 2 second(s)

2023-10-09 17:20:11 - [MESSAGE][PASSED] - Delayed 2 second(s)

2023-10-09 17:20:11 - [TEST_STEP][PASSED] - click(findTestObject(orPath_Summary + "/button_Proceed to Payment")): Object: 'Object Repository/RAD_Pages/Summary_Page/button_Proceed to Payment' is clicked on

2023-10-09 17:20:13 - [MESSAGE][PASSED] - Object: 'Object Repository/RAD_Pages/Summary_Page/button_Proceed to Payment' is clicked on

2023-10-09 17:20:13 - [TEST_STEP][PASSED] - if (verifyElementPresent(findTestObject("Object Repository/RAD_Pages/PaymentEntry_Page/input__billingName"), 30)): null

2023-10-09 17:20:13 - [MESSAGE][PASSED] - Object 'Object Repository/RAD_Pages/PaymentEntry_Page/input__billingName' is present

2023-10-09 17:20:13 - [TEST_STEP][PASSED] - verifyTextPresent("Comptroller of Maryland", true): Text 'Comptroller of Maryland' is present on page  using regular expression

2023-10-09 17:20:13 - [MESSAGE][PASSED] - Text 'Comptroller of Maryland' is present on page  using regular expression

2023-10-09 17:20:13 - [TEST_STEP][PASSED] - verifyTextPresent("Payment Information", true): Text 'Payment Information' is present on page  using regular expression

2023-10-09 17:20:14 - [MESSAGE][PASSED] - Text 'Payment Information' is present on page  using regular expression

2023-10-09 17:20:14 - [TEST_STEP][PASSED] - card_Name = getAttribute(findTestObject("Object Repository/RAD_Pages/PaymentEntry_Page/input__billingName"), "value"): Attribute 'value' of object 'Object Repository/RAD_Pages/PaymentEntry_Page/input__billingName' is: 'Jimmy Anderson'

2023-10-09 17:20:14 - [MESSAGE][PASSED] - Attribute 'value' of object 'Object Repository/RAD_Pages/PaymentEntry_Page/input__billingName' is: 'Jimmy Anderson'

2023-10-09 17:20:14 - [TEST_STEP][PASSED] - switch (executionProfile): null

2023-10-09 17:20:14 - [TEST_STEP][PASSED] - case "QA2Profile":: null

2023-10-09 17:20:14 - [TEST_STEP][PASSED] - verifyMatch("Jimmy Anderson", card_Name, false): Actual text 'Jimmy Anderson' and expected text 'Jimmy Anderson' are matched 

2023-10-09 17:20:14 - [MESSAGE][PASSED] - Actual text 'Jimmy Anderson' and expected text 'Jimmy Anderson' are matched 

2023-10-09 17:20:14 - [TEST_STEP][PASSED] - break: null

2023-10-09 17:20:14 - [TEST_STEP][PASSED] - AL1 = getAttribute(findTestObject("Object Repository/RAD_Pages/PaymentEntry_Page/input_billingAddress"), "value"): Attribute 'value' of object 'Object Repository/RAD_Pages/PaymentEntry_Page/input_billingAddress' is: '2508 Mandan Terrace'

2023-10-09 17:20:14 - [MESSAGE][PASSED] - Attribute 'value' of object 'Object Repository/RAD_Pages/PaymentEntry_Page/input_billingAddress' is: '2508 Mandan Terrace'

2023-10-09 17:20:14 - [TEST_STEP][PASSED] - verifyMatch("2508 Mandan Terrace", AL1, false): Actual text '2508 Mandan Terrace' and expected text '2508 Mandan Terrace' are matched 

2023-10-09 17:20:14 - [MESSAGE][PASSED] - Actual text '2508 Mandan Terrace' and expected text '2508 Mandan Terrace' are matched 

2023-10-09 17:20:14 - [TEST_STEP][PASSED] - AL2 = getAttribute(findTestObject("Object Repository/RAD_Pages/PaymentEntry_Page/input_billingAddress2"), "value"): Attribute 'value' of object 'Object Repository/RAD_Pages/PaymentEntry_Page/input_billingAddress2' is: ''

2023-10-09 17:20:15 - [MESSAGE][PASSED] - Attribute 'value' of object 'Object Repository/RAD_Pages/PaymentEntry_Page/input_billingAddress2' is: ''

2023-10-09 17:20:15 - [TEST_STEP][PASSED] - verifyMatch("", AL2, false): Actual text '' and expected text '' are matched 

2023-10-09 17:20:15 - [MESSAGE][PASSED] - Actual text '' and expected text '' are matched 

2023-10-09 17:20:15 - [TEST_STEP][PASSED] - zipCode = getAttribute(findTestObject("Object Repository/RAD_Pages/PaymentEntry_Page/input_billingZip"), "value"): Attribute 'value' of object 'Object Repository/RAD_Pages/PaymentEntry_Page/input_billingZip' is: '21054'

2023-10-09 17:20:15 - [MESSAGE][PASSED] - Attribute 'value' of object 'Object Repository/RAD_Pages/PaymentEntry_Page/input_billingZip' is: '21054'

2023-10-09 17:20:15 - [TEST_STEP][PASSED] - verifyMatch("21054", zipCode, false): Actual text '21054' and expected text '21054' are matched 

2023-10-09 17:20:15 - [MESSAGE][PASSED] - Actual text '21054' and expected text '21054' are matched 

2023-10-09 17:20:15 - [TEST_STEP][PASSED] - city = getAttribute(findTestObject("Object Repository/RAD_Pages/PaymentEntry_Page/input_billingCity"), "value"): Attribute 'value' of object 'Object Repository/RAD_Pages/PaymentEntry_Page/input_billingCity' is: 'GAMBRILLS'

2023-10-09 17:20:15 - [MESSAGE][PASSED] - Attribute 'value' of object 'Object Repository/RAD_Pages/PaymentEntry_Page/input_billingCity' is: 'GAMBRILLS'

2023-10-09 17:20:15 - [TEST_STEP][PASSED] - verifyMatch("GAMBRILLS", city, false): Actual text 'GAMBRILLS' and expected text 'GAMBRILLS' are matched 

2023-10-09 17:20:15 - [MESSAGE][PASSED] - Actual text 'GAMBRILLS' and expected text 'GAMBRILLS' are matched 

2023-10-09 17:20:15 - [TEST_STEP][PASSED] - email = getAttribute(findTestObject("Object Repository/RAD_Pages/PaymentEntry_Page/input_emailAddress"), "value"): Attribute 'value' of object 'Object Repository/RAD_Pages/PaymentEntry_Page/input_emailAddress' is: 'iahmed@govolution.com'

2023-10-09 17:20:16 - [MESSAGE][PASSED] - Attribute 'value' of object 'Object Repository/RAD_Pages/PaymentEntry_Page/input_emailAddress' is: 'iahmed@govolution.com'

2023-10-09 17:20:16 - [TEST_STEP][PASSED] - verifyMatch("iahmed@govolution.com", email, false): Actual text 'iahmed@govolution.com' and expected text 'iahmed@govolution.com' are matched 

2023-10-09 17:20:16 - [MESSAGE][PASSED] - Actual text 'iahmed@govolution.com' and expected text 'iahmed@govolution.com' are matched 

2023-10-09 17:20:16 - [TEST_STEP][PASSED] - amount = getAttribute(findTestObject("Object Repository/RAD_Pages/PaymentEntry_Page/input_amount"), "value"): Attribute 'value' of object 'Object Repository/RAD_Pages/PaymentEntry_Page/input_amount' is: '100.00'

2023-10-09 17:20:16 - [MESSAGE][PASSED] - Attribute 'value' of object 'Object Repository/RAD_Pages/PaymentEntry_Page/input_amount' is: '100.00'

2023-10-09 17:20:16 - [TEST_STEP][PASSED] - verifyMatch("100.00", amount, false): Actual text '100.00' and expected text '100.00' are matched 

2023-10-09 17:20:16 - [MESSAGE][PASSED] - Actual text '100.00' and expected text '100.00' are matched 

2023-10-09 17:20:16 - [TEST_STEP][PASSED] - amountReadOnly = getAttribute(findTestObject("Object Repository/RAD_Pages/PaymentEntry_Page/input_amount"), "readonly"): Attribute 'readonly' of object 'Object Repository/RAD_Pages/PaymentEntry_Page/input_amount' is: 'true'

2023-10-09 17:20:16 - [MESSAGE][PASSED] - Attribute 'readonly' of object 'Object Repository/RAD_Pages/PaymentEntry_Page/input_amount' is: 'true'

2023-10-09 17:20:16 - [TEST_STEP][PASSED] - verifyMatch("true", amountReadOnly, false): Actual text 'true' and expected text 'true' are matched 

2023-10-09 17:20:16 - [MESSAGE][PASSED] - Actual text 'true' and expected text 'true' are matched 

2023-10-09 17:20:16 - [TEST_STEP][PASSED] - verifyOptionSelectedByLabel(findTestObject("Object Repository/RAD_Pages/PaymentEntry_Page/select_Country"), "United States", false, 20): All options with label 'United States' are selected in object 'Object Repository/RAD_Pages/PaymentEntry_Page/select_Country' 

2023-10-09 17:20:17 - [MESSAGE][PASSED] - All options with label 'United States' are selected in object 'Object Repository/RAD_Pages/PaymentEntry_Page/select_Country' 

2023-10-09 17:20:17 - [TEST_STEP][PASSED] - verifyOptionSelectedByLabel(findTestObject("Object Repository/RAD_Pages/PaymentEntry_Page/select_State"), "Maryland", false, 20): All options with label 'Maryland' are selected in object 'Object Repository/RAD_Pages/PaymentEntry_Page/select_State' 

2023-10-09 17:20:20 - [MESSAGE][PASSED] - All options with label 'Maryland' are selected in object 'Object Repository/RAD_Pages/PaymentEntry_Page/select_State' 

2023-10-09 17:20:20 - [TEST_STEP][PASSED] - setText(findTestObject(orPath_PaymentEntry + "/input__cardNumber"), "4111111111111111"): Text '4111111111111111' is set on object 'Object Repository/RAD_Pages/PaymentEntry_Page/input__cardNumber'

2023-10-09 17:20:20 - [MESSAGE][PASSED] - Text '4111111111111111' is set on object 'Object Repository/RAD_Pages/PaymentEntry_Page/input__cardNumber'

2023-10-09 17:20:20 - [TEST_STEP][PASSED] - setText(findTestObject(orPath_PaymentEntry + "/input__spc"), "123"): Text '123' is set on object 'Object Repository/RAD_Pages/PaymentEntry_Page/input__spc'

2023-10-09 17:20:21 - [MESSAGE][PASSED] - Text '123' is set on object 'Object Repository/RAD_Pages/PaymentEntry_Page/input__spc'

2023-10-09 17:20:21 - [TEST_STEP][PASSED] - selectOptionByLabel(findTestObject(orPath_PaymentEntry + "/select_MM"), "12", false): All options with label '12' are selected in object 'Object Repository/RAD_Pages/PaymentEntry_Page/select_MM' 

2023-10-09 17:20:22 - [MESSAGE][PASSED] - All options with label '12' are selected in object 'Object Repository/RAD_Pages/PaymentEntry_Page/select_MM' 

2023-10-09 17:20:22 - [TEST_STEP][PASSED] - selectOptionByLabel(findTestObject(orPath_PaymentEntry + "/select_YYYY"), "2028", false): All options with label '2028' are selected in object 'Object Repository/RAD_Pages/PaymentEntry_Page/select_YYYY' 

2023-10-09 17:20:22 - [MESSAGE][PASSED] - All options with label '2028' are selected in object 'Object Repository/RAD_Pages/PaymentEntry_Page/select_YYYY' 

2023-10-09 17:20:22 - [TEST_STEP][PASSED] - click(findTestObject(orPath_PaymentEntry + "/input_Field_ccSubmit")): Object: 'Object Repository/RAD_Pages/PaymentEntry_Page/input_Field_ccSubmit' is clicked on

2023-10-09 17:20:23 - [MESSAGE][PASSED] - Object: 'Object Repository/RAD_Pages/PaymentEntry_Page/input_Field_ccSubmit' is clicked on

2023-10-09 17:20:23 - [TEST_STEP][PASSED] - click(findTestObject(orPath_PaymentConfirmation + "/input_N_confirmNotifyAction")): Object: 'Object Repository/RAD_Pages/PaymentConfirmation_Page/input_N_confirmNotifyAction' is clicked on

2023-10-09 17:20:24 - [MESSAGE][PASSED] - Object: 'Object Repository/RAD_Pages/PaymentConfirmation_Page/input_N_confirmNotifyAction' is clicked on

2023-10-09 17:20:24 - [TEST_STEP][PASSED] - verifyTextPresent("Service Fee Acceptance", true): Text 'Service Fee Acceptance' is present on page  using regular expression

2023-10-09 17:20:25 - [MESSAGE][PASSED] - Text 'Service Fee Acceptance' is present on page  using regular expression

2023-10-09 17:20:25 - [TEST_STEP][PASSED] - verifyTextPresent("This transaction is subject to a Service Fee of ", true): Text 'This transaction is subject to a Service Fee of ' is present on page  using regular expression

2023-10-09 17:20:25 - [MESSAGE][PASSED] - Text 'This transaction is subject to a Service Fee of ' is present on page  using regular expression

2023-10-09 17:20:25 - [TEST_STEP][PASSED] - verifyTextPresent("Payment Amount:", true): Text 'Payment Amount:' is present on page  using regular expression

2023-10-09 17:20:25 - [MESSAGE][PASSED] - Text 'Payment Amount:' is present on page  using regular expression

2023-10-09 17:20:25 - [TEST_STEP][PASSED] - verifyTextPresent("100.00", true): Text '100.00' is present on page  using regular expression

2023-10-09 17:20:26 - [MESSAGE][PASSED] - Text '100.00' is present on page  using regular expression

2023-10-09 17:20:26 - [TEST_STEP][PASSED] - verifyTextPresent("Service Fee:", true): Text 'Service Fee:' is present on page  using regular expression

2023-10-09 17:20:26 - [MESSAGE][PASSED] - Text 'Service Fee:' is present on page  using regular expression

2023-10-09 17:20:26 - [TEST_STEP][PASSED] - verifyTextPresent("2.45", true): Text '2.45' is present on page  using regular expression

2023-10-09 17:20:26 - [MESSAGE][PASSED] - Text '2.45' is present on page  using regular expression

2023-10-09 17:20:26 - [TEST_STEP][PASSED] - verifyTextPresent("Total Amount:", true): Text 'Total Amount:' is present on page  using regular expression

2023-10-09 17:20:26 - [MESSAGE][PASSED] - Text 'Total Amount:' is present on page  using regular expression

2023-10-09 17:20:26 - [TEST_STEP][PASSED] - verifyTextPresent("102.45", true): Text '102.45' is present on page  using regular expression

2023-10-09 17:20:27 - [MESSAGE][PASSED] - Text '102.45' is present on page  using regular expression

2023-10-09 17:20:27 - [TEST_STEP][PASSED] - verifyTextPresent("Two transactions will appear on your bank statement, one in the amount of", true): Text 'Two transactions will appear on your bank statement, one in the amount of' is present on page  using regular expression

2023-10-09 17:20:27 - [MESSAGE][PASSED] - Text 'Two transactions will appear on your bank statement, one in the amount of' is present on page  using regular expression

2023-10-09 17:20:27 - [TEST_STEP][PASSED] - if (verifyElementPresent(findTestObject(orPath_ServiceFeesAccept + "/input_convFeeNotifyAction"), 30)): null

2023-10-09 17:20:27 - [MESSAGE][PASSED] - Object 'Object Repository/RAD_Pages/ServiceFeeAccept_Page/input_convFeeNotifyAction' is present

2023-10-09 17:20:27 - [TEST_STEP][PASSED] - resText = "Pass": null

2023-10-09 17:20:27 - [TEST_STEP][PASSED] - pages.WriteExcel.demoKey(resText, datText, resColumn, datCloumn, fileLoc, nameSheet, row): pages.WriteExcel.demoKey is PASSED

2023-10-09 17:20:27 - [MESSAGE][PASSED] - pages.WriteExcel.demoKey is PASSED]]></system-out>
         <system-err><![CDATA[]]></system-err>
      </testcase>
      <system-out><![CDATA[2023-10-09 17:13:22 - [TEST_SUITE][PASSED] - RAD_UI_TestSuite: Test Cases/RAD_TestCases/BeforePayments_TestCases/Personal_Joint_BeforePayments_TC]]></system-out>
      <system-err><![CDATA[]]></system-err>
   </testsuite>
</testsuites>
