<?xml version="1.0" encoding="UTF-8"?>
<testsuites name="VPS-Payments-TestSuite" time="2137.611" tests="3" failures="0" errors="0">
   <testsuite name="VPS-Payments-TestSuite" tests="3" failures="0" errors="0" time="2137.611" skipped="0" timestamp="2022-06-30 22:14:28" hostname="imtiaz - DESKTOP-B2QI6NS.govolution.com" id="Test Suites/QA/VSP-Bootstrap/VPS-Payments-TestSuite">
      <properties>
         <property name="deviceName" value=""/>
         <property name="devicePlatform" value=""/>
         <property name="logFolder" value="E:\\Cloned-Project-Katalon\\VPS-Katalon\\Reports\\20220630_221407\\QA\\VSP-Bootstrap\\VPS-Payments-TestSuite\\20220630_221409"/>
         <property name="logFiles" value="E:\\Cloned-Project-Katalon\\VPS-Katalon\\Reports\\20220630_221407\\QA\\VSP-Bootstrap\\VPS-Payments-TestSuite\\20220630_221409\\execution0.log"/>
         <property name="attachments" value=""/>
         <property name="hostName" value="imtiaz - DESKTOP-B2QI6NS.govolution.com"/>
         <property name="os" value="Windows 10 64bit"/>
         <property name="katalonVersion" value="8.2.5.208"/>
         <property name="browser" value="Chrome 103.0.5060.66"/>
         <property name="hostAddress" value="172.31.253.180"/>
         <property name="sessionId" value="7ce06d7182c2e00adefda7a2a0e3e1b5"/>
         <property name="seleniumVersion" value="3.141.59"/>
         <property name="proxyInformation" value="ProxyInformation { proxyOption=NO_PROXY, proxyServerType=HTTP, username=, password=********, proxyServerAddress=, proxyServerPort=0, executionList=&quot;&quot;, isApplyToDesiredCapabilities=true }"/>
         <property name="platform" value="Windows 10"/>
      </properties>
      <testcase name="Test Cases/Admin Suite Bootstrap/VSP_Payments_TestCases/Sale_TP_AllCF_Generic_Payment_TC" time="1228.273" classname="Test Cases/Admin Suite Bootstrap/VSP_Payments_TestCases/Sale_TP_AllCF_Generic_Payment_TC" status="PASSED">
         <system-out><![CDATA[2022-06-30 22:14:29 - [TEST_CASE][PASSED] - Test Cases/Admin Suite Bootstrap/VSP_Payments_TestCases/Sale_TP_AllCF_Generic_Payment_TC: Test Cases/Admin Suite Bootstrap/VSP_Payments_TestCases/Sale_TP_AllCF_Generic_Payment_TC

2022-06-30 22:14:30 - [TEST_STEP][PASSED] - path_Dashboard = "Object Repository/AdminSuiteBootstrap_Pages/Dashboard_Bootstrap/": null

2022-06-30 22:14:30 - [TEST_STEP][PASSED] - path_VT = "Object Repository/AdminSuiteBootstrap_Pages/VT_Bootstrap/IssueTransactions/": null

2022-06-30 22:14:30 - [TEST_STEP][PASSED] - path_CreateProfile = "Object Repository/AdminSuiteBootstrap_Pages/VSP_Bootstrap/CreateProfile/": null

2022-06-30 22:14:30 - [TEST_STEP][PASSED] - path_AddAccount = "Object Repository/AdminSuiteBootstrap_Pages/VSP_Bootstrap/AddAccount/": null

2022-06-30 22:14:30 - [TEST_STEP][PASSED] - path_Add_ACH = "Object Repository/AdminSuiteBootstrap_Pages/VSP_Bootstrap/AddACH/": null

2022-06-30 22:14:30 - [TEST_STEP][PASSED] - path_Add_CC = "Object Repository/AdminSuiteBootstrap_Pages/VSP_Bootstrap/AddCreditCard/": null

2022-06-30 22:14:30 - [TEST_STEP][PASSED] - path_App_Plan = "Object Repository/AdminSuiteBootstrap_Pages/VSP_Bootstrap/AddPaymentPlan/": null

2022-06-30 22:14:30 - [TEST_STEP][PASSED] - path_DeleteProfile = "Object Repository/AdminSuiteBootstrap_Pages/VSP_Bootstrap/DeleteProfile/": null

2022-06-30 22:14:30 - [TEST_STEP][PASSED] - path_ModifyProfile = "Object Repository/AdminSuiteBootstrap_Pages/VSP_Bootstrap/ModifyProfile/": null

2022-06-30 22:14:30 - [TEST_STEP][PASSED] - path_ViewProfile = "Object Repository/AdminSuiteBootstrap_Pages/VSP_Bootstrap/View Profile/": null

2022-06-30 22:14:30 - [TEST_STEP][PASSED] - path_VSPAuth = "Object Repository/AdminSuiteBootstrap_Pages/VSP_Bootstrap/VSP_Auth/": null

2022-06-30 22:14:30 - [TEST_STEP][PASSED] - path_VSPAuthCap = "Object Repository/AdminSuiteBootstrap_Pages/VSP_Bootstrap/VSP_Authcap/": null

2022-06-30 22:14:30 - [TEST_STEP][PASSED] - path_Debit = "Object Repository/AdminSuiteBootstrap_Pages/VSP_Bootstrap/VSP_Debit/": null

2022-06-30 22:14:30 - [TEST_STEP][PASSED] - path_DeleteProfileConfirm = "Object Repository/AdminSuiteBootstrap_Pages/VSP_Bootstrap/DeleteProfileConfirm/": null

2022-06-30 22:14:30 - [TEST_STEP][PASSED] - executionProfile = getExecutionProfile(): null

2022-06-30 22:14:30 - [TEST_STEP][PASSED] - out.println("executionProfile : " + executionProfile): null

2022-06-30 22:14:30 - [TEST_STEP][PASSED] - appName = <not implemented yet for class: org.codehaus.groovy.ast.expr.EmptyExpression>: null

2022-06-30 22:14:30 - [TEST_STEP][PASSED] - appID = <not implemented yet for class: org.codehaus.groovy.ast.expr.EmptyExpression>: null

2022-06-30 22:14:30 - [TEST_STEP][PASSED] - cardNameV = <not implemented yet for class: org.codehaus.groovy.ast.expr.EmptyExpression>: null

2022-06-30 22:14:30 - [TEST_STEP][PASSED] - al1V = <not implemented yet for class: org.codehaus.groovy.ast.expr.EmptyExpression>: null

2022-06-30 22:14:30 - [TEST_STEP][PASSED] - al2V = <not implemented yet for class: org.codehaus.groovy.ast.expr.EmptyExpression>: null

2022-06-30 22:14:30 - [TEST_STEP][PASSED] - zipV = <not implemented yet for class: org.codehaus.groovy.ast.expr.EmptyExpression>: null

2022-06-30 22:14:30 - [TEST_STEP][PASSED] - cardTypeV = <not implemented yet for class: org.codehaus.groovy.ast.expr.EmptyExpression>: null

2022-06-30 22:14:30 - [TEST_STEP][PASSED] - last4V = <not implemented yet for class: org.codehaus.groovy.ast.expr.EmptyExpression>: null

2022-06-30 22:14:30 - [TEST_STEP][PASSED] - nameSheet = "CC-Payments-Sale": null

2022-06-30 22:14:30 - [TEST_STEP][PASSED] - numOfRows = findTestData("QA/Bootstrap/VSP-Payments-TestData/CC-Payments-Sale").getRowNumbers(): null

2022-06-30 22:14:30 - [TEST_STEP][PASSED] - println("Number of Records: " + numOfRows): null

2022-06-30 22:14:30 - [TEST_STEP][PASSED] - dataFile = "QA/Bootstrap/VSP-Payments-TestData/CC-Payments-Sale": null

2022-06-30 22:14:30 - [TEST_STEP][PASSED] - for ([row = 1, row <= numOfRows, (row++)]): Browser is closed

2022-06-30 22:14:30 - [TEST_STEP][PASSED] - ExecuteTC = findTestData(dataFile).getValue("Execute", row): null

2022-06-30 22:14:30 - [TEST_STEP][PASSED] - out.println("Value of Execute is : " + ExecuteTC): null

2022-06-30 22:14:30 - [TEST_STEP][PASSED] - switch (executionProfile): null

2022-06-30 22:14:30 - [TEST_STEP][PASSED] - case "QAProfile":: null

2022-06-30 22:14:30 - [TEST_STEP][PASSED] - appName = findTestData(dataFile).getValue("AppNameQA", row): null

2022-06-30 22:14:31 - [TEST_STEP][PASSED] - appID = findTestData(dataFile).getValue("AppIDQA", row): null

2022-06-30 22:14:31 - [TEST_STEP][PASSED] - break: null

2022-06-30 22:14:31 - [TEST_STEP][PASSED] - if (ExecuteTC.equalsIgnoreCase("Y")): null

2022-06-30 22:14:31 - [TEST_STEP][PASSED] - out.println("Begin Record Number: " + row): null

2022-06-30 22:14:31 - [TEST_STEP][PASSED] - today = new java.util.Date(): null

2022-06-30 22:14:31 - [TEST_STEP][PASSED] - println(today): null

2022-06-30 22:14:31 - [TEST_STEP][PASSED] - datText = today: null

2022-06-30 22:14:31 - [TEST_STEP][PASSED] - adminSuiteBootstrap.loginFunctionality.login_AdminSuite(): adminSuiteBootstrap.loginFunctionality.login_AdminSuite is PASSED

2022-06-30 22:14:31 - [MESSAGE][INFO] - Starting 'Chrome' driver

2022-06-30 22:14:31 - [MESSAGE][INFO] - User set preference: ['acceptInsecureCerts', 'true']

2022-06-30 22:14:32 - [MESSAGE][INFO] - Action delay is set to 0 milliseconds

2022-06-30 22:14:36 - [MESSAGE][PASSED] - Browser is opened with url: 'https://qa.velocitypayment.com/admin/imtiaz'

2022-06-30 22:14:36 - [MESSAGE][PASSED] - Current window maximized

2022-06-30 22:14:36 - [MESSAGE][PASSED] - Object 'Object Repository/Login_Page/Login_Username' is present

2022-06-30 22:14:37 - [MESSAGE][PASSED] - Text 'iahmed' is set on object 'Object Repository/Login_Page/Login_Username'

2022-06-30 22:14:38 - [MESSAGE][PASSED] - Text 'hello2222' is set on object 'Object Repository/Login_Page/Login_Password'

2022-06-30 22:14:42 - [MESSAGE][PASSED] - Object: 'Object Repository/Login_Page/Login_Submit' is clicked on

2022-06-30 22:14:42 - [MESSAGE][PASSED] - adminSuiteBootstrap.loginFunctionality.login_AdminSuite is PASSED

2022-06-30 22:14:42 - [TEST_STEP][PASSED] - click(findTestObject(path_Dashboard + appName)): Object: 'Object Repository/AdminSuiteBootstrap_Pages/Dashboard_Bootstrap/a_Access AutoNoCFtp' is clicked on

2022-06-30 22:14:43 - [MESSAGE][PASSED] - Object: 'Object Repository/AdminSuiteBootstrap_Pages/Dashboard_Bootstrap/a_Access AutoNoCFtp' is clicked on

2022-06-30 22:14:43 - [TEST_STEP][PASSED] - click(findTestObject(path_VT + "a_Find Profile")): Object: 'Object Repository/AdminSuiteBootstrap_Pages/VT_Bootstrap/IssueTransactions/a_Find Profile' is clicked on

2022-06-30 22:14:44 - [MESSAGE][PASSED] - Object: 'Object Repository/AdminSuiteBootstrap_Pages/VT_Bootstrap/IssueTransactions/a_Find Profile' is clicked on

2022-06-30 22:14:44 - [TEST_STEP][PASSED] - criteria = <not implemented yet for class: org.codehaus.groovy.ast.expr.EmptyExpression>: null

2022-06-30 22:14:44 - [TEST_STEP][PASSED] - searchBy = <not implemented yet for class: org.codehaus.groovy.ast.expr.EmptyExpression>: null

2022-06-30 22:14:44 - [TEST_STEP][PASSED] - criteria = findTestData(dataFile).getValue("ProfileName", row): null

2022-06-30 22:14:44 - [TEST_STEP][PASSED] - path_SearchProfile = "Object Repository/AdminSuiteBootstrap_Pages/VSP_Bootstrap/SearchProfile/": null

2022-06-30 22:14:44 - [TEST_STEP][PASSED] - setText(findTestObject(path_SearchProfile + "input_Criteria"), criteria): Text 'PaymentsVisa' is set on object 'Object Repository/AdminSuiteBootstrap_Pages/VSP_Bootstrap/SearchProfile/input_Criteria'

2022-06-30 22:14:45 - [MESSAGE][PASSED] - Text 'PaymentsVisa' is set on object 'Object Repository/AdminSuiteBootstrap_Pages/VSP_Bootstrap/SearchProfile/input_Criteria'

2022-06-30 22:14:45 - [TEST_STEP][PASSED] - click(findTestObject(path_SearchProfile + "button_Search")): Object: 'Object Repository/AdminSuiteBootstrap_Pages/VSP_Bootstrap/SearchProfile/button_Search' is clicked on

2022-06-30 22:14:46 - [MESSAGE][PASSED] - Object: 'Object Repository/AdminSuiteBootstrap_Pages/VSP_Bootstrap/SearchProfile/button_Search' is clicked on

2022-06-30 22:14:46 - [TEST_STEP][PASSED] - profNameLink = findTestData(dataFile).getValue("ProfileNameLink", row): null

2022-06-30 22:14:46 - [TEST_STEP][PASSED] - click(findTestObject(path_ViewProfile + profNameLink)): Object: 'Object Repository/AdminSuiteBootstrap_Pages/VSP_Bootstrap/View Profile/a_PaymentsVisa' is clicked on

2022-06-30 22:14:48 - [MESSAGE][PASSED] - Object: 'Object Repository/AdminSuiteBootstrap_Pages/VSP_Bootstrap/View Profile/a_PaymentsVisa' is clicked on

2022-06-30 22:14:48 - [TEST_STEP][PASSED] - click(findTestObject(path_ViewProfile + "a_AuthCap")): Object: 'Object Repository/AdminSuiteBootstrap_Pages/VSP_Bootstrap/View Profile/a_AuthCap' is clicked on

2022-06-30 22:14:51 - [MESSAGE][PASSED] - Object: 'Object Repository/AdminSuiteBootstrap_Pages/VSP_Bootstrap/View Profile/a_AuthCap' is clicked on

2022-06-30 22:14:51 - [TEST_STEP][PASSED] - verifyTextPresent("Credit Card Authorization Capture", true): Text 'Credit Card Authorization Capture' is present on page  using regular expression

2022-06-30 22:14:52 - [MESSAGE][PASSED] - Text 'Credit Card Authorization Capture' is present on page  using regular expression

2022-06-30 22:14:52 - [TEST_STEP][PASSED] - verifyTextPresent("Sale", true): Text 'Sale' is present on page  using regular expression

2022-06-30 22:14:52 - [MESSAGE][PASSED] - Text 'Sale' is present on page  using regular expression

2022-06-30 22:14:52 - [TEST_STEP][PASSED] - verifyTextPresent("Required fields are highlighted with an asterisk", true): Text 'Required fields are highlighted with an asterisk' is present on page  using regular expression

2022-06-30 22:14:53 - [MESSAGE][PASSED] - Text 'Required fields are highlighted with an asterisk' is present on page  using regular expression

2022-06-30 22:14:53 - [TEST_STEP][PASSED] - verifyTextPresent("Remittance ID", true): Text 'Remittance ID' is present on page  using regular expression

2022-06-30 22:14:53 - [MESSAGE][PASSED] - Text 'Remittance ID' is present on page  using regular expression

2022-06-30 22:14:53 - [TEST_STEP][PASSED] - vspBootstrap.SalePage.setDataSaleAndAuth(row, dataFile): vspBootstrap.SalePage.setDataSaleAndAuth is PASSED

2022-06-30 22:14:55 - [MESSAGE][PASSED] - All options with value 'MOTO' are selected in object 'Object Repository/AdminSuiteBootstrap_Pages/VSP_Bootstrap/VSP_Authcap/select_TransactionCategory'  using regular expression

2022-06-30 22:14:55 - [MESSAGE][PASSED] - Text '123' is set on object 'Object Repository/AdminSuiteBootstrap_Pages/VSP_Bootstrap/VSP_Authcap/input_cvv'

2022-06-30 22:14:56 - [MESSAGE][PASSED] - Text '' is set on object 'Object Repository/AdminSuiteBootstrap_Pages/VSP_Bootstrap/VSP_Authcap/input_smsNumber'

2022-06-30 22:14:57 - [MESSAGE][PASSED] - Text '2.50' is set on object 'Object Repository/AdminSuiteBootstrap_Pages/VSP_Bootstrap/VSP_Authcap/input_amount'

2022-06-30 22:14:57 - [MESSAGE][PASSED] - Text 'Delhi' is set on object 'Object Repository/AdminSuiteBootstrap_Pages/VSP_Bootstrap/VSP_Authcap/input_userDefined1'

2022-06-30 22:14:58 - [MESSAGE][PASSED] - Text 'Chennai' is set on object 'Object Repository/AdminSuiteBootstrap_Pages/VSP_Bootstrap/VSP_Authcap/input_userDefined2'

2022-06-30 22:14:59 - [MESSAGE][PASSED] - Text 'Mumbai' is set on object 'Object Repository/AdminSuiteBootstrap_Pages/VSP_Bootstrap/VSP_Authcap/input_userDefined3'

2022-06-30 22:15:00 - [MESSAGE][PASSED] - Text 'Kanpur' is set on object 'Object Repository/AdminSuiteBootstrap_Pages/VSP_Bootstrap/VSP_Authcap/input_userDefined4'

2022-06-30 22:15:01 - [MESSAGE][PASSED] - All options with label 'Orange' are selected in object 'Object Repository/AdminSuiteBootstrap_Pages/VSP_Bootstrap/VSP_Authcap/select_UDF5'  using regular expression

2022-06-30 22:15:02 - [MESSAGE][PASSED] - All options with label 'Yellow' are selected in object 'Object Repository/AdminSuiteBootstrap_Pages/VSP_Bootstrap/VSP_Authcap/select_UDF6'  using regular expression

2022-06-30 22:15:02 - [MESSAGE][PASSED] - Text 'Kolkata' is set on object 'Object Repository/AdminSuiteBootstrap_Pages/VSP_Bootstrap/VSP_Authcap/input_userDefined7'

2022-06-30 22:15:03 - [MESSAGE][PASSED] - Text 'Pune' is set on object 'Object Repository/AdminSuiteBootstrap_Pages/VSP_Bootstrap/VSP_Authcap/input_userDefined8'

2022-06-30 22:15:04 - [MESSAGE][PASSED] - Text 'Bhavnagar' is set on object 'Object Repository/AdminSuiteBootstrap_Pages/VSP_Bootstrap/VSP_Authcap/input_userDefined9'

2022-06-30 22:15:04 - [MESSAGE][PASSED] - Text 'Noida' is set on object 'Object Repository/AdminSuiteBootstrap_Pages/VSP_Bootstrap/VSP_Authcap/input_userDefined10'

2022-06-30 22:15:07 - [MESSAGE][PASSED] - Object: 'Object Repository/AdminSuiteBootstrap_Pages/VSP_Bootstrap/VSP_Authcap/button_Submit' is clicked on

2022-06-30 22:15:07 - [MESSAGE][PASSED] - vspBootstrap.SalePage.setDataSaleAndAuth is PASSED

2022-06-30 22:15:07 - [TEST_STEP][PASSED] - verifyTextPresent("Transaction Successful", true): Text 'Transaction Successful' is present on page  using regular expression

2022-06-30 22:15:07 - [MESSAGE][PASSED] - Text 'Transaction Successful' is present on page  using regular expression

2022-06-30 22:15:07 - [TEST_STEP][PASSED] - verifyElementVisible(findTestObject("Object Repository/AdminSuiteBootstrap_Pages/VT_Bootstrap/Receipt/button_Continue")): Object 'Object Repository/AdminSuiteBootstrap_Pages/VT_Bootstrap/Receipt/button_Continue' is visible

2022-06-30 22:15:08 - [MESSAGE][PASSED] - Object 'Object Repository/AdminSuiteBootstrap_Pages/VT_Bootstrap/Receipt/button_Continue' is visible

2022-06-30 22:15:08 - [TEST_STEP][PASSED] - verifyElementPresent(findTestObject("Object Repository/AdminSuiteBootstrap_Pages/VT_Bootstrap/Receipt/button_Continue"), 20): Object 'Object Repository/AdminSuiteBootstrap_Pages/VT_Bootstrap/Receipt/button_Continue' is present

2022-06-30 22:15:08 - [MESSAGE][PASSED] - Object 'Object Repository/AdminSuiteBootstrap_Pages/VT_Bootstrap/Receipt/button_Continue' is present

2022-06-30 22:15:08 - [TEST_STEP][PASSED] - verifyElementVisible(findTestObject("Object Repository/AdminSuiteBootstrap_Pages/VT_Bootstrap/Receipt/button_Print")): Object 'Object Repository/AdminSuiteBootstrap_Pages/VT_Bootstrap/Receipt/button_Print' is visible

2022-06-30 22:15:09 - [MESSAGE][PASSED] - Object 'Object Repository/AdminSuiteBootstrap_Pages/VT_Bootstrap/Receipt/button_Print' is visible

2022-06-30 22:15:09 - [TEST_STEP][PASSED] - verifyElementPresent(findTestObject("Object Repository/AdminSuiteBootstrap_Pages/VT_Bootstrap/Receipt/button_Print"), 20): Object 'Object Repository/AdminSuiteBootstrap_Pages/VT_Bootstrap/Receipt/button_Print' is present

2022-06-30 22:15:09 - [MESSAGE][PASSED] - Object 'Object Repository/AdminSuiteBootstrap_Pages/VT_Bootstrap/Receipt/button_Print' is present

2022-06-30 22:15:09 - [TEST_STEP][PASSED] - verifyTextPresent("Remittance ID", true): Text 'Remittance ID' is present on page  using regular expression

2022-06-30 22:15:09 - [MESSAGE][PASSED] - Text 'Remittance ID' is present on page  using regular expression

2022-06-30 22:15:09 - [TEST_STEP][PASSED] - verifyTextPresent("Received", true): Text 'Received' is present on page  using regular expression

2022-06-30 22:15:10 - [MESSAGE][PASSED] - Text 'Received' is present on page  using regular expression

2022-06-30 22:15:10 - [TEST_STEP][PASSED] - verifyTextPresent("UDF1", true): Text 'UDF1' is present on page  using regular expression

2022-06-30 22:15:10 - [MESSAGE][PASSED] - Text 'UDF1' is present on page  using regular expression

2022-06-30 22:15:10 - [TEST_STEP][PASSED] - verifyTextPresent("UDF2", true): Text 'UDF2' is present on page  using regular expression

2022-06-30 22:15:10 - [MESSAGE][PASSED] - Text 'UDF2' is present on page  using regular expression

2022-06-30 22:15:10 - [TEST_STEP][PASSED] - verifyTextPresent("UDF3", true): Text 'UDF3' is present on page  using regular expression

2022-06-30 22:15:10 - [MESSAGE][PASSED] - Text 'UDF3' is present on page  using regular expression

2022-06-30 22:15:10 - [TEST_STEP][PASSED] - verifyTextPresent("UDF4", true): Text 'UDF4' is present on page  using regular expression

2022-06-30 22:15:11 - [MESSAGE][PASSED] - Text 'UDF4' is present on page  using regular expression

2022-06-30 22:15:11 - [TEST_STEP][PASSED] - verifyTextPresent("UDF5", true): Text 'UDF5' is present on page  using regular expression

2022-06-30 22:15:11 - [MESSAGE][PASSED] - Text 'UDF5' is present on page  using regular expression

2022-06-30 22:15:11 - [TEST_STEP][PASSED] - verifyTextPresent("UDF6", true): Text 'UDF6' is present on page  using regular expression

2022-06-30 22:15:11 - [MESSAGE][PASSED] - Text 'UDF6' is present on page  using regular expression

2022-06-30 22:15:11 - [TEST_STEP][PASSED] - verifyTextPresent("UDF7", true): Text 'UDF7' is present on page  using regular expression

2022-06-30 22:15:12 - [MESSAGE][PASSED] - Text 'UDF7' is present on page  using regular expression

2022-06-30 22:15:12 - [TEST_STEP][PASSED] - verifyTextPresent("UDF8", true): Text 'UDF8' is present on page  using regular expression

2022-06-30 22:15:12 - [MESSAGE][PASSED] - Text 'UDF8' is present on page  using regular expression

2022-06-30 22:15:12 - [TEST_STEP][PASSED] - verifyTextPresent("UDF9", true): Text 'UDF9' is present on page  using regular expression

2022-06-30 22:15:12 - [MESSAGE][PASSED] - Text 'UDF9' is present on page  using regular expression

2022-06-30 22:15:12 - [TEST_STEP][PASSED] - verifyTextPresent("UDF 10", true): Text 'UDF 10' is present on page  using regular expression

2022-06-30 22:15:13 - [MESSAGE][PASSED] - Text 'UDF 10' is present on page  using regular expression

2022-06-30 22:15:13 - [TEST_STEP][PASSED] - verifyTextPresent("Delhi", true): Text 'Delhi' is present on page  using regular expression

2022-06-30 22:15:13 - [MESSAGE][PASSED] - Text 'Delhi' is present on page  using regular expression

2022-06-30 22:15:13 - [TEST_STEP][PASSED] - verifyTextPresent("Chennai", true): Text 'Chennai' is present on page  using regular expression

2022-06-30 22:15:13 - [MESSAGE][PASSED] - Text 'Chennai' is present on page  using regular expression

2022-06-30 22:15:13 - [TEST_STEP][PASSED] - verifyTextPresent("Mumbai", true): Text 'Mumbai' is present on page  using regular expression

2022-06-30 22:15:14 - [MESSAGE][PASSED] - Text 'Mumbai' is present on page  using regular expression

2022-06-30 22:15:14 - [TEST_STEP][PASSED] - verifyTextPresent("Kanpur", true): Text 'Kanpur' is present on page  using regular expression

2022-06-30 22:15:14 - [MESSAGE][PASSED] - Text 'Kanpur' is present on page  using regular expression

2022-06-30 22:15:14 - [TEST_STEP][PASSED] - verifyTextPresent("Orange Recorded", true): Text 'Orange Recorded' is present on page  using regular expression

2022-06-30 22:15:14 - [MESSAGE][PASSED] - Text 'Orange Recorded' is present on page  using regular expression

2022-06-30 22:15:14 - [TEST_STEP][PASSED] - verifyTextPresent("Yellow Recorded", true): Text 'Yellow Recorded' is present on page  using regular expression

2022-06-30 22:15:15 - [MESSAGE][PASSED] - Text 'Yellow Recorded' is present on page  using regular expression

2022-06-30 22:15:15 - [TEST_STEP][PASSED] - verifyTextPresent("Kolkata", true): Text 'Kolkata' is present on page  using regular expression

2022-06-30 22:15:15 - [MESSAGE][PASSED] - Text 'Kolkata' is present on page  using regular expression

2022-06-30 22:15:15 - [TEST_STEP][PASSED] - verifyTextPresent("Pune", true): Text 'Pune' is present on page  using regular expression

2022-06-30 22:15:15 - [MESSAGE][PASSED] - Text 'Pune' is present on page  using regular expression

2022-06-30 22:15:15 - [TEST_STEP][PASSED] - verifyTextPresent("Bhavnagar", true): Text 'Bhavnagar' is present on page  using regular expression

2022-06-30 22:15:16 - [MESSAGE][PASSED] - Text 'Bhavnagar' is present on page  using regular expression

2022-06-30 22:15:16 - [TEST_STEP][PASSED] - verifyTextPresent("Noida", true): Text 'Noida' is present on page  using regular expression

2022-06-30 22:15:16 - [MESSAGE][PASSED] - Text 'Noida' is present on page  using regular expression

2022-06-30 22:15:16 - [TEST_STEP][PASSED] - verifyTextPresent("Amount", true): Text 'Amount' is present on page  using regular expression

2022-06-30 22:15:16 - [MESSAGE][PASSED] - Text 'Amount' is present on page  using regular expression

2022-06-30 22:15:16 - [TEST_STEP][PASSED] - verifyTextPresent("2.50", true): Text '2.50' is present on page  using regular expression

2022-06-30 22:15:17 - [MESSAGE][PASSED] - Text '2.50' is present on page  using regular expression

2022-06-30 22:15:17 - [TEST_STEP][PASSED] - verifyTextPresent("Authorization and Capture", true): Text 'Authorization and Capture' is present on page  using regular expression

2022-06-30 22:15:17 - [MESSAGE][PASSED] - Text 'Authorization and Capture' is present on page  using regular expression

2022-06-30 22:15:17 - [TEST_STEP][PASSED] - verifyTextPresent("Card Information", true): Text 'Card Information' is present on page  using regular expression

2022-06-30 22:15:17 - [MESSAGE][PASSED] - Text 'Card Information' is present on page  using regular expression

2022-06-30 22:15:17 - [TEST_STEP][PASSED] - verifyTextPresent("TANDON RAVENA", true): Text 'TANDON RAVENA' is present on page  using regular expression

2022-06-30 22:15:18 - [MESSAGE][PASSED] - Text 'TANDON RAVENA' is present on page  using regular expression

2022-06-30 22:15:18 - [TEST_STEP][PASSED] - verifyTextPresent("Address Line 1", true): Text 'Address Line 1' is present on page  using regular expression

2022-06-30 22:15:18 - [MESSAGE][PASSED] - Text 'Address Line 1' is present on page  using regular expression

2022-06-30 22:15:18 - [TEST_STEP][PASSED] - verifyTextPresent("Address Line 2", true): Text 'Address Line 2' is present on page  using regular expression

2022-06-30 22:15:18 - [MESSAGE][PASSED] - Text 'Address Line 2' is present on page  using regular expression

2022-06-30 22:15:18 - [TEST_STEP][PASSED] - verifyTextPresent("Country", true): Text 'Country' is present on page  using regular expression

2022-06-30 22:15:19 - [MESSAGE][PASSED] - Text 'Country' is present on page  using regular expression

2022-06-30 22:15:19 - [TEST_STEP][PASSED] - verifyTextPresent("City", true): Text 'City' is present on page  using regular expression

2022-06-30 22:15:19 - [MESSAGE][PASSED] - Text 'City' is present on page  using regular expression

2022-06-30 22:15:19 - [TEST_STEP][PASSED] - verifyTextPresent("State", true): Text 'State' is present on page  using regular expression

2022-06-30 22:15:19 - [MESSAGE][PASSED] - Text 'State' is present on page  using regular expression

2022-06-30 22:15:19 - [TEST_STEP][PASSED] - verifyTextPresent("ZIP Code", true): Text 'ZIP Code' is present on page  using regular expression

2022-06-30 22:15:20 - [MESSAGE][PASSED] - Text 'ZIP Code' is present on page  using regular expression

2022-06-30 22:15:20 - [TEST_STEP][PASSED] - verifyTextPresent("248 PhoolKaante road", true): Text '248 PhoolKaante road' is present on page  using regular expression

2022-06-30 22:15:20 - [MESSAGE][PASSED] - Text '248 PhoolKaante road' is present on page  using regular expression

2022-06-30 22:15:20 - [TEST_STEP][PASSED] - verifyTextPresent("Suite 678", true): Text 'Suite 678' is present on page  using regular expression

2022-06-30 22:15:20 - [MESSAGE][PASSED] - Text 'Suite 678' is present on page  using regular expression

2022-06-30 22:15:20 - [TEST_STEP][PASSED] - verifyTextPresent("United States", true): Text 'United States' is present on page  using regular expression

2022-06-30 22:15:21 - [MESSAGE][PASSED] - Text 'United States' is present on page  using regular expression

2022-06-30 22:15:21 - [TEST_STEP][PASSED] - verifyTextPresent("ARLINGTON", true): Text 'ARLINGTON' is present on page  using regular expression

2022-06-30 22:15:21 - [MESSAGE][PASSED] - Text 'ARLINGTON' is present on page  using regular expression

2022-06-30 22:15:21 - [TEST_STEP][PASSED] - verifyTextPresent("VA", true): Text 'VA' is present on page  using regular expression

2022-06-30 22:15:21 - [MESSAGE][PASSED] - Text 'VA' is present on page  using regular expression

2022-06-30 22:15:21 - [TEST_STEP][PASSED] - verifyTextPresent("22201", true): Text '22201' is present on page  using regular expression

2022-06-30 22:15:22 - [MESSAGE][PASSED] - Text '22201' is present on page  using regular expression

2022-06-30 22:15:22 - [TEST_STEP][PASSED] - cardTypeV = findTestData(dataFile).getValue("CardType", row): null

2022-06-30 22:15:22 - [TEST_STEP][PASSED] - last4V = findTestData(dataFile).getValue("Last4", row): null

2022-06-30 22:15:22 - [TEST_STEP][PASSED] - verifyTextPresent(cardTypeV, true): Text 'Visa' is present on page  using regular expression

2022-06-30 22:15:22 - [MESSAGE][PASSED] - Text 'Visa' is present on page  using regular expression

2022-06-30 22:15:22 - [TEST_STEP][PASSED] - verifyTextPresent(last4V, true): Text '5439' is present on page  using regular expression

2022-06-30 22:15:22 - [MESSAGE][PASSED] - Text '5439' is present on page  using regular expression

2022-06-30 22:15:22 - [TEST_STEP][PASSED] - switch (appName): null

2022-06-30 22:15:22 - [TEST_STEP][PASSED] - closeBrowser(): Browser is closed

2022-06-30 22:15:23 - [MESSAGE][PASSED] - Browser is closed

2022-06-30 22:15:23 - [TEST_STEP][PASSED] - ExecuteTC = findTestData(dataFile).getValue("Execute", row): null

2022-06-30 22:15:23 - [TEST_STEP][PASSED] - out.println("Value of Execute is : " + ExecuteTC): null

2022-06-30 22:15:23 - [TEST_STEP][PASSED] - switch (executionProfile): null

2022-06-30 22:15:23 - [TEST_STEP][PASSED] - case "QAProfile":: null

2022-06-30 22:15:23 - [TEST_STEP][PASSED] - appName = findTestData(dataFile).getValue("AppNameQA", row): null

2022-06-30 22:15:24 - [TEST_STEP][PASSED] - appID = findTestData(dataFile).getValue("AppIDQA", row): null

2022-06-30 22:15:24 - [TEST_STEP][PASSED] - break: null

2022-06-30 22:15:24 - [TEST_STEP][PASSED] - if (ExecuteTC.equalsIgnoreCase("Y")): null

2022-06-30 22:15:24 - [TEST_STEP][PASSED] - out.println("Begin Record Number: " + row): null

2022-06-30 22:15:24 - [TEST_STEP][PASSED] - today = new java.util.Date(): null

2022-06-30 22:15:24 - [TEST_STEP][PASSED] - println(today): null

2022-06-30 22:15:24 - [TEST_STEP][PASSED] - datText = today: null

2022-06-30 22:15:24 - [TEST_STEP][PASSED] - adminSuiteBootstrap.loginFunctionality.login_AdminSuite(): adminSuiteBootstrap.loginFunctionality.login_AdminSuite is PASSED

2022-06-30 22:15:24 - [MESSAGE][INFO] - Starting 'Chrome' driver

2022-06-30 22:15:24 - [MESSAGE][INFO] - User set preference: ['acceptInsecureCerts', 'true']

2022-06-30 22:15:24 - [MESSAGE][INFO] - Action delay is set to 0 milliseconds

2022-06-30 22:15:27 - [MESSAGE][PASSED] - Browser is opened with url: 'https://qa.velocitypayment.com/admin/imtiaz'

2022-06-30 22:15:27 - [MESSAGE][PASSED] - Current window maximized

2022-06-30 22:15:27 - [MESSAGE][PASSED] - Object 'Object Repository/Login_Page/Login_Username' is present

2022-06-30 22:15:28 - [MESSAGE][PASSED] - Text 'iahmed' is set on object 'Object Repository/Login_Page/Login_Username'

2022-06-30 22:15:29 - [MESSAGE][PASSED] - Text 'hello2222' is set on object 'Object Repository/Login_Page/Login_Password'

2022-06-30 22:15:33 - [MESSAGE][PASSED] - Object: 'Object Repository/Login_Page/Login_Submit' is clicked on

2022-06-30 22:15:33 - [MESSAGE][PASSED] - adminSuiteBootstrap.loginFunctionality.login_AdminSuite is PASSED

2022-06-30 22:15:33 - [TEST_STEP][PASSED] - click(findTestObject(path_Dashboard + appName)): Object: 'Object Repository/AdminSuiteBootstrap_Pages/Dashboard_Bootstrap/a_Access AutoNoCFtp' is clicked on

2022-06-30 22:15:34 - [MESSAGE][PASSED] - Object: 'Object Repository/AdminSuiteBootstrap_Pages/Dashboard_Bootstrap/a_Access AutoNoCFtp' is clicked on

2022-06-30 22:15:34 - [TEST_STEP][PASSED] - click(findTestObject(path_VT + "a_Find Profile")): Object: 'Object Repository/AdminSuiteBootstrap_Pages/VT_Bootstrap/IssueTransactions/a_Find Profile' is clicked on

2022-06-30 22:15:34 - [MESSAGE][PASSED] - Object: 'Object Repository/AdminSuiteBootstrap_Pages/VT_Bootstrap/IssueTransactions/a_Find Profile' is clicked on

2022-06-30 22:15:34 - [TEST_STEP][PASSED] - criteria = <not implemented yet for class: org.codehaus.groovy.ast.expr.EmptyExpression>: null

2022-06-30 22:15:34 - [TEST_STEP][PASSED] - searchBy = <not implemented yet for class: org.codehaus.groovy.ast.expr.EmptyExpression>: null

2022-06-30 22:15:34 - [TEST_STEP][PASSED] - criteria = findTestData(dataFile).getValue("ProfileName", row): null

2022-06-30 22:15:34 - [TEST_STEP][PASSED] - path_SearchProfile = "Object Repository/AdminSuiteBootstrap_Pages/VSP_Bootstrap/SearchProfile/": null

2022-06-30 22:15:34 - [TEST_STEP][PASSED] - setText(findTestObject(path_SearchProfile + "input_Criteria"), criteria): Text 'PaymentsMC' is set on object 'Object Repository/AdminSuiteBootstrap_Pages/VSP_Bootstrap/SearchProfile/input_Criteria'

2022-06-30 22:15:35 - [MESSAGE][PASSED] - Text 'PaymentsMC' is set on object 'Object Repository/AdminSuiteBootstrap_Pages/VSP_Bootstrap/SearchProfile/input_Criteria'

2022-06-30 22:15:35 - [TEST_STEP][PASSED] - click(findTestObject(path_SearchProfile + "button_Search")): Object: 'Object Repository/AdminSuiteBootstrap_Pages/VSP_Bootstrap/SearchProfile/button_Search' is clicked on

2022-06-30 22:15:36 - [MESSAGE][PASSED] - Object: 'Object Repository/AdminSuiteBootstrap_Pages/VSP_Bootstrap/SearchProfile/button_Search' is clicked on

2022-06-30 22:15:36 - [TEST_STEP][PASSED] - profNameLink = findTestData(dataFile).getValue("ProfileNameLink", row): null

2022-06-30 22:15:36 - [TEST_STEP][PASSED] - click(findTestObject(path_ViewProfile + profNameLink)): Object: 'Object Repository/AdminSuiteBootstrap_Pages/VSP_Bootstrap/View Profile/a_PaymentsMC' is clicked on

2022-06-30 22:15:38 - [MESSAGE][PASSED] - Object: 'Object Repository/AdminSuiteBootstrap_Pages/VSP_Bootstrap/View Profile/a_PaymentsMC' is clicked on

2022-06-30 22:15:38 - [TEST_STEP][PASSED] - click(findTestObject(path_ViewProfile + "a_AuthCap")): Object: 'Object Repository/AdminSuiteBootstrap_Pages/VSP_Bootstrap/View Profile/a_AuthCap' is clicked on

2022-06-30 22:15:39 - [MESSAGE][PASSED] - Object: 'Object Repository/AdminSuiteBootstrap_Pages/VSP_Bootstrap/View Profile/a_AuthCap' is clicked on

2022-06-30 22:15:39 - [TEST_STEP][PASSED] - verifyTextPresent("Credit Card Authorization Capture", true): Text 'Credit Card Authorization Capture' is present on page  using regular expression

2022-06-30 22:15:40 - [MESSAGE][PASSED] - Text 'Credit Card Authorization Capture' is present on page  using regular expression

2022-06-30 22:15:40 - [TEST_STEP][PASSED] - verifyTextPresent("Sale", true): Text 'Sale' is present on page  using regular expression

2022-06-30 22:15:40 - [MESSAGE][PASSED] - Text 'Sale' is present on page  using regular expression

2022-06-30 22:15:40 - [TEST_STEP][PASSED] - verifyTextPresent("Required fields are highlighted with an asterisk", true): Text 'Required fields are highlighted with an asterisk' is present on page  using regular expression

2022-06-30 22:15:40 - [MESSAGE][PASSED] - Text 'Required fields are highlighted with an asterisk' is present on page  using regular expression

2022-06-30 22:15:40 - [TEST_STEP][PASSED] - verifyTextPresent("Remittance ID", true): Text 'Remittance ID' is present on page  using regular expression

2022-06-30 22:15:41 - [MESSAGE][PASSED] - Text 'Remittance ID' is present on page  using regular expression

2022-06-30 22:15:41 - [TEST_STEP][PASSED] - vspBootstrap.SalePage.setDataSaleAndAuth(row, dataFile): vspBootstrap.SalePage.setDataSaleAndAuth is PASSED

2022-06-30 22:15:42 - [MESSAGE][PASSED] - All options with value 'MOTO' are selected in object 'Object Repository/AdminSuiteBootstrap_Pages/VSP_Bootstrap/VSP_Authcap/select_TransactionCategory'  using regular expression

2022-06-30 22:15:43 - [MESSAGE][PASSED] - Text '123' is set on object 'Object Repository/AdminSuiteBootstrap_Pages/VSP_Bootstrap/VSP_Authcap/input_cvv'

2022-06-30 22:15:44 - [MESSAGE][PASSED] - Text '' is set on object 'Object Repository/AdminSuiteBootstrap_Pages/VSP_Bootstrap/VSP_Authcap/input_smsNumber'

2022-06-30 22:15:44 - [MESSAGE][PASSED] - Text '2.50' is set on object 'Object Repository/AdminSuiteBootstrap_Pages/VSP_Bootstrap/VSP_Authcap/input_amount'

2022-06-30 22:15:45 - [MESSAGE][PASSED] - Text 'Delhi' is set on object 'Object Repository/AdminSuiteBootstrap_Pages/VSP_Bootstrap/VSP_Authcap/input_userDefined1'

2022-06-30 22:15:46 - [MESSAGE][PASSED] - Text 'Chennai' is set on object 'Object Repository/AdminSuiteBootstrap_Pages/VSP_Bootstrap/VSP_Authcap/input_userDefined2'

2022-06-30 22:15:46 - [MESSAGE][PASSED] - Text 'Mumbai' is set on object 'Object Repository/AdminSuiteBootstrap_Pages/VSP_Bootstrap/VSP_Authcap/input_userDefined3'

2022-06-30 22:15:47 - [MESSAGE][PASSED] - Text 'Kanpur' is set on object 'Object Repository/AdminSuiteBootstrap_Pages/VSP_Bootstrap/VSP_Authcap/input_userDefined4'

2022-06-30 22:15:48 - [MESSAGE][PASSED] - All options with label 'Orange' are selected in object 'Object Repository/AdminSuiteBootstrap_Pages/VSP_Bootstrap/VSP_Authcap/select_UDF5'  using regular expression

2022-06-30 22:15:49 - [MESSAGE][PASSED] - All options with label 'Yellow' are selected in object 'Object Repository/AdminSuiteBootstrap_Pages/VSP_Bootstrap/VSP_Authcap/select_UDF6'  using regular expression

2022-06-30 22:15:50 - [MESSAGE][PASSED] - Text 'Kolkata' is set on object 'Object Repository/AdminSuiteBootstrap_Pages/VSP_Bootstrap/VSP_Authcap/input_userDefined7'

2022-06-30 22:15:50 - [MESSAGE][PASSED] - Text 'Pune' is set on object 'Object Repository/AdminSuiteBootstrap_Pages/VSP_Bootstrap/VSP_Authcap/input_userDefined8'

2022-06-30 22:15:51 - [MESSAGE][PASSED] - Text 'Bhavnagar' is set on object 'Object Repository/AdminSuiteBootstrap_Pages/VSP_Bootstrap/VSP_Authcap/input_userDefined9'

2022-06-30 22:15:52 - [MESSAGE][PASSED] - Text 'Noida' is set on object 'Object Repository/AdminSuiteBootstrap_Pages/VSP_Bootstrap/VSP_Authcap/input_userDefined10'

2022-06-30 22:15:54 - [MESSAGE][PASSED] - Object: 'Object Repository/AdminSuiteBootstrap_Pages/VSP_Bootstrap/VSP_Authcap/button_Submit' is clicked on

2022-06-30 22:15:54 - [MESSAGE][PASSED] - vspBootstrap.SalePage.setDataSaleAndAuth is PASSED

2022-06-30 22:15:54 - [TEST_STEP][PASSED] - verifyTextPresent("Transaction Successful", true): Text 'Transaction Successful' is present on page  using regular expression

2022-06-30 22:15:55 - [MESSAGE][PASSED] - Text 'Transaction Successful' is present on page  using regular expression

2022-06-30 22:15:55 - [TEST_STEP][PASSED] - verifyElementVisible(findTestObject("Object Repository/AdminSuiteBootstrap_Pages/VT_Bootstrap/Receipt/button_Continue")): Object 'Object Repository/AdminSuiteBootstrap_Pages/VT_Bootstrap/Receipt/button_Continue' is visible

2022-06-30 22:15:55 - [MESSAGE][PASSED] - Object 'Object Repository/AdminSuiteBootstrap_Pages/VT_Bootstrap/Receipt/button_Continue' is visible

2022-06-30 22:15:55 - [TEST_STEP][PASSED] - verifyElementPresent(findTestObject("Object Repository/AdminSuiteBootstrap_Pages/VT_Bootstrap/Receipt/button_Continue"), 20): Object 'Object Repository/AdminSuiteBootstrap_Pages/VT_Bootstrap/Receipt/button_Continue' is present

2022-06-30 22:15:55 - [MESSAGE][PASSED] - Object 'Object Repository/AdminSuiteBootstrap_Pages/VT_Bootstrap/Receipt/button_Continue' is present

2022-06-30 22:15:55 - [TEST_STEP][PASSED] - verifyElementVisible(findTestObject("Object Repository/AdminSuiteBootstrap_Pages/VT_Bootstrap/Receipt/button_Print")): Object 'Object Repository/AdminSuiteBootstrap_Pages/VT_Bootstrap/Receipt/button_Print' is visible

2022-06-30 22:15:56 - [MESSAGE][PASSED] - Object 'Object Repository/AdminSuiteBootstrap_Pages/VT_Bootstrap/Receipt/button_Print' is visible

2022-06-30 22:15:56 - [TEST_STEP][PASSED] - verifyElementPresent(findTestObject("Object Repository/AdminSuiteBootstrap_Pages/VT_Bootstrap/Receipt/button_Print"), 20): Object 'Object Repository/AdminSuiteBootstrap_Pages/VT_Bootstrap/Receipt/button_Print' is present

2022-06-30 22:15:56 - [MESSAGE][PASSED] - Object 'Object Repository/AdminSuiteBootstrap_Pages/VT_Bootstrap/Receipt/button_Print' is present

2022-06-30 22:15:56 - [TEST_STEP][PASSED] - verifyTextPresent("Remittance ID", true): Text 'Remittance ID' is present on page  using regular expression

2022-06-30 22:15:56 - [MESSAGE][PASSED] - Text 'Remittance ID' is present on page  using regular expression

2022-06-30 22:15:56 - [TEST_STEP][PASSED] - verifyTextPresent("Received", true): Text 'Received' is present on page  using regular expression

2022-06-30 22:15:57 - [MESSAGE][PASSED] - Text 'Received' is present on page  using regular expression

2022-06-30 22:15:57 - [TEST_STEP][PASSED] - verifyTextPresent("UDF1", true): Text 'UDF1' is present on page  using regular expression

2022-06-30 22:15:57 - [MESSAGE][PASSED] - Text 'UDF1' is present on page  using regular expression

2022-06-30 22:15:57 - [TEST_STEP][PASSED] - verifyTextPresent("UDF2", true): Text 'UDF2' is present on page  using regular expression

2022-06-30 22:15:57 - [MESSAGE][PASSED] - Text 'UDF2' is present on page  using regular expression

2022-06-30 22:15:57 - [TEST_STEP][PASSED] - verifyTextPresent("UDF3", true): Text 'UDF3' is present on page  using regular expression

2022-06-30 22:15:58 - [MESSAGE][PASSED] - Text 'UDF3' is present on page  using regular expression

2022-06-30 22:15:58 - [TEST_STEP][PASSED] - verifyTextPresent("UDF4", true): Text 'UDF4' is present on page  using regular expression

2022-06-30 22:15:58 - [MESSAGE][PASSED] - Text 'UDF4' is present on page  using regular expression

2022-06-30 22:15:58 - [TEST_STEP][PASSED] - verifyTextPresent("UDF5", true): Text 'UDF5' is present on page  using regular expression

2022-06-30 22:15:58 - [MESSAGE][PASSED] - Text 'UDF5' is present on page  using regular expression

2022-06-30 22:15:58 - [TEST_STEP][PASSED] - verifyTextPresent("UDF6", true): Text 'UDF6' is present on page  using regular expression

2022-06-30 22:15:59 - [MESSAGE][PASSED] - Text 'UDF6' is present on page  using regular expression

2022-06-30 22:15:59 - [TEST_STEP][PASSED] - verifyTextPresent("UDF7", true): Text 'UDF7' is present on page  using regular expression

2022-06-30 22:15:59 - [MESSAGE][PASSED] - Text 'UDF7' is present on page  using regular expression

2022-06-30 22:15:59 - [TEST_STEP][PASSED] - verifyTextPresent("UDF8", true): Text 'UDF8' is present on page  using regular expression

2022-06-30 22:15:59 - [MESSAGE][PASSED] - Text 'UDF8' is present on page  using regular expression

2022-06-30 22:15:59 - [TEST_STEP][PASSED] - verifyTextPresent("UDF9", true): Text 'UDF9' is present on page  using regular expression

2022-06-30 22:16:00 - [MESSAGE][PASSED] - Text 'UDF9' is present on page  using regular expression

2022-06-30 22:16:00 - [TEST_STEP][PASSED] - verifyTextPresent("UDF 10", true): Text 'UDF 10' is present on page  using regular expression

2022-06-30 22:16:00 - [MESSAGE][PASSED] - Text 'UDF 10' is present on page  using regular expression

2022-06-30 22:16:00 - [TEST_STEP][PASSED] - verifyTextPresent("Delhi", true): Text 'Delhi' is present on page  using regular expression

2022-06-30 22:16:00 - [MESSAGE][PASSED] - Text 'Delhi' is present on page  using regular expression

2022-06-30 22:16:00 - [TEST_STEP][PASSED] - verifyTextPresent("Chennai", true): Text 'Chennai' is present on page  using regular expression

2022-06-30 22:16:01 - [MESSAGE][PASSED] - Text 'Chennai' is present on page  using regular expression

2022-06-30 22:16:01 - [TEST_STEP][PASSED] - verifyTextPresent("Mumbai", true): Text 'Mumbai' is present on page  using regular expression

2022-06-30 22:16:01 - [MESSAGE][PASSED] - Text 'Mumbai' is present on page  using regular expression

2022-06-30 22:16:01 - [TEST_STEP][PASSED] - verifyTextPresent("Kanpur", true): Text 'Kanpur' is present on page  using regular expression

2022-06-30 22:16:01 - [MESSAGE][PASSED] - Text 'Kanpur' is present on page  using regular expression

2022-06-30 22:16:01 - [TEST_STEP][PASSED] - verifyTextPresent("Orange Recorded", true): Text 'Orange Recorded' is present on page  using regular expression

2022-06-30 22:16:02 - [MESSAGE][PASSED] - Text 'Orange Recorded' is present on page  using regular expression

2022-06-30 22:16:02 - [TEST_STEP][PASSED] - verifyTextPresent("Yellow Recorded", true): Text 'Yellow Recorded' is present on page  using regular expression

2022-06-30 22:16:02 - [MESSAGE][PASSED] - Text 'Yellow Recorded' is present on page  using regular expression

2022-06-30 22:16:02 - [TEST_STEP][PASSED] - verifyTextPresent("Kolkata", true): Text 'Kolkata' is present on page  using regular expression

2022-06-30 22:16:02 - [MESSAGE][PASSED] - Text 'Kolkata' is present on page  using regular expression

2022-06-30 22:16:02 - [TEST_STEP][PASSED] - verifyTextPresent("Pune", true): Text 'Pune' is present on page  using regular expression

2022-06-30 22:16:03 - [MESSAGE][PASSED] - Text 'Pune' is present on page  using regular expression

2022-06-30 22:16:03 - [TEST_STEP][PASSED] - verifyTextPresent("Bhavnagar", true): Text 'Bhavnagar' is present on page  using regular expression

2022-06-30 22:16:03 - [MESSAGE][PASSED] - Text 'Bhavnagar' is present on page  using regular expression

2022-06-30 22:16:03 - [TEST_STEP][PASSED] - verifyTextPresent("Noida", true): Text 'Noida' is present on page  using regular expression

2022-06-30 22:16:03 - [MESSAGE][PASSED] - Text 'Noida' is present on page  using regular expression

2022-06-30 22:16:03 - [TEST_STEP][PASSED] - verifyTextPresent("Amount", true): Text 'Amount' is present on page  using regular expression

2022-06-30 22:16:04 - [MESSAGE][PASSED] - Text 'Amount' is present on page  using regular expression

2022-06-30 22:16:04 - [TEST_STEP][PASSED] - verifyTextPresent("2.50", true): Text '2.50' is present on page  using regular expression

2022-06-30 22:16:04 - [MESSAGE][PASSED] - Text '2.50' is present on page  using regular expression

2022-06-30 22:16:04 - [TEST_STEP][PASSED] - verifyTextPresent("Authorization and Capture", true): Text 'Authorization and Capture' is present on page  using regular expression

2022-06-30 22:16:04 - [MESSAGE][PASSED] - Text 'Authorization and Capture' is present on page  using regular expression

2022-06-30 22:16:04 - [TEST_STEP][PASSED] - verifyTextPresent("Card Information", true): Text 'Card Information' is present on page  using regular expression

2022-06-30 22:16:04 - [MESSAGE][PASSED] - Text 'Card Information' is present on page  using regular expression

2022-06-30 22:16:04 - [TEST_STEP][PASSED] - verifyTextPresent("TANDON RAVENA", true): Text 'TANDON RAVENA' is present on page  using regular expression

2022-06-30 22:16:05 - [MESSAGE][PASSED] - Text 'TANDON RAVENA' is present on page  using regular expression

2022-06-30 22:16:05 - [TEST_STEP][PASSED] - verifyTextPresent("Address Line 1", true): Text 'Address Line 1' is present on page  using regular expression

2022-06-30 22:16:05 - [MESSAGE][PASSED] - Text 'Address Line 1' is present on page  using regular expression

2022-06-30 22:16:05 - [TEST_STEP][PASSED] - verifyTextPresent("Address Line 2", true): Text 'Address Line 2' is present on page  using regular expression

2022-06-30 22:16:05 - [MESSAGE][PASSED] - Text 'Address Line 2' is present on page  using regular expression

2022-06-30 22:16:05 - [TEST_STEP][PASSED] - verifyTextPresent("Country", true): Text 'Country' is present on page  using regular expression

2022-06-30 22:16:06 - [MESSAGE][PASSED] - Text 'Country' is present on page  using regular expression

2022-06-30 22:16:06 - [TEST_STEP][PASSED] - verifyTextPresent("City", true): Text 'City' is present on page  using regular expression

2022-06-30 22:16:06 - [MESSAGE][PASSED] - Text 'City' is present on page  using regular expression

2022-06-30 22:16:06 - [TEST_STEP][PASSED] - verifyTextPresent("State", true): Text 'State' is present on page  using regular expression

2022-06-30 22:16:06 - [MESSAGE][PASSED] - Text 'State' is present on page  using regular expression

2022-06-30 22:16:06 - [TEST_STEP][PASSED] - verifyTextPresent("ZIP Code", true): Text 'ZIP Code' is present on page  using regular expression

2022-06-30 22:16:07 - [MESSAGE][PASSED] - Text 'ZIP Code' is present on page  using regular expression

2022-06-30 22:16:07 - [TEST_STEP][PASSED] - verifyTextPresent("248 PhoolKaante road", true): Text '248 PhoolKaante road' is present on page  using regular expression

2022-06-30 22:16:07 - [MESSAGE][PASSED] - Text '248 PhoolKaante road' is present on page  using regular expression

2022-06-30 22:16:07 - [TEST_STEP][PASSED] - verifyTextPresent("Suite 678", true): Text 'Suite 678' is present on page  using regular expression

2022-06-30 22:16:07 - [MESSAGE][PASSED] - Text 'Suite 678' is present on page  using regular expression

2022-06-30 22:16:07 - [TEST_STEP][PASSED] - verifyTextPresent("United States", true): Text 'United States' is present on page  using regular expression

2022-06-30 22:16:08 - [MESSAGE][PASSED] - Text 'United States' is present on page  using regular expression

2022-06-30 22:16:08 - [TEST_STEP][PASSED] - verifyTextPresent("ARLINGTON", true): Text 'ARLINGTON' is present on page  using regular expression

2022-06-30 22:16:08 - [MESSAGE][PASSED] - Text 'ARLINGTON' is present on page  using regular expression

2022-06-30 22:16:08 - [TEST_STEP][PASSED] - verifyTextPresent("VA", true): Text 'VA' is present on page  using regular expression

2022-06-30 22:16:08 - [MESSAGE][PASSED] - Text 'VA' is present on page  using regular expression

2022-06-30 22:16:08 - [TEST_STEP][PASSED] - verifyTextPresent("22201", true): Text '22201' is present on page  using regular expression

2022-06-30 22:16:09 - [MESSAGE][PASSED] - Text '22201' is present on page  using regular expression

2022-06-30 22:16:09 - [TEST_STEP][PASSED] - cardTypeV = findTestData(dataFile).getValue("CardType", row): null

2022-06-30 22:16:09 - [TEST_STEP][PASSED] - last4V = findTestData(dataFile).getValue("Last4", row): null

2022-06-30 22:16:09 - [TEST_STEP][PASSED] - verifyTextPresent(cardTypeV, true): Text 'MasterCard' is present on page  using regular expression

2022-06-30 22:16:09 - [MESSAGE][PASSED] - Text 'MasterCard' is present on page  using regular expression

2022-06-30 22:16:09 - [TEST_STEP][PASSED] - verifyTextPresent(last4V, true): Text '0035' is present on page  using regular expression

2022-06-30 22:16:09 - [MESSAGE][PASSED] - Text '0035' is present on page  using regular expression

2022-06-30 22:16:09 - [TEST_STEP][PASSED] - switch (appName): null

2022-06-30 22:16:09 - [TEST_STEP][PASSED] - closeBrowser(): Browser is closed

2022-06-30 22:16:10 - [MESSAGE][PASSED] - Browser is closed

2022-06-30 22:16:10 - [TEST_STEP][PASSED] - ExecuteTC = findTestData(dataFile).getValue("Execute", row): null

2022-06-30 22:16:10 - [TEST_STEP][PASSED] - out.println("Value of Execute is : " + ExecuteTC): null

2022-06-30 22:16:10 - [TEST_STEP][PASSED] - switch (executionProfile): null

2022-06-30 22:16:10 - [TEST_STEP][PASSED] - case "QAProfile":: null

2022-06-30 22:16:10 - [TEST_STEP][PASSED] - appName = findTestData(dataFile).getValue("AppNameQA", row): null

2022-06-30 22:16:10 - [TEST_STEP][PASSED] - appID = findTestData(dataFile).getValue("AppIDQA", row): null

2022-06-30 22:16:11 - [TEST_STEP][PASSED] - break: null

2022-06-30 22:16:11 - [TEST_STEP][PASSED] - if (ExecuteTC.equalsIgnoreCase("Y")): null

2022-06-30 22:16:11 - [TEST_STEP][PASSED] - out.println("Begin Record Number: " + row): null

2022-06-30 22:16:11 - [TEST_STEP][PASSED] - today = new java.util.Date(): null

2022-06-30 22:16:11 - [TEST_STEP][PASSED] - println(today): null

2022-06-30 22:16:11 - [TEST_STEP][PASSED] - datText = today: null

2022-06-30 22:16:11 - [TEST_STEP][PASSED] - adminSuiteBootstrap.loginFunctionality.login_AdminSuite(): adminSuiteBootstrap.loginFunctionality.login_AdminSuite is PASSED

2022-06-30 22:16:11 - [MESSAGE][INFO] - Starting 'Chrome' driver

2022-06-30 22:16:11 - [MESSAGE][INFO] - User set preference: ['acceptInsecureCerts', 'true']

2022-06-30 22:16:11 - [MESSAGE][INFO] - Action delay is set to 0 milliseconds

2022-06-30 22:16:13 - [MESSAGE][PASSED] - Browser is opened with url: 'https://qa.velocitypayment.com/admin/imtiaz'

2022-06-30 22:16:13 - [MESSAGE][PASSED] - Current window maximized

2022-06-30 22:16:14 - [MESSAGE][PASSED] - Object 'Object Repository/Login_Page/Login_Username' is present

2022-06-30 22:16:15 - [MESSAGE][PASSED] - Text 'iahmed' is set on object 'Object Repository/Login_Page/Login_Username'

2022-06-30 22:16:15 - [MESSAGE][PASSED] - Text 'hello2222' is set on object 'Object Repository/Login_Page/Login_Password'

2022-06-30 22:16:19 - [MESSAGE][PASSED] - Object: 'Object Repository/Login_Page/Login_Submit' is clicked on

2022-06-30 22:16:19 - [MESSAGE][PASSED] - adminSuiteBootstrap.loginFunctionality.login_AdminSuite is PASSED

2022-06-30 22:16:19 - [TEST_STEP][PASSED] - click(findTestObject(path_Dashboard + appName)): Object: 'Object Repository/AdminSuiteBootstrap_Pages/Dashboard_Bootstrap/a_Access AutoNoCFtp' is clicked on

2022-06-30 22:16:20 - [MESSAGE][PASSED] - Object: 'Object Repository/AdminSuiteBootstrap_Pages/Dashboard_Bootstrap/a_Access AutoNoCFtp' is clicked on

2022-06-30 22:16:20 - [TEST_STEP][PASSED] - click(findTestObject(path_VT + "a_Find Profile")): Object: 'Object Repository/AdminSuiteBootstrap_Pages/VT_Bootstrap/IssueTransactions/a_Find Profile' is clicked on

2022-06-30 22:16:21 - [MESSAGE][PASSED] - Object: 'Object Repository/AdminSuiteBootstrap_Pages/VT_Bootstrap/IssueTransactions/a_Find Profile' is clicked on

2022-06-30 22:16:21 - [TEST_STEP][PASSED] - criteria = <not implemented yet for class: org.codehaus.groovy.ast.expr.EmptyExpression>: null

2022-06-30 22:16:21 - [TEST_STEP][PASSED] - searchBy = <not implemented yet for class: org.codehaus.groovy.ast.expr.EmptyExpression>: null

2022-06-30 22:16:21 - [TEST_STEP][PASSED] - criteria = findTestData(dataFile).getValue("ProfileName", row): null

2022-06-30 22:16:21 - [TEST_STEP][PASSED] - path_SearchProfile = "Object Repository/AdminSuiteBootstrap_Pages/VSP_Bootstrap/SearchProfile/": null

2022-06-30 22:16:21 - [TEST_STEP][PASSED] - setText(findTestObject(path_SearchProfile + "input_Criteria"), criteria): Text 'PaymentsAmEx' is set on object 'Object Repository/AdminSuiteBootstrap_Pages/VSP_Bootstrap/SearchProfile/input_Criteria'

2022-06-30 22:16:21 - [MESSAGE][PASSED] - Text 'PaymentsAmEx' is set on object 'Object Repository/AdminSuiteBootstrap_Pages/VSP_Bootstrap/SearchProfile/input_Criteria'

2022-06-30 22:16:21 - [TEST_STEP][PASSED] - click(findTestObject(path_SearchProfile + "button_Search")): Object: 'Object Repository/AdminSuiteBootstrap_Pages/VSP_Bootstrap/SearchProfile/button_Search' is clicked on

2022-06-30 22:16:23 - [MESSAGE][PASSED] - Object: 'Object Repository/AdminSuiteBootstrap_Pages/VSP_Bootstrap/SearchProfile/button_Search' is clicked on

2022-06-30 22:16:23 - [TEST_STEP][PASSED] - profNameLink = findTestData(dataFile).getValue("ProfileNameLink", row): null

2022-06-30 22:16:23 - [TEST_STEP][PASSED] - click(findTestObject(path_ViewProfile + profNameLink)): Object: 'Object Repository/AdminSuiteBootstrap_Pages/VSP_Bootstrap/View Profile/a_PaymentsAmEx' is clicked on

2022-06-30 22:16:25 - [MESSAGE][PASSED] - Object: 'Object Repository/AdminSuiteBootstrap_Pages/VSP_Bootstrap/View Profile/a_PaymentsAmEx' is clicked on

2022-06-30 22:16:25 - [TEST_STEP][PASSED] - click(findTestObject(path_ViewProfile + "a_AuthCap")): Object: 'Object Repository/AdminSuiteBootstrap_Pages/VSP_Bootstrap/View Profile/a_AuthCap' is clicked on

2022-06-30 22:16:28 - [MESSAGE][PASSED] - Object: 'Object Repository/AdminSuiteBootstrap_Pages/VSP_Bootstrap/View Profile/a_AuthCap' is clicked on

2022-06-30 22:16:28 - [TEST_STEP][PASSED] - verifyTextPresent("Credit Card Authorization Capture", true): Text 'Credit Card Authorization Capture' is present on page  using regular expression

2022-06-30 22:16:28 - [MESSAGE][PASSED] - Text 'Credit Card Authorization Capture' is present on page  using regular expression

2022-06-30 22:16:28 - [TEST_STEP][PASSED] - verifyTextPresent("Sale", true): Text 'Sale' is present on page  using regular expression

2022-06-30 22:16:29 - [MESSAGE][PASSED] - Text 'Sale' is present on page  using regular expression

2022-06-30 22:16:29 - [TEST_STEP][PASSED] - verifyTextPresent("Required fields are highlighted with an asterisk", true): Text 'Required fields are highlighted with an asterisk' is present on page  using regular expression

2022-06-30 22:16:29 - [MESSAGE][PASSED] - Text 'Required fields are highlighted with an asterisk' is present on page  using regular expression

2022-06-30 22:16:29 - [TEST_STEP][PASSED] - verifyTextPresent("Remittance ID", true): Text 'Remittance ID' is present on page  using regular expression

2022-06-30 22:16:29 - [MESSAGE][PASSED] - Text 'Remittance ID' is present on page  using regular expression

2022-06-30 22:16:29 - [TEST_STEP][PASSED] - vspBootstrap.SalePage.setDataSaleAndAuth(row, dataFile): vspBootstrap.SalePage.setDataSaleAndAuth is PASSED

2022-06-30 22:16:31 - [MESSAGE][PASSED] - All options with value 'MOTO' are selected in object 'Object Repository/AdminSuiteBootstrap_Pages/VSP_Bootstrap/VSP_Authcap/select_TransactionCategory'  using regular expression

2022-06-30 22:16:32 - [MESSAGE][PASSED] - Text '1234' is set on object 'Object Repository/AdminSuiteBootstrap_Pages/VSP_Bootstrap/VSP_Authcap/input_cvv'

2022-06-30 22:16:32 - [MESSAGE][PASSED] - Text '' is set on object 'Object Repository/AdminSuiteBootstrap_Pages/VSP_Bootstrap/VSP_Authcap/input_smsNumber'

2022-06-30 22:16:33 - [MESSAGE][PASSED] - Text '2.50' is set on object 'Object Repository/AdminSuiteBootstrap_Pages/VSP_Bootstrap/VSP_Authcap/input_amount'

2022-06-30 22:16:34 - [MESSAGE][PASSED] - Text 'Delhi' is set on object 'Object Repository/AdminSuiteBootstrap_Pages/VSP_Bootstrap/VSP_Authcap/input_userDefined1'

2022-06-30 22:16:35 - [MESSAGE][PASSED] - Text 'Chennai' is set on object 'Object Repository/AdminSuiteBootstrap_Pages/VSP_Bootstrap/VSP_Authcap/input_userDefined2'

2022-06-30 22:16:35 - [MESSAGE][PASSED] - Text 'Mumbai' is set on object 'Object Repository/AdminSuiteBootstrap_Pages/VSP_Bootstrap/VSP_Authcap/input_userDefined3'

2022-06-30 22:16:36 - [MESSAGE][PASSED] - Text 'Kanpur' is set on object 'Object Repository/AdminSuiteBootstrap_Pages/VSP_Bootstrap/VSP_Authcap/input_userDefined4'

2022-06-30 22:16:37 - [MESSAGE][PASSED] - All options with label 'Orange' are selected in object 'Object Repository/AdminSuiteBootstrap_Pages/VSP_Bootstrap/VSP_Authcap/select_UDF5'  using regular expression

2022-06-30 22:16:38 - [MESSAGE][PASSED] - All options with label 'Yellow' are selected in object 'Object Repository/AdminSuiteBootstrap_Pages/VSP_Bootstrap/VSP_Authcap/select_UDF6'  using regular expression

2022-06-30 22:16:39 - [MESSAGE][PASSED] - Text 'Kolkata' is set on object 'Object Repository/AdminSuiteBootstrap_Pages/VSP_Bootstrap/VSP_Authcap/input_userDefined7'

2022-06-30 22:16:39 - [MESSAGE][PASSED] - Text 'Pune' is set on object 'Object Repository/AdminSuiteBootstrap_Pages/VSP_Bootstrap/VSP_Authcap/input_userDefined8'

2022-06-30 22:16:40 - [MESSAGE][PASSED] - Text 'Bhavnagar' is set on object 'Object Repository/AdminSuiteBootstrap_Pages/VSP_Bootstrap/VSP_Authcap/input_userDefined9'

2022-06-30 22:16:41 - [MESSAGE][PASSED] - Text 'Noida' is set on object 'Object Repository/AdminSuiteBootstrap_Pages/VSP_Bootstrap/VSP_Authcap/input_userDefined10'

2022-06-30 22:16:43 - [MESSAGE][PASSED] - Object: 'Object Repository/AdminSuiteBootstrap_Pages/VSP_Bootstrap/VSP_Authcap/button_Submit' is clicked on

2022-06-30 22:16:43 - [MESSAGE][PASSED] - vspBootstrap.SalePage.setDataSaleAndAuth is PASSED

2022-06-30 22:16:43 - [TEST_STEP][PASSED] - verifyTextPresent("Transaction Successful", true): Text 'Transaction Successful' is present on page  using regular expression

2022-06-30 22:16:44 - [MESSAGE][PASSED] - Text 'Transaction Successful' is present on page  using regular expression

2022-06-30 22:16:44 - [TEST_STEP][PASSED] - verifyElementVisible(findTestObject("Object Repository/AdminSuiteBootstrap_Pages/VT_Bootstrap/Receipt/button_Continue")): Object 'Object Repository/AdminSuiteBootstrap_Pages/VT_Bootstrap/Receipt/button_Continue' is visible

2022-06-30 22:16:44 - [MESSAGE][PASSED] - Object 'Object Repository/AdminSuiteBootstrap_Pages/VT_Bootstrap/Receipt/button_Continue' is visible

2022-06-30 22:16:44 - [TEST_STEP][PASSED] - verifyElementPresent(findTestObject("Object Repository/AdminSuiteBootstrap_Pages/VT_Bootstrap/Receipt/button_Continue"), 20): Object 'Object Repository/AdminSuiteBootstrap_Pages/VT_Bootstrap/Receipt/button_Continue' is present

2022-06-30 22:16:44 - [MESSAGE][PASSED] - Object 'Object Repository/AdminSuiteBootstrap_Pages/VT_Bootstrap/Receipt/button_Continue' is present

2022-06-30 22:16:44 - [TEST_STEP][PASSED] - verifyElementVisible(findTestObject("Object Repository/AdminSuiteBootstrap_Pages/VT_Bootstrap/Receipt/button_Print")): Object 'Object Repository/AdminSuiteBootstrap_Pages/VT_Bootstrap/Receipt/button_Print' is visible

2022-06-30 22:16:45 - [MESSAGE][PASSED] - Object 'Object Repository/AdminSuiteBootstrap_Pages/VT_Bootstrap/Receipt/button_Print' is visible

2022-06-30 22:16:45 - [TEST_STEP][PASSED] - verifyElementPresent(findTestObject("Object Repository/AdminSuiteBootstrap_Pages/VT_Bootstrap/Receipt/button_Print"), 20): Object 'Object Repository/AdminSuiteBootstrap_Pages/VT_Bootstrap/Receipt/button_Print' is present

2022-06-30 22:16:45 - [MESSAGE][PASSED] - Object 'Object Repository/AdminSuiteBootstrap_Pages/VT_Bootstrap/Receipt/button_Print' is present

2022-06-30 22:16:45 - [TEST_STEP][PASSED] - verifyTextPresent("Remittance ID", true): Text 'Remittance ID' is present on page  using regular expression

2022-06-30 22:16:45 - [MESSAGE][PASSED] - Text 'Remittance ID' is present on page  using regular expression

2022-06-30 22:16:45 - [TEST_STEP][PASSED] - verifyTextPresent("Received", true): Text 'Received' is present on page  using regular expression

2022-06-30 22:16:46 - [MESSAGE][PASSED] - Text 'Received' is present on page  using regular expression

2022-06-30 22:16:46 - [TEST_STEP][PASSED] - verifyTextPresent("UDF1", true): Text 'UDF1' is present on page  using regular expression

2022-06-30 22:16:46 - [MESSAGE][PASSED] - Text 'UDF1' is present on page  using regular expression

2022-06-30 22:16:46 - [TEST_STEP][PASSED] - verifyTextPresent("UDF2", true): Text 'UDF2' is present on page  using regular expression

2022-06-30 22:16:46 - [MESSAGE][PASSED] - Text 'UDF2' is present on page  using regular expression

2022-06-30 22:16:46 - [TEST_STEP][PASSED] - verifyTextPresent("UDF3", true): Text 'UDF3' is present on page  using regular expression

2022-06-30 22:16:47 - [MESSAGE][PASSED] - Text 'UDF3' is present on page  using regular expression

2022-06-30 22:16:47 - [TEST_STEP][PASSED] - verifyTextPresent("UDF4", true): Text 'UDF4' is present on page  using regular expression

2022-06-30 22:16:47 - [MESSAGE][PASSED] - Text 'UDF4' is present on page  using regular expression

2022-06-30 22:16:47 - [TEST_STEP][PASSED] - verifyTextPresent("UDF5", true): Text 'UDF5' is present on page  using regular expression

2022-06-30 22:16:47 - [MESSAGE][PASSED] - Text 'UDF5' is present on page  using regular expression

2022-06-30 22:16:47 - [TEST_STEP][PASSED] - verifyTextPresent("UDF6", true): Text 'UDF6' is present on page  using regular expression

2022-06-30 22:16:48 - [MESSAGE][PASSED] - Text 'UDF6' is present on page  using regular expression

2022-06-30 22:16:48 - [TEST_STEP][PASSED] - verifyTextPresent("UDF7", true): Text 'UDF7' is present on page  using regular expression

2022-06-30 22:16:48 - [MESSAGE][PASSED] - Text 'UDF7' is present on page  using regular expression

2022-06-30 22:16:48 - [TEST_STEP][PASSED] - verifyTextPresent("UDF8", true): Text 'UDF8' is present on page  using regular expression

2022-06-30 22:16:48 - [MESSAGE][PASSED] - Text 'UDF8' is present on page  using regular expression

2022-06-30 22:16:48 - [TEST_STEP][PASSED] - verifyTextPresent("UDF9", true): Text 'UDF9' is present on page  using regular expression

2022-06-30 22:16:49 - [MESSAGE][PASSED] - Text 'UDF9' is present on page  using regular expression

2022-06-30 22:16:49 - [TEST_STEP][PASSED] - verifyTextPresent("UDF 10", true): Text 'UDF 10' is present on page  using regular expression

2022-06-30 22:16:49 - [MESSAGE][PASSED] - Text 'UDF 10' is present on page  using regular expression

2022-06-30 22:16:49 - [TEST_STEP][PASSED] - verifyTextPresent("Delhi", true): Text 'Delhi' is present on page  using regular expression

2022-06-30 22:16:49 - [MESSAGE][PASSED] - Text 'Delhi' is present on page  using regular expression

2022-06-30 22:16:49 - [TEST_STEP][PASSED] - verifyTextPresent("Chennai", true): Text 'Chennai' is present on page  using regular expression

2022-06-30 22:16:50 - [MESSAGE][PASSED] - Text 'Chennai' is present on page  using regular expression

2022-06-30 22:16:50 - [TEST_STEP][PASSED] - verifyTextPresent("Mumbai", true): Text 'Mumbai' is present on page  using regular expression

2022-06-30 22:16:50 - [MESSAGE][PASSED] - Text 'Mumbai' is present on page  using regular expression

2022-06-30 22:16:50 - [TEST_STEP][PASSED] - verifyTextPresent("Kanpur", true): Text 'Kanpur' is present on page  using regular expression

2022-06-30 22:16:50 - [MESSAGE][PASSED] - Text 'Kanpur' is present on page  using regular expression

2022-06-30 22:16:50 - [TEST_STEP][PASSED] - verifyTextPresent("Orange Recorded", true): Text 'Orange Recorded' is present on page  using regular expression

2022-06-30 22:16:51 - [MESSAGE][PASSED] - Text 'Orange Recorded' is present on page  using regular expression

2022-06-30 22:16:51 - [TEST_STEP][PASSED] - verifyTextPresent("Yellow Recorded", true): Text 'Yellow Recorded' is present on page  using regular expression

2022-06-30 22:16:51 - [MESSAGE][PASSED] - Text 'Yellow Recorded' is present on page  using regular expression

2022-06-30 22:16:51 - [TEST_STEP][PASSED] - verifyTextPresent("Kolkata", true): Text 'Kolkata' is present on page  using regular expression

2022-06-30 22:16:51 - [MESSAGE][PASSED] - Text 'Kolkata' is present on page  using regular expression

2022-06-30 22:16:51 - [TEST_STEP][PASSED] - verifyTextPresent("Pune", true): Text 'Pune' is present on page  using regular expression

2022-06-30 22:16:52 - [MESSAGE][PASSED] - Text 'Pune' is present on page  using regular expression

2022-06-30 22:16:52 - [TEST_STEP][PASSED] - verifyTextPresent("Bhavnagar", true): Text 'Bhavnagar' is present on page  using regular expression

2022-06-30 22:16:52 - [MESSAGE][PASSED] - Text 'Bhavnagar' is present on page  using regular expression

2022-06-30 22:16:52 - [TEST_STEP][PASSED] - verifyTextPresent("Noida", true): Text 'Noida' is present on page  using regular expression

2022-06-30 22:16:52 - [MESSAGE][PASSED] - Text 'Noida' is present on page  using regular expression

2022-06-30 22:16:52 - [TEST_STEP][PASSED] - verifyTextPresent("Amount", true): Text 'Amount' is present on page  using regular expression

2022-06-30 22:16:53 - [MESSAGE][PASSED] - Text 'Amount' is present on page  using regular expression

2022-06-30 22:16:53 - [TEST_STEP][PASSED] - verifyTextPresent("2.50", true): Text '2.50' is present on page  using regular expression

2022-06-30 22:16:53 - [MESSAGE][PASSED] - Text '2.50' is present on page  using regular expression

2022-06-30 22:16:53 - [TEST_STEP][PASSED] - verifyTextPresent("Authorization and Capture", true): Text 'Authorization and Capture' is present on page  using regular expression

2022-06-30 22:16:53 - [MESSAGE][PASSED] - Text 'Authorization and Capture' is present on page  using regular expression

2022-06-30 22:16:53 - [TEST_STEP][PASSED] - verifyTextPresent("Card Information", true): Text 'Card Information' is present on page  using regular expression

2022-06-30 22:16:54 - [MESSAGE][PASSED] - Text 'Card Information' is present on page  using regular expression

2022-06-30 22:16:54 - [TEST_STEP][PASSED] - verifyTextPresent("TANDON RAVENA", true): Text 'TANDON RAVENA' is present on page  using regular expression

2022-06-30 22:16:54 - [MESSAGE][PASSED] - Text 'TANDON RAVENA' is present on page  using regular expression

2022-06-30 22:16:54 - [TEST_STEP][PASSED] - verifyTextPresent("Address Line 1", true): Text 'Address Line 1' is present on page  using regular expression

2022-06-30 22:16:54 - [MESSAGE][PASSED] - Text 'Address Line 1' is present on page  using regular expression

2022-06-30 22:16:54 - [TEST_STEP][PASSED] - verifyTextPresent("Address Line 2", true): Text 'Address Line 2' is present on page  using regular expression

2022-06-30 22:16:55 - [MESSAGE][PASSED] - Text 'Address Line 2' is present on page  using regular expression

2022-06-30 22:16:55 - [TEST_STEP][PASSED] - verifyTextPresent("Country", true): Text 'Country' is present on page  using regular expression

2022-06-30 22:16:55 - [MESSAGE][PASSED] - Text 'Country' is present on page  using regular expression

2022-06-30 22:16:55 - [TEST_STEP][PASSED] - verifyTextPresent("City", true): Text 'City' is present on page  using regular expression

2022-06-30 22:16:55 - [MESSAGE][PASSED] - Text 'City' is present on page  using regular expression

2022-06-30 22:16:55 - [TEST_STEP][PASSED] - verifyTextPresent("State", true): Text 'State' is present on page  using regular expression

2022-06-30 22:16:56 - [MESSAGE][PASSED] - Text 'State' is present on page  using regular expression

2022-06-30 22:16:56 - [TEST_STEP][PASSED] - verifyTextPresent("ZIP Code", true): Text 'ZIP Code' is present on page  using regular expression

2022-06-30 22:16:56 - [MESSAGE][PASSED] - Text 'ZIP Code' is present on page  using regular expression

2022-06-30 22:16:56 - [TEST_STEP][PASSED] - verifyTextPresent("248 PhoolKaante road", true): Text '248 PhoolKaante road' is present on page  using regular expression

2022-06-30 22:16:56 - [MESSAGE][PASSED] - Text '248 PhoolKaante road' is present on page  using regular expression

2022-06-30 22:16:56 - [TEST_STEP][PASSED] - verifyTextPresent("Suite 678", true): Text 'Suite 678' is present on page  using regular expression

2022-06-30 22:16:57 - [MESSAGE][PASSED] - Text 'Suite 678' is present on page  using regular expression

2022-06-30 22:16:57 - [TEST_STEP][PASSED] - verifyTextPresent("United States", true): Text 'United States' is present on page  using regular expression

2022-06-30 22:16:57 - [MESSAGE][PASSED] - Text 'United States' is present on page  using regular expression

2022-06-30 22:16:57 - [TEST_STEP][PASSED] - verifyTextPresent("ARLINGTON", true): Text 'ARLINGTON' is present on page  using regular expression

2022-06-30 22:16:57 - [MESSAGE][PASSED] - Text 'ARLINGTON' is present on page  using regular expression

2022-06-30 22:16:57 - [TEST_STEP][PASSED] - verifyTextPresent("VA", true): Text 'VA' is present on page  using regular expression

2022-06-30 22:16:58 - [MESSAGE][PASSED] - Text 'VA' is present on page  using regular expression

2022-06-30 22:16:58 - [TEST_STEP][PASSED] - verifyTextPresent("22201", true): Text '22201' is present on page  using regular expression

2022-06-30 22:16:58 - [MESSAGE][PASSED] - Text '22201' is present on page  using regular expression

2022-06-30 22:16:58 - [TEST_STEP][PASSED] - cardTypeV = findTestData(dataFile).getValue("CardType", row): null

2022-06-30 22:16:58 - [TEST_STEP][PASSED] - last4V = findTestData(dataFile).getValue("Last4", row): null

2022-06-30 22:16:58 - [TEST_STEP][PASSED] - verifyTextPresent(cardTypeV, true): Text 'American Express' is present on page  using regular expression

2022-06-30 22:16:58 - [MESSAGE][PASSED] - Text 'American Express' is present on page  using regular expression

2022-06-30 22:16:58 - [TEST_STEP][PASSED] - verifyTextPresent(last4V, true): Text '2376' is present on page  using regular expression

2022-06-30 22:16:59 - [MESSAGE][PASSED] - Text '2376' is present on page  using regular expression

2022-06-30 22:16:59 - [TEST_STEP][PASSED] - switch (appName): null

2022-06-30 22:16:59 - [TEST_STEP][PASSED] - closeBrowser(): Browser is closed

2022-06-30 22:17:00 - [MESSAGE][PASSED] - Browser is closed

2022-06-30 22:17:00 - [TEST_STEP][PASSED] - ExecuteTC = findTestData(dataFile).getValue("Execute", row): null

2022-06-30 22:17:00 - [TEST_STEP][PASSED] - out.println("Value of Execute is : " + ExecuteTC): null

2022-06-30 22:17:00 - [TEST_STEP][PASSED] - switch (executionProfile): null

2022-06-30 22:17:00 - [TEST_STEP][PASSED] - case "QAProfile":: null

2022-06-30 22:17:00 - [TEST_STEP][PASSED] - appName = findTestData(dataFile).getValue("AppNameQA", row): null

2022-06-30 22:17:00 - [TEST_STEP][PASSED] - appID = findTestData(dataFile).getValue("AppIDQA", row): null

2022-06-30 22:17:00 - [TEST_STEP][PASSED] - break: null

2022-06-30 22:17:00 - [TEST_STEP][PASSED] - if (ExecuteTC.equalsIgnoreCase("Y")): null

2022-06-30 22:17:00 - [TEST_STEP][PASSED] - out.println("Begin Record Number: " + row): null

2022-06-30 22:17:00 - [TEST_STEP][PASSED] - today = new java.util.Date(): null

2022-06-30 22:17:00 - [TEST_STEP][PASSED] - println(today): null

2022-06-30 22:17:00 - [TEST_STEP][PASSED] - datText = today: null

2022-06-30 22:17:00 - [TEST_STEP][PASSED] - adminSuiteBootstrap.loginFunctionality.login_AdminSuite(): adminSuiteBootstrap.loginFunctionality.login_AdminSuite is PASSED

2022-06-30 22:17:00 - [MESSAGE][INFO] - Starting 'Chrome' driver

2022-06-30 22:17:00 - [MESSAGE][INFO] - User set preference: ['acceptInsecureCerts', 'true']

2022-06-30 22:17:00 - [MESSAGE][INFO] - Action delay is set to 0 milliseconds

2022-06-30 22:17:04 - [MESSAGE][PASSED] - Browser is opened with url: 'https://qa.velocitypayment.com/admin/imtiaz'

2022-06-30 22:17:04 - [MESSAGE][PASSED] - Current window maximized

2022-06-30 22:17:04 - [MESSAGE][PASSED] - Object 'Object Repository/Login_Page/Login_Username' is present

2022-06-30 22:17:05 - [MESSAGE][PASSED] - Text 'iahmed' is set on object 'Object Repository/Login_Page/Login_Username'

2022-06-30 22:17:05 - [MESSAGE][PASSED] - Text 'hello2222' is set on object 'Object Repository/Login_Page/Login_Password'

2022-06-30 22:17:09 - [MESSAGE][PASSED] - Object: 'Object Repository/Login_Page/Login_Submit' is clicked on

2022-06-30 22:17:09 - [MESSAGE][PASSED] - adminSuiteBootstrap.loginFunctionality.login_AdminSuite is PASSED

2022-06-30 22:17:09 - [TEST_STEP][PASSED] - click(findTestObject(path_Dashboard + appName)): Object: 'Object Repository/AdminSuiteBootstrap_Pages/Dashboard_Bootstrap/a_Access AutoNoCFtp' is clicked on

2022-06-30 22:17:11 - [MESSAGE][PASSED] - Object: 'Object Repository/AdminSuiteBootstrap_Pages/Dashboard_Bootstrap/a_Access AutoNoCFtp' is clicked on

2022-06-30 22:17:11 - [TEST_STEP][PASSED] - click(findTestObject(path_VT + "a_Find Profile")): Object: 'Object Repository/AdminSuiteBootstrap_Pages/VT_Bootstrap/IssueTransactions/a_Find Profile' is clicked on

2022-06-30 22:17:11 - [MESSAGE][PASSED] - Object: 'Object Repository/AdminSuiteBootstrap_Pages/VT_Bootstrap/IssueTransactions/a_Find Profile' is clicked on

2022-06-30 22:17:11 - [TEST_STEP][PASSED] - criteria = <not implemented yet for class: org.codehaus.groovy.ast.expr.EmptyExpression>: null

2022-06-30 22:17:11 - [TEST_STEP][PASSED] - searchBy = <not implemented yet for class: org.codehaus.groovy.ast.expr.EmptyExpression>: null

2022-06-30 22:17:11 - [TEST_STEP][PASSED] - criteria = findTestData(dataFile).getValue("ProfileName", row): null

2022-06-30 22:17:11 - [TEST_STEP][PASSED] - path_SearchProfile = "Object Repository/AdminSuiteBootstrap_Pages/VSP_Bootstrap/SearchProfile/": null

2022-06-30 22:17:11 - [TEST_STEP][PASSED] - setText(findTestObject(path_SearchProfile + "input_Criteria"), criteria): Text 'PaymentsDI' is set on object 'Object Repository/AdminSuiteBootstrap_Pages/VSP_Bootstrap/SearchProfile/input_Criteria'

2022-06-30 22:17:12 - [MESSAGE][PASSED] - Text 'PaymentsDI' is set on object 'Object Repository/AdminSuiteBootstrap_Pages/VSP_Bootstrap/SearchProfile/input_Criteria'

2022-06-30 22:17:12 - [TEST_STEP][PASSED] - click(findTestObject(path_SearchProfile + "button_Search")): Object: 'Object Repository/AdminSuiteBootstrap_Pages/VSP_Bootstrap/SearchProfile/button_Search' is clicked on

2022-06-30 22:17:13 - [MESSAGE][PASSED] - Object: 'Object Repository/AdminSuiteBootstrap_Pages/VSP_Bootstrap/SearchProfile/button_Search' is clicked on

2022-06-30 22:17:13 - [TEST_STEP][PASSED] - profNameLink = findTestData(dataFile).getValue("ProfileNameLink", row): null

2022-06-30 22:17:13 - [TEST_STEP][PASSED] - click(findTestObject(path_ViewProfile + profNameLink)): Object: 'Object Repository/AdminSuiteBootstrap_Pages/VSP_Bootstrap/View Profile/a_PaymentsDI' is clicked on

2022-06-30 22:17:15 - [MESSAGE][PASSED] - Object: 'Object Repository/AdminSuiteBootstrap_Pages/VSP_Bootstrap/View Profile/a_PaymentsDI' is clicked on

2022-06-30 22:17:15 - [TEST_STEP][PASSED] - click(findTestObject(path_ViewProfile + "a_AuthCap")): Object: 'Object Repository/AdminSuiteBootstrap_Pages/VSP_Bootstrap/View Profile/a_AuthCap' is clicked on

2022-06-30 22:17:16 - [MESSAGE][PASSED] - Object: 'Object Repository/AdminSuiteBootstrap_Pages/VSP_Bootstrap/View Profile/a_AuthCap' is clicked on

2022-06-30 22:17:16 - [TEST_STEP][PASSED] - verifyTextPresent("Credit Card Authorization Capture", true): Text 'Credit Card Authorization Capture' is present on page  using regular expression

2022-06-30 22:17:17 - [MESSAGE][PASSED] - Text 'Credit Card Authorization Capture' is present on page  using regular expression

2022-06-30 22:17:17 - [TEST_STEP][PASSED] - verifyTextPresent("Sale", true): Text 'Sale' is present on page  using regular expression

2022-06-30 22:17:17 - [MESSAGE][PASSED] - Text 'Sale' is present on page  using regular expression

2022-06-30 22:17:17 - [TEST_STEP][PASSED] - verifyTextPresent("Required fields are highlighted with an asterisk", true): Text 'Required fields are highlighted with an asterisk' is present on page  using regular expression

2022-06-30 22:17:17 - [MESSAGE][PASSED] - Text 'Required fields are highlighted with an asterisk' is present on page  using regular expression

2022-06-30 22:17:17 - [TEST_STEP][PASSED] - verifyTextPresent("Remittance ID", true): Text 'Remittance ID' is present on page  using regular expression

2022-06-30 22:17:18 - [MESSAGE][PASSED] - Text 'Remittance ID' is present on page  using regular expression

2022-06-30 22:17:18 - [TEST_STEP][PASSED] - vspBootstrap.SalePage.setDataSaleAndAuth(row, dataFile): vspBootstrap.SalePage.setDataSaleAndAuth is PASSED

2022-06-30 22:17:19 - [MESSAGE][PASSED] - All options with value 'MOTO' are selected in object 'Object Repository/AdminSuiteBootstrap_Pages/VSP_Bootstrap/VSP_Authcap/select_TransactionCategory'  using regular expression

2022-06-30 22:17:20 - [MESSAGE][PASSED] - Text '123' is set on object 'Object Repository/AdminSuiteBootstrap_Pages/VSP_Bootstrap/VSP_Authcap/input_cvv'

2022-06-30 22:17:20 - [MESSAGE][PASSED] - Text '' is set on object 'Object Repository/AdminSuiteBootstrap_Pages/VSP_Bootstrap/VSP_Authcap/input_smsNumber'

2022-06-30 22:17:21 - [MESSAGE][PASSED] - Text '2.50' is set on object 'Object Repository/AdminSuiteBootstrap_Pages/VSP_Bootstrap/VSP_Authcap/input_amount'

2022-06-30 22:17:22 - [MESSAGE][PASSED] - Text 'Delhi' is set on object 'Object Repository/AdminSuiteBootstrap_Pages/VSP_Bootstrap/VSP_Authcap/input_userDefined1'

2022-06-30 22:17:22 - [MESSAGE][PASSED] - Text 'Chennai' is set on object 'Object Repository/AdminSuiteBootstrap_Pages/VSP_Bootstrap/VSP_Authcap/input_userDefined2'

2022-06-30 22:17:23 - [MESSAGE][PASSED] - Text 'Mumbai' is set on object 'Object Repository/AdminSuiteBootstrap_Pages/VSP_Bootstrap/VSP_Authcap/input_userDefined3'

2022-06-30 22:17:24 - [MESSAGE][PASSED] - Text 'Kanpur' is set on object 'Object Repository/AdminSuiteBootstrap_Pages/VSP_Bootstrap/VSP_Authcap/input_userDefined4'

2022-06-30 22:17:25 - [MESSAGE][PASSED] - All options with label 'Orange' are selected in object 'Object Repository/AdminSuiteBootstrap_Pages/VSP_Bootstrap/VSP_Authcap/select_UDF5'  using regular expression

2022-06-30 22:17:26 - [MESSAGE][PASSED] - All options with label 'Yellow' are selected in object 'Object Repository/AdminSuiteBootstrap_Pages/VSP_Bootstrap/VSP_Authcap/select_UDF6'  using regular expression

2022-06-30 22:17:27 - [MESSAGE][PASSED] - Text 'Kolkata' is set on object 'Object Repository/AdminSuiteBootstrap_Pages/VSP_Bootstrap/VSP_Authcap/input_userDefined7'

2022-06-30 22:17:27 - [MESSAGE][PASSED] - Text 'Pune' is set on object 'Object Repository/AdminSuiteBootstrap_Pages/VSP_Bootstrap/VSP_Authcap/input_userDefined8'

2022-06-30 22:17:28 - [MESSAGE][PASSED] - Text 'Bhavnagar' is set on object 'Object Repository/AdminSuiteBootstrap_Pages/VSP_Bootstrap/VSP_Authcap/input_userDefined9'

2022-06-30 22:17:29 - [MESSAGE][PASSED] - Text 'Noida' is set on object 'Object Repository/AdminSuiteBootstrap_Pages/VSP_Bootstrap/VSP_Authcap/input_userDefined10'

2022-06-30 22:17:31 - [MESSAGE][PASSED] - Object: 'Object Repository/AdminSuiteBootstrap_Pages/VSP_Bootstrap/VSP_Authcap/button_Submit' is clicked on

2022-06-30 22:17:31 - [MESSAGE][PASSED] - vspBootstrap.SalePage.setDataSaleAndAuth is PASSED

2022-06-30 22:17:31 - [TEST_STEP][PASSED] - verifyTextPresent("Transaction Successful", true): Text 'Transaction Successful' is present on page  using regular expression

2022-06-30 22:17:31 - [MESSAGE][PASSED] - Text 'Transaction Successful' is present on page  using regular expression

2022-06-30 22:17:31 - [TEST_STEP][PASSED] - verifyElementVisible(findTestObject("Object Repository/AdminSuiteBootstrap_Pages/VT_Bootstrap/Receipt/button_Continue")): Object 'Object Repository/AdminSuiteBootstrap_Pages/VT_Bootstrap/Receipt/button_Continue' is visible

2022-06-30 22:17:32 - [MESSAGE][PASSED] - Object 'Object Repository/AdminSuiteBootstrap_Pages/VT_Bootstrap/Receipt/button_Continue' is visible

2022-06-30 22:17:32 - [TEST_STEP][PASSED] - verifyElementPresent(findTestObject("Object Repository/AdminSuiteBootstrap_Pages/VT_Bootstrap/Receipt/button_Continue"), 20): Object 'Object Repository/AdminSuiteBootstrap_Pages/VT_Bootstrap/Receipt/button_Continue' is present

2022-06-30 22:17:32 - [MESSAGE][PASSED] - Object 'Object Repository/AdminSuiteBootstrap_Pages/VT_Bootstrap/Receipt/button_Continue' is present

2022-06-30 22:17:32 - [TEST_STEP][PASSED] - verifyElementVisible(findTestObject("Object Repository/AdminSuiteBootstrap_Pages/VT_Bootstrap/Receipt/button_Print")): Object 'Object Repository/AdminSuiteBootstrap_Pages/VT_Bootstrap/Receipt/button_Print' is visible

2022-06-30 22:17:32 - [MESSAGE][PASSED] - Object 'Object Repository/AdminSuiteBootstrap_Pages/VT_Bootstrap/Receipt/button_Print' is visible

2022-06-30 22:17:32 - [TEST_STEP][PASSED] - verifyElementPresent(findTestObject("Object Repository/AdminSuiteBootstrap_Pages/VT_Bootstrap/Receipt/button_Print"), 20): Object 'Object Repository/AdminSuiteBootstrap_Pages/VT_Bootstrap/Receipt/button_Print' is present

2022-06-30 22:17:33 - [MESSAGE][PASSED] - Object 'Object Repository/AdminSuiteBootstrap_Pages/VT_Bootstrap/Receipt/button_Print' is present

2022-06-30 22:17:33 - [TEST_STEP][PASSED] - verifyTextPresent("Remittance ID", true): Text 'Remittance ID' is present on page  using regular expression

2022-06-30 22:17:33 - [MESSAGE][PASSED] - Text 'Remittance ID' is present on page  using regular expression

2022-06-30 22:17:33 - [TEST_STEP][PASSED] - verifyTextPresent("Received", true): Text 'Received' is present on page  using regular expression

2022-06-30 22:17:33 - [MESSAGE][PASSED] - Text 'Received' is present on page  using regular expression

2022-06-30 22:17:33 - [TEST_STEP][PASSED] - verifyTextPresent("UDF1", true): Text 'UDF1' is present on page  using regular expression

2022-06-30 22:17:34 - [MESSAGE][PASSED] - Text 'UDF1' is present on page  using regular expression

2022-06-30 22:17:34 - [TEST_STEP][PASSED] - verifyTextPresent("UDF2", true): Text 'UDF2' is present on page  using regular expression

2022-06-30 22:17:34 - [MESSAGE][PASSED] - Text 'UDF2' is present on page  using regular expression

2022-06-30 22:17:34 - [TEST_STEP][PASSED] - verifyTextPresent("UDF3", true): Text 'UDF3' is present on page  using regular expression

2022-06-30 22:17:34 - [MESSAGE][PASSED] - Text 'UDF3' is present on page  using regular expression

2022-06-30 22:17:34 - [TEST_STEP][PASSED] - verifyTextPresent("UDF4", true): Text 'UDF4' is present on page  using regular expression

2022-06-30 22:17:35 - [MESSAGE][PASSED] - Text 'UDF4' is present on page  using regular expression

2022-06-30 22:17:35 - [TEST_STEP][PASSED] - verifyTextPresent("UDF5", true): Text 'UDF5' is present on page  using regular expression

2022-06-30 22:17:35 - [MESSAGE][PASSED] - Text 'UDF5' is present on page  using regular expression

2022-06-30 22:17:35 - [TEST_STEP][PASSED] - verifyTextPresent("UDF6", true): Text 'UDF6' is present on page  using regular expression

2022-06-30 22:17:35 - [MESSAGE][PASSED] - Text 'UDF6' is present on page  using regular expression

2022-06-30 22:17:35 - [TEST_STEP][PASSED] - verifyTextPresent("UDF7", true): Text 'UDF7' is present on page  using regular expression

2022-06-30 22:17:36 - [MESSAGE][PASSED] - Text 'UDF7' is present on page  using regular expression

2022-06-30 22:17:36 - [TEST_STEP][PASSED] - verifyTextPresent("UDF8", true): Text 'UDF8' is present on page  using regular expression

2022-06-30 22:17:36 - [MESSAGE][PASSED] - Text 'UDF8' is present on page  using regular expression

2022-06-30 22:17:36 - [TEST_STEP][PASSED] - verifyTextPresent("UDF9", true): Text 'UDF9' is present on page  using regular expression

2022-06-30 22:17:36 - [MESSAGE][PASSED] - Text 'UDF9' is present on page  using regular expression

2022-06-30 22:17:36 - [TEST_STEP][PASSED] - verifyTextPresent("UDF 10", true): Text 'UDF 10' is present on page  using regular expression

2022-06-30 22:17:37 - [MESSAGE][PASSED] - Text 'UDF 10' is present on page  using regular expression

2022-06-30 22:17:37 - [TEST_STEP][PASSED] - verifyTextPresent("Delhi", true): Text 'Delhi' is present on page  using regular expression

2022-06-30 22:17:37 - [MESSAGE][PASSED] - Text 'Delhi' is present on page  using regular expression

2022-06-30 22:17:37 - [TEST_STEP][PASSED] - verifyTextPresent("Chennai", true): Text 'Chennai' is present on page  using regular expression

2022-06-30 22:17:37 - [MESSAGE][PASSED] - Text 'Chennai' is present on page  using regular expression

2022-06-30 22:17:37 - [TEST_STEP][PASSED] - verifyTextPresent("Mumbai", true): Text 'Mumbai' is present on page  using regular expression

2022-06-30 22:17:38 - [MESSAGE][PASSED] - Text 'Mumbai' is present on page  using regular expression

2022-06-30 22:17:38 - [TEST_STEP][PASSED] - verifyTextPresent("Kanpur", true): Text 'Kanpur' is present on page  using regular expression

2022-06-30 22:17:38 - [MESSAGE][PASSED] - Text 'Kanpur' is present on page  using regular expression

2022-06-30 22:17:38 - [TEST_STEP][PASSED] - verifyTextPresent("Orange Recorded", true): Text 'Orange Recorded' is present on page  using regular expression

2022-06-30 22:17:38 - [MESSAGE][PASSED] - Text 'Orange Recorded' is present on page  using regular expression

2022-06-30 22:17:38 - [TEST_STEP][PASSED] - verifyTextPresent("Yellow Recorded", true): Text 'Yellow Recorded' is present on page  using regular expression

2022-06-30 22:17:39 - [MESSAGE][PASSED] - Text 'Yellow Recorded' is present on page  using regular expression

2022-06-30 22:17:39 - [TEST_STEP][PASSED] - verifyTextPresent("Kolkata", true): Text 'Kolkata' is present on page  using regular expression

2022-06-30 22:17:39 - [MESSAGE][PASSED] - Text 'Kolkata' is present on page  using regular expression

2022-06-30 22:17:39 - [TEST_STEP][PASSED] - verifyTextPresent("Pune", true): Text 'Pune' is present on page  using regular expression

2022-06-30 22:17:39 - [MESSAGE][PASSED] - Text 'Pune' is present on page  using regular expression

2022-06-30 22:17:39 - [TEST_STEP][PASSED] - verifyTextPresent("Bhavnagar", true): Text 'Bhavnagar' is present on page  using regular expression

2022-06-30 22:17:40 - [MESSAGE][PASSED] - Text 'Bhavnagar' is present on page  using regular expression

2022-06-30 22:17:40 - [TEST_STEP][PASSED] - verifyTextPresent("Noida", true): Text 'Noida' is present on page  using regular expression

2022-06-30 22:17:40 - [MESSAGE][PASSED] - Text 'Noida' is present on page  using regular expression

2022-06-30 22:17:40 - [TEST_STEP][PASSED] - verifyTextPresent("Amount", true): Text 'Amount' is present on page  using regular expression

2022-06-30 22:17:40 - [MESSAGE][PASSED] - Text 'Amount' is present on page  using regular expression

2022-06-30 22:17:40 - [TEST_STEP][PASSED] - verifyTextPresent("2.50", true): Text '2.50' is present on page  using regular expression

2022-06-30 22:17:41 - [MESSAGE][PASSED] - Text '2.50' is present on page  using regular expression

2022-06-30 22:17:41 - [TEST_STEP][PASSED] - verifyTextPresent("Authorization and Capture", true): Text 'Authorization and Capture' is present on page  using regular expression

2022-06-30 22:17:41 - [MESSAGE][PASSED] - Text 'Authorization and Capture' is present on page  using regular expression

2022-06-30 22:17:41 - [TEST_STEP][PASSED] - verifyTextPresent("Card Information", true): Text 'Card Information' is present on page  using regular expression

2022-06-30 22:17:41 - [MESSAGE][PASSED] - Text 'Card Information' is present on page  using regular expression

2022-06-30 22:17:41 - [TEST_STEP][PASSED] - verifyTextPresent("TANDON RAVENA", true): Text 'TANDON RAVENA' is present on page  using regular expression

2022-06-30 22:17:42 - [MESSAGE][PASSED] - Text 'TANDON RAVENA' is present on page  using regular expression

2022-06-30 22:17:42 - [TEST_STEP][PASSED] - verifyTextPresent("Address Line 1", true): Text 'Address Line 1' is present on page  using regular expression

2022-06-30 22:17:42 - [MESSAGE][PASSED] - Text 'Address Line 1' is present on page  using regular expression

2022-06-30 22:17:42 - [TEST_STEP][PASSED] - verifyTextPresent("Address Line 2", true): Text 'Address Line 2' is present on page  using regular expression

2022-06-30 22:17:42 - [MESSAGE][PASSED] - Text 'Address Line 2' is present on page  using regular expression

2022-06-30 22:17:42 - [TEST_STEP][PASSED] - verifyTextPresent("Country", true): Text 'Country' is present on page  using regular expression

2022-06-30 22:17:43 - [MESSAGE][PASSED] - Text 'Country' is present on page  using regular expression

2022-06-30 22:17:43 - [TEST_STEP][PASSED] - verifyTextPresent("City", true): Text 'City' is present on page  using regular expression

2022-06-30 22:17:43 - [MESSAGE][PASSED] - Text 'City' is present on page  using regular expression

2022-06-30 22:17:43 - [TEST_STEP][PASSED] - verifyTextPresent("State", true): Text 'State' is present on page  using regular expression

2022-06-30 22:17:43 - [MESSAGE][PASSED] - Text 'State' is present on page  using regular expression

2022-06-30 22:17:43 - [TEST_STEP][PASSED] - verifyTextPresent("ZIP Code", true): Text 'ZIP Code' is present on page  using regular expression

2022-06-30 22:17:44 - [MESSAGE][PASSED] - Text 'ZIP Code' is present on page  using regular expression

2022-06-30 22:17:44 - [TEST_STEP][PASSED] - verifyTextPresent("248 PhoolKaante road", true): Text '248 PhoolKaante road' is present on page  using regular expression

2022-06-30 22:17:44 - [MESSAGE][PASSED] - Text '248 PhoolKaante road' is present on page  using regular expression

2022-06-30 22:17:44 - [TEST_STEP][PASSED] - verifyTextPresent("Suite 678", true): Text 'Suite 678' is present on page  using regular expression

2022-06-30 22:17:44 - [MESSAGE][PASSED] - Text 'Suite 678' is present on page  using regular expression

2022-06-30 22:17:44 - [TEST_STEP][PASSED] - verifyTextPresent("United States", true): Text 'United States' is present on page  using regular expression

2022-06-30 22:17:45 - [MESSAGE][PASSED] - Text 'United States' is present on page  using regular expression

2022-06-30 22:17:45 - [TEST_STEP][PASSED] - verifyTextPresent("ARLINGTON", true): Text 'ARLINGTON' is present on page  using regular expression

2022-06-30 22:17:45 - [MESSAGE][PASSED] - Text 'ARLINGTON' is present on page  using regular expression

2022-06-30 22:17:45 - [TEST_STEP][PASSED] - verifyTextPresent("VA", true): Text 'VA' is present on page  using regular expression

2022-06-30 22:17:45 - [MESSAGE][PASSED] - Text 'VA' is present on page  using regular expression

2022-06-30 22:17:45 - [TEST_STEP][PASSED] - verifyTextPresent("22201", true): Text '22201' is present on page  using regular expression

2022-06-30 22:17:46 - [MESSAGE][PASSED] - Text '22201' is present on page  using regular expression

2022-06-30 22:17:46 - [TEST_STEP][PASSED] - cardTypeV = findTestData(dataFile).getValue("CardType", row): null

2022-06-30 22:17:46 - [TEST_STEP][PASSED] - last4V = findTestData(dataFile).getValue("Last4", row): null

2022-06-30 22:17:46 - [TEST_STEP][PASSED] - verifyTextPresent(cardTypeV, true): Text 'Discover' is present on page  using regular expression

2022-06-30 22:17:46 - [MESSAGE][PASSED] - Text 'Discover' is present on page  using regular expression

2022-06-30 22:17:46 - [TEST_STEP][PASSED] - verifyTextPresent(last4V, true): Text '6909' is present on page  using regular expression

2022-06-30 22:17:46 - [MESSAGE][PASSED] - Text '6909' is present on page  using regular expression

2022-06-30 22:17:46 - [TEST_STEP][PASSED] - switch (appName): null

2022-06-30 22:17:46 - [TEST_STEP][PASSED] - closeBrowser(): Browser is closed

2022-06-30 22:17:47 - [MESSAGE][PASSED] - Browser is closed

2022-06-30 22:17:47 - [TEST_STEP][PASSED] - ExecuteTC = findTestData(dataFile).getValue("Execute", row): null

2022-06-30 22:17:47 - [TEST_STEP][PASSED] - out.println("Value of Execute is : " + ExecuteTC): null

2022-06-30 22:17:47 - [TEST_STEP][PASSED] - switch (executionProfile): null

2022-06-30 22:17:47 - [TEST_STEP][PASSED] - case "QAProfile":: null

2022-06-30 22:17:47 - [TEST_STEP][PASSED] - appName = findTestData(dataFile).getValue("AppNameQA", row): null

2022-06-30 22:17:47 - [TEST_STEP][PASSED] - appID = findTestData(dataFile).getValue("AppIDQA", row): null

2022-06-30 22:17:47 - [TEST_STEP][PASSED] - break: null

2022-06-30 22:17:47 - [TEST_STEP][PASSED] - if (ExecuteTC.equalsIgnoreCase("Y")): null

2022-06-30 22:17:47 - [TEST_STEP][PASSED] - out.println("Begin Record Number: " + row): null

2022-06-30 22:17:47 - [TEST_STEP][PASSED] - today = new java.util.Date(): null

2022-06-30 22:17:47 - [TEST_STEP][PASSED] - println(today): null

2022-06-30 22:17:47 - [TEST_STEP][PASSED] - datText = today: null

2022-06-30 22:17:47 - [TEST_STEP][PASSED] - adminSuiteBootstrap.loginFunctionality.login_AdminSuite(): adminSuiteBootstrap.loginFunctionality.login_AdminSuite is PASSED

2022-06-30 22:17:47 - [MESSAGE][INFO] - Starting 'Chrome' driver

2022-06-30 22:17:47 - [MESSAGE][INFO] - User set preference: ['acceptInsecureCerts', 'true']

2022-06-30 22:17:47 - [MESSAGE][INFO] - Action delay is set to 0 milliseconds

2022-06-30 22:17:50 - [MESSAGE][PASSED] - Browser is opened with url: 'https://qa.velocitypayment.com/admin/imtiaz'

2022-06-30 22:17:50 - [MESSAGE][PASSED] - Current window maximized

2022-06-30 22:17:51 - [MESSAGE][PASSED] - Object 'Object Repository/Login_Page/Login_Username' is present

2022-06-30 22:17:52 - [MESSAGE][PASSED] - Text 'iahmed' is set on object 'Object Repository/Login_Page/Login_Username'

2022-06-30 22:17:52 - [MESSAGE][PASSED] - Text 'hello2222' is set on object 'Object Repository/Login_Page/Login_Password'

2022-06-30 22:17:56 - [MESSAGE][PASSED] - Object: 'Object Repository/Login_Page/Login_Submit' is clicked on

2022-06-30 22:17:56 - [MESSAGE][PASSED] - adminSuiteBootstrap.loginFunctionality.login_AdminSuite is PASSED

2022-06-30 22:17:56 - [TEST_STEP][PASSED] - click(findTestObject(path_Dashboard + appName)): Object: 'Object Repository/AdminSuiteBootstrap_Pages/Dashboard_Bootstrap/a_Access AutoNoCFtp' is clicked on

2022-06-30 22:17:58 - [MESSAGE][PASSED] - Object: 'Object Repository/AdminSuiteBootstrap_Pages/Dashboard_Bootstrap/a_Access AutoNoCFtp' is clicked on

2022-06-30 22:17:58 - [TEST_STEP][PASSED] - click(findTestObject(path_VT + "a_Find Profile")): Object: 'Object Repository/AdminSuiteBootstrap_Pages/VT_Bootstrap/IssueTransactions/a_Find Profile' is clicked on

2022-06-30 22:17:58 - [MESSAGE][PASSED] - Object: 'Object Repository/AdminSuiteBootstrap_Pages/VT_Bootstrap/IssueTransactions/a_Find Profile' is clicked on

2022-06-30 22:17:58 - [TEST_STEP][PASSED] - criteria = <not implemented yet for class: org.codehaus.groovy.ast.expr.EmptyExpression>: null

2022-06-30 22:17:58 - [TEST_STEP][PASSED] - searchBy = <not implemented yet for class: org.codehaus.groovy.ast.expr.EmptyExpression>: null

2022-06-30 22:17:58 - [TEST_STEP][PASSED] - criteria = findTestData(dataFile).getValue("ProfileName", row): null

2022-06-30 22:17:58 - [TEST_STEP][PASSED] - path_SearchProfile = "Object Repository/AdminSuiteBootstrap_Pages/VSP_Bootstrap/SearchProfile/": null

2022-06-30 22:17:58 - [TEST_STEP][PASSED] - setText(findTestObject(path_SearchProfile + "input_Criteria"), criteria): Text 'PaymentsVisa' is set on object 'Object Repository/AdminSuiteBootstrap_Pages/VSP_Bootstrap/SearchProfile/input_Criteria'

2022-06-30 22:17:59 - [MESSAGE][PASSED] - Text 'PaymentsVisa' is set on object 'Object Repository/AdminSuiteBootstrap_Pages/VSP_Bootstrap/SearchProfile/input_Criteria'

2022-06-30 22:17:59 - [TEST_STEP][PASSED] - click(findTestObject(path_SearchProfile + "button_Search")): Object: 'Object Repository/AdminSuiteBootstrap_Pages/VSP_Bootstrap/SearchProfile/button_Search' is clicked on

2022-06-30 22:18:00 - [MESSAGE][PASSED] - Object: 'Object Repository/AdminSuiteBootstrap_Pages/VSP_Bootstrap/SearchProfile/button_Search' is clicked on

2022-06-30 22:18:00 - [TEST_STEP][PASSED] - profNameLink = findTestData(dataFile).getValue("ProfileNameLink", row): null

2022-06-30 22:18:00 - [TEST_STEP][PASSED] - click(findTestObject(path_ViewProfile + profNameLink)): Object: 'Object Repository/AdminSuiteBootstrap_Pages/VSP_Bootstrap/View Profile/a_PaymentsVisa' is clicked on

2022-06-30 22:18:02 - [MESSAGE][PASSED] - Object: 'Object Repository/AdminSuiteBootstrap_Pages/VSP_Bootstrap/View Profile/a_PaymentsVisa' is clicked on

2022-06-30 22:18:02 - [TEST_STEP][PASSED] - click(findTestObject(path_ViewProfile + "a_AuthCap")): Object: 'Object Repository/AdminSuiteBootstrap_Pages/VSP_Bootstrap/View Profile/a_AuthCap' is clicked on

2022-06-30 22:18:04 - [MESSAGE][PASSED] - Object: 'Object Repository/AdminSuiteBootstrap_Pages/VSP_Bootstrap/View Profile/a_AuthCap' is clicked on

2022-06-30 22:18:04 - [TEST_STEP][PASSED] - verifyTextPresent("Credit Card Authorization Capture", true): Text 'Credit Card Authorization Capture' is present on page  using regular expression

2022-06-30 22:18:05 - [MESSAGE][PASSED] - Text 'Credit Card Authorization Capture' is present on page  using regular expression

2022-06-30 22:18:05 - [TEST_STEP][PASSED] - verifyTextPresent("Sale", true): Text 'Sale' is present on page  using regular expression

2022-06-30 22:18:06 - [MESSAGE][PASSED] - Text 'Sale' is present on page  using regular expression

2022-06-30 22:18:06 - [TEST_STEP][PASSED] - verifyTextPresent("Required fields are highlighted with an asterisk", true): Text 'Required fields are highlighted with an asterisk' is present on page  using regular expression

2022-06-30 22:18:06 - [MESSAGE][PASSED] - Text 'Required fields are highlighted with an asterisk' is present on page  using regular expression

2022-06-30 22:18:06 - [TEST_STEP][PASSED] - verifyTextPresent("Remittance ID", true): Text 'Remittance ID' is present on page  using regular expression

2022-06-30 22:18:06 - [MESSAGE][PASSED] - Text 'Remittance ID' is present on page  using regular expression

2022-06-30 22:18:06 - [TEST_STEP][PASSED] - vspBootstrap.SalePage.setDataSaleAndAuth(row, dataFile): vspBootstrap.SalePage.setDataSaleAndAuth is PASSED

2022-06-30 22:18:08 - [MESSAGE][PASSED] - All options with value 'RETL' are selected in object 'Object Repository/AdminSuiteBootstrap_Pages/VSP_Bootstrap/VSP_Authcap/select_TransactionCategory'  using regular expression

2022-06-30 22:18:08 - [MESSAGE][PASSED] - Text '123' is set on object 'Object Repository/AdminSuiteBootstrap_Pages/VSP_Bootstrap/VSP_Authcap/input_cvv'

2022-06-30 22:18:09 - [MESSAGE][PASSED] - Text '' is set on object 'Object Repository/AdminSuiteBootstrap_Pages/VSP_Bootstrap/VSP_Authcap/input_smsNumber'

2022-06-30 22:18:10 - [MESSAGE][PASSED] - Text '2.50' is set on object 'Object Repository/AdminSuiteBootstrap_Pages/VSP_Bootstrap/VSP_Authcap/input_amount'

2022-06-30 22:18:11 - [MESSAGE][PASSED] - Text 'Delhi' is set on object 'Object Repository/AdminSuiteBootstrap_Pages/VSP_Bootstrap/VSP_Authcap/input_userDefined1'

2022-06-30 22:18:11 - [MESSAGE][PASSED] - Text 'Chennai' is set on object 'Object Repository/AdminSuiteBootstrap_Pages/VSP_Bootstrap/VSP_Authcap/input_userDefined2'

2022-06-30 22:18:12 - [MESSAGE][PASSED] - Text 'Mumbai' is set on object 'Object Repository/AdminSuiteBootstrap_Pages/VSP_Bootstrap/VSP_Authcap/input_userDefined3'

2022-06-30 22:18:13 - [MESSAGE][PASSED] - Text 'Kanpur' is set on object 'Object Repository/AdminSuiteBootstrap_Pages/VSP_Bootstrap/VSP_Authcap/input_userDefined4'

2022-06-30 22:18:14 - [MESSAGE][PASSED] - All options with label 'Orange' are selected in object 'Object Repository/AdminSuiteBootstrap_Pages/VSP_Bootstrap/VSP_Authcap/select_UDF5'  using regular expression

2022-06-30 22:18:15 - [MESSAGE][PASSED] - All options with label 'Yellow' are selected in object 'Object Repository/AdminSuiteBootstrap_Pages/VSP_Bootstrap/VSP_Authcap/select_UDF6'  using regular expression

2022-06-30 22:18:15 - [MESSAGE][PASSED] - Text 'Kolkata' is set on object 'Object Repository/AdminSuiteBootstrap_Pages/VSP_Bootstrap/VSP_Authcap/input_userDefined7'

2022-06-30 22:18:16 - [MESSAGE][PASSED] - Text 'Pune' is set on object 'Object Repository/AdminSuiteBootstrap_Pages/VSP_Bootstrap/VSP_Authcap/input_userDefined8'

2022-06-30 22:18:17 - [MESSAGE][PASSED] - Text 'Bhavnagar' is set on object 'Object Repository/AdminSuiteBootstrap_Pages/VSP_Bootstrap/VSP_Authcap/input_userDefined9'

2022-06-30 22:18:17 - [MESSAGE][PASSED] - Text 'Noida' is set on object 'Object Repository/AdminSuiteBootstrap_Pages/VSP_Bootstrap/VSP_Authcap/input_userDefined10'

2022-06-30 22:18:19 - [MESSAGE][PASSED] - Object: 'Object Repository/AdminSuiteBootstrap_Pages/VSP_Bootstrap/VSP_Authcap/button_Submit' is clicked on

2022-06-30 22:18:19 - [MESSAGE][PASSED] - vspBootstrap.SalePage.setDataSaleAndAuth is PASSED

2022-06-30 22:18:19 - [TEST_STEP][PASSED] - verifyTextPresent("Transaction Successful", true): Text 'Transaction Successful' is present on page  using regular expression

2022-06-30 22:18:20 - [MESSAGE][PASSED] - Text 'Transaction Successful' is present on page  using regular expression

2022-06-30 22:18:20 - [TEST_STEP][PASSED] - verifyElementVisible(findTestObject("Object Repository/AdminSuiteBootstrap_Pages/VT_Bootstrap/Receipt/button_Continue")): Object 'Object Repository/AdminSuiteBootstrap_Pages/VT_Bootstrap/Receipt/button_Continue' is visible

2022-06-30 22:18:20 - [MESSAGE][PASSED] - Object 'Object Repository/AdminSuiteBootstrap_Pages/VT_Bootstrap/Receipt/button_Continue' is visible

2022-06-30 22:18:20 - [TEST_STEP][PASSED] - verifyElementPresent(findTestObject("Object Repository/AdminSuiteBootstrap_Pages/VT_Bootstrap/Receipt/button_Continue"), 20): Object 'Object Repository/AdminSuiteBootstrap_Pages/VT_Bootstrap/Receipt/button_Continue' is present

2022-06-30 22:18:21 - [MESSAGE][PASSED] - Object 'Object Repository/AdminSuiteBootstrap_Pages/VT_Bootstrap/Receipt/button_Continue' is present

2022-06-30 22:18:21 - [TEST_STEP][PASSED] - verifyElementVisible(findTestObject("Object Repository/AdminSuiteBootstrap_Pages/VT_Bootstrap/Receipt/button_Print")): Object 'Object Repository/AdminSuiteBootstrap_Pages/VT_Bootstrap/Receipt/button_Print' is visible

2022-06-30 22:18:21 - [MESSAGE][PASSED] - Object 'Object Repository/AdminSuiteBootstrap_Pages/VT_Bootstrap/Receipt/button_Print' is visible

2022-06-30 22:18:21 - [TEST_STEP][PASSED] - verifyElementPresent(findTestObject("Object Repository/AdminSuiteBootstrap_Pages/VT_Bootstrap/Receipt/button_Print"), 20): Object 'Object Repository/AdminSuiteBootstrap_Pages/VT_Bootstrap/Receipt/button_Print' is present

2022-06-30 22:18:21 - [MESSAGE][PASSED] - Object 'Object Repository/AdminSuiteBootstrap_Pages/VT_Bootstrap/Receipt/button_Print' is present

2022-06-30 22:18:21 - [TEST_STEP][PASSED] - verifyTextPresent("Remittance ID", true): Text 'Remittance ID' is present on page  using regular expression

2022-06-30 22:18:22 - [MESSAGE][PASSED] - Text 'Remittance ID' is present on page  using regular expression

2022-06-30 22:18:22 - [TEST_STEP][PASSED] - verifyTextPresent("Received", true): Text 'Received' is present on page  using regular expression

2022-06-30 22:18:22 - [MESSAGE][PASSED] - Text 'Received' is present on page  using regular expression

2022-06-30 22:18:22 - [TEST_STEP][PASSED] - verifyTextPresent("UDF1", true): Text 'UDF1' is present on page  using regular expression

2022-06-30 22:18:22 - [MESSAGE][PASSED] - Text 'UDF1' is present on page  using regular expression

2022-06-30 22:18:22 - [TEST_STEP][PASSED] - verifyTextPresent("UDF2", true): Text 'UDF2' is present on page  using regular expression

2022-06-30 22:18:23 - [MESSAGE][PASSED] - Text 'UDF2' is present on page  using regular expression

2022-06-30 22:18:23 - [TEST_STEP][PASSED] - verifyTextPresent("UDF3", true): Text 'UDF3' is present on page  using regular expression

2022-06-30 22:18:23 - [MESSAGE][PASSED] - Text 'UDF3' is present on page  using regular expression

2022-06-30 22:18:23 - [TEST_STEP][PASSED] - verifyTextPresent("UDF4", true): Text 'UDF4' is present on page  using regular expression

2022-06-30 22:18:23 - [MESSAGE][PASSED] - Text 'UDF4' is present on page  using regular expression

2022-06-30 22:18:23 - [TEST_STEP][PASSED] - verifyTextPresent("UDF5", true): Text 'UDF5' is present on page  using regular expression

2022-06-30 22:18:24 - [MESSAGE][PASSED] - Text 'UDF5' is present on page  using regular expression

2022-06-30 22:18:24 - [TEST_STEP][PASSED] - verifyTextPresent("UDF6", true): Text 'UDF6' is present on page  using regular expression

2022-06-30 22:18:24 - [MESSAGE][PASSED] - Text 'UDF6' is present on page  using regular expression

2022-06-30 22:18:24 - [TEST_STEP][PASSED] - verifyTextPresent("UDF7", true): Text 'UDF7' is present on page  using regular expression

2022-06-30 22:18:24 - [MESSAGE][PASSED] - Text 'UDF7' is present on page  using regular expression

2022-06-30 22:18:24 - [TEST_STEP][PASSED] - verifyTextPresent("UDF8", true): Text 'UDF8' is present on page  using regular expression

2022-06-30 22:18:25 - [MESSAGE][PASSED] - Text 'UDF8' is present on page  using regular expression

2022-06-30 22:18:25 - [TEST_STEP][PASSED] - verifyTextPresent("UDF9", true): Text 'UDF9' is present on page  using regular expression

2022-06-30 22:18:25 - [MESSAGE][PASSED] - Text 'UDF9' is present on page  using regular expression

2022-06-30 22:18:25 - [TEST_STEP][PASSED] - verifyTextPresent("UDF 10", true): Text 'UDF 10' is present on page  using regular expression

2022-06-30 22:18:25 - [MESSAGE][PASSED] - Text 'UDF 10' is present on page  using regular expression

2022-06-30 22:18:25 - [TEST_STEP][PASSED] - verifyTextPresent("Delhi", true): Text 'Delhi' is present on page  using regular expression

2022-06-30 22:18:26 - [MESSAGE][PASSED] - Text 'Delhi' is present on page  using regular expression

2022-06-30 22:18:26 - [TEST_STEP][PASSED] - verifyTextPresent("Chennai", true): Text 'Chennai' is present on page  using regular expression

2022-06-30 22:18:26 - [MESSAGE][PASSED] - Text 'Chennai' is present on page  using regular expression

2022-06-30 22:18:26 - [TEST_STEP][PASSED] - verifyTextPresent("Mumbai", true): Text 'Mumbai' is present on page  using regular expression

2022-06-30 22:18:26 - [MESSAGE][PASSED] - Text 'Mumbai' is present on page  using regular expression

2022-06-30 22:18:26 - [TEST_STEP][PASSED] - verifyTextPresent("Kanpur", true): Text 'Kanpur' is present on page  using regular expression

2022-06-30 22:18:27 - [MESSAGE][PASSED] - Text 'Kanpur' is present on page  using regular expression

2022-06-30 22:18:27 - [TEST_STEP][PASSED] - verifyTextPresent("Orange Recorded", true): Text 'Orange Recorded' is present on page  using regular expression

2022-06-30 22:18:27 - [MESSAGE][PASSED] - Text 'Orange Recorded' is present on page  using regular expression

2022-06-30 22:18:27 - [TEST_STEP][PASSED] - verifyTextPresent("Yellow Recorded", true): Text 'Yellow Recorded' is present on page  using regular expression

2022-06-30 22:18:27 - [MESSAGE][PASSED] - Text 'Yellow Recorded' is present on page  using regular expression

2022-06-30 22:18:27 - [TEST_STEP][PASSED] - verifyTextPresent("Kolkata", true): Text 'Kolkata' is present on page  using regular expression

2022-06-30 22:18:28 - [MESSAGE][PASSED] - Text 'Kolkata' is present on page  using regular expression

2022-06-30 22:18:28 - [TEST_STEP][PASSED] - verifyTextPresent("Pune", true): Text 'Pune' is present on page  using regular expression

2022-06-30 22:18:28 - [MESSAGE][PASSED] - Text 'Pune' is present on page  using regular expression

2022-06-30 22:18:28 - [TEST_STEP][PASSED] - verifyTextPresent("Bhavnagar", true): Text 'Bhavnagar' is present on page  using regular expression

2022-06-30 22:18:28 - [MESSAGE][PASSED] - Text 'Bhavnagar' is present on page  using regular expression

2022-06-30 22:18:28 - [TEST_STEP][PASSED] - verifyTextPresent("Noida", true): Text 'Noida' is present on page  using regular expression

2022-06-30 22:18:28 - [MESSAGE][PASSED] - Text 'Noida' is present on page  using regular expression

2022-06-30 22:18:28 - [TEST_STEP][PASSED] - verifyTextPresent("Amount", true): Text 'Amount' is present on page  using regular expression

2022-06-30 22:18:29 - [MESSAGE][PASSED] - Text 'Amount' is present on page  using regular expression

2022-06-30 22:18:29 - [TEST_STEP][PASSED] - verifyTextPresent("2.50", true): Text '2.50' is present on page  using regular expression

2022-06-30 22:18:29 - [MESSAGE][PASSED] - Text '2.50' is present on page  using regular expression

2022-06-30 22:18:29 - [TEST_STEP][PASSED] - verifyTextPresent("Authorization and Capture", true): Text 'Authorization and Capture' is present on page  using regular expression

2022-06-30 22:18:29 - [MESSAGE][PASSED] - Text 'Authorization and Capture' is present on page  using regular expression

2022-06-30 22:18:29 - [TEST_STEP][PASSED] - verifyTextPresent("Card Information", true): Text 'Card Information' is present on page  using regular expression

2022-06-30 22:18:30 - [MESSAGE][PASSED] - Text 'Card Information' is present on page  using regular expression

2022-06-30 22:18:30 - [TEST_STEP][PASSED] - verifyTextPresent("TANDON RAVENA", true): Text 'TANDON RAVENA' is present on page  using regular expression

2022-06-30 22:18:30 - [MESSAGE][PASSED] - Text 'TANDON RAVENA' is present on page  using regular expression

2022-06-30 22:18:30 - [TEST_STEP][PASSED] - verifyTextPresent("Address Line 1", true): Text 'Address Line 1' is present on page  using regular expression

2022-06-30 22:18:30 - [MESSAGE][PASSED] - Text 'Address Line 1' is present on page  using regular expression

2022-06-30 22:18:30 - [TEST_STEP][PASSED] - verifyTextPresent("Address Line 2", true): Text 'Address Line 2' is present on page  using regular expression

2022-06-30 22:18:31 - [MESSAGE][PASSED] - Text 'Address Line 2' is present on page  using regular expression

2022-06-30 22:18:31 - [TEST_STEP][PASSED] - verifyTextPresent("Country", true): Text 'Country' is present on page  using regular expression

2022-06-30 22:18:31 - [MESSAGE][PASSED] - Text 'Country' is present on page  using regular expression

2022-06-30 22:18:31 - [TEST_STEP][PASSED] - verifyTextPresent("City", true): Text 'City' is present on page  using regular expression

2022-06-30 22:18:31 - [MESSAGE][PASSED] - Text 'City' is present on page  using regular expression

2022-06-30 22:18:31 - [TEST_STEP][PASSED] - verifyTextPresent("State", true): Text 'State' is present on page  using regular expression

2022-06-30 22:18:32 - [MESSAGE][PASSED] - Text 'State' is present on page  using regular expression

2022-06-30 22:18:32 - [TEST_STEP][PASSED] - verifyTextPresent("ZIP Code", true): Text 'ZIP Code' is present on page  using regular expression

2022-06-30 22:18:32 - [MESSAGE][PASSED] - Text 'ZIP Code' is present on page  using regular expression

2022-06-30 22:18:32 - [TEST_STEP][PASSED] - verifyTextPresent("248 PhoolKaante road", true): Text '248 PhoolKaante road' is present on page  using regular expression

2022-06-30 22:18:32 - [MESSAGE][PASSED] - Text '248 PhoolKaante road' is present on page  using regular expression

2022-06-30 22:18:32 - [TEST_STEP][PASSED] - verifyTextPresent("Suite 678", true): Text 'Suite 678' is present on page  using regular expression

2022-06-30 22:18:33 - [MESSAGE][PASSED] - Text 'Suite 678' is present on page  using regular expression

2022-06-30 22:18:33 - [TEST_STEP][PASSED] - verifyTextPresent("United States", true): Text 'United States' is present on page  using regular expression

2022-06-30 22:18:33 - [MESSAGE][PASSED] - Text 'United States' is present on page  using regular expression

2022-06-30 22:18:33 - [TEST_STEP][PASSED] - verifyTextPresent("ARLINGTON", true): Text 'ARLINGTON' is present on page  using regular expression

2022-06-30 22:18:33 - [MESSAGE][PASSED] - Text 'ARLINGTON' is present on page  using regular expression

2022-06-30 22:18:33 - [TEST_STEP][PASSED] - verifyTextPresent("VA", true): Text 'VA' is present on page  using regular expression

2022-06-30 22:18:34 - [MESSAGE][PASSED] - Text 'VA' is present on page  using regular expression

2022-06-30 22:18:34 - [TEST_STEP][PASSED] - verifyTextPresent("22201", true): Text '22201' is present on page  using regular expression

2022-06-30 22:18:34 - [MESSAGE][PASSED] - Text '22201' is present on page  using regular expression

2022-06-30 22:18:34 - [TEST_STEP][PASSED] - cardTypeV = findTestData(dataFile).getValue("CardType", row): null

2022-06-30 22:18:34 - [TEST_STEP][PASSED] - last4V = findTestData(dataFile).getValue("Last4", row): null

2022-06-30 22:18:34 - [TEST_STEP][PASSED] - verifyTextPresent(cardTypeV, true): Text 'Visa' is present on page  using regular expression

2022-06-30 22:18:34 - [MESSAGE][PASSED] - Text 'Visa' is present on page  using regular expression

2022-06-30 22:18:34 - [TEST_STEP][PASSED] - verifyTextPresent(last4V, true): Text '5439' is present on page  using regular expression

2022-06-30 22:18:35 - [MESSAGE][PASSED] - Text '5439' is present on page  using regular expression

2022-06-30 22:18:35 - [TEST_STEP][PASSED] - switch (appName): null

2022-06-30 22:18:35 - [TEST_STEP][PASSED] - closeBrowser(): Browser is closed

2022-06-30 22:18:36 - [MESSAGE][PASSED] - Browser is closed

2022-06-30 22:18:36 - [TEST_STEP][PASSED] - ExecuteTC = findTestData(dataFile).getValue("Execute", row): null

2022-06-30 22:18:36 - [TEST_STEP][PASSED] - out.println("Value of Execute is : " + ExecuteTC): null

2022-06-30 22:18:36 - [TEST_STEP][PASSED] - switch (executionProfile): null

2022-06-30 22:18:36 - [TEST_STEP][PASSED] - case "QAProfile":: null

2022-06-30 22:18:36 - [TEST_STEP][PASSED] - appName = findTestData(dataFile).getValue("AppNameQA", row): null

2022-06-30 22:18:36 - [TEST_STEP][PASSED] - appID = findTestData(dataFile).getValue("AppIDQA", row): null

2022-06-30 22:18:36 - [TEST_STEP][PASSED] - break: null

2022-06-30 22:18:36 - [TEST_STEP][PASSED] - if (ExecuteTC.equalsIgnoreCase("Y")): null

2022-06-30 22:18:36 - [TEST_STEP][PASSED] - out.println("Begin Record Number: " + row): null

2022-06-30 22:18:36 - [TEST_STEP][PASSED] - today = new java.util.Date(): null

2022-06-30 22:18:36 - [TEST_STEP][PASSED] - println(today): null

2022-06-30 22:18:36 - [TEST_STEP][PASSED] - datText = today: null

2022-06-30 22:18:36 - [TEST_STEP][PASSED] - adminSuiteBootstrap.loginFunctionality.login_AdminSuite(): adminSuiteBootstrap.loginFunctionality.login_AdminSuite is PASSED

2022-06-30 22:18:36 - [MESSAGE][INFO] - Starting 'Chrome' driver

2022-06-30 22:18:36 - [MESSAGE][INFO] - User set preference: ['acceptInsecureCerts', 'true']

2022-06-30 22:18:36 - [MESSAGE][INFO] - Action delay is set to 0 milliseconds

2022-06-30 22:18:39 - [MESSAGE][PASSED] - Browser is opened with url: 'https://qa.velocitypayment.com/admin/imtiaz'

2022-06-30 22:18:39 - [MESSAGE][PASSED] - Current window maximized

2022-06-30 22:18:39 - [MESSAGE][PASSED] - Object 'Object Repository/Login_Page/Login_Username' is present

2022-06-30 22:18:40 - [MESSAGE][PASSED] - Text 'iahmed' is set on object 'Object Repository/Login_Page/Login_Username'

2022-06-30 22:18:41 - [MESSAGE][PASSED] - Text 'hello2222' is set on object 'Object Repository/Login_Page/Login_Password'

2022-06-30 22:18:46 - [MESSAGE][PASSED] - Object: 'Object Repository/Login_Page/Login_Submit' is clicked on

2022-06-30 22:18:46 - [MESSAGE][PASSED] - adminSuiteBootstrap.loginFunctionality.login_AdminSuite is PASSED

2022-06-30 22:18:46 - [TEST_STEP][PASSED] - click(findTestObject(path_Dashboard + appName)): Object: 'Object Repository/AdminSuiteBootstrap_Pages/Dashboard_Bootstrap/a_Access AutoNoCFtp' is clicked on

2022-06-30 22:18:47 - [MESSAGE][PASSED] - Object: 'Object Repository/AdminSuiteBootstrap_Pages/Dashboard_Bootstrap/a_Access AutoNoCFtp' is clicked on

2022-06-30 22:18:47 - [TEST_STEP][PASSED] - click(findTestObject(path_VT + "a_Find Profile")): Object: 'Object Repository/AdminSuiteBootstrap_Pages/VT_Bootstrap/IssueTransactions/a_Find Profile' is clicked on

2022-06-30 22:18:48 - [MESSAGE][PASSED] - Object: 'Object Repository/AdminSuiteBootstrap_Pages/VT_Bootstrap/IssueTransactions/a_Find Profile' is clicked on

2022-06-30 22:18:48 - [TEST_STEP][PASSED] - criteria = <not implemented yet for class: org.codehaus.groovy.ast.expr.EmptyExpression>: null

2022-06-30 22:18:48 - [TEST_STEP][PASSED] - searchBy = <not implemented yet for class: org.codehaus.groovy.ast.expr.EmptyExpression>: null

2022-06-30 22:18:48 - [TEST_STEP][PASSED] - criteria = findTestData(dataFile).getValue("ProfileName", row): null

2022-06-30 22:18:48 - [TEST_STEP][PASSED] - path_SearchProfile = "Object Repository/AdminSuiteBootstrap_Pages/VSP_Bootstrap/SearchProfile/": null

2022-06-30 22:18:48 - [TEST_STEP][PASSED] - setText(findTestObject(path_SearchProfile + "input_Criteria"), criteria): Text 'PaymentsMC' is set on object 'Object Repository/AdminSuiteBootstrap_Pages/VSP_Bootstrap/SearchProfile/input_Criteria'

2022-06-30 22:18:49 - [MESSAGE][PASSED] - Text 'PaymentsMC' is set on object 'Object Repository/AdminSuiteBootstrap_Pages/VSP_Bootstrap/SearchProfile/input_Criteria'

2022-06-30 22:18:49 - [TEST_STEP][PASSED] - click(findTestObject(path_SearchProfile + "button_Search")): Object: 'Object Repository/AdminSuiteBootstrap_Pages/VSP_Bootstrap/SearchProfile/button_Search' is clicked on

2022-06-30 22:18:50 - [MESSAGE][PASSED] - Object: 'Object Repository/AdminSuiteBootstrap_Pages/VSP_Bootstrap/SearchProfile/button_Search' is clicked on

2022-06-30 22:18:50 - [TEST_STEP][PASSED] - profNameLink = findTestData(dataFile).getValue("ProfileNameLink", row): null

2022-06-30 22:18:50 - [TEST_STEP][PASSED] - click(findTestObject(path_ViewProfile + profNameLink)): Object: 'Object Repository/AdminSuiteBootstrap_Pages/VSP_Bootstrap/View Profile/a_PaymentsMC' is clicked on

2022-06-30 22:18:52 - [MESSAGE][PASSED] - Object: 'Object Repository/AdminSuiteBootstrap_Pages/VSP_Bootstrap/View Profile/a_PaymentsMC' is clicked on

2022-06-30 22:18:52 - [TEST_STEP][PASSED] - click(findTestObject(path_ViewProfile + "a_AuthCap")): Object: 'Object Repository/AdminSuiteBootstrap_Pages/VSP_Bootstrap/View Profile/a_AuthCap' is clicked on

2022-06-30 22:18:55 - [MESSAGE][PASSED] - Object: 'Object Repository/AdminSuiteBootstrap_Pages/VSP_Bootstrap/View Profile/a_AuthCap' is clicked on

2022-06-30 22:18:55 - [TEST_STEP][PASSED] - verifyTextPresent("Credit Card Authorization Capture", true): Text 'Credit Card Authorization Capture' is present on page  using regular expression

2022-06-30 22:18:56 - [MESSAGE][PASSED] - Text 'Credit Card Authorization Capture' is present on page  using regular expression

2022-06-30 22:18:56 - [TEST_STEP][PASSED] - verifyTextPresent("Sale", true): Text 'Sale' is present on page  using regular expression

2022-06-30 22:18:56 - [MESSAGE][PASSED] - Text 'Sale' is present on page  using regular expression

2022-06-30 22:18:56 - [TEST_STEP][PASSED] - verifyTextPresent("Required fields are highlighted with an asterisk", true): Text 'Required fields are highlighted with an asterisk' is present on page  using regular expression

2022-06-30 22:18:56 - [MESSAGE][PASSED] - Text 'Required fields are highlighted with an asterisk' is present on page  using regular expression

2022-06-30 22:18:56 - [TEST_STEP][PASSED] - verifyTextPresent("Remittance ID", true): Text 'Remittance ID' is present on page  using regular expression

2022-06-30 22:18:57 - [MESSAGE][PASSED] - Text 'Remittance ID' is present on page  using regular expression

2022-06-30 22:18:57 - [TEST_STEP][PASSED] - vspBootstrap.SalePage.setDataSaleAndAuth(row, dataFile): vspBootstrap.SalePage.setDataSaleAndAuth is PASSED

2022-06-30 22:18:58 - [MESSAGE][PASSED] - All options with value 'RETL' are selected in object 'Object Repository/AdminSuiteBootstrap_Pages/VSP_Bootstrap/VSP_Authcap/select_TransactionCategory'  using regular expression

2022-06-30 22:18:59 - [MESSAGE][PASSED] - Text '123' is set on object 'Object Repository/AdminSuiteBootstrap_Pages/VSP_Bootstrap/VSP_Authcap/input_cvv'

2022-06-30 22:19:00 - [MESSAGE][PASSED] - Text '' is set on object 'Object Repository/AdminSuiteBootstrap_Pages/VSP_Bootstrap/VSP_Authcap/input_smsNumber'

2022-06-30 22:19:00 - [MESSAGE][PASSED] - Text '2.50' is set on object 'Object Repository/AdminSuiteBootstrap_Pages/VSP_Bootstrap/VSP_Authcap/input_amount'

2022-06-30 22:19:01 - [MESSAGE][PASSED] - Text 'Delhi' is set on object 'Object Repository/AdminSuiteBootstrap_Pages/VSP_Bootstrap/VSP_Authcap/input_userDefined1'

2022-06-30 22:19:02 - [MESSAGE][PASSED] - Text 'Chennai' is set on object 'Object Repository/AdminSuiteBootstrap_Pages/VSP_Bootstrap/VSP_Authcap/input_userDefined2'

2022-06-30 22:19:02 - [MESSAGE][PASSED] - Text 'Mumbai' is set on object 'Object Repository/AdminSuiteBootstrap_Pages/VSP_Bootstrap/VSP_Authcap/input_userDefined3'

2022-06-30 22:19:03 - [MESSAGE][PASSED] - Text 'Kanpur' is set on object 'Object Repository/AdminSuiteBootstrap_Pages/VSP_Bootstrap/VSP_Authcap/input_userDefined4'

2022-06-30 22:19:04 - [MESSAGE][PASSED] - All options with label 'Orange' are selected in object 'Object Repository/AdminSuiteBootstrap_Pages/VSP_Bootstrap/VSP_Authcap/select_UDF5'  using regular expression

2022-06-30 22:19:05 - [MESSAGE][PASSED] - All options with label 'Yellow' are selected in object 'Object Repository/AdminSuiteBootstrap_Pages/VSP_Bootstrap/VSP_Authcap/select_UDF6'  using regular expression

2022-06-30 22:19:06 - [MESSAGE][PASSED] - Text 'Kolkata' is set on object 'Object Repository/AdminSuiteBootstrap_Pages/VSP_Bootstrap/VSP_Authcap/input_userDefined7'

2022-06-30 22:19:07 - [MESSAGE][PASSED] - Text 'Pune' is set on object 'Object Repository/AdminSuiteBootstrap_Pages/VSP_Bootstrap/VSP_Authcap/input_userDefined8'

2022-06-30 22:19:07 - [MESSAGE][PASSED] - Text 'Bhavnagar' is set on object 'Object Repository/AdminSuiteBootstrap_Pages/VSP_Bootstrap/VSP_Authcap/input_userDefined9'

2022-06-30 22:19:08 - [MESSAGE][PASSED] - Text 'Noida' is set on object 'Object Repository/AdminSuiteBootstrap_Pages/VSP_Bootstrap/VSP_Authcap/input_userDefined10'

2022-06-30 22:19:10 - [MESSAGE][PASSED] - Object: 'Object Repository/AdminSuiteBootstrap_Pages/VSP_Bootstrap/VSP_Authcap/button_Submit' is clicked on

2022-06-30 22:19:10 - [MESSAGE][PASSED] - vspBootstrap.SalePage.setDataSaleAndAuth is PASSED

2022-06-30 22:19:10 - [TEST_STEP][PASSED] - verifyTextPresent("Transaction Successful", true): Text 'Transaction Successful' is present on page  using regular expression

2022-06-30 22:19:10 - [MESSAGE][PASSED] - Text 'Transaction Successful' is present on page  using regular expression

2022-06-30 22:19:10 - [TEST_STEP][PASSED] - verifyElementVisible(findTestObject("Object Repository/AdminSuiteBootstrap_Pages/VT_Bootstrap/Receipt/button_Continue")): Object 'Object Repository/AdminSuiteBootstrap_Pages/VT_Bootstrap/Receipt/button_Continue' is visible

2022-06-30 22:19:11 - [MESSAGE][PASSED] - Object 'Object Repository/AdminSuiteBootstrap_Pages/VT_Bootstrap/Receipt/button_Continue' is visible

2022-06-30 22:19:11 - [TEST_STEP][PASSED] - verifyElementPresent(findTestObject("Object Repository/AdminSuiteBootstrap_Pages/VT_Bootstrap/Receipt/button_Continue"), 20): Object 'Object Repository/AdminSuiteBootstrap_Pages/VT_Bootstrap/Receipt/button_Continue' is present

2022-06-30 22:19:11 - [MESSAGE][PASSED] - Object 'Object Repository/AdminSuiteBootstrap_Pages/VT_Bootstrap/Receipt/button_Continue' is present

2022-06-30 22:19:11 - [TEST_STEP][PASSED] - verifyElementVisible(findTestObject("Object Repository/AdminSuiteBootstrap_Pages/VT_Bootstrap/Receipt/button_Print")): Object 'Object Repository/AdminSuiteBootstrap_Pages/VT_Bootstrap/Receipt/button_Print' is visible

2022-06-30 22:19:11 - [MESSAGE][PASSED] - Object 'Object Repository/AdminSuiteBootstrap_Pages/VT_Bootstrap/Receipt/button_Print' is visible

2022-06-30 22:19:11 - [TEST_STEP][PASSED] - verifyElementPresent(findTestObject("Object Repository/AdminSuiteBootstrap_Pages/VT_Bootstrap/Receipt/button_Print"), 20): Object 'Object Repository/AdminSuiteBootstrap_Pages/VT_Bootstrap/Receipt/button_Print' is present

2022-06-30 22:19:12 - [MESSAGE][PASSED] - Object 'Object Repository/AdminSuiteBootstrap_Pages/VT_Bootstrap/Receipt/button_Print' is present

2022-06-30 22:19:12 - [TEST_STEP][PASSED] - verifyTextPresent("Remittance ID", true): Text 'Remittance ID' is present on page  using regular expression

2022-06-30 22:19:12 - [MESSAGE][PASSED] - Text 'Remittance ID' is present on page  using regular expression

2022-06-30 22:19:12 - [TEST_STEP][PASSED] - verifyTextPresent("Received", true): Text 'Received' is present on page  using regular expression

2022-06-30 22:19:12 - [MESSAGE][PASSED] - Text 'Received' is present on page  using regular expression

2022-06-30 22:19:12 - [TEST_STEP][PASSED] - verifyTextPresent("UDF1", true): Text 'UDF1' is present on page  using regular expression

2022-06-30 22:19:13 - [MESSAGE][PASSED] - Text 'UDF1' is present on page  using regular expression

2022-06-30 22:19:13 - [TEST_STEP][PASSED] - verifyTextPresent("UDF2", true): Text 'UDF2' is present on page  using regular expression

2022-06-30 22:19:13 - [MESSAGE][PASSED] - Text 'UDF2' is present on page  using regular expression

2022-06-30 22:19:13 - [TEST_STEP][PASSED] - verifyTextPresent("UDF3", true): Text 'UDF3' is present on page  using regular expression

2022-06-30 22:19:13 - [MESSAGE][PASSED] - Text 'UDF3' is present on page  using regular expression

2022-06-30 22:19:13 - [TEST_STEP][PASSED] - verifyTextPresent("UDF4", true): Text 'UDF4' is present on page  using regular expression

2022-06-30 22:19:14 - [MESSAGE][PASSED] - Text 'UDF4' is present on page  using regular expression

2022-06-30 22:19:14 - [TEST_STEP][PASSED] - verifyTextPresent("UDF5", true): Text 'UDF5' is present on page  using regular expression

2022-06-30 22:19:14 - [MESSAGE][PASSED] - Text 'UDF5' is present on page  using regular expression

2022-06-30 22:19:14 - [TEST_STEP][PASSED] - verifyTextPresent("UDF6", true): Text 'UDF6' is present on page  using regular expression

2022-06-30 22:19:14 - [MESSAGE][PASSED] - Text 'UDF6' is present on page  using regular expression

2022-06-30 22:19:14 - [TEST_STEP][PASSED] - verifyTextPresent("UDF7", true): Text 'UDF7' is present on page  using regular expression

2022-06-30 22:19:15 - [MESSAGE][PASSED] - Text 'UDF7' is present on page  using regular expression

2022-06-30 22:19:15 - [TEST_STEP][PASSED] - verifyTextPresent("UDF8", true): Text 'UDF8' is present on page  using regular expression

2022-06-30 22:19:15 - [MESSAGE][PASSED] - Text 'UDF8' is present on page  using regular expression

2022-06-30 22:19:15 - [TEST_STEP][PASSED] - verifyTextPresent("UDF9", true): Text 'UDF9' is present on page  using regular expression

2022-06-30 22:19:15 - [MESSAGE][PASSED] - Text 'UDF9' is present on page  using regular expression

2022-06-30 22:19:15 - [TEST_STEP][PASSED] - verifyTextPresent("UDF 10", true): Text 'UDF 10' is present on page  using regular expression

2022-06-30 22:19:16 - [MESSAGE][PASSED] - Text 'UDF 10' is present on page  using regular expression

2022-06-30 22:19:16 - [TEST_STEP][PASSED] - verifyTextPresent("Delhi", true): Text 'Delhi' is present on page  using regular expression

2022-06-30 22:19:16 - [MESSAGE][PASSED] - Text 'Delhi' is present on page  using regular expression

2022-06-30 22:19:16 - [TEST_STEP][PASSED] - verifyTextPresent("Chennai", true): Text 'Chennai' is present on page  using regular expression

2022-06-30 22:19:16 - [MESSAGE][PASSED] - Text 'Chennai' is present on page  using regular expression

2022-06-30 22:19:16 - [TEST_STEP][PASSED] - verifyTextPresent("Mumbai", true): Text 'Mumbai' is present on page  using regular expression

2022-06-30 22:19:17 - [MESSAGE][PASSED] - Text 'Mumbai' is present on page  using regular expression

2022-06-30 22:19:17 - [TEST_STEP][PASSED] - verifyTextPresent("Kanpur", true): Text 'Kanpur' is present on page  using regular expression

2022-06-30 22:19:17 - [MESSAGE][PASSED] - Text 'Kanpur' is present on page  using regular expression

2022-06-30 22:19:17 - [TEST_STEP][PASSED] - verifyTextPresent("Orange Recorded", true): Text 'Orange Recorded' is present on page  using regular expression

2022-06-30 22:19:17 - [MESSAGE][PASSED] - Text 'Orange Recorded' is present on page  using regular expression

2022-06-30 22:19:17 - [TEST_STEP][PASSED] - verifyTextPresent("Yellow Recorded", true): Text 'Yellow Recorded' is present on page  using regular expression

2022-06-30 22:19:18 - [MESSAGE][PASSED] - Text 'Yellow Recorded' is present on page  using regular expression

2022-06-30 22:19:18 - [TEST_STEP][PASSED] - verifyTextPresent("Kolkata", true): Text 'Kolkata' is present on page  using regular expression

2022-06-30 22:19:18 - [MESSAGE][PASSED] - Text 'Kolkata' is present on page  using regular expression

2022-06-30 22:19:18 - [TEST_STEP][PASSED] - verifyTextPresent("Pune", true): Text 'Pune' is present on page  using regular expression

2022-06-30 22:19:18 - [MESSAGE][PASSED] - Text 'Pune' is present on page  using regular expression

2022-06-30 22:19:18 - [TEST_STEP][PASSED] - verifyTextPresent("Bhavnagar", true): Text 'Bhavnagar' is present on page  using regular expression

2022-06-30 22:19:19 - [MESSAGE][PASSED] - Text 'Bhavnagar' is present on page  using regular expression

2022-06-30 22:19:19 - [TEST_STEP][PASSED] - verifyTextPresent("Noida", true): Text 'Noida' is present on page  using regular expression

2022-06-30 22:19:19 - [MESSAGE][PASSED] - Text 'Noida' is present on page  using regular expression

2022-06-30 22:19:19 - [TEST_STEP][PASSED] - verifyTextPresent("Amount", true): Text 'Amount' is present on page  using regular expression

2022-06-30 22:19:19 - [MESSAGE][PASSED] - Text 'Amount' is present on page  using regular expression

2022-06-30 22:19:19 - [TEST_STEP][PASSED] - verifyTextPresent("2.50", true): Text '2.50' is present on page  using regular expression

2022-06-30 22:19:20 - [MESSAGE][PASSED] - Text '2.50' is present on page  using regular expression

2022-06-30 22:19:20 - [TEST_STEP][PASSED] - verifyTextPresent("Authorization and Capture", true): Text 'Authorization and Capture' is present on page  using regular expression

2022-06-30 22:19:20 - [MESSAGE][PASSED] - Text 'Authorization and Capture' is present on page  using regular expression

2022-06-30 22:19:20 - [TEST_STEP][PASSED] - verifyTextPresent("Card Information", true): Text 'Card Information' is present on page  using regular expression

2022-06-30 22:19:20 - [MESSAGE][PASSED] - Text 'Card Information' is present on page  using regular expression

2022-06-30 22:19:20 - [TEST_STEP][PASSED] - verifyTextPresent("TANDON RAVENA", true): Text 'TANDON RAVENA' is present on page  using regular expression

2022-06-30 22:19:21 - [MESSAGE][PASSED] - Text 'TANDON RAVENA' is present on page  using regular expression

2022-06-30 22:19:21 - [TEST_STEP][PASSED] - verifyTextPresent("Address Line 1", true): Text 'Address Line 1' is present on page  using regular expression

2022-06-30 22:19:21 - [MESSAGE][PASSED] - Text 'Address Line 1' is present on page  using regular expression

2022-06-30 22:19:21 - [TEST_STEP][PASSED] - verifyTextPresent("Address Line 2", true): Text 'Address Line 2' is present on page  using regular expression

2022-06-30 22:19:21 - [MESSAGE][PASSED] - Text 'Address Line 2' is present on page  using regular expression

2022-06-30 22:19:21 - [TEST_STEP][PASSED] - verifyTextPresent("Country", true): Text 'Country' is present on page  using regular expression

2022-06-30 22:19:21 - [MESSAGE][PASSED] - Text 'Country' is present on page  using regular expression

2022-06-30 22:19:21 - [TEST_STEP][PASSED] - verifyTextPresent("City", true): Text 'City' is present on page  using regular expression

2022-06-30 22:19:22 - [MESSAGE][PASSED] - Text 'City' is present on page  using regular expression

2022-06-30 22:19:22 - [TEST_STEP][PASSED] - verifyTextPresent("State", true): Text 'State' is present on page  using regular expression

2022-06-30 22:19:22 - [MESSAGE][PASSED] - Text 'State' is present on page  using regular expression

2022-06-30 22:19:22 - [TEST_STEP][PASSED] - verifyTextPresent("ZIP Code", true): Text 'ZIP Code' is present on page  using regular expression

2022-06-30 22:19:22 - [MESSAGE][PASSED] - Text 'ZIP Code' is present on page  using regular expression

2022-06-30 22:19:22 - [TEST_STEP][PASSED] - verifyTextPresent("248 PhoolKaante road", true): Text '248 PhoolKaante road' is present on page  using regular expression

2022-06-30 22:19:23 - [MESSAGE][PASSED] - Text '248 PhoolKaante road' is present on page  using regular expression

2022-06-30 22:19:23 - [TEST_STEP][PASSED] - verifyTextPresent("Suite 678", true): Text 'Suite 678' is present on page  using regular expression

2022-06-30 22:19:23 - [MESSAGE][PASSED] - Text 'Suite 678' is present on page  using regular expression

2022-06-30 22:19:23 - [TEST_STEP][PASSED] - verifyTextPresent("United States", true): Text 'United States' is present on page  using regular expression

2022-06-30 22:19:23 - [MESSAGE][PASSED] - Text 'United States' is present on page  using regular expression

2022-06-30 22:19:23 - [TEST_STEP][PASSED] - verifyTextPresent("ARLINGTON", true): Text 'ARLINGTON' is present on page  using regular expression

2022-06-30 22:19:24 - [MESSAGE][PASSED] - Text 'ARLINGTON' is present on page  using regular expression

2022-06-30 22:19:24 - [TEST_STEP][PASSED] - verifyTextPresent("VA", true): Text 'VA' is present on page  using regular expression

2022-06-30 22:19:24 - [MESSAGE][PASSED] - Text 'VA' is present on page  using regular expression

2022-06-30 22:19:24 - [TEST_STEP][PASSED] - verifyTextPresent("22201", true): Text '22201' is present on page  using regular expression

2022-06-30 22:19:24 - [MESSAGE][PASSED] - Text '22201' is present on page  using regular expression

2022-06-30 22:19:24 - [TEST_STEP][PASSED] - cardTypeV = findTestData(dataFile).getValue("CardType", row): null

2022-06-30 22:19:24 - [TEST_STEP][PASSED] - last4V = findTestData(dataFile).getValue("Last4", row): null

2022-06-30 22:19:24 - [TEST_STEP][PASSED] - verifyTextPresent(cardTypeV, true): Text 'MasterCard' is present on page  using regular expression

2022-06-30 22:19:25 - [MESSAGE][PASSED] - Text 'MasterCard' is present on page  using regular expression

2022-06-30 22:19:25 - [TEST_STEP][PASSED] - verifyTextPresent(last4V, true): Text '0035' is present on page  using regular expression

2022-06-30 22:19:25 - [MESSAGE][PASSED] - Text '0035' is present on page  using regular expression

2022-06-30 22:19:25 - [TEST_STEP][PASSED] - switch (appName): null

2022-06-30 22:19:25 - [TEST_STEP][PASSED] - closeBrowser(): Browser is closed

2022-06-30 22:19:26 - [MESSAGE][PASSED] - Browser is closed

2022-06-30 22:19:26 - [TEST_STEP][PASSED] - ExecuteTC = findTestData(dataFile).getValue("Execute", row): null

2022-06-30 22:19:26 - [TEST_STEP][PASSED] - out.println("Value of Execute is : " + ExecuteTC): null

2022-06-30 22:19:26 - [TEST_STEP][PASSED] - switch (executionProfile): null

2022-06-30 22:19:26 - [TEST_STEP][PASSED] - case "QAProfile":: null

2022-06-30 22:19:26 - [TEST_STEP][PASSED] - appName = findTestData(dataFile).getValue("AppNameQA", row): null

2022-06-30 22:19:26 - [TEST_STEP][PASSED] - appID = findTestData(dataFile).getValue("AppIDQA", row): null

2022-06-30 22:19:26 - [TEST_STEP][PASSED] - break: null

2022-06-30 22:19:26 - [TEST_STEP][PASSED] - if (ExecuteTC.equalsIgnoreCase("Y")): null

2022-06-30 22:19:26 - [TEST_STEP][PASSED] - out.println("Begin Record Number: " + row): null

2022-06-30 22:19:26 - [TEST_STEP][PASSED] - today = new java.util.Date(): null

2022-06-30 22:19:26 - [TEST_STEP][PASSED] - println(today): null

2022-06-30 22:19:26 - [TEST_STEP][PASSED] - datText = today: null

2022-06-30 22:19:26 - [TEST_STEP][PASSED] - adminSuiteBootstrap.loginFunctionality.login_AdminSuite(): adminSuiteBootstrap.loginFunctionality.login_AdminSuite is PASSED

2022-06-30 22:19:26 - [MESSAGE][INFO] - Starting 'Chrome' driver

2022-06-30 22:19:26 - [MESSAGE][INFO] - User set preference: ['acceptInsecureCerts', 'true']

2022-06-30 22:19:26 - [MESSAGE][INFO] - Action delay is set to 0 milliseconds

2022-06-30 22:19:30 - [MESSAGE][PASSED] - Browser is opened with url: 'https://qa.velocitypayment.com/admin/imtiaz'

2022-06-30 22:19:30 - [MESSAGE][PASSED] - Current window maximized

2022-06-30 22:19:30 - [MESSAGE][PASSED] - Object 'Object Repository/Login_Page/Login_Username' is present

2022-06-30 22:19:31 - [MESSAGE][PASSED] - Text 'iahmed' is set on object 'Object Repository/Login_Page/Login_Username'

2022-06-30 22:19:32 - [MESSAGE][PASSED] - Text 'hello2222' is set on object 'Object Repository/Login_Page/Login_Password'

2022-06-30 22:19:36 - [MESSAGE][PASSED] - Object: 'Object Repository/Login_Page/Login_Submit' is clicked on

2022-06-30 22:19:36 - [MESSAGE][PASSED] - adminSuiteBootstrap.loginFunctionality.login_AdminSuite is PASSED

2022-06-30 22:19:36 - [TEST_STEP][PASSED] - click(findTestObject(path_Dashboard + appName)): Object: 'Object Repository/AdminSuiteBootstrap_Pages/Dashboard_Bootstrap/a_Access AutoNoCFtp' is clicked on

2022-06-30 22:19:38 - [MESSAGE][PASSED] - Object: 'Object Repository/AdminSuiteBootstrap_Pages/Dashboard_Bootstrap/a_Access AutoNoCFtp' is clicked on

2022-06-30 22:19:38 - [TEST_STEP][PASSED] - click(findTestObject(path_VT + "a_Find Profile")): Object: 'Object Repository/AdminSuiteBootstrap_Pages/VT_Bootstrap/IssueTransactions/a_Find Profile' is clicked on

2022-06-30 22:19:38 - [MESSAGE][PASSED] - Object: 'Object Repository/AdminSuiteBootstrap_Pages/VT_Bootstrap/IssueTransactions/a_Find Profile' is clicked on

2022-06-30 22:19:38 - [TEST_STEP][PASSED] - criteria = <not implemented yet for class: org.codehaus.groovy.ast.expr.EmptyExpression>: null

2022-06-30 22:19:38 - [TEST_STEP][PASSED] - searchBy = <not implemented yet for class: org.codehaus.groovy.ast.expr.EmptyExpression>: null

2022-06-30 22:19:38 - [TEST_STEP][PASSED] - criteria = findTestData(dataFile).getValue("ProfileName", row): null

2022-06-30 22:19:38 - [TEST_STEP][PASSED] - path_SearchProfile = "Object Repository/AdminSuiteBootstrap_Pages/VSP_Bootstrap/SearchProfile/": null

2022-06-30 22:19:38 - [TEST_STEP][PASSED] - setText(findTestObject(path_SearchProfile + "input_Criteria"), criteria): Text 'PaymentsAmEx' is set on object 'Object Repository/AdminSuiteBootstrap_Pages/VSP_Bootstrap/SearchProfile/input_Criteria'

2022-06-30 22:19:39 - [MESSAGE][PASSED] - Text 'PaymentsAmEx' is set on object 'Object Repository/AdminSuiteBootstrap_Pages/VSP_Bootstrap/SearchProfile/input_Criteria'

2022-06-30 22:19:39 - [TEST_STEP][PASSED] - click(findTestObject(path_SearchProfile + "button_Search")): Object: 'Object Repository/AdminSuiteBootstrap_Pages/VSP_Bootstrap/SearchProfile/button_Search' is clicked on

2022-06-30 22:19:41 - [MESSAGE][PASSED] - Object: 'Object Repository/AdminSuiteBootstrap_Pages/VSP_Bootstrap/SearchProfile/button_Search' is clicked on

2022-06-30 22:19:41 - [TEST_STEP][PASSED] - profNameLink = findTestData(dataFile).getValue("ProfileNameLink", row): null

2022-06-30 22:19:41 - [TEST_STEP][PASSED] - click(findTestObject(path_ViewProfile + profNameLink)): Object: 'Object Repository/AdminSuiteBootstrap_Pages/VSP_Bootstrap/View Profile/a_PaymentsAmEx' is clicked on

2022-06-30 22:19:44 - [MESSAGE][PASSED] - Object: 'Object Repository/AdminSuiteBootstrap_Pages/VSP_Bootstrap/View Profile/a_PaymentsAmEx' is clicked on

2022-06-30 22:19:44 - [TEST_STEP][PASSED] - click(findTestObject(path_ViewProfile + "a_AuthCap")): Object: 'Object Repository/AdminSuiteBootstrap_Pages/VSP_Bootstrap/View Profile/a_AuthCap' is clicked on

2022-06-30 22:19:48 - [MESSAGE][PASSED] - Object: 'Object Repository/AdminSuiteBootstrap_Pages/VSP_Bootstrap/View Profile/a_AuthCap' is clicked on

2022-06-30 22:19:48 - [TEST_STEP][PASSED] - verifyTextPresent("Credit Card Authorization Capture", true): Text 'Credit Card Authorization Capture' is present on page  using regular expression

2022-06-30 22:19:49 - [MESSAGE][PASSED] - Text 'Credit Card Authorization Capture' is present on page  using regular expression

2022-06-30 22:19:49 - [TEST_STEP][PASSED] - verifyTextPresent("Sale", true): Text 'Sale' is present on page  using regular expression

2022-06-30 22:19:49 - [MESSAGE][PASSED] - Text 'Sale' is present on page  using regular expression

2022-06-30 22:19:49 - [TEST_STEP][PASSED] - verifyTextPresent("Required fields are highlighted with an asterisk", true): Text 'Required fields are highlighted with an asterisk' is present on page  using regular expression

2022-06-30 22:19:50 - [MESSAGE][PASSED] - Text 'Required fields are highlighted with an asterisk' is present on page  using regular expression

2022-06-30 22:19:50 - [TEST_STEP][PASSED] - verifyTextPresent("Remittance ID", true): Text 'Remittance ID' is present on page  using regular expression

2022-06-30 22:19:50 - [MESSAGE][PASSED] - Text 'Remittance ID' is present on page  using regular expression

2022-06-30 22:19:50 - [TEST_STEP][PASSED] - vspBootstrap.SalePage.setDataSaleAndAuth(row, dataFile): vspBootstrap.SalePage.setDataSaleAndAuth is PASSED

2022-06-30 22:19:52 - [MESSAGE][PASSED] - All options with value 'RETL' are selected in object 'Object Repository/AdminSuiteBootstrap_Pages/VSP_Bootstrap/VSP_Authcap/select_TransactionCategory'  using regular expression

2022-06-30 22:19:52 - [MESSAGE][PASSED] - Text '1234' is set on object 'Object Repository/AdminSuiteBootstrap_Pages/VSP_Bootstrap/VSP_Authcap/input_cvv'

2022-06-30 22:19:53 - [MESSAGE][PASSED] - Text '' is set on object 'Object Repository/AdminSuiteBootstrap_Pages/VSP_Bootstrap/VSP_Authcap/input_smsNumber'

2022-06-30 22:19:54 - [MESSAGE][PASSED] - Text '2.50' is set on object 'Object Repository/AdminSuiteBootstrap_Pages/VSP_Bootstrap/VSP_Authcap/input_amount'

2022-06-30 22:19:54 - [MESSAGE][PASSED] - Text 'Delhi' is set on object 'Object Repository/AdminSuiteBootstrap_Pages/VSP_Bootstrap/VSP_Authcap/input_userDefined1'

2022-06-30 22:19:55 - [MESSAGE][PASSED] - Text 'Chennai' is set on object 'Object Repository/AdminSuiteBootstrap_Pages/VSP_Bootstrap/VSP_Authcap/input_userDefined2'

2022-06-30 22:19:56 - [MESSAGE][PASSED] - Text 'Mumbai' is set on object 'Object Repository/AdminSuiteBootstrap_Pages/VSP_Bootstrap/VSP_Authcap/input_userDefined3'

2022-06-30 22:19:57 - [MESSAGE][PASSED] - Text 'Kanpur' is set on object 'Object Repository/AdminSuiteBootstrap_Pages/VSP_Bootstrap/VSP_Authcap/input_userDefined4'

2022-06-30 22:19:58 - [MESSAGE][PASSED] - All options with label 'Orange' are selected in object 'Object Repository/AdminSuiteBootstrap_Pages/VSP_Bootstrap/VSP_Authcap/select_UDF5'  using regular expression

2022-06-30 22:19:59 - [MESSAGE][PASSED] - All options with label 'Yellow' are selected in object 'Object Repository/AdminSuiteBootstrap_Pages/VSP_Bootstrap/VSP_Authcap/select_UDF6'  using regular expression

2022-06-30 22:19:59 - [MESSAGE][PASSED] - Text 'Kolkata' is set on object 'Object Repository/AdminSuiteBootstrap_Pages/VSP_Bootstrap/VSP_Authcap/input_userDefined7'

2022-06-30 22:20:00 - [MESSAGE][PASSED] - Text 'Pune' is set on object 'Object Repository/AdminSuiteBootstrap_Pages/VSP_Bootstrap/VSP_Authcap/input_userDefined8'

2022-06-30 22:20:01 - [MESSAGE][PASSED] - Text 'Bhavnagar' is set on object 'Object Repository/AdminSuiteBootstrap_Pages/VSP_Bootstrap/VSP_Authcap/input_userDefined9'

2022-06-30 22:20:02 - [MESSAGE][PASSED] - Text 'Noida' is set on object 'Object Repository/AdminSuiteBootstrap_Pages/VSP_Bootstrap/VSP_Authcap/input_userDefined10'

2022-06-30 22:20:05 - [MESSAGE][PASSED] - Object: 'Object Repository/AdminSuiteBootstrap_Pages/VSP_Bootstrap/VSP_Authcap/button_Submit' is clicked on

2022-06-30 22:20:05 - [MESSAGE][PASSED] - vspBootstrap.SalePage.setDataSaleAndAuth is PASSED

2022-06-30 22:20:05 - [TEST_STEP][PASSED] - verifyTextPresent("Transaction Successful", true): Text 'Transaction Successful' is present on page  using regular expression

2022-06-30 22:20:05 - [MESSAGE][PASSED] - Text 'Transaction Successful' is present on page  using regular expression

2022-06-30 22:20:05 - [TEST_STEP][PASSED] - verifyElementVisible(findTestObject("Object Repository/AdminSuiteBootstrap_Pages/VT_Bootstrap/Receipt/button_Continue")): Object 'Object Repository/AdminSuiteBootstrap_Pages/VT_Bootstrap/Receipt/button_Continue' is visible

2022-06-30 22:20:06 - [MESSAGE][PASSED] - Object 'Object Repository/AdminSuiteBootstrap_Pages/VT_Bootstrap/Receipt/button_Continue' is visible

2022-06-30 22:20:06 - [TEST_STEP][PASSED] - verifyElementPresent(findTestObject("Object Repository/AdminSuiteBootstrap_Pages/VT_Bootstrap/Receipt/button_Continue"), 20): Object 'Object Repository/AdminSuiteBootstrap_Pages/VT_Bootstrap/Receipt/button_Continue' is present

2022-06-30 22:20:06 - [MESSAGE][PASSED] - Object 'Object Repository/AdminSuiteBootstrap_Pages/VT_Bootstrap/Receipt/button_Continue' is present

2022-06-30 22:20:06 - [TEST_STEP][PASSED] - verifyElementVisible(findTestObject("Object Repository/AdminSuiteBootstrap_Pages/VT_Bootstrap/Receipt/button_Print")): Object 'Object Repository/AdminSuiteBootstrap_Pages/VT_Bootstrap/Receipt/button_Print' is visible

2022-06-30 22:20:06 - [MESSAGE][PASSED] - Object 'Object Repository/AdminSuiteBootstrap_Pages/VT_Bootstrap/Receipt/button_Print' is visible

2022-06-30 22:20:06 - [TEST_STEP][PASSED] - verifyElementPresent(findTestObject("Object Repository/AdminSuiteBootstrap_Pages/VT_Bootstrap/Receipt/button_Print"), 20): Object 'Object Repository/AdminSuiteBootstrap_Pages/VT_Bootstrap/Receipt/button_Print' is present

2022-06-30 22:20:07 - [MESSAGE][PASSED] - Object 'Object Repository/AdminSuiteBootstrap_Pages/VT_Bootstrap/Receipt/button_Print' is present

2022-06-30 22:20:07 - [TEST_STEP][PASSED] - verifyTextPresent("Remittance ID", true): Text 'Remittance ID' is present on page  using regular expression

2022-06-30 22:20:07 - [MESSAGE][PASSED] - Text 'Remittance ID' is present on page  using regular expression

2022-06-30 22:20:07 - [TEST_STEP][PASSED] - verifyTextPresent("Received", true): Text 'Received' is present on page  using regular expression

2022-06-30 22:20:07 - [MESSAGE][PASSED] - Text 'Received' is present on page  using regular expression

2022-06-30 22:20:07 - [TEST_STEP][PASSED] - verifyTextPresent("UDF1", true): Text 'UDF1' is present on page  using regular expression

2022-06-30 22:20:08 - [MESSAGE][PASSED] - Text 'UDF1' is present on page  using regular expression

2022-06-30 22:20:08 - [TEST_STEP][PASSED] - verifyTextPresent("UDF2", true): Text 'UDF2' is present on page  using regular expression

2022-06-30 22:20:08 - [MESSAGE][PASSED] - Text 'UDF2' is present on page  using regular expression

2022-06-30 22:20:08 - [TEST_STEP][PASSED] - verifyTextPresent("UDF3", true): Text 'UDF3' is present on page  using regular expression

2022-06-30 22:20:08 - [MESSAGE][PASSED] - Text 'UDF3' is present on page  using regular expression

2022-06-30 22:20:08 - [TEST_STEP][PASSED] - verifyTextPresent("UDF4", true): Text 'UDF4' is present on page  using regular expression

2022-06-30 22:20:09 - [MESSAGE][PASSED] - Text 'UDF4' is present on page  using regular expression

2022-06-30 22:20:09 - [TEST_STEP][PASSED] - verifyTextPresent("UDF5", true): Text 'UDF5' is present on page  using regular expression

2022-06-30 22:20:09 - [MESSAGE][PASSED] - Text 'UDF5' is present on page  using regular expression

2022-06-30 22:20:09 - [TEST_STEP][PASSED] - verifyTextPresent("UDF6", true): Text 'UDF6' is present on page  using regular expression

2022-06-30 22:20:09 - [MESSAGE][PASSED] - Text 'UDF6' is present on page  using regular expression

2022-06-30 22:20:09 - [TEST_STEP][PASSED] - verifyTextPresent("UDF7", true): Text 'UDF7' is present on page  using regular expression

2022-06-30 22:20:10 - [MESSAGE][PASSED] - Text 'UDF7' is present on page  using regular expression

2022-06-30 22:20:10 - [TEST_STEP][PASSED] - verifyTextPresent("UDF8", true): Text 'UDF8' is present on page  using regular expression

2022-06-30 22:20:10 - [MESSAGE][PASSED] - Text 'UDF8' is present on page  using regular expression

2022-06-30 22:20:10 - [TEST_STEP][PASSED] - verifyTextPresent("UDF9", true): Text 'UDF9' is present on page  using regular expression

2022-06-30 22:20:10 - [MESSAGE][PASSED] - Text 'UDF9' is present on page  using regular expression

2022-06-30 22:20:10 - [TEST_STEP][PASSED] - verifyTextPresent("UDF 10", true): Text 'UDF 10' is present on page  using regular expression

2022-06-30 22:20:11 - [MESSAGE][PASSED] - Text 'UDF 10' is present on page  using regular expression

2022-06-30 22:20:11 - [TEST_STEP][PASSED] - verifyTextPresent("Delhi", true): Text 'Delhi' is present on page  using regular expression

2022-06-30 22:20:11 - [MESSAGE][PASSED] - Text 'Delhi' is present on page  using regular expression

2022-06-30 22:20:11 - [TEST_STEP][PASSED] - verifyTextPresent("Chennai", true): Text 'Chennai' is present on page  using regular expression

2022-06-30 22:20:11 - [MESSAGE][PASSED] - Text 'Chennai' is present on page  using regular expression

2022-06-30 22:20:11 - [TEST_STEP][PASSED] - verifyTextPresent("Mumbai", true): Text 'Mumbai' is present on page  using regular expression

2022-06-30 22:20:12 - [MESSAGE][PASSED] - Text 'Mumbai' is present on page  using regular expression

2022-06-30 22:20:12 - [TEST_STEP][PASSED] - verifyTextPresent("Kanpur", true): Text 'Kanpur' is present on page  using regular expression

2022-06-30 22:20:12 - [MESSAGE][PASSED] - Text 'Kanpur' is present on page  using regular expression

2022-06-30 22:20:12 - [TEST_STEP][PASSED] - verifyTextPresent("Orange Recorded", true): Text 'Orange Recorded' is present on page  using regular expression

2022-06-30 22:20:12 - [MESSAGE][PASSED] - Text 'Orange Recorded' is present on page  using regular expression

2022-06-30 22:20:12 - [TEST_STEP][PASSED] - verifyTextPresent("Yellow Recorded", true): Text 'Yellow Recorded' is present on page  using regular expression

2022-06-30 22:20:13 - [MESSAGE][PASSED] - Text 'Yellow Recorded' is present on page  using regular expression

2022-06-30 22:20:13 - [TEST_STEP][PASSED] - verifyTextPresent("Kolkata", true): Text 'Kolkata' is present on page  using regular expression

2022-06-30 22:20:13 - [MESSAGE][PASSED] - Text 'Kolkata' is present on page  using regular expression

2022-06-30 22:20:13 - [TEST_STEP][PASSED] - verifyTextPresent("Pune", true): Text 'Pune' is present on page  using regular expression

2022-06-30 22:20:13 - [MESSAGE][PASSED] - Text 'Pune' is present on page  using regular expression

2022-06-30 22:20:13 - [TEST_STEP][PASSED] - verifyTextPresent("Bhavnagar", true): Text 'Bhavnagar' is present on page  using regular expression

2022-06-30 22:20:14 - [MESSAGE][PASSED] - Text 'Bhavnagar' is present on page  using regular expression

2022-06-30 22:20:14 - [TEST_STEP][PASSED] - verifyTextPresent("Noida", true): Text 'Noida' is present on page  using regular expression

2022-06-30 22:20:14 - [MESSAGE][PASSED] - Text 'Noida' is present on page  using regular expression

2022-06-30 22:20:14 - [TEST_STEP][PASSED] - verifyTextPresent("Amount", true): Text 'Amount' is present on page  using regular expression

2022-06-30 22:20:14 - [MESSAGE][PASSED] - Text 'Amount' is present on page  using regular expression

2022-06-30 22:20:14 - [TEST_STEP][PASSED] - verifyTextPresent("2.50", true): Text '2.50' is present on page  using regular expression

2022-06-30 22:20:15 - [MESSAGE][PASSED] - Text '2.50' is present on page  using regular expression

2022-06-30 22:20:15 - [TEST_STEP][PASSED] - verifyTextPresent("Authorization and Capture", true): Text 'Authorization and Capture' is present on page  using regular expression

2022-06-30 22:20:15 - [MESSAGE][PASSED] - Text 'Authorization and Capture' is present on page  using regular expression

2022-06-30 22:20:15 - [TEST_STEP][PASSED] - verifyTextPresent("Card Information", true): Text 'Card Information' is present on page  using regular expression

2022-06-30 22:20:15 - [MESSAGE][PASSED] - Text 'Card Information' is present on page  using regular expression

2022-06-30 22:20:15 - [TEST_STEP][PASSED] - verifyTextPresent("TANDON RAVENA", true): Text 'TANDON RAVENA' is present on page  using regular expression

2022-06-30 22:20:16 - [MESSAGE][PASSED] - Text 'TANDON RAVENA' is present on page  using regular expression

2022-06-30 22:20:16 - [TEST_STEP][PASSED] - verifyTextPresent("Address Line 1", true): Text 'Address Line 1' is present on page  using regular expression

2022-06-30 22:20:16 - [MESSAGE][PASSED] - Text 'Address Line 1' is present on page  using regular expression

2022-06-30 22:20:16 - [TEST_STEP][PASSED] - verifyTextPresent("Address Line 2", true): Text 'Address Line 2' is present on page  using regular expression

2022-06-30 22:20:16 - [MESSAGE][PASSED] - Text 'Address Line 2' is present on page  using regular expression

2022-06-30 22:20:16 - [TEST_STEP][PASSED] - verifyTextPresent("Country", true): Text 'Country' is present on page  using regular expression

2022-06-30 22:20:17 - [MESSAGE][PASSED] - Text 'Country' is present on page  using regular expression

2022-06-30 22:20:17 - [TEST_STEP][PASSED] - verifyTextPresent("City", true): Text 'City' is present on page  using regular expression

2022-06-30 22:20:17 - [MESSAGE][PASSED] - Text 'City' is present on page  using regular expression

2022-06-30 22:20:17 - [TEST_STEP][PASSED] - verifyTextPresent("State", true): Text 'State' is present on page  using regular expression

2022-06-30 22:20:17 - [MESSAGE][PASSED] - Text 'State' is present on page  using regular expression

2022-06-30 22:20:17 - [TEST_STEP][PASSED] - verifyTextPresent("ZIP Code", true): Text 'ZIP Code' is present on page  using regular expression

2022-06-30 22:20:18 - [MESSAGE][PASSED] - Text 'ZIP Code' is present on page  using regular expression

2022-06-30 22:20:18 - [TEST_STEP][PASSED] - verifyTextPresent("248 PhoolKaante road", true): Text '248 PhoolKaante road' is present on page  using regular expression

2022-06-30 22:20:18 - [MESSAGE][PASSED] - Text '248 PhoolKaante road' is present on page  using regular expression

2022-06-30 22:20:18 - [TEST_STEP][PASSED] - verifyTextPresent("Suite 678", true): Text 'Suite 678' is present on page  using regular expression

2022-06-30 22:20:18 - [MESSAGE][PASSED] - Text 'Suite 678' is present on page  using regular expression

2022-06-30 22:20:18 - [TEST_STEP][PASSED] - verifyTextPresent("United States", true): Text 'United States' is present on page  using regular expression

2022-06-30 22:20:19 - [MESSAGE][PASSED] - Text 'United States' is present on page  using regular expression

2022-06-30 22:20:19 - [TEST_STEP][PASSED] - verifyTextPresent("ARLINGTON", true): Text 'ARLINGTON' is present on page  using regular expression

2022-06-30 22:20:19 - [MESSAGE][PASSED] - Text 'ARLINGTON' is present on page  using regular expression

2022-06-30 22:20:19 - [TEST_STEP][PASSED] - verifyTextPresent("VA", true): Text 'VA' is present on page  using regular expression

2022-06-30 22:20:19 - [MESSAGE][PASSED] - Text 'VA' is present on page  using regular expression

2022-06-30 22:20:19 - [TEST_STEP][PASSED] - verifyTextPresent("22201", true): Text '22201' is present on page  using regular expression

2022-06-30 22:20:19 - [MESSAGE][PASSED] - Text '22201' is present on page  using regular expression

2022-06-30 22:20:19 - [TEST_STEP][PASSED] - cardTypeV = findTestData(dataFile).getValue("CardType", row): null

2022-06-30 22:20:20 - [TEST_STEP][PASSED] - last4V = findTestData(dataFile).getValue("Last4", row): null

2022-06-30 22:20:20 - [TEST_STEP][PASSED] - verifyTextPresent(cardTypeV, true): Text 'American Express' is present on page  using regular expression

2022-06-30 22:20:20 - [MESSAGE][PASSED] - Text 'American Express' is present on page  using regular expression

2022-06-30 22:20:20 - [TEST_STEP][PASSED] - verifyTextPresent(last4V, true): Text '2376' is present on page  using regular expression

2022-06-30 22:20:20 - [MESSAGE][PASSED] - Text '2376' is present on page  using regular expression

2022-06-30 22:20:20 - [TEST_STEP][PASSED] - switch (appName): null

2022-06-30 22:20:20 - [TEST_STEP][PASSED] - closeBrowser(): Browser is closed

2022-06-30 22:20:21 - [MESSAGE][PASSED] - Browser is closed

2022-06-30 22:20:21 - [TEST_STEP][PASSED] - ExecuteTC = findTestData(dataFile).getValue("Execute", row): null

2022-06-30 22:20:21 - [TEST_STEP][PASSED] - out.println("Value of Execute is : " + ExecuteTC): null

2022-06-30 22:20:21 - [TEST_STEP][PASSED] - switch (executionProfile): null

2022-06-30 22:20:21 - [TEST_STEP][PASSED] - case "QAProfile":: null

2022-06-30 22:20:21 - [TEST_STEP][PASSED] - appName = findTestData(dataFile).getValue("AppNameQA", row): null

2022-06-30 22:20:21 - [TEST_STEP][PASSED] - appID = findTestData(dataFile).getValue("AppIDQA", row): null

2022-06-30 22:20:21 - [TEST_STEP][PASSED] - break: null

2022-06-30 22:20:21 - [TEST_STEP][PASSED] - if (ExecuteTC.equalsIgnoreCase("Y")): null

2022-06-30 22:20:21 - [TEST_STEP][PASSED] - out.println("Begin Record Number: " + row): null

2022-06-30 22:20:21 - [TEST_STEP][PASSED] - today = new java.util.Date(): null

2022-06-30 22:20:21 - [TEST_STEP][PASSED] - println(today): null

2022-06-30 22:20:21 - [TEST_STEP][PASSED] - datText = today: null

2022-06-30 22:20:21 - [TEST_STEP][PASSED] - adminSuiteBootstrap.loginFunctionality.login_AdminSuite(): adminSuiteBootstrap.loginFunctionality.login_AdminSuite is PASSED

2022-06-30 22:20:21 - [MESSAGE][INFO] - Starting 'Chrome' driver

2022-06-30 22:20:21 - [MESSAGE][INFO] - User set preference: ['acceptInsecureCerts', 'true']

2022-06-30 22:20:21 - [MESSAGE][INFO] - Action delay is set to 0 milliseconds

2022-06-30 22:20:25 - [MESSAGE][PASSED] - Browser is opened with url: 'https://qa.velocitypayment.com/admin/imtiaz'

2022-06-30 22:20:25 - [MESSAGE][PASSED] - Current window maximized

2022-06-30 22:20:25 - [MESSAGE][PASSED] - Object 'Object Repository/Login_Page/Login_Username' is present

2022-06-30 22:20:26 - [MESSAGE][PASSED] - Text 'iahmed' is set on object 'Object Repository/Login_Page/Login_Username'

2022-06-30 22:20:27 - [MESSAGE][PASSED] - Text 'hello2222' is set on object 'Object Repository/Login_Page/Login_Password'

2022-06-30 22:20:31 - [MESSAGE][PASSED] - Object: 'Object Repository/Login_Page/Login_Submit' is clicked on

2022-06-30 22:20:31 - [MESSAGE][PASSED] - adminSuiteBootstrap.loginFunctionality.login_AdminSuite is PASSED

2022-06-30 22:20:31 - [TEST_STEP][PASSED] - click(findTestObject(path_Dashboard + appName)): Object: 'Object Repository/AdminSuiteBootstrap_Pages/Dashboard_Bootstrap/a_Access AutoNoCFtp' is clicked on

2022-06-30 22:20:32 - [MESSAGE][PASSED] - Object: 'Object Repository/AdminSuiteBootstrap_Pages/Dashboard_Bootstrap/a_Access AutoNoCFtp' is clicked on

2022-06-30 22:20:32 - [TEST_STEP][PASSED] - click(findTestObject(path_VT + "a_Find Profile")): Object: 'Object Repository/AdminSuiteBootstrap_Pages/VT_Bootstrap/IssueTransactions/a_Find Profile' is clicked on

2022-06-30 22:20:33 - [MESSAGE][PASSED] - Object: 'Object Repository/AdminSuiteBootstrap_Pages/VT_Bootstrap/IssueTransactions/a_Find Profile' is clicked on

2022-06-30 22:20:33 - [TEST_STEP][PASSED] - criteria = <not implemented yet for class: org.codehaus.groovy.ast.expr.EmptyExpression>: null

2022-06-30 22:20:33 - [TEST_STEP][PASSED] - searchBy = <not implemented yet for class: org.codehaus.groovy.ast.expr.EmptyExpression>: null

2022-06-30 22:20:33 - [TEST_STEP][PASSED] - criteria = findTestData(dataFile).getValue("ProfileName", row): null

2022-06-30 22:20:33 - [TEST_STEP][PASSED] - path_SearchProfile = "Object Repository/AdminSuiteBootstrap_Pages/VSP_Bootstrap/SearchProfile/": null

2022-06-30 22:20:33 - [TEST_STEP][PASSED] - setText(findTestObject(path_SearchProfile + "input_Criteria"), criteria): Text 'PaymentsDI' is set on object 'Object Repository/AdminSuiteBootstrap_Pages/VSP_Bootstrap/SearchProfile/input_Criteria'

2022-06-30 22:20:33 - [MESSAGE][PASSED] - Text 'PaymentsDI' is set on object 'Object Repository/AdminSuiteBootstrap_Pages/VSP_Bootstrap/SearchProfile/input_Criteria'

2022-06-30 22:20:33 - [TEST_STEP][PASSED] - click(findTestObject(path_SearchProfile + "button_Search")): Object: 'Object Repository/AdminSuiteBootstrap_Pages/VSP_Bootstrap/SearchProfile/button_Search' is clicked on

2022-06-30 22:20:35 - [MESSAGE][PASSED] - Object: 'Object Repository/AdminSuiteBootstrap_Pages/VSP_Bootstrap/SearchProfile/button_Search' is clicked on

2022-06-30 22:20:35 - [TEST_STEP][PASSED] - profNameLink = findTestData(dataFile).getValue("ProfileNameLink", row): null

2022-06-30 22:20:35 - [TEST_STEP][PASSED] - click(findTestObject(path_ViewProfile + profNameLink)): Object: 'Object Repository/AdminSuiteBootstrap_Pages/VSP_Bootstrap/View Profile/a_PaymentsDI' is clicked on

2022-06-30 22:20:37 - [MESSAGE][PASSED] - Object: 'Object Repository/AdminSuiteBootstrap_Pages/VSP_Bootstrap/View Profile/a_PaymentsDI' is clicked on

2022-06-30 22:20:37 - [TEST_STEP][PASSED] - click(findTestObject(path_ViewProfile + "a_AuthCap")): Object: 'Object Repository/AdminSuiteBootstrap_Pages/VSP_Bootstrap/View Profile/a_AuthCap' is clicked on

2022-06-30 22:20:39 - [MESSAGE][PASSED] - Object: 'Object Repository/AdminSuiteBootstrap_Pages/VSP_Bootstrap/View Profile/a_AuthCap' is clicked on

2022-06-30 22:20:39 - [TEST_STEP][PASSED] - verifyTextPresent("Credit Card Authorization Capture", true): Text 'Credit Card Authorization Capture' is present on page  using regular expression

2022-06-30 22:20:40 - [MESSAGE][PASSED] - Text 'Credit Card Authorization Capture' is present on page  using regular expression

2022-06-30 22:20:40 - [TEST_STEP][PASSED] - verifyTextPresent("Sale", true): Text 'Sale' is present on page  using regular expression

2022-06-30 22:20:40 - [MESSAGE][PASSED] - Text 'Sale' is present on page  using regular expression

2022-06-30 22:20:40 - [TEST_STEP][PASSED] - verifyTextPresent("Required fields are highlighted with an asterisk", true): Text 'Required fields are highlighted with an asterisk' is present on page  using regular expression

2022-06-30 22:20:40 - [MESSAGE][PASSED] - Text 'Required fields are highlighted with an asterisk' is present on page  using regular expression

2022-06-30 22:20:40 - [TEST_STEP][PASSED] - verifyTextPresent("Remittance ID", true): Text 'Remittance ID' is present on page  using regular expression

2022-06-30 22:20:40 - [MESSAGE][PASSED] - Text 'Remittance ID' is present on page  using regular expression

2022-06-30 22:20:40 - [TEST_STEP][PASSED] - vspBootstrap.SalePage.setDataSaleAndAuth(row, dataFile): vspBootstrap.SalePage.setDataSaleAndAuth is PASSED

2022-06-30 22:20:42 - [MESSAGE][PASSED] - All options with value 'RETL' are selected in object 'Object Repository/AdminSuiteBootstrap_Pages/VSP_Bootstrap/VSP_Authcap/select_TransactionCategory'  using regular expression

2022-06-30 22:20:43 - [MESSAGE][PASSED] - Text '123' is set on object 'Object Repository/AdminSuiteBootstrap_Pages/VSP_Bootstrap/VSP_Authcap/input_cvv'

2022-06-30 22:20:43 - [MESSAGE][PASSED] - Text '' is set on object 'Object Repository/AdminSuiteBootstrap_Pages/VSP_Bootstrap/VSP_Authcap/input_smsNumber'

2022-06-30 22:20:44 - [MESSAGE][PASSED] - Text '2.50' is set on object 'Object Repository/AdminSuiteBootstrap_Pages/VSP_Bootstrap/VSP_Authcap/input_amount'

2022-06-30 22:20:45 - [MESSAGE][PASSED] - Text 'Delhi' is set on object 'Object Repository/AdminSuiteBootstrap_Pages/VSP_Bootstrap/VSP_Authcap/input_userDefined1'

2022-06-30 22:20:45 - [MESSAGE][PASSED] - Text 'Chennai' is set on object 'Object Repository/AdminSuiteBootstrap_Pages/VSP_Bootstrap/VSP_Authcap/input_userDefined2'

2022-06-30 22:20:46 - [MESSAGE][PASSED] - Text 'Mumbai' is set on object 'Object Repository/AdminSuiteBootstrap_Pages/VSP_Bootstrap/VSP_Authcap/input_userDefined3'

2022-06-30 22:20:47 - [MESSAGE][PASSED] - Text 'Kanpur' is set on object 'Object Repository/AdminSuiteBootstrap_Pages/VSP_Bootstrap/VSP_Authcap/input_userDefined4'

2022-06-30 22:20:48 - [MESSAGE][PASSED] - All options with label 'Orange' are selected in object 'Object Repository/AdminSuiteBootstrap_Pages/VSP_Bootstrap/VSP_Authcap/select_UDF5'  using regular expression

2022-06-30 22:20:49 - [MESSAGE][PASSED] - All options with label 'Yellow' are selected in object 'Object Repository/AdminSuiteBootstrap_Pages/VSP_Bootstrap/VSP_Authcap/select_UDF6'  using regular expression

2022-06-30 22:20:49 - [MESSAGE][PASSED] - Text 'Kolkata' is set on object 'Object Repository/AdminSuiteBootstrap_Pages/VSP_Bootstrap/VSP_Authcap/input_userDefined7'

2022-06-30 22:20:50 - [MESSAGE][PASSED] - Text 'Pune' is set on object 'Object Repository/AdminSuiteBootstrap_Pages/VSP_Bootstrap/VSP_Authcap/input_userDefined8'

2022-06-30 22:20:51 - [MESSAGE][PASSED] - Text 'Bhavnagar' is set on object 'Object Repository/AdminSuiteBootstrap_Pages/VSP_Bootstrap/VSP_Authcap/input_userDefined9'

2022-06-30 22:20:52 - [MESSAGE][PASSED] - Text 'Noida' is set on object 'Object Repository/AdminSuiteBootstrap_Pages/VSP_Bootstrap/VSP_Authcap/input_userDefined10'

2022-06-30 22:20:54 - [MESSAGE][PASSED] - Object: 'Object Repository/AdminSuiteBootstrap_Pages/VSP_Bootstrap/VSP_Authcap/button_Submit' is clicked on

2022-06-30 22:20:54 - [MESSAGE][PASSED] - vspBootstrap.SalePage.setDataSaleAndAuth is PASSED

2022-06-30 22:20:54 - [TEST_STEP][PASSED] - verifyTextPresent("Transaction Successful", true): Text 'Transaction Successful' is present on page  using regular expression

2022-06-30 22:20:54 - [MESSAGE][PASSED] - Text 'Transaction Successful' is present on page  using regular expression

2022-06-30 22:20:54 - [TEST_STEP][PASSED] - verifyElementVisible(findTestObject("Object Repository/AdminSuiteBootstrap_Pages/VT_Bootstrap/Receipt/button_Continue")): Object 'Object Repository/AdminSuiteBootstrap_Pages/VT_Bootstrap/Receipt/button_Continue' is visible

2022-06-30 22:20:55 - [MESSAGE][PASSED] - Object 'Object Repository/AdminSuiteBootstrap_Pages/VT_Bootstrap/Receipt/button_Continue' is visible

2022-06-30 22:20:55 - [TEST_STEP][PASSED] - verifyElementPresent(findTestObject("Object Repository/AdminSuiteBootstrap_Pages/VT_Bootstrap/Receipt/button_Continue"), 20): Object 'Object Repository/AdminSuiteBootstrap_Pages/VT_Bootstrap/Receipt/button_Continue' is present

2022-06-30 22:20:55 - [MESSAGE][PASSED] - Object 'Object Repository/AdminSuiteBootstrap_Pages/VT_Bootstrap/Receipt/button_Continue' is present

2022-06-30 22:20:55 - [TEST_STEP][PASSED] - verifyElementVisible(findTestObject("Object Repository/AdminSuiteBootstrap_Pages/VT_Bootstrap/Receipt/button_Print")): Object 'Object Repository/AdminSuiteBootstrap_Pages/VT_Bootstrap/Receipt/button_Print' is visible

2022-06-30 22:20:55 - [MESSAGE][PASSED] - Object 'Object Repository/AdminSuiteBootstrap_Pages/VT_Bootstrap/Receipt/button_Print' is visible

2022-06-30 22:20:55 - [TEST_STEP][PASSED] - verifyElementPresent(findTestObject("Object Repository/AdminSuiteBootstrap_Pages/VT_Bootstrap/Receipt/button_Print"), 20): Object 'Object Repository/AdminSuiteBootstrap_Pages/VT_Bootstrap/Receipt/button_Print' is present

2022-06-30 22:20:56 - [MESSAGE][PASSED] - Object 'Object Repository/AdminSuiteBootstrap_Pages/VT_Bootstrap/Receipt/button_Print' is present

2022-06-30 22:20:56 - [TEST_STEP][PASSED] - verifyTextPresent("Remittance ID", true): Text 'Remittance ID' is present on page  using regular expression

2022-06-30 22:20:56 - [MESSAGE][PASSED] - Text 'Remittance ID' is present on page  using regular expression

2022-06-30 22:20:56 - [TEST_STEP][PASSED] - verifyTextPresent("Received", true): Text 'Received' is present on page  using regular expression

2022-06-30 22:20:56 - [MESSAGE][PASSED] - Text 'Received' is present on page  using regular expression

2022-06-30 22:20:56 - [TEST_STEP][PASSED] - verifyTextPresent("UDF1", true): Text 'UDF1' is present on page  using regular expression

2022-06-30 22:20:57 - [MESSAGE][PASSED] - Text 'UDF1' is present on page  using regular expression

2022-06-30 22:20:57 - [TEST_STEP][PASSED] - verifyTextPresent("UDF2", true): Text 'UDF2' is present on page  using regular expression

2022-06-30 22:20:57 - [MESSAGE][PASSED] - Text 'UDF2' is present on page  using regular expression

2022-06-30 22:20:57 - [TEST_STEP][PASSED] - verifyTextPresent("UDF3", true): Text 'UDF3' is present on page  using regular expression

2022-06-30 22:20:57 - [MESSAGE][PASSED] - Text 'UDF3' is present on page  using regular expression

2022-06-30 22:20:57 - [TEST_STEP][PASSED] - verifyTextPresent("UDF4", true): Text 'UDF4' is present on page  using regular expression

2022-06-30 22:20:58 - [MESSAGE][PASSED] - Text 'UDF4' is present on page  using regular expression

2022-06-30 22:20:58 - [TEST_STEP][PASSED] - verifyTextPresent("UDF5", true): Text 'UDF5' is present on page  using regular expression

2022-06-30 22:20:58 - [MESSAGE][PASSED] - Text 'UDF5' is present on page  using regular expression

2022-06-30 22:20:58 - [TEST_STEP][PASSED] - verifyTextPresent("UDF6", true): Text 'UDF6' is present on page  using regular expression

2022-06-30 22:20:58 - [MESSAGE][PASSED] - Text 'UDF6' is present on page  using regular expression

2022-06-30 22:20:58 - [TEST_STEP][PASSED] - verifyTextPresent("UDF7", true): Text 'UDF7' is present on page  using regular expression

2022-06-30 22:20:59 - [MESSAGE][PASSED] - Text 'UDF7' is present on page  using regular expression

2022-06-30 22:20:59 - [TEST_STEP][PASSED] - verifyTextPresent("UDF8", true): Text 'UDF8' is present on page  using regular expression

2022-06-30 22:20:59 - [MESSAGE][PASSED] - Text 'UDF8' is present on page  using regular expression

2022-06-30 22:20:59 - [TEST_STEP][PASSED] - verifyTextPresent("UDF9", true): Text 'UDF9' is present on page  using regular expression

2022-06-30 22:20:59 - [MESSAGE][PASSED] - Text 'UDF9' is present on page  using regular expression

2022-06-30 22:20:59 - [TEST_STEP][PASSED] - verifyTextPresent("UDF 10", true): Text 'UDF 10' is present on page  using regular expression

2022-06-30 22:21:00 - [MESSAGE][PASSED] - Text 'UDF 10' is present on page  using regular expression

2022-06-30 22:21:00 - [TEST_STEP][PASSED] - verifyTextPresent("Delhi", true): Text 'Delhi' is present on page  using regular expression

2022-06-30 22:21:00 - [MESSAGE][PASSED] - Text 'Delhi' is present on page  using regular expression

2022-06-30 22:21:00 - [TEST_STEP][PASSED] - verifyTextPresent("Chennai", true): Text 'Chennai' is present on page  using regular expression

2022-06-30 22:21:00 - [MESSAGE][PASSED] - Text 'Chennai' is present on page  using regular expression

2022-06-30 22:21:00 - [TEST_STEP][PASSED] - verifyTextPresent("Mumbai", true): Text 'Mumbai' is present on page  using regular expression

2022-06-30 22:21:01 - [MESSAGE][PASSED] - Text 'Mumbai' is present on page  using regular expression

2022-06-30 22:21:01 - [TEST_STEP][PASSED] - verifyTextPresent("Kanpur", true): Text 'Kanpur' is present on page  using regular expression

2022-06-30 22:21:01 - [MESSAGE][PASSED] - Text 'Kanpur' is present on page  using regular expression

2022-06-30 22:21:01 - [TEST_STEP][PASSED] - verifyTextPresent("Orange Recorded", true): Text 'Orange Recorded' is present on page  using regular expression

2022-06-30 22:21:01 - [MESSAGE][PASSED] - Text 'Orange Recorded' is present on page  using regular expression

2022-06-30 22:21:01 - [TEST_STEP][PASSED] - verifyTextPresent("Yellow Recorded", true): Text 'Yellow Recorded' is present on page  using regular expression

2022-06-30 22:21:02 - [MESSAGE][PASSED] - Text 'Yellow Recorded' is present on page  using regular expression

2022-06-30 22:21:02 - [TEST_STEP][PASSED] - verifyTextPresent("Kolkata", true): Text 'Kolkata' is present on page  using regular expression

2022-06-30 22:21:02 - [MESSAGE][PASSED] - Text 'Kolkata' is present on page  using regular expression

2022-06-30 22:21:02 - [TEST_STEP][PASSED] - verifyTextPresent("Pune", true): Text 'Pune' is present on page  using regular expression

2022-06-30 22:21:02 - [MESSAGE][PASSED] - Text 'Pune' is present on page  using regular expression

2022-06-30 22:21:02 - [TEST_STEP][PASSED] - verifyTextPresent("Bhavnagar", true): Text 'Bhavnagar' is present on page  using regular expression

2022-06-30 22:21:03 - [MESSAGE][PASSED] - Text 'Bhavnagar' is present on page  using regular expression

2022-06-30 22:21:03 - [TEST_STEP][PASSED] - verifyTextPresent("Noida", true): Text 'Noida' is present on page  using regular expression

2022-06-30 22:21:03 - [MESSAGE][PASSED] - Text 'Noida' is present on page  using regular expression

2022-06-30 22:21:03 - [TEST_STEP][PASSED] - verifyTextPresent("Amount", true): Text 'Amount' is present on page  using regular expression

2022-06-30 22:21:03 - [MESSAGE][PASSED] - Text 'Amount' is present on page  using regular expression

2022-06-30 22:21:03 - [TEST_STEP][PASSED] - verifyTextPresent("2.50", true): Text '2.50' is present on page  using regular expression

2022-06-30 22:21:04 - [MESSAGE][PASSED] - Text '2.50' is present on page  using regular expression

2022-06-30 22:21:04 - [TEST_STEP][PASSED] - verifyTextPresent("Authorization and Capture", true): Text 'Authorization and Capture' is present on page  using regular expression

2022-06-30 22:21:04 - [MESSAGE][PASSED] - Text 'Authorization and Capture' is present on page  using regular expression

2022-06-30 22:21:04 - [TEST_STEP][PASSED] - verifyTextPresent("Card Information", true): Text 'Card Information' is present on page  using regular expression

2022-06-30 22:21:04 - [MESSAGE][PASSED] - Text 'Card Information' is present on page  using regular expression

2022-06-30 22:21:04 - [TEST_STEP][PASSED] - verifyTextPresent("TANDON RAVENA", true): Text 'TANDON RAVENA' is present on page  using regular expression

2022-06-30 22:21:05 - [MESSAGE][PASSED] - Text 'TANDON RAVENA' is present on page  using regular expression

2022-06-30 22:21:05 - [TEST_STEP][PASSED] - verifyTextPresent("Address Line 1", true): Text 'Address Line 1' is present on page  using regular expression

2022-06-30 22:21:05 - [MESSAGE][PASSED] - Text 'Address Line 1' is present on page  using regular expression

2022-06-30 22:21:05 - [TEST_STEP][PASSED] - verifyTextPresent("Address Line 2", true): Text 'Address Line 2' is present on page  using regular expression

2022-06-30 22:21:05 - [MESSAGE][PASSED] - Text 'Address Line 2' is present on page  using regular expression

2022-06-30 22:21:05 - [TEST_STEP][PASSED] - verifyTextPresent("Country", true): Text 'Country' is present on page  using regular expression

2022-06-30 22:21:06 - [MESSAGE][PASSED] - Text 'Country' is present on page  using regular expression

2022-06-30 22:21:06 - [TEST_STEP][PASSED] - verifyTextPresent("City", true): Text 'City' is present on page  using regular expression

2022-06-30 22:21:06 - [MESSAGE][PASSED] - Text 'City' is present on page  using regular expression

2022-06-30 22:21:06 - [TEST_STEP][PASSED] - verifyTextPresent("State", true): Text 'State' is present on page  using regular expression

2022-06-30 22:21:06 - [MESSAGE][PASSED] - Text 'State' is present on page  using regular expression

2022-06-30 22:21:06 - [TEST_STEP][PASSED] - verifyTextPresent("ZIP Code", true): Text 'ZIP Code' is present on page  using regular expression

2022-06-30 22:21:07 - [MESSAGE][PASSED] - Text 'ZIP Code' is present on page  using regular expression

2022-06-30 22:21:07 - [TEST_STEP][PASSED] - verifyTextPresent("248 PhoolKaante road", true): Text '248 PhoolKaante road' is present on page  using regular expression

2022-06-30 22:21:07 - [MESSAGE][PASSED] - Text '248 PhoolKaante road' is present on page  using regular expression

2022-06-30 22:21:07 - [TEST_STEP][PASSED] - verifyTextPresent("Suite 678", true): Text 'Suite 678' is present on page  using regular expression

2022-06-30 22:21:07 - [MESSAGE][PASSED] - Text 'Suite 678' is present on page  using regular expression

2022-06-30 22:21:07 - [TEST_STEP][PASSED] - verifyTextPresent("United States", true): Text 'United States' is present on page  using regular expression

2022-06-30 22:21:08 - [MESSAGE][PASSED] - Text 'United States' is present on page  using regular expression

2022-06-30 22:21:08 - [TEST_STEP][PASSED] - verifyTextPresent("ARLINGTON", true): Text 'ARLINGTON' is present on page  using regular expression

2022-06-30 22:21:08 - [MESSAGE][PASSED] - Text 'ARLINGTON' is present on page  using regular expression

2022-06-30 22:21:08 - [TEST_STEP][PASSED] - verifyTextPresent("VA", true): Text 'VA' is present on page  using regular expression

2022-06-30 22:21:08 - [MESSAGE][PASSED] - Text 'VA' is present on page  using regular expression

2022-06-30 22:21:08 - [TEST_STEP][PASSED] - verifyTextPresent("22201", true): Text '22201' is present on page  using regular expression

2022-06-30 22:21:09 - [MESSAGE][PASSED] - Text '22201' is present on page  using regular expression

2022-06-30 22:21:09 - [TEST_STEP][PASSED] - cardTypeV = findTestData(dataFile).getValue("CardType", row): null

2022-06-30 22:21:09 - [TEST_STEP][PASSED] - last4V = findTestData(dataFile).getValue("Last4", row): null

2022-06-30 22:21:09 - [TEST_STEP][PASSED] - verifyTextPresent(cardTypeV, true): Text 'Discover' is present on page  using regular expression

2022-06-30 22:21:09 - [MESSAGE][PASSED] - Text 'Discover' is present on page  using regular expression

2022-06-30 22:21:09 - [TEST_STEP][PASSED] - verifyTextPresent(last4V, true): Text '6909' is present on page  using regular expression

2022-06-30 22:21:09 - [MESSAGE][PASSED] - Text '6909' is present on page  using regular expression

2022-06-30 22:21:09 - [TEST_STEP][PASSED] - switch (appName): null

2022-06-30 22:21:09 - [TEST_STEP][PASSED] - closeBrowser(): Browser is closed

2022-06-30 22:21:10 - [MESSAGE][PASSED] - Browser is closed

2022-06-30 22:21:10 - [TEST_STEP][PASSED] - ExecuteTC = findTestData(dataFile).getValue("Execute", row): null

2022-06-30 22:21:10 - [TEST_STEP][PASSED] - out.println("Value of Execute is : " + ExecuteTC): null

2022-06-30 22:21:10 - [TEST_STEP][PASSED] - switch (executionProfile): null

2022-06-30 22:21:10 - [TEST_STEP][PASSED] - case "QAProfile":: null

2022-06-30 22:21:10 - [TEST_STEP][PASSED] - appName = findTestData(dataFile).getValue("AppNameQA", row): null

2022-06-30 22:21:10 - [TEST_STEP][PASSED] - appID = findTestData(dataFile).getValue("AppIDQA", row): null

2022-06-30 22:21:10 - [TEST_STEP][PASSED] - break: null

2022-06-30 22:21:10 - [TEST_STEP][PASSED] - if (ExecuteTC.equalsIgnoreCase("Y")): null

2022-06-30 22:21:10 - [TEST_STEP][PASSED] - out.println("Begin Record Number: " + row): null

2022-06-30 22:21:10 - [TEST_STEP][PASSED] - today = new java.util.Date(): null

2022-06-30 22:21:10 - [TEST_STEP][PASSED] - println(today): null

2022-06-30 22:21:10 - [TEST_STEP][PASSED] - datText = today: null

2022-06-30 22:21:10 - [TEST_STEP][PASSED] - adminSuiteBootstrap.loginFunctionality.login_AdminSuite(): adminSuiteBootstrap.loginFunctionality.login_AdminSuite is PASSED

2022-06-30 22:21:10 - [MESSAGE][INFO] - Starting 'Chrome' driver

2022-06-30 22:21:10 - [MESSAGE][INFO] - User set preference: ['acceptInsecureCerts', 'true']

2022-06-30 22:21:10 - [MESSAGE][INFO] - Action delay is set to 0 milliseconds

2022-06-30 22:21:14 - [MESSAGE][PASSED] - Browser is opened with url: 'https://qa.velocitypayment.com/admin/imtiaz'

2022-06-30 22:21:14 - [MESSAGE][PASSED] - Current window maximized

2022-06-30 22:21:15 - [MESSAGE][PASSED] - Object 'Object Repository/Login_Page/Login_Username' is present

2022-06-30 22:21:16 - [MESSAGE][PASSED] - Text 'iahmed' is set on object 'Object Repository/Login_Page/Login_Username'

2022-06-30 22:21:16 - [MESSAGE][PASSED] - Text 'hello2222' is set on object 'Object Repository/Login_Page/Login_Password'

2022-06-30 22:21:21 - [MESSAGE][PASSED] - Object: 'Object Repository/Login_Page/Login_Submit' is clicked on

2022-06-30 22:21:21 - [MESSAGE][PASSED] - adminSuiteBootstrap.loginFunctionality.login_AdminSuite is PASSED

2022-06-30 22:21:21 - [TEST_STEP][PASSED] - click(findTestObject(path_Dashboard + appName)): Object: 'Object Repository/AdminSuiteBootstrap_Pages/Dashboard_Bootstrap/a_Access AutoSingleCFtpQA' is clicked on

2022-06-30 22:21:22 - [MESSAGE][PASSED] - Object: 'Object Repository/AdminSuiteBootstrap_Pages/Dashboard_Bootstrap/a_Access AutoSingleCFtpQA' is clicked on

2022-06-30 22:21:22 - [TEST_STEP][PASSED] - click(findTestObject(path_VT + "a_Find Profile")): Object: 'Object Repository/AdminSuiteBootstrap_Pages/VT_Bootstrap/IssueTransactions/a_Find Profile' is clicked on

2022-06-30 22:21:23 - [MESSAGE][PASSED] - Object: 'Object Repository/AdminSuiteBootstrap_Pages/VT_Bootstrap/IssueTransactions/a_Find Profile' is clicked on

2022-06-30 22:21:23 - [TEST_STEP][PASSED] - criteria = <not implemented yet for class: org.codehaus.groovy.ast.expr.EmptyExpression>: null

2022-06-30 22:21:23 - [TEST_STEP][PASSED] - searchBy = <not implemented yet for class: org.codehaus.groovy.ast.expr.EmptyExpression>: null

2022-06-30 22:21:23 - [TEST_STEP][PASSED] - criteria = findTestData(dataFile).getValue("ProfileName", row): null

2022-06-30 22:21:23 - [TEST_STEP][PASSED] - path_SearchProfile = "Object Repository/AdminSuiteBootstrap_Pages/VSP_Bootstrap/SearchProfile/": null

2022-06-30 22:21:23 - [TEST_STEP][PASSED] - setText(findTestObject(path_SearchProfile + "input_Criteria"), criteria): Text 'PaymentsVisa' is set on object 'Object Repository/AdminSuiteBootstrap_Pages/VSP_Bootstrap/SearchProfile/input_Criteria'

2022-06-30 22:21:23 - [MESSAGE][PASSED] - Text 'PaymentsVisa' is set on object 'Object Repository/AdminSuiteBootstrap_Pages/VSP_Bootstrap/SearchProfile/input_Criteria'

2022-06-30 22:21:23 - [TEST_STEP][PASSED] - click(findTestObject(path_SearchProfile + "button_Search")): Object: 'Object Repository/AdminSuiteBootstrap_Pages/VSP_Bootstrap/SearchProfile/button_Search' is clicked on

2022-06-30 22:21:25 - [MESSAGE][PASSED] - Object: 'Object Repository/AdminSuiteBootstrap_Pages/VSP_Bootstrap/SearchProfile/button_Search' is clicked on

2022-06-30 22:21:25 - [TEST_STEP][PASSED] - profNameLink = findTestData(dataFile).getValue("ProfileNameLink", row): null

2022-06-30 22:21:25 - [TEST_STEP][PASSED] - click(findTestObject(path_ViewProfile + profNameLink)): Object: 'Object Repository/AdminSuiteBootstrap_Pages/VSP_Bootstrap/View Profile/a_PaymentsVisa' is clicked on

2022-06-30 22:21:27 - [MESSAGE][PASSED] - Object: 'Object Repository/AdminSuiteBootstrap_Pages/VSP_Bootstrap/View Profile/a_PaymentsVisa' is clicked on

2022-06-30 22:21:27 - [TEST_STEP][PASSED] - click(findTestObject(path_ViewProfile + "a_AuthCap")): Object: 'Object Repository/AdminSuiteBootstrap_Pages/VSP_Bootstrap/View Profile/a_AuthCap' is clicked on

2022-06-30 22:21:28 - [MESSAGE][PASSED] - Object: 'Object Repository/AdminSuiteBootstrap_Pages/VSP_Bootstrap/View Profile/a_AuthCap' is clicked on

2022-06-30 22:21:28 - [TEST_STEP][PASSED] - verifyTextPresent("Credit Card Authorization Capture", true): Text 'Credit Card Authorization Capture' is present on page  using regular expression

2022-06-30 22:21:29 - [MESSAGE][PASSED] - Text 'Credit Card Authorization Capture' is present on page  using regular expression

2022-06-30 22:21:29 - [TEST_STEP][PASSED] - verifyTextPresent("Sale", true): Text 'Sale' is present on page  using regular expression

2022-06-30 22:21:30 - [MESSAGE][PASSED] - Text 'Sale' is present on page  using regular expression

2022-06-30 22:21:30 - [TEST_STEP][PASSED] - verifyTextPresent("Required fields are highlighted with an asterisk", true): Text 'Required fields are highlighted with an asterisk' is present on page  using regular expression

2022-06-30 22:21:30 - [MESSAGE][PASSED] - Text 'Required fields are highlighted with an asterisk' is present on page  using regular expression

2022-06-30 22:21:30 - [TEST_STEP][PASSED] - verifyTextPresent("Remittance ID", true): Text 'Remittance ID' is present on page  using regular expression

2022-06-30 22:21:30 - [MESSAGE][PASSED] - Text 'Remittance ID' is present on page  using regular expression

2022-06-30 22:21:30 - [TEST_STEP][PASSED] - vspBootstrap.SalePage.setDataSaleAndAuth(row, dataFile): vspBootstrap.SalePage.setDataSaleAndAuth is PASSED

2022-06-30 22:21:32 - [MESSAGE][PASSED] - All options with value 'MOTO' are selected in object 'Object Repository/AdminSuiteBootstrap_Pages/VSP_Bootstrap/VSP_Authcap/select_TransactionCategory'  using regular expression

2022-06-30 22:21:32 - [MESSAGE][PASSED] - Text '123' is set on object 'Object Repository/AdminSuiteBootstrap_Pages/VSP_Bootstrap/VSP_Authcap/input_cvv'

2022-06-30 22:21:33 - [MESSAGE][PASSED] - Text '' is set on object 'Object Repository/AdminSuiteBootstrap_Pages/VSP_Bootstrap/VSP_Authcap/input_smsNumber'

2022-06-30 22:21:33 - [MESSAGE][PASSED] - Text '2.50' is set on object 'Object Repository/AdminSuiteBootstrap_Pages/VSP_Bootstrap/VSP_Authcap/input_amount'

2022-06-30 22:21:35 - [MESSAGE][PASSED] - Text 'Delhi' is set on object 'Object Repository/AdminSuiteBootstrap_Pages/VSP_Bootstrap/VSP_Authcap/input_userDefined1'

2022-06-30 22:21:35 - [MESSAGE][PASSED] - Text 'Chennai' is set on object 'Object Repository/AdminSuiteBootstrap_Pages/VSP_Bootstrap/VSP_Authcap/input_userDefined2'

2022-06-30 22:21:36 - [MESSAGE][PASSED] - Text 'Mumbai' is set on object 'Object Repository/AdminSuiteBootstrap_Pages/VSP_Bootstrap/VSP_Authcap/input_userDefined3'

2022-06-30 22:21:37 - [MESSAGE][PASSED] - Text 'Kanpur' is set on object 'Object Repository/AdminSuiteBootstrap_Pages/VSP_Bootstrap/VSP_Authcap/input_userDefined4'

2022-06-30 22:21:38 - [MESSAGE][PASSED] - All options with label 'Orange' are selected in object 'Object Repository/AdminSuiteBootstrap_Pages/VSP_Bootstrap/VSP_Authcap/select_UDF5'  using regular expression

2022-06-30 22:21:39 - [MESSAGE][PASSED] - All options with label 'Yellow' are selected in object 'Object Repository/AdminSuiteBootstrap_Pages/VSP_Bootstrap/VSP_Authcap/select_UDF6'  using regular expression

2022-06-30 22:21:39 - [MESSAGE][PASSED] - Text 'Kolkata' is set on object 'Object Repository/AdminSuiteBootstrap_Pages/VSP_Bootstrap/VSP_Authcap/input_userDefined7'

2022-06-30 22:21:40 - [MESSAGE][PASSED] - Text 'Pune' is set on object 'Object Repository/AdminSuiteBootstrap_Pages/VSP_Bootstrap/VSP_Authcap/input_userDefined8'

2022-06-30 22:21:41 - [MESSAGE][PASSED] - Text 'Bhavnagar' is set on object 'Object Repository/AdminSuiteBootstrap_Pages/VSP_Bootstrap/VSP_Authcap/input_userDefined9'

2022-06-30 22:21:41 - [MESSAGE][PASSED] - Text 'Noida' is set on object 'Object Repository/AdminSuiteBootstrap_Pages/VSP_Bootstrap/VSP_Authcap/input_userDefined10'

2022-06-30 22:21:44 - [MESSAGE][PASSED] - Object: 'Object Repository/AdminSuiteBootstrap_Pages/VSP_Bootstrap/VSP_Authcap/button_Submit' is clicked on

2022-06-30 22:21:44 - [MESSAGE][PASSED] - vspBootstrap.SalePage.setDataSaleAndAuth is PASSED

2022-06-30 22:21:44 - [TEST_STEP][PASSED] - verifyTextPresent("Transaction Successful", true): Text 'Transaction Successful' is present on page  using regular expression

2022-06-30 22:21:45 - [MESSAGE][PASSED] - Text 'Transaction Successful' is present on page  using regular expression

2022-06-30 22:21:45 - [TEST_STEP][PASSED] - verifyElementVisible(findTestObject("Object Repository/AdminSuiteBootstrap_Pages/VT_Bootstrap/Receipt/button_Continue")): Object 'Object Repository/AdminSuiteBootstrap_Pages/VT_Bootstrap/Receipt/button_Continue' is visible

2022-06-30 22:21:45 - [MESSAGE][PASSED] - Object 'Object Repository/AdminSuiteBootstrap_Pages/VT_Bootstrap/Receipt/button_Continue' is visible

2022-06-30 22:21:45 - [TEST_STEP][PASSED] - verifyElementPresent(findTestObject("Object Repository/AdminSuiteBootstrap_Pages/VT_Bootstrap/Receipt/button_Continue"), 20): Object 'Object Repository/AdminSuiteBootstrap_Pages/VT_Bootstrap/Receipt/button_Continue' is present

2022-06-30 22:21:46 - [MESSAGE][PASSED] - Object 'Object Repository/AdminSuiteBootstrap_Pages/VT_Bootstrap/Receipt/button_Continue' is present

2022-06-30 22:21:46 - [TEST_STEP][PASSED] - verifyElementVisible(findTestObject("Object Repository/AdminSuiteBootstrap_Pages/VT_Bootstrap/Receipt/button_Print")): Object 'Object Repository/AdminSuiteBootstrap_Pages/VT_Bootstrap/Receipt/button_Print' is visible

2022-06-30 22:21:46 - [MESSAGE][PASSED] - Object 'Object Repository/AdminSuiteBootstrap_Pages/VT_Bootstrap/Receipt/button_Print' is visible

2022-06-30 22:21:46 - [TEST_STEP][PASSED] - verifyElementPresent(findTestObject("Object Repository/AdminSuiteBootstrap_Pages/VT_Bootstrap/Receipt/button_Print"), 20): Object 'Object Repository/AdminSuiteBootstrap_Pages/VT_Bootstrap/Receipt/button_Print' is present

2022-06-30 22:21:46 - [MESSAGE][PASSED] - Object 'Object Repository/AdminSuiteBootstrap_Pages/VT_Bootstrap/Receipt/button_Print' is present

2022-06-30 22:21:46 - [TEST_STEP][PASSED] - verifyTextPresent("Remittance ID", true): Text 'Remittance ID' is present on page  using regular expression

2022-06-30 22:21:47 - [MESSAGE][PASSED] - Text 'Remittance ID' is present on page  using regular expression

2022-06-30 22:21:47 - [TEST_STEP][PASSED] - verifyTextPresent("Received", true): Text 'Received' is present on page  using regular expression

2022-06-30 22:21:47 - [MESSAGE][PASSED] - Text 'Received' is present on page  using regular expression

2022-06-30 22:21:47 - [TEST_STEP][PASSED] - verifyTextPresent("UDF1", true): Text 'UDF1' is present on page  using regular expression

2022-06-30 22:21:47 - [MESSAGE][PASSED] - Text 'UDF1' is present on page  using regular expression

2022-06-30 22:21:47 - [TEST_STEP][PASSED] - verifyTextPresent("UDF2", true): Text 'UDF2' is present on page  using regular expression

2022-06-30 22:21:47 - [MESSAGE][PASSED] - Text 'UDF2' is present on page  using regular expression

2022-06-30 22:21:47 - [TEST_STEP][PASSED] - verifyTextPresent("UDF3", true): Text 'UDF3' is present on page  using regular expression

2022-06-30 22:21:48 - [MESSAGE][PASSED] - Text 'UDF3' is present on page  using regular expression

2022-06-30 22:21:48 - [TEST_STEP][PASSED] - verifyTextPresent("UDF4", true): Text 'UDF4' is present on page  using regular expression

2022-06-30 22:21:48 - [MESSAGE][PASSED] - Text 'UDF4' is present on page  using regular expression

2022-06-30 22:21:48 - [TEST_STEP][PASSED] - verifyTextPresent("UDF5", true): Text 'UDF5' is present on page  using regular expression

2022-06-30 22:21:48 - [MESSAGE][PASSED] - Text 'UDF5' is present on page  using regular expression

2022-06-30 22:21:48 - [TEST_STEP][PASSED] - verifyTextPresent("UDF6", true): Text 'UDF6' is present on page  using regular expression

2022-06-30 22:21:49 - [MESSAGE][PASSED] - Text 'UDF6' is present on page  using regular expression

2022-06-30 22:21:49 - [TEST_STEP][PASSED] - verifyTextPresent("UDF7", true): Text 'UDF7' is present on page  using regular expression

2022-06-30 22:21:49 - [MESSAGE][PASSED] - Text 'UDF7' is present on page  using regular expression

2022-06-30 22:21:49 - [TEST_STEP][PASSED] - verifyTextPresent("UDF8", true): Text 'UDF8' is present on page  using regular expression

2022-06-30 22:21:50 - [MESSAGE][PASSED] - Text 'UDF8' is present on page  using regular expression

2022-06-30 22:21:50 - [TEST_STEP][PASSED] - verifyTextPresent("UDF9", true): Text 'UDF9' is present on page  using regular expression

2022-06-30 22:21:50 - [MESSAGE][PASSED] - Text 'UDF9' is present on page  using regular expression

2022-06-30 22:21:50 - [TEST_STEP][PASSED] - verifyTextPresent("UDF 10", true): Text 'UDF 10' is present on page  using regular expression

2022-06-30 22:21:50 - [MESSAGE][PASSED] - Text 'UDF 10' is present on page  using regular expression

2022-06-30 22:21:50 - [TEST_STEP][PASSED] - verifyTextPresent("Delhi", true): Text 'Delhi' is present on page  using regular expression

2022-06-30 22:21:51 - [MESSAGE][PASSED] - Text 'Delhi' is present on page  using regular expression

2022-06-30 22:21:51 - [TEST_STEP][PASSED] - verifyTextPresent("Chennai", true): Text 'Chennai' is present on page  using regular expression

2022-06-30 22:21:51 - [MESSAGE][PASSED] - Text 'Chennai' is present on page  using regular expression

2022-06-30 22:21:51 - [TEST_STEP][PASSED] - verifyTextPresent("Mumbai", true): Text 'Mumbai' is present on page  using regular expression

2022-06-30 22:21:51 - [MESSAGE][PASSED] - Text 'Mumbai' is present on page  using regular expression

2022-06-30 22:21:51 - [TEST_STEP][PASSED] - verifyTextPresent("Kanpur", true): Text 'Kanpur' is present on page  using regular expression

2022-06-30 22:21:52 - [MESSAGE][PASSED] - Text 'Kanpur' is present on page  using regular expression

2022-06-30 22:21:52 - [TEST_STEP][PASSED] - verifyTextPresent("Orange Recorded", true): Text 'Orange Recorded' is present on page  using regular expression

2022-06-30 22:21:52 - [MESSAGE][PASSED] - Text 'Orange Recorded' is present on page  using regular expression

2022-06-30 22:21:52 - [TEST_STEP][PASSED] - verifyTextPresent("Yellow Recorded", true): Text 'Yellow Recorded' is present on page  using regular expression

2022-06-30 22:21:52 - [MESSAGE][PASSED] - Text 'Yellow Recorded' is present on page  using regular expression

2022-06-30 22:21:52 - [TEST_STEP][PASSED] - verifyTextPresent("Kolkata", true): Text 'Kolkata' is present on page  using regular expression

2022-06-30 22:21:53 - [MESSAGE][PASSED] - Text 'Kolkata' is present on page  using regular expression

2022-06-30 22:21:53 - [TEST_STEP][PASSED] - verifyTextPresent("Pune", true): Text 'Pune' is present on page  using regular expression

2022-06-30 22:21:53 - [MESSAGE][PASSED] - Text 'Pune' is present on page  using regular expression

2022-06-30 22:21:53 - [TEST_STEP][PASSED] - verifyTextPresent("Bhavnagar", true): Text 'Bhavnagar' is present on page  using regular expression

2022-06-30 22:21:53 - [MESSAGE][PASSED] - Text 'Bhavnagar' is present on page  using regular expression

2022-06-30 22:21:53 - [TEST_STEP][PASSED] - verifyTextPresent("Noida", true): Text 'Noida' is present on page  using regular expression

2022-06-30 22:21:54 - [MESSAGE][PASSED] - Text 'Noida' is present on page  using regular expression

2022-06-30 22:21:54 - [TEST_STEP][PASSED] - verifyTextPresent("Amount", true): Text 'Amount' is present on page  using regular expression

2022-06-30 22:21:54 - [MESSAGE][PASSED] - Text 'Amount' is present on page  using regular expression

2022-06-30 22:21:54 - [TEST_STEP][PASSED] - verifyTextPresent("2.50", true): Text '2.50' is present on page  using regular expression

2022-06-30 22:21:54 - [MESSAGE][PASSED] - Text '2.50' is present on page  using regular expression

2022-06-30 22:21:54 - [TEST_STEP][PASSED] - verifyTextPresent("Authorization and Capture", true): Text 'Authorization and Capture' is present on page  using regular expression

2022-06-30 22:21:55 - [MESSAGE][PASSED] - Text 'Authorization and Capture' is present on page  using regular expression

2022-06-30 22:21:55 - [TEST_STEP][PASSED] - verifyTextPresent("Card Information", true): Text 'Card Information' is present on page  using regular expression

2022-06-30 22:21:55 - [MESSAGE][PASSED] - Text 'Card Information' is present on page  using regular expression

2022-06-30 22:21:55 - [TEST_STEP][PASSED] - verifyTextPresent("TANDON RAVENA", true): Text 'TANDON RAVENA' is present on page  using regular expression

2022-06-30 22:21:55 - [MESSAGE][PASSED] - Text 'TANDON RAVENA' is present on page  using regular expression

2022-06-30 22:21:55 - [TEST_STEP][PASSED] - verifyTextPresent("Address Line 1", true): Text 'Address Line 1' is present on page  using regular expression

2022-06-30 22:21:56 - [MESSAGE][PASSED] - Text 'Address Line 1' is present on page  using regular expression

2022-06-30 22:21:56 - [TEST_STEP][PASSED] - verifyTextPresent("Address Line 2", true): Text 'Address Line 2' is present on page  using regular expression

2022-06-30 22:21:56 - [MESSAGE][PASSED] - Text 'Address Line 2' is present on page  using regular expression

2022-06-30 22:21:56 - [TEST_STEP][PASSED] - verifyTextPresent("Country", true): Text 'Country' is present on page  using regular expression

2022-06-30 22:21:56 - [MESSAGE][PASSED] - Text 'Country' is present on page  using regular expression

2022-06-30 22:21:56 - [TEST_STEP][PASSED] - verifyTextPresent("City", true): Text 'City' is present on page  using regular expression

2022-06-30 22:21:57 - [MESSAGE][PASSED] - Text 'City' is present on page  using regular expression

2022-06-30 22:21:57 - [TEST_STEP][PASSED] - verifyTextPresent("State", true): Text 'State' is present on page  using regular expression

2022-06-30 22:21:57 - [MESSAGE][PASSED] - Text 'State' is present on page  using regular expression

2022-06-30 22:21:57 - [TEST_STEP][PASSED] - verifyTextPresent("ZIP Code", true): Text 'ZIP Code' is present on page  using regular expression

2022-06-30 22:21:57 - [MESSAGE][PASSED] - Text 'ZIP Code' is present on page  using regular expression

2022-06-30 22:21:57 - [TEST_STEP][PASSED] - verifyTextPresent("248 PhoolKaante road", true): Text '248 PhoolKaante road' is present on page  using regular expression

2022-06-30 22:21:58 - [MESSAGE][PASSED] - Text '248 PhoolKaante road' is present on page  using regular expression

2022-06-30 22:21:58 - [TEST_STEP][PASSED] - verifyTextPresent("Suite 678", true): Text 'Suite 678' is present on page  using regular expression

2022-06-30 22:21:58 - [MESSAGE][PASSED] - Text 'Suite 678' is present on page  using regular expression

2022-06-30 22:21:58 - [TEST_STEP][PASSED] - verifyTextPresent("United States", true): Text 'United States' is present on page  using regular expression

2022-06-30 22:21:58 - [MESSAGE][PASSED] - Text 'United States' is present on page  using regular expression

2022-06-30 22:21:58 - [TEST_STEP][PASSED] - verifyTextPresent("ARLINGTON", true): Text 'ARLINGTON' is present on page  using regular expression

2022-06-30 22:21:59 - [MESSAGE][PASSED] - Text 'ARLINGTON' is present on page  using regular expression

2022-06-30 22:21:59 - [TEST_STEP][PASSED] - verifyTextPresent("VA", true): Text 'VA' is present on page  using regular expression

2022-06-30 22:21:59 - [MESSAGE][PASSED] - Text 'VA' is present on page  using regular expression

2022-06-30 22:21:59 - [TEST_STEP][PASSED] - verifyTextPresent("22201", true): Text '22201' is present on page  using regular expression

2022-06-30 22:21:59 - [MESSAGE][PASSED] - Text '22201' is present on page  using regular expression

2022-06-30 22:21:59 - [TEST_STEP][PASSED] - cardTypeV = findTestData(dataFile).getValue("CardType", row): null

2022-06-30 22:21:59 - [TEST_STEP][PASSED] - last4V = findTestData(dataFile).getValue("Last4", row): null

2022-06-30 22:21:59 - [TEST_STEP][PASSED] - verifyTextPresent(cardTypeV, true): Text 'Visa' is present on page  using regular expression

2022-06-30 22:22:00 - [MESSAGE][PASSED] - Text 'Visa' is present on page  using regular expression

2022-06-30 22:22:00 - [TEST_STEP][PASSED] - verifyTextPresent(last4V, true): Text '5439' is present on page  using regular expression

2022-06-30 22:22:00 - [MESSAGE][PASSED] - Text '5439' is present on page  using regular expression

2022-06-30 22:22:00 - [TEST_STEP][PASSED] - switch (appName): null

2022-06-30 22:22:00 - [TEST_STEP][PASSED] - case "a_Access AutoSingleCFtpQA":: null

2022-06-30 22:22:00 - [TEST_STEP][PASSED] - verifyTextPresent("5.00", true): Text '5.00' is present on page  using regular expression

2022-06-30 22:22:00 - [MESSAGE][PASSED] - Text '5.00' is present on page  using regular expression

2022-06-30 22:22:00 - [TEST_STEP][PASSED] - verifyTextPresent("Single Transaction", true): Text 'Single Transaction' is present on page  using regular expression

2022-06-30 22:22:01 - [MESSAGE][PASSED] - Text 'Single Transaction' is present on page  using regular expression

2022-06-30 22:22:01 - [TEST_STEP][PASSED] - verifyTextPresent("7.50", true): Text '7.50' is present on page  using regular expression

2022-06-30 22:22:01 - [MESSAGE][PASSED] - Text '7.50' is present on page  using regular expression

2022-06-30 22:22:01 - [TEST_STEP][PASSED] - verifyTextPresent("Total Amount", true): Text 'Total Amount' is present on page  using regular expression

2022-06-30 22:22:01 - [MESSAGE][PASSED] - Text 'Total Amount' is present on page  using regular expression

2022-06-30 22:22:01 - [TEST_STEP][PASSED] - verifyTextPresent("Transaction Type", true): Text 'Transaction Type' is present on page  using regular expression

2022-06-30 22:22:02 - [MESSAGE][PASSED] - Text 'Transaction Type' is present on page  using regular expression

2022-06-30 22:22:02 - [TEST_STEP][PASSED] - break: null

2022-06-30 22:22:02 - [TEST_STEP][PASSED] - closeBrowser(): Browser is closed

2022-06-30 22:22:03 - [MESSAGE][PASSED] - Browser is closed

2022-06-30 22:22:03 - [TEST_STEP][PASSED] - ExecuteTC = findTestData(dataFile).getValue("Execute", row): null

2022-06-30 22:22:03 - [TEST_STEP][PASSED] - out.println("Value of Execute is : " + ExecuteTC): null

2022-06-30 22:22:03 - [TEST_STEP][PASSED] - switch (executionProfile): null

2022-06-30 22:22:03 - [TEST_STEP][PASSED] - case "QAProfile":: null

2022-06-30 22:22:03 - [TEST_STEP][PASSED] - appName = findTestData(dataFile).getValue("AppNameQA", row): null

2022-06-30 22:22:03 - [TEST_STEP][PASSED] - appID = findTestData(dataFile).getValue("AppIDQA", row): null

2022-06-30 22:22:03 - [TEST_STEP][PASSED] - break: null

2022-06-30 22:22:03 - [TEST_STEP][PASSED] - if (ExecuteTC.equalsIgnoreCase("Y")): null

2022-06-30 22:22:03 - [TEST_STEP][PASSED] - out.println("Begin Record Number: " + row): null

2022-06-30 22:22:03 - [TEST_STEP][PASSED] - today = new java.util.Date(): null

2022-06-30 22:22:03 - [TEST_STEP][PASSED] - println(today): null

2022-06-30 22:22:03 - [TEST_STEP][PASSED] - datText = today: null

2022-06-30 22:22:03 - [TEST_STEP][PASSED] - adminSuiteBootstrap.loginFunctionality.login_AdminSuite(): adminSuiteBootstrap.loginFunctionality.login_AdminSuite is PASSED

2022-06-30 22:22:03 - [MESSAGE][INFO] - Starting 'Chrome' driver

2022-06-30 22:22:03 - [MESSAGE][INFO] - User set preference: ['acceptInsecureCerts', 'true']

2022-06-30 22:22:03 - [MESSAGE][INFO] - Action delay is set to 0 milliseconds

2022-06-30 22:22:07 - [MESSAGE][PASSED] - Browser is opened with url: 'https://qa.velocitypayment.com/admin/imtiaz'

2022-06-30 22:22:07 - [MESSAGE][PASSED] - Current window maximized

2022-06-30 22:22:07 - [MESSAGE][PASSED] - Object 'Object Repository/Login_Page/Login_Username' is present

2022-06-30 22:22:08 - [MESSAGE][PASSED] - Text 'iahmed' is set on object 'Object Repository/Login_Page/Login_Username'

2022-06-30 22:22:09 - [MESSAGE][PASSED] - Text 'hello2222' is set on object 'Object Repository/Login_Page/Login_Password'

2022-06-30 22:22:13 - [MESSAGE][PASSED] - Object: 'Object Repository/Login_Page/Login_Submit' is clicked on

2022-06-30 22:22:13 - [MESSAGE][PASSED] - adminSuiteBootstrap.loginFunctionality.login_AdminSuite is PASSED

2022-06-30 22:22:13 - [TEST_STEP][PASSED] - click(findTestObject(path_Dashboard + appName)): Object: 'Object Repository/AdminSuiteBootstrap_Pages/Dashboard_Bootstrap/a_Access AutoSingleCFtpQA' is clicked on

2022-06-30 22:22:14 - [MESSAGE][PASSED] - Object: 'Object Repository/AdminSuiteBootstrap_Pages/Dashboard_Bootstrap/a_Access AutoSingleCFtpQA' is clicked on

2022-06-30 22:22:14 - [TEST_STEP][PASSED] - click(findTestObject(path_VT + "a_Find Profile")): Object: 'Object Repository/AdminSuiteBootstrap_Pages/VT_Bootstrap/IssueTransactions/a_Find Profile' is clicked on

2022-06-30 22:22:15 - [MESSAGE][PASSED] - Object: 'Object Repository/AdminSuiteBootstrap_Pages/VT_Bootstrap/IssueTransactions/a_Find Profile' is clicked on

2022-06-30 22:22:15 - [TEST_STEP][PASSED] - criteria = <not implemented yet for class: org.codehaus.groovy.ast.expr.EmptyExpression>: null

2022-06-30 22:22:15 - [TEST_STEP][PASSED] - searchBy = <not implemented yet for class: org.codehaus.groovy.ast.expr.EmptyExpression>: null

2022-06-30 22:22:15 - [TEST_STEP][PASSED] - criteria = findTestData(dataFile).getValue("ProfileName", row): null

2022-06-30 22:22:15 - [TEST_STEP][PASSED] - path_SearchProfile = "Object Repository/AdminSuiteBootstrap_Pages/VSP_Bootstrap/SearchProfile/": null

2022-06-30 22:22:15 - [TEST_STEP][PASSED] - setText(findTestObject(path_SearchProfile + "input_Criteria"), criteria): Text 'PaymentsMC' is set on object 'Object Repository/AdminSuiteBootstrap_Pages/VSP_Bootstrap/SearchProfile/input_Criteria'

2022-06-30 22:22:16 - [MESSAGE][PASSED] - Text 'PaymentsMC' is set on object 'Object Repository/AdminSuiteBootstrap_Pages/VSP_Bootstrap/SearchProfile/input_Criteria'

2022-06-30 22:22:16 - [TEST_STEP][PASSED] - click(findTestObject(path_SearchProfile + "button_Search")): Object: 'Object Repository/AdminSuiteBootstrap_Pages/VSP_Bootstrap/SearchProfile/button_Search' is clicked on

2022-06-30 22:22:17 - [MESSAGE][PASSED] - Object: 'Object Repository/AdminSuiteBootstrap_Pages/VSP_Bootstrap/SearchProfile/button_Search' is clicked on

2022-06-30 22:22:17 - [TEST_STEP][PASSED] - profNameLink = findTestData(dataFile).getValue("ProfileNameLink", row): null

2022-06-30 22:22:17 - [TEST_STEP][PASSED] - click(findTestObject(path_ViewProfile + profNameLink)): Object: 'Object Repository/AdminSuiteBootstrap_Pages/VSP_Bootstrap/View Profile/a_PaymentsMC' is clicked on

2022-06-30 22:22:18 - [MESSAGE][PASSED] - Object: 'Object Repository/AdminSuiteBootstrap_Pages/VSP_Bootstrap/View Profile/a_PaymentsMC' is clicked on

2022-06-30 22:22:18 - [TEST_STEP][PASSED] - click(findTestObject(path_ViewProfile + "a_AuthCap")): Object: 'Object Repository/AdminSuiteBootstrap_Pages/VSP_Bootstrap/View Profile/a_AuthCap' is clicked on

2022-06-30 22:22:21 - [MESSAGE][PASSED] - Object: 'Object Repository/AdminSuiteBootstrap_Pages/VSP_Bootstrap/View Profile/a_AuthCap' is clicked on

2022-06-30 22:22:21 - [TEST_STEP][PASSED] - verifyTextPresent("Credit Card Authorization Capture", true): Text 'Credit Card Authorization Capture' is present on page  using regular expression

2022-06-30 22:22:22 - [MESSAGE][PASSED] - Text 'Credit Card Authorization Capture' is present on page  using regular expression

2022-06-30 22:22:22 - [TEST_STEP][PASSED] - verifyTextPresent("Sale", true): Text 'Sale' is present on page  using regular expression

2022-06-30 22:22:22 - [MESSAGE][PASSED] - Text 'Sale' is present on page  using regular expression

2022-06-30 22:22:22 - [TEST_STEP][PASSED] - verifyTextPresent("Required fields are highlighted with an asterisk", true): Text 'Required fields are highlighted with an asterisk' is present on page  using regular expression

2022-06-30 22:22:23 - [MESSAGE][PASSED] - Text 'Required fields are highlighted with an asterisk' is present on page  using regular expression

2022-06-30 22:22:23 - [TEST_STEP][PASSED] - verifyTextPresent("Remittance ID", true): Text 'Remittance ID' is present on page  using regular expression

2022-06-30 22:22:23 - [MESSAGE][PASSED] - Text 'Remittance ID' is present on page  using regular expression

2022-06-30 22:22:23 - [TEST_STEP][PASSED] - vspBootstrap.SalePage.setDataSaleAndAuth(row, dataFile): vspBootstrap.SalePage.setDataSaleAndAuth is PASSED

2022-06-30 22:22:24 - [MESSAGE][PASSED] - All options with value 'MOTO' are selected in object 'Object Repository/AdminSuiteBootstrap_Pages/VSP_Bootstrap/VSP_Authcap/select_TransactionCategory'  using regular expression

2022-06-30 22:22:25 - [MESSAGE][PASSED] - Text '123' is set on object 'Object Repository/AdminSuiteBootstrap_Pages/VSP_Bootstrap/VSP_Authcap/input_cvv'

2022-06-30 22:22:26 - [MESSAGE][PASSED] - Text '' is set on object 'Object Repository/AdminSuiteBootstrap_Pages/VSP_Bootstrap/VSP_Authcap/input_smsNumber'

2022-06-30 22:22:27 - [MESSAGE][PASSED] - Text '2.50' is set on object 'Object Repository/AdminSuiteBootstrap_Pages/VSP_Bootstrap/VSP_Authcap/input_amount'

2022-06-30 22:22:28 - [MESSAGE][PASSED] - Text 'Delhi' is set on object 'Object Repository/AdminSuiteBootstrap_Pages/VSP_Bootstrap/VSP_Authcap/input_userDefined1'

2022-06-30 22:22:29 - [MESSAGE][PASSED] - Text 'Chennai' is set on object 'Object Repository/AdminSuiteBootstrap_Pages/VSP_Bootstrap/VSP_Authcap/input_userDefined2'

2022-06-30 22:22:29 - [MESSAGE][PASSED] - Text 'Mumbai' is set on object 'Object Repository/AdminSuiteBootstrap_Pages/VSP_Bootstrap/VSP_Authcap/input_userDefined3'

2022-06-30 22:22:30 - [MESSAGE][PASSED] - Text 'Kanpur' is set on object 'Object Repository/AdminSuiteBootstrap_Pages/VSP_Bootstrap/VSP_Authcap/input_userDefined4'

2022-06-30 22:22:31 - [MESSAGE][PASSED] - All options with label 'Orange' are selected in object 'Object Repository/AdminSuiteBootstrap_Pages/VSP_Bootstrap/VSP_Authcap/select_UDF5'  using regular expression

2022-06-30 22:22:32 - [MESSAGE][PASSED] - All options with label 'Yellow' are selected in object 'Object Repository/AdminSuiteBootstrap_Pages/VSP_Bootstrap/VSP_Authcap/select_UDF6'  using regular expression

2022-06-30 22:22:33 - [MESSAGE][PASSED] - Text 'Kolkata' is set on object 'Object Repository/AdminSuiteBootstrap_Pages/VSP_Bootstrap/VSP_Authcap/input_userDefined7'

2022-06-30 22:22:33 - [MESSAGE][PASSED] - Text 'Pune' is set on object 'Object Repository/AdminSuiteBootstrap_Pages/VSP_Bootstrap/VSP_Authcap/input_userDefined8'

2022-06-30 22:22:34 - [MESSAGE][PASSED] - Text 'Bhavnagar' is set on object 'Object Repository/AdminSuiteBootstrap_Pages/VSP_Bootstrap/VSP_Authcap/input_userDefined9'

2022-06-30 22:22:35 - [MESSAGE][PASSED] - Text 'Noida' is set on object 'Object Repository/AdminSuiteBootstrap_Pages/VSP_Bootstrap/VSP_Authcap/input_userDefined10'

2022-06-30 22:22:37 - [MESSAGE][PASSED] - Object: 'Object Repository/AdminSuiteBootstrap_Pages/VSP_Bootstrap/VSP_Authcap/button_Submit' is clicked on

2022-06-30 22:22:37 - [MESSAGE][PASSED] - vspBootstrap.SalePage.setDataSaleAndAuth is PASSED

2022-06-30 22:22:37 - [TEST_STEP][PASSED] - verifyTextPresent("Transaction Successful", true): Text 'Transaction Successful' is present on page  using regular expression

2022-06-30 22:22:38 - [MESSAGE][PASSED] - Text 'Transaction Successful' is present on page  using regular expression

2022-06-30 22:22:38 - [TEST_STEP][PASSED] - verifyElementVisible(findTestObject("Object Repository/AdminSuiteBootstrap_Pages/VT_Bootstrap/Receipt/button_Continue")): Object 'Object Repository/AdminSuiteBootstrap_Pages/VT_Bootstrap/Receipt/button_Continue' is visible

2022-06-30 22:22:38 - [MESSAGE][PASSED] - Object 'Object Repository/AdminSuiteBootstrap_Pages/VT_Bootstrap/Receipt/button_Continue' is visible

2022-06-30 22:22:38 - [TEST_STEP][PASSED] - verifyElementPresent(findTestObject("Object Repository/AdminSuiteBootstrap_Pages/VT_Bootstrap/Receipt/button_Continue"), 20): Object 'Object Repository/AdminSuiteBootstrap_Pages/VT_Bootstrap/Receipt/button_Continue' is present

2022-06-30 22:22:38 - [MESSAGE][PASSED] - Object 'Object Repository/AdminSuiteBootstrap_Pages/VT_Bootstrap/Receipt/button_Continue' is present

2022-06-30 22:22:38 - [TEST_STEP][PASSED] - verifyElementVisible(findTestObject("Object Repository/AdminSuiteBootstrap_Pages/VT_Bootstrap/Receipt/button_Print")): Object 'Object Repository/AdminSuiteBootstrap_Pages/VT_Bootstrap/Receipt/button_Print' is visible

2022-06-30 22:22:39 - [MESSAGE][PASSED] - Object 'Object Repository/AdminSuiteBootstrap_Pages/VT_Bootstrap/Receipt/button_Print' is visible

2022-06-30 22:22:39 - [TEST_STEP][PASSED] - verifyElementPresent(findTestObject("Object Repository/AdminSuiteBootstrap_Pages/VT_Bootstrap/Receipt/button_Print"), 20): Object 'Object Repository/AdminSuiteBootstrap_Pages/VT_Bootstrap/Receipt/button_Print' is present

2022-06-30 22:22:39 - [MESSAGE][PASSED] - Object 'Object Repository/AdminSuiteBootstrap_Pages/VT_Bootstrap/Receipt/button_Print' is present

2022-06-30 22:22:39 - [TEST_STEP][PASSED] - verifyTextPresent("Remittance ID", true): Text 'Remittance ID' is present on page  using regular expression

2022-06-30 22:22:39 - [MESSAGE][PASSED] - Text 'Remittance ID' is present on page  using regular expression

2022-06-30 22:22:39 - [TEST_STEP][PASSED] - verifyTextPresent("Received", true): Text 'Received' is present on page  using regular expression

2022-06-30 22:22:40 - [MESSAGE][PASSED] - Text 'Received' is present on page  using regular expression

2022-06-30 22:22:40 - [TEST_STEP][PASSED] - verifyTextPresent("UDF1", true): Text 'UDF1' is present on page  using regular expression

2022-06-30 22:22:40 - [MESSAGE][PASSED] - Text 'UDF1' is present on page  using regular expression

2022-06-30 22:22:40 - [TEST_STEP][PASSED] - verifyTextPresent("UDF2", true): Text 'UDF2' is present on page  using regular expression

2022-06-30 22:22:40 - [MESSAGE][PASSED] - Text 'UDF2' is present on page  using regular expression

2022-06-30 22:22:40 - [TEST_STEP][PASSED] - verifyTextPresent("UDF3", true): Text 'UDF3' is present on page  using regular expression

2022-06-30 22:22:41 - [MESSAGE][PASSED] - Text 'UDF3' is present on page  using regular expression

2022-06-30 22:22:41 - [TEST_STEP][PASSED] - verifyTextPresent("UDF4", true): Text 'UDF4' is present on page  using regular expression

2022-06-30 22:22:41 - [MESSAGE][PASSED] - Text 'UDF4' is present on page  using regular expression

2022-06-30 22:22:41 - [TEST_STEP][PASSED] - verifyTextPresent("UDF5", true): Text 'UDF5' is present on page  using regular expression

2022-06-30 22:22:41 - [MESSAGE][PASSED] - Text 'UDF5' is present on page  using regular expression

2022-06-30 22:22:41 - [TEST_STEP][PASSED] - verifyTextPresent("UDF6", true): Text 'UDF6' is present on page  using regular expression

2022-06-30 22:22:42 - [MESSAGE][PASSED] - Text 'UDF6' is present on page  using regular expression

2022-06-30 22:22:42 - [TEST_STEP][PASSED] - verifyTextPresent("UDF7", true): Text 'UDF7' is present on page  using regular expression

2022-06-30 22:22:42 - [MESSAGE][PASSED] - Text 'UDF7' is present on page  using regular expression

2022-06-30 22:22:42 - [TEST_STEP][PASSED] - verifyTextPresent("UDF8", true): Text 'UDF8' is present on page  using regular expression

2022-06-30 22:22:42 - [MESSAGE][PASSED] - Text 'UDF8' is present on page  using regular expression

2022-06-30 22:22:42 - [TEST_STEP][PASSED] - verifyTextPresent("UDF9", true): Text 'UDF9' is present on page  using regular expression

2022-06-30 22:22:43 - [MESSAGE][PASSED] - Text 'UDF9' is present on page  using regular expression

2022-06-30 22:22:43 - [TEST_STEP][PASSED] - verifyTextPresent("UDF 10", true): Text 'UDF 10' is present on page  using regular expression

2022-06-30 22:22:43 - [MESSAGE][PASSED] - Text 'UDF 10' is present on page  using regular expression

2022-06-30 22:22:43 - [TEST_STEP][PASSED] - verifyTextPresent("Delhi", true): Text 'Delhi' is present on page  using regular expression

2022-06-30 22:22:43 - [MESSAGE][PASSED] - Text 'Delhi' is present on page  using regular expression

2022-06-30 22:22:43 - [TEST_STEP][PASSED] - verifyTextPresent("Chennai", true): Text 'Chennai' is present on page  using regular expression

2022-06-30 22:22:44 - [MESSAGE][PASSED] - Text 'Chennai' is present on page  using regular expression

2022-06-30 22:22:44 - [TEST_STEP][PASSED] - verifyTextPresent("Mumbai", true): Text 'Mumbai' is present on page  using regular expression

2022-06-30 22:22:44 - [MESSAGE][PASSED] - Text 'Mumbai' is present on page  using regular expression

2022-06-30 22:22:44 - [TEST_STEP][PASSED] - verifyTextPresent("Kanpur", true): Text 'Kanpur' is present on page  using regular expression

2022-06-30 22:22:44 - [MESSAGE][PASSED] - Text 'Kanpur' is present on page  using regular expression

2022-06-30 22:22:44 - [TEST_STEP][PASSED] - verifyTextPresent("Orange Recorded", true): Text 'Orange Recorded' is present on page  using regular expression

2022-06-30 22:22:45 - [MESSAGE][PASSED] - Text 'Orange Recorded' is present on page  using regular expression

2022-06-30 22:22:45 - [TEST_STEP][PASSED] - verifyTextPresent("Yellow Recorded", true): Text 'Yellow Recorded' is present on page  using regular expression

2022-06-30 22:22:45 - [MESSAGE][PASSED] - Text 'Yellow Recorded' is present on page  using regular expression

2022-06-30 22:22:45 - [TEST_STEP][PASSED] - verifyTextPresent("Kolkata", true): Text 'Kolkata' is present on page  using regular expression

2022-06-30 22:22:45 - [MESSAGE][PASSED] - Text 'Kolkata' is present on page  using regular expression

2022-06-30 22:22:45 - [TEST_STEP][PASSED] - verifyTextPresent("Pune", true): Text 'Pune' is present on page  using regular expression

2022-06-30 22:22:46 - [MESSAGE][PASSED] - Text 'Pune' is present on page  using regular expression

2022-06-30 22:22:46 - [TEST_STEP][PASSED] - verifyTextPresent("Bhavnagar", true): Text 'Bhavnagar' is present on page  using regular expression

2022-06-30 22:22:46 - [MESSAGE][PASSED] - Text 'Bhavnagar' is present on page  using regular expression

2022-06-30 22:22:46 - [TEST_STEP][PASSED] - verifyTextPresent("Noida", true): Text 'Noida' is present on page  using regular expression

2022-06-30 22:22:46 - [MESSAGE][PASSED] - Text 'Noida' is present on page  using regular expression

2022-06-30 22:22:46 - [TEST_STEP][PASSED] - verifyTextPresent("Amount", true): Text 'Amount' is present on page  using regular expression

2022-06-30 22:22:47 - [MESSAGE][PASSED] - Text 'Amount' is present on page  using regular expression

2022-06-30 22:22:47 - [TEST_STEP][PASSED] - verifyTextPresent("2.50", true): Text '2.50' is present on page  using regular expression

2022-06-30 22:22:47 - [MESSAGE][PASSED] - Text '2.50' is present on page  using regular expression

2022-06-30 22:22:47 - [TEST_STEP][PASSED] - verifyTextPresent("Authorization and Capture", true): Text 'Authorization and Capture' is present on page  using regular expression

2022-06-30 22:22:47 - [MESSAGE][PASSED] - Text 'Authorization and Capture' is present on page  using regular expression

2022-06-30 22:22:47 - [TEST_STEP][PASSED] - verifyTextPresent("Card Information", true): Text 'Card Information' is present on page  using regular expression

2022-06-30 22:22:48 - [MESSAGE][PASSED] - Text 'Card Information' is present on page  using regular expression

2022-06-30 22:22:48 - [TEST_STEP][PASSED] - verifyTextPresent("TANDON RAVENA", true): Text 'TANDON RAVENA' is present on page  using regular expression

2022-06-30 22:22:48 - [MESSAGE][PASSED] - Text 'TANDON RAVENA' is present on page  using regular expression

2022-06-30 22:22:48 - [TEST_STEP][PASSED] - verifyTextPresent("Address Line 1", true): Text 'Address Line 1' is present on page  using regular expression

2022-06-30 22:22:48 - [MESSAGE][PASSED] - Text 'Address Line 1' is present on page  using regular expression

2022-06-30 22:22:48 - [TEST_STEP][PASSED] - verifyTextPresent("Address Line 2", true): Text 'Address Line 2' is present on page  using regular expression

2022-06-30 22:22:49 - [MESSAGE][PASSED] - Text 'Address Line 2' is present on page  using regular expression

2022-06-30 22:22:49 - [TEST_STEP][PASSED] - verifyTextPresent("Country", true): Text 'Country' is present on page  using regular expression

2022-06-30 22:22:49 - [MESSAGE][PASSED] - Text 'Country' is present on page  using regular expression

2022-06-30 22:22:49 - [TEST_STEP][PASSED] - verifyTextPresent("City", true): Text 'City' is present on page  using regular expression

2022-06-30 22:22:49 - [MESSAGE][PASSED] - Text 'City' is present on page  using regular expression

2022-06-30 22:22:49 - [TEST_STEP][PASSED] - verifyTextPresent("State", true): Text 'State' is present on page  using regular expression

2022-06-30 22:22:50 - [MESSAGE][PASSED] - Text 'State' is present on page  using regular expression

2022-06-30 22:22:50 - [TEST_STEP][PASSED] - verifyTextPresent("ZIP Code", true): Text 'ZIP Code' is present on page  using regular expression

2022-06-30 22:22:50 - [MESSAGE][PASSED] - Text 'ZIP Code' is present on page  using regular expression

2022-06-30 22:22:50 - [TEST_STEP][PASSED] - verifyTextPresent("248 PhoolKaante road", true): Text '248 PhoolKaante road' is present on page  using regular expression

2022-06-30 22:22:50 - [MESSAGE][PASSED] - Text '248 PhoolKaante road' is present on page  using regular expression

2022-06-30 22:22:50 - [TEST_STEP][PASSED] - verifyTextPresent("Suite 678", true): Text 'Suite 678' is present on page  using regular expression

2022-06-30 22:22:51 - [MESSAGE][PASSED] - Text 'Suite 678' is present on page  using regular expression

2022-06-30 22:22:51 - [TEST_STEP][PASSED] - verifyTextPresent("United States", true): Text 'United States' is present on page  using regular expression

2022-06-30 22:22:51 - [MESSAGE][PASSED] - Text 'United States' is present on page  using regular expression

2022-06-30 22:22:51 - [TEST_STEP][PASSED] - verifyTextPresent("ARLINGTON", true): Text 'ARLINGTON' is present on page  using regular expression

2022-06-30 22:22:51 - [MESSAGE][PASSED] - Text 'ARLINGTON' is present on page  using regular expression

2022-06-30 22:22:51 - [TEST_STEP][PASSED] - verifyTextPresent("VA", true): Text 'VA' is present on page  using regular expression

2022-06-30 22:22:52 - [MESSAGE][PASSED] - Text 'VA' is present on page  using regular expression

2022-06-30 22:22:52 - [TEST_STEP][PASSED] - verifyTextPresent("22201", true): Text '22201' is present on page  using regular expression

2022-06-30 22:22:52 - [MESSAGE][PASSED] - Text '22201' is present on page  using regular expression

2022-06-30 22:22:52 - [TEST_STEP][PASSED] - cardTypeV = findTestData(dataFile).getValue("CardType", row): null

2022-06-30 22:22:52 - [TEST_STEP][PASSED] - last4V = findTestData(dataFile).getValue("Last4", row): null

2022-06-30 22:22:52 - [TEST_STEP][PASSED] - verifyTextPresent(cardTypeV, true): Text 'MasterCard' is present on page  using regular expression

2022-06-30 22:22:52 - [MESSAGE][PASSED] - Text 'MasterCard' is present on page  using regular expression

2022-06-30 22:22:52 - [TEST_STEP][PASSED] - verifyTextPresent(last4V, true): Text '0035' is present on page  using regular expression

2022-06-30 22:22:53 - [MESSAGE][PASSED] - Text '0035' is present on page  using regular expression

2022-06-30 22:22:53 - [TEST_STEP][PASSED] - switch (appName): null

2022-06-30 22:22:53 - [TEST_STEP][PASSED] - case "a_Access AutoSingleCFtpQA":: null

2022-06-30 22:22:53 - [TEST_STEP][PASSED] - verifyTextPresent("5.00", true): Text '5.00' is present on page  using regular expression

2022-06-30 22:22:53 - [MESSAGE][PASSED] - Text '5.00' is present on page  using regular expression

2022-06-30 22:22:53 - [TEST_STEP][PASSED] - verifyTextPresent("Single Transaction", true): Text 'Single Transaction' is present on page  using regular expression

2022-06-30 22:22:53 - [MESSAGE][PASSED] - Text 'Single Transaction' is present on page  using regular expression

2022-06-30 22:22:53 - [TEST_STEP][PASSED] - verifyTextPresent("7.50", true): Text '7.50' is present on page  using regular expression

2022-06-30 22:22:54 - [MESSAGE][PASSED] - Text '7.50' is present on page  using regular expression

2022-06-30 22:22:54 - [TEST_STEP][PASSED] - verifyTextPresent("Total Amount", true): Text 'Total Amount' is present on page  using regular expression

2022-06-30 22:22:54 - [MESSAGE][PASSED] - Text 'Total Amount' is present on page  using regular expression

2022-06-30 22:22:54 - [TEST_STEP][PASSED] - verifyTextPresent("Transaction Type", true): Text 'Transaction Type' is present on page  using regular expression

2022-06-30 22:22:54 - [MESSAGE][PASSED] - Text 'Transaction Type' is present on page  using regular expression

2022-06-30 22:22:54 - [TEST_STEP][PASSED] - break: null

2022-06-30 22:22:54 - [TEST_STEP][PASSED] - closeBrowser(): Browser is closed

2022-06-30 22:22:55 - [MESSAGE][PASSED] - Browser is closed

2022-06-30 22:22:55 - [TEST_STEP][PASSED] - ExecuteTC = findTestData(dataFile).getValue("Execute", row): null

2022-06-30 22:22:55 - [TEST_STEP][PASSED] - out.println("Value of Execute is : " + ExecuteTC): null

2022-06-30 22:22:55 - [TEST_STEP][PASSED] - switch (executionProfile): null

2022-06-30 22:22:55 - [TEST_STEP][PASSED] - case "QAProfile":: null

2022-06-30 22:22:55 - [TEST_STEP][PASSED] - appName = findTestData(dataFile).getValue("AppNameQA", row): null

2022-06-30 22:22:55 - [TEST_STEP][PASSED] - appID = findTestData(dataFile).getValue("AppIDQA", row): null

2022-06-30 22:22:55 - [TEST_STEP][PASSED] - break: null

2022-06-30 22:22:55 - [TEST_STEP][PASSED] - if (ExecuteTC.equalsIgnoreCase("Y")): null

2022-06-30 22:22:55 - [TEST_STEP][PASSED] - out.println("Begin Record Number: " + row): null

2022-06-30 22:22:55 - [TEST_STEP][PASSED] - today = new java.util.Date(): null

2022-06-30 22:22:55 - [TEST_STEP][PASSED] - println(today): null

2022-06-30 22:22:55 - [TEST_STEP][PASSED] - datText = today: null

2022-06-30 22:22:55 - [TEST_STEP][PASSED] - adminSuiteBootstrap.loginFunctionality.login_AdminSuite(): adminSuiteBootstrap.loginFunctionality.login_AdminSuite is PASSED

2022-06-30 22:22:55 - [MESSAGE][INFO] - Starting 'Chrome' driver

2022-06-30 22:22:55 - [MESSAGE][INFO] - User set preference: ['acceptInsecureCerts', 'true']

2022-06-30 22:22:55 - [MESSAGE][INFO] - Action delay is set to 0 milliseconds

2022-06-30 22:22:59 - [MESSAGE][PASSED] - Browser is opened with url: 'https://qa.velocitypayment.com/admin/imtiaz'

2022-06-30 22:22:59 - [MESSAGE][PASSED] - Current window maximized

2022-06-30 22:23:00 - [MESSAGE][PASSED] - Object 'Object Repository/Login_Page/Login_Username' is present

2022-06-30 22:23:00 - [MESSAGE][PASSED] - Text 'iahmed' is set on object 'Object Repository/Login_Page/Login_Username'

2022-06-30 22:23:01 - [MESSAGE][PASSED] - Text 'hello2222' is set on object 'Object Repository/Login_Page/Login_Password'

2022-06-30 22:23:06 - [MESSAGE][PASSED] - Object: 'Object Repository/Login_Page/Login_Submit' is clicked on

2022-06-30 22:23:06 - [MESSAGE][PASSED] - adminSuiteBootstrap.loginFunctionality.login_AdminSuite is PASSED

2022-06-30 22:23:06 - [TEST_STEP][PASSED] - click(findTestObject(path_Dashboard + appName)): Object: 'Object Repository/AdminSuiteBootstrap_Pages/Dashboard_Bootstrap/a_Access AutoSingleCFtpQA' is clicked on

2022-06-30 22:23:07 - [MESSAGE][PASSED] - Object: 'Object Repository/AdminSuiteBootstrap_Pages/Dashboard_Bootstrap/a_Access AutoSingleCFtpQA' is clicked on

2022-06-30 22:23:07 - [TEST_STEP][PASSED] - click(findTestObject(path_VT + "a_Find Profile")): Object: 'Object Repository/AdminSuiteBootstrap_Pages/VT_Bootstrap/IssueTransactions/a_Find Profile' is clicked on

2022-06-30 22:23:08 - [MESSAGE][PASSED] - Object: 'Object Repository/AdminSuiteBootstrap_Pages/VT_Bootstrap/IssueTransactions/a_Find Profile' is clicked on

2022-06-30 22:23:08 - [TEST_STEP][PASSED] - criteria = <not implemented yet for class: org.codehaus.groovy.ast.expr.EmptyExpression>: null

2022-06-30 22:23:08 - [TEST_STEP][PASSED] - searchBy = <not implemented yet for class: org.codehaus.groovy.ast.expr.EmptyExpression>: null

2022-06-30 22:23:08 - [TEST_STEP][PASSED] - criteria = findTestData(dataFile).getValue("ProfileName", row): null

2022-06-30 22:23:08 - [TEST_STEP][PASSED] - path_SearchProfile = "Object Repository/AdminSuiteBootstrap_Pages/VSP_Bootstrap/SearchProfile/": null

2022-06-30 22:23:08 - [TEST_STEP][PASSED] - setText(findTestObject(path_SearchProfile + "input_Criteria"), criteria): Text 'PaymentsAmEx' is set on object 'Object Repository/AdminSuiteBootstrap_Pages/VSP_Bootstrap/SearchProfile/input_Criteria'

2022-06-30 22:23:09 - [MESSAGE][PASSED] - Text 'PaymentsAmEx' is set on object 'Object Repository/AdminSuiteBootstrap_Pages/VSP_Bootstrap/SearchProfile/input_Criteria'

2022-06-30 22:23:09 - [TEST_STEP][PASSED] - click(findTestObject(path_SearchProfile + "button_Search")): Object: 'Object Repository/AdminSuiteBootstrap_Pages/VSP_Bootstrap/SearchProfile/button_Search' is clicked on

2022-06-30 22:23:10 - [MESSAGE][PASSED] - Object: 'Object Repository/AdminSuiteBootstrap_Pages/VSP_Bootstrap/SearchProfile/button_Search' is clicked on

2022-06-30 22:23:10 - [TEST_STEP][PASSED] - profNameLink = findTestData(dataFile).getValue("ProfileNameLink", row): null

2022-06-30 22:23:10 - [TEST_STEP][PASSED] - click(findTestObject(path_ViewProfile + profNameLink)): Object: 'Object Repository/AdminSuiteBootstrap_Pages/VSP_Bootstrap/View Profile/a_PaymentsAmEx' is clicked on

2022-06-30 22:23:14 - [MESSAGE][PASSED] - Object: 'Object Repository/AdminSuiteBootstrap_Pages/VSP_Bootstrap/View Profile/a_PaymentsAmEx' is clicked on

2022-06-30 22:23:14 - [TEST_STEP][PASSED] - click(findTestObject(path_ViewProfile + "a_AuthCap")): Object: 'Object Repository/AdminSuiteBootstrap_Pages/VSP_Bootstrap/View Profile/a_AuthCap' is clicked on

2022-06-30 22:23:16 - [MESSAGE][PASSED] - Object: 'Object Repository/AdminSuiteBootstrap_Pages/VSP_Bootstrap/View Profile/a_AuthCap' is clicked on

2022-06-30 22:23:16 - [TEST_STEP][PASSED] - verifyTextPresent("Credit Card Authorization Capture", true): Text 'Credit Card Authorization Capture' is present on page  using regular expression

2022-06-30 22:23:16 - [MESSAGE][PASSED] - Text 'Credit Card Authorization Capture' is present on page  using regular expression

2022-06-30 22:23:16 - [TEST_STEP][PASSED] - verifyTextPresent("Sale", true): Text 'Sale' is present on page  using regular expression

2022-06-30 22:23:17 - [MESSAGE][PASSED] - Text 'Sale' is present on page  using regular expression

2022-06-30 22:23:17 - [TEST_STEP][PASSED] - verifyTextPresent("Required fields are highlighted with an asterisk", true): Text 'Required fields are highlighted with an asterisk' is present on page  using regular expression

2022-06-30 22:23:17 - [MESSAGE][PASSED] - Text 'Required fields are highlighted with an asterisk' is present on page  using regular expression

2022-06-30 22:23:17 - [TEST_STEP][PASSED] - verifyTextPresent("Remittance ID", true): Text 'Remittance ID' is present on page  using regular expression

2022-06-30 22:23:17 - [MESSAGE][PASSED] - Text 'Remittance ID' is present on page  using regular expression

2022-06-30 22:23:17 - [TEST_STEP][PASSED] - vspBootstrap.SalePage.setDataSaleAndAuth(row, dataFile): vspBootstrap.SalePage.setDataSaleAndAuth is PASSED

2022-06-30 22:23:19 - [MESSAGE][PASSED] - All options with value 'MOTO' are selected in object 'Object Repository/AdminSuiteBootstrap_Pages/VSP_Bootstrap/VSP_Authcap/select_TransactionCategory'  using regular expression

2022-06-30 22:23:20 - [MESSAGE][PASSED] - Text '1234' is set on object 'Object Repository/AdminSuiteBootstrap_Pages/VSP_Bootstrap/VSP_Authcap/input_cvv'

2022-06-30 22:23:20 - [MESSAGE][PASSED] - Text '' is set on object 'Object Repository/AdminSuiteBootstrap_Pages/VSP_Bootstrap/VSP_Authcap/input_smsNumber'

2022-06-30 22:23:21 - [MESSAGE][PASSED] - Text '2.50' is set on object 'Object Repository/AdminSuiteBootstrap_Pages/VSP_Bootstrap/VSP_Authcap/input_amount'

2022-06-30 22:23:22 - [MESSAGE][PASSED] - Text 'Delhi' is set on object 'Object Repository/AdminSuiteBootstrap_Pages/VSP_Bootstrap/VSP_Authcap/input_userDefined1'

2022-06-30 22:23:23 - [MESSAGE][PASSED] - Text 'Chennai' is set on object 'Object Repository/AdminSuiteBootstrap_Pages/VSP_Bootstrap/VSP_Authcap/input_userDefined2'

2022-06-30 22:23:24 - [MESSAGE][PASSED] - Text 'Mumbai' is set on object 'Object Repository/AdminSuiteBootstrap_Pages/VSP_Bootstrap/VSP_Authcap/input_userDefined3'

2022-06-30 22:23:24 - [MESSAGE][PASSED] - Text 'Kanpur' is set on object 'Object Repository/AdminSuiteBootstrap_Pages/VSP_Bootstrap/VSP_Authcap/input_userDefined4'

2022-06-30 22:23:25 - [MESSAGE][PASSED] - All options with label 'Orange' are selected in object 'Object Repository/AdminSuiteBootstrap_Pages/VSP_Bootstrap/VSP_Authcap/select_UDF5'  using regular expression

2022-06-30 22:23:26 - [MESSAGE][PASSED] - All options with label 'Yellow' are selected in object 'Object Repository/AdminSuiteBootstrap_Pages/VSP_Bootstrap/VSP_Authcap/select_UDF6'  using regular expression

2022-06-30 22:23:27 - [MESSAGE][PASSED] - Text 'Kolkata' is set on object 'Object Repository/AdminSuiteBootstrap_Pages/VSP_Bootstrap/VSP_Authcap/input_userDefined7'

2022-06-30 22:23:28 - [MESSAGE][PASSED] - Text 'Pune' is set on object 'Object Repository/AdminSuiteBootstrap_Pages/VSP_Bootstrap/VSP_Authcap/input_userDefined8'

2022-06-30 22:23:28 - [MESSAGE][PASSED] - Text 'Bhavnagar' is set on object 'Object Repository/AdminSuiteBootstrap_Pages/VSP_Bootstrap/VSP_Authcap/input_userDefined9'

2022-06-30 22:23:29 - [MESSAGE][PASSED] - Text 'Noida' is set on object 'Object Repository/AdminSuiteBootstrap_Pages/VSP_Bootstrap/VSP_Authcap/input_userDefined10'

2022-06-30 22:23:31 - [MESSAGE][PASSED] - Object: 'Object Repository/AdminSuiteBootstrap_Pages/VSP_Bootstrap/VSP_Authcap/button_Submit' is clicked on

2022-06-30 22:23:31 - [MESSAGE][PASSED] - vspBootstrap.SalePage.setDataSaleAndAuth is PASSED

2022-06-30 22:23:31 - [TEST_STEP][PASSED] - verifyTextPresent("Transaction Successful", true): Text 'Transaction Successful' is present on page  using regular expression

2022-06-30 22:23:32 - [MESSAGE][PASSED] - Text 'Transaction Successful' is present on page  using regular expression

2022-06-30 22:23:32 - [TEST_STEP][PASSED] - verifyElementVisible(findTestObject("Object Repository/AdminSuiteBootstrap_Pages/VT_Bootstrap/Receipt/button_Continue")): Object 'Object Repository/AdminSuiteBootstrap_Pages/VT_Bootstrap/Receipt/button_Continue' is visible

2022-06-30 22:23:32 - [MESSAGE][PASSED] - Object 'Object Repository/AdminSuiteBootstrap_Pages/VT_Bootstrap/Receipt/button_Continue' is visible

2022-06-30 22:23:32 - [TEST_STEP][PASSED] - verifyElementPresent(findTestObject("Object Repository/AdminSuiteBootstrap_Pages/VT_Bootstrap/Receipt/button_Continue"), 20): Object 'Object Repository/AdminSuiteBootstrap_Pages/VT_Bootstrap/Receipt/button_Continue' is present

2022-06-30 22:23:33 - [MESSAGE][PASSED] - Object 'Object Repository/AdminSuiteBootstrap_Pages/VT_Bootstrap/Receipt/button_Continue' is present

2022-06-30 22:23:33 - [TEST_STEP][PASSED] - verifyElementVisible(findTestObject("Object Repository/AdminSuiteBootstrap_Pages/VT_Bootstrap/Receipt/button_Print")): Object 'Object Repository/AdminSuiteBootstrap_Pages/VT_Bootstrap/Receipt/button_Print' is visible

2022-06-30 22:23:33 - [MESSAGE][PASSED] - Object 'Object Repository/AdminSuiteBootstrap_Pages/VT_Bootstrap/Receipt/button_Print' is visible

2022-06-30 22:23:33 - [TEST_STEP][PASSED] - verifyElementPresent(findTestObject("Object Repository/AdminSuiteBootstrap_Pages/VT_Bootstrap/Receipt/button_Print"), 20): Object 'Object Repository/AdminSuiteBootstrap_Pages/VT_Bootstrap/Receipt/button_Print' is present

2022-06-30 22:23:33 - [MESSAGE][PASSED] - Object 'Object Repository/AdminSuiteBootstrap_Pages/VT_Bootstrap/Receipt/button_Print' is present

2022-06-30 22:23:33 - [TEST_STEP][PASSED] - verifyTextPresent("Remittance ID", true): Text 'Remittance ID' is present on page  using regular expression

2022-06-30 22:23:33 - [MESSAGE][PASSED] - Text 'Remittance ID' is present on page  using regular expression

2022-06-30 22:23:33 - [TEST_STEP][PASSED] - verifyTextPresent("Received", true): Text 'Received' is present on page  using regular expression

2022-06-30 22:23:34 - [MESSAGE][PASSED] - Text 'Received' is present on page  using regular expression

2022-06-30 22:23:34 - [TEST_STEP][PASSED] - verifyTextPresent("UDF1", true): Text 'UDF1' is present on page  using regular expression

2022-06-30 22:23:34 - [MESSAGE][PASSED] - Text 'UDF1' is present on page  using regular expression

2022-06-30 22:23:34 - [TEST_STEP][PASSED] - verifyTextPresent("UDF2", true): Text 'UDF2' is present on page  using regular expression

2022-06-30 22:23:34 - [MESSAGE][PASSED] - Text 'UDF2' is present on page  using regular expression

2022-06-30 22:23:34 - [TEST_STEP][PASSED] - verifyTextPresent("UDF3", true): Text 'UDF3' is present on page  using regular expression

2022-06-30 22:23:35 - [MESSAGE][PASSED] - Text 'UDF3' is present on page  using regular expression

2022-06-30 22:23:35 - [TEST_STEP][PASSED] - verifyTextPresent("UDF4", true): Text 'UDF4' is present on page  using regular expression

2022-06-30 22:23:35 - [MESSAGE][PASSED] - Text 'UDF4' is present on page  using regular expression

2022-06-30 22:23:35 - [TEST_STEP][PASSED] - verifyTextPresent("UDF5", true): Text 'UDF5' is present on page  using regular expression

2022-06-30 22:23:35 - [MESSAGE][PASSED] - Text 'UDF5' is present on page  using regular expression

2022-06-30 22:23:35 - [TEST_STEP][PASSED] - verifyTextPresent("UDF6", true): Text 'UDF6' is present on page  using regular expression

2022-06-30 22:23:36 - [MESSAGE][PASSED] - Text 'UDF6' is present on page  using regular expression

2022-06-30 22:23:36 - [TEST_STEP][PASSED] - verifyTextPresent("UDF7", true): Text 'UDF7' is present on page  using regular expression

2022-06-30 22:23:36 - [MESSAGE][PASSED] - Text 'UDF7' is present on page  using regular expression

2022-06-30 22:23:36 - [TEST_STEP][PASSED] - verifyTextPresent("UDF8", true): Text 'UDF8' is present on page  using regular expression

2022-06-30 22:23:36 - [MESSAGE][PASSED] - Text 'UDF8' is present on page  using regular expression

2022-06-30 22:23:36 - [TEST_STEP][PASSED] - verifyTextPresent("UDF9", true): Text 'UDF9' is present on page  using regular expression

2022-06-30 22:23:37 - [MESSAGE][PASSED] - Text 'UDF9' is present on page  using regular expression

2022-06-30 22:23:37 - [TEST_STEP][PASSED] - verifyTextPresent("UDF 10", true): Text 'UDF 10' is present on page  using regular expression

2022-06-30 22:23:37 - [MESSAGE][PASSED] - Text 'UDF 10' is present on page  using regular expression

2022-06-30 22:23:37 - [TEST_STEP][PASSED] - verifyTextPresent("Delhi", true): Text 'Delhi' is present on page  using regular expression

2022-06-30 22:23:37 - [MESSAGE][PASSED] - Text 'Delhi' is present on page  using regular expression

2022-06-30 22:23:37 - [TEST_STEP][PASSED] - verifyTextPresent("Chennai", true): Text 'Chennai' is present on page  using regular expression

2022-06-30 22:23:38 - [MESSAGE][PASSED] - Text 'Chennai' is present on page  using regular expression

2022-06-30 22:23:38 - [TEST_STEP][PASSED] - verifyTextPresent("Mumbai", true): Text 'Mumbai' is present on page  using regular expression

2022-06-30 22:23:38 - [MESSAGE][PASSED] - Text 'Mumbai' is present on page  using regular expression

2022-06-30 22:23:38 - [TEST_STEP][PASSED] - verifyTextPresent("Kanpur", true): Text 'Kanpur' is present on page  using regular expression

2022-06-30 22:23:38 - [MESSAGE][PASSED] - Text 'Kanpur' is present on page  using regular expression

2022-06-30 22:23:38 - [TEST_STEP][PASSED] - verifyTextPresent("Orange Recorded", true): Text 'Orange Recorded' is present on page  using regular expression

2022-06-30 22:23:39 - [MESSAGE][PASSED] - Text 'Orange Recorded' is present on page  using regular expression

2022-06-30 22:23:39 - [TEST_STEP][PASSED] - verifyTextPresent("Yellow Recorded", true): Text 'Yellow Recorded' is present on page  using regular expression

2022-06-30 22:23:39 - [MESSAGE][PASSED] - Text 'Yellow Recorded' is present on page  using regular expression

2022-06-30 22:23:39 - [TEST_STEP][PASSED] - verifyTextPresent("Kolkata", true): Text 'Kolkata' is present on page  using regular expression

2022-06-30 22:23:39 - [MESSAGE][PASSED] - Text 'Kolkata' is present on page  using regular expression

2022-06-30 22:23:39 - [TEST_STEP][PASSED] - verifyTextPresent("Pune", true): Text 'Pune' is present on page  using regular expression

2022-06-30 22:23:40 - [MESSAGE][PASSED] - Text 'Pune' is present on page  using regular expression

2022-06-30 22:23:40 - [TEST_STEP][PASSED] - verifyTextPresent("Bhavnagar", true): Text 'Bhavnagar' is present on page  using regular expression

2022-06-30 22:23:40 - [MESSAGE][PASSED] - Text 'Bhavnagar' is present on page  using regular expression

2022-06-30 22:23:40 - [TEST_STEP][PASSED] - verifyTextPresent("Noida", true): Text 'Noida' is present on page  using regular expression

2022-06-30 22:23:40 - [MESSAGE][PASSED] - Text 'Noida' is present on page  using regular expression

2022-06-30 22:23:40 - [TEST_STEP][PASSED] - verifyTextPresent("Amount", true): Text 'Amount' is present on page  using regular expression

2022-06-30 22:23:41 - [MESSAGE][PASSED] - Text 'Amount' is present on page  using regular expression

2022-06-30 22:23:41 - [TEST_STEP][PASSED] - verifyTextPresent("2.50", true): Text '2.50' is present on page  using regular expression

2022-06-30 22:23:41 - [MESSAGE][PASSED] - Text '2.50' is present on page  using regular expression

2022-06-30 22:23:41 - [TEST_STEP][PASSED] - verifyTextPresent("Authorization and Capture", true): Text 'Authorization and Capture' is present on page  using regular expression

2022-06-30 22:23:41 - [MESSAGE][PASSED] - Text 'Authorization and Capture' is present on page  using regular expression

2022-06-30 22:23:41 - [TEST_STEP][PASSED] - verifyTextPresent("Card Information", true): Text 'Card Information' is present on page  using regular expression

2022-06-30 22:23:42 - [MESSAGE][PASSED] - Text 'Card Information' is present on page  using regular expression

2022-06-30 22:23:42 - [TEST_STEP][PASSED] - verifyTextPresent("TANDON RAVENA", true): Text 'TANDON RAVENA' is present on page  using regular expression

2022-06-30 22:23:42 - [MESSAGE][PASSED] - Text 'TANDON RAVENA' is present on page  using regular expression

2022-06-30 22:23:42 - [TEST_STEP][PASSED] - verifyTextPresent("Address Line 1", true): Text 'Address Line 1' is present on page  using regular expression

2022-06-30 22:23:42 - [MESSAGE][PASSED] - Text 'Address Line 1' is present on page  using regular expression

2022-06-30 22:23:42 - [TEST_STEP][PASSED] - verifyTextPresent("Address Line 2", true): Text 'Address Line 2' is present on page  using regular expression

2022-06-30 22:23:43 - [MESSAGE][PASSED] - Text 'Address Line 2' is present on page  using regular expression

2022-06-30 22:23:43 - [TEST_STEP][PASSED] - verifyTextPresent("Country", true): Text 'Country' is present on page  using regular expression

2022-06-30 22:23:43 - [MESSAGE][PASSED] - Text 'Country' is present on page  using regular expression

2022-06-30 22:23:43 - [TEST_STEP][PASSED] - verifyTextPresent("City", true): Text 'City' is present on page  using regular expression

2022-06-30 22:23:43 - [MESSAGE][PASSED] - Text 'City' is present on page  using regular expression

2022-06-30 22:23:43 - [TEST_STEP][PASSED] - verifyTextPresent("State", true): Text 'State' is present on page  using regular expression

2022-06-30 22:23:44 - [MESSAGE][PASSED] - Text 'State' is present on page  using regular expression

2022-06-30 22:23:44 - [TEST_STEP][PASSED] - verifyTextPresent("ZIP Code", true): Text 'ZIP Code' is present on page  using regular expression

2022-06-30 22:23:44 - [MESSAGE][PASSED] - Text 'ZIP Code' is present on page  using regular expression

2022-06-30 22:23:44 - [TEST_STEP][PASSED] - verifyTextPresent("248 PhoolKaante road", true): Text '248 PhoolKaante road' is present on page  using regular expression

2022-06-30 22:23:44 - [MESSAGE][PASSED] - Text '248 PhoolKaante road' is present on page  using regular expression

2022-06-30 22:23:44 - [TEST_STEP][PASSED] - verifyTextPresent("Suite 678", true): Text 'Suite 678' is present on page  using regular expression

2022-06-30 22:23:44 - [MESSAGE][PASSED] - Text 'Suite 678' is present on page  using regular expression

2022-06-30 22:23:44 - [TEST_STEP][PASSED] - verifyTextPresent("United States", true): Text 'United States' is present on page  using regular expression

2022-06-30 22:23:45 - [MESSAGE][PASSED] - Text 'United States' is present on page  using regular expression

2022-06-30 22:23:45 - [TEST_STEP][PASSED] - verifyTextPresent("ARLINGTON", true): Text 'ARLINGTON' is present on page  using regular expression

2022-06-30 22:23:45 - [MESSAGE][PASSED] - Text 'ARLINGTON' is present on page  using regular expression

2022-06-30 22:23:45 - [TEST_STEP][PASSED] - verifyTextPresent("VA", true): Text 'VA' is present on page  using regular expression

2022-06-30 22:23:45 - [MESSAGE][PASSED] - Text 'VA' is present on page  using regular expression

2022-06-30 22:23:45 - [TEST_STEP][PASSED] - verifyTextPresent("22201", true): Text '22201' is present on page  using regular expression

2022-06-30 22:23:46 - [MESSAGE][PASSED] - Text '22201' is present on page  using regular expression

2022-06-30 22:23:46 - [TEST_STEP][PASSED] - cardTypeV = findTestData(dataFile).getValue("CardType", row): null

2022-06-30 22:23:46 - [TEST_STEP][PASSED] - last4V = findTestData(dataFile).getValue("Last4", row): null

2022-06-30 22:23:46 - [TEST_STEP][PASSED] - verifyTextPresent(cardTypeV, true): Text 'American Express' is present on page  using regular expression

2022-06-30 22:23:46 - [MESSAGE][PASSED] - Text 'American Express' is present on page  using regular expression

2022-06-30 22:23:46 - [TEST_STEP][PASSED] - verifyTextPresent(last4V, true): Text '2376' is present on page  using regular expression

2022-06-30 22:23:47 - [MESSAGE][PASSED] - Text '2376' is present on page  using regular expression

2022-06-30 22:23:47 - [TEST_STEP][PASSED] - switch (appName): null

2022-06-30 22:23:47 - [TEST_STEP][PASSED] - case "a_Access AutoSingleCFtpQA":: null

2022-06-30 22:23:47 - [TEST_STEP][PASSED] - verifyTextPresent("5.00", true): Text '5.00' is present on page  using regular expression

2022-06-30 22:23:47 - [MESSAGE][PASSED] - Text '5.00' is present on page  using regular expression

2022-06-30 22:23:47 - [TEST_STEP][PASSED] - verifyTextPresent("Single Transaction", true): Text 'Single Transaction' is present on page  using regular expression

2022-06-30 22:23:47 - [MESSAGE][PASSED] - Text 'Single Transaction' is present on page  using regular expression

2022-06-30 22:23:47 - [TEST_STEP][PASSED] - verifyTextPresent("7.50", true): Text '7.50' is present on page  using regular expression

2022-06-30 22:23:48 - [MESSAGE][PASSED] - Text '7.50' is present on page  using regular expression

2022-06-30 22:23:48 - [TEST_STEP][PASSED] - verifyTextPresent("Total Amount", true): Text 'Total Amount' is present on page  using regular expression

2022-06-30 22:23:48 - [MESSAGE][PASSED] - Text 'Total Amount' is present on page  using regular expression

2022-06-30 22:23:48 - [TEST_STEP][PASSED] - verifyTextPresent("Transaction Type", true): Text 'Transaction Type' is present on page  using regular expression

2022-06-30 22:23:48 - [MESSAGE][PASSED] - Text 'Transaction Type' is present on page  using regular expression

2022-06-30 22:23:48 - [TEST_STEP][PASSED] - break: null

2022-06-30 22:23:48 - [TEST_STEP][PASSED] - closeBrowser(): Browser is closed

2022-06-30 22:23:49 - [MESSAGE][PASSED] - Browser is closed

2022-06-30 22:23:49 - [TEST_STEP][PASSED] - ExecuteTC = findTestData(dataFile).getValue("Execute", row): null

2022-06-30 22:23:49 - [TEST_STEP][PASSED] - out.println("Value of Execute is : " + ExecuteTC): null

2022-06-30 22:23:49 - [TEST_STEP][PASSED] - switch (executionProfile): null

2022-06-30 22:23:49 - [TEST_STEP][PASSED] - case "QAProfile":: null

2022-06-30 22:23:49 - [TEST_STEP][PASSED] - appName = findTestData(dataFile).getValue("AppNameQA", row): null

2022-06-30 22:23:49 - [TEST_STEP][PASSED] - appID = findTestData(dataFile).getValue("AppIDQA", row): null

2022-06-30 22:23:49 - [TEST_STEP][PASSED] - break: null

2022-06-30 22:23:49 - [TEST_STEP][PASSED] - if (ExecuteTC.equalsIgnoreCase("Y")): null

2022-06-30 22:23:49 - [TEST_STEP][PASSED] - out.println("Begin Record Number: " + row): null

2022-06-30 22:23:49 - [TEST_STEP][PASSED] - today = new java.util.Date(): null

2022-06-30 22:23:49 - [TEST_STEP][PASSED] - println(today): null

2022-06-30 22:23:49 - [TEST_STEP][PASSED] - datText = today: null

2022-06-30 22:23:49 - [TEST_STEP][PASSED] - adminSuiteBootstrap.loginFunctionality.login_AdminSuite(): adminSuiteBootstrap.loginFunctionality.login_AdminSuite is PASSED

2022-06-30 22:23:49 - [MESSAGE][INFO] - Starting 'Chrome' driver

2022-06-30 22:23:49 - [MESSAGE][INFO] - User set preference: ['acceptInsecureCerts', 'true']

2022-06-30 22:23:49 - [MESSAGE][INFO] - Action delay is set to 0 milliseconds

2022-06-30 22:23:53 - [MESSAGE][PASSED] - Browser is opened with url: 'https://qa.velocitypayment.com/admin/imtiaz'

2022-06-30 22:23:53 - [MESSAGE][PASSED] - Current window maximized

2022-06-30 22:23:54 - [MESSAGE][PASSED] - Object 'Object Repository/Login_Page/Login_Username' is present

2022-06-30 22:23:55 - [MESSAGE][PASSED] - Text 'iahmed' is set on object 'Object Repository/Login_Page/Login_Username'

2022-06-30 22:23:55 - [MESSAGE][PASSED] - Text 'hello2222' is set on object 'Object Repository/Login_Page/Login_Password'

2022-06-30 22:24:00 - [MESSAGE][PASSED] - Object: 'Object Repository/Login_Page/Login_Submit' is clicked on

2022-06-30 22:24:00 - [MESSAGE][PASSED] - adminSuiteBootstrap.loginFunctionality.login_AdminSuite is PASSED

2022-06-30 22:24:00 - [TEST_STEP][PASSED] - click(findTestObject(path_Dashboard + appName)): Object: 'Object Repository/AdminSuiteBootstrap_Pages/Dashboard_Bootstrap/a_Access AutoSingleCFtpQA' is clicked on

2022-06-30 22:24:01 - [MESSAGE][PASSED] - Object: 'Object Repository/AdminSuiteBootstrap_Pages/Dashboard_Bootstrap/a_Access AutoSingleCFtpQA' is clicked on

2022-06-30 22:24:01 - [TEST_STEP][PASSED] - click(findTestObject(path_VT + "a_Find Profile")): Object: 'Object Repository/AdminSuiteBootstrap_Pages/VT_Bootstrap/IssueTransactions/a_Find Profile' is clicked on

2022-06-30 22:24:02 - [MESSAGE][PASSED] - Object: 'Object Repository/AdminSuiteBootstrap_Pages/VT_Bootstrap/IssueTransactions/a_Find Profile' is clicked on

2022-06-30 22:24:02 - [TEST_STEP][PASSED] - criteria = <not implemented yet for class: org.codehaus.groovy.ast.expr.EmptyExpression>: null

2022-06-30 22:24:02 - [TEST_STEP][PASSED] - searchBy = <not implemented yet for class: org.codehaus.groovy.ast.expr.EmptyExpression>: null

2022-06-30 22:24:02 - [TEST_STEP][PASSED] - criteria = findTestData(dataFile).getValue("ProfileName", row): null

2022-06-30 22:24:02 - [TEST_STEP][PASSED] - path_SearchProfile = "Object Repository/AdminSuiteBootstrap_Pages/VSP_Bootstrap/SearchProfile/": null

2022-06-30 22:24:02 - [TEST_STEP][PASSED] - setText(findTestObject(path_SearchProfile + "input_Criteria"), criteria): Text 'PaymentsDI' is set on object 'Object Repository/AdminSuiteBootstrap_Pages/VSP_Bootstrap/SearchProfile/input_Criteria'

2022-06-30 22:24:03 - [MESSAGE][PASSED] - Text 'PaymentsDI' is set on object 'Object Repository/AdminSuiteBootstrap_Pages/VSP_Bootstrap/SearchProfile/input_Criteria'

2022-06-30 22:24:03 - [TEST_STEP][PASSED] - click(findTestObject(path_SearchProfile + "button_Search")): Object: 'Object Repository/AdminSuiteBootstrap_Pages/VSP_Bootstrap/SearchProfile/button_Search' is clicked on

2022-06-30 22:24:05 - [MESSAGE][PASSED] - Object: 'Object Repository/AdminSuiteBootstrap_Pages/VSP_Bootstrap/SearchProfile/button_Search' is clicked on

2022-06-30 22:24:05 - [TEST_STEP][PASSED] - profNameLink = findTestData(dataFile).getValue("ProfileNameLink", row): null

2022-06-30 22:24:05 - [TEST_STEP][PASSED] - click(findTestObject(path_ViewProfile + profNameLink)): Object: 'Object Repository/AdminSuiteBootstrap_Pages/VSP_Bootstrap/View Profile/a_PaymentsDI' is clicked on

2022-06-30 22:24:07 - [MESSAGE][PASSED] - Object: 'Object Repository/AdminSuiteBootstrap_Pages/VSP_Bootstrap/View Profile/a_PaymentsDI' is clicked on

2022-06-30 22:24:07 - [TEST_STEP][PASSED] - click(findTestObject(path_ViewProfile + "a_AuthCap")): Object: 'Object Repository/AdminSuiteBootstrap_Pages/VSP_Bootstrap/View Profile/a_AuthCap' is clicked on

2022-06-30 22:24:11 - [MESSAGE][PASSED] - Object: 'Object Repository/AdminSuiteBootstrap_Pages/VSP_Bootstrap/View Profile/a_AuthCap' is clicked on

2022-06-30 22:24:11 - [TEST_STEP][PASSED] - verifyTextPresent("Credit Card Authorization Capture", true): Text 'Credit Card Authorization Capture' is present on page  using regular expression

2022-06-30 22:24:12 - [MESSAGE][PASSED] - Text 'Credit Card Authorization Capture' is present on page  using regular expression

2022-06-30 22:24:12 - [TEST_STEP][PASSED] - verifyTextPresent("Sale", true): Text 'Sale' is present on page  using regular expression

2022-06-30 22:24:12 - [MESSAGE][PASSED] - Text 'Sale' is present on page  using regular expression

2022-06-30 22:24:12 - [TEST_STEP][PASSED] - verifyTextPresent("Required fields are highlighted with an asterisk", true): Text 'Required fields are highlighted with an asterisk' is present on page  using regular expression

2022-06-30 22:24:12 - [MESSAGE][PASSED] - Text 'Required fields are highlighted with an asterisk' is present on page  using regular expression

2022-06-30 22:24:12 - [TEST_STEP][PASSED] - verifyTextPresent("Remittance ID", true): Text 'Remittance ID' is present on page  using regular expression

2022-06-30 22:24:13 - [MESSAGE][PASSED] - Text 'Remittance ID' is present on page  using regular expression

2022-06-30 22:24:13 - [TEST_STEP][PASSED] - vspBootstrap.SalePage.setDataSaleAndAuth(row, dataFile): vspBootstrap.SalePage.setDataSaleAndAuth is PASSED

2022-06-30 22:24:14 - [MESSAGE][PASSED] - All options with value 'MOTO' are selected in object 'Object Repository/AdminSuiteBootstrap_Pages/VSP_Bootstrap/VSP_Authcap/select_TransactionCategory'  using regular expression

2022-06-30 22:24:15 - [MESSAGE][PASSED] - Text '123' is set on object 'Object Repository/AdminSuiteBootstrap_Pages/VSP_Bootstrap/VSP_Authcap/input_cvv'

2022-06-30 22:24:16 - [MESSAGE][PASSED] - Text '' is set on object 'Object Repository/AdminSuiteBootstrap_Pages/VSP_Bootstrap/VSP_Authcap/input_smsNumber'

2022-06-30 22:24:16 - [MESSAGE][PASSED] - Text '2.50' is set on object 'Object Repository/AdminSuiteBootstrap_Pages/VSP_Bootstrap/VSP_Authcap/input_amount'

2022-06-30 22:24:18 - [MESSAGE][PASSED] - Text 'Delhi' is set on object 'Object Repository/AdminSuiteBootstrap_Pages/VSP_Bootstrap/VSP_Authcap/input_userDefined1'

2022-06-30 22:24:18 - [MESSAGE][PASSED] - Text 'Chennai' is set on object 'Object Repository/AdminSuiteBootstrap_Pages/VSP_Bootstrap/VSP_Authcap/input_userDefined2'

2022-06-30 22:24:19 - [MESSAGE][PASSED] - Text 'Mumbai' is set on object 'Object Repository/AdminSuiteBootstrap_Pages/VSP_Bootstrap/VSP_Authcap/input_userDefined3'

2022-06-30 22:24:20 - [MESSAGE][PASSED] - Text 'Kanpur' is set on object 'Object Repository/AdminSuiteBootstrap_Pages/VSP_Bootstrap/VSP_Authcap/input_userDefined4'

2022-06-30 22:24:21 - [MESSAGE][PASSED] - All options with label 'Orange' are selected in object 'Object Repository/AdminSuiteBootstrap_Pages/VSP_Bootstrap/VSP_Authcap/select_UDF5'  using regular expression

2022-06-30 22:24:22 - [MESSAGE][PASSED] - All options with label 'Yellow' are selected in object 'Object Repository/AdminSuiteBootstrap_Pages/VSP_Bootstrap/VSP_Authcap/select_UDF6'  using regular expression

2022-06-30 22:24:22 - [MESSAGE][PASSED] - Text 'Kolkata' is set on object 'Object Repository/AdminSuiteBootstrap_Pages/VSP_Bootstrap/VSP_Authcap/input_userDefined7'

2022-06-30 22:24:23 - [MESSAGE][PASSED] - Text 'Pune' is set on object 'Object Repository/AdminSuiteBootstrap_Pages/VSP_Bootstrap/VSP_Authcap/input_userDefined8'

2022-06-30 22:24:24 - [MESSAGE][PASSED] - Text 'Bhavnagar' is set on object 'Object Repository/AdminSuiteBootstrap_Pages/VSP_Bootstrap/VSP_Authcap/input_userDefined9'

2022-06-30 22:24:24 - [MESSAGE][PASSED] - Text 'Noida' is set on object 'Object Repository/AdminSuiteBootstrap_Pages/VSP_Bootstrap/VSP_Authcap/input_userDefined10'

2022-06-30 22:24:27 - [MESSAGE][PASSED] - Object: 'Object Repository/AdminSuiteBootstrap_Pages/VSP_Bootstrap/VSP_Authcap/button_Submit' is clicked on

2022-06-30 22:24:27 - [MESSAGE][PASSED] - vspBootstrap.SalePage.setDataSaleAndAuth is PASSED

2022-06-30 22:24:27 - [TEST_STEP][PASSED] - verifyTextPresent("Transaction Successful", true): Text 'Transaction Successful' is present on page  using regular expression

2022-06-30 22:24:27 - [MESSAGE][PASSED] - Text 'Transaction Successful' is present on page  using regular expression

2022-06-30 22:24:27 - [TEST_STEP][PASSED] - verifyElementVisible(findTestObject("Object Repository/AdminSuiteBootstrap_Pages/VT_Bootstrap/Receipt/button_Continue")): Object 'Object Repository/AdminSuiteBootstrap_Pages/VT_Bootstrap/Receipt/button_Continue' is visible

2022-06-30 22:24:27 - [MESSAGE][PASSED] - Object 'Object Repository/AdminSuiteBootstrap_Pages/VT_Bootstrap/Receipt/button_Continue' is visible

2022-06-30 22:24:27 - [TEST_STEP][PASSED] - verifyElementPresent(findTestObject("Object Repository/AdminSuiteBootstrap_Pages/VT_Bootstrap/Receipt/button_Continue"), 20): Object 'Object Repository/AdminSuiteBootstrap_Pages/VT_Bootstrap/Receipt/button_Continue' is present

2022-06-30 22:24:28 - [MESSAGE][PASSED] - Object 'Object Repository/AdminSuiteBootstrap_Pages/VT_Bootstrap/Receipt/button_Continue' is present

2022-06-30 22:24:28 - [TEST_STEP][PASSED] - verifyElementVisible(findTestObject("Object Repository/AdminSuiteBootstrap_Pages/VT_Bootstrap/Receipt/button_Print")): Object 'Object Repository/AdminSuiteBootstrap_Pages/VT_Bootstrap/Receipt/button_Print' is visible

2022-06-30 22:24:28 - [MESSAGE][PASSED] - Object 'Object Repository/AdminSuiteBootstrap_Pages/VT_Bootstrap/Receipt/button_Print' is visible

2022-06-30 22:24:28 - [TEST_STEP][PASSED] - verifyElementPresent(findTestObject("Object Repository/AdminSuiteBootstrap_Pages/VT_Bootstrap/Receipt/button_Print"), 20): Object 'Object Repository/AdminSuiteBootstrap_Pages/VT_Bootstrap/Receipt/button_Print' is present

2022-06-30 22:24:28 - [MESSAGE][PASSED] - Object 'Object Repository/AdminSuiteBootstrap_Pages/VT_Bootstrap/Receipt/button_Print' is present

2022-06-30 22:24:28 - [TEST_STEP][PASSED] - verifyTextPresent("Remittance ID", true): Text 'Remittance ID' is present on page  using regular expression

2022-06-30 22:24:29 - [MESSAGE][PASSED] - Text 'Remittance ID' is present on page  using regular expression

2022-06-30 22:24:29 - [TEST_STEP][PASSED] - verifyTextPresent("Received", true): Text 'Received' is present on page  using regular expression

2022-06-30 22:24:29 - [MESSAGE][PASSED] - Text 'Received' is present on page  using regular expression

2022-06-30 22:24:29 - [TEST_STEP][PASSED] - verifyTextPresent("UDF1", true): Text 'UDF1' is present on page  using regular expression

2022-06-30 22:24:29 - [MESSAGE][PASSED] - Text 'UDF1' is present on page  using regular expression

2022-06-30 22:24:29 - [TEST_STEP][PASSED] - verifyTextPresent("UDF2", true): Text 'UDF2' is present on page  using regular expression

2022-06-30 22:24:30 - [MESSAGE][PASSED] - Text 'UDF2' is present on page  using regular expression

2022-06-30 22:24:30 - [TEST_STEP][PASSED] - verifyTextPresent("UDF3", true): Text 'UDF3' is present on page  using regular expression

2022-06-30 22:24:30 - [MESSAGE][PASSED] - Text 'UDF3' is present on page  using regular expression

2022-06-30 22:24:30 - [TEST_STEP][PASSED] - verifyTextPresent("UDF4", true): Text 'UDF4' is present on page  using regular expression

2022-06-30 22:24:30 - [MESSAGE][PASSED] - Text 'UDF4' is present on page  using regular expression

2022-06-30 22:24:30 - [TEST_STEP][PASSED] - verifyTextPresent("UDF5", true): Text 'UDF5' is present on page  using regular expression

2022-06-30 22:24:31 - [MESSAGE][PASSED] - Text 'UDF5' is present on page  using regular expression

2022-06-30 22:24:31 - [TEST_STEP][PASSED] - verifyTextPresent("UDF6", true): Text 'UDF6' is present on page  using regular expression

2022-06-30 22:24:31 - [MESSAGE][PASSED] - Text 'UDF6' is present on page  using regular expression

2022-06-30 22:24:31 - [TEST_STEP][PASSED] - verifyTextPresent("UDF7", true): Text 'UDF7' is present on page  using regular expression

2022-06-30 22:24:31 - [MESSAGE][PASSED] - Text 'UDF7' is present on page  using regular expression

2022-06-30 22:24:31 - [TEST_STEP][PASSED] - verifyTextPresent("UDF8", true): Text 'UDF8' is present on page  using regular expression

2022-06-30 22:24:32 - [MESSAGE][PASSED] - Text 'UDF8' is present on page  using regular expression

2022-06-30 22:24:32 - [TEST_STEP][PASSED] - verifyTextPresent("UDF9", true): Text 'UDF9' is present on page  using regular expression

2022-06-30 22:24:32 - [MESSAGE][PASSED] - Text 'UDF9' is present on page  using regular expression

2022-06-30 22:24:32 - [TEST_STEP][PASSED] - verifyTextPresent("UDF 10", true): Text 'UDF 10' is present on page  using regular expression

2022-06-30 22:24:32 - [MESSAGE][PASSED] - Text 'UDF 10' is present on page  using regular expression

2022-06-30 22:24:32 - [TEST_STEP][PASSED] - verifyTextPresent("Delhi", true): Text 'Delhi' is present on page  using regular expression

2022-06-30 22:24:33 - [MESSAGE][PASSED] - Text 'Delhi' is present on page  using regular expression

2022-06-30 22:24:33 - [TEST_STEP][PASSED] - verifyTextPresent("Chennai", true): Text 'Chennai' is present on page  using regular expression

2022-06-30 22:24:33 - [MESSAGE][PASSED] - Text 'Chennai' is present on page  using regular expression

2022-06-30 22:24:33 - [TEST_STEP][PASSED] - verifyTextPresent("Mumbai", true): Text 'Mumbai' is present on page  using regular expression

2022-06-30 22:24:33 - [MESSAGE][PASSED] - Text 'Mumbai' is present on page  using regular expression

2022-06-30 22:24:33 - [TEST_STEP][PASSED] - verifyTextPresent("Kanpur", true): Text 'Kanpur' is present on page  using regular expression

2022-06-30 22:24:34 - [MESSAGE][PASSED] - Text 'Kanpur' is present on page  using regular expression

2022-06-30 22:24:34 - [TEST_STEP][PASSED] - verifyTextPresent("Orange Recorded", true): Text 'Orange Recorded' is present on page  using regular expression

2022-06-30 22:24:34 - [MESSAGE][PASSED] - Text 'Orange Recorded' is present on page  using regular expression

2022-06-30 22:24:34 - [TEST_STEP][PASSED] - verifyTextPresent("Yellow Recorded", true): Text 'Yellow Recorded' is present on page  using regular expression

2022-06-30 22:24:34 - [MESSAGE][PASSED] - Text 'Yellow Recorded' is present on page  using regular expression

2022-06-30 22:24:34 - [TEST_STEP][PASSED] - verifyTextPresent("Kolkata", true): Text 'Kolkata' is present on page  using regular expression

2022-06-30 22:24:35 - [MESSAGE][PASSED] - Text 'Kolkata' is present on page  using regular expression

2022-06-30 22:24:35 - [TEST_STEP][PASSED] - verifyTextPresent("Pune", true): Text 'Pune' is present on page  using regular expression

2022-06-30 22:24:35 - [MESSAGE][PASSED] - Text 'Pune' is present on page  using regular expression

2022-06-30 22:24:35 - [TEST_STEP][PASSED] - verifyTextPresent("Bhavnagar", true): Text 'Bhavnagar' is present on page  using regular expression

2022-06-30 22:24:35 - [MESSAGE][PASSED] - Text 'Bhavnagar' is present on page  using regular expression

2022-06-30 22:24:35 - [TEST_STEP][PASSED] - verifyTextPresent("Noida", true): Text 'Noida' is present on page  using regular expression

2022-06-30 22:24:36 - [MESSAGE][PASSED] - Text 'Noida' is present on page  using regular expression

2022-06-30 22:24:36 - [TEST_STEP][PASSED] - verifyTextPresent("Amount", true): Text 'Amount' is present on page  using regular expression

2022-06-30 22:24:36 - [MESSAGE][PASSED] - Text 'Amount' is present on page  using regular expression

2022-06-30 22:24:36 - [TEST_STEP][PASSED] - verifyTextPresent("2.50", true): Text '2.50' is present on page  using regular expression

2022-06-30 22:24:36 - [MESSAGE][PASSED] - Text '2.50' is present on page  using regular expression

2022-06-30 22:24:36 - [TEST_STEP][PASSED] - verifyTextPresent("Authorization and Capture", true): Text 'Authorization and Capture' is present on page  using regular expression

2022-06-30 22:24:37 - [MESSAGE][PASSED] - Text 'Authorization and Capture' is present on page  using regular expression

2022-06-30 22:24:37 - [TEST_STEP][PASSED] - verifyTextPresent("Card Information", true): Text 'Card Information' is present on page  using regular expression

2022-06-30 22:24:37 - [MESSAGE][PASSED] - Text 'Card Information' is present on page  using regular expression

2022-06-30 22:24:37 - [TEST_STEP][PASSED] - verifyTextPresent("TANDON RAVENA", true): Text 'TANDON RAVENA' is present on page  using regular expression

2022-06-30 22:24:37 - [MESSAGE][PASSED] - Text 'TANDON RAVENA' is present on page  using regular expression

2022-06-30 22:24:37 - [TEST_STEP][PASSED] - verifyTextPresent("Address Line 1", true): Text 'Address Line 1' is present on page  using regular expression

2022-06-30 22:24:38 - [MESSAGE][PASSED] - Text 'Address Line 1' is present on page  using regular expression

2022-06-30 22:24:38 - [TEST_STEP][PASSED] - verifyTextPresent("Address Line 2", true): Text 'Address Line 2' is present on page  using regular expression

2022-06-30 22:24:38 - [MESSAGE][PASSED] - Text 'Address Line 2' is present on page  using regular expression

2022-06-30 22:24:38 - [TEST_STEP][PASSED] - verifyTextPresent("Country", true): Text 'Country' is present on page  using regular expression

2022-06-30 22:24:38 - [MESSAGE][PASSED] - Text 'Country' is present on page  using regular expression

2022-06-30 22:24:38 - [TEST_STEP][PASSED] - verifyTextPresent("City", true): Text 'City' is present on page  using regular expression

2022-06-30 22:24:39 - [MESSAGE][PASSED] - Text 'City' is present on page  using regular expression

2022-06-30 22:24:39 - [TEST_STEP][PASSED] - verifyTextPresent("State", true): Text 'State' is present on page  using regular expression

2022-06-30 22:24:39 - [MESSAGE][PASSED] - Text 'State' is present on page  using regular expression

2022-06-30 22:24:39 - [TEST_STEP][PASSED] - verifyTextPresent("ZIP Code", true): Text 'ZIP Code' is present on page  using regular expression

2022-06-30 22:24:39 - [MESSAGE][PASSED] - Text 'ZIP Code' is present on page  using regular expression

2022-06-30 22:24:39 - [TEST_STEP][PASSED] - verifyTextPresent("248 PhoolKaante road", true): Text '248 PhoolKaante road' is present on page  using regular expression

2022-06-30 22:24:40 - [MESSAGE][PASSED] - Text '248 PhoolKaante road' is present on page  using regular expression

2022-06-30 22:24:40 - [TEST_STEP][PASSED] - verifyTextPresent("Suite 678", true): Text 'Suite 678' is present on page  using regular expression

2022-06-30 22:24:40 - [MESSAGE][PASSED] - Text 'Suite 678' is present on page  using regular expression

2022-06-30 22:24:40 - [TEST_STEP][PASSED] - verifyTextPresent("United States", true): Text 'United States' is present on page  using regular expression

2022-06-30 22:24:40 - [MESSAGE][PASSED] - Text 'United States' is present on page  using regular expression

2022-06-30 22:24:40 - [TEST_STEP][PASSED] - verifyTextPresent("ARLINGTON", true): Text 'ARLINGTON' is present on page  using regular expression

2022-06-30 22:24:41 - [MESSAGE][PASSED] - Text 'ARLINGTON' is present on page  using regular expression

2022-06-30 22:24:41 - [TEST_STEP][PASSED] - verifyTextPresent("VA", true): Text 'VA' is present on page  using regular expression

2022-06-30 22:24:41 - [MESSAGE][PASSED] - Text 'VA' is present on page  using regular expression

2022-06-30 22:24:41 - [TEST_STEP][PASSED] - verifyTextPresent("22201", true): Text '22201' is present on page  using regular expression

2022-06-30 22:24:41 - [MESSAGE][PASSED] - Text '22201' is present on page  using regular expression

2022-06-30 22:24:41 - [TEST_STEP][PASSED] - cardTypeV = findTestData(dataFile).getValue("CardType", row): null

2022-06-30 22:24:42 - [TEST_STEP][PASSED] - last4V = findTestData(dataFile).getValue("Last4", row): null

2022-06-30 22:24:42 - [TEST_STEP][PASSED] - verifyTextPresent(cardTypeV, true): Text 'Discover' is present on page  using regular expression

2022-06-30 22:24:42 - [MESSAGE][PASSED] - Text 'Discover' is present on page  using regular expression

2022-06-30 22:24:42 - [TEST_STEP][PASSED] - verifyTextPresent(last4V, true): Text '6909' is present on page  using regular expression

2022-06-30 22:24:42 - [MESSAGE][PASSED] - Text '6909' is present on page  using regular expression

2022-06-30 22:24:42 - [TEST_STEP][PASSED] - switch (appName): null

2022-06-30 22:24:42 - [TEST_STEP][PASSED] - case "a_Access AutoSingleCFtpQA":: null

2022-06-30 22:24:42 - [TEST_STEP][PASSED] - verifyTextPresent("5.00", true): Text '5.00' is present on page  using regular expression

2022-06-30 22:24:43 - [MESSAGE][PASSED] - Text '5.00' is present on page  using regular expression

2022-06-30 22:24:43 - [TEST_STEP][PASSED] - verifyTextPresent("Single Transaction", true): Text 'Single Transaction' is present on page  using regular expression

2022-06-30 22:24:43 - [MESSAGE][PASSED] - Text 'Single Transaction' is present on page  using regular expression

2022-06-30 22:24:43 - [TEST_STEP][PASSED] - verifyTextPresent("7.50", true): Text '7.50' is present on page  using regular expression

2022-06-30 22:24:43 - [MESSAGE][PASSED] - Text '7.50' is present on page  using regular expression

2022-06-30 22:24:43 - [TEST_STEP][PASSED] - verifyTextPresent("Total Amount", true): Text 'Total Amount' is present on page  using regular expression

2022-06-30 22:24:43 - [MESSAGE][PASSED] - Text 'Total Amount' is present on page  using regular expression

2022-06-30 22:24:43 - [TEST_STEP][PASSED] - verifyTextPresent("Transaction Type", true): Text 'Transaction Type' is present on page  using regular expression

2022-06-30 22:24:44 - [MESSAGE][PASSED] - Text 'Transaction Type' is present on page  using regular expression

2022-06-30 22:24:44 - [TEST_STEP][PASSED] - break: null

2022-06-30 22:24:44 - [TEST_STEP][PASSED] - closeBrowser(): Browser is closed

2022-06-30 22:24:45 - [MESSAGE][PASSED] - Browser is closed

2022-06-30 22:24:45 - [TEST_STEP][PASSED] - ExecuteTC = findTestData(dataFile).getValue("Execute", row): null

2022-06-30 22:24:45 - [TEST_STEP][PASSED] - out.println("Value of Execute is : " + ExecuteTC): null

2022-06-30 22:24:45 - [TEST_STEP][PASSED] - switch (executionProfile): null

2022-06-30 22:24:45 - [TEST_STEP][PASSED] - case "QAProfile":: null

2022-06-30 22:24:45 - [TEST_STEP][PASSED] - appName = findTestData(dataFile).getValue("AppNameQA", row): null

2022-06-30 22:24:45 - [TEST_STEP][PASSED] - appID = findTestData(dataFile).getValue("AppIDQA", row): null

2022-06-30 22:24:45 - [TEST_STEP][PASSED] - break: null

2022-06-30 22:24:45 - [TEST_STEP][PASSED] - if (ExecuteTC.equalsIgnoreCase("Y")): null

2022-06-30 22:24:45 - [TEST_STEP][PASSED] - out.println("Begin Record Number: " + row): null

2022-06-30 22:24:45 - [TEST_STEP][PASSED] - today = new java.util.Date(): null

2022-06-30 22:24:45 - [TEST_STEP][PASSED] - println(today): null

2022-06-30 22:24:45 - [TEST_STEP][PASSED] - datText = today: null

2022-06-30 22:24:45 - [TEST_STEP][PASSED] - adminSuiteBootstrap.loginFunctionality.login_AdminSuite(): adminSuiteBootstrap.loginFunctionality.login_AdminSuite is PASSED

2022-06-30 22:24:45 - [MESSAGE][INFO] - Starting 'Chrome' driver

2022-06-30 22:24:45 - [MESSAGE][INFO] - User set preference: ['acceptInsecureCerts', 'true']

2022-06-30 22:24:45 - [MESSAGE][INFO] - Action delay is set to 0 milliseconds

2022-06-30 22:24:49 - [MESSAGE][PASSED] - Browser is opened with url: 'https://qa.velocitypayment.com/admin/imtiaz'

2022-06-30 22:24:49 - [MESSAGE][PASSED] - Current window maximized

2022-06-30 22:24:50 - [MESSAGE][PASSED] - Object 'Object Repository/Login_Page/Login_Username' is present

2022-06-30 22:24:51 - [MESSAGE][PASSED] - Text 'iahmed' is set on object 'Object Repository/Login_Page/Login_Username'

2022-06-30 22:24:51 - [MESSAGE][PASSED] - Text 'hello2222' is set on object 'Object Repository/Login_Page/Login_Password'

2022-06-30 22:24:55 - [MESSAGE][PASSED] - Object: 'Object Repository/Login_Page/Login_Submit' is clicked on

2022-06-30 22:24:55 - [MESSAGE][PASSED] - adminSuiteBootstrap.loginFunctionality.login_AdminSuite is PASSED

2022-06-30 22:24:55 - [TEST_STEP][PASSED] - click(findTestObject(path_Dashboard + appName)): Object: 'Object Repository/AdminSuiteBootstrap_Pages/Dashboard_Bootstrap/a_Access AutoSingleCFtpQA' is clicked on

2022-06-30 22:24:57 - [MESSAGE][PASSED] - Object: 'Object Repository/AdminSuiteBootstrap_Pages/Dashboard_Bootstrap/a_Access AutoSingleCFtpQA' is clicked on

2022-06-30 22:24:57 - [TEST_STEP][PASSED] - click(findTestObject(path_VT + "a_Find Profile")): Object: 'Object Repository/AdminSuiteBootstrap_Pages/VT_Bootstrap/IssueTransactions/a_Find Profile' is clicked on

2022-06-30 22:24:57 - [MESSAGE][PASSED] - Object: 'Object Repository/AdminSuiteBootstrap_Pages/VT_Bootstrap/IssueTransactions/a_Find Profile' is clicked on

2022-06-30 22:24:57 - [TEST_STEP][PASSED] - criteria = <not implemented yet for class: org.codehaus.groovy.ast.expr.EmptyExpression>: null

2022-06-30 22:24:57 - [TEST_STEP][PASSED] - searchBy = <not implemented yet for class: org.codehaus.groovy.ast.expr.EmptyExpression>: null

2022-06-30 22:24:57 - [TEST_STEP][PASSED] - criteria = findTestData(dataFile).getValue("ProfileName", row): null

2022-06-30 22:24:57 - [TEST_STEP][PASSED] - path_SearchProfile = "Object Repository/AdminSuiteBootstrap_Pages/VSP_Bootstrap/SearchProfile/": null

2022-06-30 22:24:57 - [TEST_STEP][PASSED] - setText(findTestObject(path_SearchProfile + "input_Criteria"), criteria): Text 'PaymentsVisa' is set on object 'Object Repository/AdminSuiteBootstrap_Pages/VSP_Bootstrap/SearchProfile/input_Criteria'

2022-06-30 22:24:58 - [MESSAGE][PASSED] - Text 'PaymentsVisa' is set on object 'Object Repository/AdminSuiteBootstrap_Pages/VSP_Bootstrap/SearchProfile/input_Criteria'

2022-06-30 22:24:58 - [TEST_STEP][PASSED] - click(findTestObject(path_SearchProfile + "button_Search")): Object: 'Object Repository/AdminSuiteBootstrap_Pages/VSP_Bootstrap/SearchProfile/button_Search' is clicked on

2022-06-30 22:24:59 - [MESSAGE][PASSED] - Object: 'Object Repository/AdminSuiteBootstrap_Pages/VSP_Bootstrap/SearchProfile/button_Search' is clicked on

2022-06-30 22:24:59 - [TEST_STEP][PASSED] - profNameLink = findTestData(dataFile).getValue("ProfileNameLink", row): null

2022-06-30 22:24:59 - [TEST_STEP][PASSED] - click(findTestObject(path_ViewProfile + profNameLink)): Object: 'Object Repository/AdminSuiteBootstrap_Pages/VSP_Bootstrap/View Profile/a_PaymentsVisa' is clicked on

2022-06-30 22:25:01 - [MESSAGE][PASSED] - Object: 'Object Repository/AdminSuiteBootstrap_Pages/VSP_Bootstrap/View Profile/a_PaymentsVisa' is clicked on

2022-06-30 22:25:01 - [TEST_STEP][PASSED] - click(findTestObject(path_ViewProfile + "a_AuthCap")): Object: 'Object Repository/AdminSuiteBootstrap_Pages/VSP_Bootstrap/View Profile/a_AuthCap' is clicked on

2022-06-30 22:25:03 - [MESSAGE][PASSED] - Object: 'Object Repository/AdminSuiteBootstrap_Pages/VSP_Bootstrap/View Profile/a_AuthCap' is clicked on

2022-06-30 22:25:03 - [TEST_STEP][PASSED] - verifyTextPresent("Credit Card Authorization Capture", true): Text 'Credit Card Authorization Capture' is present on page  using regular expression

2022-06-30 22:25:04 - [MESSAGE][PASSED] - Text 'Credit Card Authorization Capture' is present on page  using regular expression

2022-06-30 22:25:04 - [TEST_STEP][PASSED] - verifyTextPresent("Sale", true): Text 'Sale' is present on page  using regular expression

2022-06-30 22:25:04 - [MESSAGE][PASSED] - Text 'Sale' is present on page  using regular expression

2022-06-30 22:25:04 - [TEST_STEP][PASSED] - verifyTextPresent("Required fields are highlighted with an asterisk", true): Text 'Required fields are highlighted with an asterisk' is present on page  using regular expression

2022-06-30 22:25:04 - [MESSAGE][PASSED] - Text 'Required fields are highlighted with an asterisk' is present on page  using regular expression

2022-06-30 22:25:04 - [TEST_STEP][PASSED] - verifyTextPresent("Remittance ID", true): Text 'Remittance ID' is present on page  using regular expression

2022-06-30 22:25:05 - [MESSAGE][PASSED] - Text 'Remittance ID' is present on page  using regular expression

2022-06-30 22:25:05 - [TEST_STEP][PASSED] - vspBootstrap.SalePage.setDataSaleAndAuth(row, dataFile): vspBootstrap.SalePage.setDataSaleAndAuth is PASSED

2022-06-30 22:25:06 - [MESSAGE][PASSED] - All options with value 'RETL' are selected in object 'Object Repository/AdminSuiteBootstrap_Pages/VSP_Bootstrap/VSP_Authcap/select_TransactionCategory'  using regular expression

2022-06-30 22:25:07 - [MESSAGE][PASSED] - Text '123' is set on object 'Object Repository/AdminSuiteBootstrap_Pages/VSP_Bootstrap/VSP_Authcap/input_cvv'

2022-06-30 22:25:07 - [MESSAGE][PASSED] - Text '' is set on object 'Object Repository/AdminSuiteBootstrap_Pages/VSP_Bootstrap/VSP_Authcap/input_smsNumber'

2022-06-30 22:25:08 - [MESSAGE][PASSED] - Text '2.50' is set on object 'Object Repository/AdminSuiteBootstrap_Pages/VSP_Bootstrap/VSP_Authcap/input_amount'

2022-06-30 22:25:09 - [MESSAGE][PASSED] - Text 'Delhi' is set on object 'Object Repository/AdminSuiteBootstrap_Pages/VSP_Bootstrap/VSP_Authcap/input_userDefined1'

2022-06-30 22:25:10 - [MESSAGE][PASSED] - Text 'Chennai' is set on object 'Object Repository/AdminSuiteBootstrap_Pages/VSP_Bootstrap/VSP_Authcap/input_userDefined2'

2022-06-30 22:25:10 - [MESSAGE][PASSED] - Text 'Mumbai' is set on object 'Object Repository/AdminSuiteBootstrap_Pages/VSP_Bootstrap/VSP_Authcap/input_userDefined3'

2022-06-30 22:25:11 - [MESSAGE][PASSED] - Text 'Kanpur' is set on object 'Object Repository/AdminSuiteBootstrap_Pages/VSP_Bootstrap/VSP_Authcap/input_userDefined4'

2022-06-30 22:25:12 - [MESSAGE][PASSED] - All options with label 'Orange' are selected in object 'Object Repository/AdminSuiteBootstrap_Pages/VSP_Bootstrap/VSP_Authcap/select_UDF5'  using regular expression

2022-06-30 22:25:13 - [MESSAGE][PASSED] - All options with label 'Yellow' are selected in object 'Object Repository/AdminSuiteBootstrap_Pages/VSP_Bootstrap/VSP_Authcap/select_UDF6'  using regular expression

2022-06-30 22:25:14 - [MESSAGE][PASSED] - Text 'Kolkata' is set on object 'Object Repository/AdminSuiteBootstrap_Pages/VSP_Bootstrap/VSP_Authcap/input_userDefined7'

2022-06-30 22:25:15 - [MESSAGE][PASSED] - Text 'Pune' is set on object 'Object Repository/AdminSuiteBootstrap_Pages/VSP_Bootstrap/VSP_Authcap/input_userDefined8'

2022-06-30 22:25:15 - [MESSAGE][PASSED] - Text 'Bhavnagar' is set on object 'Object Repository/AdminSuiteBootstrap_Pages/VSP_Bootstrap/VSP_Authcap/input_userDefined9'

2022-06-30 22:25:16 - [MESSAGE][PASSED] - Text 'Noida' is set on object 'Object Repository/AdminSuiteBootstrap_Pages/VSP_Bootstrap/VSP_Authcap/input_userDefined10'

2022-06-30 22:25:18 - [MESSAGE][PASSED] - Object: 'Object Repository/AdminSuiteBootstrap_Pages/VSP_Bootstrap/VSP_Authcap/button_Submit' is clicked on

2022-06-30 22:25:18 - [MESSAGE][PASSED] - vspBootstrap.SalePage.setDataSaleAndAuth is PASSED

2022-06-30 22:25:18 - [TEST_STEP][PASSED] - verifyTextPresent("Transaction Successful", true): Text 'Transaction Successful' is present on page  using regular expression

2022-06-30 22:25:19 - [MESSAGE][PASSED] - Text 'Transaction Successful' is present on page  using regular expression

2022-06-30 22:25:19 - [TEST_STEP][PASSED] - verifyElementVisible(findTestObject("Object Repository/AdminSuiteBootstrap_Pages/VT_Bootstrap/Receipt/button_Continue")): Object 'Object Repository/AdminSuiteBootstrap_Pages/VT_Bootstrap/Receipt/button_Continue' is visible

2022-06-30 22:25:19 - [MESSAGE][PASSED] - Object 'Object Repository/AdminSuiteBootstrap_Pages/VT_Bootstrap/Receipt/button_Continue' is visible

2022-06-30 22:25:19 - [TEST_STEP][PASSED] - verifyElementPresent(findTestObject("Object Repository/AdminSuiteBootstrap_Pages/VT_Bootstrap/Receipt/button_Continue"), 20): Object 'Object Repository/AdminSuiteBootstrap_Pages/VT_Bootstrap/Receipt/button_Continue' is present

2022-06-30 22:25:19 - [MESSAGE][PASSED] - Object 'Object Repository/AdminSuiteBootstrap_Pages/VT_Bootstrap/Receipt/button_Continue' is present

2022-06-30 22:25:19 - [TEST_STEP][PASSED] - verifyElementVisible(findTestObject("Object Repository/AdminSuiteBootstrap_Pages/VT_Bootstrap/Receipt/button_Print")): Object 'Object Repository/AdminSuiteBootstrap_Pages/VT_Bootstrap/Receipt/button_Print' is visible

2022-06-30 22:25:20 - [MESSAGE][PASSED] - Object 'Object Repository/AdminSuiteBootstrap_Pages/VT_Bootstrap/Receipt/button_Print' is visible

2022-06-30 22:25:20 - [TEST_STEP][PASSED] - verifyElementPresent(findTestObject("Object Repository/AdminSuiteBootstrap_Pages/VT_Bootstrap/Receipt/button_Print"), 20): Object 'Object Repository/AdminSuiteBootstrap_Pages/VT_Bootstrap/Receipt/button_Print' is present

2022-06-30 22:25:20 - [MESSAGE][PASSED] - Object 'Object Repository/AdminSuiteBootstrap_Pages/VT_Bootstrap/Receipt/button_Print' is present

2022-06-30 22:25:20 - [TEST_STEP][PASSED] - verifyTextPresent("Remittance ID", true): Text 'Remittance ID' is present on page  using regular expression

2022-06-30 22:25:20 - [MESSAGE][PASSED] - Text 'Remittance ID' is present on page  using regular expression

2022-06-30 22:25:20 - [TEST_STEP][PASSED] - verifyTextPresent("Received", true): Text 'Received' is present on page  using regular expression

2022-06-30 22:25:21 - [MESSAGE][PASSED] - Text 'Received' is present on page  using regular expression

2022-06-30 22:25:21 - [TEST_STEP][PASSED] - verifyTextPresent("UDF1", true): Text 'UDF1' is present on page  using regular expression

2022-06-30 22:25:21 - [MESSAGE][PASSED] - Text 'UDF1' is present on page  using regular expression

2022-06-30 22:25:21 - [TEST_STEP][PASSED] - verifyTextPresent("UDF2", true): Text 'UDF2' is present on page  using regular expression

2022-06-30 22:25:21 - [MESSAGE][PASSED] - Text 'UDF2' is present on page  using regular expression

2022-06-30 22:25:21 - [TEST_STEP][PASSED] - verifyTextPresent("UDF3", true): Text 'UDF3' is present on page  using regular expression

2022-06-30 22:25:22 - [MESSAGE][PASSED] - Text 'UDF3' is present on page  using regular expression

2022-06-30 22:25:22 - [TEST_STEP][PASSED] - verifyTextPresent("UDF4", true): Text 'UDF4' is present on page  using regular expression

2022-06-30 22:25:22 - [MESSAGE][PASSED] - Text 'UDF4' is present on page  using regular expression

2022-06-30 22:25:22 - [TEST_STEP][PASSED] - verifyTextPresent("UDF5", true): Text 'UDF5' is present on page  using regular expression

2022-06-30 22:25:22 - [MESSAGE][PASSED] - Text 'UDF5' is present on page  using regular expression

2022-06-30 22:25:22 - [TEST_STEP][PASSED] - verifyTextPresent("UDF6", true): Text 'UDF6' is present on page  using regular expression

2022-06-30 22:25:23 - [MESSAGE][PASSED] - Text 'UDF6' is present on page  using regular expression

2022-06-30 22:25:23 - [TEST_STEP][PASSED] - verifyTextPresent("UDF7", true): Text 'UDF7' is present on page  using regular expression

2022-06-30 22:25:23 - [MESSAGE][PASSED] - Text 'UDF7' is present on page  using regular expression

2022-06-30 22:25:23 - [TEST_STEP][PASSED] - verifyTextPresent("UDF8", true): Text 'UDF8' is present on page  using regular expression

2022-06-30 22:25:23 - [MESSAGE][PASSED] - Text 'UDF8' is present on page  using regular expression

2022-06-30 22:25:23 - [TEST_STEP][PASSED] - verifyTextPresent("UDF9", true): Text 'UDF9' is present on page  using regular expression

2022-06-30 22:25:24 - [MESSAGE][PASSED] - Text 'UDF9' is present on page  using regular expression

2022-06-30 22:25:24 - [TEST_STEP][PASSED] - verifyTextPresent("UDF 10", true): Text 'UDF 10' is present on page  using regular expression

2022-06-30 22:25:24 - [MESSAGE][PASSED] - Text 'UDF 10' is present on page  using regular expression

2022-06-30 22:25:24 - [TEST_STEP][PASSED] - verifyTextPresent("Delhi", true): Text 'Delhi' is present on page  using regular expression

2022-06-30 22:25:24 - [MESSAGE][PASSED] - Text 'Delhi' is present on page  using regular expression

2022-06-30 22:25:24 - [TEST_STEP][PASSED] - verifyTextPresent("Chennai", true): Text 'Chennai' is present on page  using regular expression

2022-06-30 22:25:25 - [MESSAGE][PASSED] - Text 'Chennai' is present on page  using regular expression

2022-06-30 22:25:25 - [TEST_STEP][PASSED] - verifyTextPresent("Mumbai", true): Text 'Mumbai' is present on page  using regular expression

2022-06-30 22:25:25 - [MESSAGE][PASSED] - Text 'Mumbai' is present on page  using regular expression

2022-06-30 22:25:25 - [TEST_STEP][PASSED] - verifyTextPresent("Kanpur", true): Text 'Kanpur' is present on page  using regular expression

2022-06-30 22:25:25 - [MESSAGE][PASSED] - Text 'Kanpur' is present on page  using regular expression

2022-06-30 22:25:25 - [TEST_STEP][PASSED] - verifyTextPresent("Orange Recorded", true): Text 'Orange Recorded' is present on page  using regular expression

2022-06-30 22:25:26 - [MESSAGE][PASSED] - Text 'Orange Recorded' is present on page  using regular expression

2022-06-30 22:25:26 - [TEST_STEP][PASSED] - verifyTextPresent("Yellow Recorded", true): Text 'Yellow Recorded' is present on page  using regular expression

2022-06-30 22:25:26 - [MESSAGE][PASSED] - Text 'Yellow Recorded' is present on page  using regular expression

2022-06-30 22:25:26 - [TEST_STEP][PASSED] - verifyTextPresent("Kolkata", true): Text 'Kolkata' is present on page  using regular expression

2022-06-30 22:25:26 - [MESSAGE][PASSED] - Text 'Kolkata' is present on page  using regular expression

2022-06-30 22:25:26 - [TEST_STEP][PASSED] - verifyTextPresent("Pune", true): Text 'Pune' is present on page  using regular expression

2022-06-30 22:25:27 - [MESSAGE][PASSED] - Text 'Pune' is present on page  using regular expression

2022-06-30 22:25:27 - [TEST_STEP][PASSED] - verifyTextPresent("Bhavnagar", true): Text 'Bhavnagar' is present on page  using regular expression

2022-06-30 22:25:27 - [MESSAGE][PASSED] - Text 'Bhavnagar' is present on page  using regular expression

2022-06-30 22:25:27 - [TEST_STEP][PASSED] - verifyTextPresent("Noida", true): Text 'Noida' is present on page  using regular expression

2022-06-30 22:25:27 - [MESSAGE][PASSED] - Text 'Noida' is present on page  using regular expression

2022-06-30 22:25:27 - [TEST_STEP][PASSED] - verifyTextPresent("Amount", true): Text 'Amount' is present on page  using regular expression

2022-06-30 22:25:28 - [MESSAGE][PASSED] - Text 'Amount' is present on page  using regular expression

2022-06-30 22:25:28 - [TEST_STEP][PASSED] - verifyTextPresent("2.50", true): Text '2.50' is present on page  using regular expression

2022-06-30 22:25:28 - [MESSAGE][PASSED] - Text '2.50' is present on page  using regular expression

2022-06-30 22:25:28 - [TEST_STEP][PASSED] - verifyTextPresent("Authorization and Capture", true): Text 'Authorization and Capture' is present on page  using regular expression

2022-06-30 22:25:28 - [MESSAGE][PASSED] - Text 'Authorization and Capture' is present on page  using regular expression

2022-06-30 22:25:28 - [TEST_STEP][PASSED] - verifyTextPresent("Card Information", true): Text 'Card Information' is present on page  using regular expression

2022-06-30 22:25:29 - [MESSAGE][PASSED] - Text 'Card Information' is present on page  using regular expression

2022-06-30 22:25:29 - [TEST_STEP][PASSED] - verifyTextPresent("TANDON RAVENA", true): Text 'TANDON RAVENA' is present on page  using regular expression

2022-06-30 22:25:29 - [MESSAGE][PASSED] - Text 'TANDON RAVENA' is present on page  using regular expression

2022-06-30 22:25:29 - [TEST_STEP][PASSED] - verifyTextPresent("Address Line 1", true): Text 'Address Line 1' is present on page  using regular expression

2022-06-30 22:25:29 - [MESSAGE][PASSED] - Text 'Address Line 1' is present on page  using regular expression

2022-06-30 22:25:29 - [TEST_STEP][PASSED] - verifyTextPresent("Address Line 2", true): Text 'Address Line 2' is present on page  using regular expression

2022-06-30 22:25:30 - [MESSAGE][PASSED] - Text 'Address Line 2' is present on page  using regular expression

2022-06-30 22:25:30 - [TEST_STEP][PASSED] - verifyTextPresent("Country", true): Text 'Country' is present on page  using regular expression

2022-06-30 22:25:30 - [MESSAGE][PASSED] - Text 'Country' is present on page  using regular expression

2022-06-30 22:25:30 - [TEST_STEP][PASSED] - verifyTextPresent("City", true): Text 'City' is present on page  using regular expression

2022-06-30 22:25:30 - [MESSAGE][PASSED] - Text 'City' is present on page  using regular expression

2022-06-30 22:25:30 - [TEST_STEP][PASSED] - verifyTextPresent("State", true): Text 'State' is present on page  using regular expression

2022-06-30 22:25:31 - [MESSAGE][PASSED] - Text 'State' is present on page  using regular expression

2022-06-30 22:25:31 - [TEST_STEP][PASSED] - verifyTextPresent("ZIP Code", true): Text 'ZIP Code' is present on page  using regular expression

2022-06-30 22:25:31 - [MESSAGE][PASSED] - Text 'ZIP Code' is present on page  using regular expression

2022-06-30 22:25:31 - [TEST_STEP][PASSED] - verifyTextPresent("248 PhoolKaante road", true): Text '248 PhoolKaante road' is present on page  using regular expression

2022-06-30 22:25:31 - [MESSAGE][PASSED] - Text '248 PhoolKaante road' is present on page  using regular expression

2022-06-30 22:25:31 - [TEST_STEP][PASSED] - verifyTextPresent("Suite 678", true): Text 'Suite 678' is present on page  using regular expression

2022-06-30 22:25:32 - [MESSAGE][PASSED] - Text 'Suite 678' is present on page  using regular expression

2022-06-30 22:25:32 - [TEST_STEP][PASSED] - verifyTextPresent("United States", true): Text 'United States' is present on page  using regular expression

2022-06-30 22:25:32 - [MESSAGE][PASSED] - Text 'United States' is present on page  using regular expression

2022-06-30 22:25:32 - [TEST_STEP][PASSED] - verifyTextPresent("ARLINGTON", true): Text 'ARLINGTON' is present on page  using regular expression

2022-06-30 22:25:32 - [MESSAGE][PASSED] - Text 'ARLINGTON' is present on page  using regular expression

2022-06-30 22:25:32 - [TEST_STEP][PASSED] - verifyTextPresent("VA", true): Text 'VA' is present on page  using regular expression

2022-06-30 22:25:32 - [MESSAGE][PASSED] - Text 'VA' is present on page  using regular expression

2022-06-30 22:25:32 - [TEST_STEP][PASSED] - verifyTextPresent("22201", true): Text '22201' is present on page  using regular expression

2022-06-30 22:25:33 - [MESSAGE][PASSED] - Text '22201' is present on page  using regular expression

2022-06-30 22:25:33 - [TEST_STEP][PASSED] - cardTypeV = findTestData(dataFile).getValue("CardType", row): null

2022-06-30 22:25:33 - [TEST_STEP][PASSED] - last4V = findTestData(dataFile).getValue("Last4", row): null

2022-06-30 22:25:33 - [TEST_STEP][PASSED] - verifyTextPresent(cardTypeV, true): Text 'Visa' is present on page  using regular expression

2022-06-30 22:25:33 - [MESSAGE][PASSED] - Text 'Visa' is present on page  using regular expression

2022-06-30 22:25:33 - [TEST_STEP][PASSED] - verifyTextPresent(last4V, true): Text '5439' is present on page  using regular expression

2022-06-30 22:25:34 - [MESSAGE][PASSED] - Text '5439' is present on page  using regular expression

2022-06-30 22:25:34 - [TEST_STEP][PASSED] - switch (appName): null

2022-06-30 22:25:34 - [TEST_STEP][PASSED] - case "a_Access AutoSingleCFtpQA":: null

2022-06-30 22:25:34 - [TEST_STEP][PASSED] - verifyTextPresent("5.00", true): Text '5.00' is present on page  using regular expression

2022-06-30 22:25:34 - [MESSAGE][PASSED] - Text '5.00' is present on page  using regular expression

2022-06-30 22:25:34 - [TEST_STEP][PASSED] - verifyTextPresent("Single Transaction", true): Text 'Single Transaction' is present on page  using regular expression

2022-06-30 22:25:34 - [MESSAGE][PASSED] - Text 'Single Transaction' is present on page  using regular expression

2022-06-30 22:25:34 - [TEST_STEP][PASSED] - verifyTextPresent("7.50", true): Text '7.50' is present on page  using regular expression

2022-06-30 22:25:35 - [MESSAGE][PASSED] - Text '7.50' is present on page  using regular expression

2022-06-30 22:25:35 - [TEST_STEP][PASSED] - verifyTextPresent("Total Amount", true): Text 'Total Amount' is present on page  using regular expression

2022-06-30 22:25:35 - [MESSAGE][PASSED] - Text 'Total Amount' is present on page  using regular expression

2022-06-30 22:25:35 - [TEST_STEP][PASSED] - verifyTextPresent("Transaction Type", true): Text 'Transaction Type' is present on page  using regular expression

2022-06-30 22:25:35 - [MESSAGE][PASSED] - Text 'Transaction Type' is present on page  using regular expression

2022-06-30 22:25:35 - [TEST_STEP][PASSED] - break: null

2022-06-30 22:25:35 - [TEST_STEP][PASSED] - closeBrowser(): Browser is closed

2022-06-30 22:25:36 - [MESSAGE][PASSED] - Browser is closed

2022-06-30 22:25:36 - [TEST_STEP][PASSED] - ExecuteTC = findTestData(dataFile).getValue("Execute", row): null

2022-06-30 22:25:36 - [TEST_STEP][PASSED] - out.println("Value of Execute is : " + ExecuteTC): null

2022-06-30 22:25:36 - [TEST_STEP][PASSED] - switch (executionProfile): null

2022-06-30 22:25:36 - [TEST_STEP][PASSED] - case "QAProfile":: null

2022-06-30 22:25:36 - [TEST_STEP][PASSED] - appName = findTestData(dataFile).getValue("AppNameQA", row): null

2022-06-30 22:25:36 - [TEST_STEP][PASSED] - appID = findTestData(dataFile).getValue("AppIDQA", row): null

2022-06-30 22:25:36 - [TEST_STEP][PASSED] - break: null

2022-06-30 22:25:36 - [TEST_STEP][PASSED] - if (ExecuteTC.equalsIgnoreCase("Y")): null

2022-06-30 22:25:36 - [TEST_STEP][PASSED] - out.println("Begin Record Number: " + row): null

2022-06-30 22:25:36 - [TEST_STEP][PASSED] - today = new java.util.Date(): null

2022-06-30 22:25:36 - [TEST_STEP][PASSED] - println(today): null

2022-06-30 22:25:36 - [TEST_STEP][PASSED] - datText = today: null

2022-06-30 22:25:36 - [TEST_STEP][PASSED] - adminSuiteBootstrap.loginFunctionality.login_AdminSuite(): adminSuiteBootstrap.loginFunctionality.login_AdminSuite is PASSED

2022-06-30 22:25:36 - [MESSAGE][INFO] - Starting 'Chrome' driver

2022-06-30 22:25:36 - [MESSAGE][INFO] - User set preference: ['acceptInsecureCerts', 'true']

2022-06-30 22:25:36 - [MESSAGE][INFO] - Action delay is set to 0 milliseconds

2022-06-30 22:25:40 - [MESSAGE][PASSED] - Browser is opened with url: 'https://qa.velocitypayment.com/admin/imtiaz'

2022-06-30 22:25:40 - [MESSAGE][PASSED] - Current window maximized

2022-06-30 22:25:40 - [MESSAGE][PASSED] - Object 'Object Repository/Login_Page/Login_Username' is present

2022-06-30 22:25:41 - [MESSAGE][PASSED] - Text 'iahmed' is set on object 'Object Repository/Login_Page/Login_Username'

2022-06-30 22:25:42 - [MESSAGE][PASSED] - Text 'hello2222' is set on object 'Object Repository/Login_Page/Login_Password'

2022-06-30 22:25:46 - [MESSAGE][PASSED] - Object: 'Object Repository/Login_Page/Login_Submit' is clicked on

2022-06-30 22:25:46 - [MESSAGE][PASSED] - adminSuiteBootstrap.loginFunctionality.login_AdminSuite is PASSED

2022-06-30 22:25:46 - [TEST_STEP][PASSED] - click(findTestObject(path_Dashboard + appName)): Object: 'Object Repository/AdminSuiteBootstrap_Pages/Dashboard_Bootstrap/a_Access AutoSingleCFtpQA' is clicked on

2022-06-30 22:25:47 - [MESSAGE][PASSED] - Object: 'Object Repository/AdminSuiteBootstrap_Pages/Dashboard_Bootstrap/a_Access AutoSingleCFtpQA' is clicked on

2022-06-30 22:25:47 - [TEST_STEP][PASSED] - click(findTestObject(path_VT + "a_Find Profile")): Object: 'Object Repository/AdminSuiteBootstrap_Pages/VT_Bootstrap/IssueTransactions/a_Find Profile' is clicked on

2022-06-30 22:25:47 - [MESSAGE][PASSED] - Object: 'Object Repository/AdminSuiteBootstrap_Pages/VT_Bootstrap/IssueTransactions/a_Find Profile' is clicked on

2022-06-30 22:25:47 - [TEST_STEP][PASSED] - criteria = <not implemented yet for class: org.codehaus.groovy.ast.expr.EmptyExpression>: null

2022-06-30 22:25:47 - [TEST_STEP][PASSED] - searchBy = <not implemented yet for class: org.codehaus.groovy.ast.expr.EmptyExpression>: null

2022-06-30 22:25:47 - [TEST_STEP][PASSED] - criteria = findTestData(dataFile).getValue("ProfileName", row): null

2022-06-30 22:25:47 - [TEST_STEP][PASSED] - path_SearchProfile = "Object Repository/AdminSuiteBootstrap_Pages/VSP_Bootstrap/SearchProfile/": null

2022-06-30 22:25:47 - [TEST_STEP][PASSED] - setText(findTestObject(path_SearchProfile + "input_Criteria"), criteria): Text 'PaymentsMC' is set on object 'Object Repository/AdminSuiteBootstrap_Pages/VSP_Bootstrap/SearchProfile/input_Criteria'

2022-06-30 22:25:48 - [MESSAGE][PASSED] - Text 'PaymentsMC' is set on object 'Object Repository/AdminSuiteBootstrap_Pages/VSP_Bootstrap/SearchProfile/input_Criteria'

2022-06-30 22:25:48 - [TEST_STEP][PASSED] - click(findTestObject(path_SearchProfile + "button_Search")): Object: 'Object Repository/AdminSuiteBootstrap_Pages/VSP_Bootstrap/SearchProfile/button_Search' is clicked on

2022-06-30 22:25:50 - [MESSAGE][PASSED] - Object: 'Object Repository/AdminSuiteBootstrap_Pages/VSP_Bootstrap/SearchProfile/button_Search' is clicked on

2022-06-30 22:25:50 - [TEST_STEP][PASSED] - profNameLink = findTestData(dataFile).getValue("ProfileNameLink", row): null

2022-06-30 22:25:50 - [TEST_STEP][PASSED] - click(findTestObject(path_ViewProfile + profNameLink)): Object: 'Object Repository/AdminSuiteBootstrap_Pages/VSP_Bootstrap/View Profile/a_PaymentsMC' is clicked on

2022-06-30 22:25:52 - [MESSAGE][PASSED] - Object: 'Object Repository/AdminSuiteBootstrap_Pages/VSP_Bootstrap/View Profile/a_PaymentsMC' is clicked on

2022-06-30 22:25:52 - [TEST_STEP][PASSED] - click(findTestObject(path_ViewProfile + "a_AuthCap")): Object: 'Object Repository/AdminSuiteBootstrap_Pages/VSP_Bootstrap/View Profile/a_AuthCap' is clicked on

2022-06-30 22:25:54 - [MESSAGE][PASSED] - Object: 'Object Repository/AdminSuiteBootstrap_Pages/VSP_Bootstrap/View Profile/a_AuthCap' is clicked on

2022-06-30 22:25:54 - [TEST_STEP][PASSED] - verifyTextPresent("Credit Card Authorization Capture", true): Text 'Credit Card Authorization Capture' is present on page  using regular expression

2022-06-30 22:25:55 - [MESSAGE][PASSED] - Text 'Credit Card Authorization Capture' is present on page  using regular expression

2022-06-30 22:25:55 - [TEST_STEP][PASSED] - verifyTextPresent("Sale", true): Text 'Sale' is present on page  using regular expression

2022-06-30 22:25:55 - [MESSAGE][PASSED] - Text 'Sale' is present on page  using regular expression

2022-06-30 22:25:55 - [TEST_STEP][PASSED] - verifyTextPresent("Required fields are highlighted with an asterisk", true): Text 'Required fields are highlighted with an asterisk' is present on page  using regular expression

2022-06-30 22:25:55 - [MESSAGE][PASSED] - Text 'Required fields are highlighted with an asterisk' is present on page  using regular expression

2022-06-30 22:25:55 - [TEST_STEP][PASSED] - verifyTextPresent("Remittance ID", true): Text 'Remittance ID' is present on page  using regular expression

2022-06-30 22:25:56 - [MESSAGE][PASSED] - Text 'Remittance ID' is present on page  using regular expression

2022-06-30 22:25:56 - [TEST_STEP][PASSED] - vspBootstrap.SalePage.setDataSaleAndAuth(row, dataFile): vspBootstrap.SalePage.setDataSaleAndAuth is PASSED

2022-06-30 22:25:57 - [MESSAGE][PASSED] - All options with value 'RETL' are selected in object 'Object Repository/AdminSuiteBootstrap_Pages/VSP_Bootstrap/VSP_Authcap/select_TransactionCategory'  using regular expression

2022-06-30 22:25:58 - [MESSAGE][PASSED] - Text '123' is set on object 'Object Repository/AdminSuiteBootstrap_Pages/VSP_Bootstrap/VSP_Authcap/input_cvv'

2022-06-30 22:25:58 - [MESSAGE][PASSED] - Text '' is set on object 'Object Repository/AdminSuiteBootstrap_Pages/VSP_Bootstrap/VSP_Authcap/input_smsNumber'

2022-06-30 22:25:59 - [MESSAGE][PASSED] - Text '2.50' is set on object 'Object Repository/AdminSuiteBootstrap_Pages/VSP_Bootstrap/VSP_Authcap/input_amount'

2022-06-30 22:26:00 - [MESSAGE][PASSED] - Text 'Delhi' is set on object 'Object Repository/AdminSuiteBootstrap_Pages/VSP_Bootstrap/VSP_Authcap/input_userDefined1'

2022-06-30 22:26:01 - [MESSAGE][PASSED] - Text 'Chennai' is set on object 'Object Repository/AdminSuiteBootstrap_Pages/VSP_Bootstrap/VSP_Authcap/input_userDefined2'

2022-06-30 22:26:02 - [MESSAGE][PASSED] - Text 'Mumbai' is set on object 'Object Repository/AdminSuiteBootstrap_Pages/VSP_Bootstrap/VSP_Authcap/input_userDefined3'

2022-06-30 22:26:02 - [MESSAGE][PASSED] - Text 'Kanpur' is set on object 'Object Repository/AdminSuiteBootstrap_Pages/VSP_Bootstrap/VSP_Authcap/input_userDefined4'

2022-06-30 22:26:03 - [MESSAGE][PASSED] - All options with label 'Orange' are selected in object 'Object Repository/AdminSuiteBootstrap_Pages/VSP_Bootstrap/VSP_Authcap/select_UDF5'  using regular expression

2022-06-30 22:26:04 - [MESSAGE][PASSED] - All options with label 'Yellow' are selected in object 'Object Repository/AdminSuiteBootstrap_Pages/VSP_Bootstrap/VSP_Authcap/select_UDF6'  using regular expression

2022-06-30 22:26:05 - [MESSAGE][PASSED] - Text 'Kolkata' is set on object 'Object Repository/AdminSuiteBootstrap_Pages/VSP_Bootstrap/VSP_Authcap/input_userDefined7'

2022-06-30 22:26:05 - [MESSAGE][PASSED] - Text 'Pune' is set on object 'Object Repository/AdminSuiteBootstrap_Pages/VSP_Bootstrap/VSP_Authcap/input_userDefined8'

2022-06-30 22:26:06 - [MESSAGE][PASSED] - Text 'Bhavnagar' is set on object 'Object Repository/AdminSuiteBootstrap_Pages/VSP_Bootstrap/VSP_Authcap/input_userDefined9'

2022-06-30 22:26:07 - [MESSAGE][PASSED] - Text 'Noida' is set on object 'Object Repository/AdminSuiteBootstrap_Pages/VSP_Bootstrap/VSP_Authcap/input_userDefined10'

2022-06-30 22:26:09 - [MESSAGE][PASSED] - Object: 'Object Repository/AdminSuiteBootstrap_Pages/VSP_Bootstrap/VSP_Authcap/button_Submit' is clicked on

2022-06-30 22:26:09 - [MESSAGE][PASSED] - vspBootstrap.SalePage.setDataSaleAndAuth is PASSED

2022-06-30 22:26:09 - [TEST_STEP][PASSED] - verifyTextPresent("Transaction Successful", true): Text 'Transaction Successful' is present on page  using regular expression

2022-06-30 22:26:09 - [MESSAGE][PASSED] - Text 'Transaction Successful' is present on page  using regular expression

2022-06-30 22:26:09 - [TEST_STEP][PASSED] - verifyElementVisible(findTestObject("Object Repository/AdminSuiteBootstrap_Pages/VT_Bootstrap/Receipt/button_Continue")): Object 'Object Repository/AdminSuiteBootstrap_Pages/VT_Bootstrap/Receipt/button_Continue' is visible

2022-06-30 22:26:10 - [MESSAGE][PASSED] - Object 'Object Repository/AdminSuiteBootstrap_Pages/VT_Bootstrap/Receipt/button_Continue' is visible

2022-06-30 22:26:10 - [TEST_STEP][PASSED] - verifyElementPresent(findTestObject("Object Repository/AdminSuiteBootstrap_Pages/VT_Bootstrap/Receipt/button_Continue"), 20): Object 'Object Repository/AdminSuiteBootstrap_Pages/VT_Bootstrap/Receipt/button_Continue' is present

2022-06-30 22:26:10 - [MESSAGE][PASSED] - Object 'Object Repository/AdminSuiteBootstrap_Pages/VT_Bootstrap/Receipt/button_Continue' is present

2022-06-30 22:26:10 - [TEST_STEP][PASSED] - verifyElementVisible(findTestObject("Object Repository/AdminSuiteBootstrap_Pages/VT_Bootstrap/Receipt/button_Print")): Object 'Object Repository/AdminSuiteBootstrap_Pages/VT_Bootstrap/Receipt/button_Print' is visible

2022-06-30 22:26:10 - [MESSAGE][PASSED] - Object 'Object Repository/AdminSuiteBootstrap_Pages/VT_Bootstrap/Receipt/button_Print' is visible

2022-06-30 22:26:10 - [TEST_STEP][PASSED] - verifyElementPresent(findTestObject("Object Repository/AdminSuiteBootstrap_Pages/VT_Bootstrap/Receipt/button_Print"), 20): Object 'Object Repository/AdminSuiteBootstrap_Pages/VT_Bootstrap/Receipt/button_Print' is present

2022-06-30 22:26:11 - [MESSAGE][PASSED] - Object 'Object Repository/AdminSuiteBootstrap_Pages/VT_Bootstrap/Receipt/button_Print' is present

2022-06-30 22:26:11 - [TEST_STEP][PASSED] - verifyTextPresent("Remittance ID", true): Text 'Remittance ID' is present on page  using regular expression

2022-06-30 22:26:11 - [MESSAGE][PASSED] - Text 'Remittance ID' is present on page  using regular expression

2022-06-30 22:26:11 - [TEST_STEP][PASSED] - verifyTextPresent("Received", true): Text 'Received' is present on page  using regular expression

2022-06-30 22:26:11 - [MESSAGE][PASSED] - Text 'Received' is present on page  using regular expression

2022-06-30 22:26:11 - [TEST_STEP][PASSED] - verifyTextPresent("UDF1", true): Text 'UDF1' is present on page  using regular expression

2022-06-30 22:26:12 - [MESSAGE][PASSED] - Text 'UDF1' is present on page  using regular expression

2022-06-30 22:26:12 - [TEST_STEP][PASSED] - verifyTextPresent("UDF2", true): Text 'UDF2' is present on page  using regular expression

2022-06-30 22:26:12 - [MESSAGE][PASSED] - Text 'UDF2' is present on page  using regular expression

2022-06-30 22:26:12 - [TEST_STEP][PASSED] - verifyTextPresent("UDF3", true): Text 'UDF3' is present on page  using regular expression

2022-06-30 22:26:12 - [MESSAGE][PASSED] - Text 'UDF3' is present on page  using regular expression

2022-06-30 22:26:12 - [TEST_STEP][PASSED] - verifyTextPresent("UDF4", true): Text 'UDF4' is present on page  using regular expression

2022-06-30 22:26:13 - [MESSAGE][PASSED] - Text 'UDF4' is present on page  using regular expression

2022-06-30 22:26:13 - [TEST_STEP][PASSED] - verifyTextPresent("UDF5", true): Text 'UDF5' is present on page  using regular expression

2022-06-30 22:26:13 - [MESSAGE][PASSED] - Text 'UDF5' is present on page  using regular expression

2022-06-30 22:26:13 - [TEST_STEP][PASSED] - verifyTextPresent("UDF6", true): Text 'UDF6' is present on page  using regular expression

2022-06-30 22:26:13 - [MESSAGE][PASSED] - Text 'UDF6' is present on page  using regular expression

2022-06-30 22:26:13 - [TEST_STEP][PASSED] - verifyTextPresent("UDF7", true): Text 'UDF7' is present on page  using regular expression

2022-06-30 22:26:14 - [MESSAGE][PASSED] - Text 'UDF7' is present on page  using regular expression

2022-06-30 22:26:14 - [TEST_STEP][PASSED] - verifyTextPresent("UDF8", true): Text 'UDF8' is present on page  using regular expression

2022-06-30 22:26:14 - [MESSAGE][PASSED] - Text 'UDF8' is present on page  using regular expression

2022-06-30 22:26:14 - [TEST_STEP][PASSED] - verifyTextPresent("UDF9", true): Text 'UDF9' is present on page  using regular expression

2022-06-30 22:26:14 - [MESSAGE][PASSED] - Text 'UDF9' is present on page  using regular expression

2022-06-30 22:26:14 - [TEST_STEP][PASSED] - verifyTextPresent("UDF 10", true): Text 'UDF 10' is present on page  using regular expression

2022-06-30 22:26:15 - [MESSAGE][PASSED] - Text 'UDF 10' is present on page  using regular expression

2022-06-30 22:26:15 - [TEST_STEP][PASSED] - verifyTextPresent("Delhi", true): Text 'Delhi' is present on page  using regular expression

2022-06-30 22:26:15 - [MESSAGE][PASSED] - Text 'Delhi' is present on page  using regular expression

2022-06-30 22:26:15 - [TEST_STEP][PASSED] - verifyTextPresent("Chennai", true): Text 'Chennai' is present on page  using regular expression

2022-06-30 22:26:15 - [MESSAGE][PASSED] - Text 'Chennai' is present on page  using regular expression

2022-06-30 22:26:15 - [TEST_STEP][PASSED] - verifyTextPresent("Mumbai", true): Text 'Mumbai' is present on page  using regular expression

2022-06-30 22:26:16 - [MESSAGE][PASSED] - Text 'Mumbai' is present on page  using regular expression

2022-06-30 22:26:16 - [TEST_STEP][PASSED] - verifyTextPresent("Kanpur", true): Text 'Kanpur' is present on page  using regular expression

2022-06-30 22:26:16 - [MESSAGE][PASSED] - Text 'Kanpur' is present on page  using regular expression

2022-06-30 22:26:16 - [TEST_STEP][PASSED] - verifyTextPresent("Orange Recorded", true): Text 'Orange Recorded' is present on page  using regular expression

2022-06-30 22:26:16 - [MESSAGE][PASSED] - Text 'Orange Recorded' is present on page  using regular expression

2022-06-30 22:26:16 - [TEST_STEP][PASSED] - verifyTextPresent("Yellow Recorded", true): Text 'Yellow Recorded' is present on page  using regular expression

2022-06-30 22:26:17 - [MESSAGE][PASSED] - Text 'Yellow Recorded' is present on page  using regular expression

2022-06-30 22:26:17 - [TEST_STEP][PASSED] - verifyTextPresent("Kolkata", true): Text 'Kolkata' is present on page  using regular expression

2022-06-30 22:26:17 - [MESSAGE][PASSED] - Text 'Kolkata' is present on page  using regular expression

2022-06-30 22:26:17 - [TEST_STEP][PASSED] - verifyTextPresent("Pune", true): Text 'Pune' is present on page  using regular expression

2022-06-30 22:26:17 - [MESSAGE][PASSED] - Text 'Pune' is present on page  using regular expression

2022-06-30 22:26:17 - [TEST_STEP][PASSED] - verifyTextPresent("Bhavnagar", true): Text 'Bhavnagar' is present on page  using regular expression

2022-06-30 22:26:18 - [MESSAGE][PASSED] - Text 'Bhavnagar' is present on page  using regular expression

2022-06-30 22:26:18 - [TEST_STEP][PASSED] - verifyTextPresent("Noida", true): Text 'Noida' is present on page  using regular expression

2022-06-30 22:26:18 - [MESSAGE][PASSED] - Text 'Noida' is present on page  using regular expression

2022-06-30 22:26:18 - [TEST_STEP][PASSED] - verifyTextPresent("Amount", true): Text 'Amount' is present on page  using regular expression

2022-06-30 22:26:18 - [MESSAGE][PASSED] - Text 'Amount' is present on page  using regular expression

2022-06-30 22:26:18 - [TEST_STEP][PASSED] - verifyTextPresent("2.50", true): Text '2.50' is present on page  using regular expression

2022-06-30 22:26:19 - [MESSAGE][PASSED] - Text '2.50' is present on page  using regular expression

2022-06-30 22:26:19 - [TEST_STEP][PASSED] - verifyTextPresent("Authorization and Capture", true): Text 'Authorization and Capture' is present on page  using regular expression

2022-06-30 22:26:19 - [MESSAGE][PASSED] - Text 'Authorization and Capture' is present on page  using regular expression

2022-06-30 22:26:19 - [TEST_STEP][PASSED] - verifyTextPresent("Card Information", true): Text 'Card Information' is present on page  using regular expression

2022-06-30 22:26:19 - [MESSAGE][PASSED] - Text 'Card Information' is present on page  using regular expression

2022-06-30 22:26:19 - [TEST_STEP][PASSED] - verifyTextPresent("TANDON RAVENA", true): Text 'TANDON RAVENA' is present on page  using regular expression

2022-06-30 22:26:19 - [MESSAGE][PASSED] - Text 'TANDON RAVENA' is present on page  using regular expression

2022-06-30 22:26:19 - [TEST_STEP][PASSED] - verifyTextPresent("Address Line 1", true): Text 'Address Line 1' is present on page  using regular expression

2022-06-30 22:26:20 - [MESSAGE][PASSED] - Text 'Address Line 1' is present on page  using regular expression

2022-06-30 22:26:20 - [TEST_STEP][PASSED] - verifyTextPresent("Address Line 2", true): Text 'Address Line 2' is present on page  using regular expression

2022-06-30 22:26:20 - [MESSAGE][PASSED] - Text 'Address Line 2' is present on page  using regular expression

2022-06-30 22:26:20 - [TEST_STEP][PASSED] - verifyTextPresent("Country", true): Text 'Country' is present on page  using regular expression

2022-06-30 22:26:20 - [MESSAGE][PASSED] - Text 'Country' is present on page  using regular expression

2022-06-30 22:26:20 - [TEST_STEP][PASSED] - verifyTextPresent("City", true): Text 'City' is present on page  using regular expression

2022-06-30 22:26:21 - [MESSAGE][PASSED] - Text 'City' is present on page  using regular expression

2022-06-30 22:26:21 - [TEST_STEP][PASSED] - verifyTextPresent("State", true): Text 'State' is present on page  using regular expression

2022-06-30 22:26:21 - [MESSAGE][PASSED] - Text 'State' is present on page  using regular expression

2022-06-30 22:26:21 - [TEST_STEP][PASSED] - verifyTextPresent("ZIP Code", true): Text 'ZIP Code' is present on page  using regular expression

2022-06-30 22:26:21 - [MESSAGE][PASSED] - Text 'ZIP Code' is present on page  using regular expression

2022-06-30 22:26:21 - [TEST_STEP][PASSED] - verifyTextPresent("248 PhoolKaante road", true): Text '248 PhoolKaante road' is present on page  using regular expression

2022-06-30 22:26:22 - [MESSAGE][PASSED] - Text '248 PhoolKaante road' is present on page  using regular expression

2022-06-30 22:26:22 - [TEST_STEP][PASSED] - verifyTextPresent("Suite 678", true): Text 'Suite 678' is present on page  using regular expression

2022-06-30 22:26:22 - [MESSAGE][PASSED] - Text 'Suite 678' is present on page  using regular expression

2022-06-30 22:26:22 - [TEST_STEP][PASSED] - verifyTextPresent("United States", true): Text 'United States' is present on page  using regular expression

2022-06-30 22:26:23 - [MESSAGE][PASSED] - Text 'United States' is present on page  using regular expression

2022-06-30 22:26:23 - [TEST_STEP][PASSED] - verifyTextPresent("ARLINGTON", true): Text 'ARLINGTON' is present on page  using regular expression

2022-06-30 22:26:23 - [MESSAGE][PASSED] - Text 'ARLINGTON' is present on page  using regular expression

2022-06-30 22:26:23 - [TEST_STEP][PASSED] - verifyTextPresent("VA", true): Text 'VA' is present on page  using regular expression

2022-06-30 22:26:23 - [MESSAGE][PASSED] - Text 'VA' is present on page  using regular expression

2022-06-30 22:26:23 - [TEST_STEP][PASSED] - verifyTextPresent("22201", true): Text '22201' is present on page  using regular expression

2022-06-30 22:26:24 - [MESSAGE][PASSED] - Text '22201' is present on page  using regular expression

2022-06-30 22:26:24 - [TEST_STEP][PASSED] - cardTypeV = findTestData(dataFile).getValue("CardType", row): null

2022-06-30 22:26:24 - [TEST_STEP][PASSED] - last4V = findTestData(dataFile).getValue("Last4", row): null

2022-06-30 22:26:24 - [TEST_STEP][PASSED] - verifyTextPresent(cardTypeV, true): Text 'MasterCard' is present on page  using regular expression

2022-06-30 22:26:24 - [MESSAGE][PASSED] - Text 'MasterCard' is present on page  using regular expression

2022-06-30 22:26:24 - [TEST_STEP][PASSED] - verifyTextPresent(last4V, true): Text '0035' is present on page  using regular expression

2022-06-30 22:26:24 - [MESSAGE][PASSED] - Text '0035' is present on page  using regular expression

2022-06-30 22:26:24 - [TEST_STEP][PASSED] - switch (appName): null

2022-06-30 22:26:24 - [TEST_STEP][PASSED] - case "a_Access AutoSingleCFtpQA":: null

2022-06-30 22:26:24 - [TEST_STEP][PASSED] - verifyTextPresent("5.00", true): Text '5.00' is present on page  using regular expression

2022-06-30 22:26:25 - [MESSAGE][PASSED] - Text '5.00' is present on page  using regular expression

2022-06-30 22:26:25 - [TEST_STEP][PASSED] - verifyTextPresent("Single Transaction", true): Text 'Single Transaction' is present on page  using regular expression

2022-06-30 22:26:25 - [MESSAGE][PASSED] - Text 'Single Transaction' is present on page  using regular expression

2022-06-30 22:26:25 - [TEST_STEP][PASSED] - verifyTextPresent("7.50", true): Text '7.50' is present on page  using regular expression

2022-06-30 22:26:25 - [MESSAGE][PASSED] - Text '7.50' is present on page  using regular expression

2022-06-30 22:26:25 - [TEST_STEP][PASSED] - verifyTextPresent("Total Amount", true): Text 'Total Amount' is present on page  using regular expression

2022-06-30 22:26:25 - [MESSAGE][PASSED] - Text 'Total Amount' is present on page  using regular expression

2022-06-30 22:26:25 - [TEST_STEP][PASSED] - verifyTextPresent("Transaction Type", true): Text 'Transaction Type' is present on page  using regular expression

2022-06-30 22:26:26 - [MESSAGE][PASSED] - Text 'Transaction Type' is present on page  using regular expression

2022-06-30 22:26:26 - [TEST_STEP][PASSED] - break: null

2022-06-30 22:26:26 - [TEST_STEP][PASSED] - closeBrowser(): Browser is closed

2022-06-30 22:26:27 - [MESSAGE][PASSED] - Browser is closed

2022-06-30 22:26:27 - [TEST_STEP][PASSED] - ExecuteTC = findTestData(dataFile).getValue("Execute", row): null

2022-06-30 22:26:27 - [TEST_STEP][PASSED] - out.println("Value of Execute is : " + ExecuteTC): null

2022-06-30 22:26:27 - [TEST_STEP][PASSED] - switch (executionProfile): null

2022-06-30 22:26:27 - [TEST_STEP][PASSED] - case "QAProfile":: null

2022-06-30 22:26:27 - [TEST_STEP][PASSED] - appName = findTestData(dataFile).getValue("AppNameQA", row): null

2022-06-30 22:26:27 - [TEST_STEP][PASSED] - appID = findTestData(dataFile).getValue("AppIDQA", row): null

2022-06-30 22:26:27 - [TEST_STEP][PASSED] - break: null

2022-06-30 22:26:27 - [TEST_STEP][PASSED] - if (ExecuteTC.equalsIgnoreCase("Y")): null

2022-06-30 22:26:27 - [TEST_STEP][PASSED] - out.println("Begin Record Number: " + row): null

2022-06-30 22:26:27 - [TEST_STEP][PASSED] - today = new java.util.Date(): null

2022-06-30 22:26:27 - [TEST_STEP][PASSED] - println(today): null

2022-06-30 22:26:27 - [TEST_STEP][PASSED] - datText = today: null

2022-06-30 22:26:27 - [TEST_STEP][PASSED] - adminSuiteBootstrap.loginFunctionality.login_AdminSuite(): adminSuiteBootstrap.loginFunctionality.login_AdminSuite is PASSED

2022-06-30 22:26:27 - [MESSAGE][INFO] - Starting 'Chrome' driver

2022-06-30 22:26:27 - [MESSAGE][INFO] - User set preference: ['acceptInsecureCerts', 'true']

2022-06-30 22:26:27 - [MESSAGE][INFO] - Action delay is set to 0 milliseconds

2022-06-30 22:26:31 - [MESSAGE][PASSED] - Browser is opened with url: 'https://qa.velocitypayment.com/admin/imtiaz'

2022-06-30 22:26:31 - [MESSAGE][PASSED] - Current window maximized

2022-06-30 22:26:31 - [MESSAGE][PASSED] - Object 'Object Repository/Login_Page/Login_Username' is present

2022-06-30 22:26:32 - [MESSAGE][PASSED] - Text 'iahmed' is set on object 'Object Repository/Login_Page/Login_Username'

2022-06-30 22:26:33 - [MESSAGE][PASSED] - Text 'hello2222' is set on object 'Object Repository/Login_Page/Login_Password'

2022-06-30 22:26:37 - [MESSAGE][PASSED] - Object: 'Object Repository/Login_Page/Login_Submit' is clicked on

2022-06-30 22:26:37 - [MESSAGE][PASSED] - adminSuiteBootstrap.loginFunctionality.login_AdminSuite is PASSED

2022-06-30 22:26:37 - [TEST_STEP][PASSED] - click(findTestObject(path_Dashboard + appName)): Object: 'Object Repository/AdminSuiteBootstrap_Pages/Dashboard_Bootstrap/a_Access AutoSingleCFtpQA' is clicked on

2022-06-30 22:26:38 - [MESSAGE][PASSED] - Object: 'Object Repository/AdminSuiteBootstrap_Pages/Dashboard_Bootstrap/a_Access AutoSingleCFtpQA' is clicked on

2022-06-30 22:26:38 - [TEST_STEP][PASSED] - click(findTestObject(path_VT + "a_Find Profile")): Object: 'Object Repository/AdminSuiteBootstrap_Pages/VT_Bootstrap/IssueTransactions/a_Find Profile' is clicked on

2022-06-30 22:26:39 - [MESSAGE][PASSED] - Object: 'Object Repository/AdminSuiteBootstrap_Pages/VT_Bootstrap/IssueTransactions/a_Find Profile' is clicked on

2022-06-30 22:26:39 - [TEST_STEP][PASSED] - criteria = <not implemented yet for class: org.codehaus.groovy.ast.expr.EmptyExpression>: null

2022-06-30 22:26:39 - [TEST_STEP][PASSED] - searchBy = <not implemented yet for class: org.codehaus.groovy.ast.expr.EmptyExpression>: null

2022-06-30 22:26:39 - [TEST_STEP][PASSED] - criteria = findTestData(dataFile).getValue("ProfileName", row): null

2022-06-30 22:26:39 - [TEST_STEP][PASSED] - path_SearchProfile = "Object Repository/AdminSuiteBootstrap_Pages/VSP_Bootstrap/SearchProfile/": null

2022-06-30 22:26:39 - [TEST_STEP][PASSED] - setText(findTestObject(path_SearchProfile + "input_Criteria"), criteria): Text 'PaymentsAmEx' is set on object 'Object Repository/AdminSuiteBootstrap_Pages/VSP_Bootstrap/SearchProfile/input_Criteria'

2022-06-30 22:26:39 - [MESSAGE][PASSED] - Text 'PaymentsAmEx' is set on object 'Object Repository/AdminSuiteBootstrap_Pages/VSP_Bootstrap/SearchProfile/input_Criteria'

2022-06-30 22:26:39 - [TEST_STEP][PASSED] - click(findTestObject(path_SearchProfile + "button_Search")): Object: 'Object Repository/AdminSuiteBootstrap_Pages/VSP_Bootstrap/SearchProfile/button_Search' is clicked on

2022-06-30 22:26:41 - [MESSAGE][PASSED] - Object: 'Object Repository/AdminSuiteBootstrap_Pages/VSP_Bootstrap/SearchProfile/button_Search' is clicked on

2022-06-30 22:26:41 - [TEST_STEP][PASSED] - profNameLink = findTestData(dataFile).getValue("ProfileNameLink", row): null

2022-06-30 22:26:41 - [TEST_STEP][PASSED] - click(findTestObject(path_ViewProfile + profNameLink)): Object: 'Object Repository/AdminSuiteBootstrap_Pages/VSP_Bootstrap/View Profile/a_PaymentsAmEx' is clicked on

2022-06-30 22:26:43 - [MESSAGE][PASSED] - Object: 'Object Repository/AdminSuiteBootstrap_Pages/VSP_Bootstrap/View Profile/a_PaymentsAmEx' is clicked on

2022-06-30 22:26:43 - [TEST_STEP][PASSED] - click(findTestObject(path_ViewProfile + "a_AuthCap")): Object: 'Object Repository/AdminSuiteBootstrap_Pages/VSP_Bootstrap/View Profile/a_AuthCap' is clicked on

2022-06-30 22:26:45 - [MESSAGE][PASSED] - Object: 'Object Repository/AdminSuiteBootstrap_Pages/VSP_Bootstrap/View Profile/a_AuthCap' is clicked on

2022-06-30 22:26:45 - [TEST_STEP][PASSED] - verifyTextPresent("Credit Card Authorization Capture", true): Text 'Credit Card Authorization Capture' is present on page  using regular expression

2022-06-30 22:26:46 - [MESSAGE][PASSED] - Text 'Credit Card Authorization Capture' is present on page  using regular expression

2022-06-30 22:26:46 - [TEST_STEP][PASSED] - verifyTextPresent("Sale", true): Text 'Sale' is present on page  using regular expression

2022-06-30 22:26:46 - [MESSAGE][PASSED] - Text 'Sale' is present on page  using regular expression

2022-06-30 22:26:46 - [TEST_STEP][PASSED] - verifyTextPresent("Required fields are highlighted with an asterisk", true): Text 'Required fields are highlighted with an asterisk' is present on page  using regular expression

2022-06-30 22:26:46 - [MESSAGE][PASSED] - Text 'Required fields are highlighted with an asterisk' is present on page  using regular expression

2022-06-30 22:26:46 - [TEST_STEP][PASSED] - verifyTextPresent("Remittance ID", true): Text 'Remittance ID' is present on page  using regular expression

2022-06-30 22:26:47 - [MESSAGE][PASSED] - Text 'Remittance ID' is present on page  using regular expression

2022-06-30 22:26:47 - [TEST_STEP][PASSED] - vspBootstrap.SalePage.setDataSaleAndAuth(row, dataFile): vspBootstrap.SalePage.setDataSaleAndAuth is PASSED

2022-06-30 22:26:48 - [MESSAGE][PASSED] - All options with value 'RETL' are selected in object 'Object Repository/AdminSuiteBootstrap_Pages/VSP_Bootstrap/VSP_Authcap/select_TransactionCategory'  using regular expression

2022-06-30 22:26:49 - [MESSAGE][PASSED] - Text '1234' is set on object 'Object Repository/AdminSuiteBootstrap_Pages/VSP_Bootstrap/VSP_Authcap/input_cvv'

2022-06-30 22:26:49 - [MESSAGE][PASSED] - Text '' is set on object 'Object Repository/AdminSuiteBootstrap_Pages/VSP_Bootstrap/VSP_Authcap/input_smsNumber'

2022-06-30 22:26:50 - [MESSAGE][PASSED] - Text '2.50' is set on object 'Object Repository/AdminSuiteBootstrap_Pages/VSP_Bootstrap/VSP_Authcap/input_amount'

2022-06-30 22:26:51 - [MESSAGE][PASSED] - Text 'Delhi' is set on object 'Object Repository/AdminSuiteBootstrap_Pages/VSP_Bootstrap/VSP_Authcap/input_userDefined1'

2022-06-30 22:26:52 - [MESSAGE][PASSED] - Text 'Chennai' is set on object 'Object Repository/AdminSuiteBootstrap_Pages/VSP_Bootstrap/VSP_Authcap/input_userDefined2'

2022-06-30 22:26:53 - [MESSAGE][PASSED] - Text 'Mumbai' is set on object 'Object Repository/AdminSuiteBootstrap_Pages/VSP_Bootstrap/VSP_Authcap/input_userDefined3'

2022-06-30 22:26:53 - [MESSAGE][PASSED] - Text 'Kanpur' is set on object 'Object Repository/AdminSuiteBootstrap_Pages/VSP_Bootstrap/VSP_Authcap/input_userDefined4'

2022-06-30 22:26:54 - [MESSAGE][PASSED] - All options with label 'Orange' are selected in object 'Object Repository/AdminSuiteBootstrap_Pages/VSP_Bootstrap/VSP_Authcap/select_UDF5'  using regular expression

2022-06-30 22:26:55 - [MESSAGE][PASSED] - All options with label 'Yellow' are selected in object 'Object Repository/AdminSuiteBootstrap_Pages/VSP_Bootstrap/VSP_Authcap/select_UDF6'  using regular expression

2022-06-30 22:26:56 - [MESSAGE][PASSED] - Text 'Kolkata' is set on object 'Object Repository/AdminSuiteBootstrap_Pages/VSP_Bootstrap/VSP_Authcap/input_userDefined7'

2022-06-30 22:26:56 - [MESSAGE][PASSED] - Text 'Pune' is set on object 'Object Repository/AdminSuiteBootstrap_Pages/VSP_Bootstrap/VSP_Authcap/input_userDefined8'

2022-06-30 22:26:57 - [MESSAGE][PASSED] - Text 'Bhavnagar' is set on object 'Object Repository/AdminSuiteBootstrap_Pages/VSP_Bootstrap/VSP_Authcap/input_userDefined9'

2022-06-30 22:26:58 - [MESSAGE][PASSED] - Text 'Noida' is set on object 'Object Repository/AdminSuiteBootstrap_Pages/VSP_Bootstrap/VSP_Authcap/input_userDefined10'

2022-06-30 22:27:00 - [MESSAGE][PASSED] - Object: 'Object Repository/AdminSuiteBootstrap_Pages/VSP_Bootstrap/VSP_Authcap/button_Submit' is clicked on

2022-06-30 22:27:00 - [MESSAGE][PASSED] - vspBootstrap.SalePage.setDataSaleAndAuth is PASSED

2022-06-30 22:27:00 - [TEST_STEP][PASSED] - verifyTextPresent("Transaction Successful", true): Text 'Transaction Successful' is present on page  using regular expression

2022-06-30 22:27:01 - [MESSAGE][PASSED] - Text 'Transaction Successful' is present on page  using regular expression

2022-06-30 22:27:01 - [TEST_STEP][PASSED] - verifyElementVisible(findTestObject("Object Repository/AdminSuiteBootstrap_Pages/VT_Bootstrap/Receipt/button_Continue")): Object 'Object Repository/AdminSuiteBootstrap_Pages/VT_Bootstrap/Receipt/button_Continue' is visible

2022-06-30 22:27:01 - [MESSAGE][PASSED] - Object 'Object Repository/AdminSuiteBootstrap_Pages/VT_Bootstrap/Receipt/button_Continue' is visible

2022-06-30 22:27:01 - [TEST_STEP][PASSED] - verifyElementPresent(findTestObject("Object Repository/AdminSuiteBootstrap_Pages/VT_Bootstrap/Receipt/button_Continue"), 20): Object 'Object Repository/AdminSuiteBootstrap_Pages/VT_Bootstrap/Receipt/button_Continue' is present

2022-06-30 22:27:01 - [MESSAGE][PASSED] - Object 'Object Repository/AdminSuiteBootstrap_Pages/VT_Bootstrap/Receipt/button_Continue' is present

2022-06-30 22:27:01 - [TEST_STEP][PASSED] - verifyElementVisible(findTestObject("Object Repository/AdminSuiteBootstrap_Pages/VT_Bootstrap/Receipt/button_Print")): Object 'Object Repository/AdminSuiteBootstrap_Pages/VT_Bootstrap/Receipt/button_Print' is visible

2022-06-30 22:27:02 - [MESSAGE][PASSED] - Object 'Object Repository/AdminSuiteBootstrap_Pages/VT_Bootstrap/Receipt/button_Print' is visible

2022-06-30 22:27:02 - [TEST_STEP][PASSED] - verifyElementPresent(findTestObject("Object Repository/AdminSuiteBootstrap_Pages/VT_Bootstrap/Receipt/button_Print"), 20): Object 'Object Repository/AdminSuiteBootstrap_Pages/VT_Bootstrap/Receipt/button_Print' is present

2022-06-30 22:27:02 - [MESSAGE][PASSED] - Object 'Object Repository/AdminSuiteBootstrap_Pages/VT_Bootstrap/Receipt/button_Print' is present

2022-06-30 22:27:02 - [TEST_STEP][PASSED] - verifyTextPresent("Remittance ID", true): Text 'Remittance ID' is present on page  using regular expression

2022-06-30 22:27:02 - [MESSAGE][PASSED] - Text 'Remittance ID' is present on page  using regular expression

2022-06-30 22:27:02 - [TEST_STEP][PASSED] - verifyTextPresent("Received", true): Text 'Received' is present on page  using regular expression

2022-06-30 22:27:03 - [MESSAGE][PASSED] - Text 'Received' is present on page  using regular expression

2022-06-30 22:27:03 - [TEST_STEP][PASSED] - verifyTextPresent("UDF1", true): Text 'UDF1' is present on page  using regular expression

2022-06-30 22:27:03 - [MESSAGE][PASSED] - Text 'UDF1' is present on page  using regular expression

2022-06-30 22:27:03 - [TEST_STEP][PASSED] - verifyTextPresent("UDF2", true): Text 'UDF2' is present on page  using regular expression

2022-06-30 22:27:03 - [MESSAGE][PASSED] - Text 'UDF2' is present on page  using regular expression

2022-06-30 22:27:03 - [TEST_STEP][PASSED] - verifyTextPresent("UDF3", true): Text 'UDF3' is present on page  using regular expression

2022-06-30 22:27:04 - [MESSAGE][PASSED] - Text 'UDF3' is present on page  using regular expression

2022-06-30 22:27:04 - [TEST_STEP][PASSED] - verifyTextPresent("UDF4", true): Text 'UDF4' is present on page  using regular expression

2022-06-30 22:27:04 - [MESSAGE][PASSED] - Text 'UDF4' is present on page  using regular expression

2022-06-30 22:27:04 - [TEST_STEP][PASSED] - verifyTextPresent("UDF5", true): Text 'UDF5' is present on page  using regular expression

2022-06-30 22:27:04 - [MESSAGE][PASSED] - Text 'UDF5' is present on page  using regular expression

2022-06-30 22:27:04 - [TEST_STEP][PASSED] - verifyTextPresent("UDF6", true): Text 'UDF6' is present on page  using regular expression

2022-06-30 22:27:04 - [MESSAGE][PASSED] - Text 'UDF6' is present on page  using regular expression

2022-06-30 22:27:04 - [TEST_STEP][PASSED] - verifyTextPresent("UDF7", true): Text 'UDF7' is present on page  using regular expression

2022-06-30 22:27:05 - [MESSAGE][PASSED] - Text 'UDF7' is present on page  using regular expression

2022-06-30 22:27:05 - [TEST_STEP][PASSED] - verifyTextPresent("UDF8", true): Text 'UDF8' is present on page  using regular expression

2022-06-30 22:27:05 - [MESSAGE][PASSED] - Text 'UDF8' is present on page  using regular expression

2022-06-30 22:27:05 - [TEST_STEP][PASSED] - verifyTextPresent("UDF9", true): Text 'UDF9' is present on page  using regular expression

2022-06-30 22:27:05 - [MESSAGE][PASSED] - Text 'UDF9' is present on page  using regular expression

2022-06-30 22:27:05 - [TEST_STEP][PASSED] - verifyTextPresent("UDF 10", true): Text 'UDF 10' is present on page  using regular expression

2022-06-30 22:27:06 - [MESSAGE][PASSED] - Text 'UDF 10' is present on page  using regular expression

2022-06-30 22:27:06 - [TEST_STEP][PASSED] - verifyTextPresent("Delhi", true): Text 'Delhi' is present on page  using regular expression

2022-06-30 22:27:06 - [MESSAGE][PASSED] - Text 'Delhi' is present on page  using regular expression

2022-06-30 22:27:06 - [TEST_STEP][PASSED] - verifyTextPresent("Chennai", true): Text 'Chennai' is present on page  using regular expression

2022-06-30 22:27:06 - [MESSAGE][PASSED] - Text 'Chennai' is present on page  using regular expression

2022-06-30 22:27:06 - [TEST_STEP][PASSED] - verifyTextPresent("Mumbai", true): Text 'Mumbai' is present on page  using regular expression

2022-06-30 22:27:07 - [MESSAGE][PASSED] - Text 'Mumbai' is present on page  using regular expression

2022-06-30 22:27:07 - [TEST_STEP][PASSED] - verifyTextPresent("Kanpur", true): Text 'Kanpur' is present on page  using regular expression

2022-06-30 22:27:07 - [MESSAGE][PASSED] - Text 'Kanpur' is present on page  using regular expression

2022-06-30 22:27:07 - [TEST_STEP][PASSED] - verifyTextPresent("Orange Recorded", true): Text 'Orange Recorded' is present on page  using regular expression

2022-06-30 22:27:07 - [MESSAGE][PASSED] - Text 'Orange Recorded' is present on page  using regular expression

2022-06-30 22:27:07 - [TEST_STEP][PASSED] - verifyTextPresent("Yellow Recorded", true): Text 'Yellow Recorded' is present on page  using regular expression

2022-06-30 22:27:08 - [MESSAGE][PASSED] - Text 'Yellow Recorded' is present on page  using regular expression

2022-06-30 22:27:08 - [TEST_STEP][PASSED] - verifyTextPresent("Kolkata", true): Text 'Kolkata' is present on page  using regular expression

2022-06-30 22:27:08 - [MESSAGE][PASSED] - Text 'Kolkata' is present on page  using regular expression

2022-06-30 22:27:08 - [TEST_STEP][PASSED] - verifyTextPresent("Pune", true): Text 'Pune' is present on page  using regular expression

2022-06-30 22:27:08 - [MESSAGE][PASSED] - Text 'Pune' is present on page  using regular expression

2022-06-30 22:27:08 - [TEST_STEP][PASSED] - verifyTextPresent("Bhavnagar", true): Text 'Bhavnagar' is present on page  using regular expression

2022-06-30 22:27:09 - [MESSAGE][PASSED] - Text 'Bhavnagar' is present on page  using regular expression

2022-06-30 22:27:09 - [TEST_STEP][PASSED] - verifyTextPresent("Noida", true): Text 'Noida' is present on page  using regular expression

2022-06-30 22:27:09 - [MESSAGE][PASSED] - Text 'Noida' is present on page  using regular expression

2022-06-30 22:27:09 - [TEST_STEP][PASSED] - verifyTextPresent("Amount", true): Text 'Amount' is present on page  using regular expression

2022-06-30 22:27:09 - [MESSAGE][PASSED] - Text 'Amount' is present on page  using regular expression

2022-06-30 22:27:09 - [TEST_STEP][PASSED] - verifyTextPresent("2.50", true): Text '2.50' is present on page  using regular expression

2022-06-30 22:27:10 - [MESSAGE][PASSED] - Text '2.50' is present on page  using regular expression

2022-06-30 22:27:10 - [TEST_STEP][PASSED] - verifyTextPresent("Authorization and Capture", true): Text 'Authorization and Capture' is present on page  using regular expression

2022-06-30 22:27:10 - [MESSAGE][PASSED] - Text 'Authorization and Capture' is present on page  using regular expression

2022-06-30 22:27:10 - [TEST_STEP][PASSED] - verifyTextPresent("Card Information", true): Text 'Card Information' is present on page  using regular expression

2022-06-30 22:27:10 - [MESSAGE][PASSED] - Text 'Card Information' is present on page  using regular expression

2022-06-30 22:27:10 - [TEST_STEP][PASSED] - verifyTextPresent("TANDON RAVENA", true): Text 'TANDON RAVENA' is present on page  using regular expression

2022-06-30 22:27:11 - [MESSAGE][PASSED] - Text 'TANDON RAVENA' is present on page  using regular expression

2022-06-30 22:27:11 - [TEST_STEP][PASSED] - verifyTextPresent("Address Line 1", true): Text 'Address Line 1' is present on page  using regular expression

2022-06-30 22:27:11 - [MESSAGE][PASSED] - Text 'Address Line 1' is present on page  using regular expression

2022-06-30 22:27:11 - [TEST_STEP][PASSED] - verifyTextPresent("Address Line 2", true): Text 'Address Line 2' is present on page  using regular expression

2022-06-30 22:27:11 - [MESSAGE][PASSED] - Text 'Address Line 2' is present on page  using regular expression

2022-06-30 22:27:11 - [TEST_STEP][PASSED] - verifyTextPresent("Country", true): Text 'Country' is present on page  using regular expression

2022-06-30 22:27:12 - [MESSAGE][PASSED] - Text 'Country' is present on page  using regular expression

2022-06-30 22:27:12 - [TEST_STEP][PASSED] - verifyTextPresent("City", true): Text 'City' is present on page  using regular expression

2022-06-30 22:27:12 - [MESSAGE][PASSED] - Text 'City' is present on page  using regular expression

2022-06-30 22:27:12 - [TEST_STEP][PASSED] - verifyTextPresent("State", true): Text 'State' is present on page  using regular expression

2022-06-30 22:27:12 - [MESSAGE][PASSED] - Text 'State' is present on page  using regular expression

2022-06-30 22:27:12 - [TEST_STEP][PASSED] - verifyTextPresent("ZIP Code", true): Text 'ZIP Code' is present on page  using regular expression

2022-06-30 22:27:13 - [MESSAGE][PASSED] - Text 'ZIP Code' is present on page  using regular expression

2022-06-30 22:27:13 - [TEST_STEP][PASSED] - verifyTextPresent("248 PhoolKaante road", true): Text '248 PhoolKaante road' is present on page  using regular expression

2022-06-30 22:27:13 - [MESSAGE][PASSED] - Text '248 PhoolKaante road' is present on page  using regular expression

2022-06-30 22:27:13 - [TEST_STEP][PASSED] - verifyTextPresent("Suite 678", true): Text 'Suite 678' is present on page  using regular expression

2022-06-30 22:27:13 - [MESSAGE][PASSED] - Text 'Suite 678' is present on page  using regular expression

2022-06-30 22:27:13 - [TEST_STEP][PASSED] - verifyTextPresent("United States", true): Text 'United States' is present on page  using regular expression

2022-06-30 22:27:14 - [MESSAGE][PASSED] - Text 'United States' is present on page  using regular expression

2022-06-30 22:27:14 - [TEST_STEP][PASSED] - verifyTextPresent("ARLINGTON", true): Text 'ARLINGTON' is present on page  using regular expression

2022-06-30 22:27:14 - [MESSAGE][PASSED] - Text 'ARLINGTON' is present on page  using regular expression

2022-06-30 22:27:14 - [TEST_STEP][PASSED] - verifyTextPresent("VA", true): Text 'VA' is present on page  using regular expression

2022-06-30 22:27:14 - [MESSAGE][PASSED] - Text 'VA' is present on page  using regular expression

2022-06-30 22:27:14 - [TEST_STEP][PASSED] - verifyTextPresent("22201", true): Text '22201' is present on page  using regular expression

2022-06-30 22:27:15 - [MESSAGE][PASSED] - Text '22201' is present on page  using regular expression

2022-06-30 22:27:15 - [TEST_STEP][PASSED] - cardTypeV = findTestData(dataFile).getValue("CardType", row): null

2022-06-30 22:27:15 - [TEST_STEP][PASSED] - last4V = findTestData(dataFile).getValue("Last4", row): null

2022-06-30 22:27:15 - [TEST_STEP][PASSED] - verifyTextPresent(cardTypeV, true): Text 'American Express' is present on page  using regular expression

2022-06-30 22:27:15 - [MESSAGE][PASSED] - Text 'American Express' is present on page  using regular expression

2022-06-30 22:27:15 - [TEST_STEP][PASSED] - verifyTextPresent(last4V, true): Text '2376' is present on page  using regular expression

2022-06-30 22:27:15 - [MESSAGE][PASSED] - Text '2376' is present on page  using regular expression

2022-06-30 22:27:15 - [TEST_STEP][PASSED] - switch (appName): null

2022-06-30 22:27:15 - [TEST_STEP][PASSED] - case "a_Access AutoSingleCFtpQA":: null

2022-06-30 22:27:15 - [TEST_STEP][PASSED] - verifyTextPresent("5.00", true): Text '5.00' is present on page  using regular expression

2022-06-30 22:27:16 - [MESSAGE][PASSED] - Text '5.00' is present on page  using regular expression

2022-06-30 22:27:16 - [TEST_STEP][PASSED] - verifyTextPresent("Single Transaction", true): Text 'Single Transaction' is present on page  using regular expression

2022-06-30 22:27:16 - [MESSAGE][PASSED] - Text 'Single Transaction' is present on page  using regular expression

2022-06-30 22:27:16 - [TEST_STEP][PASSED] - verifyTextPresent("7.50", true): Text '7.50' is present on page  using regular expression

2022-06-30 22:27:16 - [MESSAGE][PASSED] - Text '7.50' is present on page  using regular expression

2022-06-30 22:27:16 - [TEST_STEP][PASSED] - verifyTextPresent("Total Amount", true): Text 'Total Amount' is present on page  using regular expression

2022-06-30 22:27:17 - [MESSAGE][PASSED] - Text 'Total Amount' is present on page  using regular expression

2022-06-30 22:27:17 - [TEST_STEP][PASSED] - verifyTextPresent("Transaction Type", true): Text 'Transaction Type' is present on page  using regular expression

2022-06-30 22:27:17 - [MESSAGE][PASSED] - Text 'Transaction Type' is present on page  using regular expression

2022-06-30 22:27:17 - [TEST_STEP][PASSED] - break: null

2022-06-30 22:27:17 - [TEST_STEP][PASSED] - closeBrowser(): Browser is closed

2022-06-30 22:27:18 - [MESSAGE][PASSED] - Browser is closed

2022-06-30 22:27:18 - [TEST_STEP][PASSED] - ExecuteTC = findTestData(dataFile).getValue("Execute", row): null

2022-06-30 22:27:18 - [TEST_STEP][PASSED] - out.println("Value of Execute is : " + ExecuteTC): null

2022-06-30 22:27:18 - [TEST_STEP][PASSED] - switch (executionProfile): null

2022-06-30 22:27:18 - [TEST_STEP][PASSED] - case "QAProfile":: null

2022-06-30 22:27:18 - [TEST_STEP][PASSED] - appName = findTestData(dataFile).getValue("AppNameQA", row): null

2022-06-30 22:27:18 - [TEST_STEP][PASSED] - appID = findTestData(dataFile).getValue("AppIDQA", row): null

2022-06-30 22:27:18 - [TEST_STEP][PASSED] - break: null

2022-06-30 22:27:18 - [TEST_STEP][PASSED] - if (ExecuteTC.equalsIgnoreCase("Y")): null

2022-06-30 22:27:18 - [TEST_STEP][PASSED] - out.println("Begin Record Number: " + row): null

2022-06-30 22:27:18 - [TEST_STEP][PASSED] - today = new java.util.Date(): null

2022-06-30 22:27:18 - [TEST_STEP][PASSED] - println(today): null

2022-06-30 22:27:18 - [TEST_STEP][PASSED] - datText = today: null

2022-06-30 22:27:18 - [TEST_STEP][PASSED] - adminSuiteBootstrap.loginFunctionality.login_AdminSuite(): adminSuiteBootstrap.loginFunctionality.login_AdminSuite is PASSED

2022-06-30 22:27:18 - [MESSAGE][INFO] - Starting 'Chrome' driver

2022-06-30 22:27:18 - [MESSAGE][INFO] - User set preference: ['acceptInsecureCerts', 'true']

2022-06-30 22:27:18 - [MESSAGE][INFO] - Action delay is set to 0 milliseconds

2022-06-30 22:27:21 - [MESSAGE][PASSED] - Browser is opened with url: 'https://qa.velocitypayment.com/admin/imtiaz'

2022-06-30 22:27:21 - [MESSAGE][PASSED] - Current window maximized

2022-06-30 22:27:22 - [MESSAGE][PASSED] - Object 'Object Repository/Login_Page/Login_Username' is present

2022-06-30 22:27:23 - [MESSAGE][PASSED] - Text 'iahmed' is set on object 'Object Repository/Login_Page/Login_Username'

2022-06-30 22:27:23 - [MESSAGE][PASSED] - Text 'hello2222' is set on object 'Object Repository/Login_Page/Login_Password'

2022-06-30 22:27:28 - [MESSAGE][PASSED] - Object: 'Object Repository/Login_Page/Login_Submit' is clicked on

2022-06-30 22:27:28 - [MESSAGE][PASSED] - adminSuiteBootstrap.loginFunctionality.login_AdminSuite is PASSED

2022-06-30 22:27:28 - [TEST_STEP][PASSED] - click(findTestObject(path_Dashboard + appName)): Object: 'Object Repository/AdminSuiteBootstrap_Pages/Dashboard_Bootstrap/a_Access AutoSingleCFtpQA' is clicked on

2022-06-30 22:27:29 - [MESSAGE][PASSED] - Object: 'Object Repository/AdminSuiteBootstrap_Pages/Dashboard_Bootstrap/a_Access AutoSingleCFtpQA' is clicked on

2022-06-30 22:27:29 - [TEST_STEP][PASSED] - click(findTestObject(path_VT + "a_Find Profile")): Object: 'Object Repository/AdminSuiteBootstrap_Pages/VT_Bootstrap/IssueTransactions/a_Find Profile' is clicked on

2022-06-30 22:27:29 - [MESSAGE][PASSED] - Object: 'Object Repository/AdminSuiteBootstrap_Pages/VT_Bootstrap/IssueTransactions/a_Find Profile' is clicked on

2022-06-30 22:27:29 - [TEST_STEP][PASSED] - criteria = <not implemented yet for class: org.codehaus.groovy.ast.expr.EmptyExpression>: null

2022-06-30 22:27:29 - [TEST_STEP][PASSED] - searchBy = <not implemented yet for class: org.codehaus.groovy.ast.expr.EmptyExpression>: null

2022-06-30 22:27:29 - [TEST_STEP][PASSED] - criteria = findTestData(dataFile).getValue("ProfileName", row): null

2022-06-30 22:27:29 - [TEST_STEP][PASSED] - path_SearchProfile = "Object Repository/AdminSuiteBootstrap_Pages/VSP_Bootstrap/SearchProfile/": null

2022-06-30 22:27:29 - [TEST_STEP][PASSED] - setText(findTestObject(path_SearchProfile + "input_Criteria"), criteria): Text 'PaymentsDI' is set on object 'Object Repository/AdminSuiteBootstrap_Pages/VSP_Bootstrap/SearchProfile/input_Criteria'

2022-06-30 22:27:30 - [MESSAGE][PASSED] - Text 'PaymentsDI' is set on object 'Object Repository/AdminSuiteBootstrap_Pages/VSP_Bootstrap/SearchProfile/input_Criteria'

2022-06-30 22:27:30 - [TEST_STEP][PASSED] - click(findTestObject(path_SearchProfile + "button_Search")): Object: 'Object Repository/AdminSuiteBootstrap_Pages/VSP_Bootstrap/SearchProfile/button_Search' is clicked on

2022-06-30 22:27:31 - [MESSAGE][PASSED] - Object: 'Object Repository/AdminSuiteBootstrap_Pages/VSP_Bootstrap/SearchProfile/button_Search' is clicked on

2022-06-30 22:27:31 - [TEST_STEP][PASSED] - profNameLink = findTestData(dataFile).getValue("ProfileNameLink", row): null

2022-06-30 22:27:31 - [TEST_STEP][PASSED] - click(findTestObject(path_ViewProfile + profNameLink)): Object: 'Object Repository/AdminSuiteBootstrap_Pages/VSP_Bootstrap/View Profile/a_PaymentsDI' is clicked on

2022-06-30 22:27:33 - [MESSAGE][PASSED] - Object: 'Object Repository/AdminSuiteBootstrap_Pages/VSP_Bootstrap/View Profile/a_PaymentsDI' is clicked on

2022-06-30 22:27:33 - [TEST_STEP][PASSED] - click(findTestObject(path_ViewProfile + "a_AuthCap")): Object: 'Object Repository/AdminSuiteBootstrap_Pages/VSP_Bootstrap/View Profile/a_AuthCap' is clicked on

2022-06-30 22:27:35 - [MESSAGE][PASSED] - Object: 'Object Repository/AdminSuiteBootstrap_Pages/VSP_Bootstrap/View Profile/a_AuthCap' is clicked on

2022-06-30 22:27:35 - [TEST_STEP][PASSED] - verifyTextPresent("Credit Card Authorization Capture", true): Text 'Credit Card Authorization Capture' is present on page  using regular expression

2022-06-30 22:27:36 - [MESSAGE][PASSED] - Text 'Credit Card Authorization Capture' is present on page  using regular expression

2022-06-30 22:27:36 - [TEST_STEP][PASSED] - verifyTextPresent("Sale", true): Text 'Sale' is present on page  using regular expression

2022-06-30 22:27:36 - [MESSAGE][PASSED] - Text 'Sale' is present on page  using regular expression

2022-06-30 22:27:36 - [TEST_STEP][PASSED] - verifyTextPresent("Required fields are highlighted with an asterisk", true): Text 'Required fields are highlighted with an asterisk' is present on page  using regular expression

2022-06-30 22:27:36 - [MESSAGE][PASSED] - Text 'Required fields are highlighted with an asterisk' is present on page  using regular expression

2022-06-30 22:27:36 - [TEST_STEP][PASSED] - verifyTextPresent("Remittance ID", true): Text 'Remittance ID' is present on page  using regular expression

2022-06-30 22:27:37 - [MESSAGE][PASSED] - Text 'Remittance ID' is present on page  using regular expression

2022-06-30 22:27:37 - [TEST_STEP][PASSED] - vspBootstrap.SalePage.setDataSaleAndAuth(row, dataFile): vspBootstrap.SalePage.setDataSaleAndAuth is PASSED

2022-06-30 22:27:38 - [MESSAGE][PASSED] - All options with value 'RETL' are selected in object 'Object Repository/AdminSuiteBootstrap_Pages/VSP_Bootstrap/VSP_Authcap/select_TransactionCategory'  using regular expression

2022-06-30 22:27:39 - [MESSAGE][PASSED] - Text '123' is set on object 'Object Repository/AdminSuiteBootstrap_Pages/VSP_Bootstrap/VSP_Authcap/input_cvv'

2022-06-30 22:27:40 - [MESSAGE][PASSED] - Text '' is set on object 'Object Repository/AdminSuiteBootstrap_Pages/VSP_Bootstrap/VSP_Authcap/input_smsNumber'

2022-06-30 22:27:40 - [MESSAGE][PASSED] - Text '2.50' is set on object 'Object Repository/AdminSuiteBootstrap_Pages/VSP_Bootstrap/VSP_Authcap/input_amount'

2022-06-30 22:27:41 - [MESSAGE][PASSED] - Text 'Delhi' is set on object 'Object Repository/AdminSuiteBootstrap_Pages/VSP_Bootstrap/VSP_Authcap/input_userDefined1'

2022-06-30 22:27:42 - [MESSAGE][PASSED] - Text 'Chennai' is set on object 'Object Repository/AdminSuiteBootstrap_Pages/VSP_Bootstrap/VSP_Authcap/input_userDefined2'

2022-06-30 22:27:43 - [MESSAGE][PASSED] - Text 'Mumbai' is set on object 'Object Repository/AdminSuiteBootstrap_Pages/VSP_Bootstrap/VSP_Authcap/input_userDefined3'

2022-06-30 22:27:43 - [MESSAGE][PASSED] - Text 'Kanpur' is set on object 'Object Repository/AdminSuiteBootstrap_Pages/VSP_Bootstrap/VSP_Authcap/input_userDefined4'

2022-06-30 22:27:44 - [MESSAGE][PASSED] - All options with label 'Orange' are selected in object 'Object Repository/AdminSuiteBootstrap_Pages/VSP_Bootstrap/VSP_Authcap/select_UDF5'  using regular expression

2022-06-30 22:27:45 - [MESSAGE][PASSED] - All options with label 'Yellow' are selected in object 'Object Repository/AdminSuiteBootstrap_Pages/VSP_Bootstrap/VSP_Authcap/select_UDF6'  using regular expression

2022-06-30 22:27:46 - [MESSAGE][PASSED] - Text 'Kolkata' is set on object 'Object Repository/AdminSuiteBootstrap_Pages/VSP_Bootstrap/VSP_Authcap/input_userDefined7'

2022-06-30 22:27:46 - [MESSAGE][PASSED] - Text 'Pune' is set on object 'Object Repository/AdminSuiteBootstrap_Pages/VSP_Bootstrap/VSP_Authcap/input_userDefined8'

2022-06-30 22:27:47 - [MESSAGE][PASSED] - Text 'Bhavnagar' is set on object 'Object Repository/AdminSuiteBootstrap_Pages/VSP_Bootstrap/VSP_Authcap/input_userDefined9'

2022-06-30 22:27:48 - [MESSAGE][PASSED] - Text 'Noida' is set on object 'Object Repository/AdminSuiteBootstrap_Pages/VSP_Bootstrap/VSP_Authcap/input_userDefined10'

2022-06-30 22:27:50 - [MESSAGE][PASSED] - Object: 'Object Repository/AdminSuiteBootstrap_Pages/VSP_Bootstrap/VSP_Authcap/button_Submit' is clicked on

2022-06-30 22:27:50 - [MESSAGE][PASSED] - vspBootstrap.SalePage.setDataSaleAndAuth is PASSED

2022-06-30 22:27:50 - [TEST_STEP][PASSED] - verifyTextPresent("Transaction Successful", true): Text 'Transaction Successful' is present on page  using regular expression

2022-06-30 22:27:50 - [MESSAGE][PASSED] - Text 'Transaction Successful' is present on page  using regular expression

2022-06-30 22:27:50 - [TEST_STEP][PASSED] - verifyElementVisible(findTestObject("Object Repository/AdminSuiteBootstrap_Pages/VT_Bootstrap/Receipt/button_Continue")): Object 'Object Repository/AdminSuiteBootstrap_Pages/VT_Bootstrap/Receipt/button_Continue' is visible

2022-06-30 22:27:51 - [MESSAGE][PASSED] - Object 'Object Repository/AdminSuiteBootstrap_Pages/VT_Bootstrap/Receipt/button_Continue' is visible

2022-06-30 22:27:51 - [TEST_STEP][PASSED] - verifyElementPresent(findTestObject("Object Repository/AdminSuiteBootstrap_Pages/VT_Bootstrap/Receipt/button_Continue"), 20): Object 'Object Repository/AdminSuiteBootstrap_Pages/VT_Bootstrap/Receipt/button_Continue' is present

2022-06-30 22:27:51 - [MESSAGE][PASSED] - Object 'Object Repository/AdminSuiteBootstrap_Pages/VT_Bootstrap/Receipt/button_Continue' is present

2022-06-30 22:27:51 - [TEST_STEP][PASSED] - verifyElementVisible(findTestObject("Object Repository/AdminSuiteBootstrap_Pages/VT_Bootstrap/Receipt/button_Print")): Object 'Object Repository/AdminSuiteBootstrap_Pages/VT_Bootstrap/Receipt/button_Print' is visible

2022-06-30 22:27:51 - [MESSAGE][PASSED] - Object 'Object Repository/AdminSuiteBootstrap_Pages/VT_Bootstrap/Receipt/button_Print' is visible

2022-06-30 22:27:51 - [TEST_STEP][PASSED] - verifyElementPresent(findTestObject("Object Repository/AdminSuiteBootstrap_Pages/VT_Bootstrap/Receipt/button_Print"), 20): Object 'Object Repository/AdminSuiteBootstrap_Pages/VT_Bootstrap/Receipt/button_Print' is present

2022-06-30 22:27:52 - [MESSAGE][PASSED] - Object 'Object Repository/AdminSuiteBootstrap_Pages/VT_Bootstrap/Receipt/button_Print' is present

2022-06-30 22:27:52 - [TEST_STEP][PASSED] - verifyTextPresent("Remittance ID", true): Text 'Remittance ID' is present on page  using regular expression

2022-06-30 22:27:52 - [MESSAGE][PASSED] - Text 'Remittance ID' is present on page  using regular expression

2022-06-30 22:27:52 - [TEST_STEP][PASSED] - verifyTextPresent("Received", true): Text 'Received' is present on page  using regular expression

2022-06-30 22:27:52 - [MESSAGE][PASSED] - Text 'Received' is present on page  using regular expression

2022-06-30 22:27:52 - [TEST_STEP][PASSED] - verifyTextPresent("UDF1", true): Text 'UDF1' is present on page  using regular expression

2022-06-30 22:27:53 - [MESSAGE][PASSED] - Text 'UDF1' is present on page  using regular expression

2022-06-30 22:27:53 - [TEST_STEP][PASSED] - verifyTextPresent("UDF2", true): Text 'UDF2' is present on page  using regular expression

2022-06-30 22:27:53 - [MESSAGE][PASSED] - Text 'UDF2' is present on page  using regular expression

2022-06-30 22:27:53 - [TEST_STEP][PASSED] - verifyTextPresent("UDF3", true): Text 'UDF3' is present on page  using regular expression

2022-06-30 22:27:53 - [MESSAGE][PASSED] - Text 'UDF3' is present on page  using regular expression

2022-06-30 22:27:53 - [TEST_STEP][PASSED] - verifyTextPresent("UDF4", true): Text 'UDF4' is present on page  using regular expression

2022-06-30 22:27:53 - [MESSAGE][PASSED] - Text 'UDF4' is present on page  using regular expression

2022-06-30 22:27:53 - [TEST_STEP][PASSED] - verifyTextPresent("UDF5", true): Text 'UDF5' is present on page  using regular expression

2022-06-30 22:27:54 - [MESSAGE][PASSED] - Text 'UDF5' is present on page  using regular expression

2022-06-30 22:27:54 - [TEST_STEP][PASSED] - verifyTextPresent("UDF6", true): Text 'UDF6' is present on page  using regular expression

2022-06-30 22:27:54 - [MESSAGE][PASSED] - Text 'UDF6' is present on page  using regular expression

2022-06-30 22:27:54 - [TEST_STEP][PASSED] - verifyTextPresent("UDF7", true): Text 'UDF7' is present on page  using regular expression

2022-06-30 22:27:54 - [MESSAGE][PASSED] - Text 'UDF7' is present on page  using regular expression

2022-06-30 22:27:54 - [TEST_STEP][PASSED] - verifyTextPresent("UDF8", true): Text 'UDF8' is present on page  using regular expression

2022-06-30 22:27:55 - [MESSAGE][PASSED] - Text 'UDF8' is present on page  using regular expression

2022-06-30 22:27:55 - [TEST_STEP][PASSED] - verifyTextPresent("UDF9", true): Text 'UDF9' is present on page  using regular expression

2022-06-30 22:27:55 - [MESSAGE][PASSED] - Text 'UDF9' is present on page  using regular expression

2022-06-30 22:27:55 - [TEST_STEP][PASSED] - verifyTextPresent("UDF 10", true): Text 'UDF 10' is present on page  using regular expression

2022-06-30 22:27:55 - [MESSAGE][PASSED] - Text 'UDF 10' is present on page  using regular expression

2022-06-30 22:27:55 - [TEST_STEP][PASSED] - verifyTextPresent("Delhi", true): Text 'Delhi' is present on page  using regular expression

2022-06-30 22:27:56 - [MESSAGE][PASSED] - Text 'Delhi' is present on page  using regular expression

2022-06-30 22:27:56 - [TEST_STEP][PASSED] - verifyTextPresent("Chennai", true): Text 'Chennai' is present on page  using regular expression

2022-06-30 22:27:56 - [MESSAGE][PASSED] - Text 'Chennai' is present on page  using regular expression

2022-06-30 22:27:56 - [TEST_STEP][PASSED] - verifyTextPresent("Mumbai", true): Text 'Mumbai' is present on page  using regular expression

2022-06-30 22:27:56 - [MESSAGE][PASSED] - Text 'Mumbai' is present on page  using regular expression

2022-06-30 22:27:56 - [TEST_STEP][PASSED] - verifyTextPresent("Kanpur", true): Text 'Kanpur' is present on page  using regular expression

2022-06-30 22:27:57 - [MESSAGE][PASSED] - Text 'Kanpur' is present on page  using regular expression

2022-06-30 22:27:57 - [TEST_STEP][PASSED] - verifyTextPresent("Orange Recorded", true): Text 'Orange Recorded' is present on page  using regular expression

2022-06-30 22:27:57 - [MESSAGE][PASSED] - Text 'Orange Recorded' is present on page  using regular expression

2022-06-30 22:27:57 - [TEST_STEP][PASSED] - verifyTextPresent("Yellow Recorded", true): Text 'Yellow Recorded' is present on page  using regular expression

2022-06-30 22:27:57 - [MESSAGE][PASSED] - Text 'Yellow Recorded' is present on page  using regular expression

2022-06-30 22:27:57 - [TEST_STEP][PASSED] - verifyTextPresent("Kolkata", true): Text 'Kolkata' is present on page  using regular expression

2022-06-30 22:27:57 - [MESSAGE][PASSED] - Text 'Kolkata' is present on page  using regular expression

2022-06-30 22:27:57 - [TEST_STEP][PASSED] - verifyTextPresent("Pune", true): Text 'Pune' is present on page  using regular expression

2022-06-30 22:27:58 - [MESSAGE][PASSED] - Text 'Pune' is present on page  using regular expression

2022-06-30 22:27:58 - [TEST_STEP][PASSED] - verifyTextPresent("Bhavnagar", true): Text 'Bhavnagar' is present on page  using regular expression

2022-06-30 22:27:58 - [MESSAGE][PASSED] - Text 'Bhavnagar' is present on page  using regular expression

2022-06-30 22:27:58 - [TEST_STEP][PASSED] - verifyTextPresent("Noida", true): Text 'Noida' is present on page  using regular expression

2022-06-30 22:27:58 - [MESSAGE][PASSED] - Text 'Noida' is present on page  using regular expression

2022-06-30 22:27:58 - [TEST_STEP][PASSED] - verifyTextPresent("Amount", true): Text 'Amount' is present on page  using regular expression

2022-06-30 22:27:59 - [MESSAGE][PASSED] - Text 'Amount' is present on page  using regular expression

2022-06-30 22:27:59 - [TEST_STEP][PASSED] - verifyTextPresent("2.50", true): Text '2.50' is present on page  using regular expression

2022-06-30 22:27:59 - [MESSAGE][PASSED] - Text '2.50' is present on page  using regular expression

2022-06-30 22:27:59 - [TEST_STEP][PASSED] - verifyTextPresent("Authorization and Capture", true): Text 'Authorization and Capture' is present on page  using regular expression

2022-06-30 22:27:59 - [MESSAGE][PASSED] - Text 'Authorization and Capture' is present on page  using regular expression

2022-06-30 22:27:59 - [TEST_STEP][PASSED] - verifyTextPresent("Card Information", true): Text 'Card Information' is present on page  using regular expression

2022-06-30 22:28:00 - [MESSAGE][PASSED] - Text 'Card Information' is present on page  using regular expression

2022-06-30 22:28:00 - [TEST_STEP][PASSED] - verifyTextPresent("TANDON RAVENA", true): Text 'TANDON RAVENA' is present on page  using regular expression

2022-06-30 22:28:00 - [MESSAGE][PASSED] - Text 'TANDON RAVENA' is present on page  using regular expression

2022-06-30 22:28:00 - [TEST_STEP][PASSED] - verifyTextPresent("Address Line 1", true): Text 'Address Line 1' is present on page  using regular expression

2022-06-30 22:28:00 - [MESSAGE][PASSED] - Text 'Address Line 1' is present on page  using regular expression

2022-06-30 22:28:00 - [TEST_STEP][PASSED] - verifyTextPresent("Address Line 2", true): Text 'Address Line 2' is present on page  using regular expression

2022-06-30 22:28:01 - [MESSAGE][PASSED] - Text 'Address Line 2' is present on page  using regular expression

2022-06-30 22:28:01 - [TEST_STEP][PASSED] - verifyTextPresent("Country", true): Text 'Country' is present on page  using regular expression

2022-06-30 22:28:01 - [MESSAGE][PASSED] - Text 'Country' is present on page  using regular expression

2022-06-30 22:28:01 - [TEST_STEP][PASSED] - verifyTextPresent("City", true): Text 'City' is present on page  using regular expression

2022-06-30 22:28:01 - [MESSAGE][PASSED] - Text 'City' is present on page  using regular expression

2022-06-30 22:28:01 - [TEST_STEP][PASSED] - verifyTextPresent("State", true): Text 'State' is present on page  using regular expression

2022-06-30 22:28:02 - [MESSAGE][PASSED] - Text 'State' is present on page  using regular expression

2022-06-30 22:28:02 - [TEST_STEP][PASSED] - verifyTextPresent("ZIP Code", true): Text 'ZIP Code' is present on page  using regular expression

2022-06-30 22:28:02 - [MESSAGE][PASSED] - Text 'ZIP Code' is present on page  using regular expression

2022-06-30 22:28:02 - [TEST_STEP][PASSED] - verifyTextPresent("248 PhoolKaante road", true): Text '248 PhoolKaante road' is present on page  using regular expression

2022-06-30 22:28:02 - [MESSAGE][PASSED] - Text '248 PhoolKaante road' is present on page  using regular expression

2022-06-30 22:28:02 - [TEST_STEP][PASSED] - verifyTextPresent("Suite 678", true): Text 'Suite 678' is present on page  using regular expression

2022-06-30 22:28:03 - [MESSAGE][PASSED] - Text 'Suite 678' is present on page  using regular expression

2022-06-30 22:28:03 - [TEST_STEP][PASSED] - verifyTextPresent("United States", true): Text 'United States' is present on page  using regular expression

2022-06-30 22:28:03 - [MESSAGE][PASSED] - Text 'United States' is present on page  using regular expression

2022-06-30 22:28:03 - [TEST_STEP][PASSED] - verifyTextPresent("ARLINGTON", true): Text 'ARLINGTON' is present on page  using regular expression

2022-06-30 22:28:03 - [MESSAGE][PASSED] - Text 'ARLINGTON' is present on page  using regular expression

2022-06-30 22:28:03 - [TEST_STEP][PASSED] - verifyTextPresent("VA", true): Text 'VA' is present on page  using regular expression

2022-06-30 22:28:04 - [MESSAGE][PASSED] - Text 'VA' is present on page  using regular expression

2022-06-30 22:28:04 - [TEST_STEP][PASSED] - verifyTextPresent("22201", true): Text '22201' is present on page  using regular expression

2022-06-30 22:28:04 - [MESSAGE][PASSED] - Text '22201' is present on page  using regular expression

2022-06-30 22:28:04 - [TEST_STEP][PASSED] - cardTypeV = findTestData(dataFile).getValue("CardType", row): null

2022-06-30 22:28:04 - [TEST_STEP][PASSED] - last4V = findTestData(dataFile).getValue("Last4", row): null

2022-06-30 22:28:04 - [TEST_STEP][PASSED] - verifyTextPresent(cardTypeV, true): Text 'Discover' is present on page  using regular expression

2022-06-30 22:28:04 - [MESSAGE][PASSED] - Text 'Discover' is present on page  using regular expression

2022-06-30 22:28:04 - [TEST_STEP][PASSED] - verifyTextPresent(last4V, true): Text '6909' is present on page  using regular expression

2022-06-30 22:28:05 - [MESSAGE][PASSED] - Text '6909' is present on page  using regular expression

2022-06-30 22:28:05 - [TEST_STEP][PASSED] - switch (appName): null

2022-06-30 22:28:05 - [TEST_STEP][PASSED] - case "a_Access AutoSingleCFtpQA":: null

2022-06-30 22:28:05 - [TEST_STEP][PASSED] - verifyTextPresent("5.00", true): Text '5.00' is present on page  using regular expression

2022-06-30 22:28:05 - [MESSAGE][PASSED] - Text '5.00' is present on page  using regular expression

2022-06-30 22:28:05 - [TEST_STEP][PASSED] - verifyTextPresent("Single Transaction", true): Text 'Single Transaction' is present on page  using regular expression

2022-06-30 22:28:05 - [MESSAGE][PASSED] - Text 'Single Transaction' is present on page  using regular expression

2022-06-30 22:28:05 - [TEST_STEP][PASSED] - verifyTextPresent("7.50", true): Text '7.50' is present on page  using regular expression

2022-06-30 22:28:06 - [MESSAGE][PASSED] - Text '7.50' is present on page  using regular expression

2022-06-30 22:28:06 - [TEST_STEP][PASSED] - verifyTextPresent("Total Amount", true): Text 'Total Amount' is present on page  using regular expression

2022-06-30 22:28:06 - [MESSAGE][PASSED] - Text 'Total Amount' is present on page  using regular expression

2022-06-30 22:28:06 - [TEST_STEP][PASSED] - verifyTextPresent("Transaction Type", true): Text 'Transaction Type' is present on page  using regular expression

2022-06-30 22:28:06 - [MESSAGE][PASSED] - Text 'Transaction Type' is present on page  using regular expression

2022-06-30 22:28:06 - [TEST_STEP][PASSED] - break: null

2022-06-30 22:28:06 - [TEST_STEP][PASSED] - closeBrowser(): Browser is closed

2022-06-30 22:28:07 - [MESSAGE][PASSED] - Browser is closed

2022-06-30 22:28:07 - [TEST_STEP][PASSED] - ExecuteTC = findTestData(dataFile).getValue("Execute", row): null

2022-06-30 22:28:07 - [TEST_STEP][PASSED] - out.println("Value of Execute is : " + ExecuteTC): null

2022-06-30 22:28:07 - [TEST_STEP][PASSED] - switch (executionProfile): null

2022-06-30 22:28:07 - [TEST_STEP][PASSED] - case "QAProfile":: null

2022-06-30 22:28:07 - [TEST_STEP][PASSED] - appName = findTestData(dataFile).getValue("AppNameQA", row): null

2022-06-30 22:28:07 - [TEST_STEP][PASSED] - appID = findTestData(dataFile).getValue("AppIDQA", row): null

2022-06-30 22:28:07 - [TEST_STEP][PASSED] - break: null

2022-06-30 22:28:07 - [TEST_STEP][PASSED] - if (ExecuteTC.equalsIgnoreCase("Y")): null

2022-06-30 22:28:07 - [TEST_STEP][PASSED] - out.println("Begin Record Number: " + row): null

2022-06-30 22:28:07 - [TEST_STEP][PASSED] - today = new java.util.Date(): null

2022-06-30 22:28:07 - [TEST_STEP][PASSED] - println(today): null

2022-06-30 22:28:07 - [TEST_STEP][PASSED] - datText = today: null

2022-06-30 22:28:07 - [TEST_STEP][PASSED] - adminSuiteBootstrap.loginFunctionality.login_AdminSuite(): adminSuiteBootstrap.loginFunctionality.login_AdminSuite is PASSED

2022-06-30 22:28:07 - [MESSAGE][INFO] - Starting 'Chrome' driver

2022-06-30 22:28:07 - [MESSAGE][INFO] - User set preference: ['acceptInsecureCerts', 'true']

2022-06-30 22:28:07 - [MESSAGE][INFO] - Action delay is set to 0 milliseconds

2022-06-30 22:28:11 - [MESSAGE][PASSED] - Browser is opened with url: 'https://qa.velocitypayment.com/admin/imtiaz'

2022-06-30 22:28:11 - [MESSAGE][PASSED] - Current window maximized

2022-06-30 22:28:11 - [MESSAGE][PASSED] - Object 'Object Repository/Login_Page/Login_Username' is present

2022-06-30 22:28:12 - [MESSAGE][PASSED] - Text 'iahmed' is set on object 'Object Repository/Login_Page/Login_Username'

2022-06-30 22:28:13 - [MESSAGE][PASSED] - Text 'hello2222' is set on object 'Object Repository/Login_Page/Login_Password'

2022-06-30 22:28:18 - [MESSAGE][PASSED] - Object: 'Object Repository/Login_Page/Login_Submit' is clicked on

2022-06-30 22:28:18 - [MESSAGE][PASSED] - adminSuiteBootstrap.loginFunctionality.login_AdminSuite is PASSED

2022-06-30 22:28:18 - [TEST_STEP][PASSED] - click(findTestObject(path_Dashboard + appName)): Object: 'Object Repository/AdminSuiteBootstrap_Pages/Dashboard_Bootstrap/a_Access AutoDualCFtpQA' is clicked on

2022-06-30 22:28:19 - [MESSAGE][PASSED] - Object: 'Object Repository/AdminSuiteBootstrap_Pages/Dashboard_Bootstrap/a_Access AutoDualCFtpQA' is clicked on

2022-06-30 22:28:19 - [TEST_STEP][PASSED] - click(findTestObject(path_VT + "a_Find Profile")): Object: 'Object Repository/AdminSuiteBootstrap_Pages/VT_Bootstrap/IssueTransactions/a_Find Profile' is clicked on

2022-06-30 22:28:20 - [MESSAGE][PASSED] - Object: 'Object Repository/AdminSuiteBootstrap_Pages/VT_Bootstrap/IssueTransactions/a_Find Profile' is clicked on

2022-06-30 22:28:20 - [TEST_STEP][PASSED] - criteria = <not implemented yet for class: org.codehaus.groovy.ast.expr.EmptyExpression>: null

2022-06-30 22:28:20 - [TEST_STEP][PASSED] - searchBy = <not implemented yet for class: org.codehaus.groovy.ast.expr.EmptyExpression>: null

2022-06-30 22:28:20 - [TEST_STEP][PASSED] - criteria = findTestData(dataFile).getValue("ProfileName", row): null

2022-06-30 22:28:20 - [TEST_STEP][PASSED] - path_SearchProfile = "Object Repository/AdminSuiteBootstrap_Pages/VSP_Bootstrap/SearchProfile/": null

2022-06-30 22:28:20 - [TEST_STEP][PASSED] - setText(findTestObject(path_SearchProfile + "input_Criteria"), criteria): Text 'PaymentsVisa' is set on object 'Object Repository/AdminSuiteBootstrap_Pages/VSP_Bootstrap/SearchProfile/input_Criteria'

2022-06-30 22:28:20 - [MESSAGE][PASSED] - Text 'PaymentsVisa' is set on object 'Object Repository/AdminSuiteBootstrap_Pages/VSP_Bootstrap/SearchProfile/input_Criteria'

2022-06-30 22:28:20 - [TEST_STEP][PASSED] - click(findTestObject(path_SearchProfile + "button_Search")): Object: 'Object Repository/AdminSuiteBootstrap_Pages/VSP_Bootstrap/SearchProfile/button_Search' is clicked on

2022-06-30 22:28:22 - [MESSAGE][PASSED] - Object: 'Object Repository/AdminSuiteBootstrap_Pages/VSP_Bootstrap/SearchProfile/button_Search' is clicked on

2022-06-30 22:28:22 - [TEST_STEP][PASSED] - profNameLink = findTestData(dataFile).getValue("ProfileNameLink", row): null

2022-06-30 22:28:22 - [TEST_STEP][PASSED] - click(findTestObject(path_ViewProfile + profNameLink)): Object: 'Object Repository/AdminSuiteBootstrap_Pages/VSP_Bootstrap/View Profile/a_PaymentsVisa' is clicked on

2022-06-30 22:28:28 - [MESSAGE][PASSED] - Object: 'Object Repository/AdminSuiteBootstrap_Pages/VSP_Bootstrap/View Profile/a_PaymentsVisa' is clicked on

2022-06-30 22:28:28 - [TEST_STEP][PASSED] - click(findTestObject(path_ViewProfile + "a_AuthCap")): Object: 'Object Repository/AdminSuiteBootstrap_Pages/VSP_Bootstrap/View Profile/a_AuthCap' is clicked on

2022-06-30 22:28:29 - [MESSAGE][PASSED] - Object: 'Object Repository/AdminSuiteBootstrap_Pages/VSP_Bootstrap/View Profile/a_AuthCap' is clicked on

2022-06-30 22:28:29 - [TEST_STEP][PASSED] - verifyTextPresent("Credit Card Authorization Capture", true): Text 'Credit Card Authorization Capture' is present on page  using regular expression

2022-06-30 22:28:30 - [MESSAGE][PASSED] - Text 'Credit Card Authorization Capture' is present on page  using regular expression

2022-06-30 22:28:30 - [TEST_STEP][PASSED] - verifyTextPresent("Sale", true): Text 'Sale' is present on page  using regular expression

2022-06-30 22:28:30 - [MESSAGE][PASSED] - Text 'Sale' is present on page  using regular expression

2022-06-30 22:28:30 - [TEST_STEP][PASSED] - verifyTextPresent("Required fields are highlighted with an asterisk", true): Text 'Required fields are highlighted with an asterisk' is present on page  using regular expression

2022-06-30 22:28:31 - [MESSAGE][PASSED] - Text 'Required fields are highlighted with an asterisk' is present on page  using regular expression

2022-06-30 22:28:31 - [TEST_STEP][PASSED] - verifyTextPresent("Remittance ID", true): Text 'Remittance ID' is present on page  using regular expression

2022-06-30 22:28:31 - [MESSAGE][PASSED] - Text 'Remittance ID' is present on page  using regular expression

2022-06-30 22:28:31 - [TEST_STEP][PASSED] - vspBootstrap.SalePage.setDataSaleAndAuth(row, dataFile): vspBootstrap.SalePage.setDataSaleAndAuth is PASSED

2022-06-30 22:28:32 - [MESSAGE][PASSED] - All options with value 'MOTO' are selected in object 'Object Repository/AdminSuiteBootstrap_Pages/VSP_Bootstrap/VSP_Authcap/select_TransactionCategory'  using regular expression

2022-06-30 22:28:33 - [MESSAGE][PASSED] - Text '123' is set on object 'Object Repository/AdminSuiteBootstrap_Pages/VSP_Bootstrap/VSP_Authcap/input_cvv'

2022-06-30 22:28:34 - [MESSAGE][PASSED] - Text '' is set on object 'Object Repository/AdminSuiteBootstrap_Pages/VSP_Bootstrap/VSP_Authcap/input_smsNumber'

2022-06-30 22:28:34 - [MESSAGE][PASSED] - Text '2.50' is set on object 'Object Repository/AdminSuiteBootstrap_Pages/VSP_Bootstrap/VSP_Authcap/input_amount'

2022-06-30 22:28:35 - [MESSAGE][PASSED] - Text 'Delhi' is set on object 'Object Repository/AdminSuiteBootstrap_Pages/VSP_Bootstrap/VSP_Authcap/input_userDefined1'

2022-06-30 22:28:36 - [MESSAGE][PASSED] - Text 'Chennai' is set on object 'Object Repository/AdminSuiteBootstrap_Pages/VSP_Bootstrap/VSP_Authcap/input_userDefined2'

2022-06-30 22:28:36 - [MESSAGE][PASSED] - Text 'Mumbai' is set on object 'Object Repository/AdminSuiteBootstrap_Pages/VSP_Bootstrap/VSP_Authcap/input_userDefined3'

2022-06-30 22:28:37 - [MESSAGE][PASSED] - Text 'Kanpur' is set on object 'Object Repository/AdminSuiteBootstrap_Pages/VSP_Bootstrap/VSP_Authcap/input_userDefined4'

2022-06-30 22:28:38 - [MESSAGE][PASSED] - All options with label 'Orange' are selected in object 'Object Repository/AdminSuiteBootstrap_Pages/VSP_Bootstrap/VSP_Authcap/select_UDF5'  using regular expression

2022-06-30 22:28:39 - [MESSAGE][PASSED] - All options with label 'Yellow' are selected in object 'Object Repository/AdminSuiteBootstrap_Pages/VSP_Bootstrap/VSP_Authcap/select_UDF6'  using regular expression

2022-06-30 22:28:40 - [MESSAGE][PASSED] - Text 'Kolkata' is set on object 'Object Repository/AdminSuiteBootstrap_Pages/VSP_Bootstrap/VSP_Authcap/input_userDefined7'

2022-06-30 22:28:40 - [MESSAGE][PASSED] - Text 'Pune' is set on object 'Object Repository/AdminSuiteBootstrap_Pages/VSP_Bootstrap/VSP_Authcap/input_userDefined8'

2022-06-30 22:28:41 - [MESSAGE][PASSED] - Text 'Bhavnagar' is set on object 'Object Repository/AdminSuiteBootstrap_Pages/VSP_Bootstrap/VSP_Authcap/input_userDefined9'

2022-06-30 22:28:42 - [MESSAGE][PASSED] - Text 'Noida' is set on object 'Object Repository/AdminSuiteBootstrap_Pages/VSP_Bootstrap/VSP_Authcap/input_userDefined10'

2022-06-30 22:28:45 - [MESSAGE][PASSED] - Object: 'Object Repository/AdminSuiteBootstrap_Pages/VSP_Bootstrap/VSP_Authcap/button_Submit' is clicked on

2022-06-30 22:28:45 - [MESSAGE][PASSED] - vspBootstrap.SalePage.setDataSaleAndAuth is PASSED

2022-06-30 22:28:45 - [TEST_STEP][PASSED] - verifyTextPresent("Transaction Successful", true): Text 'Transaction Successful' is present on page  using regular expression

2022-06-30 22:28:45 - [MESSAGE][PASSED] - Text 'Transaction Successful' is present on page  using regular expression

2022-06-30 22:28:45 - [TEST_STEP][PASSED] - verifyElementVisible(findTestObject("Object Repository/AdminSuiteBootstrap_Pages/VT_Bootstrap/Receipt/button_Continue")): Object 'Object Repository/AdminSuiteBootstrap_Pages/VT_Bootstrap/Receipt/button_Continue' is visible

2022-06-30 22:28:46 - [MESSAGE][PASSED] - Object 'Object Repository/AdminSuiteBootstrap_Pages/VT_Bootstrap/Receipt/button_Continue' is visible

2022-06-30 22:28:46 - [TEST_STEP][PASSED] - verifyElementPresent(findTestObject("Object Repository/AdminSuiteBootstrap_Pages/VT_Bootstrap/Receipt/button_Continue"), 20): Object 'Object Repository/AdminSuiteBootstrap_Pages/VT_Bootstrap/Receipt/button_Continue' is present

2022-06-30 22:28:46 - [MESSAGE][PASSED] - Object 'Object Repository/AdminSuiteBootstrap_Pages/VT_Bootstrap/Receipt/button_Continue' is present

2022-06-30 22:28:46 - [TEST_STEP][PASSED] - verifyElementVisible(findTestObject("Object Repository/AdminSuiteBootstrap_Pages/VT_Bootstrap/Receipt/button_Print")): Object 'Object Repository/AdminSuiteBootstrap_Pages/VT_Bootstrap/Receipt/button_Print' is visible

2022-06-30 22:28:46 - [MESSAGE][PASSED] - Object 'Object Repository/AdminSuiteBootstrap_Pages/VT_Bootstrap/Receipt/button_Print' is visible

2022-06-30 22:28:46 - [TEST_STEP][PASSED] - verifyElementPresent(findTestObject("Object Repository/AdminSuiteBootstrap_Pages/VT_Bootstrap/Receipt/button_Print"), 20): Object 'Object Repository/AdminSuiteBootstrap_Pages/VT_Bootstrap/Receipt/button_Print' is present

2022-06-30 22:28:47 - [MESSAGE][PASSED] - Object 'Object Repository/AdminSuiteBootstrap_Pages/VT_Bootstrap/Receipt/button_Print' is present

2022-06-30 22:28:47 - [TEST_STEP][PASSED] - verifyTextPresent("Remittance ID", true): Text 'Remittance ID' is present on page  using regular expression

2022-06-30 22:28:47 - [MESSAGE][PASSED] - Text 'Remittance ID' is present on page  using regular expression

2022-06-30 22:28:47 - [TEST_STEP][PASSED] - verifyTextPresent("Received", true): Text 'Received' is present on page  using regular expression

2022-06-30 22:28:47 - [MESSAGE][PASSED] - Text 'Received' is present on page  using regular expression

2022-06-30 22:28:47 - [TEST_STEP][PASSED] - verifyTextPresent("UDF1", true): Text 'UDF1' is present on page  using regular expression

2022-06-30 22:28:47 - [MESSAGE][PASSED] - Text 'UDF1' is present on page  using regular expression

2022-06-30 22:28:47 - [TEST_STEP][PASSED] - verifyTextPresent("UDF2", true): Text 'UDF2' is present on page  using regular expression

2022-06-30 22:28:48 - [MESSAGE][PASSED] - Text 'UDF2' is present on page  using regular expression

2022-06-30 22:28:48 - [TEST_STEP][PASSED] - verifyTextPresent("UDF3", true): Text 'UDF3' is present on page  using regular expression

2022-06-30 22:28:48 - [MESSAGE][PASSED] - Text 'UDF3' is present on page  using regular expression

2022-06-30 22:28:48 - [TEST_STEP][PASSED] - verifyTextPresent("UDF4", true): Text 'UDF4' is present on page  using regular expression

2022-06-30 22:28:48 - [MESSAGE][PASSED] - Text 'UDF4' is present on page  using regular expression

2022-06-30 22:28:48 - [TEST_STEP][PASSED] - verifyTextPresent("UDF5", true): Text 'UDF5' is present on page  using regular expression

2022-06-30 22:28:49 - [MESSAGE][PASSED] - Text 'UDF5' is present on page  using regular expression

2022-06-30 22:28:49 - [TEST_STEP][PASSED] - verifyTextPresent("UDF6", true): Text 'UDF6' is present on page  using regular expression

2022-06-30 22:28:49 - [MESSAGE][PASSED] - Text 'UDF6' is present on page  using regular expression

2022-06-30 22:28:49 - [TEST_STEP][PASSED] - verifyTextPresent("UDF7", true): Text 'UDF7' is present on page  using regular expression

2022-06-30 22:28:49 - [MESSAGE][PASSED] - Text 'UDF7' is present on page  using regular expression

2022-06-30 22:28:49 - [TEST_STEP][PASSED] - verifyTextPresent("UDF8", true): Text 'UDF8' is present on page  using regular expression

2022-06-30 22:28:50 - [MESSAGE][PASSED] - Text 'UDF8' is present on page  using regular expression

2022-06-30 22:28:50 - [TEST_STEP][PASSED] - verifyTextPresent("UDF9", true): Text 'UDF9' is present on page  using regular expression

2022-06-30 22:28:50 - [MESSAGE][PASSED] - Text 'UDF9' is present on page  using regular expression

2022-06-30 22:28:50 - [TEST_STEP][PASSED] - verifyTextPresent("UDF 10", true): Text 'UDF 10' is present on page  using regular expression

2022-06-30 22:28:50 - [MESSAGE][PASSED] - Text 'UDF 10' is present on page  using regular expression

2022-06-30 22:28:50 - [TEST_STEP][PASSED] - verifyTextPresent("Delhi", true): Text 'Delhi' is present on page  using regular expression

2022-06-30 22:28:51 - [MESSAGE][PASSED] - Text 'Delhi' is present on page  using regular expression

2022-06-30 22:28:51 - [TEST_STEP][PASSED] - verifyTextPresent("Chennai", true): Text 'Chennai' is present on page  using regular expression

2022-06-30 22:28:51 - [MESSAGE][PASSED] - Text 'Chennai' is present on page  using regular expression

2022-06-30 22:28:51 - [TEST_STEP][PASSED] - verifyTextPresent("Mumbai", true): Text 'Mumbai' is present on page  using regular expression

2022-06-30 22:28:51 - [MESSAGE][PASSED] - Text 'Mumbai' is present on page  using regular expression

2022-06-30 22:28:51 - [TEST_STEP][PASSED] - verifyTextPresent("Kanpur", true): Text 'Kanpur' is present on page  using regular expression

2022-06-30 22:28:51 - [MESSAGE][PASSED] - Text 'Kanpur' is present on page  using regular expression

2022-06-30 22:28:51 - [TEST_STEP][PASSED] - verifyTextPresent("Orange Recorded", true): Text 'Orange Recorded' is present on page  using regular expression

2022-06-30 22:28:52 - [MESSAGE][PASSED] - Text 'Orange Recorded' is present on page  using regular expression

2022-06-30 22:28:52 - [TEST_STEP][PASSED] - verifyTextPresent("Yellow Recorded", true): Text 'Yellow Recorded' is present on page  using regular expression

2022-06-30 22:28:52 - [MESSAGE][PASSED] - Text 'Yellow Recorded' is present on page  using regular expression

2022-06-30 22:28:52 - [TEST_STEP][PASSED] - verifyTextPresent("Kolkata", true): Text 'Kolkata' is present on page  using regular expression

2022-06-30 22:28:52 - [MESSAGE][PASSED] - Text 'Kolkata' is present on page  using regular expression

2022-06-30 22:28:52 - [TEST_STEP][PASSED] - verifyTextPresent("Pune", true): Text 'Pune' is present on page  using regular expression

2022-06-30 22:28:53 - [MESSAGE][PASSED] - Text 'Pune' is present on page  using regular expression

2022-06-30 22:28:53 - [TEST_STEP][PASSED] - verifyTextPresent("Bhavnagar", true): Text 'Bhavnagar' is present on page  using regular expression

2022-06-30 22:28:53 - [MESSAGE][PASSED] - Text 'Bhavnagar' is present on page  using regular expression

2022-06-30 22:28:53 - [TEST_STEP][PASSED] - verifyTextPresent("Noida", true): Text 'Noida' is present on page  using regular expression

2022-06-30 22:28:53 - [MESSAGE][PASSED] - Text 'Noida' is present on page  using regular expression

2022-06-30 22:28:53 - [TEST_STEP][PASSED] - verifyTextPresent("Amount", true): Text 'Amount' is present on page  using regular expression

2022-06-30 22:28:54 - [MESSAGE][PASSED] - Text 'Amount' is present on page  using regular expression

2022-06-30 22:28:54 - [TEST_STEP][PASSED] - verifyTextPresent("2.50", true): Text '2.50' is present on page  using regular expression

2022-06-30 22:28:54 - [MESSAGE][PASSED] - Text '2.50' is present on page  using regular expression

2022-06-30 22:28:54 - [TEST_STEP][PASSED] - verifyTextPresent("Authorization and Capture", true): Text 'Authorization and Capture' is present on page  using regular expression

2022-06-30 22:28:54 - [MESSAGE][PASSED] - Text 'Authorization and Capture' is present on page  using regular expression

2022-06-30 22:28:54 - [TEST_STEP][PASSED] - verifyTextPresent("Card Information", true): Text 'Card Information' is present on page  using regular expression

2022-06-30 22:28:55 - [MESSAGE][PASSED] - Text 'Card Information' is present on page  using regular expression

2022-06-30 22:28:55 - [TEST_STEP][PASSED] - verifyTextPresent("TANDON RAVENA", true): Text 'TANDON RAVENA' is present on page  using regular expression

2022-06-30 22:28:55 - [MESSAGE][PASSED] - Text 'TANDON RAVENA' is present on page  using regular expression

2022-06-30 22:28:55 - [TEST_STEP][PASSED] - verifyTextPresent("Address Line 1", true): Text 'Address Line 1' is present on page  using regular expression

2022-06-30 22:28:55 - [MESSAGE][PASSED] - Text 'Address Line 1' is present on page  using regular expression

2022-06-30 22:28:55 - [TEST_STEP][PASSED] - verifyTextPresent("Address Line 2", true): Text 'Address Line 2' is present on page  using regular expression

2022-06-30 22:28:56 - [MESSAGE][PASSED] - Text 'Address Line 2' is present on page  using regular expression

2022-06-30 22:28:56 - [TEST_STEP][PASSED] - verifyTextPresent("Country", true): Text 'Country' is present on page  using regular expression

2022-06-30 22:28:56 - [MESSAGE][PASSED] - Text 'Country' is present on page  using regular expression

2022-06-30 22:28:56 - [TEST_STEP][PASSED] - verifyTextPresent("City", true): Text 'City' is present on page  using regular expression

2022-06-30 22:28:56 - [MESSAGE][PASSED] - Text 'City' is present on page  using regular expression

2022-06-30 22:28:56 - [TEST_STEP][PASSED] - verifyTextPresent("State", true): Text 'State' is present on page  using regular expression

2022-06-30 22:28:57 - [MESSAGE][PASSED] - Text 'State' is present on page  using regular expression

2022-06-30 22:28:57 - [TEST_STEP][PASSED] - verifyTextPresent("ZIP Code", true): Text 'ZIP Code' is present on page  using regular expression

2022-06-30 22:28:57 - [MESSAGE][PASSED] - Text 'ZIP Code' is present on page  using regular expression

2022-06-30 22:28:57 - [TEST_STEP][PASSED] - verifyTextPresent("248 PhoolKaante road", true): Text '248 PhoolKaante road' is present on page  using regular expression

2022-06-30 22:28:57 - [MESSAGE][PASSED] - Text '248 PhoolKaante road' is present on page  using regular expression

2022-06-30 22:28:57 - [TEST_STEP][PASSED] - verifyTextPresent("Suite 678", true): Text 'Suite 678' is present on page  using regular expression

2022-06-30 22:28:58 - [MESSAGE][PASSED] - Text 'Suite 678' is present on page  using regular expression

2022-06-30 22:28:58 - [TEST_STEP][PASSED] - verifyTextPresent("United States", true): Text 'United States' is present on page  using regular expression

2022-06-30 22:28:58 - [MESSAGE][PASSED] - Text 'United States' is present on page  using regular expression

2022-06-30 22:28:58 - [TEST_STEP][PASSED] - verifyTextPresent("ARLINGTON", true): Text 'ARLINGTON' is present on page  using regular expression

2022-06-30 22:28:58 - [MESSAGE][PASSED] - Text 'ARLINGTON' is present on page  using regular expression

2022-06-30 22:28:58 - [TEST_STEP][PASSED] - verifyTextPresent("VA", true): Text 'VA' is present on page  using regular expression

2022-06-30 22:28:58 - [MESSAGE][PASSED] - Text 'VA' is present on page  using regular expression

2022-06-30 22:28:58 - [TEST_STEP][PASSED] - verifyTextPresent("22201", true): Text '22201' is present on page  using regular expression

2022-06-30 22:28:59 - [MESSAGE][PASSED] - Text '22201' is present on page  using regular expression

2022-06-30 22:28:59 - [TEST_STEP][PASSED] - cardTypeV = findTestData(dataFile).getValue("CardType", row): null

2022-06-30 22:28:59 - [TEST_STEP][PASSED] - last4V = findTestData(dataFile).getValue("Last4", row): null

2022-06-30 22:28:59 - [TEST_STEP][PASSED] - verifyTextPresent(cardTypeV, true): Text 'Visa' is present on page  using regular expression

2022-06-30 22:28:59 - [MESSAGE][PASSED] - Text 'Visa' is present on page  using regular expression

2022-06-30 22:28:59 - [TEST_STEP][PASSED] - verifyTextPresent(last4V, true): Text '5439' is present on page  using regular expression

2022-06-30 22:29:00 - [MESSAGE][PASSED] - Text '5439' is present on page  using regular expression

2022-06-30 22:29:00 - [TEST_STEP][PASSED] - switch (appName): null

2022-06-30 22:29:00 - [TEST_STEP][PASSED] - case "a_Access AutoDualCFtpQA":: null

2022-06-30 22:29:00 - [TEST_STEP][PASSED] - verifyTextPresent("5.00", true): Text '5.00' is present on page  using regular expression

2022-06-30 22:29:00 - [MESSAGE][PASSED] - Text '5.00' is present on page  using regular expression

2022-06-30 22:29:00 - [TEST_STEP][PASSED] - verifyTextPresent("Dual Transaction", true): Text 'Dual Transaction' is present on page  using regular expression

2022-06-30 22:29:00 - [MESSAGE][PASSED] - Text 'Dual Transaction' is present on page  using regular expression

2022-06-30 22:29:00 - [TEST_STEP][PASSED] - verifyTextPresent("7.50", true): Text '7.50' is present on page  using regular expression

2022-06-30 22:29:00 - [MESSAGE][PASSED] - Text '7.50' is present on page  using regular expression

2022-06-30 22:29:00 - [TEST_STEP][PASSED] - verifyTextPresent("Total Amount", true): Text 'Total Amount' is present on page  using regular expression

2022-06-30 22:29:01 - [MESSAGE][PASSED] - Text 'Total Amount' is present on page  using regular expression

2022-06-30 22:29:01 - [TEST_STEP][PASSED] - verifyTextPresent("Transaction Type", true): Text 'Transaction Type' is present on page  using regular expression

2022-06-30 22:29:01 - [MESSAGE][PASSED] - Text 'Transaction Type' is present on page  using regular expression

2022-06-30 22:29:01 - [TEST_STEP][PASSED] - break: null

2022-06-30 22:29:01 - [TEST_STEP][PASSED] - closeBrowser(): Browser is closed

2022-06-30 22:29:02 - [MESSAGE][PASSED] - Browser is closed

2022-06-30 22:29:02 - [TEST_STEP][PASSED] - ExecuteTC = findTestData(dataFile).getValue("Execute", row): null

2022-06-30 22:29:02 - [TEST_STEP][PASSED] - out.println("Value of Execute is : " + ExecuteTC): null

2022-06-30 22:29:02 - [TEST_STEP][PASSED] - switch (executionProfile): null

2022-06-30 22:29:02 - [TEST_STEP][PASSED] - case "QAProfile":: null

2022-06-30 22:29:02 - [TEST_STEP][PASSED] - appName = findTestData(dataFile).getValue("AppNameQA", row): null

2022-06-30 22:29:02 - [TEST_STEP][PASSED] - appID = findTestData(dataFile).getValue("AppIDQA", row): null

2022-06-30 22:29:02 - [TEST_STEP][PASSED] - break: null

2022-06-30 22:29:02 - [TEST_STEP][PASSED] - if (ExecuteTC.equalsIgnoreCase("Y")): null

2022-06-30 22:29:02 - [TEST_STEP][PASSED] - out.println("Begin Record Number: " + row): null

2022-06-30 22:29:02 - [TEST_STEP][PASSED] - today = new java.util.Date(): null

2022-06-30 22:29:02 - [TEST_STEP][PASSED] - println(today): null

2022-06-30 22:29:02 - [TEST_STEP][PASSED] - datText = today: null

2022-06-30 22:29:02 - [TEST_STEP][PASSED] - adminSuiteBootstrap.loginFunctionality.login_AdminSuite(): adminSuiteBootstrap.loginFunctionality.login_AdminSuite is PASSED

2022-06-30 22:29:02 - [MESSAGE][INFO] - Starting 'Chrome' driver

2022-06-30 22:29:02 - [MESSAGE][INFO] - User set preference: ['acceptInsecureCerts', 'true']

2022-06-30 22:29:02 - [MESSAGE][INFO] - Action delay is set to 0 milliseconds

2022-06-30 22:29:06 - [MESSAGE][PASSED] - Browser is opened with url: 'https://qa.velocitypayment.com/admin/imtiaz'

2022-06-30 22:29:06 - [MESSAGE][PASSED] - Current window maximized

2022-06-30 22:29:06 - [MESSAGE][PASSED] - Object 'Object Repository/Login_Page/Login_Username' is present

2022-06-30 22:29:07 - [MESSAGE][PASSED] - Text 'iahmed' is set on object 'Object Repository/Login_Page/Login_Username'

2022-06-30 22:29:08 - [MESSAGE][PASSED] - Text 'hello2222' is set on object 'Object Repository/Login_Page/Login_Password'

2022-06-30 22:29:12 - [MESSAGE][PASSED] - Object: 'Object Repository/Login_Page/Login_Submit' is clicked on

2022-06-30 22:29:12 - [MESSAGE][PASSED] - adminSuiteBootstrap.loginFunctionality.login_AdminSuite is PASSED

2022-06-30 22:29:12 - [TEST_STEP][PASSED] - click(findTestObject(path_Dashboard + appName)): Object: 'Object Repository/AdminSuiteBootstrap_Pages/Dashboard_Bootstrap/a_Access AutoDualCFtpQA' is clicked on

2022-06-30 22:29:13 - [MESSAGE][PASSED] - Object: 'Object Repository/AdminSuiteBootstrap_Pages/Dashboard_Bootstrap/a_Access AutoDualCFtpQA' is clicked on

2022-06-30 22:29:13 - [TEST_STEP][PASSED] - click(findTestObject(path_VT + "a_Find Profile")): Object: 'Object Repository/AdminSuiteBootstrap_Pages/VT_Bootstrap/IssueTransactions/a_Find Profile' is clicked on

2022-06-30 22:29:14 - [MESSAGE][PASSED] - Object: 'Object Repository/AdminSuiteBootstrap_Pages/VT_Bootstrap/IssueTransactions/a_Find Profile' is clicked on

2022-06-30 22:29:14 - [TEST_STEP][PASSED] - criteria = <not implemented yet for class: org.codehaus.groovy.ast.expr.EmptyExpression>: null

2022-06-30 22:29:14 - [TEST_STEP][PASSED] - searchBy = <not implemented yet for class: org.codehaus.groovy.ast.expr.EmptyExpression>: null

2022-06-30 22:29:14 - [TEST_STEP][PASSED] - criteria = findTestData(dataFile).getValue("ProfileName", row): null

2022-06-30 22:29:14 - [TEST_STEP][PASSED] - path_SearchProfile = "Object Repository/AdminSuiteBootstrap_Pages/VSP_Bootstrap/SearchProfile/": null

2022-06-30 22:29:14 - [TEST_STEP][PASSED] - setText(findTestObject(path_SearchProfile + "input_Criteria"), criteria): Text 'PaymentsMC' is set on object 'Object Repository/AdminSuiteBootstrap_Pages/VSP_Bootstrap/SearchProfile/input_Criteria'

2022-06-30 22:29:15 - [MESSAGE][PASSED] - Text 'PaymentsMC' is set on object 'Object Repository/AdminSuiteBootstrap_Pages/VSP_Bootstrap/SearchProfile/input_Criteria'

2022-06-30 22:29:15 - [TEST_STEP][PASSED] - click(findTestObject(path_SearchProfile + "button_Search")): Object: 'Object Repository/AdminSuiteBootstrap_Pages/VSP_Bootstrap/SearchProfile/button_Search' is clicked on

2022-06-30 22:29:16 - [MESSAGE][PASSED] - Object: 'Object Repository/AdminSuiteBootstrap_Pages/VSP_Bootstrap/SearchProfile/button_Search' is clicked on

2022-06-30 22:29:16 - [TEST_STEP][PASSED] - profNameLink = findTestData(dataFile).getValue("ProfileNameLink", row): null

2022-06-30 22:29:16 - [TEST_STEP][PASSED] - click(findTestObject(path_ViewProfile + profNameLink)): Object: 'Object Repository/AdminSuiteBootstrap_Pages/VSP_Bootstrap/View Profile/a_PaymentsMC' is clicked on

2022-06-30 22:29:18 - [MESSAGE][PASSED] - Object: 'Object Repository/AdminSuiteBootstrap_Pages/VSP_Bootstrap/View Profile/a_PaymentsMC' is clicked on

2022-06-30 22:29:18 - [TEST_STEP][PASSED] - click(findTestObject(path_ViewProfile + "a_AuthCap")): Object: 'Object Repository/AdminSuiteBootstrap_Pages/VSP_Bootstrap/View Profile/a_AuthCap' is clicked on

2022-06-30 22:29:20 - [MESSAGE][PASSED] - Object: 'Object Repository/AdminSuiteBootstrap_Pages/VSP_Bootstrap/View Profile/a_AuthCap' is clicked on

2022-06-30 22:29:20 - [TEST_STEP][PASSED] - verifyTextPresent("Credit Card Authorization Capture", true): Text 'Credit Card Authorization Capture' is present on page  using regular expression

2022-06-30 22:29:21 - [MESSAGE][PASSED] - Text 'Credit Card Authorization Capture' is present on page  using regular expression

2022-06-30 22:29:21 - [TEST_STEP][PASSED] - verifyTextPresent("Sale", true): Text 'Sale' is present on page  using regular expression

2022-06-30 22:29:21 - [MESSAGE][PASSED] - Text 'Sale' is present on page  using regular expression

2022-06-30 22:29:21 - [TEST_STEP][PASSED] - verifyTextPresent("Required fields are highlighted with an asterisk", true): Text 'Required fields are highlighted with an asterisk' is present on page  using regular expression

2022-06-30 22:29:22 - [MESSAGE][PASSED] - Text 'Required fields are highlighted with an asterisk' is present on page  using regular expression

2022-06-30 22:29:22 - [TEST_STEP][PASSED] - verifyTextPresent("Remittance ID", true): Text 'Remittance ID' is present on page  using regular expression

2022-06-30 22:29:22 - [MESSAGE][PASSED] - Text 'Remittance ID' is present on page  using regular expression

2022-06-30 22:29:22 - [TEST_STEP][PASSED] - vspBootstrap.SalePage.setDataSaleAndAuth(row, dataFile): vspBootstrap.SalePage.setDataSaleAndAuth is PASSED

2022-06-30 22:29:24 - [MESSAGE][PASSED] - All options with value 'MOTO' are selected in object 'Object Repository/AdminSuiteBootstrap_Pages/VSP_Bootstrap/VSP_Authcap/select_TransactionCategory'  using regular expression

2022-06-30 22:29:24 - [MESSAGE][PASSED] - Text '123' is set on object 'Object Repository/AdminSuiteBootstrap_Pages/VSP_Bootstrap/VSP_Authcap/input_cvv'

2022-06-30 22:29:25 - [MESSAGE][PASSED] - Text '' is set on object 'Object Repository/AdminSuiteBootstrap_Pages/VSP_Bootstrap/VSP_Authcap/input_smsNumber'

2022-06-30 22:29:26 - [MESSAGE][PASSED] - Text '2.50' is set on object 'Object Repository/AdminSuiteBootstrap_Pages/VSP_Bootstrap/VSP_Authcap/input_amount'

2022-06-30 22:29:27 - [MESSAGE][PASSED] - Text 'Delhi' is set on object 'Object Repository/AdminSuiteBootstrap_Pages/VSP_Bootstrap/VSP_Authcap/input_userDefined1'

2022-06-30 22:29:27 - [MESSAGE][PASSED] - Text 'Chennai' is set on object 'Object Repository/AdminSuiteBootstrap_Pages/VSP_Bootstrap/VSP_Authcap/input_userDefined2'

2022-06-30 22:29:28 - [MESSAGE][PASSED] - Text 'Mumbai' is set on object 'Object Repository/AdminSuiteBootstrap_Pages/VSP_Bootstrap/VSP_Authcap/input_userDefined3'

2022-06-30 22:29:29 - [MESSAGE][PASSED] - Text 'Kanpur' is set on object 'Object Repository/AdminSuiteBootstrap_Pages/VSP_Bootstrap/VSP_Authcap/input_userDefined4'

2022-06-30 22:29:30 - [MESSAGE][PASSED] - All options with label 'Orange' are selected in object 'Object Repository/AdminSuiteBootstrap_Pages/VSP_Bootstrap/VSP_Authcap/select_UDF5'  using regular expression

2022-06-30 22:29:30 - [MESSAGE][PASSED] - All options with label 'Yellow' are selected in object 'Object Repository/AdminSuiteBootstrap_Pages/VSP_Bootstrap/VSP_Authcap/select_UDF6'  using regular expression

2022-06-30 22:29:31 - [MESSAGE][PASSED] - Text 'Kolkata' is set on object 'Object Repository/AdminSuiteBootstrap_Pages/VSP_Bootstrap/VSP_Authcap/input_userDefined7'

2022-06-30 22:29:32 - [MESSAGE][PASSED] - Text 'Pune' is set on object 'Object Repository/AdminSuiteBootstrap_Pages/VSP_Bootstrap/VSP_Authcap/input_userDefined8'

2022-06-30 22:29:32 - [MESSAGE][PASSED] - Text 'Bhavnagar' is set on object 'Object Repository/AdminSuiteBootstrap_Pages/VSP_Bootstrap/VSP_Authcap/input_userDefined9'

2022-06-30 22:29:33 - [MESSAGE][PASSED] - Text 'Noida' is set on object 'Object Repository/AdminSuiteBootstrap_Pages/VSP_Bootstrap/VSP_Authcap/input_userDefined10'

2022-06-30 22:29:36 - [MESSAGE][PASSED] - Object: 'Object Repository/AdminSuiteBootstrap_Pages/VSP_Bootstrap/VSP_Authcap/button_Submit' is clicked on

2022-06-30 22:29:36 - [MESSAGE][PASSED] - vspBootstrap.SalePage.setDataSaleAndAuth is PASSED

2022-06-30 22:29:36 - [TEST_STEP][PASSED] - verifyTextPresent("Transaction Successful", true): Text 'Transaction Successful' is present on page  using regular expression

2022-06-30 22:29:36 - [MESSAGE][PASSED] - Text 'Transaction Successful' is present on page  using regular expression

2022-06-30 22:29:36 - [TEST_STEP][PASSED] - verifyElementVisible(findTestObject("Object Repository/AdminSuiteBootstrap_Pages/VT_Bootstrap/Receipt/button_Continue")): Object 'Object Repository/AdminSuiteBootstrap_Pages/VT_Bootstrap/Receipt/button_Continue' is visible

2022-06-30 22:29:36 - [MESSAGE][PASSED] - Object 'Object Repository/AdminSuiteBootstrap_Pages/VT_Bootstrap/Receipt/button_Continue' is visible

2022-06-30 22:29:36 - [TEST_STEP][PASSED] - verifyElementPresent(findTestObject("Object Repository/AdminSuiteBootstrap_Pages/VT_Bootstrap/Receipt/button_Continue"), 20): Object 'Object Repository/AdminSuiteBootstrap_Pages/VT_Bootstrap/Receipt/button_Continue' is present

2022-06-30 22:29:37 - [MESSAGE][PASSED] - Object 'Object Repository/AdminSuiteBootstrap_Pages/VT_Bootstrap/Receipt/button_Continue' is present

2022-06-30 22:29:37 - [TEST_STEP][PASSED] - verifyElementVisible(findTestObject("Object Repository/AdminSuiteBootstrap_Pages/VT_Bootstrap/Receipt/button_Print")): Object 'Object Repository/AdminSuiteBootstrap_Pages/VT_Bootstrap/Receipt/button_Print' is visible

2022-06-30 22:29:37 - [MESSAGE][PASSED] - Object 'Object Repository/AdminSuiteBootstrap_Pages/VT_Bootstrap/Receipt/button_Print' is visible

2022-06-30 22:29:37 - [TEST_STEP][PASSED] - verifyElementPresent(findTestObject("Object Repository/AdminSuiteBootstrap_Pages/VT_Bootstrap/Receipt/button_Print"), 20): Object 'Object Repository/AdminSuiteBootstrap_Pages/VT_Bootstrap/Receipt/button_Print' is present

2022-06-30 22:29:38 - [MESSAGE][PASSED] - Object 'Object Repository/AdminSuiteBootstrap_Pages/VT_Bootstrap/Receipt/button_Print' is present

2022-06-30 22:29:38 - [TEST_STEP][PASSED] - verifyTextPresent("Remittance ID", true): Text 'Remittance ID' is present on page  using regular expression

2022-06-30 22:29:38 - [MESSAGE][PASSED] - Text 'Remittance ID' is present on page  using regular expression

2022-06-30 22:29:38 - [TEST_STEP][PASSED] - verifyTextPresent("Received", true): Text 'Received' is present on page  using regular expression

2022-06-30 22:29:38 - [MESSAGE][PASSED] - Text 'Received' is present on page  using regular expression

2022-06-30 22:29:38 - [TEST_STEP][PASSED] - verifyTextPresent("UDF1", true): Text 'UDF1' is present on page  using regular expression

2022-06-30 22:29:39 - [MESSAGE][PASSED] - Text 'UDF1' is present on page  using regular expression

2022-06-30 22:29:39 - [TEST_STEP][PASSED] - verifyTextPresent("UDF2", true): Text 'UDF2' is present on page  using regular expression

2022-06-30 22:29:39 - [MESSAGE][PASSED] - Text 'UDF2' is present on page  using regular expression

2022-06-30 22:29:39 - [TEST_STEP][PASSED] - verifyTextPresent("UDF3", true): Text 'UDF3' is present on page  using regular expression

2022-06-30 22:29:39 - [MESSAGE][PASSED] - Text 'UDF3' is present on page  using regular expression

2022-06-30 22:29:39 - [TEST_STEP][PASSED] - verifyTextPresent("UDF4", true): Text 'UDF4' is present on page  using regular expression

2022-06-30 22:29:40 - [MESSAGE][PASSED] - Text 'UDF4' is present on page  using regular expression

2022-06-30 22:29:40 - [TEST_STEP][PASSED] - verifyTextPresent("UDF5", true): Text 'UDF5' is present on page  using regular expression

2022-06-30 22:29:40 - [MESSAGE][PASSED] - Text 'UDF5' is present on page  using regular expression

2022-06-30 22:29:40 - [TEST_STEP][PASSED] - verifyTextPresent("UDF6", true): Text 'UDF6' is present on page  using regular expression

2022-06-30 22:29:40 - [MESSAGE][PASSED] - Text 'UDF6' is present on page  using regular expression

2022-06-30 22:29:40 - [TEST_STEP][PASSED] - verifyTextPresent("UDF7", true): Text 'UDF7' is present on page  using regular expression

2022-06-30 22:29:41 - [MESSAGE][PASSED] - Text 'UDF7' is present on page  using regular expression

2022-06-30 22:29:41 - [TEST_STEP][PASSED] - verifyTextPresent("UDF8", true): Text 'UDF8' is present on page  using regular expression

2022-06-30 22:29:41 - [MESSAGE][PASSED] - Text 'UDF8' is present on page  using regular expression

2022-06-30 22:29:41 - [TEST_STEP][PASSED] - verifyTextPresent("UDF9", true): Text 'UDF9' is present on page  using regular expression

2022-06-30 22:29:41 - [MESSAGE][PASSED] - Text 'UDF9' is present on page  using regular expression

2022-06-30 22:29:41 - [TEST_STEP][PASSED] - verifyTextPresent("UDF 10", true): Text 'UDF 10' is present on page  using regular expression

2022-06-30 22:29:42 - [MESSAGE][PASSED] - Text 'UDF 10' is present on page  using regular expression

2022-06-30 22:29:42 - [TEST_STEP][PASSED] - verifyTextPresent("Delhi", true): Text 'Delhi' is present on page  using regular expression

2022-06-30 22:29:42 - [MESSAGE][PASSED] - Text 'Delhi' is present on page  using regular expression

2022-06-30 22:29:42 - [TEST_STEP][PASSED] - verifyTextPresent("Chennai", true): Text 'Chennai' is present on page  using regular expression

2022-06-30 22:29:42 - [MESSAGE][PASSED] - Text 'Chennai' is present on page  using regular expression

2022-06-30 22:29:42 - [TEST_STEP][PASSED] - verifyTextPresent("Mumbai", true): Text 'Mumbai' is present on page  using regular expression

2022-06-30 22:29:42 - [MESSAGE][PASSED] - Text 'Mumbai' is present on page  using regular expression

2022-06-30 22:29:42 - [TEST_STEP][PASSED] - verifyTextPresent("Kanpur", true): Text 'Kanpur' is present on page  using regular expression

2022-06-30 22:29:43 - [MESSAGE][PASSED] - Text 'Kanpur' is present on page  using regular expression

2022-06-30 22:29:43 - [TEST_STEP][PASSED] - verifyTextPresent("Orange Recorded", true): Text 'Orange Recorded' is present on page  using regular expression

2022-06-30 22:29:43 - [MESSAGE][PASSED] - Text 'Orange Recorded' is present on page  using regular expression

2022-06-30 22:29:43 - [TEST_STEP][PASSED] - verifyTextPresent("Yellow Recorded", true): Text 'Yellow Recorded' is present on page  using regular expression

2022-06-30 22:29:43 - [MESSAGE][PASSED] - Text 'Yellow Recorded' is present on page  using regular expression

2022-06-30 22:29:43 - [TEST_STEP][PASSED] - verifyTextPresent("Kolkata", true): Text 'Kolkata' is present on page  using regular expression

2022-06-30 22:29:44 - [MESSAGE][PASSED] - Text 'Kolkata' is present on page  using regular expression

2022-06-30 22:29:44 - [TEST_STEP][PASSED] - verifyTextPresent("Pune", true): Text 'Pune' is present on page  using regular expression

2022-06-30 22:29:44 - [MESSAGE][PASSED] - Text 'Pune' is present on page  using regular expression

2022-06-30 22:29:44 - [TEST_STEP][PASSED] - verifyTextPresent("Bhavnagar", true): Text 'Bhavnagar' is present on page  using regular expression

2022-06-30 22:29:44 - [MESSAGE][PASSED] - Text 'Bhavnagar' is present on page  using regular expression

2022-06-30 22:29:44 - [TEST_STEP][PASSED] - verifyTextPresent("Noida", true): Text 'Noida' is present on page  using regular expression

2022-06-30 22:29:45 - [MESSAGE][PASSED] - Text 'Noida' is present on page  using regular expression

2022-06-30 22:29:45 - [TEST_STEP][PASSED] - verifyTextPresent("Amount", true): Text 'Amount' is present on page  using regular expression

2022-06-30 22:29:45 - [MESSAGE][PASSED] - Text 'Amount' is present on page  using regular expression

2022-06-30 22:29:45 - [TEST_STEP][PASSED] - verifyTextPresent("2.50", true): Text '2.50' is present on page  using regular expression

2022-06-30 22:29:45 - [MESSAGE][PASSED] - Text '2.50' is present on page  using regular expression

2022-06-30 22:29:45 - [TEST_STEP][PASSED] - verifyTextPresent("Authorization and Capture", true): Text 'Authorization and Capture' is present on page  using regular expression

2022-06-30 22:29:46 - [MESSAGE][PASSED] - Text 'Authorization and Capture' is present on page  using regular expression

2022-06-30 22:29:46 - [TEST_STEP][PASSED] - verifyTextPresent("Card Information", true): Text 'Card Information' is present on page  using regular expression

2022-06-30 22:29:46 - [MESSAGE][PASSED] - Text 'Card Information' is present on page  using regular expression

2022-06-30 22:29:46 - [TEST_STEP][PASSED] - verifyTextPresent("TANDON RAVENA", true): Text 'TANDON RAVENA' is present on page  using regular expression

2022-06-30 22:29:46 - [MESSAGE][PASSED] - Text 'TANDON RAVENA' is present on page  using regular expression

2022-06-30 22:29:46 - [TEST_STEP][PASSED] - verifyTextPresent("Address Line 1", true): Text 'Address Line 1' is present on page  using regular expression

2022-06-30 22:29:47 - [MESSAGE][PASSED] - Text 'Address Line 1' is present on page  using regular expression

2022-06-30 22:29:47 - [TEST_STEP][PASSED] - verifyTextPresent("Address Line 2", true): Text 'Address Line 2' is present on page  using regular expression

2022-06-30 22:29:47 - [MESSAGE][PASSED] - Text 'Address Line 2' is present on page  using regular expression

2022-06-30 22:29:47 - [TEST_STEP][PASSED] - verifyTextPresent("Country", true): Text 'Country' is present on page  using regular expression

2022-06-30 22:29:47 - [MESSAGE][PASSED] - Text 'Country' is present on page  using regular expression

2022-06-30 22:29:47 - [TEST_STEP][PASSED] - verifyTextPresent("City", true): Text 'City' is present on page  using regular expression

2022-06-30 22:29:48 - [MESSAGE][PASSED] - Text 'City' is present on page  using regular expression

2022-06-30 22:29:48 - [TEST_STEP][PASSED] - verifyTextPresent("State", true): Text 'State' is present on page  using regular expression

2022-06-30 22:29:48 - [MESSAGE][PASSED] - Text 'State' is present on page  using regular expression

2022-06-30 22:29:48 - [TEST_STEP][PASSED] - verifyTextPresent("ZIP Code", true): Text 'ZIP Code' is present on page  using regular expression

2022-06-30 22:29:48 - [MESSAGE][PASSED] - Text 'ZIP Code' is present on page  using regular expression

2022-06-30 22:29:48 - [TEST_STEP][PASSED] - verifyTextPresent("248 PhoolKaante road", true): Text '248 PhoolKaante road' is present on page  using regular expression

2022-06-30 22:29:49 - [MESSAGE][PASSED] - Text '248 PhoolKaante road' is present on page  using regular expression

2022-06-30 22:29:49 - [TEST_STEP][PASSED] - verifyTextPresent("Suite 678", true): Text 'Suite 678' is present on page  using regular expression

2022-06-30 22:29:49 - [MESSAGE][PASSED] - Text 'Suite 678' is present on page  using regular expression

2022-06-30 22:29:49 - [TEST_STEP][PASSED] - verifyTextPresent("United States", true): Text 'United States' is present on page  using regular expression

2022-06-30 22:29:49 - [MESSAGE][PASSED] - Text 'United States' is present on page  using regular expression

2022-06-30 22:29:49 - [TEST_STEP][PASSED] - verifyTextPresent("ARLINGTON", true): Text 'ARLINGTON' is present on page  using regular expression

2022-06-30 22:29:50 - [MESSAGE][PASSED] - Text 'ARLINGTON' is present on page  using regular expression

2022-06-30 22:29:50 - [TEST_STEP][PASSED] - verifyTextPresent("VA", true): Text 'VA' is present on page  using regular expression

2022-06-30 22:29:50 - [MESSAGE][PASSED] - Text 'VA' is present on page  using regular expression

2022-06-30 22:29:50 - [TEST_STEP][PASSED] - verifyTextPresent("22201", true): Text '22201' is present on page  using regular expression

2022-06-30 22:29:50 - [MESSAGE][PASSED] - Text '22201' is present on page  using regular expression

2022-06-30 22:29:50 - [TEST_STEP][PASSED] - cardTypeV = findTestData(dataFile).getValue("CardType", row): null

2022-06-30 22:29:50 - [TEST_STEP][PASSED] - last4V = findTestData(dataFile).getValue("Last4", row): null

2022-06-30 22:29:50 - [TEST_STEP][PASSED] - verifyTextPresent(cardTypeV, true): Text 'MasterCard' is present on page  using regular expression

2022-06-30 22:29:51 - [MESSAGE][PASSED] - Text 'MasterCard' is present on page  using regular expression

2022-06-30 22:29:51 - [TEST_STEP][PASSED] - verifyTextPresent(last4V, true): Text '0035' is present on page  using regular expression

2022-06-30 22:29:51 - [MESSAGE][PASSED] - Text '0035' is present on page  using regular expression

2022-06-30 22:29:51 - [TEST_STEP][PASSED] - switch (appName): null

2022-06-30 22:29:51 - [TEST_STEP][PASSED] - case "a_Access AutoDualCFtpQA":: null

2022-06-30 22:29:51 - [TEST_STEP][PASSED] - verifyTextPresent("5.00", true): Text '5.00' is present on page  using regular expression

2022-06-30 22:29:51 - [MESSAGE][PASSED] - Text '5.00' is present on page  using regular expression

2022-06-30 22:29:51 - [TEST_STEP][PASSED] - verifyTextPresent("Dual Transaction", true): Text 'Dual Transaction' is present on page  using regular expression

2022-06-30 22:29:52 - [MESSAGE][PASSED] - Text 'Dual Transaction' is present on page  using regular expression

2022-06-30 22:29:52 - [TEST_STEP][PASSED] - verifyTextPresent("7.50", true): Text '7.50' is present on page  using regular expression

2022-06-30 22:29:52 - [MESSAGE][PASSED] - Text '7.50' is present on page  using regular expression

2022-06-30 22:29:52 - [TEST_STEP][PASSED] - verifyTextPresent("Total Amount", true): Text 'Total Amount' is present on page  using regular expression

2022-06-30 22:29:52 - [MESSAGE][PASSED] - Text 'Total Amount' is present on page  using regular expression

2022-06-30 22:29:52 - [TEST_STEP][PASSED] - verifyTextPresent("Transaction Type", true): Text 'Transaction Type' is present on page  using regular expression

2022-06-30 22:29:52 - [MESSAGE][PASSED] - Text 'Transaction Type' is present on page  using regular expression

2022-06-30 22:29:52 - [TEST_STEP][PASSED] - break: null

2022-06-30 22:29:52 - [TEST_STEP][PASSED] - closeBrowser(): Browser is closed

2022-06-30 22:29:53 - [MESSAGE][PASSED] - Browser is closed

2022-06-30 22:29:53 - [TEST_STEP][PASSED] - ExecuteTC = findTestData(dataFile).getValue("Execute", row): null

2022-06-30 22:29:53 - [TEST_STEP][PASSED] - out.println("Value of Execute is : " + ExecuteTC): null

2022-06-30 22:29:53 - [TEST_STEP][PASSED] - switch (executionProfile): null

2022-06-30 22:29:53 - [TEST_STEP][PASSED] - case "QAProfile":: null

2022-06-30 22:29:53 - [TEST_STEP][PASSED] - appName = findTestData(dataFile).getValue("AppNameQA", row): null

2022-06-30 22:29:53 - [TEST_STEP][PASSED] - appID = findTestData(dataFile).getValue("AppIDQA", row): null

2022-06-30 22:29:53 - [TEST_STEP][PASSED] - break: null

2022-06-30 22:29:53 - [TEST_STEP][PASSED] - if (ExecuteTC.equalsIgnoreCase("Y")): null

2022-06-30 22:29:53 - [TEST_STEP][PASSED] - out.println("Begin Record Number: " + row): null

2022-06-30 22:29:53 - [TEST_STEP][PASSED] - today = new java.util.Date(): null

2022-06-30 22:29:53 - [TEST_STEP][PASSED] - println(today): null

2022-06-30 22:29:53 - [TEST_STEP][PASSED] - datText = today: null

2022-06-30 22:29:53 - [TEST_STEP][PASSED] - adminSuiteBootstrap.loginFunctionality.login_AdminSuite(): adminSuiteBootstrap.loginFunctionality.login_AdminSuite is PASSED

2022-06-30 22:29:53 - [MESSAGE][INFO] - Starting 'Chrome' driver

2022-06-30 22:29:53 - [MESSAGE][INFO] - User set preference: ['acceptInsecureCerts', 'true']

2022-06-30 22:29:53 - [MESSAGE][INFO] - Action delay is set to 0 milliseconds

2022-06-30 22:29:57 - [MESSAGE][PASSED] - Browser is opened with url: 'https://qa.velocitypayment.com/admin/imtiaz'

2022-06-30 22:29:57 - [MESSAGE][PASSED] - Current window maximized

2022-06-30 22:29:57 - [MESSAGE][PASSED] - Object 'Object Repository/Login_Page/Login_Username' is present

2022-06-30 22:29:58 - [MESSAGE][PASSED] - Text 'iahmed' is set on object 'Object Repository/Login_Page/Login_Username'

2022-06-30 22:29:58 - [MESSAGE][PASSED] - Text 'hello2222' is set on object 'Object Repository/Login_Page/Login_Password'

2022-06-30 22:30:02 - [MESSAGE][PASSED] - Object: 'Object Repository/Login_Page/Login_Submit' is clicked on

2022-06-30 22:30:02 - [MESSAGE][PASSED] - adminSuiteBootstrap.loginFunctionality.login_AdminSuite is PASSED

2022-06-30 22:30:02 - [TEST_STEP][PASSED] - click(findTestObject(path_Dashboard + appName)): Object: 'Object Repository/AdminSuiteBootstrap_Pages/Dashboard_Bootstrap/a_Access AutoDualCFtpQA' is clicked on

2022-06-30 22:30:03 - [MESSAGE][PASSED] - Object: 'Object Repository/AdminSuiteBootstrap_Pages/Dashboard_Bootstrap/a_Access AutoDualCFtpQA' is clicked on

2022-06-30 22:30:03 - [TEST_STEP][PASSED] - click(findTestObject(path_VT + "a_Find Profile")): Object: 'Object Repository/AdminSuiteBootstrap_Pages/VT_Bootstrap/IssueTransactions/a_Find Profile' is clicked on

2022-06-30 22:30:04 - [MESSAGE][PASSED] - Object: 'Object Repository/AdminSuiteBootstrap_Pages/VT_Bootstrap/IssueTransactions/a_Find Profile' is clicked on

2022-06-30 22:30:04 - [TEST_STEP][PASSED] - criteria = <not implemented yet for class: org.codehaus.groovy.ast.expr.EmptyExpression>: null

2022-06-30 22:30:04 - [TEST_STEP][PASSED] - searchBy = <not implemented yet for class: org.codehaus.groovy.ast.expr.EmptyExpression>: null

2022-06-30 22:30:04 - [TEST_STEP][PASSED] - criteria = findTestData(dataFile).getValue("ProfileName", row): null

2022-06-30 22:30:04 - [TEST_STEP][PASSED] - path_SearchProfile = "Object Repository/AdminSuiteBootstrap_Pages/VSP_Bootstrap/SearchProfile/": null

2022-06-30 22:30:04 - [TEST_STEP][PASSED] - setText(findTestObject(path_SearchProfile + "input_Criteria"), criteria): Text 'PaymentsAmEx' is set on object 'Object Repository/AdminSuiteBootstrap_Pages/VSP_Bootstrap/SearchProfile/input_Criteria'

2022-06-30 22:30:05 - [MESSAGE][PASSED] - Text 'PaymentsAmEx' is set on object 'Object Repository/AdminSuiteBootstrap_Pages/VSP_Bootstrap/SearchProfile/input_Criteria'

2022-06-30 22:30:05 - [TEST_STEP][PASSED] - click(findTestObject(path_SearchProfile + "button_Search")): Object: 'Object Repository/AdminSuiteBootstrap_Pages/VSP_Bootstrap/SearchProfile/button_Search' is clicked on

2022-06-30 22:30:06 - [MESSAGE][PASSED] - Object: 'Object Repository/AdminSuiteBootstrap_Pages/VSP_Bootstrap/SearchProfile/button_Search' is clicked on

2022-06-30 22:30:06 - [TEST_STEP][PASSED] - profNameLink = findTestData(dataFile).getValue("ProfileNameLink", row): null

2022-06-30 22:30:06 - [TEST_STEP][PASSED] - click(findTestObject(path_ViewProfile + profNameLink)): Object: 'Object Repository/AdminSuiteBootstrap_Pages/VSP_Bootstrap/View Profile/a_PaymentsAmEx' is clicked on

2022-06-30 22:30:08 - [MESSAGE][PASSED] - Object: 'Object Repository/AdminSuiteBootstrap_Pages/VSP_Bootstrap/View Profile/a_PaymentsAmEx' is clicked on

2022-06-30 22:30:08 - [TEST_STEP][PASSED] - click(findTestObject(path_ViewProfile + "a_AuthCap")): Object: 'Object Repository/AdminSuiteBootstrap_Pages/VSP_Bootstrap/View Profile/a_AuthCap' is clicked on

2022-06-30 22:30:11 - [MESSAGE][PASSED] - Object: 'Object Repository/AdminSuiteBootstrap_Pages/VSP_Bootstrap/View Profile/a_AuthCap' is clicked on

2022-06-30 22:30:11 - [TEST_STEP][PASSED] - verifyTextPresent("Credit Card Authorization Capture", true): Text 'Credit Card Authorization Capture' is present on page  using regular expression

2022-06-30 22:30:12 - [MESSAGE][PASSED] - Text 'Credit Card Authorization Capture' is present on page  using regular expression

2022-06-30 22:30:12 - [TEST_STEP][PASSED] - verifyTextPresent("Sale", true): Text 'Sale' is present on page  using regular expression

2022-06-30 22:30:12 - [MESSAGE][PASSED] - Text 'Sale' is present on page  using regular expression

2022-06-30 22:30:12 - [TEST_STEP][PASSED] - verifyTextPresent("Required fields are highlighted with an asterisk", true): Text 'Required fields are highlighted with an asterisk' is present on page  using regular expression

2022-06-30 22:30:13 - [MESSAGE][PASSED] - Text 'Required fields are highlighted with an asterisk' is present on page  using regular expression

2022-06-30 22:30:13 - [TEST_STEP][PASSED] - verifyTextPresent("Remittance ID", true): Text 'Remittance ID' is present on page  using regular expression

2022-06-30 22:30:13 - [MESSAGE][PASSED] - Text 'Remittance ID' is present on page  using regular expression

2022-06-30 22:30:13 - [TEST_STEP][PASSED] - vspBootstrap.SalePage.setDataSaleAndAuth(row, dataFile): vspBootstrap.SalePage.setDataSaleAndAuth is PASSED

2022-06-30 22:30:14 - [MESSAGE][PASSED] - All options with value 'MOTO' are selected in object 'Object Repository/AdminSuiteBootstrap_Pages/VSP_Bootstrap/VSP_Authcap/select_TransactionCategory'  using regular expression

2022-06-30 22:30:15 - [MESSAGE][PASSED] - Text '1234' is set on object 'Object Repository/AdminSuiteBootstrap_Pages/VSP_Bootstrap/VSP_Authcap/input_cvv'

2022-06-30 22:30:16 - [MESSAGE][PASSED] - Text '' is set on object 'Object Repository/AdminSuiteBootstrap_Pages/VSP_Bootstrap/VSP_Authcap/input_smsNumber'

2022-06-30 22:30:16 - [MESSAGE][PASSED] - Text '2.50' is set on object 'Object Repository/AdminSuiteBootstrap_Pages/VSP_Bootstrap/VSP_Authcap/input_amount'

2022-06-30 22:30:18 - [MESSAGE][PASSED] - Text 'Delhi' is set on object 'Object Repository/AdminSuiteBootstrap_Pages/VSP_Bootstrap/VSP_Authcap/input_userDefined1'

2022-06-30 22:30:18 - [MESSAGE][PASSED] - Text 'Chennai' is set on object 'Object Repository/AdminSuiteBootstrap_Pages/VSP_Bootstrap/VSP_Authcap/input_userDefined2'

2022-06-30 22:30:19 - [MESSAGE][PASSED] - Text 'Mumbai' is set on object 'Object Repository/AdminSuiteBootstrap_Pages/VSP_Bootstrap/VSP_Authcap/input_userDefined3'

2022-06-30 22:30:20 - [MESSAGE][PASSED] - Text 'Kanpur' is set on object 'Object Repository/AdminSuiteBootstrap_Pages/VSP_Bootstrap/VSP_Authcap/input_userDefined4'

2022-06-30 22:30:21 - [MESSAGE][PASSED] - All options with label 'Orange' are selected in object 'Object Repository/AdminSuiteBootstrap_Pages/VSP_Bootstrap/VSP_Authcap/select_UDF5'  using regular expression

2022-06-30 22:30:21 - [MESSAGE][PASSED] - All options with label 'Yellow' are selected in object 'Object Repository/AdminSuiteBootstrap_Pages/VSP_Bootstrap/VSP_Authcap/select_UDF6'  using regular expression

2022-06-30 22:30:22 - [MESSAGE][PASSED] - Text 'Kolkata' is set on object 'Object Repository/AdminSuiteBootstrap_Pages/VSP_Bootstrap/VSP_Authcap/input_userDefined7'

2022-06-30 22:30:23 - [MESSAGE][PASSED] - Text 'Pune' is set on object 'Object Repository/AdminSuiteBootstrap_Pages/VSP_Bootstrap/VSP_Authcap/input_userDefined8'

2022-06-30 22:30:23 - [MESSAGE][PASSED] - Text 'Bhavnagar' is set on object 'Object Repository/AdminSuiteBootstrap_Pages/VSP_Bootstrap/VSP_Authcap/input_userDefined9'

2022-06-30 22:30:24 - [MESSAGE][PASSED] - Text 'Noida' is set on object 'Object Repository/AdminSuiteBootstrap_Pages/VSP_Bootstrap/VSP_Authcap/input_userDefined10'

2022-06-30 22:30:28 - [MESSAGE][PASSED] - Object: 'Object Repository/AdminSuiteBootstrap_Pages/VSP_Bootstrap/VSP_Authcap/button_Submit' is clicked on

2022-06-30 22:30:28 - [MESSAGE][PASSED] - vspBootstrap.SalePage.setDataSaleAndAuth is PASSED

2022-06-30 22:30:28 - [TEST_STEP][PASSED] - verifyTextPresent("Transaction Successful", true): Text 'Transaction Successful' is present on page  using regular expression

2022-06-30 22:30:28 - [MESSAGE][PASSED] - Text 'Transaction Successful' is present on page  using regular expression

2022-06-30 22:30:28 - [TEST_STEP][PASSED] - verifyElementVisible(findTestObject("Object Repository/AdminSuiteBootstrap_Pages/VT_Bootstrap/Receipt/button_Continue")): Object 'Object Repository/AdminSuiteBootstrap_Pages/VT_Bootstrap/Receipt/button_Continue' is visible

2022-06-30 22:30:28 - [MESSAGE][PASSED] - Object 'Object Repository/AdminSuiteBootstrap_Pages/VT_Bootstrap/Receipt/button_Continue' is visible

2022-06-30 22:30:28 - [TEST_STEP][PASSED] - verifyElementPresent(findTestObject("Object Repository/AdminSuiteBootstrap_Pages/VT_Bootstrap/Receipt/button_Continue"), 20): Object 'Object Repository/AdminSuiteBootstrap_Pages/VT_Bootstrap/Receipt/button_Continue' is present

2022-06-30 22:30:29 - [MESSAGE][PASSED] - Object 'Object Repository/AdminSuiteBootstrap_Pages/VT_Bootstrap/Receipt/button_Continue' is present

2022-06-30 22:30:29 - [TEST_STEP][PASSED] - verifyElementVisible(findTestObject("Object Repository/AdminSuiteBootstrap_Pages/VT_Bootstrap/Receipt/button_Print")): Object 'Object Repository/AdminSuiteBootstrap_Pages/VT_Bootstrap/Receipt/button_Print' is visible

2022-06-30 22:30:29 - [MESSAGE][PASSED] - Object 'Object Repository/AdminSuiteBootstrap_Pages/VT_Bootstrap/Receipt/button_Print' is visible

2022-06-30 22:30:29 - [TEST_STEP][PASSED] - verifyElementPresent(findTestObject("Object Repository/AdminSuiteBootstrap_Pages/VT_Bootstrap/Receipt/button_Print"), 20): Object 'Object Repository/AdminSuiteBootstrap_Pages/VT_Bootstrap/Receipt/button_Print' is present

2022-06-30 22:30:29 - [MESSAGE][PASSED] - Object 'Object Repository/AdminSuiteBootstrap_Pages/VT_Bootstrap/Receipt/button_Print' is present

2022-06-30 22:30:29 - [TEST_STEP][PASSED] - verifyTextPresent("Remittance ID", true): Text 'Remittance ID' is present on page  using regular expression

2022-06-30 22:30:30 - [MESSAGE][PASSED] - Text 'Remittance ID' is present on page  using regular expression

2022-06-30 22:30:30 - [TEST_STEP][PASSED] - verifyTextPresent("Received", true): Text 'Received' is present on page  using regular expression

2022-06-30 22:30:30 - [MESSAGE][PASSED] - Text 'Received' is present on page  using regular expression

2022-06-30 22:30:30 - [TEST_STEP][PASSED] - verifyTextPresent("UDF1", true): Text 'UDF1' is present on page  using regular expression

2022-06-30 22:30:30 - [MESSAGE][PASSED] - Text 'UDF1' is present on page  using regular expression

2022-06-30 22:30:30 - [TEST_STEP][PASSED] - verifyTextPresent("UDF2", true): Text 'UDF2' is present on page  using regular expression

2022-06-30 22:30:31 - [MESSAGE][PASSED] - Text 'UDF2' is present on page  using regular expression

2022-06-30 22:30:31 - [TEST_STEP][PASSED] - verifyTextPresent("UDF3", true): Text 'UDF3' is present on page  using regular expression

2022-06-30 22:30:31 - [MESSAGE][PASSED] - Text 'UDF3' is present on page  using regular expression

2022-06-30 22:30:31 - [TEST_STEP][PASSED] - verifyTextPresent("UDF4", true): Text 'UDF4' is present on page  using regular expression

2022-06-30 22:30:32 - [MESSAGE][PASSED] - Text 'UDF4' is present on page  using regular expression

2022-06-30 22:30:32 - [TEST_STEP][PASSED] - verifyTextPresent("UDF5", true): Text 'UDF5' is present on page  using regular expression

2022-06-30 22:30:32 - [MESSAGE][PASSED] - Text 'UDF5' is present on page  using regular expression

2022-06-30 22:30:32 - [TEST_STEP][PASSED] - verifyTextPresent("UDF6", true): Text 'UDF6' is present on page  using regular expression

2022-06-30 22:30:32 - [MESSAGE][PASSED] - Text 'UDF6' is present on page  using regular expression

2022-06-30 22:30:32 - [TEST_STEP][PASSED] - verifyTextPresent("UDF7", true): Text 'UDF7' is present on page  using regular expression

2022-06-30 22:30:33 - [MESSAGE][PASSED] - Text 'UDF7' is present on page  using regular expression

2022-06-30 22:30:33 - [TEST_STEP][PASSED] - verifyTextPresent("UDF8", true): Text 'UDF8' is present on page  using regular expression

2022-06-30 22:30:33 - [MESSAGE][PASSED] - Text 'UDF8' is present on page  using regular expression

2022-06-30 22:30:33 - [TEST_STEP][PASSED] - verifyTextPresent("UDF9", true): Text 'UDF9' is present on page  using regular expression

2022-06-30 22:30:33 - [MESSAGE][PASSED] - Text 'UDF9' is present on page  using regular expression

2022-06-30 22:30:33 - [TEST_STEP][PASSED] - verifyTextPresent("UDF 10", true): Text 'UDF 10' is present on page  using regular expression

2022-06-30 22:30:34 - [MESSAGE][PASSED] - Text 'UDF 10' is present on page  using regular expression

2022-06-30 22:30:34 - [TEST_STEP][PASSED] - verifyTextPresent("Delhi", true): Text 'Delhi' is present on page  using regular expression

2022-06-30 22:30:34 - [MESSAGE][PASSED] - Text 'Delhi' is present on page  using regular expression

2022-06-30 22:30:34 - [TEST_STEP][PASSED] - verifyTextPresent("Chennai", true): Text 'Chennai' is present on page  using regular expression

2022-06-30 22:30:34 - [MESSAGE][PASSED] - Text 'Chennai' is present on page  using regular expression

2022-06-30 22:30:34 - [TEST_STEP][PASSED] - verifyTextPresent("Mumbai", true): Text 'Mumbai' is present on page  using regular expression

2022-06-30 22:30:35 - [MESSAGE][PASSED] - Text 'Mumbai' is present on page  using regular expression

2022-06-30 22:30:35 - [TEST_STEP][PASSED] - verifyTextPresent("Kanpur", true): Text 'Kanpur' is present on page  using regular expression

2022-06-30 22:30:35 - [MESSAGE][PASSED] - Text 'Kanpur' is present on page  using regular expression

2022-06-30 22:30:35 - [TEST_STEP][PASSED] - verifyTextPresent("Orange Recorded", true): Text 'Orange Recorded' is present on page  using regular expression

2022-06-30 22:30:35 - [MESSAGE][PASSED] - Text 'Orange Recorded' is present on page  using regular expression

2022-06-30 22:30:35 - [TEST_STEP][PASSED] - verifyTextPresent("Yellow Recorded", true): Text 'Yellow Recorded' is present on page  using regular expression

2022-06-30 22:30:36 - [MESSAGE][PASSED] - Text 'Yellow Recorded' is present on page  using regular expression

2022-06-30 22:30:36 - [TEST_STEP][PASSED] - verifyTextPresent("Kolkata", true): Text 'Kolkata' is present on page  using regular expression

2022-06-30 22:30:36 - [MESSAGE][PASSED] - Text 'Kolkata' is present on page  using regular expression

2022-06-30 22:30:36 - [TEST_STEP][PASSED] - verifyTextPresent("Pune", true): Text 'Pune' is present on page  using regular expression

2022-06-30 22:30:36 - [MESSAGE][PASSED] - Text 'Pune' is present on page  using regular expression

2022-06-30 22:30:36 - [TEST_STEP][PASSED] - verifyTextPresent("Bhavnagar", true): Text 'Bhavnagar' is present on page  using regular expression

2022-06-30 22:30:37 - [MESSAGE][PASSED] - Text 'Bhavnagar' is present on page  using regular expression

2022-06-30 22:30:37 - [TEST_STEP][PASSED] - verifyTextPresent("Noida", true): Text 'Noida' is present on page  using regular expression

2022-06-30 22:30:37 - [MESSAGE][PASSED] - Text 'Noida' is present on page  using regular expression

2022-06-30 22:30:37 - [TEST_STEP][PASSED] - verifyTextPresent("Amount", true): Text 'Amount' is present on page  using regular expression

2022-06-30 22:30:37 - [MESSAGE][PASSED] - Text 'Amount' is present on page  using regular expression

2022-06-30 22:30:37 - [TEST_STEP][PASSED] - verifyTextPresent("2.50", true): Text '2.50' is present on page  using regular expression

2022-06-30 22:30:38 - [MESSAGE][PASSED] - Text '2.50' is present on page  using regular expression

2022-06-30 22:30:38 - [TEST_STEP][PASSED] - verifyTextPresent("Authorization and Capture", true): Text 'Authorization and Capture' is present on page  using regular expression

2022-06-30 22:30:38 - [MESSAGE][PASSED] - Text 'Authorization and Capture' is present on page  using regular expression

2022-06-30 22:30:38 - [TEST_STEP][PASSED] - verifyTextPresent("Card Information", true): Text 'Card Information' is present on page  using regular expression

2022-06-30 22:30:38 - [MESSAGE][PASSED] - Text 'Card Information' is present on page  using regular expression

2022-06-30 22:30:38 - [TEST_STEP][PASSED] - verifyTextPresent("TANDON RAVENA", true): Text 'TANDON RAVENA' is present on page  using regular expression

2022-06-30 22:30:39 - [MESSAGE][PASSED] - Text 'TANDON RAVENA' is present on page  using regular expression

2022-06-30 22:30:39 - [TEST_STEP][PASSED] - verifyTextPresent("Address Line 1", true): Text 'Address Line 1' is present on page  using regular expression

2022-06-30 22:30:39 - [MESSAGE][PASSED] - Text 'Address Line 1' is present on page  using regular expression

2022-06-30 22:30:39 - [TEST_STEP][PASSED] - verifyTextPresent("Address Line 2", true): Text 'Address Line 2' is present on page  using regular expression

2022-06-30 22:30:39 - [MESSAGE][PASSED] - Text 'Address Line 2' is present on page  using regular expression

2022-06-30 22:30:39 - [TEST_STEP][PASSED] - verifyTextPresent("Country", true): Text 'Country' is present on page  using regular expression

2022-06-30 22:30:40 - [MESSAGE][PASSED] - Text 'Country' is present on page  using regular expression

2022-06-30 22:30:40 - [TEST_STEP][PASSED] - verifyTextPresent("City", true): Text 'City' is present on page  using regular expression

2022-06-30 22:30:40 - [MESSAGE][PASSED] - Text 'City' is present on page  using regular expression

2022-06-30 22:30:40 - [TEST_STEP][PASSED] - verifyTextPresent("State", true): Text 'State' is present on page  using regular expression

2022-06-30 22:30:40 - [MESSAGE][PASSED] - Text 'State' is present on page  using regular expression

2022-06-30 22:30:40 - [TEST_STEP][PASSED] - verifyTextPresent("ZIP Code", true): Text 'ZIP Code' is present on page  using regular expression

2022-06-30 22:30:41 - [MESSAGE][PASSED] - Text 'ZIP Code' is present on page  using regular expression

2022-06-30 22:30:41 - [TEST_STEP][PASSED] - verifyTextPresent("248 PhoolKaante road", true): Text '248 PhoolKaante road' is present on page  using regular expression

2022-06-30 22:30:41 - [MESSAGE][PASSED] - Text '248 PhoolKaante road' is present on page  using regular expression

2022-06-30 22:30:41 - [TEST_STEP][PASSED] - verifyTextPresent("Suite 678", true): Text 'Suite 678' is present on page  using regular expression

2022-06-30 22:30:41 - [MESSAGE][PASSED] - Text 'Suite 678' is present on page  using regular expression

2022-06-30 22:30:41 - [TEST_STEP][PASSED] - verifyTextPresent("United States", true): Text 'United States' is present on page  using regular expression

2022-06-30 22:30:42 - [MESSAGE][PASSED] - Text 'United States' is present on page  using regular expression

2022-06-30 22:30:42 - [TEST_STEP][PASSED] - verifyTextPresent("ARLINGTON", true): Text 'ARLINGTON' is present on page  using regular expression

2022-06-30 22:30:42 - [MESSAGE][PASSED] - Text 'ARLINGTON' is present on page  using regular expression

2022-06-30 22:30:42 - [TEST_STEP][PASSED] - verifyTextPresent("VA", true): Text 'VA' is present on page  using regular expression

2022-06-30 22:30:42 - [MESSAGE][PASSED] - Text 'VA' is present on page  using regular expression

2022-06-30 22:30:42 - [TEST_STEP][PASSED] - verifyTextPresent("22201", true): Text '22201' is present on page  using regular expression

2022-06-30 22:30:43 - [MESSAGE][PASSED] - Text '22201' is present on page  using regular expression

2022-06-30 22:30:43 - [TEST_STEP][PASSED] - cardTypeV = findTestData(dataFile).getValue("CardType", row): null

2022-06-30 22:30:43 - [TEST_STEP][PASSED] - last4V = findTestData(dataFile).getValue("Last4", row): null

2022-06-30 22:30:43 - [TEST_STEP][PASSED] - verifyTextPresent(cardTypeV, true): Text 'American Express' is present on page  using regular expression

2022-06-30 22:30:43 - [MESSAGE][PASSED] - Text 'American Express' is present on page  using regular expression

2022-06-30 22:30:43 - [TEST_STEP][PASSED] - verifyTextPresent(last4V, true): Text '2376' is present on page  using regular expression

2022-06-30 22:30:43 - [MESSAGE][PASSED] - Text '2376' is present on page  using regular expression

2022-06-30 22:30:43 - [TEST_STEP][PASSED] - switch (appName): null

2022-06-30 22:30:43 - [TEST_STEP][PASSED] - case "a_Access AutoDualCFtpQA":: null

2022-06-30 22:30:43 - [TEST_STEP][PASSED] - verifyTextPresent("5.00", true): Text '5.00' is present on page  using regular expression

2022-06-30 22:30:44 - [MESSAGE][PASSED] - Text '5.00' is present on page  using regular expression

2022-06-30 22:30:44 - [TEST_STEP][PASSED] - verifyTextPresent("Dual Transaction", true): Text 'Dual Transaction' is present on page  using regular expression

2022-06-30 22:30:44 - [MESSAGE][PASSED] - Text 'Dual Transaction' is present on page  using regular expression

2022-06-30 22:30:44 - [TEST_STEP][PASSED] - verifyTextPresent("7.50", true): Text '7.50' is present on page  using regular expression

2022-06-30 22:30:44 - [MESSAGE][PASSED] - Text '7.50' is present on page  using regular expression

2022-06-30 22:30:44 - [TEST_STEP][PASSED] - verifyTextPresent("Total Amount", true): Text 'Total Amount' is present on page  using regular expression

2022-06-30 22:30:44 - [MESSAGE][PASSED] - Text 'Total Amount' is present on page  using regular expression

2022-06-30 22:30:44 - [TEST_STEP][PASSED] - verifyTextPresent("Transaction Type", true): Text 'Transaction Type' is present on page  using regular expression

2022-06-30 22:30:45 - [MESSAGE][PASSED] - Text 'Transaction Type' is present on page  using regular expression

2022-06-30 22:30:45 - [TEST_STEP][PASSED] - break: null

2022-06-30 22:30:45 - [TEST_STEP][PASSED] - closeBrowser(): Browser is closed

2022-06-30 22:30:46 - [MESSAGE][PASSED] - Browser is closed

2022-06-30 22:30:46 - [TEST_STEP][PASSED] - ExecuteTC = findTestData(dataFile).getValue("Execute", row): null

2022-06-30 22:30:46 - [TEST_STEP][PASSED] - out.println("Value of Execute is : " + ExecuteTC): null

2022-06-30 22:30:46 - [TEST_STEP][PASSED] - switch (executionProfile): null

2022-06-30 22:30:46 - [TEST_STEP][PASSED] - case "QAProfile":: null

2022-06-30 22:30:46 - [TEST_STEP][PASSED] - appName = findTestData(dataFile).getValue("AppNameQA", row): null

2022-06-30 22:30:46 - [TEST_STEP][PASSED] - appID = findTestData(dataFile).getValue("AppIDQA", row): null

2022-06-30 22:30:46 - [TEST_STEP][PASSED] - break: null

2022-06-30 22:30:46 - [TEST_STEP][PASSED] - if (ExecuteTC.equalsIgnoreCase("Y")): null

2022-06-30 22:30:46 - [TEST_STEP][PASSED] - out.println("Begin Record Number: " + row): null

2022-06-30 22:30:46 - [TEST_STEP][PASSED] - today = new java.util.Date(): null

2022-06-30 22:30:46 - [TEST_STEP][PASSED] - println(today): null

2022-06-30 22:30:46 - [TEST_STEP][PASSED] - datText = today: null

2022-06-30 22:30:46 - [TEST_STEP][PASSED] - adminSuiteBootstrap.loginFunctionality.login_AdminSuite(): adminSuiteBootstrap.loginFunctionality.login_AdminSuite is PASSED

2022-06-30 22:30:46 - [MESSAGE][INFO] - Starting 'Chrome' driver

2022-06-30 22:30:46 - [MESSAGE][INFO] - User set preference: ['acceptInsecureCerts', 'true']

2022-06-30 22:30:46 - [MESSAGE][INFO] - Action delay is set to 0 milliseconds

2022-06-30 22:30:49 - [MESSAGE][PASSED] - Browser is opened with url: 'https://qa.velocitypayment.com/admin/imtiaz'

2022-06-30 22:30:49 - [MESSAGE][PASSED] - Current window maximized

2022-06-30 22:30:49 - [MESSAGE][PASSED] - Object 'Object Repository/Login_Page/Login_Username' is present

2022-06-30 22:30:50 - [MESSAGE][PASSED] - Text 'iahmed' is set on object 'Object Repository/Login_Page/Login_Username'

2022-06-30 22:30:51 - [MESSAGE][PASSED] - Text 'hello2222' is set on object 'Object Repository/Login_Page/Login_Password'

2022-06-30 22:30:55 - [MESSAGE][PASSED] - Object: 'Object Repository/Login_Page/Login_Submit' is clicked on

2022-06-30 22:30:55 - [MESSAGE][PASSED] - adminSuiteBootstrap.loginFunctionality.login_AdminSuite is PASSED

2022-06-30 22:30:55 - [TEST_STEP][PASSED] - click(findTestObject(path_Dashboard + appName)): Object: 'Object Repository/AdminSuiteBootstrap_Pages/Dashboard_Bootstrap/a_Access AutoDualCFtpQA' is clicked on

2022-06-30 22:30:56 - [MESSAGE][PASSED] - Object: 'Object Repository/AdminSuiteBootstrap_Pages/Dashboard_Bootstrap/a_Access AutoDualCFtpQA' is clicked on

2022-06-30 22:30:56 - [TEST_STEP][PASSED] - click(findTestObject(path_VT + "a_Find Profile")): Object: 'Object Repository/AdminSuiteBootstrap_Pages/VT_Bootstrap/IssueTransactions/a_Find Profile' is clicked on

2022-06-30 22:30:57 - [MESSAGE][PASSED] - Object: 'Object Repository/AdminSuiteBootstrap_Pages/VT_Bootstrap/IssueTransactions/a_Find Profile' is clicked on

2022-06-30 22:30:57 - [TEST_STEP][PASSED] - criteria = <not implemented yet for class: org.codehaus.groovy.ast.expr.EmptyExpression>: null

2022-06-30 22:30:57 - [TEST_STEP][PASSED] - searchBy = <not implemented yet for class: org.codehaus.groovy.ast.expr.EmptyExpression>: null

2022-06-30 22:30:57 - [TEST_STEP][PASSED] - criteria = findTestData(dataFile).getValue("ProfileName", row): null

2022-06-30 22:30:57 - [TEST_STEP][PASSED] - path_SearchProfile = "Object Repository/AdminSuiteBootstrap_Pages/VSP_Bootstrap/SearchProfile/": null

2022-06-30 22:30:57 - [TEST_STEP][PASSED] - setText(findTestObject(path_SearchProfile + "input_Criteria"), criteria): Text 'PaymentsDI' is set on object 'Object Repository/AdminSuiteBootstrap_Pages/VSP_Bootstrap/SearchProfile/input_Criteria'

2022-06-30 22:30:57 - [MESSAGE][PASSED] - Text 'PaymentsDI' is set on object 'Object Repository/AdminSuiteBootstrap_Pages/VSP_Bootstrap/SearchProfile/input_Criteria'

2022-06-30 22:30:57 - [TEST_STEP][PASSED] - click(findTestObject(path_SearchProfile + "button_Search")): Object: 'Object Repository/AdminSuiteBootstrap_Pages/VSP_Bootstrap/SearchProfile/button_Search' is clicked on

2022-06-30 22:30:59 - [MESSAGE][PASSED] - Object: 'Object Repository/AdminSuiteBootstrap_Pages/VSP_Bootstrap/SearchProfile/button_Search' is clicked on

2022-06-30 22:30:59 - [TEST_STEP][PASSED] - profNameLink = findTestData(dataFile).getValue("ProfileNameLink", row): null

2022-06-30 22:30:59 - [TEST_STEP][PASSED] - click(findTestObject(path_ViewProfile + profNameLink)): Object: 'Object Repository/AdminSuiteBootstrap_Pages/VSP_Bootstrap/View Profile/a_PaymentsDI' is clicked on

2022-06-30 22:31:00 - [MESSAGE][PASSED] - Object: 'Object Repository/AdminSuiteBootstrap_Pages/VSP_Bootstrap/View Profile/a_PaymentsDI' is clicked on

2022-06-30 22:31:00 - [TEST_STEP][PASSED] - click(findTestObject(path_ViewProfile + "a_AuthCap")): Object: 'Object Repository/AdminSuiteBootstrap_Pages/VSP_Bootstrap/View Profile/a_AuthCap' is clicked on

2022-06-30 22:31:02 - [MESSAGE][PASSED] - Object: 'Object Repository/AdminSuiteBootstrap_Pages/VSP_Bootstrap/View Profile/a_AuthCap' is clicked on

2022-06-30 22:31:02 - [TEST_STEP][PASSED] - verifyTextPresent("Credit Card Authorization Capture", true): Text 'Credit Card Authorization Capture' is present on page  using regular expression

2022-06-30 22:31:03 - [MESSAGE][PASSED] - Text 'Credit Card Authorization Capture' is present on page  using regular expression

2022-06-30 22:31:03 - [TEST_STEP][PASSED] - verifyTextPresent("Sale", true): Text 'Sale' is present on page  using regular expression

2022-06-30 22:31:03 - [MESSAGE][PASSED] - Text 'Sale' is present on page  using regular expression

2022-06-30 22:31:03 - [TEST_STEP][PASSED] - verifyTextPresent("Required fields are highlighted with an asterisk", true): Text 'Required fields are highlighted with an asterisk' is present on page  using regular expression

2022-06-30 22:31:03 - [MESSAGE][PASSED] - Text 'Required fields are highlighted with an asterisk' is present on page  using regular expression

2022-06-30 22:31:03 - [TEST_STEP][PASSED] - verifyTextPresent("Remittance ID", true): Text 'Remittance ID' is present on page  using regular expression

2022-06-30 22:31:04 - [MESSAGE][PASSED] - Text 'Remittance ID' is present on page  using regular expression

2022-06-30 22:31:04 - [TEST_STEP][PASSED] - vspBootstrap.SalePage.setDataSaleAndAuth(row, dataFile): vspBootstrap.SalePage.setDataSaleAndAuth is PASSED

2022-06-30 22:31:05 - [MESSAGE][PASSED] - All options with value 'MOTO' are selected in object 'Object Repository/AdminSuiteBootstrap_Pages/VSP_Bootstrap/VSP_Authcap/select_TransactionCategory'  using regular expression

2022-06-30 22:31:06 - [MESSAGE][PASSED] - Text '123' is set on object 'Object Repository/AdminSuiteBootstrap_Pages/VSP_Bootstrap/VSP_Authcap/input_cvv'

2022-06-30 22:31:07 - [MESSAGE][PASSED] - Text '' is set on object 'Object Repository/AdminSuiteBootstrap_Pages/VSP_Bootstrap/VSP_Authcap/input_smsNumber'

2022-06-30 22:31:07 - [MESSAGE][PASSED] - Text '2.50' is set on object 'Object Repository/AdminSuiteBootstrap_Pages/VSP_Bootstrap/VSP_Authcap/input_amount'

2022-06-30 22:31:08 - [MESSAGE][PASSED] - Text 'Delhi' is set on object 'Object Repository/AdminSuiteBootstrap_Pages/VSP_Bootstrap/VSP_Authcap/input_userDefined1'

2022-06-30 22:31:09 - [MESSAGE][PASSED] - Text 'Chennai' is set on object 'Object Repository/AdminSuiteBootstrap_Pages/VSP_Bootstrap/VSP_Authcap/input_userDefined2'

2022-06-30 22:31:10 - [MESSAGE][PASSED] - Text 'Mumbai' is set on object 'Object Repository/AdminSuiteBootstrap_Pages/VSP_Bootstrap/VSP_Authcap/input_userDefined3'

2022-06-30 22:31:10 - [MESSAGE][PASSED] - Text 'Kanpur' is set on object 'Object Repository/AdminSuiteBootstrap_Pages/VSP_Bootstrap/VSP_Authcap/input_userDefined4'

2022-06-30 22:31:11 - [MESSAGE][PASSED] - All options with label 'Orange' are selected in object 'Object Repository/AdminSuiteBootstrap_Pages/VSP_Bootstrap/VSP_Authcap/select_UDF5'  using regular expression

2022-06-30 22:31:12 - [MESSAGE][PASSED] - All options with label 'Yellow' are selected in object 'Object Repository/AdminSuiteBootstrap_Pages/VSP_Bootstrap/VSP_Authcap/select_UDF6'  using regular expression

2022-06-30 22:31:13 - [MESSAGE][PASSED] - Text 'Kolkata' is set on object 'Object Repository/AdminSuiteBootstrap_Pages/VSP_Bootstrap/VSP_Authcap/input_userDefined7'

2022-06-30 22:31:14 - [MESSAGE][PASSED] - Text 'Pune' is set on object 'Object Repository/AdminSuiteBootstrap_Pages/VSP_Bootstrap/VSP_Authcap/input_userDefined8'

2022-06-30 22:31:14 - [MESSAGE][PASSED] - Text 'Bhavnagar' is set on object 'Object Repository/AdminSuiteBootstrap_Pages/VSP_Bootstrap/VSP_Authcap/input_userDefined9'

2022-06-30 22:31:15 - [MESSAGE][PASSED] - Text 'Noida' is set on object 'Object Repository/AdminSuiteBootstrap_Pages/VSP_Bootstrap/VSP_Authcap/input_userDefined10'

2022-06-30 22:31:18 - [MESSAGE][PASSED] - Object: 'Object Repository/AdminSuiteBootstrap_Pages/VSP_Bootstrap/VSP_Authcap/button_Submit' is clicked on

2022-06-30 22:31:18 - [MESSAGE][PASSED] - vspBootstrap.SalePage.setDataSaleAndAuth is PASSED

2022-06-30 22:31:18 - [TEST_STEP][PASSED] - verifyTextPresent("Transaction Successful", true): Text 'Transaction Successful' is present on page  using regular expression

2022-06-30 22:31:18 - [MESSAGE][PASSED] - Text 'Transaction Successful' is present on page  using regular expression

2022-06-30 22:31:18 - [TEST_STEP][PASSED] - verifyElementVisible(findTestObject("Object Repository/AdminSuiteBootstrap_Pages/VT_Bootstrap/Receipt/button_Continue")): Object 'Object Repository/AdminSuiteBootstrap_Pages/VT_Bootstrap/Receipt/button_Continue' is visible

2022-06-30 22:31:19 - [MESSAGE][PASSED] - Object 'Object Repository/AdminSuiteBootstrap_Pages/VT_Bootstrap/Receipt/button_Continue' is visible

2022-06-30 22:31:19 - [TEST_STEP][PASSED] - verifyElementPresent(findTestObject("Object Repository/AdminSuiteBootstrap_Pages/VT_Bootstrap/Receipt/button_Continue"), 20): Object 'Object Repository/AdminSuiteBootstrap_Pages/VT_Bootstrap/Receipt/button_Continue' is present

2022-06-30 22:31:19 - [MESSAGE][PASSED] - Object 'Object Repository/AdminSuiteBootstrap_Pages/VT_Bootstrap/Receipt/button_Continue' is present

2022-06-30 22:31:19 - [TEST_STEP][PASSED] - verifyElementVisible(findTestObject("Object Repository/AdminSuiteBootstrap_Pages/VT_Bootstrap/Receipt/button_Print")): Object 'Object Repository/AdminSuiteBootstrap_Pages/VT_Bootstrap/Receipt/button_Print' is visible

2022-06-30 22:31:19 - [MESSAGE][PASSED] - Object 'Object Repository/AdminSuiteBootstrap_Pages/VT_Bootstrap/Receipt/button_Print' is visible

2022-06-30 22:31:19 - [TEST_STEP][PASSED] - verifyElementPresent(findTestObject("Object Repository/AdminSuiteBootstrap_Pages/VT_Bootstrap/Receipt/button_Print"), 20): Object 'Object Repository/AdminSuiteBootstrap_Pages/VT_Bootstrap/Receipt/button_Print' is present

2022-06-30 22:31:20 - [MESSAGE][PASSED] - Object 'Object Repository/AdminSuiteBootstrap_Pages/VT_Bootstrap/Receipt/button_Print' is present

2022-06-30 22:31:20 - [TEST_STEP][PASSED] - verifyTextPresent("Remittance ID", true): Text 'Remittance ID' is present on page  using regular expression

2022-06-30 22:31:20 - [MESSAGE][PASSED] - Text 'Remittance ID' is present on page  using regular expression

2022-06-30 22:31:20 - [TEST_STEP][PASSED] - verifyTextPresent("Received", true): Text 'Received' is present on page  using regular expression

2022-06-30 22:31:20 - [MESSAGE][PASSED] - Text 'Received' is present on page  using regular expression

2022-06-30 22:31:20 - [TEST_STEP][PASSED] - verifyTextPresent("UDF1", true): Text 'UDF1' is present on page  using regular expression

2022-06-30 22:31:21 - [MESSAGE][PASSED] - Text 'UDF1' is present on page  using regular expression

2022-06-30 22:31:21 - [TEST_STEP][PASSED] - verifyTextPresent("UDF2", true): Text 'UDF2' is present on page  using regular expression

2022-06-30 22:31:21 - [MESSAGE][PASSED] - Text 'UDF2' is present on page  using regular expression

2022-06-30 22:31:21 - [TEST_STEP][PASSED] - verifyTextPresent("UDF3", true): Text 'UDF3' is present on page  using regular expression

2022-06-30 22:31:21 - [MESSAGE][PASSED] - Text 'UDF3' is present on page  using regular expression

2022-06-30 22:31:21 - [TEST_STEP][PASSED] - verifyTextPresent("UDF4", true): Text 'UDF4' is present on page  using regular expression

2022-06-30 22:31:22 - [MESSAGE][PASSED] - Text 'UDF4' is present on page  using regular expression

2022-06-30 22:31:22 - [TEST_STEP][PASSED] - verifyTextPresent("UDF5", true): Text 'UDF5' is present on page  using regular expression

2022-06-30 22:31:22 - [MESSAGE][PASSED] - Text 'UDF5' is present on page  using regular expression

2022-06-30 22:31:22 - [TEST_STEP][PASSED] - verifyTextPresent("UDF6", true): Text 'UDF6' is present on page  using regular expression

2022-06-30 22:31:22 - [MESSAGE][PASSED] - Text 'UDF6' is present on page  using regular expression

2022-06-30 22:31:22 - [TEST_STEP][PASSED] - verifyTextPresent("UDF7", true): Text 'UDF7' is present on page  using regular expression

2022-06-30 22:31:22 - [MESSAGE][PASSED] - Text 'UDF7' is present on page  using regular expression

2022-06-30 22:31:22 - [TEST_STEP][PASSED] - verifyTextPresent("UDF8", true): Text 'UDF8' is present on page  using regular expression

2022-06-30 22:31:23 - [MESSAGE][PASSED] - Text 'UDF8' is present on page  using regular expression

2022-06-30 22:31:23 - [TEST_STEP][PASSED] - verifyTextPresent("UDF9", true): Text 'UDF9' is present on page  using regular expression

2022-06-30 22:31:23 - [MESSAGE][PASSED] - Text 'UDF9' is present on page  using regular expression

2022-06-30 22:31:23 - [TEST_STEP][PASSED] - verifyTextPresent("UDF 10", true): Text 'UDF 10' is present on page  using regular expression

2022-06-30 22:31:23 - [MESSAGE][PASSED] - Text 'UDF 10' is present on page  using regular expression

2022-06-30 22:31:23 - [TEST_STEP][PASSED] - verifyTextPresent("Delhi", true): Text 'Delhi' is present on page  using regular expression

2022-06-30 22:31:24 - [MESSAGE][PASSED] - Text 'Delhi' is present on page  using regular expression

2022-06-30 22:31:24 - [TEST_STEP][PASSED] - verifyTextPresent("Chennai", true): Text 'Chennai' is present on page  using regular expression

2022-06-30 22:31:24 - [MESSAGE][PASSED] - Text 'Chennai' is present on page  using regular expression

2022-06-30 22:31:24 - [TEST_STEP][PASSED] - verifyTextPresent("Mumbai", true): Text 'Mumbai' is present on page  using regular expression

2022-06-30 22:31:24 - [MESSAGE][PASSED] - Text 'Mumbai' is present on page  using regular expression

2022-06-30 22:31:24 - [TEST_STEP][PASSED] - verifyTextPresent("Kanpur", true): Text 'Kanpur' is present on page  using regular expression

2022-06-30 22:31:25 - [MESSAGE][PASSED] - Text 'Kanpur' is present on page  using regular expression

2022-06-30 22:31:25 - [TEST_STEP][PASSED] - verifyTextPresent("Orange Recorded", true): Text 'Orange Recorded' is present on page  using regular expression

2022-06-30 22:31:25 - [MESSAGE][PASSED] - Text 'Orange Recorded' is present on page  using regular expression

2022-06-30 22:31:25 - [TEST_STEP][PASSED] - verifyTextPresent("Yellow Recorded", true): Text 'Yellow Recorded' is present on page  using regular expression

2022-06-30 22:31:25 - [MESSAGE][PASSED] - Text 'Yellow Recorded' is present on page  using regular expression

2022-06-30 22:31:25 - [TEST_STEP][PASSED] - verifyTextPresent("Kolkata", true): Text 'Kolkata' is present on page  using regular expression

2022-06-30 22:31:26 - [MESSAGE][PASSED] - Text 'Kolkata' is present on page  using regular expression

2022-06-30 22:31:26 - [TEST_STEP][PASSED] - verifyTextPresent("Pune", true): Text 'Pune' is present on page  using regular expression

2022-06-30 22:31:26 - [MESSAGE][PASSED] - Text 'Pune' is present on page  using regular expression

2022-06-30 22:31:26 - [TEST_STEP][PASSED] - verifyTextPresent("Bhavnagar", true): Text 'Bhavnagar' is present on page  using regular expression

2022-06-30 22:31:26 - [MESSAGE][PASSED] - Text 'Bhavnagar' is present on page  using regular expression

2022-06-30 22:31:26 - [TEST_STEP][PASSED] - verifyTextPresent("Noida", true): Text 'Noida' is present on page  using regular expression

2022-06-30 22:31:27 - [MESSAGE][PASSED] - Text 'Noida' is present on page  using regular expression

2022-06-30 22:31:27 - [TEST_STEP][PASSED] - verifyTextPresent("Amount", true): Text 'Amount' is present on page  using regular expression

2022-06-30 22:31:27 - [MESSAGE][PASSED] - Text 'Amount' is present on page  using regular expression

2022-06-30 22:31:27 - [TEST_STEP][PASSED] - verifyTextPresent("2.50", true): Text '2.50' is present on page  using regular expression

2022-06-30 22:31:27 - [MESSAGE][PASSED] - Text '2.50' is present on page  using regular expression

2022-06-30 22:31:27 - [TEST_STEP][PASSED] - verifyTextPresent("Authorization and Capture", true): Text 'Authorization and Capture' is present on page  using regular expression

2022-06-30 22:31:28 - [MESSAGE][PASSED] - Text 'Authorization and Capture' is present on page  using regular expression

2022-06-30 22:31:28 - [TEST_STEP][PASSED] - verifyTextPresent("Card Information", true): Text 'Card Information' is present on page  using regular expression

2022-06-30 22:31:28 - [MESSAGE][PASSED] - Text 'Card Information' is present on page  using regular expression

2022-06-30 22:31:28 - [TEST_STEP][PASSED] - verifyTextPresent("TANDON RAVENA", true): Text 'TANDON RAVENA' is present on page  using regular expression

2022-06-30 22:31:28 - [MESSAGE][PASSED] - Text 'TANDON RAVENA' is present on page  using regular expression

2022-06-30 22:31:28 - [TEST_STEP][PASSED] - verifyTextPresent("Address Line 1", true): Text 'Address Line 1' is present on page  using regular expression

2022-06-30 22:31:29 - [MESSAGE][PASSED] - Text 'Address Line 1' is present on page  using regular expression

2022-06-30 22:31:29 - [TEST_STEP][PASSED] - verifyTextPresent("Address Line 2", true): Text 'Address Line 2' is present on page  using regular expression

2022-06-30 22:31:29 - [MESSAGE][PASSED] - Text 'Address Line 2' is present on page  using regular expression

2022-06-30 22:31:29 - [TEST_STEP][PASSED] - verifyTextPresent("Country", true): Text 'Country' is present on page  using regular expression

2022-06-30 22:31:29 - [MESSAGE][PASSED] - Text 'Country' is present on page  using regular expression

2022-06-30 22:31:29 - [TEST_STEP][PASSED] - verifyTextPresent("City", true): Text 'City' is present on page  using regular expression

2022-06-30 22:31:30 - [MESSAGE][PASSED] - Text 'City' is present on page  using regular expression

2022-06-30 22:31:30 - [TEST_STEP][PASSED] - verifyTextPresent("State", true): Text 'State' is present on page  using regular expression

2022-06-30 22:31:30 - [MESSAGE][PASSED] - Text 'State' is present on page  using regular expression

2022-06-30 22:31:30 - [TEST_STEP][PASSED] - verifyTextPresent("ZIP Code", true): Text 'ZIP Code' is present on page  using regular expression

2022-06-30 22:31:30 - [MESSAGE][PASSED] - Text 'ZIP Code' is present on page  using regular expression

2022-06-30 22:31:30 - [TEST_STEP][PASSED] - verifyTextPresent("248 PhoolKaante road", true): Text '248 PhoolKaante road' is present on page  using regular expression

2022-06-30 22:31:31 - [MESSAGE][PASSED] - Text '248 PhoolKaante road' is present on page  using regular expression

2022-06-30 22:31:31 - [TEST_STEP][PASSED] - verifyTextPresent("Suite 678", true): Text 'Suite 678' is present on page  using regular expression

2022-06-30 22:31:31 - [MESSAGE][PASSED] - Text 'Suite 678' is present on page  using regular expression

2022-06-30 22:31:31 - [TEST_STEP][PASSED] - verifyTextPresent("United States", true): Text 'United States' is present on page  using regular expression

2022-06-30 22:31:31 - [MESSAGE][PASSED] - Text 'United States' is present on page  using regular expression

2022-06-30 22:31:31 - [TEST_STEP][PASSED] - verifyTextPresent("ARLINGTON", true): Text 'ARLINGTON' is present on page  using regular expression

2022-06-30 22:31:32 - [MESSAGE][PASSED] - Text 'ARLINGTON' is present on page  using regular expression

2022-06-30 22:31:32 - [TEST_STEP][PASSED] - verifyTextPresent("VA", true): Text 'VA' is present on page  using regular expression

2022-06-30 22:31:32 - [MESSAGE][PASSED] - Text 'VA' is present on page  using regular expression

2022-06-30 22:31:32 - [TEST_STEP][PASSED] - verifyTextPresent("22201", true): Text '22201' is present on page  using regular expression

2022-06-30 22:31:32 - [MESSAGE][PASSED] - Text '22201' is present on page  using regular expression

2022-06-30 22:31:32 - [TEST_STEP][PASSED] - cardTypeV = findTestData(dataFile).getValue("CardType", row): null

2022-06-30 22:31:32 - [TEST_STEP][PASSED] - last4V = findTestData(dataFile).getValue("Last4", row): null

2022-06-30 22:31:32 - [TEST_STEP][PASSED] - verifyTextPresent(cardTypeV, true): Text 'Discover' is present on page  using regular expression

2022-06-30 22:31:33 - [MESSAGE][PASSED] - Text 'Discover' is present on page  using regular expression

2022-06-30 22:31:33 - [TEST_STEP][PASSED] - verifyTextPresent(last4V, true): Text '6909' is present on page  using regular expression

2022-06-30 22:31:33 - [MESSAGE][PASSED] - Text '6909' is present on page  using regular expression

2022-06-30 22:31:33 - [TEST_STEP][PASSED] - switch (appName): null

2022-06-30 22:31:33 - [TEST_STEP][PASSED] - case "a_Access AutoDualCFtpQA":: null

2022-06-30 22:31:33 - [TEST_STEP][PASSED] - verifyTextPresent("5.00", true): Text '5.00' is present on page  using regular expression

2022-06-30 22:31:33 - [MESSAGE][PASSED] - Text '5.00' is present on page  using regular expression

2022-06-30 22:31:33 - [TEST_STEP][PASSED] - verifyTextPresent("Dual Transaction", true): Text 'Dual Transaction' is present on page  using regular expression

2022-06-30 22:31:34 - [MESSAGE][PASSED] - Text 'Dual Transaction' is present on page  using regular expression

2022-06-30 22:31:34 - [TEST_STEP][PASSED] - verifyTextPresent("7.50", true): Text '7.50' is present on page  using regular expression

2022-06-30 22:31:34 - [MESSAGE][PASSED] - Text '7.50' is present on page  using regular expression

2022-06-30 22:31:34 - [TEST_STEP][PASSED] - verifyTextPresent("Total Amount", true): Text 'Total Amount' is present on page  using regular expression

2022-06-30 22:31:34 - [MESSAGE][PASSED] - Text 'Total Amount' is present on page  using regular expression

2022-06-30 22:31:34 - [TEST_STEP][PASSED] - verifyTextPresent("Transaction Type", true): Text 'Transaction Type' is present on page  using regular expression

2022-06-30 22:31:34 - [MESSAGE][PASSED] - Text 'Transaction Type' is present on page  using regular expression

2022-06-30 22:31:34 - [TEST_STEP][PASSED] - break: null

2022-06-30 22:31:34 - [TEST_STEP][PASSED] - closeBrowser(): Browser is closed

2022-06-30 22:31:35 - [MESSAGE][PASSED] - Browser is closed

2022-06-30 22:31:35 - [TEST_STEP][PASSED] - ExecuteTC = findTestData(dataFile).getValue("Execute", row): null

2022-06-30 22:31:35 - [TEST_STEP][PASSED] - out.println("Value of Execute is : " + ExecuteTC): null

2022-06-30 22:31:35 - [TEST_STEP][PASSED] - switch (executionProfile): null

2022-06-30 22:31:35 - [TEST_STEP][PASSED] - case "QAProfile":: null

2022-06-30 22:31:35 - [TEST_STEP][PASSED] - appName = findTestData(dataFile).getValue("AppNameQA", row): null

2022-06-30 22:31:35 - [TEST_STEP][PASSED] - appID = findTestData(dataFile).getValue("AppIDQA", row): null

2022-06-30 22:31:36 - [TEST_STEP][PASSED] - break: null

2022-06-30 22:31:36 - [TEST_STEP][PASSED] - if (ExecuteTC.equalsIgnoreCase("Y")): null

2022-06-30 22:31:36 - [TEST_STEP][PASSED] - out.println("Begin Record Number: " + row): null

2022-06-30 22:31:36 - [TEST_STEP][PASSED] - today = new java.util.Date(): null

2022-06-30 22:31:36 - [TEST_STEP][PASSED] - println(today): null

2022-06-30 22:31:36 - [TEST_STEP][PASSED] - datText = today: null

2022-06-30 22:31:36 - [TEST_STEP][PASSED] - adminSuiteBootstrap.loginFunctionality.login_AdminSuite(): adminSuiteBootstrap.loginFunctionality.login_AdminSuite is PASSED

2022-06-30 22:31:36 - [MESSAGE][INFO] - Starting 'Chrome' driver

2022-06-30 22:31:36 - [MESSAGE][INFO] - User set preference: ['acceptInsecureCerts', 'true']

2022-06-30 22:31:36 - [MESSAGE][INFO] - Action delay is set to 0 milliseconds

2022-06-30 22:31:39 - [MESSAGE][PASSED] - Browser is opened with url: 'https://qa.velocitypayment.com/admin/imtiaz'

2022-06-30 22:31:39 - [MESSAGE][PASSED] - Current window maximized

2022-06-30 22:31:39 - [MESSAGE][PASSED] - Object 'Object Repository/Login_Page/Login_Username' is present

2022-06-30 22:31:40 - [MESSAGE][PASSED] - Text 'iahmed' is set on object 'Object Repository/Login_Page/Login_Username'

2022-06-30 22:31:41 - [MESSAGE][PASSED] - Text 'hello2222' is set on object 'Object Repository/Login_Page/Login_Password'

2022-06-30 22:31:47 - [MESSAGE][PASSED] - Object: 'Object Repository/Login_Page/Login_Submit' is clicked on

2022-06-30 22:31:47 - [MESSAGE][PASSED] - adminSuiteBootstrap.loginFunctionality.login_AdminSuite is PASSED

2022-06-30 22:31:47 - [TEST_STEP][PASSED] - click(findTestObject(path_Dashboard + appName)): Object: 'Object Repository/AdminSuiteBootstrap_Pages/Dashboard_Bootstrap/a_Access AutoDualCFtpQA' is clicked on

2022-06-30 22:31:48 - [MESSAGE][PASSED] - Object: 'Object Repository/AdminSuiteBootstrap_Pages/Dashboard_Bootstrap/a_Access AutoDualCFtpQA' is clicked on

2022-06-30 22:31:48 - [TEST_STEP][PASSED] - click(findTestObject(path_VT + "a_Find Profile")): Object: 'Object Repository/AdminSuiteBootstrap_Pages/VT_Bootstrap/IssueTransactions/a_Find Profile' is clicked on

2022-06-30 22:31:48 - [MESSAGE][PASSED] - Object: 'Object Repository/AdminSuiteBootstrap_Pages/VT_Bootstrap/IssueTransactions/a_Find Profile' is clicked on

2022-06-30 22:31:48 - [TEST_STEP][PASSED] - criteria = <not implemented yet for class: org.codehaus.groovy.ast.expr.EmptyExpression>: null

2022-06-30 22:31:48 - [TEST_STEP][PASSED] - searchBy = <not implemented yet for class: org.codehaus.groovy.ast.expr.EmptyExpression>: null

2022-06-30 22:31:48 - [TEST_STEP][PASSED] - criteria = findTestData(dataFile).getValue("ProfileName", row): null

2022-06-30 22:31:48 - [TEST_STEP][PASSED] - path_SearchProfile = "Object Repository/AdminSuiteBootstrap_Pages/VSP_Bootstrap/SearchProfile/": null

2022-06-30 22:31:48 - [TEST_STEP][PASSED] - setText(findTestObject(path_SearchProfile + "input_Criteria"), criteria): Text 'PaymentsVisa' is set on object 'Object Repository/AdminSuiteBootstrap_Pages/VSP_Bootstrap/SearchProfile/input_Criteria'

2022-06-30 22:31:49 - [MESSAGE][PASSED] - Text 'PaymentsVisa' is set on object 'Object Repository/AdminSuiteBootstrap_Pages/VSP_Bootstrap/SearchProfile/input_Criteria'

2022-06-30 22:31:49 - [TEST_STEP][PASSED] - click(findTestObject(path_SearchProfile + "button_Search")): Object: 'Object Repository/AdminSuiteBootstrap_Pages/VSP_Bootstrap/SearchProfile/button_Search' is clicked on

2022-06-30 22:31:51 - [MESSAGE][PASSED] - Object: 'Object Repository/AdminSuiteBootstrap_Pages/VSP_Bootstrap/SearchProfile/button_Search' is clicked on

2022-06-30 22:31:51 - [TEST_STEP][PASSED] - profNameLink = findTestData(dataFile).getValue("ProfileNameLink", row): null

2022-06-30 22:31:51 - [TEST_STEP][PASSED] - click(findTestObject(path_ViewProfile + profNameLink)): Object: 'Object Repository/AdminSuiteBootstrap_Pages/VSP_Bootstrap/View Profile/a_PaymentsVisa' is clicked on

2022-06-30 22:31:53 - [MESSAGE][PASSED] - Object: 'Object Repository/AdminSuiteBootstrap_Pages/VSP_Bootstrap/View Profile/a_PaymentsVisa' is clicked on

2022-06-30 22:31:53 - [TEST_STEP][PASSED] - click(findTestObject(path_ViewProfile + "a_AuthCap")): Object: 'Object Repository/AdminSuiteBootstrap_Pages/VSP_Bootstrap/View Profile/a_AuthCap' is clicked on

2022-06-30 22:31:55 - [MESSAGE][PASSED] - Object: 'Object Repository/AdminSuiteBootstrap_Pages/VSP_Bootstrap/View Profile/a_AuthCap' is clicked on

2022-06-30 22:31:55 - [TEST_STEP][PASSED] - verifyTextPresent("Credit Card Authorization Capture", true): Text 'Credit Card Authorization Capture' is present on page  using regular expression

2022-06-30 22:31:56 - [MESSAGE][PASSED] - Text 'Credit Card Authorization Capture' is present on page  using regular expression

2022-06-30 22:31:56 - [TEST_STEP][PASSED] - verifyTextPresent("Sale", true): Text 'Sale' is present on page  using regular expression

2022-06-30 22:31:56 - [MESSAGE][PASSED] - Text 'Sale' is present on page  using regular expression

2022-06-30 22:31:56 - [TEST_STEP][PASSED] - verifyTextPresent("Required fields are highlighted with an asterisk", true): Text 'Required fields are highlighted with an asterisk' is present on page  using regular expression

2022-06-30 22:31:56 - [MESSAGE][PASSED] - Text 'Required fields are highlighted with an asterisk' is present on page  using regular expression

2022-06-30 22:31:56 - [TEST_STEP][PASSED] - verifyTextPresent("Remittance ID", true): Text 'Remittance ID' is present on page  using regular expression

2022-06-30 22:31:57 - [MESSAGE][PASSED] - Text 'Remittance ID' is present on page  using regular expression

2022-06-30 22:31:57 - [TEST_STEP][PASSED] - vspBootstrap.SalePage.setDataSaleAndAuth(row, dataFile): vspBootstrap.SalePage.setDataSaleAndAuth is PASSED

2022-06-30 22:31:58 - [MESSAGE][PASSED] - All options with value 'RETL' are selected in object 'Object Repository/AdminSuiteBootstrap_Pages/VSP_Bootstrap/VSP_Authcap/select_TransactionCategory'  using regular expression

2022-06-30 22:31:59 - [MESSAGE][PASSED] - Text '123' is set on object 'Object Repository/AdminSuiteBootstrap_Pages/VSP_Bootstrap/VSP_Authcap/input_cvv'

2022-06-30 22:32:00 - [MESSAGE][PASSED] - Text '' is set on object 'Object Repository/AdminSuiteBootstrap_Pages/VSP_Bootstrap/VSP_Authcap/input_smsNumber'

2022-06-30 22:32:00 - [MESSAGE][PASSED] - Text '2.50' is set on object 'Object Repository/AdminSuiteBootstrap_Pages/VSP_Bootstrap/VSP_Authcap/input_amount'

2022-06-30 22:32:01 - [MESSAGE][PASSED] - Text 'Delhi' is set on object 'Object Repository/AdminSuiteBootstrap_Pages/VSP_Bootstrap/VSP_Authcap/input_userDefined1'

2022-06-30 22:32:02 - [MESSAGE][PASSED] - Text 'Chennai' is set on object 'Object Repository/AdminSuiteBootstrap_Pages/VSP_Bootstrap/VSP_Authcap/input_userDefined2'

2022-06-30 22:32:03 - [MESSAGE][PASSED] - Text 'Mumbai' is set on object 'Object Repository/AdminSuiteBootstrap_Pages/VSP_Bootstrap/VSP_Authcap/input_userDefined3'

2022-06-30 22:32:03 - [MESSAGE][PASSED] - Text 'Kanpur' is set on object 'Object Repository/AdminSuiteBootstrap_Pages/VSP_Bootstrap/VSP_Authcap/input_userDefined4'

2022-06-30 22:32:04 - [MESSAGE][PASSED] - All options with label 'Orange' are selected in object 'Object Repository/AdminSuiteBootstrap_Pages/VSP_Bootstrap/VSP_Authcap/select_UDF5'  using regular expression

2022-06-30 22:32:05 - [MESSAGE][PASSED] - All options with label 'Yellow' are selected in object 'Object Repository/AdminSuiteBootstrap_Pages/VSP_Bootstrap/VSP_Authcap/select_UDF6'  using regular expression

2022-06-30 22:32:06 - [MESSAGE][PASSED] - Text 'Kolkata' is set on object 'Object Repository/AdminSuiteBootstrap_Pages/VSP_Bootstrap/VSP_Authcap/input_userDefined7'

2022-06-30 22:32:06 - [MESSAGE][PASSED] - Text 'Pune' is set on object 'Object Repository/AdminSuiteBootstrap_Pages/VSP_Bootstrap/VSP_Authcap/input_userDefined8'

2022-06-30 22:32:07 - [MESSAGE][PASSED] - Text 'Bhavnagar' is set on object 'Object Repository/AdminSuiteBootstrap_Pages/VSP_Bootstrap/VSP_Authcap/input_userDefined9'

2022-06-30 22:32:08 - [MESSAGE][PASSED] - Text 'Noida' is set on object 'Object Repository/AdminSuiteBootstrap_Pages/VSP_Bootstrap/VSP_Authcap/input_userDefined10'

2022-06-30 22:32:10 - [MESSAGE][PASSED] - Object: 'Object Repository/AdminSuiteBootstrap_Pages/VSP_Bootstrap/VSP_Authcap/button_Submit' is clicked on

2022-06-30 22:32:10 - [MESSAGE][PASSED] - vspBootstrap.SalePage.setDataSaleAndAuth is PASSED

2022-06-30 22:32:10 - [TEST_STEP][PASSED] - verifyTextPresent("Transaction Successful", true): Text 'Transaction Successful' is present on page  using regular expression

2022-06-30 22:32:11 - [MESSAGE][PASSED] - Text 'Transaction Successful' is present on page  using regular expression

2022-06-30 22:32:11 - [TEST_STEP][PASSED] - verifyElementVisible(findTestObject("Object Repository/AdminSuiteBootstrap_Pages/VT_Bootstrap/Receipt/button_Continue")): Object 'Object Repository/AdminSuiteBootstrap_Pages/VT_Bootstrap/Receipt/button_Continue' is visible

2022-06-30 22:32:11 - [MESSAGE][PASSED] - Object 'Object Repository/AdminSuiteBootstrap_Pages/VT_Bootstrap/Receipt/button_Continue' is visible

2022-06-30 22:32:11 - [TEST_STEP][PASSED] - verifyElementPresent(findTestObject("Object Repository/AdminSuiteBootstrap_Pages/VT_Bootstrap/Receipt/button_Continue"), 20): Object 'Object Repository/AdminSuiteBootstrap_Pages/VT_Bootstrap/Receipt/button_Continue' is present

2022-06-30 22:32:12 - [MESSAGE][PASSED] - Object 'Object Repository/AdminSuiteBootstrap_Pages/VT_Bootstrap/Receipt/button_Continue' is present

2022-06-30 22:32:12 - [TEST_STEP][PASSED] - verifyElementVisible(findTestObject("Object Repository/AdminSuiteBootstrap_Pages/VT_Bootstrap/Receipt/button_Print")): Object 'Object Repository/AdminSuiteBootstrap_Pages/VT_Bootstrap/Receipt/button_Print' is visible

2022-06-30 22:32:12 - [MESSAGE][PASSED] - Object 'Object Repository/AdminSuiteBootstrap_Pages/VT_Bootstrap/Receipt/button_Print' is visible

2022-06-30 22:32:12 - [TEST_STEP][PASSED] - verifyElementPresent(findTestObject("Object Repository/AdminSuiteBootstrap_Pages/VT_Bootstrap/Receipt/button_Print"), 20): Object 'Object Repository/AdminSuiteBootstrap_Pages/VT_Bootstrap/Receipt/button_Print' is present

2022-06-30 22:32:12 - [MESSAGE][PASSED] - Object 'Object Repository/AdminSuiteBootstrap_Pages/VT_Bootstrap/Receipt/button_Print' is present

2022-06-30 22:32:12 - [TEST_STEP][PASSED] - verifyTextPresent("Remittance ID", true): Text 'Remittance ID' is present on page  using regular expression

2022-06-30 22:32:12 - [MESSAGE][PASSED] - Text 'Remittance ID' is present on page  using regular expression

2022-06-30 22:32:12 - [TEST_STEP][PASSED] - verifyTextPresent("Received", true): Text 'Received' is present on page  using regular expression

2022-06-30 22:32:13 - [MESSAGE][PASSED] - Text 'Received' is present on page  using regular expression

2022-06-30 22:32:13 - [TEST_STEP][PASSED] - verifyTextPresent("UDF1", true): Text 'UDF1' is present on page  using regular expression

2022-06-30 22:32:13 - [MESSAGE][PASSED] - Text 'UDF1' is present on page  using regular expression

2022-06-30 22:32:13 - [TEST_STEP][PASSED] - verifyTextPresent("UDF2", true): Text 'UDF2' is present on page  using regular expression

2022-06-30 22:32:13 - [MESSAGE][PASSED] - Text 'UDF2' is present on page  using regular expression

2022-06-30 22:32:13 - [TEST_STEP][PASSED] - verifyTextPresent("UDF3", true): Text 'UDF3' is present on page  using regular expression

2022-06-30 22:32:14 - [MESSAGE][PASSED] - Text 'UDF3' is present on page  using regular expression

2022-06-30 22:32:14 - [TEST_STEP][PASSED] - verifyTextPresent("UDF4", true): Text 'UDF4' is present on page  using regular expression

2022-06-30 22:32:14 - [MESSAGE][PASSED] - Text 'UDF4' is present on page  using regular expression

2022-06-30 22:32:14 - [TEST_STEP][PASSED] - verifyTextPresent("UDF5", true): Text 'UDF5' is present on page  using regular expression

2022-06-30 22:32:14 - [MESSAGE][PASSED] - Text 'UDF5' is present on page  using regular expression

2022-06-30 22:32:14 - [TEST_STEP][PASSED] - verifyTextPresent("UDF6", true): Text 'UDF6' is present on page  using regular expression

2022-06-30 22:32:15 - [MESSAGE][PASSED] - Text 'UDF6' is present on page  using regular expression

2022-06-30 22:32:15 - [TEST_STEP][PASSED] - verifyTextPresent("UDF7", true): Text 'UDF7' is present on page  using regular expression

2022-06-30 22:32:15 - [MESSAGE][PASSED] - Text 'UDF7' is present on page  using regular expression

2022-06-30 22:32:15 - [TEST_STEP][PASSED] - verifyTextPresent("UDF8", true): Text 'UDF8' is present on page  using regular expression

2022-06-30 22:32:15 - [MESSAGE][PASSED] - Text 'UDF8' is present on page  using regular expression

2022-06-30 22:32:15 - [TEST_STEP][PASSED] - verifyTextPresent("UDF9", true): Text 'UDF9' is present on page  using regular expression

2022-06-30 22:32:16 - [MESSAGE][PASSED] - Text 'UDF9' is present on page  using regular expression

2022-06-30 22:32:16 - [TEST_STEP][PASSED] - verifyTextPresent("UDF 10", true): Text 'UDF 10' is present on page  using regular expression

2022-06-30 22:32:16 - [MESSAGE][PASSED] - Text 'UDF 10' is present on page  using regular expression

2022-06-30 22:32:16 - [TEST_STEP][PASSED] - verifyTextPresent("Delhi", true): Text 'Delhi' is present on page  using regular expression

2022-06-30 22:32:16 - [MESSAGE][PASSED] - Text 'Delhi' is present on page  using regular expression

2022-06-30 22:32:16 - [TEST_STEP][PASSED] - verifyTextPresent("Chennai", true): Text 'Chennai' is present on page  using regular expression

2022-06-30 22:32:17 - [MESSAGE][PASSED] - Text 'Chennai' is present on page  using regular expression

2022-06-30 22:32:17 - [TEST_STEP][PASSED] - verifyTextPresent("Mumbai", true): Text 'Mumbai' is present on page  using regular expression

2022-06-30 22:32:17 - [MESSAGE][PASSED] - Text 'Mumbai' is present on page  using regular expression

2022-06-30 22:32:17 - [TEST_STEP][PASSED] - verifyTextPresent("Kanpur", true): Text 'Kanpur' is present on page  using regular expression

2022-06-30 22:32:17 - [MESSAGE][PASSED] - Text 'Kanpur' is present on page  using regular expression

2022-06-30 22:32:17 - [TEST_STEP][PASSED] - verifyTextPresent("Orange Recorded", true): Text 'Orange Recorded' is present on page  using regular expression

2022-06-30 22:32:18 - [MESSAGE][PASSED] - Text 'Orange Recorded' is present on page  using regular expression

2022-06-30 22:32:18 - [TEST_STEP][PASSED] - verifyTextPresent("Yellow Recorded", true): Text 'Yellow Recorded' is present on page  using regular expression

2022-06-30 22:32:18 - [MESSAGE][PASSED] - Text 'Yellow Recorded' is present on page  using regular expression

2022-06-30 22:32:18 - [TEST_STEP][PASSED] - verifyTextPresent("Kolkata", true): Text 'Kolkata' is present on page  using regular expression

2022-06-30 22:32:18 - [MESSAGE][PASSED] - Text 'Kolkata' is present on page  using regular expression

2022-06-30 22:32:18 - [TEST_STEP][PASSED] - verifyTextPresent("Pune", true): Text 'Pune' is present on page  using regular expression

2022-06-30 22:32:19 - [MESSAGE][PASSED] - Text 'Pune' is present on page  using regular expression

2022-06-30 22:32:19 - [TEST_STEP][PASSED] - verifyTextPresent("Bhavnagar", true): Text 'Bhavnagar' is present on page  using regular expression

2022-06-30 22:32:19 - [MESSAGE][PASSED] - Text 'Bhavnagar' is present on page  using regular expression

2022-06-30 22:32:19 - [TEST_STEP][PASSED] - verifyTextPresent("Noida", true): Text 'Noida' is present on page  using regular expression

2022-06-30 22:32:19 - [MESSAGE][PASSED] - Text 'Noida' is present on page  using regular expression

2022-06-30 22:32:19 - [TEST_STEP][PASSED] - verifyTextPresent("Amount", true): Text 'Amount' is present on page  using regular expression

2022-06-30 22:32:20 - [MESSAGE][PASSED] - Text 'Amount' is present on page  using regular expression

2022-06-30 22:32:20 - [TEST_STEP][PASSED] - verifyTextPresent("2.50", true): Text '2.50' is present on page  using regular expression

2022-06-30 22:32:20 - [MESSAGE][PASSED] - Text '2.50' is present on page  using regular expression

2022-06-30 22:32:20 - [TEST_STEP][PASSED] - verifyTextPresent("Authorization and Capture", true): Text 'Authorization and Capture' is present on page  using regular expression

2022-06-30 22:32:20 - [MESSAGE][PASSED] - Text 'Authorization and Capture' is present on page  using regular expression

2022-06-30 22:32:20 - [TEST_STEP][PASSED] - verifyTextPresent("Card Information", true): Text 'Card Information' is present on page  using regular expression

2022-06-30 22:32:21 - [MESSAGE][PASSED] - Text 'Card Information' is present on page  using regular expression

2022-06-30 22:32:21 - [TEST_STEP][PASSED] - verifyTextPresent("TANDON RAVENA", true): Text 'TANDON RAVENA' is present on page  using regular expression

2022-06-30 22:32:21 - [MESSAGE][PASSED] - Text 'TANDON RAVENA' is present on page  using regular expression

2022-06-30 22:32:21 - [TEST_STEP][PASSED] - verifyTextPresent("Address Line 1", true): Text 'Address Line 1' is present on page  using regular expression

2022-06-30 22:32:21 - [MESSAGE][PASSED] - Text 'Address Line 1' is present on page  using regular expression

2022-06-30 22:32:21 - [TEST_STEP][PASSED] - verifyTextPresent("Address Line 2", true): Text 'Address Line 2' is present on page  using regular expression

2022-06-30 22:32:22 - [MESSAGE][PASSED] - Text 'Address Line 2' is present on page  using regular expression

2022-06-30 22:32:22 - [TEST_STEP][PASSED] - verifyTextPresent("Country", true): Text 'Country' is present on page  using regular expression

2022-06-30 22:32:22 - [MESSAGE][PASSED] - Text 'Country' is present on page  using regular expression

2022-06-30 22:32:22 - [TEST_STEP][PASSED] - verifyTextPresent("City", true): Text 'City' is present on page  using regular expression

2022-06-30 22:32:22 - [MESSAGE][PASSED] - Text 'City' is present on page  using regular expression

2022-06-30 22:32:22 - [TEST_STEP][PASSED] - verifyTextPresent("State", true): Text 'State' is present on page  using regular expression

2022-06-30 22:32:23 - [MESSAGE][PASSED] - Text 'State' is present on page  using regular expression

2022-06-30 22:32:23 - [TEST_STEP][PASSED] - verifyTextPresent("ZIP Code", true): Text 'ZIP Code' is present on page  using regular expression

2022-06-30 22:32:23 - [MESSAGE][PASSED] - Text 'ZIP Code' is present on page  using regular expression

2022-06-30 22:32:23 - [TEST_STEP][PASSED] - verifyTextPresent("248 PhoolKaante road", true): Text '248 PhoolKaante road' is present on page  using regular expression

2022-06-30 22:32:23 - [MESSAGE][PASSED] - Text '248 PhoolKaante road' is present on page  using regular expression

2022-06-30 22:32:23 - [TEST_STEP][PASSED] - verifyTextPresent("Suite 678", true): Text 'Suite 678' is present on page  using regular expression

2022-06-30 22:32:24 - [MESSAGE][PASSED] - Text 'Suite 678' is present on page  using regular expression

2022-06-30 22:32:24 - [TEST_STEP][PASSED] - verifyTextPresent("United States", true): Text 'United States' is present on page  using regular expression

2022-06-30 22:32:24 - [MESSAGE][PASSED] - Text 'United States' is present on page  using regular expression

2022-06-30 22:32:24 - [TEST_STEP][PASSED] - verifyTextPresent("ARLINGTON", true): Text 'ARLINGTON' is present on page  using regular expression

2022-06-30 22:32:24 - [MESSAGE][PASSED] - Text 'ARLINGTON' is present on page  using regular expression

2022-06-30 22:32:24 - [TEST_STEP][PASSED] - verifyTextPresent("VA", true): Text 'VA' is present on page  using regular expression

2022-06-30 22:32:25 - [MESSAGE][PASSED] - Text 'VA' is present on page  using regular expression

2022-06-30 22:32:25 - [TEST_STEP][PASSED] - verifyTextPresent("22201", true): Text '22201' is present on page  using regular expression

2022-06-30 22:32:25 - [MESSAGE][PASSED] - Text '22201' is present on page  using regular expression

2022-06-30 22:32:25 - [TEST_STEP][PASSED] - cardTypeV = findTestData(dataFile).getValue("CardType", row): null

2022-06-30 22:32:25 - [TEST_STEP][PASSED] - last4V = findTestData(dataFile).getValue("Last4", row): null

2022-06-30 22:32:25 - [TEST_STEP][PASSED] - verifyTextPresent(cardTypeV, true): Text 'Visa' is present on page  using regular expression

2022-06-30 22:32:25 - [MESSAGE][PASSED] - Text 'Visa' is present on page  using regular expression

2022-06-30 22:32:25 - [TEST_STEP][PASSED] - verifyTextPresent(last4V, true): Text '5439' is present on page  using regular expression

2022-06-30 22:32:26 - [MESSAGE][PASSED] - Text '5439' is present on page  using regular expression

2022-06-30 22:32:26 - [TEST_STEP][PASSED] - switch (appName): null

2022-06-30 22:32:26 - [TEST_STEP][PASSED] - case "a_Access AutoDualCFtpQA":: null

2022-06-30 22:32:26 - [TEST_STEP][PASSED] - verifyTextPresent("5.00", true): Text '5.00' is present on page  using regular expression

2022-06-30 22:32:26 - [MESSAGE][PASSED] - Text '5.00' is present on page  using regular expression

2022-06-30 22:32:26 - [TEST_STEP][PASSED] - verifyTextPresent("Dual Transaction", true): Text 'Dual Transaction' is present on page  using regular expression

2022-06-30 22:32:26 - [MESSAGE][PASSED] - Text 'Dual Transaction' is present on page  using regular expression

2022-06-30 22:32:26 - [TEST_STEP][PASSED] - verifyTextPresent("7.50", true): Text '7.50' is present on page  using regular expression

2022-06-30 22:32:27 - [MESSAGE][PASSED] - Text '7.50' is present on page  using regular expression

2022-06-30 22:32:27 - [TEST_STEP][PASSED] - verifyTextPresent("Total Amount", true): Text 'Total Amount' is present on page  using regular expression

2022-06-30 22:32:27 - [MESSAGE][PASSED] - Text 'Total Amount' is present on page  using regular expression

2022-06-30 22:32:27 - [TEST_STEP][PASSED] - verifyTextPresent("Transaction Type", true): Text 'Transaction Type' is present on page  using regular expression

2022-06-30 22:32:27 - [MESSAGE][PASSED] - Text 'Transaction Type' is present on page  using regular expression

2022-06-30 22:32:27 - [TEST_STEP][PASSED] - break: null

2022-06-30 22:32:27 - [TEST_STEP][PASSED] - closeBrowser(): Browser is closed

2022-06-30 22:32:28 - [MESSAGE][PASSED] - Browser is closed

2022-06-30 22:32:28 - [TEST_STEP][PASSED] - ExecuteTC = findTestData(dataFile).getValue("Execute", row): null

2022-06-30 22:32:28 - [TEST_STEP][PASSED] - out.println("Value of Execute is : " + ExecuteTC): null

2022-06-30 22:32:28 - [TEST_STEP][PASSED] - switch (executionProfile): null

2022-06-30 22:32:28 - [TEST_STEP][PASSED] - case "QAProfile":: null

2022-06-30 22:32:28 - [TEST_STEP][PASSED] - appName = findTestData(dataFile).getValue("AppNameQA", row): null

2022-06-30 22:32:28 - [TEST_STEP][PASSED] - appID = findTestData(dataFile).getValue("AppIDQA", row): null

2022-06-30 22:32:28 - [TEST_STEP][PASSED] - break: null

2022-06-30 22:32:28 - [TEST_STEP][PASSED] - if (ExecuteTC.equalsIgnoreCase("Y")): null

2022-06-30 22:32:28 - [TEST_STEP][PASSED] - out.println("Begin Record Number: " + row): null

2022-06-30 22:32:28 - [TEST_STEP][PASSED] - today = new java.util.Date(): null

2022-06-30 22:32:28 - [TEST_STEP][PASSED] - println(today): null

2022-06-30 22:32:28 - [TEST_STEP][PASSED] - datText = today: null

2022-06-30 22:32:28 - [TEST_STEP][PASSED] - adminSuiteBootstrap.loginFunctionality.login_AdminSuite(): adminSuiteBootstrap.loginFunctionality.login_AdminSuite is PASSED

2022-06-30 22:32:28 - [MESSAGE][INFO] - Starting 'Chrome' driver

2022-06-30 22:32:28 - [MESSAGE][INFO] - User set preference: ['acceptInsecureCerts', 'true']

2022-06-30 22:32:28 - [MESSAGE][INFO] - Action delay is set to 0 milliseconds

2022-06-30 22:32:32 - [MESSAGE][PASSED] - Browser is opened with url: 'https://qa.velocitypayment.com/admin/imtiaz'

2022-06-30 22:32:32 - [MESSAGE][PASSED] - Current window maximized

2022-06-30 22:32:32 - [MESSAGE][PASSED] - Object 'Object Repository/Login_Page/Login_Username' is present

2022-06-30 22:32:33 - [MESSAGE][PASSED] - Text 'iahmed' is set on object 'Object Repository/Login_Page/Login_Username'

2022-06-30 22:32:34 - [MESSAGE][PASSED] - Text 'hello2222' is set on object 'Object Repository/Login_Page/Login_Password'

2022-06-30 22:32:37 - [MESSAGE][PASSED] - Object: 'Object Repository/Login_Page/Login_Submit' is clicked on

2022-06-30 22:32:37 - [MESSAGE][PASSED] - adminSuiteBootstrap.loginFunctionality.login_AdminSuite is PASSED

2022-06-30 22:32:37 - [TEST_STEP][PASSED] - click(findTestObject(path_Dashboard + appName)): Object: 'Object Repository/AdminSuiteBootstrap_Pages/Dashboard_Bootstrap/a_Access AutoDualCFtpQA' is clicked on

2022-06-30 22:32:38 - [MESSAGE][PASSED] - Object: 'Object Repository/AdminSuiteBootstrap_Pages/Dashboard_Bootstrap/a_Access AutoDualCFtpQA' is clicked on

2022-06-30 22:32:38 - [TEST_STEP][PASSED] - click(findTestObject(path_VT + "a_Find Profile")): Object: 'Object Repository/AdminSuiteBootstrap_Pages/VT_Bootstrap/IssueTransactions/a_Find Profile' is clicked on

2022-06-30 22:32:39 - [MESSAGE][PASSED] - Object: 'Object Repository/AdminSuiteBootstrap_Pages/VT_Bootstrap/IssueTransactions/a_Find Profile' is clicked on

2022-06-30 22:32:39 - [TEST_STEP][PASSED] - criteria = <not implemented yet for class: org.codehaus.groovy.ast.expr.EmptyExpression>: null

2022-06-30 22:32:39 - [TEST_STEP][PASSED] - searchBy = <not implemented yet for class: org.codehaus.groovy.ast.expr.EmptyExpression>: null

2022-06-30 22:32:39 - [TEST_STEP][PASSED] - criteria = findTestData(dataFile).getValue("ProfileName", row): null

2022-06-30 22:32:39 - [TEST_STEP][PASSED] - path_SearchProfile = "Object Repository/AdminSuiteBootstrap_Pages/VSP_Bootstrap/SearchProfile/": null

2022-06-30 22:32:39 - [TEST_STEP][PASSED] - setText(findTestObject(path_SearchProfile + "input_Criteria"), criteria): Text 'PaymentsMC' is set on object 'Object Repository/AdminSuiteBootstrap_Pages/VSP_Bootstrap/SearchProfile/input_Criteria'

2022-06-30 22:32:40 - [MESSAGE][PASSED] - Text 'PaymentsMC' is set on object 'Object Repository/AdminSuiteBootstrap_Pages/VSP_Bootstrap/SearchProfile/input_Criteria'

2022-06-30 22:32:40 - [TEST_STEP][PASSED] - click(findTestObject(path_SearchProfile + "button_Search")): Object: 'Object Repository/AdminSuiteBootstrap_Pages/VSP_Bootstrap/SearchProfile/button_Search' is clicked on

2022-06-30 22:32:41 - [MESSAGE][PASSED] - Object: 'Object Repository/AdminSuiteBootstrap_Pages/VSP_Bootstrap/SearchProfile/button_Search' is clicked on

2022-06-30 22:32:41 - [TEST_STEP][PASSED] - profNameLink = findTestData(dataFile).getValue("ProfileNameLink", row): null

2022-06-30 22:32:41 - [TEST_STEP][PASSED] - click(findTestObject(path_ViewProfile + profNameLink)): Object: 'Object Repository/AdminSuiteBootstrap_Pages/VSP_Bootstrap/View Profile/a_PaymentsMC' is clicked on

2022-06-30 22:32:43 - [MESSAGE][PASSED] - Object: 'Object Repository/AdminSuiteBootstrap_Pages/VSP_Bootstrap/View Profile/a_PaymentsMC' is clicked on

2022-06-30 22:32:43 - [TEST_STEP][PASSED] - click(findTestObject(path_ViewProfile + "a_AuthCap")): Object: 'Object Repository/AdminSuiteBootstrap_Pages/VSP_Bootstrap/View Profile/a_AuthCap' is clicked on

2022-06-30 22:32:45 - [MESSAGE][PASSED] - Object: 'Object Repository/AdminSuiteBootstrap_Pages/VSP_Bootstrap/View Profile/a_AuthCap' is clicked on

2022-06-30 22:32:45 - [TEST_STEP][PASSED] - verifyTextPresent("Credit Card Authorization Capture", true): Text 'Credit Card Authorization Capture' is present on page  using regular expression

2022-06-30 22:32:46 - [MESSAGE][PASSED] - Text 'Credit Card Authorization Capture' is present on page  using regular expression

2022-06-30 22:32:46 - [TEST_STEP][PASSED] - verifyTextPresent("Sale", true): Text 'Sale' is present on page  using regular expression

2022-06-30 22:32:46 - [MESSAGE][PASSED] - Text 'Sale' is present on page  using regular expression

2022-06-30 22:32:46 - [TEST_STEP][PASSED] - verifyTextPresent("Required fields are highlighted with an asterisk", true): Text 'Required fields are highlighted with an asterisk' is present on page  using regular expression

2022-06-30 22:32:46 - [MESSAGE][PASSED] - Text 'Required fields are highlighted with an asterisk' is present on page  using regular expression

2022-06-30 22:32:46 - [TEST_STEP][PASSED] - verifyTextPresent("Remittance ID", true): Text 'Remittance ID' is present on page  using regular expression

2022-06-30 22:32:47 - [MESSAGE][PASSED] - Text 'Remittance ID' is present on page  using regular expression

2022-06-30 22:32:47 - [TEST_STEP][PASSED] - vspBootstrap.SalePage.setDataSaleAndAuth(row, dataFile): vspBootstrap.SalePage.setDataSaleAndAuth is PASSED

2022-06-30 22:32:48 - [MESSAGE][PASSED] - All options with value 'RETL' are selected in object 'Object Repository/AdminSuiteBootstrap_Pages/VSP_Bootstrap/VSP_Authcap/select_TransactionCategory'  using regular expression

2022-06-30 22:32:49 - [MESSAGE][PASSED] - Text '123' is set on object 'Object Repository/AdminSuiteBootstrap_Pages/VSP_Bootstrap/VSP_Authcap/input_cvv'

2022-06-30 22:32:50 - [MESSAGE][PASSED] - Text '' is set on object 'Object Repository/AdminSuiteBootstrap_Pages/VSP_Bootstrap/VSP_Authcap/input_smsNumber'

2022-06-30 22:32:50 - [MESSAGE][PASSED] - Text '2.50' is set on object 'Object Repository/AdminSuiteBootstrap_Pages/VSP_Bootstrap/VSP_Authcap/input_amount'

2022-06-30 22:32:51 - [MESSAGE][PASSED] - Text 'Delhi' is set on object 'Object Repository/AdminSuiteBootstrap_Pages/VSP_Bootstrap/VSP_Authcap/input_userDefined1'

2022-06-30 22:32:52 - [MESSAGE][PASSED] - Text 'Chennai' is set on object 'Object Repository/AdminSuiteBootstrap_Pages/VSP_Bootstrap/VSP_Authcap/input_userDefined2'

2022-06-30 22:32:53 - [MESSAGE][PASSED] - Text 'Mumbai' is set on object 'Object Repository/AdminSuiteBootstrap_Pages/VSP_Bootstrap/VSP_Authcap/input_userDefined3'

2022-06-30 22:32:53 - [MESSAGE][PASSED] - Text 'Kanpur' is set on object 'Object Repository/AdminSuiteBootstrap_Pages/VSP_Bootstrap/VSP_Authcap/input_userDefined4'

2022-06-30 22:32:54 - [MESSAGE][PASSED] - All options with label 'Orange' are selected in object 'Object Repository/AdminSuiteBootstrap_Pages/VSP_Bootstrap/VSP_Authcap/select_UDF5'  using regular expression

2022-06-30 22:32:55 - [MESSAGE][PASSED] - All options with label 'Yellow' are selected in object 'Object Repository/AdminSuiteBootstrap_Pages/VSP_Bootstrap/VSP_Authcap/select_UDF6'  using regular expression

2022-06-30 22:32:56 - [MESSAGE][PASSED] - Text 'Kolkata' is set on object 'Object Repository/AdminSuiteBootstrap_Pages/VSP_Bootstrap/VSP_Authcap/input_userDefined7'

2022-06-30 22:32:56 - [MESSAGE][PASSED] - Text 'Pune' is set on object 'Object Repository/AdminSuiteBootstrap_Pages/VSP_Bootstrap/VSP_Authcap/input_userDefined8'

2022-06-30 22:32:57 - [MESSAGE][PASSED] - Text 'Bhavnagar' is set on object 'Object Repository/AdminSuiteBootstrap_Pages/VSP_Bootstrap/VSP_Authcap/input_userDefined9'

2022-06-30 22:32:58 - [MESSAGE][PASSED] - Text 'Noida' is set on object 'Object Repository/AdminSuiteBootstrap_Pages/VSP_Bootstrap/VSP_Authcap/input_userDefined10'

2022-06-30 22:33:00 - [MESSAGE][PASSED] - Object: 'Object Repository/AdminSuiteBootstrap_Pages/VSP_Bootstrap/VSP_Authcap/button_Submit' is clicked on

2022-06-30 22:33:00 - [MESSAGE][PASSED] - vspBootstrap.SalePage.setDataSaleAndAuth is PASSED

2022-06-30 22:33:00 - [TEST_STEP][PASSED] - verifyTextPresent("Transaction Successful", true): Text 'Transaction Successful' is present on page  using regular expression

2022-06-30 22:33:01 - [MESSAGE][PASSED] - Text 'Transaction Successful' is present on page  using regular expression

2022-06-30 22:33:01 - [TEST_STEP][PASSED] - verifyElementVisible(findTestObject("Object Repository/AdminSuiteBootstrap_Pages/VT_Bootstrap/Receipt/button_Continue")): Object 'Object Repository/AdminSuiteBootstrap_Pages/VT_Bootstrap/Receipt/button_Continue' is visible

2022-06-30 22:33:01 - [MESSAGE][PASSED] - Object 'Object Repository/AdminSuiteBootstrap_Pages/VT_Bootstrap/Receipt/button_Continue' is visible

2022-06-30 22:33:01 - [TEST_STEP][PASSED] - verifyElementPresent(findTestObject("Object Repository/AdminSuiteBootstrap_Pages/VT_Bootstrap/Receipt/button_Continue"), 20): Object 'Object Repository/AdminSuiteBootstrap_Pages/VT_Bootstrap/Receipt/button_Continue' is present

2022-06-30 22:33:02 - [MESSAGE][PASSED] - Object 'Object Repository/AdminSuiteBootstrap_Pages/VT_Bootstrap/Receipt/button_Continue' is present

2022-06-30 22:33:02 - [TEST_STEP][PASSED] - verifyElementVisible(findTestObject("Object Repository/AdminSuiteBootstrap_Pages/VT_Bootstrap/Receipt/button_Print")): Object 'Object Repository/AdminSuiteBootstrap_Pages/VT_Bootstrap/Receipt/button_Print' is visible

2022-06-30 22:33:02 - [MESSAGE][PASSED] - Object 'Object Repository/AdminSuiteBootstrap_Pages/VT_Bootstrap/Receipt/button_Print' is visible

2022-06-30 22:33:02 - [TEST_STEP][PASSED] - verifyElementPresent(findTestObject("Object Repository/AdminSuiteBootstrap_Pages/VT_Bootstrap/Receipt/button_Print"), 20): Object 'Object Repository/AdminSuiteBootstrap_Pages/VT_Bootstrap/Receipt/button_Print' is present

2022-06-30 22:33:02 - [MESSAGE][PASSED] - Object 'Object Repository/AdminSuiteBootstrap_Pages/VT_Bootstrap/Receipt/button_Print' is present

2022-06-30 22:33:02 - [TEST_STEP][PASSED] - verifyTextPresent("Remittance ID", true): Text 'Remittance ID' is present on page  using regular expression

2022-06-30 22:33:02 - [MESSAGE][PASSED] - Text 'Remittance ID' is present on page  using regular expression

2022-06-30 22:33:02 - [TEST_STEP][PASSED] - verifyTextPresent("Received", true): Text 'Received' is present on page  using regular expression

2022-06-30 22:33:03 - [MESSAGE][PASSED] - Text 'Received' is present on page  using regular expression

2022-06-30 22:33:03 - [TEST_STEP][PASSED] - verifyTextPresent("UDF1", true): Text 'UDF1' is present on page  using regular expression

2022-06-30 22:33:03 - [MESSAGE][PASSED] - Text 'UDF1' is present on page  using regular expression

2022-06-30 22:33:03 - [TEST_STEP][PASSED] - verifyTextPresent("UDF2", true): Text 'UDF2' is present on page  using regular expression

2022-06-30 22:33:03 - [MESSAGE][PASSED] - Text 'UDF2' is present on page  using regular expression

2022-06-30 22:33:03 - [TEST_STEP][PASSED] - verifyTextPresent("UDF3", true): Text 'UDF3' is present on page  using regular expression

2022-06-30 22:33:04 - [MESSAGE][PASSED] - Text 'UDF3' is present on page  using regular expression

2022-06-30 22:33:04 - [TEST_STEP][PASSED] - verifyTextPresent("UDF4", true): Text 'UDF4' is present on page  using regular expression

2022-06-30 22:33:04 - [MESSAGE][PASSED] - Text 'UDF4' is present on page  using regular expression

2022-06-30 22:33:04 - [TEST_STEP][PASSED] - verifyTextPresent("UDF5", true): Text 'UDF5' is present on page  using regular expression

2022-06-30 22:33:04 - [MESSAGE][PASSED] - Text 'UDF5' is present on page  using regular expression

2022-06-30 22:33:04 - [TEST_STEP][PASSED] - verifyTextPresent("UDF6", true): Text 'UDF6' is present on page  using regular expression

2022-06-30 22:33:05 - [MESSAGE][PASSED] - Text 'UDF6' is present on page  using regular expression

2022-06-30 22:33:05 - [TEST_STEP][PASSED] - verifyTextPresent("UDF7", true): Text 'UDF7' is present on page  using regular expression

2022-06-30 22:33:05 - [MESSAGE][PASSED] - Text 'UDF7' is present on page  using regular expression

2022-06-30 22:33:05 - [TEST_STEP][PASSED] - verifyTextPresent("UDF8", true): Text 'UDF8' is present on page  using regular expression

2022-06-30 22:33:05 - [MESSAGE][PASSED] - Text 'UDF8' is present on page  using regular expression

2022-06-30 22:33:05 - [TEST_STEP][PASSED] - verifyTextPresent("UDF9", true): Text 'UDF9' is present on page  using regular expression

2022-06-30 22:33:06 - [MESSAGE][PASSED] - Text 'UDF9' is present on page  using regular expression

2022-06-30 22:33:06 - [TEST_STEP][PASSED] - verifyTextPresent("UDF 10", true): Text 'UDF 10' is present on page  using regular expression

2022-06-30 22:33:06 - [MESSAGE][PASSED] - Text 'UDF 10' is present on page  using regular expression

2022-06-30 22:33:06 - [TEST_STEP][PASSED] - verifyTextPresent("Delhi", true): Text 'Delhi' is present on page  using regular expression

2022-06-30 22:33:06 - [MESSAGE][PASSED] - Text 'Delhi' is present on page  using regular expression

2022-06-30 22:33:06 - [TEST_STEP][PASSED] - verifyTextPresent("Chennai", true): Text 'Chennai' is present on page  using regular expression

2022-06-30 22:33:06 - [MESSAGE][PASSED] - Text 'Chennai' is present on page  using regular expression

2022-06-30 22:33:06 - [TEST_STEP][PASSED] - verifyTextPresent("Mumbai", true): Text 'Mumbai' is present on page  using regular expression

2022-06-30 22:33:07 - [MESSAGE][PASSED] - Text 'Mumbai' is present on page  using regular expression

2022-06-30 22:33:07 - [TEST_STEP][PASSED] - verifyTextPresent("Kanpur", true): Text 'Kanpur' is present on page  using regular expression

2022-06-30 22:33:07 - [MESSAGE][PASSED] - Text 'Kanpur' is present on page  using regular expression

2022-06-30 22:33:07 - [TEST_STEP][PASSED] - verifyTextPresent("Orange Recorded", true): Text 'Orange Recorded' is present on page  using regular expression

2022-06-30 22:33:07 - [MESSAGE][PASSED] - Text 'Orange Recorded' is present on page  using regular expression

2022-06-30 22:33:07 - [TEST_STEP][PASSED] - verifyTextPresent("Yellow Recorded", true): Text 'Yellow Recorded' is present on page  using regular expression

2022-06-30 22:33:08 - [MESSAGE][PASSED] - Text 'Yellow Recorded' is present on page  using regular expression

2022-06-30 22:33:08 - [TEST_STEP][PASSED] - verifyTextPresent("Kolkata", true): Text 'Kolkata' is present on page  using regular expression

2022-06-30 22:33:08 - [MESSAGE][PASSED] - Text 'Kolkata' is present on page  using regular expression

2022-06-30 22:33:08 - [TEST_STEP][PASSED] - verifyTextPresent("Pune", true): Text 'Pune' is present on page  using regular expression

2022-06-30 22:33:08 - [MESSAGE][PASSED] - Text 'Pune' is present on page  using regular expression

2022-06-30 22:33:08 - [TEST_STEP][PASSED] - verifyTextPresent("Bhavnagar", true): Text 'Bhavnagar' is present on page  using regular expression

2022-06-30 22:33:09 - [MESSAGE][PASSED] - Text 'Bhavnagar' is present on page  using regular expression

2022-06-30 22:33:09 - [TEST_STEP][PASSED] - verifyTextPresent("Noida", true): Text 'Noida' is present on page  using regular expression

2022-06-30 22:33:09 - [MESSAGE][PASSED] - Text 'Noida' is present on page  using regular expression

2022-06-30 22:33:09 - [TEST_STEP][PASSED] - verifyTextPresent("Amount", true): Text 'Amount' is present on page  using regular expression

2022-06-30 22:33:09 - [MESSAGE][PASSED] - Text 'Amount' is present on page  using regular expression

2022-06-30 22:33:09 - [TEST_STEP][PASSED] - verifyTextPresent("2.50", true): Text '2.50' is present on page  using regular expression

2022-06-30 22:33:10 - [MESSAGE][PASSED] - Text '2.50' is present on page  using regular expression

2022-06-30 22:33:10 - [TEST_STEP][PASSED] - verifyTextPresent("Authorization and Capture", true): Text 'Authorization and Capture' is present on page  using regular expression

2022-06-30 22:33:10 - [MESSAGE][PASSED] - Text 'Authorization and Capture' is present on page  using regular expression

2022-06-30 22:33:10 - [TEST_STEP][PASSED] - verifyTextPresent("Card Information", true): Text 'Card Information' is present on page  using regular expression

2022-06-30 22:33:10 - [MESSAGE][PASSED] - Text 'Card Information' is present on page  using regular expression

2022-06-30 22:33:10 - [TEST_STEP][PASSED] - verifyTextPresent("TANDON RAVENA", true): Text 'TANDON RAVENA' is present on page  using regular expression

2022-06-30 22:33:11 - [MESSAGE][PASSED] - Text 'TANDON RAVENA' is present on page  using regular expression

2022-06-30 22:33:11 - [TEST_STEP][PASSED] - verifyTextPresent("Address Line 1", true): Text 'Address Line 1' is present on page  using regular expression

2022-06-30 22:33:11 - [MESSAGE][PASSED] - Text 'Address Line 1' is present on page  using regular expression

2022-06-30 22:33:11 - [TEST_STEP][PASSED] - verifyTextPresent("Address Line 2", true): Text 'Address Line 2' is present on page  using regular expression

2022-06-30 22:33:11 - [MESSAGE][PASSED] - Text 'Address Line 2' is present on page  using regular expression

2022-06-30 22:33:11 - [TEST_STEP][PASSED] - verifyTextPresent("Country", true): Text 'Country' is present on page  using regular expression

2022-06-30 22:33:11 - [MESSAGE][PASSED] - Text 'Country' is present on page  using regular expression

2022-06-30 22:33:11 - [TEST_STEP][PASSED] - verifyTextPresent("City", true): Text 'City' is present on page  using regular expression

2022-06-30 22:33:12 - [MESSAGE][PASSED] - Text 'City' is present on page  using regular expression

2022-06-30 22:33:12 - [TEST_STEP][PASSED] - verifyTextPresent("State", true): Text 'State' is present on page  using regular expression

2022-06-30 22:33:12 - [MESSAGE][PASSED] - Text 'State' is present on page  using regular expression

2022-06-30 22:33:12 - [TEST_STEP][PASSED] - verifyTextPresent("ZIP Code", true): Text 'ZIP Code' is present on page  using regular expression

2022-06-30 22:33:12 - [MESSAGE][PASSED] - Text 'ZIP Code' is present on page  using regular expression

2022-06-30 22:33:12 - [TEST_STEP][PASSED] - verifyTextPresent("248 PhoolKaante road", true): Text '248 PhoolKaante road' is present on page  using regular expression

2022-06-30 22:33:13 - [MESSAGE][PASSED] - Text '248 PhoolKaante road' is present on page  using regular expression

2022-06-30 22:33:13 - [TEST_STEP][PASSED] - verifyTextPresent("Suite 678", true): Text 'Suite 678' is present on page  using regular expression

2022-06-30 22:33:13 - [MESSAGE][PASSED] - Text 'Suite 678' is present on page  using regular expression

2022-06-30 22:33:13 - [TEST_STEP][PASSED] - verifyTextPresent("United States", true): Text 'United States' is present on page  using regular expression

2022-06-30 22:33:13 - [MESSAGE][PASSED] - Text 'United States' is present on page  using regular expression

2022-06-30 22:33:13 - [TEST_STEP][PASSED] - verifyTextPresent("ARLINGTON", true): Text 'ARLINGTON' is present on page  using regular expression

2022-06-30 22:33:14 - [MESSAGE][PASSED] - Text 'ARLINGTON' is present on page  using regular expression

2022-06-30 22:33:14 - [TEST_STEP][PASSED] - verifyTextPresent("VA", true): Text 'VA' is present on page  using regular expression

2022-06-30 22:33:14 - [MESSAGE][PASSED] - Text 'VA' is present on page  using regular expression

2022-06-30 22:33:14 - [TEST_STEP][PASSED] - verifyTextPresent("22201", true): Text '22201' is present on page  using regular expression

2022-06-30 22:33:14 - [MESSAGE][PASSED] - Text '22201' is present on page  using regular expression

2022-06-30 22:33:14 - [TEST_STEP][PASSED] - cardTypeV = findTestData(dataFile).getValue("CardType", row): null

2022-06-30 22:33:14 - [TEST_STEP][PASSED] - last4V = findTestData(dataFile).getValue("Last4", row): null

2022-06-30 22:33:14 - [TEST_STEP][PASSED] - verifyTextPresent(cardTypeV, true): Text 'MasterCard' is present on page  using regular expression

2022-06-30 22:33:15 - [MESSAGE][PASSED] - Text 'MasterCard' is present on page  using regular expression

2022-06-30 22:33:15 - [TEST_STEP][PASSED] - verifyTextPresent(last4V, true): Text '0035' is present on page  using regular expression

2022-06-30 22:33:15 - [MESSAGE][PASSED] - Text '0035' is present on page  using regular expression

2022-06-30 22:33:15 - [TEST_STEP][PASSED] - switch (appName): null

2022-06-30 22:33:15 - [TEST_STEP][PASSED] - case "a_Access AutoDualCFtpQA":: null

2022-06-30 22:33:15 - [TEST_STEP][PASSED] - verifyTextPresent("5.00", true): Text '5.00' is present on page  using regular expression

2022-06-30 22:33:15 - [MESSAGE][PASSED] - Text '5.00' is present on page  using regular expression

2022-06-30 22:33:15 - [TEST_STEP][PASSED] - verifyTextPresent("Dual Transaction", true): Text 'Dual Transaction' is present on page  using regular expression

2022-06-30 22:33:16 - [MESSAGE][PASSED] - Text 'Dual Transaction' is present on page  using regular expression

2022-06-30 22:33:16 - [TEST_STEP][PASSED] - verifyTextPresent("7.50", true): Text '7.50' is present on page  using regular expression

2022-06-30 22:33:16 - [MESSAGE][PASSED] - Text '7.50' is present on page  using regular expression

2022-06-30 22:33:16 - [TEST_STEP][PASSED] - verifyTextPresent("Total Amount", true): Text 'Total Amount' is present on page  using regular expression

2022-06-30 22:33:16 - [MESSAGE][PASSED] - Text 'Total Amount' is present on page  using regular expression

2022-06-30 22:33:16 - [TEST_STEP][PASSED] - verifyTextPresent("Transaction Type", true): Text 'Transaction Type' is present on page  using regular expression

2022-06-30 22:33:17 - [MESSAGE][PASSED] - Text 'Transaction Type' is present on page  using regular expression

2022-06-30 22:33:17 - [TEST_STEP][PASSED] - break: null

2022-06-30 22:33:17 - [TEST_STEP][PASSED] - closeBrowser(): Browser is closed

2022-06-30 22:33:18 - [MESSAGE][PASSED] - Browser is closed

2022-06-30 22:33:18 - [TEST_STEP][PASSED] - ExecuteTC = findTestData(dataFile).getValue("Execute", row): null

2022-06-30 22:33:18 - [TEST_STEP][PASSED] - out.println("Value of Execute is : " + ExecuteTC): null

2022-06-30 22:33:18 - [TEST_STEP][PASSED] - switch (executionProfile): null

2022-06-30 22:33:18 - [TEST_STEP][PASSED] - case "QAProfile":: null

2022-06-30 22:33:18 - [TEST_STEP][PASSED] - appName = findTestData(dataFile).getValue("AppNameQA", row): null

2022-06-30 22:33:18 - [TEST_STEP][PASSED] - appID = findTestData(dataFile).getValue("AppIDQA", row): null

2022-06-30 22:33:18 - [TEST_STEP][PASSED] - break: null

2022-06-30 22:33:18 - [TEST_STEP][PASSED] - if (ExecuteTC.equalsIgnoreCase("Y")): null

2022-06-30 22:33:18 - [TEST_STEP][PASSED] - out.println("Begin Record Number: " + row): null

2022-06-30 22:33:18 - [TEST_STEP][PASSED] - today = new java.util.Date(): null

2022-06-30 22:33:18 - [TEST_STEP][PASSED] - println(today): null

2022-06-30 22:33:18 - [TEST_STEP][PASSED] - datText = today: null

2022-06-30 22:33:18 - [TEST_STEP][PASSED] - adminSuiteBootstrap.loginFunctionality.login_AdminSuite(): adminSuiteBootstrap.loginFunctionality.login_AdminSuite is PASSED

2022-06-30 22:33:18 - [MESSAGE][INFO] - Starting 'Chrome' driver

2022-06-30 22:33:18 - [MESSAGE][INFO] - User set preference: ['acceptInsecureCerts', 'true']

2022-06-30 22:33:18 - [MESSAGE][INFO] - Action delay is set to 0 milliseconds

2022-06-30 22:33:20 - [MESSAGE][PASSED] - Browser is opened with url: 'https://qa.velocitypayment.com/admin/imtiaz'

2022-06-30 22:33:21 - [MESSAGE][PASSED] - Current window maximized

2022-06-30 22:33:21 - [MESSAGE][PASSED] - Object 'Object Repository/Login_Page/Login_Username' is present

2022-06-30 22:33:22 - [MESSAGE][PASSED] - Text 'iahmed' is set on object 'Object Repository/Login_Page/Login_Username'

2022-06-30 22:33:22 - [MESSAGE][PASSED] - Text 'hello2222' is set on object 'Object Repository/Login_Page/Login_Password'

2022-06-30 22:33:27 - [MESSAGE][PASSED] - Object: 'Object Repository/Login_Page/Login_Submit' is clicked on

2022-06-30 22:33:27 - [MESSAGE][PASSED] - adminSuiteBootstrap.loginFunctionality.login_AdminSuite is PASSED

2022-06-30 22:33:27 - [TEST_STEP][PASSED] - click(findTestObject(path_Dashboard + appName)): Object: 'Object Repository/AdminSuiteBootstrap_Pages/Dashboard_Bootstrap/a_Access AutoDualCFtpQA' is clicked on

2022-06-30 22:33:27 - [MESSAGE][PASSED] - Object: 'Object Repository/AdminSuiteBootstrap_Pages/Dashboard_Bootstrap/a_Access AutoDualCFtpQA' is clicked on

2022-06-30 22:33:27 - [TEST_STEP][PASSED] - click(findTestObject(path_VT + "a_Find Profile")): Object: 'Object Repository/AdminSuiteBootstrap_Pages/VT_Bootstrap/IssueTransactions/a_Find Profile' is clicked on

2022-06-30 22:33:28 - [MESSAGE][PASSED] - Object: 'Object Repository/AdminSuiteBootstrap_Pages/VT_Bootstrap/IssueTransactions/a_Find Profile' is clicked on

2022-06-30 22:33:28 - [TEST_STEP][PASSED] - criteria = <not implemented yet for class: org.codehaus.groovy.ast.expr.EmptyExpression>: null

2022-06-30 22:33:28 - [TEST_STEP][PASSED] - searchBy = <not implemented yet for class: org.codehaus.groovy.ast.expr.EmptyExpression>: null

2022-06-30 22:33:28 - [TEST_STEP][PASSED] - criteria = findTestData(dataFile).getValue("ProfileName", row): null

2022-06-30 22:33:28 - [TEST_STEP][PASSED] - path_SearchProfile = "Object Repository/AdminSuiteBootstrap_Pages/VSP_Bootstrap/SearchProfile/": null

2022-06-30 22:33:28 - [TEST_STEP][PASSED] - setText(findTestObject(path_SearchProfile + "input_Criteria"), criteria): Text 'PaymentsAmEx' is set on object 'Object Repository/AdminSuiteBootstrap_Pages/VSP_Bootstrap/SearchProfile/input_Criteria'

2022-06-30 22:33:29 - [MESSAGE][PASSED] - Text 'PaymentsAmEx' is set on object 'Object Repository/AdminSuiteBootstrap_Pages/VSP_Bootstrap/SearchProfile/input_Criteria'

2022-06-30 22:33:29 - [TEST_STEP][PASSED] - click(findTestObject(path_SearchProfile + "button_Search")): Object: 'Object Repository/AdminSuiteBootstrap_Pages/VSP_Bootstrap/SearchProfile/button_Search' is clicked on

2022-06-30 22:33:30 - [MESSAGE][PASSED] - Object: 'Object Repository/AdminSuiteBootstrap_Pages/VSP_Bootstrap/SearchProfile/button_Search' is clicked on

2022-06-30 22:33:30 - [TEST_STEP][PASSED] - profNameLink = findTestData(dataFile).getValue("ProfileNameLink", row): null

2022-06-30 22:33:30 - [TEST_STEP][PASSED] - click(findTestObject(path_ViewProfile + profNameLink)): Object: 'Object Repository/AdminSuiteBootstrap_Pages/VSP_Bootstrap/View Profile/a_PaymentsAmEx' is clicked on

2022-06-30 22:33:31 - [MESSAGE][PASSED] - Object: 'Object Repository/AdminSuiteBootstrap_Pages/VSP_Bootstrap/View Profile/a_PaymentsAmEx' is clicked on

2022-06-30 22:33:31 - [TEST_STEP][PASSED] - click(findTestObject(path_ViewProfile + "a_AuthCap")): Object: 'Object Repository/AdminSuiteBootstrap_Pages/VSP_Bootstrap/View Profile/a_AuthCap' is clicked on

2022-06-30 22:33:33 - [MESSAGE][PASSED] - Object: 'Object Repository/AdminSuiteBootstrap_Pages/VSP_Bootstrap/View Profile/a_AuthCap' is clicked on

2022-06-30 22:33:33 - [TEST_STEP][PASSED] - verifyTextPresent("Credit Card Authorization Capture", true): Text 'Credit Card Authorization Capture' is present on page  using regular expression

2022-06-30 22:33:33 - [MESSAGE][PASSED] - Text 'Credit Card Authorization Capture' is present on page  using regular expression

2022-06-30 22:33:33 - [TEST_STEP][PASSED] - verifyTextPresent("Sale", true): Text 'Sale' is present on page  using regular expression

2022-06-30 22:33:34 - [MESSAGE][PASSED] - Text 'Sale' is present on page  using regular expression

2022-06-30 22:33:34 - [TEST_STEP][PASSED] - verifyTextPresent("Required fields are highlighted with an asterisk", true): Text 'Required fields are highlighted with an asterisk' is present on page  using regular expression

2022-06-30 22:33:34 - [MESSAGE][PASSED] - Text 'Required fields are highlighted with an asterisk' is present on page  using regular expression

2022-06-30 22:33:34 - [TEST_STEP][PASSED] - verifyTextPresent("Remittance ID", true): Text 'Remittance ID' is present on page  using regular expression

2022-06-30 22:33:34 - [MESSAGE][PASSED] - Text 'Remittance ID' is present on page  using regular expression

2022-06-30 22:33:34 - [TEST_STEP][PASSED] - vspBootstrap.SalePage.setDataSaleAndAuth(row, dataFile): vspBootstrap.SalePage.setDataSaleAndAuth is PASSED

2022-06-30 22:33:36 - [MESSAGE][PASSED] - All options with value 'RETL' are selected in object 'Object Repository/AdminSuiteBootstrap_Pages/VSP_Bootstrap/VSP_Authcap/select_TransactionCategory'  using regular expression

2022-06-30 22:33:37 - [MESSAGE][PASSED] - Text '1234' is set on object 'Object Repository/AdminSuiteBootstrap_Pages/VSP_Bootstrap/VSP_Authcap/input_cvv'

2022-06-30 22:33:38 - [MESSAGE][PASSED] - Text '' is set on object 'Object Repository/AdminSuiteBootstrap_Pages/VSP_Bootstrap/VSP_Authcap/input_smsNumber'

2022-06-30 22:33:38 - [MESSAGE][PASSED] - Text '2.50' is set on object 'Object Repository/AdminSuiteBootstrap_Pages/VSP_Bootstrap/VSP_Authcap/input_amount'

2022-06-30 22:33:39 - [MESSAGE][PASSED] - Text 'Delhi' is set on object 'Object Repository/AdminSuiteBootstrap_Pages/VSP_Bootstrap/VSP_Authcap/input_userDefined1'

2022-06-30 22:33:40 - [MESSAGE][PASSED] - Text 'Chennai' is set on object 'Object Repository/AdminSuiteBootstrap_Pages/VSP_Bootstrap/VSP_Authcap/input_userDefined2'

2022-06-30 22:33:41 - [MESSAGE][PASSED] - Text 'Mumbai' is set on object 'Object Repository/AdminSuiteBootstrap_Pages/VSP_Bootstrap/VSP_Authcap/input_userDefined3'

2022-06-30 22:33:42 - [MESSAGE][PASSED] - Text 'Kanpur' is set on object 'Object Repository/AdminSuiteBootstrap_Pages/VSP_Bootstrap/VSP_Authcap/input_userDefined4'

2022-06-30 22:33:42 - [MESSAGE][PASSED] - All options with label 'Orange' are selected in object 'Object Repository/AdminSuiteBootstrap_Pages/VSP_Bootstrap/VSP_Authcap/select_UDF5'  using regular expression

2022-06-30 22:33:43 - [MESSAGE][PASSED] - All options with label 'Yellow' are selected in object 'Object Repository/AdminSuiteBootstrap_Pages/VSP_Bootstrap/VSP_Authcap/select_UDF6'  using regular expression

2022-06-30 22:33:44 - [MESSAGE][PASSED] - Text 'Kolkata' is set on object 'Object Repository/AdminSuiteBootstrap_Pages/VSP_Bootstrap/VSP_Authcap/input_userDefined7'

2022-06-30 22:33:45 - [MESSAGE][PASSED] - Text 'Pune' is set on object 'Object Repository/AdminSuiteBootstrap_Pages/VSP_Bootstrap/VSP_Authcap/input_userDefined8'

2022-06-30 22:33:45 - [MESSAGE][PASSED] - Text 'Bhavnagar' is set on object 'Object Repository/AdminSuiteBootstrap_Pages/VSP_Bootstrap/VSP_Authcap/input_userDefined9'

2022-06-30 22:33:46 - [MESSAGE][PASSED] - Text 'Noida' is set on object 'Object Repository/AdminSuiteBootstrap_Pages/VSP_Bootstrap/VSP_Authcap/input_userDefined10'

2022-06-30 22:33:49 - [MESSAGE][PASSED] - Object: 'Object Repository/AdminSuiteBootstrap_Pages/VSP_Bootstrap/VSP_Authcap/button_Submit' is clicked on

2022-06-30 22:33:49 - [MESSAGE][PASSED] - vspBootstrap.SalePage.setDataSaleAndAuth is PASSED

2022-06-30 22:33:49 - [TEST_STEP][PASSED] - verifyTextPresent("Transaction Successful", true): Text 'Transaction Successful' is present on page  using regular expression

2022-06-30 22:33:49 - [MESSAGE][PASSED] - Text 'Transaction Successful' is present on page  using regular expression

2022-06-30 22:33:49 - [TEST_STEP][PASSED] - verifyElementVisible(findTestObject("Object Repository/AdminSuiteBootstrap_Pages/VT_Bootstrap/Receipt/button_Continue")): Object 'Object Repository/AdminSuiteBootstrap_Pages/VT_Bootstrap/Receipt/button_Continue' is visible

2022-06-30 22:33:50 - [MESSAGE][PASSED] - Object 'Object Repository/AdminSuiteBootstrap_Pages/VT_Bootstrap/Receipt/button_Continue' is visible

2022-06-30 22:33:50 - [TEST_STEP][PASSED] - verifyElementPresent(findTestObject("Object Repository/AdminSuiteBootstrap_Pages/VT_Bootstrap/Receipt/button_Continue"), 20): Object 'Object Repository/AdminSuiteBootstrap_Pages/VT_Bootstrap/Receipt/button_Continue' is present

2022-06-30 22:33:50 - [MESSAGE][PASSED] - Object 'Object Repository/AdminSuiteBootstrap_Pages/VT_Bootstrap/Receipt/button_Continue' is present

2022-06-30 22:33:50 - [TEST_STEP][PASSED] - verifyElementVisible(findTestObject("Object Repository/AdminSuiteBootstrap_Pages/VT_Bootstrap/Receipt/button_Print")): Object 'Object Repository/AdminSuiteBootstrap_Pages/VT_Bootstrap/Receipt/button_Print' is visible

2022-06-30 22:33:50 - [MESSAGE][PASSED] - Object 'Object Repository/AdminSuiteBootstrap_Pages/VT_Bootstrap/Receipt/button_Print' is visible

2022-06-30 22:33:50 - [TEST_STEP][PASSED] - verifyElementPresent(findTestObject("Object Repository/AdminSuiteBootstrap_Pages/VT_Bootstrap/Receipt/button_Print"), 20): Object 'Object Repository/AdminSuiteBootstrap_Pages/VT_Bootstrap/Receipt/button_Print' is present

2022-06-30 22:33:51 - [MESSAGE][PASSED] - Object 'Object Repository/AdminSuiteBootstrap_Pages/VT_Bootstrap/Receipt/button_Print' is present

2022-06-30 22:33:51 - [TEST_STEP][PASSED] - verifyTextPresent("Remittance ID", true): Text 'Remittance ID' is present on page  using regular expression

2022-06-30 22:33:51 - [MESSAGE][PASSED] - Text 'Remittance ID' is present on page  using regular expression

2022-06-30 22:33:51 - [TEST_STEP][PASSED] - verifyTextPresent("Received", true): Text 'Received' is present on page  using regular expression

2022-06-30 22:33:51 - [MESSAGE][PASSED] - Text 'Received' is present on page  using regular expression

2022-06-30 22:33:51 - [TEST_STEP][PASSED] - verifyTextPresent("UDF1", true): Text 'UDF1' is present on page  using regular expression

2022-06-30 22:33:52 - [MESSAGE][PASSED] - Text 'UDF1' is present on page  using regular expression

2022-06-30 22:33:52 - [TEST_STEP][PASSED] - verifyTextPresent("UDF2", true): Text 'UDF2' is present on page  using regular expression

2022-06-30 22:33:52 - [MESSAGE][PASSED] - Text 'UDF2' is present on page  using regular expression

2022-06-30 22:33:52 - [TEST_STEP][PASSED] - verifyTextPresent("UDF3", true): Text 'UDF3' is present on page  using regular expression

2022-06-30 22:33:52 - [MESSAGE][PASSED] - Text 'UDF3' is present on page  using regular expression

2022-06-30 22:33:52 - [TEST_STEP][PASSED] - verifyTextPresent("UDF4", true): Text 'UDF4' is present on page  using regular expression

2022-06-30 22:33:53 - [MESSAGE][PASSED] - Text 'UDF4' is present on page  using regular expression

2022-06-30 22:33:53 - [TEST_STEP][PASSED] - verifyTextPresent("UDF5", true): Text 'UDF5' is present on page  using regular expression

2022-06-30 22:33:53 - [MESSAGE][PASSED] - Text 'UDF5' is present on page  using regular expression

2022-06-30 22:33:53 - [TEST_STEP][PASSED] - verifyTextPresent("UDF6", true): Text 'UDF6' is present on page  using regular expression

2022-06-30 22:33:53 - [MESSAGE][PASSED] - Text 'UDF6' is present on page  using regular expression

2022-06-30 22:33:53 - [TEST_STEP][PASSED] - verifyTextPresent("UDF7", true): Text 'UDF7' is present on page  using regular expression

2022-06-30 22:33:54 - [MESSAGE][PASSED] - Text 'UDF7' is present on page  using regular expression

2022-06-30 22:33:54 - [TEST_STEP][PASSED] - verifyTextPresent("UDF8", true): Text 'UDF8' is present on page  using regular expression

2022-06-30 22:33:54 - [MESSAGE][PASSED] - Text 'UDF8' is present on page  using regular expression

2022-06-30 22:33:54 - [TEST_STEP][PASSED] - verifyTextPresent("UDF9", true): Text 'UDF9' is present on page  using regular expression

2022-06-30 22:33:54 - [MESSAGE][PASSED] - Text 'UDF9' is present on page  using regular expression

2022-06-30 22:33:54 - [TEST_STEP][PASSED] - verifyTextPresent("UDF 10", true): Text 'UDF 10' is present on page  using regular expression

2022-06-30 22:33:55 - [MESSAGE][PASSED] - Text 'UDF 10' is present on page  using regular expression

2022-06-30 22:33:55 - [TEST_STEP][PASSED] - verifyTextPresent("Delhi", true): Text 'Delhi' is present on page  using regular expression

2022-06-30 22:33:55 - [MESSAGE][PASSED] - Text 'Delhi' is present on page  using regular expression

2022-06-30 22:33:55 - [TEST_STEP][PASSED] - verifyTextPresent("Chennai", true): Text 'Chennai' is present on page  using regular expression

2022-06-30 22:33:55 - [MESSAGE][PASSED] - Text 'Chennai' is present on page  using regular expression

2022-06-30 22:33:55 - [TEST_STEP][PASSED] - verifyTextPresent("Mumbai", true): Text 'Mumbai' is present on page  using regular expression

2022-06-30 22:33:56 - [MESSAGE][PASSED] - Text 'Mumbai' is present on page  using regular expression

2022-06-30 22:33:56 - [TEST_STEP][PASSED] - verifyTextPresent("Kanpur", true): Text 'Kanpur' is present on page  using regular expression

2022-06-30 22:33:56 - [MESSAGE][PASSED] - Text 'Kanpur' is present on page  using regular expression

2022-06-30 22:33:56 - [TEST_STEP][PASSED] - verifyTextPresent("Orange Recorded", true): Text 'Orange Recorded' is present on page  using regular expression

2022-06-30 22:33:56 - [MESSAGE][PASSED] - Text 'Orange Recorded' is present on page  using regular expression

2022-06-30 22:33:56 - [TEST_STEP][PASSED] - verifyTextPresent("Yellow Recorded", true): Text 'Yellow Recorded' is present on page  using regular expression

2022-06-30 22:33:57 - [MESSAGE][PASSED] - Text 'Yellow Recorded' is present on page  using regular expression

2022-06-30 22:33:57 - [TEST_STEP][PASSED] - verifyTextPresent("Kolkata", true): Text 'Kolkata' is present on page  using regular expression

2022-06-30 22:33:57 - [MESSAGE][PASSED] - Text 'Kolkata' is present on page  using regular expression

2022-06-30 22:33:57 - [TEST_STEP][PASSED] - verifyTextPresent("Pune", true): Text 'Pune' is present on page  using regular expression

2022-06-30 22:33:57 - [MESSAGE][PASSED] - Text 'Pune' is present on page  using regular expression

2022-06-30 22:33:57 - [TEST_STEP][PASSED] - verifyTextPresent("Bhavnagar", true): Text 'Bhavnagar' is present on page  using regular expression

2022-06-30 22:33:57 - [MESSAGE][PASSED] - Text 'Bhavnagar' is present on page  using regular expression

2022-06-30 22:33:57 - [TEST_STEP][PASSED] - verifyTextPresent("Noida", true): Text 'Noida' is present on page  using regular expression

2022-06-30 22:33:58 - [MESSAGE][PASSED] - Text 'Noida' is present on page  using regular expression

2022-06-30 22:33:58 - [TEST_STEP][PASSED] - verifyTextPresent("Amount", true): Text 'Amount' is present on page  using regular expression

2022-06-30 22:33:58 - [MESSAGE][PASSED] - Text 'Amount' is present on page  using regular expression

2022-06-30 22:33:58 - [TEST_STEP][PASSED] - verifyTextPresent("2.50", true): Text '2.50' is present on page  using regular expression

2022-06-30 22:33:58 - [MESSAGE][PASSED] - Text '2.50' is present on page  using regular expression

2022-06-30 22:33:58 - [TEST_STEP][PASSED] - verifyTextPresent("Authorization and Capture", true): Text 'Authorization and Capture' is present on page  using regular expression

2022-06-30 22:33:59 - [MESSAGE][PASSED] - Text 'Authorization and Capture' is present on page  using regular expression

2022-06-30 22:33:59 - [TEST_STEP][PASSED] - verifyTextPresent("Card Information", true): Text 'Card Information' is present on page  using regular expression

2022-06-30 22:33:59 - [MESSAGE][PASSED] - Text 'Card Information' is present on page  using regular expression

2022-06-30 22:33:59 - [TEST_STEP][PASSED] - verifyTextPresent("TANDON RAVENA", true): Text 'TANDON RAVENA' is present on page  using regular expression

2022-06-30 22:33:59 - [MESSAGE][PASSED] - Text 'TANDON RAVENA' is present on page  using regular expression

2022-06-30 22:33:59 - [TEST_STEP][PASSED] - verifyTextPresent("Address Line 1", true): Text 'Address Line 1' is present on page  using regular expression

2022-06-30 22:34:00 - [MESSAGE][PASSED] - Text 'Address Line 1' is present on page  using regular expression

2022-06-30 22:34:00 - [TEST_STEP][PASSED] - verifyTextPresent("Address Line 2", true): Text 'Address Line 2' is present on page  using regular expression

2022-06-30 22:34:00 - [MESSAGE][PASSED] - Text 'Address Line 2' is present on page  using regular expression

2022-06-30 22:34:00 - [TEST_STEP][PASSED] - verifyTextPresent("Country", true): Text 'Country' is present on page  using regular expression

2022-06-30 22:34:00 - [MESSAGE][PASSED] - Text 'Country' is present on page  using regular expression

2022-06-30 22:34:00 - [TEST_STEP][PASSED] - verifyTextPresent("City", true): Text 'City' is present on page  using regular expression

2022-06-30 22:34:01 - [MESSAGE][PASSED] - Text 'City' is present on page  using regular expression

2022-06-30 22:34:01 - [TEST_STEP][PASSED] - verifyTextPresent("State", true): Text 'State' is present on page  using regular expression

2022-06-30 22:34:01 - [MESSAGE][PASSED] - Text 'State' is present on page  using regular expression

2022-06-30 22:34:01 - [TEST_STEP][PASSED] - verifyTextPresent("ZIP Code", true): Text 'ZIP Code' is present on page  using regular expression

2022-06-30 22:34:01 - [MESSAGE][PASSED] - Text 'ZIP Code' is present on page  using regular expression

2022-06-30 22:34:01 - [TEST_STEP][PASSED] - verifyTextPresent("248 PhoolKaante road", true): Text '248 PhoolKaante road' is present on page  using regular expression

2022-06-30 22:34:02 - [MESSAGE][PASSED] - Text '248 PhoolKaante road' is present on page  using regular expression

2022-06-30 22:34:02 - [TEST_STEP][PASSED] - verifyTextPresent("Suite 678", true): Text 'Suite 678' is present on page  using regular expression

2022-06-30 22:34:02 - [MESSAGE][PASSED] - Text 'Suite 678' is present on page  using regular expression

2022-06-30 22:34:02 - [TEST_STEP][PASSED] - verifyTextPresent("United States", true): Text 'United States' is present on page  using regular expression

2022-06-30 22:34:02 - [MESSAGE][PASSED] - Text 'United States' is present on page  using regular expression

2022-06-30 22:34:02 - [TEST_STEP][PASSED] - verifyTextPresent("ARLINGTON", true): Text 'ARLINGTON' is present on page  using regular expression

2022-06-30 22:34:02 - [MESSAGE][PASSED] - Text 'ARLINGTON' is present on page  using regular expression

2022-06-30 22:34:02 - [TEST_STEP][PASSED] - verifyTextPresent("VA", true): Text 'VA' is present on page  using regular expression

2022-06-30 22:34:03 - [MESSAGE][PASSED] - Text 'VA' is present on page  using regular expression

2022-06-30 22:34:03 - [TEST_STEP][PASSED] - verifyTextPresent("22201", true): Text '22201' is present on page  using regular expression

2022-06-30 22:34:03 - [MESSAGE][PASSED] - Text '22201' is present on page  using regular expression

2022-06-30 22:34:03 - [TEST_STEP][PASSED] - cardTypeV = findTestData(dataFile).getValue("CardType", row): null

2022-06-30 22:34:03 - [TEST_STEP][PASSED] - last4V = findTestData(dataFile).getValue("Last4", row): null

2022-06-30 22:34:03 - [TEST_STEP][PASSED] - verifyTextPresent(cardTypeV, true): Text 'American Express' is present on page  using regular expression

2022-06-30 22:34:03 - [MESSAGE][PASSED] - Text 'American Express' is present on page  using regular expression

2022-06-30 22:34:04 - [TEST_STEP][PASSED] - verifyTextPresent(last4V, true): Text '2376' is present on page  using regular expression

2022-06-30 22:34:04 - [MESSAGE][PASSED] - Text '2376' is present on page  using regular expression

2022-06-30 22:34:04 - [TEST_STEP][PASSED] - switch (appName): null

2022-06-30 22:34:04 - [TEST_STEP][PASSED] - case "a_Access AutoDualCFtpQA":: null

2022-06-30 22:34:04 - [TEST_STEP][PASSED] - verifyTextPresent("5.00", true): Text '5.00' is present on page  using regular expression

2022-06-30 22:34:04 - [MESSAGE][PASSED] - Text '5.00' is present on page  using regular expression

2022-06-30 22:34:04 - [TEST_STEP][PASSED] - verifyTextPresent("Dual Transaction", true): Text 'Dual Transaction' is present on page  using regular expression

2022-06-30 22:34:04 - [MESSAGE][PASSED] - Text 'Dual Transaction' is present on page  using regular expression

2022-06-30 22:34:04 - [TEST_STEP][PASSED] - verifyTextPresent("7.50", true): Text '7.50' is present on page  using regular expression

2022-06-30 22:34:05 - [MESSAGE][PASSED] - Text '7.50' is present on page  using regular expression

2022-06-30 22:34:05 - [TEST_STEP][PASSED] - verifyTextPresent("Total Amount", true): Text 'Total Amount' is present on page  using regular expression

2022-06-30 22:34:05 - [MESSAGE][PASSED] - Text 'Total Amount' is present on page  using regular expression

2022-06-30 22:34:05 - [TEST_STEP][PASSED] - verifyTextPresent("Transaction Type", true): Text 'Transaction Type' is present on page  using regular expression

2022-06-30 22:34:05 - [MESSAGE][PASSED] - Text 'Transaction Type' is present on page  using regular expression

2022-06-30 22:34:05 - [TEST_STEP][PASSED] - break: null

2022-06-30 22:34:05 - [TEST_STEP][PASSED] - closeBrowser(): Browser is closed

2022-06-30 22:34:06 - [MESSAGE][PASSED] - Browser is closed

2022-06-30 22:34:06 - [TEST_STEP][PASSED] - ExecuteTC = findTestData(dataFile).getValue("Execute", row): null

2022-06-30 22:34:06 - [TEST_STEP][PASSED] - out.println("Value of Execute is : " + ExecuteTC): null

2022-06-30 22:34:06 - [TEST_STEP][PASSED] - switch (executionProfile): null

2022-06-30 22:34:06 - [TEST_STEP][PASSED] - case "QAProfile":: null

2022-06-30 22:34:06 - [TEST_STEP][PASSED] - appName = findTestData(dataFile).getValue("AppNameQA", row): null

2022-06-30 22:34:07 - [TEST_STEP][PASSED] - appID = findTestData(dataFile).getValue("AppIDQA", row): null

2022-06-30 22:34:07 - [TEST_STEP][PASSED] - break: null

2022-06-30 22:34:07 - [TEST_STEP][PASSED] - if (ExecuteTC.equalsIgnoreCase("Y")): null

2022-06-30 22:34:07 - [TEST_STEP][PASSED] - out.println("Begin Record Number: " + row): null

2022-06-30 22:34:07 - [TEST_STEP][PASSED] - today = new java.util.Date(): null

2022-06-30 22:34:07 - [TEST_STEP][PASSED] - println(today): null

2022-06-30 22:34:07 - [TEST_STEP][PASSED] - datText = today: null

2022-06-30 22:34:07 - [TEST_STEP][PASSED] - adminSuiteBootstrap.loginFunctionality.login_AdminSuite(): adminSuiteBootstrap.loginFunctionality.login_AdminSuite is PASSED

2022-06-30 22:34:07 - [MESSAGE][INFO] - Starting 'Chrome' driver

2022-06-30 22:34:07 - [MESSAGE][INFO] - User set preference: ['acceptInsecureCerts', 'true']

2022-06-30 22:34:07 - [MESSAGE][INFO] - Action delay is set to 0 milliseconds

2022-06-30 22:34:10 - [MESSAGE][PASSED] - Browser is opened with url: 'https://qa.velocitypayment.com/admin/imtiaz'

2022-06-30 22:34:10 - [MESSAGE][PASSED] - Current window maximized

2022-06-30 22:34:11 - [MESSAGE][PASSED] - Object 'Object Repository/Login_Page/Login_Username' is present

2022-06-30 22:34:12 - [MESSAGE][PASSED] - Text 'iahmed' is set on object 'Object Repository/Login_Page/Login_Username'

2022-06-30 22:34:12 - [MESSAGE][PASSED] - Text 'hello2222' is set on object 'Object Repository/Login_Page/Login_Password'

2022-06-30 22:34:17 - [MESSAGE][PASSED] - Object: 'Object Repository/Login_Page/Login_Submit' is clicked on

2022-06-30 22:34:17 - [MESSAGE][PASSED] - adminSuiteBootstrap.loginFunctionality.login_AdminSuite is PASSED

2022-06-30 22:34:17 - [TEST_STEP][PASSED] - click(findTestObject(path_Dashboard + appName)): Object: 'Object Repository/AdminSuiteBootstrap_Pages/Dashboard_Bootstrap/a_Access AutoDualCFtpQA' is clicked on

2022-06-30 22:34:18 - [MESSAGE][PASSED] - Object: 'Object Repository/AdminSuiteBootstrap_Pages/Dashboard_Bootstrap/a_Access AutoDualCFtpQA' is clicked on

2022-06-30 22:34:18 - [TEST_STEP][PASSED] - click(findTestObject(path_VT + "a_Find Profile")): Object: 'Object Repository/AdminSuiteBootstrap_Pages/VT_Bootstrap/IssueTransactions/a_Find Profile' is clicked on

2022-06-30 22:34:18 - [MESSAGE][PASSED] - Object: 'Object Repository/AdminSuiteBootstrap_Pages/VT_Bootstrap/IssueTransactions/a_Find Profile' is clicked on

2022-06-30 22:34:18 - [TEST_STEP][PASSED] - criteria = <not implemented yet for class: org.codehaus.groovy.ast.expr.EmptyExpression>: null

2022-06-30 22:34:18 - [TEST_STEP][PASSED] - searchBy = <not implemented yet for class: org.codehaus.groovy.ast.expr.EmptyExpression>: null

2022-06-30 22:34:18 - [TEST_STEP][PASSED] - criteria = findTestData(dataFile).getValue("ProfileName", row): null

2022-06-30 22:34:18 - [TEST_STEP][PASSED] - path_SearchProfile = "Object Repository/AdminSuiteBootstrap_Pages/VSP_Bootstrap/SearchProfile/": null

2022-06-30 22:34:18 - [TEST_STEP][PASSED] - setText(findTestObject(path_SearchProfile + "input_Criteria"), criteria): Text 'PaymentsDI' is set on object 'Object Repository/AdminSuiteBootstrap_Pages/VSP_Bootstrap/SearchProfile/input_Criteria'

2022-06-30 22:34:19 - [MESSAGE][PASSED] - Text 'PaymentsDI' is set on object 'Object Repository/AdminSuiteBootstrap_Pages/VSP_Bootstrap/SearchProfile/input_Criteria'

2022-06-30 22:34:19 - [TEST_STEP][PASSED] - click(findTestObject(path_SearchProfile + "button_Search")): Object: 'Object Repository/AdminSuiteBootstrap_Pages/VSP_Bootstrap/SearchProfile/button_Search' is clicked on

2022-06-30 22:34:20 - [MESSAGE][PASSED] - Object: 'Object Repository/AdminSuiteBootstrap_Pages/VSP_Bootstrap/SearchProfile/button_Search' is clicked on

2022-06-30 22:34:20 - [TEST_STEP][PASSED] - profNameLink = findTestData(dataFile).getValue("ProfileNameLink", row): null

2022-06-30 22:34:20 - [TEST_STEP][PASSED] - click(findTestObject(path_ViewProfile + profNameLink)): Object: 'Object Repository/AdminSuiteBootstrap_Pages/VSP_Bootstrap/View Profile/a_PaymentsDI' is clicked on

2022-06-30 22:34:22 - [MESSAGE][PASSED] - Object: 'Object Repository/AdminSuiteBootstrap_Pages/VSP_Bootstrap/View Profile/a_PaymentsDI' is clicked on

2022-06-30 22:34:22 - [TEST_STEP][PASSED] - click(findTestObject(path_ViewProfile + "a_AuthCap")): Object: 'Object Repository/AdminSuiteBootstrap_Pages/VSP_Bootstrap/View Profile/a_AuthCap' is clicked on

2022-06-30 22:34:24 - [MESSAGE][PASSED] - Object: 'Object Repository/AdminSuiteBootstrap_Pages/VSP_Bootstrap/View Profile/a_AuthCap' is clicked on

2022-06-30 22:34:24 - [TEST_STEP][PASSED] - verifyTextPresent("Credit Card Authorization Capture", true): Text 'Credit Card Authorization Capture' is present on page  using regular expression

2022-06-30 22:34:25 - [MESSAGE][PASSED] - Text 'Credit Card Authorization Capture' is present on page  using regular expression

2022-06-30 22:34:25 - [TEST_STEP][PASSED] - verifyTextPresent("Sale", true): Text 'Sale' is present on page  using regular expression

2022-06-30 22:34:25 - [MESSAGE][PASSED] - Text 'Sale' is present on page  using regular expression

2022-06-30 22:34:25 - [TEST_STEP][PASSED] - verifyTextPresent("Required fields are highlighted with an asterisk", true): Text 'Required fields are highlighted with an asterisk' is present on page  using regular expression

2022-06-30 22:34:26 - [MESSAGE][PASSED] - Text 'Required fields are highlighted with an asterisk' is present on page  using regular expression

2022-06-30 22:34:26 - [TEST_STEP][PASSED] - verifyTextPresent("Remittance ID", true): Text 'Remittance ID' is present on page  using regular expression

2022-06-30 22:34:26 - [MESSAGE][PASSED] - Text 'Remittance ID' is present on page  using regular expression

2022-06-30 22:34:26 - [TEST_STEP][PASSED] - vspBootstrap.SalePage.setDataSaleAndAuth(row, dataFile): vspBootstrap.SalePage.setDataSaleAndAuth is PASSED

2022-06-30 22:34:28 - [MESSAGE][PASSED] - All options with value 'RETL' are selected in object 'Object Repository/AdminSuiteBootstrap_Pages/VSP_Bootstrap/VSP_Authcap/select_TransactionCategory'  using regular expression

2022-06-30 22:34:28 - [MESSAGE][PASSED] - Text '123' is set on object 'Object Repository/AdminSuiteBootstrap_Pages/VSP_Bootstrap/VSP_Authcap/input_cvv'

2022-06-30 22:34:29 - [MESSAGE][PASSED] - Text '' is set on object 'Object Repository/AdminSuiteBootstrap_Pages/VSP_Bootstrap/VSP_Authcap/input_smsNumber'

2022-06-30 22:34:30 - [MESSAGE][PASSED] - Text '2.50' is set on object 'Object Repository/AdminSuiteBootstrap_Pages/VSP_Bootstrap/VSP_Authcap/input_amount'

2022-06-30 22:34:31 - [MESSAGE][PASSED] - Text 'Delhi' is set on object 'Object Repository/AdminSuiteBootstrap_Pages/VSP_Bootstrap/VSP_Authcap/input_userDefined1'

2022-06-30 22:34:32 - [MESSAGE][PASSED] - Text 'Chennai' is set on object 'Object Repository/AdminSuiteBootstrap_Pages/VSP_Bootstrap/VSP_Authcap/input_userDefined2'

2022-06-30 22:34:32 - [MESSAGE][PASSED] - Text 'Mumbai' is set on object 'Object Repository/AdminSuiteBootstrap_Pages/VSP_Bootstrap/VSP_Authcap/input_userDefined3'

2022-06-30 22:34:33 - [MESSAGE][PASSED] - Text 'Kanpur' is set on object 'Object Repository/AdminSuiteBootstrap_Pages/VSP_Bootstrap/VSP_Authcap/input_userDefined4'

2022-06-30 22:34:34 - [MESSAGE][PASSED] - All options with label 'Orange' are selected in object 'Object Repository/AdminSuiteBootstrap_Pages/VSP_Bootstrap/VSP_Authcap/select_UDF5'  using regular expression

2022-06-30 22:34:35 - [MESSAGE][PASSED] - All options with label 'Yellow' are selected in object 'Object Repository/AdminSuiteBootstrap_Pages/VSP_Bootstrap/VSP_Authcap/select_UDF6'  using regular expression

2022-06-30 22:34:35 - [MESSAGE][PASSED] - Text 'Kolkata' is set on object 'Object Repository/AdminSuiteBootstrap_Pages/VSP_Bootstrap/VSP_Authcap/input_userDefined7'

2022-06-30 22:34:36 - [MESSAGE][PASSED] - Text 'Pune' is set on object 'Object Repository/AdminSuiteBootstrap_Pages/VSP_Bootstrap/VSP_Authcap/input_userDefined8'

2022-06-30 22:34:36 - [MESSAGE][PASSED] - Text 'Bhavnagar' is set on object 'Object Repository/AdminSuiteBootstrap_Pages/VSP_Bootstrap/VSP_Authcap/input_userDefined9'

2022-06-30 22:34:37 - [MESSAGE][PASSED] - Text 'Noida' is set on object 'Object Repository/AdminSuiteBootstrap_Pages/VSP_Bootstrap/VSP_Authcap/input_userDefined10'

2022-06-30 22:34:40 - [MESSAGE][PASSED] - Object: 'Object Repository/AdminSuiteBootstrap_Pages/VSP_Bootstrap/VSP_Authcap/button_Submit' is clicked on

2022-06-30 22:34:40 - [MESSAGE][PASSED] - vspBootstrap.SalePage.setDataSaleAndAuth is PASSED

2022-06-30 22:34:40 - [TEST_STEP][PASSED] - verifyTextPresent("Transaction Successful", true): Text 'Transaction Successful' is present on page  using regular expression

2022-06-30 22:34:40 - [MESSAGE][PASSED] - Text 'Transaction Successful' is present on page  using regular expression

2022-06-30 22:34:40 - [TEST_STEP][PASSED] - verifyElementVisible(findTestObject("Object Repository/AdminSuiteBootstrap_Pages/VT_Bootstrap/Receipt/button_Continue")): Object 'Object Repository/AdminSuiteBootstrap_Pages/VT_Bootstrap/Receipt/button_Continue' is visible

2022-06-30 22:34:41 - [MESSAGE][PASSED] - Object 'Object Repository/AdminSuiteBootstrap_Pages/VT_Bootstrap/Receipt/button_Continue' is visible

2022-06-30 22:34:41 - [TEST_STEP][PASSED] - verifyElementPresent(findTestObject("Object Repository/AdminSuiteBootstrap_Pages/VT_Bootstrap/Receipt/button_Continue"), 20): Object 'Object Repository/AdminSuiteBootstrap_Pages/VT_Bootstrap/Receipt/button_Continue' is present

2022-06-30 22:34:41 - [MESSAGE][PASSED] - Object 'Object Repository/AdminSuiteBootstrap_Pages/VT_Bootstrap/Receipt/button_Continue' is present

2022-06-30 22:34:41 - [TEST_STEP][PASSED] - verifyElementVisible(findTestObject("Object Repository/AdminSuiteBootstrap_Pages/VT_Bootstrap/Receipt/button_Print")): Object 'Object Repository/AdminSuiteBootstrap_Pages/VT_Bootstrap/Receipt/button_Print' is visible

2022-06-30 22:34:41 - [MESSAGE][PASSED] - Object 'Object Repository/AdminSuiteBootstrap_Pages/VT_Bootstrap/Receipt/button_Print' is visible

2022-06-30 22:34:41 - [TEST_STEP][PASSED] - verifyElementPresent(findTestObject("Object Repository/AdminSuiteBootstrap_Pages/VT_Bootstrap/Receipt/button_Print"), 20): Object 'Object Repository/AdminSuiteBootstrap_Pages/VT_Bootstrap/Receipt/button_Print' is present

2022-06-30 22:34:42 - [MESSAGE][PASSED] - Object 'Object Repository/AdminSuiteBootstrap_Pages/VT_Bootstrap/Receipt/button_Print' is present

2022-06-30 22:34:42 - [TEST_STEP][PASSED] - verifyTextPresent("Remittance ID", true): Text 'Remittance ID' is present on page  using regular expression

2022-06-30 22:34:42 - [MESSAGE][PASSED] - Text 'Remittance ID' is present on page  using regular expression

2022-06-30 22:34:42 - [TEST_STEP][PASSED] - verifyTextPresent("Received", true): Text 'Received' is present on page  using regular expression

2022-06-30 22:34:42 - [MESSAGE][PASSED] - Text 'Received' is present on page  using regular expression

2022-06-30 22:34:42 - [TEST_STEP][PASSED] - verifyTextPresent("UDF1", true): Text 'UDF1' is present on page  using regular expression

2022-06-30 22:34:43 - [MESSAGE][PASSED] - Text 'UDF1' is present on page  using regular expression

2022-06-30 22:34:43 - [TEST_STEP][PASSED] - verifyTextPresent("UDF2", true): Text 'UDF2' is present on page  using regular expression

2022-06-30 22:34:43 - [MESSAGE][PASSED] - Text 'UDF2' is present on page  using regular expression

2022-06-30 22:34:43 - [TEST_STEP][PASSED] - verifyTextPresent("UDF3", true): Text 'UDF3' is present on page  using regular expression

2022-06-30 22:34:43 - [MESSAGE][PASSED] - Text 'UDF3' is present on page  using regular expression

2022-06-30 22:34:43 - [TEST_STEP][PASSED] - verifyTextPresent("UDF4", true): Text 'UDF4' is present on page  using regular expression

2022-06-30 22:34:43 - [MESSAGE][PASSED] - Text 'UDF4' is present on page  using regular expression

2022-06-30 22:34:43 - [TEST_STEP][PASSED] - verifyTextPresent("UDF5", true): Text 'UDF5' is present on page  using regular expression

2022-06-30 22:34:44 - [MESSAGE][PASSED] - Text 'UDF5' is present on page  using regular expression

2022-06-30 22:34:44 - [TEST_STEP][PASSED] - verifyTextPresent("UDF6", true): Text 'UDF6' is present on page  using regular expression

2022-06-30 22:34:44 - [MESSAGE][PASSED] - Text 'UDF6' is present on page  using regular expression

2022-06-30 22:34:44 - [TEST_STEP][PASSED] - verifyTextPresent("UDF7", true): Text 'UDF7' is present on page  using regular expression

2022-06-30 22:34:44 - [MESSAGE][PASSED] - Text 'UDF7' is present on page  using regular expression

2022-06-30 22:34:44 - [TEST_STEP][PASSED] - verifyTextPresent("UDF8", true): Text 'UDF8' is present on page  using regular expression

2022-06-30 22:34:45 - [MESSAGE][PASSED] - Text 'UDF8' is present on page  using regular expression

2022-06-30 22:34:45 - [TEST_STEP][PASSED] - verifyTextPresent("UDF9", true): Text 'UDF9' is present on page  using regular expression

2022-06-30 22:34:45 - [MESSAGE][PASSED] - Text 'UDF9' is present on page  using regular expression

2022-06-30 22:34:45 - [TEST_STEP][PASSED] - verifyTextPresent("UDF 10", true): Text 'UDF 10' is present on page  using regular expression

2022-06-30 22:34:45 - [MESSAGE][PASSED] - Text 'UDF 10' is present on page  using regular expression

2022-06-30 22:34:45 - [TEST_STEP][PASSED] - verifyTextPresent("Delhi", true): Text 'Delhi' is present on page  using regular expression

2022-06-30 22:34:46 - [MESSAGE][PASSED] - Text 'Delhi' is present on page  using regular expression

2022-06-30 22:34:46 - [TEST_STEP][PASSED] - verifyTextPresent("Chennai", true): Text 'Chennai' is present on page  using regular expression

2022-06-30 22:34:46 - [MESSAGE][PASSED] - Text 'Chennai' is present on page  using regular expression

2022-06-30 22:34:46 - [TEST_STEP][PASSED] - verifyTextPresent("Mumbai", true): Text 'Mumbai' is present on page  using regular expression

2022-06-30 22:34:46 - [MESSAGE][PASSED] - Text 'Mumbai' is present on page  using regular expression

2022-06-30 22:34:46 - [TEST_STEP][PASSED] - verifyTextPresent("Kanpur", true): Text 'Kanpur' is present on page  using regular expression

2022-06-30 22:34:47 - [MESSAGE][PASSED] - Text 'Kanpur' is present on page  using regular expression

2022-06-30 22:34:47 - [TEST_STEP][PASSED] - verifyTextPresent("Orange Recorded", true): Text 'Orange Recorded' is present on page  using regular expression

2022-06-30 22:34:47 - [MESSAGE][PASSED] - Text 'Orange Recorded' is present on page  using regular expression

2022-06-30 22:34:47 - [TEST_STEP][PASSED] - verifyTextPresent("Yellow Recorded", true): Text 'Yellow Recorded' is present on page  using regular expression

2022-06-30 22:34:47 - [MESSAGE][PASSED] - Text 'Yellow Recorded' is present on page  using regular expression

2022-06-30 22:34:47 - [TEST_STEP][PASSED] - verifyTextPresent("Kolkata", true): Text 'Kolkata' is present on page  using regular expression

2022-06-30 22:34:47 - [MESSAGE][PASSED] - Text 'Kolkata' is present on page  using regular expression

2022-06-30 22:34:47 - [TEST_STEP][PASSED] - verifyTextPresent("Pune", true): Text 'Pune' is present on page  using regular expression

2022-06-30 22:34:48 - [MESSAGE][PASSED] - Text 'Pune' is present on page  using regular expression

2022-06-30 22:34:48 - [TEST_STEP][PASSED] - verifyTextPresent("Bhavnagar", true): Text 'Bhavnagar' is present on page  using regular expression

2022-06-30 22:34:48 - [MESSAGE][PASSED] - Text 'Bhavnagar' is present on page  using regular expression

2022-06-30 22:34:48 - [TEST_STEP][PASSED] - verifyTextPresent("Noida", true): Text 'Noida' is present on page  using regular expression

2022-06-30 22:34:48 - [MESSAGE][PASSED] - Text 'Noida' is present on page  using regular expression

2022-06-30 22:34:48 - [TEST_STEP][PASSED] - verifyTextPresent("Amount", true): Text 'Amount' is present on page  using regular expression

2022-06-30 22:34:49 - [MESSAGE][PASSED] - Text 'Amount' is present on page  using regular expression

2022-06-30 22:34:49 - [TEST_STEP][PASSED] - verifyTextPresent("2.50", true): Text '2.50' is present on page  using regular expression

2022-06-30 22:34:49 - [MESSAGE][PASSED] - Text '2.50' is present on page  using regular expression

2022-06-30 22:34:49 - [TEST_STEP][PASSED] - verifyTextPresent("Authorization and Capture", true): Text 'Authorization and Capture' is present on page  using regular expression

2022-06-30 22:34:49 - [MESSAGE][PASSED] - Text 'Authorization and Capture' is present on page  using regular expression

2022-06-30 22:34:49 - [TEST_STEP][PASSED] - verifyTextPresent("Card Information", true): Text 'Card Information' is present on page  using regular expression

2022-06-30 22:34:50 - [MESSAGE][PASSED] - Text 'Card Information' is present on page  using regular expression

2022-06-30 22:34:50 - [TEST_STEP][PASSED] - verifyTextPresent("TANDON RAVENA", true): Text 'TANDON RAVENA' is present on page  using regular expression

2022-06-30 22:34:50 - [MESSAGE][PASSED] - Text 'TANDON RAVENA' is present on page  using regular expression

2022-06-30 22:34:50 - [TEST_STEP][PASSED] - verifyTextPresent("Address Line 1", true): Text 'Address Line 1' is present on page  using regular expression

2022-06-30 22:34:50 - [MESSAGE][PASSED] - Text 'Address Line 1' is present on page  using regular expression

2022-06-30 22:34:50 - [TEST_STEP][PASSED] - verifyTextPresent("Address Line 2", true): Text 'Address Line 2' is present on page  using regular expression

2022-06-30 22:34:51 - [MESSAGE][PASSED] - Text 'Address Line 2' is present on page  using regular expression

2022-06-30 22:34:51 - [TEST_STEP][PASSED] - verifyTextPresent("Country", true): Text 'Country' is present on page  using regular expression

2022-06-30 22:34:51 - [MESSAGE][PASSED] - Text 'Country' is present on page  using regular expression

2022-06-30 22:34:51 - [TEST_STEP][PASSED] - verifyTextPresent("City", true): Text 'City' is present on page  using regular expression

2022-06-30 22:34:51 - [MESSAGE][PASSED] - Text 'City' is present on page  using regular expression

2022-06-30 22:34:51 - [TEST_STEP][PASSED] - verifyTextPresent("State", true): Text 'State' is present on page  using regular expression

2022-06-30 22:34:52 - [MESSAGE][PASSED] - Text 'State' is present on page  using regular expression

2022-06-30 22:34:52 - [TEST_STEP][PASSED] - verifyTextPresent("ZIP Code", true): Text 'ZIP Code' is present on page  using regular expression

2022-06-30 22:34:52 - [MESSAGE][PASSED] - Text 'ZIP Code' is present on page  using regular expression

2022-06-30 22:34:52 - [TEST_STEP][PASSED] - verifyTextPresent("248 PhoolKaante road", true): Text '248 PhoolKaante road' is present on page  using regular expression

2022-06-30 22:34:52 - [MESSAGE][PASSED] - Text '248 PhoolKaante road' is present on page  using regular expression

2022-06-30 22:34:52 - [TEST_STEP][PASSED] - verifyTextPresent("Suite 678", true): Text 'Suite 678' is present on page  using regular expression

2022-06-30 22:34:53 - [MESSAGE][PASSED] - Text 'Suite 678' is present on page  using regular expression

2022-06-30 22:34:53 - [TEST_STEP][PASSED] - verifyTextPresent("United States", true): Text 'United States' is present on page  using regular expression

2022-06-30 22:34:53 - [MESSAGE][PASSED] - Text 'United States' is present on page  using regular expression

2022-06-30 22:34:53 - [TEST_STEP][PASSED] - verifyTextPresent("ARLINGTON", true): Text 'ARLINGTON' is present on page  using regular expression

2022-06-30 22:34:53 - [MESSAGE][PASSED] - Text 'ARLINGTON' is present on page  using regular expression

2022-06-30 22:34:53 - [TEST_STEP][PASSED] - verifyTextPresent("VA", true): Text 'VA' is present on page  using regular expression

2022-06-30 22:34:54 - [MESSAGE][PASSED] - Text 'VA' is present on page  using regular expression

2022-06-30 22:34:54 - [TEST_STEP][PASSED] - verifyTextPresent("22201", true): Text '22201' is present on page  using regular expression

2022-06-30 22:34:54 - [MESSAGE][PASSED] - Text '22201' is present on page  using regular expression

2022-06-30 22:34:54 - [TEST_STEP][PASSED] - cardTypeV = findTestData(dataFile).getValue("CardType", row): null

2022-06-30 22:34:54 - [TEST_STEP][PASSED] - last4V = findTestData(dataFile).getValue("Last4", row): null

2022-06-30 22:34:54 - [TEST_STEP][PASSED] - verifyTextPresent(cardTypeV, true): Text 'Discover' is present on page  using regular expression

2022-06-30 22:34:54 - [MESSAGE][PASSED] - Text 'Discover' is present on page  using regular expression

2022-06-30 22:34:54 - [TEST_STEP][PASSED] - verifyTextPresent(last4V, true): Text '6909' is present on page  using regular expression

2022-06-30 22:34:55 - [MESSAGE][PASSED] - Text '6909' is present on page  using regular expression

2022-06-30 22:34:55 - [TEST_STEP][PASSED] - switch (appName): null

2022-06-30 22:34:55 - [TEST_STEP][PASSED] - case "a_Access AutoDualCFtpQA":: null

2022-06-30 22:34:55 - [TEST_STEP][PASSED] - verifyTextPresent("5.00", true): Text '5.00' is present on page  using regular expression

2022-06-30 22:34:55 - [MESSAGE][PASSED] - Text '5.00' is present on page  using regular expression

2022-06-30 22:34:55 - [TEST_STEP][PASSED] - verifyTextPresent("Dual Transaction", true): Text 'Dual Transaction' is present on page  using regular expression

2022-06-30 22:34:55 - [MESSAGE][PASSED] - Text 'Dual Transaction' is present on page  using regular expression

2022-06-30 22:34:55 - [TEST_STEP][PASSED] - verifyTextPresent("7.50", true): Text '7.50' is present on page  using regular expression

2022-06-30 22:34:56 - [MESSAGE][PASSED] - Text '7.50' is present on page  using regular expression

2022-06-30 22:34:56 - [TEST_STEP][PASSED] - verifyTextPresent("Total Amount", true): Text 'Total Amount' is present on page  using regular expression

2022-06-30 22:34:56 - [MESSAGE][PASSED] - Text 'Total Amount' is present on page  using regular expression

2022-06-30 22:34:56 - [TEST_STEP][PASSED] - verifyTextPresent("Transaction Type", true): Text 'Transaction Type' is present on page  using regular expression

2022-06-30 22:34:56 - [MESSAGE][PASSED] - Text 'Transaction Type' is present on page  using regular expression

2022-06-30 22:34:56 - [TEST_STEP][PASSED] - break: null

2022-06-30 22:34:56 - [TEST_STEP][PASSED] - closeBrowser(): Browser is closed

2022-06-30 22:34:57 - [MESSAGE][PASSED] - Browser is closed]]></system-out>
         <system-err><![CDATA[]]></system-err>
      </testcase>
      <testcase name="Test Cases/Admin Suite Bootstrap/VSP_Payments_TestCases/AuthOnly_TP_AllCF_Generic_Payment_TC" time="154.848" classname="Test Cases/Admin Suite Bootstrap/VSP_Payments_TestCases/AuthOnly_TP_AllCF_Generic_Payment_TC" status="PASSED">
         <system-out><![CDATA[2022-06-30 22:34:57 - [TEST_CASE][PASSED] - Test Cases/Admin Suite Bootstrap/VSP_Payments_TestCases/AuthOnly_TP_AllCF_Generic_Payment_TC: Test Cases/Admin Suite Bootstrap/VSP_Payments_TestCases/AuthOnly_TP_AllCF_Generic_Payment_TC

2022-06-30 22:34:58 - [TEST_STEP][PASSED] - path_Dashboard = "Object Repository/AdminSuiteBootstrap_Pages/Dashboard_Bootstrap/": null

2022-06-30 22:34:58 - [TEST_STEP][PASSED] - path_VT = "Object Repository/AdminSuiteBootstrap_Pages/VT_Bootstrap/IssueTransactions/": null

2022-06-30 22:34:58 - [TEST_STEP][PASSED] - path_CreateProfile = "Object Repository/AdminSuiteBootstrap_Pages/VSP_Bootstrap/CreateProfile/": null

2022-06-30 22:34:58 - [TEST_STEP][PASSED] - path_AddAccount = "Object Repository/AdminSuiteBootstrap_Pages/VSP_Bootstrap/AddAccount/": null

2022-06-30 22:34:58 - [TEST_STEP][PASSED] - path_Add_ACH = "Object Repository/AdminSuiteBootstrap_Pages/VSP_Bootstrap/AddACH/": null

2022-06-30 22:34:58 - [TEST_STEP][PASSED] - path_Add_CC = "Object Repository/AdminSuiteBootstrap_Pages/VSP_Bootstrap/AddCreditCard/": null

2022-06-30 22:34:58 - [TEST_STEP][PASSED] - path_App_Plan = "Object Repository/AdminSuiteBootstrap_Pages/VSP_Bootstrap/AddPaymentPlan/": null

2022-06-30 22:34:58 - [TEST_STEP][PASSED] - path_DeleteProfile = "Object Repository/AdminSuiteBootstrap_Pages/VSP_Bootstrap/DeleteProfile/": null

2022-06-30 22:34:58 - [TEST_STEP][PASSED] - path_ModifyProfile = "Object Repository/AdminSuiteBootstrap_Pages/VSP_Bootstrap/ModifyProfile/": null

2022-06-30 22:34:58 - [TEST_STEP][PASSED] - path_ViewProfile = "Object Repository/AdminSuiteBootstrap_Pages/VSP_Bootstrap/View Profile/": null

2022-06-30 22:34:58 - [TEST_STEP][PASSED] - path_VSPAuth = "Object Repository/AdminSuiteBootstrap_Pages/VSP_Bootstrap/VSP_Auth/": null

2022-06-30 22:34:58 - [TEST_STEP][PASSED] - path_VSPAuthCap = "Object Repository/AdminSuiteBootstrap_Pages/VSP_Bootstrap/VSP_Authcap/": null

2022-06-30 22:34:58 - [TEST_STEP][PASSED] - path_Debit = "Object Repository/AdminSuiteBootstrap_Pages/VSP_Bootstrap/VSP_Debit/": null

2022-06-30 22:34:58 - [TEST_STEP][PASSED] - path_DeleteProfileConfirm = "Object Repository/AdminSuiteBootstrap_Pages/VSP_Bootstrap/DeleteProfileConfirm/": null

2022-06-30 22:34:58 - [TEST_STEP][PASSED] - executionProfile = getExecutionProfile(): null

2022-06-30 22:34:58 - [TEST_STEP][PASSED] - out.println("executionProfile : " + executionProfile): null

2022-06-30 22:34:58 - [TEST_STEP][PASSED] - appName = <not implemented yet for class: org.codehaus.groovy.ast.expr.EmptyExpression>: null

2022-06-30 22:34:58 - [TEST_STEP][PASSED] - appID = <not implemented yet for class: org.codehaus.groovy.ast.expr.EmptyExpression>: null

2022-06-30 22:34:58 - [TEST_STEP][PASSED] - cardNameV = <not implemented yet for class: org.codehaus.groovy.ast.expr.EmptyExpression>: null

2022-06-30 22:34:58 - [TEST_STEP][PASSED] - al1V = <not implemented yet for class: org.codehaus.groovy.ast.expr.EmptyExpression>: null

2022-06-30 22:34:58 - [TEST_STEP][PASSED] - al2V = <not implemented yet for class: org.codehaus.groovy.ast.expr.EmptyExpression>: null

2022-06-30 22:34:58 - [TEST_STEP][PASSED] - zipV = <not implemented yet for class: org.codehaus.groovy.ast.expr.EmptyExpression>: null

2022-06-30 22:34:58 - [TEST_STEP][PASSED] - cardTypeV = <not implemented yet for class: org.codehaus.groovy.ast.expr.EmptyExpression>: null

2022-06-30 22:34:58 - [TEST_STEP][PASSED] - last4V = <not implemented yet for class: org.codehaus.groovy.ast.expr.EmptyExpression>: null

2022-06-30 22:34:58 - [TEST_STEP][PASSED] - nameSheet = "CC-Payments-Auth": null

2022-06-30 22:34:58 - [TEST_STEP][PASSED] - numOfRows = findTestData("QA/Bootstrap/VSP-Payments-TestData/CC-Payments-Auth").getRowNumbers(): null

2022-06-30 22:34:58 - [TEST_STEP][PASSED] - println("Number of Records: " + numOfRows): null

2022-06-30 22:34:58 - [TEST_STEP][PASSED] - dataFile = "QA/Bootstrap/VSP-Payments-TestData/CC-Payments-Auth": null

2022-06-30 22:34:58 - [TEST_STEP][PASSED] - for ([row = 1, row <= numOfRows, (row++)]): Browser is closed

2022-06-30 22:34:58 - [TEST_STEP][PASSED] - ExecuteTC = findTestData(dataFile).getValue("Execute", row): null

2022-06-30 22:34:58 - [TEST_STEP][PASSED] - out.println("Value of Execute is : " + ExecuteTC): null

2022-06-30 22:34:58 - [TEST_STEP][PASSED] - switch (executionProfile): null

2022-06-30 22:34:58 - [TEST_STEP][PASSED] - case "QAProfile":: null

2022-06-30 22:34:58 - [TEST_STEP][PASSED] - appName = findTestData(dataFile).getValue("AppNameQA", row): null

2022-06-30 22:34:58 - [TEST_STEP][PASSED] - appID = findTestData(dataFile).getValue("AppIDQA", row): null

2022-06-30 22:34:58 - [TEST_STEP][PASSED] - break: null

2022-06-30 22:34:58 - [TEST_STEP][PASSED] - if (ExecuteTC.equalsIgnoreCase("Y")): null

2022-06-30 22:34:58 - [TEST_STEP][PASSED] - out.println("Begin Record Number: " + row): null

2022-06-30 22:34:58 - [TEST_STEP][PASSED] - today = new java.util.Date(): null

2022-06-30 22:34:58 - [TEST_STEP][PASSED] - println(today): null

2022-06-30 22:34:58 - [TEST_STEP][PASSED] - datText = today: null

2022-06-30 22:34:58 - [TEST_STEP][PASSED] - adminSuiteBootstrap.loginFunctionality.login_AdminSuite(): adminSuiteBootstrap.loginFunctionality.login_AdminSuite is PASSED

2022-06-30 22:34:58 - [MESSAGE][INFO] - Starting 'Chrome' driver

2022-06-30 22:34:58 - [MESSAGE][INFO] - User set preference: ['acceptInsecureCerts', 'true']

2022-06-30 22:34:58 - [MESSAGE][INFO] - Action delay is set to 0 milliseconds

2022-06-30 22:35:02 - [MESSAGE][PASSED] - Browser is opened with url: 'https://qa.velocitypayment.com/admin/imtiaz'

2022-06-30 22:35:02 - [MESSAGE][PASSED] - Current window maximized

2022-06-30 22:35:02 - [MESSAGE][PASSED] - Object 'Object Repository/Login_Page/Login_Username' is present

2022-06-30 22:35:03 - [MESSAGE][PASSED] - Text 'iahmed' is set on object 'Object Repository/Login_Page/Login_Username'

2022-06-30 22:35:03 - [MESSAGE][PASSED] - Text 'hello2222' is set on object 'Object Repository/Login_Page/Login_Password'

2022-06-30 22:35:08 - [MESSAGE][PASSED] - Object: 'Object Repository/Login_Page/Login_Submit' is clicked on

2022-06-30 22:35:08 - [MESSAGE][PASSED] - adminSuiteBootstrap.loginFunctionality.login_AdminSuite is PASSED

2022-06-30 22:35:08 - [TEST_STEP][PASSED] - click(findTestObject(path_Dashboard + appName)): Object: 'Object Repository/AdminSuiteBootstrap_Pages/Dashboard_Bootstrap/a_Access AutoNoCFtp' is clicked on

2022-06-30 22:35:09 - [MESSAGE][PASSED] - Object: 'Object Repository/AdminSuiteBootstrap_Pages/Dashboard_Bootstrap/a_Access AutoNoCFtp' is clicked on

2022-06-30 22:35:09 - [TEST_STEP][PASSED] - click(findTestObject(path_VT + "a_Find Profile")): Object: 'Object Repository/AdminSuiteBootstrap_Pages/VT_Bootstrap/IssueTransactions/a_Find Profile' is clicked on

2022-06-30 22:35:09 - [MESSAGE][PASSED] - Object: 'Object Repository/AdminSuiteBootstrap_Pages/VT_Bootstrap/IssueTransactions/a_Find Profile' is clicked on

2022-06-30 22:35:09 - [TEST_STEP][PASSED] - criteria = <not implemented yet for class: org.codehaus.groovy.ast.expr.EmptyExpression>: null

2022-06-30 22:35:09 - [TEST_STEP][PASSED] - searchBy = <not implemented yet for class: org.codehaus.groovy.ast.expr.EmptyExpression>: null

2022-06-30 22:35:09 - [TEST_STEP][PASSED] - criteria = findTestData(dataFile).getValue("ProfileName", row): null

2022-06-30 22:35:09 - [TEST_STEP][PASSED] - path_SearchProfile = "Object Repository/AdminSuiteBootstrap_Pages/VSP_Bootstrap/SearchProfile/": null

2022-06-30 22:35:09 - [TEST_STEP][PASSED] - setText(findTestObject(path_SearchProfile + "input_Criteria"), criteria): Text 'PaymentsVisa' is set on object 'Object Repository/AdminSuiteBootstrap_Pages/VSP_Bootstrap/SearchProfile/input_Criteria'

2022-06-30 22:35:10 - [MESSAGE][PASSED] - Text 'PaymentsVisa' is set on object 'Object Repository/AdminSuiteBootstrap_Pages/VSP_Bootstrap/SearchProfile/input_Criteria'

2022-06-30 22:35:10 - [TEST_STEP][PASSED] - click(findTestObject(path_SearchProfile + "button_Search")): Object: 'Object Repository/AdminSuiteBootstrap_Pages/VSP_Bootstrap/SearchProfile/button_Search' is clicked on

2022-06-30 22:35:11 - [MESSAGE][PASSED] - Object: 'Object Repository/AdminSuiteBootstrap_Pages/VSP_Bootstrap/SearchProfile/button_Search' is clicked on

2022-06-30 22:35:11 - [TEST_STEP][PASSED] - profNameLink = findTestData(dataFile).getValue("ProfileNameLink", row): null

2022-06-30 22:35:11 - [TEST_STEP][PASSED] - click(findTestObject(path_ViewProfile + profNameLink)): Object: 'Object Repository/AdminSuiteBootstrap_Pages/VSP_Bootstrap/View Profile/a_PaymentsVisa' is clicked on

2022-06-30 22:35:13 - [MESSAGE][PASSED] - Object: 'Object Repository/AdminSuiteBootstrap_Pages/VSP_Bootstrap/View Profile/a_PaymentsVisa' is clicked on

2022-06-30 22:35:13 - [TEST_STEP][PASSED] - click(findTestObject(path_ViewProfile + "a_Auth")): Object: 'Object Repository/AdminSuiteBootstrap_Pages/VSP_Bootstrap/View Profile/a_Auth' is clicked on

2022-06-30 22:35:17 - [MESSAGE][PASSED] - Object: 'Object Repository/AdminSuiteBootstrap_Pages/VSP_Bootstrap/View Profile/a_Auth' is clicked on

2022-06-30 22:35:17 - [TEST_STEP][PASSED] - verifyTextPresent("Credit Card Authorization", true): Text 'Credit Card Authorization' is present on page  using regular expression

2022-06-30 22:35:17 - [MESSAGE][PASSED] - Text 'Credit Card Authorization' is present on page  using regular expression

2022-06-30 22:35:17 - [TEST_STEP][PASSED] - verifyTextPresent("Required fields are highlighted with an asterisk", true): Text 'Required fields are highlighted with an asterisk' is present on page  using regular expression

2022-06-30 22:35:18 - [MESSAGE][PASSED] - Text 'Required fields are highlighted with an asterisk' is present on page  using regular expression

2022-06-30 22:35:18 - [TEST_STEP][PASSED] - verifyTextPresent("Remittance ID", true): Text 'Remittance ID' is present on page  using regular expression

2022-06-30 22:35:18 - [MESSAGE][PASSED] - Text 'Remittance ID' is present on page  using regular expression

2022-06-30 22:35:18 - [TEST_STEP][PASSED] - vspBootstrap.SalePage.setDataSaleAndAuth(row, dataFile): vspBootstrap.SalePage.setDataSaleAndAuth is PASSED

2022-06-30 22:35:20 - [MESSAGE][PASSED] - All options with value 'MOTO' are selected in object 'Object Repository/AdminSuiteBootstrap_Pages/VSP_Bootstrap/VSP_Authcap/select_TransactionCategory'  using regular expression

2022-06-30 22:35:21 - [MESSAGE][PASSED] - Text '123' is set on object 'Object Repository/AdminSuiteBootstrap_Pages/VSP_Bootstrap/VSP_Authcap/input_cvv'

2022-06-30 22:35:21 - [MESSAGE][PASSED] - Text '' is set on object 'Object Repository/AdminSuiteBootstrap_Pages/VSP_Bootstrap/VSP_Authcap/input_smsNumber'

2022-06-30 22:35:22 - [MESSAGE][PASSED] - Text '2.50' is set on object 'Object Repository/AdminSuiteBootstrap_Pages/VSP_Bootstrap/VSP_Authcap/input_amount'

2022-06-30 22:35:23 - [MESSAGE][PASSED] - Text 'Delhi' is set on object 'Object Repository/AdminSuiteBootstrap_Pages/VSP_Bootstrap/VSP_Authcap/input_userDefined1'

2022-06-30 22:35:24 - [MESSAGE][PASSED] - Text 'Chennai' is set on object 'Object Repository/AdminSuiteBootstrap_Pages/VSP_Bootstrap/VSP_Authcap/input_userDefined2'

2022-06-30 22:35:24 - [MESSAGE][PASSED] - Text 'Mumbai' is set on object 'Object Repository/AdminSuiteBootstrap_Pages/VSP_Bootstrap/VSP_Authcap/input_userDefined3'

2022-06-30 22:35:25 - [MESSAGE][PASSED] - Text 'Kanpur' is set on object 'Object Repository/AdminSuiteBootstrap_Pages/VSP_Bootstrap/VSP_Authcap/input_userDefined4'

2022-06-30 22:35:26 - [MESSAGE][PASSED] - All options with label 'Orange' are selected in object 'Object Repository/AdminSuiteBootstrap_Pages/VSP_Bootstrap/VSP_Authcap/select_UDF5'  using regular expression

2022-06-30 22:35:27 - [MESSAGE][PASSED] - All options with label 'Yellow' are selected in object 'Object Repository/AdminSuiteBootstrap_Pages/VSP_Bootstrap/VSP_Authcap/select_UDF6'  using regular expression

2022-06-30 22:35:27 - [MESSAGE][PASSED] - Text 'Kolkata' is set on object 'Object Repository/AdminSuiteBootstrap_Pages/VSP_Bootstrap/VSP_Authcap/input_userDefined7'

2022-06-30 22:35:28 - [MESSAGE][PASSED] - Text 'Pune' is set on object 'Object Repository/AdminSuiteBootstrap_Pages/VSP_Bootstrap/VSP_Authcap/input_userDefined8'

2022-06-30 22:35:29 - [MESSAGE][PASSED] - Text 'Bhavnagar' is set on object 'Object Repository/AdminSuiteBootstrap_Pages/VSP_Bootstrap/VSP_Authcap/input_userDefined9'

2022-06-30 22:35:29 - [MESSAGE][PASSED] - Text 'Noida' is set on object 'Object Repository/AdminSuiteBootstrap_Pages/VSP_Bootstrap/VSP_Authcap/input_userDefined10'

2022-06-30 22:35:31 - [MESSAGE][PASSED] - Object: 'Object Repository/AdminSuiteBootstrap_Pages/VSP_Bootstrap/VSP_Authcap/button_Submit' is clicked on

2022-06-30 22:35:31 - [MESSAGE][PASSED] - vspBootstrap.SalePage.setDataSaleAndAuth is PASSED

2022-06-30 22:35:31 - [TEST_STEP][PASSED] - verifyTextPresent("Transaction Successful", true): Text 'Transaction Successful' is present on page  using regular expression

2022-06-30 22:35:32 - [MESSAGE][PASSED] - Text 'Transaction Successful' is present on page  using regular expression

2022-06-30 22:35:32 - [TEST_STEP][PASSED] - verifyElementVisible(findTestObject("Object Repository/AdminSuiteBootstrap_Pages/VT_Bootstrap/Receipt/button_Continue")): Object 'Object Repository/AdminSuiteBootstrap_Pages/VT_Bootstrap/Receipt/button_Continue' is visible

2022-06-30 22:35:32 - [MESSAGE][PASSED] - Object 'Object Repository/AdminSuiteBootstrap_Pages/VT_Bootstrap/Receipt/button_Continue' is visible

2022-06-30 22:35:32 - [TEST_STEP][PASSED] - verifyElementPresent(findTestObject("Object Repository/AdminSuiteBootstrap_Pages/VT_Bootstrap/Receipt/button_Continue"), 20): Object 'Object Repository/AdminSuiteBootstrap_Pages/VT_Bootstrap/Receipt/button_Continue' is present

2022-06-30 22:35:33 - [MESSAGE][PASSED] - Object 'Object Repository/AdminSuiteBootstrap_Pages/VT_Bootstrap/Receipt/button_Continue' is present

2022-06-30 22:35:33 - [TEST_STEP][PASSED] - verifyElementVisible(findTestObject("Object Repository/AdminSuiteBootstrap_Pages/VT_Bootstrap/Receipt/button_Print")): Object 'Object Repository/AdminSuiteBootstrap_Pages/VT_Bootstrap/Receipt/button_Print' is visible

2022-06-30 22:35:33 - [MESSAGE][PASSED] - Object 'Object Repository/AdminSuiteBootstrap_Pages/VT_Bootstrap/Receipt/button_Print' is visible

2022-06-30 22:35:33 - [TEST_STEP][PASSED] - verifyElementPresent(findTestObject("Object Repository/AdminSuiteBootstrap_Pages/VT_Bootstrap/Receipt/button_Print"), 20): Object 'Object Repository/AdminSuiteBootstrap_Pages/VT_Bootstrap/Receipt/button_Print' is present

2022-06-30 22:35:33 - [MESSAGE][PASSED] - Object 'Object Repository/AdminSuiteBootstrap_Pages/VT_Bootstrap/Receipt/button_Print' is present

2022-06-30 22:35:33 - [TEST_STEP][PASSED] - verifyTextPresent("Remittance ID", true): Text 'Remittance ID' is present on page  using regular expression

2022-06-30 22:35:34 - [MESSAGE][PASSED] - Text 'Remittance ID' is present on page  using regular expression

2022-06-30 22:35:34 - [TEST_STEP][PASSED] - verifyTextPresent("Received", true): Text 'Received' is present on page  using regular expression

2022-06-30 22:35:34 - [MESSAGE][PASSED] - Text 'Received' is present on page  using regular expression

2022-06-30 22:35:34 - [TEST_STEP][PASSED] - verifyTextPresent("UDF1", true): Text 'UDF1' is present on page  using regular expression

2022-06-30 22:35:34 - [MESSAGE][PASSED] - Text 'UDF1' is present on page  using regular expression

2022-06-30 22:35:34 - [TEST_STEP][PASSED] - verifyTextPresent("UDF2", true): Text 'UDF2' is present on page  using regular expression

2022-06-30 22:35:35 - [MESSAGE][PASSED] - Text 'UDF2' is present on page  using regular expression

2022-06-30 22:35:35 - [TEST_STEP][PASSED] - verifyTextPresent("UDF3", true): Text 'UDF3' is present on page  using regular expression

2022-06-30 22:35:35 - [MESSAGE][PASSED] - Text 'UDF3' is present on page  using regular expression

2022-06-30 22:35:35 - [TEST_STEP][PASSED] - verifyTextPresent("UDF4", true): Text 'UDF4' is present on page  using regular expression

2022-06-30 22:35:35 - [MESSAGE][PASSED] - Text 'UDF4' is present on page  using regular expression

2022-06-30 22:35:35 - [TEST_STEP][PASSED] - verifyTextPresent("UDF5", true): Text 'UDF5' is present on page  using regular expression

2022-06-30 22:35:36 - [MESSAGE][PASSED] - Text 'UDF5' is present on page  using regular expression

2022-06-30 22:35:36 - [TEST_STEP][PASSED] - verifyTextPresent("UDF6", true): Text 'UDF6' is present on page  using regular expression

2022-06-30 22:35:36 - [MESSAGE][PASSED] - Text 'UDF6' is present on page  using regular expression

2022-06-30 22:35:36 - [TEST_STEP][PASSED] - verifyTextPresent("UDF7", true): Text 'UDF7' is present on page  using regular expression

2022-06-30 22:35:36 - [MESSAGE][PASSED] - Text 'UDF7' is present on page  using regular expression

2022-06-30 22:35:36 - [TEST_STEP][PASSED] - verifyTextPresent("UDF8", true): Text 'UDF8' is present on page  using regular expression

2022-06-30 22:35:36 - [MESSAGE][PASSED] - Text 'UDF8' is present on page  using regular expression

2022-06-30 22:35:36 - [TEST_STEP][PASSED] - verifyTextPresent("UDF9", true): Text 'UDF9' is present on page  using regular expression

2022-06-30 22:35:37 - [MESSAGE][PASSED] - Text 'UDF9' is present on page  using regular expression

2022-06-30 22:35:37 - [TEST_STEP][PASSED] - verifyTextPresent("UDF 10", true): Text 'UDF 10' is present on page  using regular expression

2022-06-30 22:35:37 - [MESSAGE][PASSED] - Text 'UDF 10' is present on page  using regular expression

2022-06-30 22:35:37 - [TEST_STEP][PASSED] - verifyTextPresent("Delhi", true): Text 'Delhi' is present on page  using regular expression

2022-06-30 22:35:37 - [MESSAGE][PASSED] - Text 'Delhi' is present on page  using regular expression

2022-06-30 22:35:37 - [TEST_STEP][PASSED] - verifyTextPresent("Chennai", true): Text 'Chennai' is present on page  using regular expression

2022-06-30 22:35:38 - [MESSAGE][PASSED] - Text 'Chennai' is present on page  using regular expression

2022-06-30 22:35:38 - [TEST_STEP][PASSED] - verifyTextPresent("Mumbai", true): Text 'Mumbai' is present on page  using regular expression

2022-06-30 22:35:38 - [MESSAGE][PASSED] - Text 'Mumbai' is present on page  using regular expression

2022-06-30 22:35:38 - [TEST_STEP][PASSED] - verifyTextPresent("Kanpur", true): Text 'Kanpur' is present on page  using regular expression

2022-06-30 22:35:38 - [MESSAGE][PASSED] - Text 'Kanpur' is present on page  using regular expression

2022-06-30 22:35:38 - [TEST_STEP][PASSED] - verifyTextPresent("Orange Recorded", true): Text 'Orange Recorded' is present on page  using regular expression

2022-06-30 22:35:39 - [MESSAGE][PASSED] - Text 'Orange Recorded' is present on page  using regular expression

2022-06-30 22:35:39 - [TEST_STEP][PASSED] - verifyTextPresent("Yellow Recorded", true): Text 'Yellow Recorded' is present on page  using regular expression

2022-06-30 22:35:39 - [MESSAGE][PASSED] - Text 'Yellow Recorded' is present on page  using regular expression

2022-06-30 22:35:39 - [TEST_STEP][PASSED] - verifyTextPresent("Kolkata", true): Text 'Kolkata' is present on page  using regular expression

2022-06-30 22:35:39 - [MESSAGE][PASSED] - Text 'Kolkata' is present on page  using regular expression

2022-06-30 22:35:39 - [TEST_STEP][PASSED] - verifyTextPresent("Pune", true): Text 'Pune' is present on page  using regular expression

2022-06-30 22:35:40 - [MESSAGE][PASSED] - Text 'Pune' is present on page  using regular expression

2022-06-30 22:35:40 - [TEST_STEP][PASSED] - verifyTextPresent("Bhavnagar", true): Text 'Bhavnagar' is present on page  using regular expression

2022-06-30 22:35:40 - [MESSAGE][PASSED] - Text 'Bhavnagar' is present on page  using regular expression

2022-06-30 22:35:40 - [TEST_STEP][PASSED] - verifyTextPresent("Noida", true): Text 'Noida' is present on page  using regular expression

2022-06-30 22:35:40 - [MESSAGE][PASSED] - Text 'Noida' is present on page  using regular expression

2022-06-30 22:35:40 - [TEST_STEP][PASSED] - verifyTextPresent("Amount", true): Text 'Amount' is present on page  using regular expression

2022-06-30 22:35:41 - [MESSAGE][PASSED] - Text 'Amount' is present on page  using regular expression

2022-06-30 22:35:41 - [TEST_STEP][PASSED] - verifyTextPresent("2.50", true): Text '2.50' is present on page  using regular expression

2022-06-30 22:35:41 - [MESSAGE][PASSED] - Text '2.50' is present on page  using regular expression

2022-06-30 22:35:41 - [TEST_STEP][PASSED] - verifyTextPresent("Authorization", true): Text 'Authorization' is present on page  using regular expression

2022-06-30 22:35:41 - [MESSAGE][PASSED] - Text 'Authorization' is present on page  using regular expression

2022-06-30 22:35:41 - [TEST_STEP][PASSED] - verifyTextPresent("Card Information", true): Text 'Card Information' is present on page  using regular expression

2022-06-30 22:35:41 - [MESSAGE][PASSED] - Text 'Card Information' is present on page  using regular expression

2022-06-30 22:35:41 - [TEST_STEP][PASSED] - verifyTextPresent("TANDON RAVENA", true): Text 'TANDON RAVENA' is present on page  using regular expression

2022-06-30 22:35:42 - [MESSAGE][PASSED] - Text 'TANDON RAVENA' is present on page  using regular expression

2022-06-30 22:35:42 - [TEST_STEP][PASSED] - verifyTextPresent("Address Line 1", true): Text 'Address Line 1' is present on page  using regular expression

2022-06-30 22:35:42 - [MESSAGE][PASSED] - Text 'Address Line 1' is present on page  using regular expression

2022-06-30 22:35:42 - [TEST_STEP][PASSED] - verifyTextPresent("Address Line 2", true): Text 'Address Line 2' is present on page  using regular expression

2022-06-30 22:35:42 - [MESSAGE][PASSED] - Text 'Address Line 2' is present on page  using regular expression

2022-06-30 22:35:42 - [TEST_STEP][PASSED] - verifyTextPresent("Country", true): Text 'Country' is present on page  using regular expression

2022-06-30 22:35:43 - [MESSAGE][PASSED] - Text 'Country' is present on page  using regular expression

2022-06-30 22:35:43 - [TEST_STEP][PASSED] - verifyTextPresent("City", true): Text 'City' is present on page  using regular expression

2022-06-30 22:35:43 - [MESSAGE][PASSED] - Text 'City' is present on page  using regular expression

2022-06-30 22:35:43 - [TEST_STEP][PASSED] - verifyTextPresent("State", true): Text 'State' is present on page  using regular expression

2022-06-30 22:35:43 - [MESSAGE][PASSED] - Text 'State' is present on page  using regular expression

2022-06-30 22:35:43 - [TEST_STEP][PASSED] - verifyTextPresent("ZIP Code", true): Text 'ZIP Code' is present on page  using regular expression

2022-06-30 22:35:44 - [MESSAGE][PASSED] - Text 'ZIP Code' is present on page  using regular expression

2022-06-30 22:35:44 - [TEST_STEP][PASSED] - verifyTextPresent("248 PhoolKaante road", true): Text '248 PhoolKaante road' is present on page  using regular expression

2022-06-30 22:35:44 - [MESSAGE][PASSED] - Text '248 PhoolKaante road' is present on page  using regular expression

2022-06-30 22:35:44 - [TEST_STEP][PASSED] - verifyTextPresent("Suite 678", true): Text 'Suite 678' is present on page  using regular expression

2022-06-30 22:35:44 - [MESSAGE][PASSED] - Text 'Suite 678' is present on page  using regular expression

2022-06-30 22:35:44 - [TEST_STEP][PASSED] - verifyTextPresent("United States", true): Text 'United States' is present on page  using regular expression

2022-06-30 22:35:45 - [MESSAGE][PASSED] - Text 'United States' is present on page  using regular expression

2022-06-30 22:35:45 - [TEST_STEP][PASSED] - verifyTextPresent("ARLINGTON", true): Text 'ARLINGTON' is present on page  using regular expression

2022-06-30 22:35:45 - [MESSAGE][PASSED] - Text 'ARLINGTON' is present on page  using regular expression

2022-06-30 22:35:45 - [TEST_STEP][PASSED] - verifyTextPresent("VA", true): Text 'VA' is present on page  using regular expression

2022-06-30 22:35:45 - [MESSAGE][PASSED] - Text 'VA' is present on page  using regular expression

2022-06-30 22:35:45 - [TEST_STEP][PASSED] - verifyTextPresent("22201", true): Text '22201' is present on page  using regular expression

2022-06-30 22:35:46 - [MESSAGE][PASSED] - Text '22201' is present on page  using regular expression

2022-06-30 22:35:46 - [TEST_STEP][PASSED] - cardTypeV = findTestData(dataFile).getValue("CardType", row): null

2022-06-30 22:35:46 - [TEST_STEP][PASSED] - last4V = findTestData(dataFile).getValue("Last4", row): null

2022-06-30 22:35:46 - [TEST_STEP][PASSED] - verifyTextPresent(cardTypeV, true): Text 'Visa' is present on page  using regular expression

2022-06-30 22:35:46 - [MESSAGE][PASSED] - Text 'Visa' is present on page  using regular expression

2022-06-30 22:35:46 - [TEST_STEP][PASSED] - verifyTextPresent(last4V, true): Text '5439' is present on page  using regular expression

2022-06-30 22:35:46 - [MESSAGE][PASSED] - Text '5439' is present on page  using regular expression

2022-06-30 22:35:46 - [TEST_STEP][PASSED] - switch (appName): null

2022-06-30 22:35:46 - [TEST_STEP][PASSED] - closeBrowser(): Browser is closed

2022-06-30 22:35:47 - [MESSAGE][PASSED] - Browser is closed

2022-06-30 22:35:47 - [TEST_STEP][PASSED] - ExecuteTC = findTestData(dataFile).getValue("Execute", row): null

2022-06-30 22:35:47 - [TEST_STEP][PASSED] - out.println("Value of Execute is : " + ExecuteTC): null

2022-06-30 22:35:47 - [TEST_STEP][PASSED] - switch (executionProfile): null

2022-06-30 22:35:47 - [TEST_STEP][PASSED] - case "QAProfile":: null

2022-06-30 22:35:47 - [TEST_STEP][PASSED] - appName = findTestData(dataFile).getValue("AppNameQA", row): null

2022-06-30 22:35:47 - [TEST_STEP][PASSED] - appID = findTestData(dataFile).getValue("AppIDQA", row): null

2022-06-30 22:35:47 - [TEST_STEP][PASSED] - break: null

2022-06-30 22:35:47 - [TEST_STEP][PASSED] - if (ExecuteTC.equalsIgnoreCase("Y")): null

2022-06-30 22:35:47 - [TEST_STEP][PASSED] - closeBrowser(): Browser is closed

2022-06-30 22:35:47 - [MESSAGE][PASSED] - Browser is closed

2022-06-30 22:35:47 - [TEST_STEP][PASSED] - ExecuteTC = findTestData(dataFile).getValue("Execute", row): null

2022-06-30 22:35:48 - [TEST_STEP][PASSED] - out.println("Value of Execute is : " + ExecuteTC): null

2022-06-30 22:35:48 - [TEST_STEP][PASSED] - switch (executionProfile): null

2022-06-30 22:35:48 - [TEST_STEP][PASSED] - case "QAProfile":: null

2022-06-30 22:35:48 - [TEST_STEP][PASSED] - appName = findTestData(dataFile).getValue("AppNameQA", row): null

2022-06-30 22:35:48 - [TEST_STEP][PASSED] - appID = findTestData(dataFile).getValue("AppIDQA", row): null

2022-06-30 22:35:48 - [TEST_STEP][PASSED] - break: null

2022-06-30 22:35:48 - [TEST_STEP][PASSED] - if (ExecuteTC.equalsIgnoreCase("Y")): null

2022-06-30 22:35:48 - [TEST_STEP][PASSED] - closeBrowser(): Browser is closed

2022-06-30 22:35:48 - [MESSAGE][PASSED] - Browser is closed

2022-06-30 22:35:48 - [TEST_STEP][PASSED] - ExecuteTC = findTestData(dataFile).getValue("Execute", row): null

2022-06-30 22:35:48 - [TEST_STEP][PASSED] - out.println("Value of Execute is : " + ExecuteTC): null

2022-06-30 22:35:48 - [TEST_STEP][PASSED] - switch (executionProfile): null

2022-06-30 22:35:48 - [TEST_STEP][PASSED] - case "QAProfile":: null

2022-06-30 22:35:48 - [TEST_STEP][PASSED] - appName = findTestData(dataFile).getValue("AppNameQA", row): null

2022-06-30 22:35:48 - [TEST_STEP][PASSED] - appID = findTestData(dataFile).getValue("AppIDQA", row): null

2022-06-30 22:35:48 - [TEST_STEP][PASSED] - break: null

2022-06-30 22:35:48 - [TEST_STEP][PASSED] - if (ExecuteTC.equalsIgnoreCase("Y")): null

2022-06-30 22:35:48 - [TEST_STEP][PASSED] - closeBrowser(): Browser is closed

2022-06-30 22:35:48 - [MESSAGE][PASSED] - Browser is closed

2022-06-30 22:35:48 - [TEST_STEP][PASSED] - ExecuteTC = findTestData(dataFile).getValue("Execute", row): null

2022-06-30 22:35:48 - [TEST_STEP][PASSED] - out.println("Value of Execute is : " + ExecuteTC): null

2022-06-30 22:35:48 - [TEST_STEP][PASSED] - switch (executionProfile): null

2022-06-30 22:35:48 - [TEST_STEP][PASSED] - case "QAProfile":: null

2022-06-30 22:35:48 - [TEST_STEP][PASSED] - appName = findTestData(dataFile).getValue("AppNameQA", row): null

2022-06-30 22:35:48 - [TEST_STEP][PASSED] - appID = findTestData(dataFile).getValue("AppIDQA", row): null

2022-06-30 22:35:48 - [TEST_STEP][PASSED] - break: null

2022-06-30 22:35:48 - [TEST_STEP][PASSED] - if (ExecuteTC.equalsIgnoreCase("Y")): null

2022-06-30 22:35:48 - [TEST_STEP][PASSED] - closeBrowser(): Browser is closed

2022-06-30 22:35:48 - [MESSAGE][PASSED] - Browser is closed

2022-06-30 22:35:48 - [TEST_STEP][PASSED] - ExecuteTC = findTestData(dataFile).getValue("Execute", row): null

2022-06-30 22:35:48 - [TEST_STEP][PASSED] - out.println("Value of Execute is : " + ExecuteTC): null

2022-06-30 22:35:48 - [TEST_STEP][PASSED] - switch (executionProfile): null

2022-06-30 22:35:48 - [TEST_STEP][PASSED] - case "QAProfile":: null

2022-06-30 22:35:48 - [TEST_STEP][PASSED] - appName = findTestData(dataFile).getValue("AppNameQA", row): null

2022-06-30 22:35:48 - [TEST_STEP][PASSED] - appID = findTestData(dataFile).getValue("AppIDQA", row): null

2022-06-30 22:35:48 - [TEST_STEP][PASSED] - break: null

2022-06-30 22:35:48 - [TEST_STEP][PASSED] - if (ExecuteTC.equalsIgnoreCase("Y")): null

2022-06-30 22:35:48 - [TEST_STEP][PASSED] - closeBrowser(): Browser is closed

2022-06-30 22:35:48 - [MESSAGE][PASSED] - Browser is closed

2022-06-30 22:35:48 - [TEST_STEP][PASSED] - ExecuteTC = findTestData(dataFile).getValue("Execute", row): null

2022-06-30 22:35:48 - [TEST_STEP][PASSED] - out.println("Value of Execute is : " + ExecuteTC): null

2022-06-30 22:35:48 - [TEST_STEP][PASSED] - switch (executionProfile): null

2022-06-30 22:35:48 - [TEST_STEP][PASSED] - case "QAProfile":: null

2022-06-30 22:35:48 - [TEST_STEP][PASSED] - appName = findTestData(dataFile).getValue("AppNameQA", row): null

2022-06-30 22:35:48 - [TEST_STEP][PASSED] - appID = findTestData(dataFile).getValue("AppIDQA", row): null

2022-06-30 22:35:48 - [TEST_STEP][PASSED] - break: null

2022-06-30 22:35:48 - [TEST_STEP][PASSED] - if (ExecuteTC.equalsIgnoreCase("Y")): null

2022-06-30 22:35:48 - [TEST_STEP][PASSED] - closeBrowser(): Browser is closed

2022-06-30 22:35:48 - [MESSAGE][PASSED] - Browser is closed

2022-06-30 22:35:48 - [TEST_STEP][PASSED] - ExecuteTC = findTestData(dataFile).getValue("Execute", row): null

2022-06-30 22:35:48 - [TEST_STEP][PASSED] - out.println("Value of Execute is : " + ExecuteTC): null

2022-06-30 22:35:48 - [TEST_STEP][PASSED] - switch (executionProfile): null

2022-06-30 22:35:48 - [TEST_STEP][PASSED] - case "QAProfile":: null

2022-06-30 22:35:48 - [TEST_STEP][PASSED] - appName = findTestData(dataFile).getValue("AppNameQA", row): null

2022-06-30 22:35:48 - [TEST_STEP][PASSED] - appID = findTestData(dataFile).getValue("AppIDQA", row): null

2022-06-30 22:35:48 - [TEST_STEP][PASSED] - break: null

2022-06-30 22:35:48 - [TEST_STEP][PASSED] - if (ExecuteTC.equalsIgnoreCase("Y")): null

2022-06-30 22:35:48 - [TEST_STEP][PASSED] - closeBrowser(): Browser is closed

2022-06-30 22:35:48 - [MESSAGE][PASSED] - Browser is closed

2022-06-30 22:35:48 - [TEST_STEP][PASSED] - ExecuteTC = findTestData(dataFile).getValue("Execute", row): null

2022-06-30 22:35:48 - [TEST_STEP][PASSED] - out.println("Value of Execute is : " + ExecuteTC): null

2022-06-30 22:35:48 - [TEST_STEP][PASSED] - switch (executionProfile): null

2022-06-30 22:35:48 - [TEST_STEP][PASSED] - case "QAProfile":: null

2022-06-30 22:35:48 - [TEST_STEP][PASSED] - appName = findTestData(dataFile).getValue("AppNameQA", row): null

2022-06-30 22:35:48 - [TEST_STEP][PASSED] - appID = findTestData(dataFile).getValue("AppIDQA", row): null

2022-06-30 22:35:49 - [TEST_STEP][PASSED] - break: null

2022-06-30 22:35:49 - [TEST_STEP][PASSED] - if (ExecuteTC.equalsIgnoreCase("Y")): null

2022-06-30 22:35:49 - [TEST_STEP][PASSED] - out.println("Begin Record Number: " + row): null

2022-06-30 22:35:49 - [TEST_STEP][PASSED] - today = new java.util.Date(): null

2022-06-30 22:35:49 - [TEST_STEP][PASSED] - println(today): null

2022-06-30 22:35:49 - [TEST_STEP][PASSED] - datText = today: null

2022-06-30 22:35:49 - [TEST_STEP][PASSED] - adminSuiteBootstrap.loginFunctionality.login_AdminSuite(): adminSuiteBootstrap.loginFunctionality.login_AdminSuite is PASSED

2022-06-30 22:35:49 - [MESSAGE][INFO] - Starting 'Chrome' driver

2022-06-30 22:35:49 - [MESSAGE][INFO] - User set preference: ['acceptInsecureCerts', 'true']

2022-06-30 22:35:49 - [MESSAGE][INFO] - Action delay is set to 0 milliseconds

2022-06-30 22:35:52 - [MESSAGE][PASSED] - Browser is opened with url: 'https://qa.velocitypayment.com/admin/imtiaz'

2022-06-30 22:35:52 - [MESSAGE][PASSED] - Current window maximized

2022-06-30 22:35:53 - [MESSAGE][PASSED] - Object 'Object Repository/Login_Page/Login_Username' is present

2022-06-30 22:35:53 - [MESSAGE][PASSED] - Text 'iahmed' is set on object 'Object Repository/Login_Page/Login_Username'

2022-06-30 22:35:54 - [MESSAGE][PASSED] - Text 'hello2222' is set on object 'Object Repository/Login_Page/Login_Password'

2022-06-30 22:35:58 - [MESSAGE][PASSED] - Object: 'Object Repository/Login_Page/Login_Submit' is clicked on

2022-06-30 22:35:58 - [MESSAGE][PASSED] - adminSuiteBootstrap.loginFunctionality.login_AdminSuite is PASSED

2022-06-30 22:35:58 - [TEST_STEP][PASSED] - click(findTestObject(path_Dashboard + appName)): Object: 'Object Repository/AdminSuiteBootstrap_Pages/Dashboard_Bootstrap/a_Access AutoSingleCFtpQA' is clicked on

2022-06-30 22:35:59 - [MESSAGE][PASSED] - Object: 'Object Repository/AdminSuiteBootstrap_Pages/Dashboard_Bootstrap/a_Access AutoSingleCFtpQA' is clicked on

2022-06-30 22:35:59 - [TEST_STEP][PASSED] - click(findTestObject(path_VT + "a_Find Profile")): Object: 'Object Repository/AdminSuiteBootstrap_Pages/VT_Bootstrap/IssueTransactions/a_Find Profile' is clicked on

2022-06-30 22:36:00 - [MESSAGE][PASSED] - Object: 'Object Repository/AdminSuiteBootstrap_Pages/VT_Bootstrap/IssueTransactions/a_Find Profile' is clicked on

2022-06-30 22:36:00 - [TEST_STEP][PASSED] - criteria = <not implemented yet for class: org.codehaus.groovy.ast.expr.EmptyExpression>: null

2022-06-30 22:36:00 - [TEST_STEP][PASSED] - searchBy = <not implemented yet for class: org.codehaus.groovy.ast.expr.EmptyExpression>: null

2022-06-30 22:36:00 - [TEST_STEP][PASSED] - criteria = findTestData(dataFile).getValue("ProfileName", row): null

2022-06-30 22:36:00 - [TEST_STEP][PASSED] - path_SearchProfile = "Object Repository/AdminSuiteBootstrap_Pages/VSP_Bootstrap/SearchProfile/": null

2022-06-30 22:36:00 - [TEST_STEP][PASSED] - setText(findTestObject(path_SearchProfile + "input_Criteria"), criteria): Text 'PaymentsVisa' is set on object 'Object Repository/AdminSuiteBootstrap_Pages/VSP_Bootstrap/SearchProfile/input_Criteria'

2022-06-30 22:36:00 - [MESSAGE][PASSED] - Text 'PaymentsVisa' is set on object 'Object Repository/AdminSuiteBootstrap_Pages/VSP_Bootstrap/SearchProfile/input_Criteria'

2022-06-30 22:36:00 - [TEST_STEP][PASSED] - click(findTestObject(path_SearchProfile + "button_Search")): Object: 'Object Repository/AdminSuiteBootstrap_Pages/VSP_Bootstrap/SearchProfile/button_Search' is clicked on

2022-06-30 22:36:02 - [MESSAGE][PASSED] - Object: 'Object Repository/AdminSuiteBootstrap_Pages/VSP_Bootstrap/SearchProfile/button_Search' is clicked on

2022-06-30 22:36:02 - [TEST_STEP][PASSED] - profNameLink = findTestData(dataFile).getValue("ProfileNameLink", row): null

2022-06-30 22:36:02 - [TEST_STEP][PASSED] - click(findTestObject(path_ViewProfile + profNameLink)): Object: 'Object Repository/AdminSuiteBootstrap_Pages/VSP_Bootstrap/View Profile/a_PaymentsVisa' is clicked on

2022-06-30 22:36:03 - [MESSAGE][PASSED] - Object: 'Object Repository/AdminSuiteBootstrap_Pages/VSP_Bootstrap/View Profile/a_PaymentsVisa' is clicked on

2022-06-30 22:36:03 - [TEST_STEP][PASSED] - click(findTestObject(path_ViewProfile + "a_Auth")): Object: 'Object Repository/AdminSuiteBootstrap_Pages/VSP_Bootstrap/View Profile/a_Auth' is clicked on

2022-06-30 22:36:05 - [MESSAGE][PASSED] - Object: 'Object Repository/AdminSuiteBootstrap_Pages/VSP_Bootstrap/View Profile/a_Auth' is clicked on

2022-06-30 22:36:05 - [TEST_STEP][PASSED] - verifyTextPresent("Credit Card Authorization", true): Text 'Credit Card Authorization' is present on page  using regular expression

2022-06-30 22:36:05 - [MESSAGE][PASSED] - Text 'Credit Card Authorization' is present on page  using regular expression

2022-06-30 22:36:05 - [TEST_STEP][PASSED] - verifyTextPresent("Required fields are highlighted with an asterisk", true): Text 'Required fields are highlighted with an asterisk' is present on page  using regular expression

2022-06-30 22:36:06 - [MESSAGE][PASSED] - Text 'Required fields are highlighted with an asterisk' is present on page  using regular expression

2022-06-30 22:36:06 - [TEST_STEP][PASSED] - verifyTextPresent("Remittance ID", true): Text 'Remittance ID' is present on page  using regular expression

2022-06-30 22:36:06 - [MESSAGE][PASSED] - Text 'Remittance ID' is present on page  using regular expression

2022-06-30 22:36:06 - [TEST_STEP][PASSED] - vspBootstrap.SalePage.setDataSaleAndAuth(row, dataFile): vspBootstrap.SalePage.setDataSaleAndAuth is PASSED

2022-06-30 22:36:08 - [MESSAGE][PASSED] - All options with value 'MOTO' are selected in object 'Object Repository/AdminSuiteBootstrap_Pages/VSP_Bootstrap/VSP_Authcap/select_TransactionCategory'  using regular expression

2022-06-30 22:36:08 - [MESSAGE][PASSED] - Text '123' is set on object 'Object Repository/AdminSuiteBootstrap_Pages/VSP_Bootstrap/VSP_Authcap/input_cvv'

2022-06-30 22:36:09 - [MESSAGE][PASSED] - Text '' is set on object 'Object Repository/AdminSuiteBootstrap_Pages/VSP_Bootstrap/VSP_Authcap/input_smsNumber'

2022-06-30 22:36:10 - [MESSAGE][PASSED] - Text '2.50' is set on object 'Object Repository/AdminSuiteBootstrap_Pages/VSP_Bootstrap/VSP_Authcap/input_amount'

2022-06-30 22:36:11 - [MESSAGE][PASSED] - Text 'Delhi' is set on object 'Object Repository/AdminSuiteBootstrap_Pages/VSP_Bootstrap/VSP_Authcap/input_userDefined1'

2022-06-30 22:36:11 - [MESSAGE][PASSED] - Text 'Chennai' is set on object 'Object Repository/AdminSuiteBootstrap_Pages/VSP_Bootstrap/VSP_Authcap/input_userDefined2'

2022-06-30 22:36:12 - [MESSAGE][PASSED] - Text 'Mumbai' is set on object 'Object Repository/AdminSuiteBootstrap_Pages/VSP_Bootstrap/VSP_Authcap/input_userDefined3'

2022-06-30 22:36:13 - [MESSAGE][PASSED] - Text 'Kanpur' is set on object 'Object Repository/AdminSuiteBootstrap_Pages/VSP_Bootstrap/VSP_Authcap/input_userDefined4'

2022-06-30 22:36:14 - [MESSAGE][PASSED] - All options with label 'Orange' are selected in object 'Object Repository/AdminSuiteBootstrap_Pages/VSP_Bootstrap/VSP_Authcap/select_UDF5'  using regular expression

2022-06-30 22:36:15 - [MESSAGE][PASSED] - All options with label 'Yellow' are selected in object 'Object Repository/AdminSuiteBootstrap_Pages/VSP_Bootstrap/VSP_Authcap/select_UDF6'  using regular expression

2022-06-30 22:36:16 - [MESSAGE][PASSED] - Text 'Kolkata' is set on object 'Object Repository/AdminSuiteBootstrap_Pages/VSP_Bootstrap/VSP_Authcap/input_userDefined7'

2022-06-30 22:36:16 - [MESSAGE][PASSED] - Text 'Pune' is set on object 'Object Repository/AdminSuiteBootstrap_Pages/VSP_Bootstrap/VSP_Authcap/input_userDefined8'

2022-06-30 22:36:17 - [MESSAGE][PASSED] - Text 'Bhavnagar' is set on object 'Object Repository/AdminSuiteBootstrap_Pages/VSP_Bootstrap/VSP_Authcap/input_userDefined9'

2022-06-30 22:36:18 - [MESSAGE][PASSED] - Text 'Noida' is set on object 'Object Repository/AdminSuiteBootstrap_Pages/VSP_Bootstrap/VSP_Authcap/input_userDefined10'

2022-06-30 22:36:20 - [MESSAGE][PASSED] - Object: 'Object Repository/AdminSuiteBootstrap_Pages/VSP_Bootstrap/VSP_Authcap/button_Submit' is clicked on

2022-06-30 22:36:20 - [MESSAGE][PASSED] - vspBootstrap.SalePage.setDataSaleAndAuth is PASSED

2022-06-30 22:36:20 - [TEST_STEP][PASSED] - verifyTextPresent("Transaction Successful", true): Text 'Transaction Successful' is present on page  using regular expression

2022-06-30 22:36:21 - [MESSAGE][PASSED] - Text 'Transaction Successful' is present on page  using regular expression

2022-06-30 22:36:21 - [TEST_STEP][PASSED] - verifyElementVisible(findTestObject("Object Repository/AdminSuiteBootstrap_Pages/VT_Bootstrap/Receipt/button_Continue")): Object 'Object Repository/AdminSuiteBootstrap_Pages/VT_Bootstrap/Receipt/button_Continue' is visible

2022-06-30 22:36:21 - [MESSAGE][PASSED] - Object 'Object Repository/AdminSuiteBootstrap_Pages/VT_Bootstrap/Receipt/button_Continue' is visible

2022-06-30 22:36:21 - [TEST_STEP][PASSED] - verifyElementPresent(findTestObject("Object Repository/AdminSuiteBootstrap_Pages/VT_Bootstrap/Receipt/button_Continue"), 20): Object 'Object Repository/AdminSuiteBootstrap_Pages/VT_Bootstrap/Receipt/button_Continue' is present

2022-06-30 22:36:21 - [MESSAGE][PASSED] - Object 'Object Repository/AdminSuiteBootstrap_Pages/VT_Bootstrap/Receipt/button_Continue' is present

2022-06-30 22:36:21 - [TEST_STEP][PASSED] - verifyElementVisible(findTestObject("Object Repository/AdminSuiteBootstrap_Pages/VT_Bootstrap/Receipt/button_Print")): Object 'Object Repository/AdminSuiteBootstrap_Pages/VT_Bootstrap/Receipt/button_Print' is visible

2022-06-30 22:36:22 - [MESSAGE][PASSED] - Object 'Object Repository/AdminSuiteBootstrap_Pages/VT_Bootstrap/Receipt/button_Print' is visible

2022-06-30 22:36:22 - [TEST_STEP][PASSED] - verifyElementPresent(findTestObject("Object Repository/AdminSuiteBootstrap_Pages/VT_Bootstrap/Receipt/button_Print"), 20): Object 'Object Repository/AdminSuiteBootstrap_Pages/VT_Bootstrap/Receipt/button_Print' is present

2022-06-30 22:36:22 - [MESSAGE][PASSED] - Object 'Object Repository/AdminSuiteBootstrap_Pages/VT_Bootstrap/Receipt/button_Print' is present

2022-06-30 22:36:22 - [TEST_STEP][PASSED] - verifyTextPresent("Remittance ID", true): Text 'Remittance ID' is present on page  using regular expression

2022-06-30 22:36:22 - [MESSAGE][PASSED] - Text 'Remittance ID' is present on page  using regular expression

2022-06-30 22:36:22 - [TEST_STEP][PASSED] - verifyTextPresent("Received", true): Text 'Received' is present on page  using regular expression

2022-06-30 22:36:22 - [MESSAGE][PASSED] - Text 'Received' is present on page  using regular expression

2022-06-30 22:36:22 - [TEST_STEP][PASSED] - verifyTextPresent("UDF1", true): Text 'UDF1' is present on page  using regular expression

2022-06-30 22:36:23 - [MESSAGE][PASSED] - Text 'UDF1' is present on page  using regular expression

2022-06-30 22:36:23 - [TEST_STEP][PASSED] - verifyTextPresent("UDF2", true): Text 'UDF2' is present on page  using regular expression

2022-06-30 22:36:23 - [MESSAGE][PASSED] - Text 'UDF2' is present on page  using regular expression

2022-06-30 22:36:23 - [TEST_STEP][PASSED] - verifyTextPresent("UDF3", true): Text 'UDF3' is present on page  using regular expression

2022-06-30 22:36:23 - [MESSAGE][PASSED] - Text 'UDF3' is present on page  using regular expression

2022-06-30 22:36:23 - [TEST_STEP][PASSED] - verifyTextPresent("UDF4", true): Text 'UDF4' is present on page  using regular expression

2022-06-30 22:36:24 - [MESSAGE][PASSED] - Text 'UDF4' is present on page  using regular expression

2022-06-30 22:36:24 - [TEST_STEP][PASSED] - verifyTextPresent("UDF5", true): Text 'UDF5' is present on page  using regular expression

2022-06-30 22:36:24 - [MESSAGE][PASSED] - Text 'UDF5' is present on page  using regular expression

2022-06-30 22:36:24 - [TEST_STEP][PASSED] - verifyTextPresent("UDF6", true): Text 'UDF6' is present on page  using regular expression

2022-06-30 22:36:24 - [MESSAGE][PASSED] - Text 'UDF6' is present on page  using regular expression

2022-06-30 22:36:24 - [TEST_STEP][PASSED] - verifyTextPresent("UDF7", true): Text 'UDF7' is present on page  using regular expression

2022-06-30 22:36:25 - [MESSAGE][PASSED] - Text 'UDF7' is present on page  using regular expression

2022-06-30 22:36:25 - [TEST_STEP][PASSED] - verifyTextPresent("UDF8", true): Text 'UDF8' is present on page  using regular expression

2022-06-30 22:36:25 - [MESSAGE][PASSED] - Text 'UDF8' is present on page  using regular expression

2022-06-30 22:36:25 - [TEST_STEP][PASSED] - verifyTextPresent("UDF9", true): Text 'UDF9' is present on page  using regular expression

2022-06-30 22:36:25 - [MESSAGE][PASSED] - Text 'UDF9' is present on page  using regular expression

2022-06-30 22:36:25 - [TEST_STEP][PASSED] - verifyTextPresent("UDF 10", true): Text 'UDF 10' is present on page  using regular expression

2022-06-30 22:36:26 - [MESSAGE][PASSED] - Text 'UDF 10' is present on page  using regular expression

2022-06-30 22:36:26 - [TEST_STEP][PASSED] - verifyTextPresent("Delhi", true): Text 'Delhi' is present on page  using regular expression

2022-06-30 22:36:26 - [MESSAGE][PASSED] - Text 'Delhi' is present on page  using regular expression

2022-06-30 22:36:26 - [TEST_STEP][PASSED] - verifyTextPresent("Chennai", true): Text 'Chennai' is present on page  using regular expression

2022-06-30 22:36:26 - [MESSAGE][PASSED] - Text 'Chennai' is present on page  using regular expression

2022-06-30 22:36:26 - [TEST_STEP][PASSED] - verifyTextPresent("Mumbai", true): Text 'Mumbai' is present on page  using regular expression

2022-06-30 22:36:26 - [MESSAGE][PASSED] - Text 'Mumbai' is present on page  using regular expression

2022-06-30 22:36:26 - [TEST_STEP][PASSED] - verifyTextPresent("Kanpur", true): Text 'Kanpur' is present on page  using regular expression

2022-06-30 22:36:27 - [MESSAGE][PASSED] - Text 'Kanpur' is present on page  using regular expression

2022-06-30 22:36:27 - [TEST_STEP][PASSED] - verifyTextPresent("Orange Recorded", true): Text 'Orange Recorded' is present on page  using regular expression

2022-06-30 22:36:27 - [MESSAGE][PASSED] - Text 'Orange Recorded' is present on page  using regular expression

2022-06-30 22:36:27 - [TEST_STEP][PASSED] - verifyTextPresent("Yellow Recorded", true): Text 'Yellow Recorded' is present on page  using regular expression

2022-06-30 22:36:28 - [MESSAGE][PASSED] - Text 'Yellow Recorded' is present on page  using regular expression

2022-06-30 22:36:28 - [TEST_STEP][PASSED] - verifyTextPresent("Kolkata", true): Text 'Kolkata' is present on page  using regular expression

2022-06-30 22:36:28 - [MESSAGE][PASSED] - Text 'Kolkata' is present on page  using regular expression

2022-06-30 22:36:28 - [TEST_STEP][PASSED] - verifyTextPresent("Pune", true): Text 'Pune' is present on page  using regular expression

2022-06-30 22:36:28 - [MESSAGE][PASSED] - Text 'Pune' is present on page  using regular expression

2022-06-30 22:36:28 - [TEST_STEP][PASSED] - verifyTextPresent("Bhavnagar", true): Text 'Bhavnagar' is present on page  using regular expression

2022-06-30 22:36:28 - [MESSAGE][PASSED] - Text 'Bhavnagar' is present on page  using regular expression

2022-06-30 22:36:28 - [TEST_STEP][PASSED] - verifyTextPresent("Noida", true): Text 'Noida' is present on page  using regular expression

2022-06-30 22:36:29 - [MESSAGE][PASSED] - Text 'Noida' is present on page  using regular expression

2022-06-30 22:36:29 - [TEST_STEP][PASSED] - verifyTextPresent("Amount", true): Text 'Amount' is present on page  using regular expression

2022-06-30 22:36:29 - [MESSAGE][PASSED] - Text 'Amount' is present on page  using regular expression

2022-06-30 22:36:29 - [TEST_STEP][PASSED] - verifyTextPresent("2.50", true): Text '2.50' is present on page  using regular expression

2022-06-30 22:36:30 - [MESSAGE][PASSED] - Text '2.50' is present on page  using regular expression

2022-06-30 22:36:30 - [TEST_STEP][PASSED] - verifyTextPresent("Authorization", true): Text 'Authorization' is present on page  using regular expression

2022-06-30 22:36:30 - [MESSAGE][PASSED] - Text 'Authorization' is present on page  using regular expression

2022-06-30 22:36:30 - [TEST_STEP][PASSED] - verifyTextPresent("Card Information", true): Text 'Card Information' is present on page  using regular expression

2022-06-30 22:36:30 - [MESSAGE][PASSED] - Text 'Card Information' is present on page  using regular expression

2022-06-30 22:36:30 - [TEST_STEP][PASSED] - verifyTextPresent("TANDON RAVENA", true): Text 'TANDON RAVENA' is present on page  using regular expression

2022-06-30 22:36:30 - [MESSAGE][PASSED] - Text 'TANDON RAVENA' is present on page  using regular expression

2022-06-30 22:36:30 - [TEST_STEP][PASSED] - verifyTextPresent("Address Line 1", true): Text 'Address Line 1' is present on page  using regular expression

2022-06-30 22:36:31 - [MESSAGE][PASSED] - Text 'Address Line 1' is present on page  using regular expression

2022-06-30 22:36:31 - [TEST_STEP][PASSED] - verifyTextPresent("Address Line 2", true): Text 'Address Line 2' is present on page  using regular expression

2022-06-30 22:36:31 - [MESSAGE][PASSED] - Text 'Address Line 2' is present on page  using regular expression

2022-06-30 22:36:31 - [TEST_STEP][PASSED] - verifyTextPresent("Country", true): Text 'Country' is present on page  using regular expression

2022-06-30 22:36:31 - [MESSAGE][PASSED] - Text 'Country' is present on page  using regular expression

2022-06-30 22:36:31 - [TEST_STEP][PASSED] - verifyTextPresent("City", true): Text 'City' is present on page  using regular expression

2022-06-30 22:36:32 - [MESSAGE][PASSED] - Text 'City' is present on page  using regular expression

2022-06-30 22:36:32 - [TEST_STEP][PASSED] - verifyTextPresent("State", true): Text 'State' is present on page  using regular expression

2022-06-30 22:36:32 - [MESSAGE][PASSED] - Text 'State' is present on page  using regular expression

2022-06-30 22:36:32 - [TEST_STEP][PASSED] - verifyTextPresent("ZIP Code", true): Text 'ZIP Code' is present on page  using regular expression

2022-06-30 22:36:32 - [MESSAGE][PASSED] - Text 'ZIP Code' is present on page  using regular expression

2022-06-30 22:36:32 - [TEST_STEP][PASSED] - verifyTextPresent("248 PhoolKaante road", true): Text '248 PhoolKaante road' is present on page  using regular expression

2022-06-30 22:36:33 - [MESSAGE][PASSED] - Text '248 PhoolKaante road' is present on page  using regular expression

2022-06-30 22:36:33 - [TEST_STEP][PASSED] - verifyTextPresent("Suite 678", true): Text 'Suite 678' is present on page  using regular expression

2022-06-30 22:36:33 - [MESSAGE][PASSED] - Text 'Suite 678' is present on page  using regular expression

2022-06-30 22:36:33 - [TEST_STEP][PASSED] - verifyTextPresent("United States", true): Text 'United States' is present on page  using regular expression

2022-06-30 22:36:33 - [MESSAGE][PASSED] - Text 'United States' is present on page  using regular expression

2022-06-30 22:36:33 - [TEST_STEP][PASSED] - verifyTextPresent("ARLINGTON", true): Text 'ARLINGTON' is present on page  using regular expression

2022-06-30 22:36:34 - [MESSAGE][PASSED] - Text 'ARLINGTON' is present on page  using regular expression

2022-06-30 22:36:34 - [TEST_STEP][PASSED] - verifyTextPresent("VA", true): Text 'VA' is present on page  using regular expression

2022-06-30 22:36:34 - [MESSAGE][PASSED] - Text 'VA' is present on page  using regular expression

2022-06-30 22:36:34 - [TEST_STEP][PASSED] - verifyTextPresent("22201", true): Text '22201' is present on page  using regular expression

2022-06-30 22:36:34 - [MESSAGE][PASSED] - Text '22201' is present on page  using regular expression

2022-06-30 22:36:34 - [TEST_STEP][PASSED] - cardTypeV = findTestData(dataFile).getValue("CardType", row): null

2022-06-30 22:36:34 - [TEST_STEP][PASSED] - last4V = findTestData(dataFile).getValue("Last4", row): null

2022-06-30 22:36:34 - [TEST_STEP][PASSED] - verifyTextPresent(cardTypeV, true): Text 'Visa' is present on page  using regular expression

2022-06-30 22:36:35 - [MESSAGE][PASSED] - Text 'Visa' is present on page  using regular expression

2022-06-30 22:36:35 - [TEST_STEP][PASSED] - verifyTextPresent(last4V, true): Text '5439' is present on page  using regular expression

2022-06-30 22:36:35 - [MESSAGE][PASSED] - Text '5439' is present on page  using regular expression

2022-06-30 22:36:35 - [TEST_STEP][PASSED] - switch (appName): null

2022-06-30 22:36:35 - [TEST_STEP][PASSED] - case "a_Access AutoSingleCFtpQA":: null

2022-06-30 22:36:35 - [TEST_STEP][PASSED] - verifyTextPresent("5.00", true): Text '5.00' is present on page  using regular expression

2022-06-30 22:36:35 - [MESSAGE][PASSED] - Text '5.00' is present on page  using regular expression

2022-06-30 22:36:35 - [TEST_STEP][PASSED] - verifyTextPresent("Single Transaction", true): Text 'Single Transaction' is present on page  using regular expression

2022-06-30 22:36:36 - [MESSAGE][PASSED] - Text 'Single Transaction' is present on page  using regular expression

2022-06-30 22:36:36 - [TEST_STEP][PASSED] - verifyTextPresent("7.50", true): Text '7.50' is present on page  using regular expression

2022-06-30 22:36:36 - [MESSAGE][PASSED] - Text '7.50' is present on page  using regular expression

2022-06-30 22:36:36 - [TEST_STEP][PASSED] - verifyTextPresent("Total Amount", true): Text 'Total Amount' is present on page  using regular expression

2022-06-30 22:36:36 - [MESSAGE][PASSED] - Text 'Total Amount' is present on page  using regular expression

2022-06-30 22:36:36 - [TEST_STEP][PASSED] - verifyTextPresent("Transaction Type", true): Text 'Transaction Type' is present on page  using regular expression

2022-06-30 22:36:36 - [MESSAGE][PASSED] - Text 'Transaction Type' is present on page  using regular expression

2022-06-30 22:36:36 - [TEST_STEP][PASSED] - break: null

2022-06-30 22:36:36 - [TEST_STEP][PASSED] - closeBrowser(): Browser is closed

2022-06-30 22:36:37 - [MESSAGE][PASSED] - Browser is closed

2022-06-30 22:36:37 - [TEST_STEP][PASSED] - ExecuteTC = findTestData(dataFile).getValue("Execute", row): null

2022-06-30 22:36:37 - [TEST_STEP][PASSED] - out.println("Value of Execute is : " + ExecuteTC): null

2022-06-30 22:36:37 - [TEST_STEP][PASSED] - switch (executionProfile): null

2022-06-30 22:36:37 - [TEST_STEP][PASSED] - case "QAProfile":: null

2022-06-30 22:36:37 - [TEST_STEP][PASSED] - appName = findTestData(dataFile).getValue("AppNameQA", row): null

2022-06-30 22:36:38 - [TEST_STEP][PASSED] - appID = findTestData(dataFile).getValue("AppIDQA", row): null

2022-06-30 22:36:38 - [TEST_STEP][PASSED] - break: null

2022-06-30 22:36:38 - [TEST_STEP][PASSED] - if (ExecuteTC.equalsIgnoreCase("Y")): null

2022-06-30 22:36:38 - [TEST_STEP][PASSED] - closeBrowser(): Browser is closed

2022-06-30 22:36:38 - [MESSAGE][PASSED] - Browser is closed

2022-06-30 22:36:38 - [TEST_STEP][PASSED] - ExecuteTC = findTestData(dataFile).getValue("Execute", row): null

2022-06-30 22:36:38 - [TEST_STEP][PASSED] - out.println("Value of Execute is : " + ExecuteTC): null

2022-06-30 22:36:38 - [TEST_STEP][PASSED] - switch (executionProfile): null

2022-06-30 22:36:38 - [TEST_STEP][PASSED] - case "QAProfile":: null

2022-06-30 22:36:38 - [TEST_STEP][PASSED] - appName = findTestData(dataFile).getValue("AppNameQA", row): null

2022-06-30 22:36:38 - [TEST_STEP][PASSED] - appID = findTestData(dataFile).getValue("AppIDQA", row): null

2022-06-30 22:36:38 - [TEST_STEP][PASSED] - break: null

2022-06-30 22:36:38 - [TEST_STEP][PASSED] - if (ExecuteTC.equalsIgnoreCase("Y")): null

2022-06-30 22:36:38 - [TEST_STEP][PASSED] - closeBrowser(): Browser is closed

2022-06-30 22:36:38 - [MESSAGE][PASSED] - Browser is closed

2022-06-30 22:36:38 - [TEST_STEP][PASSED] - ExecuteTC = findTestData(dataFile).getValue("Execute", row): null

2022-06-30 22:36:38 - [TEST_STEP][PASSED] - out.println("Value of Execute is : " + ExecuteTC): null

2022-06-30 22:36:38 - [TEST_STEP][PASSED] - switch (executionProfile): null

2022-06-30 22:36:38 - [TEST_STEP][PASSED] - case "QAProfile":: null

2022-06-30 22:36:38 - [TEST_STEP][PASSED] - appName = findTestData(dataFile).getValue("AppNameQA", row): null

2022-06-30 22:36:38 - [TEST_STEP][PASSED] - appID = findTestData(dataFile).getValue("AppIDQA", row): null

2022-06-30 22:36:38 - [TEST_STEP][PASSED] - break: null

2022-06-30 22:36:38 - [TEST_STEP][PASSED] - if (ExecuteTC.equalsIgnoreCase("Y")): null

2022-06-30 22:36:38 - [TEST_STEP][PASSED] - closeBrowser(): Browser is closed

2022-06-30 22:36:38 - [MESSAGE][PASSED] - Browser is closed

2022-06-30 22:36:38 - [TEST_STEP][PASSED] - ExecuteTC = findTestData(dataFile).getValue("Execute", row): null

2022-06-30 22:36:38 - [TEST_STEP][PASSED] - out.println("Value of Execute is : " + ExecuteTC): null

2022-06-30 22:36:38 - [TEST_STEP][PASSED] - switch (executionProfile): null

2022-06-30 22:36:38 - [TEST_STEP][PASSED] - case "QAProfile":: null

2022-06-30 22:36:38 - [TEST_STEP][PASSED] - appName = findTestData(dataFile).getValue("AppNameQA", row): null

2022-06-30 22:36:38 - [TEST_STEP][PASSED] - appID = findTestData(dataFile).getValue("AppIDQA", row): null

2022-06-30 22:36:38 - [TEST_STEP][PASSED] - break: null

2022-06-30 22:36:38 - [TEST_STEP][PASSED] - if (ExecuteTC.equalsIgnoreCase("Y")): null

2022-06-30 22:36:38 - [TEST_STEP][PASSED] - closeBrowser(): Browser is closed

2022-06-30 22:36:38 - [MESSAGE][PASSED] - Browser is closed

2022-06-30 22:36:38 - [TEST_STEP][PASSED] - ExecuteTC = findTestData(dataFile).getValue("Execute", row): null

2022-06-30 22:36:38 - [TEST_STEP][PASSED] - out.println("Value of Execute is : " + ExecuteTC): null

2022-06-30 22:36:38 - [TEST_STEP][PASSED] - switch (executionProfile): null

2022-06-30 22:36:38 - [TEST_STEP][PASSED] - case "QAProfile":: null

2022-06-30 22:36:38 - [TEST_STEP][PASSED] - appName = findTestData(dataFile).getValue("AppNameQA", row): null

2022-06-30 22:36:38 - [TEST_STEP][PASSED] - appID = findTestData(dataFile).getValue("AppIDQA", row): null

2022-06-30 22:36:38 - [TEST_STEP][PASSED] - break: null

2022-06-30 22:36:38 - [TEST_STEP][PASSED] - if (ExecuteTC.equalsIgnoreCase("Y")): null

2022-06-30 22:36:38 - [TEST_STEP][PASSED] - closeBrowser(): Browser is closed

2022-06-30 22:36:38 - [MESSAGE][PASSED] - Browser is closed

2022-06-30 22:36:38 - [TEST_STEP][PASSED] - ExecuteTC = findTestData(dataFile).getValue("Execute", row): null

2022-06-30 22:36:38 - [TEST_STEP][PASSED] - out.println("Value of Execute is : " + ExecuteTC): null

2022-06-30 22:36:38 - [TEST_STEP][PASSED] - switch (executionProfile): null

2022-06-30 22:36:38 - [TEST_STEP][PASSED] - case "QAProfile":: null

2022-06-30 22:36:38 - [TEST_STEP][PASSED] - appName = findTestData(dataFile).getValue("AppNameQA", row): null

2022-06-30 22:36:38 - [TEST_STEP][PASSED] - appID = findTestData(dataFile).getValue("AppIDQA", row): null

2022-06-30 22:36:38 - [TEST_STEP][PASSED] - break: null

2022-06-30 22:36:38 - [TEST_STEP][PASSED] - if (ExecuteTC.equalsIgnoreCase("Y")): null

2022-06-30 22:36:38 - [TEST_STEP][PASSED] - closeBrowser(): Browser is closed

2022-06-30 22:36:38 - [MESSAGE][PASSED] - Browser is closed

2022-06-30 22:36:38 - [TEST_STEP][PASSED] - ExecuteTC = findTestData(dataFile).getValue("Execute", row): null

2022-06-30 22:36:38 - [TEST_STEP][PASSED] - out.println("Value of Execute is : " + ExecuteTC): null

2022-06-30 22:36:38 - [TEST_STEP][PASSED] - switch (executionProfile): null

2022-06-30 22:36:38 - [TEST_STEP][PASSED] - case "QAProfile":: null

2022-06-30 22:36:38 - [TEST_STEP][PASSED] - appName = findTestData(dataFile).getValue("AppNameQA", row): null

2022-06-30 22:36:38 - [TEST_STEP][PASSED] - appID = findTestData(dataFile).getValue("AppIDQA", row): null

2022-06-30 22:36:38 - [TEST_STEP][PASSED] - break: null

2022-06-30 22:36:38 - [TEST_STEP][PASSED] - if (ExecuteTC.equalsIgnoreCase("Y")): null

2022-06-30 22:36:38 - [TEST_STEP][PASSED] - closeBrowser(): Browser is closed

2022-06-30 22:36:38 - [MESSAGE][PASSED] - Browser is closed

2022-06-30 22:36:38 - [TEST_STEP][PASSED] - ExecuteTC = findTestData(dataFile).getValue("Execute", row): null

2022-06-30 22:36:38 - [TEST_STEP][PASSED] - out.println("Value of Execute is : " + ExecuteTC): null

2022-06-30 22:36:38 - [TEST_STEP][PASSED] - switch (executionProfile): null

2022-06-30 22:36:38 - [TEST_STEP][PASSED] - case "QAProfile":: null

2022-06-30 22:36:38 - [TEST_STEP][PASSED] - appName = findTestData(dataFile).getValue("AppNameQA", row): null

2022-06-30 22:36:39 - [TEST_STEP][PASSED] - appID = findTestData(dataFile).getValue("AppIDQA", row): null

2022-06-30 22:36:39 - [TEST_STEP][PASSED] - break: null

2022-06-30 22:36:39 - [TEST_STEP][PASSED] - if (ExecuteTC.equalsIgnoreCase("Y")): null

2022-06-30 22:36:39 - [TEST_STEP][PASSED] - out.println("Begin Record Number: " + row): null

2022-06-30 22:36:39 - [TEST_STEP][PASSED] - today = new java.util.Date(): null

2022-06-30 22:36:39 - [TEST_STEP][PASSED] - println(today): null

2022-06-30 22:36:39 - [TEST_STEP][PASSED] - datText = today: null

2022-06-30 22:36:39 - [TEST_STEP][PASSED] - adminSuiteBootstrap.loginFunctionality.login_AdminSuite(): adminSuiteBootstrap.loginFunctionality.login_AdminSuite is PASSED

2022-06-30 22:36:39 - [MESSAGE][INFO] - Starting 'Chrome' driver

2022-06-30 22:36:39 - [MESSAGE][INFO] - User set preference: ['acceptInsecureCerts', 'true']

2022-06-30 22:36:39 - [MESSAGE][INFO] - Action delay is set to 0 milliseconds

2022-06-30 22:36:42 - [MESSAGE][PASSED] - Browser is opened with url: 'https://qa.velocitypayment.com/admin/imtiaz'

2022-06-30 22:36:42 - [MESSAGE][PASSED] - Current window maximized

2022-06-30 22:36:42 - [MESSAGE][PASSED] - Object 'Object Repository/Login_Page/Login_Username' is present

2022-06-30 22:36:43 - [MESSAGE][PASSED] - Text 'iahmed' is set on object 'Object Repository/Login_Page/Login_Username'

2022-06-30 22:36:43 - [MESSAGE][PASSED] - Text 'hello2222' is set on object 'Object Repository/Login_Page/Login_Password'

2022-06-30 22:36:49 - [MESSAGE][PASSED] - Object: 'Object Repository/Login_Page/Login_Submit' is clicked on

2022-06-30 22:36:49 - [MESSAGE][PASSED] - adminSuiteBootstrap.loginFunctionality.login_AdminSuite is PASSED

2022-06-30 22:36:49 - [TEST_STEP][PASSED] - click(findTestObject(path_Dashboard + appName)): Object: 'Object Repository/AdminSuiteBootstrap_Pages/Dashboard_Bootstrap/a_Access AutoDualCFtpQA' is clicked on

2022-06-30 22:36:50 - [MESSAGE][PASSED] - Object: 'Object Repository/AdminSuiteBootstrap_Pages/Dashboard_Bootstrap/a_Access AutoDualCFtpQA' is clicked on

2022-06-30 22:36:50 - [TEST_STEP][PASSED] - click(findTestObject(path_VT + "a_Find Profile")): Object: 'Object Repository/AdminSuiteBootstrap_Pages/VT_Bootstrap/IssueTransactions/a_Find Profile' is clicked on

2022-06-30 22:36:51 - [MESSAGE][PASSED] - Object: 'Object Repository/AdminSuiteBootstrap_Pages/VT_Bootstrap/IssueTransactions/a_Find Profile' is clicked on

2022-06-30 22:36:51 - [TEST_STEP][PASSED] - criteria = <not implemented yet for class: org.codehaus.groovy.ast.expr.EmptyExpression>: null

2022-06-30 22:36:51 - [TEST_STEP][PASSED] - searchBy = <not implemented yet for class: org.codehaus.groovy.ast.expr.EmptyExpression>: null

2022-06-30 22:36:51 - [TEST_STEP][PASSED] - criteria = findTestData(dataFile).getValue("ProfileName", row): null

2022-06-30 22:36:51 - [TEST_STEP][PASSED] - path_SearchProfile = "Object Repository/AdminSuiteBootstrap_Pages/VSP_Bootstrap/SearchProfile/": null

2022-06-30 22:36:51 - [TEST_STEP][PASSED] - setText(findTestObject(path_SearchProfile + "input_Criteria"), criteria): Text 'PaymentsVisa' is set on object 'Object Repository/AdminSuiteBootstrap_Pages/VSP_Bootstrap/SearchProfile/input_Criteria'

2022-06-30 22:36:52 - [MESSAGE][PASSED] - Text 'PaymentsVisa' is set on object 'Object Repository/AdminSuiteBootstrap_Pages/VSP_Bootstrap/SearchProfile/input_Criteria'

2022-06-30 22:36:52 - [TEST_STEP][PASSED] - click(findTestObject(path_SearchProfile + "button_Search")): Object: 'Object Repository/AdminSuiteBootstrap_Pages/VSP_Bootstrap/SearchProfile/button_Search' is clicked on

2022-06-30 22:36:53 - [MESSAGE][PASSED] - Object: 'Object Repository/AdminSuiteBootstrap_Pages/VSP_Bootstrap/SearchProfile/button_Search' is clicked on

2022-06-30 22:36:53 - [TEST_STEP][PASSED] - profNameLink = findTestData(dataFile).getValue("ProfileNameLink", row): null

2022-06-30 22:36:53 - [TEST_STEP][PASSED] - click(findTestObject(path_ViewProfile + profNameLink)): Object: 'Object Repository/AdminSuiteBootstrap_Pages/VSP_Bootstrap/View Profile/a_PaymentsVisa' is clicked on

2022-06-30 22:36:55 - [MESSAGE][PASSED] - Object: 'Object Repository/AdminSuiteBootstrap_Pages/VSP_Bootstrap/View Profile/a_PaymentsVisa' is clicked on

2022-06-30 22:36:55 - [TEST_STEP][PASSED] - click(findTestObject(path_ViewProfile + "a_Auth")): Object: 'Object Repository/AdminSuiteBootstrap_Pages/VSP_Bootstrap/View Profile/a_Auth' is clicked on

2022-06-30 22:36:58 - [MESSAGE][PASSED] - Object: 'Object Repository/AdminSuiteBootstrap_Pages/VSP_Bootstrap/View Profile/a_Auth' is clicked on

2022-06-30 22:36:58 - [TEST_STEP][PASSED] - verifyTextPresent("Credit Card Authorization", true): Text 'Credit Card Authorization' is present on page  using regular expression

2022-06-30 22:36:59 - [MESSAGE][PASSED] - Text 'Credit Card Authorization' is present on page  using regular expression

2022-06-30 22:36:59 - [TEST_STEP][PASSED] - verifyTextPresent("Required fields are highlighted with an asterisk", true): Text 'Required fields are highlighted with an asterisk' is present on page  using regular expression

2022-06-30 22:36:59 - [MESSAGE][PASSED] - Text 'Required fields are highlighted with an asterisk' is present on page  using regular expression

2022-06-30 22:36:59 - [TEST_STEP][PASSED] - verifyTextPresent("Remittance ID", true): Text 'Remittance ID' is present on page  using regular expression

2022-06-30 22:36:59 - [MESSAGE][PASSED] - Text 'Remittance ID' is present on page  using regular expression

2022-06-30 22:36:59 - [TEST_STEP][PASSED] - vspBootstrap.SalePage.setDataSaleAndAuth(row, dataFile): vspBootstrap.SalePage.setDataSaleAndAuth is PASSED

2022-06-30 22:37:01 - [MESSAGE][PASSED] - All options with value 'MOTO' are selected in object 'Object Repository/AdminSuiteBootstrap_Pages/VSP_Bootstrap/VSP_Authcap/select_TransactionCategory'  using regular expression

2022-06-30 22:37:01 - [MESSAGE][PASSED] - Text '123' is set on object 'Object Repository/AdminSuiteBootstrap_Pages/VSP_Bootstrap/VSP_Authcap/input_cvv'

2022-06-30 22:37:02 - [MESSAGE][PASSED] - Text '' is set on object 'Object Repository/AdminSuiteBootstrap_Pages/VSP_Bootstrap/VSP_Authcap/input_smsNumber'

2022-06-30 22:37:03 - [MESSAGE][PASSED] - Text '2.50' is set on object 'Object Repository/AdminSuiteBootstrap_Pages/VSP_Bootstrap/VSP_Authcap/input_amount'

2022-06-30 22:37:04 - [MESSAGE][PASSED] - Text 'Delhi' is set on object 'Object Repository/AdminSuiteBootstrap_Pages/VSP_Bootstrap/VSP_Authcap/input_userDefined1'

2022-06-30 22:37:05 - [MESSAGE][PASSED] - Text 'Chennai' is set on object 'Object Repository/AdminSuiteBootstrap_Pages/VSP_Bootstrap/VSP_Authcap/input_userDefined2'

2022-06-30 22:37:06 - [MESSAGE][PASSED] - Text 'Mumbai' is set on object 'Object Repository/AdminSuiteBootstrap_Pages/VSP_Bootstrap/VSP_Authcap/input_userDefined3'

2022-06-30 22:37:06 - [MESSAGE][PASSED] - Text 'Kanpur' is set on object 'Object Repository/AdminSuiteBootstrap_Pages/VSP_Bootstrap/VSP_Authcap/input_userDefined4'

2022-06-30 22:37:07 - [MESSAGE][PASSED] - All options with label 'Orange' are selected in object 'Object Repository/AdminSuiteBootstrap_Pages/VSP_Bootstrap/VSP_Authcap/select_UDF5'  using regular expression

2022-06-30 22:37:08 - [MESSAGE][PASSED] - All options with label 'Yellow' are selected in object 'Object Repository/AdminSuiteBootstrap_Pages/VSP_Bootstrap/VSP_Authcap/select_UDF6'  using regular expression

2022-06-30 22:37:09 - [MESSAGE][PASSED] - Text 'Kolkata' is set on object 'Object Repository/AdminSuiteBootstrap_Pages/VSP_Bootstrap/VSP_Authcap/input_userDefined7'

2022-06-30 22:37:10 - [MESSAGE][PASSED] - Text 'Pune' is set on object 'Object Repository/AdminSuiteBootstrap_Pages/VSP_Bootstrap/VSP_Authcap/input_userDefined8'

2022-06-30 22:37:10 - [MESSAGE][PASSED] - Text 'Bhavnagar' is set on object 'Object Repository/AdminSuiteBootstrap_Pages/VSP_Bootstrap/VSP_Authcap/input_userDefined9'

2022-06-30 22:37:11 - [MESSAGE][PASSED] - Text 'Noida' is set on object 'Object Repository/AdminSuiteBootstrap_Pages/VSP_Bootstrap/VSP_Authcap/input_userDefined10'

2022-06-30 22:37:13 - [MESSAGE][PASSED] - Object: 'Object Repository/AdminSuiteBootstrap_Pages/VSP_Bootstrap/VSP_Authcap/button_Submit' is clicked on

2022-06-30 22:37:13 - [MESSAGE][PASSED] - vspBootstrap.SalePage.setDataSaleAndAuth is PASSED

2022-06-30 22:37:13 - [TEST_STEP][PASSED] - verifyTextPresent("Transaction Successful", true): Text 'Transaction Successful' is present on page  using regular expression

2022-06-30 22:37:14 - [MESSAGE][PASSED] - Text 'Transaction Successful' is present on page  using regular expression

2022-06-30 22:37:14 - [TEST_STEP][PASSED] - verifyElementVisible(findTestObject("Object Repository/AdminSuiteBootstrap_Pages/VT_Bootstrap/Receipt/button_Continue")): Object 'Object Repository/AdminSuiteBootstrap_Pages/VT_Bootstrap/Receipt/button_Continue' is visible

2022-06-30 22:37:14 - [MESSAGE][PASSED] - Object 'Object Repository/AdminSuiteBootstrap_Pages/VT_Bootstrap/Receipt/button_Continue' is visible

2022-06-30 22:37:14 - [TEST_STEP][PASSED] - verifyElementPresent(findTestObject("Object Repository/AdminSuiteBootstrap_Pages/VT_Bootstrap/Receipt/button_Continue"), 20): Object 'Object Repository/AdminSuiteBootstrap_Pages/VT_Bootstrap/Receipt/button_Continue' is present

2022-06-30 22:37:15 - [MESSAGE][PASSED] - Object 'Object Repository/AdminSuiteBootstrap_Pages/VT_Bootstrap/Receipt/button_Continue' is present

2022-06-30 22:37:15 - [TEST_STEP][PASSED] - verifyElementVisible(findTestObject("Object Repository/AdminSuiteBootstrap_Pages/VT_Bootstrap/Receipt/button_Print")): Object 'Object Repository/AdminSuiteBootstrap_Pages/VT_Bootstrap/Receipt/button_Print' is visible

2022-06-30 22:37:15 - [MESSAGE][PASSED] - Object 'Object Repository/AdminSuiteBootstrap_Pages/VT_Bootstrap/Receipt/button_Print' is visible

2022-06-30 22:37:15 - [TEST_STEP][PASSED] - verifyElementPresent(findTestObject("Object Repository/AdminSuiteBootstrap_Pages/VT_Bootstrap/Receipt/button_Print"), 20): Object 'Object Repository/AdminSuiteBootstrap_Pages/VT_Bootstrap/Receipt/button_Print' is present

2022-06-30 22:37:15 - [MESSAGE][PASSED] - Object 'Object Repository/AdminSuiteBootstrap_Pages/VT_Bootstrap/Receipt/button_Print' is present

2022-06-30 22:37:15 - [TEST_STEP][PASSED] - verifyTextPresent("Remittance ID", true): Text 'Remittance ID' is present on page  using regular expression

2022-06-30 22:37:15 - [MESSAGE][PASSED] - Text 'Remittance ID' is present on page  using regular expression

2022-06-30 22:37:15 - [TEST_STEP][PASSED] - verifyTextPresent("Received", true): Text 'Received' is present on page  using regular expression

2022-06-30 22:37:16 - [MESSAGE][PASSED] - Text 'Received' is present on page  using regular expression

2022-06-30 22:37:16 - [TEST_STEP][PASSED] - verifyTextPresent("UDF1", true): Text 'UDF1' is present on page  using regular expression

2022-06-30 22:37:16 - [MESSAGE][PASSED] - Text 'UDF1' is present on page  using regular expression

2022-06-30 22:37:16 - [TEST_STEP][PASSED] - verifyTextPresent("UDF2", true): Text 'UDF2' is present on page  using regular expression

2022-06-30 22:37:16 - [MESSAGE][PASSED] - Text 'UDF2' is present on page  using regular expression

2022-06-30 22:37:16 - [TEST_STEP][PASSED] - verifyTextPresent("UDF3", true): Text 'UDF3' is present on page  using regular expression

2022-06-30 22:37:17 - [MESSAGE][PASSED] - Text 'UDF3' is present on page  using regular expression

2022-06-30 22:37:17 - [TEST_STEP][PASSED] - verifyTextPresent("UDF4", true): Text 'UDF4' is present on page  using regular expression

2022-06-30 22:37:17 - [MESSAGE][PASSED] - Text 'UDF4' is present on page  using regular expression

2022-06-30 22:37:17 - [TEST_STEP][PASSED] - verifyTextPresent("UDF5", true): Text 'UDF5' is present on page  using regular expression

2022-06-30 22:37:18 - [MESSAGE][PASSED] - Text 'UDF5' is present on page  using regular expression

2022-06-30 22:37:18 - [TEST_STEP][PASSED] - verifyTextPresent("UDF6", true): Text 'UDF6' is present on page  using regular expression

2022-06-30 22:37:18 - [MESSAGE][PASSED] - Text 'UDF6' is present on page  using regular expression

2022-06-30 22:37:18 - [TEST_STEP][PASSED] - verifyTextPresent("UDF7", true): Text 'UDF7' is present on page  using regular expression

2022-06-30 22:37:18 - [MESSAGE][PASSED] - Text 'UDF7' is present on page  using regular expression

2022-06-30 22:37:18 - [TEST_STEP][PASSED] - verifyTextPresent("UDF8", true): Text 'UDF8' is present on page  using regular expression

2022-06-30 22:37:18 - [MESSAGE][PASSED] - Text 'UDF8' is present on page  using regular expression

2022-06-30 22:37:18 - [TEST_STEP][PASSED] - verifyTextPresent("UDF9", true): Text 'UDF9' is present on page  using regular expression

2022-06-30 22:37:19 - [MESSAGE][PASSED] - Text 'UDF9' is present on page  using regular expression

2022-06-30 22:37:19 - [TEST_STEP][PASSED] - verifyTextPresent("UDF 10", true): Text 'UDF 10' is present on page  using regular expression

2022-06-30 22:37:19 - [MESSAGE][PASSED] - Text 'UDF 10' is present on page  using regular expression

2022-06-30 22:37:19 - [TEST_STEP][PASSED] - verifyTextPresent("Delhi", true): Text 'Delhi' is present on page  using regular expression

2022-06-30 22:37:19 - [MESSAGE][PASSED] - Text 'Delhi' is present on page  using regular expression

2022-06-30 22:37:19 - [TEST_STEP][PASSED] - verifyTextPresent("Chennai", true): Text 'Chennai' is present on page  using regular expression

2022-06-30 22:37:20 - [MESSAGE][PASSED] - Text 'Chennai' is present on page  using regular expression

2022-06-30 22:37:20 - [TEST_STEP][PASSED] - verifyTextPresent("Mumbai", true): Text 'Mumbai' is present on page  using regular expression

2022-06-30 22:37:20 - [MESSAGE][PASSED] - Text 'Mumbai' is present on page  using regular expression

2022-06-30 22:37:20 - [TEST_STEP][PASSED] - verifyTextPresent("Kanpur", true): Text 'Kanpur' is present on page  using regular expression

2022-06-30 22:37:20 - [MESSAGE][PASSED] - Text 'Kanpur' is present on page  using regular expression

2022-06-30 22:37:20 - [TEST_STEP][PASSED] - verifyTextPresent("Orange Recorded", true): Text 'Orange Recorded' is present on page  using regular expression

2022-06-30 22:37:21 - [MESSAGE][PASSED] - Text 'Orange Recorded' is present on page  using regular expression

2022-06-30 22:37:21 - [TEST_STEP][PASSED] - verifyTextPresent("Yellow Recorded", true): Text 'Yellow Recorded' is present on page  using regular expression

2022-06-30 22:37:21 - [MESSAGE][PASSED] - Text 'Yellow Recorded' is present on page  using regular expression

2022-06-30 22:37:21 - [TEST_STEP][PASSED] - verifyTextPresent("Kolkata", true): Text 'Kolkata' is present on page  using regular expression

2022-06-30 22:37:21 - [MESSAGE][PASSED] - Text 'Kolkata' is present on page  using regular expression

2022-06-30 22:37:21 - [TEST_STEP][PASSED] - verifyTextPresent("Pune", true): Text 'Pune' is present on page  using regular expression

2022-06-30 22:37:22 - [MESSAGE][PASSED] - Text 'Pune' is present on page  using regular expression

2022-06-30 22:37:22 - [TEST_STEP][PASSED] - verifyTextPresent("Bhavnagar", true): Text 'Bhavnagar' is present on page  using regular expression

2022-06-30 22:37:22 - [MESSAGE][PASSED] - Text 'Bhavnagar' is present on page  using regular expression

2022-06-30 22:37:22 - [TEST_STEP][PASSED] - verifyTextPresent("Noida", true): Text 'Noida' is present on page  using regular expression

2022-06-30 22:37:22 - [MESSAGE][PASSED] - Text 'Noida' is present on page  using regular expression

2022-06-30 22:37:22 - [TEST_STEP][PASSED] - verifyTextPresent("Amount", true): Text 'Amount' is present on page  using regular expression

2022-06-30 22:37:23 - [MESSAGE][PASSED] - Text 'Amount' is present on page  using regular expression

2022-06-30 22:37:23 - [TEST_STEP][PASSED] - verifyTextPresent("2.50", true): Text '2.50' is present on page  using regular expression

2022-06-30 22:37:23 - [MESSAGE][PASSED] - Text '2.50' is present on page  using regular expression

2022-06-30 22:37:23 - [TEST_STEP][PASSED] - verifyTextPresent("Authorization", true): Text 'Authorization' is present on page  using regular expression

2022-06-30 22:37:23 - [MESSAGE][PASSED] - Text 'Authorization' is present on page  using regular expression

2022-06-30 22:37:23 - [TEST_STEP][PASSED] - verifyTextPresent("Card Information", true): Text 'Card Information' is present on page  using regular expression

2022-06-30 22:37:23 - [MESSAGE][PASSED] - Text 'Card Information' is present on page  using regular expression

2022-06-30 22:37:23 - [TEST_STEP][PASSED] - verifyTextPresent("TANDON RAVENA", true): Text 'TANDON RAVENA' is present on page  using regular expression

2022-06-30 22:37:24 - [MESSAGE][PASSED] - Text 'TANDON RAVENA' is present on page  using regular expression

2022-06-30 22:37:24 - [TEST_STEP][PASSED] - verifyTextPresent("Address Line 1", true): Text 'Address Line 1' is present on page  using regular expression

2022-06-30 22:37:24 - [MESSAGE][PASSED] - Text 'Address Line 1' is present on page  using regular expression

2022-06-30 22:37:24 - [TEST_STEP][PASSED] - verifyTextPresent("Address Line 2", true): Text 'Address Line 2' is present on page  using regular expression

2022-06-30 22:37:24 - [MESSAGE][PASSED] - Text 'Address Line 2' is present on page  using regular expression

2022-06-30 22:37:24 - [TEST_STEP][PASSED] - verifyTextPresent("Country", true): Text 'Country' is present on page  using regular expression

2022-06-30 22:37:25 - [MESSAGE][PASSED] - Text 'Country' is present on page  using regular expression

2022-06-30 22:37:25 - [TEST_STEP][PASSED] - verifyTextPresent("City", true): Text 'City' is present on page  using regular expression

2022-06-30 22:37:25 - [MESSAGE][PASSED] - Text 'City' is present on page  using regular expression

2022-06-30 22:37:25 - [TEST_STEP][PASSED] - verifyTextPresent("State", true): Text 'State' is present on page  using regular expression

2022-06-30 22:37:25 - [MESSAGE][PASSED] - Text 'State' is present on page  using regular expression

2022-06-30 22:37:25 - [TEST_STEP][PASSED] - verifyTextPresent("ZIP Code", true): Text 'ZIP Code' is present on page  using regular expression

2022-06-30 22:37:26 - [MESSAGE][PASSED] - Text 'ZIP Code' is present on page  using regular expression

2022-06-30 22:37:26 - [TEST_STEP][PASSED] - verifyTextPresent("248 PhoolKaante road", true): Text '248 PhoolKaante road' is present on page  using regular expression

2022-06-30 22:37:26 - [MESSAGE][PASSED] - Text '248 PhoolKaante road' is present on page  using regular expression

2022-06-30 22:37:26 - [TEST_STEP][PASSED] - verifyTextPresent("Suite 678", true): Text 'Suite 678' is present on page  using regular expression

2022-06-30 22:37:26 - [MESSAGE][PASSED] - Text 'Suite 678' is present on page  using regular expression

2022-06-30 22:37:26 - [TEST_STEP][PASSED] - verifyTextPresent("United States", true): Text 'United States' is present on page  using regular expression

2022-06-30 22:37:27 - [MESSAGE][PASSED] - Text 'United States' is present on page  using regular expression

2022-06-30 22:37:27 - [TEST_STEP][PASSED] - verifyTextPresent("ARLINGTON", true): Text 'ARLINGTON' is present on page  using regular expression

2022-06-30 22:37:27 - [MESSAGE][PASSED] - Text 'ARLINGTON' is present on page  using regular expression

2022-06-30 22:37:27 - [TEST_STEP][PASSED] - verifyTextPresent("VA", true): Text 'VA' is present on page  using regular expression

2022-06-30 22:37:27 - [MESSAGE][PASSED] - Text 'VA' is present on page  using regular expression

2022-06-30 22:37:27 - [TEST_STEP][PASSED] - verifyTextPresent("22201", true): Text '22201' is present on page  using regular expression

2022-06-30 22:37:28 - [MESSAGE][PASSED] - Text '22201' is present on page  using regular expression

2022-06-30 22:37:28 - [TEST_STEP][PASSED] - cardTypeV = findTestData(dataFile).getValue("CardType", row): null

2022-06-30 22:37:28 - [TEST_STEP][PASSED] - last4V = findTestData(dataFile).getValue("Last4", row): null

2022-06-30 22:37:28 - [TEST_STEP][PASSED] - verifyTextPresent(cardTypeV, true): Text 'Visa' is present on page  using regular expression

2022-06-30 22:37:28 - [MESSAGE][PASSED] - Text 'Visa' is present on page  using regular expression

2022-06-30 22:37:28 - [TEST_STEP][PASSED] - verifyTextPresent(last4V, true): Text '5439' is present on page  using regular expression

2022-06-30 22:37:29 - [MESSAGE][PASSED] - Text '5439' is present on page  using regular expression

2022-06-30 22:37:29 - [TEST_STEP][PASSED] - switch (appName): null

2022-06-30 22:37:29 - [TEST_STEP][PASSED] - case "a_Access AutoDualCFtpQA":: null

2022-06-30 22:37:29 - [TEST_STEP][PASSED] - verifyTextPresent("5.00", true): Text '5.00' is present on page  using regular expression

2022-06-30 22:37:29 - [MESSAGE][PASSED] - Text '5.00' is present on page  using regular expression

2022-06-30 22:37:29 - [TEST_STEP][PASSED] - verifyTextPresent("Dual Transaction", true): Text 'Dual Transaction' is present on page  using regular expression

2022-06-30 22:37:29 - [MESSAGE][PASSED] - Text 'Dual Transaction' is present on page  using regular expression

2022-06-30 22:37:29 - [TEST_STEP][PASSED] - verifyTextPresent("7.50", true): Text '7.50' is present on page  using regular expression

2022-06-30 22:37:29 - [MESSAGE][PASSED] - Text '7.50' is present on page  using regular expression

2022-06-30 22:37:29 - [TEST_STEP][PASSED] - verifyTextPresent("Total Amount", true): Text 'Total Amount' is present on page  using regular expression

2022-06-30 22:37:30 - [MESSAGE][PASSED] - Text 'Total Amount' is present on page  using regular expression

2022-06-30 22:37:30 - [TEST_STEP][PASSED] - verifyTextPresent("Transaction Type", true): Text 'Transaction Type' is present on page  using regular expression

2022-06-30 22:37:30 - [MESSAGE][PASSED] - Text 'Transaction Type' is present on page  using regular expression

2022-06-30 22:37:30 - [TEST_STEP][PASSED] - break: null

2022-06-30 22:37:30 - [TEST_STEP][PASSED] - closeBrowser(): Browser is closed

2022-06-30 22:37:31 - [MESSAGE][PASSED] - Browser is closed

2022-06-30 22:37:31 - [TEST_STEP][PASSED] - ExecuteTC = findTestData(dataFile).getValue("Execute", row): null

2022-06-30 22:37:31 - [TEST_STEP][PASSED] - out.println("Value of Execute is : " + ExecuteTC): null

2022-06-30 22:37:31 - [TEST_STEP][PASSED] - switch (executionProfile): null

2022-06-30 22:37:31 - [TEST_STEP][PASSED] - case "QAProfile":: null

2022-06-30 22:37:31 - [TEST_STEP][PASSED] - appName = findTestData(dataFile).getValue("AppNameQA", row): null

2022-06-30 22:37:31 - [TEST_STEP][PASSED] - appID = findTestData(dataFile).getValue("AppIDQA", row): null

2022-06-30 22:37:31 - [TEST_STEP][PASSED] - break: null

2022-06-30 22:37:31 - [TEST_STEP][PASSED] - if (ExecuteTC.equalsIgnoreCase("Y")): null

2022-06-30 22:37:31 - [TEST_STEP][PASSED] - closeBrowser(): Browser is closed

2022-06-30 22:37:31 - [MESSAGE][PASSED] - Browser is closed

2022-06-30 22:37:31 - [TEST_STEP][PASSED] - ExecuteTC = findTestData(dataFile).getValue("Execute", row): null

2022-06-30 22:37:31 - [TEST_STEP][PASSED] - out.println("Value of Execute is : " + ExecuteTC): null

2022-06-30 22:37:31 - [TEST_STEP][PASSED] - switch (executionProfile): null

2022-06-30 22:37:31 - [TEST_STEP][PASSED] - case "QAProfile":: null

2022-06-30 22:37:31 - [TEST_STEP][PASSED] - appName = findTestData(dataFile).getValue("AppNameQA", row): null

2022-06-30 22:37:31 - [TEST_STEP][PASSED] - appID = findTestData(dataFile).getValue("AppIDQA", row): null

2022-06-30 22:37:31 - [TEST_STEP][PASSED] - break: null

2022-06-30 22:37:31 - [TEST_STEP][PASSED] - if (ExecuteTC.equalsIgnoreCase("Y")): null

2022-06-30 22:37:31 - [TEST_STEP][PASSED] - closeBrowser(): Browser is closed

2022-06-30 22:37:31 - [MESSAGE][PASSED] - Browser is closed

2022-06-30 22:37:31 - [TEST_STEP][PASSED] - ExecuteTC = findTestData(dataFile).getValue("Execute", row): null

2022-06-30 22:37:31 - [TEST_STEP][PASSED] - out.println("Value of Execute is : " + ExecuteTC): null

2022-06-30 22:37:31 - [TEST_STEP][PASSED] - switch (executionProfile): null

2022-06-30 22:37:31 - [TEST_STEP][PASSED] - case "QAProfile":: null

2022-06-30 22:37:31 - [TEST_STEP][PASSED] - appName = findTestData(dataFile).getValue("AppNameQA", row): null

2022-06-30 22:37:31 - [TEST_STEP][PASSED] - appID = findTestData(dataFile).getValue("AppIDQA", row): null

2022-06-30 22:37:31 - [TEST_STEP][PASSED] - break: null

2022-06-30 22:37:31 - [TEST_STEP][PASSED] - if (ExecuteTC.equalsIgnoreCase("Y")): null

2022-06-30 22:37:31 - [TEST_STEP][PASSED] - closeBrowser(): Browser is closed

2022-06-30 22:37:31 - [MESSAGE][PASSED] - Browser is closed

2022-06-30 22:37:31 - [TEST_STEP][PASSED] - ExecuteTC = findTestData(dataFile).getValue("Execute", row): null

2022-06-30 22:37:31 - [TEST_STEP][PASSED] - out.println("Value of Execute is : " + ExecuteTC): null

2022-06-30 22:37:31 - [TEST_STEP][PASSED] - switch (executionProfile): null

2022-06-30 22:37:31 - [TEST_STEP][PASSED] - case "QAProfile":: null

2022-06-30 22:37:31 - [TEST_STEP][PASSED] - appName = findTestData(dataFile).getValue("AppNameQA", row): null

2022-06-30 22:37:32 - [TEST_STEP][PASSED] - appID = findTestData(dataFile).getValue("AppIDQA", row): null

2022-06-30 22:37:32 - [TEST_STEP][PASSED] - break: null

2022-06-30 22:37:32 - [TEST_STEP][PASSED] - if (ExecuteTC.equalsIgnoreCase("Y")): null

2022-06-30 22:37:32 - [TEST_STEP][PASSED] - closeBrowser(): Browser is closed

2022-06-30 22:37:32 - [MESSAGE][PASSED] - Browser is closed

2022-06-30 22:37:32 - [TEST_STEP][PASSED] - ExecuteTC = findTestData(dataFile).getValue("Execute", row): null

2022-06-30 22:37:32 - [TEST_STEP][PASSED] - out.println("Value of Execute is : " + ExecuteTC): null

2022-06-30 22:37:32 - [TEST_STEP][PASSED] - switch (executionProfile): null

2022-06-30 22:37:32 - [TEST_STEP][PASSED] - case "QAProfile":: null

2022-06-30 22:37:32 - [TEST_STEP][PASSED] - appName = findTestData(dataFile).getValue("AppNameQA", row): null

2022-06-30 22:37:32 - [TEST_STEP][PASSED] - appID = findTestData(dataFile).getValue("AppIDQA", row): null

2022-06-30 22:37:32 - [TEST_STEP][PASSED] - break: null

2022-06-30 22:37:32 - [TEST_STEP][PASSED] - if (ExecuteTC.equalsIgnoreCase("Y")): null

2022-06-30 22:37:32 - [TEST_STEP][PASSED] - closeBrowser(): Browser is closed

2022-06-30 22:37:32 - [MESSAGE][PASSED] - Browser is closed

2022-06-30 22:37:32 - [TEST_STEP][PASSED] - ExecuteTC = findTestData(dataFile).getValue("Execute", row): null

2022-06-30 22:37:32 - [TEST_STEP][PASSED] - out.println("Value of Execute is : " + ExecuteTC): null

2022-06-30 22:37:32 - [TEST_STEP][PASSED] - switch (executionProfile): null

2022-06-30 22:37:32 - [TEST_STEP][PASSED] - case "QAProfile":: null

2022-06-30 22:37:32 - [TEST_STEP][PASSED] - appName = findTestData(dataFile).getValue("AppNameQA", row): null

2022-06-30 22:37:32 - [TEST_STEP][PASSED] - appID = findTestData(dataFile).getValue("AppIDQA", row): null

2022-06-30 22:37:32 - [TEST_STEP][PASSED] - break: null

2022-06-30 22:37:32 - [TEST_STEP][PASSED] - if (ExecuteTC.equalsIgnoreCase("Y")): null

2022-06-30 22:37:32 - [TEST_STEP][PASSED] - closeBrowser(): Browser is closed

2022-06-30 22:37:32 - [MESSAGE][PASSED] - Browser is closed

2022-06-30 22:37:32 - [TEST_STEP][PASSED] - ExecuteTC = findTestData(dataFile).getValue("Execute", row): null

2022-06-30 22:37:32 - [TEST_STEP][PASSED] - out.println("Value of Execute is : " + ExecuteTC): null

2022-06-30 22:37:32 - [TEST_STEP][PASSED] - switch (executionProfile): null

2022-06-30 22:37:32 - [TEST_STEP][PASSED] - case "QAProfile":: null

2022-06-30 22:37:32 - [TEST_STEP][PASSED] - appName = findTestData(dataFile).getValue("AppNameQA", row): null

2022-06-30 22:37:32 - [TEST_STEP][PASSED] - appID = findTestData(dataFile).getValue("AppIDQA", row): null

2022-06-30 22:37:32 - [TEST_STEP][PASSED] - break: null

2022-06-30 22:37:32 - [TEST_STEP][PASSED] - if (ExecuteTC.equalsIgnoreCase("Y")): null

2022-06-30 22:37:32 - [TEST_STEP][PASSED] - closeBrowser(): Browser is closed

2022-06-30 22:37:32 - [MESSAGE][PASSED] - Browser is closed]]></system-out>
         <system-err><![CDATA[]]></system-err>
      </testcase>
      <testcase name="Test Cases/Admin Suite Bootstrap/VSP_Payments_TestCases/Debit_TP_AllCF_Generic_Payment_TC" time="754.04" classname="Test Cases/Admin Suite Bootstrap/VSP_Payments_TestCases/Debit_TP_AllCF_Generic_Payment_TC" status="PASSED">
         <system-out><![CDATA[2022-06-30 22:37:32 - [TEST_CASE][PASSED] - Test Cases/Admin Suite Bootstrap/VSP_Payments_TestCases/Debit_TP_AllCF_Generic_Payment_TC: Test Cases/Admin Suite Bootstrap/VSP_Payments_TestCases/Debit_TP_AllCF_Generic_Payment_TC

2022-06-30 22:37:33 - [TEST_STEP][PASSED] - path_Dashboard = "Object Repository/AdminSuiteBootstrap_Pages/Dashboard_Bootstrap/": null

2022-06-30 22:37:33 - [TEST_STEP][PASSED] - path_VT = "Object Repository/AdminSuiteBootstrap_Pages/VT_Bootstrap/IssueTransactions/": null

2022-06-30 22:37:33 - [TEST_STEP][PASSED] - path_CreateProfile = "Object Repository/AdminSuiteBootstrap_Pages/VSP_Bootstrap/CreateProfile/": null

2022-06-30 22:37:33 - [TEST_STEP][PASSED] - path_AddAccount = "Object Repository/AdminSuiteBootstrap_Pages/VSP_Bootstrap/AddAccount/": null

2022-06-30 22:37:33 - [TEST_STEP][PASSED] - path_Add_ACH = "Object Repository/AdminSuiteBootstrap_Pages/VSP_Bootstrap/AddACH/": null

2022-06-30 22:37:33 - [TEST_STEP][PASSED] - path_Add_CC = "Object Repository/AdminSuiteBootstrap_Pages/VSP_Bootstrap/AddCreditCard/": null

2022-06-30 22:37:33 - [TEST_STEP][PASSED] - path_App_Plan = "Object Repository/AdminSuiteBootstrap_Pages/VSP_Bootstrap/AddPaymentPlan/": null

2022-06-30 22:37:33 - [TEST_STEP][PASSED] - path_DeleteProfile = "Object Repository/AdminSuiteBootstrap_Pages/VSP_Bootstrap/DeleteProfile/": null

2022-06-30 22:37:33 - [TEST_STEP][PASSED] - path_ModifyProfile = "Object Repository/AdminSuiteBootstrap_Pages/VSP_Bootstrap/ModifyProfile/": null

2022-06-30 22:37:33 - [TEST_STEP][PASSED] - path_ViewProfile = "Object Repository/AdminSuiteBootstrap_Pages/VSP_Bootstrap/View Profile/": null

2022-06-30 22:37:33 - [TEST_STEP][PASSED] - path_VSPAuth = "Object Repository/AdminSuiteBootstrap_Pages/VSP_Bootstrap/VSP_Auth/": null

2022-06-30 22:37:33 - [TEST_STEP][PASSED] - path_VSPAuthCap = "Object Repository/AdminSuiteBootstrap_Pages/VSP_Bootstrap/VSP_Authcap/": null

2022-06-30 22:37:33 - [TEST_STEP][PASSED] - path_Debit = "Object Repository/AdminSuiteBootstrap_Pages/VSP_Bootstrap/VSP_Debit/": null

2022-06-30 22:37:33 - [TEST_STEP][PASSED] - path_DeleteProfileConfirm = "Object Repository/AdminSuiteBootstrap_Pages/VSP_Bootstrap/DeleteProfileConfirm/": null

2022-06-30 22:37:33 - [TEST_STEP][PASSED] - executionProfile = getExecutionProfile(): null

2022-06-30 22:37:33 - [TEST_STEP][PASSED] - out.println("executionProfile : " + executionProfile): null

2022-06-30 22:37:33 - [TEST_STEP][PASSED] - appName = <not implemented yet for class: org.codehaus.groovy.ast.expr.EmptyExpression>: null

2022-06-30 22:37:33 - [TEST_STEP][PASSED] - appID = <not implemented yet for class: org.codehaus.groovy.ast.expr.EmptyExpression>: null

2022-06-30 22:37:33 - [TEST_STEP][PASSED] - cardNameV = <not implemented yet for class: org.codehaus.groovy.ast.expr.EmptyExpression>: null

2022-06-30 22:37:33 - [TEST_STEP][PASSED] - al1V = <not implemented yet for class: org.codehaus.groovy.ast.expr.EmptyExpression>: null

2022-06-30 22:37:33 - [TEST_STEP][PASSED] - al2V = <not implemented yet for class: org.codehaus.groovy.ast.expr.EmptyExpression>: null

2022-06-30 22:37:33 - [TEST_STEP][PASSED] - zipV = <not implemented yet for class: org.codehaus.groovy.ast.expr.EmptyExpression>: null

2022-06-30 22:37:33 - [TEST_STEP][PASSED] - tranType = <not implemented yet for class: org.codehaus.groovy.ast.expr.EmptyExpression>: null

2022-06-30 22:37:33 - [TEST_STEP][PASSED] - last4V = <not implemented yet for class: org.codehaus.groovy.ast.expr.EmptyExpression>: null

2022-06-30 22:37:33 - [TEST_STEP][PASSED] - nameSheet = "ACH-Payments-Debit": null

2022-06-30 22:37:33 - [TEST_STEP][PASSED] - numOfRows = findTestData("QA/Bootstrap/VSP-Payments-TestData/ACH-Payments-Debit").getRowNumbers(): null

2022-06-30 22:37:33 - [TEST_STEP][PASSED] - println("Number of Records: " + numOfRows): null

2022-06-30 22:37:33 - [TEST_STEP][PASSED] - dataFile = "QA/Bootstrap/VSP-Payments-TestData/ACH-Payments-Debit": null

2022-06-30 22:37:33 - [TEST_STEP][PASSED] - for ([row = 1, row <= numOfRows, (row++)]): Browser is closed

2022-06-30 22:37:33 - [TEST_STEP][PASSED] - ExecuteTC = findTestData(dataFile).getValue("Execute", row): null

2022-06-30 22:37:33 - [TEST_STEP][PASSED] - out.println("Value of Execute is : " + ExecuteTC): null

2022-06-30 22:37:33 - [TEST_STEP][PASSED] - switch (executionProfile): null

2022-06-30 22:37:33 - [TEST_STEP][PASSED] - case "QAProfile":: null

2022-06-30 22:37:33 - [TEST_STEP][PASSED] - appName = findTestData(dataFile).getValue("AppNameQA", row): null

2022-06-30 22:37:33 - [TEST_STEP][PASSED] - appID = findTestData(dataFile).getValue("AppIDQA", row): null

2022-06-30 22:37:33 - [TEST_STEP][PASSED] - break: null

2022-06-30 22:37:33 - [TEST_STEP][PASSED] - if (ExecuteTC.equalsIgnoreCase("Y")): null

2022-06-30 22:37:33 - [TEST_STEP][PASSED] - out.println("Begin Record Number: " + row): null

2022-06-30 22:37:33 - [TEST_STEP][PASSED] - today = new java.util.Date(): null

2022-06-30 22:37:33 - [TEST_STEP][PASSED] - println(today): null

2022-06-30 22:37:33 - [TEST_STEP][PASSED] - datText = today: null

2022-06-30 22:37:33 - [TEST_STEP][PASSED] - adminSuiteBootstrap.loginFunctionality.login_AdminSuite(): adminSuiteBootstrap.loginFunctionality.login_AdminSuite is PASSED

2022-06-30 22:37:33 - [MESSAGE][INFO] - Starting 'Chrome' driver

2022-06-30 22:37:33 - [MESSAGE][INFO] - User set preference: ['acceptInsecureCerts', 'true']

2022-06-30 22:37:33 - [MESSAGE][INFO] - Action delay is set to 0 milliseconds

2022-06-30 22:37:36 - [MESSAGE][PASSED] - Browser is opened with url: 'https://qa.velocitypayment.com/admin/imtiaz'

2022-06-30 22:37:36 - [MESSAGE][PASSED] - Current window maximized

2022-06-30 22:37:37 - [MESSAGE][PASSED] - Object 'Object Repository/Login_Page/Login_Username' is present

2022-06-30 22:37:37 - [MESSAGE][PASSED] - Text 'iahmed' is set on object 'Object Repository/Login_Page/Login_Username'

2022-06-30 22:37:38 - [MESSAGE][PASSED] - Text 'hello2222' is set on object 'Object Repository/Login_Page/Login_Password'

2022-06-30 22:37:42 - [MESSAGE][PASSED] - Object: 'Object Repository/Login_Page/Login_Submit' is clicked on

2022-06-30 22:37:42 - [MESSAGE][PASSED] - adminSuiteBootstrap.loginFunctionality.login_AdminSuite is PASSED

2022-06-30 22:37:42 - [TEST_STEP][PASSED] - click(findTestObject(path_Dashboard + appName)): Object: 'Object Repository/AdminSuiteBootstrap_Pages/Dashboard_Bootstrap/a_Access AutoNoCFtp' is clicked on

2022-06-30 22:37:43 - [MESSAGE][PASSED] - Object: 'Object Repository/AdminSuiteBootstrap_Pages/Dashboard_Bootstrap/a_Access AutoNoCFtp' is clicked on

2022-06-30 22:37:43 - [TEST_STEP][PASSED] - click(findTestObject(path_VT + "a_Find Profile")): Object: 'Object Repository/AdminSuiteBootstrap_Pages/VT_Bootstrap/IssueTransactions/a_Find Profile' is clicked on

2022-06-30 22:37:44 - [MESSAGE][PASSED] - Object: 'Object Repository/AdminSuiteBootstrap_Pages/VT_Bootstrap/IssueTransactions/a_Find Profile' is clicked on

2022-06-30 22:37:44 - [TEST_STEP][PASSED] - criteria = <not implemented yet for class: org.codehaus.groovy.ast.expr.EmptyExpression>: null

2022-06-30 22:37:44 - [TEST_STEP][PASSED] - searchBy = <not implemented yet for class: org.codehaus.groovy.ast.expr.EmptyExpression>: null

2022-06-30 22:37:44 - [TEST_STEP][PASSED] - criteria = findTestData(dataFile).getValue("ProfileName", row): null

2022-06-30 22:37:44 - [TEST_STEP][PASSED] - path_SearchProfile = "Object Repository/AdminSuiteBootstrap_Pages/VSP_Bootstrap/SearchProfile/": null

2022-06-30 22:37:44 - [TEST_STEP][PASSED] - setText(findTestObject(path_SearchProfile + "input_Criteria"), criteria): Text 'PaymentsPC' is set on object 'Object Repository/AdminSuiteBootstrap_Pages/VSP_Bootstrap/SearchProfile/input_Criteria'

2022-06-30 22:37:44 - [MESSAGE][PASSED] - Text 'PaymentsPC' is set on object 'Object Repository/AdminSuiteBootstrap_Pages/VSP_Bootstrap/SearchProfile/input_Criteria'

2022-06-30 22:37:44 - [TEST_STEP][PASSED] - click(findTestObject(path_SearchProfile + "button_Search")): Object: 'Object Repository/AdminSuiteBootstrap_Pages/VSP_Bootstrap/SearchProfile/button_Search' is clicked on

2022-06-30 22:37:46 - [MESSAGE][PASSED] - Object: 'Object Repository/AdminSuiteBootstrap_Pages/VSP_Bootstrap/SearchProfile/button_Search' is clicked on

2022-06-30 22:37:46 - [TEST_STEP][PASSED] - profNameLink = findTestData(dataFile).getValue("ProfileNameLink", row): null

2022-06-30 22:37:46 - [TEST_STEP][PASSED] - click(findTestObject(path_ViewProfile + profNameLink)): Object: 'Object Repository/AdminSuiteBootstrap_Pages/VSP_Bootstrap/View Profile/a_PaymentsPC' is clicked on

2022-06-30 22:37:48 - [MESSAGE][PASSED] - Object: 'Object Repository/AdminSuiteBootstrap_Pages/VSP_Bootstrap/View Profile/a_PaymentsPC' is clicked on

2022-06-30 22:37:48 - [TEST_STEP][PASSED] - click(findTestObject(path_ViewProfile + "a_Debit")): Object: 'Object Repository/AdminSuiteBootstrap_Pages/VSP_Bootstrap/View Profile/a_Debit' is clicked on

2022-06-30 22:37:50 - [MESSAGE][PASSED] - Object: 'Object Repository/AdminSuiteBootstrap_Pages/VSP_Bootstrap/View Profile/a_Debit' is clicked on

2022-06-30 22:37:50 - [TEST_STEP][PASSED] - verifyTextPresent("Remittance ID", true): Text 'Remittance ID' is present on page  using regular expression

2022-06-30 22:37:51 - [MESSAGE][PASSED] - Text 'Remittance ID' is present on page  using regular expression

2022-06-30 22:37:51 - [TEST_STEP][PASSED] - vspBootstrap.ACHDebitPage.setDataACHDebit(row, dataFile): vspBootstrap.ACHDebitPage.setDataACHDebit is PASSED

2022-06-30 22:37:52 - [MESSAGE][PASSED] - All options with value 'PPD' are selected in object 'Object Repository/AdminSuiteBootstrap_Pages/VSP_Bootstrap/VSP_Debit/select_StdEntryClass'  using regular expression

2022-06-30 22:37:53 - [MESSAGE][PASSED] - Text '' is set on object 'Object Repository/AdminSuiteBootstrap_Pages/VSP_Bootstrap/VSP_Debit/input_smsNumber'

2022-06-30 22:37:53 - [MESSAGE][PASSED] - Text '2.50' is set on object 'Object Repository/AdminSuiteBootstrap_Pages/VSP_Bootstrap/VSP_Debit/input_amount'

2022-06-30 22:37:54 - [MESSAGE][PASSED] - Text 'Delhi' is set on object 'Object Repository/AdminSuiteBootstrap_Pages/VSP_Bootstrap/VSP_Debit/input_userDefined1'

2022-06-30 22:37:55 - [MESSAGE][PASSED] - Text 'Chennai' is set on object 'Object Repository/AdminSuiteBootstrap_Pages/VSP_Bootstrap/VSP_Debit/input_userDefined2'

2022-06-30 22:37:56 - [MESSAGE][PASSED] - Text 'Mumbai' is set on object 'Object Repository/AdminSuiteBootstrap_Pages/VSP_Bootstrap/VSP_Debit/input_userDefined3'

2022-06-30 22:37:57 - [MESSAGE][PASSED] - Text 'Kanpur' is set on object 'Object Repository/AdminSuiteBootstrap_Pages/VSP_Bootstrap/VSP_Debit/input_userDefined4'

2022-06-30 22:37:58 - [MESSAGE][PASSED] - All options with label 'Orange' are selected in object 'Object Repository/AdminSuiteBootstrap_Pages/VSP_Bootstrap/VSP_Debit/select_UDF5'  using regular expression

2022-06-30 22:37:59 - [MESSAGE][PASSED] - All options with label 'Yellow' are selected in object 'Object Repository/AdminSuiteBootstrap_Pages/VSP_Bootstrap/VSP_Debit/select_UDF6'  using regular expression

2022-06-30 22:37:59 - [MESSAGE][PASSED] - Text 'Kolkata' is set on object 'Object Repository/AdminSuiteBootstrap_Pages/VSP_Bootstrap/VSP_Debit/input_userDefined7'

2022-06-30 22:38:00 - [MESSAGE][PASSED] - Text 'Pune' is set on object 'Object Repository/AdminSuiteBootstrap_Pages/VSP_Bootstrap/VSP_Debit/input_userDefined8'

2022-06-30 22:38:00 - [MESSAGE][PASSED] - Text 'Bhavnagar' is set on object 'Object Repository/AdminSuiteBootstrap_Pages/VSP_Bootstrap/VSP_Debit/input_userDefined9'

2022-06-30 22:38:01 - [MESSAGE][PASSED] - Text 'Noida' is set on object 'Object Repository/AdminSuiteBootstrap_Pages/VSP_Bootstrap/VSP_Debit/input_userDefined10'

2022-06-30 22:38:02 - [MESSAGE][PASSED] - Object: 'Object Repository/AdminSuiteBootstrap_Pages/VSP_Bootstrap/VSP_Debit/button_Submit' is clicked on

2022-06-30 22:38:02 - [MESSAGE][PASSED] - vspBootstrap.ACHDebitPage.setDataACHDebit is PASSED

2022-06-30 22:38:02 - [TEST_STEP][PASSED] - verifyTextPresent("Transaction Successful", true): Text 'Transaction Successful' is present on page  using regular expression

2022-06-30 22:38:03 - [MESSAGE][PASSED] - Text 'Transaction Successful' is present on page  using regular expression

2022-06-30 22:38:03 - [TEST_STEP][PASSED] - verifyElementVisible(findTestObject("Object Repository/AdminSuiteBootstrap_Pages/VT_Bootstrap/Receipt/button_Continue")): Object 'Object Repository/AdminSuiteBootstrap_Pages/VT_Bootstrap/Receipt/button_Continue' is visible

2022-06-30 22:38:03 - [MESSAGE][PASSED] - Object 'Object Repository/AdminSuiteBootstrap_Pages/VT_Bootstrap/Receipt/button_Continue' is visible

2022-06-30 22:38:03 - [TEST_STEP][PASSED] - verifyElementPresent(findTestObject("Object Repository/AdminSuiteBootstrap_Pages/VT_Bootstrap/Receipt/button_Continue"), 20): Object 'Object Repository/AdminSuiteBootstrap_Pages/VT_Bootstrap/Receipt/button_Continue' is present

2022-06-30 22:38:04 - [MESSAGE][PASSED] - Object 'Object Repository/AdminSuiteBootstrap_Pages/VT_Bootstrap/Receipt/button_Continue' is present

2022-06-30 22:38:04 - [TEST_STEP][PASSED] - verifyElementVisible(findTestObject("Object Repository/AdminSuiteBootstrap_Pages/VT_Bootstrap/Receipt/button_Print")): Object 'Object Repository/AdminSuiteBootstrap_Pages/VT_Bootstrap/Receipt/button_Print' is visible

2022-06-30 22:38:04 - [MESSAGE][PASSED] - Object 'Object Repository/AdminSuiteBootstrap_Pages/VT_Bootstrap/Receipt/button_Print' is visible

2022-06-30 22:38:04 - [TEST_STEP][PASSED] - verifyElementPresent(findTestObject("Object Repository/AdminSuiteBootstrap_Pages/VT_Bootstrap/Receipt/button_Print"), 20): Object 'Object Repository/AdminSuiteBootstrap_Pages/VT_Bootstrap/Receipt/button_Print' is present

2022-06-30 22:38:04 - [MESSAGE][PASSED] - Object 'Object Repository/AdminSuiteBootstrap_Pages/VT_Bootstrap/Receipt/button_Print' is present

2022-06-30 22:38:04 - [TEST_STEP][PASSED] - verifyTextPresent("Remittance ID", true): Text 'Remittance ID' is present on page  using regular expression

2022-06-30 22:38:05 - [MESSAGE][PASSED] - Text 'Remittance ID' is present on page  using regular expression

2022-06-30 22:38:05 - [TEST_STEP][PASSED] - verifyTextPresent("Received", true): Text 'Received' is present on page  using regular expression

2022-06-30 22:38:05 - [MESSAGE][PASSED] - Text 'Received' is present on page  using regular expression

2022-06-30 22:38:05 - [TEST_STEP][PASSED] - verifyTextPresent("UDF1", true): Text 'UDF1' is present on page  using regular expression

2022-06-30 22:38:05 - [MESSAGE][PASSED] - Text 'UDF1' is present on page  using regular expression

2022-06-30 22:38:05 - [TEST_STEP][PASSED] - verifyTextPresent("UDF2", true): Text 'UDF2' is present on page  using regular expression

2022-06-30 22:38:05 - [MESSAGE][PASSED] - Text 'UDF2' is present on page  using regular expression

2022-06-30 22:38:05 - [TEST_STEP][PASSED] - verifyTextPresent("UDF3", true): Text 'UDF3' is present on page  using regular expression

2022-06-30 22:38:06 - [MESSAGE][PASSED] - Text 'UDF3' is present on page  using regular expression

2022-06-30 22:38:06 - [TEST_STEP][PASSED] - verifyTextPresent("UDF4", true): Text 'UDF4' is present on page  using regular expression

2022-06-30 22:38:06 - [MESSAGE][PASSED] - Text 'UDF4' is present on page  using regular expression

2022-06-30 22:38:06 - [TEST_STEP][PASSED] - verifyTextPresent("UDF5", true): Text 'UDF5' is present on page  using regular expression

2022-06-30 22:38:06 - [MESSAGE][PASSED] - Text 'UDF5' is present on page  using regular expression

2022-06-30 22:38:06 - [TEST_STEP][PASSED] - verifyTextPresent("UDF6", true): Text 'UDF6' is present on page  using regular expression

2022-06-30 22:38:07 - [MESSAGE][PASSED] - Text 'UDF6' is present on page  using regular expression

2022-06-30 22:38:07 - [TEST_STEP][PASSED] - verifyTextPresent("UDF7", true): Text 'UDF7' is present on page  using regular expression

2022-06-30 22:38:07 - [MESSAGE][PASSED] - Text 'UDF7' is present on page  using regular expression

2022-06-30 22:38:07 - [TEST_STEP][PASSED] - verifyTextPresent("UDF8", true): Text 'UDF8' is present on page  using regular expression

2022-06-30 22:38:07 - [MESSAGE][PASSED] - Text 'UDF8' is present on page  using regular expression

2022-06-30 22:38:07 - [TEST_STEP][PASSED] - verifyTextPresent("UDF9", true): Text 'UDF9' is present on page  using regular expression

2022-06-30 22:38:08 - [MESSAGE][PASSED] - Text 'UDF9' is present on page  using regular expression

2022-06-30 22:38:08 - [TEST_STEP][PASSED] - verifyTextPresent("UDF 10", true): Text 'UDF 10' is present on page  using regular expression

2022-06-30 22:38:08 - [MESSAGE][PASSED] - Text 'UDF 10' is present on page  using regular expression

2022-06-30 22:38:08 - [TEST_STEP][PASSED] - verifyTextPresent("Delhi", true): Text 'Delhi' is present on page  using regular expression

2022-06-30 22:38:08 - [MESSAGE][PASSED] - Text 'Delhi' is present on page  using regular expression

2022-06-30 22:38:08 - [TEST_STEP][PASSED] - verifyTextPresent("Chennai", true): Text 'Chennai' is present on page  using regular expression

2022-06-30 22:38:09 - [MESSAGE][PASSED] - Text 'Chennai' is present on page  using regular expression

2022-06-30 22:38:09 - [TEST_STEP][PASSED] - verifyTextPresent("Mumbai", true): Text 'Mumbai' is present on page  using regular expression

2022-06-30 22:38:09 - [MESSAGE][PASSED] - Text 'Mumbai' is present on page  using regular expression

2022-06-30 22:38:09 - [TEST_STEP][PASSED] - verifyTextPresent("Kanpur", true): Text 'Kanpur' is present on page  using regular expression

2022-06-30 22:38:09 - [MESSAGE][PASSED] - Text 'Kanpur' is present on page  using regular expression

2022-06-30 22:38:09 - [TEST_STEP][PASSED] - verifyTextPresent("Orange Recorded", true): Text 'Orange Recorded' is present on page  using regular expression

2022-06-30 22:38:10 - [MESSAGE][PASSED] - Text 'Orange Recorded' is present on page  using regular expression

2022-06-30 22:38:10 - [TEST_STEP][PASSED] - verifyTextPresent("Yellow Recorded", true): Text 'Yellow Recorded' is present on page  using regular expression

2022-06-30 22:38:10 - [MESSAGE][PASSED] - Text 'Yellow Recorded' is present on page  using regular expression

2022-06-30 22:38:10 - [TEST_STEP][PASSED] - verifyTextPresent("Kolkata", true): Text 'Kolkata' is present on page  using regular expression

2022-06-30 22:38:10 - [MESSAGE][PASSED] - Text 'Kolkata' is present on page  using regular expression

2022-06-30 22:38:10 - [TEST_STEP][PASSED] - verifyTextPresent("Pune", true): Text 'Pune' is present on page  using regular expression

2022-06-30 22:38:11 - [MESSAGE][PASSED] - Text 'Pune' is present on page  using regular expression

2022-06-30 22:38:11 - [TEST_STEP][PASSED] - verifyTextPresent("Bhavnagar", true): Text 'Bhavnagar' is present on page  using regular expression

2022-06-30 22:38:11 - [MESSAGE][PASSED] - Text 'Bhavnagar' is present on page  using regular expression

2022-06-30 22:38:11 - [TEST_STEP][PASSED] - verifyTextPresent("Noida", true): Text 'Noida' is present on page  using regular expression

2022-06-30 22:38:11 - [MESSAGE][PASSED] - Text 'Noida' is present on page  using regular expression

2022-06-30 22:38:11 - [TEST_STEP][PASSED] - verifyTextPresent("Amount", true): Text 'Amount' is present on page  using regular expression

2022-06-30 22:38:12 - [MESSAGE][PASSED] - Text 'Amount' is present on page  using regular expression

2022-06-30 22:38:12 - [TEST_STEP][PASSED] - verifyTextPresent("2.50", true): Text '2.50' is present on page  using regular expression

2022-06-30 22:38:12 - [MESSAGE][PASSED] - Text '2.50' is present on page  using regular expression

2022-06-30 22:38:12 - [TEST_STEP][PASSED] - verifyTextPresent("Transaction Type", true): Text 'Transaction Type' is present on page  using regular expression

2022-06-30 22:38:12 - [MESSAGE][PASSED] - Text 'Transaction Type' is present on page  using regular expression

2022-06-30 22:38:12 - [TEST_STEP][PASSED] - verifyTextPresent("Debit", true): Text 'Debit' is present on page  using regular expression

2022-06-30 22:38:13 - [MESSAGE][PASSED] - Text 'Debit' is present on page  using regular expression

2022-06-30 22:38:13 - [TEST_STEP][PASSED] - verifyTextPresent("Check Information", true): Text 'Check Information' is present on page  using regular expression

2022-06-30 22:38:13 - [MESSAGE][PASSED] - Text 'Check Information' is present on page  using regular expression

2022-06-30 22:38:13 - [TEST_STEP][PASSED] - verifyTextPresent("Account Type", true): Text 'Account Type' is present on page  using regular expression

2022-06-30 22:38:13 - [MESSAGE][PASSED] - Text 'Account Type' is present on page  using regular expression

2022-06-30 22:38:13 - [TEST_STEP][PASSED] - verifyTextPresent("Account Number", true): Text 'Account Number' is present on page  using regular expression

2022-06-30 22:38:14 - [MESSAGE][PASSED] - Text 'Account Number' is present on page  using regular expression

2022-06-30 22:38:14 - [TEST_STEP][PASSED] - verifyTextPresent("Routing Number", true): Text 'Routing Number' is present on page  using regular expression

2022-06-30 22:38:14 - [MESSAGE][PASSED] - Text 'Routing Number' is present on page  using regular expression

2022-06-30 22:38:14 - [TEST_STEP][PASSED] - verifyTextPresent("Address Line 1", true): Text 'Address Line 1' is present on page  using regular expression

2022-06-30 22:38:14 - [MESSAGE][PASSED] - Text 'Address Line 1' is present on page  using regular expression

2022-06-30 22:38:14 - [TEST_STEP][PASSED] - verifyTextPresent("Address Line 2", true): Text 'Address Line 2' is present on page  using regular expression

2022-06-30 22:38:14 - [MESSAGE][PASSED] - Text 'Address Line 2' is present on page  using regular expression

2022-06-30 22:38:14 - [TEST_STEP][PASSED] - verifyTextPresent("Country", true): Text 'Country' is present on page  using regular expression

2022-06-30 22:38:15 - [MESSAGE][PASSED] - Text 'Country' is present on page  using regular expression

2022-06-30 22:38:15 - [TEST_STEP][PASSED] - verifyTextPresent("City", true): Text 'City' is present on page  using regular expression

2022-06-30 22:38:15 - [MESSAGE][PASSED] - Text 'City' is present on page  using regular expression

2022-06-30 22:38:15 - [TEST_STEP][PASSED] - verifyTextPresent("State", true): Text 'State' is present on page  using regular expression

2022-06-30 22:38:15 - [MESSAGE][PASSED] - Text 'State' is present on page  using regular expression

2022-06-30 22:38:15 - [TEST_STEP][PASSED] - verifyTextPresent("ZIP Code", true): Text 'ZIP Code' is present on page  using regular expression

2022-06-30 22:38:16 - [MESSAGE][PASSED] - Text 'ZIP Code' is present on page  using regular expression

2022-06-30 22:38:16 - [TEST_STEP][PASSED] - verifyTextPresent("248 PhoolKaante road", true): Text '248 PhoolKaante road' is present on page  using regular expression

2022-06-30 22:38:16 - [MESSAGE][PASSED] - Text '248 PhoolKaante road' is present on page  using regular expression

2022-06-30 22:38:16 - [TEST_STEP][PASSED] - verifyTextPresent("Suite 678", true): Text 'Suite 678' is present on page  using regular expression

2022-06-30 22:38:16 - [MESSAGE][PASSED] - Text 'Suite 678' is present on page  using regular expression

2022-06-30 22:38:16 - [TEST_STEP][PASSED] - verifyTextPresent("United States", true): Text 'United States' is present on page  using regular expression

2022-06-30 22:38:17 - [MESSAGE][PASSED] - Text 'United States' is present on page  using regular expression

2022-06-30 22:38:17 - [TEST_STEP][PASSED] - verifyTextPresent("ARLINGTON", true): Text 'ARLINGTON' is present on page  using regular expression

2022-06-30 22:38:17 - [MESSAGE][PASSED] - Text 'ARLINGTON' is present on page  using regular expression

2022-06-30 22:38:17 - [TEST_STEP][PASSED] - verifyTextPresent("Virginia", true): Text 'Virginia' is present on page  using regular expression

2022-06-30 22:38:17 - [MESSAGE][PASSED] - Text 'Virginia' is present on page  using regular expression

2022-06-30 22:38:17 - [TEST_STEP][PASSED] - verifyTextPresent("22201", true): Text '22201' is present on page  using regular expression

2022-06-30 22:38:18 - [MESSAGE][PASSED] - Text '22201' is present on page  using regular expression

2022-06-30 22:38:18 - [TEST_STEP][PASSED] - tranType = findTestData(dataFile).getValue("TranType", row): null

2022-06-30 22:38:18 - [TEST_STEP][PASSED] - last4V = findTestData(dataFile).getValue("Last4", row): null

2022-06-30 22:38:18 - [TEST_STEP][PASSED] - verifyTextPresent(tranType, true): Text 'Checking' is present on page  using regular expression

2022-06-30 22:38:18 - [MESSAGE][PASSED] - Text 'Checking' is present on page  using regular expression

2022-06-30 22:38:18 - [TEST_STEP][PASSED] - verifyTextPresent(last4V, true): Text '2222' is present on page  using regular expression

2022-06-30 22:38:18 - [MESSAGE][PASSED] - Text '2222' is present on page  using regular expression

2022-06-30 22:38:18 - [TEST_STEP][PASSED] - if (profNameLink.equalsIgnoreCase("a_PaymentsPC")): Text 'TANDON RAVENA' is present on page  using regular expression

2022-06-30 22:38:18 - [TEST_STEP][PASSED] - verifyTextPresent("Name on Account", true): Text 'Name on Account' is present on page  using regular expression

2022-06-30 22:38:19 - [MESSAGE][PASSED] - Text 'Name on Account' is present on page  using regular expression

2022-06-30 22:38:19 - [TEST_STEP][PASSED] - verifyTextPresent("TANDON RAVENA", true): Text 'TANDON RAVENA' is present on page  using regular expression

2022-06-30 22:38:19 - [MESSAGE][PASSED] - Text 'TANDON RAVENA' is present on page  using regular expression

2022-06-30 22:38:19 - [TEST_STEP][PASSED] - if (profNameLink.equalsIgnoreCase("a_PaymentsPS")): null

2022-06-30 22:38:19 - [TEST_STEP][PASSED] - if (profNameLink.equalsIgnoreCase("a_PaymentsCorp")): null

2022-06-30 22:38:19 - [TEST_STEP][PASSED] - switch (appName): null

2022-06-30 22:38:19 - [TEST_STEP][PASSED] - closeBrowser(): Browser is closed

2022-06-30 22:38:20 - [MESSAGE][PASSED] - Browser is closed

2022-06-30 22:38:20 - [TEST_STEP][PASSED] - ExecuteTC = findTestData(dataFile).getValue("Execute", row): null

2022-06-30 22:38:20 - [TEST_STEP][PASSED] - out.println("Value of Execute is : " + ExecuteTC): null

2022-06-30 22:38:20 - [TEST_STEP][PASSED] - switch (executionProfile): null

2022-06-30 22:38:20 - [TEST_STEP][PASSED] - case "QAProfile":: null

2022-06-30 22:38:20 - [TEST_STEP][PASSED] - appName = findTestData(dataFile).getValue("AppNameQA", row): null

2022-06-30 22:38:20 - [TEST_STEP][PASSED] - appID = findTestData(dataFile).getValue("AppIDQA", row): null

2022-06-30 22:38:20 - [TEST_STEP][PASSED] - break: null

2022-06-30 22:38:20 - [TEST_STEP][PASSED] - if (ExecuteTC.equalsIgnoreCase("Y")): null

2022-06-30 22:38:20 - [TEST_STEP][PASSED] - out.println("Begin Record Number: " + row): null

2022-06-30 22:38:20 - [TEST_STEP][PASSED] - today = new java.util.Date(): null

2022-06-30 22:38:20 - [TEST_STEP][PASSED] - println(today): null

2022-06-30 22:38:20 - [TEST_STEP][PASSED] - datText = today: null

2022-06-30 22:38:20 - [TEST_STEP][PASSED] - adminSuiteBootstrap.loginFunctionality.login_AdminSuite(): adminSuiteBootstrap.loginFunctionality.login_AdminSuite is PASSED

2022-06-30 22:38:20 - [MESSAGE][INFO] - Starting 'Chrome' driver

2022-06-30 22:38:20 - [MESSAGE][INFO] - User set preference: ['acceptInsecureCerts', 'true']

2022-06-30 22:38:20 - [MESSAGE][INFO] - Action delay is set to 0 milliseconds

2022-06-30 22:38:24 - [MESSAGE][PASSED] - Browser is opened with url: 'https://qa.velocitypayment.com/admin/imtiaz'

2022-06-30 22:38:24 - [MESSAGE][PASSED] - Current window maximized

2022-06-30 22:38:24 - [MESSAGE][PASSED] - Object 'Object Repository/Login_Page/Login_Username' is present

2022-06-30 22:38:25 - [MESSAGE][PASSED] - Text 'iahmed' is set on object 'Object Repository/Login_Page/Login_Username'

2022-06-30 22:38:26 - [MESSAGE][PASSED] - Text 'hello2222' is set on object 'Object Repository/Login_Page/Login_Password'

2022-06-30 22:38:30 - [MESSAGE][PASSED] - Object: 'Object Repository/Login_Page/Login_Submit' is clicked on

2022-06-30 22:38:30 - [MESSAGE][PASSED] - adminSuiteBootstrap.loginFunctionality.login_AdminSuite is PASSED

2022-06-30 22:38:30 - [TEST_STEP][PASSED] - click(findTestObject(path_Dashboard + appName)): Object: 'Object Repository/AdminSuiteBootstrap_Pages/Dashboard_Bootstrap/a_Access AutoNoCFtp' is clicked on

2022-06-30 22:38:31 - [MESSAGE][PASSED] - Object: 'Object Repository/AdminSuiteBootstrap_Pages/Dashboard_Bootstrap/a_Access AutoNoCFtp' is clicked on

2022-06-30 22:38:31 - [TEST_STEP][PASSED] - click(findTestObject(path_VT + "a_Find Profile")): Object: 'Object Repository/AdminSuiteBootstrap_Pages/VT_Bootstrap/IssueTransactions/a_Find Profile' is clicked on

2022-06-30 22:38:32 - [MESSAGE][PASSED] - Object: 'Object Repository/AdminSuiteBootstrap_Pages/VT_Bootstrap/IssueTransactions/a_Find Profile' is clicked on

2022-06-30 22:38:32 - [TEST_STEP][PASSED] - criteria = <not implemented yet for class: org.codehaus.groovy.ast.expr.EmptyExpression>: null

2022-06-30 22:38:32 - [TEST_STEP][PASSED] - searchBy = <not implemented yet for class: org.codehaus.groovy.ast.expr.EmptyExpression>: null

2022-06-30 22:38:32 - [TEST_STEP][PASSED] - criteria = findTestData(dataFile).getValue("ProfileName", row): null

2022-06-30 22:38:32 - [TEST_STEP][PASSED] - path_SearchProfile = "Object Repository/AdminSuiteBootstrap_Pages/VSP_Bootstrap/SearchProfile/": null

2022-06-30 22:38:32 - [TEST_STEP][PASSED] - setText(findTestObject(path_SearchProfile + "input_Criteria"), criteria): Text 'PaymentsPC' is set on object 'Object Repository/AdminSuiteBootstrap_Pages/VSP_Bootstrap/SearchProfile/input_Criteria'

2022-06-30 22:38:32 - [MESSAGE][PASSED] - Text 'PaymentsPC' is set on object 'Object Repository/AdminSuiteBootstrap_Pages/VSP_Bootstrap/SearchProfile/input_Criteria'

2022-06-30 22:38:32 - [TEST_STEP][PASSED] - click(findTestObject(path_SearchProfile + "button_Search")): Object: 'Object Repository/AdminSuiteBootstrap_Pages/VSP_Bootstrap/SearchProfile/button_Search' is clicked on

2022-06-30 22:38:34 - [MESSAGE][PASSED] - Object: 'Object Repository/AdminSuiteBootstrap_Pages/VSP_Bootstrap/SearchProfile/button_Search' is clicked on

2022-06-30 22:38:34 - [TEST_STEP][PASSED] - profNameLink = findTestData(dataFile).getValue("ProfileNameLink", row): null

2022-06-30 22:38:34 - [TEST_STEP][PASSED] - click(findTestObject(path_ViewProfile + profNameLink)): Object: 'Object Repository/AdminSuiteBootstrap_Pages/VSP_Bootstrap/View Profile/a_PaymentsPC' is clicked on

2022-06-30 22:38:35 - [MESSAGE][PASSED] - Object: 'Object Repository/AdminSuiteBootstrap_Pages/VSP_Bootstrap/View Profile/a_PaymentsPC' is clicked on

2022-06-30 22:38:35 - [TEST_STEP][PASSED] - click(findTestObject(path_ViewProfile + "a_Debit")): Object: 'Object Repository/AdminSuiteBootstrap_Pages/VSP_Bootstrap/View Profile/a_Debit' is clicked on

2022-06-30 22:38:36 - [MESSAGE][PASSED] - Object: 'Object Repository/AdminSuiteBootstrap_Pages/VSP_Bootstrap/View Profile/a_Debit' is clicked on

2022-06-30 22:38:36 - [TEST_STEP][PASSED] - verifyTextPresent("Remittance ID", true): Text 'Remittance ID' is present on page  using regular expression

2022-06-30 22:38:37 - [MESSAGE][PASSED] - Text 'Remittance ID' is present on page  using regular expression

2022-06-30 22:38:37 - [TEST_STEP][PASSED] - vspBootstrap.ACHDebitPage.setDataACHDebit(row, dataFile): vspBootstrap.ACHDebitPage.setDataACHDebit is PASSED

2022-06-30 22:38:39 - [MESSAGE][PASSED] - All options with value 'TEL' are selected in object 'Object Repository/AdminSuiteBootstrap_Pages/VSP_Bootstrap/VSP_Debit/select_StdEntryClass'  using regular expression

2022-06-30 22:38:39 - [MESSAGE][PASSED] - Text '' is set on object 'Object Repository/AdminSuiteBootstrap_Pages/VSP_Bootstrap/VSP_Debit/input_smsNumber'

2022-06-30 22:38:40 - [MESSAGE][PASSED] - Text '2.50' is set on object 'Object Repository/AdminSuiteBootstrap_Pages/VSP_Bootstrap/VSP_Debit/input_amount'

2022-06-30 22:38:41 - [MESSAGE][PASSED] - Text 'Delhi' is set on object 'Object Repository/AdminSuiteBootstrap_Pages/VSP_Bootstrap/VSP_Debit/input_userDefined1'

2022-06-30 22:38:41 - [MESSAGE][PASSED] - Text 'Chennai' is set on object 'Object Repository/AdminSuiteBootstrap_Pages/VSP_Bootstrap/VSP_Debit/input_userDefined2'

2022-06-30 22:38:42 - [MESSAGE][PASSED] - Text 'Mumbai' is set on object 'Object Repository/AdminSuiteBootstrap_Pages/VSP_Bootstrap/VSP_Debit/input_userDefined3'

2022-06-30 22:38:43 - [MESSAGE][PASSED] - Text 'Kanpur' is set on object 'Object Repository/AdminSuiteBootstrap_Pages/VSP_Bootstrap/VSP_Debit/input_userDefined4'

2022-06-30 22:38:44 - [MESSAGE][PASSED] - All options with label 'Orange' are selected in object 'Object Repository/AdminSuiteBootstrap_Pages/VSP_Bootstrap/VSP_Debit/select_UDF5'  using regular expression

2022-06-30 22:38:45 - [MESSAGE][PASSED] - All options with label 'Yellow' are selected in object 'Object Repository/AdminSuiteBootstrap_Pages/VSP_Bootstrap/VSP_Debit/select_UDF6'  using regular expression

2022-06-30 22:38:46 - [MESSAGE][PASSED] - Text 'Kolkata' is set on object 'Object Repository/AdminSuiteBootstrap_Pages/VSP_Bootstrap/VSP_Debit/input_userDefined7'

2022-06-30 22:38:46 - [MESSAGE][PASSED] - Text 'Pune' is set on object 'Object Repository/AdminSuiteBootstrap_Pages/VSP_Bootstrap/VSP_Debit/input_userDefined8'

2022-06-30 22:38:47 - [MESSAGE][PASSED] - Text 'Bhavnagar' is set on object 'Object Repository/AdminSuiteBootstrap_Pages/VSP_Bootstrap/VSP_Debit/input_userDefined9'

2022-06-30 22:38:48 - [MESSAGE][PASSED] - Text 'Noida' is set on object 'Object Repository/AdminSuiteBootstrap_Pages/VSP_Bootstrap/VSP_Debit/input_userDefined10'

2022-06-30 22:38:49 - [MESSAGE][PASSED] - Object: 'Object Repository/AdminSuiteBootstrap_Pages/VSP_Bootstrap/VSP_Debit/button_Submit' is clicked on

2022-06-30 22:38:49 - [MESSAGE][PASSED] - vspBootstrap.ACHDebitPage.setDataACHDebit is PASSED

2022-06-30 22:38:49 - [TEST_STEP][PASSED] - verifyTextPresent("Transaction Successful", true): Text 'Transaction Successful' is present on page  using regular expression

2022-06-30 22:38:49 - [MESSAGE][PASSED] - Text 'Transaction Successful' is present on page  using regular expression

2022-06-30 22:38:49 - [TEST_STEP][PASSED] - verifyElementVisible(findTestObject("Object Repository/AdminSuiteBootstrap_Pages/VT_Bootstrap/Receipt/button_Continue")): Object 'Object Repository/AdminSuiteBootstrap_Pages/VT_Bootstrap/Receipt/button_Continue' is visible

2022-06-30 22:38:50 - [MESSAGE][PASSED] - Object 'Object Repository/AdminSuiteBootstrap_Pages/VT_Bootstrap/Receipt/button_Continue' is visible

2022-06-30 22:38:50 - [TEST_STEP][PASSED] - verifyElementPresent(findTestObject("Object Repository/AdminSuiteBootstrap_Pages/VT_Bootstrap/Receipt/button_Continue"), 20): Object 'Object Repository/AdminSuiteBootstrap_Pages/VT_Bootstrap/Receipt/button_Continue' is present

2022-06-30 22:38:50 - [MESSAGE][PASSED] - Object 'Object Repository/AdminSuiteBootstrap_Pages/VT_Bootstrap/Receipt/button_Continue' is present

2022-06-30 22:38:50 - [TEST_STEP][PASSED] - verifyElementVisible(findTestObject("Object Repository/AdminSuiteBootstrap_Pages/VT_Bootstrap/Receipt/button_Print")): Object 'Object Repository/AdminSuiteBootstrap_Pages/VT_Bootstrap/Receipt/button_Print' is visible

2022-06-30 22:38:50 - [MESSAGE][PASSED] - Object 'Object Repository/AdminSuiteBootstrap_Pages/VT_Bootstrap/Receipt/button_Print' is visible

2022-06-30 22:38:50 - [TEST_STEP][PASSED] - verifyElementPresent(findTestObject("Object Repository/AdminSuiteBootstrap_Pages/VT_Bootstrap/Receipt/button_Print"), 20): Object 'Object Repository/AdminSuiteBootstrap_Pages/VT_Bootstrap/Receipt/button_Print' is present

2022-06-30 22:38:51 - [MESSAGE][PASSED] - Object 'Object Repository/AdminSuiteBootstrap_Pages/VT_Bootstrap/Receipt/button_Print' is present

2022-06-30 22:38:51 - [TEST_STEP][PASSED] - verifyTextPresent("Remittance ID", true): Text 'Remittance ID' is present on page  using regular expression

2022-06-30 22:38:51 - [MESSAGE][PASSED] - Text 'Remittance ID' is present on page  using regular expression

2022-06-30 22:38:51 - [TEST_STEP][PASSED] - verifyTextPresent("Received", true): Text 'Received' is present on page  using regular expression

2022-06-30 22:38:51 - [MESSAGE][PASSED] - Text 'Received' is present on page  using regular expression

2022-06-30 22:38:51 - [TEST_STEP][PASSED] - verifyTextPresent("UDF1", true): Text 'UDF1' is present on page  using regular expression

2022-06-30 22:38:52 - [MESSAGE][PASSED] - Text 'UDF1' is present on page  using regular expression

2022-06-30 22:38:52 - [TEST_STEP][PASSED] - verifyTextPresent("UDF2", true): Text 'UDF2' is present on page  using regular expression

2022-06-30 22:38:52 - [MESSAGE][PASSED] - Text 'UDF2' is present on page  using regular expression

2022-06-30 22:38:52 - [TEST_STEP][PASSED] - verifyTextPresent("UDF3", true): Text 'UDF3' is present on page  using regular expression

2022-06-30 22:38:52 - [MESSAGE][PASSED] - Text 'UDF3' is present on page  using regular expression

2022-06-30 22:38:52 - [TEST_STEP][PASSED] - verifyTextPresent("UDF4", true): Text 'UDF4' is present on page  using regular expression

2022-06-30 22:38:53 - [MESSAGE][PASSED] - Text 'UDF4' is present on page  using regular expression

2022-06-30 22:38:53 - [TEST_STEP][PASSED] - verifyTextPresent("UDF5", true): Text 'UDF5' is present on page  using regular expression

2022-06-30 22:38:53 - [MESSAGE][PASSED] - Text 'UDF5' is present on page  using regular expression

2022-06-30 22:38:53 - [TEST_STEP][PASSED] - verifyTextPresent("UDF6", true): Text 'UDF6' is present on page  using regular expression

2022-06-30 22:38:53 - [MESSAGE][PASSED] - Text 'UDF6' is present on page  using regular expression

2022-06-30 22:38:53 - [TEST_STEP][PASSED] - verifyTextPresent("UDF7", true): Text 'UDF7' is present on page  using regular expression

2022-06-30 22:38:53 - [MESSAGE][PASSED] - Text 'UDF7' is present on page  using regular expression

2022-06-30 22:38:53 - [TEST_STEP][PASSED] - verifyTextPresent("UDF8", true): Text 'UDF8' is present on page  using regular expression

2022-06-30 22:38:54 - [MESSAGE][PASSED] - Text 'UDF8' is present on page  using regular expression

2022-06-30 22:38:54 - [TEST_STEP][PASSED] - verifyTextPresent("UDF9", true): Text 'UDF9' is present on page  using regular expression

2022-06-30 22:38:54 - [MESSAGE][PASSED] - Text 'UDF9' is present on page  using regular expression

2022-06-30 22:38:54 - [TEST_STEP][PASSED] - verifyTextPresent("UDF 10", true): Text 'UDF 10' is present on page  using regular expression

2022-06-30 22:38:54 - [MESSAGE][PASSED] - Text 'UDF 10' is present on page  using regular expression

2022-06-30 22:38:54 - [TEST_STEP][PASSED] - verifyTextPresent("Delhi", true): Text 'Delhi' is present on page  using regular expression

2022-06-30 22:38:55 - [MESSAGE][PASSED] - Text 'Delhi' is present on page  using regular expression

2022-06-30 22:38:55 - [TEST_STEP][PASSED] - verifyTextPresent("Chennai", true): Text 'Chennai' is present on page  using regular expression

2022-06-30 22:38:55 - [MESSAGE][PASSED] - Text 'Chennai' is present on page  using regular expression

2022-06-30 22:38:55 - [TEST_STEP][PASSED] - verifyTextPresent("Mumbai", true): Text 'Mumbai' is present on page  using regular expression

2022-06-30 22:38:55 - [MESSAGE][PASSED] - Text 'Mumbai' is present on page  using regular expression

2022-06-30 22:38:55 - [TEST_STEP][PASSED] - verifyTextPresent("Kanpur", true): Text 'Kanpur' is present on page  using regular expression

2022-06-30 22:38:56 - [MESSAGE][PASSED] - Text 'Kanpur' is present on page  using regular expression

2022-06-30 22:38:56 - [TEST_STEP][PASSED] - verifyTextPresent("Orange Recorded", true): Text 'Orange Recorded' is present on page  using regular expression

2022-06-30 22:38:56 - [MESSAGE][PASSED] - Text 'Orange Recorded' is present on page  using regular expression

2022-06-30 22:38:56 - [TEST_STEP][PASSED] - verifyTextPresent("Yellow Recorded", true): Text 'Yellow Recorded' is present on page  using regular expression

2022-06-30 22:38:56 - [MESSAGE][PASSED] - Text 'Yellow Recorded' is present on page  using regular expression

2022-06-30 22:38:56 - [TEST_STEP][PASSED] - verifyTextPresent("Kolkata", true): Text 'Kolkata' is present on page  using regular expression

2022-06-30 22:38:57 - [MESSAGE][PASSED] - Text 'Kolkata' is present on page  using regular expression

2022-06-30 22:38:57 - [TEST_STEP][PASSED] - verifyTextPresent("Pune", true): Text 'Pune' is present on page  using regular expression

2022-06-30 22:38:57 - [MESSAGE][PASSED] - Text 'Pune' is present on page  using regular expression

2022-06-30 22:38:57 - [TEST_STEP][PASSED] - verifyTextPresent("Bhavnagar", true): Text 'Bhavnagar' is present on page  using regular expression

2022-06-30 22:38:57 - [MESSAGE][PASSED] - Text 'Bhavnagar' is present on page  using regular expression

2022-06-30 22:38:57 - [TEST_STEP][PASSED] - verifyTextPresent("Noida", true): Text 'Noida' is present on page  using regular expression

2022-06-30 22:38:58 - [MESSAGE][PASSED] - Text 'Noida' is present on page  using regular expression

2022-06-30 22:38:58 - [TEST_STEP][PASSED] - verifyTextPresent("Amount", true): Text 'Amount' is present on page  using regular expression

2022-06-30 22:38:58 - [MESSAGE][PASSED] - Text 'Amount' is present on page  using regular expression

2022-06-30 22:38:58 - [TEST_STEP][PASSED] - verifyTextPresent("2.50", true): Text '2.50' is present on page  using regular expression

2022-06-30 22:38:58 - [MESSAGE][PASSED] - Text '2.50' is present on page  using regular expression

2022-06-30 22:38:58 - [TEST_STEP][PASSED] - verifyTextPresent("Transaction Type", true): Text 'Transaction Type' is present on page  using regular expression

2022-06-30 22:38:59 - [MESSAGE][PASSED] - Text 'Transaction Type' is present on page  using regular expression

2022-06-30 22:38:59 - [TEST_STEP][PASSED] - verifyTextPresent("Debit", true): Text 'Debit' is present on page  using regular expression

2022-06-30 22:38:59 - [MESSAGE][PASSED] - Text 'Debit' is present on page  using regular expression

2022-06-30 22:38:59 - [TEST_STEP][PASSED] - verifyTextPresent("Check Information", true): Text 'Check Information' is present on page  using regular expression

2022-06-30 22:38:59 - [MESSAGE][PASSED] - Text 'Check Information' is present on page  using regular expression

2022-06-30 22:38:59 - [TEST_STEP][PASSED] - verifyTextPresent("Account Type", true): Text 'Account Type' is present on page  using regular expression

2022-06-30 22:39:00 - [MESSAGE][PASSED] - Text 'Account Type' is present on page  using regular expression

2022-06-30 22:39:00 - [TEST_STEP][PASSED] - verifyTextPresent("Account Number", true): Text 'Account Number' is present on page  using regular expression

2022-06-30 22:39:00 - [MESSAGE][PASSED] - Text 'Account Number' is present on page  using regular expression

2022-06-30 22:39:00 - [TEST_STEP][PASSED] - verifyTextPresent("Routing Number", true): Text 'Routing Number' is present on page  using regular expression

2022-06-30 22:39:00 - [MESSAGE][PASSED] - Text 'Routing Number' is present on page  using regular expression

2022-06-30 22:39:00 - [TEST_STEP][PASSED] - verifyTextPresent("Address Line 1", true): Text 'Address Line 1' is present on page  using regular expression

2022-06-30 22:39:01 - [MESSAGE][PASSED] - Text 'Address Line 1' is present on page  using regular expression

2022-06-30 22:39:01 - [TEST_STEP][PASSED] - verifyTextPresent("Address Line 2", true): Text 'Address Line 2' is present on page  using regular expression

2022-06-30 22:39:01 - [MESSAGE][PASSED] - Text 'Address Line 2' is present on page  using regular expression

2022-06-30 22:39:01 - [TEST_STEP][PASSED] - verifyTextPresent("Country", true): Text 'Country' is present on page  using regular expression

2022-06-30 22:39:01 - [MESSAGE][PASSED] - Text 'Country' is present on page  using regular expression

2022-06-30 22:39:01 - [TEST_STEP][PASSED] - verifyTextPresent("City", true): Text 'City' is present on page  using regular expression

2022-06-30 22:39:01 - [MESSAGE][PASSED] - Text 'City' is present on page  using regular expression

2022-06-30 22:39:01 - [TEST_STEP][PASSED] - verifyTextPresent("State", true): Text 'State' is present on page  using regular expression

2022-06-30 22:39:02 - [MESSAGE][PASSED] - Text 'State' is present on page  using regular expression

2022-06-30 22:39:02 - [TEST_STEP][PASSED] - verifyTextPresent("ZIP Code", true): Text 'ZIP Code' is present on page  using regular expression

2022-06-30 22:39:02 - [MESSAGE][PASSED] - Text 'ZIP Code' is present on page  using regular expression

2022-06-30 22:39:02 - [TEST_STEP][PASSED] - verifyTextPresent("248 PhoolKaante road", true): Text '248 PhoolKaante road' is present on page  using regular expression

2022-06-30 22:39:02 - [MESSAGE][PASSED] - Text '248 PhoolKaante road' is present on page  using regular expression

2022-06-30 22:39:02 - [TEST_STEP][PASSED] - verifyTextPresent("Suite 678", true): Text 'Suite 678' is present on page  using regular expression

2022-06-30 22:39:03 - [MESSAGE][PASSED] - Text 'Suite 678' is present on page  using regular expression

2022-06-30 22:39:03 - [TEST_STEP][PASSED] - verifyTextPresent("United States", true): Text 'United States' is present on page  using regular expression

2022-06-30 22:39:03 - [MESSAGE][PASSED] - Text 'United States' is present on page  using regular expression

2022-06-30 22:39:03 - [TEST_STEP][PASSED] - verifyTextPresent("ARLINGTON", true): Text 'ARLINGTON' is present on page  using regular expression

2022-06-30 22:39:03 - [MESSAGE][PASSED] - Text 'ARLINGTON' is present on page  using regular expression

2022-06-30 22:39:03 - [TEST_STEP][PASSED] - verifyTextPresent("Virginia", true): Text 'Virginia' is present on page  using regular expression

2022-06-30 22:39:04 - [MESSAGE][PASSED] - Text 'Virginia' is present on page  using regular expression

2022-06-30 22:39:04 - [TEST_STEP][PASSED] - verifyTextPresent("22201", true): Text '22201' is present on page  using regular expression

2022-06-30 22:39:04 - [MESSAGE][PASSED] - Text '22201' is present on page  using regular expression

2022-06-30 22:39:04 - [TEST_STEP][PASSED] - tranType = findTestData(dataFile).getValue("TranType", row): null

2022-06-30 22:39:04 - [TEST_STEP][PASSED] - last4V = findTestData(dataFile).getValue("Last4", row): null

2022-06-30 22:39:04 - [TEST_STEP][PASSED] - verifyTextPresent(tranType, true): Text 'Checking' is present on page  using regular expression

2022-06-30 22:39:04 - [MESSAGE][PASSED] - Text 'Checking' is present on page  using regular expression

2022-06-30 22:39:04 - [TEST_STEP][PASSED] - verifyTextPresent(last4V, true): Text '2222' is present on page  using regular expression

2022-06-30 22:39:05 - [MESSAGE][PASSED] - Text '2222' is present on page  using regular expression

2022-06-30 22:39:05 - [TEST_STEP][PASSED] - if (profNameLink.equalsIgnoreCase("a_PaymentsPC")): Text 'TANDON RAVENA' is present on page  using regular expression

2022-06-30 22:39:05 - [TEST_STEP][PASSED] - verifyTextPresent("Name on Account", true): Text 'Name on Account' is present on page  using regular expression

2022-06-30 22:39:05 - [MESSAGE][PASSED] - Text 'Name on Account' is present on page  using regular expression

2022-06-30 22:39:05 - [TEST_STEP][PASSED] - verifyTextPresent("TANDON RAVENA", true): Text 'TANDON RAVENA' is present on page  using regular expression

2022-06-30 22:39:05 - [MESSAGE][PASSED] - Text 'TANDON RAVENA' is present on page  using regular expression

2022-06-30 22:39:05 - [TEST_STEP][PASSED] - if (profNameLink.equalsIgnoreCase("a_PaymentsPS")): null

2022-06-30 22:39:05 - [TEST_STEP][PASSED] - if (profNameLink.equalsIgnoreCase("a_PaymentsCorp")): null

2022-06-30 22:39:05 - [TEST_STEP][PASSED] - switch (appName): null

2022-06-30 22:39:05 - [TEST_STEP][PASSED] - closeBrowser(): Browser is closed

2022-06-30 22:39:06 - [MESSAGE][PASSED] - Browser is closed

2022-06-30 22:39:06 - [TEST_STEP][PASSED] - ExecuteTC = findTestData(dataFile).getValue("Execute", row): null

2022-06-30 22:39:06 - [TEST_STEP][PASSED] - out.println("Value of Execute is : " + ExecuteTC): null

2022-06-30 22:39:06 - [TEST_STEP][PASSED] - switch (executionProfile): null

2022-06-30 22:39:06 - [TEST_STEP][PASSED] - case "QAProfile":: null

2022-06-30 22:39:06 - [TEST_STEP][PASSED] - appName = findTestData(dataFile).getValue("AppNameQA", row): null

2022-06-30 22:39:06 - [TEST_STEP][PASSED] - appID = findTestData(dataFile).getValue("AppIDQA", row): null

2022-06-30 22:39:06 - [TEST_STEP][PASSED] - break: null

2022-06-30 22:39:06 - [TEST_STEP][PASSED] - if (ExecuteTC.equalsIgnoreCase("Y")): null

2022-06-30 22:39:06 - [TEST_STEP][PASSED] - out.println("Begin Record Number: " + row): null

2022-06-30 22:39:06 - [TEST_STEP][PASSED] - today = new java.util.Date(): null

2022-06-30 22:39:06 - [TEST_STEP][PASSED] - println(today): null

2022-06-30 22:39:06 - [TEST_STEP][PASSED] - datText = today: null

2022-06-30 22:39:06 - [TEST_STEP][PASSED] - adminSuiteBootstrap.loginFunctionality.login_AdminSuite(): adminSuiteBootstrap.loginFunctionality.login_AdminSuite is PASSED

2022-06-30 22:39:06 - [MESSAGE][INFO] - Starting 'Chrome' driver

2022-06-30 22:39:06 - [MESSAGE][INFO] - User set preference: ['acceptInsecureCerts', 'true']

2022-06-30 22:39:06 - [MESSAGE][INFO] - Action delay is set to 0 milliseconds

2022-06-30 22:39:09 - [MESSAGE][PASSED] - Browser is opened with url: 'https://qa.velocitypayment.com/admin/imtiaz'

2022-06-30 22:39:09 - [MESSAGE][PASSED] - Current window maximized

2022-06-30 22:39:10 - [MESSAGE][PASSED] - Object 'Object Repository/Login_Page/Login_Username' is present

2022-06-30 22:39:11 - [MESSAGE][PASSED] - Text 'iahmed' is set on object 'Object Repository/Login_Page/Login_Username'

2022-06-30 22:39:11 - [MESSAGE][PASSED] - Text 'hello2222' is set on object 'Object Repository/Login_Page/Login_Password'

2022-06-30 22:39:15 - [MESSAGE][PASSED] - Object: 'Object Repository/Login_Page/Login_Submit' is clicked on

2022-06-30 22:39:15 - [MESSAGE][PASSED] - adminSuiteBootstrap.loginFunctionality.login_AdminSuite is PASSED

2022-06-30 22:39:15 - [TEST_STEP][PASSED] - click(findTestObject(path_Dashboard + appName)): Object: 'Object Repository/AdminSuiteBootstrap_Pages/Dashboard_Bootstrap/a_Access AutoNoCFtp' is clicked on

2022-06-30 22:39:16 - [MESSAGE][PASSED] - Object: 'Object Repository/AdminSuiteBootstrap_Pages/Dashboard_Bootstrap/a_Access AutoNoCFtp' is clicked on

2022-06-30 22:39:16 - [TEST_STEP][PASSED] - click(findTestObject(path_VT + "a_Find Profile")): Object: 'Object Repository/AdminSuiteBootstrap_Pages/VT_Bootstrap/IssueTransactions/a_Find Profile' is clicked on

2022-06-30 22:39:17 - [MESSAGE][PASSED] - Object: 'Object Repository/AdminSuiteBootstrap_Pages/VT_Bootstrap/IssueTransactions/a_Find Profile' is clicked on

2022-06-30 22:39:17 - [TEST_STEP][PASSED] - criteria = <not implemented yet for class: org.codehaus.groovy.ast.expr.EmptyExpression>: null

2022-06-30 22:39:17 - [TEST_STEP][PASSED] - searchBy = <not implemented yet for class: org.codehaus.groovy.ast.expr.EmptyExpression>: null

2022-06-30 22:39:17 - [TEST_STEP][PASSED] - criteria = findTestData(dataFile).getValue("ProfileName", row): null

2022-06-30 22:39:17 - [TEST_STEP][PASSED] - path_SearchProfile = "Object Repository/AdminSuiteBootstrap_Pages/VSP_Bootstrap/SearchProfile/": null

2022-06-30 22:39:17 - [TEST_STEP][PASSED] - setText(findTestObject(path_SearchProfile + "input_Criteria"), criteria): Text 'PaymentsPS' is set on object 'Object Repository/AdminSuiteBootstrap_Pages/VSP_Bootstrap/SearchProfile/input_Criteria'

2022-06-30 22:39:17 - [MESSAGE][PASSED] - Text 'PaymentsPS' is set on object 'Object Repository/AdminSuiteBootstrap_Pages/VSP_Bootstrap/SearchProfile/input_Criteria'

2022-06-30 22:39:17 - [TEST_STEP][PASSED] - click(findTestObject(path_SearchProfile + "button_Search")): Object: 'Object Repository/AdminSuiteBootstrap_Pages/VSP_Bootstrap/SearchProfile/button_Search' is clicked on

2022-06-30 22:39:19 - [MESSAGE][PASSED] - Object: 'Object Repository/AdminSuiteBootstrap_Pages/VSP_Bootstrap/SearchProfile/button_Search' is clicked on

2022-06-30 22:39:19 - [TEST_STEP][PASSED] - profNameLink = findTestData(dataFile).getValue("ProfileNameLink", row): null

2022-06-30 22:39:19 - [TEST_STEP][PASSED] - click(findTestObject(path_ViewProfile + profNameLink)): Object: 'Object Repository/AdminSuiteBootstrap_Pages/VSP_Bootstrap/View Profile/a_PaymentsPS' is clicked on

2022-06-30 22:39:20 - [MESSAGE][PASSED] - Object: 'Object Repository/AdminSuiteBootstrap_Pages/VSP_Bootstrap/View Profile/a_PaymentsPS' is clicked on

2022-06-30 22:39:20 - [TEST_STEP][PASSED] - click(findTestObject(path_ViewProfile + "a_Debit")): Object: 'Object Repository/AdminSuiteBootstrap_Pages/VSP_Bootstrap/View Profile/a_Debit' is clicked on

2022-06-30 22:39:21 - [MESSAGE][PASSED] - Object: 'Object Repository/AdminSuiteBootstrap_Pages/VSP_Bootstrap/View Profile/a_Debit' is clicked on

2022-06-30 22:39:21 - [TEST_STEP][PASSED] - verifyTextPresent("Remittance ID", true): Text 'Remittance ID' is present on page  using regular expression

2022-06-30 22:39:22 - [MESSAGE][PASSED] - Text 'Remittance ID' is present on page  using regular expression

2022-06-30 22:39:22 - [TEST_STEP][PASSED] - vspBootstrap.ACHDebitPage.setDataACHDebit(row, dataFile): vspBootstrap.ACHDebitPage.setDataACHDebit is PASSED

2022-06-30 22:39:24 - [MESSAGE][PASSED] - All options with value 'PPD' are selected in object 'Object Repository/AdminSuiteBootstrap_Pages/VSP_Bootstrap/VSP_Debit/select_StdEntryClass'  using regular expression

2022-06-30 22:39:24 - [MESSAGE][PASSED] - Text '' is set on object 'Object Repository/AdminSuiteBootstrap_Pages/VSP_Bootstrap/VSP_Debit/input_smsNumber'

2022-06-30 22:39:25 - [MESSAGE][PASSED] - Text '2.50' is set on object 'Object Repository/AdminSuiteBootstrap_Pages/VSP_Bootstrap/VSP_Debit/input_amount'

2022-06-30 22:39:25 - [MESSAGE][PASSED] - Text 'Delhi' is set on object 'Object Repository/AdminSuiteBootstrap_Pages/VSP_Bootstrap/VSP_Debit/input_userDefined1'

2022-06-30 22:39:26 - [MESSAGE][PASSED] - Text 'Chennai' is set on object 'Object Repository/AdminSuiteBootstrap_Pages/VSP_Bootstrap/VSP_Debit/input_userDefined2'

2022-06-30 22:39:27 - [MESSAGE][PASSED] - Text 'Mumbai' is set on object 'Object Repository/AdminSuiteBootstrap_Pages/VSP_Bootstrap/VSP_Debit/input_userDefined3'

2022-06-30 22:39:27 - [MESSAGE][PASSED] - Text 'Kanpur' is set on object 'Object Repository/AdminSuiteBootstrap_Pages/VSP_Bootstrap/VSP_Debit/input_userDefined4'

2022-06-30 22:39:28 - [MESSAGE][PASSED] - All options with label 'Orange' are selected in object 'Object Repository/AdminSuiteBootstrap_Pages/VSP_Bootstrap/VSP_Debit/select_UDF5'  using regular expression

2022-06-30 22:39:29 - [MESSAGE][PASSED] - All options with label 'Yellow' are selected in object 'Object Repository/AdminSuiteBootstrap_Pages/VSP_Bootstrap/VSP_Debit/select_UDF6'  using regular expression

2022-06-30 22:39:30 - [MESSAGE][PASSED] - Text 'Kolkata' is set on object 'Object Repository/AdminSuiteBootstrap_Pages/VSP_Bootstrap/VSP_Debit/input_userDefined7'

2022-06-30 22:39:31 - [MESSAGE][PASSED] - Text 'Pune' is set on object 'Object Repository/AdminSuiteBootstrap_Pages/VSP_Bootstrap/VSP_Debit/input_userDefined8'

2022-06-30 22:39:31 - [MESSAGE][PASSED] - Text 'Bhavnagar' is set on object 'Object Repository/AdminSuiteBootstrap_Pages/VSP_Bootstrap/VSP_Debit/input_userDefined9'

2022-06-30 22:39:32 - [MESSAGE][PASSED] - Text 'Noida' is set on object 'Object Repository/AdminSuiteBootstrap_Pages/VSP_Bootstrap/VSP_Debit/input_userDefined10'

2022-06-30 22:39:34 - [MESSAGE][PASSED] - Object: 'Object Repository/AdminSuiteBootstrap_Pages/VSP_Bootstrap/VSP_Debit/button_Submit' is clicked on

2022-06-30 22:39:34 - [MESSAGE][PASSED] - vspBootstrap.ACHDebitPage.setDataACHDebit is PASSED

2022-06-30 22:39:34 - [TEST_STEP][PASSED] - verifyTextPresent("Transaction Successful", true): Text 'Transaction Successful' is present on page  using regular expression

2022-06-30 22:39:34 - [MESSAGE][PASSED] - Text 'Transaction Successful' is present on page  using regular expression

2022-06-30 22:39:34 - [TEST_STEP][PASSED] - verifyElementVisible(findTestObject("Object Repository/AdminSuiteBootstrap_Pages/VT_Bootstrap/Receipt/button_Continue")): Object 'Object Repository/AdminSuiteBootstrap_Pages/VT_Bootstrap/Receipt/button_Continue' is visible

2022-06-30 22:39:35 - [MESSAGE][PASSED] - Object 'Object Repository/AdminSuiteBootstrap_Pages/VT_Bootstrap/Receipt/button_Continue' is visible

2022-06-30 22:39:35 - [TEST_STEP][PASSED] - verifyElementPresent(findTestObject("Object Repository/AdminSuiteBootstrap_Pages/VT_Bootstrap/Receipt/button_Continue"), 20): Object 'Object Repository/AdminSuiteBootstrap_Pages/VT_Bootstrap/Receipt/button_Continue' is present

2022-06-30 22:39:35 - [MESSAGE][PASSED] - Object 'Object Repository/AdminSuiteBootstrap_Pages/VT_Bootstrap/Receipt/button_Continue' is present

2022-06-30 22:39:35 - [TEST_STEP][PASSED] - verifyElementVisible(findTestObject("Object Repository/AdminSuiteBootstrap_Pages/VT_Bootstrap/Receipt/button_Print")): Object 'Object Repository/AdminSuiteBootstrap_Pages/VT_Bootstrap/Receipt/button_Print' is visible

2022-06-30 22:39:35 - [MESSAGE][PASSED] - Object 'Object Repository/AdminSuiteBootstrap_Pages/VT_Bootstrap/Receipt/button_Print' is visible

2022-06-30 22:39:35 - [TEST_STEP][PASSED] - verifyElementPresent(findTestObject("Object Repository/AdminSuiteBootstrap_Pages/VT_Bootstrap/Receipt/button_Print"), 20): Object 'Object Repository/AdminSuiteBootstrap_Pages/VT_Bootstrap/Receipt/button_Print' is present

2022-06-30 22:39:36 - [MESSAGE][PASSED] - Object 'Object Repository/AdminSuiteBootstrap_Pages/VT_Bootstrap/Receipt/button_Print' is present

2022-06-30 22:39:36 - [TEST_STEP][PASSED] - verifyTextPresent("Remittance ID", true): Text 'Remittance ID' is present on page  using regular expression

2022-06-30 22:39:36 - [MESSAGE][PASSED] - Text 'Remittance ID' is present on page  using regular expression

2022-06-30 22:39:36 - [TEST_STEP][PASSED] - verifyTextPresent("Received", true): Text 'Received' is present on page  using regular expression

2022-06-30 22:39:36 - [MESSAGE][PASSED] - Text 'Received' is present on page  using regular expression

2022-06-30 22:39:36 - [TEST_STEP][PASSED] - verifyTextPresent("UDF1", true): Text 'UDF1' is present on page  using regular expression

2022-06-30 22:39:37 - [MESSAGE][PASSED] - Text 'UDF1' is present on page  using regular expression

2022-06-30 22:39:37 - [TEST_STEP][PASSED] - verifyTextPresent("UDF2", true): Text 'UDF2' is present on page  using regular expression

2022-06-30 22:39:37 - [MESSAGE][PASSED] - Text 'UDF2' is present on page  using regular expression

2022-06-30 22:39:37 - [TEST_STEP][PASSED] - verifyTextPresent("UDF3", true): Text 'UDF3' is present on page  using regular expression

2022-06-30 22:39:37 - [MESSAGE][PASSED] - Text 'UDF3' is present on page  using regular expression

2022-06-30 22:39:37 - [TEST_STEP][PASSED] - verifyTextPresent("UDF4", true): Text 'UDF4' is present on page  using regular expression

2022-06-30 22:39:38 - [MESSAGE][PASSED] - Text 'UDF4' is present on page  using regular expression

2022-06-30 22:39:38 - [TEST_STEP][PASSED] - verifyTextPresent("UDF5", true): Text 'UDF5' is present on page  using regular expression

2022-06-30 22:39:38 - [MESSAGE][PASSED] - Text 'UDF5' is present on page  using regular expression

2022-06-30 22:39:38 - [TEST_STEP][PASSED] - verifyTextPresent("UDF6", true): Text 'UDF6' is present on page  using regular expression

2022-06-30 22:39:38 - [MESSAGE][PASSED] - Text 'UDF6' is present on page  using regular expression

2022-06-30 22:39:38 - [TEST_STEP][PASSED] - verifyTextPresent("UDF7", true): Text 'UDF7' is present on page  using regular expression

2022-06-30 22:39:38 - [MESSAGE][PASSED] - Text 'UDF7' is present on page  using regular expression

2022-06-30 22:39:38 - [TEST_STEP][PASSED] - verifyTextPresent("UDF8", true): Text 'UDF8' is present on page  using regular expression

2022-06-30 22:39:39 - [MESSAGE][PASSED] - Text 'UDF8' is present on page  using regular expression

2022-06-30 22:39:39 - [TEST_STEP][PASSED] - verifyTextPresent("UDF9", true): Text 'UDF9' is present on page  using regular expression

2022-06-30 22:39:39 - [MESSAGE][PASSED] - Text 'UDF9' is present on page  using regular expression

2022-06-30 22:39:39 - [TEST_STEP][PASSED] - verifyTextPresent("UDF 10", true): Text 'UDF 10' is present on page  using regular expression

2022-06-30 22:39:39 - [MESSAGE][PASSED] - Text 'UDF 10' is present on page  using regular expression

2022-06-30 22:39:39 - [TEST_STEP][PASSED] - verifyTextPresent("Delhi", true): Text 'Delhi' is present on page  using regular expression

2022-06-30 22:39:40 - [MESSAGE][PASSED] - Text 'Delhi' is present on page  using regular expression

2022-06-30 22:39:40 - [TEST_STEP][PASSED] - verifyTextPresent("Chennai", true): Text 'Chennai' is present on page  using regular expression

2022-06-30 22:39:40 - [MESSAGE][PASSED] - Text 'Chennai' is present on page  using regular expression

2022-06-30 22:39:40 - [TEST_STEP][PASSED] - verifyTextPresent("Mumbai", true): Text 'Mumbai' is present on page  using regular expression

2022-06-30 22:39:40 - [MESSAGE][PASSED] - Text 'Mumbai' is present on page  using regular expression

2022-06-30 22:39:40 - [TEST_STEP][PASSED] - verifyTextPresent("Kanpur", true): Text 'Kanpur' is present on page  using regular expression

2022-06-30 22:39:41 - [MESSAGE][PASSED] - Text 'Kanpur' is present on page  using regular expression

2022-06-30 22:39:41 - [TEST_STEP][PASSED] - verifyTextPresent("Orange Recorded", true): Text 'Orange Recorded' is present on page  using regular expression

2022-06-30 22:39:41 - [MESSAGE][PASSED] - Text 'Orange Recorded' is present on page  using regular expression

2022-06-30 22:39:41 - [TEST_STEP][PASSED] - verifyTextPresent("Yellow Recorded", true): Text 'Yellow Recorded' is present on page  using regular expression

2022-06-30 22:39:41 - [MESSAGE][PASSED] - Text 'Yellow Recorded' is present on page  using regular expression

2022-06-30 22:39:41 - [TEST_STEP][PASSED] - verifyTextPresent("Kolkata", true): Text 'Kolkata' is present on page  using regular expression

2022-06-30 22:39:41 - [MESSAGE][PASSED] - Text 'Kolkata' is present on page  using regular expression

2022-06-30 22:39:41 - [TEST_STEP][PASSED] - verifyTextPresent("Pune", true): Text 'Pune' is present on page  using regular expression

2022-06-30 22:39:42 - [MESSAGE][PASSED] - Text 'Pune' is present on page  using regular expression

2022-06-30 22:39:42 - [TEST_STEP][PASSED] - verifyTextPresent("Bhavnagar", true): Text 'Bhavnagar' is present on page  using regular expression

2022-06-30 22:39:42 - [MESSAGE][PASSED] - Text 'Bhavnagar' is present on page  using regular expression

2022-06-30 22:39:42 - [TEST_STEP][PASSED] - verifyTextPresent("Noida", true): Text 'Noida' is present on page  using regular expression

2022-06-30 22:39:42 - [MESSAGE][PASSED] - Text 'Noida' is present on page  using regular expression

2022-06-30 22:39:42 - [TEST_STEP][PASSED] - verifyTextPresent("Amount", true): Text 'Amount' is present on page  using regular expression

2022-06-30 22:39:43 - [MESSAGE][PASSED] - Text 'Amount' is present on page  using regular expression

2022-06-30 22:39:43 - [TEST_STEP][PASSED] - verifyTextPresent("2.50", true): Text '2.50' is present on page  using regular expression

2022-06-30 22:39:43 - [MESSAGE][PASSED] - Text '2.50' is present on page  using regular expression

2022-06-30 22:39:43 - [TEST_STEP][PASSED] - verifyTextPresent("Transaction Type", true): Text 'Transaction Type' is present on page  using regular expression

2022-06-30 22:39:43 - [MESSAGE][PASSED] - Text 'Transaction Type' is present on page  using regular expression

2022-06-30 22:39:43 - [TEST_STEP][PASSED] - verifyTextPresent("Debit", true): Text 'Debit' is present on page  using regular expression

2022-06-30 22:39:44 - [MESSAGE][PASSED] - Text 'Debit' is present on page  using regular expression

2022-06-30 22:39:44 - [TEST_STEP][PASSED] - verifyTextPresent("Check Information", true): Text 'Check Information' is present on page  using regular expression

2022-06-30 22:39:44 - [MESSAGE][PASSED] - Text 'Check Information' is present on page  using regular expression

2022-06-30 22:39:44 - [TEST_STEP][PASSED] - verifyTextPresent("Account Type", true): Text 'Account Type' is present on page  using regular expression

2022-06-30 22:39:44 - [MESSAGE][PASSED] - Text 'Account Type' is present on page  using regular expression

2022-06-30 22:39:44 - [TEST_STEP][PASSED] - verifyTextPresent("Account Number", true): Text 'Account Number' is present on page  using regular expression

2022-06-30 22:39:45 - [MESSAGE][PASSED] - Text 'Account Number' is present on page  using regular expression

2022-06-30 22:39:45 - [TEST_STEP][PASSED] - verifyTextPresent("Routing Number", true): Text 'Routing Number' is present on page  using regular expression

2022-06-30 22:39:45 - [MESSAGE][PASSED] - Text 'Routing Number' is present on page  using regular expression

2022-06-30 22:39:45 - [TEST_STEP][PASSED] - verifyTextPresent("Address Line 1", true): Text 'Address Line 1' is present on page  using regular expression

2022-06-30 22:39:45 - [MESSAGE][PASSED] - Text 'Address Line 1' is present on page  using regular expression

2022-06-30 22:39:45 - [TEST_STEP][PASSED] - verifyTextPresent("Address Line 2", true): Text 'Address Line 2' is present on page  using regular expression

2022-06-30 22:39:46 - [MESSAGE][PASSED] - Text 'Address Line 2' is present on page  using regular expression

2022-06-30 22:39:46 - [TEST_STEP][PASSED] - verifyTextPresent("Country", true): Text 'Country' is present on page  using regular expression

2022-06-30 22:39:46 - [MESSAGE][PASSED] - Text 'Country' is present on page  using regular expression

2022-06-30 22:39:46 - [TEST_STEP][PASSED] - verifyTextPresent("City", true): Text 'City' is present on page  using regular expression

2022-06-30 22:39:46 - [MESSAGE][PASSED] - Text 'City' is present on page  using regular expression

2022-06-30 22:39:46 - [TEST_STEP][PASSED] - verifyTextPresent("State", true): Text 'State' is present on page  using regular expression

2022-06-30 22:39:47 - [MESSAGE][PASSED] - Text 'State' is present on page  using regular expression

2022-06-30 22:39:47 - [TEST_STEP][PASSED] - verifyTextPresent("ZIP Code", true): Text 'ZIP Code' is present on page  using regular expression

2022-06-30 22:39:47 - [MESSAGE][PASSED] - Text 'ZIP Code' is present on page  using regular expression

2022-06-30 22:39:47 - [TEST_STEP][PASSED] - verifyTextPresent("248 PhoolKaante road", true): Text '248 PhoolKaante road' is present on page  using regular expression

2022-06-30 22:39:47 - [MESSAGE][PASSED] - Text '248 PhoolKaante road' is present on page  using regular expression

2022-06-30 22:39:47 - [TEST_STEP][PASSED] - verifyTextPresent("Suite 678", true): Text 'Suite 678' is present on page  using regular expression

2022-06-30 22:39:47 - [MESSAGE][PASSED] - Text 'Suite 678' is present on page  using regular expression

2022-06-30 22:39:48 - [TEST_STEP][PASSED] - verifyTextPresent("United States", true): Text 'United States' is present on page  using regular expression

2022-06-30 22:39:48 - [MESSAGE][PASSED] - Text 'United States' is present on page  using regular expression

2022-06-30 22:39:48 - [TEST_STEP][PASSED] - verifyTextPresent("ARLINGTON", true): Text 'ARLINGTON' is present on page  using regular expression

2022-06-30 22:39:48 - [MESSAGE][PASSED] - Text 'ARLINGTON' is present on page  using regular expression

2022-06-30 22:39:48 - [TEST_STEP][PASSED] - verifyTextPresent("Virginia", true): Text 'Virginia' is present on page  using regular expression

2022-06-30 22:39:49 - [MESSAGE][PASSED] - Text 'Virginia' is present on page  using regular expression

2022-06-30 22:39:49 - [TEST_STEP][PASSED] - verifyTextPresent("22201", true): Text '22201' is present on page  using regular expression

2022-06-30 22:39:49 - [MESSAGE][PASSED] - Text '22201' is present on page  using regular expression

2022-06-30 22:39:49 - [TEST_STEP][PASSED] - tranType = findTestData(dataFile).getValue("TranType", row): null

2022-06-30 22:39:49 - [TEST_STEP][PASSED] - last4V = findTestData(dataFile).getValue("Last4", row): null

2022-06-30 22:39:49 - [TEST_STEP][PASSED] - verifyTextPresent(tranType, true): Text 'Savings' is present on page  using regular expression

2022-06-30 22:39:49 - [MESSAGE][PASSED] - Text 'Savings' is present on page  using regular expression

2022-06-30 22:39:49 - [TEST_STEP][PASSED] - verifyTextPresent(last4V, true): Text '3333' is present on page  using regular expression

2022-06-30 22:39:50 - [MESSAGE][PASSED] - Text '3333' is present on page  using regular expression

2022-06-30 22:39:50 - [TEST_STEP][PASSED] - if (profNameLink.equalsIgnoreCase("a_PaymentsPC")): null

2022-06-30 22:39:50 - [TEST_STEP][PASSED] - if (profNameLink.equalsIgnoreCase("a_PaymentsPS")): Text 'TANDON RAVENA' is present on page  using regular expression

2022-06-30 22:39:50 - [TEST_STEP][PASSED] - verifyTextPresent("Name on Account", true): Text 'Name on Account' is present on page  using regular expression

2022-06-30 22:39:50 - [MESSAGE][PASSED] - Text 'Name on Account' is present on page  using regular expression

2022-06-30 22:39:50 - [TEST_STEP][PASSED] - verifyTextPresent("TANDON RAVENA", true): Text 'TANDON RAVENA' is present on page  using regular expression

2022-06-30 22:39:50 - [MESSAGE][PASSED] - Text 'TANDON RAVENA' is present on page  using regular expression

2022-06-30 22:39:50 - [TEST_STEP][PASSED] - if (profNameLink.equalsIgnoreCase("a_PaymentsCorp")): null

2022-06-30 22:39:50 - [TEST_STEP][PASSED] - switch (appName): null

2022-06-30 22:39:50 - [TEST_STEP][PASSED] - closeBrowser(): Browser is closed

2022-06-30 22:39:51 - [MESSAGE][PASSED] - Browser is closed

2022-06-30 22:39:51 - [TEST_STEP][PASSED] - ExecuteTC = findTestData(dataFile).getValue("Execute", row): null

2022-06-30 22:39:51 - [TEST_STEP][PASSED] - out.println("Value of Execute is : " + ExecuteTC): null

2022-06-30 22:39:51 - [TEST_STEP][PASSED] - switch (executionProfile): null

2022-06-30 22:39:51 - [TEST_STEP][PASSED] - case "QAProfile":: null

2022-06-30 22:39:51 - [TEST_STEP][PASSED] - appName = findTestData(dataFile).getValue("AppNameQA", row): null

2022-06-30 22:39:51 - [TEST_STEP][PASSED] - appID = findTestData(dataFile).getValue("AppIDQA", row): null

2022-06-30 22:39:51 - [TEST_STEP][PASSED] - break: null

2022-06-30 22:39:51 - [TEST_STEP][PASSED] - if (ExecuteTC.equalsIgnoreCase("Y")): null

2022-06-30 22:39:51 - [TEST_STEP][PASSED] - out.println("Begin Record Number: " + row): null

2022-06-30 22:39:51 - [TEST_STEP][PASSED] - today = new java.util.Date(): null

2022-06-30 22:39:51 - [TEST_STEP][PASSED] - println(today): null

2022-06-30 22:39:51 - [TEST_STEP][PASSED] - datText = today: null

2022-06-30 22:39:51 - [TEST_STEP][PASSED] - adminSuiteBootstrap.loginFunctionality.login_AdminSuite(): adminSuiteBootstrap.loginFunctionality.login_AdminSuite is PASSED

2022-06-30 22:39:51 - [MESSAGE][INFO] - Starting 'Chrome' driver

2022-06-30 22:39:51 - [MESSAGE][INFO] - User set preference: ['acceptInsecureCerts', 'true']

2022-06-30 22:39:51 - [MESSAGE][INFO] - Action delay is set to 0 milliseconds

2022-06-30 22:39:55 - [MESSAGE][PASSED] - Browser is opened with url: 'https://qa.velocitypayment.com/admin/imtiaz'

2022-06-30 22:39:55 - [MESSAGE][PASSED] - Current window maximized

2022-06-30 22:39:55 - [MESSAGE][PASSED] - Object 'Object Repository/Login_Page/Login_Username' is present

2022-06-30 22:39:56 - [MESSAGE][PASSED] - Text 'iahmed' is set on object 'Object Repository/Login_Page/Login_Username'

2022-06-30 22:39:57 - [MESSAGE][PASSED] - Text 'hello2222' is set on object 'Object Repository/Login_Page/Login_Password'

2022-06-30 22:40:01 - [MESSAGE][PASSED] - Object: 'Object Repository/Login_Page/Login_Submit' is clicked on

2022-06-30 22:40:01 - [MESSAGE][PASSED] - adminSuiteBootstrap.loginFunctionality.login_AdminSuite is PASSED

2022-06-30 22:40:01 - [TEST_STEP][PASSED] - click(findTestObject(path_Dashboard + appName)): Object: 'Object Repository/AdminSuiteBootstrap_Pages/Dashboard_Bootstrap/a_Access AutoNoCFtp' is clicked on

2022-06-30 22:40:02 - [MESSAGE][PASSED] - Object: 'Object Repository/AdminSuiteBootstrap_Pages/Dashboard_Bootstrap/a_Access AutoNoCFtp' is clicked on

2022-06-30 22:40:02 - [TEST_STEP][PASSED] - click(findTestObject(path_VT + "a_Find Profile")): Object: 'Object Repository/AdminSuiteBootstrap_Pages/VT_Bootstrap/IssueTransactions/a_Find Profile' is clicked on

2022-06-30 22:40:02 - [MESSAGE][PASSED] - Object: 'Object Repository/AdminSuiteBootstrap_Pages/VT_Bootstrap/IssueTransactions/a_Find Profile' is clicked on

2022-06-30 22:40:02 - [TEST_STEP][PASSED] - criteria = <not implemented yet for class: org.codehaus.groovy.ast.expr.EmptyExpression>: null

2022-06-30 22:40:02 - [TEST_STEP][PASSED] - searchBy = <not implemented yet for class: org.codehaus.groovy.ast.expr.EmptyExpression>: null

2022-06-30 22:40:02 - [TEST_STEP][PASSED] - criteria = findTestData(dataFile).getValue("ProfileName", row): null

2022-06-30 22:40:02 - [TEST_STEP][PASSED] - path_SearchProfile = "Object Repository/AdminSuiteBootstrap_Pages/VSP_Bootstrap/SearchProfile/": null

2022-06-30 22:40:02 - [TEST_STEP][PASSED] - setText(findTestObject(path_SearchProfile + "input_Criteria"), criteria): Text 'PaymentsPS' is set on object 'Object Repository/AdminSuiteBootstrap_Pages/VSP_Bootstrap/SearchProfile/input_Criteria'

2022-06-30 22:40:03 - [MESSAGE][PASSED] - Text 'PaymentsPS' is set on object 'Object Repository/AdminSuiteBootstrap_Pages/VSP_Bootstrap/SearchProfile/input_Criteria'

2022-06-30 22:40:03 - [TEST_STEP][PASSED] - click(findTestObject(path_SearchProfile + "button_Search")): Object: 'Object Repository/AdminSuiteBootstrap_Pages/VSP_Bootstrap/SearchProfile/button_Search' is clicked on

2022-06-30 22:40:05 - [MESSAGE][PASSED] - Object: 'Object Repository/AdminSuiteBootstrap_Pages/VSP_Bootstrap/SearchProfile/button_Search' is clicked on

2022-06-30 22:40:05 - [TEST_STEP][PASSED] - profNameLink = findTestData(dataFile).getValue("ProfileNameLink", row): null

2022-06-30 22:40:05 - [TEST_STEP][PASSED] - click(findTestObject(path_ViewProfile + profNameLink)): Object: 'Object Repository/AdminSuiteBootstrap_Pages/VSP_Bootstrap/View Profile/a_PaymentsPS' is clicked on

2022-06-30 22:40:07 - [MESSAGE][PASSED] - Object: 'Object Repository/AdminSuiteBootstrap_Pages/VSP_Bootstrap/View Profile/a_PaymentsPS' is clicked on

2022-06-30 22:40:07 - [TEST_STEP][PASSED] - click(findTestObject(path_ViewProfile + "a_Debit")): Object: 'Object Repository/AdminSuiteBootstrap_Pages/VSP_Bootstrap/View Profile/a_Debit' is clicked on

2022-06-30 22:40:08 - [MESSAGE][PASSED] - Object: 'Object Repository/AdminSuiteBootstrap_Pages/VSP_Bootstrap/View Profile/a_Debit' is clicked on

2022-06-30 22:40:08 - [TEST_STEP][PASSED] - verifyTextPresent("Remittance ID", true): Text 'Remittance ID' is present on page  using regular expression

2022-06-30 22:40:09 - [MESSAGE][PASSED] - Text 'Remittance ID' is present on page  using regular expression

2022-06-30 22:40:09 - [TEST_STEP][PASSED] - vspBootstrap.ACHDebitPage.setDataACHDebit(row, dataFile): vspBootstrap.ACHDebitPage.setDataACHDebit is PASSED

2022-06-30 22:40:11 - [MESSAGE][PASSED] - All options with value 'TEL' are selected in object 'Object Repository/AdminSuiteBootstrap_Pages/VSP_Bootstrap/VSP_Debit/select_StdEntryClass'  using regular expression

2022-06-30 22:40:11 - [MESSAGE][PASSED] - Text '' is set on object 'Object Repository/AdminSuiteBootstrap_Pages/VSP_Bootstrap/VSP_Debit/input_smsNumber'

2022-06-30 22:40:12 - [MESSAGE][PASSED] - Text '2.50' is set on object 'Object Repository/AdminSuiteBootstrap_Pages/VSP_Bootstrap/VSP_Debit/input_amount'

2022-06-30 22:40:13 - [MESSAGE][PASSED] - Text 'Delhi' is set on object 'Object Repository/AdminSuiteBootstrap_Pages/VSP_Bootstrap/VSP_Debit/input_userDefined1'

2022-06-30 22:40:13 - [MESSAGE][PASSED] - Text 'Chennai' is set on object 'Object Repository/AdminSuiteBootstrap_Pages/VSP_Bootstrap/VSP_Debit/input_userDefined2'

2022-06-30 22:40:14 - [MESSAGE][PASSED] - Text 'Mumbai' is set on object 'Object Repository/AdminSuiteBootstrap_Pages/VSP_Bootstrap/VSP_Debit/input_userDefined3'

2022-06-30 22:40:15 - [MESSAGE][PASSED] - Text 'Kanpur' is set on object 'Object Repository/AdminSuiteBootstrap_Pages/VSP_Bootstrap/VSP_Debit/input_userDefined4'

2022-06-30 22:40:16 - [MESSAGE][PASSED] - All options with label 'Orange' are selected in object 'Object Repository/AdminSuiteBootstrap_Pages/VSP_Bootstrap/VSP_Debit/select_UDF5'  using regular expression

2022-06-30 22:40:16 - [MESSAGE][PASSED] - All options with label 'Yellow' are selected in object 'Object Repository/AdminSuiteBootstrap_Pages/VSP_Bootstrap/VSP_Debit/select_UDF6'  using regular expression

2022-06-30 22:40:17 - [MESSAGE][PASSED] - Text 'Kolkata' is set on object 'Object Repository/AdminSuiteBootstrap_Pages/VSP_Bootstrap/VSP_Debit/input_userDefined7'

2022-06-30 22:40:18 - [MESSAGE][PASSED] - Text 'Pune' is set on object 'Object Repository/AdminSuiteBootstrap_Pages/VSP_Bootstrap/VSP_Debit/input_userDefined8'

2022-06-30 22:40:19 - [MESSAGE][PASSED] - Text 'Bhavnagar' is set on object 'Object Repository/AdminSuiteBootstrap_Pages/VSP_Bootstrap/VSP_Debit/input_userDefined9'

2022-06-30 22:40:19 - [MESSAGE][PASSED] - Text 'Noida' is set on object 'Object Repository/AdminSuiteBootstrap_Pages/VSP_Bootstrap/VSP_Debit/input_userDefined10'

2022-06-30 22:40:21 - [MESSAGE][PASSED] - Object: 'Object Repository/AdminSuiteBootstrap_Pages/VSP_Bootstrap/VSP_Debit/button_Submit' is clicked on

2022-06-30 22:40:21 - [MESSAGE][PASSED] - vspBootstrap.ACHDebitPage.setDataACHDebit is PASSED

2022-06-30 22:40:21 - [TEST_STEP][PASSED] - verifyTextPresent("Transaction Successful", true): Text 'Transaction Successful' is present on page  using regular expression

2022-06-30 22:40:21 - [MESSAGE][PASSED] - Text 'Transaction Successful' is present on page  using regular expression

2022-06-30 22:40:21 - [TEST_STEP][PASSED] - verifyElementVisible(findTestObject("Object Repository/AdminSuiteBootstrap_Pages/VT_Bootstrap/Receipt/button_Continue")): Object 'Object Repository/AdminSuiteBootstrap_Pages/VT_Bootstrap/Receipt/button_Continue' is visible

2022-06-30 22:40:21 - [MESSAGE][PASSED] - Object 'Object Repository/AdminSuiteBootstrap_Pages/VT_Bootstrap/Receipt/button_Continue' is visible

2022-06-30 22:40:21 - [TEST_STEP][PASSED] - verifyElementPresent(findTestObject("Object Repository/AdminSuiteBootstrap_Pages/VT_Bootstrap/Receipt/button_Continue"), 20): Object 'Object Repository/AdminSuiteBootstrap_Pages/VT_Bootstrap/Receipt/button_Continue' is present

2022-06-30 22:40:22 - [MESSAGE][PASSED] - Object 'Object Repository/AdminSuiteBootstrap_Pages/VT_Bootstrap/Receipt/button_Continue' is present

2022-06-30 22:40:22 - [TEST_STEP][PASSED] - verifyElementVisible(findTestObject("Object Repository/AdminSuiteBootstrap_Pages/VT_Bootstrap/Receipt/button_Print")): Object 'Object Repository/AdminSuiteBootstrap_Pages/VT_Bootstrap/Receipt/button_Print' is visible

2022-06-30 22:40:22 - [MESSAGE][PASSED] - Object 'Object Repository/AdminSuiteBootstrap_Pages/VT_Bootstrap/Receipt/button_Print' is visible

2022-06-30 22:40:22 - [TEST_STEP][PASSED] - verifyElementPresent(findTestObject("Object Repository/AdminSuiteBootstrap_Pages/VT_Bootstrap/Receipt/button_Print"), 20): Object 'Object Repository/AdminSuiteBootstrap_Pages/VT_Bootstrap/Receipt/button_Print' is present

2022-06-30 22:40:22 - [MESSAGE][PASSED] - Object 'Object Repository/AdminSuiteBootstrap_Pages/VT_Bootstrap/Receipt/button_Print' is present

2022-06-30 22:40:22 - [TEST_STEP][PASSED] - verifyTextPresent("Remittance ID", true): Text 'Remittance ID' is present on page  using regular expression

2022-06-30 22:40:23 - [MESSAGE][PASSED] - Text 'Remittance ID' is present on page  using regular expression

2022-06-30 22:40:23 - [TEST_STEP][PASSED] - verifyTextPresent("Received", true): Text 'Received' is present on page  using regular expression

2022-06-30 22:40:23 - [MESSAGE][PASSED] - Text 'Received' is present on page  using regular expression

2022-06-30 22:40:23 - [TEST_STEP][PASSED] - verifyTextPresent("UDF1", true): Text 'UDF1' is present on page  using regular expression

2022-06-30 22:40:23 - [MESSAGE][PASSED] - Text 'UDF1' is present on page  using regular expression

2022-06-30 22:40:23 - [TEST_STEP][PASSED] - verifyTextPresent("UDF2", true): Text 'UDF2' is present on page  using regular expression

2022-06-30 22:40:24 - [MESSAGE][PASSED] - Text 'UDF2' is present on page  using regular expression

2022-06-30 22:40:24 - [TEST_STEP][PASSED] - verifyTextPresent("UDF3", true): Text 'UDF3' is present on page  using regular expression

2022-06-30 22:40:24 - [MESSAGE][PASSED] - Text 'UDF3' is present on page  using regular expression

2022-06-30 22:40:24 - [TEST_STEP][PASSED] - verifyTextPresent("UDF4", true): Text 'UDF4' is present on page  using regular expression

2022-06-30 22:40:24 - [MESSAGE][PASSED] - Text 'UDF4' is present on page  using regular expression

2022-06-30 22:40:24 - [TEST_STEP][PASSED] - verifyTextPresent("UDF5", true): Text 'UDF5' is present on page  using regular expression

2022-06-30 22:40:25 - [MESSAGE][PASSED] - Text 'UDF5' is present on page  using regular expression

2022-06-30 22:40:25 - [TEST_STEP][PASSED] - verifyTextPresent("UDF6", true): Text 'UDF6' is present on page  using regular expression

2022-06-30 22:40:25 - [MESSAGE][PASSED] - Text 'UDF6' is present on page  using regular expression

2022-06-30 22:40:25 - [TEST_STEP][PASSED] - verifyTextPresent("UDF7", true): Text 'UDF7' is present on page  using regular expression

2022-06-30 22:40:26 - [MESSAGE][PASSED] - Text 'UDF7' is present on page  using regular expression

2022-06-30 22:40:26 - [TEST_STEP][PASSED] - verifyTextPresent("UDF8", true): Text 'UDF8' is present on page  using regular expression

2022-06-30 22:40:26 - [MESSAGE][PASSED] - Text 'UDF8' is present on page  using regular expression

2022-06-30 22:40:26 - [TEST_STEP][PASSED] - verifyTextPresent("UDF9", true): Text 'UDF9' is present on page  using regular expression

2022-06-30 22:40:26 - [MESSAGE][PASSED] - Text 'UDF9' is present on page  using regular expression

2022-06-30 22:40:26 - [TEST_STEP][PASSED] - verifyTextPresent("UDF 10", true): Text 'UDF 10' is present on page  using regular expression

2022-06-30 22:40:27 - [MESSAGE][PASSED] - Text 'UDF 10' is present on page  using regular expression

2022-06-30 22:40:27 - [TEST_STEP][PASSED] - verifyTextPresent("Delhi", true): Text 'Delhi' is present on page  using regular expression

2022-06-30 22:40:27 - [MESSAGE][PASSED] - Text 'Delhi' is present on page  using regular expression

2022-06-30 22:40:27 - [TEST_STEP][PASSED] - verifyTextPresent("Chennai", true): Text 'Chennai' is present on page  using regular expression

2022-06-30 22:40:27 - [MESSAGE][PASSED] - Text 'Chennai' is present on page  using regular expression

2022-06-30 22:40:27 - [TEST_STEP][PASSED] - verifyTextPresent("Mumbai", true): Text 'Mumbai' is present on page  using regular expression

2022-06-30 22:40:28 - [MESSAGE][PASSED] - Text 'Mumbai' is present on page  using regular expression

2022-06-30 22:40:28 - [TEST_STEP][PASSED] - verifyTextPresent("Kanpur", true): Text 'Kanpur' is present on page  using regular expression

2022-06-30 22:40:28 - [MESSAGE][PASSED] - Text 'Kanpur' is present on page  using regular expression

2022-06-30 22:40:28 - [TEST_STEP][PASSED] - verifyTextPresent("Orange Recorded", true): Text 'Orange Recorded' is present on page  using regular expression

2022-06-30 22:40:28 - [MESSAGE][PASSED] - Text 'Orange Recorded' is present on page  using regular expression

2022-06-30 22:40:28 - [TEST_STEP][PASSED] - verifyTextPresent("Yellow Recorded", true): Text 'Yellow Recorded' is present on page  using regular expression

2022-06-30 22:40:29 - [MESSAGE][PASSED] - Text 'Yellow Recorded' is present on page  using regular expression

2022-06-30 22:40:29 - [TEST_STEP][PASSED] - verifyTextPresent("Kolkata", true): Text 'Kolkata' is present on page  using regular expression

2022-06-30 22:40:29 - [MESSAGE][PASSED] - Text 'Kolkata' is present on page  using regular expression

2022-06-30 22:40:29 - [TEST_STEP][PASSED] - verifyTextPresent("Pune", true): Text 'Pune' is present on page  using regular expression

2022-06-30 22:40:29 - [MESSAGE][PASSED] - Text 'Pune' is present on page  using regular expression

2022-06-30 22:40:29 - [TEST_STEP][PASSED] - verifyTextPresent("Bhavnagar", true): Text 'Bhavnagar' is present on page  using regular expression

2022-06-30 22:40:29 - [MESSAGE][PASSED] - Text 'Bhavnagar' is present on page  using regular expression

2022-06-30 22:40:29 - [TEST_STEP][PASSED] - verifyTextPresent("Noida", true): Text 'Noida' is present on page  using regular expression

2022-06-30 22:40:30 - [MESSAGE][PASSED] - Text 'Noida' is present on page  using regular expression

2022-06-30 22:40:30 - [TEST_STEP][PASSED] - verifyTextPresent("Amount", true): Text 'Amount' is present on page  using regular expression

2022-06-30 22:40:30 - [MESSAGE][PASSED] - Text 'Amount' is present on page  using regular expression

2022-06-30 22:40:30 - [TEST_STEP][PASSED] - verifyTextPresent("2.50", true): Text '2.50' is present on page  using regular expression

2022-06-30 22:40:30 - [MESSAGE][PASSED] - Text '2.50' is present on page  using regular expression

2022-06-30 22:40:30 - [TEST_STEP][PASSED] - verifyTextPresent("Transaction Type", true): Text 'Transaction Type' is present on page  using regular expression

2022-06-30 22:40:31 - [MESSAGE][PASSED] - Text 'Transaction Type' is present on page  using regular expression

2022-06-30 22:40:31 - [TEST_STEP][PASSED] - verifyTextPresent("Debit", true): Text 'Debit' is present on page  using regular expression

2022-06-30 22:40:31 - [MESSAGE][PASSED] - Text 'Debit' is present on page  using regular expression

2022-06-30 22:40:31 - [TEST_STEP][PASSED] - verifyTextPresent("Check Information", true): Text 'Check Information' is present on page  using regular expression

2022-06-30 22:40:31 - [MESSAGE][PASSED] - Text 'Check Information' is present on page  using regular expression

2022-06-30 22:40:31 - [TEST_STEP][PASSED] - verifyTextPresent("Account Type", true): Text 'Account Type' is present on page  using regular expression

2022-06-30 22:40:32 - [MESSAGE][PASSED] - Text 'Account Type' is present on page  using regular expression

2022-06-30 22:40:32 - [TEST_STEP][PASSED] - verifyTextPresent("Account Number", true): Text 'Account Number' is present on page  using regular expression

2022-06-30 22:40:32 - [MESSAGE][PASSED] - Text 'Account Number' is present on page  using regular expression

2022-06-30 22:40:32 - [TEST_STEP][PASSED] - verifyTextPresent("Routing Number", true): Text 'Routing Number' is present on page  using regular expression

2022-06-30 22:40:32 - [MESSAGE][PASSED] - Text 'Routing Number' is present on page  using regular expression

2022-06-30 22:40:32 - [TEST_STEP][PASSED] - verifyTextPresent("Address Line 1", true): Text 'Address Line 1' is present on page  using regular expression

2022-06-30 22:40:32 - [MESSAGE][PASSED] - Text 'Address Line 1' is present on page  using regular expression

2022-06-30 22:40:32 - [TEST_STEP][PASSED] - verifyTextPresent("Address Line 2", true): Text 'Address Line 2' is present on page  using regular expression

2022-06-30 22:40:33 - [MESSAGE][PASSED] - Text 'Address Line 2' is present on page  using regular expression

2022-06-30 22:40:33 - [TEST_STEP][PASSED] - verifyTextPresent("Country", true): Text 'Country' is present on page  using regular expression

2022-06-30 22:40:33 - [MESSAGE][PASSED] - Text 'Country' is present on page  using regular expression

2022-06-30 22:40:33 - [TEST_STEP][PASSED] - verifyTextPresent("City", true): Text 'City' is present on page  using regular expression

2022-06-30 22:40:33 - [MESSAGE][PASSED] - Text 'City' is present on page  using regular expression

2022-06-30 22:40:33 - [TEST_STEP][PASSED] - verifyTextPresent("State", true): Text 'State' is present on page  using regular expression

2022-06-30 22:40:34 - [MESSAGE][PASSED] - Text 'State' is present on page  using regular expression

2022-06-30 22:40:34 - [TEST_STEP][PASSED] - verifyTextPresent("ZIP Code", true): Text 'ZIP Code' is present on page  using regular expression

2022-06-30 22:40:34 - [MESSAGE][PASSED] - Text 'ZIP Code' is present on page  using regular expression

2022-06-30 22:40:34 - [TEST_STEP][PASSED] - verifyTextPresent("248 PhoolKaante road", true): Text '248 PhoolKaante road' is present on page  using regular expression

2022-06-30 22:40:34 - [MESSAGE][PASSED] - Text '248 PhoolKaante road' is present on page  using regular expression

2022-06-30 22:40:34 - [TEST_STEP][PASSED] - verifyTextPresent("Suite 678", true): Text 'Suite 678' is present on page  using regular expression

2022-06-30 22:40:35 - [MESSAGE][PASSED] - Text 'Suite 678' is present on page  using regular expression

2022-06-30 22:40:35 - [TEST_STEP][PASSED] - verifyTextPresent("United States", true): Text 'United States' is present on page  using regular expression

2022-06-30 22:40:35 - [MESSAGE][PASSED] - Text 'United States' is present on page  using regular expression

2022-06-30 22:40:35 - [TEST_STEP][PASSED] - verifyTextPresent("ARLINGTON", true): Text 'ARLINGTON' is present on page  using regular expression

2022-06-30 22:40:35 - [MESSAGE][PASSED] - Text 'ARLINGTON' is present on page  using regular expression

2022-06-30 22:40:35 - [TEST_STEP][PASSED] - verifyTextPresent("Virginia", true): Text 'Virginia' is present on page  using regular expression

2022-06-30 22:40:36 - [MESSAGE][PASSED] - Text 'Virginia' is present on page  using regular expression

2022-06-30 22:40:36 - [TEST_STEP][PASSED] - verifyTextPresent("22201", true): Text '22201' is present on page  using regular expression

2022-06-30 22:40:36 - [MESSAGE][PASSED] - Text '22201' is present on page  using regular expression

2022-06-30 22:40:36 - [TEST_STEP][PASSED] - tranType = findTestData(dataFile).getValue("TranType", row): null

2022-06-30 22:40:36 - [TEST_STEP][PASSED] - last4V = findTestData(dataFile).getValue("Last4", row): null

2022-06-30 22:40:36 - [TEST_STEP][PASSED] - verifyTextPresent(tranType, true): Text 'Savings' is present on page  using regular expression

2022-06-30 22:40:36 - [MESSAGE][PASSED] - Text 'Savings' is present on page  using regular expression

2022-06-30 22:40:36 - [TEST_STEP][PASSED] - verifyTextPresent(last4V, true): Text '3333' is present on page  using regular expression

2022-06-30 22:40:37 - [MESSAGE][PASSED] - Text '3333' is present on page  using regular expression

2022-06-30 22:40:37 - [TEST_STEP][PASSED] - if (profNameLink.equalsIgnoreCase("a_PaymentsPC")): null

2022-06-30 22:40:37 - [TEST_STEP][PASSED] - if (profNameLink.equalsIgnoreCase("a_PaymentsPS")): Text 'TANDON RAVENA' is present on page  using regular expression

2022-06-30 22:40:37 - [TEST_STEP][PASSED] - verifyTextPresent("Name on Account", true): Text 'Name on Account' is present on page  using regular expression

2022-06-30 22:40:37 - [MESSAGE][PASSED] - Text 'Name on Account' is present on page  using regular expression

2022-06-30 22:40:37 - [TEST_STEP][PASSED] - verifyTextPresent("TANDON RAVENA", true): Text 'TANDON RAVENA' is present on page  using regular expression

2022-06-30 22:40:37 - [MESSAGE][PASSED] - Text 'TANDON RAVENA' is present on page  using regular expression

2022-06-30 22:40:37 - [TEST_STEP][PASSED] - if (profNameLink.equalsIgnoreCase("a_PaymentsCorp")): null

2022-06-30 22:40:37 - [TEST_STEP][PASSED] - switch (appName): null

2022-06-30 22:40:37 - [TEST_STEP][PASSED] - closeBrowser(): Browser is closed

2022-06-30 22:40:38 - [MESSAGE][PASSED] - Browser is closed

2022-06-30 22:40:38 - [TEST_STEP][PASSED] - ExecuteTC = findTestData(dataFile).getValue("Execute", row): null

2022-06-30 22:40:38 - [TEST_STEP][PASSED] - out.println("Value of Execute is : " + ExecuteTC): null

2022-06-30 22:40:38 - [TEST_STEP][PASSED] - switch (executionProfile): null

2022-06-30 22:40:38 - [TEST_STEP][PASSED] - case "QAProfile":: null

2022-06-30 22:40:38 - [TEST_STEP][PASSED] - appName = findTestData(dataFile).getValue("AppNameQA", row): null

2022-06-30 22:40:38 - [TEST_STEP][PASSED] - appID = findTestData(dataFile).getValue("AppIDQA", row): null

2022-06-30 22:40:38 - [TEST_STEP][PASSED] - break: null

2022-06-30 22:40:38 - [TEST_STEP][PASSED] - if (ExecuteTC.equalsIgnoreCase("Y")): null

2022-06-30 22:40:38 - [TEST_STEP][PASSED] - out.println("Begin Record Number: " + row): null

2022-06-30 22:40:38 - [TEST_STEP][PASSED] - today = new java.util.Date(): null

2022-06-30 22:40:38 - [TEST_STEP][PASSED] - println(today): null

2022-06-30 22:40:38 - [TEST_STEP][PASSED] - datText = today: null

2022-06-30 22:40:38 - [TEST_STEP][PASSED] - adminSuiteBootstrap.loginFunctionality.login_AdminSuite(): adminSuiteBootstrap.loginFunctionality.login_AdminSuite is PASSED

2022-06-30 22:40:38 - [MESSAGE][INFO] - Starting 'Chrome' driver

2022-06-30 22:40:38 - [MESSAGE][INFO] - User set preference: ['acceptInsecureCerts', 'true']

2022-06-30 22:40:38 - [MESSAGE][INFO] - Action delay is set to 0 milliseconds

2022-06-30 22:40:45 - [MESSAGE][PASSED] - Browser is opened with url: 'https://qa.velocitypayment.com/admin/imtiaz'

2022-06-30 22:40:46 - [MESSAGE][PASSED] - Current window maximized

2022-06-30 22:40:46 - [MESSAGE][PASSED] - Object 'Object Repository/Login_Page/Login_Username' is present

2022-06-30 22:40:47 - [MESSAGE][PASSED] - Text 'iahmed' is set on object 'Object Repository/Login_Page/Login_Username'

2022-06-30 22:40:47 - [MESSAGE][PASSED] - Text 'hello2222' is set on object 'Object Repository/Login_Page/Login_Password'

2022-06-30 22:40:52 - [MESSAGE][PASSED] - Object: 'Object Repository/Login_Page/Login_Submit' is clicked on

2022-06-30 22:40:52 - [MESSAGE][PASSED] - adminSuiteBootstrap.loginFunctionality.login_AdminSuite is PASSED

2022-06-30 22:40:52 - [TEST_STEP][PASSED] - click(findTestObject(path_Dashboard + appName)): Object: 'Object Repository/AdminSuiteBootstrap_Pages/Dashboard_Bootstrap/a_Access AutoNoCFtp' is clicked on

2022-06-30 22:40:53 - [MESSAGE][PASSED] - Object: 'Object Repository/AdminSuiteBootstrap_Pages/Dashboard_Bootstrap/a_Access AutoNoCFtp' is clicked on

2022-06-30 22:40:53 - [TEST_STEP][PASSED] - click(findTestObject(path_VT + "a_Find Profile")): Object: 'Object Repository/AdminSuiteBootstrap_Pages/VT_Bootstrap/IssueTransactions/a_Find Profile' is clicked on

2022-06-30 22:40:54 - [MESSAGE][PASSED] - Object: 'Object Repository/AdminSuiteBootstrap_Pages/VT_Bootstrap/IssueTransactions/a_Find Profile' is clicked on

2022-06-30 22:40:54 - [TEST_STEP][PASSED] - criteria = <not implemented yet for class: org.codehaus.groovy.ast.expr.EmptyExpression>: null

2022-06-30 22:40:54 - [TEST_STEP][PASSED] - searchBy = <not implemented yet for class: org.codehaus.groovy.ast.expr.EmptyExpression>: null

2022-06-30 22:40:54 - [TEST_STEP][PASSED] - criteria = findTestData(dataFile).getValue("ProfileName", row): null

2022-06-30 22:40:54 - [TEST_STEP][PASSED] - path_SearchProfile = "Object Repository/AdminSuiteBootstrap_Pages/VSP_Bootstrap/SearchProfile/": null

2022-06-30 22:40:54 - [TEST_STEP][PASSED] - setText(findTestObject(path_SearchProfile + "input_Criteria"), criteria): Text 'PaymentsCorp' is set on object 'Object Repository/AdminSuiteBootstrap_Pages/VSP_Bootstrap/SearchProfile/input_Criteria'

2022-06-30 22:40:54 - [MESSAGE][PASSED] - Text 'PaymentsCorp' is set on object 'Object Repository/AdminSuiteBootstrap_Pages/VSP_Bootstrap/SearchProfile/input_Criteria'

2022-06-30 22:40:54 - [TEST_STEP][PASSED] - click(findTestObject(path_SearchProfile + "button_Search")): Object: 'Object Repository/AdminSuiteBootstrap_Pages/VSP_Bootstrap/SearchProfile/button_Search' is clicked on

2022-06-30 22:40:57 - [MESSAGE][PASSED] - Object: 'Object Repository/AdminSuiteBootstrap_Pages/VSP_Bootstrap/SearchProfile/button_Search' is clicked on

2022-06-30 22:40:57 - [TEST_STEP][PASSED] - profNameLink = findTestData(dataFile).getValue("ProfileNameLink", row): null

2022-06-30 22:40:57 - [TEST_STEP][PASSED] - click(findTestObject(path_ViewProfile + profNameLink)): Object: 'Object Repository/AdminSuiteBootstrap_Pages/VSP_Bootstrap/View Profile/a_PaymentsCorp' is clicked on

2022-06-30 22:41:03 - [MESSAGE][PASSED] - Object: 'Object Repository/AdminSuiteBootstrap_Pages/VSP_Bootstrap/View Profile/a_PaymentsCorp' is clicked on

2022-06-30 22:41:03 - [TEST_STEP][PASSED] - click(findTestObject(path_ViewProfile + "a_Debit")): Object: 'Object Repository/AdminSuiteBootstrap_Pages/VSP_Bootstrap/View Profile/a_Debit' is clicked on

2022-06-30 22:41:08 - [MESSAGE][PASSED] - Object: 'Object Repository/AdminSuiteBootstrap_Pages/VSP_Bootstrap/View Profile/a_Debit' is clicked on

2022-06-30 22:41:08 - [TEST_STEP][PASSED] - verifyTextPresent("Remittance ID", true): Text 'Remittance ID' is present on page  using regular expression

2022-06-30 22:41:08 - [MESSAGE][PASSED] - Text 'Remittance ID' is present on page  using regular expression

2022-06-30 22:41:08 - [TEST_STEP][PASSED] - vspBootstrap.ACHDebitPage.setDataACHDebit(row, dataFile): vspBootstrap.ACHDebitPage.setDataACHDebit is PASSED

2022-06-30 22:41:10 - [MESSAGE][PASSED] - All options with value 'CCD' are selected in object 'Object Repository/AdminSuiteBootstrap_Pages/VSP_Bootstrap/VSP_Debit/select_StdEntryClass'  using regular expression

2022-06-30 22:41:10 - [MESSAGE][PASSED] - Text '' is set on object 'Object Repository/AdminSuiteBootstrap_Pages/VSP_Bootstrap/VSP_Debit/input_smsNumber'

2022-06-30 22:41:11 - [MESSAGE][PASSED] - Text '2.50' is set on object 'Object Repository/AdminSuiteBootstrap_Pages/VSP_Bootstrap/VSP_Debit/input_amount'

2022-06-30 22:41:12 - [MESSAGE][PASSED] - Text '123456789' is set on object 'Object Repository/AdminSuiteBootstrap_Pages/VSP_Bootstrap/VSP_Debit/input_ein'

2022-06-30 22:41:13 - [MESSAGE][PASSED] - Text 'Delhi' is set on object 'Object Repository/AdminSuiteBootstrap_Pages/VSP_Bootstrap/VSP_Debit/input_userDefined1'

2022-06-30 22:41:13 - [MESSAGE][PASSED] - Text 'Chennai' is set on object 'Object Repository/AdminSuiteBootstrap_Pages/VSP_Bootstrap/VSP_Debit/input_userDefined2'

2022-06-30 22:41:14 - [MESSAGE][PASSED] - Text 'Mumbai' is set on object 'Object Repository/AdminSuiteBootstrap_Pages/VSP_Bootstrap/VSP_Debit/input_userDefined3'

2022-06-30 22:41:15 - [MESSAGE][PASSED] - Text 'Kanpur' is set on object 'Object Repository/AdminSuiteBootstrap_Pages/VSP_Bootstrap/VSP_Debit/input_userDefined4'

2022-06-30 22:41:16 - [MESSAGE][PASSED] - All options with label 'Orange' are selected in object 'Object Repository/AdminSuiteBootstrap_Pages/VSP_Bootstrap/VSP_Debit/select_UDF5'  using regular expression

2022-06-30 22:41:17 - [MESSAGE][PASSED] - All options with label 'Yellow' are selected in object 'Object Repository/AdminSuiteBootstrap_Pages/VSP_Bootstrap/VSP_Debit/select_UDF6'  using regular expression

2022-06-30 22:41:17 - [MESSAGE][PASSED] - Text 'Kolkata' is set on object 'Object Repository/AdminSuiteBootstrap_Pages/VSP_Bootstrap/VSP_Debit/input_userDefined7'

2022-06-30 22:41:18 - [MESSAGE][PASSED] - Text 'Pune' is set on object 'Object Repository/AdminSuiteBootstrap_Pages/VSP_Bootstrap/VSP_Debit/input_userDefined8'

2022-06-30 22:41:19 - [MESSAGE][PASSED] - Text 'Bhavnagar' is set on object 'Object Repository/AdminSuiteBootstrap_Pages/VSP_Bootstrap/VSP_Debit/input_userDefined9'

2022-06-30 22:41:20 - [MESSAGE][PASSED] - Text 'Noida' is set on object 'Object Repository/AdminSuiteBootstrap_Pages/VSP_Bootstrap/VSP_Debit/input_userDefined10'

2022-06-30 22:41:22 - [MESSAGE][PASSED] - Object: 'Object Repository/AdminSuiteBootstrap_Pages/VSP_Bootstrap/VSP_Debit/button_Submit' is clicked on

2022-06-30 22:41:22 - [MESSAGE][PASSED] - vspBootstrap.ACHDebitPage.setDataACHDebit is PASSED

2022-06-30 22:41:22 - [TEST_STEP][PASSED] - verifyTextPresent("Transaction Successful", true): Text 'Transaction Successful' is present on page  using regular expression

2022-06-30 22:41:23 - [MESSAGE][PASSED] - Text 'Transaction Successful' is present on page  using regular expression

2022-06-30 22:41:23 - [TEST_STEP][PASSED] - verifyElementVisible(findTestObject("Object Repository/AdminSuiteBootstrap_Pages/VT_Bootstrap/Receipt/button_Continue")): Object 'Object Repository/AdminSuiteBootstrap_Pages/VT_Bootstrap/Receipt/button_Continue' is visible

2022-06-30 22:41:23 - [MESSAGE][PASSED] - Object 'Object Repository/AdminSuiteBootstrap_Pages/VT_Bootstrap/Receipt/button_Continue' is visible

2022-06-30 22:41:23 - [TEST_STEP][PASSED] - verifyElementPresent(findTestObject("Object Repository/AdminSuiteBootstrap_Pages/VT_Bootstrap/Receipt/button_Continue"), 20): Object 'Object Repository/AdminSuiteBootstrap_Pages/VT_Bootstrap/Receipt/button_Continue' is present

2022-06-30 22:41:23 - [MESSAGE][PASSED] - Object 'Object Repository/AdminSuiteBootstrap_Pages/VT_Bootstrap/Receipt/button_Continue' is present

2022-06-30 22:41:23 - [TEST_STEP][PASSED] - verifyElementVisible(findTestObject("Object Repository/AdminSuiteBootstrap_Pages/VT_Bootstrap/Receipt/button_Print")): Object 'Object Repository/AdminSuiteBootstrap_Pages/VT_Bootstrap/Receipt/button_Print' is visible

2022-06-30 22:41:24 - [MESSAGE][PASSED] - Object 'Object Repository/AdminSuiteBootstrap_Pages/VT_Bootstrap/Receipt/button_Print' is visible

2022-06-30 22:41:24 - [TEST_STEP][PASSED] - verifyElementPresent(findTestObject("Object Repository/AdminSuiteBootstrap_Pages/VT_Bootstrap/Receipt/button_Print"), 20): Object 'Object Repository/AdminSuiteBootstrap_Pages/VT_Bootstrap/Receipt/button_Print' is present

2022-06-30 22:41:24 - [MESSAGE][PASSED] - Object 'Object Repository/AdminSuiteBootstrap_Pages/VT_Bootstrap/Receipt/button_Print' is present

2022-06-30 22:41:24 - [TEST_STEP][PASSED] - verifyTextPresent("Remittance ID", true): Text 'Remittance ID' is present on page  using regular expression

2022-06-30 22:41:24 - [MESSAGE][PASSED] - Text 'Remittance ID' is present on page  using regular expression

2022-06-30 22:41:24 - [TEST_STEP][PASSED] - verifyTextPresent("Received", true): Text 'Received' is present on page  using regular expression

2022-06-30 22:41:24 - [MESSAGE][PASSED] - Text 'Received' is present on page  using regular expression

2022-06-30 22:41:24 - [TEST_STEP][PASSED] - verifyTextPresent("UDF1", true): Text 'UDF1' is present on page  using regular expression

2022-06-30 22:41:25 - [MESSAGE][PASSED] - Text 'UDF1' is present on page  using regular expression

2022-06-30 22:41:25 - [TEST_STEP][PASSED] - verifyTextPresent("UDF2", true): Text 'UDF2' is present on page  using regular expression

2022-06-30 22:41:25 - [MESSAGE][PASSED] - Text 'UDF2' is present on page  using regular expression

2022-06-30 22:41:25 - [TEST_STEP][PASSED] - verifyTextPresent("UDF3", true): Text 'UDF3' is present on page  using regular expression

2022-06-30 22:41:25 - [MESSAGE][PASSED] - Text 'UDF3' is present on page  using regular expression

2022-06-30 22:41:25 - [TEST_STEP][PASSED] - verifyTextPresent("UDF4", true): Text 'UDF4' is present on page  using regular expression

2022-06-30 22:41:26 - [MESSAGE][PASSED] - Text 'UDF4' is present on page  using regular expression

2022-06-30 22:41:26 - [TEST_STEP][PASSED] - verifyTextPresent("UDF5", true): Text 'UDF5' is present on page  using regular expression

2022-06-30 22:41:26 - [MESSAGE][PASSED] - Text 'UDF5' is present on page  using regular expression

2022-06-30 22:41:26 - [TEST_STEP][PASSED] - verifyTextPresent("UDF6", true): Text 'UDF6' is present on page  using regular expression

2022-06-30 22:41:26 - [MESSAGE][PASSED] - Text 'UDF6' is present on page  using regular expression

2022-06-30 22:41:26 - [TEST_STEP][PASSED] - verifyTextPresent("UDF7", true): Text 'UDF7' is present on page  using regular expression

2022-06-30 22:41:27 - [MESSAGE][PASSED] - Text 'UDF7' is present on page  using regular expression

2022-06-30 22:41:27 - [TEST_STEP][PASSED] - verifyTextPresent("UDF8", true): Text 'UDF8' is present on page  using regular expression

2022-06-30 22:41:27 - [MESSAGE][PASSED] - Text 'UDF8' is present on page  using regular expression

2022-06-30 22:41:27 - [TEST_STEP][PASSED] - verifyTextPresent("UDF9", true): Text 'UDF9' is present on page  using regular expression

2022-06-30 22:41:27 - [MESSAGE][PASSED] - Text 'UDF9' is present on page  using regular expression

2022-06-30 22:41:27 - [TEST_STEP][PASSED] - verifyTextPresent("UDF 10", true): Text 'UDF 10' is present on page  using regular expression

2022-06-30 22:41:28 - [MESSAGE][PASSED] - Text 'UDF 10' is present on page  using regular expression

2022-06-30 22:41:28 - [TEST_STEP][PASSED] - verifyTextPresent("Delhi", true): Text 'Delhi' is present on page  using regular expression

2022-06-30 22:41:28 - [MESSAGE][PASSED] - Text 'Delhi' is present on page  using regular expression

2022-06-30 22:41:28 - [TEST_STEP][PASSED] - verifyTextPresent("Chennai", true): Text 'Chennai' is present on page  using regular expression

2022-06-30 22:41:28 - [MESSAGE][PASSED] - Text 'Chennai' is present on page  using regular expression

2022-06-30 22:41:28 - [TEST_STEP][PASSED] - verifyTextPresent("Mumbai", true): Text 'Mumbai' is present on page  using regular expression

2022-06-30 22:41:29 - [MESSAGE][PASSED] - Text 'Mumbai' is present on page  using regular expression

2022-06-30 22:41:29 - [TEST_STEP][PASSED] - verifyTextPresent("Kanpur", true): Text 'Kanpur' is present on page  using regular expression

2022-06-30 22:41:29 - [MESSAGE][PASSED] - Text 'Kanpur' is present on page  using regular expression

2022-06-30 22:41:29 - [TEST_STEP][PASSED] - verifyTextPresent("Orange Recorded", true): Text 'Orange Recorded' is present on page  using regular expression

2022-06-30 22:41:29 - [MESSAGE][PASSED] - Text 'Orange Recorded' is present on page  using regular expression

2022-06-30 22:41:29 - [TEST_STEP][PASSED] - verifyTextPresent("Yellow Recorded", true): Text 'Yellow Recorded' is present on page  using regular expression

2022-06-30 22:41:29 - [MESSAGE][PASSED] - Text 'Yellow Recorded' is present on page  using regular expression

2022-06-30 22:41:29 - [TEST_STEP][PASSED] - verifyTextPresent("Kolkata", true): Text 'Kolkata' is present on page  using regular expression

2022-06-30 22:41:30 - [MESSAGE][PASSED] - Text 'Kolkata' is present on page  using regular expression

2022-06-30 22:41:30 - [TEST_STEP][PASSED] - verifyTextPresent("Pune", true): Text 'Pune' is present on page  using regular expression

2022-06-30 22:41:30 - [MESSAGE][PASSED] - Text 'Pune' is present on page  using regular expression

2022-06-30 22:41:30 - [TEST_STEP][PASSED] - verifyTextPresent("Bhavnagar", true): Text 'Bhavnagar' is present on page  using regular expression

2022-06-30 22:41:30 - [MESSAGE][PASSED] - Text 'Bhavnagar' is present on page  using regular expression

2022-06-30 22:41:30 - [TEST_STEP][PASSED] - verifyTextPresent("Noida", true): Text 'Noida' is present on page  using regular expression

2022-06-30 22:41:31 - [MESSAGE][PASSED] - Text 'Noida' is present on page  using regular expression

2022-06-30 22:41:31 - [TEST_STEP][PASSED] - verifyTextPresent("Amount", true): Text 'Amount' is present on page  using regular expression

2022-06-30 22:41:31 - [MESSAGE][PASSED] - Text 'Amount' is present on page  using regular expression

2022-06-30 22:41:31 - [TEST_STEP][PASSED] - verifyTextPresent("2.50", true): Text '2.50' is present on page  using regular expression

2022-06-30 22:41:31 - [MESSAGE][PASSED] - Text '2.50' is present on page  using regular expression

2022-06-30 22:41:31 - [TEST_STEP][PASSED] - verifyTextPresent("Transaction Type", true): Text 'Transaction Type' is present on page  using regular expression

2022-06-30 22:41:32 - [MESSAGE][PASSED] - Text 'Transaction Type' is present on page  using regular expression

2022-06-30 22:41:32 - [TEST_STEP][PASSED] - verifyTextPresent("Debit", true): Text 'Debit' is present on page  using regular expression

2022-06-30 22:41:32 - [MESSAGE][PASSED] - Text 'Debit' is present on page  using regular expression

2022-06-30 22:41:32 - [TEST_STEP][PASSED] - verifyTextPresent("Check Information", true): Text 'Check Information' is present on page  using regular expression

2022-06-30 22:41:32 - [MESSAGE][PASSED] - Text 'Check Information' is present on page  using regular expression

2022-06-30 22:41:32 - [TEST_STEP][PASSED] - verifyTextPresent("Account Type", true): Text 'Account Type' is present on page  using regular expression

2022-06-30 22:41:33 - [MESSAGE][PASSED] - Text 'Account Type' is present on page  using regular expression

2022-06-30 22:41:33 - [TEST_STEP][PASSED] - verifyTextPresent("Account Number", true): Text 'Account Number' is present on page  using regular expression

2022-06-30 22:41:33 - [MESSAGE][PASSED] - Text 'Account Number' is present on page  using regular expression

2022-06-30 22:41:33 - [TEST_STEP][PASSED] - verifyTextPresent("Routing Number", true): Text 'Routing Number' is present on page  using regular expression

2022-06-30 22:41:33 - [MESSAGE][PASSED] - Text 'Routing Number' is present on page  using regular expression

2022-06-30 22:41:33 - [TEST_STEP][PASSED] - verifyTextPresent("Address Line 1", true): Text 'Address Line 1' is present on page  using regular expression

2022-06-30 22:41:34 - [MESSAGE][PASSED] - Text 'Address Line 1' is present on page  using regular expression

2022-06-30 22:41:34 - [TEST_STEP][PASSED] - verifyTextPresent("Address Line 2", true): Text 'Address Line 2' is present on page  using regular expression

2022-06-30 22:41:34 - [MESSAGE][PASSED] - Text 'Address Line 2' is present on page  using regular expression

2022-06-30 22:41:34 - [TEST_STEP][PASSED] - verifyTextPresent("Country", true): Text 'Country' is present on page  using regular expression

2022-06-30 22:41:34 - [MESSAGE][PASSED] - Text 'Country' is present on page  using regular expression

2022-06-30 22:41:34 - [TEST_STEP][PASSED] - verifyTextPresent("City", true): Text 'City' is present on page  using regular expression

2022-06-30 22:41:35 - [MESSAGE][PASSED] - Text 'City' is present on page  using regular expression

2022-06-30 22:41:35 - [TEST_STEP][PASSED] - verifyTextPresent("State", true): Text 'State' is present on page  using regular expression

2022-06-30 22:41:35 - [MESSAGE][PASSED] - Text 'State' is present on page  using regular expression

2022-06-30 22:41:35 - [TEST_STEP][PASSED] - verifyTextPresent("ZIP Code", true): Text 'ZIP Code' is present on page  using regular expression

2022-06-30 22:41:35 - [MESSAGE][PASSED] - Text 'ZIP Code' is present on page  using regular expression

2022-06-30 22:41:35 - [TEST_STEP][PASSED] - verifyTextPresent("248 PhoolKaante road", true): Text '248 PhoolKaante road' is present on page  using regular expression

2022-06-30 22:41:36 - [MESSAGE][PASSED] - Text '248 PhoolKaante road' is present on page  using regular expression

2022-06-30 22:41:36 - [TEST_STEP][PASSED] - verifyTextPresent("Suite 678", true): Text 'Suite 678' is present on page  using regular expression

2022-06-30 22:41:36 - [MESSAGE][PASSED] - Text 'Suite 678' is present on page  using regular expression

2022-06-30 22:41:36 - [TEST_STEP][PASSED] - verifyTextPresent("United States", true): Text 'United States' is present on page  using regular expression

2022-06-30 22:41:36 - [MESSAGE][PASSED] - Text 'United States' is present on page  using regular expression

2022-06-30 22:41:36 - [TEST_STEP][PASSED] - verifyTextPresent("ARLINGTON", true): Text 'ARLINGTON' is present on page  using regular expression

2022-06-30 22:41:36 - [MESSAGE][PASSED] - Text 'ARLINGTON' is present on page  using regular expression

2022-06-30 22:41:36 - [TEST_STEP][PASSED] - verifyTextPresent("Virginia", true): Text 'Virginia' is present on page  using regular expression

2022-06-30 22:41:37 - [MESSAGE][PASSED] - Text 'Virginia' is present on page  using regular expression

2022-06-30 22:41:37 - [TEST_STEP][PASSED] - verifyTextPresent("22201", true): Text '22201' is present on page  using regular expression

2022-06-30 22:41:37 - [MESSAGE][PASSED] - Text '22201' is present on page  using regular expression

2022-06-30 22:41:37 - [TEST_STEP][PASSED] - tranType = findTestData(dataFile).getValue("TranType", row): null

2022-06-30 22:41:37 - [TEST_STEP][PASSED] - last4V = findTestData(dataFile).getValue("Last4", row): null

2022-06-30 22:41:37 - [TEST_STEP][PASSED] - verifyTextPresent(tranType, true): Text 'Checking' is present on page  using regular expression

2022-06-30 22:41:38 - [MESSAGE][PASSED] - Text 'Checking' is present on page  using regular expression

2022-06-30 22:41:38 - [TEST_STEP][PASSED] - verifyTextPresent(last4V, true): Text '4444' is present on page  using regular expression

2022-06-30 22:41:38 - [MESSAGE][PASSED] - Text '4444' is present on page  using regular expression

2022-06-30 22:41:38 - [TEST_STEP][PASSED] - if (profNameLink.equalsIgnoreCase("a_PaymentsPC")): null

2022-06-30 22:41:38 - [TEST_STEP][PASSED] - if (profNameLink.equalsIgnoreCase("a_PaymentsPS")): null

2022-06-30 22:41:38 - [TEST_STEP][PASSED] - if (profNameLink.equalsIgnoreCase("a_PaymentsCorp")): Text '123456789' is present on page  using regular expression

2022-06-30 22:41:38 - [TEST_STEP][PASSED] - verifyTextPresent("Employer Identification Number", true): Text 'Employer Identification Number' is present on page  using regular expression

2022-06-30 22:41:38 - [MESSAGE][PASSED] - Text 'Employer Identification Number' is present on page  using regular expression

2022-06-30 22:41:38 - [TEST_STEP][PASSED] - verifyTextPresent("EIN", true): Text 'EIN' is present on page  using regular expression

2022-06-30 22:41:38 - [MESSAGE][PASSED] - Text 'EIN' is present on page  using regular expression

2022-06-30 22:41:38 - [TEST_STEP][PASSED] - verifyTextPresent("123456789", true): Text '123456789' is present on page  using regular expression

2022-06-30 22:41:39 - [MESSAGE][PASSED] - Text '123456789' is present on page  using regular expression

2022-06-30 22:41:39 - [TEST_STEP][PASSED] - switch (appName): null

2022-06-30 22:41:39 - [TEST_STEP][PASSED] - closeBrowser(): Browser is closed

2022-06-30 22:41:40 - [MESSAGE][PASSED] - Browser is closed

2022-06-30 22:41:40 - [TEST_STEP][PASSED] - ExecuteTC = findTestData(dataFile).getValue("Execute", row): null

2022-06-30 22:41:40 - [TEST_STEP][PASSED] - out.println("Value of Execute is : " + ExecuteTC): null

2022-06-30 22:41:40 - [TEST_STEP][PASSED] - switch (executionProfile): null

2022-06-30 22:41:40 - [TEST_STEP][PASSED] - case "QAProfile":: null

2022-06-30 22:41:40 - [TEST_STEP][PASSED] - appName = findTestData(dataFile).getValue("AppNameQA", row): null

2022-06-30 22:41:40 - [TEST_STEP][PASSED] - appID = findTestData(dataFile).getValue("AppIDQA", row): null

2022-06-30 22:41:40 - [TEST_STEP][PASSED] - break: null

2022-06-30 22:41:40 - [TEST_STEP][PASSED] - if (ExecuteTC.equalsIgnoreCase("Y")): null

2022-06-30 22:41:40 - [TEST_STEP][PASSED] - out.println("Begin Record Number: " + row): null

2022-06-30 22:41:40 - [TEST_STEP][PASSED] - today = new java.util.Date(): null

2022-06-30 22:41:40 - [TEST_STEP][PASSED] - println(today): null

2022-06-30 22:41:40 - [TEST_STEP][PASSED] - datText = today: null

2022-06-30 22:41:40 - [TEST_STEP][PASSED] - adminSuiteBootstrap.loginFunctionality.login_AdminSuite(): adminSuiteBootstrap.loginFunctionality.login_AdminSuite is PASSED

2022-06-30 22:41:40 - [MESSAGE][INFO] - Starting 'Chrome' driver

2022-06-30 22:41:40 - [MESSAGE][INFO] - User set preference: ['acceptInsecureCerts', 'true']

2022-06-30 22:41:40 - [MESSAGE][INFO] - Action delay is set to 0 milliseconds

2022-06-30 22:41:43 - [MESSAGE][PASSED] - Browser is opened with url: 'https://qa.velocitypayment.com/admin/imtiaz'

2022-06-30 22:41:43 - [MESSAGE][PASSED] - Current window maximized

2022-06-30 22:41:44 - [MESSAGE][PASSED] - Object 'Object Repository/Login_Page/Login_Username' is present

2022-06-30 22:41:45 - [MESSAGE][PASSED] - Text 'iahmed' is set on object 'Object Repository/Login_Page/Login_Username'

2022-06-30 22:41:45 - [MESSAGE][PASSED] - Text 'hello2222' is set on object 'Object Repository/Login_Page/Login_Password'

2022-06-30 22:41:50 - [MESSAGE][PASSED] - Object: 'Object Repository/Login_Page/Login_Submit' is clicked on

2022-06-30 22:41:50 - [MESSAGE][PASSED] - adminSuiteBootstrap.loginFunctionality.login_AdminSuite is PASSED

2022-06-30 22:41:50 - [TEST_STEP][PASSED] - click(findTestObject(path_Dashboard + appName)): Object: 'Object Repository/AdminSuiteBootstrap_Pages/Dashboard_Bootstrap/a_Access AutoSingleCFtpQA' is clicked on

2022-06-30 22:41:51 - [MESSAGE][PASSED] - Object: 'Object Repository/AdminSuiteBootstrap_Pages/Dashboard_Bootstrap/a_Access AutoSingleCFtpQA' is clicked on

2022-06-30 22:41:51 - [TEST_STEP][PASSED] - click(findTestObject(path_VT + "a_Find Profile")): Object: 'Object Repository/AdminSuiteBootstrap_Pages/VT_Bootstrap/IssueTransactions/a_Find Profile' is clicked on

2022-06-30 22:41:51 - [MESSAGE][PASSED] - Object: 'Object Repository/AdminSuiteBootstrap_Pages/VT_Bootstrap/IssueTransactions/a_Find Profile' is clicked on

2022-06-30 22:41:51 - [TEST_STEP][PASSED] - criteria = <not implemented yet for class: org.codehaus.groovy.ast.expr.EmptyExpression>: null

2022-06-30 22:41:51 - [TEST_STEP][PASSED] - searchBy = <not implemented yet for class: org.codehaus.groovy.ast.expr.EmptyExpression>: null

2022-06-30 22:41:51 - [TEST_STEP][PASSED] - criteria = findTestData(dataFile).getValue("ProfileName", row): null

2022-06-30 22:41:52 - [TEST_STEP][PASSED] - path_SearchProfile = "Object Repository/AdminSuiteBootstrap_Pages/VSP_Bootstrap/SearchProfile/": null

2022-06-30 22:41:52 - [TEST_STEP][PASSED] - setText(findTestObject(path_SearchProfile + "input_Criteria"), criteria): Text 'PaymentsPC' is set on object 'Object Repository/AdminSuiteBootstrap_Pages/VSP_Bootstrap/SearchProfile/input_Criteria'

2022-06-30 22:41:52 - [MESSAGE][PASSED] - Text 'PaymentsPC' is set on object 'Object Repository/AdminSuiteBootstrap_Pages/VSP_Bootstrap/SearchProfile/input_Criteria'

2022-06-30 22:41:52 - [TEST_STEP][PASSED] - click(findTestObject(path_SearchProfile + "button_Search")): Object: 'Object Repository/AdminSuiteBootstrap_Pages/VSP_Bootstrap/SearchProfile/button_Search' is clicked on

2022-06-30 22:41:54 - [MESSAGE][PASSED] - Object: 'Object Repository/AdminSuiteBootstrap_Pages/VSP_Bootstrap/SearchProfile/button_Search' is clicked on

2022-06-30 22:41:54 - [TEST_STEP][PASSED] - profNameLink = findTestData(dataFile).getValue("ProfileNameLink", row): null

2022-06-30 22:41:54 - [TEST_STEP][PASSED] - click(findTestObject(path_ViewProfile + profNameLink)): Object: 'Object Repository/AdminSuiteBootstrap_Pages/VSP_Bootstrap/View Profile/a_PaymentsPC' is clicked on

2022-06-30 22:41:56 - [MESSAGE][PASSED] - Object: 'Object Repository/AdminSuiteBootstrap_Pages/VSP_Bootstrap/View Profile/a_PaymentsPC' is clicked on

2022-06-30 22:41:56 - [TEST_STEP][PASSED] - click(findTestObject(path_ViewProfile + "a_Debit")): Object: 'Object Repository/AdminSuiteBootstrap_Pages/VSP_Bootstrap/View Profile/a_Debit' is clicked on

2022-06-30 22:42:01 - [MESSAGE][PASSED] - Object: 'Object Repository/AdminSuiteBootstrap_Pages/VSP_Bootstrap/View Profile/a_Debit' is clicked on

2022-06-30 22:42:01 - [TEST_STEP][PASSED] - verifyTextPresent("Remittance ID", true): Text 'Remittance ID' is present on page  using regular expression

2022-06-30 22:42:01 - [MESSAGE][PASSED] - Text 'Remittance ID' is present on page  using regular expression

2022-06-30 22:42:01 - [TEST_STEP][PASSED] - vspBootstrap.ACHDebitPage.setDataACHDebit(row, dataFile): vspBootstrap.ACHDebitPage.setDataACHDebit is PASSED

2022-06-30 22:42:03 - [MESSAGE][PASSED] - All options with value 'PPD' are selected in object 'Object Repository/AdminSuiteBootstrap_Pages/VSP_Bootstrap/VSP_Debit/select_StdEntryClass'  using regular expression

2022-06-30 22:42:03 - [MESSAGE][PASSED] - Text '' is set on object 'Object Repository/AdminSuiteBootstrap_Pages/VSP_Bootstrap/VSP_Debit/input_smsNumber'

2022-06-30 22:42:04 - [MESSAGE][PASSED] - Text '2.50' is set on object 'Object Repository/AdminSuiteBootstrap_Pages/VSP_Bootstrap/VSP_Debit/input_amount'

2022-06-30 22:42:05 - [MESSAGE][PASSED] - Text 'Delhi' is set on object 'Object Repository/AdminSuiteBootstrap_Pages/VSP_Bootstrap/VSP_Debit/input_userDefined1'

2022-06-30 22:42:06 - [MESSAGE][PASSED] - Text 'Chennai' is set on object 'Object Repository/AdminSuiteBootstrap_Pages/VSP_Bootstrap/VSP_Debit/input_userDefined2'

2022-06-30 22:42:07 - [MESSAGE][PASSED] - Text 'Mumbai' is set on object 'Object Repository/AdminSuiteBootstrap_Pages/VSP_Bootstrap/VSP_Debit/input_userDefined3'

2022-06-30 22:42:07 - [MESSAGE][PASSED] - Text 'Kanpur' is set on object 'Object Repository/AdminSuiteBootstrap_Pages/VSP_Bootstrap/VSP_Debit/input_userDefined4'

2022-06-30 22:42:08 - [MESSAGE][PASSED] - All options with label 'Orange' are selected in object 'Object Repository/AdminSuiteBootstrap_Pages/VSP_Bootstrap/VSP_Debit/select_UDF5'  using regular expression

2022-06-30 22:42:09 - [MESSAGE][PASSED] - All options with label 'Yellow' are selected in object 'Object Repository/AdminSuiteBootstrap_Pages/VSP_Bootstrap/VSP_Debit/select_UDF6'  using regular expression

2022-06-30 22:42:10 - [MESSAGE][PASSED] - Text 'Kolkata' is set on object 'Object Repository/AdminSuiteBootstrap_Pages/VSP_Bootstrap/VSP_Debit/input_userDefined7'

2022-06-30 22:42:11 - [MESSAGE][PASSED] - Text 'Pune' is set on object 'Object Repository/AdminSuiteBootstrap_Pages/VSP_Bootstrap/VSP_Debit/input_userDefined8'

2022-06-30 22:42:12 - [MESSAGE][PASSED] - Text 'Bhavnagar' is set on object 'Object Repository/AdminSuiteBootstrap_Pages/VSP_Bootstrap/VSP_Debit/input_userDefined9'

2022-06-30 22:42:12 - [MESSAGE][PASSED] - Text 'Noida' is set on object 'Object Repository/AdminSuiteBootstrap_Pages/VSP_Bootstrap/VSP_Debit/input_userDefined10'

2022-06-30 22:42:14 - [MESSAGE][PASSED] - Object: 'Object Repository/AdminSuiteBootstrap_Pages/VSP_Bootstrap/VSP_Debit/button_Submit' is clicked on

2022-06-30 22:42:14 - [MESSAGE][PASSED] - vspBootstrap.ACHDebitPage.setDataACHDebit is PASSED

2022-06-30 22:42:14 - [TEST_STEP][PASSED] - verifyTextPresent("Transaction Successful", true): Text 'Transaction Successful' is present on page  using regular expression

2022-06-30 22:42:14 - [MESSAGE][PASSED] - Text 'Transaction Successful' is present on page  using regular expression

2022-06-30 22:42:14 - [TEST_STEP][PASSED] - verifyElementVisible(findTestObject("Object Repository/AdminSuiteBootstrap_Pages/VT_Bootstrap/Receipt/button_Continue")): Object 'Object Repository/AdminSuiteBootstrap_Pages/VT_Bootstrap/Receipt/button_Continue' is visible

2022-06-30 22:42:15 - [MESSAGE][PASSED] - Object 'Object Repository/AdminSuiteBootstrap_Pages/VT_Bootstrap/Receipt/button_Continue' is visible

2022-06-30 22:42:15 - [TEST_STEP][PASSED] - verifyElementPresent(findTestObject("Object Repository/AdminSuiteBootstrap_Pages/VT_Bootstrap/Receipt/button_Continue"), 20): Object 'Object Repository/AdminSuiteBootstrap_Pages/VT_Bootstrap/Receipt/button_Continue' is present

2022-06-30 22:42:15 - [MESSAGE][PASSED] - Object 'Object Repository/AdminSuiteBootstrap_Pages/VT_Bootstrap/Receipt/button_Continue' is present

2022-06-30 22:42:15 - [TEST_STEP][PASSED] - verifyElementVisible(findTestObject("Object Repository/AdminSuiteBootstrap_Pages/VT_Bootstrap/Receipt/button_Print")): Object 'Object Repository/AdminSuiteBootstrap_Pages/VT_Bootstrap/Receipt/button_Print' is visible

2022-06-30 22:42:15 - [MESSAGE][PASSED] - Object 'Object Repository/AdminSuiteBootstrap_Pages/VT_Bootstrap/Receipt/button_Print' is visible

2022-06-30 22:42:15 - [TEST_STEP][PASSED] - verifyElementPresent(findTestObject("Object Repository/AdminSuiteBootstrap_Pages/VT_Bootstrap/Receipt/button_Print"), 20): Object 'Object Repository/AdminSuiteBootstrap_Pages/VT_Bootstrap/Receipt/button_Print' is present

2022-06-30 22:42:15 - [MESSAGE][PASSED] - Object 'Object Repository/AdminSuiteBootstrap_Pages/VT_Bootstrap/Receipt/button_Print' is present

2022-06-30 22:42:15 - [TEST_STEP][PASSED] - verifyTextPresent("Remittance ID", true): Text 'Remittance ID' is present on page  using regular expression

2022-06-30 22:42:16 - [MESSAGE][PASSED] - Text 'Remittance ID' is present on page  using regular expression

2022-06-30 22:42:16 - [TEST_STEP][PASSED] - verifyTextPresent("Received", true): Text 'Received' is present on page  using regular expression

2022-06-30 22:42:16 - [MESSAGE][PASSED] - Text 'Received' is present on page  using regular expression

2022-06-30 22:42:16 - [TEST_STEP][PASSED] - verifyTextPresent("UDF1", true): Text 'UDF1' is present on page  using regular expression

2022-06-30 22:42:16 - [MESSAGE][PASSED] - Text 'UDF1' is present on page  using regular expression

2022-06-30 22:42:16 - [TEST_STEP][PASSED] - verifyTextPresent("UDF2", true): Text 'UDF2' is present on page  using regular expression

2022-06-30 22:42:17 - [MESSAGE][PASSED] - Text 'UDF2' is present on page  using regular expression

2022-06-30 22:42:17 - [TEST_STEP][PASSED] - verifyTextPresent("UDF3", true): Text 'UDF3' is present on page  using regular expression

2022-06-30 22:42:17 - [MESSAGE][PASSED] - Text 'UDF3' is present on page  using regular expression

2022-06-30 22:42:17 - [TEST_STEP][PASSED] - verifyTextPresent("UDF4", true): Text 'UDF4' is present on page  using regular expression

2022-06-30 22:42:17 - [MESSAGE][PASSED] - Text 'UDF4' is present on page  using regular expression

2022-06-30 22:42:17 - [TEST_STEP][PASSED] - verifyTextPresent("UDF5", true): Text 'UDF5' is present on page  using regular expression

2022-06-30 22:42:18 - [MESSAGE][PASSED] - Text 'UDF5' is present on page  using regular expression

2022-06-30 22:42:18 - [TEST_STEP][PASSED] - verifyTextPresent("UDF6", true): Text 'UDF6' is present on page  using regular expression

2022-06-30 22:42:18 - [MESSAGE][PASSED] - Text 'UDF6' is present on page  using regular expression

2022-06-30 22:42:18 - [TEST_STEP][PASSED] - verifyTextPresent("UDF7", true): Text 'UDF7' is present on page  using regular expression

2022-06-30 22:42:18 - [MESSAGE][PASSED] - Text 'UDF7' is present on page  using regular expression

2022-06-30 22:42:18 - [TEST_STEP][PASSED] - verifyTextPresent("UDF8", true): Text 'UDF8' is present on page  using regular expression

2022-06-30 22:42:19 - [MESSAGE][PASSED] - Text 'UDF8' is present on page  using regular expression

2022-06-30 22:42:19 - [TEST_STEP][PASSED] - verifyTextPresent("UDF9", true): Text 'UDF9' is present on page  using regular expression

2022-06-30 22:42:19 - [MESSAGE][PASSED] - Text 'UDF9' is present on page  using regular expression

2022-06-30 22:42:19 - [TEST_STEP][PASSED] - verifyTextPresent("UDF 10", true): Text 'UDF 10' is present on page  using regular expression

2022-06-30 22:42:19 - [MESSAGE][PASSED] - Text 'UDF 10' is present on page  using regular expression

2022-06-30 22:42:19 - [TEST_STEP][PASSED] - verifyTextPresent("Delhi", true): Text 'Delhi' is present on page  using regular expression

2022-06-30 22:42:20 - [MESSAGE][PASSED] - Text 'Delhi' is present on page  using regular expression

2022-06-30 22:42:20 - [TEST_STEP][PASSED] - verifyTextPresent("Chennai", true): Text 'Chennai' is present on page  using regular expression

2022-06-30 22:42:20 - [MESSAGE][PASSED] - Text 'Chennai' is present on page  using regular expression

2022-06-30 22:42:20 - [TEST_STEP][PASSED] - verifyTextPresent("Mumbai", true): Text 'Mumbai' is present on page  using regular expression

2022-06-30 22:42:20 - [MESSAGE][PASSED] - Text 'Mumbai' is present on page  using regular expression

2022-06-30 22:42:20 - [TEST_STEP][PASSED] - verifyTextPresent("Kanpur", true): Text 'Kanpur' is present on page  using regular expression

2022-06-30 22:42:21 - [MESSAGE][PASSED] - Text 'Kanpur' is present on page  using regular expression

2022-06-30 22:42:21 - [TEST_STEP][PASSED] - verifyTextPresent("Orange Recorded", true): Text 'Orange Recorded' is present on page  using regular expression

2022-06-30 22:42:21 - [MESSAGE][PASSED] - Text 'Orange Recorded' is present on page  using regular expression

2022-06-30 22:42:21 - [TEST_STEP][PASSED] - verifyTextPresent("Yellow Recorded", true): Text 'Yellow Recorded' is present on page  using regular expression

2022-06-30 22:42:21 - [MESSAGE][PASSED] - Text 'Yellow Recorded' is present on page  using regular expression

2022-06-30 22:42:21 - [TEST_STEP][PASSED] - verifyTextPresent("Kolkata", true): Text 'Kolkata' is present on page  using regular expression

2022-06-30 22:42:22 - [MESSAGE][PASSED] - Text 'Kolkata' is present on page  using regular expression

2022-06-30 22:42:22 - [TEST_STEP][PASSED] - verifyTextPresent("Pune", true): Text 'Pune' is present on page  using regular expression

2022-06-30 22:42:22 - [MESSAGE][PASSED] - Text 'Pune' is present on page  using regular expression

2022-06-30 22:42:22 - [TEST_STEP][PASSED] - verifyTextPresent("Bhavnagar", true): Text 'Bhavnagar' is present on page  using regular expression

2022-06-30 22:42:22 - [MESSAGE][PASSED] - Text 'Bhavnagar' is present on page  using regular expression

2022-06-30 22:42:22 - [TEST_STEP][PASSED] - verifyTextPresent("Noida", true): Text 'Noida' is present on page  using regular expression

2022-06-30 22:42:23 - [MESSAGE][PASSED] - Text 'Noida' is present on page  using regular expression

2022-06-30 22:42:23 - [TEST_STEP][PASSED] - verifyTextPresent("Amount", true): Text 'Amount' is present on page  using regular expression

2022-06-30 22:42:23 - [MESSAGE][PASSED] - Text 'Amount' is present on page  using regular expression

2022-06-30 22:42:23 - [TEST_STEP][PASSED] - verifyTextPresent("2.50", true): Text '2.50' is present on page  using regular expression

2022-06-30 22:42:23 - [MESSAGE][PASSED] - Text '2.50' is present on page  using regular expression

2022-06-30 22:42:23 - [TEST_STEP][PASSED] - verifyTextPresent("Transaction Type", true): Text 'Transaction Type' is present on page  using regular expression

2022-06-30 22:42:24 - [MESSAGE][PASSED] - Text 'Transaction Type' is present on page  using regular expression

2022-06-30 22:42:24 - [TEST_STEP][PASSED] - verifyTextPresent("Debit", true): Text 'Debit' is present on page  using regular expression

2022-06-30 22:42:24 - [MESSAGE][PASSED] - Text 'Debit' is present on page  using regular expression

2022-06-30 22:42:24 - [TEST_STEP][PASSED] - verifyTextPresent("Check Information", true): Text 'Check Information' is present on page  using regular expression

2022-06-30 22:42:24 - [MESSAGE][PASSED] - Text 'Check Information' is present on page  using regular expression

2022-06-30 22:42:24 - [TEST_STEP][PASSED] - verifyTextPresent("Account Type", true): Text 'Account Type' is present on page  using regular expression

2022-06-30 22:42:25 - [MESSAGE][PASSED] - Text 'Account Type' is present on page  using regular expression

2022-06-30 22:42:25 - [TEST_STEP][PASSED] - verifyTextPresent("Account Number", true): Text 'Account Number' is present on page  using regular expression

2022-06-30 22:42:25 - [MESSAGE][PASSED] - Text 'Account Number' is present on page  using regular expression

2022-06-30 22:42:25 - [TEST_STEP][PASSED] - verifyTextPresent("Routing Number", true): Text 'Routing Number' is present on page  using regular expression

2022-06-30 22:42:25 - [MESSAGE][PASSED] - Text 'Routing Number' is present on page  using regular expression

2022-06-30 22:42:25 - [TEST_STEP][PASSED] - verifyTextPresent("Address Line 1", true): Text 'Address Line 1' is present on page  using regular expression

2022-06-30 22:42:25 - [MESSAGE][PASSED] - Text 'Address Line 1' is present on page  using regular expression

2022-06-30 22:42:25 - [TEST_STEP][PASSED] - verifyTextPresent("Address Line 2", true): Text 'Address Line 2' is present on page  using regular expression

2022-06-30 22:42:26 - [MESSAGE][PASSED] - Text 'Address Line 2' is present on page  using regular expression

2022-06-30 22:42:26 - [TEST_STEP][PASSED] - verifyTextPresent("Country", true): Text 'Country' is present on page  using regular expression

2022-06-30 22:42:26 - [MESSAGE][PASSED] - Text 'Country' is present on page  using regular expression

2022-06-30 22:42:26 - [TEST_STEP][PASSED] - verifyTextPresent("City", true): Text 'City' is present on page  using regular expression

2022-06-30 22:42:26 - [MESSAGE][PASSED] - Text 'City' is present on page  using regular expression

2022-06-30 22:42:26 - [TEST_STEP][PASSED] - verifyTextPresent("State", true): Text 'State' is present on page  using regular expression

2022-06-30 22:42:27 - [MESSAGE][PASSED] - Text 'State' is present on page  using regular expression

2022-06-30 22:42:27 - [TEST_STEP][PASSED] - verifyTextPresent("ZIP Code", true): Text 'ZIP Code' is present on page  using regular expression

2022-06-30 22:42:27 - [MESSAGE][PASSED] - Text 'ZIP Code' is present on page  using regular expression

2022-06-30 22:42:27 - [TEST_STEP][PASSED] - verifyTextPresent("248 PhoolKaante road", true): Text '248 PhoolKaante road' is present on page  using regular expression

2022-06-30 22:42:27 - [MESSAGE][PASSED] - Text '248 PhoolKaante road' is present on page  using regular expression

2022-06-30 22:42:27 - [TEST_STEP][PASSED] - verifyTextPresent("Suite 678", true): Text 'Suite 678' is present on page  using regular expression

2022-06-30 22:42:28 - [MESSAGE][PASSED] - Text 'Suite 678' is present on page  using regular expression

2022-06-30 22:42:28 - [TEST_STEP][PASSED] - verifyTextPresent("United States", true): Text 'United States' is present on page  using regular expression

2022-06-30 22:42:28 - [MESSAGE][PASSED] - Text 'United States' is present on page  using regular expression

2022-06-30 22:42:28 - [TEST_STEP][PASSED] - verifyTextPresent("ARLINGTON", true): Text 'ARLINGTON' is present on page  using regular expression

2022-06-30 22:42:28 - [MESSAGE][PASSED] - Text 'ARLINGTON' is present on page  using regular expression

2022-06-30 22:42:28 - [TEST_STEP][PASSED] - verifyTextPresent("Virginia", true): Text 'Virginia' is present on page  using regular expression

2022-06-30 22:42:29 - [MESSAGE][PASSED] - Text 'Virginia' is present on page  using regular expression

2022-06-30 22:42:29 - [TEST_STEP][PASSED] - verifyTextPresent("22201", true): Text '22201' is present on page  using regular expression

2022-06-30 22:42:29 - [MESSAGE][PASSED] - Text '22201' is present on page  using regular expression

2022-06-30 22:42:29 - [TEST_STEP][PASSED] - tranType = findTestData(dataFile).getValue("TranType", row): null

2022-06-30 22:42:29 - [TEST_STEP][PASSED] - last4V = findTestData(dataFile).getValue("Last4", row): null

2022-06-30 22:42:29 - [TEST_STEP][PASSED] - verifyTextPresent(tranType, true): Text 'Checking' is present on page  using regular expression

2022-06-30 22:42:29 - [MESSAGE][PASSED] - Text 'Checking' is present on page  using regular expression

2022-06-30 22:42:29 - [TEST_STEP][PASSED] - verifyTextPresent(last4V, true): Text '2222' is present on page  using regular expression

2022-06-30 22:42:30 - [MESSAGE][PASSED] - Text '2222' is present on page  using regular expression

2022-06-30 22:42:30 - [TEST_STEP][PASSED] - if (profNameLink.equalsIgnoreCase("a_PaymentsPC")): Text 'TANDON RAVENA' is present on page  using regular expression

2022-06-30 22:42:30 - [TEST_STEP][PASSED] - verifyTextPresent("Name on Account", true): Text 'Name on Account' is present on page  using regular expression

2022-06-30 22:42:30 - [MESSAGE][PASSED] - Text 'Name on Account' is present on page  using regular expression

2022-06-30 22:42:30 - [TEST_STEP][PASSED] - verifyTextPresent("TANDON RAVENA", true): Text 'TANDON RAVENA' is present on page  using regular expression

2022-06-30 22:42:30 - [MESSAGE][PASSED] - Text 'TANDON RAVENA' is present on page  using regular expression

2022-06-30 22:42:30 - [TEST_STEP][PASSED] - if (profNameLink.equalsIgnoreCase("a_PaymentsPS")): null

2022-06-30 22:42:30 - [TEST_STEP][PASSED] - if (profNameLink.equalsIgnoreCase("a_PaymentsCorp")): null

2022-06-30 22:42:30 - [TEST_STEP][PASSED] - switch (appName): null

2022-06-30 22:42:30 - [TEST_STEP][PASSED] - case "a_Access AutoSingleCFtpQA":: null

2022-06-30 22:42:30 - [TEST_STEP][PASSED] - verifyTextPresent("5.00", true): Text '5.00' is present on page  using regular expression

2022-06-30 22:42:31 - [MESSAGE][PASSED] - Text '5.00' is present on page  using regular expression

2022-06-30 22:42:31 - [TEST_STEP][PASSED] - verifyTextPresent("Single Transaction", true): Text 'Single Transaction' is present on page  using regular expression

2022-06-30 22:42:31 - [MESSAGE][PASSED] - Text 'Single Transaction' is present on page  using regular expression

2022-06-30 22:42:31 - [TEST_STEP][PASSED] - verifyTextPresent("7.50", true): Text '7.50' is present on page  using regular expression

2022-06-30 22:42:31 - [MESSAGE][PASSED] - Text '7.50' is present on page  using regular expression

2022-06-30 22:42:31 - [TEST_STEP][PASSED] - verifyTextPresent("Total Amount", true): Text 'Total Amount' is present on page  using regular expression

2022-06-30 22:42:32 - [MESSAGE][PASSED] - Text 'Total Amount' is present on page  using regular expression

2022-06-30 22:42:32 - [TEST_STEP][PASSED] - verifyTextPresent("Transaction Type", true): Text 'Transaction Type' is present on page  using regular expression

2022-06-30 22:42:32 - [MESSAGE][PASSED] - Text 'Transaction Type' is present on page  using regular expression

2022-06-30 22:42:32 - [TEST_STEP][PASSED] - break: null

2022-06-30 22:42:32 - [TEST_STEP][PASSED] - closeBrowser(): Browser is closed

2022-06-30 22:42:33 - [MESSAGE][PASSED] - Browser is closed

2022-06-30 22:42:33 - [TEST_STEP][PASSED] - ExecuteTC = findTestData(dataFile).getValue("Execute", row): null

2022-06-30 22:42:33 - [TEST_STEP][PASSED] - out.println("Value of Execute is : " + ExecuteTC): null

2022-06-30 22:42:33 - [TEST_STEP][PASSED] - switch (executionProfile): null

2022-06-30 22:42:33 - [TEST_STEP][PASSED] - case "QAProfile":: null

2022-06-30 22:42:33 - [TEST_STEP][PASSED] - appName = findTestData(dataFile).getValue("AppNameQA", row): null

2022-06-30 22:42:33 - [TEST_STEP][PASSED] - appID = findTestData(dataFile).getValue("AppIDQA", row): null

2022-06-30 22:42:33 - [TEST_STEP][PASSED] - break: null

2022-06-30 22:42:33 - [TEST_STEP][PASSED] - if (ExecuteTC.equalsIgnoreCase("Y")): null

2022-06-30 22:42:33 - [TEST_STEP][PASSED] - out.println("Begin Record Number: " + row): null

2022-06-30 22:42:33 - [TEST_STEP][PASSED] - today = new java.util.Date(): null

2022-06-30 22:42:33 - [TEST_STEP][PASSED] - println(today): null

2022-06-30 22:42:33 - [TEST_STEP][PASSED] - datText = today: null

2022-06-30 22:42:33 - [TEST_STEP][PASSED] - adminSuiteBootstrap.loginFunctionality.login_AdminSuite(): adminSuiteBootstrap.loginFunctionality.login_AdminSuite is PASSED

2022-06-30 22:42:33 - [MESSAGE][INFO] - Starting 'Chrome' driver

2022-06-30 22:42:33 - [MESSAGE][INFO] - User set preference: ['acceptInsecureCerts', 'true']

2022-06-30 22:42:33 - [MESSAGE][INFO] - Action delay is set to 0 milliseconds

2022-06-30 22:42:36 - [MESSAGE][PASSED] - Browser is opened with url: 'https://qa.velocitypayment.com/admin/imtiaz'

2022-06-30 22:42:36 - [MESSAGE][PASSED] - Current window maximized

2022-06-30 22:42:37 - [MESSAGE][PASSED] - Object 'Object Repository/Login_Page/Login_Username' is present

2022-06-30 22:42:37 - [MESSAGE][PASSED] - Text 'iahmed' is set on object 'Object Repository/Login_Page/Login_Username'

2022-06-30 22:42:38 - [MESSAGE][PASSED] - Text 'hello2222' is set on object 'Object Repository/Login_Page/Login_Password'

2022-06-30 22:42:43 - [MESSAGE][PASSED] - Object: 'Object Repository/Login_Page/Login_Submit' is clicked on

2022-06-30 22:42:43 - [MESSAGE][PASSED] - adminSuiteBootstrap.loginFunctionality.login_AdminSuite is PASSED

2022-06-30 22:42:43 - [TEST_STEP][PASSED] - click(findTestObject(path_Dashboard + appName)): Object: 'Object Repository/AdminSuiteBootstrap_Pages/Dashboard_Bootstrap/a_Access AutoSingleCFtpQA' is clicked on

2022-06-30 22:42:44 - [MESSAGE][PASSED] - Object: 'Object Repository/AdminSuiteBootstrap_Pages/Dashboard_Bootstrap/a_Access AutoSingleCFtpQA' is clicked on

2022-06-30 22:42:44 - [TEST_STEP][PASSED] - click(findTestObject(path_VT + "a_Find Profile")): Object: 'Object Repository/AdminSuiteBootstrap_Pages/VT_Bootstrap/IssueTransactions/a_Find Profile' is clicked on

2022-06-30 22:42:44 - [MESSAGE][PASSED] - Object: 'Object Repository/AdminSuiteBootstrap_Pages/VT_Bootstrap/IssueTransactions/a_Find Profile' is clicked on

2022-06-30 22:42:44 - [TEST_STEP][PASSED] - criteria = <not implemented yet for class: org.codehaus.groovy.ast.expr.EmptyExpression>: null

2022-06-30 22:42:44 - [TEST_STEP][PASSED] - searchBy = <not implemented yet for class: org.codehaus.groovy.ast.expr.EmptyExpression>: null

2022-06-30 22:42:44 - [TEST_STEP][PASSED] - criteria = findTestData(dataFile).getValue("ProfileName", row): null

2022-06-30 22:42:44 - [TEST_STEP][PASSED] - path_SearchProfile = "Object Repository/AdminSuiteBootstrap_Pages/VSP_Bootstrap/SearchProfile/": null

2022-06-30 22:42:44 - [TEST_STEP][PASSED] - setText(findTestObject(path_SearchProfile + "input_Criteria"), criteria): Text 'PaymentsPC' is set on object 'Object Repository/AdminSuiteBootstrap_Pages/VSP_Bootstrap/SearchProfile/input_Criteria'

2022-06-30 22:42:45 - [MESSAGE][PASSED] - Text 'PaymentsPC' is set on object 'Object Repository/AdminSuiteBootstrap_Pages/VSP_Bootstrap/SearchProfile/input_Criteria'

2022-06-30 22:42:45 - [TEST_STEP][PASSED] - click(findTestObject(path_SearchProfile + "button_Search")): Object: 'Object Repository/AdminSuiteBootstrap_Pages/VSP_Bootstrap/SearchProfile/button_Search' is clicked on

2022-06-30 22:42:47 - [MESSAGE][PASSED] - Object: 'Object Repository/AdminSuiteBootstrap_Pages/VSP_Bootstrap/SearchProfile/button_Search' is clicked on

2022-06-30 22:42:47 - [TEST_STEP][PASSED] - profNameLink = findTestData(dataFile).getValue("ProfileNameLink", row): null

2022-06-30 22:42:47 - [TEST_STEP][PASSED] - click(findTestObject(path_ViewProfile + profNameLink)): Object: 'Object Repository/AdminSuiteBootstrap_Pages/VSP_Bootstrap/View Profile/a_PaymentsPC' is clicked on

2022-06-30 22:42:49 - [MESSAGE][PASSED] - Object: 'Object Repository/AdminSuiteBootstrap_Pages/VSP_Bootstrap/View Profile/a_PaymentsPC' is clicked on

2022-06-30 22:42:49 - [TEST_STEP][PASSED] - click(findTestObject(path_ViewProfile + "a_Debit")): Object: 'Object Repository/AdminSuiteBootstrap_Pages/VSP_Bootstrap/View Profile/a_Debit' is clicked on

2022-06-30 22:42:51 - [MESSAGE][PASSED] - Object: 'Object Repository/AdminSuiteBootstrap_Pages/VSP_Bootstrap/View Profile/a_Debit' is clicked on

2022-06-30 22:42:51 - [TEST_STEP][PASSED] - verifyTextPresent("Remittance ID", true): Text 'Remittance ID' is present on page  using regular expression

2022-06-30 22:42:52 - [MESSAGE][PASSED] - Text 'Remittance ID' is present on page  using regular expression

2022-06-30 22:42:52 - [TEST_STEP][PASSED] - vspBootstrap.ACHDebitPage.setDataACHDebit(row, dataFile): vspBootstrap.ACHDebitPage.setDataACHDebit is PASSED

2022-06-30 22:42:54 - [MESSAGE][PASSED] - All options with value 'TEL' are selected in object 'Object Repository/AdminSuiteBootstrap_Pages/VSP_Bootstrap/VSP_Debit/select_StdEntryClass'  using regular expression

2022-06-30 22:42:54 - [MESSAGE][PASSED] - Text '' is set on object 'Object Repository/AdminSuiteBootstrap_Pages/VSP_Bootstrap/VSP_Debit/input_smsNumber'

2022-06-30 22:42:55 - [MESSAGE][PASSED] - Text '2.50' is set on object 'Object Repository/AdminSuiteBootstrap_Pages/VSP_Bootstrap/VSP_Debit/input_amount'

2022-06-30 22:42:56 - [MESSAGE][PASSED] - Text 'Delhi' is set on object 'Object Repository/AdminSuiteBootstrap_Pages/VSP_Bootstrap/VSP_Debit/input_userDefined1'

2022-06-30 22:42:57 - [MESSAGE][PASSED] - Text 'Chennai' is set on object 'Object Repository/AdminSuiteBootstrap_Pages/VSP_Bootstrap/VSP_Debit/input_userDefined2'

2022-06-30 22:42:57 - [MESSAGE][PASSED] - Text 'Mumbai' is set on object 'Object Repository/AdminSuiteBootstrap_Pages/VSP_Bootstrap/VSP_Debit/input_userDefined3'

2022-06-30 22:42:58 - [MESSAGE][PASSED] - Text 'Kanpur' is set on object 'Object Repository/AdminSuiteBootstrap_Pages/VSP_Bootstrap/VSP_Debit/input_userDefined4'

2022-06-30 22:42:59 - [MESSAGE][PASSED] - All options with label 'Orange' are selected in object 'Object Repository/AdminSuiteBootstrap_Pages/VSP_Bootstrap/VSP_Debit/select_UDF5'  using regular expression

2022-06-30 22:43:00 - [MESSAGE][PASSED] - All options with label 'Yellow' are selected in object 'Object Repository/AdminSuiteBootstrap_Pages/VSP_Bootstrap/VSP_Debit/select_UDF6'  using regular expression

2022-06-30 22:43:01 - [MESSAGE][PASSED] - Text 'Kolkata' is set on object 'Object Repository/AdminSuiteBootstrap_Pages/VSP_Bootstrap/VSP_Debit/input_userDefined7'

2022-06-30 22:43:02 - [MESSAGE][PASSED] - Text 'Pune' is set on object 'Object Repository/AdminSuiteBootstrap_Pages/VSP_Bootstrap/VSP_Debit/input_userDefined8'

2022-06-30 22:43:02 - [MESSAGE][PASSED] - Text 'Bhavnagar' is set on object 'Object Repository/AdminSuiteBootstrap_Pages/VSP_Bootstrap/VSP_Debit/input_userDefined9'

2022-06-30 22:43:03 - [MESSAGE][PASSED] - Text 'Noida' is set on object 'Object Repository/AdminSuiteBootstrap_Pages/VSP_Bootstrap/VSP_Debit/input_userDefined10'

2022-06-30 22:43:05 - [MESSAGE][PASSED] - Object: 'Object Repository/AdminSuiteBootstrap_Pages/VSP_Bootstrap/VSP_Debit/button_Submit' is clicked on

2022-06-30 22:43:05 - [MESSAGE][PASSED] - vspBootstrap.ACHDebitPage.setDataACHDebit is PASSED

2022-06-30 22:43:05 - [TEST_STEP][PASSED] - verifyTextPresent("Transaction Successful", true): Text 'Transaction Successful' is present on page  using regular expression

2022-06-30 22:43:05 - [MESSAGE][PASSED] - Text 'Transaction Successful' is present on page  using regular expression

2022-06-30 22:43:05 - [TEST_STEP][PASSED] - verifyElementVisible(findTestObject("Object Repository/AdminSuiteBootstrap_Pages/VT_Bootstrap/Receipt/button_Continue")): Object 'Object Repository/AdminSuiteBootstrap_Pages/VT_Bootstrap/Receipt/button_Continue' is visible

2022-06-30 22:43:05 - [MESSAGE][PASSED] - Object 'Object Repository/AdminSuiteBootstrap_Pages/VT_Bootstrap/Receipt/button_Continue' is visible

2022-06-30 22:43:05 - [TEST_STEP][PASSED] - verifyElementPresent(findTestObject("Object Repository/AdminSuiteBootstrap_Pages/VT_Bootstrap/Receipt/button_Continue"), 20): Object 'Object Repository/AdminSuiteBootstrap_Pages/VT_Bootstrap/Receipt/button_Continue' is present

2022-06-30 22:43:06 - [MESSAGE][PASSED] - Object 'Object Repository/AdminSuiteBootstrap_Pages/VT_Bootstrap/Receipt/button_Continue' is present

2022-06-30 22:43:06 - [TEST_STEP][PASSED] - verifyElementVisible(findTestObject("Object Repository/AdminSuiteBootstrap_Pages/VT_Bootstrap/Receipt/button_Print")): Object 'Object Repository/AdminSuiteBootstrap_Pages/VT_Bootstrap/Receipt/button_Print' is visible

2022-06-30 22:43:06 - [MESSAGE][PASSED] - Object 'Object Repository/AdminSuiteBootstrap_Pages/VT_Bootstrap/Receipt/button_Print' is visible

2022-06-30 22:43:06 - [TEST_STEP][PASSED] - verifyElementPresent(findTestObject("Object Repository/AdminSuiteBootstrap_Pages/VT_Bootstrap/Receipt/button_Print"), 20): Object 'Object Repository/AdminSuiteBootstrap_Pages/VT_Bootstrap/Receipt/button_Print' is present

2022-06-30 22:43:06 - [MESSAGE][PASSED] - Object 'Object Repository/AdminSuiteBootstrap_Pages/VT_Bootstrap/Receipt/button_Print' is present

2022-06-30 22:43:06 - [TEST_STEP][PASSED] - verifyTextPresent("Remittance ID", true): Text 'Remittance ID' is present on page  using regular expression

2022-06-30 22:43:07 - [MESSAGE][PASSED] - Text 'Remittance ID' is present on page  using regular expression

2022-06-30 22:43:07 - [TEST_STEP][PASSED] - verifyTextPresent("Received", true): Text 'Received' is present on page  using regular expression

2022-06-30 22:43:07 - [MESSAGE][PASSED] - Text 'Received' is present on page  using regular expression

2022-06-30 22:43:07 - [TEST_STEP][PASSED] - verifyTextPresent("UDF1", true): Text 'UDF1' is present on page  using regular expression

2022-06-30 22:43:07 - [MESSAGE][PASSED] - Text 'UDF1' is present on page  using regular expression

2022-06-30 22:43:07 - [TEST_STEP][PASSED] - verifyTextPresent("UDF2", true): Text 'UDF2' is present on page  using regular expression

2022-06-30 22:43:08 - [MESSAGE][PASSED] - Text 'UDF2' is present on page  using regular expression

2022-06-30 22:43:08 - [TEST_STEP][PASSED] - verifyTextPresent("UDF3", true): Text 'UDF3' is present on page  using regular expression

2022-06-30 22:43:08 - [MESSAGE][PASSED] - Text 'UDF3' is present on page  using regular expression

2022-06-30 22:43:08 - [TEST_STEP][PASSED] - verifyTextPresent("UDF4", true): Text 'UDF4' is present on page  using regular expression

2022-06-30 22:43:08 - [MESSAGE][PASSED] - Text 'UDF4' is present on page  using regular expression

2022-06-30 22:43:08 - [TEST_STEP][PASSED] - verifyTextPresent("UDF5", true): Text 'UDF5' is present on page  using regular expression

2022-06-30 22:43:08 - [MESSAGE][PASSED] - Text 'UDF5' is present on page  using regular expression

2022-06-30 22:43:08 - [TEST_STEP][PASSED] - verifyTextPresent("UDF6", true): Text 'UDF6' is present on page  using regular expression

2022-06-30 22:43:09 - [MESSAGE][PASSED] - Text 'UDF6' is present on page  using regular expression

2022-06-30 22:43:09 - [TEST_STEP][PASSED] - verifyTextPresent("UDF7", true): Text 'UDF7' is present on page  using regular expression

2022-06-30 22:43:09 - [MESSAGE][PASSED] - Text 'UDF7' is present on page  using regular expression

2022-06-30 22:43:09 - [TEST_STEP][PASSED] - verifyTextPresent("UDF8", true): Text 'UDF8' is present on page  using regular expression

2022-06-30 22:43:09 - [MESSAGE][PASSED] - Text 'UDF8' is present on page  using regular expression

2022-06-30 22:43:09 - [TEST_STEP][PASSED] - verifyTextPresent("UDF9", true): Text 'UDF9' is present on page  using regular expression

2022-06-30 22:43:10 - [MESSAGE][PASSED] - Text 'UDF9' is present on page  using regular expression

2022-06-30 22:43:10 - [TEST_STEP][PASSED] - verifyTextPresent("UDF 10", true): Text 'UDF 10' is present on page  using regular expression

2022-06-30 22:43:10 - [MESSAGE][PASSED] - Text 'UDF 10' is present on page  using regular expression

2022-06-30 22:43:10 - [TEST_STEP][PASSED] - verifyTextPresent("Delhi", true): Text 'Delhi' is present on page  using regular expression

2022-06-30 22:43:10 - [MESSAGE][PASSED] - Text 'Delhi' is present on page  using regular expression

2022-06-30 22:43:10 - [TEST_STEP][PASSED] - verifyTextPresent("Chennai", true): Text 'Chennai' is present on page  using regular expression

2022-06-30 22:43:11 - [MESSAGE][PASSED] - Text 'Chennai' is present on page  using regular expression

2022-06-30 22:43:11 - [TEST_STEP][PASSED] - verifyTextPresent("Mumbai", true): Text 'Mumbai' is present on page  using regular expression

2022-06-30 22:43:11 - [MESSAGE][PASSED] - Text 'Mumbai' is present on page  using regular expression

2022-06-30 22:43:11 - [TEST_STEP][PASSED] - verifyTextPresent("Kanpur", true): Text 'Kanpur' is present on page  using regular expression

2022-06-30 22:43:11 - [MESSAGE][PASSED] - Text 'Kanpur' is present on page  using regular expression

2022-06-30 22:43:11 - [TEST_STEP][PASSED] - verifyTextPresent("Orange Recorded", true): Text 'Orange Recorded' is present on page  using regular expression

2022-06-30 22:43:12 - [MESSAGE][PASSED] - Text 'Orange Recorded' is present on page  using regular expression

2022-06-30 22:43:12 - [TEST_STEP][PASSED] - verifyTextPresent("Yellow Recorded", true): Text 'Yellow Recorded' is present on page  using regular expression

2022-06-30 22:43:12 - [MESSAGE][PASSED] - Text 'Yellow Recorded' is present on page  using regular expression

2022-06-30 22:43:12 - [TEST_STEP][PASSED] - verifyTextPresent("Kolkata", true): Text 'Kolkata' is present on page  using regular expression

2022-06-30 22:43:12 - [MESSAGE][PASSED] - Text 'Kolkata' is present on page  using regular expression

2022-06-30 22:43:12 - [TEST_STEP][PASSED] - verifyTextPresent("Pune", true): Text 'Pune' is present on page  using regular expression

2022-06-30 22:43:13 - [MESSAGE][PASSED] - Text 'Pune' is present on page  using regular expression

2022-06-30 22:43:13 - [TEST_STEP][PASSED] - verifyTextPresent("Bhavnagar", true): Text 'Bhavnagar' is present on page  using regular expression

2022-06-30 22:43:13 - [MESSAGE][PASSED] - Text 'Bhavnagar' is present on page  using regular expression

2022-06-30 22:43:13 - [TEST_STEP][PASSED] - verifyTextPresent("Noida", true): Text 'Noida' is present on page  using regular expression

2022-06-30 22:43:13 - [MESSAGE][PASSED] - Text 'Noida' is present on page  using regular expression

2022-06-30 22:43:13 - [TEST_STEP][PASSED] - verifyTextPresent("Amount", true): Text 'Amount' is present on page  using regular expression

2022-06-30 22:43:14 - [MESSAGE][PASSED] - Text 'Amount' is present on page  using regular expression

2022-06-30 22:43:14 - [TEST_STEP][PASSED] - verifyTextPresent("2.50", true): Text '2.50' is present on page  using regular expression

2022-06-30 22:43:14 - [MESSAGE][PASSED] - Text '2.50' is present on page  using regular expression

2022-06-30 22:43:14 - [TEST_STEP][PASSED] - verifyTextPresent("Transaction Type", true): Text 'Transaction Type' is present on page  using regular expression

2022-06-30 22:43:14 - [MESSAGE][PASSED] - Text 'Transaction Type' is present on page  using regular expression

2022-06-30 22:43:14 - [TEST_STEP][PASSED] - verifyTextPresent("Debit", true): Text 'Debit' is present on page  using regular expression

2022-06-30 22:43:15 - [MESSAGE][PASSED] - Text 'Debit' is present on page  using regular expression

2022-06-30 22:43:15 - [TEST_STEP][PASSED] - verifyTextPresent("Check Information", true): Text 'Check Information' is present on page  using regular expression

2022-06-30 22:43:15 - [MESSAGE][PASSED] - Text 'Check Information' is present on page  using regular expression

2022-06-30 22:43:15 - [TEST_STEP][PASSED] - verifyTextPresent("Account Type", true): Text 'Account Type' is present on page  using regular expression

2022-06-30 22:43:15 - [MESSAGE][PASSED] - Text 'Account Type' is present on page  using regular expression

2022-06-30 22:43:15 - [TEST_STEP][PASSED] - verifyTextPresent("Account Number", true): Text 'Account Number' is present on page  using regular expression

2022-06-30 22:43:16 - [MESSAGE][PASSED] - Text 'Account Number' is present on page  using regular expression

2022-06-30 22:43:16 - [TEST_STEP][PASSED] - verifyTextPresent("Routing Number", true): Text 'Routing Number' is present on page  using regular expression

2022-06-30 22:43:16 - [MESSAGE][PASSED] - Text 'Routing Number' is present on page  using regular expression

2022-06-30 22:43:16 - [TEST_STEP][PASSED] - verifyTextPresent("Address Line 1", true): Text 'Address Line 1' is present on page  using regular expression

2022-06-30 22:43:16 - [MESSAGE][PASSED] - Text 'Address Line 1' is present on page  using regular expression

2022-06-30 22:43:16 - [TEST_STEP][PASSED] - verifyTextPresent("Address Line 2", true): Text 'Address Line 2' is present on page  using regular expression

2022-06-30 22:43:17 - [MESSAGE][PASSED] - Text 'Address Line 2' is present on page  using regular expression

2022-06-30 22:43:17 - [TEST_STEP][PASSED] - verifyTextPresent("Country", true): Text 'Country' is present on page  using regular expression

2022-06-30 22:43:17 - [MESSAGE][PASSED] - Text 'Country' is present on page  using regular expression

2022-06-30 22:43:17 - [TEST_STEP][PASSED] - verifyTextPresent("City", true): Text 'City' is present on page  using regular expression

2022-06-30 22:43:17 - [MESSAGE][PASSED] - Text 'City' is present on page  using regular expression

2022-06-30 22:43:17 - [TEST_STEP][PASSED] - verifyTextPresent("State", true): Text 'State' is present on page  using regular expression

2022-06-30 22:43:18 - [MESSAGE][PASSED] - Text 'State' is present on page  using regular expression

2022-06-30 22:43:18 - [TEST_STEP][PASSED] - verifyTextPresent("ZIP Code", true): Text 'ZIP Code' is present on page  using regular expression

2022-06-30 22:43:18 - [MESSAGE][PASSED] - Text 'ZIP Code' is present on page  using regular expression

2022-06-30 22:43:18 - [TEST_STEP][PASSED] - verifyTextPresent("248 PhoolKaante road", true): Text '248 PhoolKaante road' is present on page  using regular expression

2022-06-30 22:43:18 - [MESSAGE][PASSED] - Text '248 PhoolKaante road' is present on page  using regular expression

2022-06-30 22:43:18 - [TEST_STEP][PASSED] - verifyTextPresent("Suite 678", true): Text 'Suite 678' is present on page  using regular expression

2022-06-30 22:43:19 - [MESSAGE][PASSED] - Text 'Suite 678' is present on page  using regular expression

2022-06-30 22:43:19 - [TEST_STEP][PASSED] - verifyTextPresent("United States", true): Text 'United States' is present on page  using regular expression

2022-06-30 22:43:19 - [MESSAGE][PASSED] - Text 'United States' is present on page  using regular expression

2022-06-30 22:43:19 - [TEST_STEP][PASSED] - verifyTextPresent("ARLINGTON", true): Text 'ARLINGTON' is present on page  using regular expression

2022-06-30 22:43:19 - [MESSAGE][PASSED] - Text 'ARLINGTON' is present on page  using regular expression

2022-06-30 22:43:19 - [TEST_STEP][PASSED] - verifyTextPresent("Virginia", true): Text 'Virginia' is present on page  using regular expression

2022-06-30 22:43:19 - [MESSAGE][PASSED] - Text 'Virginia' is present on page  using regular expression

2022-06-30 22:43:19 - [TEST_STEP][PASSED] - verifyTextPresent("22201", true): Text '22201' is present on page  using regular expression

2022-06-30 22:43:20 - [MESSAGE][PASSED] - Text '22201' is present on page  using regular expression

2022-06-30 22:43:20 - [TEST_STEP][PASSED] - tranType = findTestData(dataFile).getValue("TranType", row): null

2022-06-30 22:43:20 - [TEST_STEP][PASSED] - last4V = findTestData(dataFile).getValue("Last4", row): null

2022-06-30 22:43:20 - [TEST_STEP][PASSED] - verifyTextPresent(tranType, true): Text 'Checking' is present on page  using regular expression

2022-06-30 22:43:20 - [MESSAGE][PASSED] - Text 'Checking' is present on page  using regular expression

2022-06-30 22:43:20 - [TEST_STEP][PASSED] - verifyTextPresent(last4V, true): Text '2222' is present on page  using regular expression

2022-06-30 22:43:20 - [MESSAGE][PASSED] - Text '2222' is present on page  using regular expression

2022-06-30 22:43:20 - [TEST_STEP][PASSED] - if (profNameLink.equalsIgnoreCase("a_PaymentsPC")): Text 'TANDON RAVENA' is present on page  using regular expression

2022-06-30 22:43:20 - [TEST_STEP][PASSED] - verifyTextPresent("Name on Account", true): Text 'Name on Account' is present on page  using regular expression

2022-06-30 22:43:21 - [MESSAGE][PASSED] - Text 'Name on Account' is present on page  using regular expression

2022-06-30 22:43:21 - [TEST_STEP][PASSED] - verifyTextPresent("TANDON RAVENA", true): Text 'TANDON RAVENA' is present on page  using regular expression

2022-06-30 22:43:21 - [MESSAGE][PASSED] - Text 'TANDON RAVENA' is present on page  using regular expression

2022-06-30 22:43:21 - [TEST_STEP][PASSED] - if (profNameLink.equalsIgnoreCase("a_PaymentsPS")): null

2022-06-30 22:43:21 - [TEST_STEP][PASSED] - if (profNameLink.equalsIgnoreCase("a_PaymentsCorp")): null

2022-06-30 22:43:21 - [TEST_STEP][PASSED] - switch (appName): null

2022-06-30 22:43:21 - [TEST_STEP][PASSED] - case "a_Access AutoSingleCFtpQA":: null

2022-06-30 22:43:21 - [TEST_STEP][PASSED] - verifyTextPresent("5.00", true): Text '5.00' is present on page  using regular expression

2022-06-30 22:43:21 - [MESSAGE][PASSED] - Text '5.00' is present on page  using regular expression

2022-06-30 22:43:21 - [TEST_STEP][PASSED] - verifyTextPresent("Single Transaction", true): Text 'Single Transaction' is present on page  using regular expression

2022-06-30 22:43:22 - [MESSAGE][PASSED] - Text 'Single Transaction' is present on page  using regular expression

2022-06-30 22:43:22 - [TEST_STEP][PASSED] - verifyTextPresent("7.50", true): Text '7.50' is present on page  using regular expression

2022-06-30 22:43:22 - [MESSAGE][PASSED] - Text '7.50' is present on page  using regular expression

2022-06-30 22:43:22 - [TEST_STEP][PASSED] - verifyTextPresent("Total Amount", true): Text 'Total Amount' is present on page  using regular expression

2022-06-30 22:43:22 - [MESSAGE][PASSED] - Text 'Total Amount' is present on page  using regular expression

2022-06-30 22:43:22 - [TEST_STEP][PASSED] - verifyTextPresent("Transaction Type", true): Text 'Transaction Type' is present on page  using regular expression

2022-06-30 22:43:23 - [MESSAGE][PASSED] - Text 'Transaction Type' is present on page  using regular expression

2022-06-30 22:43:23 - [TEST_STEP][PASSED] - break: null

2022-06-30 22:43:23 - [TEST_STEP][PASSED] - closeBrowser(): Browser is closed

2022-06-30 22:43:24 - [MESSAGE][PASSED] - Browser is closed

2022-06-30 22:43:24 - [TEST_STEP][PASSED] - ExecuteTC = findTestData(dataFile).getValue("Execute", row): null

2022-06-30 22:43:24 - [TEST_STEP][PASSED] - out.println("Value of Execute is : " + ExecuteTC): null

2022-06-30 22:43:24 - [TEST_STEP][PASSED] - switch (executionProfile): null

2022-06-30 22:43:24 - [TEST_STEP][PASSED] - case "QAProfile":: null

2022-06-30 22:43:24 - [TEST_STEP][PASSED] - appName = findTestData(dataFile).getValue("AppNameQA", row): null

2022-06-30 22:43:24 - [TEST_STEP][PASSED] - appID = findTestData(dataFile).getValue("AppIDQA", row): null

2022-06-30 22:43:24 - [TEST_STEP][PASSED] - break: null

2022-06-30 22:43:24 - [TEST_STEP][PASSED] - if (ExecuteTC.equalsIgnoreCase("Y")): null

2022-06-30 22:43:24 - [TEST_STEP][PASSED] - out.println("Begin Record Number: " + row): null

2022-06-30 22:43:24 - [TEST_STEP][PASSED] - today = new java.util.Date(): null

2022-06-30 22:43:24 - [TEST_STEP][PASSED] - println(today): null

2022-06-30 22:43:24 - [TEST_STEP][PASSED] - datText = today: null

2022-06-30 22:43:24 - [TEST_STEP][PASSED] - adminSuiteBootstrap.loginFunctionality.login_AdminSuite(): adminSuiteBootstrap.loginFunctionality.login_AdminSuite is PASSED

2022-06-30 22:43:24 - [MESSAGE][INFO] - Starting 'Chrome' driver

2022-06-30 22:43:24 - [MESSAGE][INFO] - User set preference: ['acceptInsecureCerts', 'true']

2022-06-30 22:43:24 - [MESSAGE][INFO] - Action delay is set to 0 milliseconds

2022-06-30 22:43:28 - [MESSAGE][PASSED] - Browser is opened with url: 'https://qa.velocitypayment.com/admin/imtiaz'

2022-06-30 22:43:28 - [MESSAGE][PASSED] - Current window maximized

2022-06-30 22:43:28 - [MESSAGE][PASSED] - Object 'Object Repository/Login_Page/Login_Username' is present

2022-06-30 22:43:29 - [MESSAGE][PASSED] - Text 'iahmed' is set on object 'Object Repository/Login_Page/Login_Username'

2022-06-30 22:43:30 - [MESSAGE][PASSED] - Text 'hello2222' is set on object 'Object Repository/Login_Page/Login_Password'

2022-06-30 22:43:33 - [MESSAGE][PASSED] - Object: 'Object Repository/Login_Page/Login_Submit' is clicked on

2022-06-30 22:43:33 - [MESSAGE][PASSED] - adminSuiteBootstrap.loginFunctionality.login_AdminSuite is PASSED

2022-06-30 22:43:33 - [TEST_STEP][PASSED] - click(findTestObject(path_Dashboard + appName)): Object: 'Object Repository/AdminSuiteBootstrap_Pages/Dashboard_Bootstrap/a_Access AutoSingleCFtpQA' is clicked on

2022-06-30 22:43:34 - [MESSAGE][PASSED] - Object: 'Object Repository/AdminSuiteBootstrap_Pages/Dashboard_Bootstrap/a_Access AutoSingleCFtpQA' is clicked on

2022-06-30 22:43:34 - [TEST_STEP][PASSED] - click(findTestObject(path_VT + "a_Find Profile")): Object: 'Object Repository/AdminSuiteBootstrap_Pages/VT_Bootstrap/IssueTransactions/a_Find Profile' is clicked on

2022-06-30 22:43:35 - [MESSAGE][PASSED] - Object: 'Object Repository/AdminSuiteBootstrap_Pages/VT_Bootstrap/IssueTransactions/a_Find Profile' is clicked on

2022-06-30 22:43:35 - [TEST_STEP][PASSED] - criteria = <not implemented yet for class: org.codehaus.groovy.ast.expr.EmptyExpression>: null

2022-06-30 22:43:35 - [TEST_STEP][PASSED] - searchBy = <not implemented yet for class: org.codehaus.groovy.ast.expr.EmptyExpression>: null

2022-06-30 22:43:35 - [TEST_STEP][PASSED] - criteria = findTestData(dataFile).getValue("ProfileName", row): null

2022-06-30 22:43:35 - [TEST_STEP][PASSED] - path_SearchProfile = "Object Repository/AdminSuiteBootstrap_Pages/VSP_Bootstrap/SearchProfile/": null

2022-06-30 22:43:35 - [TEST_STEP][PASSED] - setText(findTestObject(path_SearchProfile + "input_Criteria"), criteria): Text 'PaymentsPS' is set on object 'Object Repository/AdminSuiteBootstrap_Pages/VSP_Bootstrap/SearchProfile/input_Criteria'

2022-06-30 22:43:36 - [MESSAGE][PASSED] - Text 'PaymentsPS' is set on object 'Object Repository/AdminSuiteBootstrap_Pages/VSP_Bootstrap/SearchProfile/input_Criteria'

2022-06-30 22:43:36 - [TEST_STEP][PASSED] - click(findTestObject(path_SearchProfile + "button_Search")): Object: 'Object Repository/AdminSuiteBootstrap_Pages/VSP_Bootstrap/SearchProfile/button_Search' is clicked on

2022-06-30 22:43:37 - [MESSAGE][PASSED] - Object: 'Object Repository/AdminSuiteBootstrap_Pages/VSP_Bootstrap/SearchProfile/button_Search' is clicked on

2022-06-30 22:43:37 - [TEST_STEP][PASSED] - profNameLink = findTestData(dataFile).getValue("ProfileNameLink", row): null

2022-06-30 22:43:37 - [TEST_STEP][PASSED] - click(findTestObject(path_ViewProfile + profNameLink)): Object: 'Object Repository/AdminSuiteBootstrap_Pages/VSP_Bootstrap/View Profile/a_PaymentsPS' is clicked on

2022-06-30 22:43:39 - [MESSAGE][PASSED] - Object: 'Object Repository/AdminSuiteBootstrap_Pages/VSP_Bootstrap/View Profile/a_PaymentsPS' is clicked on

2022-06-30 22:43:39 - [TEST_STEP][PASSED] - click(findTestObject(path_ViewProfile + "a_Debit")): Object: 'Object Repository/AdminSuiteBootstrap_Pages/VSP_Bootstrap/View Profile/a_Debit' is clicked on

2022-06-30 22:43:41 - [MESSAGE][PASSED] - Object: 'Object Repository/AdminSuiteBootstrap_Pages/VSP_Bootstrap/View Profile/a_Debit' is clicked on

2022-06-30 22:43:41 - [TEST_STEP][PASSED] - verifyTextPresent("Remittance ID", true): Text 'Remittance ID' is present on page  using regular expression

2022-06-30 22:43:42 - [MESSAGE][PASSED] - Text 'Remittance ID' is present on page  using regular expression

2022-06-30 22:43:42 - [TEST_STEP][PASSED] - vspBootstrap.ACHDebitPage.setDataACHDebit(row, dataFile): vspBootstrap.ACHDebitPage.setDataACHDebit is PASSED

2022-06-30 22:43:43 - [MESSAGE][PASSED] - All options with value 'PPD' are selected in object 'Object Repository/AdminSuiteBootstrap_Pages/VSP_Bootstrap/VSP_Debit/select_StdEntryClass'  using regular expression

2022-06-30 22:43:44 - [MESSAGE][PASSED] - Text '' is set on object 'Object Repository/AdminSuiteBootstrap_Pages/VSP_Bootstrap/VSP_Debit/input_smsNumber'

2022-06-30 22:43:44 - [MESSAGE][PASSED] - Text '2.50' is set on object 'Object Repository/AdminSuiteBootstrap_Pages/VSP_Bootstrap/VSP_Debit/input_amount'

2022-06-30 22:43:45 - [MESSAGE][PASSED] - Text 'Delhi' is set on object 'Object Repository/AdminSuiteBootstrap_Pages/VSP_Bootstrap/VSP_Debit/input_userDefined1'

2022-06-30 22:43:46 - [MESSAGE][PASSED] - Text 'Chennai' is set on object 'Object Repository/AdminSuiteBootstrap_Pages/VSP_Bootstrap/VSP_Debit/input_userDefined2'

2022-06-30 22:43:47 - [MESSAGE][PASSED] - Text 'Mumbai' is set on object 'Object Repository/AdminSuiteBootstrap_Pages/VSP_Bootstrap/VSP_Debit/input_userDefined3'

2022-06-30 22:43:47 - [MESSAGE][PASSED] - Text 'Kanpur' is set on object 'Object Repository/AdminSuiteBootstrap_Pages/VSP_Bootstrap/VSP_Debit/input_userDefined4'

2022-06-30 22:43:48 - [MESSAGE][PASSED] - All options with label 'Orange' are selected in object 'Object Repository/AdminSuiteBootstrap_Pages/VSP_Bootstrap/VSP_Debit/select_UDF5'  using regular expression

2022-06-30 22:43:49 - [MESSAGE][PASSED] - All options with label 'Yellow' are selected in object 'Object Repository/AdminSuiteBootstrap_Pages/VSP_Bootstrap/VSP_Debit/select_UDF6'  using regular expression

2022-06-30 22:43:50 - [MESSAGE][PASSED] - Text 'Kolkata' is set on object 'Object Repository/AdminSuiteBootstrap_Pages/VSP_Bootstrap/VSP_Debit/input_userDefined7'

2022-06-30 22:43:51 - [MESSAGE][PASSED] - Text 'Pune' is set on object 'Object Repository/AdminSuiteBootstrap_Pages/VSP_Bootstrap/VSP_Debit/input_userDefined8'

2022-06-30 22:43:51 - [MESSAGE][PASSED] - Text 'Bhavnagar' is set on object 'Object Repository/AdminSuiteBootstrap_Pages/VSP_Bootstrap/VSP_Debit/input_userDefined9'

2022-06-30 22:43:52 - [MESSAGE][PASSED] - Text 'Noida' is set on object 'Object Repository/AdminSuiteBootstrap_Pages/VSP_Bootstrap/VSP_Debit/input_userDefined10'

2022-06-30 22:43:53 - [MESSAGE][PASSED] - Object: 'Object Repository/AdminSuiteBootstrap_Pages/VSP_Bootstrap/VSP_Debit/button_Submit' is clicked on

2022-06-30 22:43:53 - [MESSAGE][PASSED] - vspBootstrap.ACHDebitPage.setDataACHDebit is PASSED

2022-06-30 22:43:53 - [TEST_STEP][PASSED] - verifyTextPresent("Transaction Successful", true): Text 'Transaction Successful' is present on page  using regular expression

2022-06-30 22:43:54 - [MESSAGE][PASSED] - Text 'Transaction Successful' is present on page  using regular expression

2022-06-30 22:43:54 - [TEST_STEP][PASSED] - verifyElementVisible(findTestObject("Object Repository/AdminSuiteBootstrap_Pages/VT_Bootstrap/Receipt/button_Continue")): Object 'Object Repository/AdminSuiteBootstrap_Pages/VT_Bootstrap/Receipt/button_Continue' is visible

2022-06-30 22:43:55 - [MESSAGE][PASSED] - Object 'Object Repository/AdminSuiteBootstrap_Pages/VT_Bootstrap/Receipt/button_Continue' is visible

2022-06-30 22:43:55 - [TEST_STEP][PASSED] - verifyElementPresent(findTestObject("Object Repository/AdminSuiteBootstrap_Pages/VT_Bootstrap/Receipt/button_Continue"), 20): Object 'Object Repository/AdminSuiteBootstrap_Pages/VT_Bootstrap/Receipt/button_Continue' is present

2022-06-30 22:43:55 - [MESSAGE][PASSED] - Object 'Object Repository/AdminSuiteBootstrap_Pages/VT_Bootstrap/Receipt/button_Continue' is present

2022-06-30 22:43:55 - [TEST_STEP][PASSED] - verifyElementVisible(findTestObject("Object Repository/AdminSuiteBootstrap_Pages/VT_Bootstrap/Receipt/button_Print")): Object 'Object Repository/AdminSuiteBootstrap_Pages/VT_Bootstrap/Receipt/button_Print' is visible

2022-06-30 22:43:55 - [MESSAGE][PASSED] - Object 'Object Repository/AdminSuiteBootstrap_Pages/VT_Bootstrap/Receipt/button_Print' is visible

2022-06-30 22:43:55 - [TEST_STEP][PASSED] - verifyElementPresent(findTestObject("Object Repository/AdminSuiteBootstrap_Pages/VT_Bootstrap/Receipt/button_Print"), 20): Object 'Object Repository/AdminSuiteBootstrap_Pages/VT_Bootstrap/Receipt/button_Print' is present

2022-06-30 22:43:56 - [MESSAGE][PASSED] - Object 'Object Repository/AdminSuiteBootstrap_Pages/VT_Bootstrap/Receipt/button_Print' is present

2022-06-30 22:43:56 - [TEST_STEP][PASSED] - verifyTextPresent("Remittance ID", true): Text 'Remittance ID' is present on page  using regular expression

2022-06-30 22:43:56 - [MESSAGE][PASSED] - Text 'Remittance ID' is present on page  using regular expression

2022-06-30 22:43:56 - [TEST_STEP][PASSED] - verifyTextPresent("Received", true): Text 'Received' is present on page  using regular expression

2022-06-30 22:43:56 - [MESSAGE][PASSED] - Text 'Received' is present on page  using regular expression

2022-06-30 22:43:56 - [TEST_STEP][PASSED] - verifyTextPresent("UDF1", true): Text 'UDF1' is present on page  using regular expression

2022-06-30 22:43:57 - [MESSAGE][PASSED] - Text 'UDF1' is present on page  using regular expression

2022-06-30 22:43:57 - [TEST_STEP][PASSED] - verifyTextPresent("UDF2", true): Text 'UDF2' is present on page  using regular expression

2022-06-30 22:43:57 - [MESSAGE][PASSED] - Text 'UDF2' is present on page  using regular expression

2022-06-30 22:43:57 - [TEST_STEP][PASSED] - verifyTextPresent("UDF3", true): Text 'UDF3' is present on page  using regular expression

2022-06-30 22:43:57 - [MESSAGE][PASSED] - Text 'UDF3' is present on page  using regular expression

2022-06-30 22:43:57 - [TEST_STEP][PASSED] - verifyTextPresent("UDF4", true): Text 'UDF4' is present on page  using regular expression

2022-06-30 22:43:58 - [MESSAGE][PASSED] - Text 'UDF4' is present on page  using regular expression

2022-06-30 22:43:58 - [TEST_STEP][PASSED] - verifyTextPresent("UDF5", true): Text 'UDF5' is present on page  using regular expression

2022-06-30 22:43:58 - [MESSAGE][PASSED] - Text 'UDF5' is present on page  using regular expression

2022-06-30 22:43:58 - [TEST_STEP][PASSED] - verifyTextPresent("UDF6", true): Text 'UDF6' is present on page  using regular expression

2022-06-30 22:43:58 - [MESSAGE][PASSED] - Text 'UDF6' is present on page  using regular expression

2022-06-30 22:43:58 - [TEST_STEP][PASSED] - verifyTextPresent("UDF7", true): Text 'UDF7' is present on page  using regular expression

2022-06-30 22:43:59 - [MESSAGE][PASSED] - Text 'UDF7' is present on page  using regular expression

2022-06-30 22:43:59 - [TEST_STEP][PASSED] - verifyTextPresent("UDF8", true): Text 'UDF8' is present on page  using regular expression

2022-06-30 22:43:59 - [MESSAGE][PASSED] - Text 'UDF8' is present on page  using regular expression

2022-06-30 22:43:59 - [TEST_STEP][PASSED] - verifyTextPresent("UDF9", true): Text 'UDF9' is present on page  using regular expression

2022-06-30 22:43:59 - [MESSAGE][PASSED] - Text 'UDF9' is present on page  using regular expression

2022-06-30 22:43:59 - [TEST_STEP][PASSED] - verifyTextPresent("UDF 10", true): Text 'UDF 10' is present on page  using regular expression

2022-06-30 22:44:00 - [MESSAGE][PASSED] - Text 'UDF 10' is present on page  using regular expression

2022-06-30 22:44:00 - [TEST_STEP][PASSED] - verifyTextPresent("Delhi", true): Text 'Delhi' is present on page  using regular expression

2022-06-30 22:44:00 - [MESSAGE][PASSED] - Text 'Delhi' is present on page  using regular expression

2022-06-30 22:44:00 - [TEST_STEP][PASSED] - verifyTextPresent("Chennai", true): Text 'Chennai' is present on page  using regular expression

2022-06-30 22:44:00 - [MESSAGE][PASSED] - Text 'Chennai' is present on page  using regular expression

2022-06-30 22:44:00 - [TEST_STEP][PASSED] - verifyTextPresent("Mumbai", true): Text 'Mumbai' is present on page  using regular expression

2022-06-30 22:44:01 - [MESSAGE][PASSED] - Text 'Mumbai' is present on page  using regular expression

2022-06-30 22:44:01 - [TEST_STEP][PASSED] - verifyTextPresent("Kanpur", true): Text 'Kanpur' is present on page  using regular expression

2022-06-30 22:44:01 - [MESSAGE][PASSED] - Text 'Kanpur' is present on page  using regular expression

2022-06-30 22:44:01 - [TEST_STEP][PASSED] - verifyTextPresent("Orange Recorded", true): Text 'Orange Recorded' is present on page  using regular expression

2022-06-30 22:44:01 - [MESSAGE][PASSED] - Text 'Orange Recorded' is present on page  using regular expression

2022-06-30 22:44:01 - [TEST_STEP][PASSED] - verifyTextPresent("Yellow Recorded", true): Text 'Yellow Recorded' is present on page  using regular expression

2022-06-30 22:44:01 - [MESSAGE][PASSED] - Text 'Yellow Recorded' is present on page  using regular expression

2022-06-30 22:44:01 - [TEST_STEP][PASSED] - verifyTextPresent("Kolkata", true): Text 'Kolkata' is present on page  using regular expression

2022-06-30 22:44:02 - [MESSAGE][PASSED] - Text 'Kolkata' is present on page  using regular expression

2022-06-30 22:44:02 - [TEST_STEP][PASSED] - verifyTextPresent("Pune", true): Text 'Pune' is present on page  using regular expression

2022-06-30 22:44:02 - [MESSAGE][PASSED] - Text 'Pune' is present on page  using regular expression

2022-06-30 22:44:02 - [TEST_STEP][PASSED] - verifyTextPresent("Bhavnagar", true): Text 'Bhavnagar' is present on page  using regular expression

2022-06-30 22:44:02 - [MESSAGE][PASSED] - Text 'Bhavnagar' is present on page  using regular expression

2022-06-30 22:44:02 - [TEST_STEP][PASSED] - verifyTextPresent("Noida", true): Text 'Noida' is present on page  using regular expression

2022-06-30 22:44:03 - [MESSAGE][PASSED] - Text 'Noida' is present on page  using regular expression

2022-06-30 22:44:03 - [TEST_STEP][PASSED] - verifyTextPresent("Amount", true): Text 'Amount' is present on page  using regular expression

2022-06-30 22:44:03 - [MESSAGE][PASSED] - Text 'Amount' is present on page  using regular expression

2022-06-30 22:44:03 - [TEST_STEP][PASSED] - verifyTextPresent("2.50", true): Text '2.50' is present on page  using regular expression

2022-06-30 22:44:03 - [MESSAGE][PASSED] - Text '2.50' is present on page  using regular expression

2022-06-30 22:44:03 - [TEST_STEP][PASSED] - verifyTextPresent("Transaction Type", true): Text 'Transaction Type' is present on page  using regular expression

2022-06-30 22:44:04 - [MESSAGE][PASSED] - Text 'Transaction Type' is present on page  using regular expression

2022-06-30 22:44:04 - [TEST_STEP][PASSED] - verifyTextPresent("Debit", true): Text 'Debit' is present on page  using regular expression

2022-06-30 22:44:04 - [MESSAGE][PASSED] - Text 'Debit' is present on page  using regular expression

2022-06-30 22:44:04 - [TEST_STEP][PASSED] - verifyTextPresent("Check Information", true): Text 'Check Information' is present on page  using regular expression

2022-06-30 22:44:04 - [MESSAGE][PASSED] - Text 'Check Information' is present on page  using regular expression

2022-06-30 22:44:04 - [TEST_STEP][PASSED] - verifyTextPresent("Account Type", true): Text 'Account Type' is present on page  using regular expression

2022-06-30 22:44:05 - [MESSAGE][PASSED] - Text 'Account Type' is present on page  using regular expression

2022-06-30 22:44:05 - [TEST_STEP][PASSED] - verifyTextPresent("Account Number", true): Text 'Account Number' is present on page  using regular expression

2022-06-30 22:44:05 - [MESSAGE][PASSED] - Text 'Account Number' is present on page  using regular expression

2022-06-30 22:44:05 - [TEST_STEP][PASSED] - verifyTextPresent("Routing Number", true): Text 'Routing Number' is present on page  using regular expression

2022-06-30 22:44:05 - [MESSAGE][PASSED] - Text 'Routing Number' is present on page  using regular expression

2022-06-30 22:44:05 - [TEST_STEP][PASSED] - verifyTextPresent("Address Line 1", true): Text 'Address Line 1' is present on page  using regular expression

2022-06-30 22:44:05 - [MESSAGE][PASSED] - Text 'Address Line 1' is present on page  using regular expression

2022-06-30 22:44:05 - [TEST_STEP][PASSED] - verifyTextPresent("Address Line 2", true): Text 'Address Line 2' is present on page  using regular expression

2022-06-30 22:44:06 - [MESSAGE][PASSED] - Text 'Address Line 2' is present on page  using regular expression

2022-06-30 22:44:06 - [TEST_STEP][PASSED] - verifyTextPresent("Country", true): Text 'Country' is present on page  using regular expression

2022-06-30 22:44:06 - [MESSAGE][PASSED] - Text 'Country' is present on page  using regular expression

2022-06-30 22:44:06 - [TEST_STEP][PASSED] - verifyTextPresent("City", true): Text 'City' is present on page  using regular expression

2022-06-30 22:44:07 - [MESSAGE][PASSED] - Text 'City' is present on page  using regular expression

2022-06-30 22:44:07 - [TEST_STEP][PASSED] - verifyTextPresent("State", true): Text 'State' is present on page  using regular expression

2022-06-30 22:44:07 - [MESSAGE][PASSED] - Text 'State' is present on page  using regular expression

2022-06-30 22:44:07 - [TEST_STEP][PASSED] - verifyTextPresent("ZIP Code", true): Text 'ZIP Code' is present on page  using regular expression

2022-06-30 22:44:07 - [MESSAGE][PASSED] - Text 'ZIP Code' is present on page  using regular expression

2022-06-30 22:44:07 - [TEST_STEP][PASSED] - verifyTextPresent("248 PhoolKaante road", true): Text '248 PhoolKaante road' is present on page  using regular expression

2022-06-30 22:44:08 - [MESSAGE][PASSED] - Text '248 PhoolKaante road' is present on page  using regular expression

2022-06-30 22:44:08 - [TEST_STEP][PASSED] - verifyTextPresent("Suite 678", true): Text 'Suite 678' is present on page  using regular expression

2022-06-30 22:44:08 - [MESSAGE][PASSED] - Text 'Suite 678' is present on page  using regular expression

2022-06-30 22:44:08 - [TEST_STEP][PASSED] - verifyTextPresent("United States", true): Text 'United States' is present on page  using regular expression

2022-06-30 22:44:08 - [MESSAGE][PASSED] - Text 'United States' is present on page  using regular expression

2022-06-30 22:44:08 - [TEST_STEP][PASSED] - verifyTextPresent("ARLINGTON", true): Text 'ARLINGTON' is present on page  using regular expression

2022-06-30 22:44:09 - [MESSAGE][PASSED] - Text 'ARLINGTON' is present on page  using regular expression

2022-06-30 22:44:09 - [TEST_STEP][PASSED] - verifyTextPresent("Virginia", true): Text 'Virginia' is present on page  using regular expression

2022-06-30 22:44:09 - [MESSAGE][PASSED] - Text 'Virginia' is present on page  using regular expression

2022-06-30 22:44:09 - [TEST_STEP][PASSED] - verifyTextPresent("22201", true): Text '22201' is present on page  using regular expression

2022-06-30 22:44:09 - [MESSAGE][PASSED] - Text '22201' is present on page  using regular expression

2022-06-30 22:44:09 - [TEST_STEP][PASSED] - tranType = findTestData(dataFile).getValue("TranType", row): null

2022-06-30 22:44:09 - [TEST_STEP][PASSED] - last4V = findTestData(dataFile).getValue("Last4", row): null

2022-06-30 22:44:09 - [TEST_STEP][PASSED] - verifyTextPresent(tranType, true): Text 'Savings' is present on page  using regular expression

2022-06-30 22:44:10 - [MESSAGE][PASSED] - Text 'Savings' is present on page  using regular expression

2022-06-30 22:44:10 - [TEST_STEP][PASSED] - verifyTextPresent(last4V, true): Text '3333' is present on page  using regular expression

2022-06-30 22:44:10 - [MESSAGE][PASSED] - Text '3333' is present on page  using regular expression

2022-06-30 22:44:10 - [TEST_STEP][PASSED] - if (profNameLink.equalsIgnoreCase("a_PaymentsPC")): null

2022-06-30 22:44:10 - [TEST_STEP][PASSED] - if (profNameLink.equalsIgnoreCase("a_PaymentsPS")): Text 'TANDON RAVENA' is present on page  using regular expression

2022-06-30 22:44:10 - [TEST_STEP][PASSED] - verifyTextPresent("Name on Account", true): Text 'Name on Account' is present on page  using regular expression

2022-06-30 22:44:10 - [MESSAGE][PASSED] - Text 'Name on Account' is present on page  using regular expression

2022-06-30 22:44:10 - [TEST_STEP][PASSED] - verifyTextPresent("TANDON RAVENA", true): Text 'TANDON RAVENA' is present on page  using regular expression

2022-06-30 22:44:11 - [MESSAGE][PASSED] - Text 'TANDON RAVENA' is present on page  using regular expression

2022-06-30 22:44:11 - [TEST_STEP][PASSED] - if (profNameLink.equalsIgnoreCase("a_PaymentsCorp")): null

2022-06-30 22:44:11 - [TEST_STEP][PASSED] - switch (appName): null

2022-06-30 22:44:11 - [TEST_STEP][PASSED] - case "a_Access AutoSingleCFtpQA":: null

2022-06-30 22:44:11 - [TEST_STEP][PASSED] - verifyTextPresent("5.00", true): Text '5.00' is present on page  using regular expression

2022-06-30 22:44:11 - [MESSAGE][PASSED] - Text '5.00' is present on page  using regular expression

2022-06-30 22:44:11 - [TEST_STEP][PASSED] - verifyTextPresent("Single Transaction", true): Text 'Single Transaction' is present on page  using regular expression

2022-06-30 22:44:11 - [MESSAGE][PASSED] - Text 'Single Transaction' is present on page  using regular expression

2022-06-30 22:44:11 - [TEST_STEP][PASSED] - verifyTextPresent("7.50", true): Text '7.50' is present on page  using regular expression

2022-06-30 22:44:12 - [MESSAGE][PASSED] - Text '7.50' is present on page  using regular expression

2022-06-30 22:44:12 - [TEST_STEP][PASSED] - verifyTextPresent("Total Amount", true): Text 'Total Amount' is present on page  using regular expression

2022-06-30 22:44:12 - [MESSAGE][PASSED] - Text 'Total Amount' is present on page  using regular expression

2022-06-30 22:44:12 - [TEST_STEP][PASSED] - verifyTextPresent("Transaction Type", true): Text 'Transaction Type' is present on page  using regular expression

2022-06-30 22:44:12 - [MESSAGE][PASSED] - Text 'Transaction Type' is present on page  using regular expression

2022-06-30 22:44:12 - [TEST_STEP][PASSED] - break: null

2022-06-30 22:44:12 - [TEST_STEP][PASSED] - closeBrowser(): Browser is closed

2022-06-30 22:44:13 - [MESSAGE][PASSED] - Browser is closed

2022-06-30 22:44:13 - [TEST_STEP][PASSED] - ExecuteTC = findTestData(dataFile).getValue("Execute", row): null

2022-06-30 22:44:13 - [TEST_STEP][PASSED] - out.println("Value of Execute is : " + ExecuteTC): null

2022-06-30 22:44:13 - [TEST_STEP][PASSED] - switch (executionProfile): null

2022-06-30 22:44:13 - [TEST_STEP][PASSED] - case "QAProfile":: null

2022-06-30 22:44:13 - [TEST_STEP][PASSED] - appName = findTestData(dataFile).getValue("AppNameQA", row): null

2022-06-30 22:44:13 - [TEST_STEP][PASSED] - appID = findTestData(dataFile).getValue("AppIDQA", row): null

2022-06-30 22:44:13 - [TEST_STEP][PASSED] - break: null

2022-06-30 22:44:13 - [TEST_STEP][PASSED] - if (ExecuteTC.equalsIgnoreCase("Y")): null

2022-06-30 22:44:13 - [TEST_STEP][PASSED] - out.println("Begin Record Number: " + row): null

2022-06-30 22:44:13 - [TEST_STEP][PASSED] - today = new java.util.Date(): null

2022-06-30 22:44:13 - [TEST_STEP][PASSED] - println(today): null

2022-06-30 22:44:13 - [TEST_STEP][PASSED] - datText = today: null

2022-06-30 22:44:13 - [TEST_STEP][PASSED] - adminSuiteBootstrap.loginFunctionality.login_AdminSuite(): adminSuiteBootstrap.loginFunctionality.login_AdminSuite is PASSED

2022-06-30 22:44:13 - [MESSAGE][INFO] - Starting 'Chrome' driver

2022-06-30 22:44:13 - [MESSAGE][INFO] - User set preference: ['acceptInsecureCerts', 'true']

2022-06-30 22:44:13 - [MESSAGE][INFO] - Action delay is set to 0 milliseconds

2022-06-30 22:44:18 - [MESSAGE][PASSED] - Browser is opened with url: 'https://qa.velocitypayment.com/admin/imtiaz'

2022-06-30 22:44:18 - [MESSAGE][PASSED] - Current window maximized

2022-06-30 22:44:18 - [MESSAGE][PASSED] - Object 'Object Repository/Login_Page/Login_Username' is present

2022-06-30 22:44:19 - [MESSAGE][PASSED] - Text 'iahmed' is set on object 'Object Repository/Login_Page/Login_Username'

2022-06-30 22:44:19 - [MESSAGE][PASSED] - Text 'hello2222' is set on object 'Object Repository/Login_Page/Login_Password'

2022-06-30 22:44:24 - [MESSAGE][PASSED] - Object: 'Object Repository/Login_Page/Login_Submit' is clicked on

2022-06-30 22:44:24 - [MESSAGE][PASSED] - adminSuiteBootstrap.loginFunctionality.login_AdminSuite is PASSED

2022-06-30 22:44:24 - [TEST_STEP][PASSED] - click(findTestObject(path_Dashboard + appName)): Object: 'Object Repository/AdminSuiteBootstrap_Pages/Dashboard_Bootstrap/a_Access AutoSingleCFtpQA' is clicked on

2022-06-30 22:44:25 - [MESSAGE][PASSED] - Object: 'Object Repository/AdminSuiteBootstrap_Pages/Dashboard_Bootstrap/a_Access AutoSingleCFtpQA' is clicked on

2022-06-30 22:44:25 - [TEST_STEP][PASSED] - click(findTestObject(path_VT + "a_Find Profile")): Object: 'Object Repository/AdminSuiteBootstrap_Pages/VT_Bootstrap/IssueTransactions/a_Find Profile' is clicked on

2022-06-30 22:44:25 - [MESSAGE][PASSED] - Object: 'Object Repository/AdminSuiteBootstrap_Pages/VT_Bootstrap/IssueTransactions/a_Find Profile' is clicked on

2022-06-30 22:44:25 - [TEST_STEP][PASSED] - criteria = <not implemented yet for class: org.codehaus.groovy.ast.expr.EmptyExpression>: null

2022-06-30 22:44:25 - [TEST_STEP][PASSED] - searchBy = <not implemented yet for class: org.codehaus.groovy.ast.expr.EmptyExpression>: null

2022-06-30 22:44:25 - [TEST_STEP][PASSED] - criteria = findTestData(dataFile).getValue("ProfileName", row): null

2022-06-30 22:44:25 - [TEST_STEP][PASSED] - path_SearchProfile = "Object Repository/AdminSuiteBootstrap_Pages/VSP_Bootstrap/SearchProfile/": null

2022-06-30 22:44:25 - [TEST_STEP][PASSED] - setText(findTestObject(path_SearchProfile + "input_Criteria"), criteria): Text 'PaymentsPS' is set on object 'Object Repository/AdminSuiteBootstrap_Pages/VSP_Bootstrap/SearchProfile/input_Criteria'

2022-06-30 22:44:26 - [MESSAGE][PASSED] - Text 'PaymentsPS' is set on object 'Object Repository/AdminSuiteBootstrap_Pages/VSP_Bootstrap/SearchProfile/input_Criteria'

2022-06-30 22:44:26 - [TEST_STEP][PASSED] - click(findTestObject(path_SearchProfile + "button_Search")): Object: 'Object Repository/AdminSuiteBootstrap_Pages/VSP_Bootstrap/SearchProfile/button_Search' is clicked on

2022-06-30 22:44:27 - [MESSAGE][PASSED] - Object: 'Object Repository/AdminSuiteBootstrap_Pages/VSP_Bootstrap/SearchProfile/button_Search' is clicked on

2022-06-30 22:44:27 - [TEST_STEP][PASSED] - profNameLink = findTestData(dataFile).getValue("ProfileNameLink", row): null

2022-06-30 22:44:27 - [TEST_STEP][PASSED] - click(findTestObject(path_ViewProfile + profNameLink)): Object: 'Object Repository/AdminSuiteBootstrap_Pages/VSP_Bootstrap/View Profile/a_PaymentsPS' is clicked on

2022-06-30 22:44:30 - [MESSAGE][PASSED] - Object: 'Object Repository/AdminSuiteBootstrap_Pages/VSP_Bootstrap/View Profile/a_PaymentsPS' is clicked on

2022-06-30 22:44:30 - [TEST_STEP][PASSED] - click(findTestObject(path_ViewProfile + "a_Debit")): Object: 'Object Repository/AdminSuiteBootstrap_Pages/VSP_Bootstrap/View Profile/a_Debit' is clicked on

2022-06-30 22:44:32 - [MESSAGE][PASSED] - Object: 'Object Repository/AdminSuiteBootstrap_Pages/VSP_Bootstrap/View Profile/a_Debit' is clicked on

2022-06-30 22:44:32 - [TEST_STEP][PASSED] - verifyTextPresent("Remittance ID", true): Text 'Remittance ID' is present on page  using regular expression

2022-06-30 22:44:33 - [MESSAGE][PASSED] - Text 'Remittance ID' is present on page  using regular expression

2022-06-30 22:44:33 - [TEST_STEP][PASSED] - vspBootstrap.ACHDebitPage.setDataACHDebit(row, dataFile): vspBootstrap.ACHDebitPage.setDataACHDebit is PASSED

2022-06-30 22:44:35 - [MESSAGE][PASSED] - All options with value 'TEL' are selected in object 'Object Repository/AdminSuiteBootstrap_Pages/VSP_Bootstrap/VSP_Debit/select_StdEntryClass'  using regular expression

2022-06-30 22:44:35 - [MESSAGE][PASSED] - Text '' is set on object 'Object Repository/AdminSuiteBootstrap_Pages/VSP_Bootstrap/VSP_Debit/input_smsNumber'

2022-06-30 22:44:36 - [MESSAGE][PASSED] - Text '2.50' is set on object 'Object Repository/AdminSuiteBootstrap_Pages/VSP_Bootstrap/VSP_Debit/input_amount'

2022-06-30 22:44:37 - [MESSAGE][PASSED] - Text 'Delhi' is set on object 'Object Repository/AdminSuiteBootstrap_Pages/VSP_Bootstrap/VSP_Debit/input_userDefined1'

2022-06-30 22:44:38 - [MESSAGE][PASSED] - Text 'Chennai' is set on object 'Object Repository/AdminSuiteBootstrap_Pages/VSP_Bootstrap/VSP_Debit/input_userDefined2'

2022-06-30 22:44:38 - [MESSAGE][PASSED] - Text 'Mumbai' is set on object 'Object Repository/AdminSuiteBootstrap_Pages/VSP_Bootstrap/VSP_Debit/input_userDefined3'

2022-06-30 22:44:39 - [MESSAGE][PASSED] - Text 'Kanpur' is set on object 'Object Repository/AdminSuiteBootstrap_Pages/VSP_Bootstrap/VSP_Debit/input_userDefined4'

2022-06-30 22:44:40 - [MESSAGE][PASSED] - All options with label 'Orange' are selected in object 'Object Repository/AdminSuiteBootstrap_Pages/VSP_Bootstrap/VSP_Debit/select_UDF5'  using regular expression

2022-06-30 22:44:41 - [MESSAGE][PASSED] - All options with label 'Yellow' are selected in object 'Object Repository/AdminSuiteBootstrap_Pages/VSP_Bootstrap/VSP_Debit/select_UDF6'  using regular expression

2022-06-30 22:44:42 - [MESSAGE][PASSED] - Text 'Kolkata' is set on object 'Object Repository/AdminSuiteBootstrap_Pages/VSP_Bootstrap/VSP_Debit/input_userDefined7'

2022-06-30 22:44:42 - [MESSAGE][PASSED] - Text 'Pune' is set on object 'Object Repository/AdminSuiteBootstrap_Pages/VSP_Bootstrap/VSP_Debit/input_userDefined8'

2022-06-30 22:44:43 - [MESSAGE][PASSED] - Text 'Bhavnagar' is set on object 'Object Repository/AdminSuiteBootstrap_Pages/VSP_Bootstrap/VSP_Debit/input_userDefined9'

2022-06-30 22:44:44 - [MESSAGE][PASSED] - Text 'Noida' is set on object 'Object Repository/AdminSuiteBootstrap_Pages/VSP_Bootstrap/VSP_Debit/input_userDefined10'

2022-06-30 22:44:45 - [MESSAGE][PASSED] - Object: 'Object Repository/AdminSuiteBootstrap_Pages/VSP_Bootstrap/VSP_Debit/button_Submit' is clicked on

2022-06-30 22:44:45 - [MESSAGE][PASSED] - vspBootstrap.ACHDebitPage.setDataACHDebit is PASSED

2022-06-30 22:44:45 - [TEST_STEP][PASSED] - verifyTextPresent("Transaction Successful", true): Text 'Transaction Successful' is present on page  using regular expression

2022-06-30 22:44:46 - [MESSAGE][PASSED] - Text 'Transaction Successful' is present on page  using regular expression

2022-06-30 22:44:46 - [TEST_STEP][PASSED] - verifyElementVisible(findTestObject("Object Repository/AdminSuiteBootstrap_Pages/VT_Bootstrap/Receipt/button_Continue")): Object 'Object Repository/AdminSuiteBootstrap_Pages/VT_Bootstrap/Receipt/button_Continue' is visible

2022-06-30 22:44:46 - [MESSAGE][PASSED] - Object 'Object Repository/AdminSuiteBootstrap_Pages/VT_Bootstrap/Receipt/button_Continue' is visible

2022-06-30 22:44:46 - [TEST_STEP][PASSED] - verifyElementPresent(findTestObject("Object Repository/AdminSuiteBootstrap_Pages/VT_Bootstrap/Receipt/button_Continue"), 20): Object 'Object Repository/AdminSuiteBootstrap_Pages/VT_Bootstrap/Receipt/button_Continue' is present

2022-06-30 22:44:46 - [MESSAGE][PASSED] - Object 'Object Repository/AdminSuiteBootstrap_Pages/VT_Bootstrap/Receipt/button_Continue' is present

2022-06-30 22:44:46 - [TEST_STEP][PASSED] - verifyElementVisible(findTestObject("Object Repository/AdminSuiteBootstrap_Pages/VT_Bootstrap/Receipt/button_Print")): Object 'Object Repository/AdminSuiteBootstrap_Pages/VT_Bootstrap/Receipt/button_Print' is visible

2022-06-30 22:44:47 - [MESSAGE][PASSED] - Object 'Object Repository/AdminSuiteBootstrap_Pages/VT_Bootstrap/Receipt/button_Print' is visible

2022-06-30 22:44:47 - [TEST_STEP][PASSED] - verifyElementPresent(findTestObject("Object Repository/AdminSuiteBootstrap_Pages/VT_Bootstrap/Receipt/button_Print"), 20): Object 'Object Repository/AdminSuiteBootstrap_Pages/VT_Bootstrap/Receipt/button_Print' is present

2022-06-30 22:44:47 - [MESSAGE][PASSED] - Object 'Object Repository/AdminSuiteBootstrap_Pages/VT_Bootstrap/Receipt/button_Print' is present

2022-06-30 22:44:47 - [TEST_STEP][PASSED] - verifyTextPresent("Remittance ID", true): Text 'Remittance ID' is present on page  using regular expression

2022-06-30 22:44:47 - [MESSAGE][PASSED] - Text 'Remittance ID' is present on page  using regular expression

2022-06-30 22:44:47 - [TEST_STEP][PASSED] - verifyTextPresent("Received", true): Text 'Received' is present on page  using regular expression

2022-06-30 22:44:48 - [MESSAGE][PASSED] - Text 'Received' is present on page  using regular expression

2022-06-30 22:44:48 - [TEST_STEP][PASSED] - verifyTextPresent("UDF1", true): Text 'UDF1' is present on page  using regular expression

2022-06-30 22:44:48 - [MESSAGE][PASSED] - Text 'UDF1' is present on page  using regular expression

2022-06-30 22:44:48 - [TEST_STEP][PASSED] - verifyTextPresent("UDF2", true): Text 'UDF2' is present on page  using regular expression

2022-06-30 22:44:49 - [MESSAGE][PASSED] - Text 'UDF2' is present on page  using regular expression

2022-06-30 22:44:49 - [TEST_STEP][PASSED] - verifyTextPresent("UDF3", true): Text 'UDF3' is present on page  using regular expression

2022-06-30 22:44:49 - [MESSAGE][PASSED] - Text 'UDF3' is present on page  using regular expression

2022-06-30 22:44:49 - [TEST_STEP][PASSED] - verifyTextPresent("UDF4", true): Text 'UDF4' is present on page  using regular expression

2022-06-30 22:44:49 - [MESSAGE][PASSED] - Text 'UDF4' is present on page  using regular expression

2022-06-30 22:44:49 - [TEST_STEP][PASSED] - verifyTextPresent("UDF5", true): Text 'UDF5' is present on page  using regular expression

2022-06-30 22:44:49 - [MESSAGE][PASSED] - Text 'UDF5' is present on page  using regular expression

2022-06-30 22:44:49 - [TEST_STEP][PASSED] - verifyTextPresent("UDF6", true): Text 'UDF6' is present on page  using regular expression

2022-06-30 22:44:50 - [MESSAGE][PASSED] - Text 'UDF6' is present on page  using regular expression

2022-06-30 22:44:50 - [TEST_STEP][PASSED] - verifyTextPresent("UDF7", true): Text 'UDF7' is present on page  using regular expression

2022-06-30 22:44:50 - [MESSAGE][PASSED] - Text 'UDF7' is present on page  using regular expression

2022-06-30 22:44:50 - [TEST_STEP][PASSED] - verifyTextPresent("UDF8", true): Text 'UDF8' is present on page  using regular expression

2022-06-30 22:44:50 - [MESSAGE][PASSED] - Text 'UDF8' is present on page  using regular expression

2022-06-30 22:44:50 - [TEST_STEP][PASSED] - verifyTextPresent("UDF9", true): Text 'UDF9' is present on page  using regular expression

2022-06-30 22:44:51 - [MESSAGE][PASSED] - Text 'UDF9' is present on page  using regular expression

2022-06-30 22:44:51 - [TEST_STEP][PASSED] - verifyTextPresent("UDF 10", true): Text 'UDF 10' is present on page  using regular expression

2022-06-30 22:44:51 - [MESSAGE][PASSED] - Text 'UDF 10' is present on page  using regular expression

2022-06-30 22:44:51 - [TEST_STEP][PASSED] - verifyTextPresent("Delhi", true): Text 'Delhi' is present on page  using regular expression

2022-06-30 22:44:51 - [MESSAGE][PASSED] - Text 'Delhi' is present on page  using regular expression

2022-06-30 22:44:51 - [TEST_STEP][PASSED] - verifyTextPresent("Chennai", true): Text 'Chennai' is present on page  using regular expression

2022-06-30 22:44:52 - [MESSAGE][PASSED] - Text 'Chennai' is present on page  using regular expression

2022-06-30 22:44:52 - [TEST_STEP][PASSED] - verifyTextPresent("Mumbai", true): Text 'Mumbai' is present on page  using regular expression

2022-06-30 22:44:52 - [MESSAGE][PASSED] - Text 'Mumbai' is present on page  using regular expression

2022-06-30 22:44:52 - [TEST_STEP][PASSED] - verifyTextPresent("Kanpur", true): Text 'Kanpur' is present on page  using regular expression

2022-06-30 22:44:52 - [MESSAGE][PASSED] - Text 'Kanpur' is present on page  using regular expression

2022-06-30 22:44:52 - [TEST_STEP][PASSED] - verifyTextPresent("Orange Recorded", true): Text 'Orange Recorded' is present on page  using regular expression

2022-06-30 22:44:53 - [MESSAGE][PASSED] - Text 'Orange Recorded' is present on page  using regular expression

2022-06-30 22:44:53 - [TEST_STEP][PASSED] - verifyTextPresent("Yellow Recorded", true): Text 'Yellow Recorded' is present on page  using regular expression

2022-06-30 22:44:53 - [MESSAGE][PASSED] - Text 'Yellow Recorded' is present on page  using regular expression

2022-06-30 22:44:53 - [TEST_STEP][PASSED] - verifyTextPresent("Kolkata", true): Text 'Kolkata' is present on page  using regular expression

2022-06-30 22:44:53 - [MESSAGE][PASSED] - Text 'Kolkata' is present on page  using regular expression

2022-06-30 22:44:53 - [TEST_STEP][PASSED] - verifyTextPresent("Pune", true): Text 'Pune' is present on page  using regular expression

2022-06-30 22:44:54 - [MESSAGE][PASSED] - Text 'Pune' is present on page  using regular expression

2022-06-30 22:44:54 - [TEST_STEP][PASSED] - verifyTextPresent("Bhavnagar", true): Text 'Bhavnagar' is present on page  using regular expression

2022-06-30 22:44:54 - [MESSAGE][PASSED] - Text 'Bhavnagar' is present on page  using regular expression

2022-06-30 22:44:54 - [TEST_STEP][PASSED] - verifyTextPresent("Noida", true): Text 'Noida' is present on page  using regular expression

2022-06-30 22:44:54 - [MESSAGE][PASSED] - Text 'Noida' is present on page  using regular expression

2022-06-30 22:44:54 - [TEST_STEP][PASSED] - verifyTextPresent("Amount", true): Text 'Amount' is present on page  using regular expression

2022-06-30 22:44:55 - [MESSAGE][PASSED] - Text 'Amount' is present on page  using regular expression

2022-06-30 22:44:55 - [TEST_STEP][PASSED] - verifyTextPresent("2.50", true): Text '2.50' is present on page  using regular expression

2022-06-30 22:44:55 - [MESSAGE][PASSED] - Text '2.50' is present on page  using regular expression

2022-06-30 22:44:55 - [TEST_STEP][PASSED] - verifyTextPresent("Transaction Type", true): Text 'Transaction Type' is present on page  using regular expression

2022-06-30 22:44:55 - [MESSAGE][PASSED] - Text 'Transaction Type' is present on page  using regular expression

2022-06-30 22:44:55 - [TEST_STEP][PASSED] - verifyTextPresent("Debit", true): Text 'Debit' is present on page  using regular expression

2022-06-30 22:44:55 - [MESSAGE][PASSED] - Text 'Debit' is present on page  using regular expression

2022-06-30 22:44:55 - [TEST_STEP][PASSED] - verifyTextPresent("Check Information", true): Text 'Check Information' is present on page  using regular expression

2022-06-30 22:44:56 - [MESSAGE][PASSED] - Text 'Check Information' is present on page  using regular expression

2022-06-30 22:44:56 - [TEST_STEP][PASSED] - verifyTextPresent("Account Type", true): Text 'Account Type' is present on page  using regular expression

2022-06-30 22:44:56 - [MESSAGE][PASSED] - Text 'Account Type' is present on page  using regular expression

2022-06-30 22:44:56 - [TEST_STEP][PASSED] - verifyTextPresent("Account Number", true): Text 'Account Number' is present on page  using regular expression

2022-06-30 22:44:56 - [MESSAGE][PASSED] - Text 'Account Number' is present on page  using regular expression

2022-06-30 22:44:56 - [TEST_STEP][PASSED] - verifyTextPresent("Routing Number", true): Text 'Routing Number' is present on page  using regular expression

2022-06-30 22:44:57 - [MESSAGE][PASSED] - Text 'Routing Number' is present on page  using regular expression

2022-06-30 22:44:57 - [TEST_STEP][PASSED] - verifyTextPresent("Address Line 1", true): Text 'Address Line 1' is present on page  using regular expression

2022-06-30 22:44:57 - [MESSAGE][PASSED] - Text 'Address Line 1' is present on page  using regular expression

2022-06-30 22:44:57 - [TEST_STEP][PASSED] - verifyTextPresent("Address Line 2", true): Text 'Address Line 2' is present on page  using regular expression

2022-06-30 22:44:57 - [MESSAGE][PASSED] - Text 'Address Line 2' is present on page  using regular expression

2022-06-30 22:44:57 - [TEST_STEP][PASSED] - verifyTextPresent("Country", true): Text 'Country' is present on page  using regular expression

2022-06-30 22:44:58 - [MESSAGE][PASSED] - Text 'Country' is present on page  using regular expression

2022-06-30 22:44:58 - [TEST_STEP][PASSED] - verifyTextPresent("City", true): Text 'City' is present on page  using regular expression

2022-06-30 22:44:58 - [MESSAGE][PASSED] - Text 'City' is present on page  using regular expression

2022-06-30 22:44:58 - [TEST_STEP][PASSED] - verifyTextPresent("State", true): Text 'State' is present on page  using regular expression

2022-06-30 22:44:58 - [MESSAGE][PASSED] - Text 'State' is present on page  using regular expression

2022-06-30 22:44:58 - [TEST_STEP][PASSED] - verifyTextPresent("ZIP Code", true): Text 'ZIP Code' is present on page  using regular expression

2022-06-30 22:44:58 - [MESSAGE][PASSED] - Text 'ZIP Code' is present on page  using regular expression

2022-06-30 22:44:58 - [TEST_STEP][PASSED] - verifyTextPresent("248 PhoolKaante road", true): Text '248 PhoolKaante road' is present on page  using regular expression

2022-06-30 22:44:59 - [MESSAGE][PASSED] - Text '248 PhoolKaante road' is present on page  using regular expression

2022-06-30 22:44:59 - [TEST_STEP][PASSED] - verifyTextPresent("Suite 678", true): Text 'Suite 678' is present on page  using regular expression

2022-06-30 22:44:59 - [MESSAGE][PASSED] - Text 'Suite 678' is present on page  using regular expression

2022-06-30 22:44:59 - [TEST_STEP][PASSED] - verifyTextPresent("United States", true): Text 'United States' is present on page  using regular expression

2022-06-30 22:44:59 - [MESSAGE][PASSED] - Text 'United States' is present on page  using regular expression

2022-06-30 22:44:59 - [TEST_STEP][PASSED] - verifyTextPresent("ARLINGTON", true): Text 'ARLINGTON' is present on page  using regular expression

2022-06-30 22:45:00 - [MESSAGE][PASSED] - Text 'ARLINGTON' is present on page  using regular expression

2022-06-30 22:45:00 - [TEST_STEP][PASSED] - verifyTextPresent("Virginia", true): Text 'Virginia' is present on page  using regular expression

2022-06-30 22:45:00 - [MESSAGE][PASSED] - Text 'Virginia' is present on page  using regular expression

2022-06-30 22:45:00 - [TEST_STEP][PASSED] - verifyTextPresent("22201", true): Text '22201' is present on page  using regular expression

2022-06-30 22:45:01 - [MESSAGE][PASSED] - Text '22201' is present on page  using regular expression

2022-06-30 22:45:01 - [TEST_STEP][PASSED] - tranType = findTestData(dataFile).getValue("TranType", row): null

2022-06-30 22:45:01 - [TEST_STEP][PASSED] - last4V = findTestData(dataFile).getValue("Last4", row): null

2022-06-30 22:45:01 - [TEST_STEP][PASSED] - verifyTextPresent(tranType, true): Text 'Savings' is present on page  using regular expression

2022-06-30 22:45:01 - [MESSAGE][PASSED] - Text 'Savings' is present on page  using regular expression

2022-06-30 22:45:01 - [TEST_STEP][PASSED] - verifyTextPresent(last4V, true): Text '3333' is present on page  using regular expression

2022-06-30 22:45:01 - [MESSAGE][PASSED] - Text '3333' is present on page  using regular expression

2022-06-30 22:45:01 - [TEST_STEP][PASSED] - if (profNameLink.equalsIgnoreCase("a_PaymentsPC")): null

2022-06-30 22:45:01 - [TEST_STEP][PASSED] - if (profNameLink.equalsIgnoreCase("a_PaymentsPS")): Text 'TANDON RAVENA' is present on page  using regular expression

2022-06-30 22:45:01 - [TEST_STEP][PASSED] - verifyTextPresent("Name on Account", true): Text 'Name on Account' is present on page  using regular expression

2022-06-30 22:45:02 - [MESSAGE][PASSED] - Text 'Name on Account' is present on page  using regular expression

2022-06-30 22:45:02 - [TEST_STEP][PASSED] - verifyTextPresent("TANDON RAVENA", true): Text 'TANDON RAVENA' is present on page  using regular expression

2022-06-30 22:45:02 - [MESSAGE][PASSED] - Text 'TANDON RAVENA' is present on page  using regular expression

2022-06-30 22:45:02 - [TEST_STEP][PASSED] - if (profNameLink.equalsIgnoreCase("a_PaymentsCorp")): null

2022-06-30 22:45:02 - [TEST_STEP][PASSED] - switch (appName): null

2022-06-30 22:45:02 - [TEST_STEP][PASSED] - case "a_Access AutoSingleCFtpQA":: null

2022-06-30 22:45:02 - [TEST_STEP][PASSED] - verifyTextPresent("5.00", true): Text '5.00' is present on page  using regular expression

2022-06-30 22:45:02 - [MESSAGE][PASSED] - Text '5.00' is present on page  using regular expression

2022-06-30 22:45:02 - [TEST_STEP][PASSED] - verifyTextPresent("Single Transaction", true): Text 'Single Transaction' is present on page  using regular expression

2022-06-30 22:45:03 - [MESSAGE][PASSED] - Text 'Single Transaction' is present on page  using regular expression

2022-06-30 22:45:03 - [TEST_STEP][PASSED] - verifyTextPresent("7.50", true): Text '7.50' is present on page  using regular expression

2022-06-30 22:45:03 - [MESSAGE][PASSED] - Text '7.50' is present on page  using regular expression

2022-06-30 22:45:03 - [TEST_STEP][PASSED] - verifyTextPresent("Total Amount", true): Text 'Total Amount' is present on page  using regular expression

2022-06-30 22:45:03 - [MESSAGE][PASSED] - Text 'Total Amount' is present on page  using regular expression

2022-06-30 22:45:03 - [TEST_STEP][PASSED] - verifyTextPresent("Transaction Type", true): Text 'Transaction Type' is present on page  using regular expression

2022-06-30 22:45:04 - [MESSAGE][PASSED] - Text 'Transaction Type' is present on page  using regular expression

2022-06-30 22:45:04 - [TEST_STEP][PASSED] - break: null

2022-06-30 22:45:04 - [TEST_STEP][PASSED] - closeBrowser(): Browser is closed

2022-06-30 22:45:05 - [MESSAGE][PASSED] - Browser is closed

2022-06-30 22:45:05 - [TEST_STEP][PASSED] - ExecuteTC = findTestData(dataFile).getValue("Execute", row): null

2022-06-30 22:45:05 - [TEST_STEP][PASSED] - out.println("Value of Execute is : " + ExecuteTC): null

2022-06-30 22:45:05 - [TEST_STEP][PASSED] - switch (executionProfile): null

2022-06-30 22:45:05 - [TEST_STEP][PASSED] - case "QAProfile":: null

2022-06-30 22:45:05 - [TEST_STEP][PASSED] - appName = findTestData(dataFile).getValue("AppNameQA", row): null

2022-06-30 22:45:05 - [TEST_STEP][PASSED] - appID = findTestData(dataFile).getValue("AppIDQA", row): null

2022-06-30 22:45:05 - [TEST_STEP][PASSED] - break: null

2022-06-30 22:45:05 - [TEST_STEP][PASSED] - if (ExecuteTC.equalsIgnoreCase("Y")): null

2022-06-30 22:45:05 - [TEST_STEP][PASSED] - out.println("Begin Record Number: " + row): null

2022-06-30 22:45:05 - [TEST_STEP][PASSED] - today = new java.util.Date(): null

2022-06-30 22:45:05 - [TEST_STEP][PASSED] - println(today): null

2022-06-30 22:45:05 - [TEST_STEP][PASSED] - datText = today: null

2022-06-30 22:45:05 - [TEST_STEP][PASSED] - adminSuiteBootstrap.loginFunctionality.login_AdminSuite(): adminSuiteBootstrap.loginFunctionality.login_AdminSuite is PASSED

2022-06-30 22:45:05 - [MESSAGE][INFO] - Starting 'Chrome' driver

2022-06-30 22:45:05 - [MESSAGE][INFO] - User set preference: ['acceptInsecureCerts', 'true']

2022-06-30 22:45:05 - [MESSAGE][INFO] - Action delay is set to 0 milliseconds

2022-06-30 22:45:08 - [MESSAGE][PASSED] - Browser is opened with url: 'https://qa.velocitypayment.com/admin/imtiaz'

2022-06-30 22:45:08 - [MESSAGE][PASSED] - Current window maximized

2022-06-30 22:45:09 - [MESSAGE][PASSED] - Object 'Object Repository/Login_Page/Login_Username' is present

2022-06-30 22:45:09 - [MESSAGE][PASSED] - Text 'iahmed' is set on object 'Object Repository/Login_Page/Login_Username'

2022-06-30 22:45:10 - [MESSAGE][PASSED] - Text 'hello2222' is set on object 'Object Repository/Login_Page/Login_Password'

2022-06-30 22:45:14 - [MESSAGE][PASSED] - Object: 'Object Repository/Login_Page/Login_Submit' is clicked on

2022-06-30 22:45:14 - [MESSAGE][PASSED] - adminSuiteBootstrap.loginFunctionality.login_AdminSuite is PASSED

2022-06-30 22:45:14 - [TEST_STEP][PASSED] - click(findTestObject(path_Dashboard + appName)): Object: 'Object Repository/AdminSuiteBootstrap_Pages/Dashboard_Bootstrap/a_Access AutoSingleCFtpQA' is clicked on

2022-06-30 22:45:15 - [MESSAGE][PASSED] - Object: 'Object Repository/AdminSuiteBootstrap_Pages/Dashboard_Bootstrap/a_Access AutoSingleCFtpQA' is clicked on

2022-06-30 22:45:15 - [TEST_STEP][PASSED] - click(findTestObject(path_VT + "a_Find Profile")): Object: 'Object Repository/AdminSuiteBootstrap_Pages/VT_Bootstrap/IssueTransactions/a_Find Profile' is clicked on

2022-06-30 22:45:15 - [MESSAGE][PASSED] - Object: 'Object Repository/AdminSuiteBootstrap_Pages/VT_Bootstrap/IssueTransactions/a_Find Profile' is clicked on

2022-06-30 22:45:15 - [TEST_STEP][PASSED] - criteria = <not implemented yet for class: org.codehaus.groovy.ast.expr.EmptyExpression>: null

2022-06-30 22:45:15 - [TEST_STEP][PASSED] - searchBy = <not implemented yet for class: org.codehaus.groovy.ast.expr.EmptyExpression>: null

2022-06-30 22:45:15 - [TEST_STEP][PASSED] - criteria = findTestData(dataFile).getValue("ProfileName", row): null

2022-06-30 22:45:15 - [TEST_STEP][PASSED] - path_SearchProfile = "Object Repository/AdminSuiteBootstrap_Pages/VSP_Bootstrap/SearchProfile/": null

2022-06-30 22:45:15 - [TEST_STEP][PASSED] - setText(findTestObject(path_SearchProfile + "input_Criteria"), criteria): Text 'PaymentsCorp' is set on object 'Object Repository/AdminSuiteBootstrap_Pages/VSP_Bootstrap/SearchProfile/input_Criteria'

2022-06-30 22:45:16 - [MESSAGE][PASSED] - Text 'PaymentsCorp' is set on object 'Object Repository/AdminSuiteBootstrap_Pages/VSP_Bootstrap/SearchProfile/input_Criteria'

2022-06-30 22:45:16 - [TEST_STEP][PASSED] - click(findTestObject(path_SearchProfile + "button_Search")): Object: 'Object Repository/AdminSuiteBootstrap_Pages/VSP_Bootstrap/SearchProfile/button_Search' is clicked on

2022-06-30 22:45:17 - [MESSAGE][PASSED] - Object: 'Object Repository/AdminSuiteBootstrap_Pages/VSP_Bootstrap/SearchProfile/button_Search' is clicked on

2022-06-30 22:45:17 - [TEST_STEP][PASSED] - profNameLink = findTestData(dataFile).getValue("ProfileNameLink", row): null

2022-06-30 22:45:17 - [TEST_STEP][PASSED] - click(findTestObject(path_ViewProfile + profNameLink)): Object: 'Object Repository/AdminSuiteBootstrap_Pages/VSP_Bootstrap/View Profile/a_PaymentsCorp' is clicked on

2022-06-30 22:45:19 - [MESSAGE][PASSED] - Object: 'Object Repository/AdminSuiteBootstrap_Pages/VSP_Bootstrap/View Profile/a_PaymentsCorp' is clicked on

2022-06-30 22:45:19 - [TEST_STEP][PASSED] - click(findTestObject(path_ViewProfile + "a_Debit")): Object: 'Object Repository/AdminSuiteBootstrap_Pages/VSP_Bootstrap/View Profile/a_Debit' is clicked on

2022-06-30 22:45:20 - [MESSAGE][PASSED] - Object: 'Object Repository/AdminSuiteBootstrap_Pages/VSP_Bootstrap/View Profile/a_Debit' is clicked on

2022-06-30 22:45:20 - [TEST_STEP][PASSED] - verifyTextPresent("Remittance ID", true): Text 'Remittance ID' is present on page  using regular expression

2022-06-30 22:45:21 - [MESSAGE][PASSED] - Text 'Remittance ID' is present on page  using regular expression

2022-06-30 22:45:21 - [TEST_STEP][PASSED] - vspBootstrap.ACHDebitPage.setDataACHDebit(row, dataFile): vspBootstrap.ACHDebitPage.setDataACHDebit is PASSED

2022-06-30 22:45:23 - [MESSAGE][PASSED] - All options with value 'CCD' are selected in object 'Object Repository/AdminSuiteBootstrap_Pages/VSP_Bootstrap/VSP_Debit/select_StdEntryClass'  using regular expression

2022-06-30 22:45:23 - [MESSAGE][PASSED] - Text '' is set on object 'Object Repository/AdminSuiteBootstrap_Pages/VSP_Bootstrap/VSP_Debit/input_smsNumber'

2022-06-30 22:45:24 - [MESSAGE][PASSED] - Text '2.50' is set on object 'Object Repository/AdminSuiteBootstrap_Pages/VSP_Bootstrap/VSP_Debit/input_amount'

2022-06-30 22:45:25 - [MESSAGE][PASSED] - Text '123456789' is set on object 'Object Repository/AdminSuiteBootstrap_Pages/VSP_Bootstrap/VSP_Debit/input_ein'

2022-06-30 22:45:26 - [MESSAGE][PASSED] - Text 'Delhi' is set on object 'Object Repository/AdminSuiteBootstrap_Pages/VSP_Bootstrap/VSP_Debit/input_userDefined1'

2022-06-30 22:45:26 - [MESSAGE][PASSED] - Text 'Chennai' is set on object 'Object Repository/AdminSuiteBootstrap_Pages/VSP_Bootstrap/VSP_Debit/input_userDefined2'

2022-06-30 22:45:27 - [MESSAGE][PASSED] - Text 'Mumbai' is set on object 'Object Repository/AdminSuiteBootstrap_Pages/VSP_Bootstrap/VSP_Debit/input_userDefined3'

2022-06-30 22:45:28 - [MESSAGE][PASSED] - Text 'Kanpur' is set on object 'Object Repository/AdminSuiteBootstrap_Pages/VSP_Bootstrap/VSP_Debit/input_userDefined4'

2022-06-30 22:45:29 - [MESSAGE][PASSED] - All options with label 'Orange' are selected in object 'Object Repository/AdminSuiteBootstrap_Pages/VSP_Bootstrap/VSP_Debit/select_UDF5'  using regular expression

2022-06-30 22:45:30 - [MESSAGE][PASSED] - All options with label 'Yellow' are selected in object 'Object Repository/AdminSuiteBootstrap_Pages/VSP_Bootstrap/VSP_Debit/select_UDF6'  using regular expression

2022-06-30 22:45:30 - [MESSAGE][PASSED] - Text 'Kolkata' is set on object 'Object Repository/AdminSuiteBootstrap_Pages/VSP_Bootstrap/VSP_Debit/input_userDefined7'

2022-06-30 22:45:31 - [MESSAGE][PASSED] - Text 'Pune' is set on object 'Object Repository/AdminSuiteBootstrap_Pages/VSP_Bootstrap/VSP_Debit/input_userDefined8'

2022-06-30 22:45:32 - [MESSAGE][PASSED] - Text 'Bhavnagar' is set on object 'Object Repository/AdminSuiteBootstrap_Pages/VSP_Bootstrap/VSP_Debit/input_userDefined9'

2022-06-30 22:45:32 - [MESSAGE][PASSED] - Text 'Noida' is set on object 'Object Repository/AdminSuiteBootstrap_Pages/VSP_Bootstrap/VSP_Debit/input_userDefined10'

2022-06-30 22:45:34 - [MESSAGE][PASSED] - Object: 'Object Repository/AdminSuiteBootstrap_Pages/VSP_Bootstrap/VSP_Debit/button_Submit' is clicked on

2022-06-30 22:45:34 - [MESSAGE][PASSED] - vspBootstrap.ACHDebitPage.setDataACHDebit is PASSED

2022-06-30 22:45:34 - [TEST_STEP][PASSED] - verifyTextPresent("Transaction Successful", true): Text 'Transaction Successful' is present on page  using regular expression

2022-06-30 22:45:34 - [MESSAGE][PASSED] - Text 'Transaction Successful' is present on page  using regular expression

2022-06-30 22:45:34 - [TEST_STEP][PASSED] - verifyElementVisible(findTestObject("Object Repository/AdminSuiteBootstrap_Pages/VT_Bootstrap/Receipt/button_Continue")): Object 'Object Repository/AdminSuiteBootstrap_Pages/VT_Bootstrap/Receipt/button_Continue' is visible

2022-06-30 22:45:34 - [MESSAGE][PASSED] - Object 'Object Repository/AdminSuiteBootstrap_Pages/VT_Bootstrap/Receipt/button_Continue' is visible

2022-06-30 22:45:34 - [TEST_STEP][PASSED] - verifyElementPresent(findTestObject("Object Repository/AdminSuiteBootstrap_Pages/VT_Bootstrap/Receipt/button_Continue"), 20): Object 'Object Repository/AdminSuiteBootstrap_Pages/VT_Bootstrap/Receipt/button_Continue' is present

2022-06-30 22:45:35 - [MESSAGE][PASSED] - Object 'Object Repository/AdminSuiteBootstrap_Pages/VT_Bootstrap/Receipt/button_Continue' is present

2022-06-30 22:45:35 - [TEST_STEP][PASSED] - verifyElementVisible(findTestObject("Object Repository/AdminSuiteBootstrap_Pages/VT_Bootstrap/Receipt/button_Print")): Object 'Object Repository/AdminSuiteBootstrap_Pages/VT_Bootstrap/Receipt/button_Print' is visible

2022-06-30 22:45:35 - [MESSAGE][PASSED] - Object 'Object Repository/AdminSuiteBootstrap_Pages/VT_Bootstrap/Receipt/button_Print' is visible

2022-06-30 22:45:35 - [TEST_STEP][PASSED] - verifyElementPresent(findTestObject("Object Repository/AdminSuiteBootstrap_Pages/VT_Bootstrap/Receipt/button_Print"), 20): Object 'Object Repository/AdminSuiteBootstrap_Pages/VT_Bootstrap/Receipt/button_Print' is present

2022-06-30 22:45:36 - [MESSAGE][PASSED] - Object 'Object Repository/AdminSuiteBootstrap_Pages/VT_Bootstrap/Receipt/button_Print' is present

2022-06-30 22:45:36 - [TEST_STEP][PASSED] - verifyTextPresent("Remittance ID", true): Text 'Remittance ID' is present on page  using regular expression

2022-06-30 22:45:36 - [MESSAGE][PASSED] - Text 'Remittance ID' is present on page  using regular expression

2022-06-30 22:45:36 - [TEST_STEP][PASSED] - verifyTextPresent("Received", true): Text 'Received' is present on page  using regular expression

2022-06-30 22:45:36 - [MESSAGE][PASSED] - Text 'Received' is present on page  using regular expression

2022-06-30 22:45:36 - [TEST_STEP][PASSED] - verifyTextPresent("UDF1", true): Text 'UDF1' is present on page  using regular expression

2022-06-30 22:45:37 - [MESSAGE][PASSED] - Text 'UDF1' is present on page  using regular expression

2022-06-30 22:45:37 - [TEST_STEP][PASSED] - verifyTextPresent("UDF2", true): Text 'UDF2' is present on page  using regular expression

2022-06-30 22:45:37 - [MESSAGE][PASSED] - Text 'UDF2' is present on page  using regular expression

2022-06-30 22:45:37 - [TEST_STEP][PASSED] - verifyTextPresent("UDF3", true): Text 'UDF3' is present on page  using regular expression

2022-06-30 22:45:37 - [MESSAGE][PASSED] - Text 'UDF3' is present on page  using regular expression

2022-06-30 22:45:37 - [TEST_STEP][PASSED] - verifyTextPresent("UDF4", true): Text 'UDF4' is present on page  using regular expression

2022-06-30 22:45:38 - [MESSAGE][PASSED] - Text 'UDF4' is present on page  using regular expression

2022-06-30 22:45:38 - [TEST_STEP][PASSED] - verifyTextPresent("UDF5", true): Text 'UDF5' is present on page  using regular expression

2022-06-30 22:45:38 - [MESSAGE][PASSED] - Text 'UDF5' is present on page  using regular expression

2022-06-30 22:45:38 - [TEST_STEP][PASSED] - verifyTextPresent("UDF6", true): Text 'UDF6' is present on page  using regular expression

2022-06-30 22:45:38 - [MESSAGE][PASSED] - Text 'UDF6' is present on page  using regular expression

2022-06-30 22:45:38 - [TEST_STEP][PASSED] - verifyTextPresent("UDF7", true): Text 'UDF7' is present on page  using regular expression

2022-06-30 22:45:39 - [MESSAGE][PASSED] - Text 'UDF7' is present on page  using regular expression

2022-06-30 22:45:39 - [TEST_STEP][PASSED] - verifyTextPresent("UDF8", true): Text 'UDF8' is present on page  using regular expression

2022-06-30 22:45:39 - [MESSAGE][PASSED] - Text 'UDF8' is present on page  using regular expression

2022-06-30 22:45:39 - [TEST_STEP][PASSED] - verifyTextPresent("UDF9", true): Text 'UDF9' is present on page  using regular expression

2022-06-30 22:45:39 - [MESSAGE][PASSED] - Text 'UDF9' is present on page  using regular expression

2022-06-30 22:45:39 - [TEST_STEP][PASSED] - verifyTextPresent("UDF 10", true): Text 'UDF 10' is present on page  using regular expression

2022-06-30 22:45:40 - [MESSAGE][PASSED] - Text 'UDF 10' is present on page  using regular expression

2022-06-30 22:45:40 - [TEST_STEP][PASSED] - verifyTextPresent("Delhi", true): Text 'Delhi' is present on page  using regular expression

2022-06-30 22:45:40 - [MESSAGE][PASSED] - Text 'Delhi' is present on page  using regular expression

2022-06-30 22:45:40 - [TEST_STEP][PASSED] - verifyTextPresent("Chennai", true): Text 'Chennai' is present on page  using regular expression

2022-06-30 22:45:40 - [MESSAGE][PASSED] - Text 'Chennai' is present on page  using regular expression

2022-06-30 22:45:40 - [TEST_STEP][PASSED] - verifyTextPresent("Mumbai", true): Text 'Mumbai' is present on page  using regular expression

2022-06-30 22:45:41 - [MESSAGE][PASSED] - Text 'Mumbai' is present on page  using regular expression

2022-06-30 22:45:41 - [TEST_STEP][PASSED] - verifyTextPresent("Kanpur", true): Text 'Kanpur' is present on page  using regular expression

2022-06-30 22:45:41 - [MESSAGE][PASSED] - Text 'Kanpur' is present on page  using regular expression

2022-06-30 22:45:41 - [TEST_STEP][PASSED] - verifyTextPresent("Orange Recorded", true): Text 'Orange Recorded' is present on page  using regular expression

2022-06-30 22:45:41 - [MESSAGE][PASSED] - Text 'Orange Recorded' is present on page  using regular expression

2022-06-30 22:45:41 - [TEST_STEP][PASSED] - verifyTextPresent("Yellow Recorded", true): Text 'Yellow Recorded' is present on page  using regular expression

2022-06-30 22:45:42 - [MESSAGE][PASSED] - Text 'Yellow Recorded' is present on page  using regular expression

2022-06-30 22:45:42 - [TEST_STEP][PASSED] - verifyTextPresent("Kolkata", true): Text 'Kolkata' is present on page  using regular expression

2022-06-30 22:45:42 - [MESSAGE][PASSED] - Text 'Kolkata' is present on page  using regular expression

2022-06-30 22:45:42 - [TEST_STEP][PASSED] - verifyTextPresent("Pune", true): Text 'Pune' is present on page  using regular expression

2022-06-30 22:45:42 - [MESSAGE][PASSED] - Text 'Pune' is present on page  using regular expression

2022-06-30 22:45:42 - [TEST_STEP][PASSED] - verifyTextPresent("Bhavnagar", true): Text 'Bhavnagar' is present on page  using regular expression

2022-06-30 22:45:43 - [MESSAGE][PASSED] - Text 'Bhavnagar' is present on page  using regular expression

2022-06-30 22:45:43 - [TEST_STEP][PASSED] - verifyTextPresent("Noida", true): Text 'Noida' is present on page  using regular expression

2022-06-30 22:45:43 - [MESSAGE][PASSED] - Text 'Noida' is present on page  using regular expression

2022-06-30 22:45:43 - [TEST_STEP][PASSED] - verifyTextPresent("Amount", true): Text 'Amount' is present on page  using regular expression

2022-06-30 22:45:43 - [MESSAGE][PASSED] - Text 'Amount' is present on page  using regular expression

2022-06-30 22:45:43 - [TEST_STEP][PASSED] - verifyTextPresent("2.50", true): Text '2.50' is present on page  using regular expression

2022-06-30 22:45:44 - [MESSAGE][PASSED] - Text '2.50' is present on page  using regular expression

2022-06-30 22:45:44 - [TEST_STEP][PASSED] - verifyTextPresent("Transaction Type", true): Text 'Transaction Type' is present on page  using regular expression

2022-06-30 22:45:44 - [MESSAGE][PASSED] - Text 'Transaction Type' is present on page  using regular expression

2022-06-30 22:45:44 - [TEST_STEP][PASSED] - verifyTextPresent("Debit", true): Text 'Debit' is present on page  using regular expression

2022-06-30 22:45:44 - [MESSAGE][PASSED] - Text 'Debit' is present on page  using regular expression

2022-06-30 22:45:44 - [TEST_STEP][PASSED] - verifyTextPresent("Check Information", true): Text 'Check Information' is present on page  using regular expression

2022-06-30 22:45:45 - [MESSAGE][PASSED] - Text 'Check Information' is present on page  using regular expression

2022-06-30 22:45:45 - [TEST_STEP][PASSED] - verifyTextPresent("Account Type", true): Text 'Account Type' is present on page  using regular expression

2022-06-30 22:45:45 - [MESSAGE][PASSED] - Text 'Account Type' is present on page  using regular expression

2022-06-30 22:45:45 - [TEST_STEP][PASSED] - verifyTextPresent("Account Number", true): Text 'Account Number' is present on page  using regular expression

2022-06-30 22:45:45 - [MESSAGE][PASSED] - Text 'Account Number' is present on page  using regular expression

2022-06-30 22:45:45 - [TEST_STEP][PASSED] - verifyTextPresent("Routing Number", true): Text 'Routing Number' is present on page  using regular expression

2022-06-30 22:45:45 - [MESSAGE][PASSED] - Text 'Routing Number' is present on page  using regular expression

2022-06-30 22:45:45 - [TEST_STEP][PASSED] - verifyTextPresent("Address Line 1", true): Text 'Address Line 1' is present on page  using regular expression

2022-06-30 22:45:46 - [MESSAGE][PASSED] - Text 'Address Line 1' is present on page  using regular expression

2022-06-30 22:45:46 - [TEST_STEP][PASSED] - verifyTextPresent("Address Line 2", true): Text 'Address Line 2' is present on page  using regular expression

2022-06-30 22:45:46 - [MESSAGE][PASSED] - Text 'Address Line 2' is present on page  using regular expression

2022-06-30 22:45:46 - [TEST_STEP][PASSED] - verifyTextPresent("Country", true): Text 'Country' is present on page  using regular expression

2022-06-30 22:45:46 - [MESSAGE][PASSED] - Text 'Country' is present on page  using regular expression

2022-06-30 22:45:46 - [TEST_STEP][PASSED] - verifyTextPresent("City", true): Text 'City' is present on page  using regular expression

2022-06-30 22:45:47 - [MESSAGE][PASSED] - Text 'City' is present on page  using regular expression

2022-06-30 22:45:47 - [TEST_STEP][PASSED] - verifyTextPresent("State", true): Text 'State' is present on page  using regular expression

2022-06-30 22:45:47 - [MESSAGE][PASSED] - Text 'State' is present on page  using regular expression

2022-06-30 22:45:47 - [TEST_STEP][PASSED] - verifyTextPresent("ZIP Code", true): Text 'ZIP Code' is present on page  using regular expression

2022-06-30 22:45:47 - [MESSAGE][PASSED] - Text 'ZIP Code' is present on page  using regular expression

2022-06-30 22:45:47 - [TEST_STEP][PASSED] - verifyTextPresent("248 PhoolKaante road", true): Text '248 PhoolKaante road' is present on page  using regular expression

2022-06-30 22:45:48 - [MESSAGE][PASSED] - Text '248 PhoolKaante road' is present on page  using regular expression

2022-06-30 22:45:48 - [TEST_STEP][PASSED] - verifyTextPresent("Suite 678", true): Text 'Suite 678' is present on page  using regular expression

2022-06-30 22:45:48 - [MESSAGE][PASSED] - Text 'Suite 678' is present on page  using regular expression

2022-06-30 22:45:48 - [TEST_STEP][PASSED] - verifyTextPresent("United States", true): Text 'United States' is present on page  using regular expression

2022-06-30 22:45:48 - [MESSAGE][PASSED] - Text 'United States' is present on page  using regular expression

2022-06-30 22:45:48 - [TEST_STEP][PASSED] - verifyTextPresent("ARLINGTON", true): Text 'ARLINGTON' is present on page  using regular expression

2022-06-30 22:45:49 - [MESSAGE][PASSED] - Text 'ARLINGTON' is present on page  using regular expression

2022-06-30 22:45:49 - [TEST_STEP][PASSED] - verifyTextPresent("Virginia", true): Text 'Virginia' is present on page  using regular expression

2022-06-30 22:45:49 - [MESSAGE][PASSED] - Text 'Virginia' is present on page  using regular expression

2022-06-30 22:45:49 - [TEST_STEP][PASSED] - verifyTextPresent("22201", true): Text '22201' is present on page  using regular expression

2022-06-30 22:45:49 - [MESSAGE][PASSED] - Text '22201' is present on page  using regular expression

2022-06-30 22:45:49 - [TEST_STEP][PASSED] - tranType = findTestData(dataFile).getValue("TranType", row): null

2022-06-30 22:45:49 - [TEST_STEP][PASSED] - last4V = findTestData(dataFile).getValue("Last4", row): null

2022-06-30 22:45:49 - [TEST_STEP][PASSED] - verifyTextPresent(tranType, true): Text 'Checking' is present on page  using regular expression

2022-06-30 22:45:50 - [MESSAGE][PASSED] - Text 'Checking' is present on page  using regular expression

2022-06-30 22:45:50 - [TEST_STEP][PASSED] - verifyTextPresent(last4V, true): Text '4444' is present on page  using regular expression

2022-06-30 22:45:50 - [MESSAGE][PASSED] - Text '4444' is present on page  using regular expression

2022-06-30 22:45:50 - [TEST_STEP][PASSED] - if (profNameLink.equalsIgnoreCase("a_PaymentsPC")): null

2022-06-30 22:45:50 - [TEST_STEP][PASSED] - if (profNameLink.equalsIgnoreCase("a_PaymentsPS")): null

2022-06-30 22:45:50 - [TEST_STEP][PASSED] - if (profNameLink.equalsIgnoreCase("a_PaymentsCorp")): Text '123456789' is present on page  using regular expression

2022-06-30 22:45:50 - [TEST_STEP][PASSED] - verifyTextPresent("Employer Identification Number", true): Text 'Employer Identification Number' is present on page  using regular expression

2022-06-30 22:45:50 - [MESSAGE][PASSED] - Text 'Employer Identification Number' is present on page  using regular expression

2022-06-30 22:45:50 - [TEST_STEP][PASSED] - verifyTextPresent("EIN", true): Text 'EIN' is present on page  using regular expression

2022-06-30 22:45:51 - [MESSAGE][PASSED] - Text 'EIN' is present on page  using regular expression

2022-06-30 22:45:51 - [TEST_STEP][PASSED] - verifyTextPresent("123456789", true): Text '123456789' is present on page  using regular expression

2022-06-30 22:45:51 - [MESSAGE][PASSED] - Text '123456789' is present on page  using regular expression

2022-06-30 22:45:51 - [TEST_STEP][PASSED] - switch (appName): null

2022-06-30 22:45:51 - [TEST_STEP][PASSED] - case "a_Access AutoSingleCFtpQA":: null

2022-06-30 22:45:51 - [TEST_STEP][PASSED] - verifyTextPresent("5.00", true): Text '5.00' is present on page  using regular expression

2022-06-30 22:45:51 - [MESSAGE][PASSED] - Text '5.00' is present on page  using regular expression

2022-06-30 22:45:51 - [TEST_STEP][PASSED] - verifyTextPresent("Single Transaction", true): Text 'Single Transaction' is present on page  using regular expression

2022-06-30 22:45:52 - [MESSAGE][PASSED] - Text 'Single Transaction' is present on page  using regular expression

2022-06-30 22:45:52 - [TEST_STEP][PASSED] - verifyTextPresent("7.50", true): Text '7.50' is present on page  using regular expression

2022-06-30 22:45:52 - [MESSAGE][PASSED] - Text '7.50' is present on page  using regular expression

2022-06-30 22:45:52 - [TEST_STEP][PASSED] - verifyTextPresent("Total Amount", true): Text 'Total Amount' is present on page  using regular expression

2022-06-30 22:45:52 - [MESSAGE][PASSED] - Text 'Total Amount' is present on page  using regular expression

2022-06-30 22:45:52 - [TEST_STEP][PASSED] - verifyTextPresent("Transaction Type", true): Text 'Transaction Type' is present on page  using regular expression

2022-06-30 22:45:53 - [MESSAGE][PASSED] - Text 'Transaction Type' is present on page  using regular expression

2022-06-30 22:45:53 - [TEST_STEP][PASSED] - break: null

2022-06-30 22:45:53 - [TEST_STEP][PASSED] - closeBrowser(): Browser is closed

2022-06-30 22:45:53 - [MESSAGE][PASSED] - Browser is closed

2022-06-30 22:45:53 - [TEST_STEP][PASSED] - ExecuteTC = findTestData(dataFile).getValue("Execute", row): null

2022-06-30 22:45:54 - [TEST_STEP][PASSED] - out.println("Value of Execute is : " + ExecuteTC): null

2022-06-30 22:45:54 - [TEST_STEP][PASSED] - switch (executionProfile): null

2022-06-30 22:45:54 - [TEST_STEP][PASSED] - case "QAProfile":: null

2022-06-30 22:45:54 - [TEST_STEP][PASSED] - appName = findTestData(dataFile).getValue("AppNameQA", row): null

2022-06-30 22:45:54 - [TEST_STEP][PASSED] - appID = findTestData(dataFile).getValue("AppIDQA", row): null

2022-06-30 22:45:54 - [TEST_STEP][PASSED] - break: null

2022-06-30 22:45:54 - [TEST_STEP][PASSED] - if (ExecuteTC.equalsIgnoreCase("Y")): null

2022-06-30 22:45:54 - [TEST_STEP][PASSED] - out.println("Begin Record Number: " + row): null

2022-06-30 22:45:54 - [TEST_STEP][PASSED] - today = new java.util.Date(): null

2022-06-30 22:45:54 - [TEST_STEP][PASSED] - println(today): null

2022-06-30 22:45:54 - [TEST_STEP][PASSED] - datText = today: null

2022-06-30 22:45:54 - [TEST_STEP][PASSED] - adminSuiteBootstrap.loginFunctionality.login_AdminSuite(): adminSuiteBootstrap.loginFunctionality.login_AdminSuite is PASSED

2022-06-30 22:45:54 - [MESSAGE][INFO] - Starting 'Chrome' driver

2022-06-30 22:45:54 - [MESSAGE][INFO] - User set preference: ['acceptInsecureCerts', 'true']

2022-06-30 22:45:54 - [MESSAGE][INFO] - Action delay is set to 0 milliseconds

2022-06-30 22:46:00 - [MESSAGE][PASSED] - Browser is opened with url: 'https://qa.velocitypayment.com/admin/imtiaz'

2022-06-30 22:46:00 - [MESSAGE][PASSED] - Current window maximized

2022-06-30 22:46:01 - [MESSAGE][PASSED] - Object 'Object Repository/Login_Page/Login_Username' is present

2022-06-30 22:46:01 - [MESSAGE][PASSED] - Text 'iahmed' is set on object 'Object Repository/Login_Page/Login_Username'

2022-06-30 22:46:02 - [MESSAGE][PASSED] - Text 'hello2222' is set on object 'Object Repository/Login_Page/Login_Password'

2022-06-30 22:46:06 - [MESSAGE][PASSED] - Object: 'Object Repository/Login_Page/Login_Submit' is clicked on

2022-06-30 22:46:06 - [MESSAGE][PASSED] - adminSuiteBootstrap.loginFunctionality.login_AdminSuite is PASSED

2022-06-30 22:46:06 - [TEST_STEP][PASSED] - click(findTestObject(path_Dashboard + appName)): Object: 'Object Repository/AdminSuiteBootstrap_Pages/Dashboard_Bootstrap/a_Access AutoDualCFtpQA' is clicked on

2022-06-30 22:46:07 - [MESSAGE][PASSED] - Object: 'Object Repository/AdminSuiteBootstrap_Pages/Dashboard_Bootstrap/a_Access AutoDualCFtpQA' is clicked on

2022-06-30 22:46:07 - [TEST_STEP][PASSED] - click(findTestObject(path_VT + "a_Find Profile")): Object: 'Object Repository/AdminSuiteBootstrap_Pages/VT_Bootstrap/IssueTransactions/a_Find Profile' is clicked on

2022-06-30 22:46:07 - [MESSAGE][PASSED] - Object: 'Object Repository/AdminSuiteBootstrap_Pages/VT_Bootstrap/IssueTransactions/a_Find Profile' is clicked on

2022-06-30 22:46:07 - [TEST_STEP][PASSED] - criteria = <not implemented yet for class: org.codehaus.groovy.ast.expr.EmptyExpression>: null

2022-06-30 22:46:07 - [TEST_STEP][PASSED] - searchBy = <not implemented yet for class: org.codehaus.groovy.ast.expr.EmptyExpression>: null

2022-06-30 22:46:07 - [TEST_STEP][PASSED] - criteria = findTestData(dataFile).getValue("ProfileName", row): null

2022-06-30 22:46:08 - [TEST_STEP][PASSED] - path_SearchProfile = "Object Repository/AdminSuiteBootstrap_Pages/VSP_Bootstrap/SearchProfile/": null

2022-06-30 22:46:08 - [TEST_STEP][PASSED] - setText(findTestObject(path_SearchProfile + "input_Criteria"), criteria): Text 'PaymentsPC' is set on object 'Object Repository/AdminSuiteBootstrap_Pages/VSP_Bootstrap/SearchProfile/input_Criteria'

2022-06-30 22:46:08 - [MESSAGE][PASSED] - Text 'PaymentsPC' is set on object 'Object Repository/AdminSuiteBootstrap_Pages/VSP_Bootstrap/SearchProfile/input_Criteria'

2022-06-30 22:46:08 - [TEST_STEP][PASSED] - click(findTestObject(path_SearchProfile + "button_Search")): Object: 'Object Repository/AdminSuiteBootstrap_Pages/VSP_Bootstrap/SearchProfile/button_Search' is clicked on

2022-06-30 22:46:10 - [MESSAGE][PASSED] - Object: 'Object Repository/AdminSuiteBootstrap_Pages/VSP_Bootstrap/SearchProfile/button_Search' is clicked on

2022-06-30 22:46:10 - [TEST_STEP][PASSED] - profNameLink = findTestData(dataFile).getValue("ProfileNameLink", row): null

2022-06-30 22:46:10 - [TEST_STEP][PASSED] - click(findTestObject(path_ViewProfile + profNameLink)): Object: 'Object Repository/AdminSuiteBootstrap_Pages/VSP_Bootstrap/View Profile/a_PaymentsPC' is clicked on

2022-06-30 22:46:12 - [MESSAGE][PASSED] - Object: 'Object Repository/AdminSuiteBootstrap_Pages/VSP_Bootstrap/View Profile/a_PaymentsPC' is clicked on

2022-06-30 22:46:12 - [TEST_STEP][PASSED] - click(findTestObject(path_ViewProfile + "a_Debit")): Object: 'Object Repository/AdminSuiteBootstrap_Pages/VSP_Bootstrap/View Profile/a_Debit' is clicked on

2022-06-30 22:46:13 - [MESSAGE][PASSED] - Object: 'Object Repository/AdminSuiteBootstrap_Pages/VSP_Bootstrap/View Profile/a_Debit' is clicked on

2022-06-30 22:46:13 - [TEST_STEP][PASSED] - verifyTextPresent("Remittance ID", true): Text 'Remittance ID' is present on page  using regular expression

2022-06-30 22:46:14 - [MESSAGE][PASSED] - Text 'Remittance ID' is present on page  using regular expression

2022-06-30 22:46:14 - [TEST_STEP][PASSED] - vspBootstrap.ACHDebitPage.setDataACHDebit(row, dataFile): vspBootstrap.ACHDebitPage.setDataACHDebit is PASSED

2022-06-30 22:46:15 - [MESSAGE][PASSED] - All options with value 'PPD' are selected in object 'Object Repository/AdminSuiteBootstrap_Pages/VSP_Bootstrap/VSP_Debit/select_StdEntryClass'  using regular expression

2022-06-30 22:46:16 - [MESSAGE][PASSED] - Text '' is set on object 'Object Repository/AdminSuiteBootstrap_Pages/VSP_Bootstrap/VSP_Debit/input_smsNumber'

2022-06-30 22:46:17 - [MESSAGE][PASSED] - Text '2.50' is set on object 'Object Repository/AdminSuiteBootstrap_Pages/VSP_Bootstrap/VSP_Debit/input_amount'

2022-06-30 22:46:18 - [MESSAGE][PASSED] - Text 'Delhi' is set on object 'Object Repository/AdminSuiteBootstrap_Pages/VSP_Bootstrap/VSP_Debit/input_userDefined1'

2022-06-30 22:46:19 - [MESSAGE][PASSED] - Text 'Chennai' is set on object 'Object Repository/AdminSuiteBootstrap_Pages/VSP_Bootstrap/VSP_Debit/input_userDefined2'

2022-06-30 22:46:19 - [MESSAGE][PASSED] - Text 'Mumbai' is set on object 'Object Repository/AdminSuiteBootstrap_Pages/VSP_Bootstrap/VSP_Debit/input_userDefined3'

2022-06-30 22:46:20 - [MESSAGE][PASSED] - Text 'Kanpur' is set on object 'Object Repository/AdminSuiteBootstrap_Pages/VSP_Bootstrap/VSP_Debit/input_userDefined4'

2022-06-30 22:46:21 - [MESSAGE][PASSED] - All options with label 'Orange' are selected in object 'Object Repository/AdminSuiteBootstrap_Pages/VSP_Bootstrap/VSP_Debit/select_UDF5'  using regular expression

2022-06-30 22:46:22 - [MESSAGE][PASSED] - All options with label 'Yellow' are selected in object 'Object Repository/AdminSuiteBootstrap_Pages/VSP_Bootstrap/VSP_Debit/select_UDF6'  using regular expression

2022-06-30 22:46:22 - [MESSAGE][PASSED] - Text 'Kolkata' is set on object 'Object Repository/AdminSuiteBootstrap_Pages/VSP_Bootstrap/VSP_Debit/input_userDefined7'

2022-06-30 22:46:23 - [MESSAGE][PASSED] - Text 'Pune' is set on object 'Object Repository/AdminSuiteBootstrap_Pages/VSP_Bootstrap/VSP_Debit/input_userDefined8'

2022-06-30 22:46:24 - [MESSAGE][PASSED] - Text 'Bhavnagar' is set on object 'Object Repository/AdminSuiteBootstrap_Pages/VSP_Bootstrap/VSP_Debit/input_userDefined9'

2022-06-30 22:46:24 - [MESSAGE][PASSED] - Text 'Noida' is set on object 'Object Repository/AdminSuiteBootstrap_Pages/VSP_Bootstrap/VSP_Debit/input_userDefined10'

2022-06-30 22:46:27 - [MESSAGE][PASSED] - Object: 'Object Repository/AdminSuiteBootstrap_Pages/VSP_Bootstrap/VSP_Debit/button_Submit' is clicked on

2022-06-30 22:46:27 - [MESSAGE][PASSED] - vspBootstrap.ACHDebitPage.setDataACHDebit is PASSED

2022-06-30 22:46:27 - [TEST_STEP][PASSED] - verifyTextPresent("Transaction Successful", true): Text 'Transaction Successful' is present on page  using regular expression

2022-06-30 22:46:28 - [MESSAGE][PASSED] - Text 'Transaction Successful' is present on page  using regular expression

2022-06-30 22:46:28 - [TEST_STEP][PASSED] - verifyElementVisible(findTestObject("Object Repository/AdminSuiteBootstrap_Pages/VT_Bootstrap/Receipt/button_Continue")): Object 'Object Repository/AdminSuiteBootstrap_Pages/VT_Bootstrap/Receipt/button_Continue' is visible

2022-06-30 22:46:28 - [MESSAGE][PASSED] - Object 'Object Repository/AdminSuiteBootstrap_Pages/VT_Bootstrap/Receipt/button_Continue' is visible

2022-06-30 22:46:28 - [TEST_STEP][PASSED] - verifyElementPresent(findTestObject("Object Repository/AdminSuiteBootstrap_Pages/VT_Bootstrap/Receipt/button_Continue"), 20): Object 'Object Repository/AdminSuiteBootstrap_Pages/VT_Bootstrap/Receipt/button_Continue' is present

2022-06-30 22:46:29 - [MESSAGE][PASSED] - Object 'Object Repository/AdminSuiteBootstrap_Pages/VT_Bootstrap/Receipt/button_Continue' is present

2022-06-30 22:46:29 - [TEST_STEP][PASSED] - verifyElementVisible(findTestObject("Object Repository/AdminSuiteBootstrap_Pages/VT_Bootstrap/Receipt/button_Print")): Object 'Object Repository/AdminSuiteBootstrap_Pages/VT_Bootstrap/Receipt/button_Print' is visible

2022-06-30 22:46:29 - [MESSAGE][PASSED] - Object 'Object Repository/AdminSuiteBootstrap_Pages/VT_Bootstrap/Receipt/button_Print' is visible

2022-06-30 22:46:29 - [TEST_STEP][PASSED] - verifyElementPresent(findTestObject("Object Repository/AdminSuiteBootstrap_Pages/VT_Bootstrap/Receipt/button_Print"), 20): Object 'Object Repository/AdminSuiteBootstrap_Pages/VT_Bootstrap/Receipt/button_Print' is present

2022-06-30 22:46:29 - [MESSAGE][PASSED] - Object 'Object Repository/AdminSuiteBootstrap_Pages/VT_Bootstrap/Receipt/button_Print' is present

2022-06-30 22:46:29 - [TEST_STEP][PASSED] - verifyTextPresent("Remittance ID", true): Text 'Remittance ID' is present on page  using regular expression

2022-06-30 22:46:29 - [MESSAGE][PASSED] - Text 'Remittance ID' is present on page  using regular expression

2022-06-30 22:46:29 - [TEST_STEP][PASSED] - verifyTextPresent("Received", true): Text 'Received' is present on page  using regular expression

2022-06-30 22:46:30 - [MESSAGE][PASSED] - Text 'Received' is present on page  using regular expression

2022-06-30 22:46:30 - [TEST_STEP][PASSED] - verifyTextPresent("UDF1", true): Text 'UDF1' is present on page  using regular expression

2022-06-30 22:46:30 - [MESSAGE][PASSED] - Text 'UDF1' is present on page  using regular expression

2022-06-30 22:46:30 - [TEST_STEP][PASSED] - verifyTextPresent("UDF2", true): Text 'UDF2' is present on page  using regular expression

2022-06-30 22:46:31 - [MESSAGE][PASSED] - Text 'UDF2' is present on page  using regular expression

2022-06-30 22:46:31 - [TEST_STEP][PASSED] - verifyTextPresent("UDF3", true): Text 'UDF3' is present on page  using regular expression

2022-06-30 22:46:31 - [MESSAGE][PASSED] - Text 'UDF3' is present on page  using regular expression

2022-06-30 22:46:31 - [TEST_STEP][PASSED] - verifyTextPresent("UDF4", true): Text 'UDF4' is present on page  using regular expression

2022-06-30 22:46:32 - [MESSAGE][PASSED] - Text 'UDF4' is present on page  using regular expression

2022-06-30 22:46:32 - [TEST_STEP][PASSED] - verifyTextPresent("UDF5", true): Text 'UDF5' is present on page  using regular expression

2022-06-30 22:46:32 - [MESSAGE][PASSED] - Text 'UDF5' is present on page  using regular expression

2022-06-30 22:46:32 - [TEST_STEP][PASSED] - verifyTextPresent("UDF6", true): Text 'UDF6' is present on page  using regular expression

2022-06-30 22:46:32 - [MESSAGE][PASSED] - Text 'UDF6' is present on page  using regular expression

2022-06-30 22:46:32 - [TEST_STEP][PASSED] - verifyTextPresent("UDF7", true): Text 'UDF7' is present on page  using regular expression

2022-06-30 22:46:33 - [MESSAGE][PASSED] - Text 'UDF7' is present on page  using regular expression

2022-06-30 22:46:33 - [TEST_STEP][PASSED] - verifyTextPresent("UDF8", true): Text 'UDF8' is present on page  using regular expression

2022-06-30 22:46:33 - [MESSAGE][PASSED] - Text 'UDF8' is present on page  using regular expression

2022-06-30 22:46:33 - [TEST_STEP][PASSED] - verifyTextPresent("UDF9", true): Text 'UDF9' is present on page  using regular expression

2022-06-30 22:46:33 - [MESSAGE][PASSED] - Text 'UDF9' is present on page  using regular expression

2022-06-30 22:46:33 - [TEST_STEP][PASSED] - verifyTextPresent("UDF 10", true): Text 'UDF 10' is present on page  using regular expression

2022-06-30 22:46:34 - [MESSAGE][PASSED] - Text 'UDF 10' is present on page  using regular expression

2022-06-30 22:46:34 - [TEST_STEP][PASSED] - verifyTextPresent("Delhi", true): Text 'Delhi' is present on page  using regular expression

2022-06-30 22:46:34 - [MESSAGE][PASSED] - Text 'Delhi' is present on page  using regular expression

2022-06-30 22:46:34 - [TEST_STEP][PASSED] - verifyTextPresent("Chennai", true): Text 'Chennai' is present on page  using regular expression

2022-06-30 22:46:34 - [MESSAGE][PASSED] - Text 'Chennai' is present on page  using regular expression

2022-06-30 22:46:34 - [TEST_STEP][PASSED] - verifyTextPresent("Mumbai", true): Text 'Mumbai' is present on page  using regular expression

2022-06-30 22:46:35 - [MESSAGE][PASSED] - Text 'Mumbai' is present on page  using regular expression

2022-06-30 22:46:35 - [TEST_STEP][PASSED] - verifyTextPresent("Kanpur", true): Text 'Kanpur' is present on page  using regular expression

2022-06-30 22:46:35 - [MESSAGE][PASSED] - Text 'Kanpur' is present on page  using regular expression

2022-06-30 22:46:35 - [TEST_STEP][PASSED] - verifyTextPresent("Orange Recorded", true): Text 'Orange Recorded' is present on page  using regular expression

2022-06-30 22:46:35 - [MESSAGE][PASSED] - Text 'Orange Recorded' is present on page  using regular expression

2022-06-30 22:46:35 - [TEST_STEP][PASSED] - verifyTextPresent("Yellow Recorded", true): Text 'Yellow Recorded' is present on page  using regular expression

2022-06-30 22:46:36 - [MESSAGE][PASSED] - Text 'Yellow Recorded' is present on page  using regular expression

2022-06-30 22:46:36 - [TEST_STEP][PASSED] - verifyTextPresent("Kolkata", true): Text 'Kolkata' is present on page  using regular expression

2022-06-30 22:46:36 - [MESSAGE][PASSED] - Text 'Kolkata' is present on page  using regular expression

2022-06-30 22:46:36 - [TEST_STEP][PASSED] - verifyTextPresent("Pune", true): Text 'Pune' is present on page  using regular expression

2022-06-30 22:46:36 - [MESSAGE][PASSED] - Text 'Pune' is present on page  using regular expression

2022-06-30 22:46:36 - [TEST_STEP][PASSED] - verifyTextPresent("Bhavnagar", true): Text 'Bhavnagar' is present on page  using regular expression

2022-06-30 22:46:36 - [MESSAGE][PASSED] - Text 'Bhavnagar' is present on page  using regular expression

2022-06-30 22:46:36 - [TEST_STEP][PASSED] - verifyTextPresent("Noida", true): Text 'Noida' is present on page  using regular expression

2022-06-30 22:46:37 - [MESSAGE][PASSED] - Text 'Noida' is present on page  using regular expression

2022-06-30 22:46:37 - [TEST_STEP][PASSED] - verifyTextPresent("Amount", true): Text 'Amount' is present on page  using regular expression

2022-06-30 22:46:37 - [MESSAGE][PASSED] - Text 'Amount' is present on page  using regular expression

2022-06-30 22:46:37 - [TEST_STEP][PASSED] - verifyTextPresent("2.50", true): Text '2.50' is present on page  using regular expression

2022-06-30 22:46:37 - [MESSAGE][PASSED] - Text '2.50' is present on page  using regular expression

2022-06-30 22:46:37 - [TEST_STEP][PASSED] - verifyTextPresent("Transaction Type", true): Text 'Transaction Type' is present on page  using regular expression

2022-06-30 22:46:38 - [MESSAGE][PASSED] - Text 'Transaction Type' is present on page  using regular expression

2022-06-30 22:46:38 - [TEST_STEP][PASSED] - verifyTextPresent("Debit", true): Text 'Debit' is present on page  using regular expression

2022-06-30 22:46:38 - [MESSAGE][PASSED] - Text 'Debit' is present on page  using regular expression

2022-06-30 22:46:38 - [TEST_STEP][PASSED] - verifyTextPresent("Check Information", true): Text 'Check Information' is present on page  using regular expression

2022-06-30 22:46:38 - [MESSAGE][PASSED] - Text 'Check Information' is present on page  using regular expression

2022-06-30 22:46:38 - [TEST_STEP][PASSED] - verifyTextPresent("Account Type", true): Text 'Account Type' is present on page  using regular expression

2022-06-30 22:46:39 - [MESSAGE][PASSED] - Text 'Account Type' is present on page  using regular expression

2022-06-30 22:46:39 - [TEST_STEP][PASSED] - verifyTextPresent("Account Number", true): Text 'Account Number' is present on page  using regular expression

2022-06-30 22:46:39 - [MESSAGE][PASSED] - Text 'Account Number' is present on page  using regular expression

2022-06-30 22:46:39 - [TEST_STEP][PASSED] - verifyTextPresent("Routing Number", true): Text 'Routing Number' is present on page  using regular expression

2022-06-30 22:46:39 - [MESSAGE][PASSED] - Text 'Routing Number' is present on page  using regular expression

2022-06-30 22:46:39 - [TEST_STEP][PASSED] - verifyTextPresent("Address Line 1", true): Text 'Address Line 1' is present on page  using regular expression

2022-06-30 22:46:40 - [MESSAGE][PASSED] - Text 'Address Line 1' is present on page  using regular expression

2022-06-30 22:46:40 - [TEST_STEP][PASSED] - verifyTextPresent("Address Line 2", true): Text 'Address Line 2' is present on page  using regular expression

2022-06-30 22:46:40 - [MESSAGE][PASSED] - Text 'Address Line 2' is present on page  using regular expression

2022-06-30 22:46:40 - [TEST_STEP][PASSED] - verifyTextPresent("Country", true): Text 'Country' is present on page  using regular expression

2022-06-30 22:46:40 - [MESSAGE][PASSED] - Text 'Country' is present on page  using regular expression

2022-06-30 22:46:40 - [TEST_STEP][PASSED] - verifyTextPresent("City", true): Text 'City' is present on page  using regular expression

2022-06-30 22:46:41 - [MESSAGE][PASSED] - Text 'City' is present on page  using regular expression

2022-06-30 22:46:41 - [TEST_STEP][PASSED] - verifyTextPresent("State", true): Text 'State' is present on page  using regular expression

2022-06-30 22:46:41 - [MESSAGE][PASSED] - Text 'State' is present on page  using regular expression

2022-06-30 22:46:41 - [TEST_STEP][PASSED] - verifyTextPresent("ZIP Code", true): Text 'ZIP Code' is present on page  using regular expression

2022-06-30 22:46:41 - [MESSAGE][PASSED] - Text 'ZIP Code' is present on page  using regular expression

2022-06-30 22:46:41 - [TEST_STEP][PASSED] - verifyTextPresent("248 PhoolKaante road", true): Text '248 PhoolKaante road' is present on page  using regular expression

2022-06-30 22:46:41 - [MESSAGE][PASSED] - Text '248 PhoolKaante road' is present on page  using regular expression

2022-06-30 22:46:41 - [TEST_STEP][PASSED] - verifyTextPresent("Suite 678", true): Text 'Suite 678' is present on page  using regular expression

2022-06-30 22:46:42 - [MESSAGE][PASSED] - Text 'Suite 678' is present on page  using regular expression

2022-06-30 22:46:42 - [TEST_STEP][PASSED] - verifyTextPresent("United States", true): Text 'United States' is present on page  using regular expression

2022-06-30 22:46:42 - [MESSAGE][PASSED] - Text 'United States' is present on page  using regular expression

2022-06-30 22:46:42 - [TEST_STEP][PASSED] - verifyTextPresent("ARLINGTON", true): Text 'ARLINGTON' is present on page  using regular expression

2022-06-30 22:46:42 - [MESSAGE][PASSED] - Text 'ARLINGTON' is present on page  using regular expression

2022-06-30 22:46:42 - [TEST_STEP][PASSED] - verifyTextPresent("Virginia", true): Text 'Virginia' is present on page  using regular expression

2022-06-30 22:46:43 - [MESSAGE][PASSED] - Text 'Virginia' is present on page  using regular expression

2022-06-30 22:46:43 - [TEST_STEP][PASSED] - verifyTextPresent("22201", true): Text '22201' is present on page  using regular expression

2022-06-30 22:46:43 - [MESSAGE][PASSED] - Text '22201' is present on page  using regular expression

2022-06-30 22:46:43 - [TEST_STEP][PASSED] - tranType = findTestData(dataFile).getValue("TranType", row): null

2022-06-30 22:46:43 - [TEST_STEP][PASSED] - last4V = findTestData(dataFile).getValue("Last4", row): null

2022-06-30 22:46:43 - [TEST_STEP][PASSED] - verifyTextPresent(tranType, true): Text 'Checking' is present on page  using regular expression

2022-06-30 22:46:44 - [MESSAGE][PASSED] - Text 'Checking' is present on page  using regular expression

2022-06-30 22:46:44 - [TEST_STEP][PASSED] - verifyTextPresent(last4V, true): Text '2222' is present on page  using regular expression

2022-06-30 22:46:44 - [MESSAGE][PASSED] - Text '2222' is present on page  using regular expression

2022-06-30 22:46:44 - [TEST_STEP][PASSED] - if (profNameLink.equalsIgnoreCase("a_PaymentsPC")): Text 'TANDON RAVENA' is present on page  using regular expression

2022-06-30 22:46:44 - [TEST_STEP][PASSED] - verifyTextPresent("Name on Account", true): Text 'Name on Account' is present on page  using regular expression

2022-06-30 22:46:44 - [MESSAGE][PASSED] - Text 'Name on Account' is present on page  using regular expression

2022-06-30 22:46:44 - [TEST_STEP][PASSED] - verifyTextPresent("TANDON RAVENA", true): Text 'TANDON RAVENA' is present on page  using regular expression

2022-06-30 22:46:45 - [MESSAGE][PASSED] - Text 'TANDON RAVENA' is present on page  using regular expression

2022-06-30 22:46:45 - [TEST_STEP][PASSED] - if (profNameLink.equalsIgnoreCase("a_PaymentsPS")): null

2022-06-30 22:46:45 - [TEST_STEP][PASSED] - if (profNameLink.equalsIgnoreCase("a_PaymentsCorp")): null

2022-06-30 22:46:45 - [TEST_STEP][PASSED] - switch (appName): null

2022-06-30 22:46:45 - [TEST_STEP][PASSED] - case "a_Access AutoDualCFtpQA":: null

2022-06-30 22:46:45 - [TEST_STEP][PASSED] - verifyTextPresent("5.00", true): Text '5.00' is present on page  using regular expression

2022-06-30 22:46:45 - [MESSAGE][PASSED] - Text '5.00' is present on page  using regular expression

2022-06-30 22:46:45 - [TEST_STEP][PASSED] - verifyTextPresent("Dual Transaction", true): Text 'Dual Transaction' is present on page  using regular expression

2022-06-30 22:46:45 - [MESSAGE][PASSED] - Text 'Dual Transaction' is present on page  using regular expression

2022-06-30 22:46:45 - [TEST_STEP][PASSED] - verifyTextPresent("7.50", true): Text '7.50' is present on page  using regular expression

2022-06-30 22:46:46 - [MESSAGE][PASSED] - Text '7.50' is present on page  using regular expression

2022-06-30 22:46:46 - [TEST_STEP][PASSED] - verifyTextPresent("Total Amount", true): Text 'Total Amount' is present on page  using regular expression

2022-06-30 22:46:46 - [MESSAGE][PASSED] - Text 'Total Amount' is present on page  using regular expression

2022-06-30 22:46:46 - [TEST_STEP][PASSED] - verifyTextPresent("Transaction Type", true): Text 'Transaction Type' is present on page  using regular expression

2022-06-30 22:46:46 - [MESSAGE][PASSED] - Text 'Transaction Type' is present on page  using regular expression

2022-06-30 22:46:46 - [TEST_STEP][PASSED] - break: null

2022-06-30 22:46:46 - [TEST_STEP][PASSED] - closeBrowser(): Browser is closed

2022-06-30 22:46:47 - [MESSAGE][PASSED] - Browser is closed

2022-06-30 22:46:47 - [TEST_STEP][PASSED] - ExecuteTC = findTestData(dataFile).getValue("Execute", row): null

2022-06-30 22:46:47 - [TEST_STEP][PASSED] - out.println("Value of Execute is : " + ExecuteTC): null

2022-06-30 22:46:47 - [TEST_STEP][PASSED] - switch (executionProfile): null

2022-06-30 22:46:47 - [TEST_STEP][PASSED] - case "QAProfile":: null

2022-06-30 22:46:47 - [TEST_STEP][PASSED] - appName = findTestData(dataFile).getValue("AppNameQA", row): null

2022-06-30 22:46:47 - [TEST_STEP][PASSED] - appID = findTestData(dataFile).getValue("AppIDQA", row): null

2022-06-30 22:46:47 - [TEST_STEP][PASSED] - break: null

2022-06-30 22:46:47 - [TEST_STEP][PASSED] - if (ExecuteTC.equalsIgnoreCase("Y")): null

2022-06-30 22:46:47 - [TEST_STEP][PASSED] - out.println("Begin Record Number: " + row): null

2022-06-30 22:46:47 - [TEST_STEP][PASSED] - today = new java.util.Date(): null

2022-06-30 22:46:47 - [TEST_STEP][PASSED] - println(today): null

2022-06-30 22:46:47 - [TEST_STEP][PASSED] - datText = today: null

2022-06-30 22:46:47 - [TEST_STEP][PASSED] - adminSuiteBootstrap.loginFunctionality.login_AdminSuite(): adminSuiteBootstrap.loginFunctionality.login_AdminSuite is PASSED

2022-06-30 22:46:47 - [MESSAGE][INFO] - Starting 'Chrome' driver

2022-06-30 22:46:47 - [MESSAGE][INFO] - User set preference: ['acceptInsecureCerts', 'true']

2022-06-30 22:46:47 - [MESSAGE][INFO] - Action delay is set to 0 milliseconds

2022-06-30 22:46:50 - [MESSAGE][PASSED] - Browser is opened with url: 'https://qa.velocitypayment.com/admin/imtiaz'

2022-06-30 22:46:51 - [MESSAGE][PASSED] - Current window maximized

2022-06-30 22:46:51 - [MESSAGE][PASSED] - Object 'Object Repository/Login_Page/Login_Username' is present

2022-06-30 22:46:52 - [MESSAGE][PASSED] - Text 'iahmed' is set on object 'Object Repository/Login_Page/Login_Username'

2022-06-30 22:46:52 - [MESSAGE][PASSED] - Text 'hello2222' is set on object 'Object Repository/Login_Page/Login_Password'

2022-06-30 22:46:57 - [MESSAGE][PASSED] - Object: 'Object Repository/Login_Page/Login_Submit' is clicked on

2022-06-30 22:46:57 - [MESSAGE][PASSED] - adminSuiteBootstrap.loginFunctionality.login_AdminSuite is PASSED

2022-06-30 22:46:57 - [TEST_STEP][PASSED] - click(findTestObject(path_Dashboard + appName)): Object: 'Object Repository/AdminSuiteBootstrap_Pages/Dashboard_Bootstrap/a_Access AutoDualCFtpQA' is clicked on

2022-06-30 22:46:58 - [MESSAGE][PASSED] - Object: 'Object Repository/AdminSuiteBootstrap_Pages/Dashboard_Bootstrap/a_Access AutoDualCFtpQA' is clicked on

2022-06-30 22:46:58 - [TEST_STEP][PASSED] - click(findTestObject(path_VT + "a_Find Profile")): Object: 'Object Repository/AdminSuiteBootstrap_Pages/VT_Bootstrap/IssueTransactions/a_Find Profile' is clicked on

2022-06-30 22:46:59 - [MESSAGE][PASSED] - Object: 'Object Repository/AdminSuiteBootstrap_Pages/VT_Bootstrap/IssueTransactions/a_Find Profile' is clicked on

2022-06-30 22:46:59 - [TEST_STEP][PASSED] - criteria = <not implemented yet for class: org.codehaus.groovy.ast.expr.EmptyExpression>: null

2022-06-30 22:46:59 - [TEST_STEP][PASSED] - searchBy = <not implemented yet for class: org.codehaus.groovy.ast.expr.EmptyExpression>: null

2022-06-30 22:46:59 - [TEST_STEP][PASSED] - criteria = findTestData(dataFile).getValue("ProfileName", row): null

2022-06-30 22:46:59 - [TEST_STEP][PASSED] - path_SearchProfile = "Object Repository/AdminSuiteBootstrap_Pages/VSP_Bootstrap/SearchProfile/": null

2022-06-30 22:46:59 - [TEST_STEP][PASSED] - setText(findTestObject(path_SearchProfile + "input_Criteria"), criteria): Text 'PaymentsPC' is set on object 'Object Repository/AdminSuiteBootstrap_Pages/VSP_Bootstrap/SearchProfile/input_Criteria'

2022-06-30 22:46:59 - [MESSAGE][PASSED] - Text 'PaymentsPC' is set on object 'Object Repository/AdminSuiteBootstrap_Pages/VSP_Bootstrap/SearchProfile/input_Criteria'

2022-06-30 22:46:59 - [TEST_STEP][PASSED] - click(findTestObject(path_SearchProfile + "button_Search")): Object: 'Object Repository/AdminSuiteBootstrap_Pages/VSP_Bootstrap/SearchProfile/button_Search' is clicked on

2022-06-30 22:47:01 - [MESSAGE][PASSED] - Object: 'Object Repository/AdminSuiteBootstrap_Pages/VSP_Bootstrap/SearchProfile/button_Search' is clicked on

2022-06-30 22:47:01 - [TEST_STEP][PASSED] - profNameLink = findTestData(dataFile).getValue("ProfileNameLink", row): null

2022-06-30 22:47:01 - [TEST_STEP][PASSED] - click(findTestObject(path_ViewProfile + profNameLink)): Object: 'Object Repository/AdminSuiteBootstrap_Pages/VSP_Bootstrap/View Profile/a_PaymentsPC' is clicked on

2022-06-30 22:47:03 - [MESSAGE][PASSED] - Object: 'Object Repository/AdminSuiteBootstrap_Pages/VSP_Bootstrap/View Profile/a_PaymentsPC' is clicked on

2022-06-30 22:47:03 - [TEST_STEP][PASSED] - click(findTestObject(path_ViewProfile + "a_Debit")): Object: 'Object Repository/AdminSuiteBootstrap_Pages/VSP_Bootstrap/View Profile/a_Debit' is clicked on

2022-06-30 22:47:05 - [MESSAGE][PASSED] - Object: 'Object Repository/AdminSuiteBootstrap_Pages/VSP_Bootstrap/View Profile/a_Debit' is clicked on

2022-06-30 22:47:05 - [TEST_STEP][PASSED] - verifyTextPresent("Remittance ID", true): Text 'Remittance ID' is present on page  using regular expression

2022-06-30 22:47:06 - [MESSAGE][PASSED] - Text 'Remittance ID' is present on page  using regular expression

2022-06-30 22:47:06 - [TEST_STEP][PASSED] - vspBootstrap.ACHDebitPage.setDataACHDebit(row, dataFile): vspBootstrap.ACHDebitPage.setDataACHDebit is PASSED

2022-06-30 22:47:07 - [MESSAGE][PASSED] - All options with value 'TEL' are selected in object 'Object Repository/AdminSuiteBootstrap_Pages/VSP_Bootstrap/VSP_Debit/select_StdEntryClass'  using regular expression

2022-06-30 22:47:08 - [MESSAGE][PASSED] - Text '' is set on object 'Object Repository/AdminSuiteBootstrap_Pages/VSP_Bootstrap/VSP_Debit/input_smsNumber'

2022-06-30 22:47:08 - [MESSAGE][PASSED] - Text '2.50' is set on object 'Object Repository/AdminSuiteBootstrap_Pages/VSP_Bootstrap/VSP_Debit/input_amount'

2022-06-30 22:47:10 - [MESSAGE][PASSED] - Text 'Delhi' is set on object 'Object Repository/AdminSuiteBootstrap_Pages/VSP_Bootstrap/VSP_Debit/input_userDefined1'

2022-06-30 22:47:10 - [MESSAGE][PASSED] - Text 'Chennai' is set on object 'Object Repository/AdminSuiteBootstrap_Pages/VSP_Bootstrap/VSP_Debit/input_userDefined2'

2022-06-30 22:47:11 - [MESSAGE][PASSED] - Text 'Mumbai' is set on object 'Object Repository/AdminSuiteBootstrap_Pages/VSP_Bootstrap/VSP_Debit/input_userDefined3'

2022-06-30 22:47:12 - [MESSAGE][PASSED] - Text 'Kanpur' is set on object 'Object Repository/AdminSuiteBootstrap_Pages/VSP_Bootstrap/VSP_Debit/input_userDefined4'

2022-06-30 22:47:13 - [MESSAGE][PASSED] - All options with label 'Orange' are selected in object 'Object Repository/AdminSuiteBootstrap_Pages/VSP_Bootstrap/VSP_Debit/select_UDF5'  using regular expression

2022-06-30 22:47:14 - [MESSAGE][PASSED] - All options with label 'Yellow' are selected in object 'Object Repository/AdminSuiteBootstrap_Pages/VSP_Bootstrap/VSP_Debit/select_UDF6'  using regular expression

2022-06-30 22:47:14 - [MESSAGE][PASSED] - Text 'Kolkata' is set on object 'Object Repository/AdminSuiteBootstrap_Pages/VSP_Bootstrap/VSP_Debit/input_userDefined7'

2022-06-30 22:47:15 - [MESSAGE][PASSED] - Text 'Pune' is set on object 'Object Repository/AdminSuiteBootstrap_Pages/VSP_Bootstrap/VSP_Debit/input_userDefined8'

2022-06-30 22:47:16 - [MESSAGE][PASSED] - Text 'Bhavnagar' is set on object 'Object Repository/AdminSuiteBootstrap_Pages/VSP_Bootstrap/VSP_Debit/input_userDefined9'

2022-06-30 22:47:16 - [MESSAGE][PASSED] - Text 'Noida' is set on object 'Object Repository/AdminSuiteBootstrap_Pages/VSP_Bootstrap/VSP_Debit/input_userDefined10'

2022-06-30 22:47:18 - [MESSAGE][PASSED] - Object: 'Object Repository/AdminSuiteBootstrap_Pages/VSP_Bootstrap/VSP_Debit/button_Submit' is clicked on

2022-06-30 22:47:18 - [MESSAGE][PASSED] - vspBootstrap.ACHDebitPage.setDataACHDebit is PASSED

2022-06-30 22:47:18 - [TEST_STEP][PASSED] - verifyTextPresent("Transaction Successful", true): Text 'Transaction Successful' is present on page  using regular expression

2022-06-30 22:47:19 - [MESSAGE][PASSED] - Text 'Transaction Successful' is present on page  using regular expression

2022-06-30 22:47:19 - [TEST_STEP][PASSED] - verifyElementVisible(findTestObject("Object Repository/AdminSuiteBootstrap_Pages/VT_Bootstrap/Receipt/button_Continue")): Object 'Object Repository/AdminSuiteBootstrap_Pages/VT_Bootstrap/Receipt/button_Continue' is visible

2022-06-30 22:47:19 - [MESSAGE][PASSED] - Object 'Object Repository/AdminSuiteBootstrap_Pages/VT_Bootstrap/Receipt/button_Continue' is visible

2022-06-30 22:47:19 - [TEST_STEP][PASSED] - verifyElementPresent(findTestObject("Object Repository/AdminSuiteBootstrap_Pages/VT_Bootstrap/Receipt/button_Continue"), 20): Object 'Object Repository/AdminSuiteBootstrap_Pages/VT_Bootstrap/Receipt/button_Continue' is present

2022-06-30 22:47:19 - [MESSAGE][PASSED] - Object 'Object Repository/AdminSuiteBootstrap_Pages/VT_Bootstrap/Receipt/button_Continue' is present

2022-06-30 22:47:19 - [TEST_STEP][PASSED] - verifyElementVisible(findTestObject("Object Repository/AdminSuiteBootstrap_Pages/VT_Bootstrap/Receipt/button_Print")): Object 'Object Repository/AdminSuiteBootstrap_Pages/VT_Bootstrap/Receipt/button_Print' is visible

2022-06-30 22:47:20 - [MESSAGE][PASSED] - Object 'Object Repository/AdminSuiteBootstrap_Pages/VT_Bootstrap/Receipt/button_Print' is visible

2022-06-30 22:47:20 - [TEST_STEP][PASSED] - verifyElementPresent(findTestObject("Object Repository/AdminSuiteBootstrap_Pages/VT_Bootstrap/Receipt/button_Print"), 20): Object 'Object Repository/AdminSuiteBootstrap_Pages/VT_Bootstrap/Receipt/button_Print' is present

2022-06-30 22:47:20 - [MESSAGE][PASSED] - Object 'Object Repository/AdminSuiteBootstrap_Pages/VT_Bootstrap/Receipt/button_Print' is present

2022-06-30 22:47:20 - [TEST_STEP][PASSED] - verifyTextPresent("Remittance ID", true): Text 'Remittance ID' is present on page  using regular expression

2022-06-30 22:47:21 - [MESSAGE][PASSED] - Text 'Remittance ID' is present on page  using regular expression

2022-06-30 22:47:21 - [TEST_STEP][PASSED] - verifyTextPresent("Received", true): Text 'Received' is present on page  using regular expression

2022-06-30 22:47:21 - [MESSAGE][PASSED] - Text 'Received' is present on page  using regular expression

2022-06-30 22:47:21 - [TEST_STEP][PASSED] - verifyTextPresent("UDF1", true): Text 'UDF1' is present on page  using regular expression

2022-06-30 22:47:21 - [MESSAGE][PASSED] - Text 'UDF1' is present on page  using regular expression

2022-06-30 22:47:21 - [TEST_STEP][PASSED] - verifyTextPresent("UDF2", true): Text 'UDF2' is present on page  using regular expression

2022-06-30 22:47:22 - [MESSAGE][PASSED] - Text 'UDF2' is present on page  using regular expression

2022-06-30 22:47:22 - [TEST_STEP][PASSED] - verifyTextPresent("UDF3", true): Text 'UDF3' is present on page  using regular expression

2022-06-30 22:47:22 - [MESSAGE][PASSED] - Text 'UDF3' is present on page  using regular expression

2022-06-30 22:47:22 - [TEST_STEP][PASSED] - verifyTextPresent("UDF4", true): Text 'UDF4' is present on page  using regular expression

2022-06-30 22:47:22 - [MESSAGE][PASSED] - Text 'UDF4' is present on page  using regular expression

2022-06-30 22:47:22 - [TEST_STEP][PASSED] - verifyTextPresent("UDF5", true): Text 'UDF5' is present on page  using regular expression

2022-06-30 22:47:23 - [MESSAGE][PASSED] - Text 'UDF5' is present on page  using regular expression

2022-06-30 22:47:23 - [TEST_STEP][PASSED] - verifyTextPresent("UDF6", true): Text 'UDF6' is present on page  using regular expression

2022-06-30 22:47:23 - [MESSAGE][PASSED] - Text 'UDF6' is present on page  using regular expression

2022-06-30 22:47:23 - [TEST_STEP][PASSED] - verifyTextPresent("UDF7", true): Text 'UDF7' is present on page  using regular expression

2022-06-30 22:47:23 - [MESSAGE][PASSED] - Text 'UDF7' is present on page  using regular expression

2022-06-30 22:47:23 - [TEST_STEP][PASSED] - verifyTextPresent("UDF8", true): Text 'UDF8' is present on page  using regular expression

2022-06-30 22:47:24 - [MESSAGE][PASSED] - Text 'UDF8' is present on page  using regular expression

2022-06-30 22:47:24 - [TEST_STEP][PASSED] - verifyTextPresent("UDF9", true): Text 'UDF9' is present on page  using regular expression

2022-06-30 22:47:24 - [MESSAGE][PASSED] - Text 'UDF9' is present on page  using regular expression

2022-06-30 22:47:24 - [TEST_STEP][PASSED] - verifyTextPresent("UDF 10", true): Text 'UDF 10' is present on page  using regular expression

2022-06-30 22:47:24 - [MESSAGE][PASSED] - Text 'UDF 10' is present on page  using regular expression

2022-06-30 22:47:24 - [TEST_STEP][PASSED] - verifyTextPresent("Delhi", true): Text 'Delhi' is present on page  using regular expression

2022-06-30 22:47:25 - [MESSAGE][PASSED] - Text 'Delhi' is present on page  using regular expression

2022-06-30 22:47:25 - [TEST_STEP][PASSED] - verifyTextPresent("Chennai", true): Text 'Chennai' is present on page  using regular expression

2022-06-30 22:47:25 - [MESSAGE][PASSED] - Text 'Chennai' is present on page  using regular expression

2022-06-30 22:47:25 - [TEST_STEP][PASSED] - verifyTextPresent("Mumbai", true): Text 'Mumbai' is present on page  using regular expression

2022-06-30 22:47:25 - [MESSAGE][PASSED] - Text 'Mumbai' is present on page  using regular expression

2022-06-30 22:47:25 - [TEST_STEP][PASSED] - verifyTextPresent("Kanpur", true): Text 'Kanpur' is present on page  using regular expression

2022-06-30 22:47:25 - [MESSAGE][PASSED] - Text 'Kanpur' is present on page  using regular expression

2022-06-30 22:47:25 - [TEST_STEP][PASSED] - verifyTextPresent("Orange Recorded", true): Text 'Orange Recorded' is present on page  using regular expression

2022-06-30 22:47:26 - [MESSAGE][PASSED] - Text 'Orange Recorded' is present on page  using regular expression

2022-06-30 22:47:26 - [TEST_STEP][PASSED] - verifyTextPresent("Yellow Recorded", true): Text 'Yellow Recorded' is present on page  using regular expression

2022-06-30 22:47:26 - [MESSAGE][PASSED] - Text 'Yellow Recorded' is present on page  using regular expression

2022-06-30 22:47:26 - [TEST_STEP][PASSED] - verifyTextPresent("Kolkata", true): Text 'Kolkata' is present on page  using regular expression

2022-06-30 22:47:26 - [MESSAGE][PASSED] - Text 'Kolkata' is present on page  using regular expression

2022-06-30 22:47:26 - [TEST_STEP][PASSED] - verifyTextPresent("Pune", true): Text 'Pune' is present on page  using regular expression

2022-06-30 22:47:27 - [MESSAGE][PASSED] - Text 'Pune' is present on page  using regular expression

2022-06-30 22:47:27 - [TEST_STEP][PASSED] - verifyTextPresent("Bhavnagar", true): Text 'Bhavnagar' is present on page  using regular expression

2022-06-30 22:47:27 - [MESSAGE][PASSED] - Text 'Bhavnagar' is present on page  using regular expression

2022-06-30 22:47:27 - [TEST_STEP][PASSED] - verifyTextPresent("Noida", true): Text 'Noida' is present on page  using regular expression

2022-06-30 22:47:27 - [MESSAGE][PASSED] - Text 'Noida' is present on page  using regular expression

2022-06-30 22:47:27 - [TEST_STEP][PASSED] - verifyTextPresent("Amount", true): Text 'Amount' is present on page  using regular expression

2022-06-30 22:47:28 - [MESSAGE][PASSED] - Text 'Amount' is present on page  using regular expression

2022-06-30 22:47:28 - [TEST_STEP][PASSED] - verifyTextPresent("2.50", true): Text '2.50' is present on page  using regular expression

2022-06-30 22:47:28 - [MESSAGE][PASSED] - Text '2.50' is present on page  using regular expression

2022-06-30 22:47:28 - [TEST_STEP][PASSED] - verifyTextPresent("Transaction Type", true): Text 'Transaction Type' is present on page  using regular expression

2022-06-30 22:47:28 - [MESSAGE][PASSED] - Text 'Transaction Type' is present on page  using regular expression

2022-06-30 22:47:28 - [TEST_STEP][PASSED] - verifyTextPresent("Debit", true): Text 'Debit' is present on page  using regular expression

2022-06-30 22:47:29 - [MESSAGE][PASSED] - Text 'Debit' is present on page  using regular expression

2022-06-30 22:47:29 - [TEST_STEP][PASSED] - verifyTextPresent("Check Information", true): Text 'Check Information' is present on page  using regular expression

2022-06-30 22:47:29 - [MESSAGE][PASSED] - Text 'Check Information' is present on page  using regular expression

2022-06-30 22:47:29 - [TEST_STEP][PASSED] - verifyTextPresent("Account Type", true): Text 'Account Type' is present on page  using regular expression

2022-06-30 22:47:29 - [MESSAGE][PASSED] - Text 'Account Type' is present on page  using regular expression

2022-06-30 22:47:29 - [TEST_STEP][PASSED] - verifyTextPresent("Account Number", true): Text 'Account Number' is present on page  using regular expression

2022-06-30 22:47:30 - [MESSAGE][PASSED] - Text 'Account Number' is present on page  using regular expression

2022-06-30 22:47:30 - [TEST_STEP][PASSED] - verifyTextPresent("Routing Number", true): Text 'Routing Number' is present on page  using regular expression

2022-06-30 22:47:30 - [MESSAGE][PASSED] - Text 'Routing Number' is present on page  using regular expression

2022-06-30 22:47:30 - [TEST_STEP][PASSED] - verifyTextPresent("Address Line 1", true): Text 'Address Line 1' is present on page  using regular expression

2022-06-30 22:47:30 - [MESSAGE][PASSED] - Text 'Address Line 1' is present on page  using regular expression

2022-06-30 22:47:30 - [TEST_STEP][PASSED] - verifyTextPresent("Address Line 2", true): Text 'Address Line 2' is present on page  using regular expression

2022-06-30 22:47:30 - [MESSAGE][PASSED] - Text 'Address Line 2' is present on page  using regular expression

2022-06-30 22:47:30 - [TEST_STEP][PASSED] - verifyTextPresent("Country", true): Text 'Country' is present on page  using regular expression

2022-06-30 22:47:31 - [MESSAGE][PASSED] - Text 'Country' is present on page  using regular expression

2022-06-30 22:47:31 - [TEST_STEP][PASSED] - verifyTextPresent("City", true): Text 'City' is present on page  using regular expression

2022-06-30 22:47:31 - [MESSAGE][PASSED] - Text 'City' is present on page  using regular expression

2022-06-30 22:47:31 - [TEST_STEP][PASSED] - verifyTextPresent("State", true): Text 'State' is present on page  using regular expression

2022-06-30 22:47:31 - [MESSAGE][PASSED] - Text 'State' is present on page  using regular expression

2022-06-30 22:47:31 - [TEST_STEP][PASSED] - verifyTextPresent("ZIP Code", true): Text 'ZIP Code' is present on page  using regular expression

2022-06-30 22:47:32 - [MESSAGE][PASSED] - Text 'ZIP Code' is present on page  using regular expression

2022-06-30 22:47:32 - [TEST_STEP][PASSED] - verifyTextPresent("248 PhoolKaante road", true): Text '248 PhoolKaante road' is present on page  using regular expression

2022-06-30 22:47:32 - [MESSAGE][PASSED] - Text '248 PhoolKaante road' is present on page  using regular expression

2022-06-30 22:47:32 - [TEST_STEP][PASSED] - verifyTextPresent("Suite 678", true): Text 'Suite 678' is present on page  using regular expression

2022-06-30 22:47:32 - [MESSAGE][PASSED] - Text 'Suite 678' is present on page  using regular expression

2022-06-30 22:47:32 - [TEST_STEP][PASSED] - verifyTextPresent("United States", true): Text 'United States' is present on page  using regular expression

2022-06-30 22:47:33 - [MESSAGE][PASSED] - Text 'United States' is present on page  using regular expression

2022-06-30 22:47:33 - [TEST_STEP][PASSED] - verifyTextPresent("ARLINGTON", true): Text 'ARLINGTON' is present on page  using regular expression

2022-06-30 22:47:33 - [MESSAGE][PASSED] - Text 'ARLINGTON' is present on page  using regular expression

2022-06-30 22:47:33 - [TEST_STEP][PASSED] - verifyTextPresent("Virginia", true): Text 'Virginia' is present on page  using regular expression

2022-06-30 22:47:33 - [MESSAGE][PASSED] - Text 'Virginia' is present on page  using regular expression

2022-06-30 22:47:33 - [TEST_STEP][PASSED] - verifyTextPresent("22201", true): Text '22201' is present on page  using regular expression

2022-06-30 22:47:34 - [MESSAGE][PASSED] - Text '22201' is present on page  using regular expression

2022-06-30 22:47:34 - [TEST_STEP][PASSED] - tranType = findTestData(dataFile).getValue("TranType", row): null

2022-06-30 22:47:34 - [TEST_STEP][PASSED] - last4V = findTestData(dataFile).getValue("Last4", row): null

2022-06-30 22:47:34 - [TEST_STEP][PASSED] - verifyTextPresent(tranType, true): Text 'Checking' is present on page  using regular expression

2022-06-30 22:47:34 - [MESSAGE][PASSED] - Text 'Checking' is present on page  using regular expression

2022-06-30 22:47:34 - [TEST_STEP][PASSED] - verifyTextPresent(last4V, true): Text '2222' is present on page  using regular expression

2022-06-30 22:47:34 - [MESSAGE][PASSED] - Text '2222' is present on page  using regular expression

2022-06-30 22:47:34 - [TEST_STEP][PASSED] - if (profNameLink.equalsIgnoreCase("a_PaymentsPC")): Text 'TANDON RAVENA' is present on page  using regular expression

2022-06-30 22:47:34 - [TEST_STEP][PASSED] - verifyTextPresent("Name on Account", true): Text 'Name on Account' is present on page  using regular expression

2022-06-30 22:47:35 - [MESSAGE][PASSED] - Text 'Name on Account' is present on page  using regular expression

2022-06-30 22:47:35 - [TEST_STEP][PASSED] - verifyTextPresent("TANDON RAVENA", true): Text 'TANDON RAVENA' is present on page  using regular expression

2022-06-30 22:47:35 - [MESSAGE][PASSED] - Text 'TANDON RAVENA' is present on page  using regular expression

2022-06-30 22:47:35 - [TEST_STEP][PASSED] - if (profNameLink.equalsIgnoreCase("a_PaymentsPS")): null

2022-06-30 22:47:35 - [TEST_STEP][PASSED] - if (profNameLink.equalsIgnoreCase("a_PaymentsCorp")): null

2022-06-30 22:47:35 - [TEST_STEP][PASSED] - switch (appName): null

2022-06-30 22:47:35 - [TEST_STEP][PASSED] - case "a_Access AutoDualCFtpQA":: null

2022-06-30 22:47:35 - [TEST_STEP][PASSED] - verifyTextPresent("5.00", true): Text '5.00' is present on page  using regular expression

2022-06-30 22:47:35 - [MESSAGE][PASSED] - Text '5.00' is present on page  using regular expression

2022-06-30 22:47:35 - [TEST_STEP][PASSED] - verifyTextPresent("Dual Transaction", true): Text 'Dual Transaction' is present on page  using regular expression

2022-06-30 22:47:36 - [MESSAGE][PASSED] - Text 'Dual Transaction' is present on page  using regular expression

2022-06-30 22:47:36 - [TEST_STEP][PASSED] - verifyTextPresent("7.50", true): Text '7.50' is present on page  using regular expression

2022-06-30 22:47:36 - [MESSAGE][PASSED] - Text '7.50' is present on page  using regular expression

2022-06-30 22:47:36 - [TEST_STEP][PASSED] - verifyTextPresent("Total Amount", true): Text 'Total Amount' is present on page  using regular expression

2022-06-30 22:47:36 - [MESSAGE][PASSED] - Text 'Total Amount' is present on page  using regular expression

2022-06-30 22:47:36 - [TEST_STEP][PASSED] - verifyTextPresent("Transaction Type", true): Text 'Transaction Type' is present on page  using regular expression

2022-06-30 22:47:36 - [MESSAGE][PASSED] - Text 'Transaction Type' is present on page  using regular expression

2022-06-30 22:47:36 - [TEST_STEP][PASSED] - break: null

2022-06-30 22:47:36 - [TEST_STEP][PASSED] - closeBrowser(): Browser is closed

2022-06-30 22:47:37 - [MESSAGE][PASSED] - Browser is closed

2022-06-30 22:47:37 - [TEST_STEP][PASSED] - ExecuteTC = findTestData(dataFile).getValue("Execute", row): null

2022-06-30 22:47:38 - [TEST_STEP][PASSED] - out.println("Value of Execute is : " + ExecuteTC): null

2022-06-30 22:47:38 - [TEST_STEP][PASSED] - switch (executionProfile): null

2022-06-30 22:47:38 - [TEST_STEP][PASSED] - case "QAProfile":: null

2022-06-30 22:47:38 - [TEST_STEP][PASSED] - appName = findTestData(dataFile).getValue("AppNameQA", row): null

2022-06-30 22:47:38 - [TEST_STEP][PASSED] - appID = findTestData(dataFile).getValue("AppIDQA", row): null

2022-06-30 22:47:38 - [TEST_STEP][PASSED] - break: null

2022-06-30 22:47:38 - [TEST_STEP][PASSED] - if (ExecuteTC.equalsIgnoreCase("Y")): null

2022-06-30 22:47:38 - [TEST_STEP][PASSED] - out.println("Begin Record Number: " + row): null

2022-06-30 22:47:38 - [TEST_STEP][PASSED] - today = new java.util.Date(): null

2022-06-30 22:47:38 - [TEST_STEP][PASSED] - println(today): null

2022-06-30 22:47:38 - [TEST_STEP][PASSED] - datText = today: null

2022-06-30 22:47:38 - [TEST_STEP][PASSED] - adminSuiteBootstrap.loginFunctionality.login_AdminSuite(): adminSuiteBootstrap.loginFunctionality.login_AdminSuite is PASSED

2022-06-30 22:47:38 - [MESSAGE][INFO] - Starting 'Chrome' driver

2022-06-30 22:47:38 - [MESSAGE][INFO] - User set preference: ['acceptInsecureCerts', 'true']

2022-06-30 22:47:38 - [MESSAGE][INFO] - Action delay is set to 0 milliseconds

2022-06-30 22:47:42 - [MESSAGE][PASSED] - Browser is opened with url: 'https://qa.velocitypayment.com/admin/imtiaz'

2022-06-30 22:47:43 - [MESSAGE][PASSED] - Current window maximized

2022-06-30 22:47:43 - [MESSAGE][PASSED] - Object 'Object Repository/Login_Page/Login_Username' is present

2022-06-30 22:47:44 - [MESSAGE][PASSED] - Text 'iahmed' is set on object 'Object Repository/Login_Page/Login_Username'

2022-06-30 22:47:44 - [MESSAGE][PASSED] - Text 'hello2222' is set on object 'Object Repository/Login_Page/Login_Password'

2022-06-30 22:47:48 - [MESSAGE][PASSED] - Object: 'Object Repository/Login_Page/Login_Submit' is clicked on

2022-06-30 22:47:48 - [MESSAGE][PASSED] - adminSuiteBootstrap.loginFunctionality.login_AdminSuite is PASSED

2022-06-30 22:47:48 - [TEST_STEP][PASSED] - click(findTestObject(path_Dashboard + appName)): Object: 'Object Repository/AdminSuiteBootstrap_Pages/Dashboard_Bootstrap/a_Access AutoDualCFtpQA' is clicked on

2022-06-30 22:47:49 - [MESSAGE][PASSED] - Object: 'Object Repository/AdminSuiteBootstrap_Pages/Dashboard_Bootstrap/a_Access AutoDualCFtpQA' is clicked on

2022-06-30 22:47:49 - [TEST_STEP][PASSED] - click(findTestObject(path_VT + "a_Find Profile")): Object: 'Object Repository/AdminSuiteBootstrap_Pages/VT_Bootstrap/IssueTransactions/a_Find Profile' is clicked on

2022-06-30 22:47:50 - [MESSAGE][PASSED] - Object: 'Object Repository/AdminSuiteBootstrap_Pages/VT_Bootstrap/IssueTransactions/a_Find Profile' is clicked on

2022-06-30 22:47:50 - [TEST_STEP][PASSED] - criteria = <not implemented yet for class: org.codehaus.groovy.ast.expr.EmptyExpression>: null

2022-06-30 22:47:50 - [TEST_STEP][PASSED] - searchBy = <not implemented yet for class: org.codehaus.groovy.ast.expr.EmptyExpression>: null

2022-06-30 22:47:50 - [TEST_STEP][PASSED] - criteria = findTestData(dataFile).getValue("ProfileName", row): null

2022-06-30 22:47:50 - [TEST_STEP][PASSED] - path_SearchProfile = "Object Repository/AdminSuiteBootstrap_Pages/VSP_Bootstrap/SearchProfile/": null

2022-06-30 22:47:50 - [TEST_STEP][PASSED] - setText(findTestObject(path_SearchProfile + "input_Criteria"), criteria): Text 'PaymentsPS' is set on object 'Object Repository/AdminSuiteBootstrap_Pages/VSP_Bootstrap/SearchProfile/input_Criteria'

2022-06-30 22:47:50 - [MESSAGE][PASSED] - Text 'PaymentsPS' is set on object 'Object Repository/AdminSuiteBootstrap_Pages/VSP_Bootstrap/SearchProfile/input_Criteria'

2022-06-30 22:47:50 - [TEST_STEP][PASSED] - click(findTestObject(path_SearchProfile + "button_Search")): Object: 'Object Repository/AdminSuiteBootstrap_Pages/VSP_Bootstrap/SearchProfile/button_Search' is clicked on

2022-06-30 22:47:52 - [MESSAGE][PASSED] - Object: 'Object Repository/AdminSuiteBootstrap_Pages/VSP_Bootstrap/SearchProfile/button_Search' is clicked on

2022-06-30 22:47:52 - [TEST_STEP][PASSED] - profNameLink = findTestData(dataFile).getValue("ProfileNameLink", row): null

2022-06-30 22:47:52 - [TEST_STEP][PASSED] - click(findTestObject(path_ViewProfile + profNameLink)): Object: 'Object Repository/AdminSuiteBootstrap_Pages/VSP_Bootstrap/View Profile/a_PaymentsPS' is clicked on

2022-06-30 22:47:53 - [MESSAGE][PASSED] - Object: 'Object Repository/AdminSuiteBootstrap_Pages/VSP_Bootstrap/View Profile/a_PaymentsPS' is clicked on

2022-06-30 22:47:53 - [TEST_STEP][PASSED] - click(findTestObject(path_ViewProfile + "a_Debit")): Object: 'Object Repository/AdminSuiteBootstrap_Pages/VSP_Bootstrap/View Profile/a_Debit' is clicked on

2022-06-30 22:47:55 - [MESSAGE][PASSED] - Object: 'Object Repository/AdminSuiteBootstrap_Pages/VSP_Bootstrap/View Profile/a_Debit' is clicked on

2022-06-30 22:47:55 - [TEST_STEP][PASSED] - verifyTextPresent("Remittance ID", true): Text 'Remittance ID' is present on page  using regular expression

2022-06-30 22:47:55 - [MESSAGE][PASSED] - Text 'Remittance ID' is present on page  using regular expression

2022-06-30 22:47:55 - [TEST_STEP][PASSED] - vspBootstrap.ACHDebitPage.setDataACHDebit(row, dataFile): vspBootstrap.ACHDebitPage.setDataACHDebit is PASSED

2022-06-30 22:47:57 - [MESSAGE][PASSED] - All options with value 'PPD' are selected in object 'Object Repository/AdminSuiteBootstrap_Pages/VSP_Bootstrap/VSP_Debit/select_StdEntryClass'  using regular expression

2022-06-30 22:47:57 - [MESSAGE][PASSED] - Text '' is set on object 'Object Repository/AdminSuiteBootstrap_Pages/VSP_Bootstrap/VSP_Debit/input_smsNumber'

2022-06-30 22:47:58 - [MESSAGE][PASSED] - Text '2.50' is set on object 'Object Repository/AdminSuiteBootstrap_Pages/VSP_Bootstrap/VSP_Debit/input_amount'

2022-06-30 22:47:59 - [MESSAGE][PASSED] - Text 'Delhi' is set on object 'Object Repository/AdminSuiteBootstrap_Pages/VSP_Bootstrap/VSP_Debit/input_userDefined1'

2022-06-30 22:48:00 - [MESSAGE][PASSED] - Text 'Chennai' is set on object 'Object Repository/AdminSuiteBootstrap_Pages/VSP_Bootstrap/VSP_Debit/input_userDefined2'

2022-06-30 22:48:01 - [MESSAGE][PASSED] - Text 'Mumbai' is set on object 'Object Repository/AdminSuiteBootstrap_Pages/VSP_Bootstrap/VSP_Debit/input_userDefined3'

2022-06-30 22:48:01 - [MESSAGE][PASSED] - Text 'Kanpur' is set on object 'Object Repository/AdminSuiteBootstrap_Pages/VSP_Bootstrap/VSP_Debit/input_userDefined4'

2022-06-30 22:48:02 - [MESSAGE][PASSED] - All options with label 'Orange' are selected in object 'Object Repository/AdminSuiteBootstrap_Pages/VSP_Bootstrap/VSP_Debit/select_UDF5'  using regular expression

2022-06-30 22:48:03 - [MESSAGE][PASSED] - All options with label 'Yellow' are selected in object 'Object Repository/AdminSuiteBootstrap_Pages/VSP_Bootstrap/VSP_Debit/select_UDF6'  using regular expression

2022-06-30 22:48:04 - [MESSAGE][PASSED] - Text 'Kolkata' is set on object 'Object Repository/AdminSuiteBootstrap_Pages/VSP_Bootstrap/VSP_Debit/input_userDefined7'

2022-06-30 22:48:04 - [MESSAGE][PASSED] - Text 'Pune' is set on object 'Object Repository/AdminSuiteBootstrap_Pages/VSP_Bootstrap/VSP_Debit/input_userDefined8'

2022-06-30 22:48:05 - [MESSAGE][PASSED] - Text 'Bhavnagar' is set on object 'Object Repository/AdminSuiteBootstrap_Pages/VSP_Bootstrap/VSP_Debit/input_userDefined9'

2022-06-30 22:48:06 - [MESSAGE][PASSED] - Text 'Noida' is set on object 'Object Repository/AdminSuiteBootstrap_Pages/VSP_Bootstrap/VSP_Debit/input_userDefined10'

2022-06-30 22:48:08 - [MESSAGE][PASSED] - Object: 'Object Repository/AdminSuiteBootstrap_Pages/VSP_Bootstrap/VSP_Debit/button_Submit' is clicked on

2022-06-30 22:48:08 - [MESSAGE][PASSED] - vspBootstrap.ACHDebitPage.setDataACHDebit is PASSED

2022-06-30 22:48:08 - [TEST_STEP][PASSED] - verifyTextPresent("Transaction Successful", true): Text 'Transaction Successful' is present on page  using regular expression

2022-06-30 22:48:08 - [MESSAGE][PASSED] - Text 'Transaction Successful' is present on page  using regular expression

2022-06-30 22:48:08 - [TEST_STEP][PASSED] - verifyElementVisible(findTestObject("Object Repository/AdminSuiteBootstrap_Pages/VT_Bootstrap/Receipt/button_Continue")): Object 'Object Repository/AdminSuiteBootstrap_Pages/VT_Bootstrap/Receipt/button_Continue' is visible

2022-06-30 22:48:09 - [MESSAGE][PASSED] - Object 'Object Repository/AdminSuiteBootstrap_Pages/VT_Bootstrap/Receipt/button_Continue' is visible

2022-06-30 22:48:09 - [TEST_STEP][PASSED] - verifyElementPresent(findTestObject("Object Repository/AdminSuiteBootstrap_Pages/VT_Bootstrap/Receipt/button_Continue"), 20): Object 'Object Repository/AdminSuiteBootstrap_Pages/VT_Bootstrap/Receipt/button_Continue' is present

2022-06-30 22:48:09 - [MESSAGE][PASSED] - Object 'Object Repository/AdminSuiteBootstrap_Pages/VT_Bootstrap/Receipt/button_Continue' is present

2022-06-30 22:48:09 - [TEST_STEP][PASSED] - verifyElementVisible(findTestObject("Object Repository/AdminSuiteBootstrap_Pages/VT_Bootstrap/Receipt/button_Print")): Object 'Object Repository/AdminSuiteBootstrap_Pages/VT_Bootstrap/Receipt/button_Print' is visible

2022-06-30 22:48:09 - [MESSAGE][PASSED] - Object 'Object Repository/AdminSuiteBootstrap_Pages/VT_Bootstrap/Receipt/button_Print' is visible

2022-06-30 22:48:09 - [TEST_STEP][PASSED] - verifyElementPresent(findTestObject("Object Repository/AdminSuiteBootstrap_Pages/VT_Bootstrap/Receipt/button_Print"), 20): Object 'Object Repository/AdminSuiteBootstrap_Pages/VT_Bootstrap/Receipt/button_Print' is present

2022-06-30 22:48:10 - [MESSAGE][PASSED] - Object 'Object Repository/AdminSuiteBootstrap_Pages/VT_Bootstrap/Receipt/button_Print' is present

2022-06-30 22:48:10 - [TEST_STEP][PASSED] - verifyTextPresent("Remittance ID", true): Text 'Remittance ID' is present on page  using regular expression

2022-06-30 22:48:10 - [MESSAGE][PASSED] - Text 'Remittance ID' is present on page  using regular expression

2022-06-30 22:48:10 - [TEST_STEP][PASSED] - verifyTextPresent("Received", true): Text 'Received' is present on page  using regular expression

2022-06-30 22:48:10 - [MESSAGE][PASSED] - Text 'Received' is present on page  using regular expression

2022-06-30 22:48:10 - [TEST_STEP][PASSED] - verifyTextPresent("UDF1", true): Text 'UDF1' is present on page  using regular expression

2022-06-30 22:48:11 - [MESSAGE][PASSED] - Text 'UDF1' is present on page  using regular expression

2022-06-30 22:48:11 - [TEST_STEP][PASSED] - verifyTextPresent("UDF2", true): Text 'UDF2' is present on page  using regular expression

2022-06-30 22:48:11 - [MESSAGE][PASSED] - Text 'UDF2' is present on page  using regular expression

2022-06-30 22:48:11 - [TEST_STEP][PASSED] - verifyTextPresent("UDF3", true): Text 'UDF3' is present on page  using regular expression

2022-06-30 22:48:11 - [MESSAGE][PASSED] - Text 'UDF3' is present on page  using regular expression

2022-06-30 22:48:11 - [TEST_STEP][PASSED] - verifyTextPresent("UDF4", true): Text 'UDF4' is present on page  using regular expression

2022-06-30 22:48:12 - [MESSAGE][PASSED] - Text 'UDF4' is present on page  using regular expression

2022-06-30 22:48:12 - [TEST_STEP][PASSED] - verifyTextPresent("UDF5", true): Text 'UDF5' is present on page  using regular expression

2022-06-30 22:48:12 - [MESSAGE][PASSED] - Text 'UDF5' is present on page  using regular expression

2022-06-30 22:48:12 - [TEST_STEP][PASSED] - verifyTextPresent("UDF6", true): Text 'UDF6' is present on page  using regular expression

2022-06-30 22:48:12 - [MESSAGE][PASSED] - Text 'UDF6' is present on page  using regular expression

2022-06-30 22:48:12 - [TEST_STEP][PASSED] - verifyTextPresent("UDF7", true): Text 'UDF7' is present on page  using regular expression

2022-06-30 22:48:12 - [MESSAGE][PASSED] - Text 'UDF7' is present on page  using regular expression

2022-06-30 22:48:12 - [TEST_STEP][PASSED] - verifyTextPresent("UDF8", true): Text 'UDF8' is present on page  using regular expression

2022-06-30 22:48:13 - [MESSAGE][PASSED] - Text 'UDF8' is present on page  using regular expression

2022-06-30 22:48:13 - [TEST_STEP][PASSED] - verifyTextPresent("UDF9", true): Text 'UDF9' is present on page  using regular expression

2022-06-30 22:48:13 - [MESSAGE][PASSED] - Text 'UDF9' is present on page  using regular expression

2022-06-30 22:48:13 - [TEST_STEP][PASSED] - verifyTextPresent("UDF 10", true): Text 'UDF 10' is present on page  using regular expression

2022-06-30 22:48:13 - [MESSAGE][PASSED] - Text 'UDF 10' is present on page  using regular expression

2022-06-30 22:48:13 - [TEST_STEP][PASSED] - verifyTextPresent("Delhi", true): Text 'Delhi' is present on page  using regular expression

2022-06-30 22:48:14 - [MESSAGE][PASSED] - Text 'Delhi' is present on page  using regular expression

2022-06-30 22:48:14 - [TEST_STEP][PASSED] - verifyTextPresent("Chennai", true): Text 'Chennai' is present on page  using regular expression

2022-06-30 22:48:14 - [MESSAGE][PASSED] - Text 'Chennai' is present on page  using regular expression

2022-06-30 22:48:14 - [TEST_STEP][PASSED] - verifyTextPresent("Mumbai", true): Text 'Mumbai' is present on page  using regular expression

2022-06-30 22:48:14 - [MESSAGE][PASSED] - Text 'Mumbai' is present on page  using regular expression

2022-06-30 22:48:14 - [TEST_STEP][PASSED] - verifyTextPresent("Kanpur", true): Text 'Kanpur' is present on page  using regular expression

2022-06-30 22:48:15 - [MESSAGE][PASSED] - Text 'Kanpur' is present on page  using regular expression

2022-06-30 22:48:15 - [TEST_STEP][PASSED] - verifyTextPresent("Orange Recorded", true): Text 'Orange Recorded' is present on page  using regular expression

2022-06-30 22:48:15 - [MESSAGE][PASSED] - Text 'Orange Recorded' is present on page  using regular expression

2022-06-30 22:48:15 - [TEST_STEP][PASSED] - verifyTextPresent("Yellow Recorded", true): Text 'Yellow Recorded' is present on page  using regular expression

2022-06-30 22:48:15 - [MESSAGE][PASSED] - Text 'Yellow Recorded' is present on page  using regular expression

2022-06-30 22:48:15 - [TEST_STEP][PASSED] - verifyTextPresent("Kolkata", true): Text 'Kolkata' is present on page  using regular expression

2022-06-30 22:48:16 - [MESSAGE][PASSED] - Text 'Kolkata' is present on page  using regular expression

2022-06-30 22:48:16 - [TEST_STEP][PASSED] - verifyTextPresent("Pune", true): Text 'Pune' is present on page  using regular expression

2022-06-30 22:48:16 - [MESSAGE][PASSED] - Text 'Pune' is present on page  using regular expression

2022-06-30 22:48:16 - [TEST_STEP][PASSED] - verifyTextPresent("Bhavnagar", true): Text 'Bhavnagar' is present on page  using regular expression

2022-06-30 22:48:16 - [MESSAGE][PASSED] - Text 'Bhavnagar' is present on page  using regular expression

2022-06-30 22:48:16 - [TEST_STEP][PASSED] - verifyTextPresent("Noida", true): Text 'Noida' is present on page  using regular expression

2022-06-30 22:48:17 - [MESSAGE][PASSED] - Text 'Noida' is present on page  using regular expression

2022-06-30 22:48:17 - [TEST_STEP][PASSED] - verifyTextPresent("Amount", true): Text 'Amount' is present on page  using regular expression

2022-06-30 22:48:17 - [MESSAGE][PASSED] - Text 'Amount' is present on page  using regular expression

2022-06-30 22:48:17 - [TEST_STEP][PASSED] - verifyTextPresent("2.50", true): Text '2.50' is present on page  using regular expression

2022-06-30 22:48:17 - [MESSAGE][PASSED] - Text '2.50' is present on page  using regular expression

2022-06-30 22:48:17 - [TEST_STEP][PASSED] - verifyTextPresent("Transaction Type", true): Text 'Transaction Type' is present on page  using regular expression

2022-06-30 22:48:18 - [MESSAGE][PASSED] - Text 'Transaction Type' is present on page  using regular expression

2022-06-30 22:48:18 - [TEST_STEP][PASSED] - verifyTextPresent("Debit", true): Text 'Debit' is present on page  using regular expression

2022-06-30 22:48:18 - [MESSAGE][PASSED] - Text 'Debit' is present on page  using regular expression

2022-06-30 22:48:18 - [TEST_STEP][PASSED] - verifyTextPresent("Check Information", true): Text 'Check Information' is present on page  using regular expression

2022-06-30 22:48:18 - [MESSAGE][PASSED] - Text 'Check Information' is present on page  using regular expression

2022-06-30 22:48:18 - [TEST_STEP][PASSED] - verifyTextPresent("Account Type", true): Text 'Account Type' is present on page  using regular expression

2022-06-30 22:48:19 - [MESSAGE][PASSED] - Text 'Account Type' is present on page  using regular expression

2022-06-30 22:48:19 - [TEST_STEP][PASSED] - verifyTextPresent("Account Number", true): Text 'Account Number' is present on page  using regular expression

2022-06-30 22:48:19 - [MESSAGE][PASSED] - Text 'Account Number' is present on page  using regular expression

2022-06-30 22:48:19 - [TEST_STEP][PASSED] - verifyTextPresent("Routing Number", true): Text 'Routing Number' is present on page  using regular expression

2022-06-30 22:48:19 - [MESSAGE][PASSED] - Text 'Routing Number' is present on page  using regular expression

2022-06-30 22:48:19 - [TEST_STEP][PASSED] - verifyTextPresent("Address Line 1", true): Text 'Address Line 1' is present on page  using regular expression

2022-06-30 22:48:20 - [MESSAGE][PASSED] - Text 'Address Line 1' is present on page  using regular expression

2022-06-30 22:48:20 - [TEST_STEP][PASSED] - verifyTextPresent("Address Line 2", true): Text 'Address Line 2' is present on page  using regular expression

2022-06-30 22:48:20 - [MESSAGE][PASSED] - Text 'Address Line 2' is present on page  using regular expression

2022-06-30 22:48:20 - [TEST_STEP][PASSED] - verifyTextPresent("Country", true): Text 'Country' is present on page  using regular expression

2022-06-30 22:48:20 - [MESSAGE][PASSED] - Text 'Country' is present on page  using regular expression

2022-06-30 22:48:20 - [TEST_STEP][PASSED] - verifyTextPresent("City", true): Text 'City' is present on page  using regular expression

2022-06-30 22:48:21 - [MESSAGE][PASSED] - Text 'City' is present on page  using regular expression

2022-06-30 22:48:21 - [TEST_STEP][PASSED] - verifyTextPresent("State", true): Text 'State' is present on page  using regular expression

2022-06-30 22:48:21 - [MESSAGE][PASSED] - Text 'State' is present on page  using regular expression

2022-06-30 22:48:21 - [TEST_STEP][PASSED] - verifyTextPresent("ZIP Code", true): Text 'ZIP Code' is present on page  using regular expression

2022-06-30 22:48:21 - [MESSAGE][PASSED] - Text 'ZIP Code' is present on page  using regular expression

2022-06-30 22:48:21 - [TEST_STEP][PASSED] - verifyTextPresent("248 PhoolKaante road", true): Text '248 PhoolKaante road' is present on page  using regular expression

2022-06-30 22:48:22 - [MESSAGE][PASSED] - Text '248 PhoolKaante road' is present on page  using regular expression

2022-06-30 22:48:22 - [TEST_STEP][PASSED] - verifyTextPresent("Suite 678", true): Text 'Suite 678' is present on page  using regular expression

2022-06-30 22:48:22 - [MESSAGE][PASSED] - Text 'Suite 678' is present on page  using regular expression

2022-06-30 22:48:22 - [TEST_STEP][PASSED] - verifyTextPresent("United States", true): Text 'United States' is present on page  using regular expression

2022-06-30 22:48:22 - [MESSAGE][PASSED] - Text 'United States' is present on page  using regular expression

2022-06-30 22:48:22 - [TEST_STEP][PASSED] - verifyTextPresent("ARLINGTON", true): Text 'ARLINGTON' is present on page  using regular expression

2022-06-30 22:48:22 - [MESSAGE][PASSED] - Text 'ARLINGTON' is present on page  using regular expression

2022-06-30 22:48:22 - [TEST_STEP][PASSED] - verifyTextPresent("Virginia", true): Text 'Virginia' is present on page  using regular expression

2022-06-30 22:48:23 - [MESSAGE][PASSED] - Text 'Virginia' is present on page  using regular expression

2022-06-30 22:48:23 - [TEST_STEP][PASSED] - verifyTextPresent("22201", true): Text '22201' is present on page  using regular expression

2022-06-30 22:48:23 - [MESSAGE][PASSED] - Text '22201' is present on page  using regular expression

2022-06-30 22:48:23 - [TEST_STEP][PASSED] - tranType = findTestData(dataFile).getValue("TranType", row): null

2022-06-30 22:48:23 - [TEST_STEP][PASSED] - last4V = findTestData(dataFile).getValue("Last4", row): null

2022-06-30 22:48:23 - [TEST_STEP][PASSED] - verifyTextPresent(tranType, true): Text 'Savings' is present on page  using regular expression

2022-06-30 22:48:24 - [MESSAGE][PASSED] - Text 'Savings' is present on page  using regular expression

2022-06-30 22:48:24 - [TEST_STEP][PASSED] - verifyTextPresent(last4V, true): Text '3333' is present on page  using regular expression

2022-06-30 22:48:24 - [MESSAGE][PASSED] - Text '3333' is present on page  using regular expression

2022-06-30 22:48:24 - [TEST_STEP][PASSED] - if (profNameLink.equalsIgnoreCase("a_PaymentsPC")): null

2022-06-30 22:48:24 - [TEST_STEP][PASSED] - if (profNameLink.equalsIgnoreCase("a_PaymentsPS")): Text 'TANDON RAVENA' is present on page  using regular expression

2022-06-30 22:48:24 - [TEST_STEP][PASSED] - verifyTextPresent("Name on Account", true): Text 'Name on Account' is present on page  using regular expression

2022-06-30 22:48:24 - [MESSAGE][PASSED] - Text 'Name on Account' is present on page  using regular expression

2022-06-30 22:48:24 - [TEST_STEP][PASSED] - verifyTextPresent("TANDON RAVENA", true): Text 'TANDON RAVENA' is present on page  using regular expression

2022-06-30 22:48:25 - [MESSAGE][PASSED] - Text 'TANDON RAVENA' is present on page  using regular expression

2022-06-30 22:48:25 - [TEST_STEP][PASSED] - if (profNameLink.equalsIgnoreCase("a_PaymentsCorp")): null

2022-06-30 22:48:25 - [TEST_STEP][PASSED] - switch (appName): null

2022-06-30 22:48:25 - [TEST_STEP][PASSED] - case "a_Access AutoDualCFtpQA":: null

2022-06-30 22:48:25 - [TEST_STEP][PASSED] - verifyTextPresent("5.00", true): Text '5.00' is present on page  using regular expression

2022-06-30 22:48:25 - [MESSAGE][PASSED] - Text '5.00' is present on page  using regular expression

2022-06-30 22:48:25 - [TEST_STEP][PASSED] - verifyTextPresent("Dual Transaction", true): Text 'Dual Transaction' is present on page  using regular expression

2022-06-30 22:48:25 - [MESSAGE][PASSED] - Text 'Dual Transaction' is present on page  using regular expression

2022-06-30 22:48:25 - [TEST_STEP][PASSED] - verifyTextPresent("7.50", true): Text '7.50' is present on page  using regular expression

2022-06-30 22:48:25 - [MESSAGE][PASSED] - Text '7.50' is present on page  using regular expression

2022-06-30 22:48:25 - [TEST_STEP][PASSED] - verifyTextPresent("Total Amount", true): Text 'Total Amount' is present on page  using regular expression

2022-06-30 22:48:26 - [MESSAGE][PASSED] - Text 'Total Amount' is present on page  using regular expression

2022-06-30 22:48:26 - [TEST_STEP][PASSED] - verifyTextPresent("Transaction Type", true): Text 'Transaction Type' is present on page  using regular expression

2022-06-30 22:48:26 - [MESSAGE][PASSED] - Text 'Transaction Type' is present on page  using regular expression

2022-06-30 22:48:26 - [TEST_STEP][PASSED] - break: null

2022-06-30 22:48:26 - [TEST_STEP][PASSED] - closeBrowser(): Browser is closed

2022-06-30 22:48:27 - [MESSAGE][PASSED] - Browser is closed

2022-06-30 22:48:27 - [TEST_STEP][PASSED] - ExecuteTC = findTestData(dataFile).getValue("Execute", row): null

2022-06-30 22:48:27 - [TEST_STEP][PASSED] - out.println("Value of Execute is : " + ExecuteTC): null

2022-06-30 22:48:27 - [TEST_STEP][PASSED] - switch (executionProfile): null

2022-06-30 22:48:27 - [TEST_STEP][PASSED] - case "QAProfile":: null

2022-06-30 22:48:27 - [TEST_STEP][PASSED] - appName = findTestData(dataFile).getValue("AppNameQA", row): null

2022-06-30 22:48:27 - [TEST_STEP][PASSED] - appID = findTestData(dataFile).getValue("AppIDQA", row): null

2022-06-30 22:48:27 - [TEST_STEP][PASSED] - break: null

2022-06-30 22:48:27 - [TEST_STEP][PASSED] - if (ExecuteTC.equalsIgnoreCase("Y")): null

2022-06-30 22:48:27 - [TEST_STEP][PASSED] - out.println("Begin Record Number: " + row): null

2022-06-30 22:48:27 - [TEST_STEP][PASSED] - today = new java.util.Date(): null

2022-06-30 22:48:27 - [TEST_STEP][PASSED] - println(today): null

2022-06-30 22:48:27 - [TEST_STEP][PASSED] - datText = today: null

2022-06-30 22:48:27 - [TEST_STEP][PASSED] - adminSuiteBootstrap.loginFunctionality.login_AdminSuite(): adminSuiteBootstrap.loginFunctionality.login_AdminSuite is PASSED

2022-06-30 22:48:27 - [MESSAGE][INFO] - Starting 'Chrome' driver

2022-06-30 22:48:27 - [MESSAGE][INFO] - User set preference: ['acceptInsecureCerts', 'true']

2022-06-30 22:48:27 - [MESSAGE][INFO] - Action delay is set to 0 milliseconds

2022-06-30 22:48:30 - [MESSAGE][PASSED] - Browser is opened with url: 'https://qa.velocitypayment.com/admin/imtiaz'

2022-06-30 22:48:31 - [MESSAGE][PASSED] - Current window maximized

2022-06-30 22:48:31 - [MESSAGE][PASSED] - Object 'Object Repository/Login_Page/Login_Username' is present

2022-06-30 22:48:32 - [MESSAGE][PASSED] - Text 'iahmed' is set on object 'Object Repository/Login_Page/Login_Username'

2022-06-30 22:48:32 - [MESSAGE][PASSED] - Text 'hello2222' is set on object 'Object Repository/Login_Page/Login_Password'

2022-06-30 22:48:37 - [MESSAGE][PASSED] - Object: 'Object Repository/Login_Page/Login_Submit' is clicked on

2022-06-30 22:48:37 - [MESSAGE][PASSED] - adminSuiteBootstrap.loginFunctionality.login_AdminSuite is PASSED

2022-06-30 22:48:37 - [TEST_STEP][PASSED] - click(findTestObject(path_Dashboard + appName)): Object: 'Object Repository/AdminSuiteBootstrap_Pages/Dashboard_Bootstrap/a_Access AutoDualCFtpQA' is clicked on

2022-06-30 22:48:38 - [MESSAGE][PASSED] - Object: 'Object Repository/AdminSuiteBootstrap_Pages/Dashboard_Bootstrap/a_Access AutoDualCFtpQA' is clicked on

2022-06-30 22:48:38 - [TEST_STEP][PASSED] - click(findTestObject(path_VT + "a_Find Profile")): Object: 'Object Repository/AdminSuiteBootstrap_Pages/VT_Bootstrap/IssueTransactions/a_Find Profile' is clicked on

2022-06-30 22:48:39 - [MESSAGE][PASSED] - Object: 'Object Repository/AdminSuiteBootstrap_Pages/VT_Bootstrap/IssueTransactions/a_Find Profile' is clicked on

2022-06-30 22:48:39 - [TEST_STEP][PASSED] - criteria = <not implemented yet for class: org.codehaus.groovy.ast.expr.EmptyExpression>: null

2022-06-30 22:48:39 - [TEST_STEP][PASSED] - searchBy = <not implemented yet for class: org.codehaus.groovy.ast.expr.EmptyExpression>: null

2022-06-30 22:48:39 - [TEST_STEP][PASSED] - criteria = findTestData(dataFile).getValue("ProfileName", row): null

2022-06-30 22:48:39 - [TEST_STEP][PASSED] - path_SearchProfile = "Object Repository/AdminSuiteBootstrap_Pages/VSP_Bootstrap/SearchProfile/": null

2022-06-30 22:48:39 - [TEST_STEP][PASSED] - setText(findTestObject(path_SearchProfile + "input_Criteria"), criteria): Text 'PaymentsPS' is set on object 'Object Repository/AdminSuiteBootstrap_Pages/VSP_Bootstrap/SearchProfile/input_Criteria'

2022-06-30 22:48:39 - [MESSAGE][PASSED] - Text 'PaymentsPS' is set on object 'Object Repository/AdminSuiteBootstrap_Pages/VSP_Bootstrap/SearchProfile/input_Criteria'

2022-06-30 22:48:39 - [TEST_STEP][PASSED] - click(findTestObject(path_SearchProfile + "button_Search")): Object: 'Object Repository/AdminSuiteBootstrap_Pages/VSP_Bootstrap/SearchProfile/button_Search' is clicked on

2022-06-30 22:48:41 - [MESSAGE][PASSED] - Object: 'Object Repository/AdminSuiteBootstrap_Pages/VSP_Bootstrap/SearchProfile/button_Search' is clicked on

2022-06-30 22:48:41 - [TEST_STEP][PASSED] - profNameLink = findTestData(dataFile).getValue("ProfileNameLink", row): null

2022-06-30 22:48:41 - [TEST_STEP][PASSED] - click(findTestObject(path_ViewProfile + profNameLink)): Object: 'Object Repository/AdminSuiteBootstrap_Pages/VSP_Bootstrap/View Profile/a_PaymentsPS' is clicked on

2022-06-30 22:48:43 - [MESSAGE][PASSED] - Object: 'Object Repository/AdminSuiteBootstrap_Pages/VSP_Bootstrap/View Profile/a_PaymentsPS' is clicked on

2022-06-30 22:48:43 - [TEST_STEP][PASSED] - click(findTestObject(path_ViewProfile + "a_Debit")): Object: 'Object Repository/AdminSuiteBootstrap_Pages/VSP_Bootstrap/View Profile/a_Debit' is clicked on

2022-06-30 22:48:44 - [MESSAGE][PASSED] - Object: 'Object Repository/AdminSuiteBootstrap_Pages/VSP_Bootstrap/View Profile/a_Debit' is clicked on

2022-06-30 22:48:44 - [TEST_STEP][PASSED] - verifyTextPresent("Remittance ID", true): Text 'Remittance ID' is present on page  using regular expression

2022-06-30 22:48:45 - [MESSAGE][PASSED] - Text 'Remittance ID' is present on page  using regular expression

2022-06-30 22:48:45 - [TEST_STEP][PASSED] - vspBootstrap.ACHDebitPage.setDataACHDebit(row, dataFile): vspBootstrap.ACHDebitPage.setDataACHDebit is PASSED

2022-06-30 22:48:47 - [MESSAGE][PASSED] - All options with value 'TEL' are selected in object 'Object Repository/AdminSuiteBootstrap_Pages/VSP_Bootstrap/VSP_Debit/select_StdEntryClass'  using regular expression

2022-06-30 22:48:47 - [MESSAGE][PASSED] - Text '' is set on object 'Object Repository/AdminSuiteBootstrap_Pages/VSP_Bootstrap/VSP_Debit/input_smsNumber'

2022-06-30 22:48:48 - [MESSAGE][PASSED] - Text '2.50' is set on object 'Object Repository/AdminSuiteBootstrap_Pages/VSP_Bootstrap/VSP_Debit/input_amount'

2022-06-30 22:48:49 - [MESSAGE][PASSED] - Text 'Delhi' is set on object 'Object Repository/AdminSuiteBootstrap_Pages/VSP_Bootstrap/VSP_Debit/input_userDefined1'

2022-06-30 22:48:50 - [MESSAGE][PASSED] - Text 'Chennai' is set on object 'Object Repository/AdminSuiteBootstrap_Pages/VSP_Bootstrap/VSP_Debit/input_userDefined2'

2022-06-30 22:48:50 - [MESSAGE][PASSED] - Text 'Mumbai' is set on object 'Object Repository/AdminSuiteBootstrap_Pages/VSP_Bootstrap/VSP_Debit/input_userDefined3'

2022-06-30 22:48:51 - [MESSAGE][PASSED] - Text 'Kanpur' is set on object 'Object Repository/AdminSuiteBootstrap_Pages/VSP_Bootstrap/VSP_Debit/input_userDefined4'

2022-06-30 22:48:52 - [MESSAGE][PASSED] - All options with label 'Orange' are selected in object 'Object Repository/AdminSuiteBootstrap_Pages/VSP_Bootstrap/VSP_Debit/select_UDF5'  using regular expression

2022-06-30 22:48:53 - [MESSAGE][PASSED] - All options with label 'Yellow' are selected in object 'Object Repository/AdminSuiteBootstrap_Pages/VSP_Bootstrap/VSP_Debit/select_UDF6'  using regular expression

2022-06-30 22:48:54 - [MESSAGE][PASSED] - Text 'Kolkata' is set on object 'Object Repository/AdminSuiteBootstrap_Pages/VSP_Bootstrap/VSP_Debit/input_userDefined7'

2022-06-30 22:48:54 - [MESSAGE][PASSED] - Text 'Pune' is set on object 'Object Repository/AdminSuiteBootstrap_Pages/VSP_Bootstrap/VSP_Debit/input_userDefined8'

2022-06-30 22:48:55 - [MESSAGE][PASSED] - Text 'Bhavnagar' is set on object 'Object Repository/AdminSuiteBootstrap_Pages/VSP_Bootstrap/VSP_Debit/input_userDefined9'

2022-06-30 22:48:56 - [MESSAGE][PASSED] - Text 'Noida' is set on object 'Object Repository/AdminSuiteBootstrap_Pages/VSP_Bootstrap/VSP_Debit/input_userDefined10'

2022-06-30 22:48:57 - [MESSAGE][PASSED] - Object: 'Object Repository/AdminSuiteBootstrap_Pages/VSP_Bootstrap/VSP_Debit/button_Submit' is clicked on

2022-06-30 22:48:57 - [MESSAGE][PASSED] - vspBootstrap.ACHDebitPage.setDataACHDebit is PASSED

2022-06-30 22:48:57 - [TEST_STEP][PASSED] - verifyTextPresent("Transaction Successful", true): Text 'Transaction Successful' is present on page  using regular expression

2022-06-30 22:48:58 - [MESSAGE][PASSED] - Text 'Transaction Successful' is present on page  using regular expression

2022-06-30 22:48:58 - [TEST_STEP][PASSED] - verifyElementVisible(findTestObject("Object Repository/AdminSuiteBootstrap_Pages/VT_Bootstrap/Receipt/button_Continue")): Object 'Object Repository/AdminSuiteBootstrap_Pages/VT_Bootstrap/Receipt/button_Continue' is visible

2022-06-30 22:48:58 - [MESSAGE][PASSED] - Object 'Object Repository/AdminSuiteBootstrap_Pages/VT_Bootstrap/Receipt/button_Continue' is visible

2022-06-30 22:48:58 - [TEST_STEP][PASSED] - verifyElementPresent(findTestObject("Object Repository/AdminSuiteBootstrap_Pages/VT_Bootstrap/Receipt/button_Continue"), 20): Object 'Object Repository/AdminSuiteBootstrap_Pages/VT_Bootstrap/Receipt/button_Continue' is present

2022-06-30 22:48:59 - [MESSAGE][PASSED] - Object 'Object Repository/AdminSuiteBootstrap_Pages/VT_Bootstrap/Receipt/button_Continue' is present

2022-06-30 22:48:59 - [TEST_STEP][PASSED] - verifyElementVisible(findTestObject("Object Repository/AdminSuiteBootstrap_Pages/VT_Bootstrap/Receipt/button_Print")): Object 'Object Repository/AdminSuiteBootstrap_Pages/VT_Bootstrap/Receipt/button_Print' is visible

2022-06-30 22:48:59 - [MESSAGE][PASSED] - Object 'Object Repository/AdminSuiteBootstrap_Pages/VT_Bootstrap/Receipt/button_Print' is visible

2022-06-30 22:48:59 - [TEST_STEP][PASSED] - verifyElementPresent(findTestObject("Object Repository/AdminSuiteBootstrap_Pages/VT_Bootstrap/Receipt/button_Print"), 20): Object 'Object Repository/AdminSuiteBootstrap_Pages/VT_Bootstrap/Receipt/button_Print' is present

2022-06-30 22:48:59 - [MESSAGE][PASSED] - Object 'Object Repository/AdminSuiteBootstrap_Pages/VT_Bootstrap/Receipt/button_Print' is present

2022-06-30 22:48:59 - [TEST_STEP][PASSED] - verifyTextPresent("Remittance ID", true): Text 'Remittance ID' is present on page  using regular expression

2022-06-30 22:49:00 - [MESSAGE][PASSED] - Text 'Remittance ID' is present on page  using regular expression

2022-06-30 22:49:00 - [TEST_STEP][PASSED] - verifyTextPresent("Received", true): Text 'Received' is present on page  using regular expression

2022-06-30 22:49:00 - [MESSAGE][PASSED] - Text 'Received' is present on page  using regular expression

2022-06-30 22:49:00 - [TEST_STEP][PASSED] - verifyTextPresent("UDF1", true): Text 'UDF1' is present on page  using regular expression

2022-06-30 22:49:00 - [MESSAGE][PASSED] - Text 'UDF1' is present on page  using regular expression

2022-06-30 22:49:00 - [TEST_STEP][PASSED] - verifyTextPresent("UDF2", true): Text 'UDF2' is present on page  using regular expression

2022-06-30 22:49:00 - [MESSAGE][PASSED] - Text 'UDF2' is present on page  using regular expression

2022-06-30 22:49:00 - [TEST_STEP][PASSED] - verifyTextPresent("UDF3", true): Text 'UDF3' is present on page  using regular expression

2022-06-30 22:49:01 - [MESSAGE][PASSED] - Text 'UDF3' is present on page  using regular expression

2022-06-30 22:49:01 - [TEST_STEP][PASSED] - verifyTextPresent("UDF4", true): Text 'UDF4' is present on page  using regular expression

2022-06-30 22:49:01 - [MESSAGE][PASSED] - Text 'UDF4' is present on page  using regular expression

2022-06-30 22:49:01 - [TEST_STEP][PASSED] - verifyTextPresent("UDF5", true): Text 'UDF5' is present on page  using regular expression

2022-06-30 22:49:01 - [MESSAGE][PASSED] - Text 'UDF5' is present on page  using regular expression

2022-06-30 22:49:01 - [TEST_STEP][PASSED] - verifyTextPresent("UDF6", true): Text 'UDF6' is present on page  using regular expression

2022-06-30 22:49:02 - [MESSAGE][PASSED] - Text 'UDF6' is present on page  using regular expression

2022-06-30 22:49:02 - [TEST_STEP][PASSED] - verifyTextPresent("UDF7", true): Text 'UDF7' is present on page  using regular expression

2022-06-30 22:49:02 - [MESSAGE][PASSED] - Text 'UDF7' is present on page  using regular expression

2022-06-30 22:49:02 - [TEST_STEP][PASSED] - verifyTextPresent("UDF8", true): Text 'UDF8' is present on page  using regular expression

2022-06-30 22:49:02 - [MESSAGE][PASSED] - Text 'UDF8' is present on page  using regular expression

2022-06-30 22:49:02 - [TEST_STEP][PASSED] - verifyTextPresent("UDF9", true): Text 'UDF9' is present on page  using regular expression

2022-06-30 22:49:03 - [MESSAGE][PASSED] - Text 'UDF9' is present on page  using regular expression

2022-06-30 22:49:03 - [TEST_STEP][PASSED] - verifyTextPresent("UDF 10", true): Text 'UDF 10' is present on page  using regular expression

2022-06-30 22:49:03 - [MESSAGE][PASSED] - Text 'UDF 10' is present on page  using regular expression

2022-06-30 22:49:03 - [TEST_STEP][PASSED] - verifyTextPresent("Delhi", true): Text 'Delhi' is present on page  using regular expression

2022-06-30 22:49:03 - [MESSAGE][PASSED] - Text 'Delhi' is present on page  using regular expression

2022-06-30 22:49:03 - [TEST_STEP][PASSED] - verifyTextPresent("Chennai", true): Text 'Chennai' is present on page  using regular expression

2022-06-30 22:49:04 - [MESSAGE][PASSED] - Text 'Chennai' is present on page  using regular expression

2022-06-30 22:49:04 - [TEST_STEP][PASSED] - verifyTextPresent("Mumbai", true): Text 'Mumbai' is present on page  using regular expression

2022-06-30 22:49:04 - [MESSAGE][PASSED] - Text 'Mumbai' is present on page  using regular expression

2022-06-30 22:49:04 - [TEST_STEP][PASSED] - verifyTextPresent("Kanpur", true): Text 'Kanpur' is present on page  using regular expression

2022-06-30 22:49:04 - [MESSAGE][PASSED] - Text 'Kanpur' is present on page  using regular expression

2022-06-30 22:49:04 - [TEST_STEP][PASSED] - verifyTextPresent("Orange Recorded", true): Text 'Orange Recorded' is present on page  using regular expression

2022-06-30 22:49:05 - [MESSAGE][PASSED] - Text 'Orange Recorded' is present on page  using regular expression

2022-06-30 22:49:05 - [TEST_STEP][PASSED] - verifyTextPresent("Yellow Recorded", true): Text 'Yellow Recorded' is present on page  using regular expression

2022-06-30 22:49:05 - [MESSAGE][PASSED] - Text 'Yellow Recorded' is present on page  using regular expression

2022-06-30 22:49:05 - [TEST_STEP][PASSED] - verifyTextPresent("Kolkata", true): Text 'Kolkata' is present on page  using regular expression

2022-06-30 22:49:05 - [MESSAGE][PASSED] - Text 'Kolkata' is present on page  using regular expression

2022-06-30 22:49:05 - [TEST_STEP][PASSED] - verifyTextPresent("Pune", true): Text 'Pune' is present on page  using regular expression

2022-06-30 22:49:06 - [MESSAGE][PASSED] - Text 'Pune' is present on page  using regular expression

2022-06-30 22:49:06 - [TEST_STEP][PASSED] - verifyTextPresent("Bhavnagar", true): Text 'Bhavnagar' is present on page  using regular expression

2022-06-30 22:49:06 - [MESSAGE][PASSED] - Text 'Bhavnagar' is present on page  using regular expression

2022-06-30 22:49:06 - [TEST_STEP][PASSED] - verifyTextPresent("Noida", true): Text 'Noida' is present on page  using regular expression

2022-06-30 22:49:06 - [MESSAGE][PASSED] - Text 'Noida' is present on page  using regular expression

2022-06-30 22:49:06 - [TEST_STEP][PASSED] - verifyTextPresent("Amount", true): Text 'Amount' is present on page  using regular expression

2022-06-30 22:49:07 - [MESSAGE][PASSED] - Text 'Amount' is present on page  using regular expression

2022-06-30 22:49:07 - [TEST_STEP][PASSED] - verifyTextPresent("2.50", true): Text '2.50' is present on page  using regular expression

2022-06-30 22:49:07 - [MESSAGE][PASSED] - Text '2.50' is present on page  using regular expression

2022-06-30 22:49:07 - [TEST_STEP][PASSED] - verifyTextPresent("Transaction Type", true): Text 'Transaction Type' is present on page  using regular expression

2022-06-30 22:49:07 - [MESSAGE][PASSED] - Text 'Transaction Type' is present on page  using regular expression

2022-06-30 22:49:07 - [TEST_STEP][PASSED] - verifyTextPresent("Debit", true): Text 'Debit' is present on page  using regular expression

2022-06-30 22:49:08 - [MESSAGE][PASSED] - Text 'Debit' is present on page  using regular expression

2022-06-30 22:49:08 - [TEST_STEP][PASSED] - verifyTextPresent("Check Information", true): Text 'Check Information' is present on page  using regular expression

2022-06-30 22:49:08 - [MESSAGE][PASSED] - Text 'Check Information' is present on page  using regular expression

2022-06-30 22:49:08 - [TEST_STEP][PASSED] - verifyTextPresent("Account Type", true): Text 'Account Type' is present on page  using regular expression

2022-06-30 22:49:08 - [MESSAGE][PASSED] - Text 'Account Type' is present on page  using regular expression

2022-06-30 22:49:08 - [TEST_STEP][PASSED] - verifyTextPresent("Account Number", true): Text 'Account Number' is present on page  using regular expression

2022-06-30 22:49:09 - [MESSAGE][PASSED] - Text 'Account Number' is present on page  using regular expression

2022-06-30 22:49:09 - [TEST_STEP][PASSED] - verifyTextPresent("Routing Number", true): Text 'Routing Number' is present on page  using regular expression

2022-06-30 22:49:09 - [MESSAGE][PASSED] - Text 'Routing Number' is present on page  using regular expression

2022-06-30 22:49:09 - [TEST_STEP][PASSED] - verifyTextPresent("Address Line 1", true): Text 'Address Line 1' is present on page  using regular expression

2022-06-30 22:49:09 - [MESSAGE][PASSED] - Text 'Address Line 1' is present on page  using regular expression

2022-06-30 22:49:09 - [TEST_STEP][PASSED] - verifyTextPresent("Address Line 2", true): Text 'Address Line 2' is present on page  using regular expression

2022-06-30 22:49:10 - [MESSAGE][PASSED] - Text 'Address Line 2' is present on page  using regular expression

2022-06-30 22:49:10 - [TEST_STEP][PASSED] - verifyTextPresent("Country", true): Text 'Country' is present on page  using regular expression

2022-06-30 22:49:10 - [MESSAGE][PASSED] - Text 'Country' is present on page  using regular expression

2022-06-30 22:49:10 - [TEST_STEP][PASSED] - verifyTextPresent("City", true): Text 'City' is present on page  using regular expression

2022-06-30 22:49:10 - [MESSAGE][PASSED] - Text 'City' is present on page  using regular expression

2022-06-30 22:49:10 - [TEST_STEP][PASSED] - verifyTextPresent("State", true): Text 'State' is present on page  using regular expression

2022-06-30 22:49:10 - [MESSAGE][PASSED] - Text 'State' is present on page  using regular expression

2022-06-30 22:49:10 - [TEST_STEP][PASSED] - verifyTextPresent("ZIP Code", true): Text 'ZIP Code' is present on page  using regular expression

2022-06-30 22:49:11 - [MESSAGE][PASSED] - Text 'ZIP Code' is present on page  using regular expression

2022-06-30 22:49:11 - [TEST_STEP][PASSED] - verifyTextPresent("248 PhoolKaante road", true): Text '248 PhoolKaante road' is present on page  using regular expression

2022-06-30 22:49:11 - [MESSAGE][PASSED] - Text '248 PhoolKaante road' is present on page  using regular expression

2022-06-30 22:49:11 - [TEST_STEP][PASSED] - verifyTextPresent("Suite 678", true): Text 'Suite 678' is present on page  using regular expression

2022-06-30 22:49:11 - [MESSAGE][PASSED] - Text 'Suite 678' is present on page  using regular expression

2022-06-30 22:49:11 - [TEST_STEP][PASSED] - verifyTextPresent("United States", true): Text 'United States' is present on page  using regular expression

2022-06-30 22:49:12 - [MESSAGE][PASSED] - Text 'United States' is present on page  using regular expression

2022-06-30 22:49:12 - [TEST_STEP][PASSED] - verifyTextPresent("ARLINGTON", true): Text 'ARLINGTON' is present on page  using regular expression

2022-06-30 22:49:12 - [MESSAGE][PASSED] - Text 'ARLINGTON' is present on page  using regular expression

2022-06-30 22:49:12 - [TEST_STEP][PASSED] - verifyTextPresent("Virginia", true): Text 'Virginia' is present on page  using regular expression

2022-06-30 22:49:12 - [MESSAGE][PASSED] - Text 'Virginia' is present on page  using regular expression

2022-06-30 22:49:12 - [TEST_STEP][PASSED] - verifyTextPresent("22201", true): Text '22201' is present on page  using regular expression

2022-06-30 22:49:13 - [MESSAGE][PASSED] - Text '22201' is present on page  using regular expression

2022-06-30 22:49:13 - [TEST_STEP][PASSED] - tranType = findTestData(dataFile).getValue("TranType", row): null

2022-06-30 22:49:13 - [TEST_STEP][PASSED] - last4V = findTestData(dataFile).getValue("Last4", row): null

2022-06-30 22:49:13 - [TEST_STEP][PASSED] - verifyTextPresent(tranType, true): Text 'Savings' is present on page  using regular expression

2022-06-30 22:49:13 - [MESSAGE][PASSED] - Text 'Savings' is present on page  using regular expression

2022-06-30 22:49:13 - [TEST_STEP][PASSED] - verifyTextPresent(last4V, true): Text '3333' is present on page  using regular expression

2022-06-30 22:49:13 - [MESSAGE][PASSED] - Text '3333' is present on page  using regular expression

2022-06-30 22:49:13 - [TEST_STEP][PASSED] - if (profNameLink.equalsIgnoreCase("a_PaymentsPC")): null

2022-06-30 22:49:13 - [TEST_STEP][PASSED] - if (profNameLink.equalsIgnoreCase("a_PaymentsPS")): Text 'TANDON RAVENA' is present on page  using regular expression

2022-06-30 22:49:13 - [TEST_STEP][PASSED] - verifyTextPresent("Name on Account", true): Text 'Name on Account' is present on page  using regular expression

2022-06-30 22:49:14 - [MESSAGE][PASSED] - Text 'Name on Account' is present on page  using regular expression

2022-06-30 22:49:14 - [TEST_STEP][PASSED] - verifyTextPresent("TANDON RAVENA", true): Text 'TANDON RAVENA' is present on page  using regular expression

2022-06-30 22:49:14 - [MESSAGE][PASSED] - Text 'TANDON RAVENA' is present on page  using regular expression

2022-06-30 22:49:14 - [TEST_STEP][PASSED] - if (profNameLink.equalsIgnoreCase("a_PaymentsCorp")): null

2022-06-30 22:49:14 - [TEST_STEP][PASSED] - switch (appName): null

2022-06-30 22:49:14 - [TEST_STEP][PASSED] - case "a_Access AutoDualCFtpQA":: null

2022-06-30 22:49:14 - [TEST_STEP][PASSED] - verifyTextPresent("5.00", true): Text '5.00' is present on page  using regular expression

2022-06-30 22:49:14 - [MESSAGE][PASSED] - Text '5.00' is present on page  using regular expression

2022-06-30 22:49:14 - [TEST_STEP][PASSED] - verifyTextPresent("Dual Transaction", true): Text 'Dual Transaction' is present on page  using regular expression

2022-06-30 22:49:15 - [MESSAGE][PASSED] - Text 'Dual Transaction' is present on page  using regular expression

2022-06-30 22:49:15 - [TEST_STEP][PASSED] - verifyTextPresent("7.50", true): Text '7.50' is present on page  using regular expression

2022-06-30 22:49:15 - [MESSAGE][PASSED] - Text '7.50' is present on page  using regular expression

2022-06-30 22:49:15 - [TEST_STEP][PASSED] - verifyTextPresent("Total Amount", true): Text 'Total Amount' is present on page  using regular expression

2022-06-30 22:49:15 - [MESSAGE][PASSED] - Text 'Total Amount' is present on page  using regular expression

2022-06-30 22:49:15 - [TEST_STEP][PASSED] - verifyTextPresent("Transaction Type", true): Text 'Transaction Type' is present on page  using regular expression

2022-06-30 22:49:16 - [MESSAGE][PASSED] - Text 'Transaction Type' is present on page  using regular expression

2022-06-30 22:49:16 - [TEST_STEP][PASSED] - break: null

2022-06-30 22:49:16 - [TEST_STEP][PASSED] - closeBrowser(): Browser is closed

2022-06-30 22:49:17 - [MESSAGE][PASSED] - Browser is closed

2022-06-30 22:49:17 - [TEST_STEP][PASSED] - ExecuteTC = findTestData(dataFile).getValue("Execute", row): null

2022-06-30 22:49:17 - [TEST_STEP][PASSED] - out.println("Value of Execute is : " + ExecuteTC): null

2022-06-30 22:49:17 - [TEST_STEP][PASSED] - switch (executionProfile): null

2022-06-30 22:49:17 - [TEST_STEP][PASSED] - case "QAProfile":: null

2022-06-30 22:49:17 - [TEST_STEP][PASSED] - appName = findTestData(dataFile).getValue("AppNameQA", row): null

2022-06-30 22:49:17 - [TEST_STEP][PASSED] - appID = findTestData(dataFile).getValue("AppIDQA", row): null

2022-06-30 22:49:17 - [TEST_STEP][PASSED] - break: null

2022-06-30 22:49:17 - [TEST_STEP][PASSED] - if (ExecuteTC.equalsIgnoreCase("Y")): null

2022-06-30 22:49:17 - [TEST_STEP][PASSED] - out.println("Begin Record Number: " + row): null

2022-06-30 22:49:17 - [TEST_STEP][PASSED] - today = new java.util.Date(): null

2022-06-30 22:49:17 - [TEST_STEP][PASSED] - println(today): null

2022-06-30 22:49:17 - [TEST_STEP][PASSED] - datText = today: null

2022-06-30 22:49:17 - [TEST_STEP][PASSED] - adminSuiteBootstrap.loginFunctionality.login_AdminSuite(): adminSuiteBootstrap.loginFunctionality.login_AdminSuite is PASSED

2022-06-30 22:49:17 - [MESSAGE][INFO] - Starting 'Chrome' driver

2022-06-30 22:49:17 - [MESSAGE][INFO] - User set preference: ['acceptInsecureCerts', 'true']

2022-06-30 22:49:17 - [MESSAGE][INFO] - Action delay is set to 0 milliseconds

2022-06-30 22:49:20 - [MESSAGE][PASSED] - Browser is opened with url: 'https://qa.velocitypayment.com/admin/imtiaz'

2022-06-30 22:49:21 - [MESSAGE][PASSED] - Current window maximized

2022-06-30 22:49:21 - [MESSAGE][PASSED] - Object 'Object Repository/Login_Page/Login_Username' is present

2022-06-30 22:49:22 - [MESSAGE][PASSED] - Text 'iahmed' is set on object 'Object Repository/Login_Page/Login_Username'

2022-06-30 22:49:22 - [MESSAGE][PASSED] - Text 'hello2222' is set on object 'Object Repository/Login_Page/Login_Password'

2022-06-30 22:49:26 - [MESSAGE][PASSED] - Object: 'Object Repository/Login_Page/Login_Submit' is clicked on

2022-06-30 22:49:26 - [MESSAGE][PASSED] - adminSuiteBootstrap.loginFunctionality.login_AdminSuite is PASSED

2022-06-30 22:49:26 - [TEST_STEP][PASSED] - click(findTestObject(path_Dashboard + appName)): Object: 'Object Repository/AdminSuiteBootstrap_Pages/Dashboard_Bootstrap/a_Access AutoDualCFtpQA' is clicked on

2022-06-30 22:49:27 - [MESSAGE][PASSED] - Object: 'Object Repository/AdminSuiteBootstrap_Pages/Dashboard_Bootstrap/a_Access AutoDualCFtpQA' is clicked on

2022-06-30 22:49:27 - [TEST_STEP][PASSED] - click(findTestObject(path_VT + "a_Find Profile")): Object: 'Object Repository/AdminSuiteBootstrap_Pages/VT_Bootstrap/IssueTransactions/a_Find Profile' is clicked on

2022-06-30 22:49:27 - [MESSAGE][PASSED] - Object: 'Object Repository/AdminSuiteBootstrap_Pages/VT_Bootstrap/IssueTransactions/a_Find Profile' is clicked on

2022-06-30 22:49:27 - [TEST_STEP][PASSED] - criteria = <not implemented yet for class: org.codehaus.groovy.ast.expr.EmptyExpression>: null

2022-06-30 22:49:27 - [TEST_STEP][PASSED] - searchBy = <not implemented yet for class: org.codehaus.groovy.ast.expr.EmptyExpression>: null

2022-06-30 22:49:27 - [TEST_STEP][PASSED] - criteria = findTestData(dataFile).getValue("ProfileName", row): null

2022-06-30 22:49:27 - [TEST_STEP][PASSED] - path_SearchProfile = "Object Repository/AdminSuiteBootstrap_Pages/VSP_Bootstrap/SearchProfile/": null

2022-06-30 22:49:27 - [TEST_STEP][PASSED] - setText(findTestObject(path_SearchProfile + "input_Criteria"), criteria): Text 'PaymentsCorp' is set on object 'Object Repository/AdminSuiteBootstrap_Pages/VSP_Bootstrap/SearchProfile/input_Criteria'

2022-06-30 22:49:28 - [MESSAGE][PASSED] - Text 'PaymentsCorp' is set on object 'Object Repository/AdminSuiteBootstrap_Pages/VSP_Bootstrap/SearchProfile/input_Criteria'

2022-06-30 22:49:28 - [TEST_STEP][PASSED] - click(findTestObject(path_SearchProfile + "button_Search")): Object: 'Object Repository/AdminSuiteBootstrap_Pages/VSP_Bootstrap/SearchProfile/button_Search' is clicked on

2022-06-30 22:49:29 - [MESSAGE][PASSED] - Object: 'Object Repository/AdminSuiteBootstrap_Pages/VSP_Bootstrap/SearchProfile/button_Search' is clicked on

2022-06-30 22:49:29 - [TEST_STEP][PASSED] - profNameLink = findTestData(dataFile).getValue("ProfileNameLink", row): null

2022-06-30 22:49:29 - [TEST_STEP][PASSED] - click(findTestObject(path_ViewProfile + profNameLink)): Object: 'Object Repository/AdminSuiteBootstrap_Pages/VSP_Bootstrap/View Profile/a_PaymentsCorp' is clicked on

2022-06-30 22:49:31 - [MESSAGE][PASSED] - Object: 'Object Repository/AdminSuiteBootstrap_Pages/VSP_Bootstrap/View Profile/a_PaymentsCorp' is clicked on

2022-06-30 22:49:31 - [TEST_STEP][PASSED] - click(findTestObject(path_ViewProfile + "a_Debit")): Object: 'Object Repository/AdminSuiteBootstrap_Pages/VSP_Bootstrap/View Profile/a_Debit' is clicked on

2022-06-30 22:49:32 - [MESSAGE][PASSED] - Object: 'Object Repository/AdminSuiteBootstrap_Pages/VSP_Bootstrap/View Profile/a_Debit' is clicked on

2022-06-30 22:49:32 - [TEST_STEP][PASSED] - verifyTextPresent("Remittance ID", true): Text 'Remittance ID' is present on page  using regular expression

2022-06-30 22:49:33 - [MESSAGE][PASSED] - Text 'Remittance ID' is present on page  using regular expression

2022-06-30 22:49:33 - [TEST_STEP][PASSED] - vspBootstrap.ACHDebitPage.setDataACHDebit(row, dataFile): vspBootstrap.ACHDebitPage.setDataACHDebit is PASSED

2022-06-30 22:49:34 - [MESSAGE][PASSED] - All options with value 'CCD' are selected in object 'Object Repository/AdminSuiteBootstrap_Pages/VSP_Bootstrap/VSP_Debit/select_StdEntryClass'  using regular expression

2022-06-30 22:49:35 - [MESSAGE][PASSED] - Text '' is set on object 'Object Repository/AdminSuiteBootstrap_Pages/VSP_Bootstrap/VSP_Debit/input_smsNumber'

2022-06-30 22:49:36 - [MESSAGE][PASSED] - Text '2.50' is set on object 'Object Repository/AdminSuiteBootstrap_Pages/VSP_Bootstrap/VSP_Debit/input_amount'

2022-06-30 22:49:37 - [MESSAGE][PASSED] - Text '123456789' is set on object 'Object Repository/AdminSuiteBootstrap_Pages/VSP_Bootstrap/VSP_Debit/input_ein'

2022-06-30 22:49:38 - [MESSAGE][PASSED] - Text 'Delhi' is set on object 'Object Repository/AdminSuiteBootstrap_Pages/VSP_Bootstrap/VSP_Debit/input_userDefined1'

2022-06-30 22:49:38 - [MESSAGE][PASSED] - Text 'Chennai' is set on object 'Object Repository/AdminSuiteBootstrap_Pages/VSP_Bootstrap/VSP_Debit/input_userDefined2'

2022-06-30 22:49:39 - [MESSAGE][PASSED] - Text 'Mumbai' is set on object 'Object Repository/AdminSuiteBootstrap_Pages/VSP_Bootstrap/VSP_Debit/input_userDefined3'

2022-06-30 22:49:40 - [MESSAGE][PASSED] - Text 'Kanpur' is set on object 'Object Repository/AdminSuiteBootstrap_Pages/VSP_Bootstrap/VSP_Debit/input_userDefined4'

2022-06-30 22:49:41 - [MESSAGE][PASSED] - All options with label 'Orange' are selected in object 'Object Repository/AdminSuiteBootstrap_Pages/VSP_Bootstrap/VSP_Debit/select_UDF5'  using regular expression

2022-06-30 22:49:42 - [MESSAGE][PASSED] - All options with label 'Yellow' are selected in object 'Object Repository/AdminSuiteBootstrap_Pages/VSP_Bootstrap/VSP_Debit/select_UDF6'  using regular expression

2022-06-30 22:49:43 - [MESSAGE][PASSED] - Text 'Kolkata' is set on object 'Object Repository/AdminSuiteBootstrap_Pages/VSP_Bootstrap/VSP_Debit/input_userDefined7'

2022-06-30 22:49:44 - [MESSAGE][PASSED] - Text 'Pune' is set on object 'Object Repository/AdminSuiteBootstrap_Pages/VSP_Bootstrap/VSP_Debit/input_userDefined8'

2022-06-30 22:49:44 - [MESSAGE][PASSED] - Text 'Bhavnagar' is set on object 'Object Repository/AdminSuiteBootstrap_Pages/VSP_Bootstrap/VSP_Debit/input_userDefined9'

2022-06-30 22:49:45 - [MESSAGE][PASSED] - Text 'Noida' is set on object 'Object Repository/AdminSuiteBootstrap_Pages/VSP_Bootstrap/VSP_Debit/input_userDefined10'

2022-06-30 22:49:46 - [MESSAGE][PASSED] - Object: 'Object Repository/AdminSuiteBootstrap_Pages/VSP_Bootstrap/VSP_Debit/button_Submit' is clicked on

2022-06-30 22:49:46 - [MESSAGE][PASSED] - vspBootstrap.ACHDebitPage.setDataACHDebit is PASSED

2022-06-30 22:49:46 - [TEST_STEP][PASSED] - verifyTextPresent("Transaction Successful", true): Text 'Transaction Successful' is present on page  using regular expression

2022-06-30 22:49:47 - [MESSAGE][PASSED] - Text 'Transaction Successful' is present on page  using regular expression

2022-06-30 22:49:47 - [TEST_STEP][PASSED] - verifyElementVisible(findTestObject("Object Repository/AdminSuiteBootstrap_Pages/VT_Bootstrap/Receipt/button_Continue")): Object 'Object Repository/AdminSuiteBootstrap_Pages/VT_Bootstrap/Receipt/button_Continue' is visible

2022-06-30 22:49:47 - [MESSAGE][PASSED] - Object 'Object Repository/AdminSuiteBootstrap_Pages/VT_Bootstrap/Receipt/button_Continue' is visible

2022-06-30 22:49:47 - [TEST_STEP][PASSED] - verifyElementPresent(findTestObject("Object Repository/AdminSuiteBootstrap_Pages/VT_Bootstrap/Receipt/button_Continue"), 20): Object 'Object Repository/AdminSuiteBootstrap_Pages/VT_Bootstrap/Receipt/button_Continue' is present

2022-06-30 22:49:48 - [MESSAGE][PASSED] - Object 'Object Repository/AdminSuiteBootstrap_Pages/VT_Bootstrap/Receipt/button_Continue' is present

2022-06-30 22:49:48 - [TEST_STEP][PASSED] - verifyElementVisible(findTestObject("Object Repository/AdminSuiteBootstrap_Pages/VT_Bootstrap/Receipt/button_Print")): Object 'Object Repository/AdminSuiteBootstrap_Pages/VT_Bootstrap/Receipt/button_Print' is visible

2022-06-30 22:49:48 - [MESSAGE][PASSED] - Object 'Object Repository/AdminSuiteBootstrap_Pages/VT_Bootstrap/Receipt/button_Print' is visible

2022-06-30 22:49:48 - [TEST_STEP][PASSED] - verifyElementPresent(findTestObject("Object Repository/AdminSuiteBootstrap_Pages/VT_Bootstrap/Receipt/button_Print"), 20): Object 'Object Repository/AdminSuiteBootstrap_Pages/VT_Bootstrap/Receipt/button_Print' is present

2022-06-30 22:49:48 - [MESSAGE][PASSED] - Object 'Object Repository/AdminSuiteBootstrap_Pages/VT_Bootstrap/Receipt/button_Print' is present

2022-06-30 22:49:48 - [TEST_STEP][PASSED] - verifyTextPresent("Remittance ID", true): Text 'Remittance ID' is present on page  using regular expression

2022-06-30 22:49:49 - [MESSAGE][PASSED] - Text 'Remittance ID' is present on page  using regular expression

2022-06-30 22:49:49 - [TEST_STEP][PASSED] - verifyTextPresent("Received", true): Text 'Received' is present on page  using regular expression

2022-06-30 22:49:49 - [MESSAGE][PASSED] - Text 'Received' is present on page  using regular expression

2022-06-30 22:49:49 - [TEST_STEP][PASSED] - verifyTextPresent("UDF1", true): Text 'UDF1' is present on page  using regular expression

2022-06-30 22:49:49 - [MESSAGE][PASSED] - Text 'UDF1' is present on page  using regular expression

2022-06-30 22:49:49 - [TEST_STEP][PASSED] - verifyTextPresent("UDF2", true): Text 'UDF2' is present on page  using regular expression

2022-06-30 22:49:49 - [MESSAGE][PASSED] - Text 'UDF2' is present on page  using regular expression

2022-06-30 22:49:49 - [TEST_STEP][PASSED] - verifyTextPresent("UDF3", true): Text 'UDF3' is present on page  using regular expression

2022-06-30 22:49:50 - [MESSAGE][PASSED] - Text 'UDF3' is present on page  using regular expression

2022-06-30 22:49:50 - [TEST_STEP][PASSED] - verifyTextPresent("UDF4", true): Text 'UDF4' is present on page  using regular expression

2022-06-30 22:49:50 - [MESSAGE][PASSED] - Text 'UDF4' is present on page  using regular expression

2022-06-30 22:49:50 - [TEST_STEP][PASSED] - verifyTextPresent("UDF5", true): Text 'UDF5' is present on page  using regular expression

2022-06-30 22:49:50 - [MESSAGE][PASSED] - Text 'UDF5' is present on page  using regular expression

2022-06-30 22:49:50 - [TEST_STEP][PASSED] - verifyTextPresent("UDF6", true): Text 'UDF6' is present on page  using regular expression

2022-06-30 22:49:51 - [MESSAGE][PASSED] - Text 'UDF6' is present on page  using regular expression

2022-06-30 22:49:51 - [TEST_STEP][PASSED] - verifyTextPresent("UDF7", true): Text 'UDF7' is present on page  using regular expression

2022-06-30 22:49:51 - [MESSAGE][PASSED] - Text 'UDF7' is present on page  using regular expression

2022-06-30 22:49:51 - [TEST_STEP][PASSED] - verifyTextPresent("UDF8", true): Text 'UDF8' is present on page  using regular expression

2022-06-30 22:49:51 - [MESSAGE][PASSED] - Text 'UDF8' is present on page  using regular expression

2022-06-30 22:49:51 - [TEST_STEP][PASSED] - verifyTextPresent("UDF9", true): Text 'UDF9' is present on page  using regular expression

2022-06-30 22:49:52 - [MESSAGE][PASSED] - Text 'UDF9' is present on page  using regular expression

2022-06-30 22:49:52 - [TEST_STEP][PASSED] - verifyTextPresent("UDF 10", true): Text 'UDF 10' is present on page  using regular expression

2022-06-30 22:49:52 - [MESSAGE][PASSED] - Text 'UDF 10' is present on page  using regular expression

2022-06-30 22:49:52 - [TEST_STEP][PASSED] - verifyTextPresent("Delhi", true): Text 'Delhi' is present on page  using regular expression

2022-06-30 22:49:52 - [MESSAGE][PASSED] - Text 'Delhi' is present on page  using regular expression

2022-06-30 22:49:52 - [TEST_STEP][PASSED] - verifyTextPresent("Chennai", true): Text 'Chennai' is present on page  using regular expression

2022-06-30 22:49:53 - [MESSAGE][PASSED] - Text 'Chennai' is present on page  using regular expression

2022-06-30 22:49:53 - [TEST_STEP][PASSED] - verifyTextPresent("Mumbai", true): Text 'Mumbai' is present on page  using regular expression

2022-06-30 22:49:53 - [MESSAGE][PASSED] - Text 'Mumbai' is present on page  using regular expression

2022-06-30 22:49:53 - [TEST_STEP][PASSED] - verifyTextPresent("Kanpur", true): Text 'Kanpur' is present on page  using regular expression

2022-06-30 22:49:53 - [MESSAGE][PASSED] - Text 'Kanpur' is present on page  using regular expression

2022-06-30 22:49:53 - [TEST_STEP][PASSED] - verifyTextPresent("Orange Recorded", true): Text 'Orange Recorded' is present on page  using regular expression

2022-06-30 22:49:54 - [MESSAGE][PASSED] - Text 'Orange Recorded' is present on page  using regular expression

2022-06-30 22:49:54 - [TEST_STEP][PASSED] - verifyTextPresent("Yellow Recorded", true): Text 'Yellow Recorded' is present on page  using regular expression

2022-06-30 22:49:54 - [MESSAGE][PASSED] - Text 'Yellow Recorded' is present on page  using regular expression

2022-06-30 22:49:54 - [TEST_STEP][PASSED] - verifyTextPresent("Kolkata", true): Text 'Kolkata' is present on page  using regular expression

2022-06-30 22:49:54 - [MESSAGE][PASSED] - Text 'Kolkata' is present on page  using regular expression

2022-06-30 22:49:54 - [TEST_STEP][PASSED] - verifyTextPresent("Pune", true): Text 'Pune' is present on page  using regular expression

2022-06-30 22:49:55 - [MESSAGE][PASSED] - Text 'Pune' is present on page  using regular expression

2022-06-30 22:49:55 - [TEST_STEP][PASSED] - verifyTextPresent("Bhavnagar", true): Text 'Bhavnagar' is present on page  using regular expression

2022-06-30 22:49:55 - [MESSAGE][PASSED] - Text 'Bhavnagar' is present on page  using regular expression

2022-06-30 22:49:55 - [TEST_STEP][PASSED] - verifyTextPresent("Noida", true): Text 'Noida' is present on page  using regular expression

2022-06-30 22:49:55 - [MESSAGE][PASSED] - Text 'Noida' is present on page  using regular expression

2022-06-30 22:49:55 - [TEST_STEP][PASSED] - verifyTextPresent("Amount", true): Text 'Amount' is present on page  using regular expression

2022-06-30 22:49:56 - [MESSAGE][PASSED] - Text 'Amount' is present on page  using regular expression

2022-06-30 22:49:56 - [TEST_STEP][PASSED] - verifyTextPresent("2.50", true): Text '2.50' is present on page  using regular expression

2022-06-30 22:49:56 - [MESSAGE][PASSED] - Text '2.50' is present on page  using regular expression

2022-06-30 22:49:56 - [TEST_STEP][PASSED] - verifyTextPresent("Transaction Type", true): Text 'Transaction Type' is present on page  using regular expression

2022-06-30 22:49:56 - [MESSAGE][PASSED] - Text 'Transaction Type' is present on page  using regular expression

2022-06-30 22:49:56 - [TEST_STEP][PASSED] - verifyTextPresent("Debit", true): Text 'Debit' is present on page  using regular expression

2022-06-30 22:49:57 - [MESSAGE][PASSED] - Text 'Debit' is present on page  using regular expression

2022-06-30 22:49:57 - [TEST_STEP][PASSED] - verifyTextPresent("Check Information", true): Text 'Check Information' is present on page  using regular expression

2022-06-30 22:49:57 - [MESSAGE][PASSED] - Text 'Check Information' is present on page  using regular expression

2022-06-30 22:49:57 - [TEST_STEP][PASSED] - verifyTextPresent("Account Type", true): Text 'Account Type' is present on page  using regular expression

2022-06-30 22:49:57 - [MESSAGE][PASSED] - Text 'Account Type' is present on page  using regular expression

2022-06-30 22:49:57 - [TEST_STEP][PASSED] - verifyTextPresent("Account Number", true): Text 'Account Number' is present on page  using regular expression

2022-06-30 22:49:58 - [MESSAGE][PASSED] - Text 'Account Number' is present on page  using regular expression

2022-06-30 22:49:58 - [TEST_STEP][PASSED] - verifyTextPresent("Routing Number", true): Text 'Routing Number' is present on page  using regular expression

2022-06-30 22:49:58 - [MESSAGE][PASSED] - Text 'Routing Number' is present on page  using regular expression

2022-06-30 22:49:58 - [TEST_STEP][PASSED] - verifyTextPresent("Address Line 1", true): Text 'Address Line 1' is present on page  using regular expression

2022-06-30 22:49:58 - [MESSAGE][PASSED] - Text 'Address Line 1' is present on page  using regular expression

2022-06-30 22:49:58 - [TEST_STEP][PASSED] - verifyTextPresent("Address Line 2", true): Text 'Address Line 2' is present on page  using regular expression

2022-06-30 22:49:59 - [MESSAGE][PASSED] - Text 'Address Line 2' is present on page  using regular expression

2022-06-30 22:49:59 - [TEST_STEP][PASSED] - verifyTextPresent("Country", true): Text 'Country' is present on page  using regular expression

2022-06-30 22:49:59 - [MESSAGE][PASSED] - Text 'Country' is present on page  using regular expression

2022-06-30 22:49:59 - [TEST_STEP][PASSED] - verifyTextPresent("City", true): Text 'City' is present on page  using regular expression

2022-06-30 22:49:59 - [MESSAGE][PASSED] - Text 'City' is present on page  using regular expression

2022-06-30 22:49:59 - [TEST_STEP][PASSED] - verifyTextPresent("State", true): Text 'State' is present on page  using regular expression

2022-06-30 22:50:00 - [MESSAGE][PASSED] - Text 'State' is present on page  using regular expression

2022-06-30 22:50:00 - [TEST_STEP][PASSED] - verifyTextPresent("ZIP Code", true): Text 'ZIP Code' is present on page  using regular expression

2022-06-30 22:50:00 - [MESSAGE][PASSED] - Text 'ZIP Code' is present on page  using regular expression

2022-06-30 22:50:00 - [TEST_STEP][PASSED] - verifyTextPresent("248 PhoolKaante road", true): Text '248 PhoolKaante road' is present on page  using regular expression

2022-06-30 22:50:00 - [MESSAGE][PASSED] - Text '248 PhoolKaante road' is present on page  using regular expression

2022-06-30 22:50:00 - [TEST_STEP][PASSED] - verifyTextPresent("Suite 678", true): Text 'Suite 678' is present on page  using regular expression

2022-06-30 22:50:00 - [MESSAGE][PASSED] - Text 'Suite 678' is present on page  using regular expression

2022-06-30 22:50:00 - [TEST_STEP][PASSED] - verifyTextPresent("United States", true): Text 'United States' is present on page  using regular expression

2022-06-30 22:50:01 - [MESSAGE][PASSED] - Text 'United States' is present on page  using regular expression

2022-06-30 22:50:01 - [TEST_STEP][PASSED] - verifyTextPresent("ARLINGTON", true): Text 'ARLINGTON' is present on page  using regular expression

2022-06-30 22:50:01 - [MESSAGE][PASSED] - Text 'ARLINGTON' is present on page  using regular expression

2022-06-30 22:50:01 - [TEST_STEP][PASSED] - verifyTextPresent("Virginia", true): Text 'Virginia' is present on page  using regular expression

2022-06-30 22:50:01 - [MESSAGE][PASSED] - Text 'Virginia' is present on page  using regular expression

2022-06-30 22:50:01 - [TEST_STEP][PASSED] - verifyTextPresent("22201", true): Text '22201' is present on page  using regular expression

2022-06-30 22:50:02 - [MESSAGE][PASSED] - Text '22201' is present on page  using regular expression

2022-06-30 22:50:02 - [TEST_STEP][PASSED] - tranType = findTestData(dataFile).getValue("TranType", row): null

2022-06-30 22:50:02 - [TEST_STEP][PASSED] - last4V = findTestData(dataFile).getValue("Last4", row): null

2022-06-30 22:50:02 - [TEST_STEP][PASSED] - verifyTextPresent(tranType, true): Text 'Checking' is present on page  using regular expression

2022-06-30 22:50:02 - [MESSAGE][PASSED] - Text 'Checking' is present on page  using regular expression

2022-06-30 22:50:02 - [TEST_STEP][PASSED] - verifyTextPresent(last4V, true): Text '4444' is present on page  using regular expression

2022-06-30 22:50:03 - [MESSAGE][PASSED] - Text '4444' is present on page  using regular expression

2022-06-30 22:50:03 - [TEST_STEP][PASSED] - if (profNameLink.equalsIgnoreCase("a_PaymentsPC")): null

2022-06-30 22:50:03 - [TEST_STEP][PASSED] - if (profNameLink.equalsIgnoreCase("a_PaymentsPS")): null

2022-06-30 22:50:03 - [TEST_STEP][PASSED] - if (profNameLink.equalsIgnoreCase("a_PaymentsCorp")): Text '123456789' is present on page  using regular expression

2022-06-30 22:50:03 - [TEST_STEP][PASSED] - verifyTextPresent("Employer Identification Number", true): Text 'Employer Identification Number' is present on page  using regular expression

2022-06-30 22:50:03 - [MESSAGE][PASSED] - Text 'Employer Identification Number' is present on page  using regular expression

2022-06-30 22:50:03 - [TEST_STEP][PASSED] - verifyTextPresent("EIN", true): Text 'EIN' is present on page  using regular expression

2022-06-30 22:50:03 - [MESSAGE][PASSED] - Text 'EIN' is present on page  using regular expression

2022-06-30 22:50:03 - [TEST_STEP][PASSED] - verifyTextPresent("123456789", true): Text '123456789' is present on page  using regular expression

2022-06-30 22:50:03 - [MESSAGE][PASSED] - Text '123456789' is present on page  using regular expression

2022-06-30 22:50:03 - [TEST_STEP][PASSED] - switch (appName): null

2022-06-30 22:50:03 - [TEST_STEP][PASSED] - case "a_Access AutoDualCFtpQA":: null

2022-06-30 22:50:03 - [TEST_STEP][PASSED] - verifyTextPresent("5.00", true): Text '5.00' is present on page  using regular expression

2022-06-30 22:50:04 - [MESSAGE][PASSED] - Text '5.00' is present on page  using regular expression

2022-06-30 22:50:04 - [TEST_STEP][PASSED] - verifyTextPresent("Dual Transaction", true): Text 'Dual Transaction' is present on page  using regular expression

2022-06-30 22:50:04 - [MESSAGE][PASSED] - Text 'Dual Transaction' is present on page  using regular expression

2022-06-30 22:50:04 - [TEST_STEP][PASSED] - verifyTextPresent("7.50", true): Text '7.50' is present on page  using regular expression

2022-06-30 22:50:04 - [MESSAGE][PASSED] - Text '7.50' is present on page  using regular expression

2022-06-30 22:50:04 - [TEST_STEP][PASSED] - verifyTextPresent("Total Amount", true): Text 'Total Amount' is present on page  using regular expression

2022-06-30 22:50:05 - [MESSAGE][PASSED] - Text 'Total Amount' is present on page  using regular expression

2022-06-30 22:50:05 - [TEST_STEP][PASSED] - verifyTextPresent("Transaction Type", true): Text 'Transaction Type' is present on page  using regular expression

2022-06-30 22:50:05 - [MESSAGE][PASSED] - Text 'Transaction Type' is present on page  using regular expression

2022-06-30 22:50:05 - [TEST_STEP][PASSED] - break: null

2022-06-30 22:50:05 - [TEST_STEP][PASSED] - closeBrowser(): Browser is closed

2022-06-30 22:50:06 - [MESSAGE][PASSED] - Browser is closed]]></system-out>
         <system-err><![CDATA[]]></system-err>
      </testcase>
      <system-out><![CDATA[2022-06-30 22:14:28 - [TEST_SUITE][PASSED] - VPS-Payments-TestSuite: Test Cases/Admin Suite Bootstrap/VSP_Payments_TestCases/Debit_TP_AllCF_Generic_Payment_TC]]></system-out>
      <system-err><![CDATA[]]></system-err>
   </testsuite>
</testsuites>
