<?xml version="1.0" encoding="UTF-8"?>
<testsuites name="VPS-Payments-TestSuite" time="1275.499" tests="2" failures="0" errors="0">
   <testsuite name="VPS-Payments-TestSuite" tests="2" failures="0" errors="0" time="1275.499" skipped="0" timestamp="2022-05-11 19:25:19" hostname="imtiaz - DESKTOP-B2QI6NS.govolution.com" id="Test Suites/AdminSuiteBootstrap_TestSuite/VSP-Bootstrap/VPS-Payments-TestSuite">
      <properties>
         <property name="deviceName" value=""/>
         <property name="devicePlatform" value=""/>
         <property name="logFolder" value="E:\\Cloned-Project-Katalon\\VPS-Katalon\\Reports\\20220511_192513\\AdminSuiteBootstrap_TestSuite\\VSP-Bootstrap\\VPS-Payments-TestSuite\\20220511_192513"/>
         <property name="logFiles" value="E:\\Cloned-Project-Katalon\\VPS-Katalon\\Reports\\20220511_192513\\AdminSuiteBootstrap_TestSuite\\VSP-Bootstrap\\VPS-Payments-TestSuite\\20220511_192513\\execution0.log"/>
         <property name="attachments" value=""/>
         <property name="hostName" value="imtiaz - DESKTOP-B2QI6NS.govolution.com"/>
         <property name="os" value="Windows 10 64bit"/>
         <property name="katalonVersion" value="8.2.5.208"/>
         <property name="browser" value="Chrome 101.0.4951.54"/>
         <property name="hostAddress" value="172.31.253.180"/>
         <property name="sessionId" value="7da5d4976af05af01340b52bc8b78fc5"/>
         <property name="seleniumVersion" value="3.141.59"/>
         <property name="proxyInformation" value="ProxyInformation { proxyOption=NO_PROXY, proxyServerType=HTTP, username=, password=********, proxyServerAddress=, proxyServerPort=0, executionList=&quot;&quot;, isApplyToDesiredCapabilities=true }"/>
         <property name="platform" value="Windows 10"/>
      </properties>
      <testcase name="Test Cases/Admin Suite Bootstrap/VSP_Payments_TestCases/Sale_TP_AllCF_Generic_Payment_TC" time="1128.838" classname="Test Cases/Admin Suite Bootstrap/VSP_Payments_TestCases/Sale_TP_AllCF_Generic_Payment_TC" status="PASSED">
         <system-out><![CDATA[2022-05-11 19:25:20 - [TEST_CASE][PASSED] - Test Cases/Admin Suite Bootstrap/VSP_Payments_TestCases/Sale_TP_AllCF_Generic_Payment_TC: Test Cases/Admin Suite Bootstrap/VSP_Payments_TestCases/Sale_TP_AllCF_Generic_Payment_TC

2022-05-11 19:25:20 - [TEST_STEP][PASSED] - path_Dashboard = "Object Repository/AdminSuiteBootstrap_Pages/Dashboard_Bootstrap/": null

2022-05-11 19:25:20 - [TEST_STEP][PASSED] - path_VT = "Object Repository/AdminSuiteBootstrap_Pages/VT_Bootstrap/IssueTransactions/": null

2022-05-11 19:25:20 - [TEST_STEP][PASSED] - path_CreateProfile = "Object Repository/AdminSuiteBootstrap_Pages/VSP_Bootstrap/CreateProfile/": null

2022-05-11 19:25:20 - [TEST_STEP][PASSED] - path_AddAccount = "Object Repository/AdminSuiteBootstrap_Pages/VSP_Bootstrap/AddAccount/": null

2022-05-11 19:25:20 - [TEST_STEP][PASSED] - path_Add_ACH = "Object Repository/AdminSuiteBootstrap_Pages/VSP_Bootstrap/AddACH/": null

2022-05-11 19:25:20 - [TEST_STEP][PASSED] - path_Add_CC = "Object Repository/AdminSuiteBootstrap_Pages/VSP_Bootstrap/AddCreditCard/": null

2022-05-11 19:25:20 - [TEST_STEP][PASSED] - path_App_Plan = "Object Repository/AdminSuiteBootstrap_Pages/VSP_Bootstrap/AddPaymentPlan/": null

2022-05-11 19:25:20 - [TEST_STEP][PASSED] - path_DeleteProfile = "Object Repository/AdminSuiteBootstrap_Pages/VSP_Bootstrap/DeleteProfile/": null

2022-05-11 19:25:20 - [TEST_STEP][PASSED] - path_ModifyProfile = "Object Repository/AdminSuiteBootstrap_Pages/VSP_Bootstrap/ModifyProfile/": null

2022-05-11 19:25:20 - [TEST_STEP][PASSED] - path_ViewProfile = "Object Repository/AdminSuiteBootstrap_Pages/VSP_Bootstrap/View Profile/": null

2022-05-11 19:25:20 - [TEST_STEP][PASSED] - path_VSPAuth = "Object Repository/AdminSuiteBootstrap_Pages/VSP_Bootstrap/VSP_Auth/": null

2022-05-11 19:25:20 - [TEST_STEP][PASSED] - path_VSPAuthCap = "Object Repository/AdminSuiteBootstrap_Pages/VSP_Bootstrap/VSP_Authcap/": null

2022-05-11 19:25:20 - [TEST_STEP][PASSED] - path_Debit = "Object Repository/AdminSuiteBootstrap_Pages/VSP_Bootstrap/VSP_Debit/": null

2022-05-11 19:25:20 - [TEST_STEP][PASSED] - path_DeleteProfileConfirm = "Object Repository/AdminSuiteBootstrap_Pages/VSP_Bootstrap/DeleteProfileConfirm/": null

2022-05-11 19:25:20 - [TEST_STEP][PASSED] - executionProfile = getExecutionProfile(): null

2022-05-11 19:25:20 - [TEST_STEP][PASSED] - out.println("executionProfile : " + executionProfile): null

2022-05-11 19:25:20 - [TEST_STEP][PASSED] - appName = <not implemented yet for class: org.codehaus.groovy.ast.expr.EmptyExpression>: null

2022-05-11 19:25:20 - [TEST_STEP][PASSED] - appID = <not implemented yet for class: org.codehaus.groovy.ast.expr.EmptyExpression>: null

2022-05-11 19:25:20 - [TEST_STEP][PASSED] - cardNameV = <not implemented yet for class: org.codehaus.groovy.ast.expr.EmptyExpression>: null

2022-05-11 19:25:20 - [TEST_STEP][PASSED] - al1V = <not implemented yet for class: org.codehaus.groovy.ast.expr.EmptyExpression>: null

2022-05-11 19:25:20 - [TEST_STEP][PASSED] - al2V = <not implemented yet for class: org.codehaus.groovy.ast.expr.EmptyExpression>: null

2022-05-11 19:25:20 - [TEST_STEP][PASSED] - zipV = <not implemented yet for class: org.codehaus.groovy.ast.expr.EmptyExpression>: null

2022-05-11 19:25:20 - [TEST_STEP][PASSED] - cardTypeV = <not implemented yet for class: org.codehaus.groovy.ast.expr.EmptyExpression>: null

2022-05-11 19:25:20 - [TEST_STEP][PASSED] - last4V = <not implemented yet for class: org.codehaus.groovy.ast.expr.EmptyExpression>: null

2022-05-11 19:25:20 - [TEST_STEP][PASSED] - nameSheet = "CC-Payments-Sale": null

2022-05-11 19:25:20 - [TEST_STEP][PASSED] - numOfRows = findTestData("QA/Bootstrap/VSP-Payments-TestData/CC-Payments-Sale").getRowNumbers(): null

2022-05-11 19:25:21 - [TEST_STEP][PASSED] - println("Number of Records: " + numOfRows): null

2022-05-11 19:25:21 - [TEST_STEP][PASSED] - dataFile = "QA/Bootstrap/VSP-Payments-TestData/CC-Payments-Sale": null

2022-05-11 19:25:21 - [TEST_STEP][PASSED] - for ([row = 1, row <= numOfRows, (row++)]): Browser is closed

2022-05-11 19:25:21 - [TEST_STEP][PASSED] - ExecuteTC = findTestData(dataFile).getValue("Execute", row): null

2022-05-11 19:25:21 - [TEST_STEP][PASSED] - out.println("Value of Execute is : " + ExecuteTC): null

2022-05-11 19:25:21 - [TEST_STEP][PASSED] - switch (executionProfile): null

2022-05-11 19:25:21 - [TEST_STEP][PASSED] - case "QAProfile":: null

2022-05-11 19:25:21 - [TEST_STEP][PASSED] - appName = findTestData(dataFile).getValue("AppNameQA", row): null

2022-05-11 19:25:21 - [TEST_STEP][PASSED] - appID = findTestData(dataFile).getValue("AppIDQA", row): null

2022-05-11 19:25:21 - [TEST_STEP][PASSED] - break: null

2022-05-11 19:25:21 - [TEST_STEP][PASSED] - if (ExecuteTC.equalsIgnoreCase("Y")): null

2022-05-11 19:25:21 - [TEST_STEP][PASSED] - out.println("Begin Record Number: " + row): null

2022-05-11 19:25:21 - [TEST_STEP][PASSED] - today = new java.util.Date(): null

2022-05-11 19:25:21 - [TEST_STEP][PASSED] - println(today): null

2022-05-11 19:25:21 - [TEST_STEP][PASSED] - datText = today: null

2022-05-11 19:25:21 - [TEST_STEP][PASSED] - adminSuiteBootstrap.loginFunctionality.login_AdminSuite(): adminSuiteBootstrap.loginFunctionality.login_AdminSuite is PASSED

2022-05-11 19:25:22 - [MESSAGE][INFO] - Starting 'Chrome' driver

2022-05-11 19:25:22 - [MESSAGE][INFO] - User set preference: ['acceptInsecureCerts', 'true']

2022-05-11 19:25:22 - [MESSAGE][INFO] - Action delay is set to 0 milliseconds

2022-05-11 19:25:26 - [MESSAGE][PASSED] - Browser is opened with url: 'https://qa.velocitypayment.com/admin/imtiaz'

2022-05-11 19:25:26 - [MESSAGE][PASSED] - Current window maximized

2022-05-11 19:25:26 - [MESSAGE][PASSED] - Object 'Object Repository/Login_Page/Login_Username' is present

2022-05-11 19:25:27 - [MESSAGE][PASSED] - Text 'iahmed' is set on object 'Object Repository/Login_Page/Login_Username'

2022-05-11 19:25:28 - [MESSAGE][PASSED] - Text 'hello2222' is set on object 'Object Repository/Login_Page/Login_Password'

2022-05-11 19:25:31 - [MESSAGE][PASSED] - Object: 'Object Repository/Login_Page/Login_Submit' is clicked on

2022-05-11 19:25:31 - [MESSAGE][PASSED] - adminSuiteBootstrap.loginFunctionality.login_AdminSuite is PASSED

2022-05-11 19:25:31 - [TEST_STEP][PASSED] - click(findTestObject(path_Dashboard + appName)): Object: 'Object Repository/AdminSuiteBootstrap_Pages/Dashboard_Bootstrap/a_Access AutoNoCFtp' is clicked on

2022-05-11 19:25:32 - [MESSAGE][PASSED] - Object: 'Object Repository/AdminSuiteBootstrap_Pages/Dashboard_Bootstrap/a_Access AutoNoCFtp' is clicked on

2022-05-11 19:25:32 - [TEST_STEP][PASSED] - click(findTestObject(path_VT + "a_Find Profile")): Object: 'Object Repository/AdminSuiteBootstrap_Pages/VT_Bootstrap/IssueTransactions/a_Find Profile' is clicked on

2022-05-11 19:25:32 - [MESSAGE][PASSED] - Object: 'Object Repository/AdminSuiteBootstrap_Pages/VT_Bootstrap/IssueTransactions/a_Find Profile' is clicked on

2022-05-11 19:25:32 - [TEST_STEP][PASSED] - criteria = <not implemented yet for class: org.codehaus.groovy.ast.expr.EmptyExpression>: null

2022-05-11 19:25:32 - [TEST_STEP][PASSED] - searchBy = <not implemented yet for class: org.codehaus.groovy.ast.expr.EmptyExpression>: null

2022-05-11 19:25:32 - [TEST_STEP][PASSED] - criteria = findTestData(dataFile).getValue("ProfileName", row): null

2022-05-11 19:25:32 - [TEST_STEP][PASSED] - path_SearchProfile = "Object Repository/AdminSuiteBootstrap_Pages/VSP_Bootstrap/SearchProfile/": null

2022-05-11 19:25:32 - [TEST_STEP][PASSED] - setText(findTestObject(path_SearchProfile + "input_Criteria"), criteria): Text 'PaymentsVisa' is set on object 'Object Repository/AdminSuiteBootstrap_Pages/VSP_Bootstrap/SearchProfile/input_Criteria'

2022-05-11 19:25:33 - [MESSAGE][PASSED] - Text 'PaymentsVisa' is set on object 'Object Repository/AdminSuiteBootstrap_Pages/VSP_Bootstrap/SearchProfile/input_Criteria'

2022-05-11 19:25:33 - [TEST_STEP][PASSED] - click(findTestObject(path_SearchProfile + "button_Search")): Object: 'Object Repository/AdminSuiteBootstrap_Pages/VSP_Bootstrap/SearchProfile/button_Search' is clicked on

2022-05-11 19:25:34 - [MESSAGE][PASSED] - Object: 'Object Repository/AdminSuiteBootstrap_Pages/VSP_Bootstrap/SearchProfile/button_Search' is clicked on

2022-05-11 19:25:34 - [TEST_STEP][PASSED] - profNameLink = findTestData(dataFile).getValue("ProfileNameLink", row): null

2022-05-11 19:25:34 - [TEST_STEP][PASSED] - click(findTestObject(path_ViewProfile + profNameLink)): Object: 'Object Repository/AdminSuiteBootstrap_Pages/VSP_Bootstrap/View Profile/a_PaymentsVisa' is clicked on

2022-05-11 19:25:36 - [MESSAGE][PASSED] - Object: 'Object Repository/AdminSuiteBootstrap_Pages/VSP_Bootstrap/View Profile/a_PaymentsVisa' is clicked on

2022-05-11 19:25:36 - [TEST_STEP][PASSED] - click(findTestObject(path_ViewProfile + "a_AuthCap")): Object: 'Object Repository/AdminSuiteBootstrap_Pages/VSP_Bootstrap/View Profile/a_AuthCap' is clicked on

2022-05-11 19:25:37 - [MESSAGE][PASSED] - Object: 'Object Repository/AdminSuiteBootstrap_Pages/VSP_Bootstrap/View Profile/a_AuthCap' is clicked on

2022-05-11 19:25:37 - [TEST_STEP][PASSED] - verifyTextPresent("Credit Card Authorization Capture", true): Text 'Credit Card Authorization Capture' is present on page  using regular expression

2022-05-11 19:25:38 - [MESSAGE][PASSED] - Text 'Credit Card Authorization Capture' is present on page  using regular expression

2022-05-11 19:25:38 - [TEST_STEP][PASSED] - verifyTextPresent("Sale", true): Text 'Sale' is present on page  using regular expression

2022-05-11 19:25:38 - [MESSAGE][PASSED] - Text 'Sale' is present on page  using regular expression

2022-05-11 19:25:38 - [TEST_STEP][PASSED] - verifyTextPresent("Required fields are highlighted with an asterisk", true): Text 'Required fields are highlighted with an asterisk' is present on page  using regular expression

2022-05-11 19:25:38 - [MESSAGE][PASSED] - Text 'Required fields are highlighted with an asterisk' is present on page  using regular expression

2022-05-11 19:25:38 - [TEST_STEP][PASSED] - verifyTextPresent("Remittance ID", true): Text 'Remittance ID' is present on page  using regular expression

2022-05-11 19:25:39 - [MESSAGE][PASSED] - Text 'Remittance ID' is present on page  using regular expression

2022-05-11 19:25:39 - [TEST_STEP][PASSED] - vspBootstrap.SalePage.setDataSaleAndAuth(row, dataFile): vspBootstrap.SalePage.setDataSaleAndAuth is PASSED

2022-05-11 19:25:41 - [MESSAGE][PASSED] - All options with value 'MOTO' are selected in object 'Object Repository/AdminSuiteBootstrap_Pages/VSP_Bootstrap/VSP_Authcap/select_TransactionCategory'  using regular expression

2022-05-11 19:25:41 - [MESSAGE][PASSED] - Text '123' is set on object 'Object Repository/AdminSuiteBootstrap_Pages/VSP_Bootstrap/VSP_Authcap/input_cvv'

2022-05-11 19:25:42 - [MESSAGE][PASSED] - Text '' is set on object 'Object Repository/AdminSuiteBootstrap_Pages/VSP_Bootstrap/VSP_Authcap/input_smsNumber'

2022-05-11 19:25:43 - [MESSAGE][PASSED] - Text '2.50' is set on object 'Object Repository/AdminSuiteBootstrap_Pages/VSP_Bootstrap/VSP_Authcap/input_amount'

2022-05-11 19:25:43 - [MESSAGE][PASSED] - Text 'Delhi' is set on object 'Object Repository/AdminSuiteBootstrap_Pages/VSP_Bootstrap/VSP_Authcap/input_userDefined1'

2022-05-11 19:25:44 - [MESSAGE][PASSED] - Text 'Chennai' is set on object 'Object Repository/AdminSuiteBootstrap_Pages/VSP_Bootstrap/VSP_Authcap/input_userDefined2'

2022-05-11 19:25:45 - [MESSAGE][PASSED] - Text 'Mumbai' is set on object 'Object Repository/AdminSuiteBootstrap_Pages/VSP_Bootstrap/VSP_Authcap/input_userDefined3'

2022-05-11 19:25:45 - [MESSAGE][PASSED] - Text 'Kanpur' is set on object 'Object Repository/AdminSuiteBootstrap_Pages/VSP_Bootstrap/VSP_Authcap/input_userDefined4'

2022-05-11 19:25:46 - [MESSAGE][PASSED] - All options with label 'Orange' are selected in object 'Object Repository/AdminSuiteBootstrap_Pages/VSP_Bootstrap/VSP_Authcap/select_UDF5'  using regular expression

2022-05-11 19:25:47 - [MESSAGE][PASSED] - All options with label 'Yellow' are selected in object 'Object Repository/AdminSuiteBootstrap_Pages/VSP_Bootstrap/VSP_Authcap/select_UDF6'  using regular expression

2022-05-11 19:25:48 - [MESSAGE][PASSED] - Text 'Kolkata' is set on object 'Object Repository/AdminSuiteBootstrap_Pages/VSP_Bootstrap/VSP_Authcap/input_userDefined7'

2022-05-11 19:25:49 - [MESSAGE][PASSED] - Text 'Pune' is set on object 'Object Repository/AdminSuiteBootstrap_Pages/VSP_Bootstrap/VSP_Authcap/input_userDefined8'

2022-05-11 19:25:50 - [MESSAGE][PASSED] - Text 'Bhavnagar' is set on object 'Object Repository/AdminSuiteBootstrap_Pages/VSP_Bootstrap/VSP_Authcap/input_userDefined9'

2022-05-11 19:25:50 - [MESSAGE][PASSED] - Text 'Noida' is set on object 'Object Repository/AdminSuiteBootstrap_Pages/VSP_Bootstrap/VSP_Authcap/input_userDefined10'

2022-05-11 19:25:53 - [MESSAGE][PASSED] - Object: 'Object Repository/AdminSuiteBootstrap_Pages/VSP_Bootstrap/VSP_Authcap/button_Submit' is clicked on

2022-05-11 19:25:53 - [MESSAGE][PASSED] - vspBootstrap.SalePage.setDataSaleAndAuth is PASSED

2022-05-11 19:25:53 - [TEST_STEP][PASSED] - verifyTextPresent("Transaction Successful", true): Text 'Transaction Successful' is present on page  using regular expression

2022-05-11 19:25:54 - [MESSAGE][PASSED] - Text 'Transaction Successful' is present on page  using regular expression

2022-05-11 19:25:54 - [TEST_STEP][PASSED] - verifyElementVisible(findTestObject("Object Repository/AdminSuiteBootstrap_Pages/VT_Bootstrap/Receipt/button_Continue")): Object 'Object Repository/AdminSuiteBootstrap_Pages/VT_Bootstrap/Receipt/button_Continue' is visible

2022-05-11 19:25:54 - [MESSAGE][PASSED] - Object 'Object Repository/AdminSuiteBootstrap_Pages/VT_Bootstrap/Receipt/button_Continue' is visible

2022-05-11 19:25:54 - [TEST_STEP][PASSED] - verifyElementPresent(findTestObject("Object Repository/AdminSuiteBootstrap_Pages/VT_Bootstrap/Receipt/button_Continue"), 20): Object 'Object Repository/AdminSuiteBootstrap_Pages/VT_Bootstrap/Receipt/button_Continue' is present

2022-05-11 19:25:54 - [MESSAGE][PASSED] - Object 'Object Repository/AdminSuiteBootstrap_Pages/VT_Bootstrap/Receipt/button_Continue' is present

2022-05-11 19:25:54 - [TEST_STEP][PASSED] - verifyElementVisible(findTestObject("Object Repository/AdminSuiteBootstrap_Pages/VT_Bootstrap/Receipt/button_Print")): Object 'Object Repository/AdminSuiteBootstrap_Pages/VT_Bootstrap/Receipt/button_Print' is visible

2022-05-11 19:25:55 - [MESSAGE][PASSED] - Object 'Object Repository/AdminSuiteBootstrap_Pages/VT_Bootstrap/Receipt/button_Print' is visible

2022-05-11 19:25:55 - [TEST_STEP][PASSED] - verifyElementPresent(findTestObject("Object Repository/AdminSuiteBootstrap_Pages/VT_Bootstrap/Receipt/button_Print"), 20): Object 'Object Repository/AdminSuiteBootstrap_Pages/VT_Bootstrap/Receipt/button_Print' is present

2022-05-11 19:25:55 - [MESSAGE][PASSED] - Object 'Object Repository/AdminSuiteBootstrap_Pages/VT_Bootstrap/Receipt/button_Print' is present

2022-05-11 19:25:55 - [TEST_STEP][PASSED] - verifyTextPresent("Remittance ID", true): Text 'Remittance ID' is present on page  using regular expression

2022-05-11 19:25:55 - [MESSAGE][PASSED] - Text 'Remittance ID' is present on page  using regular expression

2022-05-11 19:25:55 - [TEST_STEP][PASSED] - verifyTextPresent("Received", true): Text 'Received' is present on page  using regular expression

2022-05-11 19:25:56 - [MESSAGE][PASSED] - Text 'Received' is present on page  using regular expression

2022-05-11 19:25:56 - [TEST_STEP][PASSED] - verifyTextPresent("UDF1", true): Text 'UDF1' is present on page  using regular expression

2022-05-11 19:25:56 - [MESSAGE][PASSED] - Text 'UDF1' is present on page  using regular expression

2022-05-11 19:25:56 - [TEST_STEP][PASSED] - verifyTextPresent("UDF2", true): Text 'UDF2' is present on page  using regular expression

2022-05-11 19:25:56 - [MESSAGE][PASSED] - Text 'UDF2' is present on page  using regular expression

2022-05-11 19:25:56 - [TEST_STEP][PASSED] - verifyTextPresent("UDF3", true): Text 'UDF3' is present on page  using regular expression

2022-05-11 19:25:57 - [MESSAGE][PASSED] - Text 'UDF3' is present on page  using regular expression

2022-05-11 19:25:57 - [TEST_STEP][PASSED] - verifyTextPresent("UDF4", true): Text 'UDF4' is present on page  using regular expression

2022-05-11 19:25:57 - [MESSAGE][PASSED] - Text 'UDF4' is present on page  using regular expression

2022-05-11 19:25:57 - [TEST_STEP][PASSED] - verifyTextPresent("UDF5", true): Text 'UDF5' is present on page  using regular expression

2022-05-11 19:25:57 - [MESSAGE][PASSED] - Text 'UDF5' is present on page  using regular expression

2022-05-11 19:25:57 - [TEST_STEP][PASSED] - verifyTextPresent("UDF6", true): Text 'UDF6' is present on page  using regular expression

2022-05-11 19:25:57 - [MESSAGE][PASSED] - Text 'UDF6' is present on page  using regular expression

2022-05-11 19:25:57 - [TEST_STEP][PASSED] - verifyTextPresent("UDF7", true): Text 'UDF7' is present on page  using regular expression

2022-05-11 19:25:58 - [MESSAGE][PASSED] - Text 'UDF7' is present on page  using regular expression

2022-05-11 19:25:58 - [TEST_STEP][PASSED] - verifyTextPresent("UDF8", true): Text 'UDF8' is present on page  using regular expression

2022-05-11 19:25:58 - [MESSAGE][PASSED] - Text 'UDF8' is present on page  using regular expression

2022-05-11 19:25:58 - [TEST_STEP][PASSED] - verifyTextPresent("UDF9", true): Text 'UDF9' is present on page  using regular expression

2022-05-11 19:25:58 - [MESSAGE][PASSED] - Text 'UDF9' is present on page  using regular expression

2022-05-11 19:25:58 - [TEST_STEP][PASSED] - verifyTextPresent("UDF 10", true): Text 'UDF 10' is present on page  using regular expression

2022-05-11 19:25:59 - [MESSAGE][PASSED] - Text 'UDF 10' is present on page  using regular expression

2022-05-11 19:25:59 - [TEST_STEP][PASSED] - verifyTextPresent("Delhi", true): Text 'Delhi' is present on page  using regular expression

2022-05-11 19:25:59 - [MESSAGE][PASSED] - Text 'Delhi' is present on page  using regular expression

2022-05-11 19:25:59 - [TEST_STEP][PASSED] - verifyTextPresent("Chennai", true): Text 'Chennai' is present on page  using regular expression

2022-05-11 19:25:59 - [MESSAGE][PASSED] - Text 'Chennai' is present on page  using regular expression

2022-05-11 19:25:59 - [TEST_STEP][PASSED] - verifyTextPresent("Mumbai", true): Text 'Mumbai' is present on page  using regular expression

2022-05-11 19:26:00 - [MESSAGE][PASSED] - Text 'Mumbai' is present on page  using regular expression

2022-05-11 19:26:00 - [TEST_STEP][PASSED] - verifyTextPresent("Kanpur", true): Text 'Kanpur' is present on page  using regular expression

2022-05-11 19:26:00 - [MESSAGE][PASSED] - Text 'Kanpur' is present on page  using regular expression

2022-05-11 19:26:00 - [TEST_STEP][PASSED] - verifyTextPresent("Orange Recorded", true): Text 'Orange Recorded' is present on page  using regular expression

2022-05-11 19:26:00 - [MESSAGE][PASSED] - Text 'Orange Recorded' is present on page  using regular expression

2022-05-11 19:26:00 - [TEST_STEP][PASSED] - verifyTextPresent("Yellow Recorded", true): Text 'Yellow Recorded' is present on page  using regular expression

2022-05-11 19:26:01 - [MESSAGE][PASSED] - Text 'Yellow Recorded' is present on page  using regular expression

2022-05-11 19:26:01 - [TEST_STEP][PASSED] - verifyTextPresent("Kolkata", true): Text 'Kolkata' is present on page  using regular expression

2022-05-11 19:26:01 - [MESSAGE][PASSED] - Text 'Kolkata' is present on page  using regular expression

2022-05-11 19:26:01 - [TEST_STEP][PASSED] - verifyTextPresent("Pune", true): Text 'Pune' is present on page  using regular expression

2022-05-11 19:26:01 - [MESSAGE][PASSED] - Text 'Pune' is present on page  using regular expression

2022-05-11 19:26:01 - [TEST_STEP][PASSED] - verifyTextPresent("Bhavnagar", true): Text 'Bhavnagar' is present on page  using regular expression

2022-05-11 19:26:02 - [MESSAGE][PASSED] - Text 'Bhavnagar' is present on page  using regular expression

2022-05-11 19:26:02 - [TEST_STEP][PASSED] - verifyTextPresent("Noida", true): Text 'Noida' is present on page  using regular expression

2022-05-11 19:26:02 - [MESSAGE][PASSED] - Text 'Noida' is present on page  using regular expression

2022-05-11 19:26:02 - [TEST_STEP][PASSED] - verifyTextPresent("Amount", true): Text 'Amount' is present on page  using regular expression

2022-05-11 19:26:02 - [MESSAGE][PASSED] - Text 'Amount' is present on page  using regular expression

2022-05-11 19:26:02 - [TEST_STEP][PASSED] - verifyTextPresent("2.50", true): Text '2.50' is present on page  using regular expression

2022-05-11 19:26:03 - [MESSAGE][PASSED] - Text '2.50' is present on page  using regular expression

2022-05-11 19:26:03 - [TEST_STEP][PASSED] - verifyTextPresent("Authorization and Capture", true): Text 'Authorization and Capture' is present on page  using regular expression

2022-05-11 19:26:03 - [MESSAGE][PASSED] - Text 'Authorization and Capture' is present on page  using regular expression

2022-05-11 19:26:03 - [TEST_STEP][PASSED] - verifyTextPresent("Card Information", true): Text 'Card Information' is present on page  using regular expression

2022-05-11 19:26:03 - [MESSAGE][PASSED] - Text 'Card Information' is present on page  using regular expression

2022-05-11 19:26:03 - [TEST_STEP][PASSED] - verifyTextPresent("TANDON RAVENA", true): Text 'TANDON RAVENA' is present on page  using regular expression

2022-05-11 19:26:04 - [MESSAGE][PASSED] - Text 'TANDON RAVENA' is present on page  using regular expression

2022-05-11 19:26:04 - [TEST_STEP][PASSED] - verifyTextPresent("Address Line 1", true): Text 'Address Line 1' is present on page  using regular expression

2022-05-11 19:26:04 - [MESSAGE][PASSED] - Text 'Address Line 1' is present on page  using regular expression

2022-05-11 19:26:04 - [TEST_STEP][PASSED] - verifyTextPresent("Address Line 2", true): Text 'Address Line 2' is present on page  using regular expression

2022-05-11 19:26:04 - [MESSAGE][PASSED] - Text 'Address Line 2' is present on page  using regular expression

2022-05-11 19:26:04 - [TEST_STEP][PASSED] - verifyTextPresent("Country", true): Text 'Country' is present on page  using regular expression

2022-05-11 19:26:05 - [MESSAGE][PASSED] - Text 'Country' is present on page  using regular expression

2022-05-11 19:26:05 - [TEST_STEP][PASSED] - verifyTextPresent("City", true): Text 'City' is present on page  using regular expression

2022-05-11 19:26:05 - [MESSAGE][PASSED] - Text 'City' is present on page  using regular expression

2022-05-11 19:26:05 - [TEST_STEP][PASSED] - verifyTextPresent("State", true): Text 'State' is present on page  using regular expression

2022-05-11 19:26:05 - [MESSAGE][PASSED] - Text 'State' is present on page  using regular expression

2022-05-11 19:26:05 - [TEST_STEP][PASSED] - verifyTextPresent("ZIP Code", true): Text 'ZIP Code' is present on page  using regular expression

2022-05-11 19:26:06 - [MESSAGE][PASSED] - Text 'ZIP Code' is present on page  using regular expression

2022-05-11 19:26:06 - [TEST_STEP][PASSED] - verifyTextPresent("248 PhoolKaante road", true): Text '248 PhoolKaante road' is present on page  using regular expression

2022-05-11 19:26:06 - [MESSAGE][PASSED] - Text '248 PhoolKaante road' is present on page  using regular expression

2022-05-11 19:26:06 - [TEST_STEP][PASSED] - verifyTextPresent("Suite 678", true): Text 'Suite 678' is present on page  using regular expression

2022-05-11 19:26:06 - [MESSAGE][PASSED] - Text 'Suite 678' is present on page  using regular expression

2022-05-11 19:26:06 - [TEST_STEP][PASSED] - verifyTextPresent("United States", true): Text 'United States' is present on page  using regular expression

2022-05-11 19:26:07 - [MESSAGE][PASSED] - Text 'United States' is present on page  using regular expression

2022-05-11 19:26:07 - [TEST_STEP][PASSED] - verifyTextPresent("ARLINGTON", true): Text 'ARLINGTON' is present on page  using regular expression

2022-05-11 19:26:07 - [MESSAGE][PASSED] - Text 'ARLINGTON' is present on page  using regular expression

2022-05-11 19:26:07 - [TEST_STEP][PASSED] - verifyTextPresent("VA", true): Text 'VA' is present on page  using regular expression

2022-05-11 19:26:07 - [MESSAGE][PASSED] - Text 'VA' is present on page  using regular expression

2022-05-11 19:26:07 - [TEST_STEP][PASSED] - verifyTextPresent("22201", true): Text '22201' is present on page  using regular expression

2022-05-11 19:26:08 - [MESSAGE][PASSED] - Text '22201' is present on page  using regular expression

2022-05-11 19:26:08 - [TEST_STEP][PASSED] - cardTypeV = findTestData(dataFile).getValue("CardType", row): null

2022-05-11 19:26:08 - [TEST_STEP][PASSED] - last4V = findTestData(dataFile).getValue("Last4", row): null

2022-05-11 19:26:08 - [TEST_STEP][PASSED] - verifyTextPresent(cardTypeV, true): Text 'Visa' is present on page  using regular expression

2022-05-11 19:26:08 - [MESSAGE][PASSED] - Text 'Visa' is present on page  using regular expression

2022-05-11 19:26:08 - [TEST_STEP][PASSED] - verifyTextPresent(last4V, true): Text '5439' is present on page  using regular expression

2022-05-11 19:26:08 - [MESSAGE][PASSED] - Text '5439' is present on page  using regular expression

2022-05-11 19:26:08 - [TEST_STEP][PASSED] - switch (appName): null

2022-05-11 19:26:08 - [TEST_STEP][PASSED] - closeBrowser(): Browser is closed

2022-05-11 19:26:09 - [MESSAGE][PASSED] - Browser is closed

2022-05-11 19:26:09 - [TEST_STEP][PASSED] - ExecuteTC = findTestData(dataFile).getValue("Execute", row): null

2022-05-11 19:26:09 - [TEST_STEP][PASSED] - out.println("Value of Execute is : " + ExecuteTC): null

2022-05-11 19:26:09 - [TEST_STEP][PASSED] - switch (executionProfile): null

2022-05-11 19:26:09 - [TEST_STEP][PASSED] - case "QAProfile":: null

2022-05-11 19:26:09 - [TEST_STEP][PASSED] - appName = findTestData(dataFile).getValue("AppNameQA", row): null

2022-05-11 19:26:09 - [TEST_STEP][PASSED] - appID = findTestData(dataFile).getValue("AppIDQA", row): null

2022-05-11 19:26:09 - [TEST_STEP][PASSED] - break: null

2022-05-11 19:26:09 - [TEST_STEP][PASSED] - if (ExecuteTC.equalsIgnoreCase("Y")): null

2022-05-11 19:26:09 - [TEST_STEP][PASSED] - out.println("Begin Record Number: " + row): null

2022-05-11 19:26:09 - [TEST_STEP][PASSED] - today = new java.util.Date(): null

2022-05-11 19:26:09 - [TEST_STEP][PASSED] - println(today): null

2022-05-11 19:26:09 - [TEST_STEP][PASSED] - datText = today: null

2022-05-11 19:26:09 - [TEST_STEP][PASSED] - adminSuiteBootstrap.loginFunctionality.login_AdminSuite(): adminSuiteBootstrap.loginFunctionality.login_AdminSuite is PASSED

2022-05-11 19:26:09 - [MESSAGE][INFO] - Starting 'Chrome' driver

2022-05-11 19:26:09 - [MESSAGE][INFO] - User set preference: ['acceptInsecureCerts', 'true']

2022-05-11 19:26:09 - [MESSAGE][INFO] - Action delay is set to 0 milliseconds

2022-05-11 19:26:12 - [MESSAGE][PASSED] - Browser is opened with url: 'https://qa.velocitypayment.com/admin/imtiaz'

2022-05-11 19:26:12 - [MESSAGE][PASSED] - Current window maximized

2022-05-11 19:26:13 - [MESSAGE][PASSED] - Object 'Object Repository/Login_Page/Login_Username' is present

2022-05-11 19:26:13 - [MESSAGE][PASSED] - Text 'iahmed' is set on object 'Object Repository/Login_Page/Login_Username'

2022-05-11 19:26:14 - [MESSAGE][PASSED] - Text 'hello2222' is set on object 'Object Repository/Login_Page/Login_Password'

2022-05-11 19:26:17 - [MESSAGE][PASSED] - Object: 'Object Repository/Login_Page/Login_Submit' is clicked on

2022-05-11 19:26:17 - [MESSAGE][PASSED] - adminSuiteBootstrap.loginFunctionality.login_AdminSuite is PASSED

2022-05-11 19:26:17 - [TEST_STEP][PASSED] - click(findTestObject(path_Dashboard + appName)): Object: 'Object Repository/AdminSuiteBootstrap_Pages/Dashboard_Bootstrap/a_Access AutoNoCFtp' is clicked on

2022-05-11 19:26:18 - [MESSAGE][PASSED] - Object: 'Object Repository/AdminSuiteBootstrap_Pages/Dashboard_Bootstrap/a_Access AutoNoCFtp' is clicked on

2022-05-11 19:26:18 - [TEST_STEP][PASSED] - click(findTestObject(path_VT + "a_Find Profile")): Object: 'Object Repository/AdminSuiteBootstrap_Pages/VT_Bootstrap/IssueTransactions/a_Find Profile' is clicked on

2022-05-11 19:26:18 - [MESSAGE][PASSED] - Object: 'Object Repository/AdminSuiteBootstrap_Pages/VT_Bootstrap/IssueTransactions/a_Find Profile' is clicked on

2022-05-11 19:26:18 - [TEST_STEP][PASSED] - criteria = <not implemented yet for class: org.codehaus.groovy.ast.expr.EmptyExpression>: null

2022-05-11 19:26:18 - [TEST_STEP][PASSED] - searchBy = <not implemented yet for class: org.codehaus.groovy.ast.expr.EmptyExpression>: null

2022-05-11 19:26:18 - [TEST_STEP][PASSED] - criteria = findTestData(dataFile).getValue("ProfileName", row): null

2022-05-11 19:26:18 - [TEST_STEP][PASSED] - path_SearchProfile = "Object Repository/AdminSuiteBootstrap_Pages/VSP_Bootstrap/SearchProfile/": null

2022-05-11 19:26:18 - [TEST_STEP][PASSED] - setText(findTestObject(path_SearchProfile + "input_Criteria"), criteria): Text 'PaymentsMC' is set on object 'Object Repository/AdminSuiteBootstrap_Pages/VSP_Bootstrap/SearchProfile/input_Criteria'

2022-05-11 19:26:19 - [MESSAGE][PASSED] - Text 'PaymentsMC' is set on object 'Object Repository/AdminSuiteBootstrap_Pages/VSP_Bootstrap/SearchProfile/input_Criteria'

2022-05-11 19:26:19 - [TEST_STEP][PASSED] - click(findTestObject(path_SearchProfile + "button_Search")): Object: 'Object Repository/AdminSuiteBootstrap_Pages/VSP_Bootstrap/SearchProfile/button_Search' is clicked on

2022-05-11 19:26:20 - [MESSAGE][PASSED] - Object: 'Object Repository/AdminSuiteBootstrap_Pages/VSP_Bootstrap/SearchProfile/button_Search' is clicked on

2022-05-11 19:26:20 - [TEST_STEP][PASSED] - profNameLink = findTestData(dataFile).getValue("ProfileNameLink", row): null

2022-05-11 19:26:20 - [TEST_STEP][PASSED] - click(findTestObject(path_ViewProfile + profNameLink)): Object: 'Object Repository/AdminSuiteBootstrap_Pages/VSP_Bootstrap/View Profile/a_PaymentsMC' is clicked on

2022-05-11 19:26:22 - [MESSAGE][PASSED] - Object: 'Object Repository/AdminSuiteBootstrap_Pages/VSP_Bootstrap/View Profile/a_PaymentsMC' is clicked on

2022-05-11 19:26:22 - [TEST_STEP][PASSED] - click(findTestObject(path_ViewProfile + "a_AuthCap")): Object: 'Object Repository/AdminSuiteBootstrap_Pages/VSP_Bootstrap/View Profile/a_AuthCap' is clicked on

2022-05-11 19:26:23 - [MESSAGE][PASSED] - Object: 'Object Repository/AdminSuiteBootstrap_Pages/VSP_Bootstrap/View Profile/a_AuthCap' is clicked on

2022-05-11 19:26:23 - [TEST_STEP][PASSED] - verifyTextPresent("Credit Card Authorization Capture", true): Text 'Credit Card Authorization Capture' is present on page  using regular expression

2022-05-11 19:26:24 - [MESSAGE][PASSED] - Text 'Credit Card Authorization Capture' is present on page  using regular expression

2022-05-11 19:26:24 - [TEST_STEP][PASSED] - verifyTextPresent("Sale", true): Text 'Sale' is present on page  using regular expression

2022-05-11 19:26:24 - [MESSAGE][PASSED] - Text 'Sale' is present on page  using regular expression

2022-05-11 19:26:24 - [TEST_STEP][PASSED] - verifyTextPresent("Required fields are highlighted with an asterisk", true): Text 'Required fields are highlighted with an asterisk' is present on page  using regular expression

2022-05-11 19:26:24 - [MESSAGE][PASSED] - Text 'Required fields are highlighted with an asterisk' is present on page  using regular expression

2022-05-11 19:26:24 - [TEST_STEP][PASSED] - verifyTextPresent("Remittance ID", true): Text 'Remittance ID' is present on page  using regular expression

2022-05-11 19:26:25 - [MESSAGE][PASSED] - Text 'Remittance ID' is present on page  using regular expression

2022-05-11 19:26:25 - [TEST_STEP][PASSED] - vspBootstrap.SalePage.setDataSaleAndAuth(row, dataFile): vspBootstrap.SalePage.setDataSaleAndAuth is PASSED

2022-05-11 19:26:26 - [MESSAGE][PASSED] - All options with value 'MOTO' are selected in object 'Object Repository/AdminSuiteBootstrap_Pages/VSP_Bootstrap/VSP_Authcap/select_TransactionCategory'  using regular expression

2022-05-11 19:26:27 - [MESSAGE][PASSED] - Text '123' is set on object 'Object Repository/AdminSuiteBootstrap_Pages/VSP_Bootstrap/VSP_Authcap/input_cvv'

2022-05-11 19:26:28 - [MESSAGE][PASSED] - Text '' is set on object 'Object Repository/AdminSuiteBootstrap_Pages/VSP_Bootstrap/VSP_Authcap/input_smsNumber'

2022-05-11 19:26:28 - [MESSAGE][PASSED] - Text '2.50' is set on object 'Object Repository/AdminSuiteBootstrap_Pages/VSP_Bootstrap/VSP_Authcap/input_amount'

2022-05-11 19:26:29 - [MESSAGE][PASSED] - Text 'Delhi' is set on object 'Object Repository/AdminSuiteBootstrap_Pages/VSP_Bootstrap/VSP_Authcap/input_userDefined1'

2022-05-11 19:26:30 - [MESSAGE][PASSED] - Text 'Chennai' is set on object 'Object Repository/AdminSuiteBootstrap_Pages/VSP_Bootstrap/VSP_Authcap/input_userDefined2'

2022-05-11 19:26:30 - [MESSAGE][PASSED] - Text 'Mumbai' is set on object 'Object Repository/AdminSuiteBootstrap_Pages/VSP_Bootstrap/VSP_Authcap/input_userDefined3'

2022-05-11 19:26:31 - [MESSAGE][PASSED] - Text 'Kanpur' is set on object 'Object Repository/AdminSuiteBootstrap_Pages/VSP_Bootstrap/VSP_Authcap/input_userDefined4'

2022-05-11 19:26:32 - [MESSAGE][PASSED] - All options with label 'Orange' are selected in object 'Object Repository/AdminSuiteBootstrap_Pages/VSP_Bootstrap/VSP_Authcap/select_UDF5'  using regular expression

2022-05-11 19:26:33 - [MESSAGE][PASSED] - All options with label 'Yellow' are selected in object 'Object Repository/AdminSuiteBootstrap_Pages/VSP_Bootstrap/VSP_Authcap/select_UDF6'  using regular expression

2022-05-11 19:26:34 - [MESSAGE][PASSED] - Text 'Kolkata' is set on object 'Object Repository/AdminSuiteBootstrap_Pages/VSP_Bootstrap/VSP_Authcap/input_userDefined7'

2022-05-11 19:26:34 - [MESSAGE][PASSED] - Text 'Pune' is set on object 'Object Repository/AdminSuiteBootstrap_Pages/VSP_Bootstrap/VSP_Authcap/input_userDefined8'

2022-05-11 19:26:35 - [MESSAGE][PASSED] - Text 'Bhavnagar' is set on object 'Object Repository/AdminSuiteBootstrap_Pages/VSP_Bootstrap/VSP_Authcap/input_userDefined9'

2022-05-11 19:26:36 - [MESSAGE][PASSED] - Text 'Noida' is set on object 'Object Repository/AdminSuiteBootstrap_Pages/VSP_Bootstrap/VSP_Authcap/input_userDefined10'

2022-05-11 19:26:38 - [MESSAGE][PASSED] - Object: 'Object Repository/AdminSuiteBootstrap_Pages/VSP_Bootstrap/VSP_Authcap/button_Submit' is clicked on

2022-05-11 19:26:38 - [MESSAGE][PASSED] - vspBootstrap.SalePage.setDataSaleAndAuth is PASSED

2022-05-11 19:26:38 - [TEST_STEP][PASSED] - verifyTextPresent("Transaction Successful", true): Text 'Transaction Successful' is present on page  using regular expression

2022-05-11 19:26:39 - [MESSAGE][PASSED] - Text 'Transaction Successful' is present on page  using regular expression

2022-05-11 19:26:39 - [TEST_STEP][PASSED] - verifyElementVisible(findTestObject("Object Repository/AdminSuiteBootstrap_Pages/VT_Bootstrap/Receipt/button_Continue")): Object 'Object Repository/AdminSuiteBootstrap_Pages/VT_Bootstrap/Receipt/button_Continue' is visible

2022-05-11 19:26:39 - [MESSAGE][PASSED] - Object 'Object Repository/AdminSuiteBootstrap_Pages/VT_Bootstrap/Receipt/button_Continue' is visible

2022-05-11 19:26:39 - [TEST_STEP][PASSED] - verifyElementPresent(findTestObject("Object Repository/AdminSuiteBootstrap_Pages/VT_Bootstrap/Receipt/button_Continue"), 20): Object 'Object Repository/AdminSuiteBootstrap_Pages/VT_Bootstrap/Receipt/button_Continue' is present

2022-05-11 19:26:39 - [MESSAGE][PASSED] - Object 'Object Repository/AdminSuiteBootstrap_Pages/VT_Bootstrap/Receipt/button_Continue' is present

2022-05-11 19:26:39 - [TEST_STEP][PASSED] - verifyElementVisible(findTestObject("Object Repository/AdminSuiteBootstrap_Pages/VT_Bootstrap/Receipt/button_Print")): Object 'Object Repository/AdminSuiteBootstrap_Pages/VT_Bootstrap/Receipt/button_Print' is visible

2022-05-11 19:26:40 - [MESSAGE][PASSED] - Object 'Object Repository/AdminSuiteBootstrap_Pages/VT_Bootstrap/Receipt/button_Print' is visible

2022-05-11 19:26:40 - [TEST_STEP][PASSED] - verifyElementPresent(findTestObject("Object Repository/AdminSuiteBootstrap_Pages/VT_Bootstrap/Receipt/button_Print"), 20): Object 'Object Repository/AdminSuiteBootstrap_Pages/VT_Bootstrap/Receipt/button_Print' is present

2022-05-11 19:26:40 - [MESSAGE][PASSED] - Object 'Object Repository/AdminSuiteBootstrap_Pages/VT_Bootstrap/Receipt/button_Print' is present

2022-05-11 19:26:40 - [TEST_STEP][PASSED] - verifyTextPresent("Remittance ID", true): Text 'Remittance ID' is present on page  using regular expression

2022-05-11 19:26:40 - [MESSAGE][PASSED] - Text 'Remittance ID' is present on page  using regular expression

2022-05-11 19:26:40 - [TEST_STEP][PASSED] - verifyTextPresent("Received", true): Text 'Received' is present on page  using regular expression

2022-05-11 19:26:41 - [MESSAGE][PASSED] - Text 'Received' is present on page  using regular expression

2022-05-11 19:26:41 - [TEST_STEP][PASSED] - verifyTextPresent("UDF1", true): Text 'UDF1' is present on page  using regular expression

2022-05-11 19:26:41 - [MESSAGE][PASSED] - Text 'UDF1' is present on page  using regular expression

2022-05-11 19:26:41 - [TEST_STEP][PASSED] - verifyTextPresent("UDF2", true): Text 'UDF2' is present on page  using regular expression

2022-05-11 19:26:41 - [MESSAGE][PASSED] - Text 'UDF2' is present on page  using regular expression

2022-05-11 19:26:41 - [TEST_STEP][PASSED] - verifyTextPresent("UDF3", true): Text 'UDF3' is present on page  using regular expression

2022-05-11 19:26:42 - [MESSAGE][PASSED] - Text 'UDF3' is present on page  using regular expression

2022-05-11 19:26:42 - [TEST_STEP][PASSED] - verifyTextPresent("UDF4", true): Text 'UDF4' is present on page  using regular expression

2022-05-11 19:26:42 - [MESSAGE][PASSED] - Text 'UDF4' is present on page  using regular expression

2022-05-11 19:26:42 - [TEST_STEP][PASSED] - verifyTextPresent("UDF5", true): Text 'UDF5' is present on page  using regular expression

2022-05-11 19:26:42 - [MESSAGE][PASSED] - Text 'UDF5' is present on page  using regular expression

2022-05-11 19:26:42 - [TEST_STEP][PASSED] - verifyTextPresent("UDF6", true): Text 'UDF6' is present on page  using regular expression

2022-05-11 19:26:43 - [MESSAGE][PASSED] - Text 'UDF6' is present on page  using regular expression

2022-05-11 19:26:43 - [TEST_STEP][PASSED] - verifyTextPresent("UDF7", true): Text 'UDF7' is present on page  using regular expression

2022-05-11 19:26:43 - [MESSAGE][PASSED] - Text 'UDF7' is present on page  using regular expression

2022-05-11 19:26:43 - [TEST_STEP][PASSED] - verifyTextPresent("UDF8", true): Text 'UDF8' is present on page  using regular expression

2022-05-11 19:26:43 - [MESSAGE][PASSED] - Text 'UDF8' is present on page  using regular expression

2022-05-11 19:26:43 - [TEST_STEP][PASSED] - verifyTextPresent("UDF9", true): Text 'UDF9' is present on page  using regular expression

2022-05-11 19:26:44 - [MESSAGE][PASSED] - Text 'UDF9' is present on page  using regular expression

2022-05-11 19:26:44 - [TEST_STEP][PASSED] - verifyTextPresent("UDF 10", true): Text 'UDF 10' is present on page  using regular expression

2022-05-11 19:26:44 - [MESSAGE][PASSED] - Text 'UDF 10' is present on page  using regular expression

2022-05-11 19:26:44 - [TEST_STEP][PASSED] - verifyTextPresent("Delhi", true): Text 'Delhi' is present on page  using regular expression

2022-05-11 19:26:44 - [MESSAGE][PASSED] - Text 'Delhi' is present on page  using regular expression

2022-05-11 19:26:44 - [TEST_STEP][PASSED] - verifyTextPresent("Chennai", true): Text 'Chennai' is present on page  using regular expression

2022-05-11 19:26:45 - [MESSAGE][PASSED] - Text 'Chennai' is present on page  using regular expression

2022-05-11 19:26:45 - [TEST_STEP][PASSED] - verifyTextPresent("Mumbai", true): Text 'Mumbai' is present on page  using regular expression

2022-05-11 19:26:45 - [MESSAGE][PASSED] - Text 'Mumbai' is present on page  using regular expression

2022-05-11 19:26:45 - [TEST_STEP][PASSED] - verifyTextPresent("Kanpur", true): Text 'Kanpur' is present on page  using regular expression

2022-05-11 19:26:45 - [MESSAGE][PASSED] - Text 'Kanpur' is present on page  using regular expression

2022-05-11 19:26:45 - [TEST_STEP][PASSED] - verifyTextPresent("Orange Recorded", true): Text 'Orange Recorded' is present on page  using regular expression

2022-05-11 19:26:45 - [MESSAGE][PASSED] - Text 'Orange Recorded' is present on page  using regular expression

2022-05-11 19:26:45 - [TEST_STEP][PASSED] - verifyTextPresent("Yellow Recorded", true): Text 'Yellow Recorded' is present on page  using regular expression

2022-05-11 19:26:46 - [MESSAGE][PASSED] - Text 'Yellow Recorded' is present on page  using regular expression

2022-05-11 19:26:46 - [TEST_STEP][PASSED] - verifyTextPresent("Kolkata", true): Text 'Kolkata' is present on page  using regular expression

2022-05-11 19:26:46 - [MESSAGE][PASSED] - Text 'Kolkata' is present on page  using regular expression

2022-05-11 19:26:46 - [TEST_STEP][PASSED] - verifyTextPresent("Pune", true): Text 'Pune' is present on page  using regular expression

2022-05-11 19:26:46 - [MESSAGE][PASSED] - Text 'Pune' is present on page  using regular expression

2022-05-11 19:26:46 - [TEST_STEP][PASSED] - verifyTextPresent("Bhavnagar", true): Text 'Bhavnagar' is present on page  using regular expression

2022-05-11 19:26:47 - [MESSAGE][PASSED] - Text 'Bhavnagar' is present on page  using regular expression

2022-05-11 19:26:47 - [TEST_STEP][PASSED] - verifyTextPresent("Noida", true): Text 'Noida' is present on page  using regular expression

2022-05-11 19:26:47 - [MESSAGE][PASSED] - Text 'Noida' is present on page  using regular expression

2022-05-11 19:26:47 - [TEST_STEP][PASSED] - verifyTextPresent("Amount", true): Text 'Amount' is present on page  using regular expression

2022-05-11 19:26:47 - [MESSAGE][PASSED] - Text 'Amount' is present on page  using regular expression

2022-05-11 19:26:47 - [TEST_STEP][PASSED] - verifyTextPresent("2.50", true): Text '2.50' is present on page  using regular expression

2022-05-11 19:26:48 - [MESSAGE][PASSED] - Text '2.50' is present on page  using regular expression

2022-05-11 19:26:48 - [TEST_STEP][PASSED] - verifyTextPresent("Authorization and Capture", true): Text 'Authorization and Capture' is present on page  using regular expression

2022-05-11 19:26:48 - [MESSAGE][PASSED] - Text 'Authorization and Capture' is present on page  using regular expression

2022-05-11 19:26:48 - [TEST_STEP][PASSED] - verifyTextPresent("Card Information", true): Text 'Card Information' is present on page  using regular expression

2022-05-11 19:26:48 - [MESSAGE][PASSED] - Text 'Card Information' is present on page  using regular expression

2022-05-11 19:26:48 - [TEST_STEP][PASSED] - verifyTextPresent("TANDON RAVENA", true): Text 'TANDON RAVENA' is present on page  using regular expression

2022-05-11 19:26:49 - [MESSAGE][PASSED] - Text 'TANDON RAVENA' is present on page  using regular expression

2022-05-11 19:26:49 - [TEST_STEP][PASSED] - verifyTextPresent("Address Line 1", true): Text 'Address Line 1' is present on page  using regular expression

2022-05-11 19:26:49 - [MESSAGE][PASSED] - Text 'Address Line 1' is present on page  using regular expression

2022-05-11 19:26:49 - [TEST_STEP][PASSED] - verifyTextPresent("Address Line 2", true): Text 'Address Line 2' is present on page  using regular expression

2022-05-11 19:26:49 - [MESSAGE][PASSED] - Text 'Address Line 2' is present on page  using regular expression

2022-05-11 19:26:49 - [TEST_STEP][PASSED] - verifyTextPresent("Country", true): Text 'Country' is present on page  using regular expression

2022-05-11 19:26:50 - [MESSAGE][PASSED] - Text 'Country' is present on page  using regular expression

2022-05-11 19:26:50 - [TEST_STEP][PASSED] - verifyTextPresent("City", true): Text 'City' is present on page  using regular expression

2022-05-11 19:26:50 - [MESSAGE][PASSED] - Text 'City' is present on page  using regular expression

2022-05-11 19:26:50 - [TEST_STEP][PASSED] - verifyTextPresent("State", true): Text 'State' is present on page  using regular expression

2022-05-11 19:26:50 - [MESSAGE][PASSED] - Text 'State' is present on page  using regular expression

2022-05-11 19:26:50 - [TEST_STEP][PASSED] - verifyTextPresent("ZIP Code", true): Text 'ZIP Code' is present on page  using regular expression

2022-05-11 19:26:51 - [MESSAGE][PASSED] - Text 'ZIP Code' is present on page  using regular expression

2022-05-11 19:26:51 - [TEST_STEP][PASSED] - verifyTextPresent("248 PhoolKaante road", true): Text '248 PhoolKaante road' is present on page  using regular expression

2022-05-11 19:26:51 - [MESSAGE][PASSED] - Text '248 PhoolKaante road' is present on page  using regular expression

2022-05-11 19:26:51 - [TEST_STEP][PASSED] - verifyTextPresent("Suite 678", true): Text 'Suite 678' is present on page  using regular expression

2022-05-11 19:26:51 - [MESSAGE][PASSED] - Text 'Suite 678' is present on page  using regular expression

2022-05-11 19:26:51 - [TEST_STEP][PASSED] - verifyTextPresent("United States", true): Text 'United States' is present on page  using regular expression

2022-05-11 19:26:52 - [MESSAGE][PASSED] - Text 'United States' is present on page  using regular expression

2022-05-11 19:26:52 - [TEST_STEP][PASSED] - verifyTextPresent("ARLINGTON", true): Text 'ARLINGTON' is present on page  using regular expression

2022-05-11 19:26:52 - [MESSAGE][PASSED] - Text 'ARLINGTON' is present on page  using regular expression

2022-05-11 19:26:52 - [TEST_STEP][PASSED] - verifyTextPresent("VA", true): Text 'VA' is present on page  using regular expression

2022-05-11 19:26:52 - [MESSAGE][PASSED] - Text 'VA' is present on page  using regular expression

2022-05-11 19:26:52 - [TEST_STEP][PASSED] - verifyTextPresent("22201", true): Text '22201' is present on page  using regular expression

2022-05-11 19:26:53 - [MESSAGE][PASSED] - Text '22201' is present on page  using regular expression

2022-05-11 19:26:53 - [TEST_STEP][PASSED] - cardTypeV = findTestData(dataFile).getValue("CardType", row): null

2022-05-11 19:26:53 - [TEST_STEP][PASSED] - last4V = findTestData(dataFile).getValue("Last4", row): null

2022-05-11 19:26:53 - [TEST_STEP][PASSED] - verifyTextPresent(cardTypeV, true): Text 'MasterCard' is present on page  using regular expression

2022-05-11 19:26:53 - [MESSAGE][PASSED] - Text 'MasterCard' is present on page  using regular expression

2022-05-11 19:26:53 - [TEST_STEP][PASSED] - verifyTextPresent(last4V, true): Text '0035' is present on page  using regular expression

2022-05-11 19:26:53 - [MESSAGE][PASSED] - Text '0035' is present on page  using regular expression

2022-05-11 19:26:53 - [TEST_STEP][PASSED] - switch (appName): null

2022-05-11 19:26:53 - [TEST_STEP][PASSED] - closeBrowser(): Browser is closed

2022-05-11 19:26:54 - [MESSAGE][PASSED] - Browser is closed

2022-05-11 19:26:54 - [TEST_STEP][PASSED] - ExecuteTC = findTestData(dataFile).getValue("Execute", row): null

2022-05-11 19:26:54 - [TEST_STEP][PASSED] - out.println("Value of Execute is : " + ExecuteTC): null

2022-05-11 19:26:54 - [TEST_STEP][PASSED] - switch (executionProfile): null

2022-05-11 19:26:54 - [TEST_STEP][PASSED] - case "QAProfile":: null

2022-05-11 19:26:54 - [TEST_STEP][PASSED] - appName = findTestData(dataFile).getValue("AppNameQA", row): null

2022-05-11 19:26:54 - [TEST_STEP][PASSED] - appID = findTestData(dataFile).getValue("AppIDQA", row): null

2022-05-11 19:26:54 - [TEST_STEP][PASSED] - break: null

2022-05-11 19:26:54 - [TEST_STEP][PASSED] - if (ExecuteTC.equalsIgnoreCase("Y")): null

2022-05-11 19:26:54 - [TEST_STEP][PASSED] - out.println("Begin Record Number: " + row): null

2022-05-11 19:26:54 - [TEST_STEP][PASSED] - today = new java.util.Date(): null

2022-05-11 19:26:54 - [TEST_STEP][PASSED] - println(today): null

2022-05-11 19:26:54 - [TEST_STEP][PASSED] - datText = today: null

2022-05-11 19:26:54 - [TEST_STEP][PASSED] - adminSuiteBootstrap.loginFunctionality.login_AdminSuite(): adminSuiteBootstrap.loginFunctionality.login_AdminSuite is PASSED

2022-05-11 19:26:54 - [MESSAGE][INFO] - Starting 'Chrome' driver

2022-05-11 19:26:54 - [MESSAGE][INFO] - User set preference: ['acceptInsecureCerts', 'true']

2022-05-11 19:26:54 - [MESSAGE][INFO] - Action delay is set to 0 milliseconds

2022-05-11 19:26:57 - [MESSAGE][PASSED] - Browser is opened with url: 'https://qa.velocitypayment.com/admin/imtiaz'

2022-05-11 19:26:57 - [MESSAGE][PASSED] - Current window maximized

2022-05-11 19:26:58 - [MESSAGE][PASSED] - Object 'Object Repository/Login_Page/Login_Username' is present

2022-05-11 19:26:58 - [MESSAGE][PASSED] - Text 'iahmed' is set on object 'Object Repository/Login_Page/Login_Username'

2022-05-11 19:26:59 - [MESSAGE][PASSED] - Text 'hello2222' is set on object 'Object Repository/Login_Page/Login_Password'

2022-05-11 19:27:02 - [MESSAGE][PASSED] - Object: 'Object Repository/Login_Page/Login_Submit' is clicked on

2022-05-11 19:27:02 - [MESSAGE][PASSED] - adminSuiteBootstrap.loginFunctionality.login_AdminSuite is PASSED

2022-05-11 19:27:02 - [TEST_STEP][PASSED] - click(findTestObject(path_Dashboard + appName)): Object: 'Object Repository/AdminSuiteBootstrap_Pages/Dashboard_Bootstrap/a_Access AutoNoCFtp' is clicked on

2022-05-11 19:27:03 - [MESSAGE][PASSED] - Object: 'Object Repository/AdminSuiteBootstrap_Pages/Dashboard_Bootstrap/a_Access AutoNoCFtp' is clicked on

2022-05-11 19:27:03 - [TEST_STEP][PASSED] - click(findTestObject(path_VT + "a_Find Profile")): Object: 'Object Repository/AdminSuiteBootstrap_Pages/VT_Bootstrap/IssueTransactions/a_Find Profile' is clicked on

2022-05-11 19:27:03 - [MESSAGE][PASSED] - Object: 'Object Repository/AdminSuiteBootstrap_Pages/VT_Bootstrap/IssueTransactions/a_Find Profile' is clicked on

2022-05-11 19:27:03 - [TEST_STEP][PASSED] - criteria = <not implemented yet for class: org.codehaus.groovy.ast.expr.EmptyExpression>: null

2022-05-11 19:27:03 - [TEST_STEP][PASSED] - searchBy = <not implemented yet for class: org.codehaus.groovy.ast.expr.EmptyExpression>: null

2022-05-11 19:27:03 - [TEST_STEP][PASSED] - criteria = findTestData(dataFile).getValue("ProfileName", row): null

2022-05-11 19:27:03 - [TEST_STEP][PASSED] - path_SearchProfile = "Object Repository/AdminSuiteBootstrap_Pages/VSP_Bootstrap/SearchProfile/": null

2022-05-11 19:27:03 - [TEST_STEP][PASSED] - setText(findTestObject(path_SearchProfile + "input_Criteria"), criteria): Text 'PaymentsAmEx' is set on object 'Object Repository/AdminSuiteBootstrap_Pages/VSP_Bootstrap/SearchProfile/input_Criteria'

2022-05-11 19:27:04 - [MESSAGE][PASSED] - Text 'PaymentsAmEx' is set on object 'Object Repository/AdminSuiteBootstrap_Pages/VSP_Bootstrap/SearchProfile/input_Criteria'

2022-05-11 19:27:04 - [TEST_STEP][PASSED] - click(findTestObject(path_SearchProfile + "button_Search")): Object: 'Object Repository/AdminSuiteBootstrap_Pages/VSP_Bootstrap/SearchProfile/button_Search' is clicked on

2022-05-11 19:27:05 - [MESSAGE][PASSED] - Object: 'Object Repository/AdminSuiteBootstrap_Pages/VSP_Bootstrap/SearchProfile/button_Search' is clicked on

2022-05-11 19:27:05 - [TEST_STEP][PASSED] - profNameLink = findTestData(dataFile).getValue("ProfileNameLink", row): null

2022-05-11 19:27:05 - [TEST_STEP][PASSED] - click(findTestObject(path_ViewProfile + profNameLink)): Object: 'Object Repository/AdminSuiteBootstrap_Pages/VSP_Bootstrap/View Profile/a_PaymentsAmEx' is clicked on

2022-05-11 19:27:06 - [MESSAGE][PASSED] - Object: 'Object Repository/AdminSuiteBootstrap_Pages/VSP_Bootstrap/View Profile/a_PaymentsAmEx' is clicked on

2022-05-11 19:27:06 - [TEST_STEP][PASSED] - click(findTestObject(path_ViewProfile + "a_AuthCap")): Object: 'Object Repository/AdminSuiteBootstrap_Pages/VSP_Bootstrap/View Profile/a_AuthCap' is clicked on

2022-05-11 19:27:08 - [MESSAGE][PASSED] - Object: 'Object Repository/AdminSuiteBootstrap_Pages/VSP_Bootstrap/View Profile/a_AuthCap' is clicked on

2022-05-11 19:27:08 - [TEST_STEP][PASSED] - verifyTextPresent("Credit Card Authorization Capture", true): Text 'Credit Card Authorization Capture' is present on page  using regular expression

2022-05-11 19:27:08 - [MESSAGE][PASSED] - Text 'Credit Card Authorization Capture' is present on page  using regular expression

2022-05-11 19:27:08 - [TEST_STEP][PASSED] - verifyTextPresent("Sale", true): Text 'Sale' is present on page  using regular expression

2022-05-11 19:27:09 - [MESSAGE][PASSED] - Text 'Sale' is present on page  using regular expression

2022-05-11 19:27:09 - [TEST_STEP][PASSED] - verifyTextPresent("Required fields are highlighted with an asterisk", true): Text 'Required fields are highlighted with an asterisk' is present on page  using regular expression

2022-05-11 19:27:09 - [MESSAGE][PASSED] - Text 'Required fields are highlighted with an asterisk' is present on page  using regular expression

2022-05-11 19:27:09 - [TEST_STEP][PASSED] - verifyTextPresent("Remittance ID", true): Text 'Remittance ID' is present on page  using regular expression

2022-05-11 19:27:10 - [MESSAGE][PASSED] - Text 'Remittance ID' is present on page  using regular expression

2022-05-11 19:27:10 - [TEST_STEP][PASSED] - vspBootstrap.SalePage.setDataSaleAndAuth(row, dataFile): vspBootstrap.SalePage.setDataSaleAndAuth is PASSED

2022-05-11 19:27:11 - [MESSAGE][PASSED] - All options with value 'MOTO' are selected in object 'Object Repository/AdminSuiteBootstrap_Pages/VSP_Bootstrap/VSP_Authcap/select_TransactionCategory'  using regular expression

2022-05-11 19:27:12 - [MESSAGE][PASSED] - Text '1234' is set on object 'Object Repository/AdminSuiteBootstrap_Pages/VSP_Bootstrap/VSP_Authcap/input_cvv'

2022-05-11 19:27:12 - [MESSAGE][PASSED] - Text '' is set on object 'Object Repository/AdminSuiteBootstrap_Pages/VSP_Bootstrap/VSP_Authcap/input_smsNumber'

2022-05-11 19:27:13 - [MESSAGE][PASSED] - Text '2.50' is set on object 'Object Repository/AdminSuiteBootstrap_Pages/VSP_Bootstrap/VSP_Authcap/input_amount'

2022-05-11 19:27:14 - [MESSAGE][PASSED] - Text 'Delhi' is set on object 'Object Repository/AdminSuiteBootstrap_Pages/VSP_Bootstrap/VSP_Authcap/input_userDefined1'

2022-05-11 19:27:15 - [MESSAGE][PASSED] - Text 'Chennai' is set on object 'Object Repository/AdminSuiteBootstrap_Pages/VSP_Bootstrap/VSP_Authcap/input_userDefined2'

2022-05-11 19:27:15 - [MESSAGE][PASSED] - Text 'Mumbai' is set on object 'Object Repository/AdminSuiteBootstrap_Pages/VSP_Bootstrap/VSP_Authcap/input_userDefined3'

2022-05-11 19:27:16 - [MESSAGE][PASSED] - Text 'Kanpur' is set on object 'Object Repository/AdminSuiteBootstrap_Pages/VSP_Bootstrap/VSP_Authcap/input_userDefined4'

2022-05-11 19:27:17 - [MESSAGE][PASSED] - All options with label 'Orange' are selected in object 'Object Repository/AdminSuiteBootstrap_Pages/VSP_Bootstrap/VSP_Authcap/select_UDF5'  using regular expression

2022-05-11 19:27:18 - [MESSAGE][PASSED] - All options with label 'Yellow' are selected in object 'Object Repository/AdminSuiteBootstrap_Pages/VSP_Bootstrap/VSP_Authcap/select_UDF6'  using regular expression

2022-05-11 19:27:18 - [MESSAGE][PASSED] - Text 'Kolkata' is set on object 'Object Repository/AdminSuiteBootstrap_Pages/VSP_Bootstrap/VSP_Authcap/input_userDefined7'

2022-05-11 19:27:19 - [MESSAGE][PASSED] - Text 'Pune' is set on object 'Object Repository/AdminSuiteBootstrap_Pages/VSP_Bootstrap/VSP_Authcap/input_userDefined8'

2022-05-11 19:27:20 - [MESSAGE][PASSED] - Text 'Bhavnagar' is set on object 'Object Repository/AdminSuiteBootstrap_Pages/VSP_Bootstrap/VSP_Authcap/input_userDefined9'

2022-05-11 19:27:21 - [MESSAGE][PASSED] - Text 'Noida' is set on object 'Object Repository/AdminSuiteBootstrap_Pages/VSP_Bootstrap/VSP_Authcap/input_userDefined10'

2022-05-11 19:27:23 - [MESSAGE][PASSED] - Object: 'Object Repository/AdminSuiteBootstrap_Pages/VSP_Bootstrap/VSP_Authcap/button_Submit' is clicked on

2022-05-11 19:27:23 - [MESSAGE][PASSED] - vspBootstrap.SalePage.setDataSaleAndAuth is PASSED

2022-05-11 19:27:23 - [TEST_STEP][PASSED] - verifyTextPresent("Transaction Successful", true): Text 'Transaction Successful' is present on page  using regular expression

2022-05-11 19:27:24 - [MESSAGE][PASSED] - Text 'Transaction Successful' is present on page  using regular expression

2022-05-11 19:27:24 - [TEST_STEP][PASSED] - verifyElementVisible(findTestObject("Object Repository/AdminSuiteBootstrap_Pages/VT_Bootstrap/Receipt/button_Continue")): Object 'Object Repository/AdminSuiteBootstrap_Pages/VT_Bootstrap/Receipt/button_Continue' is visible

2022-05-11 19:27:24 - [MESSAGE][PASSED] - Object 'Object Repository/AdminSuiteBootstrap_Pages/VT_Bootstrap/Receipt/button_Continue' is visible

2022-05-11 19:27:24 - [TEST_STEP][PASSED] - verifyElementPresent(findTestObject("Object Repository/AdminSuiteBootstrap_Pages/VT_Bootstrap/Receipt/button_Continue"), 20): Object 'Object Repository/AdminSuiteBootstrap_Pages/VT_Bootstrap/Receipt/button_Continue' is present

2022-05-11 19:27:24 - [MESSAGE][PASSED] - Object 'Object Repository/AdminSuiteBootstrap_Pages/VT_Bootstrap/Receipt/button_Continue' is present

2022-05-11 19:27:24 - [TEST_STEP][PASSED] - verifyElementVisible(findTestObject("Object Repository/AdminSuiteBootstrap_Pages/VT_Bootstrap/Receipt/button_Print")): Object 'Object Repository/AdminSuiteBootstrap_Pages/VT_Bootstrap/Receipt/button_Print' is visible

2022-05-11 19:27:25 - [MESSAGE][PASSED] - Object 'Object Repository/AdminSuiteBootstrap_Pages/VT_Bootstrap/Receipt/button_Print' is visible

2022-05-11 19:27:25 - [TEST_STEP][PASSED] - verifyElementPresent(findTestObject("Object Repository/AdminSuiteBootstrap_Pages/VT_Bootstrap/Receipt/button_Print"), 20): Object 'Object Repository/AdminSuiteBootstrap_Pages/VT_Bootstrap/Receipt/button_Print' is present

2022-05-11 19:27:25 - [MESSAGE][PASSED] - Object 'Object Repository/AdminSuiteBootstrap_Pages/VT_Bootstrap/Receipt/button_Print' is present

2022-05-11 19:27:25 - [TEST_STEP][PASSED] - verifyTextPresent("Remittance ID", true): Text 'Remittance ID' is present on page  using regular expression

2022-05-11 19:27:25 - [MESSAGE][PASSED] - Text 'Remittance ID' is present on page  using regular expression

2022-05-11 19:27:25 - [TEST_STEP][PASSED] - verifyTextPresent("Received", true): Text 'Received' is present on page  using regular expression

2022-05-11 19:27:26 - [MESSAGE][PASSED] - Text 'Received' is present on page  using regular expression

2022-05-11 19:27:26 - [TEST_STEP][PASSED] - verifyTextPresent("UDF1", true): Text 'UDF1' is present on page  using regular expression

2022-05-11 19:27:26 - [MESSAGE][PASSED] - Text 'UDF1' is present on page  using regular expression

2022-05-11 19:27:26 - [TEST_STEP][PASSED] - verifyTextPresent("UDF2", true): Text 'UDF2' is present on page  using regular expression

2022-05-11 19:27:26 - [MESSAGE][PASSED] - Text 'UDF2' is present on page  using regular expression

2022-05-11 19:27:26 - [TEST_STEP][PASSED] - verifyTextPresent("UDF3", true): Text 'UDF3' is present on page  using regular expression

2022-05-11 19:27:26 - [MESSAGE][PASSED] - Text 'UDF3' is present on page  using regular expression

2022-05-11 19:27:26 - [TEST_STEP][PASSED] - verifyTextPresent("UDF4", true): Text 'UDF4' is present on page  using regular expression

2022-05-11 19:27:27 - [MESSAGE][PASSED] - Text 'UDF4' is present on page  using regular expression

2022-05-11 19:27:27 - [TEST_STEP][PASSED] - verifyTextPresent("UDF5", true): Text 'UDF5' is present on page  using regular expression

2022-05-11 19:27:27 - [MESSAGE][PASSED] - Text 'UDF5' is present on page  using regular expression

2022-05-11 19:27:27 - [TEST_STEP][PASSED] - verifyTextPresent("UDF6", true): Text 'UDF6' is present on page  using regular expression

2022-05-11 19:27:27 - [MESSAGE][PASSED] - Text 'UDF6' is present on page  using regular expression

2022-05-11 19:27:27 - [TEST_STEP][PASSED] - verifyTextPresent("UDF7", true): Text 'UDF7' is present on page  using regular expression

2022-05-11 19:27:28 - [MESSAGE][PASSED] - Text 'UDF7' is present on page  using regular expression

2022-05-11 19:27:28 - [TEST_STEP][PASSED] - verifyTextPresent("UDF8", true): Text 'UDF8' is present on page  using regular expression

2022-05-11 19:27:28 - [MESSAGE][PASSED] - Text 'UDF8' is present on page  using regular expression

2022-05-11 19:27:28 - [TEST_STEP][PASSED] - verifyTextPresent("UDF9", true): Text 'UDF9' is present on page  using regular expression

2022-05-11 19:27:28 - [MESSAGE][PASSED] - Text 'UDF9' is present on page  using regular expression

2022-05-11 19:27:28 - [TEST_STEP][PASSED] - verifyTextPresent("UDF 10", true): Text 'UDF 10' is present on page  using regular expression

2022-05-11 19:27:29 - [MESSAGE][PASSED] - Text 'UDF 10' is present on page  using regular expression

2022-05-11 19:27:29 - [TEST_STEP][PASSED] - verifyTextPresent("Delhi", true): Text 'Delhi' is present on page  using regular expression

2022-05-11 19:27:29 - [MESSAGE][PASSED] - Text 'Delhi' is present on page  using regular expression

2022-05-11 19:27:29 - [TEST_STEP][PASSED] - verifyTextPresent("Chennai", true): Text 'Chennai' is present on page  using regular expression

2022-05-11 19:27:29 - [MESSAGE][PASSED] - Text 'Chennai' is present on page  using regular expression

2022-05-11 19:27:29 - [TEST_STEP][PASSED] - verifyTextPresent("Mumbai", true): Text 'Mumbai' is present on page  using regular expression

2022-05-11 19:27:30 - [MESSAGE][PASSED] - Text 'Mumbai' is present on page  using regular expression

2022-05-11 19:27:30 - [TEST_STEP][PASSED] - verifyTextPresent("Kanpur", true): Text 'Kanpur' is present on page  using regular expression

2022-05-11 19:27:30 - [MESSAGE][PASSED] - Text 'Kanpur' is present on page  using regular expression

2022-05-11 19:27:30 - [TEST_STEP][PASSED] - verifyTextPresent("Orange Recorded", true): Text 'Orange Recorded' is present on page  using regular expression

2022-05-11 19:27:30 - [MESSAGE][PASSED] - Text 'Orange Recorded' is present on page  using regular expression

2022-05-11 19:27:30 - [TEST_STEP][PASSED] - verifyTextPresent("Yellow Recorded", true): Text 'Yellow Recorded' is present on page  using regular expression

2022-05-11 19:27:31 - [MESSAGE][PASSED] - Text 'Yellow Recorded' is present on page  using regular expression

2022-05-11 19:27:31 - [TEST_STEP][PASSED] - verifyTextPresent("Kolkata", true): Text 'Kolkata' is present on page  using regular expression

2022-05-11 19:27:31 - [MESSAGE][PASSED] - Text 'Kolkata' is present on page  using regular expression

2022-05-11 19:27:31 - [TEST_STEP][PASSED] - verifyTextPresent("Pune", true): Text 'Pune' is present on page  using regular expression

2022-05-11 19:27:31 - [MESSAGE][PASSED] - Text 'Pune' is present on page  using regular expression

2022-05-11 19:27:31 - [TEST_STEP][PASSED] - verifyTextPresent("Bhavnagar", true): Text 'Bhavnagar' is present on page  using regular expression

2022-05-11 19:27:32 - [MESSAGE][PASSED] - Text 'Bhavnagar' is present on page  using regular expression

2022-05-11 19:27:32 - [TEST_STEP][PASSED] - verifyTextPresent("Noida", true): Text 'Noida' is present on page  using regular expression

2022-05-11 19:27:32 - [MESSAGE][PASSED] - Text 'Noida' is present on page  using regular expression

2022-05-11 19:27:32 - [TEST_STEP][PASSED] - verifyTextPresent("Amount", true): Text 'Amount' is present on page  using regular expression

2022-05-11 19:27:32 - [MESSAGE][PASSED] - Text 'Amount' is present on page  using regular expression

2022-05-11 19:27:32 - [TEST_STEP][PASSED] - verifyTextPresent("2.50", true): Text '2.50' is present on page  using regular expression

2022-05-11 19:27:33 - [MESSAGE][PASSED] - Text '2.50' is present on page  using regular expression

2022-05-11 19:27:33 - [TEST_STEP][PASSED] - verifyTextPresent("Authorization and Capture", true): Text 'Authorization and Capture' is present on page  using regular expression

2022-05-11 19:27:33 - [MESSAGE][PASSED] - Text 'Authorization and Capture' is present on page  using regular expression

2022-05-11 19:27:33 - [TEST_STEP][PASSED] - verifyTextPresent("Card Information", true): Text 'Card Information' is present on page  using regular expression

2022-05-11 19:27:33 - [MESSAGE][PASSED] - Text 'Card Information' is present on page  using regular expression

2022-05-11 19:27:33 - [TEST_STEP][PASSED] - verifyTextPresent("TANDON RAVENA", true): Text 'TANDON RAVENA' is present on page  using regular expression

2022-05-11 19:27:33 - [MESSAGE][PASSED] - Text 'TANDON RAVENA' is present on page  using regular expression

2022-05-11 19:27:33 - [TEST_STEP][PASSED] - verifyTextPresent("Address Line 1", true): Text 'Address Line 1' is present on page  using regular expression

2022-05-11 19:27:34 - [MESSAGE][PASSED] - Text 'Address Line 1' is present on page  using regular expression

2022-05-11 19:27:34 - [TEST_STEP][PASSED] - verifyTextPresent("Address Line 2", true): Text 'Address Line 2' is present on page  using regular expression

2022-05-11 19:27:34 - [MESSAGE][PASSED] - Text 'Address Line 2' is present on page  using regular expression

2022-05-11 19:27:34 - [TEST_STEP][PASSED] - verifyTextPresent("Country", true): Text 'Country' is present on page  using regular expression

2022-05-11 19:27:34 - [MESSAGE][PASSED] - Text 'Country' is present on page  using regular expression

2022-05-11 19:27:34 - [TEST_STEP][PASSED] - verifyTextPresent("City", true): Text 'City' is present on page  using regular expression

2022-05-11 19:27:35 - [MESSAGE][PASSED] - Text 'City' is present on page  using regular expression

2022-05-11 19:27:35 - [TEST_STEP][PASSED] - verifyTextPresent("State", true): Text 'State' is present on page  using regular expression

2022-05-11 19:27:35 - [MESSAGE][PASSED] - Text 'State' is present on page  using regular expression

2022-05-11 19:27:35 - [TEST_STEP][PASSED] - verifyTextPresent("ZIP Code", true): Text 'ZIP Code' is present on page  using regular expression

2022-05-11 19:27:35 - [MESSAGE][PASSED] - Text 'ZIP Code' is present on page  using regular expression

2022-05-11 19:27:35 - [TEST_STEP][PASSED] - verifyTextPresent("248 PhoolKaante road", true): Text '248 PhoolKaante road' is present on page  using regular expression

2022-05-11 19:27:36 - [MESSAGE][PASSED] - Text '248 PhoolKaante road' is present on page  using regular expression

2022-05-11 19:27:36 - [TEST_STEP][PASSED] - verifyTextPresent("Suite 678", true): Text 'Suite 678' is present on page  using regular expression

2022-05-11 19:27:36 - [MESSAGE][PASSED] - Text 'Suite 678' is present on page  using regular expression

2022-05-11 19:27:36 - [TEST_STEP][PASSED] - verifyTextPresent("United States", true): Text 'United States' is present on page  using regular expression

2022-05-11 19:27:36 - [MESSAGE][PASSED] - Text 'United States' is present on page  using regular expression

2022-05-11 19:27:36 - [TEST_STEP][PASSED] - verifyTextPresent("ARLINGTON", true): Text 'ARLINGTON' is present on page  using regular expression

2022-05-11 19:27:37 - [MESSAGE][PASSED] - Text 'ARLINGTON' is present on page  using regular expression

2022-05-11 19:27:37 - [TEST_STEP][PASSED] - verifyTextPresent("VA", true): Text 'VA' is present on page  using regular expression

2022-05-11 19:27:37 - [MESSAGE][PASSED] - Text 'VA' is present on page  using regular expression

2022-05-11 19:27:37 - [TEST_STEP][PASSED] - verifyTextPresent("22201", true): Text '22201' is present on page  using regular expression

2022-05-11 19:27:37 - [MESSAGE][PASSED] - Text '22201' is present on page  using regular expression

2022-05-11 19:27:37 - [TEST_STEP][PASSED] - cardTypeV = findTestData(dataFile).getValue("CardType", row): null

2022-05-11 19:27:37 - [TEST_STEP][PASSED] - last4V = findTestData(dataFile).getValue("Last4", row): null

2022-05-11 19:27:37 - [TEST_STEP][PASSED] - verifyTextPresent(cardTypeV, true): Text 'American Express' is present on page  using regular expression

2022-05-11 19:27:38 - [MESSAGE][PASSED] - Text 'American Express' is present on page  using regular expression

2022-05-11 19:27:38 - [TEST_STEP][PASSED] - verifyTextPresent(last4V, true): Text '2376' is present on page  using regular expression

2022-05-11 19:27:38 - [MESSAGE][PASSED] - Text '2376' is present on page  using regular expression

2022-05-11 19:27:38 - [TEST_STEP][PASSED] - switch (appName): null

2022-05-11 19:27:38 - [TEST_STEP][PASSED] - closeBrowser(): Browser is closed

2022-05-11 19:27:39 - [MESSAGE][PASSED] - Browser is closed

2022-05-11 19:27:39 - [TEST_STEP][PASSED] - ExecuteTC = findTestData(dataFile).getValue("Execute", row): null

2022-05-11 19:27:39 - [TEST_STEP][PASSED] - out.println("Value of Execute is : " + ExecuteTC): null

2022-05-11 19:27:39 - [TEST_STEP][PASSED] - switch (executionProfile): null

2022-05-11 19:27:39 - [TEST_STEP][PASSED] - case "QAProfile":: null

2022-05-11 19:27:39 - [TEST_STEP][PASSED] - appName = findTestData(dataFile).getValue("AppNameQA", row): null

2022-05-11 19:27:39 - [TEST_STEP][PASSED] - appID = findTestData(dataFile).getValue("AppIDQA", row): null

2022-05-11 19:27:39 - [TEST_STEP][PASSED] - break: null

2022-05-11 19:27:39 - [TEST_STEP][PASSED] - if (ExecuteTC.equalsIgnoreCase("Y")): null

2022-05-11 19:27:39 - [TEST_STEP][PASSED] - out.println("Begin Record Number: " + row): null

2022-05-11 19:27:39 - [TEST_STEP][PASSED] - today = new java.util.Date(): null

2022-05-11 19:27:39 - [TEST_STEP][PASSED] - println(today): null

2022-05-11 19:27:39 - [TEST_STEP][PASSED] - datText = today: null

2022-05-11 19:27:39 - [TEST_STEP][PASSED] - adminSuiteBootstrap.loginFunctionality.login_AdminSuite(): adminSuiteBootstrap.loginFunctionality.login_AdminSuite is PASSED

2022-05-11 19:27:39 - [MESSAGE][INFO] - Starting 'Chrome' driver

2022-05-11 19:27:39 - [MESSAGE][INFO] - User set preference: ['acceptInsecureCerts', 'true']

2022-05-11 19:27:39 - [MESSAGE][INFO] - Action delay is set to 0 milliseconds

2022-05-11 19:27:42 - [MESSAGE][PASSED] - Browser is opened with url: 'https://qa.velocitypayment.com/admin/imtiaz'

2022-05-11 19:27:42 - [MESSAGE][PASSED] - Current window maximized

2022-05-11 19:27:42 - [MESSAGE][PASSED] - Object 'Object Repository/Login_Page/Login_Username' is present

2022-05-11 19:27:43 - [MESSAGE][PASSED] - Text 'iahmed' is set on object 'Object Repository/Login_Page/Login_Username'

2022-05-11 19:27:43 - [MESSAGE][PASSED] - Text 'hello2222' is set on object 'Object Repository/Login_Page/Login_Password'

2022-05-11 19:27:47 - [MESSAGE][PASSED] - Object: 'Object Repository/Login_Page/Login_Submit' is clicked on

2022-05-11 19:27:47 - [MESSAGE][PASSED] - adminSuiteBootstrap.loginFunctionality.login_AdminSuite is PASSED

2022-05-11 19:27:47 - [TEST_STEP][PASSED] - click(findTestObject(path_Dashboard + appName)): Object: 'Object Repository/AdminSuiteBootstrap_Pages/Dashboard_Bootstrap/a_Access AutoNoCFtp' is clicked on

2022-05-11 19:27:47 - [MESSAGE][PASSED] - Object: 'Object Repository/AdminSuiteBootstrap_Pages/Dashboard_Bootstrap/a_Access AutoNoCFtp' is clicked on

2022-05-11 19:27:47 - [TEST_STEP][PASSED] - click(findTestObject(path_VT + "a_Find Profile")): Object: 'Object Repository/AdminSuiteBootstrap_Pages/VT_Bootstrap/IssueTransactions/a_Find Profile' is clicked on

2022-05-11 19:27:48 - [MESSAGE][PASSED] - Object: 'Object Repository/AdminSuiteBootstrap_Pages/VT_Bootstrap/IssueTransactions/a_Find Profile' is clicked on

2022-05-11 19:27:48 - [TEST_STEP][PASSED] - criteria = <not implemented yet for class: org.codehaus.groovy.ast.expr.EmptyExpression>: null

2022-05-11 19:27:48 - [TEST_STEP][PASSED] - searchBy = <not implemented yet for class: org.codehaus.groovy.ast.expr.EmptyExpression>: null

2022-05-11 19:27:48 - [TEST_STEP][PASSED] - criteria = findTestData(dataFile).getValue("ProfileName", row): null

2022-05-11 19:27:48 - [TEST_STEP][PASSED] - path_SearchProfile = "Object Repository/AdminSuiteBootstrap_Pages/VSP_Bootstrap/SearchProfile/": null

2022-05-11 19:27:48 - [TEST_STEP][PASSED] - setText(findTestObject(path_SearchProfile + "input_Criteria"), criteria): Text 'PaymentsDI' is set on object 'Object Repository/AdminSuiteBootstrap_Pages/VSP_Bootstrap/SearchProfile/input_Criteria'

2022-05-11 19:27:49 - [MESSAGE][PASSED] - Text 'PaymentsDI' is set on object 'Object Repository/AdminSuiteBootstrap_Pages/VSP_Bootstrap/SearchProfile/input_Criteria'

2022-05-11 19:27:49 - [TEST_STEP][PASSED] - click(findTestObject(path_SearchProfile + "button_Search")): Object: 'Object Repository/AdminSuiteBootstrap_Pages/VSP_Bootstrap/SearchProfile/button_Search' is clicked on

2022-05-11 19:27:50 - [MESSAGE][PASSED] - Object: 'Object Repository/AdminSuiteBootstrap_Pages/VSP_Bootstrap/SearchProfile/button_Search' is clicked on

2022-05-11 19:27:50 - [TEST_STEP][PASSED] - profNameLink = findTestData(dataFile).getValue("ProfileNameLink", row): null

2022-05-11 19:27:50 - [TEST_STEP][PASSED] - click(findTestObject(path_ViewProfile + profNameLink)): Object: 'Object Repository/AdminSuiteBootstrap_Pages/VSP_Bootstrap/View Profile/a_PaymentsDI' is clicked on

2022-05-11 19:27:51 - [MESSAGE][PASSED] - Object: 'Object Repository/AdminSuiteBootstrap_Pages/VSP_Bootstrap/View Profile/a_PaymentsDI' is clicked on

2022-05-11 19:27:51 - [TEST_STEP][PASSED] - click(findTestObject(path_ViewProfile + "a_AuthCap")): Object: 'Object Repository/AdminSuiteBootstrap_Pages/VSP_Bootstrap/View Profile/a_AuthCap' is clicked on

2022-05-11 19:27:53 - [MESSAGE][PASSED] - Object: 'Object Repository/AdminSuiteBootstrap_Pages/VSP_Bootstrap/View Profile/a_AuthCap' is clicked on

2022-05-11 19:27:53 - [TEST_STEP][PASSED] - verifyTextPresent("Credit Card Authorization Capture", true): Text 'Credit Card Authorization Capture' is present on page  using regular expression

2022-05-11 19:27:53 - [MESSAGE][PASSED] - Text 'Credit Card Authorization Capture' is present on page  using regular expression

2022-05-11 19:27:53 - [TEST_STEP][PASSED] - verifyTextPresent("Sale", true): Text 'Sale' is present on page  using regular expression

2022-05-11 19:27:54 - [MESSAGE][PASSED] - Text 'Sale' is present on page  using regular expression

2022-05-11 19:27:54 - [TEST_STEP][PASSED] - verifyTextPresent("Required fields are highlighted with an asterisk", true): Text 'Required fields are highlighted with an asterisk' is present on page  using regular expression

2022-05-11 19:27:54 - [MESSAGE][PASSED] - Text 'Required fields are highlighted with an asterisk' is present on page  using regular expression

2022-05-11 19:27:54 - [TEST_STEP][PASSED] - verifyTextPresent("Remittance ID", true): Text 'Remittance ID' is present on page  using regular expression

2022-05-11 19:27:54 - [MESSAGE][PASSED] - Text 'Remittance ID' is present on page  using regular expression

2022-05-11 19:27:54 - [TEST_STEP][PASSED] - vspBootstrap.SalePage.setDataSaleAndAuth(row, dataFile): vspBootstrap.SalePage.setDataSaleAndAuth is PASSED

2022-05-11 19:27:56 - [MESSAGE][PASSED] - All options with value 'MOTO' are selected in object 'Object Repository/AdminSuiteBootstrap_Pages/VSP_Bootstrap/VSP_Authcap/select_TransactionCategory'  using regular expression

2022-05-11 19:27:57 - [MESSAGE][PASSED] - Text '123' is set on object 'Object Repository/AdminSuiteBootstrap_Pages/VSP_Bootstrap/VSP_Authcap/input_cvv'

2022-05-11 19:27:57 - [MESSAGE][PASSED] - Text '' is set on object 'Object Repository/AdminSuiteBootstrap_Pages/VSP_Bootstrap/VSP_Authcap/input_smsNumber'

2022-05-11 19:27:58 - [MESSAGE][PASSED] - Text '2.50' is set on object 'Object Repository/AdminSuiteBootstrap_Pages/VSP_Bootstrap/VSP_Authcap/input_amount'

2022-05-11 19:27:59 - [MESSAGE][PASSED] - Text 'Delhi' is set on object 'Object Repository/AdminSuiteBootstrap_Pages/VSP_Bootstrap/VSP_Authcap/input_userDefined1'

2022-05-11 19:27:59 - [MESSAGE][PASSED] - Text 'Chennai' is set on object 'Object Repository/AdminSuiteBootstrap_Pages/VSP_Bootstrap/VSP_Authcap/input_userDefined2'

2022-05-11 19:28:00 - [MESSAGE][PASSED] - Text 'Mumbai' is set on object 'Object Repository/AdminSuiteBootstrap_Pages/VSP_Bootstrap/VSP_Authcap/input_userDefined3'

2022-05-11 19:28:01 - [MESSAGE][PASSED] - Text 'Kanpur' is set on object 'Object Repository/AdminSuiteBootstrap_Pages/VSP_Bootstrap/VSP_Authcap/input_userDefined4'

2022-05-11 19:28:02 - [MESSAGE][PASSED] - All options with label 'Orange' are selected in object 'Object Repository/AdminSuiteBootstrap_Pages/VSP_Bootstrap/VSP_Authcap/select_UDF5'  using regular expression

2022-05-11 19:28:03 - [MESSAGE][PASSED] - All options with label 'Yellow' are selected in object 'Object Repository/AdminSuiteBootstrap_Pages/VSP_Bootstrap/VSP_Authcap/select_UDF6'  using regular expression

2022-05-11 19:28:03 - [MESSAGE][PASSED] - Text 'Kolkata' is set on object 'Object Repository/AdminSuiteBootstrap_Pages/VSP_Bootstrap/VSP_Authcap/input_userDefined7'

2022-05-11 19:28:04 - [MESSAGE][PASSED] - Text 'Pune' is set on object 'Object Repository/AdminSuiteBootstrap_Pages/VSP_Bootstrap/VSP_Authcap/input_userDefined8'

2022-05-11 19:28:05 - [MESSAGE][PASSED] - Text 'Bhavnagar' is set on object 'Object Repository/AdminSuiteBootstrap_Pages/VSP_Bootstrap/VSP_Authcap/input_userDefined9'

2022-05-11 19:28:05 - [MESSAGE][PASSED] - Text 'Noida' is set on object 'Object Repository/AdminSuiteBootstrap_Pages/VSP_Bootstrap/VSP_Authcap/input_userDefined10'

2022-05-11 19:28:08 - [MESSAGE][PASSED] - Object: 'Object Repository/AdminSuiteBootstrap_Pages/VSP_Bootstrap/VSP_Authcap/button_Submit' is clicked on

2022-05-11 19:28:08 - [MESSAGE][PASSED] - vspBootstrap.SalePage.setDataSaleAndAuth is PASSED

2022-05-11 19:28:08 - [TEST_STEP][PASSED] - verifyTextPresent("Transaction Successful", true): Text 'Transaction Successful' is present on page  using regular expression

2022-05-11 19:28:09 - [MESSAGE][PASSED] - Text 'Transaction Successful' is present on page  using regular expression

2022-05-11 19:28:09 - [TEST_STEP][PASSED] - verifyElementVisible(findTestObject("Object Repository/AdminSuiteBootstrap_Pages/VT_Bootstrap/Receipt/button_Continue")): Object 'Object Repository/AdminSuiteBootstrap_Pages/VT_Bootstrap/Receipt/button_Continue' is visible

2022-05-11 19:28:09 - [MESSAGE][PASSED] - Object 'Object Repository/AdminSuiteBootstrap_Pages/VT_Bootstrap/Receipt/button_Continue' is visible

2022-05-11 19:28:09 - [TEST_STEP][PASSED] - verifyElementPresent(findTestObject("Object Repository/AdminSuiteBootstrap_Pages/VT_Bootstrap/Receipt/button_Continue"), 20): Object 'Object Repository/AdminSuiteBootstrap_Pages/VT_Bootstrap/Receipt/button_Continue' is present

2022-05-11 19:28:10 - [MESSAGE][PASSED] - Object 'Object Repository/AdminSuiteBootstrap_Pages/VT_Bootstrap/Receipt/button_Continue' is present

2022-05-11 19:28:10 - [TEST_STEP][PASSED] - verifyElementVisible(findTestObject("Object Repository/AdminSuiteBootstrap_Pages/VT_Bootstrap/Receipt/button_Print")): Object 'Object Repository/AdminSuiteBootstrap_Pages/VT_Bootstrap/Receipt/button_Print' is visible

2022-05-11 19:28:10 - [MESSAGE][PASSED] - Object 'Object Repository/AdminSuiteBootstrap_Pages/VT_Bootstrap/Receipt/button_Print' is visible

2022-05-11 19:28:10 - [TEST_STEP][PASSED] - verifyElementPresent(findTestObject("Object Repository/AdminSuiteBootstrap_Pages/VT_Bootstrap/Receipt/button_Print"), 20): Object 'Object Repository/AdminSuiteBootstrap_Pages/VT_Bootstrap/Receipt/button_Print' is present

2022-05-11 19:28:10 - [MESSAGE][PASSED] - Object 'Object Repository/AdminSuiteBootstrap_Pages/VT_Bootstrap/Receipt/button_Print' is present

2022-05-11 19:28:10 - [TEST_STEP][PASSED] - verifyTextPresent("Remittance ID", true): Text 'Remittance ID' is present on page  using regular expression

2022-05-11 19:28:11 - [MESSAGE][PASSED] - Text 'Remittance ID' is present on page  using regular expression

2022-05-11 19:28:11 - [TEST_STEP][PASSED] - verifyTextPresent("Received", true): Text 'Received' is present on page  using regular expression

2022-05-11 19:28:11 - [MESSAGE][PASSED] - Text 'Received' is present on page  using regular expression

2022-05-11 19:28:11 - [TEST_STEP][PASSED] - verifyTextPresent("UDF1", true): Text 'UDF1' is present on page  using regular expression

2022-05-11 19:28:11 - [MESSAGE][PASSED] - Text 'UDF1' is present on page  using regular expression

2022-05-11 19:28:11 - [TEST_STEP][PASSED] - verifyTextPresent("UDF2", true): Text 'UDF2' is present on page  using regular expression

2022-05-11 19:28:11 - [MESSAGE][PASSED] - Text 'UDF2' is present on page  using regular expression

2022-05-11 19:28:11 - [TEST_STEP][PASSED] - verifyTextPresent("UDF3", true): Text 'UDF3' is present on page  using regular expression

2022-05-11 19:28:12 - [MESSAGE][PASSED] - Text 'UDF3' is present on page  using regular expression

2022-05-11 19:28:12 - [TEST_STEP][PASSED] - verifyTextPresent("UDF4", true): Text 'UDF4' is present on page  using regular expression

2022-05-11 19:28:12 - [MESSAGE][PASSED] - Text 'UDF4' is present on page  using regular expression

2022-05-11 19:28:12 - [TEST_STEP][PASSED] - verifyTextPresent("UDF5", true): Text 'UDF5' is present on page  using regular expression

2022-05-11 19:28:13 - [MESSAGE][PASSED] - Text 'UDF5' is present on page  using regular expression

2022-05-11 19:28:13 - [TEST_STEP][PASSED] - verifyTextPresent("UDF6", true): Text 'UDF6' is present on page  using regular expression

2022-05-11 19:28:13 - [MESSAGE][PASSED] - Text 'UDF6' is present on page  using regular expression

2022-05-11 19:28:13 - [TEST_STEP][PASSED] - verifyTextPresent("UDF7", true): Text 'UDF7' is present on page  using regular expression

2022-05-11 19:28:13 - [MESSAGE][PASSED] - Text 'UDF7' is present on page  using regular expression

2022-05-11 19:28:13 - [TEST_STEP][PASSED] - verifyTextPresent("UDF8", true): Text 'UDF8' is present on page  using regular expression

2022-05-11 19:28:13 - [MESSAGE][PASSED] - Text 'UDF8' is present on page  using regular expression

2022-05-11 19:28:13 - [TEST_STEP][PASSED] - verifyTextPresent("UDF9", true): Text 'UDF9' is present on page  using regular expression

2022-05-11 19:28:14 - [MESSAGE][PASSED] - Text 'UDF9' is present on page  using regular expression

2022-05-11 19:28:14 - [TEST_STEP][PASSED] - verifyTextPresent("UDF 10", true): Text 'UDF 10' is present on page  using regular expression

2022-05-11 19:28:14 - [MESSAGE][PASSED] - Text 'UDF 10' is present on page  using regular expression

2022-05-11 19:28:14 - [TEST_STEP][PASSED] - verifyTextPresent("Delhi", true): Text 'Delhi' is present on page  using regular expression

2022-05-11 19:28:14 - [MESSAGE][PASSED] - Text 'Delhi' is present on page  using regular expression

2022-05-11 19:28:14 - [TEST_STEP][PASSED] - verifyTextPresent("Chennai", true): Text 'Chennai' is present on page  using regular expression

2022-05-11 19:28:15 - [MESSAGE][PASSED] - Text 'Chennai' is present on page  using regular expression

2022-05-11 19:28:15 - [TEST_STEP][PASSED] - verifyTextPresent("Mumbai", true): Text 'Mumbai' is present on page  using regular expression

2022-05-11 19:28:15 - [MESSAGE][PASSED] - Text 'Mumbai' is present on page  using regular expression

2022-05-11 19:28:15 - [TEST_STEP][PASSED] - verifyTextPresent("Kanpur", true): Text 'Kanpur' is present on page  using regular expression

2022-05-11 19:28:15 - [MESSAGE][PASSED] - Text 'Kanpur' is present on page  using regular expression

2022-05-11 19:28:15 - [TEST_STEP][PASSED] - verifyTextPresent("Orange Recorded", true): Text 'Orange Recorded' is present on page  using regular expression

2022-05-11 19:28:16 - [MESSAGE][PASSED] - Text 'Orange Recorded' is present on page  using regular expression

2022-05-11 19:28:16 - [TEST_STEP][PASSED] - verifyTextPresent("Yellow Recorded", true): Text 'Yellow Recorded' is present on page  using regular expression

2022-05-11 19:28:16 - [MESSAGE][PASSED] - Text 'Yellow Recorded' is present on page  using regular expression

2022-05-11 19:28:16 - [TEST_STEP][PASSED] - verifyTextPresent("Kolkata", true): Text 'Kolkata' is present on page  using regular expression

2022-05-11 19:28:16 - [MESSAGE][PASSED] - Text 'Kolkata' is present on page  using regular expression

2022-05-11 19:28:16 - [TEST_STEP][PASSED] - verifyTextPresent("Pune", true): Text 'Pune' is present on page  using regular expression

2022-05-11 19:28:17 - [MESSAGE][PASSED] - Text 'Pune' is present on page  using regular expression

2022-05-11 19:28:17 - [TEST_STEP][PASSED] - verifyTextPresent("Bhavnagar", true): Text 'Bhavnagar' is present on page  using regular expression

2022-05-11 19:28:17 - [MESSAGE][PASSED] - Text 'Bhavnagar' is present on page  using regular expression

2022-05-11 19:28:17 - [TEST_STEP][PASSED] - verifyTextPresent("Noida", true): Text 'Noida' is present on page  using regular expression

2022-05-11 19:28:17 - [MESSAGE][PASSED] - Text 'Noida' is present on page  using regular expression

2022-05-11 19:28:17 - [TEST_STEP][PASSED] - verifyTextPresent("Amount", true): Text 'Amount' is present on page  using regular expression

2022-05-11 19:28:18 - [MESSAGE][PASSED] - Text 'Amount' is present on page  using regular expression

2022-05-11 19:28:18 - [TEST_STEP][PASSED] - verifyTextPresent("2.50", true): Text '2.50' is present on page  using regular expression

2022-05-11 19:28:18 - [MESSAGE][PASSED] - Text '2.50' is present on page  using regular expression

2022-05-11 19:28:18 - [TEST_STEP][PASSED] - verifyTextPresent("Authorization and Capture", true): Text 'Authorization and Capture' is present on page  using regular expression

2022-05-11 19:28:18 - [MESSAGE][PASSED] - Text 'Authorization and Capture' is present on page  using regular expression

2022-05-11 19:28:18 - [TEST_STEP][PASSED] - verifyTextPresent("Card Information", true): Text 'Card Information' is present on page  using regular expression

2022-05-11 19:28:19 - [MESSAGE][PASSED] - Text 'Card Information' is present on page  using regular expression

2022-05-11 19:28:19 - [TEST_STEP][PASSED] - verifyTextPresent("TANDON RAVENA", true): Text 'TANDON RAVENA' is present on page  using regular expression

2022-05-11 19:28:19 - [MESSAGE][PASSED] - Text 'TANDON RAVENA' is present on page  using regular expression

2022-05-11 19:28:19 - [TEST_STEP][PASSED] - verifyTextPresent("Address Line 1", true): Text 'Address Line 1' is present on page  using regular expression

2022-05-11 19:28:19 - [MESSAGE][PASSED] - Text 'Address Line 1' is present on page  using regular expression

2022-05-11 19:28:19 - [TEST_STEP][PASSED] - verifyTextPresent("Address Line 2", true): Text 'Address Line 2' is present on page  using regular expression

2022-05-11 19:28:20 - [MESSAGE][PASSED] - Text 'Address Line 2' is present on page  using regular expression

2022-05-11 19:28:20 - [TEST_STEP][PASSED] - verifyTextPresent("Country", true): Text 'Country' is present on page  using regular expression

2022-05-11 19:28:20 - [MESSAGE][PASSED] - Text 'Country' is present on page  using regular expression

2022-05-11 19:28:20 - [TEST_STEP][PASSED] - verifyTextPresent("City", true): Text 'City' is present on page  using regular expression

2022-05-11 19:28:20 - [MESSAGE][PASSED] - Text 'City' is present on page  using regular expression

2022-05-11 19:28:20 - [TEST_STEP][PASSED] - verifyTextPresent("State", true): Text 'State' is present on page  using regular expression

2022-05-11 19:28:21 - [MESSAGE][PASSED] - Text 'State' is present on page  using regular expression

2022-05-11 19:28:21 - [TEST_STEP][PASSED] - verifyTextPresent("ZIP Code", true): Text 'ZIP Code' is present on page  using regular expression

2022-05-11 19:28:21 - [MESSAGE][PASSED] - Text 'ZIP Code' is present on page  using regular expression

2022-05-11 19:28:21 - [TEST_STEP][PASSED] - verifyTextPresent("248 PhoolKaante road", true): Text '248 PhoolKaante road' is present on page  using regular expression

2022-05-11 19:28:21 - [MESSAGE][PASSED] - Text '248 PhoolKaante road' is present on page  using regular expression

2022-05-11 19:28:21 - [TEST_STEP][PASSED] - verifyTextPresent("Suite 678", true): Text 'Suite 678' is present on page  using regular expression

2022-05-11 19:28:22 - [MESSAGE][PASSED] - Text 'Suite 678' is present on page  using regular expression

2022-05-11 19:28:22 - [TEST_STEP][PASSED] - verifyTextPresent("United States", true): Text 'United States' is present on page  using regular expression

2022-05-11 19:28:22 - [MESSAGE][PASSED] - Text 'United States' is present on page  using regular expression

2022-05-11 19:28:22 - [TEST_STEP][PASSED] - verifyTextPresent("ARLINGTON", true): Text 'ARLINGTON' is present on page  using regular expression

2022-05-11 19:28:22 - [MESSAGE][PASSED] - Text 'ARLINGTON' is present on page  using regular expression

2022-05-11 19:28:22 - [TEST_STEP][PASSED] - verifyTextPresent("VA", true): Text 'VA' is present on page  using regular expression

2022-05-11 19:28:23 - [MESSAGE][PASSED] - Text 'VA' is present on page  using regular expression

2022-05-11 19:28:23 - [TEST_STEP][PASSED] - verifyTextPresent("22201", true): Text '22201' is present on page  using regular expression

2022-05-11 19:28:23 - [MESSAGE][PASSED] - Text '22201' is present on page  using regular expression

2022-05-11 19:28:23 - [TEST_STEP][PASSED] - cardTypeV = findTestData(dataFile).getValue("CardType", row): null

2022-05-11 19:28:23 - [TEST_STEP][PASSED] - last4V = findTestData(dataFile).getValue("Last4", row): null

2022-05-11 19:28:23 - [TEST_STEP][PASSED] - verifyTextPresent(cardTypeV, true): Text 'Discover' is present on page  using regular expression

2022-05-11 19:28:23 - [MESSAGE][PASSED] - Text 'Discover' is present on page  using regular expression

2022-05-11 19:28:23 - [TEST_STEP][PASSED] - verifyTextPresent(last4V, true): Text '6909' is present on page  using regular expression

2022-05-11 19:28:24 - [MESSAGE][PASSED] - Text '6909' is present on page  using regular expression

2022-05-11 19:28:24 - [TEST_STEP][PASSED] - switch (appName): null

2022-05-11 19:28:24 - [TEST_STEP][PASSED] - closeBrowser(): Browser is closed

2022-05-11 19:28:25 - [MESSAGE][PASSED] - Browser is closed

2022-05-11 19:28:25 - [TEST_STEP][PASSED] - ExecuteTC = findTestData(dataFile).getValue("Execute", row): null

2022-05-11 19:28:25 - [TEST_STEP][PASSED] - out.println("Value of Execute is : " + ExecuteTC): null

2022-05-11 19:28:25 - [TEST_STEP][PASSED] - switch (executionProfile): null

2022-05-11 19:28:25 - [TEST_STEP][PASSED] - case "QAProfile":: null

2022-05-11 19:28:25 - [TEST_STEP][PASSED] - appName = findTestData(dataFile).getValue("AppNameQA", row): null

2022-05-11 19:28:25 - [TEST_STEP][PASSED] - appID = findTestData(dataFile).getValue("AppIDQA", row): null

2022-05-11 19:28:25 - [TEST_STEP][PASSED] - break: null

2022-05-11 19:28:25 - [TEST_STEP][PASSED] - if (ExecuteTC.equalsIgnoreCase("Y")): null

2022-05-11 19:28:25 - [TEST_STEP][PASSED] - out.println("Begin Record Number: " + row): null

2022-05-11 19:28:25 - [TEST_STEP][PASSED] - today = new java.util.Date(): null

2022-05-11 19:28:25 - [TEST_STEP][PASSED] - println(today): null

2022-05-11 19:28:25 - [TEST_STEP][PASSED] - datText = today: null

2022-05-11 19:28:25 - [TEST_STEP][PASSED] - adminSuiteBootstrap.loginFunctionality.login_AdminSuite(): adminSuiteBootstrap.loginFunctionality.login_AdminSuite is PASSED

2022-05-11 19:28:25 - [MESSAGE][INFO] - Starting 'Chrome' driver

2022-05-11 19:28:25 - [MESSAGE][INFO] - User set preference: ['acceptInsecureCerts', 'true']

2022-05-11 19:28:25 - [MESSAGE][INFO] - Action delay is set to 0 milliseconds

2022-05-11 19:28:27 - [MESSAGE][PASSED] - Browser is opened with url: 'https://qa.velocitypayment.com/admin/imtiaz'

2022-05-11 19:28:27 - [MESSAGE][PASSED] - Current window maximized

2022-05-11 19:28:28 - [MESSAGE][PASSED] - Object 'Object Repository/Login_Page/Login_Username' is present

2022-05-11 19:28:29 - [MESSAGE][PASSED] - Text 'iahmed' is set on object 'Object Repository/Login_Page/Login_Username'

2022-05-11 19:28:29 - [MESSAGE][PASSED] - Text 'hello2222' is set on object 'Object Repository/Login_Page/Login_Password'

2022-05-11 19:28:32 - [MESSAGE][PASSED] - Object: 'Object Repository/Login_Page/Login_Submit' is clicked on

2022-05-11 19:28:32 - [MESSAGE][PASSED] - adminSuiteBootstrap.loginFunctionality.login_AdminSuite is PASSED

2022-05-11 19:28:32 - [TEST_STEP][PASSED] - click(findTestObject(path_Dashboard + appName)): Object: 'Object Repository/AdminSuiteBootstrap_Pages/Dashboard_Bootstrap/a_Access AutoNoCFtp' is clicked on

2022-05-11 19:28:33 - [MESSAGE][PASSED] - Object: 'Object Repository/AdminSuiteBootstrap_Pages/Dashboard_Bootstrap/a_Access AutoNoCFtp' is clicked on

2022-05-11 19:28:33 - [TEST_STEP][PASSED] - click(findTestObject(path_VT + "a_Find Profile")): Object: 'Object Repository/AdminSuiteBootstrap_Pages/VT_Bootstrap/IssueTransactions/a_Find Profile' is clicked on

2022-05-11 19:28:34 - [MESSAGE][PASSED] - Object: 'Object Repository/AdminSuiteBootstrap_Pages/VT_Bootstrap/IssueTransactions/a_Find Profile' is clicked on

2022-05-11 19:28:34 - [TEST_STEP][PASSED] - criteria = <not implemented yet for class: org.codehaus.groovy.ast.expr.EmptyExpression>: null

2022-05-11 19:28:34 - [TEST_STEP][PASSED] - searchBy = <not implemented yet for class: org.codehaus.groovy.ast.expr.EmptyExpression>: null

2022-05-11 19:28:34 - [TEST_STEP][PASSED] - criteria = findTestData(dataFile).getValue("ProfileName", row): null

2022-05-11 19:28:34 - [TEST_STEP][PASSED] - path_SearchProfile = "Object Repository/AdminSuiteBootstrap_Pages/VSP_Bootstrap/SearchProfile/": null

2022-05-11 19:28:34 - [TEST_STEP][PASSED] - setText(findTestObject(path_SearchProfile + "input_Criteria"), criteria): Text 'PaymentsVisa' is set on object 'Object Repository/AdminSuiteBootstrap_Pages/VSP_Bootstrap/SearchProfile/input_Criteria'

2022-05-11 19:28:34 - [MESSAGE][PASSED] - Text 'PaymentsVisa' is set on object 'Object Repository/AdminSuiteBootstrap_Pages/VSP_Bootstrap/SearchProfile/input_Criteria'

2022-05-11 19:28:34 - [TEST_STEP][PASSED] - click(findTestObject(path_SearchProfile + "button_Search")): Object: 'Object Repository/AdminSuiteBootstrap_Pages/VSP_Bootstrap/SearchProfile/button_Search' is clicked on

2022-05-11 19:28:35 - [MESSAGE][PASSED] - Object: 'Object Repository/AdminSuiteBootstrap_Pages/VSP_Bootstrap/SearchProfile/button_Search' is clicked on

2022-05-11 19:28:35 - [TEST_STEP][PASSED] - profNameLink = findTestData(dataFile).getValue("ProfileNameLink", row): null

2022-05-11 19:28:35 - [TEST_STEP][PASSED] - click(findTestObject(path_ViewProfile + profNameLink)): Object: 'Object Repository/AdminSuiteBootstrap_Pages/VSP_Bootstrap/View Profile/a_PaymentsVisa' is clicked on

2022-05-11 19:28:37 - [MESSAGE][PASSED] - Object: 'Object Repository/AdminSuiteBootstrap_Pages/VSP_Bootstrap/View Profile/a_PaymentsVisa' is clicked on

2022-05-11 19:28:37 - [TEST_STEP][PASSED] - click(findTestObject(path_ViewProfile + "a_AuthCap")): Object: 'Object Repository/AdminSuiteBootstrap_Pages/VSP_Bootstrap/View Profile/a_AuthCap' is clicked on

2022-05-11 19:28:38 - [MESSAGE][PASSED] - Object: 'Object Repository/AdminSuiteBootstrap_Pages/VSP_Bootstrap/View Profile/a_AuthCap' is clicked on

2022-05-11 19:28:38 - [TEST_STEP][PASSED] - verifyTextPresent("Credit Card Authorization Capture", true): Text 'Credit Card Authorization Capture' is present on page  using regular expression

2022-05-11 19:28:39 - [MESSAGE][PASSED] - Text 'Credit Card Authorization Capture' is present on page  using regular expression

2022-05-11 19:28:39 - [TEST_STEP][PASSED] - verifyTextPresent("Sale", true): Text 'Sale' is present on page  using regular expression

2022-05-11 19:28:39 - [MESSAGE][PASSED] - Text 'Sale' is present on page  using regular expression

2022-05-11 19:28:39 - [TEST_STEP][PASSED] - verifyTextPresent("Required fields are highlighted with an asterisk", true): Text 'Required fields are highlighted with an asterisk' is present on page  using regular expression

2022-05-11 19:28:39 - [MESSAGE][PASSED] - Text 'Required fields are highlighted with an asterisk' is present on page  using regular expression

2022-05-11 19:28:39 - [TEST_STEP][PASSED] - verifyTextPresent("Remittance ID", true): Text 'Remittance ID' is present on page  using regular expression

2022-05-11 19:28:40 - [MESSAGE][PASSED] - Text 'Remittance ID' is present on page  using regular expression

2022-05-11 19:28:40 - [TEST_STEP][PASSED] - vspBootstrap.SalePage.setDataSaleAndAuth(row, dataFile): vspBootstrap.SalePage.setDataSaleAndAuth is PASSED

2022-05-11 19:28:41 - [MESSAGE][PASSED] - All options with value 'RETL' are selected in object 'Object Repository/AdminSuiteBootstrap_Pages/VSP_Bootstrap/VSP_Authcap/select_TransactionCategory'  using regular expression

2022-05-11 19:28:42 - [MESSAGE][PASSED] - Text '123' is set on object 'Object Repository/AdminSuiteBootstrap_Pages/VSP_Bootstrap/VSP_Authcap/input_cvv'

2022-05-11 19:28:42 - [MESSAGE][PASSED] - Text '' is set on object 'Object Repository/AdminSuiteBootstrap_Pages/VSP_Bootstrap/VSP_Authcap/input_smsNumber'

2022-05-11 19:28:43 - [MESSAGE][PASSED] - Text '2.50' is set on object 'Object Repository/AdminSuiteBootstrap_Pages/VSP_Bootstrap/VSP_Authcap/input_amount'

2022-05-11 19:28:44 - [MESSAGE][PASSED] - Text 'Delhi' is set on object 'Object Repository/AdminSuiteBootstrap_Pages/VSP_Bootstrap/VSP_Authcap/input_userDefined1'

2022-05-11 19:28:44 - [MESSAGE][PASSED] - Text 'Chennai' is set on object 'Object Repository/AdminSuiteBootstrap_Pages/VSP_Bootstrap/VSP_Authcap/input_userDefined2'

2022-05-11 19:28:45 - [MESSAGE][PASSED] - Text 'Mumbai' is set on object 'Object Repository/AdminSuiteBootstrap_Pages/VSP_Bootstrap/VSP_Authcap/input_userDefined3'

2022-05-11 19:28:46 - [MESSAGE][PASSED] - Text 'Kanpur' is set on object 'Object Repository/AdminSuiteBootstrap_Pages/VSP_Bootstrap/VSP_Authcap/input_userDefined4'

2022-05-11 19:28:47 - [MESSAGE][PASSED] - All options with label 'Orange' are selected in object 'Object Repository/AdminSuiteBootstrap_Pages/VSP_Bootstrap/VSP_Authcap/select_UDF5'  using regular expression

2022-05-11 19:28:48 - [MESSAGE][PASSED] - All options with label 'Yellow' are selected in object 'Object Repository/AdminSuiteBootstrap_Pages/VSP_Bootstrap/VSP_Authcap/select_UDF6'  using regular expression

2022-05-11 19:28:48 - [MESSAGE][PASSED] - Text 'Kolkata' is set on object 'Object Repository/AdminSuiteBootstrap_Pages/VSP_Bootstrap/VSP_Authcap/input_userDefined7'

2022-05-11 19:28:49 - [MESSAGE][PASSED] - Text 'Pune' is set on object 'Object Repository/AdminSuiteBootstrap_Pages/VSP_Bootstrap/VSP_Authcap/input_userDefined8'

2022-05-11 19:28:50 - [MESSAGE][PASSED] - Text 'Bhavnagar' is set on object 'Object Repository/AdminSuiteBootstrap_Pages/VSP_Bootstrap/VSP_Authcap/input_userDefined9'

2022-05-11 19:28:50 - [MESSAGE][PASSED] - Text 'Noida' is set on object 'Object Repository/AdminSuiteBootstrap_Pages/VSP_Bootstrap/VSP_Authcap/input_userDefined10'

2022-05-11 19:28:52 - [MESSAGE][PASSED] - Object: 'Object Repository/AdminSuiteBootstrap_Pages/VSP_Bootstrap/VSP_Authcap/button_Submit' is clicked on

2022-05-11 19:28:52 - [MESSAGE][PASSED] - vspBootstrap.SalePage.setDataSaleAndAuth is PASSED

2022-05-11 19:28:52 - [TEST_STEP][PASSED] - verifyTextPresent("Transaction Successful", true): Text 'Transaction Successful' is present on page  using regular expression

2022-05-11 19:28:53 - [MESSAGE][PASSED] - Text 'Transaction Successful' is present on page  using regular expression

2022-05-11 19:28:53 - [TEST_STEP][PASSED] - verifyElementVisible(findTestObject("Object Repository/AdminSuiteBootstrap_Pages/VT_Bootstrap/Receipt/button_Continue")): Object 'Object Repository/AdminSuiteBootstrap_Pages/VT_Bootstrap/Receipt/button_Continue' is visible

2022-05-11 19:28:53 - [MESSAGE][PASSED] - Object 'Object Repository/AdminSuiteBootstrap_Pages/VT_Bootstrap/Receipt/button_Continue' is visible

2022-05-11 19:28:53 - [TEST_STEP][PASSED] - verifyElementPresent(findTestObject("Object Repository/AdminSuiteBootstrap_Pages/VT_Bootstrap/Receipt/button_Continue"), 20): Object 'Object Repository/AdminSuiteBootstrap_Pages/VT_Bootstrap/Receipt/button_Continue' is present

2022-05-11 19:28:53 - [MESSAGE][PASSED] - Object 'Object Repository/AdminSuiteBootstrap_Pages/VT_Bootstrap/Receipt/button_Continue' is present

2022-05-11 19:28:53 - [TEST_STEP][PASSED] - verifyElementVisible(findTestObject("Object Repository/AdminSuiteBootstrap_Pages/VT_Bootstrap/Receipt/button_Print")): Object 'Object Repository/AdminSuiteBootstrap_Pages/VT_Bootstrap/Receipt/button_Print' is visible

2022-05-11 19:28:54 - [MESSAGE][PASSED] - Object 'Object Repository/AdminSuiteBootstrap_Pages/VT_Bootstrap/Receipt/button_Print' is visible

2022-05-11 19:28:54 - [TEST_STEP][PASSED] - verifyElementPresent(findTestObject("Object Repository/AdminSuiteBootstrap_Pages/VT_Bootstrap/Receipt/button_Print"), 20): Object 'Object Repository/AdminSuiteBootstrap_Pages/VT_Bootstrap/Receipt/button_Print' is present

2022-05-11 19:28:54 - [MESSAGE][PASSED] - Object 'Object Repository/AdminSuiteBootstrap_Pages/VT_Bootstrap/Receipt/button_Print' is present

2022-05-11 19:28:54 - [TEST_STEP][PASSED] - verifyTextPresent("Remittance ID", true): Text 'Remittance ID' is present on page  using regular expression

2022-05-11 19:28:54 - [MESSAGE][PASSED] - Text 'Remittance ID' is present on page  using regular expression

2022-05-11 19:28:54 - [TEST_STEP][PASSED] - verifyTextPresent("Received", true): Text 'Received' is present on page  using regular expression

2022-05-11 19:28:55 - [MESSAGE][PASSED] - Text 'Received' is present on page  using regular expression

2022-05-11 19:28:55 - [TEST_STEP][PASSED] - verifyTextPresent("UDF1", true): Text 'UDF1' is present on page  using regular expression

2022-05-11 19:28:55 - [MESSAGE][PASSED] - Text 'UDF1' is present on page  using regular expression

2022-05-11 19:28:55 - [TEST_STEP][PASSED] - verifyTextPresent("UDF2", true): Text 'UDF2' is present on page  using regular expression

2022-05-11 19:28:55 - [MESSAGE][PASSED] - Text 'UDF2' is present on page  using regular expression

2022-05-11 19:28:55 - [TEST_STEP][PASSED] - verifyTextPresent("UDF3", true): Text 'UDF3' is present on page  using regular expression

2022-05-11 19:28:56 - [MESSAGE][PASSED] - Text 'UDF3' is present on page  using regular expression

2022-05-11 19:28:56 - [TEST_STEP][PASSED] - verifyTextPresent("UDF4", true): Text 'UDF4' is present on page  using regular expression

2022-05-11 19:28:56 - [MESSAGE][PASSED] - Text 'UDF4' is present on page  using regular expression

2022-05-11 19:28:56 - [TEST_STEP][PASSED] - verifyTextPresent("UDF5", true): Text 'UDF5' is present on page  using regular expression

2022-05-11 19:28:56 - [MESSAGE][PASSED] - Text 'UDF5' is present on page  using regular expression

2022-05-11 19:28:56 - [TEST_STEP][PASSED] - verifyTextPresent("UDF6", true): Text 'UDF6' is present on page  using regular expression

2022-05-11 19:28:57 - [MESSAGE][PASSED] - Text 'UDF6' is present on page  using regular expression

2022-05-11 19:28:57 - [TEST_STEP][PASSED] - verifyTextPresent("UDF7", true): Text 'UDF7' is present on page  using regular expression

2022-05-11 19:28:57 - [MESSAGE][PASSED] - Text 'UDF7' is present on page  using regular expression

2022-05-11 19:28:57 - [TEST_STEP][PASSED] - verifyTextPresent("UDF8", true): Text 'UDF8' is present on page  using regular expression

2022-05-11 19:28:57 - [MESSAGE][PASSED] - Text 'UDF8' is present on page  using regular expression

2022-05-11 19:28:57 - [TEST_STEP][PASSED] - verifyTextPresent("UDF9", true): Text 'UDF9' is present on page  using regular expression

2022-05-11 19:28:58 - [MESSAGE][PASSED] - Text 'UDF9' is present on page  using regular expression

2022-05-11 19:28:58 - [TEST_STEP][PASSED] - verifyTextPresent("UDF 10", true): Text 'UDF 10' is present on page  using regular expression

2022-05-11 19:28:58 - [MESSAGE][PASSED] - Text 'UDF 10' is present on page  using regular expression

2022-05-11 19:28:58 - [TEST_STEP][PASSED] - verifyTextPresent("Delhi", true): Text 'Delhi' is present on page  using regular expression

2022-05-11 19:28:58 - [MESSAGE][PASSED] - Text 'Delhi' is present on page  using regular expression

2022-05-11 19:28:58 - [TEST_STEP][PASSED] - verifyTextPresent("Chennai", true): Text 'Chennai' is present on page  using regular expression

2022-05-11 19:28:59 - [MESSAGE][PASSED] - Text 'Chennai' is present on page  using regular expression

2022-05-11 19:28:59 - [TEST_STEP][PASSED] - verifyTextPresent("Mumbai", true): Text 'Mumbai' is present on page  using regular expression

2022-05-11 19:28:59 - [MESSAGE][PASSED] - Text 'Mumbai' is present on page  using regular expression

2022-05-11 19:28:59 - [TEST_STEP][PASSED] - verifyTextPresent("Kanpur", true): Text 'Kanpur' is present on page  using regular expression

2022-05-11 19:28:59 - [MESSAGE][PASSED] - Text 'Kanpur' is present on page  using regular expression

2022-05-11 19:28:59 - [TEST_STEP][PASSED] - verifyTextPresent("Orange Recorded", true): Text 'Orange Recorded' is present on page  using regular expression

2022-05-11 19:29:00 - [MESSAGE][PASSED] - Text 'Orange Recorded' is present on page  using regular expression

2022-05-11 19:29:00 - [TEST_STEP][PASSED] - verifyTextPresent("Yellow Recorded", true): Text 'Yellow Recorded' is present on page  using regular expression

2022-05-11 19:29:00 - [MESSAGE][PASSED] - Text 'Yellow Recorded' is present on page  using regular expression

2022-05-11 19:29:00 - [TEST_STEP][PASSED] - verifyTextPresent("Kolkata", true): Text 'Kolkata' is present on page  using regular expression

2022-05-11 19:29:00 - [MESSAGE][PASSED] - Text 'Kolkata' is present on page  using regular expression

2022-05-11 19:29:00 - [TEST_STEP][PASSED] - verifyTextPresent("Pune", true): Text 'Pune' is present on page  using regular expression

2022-05-11 19:29:01 - [MESSAGE][PASSED] - Text 'Pune' is present on page  using regular expression

2022-05-11 19:29:01 - [TEST_STEP][PASSED] - verifyTextPresent("Bhavnagar", true): Text 'Bhavnagar' is present on page  using regular expression

2022-05-11 19:29:01 - [MESSAGE][PASSED] - Text 'Bhavnagar' is present on page  using regular expression

2022-05-11 19:29:01 - [TEST_STEP][PASSED] - verifyTextPresent("Noida", true): Text 'Noida' is present on page  using regular expression

2022-05-11 19:29:01 - [MESSAGE][PASSED] - Text 'Noida' is present on page  using regular expression

2022-05-11 19:29:01 - [TEST_STEP][PASSED] - verifyTextPresent("Amount", true): Text 'Amount' is present on page  using regular expression

2022-05-11 19:29:02 - [MESSAGE][PASSED] - Text 'Amount' is present on page  using regular expression

2022-05-11 19:29:02 - [TEST_STEP][PASSED] - verifyTextPresent("2.50", true): Text '2.50' is present on page  using regular expression

2022-05-11 19:29:02 - [MESSAGE][PASSED] - Text '2.50' is present on page  using regular expression

2022-05-11 19:29:02 - [TEST_STEP][PASSED] - verifyTextPresent("Authorization and Capture", true): Text 'Authorization and Capture' is present on page  using regular expression

2022-05-11 19:29:02 - [MESSAGE][PASSED] - Text 'Authorization and Capture' is present on page  using regular expression

2022-05-11 19:29:02 - [TEST_STEP][PASSED] - verifyTextPresent("Card Information", true): Text 'Card Information' is present on page  using regular expression

2022-05-11 19:29:03 - [MESSAGE][PASSED] - Text 'Card Information' is present on page  using regular expression

2022-05-11 19:29:03 - [TEST_STEP][PASSED] - verifyTextPresent("TANDON RAVENA", true): Text 'TANDON RAVENA' is present on page  using regular expression

2022-05-11 19:29:03 - [MESSAGE][PASSED] - Text 'TANDON RAVENA' is present on page  using regular expression

2022-05-11 19:29:03 - [TEST_STEP][PASSED] - verifyTextPresent("Address Line 1", true): Text 'Address Line 1' is present on page  using regular expression

2022-05-11 19:29:03 - [MESSAGE][PASSED] - Text 'Address Line 1' is present on page  using regular expression

2022-05-11 19:29:03 - [TEST_STEP][PASSED] - verifyTextPresent("Address Line 2", true): Text 'Address Line 2' is present on page  using regular expression

2022-05-11 19:29:04 - [MESSAGE][PASSED] - Text 'Address Line 2' is present on page  using regular expression

2022-05-11 19:29:04 - [TEST_STEP][PASSED] - verifyTextPresent("Country", true): Text 'Country' is present on page  using regular expression

2022-05-11 19:29:04 - [MESSAGE][PASSED] - Text 'Country' is present on page  using regular expression

2022-05-11 19:29:04 - [TEST_STEP][PASSED] - verifyTextPresent("City", true): Text 'City' is present on page  using regular expression

2022-05-11 19:29:04 - [MESSAGE][PASSED] - Text 'City' is present on page  using regular expression

2022-05-11 19:29:04 - [TEST_STEP][PASSED] - verifyTextPresent("State", true): Text 'State' is present on page  using regular expression

2022-05-11 19:29:05 - [MESSAGE][PASSED] - Text 'State' is present on page  using regular expression

2022-05-11 19:29:05 - [TEST_STEP][PASSED] - verifyTextPresent("ZIP Code", true): Text 'ZIP Code' is present on page  using regular expression

2022-05-11 19:29:05 - [MESSAGE][PASSED] - Text 'ZIP Code' is present on page  using regular expression

2022-05-11 19:29:05 - [TEST_STEP][PASSED] - verifyTextPresent("248 PhoolKaante road", true): Text '248 PhoolKaante road' is present on page  using regular expression

2022-05-11 19:29:05 - [MESSAGE][PASSED] - Text '248 PhoolKaante road' is present on page  using regular expression

2022-05-11 19:29:05 - [TEST_STEP][PASSED] - verifyTextPresent("Suite 678", true): Text 'Suite 678' is present on page  using regular expression

2022-05-11 19:29:05 - [MESSAGE][PASSED] - Text 'Suite 678' is present on page  using regular expression

2022-05-11 19:29:05 - [TEST_STEP][PASSED] - verifyTextPresent("United States", true): Text 'United States' is present on page  using regular expression

2022-05-11 19:29:06 - [MESSAGE][PASSED] - Text 'United States' is present on page  using regular expression

2022-05-11 19:29:06 - [TEST_STEP][PASSED] - verifyTextPresent("ARLINGTON", true): Text 'ARLINGTON' is present on page  using regular expression

2022-05-11 19:29:06 - [MESSAGE][PASSED] - Text 'ARLINGTON' is present on page  using regular expression

2022-05-11 19:29:06 - [TEST_STEP][PASSED] - verifyTextPresent("VA", true): Text 'VA' is present on page  using regular expression

2022-05-11 19:29:06 - [MESSAGE][PASSED] - Text 'VA' is present on page  using regular expression

2022-05-11 19:29:06 - [TEST_STEP][PASSED] - verifyTextPresent("22201", true): Text '22201' is present on page  using regular expression

2022-05-11 19:29:07 - [MESSAGE][PASSED] - Text '22201' is present on page  using regular expression

2022-05-11 19:29:07 - [TEST_STEP][PASSED] - cardTypeV = findTestData(dataFile).getValue("CardType", row): null

2022-05-11 19:29:07 - [TEST_STEP][PASSED] - last4V = findTestData(dataFile).getValue("Last4", row): null

2022-05-11 19:29:07 - [TEST_STEP][PASSED] - verifyTextPresent(cardTypeV, true): Text 'Visa' is present on page  using regular expression

2022-05-11 19:29:07 - [MESSAGE][PASSED] - Text 'Visa' is present on page  using regular expression

2022-05-11 19:29:07 - [TEST_STEP][PASSED] - verifyTextPresent(last4V, true): Text '5439' is present on page  using regular expression

2022-05-11 19:29:07 - [MESSAGE][PASSED] - Text '5439' is present on page  using regular expression

2022-05-11 19:29:07 - [TEST_STEP][PASSED] - switch (appName): null

2022-05-11 19:29:08 - [TEST_STEP][PASSED] - closeBrowser(): Browser is closed

2022-05-11 19:29:08 - [MESSAGE][PASSED] - Browser is closed

2022-05-11 19:29:08 - [TEST_STEP][PASSED] - ExecuteTC = findTestData(dataFile).getValue("Execute", row): null

2022-05-11 19:29:08 - [TEST_STEP][PASSED] - out.println("Value of Execute is : " + ExecuteTC): null

2022-05-11 19:29:08 - [TEST_STEP][PASSED] - switch (executionProfile): null

2022-05-11 19:29:08 - [TEST_STEP][PASSED] - case "QAProfile":: null

2022-05-11 19:29:08 - [TEST_STEP][PASSED] - appName = findTestData(dataFile).getValue("AppNameQA", row): null

2022-05-11 19:29:08 - [TEST_STEP][PASSED] - appID = findTestData(dataFile).getValue("AppIDQA", row): null

2022-05-11 19:29:09 - [TEST_STEP][PASSED] - break: null

2022-05-11 19:29:09 - [TEST_STEP][PASSED] - if (ExecuteTC.equalsIgnoreCase("Y")): null

2022-05-11 19:29:09 - [TEST_STEP][PASSED] - out.println("Begin Record Number: " + row): null

2022-05-11 19:29:09 - [TEST_STEP][PASSED] - today = new java.util.Date(): null

2022-05-11 19:29:09 - [TEST_STEP][PASSED] - println(today): null

2022-05-11 19:29:09 - [TEST_STEP][PASSED] - datText = today: null

2022-05-11 19:29:09 - [TEST_STEP][PASSED] - adminSuiteBootstrap.loginFunctionality.login_AdminSuite(): adminSuiteBootstrap.loginFunctionality.login_AdminSuite is PASSED

2022-05-11 19:29:09 - [MESSAGE][INFO] - Starting 'Chrome' driver

2022-05-11 19:29:09 - [MESSAGE][INFO] - User set preference: ['acceptInsecureCerts', 'true']

2022-05-11 19:29:09 - [MESSAGE][INFO] - Action delay is set to 0 milliseconds

2022-05-11 19:29:11 - [MESSAGE][PASSED] - Browser is opened with url: 'https://qa.velocitypayment.com/admin/imtiaz'

2022-05-11 19:29:11 - [MESSAGE][PASSED] - Current window maximized

2022-05-11 19:29:12 - [MESSAGE][PASSED] - Object 'Object Repository/Login_Page/Login_Username' is present

2022-05-11 19:29:12 - [MESSAGE][PASSED] - Text 'iahmed' is set on object 'Object Repository/Login_Page/Login_Username'

2022-05-11 19:29:13 - [MESSAGE][PASSED] - Text 'hello2222' is set on object 'Object Repository/Login_Page/Login_Password'

2022-05-11 19:29:16 - [MESSAGE][PASSED] - Object: 'Object Repository/Login_Page/Login_Submit' is clicked on

2022-05-11 19:29:16 - [MESSAGE][PASSED] - adminSuiteBootstrap.loginFunctionality.login_AdminSuite is PASSED

2022-05-11 19:29:16 - [TEST_STEP][PASSED] - click(findTestObject(path_Dashboard + appName)): Object: 'Object Repository/AdminSuiteBootstrap_Pages/Dashboard_Bootstrap/a_Access AutoNoCFtp' is clicked on

2022-05-11 19:29:17 - [MESSAGE][PASSED] - Object: 'Object Repository/AdminSuiteBootstrap_Pages/Dashboard_Bootstrap/a_Access AutoNoCFtp' is clicked on

2022-05-11 19:29:17 - [TEST_STEP][PASSED] - click(findTestObject(path_VT + "a_Find Profile")): Object: 'Object Repository/AdminSuiteBootstrap_Pages/VT_Bootstrap/IssueTransactions/a_Find Profile' is clicked on

2022-05-11 19:29:18 - [MESSAGE][PASSED] - Object: 'Object Repository/AdminSuiteBootstrap_Pages/VT_Bootstrap/IssueTransactions/a_Find Profile' is clicked on

2022-05-11 19:29:18 - [TEST_STEP][PASSED] - criteria = <not implemented yet for class: org.codehaus.groovy.ast.expr.EmptyExpression>: null

2022-05-11 19:29:18 - [TEST_STEP][PASSED] - searchBy = <not implemented yet for class: org.codehaus.groovy.ast.expr.EmptyExpression>: null

2022-05-11 19:29:18 - [TEST_STEP][PASSED] - criteria = findTestData(dataFile).getValue("ProfileName", row): null

2022-05-11 19:29:18 - [TEST_STEP][PASSED] - path_SearchProfile = "Object Repository/AdminSuiteBootstrap_Pages/VSP_Bootstrap/SearchProfile/": null

2022-05-11 19:29:18 - [TEST_STEP][PASSED] - setText(findTestObject(path_SearchProfile + "input_Criteria"), criteria): Text 'PaymentsMC' is set on object 'Object Repository/AdminSuiteBootstrap_Pages/VSP_Bootstrap/SearchProfile/input_Criteria'

2022-05-11 19:29:18 - [MESSAGE][PASSED] - Text 'PaymentsMC' is set on object 'Object Repository/AdminSuiteBootstrap_Pages/VSP_Bootstrap/SearchProfile/input_Criteria'

2022-05-11 19:29:18 - [TEST_STEP][PASSED] - click(findTestObject(path_SearchProfile + "button_Search")): Object: 'Object Repository/AdminSuiteBootstrap_Pages/VSP_Bootstrap/SearchProfile/button_Search' is clicked on

2022-05-11 19:29:19 - [MESSAGE][PASSED] - Object: 'Object Repository/AdminSuiteBootstrap_Pages/VSP_Bootstrap/SearchProfile/button_Search' is clicked on

2022-05-11 19:29:19 - [TEST_STEP][PASSED] - profNameLink = findTestData(dataFile).getValue("ProfileNameLink", row): null

2022-05-11 19:29:19 - [TEST_STEP][PASSED] - click(findTestObject(path_ViewProfile + profNameLink)): Object: 'Object Repository/AdminSuiteBootstrap_Pages/VSP_Bootstrap/View Profile/a_PaymentsMC' is clicked on

2022-05-11 19:29:21 - [MESSAGE][PASSED] - Object: 'Object Repository/AdminSuiteBootstrap_Pages/VSP_Bootstrap/View Profile/a_PaymentsMC' is clicked on

2022-05-11 19:29:21 - [TEST_STEP][PASSED] - click(findTestObject(path_ViewProfile + "a_AuthCap")): Object: 'Object Repository/AdminSuiteBootstrap_Pages/VSP_Bootstrap/View Profile/a_AuthCap' is clicked on

2022-05-11 19:29:22 - [MESSAGE][PASSED] - Object: 'Object Repository/AdminSuiteBootstrap_Pages/VSP_Bootstrap/View Profile/a_AuthCap' is clicked on

2022-05-11 19:29:22 - [TEST_STEP][PASSED] - verifyTextPresent("Credit Card Authorization Capture", true): Text 'Credit Card Authorization Capture' is present on page  using regular expression

2022-05-11 19:29:23 - [MESSAGE][PASSED] - Text 'Credit Card Authorization Capture' is present on page  using regular expression

2022-05-11 19:29:23 - [TEST_STEP][PASSED] - verifyTextPresent("Sale", true): Text 'Sale' is present on page  using regular expression

2022-05-11 19:29:23 - [MESSAGE][PASSED] - Text 'Sale' is present on page  using regular expression

2022-05-11 19:29:23 - [TEST_STEP][PASSED] - verifyTextPresent("Required fields are highlighted with an asterisk", true): Text 'Required fields are highlighted with an asterisk' is present on page  using regular expression

2022-05-11 19:29:24 - [MESSAGE][PASSED] - Text 'Required fields are highlighted with an asterisk' is present on page  using regular expression

2022-05-11 19:29:24 - [TEST_STEP][PASSED] - verifyTextPresent("Remittance ID", true): Text 'Remittance ID' is present on page  using regular expression

2022-05-11 19:29:24 - [MESSAGE][PASSED] - Text 'Remittance ID' is present on page  using regular expression

2022-05-11 19:29:24 - [TEST_STEP][PASSED] - vspBootstrap.SalePage.setDataSaleAndAuth(row, dataFile): vspBootstrap.SalePage.setDataSaleAndAuth is PASSED

2022-05-11 19:29:25 - [MESSAGE][PASSED] - All options with value 'RETL' are selected in object 'Object Repository/AdminSuiteBootstrap_Pages/VSP_Bootstrap/VSP_Authcap/select_TransactionCategory'  using regular expression

2022-05-11 19:29:26 - [MESSAGE][PASSED] - Text '123' is set on object 'Object Repository/AdminSuiteBootstrap_Pages/VSP_Bootstrap/VSP_Authcap/input_cvv'

2022-05-11 19:29:27 - [MESSAGE][PASSED] - Text '' is set on object 'Object Repository/AdminSuiteBootstrap_Pages/VSP_Bootstrap/VSP_Authcap/input_smsNumber'

2022-05-11 19:29:27 - [MESSAGE][PASSED] - Text '2.50' is set on object 'Object Repository/AdminSuiteBootstrap_Pages/VSP_Bootstrap/VSP_Authcap/input_amount'

2022-05-11 19:29:28 - [MESSAGE][PASSED] - Text 'Delhi' is set on object 'Object Repository/AdminSuiteBootstrap_Pages/VSP_Bootstrap/VSP_Authcap/input_userDefined1'

2022-05-11 19:29:29 - [MESSAGE][PASSED] - Text 'Chennai' is set on object 'Object Repository/AdminSuiteBootstrap_Pages/VSP_Bootstrap/VSP_Authcap/input_userDefined2'

2022-05-11 19:29:30 - [MESSAGE][PASSED] - Text 'Mumbai' is set on object 'Object Repository/AdminSuiteBootstrap_Pages/VSP_Bootstrap/VSP_Authcap/input_userDefined3'

2022-05-11 19:29:30 - [MESSAGE][PASSED] - Text 'Kanpur' is set on object 'Object Repository/AdminSuiteBootstrap_Pages/VSP_Bootstrap/VSP_Authcap/input_userDefined4'

2022-05-11 19:29:31 - [MESSAGE][PASSED] - All options with label 'Orange' are selected in object 'Object Repository/AdminSuiteBootstrap_Pages/VSP_Bootstrap/VSP_Authcap/select_UDF5'  using regular expression

2022-05-11 19:29:32 - [MESSAGE][PASSED] - All options with label 'Yellow' are selected in object 'Object Repository/AdminSuiteBootstrap_Pages/VSP_Bootstrap/VSP_Authcap/select_UDF6'  using regular expression

2022-05-11 19:29:33 - [MESSAGE][PASSED] - Text 'Kolkata' is set on object 'Object Repository/AdminSuiteBootstrap_Pages/VSP_Bootstrap/VSP_Authcap/input_userDefined7'

2022-05-11 19:29:33 - [MESSAGE][PASSED] - Text 'Pune' is set on object 'Object Repository/AdminSuiteBootstrap_Pages/VSP_Bootstrap/VSP_Authcap/input_userDefined8'

2022-05-11 19:29:34 - [MESSAGE][PASSED] - Text 'Bhavnagar' is set on object 'Object Repository/AdminSuiteBootstrap_Pages/VSP_Bootstrap/VSP_Authcap/input_userDefined9'

2022-05-11 19:29:35 - [MESSAGE][PASSED] - Text 'Noida' is set on object 'Object Repository/AdminSuiteBootstrap_Pages/VSP_Bootstrap/VSP_Authcap/input_userDefined10'

2022-05-11 19:29:37 - [MESSAGE][PASSED] - Object: 'Object Repository/AdminSuiteBootstrap_Pages/VSP_Bootstrap/VSP_Authcap/button_Submit' is clicked on

2022-05-11 19:29:37 - [MESSAGE][PASSED] - vspBootstrap.SalePage.setDataSaleAndAuth is PASSED

2022-05-11 19:29:37 - [TEST_STEP][PASSED] - verifyTextPresent("Transaction Successful", true): Text 'Transaction Successful' is present on page  using regular expression

2022-05-11 19:29:38 - [MESSAGE][PASSED] - Text 'Transaction Successful' is present on page  using regular expression

2022-05-11 19:29:38 - [TEST_STEP][PASSED] - verifyElementVisible(findTestObject("Object Repository/AdminSuiteBootstrap_Pages/VT_Bootstrap/Receipt/button_Continue")): Object 'Object Repository/AdminSuiteBootstrap_Pages/VT_Bootstrap/Receipt/button_Continue' is visible

2022-05-11 19:29:38 - [MESSAGE][PASSED] - Object 'Object Repository/AdminSuiteBootstrap_Pages/VT_Bootstrap/Receipt/button_Continue' is visible

2022-05-11 19:29:38 - [TEST_STEP][PASSED] - verifyElementPresent(findTestObject("Object Repository/AdminSuiteBootstrap_Pages/VT_Bootstrap/Receipt/button_Continue"), 20): Object 'Object Repository/AdminSuiteBootstrap_Pages/VT_Bootstrap/Receipt/button_Continue' is present

2022-05-11 19:29:38 - [MESSAGE][PASSED] - Object 'Object Repository/AdminSuiteBootstrap_Pages/VT_Bootstrap/Receipt/button_Continue' is present

2022-05-11 19:29:38 - [TEST_STEP][PASSED] - verifyElementVisible(findTestObject("Object Repository/AdminSuiteBootstrap_Pages/VT_Bootstrap/Receipt/button_Print")): Object 'Object Repository/AdminSuiteBootstrap_Pages/VT_Bootstrap/Receipt/button_Print' is visible

2022-05-11 19:29:39 - [MESSAGE][PASSED] - Object 'Object Repository/AdminSuiteBootstrap_Pages/VT_Bootstrap/Receipt/button_Print' is visible

2022-05-11 19:29:39 - [TEST_STEP][PASSED] - verifyElementPresent(findTestObject("Object Repository/AdminSuiteBootstrap_Pages/VT_Bootstrap/Receipt/button_Print"), 20): Object 'Object Repository/AdminSuiteBootstrap_Pages/VT_Bootstrap/Receipt/button_Print' is present

2022-05-11 19:29:39 - [MESSAGE][PASSED] - Object 'Object Repository/AdminSuiteBootstrap_Pages/VT_Bootstrap/Receipt/button_Print' is present

2022-05-11 19:29:39 - [TEST_STEP][PASSED] - verifyTextPresent("Remittance ID", true): Text 'Remittance ID' is present on page  using regular expression

2022-05-11 19:29:39 - [MESSAGE][PASSED] - Text 'Remittance ID' is present on page  using regular expression

2022-05-11 19:29:39 - [TEST_STEP][PASSED] - verifyTextPresent("Received", true): Text 'Received' is present on page  using regular expression

2022-05-11 19:29:40 - [MESSAGE][PASSED] - Text 'Received' is present on page  using regular expression

2022-05-11 19:29:40 - [TEST_STEP][PASSED] - verifyTextPresent("UDF1", true): Text 'UDF1' is present on page  using regular expression

2022-05-11 19:29:40 - [MESSAGE][PASSED] - Text 'UDF1' is present on page  using regular expression

2022-05-11 19:29:40 - [TEST_STEP][PASSED] - verifyTextPresent("UDF2", true): Text 'UDF2' is present on page  using regular expression

2022-05-11 19:29:40 - [MESSAGE][PASSED] - Text 'UDF2' is present on page  using regular expression

2022-05-11 19:29:40 - [TEST_STEP][PASSED] - verifyTextPresent("UDF3", true): Text 'UDF3' is present on page  using regular expression

2022-05-11 19:29:41 - [MESSAGE][PASSED] - Text 'UDF3' is present on page  using regular expression

2022-05-11 19:29:41 - [TEST_STEP][PASSED] - verifyTextPresent("UDF4", true): Text 'UDF4' is present on page  using regular expression

2022-05-11 19:29:41 - [MESSAGE][PASSED] - Text 'UDF4' is present on page  using regular expression

2022-05-11 19:29:41 - [TEST_STEP][PASSED] - verifyTextPresent("UDF5", true): Text 'UDF5' is present on page  using regular expression

2022-05-11 19:29:41 - [MESSAGE][PASSED] - Text 'UDF5' is present on page  using regular expression

2022-05-11 19:29:41 - [TEST_STEP][PASSED] - verifyTextPresent("UDF6", true): Text 'UDF6' is present on page  using regular expression

2022-05-11 19:29:42 - [MESSAGE][PASSED] - Text 'UDF6' is present on page  using regular expression

2022-05-11 19:29:42 - [TEST_STEP][PASSED] - verifyTextPresent("UDF7", true): Text 'UDF7' is present on page  using regular expression

2022-05-11 19:29:42 - [MESSAGE][PASSED] - Text 'UDF7' is present on page  using regular expression

2022-05-11 19:29:42 - [TEST_STEP][PASSED] - verifyTextPresent("UDF8", true): Text 'UDF8' is present on page  using regular expression

2022-05-11 19:29:42 - [MESSAGE][PASSED] - Text 'UDF8' is present on page  using regular expression

2022-05-11 19:29:42 - [TEST_STEP][PASSED] - verifyTextPresent("UDF9", true): Text 'UDF9' is present on page  using regular expression

2022-05-11 19:29:42 - [MESSAGE][PASSED] - Text 'UDF9' is present on page  using regular expression

2022-05-11 19:29:42 - [TEST_STEP][PASSED] - verifyTextPresent("UDF 10", true): Text 'UDF 10' is present on page  using regular expression

2022-05-11 19:29:43 - [MESSAGE][PASSED] - Text 'UDF 10' is present on page  using regular expression

2022-05-11 19:29:43 - [TEST_STEP][PASSED] - verifyTextPresent("Delhi", true): Text 'Delhi' is present on page  using regular expression

2022-05-11 19:29:43 - [MESSAGE][PASSED] - Text 'Delhi' is present on page  using regular expression

2022-05-11 19:29:43 - [TEST_STEP][PASSED] - verifyTextPresent("Chennai", true): Text 'Chennai' is present on page  using regular expression

2022-05-11 19:29:43 - [MESSAGE][PASSED] - Text 'Chennai' is present on page  using regular expression

2022-05-11 19:29:43 - [TEST_STEP][PASSED] - verifyTextPresent("Mumbai", true): Text 'Mumbai' is present on page  using regular expression

2022-05-11 19:29:44 - [MESSAGE][PASSED] - Text 'Mumbai' is present on page  using regular expression

2022-05-11 19:29:44 - [TEST_STEP][PASSED] - verifyTextPresent("Kanpur", true): Text 'Kanpur' is present on page  using regular expression

2022-05-11 19:29:44 - [MESSAGE][PASSED] - Text 'Kanpur' is present on page  using regular expression

2022-05-11 19:29:44 - [TEST_STEP][PASSED] - verifyTextPresent("Orange Recorded", true): Text 'Orange Recorded' is present on page  using regular expression

2022-05-11 19:29:44 - [MESSAGE][PASSED] - Text 'Orange Recorded' is present on page  using regular expression

2022-05-11 19:29:44 - [TEST_STEP][PASSED] - verifyTextPresent("Yellow Recorded", true): Text 'Yellow Recorded' is present on page  using regular expression

2022-05-11 19:29:45 - [MESSAGE][PASSED] - Text 'Yellow Recorded' is present on page  using regular expression

2022-05-11 19:29:45 - [TEST_STEP][PASSED] - verifyTextPresent("Kolkata", true): Text 'Kolkata' is present on page  using regular expression

2022-05-11 19:29:45 - [MESSAGE][PASSED] - Text 'Kolkata' is present on page  using regular expression

2022-05-11 19:29:45 - [TEST_STEP][PASSED] - verifyTextPresent("Pune", true): Text 'Pune' is present on page  using regular expression

2022-05-11 19:29:45 - [MESSAGE][PASSED] - Text 'Pune' is present on page  using regular expression

2022-05-11 19:29:45 - [TEST_STEP][PASSED] - verifyTextPresent("Bhavnagar", true): Text 'Bhavnagar' is present on page  using regular expression

2022-05-11 19:29:46 - [MESSAGE][PASSED] - Text 'Bhavnagar' is present on page  using regular expression

2022-05-11 19:29:46 - [TEST_STEP][PASSED] - verifyTextPresent("Noida", true): Text 'Noida' is present on page  using regular expression

2022-05-11 19:29:46 - [MESSAGE][PASSED] - Text 'Noida' is present on page  using regular expression

2022-05-11 19:29:46 - [TEST_STEP][PASSED] - verifyTextPresent("Amount", true): Text 'Amount' is present on page  using regular expression

2022-05-11 19:29:46 - [MESSAGE][PASSED] - Text 'Amount' is present on page  using regular expression

2022-05-11 19:29:46 - [TEST_STEP][PASSED] - verifyTextPresent("2.50", true): Text '2.50' is present on page  using regular expression

2022-05-11 19:29:47 - [MESSAGE][PASSED] - Text '2.50' is present on page  using regular expression

2022-05-11 19:29:47 - [TEST_STEP][PASSED] - verifyTextPresent("Authorization and Capture", true): Text 'Authorization and Capture' is present on page  using regular expression

2022-05-11 19:29:47 - [MESSAGE][PASSED] - Text 'Authorization and Capture' is present on page  using regular expression

2022-05-11 19:29:47 - [TEST_STEP][PASSED] - verifyTextPresent("Card Information", true): Text 'Card Information' is present on page  using regular expression

2022-05-11 19:29:47 - [MESSAGE][PASSED] - Text 'Card Information' is present on page  using regular expression

2022-05-11 19:29:47 - [TEST_STEP][PASSED] - verifyTextPresent("TANDON RAVENA", true): Text 'TANDON RAVENA' is present on page  using regular expression

2022-05-11 19:29:48 - [MESSAGE][PASSED] - Text 'TANDON RAVENA' is present on page  using regular expression

2022-05-11 19:29:48 - [TEST_STEP][PASSED] - verifyTextPresent("Address Line 1", true): Text 'Address Line 1' is present on page  using regular expression

2022-05-11 19:29:48 - [MESSAGE][PASSED] - Text 'Address Line 1' is present on page  using regular expression

2022-05-11 19:29:48 - [TEST_STEP][PASSED] - verifyTextPresent("Address Line 2", true): Text 'Address Line 2' is present on page  using regular expression

2022-05-11 19:29:48 - [MESSAGE][PASSED] - Text 'Address Line 2' is present on page  using regular expression

2022-05-11 19:29:48 - [TEST_STEP][PASSED] - verifyTextPresent("Country", true): Text 'Country' is present on page  using regular expression

2022-05-11 19:29:48 - [MESSAGE][PASSED] - Text 'Country' is present on page  using regular expression

2022-05-11 19:29:48 - [TEST_STEP][PASSED] - verifyTextPresent("City", true): Text 'City' is present on page  using regular expression

2022-05-11 19:29:49 - [MESSAGE][PASSED] - Text 'City' is present on page  using regular expression

2022-05-11 19:29:49 - [TEST_STEP][PASSED] - verifyTextPresent("State", true): Text 'State' is present on page  using regular expression

2022-05-11 19:29:49 - [MESSAGE][PASSED] - Text 'State' is present on page  using regular expression

2022-05-11 19:29:49 - [TEST_STEP][PASSED] - verifyTextPresent("ZIP Code", true): Text 'ZIP Code' is present on page  using regular expression

2022-05-11 19:29:49 - [MESSAGE][PASSED] - Text 'ZIP Code' is present on page  using regular expression

2022-05-11 19:29:49 - [TEST_STEP][PASSED] - verifyTextPresent("248 PhoolKaante road", true): Text '248 PhoolKaante road' is present on page  using regular expression

2022-05-11 19:29:50 - [MESSAGE][PASSED] - Text '248 PhoolKaante road' is present on page  using regular expression

2022-05-11 19:29:50 - [TEST_STEP][PASSED] - verifyTextPresent("Suite 678", true): Text 'Suite 678' is present on page  using regular expression

2022-05-11 19:29:50 - [MESSAGE][PASSED] - Text 'Suite 678' is present on page  using regular expression

2022-05-11 19:29:50 - [TEST_STEP][PASSED] - verifyTextPresent("United States", true): Text 'United States' is present on page  using regular expression

2022-05-11 19:29:50 - [MESSAGE][PASSED] - Text 'United States' is present on page  using regular expression

2022-05-11 19:29:50 - [TEST_STEP][PASSED] - verifyTextPresent("ARLINGTON", true): Text 'ARLINGTON' is present on page  using regular expression

2022-05-11 19:29:51 - [MESSAGE][PASSED] - Text 'ARLINGTON' is present on page  using regular expression

2022-05-11 19:29:51 - [TEST_STEP][PASSED] - verifyTextPresent("VA", true): Text 'VA' is present on page  using regular expression

2022-05-11 19:29:51 - [MESSAGE][PASSED] - Text 'VA' is present on page  using regular expression

2022-05-11 19:29:51 - [TEST_STEP][PASSED] - verifyTextPresent("22201", true): Text '22201' is present on page  using regular expression

2022-05-11 19:29:51 - [MESSAGE][PASSED] - Text '22201' is present on page  using regular expression

2022-05-11 19:29:51 - [TEST_STEP][PASSED] - cardTypeV = findTestData(dataFile).getValue("CardType", row): null

2022-05-11 19:29:51 - [TEST_STEP][PASSED] - last4V = findTestData(dataFile).getValue("Last4", row): null

2022-05-11 19:29:52 - [TEST_STEP][PASSED] - verifyTextPresent(cardTypeV, true): Text 'MasterCard' is present on page  using regular expression

2022-05-11 19:29:52 - [MESSAGE][PASSED] - Text 'MasterCard' is present on page  using regular expression

2022-05-11 19:29:52 - [TEST_STEP][PASSED] - verifyTextPresent(last4V, true): Text '0035' is present on page  using regular expression

2022-05-11 19:29:52 - [MESSAGE][PASSED] - Text '0035' is present on page  using regular expression

2022-05-11 19:29:52 - [TEST_STEP][PASSED] - switch (appName): null

2022-05-11 19:29:52 - [TEST_STEP][PASSED] - closeBrowser(): Browser is closed

2022-05-11 19:29:53 - [MESSAGE][PASSED] - Browser is closed

2022-05-11 19:29:53 - [TEST_STEP][PASSED] - ExecuteTC = findTestData(dataFile).getValue("Execute", row): null

2022-05-11 19:29:53 - [TEST_STEP][PASSED] - out.println("Value of Execute is : " + ExecuteTC): null

2022-05-11 19:29:53 - [TEST_STEP][PASSED] - switch (executionProfile): null

2022-05-11 19:29:53 - [TEST_STEP][PASSED] - case "QAProfile":: null

2022-05-11 19:29:53 - [TEST_STEP][PASSED] - appName = findTestData(dataFile).getValue("AppNameQA", row): null

2022-05-11 19:29:53 - [TEST_STEP][PASSED] - appID = findTestData(dataFile).getValue("AppIDQA", row): null

2022-05-11 19:29:53 - [TEST_STEP][PASSED] - break: null

2022-05-11 19:29:53 - [TEST_STEP][PASSED] - if (ExecuteTC.equalsIgnoreCase("Y")): null

2022-05-11 19:29:53 - [TEST_STEP][PASSED] - out.println("Begin Record Number: " + row): null

2022-05-11 19:29:53 - [TEST_STEP][PASSED] - today = new java.util.Date(): null

2022-05-11 19:29:53 - [TEST_STEP][PASSED] - println(today): null

2022-05-11 19:29:53 - [TEST_STEP][PASSED] - datText = today: null

2022-05-11 19:29:53 - [TEST_STEP][PASSED] - adminSuiteBootstrap.loginFunctionality.login_AdminSuite(): adminSuiteBootstrap.loginFunctionality.login_AdminSuite is PASSED

2022-05-11 19:29:53 - [MESSAGE][INFO] - Starting 'Chrome' driver

2022-05-11 19:29:53 - [MESSAGE][INFO] - User set preference: ['acceptInsecureCerts', 'true']

2022-05-11 19:29:53 - [MESSAGE][INFO] - Action delay is set to 0 milliseconds

2022-05-11 19:29:56 - [MESSAGE][PASSED] - Browser is opened with url: 'https://qa.velocitypayment.com/admin/imtiaz'

2022-05-11 19:29:56 - [MESSAGE][PASSED] - Current window maximized

2022-05-11 19:29:56 - [MESSAGE][PASSED] - Object 'Object Repository/Login_Page/Login_Username' is present

2022-05-11 19:29:57 - [MESSAGE][PASSED] - Text 'iahmed' is set on object 'Object Repository/Login_Page/Login_Username'

2022-05-11 19:29:58 - [MESSAGE][PASSED] - Text 'hello2222' is set on object 'Object Repository/Login_Page/Login_Password'

2022-05-11 19:30:01 - [MESSAGE][PASSED] - Object: 'Object Repository/Login_Page/Login_Submit' is clicked on

2022-05-11 19:30:01 - [MESSAGE][PASSED] - adminSuiteBootstrap.loginFunctionality.login_AdminSuite is PASSED

2022-05-11 19:30:01 - [TEST_STEP][PASSED] - click(findTestObject(path_Dashboard + appName)): Object: 'Object Repository/AdminSuiteBootstrap_Pages/Dashboard_Bootstrap/a_Access AutoNoCFtp' is clicked on

2022-05-11 19:30:01 - [MESSAGE][PASSED] - Object: 'Object Repository/AdminSuiteBootstrap_Pages/Dashboard_Bootstrap/a_Access AutoNoCFtp' is clicked on

2022-05-11 19:30:01 - [TEST_STEP][PASSED] - click(findTestObject(path_VT + "a_Find Profile")): Object: 'Object Repository/AdminSuiteBootstrap_Pages/VT_Bootstrap/IssueTransactions/a_Find Profile' is clicked on

2022-05-11 19:30:02 - [MESSAGE][PASSED] - Object: 'Object Repository/AdminSuiteBootstrap_Pages/VT_Bootstrap/IssueTransactions/a_Find Profile' is clicked on

2022-05-11 19:30:02 - [TEST_STEP][PASSED] - criteria = <not implemented yet for class: org.codehaus.groovy.ast.expr.EmptyExpression>: null

2022-05-11 19:30:02 - [TEST_STEP][PASSED] - searchBy = <not implemented yet for class: org.codehaus.groovy.ast.expr.EmptyExpression>: null

2022-05-11 19:30:02 - [TEST_STEP][PASSED] - criteria = findTestData(dataFile).getValue("ProfileName", row): null

2022-05-11 19:30:02 - [TEST_STEP][PASSED] - path_SearchProfile = "Object Repository/AdminSuiteBootstrap_Pages/VSP_Bootstrap/SearchProfile/": null

2022-05-11 19:30:02 - [TEST_STEP][PASSED] - setText(findTestObject(path_SearchProfile + "input_Criteria"), criteria): Text 'PaymentsAmEx' is set on object 'Object Repository/AdminSuiteBootstrap_Pages/VSP_Bootstrap/SearchProfile/input_Criteria'

2022-05-11 19:30:03 - [MESSAGE][PASSED] - Text 'PaymentsAmEx' is set on object 'Object Repository/AdminSuiteBootstrap_Pages/VSP_Bootstrap/SearchProfile/input_Criteria'

2022-05-11 19:30:03 - [TEST_STEP][PASSED] - click(findTestObject(path_SearchProfile + "button_Search")): Object: 'Object Repository/AdminSuiteBootstrap_Pages/VSP_Bootstrap/SearchProfile/button_Search' is clicked on

2022-05-11 19:30:04 - [MESSAGE][PASSED] - Object: 'Object Repository/AdminSuiteBootstrap_Pages/VSP_Bootstrap/SearchProfile/button_Search' is clicked on

2022-05-11 19:30:04 - [TEST_STEP][PASSED] - profNameLink = findTestData(dataFile).getValue("ProfileNameLink", row): null

2022-05-11 19:30:04 - [TEST_STEP][PASSED] - click(findTestObject(path_ViewProfile + profNameLink)): Object: 'Object Repository/AdminSuiteBootstrap_Pages/VSP_Bootstrap/View Profile/a_PaymentsAmEx' is clicked on

2022-05-11 19:30:06 - [MESSAGE][PASSED] - Object: 'Object Repository/AdminSuiteBootstrap_Pages/VSP_Bootstrap/View Profile/a_PaymentsAmEx' is clicked on

2022-05-11 19:30:06 - [TEST_STEP][PASSED] - click(findTestObject(path_ViewProfile + "a_AuthCap")): Object: 'Object Repository/AdminSuiteBootstrap_Pages/VSP_Bootstrap/View Profile/a_AuthCap' is clicked on

2022-05-11 19:30:07 - [MESSAGE][PASSED] - Object: 'Object Repository/AdminSuiteBootstrap_Pages/VSP_Bootstrap/View Profile/a_AuthCap' is clicked on

2022-05-11 19:30:07 - [TEST_STEP][PASSED] - verifyTextPresent("Credit Card Authorization Capture", true): Text 'Credit Card Authorization Capture' is present on page  using regular expression

2022-05-11 19:30:08 - [MESSAGE][PASSED] - Text 'Credit Card Authorization Capture' is present on page  using regular expression

2022-05-11 19:30:08 - [TEST_STEP][PASSED] - verifyTextPresent("Sale", true): Text 'Sale' is present on page  using regular expression

2022-05-11 19:30:08 - [MESSAGE][PASSED] - Text 'Sale' is present on page  using regular expression

2022-05-11 19:30:08 - [TEST_STEP][PASSED] - verifyTextPresent("Required fields are highlighted with an asterisk", true): Text 'Required fields are highlighted with an asterisk' is present on page  using regular expression

2022-05-11 19:30:08 - [MESSAGE][PASSED] - Text 'Required fields are highlighted with an asterisk' is present on page  using regular expression

2022-05-11 19:30:08 - [TEST_STEP][PASSED] - verifyTextPresent("Remittance ID", true): Text 'Remittance ID' is present on page  using regular expression

2022-05-11 19:30:09 - [MESSAGE][PASSED] - Text 'Remittance ID' is present on page  using regular expression

2022-05-11 19:30:09 - [TEST_STEP][PASSED] - vspBootstrap.SalePage.setDataSaleAndAuth(row, dataFile): vspBootstrap.SalePage.setDataSaleAndAuth is PASSED

2022-05-11 19:30:10 - [MESSAGE][PASSED] - All options with value 'RETL' are selected in object 'Object Repository/AdminSuiteBootstrap_Pages/VSP_Bootstrap/VSP_Authcap/select_TransactionCategory'  using regular expression

2022-05-11 19:30:11 - [MESSAGE][PASSED] - Text '1234' is set on object 'Object Repository/AdminSuiteBootstrap_Pages/VSP_Bootstrap/VSP_Authcap/input_cvv'

2022-05-11 19:30:11 - [MESSAGE][PASSED] - Text '' is set on object 'Object Repository/AdminSuiteBootstrap_Pages/VSP_Bootstrap/VSP_Authcap/input_smsNumber'

2022-05-11 19:30:12 - [MESSAGE][PASSED] - Text '2.50' is set on object 'Object Repository/AdminSuiteBootstrap_Pages/VSP_Bootstrap/VSP_Authcap/input_amount'

2022-05-11 19:30:13 - [MESSAGE][PASSED] - Text 'Delhi' is set on object 'Object Repository/AdminSuiteBootstrap_Pages/VSP_Bootstrap/VSP_Authcap/input_userDefined1'

2022-05-11 19:30:13 - [MESSAGE][PASSED] - Text 'Chennai' is set on object 'Object Repository/AdminSuiteBootstrap_Pages/VSP_Bootstrap/VSP_Authcap/input_userDefined2'

2022-05-11 19:30:14 - [MESSAGE][PASSED] - Text 'Mumbai' is set on object 'Object Repository/AdminSuiteBootstrap_Pages/VSP_Bootstrap/VSP_Authcap/input_userDefined3'

2022-05-11 19:30:15 - [MESSAGE][PASSED] - Text 'Kanpur' is set on object 'Object Repository/AdminSuiteBootstrap_Pages/VSP_Bootstrap/VSP_Authcap/input_userDefined4'

2022-05-11 19:30:16 - [MESSAGE][PASSED] - All options with label 'Orange' are selected in object 'Object Repository/AdminSuiteBootstrap_Pages/VSP_Bootstrap/VSP_Authcap/select_UDF5'  using regular expression

2022-05-11 19:30:17 - [MESSAGE][PASSED] - All options with label 'Yellow' are selected in object 'Object Repository/AdminSuiteBootstrap_Pages/VSP_Bootstrap/VSP_Authcap/select_UDF6'  using regular expression

2022-05-11 19:30:17 - [MESSAGE][PASSED] - Text 'Kolkata' is set on object 'Object Repository/AdminSuiteBootstrap_Pages/VSP_Bootstrap/VSP_Authcap/input_userDefined7'

2022-05-11 19:30:18 - [MESSAGE][PASSED] - Text 'Pune' is set on object 'Object Repository/AdminSuiteBootstrap_Pages/VSP_Bootstrap/VSP_Authcap/input_userDefined8'

2022-05-11 19:30:19 - [MESSAGE][PASSED] - Text 'Bhavnagar' is set on object 'Object Repository/AdminSuiteBootstrap_Pages/VSP_Bootstrap/VSP_Authcap/input_userDefined9'

2022-05-11 19:30:19 - [MESSAGE][PASSED] - Text 'Noida' is set on object 'Object Repository/AdminSuiteBootstrap_Pages/VSP_Bootstrap/VSP_Authcap/input_userDefined10'

2022-05-11 19:30:22 - [MESSAGE][PASSED] - Object: 'Object Repository/AdminSuiteBootstrap_Pages/VSP_Bootstrap/VSP_Authcap/button_Submit' is clicked on

2022-05-11 19:30:22 - [MESSAGE][PASSED] - vspBootstrap.SalePage.setDataSaleAndAuth is PASSED

2022-05-11 19:30:22 - [TEST_STEP][PASSED] - verifyTextPresent("Transaction Successful", true): Text 'Transaction Successful' is present on page  using regular expression

2022-05-11 19:30:22 - [MESSAGE][PASSED] - Text 'Transaction Successful' is present on page  using regular expression

2022-05-11 19:30:22 - [TEST_STEP][PASSED] - verifyElementVisible(findTestObject("Object Repository/AdminSuiteBootstrap_Pages/VT_Bootstrap/Receipt/button_Continue")): Object 'Object Repository/AdminSuiteBootstrap_Pages/VT_Bootstrap/Receipt/button_Continue' is visible

2022-05-11 19:30:23 - [MESSAGE][PASSED] - Object 'Object Repository/AdminSuiteBootstrap_Pages/VT_Bootstrap/Receipt/button_Continue' is visible

2022-05-11 19:30:23 - [TEST_STEP][PASSED] - verifyElementPresent(findTestObject("Object Repository/AdminSuiteBootstrap_Pages/VT_Bootstrap/Receipt/button_Continue"), 20): Object 'Object Repository/AdminSuiteBootstrap_Pages/VT_Bootstrap/Receipt/button_Continue' is present

2022-05-11 19:30:23 - [MESSAGE][PASSED] - Object 'Object Repository/AdminSuiteBootstrap_Pages/VT_Bootstrap/Receipt/button_Continue' is present

2022-05-11 19:30:23 - [TEST_STEP][PASSED] - verifyElementVisible(findTestObject("Object Repository/AdminSuiteBootstrap_Pages/VT_Bootstrap/Receipt/button_Print")): Object 'Object Repository/AdminSuiteBootstrap_Pages/VT_Bootstrap/Receipt/button_Print' is visible

2022-05-11 19:30:23 - [MESSAGE][PASSED] - Object 'Object Repository/AdminSuiteBootstrap_Pages/VT_Bootstrap/Receipt/button_Print' is visible

2022-05-11 19:30:23 - [TEST_STEP][PASSED] - verifyElementPresent(findTestObject("Object Repository/AdminSuiteBootstrap_Pages/VT_Bootstrap/Receipt/button_Print"), 20): Object 'Object Repository/AdminSuiteBootstrap_Pages/VT_Bootstrap/Receipt/button_Print' is present

2022-05-11 19:30:24 - [MESSAGE][PASSED] - Object 'Object Repository/AdminSuiteBootstrap_Pages/VT_Bootstrap/Receipt/button_Print' is present

2022-05-11 19:30:24 - [TEST_STEP][PASSED] - verifyTextPresent("Remittance ID", true): Text 'Remittance ID' is present on page  using regular expression

2022-05-11 19:30:24 - [MESSAGE][PASSED] - Text 'Remittance ID' is present on page  using regular expression

2022-05-11 19:30:24 - [TEST_STEP][PASSED] - verifyTextPresent("Received", true): Text 'Received' is present on page  using regular expression

2022-05-11 19:30:24 - [MESSAGE][PASSED] - Text 'Received' is present on page  using regular expression

2022-05-11 19:30:24 - [TEST_STEP][PASSED] - verifyTextPresent("UDF1", true): Text 'UDF1' is present on page  using regular expression

2022-05-11 19:30:25 - [MESSAGE][PASSED] - Text 'UDF1' is present on page  using regular expression

2022-05-11 19:30:25 - [TEST_STEP][PASSED] - verifyTextPresent("UDF2", true): Text 'UDF2' is present on page  using regular expression

2022-05-11 19:30:25 - [MESSAGE][PASSED] - Text 'UDF2' is present on page  using regular expression

2022-05-11 19:30:25 - [TEST_STEP][PASSED] - verifyTextPresent("UDF3", true): Text 'UDF3' is present on page  using regular expression

2022-05-11 19:30:25 - [MESSAGE][PASSED] - Text 'UDF3' is present on page  using regular expression

2022-05-11 19:30:25 - [TEST_STEP][PASSED] - verifyTextPresent("UDF4", true): Text 'UDF4' is present on page  using regular expression

2022-05-11 19:30:26 - [MESSAGE][PASSED] - Text 'UDF4' is present on page  using regular expression

2022-05-11 19:30:26 - [TEST_STEP][PASSED] - verifyTextPresent("UDF5", true): Text 'UDF5' is present on page  using regular expression

2022-05-11 19:30:26 - [MESSAGE][PASSED] - Text 'UDF5' is present on page  using regular expression

2022-05-11 19:30:26 - [TEST_STEP][PASSED] - verifyTextPresent("UDF6", true): Text 'UDF6' is present on page  using regular expression

2022-05-11 19:30:26 - [MESSAGE][PASSED] - Text 'UDF6' is present on page  using regular expression

2022-05-11 19:30:26 - [TEST_STEP][PASSED] - verifyTextPresent("UDF7", true): Text 'UDF7' is present on page  using regular expression

2022-05-11 19:30:27 - [MESSAGE][PASSED] - Text 'UDF7' is present on page  using regular expression

2022-05-11 19:30:27 - [TEST_STEP][PASSED] - verifyTextPresent("UDF8", true): Text 'UDF8' is present on page  using regular expression

2022-05-11 19:30:27 - [MESSAGE][PASSED] - Text 'UDF8' is present on page  using regular expression

2022-05-11 19:30:27 - [TEST_STEP][PASSED] - verifyTextPresent("UDF9", true): Text 'UDF9' is present on page  using regular expression

2022-05-11 19:30:27 - [MESSAGE][PASSED] - Text 'UDF9' is present on page  using regular expression

2022-05-11 19:30:27 - [TEST_STEP][PASSED] - verifyTextPresent("UDF 10", true): Text 'UDF 10' is present on page  using regular expression

2022-05-11 19:30:28 - [MESSAGE][PASSED] - Text 'UDF 10' is present on page  using regular expression

2022-05-11 19:30:28 - [TEST_STEP][PASSED] - verifyTextPresent("Delhi", true): Text 'Delhi' is present on page  using regular expression

2022-05-11 19:30:28 - [MESSAGE][PASSED] - Text 'Delhi' is present on page  using regular expression

2022-05-11 19:30:28 - [TEST_STEP][PASSED] - verifyTextPresent("Chennai", true): Text 'Chennai' is present on page  using regular expression

2022-05-11 19:30:28 - [MESSAGE][PASSED] - Text 'Chennai' is present on page  using regular expression

2022-05-11 19:30:28 - [TEST_STEP][PASSED] - verifyTextPresent("Mumbai", true): Text 'Mumbai' is present on page  using regular expression

2022-05-11 19:30:29 - [MESSAGE][PASSED] - Text 'Mumbai' is present on page  using regular expression

2022-05-11 19:30:29 - [TEST_STEP][PASSED] - verifyTextPresent("Kanpur", true): Text 'Kanpur' is present on page  using regular expression

2022-05-11 19:30:29 - [MESSAGE][PASSED] - Text 'Kanpur' is present on page  using regular expression

2022-05-11 19:30:29 - [TEST_STEP][PASSED] - verifyTextPresent("Orange Recorded", true): Text 'Orange Recorded' is present on page  using regular expression

2022-05-11 19:30:29 - [MESSAGE][PASSED] - Text 'Orange Recorded' is present on page  using regular expression

2022-05-11 19:30:29 - [TEST_STEP][PASSED] - verifyTextPresent("Yellow Recorded", true): Text 'Yellow Recorded' is present on page  using regular expression

2022-05-11 19:30:30 - [MESSAGE][PASSED] - Text 'Yellow Recorded' is present on page  using regular expression

2022-05-11 19:30:30 - [TEST_STEP][PASSED] - verifyTextPresent("Kolkata", true): Text 'Kolkata' is present on page  using regular expression

2022-05-11 19:30:30 - [MESSAGE][PASSED] - Text 'Kolkata' is present on page  using regular expression

2022-05-11 19:30:30 - [TEST_STEP][PASSED] - verifyTextPresent("Pune", true): Text 'Pune' is present on page  using regular expression

2022-05-11 19:30:30 - [MESSAGE][PASSED] - Text 'Pune' is present on page  using regular expression

2022-05-11 19:30:30 - [TEST_STEP][PASSED] - verifyTextPresent("Bhavnagar", true): Text 'Bhavnagar' is present on page  using regular expression

2022-05-11 19:30:30 - [MESSAGE][PASSED] - Text 'Bhavnagar' is present on page  using regular expression

2022-05-11 19:30:30 - [TEST_STEP][PASSED] - verifyTextPresent("Noida", true): Text 'Noida' is present on page  using regular expression

2022-05-11 19:30:31 - [MESSAGE][PASSED] - Text 'Noida' is present on page  using regular expression

2022-05-11 19:30:31 - [TEST_STEP][PASSED] - verifyTextPresent("Amount", true): Text 'Amount' is present on page  using regular expression

2022-05-11 19:30:31 - [MESSAGE][PASSED] - Text 'Amount' is present on page  using regular expression

2022-05-11 19:30:31 - [TEST_STEP][PASSED] - verifyTextPresent("2.50", true): Text '2.50' is present on page  using regular expression

2022-05-11 19:30:31 - [MESSAGE][PASSED] - Text '2.50' is present on page  using regular expression

2022-05-11 19:30:31 - [TEST_STEP][PASSED] - verifyTextPresent("Authorization and Capture", true): Text 'Authorization and Capture' is present on page  using regular expression

2022-05-11 19:30:32 - [MESSAGE][PASSED] - Text 'Authorization and Capture' is present on page  using regular expression

2022-05-11 19:30:32 - [TEST_STEP][PASSED] - verifyTextPresent("Card Information", true): Text 'Card Information' is present on page  using regular expression

2022-05-11 19:30:32 - [MESSAGE][PASSED] - Text 'Card Information' is present on page  using regular expression

2022-05-11 19:30:32 - [TEST_STEP][PASSED] - verifyTextPresent("TANDON RAVENA", true): Text 'TANDON RAVENA' is present on page  using regular expression

2022-05-11 19:30:32 - [MESSAGE][PASSED] - Text 'TANDON RAVENA' is present on page  using regular expression

2022-05-11 19:30:32 - [TEST_STEP][PASSED] - verifyTextPresent("Address Line 1", true): Text 'Address Line 1' is present on page  using regular expression

2022-05-11 19:30:33 - [MESSAGE][PASSED] - Text 'Address Line 1' is present on page  using regular expression

2022-05-11 19:30:33 - [TEST_STEP][PASSED] - verifyTextPresent("Address Line 2", true): Text 'Address Line 2' is present on page  using regular expression

2022-05-11 19:30:33 - [MESSAGE][PASSED] - Text 'Address Line 2' is present on page  using regular expression

2022-05-11 19:30:33 - [TEST_STEP][PASSED] - verifyTextPresent("Country", true): Text 'Country' is present on page  using regular expression

2022-05-11 19:30:33 - [MESSAGE][PASSED] - Text 'Country' is present on page  using regular expression

2022-05-11 19:30:33 - [TEST_STEP][PASSED] - verifyTextPresent("City", true): Text 'City' is present on page  using regular expression

2022-05-11 19:30:34 - [MESSAGE][PASSED] - Text 'City' is present on page  using regular expression

2022-05-11 19:30:34 - [TEST_STEP][PASSED] - verifyTextPresent("State", true): Text 'State' is present on page  using regular expression

2022-05-11 19:30:34 - [MESSAGE][PASSED] - Text 'State' is present on page  using regular expression

2022-05-11 19:30:34 - [TEST_STEP][PASSED] - verifyTextPresent("ZIP Code", true): Text 'ZIP Code' is present on page  using regular expression

2022-05-11 19:30:34 - [MESSAGE][PASSED] - Text 'ZIP Code' is present on page  using regular expression

2022-05-11 19:30:34 - [TEST_STEP][PASSED] - verifyTextPresent("248 PhoolKaante road", true): Text '248 PhoolKaante road' is present on page  using regular expression

2022-05-11 19:30:35 - [MESSAGE][PASSED] - Text '248 PhoolKaante road' is present on page  using regular expression

2022-05-11 19:30:35 - [TEST_STEP][PASSED] - verifyTextPresent("Suite 678", true): Text 'Suite 678' is present on page  using regular expression

2022-05-11 19:30:35 - [MESSAGE][PASSED] - Text 'Suite 678' is present on page  using regular expression

2022-05-11 19:30:35 - [TEST_STEP][PASSED] - verifyTextPresent("United States", true): Text 'United States' is present on page  using regular expression

2022-05-11 19:30:35 - [MESSAGE][PASSED] - Text 'United States' is present on page  using regular expression

2022-05-11 19:30:35 - [TEST_STEP][PASSED] - verifyTextPresent("ARLINGTON", true): Text 'ARLINGTON' is present on page  using regular expression

2022-05-11 19:30:36 - [MESSAGE][PASSED] - Text 'ARLINGTON' is present on page  using regular expression

2022-05-11 19:30:36 - [TEST_STEP][PASSED] - verifyTextPresent("VA", true): Text 'VA' is present on page  using regular expression

2022-05-11 19:30:36 - [MESSAGE][PASSED] - Text 'VA' is present on page  using regular expression

2022-05-11 19:30:36 - [TEST_STEP][PASSED] - verifyTextPresent("22201", true): Text '22201' is present on page  using regular expression

2022-05-11 19:30:36 - [MESSAGE][PASSED] - Text '22201' is present on page  using regular expression

2022-05-11 19:30:36 - [TEST_STEP][PASSED] - cardTypeV = findTestData(dataFile).getValue("CardType", row): null

2022-05-11 19:30:36 - [TEST_STEP][PASSED] - last4V = findTestData(dataFile).getValue("Last4", row): null

2022-05-11 19:30:36 - [TEST_STEP][PASSED] - verifyTextPresent(cardTypeV, true): Text 'American Express' is present on page  using regular expression

2022-05-11 19:30:37 - [MESSAGE][PASSED] - Text 'American Express' is present on page  using regular expression

2022-05-11 19:30:37 - [TEST_STEP][PASSED] - verifyTextPresent(last4V, true): Text '2376' is present on page  using regular expression

2022-05-11 19:30:37 - [MESSAGE][PASSED] - Text '2376' is present on page  using regular expression

2022-05-11 19:30:37 - [TEST_STEP][PASSED] - switch (appName): null

2022-05-11 19:30:37 - [TEST_STEP][PASSED] - closeBrowser(): Browser is closed

2022-05-11 19:30:38 - [MESSAGE][PASSED] - Browser is closed

2022-05-11 19:30:38 - [TEST_STEP][PASSED] - ExecuteTC = findTestData(dataFile).getValue("Execute", row): null

2022-05-11 19:30:38 - [TEST_STEP][PASSED] - out.println("Value of Execute is : " + ExecuteTC): null

2022-05-11 19:30:38 - [TEST_STEP][PASSED] - switch (executionProfile): null

2022-05-11 19:30:38 - [TEST_STEP][PASSED] - case "QAProfile":: null

2022-05-11 19:30:38 - [TEST_STEP][PASSED] - appName = findTestData(dataFile).getValue("AppNameQA", row): null

2022-05-11 19:30:38 - [TEST_STEP][PASSED] - appID = findTestData(dataFile).getValue("AppIDQA", row): null

2022-05-11 19:30:38 - [TEST_STEP][PASSED] - break: null

2022-05-11 19:30:38 - [TEST_STEP][PASSED] - if (ExecuteTC.equalsIgnoreCase("Y")): null

2022-05-11 19:30:38 - [TEST_STEP][PASSED] - out.println("Begin Record Number: " + row): null

2022-05-11 19:30:38 - [TEST_STEP][PASSED] - today = new java.util.Date(): null

2022-05-11 19:30:38 - [TEST_STEP][PASSED] - println(today): null

2022-05-11 19:30:38 - [TEST_STEP][PASSED] - datText = today: null

2022-05-11 19:30:38 - [TEST_STEP][PASSED] - adminSuiteBootstrap.loginFunctionality.login_AdminSuite(): adminSuiteBootstrap.loginFunctionality.login_AdminSuite is PASSED

2022-05-11 19:30:38 - [MESSAGE][INFO] - Starting 'Chrome' driver

2022-05-11 19:30:38 - [MESSAGE][INFO] - User set preference: ['acceptInsecureCerts', 'true']

2022-05-11 19:30:38 - [MESSAGE][INFO] - Action delay is set to 0 milliseconds

2022-05-11 19:30:41 - [MESSAGE][PASSED] - Browser is opened with url: 'https://qa.velocitypayment.com/admin/imtiaz'

2022-05-11 19:30:41 - [MESSAGE][PASSED] - Current window maximized

2022-05-11 19:30:41 - [MESSAGE][PASSED] - Object 'Object Repository/Login_Page/Login_Username' is present

2022-05-11 19:30:42 - [MESSAGE][PASSED] - Text 'iahmed' is set on object 'Object Repository/Login_Page/Login_Username'

2022-05-11 19:30:43 - [MESSAGE][PASSED] - Text 'hello2222' is set on object 'Object Repository/Login_Page/Login_Password'

2022-05-11 19:30:46 - [MESSAGE][PASSED] - Object: 'Object Repository/Login_Page/Login_Submit' is clicked on

2022-05-11 19:30:46 - [MESSAGE][PASSED] - adminSuiteBootstrap.loginFunctionality.login_AdminSuite is PASSED

2022-05-11 19:30:46 - [TEST_STEP][PASSED] - click(findTestObject(path_Dashboard + appName)): Object: 'Object Repository/AdminSuiteBootstrap_Pages/Dashboard_Bootstrap/a_Access AutoNoCFtp' is clicked on

2022-05-11 19:30:47 - [MESSAGE][PASSED] - Object: 'Object Repository/AdminSuiteBootstrap_Pages/Dashboard_Bootstrap/a_Access AutoNoCFtp' is clicked on

2022-05-11 19:30:47 - [TEST_STEP][PASSED] - click(findTestObject(path_VT + "a_Find Profile")): Object: 'Object Repository/AdminSuiteBootstrap_Pages/VT_Bootstrap/IssueTransactions/a_Find Profile' is clicked on

2022-05-11 19:30:47 - [MESSAGE][PASSED] - Object: 'Object Repository/AdminSuiteBootstrap_Pages/VT_Bootstrap/IssueTransactions/a_Find Profile' is clicked on

2022-05-11 19:30:47 - [TEST_STEP][PASSED] - criteria = <not implemented yet for class: org.codehaus.groovy.ast.expr.EmptyExpression>: null

2022-05-11 19:30:47 - [TEST_STEP][PASSED] - searchBy = <not implemented yet for class: org.codehaus.groovy.ast.expr.EmptyExpression>: null

2022-05-11 19:30:47 - [TEST_STEP][PASSED] - criteria = findTestData(dataFile).getValue("ProfileName", row): null

2022-05-11 19:30:47 - [TEST_STEP][PASSED] - path_SearchProfile = "Object Repository/AdminSuiteBootstrap_Pages/VSP_Bootstrap/SearchProfile/": null

2022-05-11 19:30:47 - [TEST_STEP][PASSED] - setText(findTestObject(path_SearchProfile + "input_Criteria"), criteria): Text 'PaymentsDI' is set on object 'Object Repository/AdminSuiteBootstrap_Pages/VSP_Bootstrap/SearchProfile/input_Criteria'

2022-05-11 19:30:48 - [MESSAGE][PASSED] - Text 'PaymentsDI' is set on object 'Object Repository/AdminSuiteBootstrap_Pages/VSP_Bootstrap/SearchProfile/input_Criteria'

2022-05-11 19:30:48 - [TEST_STEP][PASSED] - click(findTestObject(path_SearchProfile + "button_Search")): Object: 'Object Repository/AdminSuiteBootstrap_Pages/VSP_Bootstrap/SearchProfile/button_Search' is clicked on

2022-05-11 19:30:49 - [MESSAGE][PASSED] - Object: 'Object Repository/AdminSuiteBootstrap_Pages/VSP_Bootstrap/SearchProfile/button_Search' is clicked on

2022-05-11 19:30:49 - [TEST_STEP][PASSED] - profNameLink = findTestData(dataFile).getValue("ProfileNameLink", row): null

2022-05-11 19:30:49 - [TEST_STEP][PASSED] - click(findTestObject(path_ViewProfile + profNameLink)): Object: 'Object Repository/AdminSuiteBootstrap_Pages/VSP_Bootstrap/View Profile/a_PaymentsDI' is clicked on

2022-05-11 19:30:50 - [MESSAGE][PASSED] - Object: 'Object Repository/AdminSuiteBootstrap_Pages/VSP_Bootstrap/View Profile/a_PaymentsDI' is clicked on

2022-05-11 19:30:50 - [TEST_STEP][PASSED] - click(findTestObject(path_ViewProfile + "a_AuthCap")): Object: 'Object Repository/AdminSuiteBootstrap_Pages/VSP_Bootstrap/View Profile/a_AuthCap' is clicked on

2022-05-11 19:30:52 - [MESSAGE][PASSED] - Object: 'Object Repository/AdminSuiteBootstrap_Pages/VSP_Bootstrap/View Profile/a_AuthCap' is clicked on

2022-05-11 19:30:52 - [TEST_STEP][PASSED] - verifyTextPresent("Credit Card Authorization Capture", true): Text 'Credit Card Authorization Capture' is present on page  using regular expression

2022-05-11 19:30:53 - [MESSAGE][PASSED] - Text 'Credit Card Authorization Capture' is present on page  using regular expression

2022-05-11 19:30:53 - [TEST_STEP][PASSED] - verifyTextPresent("Sale", true): Text 'Sale' is present on page  using regular expression

2022-05-11 19:30:53 - [MESSAGE][PASSED] - Text 'Sale' is present on page  using regular expression

2022-05-11 19:30:53 - [TEST_STEP][PASSED] - verifyTextPresent("Required fields are highlighted with an asterisk", true): Text 'Required fields are highlighted with an asterisk' is present on page  using regular expression

2022-05-11 19:30:54 - [MESSAGE][PASSED] - Text 'Required fields are highlighted with an asterisk' is present on page  using regular expression

2022-05-11 19:30:54 - [TEST_STEP][PASSED] - verifyTextPresent("Remittance ID", true): Text 'Remittance ID' is present on page  using regular expression

2022-05-11 19:30:54 - [MESSAGE][PASSED] - Text 'Remittance ID' is present on page  using regular expression

2022-05-11 19:30:54 - [TEST_STEP][PASSED] - vspBootstrap.SalePage.setDataSaleAndAuth(row, dataFile): vspBootstrap.SalePage.setDataSaleAndAuth is PASSED

2022-05-11 19:30:55 - [MESSAGE][PASSED] - All options with value 'RETL' are selected in object 'Object Repository/AdminSuiteBootstrap_Pages/VSP_Bootstrap/VSP_Authcap/select_TransactionCategory'  using regular expression

2022-05-11 19:30:56 - [MESSAGE][PASSED] - Text '123' is set on object 'Object Repository/AdminSuiteBootstrap_Pages/VSP_Bootstrap/VSP_Authcap/input_cvv'

2022-05-11 19:30:57 - [MESSAGE][PASSED] - Text '' is set on object 'Object Repository/AdminSuiteBootstrap_Pages/VSP_Bootstrap/VSP_Authcap/input_smsNumber'

2022-05-11 19:30:57 - [MESSAGE][PASSED] - Text '2.50' is set on object 'Object Repository/AdminSuiteBootstrap_Pages/VSP_Bootstrap/VSP_Authcap/input_amount'

2022-05-11 19:30:58 - [MESSAGE][PASSED] - Text 'Delhi' is set on object 'Object Repository/AdminSuiteBootstrap_Pages/VSP_Bootstrap/VSP_Authcap/input_userDefined1'

2022-05-11 19:30:59 - [MESSAGE][PASSED] - Text 'Chennai' is set on object 'Object Repository/AdminSuiteBootstrap_Pages/VSP_Bootstrap/VSP_Authcap/input_userDefined2'

2022-05-11 19:30:59 - [MESSAGE][PASSED] - Text 'Mumbai' is set on object 'Object Repository/AdminSuiteBootstrap_Pages/VSP_Bootstrap/VSP_Authcap/input_userDefined3'

2022-05-11 19:31:00 - [MESSAGE][PASSED] - Text 'Kanpur' is set on object 'Object Repository/AdminSuiteBootstrap_Pages/VSP_Bootstrap/VSP_Authcap/input_userDefined4'

2022-05-11 19:31:01 - [MESSAGE][PASSED] - All options with label 'Orange' are selected in object 'Object Repository/AdminSuiteBootstrap_Pages/VSP_Bootstrap/VSP_Authcap/select_UDF5'  using regular expression

2022-05-11 19:31:02 - [MESSAGE][PASSED] - All options with label 'Yellow' are selected in object 'Object Repository/AdminSuiteBootstrap_Pages/VSP_Bootstrap/VSP_Authcap/select_UDF6'  using regular expression

2022-05-11 19:31:03 - [MESSAGE][PASSED] - Text 'Kolkata' is set on object 'Object Repository/AdminSuiteBootstrap_Pages/VSP_Bootstrap/VSP_Authcap/input_userDefined7'

2022-05-11 19:31:03 - [MESSAGE][PASSED] - Text 'Pune' is set on object 'Object Repository/AdminSuiteBootstrap_Pages/VSP_Bootstrap/VSP_Authcap/input_userDefined8'

2022-05-11 19:31:04 - [MESSAGE][PASSED] - Text 'Bhavnagar' is set on object 'Object Repository/AdminSuiteBootstrap_Pages/VSP_Bootstrap/VSP_Authcap/input_userDefined9'

2022-05-11 19:31:05 - [MESSAGE][PASSED] - Text 'Noida' is set on object 'Object Repository/AdminSuiteBootstrap_Pages/VSP_Bootstrap/VSP_Authcap/input_userDefined10'

2022-05-11 19:31:08 - [MESSAGE][PASSED] - Object: 'Object Repository/AdminSuiteBootstrap_Pages/VSP_Bootstrap/VSP_Authcap/button_Submit' is clicked on

2022-05-11 19:31:08 - [MESSAGE][PASSED] - vspBootstrap.SalePage.setDataSaleAndAuth is PASSED

2022-05-11 19:31:08 - [TEST_STEP][PASSED] - verifyTextPresent("Transaction Successful", true): Text 'Transaction Successful' is present on page  using regular expression

2022-05-11 19:31:09 - [MESSAGE][PASSED] - Text 'Transaction Successful' is present on page  using regular expression

2022-05-11 19:31:09 - [TEST_STEP][PASSED] - verifyElementVisible(findTestObject("Object Repository/AdminSuiteBootstrap_Pages/VT_Bootstrap/Receipt/button_Continue")): Object 'Object Repository/AdminSuiteBootstrap_Pages/VT_Bootstrap/Receipt/button_Continue' is visible

2022-05-11 19:31:09 - [MESSAGE][PASSED] - Object 'Object Repository/AdminSuiteBootstrap_Pages/VT_Bootstrap/Receipt/button_Continue' is visible

2022-05-11 19:31:09 - [TEST_STEP][PASSED] - verifyElementPresent(findTestObject("Object Repository/AdminSuiteBootstrap_Pages/VT_Bootstrap/Receipt/button_Continue"), 20): Object 'Object Repository/AdminSuiteBootstrap_Pages/VT_Bootstrap/Receipt/button_Continue' is present

2022-05-11 19:31:09 - [MESSAGE][PASSED] - Object 'Object Repository/AdminSuiteBootstrap_Pages/VT_Bootstrap/Receipt/button_Continue' is present

2022-05-11 19:31:09 - [TEST_STEP][PASSED] - verifyElementVisible(findTestObject("Object Repository/AdminSuiteBootstrap_Pages/VT_Bootstrap/Receipt/button_Print")): Object 'Object Repository/AdminSuiteBootstrap_Pages/VT_Bootstrap/Receipt/button_Print' is visible

2022-05-11 19:31:10 - [MESSAGE][PASSED] - Object 'Object Repository/AdminSuiteBootstrap_Pages/VT_Bootstrap/Receipt/button_Print' is visible

2022-05-11 19:31:10 - [TEST_STEP][PASSED] - verifyElementPresent(findTestObject("Object Repository/AdminSuiteBootstrap_Pages/VT_Bootstrap/Receipt/button_Print"), 20): Object 'Object Repository/AdminSuiteBootstrap_Pages/VT_Bootstrap/Receipt/button_Print' is present

2022-05-11 19:31:10 - [MESSAGE][PASSED] - Object 'Object Repository/AdminSuiteBootstrap_Pages/VT_Bootstrap/Receipt/button_Print' is present

2022-05-11 19:31:10 - [TEST_STEP][PASSED] - verifyTextPresent("Remittance ID", true): Text 'Remittance ID' is present on page  using regular expression

2022-05-11 19:31:10 - [MESSAGE][PASSED] - Text 'Remittance ID' is present on page  using regular expression

2022-05-11 19:31:10 - [TEST_STEP][PASSED] - verifyTextPresent("Received", true): Text 'Received' is present on page  using regular expression

2022-05-11 19:31:11 - [MESSAGE][PASSED] - Text 'Received' is present on page  using regular expression

2022-05-11 19:31:11 - [TEST_STEP][PASSED] - verifyTextPresent("UDF1", true): Text 'UDF1' is present on page  using regular expression

2022-05-11 19:31:11 - [MESSAGE][PASSED] - Text 'UDF1' is present on page  using regular expression

2022-05-11 19:31:11 - [TEST_STEP][PASSED] - verifyTextPresent("UDF2", true): Text 'UDF2' is present on page  using regular expression

2022-05-11 19:31:11 - [MESSAGE][PASSED] - Text 'UDF2' is present on page  using regular expression

2022-05-11 19:31:11 - [TEST_STEP][PASSED] - verifyTextPresent("UDF3", true): Text 'UDF3' is present on page  using regular expression

2022-05-11 19:31:12 - [MESSAGE][PASSED] - Text 'UDF3' is present on page  using regular expression

2022-05-11 19:31:12 - [TEST_STEP][PASSED] - verifyTextPresent("UDF4", true): Text 'UDF4' is present on page  using regular expression

2022-05-11 19:31:12 - [MESSAGE][PASSED] - Text 'UDF4' is present on page  using regular expression

2022-05-11 19:31:12 - [TEST_STEP][PASSED] - verifyTextPresent("UDF5", true): Text 'UDF5' is present on page  using regular expression

2022-05-11 19:31:12 - [MESSAGE][PASSED] - Text 'UDF5' is present on page  using regular expression

2022-05-11 19:31:12 - [TEST_STEP][PASSED] - verifyTextPresent("UDF6", true): Text 'UDF6' is present on page  using regular expression

2022-05-11 19:31:12 - [MESSAGE][PASSED] - Text 'UDF6' is present on page  using regular expression

2022-05-11 19:31:12 - [TEST_STEP][PASSED] - verifyTextPresent("UDF7", true): Text 'UDF7' is present on page  using regular expression

2022-05-11 19:31:13 - [MESSAGE][PASSED] - Text 'UDF7' is present on page  using regular expression

2022-05-11 19:31:13 - [TEST_STEP][PASSED] - verifyTextPresent("UDF8", true): Text 'UDF8' is present on page  using regular expression

2022-05-11 19:31:13 - [MESSAGE][PASSED] - Text 'UDF8' is present on page  using regular expression

2022-05-11 19:31:13 - [TEST_STEP][PASSED] - verifyTextPresent("UDF9", true): Text 'UDF9' is present on page  using regular expression

2022-05-11 19:31:13 - [MESSAGE][PASSED] - Text 'UDF9' is present on page  using regular expression

2022-05-11 19:31:13 - [TEST_STEP][PASSED] - verifyTextPresent("UDF 10", true): Text 'UDF 10' is present on page  using regular expression

2022-05-11 19:31:14 - [MESSAGE][PASSED] - Text 'UDF 10' is present on page  using regular expression

2022-05-11 19:31:14 - [TEST_STEP][PASSED] - verifyTextPresent("Delhi", true): Text 'Delhi' is present on page  using regular expression

2022-05-11 19:31:14 - [MESSAGE][PASSED] - Text 'Delhi' is present on page  using regular expression

2022-05-11 19:31:14 - [TEST_STEP][PASSED] - verifyTextPresent("Chennai", true): Text 'Chennai' is present on page  using regular expression

2022-05-11 19:31:14 - [MESSAGE][PASSED] - Text 'Chennai' is present on page  using regular expression

2022-05-11 19:31:14 - [TEST_STEP][PASSED] - verifyTextPresent("Mumbai", true): Text 'Mumbai' is present on page  using regular expression

2022-05-11 19:31:15 - [MESSAGE][PASSED] - Text 'Mumbai' is present on page  using regular expression

2022-05-11 19:31:15 - [TEST_STEP][PASSED] - verifyTextPresent("Kanpur", true): Text 'Kanpur' is present on page  using regular expression

2022-05-11 19:31:15 - [MESSAGE][PASSED] - Text 'Kanpur' is present on page  using regular expression

2022-05-11 19:31:15 - [TEST_STEP][PASSED] - verifyTextPresent("Orange Recorded", true): Text 'Orange Recorded' is present on page  using regular expression

2022-05-11 19:31:15 - [MESSAGE][PASSED] - Text 'Orange Recorded' is present on page  using regular expression

2022-05-11 19:31:15 - [TEST_STEP][PASSED] - verifyTextPresent("Yellow Recorded", true): Text 'Yellow Recorded' is present on page  using regular expression

2022-05-11 19:31:16 - [MESSAGE][PASSED] - Text 'Yellow Recorded' is present on page  using regular expression

2022-05-11 19:31:16 - [TEST_STEP][PASSED] - verifyTextPresent("Kolkata", true): Text 'Kolkata' is present on page  using regular expression

2022-05-11 19:31:16 - [MESSAGE][PASSED] - Text 'Kolkata' is present on page  using regular expression

2022-05-11 19:31:16 - [TEST_STEP][PASSED] - verifyTextPresent("Pune", true): Text 'Pune' is present on page  using regular expression

2022-05-11 19:31:16 - [MESSAGE][PASSED] - Text 'Pune' is present on page  using regular expression

2022-05-11 19:31:16 - [TEST_STEP][PASSED] - verifyTextPresent("Bhavnagar", true): Text 'Bhavnagar' is present on page  using regular expression

2022-05-11 19:31:17 - [MESSAGE][PASSED] - Text 'Bhavnagar' is present on page  using regular expression

2022-05-11 19:31:17 - [TEST_STEP][PASSED] - verifyTextPresent("Noida", true): Text 'Noida' is present on page  using regular expression

2022-05-11 19:31:17 - [MESSAGE][PASSED] - Text 'Noida' is present on page  using regular expression

2022-05-11 19:31:17 - [TEST_STEP][PASSED] - verifyTextPresent("Amount", true): Text 'Amount' is present on page  using regular expression

2022-05-11 19:31:17 - [MESSAGE][PASSED] - Text 'Amount' is present on page  using regular expression

2022-05-11 19:31:17 - [TEST_STEP][PASSED] - verifyTextPresent("2.50", true): Text '2.50' is present on page  using regular expression

2022-05-11 19:31:18 - [MESSAGE][PASSED] - Text '2.50' is present on page  using regular expression

2022-05-11 19:31:18 - [TEST_STEP][PASSED] - verifyTextPresent("Authorization and Capture", true): Text 'Authorization and Capture' is present on page  using regular expression

2022-05-11 19:31:18 - [MESSAGE][PASSED] - Text 'Authorization and Capture' is present on page  using regular expression

2022-05-11 19:31:18 - [TEST_STEP][PASSED] - verifyTextPresent("Card Information", true): Text 'Card Information' is present on page  using regular expression

2022-05-11 19:31:18 - [MESSAGE][PASSED] - Text 'Card Information' is present on page  using regular expression

2022-05-11 19:31:18 - [TEST_STEP][PASSED] - verifyTextPresent("TANDON RAVENA", true): Text 'TANDON RAVENA' is present on page  using regular expression

2022-05-11 19:31:19 - [MESSAGE][PASSED] - Text 'TANDON RAVENA' is present on page  using regular expression

2022-05-11 19:31:19 - [TEST_STEP][PASSED] - verifyTextPresent("Address Line 1", true): Text 'Address Line 1' is present on page  using regular expression

2022-05-11 19:31:19 - [MESSAGE][PASSED] - Text 'Address Line 1' is present on page  using regular expression

2022-05-11 19:31:19 - [TEST_STEP][PASSED] - verifyTextPresent("Address Line 2", true): Text 'Address Line 2' is present on page  using regular expression

2022-05-11 19:31:19 - [MESSAGE][PASSED] - Text 'Address Line 2' is present on page  using regular expression

2022-05-11 19:31:19 - [TEST_STEP][PASSED] - verifyTextPresent("Country", true): Text 'Country' is present on page  using regular expression

2022-05-11 19:31:20 - [MESSAGE][PASSED] - Text 'Country' is present on page  using regular expression

2022-05-11 19:31:20 - [TEST_STEP][PASSED] - verifyTextPresent("City", true): Text 'City' is present on page  using regular expression

2022-05-11 19:31:20 - [MESSAGE][PASSED] - Text 'City' is present on page  using regular expression

2022-05-11 19:31:20 - [TEST_STEP][PASSED] - verifyTextPresent("State", true): Text 'State' is present on page  using regular expression

2022-05-11 19:31:20 - [MESSAGE][PASSED] - Text 'State' is present on page  using regular expression

2022-05-11 19:31:20 - [TEST_STEP][PASSED] - verifyTextPresent("ZIP Code", true): Text 'ZIP Code' is present on page  using regular expression

2022-05-11 19:31:21 - [MESSAGE][PASSED] - Text 'ZIP Code' is present on page  using regular expression

2022-05-11 19:31:21 - [TEST_STEP][PASSED] - verifyTextPresent("248 PhoolKaante road", true): Text '248 PhoolKaante road' is present on page  using regular expression

2022-05-11 19:31:21 - [MESSAGE][PASSED] - Text '248 PhoolKaante road' is present on page  using regular expression

2022-05-11 19:31:21 - [TEST_STEP][PASSED] - verifyTextPresent("Suite 678", true): Text 'Suite 678' is present on page  using regular expression

2022-05-11 19:31:21 - [MESSAGE][PASSED] - Text 'Suite 678' is present on page  using regular expression

2022-05-11 19:31:21 - [TEST_STEP][PASSED] - verifyTextPresent("United States", true): Text 'United States' is present on page  using regular expression

2022-05-11 19:31:22 - [MESSAGE][PASSED] - Text 'United States' is present on page  using regular expression

2022-05-11 19:31:22 - [TEST_STEP][PASSED] - verifyTextPresent("ARLINGTON", true): Text 'ARLINGTON' is present on page  using regular expression

2022-05-11 19:31:22 - [MESSAGE][PASSED] - Text 'ARLINGTON' is present on page  using regular expression

2022-05-11 19:31:22 - [TEST_STEP][PASSED] - verifyTextPresent("VA", true): Text 'VA' is present on page  using regular expression

2022-05-11 19:31:22 - [MESSAGE][PASSED] - Text 'VA' is present on page  using regular expression

2022-05-11 19:31:22 - [TEST_STEP][PASSED] - verifyTextPresent("22201", true): Text '22201' is present on page  using regular expression

2022-05-11 19:31:23 - [MESSAGE][PASSED] - Text '22201' is present on page  using regular expression

2022-05-11 19:31:23 - [TEST_STEP][PASSED] - cardTypeV = findTestData(dataFile).getValue("CardType", row): null

2022-05-11 19:31:23 - [TEST_STEP][PASSED] - last4V = findTestData(dataFile).getValue("Last4", row): null

2022-05-11 19:31:23 - [TEST_STEP][PASSED] - verifyTextPresent(cardTypeV, true): Text 'Discover' is present on page  using regular expression

2022-05-11 19:31:23 - [MESSAGE][PASSED] - Text 'Discover' is present on page  using regular expression

2022-05-11 19:31:23 - [TEST_STEP][PASSED] - verifyTextPresent(last4V, true): Text '6909' is present on page  using regular expression

2022-05-11 19:31:23 - [MESSAGE][PASSED] - Text '6909' is present on page  using regular expression

2022-05-11 19:31:23 - [TEST_STEP][PASSED] - switch (appName): null

2022-05-11 19:31:23 - [TEST_STEP][PASSED] - closeBrowser(): Browser is closed

2022-05-11 19:31:24 - [MESSAGE][PASSED] - Browser is closed

2022-05-11 19:31:24 - [TEST_STEP][PASSED] - ExecuteTC = findTestData(dataFile).getValue("Execute", row): null

2022-05-11 19:31:24 - [TEST_STEP][PASSED] - out.println("Value of Execute is : " + ExecuteTC): null

2022-05-11 19:31:24 - [TEST_STEP][PASSED] - switch (executionProfile): null

2022-05-11 19:31:24 - [TEST_STEP][PASSED] - case "QAProfile":: null

2022-05-11 19:31:24 - [TEST_STEP][PASSED] - appName = findTestData(dataFile).getValue("AppNameQA", row): null

2022-05-11 19:31:24 - [TEST_STEP][PASSED] - appID = findTestData(dataFile).getValue("AppIDQA", row): null

2022-05-11 19:31:24 - [TEST_STEP][PASSED] - break: null

2022-05-11 19:31:24 - [TEST_STEP][PASSED] - if (ExecuteTC.equalsIgnoreCase("Y")): null

2022-05-11 19:31:24 - [TEST_STEP][PASSED] - out.println("Begin Record Number: " + row): null

2022-05-11 19:31:24 - [TEST_STEP][PASSED] - today = new java.util.Date(): null

2022-05-11 19:31:24 - [TEST_STEP][PASSED] - println(today): null

2022-05-11 19:31:24 - [TEST_STEP][PASSED] - datText = today: null

2022-05-11 19:31:24 - [TEST_STEP][PASSED] - adminSuiteBootstrap.loginFunctionality.login_AdminSuite(): adminSuiteBootstrap.loginFunctionality.login_AdminSuite is PASSED

2022-05-11 19:31:24 - [MESSAGE][INFO] - Starting 'Chrome' driver

2022-05-11 19:31:24 - [MESSAGE][INFO] - User set preference: ['acceptInsecureCerts', 'true']

2022-05-11 19:31:24 - [MESSAGE][INFO] - Action delay is set to 0 milliseconds

2022-05-11 19:31:27 - [MESSAGE][PASSED] - Browser is opened with url: 'https://qa.velocitypayment.com/admin/imtiaz'

2022-05-11 19:31:27 - [MESSAGE][PASSED] - Current window maximized

2022-05-11 19:31:27 - [MESSAGE][PASSED] - Object 'Object Repository/Login_Page/Login_Username' is present

2022-05-11 19:31:28 - [MESSAGE][PASSED] - Text 'iahmed' is set on object 'Object Repository/Login_Page/Login_Username'

2022-05-11 19:31:29 - [MESSAGE][PASSED] - Text 'hello2222' is set on object 'Object Repository/Login_Page/Login_Password'

2022-05-11 19:31:32 - [MESSAGE][PASSED] - Object: 'Object Repository/Login_Page/Login_Submit' is clicked on

2022-05-11 19:31:32 - [MESSAGE][PASSED] - adminSuiteBootstrap.loginFunctionality.login_AdminSuite is PASSED

2022-05-11 19:31:32 - [TEST_STEP][PASSED] - click(findTestObject(path_Dashboard + appName)): Object: 'Object Repository/AdminSuiteBootstrap_Pages/Dashboard_Bootstrap/a_Access AutoSingleCFtpQA' is clicked on

2022-05-11 19:31:33 - [MESSAGE][PASSED] - Object: 'Object Repository/AdminSuiteBootstrap_Pages/Dashboard_Bootstrap/a_Access AutoSingleCFtpQA' is clicked on

2022-05-11 19:31:33 - [TEST_STEP][PASSED] - click(findTestObject(path_VT + "a_Find Profile")): Object: 'Object Repository/AdminSuiteBootstrap_Pages/VT_Bootstrap/IssueTransactions/a_Find Profile' is clicked on

2022-05-11 19:31:33 - [MESSAGE][PASSED] - Object: 'Object Repository/AdminSuiteBootstrap_Pages/VT_Bootstrap/IssueTransactions/a_Find Profile' is clicked on

2022-05-11 19:31:33 - [TEST_STEP][PASSED] - criteria = <not implemented yet for class: org.codehaus.groovy.ast.expr.EmptyExpression>: null

2022-05-11 19:31:33 - [TEST_STEP][PASSED] - searchBy = <not implemented yet for class: org.codehaus.groovy.ast.expr.EmptyExpression>: null

2022-05-11 19:31:33 - [TEST_STEP][PASSED] - criteria = findTestData(dataFile).getValue("ProfileName", row): null

2022-05-11 19:31:33 - [TEST_STEP][PASSED] - path_SearchProfile = "Object Repository/AdminSuiteBootstrap_Pages/VSP_Bootstrap/SearchProfile/": null

2022-05-11 19:31:33 - [TEST_STEP][PASSED] - setText(findTestObject(path_SearchProfile + "input_Criteria"), criteria): Text 'PaymentsVisa' is set on object 'Object Repository/AdminSuiteBootstrap_Pages/VSP_Bootstrap/SearchProfile/input_Criteria'

2022-05-11 19:31:34 - [MESSAGE][PASSED] - Text 'PaymentsVisa' is set on object 'Object Repository/AdminSuiteBootstrap_Pages/VSP_Bootstrap/SearchProfile/input_Criteria'

2022-05-11 19:31:34 - [TEST_STEP][PASSED] - click(findTestObject(path_SearchProfile + "button_Search")): Object: 'Object Repository/AdminSuiteBootstrap_Pages/VSP_Bootstrap/SearchProfile/button_Search' is clicked on

2022-05-11 19:31:35 - [MESSAGE][PASSED] - Object: 'Object Repository/AdminSuiteBootstrap_Pages/VSP_Bootstrap/SearchProfile/button_Search' is clicked on

2022-05-11 19:31:35 - [TEST_STEP][PASSED] - profNameLink = findTestData(dataFile).getValue("ProfileNameLink", row): null

2022-05-11 19:31:35 - [TEST_STEP][PASSED] - click(findTestObject(path_ViewProfile + profNameLink)): Object: 'Object Repository/AdminSuiteBootstrap_Pages/VSP_Bootstrap/View Profile/a_PaymentsVisa' is clicked on

2022-05-11 19:31:36 - [MESSAGE][PASSED] - Object: 'Object Repository/AdminSuiteBootstrap_Pages/VSP_Bootstrap/View Profile/a_PaymentsVisa' is clicked on

2022-05-11 19:31:36 - [TEST_STEP][PASSED] - click(findTestObject(path_ViewProfile + "a_AuthCap")): Object: 'Object Repository/AdminSuiteBootstrap_Pages/VSP_Bootstrap/View Profile/a_AuthCap' is clicked on

2022-05-11 19:31:37 - [MESSAGE][PASSED] - Object: 'Object Repository/AdminSuiteBootstrap_Pages/VSP_Bootstrap/View Profile/a_AuthCap' is clicked on

2022-05-11 19:31:37 - [TEST_STEP][PASSED] - verifyTextPresent("Credit Card Authorization Capture", true): Text 'Credit Card Authorization Capture' is present on page  using regular expression

2022-05-11 19:31:38 - [MESSAGE][PASSED] - Text 'Credit Card Authorization Capture' is present on page  using regular expression

2022-05-11 19:31:38 - [TEST_STEP][PASSED] - verifyTextPresent("Sale", true): Text 'Sale' is present on page  using regular expression

2022-05-11 19:31:39 - [MESSAGE][PASSED] - Text 'Sale' is present on page  using regular expression

2022-05-11 19:31:39 - [TEST_STEP][PASSED] - verifyTextPresent("Required fields are highlighted with an asterisk", true): Text 'Required fields are highlighted with an asterisk' is present on page  using regular expression

2022-05-11 19:31:39 - [MESSAGE][PASSED] - Text 'Required fields are highlighted with an asterisk' is present on page  using regular expression

2022-05-11 19:31:39 - [TEST_STEP][PASSED] - verifyTextPresent("Remittance ID", true): Text 'Remittance ID' is present on page  using regular expression

2022-05-11 19:31:39 - [MESSAGE][PASSED] - Text 'Remittance ID' is present on page  using regular expression

2022-05-11 19:31:39 - [TEST_STEP][PASSED] - vspBootstrap.SalePage.setDataSaleAndAuth(row, dataFile): vspBootstrap.SalePage.setDataSaleAndAuth is PASSED

2022-05-11 19:31:41 - [MESSAGE][PASSED] - All options with value 'MOTO' are selected in object 'Object Repository/AdminSuiteBootstrap_Pages/VSP_Bootstrap/VSP_Authcap/select_TransactionCategory'  using regular expression

2022-05-11 19:31:41 - [MESSAGE][PASSED] - Text '123' is set on object 'Object Repository/AdminSuiteBootstrap_Pages/VSP_Bootstrap/VSP_Authcap/input_cvv'

2022-05-11 19:31:42 - [MESSAGE][PASSED] - Text '' is set on object 'Object Repository/AdminSuiteBootstrap_Pages/VSP_Bootstrap/VSP_Authcap/input_smsNumber'

2022-05-11 19:31:43 - [MESSAGE][PASSED] - Text '2.50' is set on object 'Object Repository/AdminSuiteBootstrap_Pages/VSP_Bootstrap/VSP_Authcap/input_amount'

2022-05-11 19:31:44 - [MESSAGE][PASSED] - Text 'Delhi' is set on object 'Object Repository/AdminSuiteBootstrap_Pages/VSP_Bootstrap/VSP_Authcap/input_userDefined1'

2022-05-11 19:31:45 - [MESSAGE][PASSED] - Text 'Chennai' is set on object 'Object Repository/AdminSuiteBootstrap_Pages/VSP_Bootstrap/VSP_Authcap/input_userDefined2'

2022-05-11 19:31:45 - [MESSAGE][PASSED] - Text 'Mumbai' is set on object 'Object Repository/AdminSuiteBootstrap_Pages/VSP_Bootstrap/VSP_Authcap/input_userDefined3'

2022-05-11 19:31:46 - [MESSAGE][PASSED] - Text 'Kanpur' is set on object 'Object Repository/AdminSuiteBootstrap_Pages/VSP_Bootstrap/VSP_Authcap/input_userDefined4'

2022-05-11 19:31:47 - [MESSAGE][PASSED] - All options with label 'Orange' are selected in object 'Object Repository/AdminSuiteBootstrap_Pages/VSP_Bootstrap/VSP_Authcap/select_UDF5'  using regular expression

2022-05-11 19:31:48 - [MESSAGE][PASSED] - All options with label 'Yellow' are selected in object 'Object Repository/AdminSuiteBootstrap_Pages/VSP_Bootstrap/VSP_Authcap/select_UDF6'  using regular expression

2022-05-11 19:31:49 - [MESSAGE][PASSED] - Text 'Kolkata' is set on object 'Object Repository/AdminSuiteBootstrap_Pages/VSP_Bootstrap/VSP_Authcap/input_userDefined7'

2022-05-11 19:31:50 - [MESSAGE][PASSED] - Text 'Pune' is set on object 'Object Repository/AdminSuiteBootstrap_Pages/VSP_Bootstrap/VSP_Authcap/input_userDefined8'

2022-05-11 19:31:50 - [MESSAGE][PASSED] - Text 'Bhavnagar' is set on object 'Object Repository/AdminSuiteBootstrap_Pages/VSP_Bootstrap/VSP_Authcap/input_userDefined9'

2022-05-11 19:31:51 - [MESSAGE][PASSED] - Text 'Noida' is set on object 'Object Repository/AdminSuiteBootstrap_Pages/VSP_Bootstrap/VSP_Authcap/input_userDefined10'

2022-05-11 19:31:53 - [MESSAGE][PASSED] - Object: 'Object Repository/AdminSuiteBootstrap_Pages/VSP_Bootstrap/VSP_Authcap/button_Submit' is clicked on

2022-05-11 19:31:53 - [MESSAGE][PASSED] - vspBootstrap.SalePage.setDataSaleAndAuth is PASSED

2022-05-11 19:31:53 - [TEST_STEP][PASSED] - verifyTextPresent("Transaction Successful", true): Text 'Transaction Successful' is present on page  using regular expression

2022-05-11 19:31:54 - [MESSAGE][PASSED] - Text 'Transaction Successful' is present on page  using regular expression

2022-05-11 19:31:54 - [TEST_STEP][PASSED] - verifyElementVisible(findTestObject("Object Repository/AdminSuiteBootstrap_Pages/VT_Bootstrap/Receipt/button_Continue")): Object 'Object Repository/AdminSuiteBootstrap_Pages/VT_Bootstrap/Receipt/button_Continue' is visible

2022-05-11 19:31:54 - [MESSAGE][PASSED] - Object 'Object Repository/AdminSuiteBootstrap_Pages/VT_Bootstrap/Receipt/button_Continue' is visible

2022-05-11 19:31:54 - [TEST_STEP][PASSED] - verifyElementPresent(findTestObject("Object Repository/AdminSuiteBootstrap_Pages/VT_Bootstrap/Receipt/button_Continue"), 20): Object 'Object Repository/AdminSuiteBootstrap_Pages/VT_Bootstrap/Receipt/button_Continue' is present

2022-05-11 19:31:54 - [MESSAGE][PASSED] - Object 'Object Repository/AdminSuiteBootstrap_Pages/VT_Bootstrap/Receipt/button_Continue' is present

2022-05-11 19:31:54 - [TEST_STEP][PASSED] - verifyElementVisible(findTestObject("Object Repository/AdminSuiteBootstrap_Pages/VT_Bootstrap/Receipt/button_Print")): Object 'Object Repository/AdminSuiteBootstrap_Pages/VT_Bootstrap/Receipt/button_Print' is visible

2022-05-11 19:31:55 - [MESSAGE][PASSED] - Object 'Object Repository/AdminSuiteBootstrap_Pages/VT_Bootstrap/Receipt/button_Print' is visible

2022-05-11 19:31:55 - [TEST_STEP][PASSED] - verifyElementPresent(findTestObject("Object Repository/AdminSuiteBootstrap_Pages/VT_Bootstrap/Receipt/button_Print"), 20): Object 'Object Repository/AdminSuiteBootstrap_Pages/VT_Bootstrap/Receipt/button_Print' is present

2022-05-11 19:31:55 - [MESSAGE][PASSED] - Object 'Object Repository/AdminSuiteBootstrap_Pages/VT_Bootstrap/Receipt/button_Print' is present

2022-05-11 19:31:55 - [TEST_STEP][PASSED] - verifyTextPresent("Remittance ID", true): Text 'Remittance ID' is present on page  using regular expression

2022-05-11 19:31:55 - [MESSAGE][PASSED] - Text 'Remittance ID' is present on page  using regular expression

2022-05-11 19:31:55 - [TEST_STEP][PASSED] - verifyTextPresent("Received", true): Text 'Received' is present on page  using regular expression

2022-05-11 19:31:56 - [MESSAGE][PASSED] - Text 'Received' is present on page  using regular expression

2022-05-11 19:31:56 - [TEST_STEP][PASSED] - verifyTextPresent("UDF1", true): Text 'UDF1' is present on page  using regular expression

2022-05-11 19:31:56 - [MESSAGE][PASSED] - Text 'UDF1' is present on page  using regular expression

2022-05-11 19:31:56 - [TEST_STEP][PASSED] - verifyTextPresent("UDF2", true): Text 'UDF2' is present on page  using regular expression

2022-05-11 19:31:56 - [MESSAGE][PASSED] - Text 'UDF2' is present on page  using regular expression

2022-05-11 19:31:56 - [TEST_STEP][PASSED] - verifyTextPresent("UDF3", true): Text 'UDF3' is present on page  using regular expression

2022-05-11 19:31:57 - [MESSAGE][PASSED] - Text 'UDF3' is present on page  using regular expression

2022-05-11 19:31:57 - [TEST_STEP][PASSED] - verifyTextPresent("UDF4", true): Text 'UDF4' is present on page  using regular expression

2022-05-11 19:31:57 - [MESSAGE][PASSED] - Text 'UDF4' is present on page  using regular expression

2022-05-11 19:31:57 - [TEST_STEP][PASSED] - verifyTextPresent("UDF5", true): Text 'UDF5' is present on page  using regular expression

2022-05-11 19:31:57 - [MESSAGE][PASSED] - Text 'UDF5' is present on page  using regular expression

2022-05-11 19:31:57 - [TEST_STEP][PASSED] - verifyTextPresent("UDF6", true): Text 'UDF6' is present on page  using regular expression

2022-05-11 19:31:58 - [MESSAGE][PASSED] - Text 'UDF6' is present on page  using regular expression

2022-05-11 19:31:58 - [TEST_STEP][PASSED] - verifyTextPresent("UDF7", true): Text 'UDF7' is present on page  using regular expression

2022-05-11 19:31:58 - [MESSAGE][PASSED] - Text 'UDF7' is present on page  using regular expression

2022-05-11 19:31:58 - [TEST_STEP][PASSED] - verifyTextPresent("UDF8", true): Text 'UDF8' is present on page  using regular expression

2022-05-11 19:31:58 - [MESSAGE][PASSED] - Text 'UDF8' is present on page  using regular expression

2022-05-11 19:31:58 - [TEST_STEP][PASSED] - verifyTextPresent("UDF9", true): Text 'UDF9' is present on page  using regular expression

2022-05-11 19:31:59 - [MESSAGE][PASSED] - Text 'UDF9' is present on page  using regular expression

2022-05-11 19:31:59 - [TEST_STEP][PASSED] - verifyTextPresent("UDF 10", true): Text 'UDF 10' is present on page  using regular expression

2022-05-11 19:31:59 - [MESSAGE][PASSED] - Text 'UDF 10' is present on page  using regular expression

2022-05-11 19:31:59 - [TEST_STEP][PASSED] - verifyTextPresent("Delhi", true): Text 'Delhi' is present on page  using regular expression

2022-05-11 19:31:59 - [MESSAGE][PASSED] - Text 'Delhi' is present on page  using regular expression

2022-05-11 19:31:59 - [TEST_STEP][PASSED] - verifyTextPresent("Chennai", true): Text 'Chennai' is present on page  using regular expression

2022-05-11 19:32:00 - [MESSAGE][PASSED] - Text 'Chennai' is present on page  using regular expression

2022-05-11 19:32:00 - [TEST_STEP][PASSED] - verifyTextPresent("Mumbai", true): Text 'Mumbai' is present on page  using regular expression

2022-05-11 19:32:00 - [MESSAGE][PASSED] - Text 'Mumbai' is present on page  using regular expression

2022-05-11 19:32:00 - [TEST_STEP][PASSED] - verifyTextPresent("Kanpur", true): Text 'Kanpur' is present on page  using regular expression

2022-05-11 19:32:00 - [MESSAGE][PASSED] - Text 'Kanpur' is present on page  using regular expression

2022-05-11 19:32:00 - [TEST_STEP][PASSED] - verifyTextPresent("Orange Recorded", true): Text 'Orange Recorded' is present on page  using regular expression

2022-05-11 19:32:01 - [MESSAGE][PASSED] - Text 'Orange Recorded' is present on page  using regular expression

2022-05-11 19:32:01 - [TEST_STEP][PASSED] - verifyTextPresent("Yellow Recorded", true): Text 'Yellow Recorded' is present on page  using regular expression

2022-05-11 19:32:01 - [MESSAGE][PASSED] - Text 'Yellow Recorded' is present on page  using regular expression

2022-05-11 19:32:01 - [TEST_STEP][PASSED] - verifyTextPresent("Kolkata", true): Text 'Kolkata' is present on page  using regular expression

2022-05-11 19:32:01 - [MESSAGE][PASSED] - Text 'Kolkata' is present on page  using regular expression

2022-05-11 19:32:01 - [TEST_STEP][PASSED] - verifyTextPresent("Pune", true): Text 'Pune' is present on page  using regular expression

2022-05-11 19:32:02 - [MESSAGE][PASSED] - Text 'Pune' is present on page  using regular expression

2022-05-11 19:32:02 - [TEST_STEP][PASSED] - verifyTextPresent("Bhavnagar", true): Text 'Bhavnagar' is present on page  using regular expression

2022-05-11 19:32:02 - [MESSAGE][PASSED] - Text 'Bhavnagar' is present on page  using regular expression

2022-05-11 19:32:02 - [TEST_STEP][PASSED] - verifyTextPresent("Noida", true): Text 'Noida' is present on page  using regular expression

2022-05-11 19:32:02 - [MESSAGE][PASSED] - Text 'Noida' is present on page  using regular expression

2022-05-11 19:32:02 - [TEST_STEP][PASSED] - verifyTextPresent("Amount", true): Text 'Amount' is present on page  using regular expression

2022-05-11 19:32:03 - [MESSAGE][PASSED] - Text 'Amount' is present on page  using regular expression

2022-05-11 19:32:03 - [TEST_STEP][PASSED] - verifyTextPresent("2.50", true): Text '2.50' is present on page  using regular expression

2022-05-11 19:32:03 - [MESSAGE][PASSED] - Text '2.50' is present on page  using regular expression

2022-05-11 19:32:03 - [TEST_STEP][PASSED] - verifyTextPresent("Authorization and Capture", true): Text 'Authorization and Capture' is present on page  using regular expression

2022-05-11 19:32:03 - [MESSAGE][PASSED] - Text 'Authorization and Capture' is present on page  using regular expression

2022-05-11 19:32:03 - [TEST_STEP][PASSED] - verifyTextPresent("Card Information", true): Text 'Card Information' is present on page  using regular expression

2022-05-11 19:32:04 - [MESSAGE][PASSED] - Text 'Card Information' is present on page  using regular expression

2022-05-11 19:32:04 - [TEST_STEP][PASSED] - verifyTextPresent("TANDON RAVENA", true): Text 'TANDON RAVENA' is present on page  using regular expression

2022-05-11 19:32:04 - [MESSAGE][PASSED] - Text 'TANDON RAVENA' is present on page  using regular expression

2022-05-11 19:32:04 - [TEST_STEP][PASSED] - verifyTextPresent("Address Line 1", true): Text 'Address Line 1' is present on page  using regular expression

2022-05-11 19:32:04 - [MESSAGE][PASSED] - Text 'Address Line 1' is present on page  using regular expression

2022-05-11 19:32:04 - [TEST_STEP][PASSED] - verifyTextPresent("Address Line 2", true): Text 'Address Line 2' is present on page  using regular expression

2022-05-11 19:32:05 - [MESSAGE][PASSED] - Text 'Address Line 2' is present on page  using regular expression

2022-05-11 19:32:05 - [TEST_STEP][PASSED] - verifyTextPresent("Country", true): Text 'Country' is present on page  using regular expression

2022-05-11 19:32:05 - [MESSAGE][PASSED] - Text 'Country' is present on page  using regular expression

2022-05-11 19:32:05 - [TEST_STEP][PASSED] - verifyTextPresent("City", true): Text 'City' is present on page  using regular expression

2022-05-11 19:32:05 - [MESSAGE][PASSED] - Text 'City' is present on page  using regular expression

2022-05-11 19:32:05 - [TEST_STEP][PASSED] - verifyTextPresent("State", true): Text 'State' is present on page  using regular expression

2022-05-11 19:32:06 - [MESSAGE][PASSED] - Text 'State' is present on page  using regular expression

2022-05-11 19:32:06 - [TEST_STEP][PASSED] - verifyTextPresent("ZIP Code", true): Text 'ZIP Code' is present on page  using regular expression

2022-05-11 19:32:06 - [MESSAGE][PASSED] - Text 'ZIP Code' is present on page  using regular expression

2022-05-11 19:32:06 - [TEST_STEP][PASSED] - verifyTextPresent("248 PhoolKaante road", true): Text '248 PhoolKaante road' is present on page  using regular expression

2022-05-11 19:32:06 - [MESSAGE][PASSED] - Text '248 PhoolKaante road' is present on page  using regular expression

2022-05-11 19:32:06 - [TEST_STEP][PASSED] - verifyTextPresent("Suite 678", true): Text 'Suite 678' is present on page  using regular expression

2022-05-11 19:32:07 - [MESSAGE][PASSED] - Text 'Suite 678' is present on page  using regular expression

2022-05-11 19:32:07 - [TEST_STEP][PASSED] - verifyTextPresent("United States", true): Text 'United States' is present on page  using regular expression

2022-05-11 19:32:07 - [MESSAGE][PASSED] - Text 'United States' is present on page  using regular expression

2022-05-11 19:32:07 - [TEST_STEP][PASSED] - verifyTextPresent("ARLINGTON", true): Text 'ARLINGTON' is present on page  using regular expression

2022-05-11 19:32:07 - [MESSAGE][PASSED] - Text 'ARLINGTON' is present on page  using regular expression

2022-05-11 19:32:07 - [TEST_STEP][PASSED] - verifyTextPresent("VA", true): Text 'VA' is present on page  using regular expression

2022-05-11 19:32:07 - [MESSAGE][PASSED] - Text 'VA' is present on page  using regular expression

2022-05-11 19:32:07 - [TEST_STEP][PASSED] - verifyTextPresent("22201", true): Text '22201' is present on page  using regular expression

2022-05-11 19:32:08 - [MESSAGE][PASSED] - Text '22201' is present on page  using regular expression

2022-05-11 19:32:08 - [TEST_STEP][PASSED] - cardTypeV = findTestData(dataFile).getValue("CardType", row): null

2022-05-11 19:32:08 - [TEST_STEP][PASSED] - last4V = findTestData(dataFile).getValue("Last4", row): null

2022-05-11 19:32:08 - [TEST_STEP][PASSED] - verifyTextPresent(cardTypeV, true): Text 'Visa' is present on page  using regular expression

2022-05-11 19:32:08 - [MESSAGE][PASSED] - Text 'Visa' is present on page  using regular expression

2022-05-11 19:32:08 - [TEST_STEP][PASSED] - verifyTextPresent(last4V, true): Text '5439' is present on page  using regular expression

2022-05-11 19:32:09 - [MESSAGE][PASSED] - Text '5439' is present on page  using regular expression

2022-05-11 19:32:09 - [TEST_STEP][PASSED] - switch (appName): null

2022-05-11 19:32:09 - [TEST_STEP][PASSED] - case "a_Access AutoSingleCFtpQA":: null

2022-05-11 19:32:09 - [TEST_STEP][PASSED] - verifyTextPresent("5.00", true): Text '5.00' is present on page  using regular expression

2022-05-11 19:32:09 - [MESSAGE][PASSED] - Text '5.00' is present on page  using regular expression

2022-05-11 19:32:09 - [TEST_STEP][PASSED] - verifyTextPresent("Single Transaction", true): Text 'Single Transaction' is present on page  using regular expression

2022-05-11 19:32:09 - [MESSAGE][PASSED] - Text 'Single Transaction' is present on page  using regular expression

2022-05-11 19:32:09 - [TEST_STEP][PASSED] - verifyTextPresent("7.50", true): Text '7.50' is present on page  using regular expression

2022-05-11 19:32:10 - [MESSAGE][PASSED] - Text '7.50' is present on page  using regular expression

2022-05-11 19:32:10 - [TEST_STEP][PASSED] - verifyTextPresent("Total Amount", true): Text 'Total Amount' is present on page  using regular expression

2022-05-11 19:32:10 - [MESSAGE][PASSED] - Text 'Total Amount' is present on page  using regular expression

2022-05-11 19:32:10 - [TEST_STEP][PASSED] - verifyTextPresent("Transaction Type", true): Text 'Transaction Type' is present on page  using regular expression

2022-05-11 19:32:10 - [MESSAGE][PASSED] - Text 'Transaction Type' is present on page  using regular expression

2022-05-11 19:32:10 - [TEST_STEP][PASSED] - break: null

2022-05-11 19:32:10 - [TEST_STEP][PASSED] - closeBrowser(): Browser is closed

2022-05-11 19:32:11 - [MESSAGE][PASSED] - Browser is closed

2022-05-11 19:32:11 - [TEST_STEP][PASSED] - ExecuteTC = findTestData(dataFile).getValue("Execute", row): null

2022-05-11 19:32:11 - [TEST_STEP][PASSED] - out.println("Value of Execute is : " + ExecuteTC): null

2022-05-11 19:32:11 - [TEST_STEP][PASSED] - switch (executionProfile): null

2022-05-11 19:32:11 - [TEST_STEP][PASSED] - case "QAProfile":: null

2022-05-11 19:32:11 - [TEST_STEP][PASSED] - appName = findTestData(dataFile).getValue("AppNameQA", row): null

2022-05-11 19:32:11 - [TEST_STEP][PASSED] - appID = findTestData(dataFile).getValue("AppIDQA", row): null

2022-05-11 19:32:11 - [TEST_STEP][PASSED] - break: null

2022-05-11 19:32:11 - [TEST_STEP][PASSED] - if (ExecuteTC.equalsIgnoreCase("Y")): null

2022-05-11 19:32:11 - [TEST_STEP][PASSED] - out.println("Begin Record Number: " + row): null

2022-05-11 19:32:11 - [TEST_STEP][PASSED] - today = new java.util.Date(): null

2022-05-11 19:32:11 - [TEST_STEP][PASSED] - println(today): null

2022-05-11 19:32:11 - [TEST_STEP][PASSED] - datText = today: null

2022-05-11 19:32:11 - [TEST_STEP][PASSED] - adminSuiteBootstrap.loginFunctionality.login_AdminSuite(): adminSuiteBootstrap.loginFunctionality.login_AdminSuite is PASSED

2022-05-11 19:32:11 - [MESSAGE][INFO] - Starting 'Chrome' driver

2022-05-11 19:32:11 - [MESSAGE][INFO] - User set preference: ['acceptInsecureCerts', 'true']

2022-05-11 19:32:11 - [MESSAGE][INFO] - Action delay is set to 0 milliseconds

2022-05-11 19:32:14 - [MESSAGE][PASSED] - Browser is opened with url: 'https://qa.velocitypayment.com/admin/imtiaz'

2022-05-11 19:32:14 - [MESSAGE][PASSED] - Current window maximized

2022-05-11 19:32:14 - [MESSAGE][PASSED] - Object 'Object Repository/Login_Page/Login_Username' is present

2022-05-11 19:32:15 - [MESSAGE][PASSED] - Text 'iahmed' is set on object 'Object Repository/Login_Page/Login_Username'

2022-05-11 19:32:16 - [MESSAGE][PASSED] - Text 'hello2222' is set on object 'Object Repository/Login_Page/Login_Password'

2022-05-11 19:32:19 - [MESSAGE][PASSED] - Object: 'Object Repository/Login_Page/Login_Submit' is clicked on

2022-05-11 19:32:19 - [MESSAGE][PASSED] - adminSuiteBootstrap.loginFunctionality.login_AdminSuite is PASSED

2022-05-11 19:32:19 - [TEST_STEP][PASSED] - click(findTestObject(path_Dashboard + appName)): Object: 'Object Repository/AdminSuiteBootstrap_Pages/Dashboard_Bootstrap/a_Access AutoSingleCFtpQA' is clicked on

2022-05-11 19:32:20 - [MESSAGE][PASSED] - Object: 'Object Repository/AdminSuiteBootstrap_Pages/Dashboard_Bootstrap/a_Access AutoSingleCFtpQA' is clicked on

2022-05-11 19:32:20 - [TEST_STEP][PASSED] - click(findTestObject(path_VT + "a_Find Profile")): Object: 'Object Repository/AdminSuiteBootstrap_Pages/VT_Bootstrap/IssueTransactions/a_Find Profile' is clicked on

2022-05-11 19:32:20 - [MESSAGE][PASSED] - Object: 'Object Repository/AdminSuiteBootstrap_Pages/VT_Bootstrap/IssueTransactions/a_Find Profile' is clicked on

2022-05-11 19:32:20 - [TEST_STEP][PASSED] - criteria = <not implemented yet for class: org.codehaus.groovy.ast.expr.EmptyExpression>: null

2022-05-11 19:32:20 - [TEST_STEP][PASSED] - searchBy = <not implemented yet for class: org.codehaus.groovy.ast.expr.EmptyExpression>: null

2022-05-11 19:32:20 - [TEST_STEP][PASSED] - criteria = findTestData(dataFile).getValue("ProfileName", row): null

2022-05-11 19:32:20 - [TEST_STEP][PASSED] - path_SearchProfile = "Object Repository/AdminSuiteBootstrap_Pages/VSP_Bootstrap/SearchProfile/": null

2022-05-11 19:32:20 - [TEST_STEP][PASSED] - setText(findTestObject(path_SearchProfile + "input_Criteria"), criteria): Text 'PaymentsMC' is set on object 'Object Repository/AdminSuiteBootstrap_Pages/VSP_Bootstrap/SearchProfile/input_Criteria'

2022-05-11 19:32:21 - [MESSAGE][PASSED] - Text 'PaymentsMC' is set on object 'Object Repository/AdminSuiteBootstrap_Pages/VSP_Bootstrap/SearchProfile/input_Criteria'

2022-05-11 19:32:21 - [TEST_STEP][PASSED] - click(findTestObject(path_SearchProfile + "button_Search")): Object: 'Object Repository/AdminSuiteBootstrap_Pages/VSP_Bootstrap/SearchProfile/button_Search' is clicked on

2022-05-11 19:32:22 - [MESSAGE][PASSED] - Object: 'Object Repository/AdminSuiteBootstrap_Pages/VSP_Bootstrap/SearchProfile/button_Search' is clicked on

2022-05-11 19:32:22 - [TEST_STEP][PASSED] - profNameLink = findTestData(dataFile).getValue("ProfileNameLink", row): null

2022-05-11 19:32:22 - [TEST_STEP][PASSED] - click(findTestObject(path_ViewProfile + profNameLink)): Object: 'Object Repository/AdminSuiteBootstrap_Pages/VSP_Bootstrap/View Profile/a_PaymentsMC' is clicked on

2022-05-11 19:32:23 - [MESSAGE][PASSED] - Object: 'Object Repository/AdminSuiteBootstrap_Pages/VSP_Bootstrap/View Profile/a_PaymentsMC' is clicked on

2022-05-11 19:32:23 - [TEST_STEP][PASSED] - click(findTestObject(path_ViewProfile + "a_AuthCap")): Object: 'Object Repository/AdminSuiteBootstrap_Pages/VSP_Bootstrap/View Profile/a_AuthCap' is clicked on

2022-05-11 19:32:24 - [MESSAGE][PASSED] - Object: 'Object Repository/AdminSuiteBootstrap_Pages/VSP_Bootstrap/View Profile/a_AuthCap' is clicked on

2022-05-11 19:32:24 - [TEST_STEP][PASSED] - verifyTextPresent("Credit Card Authorization Capture", true): Text 'Credit Card Authorization Capture' is present on page  using regular expression

2022-05-11 19:32:25 - [MESSAGE][PASSED] - Text 'Credit Card Authorization Capture' is present on page  using regular expression

2022-05-11 19:32:25 - [TEST_STEP][PASSED] - verifyTextPresent("Sale", true): Text 'Sale' is present on page  using regular expression

2022-05-11 19:32:26 - [MESSAGE][PASSED] - Text 'Sale' is present on page  using regular expression

2022-05-11 19:32:26 - [TEST_STEP][PASSED] - verifyTextPresent("Required fields are highlighted with an asterisk", true): Text 'Required fields are highlighted with an asterisk' is present on page  using regular expression

2022-05-11 19:32:26 - [MESSAGE][PASSED] - Text 'Required fields are highlighted with an asterisk' is present on page  using regular expression

2022-05-11 19:32:26 - [TEST_STEP][PASSED] - verifyTextPresent("Remittance ID", true): Text 'Remittance ID' is present on page  using regular expression

2022-05-11 19:32:26 - [MESSAGE][PASSED] - Text 'Remittance ID' is present on page  using regular expression

2022-05-11 19:32:26 - [TEST_STEP][PASSED] - vspBootstrap.SalePage.setDataSaleAndAuth(row, dataFile): vspBootstrap.SalePage.setDataSaleAndAuth is PASSED

2022-05-11 19:32:28 - [MESSAGE][PASSED] - All options with value 'MOTO' are selected in object 'Object Repository/AdminSuiteBootstrap_Pages/VSP_Bootstrap/VSP_Authcap/select_TransactionCategory'  using regular expression

2022-05-11 19:32:28 - [MESSAGE][PASSED] - Text '123' is set on object 'Object Repository/AdminSuiteBootstrap_Pages/VSP_Bootstrap/VSP_Authcap/input_cvv'

2022-05-11 19:32:29 - [MESSAGE][PASSED] - Text '' is set on object 'Object Repository/AdminSuiteBootstrap_Pages/VSP_Bootstrap/VSP_Authcap/input_smsNumber'

2022-05-11 19:32:30 - [MESSAGE][PASSED] - Text '2.50' is set on object 'Object Repository/AdminSuiteBootstrap_Pages/VSP_Bootstrap/VSP_Authcap/input_amount'

2022-05-11 19:32:31 - [MESSAGE][PASSED] - Text 'Delhi' is set on object 'Object Repository/AdminSuiteBootstrap_Pages/VSP_Bootstrap/VSP_Authcap/input_userDefined1'

2022-05-11 19:32:32 - [MESSAGE][PASSED] - Text 'Chennai' is set on object 'Object Repository/AdminSuiteBootstrap_Pages/VSP_Bootstrap/VSP_Authcap/input_userDefined2'

2022-05-11 19:32:32 - [MESSAGE][PASSED] - Text 'Mumbai' is set on object 'Object Repository/AdminSuiteBootstrap_Pages/VSP_Bootstrap/VSP_Authcap/input_userDefined3'

2022-05-11 19:32:33 - [MESSAGE][PASSED] - Text 'Kanpur' is set on object 'Object Repository/AdminSuiteBootstrap_Pages/VSP_Bootstrap/VSP_Authcap/input_userDefined4'

2022-05-11 19:32:34 - [MESSAGE][PASSED] - All options with label 'Orange' are selected in object 'Object Repository/AdminSuiteBootstrap_Pages/VSP_Bootstrap/VSP_Authcap/select_UDF5'  using regular expression

2022-05-11 19:32:35 - [MESSAGE][PASSED] - All options with label 'Yellow' are selected in object 'Object Repository/AdminSuiteBootstrap_Pages/VSP_Bootstrap/VSP_Authcap/select_UDF6'  using regular expression

2022-05-11 19:32:36 - [MESSAGE][PASSED] - Text 'Kolkata' is set on object 'Object Repository/AdminSuiteBootstrap_Pages/VSP_Bootstrap/VSP_Authcap/input_userDefined7'

2022-05-11 19:32:36 - [MESSAGE][PASSED] - Text 'Pune' is set on object 'Object Repository/AdminSuiteBootstrap_Pages/VSP_Bootstrap/VSP_Authcap/input_userDefined8'

2022-05-11 19:32:37 - [MESSAGE][PASSED] - Text 'Bhavnagar' is set on object 'Object Repository/AdminSuiteBootstrap_Pages/VSP_Bootstrap/VSP_Authcap/input_userDefined9'

2022-05-11 19:32:38 - [MESSAGE][PASSED] - Text 'Noida' is set on object 'Object Repository/AdminSuiteBootstrap_Pages/VSP_Bootstrap/VSP_Authcap/input_userDefined10'

2022-05-11 19:32:40 - [MESSAGE][PASSED] - Object: 'Object Repository/AdminSuiteBootstrap_Pages/VSP_Bootstrap/VSP_Authcap/button_Submit' is clicked on

2022-05-11 19:32:40 - [MESSAGE][PASSED] - vspBootstrap.SalePage.setDataSaleAndAuth is PASSED

2022-05-11 19:32:40 - [TEST_STEP][PASSED] - verifyTextPresent("Transaction Successful", true): Text 'Transaction Successful' is present on page  using regular expression

2022-05-11 19:32:41 - [MESSAGE][PASSED] - Text 'Transaction Successful' is present on page  using regular expression

2022-05-11 19:32:41 - [TEST_STEP][PASSED] - verifyElementVisible(findTestObject("Object Repository/AdminSuiteBootstrap_Pages/VT_Bootstrap/Receipt/button_Continue")): Object 'Object Repository/AdminSuiteBootstrap_Pages/VT_Bootstrap/Receipt/button_Continue' is visible

2022-05-11 19:32:41 - [MESSAGE][PASSED] - Object 'Object Repository/AdminSuiteBootstrap_Pages/VT_Bootstrap/Receipt/button_Continue' is visible

2022-05-11 19:32:41 - [TEST_STEP][PASSED] - verifyElementPresent(findTestObject("Object Repository/AdminSuiteBootstrap_Pages/VT_Bootstrap/Receipt/button_Continue"), 20): Object 'Object Repository/AdminSuiteBootstrap_Pages/VT_Bootstrap/Receipt/button_Continue' is present

2022-05-11 19:32:41 - [MESSAGE][PASSED] - Object 'Object Repository/AdminSuiteBootstrap_Pages/VT_Bootstrap/Receipt/button_Continue' is present

2022-05-11 19:32:41 - [TEST_STEP][PASSED] - verifyElementVisible(findTestObject("Object Repository/AdminSuiteBootstrap_Pages/VT_Bootstrap/Receipt/button_Print")): Object 'Object Repository/AdminSuiteBootstrap_Pages/VT_Bootstrap/Receipt/button_Print' is visible

2022-05-11 19:32:42 - [MESSAGE][PASSED] - Object 'Object Repository/AdminSuiteBootstrap_Pages/VT_Bootstrap/Receipt/button_Print' is visible

2022-05-11 19:32:42 - [TEST_STEP][PASSED] - verifyElementPresent(findTestObject("Object Repository/AdminSuiteBootstrap_Pages/VT_Bootstrap/Receipt/button_Print"), 20): Object 'Object Repository/AdminSuiteBootstrap_Pages/VT_Bootstrap/Receipt/button_Print' is present

2022-05-11 19:32:42 - [MESSAGE][PASSED] - Object 'Object Repository/AdminSuiteBootstrap_Pages/VT_Bootstrap/Receipt/button_Print' is present

2022-05-11 19:32:42 - [TEST_STEP][PASSED] - verifyTextPresent("Remittance ID", true): Text 'Remittance ID' is present on page  using regular expression

2022-05-11 19:32:42 - [MESSAGE][PASSED] - Text 'Remittance ID' is present on page  using regular expression

2022-05-11 19:32:42 - [TEST_STEP][PASSED] - verifyTextPresent("Received", true): Text 'Received' is present on page  using regular expression

2022-05-11 19:32:43 - [MESSAGE][PASSED] - Text 'Received' is present on page  using regular expression

2022-05-11 19:32:43 - [TEST_STEP][PASSED] - verifyTextPresent("UDF1", true): Text 'UDF1' is present on page  using regular expression

2022-05-11 19:32:43 - [MESSAGE][PASSED] - Text 'UDF1' is present on page  using regular expression

2022-05-11 19:32:43 - [TEST_STEP][PASSED] - verifyTextPresent("UDF2", true): Text 'UDF2' is present on page  using regular expression

2022-05-11 19:32:43 - [MESSAGE][PASSED] - Text 'UDF2' is present on page  using regular expression

2022-05-11 19:32:43 - [TEST_STEP][PASSED] - verifyTextPresent("UDF3", true): Text 'UDF3' is present on page  using regular expression

2022-05-11 19:32:44 - [MESSAGE][PASSED] - Text 'UDF3' is present on page  using regular expression

2022-05-11 19:32:44 - [TEST_STEP][PASSED] - verifyTextPresent("UDF4", true): Text 'UDF4' is present on page  using regular expression

2022-05-11 19:32:44 - [MESSAGE][PASSED] - Text 'UDF4' is present on page  using regular expression

2022-05-11 19:32:44 - [TEST_STEP][PASSED] - verifyTextPresent("UDF5", true): Text 'UDF5' is present on page  using regular expression

2022-05-11 19:32:44 - [MESSAGE][PASSED] - Text 'UDF5' is present on page  using regular expression

2022-05-11 19:32:44 - [TEST_STEP][PASSED] - verifyTextPresent("UDF6", true): Text 'UDF6' is present on page  using regular expression

2022-05-11 19:32:45 - [MESSAGE][PASSED] - Text 'UDF6' is present on page  using regular expression

2022-05-11 19:32:45 - [TEST_STEP][PASSED] - verifyTextPresent("UDF7", true): Text 'UDF7' is present on page  using regular expression

2022-05-11 19:32:45 - [MESSAGE][PASSED] - Text 'UDF7' is present on page  using regular expression

2022-05-11 19:32:45 - [TEST_STEP][PASSED] - verifyTextPresent("UDF8", true): Text 'UDF8' is present on page  using regular expression

2022-05-11 19:32:45 - [MESSAGE][PASSED] - Text 'UDF8' is present on page  using regular expression

2022-05-11 19:32:45 - [TEST_STEP][PASSED] - verifyTextPresent("UDF9", true): Text 'UDF9' is present on page  using regular expression

2022-05-11 19:32:46 - [MESSAGE][PASSED] - Text 'UDF9' is present on page  using regular expression

2022-05-11 19:32:46 - [TEST_STEP][PASSED] - verifyTextPresent("UDF 10", true): Text 'UDF 10' is present on page  using regular expression

2022-05-11 19:32:46 - [MESSAGE][PASSED] - Text 'UDF 10' is present on page  using regular expression

2022-05-11 19:32:46 - [TEST_STEP][PASSED] - verifyTextPresent("Delhi", true): Text 'Delhi' is present on page  using regular expression

2022-05-11 19:32:46 - [MESSAGE][PASSED] - Text 'Delhi' is present on page  using regular expression

2022-05-11 19:32:46 - [TEST_STEP][PASSED] - verifyTextPresent("Chennai", true): Text 'Chennai' is present on page  using regular expression

2022-05-11 19:32:47 - [MESSAGE][PASSED] - Text 'Chennai' is present on page  using regular expression

2022-05-11 19:32:47 - [TEST_STEP][PASSED] - verifyTextPresent("Mumbai", true): Text 'Mumbai' is present on page  using regular expression

2022-05-11 19:32:47 - [MESSAGE][PASSED] - Text 'Mumbai' is present on page  using regular expression

2022-05-11 19:32:47 - [TEST_STEP][PASSED] - verifyTextPresent("Kanpur", true): Text 'Kanpur' is present on page  using regular expression

2022-05-11 19:32:47 - [MESSAGE][PASSED] - Text 'Kanpur' is present on page  using regular expression

2022-05-11 19:32:47 - [TEST_STEP][PASSED] - verifyTextPresent("Orange Recorded", true): Text 'Orange Recorded' is present on page  using regular expression

2022-05-11 19:32:48 - [MESSAGE][PASSED] - Text 'Orange Recorded' is present on page  using regular expression

2022-05-11 19:32:48 - [TEST_STEP][PASSED] - verifyTextPresent("Yellow Recorded", true): Text 'Yellow Recorded' is present on page  using regular expression

2022-05-11 19:32:48 - [MESSAGE][PASSED] - Text 'Yellow Recorded' is present on page  using regular expression

2022-05-11 19:32:48 - [TEST_STEP][PASSED] - verifyTextPresent("Kolkata", true): Text 'Kolkata' is present on page  using regular expression

2022-05-11 19:32:48 - [MESSAGE][PASSED] - Text 'Kolkata' is present on page  using regular expression

2022-05-11 19:32:48 - [TEST_STEP][PASSED] - verifyTextPresent("Pune", true): Text 'Pune' is present on page  using regular expression

2022-05-11 19:32:49 - [MESSAGE][PASSED] - Text 'Pune' is present on page  using regular expression

2022-05-11 19:32:49 - [TEST_STEP][PASSED] - verifyTextPresent("Bhavnagar", true): Text 'Bhavnagar' is present on page  using regular expression

2022-05-11 19:32:49 - [MESSAGE][PASSED] - Text 'Bhavnagar' is present on page  using regular expression

2022-05-11 19:32:49 - [TEST_STEP][PASSED] - verifyTextPresent("Noida", true): Text 'Noida' is present on page  using regular expression

2022-05-11 19:32:49 - [MESSAGE][PASSED] - Text 'Noida' is present on page  using regular expression

2022-05-11 19:32:49 - [TEST_STEP][PASSED] - verifyTextPresent("Amount", true): Text 'Amount' is present on page  using regular expression

2022-05-11 19:32:50 - [MESSAGE][PASSED] - Text 'Amount' is present on page  using regular expression

2022-05-11 19:32:50 - [TEST_STEP][PASSED] - verifyTextPresent("2.50", true): Text '2.50' is present on page  using regular expression

2022-05-11 19:32:50 - [MESSAGE][PASSED] - Text '2.50' is present on page  using regular expression

2022-05-11 19:32:50 - [TEST_STEP][PASSED] - verifyTextPresent("Authorization and Capture", true): Text 'Authorization and Capture' is present on page  using regular expression

2022-05-11 19:32:50 - [MESSAGE][PASSED] - Text 'Authorization and Capture' is present on page  using regular expression

2022-05-11 19:32:50 - [TEST_STEP][PASSED] - verifyTextPresent("Card Information", true): Text 'Card Information' is present on page  using regular expression

2022-05-11 19:32:51 - [MESSAGE][PASSED] - Text 'Card Information' is present on page  using regular expression

2022-05-11 19:32:51 - [TEST_STEP][PASSED] - verifyTextPresent("TANDON RAVENA", true): Text 'TANDON RAVENA' is present on page  using regular expression

2022-05-11 19:32:51 - [MESSAGE][PASSED] - Text 'TANDON RAVENA' is present on page  using regular expression

2022-05-11 19:32:51 - [TEST_STEP][PASSED] - verifyTextPresent("Address Line 1", true): Text 'Address Line 1' is present on page  using regular expression

2022-05-11 19:32:51 - [MESSAGE][PASSED] - Text 'Address Line 1' is present on page  using regular expression

2022-05-11 19:32:51 - [TEST_STEP][PASSED] - verifyTextPresent("Address Line 2", true): Text 'Address Line 2' is present on page  using regular expression

2022-05-11 19:32:52 - [MESSAGE][PASSED] - Text 'Address Line 2' is present on page  using regular expression

2022-05-11 19:32:52 - [TEST_STEP][PASSED] - verifyTextPresent("Country", true): Text 'Country' is present on page  using regular expression

2022-05-11 19:32:52 - [MESSAGE][PASSED] - Text 'Country' is present on page  using regular expression

2022-05-11 19:32:52 - [TEST_STEP][PASSED] - verifyTextPresent("City", true): Text 'City' is present on page  using regular expression

2022-05-11 19:32:52 - [MESSAGE][PASSED] - Text 'City' is present on page  using regular expression

2022-05-11 19:32:52 - [TEST_STEP][PASSED] - verifyTextPresent("State", true): Text 'State' is present on page  using regular expression

2022-05-11 19:32:53 - [MESSAGE][PASSED] - Text 'State' is present on page  using regular expression

2022-05-11 19:32:53 - [TEST_STEP][PASSED] - verifyTextPresent("ZIP Code", true): Text 'ZIP Code' is present on page  using regular expression

2022-05-11 19:32:53 - [MESSAGE][PASSED] - Text 'ZIP Code' is present on page  using regular expression

2022-05-11 19:32:53 - [TEST_STEP][PASSED] - verifyTextPresent("248 PhoolKaante road", true): Text '248 PhoolKaante road' is present on page  using regular expression

2022-05-11 19:32:53 - [MESSAGE][PASSED] - Text '248 PhoolKaante road' is present on page  using regular expression

2022-05-11 19:32:53 - [TEST_STEP][PASSED] - verifyTextPresent("Suite 678", true): Text 'Suite 678' is present on page  using regular expression

2022-05-11 19:32:54 - [MESSAGE][PASSED] - Text 'Suite 678' is present on page  using regular expression

2022-05-11 19:32:54 - [TEST_STEP][PASSED] - verifyTextPresent("United States", true): Text 'United States' is present on page  using regular expression

2022-05-11 19:32:54 - [MESSAGE][PASSED] - Text 'United States' is present on page  using regular expression

2022-05-11 19:32:54 - [TEST_STEP][PASSED] - verifyTextPresent("ARLINGTON", true): Text 'ARLINGTON' is present on page  using regular expression

2022-05-11 19:32:54 - [MESSAGE][PASSED] - Text 'ARLINGTON' is present on page  using regular expression

2022-05-11 19:32:54 - [TEST_STEP][PASSED] - verifyTextPresent("VA", true): Text 'VA' is present on page  using regular expression

2022-05-11 19:32:55 - [MESSAGE][PASSED] - Text 'VA' is present on page  using regular expression

2022-05-11 19:32:55 - [TEST_STEP][PASSED] - verifyTextPresent("22201", true): Text '22201' is present on page  using regular expression

2022-05-11 19:32:55 - [MESSAGE][PASSED] - Text '22201' is present on page  using regular expression

2022-05-11 19:32:55 - [TEST_STEP][PASSED] - cardTypeV = findTestData(dataFile).getValue("CardType", row): null

2022-05-11 19:32:55 - [TEST_STEP][PASSED] - last4V = findTestData(dataFile).getValue("Last4", row): null

2022-05-11 19:32:55 - [TEST_STEP][PASSED] - verifyTextPresent(cardTypeV, true): Text 'MasterCard' is present on page  using regular expression

2022-05-11 19:32:55 - [MESSAGE][PASSED] - Text 'MasterCard' is present on page  using regular expression

2022-05-11 19:32:55 - [TEST_STEP][PASSED] - verifyTextPresent(last4V, true): Text '0035' is present on page  using regular expression

2022-05-11 19:32:56 - [MESSAGE][PASSED] - Text '0035' is present on page  using regular expression

2022-05-11 19:32:56 - [TEST_STEP][PASSED] - switch (appName): null

2022-05-11 19:32:56 - [TEST_STEP][PASSED] - case "a_Access AutoSingleCFtpQA":: null

2022-05-11 19:32:56 - [TEST_STEP][PASSED] - verifyTextPresent("5.00", true): Text '5.00' is present on page  using regular expression

2022-05-11 19:32:56 - [MESSAGE][PASSED] - Text '5.00' is present on page  using regular expression

2022-05-11 19:32:56 - [TEST_STEP][PASSED] - verifyTextPresent("Single Transaction", true): Text 'Single Transaction' is present on page  using regular expression

2022-05-11 19:32:56 - [MESSAGE][PASSED] - Text 'Single Transaction' is present on page  using regular expression

2022-05-11 19:32:56 - [TEST_STEP][PASSED] - verifyTextPresent("7.50", true): Text '7.50' is present on page  using regular expression

2022-05-11 19:32:57 - [MESSAGE][PASSED] - Text '7.50' is present on page  using regular expression

2022-05-11 19:32:57 - [TEST_STEP][PASSED] - verifyTextPresent("Total Amount", true): Text 'Total Amount' is present on page  using regular expression

2022-05-11 19:32:57 - [MESSAGE][PASSED] - Text 'Total Amount' is present on page  using regular expression

2022-05-11 19:32:57 - [TEST_STEP][PASSED] - verifyTextPresent("Transaction Type", true): Text 'Transaction Type' is present on page  using regular expression

2022-05-11 19:32:57 - [MESSAGE][PASSED] - Text 'Transaction Type' is present on page  using regular expression

2022-05-11 19:32:57 - [TEST_STEP][PASSED] - break: null

2022-05-11 19:32:57 - [TEST_STEP][PASSED] - closeBrowser(): Browser is closed

2022-05-11 19:32:58 - [MESSAGE][PASSED] - Browser is closed

2022-05-11 19:32:58 - [TEST_STEP][PASSED] - ExecuteTC = findTestData(dataFile).getValue("Execute", row): null

2022-05-11 19:32:58 - [TEST_STEP][PASSED] - out.println("Value of Execute is : " + ExecuteTC): null

2022-05-11 19:32:58 - [TEST_STEP][PASSED] - switch (executionProfile): null

2022-05-11 19:32:58 - [TEST_STEP][PASSED] - case "QAProfile":: null

2022-05-11 19:32:58 - [TEST_STEP][PASSED] - appName = findTestData(dataFile).getValue("AppNameQA", row): null

2022-05-11 19:32:58 - [TEST_STEP][PASSED] - appID = findTestData(dataFile).getValue("AppIDQA", row): null

2022-05-11 19:32:58 - [TEST_STEP][PASSED] - break: null

2022-05-11 19:32:58 - [TEST_STEP][PASSED] - if (ExecuteTC.equalsIgnoreCase("Y")): null

2022-05-11 19:32:58 - [TEST_STEP][PASSED] - out.println("Begin Record Number: " + row): null

2022-05-11 19:32:58 - [TEST_STEP][PASSED] - today = new java.util.Date(): null

2022-05-11 19:32:58 - [TEST_STEP][PASSED] - println(today): null

2022-05-11 19:32:58 - [TEST_STEP][PASSED] - datText = today: null

2022-05-11 19:32:58 - [TEST_STEP][PASSED] - adminSuiteBootstrap.loginFunctionality.login_AdminSuite(): adminSuiteBootstrap.loginFunctionality.login_AdminSuite is PASSED

2022-05-11 19:32:58 - [MESSAGE][INFO] - Starting 'Chrome' driver

2022-05-11 19:32:58 - [MESSAGE][INFO] - User set preference: ['acceptInsecureCerts', 'true']

2022-05-11 19:32:58 - [MESSAGE][INFO] - Action delay is set to 0 milliseconds

2022-05-11 19:33:01 - [MESSAGE][PASSED] - Browser is opened with url: 'https://qa.velocitypayment.com/admin/imtiaz'

2022-05-11 19:33:01 - [MESSAGE][PASSED] - Current window maximized

2022-05-11 19:33:01 - [MESSAGE][PASSED] - Object 'Object Repository/Login_Page/Login_Username' is present

2022-05-11 19:33:02 - [MESSAGE][PASSED] - Text 'iahmed' is set on object 'Object Repository/Login_Page/Login_Username'

2022-05-11 19:33:03 - [MESSAGE][PASSED] - Text 'hello2222' is set on object 'Object Repository/Login_Page/Login_Password'

2022-05-11 19:33:06 - [MESSAGE][PASSED] - Object: 'Object Repository/Login_Page/Login_Submit' is clicked on

2022-05-11 19:33:06 - [MESSAGE][PASSED] - adminSuiteBootstrap.loginFunctionality.login_AdminSuite is PASSED

2022-05-11 19:33:06 - [TEST_STEP][PASSED] - click(findTestObject(path_Dashboard + appName)): Object: 'Object Repository/AdminSuiteBootstrap_Pages/Dashboard_Bootstrap/a_Access AutoSingleCFtpQA' is clicked on

2022-05-11 19:33:07 - [MESSAGE][PASSED] - Object: 'Object Repository/AdminSuiteBootstrap_Pages/Dashboard_Bootstrap/a_Access AutoSingleCFtpQA' is clicked on

2022-05-11 19:33:07 - [TEST_STEP][PASSED] - click(findTestObject(path_VT + "a_Find Profile")): Object: 'Object Repository/AdminSuiteBootstrap_Pages/VT_Bootstrap/IssueTransactions/a_Find Profile' is clicked on

2022-05-11 19:33:07 - [MESSAGE][PASSED] - Object: 'Object Repository/AdminSuiteBootstrap_Pages/VT_Bootstrap/IssueTransactions/a_Find Profile' is clicked on

2022-05-11 19:33:07 - [TEST_STEP][PASSED] - criteria = <not implemented yet for class: org.codehaus.groovy.ast.expr.EmptyExpression>: null

2022-05-11 19:33:07 - [TEST_STEP][PASSED] - searchBy = <not implemented yet for class: org.codehaus.groovy.ast.expr.EmptyExpression>: null

2022-05-11 19:33:07 - [TEST_STEP][PASSED] - criteria = findTestData(dataFile).getValue("ProfileName", row): null

2022-05-11 19:33:07 - [TEST_STEP][PASSED] - path_SearchProfile = "Object Repository/AdminSuiteBootstrap_Pages/VSP_Bootstrap/SearchProfile/": null

2022-05-11 19:33:07 - [TEST_STEP][PASSED] - setText(findTestObject(path_SearchProfile + "input_Criteria"), criteria): Text 'PaymentsAmEx' is set on object 'Object Repository/AdminSuiteBootstrap_Pages/VSP_Bootstrap/SearchProfile/input_Criteria'

2022-05-11 19:33:08 - [MESSAGE][PASSED] - Text 'PaymentsAmEx' is set on object 'Object Repository/AdminSuiteBootstrap_Pages/VSP_Bootstrap/SearchProfile/input_Criteria'

2022-05-11 19:33:08 - [TEST_STEP][PASSED] - click(findTestObject(path_SearchProfile + "button_Search")): Object: 'Object Repository/AdminSuiteBootstrap_Pages/VSP_Bootstrap/SearchProfile/button_Search' is clicked on

2022-05-11 19:33:09 - [MESSAGE][PASSED] - Object: 'Object Repository/AdminSuiteBootstrap_Pages/VSP_Bootstrap/SearchProfile/button_Search' is clicked on

2022-05-11 19:33:09 - [TEST_STEP][PASSED] - profNameLink = findTestData(dataFile).getValue("ProfileNameLink", row): null

2022-05-11 19:33:09 - [TEST_STEP][PASSED] - click(findTestObject(path_ViewProfile + profNameLink)): Object: 'Object Repository/AdminSuiteBootstrap_Pages/VSP_Bootstrap/View Profile/a_PaymentsAmEx' is clicked on

2022-05-11 19:33:10 - [MESSAGE][PASSED] - Object: 'Object Repository/AdminSuiteBootstrap_Pages/VSP_Bootstrap/View Profile/a_PaymentsAmEx' is clicked on

2022-05-11 19:33:10 - [TEST_STEP][PASSED] - click(findTestObject(path_ViewProfile + "a_AuthCap")): Object: 'Object Repository/AdminSuiteBootstrap_Pages/VSP_Bootstrap/View Profile/a_AuthCap' is clicked on

2022-05-11 19:33:11 - [MESSAGE][PASSED] - Object: 'Object Repository/AdminSuiteBootstrap_Pages/VSP_Bootstrap/View Profile/a_AuthCap' is clicked on

2022-05-11 19:33:11 - [TEST_STEP][PASSED] - verifyTextPresent("Credit Card Authorization Capture", true): Text 'Credit Card Authorization Capture' is present on page  using regular expression

2022-05-11 19:33:12 - [MESSAGE][PASSED] - Text 'Credit Card Authorization Capture' is present on page  using regular expression

2022-05-11 19:33:12 - [TEST_STEP][PASSED] - verifyTextPresent("Sale", true): Text 'Sale' is present on page  using regular expression

2022-05-11 19:33:13 - [MESSAGE][PASSED] - Text 'Sale' is present on page  using regular expression

2022-05-11 19:33:13 - [TEST_STEP][PASSED] - verifyTextPresent("Required fields are highlighted with an asterisk", true): Text 'Required fields are highlighted with an asterisk' is present on page  using regular expression

2022-05-11 19:33:13 - [MESSAGE][PASSED] - Text 'Required fields are highlighted with an asterisk' is present on page  using regular expression

2022-05-11 19:33:13 - [TEST_STEP][PASSED] - verifyTextPresent("Remittance ID", true): Text 'Remittance ID' is present on page  using regular expression

2022-05-11 19:33:13 - [MESSAGE][PASSED] - Text 'Remittance ID' is present on page  using regular expression

2022-05-11 19:33:13 - [TEST_STEP][PASSED] - vspBootstrap.SalePage.setDataSaleAndAuth(row, dataFile): vspBootstrap.SalePage.setDataSaleAndAuth is PASSED

2022-05-11 19:33:15 - [MESSAGE][PASSED] - All options with value 'MOTO' are selected in object 'Object Repository/AdminSuiteBootstrap_Pages/VSP_Bootstrap/VSP_Authcap/select_TransactionCategory'  using regular expression

2022-05-11 19:33:15 - [MESSAGE][PASSED] - Text '1234' is set on object 'Object Repository/AdminSuiteBootstrap_Pages/VSP_Bootstrap/VSP_Authcap/input_cvv'

2022-05-11 19:33:16 - [MESSAGE][PASSED] - Text '' is set on object 'Object Repository/AdminSuiteBootstrap_Pages/VSP_Bootstrap/VSP_Authcap/input_smsNumber'

2022-05-11 19:33:17 - [MESSAGE][PASSED] - Text '2.50' is set on object 'Object Repository/AdminSuiteBootstrap_Pages/VSP_Bootstrap/VSP_Authcap/input_amount'

2022-05-11 19:33:18 - [MESSAGE][PASSED] - Text 'Delhi' is set on object 'Object Repository/AdminSuiteBootstrap_Pages/VSP_Bootstrap/VSP_Authcap/input_userDefined1'

2022-05-11 19:33:19 - [MESSAGE][PASSED] - Text 'Chennai' is set on object 'Object Repository/AdminSuiteBootstrap_Pages/VSP_Bootstrap/VSP_Authcap/input_userDefined2'

2022-05-11 19:33:19 - [MESSAGE][PASSED] - Text 'Mumbai' is set on object 'Object Repository/AdminSuiteBootstrap_Pages/VSP_Bootstrap/VSP_Authcap/input_userDefined3'

2022-05-11 19:33:20 - [MESSAGE][PASSED] - Text 'Kanpur' is set on object 'Object Repository/AdminSuiteBootstrap_Pages/VSP_Bootstrap/VSP_Authcap/input_userDefined4'

2022-05-11 19:33:21 - [MESSAGE][PASSED] - All options with label 'Orange' are selected in object 'Object Repository/AdminSuiteBootstrap_Pages/VSP_Bootstrap/VSP_Authcap/select_UDF5'  using regular expression

2022-05-11 19:33:22 - [MESSAGE][PASSED] - All options with label 'Yellow' are selected in object 'Object Repository/AdminSuiteBootstrap_Pages/VSP_Bootstrap/VSP_Authcap/select_UDF6'  using regular expression

2022-05-11 19:33:23 - [MESSAGE][PASSED] - Text 'Kolkata' is set on object 'Object Repository/AdminSuiteBootstrap_Pages/VSP_Bootstrap/VSP_Authcap/input_userDefined7'

2022-05-11 19:33:23 - [MESSAGE][PASSED] - Text 'Pune' is set on object 'Object Repository/AdminSuiteBootstrap_Pages/VSP_Bootstrap/VSP_Authcap/input_userDefined8'

2022-05-11 19:33:24 - [MESSAGE][PASSED] - Text 'Bhavnagar' is set on object 'Object Repository/AdminSuiteBootstrap_Pages/VSP_Bootstrap/VSP_Authcap/input_userDefined9'

2022-05-11 19:33:25 - [MESSAGE][PASSED] - Text 'Noida' is set on object 'Object Repository/AdminSuiteBootstrap_Pages/VSP_Bootstrap/VSP_Authcap/input_userDefined10'

2022-05-11 19:33:27 - [MESSAGE][PASSED] - Object: 'Object Repository/AdminSuiteBootstrap_Pages/VSP_Bootstrap/VSP_Authcap/button_Submit' is clicked on

2022-05-11 19:33:27 - [MESSAGE][PASSED] - vspBootstrap.SalePage.setDataSaleAndAuth is PASSED

2022-05-11 19:33:27 - [TEST_STEP][PASSED] - verifyTextPresent("Transaction Successful", true): Text 'Transaction Successful' is present on page  using regular expression

2022-05-11 19:33:27 - [MESSAGE][PASSED] - Text 'Transaction Successful' is present on page  using regular expression

2022-05-11 19:33:27 - [TEST_STEP][PASSED] - verifyElementVisible(findTestObject("Object Repository/AdminSuiteBootstrap_Pages/VT_Bootstrap/Receipt/button_Continue")): Object 'Object Repository/AdminSuiteBootstrap_Pages/VT_Bootstrap/Receipt/button_Continue' is visible

2022-05-11 19:33:28 - [MESSAGE][PASSED] - Object 'Object Repository/AdminSuiteBootstrap_Pages/VT_Bootstrap/Receipt/button_Continue' is visible

2022-05-11 19:33:28 - [TEST_STEP][PASSED] - verifyElementPresent(findTestObject("Object Repository/AdminSuiteBootstrap_Pages/VT_Bootstrap/Receipt/button_Continue"), 20): Object 'Object Repository/AdminSuiteBootstrap_Pages/VT_Bootstrap/Receipt/button_Continue' is present

2022-05-11 19:33:28 - [MESSAGE][PASSED] - Object 'Object Repository/AdminSuiteBootstrap_Pages/VT_Bootstrap/Receipt/button_Continue' is present

2022-05-11 19:33:28 - [TEST_STEP][PASSED] - verifyElementVisible(findTestObject("Object Repository/AdminSuiteBootstrap_Pages/VT_Bootstrap/Receipt/button_Print")): Object 'Object Repository/AdminSuiteBootstrap_Pages/VT_Bootstrap/Receipt/button_Print' is visible

2022-05-11 19:33:28 - [MESSAGE][PASSED] - Object 'Object Repository/AdminSuiteBootstrap_Pages/VT_Bootstrap/Receipt/button_Print' is visible

2022-05-11 19:33:28 - [TEST_STEP][PASSED] - verifyElementPresent(findTestObject("Object Repository/AdminSuiteBootstrap_Pages/VT_Bootstrap/Receipt/button_Print"), 20): Object 'Object Repository/AdminSuiteBootstrap_Pages/VT_Bootstrap/Receipt/button_Print' is present

2022-05-11 19:33:29 - [MESSAGE][PASSED] - Object 'Object Repository/AdminSuiteBootstrap_Pages/VT_Bootstrap/Receipt/button_Print' is present

2022-05-11 19:33:29 - [TEST_STEP][PASSED] - verifyTextPresent("Remittance ID", true): Text 'Remittance ID' is present on page  using regular expression

2022-05-11 19:33:29 - [MESSAGE][PASSED] - Text 'Remittance ID' is present on page  using regular expression

2022-05-11 19:33:29 - [TEST_STEP][PASSED] - verifyTextPresent("Received", true): Text 'Received' is present on page  using regular expression

2022-05-11 19:33:29 - [MESSAGE][PASSED] - Text 'Received' is present on page  using regular expression

2022-05-11 19:33:29 - [TEST_STEP][PASSED] - verifyTextPresent("UDF1", true): Text 'UDF1' is present on page  using regular expression

2022-05-11 19:33:30 - [MESSAGE][PASSED] - Text 'UDF1' is present on page  using regular expression

2022-05-11 19:33:30 - [TEST_STEP][PASSED] - verifyTextPresent("UDF2", true): Text 'UDF2' is present on page  using regular expression

2022-05-11 19:33:30 - [MESSAGE][PASSED] - Text 'UDF2' is present on page  using regular expression

2022-05-11 19:33:30 - [TEST_STEP][PASSED] - verifyTextPresent("UDF3", true): Text 'UDF3' is present on page  using regular expression

2022-05-11 19:33:30 - [MESSAGE][PASSED] - Text 'UDF3' is present on page  using regular expression

2022-05-11 19:33:30 - [TEST_STEP][PASSED] - verifyTextPresent("UDF4", true): Text 'UDF4' is present on page  using regular expression

2022-05-11 19:33:31 - [MESSAGE][PASSED] - Text 'UDF4' is present on page  using regular expression

2022-05-11 19:33:31 - [TEST_STEP][PASSED] - verifyTextPresent("UDF5", true): Text 'UDF5' is present on page  using regular expression

2022-05-11 19:33:31 - [MESSAGE][PASSED] - Text 'UDF5' is present on page  using regular expression

2022-05-11 19:33:31 - [TEST_STEP][PASSED] - verifyTextPresent("UDF6", true): Text 'UDF6' is present on page  using regular expression

2022-05-11 19:33:31 - [MESSAGE][PASSED] - Text 'UDF6' is present on page  using regular expression

2022-05-11 19:33:31 - [TEST_STEP][PASSED] - verifyTextPresent("UDF7", true): Text 'UDF7' is present on page  using regular expression

2022-05-11 19:33:32 - [MESSAGE][PASSED] - Text 'UDF7' is present on page  using regular expression

2022-05-11 19:33:32 - [TEST_STEP][PASSED] - verifyTextPresent("UDF8", true): Text 'UDF8' is present on page  using regular expression

2022-05-11 19:33:32 - [MESSAGE][PASSED] - Text 'UDF8' is present on page  using regular expression

2022-05-11 19:33:32 - [TEST_STEP][PASSED] - verifyTextPresent("UDF9", true): Text 'UDF9' is present on page  using regular expression

2022-05-11 19:33:32 - [MESSAGE][PASSED] - Text 'UDF9' is present on page  using regular expression

2022-05-11 19:33:32 - [TEST_STEP][PASSED] - verifyTextPresent("UDF 10", true): Text 'UDF 10' is present on page  using regular expression

2022-05-11 19:33:33 - [MESSAGE][PASSED] - Text 'UDF 10' is present on page  using regular expression

2022-05-11 19:33:33 - [TEST_STEP][PASSED] - verifyTextPresent("Delhi", true): Text 'Delhi' is present on page  using regular expression

2022-05-11 19:33:33 - [MESSAGE][PASSED] - Text 'Delhi' is present on page  using regular expression

2022-05-11 19:33:33 - [TEST_STEP][PASSED] - verifyTextPresent("Chennai", true): Text 'Chennai' is present on page  using regular expression

2022-05-11 19:33:33 - [MESSAGE][PASSED] - Text 'Chennai' is present on page  using regular expression

2022-05-11 19:33:33 - [TEST_STEP][PASSED] - verifyTextPresent("Mumbai", true): Text 'Mumbai' is present on page  using regular expression

2022-05-11 19:33:34 - [MESSAGE][PASSED] - Text 'Mumbai' is present on page  using regular expression

2022-05-11 19:33:34 - [TEST_STEP][PASSED] - verifyTextPresent("Kanpur", true): Text 'Kanpur' is present on page  using regular expression

2022-05-11 19:33:34 - [MESSAGE][PASSED] - Text 'Kanpur' is present on page  using regular expression

2022-05-11 19:33:34 - [TEST_STEP][PASSED] - verifyTextPresent("Orange Recorded", true): Text 'Orange Recorded' is present on page  using regular expression

2022-05-11 19:33:34 - [MESSAGE][PASSED] - Text 'Orange Recorded' is present on page  using regular expression

2022-05-11 19:33:34 - [TEST_STEP][PASSED] - verifyTextPresent("Yellow Recorded", true): Text 'Yellow Recorded' is present on page  using regular expression

2022-05-11 19:33:35 - [MESSAGE][PASSED] - Text 'Yellow Recorded' is present on page  using regular expression

2022-05-11 19:33:35 - [TEST_STEP][PASSED] - verifyTextPresent("Kolkata", true): Text 'Kolkata' is present on page  using regular expression

2022-05-11 19:33:35 - [MESSAGE][PASSED] - Text 'Kolkata' is present on page  using regular expression

2022-05-11 19:33:35 - [TEST_STEP][PASSED] - verifyTextPresent("Pune", true): Text 'Pune' is present on page  using regular expression

2022-05-11 19:33:35 - [MESSAGE][PASSED] - Text 'Pune' is present on page  using regular expression

2022-05-11 19:33:35 - [TEST_STEP][PASSED] - verifyTextPresent("Bhavnagar", true): Text 'Bhavnagar' is present on page  using regular expression

2022-05-11 19:33:36 - [MESSAGE][PASSED] - Text 'Bhavnagar' is present on page  using regular expression

2022-05-11 19:33:36 - [TEST_STEP][PASSED] - verifyTextPresent("Noida", true): Text 'Noida' is present on page  using regular expression

2022-05-11 19:33:36 - [MESSAGE][PASSED] - Text 'Noida' is present on page  using regular expression

2022-05-11 19:33:36 - [TEST_STEP][PASSED] - verifyTextPresent("Amount", true): Text 'Amount' is present on page  using regular expression

2022-05-11 19:33:36 - [MESSAGE][PASSED] - Text 'Amount' is present on page  using regular expression

2022-05-11 19:33:36 - [TEST_STEP][PASSED] - verifyTextPresent("2.50", true): Text '2.50' is present on page  using regular expression

2022-05-11 19:33:36 - [MESSAGE][PASSED] - Text '2.50' is present on page  using regular expression

2022-05-11 19:33:36 - [TEST_STEP][PASSED] - verifyTextPresent("Authorization and Capture", true): Text 'Authorization and Capture' is present on page  using regular expression

2022-05-11 19:33:37 - [MESSAGE][PASSED] - Text 'Authorization and Capture' is present on page  using regular expression

2022-05-11 19:33:37 - [TEST_STEP][PASSED] - verifyTextPresent("Card Information", true): Text 'Card Information' is present on page  using regular expression

2022-05-11 19:33:37 - [MESSAGE][PASSED] - Text 'Card Information' is present on page  using regular expression

2022-05-11 19:33:37 - [TEST_STEP][PASSED] - verifyTextPresent("TANDON RAVENA", true): Text 'TANDON RAVENA' is present on page  using regular expression

2022-05-11 19:33:37 - [MESSAGE][PASSED] - Text 'TANDON RAVENA' is present on page  using regular expression

2022-05-11 19:33:37 - [TEST_STEP][PASSED] - verifyTextPresent("Address Line 1", true): Text 'Address Line 1' is present on page  using regular expression

2022-05-11 19:33:38 - [MESSAGE][PASSED] - Text 'Address Line 1' is present on page  using regular expression

2022-05-11 19:33:38 - [TEST_STEP][PASSED] - verifyTextPresent("Address Line 2", true): Text 'Address Line 2' is present on page  using regular expression

2022-05-11 19:33:38 - [MESSAGE][PASSED] - Text 'Address Line 2' is present on page  using regular expression

2022-05-11 19:33:38 - [TEST_STEP][PASSED] - verifyTextPresent("Country", true): Text 'Country' is present on page  using regular expression

2022-05-11 19:33:38 - [MESSAGE][PASSED] - Text 'Country' is present on page  using regular expression

2022-05-11 19:33:38 - [TEST_STEP][PASSED] - verifyTextPresent("City", true): Text 'City' is present on page  using regular expression

2022-05-11 19:33:39 - [MESSAGE][PASSED] - Text 'City' is present on page  using regular expression

2022-05-11 19:33:39 - [TEST_STEP][PASSED] - verifyTextPresent("State", true): Text 'State' is present on page  using regular expression

2022-05-11 19:33:39 - [MESSAGE][PASSED] - Text 'State' is present on page  using regular expression

2022-05-11 19:33:39 - [TEST_STEP][PASSED] - verifyTextPresent("ZIP Code", true): Text 'ZIP Code' is present on page  using regular expression

2022-05-11 19:33:39 - [MESSAGE][PASSED] - Text 'ZIP Code' is present on page  using regular expression

2022-05-11 19:33:39 - [TEST_STEP][PASSED] - verifyTextPresent("248 PhoolKaante road", true): Text '248 PhoolKaante road' is present on page  using regular expression

2022-05-11 19:33:40 - [MESSAGE][PASSED] - Text '248 PhoolKaante road' is present on page  using regular expression

2022-05-11 19:33:40 - [TEST_STEP][PASSED] - verifyTextPresent("Suite 678", true): Text 'Suite 678' is present on page  using regular expression

2022-05-11 19:33:40 - [MESSAGE][PASSED] - Text 'Suite 678' is present on page  using regular expression

2022-05-11 19:33:40 - [TEST_STEP][PASSED] - verifyTextPresent("United States", true): Text 'United States' is present on page  using regular expression

2022-05-11 19:33:40 - [MESSAGE][PASSED] - Text 'United States' is present on page  using regular expression

2022-05-11 19:33:40 - [TEST_STEP][PASSED] - verifyTextPresent("ARLINGTON", true): Text 'ARLINGTON' is present on page  using regular expression

2022-05-11 19:33:41 - [MESSAGE][PASSED] - Text 'ARLINGTON' is present on page  using regular expression

2022-05-11 19:33:41 - [TEST_STEP][PASSED] - verifyTextPresent("VA", true): Text 'VA' is present on page  using regular expression

2022-05-11 19:33:41 - [MESSAGE][PASSED] - Text 'VA' is present on page  using regular expression

2022-05-11 19:33:41 - [TEST_STEP][PASSED] - verifyTextPresent("22201", true): Text '22201' is present on page  using regular expression

2022-05-11 19:33:41 - [MESSAGE][PASSED] - Text '22201' is present on page  using regular expression

2022-05-11 19:33:41 - [TEST_STEP][PASSED] - cardTypeV = findTestData(dataFile).getValue("CardType", row): null

2022-05-11 19:33:41 - [TEST_STEP][PASSED] - last4V = findTestData(dataFile).getValue("Last4", row): null

2022-05-11 19:33:41 - [TEST_STEP][PASSED] - verifyTextPresent(cardTypeV, true): Text 'American Express' is present on page  using regular expression

2022-05-11 19:33:42 - [MESSAGE][PASSED] - Text 'American Express' is present on page  using regular expression

2022-05-11 19:33:42 - [TEST_STEP][PASSED] - verifyTextPresent(last4V, true): Text '2376' is present on page  using regular expression

2022-05-11 19:33:42 - [MESSAGE][PASSED] - Text '2376' is present on page  using regular expression

2022-05-11 19:33:42 - [TEST_STEP][PASSED] - switch (appName): null

2022-05-11 19:33:42 - [TEST_STEP][PASSED] - case "a_Access AutoSingleCFtpQA":: null

2022-05-11 19:33:42 - [TEST_STEP][PASSED] - verifyTextPresent("5.00", true): Text '5.00' is present on page  using regular expression

2022-05-11 19:33:42 - [MESSAGE][PASSED] - Text '5.00' is present on page  using regular expression

2022-05-11 19:33:42 - [TEST_STEP][PASSED] - verifyTextPresent("Single Transaction", true): Text 'Single Transaction' is present on page  using regular expression

2022-05-11 19:33:43 - [MESSAGE][PASSED] - Text 'Single Transaction' is present on page  using regular expression

2022-05-11 19:33:43 - [TEST_STEP][PASSED] - verifyTextPresent("7.50", true): Text '7.50' is present on page  using regular expression

2022-05-11 19:33:43 - [MESSAGE][PASSED] - Text '7.50' is present on page  using regular expression

2022-05-11 19:33:43 - [TEST_STEP][PASSED] - verifyTextPresent("Total Amount", true): Text 'Total Amount' is present on page  using regular expression

2022-05-11 19:33:43 - [MESSAGE][PASSED] - Text 'Total Amount' is present on page  using regular expression

2022-05-11 19:33:43 - [TEST_STEP][PASSED] - verifyTextPresent("Transaction Type", true): Text 'Transaction Type' is present on page  using regular expression

2022-05-11 19:33:44 - [MESSAGE][PASSED] - Text 'Transaction Type' is present on page  using regular expression

2022-05-11 19:33:44 - [TEST_STEP][PASSED] - break: null

2022-05-11 19:33:44 - [TEST_STEP][PASSED] - closeBrowser(): Browser is closed

2022-05-11 19:33:45 - [MESSAGE][PASSED] - Browser is closed

2022-05-11 19:33:45 - [TEST_STEP][PASSED] - ExecuteTC = findTestData(dataFile).getValue("Execute", row): null

2022-05-11 19:33:45 - [TEST_STEP][PASSED] - out.println("Value of Execute is : " + ExecuteTC): null

2022-05-11 19:33:45 - [TEST_STEP][PASSED] - switch (executionProfile): null

2022-05-11 19:33:45 - [TEST_STEP][PASSED] - case "QAProfile":: null

2022-05-11 19:33:45 - [TEST_STEP][PASSED] - appName = findTestData(dataFile).getValue("AppNameQA", row): null

2022-05-11 19:33:45 - [TEST_STEP][PASSED] - appID = findTestData(dataFile).getValue("AppIDQA", row): null

2022-05-11 19:33:45 - [TEST_STEP][PASSED] - break: null

2022-05-11 19:33:45 - [TEST_STEP][PASSED] - if (ExecuteTC.equalsIgnoreCase("Y")): null

2022-05-11 19:33:45 - [TEST_STEP][PASSED] - out.println("Begin Record Number: " + row): null

2022-05-11 19:33:45 - [TEST_STEP][PASSED] - today = new java.util.Date(): null

2022-05-11 19:33:45 - [TEST_STEP][PASSED] - println(today): null

2022-05-11 19:33:45 - [TEST_STEP][PASSED] - datText = today: null

2022-05-11 19:33:45 - [TEST_STEP][PASSED] - adminSuiteBootstrap.loginFunctionality.login_AdminSuite(): adminSuiteBootstrap.loginFunctionality.login_AdminSuite is PASSED

2022-05-11 19:33:45 - [MESSAGE][INFO] - Starting 'Chrome' driver

2022-05-11 19:33:45 - [MESSAGE][INFO] - User set preference: ['acceptInsecureCerts', 'true']

2022-05-11 19:33:45 - [MESSAGE][INFO] - Action delay is set to 0 milliseconds

2022-05-11 19:33:47 - [MESSAGE][PASSED] - Browser is opened with url: 'https://qa.velocitypayment.com/admin/imtiaz'

2022-05-11 19:33:48 - [MESSAGE][PASSED] - Current window maximized

2022-05-11 19:33:48 - [MESSAGE][PASSED] - Object 'Object Repository/Login_Page/Login_Username' is present

2022-05-11 19:33:49 - [MESSAGE][PASSED] - Text 'iahmed' is set on object 'Object Repository/Login_Page/Login_Username'

2022-05-11 19:33:50 - [MESSAGE][PASSED] - Text 'hello2222' is set on object 'Object Repository/Login_Page/Login_Password'

2022-05-11 19:33:52 - [MESSAGE][PASSED] - Object: 'Object Repository/Login_Page/Login_Submit' is clicked on

2022-05-11 19:33:52 - [MESSAGE][PASSED] - adminSuiteBootstrap.loginFunctionality.login_AdminSuite is PASSED

2022-05-11 19:33:52 - [TEST_STEP][PASSED] - click(findTestObject(path_Dashboard + appName)): Object: 'Object Repository/AdminSuiteBootstrap_Pages/Dashboard_Bootstrap/a_Access AutoSingleCFtpQA' is clicked on

2022-05-11 19:33:53 - [MESSAGE][PASSED] - Object: 'Object Repository/AdminSuiteBootstrap_Pages/Dashboard_Bootstrap/a_Access AutoSingleCFtpQA' is clicked on

2022-05-11 19:33:53 - [TEST_STEP][PASSED] - click(findTestObject(path_VT + "a_Find Profile")): Object: 'Object Repository/AdminSuiteBootstrap_Pages/VT_Bootstrap/IssueTransactions/a_Find Profile' is clicked on

2022-05-11 19:33:54 - [MESSAGE][PASSED] - Object: 'Object Repository/AdminSuiteBootstrap_Pages/VT_Bootstrap/IssueTransactions/a_Find Profile' is clicked on

2022-05-11 19:33:54 - [TEST_STEP][PASSED] - criteria = <not implemented yet for class: org.codehaus.groovy.ast.expr.EmptyExpression>: null

2022-05-11 19:33:54 - [TEST_STEP][PASSED] - searchBy = <not implemented yet for class: org.codehaus.groovy.ast.expr.EmptyExpression>: null

2022-05-11 19:33:54 - [TEST_STEP][PASSED] - criteria = findTestData(dataFile).getValue("ProfileName", row): null

2022-05-11 19:33:54 - [TEST_STEP][PASSED] - path_SearchProfile = "Object Repository/AdminSuiteBootstrap_Pages/VSP_Bootstrap/SearchProfile/": null

2022-05-11 19:33:54 - [TEST_STEP][PASSED] - setText(findTestObject(path_SearchProfile + "input_Criteria"), criteria): Text 'PaymentsDI' is set on object 'Object Repository/AdminSuiteBootstrap_Pages/VSP_Bootstrap/SearchProfile/input_Criteria'

2022-05-11 19:33:55 - [MESSAGE][PASSED] - Text 'PaymentsDI' is set on object 'Object Repository/AdminSuiteBootstrap_Pages/VSP_Bootstrap/SearchProfile/input_Criteria'

2022-05-11 19:33:55 - [TEST_STEP][PASSED] - click(findTestObject(path_SearchProfile + "button_Search")): Object: 'Object Repository/AdminSuiteBootstrap_Pages/VSP_Bootstrap/SearchProfile/button_Search' is clicked on

2022-05-11 19:33:56 - [MESSAGE][PASSED] - Object: 'Object Repository/AdminSuiteBootstrap_Pages/VSP_Bootstrap/SearchProfile/button_Search' is clicked on

2022-05-11 19:33:56 - [TEST_STEP][PASSED] - profNameLink = findTestData(dataFile).getValue("ProfileNameLink", row): null

2022-05-11 19:33:56 - [TEST_STEP][PASSED] - click(findTestObject(path_ViewProfile + profNameLink)): Object: 'Object Repository/AdminSuiteBootstrap_Pages/VSP_Bootstrap/View Profile/a_PaymentsDI' is clicked on

2022-05-11 19:33:57 - [MESSAGE][PASSED] - Object: 'Object Repository/AdminSuiteBootstrap_Pages/VSP_Bootstrap/View Profile/a_PaymentsDI' is clicked on

2022-05-11 19:33:57 - [TEST_STEP][PASSED] - click(findTestObject(path_ViewProfile + "a_AuthCap")): Object: 'Object Repository/AdminSuiteBootstrap_Pages/VSP_Bootstrap/View Profile/a_AuthCap' is clicked on

2022-05-11 19:33:58 - [MESSAGE][PASSED] - Object: 'Object Repository/AdminSuiteBootstrap_Pages/VSP_Bootstrap/View Profile/a_AuthCap' is clicked on

2022-05-11 19:33:58 - [TEST_STEP][PASSED] - verifyTextPresent("Credit Card Authorization Capture", true): Text 'Credit Card Authorization Capture' is present on page  using regular expression

2022-05-11 19:33:59 - [MESSAGE][PASSED] - Text 'Credit Card Authorization Capture' is present on page  using regular expression

2022-05-11 19:33:59 - [TEST_STEP][PASSED] - verifyTextPresent("Sale", true): Text 'Sale' is present on page  using regular expression

2022-05-11 19:34:00 - [MESSAGE][PASSED] - Text 'Sale' is present on page  using regular expression

2022-05-11 19:34:00 - [TEST_STEP][PASSED] - verifyTextPresent("Required fields are highlighted with an asterisk", true): Text 'Required fields are highlighted with an asterisk' is present on page  using regular expression

2022-05-11 19:34:00 - [MESSAGE][PASSED] - Text 'Required fields are highlighted with an asterisk' is present on page  using regular expression

2022-05-11 19:34:00 - [TEST_STEP][PASSED] - verifyTextPresent("Remittance ID", true): Text 'Remittance ID' is present on page  using regular expression

2022-05-11 19:34:00 - [MESSAGE][PASSED] - Text 'Remittance ID' is present on page  using regular expression

2022-05-11 19:34:00 - [TEST_STEP][PASSED] - vspBootstrap.SalePage.setDataSaleAndAuth(row, dataFile): vspBootstrap.SalePage.setDataSaleAndAuth is PASSED

2022-05-11 19:34:02 - [MESSAGE][PASSED] - All options with value 'MOTO' are selected in object 'Object Repository/AdminSuiteBootstrap_Pages/VSP_Bootstrap/VSP_Authcap/select_TransactionCategory'  using regular expression

2022-05-11 19:34:02 - [MESSAGE][PASSED] - Text '123' is set on object 'Object Repository/AdminSuiteBootstrap_Pages/VSP_Bootstrap/VSP_Authcap/input_cvv'

2022-05-11 19:34:03 - [MESSAGE][PASSED] - Text '' is set on object 'Object Repository/AdminSuiteBootstrap_Pages/VSP_Bootstrap/VSP_Authcap/input_smsNumber'

2022-05-11 19:34:04 - [MESSAGE][PASSED] - Text '2.50' is set on object 'Object Repository/AdminSuiteBootstrap_Pages/VSP_Bootstrap/VSP_Authcap/input_amount'

2022-05-11 19:34:05 - [MESSAGE][PASSED] - Text 'Delhi' is set on object 'Object Repository/AdminSuiteBootstrap_Pages/VSP_Bootstrap/VSP_Authcap/input_userDefined1'

2022-05-11 19:34:05 - [MESSAGE][PASSED] - Text 'Chennai' is set on object 'Object Repository/AdminSuiteBootstrap_Pages/VSP_Bootstrap/VSP_Authcap/input_userDefined2'

2022-05-11 19:34:06 - [MESSAGE][PASSED] - Text 'Mumbai' is set on object 'Object Repository/AdminSuiteBootstrap_Pages/VSP_Bootstrap/VSP_Authcap/input_userDefined3'

2022-05-11 19:34:07 - [MESSAGE][PASSED] - Text 'Kanpur' is set on object 'Object Repository/AdminSuiteBootstrap_Pages/VSP_Bootstrap/VSP_Authcap/input_userDefined4'

2022-05-11 19:34:08 - [MESSAGE][PASSED] - All options with label 'Orange' are selected in object 'Object Repository/AdminSuiteBootstrap_Pages/VSP_Bootstrap/VSP_Authcap/select_UDF5'  using regular expression

2022-05-11 19:34:09 - [MESSAGE][PASSED] - All options with label 'Yellow' are selected in object 'Object Repository/AdminSuiteBootstrap_Pages/VSP_Bootstrap/VSP_Authcap/select_UDF6'  using regular expression

2022-05-11 19:34:09 - [MESSAGE][PASSED] - Text 'Kolkata' is set on object 'Object Repository/AdminSuiteBootstrap_Pages/VSP_Bootstrap/VSP_Authcap/input_userDefined7'

2022-05-11 19:34:10 - [MESSAGE][PASSED] - Text 'Pune' is set on object 'Object Repository/AdminSuiteBootstrap_Pages/VSP_Bootstrap/VSP_Authcap/input_userDefined8'

2022-05-11 19:34:11 - [MESSAGE][PASSED] - Text 'Bhavnagar' is set on object 'Object Repository/AdminSuiteBootstrap_Pages/VSP_Bootstrap/VSP_Authcap/input_userDefined9'

2022-05-11 19:34:11 - [MESSAGE][PASSED] - Text 'Noida' is set on object 'Object Repository/AdminSuiteBootstrap_Pages/VSP_Bootstrap/VSP_Authcap/input_userDefined10'

2022-05-11 19:34:14 - [MESSAGE][PASSED] - Object: 'Object Repository/AdminSuiteBootstrap_Pages/VSP_Bootstrap/VSP_Authcap/button_Submit' is clicked on

2022-05-11 19:34:14 - [MESSAGE][PASSED] - vspBootstrap.SalePage.setDataSaleAndAuth is PASSED

2022-05-11 19:34:14 - [TEST_STEP][PASSED] - verifyTextPresent("Transaction Successful", true): Text 'Transaction Successful' is present on page  using regular expression

2022-05-11 19:34:15 - [MESSAGE][PASSED] - Text 'Transaction Successful' is present on page  using regular expression

2022-05-11 19:34:15 - [TEST_STEP][PASSED] - verifyElementVisible(findTestObject("Object Repository/AdminSuiteBootstrap_Pages/VT_Bootstrap/Receipt/button_Continue")): Object 'Object Repository/AdminSuiteBootstrap_Pages/VT_Bootstrap/Receipt/button_Continue' is visible

2022-05-11 19:34:15 - [MESSAGE][PASSED] - Object 'Object Repository/AdminSuiteBootstrap_Pages/VT_Bootstrap/Receipt/button_Continue' is visible

2022-05-11 19:34:15 - [TEST_STEP][PASSED] - verifyElementPresent(findTestObject("Object Repository/AdminSuiteBootstrap_Pages/VT_Bootstrap/Receipt/button_Continue"), 20): Object 'Object Repository/AdminSuiteBootstrap_Pages/VT_Bootstrap/Receipt/button_Continue' is present

2022-05-11 19:34:15 - [MESSAGE][PASSED] - Object 'Object Repository/AdminSuiteBootstrap_Pages/VT_Bootstrap/Receipt/button_Continue' is present

2022-05-11 19:34:15 - [TEST_STEP][PASSED] - verifyElementVisible(findTestObject("Object Repository/AdminSuiteBootstrap_Pages/VT_Bootstrap/Receipt/button_Print")): Object 'Object Repository/AdminSuiteBootstrap_Pages/VT_Bootstrap/Receipt/button_Print' is visible

2022-05-11 19:34:16 - [MESSAGE][PASSED] - Object 'Object Repository/AdminSuiteBootstrap_Pages/VT_Bootstrap/Receipt/button_Print' is visible

2022-05-11 19:34:16 - [TEST_STEP][PASSED] - verifyElementPresent(findTestObject("Object Repository/AdminSuiteBootstrap_Pages/VT_Bootstrap/Receipt/button_Print"), 20): Object 'Object Repository/AdminSuiteBootstrap_Pages/VT_Bootstrap/Receipt/button_Print' is present

2022-05-11 19:34:16 - [MESSAGE][PASSED] - Object 'Object Repository/AdminSuiteBootstrap_Pages/VT_Bootstrap/Receipt/button_Print' is present

2022-05-11 19:34:16 - [TEST_STEP][PASSED] - verifyTextPresent("Remittance ID", true): Text 'Remittance ID' is present on page  using regular expression

2022-05-11 19:34:16 - [MESSAGE][PASSED] - Text 'Remittance ID' is present on page  using regular expression

2022-05-11 19:34:16 - [TEST_STEP][PASSED] - verifyTextPresent("Received", true): Text 'Received' is present on page  using regular expression

2022-05-11 19:34:17 - [MESSAGE][PASSED] - Text 'Received' is present on page  using regular expression

2022-05-11 19:34:17 - [TEST_STEP][PASSED] - verifyTextPresent("UDF1", true): Text 'UDF1' is present on page  using regular expression

2022-05-11 19:34:17 - [MESSAGE][PASSED] - Text 'UDF1' is present on page  using regular expression

2022-05-11 19:34:17 - [TEST_STEP][PASSED] - verifyTextPresent("UDF2", true): Text 'UDF2' is present on page  using regular expression

2022-05-11 19:34:17 - [MESSAGE][PASSED] - Text 'UDF2' is present on page  using regular expression

2022-05-11 19:34:17 - [TEST_STEP][PASSED] - verifyTextPresent("UDF3", true): Text 'UDF3' is present on page  using regular expression

2022-05-11 19:34:18 - [MESSAGE][PASSED] - Text 'UDF3' is present on page  using regular expression

2022-05-11 19:34:18 - [TEST_STEP][PASSED] - verifyTextPresent("UDF4", true): Text 'UDF4' is present on page  using regular expression

2022-05-11 19:34:18 - [MESSAGE][PASSED] - Text 'UDF4' is present on page  using regular expression

2022-05-11 19:34:18 - [TEST_STEP][PASSED] - verifyTextPresent("UDF5", true): Text 'UDF5' is present on page  using regular expression

2022-05-11 19:34:18 - [MESSAGE][PASSED] - Text 'UDF5' is present on page  using regular expression

2022-05-11 19:34:18 - [TEST_STEP][PASSED] - verifyTextPresent("UDF6", true): Text 'UDF6' is present on page  using regular expression

2022-05-11 19:34:18 - [MESSAGE][PASSED] - Text 'UDF6' is present on page  using regular expression

2022-05-11 19:34:18 - [TEST_STEP][PASSED] - verifyTextPresent("UDF7", true): Text 'UDF7' is present on page  using regular expression

2022-05-11 19:34:19 - [MESSAGE][PASSED] - Text 'UDF7' is present on page  using regular expression

2022-05-11 19:34:19 - [TEST_STEP][PASSED] - verifyTextPresent("UDF8", true): Text 'UDF8' is present on page  using regular expression

2022-05-11 19:34:19 - [MESSAGE][PASSED] - Text 'UDF8' is present on page  using regular expression

2022-05-11 19:34:19 - [TEST_STEP][PASSED] - verifyTextPresent("UDF9", true): Text 'UDF9' is present on page  using regular expression

2022-05-11 19:34:20 - [MESSAGE][PASSED] - Text 'UDF9' is present on page  using regular expression

2022-05-11 19:34:20 - [TEST_STEP][PASSED] - verifyTextPresent("UDF 10", true): Text 'UDF 10' is present on page  using regular expression

2022-05-11 19:34:20 - [MESSAGE][PASSED] - Text 'UDF 10' is present on page  using regular expression

2022-05-11 19:34:20 - [TEST_STEP][PASSED] - verifyTextPresent("Delhi", true): Text 'Delhi' is present on page  using regular expression

2022-05-11 19:34:20 - [MESSAGE][PASSED] - Text 'Delhi' is present on page  using regular expression

2022-05-11 19:34:20 - [TEST_STEP][PASSED] - verifyTextPresent("Chennai", true): Text 'Chennai' is present on page  using regular expression

2022-05-11 19:34:20 - [MESSAGE][PASSED] - Text 'Chennai' is present on page  using regular expression

2022-05-11 19:34:20 - [TEST_STEP][PASSED] - verifyTextPresent("Mumbai", true): Text 'Mumbai' is present on page  using regular expression

2022-05-11 19:34:21 - [MESSAGE][PASSED] - Text 'Mumbai' is present on page  using regular expression

2022-05-11 19:34:21 - [TEST_STEP][PASSED] - verifyTextPresent("Kanpur", true): Text 'Kanpur' is present on page  using regular expression

2022-05-11 19:34:21 - [MESSAGE][PASSED] - Text 'Kanpur' is present on page  using regular expression

2022-05-11 19:34:21 - [TEST_STEP][PASSED] - verifyTextPresent("Orange Recorded", true): Text 'Orange Recorded' is present on page  using regular expression

2022-05-11 19:34:22 - [MESSAGE][PASSED] - Text 'Orange Recorded' is present on page  using regular expression

2022-05-11 19:34:22 - [TEST_STEP][PASSED] - verifyTextPresent("Yellow Recorded", true): Text 'Yellow Recorded' is present on page  using regular expression

2022-05-11 19:34:22 - [MESSAGE][PASSED] - Text 'Yellow Recorded' is present on page  using regular expression

2022-05-11 19:34:22 - [TEST_STEP][PASSED] - verifyTextPresent("Kolkata", true): Text 'Kolkata' is present on page  using regular expression

2022-05-11 19:34:22 - [MESSAGE][PASSED] - Text 'Kolkata' is present on page  using regular expression

2022-05-11 19:34:22 - [TEST_STEP][PASSED] - verifyTextPresent("Pune", true): Text 'Pune' is present on page  using regular expression

2022-05-11 19:34:23 - [MESSAGE][PASSED] - Text 'Pune' is present on page  using regular expression

2022-05-11 19:34:23 - [TEST_STEP][PASSED] - verifyTextPresent("Bhavnagar", true): Text 'Bhavnagar' is present on page  using regular expression

2022-05-11 19:34:23 - [MESSAGE][PASSED] - Text 'Bhavnagar' is present on page  using regular expression

2022-05-11 19:34:23 - [TEST_STEP][PASSED] - verifyTextPresent("Noida", true): Text 'Noida' is present on page  using regular expression

2022-05-11 19:34:23 - [MESSAGE][PASSED] - Text 'Noida' is present on page  using regular expression

2022-05-11 19:34:23 - [TEST_STEP][PASSED] - verifyTextPresent("Amount", true): Text 'Amount' is present on page  using regular expression

2022-05-11 19:34:23 - [MESSAGE][PASSED] - Text 'Amount' is present on page  using regular expression

2022-05-11 19:34:23 - [TEST_STEP][PASSED] - verifyTextPresent("2.50", true): Text '2.50' is present on page  using regular expression

2022-05-11 19:34:24 - [MESSAGE][PASSED] - Text '2.50' is present on page  using regular expression

2022-05-11 19:34:24 - [TEST_STEP][PASSED] - verifyTextPresent("Authorization and Capture", true): Text 'Authorization and Capture' is present on page  using regular expression

2022-05-11 19:34:24 - [MESSAGE][PASSED] - Text 'Authorization and Capture' is present on page  using regular expression

2022-05-11 19:34:24 - [TEST_STEP][PASSED] - verifyTextPresent("Card Information", true): Text 'Card Information' is present on page  using regular expression

2022-05-11 19:34:24 - [MESSAGE][PASSED] - Text 'Card Information' is present on page  using regular expression

2022-05-11 19:34:24 - [TEST_STEP][PASSED] - verifyTextPresent("TANDON RAVENA", true): Text 'TANDON RAVENA' is present on page  using regular expression

2022-05-11 19:34:25 - [MESSAGE][PASSED] - Text 'TANDON RAVENA' is present on page  using regular expression

2022-05-11 19:34:25 - [TEST_STEP][PASSED] - verifyTextPresent("Address Line 1", true): Text 'Address Line 1' is present on page  using regular expression

2022-05-11 19:34:25 - [MESSAGE][PASSED] - Text 'Address Line 1' is present on page  using regular expression

2022-05-11 19:34:25 - [TEST_STEP][PASSED] - verifyTextPresent("Address Line 2", true): Text 'Address Line 2' is present on page  using regular expression

2022-05-11 19:34:25 - [MESSAGE][PASSED] - Text 'Address Line 2' is present on page  using regular expression

2022-05-11 19:34:25 - [TEST_STEP][PASSED] - verifyTextPresent("Country", true): Text 'Country' is present on page  using regular expression

2022-05-11 19:34:26 - [MESSAGE][PASSED] - Text 'Country' is present on page  using regular expression

2022-05-11 19:34:26 - [TEST_STEP][PASSED] - verifyTextPresent("City", true): Text 'City' is present on page  using regular expression

2022-05-11 19:34:26 - [MESSAGE][PASSED] - Text 'City' is present on page  using regular expression

2022-05-11 19:34:26 - [TEST_STEP][PASSED] - verifyTextPresent("State", true): Text 'State' is present on page  using regular expression

2022-05-11 19:34:26 - [MESSAGE][PASSED] - Text 'State' is present on page  using regular expression

2022-05-11 19:34:26 - [TEST_STEP][PASSED] - verifyTextPresent("ZIP Code", true): Text 'ZIP Code' is present on page  using regular expression

2022-05-11 19:34:27 - [MESSAGE][PASSED] - Text 'ZIP Code' is present on page  using regular expression

2022-05-11 19:34:27 - [TEST_STEP][PASSED] - verifyTextPresent("248 PhoolKaante road", true): Text '248 PhoolKaante road' is present on page  using regular expression

2022-05-11 19:34:27 - [MESSAGE][PASSED] - Text '248 PhoolKaante road' is present on page  using regular expression

2022-05-11 19:34:27 - [TEST_STEP][PASSED] - verifyTextPresent("Suite 678", true): Text 'Suite 678' is present on page  using regular expression

2022-05-11 19:34:27 - [MESSAGE][PASSED] - Text 'Suite 678' is present on page  using regular expression

2022-05-11 19:34:27 - [TEST_STEP][PASSED] - verifyTextPresent("United States", true): Text 'United States' is present on page  using regular expression

2022-05-11 19:34:28 - [MESSAGE][PASSED] - Text 'United States' is present on page  using regular expression

2022-05-11 19:34:28 - [TEST_STEP][PASSED] - verifyTextPresent("ARLINGTON", true): Text 'ARLINGTON' is present on page  using regular expression

2022-05-11 19:34:28 - [MESSAGE][PASSED] - Text 'ARLINGTON' is present on page  using regular expression

2022-05-11 19:34:28 - [TEST_STEP][PASSED] - verifyTextPresent("VA", true): Text 'VA' is present on page  using regular expression

2022-05-11 19:34:28 - [MESSAGE][PASSED] - Text 'VA' is present on page  using regular expression

2022-05-11 19:34:28 - [TEST_STEP][PASSED] - verifyTextPresent("22201", true): Text '22201' is present on page  using regular expression

2022-05-11 19:34:29 - [MESSAGE][PASSED] - Text '22201' is present on page  using regular expression

2022-05-11 19:34:29 - [TEST_STEP][PASSED] - cardTypeV = findTestData(dataFile).getValue("CardType", row): null

2022-05-11 19:34:29 - [TEST_STEP][PASSED] - last4V = findTestData(dataFile).getValue("Last4", row): null

2022-05-11 19:34:29 - [TEST_STEP][PASSED] - verifyTextPresent(cardTypeV, true): Text 'Discover' is present on page  using regular expression

2022-05-11 19:34:29 - [MESSAGE][PASSED] - Text 'Discover' is present on page  using regular expression

2022-05-11 19:34:29 - [TEST_STEP][PASSED] - verifyTextPresent(last4V, true): Text '6909' is present on page  using regular expression

2022-05-11 19:34:29 - [MESSAGE][PASSED] - Text '6909' is present on page  using regular expression

2022-05-11 19:34:29 - [TEST_STEP][PASSED] - switch (appName): null

2022-05-11 19:34:29 - [TEST_STEP][PASSED] - case "a_Access AutoSingleCFtpQA":: null

2022-05-11 19:34:29 - [TEST_STEP][PASSED] - verifyTextPresent("5.00", true): Text '5.00' is present on page  using regular expression

2022-05-11 19:34:30 - [MESSAGE][PASSED] - Text '5.00' is present on page  using regular expression

2022-05-11 19:34:30 - [TEST_STEP][PASSED] - verifyTextPresent("Single Transaction", true): Text 'Single Transaction' is present on page  using regular expression

2022-05-11 19:34:30 - [MESSAGE][PASSED] - Text 'Single Transaction' is present on page  using regular expression

2022-05-11 19:34:30 - [TEST_STEP][PASSED] - verifyTextPresent("7.50", true): Text '7.50' is present on page  using regular expression

2022-05-11 19:34:30 - [MESSAGE][PASSED] - Text '7.50' is present on page  using regular expression

2022-05-11 19:34:30 - [TEST_STEP][PASSED] - verifyTextPresent("Total Amount", true): Text 'Total Amount' is present on page  using regular expression

2022-05-11 19:34:31 - [MESSAGE][PASSED] - Text 'Total Amount' is present on page  using regular expression

2022-05-11 19:34:31 - [TEST_STEP][PASSED] - verifyTextPresent("Transaction Type", true): Text 'Transaction Type' is present on page  using regular expression

2022-05-11 19:34:31 - [MESSAGE][PASSED] - Text 'Transaction Type' is present on page  using regular expression

2022-05-11 19:34:31 - [TEST_STEP][PASSED] - break: null

2022-05-11 19:34:31 - [TEST_STEP][PASSED] - closeBrowser(): Browser is closed

2022-05-11 19:34:32 - [MESSAGE][PASSED] - Browser is closed

2022-05-11 19:34:32 - [TEST_STEP][PASSED] - ExecuteTC = findTestData(dataFile).getValue("Execute", row): null

2022-05-11 19:34:32 - [TEST_STEP][PASSED] - out.println("Value of Execute is : " + ExecuteTC): null

2022-05-11 19:34:32 - [TEST_STEP][PASSED] - switch (executionProfile): null

2022-05-11 19:34:32 - [TEST_STEP][PASSED] - case "QAProfile":: null

2022-05-11 19:34:32 - [TEST_STEP][PASSED] - appName = findTestData(dataFile).getValue("AppNameQA", row): null

2022-05-11 19:34:32 - [TEST_STEP][PASSED] - appID = findTestData(dataFile).getValue("AppIDQA", row): null

2022-05-11 19:34:32 - [TEST_STEP][PASSED] - break: null

2022-05-11 19:34:32 - [TEST_STEP][PASSED] - if (ExecuteTC.equalsIgnoreCase("Y")): null

2022-05-11 19:34:32 - [TEST_STEP][PASSED] - out.println("Begin Record Number: " + row): null

2022-05-11 19:34:32 - [TEST_STEP][PASSED] - today = new java.util.Date(): null

2022-05-11 19:34:32 - [TEST_STEP][PASSED] - println(today): null

2022-05-11 19:34:32 - [TEST_STEP][PASSED] - datText = today: null

2022-05-11 19:34:32 - [TEST_STEP][PASSED] - adminSuiteBootstrap.loginFunctionality.login_AdminSuite(): adminSuiteBootstrap.loginFunctionality.login_AdminSuite is PASSED

2022-05-11 19:34:32 - [MESSAGE][INFO] - Starting 'Chrome' driver

2022-05-11 19:34:32 - [MESSAGE][INFO] - User set preference: ['acceptInsecureCerts', 'true']

2022-05-11 19:34:32 - [MESSAGE][INFO] - Action delay is set to 0 milliseconds

2022-05-11 19:34:35 - [MESSAGE][PASSED] - Browser is opened with url: 'https://qa.velocitypayment.com/admin/imtiaz'

2022-05-11 19:34:35 - [MESSAGE][PASSED] - Current window maximized

2022-05-11 19:34:35 - [MESSAGE][PASSED] - Object 'Object Repository/Login_Page/Login_Username' is present

2022-05-11 19:34:36 - [MESSAGE][PASSED] - Text 'iahmed' is set on object 'Object Repository/Login_Page/Login_Username'

2022-05-11 19:34:36 - [MESSAGE][PASSED] - Text 'hello2222' is set on object 'Object Repository/Login_Page/Login_Password'

2022-05-11 19:34:39 - [MESSAGE][PASSED] - Object: 'Object Repository/Login_Page/Login_Submit' is clicked on

2022-05-11 19:34:39 - [MESSAGE][PASSED] - adminSuiteBootstrap.loginFunctionality.login_AdminSuite is PASSED

2022-05-11 19:34:39 - [TEST_STEP][PASSED] - click(findTestObject(path_Dashboard + appName)): Object: 'Object Repository/AdminSuiteBootstrap_Pages/Dashboard_Bootstrap/a_Access AutoSingleCFtpQA' is clicked on

2022-05-11 19:34:40 - [MESSAGE][PASSED] - Object: 'Object Repository/AdminSuiteBootstrap_Pages/Dashboard_Bootstrap/a_Access AutoSingleCFtpQA' is clicked on

2022-05-11 19:34:40 - [TEST_STEP][PASSED] - click(findTestObject(path_VT + "a_Find Profile")): Object: 'Object Repository/AdminSuiteBootstrap_Pages/VT_Bootstrap/IssueTransactions/a_Find Profile' is clicked on

2022-05-11 19:34:41 - [MESSAGE][PASSED] - Object: 'Object Repository/AdminSuiteBootstrap_Pages/VT_Bootstrap/IssueTransactions/a_Find Profile' is clicked on

2022-05-11 19:34:41 - [TEST_STEP][PASSED] - criteria = <not implemented yet for class: org.codehaus.groovy.ast.expr.EmptyExpression>: null

2022-05-11 19:34:41 - [TEST_STEP][PASSED] - searchBy = <not implemented yet for class: org.codehaus.groovy.ast.expr.EmptyExpression>: null

2022-05-11 19:34:41 - [TEST_STEP][PASSED] - criteria = findTestData(dataFile).getValue("ProfileName", row): null

2022-05-11 19:34:41 - [TEST_STEP][PASSED] - path_SearchProfile = "Object Repository/AdminSuiteBootstrap_Pages/VSP_Bootstrap/SearchProfile/": null

2022-05-11 19:34:41 - [TEST_STEP][PASSED] - setText(findTestObject(path_SearchProfile + "input_Criteria"), criteria): Text 'PaymentsVisa' is set on object 'Object Repository/AdminSuiteBootstrap_Pages/VSP_Bootstrap/SearchProfile/input_Criteria'

2022-05-11 19:34:41 - [MESSAGE][PASSED] - Text 'PaymentsVisa' is set on object 'Object Repository/AdminSuiteBootstrap_Pages/VSP_Bootstrap/SearchProfile/input_Criteria'

2022-05-11 19:34:41 - [TEST_STEP][PASSED] - click(findTestObject(path_SearchProfile + "button_Search")): Object: 'Object Repository/AdminSuiteBootstrap_Pages/VSP_Bootstrap/SearchProfile/button_Search' is clicked on

2022-05-11 19:34:43 - [MESSAGE][PASSED] - Object: 'Object Repository/AdminSuiteBootstrap_Pages/VSP_Bootstrap/SearchProfile/button_Search' is clicked on

2022-05-11 19:34:43 - [TEST_STEP][PASSED] - profNameLink = findTestData(dataFile).getValue("ProfileNameLink", row): null

2022-05-11 19:34:43 - [TEST_STEP][PASSED] - click(findTestObject(path_ViewProfile + profNameLink)): Object: 'Object Repository/AdminSuiteBootstrap_Pages/VSP_Bootstrap/View Profile/a_PaymentsVisa' is clicked on

2022-05-11 19:34:44 - [MESSAGE][PASSED] - Object: 'Object Repository/AdminSuiteBootstrap_Pages/VSP_Bootstrap/View Profile/a_PaymentsVisa' is clicked on

2022-05-11 19:34:44 - [TEST_STEP][PASSED] - click(findTestObject(path_ViewProfile + "a_AuthCap")): Object: 'Object Repository/AdminSuiteBootstrap_Pages/VSP_Bootstrap/View Profile/a_AuthCap' is clicked on

2022-05-11 19:34:45 - [MESSAGE][PASSED] - Object: 'Object Repository/AdminSuiteBootstrap_Pages/VSP_Bootstrap/View Profile/a_AuthCap' is clicked on

2022-05-11 19:34:45 - [TEST_STEP][PASSED] - verifyTextPresent("Credit Card Authorization Capture", true): Text 'Credit Card Authorization Capture' is present on page  using regular expression

2022-05-11 19:34:46 - [MESSAGE][PASSED] - Text 'Credit Card Authorization Capture' is present on page  using regular expression

2022-05-11 19:34:46 - [TEST_STEP][PASSED] - verifyTextPresent("Sale", true): Text 'Sale' is present on page  using regular expression

2022-05-11 19:34:46 - [MESSAGE][PASSED] - Text 'Sale' is present on page  using regular expression

2022-05-11 19:34:46 - [TEST_STEP][PASSED] - verifyTextPresent("Required fields are highlighted with an asterisk", true): Text 'Required fields are highlighted with an asterisk' is present on page  using regular expression

2022-05-11 19:34:47 - [MESSAGE][PASSED] - Text 'Required fields are highlighted with an asterisk' is present on page  using regular expression

2022-05-11 19:34:47 - [TEST_STEP][PASSED] - verifyTextPresent("Remittance ID", true): Text 'Remittance ID' is present on page  using regular expression

2022-05-11 19:34:47 - [MESSAGE][PASSED] - Text 'Remittance ID' is present on page  using regular expression

2022-05-11 19:34:47 - [TEST_STEP][PASSED] - vspBootstrap.SalePage.setDataSaleAndAuth(row, dataFile): vspBootstrap.SalePage.setDataSaleAndAuth is PASSED

2022-05-11 19:34:48 - [MESSAGE][PASSED] - All options with value 'RETL' are selected in object 'Object Repository/AdminSuiteBootstrap_Pages/VSP_Bootstrap/VSP_Authcap/select_TransactionCategory'  using regular expression

2022-05-11 19:34:49 - [MESSAGE][PASSED] - Text '123' is set on object 'Object Repository/AdminSuiteBootstrap_Pages/VSP_Bootstrap/VSP_Authcap/input_cvv'

2022-05-11 19:34:50 - [MESSAGE][PASSED] - Text '' is set on object 'Object Repository/AdminSuiteBootstrap_Pages/VSP_Bootstrap/VSP_Authcap/input_smsNumber'

2022-05-11 19:34:51 - [MESSAGE][PASSED] - Text '2.50' is set on object 'Object Repository/AdminSuiteBootstrap_Pages/VSP_Bootstrap/VSP_Authcap/input_amount'

2022-05-11 19:34:52 - [MESSAGE][PASSED] - Text 'Delhi' is set on object 'Object Repository/AdminSuiteBootstrap_Pages/VSP_Bootstrap/VSP_Authcap/input_userDefined1'

2022-05-11 19:34:52 - [MESSAGE][PASSED] - Text 'Chennai' is set on object 'Object Repository/AdminSuiteBootstrap_Pages/VSP_Bootstrap/VSP_Authcap/input_userDefined2'

2022-05-11 19:34:53 - [MESSAGE][PASSED] - Text 'Mumbai' is set on object 'Object Repository/AdminSuiteBootstrap_Pages/VSP_Bootstrap/VSP_Authcap/input_userDefined3'

2022-05-11 19:34:54 - [MESSAGE][PASSED] - Text 'Kanpur' is set on object 'Object Repository/AdminSuiteBootstrap_Pages/VSP_Bootstrap/VSP_Authcap/input_userDefined4'

2022-05-11 19:34:55 - [MESSAGE][PASSED] - All options with label 'Orange' are selected in object 'Object Repository/AdminSuiteBootstrap_Pages/VSP_Bootstrap/VSP_Authcap/select_UDF5'  using regular expression

2022-05-11 19:34:56 - [MESSAGE][PASSED] - All options with label 'Yellow' are selected in object 'Object Repository/AdminSuiteBootstrap_Pages/VSP_Bootstrap/VSP_Authcap/select_UDF6'  using regular expression

2022-05-11 19:34:56 - [MESSAGE][PASSED] - Text 'Kolkata' is set on object 'Object Repository/AdminSuiteBootstrap_Pages/VSP_Bootstrap/VSP_Authcap/input_userDefined7'

2022-05-11 19:34:57 - [MESSAGE][PASSED] - Text 'Pune' is set on object 'Object Repository/AdminSuiteBootstrap_Pages/VSP_Bootstrap/VSP_Authcap/input_userDefined8'

2022-05-11 19:34:58 - [MESSAGE][PASSED] - Text 'Bhavnagar' is set on object 'Object Repository/AdminSuiteBootstrap_Pages/VSP_Bootstrap/VSP_Authcap/input_userDefined9'

2022-05-11 19:34:59 - [MESSAGE][PASSED] - Text 'Noida' is set on object 'Object Repository/AdminSuiteBootstrap_Pages/VSP_Bootstrap/VSP_Authcap/input_userDefined10'

2022-05-11 19:35:02 - [MESSAGE][PASSED] - Object: 'Object Repository/AdminSuiteBootstrap_Pages/VSP_Bootstrap/VSP_Authcap/button_Submit' is clicked on

2022-05-11 19:35:02 - [MESSAGE][PASSED] - vspBootstrap.SalePage.setDataSaleAndAuth is PASSED

2022-05-11 19:35:02 - [TEST_STEP][PASSED] - verifyTextPresent("Transaction Successful", true): Text 'Transaction Successful' is present on page  using regular expression

2022-05-11 19:35:02 - [MESSAGE][PASSED] - Text 'Transaction Successful' is present on page  using regular expression

2022-05-11 19:35:02 - [TEST_STEP][PASSED] - verifyElementVisible(findTestObject("Object Repository/AdminSuiteBootstrap_Pages/VT_Bootstrap/Receipt/button_Continue")): Object 'Object Repository/AdminSuiteBootstrap_Pages/VT_Bootstrap/Receipt/button_Continue' is visible

2022-05-11 19:35:03 - [MESSAGE][PASSED] - Object 'Object Repository/AdminSuiteBootstrap_Pages/VT_Bootstrap/Receipt/button_Continue' is visible

2022-05-11 19:35:03 - [TEST_STEP][PASSED] - verifyElementPresent(findTestObject("Object Repository/AdminSuiteBootstrap_Pages/VT_Bootstrap/Receipt/button_Continue"), 20): Object 'Object Repository/AdminSuiteBootstrap_Pages/VT_Bootstrap/Receipt/button_Continue' is present

2022-05-11 19:35:03 - [MESSAGE][PASSED] - Object 'Object Repository/AdminSuiteBootstrap_Pages/VT_Bootstrap/Receipt/button_Continue' is present

2022-05-11 19:35:03 - [TEST_STEP][PASSED] - verifyElementVisible(findTestObject("Object Repository/AdminSuiteBootstrap_Pages/VT_Bootstrap/Receipt/button_Print")): Object 'Object Repository/AdminSuiteBootstrap_Pages/VT_Bootstrap/Receipt/button_Print' is visible

2022-05-11 19:35:03 - [MESSAGE][PASSED] - Object 'Object Repository/AdminSuiteBootstrap_Pages/VT_Bootstrap/Receipt/button_Print' is visible

2022-05-11 19:35:03 - [TEST_STEP][PASSED] - verifyElementPresent(findTestObject("Object Repository/AdminSuiteBootstrap_Pages/VT_Bootstrap/Receipt/button_Print"), 20): Object 'Object Repository/AdminSuiteBootstrap_Pages/VT_Bootstrap/Receipt/button_Print' is present

2022-05-11 19:35:04 - [MESSAGE][PASSED] - Object 'Object Repository/AdminSuiteBootstrap_Pages/VT_Bootstrap/Receipt/button_Print' is present

2022-05-11 19:35:04 - [TEST_STEP][PASSED] - verifyTextPresent("Remittance ID", true): Text 'Remittance ID' is present on page  using regular expression

2022-05-11 19:35:04 - [MESSAGE][PASSED] - Text 'Remittance ID' is present on page  using regular expression

2022-05-11 19:35:04 - [TEST_STEP][PASSED] - verifyTextPresent("Received", true): Text 'Received' is present on page  using regular expression

2022-05-11 19:35:04 - [MESSAGE][PASSED] - Text 'Received' is present on page  using regular expression

2022-05-11 19:35:04 - [TEST_STEP][PASSED] - verifyTextPresent("UDF1", true): Text 'UDF1' is present on page  using regular expression

2022-05-11 19:35:04 - [MESSAGE][PASSED] - Text 'UDF1' is present on page  using regular expression

2022-05-11 19:35:04 - [TEST_STEP][PASSED] - verifyTextPresent("UDF2", true): Text 'UDF2' is present on page  using regular expression

2022-05-11 19:35:05 - [MESSAGE][PASSED] - Text 'UDF2' is present on page  using regular expression

2022-05-11 19:35:05 - [TEST_STEP][PASSED] - verifyTextPresent("UDF3", true): Text 'UDF3' is present on page  using regular expression

2022-05-11 19:35:05 - [MESSAGE][PASSED] - Text 'UDF3' is present on page  using regular expression

2022-05-11 19:35:05 - [TEST_STEP][PASSED] - verifyTextPresent("UDF4", true): Text 'UDF4' is present on page  using regular expression

2022-05-11 19:35:05 - [MESSAGE][PASSED] - Text 'UDF4' is present on page  using regular expression

2022-05-11 19:35:05 - [TEST_STEP][PASSED] - verifyTextPresent("UDF5", true): Text 'UDF5' is present on page  using regular expression

2022-05-11 19:35:06 - [MESSAGE][PASSED] - Text 'UDF5' is present on page  using regular expression

2022-05-11 19:35:06 - [TEST_STEP][PASSED] - verifyTextPresent("UDF6", true): Text 'UDF6' is present on page  using regular expression

2022-05-11 19:35:06 - [MESSAGE][PASSED] - Text 'UDF6' is present on page  using regular expression

2022-05-11 19:35:06 - [TEST_STEP][PASSED] - verifyTextPresent("UDF7", true): Text 'UDF7' is present on page  using regular expression

2022-05-11 19:35:06 - [MESSAGE][PASSED] - Text 'UDF7' is present on page  using regular expression

2022-05-11 19:35:06 - [TEST_STEP][PASSED] - verifyTextPresent("UDF8", true): Text 'UDF8' is present on page  using regular expression

2022-05-11 19:35:07 - [MESSAGE][PASSED] - Text 'UDF8' is present on page  using regular expression

2022-05-11 19:35:07 - [TEST_STEP][PASSED] - verifyTextPresent("UDF9", true): Text 'UDF9' is present on page  using regular expression

2022-05-11 19:35:07 - [MESSAGE][PASSED] - Text 'UDF9' is present on page  using regular expression

2022-05-11 19:35:07 - [TEST_STEP][PASSED] - verifyTextPresent("UDF 10", true): Text 'UDF 10' is present on page  using regular expression

2022-05-11 19:35:07 - [MESSAGE][PASSED] - Text 'UDF 10' is present on page  using regular expression

2022-05-11 19:35:07 - [TEST_STEP][PASSED] - verifyTextPresent("Delhi", true): Text 'Delhi' is present on page  using regular expression

2022-05-11 19:35:08 - [MESSAGE][PASSED] - Text 'Delhi' is present on page  using regular expression

2022-05-11 19:35:08 - [TEST_STEP][PASSED] - verifyTextPresent("Chennai", true): Text 'Chennai' is present on page  using regular expression

2022-05-11 19:35:08 - [MESSAGE][PASSED] - Text 'Chennai' is present on page  using regular expression

2022-05-11 19:35:08 - [TEST_STEP][PASSED] - verifyTextPresent("Mumbai", true): Text 'Mumbai' is present on page  using regular expression

2022-05-11 19:35:08 - [MESSAGE][PASSED] - Text 'Mumbai' is present on page  using regular expression

2022-05-11 19:35:08 - [TEST_STEP][PASSED] - verifyTextPresent("Kanpur", true): Text 'Kanpur' is present on page  using regular expression

2022-05-11 19:35:09 - [MESSAGE][PASSED] - Text 'Kanpur' is present on page  using regular expression

2022-05-11 19:35:09 - [TEST_STEP][PASSED] - verifyTextPresent("Orange Recorded", true): Text 'Orange Recorded' is present on page  using regular expression

2022-05-11 19:35:09 - [MESSAGE][PASSED] - Text 'Orange Recorded' is present on page  using regular expression

2022-05-11 19:35:09 - [TEST_STEP][PASSED] - verifyTextPresent("Yellow Recorded", true): Text 'Yellow Recorded' is present on page  using regular expression

2022-05-11 19:35:09 - [MESSAGE][PASSED] - Text 'Yellow Recorded' is present on page  using regular expression

2022-05-11 19:35:09 - [TEST_STEP][PASSED] - verifyTextPresent("Kolkata", true): Text 'Kolkata' is present on page  using regular expression

2022-05-11 19:35:10 - [MESSAGE][PASSED] - Text 'Kolkata' is present on page  using regular expression

2022-05-11 19:35:10 - [TEST_STEP][PASSED] - verifyTextPresent("Pune", true): Text 'Pune' is present on page  using regular expression

2022-05-11 19:35:10 - [MESSAGE][PASSED] - Text 'Pune' is present on page  using regular expression

2022-05-11 19:35:10 - [TEST_STEP][PASSED] - verifyTextPresent("Bhavnagar", true): Text 'Bhavnagar' is present on page  using regular expression

2022-05-11 19:35:10 - [MESSAGE][PASSED] - Text 'Bhavnagar' is present on page  using regular expression

2022-05-11 19:35:10 - [TEST_STEP][PASSED] - verifyTextPresent("Noida", true): Text 'Noida' is present on page  using regular expression

2022-05-11 19:35:11 - [MESSAGE][PASSED] - Text 'Noida' is present on page  using regular expression

2022-05-11 19:35:11 - [TEST_STEP][PASSED] - verifyTextPresent("Amount", true): Text 'Amount' is present on page  using regular expression

2022-05-11 19:35:11 - [MESSAGE][PASSED] - Text 'Amount' is present on page  using regular expression

2022-05-11 19:35:11 - [TEST_STEP][PASSED] - verifyTextPresent("2.50", true): Text '2.50' is present on page  using regular expression

2022-05-11 19:35:11 - [MESSAGE][PASSED] - Text '2.50' is present on page  using regular expression

2022-05-11 19:35:11 - [TEST_STEP][PASSED] - verifyTextPresent("Authorization and Capture", true): Text 'Authorization and Capture' is present on page  using regular expression

2022-05-11 19:35:12 - [MESSAGE][PASSED] - Text 'Authorization and Capture' is present on page  using regular expression

2022-05-11 19:35:12 - [TEST_STEP][PASSED] - verifyTextPresent("Card Information", true): Text 'Card Information' is present on page  using regular expression

2022-05-11 19:35:12 - [MESSAGE][PASSED] - Text 'Card Information' is present on page  using regular expression

2022-05-11 19:35:12 - [TEST_STEP][PASSED] - verifyTextPresent("TANDON RAVENA", true): Text 'TANDON RAVENA' is present on page  using regular expression

2022-05-11 19:35:12 - [MESSAGE][PASSED] - Text 'TANDON RAVENA' is present on page  using regular expression

2022-05-11 19:35:12 - [TEST_STEP][PASSED] - verifyTextPresent("Address Line 1", true): Text 'Address Line 1' is present on page  using regular expression

2022-05-11 19:35:13 - [MESSAGE][PASSED] - Text 'Address Line 1' is present on page  using regular expression

2022-05-11 19:35:13 - [TEST_STEP][PASSED] - verifyTextPresent("Address Line 2", true): Text 'Address Line 2' is present on page  using regular expression

2022-05-11 19:35:13 - [MESSAGE][PASSED] - Text 'Address Line 2' is present on page  using regular expression

2022-05-11 19:35:13 - [TEST_STEP][PASSED] - verifyTextPresent("Country", true): Text 'Country' is present on page  using regular expression

2022-05-11 19:35:13 - [MESSAGE][PASSED] - Text 'Country' is present on page  using regular expression

2022-05-11 19:35:13 - [TEST_STEP][PASSED] - verifyTextPresent("City", true): Text 'City' is present on page  using regular expression

2022-05-11 19:35:14 - [MESSAGE][PASSED] - Text 'City' is present on page  using regular expression

2022-05-11 19:35:14 - [TEST_STEP][PASSED] - verifyTextPresent("State", true): Text 'State' is present on page  using regular expression

2022-05-11 19:35:14 - [MESSAGE][PASSED] - Text 'State' is present on page  using regular expression

2022-05-11 19:35:14 - [TEST_STEP][PASSED] - verifyTextPresent("ZIP Code", true): Text 'ZIP Code' is present on page  using regular expression

2022-05-11 19:35:14 - [MESSAGE][PASSED] - Text 'ZIP Code' is present on page  using regular expression

2022-05-11 19:35:14 - [TEST_STEP][PASSED] - verifyTextPresent("248 PhoolKaante road", true): Text '248 PhoolKaante road' is present on page  using regular expression

2022-05-11 19:35:15 - [MESSAGE][PASSED] - Text '248 PhoolKaante road' is present on page  using regular expression

2022-05-11 19:35:15 - [TEST_STEP][PASSED] - verifyTextPresent("Suite 678", true): Text 'Suite 678' is present on page  using regular expression

2022-05-11 19:35:15 - [MESSAGE][PASSED] - Text 'Suite 678' is present on page  using regular expression

2022-05-11 19:35:15 - [TEST_STEP][PASSED] - verifyTextPresent("United States", true): Text 'United States' is present on page  using regular expression

2022-05-11 19:35:15 - [MESSAGE][PASSED] - Text 'United States' is present on page  using regular expression

2022-05-11 19:35:15 - [TEST_STEP][PASSED] - verifyTextPresent("ARLINGTON", true): Text 'ARLINGTON' is present on page  using regular expression

2022-05-11 19:35:16 - [MESSAGE][PASSED] - Text 'ARLINGTON' is present on page  using regular expression

2022-05-11 19:35:16 - [TEST_STEP][PASSED] - verifyTextPresent("VA", true): Text 'VA' is present on page  using regular expression

2022-05-11 19:35:16 - [MESSAGE][PASSED] - Text 'VA' is present on page  using regular expression

2022-05-11 19:35:16 - [TEST_STEP][PASSED] - verifyTextPresent("22201", true): Text '22201' is present on page  using regular expression

2022-05-11 19:35:16 - [MESSAGE][PASSED] - Text '22201' is present on page  using regular expression

2022-05-11 19:35:16 - [TEST_STEP][PASSED] - cardTypeV = findTestData(dataFile).getValue("CardType", row): null

2022-05-11 19:35:16 - [TEST_STEP][PASSED] - last4V = findTestData(dataFile).getValue("Last4", row): null

2022-05-11 19:35:16 - [TEST_STEP][PASSED] - verifyTextPresent(cardTypeV, true): Text 'Visa' is present on page  using regular expression

2022-05-11 19:35:17 - [MESSAGE][PASSED] - Text 'Visa' is present on page  using regular expression

2022-05-11 19:35:17 - [TEST_STEP][PASSED] - verifyTextPresent(last4V, true): Text '5439' is present on page  using regular expression

2022-05-11 19:35:17 - [MESSAGE][PASSED] - Text '5439' is present on page  using regular expression

2022-05-11 19:35:17 - [TEST_STEP][PASSED] - switch (appName): null

2022-05-11 19:35:17 - [TEST_STEP][PASSED] - case "a_Access AutoSingleCFtpQA":: null

2022-05-11 19:35:17 - [TEST_STEP][PASSED] - verifyTextPresent("5.00", true): Text '5.00' is present on page  using regular expression

2022-05-11 19:35:17 - [MESSAGE][PASSED] - Text '5.00' is present on page  using regular expression

2022-05-11 19:35:17 - [TEST_STEP][PASSED] - verifyTextPresent("Single Transaction", true): Text 'Single Transaction' is present on page  using regular expression

2022-05-11 19:35:17 - [MESSAGE][PASSED] - Text 'Single Transaction' is present on page  using regular expression

2022-05-11 19:35:17 - [TEST_STEP][PASSED] - verifyTextPresent("7.50", true): Text '7.50' is present on page  using regular expression

2022-05-11 19:35:18 - [MESSAGE][PASSED] - Text '7.50' is present on page  using regular expression

2022-05-11 19:35:18 - [TEST_STEP][PASSED] - verifyTextPresent("Total Amount", true): Text 'Total Amount' is present on page  using regular expression

2022-05-11 19:35:18 - [MESSAGE][PASSED] - Text 'Total Amount' is present on page  using regular expression

2022-05-11 19:35:18 - [TEST_STEP][PASSED] - verifyTextPresent("Transaction Type", true): Text 'Transaction Type' is present on page  using regular expression

2022-05-11 19:35:18 - [MESSAGE][PASSED] - Text 'Transaction Type' is present on page  using regular expression

2022-05-11 19:35:18 - [TEST_STEP][PASSED] - break: null

2022-05-11 19:35:18 - [TEST_STEP][PASSED] - closeBrowser(): Browser is closed

2022-05-11 19:35:19 - [MESSAGE][PASSED] - Browser is closed

2022-05-11 19:35:19 - [TEST_STEP][PASSED] - ExecuteTC = findTestData(dataFile).getValue("Execute", row): null

2022-05-11 19:35:19 - [TEST_STEP][PASSED] - out.println("Value of Execute is : " + ExecuteTC): null

2022-05-11 19:35:19 - [TEST_STEP][PASSED] - switch (executionProfile): null

2022-05-11 19:35:19 - [TEST_STEP][PASSED] - case "QAProfile":: null

2022-05-11 19:35:19 - [TEST_STEP][PASSED] - appName = findTestData(dataFile).getValue("AppNameQA", row): null

2022-05-11 19:35:19 - [TEST_STEP][PASSED] - appID = findTestData(dataFile).getValue("AppIDQA", row): null

2022-05-11 19:35:19 - [TEST_STEP][PASSED] - break: null

2022-05-11 19:35:19 - [TEST_STEP][PASSED] - if (ExecuteTC.equalsIgnoreCase("Y")): null

2022-05-11 19:35:19 - [TEST_STEP][PASSED] - out.println("Begin Record Number: " + row): null

2022-05-11 19:35:19 - [TEST_STEP][PASSED] - today = new java.util.Date(): null

2022-05-11 19:35:19 - [TEST_STEP][PASSED] - println(today): null

2022-05-11 19:35:19 - [TEST_STEP][PASSED] - datText = today: null

2022-05-11 19:35:19 - [TEST_STEP][PASSED] - adminSuiteBootstrap.loginFunctionality.login_AdminSuite(): adminSuiteBootstrap.loginFunctionality.login_AdminSuite is PASSED

2022-05-11 19:35:19 - [MESSAGE][INFO] - Starting 'Chrome' driver

2022-05-11 19:35:19 - [MESSAGE][INFO] - User set preference: ['acceptInsecureCerts', 'true']

2022-05-11 19:35:19 - [MESSAGE][INFO] - Action delay is set to 0 milliseconds

2022-05-11 19:35:22 - [MESSAGE][PASSED] - Browser is opened with url: 'https://qa.velocitypayment.com/admin/imtiaz'

2022-05-11 19:35:22 - [MESSAGE][PASSED] - Current window maximized

2022-05-11 19:35:23 - [MESSAGE][PASSED] - Object 'Object Repository/Login_Page/Login_Username' is present

2022-05-11 19:35:23 - [MESSAGE][PASSED] - Text 'iahmed' is set on object 'Object Repository/Login_Page/Login_Username'

2022-05-11 19:35:24 - [MESSAGE][PASSED] - Text 'hello2222' is set on object 'Object Repository/Login_Page/Login_Password'

2022-05-11 19:35:27 - [MESSAGE][PASSED] - Object: 'Object Repository/Login_Page/Login_Submit' is clicked on

2022-05-11 19:35:27 - [MESSAGE][PASSED] - adminSuiteBootstrap.loginFunctionality.login_AdminSuite is PASSED

2022-05-11 19:35:27 - [TEST_STEP][PASSED] - click(findTestObject(path_Dashboard + appName)): Object: 'Object Repository/AdminSuiteBootstrap_Pages/Dashboard_Bootstrap/a_Access AutoSingleCFtpQA' is clicked on

2022-05-11 19:35:28 - [MESSAGE][PASSED] - Object: 'Object Repository/AdminSuiteBootstrap_Pages/Dashboard_Bootstrap/a_Access AutoSingleCFtpQA' is clicked on

2022-05-11 19:35:28 - [TEST_STEP][PASSED] - click(findTestObject(path_VT + "a_Find Profile")): Object: 'Object Repository/AdminSuiteBootstrap_Pages/VT_Bootstrap/IssueTransactions/a_Find Profile' is clicked on

2022-05-11 19:35:28 - [MESSAGE][PASSED] - Object: 'Object Repository/AdminSuiteBootstrap_Pages/VT_Bootstrap/IssueTransactions/a_Find Profile' is clicked on

2022-05-11 19:35:28 - [TEST_STEP][PASSED] - criteria = <not implemented yet for class: org.codehaus.groovy.ast.expr.EmptyExpression>: null

2022-05-11 19:35:28 - [TEST_STEP][PASSED] - searchBy = <not implemented yet for class: org.codehaus.groovy.ast.expr.EmptyExpression>: null

2022-05-11 19:35:28 - [TEST_STEP][PASSED] - criteria = findTestData(dataFile).getValue("ProfileName", row): null

2022-05-11 19:35:29 - [TEST_STEP][PASSED] - path_SearchProfile = "Object Repository/AdminSuiteBootstrap_Pages/VSP_Bootstrap/SearchProfile/": null

2022-05-11 19:35:29 - [TEST_STEP][PASSED] - setText(findTestObject(path_SearchProfile + "input_Criteria"), criteria): Text 'PaymentsMC' is set on object 'Object Repository/AdminSuiteBootstrap_Pages/VSP_Bootstrap/SearchProfile/input_Criteria'

2022-05-11 19:35:29 - [MESSAGE][PASSED] - Text 'PaymentsMC' is set on object 'Object Repository/AdminSuiteBootstrap_Pages/VSP_Bootstrap/SearchProfile/input_Criteria'

2022-05-11 19:35:29 - [TEST_STEP][PASSED] - click(findTestObject(path_SearchProfile + "button_Search")): Object: 'Object Repository/AdminSuiteBootstrap_Pages/VSP_Bootstrap/SearchProfile/button_Search' is clicked on

2022-05-11 19:35:31 - [MESSAGE][PASSED] - Object: 'Object Repository/AdminSuiteBootstrap_Pages/VSP_Bootstrap/SearchProfile/button_Search' is clicked on

2022-05-11 19:35:31 - [TEST_STEP][PASSED] - profNameLink = findTestData(dataFile).getValue("ProfileNameLink", row): null

2022-05-11 19:35:31 - [TEST_STEP][PASSED] - click(findTestObject(path_ViewProfile + profNameLink)): Object: 'Object Repository/AdminSuiteBootstrap_Pages/VSP_Bootstrap/View Profile/a_PaymentsMC' is clicked on

2022-05-11 19:35:33 - [MESSAGE][PASSED] - Object: 'Object Repository/AdminSuiteBootstrap_Pages/VSP_Bootstrap/View Profile/a_PaymentsMC' is clicked on

2022-05-11 19:35:33 - [TEST_STEP][PASSED] - click(findTestObject(path_ViewProfile + "a_AuthCap")): Object: 'Object Repository/AdminSuiteBootstrap_Pages/VSP_Bootstrap/View Profile/a_AuthCap' is clicked on

2022-05-11 19:35:34 - [MESSAGE][PASSED] - Object: 'Object Repository/AdminSuiteBootstrap_Pages/VSP_Bootstrap/View Profile/a_AuthCap' is clicked on

2022-05-11 19:35:34 - [TEST_STEP][PASSED] - verifyTextPresent("Credit Card Authorization Capture", true): Text 'Credit Card Authorization Capture' is present on page  using regular expression

2022-05-11 19:35:35 - [MESSAGE][PASSED] - Text 'Credit Card Authorization Capture' is present on page  using regular expression

2022-05-11 19:35:35 - [TEST_STEP][PASSED] - verifyTextPresent("Sale", true): Text 'Sale' is present on page  using regular expression

2022-05-11 19:35:35 - [MESSAGE][PASSED] - Text 'Sale' is present on page  using regular expression

2022-05-11 19:35:35 - [TEST_STEP][PASSED] - verifyTextPresent("Required fields are highlighted with an asterisk", true): Text 'Required fields are highlighted with an asterisk' is present on page  using regular expression

2022-05-11 19:35:35 - [MESSAGE][PASSED] - Text 'Required fields are highlighted with an asterisk' is present on page  using regular expression

2022-05-11 19:35:35 - [TEST_STEP][PASSED] - verifyTextPresent("Remittance ID", true): Text 'Remittance ID' is present on page  using regular expression

2022-05-11 19:35:36 - [MESSAGE][PASSED] - Text 'Remittance ID' is present on page  using regular expression

2022-05-11 19:35:36 - [TEST_STEP][PASSED] - vspBootstrap.SalePage.setDataSaleAndAuth(row, dataFile): vspBootstrap.SalePage.setDataSaleAndAuth is PASSED

2022-05-11 19:35:37 - [MESSAGE][PASSED] - All options with value 'RETL' are selected in object 'Object Repository/AdminSuiteBootstrap_Pages/VSP_Bootstrap/VSP_Authcap/select_TransactionCategory'  using regular expression

2022-05-11 19:35:38 - [MESSAGE][PASSED] - Text '123' is set on object 'Object Repository/AdminSuiteBootstrap_Pages/VSP_Bootstrap/VSP_Authcap/input_cvv'

2022-05-11 19:35:39 - [MESSAGE][PASSED] - Text '' is set on object 'Object Repository/AdminSuiteBootstrap_Pages/VSP_Bootstrap/VSP_Authcap/input_smsNumber'

2022-05-11 19:35:39 - [MESSAGE][PASSED] - Text '2.50' is set on object 'Object Repository/AdminSuiteBootstrap_Pages/VSP_Bootstrap/VSP_Authcap/input_amount'

2022-05-11 19:35:40 - [MESSAGE][PASSED] - Text 'Delhi' is set on object 'Object Repository/AdminSuiteBootstrap_Pages/VSP_Bootstrap/VSP_Authcap/input_userDefined1'

2022-05-11 19:35:41 - [MESSAGE][PASSED] - Text 'Chennai' is set on object 'Object Repository/AdminSuiteBootstrap_Pages/VSP_Bootstrap/VSP_Authcap/input_userDefined2'

2022-05-11 19:35:42 - [MESSAGE][PASSED] - Text 'Mumbai' is set on object 'Object Repository/AdminSuiteBootstrap_Pages/VSP_Bootstrap/VSP_Authcap/input_userDefined3'

2022-05-11 19:35:42 - [MESSAGE][PASSED] - Text 'Kanpur' is set on object 'Object Repository/AdminSuiteBootstrap_Pages/VSP_Bootstrap/VSP_Authcap/input_userDefined4'

2022-05-11 19:35:43 - [MESSAGE][PASSED] - All options with label 'Orange' are selected in object 'Object Repository/AdminSuiteBootstrap_Pages/VSP_Bootstrap/VSP_Authcap/select_UDF5'  using regular expression

2022-05-11 19:35:44 - [MESSAGE][PASSED] - All options with label 'Yellow' are selected in object 'Object Repository/AdminSuiteBootstrap_Pages/VSP_Bootstrap/VSP_Authcap/select_UDF6'  using regular expression

2022-05-11 19:35:45 - [MESSAGE][PASSED] - Text 'Kolkata' is set on object 'Object Repository/AdminSuiteBootstrap_Pages/VSP_Bootstrap/VSP_Authcap/input_userDefined7'

2022-05-11 19:35:46 - [MESSAGE][PASSED] - Text 'Pune' is set on object 'Object Repository/AdminSuiteBootstrap_Pages/VSP_Bootstrap/VSP_Authcap/input_userDefined8'

2022-05-11 19:35:47 - [MESSAGE][PASSED] - Text 'Bhavnagar' is set on object 'Object Repository/AdminSuiteBootstrap_Pages/VSP_Bootstrap/VSP_Authcap/input_userDefined9'

2022-05-11 19:35:47 - [MESSAGE][PASSED] - Text 'Noida' is set on object 'Object Repository/AdminSuiteBootstrap_Pages/VSP_Bootstrap/VSP_Authcap/input_userDefined10'

2022-05-11 19:35:52 - [MESSAGE][PASSED] - Object: 'Object Repository/AdminSuiteBootstrap_Pages/VSP_Bootstrap/VSP_Authcap/button_Submit' is clicked on

2022-05-11 19:35:52 - [MESSAGE][PASSED] - vspBootstrap.SalePage.setDataSaleAndAuth is PASSED

2022-05-11 19:35:52 - [TEST_STEP][PASSED] - verifyTextPresent("Transaction Successful", true): Text 'Transaction Successful' is present on page  using regular expression

2022-05-11 19:35:53 - [MESSAGE][PASSED] - Text 'Transaction Successful' is present on page  using regular expression

2022-05-11 19:35:53 - [TEST_STEP][PASSED] - verifyElementVisible(findTestObject("Object Repository/AdminSuiteBootstrap_Pages/VT_Bootstrap/Receipt/button_Continue")): Object 'Object Repository/AdminSuiteBootstrap_Pages/VT_Bootstrap/Receipt/button_Continue' is visible

2022-05-11 19:35:53 - [MESSAGE][PASSED] - Object 'Object Repository/AdminSuiteBootstrap_Pages/VT_Bootstrap/Receipt/button_Continue' is visible

2022-05-11 19:35:53 - [TEST_STEP][PASSED] - verifyElementPresent(findTestObject("Object Repository/AdminSuiteBootstrap_Pages/VT_Bootstrap/Receipt/button_Continue"), 20): Object 'Object Repository/AdminSuiteBootstrap_Pages/VT_Bootstrap/Receipt/button_Continue' is present

2022-05-11 19:35:54 - [MESSAGE][PASSED] - Object 'Object Repository/AdminSuiteBootstrap_Pages/VT_Bootstrap/Receipt/button_Continue' is present

2022-05-11 19:35:54 - [TEST_STEP][PASSED] - verifyElementVisible(findTestObject("Object Repository/AdminSuiteBootstrap_Pages/VT_Bootstrap/Receipt/button_Print")): Object 'Object Repository/AdminSuiteBootstrap_Pages/VT_Bootstrap/Receipt/button_Print' is visible

2022-05-11 19:35:54 - [MESSAGE][PASSED] - Object 'Object Repository/AdminSuiteBootstrap_Pages/VT_Bootstrap/Receipt/button_Print' is visible

2022-05-11 19:35:54 - [TEST_STEP][PASSED] - verifyElementPresent(findTestObject("Object Repository/AdminSuiteBootstrap_Pages/VT_Bootstrap/Receipt/button_Print"), 20): Object 'Object Repository/AdminSuiteBootstrap_Pages/VT_Bootstrap/Receipt/button_Print' is present

2022-05-11 19:35:54 - [MESSAGE][PASSED] - Object 'Object Repository/AdminSuiteBootstrap_Pages/VT_Bootstrap/Receipt/button_Print' is present

2022-05-11 19:35:54 - [TEST_STEP][PASSED] - verifyTextPresent("Remittance ID", true): Text 'Remittance ID' is present on page  using regular expression

2022-05-11 19:35:55 - [MESSAGE][PASSED] - Text 'Remittance ID' is present on page  using regular expression

2022-05-11 19:35:55 - [TEST_STEP][PASSED] - verifyTextPresent("Received", true): Text 'Received' is present on page  using regular expression

2022-05-11 19:35:55 - [MESSAGE][PASSED] - Text 'Received' is present on page  using regular expression

2022-05-11 19:35:55 - [TEST_STEP][PASSED] - verifyTextPresent("UDF1", true): Text 'UDF1' is present on page  using regular expression

2022-05-11 19:35:55 - [MESSAGE][PASSED] - Text 'UDF1' is present on page  using regular expression

2022-05-11 19:35:55 - [TEST_STEP][PASSED] - verifyTextPresent("UDF2", true): Text 'UDF2' is present on page  using regular expression

2022-05-11 19:35:56 - [MESSAGE][PASSED] - Text 'UDF2' is present on page  using regular expression

2022-05-11 19:35:56 - [TEST_STEP][PASSED] - verifyTextPresent("UDF3", true): Text 'UDF3' is present on page  using regular expression

2022-05-11 19:35:56 - [MESSAGE][PASSED] - Text 'UDF3' is present on page  using regular expression

2022-05-11 19:35:56 - [TEST_STEP][PASSED] - verifyTextPresent("UDF4", true): Text 'UDF4' is present on page  using regular expression

2022-05-11 19:35:56 - [MESSAGE][PASSED] - Text 'UDF4' is present on page  using regular expression

2022-05-11 19:35:56 - [TEST_STEP][PASSED] - verifyTextPresent("UDF5", true): Text 'UDF5' is present on page  using regular expression

2022-05-11 19:35:57 - [MESSAGE][PASSED] - Text 'UDF5' is present on page  using regular expression

2022-05-11 19:35:57 - [TEST_STEP][PASSED] - verifyTextPresent("UDF6", true): Text 'UDF6' is present on page  using regular expression

2022-05-11 19:35:57 - [MESSAGE][PASSED] - Text 'UDF6' is present on page  using regular expression

2022-05-11 19:35:57 - [TEST_STEP][PASSED] - verifyTextPresent("UDF7", true): Text 'UDF7' is present on page  using regular expression

2022-05-11 19:35:57 - [MESSAGE][PASSED] - Text 'UDF7' is present on page  using regular expression

2022-05-11 19:35:57 - [TEST_STEP][PASSED] - verifyTextPresent("UDF8", true): Text 'UDF8' is present on page  using regular expression

2022-05-11 19:35:58 - [MESSAGE][PASSED] - Text 'UDF8' is present on page  using regular expression

2022-05-11 19:35:58 - [TEST_STEP][PASSED] - verifyTextPresent("UDF9", true): Text 'UDF9' is present on page  using regular expression

2022-05-11 19:35:58 - [MESSAGE][PASSED] - Text 'UDF9' is present on page  using regular expression

2022-05-11 19:35:58 - [TEST_STEP][PASSED] - verifyTextPresent("UDF 10", true): Text 'UDF 10' is present on page  using regular expression

2022-05-11 19:35:58 - [MESSAGE][PASSED] - Text 'UDF 10' is present on page  using regular expression

2022-05-11 19:35:58 - [TEST_STEP][PASSED] - verifyTextPresent("Delhi", true): Text 'Delhi' is present on page  using regular expression

2022-05-11 19:35:58 - [MESSAGE][PASSED] - Text 'Delhi' is present on page  using regular expression

2022-05-11 19:35:58 - [TEST_STEP][PASSED] - verifyTextPresent("Chennai", true): Text 'Chennai' is present on page  using regular expression

2022-05-11 19:35:59 - [MESSAGE][PASSED] - Text 'Chennai' is present on page  using regular expression

2022-05-11 19:35:59 - [TEST_STEP][PASSED] - verifyTextPresent("Mumbai", true): Text 'Mumbai' is present on page  using regular expression

2022-05-11 19:35:59 - [MESSAGE][PASSED] - Text 'Mumbai' is present on page  using regular expression

2022-05-11 19:35:59 - [TEST_STEP][PASSED] - verifyTextPresent("Kanpur", true): Text 'Kanpur' is present on page  using regular expression

2022-05-11 19:36:00 - [MESSAGE][PASSED] - Text 'Kanpur' is present on page  using regular expression

2022-05-11 19:36:00 - [TEST_STEP][PASSED] - verifyTextPresent("Orange Recorded", true): Text 'Orange Recorded' is present on page  using regular expression

2022-05-11 19:36:00 - [MESSAGE][PASSED] - Text 'Orange Recorded' is present on page  using regular expression

2022-05-11 19:36:00 - [TEST_STEP][PASSED] - verifyTextPresent("Yellow Recorded", true): Text 'Yellow Recorded' is present on page  using regular expression

2022-05-11 19:36:00 - [MESSAGE][PASSED] - Text 'Yellow Recorded' is present on page  using regular expression

2022-05-11 19:36:00 - [TEST_STEP][PASSED] - verifyTextPresent("Kolkata", true): Text 'Kolkata' is present on page  using regular expression

2022-05-11 19:36:00 - [MESSAGE][PASSED] - Text 'Kolkata' is present on page  using regular expression

2022-05-11 19:36:00 - [TEST_STEP][PASSED] - verifyTextPresent("Pune", true): Text 'Pune' is present on page  using regular expression

2022-05-11 19:36:01 - [MESSAGE][PASSED] - Text 'Pune' is present on page  using regular expression

2022-05-11 19:36:01 - [TEST_STEP][PASSED] - verifyTextPresent("Bhavnagar", true): Text 'Bhavnagar' is present on page  using regular expression

2022-05-11 19:36:01 - [MESSAGE][PASSED] - Text 'Bhavnagar' is present on page  using regular expression

2022-05-11 19:36:01 - [TEST_STEP][PASSED] - verifyTextPresent("Noida", true): Text 'Noida' is present on page  using regular expression

2022-05-11 19:36:01 - [MESSAGE][PASSED] - Text 'Noida' is present on page  using regular expression

2022-05-11 19:36:01 - [TEST_STEP][PASSED] - verifyTextPresent("Amount", true): Text 'Amount' is present on page  using regular expression

2022-05-11 19:36:02 - [MESSAGE][PASSED] - Text 'Amount' is present on page  using regular expression

2022-05-11 19:36:02 - [TEST_STEP][PASSED] - verifyTextPresent("2.50", true): Text '2.50' is present on page  using regular expression

2022-05-11 19:36:02 - [MESSAGE][PASSED] - Text '2.50' is present on page  using regular expression

2022-05-11 19:36:02 - [TEST_STEP][PASSED] - verifyTextPresent("Authorization and Capture", true): Text 'Authorization and Capture' is present on page  using regular expression

2022-05-11 19:36:02 - [MESSAGE][PASSED] - Text 'Authorization and Capture' is present on page  using regular expression

2022-05-11 19:36:02 - [TEST_STEP][PASSED] - verifyTextPresent("Card Information", true): Text 'Card Information' is present on page  using regular expression

2022-05-11 19:36:03 - [MESSAGE][PASSED] - Text 'Card Information' is present on page  using regular expression

2022-05-11 19:36:03 - [TEST_STEP][PASSED] - verifyTextPresent("TANDON RAVENA", true): Text 'TANDON RAVENA' is present on page  using regular expression

2022-05-11 19:36:03 - [MESSAGE][PASSED] - Text 'TANDON RAVENA' is present on page  using regular expression

2022-05-11 19:36:03 - [TEST_STEP][PASSED] - verifyTextPresent("Address Line 1", true): Text 'Address Line 1' is present on page  using regular expression

2022-05-11 19:36:03 - [MESSAGE][PASSED] - Text 'Address Line 1' is present on page  using regular expression

2022-05-11 19:36:03 - [TEST_STEP][PASSED] - verifyTextPresent("Address Line 2", true): Text 'Address Line 2' is present on page  using regular expression

2022-05-11 19:36:04 - [MESSAGE][PASSED] - Text 'Address Line 2' is present on page  using regular expression

2022-05-11 19:36:04 - [TEST_STEP][PASSED] - verifyTextPresent("Country", true): Text 'Country' is present on page  using regular expression

2022-05-11 19:36:04 - [MESSAGE][PASSED] - Text 'Country' is present on page  using regular expression

2022-05-11 19:36:04 - [TEST_STEP][PASSED] - verifyTextPresent("City", true): Text 'City' is present on page  using regular expression

2022-05-11 19:36:04 - [MESSAGE][PASSED] - Text 'City' is present on page  using regular expression

2022-05-11 19:36:04 - [TEST_STEP][PASSED] - verifyTextPresent("State", true): Text 'State' is present on page  using regular expression

2022-05-11 19:36:05 - [MESSAGE][PASSED] - Text 'State' is present on page  using regular expression

2022-05-11 19:36:05 - [TEST_STEP][PASSED] - verifyTextPresent("ZIP Code", true): Text 'ZIP Code' is present on page  using regular expression

2022-05-11 19:36:05 - [MESSAGE][PASSED] - Text 'ZIP Code' is present on page  using regular expression

2022-05-11 19:36:05 - [TEST_STEP][PASSED] - verifyTextPresent("248 PhoolKaante road", true): Text '248 PhoolKaante road' is present on page  using regular expression

2022-05-11 19:36:05 - [MESSAGE][PASSED] - Text '248 PhoolKaante road' is present on page  using regular expression

2022-05-11 19:36:05 - [TEST_STEP][PASSED] - verifyTextPresent("Suite 678", true): Text 'Suite 678' is present on page  using regular expression

2022-05-11 19:36:06 - [MESSAGE][PASSED] - Text 'Suite 678' is present on page  using regular expression

2022-05-11 19:36:06 - [TEST_STEP][PASSED] - verifyTextPresent("United States", true): Text 'United States' is present on page  using regular expression

2022-05-11 19:36:06 - [MESSAGE][PASSED] - Text 'United States' is present on page  using regular expression

2022-05-11 19:36:06 - [TEST_STEP][PASSED] - verifyTextPresent("ARLINGTON", true): Text 'ARLINGTON' is present on page  using regular expression

2022-05-11 19:36:06 - [MESSAGE][PASSED] - Text 'ARLINGTON' is present on page  using regular expression

2022-05-11 19:36:06 - [TEST_STEP][PASSED] - verifyTextPresent("VA", true): Text 'VA' is present on page  using regular expression

2022-05-11 19:36:07 - [MESSAGE][PASSED] - Text 'VA' is present on page  using regular expression

2022-05-11 19:36:07 - [TEST_STEP][PASSED] - verifyTextPresent("22201", true): Text '22201' is present on page  using regular expression

2022-05-11 19:36:07 - [MESSAGE][PASSED] - Text '22201' is present on page  using regular expression

2022-05-11 19:36:07 - [TEST_STEP][PASSED] - cardTypeV = findTestData(dataFile).getValue("CardType", row): null

2022-05-11 19:36:07 - [TEST_STEP][PASSED] - last4V = findTestData(dataFile).getValue("Last4", row): null

2022-05-11 19:36:07 - [TEST_STEP][PASSED] - verifyTextPresent(cardTypeV, true): Text 'MasterCard' is present on page  using regular expression

2022-05-11 19:36:07 - [MESSAGE][PASSED] - Text 'MasterCard' is present on page  using regular expression

2022-05-11 19:36:07 - [TEST_STEP][PASSED] - verifyTextPresent(last4V, true): Text '0035' is present on page  using regular expression

2022-05-11 19:36:08 - [MESSAGE][PASSED] - Text '0035' is present on page  using regular expression

2022-05-11 19:36:08 - [TEST_STEP][PASSED] - switch (appName): null

2022-05-11 19:36:08 - [TEST_STEP][PASSED] - case "a_Access AutoSingleCFtpQA":: null

2022-05-11 19:36:08 - [TEST_STEP][PASSED] - verifyTextPresent("5.00", true): Text '5.00' is present on page  using regular expression

2022-05-11 19:36:08 - [MESSAGE][PASSED] - Text '5.00' is present on page  using regular expression

2022-05-11 19:36:08 - [TEST_STEP][PASSED] - verifyTextPresent("Single Transaction", true): Text 'Single Transaction' is present on page  using regular expression

2022-05-11 19:36:08 - [MESSAGE][PASSED] - Text 'Single Transaction' is present on page  using regular expression

2022-05-11 19:36:08 - [TEST_STEP][PASSED] - verifyTextPresent("7.50", true): Text '7.50' is present on page  using regular expression

2022-05-11 19:36:09 - [MESSAGE][PASSED] - Text '7.50' is present on page  using regular expression

2022-05-11 19:36:09 - [TEST_STEP][PASSED] - verifyTextPresent("Total Amount", true): Text 'Total Amount' is present on page  using regular expression

2022-05-11 19:36:09 - [MESSAGE][PASSED] - Text 'Total Amount' is present on page  using regular expression

2022-05-11 19:36:09 - [TEST_STEP][PASSED] - verifyTextPresent("Transaction Type", true): Text 'Transaction Type' is present on page  using regular expression

2022-05-11 19:36:09 - [MESSAGE][PASSED] - Text 'Transaction Type' is present on page  using regular expression

2022-05-11 19:36:09 - [TEST_STEP][PASSED] - break: null

2022-05-11 19:36:09 - [TEST_STEP][PASSED] - closeBrowser(): Browser is closed

2022-05-11 19:36:10 - [MESSAGE][PASSED] - Browser is closed

2022-05-11 19:36:10 - [TEST_STEP][PASSED] - ExecuteTC = findTestData(dataFile).getValue("Execute", row): null

2022-05-11 19:36:10 - [TEST_STEP][PASSED] - out.println("Value of Execute is : " + ExecuteTC): null

2022-05-11 19:36:10 - [TEST_STEP][PASSED] - switch (executionProfile): null

2022-05-11 19:36:10 - [TEST_STEP][PASSED] - case "QAProfile":: null

2022-05-11 19:36:10 - [TEST_STEP][PASSED] - appName = findTestData(dataFile).getValue("AppNameQA", row): null

2022-05-11 19:36:10 - [TEST_STEP][PASSED] - appID = findTestData(dataFile).getValue("AppIDQA", row): null

2022-05-11 19:36:10 - [TEST_STEP][PASSED] - break: null

2022-05-11 19:36:10 - [TEST_STEP][PASSED] - if (ExecuteTC.equalsIgnoreCase("Y")): null

2022-05-11 19:36:10 - [TEST_STEP][PASSED] - out.println("Begin Record Number: " + row): null

2022-05-11 19:36:10 - [TEST_STEP][PASSED] - today = new java.util.Date(): null

2022-05-11 19:36:10 - [TEST_STEP][PASSED] - println(today): null

2022-05-11 19:36:10 - [TEST_STEP][PASSED] - datText = today: null

2022-05-11 19:36:10 - [TEST_STEP][PASSED] - adminSuiteBootstrap.loginFunctionality.login_AdminSuite(): adminSuiteBootstrap.loginFunctionality.login_AdminSuite is PASSED

2022-05-11 19:36:10 - [MESSAGE][INFO] - Starting 'Chrome' driver

2022-05-11 19:36:10 - [MESSAGE][INFO] - User set preference: ['acceptInsecureCerts', 'true']

2022-05-11 19:36:10 - [MESSAGE][INFO] - Action delay is set to 0 milliseconds

2022-05-11 19:36:13 - [MESSAGE][PASSED] - Browser is opened with url: 'https://qa.velocitypayment.com/admin/imtiaz'

2022-05-11 19:36:13 - [MESSAGE][PASSED] - Current window maximized

2022-05-11 19:36:13 - [MESSAGE][PASSED] - Object 'Object Repository/Login_Page/Login_Username' is present

2022-05-11 19:36:14 - [MESSAGE][PASSED] - Text 'iahmed' is set on object 'Object Repository/Login_Page/Login_Username'

2022-05-11 19:36:15 - [MESSAGE][PASSED] - Text 'hello2222' is set on object 'Object Repository/Login_Page/Login_Password'

2022-05-11 19:36:18 - [MESSAGE][PASSED] - Object: 'Object Repository/Login_Page/Login_Submit' is clicked on

2022-05-11 19:36:18 - [MESSAGE][PASSED] - adminSuiteBootstrap.loginFunctionality.login_AdminSuite is PASSED

2022-05-11 19:36:18 - [TEST_STEP][PASSED] - click(findTestObject(path_Dashboard + appName)): Object: 'Object Repository/AdminSuiteBootstrap_Pages/Dashboard_Bootstrap/a_Access AutoSingleCFtpQA' is clicked on

2022-05-11 19:36:19 - [MESSAGE][PASSED] - Object: 'Object Repository/AdminSuiteBootstrap_Pages/Dashboard_Bootstrap/a_Access AutoSingleCFtpQA' is clicked on

2022-05-11 19:36:19 - [TEST_STEP][PASSED] - click(findTestObject(path_VT + "a_Find Profile")): Object: 'Object Repository/AdminSuiteBootstrap_Pages/VT_Bootstrap/IssueTransactions/a_Find Profile' is clicked on

2022-05-11 19:36:19 - [MESSAGE][PASSED] - Object: 'Object Repository/AdminSuiteBootstrap_Pages/VT_Bootstrap/IssueTransactions/a_Find Profile' is clicked on

2022-05-11 19:36:19 - [TEST_STEP][PASSED] - criteria = <not implemented yet for class: org.codehaus.groovy.ast.expr.EmptyExpression>: null

2022-05-11 19:36:19 - [TEST_STEP][PASSED] - searchBy = <not implemented yet for class: org.codehaus.groovy.ast.expr.EmptyExpression>: null

2022-05-11 19:36:19 - [TEST_STEP][PASSED] - criteria = findTestData(dataFile).getValue("ProfileName", row): null

2022-05-11 19:36:19 - [TEST_STEP][PASSED] - path_SearchProfile = "Object Repository/AdminSuiteBootstrap_Pages/VSP_Bootstrap/SearchProfile/": null

2022-05-11 19:36:19 - [TEST_STEP][PASSED] - setText(findTestObject(path_SearchProfile + "input_Criteria"), criteria): Text 'PaymentsAmEx' is set on object 'Object Repository/AdminSuiteBootstrap_Pages/VSP_Bootstrap/SearchProfile/input_Criteria'

2022-05-11 19:36:20 - [MESSAGE][PASSED] - Text 'PaymentsAmEx' is set on object 'Object Repository/AdminSuiteBootstrap_Pages/VSP_Bootstrap/SearchProfile/input_Criteria'

2022-05-11 19:36:20 - [TEST_STEP][PASSED] - click(findTestObject(path_SearchProfile + "button_Search")): Object: 'Object Repository/AdminSuiteBootstrap_Pages/VSP_Bootstrap/SearchProfile/button_Search' is clicked on

2022-05-11 19:36:21 - [MESSAGE][PASSED] - Object: 'Object Repository/AdminSuiteBootstrap_Pages/VSP_Bootstrap/SearchProfile/button_Search' is clicked on

2022-05-11 19:36:21 - [TEST_STEP][PASSED] - profNameLink = findTestData(dataFile).getValue("ProfileNameLink", row): null

2022-05-11 19:36:21 - [TEST_STEP][PASSED] - click(findTestObject(path_ViewProfile + profNameLink)): Object: 'Object Repository/AdminSuiteBootstrap_Pages/VSP_Bootstrap/View Profile/a_PaymentsAmEx' is clicked on

2022-05-11 19:36:23 - [MESSAGE][PASSED] - Object: 'Object Repository/AdminSuiteBootstrap_Pages/VSP_Bootstrap/View Profile/a_PaymentsAmEx' is clicked on

2022-05-11 19:36:23 - [TEST_STEP][PASSED] - click(findTestObject(path_ViewProfile + "a_AuthCap")): Object: 'Object Repository/AdminSuiteBootstrap_Pages/VSP_Bootstrap/View Profile/a_AuthCap' is clicked on

2022-05-11 19:36:24 - [MESSAGE][PASSED] - Object: 'Object Repository/AdminSuiteBootstrap_Pages/VSP_Bootstrap/View Profile/a_AuthCap' is clicked on

2022-05-11 19:36:24 - [TEST_STEP][PASSED] - verifyTextPresent("Credit Card Authorization Capture", true): Text 'Credit Card Authorization Capture' is present on page  using regular expression

2022-05-11 19:36:25 - [MESSAGE][PASSED] - Text 'Credit Card Authorization Capture' is present on page  using regular expression

2022-05-11 19:36:25 - [TEST_STEP][PASSED] - verifyTextPresent("Sale", true): Text 'Sale' is present on page  using regular expression

2022-05-11 19:36:25 - [MESSAGE][PASSED] - Text 'Sale' is present on page  using regular expression

2022-05-11 19:36:25 - [TEST_STEP][PASSED] - verifyTextPresent("Required fields are highlighted with an asterisk", true): Text 'Required fields are highlighted with an asterisk' is present on page  using regular expression

2022-05-11 19:36:25 - [MESSAGE][PASSED] - Text 'Required fields are highlighted with an asterisk' is present on page  using regular expression

2022-05-11 19:36:25 - [TEST_STEP][PASSED] - verifyTextPresent("Remittance ID", true): Text 'Remittance ID' is present on page  using regular expression

2022-05-11 19:36:26 - [MESSAGE][PASSED] - Text 'Remittance ID' is present on page  using regular expression

2022-05-11 19:36:26 - [TEST_STEP][PASSED] - vspBootstrap.SalePage.setDataSaleAndAuth(row, dataFile): vspBootstrap.SalePage.setDataSaleAndAuth is PASSED

2022-05-11 19:36:27 - [MESSAGE][PASSED] - All options with value 'RETL' are selected in object 'Object Repository/AdminSuiteBootstrap_Pages/VSP_Bootstrap/VSP_Authcap/select_TransactionCategory'  using regular expression

2022-05-11 19:36:28 - [MESSAGE][PASSED] - Text '1234' is set on object 'Object Repository/AdminSuiteBootstrap_Pages/VSP_Bootstrap/VSP_Authcap/input_cvv'

2022-05-11 19:36:29 - [MESSAGE][PASSED] - Text '' is set on object 'Object Repository/AdminSuiteBootstrap_Pages/VSP_Bootstrap/VSP_Authcap/input_smsNumber'

2022-05-11 19:36:29 - [MESSAGE][PASSED] - Text '2.50' is set on object 'Object Repository/AdminSuiteBootstrap_Pages/VSP_Bootstrap/VSP_Authcap/input_amount'

2022-05-11 19:36:30 - [MESSAGE][PASSED] - Text 'Delhi' is set on object 'Object Repository/AdminSuiteBootstrap_Pages/VSP_Bootstrap/VSP_Authcap/input_userDefined1'

2022-05-11 19:36:31 - [MESSAGE][PASSED] - Text 'Chennai' is set on object 'Object Repository/AdminSuiteBootstrap_Pages/VSP_Bootstrap/VSP_Authcap/input_userDefined2'

2022-05-11 19:36:32 - [MESSAGE][PASSED] - Text 'Mumbai' is set on object 'Object Repository/AdminSuiteBootstrap_Pages/VSP_Bootstrap/VSP_Authcap/input_userDefined3'

2022-05-11 19:36:33 - [MESSAGE][PASSED] - Text 'Kanpur' is set on object 'Object Repository/AdminSuiteBootstrap_Pages/VSP_Bootstrap/VSP_Authcap/input_userDefined4'

2022-05-11 19:36:33 - [MESSAGE][PASSED] - All options with label 'Orange' are selected in object 'Object Repository/AdminSuiteBootstrap_Pages/VSP_Bootstrap/VSP_Authcap/select_UDF5'  using regular expression

2022-05-11 19:36:34 - [MESSAGE][PASSED] - All options with label 'Yellow' are selected in object 'Object Repository/AdminSuiteBootstrap_Pages/VSP_Bootstrap/VSP_Authcap/select_UDF6'  using regular expression

2022-05-11 19:36:35 - [MESSAGE][PASSED] - Text 'Kolkata' is set on object 'Object Repository/AdminSuiteBootstrap_Pages/VSP_Bootstrap/VSP_Authcap/input_userDefined7'

2022-05-11 19:36:36 - [MESSAGE][PASSED] - Text 'Pune' is set on object 'Object Repository/AdminSuiteBootstrap_Pages/VSP_Bootstrap/VSP_Authcap/input_userDefined8'

2022-05-11 19:36:36 - [MESSAGE][PASSED] - Text 'Bhavnagar' is set on object 'Object Repository/AdminSuiteBootstrap_Pages/VSP_Bootstrap/VSP_Authcap/input_userDefined9'

2022-05-11 19:36:37 - [MESSAGE][PASSED] - Text 'Noida' is set on object 'Object Repository/AdminSuiteBootstrap_Pages/VSP_Bootstrap/VSP_Authcap/input_userDefined10'

2022-05-11 19:36:39 - [MESSAGE][PASSED] - Object: 'Object Repository/AdminSuiteBootstrap_Pages/VSP_Bootstrap/VSP_Authcap/button_Submit' is clicked on

2022-05-11 19:36:39 - [MESSAGE][PASSED] - vspBootstrap.SalePage.setDataSaleAndAuth is PASSED

2022-05-11 19:36:39 - [TEST_STEP][PASSED] - verifyTextPresent("Transaction Successful", true): Text 'Transaction Successful' is present on page  using regular expression

2022-05-11 19:36:40 - [MESSAGE][PASSED] - Text 'Transaction Successful' is present on page  using regular expression

2022-05-11 19:36:40 - [TEST_STEP][PASSED] - verifyElementVisible(findTestObject("Object Repository/AdminSuiteBootstrap_Pages/VT_Bootstrap/Receipt/button_Continue")): Object 'Object Repository/AdminSuiteBootstrap_Pages/VT_Bootstrap/Receipt/button_Continue' is visible

2022-05-11 19:36:40 - [MESSAGE][PASSED] - Object 'Object Repository/AdminSuiteBootstrap_Pages/VT_Bootstrap/Receipt/button_Continue' is visible

2022-05-11 19:36:40 - [TEST_STEP][PASSED] - verifyElementPresent(findTestObject("Object Repository/AdminSuiteBootstrap_Pages/VT_Bootstrap/Receipt/button_Continue"), 20): Object 'Object Repository/AdminSuiteBootstrap_Pages/VT_Bootstrap/Receipt/button_Continue' is present

2022-05-11 19:36:41 - [MESSAGE][PASSED] - Object 'Object Repository/AdminSuiteBootstrap_Pages/VT_Bootstrap/Receipt/button_Continue' is present

2022-05-11 19:36:41 - [TEST_STEP][PASSED] - verifyElementVisible(findTestObject("Object Repository/AdminSuiteBootstrap_Pages/VT_Bootstrap/Receipt/button_Print")): Object 'Object Repository/AdminSuiteBootstrap_Pages/VT_Bootstrap/Receipt/button_Print' is visible

2022-05-11 19:36:41 - [MESSAGE][PASSED] - Object 'Object Repository/AdminSuiteBootstrap_Pages/VT_Bootstrap/Receipt/button_Print' is visible

2022-05-11 19:36:41 - [TEST_STEP][PASSED] - verifyElementPresent(findTestObject("Object Repository/AdminSuiteBootstrap_Pages/VT_Bootstrap/Receipt/button_Print"), 20): Object 'Object Repository/AdminSuiteBootstrap_Pages/VT_Bootstrap/Receipt/button_Print' is present

2022-05-11 19:36:41 - [MESSAGE][PASSED] - Object 'Object Repository/AdminSuiteBootstrap_Pages/VT_Bootstrap/Receipt/button_Print' is present

2022-05-11 19:36:41 - [TEST_STEP][PASSED] - verifyTextPresent("Remittance ID", true): Text 'Remittance ID' is present on page  using regular expression

2022-05-11 19:36:42 - [MESSAGE][PASSED] - Text 'Remittance ID' is present on page  using regular expression

2022-05-11 19:36:42 - [TEST_STEP][PASSED] - verifyTextPresent("Received", true): Text 'Received' is present on page  using regular expression

2022-05-11 19:36:42 - [MESSAGE][PASSED] - Text 'Received' is present on page  using regular expression

2022-05-11 19:36:42 - [TEST_STEP][PASSED] - verifyTextPresent("UDF1", true): Text 'UDF1' is present on page  using regular expression

2022-05-11 19:36:42 - [MESSAGE][PASSED] - Text 'UDF1' is present on page  using regular expression

2022-05-11 19:36:42 - [TEST_STEP][PASSED] - verifyTextPresent("UDF2", true): Text 'UDF2' is present on page  using regular expression

2022-05-11 19:36:42 - [MESSAGE][PASSED] - Text 'UDF2' is present on page  using regular expression

2022-05-11 19:36:42 - [TEST_STEP][PASSED] - verifyTextPresent("UDF3", true): Text 'UDF3' is present on page  using regular expression

2022-05-11 19:36:43 - [MESSAGE][PASSED] - Text 'UDF3' is present on page  using regular expression

2022-05-11 19:36:43 - [TEST_STEP][PASSED] - verifyTextPresent("UDF4", true): Text 'UDF4' is present on page  using regular expression

2022-05-11 19:36:43 - [MESSAGE][PASSED] - Text 'UDF4' is present on page  using regular expression

2022-05-11 19:36:43 - [TEST_STEP][PASSED] - verifyTextPresent("UDF5", true): Text 'UDF5' is present on page  using regular expression

2022-05-11 19:36:43 - [MESSAGE][PASSED] - Text 'UDF5' is present on page  using regular expression

2022-05-11 19:36:43 - [TEST_STEP][PASSED] - verifyTextPresent("UDF6", true): Text 'UDF6' is present on page  using regular expression

2022-05-11 19:36:44 - [MESSAGE][PASSED] - Text 'UDF6' is present on page  using regular expression

2022-05-11 19:36:44 - [TEST_STEP][PASSED] - verifyTextPresent("UDF7", true): Text 'UDF7' is present on page  using regular expression

2022-05-11 19:36:44 - [MESSAGE][PASSED] - Text 'UDF7' is present on page  using regular expression

2022-05-11 19:36:44 - [TEST_STEP][PASSED] - verifyTextPresent("UDF8", true): Text 'UDF8' is present on page  using regular expression

2022-05-11 19:36:44 - [MESSAGE][PASSED] - Text 'UDF8' is present on page  using regular expression

2022-05-11 19:36:44 - [TEST_STEP][PASSED] - verifyTextPresent("UDF9", true): Text 'UDF9' is present on page  using regular expression

2022-05-11 19:36:45 - [MESSAGE][PASSED] - Text 'UDF9' is present on page  using regular expression

2022-05-11 19:36:45 - [TEST_STEP][PASSED] - verifyTextPresent("UDF 10", true): Text 'UDF 10' is present on page  using regular expression

2022-05-11 19:36:45 - [MESSAGE][PASSED] - Text 'UDF 10' is present on page  using regular expression

2022-05-11 19:36:45 - [TEST_STEP][PASSED] - verifyTextPresent("Delhi", true): Text 'Delhi' is present on page  using regular expression

2022-05-11 19:36:45 - [MESSAGE][PASSED] - Text 'Delhi' is present on page  using regular expression

2022-05-11 19:36:45 - [TEST_STEP][PASSED] - verifyTextPresent("Chennai", true): Text 'Chennai' is present on page  using regular expression

2022-05-11 19:36:46 - [MESSAGE][PASSED] - Text 'Chennai' is present on page  using regular expression

2022-05-11 19:36:46 - [TEST_STEP][PASSED] - verifyTextPresent("Mumbai", true): Text 'Mumbai' is present on page  using regular expression

2022-05-11 19:36:46 - [MESSAGE][PASSED] - Text 'Mumbai' is present on page  using regular expression

2022-05-11 19:36:46 - [TEST_STEP][PASSED] - verifyTextPresent("Kanpur", true): Text 'Kanpur' is present on page  using regular expression

2022-05-11 19:36:46 - [MESSAGE][PASSED] - Text 'Kanpur' is present on page  using regular expression

2022-05-11 19:36:46 - [TEST_STEP][PASSED] - verifyTextPresent("Orange Recorded", true): Text 'Orange Recorded' is present on page  using regular expression

2022-05-11 19:36:47 - [MESSAGE][PASSED] - Text 'Orange Recorded' is present on page  using regular expression

2022-05-11 19:36:47 - [TEST_STEP][PASSED] - verifyTextPresent("Yellow Recorded", true): Text 'Yellow Recorded' is present on page  using regular expression

2022-05-11 19:36:47 - [MESSAGE][PASSED] - Text 'Yellow Recorded' is present on page  using regular expression

2022-05-11 19:36:47 - [TEST_STEP][PASSED] - verifyTextPresent("Kolkata", true): Text 'Kolkata' is present on page  using regular expression

2022-05-11 19:36:47 - [MESSAGE][PASSED] - Text 'Kolkata' is present on page  using regular expression

2022-05-11 19:36:47 - [TEST_STEP][PASSED] - verifyTextPresent("Pune", true): Text 'Pune' is present on page  using regular expression

2022-05-11 19:36:48 - [MESSAGE][PASSED] - Text 'Pune' is present on page  using regular expression

2022-05-11 19:36:48 - [TEST_STEP][PASSED] - verifyTextPresent("Bhavnagar", true): Text 'Bhavnagar' is present on page  using regular expression

2022-05-11 19:36:48 - [MESSAGE][PASSED] - Text 'Bhavnagar' is present on page  using regular expression

2022-05-11 19:36:48 - [TEST_STEP][PASSED] - verifyTextPresent("Noida", true): Text 'Noida' is present on page  using regular expression

2022-05-11 19:36:48 - [MESSAGE][PASSED] - Text 'Noida' is present on page  using regular expression

2022-05-11 19:36:48 - [TEST_STEP][PASSED] - verifyTextPresent("Amount", true): Text 'Amount' is present on page  using regular expression

2022-05-11 19:36:49 - [MESSAGE][PASSED] - Text 'Amount' is present on page  using regular expression

2022-05-11 19:36:49 - [TEST_STEP][PASSED] - verifyTextPresent("2.50", true): Text '2.50' is present on page  using regular expression

2022-05-11 19:36:49 - [MESSAGE][PASSED] - Text '2.50' is present on page  using regular expression

2022-05-11 19:36:49 - [TEST_STEP][PASSED] - verifyTextPresent("Authorization and Capture", true): Text 'Authorization and Capture' is present on page  using regular expression

2022-05-11 19:36:49 - [MESSAGE][PASSED] - Text 'Authorization and Capture' is present on page  using regular expression

2022-05-11 19:36:49 - [TEST_STEP][PASSED] - verifyTextPresent("Card Information", true): Text 'Card Information' is present on page  using regular expression

2022-05-11 19:36:50 - [MESSAGE][PASSED] - Text 'Card Information' is present on page  using regular expression

2022-05-11 19:36:50 - [TEST_STEP][PASSED] - verifyTextPresent("TANDON RAVENA", true): Text 'TANDON RAVENA' is present on page  using regular expression

2022-05-11 19:36:50 - [MESSAGE][PASSED] - Text 'TANDON RAVENA' is present on page  using regular expression

2022-05-11 19:36:50 - [TEST_STEP][PASSED] - verifyTextPresent("Address Line 1", true): Text 'Address Line 1' is present on page  using regular expression

2022-05-11 19:36:50 - [MESSAGE][PASSED] - Text 'Address Line 1' is present on page  using regular expression

2022-05-11 19:36:50 - [TEST_STEP][PASSED] - verifyTextPresent("Address Line 2", true): Text 'Address Line 2' is present on page  using regular expression

2022-05-11 19:36:51 - [MESSAGE][PASSED] - Text 'Address Line 2' is present on page  using regular expression

2022-05-11 19:36:51 - [TEST_STEP][PASSED] - verifyTextPresent("Country", true): Text 'Country' is present on page  using regular expression

2022-05-11 19:36:51 - [MESSAGE][PASSED] - Text 'Country' is present on page  using regular expression

2022-05-11 19:36:51 - [TEST_STEP][PASSED] - verifyTextPresent("City", true): Text 'City' is present on page  using regular expression

2022-05-11 19:36:51 - [MESSAGE][PASSED] - Text 'City' is present on page  using regular expression

2022-05-11 19:36:51 - [TEST_STEP][PASSED] - verifyTextPresent("State", true): Text 'State' is present on page  using regular expression

2022-05-11 19:36:52 - [MESSAGE][PASSED] - Text 'State' is present on page  using regular expression

2022-05-11 19:36:52 - [TEST_STEP][PASSED] - verifyTextPresent("ZIP Code", true): Text 'ZIP Code' is present on page  using regular expression

2022-05-11 19:36:52 - [MESSAGE][PASSED] - Text 'ZIP Code' is present on page  using regular expression

2022-05-11 19:36:52 - [TEST_STEP][PASSED] - verifyTextPresent("248 PhoolKaante road", true): Text '248 PhoolKaante road' is present on page  using regular expression

2022-05-11 19:36:52 - [MESSAGE][PASSED] - Text '248 PhoolKaante road' is present on page  using regular expression

2022-05-11 19:36:52 - [TEST_STEP][PASSED] - verifyTextPresent("Suite 678", true): Text 'Suite 678' is present on page  using regular expression

2022-05-11 19:36:53 - [MESSAGE][PASSED] - Text 'Suite 678' is present on page  using regular expression

2022-05-11 19:36:53 - [TEST_STEP][PASSED] - verifyTextPresent("United States", true): Text 'United States' is present on page  using regular expression

2022-05-11 19:36:53 - [MESSAGE][PASSED] - Text 'United States' is present on page  using regular expression

2022-05-11 19:36:53 - [TEST_STEP][PASSED] - verifyTextPresent("ARLINGTON", true): Text 'ARLINGTON' is present on page  using regular expression

2022-05-11 19:36:53 - [MESSAGE][PASSED] - Text 'ARLINGTON' is present on page  using regular expression

2022-05-11 19:36:53 - [TEST_STEP][PASSED] - verifyTextPresent("VA", true): Text 'VA' is present on page  using regular expression

2022-05-11 19:36:54 - [MESSAGE][PASSED] - Text 'VA' is present on page  using regular expression

2022-05-11 19:36:54 - [TEST_STEP][PASSED] - verifyTextPresent("22201", true): Text '22201' is present on page  using regular expression

2022-05-11 19:36:54 - [MESSAGE][PASSED] - Text '22201' is present on page  using regular expression

2022-05-11 19:36:54 - [TEST_STEP][PASSED] - cardTypeV = findTestData(dataFile).getValue("CardType", row): null

2022-05-11 19:36:54 - [TEST_STEP][PASSED] - last4V = findTestData(dataFile).getValue("Last4", row): null

2022-05-11 19:36:54 - [TEST_STEP][PASSED] - verifyTextPresent(cardTypeV, true): Text 'American Express' is present on page  using regular expression

2022-05-11 19:36:54 - [MESSAGE][PASSED] - Text 'American Express' is present on page  using regular expression

2022-05-11 19:36:54 - [TEST_STEP][PASSED] - verifyTextPresent(last4V, true): Text '2376' is present on page  using regular expression

2022-05-11 19:36:55 - [MESSAGE][PASSED] - Text '2376' is present on page  using regular expression

2022-05-11 19:36:55 - [TEST_STEP][PASSED] - switch (appName): null

2022-05-11 19:36:55 - [TEST_STEP][PASSED] - case "a_Access AutoSingleCFtpQA":: null

2022-05-11 19:36:55 - [TEST_STEP][PASSED] - verifyTextPresent("5.00", true): Text '5.00' is present on page  using regular expression

2022-05-11 19:36:55 - [MESSAGE][PASSED] - Text '5.00' is present on page  using regular expression

2022-05-11 19:36:55 - [TEST_STEP][PASSED] - verifyTextPresent("Single Transaction", true): Text 'Single Transaction' is present on page  using regular expression

2022-05-11 19:36:55 - [MESSAGE][PASSED] - Text 'Single Transaction' is present on page  using regular expression

2022-05-11 19:36:55 - [TEST_STEP][PASSED] - verifyTextPresent("7.50", true): Text '7.50' is present on page  using regular expression

2022-05-11 19:36:56 - [MESSAGE][PASSED] - Text '7.50' is present on page  using regular expression

2022-05-11 19:36:56 - [TEST_STEP][PASSED] - verifyTextPresent("Total Amount", true): Text 'Total Amount' is present on page  using regular expression

2022-05-11 19:36:56 - [MESSAGE][PASSED] - Text 'Total Amount' is present on page  using regular expression

2022-05-11 19:36:56 - [TEST_STEP][PASSED] - verifyTextPresent("Transaction Type", true): Text 'Transaction Type' is present on page  using regular expression

2022-05-11 19:36:56 - [MESSAGE][PASSED] - Text 'Transaction Type' is present on page  using regular expression

2022-05-11 19:36:56 - [TEST_STEP][PASSED] - break: null

2022-05-11 19:36:56 - [TEST_STEP][PASSED] - closeBrowser(): Browser is closed

2022-05-11 19:36:57 - [MESSAGE][PASSED] - Browser is closed

2022-05-11 19:36:57 - [TEST_STEP][PASSED] - ExecuteTC = findTestData(dataFile).getValue("Execute", row): null

2022-05-11 19:36:57 - [TEST_STEP][PASSED] - out.println("Value of Execute is : " + ExecuteTC): null

2022-05-11 19:36:57 - [TEST_STEP][PASSED] - switch (executionProfile): null

2022-05-11 19:36:57 - [TEST_STEP][PASSED] - case "QAProfile":: null

2022-05-11 19:36:57 - [TEST_STEP][PASSED] - appName = findTestData(dataFile).getValue("AppNameQA", row): null

2022-05-11 19:36:57 - [TEST_STEP][PASSED] - appID = findTestData(dataFile).getValue("AppIDQA", row): null

2022-05-11 19:36:57 - [TEST_STEP][PASSED] - break: null

2022-05-11 19:36:57 - [TEST_STEP][PASSED] - if (ExecuteTC.equalsIgnoreCase("Y")): null

2022-05-11 19:36:57 - [TEST_STEP][PASSED] - out.println("Begin Record Number: " + row): null

2022-05-11 19:36:57 - [TEST_STEP][PASSED] - today = new java.util.Date(): null

2022-05-11 19:36:57 - [TEST_STEP][PASSED] - println(today): null

2022-05-11 19:36:57 - [TEST_STEP][PASSED] - datText = today: null

2022-05-11 19:36:57 - [TEST_STEP][PASSED] - adminSuiteBootstrap.loginFunctionality.login_AdminSuite(): adminSuiteBootstrap.loginFunctionality.login_AdminSuite is PASSED

2022-05-11 19:36:57 - [MESSAGE][INFO] - Starting 'Chrome' driver

2022-05-11 19:36:57 - [MESSAGE][INFO] - User set preference: ['acceptInsecureCerts', 'true']

2022-05-11 19:36:57 - [MESSAGE][INFO] - Action delay is set to 0 milliseconds

2022-05-11 19:37:00 - [MESSAGE][PASSED] - Browser is opened with url: 'https://qa.velocitypayment.com/admin/imtiaz'

2022-05-11 19:37:00 - [MESSAGE][PASSED] - Current window maximized

2022-05-11 19:37:00 - [MESSAGE][PASSED] - Object 'Object Repository/Login_Page/Login_Username' is present

2022-05-11 19:37:01 - [MESSAGE][PASSED] - Text 'iahmed' is set on object 'Object Repository/Login_Page/Login_Username'

2022-05-11 19:37:02 - [MESSAGE][PASSED] - Text 'hello2222' is set on object 'Object Repository/Login_Page/Login_Password'

2022-05-11 19:37:05 - [MESSAGE][PASSED] - Object: 'Object Repository/Login_Page/Login_Submit' is clicked on

2022-05-11 19:37:05 - [MESSAGE][PASSED] - adminSuiteBootstrap.loginFunctionality.login_AdminSuite is PASSED

2022-05-11 19:37:05 - [TEST_STEP][PASSED] - click(findTestObject(path_Dashboard + appName)): Object: 'Object Repository/AdminSuiteBootstrap_Pages/Dashboard_Bootstrap/a_Access AutoSingleCFtpQA' is clicked on

2022-05-11 19:37:06 - [MESSAGE][PASSED] - Object: 'Object Repository/AdminSuiteBootstrap_Pages/Dashboard_Bootstrap/a_Access AutoSingleCFtpQA' is clicked on

2022-05-11 19:37:06 - [TEST_STEP][PASSED] - click(findTestObject(path_VT + "a_Find Profile")): Object: 'Object Repository/AdminSuiteBootstrap_Pages/VT_Bootstrap/IssueTransactions/a_Find Profile' is clicked on

2022-05-11 19:37:06 - [MESSAGE][PASSED] - Object: 'Object Repository/AdminSuiteBootstrap_Pages/VT_Bootstrap/IssueTransactions/a_Find Profile' is clicked on

2022-05-11 19:37:06 - [TEST_STEP][PASSED] - criteria = <not implemented yet for class: org.codehaus.groovy.ast.expr.EmptyExpression>: null

2022-05-11 19:37:06 - [TEST_STEP][PASSED] - searchBy = <not implemented yet for class: org.codehaus.groovy.ast.expr.EmptyExpression>: null

2022-05-11 19:37:06 - [TEST_STEP][PASSED] - criteria = findTestData(dataFile).getValue("ProfileName", row): null

2022-05-11 19:37:06 - [TEST_STEP][PASSED] - path_SearchProfile = "Object Repository/AdminSuiteBootstrap_Pages/VSP_Bootstrap/SearchProfile/": null

2022-05-11 19:37:06 - [TEST_STEP][PASSED] - setText(findTestObject(path_SearchProfile + "input_Criteria"), criteria): Text 'PaymentsDI' is set on object 'Object Repository/AdminSuiteBootstrap_Pages/VSP_Bootstrap/SearchProfile/input_Criteria'

2022-05-11 19:37:07 - [MESSAGE][PASSED] - Text 'PaymentsDI' is set on object 'Object Repository/AdminSuiteBootstrap_Pages/VSP_Bootstrap/SearchProfile/input_Criteria'

2022-05-11 19:37:07 - [TEST_STEP][PASSED] - click(findTestObject(path_SearchProfile + "button_Search")): Object: 'Object Repository/AdminSuiteBootstrap_Pages/VSP_Bootstrap/SearchProfile/button_Search' is clicked on

2022-05-11 19:37:08 - [MESSAGE][PASSED] - Object: 'Object Repository/AdminSuiteBootstrap_Pages/VSP_Bootstrap/SearchProfile/button_Search' is clicked on

2022-05-11 19:37:08 - [TEST_STEP][PASSED] - profNameLink = findTestData(dataFile).getValue("ProfileNameLink", row): null

2022-05-11 19:37:08 - [TEST_STEP][PASSED] - click(findTestObject(path_ViewProfile + profNameLink)): Object: 'Object Repository/AdminSuiteBootstrap_Pages/VSP_Bootstrap/View Profile/a_PaymentsDI' is clicked on

2022-05-11 19:37:09 - [MESSAGE][PASSED] - Object: 'Object Repository/AdminSuiteBootstrap_Pages/VSP_Bootstrap/View Profile/a_PaymentsDI' is clicked on

2022-05-11 19:37:09 - [TEST_STEP][PASSED] - click(findTestObject(path_ViewProfile + "a_AuthCap")): Object: 'Object Repository/AdminSuiteBootstrap_Pages/VSP_Bootstrap/View Profile/a_AuthCap' is clicked on

2022-05-11 19:37:11 - [MESSAGE][PASSED] - Object: 'Object Repository/AdminSuiteBootstrap_Pages/VSP_Bootstrap/View Profile/a_AuthCap' is clicked on

2022-05-11 19:37:11 - [TEST_STEP][PASSED] - verifyTextPresent("Credit Card Authorization Capture", true): Text 'Credit Card Authorization Capture' is present on page  using regular expression

2022-05-11 19:37:11 - [MESSAGE][PASSED] - Text 'Credit Card Authorization Capture' is present on page  using regular expression

2022-05-11 19:37:11 - [TEST_STEP][PASSED] - verifyTextPresent("Sale", true): Text 'Sale' is present on page  using regular expression

2022-05-11 19:37:12 - [MESSAGE][PASSED] - Text 'Sale' is present on page  using regular expression

2022-05-11 19:37:12 - [TEST_STEP][PASSED] - verifyTextPresent("Required fields are highlighted with an asterisk", true): Text 'Required fields are highlighted with an asterisk' is present on page  using regular expression

2022-05-11 19:37:12 - [MESSAGE][PASSED] - Text 'Required fields are highlighted with an asterisk' is present on page  using regular expression

2022-05-11 19:37:12 - [TEST_STEP][PASSED] - verifyTextPresent("Remittance ID", true): Text 'Remittance ID' is present on page  using regular expression

2022-05-11 19:37:12 - [MESSAGE][PASSED] - Text 'Remittance ID' is present on page  using regular expression

2022-05-11 19:37:12 - [TEST_STEP][PASSED] - vspBootstrap.SalePage.setDataSaleAndAuth(row, dataFile): vspBootstrap.SalePage.setDataSaleAndAuth is PASSED

2022-05-11 19:37:14 - [MESSAGE][PASSED] - All options with value 'RETL' are selected in object 'Object Repository/AdminSuiteBootstrap_Pages/VSP_Bootstrap/VSP_Authcap/select_TransactionCategory'  using regular expression

2022-05-11 19:37:14 - [MESSAGE][PASSED] - Text '123' is set on object 'Object Repository/AdminSuiteBootstrap_Pages/VSP_Bootstrap/VSP_Authcap/input_cvv'

2022-05-11 19:37:15 - [MESSAGE][PASSED] - Text '' is set on object 'Object Repository/AdminSuiteBootstrap_Pages/VSP_Bootstrap/VSP_Authcap/input_smsNumber'

2022-05-11 19:37:16 - [MESSAGE][PASSED] - Text '2.50' is set on object 'Object Repository/AdminSuiteBootstrap_Pages/VSP_Bootstrap/VSP_Authcap/input_amount'

2022-05-11 19:37:17 - [MESSAGE][PASSED] - Text 'Delhi' is set on object 'Object Repository/AdminSuiteBootstrap_Pages/VSP_Bootstrap/VSP_Authcap/input_userDefined1'

2022-05-11 19:37:18 - [MESSAGE][PASSED] - Text 'Chennai' is set on object 'Object Repository/AdminSuiteBootstrap_Pages/VSP_Bootstrap/VSP_Authcap/input_userDefined2'

2022-05-11 19:37:19 - [MESSAGE][PASSED] - Text 'Mumbai' is set on object 'Object Repository/AdminSuiteBootstrap_Pages/VSP_Bootstrap/VSP_Authcap/input_userDefined3'

2022-05-11 19:37:19 - [MESSAGE][PASSED] - Text 'Kanpur' is set on object 'Object Repository/AdminSuiteBootstrap_Pages/VSP_Bootstrap/VSP_Authcap/input_userDefined4'

2022-05-11 19:37:20 - [MESSAGE][PASSED] - All options with label 'Orange' are selected in object 'Object Repository/AdminSuiteBootstrap_Pages/VSP_Bootstrap/VSP_Authcap/select_UDF5'  using regular expression

2022-05-11 19:37:21 - [MESSAGE][PASSED] - All options with label 'Yellow' are selected in object 'Object Repository/AdminSuiteBootstrap_Pages/VSP_Bootstrap/VSP_Authcap/select_UDF6'  using regular expression

2022-05-11 19:37:22 - [MESSAGE][PASSED] - Text 'Kolkata' is set on object 'Object Repository/AdminSuiteBootstrap_Pages/VSP_Bootstrap/VSP_Authcap/input_userDefined7'

2022-05-11 19:37:22 - [MESSAGE][PASSED] - Text 'Pune' is set on object 'Object Repository/AdminSuiteBootstrap_Pages/VSP_Bootstrap/VSP_Authcap/input_userDefined8'

2022-05-11 19:37:23 - [MESSAGE][PASSED] - Text 'Bhavnagar' is set on object 'Object Repository/AdminSuiteBootstrap_Pages/VSP_Bootstrap/VSP_Authcap/input_userDefined9'

2022-05-11 19:37:24 - [MESSAGE][PASSED] - Text 'Noida' is set on object 'Object Repository/AdminSuiteBootstrap_Pages/VSP_Bootstrap/VSP_Authcap/input_userDefined10'

2022-05-11 19:37:26 - [MESSAGE][PASSED] - Object: 'Object Repository/AdminSuiteBootstrap_Pages/VSP_Bootstrap/VSP_Authcap/button_Submit' is clicked on

2022-05-11 19:37:26 - [MESSAGE][PASSED] - vspBootstrap.SalePage.setDataSaleAndAuth is PASSED

2022-05-11 19:37:26 - [TEST_STEP][PASSED] - verifyTextPresent("Transaction Successful", true): Text 'Transaction Successful' is present on page  using regular expression

2022-05-11 19:37:26 - [MESSAGE][PASSED] - Text 'Transaction Successful' is present on page  using regular expression

2022-05-11 19:37:26 - [TEST_STEP][PASSED] - verifyElementVisible(findTestObject("Object Repository/AdminSuiteBootstrap_Pages/VT_Bootstrap/Receipt/button_Continue")): Object 'Object Repository/AdminSuiteBootstrap_Pages/VT_Bootstrap/Receipt/button_Continue' is visible

2022-05-11 19:37:27 - [MESSAGE][PASSED] - Object 'Object Repository/AdminSuiteBootstrap_Pages/VT_Bootstrap/Receipt/button_Continue' is visible

2022-05-11 19:37:27 - [TEST_STEP][PASSED] - verifyElementPresent(findTestObject("Object Repository/AdminSuiteBootstrap_Pages/VT_Bootstrap/Receipt/button_Continue"), 20): Object 'Object Repository/AdminSuiteBootstrap_Pages/VT_Bootstrap/Receipt/button_Continue' is present

2022-05-11 19:37:27 - [MESSAGE][PASSED] - Object 'Object Repository/AdminSuiteBootstrap_Pages/VT_Bootstrap/Receipt/button_Continue' is present

2022-05-11 19:37:27 - [TEST_STEP][PASSED] - verifyElementVisible(findTestObject("Object Repository/AdminSuiteBootstrap_Pages/VT_Bootstrap/Receipt/button_Print")): Object 'Object Repository/AdminSuiteBootstrap_Pages/VT_Bootstrap/Receipt/button_Print' is visible

2022-05-11 19:37:27 - [MESSAGE][PASSED] - Object 'Object Repository/AdminSuiteBootstrap_Pages/VT_Bootstrap/Receipt/button_Print' is visible

2022-05-11 19:37:27 - [TEST_STEP][PASSED] - verifyElementPresent(findTestObject("Object Repository/AdminSuiteBootstrap_Pages/VT_Bootstrap/Receipt/button_Print"), 20): Object 'Object Repository/AdminSuiteBootstrap_Pages/VT_Bootstrap/Receipt/button_Print' is present

2022-05-11 19:37:28 - [MESSAGE][PASSED] - Object 'Object Repository/AdminSuiteBootstrap_Pages/VT_Bootstrap/Receipt/button_Print' is present

2022-05-11 19:37:28 - [TEST_STEP][PASSED] - verifyTextPresent("Remittance ID", true): Text 'Remittance ID' is present on page  using regular expression

2022-05-11 19:37:28 - [MESSAGE][PASSED] - Text 'Remittance ID' is present on page  using regular expression

2022-05-11 19:37:28 - [TEST_STEP][PASSED] - verifyTextPresent("Received", true): Text 'Received' is present on page  using regular expression

2022-05-11 19:37:28 - [MESSAGE][PASSED] - Text 'Received' is present on page  using regular expression

2022-05-11 19:37:28 - [TEST_STEP][PASSED] - verifyTextPresent("UDF1", true): Text 'UDF1' is present on page  using regular expression

2022-05-11 19:37:29 - [MESSAGE][PASSED] - Text 'UDF1' is present on page  using regular expression

2022-05-11 19:37:29 - [TEST_STEP][PASSED] - verifyTextPresent("UDF2", true): Text 'UDF2' is present on page  using regular expression

2022-05-11 19:37:29 - [MESSAGE][PASSED] - Text 'UDF2' is present on page  using regular expression

2022-05-11 19:37:29 - [TEST_STEP][PASSED] - verifyTextPresent("UDF3", true): Text 'UDF3' is present on page  using regular expression

2022-05-11 19:37:29 - [MESSAGE][PASSED] - Text 'UDF3' is present on page  using regular expression

2022-05-11 19:37:29 - [TEST_STEP][PASSED] - verifyTextPresent("UDF4", true): Text 'UDF4' is present on page  using regular expression

2022-05-11 19:37:30 - [MESSAGE][PASSED] - Text 'UDF4' is present on page  using regular expression

2022-05-11 19:37:30 - [TEST_STEP][PASSED] - verifyTextPresent("UDF5", true): Text 'UDF5' is present on page  using regular expression

2022-05-11 19:37:30 - [MESSAGE][PASSED] - Text 'UDF5' is present on page  using regular expression

2022-05-11 19:37:30 - [TEST_STEP][PASSED] - verifyTextPresent("UDF6", true): Text 'UDF6' is present on page  using regular expression

2022-05-11 19:37:30 - [MESSAGE][PASSED] - Text 'UDF6' is present on page  using regular expression

2022-05-11 19:37:30 - [TEST_STEP][PASSED] - verifyTextPresent("UDF7", true): Text 'UDF7' is present on page  using regular expression

2022-05-11 19:37:31 - [MESSAGE][PASSED] - Text 'UDF7' is present on page  using regular expression

2022-05-11 19:37:31 - [TEST_STEP][PASSED] - verifyTextPresent("UDF8", true): Text 'UDF8' is present on page  using regular expression

2022-05-11 19:37:31 - [MESSAGE][PASSED] - Text 'UDF8' is present on page  using regular expression

2022-05-11 19:37:31 - [TEST_STEP][PASSED] - verifyTextPresent("UDF9", true): Text 'UDF9' is present on page  using regular expression

2022-05-11 19:37:31 - [MESSAGE][PASSED] - Text 'UDF9' is present on page  using regular expression

2022-05-11 19:37:31 - [TEST_STEP][PASSED] - verifyTextPresent("UDF 10", true): Text 'UDF 10' is present on page  using regular expression

2022-05-11 19:37:32 - [MESSAGE][PASSED] - Text 'UDF 10' is present on page  using regular expression

2022-05-11 19:37:32 - [TEST_STEP][PASSED] - verifyTextPresent("Delhi", true): Text 'Delhi' is present on page  using regular expression

2022-05-11 19:37:32 - [MESSAGE][PASSED] - Text 'Delhi' is present on page  using regular expression

2022-05-11 19:37:32 - [TEST_STEP][PASSED] - verifyTextPresent("Chennai", true): Text 'Chennai' is present on page  using regular expression

2022-05-11 19:37:32 - [MESSAGE][PASSED] - Text 'Chennai' is present on page  using regular expression

2022-05-11 19:37:32 - [TEST_STEP][PASSED] - verifyTextPresent("Mumbai", true): Text 'Mumbai' is present on page  using regular expression

2022-05-11 19:37:32 - [MESSAGE][PASSED] - Text 'Mumbai' is present on page  using regular expression

2022-05-11 19:37:32 - [TEST_STEP][PASSED] - verifyTextPresent("Kanpur", true): Text 'Kanpur' is present on page  using regular expression

2022-05-11 19:37:33 - [MESSAGE][PASSED] - Text 'Kanpur' is present on page  using regular expression

2022-05-11 19:37:33 - [TEST_STEP][PASSED] - verifyTextPresent("Orange Recorded", true): Text 'Orange Recorded' is present on page  using regular expression

2022-05-11 19:37:33 - [MESSAGE][PASSED] - Text 'Orange Recorded' is present on page  using regular expression

2022-05-11 19:37:33 - [TEST_STEP][PASSED] - verifyTextPresent("Yellow Recorded", true): Text 'Yellow Recorded' is present on page  using regular expression

2022-05-11 19:37:33 - [MESSAGE][PASSED] - Text 'Yellow Recorded' is present on page  using regular expression

2022-05-11 19:37:33 - [TEST_STEP][PASSED] - verifyTextPresent("Kolkata", true): Text 'Kolkata' is present on page  using regular expression

2022-05-11 19:37:34 - [MESSAGE][PASSED] - Text 'Kolkata' is present on page  using regular expression

2022-05-11 19:37:34 - [TEST_STEP][PASSED] - verifyTextPresent("Pune", true): Text 'Pune' is present on page  using regular expression

2022-05-11 19:37:34 - [MESSAGE][PASSED] - Text 'Pune' is present on page  using regular expression

2022-05-11 19:37:34 - [TEST_STEP][PASSED] - verifyTextPresent("Bhavnagar", true): Text 'Bhavnagar' is present on page  using regular expression

2022-05-11 19:37:34 - [MESSAGE][PASSED] - Text 'Bhavnagar' is present on page  using regular expression

2022-05-11 19:37:34 - [TEST_STEP][PASSED] - verifyTextPresent("Noida", true): Text 'Noida' is present on page  using regular expression

2022-05-11 19:37:35 - [MESSAGE][PASSED] - Text 'Noida' is present on page  using regular expression

2022-05-11 19:37:35 - [TEST_STEP][PASSED] - verifyTextPresent("Amount", true): Text 'Amount' is present on page  using regular expression

2022-05-11 19:37:35 - [MESSAGE][PASSED] - Text 'Amount' is present on page  using regular expression

2022-05-11 19:37:35 - [TEST_STEP][PASSED] - verifyTextPresent("2.50", true): Text '2.50' is present on page  using regular expression

2022-05-11 19:37:35 - [MESSAGE][PASSED] - Text '2.50' is present on page  using regular expression

2022-05-11 19:37:35 - [TEST_STEP][PASSED] - verifyTextPresent("Authorization and Capture", true): Text 'Authorization and Capture' is present on page  using regular expression

2022-05-11 19:37:36 - [MESSAGE][PASSED] - Text 'Authorization and Capture' is present on page  using regular expression

2022-05-11 19:37:36 - [TEST_STEP][PASSED] - verifyTextPresent("Card Information", true): Text 'Card Information' is present on page  using regular expression

2022-05-11 19:37:36 - [MESSAGE][PASSED] - Text 'Card Information' is present on page  using regular expression

2022-05-11 19:37:36 - [TEST_STEP][PASSED] - verifyTextPresent("TANDON RAVENA", true): Text 'TANDON RAVENA' is present on page  using regular expression

2022-05-11 19:37:36 - [MESSAGE][PASSED] - Text 'TANDON RAVENA' is present on page  using regular expression

2022-05-11 19:37:36 - [TEST_STEP][PASSED] - verifyTextPresent("Address Line 1", true): Text 'Address Line 1' is present on page  using regular expression

2022-05-11 19:37:37 - [MESSAGE][PASSED] - Text 'Address Line 1' is present on page  using regular expression

2022-05-11 19:37:37 - [TEST_STEP][PASSED] - verifyTextPresent("Address Line 2", true): Text 'Address Line 2' is present on page  using regular expression

2022-05-11 19:37:37 - [MESSAGE][PASSED] - Text 'Address Line 2' is present on page  using regular expression

2022-05-11 19:37:37 - [TEST_STEP][PASSED] - verifyTextPresent("Country", true): Text 'Country' is present on page  using regular expression

2022-05-11 19:37:37 - [MESSAGE][PASSED] - Text 'Country' is present on page  using regular expression

2022-05-11 19:37:37 - [TEST_STEP][PASSED] - verifyTextPresent("City", true): Text 'City' is present on page  using regular expression

2022-05-11 19:37:38 - [MESSAGE][PASSED] - Text 'City' is present on page  using regular expression

2022-05-11 19:37:38 - [TEST_STEP][PASSED] - verifyTextPresent("State", true): Text 'State' is present on page  using regular expression

2022-05-11 19:37:38 - [MESSAGE][PASSED] - Text 'State' is present on page  using regular expression

2022-05-11 19:37:38 - [TEST_STEP][PASSED] - verifyTextPresent("ZIP Code", true): Text 'ZIP Code' is present on page  using regular expression

2022-05-11 19:37:38 - [MESSAGE][PASSED] - Text 'ZIP Code' is present on page  using regular expression

2022-05-11 19:37:38 - [TEST_STEP][PASSED] - verifyTextPresent("248 PhoolKaante road", true): Text '248 PhoolKaante road' is present on page  using regular expression

2022-05-11 19:37:39 - [MESSAGE][PASSED] - Text '248 PhoolKaante road' is present on page  using regular expression

2022-05-11 19:37:39 - [TEST_STEP][PASSED] - verifyTextPresent("Suite 678", true): Text 'Suite 678' is present on page  using regular expression

2022-05-11 19:37:39 - [MESSAGE][PASSED] - Text 'Suite 678' is present on page  using regular expression

2022-05-11 19:37:39 - [TEST_STEP][PASSED] - verifyTextPresent("United States", true): Text 'United States' is present on page  using regular expression

2022-05-11 19:37:39 - [MESSAGE][PASSED] - Text 'United States' is present on page  using regular expression

2022-05-11 19:37:39 - [TEST_STEP][PASSED] - verifyTextPresent("ARLINGTON", true): Text 'ARLINGTON' is present on page  using regular expression

2022-05-11 19:37:40 - [MESSAGE][PASSED] - Text 'ARLINGTON' is present on page  using regular expression

2022-05-11 19:37:40 - [TEST_STEP][PASSED] - verifyTextPresent("VA", true): Text 'VA' is present on page  using regular expression

2022-05-11 19:37:40 - [MESSAGE][PASSED] - Text 'VA' is present on page  using regular expression

2022-05-11 19:37:40 - [TEST_STEP][PASSED] - verifyTextPresent("22201", true): Text '22201' is present on page  using regular expression

2022-05-11 19:37:40 - [MESSAGE][PASSED] - Text '22201' is present on page  using regular expression

2022-05-11 19:37:40 - [TEST_STEP][PASSED] - cardTypeV = findTestData(dataFile).getValue("CardType", row): null

2022-05-11 19:37:40 - [TEST_STEP][PASSED] - last4V = findTestData(dataFile).getValue("Last4", row): null

2022-05-11 19:37:40 - [TEST_STEP][PASSED] - verifyTextPresent(cardTypeV, true): Text 'Discover' is present on page  using regular expression

2022-05-11 19:37:41 - [MESSAGE][PASSED] - Text 'Discover' is present on page  using regular expression

2022-05-11 19:37:41 - [TEST_STEP][PASSED] - verifyTextPresent(last4V, true): Text '6909' is present on page  using regular expression

2022-05-11 19:37:41 - [MESSAGE][PASSED] - Text '6909' is present on page  using regular expression

2022-05-11 19:37:41 - [TEST_STEP][PASSED] - switch (appName): null

2022-05-11 19:37:41 - [TEST_STEP][PASSED] - case "a_Access AutoSingleCFtpQA":: null

2022-05-11 19:37:41 - [TEST_STEP][PASSED] - verifyTextPresent("5.00", true): Text '5.00' is present on page  using regular expression

2022-05-11 19:37:41 - [MESSAGE][PASSED] - Text '5.00' is present on page  using regular expression

2022-05-11 19:37:41 - [TEST_STEP][PASSED] - verifyTextPresent("Single Transaction", true): Text 'Single Transaction' is present on page  using regular expression

2022-05-11 19:37:42 - [MESSAGE][PASSED] - Text 'Single Transaction' is present on page  using regular expression

2022-05-11 19:37:42 - [TEST_STEP][PASSED] - verifyTextPresent("7.50", true): Text '7.50' is present on page  using regular expression

2022-05-11 19:37:42 - [MESSAGE][PASSED] - Text '7.50' is present on page  using regular expression

2022-05-11 19:37:42 - [TEST_STEP][PASSED] - verifyTextPresent("Total Amount", true): Text 'Total Amount' is present on page  using regular expression

2022-05-11 19:37:42 - [MESSAGE][PASSED] - Text 'Total Amount' is present on page  using regular expression

2022-05-11 19:37:42 - [TEST_STEP][PASSED] - verifyTextPresent("Transaction Type", true): Text 'Transaction Type' is present on page  using regular expression

2022-05-11 19:37:43 - [MESSAGE][PASSED] - Text 'Transaction Type' is present on page  using regular expression

2022-05-11 19:37:43 - [TEST_STEP][PASSED] - break: null

2022-05-11 19:37:43 - [TEST_STEP][PASSED] - closeBrowser(): Browser is closed

2022-05-11 19:37:44 - [MESSAGE][PASSED] - Browser is closed

2022-05-11 19:37:44 - [TEST_STEP][PASSED] - ExecuteTC = findTestData(dataFile).getValue("Execute", row): null

2022-05-11 19:37:44 - [TEST_STEP][PASSED] - out.println("Value of Execute is : " + ExecuteTC): null

2022-05-11 19:37:44 - [TEST_STEP][PASSED] - switch (executionProfile): null

2022-05-11 19:37:44 - [TEST_STEP][PASSED] - case "QAProfile":: null

2022-05-11 19:37:44 - [TEST_STEP][PASSED] - appName = findTestData(dataFile).getValue("AppNameQA", row): null

2022-05-11 19:37:44 - [TEST_STEP][PASSED] - appID = findTestData(dataFile).getValue("AppIDQA", row): null

2022-05-11 19:37:44 - [TEST_STEP][PASSED] - break: null

2022-05-11 19:37:44 - [TEST_STEP][PASSED] - if (ExecuteTC.equalsIgnoreCase("Y")): null

2022-05-11 19:37:44 - [TEST_STEP][PASSED] - out.println("Begin Record Number: " + row): null

2022-05-11 19:37:44 - [TEST_STEP][PASSED] - today = new java.util.Date(): null

2022-05-11 19:37:44 - [TEST_STEP][PASSED] - println(today): null

2022-05-11 19:37:44 - [TEST_STEP][PASSED] - datText = today: null

2022-05-11 19:37:44 - [TEST_STEP][PASSED] - adminSuiteBootstrap.loginFunctionality.login_AdminSuite(): adminSuiteBootstrap.loginFunctionality.login_AdminSuite is PASSED

2022-05-11 19:37:44 - [MESSAGE][INFO] - Starting 'Chrome' driver

2022-05-11 19:37:44 - [MESSAGE][INFO] - User set preference: ['acceptInsecureCerts', 'true']

2022-05-11 19:37:44 - [MESSAGE][INFO] - Action delay is set to 0 milliseconds

2022-05-11 19:37:47 - [MESSAGE][PASSED] - Browser is opened with url: 'https://qa.velocitypayment.com/admin/imtiaz'

2022-05-11 19:37:48 - [MESSAGE][PASSED] - Current window maximized

2022-05-11 19:37:48 - [MESSAGE][PASSED] - Object 'Object Repository/Login_Page/Login_Username' is present

2022-05-11 19:37:49 - [MESSAGE][PASSED] - Text 'iahmed' is set on object 'Object Repository/Login_Page/Login_Username'

2022-05-11 19:37:49 - [MESSAGE][PASSED] - Text 'hello2222' is set on object 'Object Repository/Login_Page/Login_Password'

2022-05-11 19:37:52 - [MESSAGE][PASSED] - Object: 'Object Repository/Login_Page/Login_Submit' is clicked on

2022-05-11 19:37:52 - [MESSAGE][PASSED] - adminSuiteBootstrap.loginFunctionality.login_AdminSuite is PASSED

2022-05-11 19:37:52 - [TEST_STEP][PASSED] - click(findTestObject(path_Dashboard + appName)): Object: 'Object Repository/AdminSuiteBootstrap_Pages/Dashboard_Bootstrap/a_Access AutoDualCFtpQA' is clicked on

2022-05-11 19:37:53 - [MESSAGE][PASSED] - Object: 'Object Repository/AdminSuiteBootstrap_Pages/Dashboard_Bootstrap/a_Access AutoDualCFtpQA' is clicked on

2022-05-11 19:37:53 - [TEST_STEP][PASSED] - click(findTestObject(path_VT + "a_Find Profile")): Object: 'Object Repository/AdminSuiteBootstrap_Pages/VT_Bootstrap/IssueTransactions/a_Find Profile' is clicked on

2022-05-11 19:37:54 - [MESSAGE][PASSED] - Object: 'Object Repository/AdminSuiteBootstrap_Pages/VT_Bootstrap/IssueTransactions/a_Find Profile' is clicked on

2022-05-11 19:37:54 - [TEST_STEP][PASSED] - criteria = <not implemented yet for class: org.codehaus.groovy.ast.expr.EmptyExpression>: null

2022-05-11 19:37:54 - [TEST_STEP][PASSED] - searchBy = <not implemented yet for class: org.codehaus.groovy.ast.expr.EmptyExpression>: null

2022-05-11 19:37:54 - [TEST_STEP][PASSED] - criteria = findTestData(dataFile).getValue("ProfileName", row): null

2022-05-11 19:37:54 - [TEST_STEP][PASSED] - path_SearchProfile = "Object Repository/AdminSuiteBootstrap_Pages/VSP_Bootstrap/SearchProfile/": null

2022-05-11 19:37:54 - [TEST_STEP][PASSED] - setText(findTestObject(path_SearchProfile + "input_Criteria"), criteria): Text 'PaymentsVisa' is set on object 'Object Repository/AdminSuiteBootstrap_Pages/VSP_Bootstrap/SearchProfile/input_Criteria'

2022-05-11 19:37:54 - [MESSAGE][PASSED] - Text 'PaymentsVisa' is set on object 'Object Repository/AdminSuiteBootstrap_Pages/VSP_Bootstrap/SearchProfile/input_Criteria'

2022-05-11 19:37:54 - [TEST_STEP][PASSED] - click(findTestObject(path_SearchProfile + "button_Search")): Object: 'Object Repository/AdminSuiteBootstrap_Pages/VSP_Bootstrap/SearchProfile/button_Search' is clicked on

2022-05-11 19:37:55 - [MESSAGE][PASSED] - Object: 'Object Repository/AdminSuiteBootstrap_Pages/VSP_Bootstrap/SearchProfile/button_Search' is clicked on

2022-05-11 19:37:55 - [TEST_STEP][PASSED] - profNameLink = findTestData(dataFile).getValue("ProfileNameLink", row): null

2022-05-11 19:37:55 - [TEST_STEP][PASSED] - click(findTestObject(path_ViewProfile + profNameLink)): Object: 'Object Repository/AdminSuiteBootstrap_Pages/VSP_Bootstrap/View Profile/a_PaymentsVisa' is clicked on

2022-05-11 19:37:57 - [MESSAGE][PASSED] - Object: 'Object Repository/AdminSuiteBootstrap_Pages/VSP_Bootstrap/View Profile/a_PaymentsVisa' is clicked on

2022-05-11 19:37:57 - [TEST_STEP][PASSED] - click(findTestObject(path_ViewProfile + "a_AuthCap")): Object: 'Object Repository/AdminSuiteBootstrap_Pages/VSP_Bootstrap/View Profile/a_AuthCap' is clicked on

2022-05-11 19:37:58 - [MESSAGE][PASSED] - Object: 'Object Repository/AdminSuiteBootstrap_Pages/VSP_Bootstrap/View Profile/a_AuthCap' is clicked on

2022-05-11 19:37:58 - [TEST_STEP][PASSED] - verifyTextPresent("Credit Card Authorization Capture", true): Text 'Credit Card Authorization Capture' is present on page  using regular expression

2022-05-11 19:37:59 - [MESSAGE][PASSED] - Text 'Credit Card Authorization Capture' is present on page  using regular expression

2022-05-11 19:37:59 - [TEST_STEP][PASSED] - verifyTextPresent("Sale", true): Text 'Sale' is present on page  using regular expression

2022-05-11 19:37:59 - [MESSAGE][PASSED] - Text 'Sale' is present on page  using regular expression

2022-05-11 19:37:59 - [TEST_STEP][PASSED] - verifyTextPresent("Required fields are highlighted with an asterisk", true): Text 'Required fields are highlighted with an asterisk' is present on page  using regular expression

2022-05-11 19:38:00 - [MESSAGE][PASSED] - Text 'Required fields are highlighted with an asterisk' is present on page  using regular expression

2022-05-11 19:38:00 - [TEST_STEP][PASSED] - verifyTextPresent("Remittance ID", true): Text 'Remittance ID' is present on page  using regular expression

2022-05-11 19:38:00 - [MESSAGE][PASSED] - Text 'Remittance ID' is present on page  using regular expression

2022-05-11 19:38:00 - [TEST_STEP][PASSED] - vspBootstrap.SalePage.setDataSaleAndAuth(row, dataFile): vspBootstrap.SalePage.setDataSaleAndAuth is PASSED

2022-05-11 19:38:01 - [MESSAGE][PASSED] - All options with value 'MOTO' are selected in object 'Object Repository/AdminSuiteBootstrap_Pages/VSP_Bootstrap/VSP_Authcap/select_TransactionCategory'  using regular expression

2022-05-11 19:38:02 - [MESSAGE][PASSED] - Text '123' is set on object 'Object Repository/AdminSuiteBootstrap_Pages/VSP_Bootstrap/VSP_Authcap/input_cvv'

2022-05-11 19:38:03 - [MESSAGE][PASSED] - Text '' is set on object 'Object Repository/AdminSuiteBootstrap_Pages/VSP_Bootstrap/VSP_Authcap/input_smsNumber'

2022-05-11 19:38:03 - [MESSAGE][PASSED] - Text '2.50' is set on object 'Object Repository/AdminSuiteBootstrap_Pages/VSP_Bootstrap/VSP_Authcap/input_amount'

2022-05-11 19:38:05 - [MESSAGE][PASSED] - Text 'Delhi' is set on object 'Object Repository/AdminSuiteBootstrap_Pages/VSP_Bootstrap/VSP_Authcap/input_userDefined1'

2022-05-11 19:38:05 - [MESSAGE][PASSED] - Text 'Chennai' is set on object 'Object Repository/AdminSuiteBootstrap_Pages/VSP_Bootstrap/VSP_Authcap/input_userDefined2'

2022-05-11 19:38:06 - [MESSAGE][PASSED] - Text 'Mumbai' is set on object 'Object Repository/AdminSuiteBootstrap_Pages/VSP_Bootstrap/VSP_Authcap/input_userDefined3'

2022-05-11 19:38:07 - [MESSAGE][PASSED] - Text 'Kanpur' is set on object 'Object Repository/AdminSuiteBootstrap_Pages/VSP_Bootstrap/VSP_Authcap/input_userDefined4'

2022-05-11 19:38:08 - [MESSAGE][PASSED] - All options with label 'Orange' are selected in object 'Object Repository/AdminSuiteBootstrap_Pages/VSP_Bootstrap/VSP_Authcap/select_UDF5'  using regular expression

2022-05-11 19:38:09 - [MESSAGE][PASSED] - All options with label 'Yellow' are selected in object 'Object Repository/AdminSuiteBootstrap_Pages/VSP_Bootstrap/VSP_Authcap/select_UDF6'  using regular expression

2022-05-11 19:38:09 - [MESSAGE][PASSED] - Text 'Kolkata' is set on object 'Object Repository/AdminSuiteBootstrap_Pages/VSP_Bootstrap/VSP_Authcap/input_userDefined7'

2022-05-11 19:38:10 - [MESSAGE][PASSED] - Text 'Pune' is set on object 'Object Repository/AdminSuiteBootstrap_Pages/VSP_Bootstrap/VSP_Authcap/input_userDefined8'

2022-05-11 19:38:11 - [MESSAGE][PASSED] - Text 'Bhavnagar' is set on object 'Object Repository/AdminSuiteBootstrap_Pages/VSP_Bootstrap/VSP_Authcap/input_userDefined9'

2022-05-11 19:38:11 - [MESSAGE][PASSED] - Text 'Noida' is set on object 'Object Repository/AdminSuiteBootstrap_Pages/VSP_Bootstrap/VSP_Authcap/input_userDefined10'

2022-05-11 19:38:14 - [MESSAGE][PASSED] - Object: 'Object Repository/AdminSuiteBootstrap_Pages/VSP_Bootstrap/VSP_Authcap/button_Submit' is clicked on

2022-05-11 19:38:14 - [MESSAGE][PASSED] - vspBootstrap.SalePage.setDataSaleAndAuth is PASSED

2022-05-11 19:38:14 - [TEST_STEP][PASSED] - verifyTextPresent("Transaction Successful", true): Text 'Transaction Successful' is present on page  using regular expression

2022-05-11 19:38:15 - [MESSAGE][PASSED] - Text 'Transaction Successful' is present on page  using regular expression

2022-05-11 19:38:15 - [TEST_STEP][PASSED] - verifyElementVisible(findTestObject("Object Repository/AdminSuiteBootstrap_Pages/VT_Bootstrap/Receipt/button_Continue")): Object 'Object Repository/AdminSuiteBootstrap_Pages/VT_Bootstrap/Receipt/button_Continue' is visible

2022-05-11 19:38:15 - [MESSAGE][PASSED] - Object 'Object Repository/AdminSuiteBootstrap_Pages/VT_Bootstrap/Receipt/button_Continue' is visible

2022-05-11 19:38:15 - [TEST_STEP][PASSED] - verifyElementPresent(findTestObject("Object Repository/AdminSuiteBootstrap_Pages/VT_Bootstrap/Receipt/button_Continue"), 20): Object 'Object Repository/AdminSuiteBootstrap_Pages/VT_Bootstrap/Receipt/button_Continue' is present

2022-05-11 19:38:15 - [MESSAGE][PASSED] - Object 'Object Repository/AdminSuiteBootstrap_Pages/VT_Bootstrap/Receipt/button_Continue' is present

2022-05-11 19:38:15 - [TEST_STEP][PASSED] - verifyElementVisible(findTestObject("Object Repository/AdminSuiteBootstrap_Pages/VT_Bootstrap/Receipt/button_Print")): Object 'Object Repository/AdminSuiteBootstrap_Pages/VT_Bootstrap/Receipt/button_Print' is visible

2022-05-11 19:38:16 - [MESSAGE][PASSED] - Object 'Object Repository/AdminSuiteBootstrap_Pages/VT_Bootstrap/Receipt/button_Print' is visible

2022-05-11 19:38:16 - [TEST_STEP][PASSED] - verifyElementPresent(findTestObject("Object Repository/AdminSuiteBootstrap_Pages/VT_Bootstrap/Receipt/button_Print"), 20): Object 'Object Repository/AdminSuiteBootstrap_Pages/VT_Bootstrap/Receipt/button_Print' is present

2022-05-11 19:38:16 - [MESSAGE][PASSED] - Object 'Object Repository/AdminSuiteBootstrap_Pages/VT_Bootstrap/Receipt/button_Print' is present

2022-05-11 19:38:16 - [TEST_STEP][PASSED] - verifyTextPresent("Remittance ID", true): Text 'Remittance ID' is present on page  using regular expression

2022-05-11 19:38:16 - [MESSAGE][PASSED] - Text 'Remittance ID' is present on page  using regular expression

2022-05-11 19:38:16 - [TEST_STEP][PASSED] - verifyTextPresent("Received", true): Text 'Received' is present on page  using regular expression

2022-05-11 19:38:17 - [MESSAGE][PASSED] - Text 'Received' is present on page  using regular expression

2022-05-11 19:38:17 - [TEST_STEP][PASSED] - verifyTextPresent("UDF1", true): Text 'UDF1' is present on page  using regular expression

2022-05-11 19:38:17 - [MESSAGE][PASSED] - Text 'UDF1' is present on page  using regular expression

2022-05-11 19:38:17 - [TEST_STEP][PASSED] - verifyTextPresent("UDF2", true): Text 'UDF2' is present on page  using regular expression

2022-05-11 19:38:17 - [MESSAGE][PASSED] - Text 'UDF2' is present on page  using regular expression

2022-05-11 19:38:17 - [TEST_STEP][PASSED] - verifyTextPresent("UDF3", true): Text 'UDF3' is present on page  using regular expression

2022-05-11 19:38:18 - [MESSAGE][PASSED] - Text 'UDF3' is present on page  using regular expression

2022-05-11 19:38:18 - [TEST_STEP][PASSED] - verifyTextPresent("UDF4", true): Text 'UDF4' is present on page  using regular expression

2022-05-11 19:38:18 - [MESSAGE][PASSED] - Text 'UDF4' is present on page  using regular expression

2022-05-11 19:38:18 - [TEST_STEP][PASSED] - verifyTextPresent("UDF5", true): Text 'UDF5' is present on page  using regular expression

2022-05-11 19:38:18 - [MESSAGE][PASSED] - Text 'UDF5' is present on page  using regular expression

2022-05-11 19:38:18 - [TEST_STEP][PASSED] - verifyTextPresent("UDF6", true): Text 'UDF6' is present on page  using regular expression

2022-05-11 19:38:19 - [MESSAGE][PASSED] - Text 'UDF6' is present on page  using regular expression

2022-05-11 19:38:19 - [TEST_STEP][PASSED] - verifyTextPresent("UDF7", true): Text 'UDF7' is present on page  using regular expression

2022-05-11 19:38:19 - [MESSAGE][PASSED] - Text 'UDF7' is present on page  using regular expression

2022-05-11 19:38:19 - [TEST_STEP][PASSED] - verifyTextPresent("UDF8", true): Text 'UDF8' is present on page  using regular expression

2022-05-11 19:38:20 - [MESSAGE][PASSED] - Text 'UDF8' is present on page  using regular expression

2022-05-11 19:38:20 - [TEST_STEP][PASSED] - verifyTextPresent("UDF9", true): Text 'UDF9' is present on page  using regular expression

2022-05-11 19:38:20 - [MESSAGE][PASSED] - Text 'UDF9' is present on page  using regular expression

2022-05-11 19:38:20 - [TEST_STEP][PASSED] - verifyTextPresent("UDF 10", true): Text 'UDF 10' is present on page  using regular expression

2022-05-11 19:38:20 - [MESSAGE][PASSED] - Text 'UDF 10' is present on page  using regular expression

2022-05-11 19:38:20 - [TEST_STEP][PASSED] - verifyTextPresent("Delhi", true): Text 'Delhi' is present on page  using regular expression

2022-05-11 19:38:21 - [MESSAGE][PASSED] - Text 'Delhi' is present on page  using regular expression

2022-05-11 19:38:21 - [TEST_STEP][PASSED] - verifyTextPresent("Chennai", true): Text 'Chennai' is present on page  using regular expression

2022-05-11 19:38:21 - [MESSAGE][PASSED] - Text 'Chennai' is present on page  using regular expression

2022-05-11 19:38:21 - [TEST_STEP][PASSED] - verifyTextPresent("Mumbai", true): Text 'Mumbai' is present on page  using regular expression

2022-05-11 19:38:21 - [MESSAGE][PASSED] - Text 'Mumbai' is present on page  using regular expression

2022-05-11 19:38:21 - [TEST_STEP][PASSED] - verifyTextPresent("Kanpur", true): Text 'Kanpur' is present on page  using regular expression

2022-05-11 19:38:21 - [MESSAGE][PASSED] - Text 'Kanpur' is present on page  using regular expression

2022-05-11 19:38:21 - [TEST_STEP][PASSED] - verifyTextPresent("Orange Recorded", true): Text 'Orange Recorded' is present on page  using regular expression

2022-05-11 19:38:22 - [MESSAGE][PASSED] - Text 'Orange Recorded' is present on page  using regular expression

2022-05-11 19:38:22 - [TEST_STEP][PASSED] - verifyTextPresent("Yellow Recorded", true): Text 'Yellow Recorded' is present on page  using regular expression

2022-05-11 19:38:22 - [MESSAGE][PASSED] - Text 'Yellow Recorded' is present on page  using regular expression

2022-05-11 19:38:22 - [TEST_STEP][PASSED] - verifyTextPresent("Kolkata", true): Text 'Kolkata' is present on page  using regular expression

2022-05-11 19:38:22 - [MESSAGE][PASSED] - Text 'Kolkata' is present on page  using regular expression

2022-05-11 19:38:22 - [TEST_STEP][PASSED] - verifyTextPresent("Pune", true): Text 'Pune' is present on page  using regular expression

2022-05-11 19:38:23 - [MESSAGE][PASSED] - Text 'Pune' is present on page  using regular expression

2022-05-11 19:38:23 - [TEST_STEP][PASSED] - verifyTextPresent("Bhavnagar", true): Text 'Bhavnagar' is present on page  using regular expression

2022-05-11 19:38:23 - [MESSAGE][PASSED] - Text 'Bhavnagar' is present on page  using regular expression

2022-05-11 19:38:23 - [TEST_STEP][PASSED] - verifyTextPresent("Noida", true): Text 'Noida' is present on page  using regular expression

2022-05-11 19:38:23 - [MESSAGE][PASSED] - Text 'Noida' is present on page  using regular expression

2022-05-11 19:38:23 - [TEST_STEP][PASSED] - verifyTextPresent("Amount", true): Text 'Amount' is present on page  using regular expression

2022-05-11 19:38:24 - [MESSAGE][PASSED] - Text 'Amount' is present on page  using regular expression

2022-05-11 19:38:24 - [TEST_STEP][PASSED] - verifyTextPresent("2.50", true): Text '2.50' is present on page  using regular expression

2022-05-11 19:38:24 - [MESSAGE][PASSED] - Text '2.50' is present on page  using regular expression

2022-05-11 19:38:24 - [TEST_STEP][PASSED] - verifyTextPresent("Authorization and Capture", true): Text 'Authorization and Capture' is present on page  using regular expression

2022-05-11 19:38:24 - [MESSAGE][PASSED] - Text 'Authorization and Capture' is present on page  using regular expression

2022-05-11 19:38:24 - [TEST_STEP][PASSED] - verifyTextPresent("Card Information", true): Text 'Card Information' is present on page  using regular expression

2022-05-11 19:38:25 - [MESSAGE][PASSED] - Text 'Card Information' is present on page  using regular expression

2022-05-11 19:38:25 - [TEST_STEP][PASSED] - verifyTextPresent("TANDON RAVENA", true): Text 'TANDON RAVENA' is present on page  using regular expression

2022-05-11 19:38:25 - [MESSAGE][PASSED] - Text 'TANDON RAVENA' is present on page  using regular expression

2022-05-11 19:38:25 - [TEST_STEP][PASSED] - verifyTextPresent("Address Line 1", true): Text 'Address Line 1' is present on page  using regular expression

2022-05-11 19:38:25 - [MESSAGE][PASSED] - Text 'Address Line 1' is present on page  using regular expression

2022-05-11 19:38:25 - [TEST_STEP][PASSED] - verifyTextPresent("Address Line 2", true): Text 'Address Line 2' is present on page  using regular expression

2022-05-11 19:38:26 - [MESSAGE][PASSED] - Text 'Address Line 2' is present on page  using regular expression

2022-05-11 19:38:26 - [TEST_STEP][PASSED] - verifyTextPresent("Country", true): Text 'Country' is present on page  using regular expression

2022-05-11 19:38:26 - [MESSAGE][PASSED] - Text 'Country' is present on page  using regular expression

2022-05-11 19:38:26 - [TEST_STEP][PASSED] - verifyTextPresent("City", true): Text 'City' is present on page  using regular expression

2022-05-11 19:38:26 - [MESSAGE][PASSED] - Text 'City' is present on page  using regular expression

2022-05-11 19:38:26 - [TEST_STEP][PASSED] - verifyTextPresent("State", true): Text 'State' is present on page  using regular expression

2022-05-11 19:38:27 - [MESSAGE][PASSED] - Text 'State' is present on page  using regular expression

2022-05-11 19:38:27 - [TEST_STEP][PASSED] - verifyTextPresent("ZIP Code", true): Text 'ZIP Code' is present on page  using regular expression

2022-05-11 19:38:27 - [MESSAGE][PASSED] - Text 'ZIP Code' is present on page  using regular expression

2022-05-11 19:38:27 - [TEST_STEP][PASSED] - verifyTextPresent("248 PhoolKaante road", true): Text '248 PhoolKaante road' is present on page  using regular expression

2022-05-11 19:38:27 - [MESSAGE][PASSED] - Text '248 PhoolKaante road' is present on page  using regular expression

2022-05-11 19:38:27 - [TEST_STEP][PASSED] - verifyTextPresent("Suite 678", true): Text 'Suite 678' is present on page  using regular expression

2022-05-11 19:38:28 - [MESSAGE][PASSED] - Text 'Suite 678' is present on page  using regular expression

2022-05-11 19:38:28 - [TEST_STEP][PASSED] - verifyTextPresent("United States", true): Text 'United States' is present on page  using regular expression

2022-05-11 19:38:28 - [MESSAGE][PASSED] - Text 'United States' is present on page  using regular expression

2022-05-11 19:38:28 - [TEST_STEP][PASSED] - verifyTextPresent("ARLINGTON", true): Text 'ARLINGTON' is present on page  using regular expression

2022-05-11 19:38:28 - [MESSAGE][PASSED] - Text 'ARLINGTON' is present on page  using regular expression

2022-05-11 19:38:28 - [TEST_STEP][PASSED] - verifyTextPresent("VA", true): Text 'VA' is present on page  using regular expression

2022-05-11 19:38:28 - [MESSAGE][PASSED] - Text 'VA' is present on page  using regular expression

2022-05-11 19:38:28 - [TEST_STEP][PASSED] - verifyTextPresent("22201", true): Text '22201' is present on page  using regular expression

2022-05-11 19:38:29 - [MESSAGE][PASSED] - Text '22201' is present on page  using regular expression

2022-05-11 19:38:29 - [TEST_STEP][PASSED] - cardTypeV = findTestData(dataFile).getValue("CardType", row): null

2022-05-11 19:38:29 - [TEST_STEP][PASSED] - last4V = findTestData(dataFile).getValue("Last4", row): null

2022-05-11 19:38:29 - [TEST_STEP][PASSED] - verifyTextPresent(cardTypeV, true): Text 'Visa' is present on page  using regular expression

2022-05-11 19:38:29 - [MESSAGE][PASSED] - Text 'Visa' is present on page  using regular expression

2022-05-11 19:38:29 - [TEST_STEP][PASSED] - verifyTextPresent(last4V, true): Text '5439' is present on page  using regular expression

2022-05-11 19:38:29 - [MESSAGE][PASSED] - Text '5439' is present on page  using regular expression

2022-05-11 19:38:29 - [TEST_STEP][PASSED] - switch (appName): null

2022-05-11 19:38:29 - [TEST_STEP][PASSED] - case "a_Access AutoDualCFtpQA":: null

2022-05-11 19:38:29 - [TEST_STEP][PASSED] - verifyTextPresent("5.00", true): Text '5.00' is present on page  using regular expression

2022-05-11 19:38:30 - [MESSAGE][PASSED] - Text '5.00' is present on page  using regular expression

2022-05-11 19:38:30 - [TEST_STEP][PASSED] - verifyTextPresent("Dual Transaction", true): Text 'Dual Transaction' is present on page  using regular expression

2022-05-11 19:38:30 - [MESSAGE][PASSED] - Text 'Dual Transaction' is present on page  using regular expression

2022-05-11 19:38:30 - [TEST_STEP][PASSED] - verifyTextPresent("7.50", true): Text '7.50' is present on page  using regular expression

2022-05-11 19:38:30 - [MESSAGE][PASSED] - Text '7.50' is present on page  using regular expression

2022-05-11 19:38:30 - [TEST_STEP][PASSED] - verifyTextPresent("Total Amount", true): Text 'Total Amount' is present on page  using regular expression

2022-05-11 19:38:31 - [MESSAGE][PASSED] - Text 'Total Amount' is present on page  using regular expression

2022-05-11 19:38:31 - [TEST_STEP][PASSED] - verifyTextPresent("Transaction Type", true): Text 'Transaction Type' is present on page  using regular expression

2022-05-11 19:38:31 - [MESSAGE][PASSED] - Text 'Transaction Type' is present on page  using regular expression

2022-05-11 19:38:31 - [TEST_STEP][PASSED] - break: null

2022-05-11 19:38:31 - [TEST_STEP][PASSED] - closeBrowser(): Browser is closed

2022-05-11 19:38:32 - [MESSAGE][PASSED] - Browser is closed

2022-05-11 19:38:32 - [TEST_STEP][PASSED] - ExecuteTC = findTestData(dataFile).getValue("Execute", row): null

2022-05-11 19:38:32 - [TEST_STEP][PASSED] - out.println("Value of Execute is : " + ExecuteTC): null

2022-05-11 19:38:32 - [TEST_STEP][PASSED] - switch (executionProfile): null

2022-05-11 19:38:32 - [TEST_STEP][PASSED] - case "QAProfile":: null

2022-05-11 19:38:32 - [TEST_STEP][PASSED] - appName = findTestData(dataFile).getValue("AppNameQA", row): null

2022-05-11 19:38:32 - [TEST_STEP][PASSED] - appID = findTestData(dataFile).getValue("AppIDQA", row): null

2022-05-11 19:38:32 - [TEST_STEP][PASSED] - break: null

2022-05-11 19:38:32 - [TEST_STEP][PASSED] - if (ExecuteTC.equalsIgnoreCase("Y")): null

2022-05-11 19:38:32 - [TEST_STEP][PASSED] - out.println("Begin Record Number: " + row): null

2022-05-11 19:38:32 - [TEST_STEP][PASSED] - today = new java.util.Date(): null

2022-05-11 19:38:32 - [TEST_STEP][PASSED] - println(today): null

2022-05-11 19:38:32 - [TEST_STEP][PASSED] - datText = today: null

2022-05-11 19:38:32 - [TEST_STEP][PASSED] - adminSuiteBootstrap.loginFunctionality.login_AdminSuite(): adminSuiteBootstrap.loginFunctionality.login_AdminSuite is PASSED

2022-05-11 19:38:32 - [MESSAGE][INFO] - Starting 'Chrome' driver

2022-05-11 19:38:32 - [MESSAGE][INFO] - User set preference: ['acceptInsecureCerts', 'true']

2022-05-11 19:38:32 - [MESSAGE][INFO] - Action delay is set to 0 milliseconds

2022-05-11 19:38:35 - [MESSAGE][PASSED] - Browser is opened with url: 'https://qa.velocitypayment.com/admin/imtiaz'

2022-05-11 19:38:35 - [MESSAGE][PASSED] - Current window maximized

2022-05-11 19:38:35 - [MESSAGE][PASSED] - Object 'Object Repository/Login_Page/Login_Username' is present

2022-05-11 19:38:36 - [MESSAGE][PASSED] - Text 'iahmed' is set on object 'Object Repository/Login_Page/Login_Username'

2022-05-11 19:38:37 - [MESSAGE][PASSED] - Text 'hello2222' is set on object 'Object Repository/Login_Page/Login_Password'

2022-05-11 19:38:40 - [MESSAGE][PASSED] - Object: 'Object Repository/Login_Page/Login_Submit' is clicked on

2022-05-11 19:38:40 - [MESSAGE][PASSED] - adminSuiteBootstrap.loginFunctionality.login_AdminSuite is PASSED

2022-05-11 19:38:40 - [TEST_STEP][PASSED] - click(findTestObject(path_Dashboard + appName)): Object: 'Object Repository/AdminSuiteBootstrap_Pages/Dashboard_Bootstrap/a_Access AutoDualCFtpQA' is clicked on

2022-05-11 19:38:41 - [MESSAGE][PASSED] - Object: 'Object Repository/AdminSuiteBootstrap_Pages/Dashboard_Bootstrap/a_Access AutoDualCFtpQA' is clicked on

2022-05-11 19:38:41 - [TEST_STEP][PASSED] - click(findTestObject(path_VT + "a_Find Profile")): Object: 'Object Repository/AdminSuiteBootstrap_Pages/VT_Bootstrap/IssueTransactions/a_Find Profile' is clicked on

2022-05-11 19:38:41 - [MESSAGE][PASSED] - Object: 'Object Repository/AdminSuiteBootstrap_Pages/VT_Bootstrap/IssueTransactions/a_Find Profile' is clicked on

2022-05-11 19:38:41 - [TEST_STEP][PASSED] - criteria = <not implemented yet for class: org.codehaus.groovy.ast.expr.EmptyExpression>: null

2022-05-11 19:38:41 - [TEST_STEP][PASSED] - searchBy = <not implemented yet for class: org.codehaus.groovy.ast.expr.EmptyExpression>: null

2022-05-11 19:38:41 - [TEST_STEP][PASSED] - criteria = findTestData(dataFile).getValue("ProfileName", row): null

2022-05-11 19:38:41 - [TEST_STEP][PASSED] - path_SearchProfile = "Object Repository/AdminSuiteBootstrap_Pages/VSP_Bootstrap/SearchProfile/": null

2022-05-11 19:38:41 - [TEST_STEP][PASSED] - setText(findTestObject(path_SearchProfile + "input_Criteria"), criteria): Text 'PaymentsMC' is set on object 'Object Repository/AdminSuiteBootstrap_Pages/VSP_Bootstrap/SearchProfile/input_Criteria'

2022-05-11 19:38:42 - [MESSAGE][PASSED] - Text 'PaymentsMC' is set on object 'Object Repository/AdminSuiteBootstrap_Pages/VSP_Bootstrap/SearchProfile/input_Criteria'

2022-05-11 19:38:42 - [TEST_STEP][PASSED] - click(findTestObject(path_SearchProfile + "button_Search")): Object: 'Object Repository/AdminSuiteBootstrap_Pages/VSP_Bootstrap/SearchProfile/button_Search' is clicked on

2022-05-11 19:38:43 - [MESSAGE][PASSED] - Object: 'Object Repository/AdminSuiteBootstrap_Pages/VSP_Bootstrap/SearchProfile/button_Search' is clicked on

2022-05-11 19:38:43 - [TEST_STEP][PASSED] - profNameLink = findTestData(dataFile).getValue("ProfileNameLink", row): null

2022-05-11 19:38:43 - [TEST_STEP][PASSED] - click(findTestObject(path_ViewProfile + profNameLink)): Object: 'Object Repository/AdminSuiteBootstrap_Pages/VSP_Bootstrap/View Profile/a_PaymentsMC' is clicked on

2022-05-11 19:38:45 - [MESSAGE][PASSED] - Object: 'Object Repository/AdminSuiteBootstrap_Pages/VSP_Bootstrap/View Profile/a_PaymentsMC' is clicked on

2022-05-11 19:38:45 - [TEST_STEP][PASSED] - click(findTestObject(path_ViewProfile + "a_AuthCap")): Object: 'Object Repository/AdminSuiteBootstrap_Pages/VSP_Bootstrap/View Profile/a_AuthCap' is clicked on

2022-05-11 19:38:46 - [MESSAGE][PASSED] - Object: 'Object Repository/AdminSuiteBootstrap_Pages/VSP_Bootstrap/View Profile/a_AuthCap' is clicked on

2022-05-11 19:38:46 - [TEST_STEP][PASSED] - verifyTextPresent("Credit Card Authorization Capture", true): Text 'Credit Card Authorization Capture' is present on page  using regular expression

2022-05-11 19:38:47 - [MESSAGE][PASSED] - Text 'Credit Card Authorization Capture' is present on page  using regular expression

2022-05-11 19:38:47 - [TEST_STEP][PASSED] - verifyTextPresent("Sale", true): Text 'Sale' is present on page  using regular expression

2022-05-11 19:38:47 - [MESSAGE][PASSED] - Text 'Sale' is present on page  using regular expression

2022-05-11 19:38:47 - [TEST_STEP][PASSED] - verifyTextPresent("Required fields are highlighted with an asterisk", true): Text 'Required fields are highlighted with an asterisk' is present on page  using regular expression

2022-05-11 19:38:47 - [MESSAGE][PASSED] - Text 'Required fields are highlighted with an asterisk' is present on page  using regular expression

2022-05-11 19:38:47 - [TEST_STEP][PASSED] - verifyTextPresent("Remittance ID", true): Text 'Remittance ID' is present on page  using regular expression

2022-05-11 19:38:48 - [MESSAGE][PASSED] - Text 'Remittance ID' is present on page  using regular expression

2022-05-11 19:38:48 - [TEST_STEP][PASSED] - vspBootstrap.SalePage.setDataSaleAndAuth(row, dataFile): vspBootstrap.SalePage.setDataSaleAndAuth is PASSED

2022-05-11 19:38:49 - [MESSAGE][PASSED] - All options with value 'MOTO' are selected in object 'Object Repository/AdminSuiteBootstrap_Pages/VSP_Bootstrap/VSP_Authcap/select_TransactionCategory'  using regular expression

2022-05-11 19:38:50 - [MESSAGE][PASSED] - Text '123' is set on object 'Object Repository/AdminSuiteBootstrap_Pages/VSP_Bootstrap/VSP_Authcap/input_cvv'

2022-05-11 19:38:51 - [MESSAGE][PASSED] - Text '' is set on object 'Object Repository/AdminSuiteBootstrap_Pages/VSP_Bootstrap/VSP_Authcap/input_smsNumber'

2022-05-11 19:38:51 - [MESSAGE][PASSED] - Text '2.50' is set on object 'Object Repository/AdminSuiteBootstrap_Pages/VSP_Bootstrap/VSP_Authcap/input_amount'

2022-05-11 19:38:53 - [MESSAGE][PASSED] - Text 'Delhi' is set on object 'Object Repository/AdminSuiteBootstrap_Pages/VSP_Bootstrap/VSP_Authcap/input_userDefined1'

2022-05-11 19:38:53 - [MESSAGE][PASSED] - Text 'Chennai' is set on object 'Object Repository/AdminSuiteBootstrap_Pages/VSP_Bootstrap/VSP_Authcap/input_userDefined2'

2022-05-11 19:38:54 - [MESSAGE][PASSED] - Text 'Mumbai' is set on object 'Object Repository/AdminSuiteBootstrap_Pages/VSP_Bootstrap/VSP_Authcap/input_userDefined3'

2022-05-11 19:38:55 - [MESSAGE][PASSED] - Text 'Kanpur' is set on object 'Object Repository/AdminSuiteBootstrap_Pages/VSP_Bootstrap/VSP_Authcap/input_userDefined4'

2022-05-11 19:38:56 - [MESSAGE][PASSED] - All options with label 'Orange' are selected in object 'Object Repository/AdminSuiteBootstrap_Pages/VSP_Bootstrap/VSP_Authcap/select_UDF5'  using regular expression

2022-05-11 19:38:57 - [MESSAGE][PASSED] - All options with label 'Yellow' are selected in object 'Object Repository/AdminSuiteBootstrap_Pages/VSP_Bootstrap/VSP_Authcap/select_UDF6'  using regular expression

2022-05-11 19:38:57 - [MESSAGE][PASSED] - Text 'Kolkata' is set on object 'Object Repository/AdminSuiteBootstrap_Pages/VSP_Bootstrap/VSP_Authcap/input_userDefined7'

2022-05-11 19:38:58 - [MESSAGE][PASSED] - Text 'Pune' is set on object 'Object Repository/AdminSuiteBootstrap_Pages/VSP_Bootstrap/VSP_Authcap/input_userDefined8'

2022-05-11 19:38:59 - [MESSAGE][PASSED] - Text 'Bhavnagar' is set on object 'Object Repository/AdminSuiteBootstrap_Pages/VSP_Bootstrap/VSP_Authcap/input_userDefined9'

2022-05-11 19:38:59 - [MESSAGE][PASSED] - Text 'Noida' is set on object 'Object Repository/AdminSuiteBootstrap_Pages/VSP_Bootstrap/VSP_Authcap/input_userDefined10'

2022-05-11 19:39:03 - [MESSAGE][PASSED] - Object: 'Object Repository/AdminSuiteBootstrap_Pages/VSP_Bootstrap/VSP_Authcap/button_Submit' is clicked on

2022-05-11 19:39:03 - [MESSAGE][PASSED] - vspBootstrap.SalePage.setDataSaleAndAuth is PASSED

2022-05-11 19:39:03 - [TEST_STEP][PASSED] - verifyTextPresent("Transaction Successful", true): Text 'Transaction Successful' is present on page  using regular expression

2022-05-11 19:39:03 - [MESSAGE][PASSED] - Text 'Transaction Successful' is present on page  using regular expression

2022-05-11 19:39:03 - [TEST_STEP][PASSED] - verifyElementVisible(findTestObject("Object Repository/AdminSuiteBootstrap_Pages/VT_Bootstrap/Receipt/button_Continue")): Object 'Object Repository/AdminSuiteBootstrap_Pages/VT_Bootstrap/Receipt/button_Continue' is visible

2022-05-11 19:39:03 - [MESSAGE][PASSED] - Object 'Object Repository/AdminSuiteBootstrap_Pages/VT_Bootstrap/Receipt/button_Continue' is visible

2022-05-11 19:39:03 - [TEST_STEP][PASSED] - verifyElementPresent(findTestObject("Object Repository/AdminSuiteBootstrap_Pages/VT_Bootstrap/Receipt/button_Continue"), 20): Object 'Object Repository/AdminSuiteBootstrap_Pages/VT_Bootstrap/Receipt/button_Continue' is present

2022-05-11 19:39:04 - [MESSAGE][PASSED] - Object 'Object Repository/AdminSuiteBootstrap_Pages/VT_Bootstrap/Receipt/button_Continue' is present

2022-05-11 19:39:04 - [TEST_STEP][PASSED] - verifyElementVisible(findTestObject("Object Repository/AdminSuiteBootstrap_Pages/VT_Bootstrap/Receipt/button_Print")): Object 'Object Repository/AdminSuiteBootstrap_Pages/VT_Bootstrap/Receipt/button_Print' is visible

2022-05-11 19:39:04 - [MESSAGE][PASSED] - Object 'Object Repository/AdminSuiteBootstrap_Pages/VT_Bootstrap/Receipt/button_Print' is visible

2022-05-11 19:39:04 - [TEST_STEP][PASSED] - verifyElementPresent(findTestObject("Object Repository/AdminSuiteBootstrap_Pages/VT_Bootstrap/Receipt/button_Print"), 20): Object 'Object Repository/AdminSuiteBootstrap_Pages/VT_Bootstrap/Receipt/button_Print' is present

2022-05-11 19:39:04 - [MESSAGE][PASSED] - Object 'Object Repository/AdminSuiteBootstrap_Pages/VT_Bootstrap/Receipt/button_Print' is present

2022-05-11 19:39:04 - [TEST_STEP][PASSED] - verifyTextPresent("Remittance ID", true): Text 'Remittance ID' is present on page  using regular expression

2022-05-11 19:39:05 - [MESSAGE][PASSED] - Text 'Remittance ID' is present on page  using regular expression

2022-05-11 19:39:05 - [TEST_STEP][PASSED] - verifyTextPresent("Received", true): Text 'Received' is present on page  using regular expression

2022-05-11 19:39:05 - [MESSAGE][PASSED] - Text 'Received' is present on page  using regular expression

2022-05-11 19:39:05 - [TEST_STEP][PASSED] - verifyTextPresent("UDF1", true): Text 'UDF1' is present on page  using regular expression

2022-05-11 19:39:05 - [MESSAGE][PASSED] - Text 'UDF1' is present on page  using regular expression

2022-05-11 19:39:05 - [TEST_STEP][PASSED] - verifyTextPresent("UDF2", true): Text 'UDF2' is present on page  using regular expression

2022-05-11 19:39:06 - [MESSAGE][PASSED] - Text 'UDF2' is present on page  using regular expression

2022-05-11 19:39:06 - [TEST_STEP][PASSED] - verifyTextPresent("UDF3", true): Text 'UDF3' is present on page  using regular expression

2022-05-11 19:39:06 - [MESSAGE][PASSED] - Text 'UDF3' is present on page  using regular expression

2022-05-11 19:39:06 - [TEST_STEP][PASSED] - verifyTextPresent("UDF4", true): Text 'UDF4' is present on page  using regular expression

2022-05-11 19:39:06 - [MESSAGE][PASSED] - Text 'UDF4' is present on page  using regular expression

2022-05-11 19:39:06 - [TEST_STEP][PASSED] - verifyTextPresent("UDF5", true): Text 'UDF5' is present on page  using regular expression

2022-05-11 19:39:07 - [MESSAGE][PASSED] - Text 'UDF5' is present on page  using regular expression

2022-05-11 19:39:07 - [TEST_STEP][PASSED] - verifyTextPresent("UDF6", true): Text 'UDF6' is present on page  using regular expression

2022-05-11 19:39:07 - [MESSAGE][PASSED] - Text 'UDF6' is present on page  using regular expression

2022-05-11 19:39:07 - [TEST_STEP][PASSED] - verifyTextPresent("UDF7", true): Text 'UDF7' is present on page  using regular expression

2022-05-11 19:39:07 - [MESSAGE][PASSED] - Text 'UDF7' is present on page  using regular expression

2022-05-11 19:39:07 - [TEST_STEP][PASSED] - verifyTextPresent("UDF8", true): Text 'UDF8' is present on page  using regular expression

2022-05-11 19:39:08 - [MESSAGE][PASSED] - Text 'UDF8' is present on page  using regular expression

2022-05-11 19:39:08 - [TEST_STEP][PASSED] - verifyTextPresent("UDF9", true): Text 'UDF9' is present on page  using regular expression

2022-05-11 19:39:08 - [MESSAGE][PASSED] - Text 'UDF9' is present on page  using regular expression

2022-05-11 19:39:08 - [TEST_STEP][PASSED] - verifyTextPresent("UDF 10", true): Text 'UDF 10' is present on page  using regular expression

2022-05-11 19:39:08 - [MESSAGE][PASSED] - Text 'UDF 10' is present on page  using regular expression

2022-05-11 19:39:08 - [TEST_STEP][PASSED] - verifyTextPresent("Delhi", true): Text 'Delhi' is present on page  using regular expression

2022-05-11 19:39:09 - [MESSAGE][PASSED] - Text 'Delhi' is present on page  using regular expression

2022-05-11 19:39:09 - [TEST_STEP][PASSED] - verifyTextPresent("Chennai", true): Text 'Chennai' is present on page  using regular expression

2022-05-11 19:39:09 - [MESSAGE][PASSED] - Text 'Chennai' is present on page  using regular expression

2022-05-11 19:39:09 - [TEST_STEP][PASSED] - verifyTextPresent("Mumbai", true): Text 'Mumbai' is present on page  using regular expression

2022-05-11 19:39:09 - [MESSAGE][PASSED] - Text 'Mumbai' is present on page  using regular expression

2022-05-11 19:39:09 - [TEST_STEP][PASSED] - verifyTextPresent("Kanpur", true): Text 'Kanpur' is present on page  using regular expression

2022-05-11 19:39:10 - [MESSAGE][PASSED] - Text 'Kanpur' is present on page  using regular expression

2022-05-11 19:39:10 - [TEST_STEP][PASSED] - verifyTextPresent("Orange Recorded", true): Text 'Orange Recorded' is present on page  using regular expression

2022-05-11 19:39:10 - [MESSAGE][PASSED] - Text 'Orange Recorded' is present on page  using regular expression

2022-05-11 19:39:10 - [TEST_STEP][PASSED] - verifyTextPresent("Yellow Recorded", true): Text 'Yellow Recorded' is present on page  using regular expression

2022-05-11 19:39:10 - [MESSAGE][PASSED] - Text 'Yellow Recorded' is present on page  using regular expression

2022-05-11 19:39:10 - [TEST_STEP][PASSED] - verifyTextPresent("Kolkata", true): Text 'Kolkata' is present on page  using regular expression

2022-05-11 19:39:11 - [MESSAGE][PASSED] - Text 'Kolkata' is present on page  using regular expression

2022-05-11 19:39:11 - [TEST_STEP][PASSED] - verifyTextPresent("Pune", true): Text 'Pune' is present on page  using regular expression

2022-05-11 19:39:11 - [MESSAGE][PASSED] - Text 'Pune' is present on page  using regular expression

2022-05-11 19:39:11 - [TEST_STEP][PASSED] - verifyTextPresent("Bhavnagar", true): Text 'Bhavnagar' is present on page  using regular expression

2022-05-11 19:39:11 - [MESSAGE][PASSED] - Text 'Bhavnagar' is present on page  using regular expression

2022-05-11 19:39:11 - [TEST_STEP][PASSED] - verifyTextPresent("Noida", true): Text 'Noida' is present on page  using regular expression

2022-05-11 19:39:12 - [MESSAGE][PASSED] - Text 'Noida' is present on page  using regular expression

2022-05-11 19:39:12 - [TEST_STEP][PASSED] - verifyTextPresent("Amount", true): Text 'Amount' is present on page  using regular expression

2022-05-11 19:39:12 - [MESSAGE][PASSED] - Text 'Amount' is present on page  using regular expression

2022-05-11 19:39:12 - [TEST_STEP][PASSED] - verifyTextPresent("2.50", true): Text '2.50' is present on page  using regular expression

2022-05-11 19:39:12 - [MESSAGE][PASSED] - Text '2.50' is present on page  using regular expression

2022-05-11 19:39:12 - [TEST_STEP][PASSED] - verifyTextPresent("Authorization and Capture", true): Text 'Authorization and Capture' is present on page  using regular expression

2022-05-11 19:39:13 - [MESSAGE][PASSED] - Text 'Authorization and Capture' is present on page  using regular expression

2022-05-11 19:39:13 - [TEST_STEP][PASSED] - verifyTextPresent("Card Information", true): Text 'Card Information' is present on page  using regular expression

2022-05-11 19:39:13 - [MESSAGE][PASSED] - Text 'Card Information' is present on page  using regular expression

2022-05-11 19:39:13 - [TEST_STEP][PASSED] - verifyTextPresent("TANDON RAVENA", true): Text 'TANDON RAVENA' is present on page  using regular expression

2022-05-11 19:39:13 - [MESSAGE][PASSED] - Text 'TANDON RAVENA' is present on page  using regular expression

2022-05-11 19:39:13 - [TEST_STEP][PASSED] - verifyTextPresent("Address Line 1", true): Text 'Address Line 1' is present on page  using regular expression

2022-05-11 19:39:14 - [MESSAGE][PASSED] - Text 'Address Line 1' is present on page  using regular expression

2022-05-11 19:39:14 - [TEST_STEP][PASSED] - verifyTextPresent("Address Line 2", true): Text 'Address Line 2' is present on page  using regular expression

2022-05-11 19:39:14 - [MESSAGE][PASSED] - Text 'Address Line 2' is present on page  using regular expression

2022-05-11 19:39:14 - [TEST_STEP][PASSED] - verifyTextPresent("Country", true): Text 'Country' is present on page  using regular expression

2022-05-11 19:39:14 - [MESSAGE][PASSED] - Text 'Country' is present on page  using regular expression

2022-05-11 19:39:14 - [TEST_STEP][PASSED] - verifyTextPresent("City", true): Text 'City' is present on page  using regular expression

2022-05-11 19:39:15 - [MESSAGE][PASSED] - Text 'City' is present on page  using regular expression

2022-05-11 19:39:15 - [TEST_STEP][PASSED] - verifyTextPresent("State", true): Text 'State' is present on page  using regular expression

2022-05-11 19:39:15 - [MESSAGE][PASSED] - Text 'State' is present on page  using regular expression

2022-05-11 19:39:15 - [TEST_STEP][PASSED] - verifyTextPresent("ZIP Code", true): Text 'ZIP Code' is present on page  using regular expression

2022-05-11 19:39:15 - [MESSAGE][PASSED] - Text 'ZIP Code' is present on page  using regular expression

2022-05-11 19:39:15 - [TEST_STEP][PASSED] - verifyTextPresent("248 PhoolKaante road", true): Text '248 PhoolKaante road' is present on page  using regular expression

2022-05-11 19:39:16 - [MESSAGE][PASSED] - Text '248 PhoolKaante road' is present on page  using regular expression

2022-05-11 19:39:16 - [TEST_STEP][PASSED] - verifyTextPresent("Suite 678", true): Text 'Suite 678' is present on page  using regular expression

2022-05-11 19:39:16 - [MESSAGE][PASSED] - Text 'Suite 678' is present on page  using regular expression

2022-05-11 19:39:16 - [TEST_STEP][PASSED] - verifyTextPresent("United States", true): Text 'United States' is present on page  using regular expression

2022-05-11 19:39:16 - [MESSAGE][PASSED] - Text 'United States' is present on page  using regular expression

2022-05-11 19:39:16 - [TEST_STEP][PASSED] - verifyTextPresent("ARLINGTON", true): Text 'ARLINGTON' is present on page  using regular expression

2022-05-11 19:39:17 - [MESSAGE][PASSED] - Text 'ARLINGTON' is present on page  using regular expression

2022-05-11 19:39:17 - [TEST_STEP][PASSED] - verifyTextPresent("VA", true): Text 'VA' is present on page  using regular expression

2022-05-11 19:39:17 - [MESSAGE][PASSED] - Text 'VA' is present on page  using regular expression

2022-05-11 19:39:17 - [TEST_STEP][PASSED] - verifyTextPresent("22201", true): Text '22201' is present on page  using regular expression

2022-05-11 19:39:17 - [MESSAGE][PASSED] - Text '22201' is present on page  using regular expression

2022-05-11 19:39:17 - [TEST_STEP][PASSED] - cardTypeV = findTestData(dataFile).getValue("CardType", row): null

2022-05-11 19:39:17 - [TEST_STEP][PASSED] - last4V = findTestData(dataFile).getValue("Last4", row): null

2022-05-11 19:39:17 - [TEST_STEP][PASSED] - verifyTextPresent(cardTypeV, true): Text 'MasterCard' is present on page  using regular expression

2022-05-11 19:39:18 - [MESSAGE][PASSED] - Text 'MasterCard' is present on page  using regular expression

2022-05-11 19:39:18 - [TEST_STEP][PASSED] - verifyTextPresent(last4V, true): Text '0035' is present on page  using regular expression

2022-05-11 19:39:18 - [MESSAGE][PASSED] - Text '0035' is present on page  using regular expression

2022-05-11 19:39:18 - [TEST_STEP][PASSED] - switch (appName): null

2022-05-11 19:39:18 - [TEST_STEP][PASSED] - case "a_Access AutoDualCFtpQA":: null

2022-05-11 19:39:18 - [TEST_STEP][PASSED] - verifyTextPresent("5.00", true): Text '5.00' is present on page  using regular expression

2022-05-11 19:39:18 - [MESSAGE][PASSED] - Text '5.00' is present on page  using regular expression

2022-05-11 19:39:18 - [TEST_STEP][PASSED] - verifyTextPresent("Dual Transaction", true): Text 'Dual Transaction' is present on page  using regular expression

2022-05-11 19:39:19 - [MESSAGE][PASSED] - Text 'Dual Transaction' is present on page  using regular expression

2022-05-11 19:39:19 - [TEST_STEP][PASSED] - verifyTextPresent("7.50", true): Text '7.50' is present on page  using regular expression

2022-05-11 19:39:19 - [MESSAGE][PASSED] - Text '7.50' is present on page  using regular expression

2022-05-11 19:39:19 - [TEST_STEP][PASSED] - verifyTextPresent("Total Amount", true): Text 'Total Amount' is present on page  using regular expression

2022-05-11 19:39:19 - [MESSAGE][PASSED] - Text 'Total Amount' is present on page  using regular expression

2022-05-11 19:39:19 - [TEST_STEP][PASSED] - verifyTextPresent("Transaction Type", true): Text 'Transaction Type' is present on page  using regular expression

2022-05-11 19:39:20 - [MESSAGE][PASSED] - Text 'Transaction Type' is present on page  using regular expression

2022-05-11 19:39:20 - [TEST_STEP][PASSED] - break: null

2022-05-11 19:39:20 - [TEST_STEP][PASSED] - closeBrowser(): Browser is closed

2022-05-11 19:39:20 - [MESSAGE][PASSED] - Browser is closed

2022-05-11 19:39:20 - [TEST_STEP][PASSED] - ExecuteTC = findTestData(dataFile).getValue("Execute", row): null

2022-05-11 19:39:21 - [TEST_STEP][PASSED] - out.println("Value of Execute is : " + ExecuteTC): null

2022-05-11 19:39:21 - [TEST_STEP][PASSED] - switch (executionProfile): null

2022-05-11 19:39:21 - [TEST_STEP][PASSED] - case "QAProfile":: null

2022-05-11 19:39:21 - [TEST_STEP][PASSED] - appName = findTestData(dataFile).getValue("AppNameQA", row): null

2022-05-11 19:39:21 - [TEST_STEP][PASSED] - appID = findTestData(dataFile).getValue("AppIDQA", row): null

2022-05-11 19:39:21 - [TEST_STEP][PASSED] - break: null

2022-05-11 19:39:21 - [TEST_STEP][PASSED] - if (ExecuteTC.equalsIgnoreCase("Y")): null

2022-05-11 19:39:21 - [TEST_STEP][PASSED] - out.println("Begin Record Number: " + row): null

2022-05-11 19:39:21 - [TEST_STEP][PASSED] - today = new java.util.Date(): null

2022-05-11 19:39:21 - [TEST_STEP][PASSED] - println(today): null

2022-05-11 19:39:21 - [TEST_STEP][PASSED] - datText = today: null

2022-05-11 19:39:21 - [TEST_STEP][PASSED] - adminSuiteBootstrap.loginFunctionality.login_AdminSuite(): adminSuiteBootstrap.loginFunctionality.login_AdminSuite is PASSED

2022-05-11 19:39:21 - [MESSAGE][INFO] - Starting 'Chrome' driver

2022-05-11 19:39:21 - [MESSAGE][INFO] - User set preference: ['acceptInsecureCerts', 'true']

2022-05-11 19:39:21 - [MESSAGE][INFO] - Action delay is set to 0 milliseconds

2022-05-11 19:39:23 - [MESSAGE][PASSED] - Browser is opened with url: 'https://qa.velocitypayment.com/admin/imtiaz'

2022-05-11 19:39:23 - [MESSAGE][PASSED] - Current window maximized

2022-05-11 19:39:24 - [MESSAGE][PASSED] - Object 'Object Repository/Login_Page/Login_Username' is present

2022-05-11 19:39:24 - [MESSAGE][PASSED] - Text 'iahmed' is set on object 'Object Repository/Login_Page/Login_Username'

2022-05-11 19:39:25 - [MESSAGE][PASSED] - Text 'hello2222' is set on object 'Object Repository/Login_Page/Login_Password'

2022-05-11 19:39:28 - [MESSAGE][PASSED] - Object: 'Object Repository/Login_Page/Login_Submit' is clicked on

2022-05-11 19:39:28 - [MESSAGE][PASSED] - adminSuiteBootstrap.loginFunctionality.login_AdminSuite is PASSED

2022-05-11 19:39:28 - [TEST_STEP][PASSED] - click(findTestObject(path_Dashboard + appName)): Object: 'Object Repository/AdminSuiteBootstrap_Pages/Dashboard_Bootstrap/a_Access AutoDualCFtpQA' is clicked on

2022-05-11 19:39:29 - [MESSAGE][PASSED] - Object: 'Object Repository/AdminSuiteBootstrap_Pages/Dashboard_Bootstrap/a_Access AutoDualCFtpQA' is clicked on

2022-05-11 19:39:29 - [TEST_STEP][PASSED] - click(findTestObject(path_VT + "a_Find Profile")): Object: 'Object Repository/AdminSuiteBootstrap_Pages/VT_Bootstrap/IssueTransactions/a_Find Profile' is clicked on

2022-05-11 19:39:29 - [MESSAGE][PASSED] - Object: 'Object Repository/AdminSuiteBootstrap_Pages/VT_Bootstrap/IssueTransactions/a_Find Profile' is clicked on

2022-05-11 19:39:29 - [TEST_STEP][PASSED] - criteria = <not implemented yet for class: org.codehaus.groovy.ast.expr.EmptyExpression>: null

2022-05-11 19:39:29 - [TEST_STEP][PASSED] - searchBy = <not implemented yet for class: org.codehaus.groovy.ast.expr.EmptyExpression>: null

2022-05-11 19:39:29 - [TEST_STEP][PASSED] - criteria = findTestData(dataFile).getValue("ProfileName", row): null

2022-05-11 19:39:30 - [TEST_STEP][PASSED] - path_SearchProfile = "Object Repository/AdminSuiteBootstrap_Pages/VSP_Bootstrap/SearchProfile/": null

2022-05-11 19:39:30 - [TEST_STEP][PASSED] - setText(findTestObject(path_SearchProfile + "input_Criteria"), criteria): Text 'PaymentsAmEx' is set on object 'Object Repository/AdminSuiteBootstrap_Pages/VSP_Bootstrap/SearchProfile/input_Criteria'

2022-05-11 19:39:30 - [MESSAGE][PASSED] - Text 'PaymentsAmEx' is set on object 'Object Repository/AdminSuiteBootstrap_Pages/VSP_Bootstrap/SearchProfile/input_Criteria'

2022-05-11 19:39:30 - [TEST_STEP][PASSED] - click(findTestObject(path_SearchProfile + "button_Search")): Object: 'Object Repository/AdminSuiteBootstrap_Pages/VSP_Bootstrap/SearchProfile/button_Search' is clicked on

2022-05-11 19:39:31 - [MESSAGE][PASSED] - Object: 'Object Repository/AdminSuiteBootstrap_Pages/VSP_Bootstrap/SearchProfile/button_Search' is clicked on

2022-05-11 19:39:31 - [TEST_STEP][PASSED] - profNameLink = findTestData(dataFile).getValue("ProfileNameLink", row): null

2022-05-11 19:39:31 - [TEST_STEP][PASSED] - click(findTestObject(path_ViewProfile + profNameLink)): Object: 'Object Repository/AdminSuiteBootstrap_Pages/VSP_Bootstrap/View Profile/a_PaymentsAmEx' is clicked on

2022-05-11 19:39:33 - [MESSAGE][PASSED] - Object: 'Object Repository/AdminSuiteBootstrap_Pages/VSP_Bootstrap/View Profile/a_PaymentsAmEx' is clicked on

2022-05-11 19:39:33 - [TEST_STEP][PASSED] - click(findTestObject(path_ViewProfile + "a_AuthCap")): Object: 'Object Repository/AdminSuiteBootstrap_Pages/VSP_Bootstrap/View Profile/a_AuthCap' is clicked on

2022-05-11 19:39:34 - [MESSAGE][PASSED] - Object: 'Object Repository/AdminSuiteBootstrap_Pages/VSP_Bootstrap/View Profile/a_AuthCap' is clicked on

2022-05-11 19:39:34 - [TEST_STEP][PASSED] - verifyTextPresent("Credit Card Authorization Capture", true): Text 'Credit Card Authorization Capture' is present on page  using regular expression

2022-05-11 19:39:35 - [MESSAGE][PASSED] - Text 'Credit Card Authorization Capture' is present on page  using regular expression

2022-05-11 19:39:35 - [TEST_STEP][PASSED] - verifyTextPresent("Sale", true): Text 'Sale' is present on page  using regular expression

2022-05-11 19:39:35 - [MESSAGE][PASSED] - Text 'Sale' is present on page  using regular expression

2022-05-11 19:39:35 - [TEST_STEP][PASSED] - verifyTextPresent("Required fields are highlighted with an asterisk", true): Text 'Required fields are highlighted with an asterisk' is present on page  using regular expression

2022-05-11 19:39:35 - [MESSAGE][PASSED] - Text 'Required fields are highlighted with an asterisk' is present on page  using regular expression

2022-05-11 19:39:35 - [TEST_STEP][PASSED] - verifyTextPresent("Remittance ID", true): Text 'Remittance ID' is present on page  using regular expression

2022-05-11 19:39:36 - [MESSAGE][PASSED] - Text 'Remittance ID' is present on page  using regular expression

2022-05-11 19:39:36 - [TEST_STEP][PASSED] - vspBootstrap.SalePage.setDataSaleAndAuth(row, dataFile): vspBootstrap.SalePage.setDataSaleAndAuth is PASSED

2022-05-11 19:39:37 - [MESSAGE][PASSED] - All options with value 'MOTO' are selected in object 'Object Repository/AdminSuiteBootstrap_Pages/VSP_Bootstrap/VSP_Authcap/select_TransactionCategory'  using regular expression

2022-05-11 19:39:38 - [MESSAGE][PASSED] - Text '1234' is set on object 'Object Repository/AdminSuiteBootstrap_Pages/VSP_Bootstrap/VSP_Authcap/input_cvv'

2022-05-11 19:39:39 - [MESSAGE][PASSED] - Text '' is set on object 'Object Repository/AdminSuiteBootstrap_Pages/VSP_Bootstrap/VSP_Authcap/input_smsNumber'

2022-05-11 19:39:39 - [MESSAGE][PASSED] - Text '2.50' is set on object 'Object Repository/AdminSuiteBootstrap_Pages/VSP_Bootstrap/VSP_Authcap/input_amount'

2022-05-11 19:39:41 - [MESSAGE][PASSED] - Text 'Delhi' is set on object 'Object Repository/AdminSuiteBootstrap_Pages/VSP_Bootstrap/VSP_Authcap/input_userDefined1'

2022-05-11 19:39:41 - [MESSAGE][PASSED] - Text 'Chennai' is set on object 'Object Repository/AdminSuiteBootstrap_Pages/VSP_Bootstrap/VSP_Authcap/input_userDefined2'

2022-05-11 19:39:42 - [MESSAGE][PASSED] - Text 'Mumbai' is set on object 'Object Repository/AdminSuiteBootstrap_Pages/VSP_Bootstrap/VSP_Authcap/input_userDefined3'

2022-05-11 19:39:43 - [MESSAGE][PASSED] - Text 'Kanpur' is set on object 'Object Repository/AdminSuiteBootstrap_Pages/VSP_Bootstrap/VSP_Authcap/input_userDefined4'

2022-05-11 19:39:44 - [MESSAGE][PASSED] - All options with label 'Orange' are selected in object 'Object Repository/AdminSuiteBootstrap_Pages/VSP_Bootstrap/VSP_Authcap/select_UDF5'  using regular expression

2022-05-11 19:39:44 - [MESSAGE][PASSED] - All options with label 'Yellow' are selected in object 'Object Repository/AdminSuiteBootstrap_Pages/VSP_Bootstrap/VSP_Authcap/select_UDF6'  using regular expression

2022-05-11 19:39:45 - [MESSAGE][PASSED] - Text 'Kolkata' is set on object 'Object Repository/AdminSuiteBootstrap_Pages/VSP_Bootstrap/VSP_Authcap/input_userDefined7'

2022-05-11 19:39:46 - [MESSAGE][PASSED] - Text 'Pune' is set on object 'Object Repository/AdminSuiteBootstrap_Pages/VSP_Bootstrap/VSP_Authcap/input_userDefined8'

2022-05-11 19:39:47 - [MESSAGE][PASSED] - Text 'Bhavnagar' is set on object 'Object Repository/AdminSuiteBootstrap_Pages/VSP_Bootstrap/VSP_Authcap/input_userDefined9'

2022-05-11 19:39:47 - [MESSAGE][PASSED] - Text 'Noida' is set on object 'Object Repository/AdminSuiteBootstrap_Pages/VSP_Bootstrap/VSP_Authcap/input_userDefined10'

2022-05-11 19:39:50 - [MESSAGE][PASSED] - Object: 'Object Repository/AdminSuiteBootstrap_Pages/VSP_Bootstrap/VSP_Authcap/button_Submit' is clicked on

2022-05-11 19:39:50 - [MESSAGE][PASSED] - vspBootstrap.SalePage.setDataSaleAndAuth is PASSED

2022-05-11 19:39:50 - [TEST_STEP][PASSED] - verifyTextPresent("Transaction Successful", true): Text 'Transaction Successful' is present on page  using regular expression

2022-05-11 19:39:50 - [MESSAGE][PASSED] - Text 'Transaction Successful' is present on page  using regular expression

2022-05-11 19:39:50 - [TEST_STEP][PASSED] - verifyElementVisible(findTestObject("Object Repository/AdminSuiteBootstrap_Pages/VT_Bootstrap/Receipt/button_Continue")): Object 'Object Repository/AdminSuiteBootstrap_Pages/VT_Bootstrap/Receipt/button_Continue' is visible

2022-05-11 19:39:51 - [MESSAGE][PASSED] - Object 'Object Repository/AdminSuiteBootstrap_Pages/VT_Bootstrap/Receipt/button_Continue' is visible

2022-05-11 19:39:51 - [TEST_STEP][PASSED] - verifyElementPresent(findTestObject("Object Repository/AdminSuiteBootstrap_Pages/VT_Bootstrap/Receipt/button_Continue"), 20): Object 'Object Repository/AdminSuiteBootstrap_Pages/VT_Bootstrap/Receipt/button_Continue' is present

2022-05-11 19:39:51 - [MESSAGE][PASSED] - Object 'Object Repository/AdminSuiteBootstrap_Pages/VT_Bootstrap/Receipt/button_Continue' is present

2022-05-11 19:39:51 - [TEST_STEP][PASSED] - verifyElementVisible(findTestObject("Object Repository/AdminSuiteBootstrap_Pages/VT_Bootstrap/Receipt/button_Print")): Object 'Object Repository/AdminSuiteBootstrap_Pages/VT_Bootstrap/Receipt/button_Print' is visible

2022-05-11 19:39:51 - [MESSAGE][PASSED] - Object 'Object Repository/AdminSuiteBootstrap_Pages/VT_Bootstrap/Receipt/button_Print' is visible

2022-05-11 19:39:51 - [TEST_STEP][PASSED] - verifyElementPresent(findTestObject("Object Repository/AdminSuiteBootstrap_Pages/VT_Bootstrap/Receipt/button_Print"), 20): Object 'Object Repository/AdminSuiteBootstrap_Pages/VT_Bootstrap/Receipt/button_Print' is present

2022-05-11 19:39:52 - [MESSAGE][PASSED] - Object 'Object Repository/AdminSuiteBootstrap_Pages/VT_Bootstrap/Receipt/button_Print' is present

2022-05-11 19:39:52 - [TEST_STEP][PASSED] - verifyTextPresent("Remittance ID", true): Text 'Remittance ID' is present on page  using regular expression

2022-05-11 19:39:52 - [MESSAGE][PASSED] - Text 'Remittance ID' is present on page  using regular expression

2022-05-11 19:39:52 - [TEST_STEP][PASSED] - verifyTextPresent("Received", true): Text 'Received' is present on page  using regular expression

2022-05-11 19:39:52 - [MESSAGE][PASSED] - Text 'Received' is present on page  using regular expression

2022-05-11 19:39:52 - [TEST_STEP][PASSED] - verifyTextPresent("UDF1", true): Text 'UDF1' is present on page  using regular expression

2022-05-11 19:39:53 - [MESSAGE][PASSED] - Text 'UDF1' is present on page  using regular expression

2022-05-11 19:39:53 - [TEST_STEP][PASSED] - verifyTextPresent("UDF2", true): Text 'UDF2' is present on page  using regular expression

2022-05-11 19:39:53 - [MESSAGE][PASSED] - Text 'UDF2' is present on page  using regular expression

2022-05-11 19:39:53 - [TEST_STEP][PASSED] - verifyTextPresent("UDF3", true): Text 'UDF3' is present on page  using regular expression

2022-05-11 19:39:53 - [MESSAGE][PASSED] - Text 'UDF3' is present on page  using regular expression

2022-05-11 19:39:53 - [TEST_STEP][PASSED] - verifyTextPresent("UDF4", true): Text 'UDF4' is present on page  using regular expression

2022-05-11 19:39:54 - [MESSAGE][PASSED] - Text 'UDF4' is present on page  using regular expression

2022-05-11 19:39:54 - [TEST_STEP][PASSED] - verifyTextPresent("UDF5", true): Text 'UDF5' is present on page  using regular expression

2022-05-11 19:39:54 - [MESSAGE][PASSED] - Text 'UDF5' is present on page  using regular expression

2022-05-11 19:39:54 - [TEST_STEP][PASSED] - verifyTextPresent("UDF6", true): Text 'UDF6' is present on page  using regular expression

2022-05-11 19:39:54 - [MESSAGE][PASSED] - Text 'UDF6' is present on page  using regular expression

2022-05-11 19:39:54 - [TEST_STEP][PASSED] - verifyTextPresent("UDF7", true): Text 'UDF7' is present on page  using regular expression

2022-05-11 19:39:55 - [MESSAGE][PASSED] - Text 'UDF7' is present on page  using regular expression

2022-05-11 19:39:55 - [TEST_STEP][PASSED] - verifyTextPresent("UDF8", true): Text 'UDF8' is present on page  using regular expression

2022-05-11 19:39:55 - [MESSAGE][PASSED] - Text 'UDF8' is present on page  using regular expression

2022-05-11 19:39:55 - [TEST_STEP][PASSED] - verifyTextPresent("UDF9", true): Text 'UDF9' is present on page  using regular expression

2022-05-11 19:39:55 - [MESSAGE][PASSED] - Text 'UDF9' is present on page  using regular expression

2022-05-11 19:39:55 - [TEST_STEP][PASSED] - verifyTextPresent("UDF 10", true): Text 'UDF 10' is present on page  using regular expression

2022-05-11 19:39:56 - [MESSAGE][PASSED] - Text 'UDF 10' is present on page  using regular expression

2022-05-11 19:39:56 - [TEST_STEP][PASSED] - verifyTextPresent("Delhi", true): Text 'Delhi' is present on page  using regular expression

2022-05-11 19:39:56 - [MESSAGE][PASSED] - Text 'Delhi' is present on page  using regular expression

2022-05-11 19:39:56 - [TEST_STEP][PASSED] - verifyTextPresent("Chennai", true): Text 'Chennai' is present on page  using regular expression

2022-05-11 19:39:56 - [MESSAGE][PASSED] - Text 'Chennai' is present on page  using regular expression

2022-05-11 19:39:56 - [TEST_STEP][PASSED] - verifyTextPresent("Mumbai", true): Text 'Mumbai' is present on page  using regular expression

2022-05-11 19:39:57 - [MESSAGE][PASSED] - Text 'Mumbai' is present on page  using regular expression

2022-05-11 19:39:57 - [TEST_STEP][PASSED] - verifyTextPresent("Kanpur", true): Text 'Kanpur' is present on page  using regular expression

2022-05-11 19:39:57 - [MESSAGE][PASSED] - Text 'Kanpur' is present on page  using regular expression

2022-05-11 19:39:57 - [TEST_STEP][PASSED] - verifyTextPresent("Orange Recorded", true): Text 'Orange Recorded' is present on page  using regular expression

2022-05-11 19:39:57 - [MESSAGE][PASSED] - Text 'Orange Recorded' is present on page  using regular expression

2022-05-11 19:39:57 - [TEST_STEP][PASSED] - verifyTextPresent("Yellow Recorded", true): Text 'Yellow Recorded' is present on page  using regular expression

2022-05-11 19:39:58 - [MESSAGE][PASSED] - Text 'Yellow Recorded' is present on page  using regular expression

2022-05-11 19:39:58 - [TEST_STEP][PASSED] - verifyTextPresent("Kolkata", true): Text 'Kolkata' is present on page  using regular expression

2022-05-11 19:39:58 - [MESSAGE][PASSED] - Text 'Kolkata' is present on page  using regular expression

2022-05-11 19:39:58 - [TEST_STEP][PASSED] - verifyTextPresent("Pune", true): Text 'Pune' is present on page  using regular expression

2022-05-11 19:39:58 - [MESSAGE][PASSED] - Text 'Pune' is present on page  using regular expression

2022-05-11 19:39:58 - [TEST_STEP][PASSED] - verifyTextPresent("Bhavnagar", true): Text 'Bhavnagar' is present on page  using regular expression

2022-05-11 19:39:59 - [MESSAGE][PASSED] - Text 'Bhavnagar' is present on page  using regular expression

2022-05-11 19:39:59 - [TEST_STEP][PASSED] - verifyTextPresent("Noida", true): Text 'Noida' is present on page  using regular expression

2022-05-11 19:39:59 - [MESSAGE][PASSED] - Text 'Noida' is present on page  using regular expression

2022-05-11 19:39:59 - [TEST_STEP][PASSED] - verifyTextPresent("Amount", true): Text 'Amount' is present on page  using regular expression

2022-05-11 19:39:59 - [MESSAGE][PASSED] - Text 'Amount' is present on page  using regular expression

2022-05-11 19:39:59 - [TEST_STEP][PASSED] - verifyTextPresent("2.50", true): Text '2.50' is present on page  using regular expression

2022-05-11 19:40:00 - [MESSAGE][PASSED] - Text '2.50' is present on page  using regular expression

2022-05-11 19:40:00 - [TEST_STEP][PASSED] - verifyTextPresent("Authorization and Capture", true): Text 'Authorization and Capture' is present on page  using regular expression

2022-05-11 19:40:00 - [MESSAGE][PASSED] - Text 'Authorization and Capture' is present on page  using regular expression

2022-05-11 19:40:00 - [TEST_STEP][PASSED] - verifyTextPresent("Card Information", true): Text 'Card Information' is present on page  using regular expression

2022-05-11 19:40:00 - [MESSAGE][PASSED] - Text 'Card Information' is present on page  using regular expression

2022-05-11 19:40:00 - [TEST_STEP][PASSED] - verifyTextPresent("TANDON RAVENA", true): Text 'TANDON RAVENA' is present on page  using regular expression

2022-05-11 19:40:01 - [MESSAGE][PASSED] - Text 'TANDON RAVENA' is present on page  using regular expression

2022-05-11 19:40:01 - [TEST_STEP][PASSED] - verifyTextPresent("Address Line 1", true): Text 'Address Line 1' is present on page  using regular expression

2022-05-11 19:40:01 - [MESSAGE][PASSED] - Text 'Address Line 1' is present on page  using regular expression

2022-05-11 19:40:01 - [TEST_STEP][PASSED] - verifyTextPresent("Address Line 2", true): Text 'Address Line 2' is present on page  using regular expression

2022-05-11 19:40:01 - [MESSAGE][PASSED] - Text 'Address Line 2' is present on page  using regular expression

2022-05-11 19:40:01 - [TEST_STEP][PASSED] - verifyTextPresent("Country", true): Text 'Country' is present on page  using regular expression

2022-05-11 19:40:01 - [MESSAGE][PASSED] - Text 'Country' is present on page  using regular expression

2022-05-11 19:40:01 - [TEST_STEP][PASSED] - verifyTextPresent("City", true): Text 'City' is present on page  using regular expression

2022-05-11 19:40:02 - [MESSAGE][PASSED] - Text 'City' is present on page  using regular expression

2022-05-11 19:40:02 - [TEST_STEP][PASSED] - verifyTextPresent("State", true): Text 'State' is present on page  using regular expression

2022-05-11 19:40:02 - [MESSAGE][PASSED] - Text 'State' is present on page  using regular expression

2022-05-11 19:40:02 - [TEST_STEP][PASSED] - verifyTextPresent("ZIP Code", true): Text 'ZIP Code' is present on page  using regular expression

2022-05-11 19:40:02 - [MESSAGE][PASSED] - Text 'ZIP Code' is present on page  using regular expression

2022-05-11 19:40:02 - [TEST_STEP][PASSED] - verifyTextPresent("248 PhoolKaante road", true): Text '248 PhoolKaante road' is present on page  using regular expression

2022-05-11 19:40:03 - [MESSAGE][PASSED] - Text '248 PhoolKaante road' is present on page  using regular expression

2022-05-11 19:40:03 - [TEST_STEP][PASSED] - verifyTextPresent("Suite 678", true): Text 'Suite 678' is present on page  using regular expression

2022-05-11 19:40:03 - [MESSAGE][PASSED] - Text 'Suite 678' is present on page  using regular expression

2022-05-11 19:40:03 - [TEST_STEP][PASSED] - verifyTextPresent("United States", true): Text 'United States' is present on page  using regular expression

2022-05-11 19:40:03 - [MESSAGE][PASSED] - Text 'United States' is present on page  using regular expression

2022-05-11 19:40:03 - [TEST_STEP][PASSED] - verifyTextPresent("ARLINGTON", true): Text 'ARLINGTON' is present on page  using regular expression

2022-05-11 19:40:04 - [MESSAGE][PASSED] - Text 'ARLINGTON' is present on page  using regular expression

2022-05-11 19:40:04 - [TEST_STEP][PASSED] - verifyTextPresent("VA", true): Text 'VA' is present on page  using regular expression

2022-05-11 19:40:04 - [MESSAGE][PASSED] - Text 'VA' is present on page  using regular expression

2022-05-11 19:40:04 - [TEST_STEP][PASSED] - verifyTextPresent("22201", true): Text '22201' is present on page  using regular expression

2022-05-11 19:40:04 - [MESSAGE][PASSED] - Text '22201' is present on page  using regular expression

2022-05-11 19:40:04 - [TEST_STEP][PASSED] - cardTypeV = findTestData(dataFile).getValue("CardType", row): null

2022-05-11 19:40:04 - [TEST_STEP][PASSED] - last4V = findTestData(dataFile).getValue("Last4", row): null

2022-05-11 19:40:04 - [TEST_STEP][PASSED] - verifyTextPresent(cardTypeV, true): Text 'American Express' is present on page  using regular expression

2022-05-11 19:40:05 - [MESSAGE][PASSED] - Text 'American Express' is present on page  using regular expression

2022-05-11 19:40:05 - [TEST_STEP][PASSED] - verifyTextPresent(last4V, true): Text '2376' is present on page  using regular expression

2022-05-11 19:40:05 - [MESSAGE][PASSED] - Text '2376' is present on page  using regular expression

2022-05-11 19:40:05 - [TEST_STEP][PASSED] - switch (appName): null

2022-05-11 19:40:05 - [TEST_STEP][PASSED] - case "a_Access AutoDualCFtpQA":: null

2022-05-11 19:40:05 - [TEST_STEP][PASSED] - verifyTextPresent("5.00", true): Text '5.00' is present on page  using regular expression

2022-05-11 19:40:05 - [MESSAGE][PASSED] - Text '5.00' is present on page  using regular expression

2022-05-11 19:40:05 - [TEST_STEP][PASSED] - verifyTextPresent("Dual Transaction", true): Text 'Dual Transaction' is present on page  using regular expression

2022-05-11 19:40:06 - [MESSAGE][PASSED] - Text 'Dual Transaction' is present on page  using regular expression

2022-05-11 19:40:06 - [TEST_STEP][PASSED] - verifyTextPresent("7.50", true): Text '7.50' is present on page  using regular expression

2022-05-11 19:40:06 - [MESSAGE][PASSED] - Text '7.50' is present on page  using regular expression

2022-05-11 19:40:06 - [TEST_STEP][PASSED] - verifyTextPresent("Total Amount", true): Text 'Total Amount' is present on page  using regular expression

2022-05-11 19:40:06 - [MESSAGE][PASSED] - Text 'Total Amount' is present on page  using regular expression

2022-05-11 19:40:06 - [TEST_STEP][PASSED] - verifyTextPresent("Transaction Type", true): Text 'Transaction Type' is present on page  using regular expression

2022-05-11 19:40:07 - [MESSAGE][PASSED] - Text 'Transaction Type' is present on page  using regular expression

2022-05-11 19:40:07 - [TEST_STEP][PASSED] - break: null

2022-05-11 19:40:07 - [TEST_STEP][PASSED] - closeBrowser(): Browser is closed

2022-05-11 19:40:07 - [MESSAGE][PASSED] - Browser is closed

2022-05-11 19:40:07 - [TEST_STEP][PASSED] - ExecuteTC = findTestData(dataFile).getValue("Execute", row): null

2022-05-11 19:40:08 - [TEST_STEP][PASSED] - out.println("Value of Execute is : " + ExecuteTC): null

2022-05-11 19:40:08 - [TEST_STEP][PASSED] - switch (executionProfile): null

2022-05-11 19:40:08 - [TEST_STEP][PASSED] - case "QAProfile":: null

2022-05-11 19:40:08 - [TEST_STEP][PASSED] - appName = findTestData(dataFile).getValue("AppNameQA", row): null

2022-05-11 19:40:08 - [TEST_STEP][PASSED] - appID = findTestData(dataFile).getValue("AppIDQA", row): null

2022-05-11 19:40:08 - [TEST_STEP][PASSED] - break: null

2022-05-11 19:40:08 - [TEST_STEP][PASSED] - if (ExecuteTC.equalsIgnoreCase("Y")): null

2022-05-11 19:40:08 - [TEST_STEP][PASSED] - out.println("Begin Record Number: " + row): null

2022-05-11 19:40:08 - [TEST_STEP][PASSED] - today = new java.util.Date(): null

2022-05-11 19:40:08 - [TEST_STEP][PASSED] - println(today): null

2022-05-11 19:40:08 - [TEST_STEP][PASSED] - datText = today: null

2022-05-11 19:40:08 - [TEST_STEP][PASSED] - adminSuiteBootstrap.loginFunctionality.login_AdminSuite(): adminSuiteBootstrap.loginFunctionality.login_AdminSuite is PASSED

2022-05-11 19:40:08 - [MESSAGE][INFO] - Starting 'Chrome' driver

2022-05-11 19:40:08 - [MESSAGE][INFO] - User set preference: ['acceptInsecureCerts', 'true']

2022-05-11 19:40:08 - [MESSAGE][INFO] - Action delay is set to 0 milliseconds

2022-05-11 19:40:10 - [MESSAGE][PASSED] - Browser is opened with url: 'https://qa.velocitypayment.com/admin/imtiaz'

2022-05-11 19:40:10 - [MESSAGE][PASSED] - Current window maximized

2022-05-11 19:40:11 - [MESSAGE][PASSED] - Object 'Object Repository/Login_Page/Login_Username' is present

2022-05-11 19:40:11 - [MESSAGE][PASSED] - Text 'iahmed' is set on object 'Object Repository/Login_Page/Login_Username'

2022-05-11 19:40:12 - [MESSAGE][PASSED] - Text 'hello2222' is set on object 'Object Repository/Login_Page/Login_Password'

2022-05-11 19:40:15 - [MESSAGE][PASSED] - Object: 'Object Repository/Login_Page/Login_Submit' is clicked on

2022-05-11 19:40:15 - [MESSAGE][PASSED] - adminSuiteBootstrap.loginFunctionality.login_AdminSuite is PASSED

2022-05-11 19:40:15 - [TEST_STEP][PASSED] - click(findTestObject(path_Dashboard + appName)): Object: 'Object Repository/AdminSuiteBootstrap_Pages/Dashboard_Bootstrap/a_Access AutoDualCFtpQA' is clicked on

2022-05-11 19:40:16 - [MESSAGE][PASSED] - Object: 'Object Repository/AdminSuiteBootstrap_Pages/Dashboard_Bootstrap/a_Access AutoDualCFtpQA' is clicked on

2022-05-11 19:40:16 - [TEST_STEP][PASSED] - click(findTestObject(path_VT + "a_Find Profile")): Object: 'Object Repository/AdminSuiteBootstrap_Pages/VT_Bootstrap/IssueTransactions/a_Find Profile' is clicked on

2022-05-11 19:40:16 - [MESSAGE][PASSED] - Object: 'Object Repository/AdminSuiteBootstrap_Pages/VT_Bootstrap/IssueTransactions/a_Find Profile' is clicked on

2022-05-11 19:40:16 - [TEST_STEP][PASSED] - criteria = <not implemented yet for class: org.codehaus.groovy.ast.expr.EmptyExpression>: null

2022-05-11 19:40:16 - [TEST_STEP][PASSED] - searchBy = <not implemented yet for class: org.codehaus.groovy.ast.expr.EmptyExpression>: null

2022-05-11 19:40:16 - [TEST_STEP][PASSED] - criteria = findTestData(dataFile).getValue("ProfileName", row): null

2022-05-11 19:40:16 - [TEST_STEP][PASSED] - path_SearchProfile = "Object Repository/AdminSuiteBootstrap_Pages/VSP_Bootstrap/SearchProfile/": null

2022-05-11 19:40:16 - [TEST_STEP][PASSED] - setText(findTestObject(path_SearchProfile + "input_Criteria"), criteria): Text 'PaymentsDI' is set on object 'Object Repository/AdminSuiteBootstrap_Pages/VSP_Bootstrap/SearchProfile/input_Criteria'

2022-05-11 19:40:17 - [MESSAGE][PASSED] - Text 'PaymentsDI' is set on object 'Object Repository/AdminSuiteBootstrap_Pages/VSP_Bootstrap/SearchProfile/input_Criteria'

2022-05-11 19:40:17 - [TEST_STEP][PASSED] - click(findTestObject(path_SearchProfile + "button_Search")): Object: 'Object Repository/AdminSuiteBootstrap_Pages/VSP_Bootstrap/SearchProfile/button_Search' is clicked on

2022-05-11 19:40:18 - [MESSAGE][PASSED] - Object: 'Object Repository/AdminSuiteBootstrap_Pages/VSP_Bootstrap/SearchProfile/button_Search' is clicked on

2022-05-11 19:40:18 - [TEST_STEP][PASSED] - profNameLink = findTestData(dataFile).getValue("ProfileNameLink", row): null

2022-05-11 19:40:18 - [TEST_STEP][PASSED] - click(findTestObject(path_ViewProfile + profNameLink)): Object: 'Object Repository/AdminSuiteBootstrap_Pages/VSP_Bootstrap/View Profile/a_PaymentsDI' is clicked on

2022-05-11 19:40:19 - [MESSAGE][PASSED] - Object: 'Object Repository/AdminSuiteBootstrap_Pages/VSP_Bootstrap/View Profile/a_PaymentsDI' is clicked on

2022-05-11 19:40:19 - [TEST_STEP][PASSED] - click(findTestObject(path_ViewProfile + "a_AuthCap")): Object: 'Object Repository/AdminSuiteBootstrap_Pages/VSP_Bootstrap/View Profile/a_AuthCap' is clicked on

2022-05-11 19:40:21 - [MESSAGE][PASSED] - Object: 'Object Repository/AdminSuiteBootstrap_Pages/VSP_Bootstrap/View Profile/a_AuthCap' is clicked on

2022-05-11 19:40:21 - [TEST_STEP][PASSED] - verifyTextPresent("Credit Card Authorization Capture", true): Text 'Credit Card Authorization Capture' is present on page  using regular expression

2022-05-11 19:40:21 - [MESSAGE][PASSED] - Text 'Credit Card Authorization Capture' is present on page  using regular expression

2022-05-11 19:40:21 - [TEST_STEP][PASSED] - verifyTextPresent("Sale", true): Text 'Sale' is present on page  using regular expression

2022-05-11 19:40:22 - [MESSAGE][PASSED] - Text 'Sale' is present on page  using regular expression

2022-05-11 19:40:22 - [TEST_STEP][PASSED] - verifyTextPresent("Required fields are highlighted with an asterisk", true): Text 'Required fields are highlighted with an asterisk' is present on page  using regular expression

2022-05-11 19:40:22 - [MESSAGE][PASSED] - Text 'Required fields are highlighted with an asterisk' is present on page  using regular expression

2022-05-11 19:40:22 - [TEST_STEP][PASSED] - verifyTextPresent("Remittance ID", true): Text 'Remittance ID' is present on page  using regular expression

2022-05-11 19:40:22 - [MESSAGE][PASSED] - Text 'Remittance ID' is present on page  using regular expression

2022-05-11 19:40:22 - [TEST_STEP][PASSED] - vspBootstrap.SalePage.setDataSaleAndAuth(row, dataFile): vspBootstrap.SalePage.setDataSaleAndAuth is PASSED

2022-05-11 19:40:24 - [MESSAGE][PASSED] - All options with value 'MOTO' are selected in object 'Object Repository/AdminSuiteBootstrap_Pages/VSP_Bootstrap/VSP_Authcap/select_TransactionCategory'  using regular expression

2022-05-11 19:40:24 - [MESSAGE][PASSED] - Text '123' is set on object 'Object Repository/AdminSuiteBootstrap_Pages/VSP_Bootstrap/VSP_Authcap/input_cvv'

2022-05-11 19:40:25 - [MESSAGE][PASSED] - Text '' is set on object 'Object Repository/AdminSuiteBootstrap_Pages/VSP_Bootstrap/VSP_Authcap/input_smsNumber'

2022-05-11 19:40:26 - [MESSAGE][PASSED] - Text '2.50' is set on object 'Object Repository/AdminSuiteBootstrap_Pages/VSP_Bootstrap/VSP_Authcap/input_amount'

2022-05-11 19:40:27 - [MESSAGE][PASSED] - Text 'Delhi' is set on object 'Object Repository/AdminSuiteBootstrap_Pages/VSP_Bootstrap/VSP_Authcap/input_userDefined1'

2022-05-11 19:40:28 - [MESSAGE][PASSED] - Text 'Chennai' is set on object 'Object Repository/AdminSuiteBootstrap_Pages/VSP_Bootstrap/VSP_Authcap/input_userDefined2'

2022-05-11 19:40:28 - [MESSAGE][PASSED] - Text 'Mumbai' is set on object 'Object Repository/AdminSuiteBootstrap_Pages/VSP_Bootstrap/VSP_Authcap/input_userDefined3'

2022-05-11 19:40:29 - [MESSAGE][PASSED] - Text 'Kanpur' is set on object 'Object Repository/AdminSuiteBootstrap_Pages/VSP_Bootstrap/VSP_Authcap/input_userDefined4'

2022-05-11 19:40:30 - [MESSAGE][PASSED] - All options with label 'Orange' are selected in object 'Object Repository/AdminSuiteBootstrap_Pages/VSP_Bootstrap/VSP_Authcap/select_UDF5'  using regular expression

2022-05-11 19:40:31 - [MESSAGE][PASSED] - All options with label 'Yellow' are selected in object 'Object Repository/AdminSuiteBootstrap_Pages/VSP_Bootstrap/VSP_Authcap/select_UDF6'  using regular expression

2022-05-11 19:40:32 - [MESSAGE][PASSED] - Text 'Kolkata' is set on object 'Object Repository/AdminSuiteBootstrap_Pages/VSP_Bootstrap/VSP_Authcap/input_userDefined7'

2022-05-11 19:40:32 - [MESSAGE][PASSED] - Text 'Pune' is set on object 'Object Repository/AdminSuiteBootstrap_Pages/VSP_Bootstrap/VSP_Authcap/input_userDefined8'

2022-05-11 19:40:33 - [MESSAGE][PASSED] - Text 'Bhavnagar' is set on object 'Object Repository/AdminSuiteBootstrap_Pages/VSP_Bootstrap/VSP_Authcap/input_userDefined9'

2022-05-11 19:40:34 - [MESSAGE][PASSED] - Text 'Noida' is set on object 'Object Repository/AdminSuiteBootstrap_Pages/VSP_Bootstrap/VSP_Authcap/input_userDefined10'

2022-05-11 19:40:36 - [MESSAGE][PASSED] - Object: 'Object Repository/AdminSuiteBootstrap_Pages/VSP_Bootstrap/VSP_Authcap/button_Submit' is clicked on

2022-05-11 19:40:36 - [MESSAGE][PASSED] - vspBootstrap.SalePage.setDataSaleAndAuth is PASSED

2022-05-11 19:40:36 - [TEST_STEP][PASSED] - verifyTextPresent("Transaction Successful", true): Text 'Transaction Successful' is present on page  using regular expression

2022-05-11 19:40:37 - [MESSAGE][PASSED] - Text 'Transaction Successful' is present on page  using regular expression

2022-05-11 19:40:37 - [TEST_STEP][PASSED] - verifyElementVisible(findTestObject("Object Repository/AdminSuiteBootstrap_Pages/VT_Bootstrap/Receipt/button_Continue")): Object 'Object Repository/AdminSuiteBootstrap_Pages/VT_Bootstrap/Receipt/button_Continue' is visible

2022-05-11 19:40:37 - [MESSAGE][PASSED] - Object 'Object Repository/AdminSuiteBootstrap_Pages/VT_Bootstrap/Receipt/button_Continue' is visible

2022-05-11 19:40:37 - [TEST_STEP][PASSED] - verifyElementPresent(findTestObject("Object Repository/AdminSuiteBootstrap_Pages/VT_Bootstrap/Receipt/button_Continue"), 20): Object 'Object Repository/AdminSuiteBootstrap_Pages/VT_Bootstrap/Receipt/button_Continue' is present

2022-05-11 19:40:38 - [MESSAGE][PASSED] - Object 'Object Repository/AdminSuiteBootstrap_Pages/VT_Bootstrap/Receipt/button_Continue' is present

2022-05-11 19:40:38 - [TEST_STEP][PASSED] - verifyElementVisible(findTestObject("Object Repository/AdminSuiteBootstrap_Pages/VT_Bootstrap/Receipt/button_Print")): Object 'Object Repository/AdminSuiteBootstrap_Pages/VT_Bootstrap/Receipt/button_Print' is visible

2022-05-11 19:40:38 - [MESSAGE][PASSED] - Object 'Object Repository/AdminSuiteBootstrap_Pages/VT_Bootstrap/Receipt/button_Print' is visible

2022-05-11 19:40:38 - [TEST_STEP][PASSED] - verifyElementPresent(findTestObject("Object Repository/AdminSuiteBootstrap_Pages/VT_Bootstrap/Receipt/button_Print"), 20): Object 'Object Repository/AdminSuiteBootstrap_Pages/VT_Bootstrap/Receipt/button_Print' is present

2022-05-11 19:40:38 - [MESSAGE][PASSED] - Object 'Object Repository/AdminSuiteBootstrap_Pages/VT_Bootstrap/Receipt/button_Print' is present

2022-05-11 19:40:38 - [TEST_STEP][PASSED] - verifyTextPresent("Remittance ID", true): Text 'Remittance ID' is present on page  using regular expression

2022-05-11 19:40:39 - [MESSAGE][PASSED] - Text 'Remittance ID' is present on page  using regular expression

2022-05-11 19:40:39 - [TEST_STEP][PASSED] - verifyTextPresent("Received", true): Text 'Received' is present on page  using regular expression

2022-05-11 19:40:39 - [MESSAGE][PASSED] - Text 'Received' is present on page  using regular expression

2022-05-11 19:40:39 - [TEST_STEP][PASSED] - verifyTextPresent("UDF1", true): Text 'UDF1' is present on page  using regular expression

2022-05-11 19:40:39 - [MESSAGE][PASSED] - Text 'UDF1' is present on page  using regular expression

2022-05-11 19:40:39 - [TEST_STEP][PASSED] - verifyTextPresent("UDF2", true): Text 'UDF2' is present on page  using regular expression

2022-05-11 19:40:40 - [MESSAGE][PASSED] - Text 'UDF2' is present on page  using regular expression

2022-05-11 19:40:40 - [TEST_STEP][PASSED] - verifyTextPresent("UDF3", true): Text 'UDF3' is present on page  using regular expression

2022-05-11 19:40:40 - [MESSAGE][PASSED] - Text 'UDF3' is present on page  using regular expression

2022-05-11 19:40:40 - [TEST_STEP][PASSED] - verifyTextPresent("UDF4", true): Text 'UDF4' is present on page  using regular expression

2022-05-11 19:40:40 - [MESSAGE][PASSED] - Text 'UDF4' is present on page  using regular expression

2022-05-11 19:40:40 - [TEST_STEP][PASSED] - verifyTextPresent("UDF5", true): Text 'UDF5' is present on page  using regular expression

2022-05-11 19:40:41 - [MESSAGE][PASSED] - Text 'UDF5' is present on page  using regular expression

2022-05-11 19:40:41 - [TEST_STEP][PASSED] - verifyTextPresent("UDF6", true): Text 'UDF6' is present on page  using regular expression

2022-05-11 19:40:41 - [MESSAGE][PASSED] - Text 'UDF6' is present on page  using regular expression

2022-05-11 19:40:41 - [TEST_STEP][PASSED] - verifyTextPresent("UDF7", true): Text 'UDF7' is present on page  using regular expression

2022-05-11 19:40:41 - [MESSAGE][PASSED] - Text 'UDF7' is present on page  using regular expression

2022-05-11 19:40:41 - [TEST_STEP][PASSED] - verifyTextPresent("UDF8", true): Text 'UDF8' is present on page  using regular expression

2022-05-11 19:40:42 - [MESSAGE][PASSED] - Text 'UDF8' is present on page  using regular expression

2022-05-11 19:40:42 - [TEST_STEP][PASSED] - verifyTextPresent("UDF9", true): Text 'UDF9' is present on page  using regular expression

2022-05-11 19:40:42 - [MESSAGE][PASSED] - Text 'UDF9' is present on page  using regular expression

2022-05-11 19:40:42 - [TEST_STEP][PASSED] - verifyTextPresent("UDF 10", true): Text 'UDF 10' is present on page  using regular expression

2022-05-11 19:40:42 - [MESSAGE][PASSED] - Text 'UDF 10' is present on page  using regular expression

2022-05-11 19:40:42 - [TEST_STEP][PASSED] - verifyTextPresent("Delhi", true): Text 'Delhi' is present on page  using regular expression

2022-05-11 19:40:43 - [MESSAGE][PASSED] - Text 'Delhi' is present on page  using regular expression

2022-05-11 19:40:43 - [TEST_STEP][PASSED] - verifyTextPresent("Chennai", true): Text 'Chennai' is present on page  using regular expression

2022-05-11 19:40:43 - [MESSAGE][PASSED] - Text 'Chennai' is present on page  using regular expression

2022-05-11 19:40:43 - [TEST_STEP][PASSED] - verifyTextPresent("Mumbai", true): Text 'Mumbai' is present on page  using regular expression

2022-05-11 19:40:43 - [MESSAGE][PASSED] - Text 'Mumbai' is present on page  using regular expression

2022-05-11 19:40:43 - [TEST_STEP][PASSED] - verifyTextPresent("Kanpur", true): Text 'Kanpur' is present on page  using regular expression

2022-05-11 19:40:44 - [MESSAGE][PASSED] - Text 'Kanpur' is present on page  using regular expression

2022-05-11 19:40:44 - [TEST_STEP][PASSED] - verifyTextPresent("Orange Recorded", true): Text 'Orange Recorded' is present on page  using regular expression

2022-05-11 19:40:44 - [MESSAGE][PASSED] - Text 'Orange Recorded' is present on page  using regular expression

2022-05-11 19:40:44 - [TEST_STEP][PASSED] - verifyTextPresent("Yellow Recorded", true): Text 'Yellow Recorded' is present on page  using regular expression

2022-05-11 19:40:44 - [MESSAGE][PASSED] - Text 'Yellow Recorded' is present on page  using regular expression

2022-05-11 19:40:44 - [TEST_STEP][PASSED] - verifyTextPresent("Kolkata", true): Text 'Kolkata' is present on page  using regular expression

2022-05-11 19:40:45 - [MESSAGE][PASSED] - Text 'Kolkata' is present on page  using regular expression

2022-05-11 19:40:45 - [TEST_STEP][PASSED] - verifyTextPresent("Pune", true): Text 'Pune' is present on page  using regular expression

2022-05-11 19:40:45 - [MESSAGE][PASSED] - Text 'Pune' is present on page  using regular expression

2022-05-11 19:40:45 - [TEST_STEP][PASSED] - verifyTextPresent("Bhavnagar", true): Text 'Bhavnagar' is present on page  using regular expression

2022-05-11 19:40:45 - [MESSAGE][PASSED] - Text 'Bhavnagar' is present on page  using regular expression

2022-05-11 19:40:45 - [TEST_STEP][PASSED] - verifyTextPresent("Noida", true): Text 'Noida' is present on page  using regular expression

2022-05-11 19:40:46 - [MESSAGE][PASSED] - Text 'Noida' is present on page  using regular expression

2022-05-11 19:40:46 - [TEST_STEP][PASSED] - verifyTextPresent("Amount", true): Text 'Amount' is present on page  using regular expression

2022-05-11 19:40:46 - [MESSAGE][PASSED] - Text 'Amount' is present on page  using regular expression

2022-05-11 19:40:46 - [TEST_STEP][PASSED] - verifyTextPresent("2.50", true): Text '2.50' is present on page  using regular expression

2022-05-11 19:40:46 - [MESSAGE][PASSED] - Text '2.50' is present on page  using regular expression

2022-05-11 19:40:46 - [TEST_STEP][PASSED] - verifyTextPresent("Authorization and Capture", true): Text 'Authorization and Capture' is present on page  using regular expression

2022-05-11 19:40:47 - [MESSAGE][PASSED] - Text 'Authorization and Capture' is present on page  using regular expression

2022-05-11 19:40:47 - [TEST_STEP][PASSED] - verifyTextPresent("Card Information", true): Text 'Card Information' is present on page  using regular expression

2022-05-11 19:40:47 - [MESSAGE][PASSED] - Text 'Card Information' is present on page  using regular expression

2022-05-11 19:40:47 - [TEST_STEP][PASSED] - verifyTextPresent("TANDON RAVENA", true): Text 'TANDON RAVENA' is present on page  using regular expression

2022-05-11 19:40:47 - [MESSAGE][PASSED] - Text 'TANDON RAVENA' is present on page  using regular expression

2022-05-11 19:40:47 - [TEST_STEP][PASSED] - verifyTextPresent("Address Line 1", true): Text 'Address Line 1' is present on page  using regular expression

2022-05-11 19:40:48 - [MESSAGE][PASSED] - Text 'Address Line 1' is present on page  using regular expression

2022-05-11 19:40:48 - [TEST_STEP][PASSED] - verifyTextPresent("Address Line 2", true): Text 'Address Line 2' is present on page  using regular expression

2022-05-11 19:40:48 - [MESSAGE][PASSED] - Text 'Address Line 2' is present on page  using regular expression

2022-05-11 19:40:48 - [TEST_STEP][PASSED] - verifyTextPresent("Country", true): Text 'Country' is present on page  using regular expression

2022-05-11 19:40:48 - [MESSAGE][PASSED] - Text 'Country' is present on page  using regular expression

2022-05-11 19:40:48 - [TEST_STEP][PASSED] - verifyTextPresent("City", true): Text 'City' is present on page  using regular expression

2022-05-11 19:40:49 - [MESSAGE][PASSED] - Text 'City' is present on page  using regular expression

2022-05-11 19:40:49 - [TEST_STEP][PASSED] - verifyTextPresent("State", true): Text 'State' is present on page  using regular expression

2022-05-11 19:40:49 - [MESSAGE][PASSED] - Text 'State' is present on page  using regular expression

2022-05-11 19:40:49 - [TEST_STEP][PASSED] - verifyTextPresent("ZIP Code", true): Text 'ZIP Code' is present on page  using regular expression

2022-05-11 19:40:49 - [MESSAGE][PASSED] - Text 'ZIP Code' is present on page  using regular expression

2022-05-11 19:40:49 - [TEST_STEP][PASSED] - verifyTextPresent("248 PhoolKaante road", true): Text '248 PhoolKaante road' is present on page  using regular expression

2022-05-11 19:40:50 - [MESSAGE][PASSED] - Text '248 PhoolKaante road' is present on page  using regular expression

2022-05-11 19:40:50 - [TEST_STEP][PASSED] - verifyTextPresent("Suite 678", true): Text 'Suite 678' is present on page  using regular expression

2022-05-11 19:40:50 - [MESSAGE][PASSED] - Text 'Suite 678' is present on page  using regular expression

2022-05-11 19:40:50 - [TEST_STEP][PASSED] - verifyTextPresent("United States", true): Text 'United States' is present on page  using regular expression

2022-05-11 19:40:50 - [MESSAGE][PASSED] - Text 'United States' is present on page  using regular expression

2022-05-11 19:40:50 - [TEST_STEP][PASSED] - verifyTextPresent("ARLINGTON", true): Text 'ARLINGTON' is present on page  using regular expression

2022-05-11 19:40:51 - [MESSAGE][PASSED] - Text 'ARLINGTON' is present on page  using regular expression

2022-05-11 19:40:51 - [TEST_STEP][PASSED] - verifyTextPresent("VA", true): Text 'VA' is present on page  using regular expression

2022-05-11 19:40:51 - [MESSAGE][PASSED] - Text 'VA' is present on page  using regular expression

2022-05-11 19:40:51 - [TEST_STEP][PASSED] - verifyTextPresent("22201", true): Text '22201' is present on page  using regular expression

2022-05-11 19:40:51 - [MESSAGE][PASSED] - Text '22201' is present on page  using regular expression

2022-05-11 19:40:51 - [TEST_STEP][PASSED] - cardTypeV = findTestData(dataFile).getValue("CardType", row): null

2022-05-11 19:40:51 - [TEST_STEP][PASSED] - last4V = findTestData(dataFile).getValue("Last4", row): null

2022-05-11 19:40:51 - [TEST_STEP][PASSED] - verifyTextPresent(cardTypeV, true): Text 'Discover' is present on page  using regular expression

2022-05-11 19:40:52 - [MESSAGE][PASSED] - Text 'Discover' is present on page  using regular expression

2022-05-11 19:40:52 - [TEST_STEP][PASSED] - verifyTextPresent(last4V, true): Text '6909' is present on page  using regular expression

2022-05-11 19:40:52 - [MESSAGE][PASSED] - Text '6909' is present on page  using regular expression

2022-05-11 19:40:52 - [TEST_STEP][PASSED] - switch (appName): null

2022-05-11 19:40:52 - [TEST_STEP][PASSED] - case "a_Access AutoDualCFtpQA":: null

2022-05-11 19:40:52 - [TEST_STEP][PASSED] - verifyTextPresent("5.00", true): Text '5.00' is present on page  using regular expression

2022-05-11 19:40:52 - [MESSAGE][PASSED] - Text '5.00' is present on page  using regular expression

2022-05-11 19:40:52 - [TEST_STEP][PASSED] - verifyTextPresent("Dual Transaction", true): Text 'Dual Transaction' is present on page  using regular expression

2022-05-11 19:40:53 - [MESSAGE][PASSED] - Text 'Dual Transaction' is present on page  using regular expression

2022-05-11 19:40:53 - [TEST_STEP][PASSED] - verifyTextPresent("7.50", true): Text '7.50' is present on page  using regular expression

2022-05-11 19:40:53 - [MESSAGE][PASSED] - Text '7.50' is present on page  using regular expression

2022-05-11 19:40:53 - [TEST_STEP][PASSED] - verifyTextPresent("Total Amount", true): Text 'Total Amount' is present on page  using regular expression

2022-05-11 19:40:53 - [MESSAGE][PASSED] - Text 'Total Amount' is present on page  using regular expression

2022-05-11 19:40:53 - [TEST_STEP][PASSED] - verifyTextPresent("Transaction Type", true): Text 'Transaction Type' is present on page  using regular expression

2022-05-11 19:40:54 - [MESSAGE][PASSED] - Text 'Transaction Type' is present on page  using regular expression

2022-05-11 19:40:54 - [TEST_STEP][PASSED] - break: null

2022-05-11 19:40:54 - [TEST_STEP][PASSED] - closeBrowser(): Browser is closed

2022-05-11 19:40:54 - [MESSAGE][PASSED] - Browser is closed

2022-05-11 19:40:54 - [TEST_STEP][PASSED] - ExecuteTC = findTestData(dataFile).getValue("Execute", row): null

2022-05-11 19:40:54 - [TEST_STEP][PASSED] - out.println("Value of Execute is : " + ExecuteTC): null

2022-05-11 19:40:54 - [TEST_STEP][PASSED] - switch (executionProfile): null

2022-05-11 19:40:54 - [TEST_STEP][PASSED] - case "QAProfile":: null

2022-05-11 19:40:54 - [TEST_STEP][PASSED] - appName = findTestData(dataFile).getValue("AppNameQA", row): null

2022-05-11 19:40:55 - [TEST_STEP][PASSED] - appID = findTestData(dataFile).getValue("AppIDQA", row): null

2022-05-11 19:40:55 - [TEST_STEP][PASSED] - break: null

2022-05-11 19:40:55 - [TEST_STEP][PASSED] - if (ExecuteTC.equalsIgnoreCase("Y")): null

2022-05-11 19:40:55 - [TEST_STEP][PASSED] - out.println("Begin Record Number: " + row): null

2022-05-11 19:40:55 - [TEST_STEP][PASSED] - today = new java.util.Date(): null

2022-05-11 19:40:55 - [TEST_STEP][PASSED] - println(today): null

2022-05-11 19:40:55 - [TEST_STEP][PASSED] - datText = today: null

2022-05-11 19:40:55 - [TEST_STEP][PASSED] - adminSuiteBootstrap.loginFunctionality.login_AdminSuite(): adminSuiteBootstrap.loginFunctionality.login_AdminSuite is PASSED

2022-05-11 19:40:55 - [MESSAGE][INFO] - Starting 'Chrome' driver

2022-05-11 19:40:55 - [MESSAGE][INFO] - User set preference: ['acceptInsecureCerts', 'true']

2022-05-11 19:40:55 - [MESSAGE][INFO] - Action delay is set to 0 milliseconds

2022-05-11 19:40:57 - [MESSAGE][PASSED] - Browser is opened with url: 'https://qa.velocitypayment.com/admin/imtiaz'

2022-05-11 19:40:57 - [MESSAGE][PASSED] - Current window maximized

2022-05-11 19:40:58 - [MESSAGE][PASSED] - Object 'Object Repository/Login_Page/Login_Username' is present

2022-05-11 19:40:58 - [MESSAGE][PASSED] - Text 'iahmed' is set on object 'Object Repository/Login_Page/Login_Username'

2022-05-11 19:40:59 - [MESSAGE][PASSED] - Text 'hello2222' is set on object 'Object Repository/Login_Page/Login_Password'

2022-05-11 19:41:02 - [MESSAGE][PASSED] - Object: 'Object Repository/Login_Page/Login_Submit' is clicked on

2022-05-11 19:41:02 - [MESSAGE][PASSED] - adminSuiteBootstrap.loginFunctionality.login_AdminSuite is PASSED

2022-05-11 19:41:02 - [TEST_STEP][PASSED] - click(findTestObject(path_Dashboard + appName)): Object: 'Object Repository/AdminSuiteBootstrap_Pages/Dashboard_Bootstrap/a_Access AutoDualCFtpQA' is clicked on

2022-05-11 19:41:03 - [MESSAGE][PASSED] - Object: 'Object Repository/AdminSuiteBootstrap_Pages/Dashboard_Bootstrap/a_Access AutoDualCFtpQA' is clicked on

2022-05-11 19:41:03 - [TEST_STEP][PASSED] - click(findTestObject(path_VT + "a_Find Profile")): Object: 'Object Repository/AdminSuiteBootstrap_Pages/VT_Bootstrap/IssueTransactions/a_Find Profile' is clicked on

2022-05-11 19:41:03 - [MESSAGE][PASSED] - Object: 'Object Repository/AdminSuiteBootstrap_Pages/VT_Bootstrap/IssueTransactions/a_Find Profile' is clicked on

2022-05-11 19:41:03 - [TEST_STEP][PASSED] - criteria = <not implemented yet for class: org.codehaus.groovy.ast.expr.EmptyExpression>: null

2022-05-11 19:41:03 - [TEST_STEP][PASSED] - searchBy = <not implemented yet for class: org.codehaus.groovy.ast.expr.EmptyExpression>: null

2022-05-11 19:41:03 - [TEST_STEP][PASSED] - criteria = findTestData(dataFile).getValue("ProfileName", row): null

2022-05-11 19:41:03 - [TEST_STEP][PASSED] - path_SearchProfile = "Object Repository/AdminSuiteBootstrap_Pages/VSP_Bootstrap/SearchProfile/": null

2022-05-11 19:41:03 - [TEST_STEP][PASSED] - setText(findTestObject(path_SearchProfile + "input_Criteria"), criteria): Text 'PaymentsVisa' is set on object 'Object Repository/AdminSuiteBootstrap_Pages/VSP_Bootstrap/SearchProfile/input_Criteria'

2022-05-11 19:41:04 - [MESSAGE][PASSED] - Text 'PaymentsVisa' is set on object 'Object Repository/AdminSuiteBootstrap_Pages/VSP_Bootstrap/SearchProfile/input_Criteria'

2022-05-11 19:41:04 - [TEST_STEP][PASSED] - click(findTestObject(path_SearchProfile + "button_Search")): Object: 'Object Repository/AdminSuiteBootstrap_Pages/VSP_Bootstrap/SearchProfile/button_Search' is clicked on

2022-05-11 19:41:06 - [MESSAGE][PASSED] - Object: 'Object Repository/AdminSuiteBootstrap_Pages/VSP_Bootstrap/SearchProfile/button_Search' is clicked on

2022-05-11 19:41:06 - [TEST_STEP][PASSED] - profNameLink = findTestData(dataFile).getValue("ProfileNameLink", row): null

2022-05-11 19:41:06 - [TEST_STEP][PASSED] - click(findTestObject(path_ViewProfile + profNameLink)): Object: 'Object Repository/AdminSuiteBootstrap_Pages/VSP_Bootstrap/View Profile/a_PaymentsVisa' is clicked on

2022-05-11 19:41:07 - [MESSAGE][PASSED] - Object: 'Object Repository/AdminSuiteBootstrap_Pages/VSP_Bootstrap/View Profile/a_PaymentsVisa' is clicked on

2022-05-11 19:41:07 - [TEST_STEP][PASSED] - click(findTestObject(path_ViewProfile + "a_AuthCap")): Object: 'Object Repository/AdminSuiteBootstrap_Pages/VSP_Bootstrap/View Profile/a_AuthCap' is clicked on

2022-05-11 19:41:08 - [MESSAGE][PASSED] - Object: 'Object Repository/AdminSuiteBootstrap_Pages/VSP_Bootstrap/View Profile/a_AuthCap' is clicked on

2022-05-11 19:41:08 - [TEST_STEP][PASSED] - verifyTextPresent("Credit Card Authorization Capture", true): Text 'Credit Card Authorization Capture' is present on page  using regular expression

2022-05-11 19:41:09 - [MESSAGE][PASSED] - Text 'Credit Card Authorization Capture' is present on page  using regular expression

2022-05-11 19:41:09 - [TEST_STEP][PASSED] - verifyTextPresent("Sale", true): Text 'Sale' is present on page  using regular expression

2022-05-11 19:41:09 - [MESSAGE][PASSED] - Text 'Sale' is present on page  using regular expression

2022-05-11 19:41:09 - [TEST_STEP][PASSED] - verifyTextPresent("Required fields are highlighted with an asterisk", true): Text 'Required fields are highlighted with an asterisk' is present on page  using regular expression

2022-05-11 19:41:10 - [MESSAGE][PASSED] - Text 'Required fields are highlighted with an asterisk' is present on page  using regular expression

2022-05-11 19:41:10 - [TEST_STEP][PASSED] - verifyTextPresent("Remittance ID", true): Text 'Remittance ID' is present on page  using regular expression

2022-05-11 19:41:10 - [MESSAGE][PASSED] - Text 'Remittance ID' is present on page  using regular expression

2022-05-11 19:41:10 - [TEST_STEP][PASSED] - vspBootstrap.SalePage.setDataSaleAndAuth(row, dataFile): vspBootstrap.SalePage.setDataSaleAndAuth is PASSED

2022-05-11 19:41:11 - [MESSAGE][PASSED] - All options with value 'RETL' are selected in object 'Object Repository/AdminSuiteBootstrap_Pages/VSP_Bootstrap/VSP_Authcap/select_TransactionCategory'  using regular expression

2022-05-11 19:41:12 - [MESSAGE][PASSED] - Text '123' is set on object 'Object Repository/AdminSuiteBootstrap_Pages/VSP_Bootstrap/VSP_Authcap/input_cvv'

2022-05-11 19:41:13 - [MESSAGE][PASSED] - Text '' is set on object 'Object Repository/AdminSuiteBootstrap_Pages/VSP_Bootstrap/VSP_Authcap/input_smsNumber'

2022-05-11 19:41:13 - [MESSAGE][PASSED] - Text '2.50' is set on object 'Object Repository/AdminSuiteBootstrap_Pages/VSP_Bootstrap/VSP_Authcap/input_amount'

2022-05-11 19:41:15 - [MESSAGE][PASSED] - Text 'Delhi' is set on object 'Object Repository/AdminSuiteBootstrap_Pages/VSP_Bootstrap/VSP_Authcap/input_userDefined1'

2022-05-11 19:41:15 - [MESSAGE][PASSED] - Text 'Chennai' is set on object 'Object Repository/AdminSuiteBootstrap_Pages/VSP_Bootstrap/VSP_Authcap/input_userDefined2'

2022-05-11 19:41:16 - [MESSAGE][PASSED] - Text 'Mumbai' is set on object 'Object Repository/AdminSuiteBootstrap_Pages/VSP_Bootstrap/VSP_Authcap/input_userDefined3'

2022-05-11 19:41:17 - [MESSAGE][PASSED] - Text 'Kanpur' is set on object 'Object Repository/AdminSuiteBootstrap_Pages/VSP_Bootstrap/VSP_Authcap/input_userDefined4'

2022-05-11 19:41:18 - [MESSAGE][PASSED] - All options with label 'Orange' are selected in object 'Object Repository/AdminSuiteBootstrap_Pages/VSP_Bootstrap/VSP_Authcap/select_UDF5'  using regular expression

2022-05-11 19:41:19 - [MESSAGE][PASSED] - All options with label 'Yellow' are selected in object 'Object Repository/AdminSuiteBootstrap_Pages/VSP_Bootstrap/VSP_Authcap/select_UDF6'  using regular expression

2022-05-11 19:41:20 - [MESSAGE][PASSED] - Text 'Kolkata' is set on object 'Object Repository/AdminSuiteBootstrap_Pages/VSP_Bootstrap/VSP_Authcap/input_userDefined7'

2022-05-11 19:41:20 - [MESSAGE][PASSED] - Text 'Pune' is set on object 'Object Repository/AdminSuiteBootstrap_Pages/VSP_Bootstrap/VSP_Authcap/input_userDefined8'

2022-05-11 19:41:21 - [MESSAGE][PASSED] - Text 'Bhavnagar' is set on object 'Object Repository/AdminSuiteBootstrap_Pages/VSP_Bootstrap/VSP_Authcap/input_userDefined9'

2022-05-11 19:41:22 - [MESSAGE][PASSED] - Text 'Noida' is set on object 'Object Repository/AdminSuiteBootstrap_Pages/VSP_Bootstrap/VSP_Authcap/input_userDefined10'

2022-05-11 19:41:26 - [MESSAGE][PASSED] - Object: 'Object Repository/AdminSuiteBootstrap_Pages/VSP_Bootstrap/VSP_Authcap/button_Submit' is clicked on

2022-05-11 19:41:26 - [MESSAGE][PASSED] - vspBootstrap.SalePage.setDataSaleAndAuth is PASSED

2022-05-11 19:41:26 - [TEST_STEP][PASSED] - verifyTextPresent("Transaction Successful", true): Text 'Transaction Successful' is present on page  using regular expression

2022-05-11 19:41:26 - [MESSAGE][PASSED] - Text 'Transaction Successful' is present on page  using regular expression

2022-05-11 19:41:26 - [TEST_STEP][PASSED] - verifyElementVisible(findTestObject("Object Repository/AdminSuiteBootstrap_Pages/VT_Bootstrap/Receipt/button_Continue")): Object 'Object Repository/AdminSuiteBootstrap_Pages/VT_Bootstrap/Receipt/button_Continue' is visible

2022-05-11 19:41:27 - [MESSAGE][PASSED] - Object 'Object Repository/AdminSuiteBootstrap_Pages/VT_Bootstrap/Receipt/button_Continue' is visible

2022-05-11 19:41:27 - [TEST_STEP][PASSED] - verifyElementPresent(findTestObject("Object Repository/AdminSuiteBootstrap_Pages/VT_Bootstrap/Receipt/button_Continue"), 20): Object 'Object Repository/AdminSuiteBootstrap_Pages/VT_Bootstrap/Receipt/button_Continue' is present

2022-05-11 19:41:27 - [MESSAGE][PASSED] - Object 'Object Repository/AdminSuiteBootstrap_Pages/VT_Bootstrap/Receipt/button_Continue' is present

2022-05-11 19:41:27 - [TEST_STEP][PASSED] - verifyElementVisible(findTestObject("Object Repository/AdminSuiteBootstrap_Pages/VT_Bootstrap/Receipt/button_Print")): Object 'Object Repository/AdminSuiteBootstrap_Pages/VT_Bootstrap/Receipt/button_Print' is visible

2022-05-11 19:41:27 - [MESSAGE][PASSED] - Object 'Object Repository/AdminSuiteBootstrap_Pages/VT_Bootstrap/Receipt/button_Print' is visible

2022-05-11 19:41:27 - [TEST_STEP][PASSED] - verifyElementPresent(findTestObject("Object Repository/AdminSuiteBootstrap_Pages/VT_Bootstrap/Receipt/button_Print"), 20): Object 'Object Repository/AdminSuiteBootstrap_Pages/VT_Bootstrap/Receipt/button_Print' is present

2022-05-11 19:41:28 - [MESSAGE][PASSED] - Object 'Object Repository/AdminSuiteBootstrap_Pages/VT_Bootstrap/Receipt/button_Print' is present

2022-05-11 19:41:28 - [TEST_STEP][PASSED] - verifyTextPresent("Remittance ID", true): Text 'Remittance ID' is present on page  using regular expression

2022-05-11 19:41:28 - [MESSAGE][PASSED] - Text 'Remittance ID' is present on page  using regular expression

2022-05-11 19:41:28 - [TEST_STEP][PASSED] - verifyTextPresent("Received", true): Text 'Received' is present on page  using regular expression

2022-05-11 19:41:28 - [MESSAGE][PASSED] - Text 'Received' is present on page  using regular expression

2022-05-11 19:41:28 - [TEST_STEP][PASSED] - verifyTextPresent("UDF1", true): Text 'UDF1' is present on page  using regular expression

2022-05-11 19:41:29 - [MESSAGE][PASSED] - Text 'UDF1' is present on page  using regular expression

2022-05-11 19:41:29 - [TEST_STEP][PASSED] - verifyTextPresent("UDF2", true): Text 'UDF2' is present on page  using regular expression

2022-05-11 19:41:29 - [MESSAGE][PASSED] - Text 'UDF2' is present on page  using regular expression

2022-05-11 19:41:29 - [TEST_STEP][PASSED] - verifyTextPresent("UDF3", true): Text 'UDF3' is present on page  using regular expression

2022-05-11 19:41:29 - [MESSAGE][PASSED] - Text 'UDF3' is present on page  using regular expression

2022-05-11 19:41:29 - [TEST_STEP][PASSED] - verifyTextPresent("UDF4", true): Text 'UDF4' is present on page  using regular expression

2022-05-11 19:41:30 - [MESSAGE][PASSED] - Text 'UDF4' is present on page  using regular expression

2022-05-11 19:41:30 - [TEST_STEP][PASSED] - verifyTextPresent("UDF5", true): Text 'UDF5' is present on page  using regular expression

2022-05-11 19:41:30 - [MESSAGE][PASSED] - Text 'UDF5' is present on page  using regular expression

2022-05-11 19:41:30 - [TEST_STEP][PASSED] - verifyTextPresent("UDF6", true): Text 'UDF6' is present on page  using regular expression

2022-05-11 19:41:30 - [MESSAGE][PASSED] - Text 'UDF6' is present on page  using regular expression

2022-05-11 19:41:30 - [TEST_STEP][PASSED] - verifyTextPresent("UDF7", true): Text 'UDF7' is present on page  using regular expression

2022-05-11 19:41:31 - [MESSAGE][PASSED] - Text 'UDF7' is present on page  using regular expression

2022-05-11 19:41:31 - [TEST_STEP][PASSED] - verifyTextPresent("UDF8", true): Text 'UDF8' is present on page  using regular expression

2022-05-11 19:41:31 - [MESSAGE][PASSED] - Text 'UDF8' is present on page  using regular expression

2022-05-11 19:41:31 - [TEST_STEP][PASSED] - verifyTextPresent("UDF9", true): Text 'UDF9' is present on page  using regular expression

2022-05-11 19:41:31 - [MESSAGE][PASSED] - Text 'UDF9' is present on page  using regular expression

2022-05-11 19:41:31 - [TEST_STEP][PASSED] - verifyTextPresent("UDF 10", true): Text 'UDF 10' is present on page  using regular expression

2022-05-11 19:41:32 - [MESSAGE][PASSED] - Text 'UDF 10' is present on page  using regular expression

2022-05-11 19:41:32 - [TEST_STEP][PASSED] - verifyTextPresent("Delhi", true): Text 'Delhi' is present on page  using regular expression

2022-05-11 19:41:32 - [MESSAGE][PASSED] - Text 'Delhi' is present on page  using regular expression

2022-05-11 19:41:32 - [TEST_STEP][PASSED] - verifyTextPresent("Chennai", true): Text 'Chennai' is present on page  using regular expression

2022-05-11 19:41:32 - [MESSAGE][PASSED] - Text 'Chennai' is present on page  using regular expression

2022-05-11 19:41:32 - [TEST_STEP][PASSED] - verifyTextPresent("Mumbai", true): Text 'Mumbai' is present on page  using regular expression

2022-05-11 19:41:33 - [MESSAGE][PASSED] - Text 'Mumbai' is present on page  using regular expression

2022-05-11 19:41:33 - [TEST_STEP][PASSED] - verifyTextPresent("Kanpur", true): Text 'Kanpur' is present on page  using regular expression

2022-05-11 19:41:33 - [MESSAGE][PASSED] - Text 'Kanpur' is present on page  using regular expression

2022-05-11 19:41:33 - [TEST_STEP][PASSED] - verifyTextPresent("Orange Recorded", true): Text 'Orange Recorded' is present on page  using regular expression

2022-05-11 19:41:33 - [MESSAGE][PASSED] - Text 'Orange Recorded' is present on page  using regular expression

2022-05-11 19:41:33 - [TEST_STEP][PASSED] - verifyTextPresent("Yellow Recorded", true): Text 'Yellow Recorded' is present on page  using regular expression

2022-05-11 19:41:34 - [MESSAGE][PASSED] - Text 'Yellow Recorded' is present on page  using regular expression

2022-05-11 19:41:34 - [TEST_STEP][PASSED] - verifyTextPresent("Kolkata", true): Text 'Kolkata' is present on page  using regular expression

2022-05-11 19:41:34 - [MESSAGE][PASSED] - Text 'Kolkata' is present on page  using regular expression

2022-05-11 19:41:34 - [TEST_STEP][PASSED] - verifyTextPresent("Pune", true): Text 'Pune' is present on page  using regular expression

2022-05-11 19:41:34 - [MESSAGE][PASSED] - Text 'Pune' is present on page  using regular expression

2022-05-11 19:41:34 - [TEST_STEP][PASSED] - verifyTextPresent("Bhavnagar", true): Text 'Bhavnagar' is present on page  using regular expression

2022-05-11 19:41:35 - [MESSAGE][PASSED] - Text 'Bhavnagar' is present on page  using regular expression

2022-05-11 19:41:35 - [TEST_STEP][PASSED] - verifyTextPresent("Noida", true): Text 'Noida' is present on page  using regular expression

2022-05-11 19:41:35 - [MESSAGE][PASSED] - Text 'Noida' is present on page  using regular expression

2022-05-11 19:41:35 - [TEST_STEP][PASSED] - verifyTextPresent("Amount", true): Text 'Amount' is present on page  using regular expression

2022-05-11 19:41:35 - [MESSAGE][PASSED] - Text 'Amount' is present on page  using regular expression

2022-05-11 19:41:35 - [TEST_STEP][PASSED] - verifyTextPresent("2.50", true): Text '2.50' is present on page  using regular expression

2022-05-11 19:41:35 - [MESSAGE][PASSED] - Text '2.50' is present on page  using regular expression

2022-05-11 19:41:35 - [TEST_STEP][PASSED] - verifyTextPresent("Authorization and Capture", true): Text 'Authorization and Capture' is present on page  using regular expression

2022-05-11 19:41:36 - [MESSAGE][PASSED] - Text 'Authorization and Capture' is present on page  using regular expression

2022-05-11 19:41:36 - [TEST_STEP][PASSED] - verifyTextPresent("Card Information", true): Text 'Card Information' is present on page  using regular expression

2022-05-11 19:41:36 - [MESSAGE][PASSED] - Text 'Card Information' is present on page  using regular expression

2022-05-11 19:41:36 - [TEST_STEP][PASSED] - verifyTextPresent("TANDON RAVENA", true): Text 'TANDON RAVENA' is present on page  using regular expression

2022-05-11 19:41:36 - [MESSAGE][PASSED] - Text 'TANDON RAVENA' is present on page  using regular expression

2022-05-11 19:41:36 - [TEST_STEP][PASSED] - verifyTextPresent("Address Line 1", true): Text 'Address Line 1' is present on page  using regular expression

2022-05-11 19:41:37 - [MESSAGE][PASSED] - Text 'Address Line 1' is present on page  using regular expression

2022-05-11 19:41:37 - [TEST_STEP][PASSED] - verifyTextPresent("Address Line 2", true): Text 'Address Line 2' is present on page  using regular expression

2022-05-11 19:41:37 - [MESSAGE][PASSED] - Text 'Address Line 2' is present on page  using regular expression

2022-05-11 19:41:37 - [TEST_STEP][PASSED] - verifyTextPresent("Country", true): Text 'Country' is present on page  using regular expression

2022-05-11 19:41:37 - [MESSAGE][PASSED] - Text 'Country' is present on page  using regular expression

2022-05-11 19:41:37 - [TEST_STEP][PASSED] - verifyTextPresent("City", true): Text 'City' is present on page  using regular expression

2022-05-11 19:41:38 - [MESSAGE][PASSED] - Text 'City' is present on page  using regular expression

2022-05-11 19:41:38 - [TEST_STEP][PASSED] - verifyTextPresent("State", true): Text 'State' is present on page  using regular expression

2022-05-11 19:41:38 - [MESSAGE][PASSED] - Text 'State' is present on page  using regular expression

2022-05-11 19:41:38 - [TEST_STEP][PASSED] - verifyTextPresent("ZIP Code", true): Text 'ZIP Code' is present on page  using regular expression

2022-05-11 19:41:38 - [MESSAGE][PASSED] - Text 'ZIP Code' is present on page  using regular expression

2022-05-11 19:41:38 - [TEST_STEP][PASSED] - verifyTextPresent("248 PhoolKaante road", true): Text '248 PhoolKaante road' is present on page  using regular expression

2022-05-11 19:41:39 - [MESSAGE][PASSED] - Text '248 PhoolKaante road' is present on page  using regular expression

2022-05-11 19:41:39 - [TEST_STEP][PASSED] - verifyTextPresent("Suite 678", true): Text 'Suite 678' is present on page  using regular expression

2022-05-11 19:41:39 - [MESSAGE][PASSED] - Text 'Suite 678' is present on page  using regular expression

2022-05-11 19:41:39 - [TEST_STEP][PASSED] - verifyTextPresent("United States", true): Text 'United States' is present on page  using regular expression

2022-05-11 19:41:39 - [MESSAGE][PASSED] - Text 'United States' is present on page  using regular expression

2022-05-11 19:41:39 - [TEST_STEP][PASSED] - verifyTextPresent("ARLINGTON", true): Text 'ARLINGTON' is present on page  using regular expression

2022-05-11 19:41:40 - [MESSAGE][PASSED] - Text 'ARLINGTON' is present on page  using regular expression

2022-05-11 19:41:40 - [TEST_STEP][PASSED] - verifyTextPresent("VA", true): Text 'VA' is present on page  using regular expression

2022-05-11 19:41:40 - [MESSAGE][PASSED] - Text 'VA' is present on page  using regular expression

2022-05-11 19:41:40 - [TEST_STEP][PASSED] - verifyTextPresent("22201", true): Text '22201' is present on page  using regular expression

2022-05-11 19:41:40 - [MESSAGE][PASSED] - Text '22201' is present on page  using regular expression

2022-05-11 19:41:40 - [TEST_STEP][PASSED] - cardTypeV = findTestData(dataFile).getValue("CardType", row): null

2022-05-11 19:41:40 - [TEST_STEP][PASSED] - last4V = findTestData(dataFile).getValue("Last4", row): null

2022-05-11 19:41:41 - [TEST_STEP][PASSED] - verifyTextPresent(cardTypeV, true): Text 'Visa' is present on page  using regular expression

2022-05-11 19:41:41 - [MESSAGE][PASSED] - Text 'Visa' is present on page  using regular expression

2022-05-11 19:41:41 - [TEST_STEP][PASSED] - verifyTextPresent(last4V, true): Text '5439' is present on page  using regular expression

2022-05-11 19:41:41 - [MESSAGE][PASSED] - Text '5439' is present on page  using regular expression

2022-05-11 19:41:41 - [TEST_STEP][PASSED] - switch (appName): null

2022-05-11 19:41:41 - [TEST_STEP][PASSED] - case "a_Access AutoDualCFtpQA":: null

2022-05-11 19:41:41 - [TEST_STEP][PASSED] - verifyTextPresent("5.00", true): Text '5.00' is present on page  using regular expression

2022-05-11 19:41:42 - [MESSAGE][PASSED] - Text '5.00' is present on page  using regular expression

2022-05-11 19:41:42 - [TEST_STEP][PASSED] - verifyTextPresent("Dual Transaction", true): Text 'Dual Transaction' is present on page  using regular expression

2022-05-11 19:41:42 - [MESSAGE][PASSED] - Text 'Dual Transaction' is present on page  using regular expression

2022-05-11 19:41:42 - [TEST_STEP][PASSED] - verifyTextPresent("7.50", true): Text '7.50' is present on page  using regular expression

2022-05-11 19:41:42 - [MESSAGE][PASSED] - Text '7.50' is present on page  using regular expression

2022-05-11 19:41:42 - [TEST_STEP][PASSED] - verifyTextPresent("Total Amount", true): Text 'Total Amount' is present on page  using regular expression

2022-05-11 19:41:42 - [MESSAGE][PASSED] - Text 'Total Amount' is present on page  using regular expression

2022-05-11 19:41:42 - [TEST_STEP][PASSED] - verifyTextPresent("Transaction Type", true): Text 'Transaction Type' is present on page  using regular expression

2022-05-11 19:41:43 - [MESSAGE][PASSED] - Text 'Transaction Type' is present on page  using regular expression

2022-05-11 19:41:43 - [TEST_STEP][PASSED] - break: null

2022-05-11 19:41:43 - [TEST_STEP][PASSED] - closeBrowser(): Browser is closed

2022-05-11 19:41:44 - [MESSAGE][PASSED] - Browser is closed

2022-05-11 19:41:44 - [TEST_STEP][PASSED] - ExecuteTC = findTestData(dataFile).getValue("Execute", row): null

2022-05-11 19:41:44 - [TEST_STEP][PASSED] - out.println("Value of Execute is : " + ExecuteTC): null

2022-05-11 19:41:44 - [TEST_STEP][PASSED] - switch (executionProfile): null

2022-05-11 19:41:44 - [TEST_STEP][PASSED] - case "QAProfile":: null

2022-05-11 19:41:44 - [TEST_STEP][PASSED] - appName = findTestData(dataFile).getValue("AppNameQA", row): null

2022-05-11 19:41:44 - [TEST_STEP][PASSED] - appID = findTestData(dataFile).getValue("AppIDQA", row): null

2022-05-11 19:41:44 - [TEST_STEP][PASSED] - break: null

2022-05-11 19:41:44 - [TEST_STEP][PASSED] - if (ExecuteTC.equalsIgnoreCase("Y")): null

2022-05-11 19:41:44 - [TEST_STEP][PASSED] - out.println("Begin Record Number: " + row): null

2022-05-11 19:41:44 - [TEST_STEP][PASSED] - today = new java.util.Date(): null

2022-05-11 19:41:44 - [TEST_STEP][PASSED] - println(today): null

2022-05-11 19:41:44 - [TEST_STEP][PASSED] - datText = today: null

2022-05-11 19:41:44 - [TEST_STEP][PASSED] - adminSuiteBootstrap.loginFunctionality.login_AdminSuite(): adminSuiteBootstrap.loginFunctionality.login_AdminSuite is PASSED

2022-05-11 19:41:44 - [MESSAGE][INFO] - Starting 'Chrome' driver

2022-05-11 19:41:44 - [MESSAGE][INFO] - User set preference: ['acceptInsecureCerts', 'true']

2022-05-11 19:41:44 - [MESSAGE][INFO] - Action delay is set to 0 milliseconds

2022-05-11 19:41:46 - [MESSAGE][PASSED] - Browser is opened with url: 'https://qa.velocitypayment.com/admin/imtiaz'

2022-05-11 19:41:47 - [MESSAGE][PASSED] - Current window maximized

2022-05-11 19:41:47 - [MESSAGE][PASSED] - Object 'Object Repository/Login_Page/Login_Username' is present

2022-05-11 19:41:48 - [MESSAGE][PASSED] - Text 'iahmed' is set on object 'Object Repository/Login_Page/Login_Username'

2022-05-11 19:41:48 - [MESSAGE][PASSED] - Text 'hello2222' is set on object 'Object Repository/Login_Page/Login_Password'

2022-05-11 19:41:51 - [MESSAGE][PASSED] - Object: 'Object Repository/Login_Page/Login_Submit' is clicked on

2022-05-11 19:41:51 - [MESSAGE][PASSED] - adminSuiteBootstrap.loginFunctionality.login_AdminSuite is PASSED

2022-05-11 19:41:51 - [TEST_STEP][PASSED] - click(findTestObject(path_Dashboard + appName)): Object: 'Object Repository/AdminSuiteBootstrap_Pages/Dashboard_Bootstrap/a_Access AutoDualCFtpQA' is clicked on

2022-05-11 19:41:52 - [MESSAGE][PASSED] - Object: 'Object Repository/AdminSuiteBootstrap_Pages/Dashboard_Bootstrap/a_Access AutoDualCFtpQA' is clicked on

2022-05-11 19:41:52 - [TEST_STEP][PASSED] - click(findTestObject(path_VT + "a_Find Profile")): Object: 'Object Repository/AdminSuiteBootstrap_Pages/VT_Bootstrap/IssueTransactions/a_Find Profile' is clicked on

2022-05-11 19:41:53 - [MESSAGE][PASSED] - Object: 'Object Repository/AdminSuiteBootstrap_Pages/VT_Bootstrap/IssueTransactions/a_Find Profile' is clicked on

2022-05-11 19:41:53 - [TEST_STEP][PASSED] - criteria = <not implemented yet for class: org.codehaus.groovy.ast.expr.EmptyExpression>: null

2022-05-11 19:41:53 - [TEST_STEP][PASSED] - searchBy = <not implemented yet for class: org.codehaus.groovy.ast.expr.EmptyExpression>: null

2022-05-11 19:41:53 - [TEST_STEP][PASSED] - criteria = findTestData(dataFile).getValue("ProfileName", row): null

2022-05-11 19:41:53 - [TEST_STEP][PASSED] - path_SearchProfile = "Object Repository/AdminSuiteBootstrap_Pages/VSP_Bootstrap/SearchProfile/": null

2022-05-11 19:41:53 - [TEST_STEP][PASSED] - setText(findTestObject(path_SearchProfile + "input_Criteria"), criteria): Text 'PaymentsMC' is set on object 'Object Repository/AdminSuiteBootstrap_Pages/VSP_Bootstrap/SearchProfile/input_Criteria'

2022-05-11 19:41:53 - [MESSAGE][PASSED] - Text 'PaymentsMC' is set on object 'Object Repository/AdminSuiteBootstrap_Pages/VSP_Bootstrap/SearchProfile/input_Criteria'

2022-05-11 19:41:53 - [TEST_STEP][PASSED] - click(findTestObject(path_SearchProfile + "button_Search")): Object: 'Object Repository/AdminSuiteBootstrap_Pages/VSP_Bootstrap/SearchProfile/button_Search' is clicked on

2022-05-11 19:41:54 - [MESSAGE][PASSED] - Object: 'Object Repository/AdminSuiteBootstrap_Pages/VSP_Bootstrap/SearchProfile/button_Search' is clicked on

2022-05-11 19:41:54 - [TEST_STEP][PASSED] - profNameLink = findTestData(dataFile).getValue("ProfileNameLink", row): null

2022-05-11 19:41:54 - [TEST_STEP][PASSED] - click(findTestObject(path_ViewProfile + profNameLink)): Object: 'Object Repository/AdminSuiteBootstrap_Pages/VSP_Bootstrap/View Profile/a_PaymentsMC' is clicked on

2022-05-11 19:41:56 - [MESSAGE][PASSED] - Object: 'Object Repository/AdminSuiteBootstrap_Pages/VSP_Bootstrap/View Profile/a_PaymentsMC' is clicked on

2022-05-11 19:41:56 - [TEST_STEP][PASSED] - click(findTestObject(path_ViewProfile + "a_AuthCap")): Object: 'Object Repository/AdminSuiteBootstrap_Pages/VSP_Bootstrap/View Profile/a_AuthCap' is clicked on

2022-05-11 19:41:57 - [MESSAGE][PASSED] - Object: 'Object Repository/AdminSuiteBootstrap_Pages/VSP_Bootstrap/View Profile/a_AuthCap' is clicked on

2022-05-11 19:41:57 - [TEST_STEP][PASSED] - verifyTextPresent("Credit Card Authorization Capture", true): Text 'Credit Card Authorization Capture' is present on page  using regular expression

2022-05-11 19:41:58 - [MESSAGE][PASSED] - Text 'Credit Card Authorization Capture' is present on page  using regular expression

2022-05-11 19:41:58 - [TEST_STEP][PASSED] - verifyTextPresent("Sale", true): Text 'Sale' is present on page  using regular expression

2022-05-11 19:41:58 - [MESSAGE][PASSED] - Text 'Sale' is present on page  using regular expression

2022-05-11 19:41:58 - [TEST_STEP][PASSED] - verifyTextPresent("Required fields are highlighted with an asterisk", true): Text 'Required fields are highlighted with an asterisk' is present on page  using regular expression

2022-05-11 19:41:58 - [MESSAGE][PASSED] - Text 'Required fields are highlighted with an asterisk' is present on page  using regular expression

2022-05-11 19:41:58 - [TEST_STEP][PASSED] - verifyTextPresent("Remittance ID", true): Text 'Remittance ID' is present on page  using regular expression

2022-05-11 19:41:59 - [MESSAGE][PASSED] - Text 'Remittance ID' is present on page  using regular expression

2022-05-11 19:41:59 - [TEST_STEP][PASSED] - vspBootstrap.SalePage.setDataSaleAndAuth(row, dataFile): vspBootstrap.SalePage.setDataSaleAndAuth is PASSED

2022-05-11 19:42:00 - [MESSAGE][PASSED] - All options with value 'RETL' are selected in object 'Object Repository/AdminSuiteBootstrap_Pages/VSP_Bootstrap/VSP_Authcap/select_TransactionCategory'  using regular expression

2022-05-11 19:42:01 - [MESSAGE][PASSED] - Text '123' is set on object 'Object Repository/AdminSuiteBootstrap_Pages/VSP_Bootstrap/VSP_Authcap/input_cvv'

2022-05-11 19:42:02 - [MESSAGE][PASSED] - Text '' is set on object 'Object Repository/AdminSuiteBootstrap_Pages/VSP_Bootstrap/VSP_Authcap/input_smsNumber'

2022-05-11 19:42:02 - [MESSAGE][PASSED] - Text '2.50' is set on object 'Object Repository/AdminSuiteBootstrap_Pages/VSP_Bootstrap/VSP_Authcap/input_amount'

2022-05-11 19:42:04 - [MESSAGE][PASSED] - Text 'Delhi' is set on object 'Object Repository/AdminSuiteBootstrap_Pages/VSP_Bootstrap/VSP_Authcap/input_userDefined1'

2022-05-11 19:42:04 - [MESSAGE][PASSED] - Text 'Chennai' is set on object 'Object Repository/AdminSuiteBootstrap_Pages/VSP_Bootstrap/VSP_Authcap/input_userDefined2'

2022-05-11 19:42:05 - [MESSAGE][PASSED] - Text 'Mumbai' is set on object 'Object Repository/AdminSuiteBootstrap_Pages/VSP_Bootstrap/VSP_Authcap/input_userDefined3'

2022-05-11 19:42:06 - [MESSAGE][PASSED] - Text 'Kanpur' is set on object 'Object Repository/AdminSuiteBootstrap_Pages/VSP_Bootstrap/VSP_Authcap/input_userDefined4'

2022-05-11 19:42:07 - [MESSAGE][PASSED] - All options with label 'Orange' are selected in object 'Object Repository/AdminSuiteBootstrap_Pages/VSP_Bootstrap/VSP_Authcap/select_UDF5'  using regular expression

2022-05-11 19:42:08 - [MESSAGE][PASSED] - All options with label 'Yellow' are selected in object 'Object Repository/AdminSuiteBootstrap_Pages/VSP_Bootstrap/VSP_Authcap/select_UDF6'  using regular expression

2022-05-11 19:42:08 - [MESSAGE][PASSED] - Text 'Kolkata' is set on object 'Object Repository/AdminSuiteBootstrap_Pages/VSP_Bootstrap/VSP_Authcap/input_userDefined7'

2022-05-11 19:42:09 - [MESSAGE][PASSED] - Text 'Pune' is set on object 'Object Repository/AdminSuiteBootstrap_Pages/VSP_Bootstrap/VSP_Authcap/input_userDefined8'

2022-05-11 19:42:10 - [MESSAGE][PASSED] - Text 'Bhavnagar' is set on object 'Object Repository/AdminSuiteBootstrap_Pages/VSP_Bootstrap/VSP_Authcap/input_userDefined9'

2022-05-11 19:42:10 - [MESSAGE][PASSED] - Text 'Noida' is set on object 'Object Repository/AdminSuiteBootstrap_Pages/VSP_Bootstrap/VSP_Authcap/input_userDefined10'

2022-05-11 19:42:14 - [MESSAGE][PASSED] - Object: 'Object Repository/AdminSuiteBootstrap_Pages/VSP_Bootstrap/VSP_Authcap/button_Submit' is clicked on

2022-05-11 19:42:14 - [MESSAGE][PASSED] - vspBootstrap.SalePage.setDataSaleAndAuth is PASSED

2022-05-11 19:42:14 - [TEST_STEP][PASSED] - verifyTextPresent("Transaction Successful", true): Text 'Transaction Successful' is present on page  using regular expression

2022-05-11 19:42:15 - [MESSAGE][PASSED] - Text 'Transaction Successful' is present on page  using regular expression

2022-05-11 19:42:15 - [TEST_STEP][PASSED] - verifyElementVisible(findTestObject("Object Repository/AdminSuiteBootstrap_Pages/VT_Bootstrap/Receipt/button_Continue")): Object 'Object Repository/AdminSuiteBootstrap_Pages/VT_Bootstrap/Receipt/button_Continue' is visible

2022-05-11 19:42:15 - [MESSAGE][PASSED] - Object 'Object Repository/AdminSuiteBootstrap_Pages/VT_Bootstrap/Receipt/button_Continue' is visible

2022-05-11 19:42:15 - [TEST_STEP][PASSED] - verifyElementPresent(findTestObject("Object Repository/AdminSuiteBootstrap_Pages/VT_Bootstrap/Receipt/button_Continue"), 20): Object 'Object Repository/AdminSuiteBootstrap_Pages/VT_Bootstrap/Receipt/button_Continue' is present

2022-05-11 19:42:15 - [MESSAGE][PASSED] - Object 'Object Repository/AdminSuiteBootstrap_Pages/VT_Bootstrap/Receipt/button_Continue' is present

2022-05-11 19:42:15 - [TEST_STEP][PASSED] - verifyElementVisible(findTestObject("Object Repository/AdminSuiteBootstrap_Pages/VT_Bootstrap/Receipt/button_Print")): Object 'Object Repository/AdminSuiteBootstrap_Pages/VT_Bootstrap/Receipt/button_Print' is visible

2022-05-11 19:42:16 - [MESSAGE][PASSED] - Object 'Object Repository/AdminSuiteBootstrap_Pages/VT_Bootstrap/Receipt/button_Print' is visible

2022-05-11 19:42:16 - [TEST_STEP][PASSED] - verifyElementPresent(findTestObject("Object Repository/AdminSuiteBootstrap_Pages/VT_Bootstrap/Receipt/button_Print"), 20): Object 'Object Repository/AdminSuiteBootstrap_Pages/VT_Bootstrap/Receipt/button_Print' is present

2022-05-11 19:42:16 - [MESSAGE][PASSED] - Object 'Object Repository/AdminSuiteBootstrap_Pages/VT_Bootstrap/Receipt/button_Print' is present

2022-05-11 19:42:16 - [TEST_STEP][PASSED] - verifyTextPresent("Remittance ID", true): Text 'Remittance ID' is present on page  using regular expression

2022-05-11 19:42:16 - [MESSAGE][PASSED] - Text 'Remittance ID' is present on page  using regular expression

2022-05-11 19:42:16 - [TEST_STEP][PASSED] - verifyTextPresent("Received", true): Text 'Received' is present on page  using regular expression

2022-05-11 19:42:17 - [MESSAGE][PASSED] - Text 'Received' is present on page  using regular expression

2022-05-11 19:42:17 - [TEST_STEP][PASSED] - verifyTextPresent("UDF1", true): Text 'UDF1' is present on page  using regular expression

2022-05-11 19:42:17 - [MESSAGE][PASSED] - Text 'UDF1' is present on page  using regular expression

2022-05-11 19:42:17 - [TEST_STEP][PASSED] - verifyTextPresent("UDF2", true): Text 'UDF2' is present on page  using regular expression

2022-05-11 19:42:17 - [MESSAGE][PASSED] - Text 'UDF2' is present on page  using regular expression

2022-05-11 19:42:17 - [TEST_STEP][PASSED] - verifyTextPresent("UDF3", true): Text 'UDF3' is present on page  using regular expression

2022-05-11 19:42:18 - [MESSAGE][PASSED] - Text 'UDF3' is present on page  using regular expression

2022-05-11 19:42:18 - [TEST_STEP][PASSED] - verifyTextPresent("UDF4", true): Text 'UDF4' is present on page  using regular expression

2022-05-11 19:42:18 - [MESSAGE][PASSED] - Text 'UDF4' is present on page  using regular expression

2022-05-11 19:42:18 - [TEST_STEP][PASSED] - verifyTextPresent("UDF5", true): Text 'UDF5' is present on page  using regular expression

2022-05-11 19:42:18 - [MESSAGE][PASSED] - Text 'UDF5' is present on page  using regular expression

2022-05-11 19:42:18 - [TEST_STEP][PASSED] - verifyTextPresent("UDF6", true): Text 'UDF6' is present on page  using regular expression

2022-05-11 19:42:19 - [MESSAGE][PASSED] - Text 'UDF6' is present on page  using regular expression

2022-05-11 19:42:19 - [TEST_STEP][PASSED] - verifyTextPresent("UDF7", true): Text 'UDF7' is present on page  using regular expression

2022-05-11 19:42:19 - [MESSAGE][PASSED] - Text 'UDF7' is present on page  using regular expression

2022-05-11 19:42:19 - [TEST_STEP][PASSED] - verifyTextPresent("UDF8", true): Text 'UDF8' is present on page  using regular expression

2022-05-11 19:42:19 - [MESSAGE][PASSED] - Text 'UDF8' is present on page  using regular expression

2022-05-11 19:42:19 - [TEST_STEP][PASSED] - verifyTextPresent("UDF9", true): Text 'UDF9' is present on page  using regular expression

2022-05-11 19:42:20 - [MESSAGE][PASSED] - Text 'UDF9' is present on page  using regular expression

2022-05-11 19:42:20 - [TEST_STEP][PASSED] - verifyTextPresent("UDF 10", true): Text 'UDF 10' is present on page  using regular expression

2022-05-11 19:42:20 - [MESSAGE][PASSED] - Text 'UDF 10' is present on page  using regular expression

2022-05-11 19:42:20 - [TEST_STEP][PASSED] - verifyTextPresent("Delhi", true): Text 'Delhi' is present on page  using regular expression

2022-05-11 19:42:20 - [MESSAGE][PASSED] - Text 'Delhi' is present on page  using regular expression

2022-05-11 19:42:20 - [TEST_STEP][PASSED] - verifyTextPresent("Chennai", true): Text 'Chennai' is present on page  using regular expression

2022-05-11 19:42:21 - [MESSAGE][PASSED] - Text 'Chennai' is present on page  using regular expression

2022-05-11 19:42:21 - [TEST_STEP][PASSED] - verifyTextPresent("Mumbai", true): Text 'Mumbai' is present on page  using regular expression

2022-05-11 19:42:21 - [MESSAGE][PASSED] - Text 'Mumbai' is present on page  using regular expression

2022-05-11 19:42:21 - [TEST_STEP][PASSED] - verifyTextPresent("Kanpur", true): Text 'Kanpur' is present on page  using regular expression

2022-05-11 19:42:21 - [MESSAGE][PASSED] - Text 'Kanpur' is present on page  using regular expression

2022-05-11 19:42:21 - [TEST_STEP][PASSED] - verifyTextPresent("Orange Recorded", true): Text 'Orange Recorded' is present on page  using regular expression

2022-05-11 19:42:22 - [MESSAGE][PASSED] - Text 'Orange Recorded' is present on page  using regular expression

2022-05-11 19:42:22 - [TEST_STEP][PASSED] - verifyTextPresent("Yellow Recorded", true): Text 'Yellow Recorded' is present on page  using regular expression

2022-05-11 19:42:22 - [MESSAGE][PASSED] - Text 'Yellow Recorded' is present on page  using regular expression

2022-05-11 19:42:22 - [TEST_STEP][PASSED] - verifyTextPresent("Kolkata", true): Text 'Kolkata' is present on page  using regular expression

2022-05-11 19:42:22 - [MESSAGE][PASSED] - Text 'Kolkata' is present on page  using regular expression

2022-05-11 19:42:22 - [TEST_STEP][PASSED] - verifyTextPresent("Pune", true): Text 'Pune' is present on page  using regular expression

2022-05-11 19:42:23 - [MESSAGE][PASSED] - Text 'Pune' is present on page  using regular expression

2022-05-11 19:42:23 - [TEST_STEP][PASSED] - verifyTextPresent("Bhavnagar", true): Text 'Bhavnagar' is present on page  using regular expression

2022-05-11 19:42:23 - [MESSAGE][PASSED] - Text 'Bhavnagar' is present on page  using regular expression

2022-05-11 19:42:23 - [TEST_STEP][PASSED] - verifyTextPresent("Noida", true): Text 'Noida' is present on page  using regular expression

2022-05-11 19:42:23 - [MESSAGE][PASSED] - Text 'Noida' is present on page  using regular expression

2022-05-11 19:42:23 - [TEST_STEP][PASSED] - verifyTextPresent("Amount", true): Text 'Amount' is present on page  using regular expression

2022-05-11 19:42:23 - [MESSAGE][PASSED] - Text 'Amount' is present on page  using regular expression

2022-05-11 19:42:23 - [TEST_STEP][PASSED] - verifyTextPresent("2.50", true): Text '2.50' is present on page  using regular expression

2022-05-11 19:42:24 - [MESSAGE][PASSED] - Text '2.50' is present on page  using regular expression

2022-05-11 19:42:24 - [TEST_STEP][PASSED] - verifyTextPresent("Authorization and Capture", true): Text 'Authorization and Capture' is present on page  using regular expression

2022-05-11 19:42:24 - [MESSAGE][PASSED] - Text 'Authorization and Capture' is present on page  using regular expression

2022-05-11 19:42:24 - [TEST_STEP][PASSED] - verifyTextPresent("Card Information", true): Text 'Card Information' is present on page  using regular expression

2022-05-11 19:42:24 - [MESSAGE][PASSED] - Text 'Card Information' is present on page  using regular expression

2022-05-11 19:42:24 - [TEST_STEP][PASSED] - verifyTextPresent("TANDON RAVENA", true): Text 'TANDON RAVENA' is present on page  using regular expression

2022-05-11 19:42:25 - [MESSAGE][PASSED] - Text 'TANDON RAVENA' is present on page  using regular expression

2022-05-11 19:42:25 - [TEST_STEP][PASSED] - verifyTextPresent("Address Line 1", true): Text 'Address Line 1' is present on page  using regular expression

2022-05-11 19:42:25 - [MESSAGE][PASSED] - Text 'Address Line 1' is present on page  using regular expression

2022-05-11 19:42:25 - [TEST_STEP][PASSED] - verifyTextPresent("Address Line 2", true): Text 'Address Line 2' is present on page  using regular expression

2022-05-11 19:42:25 - [MESSAGE][PASSED] - Text 'Address Line 2' is present on page  using regular expression

2022-05-11 19:42:25 - [TEST_STEP][PASSED] - verifyTextPresent("Country", true): Text 'Country' is present on page  using regular expression

2022-05-11 19:42:26 - [MESSAGE][PASSED] - Text 'Country' is present on page  using regular expression

2022-05-11 19:42:26 - [TEST_STEP][PASSED] - verifyTextPresent("City", true): Text 'City' is present on page  using regular expression

2022-05-11 19:42:26 - [MESSAGE][PASSED] - Text 'City' is present on page  using regular expression

2022-05-11 19:42:26 - [TEST_STEP][PASSED] - verifyTextPresent("State", true): Text 'State' is present on page  using regular expression

2022-05-11 19:42:26 - [MESSAGE][PASSED] - Text 'State' is present on page  using regular expression

2022-05-11 19:42:26 - [TEST_STEP][PASSED] - verifyTextPresent("ZIP Code", true): Text 'ZIP Code' is present on page  using regular expression

2022-05-11 19:42:27 - [MESSAGE][PASSED] - Text 'ZIP Code' is present on page  using regular expression

2022-05-11 19:42:27 - [TEST_STEP][PASSED] - verifyTextPresent("248 PhoolKaante road", true): Text '248 PhoolKaante road' is present on page  using regular expression

2022-05-11 19:42:27 - [MESSAGE][PASSED] - Text '248 PhoolKaante road' is present on page  using regular expression

2022-05-11 19:42:27 - [TEST_STEP][PASSED] - verifyTextPresent("Suite 678", true): Text 'Suite 678' is present on page  using regular expression

2022-05-11 19:42:27 - [MESSAGE][PASSED] - Text 'Suite 678' is present on page  using regular expression

2022-05-11 19:42:27 - [TEST_STEP][PASSED] - verifyTextPresent("United States", true): Text 'United States' is present on page  using regular expression

2022-05-11 19:42:28 - [MESSAGE][PASSED] - Text 'United States' is present on page  using regular expression

2022-05-11 19:42:28 - [TEST_STEP][PASSED] - verifyTextPresent("ARLINGTON", true): Text 'ARLINGTON' is present on page  using regular expression

2022-05-11 19:42:28 - [MESSAGE][PASSED] - Text 'ARLINGTON' is present on page  using regular expression

2022-05-11 19:42:28 - [TEST_STEP][PASSED] - verifyTextPresent("VA", true): Text 'VA' is present on page  using regular expression

2022-05-11 19:42:28 - [MESSAGE][PASSED] - Text 'VA' is present on page  using regular expression

2022-05-11 19:42:28 - [TEST_STEP][PASSED] - verifyTextPresent("22201", true): Text '22201' is present on page  using regular expression

2022-05-11 19:42:29 - [MESSAGE][PASSED] - Text '22201' is present on page  using regular expression

2022-05-11 19:42:29 - [TEST_STEP][PASSED] - cardTypeV = findTestData(dataFile).getValue("CardType", row): null

2022-05-11 19:42:29 - [TEST_STEP][PASSED] - last4V = findTestData(dataFile).getValue("Last4", row): null

2022-05-11 19:42:29 - [TEST_STEP][PASSED] - verifyTextPresent(cardTypeV, true): Text 'MasterCard' is present on page  using regular expression

2022-05-11 19:42:29 - [MESSAGE][PASSED] - Text 'MasterCard' is present on page  using regular expression

2022-05-11 19:42:29 - [TEST_STEP][PASSED] - verifyTextPresent(last4V, true): Text '0035' is present on page  using regular expression

2022-05-11 19:42:29 - [MESSAGE][PASSED] - Text '0035' is present on page  using regular expression

2022-05-11 19:42:29 - [TEST_STEP][PASSED] - switch (appName): null

2022-05-11 19:42:29 - [TEST_STEP][PASSED] - case "a_Access AutoDualCFtpQA":: null

2022-05-11 19:42:29 - [TEST_STEP][PASSED] - verifyTextPresent("5.00", true): Text '5.00' is present on page  using regular expression

2022-05-11 19:42:30 - [MESSAGE][PASSED] - Text '5.00' is present on page  using regular expression

2022-05-11 19:42:30 - [TEST_STEP][PASSED] - verifyTextPresent("Dual Transaction", true): Text 'Dual Transaction' is present on page  using regular expression

2022-05-11 19:42:30 - [MESSAGE][PASSED] - Text 'Dual Transaction' is present on page  using regular expression

2022-05-11 19:42:30 - [TEST_STEP][PASSED] - verifyTextPresent("7.50", true): Text '7.50' is present on page  using regular expression

2022-05-11 19:42:30 - [MESSAGE][PASSED] - Text '7.50' is present on page  using regular expression

2022-05-11 19:42:30 - [TEST_STEP][PASSED] - verifyTextPresent("Total Amount", true): Text 'Total Amount' is present on page  using regular expression

2022-05-11 19:42:31 - [MESSAGE][PASSED] - Text 'Total Amount' is present on page  using regular expression

2022-05-11 19:42:31 - [TEST_STEP][PASSED] - verifyTextPresent("Transaction Type", true): Text 'Transaction Type' is present on page  using regular expression

2022-05-11 19:42:31 - [MESSAGE][PASSED] - Text 'Transaction Type' is present on page  using regular expression

2022-05-11 19:42:31 - [TEST_STEP][PASSED] - break: null

2022-05-11 19:42:31 - [TEST_STEP][PASSED] - closeBrowser(): Browser is closed

2022-05-11 19:42:32 - [MESSAGE][PASSED] - Browser is closed

2022-05-11 19:42:32 - [TEST_STEP][PASSED] - ExecuteTC = findTestData(dataFile).getValue("Execute", row): null

2022-05-11 19:42:32 - [TEST_STEP][PASSED] - out.println("Value of Execute is : " + ExecuteTC): null

2022-05-11 19:42:32 - [TEST_STEP][PASSED] - switch (executionProfile): null

2022-05-11 19:42:32 - [TEST_STEP][PASSED] - case "QAProfile":: null

2022-05-11 19:42:32 - [TEST_STEP][PASSED] - appName = findTestData(dataFile).getValue("AppNameQA", row): null

2022-05-11 19:42:32 - [TEST_STEP][PASSED] - appID = findTestData(dataFile).getValue("AppIDQA", row): null

2022-05-11 19:42:32 - [TEST_STEP][PASSED] - break: null

2022-05-11 19:42:32 - [TEST_STEP][PASSED] - if (ExecuteTC.equalsIgnoreCase("Y")): null

2022-05-11 19:42:32 - [TEST_STEP][PASSED] - out.println("Begin Record Number: " + row): null

2022-05-11 19:42:32 - [TEST_STEP][PASSED] - today = new java.util.Date(): null

2022-05-11 19:42:32 - [TEST_STEP][PASSED] - println(today): null

2022-05-11 19:42:32 - [TEST_STEP][PASSED] - datText = today: null

2022-05-11 19:42:32 - [TEST_STEP][PASSED] - adminSuiteBootstrap.loginFunctionality.login_AdminSuite(): adminSuiteBootstrap.loginFunctionality.login_AdminSuite is PASSED

2022-05-11 19:42:32 - [MESSAGE][INFO] - Starting 'Chrome' driver

2022-05-11 19:42:32 - [MESSAGE][INFO] - User set preference: ['acceptInsecureCerts', 'true']

2022-05-11 19:42:32 - [MESSAGE][INFO] - Action delay is set to 0 milliseconds

2022-05-11 19:42:35 - [MESSAGE][PASSED] - Browser is opened with url: 'https://qa.velocitypayment.com/admin/imtiaz'

2022-05-11 19:42:35 - [MESSAGE][PASSED] - Current window maximized

2022-05-11 19:42:35 - [MESSAGE][PASSED] - Object 'Object Repository/Login_Page/Login_Username' is present

2022-05-11 19:42:36 - [MESSAGE][PASSED] - Text 'iahmed' is set on object 'Object Repository/Login_Page/Login_Username'

2022-05-11 19:42:37 - [MESSAGE][PASSED] - Text 'hello2222' is set on object 'Object Repository/Login_Page/Login_Password'

2022-05-11 19:42:40 - [MESSAGE][PASSED] - Object: 'Object Repository/Login_Page/Login_Submit' is clicked on

2022-05-11 19:42:40 - [MESSAGE][PASSED] - adminSuiteBootstrap.loginFunctionality.login_AdminSuite is PASSED

2022-05-11 19:42:40 - [TEST_STEP][PASSED] - click(findTestObject(path_Dashboard + appName)): Object: 'Object Repository/AdminSuiteBootstrap_Pages/Dashboard_Bootstrap/a_Access AutoDualCFtpQA' is clicked on

2022-05-11 19:42:40 - [MESSAGE][PASSED] - Object: 'Object Repository/AdminSuiteBootstrap_Pages/Dashboard_Bootstrap/a_Access AutoDualCFtpQA' is clicked on

2022-05-11 19:42:40 - [TEST_STEP][PASSED] - click(findTestObject(path_VT + "a_Find Profile")): Object: 'Object Repository/AdminSuiteBootstrap_Pages/VT_Bootstrap/IssueTransactions/a_Find Profile' is clicked on

2022-05-11 19:42:41 - [MESSAGE][PASSED] - Object: 'Object Repository/AdminSuiteBootstrap_Pages/VT_Bootstrap/IssueTransactions/a_Find Profile' is clicked on

2022-05-11 19:42:41 - [TEST_STEP][PASSED] - criteria = <not implemented yet for class: org.codehaus.groovy.ast.expr.EmptyExpression>: null

2022-05-11 19:42:41 - [TEST_STEP][PASSED] - searchBy = <not implemented yet for class: org.codehaus.groovy.ast.expr.EmptyExpression>: null

2022-05-11 19:42:41 - [TEST_STEP][PASSED] - criteria = findTestData(dataFile).getValue("ProfileName", row): null

2022-05-11 19:42:41 - [TEST_STEP][PASSED] - path_SearchProfile = "Object Repository/AdminSuiteBootstrap_Pages/VSP_Bootstrap/SearchProfile/": null

2022-05-11 19:42:41 - [TEST_STEP][PASSED] - setText(findTestObject(path_SearchProfile + "input_Criteria"), criteria): Text 'PaymentsAmEx' is set on object 'Object Repository/AdminSuiteBootstrap_Pages/VSP_Bootstrap/SearchProfile/input_Criteria'

2022-05-11 19:42:42 - [MESSAGE][PASSED] - Text 'PaymentsAmEx' is set on object 'Object Repository/AdminSuiteBootstrap_Pages/VSP_Bootstrap/SearchProfile/input_Criteria'

2022-05-11 19:42:42 - [TEST_STEP][PASSED] - click(findTestObject(path_SearchProfile + "button_Search")): Object: 'Object Repository/AdminSuiteBootstrap_Pages/VSP_Bootstrap/SearchProfile/button_Search' is clicked on

2022-05-11 19:42:43 - [MESSAGE][PASSED] - Object: 'Object Repository/AdminSuiteBootstrap_Pages/VSP_Bootstrap/SearchProfile/button_Search' is clicked on

2022-05-11 19:42:43 - [TEST_STEP][PASSED] - profNameLink = findTestData(dataFile).getValue("ProfileNameLink", row): null

2022-05-11 19:42:43 - [TEST_STEP][PASSED] - click(findTestObject(path_ViewProfile + profNameLink)): Object: 'Object Repository/AdminSuiteBootstrap_Pages/VSP_Bootstrap/View Profile/a_PaymentsAmEx' is clicked on

2022-05-11 19:42:44 - [MESSAGE][PASSED] - Object: 'Object Repository/AdminSuiteBootstrap_Pages/VSP_Bootstrap/View Profile/a_PaymentsAmEx' is clicked on

2022-05-11 19:42:44 - [TEST_STEP][PASSED] - click(findTestObject(path_ViewProfile + "a_AuthCap")): Object: 'Object Repository/AdminSuiteBootstrap_Pages/VSP_Bootstrap/View Profile/a_AuthCap' is clicked on

2022-05-11 19:42:45 - [MESSAGE][PASSED] - Object: 'Object Repository/AdminSuiteBootstrap_Pages/VSP_Bootstrap/View Profile/a_AuthCap' is clicked on

2022-05-11 19:42:45 - [TEST_STEP][PASSED] - verifyTextPresent("Credit Card Authorization Capture", true): Text 'Credit Card Authorization Capture' is present on page  using regular expression

2022-05-11 19:42:46 - [MESSAGE][PASSED] - Text 'Credit Card Authorization Capture' is present on page  using regular expression

2022-05-11 19:42:46 - [TEST_STEP][PASSED] - verifyTextPresent("Sale", true): Text 'Sale' is present on page  using regular expression

2022-05-11 19:42:47 - [MESSAGE][PASSED] - Text 'Sale' is present on page  using regular expression

2022-05-11 19:42:47 - [TEST_STEP][PASSED] - verifyTextPresent("Required fields are highlighted with an asterisk", true): Text 'Required fields are highlighted with an asterisk' is present on page  using regular expression

2022-05-11 19:42:47 - [MESSAGE][PASSED] - Text 'Required fields are highlighted with an asterisk' is present on page  using regular expression

2022-05-11 19:42:47 - [TEST_STEP][PASSED] - verifyTextPresent("Remittance ID", true): Text 'Remittance ID' is present on page  using regular expression

2022-05-11 19:42:47 - [MESSAGE][PASSED] - Text 'Remittance ID' is present on page  using regular expression

2022-05-11 19:42:47 - [TEST_STEP][PASSED] - vspBootstrap.SalePage.setDataSaleAndAuth(row, dataFile): vspBootstrap.SalePage.setDataSaleAndAuth is PASSED

2022-05-11 19:42:49 - [MESSAGE][PASSED] - All options with value 'RETL' are selected in object 'Object Repository/AdminSuiteBootstrap_Pages/VSP_Bootstrap/VSP_Authcap/select_TransactionCategory'  using regular expression

2022-05-11 19:42:50 - [MESSAGE][PASSED] - Text '1234' is set on object 'Object Repository/AdminSuiteBootstrap_Pages/VSP_Bootstrap/VSP_Authcap/input_cvv'

2022-05-11 19:42:50 - [MESSAGE][PASSED] - Text '' is set on object 'Object Repository/AdminSuiteBootstrap_Pages/VSP_Bootstrap/VSP_Authcap/input_smsNumber'

2022-05-11 19:42:51 - [MESSAGE][PASSED] - Text '2.50' is set on object 'Object Repository/AdminSuiteBootstrap_Pages/VSP_Bootstrap/VSP_Authcap/input_amount'

2022-05-11 19:42:52 - [MESSAGE][PASSED] - Text 'Delhi' is set on object 'Object Repository/AdminSuiteBootstrap_Pages/VSP_Bootstrap/VSP_Authcap/input_userDefined1'

2022-05-11 19:42:53 - [MESSAGE][PASSED] - Text 'Chennai' is set on object 'Object Repository/AdminSuiteBootstrap_Pages/VSP_Bootstrap/VSP_Authcap/input_userDefined2'

2022-05-11 19:42:54 - [MESSAGE][PASSED] - Text 'Mumbai' is set on object 'Object Repository/AdminSuiteBootstrap_Pages/VSP_Bootstrap/VSP_Authcap/input_userDefined3'

2022-05-11 19:42:54 - [MESSAGE][PASSED] - Text 'Kanpur' is set on object 'Object Repository/AdminSuiteBootstrap_Pages/VSP_Bootstrap/VSP_Authcap/input_userDefined4'

2022-05-11 19:42:55 - [MESSAGE][PASSED] - All options with label 'Orange' are selected in object 'Object Repository/AdminSuiteBootstrap_Pages/VSP_Bootstrap/VSP_Authcap/select_UDF5'  using regular expression

2022-05-11 19:42:56 - [MESSAGE][PASSED] - All options with label 'Yellow' are selected in object 'Object Repository/AdminSuiteBootstrap_Pages/VSP_Bootstrap/VSP_Authcap/select_UDF6'  using regular expression

2022-05-11 19:42:57 - [MESSAGE][PASSED] - Text 'Kolkata' is set on object 'Object Repository/AdminSuiteBootstrap_Pages/VSP_Bootstrap/VSP_Authcap/input_userDefined7'

2022-05-11 19:42:57 - [MESSAGE][PASSED] - Text 'Pune' is set on object 'Object Repository/AdminSuiteBootstrap_Pages/VSP_Bootstrap/VSP_Authcap/input_userDefined8'

2022-05-11 19:42:58 - [MESSAGE][PASSED] - Text 'Bhavnagar' is set on object 'Object Repository/AdminSuiteBootstrap_Pages/VSP_Bootstrap/VSP_Authcap/input_userDefined9'

2022-05-11 19:42:59 - [MESSAGE][PASSED] - Text 'Noida' is set on object 'Object Repository/AdminSuiteBootstrap_Pages/VSP_Bootstrap/VSP_Authcap/input_userDefined10'

2022-05-11 19:43:03 - [MESSAGE][PASSED] - Object: 'Object Repository/AdminSuiteBootstrap_Pages/VSP_Bootstrap/VSP_Authcap/button_Submit' is clicked on

2022-05-11 19:43:03 - [MESSAGE][PASSED] - vspBootstrap.SalePage.setDataSaleAndAuth is PASSED

2022-05-11 19:43:03 - [TEST_STEP][PASSED] - verifyTextPresent("Transaction Successful", true): Text 'Transaction Successful' is present on page  using regular expression

2022-05-11 19:43:03 - [MESSAGE][PASSED] - Text 'Transaction Successful' is present on page  using regular expression

2022-05-11 19:43:03 - [TEST_STEP][PASSED] - verifyElementVisible(findTestObject("Object Repository/AdminSuiteBootstrap_Pages/VT_Bootstrap/Receipt/button_Continue")): Object 'Object Repository/AdminSuiteBootstrap_Pages/VT_Bootstrap/Receipt/button_Continue' is visible

2022-05-11 19:43:04 - [MESSAGE][PASSED] - Object 'Object Repository/AdminSuiteBootstrap_Pages/VT_Bootstrap/Receipt/button_Continue' is visible

2022-05-11 19:43:04 - [TEST_STEP][PASSED] - verifyElementPresent(findTestObject("Object Repository/AdminSuiteBootstrap_Pages/VT_Bootstrap/Receipt/button_Continue"), 20): Object 'Object Repository/AdminSuiteBootstrap_Pages/VT_Bootstrap/Receipt/button_Continue' is present

2022-05-11 19:43:04 - [MESSAGE][PASSED] - Object 'Object Repository/AdminSuiteBootstrap_Pages/VT_Bootstrap/Receipt/button_Continue' is present

2022-05-11 19:43:04 - [TEST_STEP][PASSED] - verifyElementVisible(findTestObject("Object Repository/AdminSuiteBootstrap_Pages/VT_Bootstrap/Receipt/button_Print")): Object 'Object Repository/AdminSuiteBootstrap_Pages/VT_Bootstrap/Receipt/button_Print' is visible

2022-05-11 19:43:04 - [MESSAGE][PASSED] - Object 'Object Repository/AdminSuiteBootstrap_Pages/VT_Bootstrap/Receipt/button_Print' is visible

2022-05-11 19:43:04 - [TEST_STEP][PASSED] - verifyElementPresent(findTestObject("Object Repository/AdminSuiteBootstrap_Pages/VT_Bootstrap/Receipt/button_Print"), 20): Object 'Object Repository/AdminSuiteBootstrap_Pages/VT_Bootstrap/Receipt/button_Print' is present

2022-05-11 19:43:05 - [MESSAGE][PASSED] - Object 'Object Repository/AdminSuiteBootstrap_Pages/VT_Bootstrap/Receipt/button_Print' is present

2022-05-11 19:43:05 - [TEST_STEP][PASSED] - verifyTextPresent("Remittance ID", true): Text 'Remittance ID' is present on page  using regular expression

2022-05-11 19:43:05 - [MESSAGE][PASSED] - Text 'Remittance ID' is present on page  using regular expression

2022-05-11 19:43:05 - [TEST_STEP][PASSED] - verifyTextPresent("Received", true): Text 'Received' is present on page  using regular expression

2022-05-11 19:43:05 - [MESSAGE][PASSED] - Text 'Received' is present on page  using regular expression

2022-05-11 19:43:05 - [TEST_STEP][PASSED] - verifyTextPresent("UDF1", true): Text 'UDF1' is present on page  using regular expression

2022-05-11 19:43:06 - [MESSAGE][PASSED] - Text 'UDF1' is present on page  using regular expression

2022-05-11 19:43:06 - [TEST_STEP][PASSED] - verifyTextPresent("UDF2", true): Text 'UDF2' is present on page  using regular expression

2022-05-11 19:43:06 - [MESSAGE][PASSED] - Text 'UDF2' is present on page  using regular expression

2022-05-11 19:43:06 - [TEST_STEP][PASSED] - verifyTextPresent("UDF3", true): Text 'UDF3' is present on page  using regular expression

2022-05-11 19:43:06 - [MESSAGE][PASSED] - Text 'UDF3' is present on page  using regular expression

2022-05-11 19:43:06 - [TEST_STEP][PASSED] - verifyTextPresent("UDF4", true): Text 'UDF4' is present on page  using regular expression

2022-05-11 19:43:07 - [MESSAGE][PASSED] - Text 'UDF4' is present on page  using regular expression

2022-05-11 19:43:07 - [TEST_STEP][PASSED] - verifyTextPresent("UDF5", true): Text 'UDF5' is present on page  using regular expression

2022-05-11 19:43:07 - [MESSAGE][PASSED] - Text 'UDF5' is present on page  using regular expression

2022-05-11 19:43:07 - [TEST_STEP][PASSED] - verifyTextPresent("UDF6", true): Text 'UDF6' is present on page  using regular expression

2022-05-11 19:43:07 - [MESSAGE][PASSED] - Text 'UDF6' is present on page  using regular expression

2022-05-11 19:43:07 - [TEST_STEP][PASSED] - verifyTextPresent("UDF7", true): Text 'UDF7' is present on page  using regular expression

2022-05-11 19:43:08 - [MESSAGE][PASSED] - Text 'UDF7' is present on page  using regular expression

2022-05-11 19:43:08 - [TEST_STEP][PASSED] - verifyTextPresent("UDF8", true): Text 'UDF8' is present on page  using regular expression

2022-05-11 19:43:08 - [MESSAGE][PASSED] - Text 'UDF8' is present on page  using regular expression

2022-05-11 19:43:08 - [TEST_STEP][PASSED] - verifyTextPresent("UDF9", true): Text 'UDF9' is present on page  using regular expression

2022-05-11 19:43:08 - [MESSAGE][PASSED] - Text 'UDF9' is present on page  using regular expression

2022-05-11 19:43:08 - [TEST_STEP][PASSED] - verifyTextPresent("UDF 10", true): Text 'UDF 10' is present on page  using regular expression

2022-05-11 19:43:09 - [MESSAGE][PASSED] - Text 'UDF 10' is present on page  using regular expression

2022-05-11 19:43:09 - [TEST_STEP][PASSED] - verifyTextPresent("Delhi", true): Text 'Delhi' is present on page  using regular expression

2022-05-11 19:43:09 - [MESSAGE][PASSED] - Text 'Delhi' is present on page  using regular expression

2022-05-11 19:43:09 - [TEST_STEP][PASSED] - verifyTextPresent("Chennai", true): Text 'Chennai' is present on page  using regular expression

2022-05-11 19:43:09 - [MESSAGE][PASSED] - Text 'Chennai' is present on page  using regular expression

2022-05-11 19:43:09 - [TEST_STEP][PASSED] - verifyTextPresent("Mumbai", true): Text 'Mumbai' is present on page  using regular expression

2022-05-11 19:43:10 - [MESSAGE][PASSED] - Text 'Mumbai' is present on page  using regular expression

2022-05-11 19:43:10 - [TEST_STEP][PASSED] - verifyTextPresent("Kanpur", true): Text 'Kanpur' is present on page  using regular expression

2022-05-11 19:43:10 - [MESSAGE][PASSED] - Text 'Kanpur' is present on page  using regular expression

2022-05-11 19:43:10 - [TEST_STEP][PASSED] - verifyTextPresent("Orange Recorded", true): Text 'Orange Recorded' is present on page  using regular expression

2022-05-11 19:43:10 - [MESSAGE][PASSED] - Text 'Orange Recorded' is present on page  using regular expression

2022-05-11 19:43:10 - [TEST_STEP][PASSED] - verifyTextPresent("Yellow Recorded", true): Text 'Yellow Recorded' is present on page  using regular expression

2022-05-11 19:43:11 - [MESSAGE][PASSED] - Text 'Yellow Recorded' is present on page  using regular expression

2022-05-11 19:43:11 - [TEST_STEP][PASSED] - verifyTextPresent("Kolkata", true): Text 'Kolkata' is present on page  using regular expression

2022-05-11 19:43:11 - [MESSAGE][PASSED] - Text 'Kolkata' is present on page  using regular expression

2022-05-11 19:43:11 - [TEST_STEP][PASSED] - verifyTextPresent("Pune", true): Text 'Pune' is present on page  using regular expression

2022-05-11 19:43:11 - [MESSAGE][PASSED] - Text 'Pune' is present on page  using regular expression

2022-05-11 19:43:11 - [TEST_STEP][PASSED] - verifyTextPresent("Bhavnagar", true): Text 'Bhavnagar' is present on page  using regular expression

2022-05-11 19:43:12 - [MESSAGE][PASSED] - Text 'Bhavnagar' is present on page  using regular expression

2022-05-11 19:43:12 - [TEST_STEP][PASSED] - verifyTextPresent("Noida", true): Text 'Noida' is present on page  using regular expression

2022-05-11 19:43:12 - [MESSAGE][PASSED] - Text 'Noida' is present on page  using regular expression

2022-05-11 19:43:12 - [TEST_STEP][PASSED] - verifyTextPresent("Amount", true): Text 'Amount' is present on page  using regular expression

2022-05-11 19:43:12 - [MESSAGE][PASSED] - Text 'Amount' is present on page  using regular expression

2022-05-11 19:43:12 - [TEST_STEP][PASSED] - verifyTextPresent("2.50", true): Text '2.50' is present on page  using regular expression

2022-05-11 19:43:13 - [MESSAGE][PASSED] - Text '2.50' is present on page  using regular expression

2022-05-11 19:43:13 - [TEST_STEP][PASSED] - verifyTextPresent("Authorization and Capture", true): Text 'Authorization and Capture' is present on page  using regular expression

2022-05-11 19:43:13 - [MESSAGE][PASSED] - Text 'Authorization and Capture' is present on page  using regular expression

2022-05-11 19:43:13 - [TEST_STEP][PASSED] - verifyTextPresent("Card Information", true): Text 'Card Information' is present on page  using regular expression

2022-05-11 19:43:13 - [MESSAGE][PASSED] - Text 'Card Information' is present on page  using regular expression

2022-05-11 19:43:13 - [TEST_STEP][PASSED] - verifyTextPresent("TANDON RAVENA", true): Text 'TANDON RAVENA' is present on page  using regular expression

2022-05-11 19:43:14 - [MESSAGE][PASSED] - Text 'TANDON RAVENA' is present on page  using regular expression

2022-05-11 19:43:14 - [TEST_STEP][PASSED] - verifyTextPresent("Address Line 1", true): Text 'Address Line 1' is present on page  using regular expression

2022-05-11 19:43:14 - [MESSAGE][PASSED] - Text 'Address Line 1' is present on page  using regular expression

2022-05-11 19:43:14 - [TEST_STEP][PASSED] - verifyTextPresent("Address Line 2", true): Text 'Address Line 2' is present on page  using regular expression

2022-05-11 19:43:14 - [MESSAGE][PASSED] - Text 'Address Line 2' is present on page  using regular expression

2022-05-11 19:43:14 - [TEST_STEP][PASSED] - verifyTextPresent("Country", true): Text 'Country' is present on page  using regular expression

2022-05-11 19:43:14 - [MESSAGE][PASSED] - Text 'Country' is present on page  using regular expression

2022-05-11 19:43:14 - [TEST_STEP][PASSED] - verifyTextPresent("City", true): Text 'City' is present on page  using regular expression

2022-05-11 19:43:15 - [MESSAGE][PASSED] - Text 'City' is present on page  using regular expression

2022-05-11 19:43:15 - [TEST_STEP][PASSED] - verifyTextPresent("State", true): Text 'State' is present on page  using regular expression

2022-05-11 19:43:15 - [MESSAGE][PASSED] - Text 'State' is present on page  using regular expression

2022-05-11 19:43:15 - [TEST_STEP][PASSED] - verifyTextPresent("ZIP Code", true): Text 'ZIP Code' is present on page  using regular expression

2022-05-11 19:43:16 - [MESSAGE][PASSED] - Text 'ZIP Code' is present on page  using regular expression

2022-05-11 19:43:16 - [TEST_STEP][PASSED] - verifyTextPresent("248 PhoolKaante road", true): Text '248 PhoolKaante road' is present on page  using regular expression

2022-05-11 19:43:16 - [MESSAGE][PASSED] - Text '248 PhoolKaante road' is present on page  using regular expression

2022-05-11 19:43:16 - [TEST_STEP][PASSED] - verifyTextPresent("Suite 678", true): Text 'Suite 678' is present on page  using regular expression

2022-05-11 19:43:16 - [MESSAGE][PASSED] - Text 'Suite 678' is present on page  using regular expression

2022-05-11 19:43:16 - [TEST_STEP][PASSED] - verifyTextPresent("United States", true): Text 'United States' is present on page  using regular expression

2022-05-11 19:43:16 - [MESSAGE][PASSED] - Text 'United States' is present on page  using regular expression

2022-05-11 19:43:16 - [TEST_STEP][PASSED] - verifyTextPresent("ARLINGTON", true): Text 'ARLINGTON' is present on page  using regular expression

2022-05-11 19:43:17 - [MESSAGE][PASSED] - Text 'ARLINGTON' is present on page  using regular expression

2022-05-11 19:43:17 - [TEST_STEP][PASSED] - verifyTextPresent("VA", true): Text 'VA' is present on page  using regular expression

2022-05-11 19:43:17 - [MESSAGE][PASSED] - Text 'VA' is present on page  using regular expression

2022-05-11 19:43:17 - [TEST_STEP][PASSED] - verifyTextPresent("22201", true): Text '22201' is present on page  using regular expression

2022-05-11 19:43:17 - [MESSAGE][PASSED] - Text '22201' is present on page  using regular expression

2022-05-11 19:43:17 - [TEST_STEP][PASSED] - cardTypeV = findTestData(dataFile).getValue("CardType", row): null

2022-05-11 19:43:17 - [TEST_STEP][PASSED] - last4V = findTestData(dataFile).getValue("Last4", row): null

2022-05-11 19:43:18 - [TEST_STEP][PASSED] - verifyTextPresent(cardTypeV, true): Text 'American Express' is present on page  using regular expression

2022-05-11 19:43:18 - [MESSAGE][PASSED] - Text 'American Express' is present on page  using regular expression

2022-05-11 19:43:18 - [TEST_STEP][PASSED] - verifyTextPresent(last4V, true): Text '2376' is present on page  using regular expression

2022-05-11 19:43:18 - [MESSAGE][PASSED] - Text '2376' is present on page  using regular expression

2022-05-11 19:43:18 - [TEST_STEP][PASSED] - switch (appName): null

2022-05-11 19:43:18 - [TEST_STEP][PASSED] - case "a_Access AutoDualCFtpQA":: null

2022-05-11 19:43:18 - [TEST_STEP][PASSED] - verifyTextPresent("5.00", true): Text '5.00' is present on page  using regular expression

2022-05-11 19:43:18 - [MESSAGE][PASSED] - Text '5.00' is present on page  using regular expression

2022-05-11 19:43:18 - [TEST_STEP][PASSED] - verifyTextPresent("Dual Transaction", true): Text 'Dual Transaction' is present on page  using regular expression

2022-05-11 19:43:19 - [MESSAGE][PASSED] - Text 'Dual Transaction' is present on page  using regular expression

2022-05-11 19:43:19 - [TEST_STEP][PASSED] - verifyTextPresent("7.50", true): Text '7.50' is present on page  using regular expression

2022-05-11 19:43:19 - [MESSAGE][PASSED] - Text '7.50' is present on page  using regular expression

2022-05-11 19:43:19 - [TEST_STEP][PASSED] - verifyTextPresent("Total Amount", true): Text 'Total Amount' is present on page  using regular expression

2022-05-11 19:43:19 - [MESSAGE][PASSED] - Text 'Total Amount' is present on page  using regular expression

2022-05-11 19:43:19 - [TEST_STEP][PASSED] - verifyTextPresent("Transaction Type", true): Text 'Transaction Type' is present on page  using regular expression

2022-05-11 19:43:20 - [MESSAGE][PASSED] - Text 'Transaction Type' is present on page  using regular expression

2022-05-11 19:43:20 - [TEST_STEP][PASSED] - break: null

2022-05-11 19:43:20 - [TEST_STEP][PASSED] - closeBrowser(): Browser is closed

2022-05-11 19:43:21 - [MESSAGE][PASSED] - Browser is closed

2022-05-11 19:43:21 - [TEST_STEP][PASSED] - ExecuteTC = findTestData(dataFile).getValue("Execute", row): null

2022-05-11 19:43:21 - [TEST_STEP][PASSED] - out.println("Value of Execute is : " + ExecuteTC): null

2022-05-11 19:43:21 - [TEST_STEP][PASSED] - switch (executionProfile): null

2022-05-11 19:43:21 - [TEST_STEP][PASSED] - case "QAProfile":: null

2022-05-11 19:43:21 - [TEST_STEP][PASSED] - appName = findTestData(dataFile).getValue("AppNameQA", row): null

2022-05-11 19:43:21 - [TEST_STEP][PASSED] - appID = findTestData(dataFile).getValue("AppIDQA", row): null

2022-05-11 19:43:21 - [TEST_STEP][PASSED] - break: null

2022-05-11 19:43:21 - [TEST_STEP][PASSED] - if (ExecuteTC.equalsIgnoreCase("Y")): null

2022-05-11 19:43:21 - [TEST_STEP][PASSED] - out.println("Begin Record Number: " + row): null

2022-05-11 19:43:21 - [TEST_STEP][PASSED] - today = new java.util.Date(): null

2022-05-11 19:43:21 - [TEST_STEP][PASSED] - println(today): null

2022-05-11 19:43:21 - [TEST_STEP][PASSED] - datText = today: null

2022-05-11 19:43:21 - [TEST_STEP][PASSED] - adminSuiteBootstrap.loginFunctionality.login_AdminSuite(): adminSuiteBootstrap.loginFunctionality.login_AdminSuite is PASSED

2022-05-11 19:43:21 - [MESSAGE][INFO] - Starting 'Chrome' driver

2022-05-11 19:43:21 - [MESSAGE][INFO] - User set preference: ['acceptInsecureCerts', 'true']

2022-05-11 19:43:21 - [MESSAGE][INFO] - Action delay is set to 0 milliseconds

2022-05-11 19:43:23 - [MESSAGE][PASSED] - Browser is opened with url: 'https://qa.velocitypayment.com/admin/imtiaz'

2022-05-11 19:43:24 - [MESSAGE][PASSED] - Current window maximized

2022-05-11 19:43:24 - [MESSAGE][PASSED] - Object 'Object Repository/Login_Page/Login_Username' is present

2022-05-11 19:43:25 - [MESSAGE][PASSED] - Text 'iahmed' is set on object 'Object Repository/Login_Page/Login_Username'

2022-05-11 19:43:25 - [MESSAGE][PASSED] - Text 'hello2222' is set on object 'Object Repository/Login_Page/Login_Password'

2022-05-11 19:43:28 - [MESSAGE][PASSED] - Object: 'Object Repository/Login_Page/Login_Submit' is clicked on

2022-05-11 19:43:28 - [MESSAGE][PASSED] - adminSuiteBootstrap.loginFunctionality.login_AdminSuite is PASSED

2022-05-11 19:43:28 - [TEST_STEP][PASSED] - click(findTestObject(path_Dashboard + appName)): Object: 'Object Repository/AdminSuiteBootstrap_Pages/Dashboard_Bootstrap/a_Access AutoDualCFtpQA' is clicked on

2022-05-11 19:43:29 - [MESSAGE][PASSED] - Object: 'Object Repository/AdminSuiteBootstrap_Pages/Dashboard_Bootstrap/a_Access AutoDualCFtpQA' is clicked on

2022-05-11 19:43:29 - [TEST_STEP][PASSED] - click(findTestObject(path_VT + "a_Find Profile")): Object: 'Object Repository/AdminSuiteBootstrap_Pages/VT_Bootstrap/IssueTransactions/a_Find Profile' is clicked on

2022-05-11 19:43:30 - [MESSAGE][PASSED] - Object: 'Object Repository/AdminSuiteBootstrap_Pages/VT_Bootstrap/IssueTransactions/a_Find Profile' is clicked on

2022-05-11 19:43:30 - [TEST_STEP][PASSED] - criteria = <not implemented yet for class: org.codehaus.groovy.ast.expr.EmptyExpression>: null

2022-05-11 19:43:30 - [TEST_STEP][PASSED] - searchBy = <not implemented yet for class: org.codehaus.groovy.ast.expr.EmptyExpression>: null

2022-05-11 19:43:30 - [TEST_STEP][PASSED] - criteria = findTestData(dataFile).getValue("ProfileName", row): null

2022-05-11 19:43:30 - [TEST_STEP][PASSED] - path_SearchProfile = "Object Repository/AdminSuiteBootstrap_Pages/VSP_Bootstrap/SearchProfile/": null

2022-05-11 19:43:30 - [TEST_STEP][PASSED] - setText(findTestObject(path_SearchProfile + "input_Criteria"), criteria): Text 'PaymentsDI' is set on object 'Object Repository/AdminSuiteBootstrap_Pages/VSP_Bootstrap/SearchProfile/input_Criteria'

2022-05-11 19:43:30 - [MESSAGE][PASSED] - Text 'PaymentsDI' is set on object 'Object Repository/AdminSuiteBootstrap_Pages/VSP_Bootstrap/SearchProfile/input_Criteria'

2022-05-11 19:43:30 - [TEST_STEP][PASSED] - click(findTestObject(path_SearchProfile + "button_Search")): Object: 'Object Repository/AdminSuiteBootstrap_Pages/VSP_Bootstrap/SearchProfile/button_Search' is clicked on

2022-05-11 19:43:32 - [MESSAGE][PASSED] - Object: 'Object Repository/AdminSuiteBootstrap_Pages/VSP_Bootstrap/SearchProfile/button_Search' is clicked on

2022-05-11 19:43:32 - [TEST_STEP][PASSED] - profNameLink = findTestData(dataFile).getValue("ProfileNameLink", row): null

2022-05-11 19:43:32 - [TEST_STEP][PASSED] - click(findTestObject(path_ViewProfile + profNameLink)): Object: 'Object Repository/AdminSuiteBootstrap_Pages/VSP_Bootstrap/View Profile/a_PaymentsDI' is clicked on

2022-05-11 19:43:33 - [MESSAGE][PASSED] - Object: 'Object Repository/AdminSuiteBootstrap_Pages/VSP_Bootstrap/View Profile/a_PaymentsDI' is clicked on

2022-05-11 19:43:33 - [TEST_STEP][PASSED] - click(findTestObject(path_ViewProfile + "a_AuthCap")): Object: 'Object Repository/AdminSuiteBootstrap_Pages/VSP_Bootstrap/View Profile/a_AuthCap' is clicked on

2022-05-11 19:43:34 - [MESSAGE][PASSED] - Object: 'Object Repository/AdminSuiteBootstrap_Pages/VSP_Bootstrap/View Profile/a_AuthCap' is clicked on

2022-05-11 19:43:34 - [TEST_STEP][PASSED] - verifyTextPresent("Credit Card Authorization Capture", true): Text 'Credit Card Authorization Capture' is present on page  using regular expression

2022-05-11 19:43:35 - [MESSAGE][PASSED] - Text 'Credit Card Authorization Capture' is present on page  using regular expression

2022-05-11 19:43:35 - [TEST_STEP][PASSED] - verifyTextPresent("Sale", true): Text 'Sale' is present on page  using regular expression

2022-05-11 19:43:35 - [MESSAGE][PASSED] - Text 'Sale' is present on page  using regular expression

2022-05-11 19:43:35 - [TEST_STEP][PASSED] - verifyTextPresent("Required fields are highlighted with an asterisk", true): Text 'Required fields are highlighted with an asterisk' is present on page  using regular expression

2022-05-11 19:43:36 - [MESSAGE][PASSED] - Text 'Required fields are highlighted with an asterisk' is present on page  using regular expression

2022-05-11 19:43:36 - [TEST_STEP][PASSED] - verifyTextPresent("Remittance ID", true): Text 'Remittance ID' is present on page  using regular expression

2022-05-11 19:43:36 - [MESSAGE][PASSED] - Text 'Remittance ID' is present on page  using regular expression

2022-05-11 19:43:36 - [TEST_STEP][PASSED] - vspBootstrap.SalePage.setDataSaleAndAuth(row, dataFile): vspBootstrap.SalePage.setDataSaleAndAuth is PASSED

2022-05-11 19:43:37 - [MESSAGE][PASSED] - All options with value 'RETL' are selected in object 'Object Repository/AdminSuiteBootstrap_Pages/VSP_Bootstrap/VSP_Authcap/select_TransactionCategory'  using regular expression

2022-05-11 19:43:38 - [MESSAGE][PASSED] - Text '123' is set on object 'Object Repository/AdminSuiteBootstrap_Pages/VSP_Bootstrap/VSP_Authcap/input_cvv'

2022-05-11 19:43:39 - [MESSAGE][PASSED] - Text '' is set on object 'Object Repository/AdminSuiteBootstrap_Pages/VSP_Bootstrap/VSP_Authcap/input_smsNumber'

2022-05-11 19:43:39 - [MESSAGE][PASSED] - Text '2.50' is set on object 'Object Repository/AdminSuiteBootstrap_Pages/VSP_Bootstrap/VSP_Authcap/input_amount'

2022-05-11 19:43:40 - [MESSAGE][PASSED] - Text 'Delhi' is set on object 'Object Repository/AdminSuiteBootstrap_Pages/VSP_Bootstrap/VSP_Authcap/input_userDefined1'

2022-05-11 19:43:41 - [MESSAGE][PASSED] - Text 'Chennai' is set on object 'Object Repository/AdminSuiteBootstrap_Pages/VSP_Bootstrap/VSP_Authcap/input_userDefined2'

2022-05-11 19:43:42 - [MESSAGE][PASSED] - Text 'Mumbai' is set on object 'Object Repository/AdminSuiteBootstrap_Pages/VSP_Bootstrap/VSP_Authcap/input_userDefined3'

2022-05-11 19:43:43 - [MESSAGE][PASSED] - Text 'Kanpur' is set on object 'Object Repository/AdminSuiteBootstrap_Pages/VSP_Bootstrap/VSP_Authcap/input_userDefined4'

2022-05-11 19:43:43 - [MESSAGE][PASSED] - All options with label 'Orange' are selected in object 'Object Repository/AdminSuiteBootstrap_Pages/VSP_Bootstrap/VSP_Authcap/select_UDF5'  using regular expression

2022-05-11 19:43:44 - [MESSAGE][PASSED] - All options with label 'Yellow' are selected in object 'Object Repository/AdminSuiteBootstrap_Pages/VSP_Bootstrap/VSP_Authcap/select_UDF6'  using regular expression

2022-05-11 19:43:45 - [MESSAGE][PASSED] - Text 'Kolkata' is set on object 'Object Repository/AdminSuiteBootstrap_Pages/VSP_Bootstrap/VSP_Authcap/input_userDefined7'

2022-05-11 19:43:46 - [MESSAGE][PASSED] - Text 'Pune' is set on object 'Object Repository/AdminSuiteBootstrap_Pages/VSP_Bootstrap/VSP_Authcap/input_userDefined8'

2022-05-11 19:43:47 - [MESSAGE][PASSED] - Text 'Bhavnagar' is set on object 'Object Repository/AdminSuiteBootstrap_Pages/VSP_Bootstrap/VSP_Authcap/input_userDefined9'

2022-05-11 19:43:47 - [MESSAGE][PASSED] - Text 'Noida' is set on object 'Object Repository/AdminSuiteBootstrap_Pages/VSP_Bootstrap/VSP_Authcap/input_userDefined10'

2022-05-11 19:43:51 - [MESSAGE][PASSED] - Object: 'Object Repository/AdminSuiteBootstrap_Pages/VSP_Bootstrap/VSP_Authcap/button_Submit' is clicked on

2022-05-11 19:43:51 - [MESSAGE][PASSED] - vspBootstrap.SalePage.setDataSaleAndAuth is PASSED

2022-05-11 19:43:51 - [TEST_STEP][PASSED] - verifyTextPresent("Transaction Successful", true): Text 'Transaction Successful' is present on page  using regular expression

2022-05-11 19:43:51 - [MESSAGE][PASSED] - Text 'Transaction Successful' is present on page  using regular expression

2022-05-11 19:43:51 - [TEST_STEP][PASSED] - verifyElementVisible(findTestObject("Object Repository/AdminSuiteBootstrap_Pages/VT_Bootstrap/Receipt/button_Continue")): Object 'Object Repository/AdminSuiteBootstrap_Pages/VT_Bootstrap/Receipt/button_Continue' is visible

2022-05-11 19:43:51 - [MESSAGE][PASSED] - Object 'Object Repository/AdminSuiteBootstrap_Pages/VT_Bootstrap/Receipt/button_Continue' is visible

2022-05-11 19:43:51 - [TEST_STEP][PASSED] - verifyElementPresent(findTestObject("Object Repository/AdminSuiteBootstrap_Pages/VT_Bootstrap/Receipt/button_Continue"), 20): Object 'Object Repository/AdminSuiteBootstrap_Pages/VT_Bootstrap/Receipt/button_Continue' is present

2022-05-11 19:43:52 - [MESSAGE][PASSED] - Object 'Object Repository/AdminSuiteBootstrap_Pages/VT_Bootstrap/Receipt/button_Continue' is present

2022-05-11 19:43:52 - [TEST_STEP][PASSED] - verifyElementVisible(findTestObject("Object Repository/AdminSuiteBootstrap_Pages/VT_Bootstrap/Receipt/button_Print")): Object 'Object Repository/AdminSuiteBootstrap_Pages/VT_Bootstrap/Receipt/button_Print' is visible

2022-05-11 19:43:52 - [MESSAGE][PASSED] - Object 'Object Repository/AdminSuiteBootstrap_Pages/VT_Bootstrap/Receipt/button_Print' is visible

2022-05-11 19:43:52 - [TEST_STEP][PASSED] - verifyElementPresent(findTestObject("Object Repository/AdminSuiteBootstrap_Pages/VT_Bootstrap/Receipt/button_Print"), 20): Object 'Object Repository/AdminSuiteBootstrap_Pages/VT_Bootstrap/Receipt/button_Print' is present

2022-05-11 19:43:52 - [MESSAGE][PASSED] - Object 'Object Repository/AdminSuiteBootstrap_Pages/VT_Bootstrap/Receipt/button_Print' is present

2022-05-11 19:43:52 - [TEST_STEP][PASSED] - verifyTextPresent("Remittance ID", true): Text 'Remittance ID' is present on page  using regular expression

2022-05-11 19:43:53 - [MESSAGE][PASSED] - Text 'Remittance ID' is present on page  using regular expression

2022-05-11 19:43:53 - [TEST_STEP][PASSED] - verifyTextPresent("Received", true): Text 'Received' is present on page  using regular expression

2022-05-11 19:43:53 - [MESSAGE][PASSED] - Text 'Received' is present on page  using regular expression

2022-05-11 19:43:53 - [TEST_STEP][PASSED] - verifyTextPresent("UDF1", true): Text 'UDF1' is present on page  using regular expression

2022-05-11 19:43:53 - [MESSAGE][PASSED] - Text 'UDF1' is present on page  using regular expression

2022-05-11 19:43:53 - [TEST_STEP][PASSED] - verifyTextPresent("UDF2", true): Text 'UDF2' is present on page  using regular expression

2022-05-11 19:43:54 - [MESSAGE][PASSED] - Text 'UDF2' is present on page  using regular expression

2022-05-11 19:43:54 - [TEST_STEP][PASSED] - verifyTextPresent("UDF3", true): Text 'UDF3' is present on page  using regular expression

2022-05-11 19:43:54 - [MESSAGE][PASSED] - Text 'UDF3' is present on page  using regular expression

2022-05-11 19:43:54 - [TEST_STEP][PASSED] - verifyTextPresent("UDF4", true): Text 'UDF4' is present on page  using regular expression

2022-05-11 19:43:54 - [MESSAGE][PASSED] - Text 'UDF4' is present on page  using regular expression

2022-05-11 19:43:54 - [TEST_STEP][PASSED] - verifyTextPresent("UDF5", true): Text 'UDF5' is present on page  using regular expression

2022-05-11 19:43:55 - [MESSAGE][PASSED] - Text 'UDF5' is present on page  using regular expression

2022-05-11 19:43:55 - [TEST_STEP][PASSED] - verifyTextPresent("UDF6", true): Text 'UDF6' is present on page  using regular expression

2022-05-11 19:43:55 - [MESSAGE][PASSED] - Text 'UDF6' is present on page  using regular expression

2022-05-11 19:43:55 - [TEST_STEP][PASSED] - verifyTextPresent("UDF7", true): Text 'UDF7' is present on page  using regular expression

2022-05-11 19:43:55 - [MESSAGE][PASSED] - Text 'UDF7' is present on page  using regular expression

2022-05-11 19:43:55 - [TEST_STEP][PASSED] - verifyTextPresent("UDF8", true): Text 'UDF8' is present on page  using regular expression

2022-05-11 19:43:56 - [MESSAGE][PASSED] - Text 'UDF8' is present on page  using regular expression

2022-05-11 19:43:56 - [TEST_STEP][PASSED] - verifyTextPresent("UDF9", true): Text 'UDF9' is present on page  using regular expression

2022-05-11 19:43:56 - [MESSAGE][PASSED] - Text 'UDF9' is present on page  using regular expression

2022-05-11 19:43:56 - [TEST_STEP][PASSED] - verifyTextPresent("UDF 10", true): Text 'UDF 10' is present on page  using regular expression

2022-05-11 19:43:56 - [MESSAGE][PASSED] - Text 'UDF 10' is present on page  using regular expression

2022-05-11 19:43:56 - [TEST_STEP][PASSED] - verifyTextPresent("Delhi", true): Text 'Delhi' is present on page  using regular expression

2022-05-11 19:43:57 - [MESSAGE][PASSED] - Text 'Delhi' is present on page  using regular expression

2022-05-11 19:43:57 - [TEST_STEP][PASSED] - verifyTextPresent("Chennai", true): Text 'Chennai' is present on page  using regular expression

2022-05-11 19:43:57 - [MESSAGE][PASSED] - Text 'Chennai' is present on page  using regular expression

2022-05-11 19:43:57 - [TEST_STEP][PASSED] - verifyTextPresent("Mumbai", true): Text 'Mumbai' is present on page  using regular expression

2022-05-11 19:43:57 - [MESSAGE][PASSED] - Text 'Mumbai' is present on page  using regular expression

2022-05-11 19:43:57 - [TEST_STEP][PASSED] - verifyTextPresent("Kanpur", true): Text 'Kanpur' is present on page  using regular expression

2022-05-11 19:43:58 - [MESSAGE][PASSED] - Text 'Kanpur' is present on page  using regular expression

2022-05-11 19:43:58 - [TEST_STEP][PASSED] - verifyTextPresent("Orange Recorded", true): Text 'Orange Recorded' is present on page  using regular expression

2022-05-11 19:43:58 - [MESSAGE][PASSED] - Text 'Orange Recorded' is present on page  using regular expression

2022-05-11 19:43:58 - [TEST_STEP][PASSED] - verifyTextPresent("Yellow Recorded", true): Text 'Yellow Recorded' is present on page  using regular expression

2022-05-11 19:43:58 - [MESSAGE][PASSED] - Text 'Yellow Recorded' is present on page  using regular expression

2022-05-11 19:43:58 - [TEST_STEP][PASSED] - verifyTextPresent("Kolkata", true): Text 'Kolkata' is present on page  using regular expression

2022-05-11 19:43:59 - [MESSAGE][PASSED] - Text 'Kolkata' is present on page  using regular expression

2022-05-11 19:43:59 - [TEST_STEP][PASSED] - verifyTextPresent("Pune", true): Text 'Pune' is present on page  using regular expression

2022-05-11 19:43:59 - [MESSAGE][PASSED] - Text 'Pune' is present on page  using regular expression

2022-05-11 19:43:59 - [TEST_STEP][PASSED] - verifyTextPresent("Bhavnagar", true): Text 'Bhavnagar' is present on page  using regular expression

2022-05-11 19:43:59 - [MESSAGE][PASSED] - Text 'Bhavnagar' is present on page  using regular expression

2022-05-11 19:43:59 - [TEST_STEP][PASSED] - verifyTextPresent("Noida", true): Text 'Noida' is present on page  using regular expression

2022-05-11 19:44:00 - [MESSAGE][PASSED] - Text 'Noida' is present on page  using regular expression

2022-05-11 19:44:00 - [TEST_STEP][PASSED] - verifyTextPresent("Amount", true): Text 'Amount' is present on page  using regular expression

2022-05-11 19:44:00 - [MESSAGE][PASSED] - Text 'Amount' is present on page  using regular expression

2022-05-11 19:44:00 - [TEST_STEP][PASSED] - verifyTextPresent("2.50", true): Text '2.50' is present on page  using regular expression

2022-05-11 19:44:00 - [MESSAGE][PASSED] - Text '2.50' is present on page  using regular expression

2022-05-11 19:44:00 - [TEST_STEP][PASSED] - verifyTextPresent("Authorization and Capture", true): Text 'Authorization and Capture' is present on page  using regular expression

2022-05-11 19:44:01 - [MESSAGE][PASSED] - Text 'Authorization and Capture' is present on page  using regular expression

2022-05-11 19:44:01 - [TEST_STEP][PASSED] - verifyTextPresent("Card Information", true): Text 'Card Information' is present on page  using regular expression

2022-05-11 19:44:01 - [MESSAGE][PASSED] - Text 'Card Information' is present on page  using regular expression

2022-05-11 19:44:01 - [TEST_STEP][PASSED] - verifyTextPresent("TANDON RAVENA", true): Text 'TANDON RAVENA' is present on page  using regular expression

2022-05-11 19:44:01 - [MESSAGE][PASSED] - Text 'TANDON RAVENA' is present on page  using regular expression

2022-05-11 19:44:01 - [TEST_STEP][PASSED] - verifyTextPresent("Address Line 1", true): Text 'Address Line 1' is present on page  using regular expression

2022-05-11 19:44:01 - [MESSAGE][PASSED] - Text 'Address Line 1' is present on page  using regular expression

2022-05-11 19:44:01 - [TEST_STEP][PASSED] - verifyTextPresent("Address Line 2", true): Text 'Address Line 2' is present on page  using regular expression

2022-05-11 19:44:02 - [MESSAGE][PASSED] - Text 'Address Line 2' is present on page  using regular expression

2022-05-11 19:44:02 - [TEST_STEP][PASSED] - verifyTextPresent("Country", true): Text 'Country' is present on page  using regular expression

2022-05-11 19:44:02 - [MESSAGE][PASSED] - Text 'Country' is present on page  using regular expression

2022-05-11 19:44:02 - [TEST_STEP][PASSED] - verifyTextPresent("City", true): Text 'City' is present on page  using regular expression

2022-05-11 19:44:02 - [MESSAGE][PASSED] - Text 'City' is present on page  using regular expression

2022-05-11 19:44:02 - [TEST_STEP][PASSED] - verifyTextPresent("State", true): Text 'State' is present on page  using regular expression

2022-05-11 19:44:03 - [MESSAGE][PASSED] - Text 'State' is present on page  using regular expression

2022-05-11 19:44:03 - [TEST_STEP][PASSED] - verifyTextPresent("ZIP Code", true): Text 'ZIP Code' is present on page  using regular expression

2022-05-11 19:44:03 - [MESSAGE][PASSED] - Text 'ZIP Code' is present on page  using regular expression

2022-05-11 19:44:03 - [TEST_STEP][PASSED] - verifyTextPresent("248 PhoolKaante road", true): Text '248 PhoolKaante road' is present on page  using regular expression

2022-05-11 19:44:03 - [MESSAGE][PASSED] - Text '248 PhoolKaante road' is present on page  using regular expression

2022-05-11 19:44:03 - [TEST_STEP][PASSED] - verifyTextPresent("Suite 678", true): Text 'Suite 678' is present on page  using regular expression

2022-05-11 19:44:04 - [MESSAGE][PASSED] - Text 'Suite 678' is present on page  using regular expression

2022-05-11 19:44:04 - [TEST_STEP][PASSED] - verifyTextPresent("United States", true): Text 'United States' is present on page  using regular expression

2022-05-11 19:44:04 - [MESSAGE][PASSED] - Text 'United States' is present on page  using regular expression

2022-05-11 19:44:04 - [TEST_STEP][PASSED] - verifyTextPresent("ARLINGTON", true): Text 'ARLINGTON' is present on page  using regular expression

2022-05-11 19:44:04 - [MESSAGE][PASSED] - Text 'ARLINGTON' is present on page  using regular expression

2022-05-11 19:44:04 - [TEST_STEP][PASSED] - verifyTextPresent("VA", true): Text 'VA' is present on page  using regular expression

2022-05-11 19:44:05 - [MESSAGE][PASSED] - Text 'VA' is present on page  using regular expression

2022-05-11 19:44:05 - [TEST_STEP][PASSED] - verifyTextPresent("22201", true): Text '22201' is present on page  using regular expression

2022-05-11 19:44:05 - [MESSAGE][PASSED] - Text '22201' is present on page  using regular expression

2022-05-11 19:44:05 - [TEST_STEP][PASSED] - cardTypeV = findTestData(dataFile).getValue("CardType", row): null

2022-05-11 19:44:05 - [TEST_STEP][PASSED] - last4V = findTestData(dataFile).getValue("Last4", row): null

2022-05-11 19:44:05 - [TEST_STEP][PASSED] - verifyTextPresent(cardTypeV, true): Text 'Discover' is present on page  using regular expression

2022-05-11 19:44:05 - [MESSAGE][PASSED] - Text 'Discover' is present on page  using regular expression

2022-05-11 19:44:05 - [TEST_STEP][PASSED] - verifyTextPresent(last4V, true): Text '6909' is present on page  using regular expression

2022-05-11 19:44:06 - [MESSAGE][PASSED] - Text '6909' is present on page  using regular expression

2022-05-11 19:44:06 - [TEST_STEP][PASSED] - switch (appName): null

2022-05-11 19:44:06 - [TEST_STEP][PASSED] - case "a_Access AutoDualCFtpQA":: null

2022-05-11 19:44:06 - [TEST_STEP][PASSED] - verifyTextPresent("5.00", true): Text '5.00' is present on page  using regular expression

2022-05-11 19:44:06 - [MESSAGE][PASSED] - Text '5.00' is present on page  using regular expression

2022-05-11 19:44:06 - [TEST_STEP][PASSED] - verifyTextPresent("Dual Transaction", true): Text 'Dual Transaction' is present on page  using regular expression

2022-05-11 19:44:06 - [MESSAGE][PASSED] - Text 'Dual Transaction' is present on page  using regular expression

2022-05-11 19:44:06 - [TEST_STEP][PASSED] - verifyTextPresent("7.50", true): Text '7.50' is present on page  using regular expression

2022-05-11 19:44:07 - [MESSAGE][PASSED] - Text '7.50' is present on page  using regular expression

2022-05-11 19:44:07 - [TEST_STEP][PASSED] - verifyTextPresent("Total Amount", true): Text 'Total Amount' is present on page  using regular expression

2022-05-11 19:44:07 - [MESSAGE][PASSED] - Text 'Total Amount' is present on page  using regular expression

2022-05-11 19:44:07 - [TEST_STEP][PASSED] - verifyTextPresent("Transaction Type", true): Text 'Transaction Type' is present on page  using regular expression

2022-05-11 19:44:07 - [MESSAGE][PASSED] - Text 'Transaction Type' is present on page  using regular expression

2022-05-11 19:44:07 - [TEST_STEP][PASSED] - break: null

2022-05-11 19:44:07 - [TEST_STEP][PASSED] - closeBrowser(): Browser is closed

2022-05-11 19:44:08 - [MESSAGE][PASSED] - Browser is closed]]></system-out>
         <system-err><![CDATA[]]></system-err>
      </testcase>
      <testcase name="Test Cases/Admin Suite Bootstrap/VSP_Payments_TestCases/AuthOnly_TP_AllCF_Generic_Payment_TC" time="146.264" classname="Test Cases/Admin Suite Bootstrap/VSP_Payments_TestCases/AuthOnly_TP_AllCF_Generic_Payment_TC" status="PASSED">
         <system-out><![CDATA[2022-05-11 19:44:08 - [TEST_CASE][PASSED] - Test Cases/Admin Suite Bootstrap/VSP_Payments_TestCases/AuthOnly_TP_AllCF_Generic_Payment_TC: Test Cases/Admin Suite Bootstrap/VSP_Payments_TestCases/AuthOnly_TP_AllCF_Generic_Payment_TC

2022-05-11 19:44:09 - [TEST_STEP][PASSED] - path_Dashboard = "Object Repository/AdminSuiteBootstrap_Pages/Dashboard_Bootstrap/": null

2022-05-11 19:44:09 - [TEST_STEP][PASSED] - path_VT = "Object Repository/AdminSuiteBootstrap_Pages/VT_Bootstrap/IssueTransactions/": null

2022-05-11 19:44:09 - [TEST_STEP][PASSED] - path_CreateProfile = "Object Repository/AdminSuiteBootstrap_Pages/VSP_Bootstrap/CreateProfile/": null

2022-05-11 19:44:09 - [TEST_STEP][PASSED] - path_AddAccount = "Object Repository/AdminSuiteBootstrap_Pages/VSP_Bootstrap/AddAccount/": null

2022-05-11 19:44:09 - [TEST_STEP][PASSED] - path_Add_ACH = "Object Repository/AdminSuiteBootstrap_Pages/VSP_Bootstrap/AddACH/": null

2022-05-11 19:44:09 - [TEST_STEP][PASSED] - path_Add_CC = "Object Repository/AdminSuiteBootstrap_Pages/VSP_Bootstrap/AddCreditCard/": null

2022-05-11 19:44:09 - [TEST_STEP][PASSED] - path_App_Plan = "Object Repository/AdminSuiteBootstrap_Pages/VSP_Bootstrap/AddPaymentPlan/": null

2022-05-11 19:44:09 - [TEST_STEP][PASSED] - path_DeleteProfile = "Object Repository/AdminSuiteBootstrap_Pages/VSP_Bootstrap/DeleteProfile/": null

2022-05-11 19:44:09 - [TEST_STEP][PASSED] - path_ModifyProfile = "Object Repository/AdminSuiteBootstrap_Pages/VSP_Bootstrap/ModifyProfile/": null

2022-05-11 19:44:09 - [TEST_STEP][PASSED] - path_ViewProfile = "Object Repository/AdminSuiteBootstrap_Pages/VSP_Bootstrap/View Profile/": null

2022-05-11 19:44:09 - [TEST_STEP][PASSED] - path_VSPAuth = "Object Repository/AdminSuiteBootstrap_Pages/VSP_Bootstrap/VSP_Auth/": null

2022-05-11 19:44:09 - [TEST_STEP][PASSED] - path_VSPAuthCap = "Object Repository/AdminSuiteBootstrap_Pages/VSP_Bootstrap/VSP_Authcap/": null

2022-05-11 19:44:09 - [TEST_STEP][PASSED] - path_Debit = "Object Repository/AdminSuiteBootstrap_Pages/VSP_Bootstrap/VSP_Debit/": null

2022-05-11 19:44:09 - [TEST_STEP][PASSED] - path_DeleteProfileConfirm = "Object Repository/AdminSuiteBootstrap_Pages/VSP_Bootstrap/DeleteProfileConfirm/": null

2022-05-11 19:44:09 - [TEST_STEP][PASSED] - executionProfile = getExecutionProfile(): null

2022-05-11 19:44:09 - [TEST_STEP][PASSED] - out.println("executionProfile : " + executionProfile): null

2022-05-11 19:44:09 - [TEST_STEP][PASSED] - appName = <not implemented yet for class: org.codehaus.groovy.ast.expr.EmptyExpression>: null

2022-05-11 19:44:09 - [TEST_STEP][PASSED] - appID = <not implemented yet for class: org.codehaus.groovy.ast.expr.EmptyExpression>: null

2022-05-11 19:44:09 - [TEST_STEP][PASSED] - cardNameV = <not implemented yet for class: org.codehaus.groovy.ast.expr.EmptyExpression>: null

2022-05-11 19:44:09 - [TEST_STEP][PASSED] - al1V = <not implemented yet for class: org.codehaus.groovy.ast.expr.EmptyExpression>: null

2022-05-11 19:44:09 - [TEST_STEP][PASSED] - al2V = <not implemented yet for class: org.codehaus.groovy.ast.expr.EmptyExpression>: null

2022-05-11 19:44:09 - [TEST_STEP][PASSED] - zipV = <not implemented yet for class: org.codehaus.groovy.ast.expr.EmptyExpression>: null

2022-05-11 19:44:09 - [TEST_STEP][PASSED] - cardTypeV = <not implemented yet for class: org.codehaus.groovy.ast.expr.EmptyExpression>: null

2022-05-11 19:44:09 - [TEST_STEP][PASSED] - last4V = <not implemented yet for class: org.codehaus.groovy.ast.expr.EmptyExpression>: null

2022-05-11 19:44:09 - [TEST_STEP][PASSED] - nameSheet = "CC-Payments-Auth": null

2022-05-11 19:44:09 - [TEST_STEP][PASSED] - numOfRows = findTestData("QA/Bootstrap/VSP-Payments-TestData/CC-Payments-Auth").getRowNumbers(): null

2022-05-11 19:44:09 - [TEST_STEP][PASSED] - println("Number of Records: " + numOfRows): null

2022-05-11 19:44:09 - [TEST_STEP][PASSED] - dataFile = "QA/Bootstrap/VSP-Payments-TestData/CC-Payments-Auth": null

2022-05-11 19:44:09 - [TEST_STEP][PASSED] - for ([row = 1, row <= numOfRows, (row++)]): Browser is closed

2022-05-11 19:44:09 - [TEST_STEP][PASSED] - ExecuteTC = findTestData(dataFile).getValue("Execute", row): null

2022-05-11 19:44:09 - [TEST_STEP][PASSED] - out.println("Value of Execute is : " + ExecuteTC): null

2022-05-11 19:44:09 - [TEST_STEP][PASSED] - switch (executionProfile): null

2022-05-11 19:44:09 - [TEST_STEP][PASSED] - case "QAProfile":: null

2022-05-11 19:44:09 - [TEST_STEP][PASSED] - appName = findTestData(dataFile).getValue("AppNameQA", row): null

2022-05-11 19:44:09 - [TEST_STEP][PASSED] - appID = findTestData(dataFile).getValue("AppIDQA", row): null

2022-05-11 19:44:09 - [TEST_STEP][PASSED] - break: null

2022-05-11 19:44:09 - [TEST_STEP][PASSED] - if (ExecuteTC.equalsIgnoreCase("Y")): null

2022-05-11 19:44:09 - [TEST_STEP][PASSED] - out.println("Begin Record Number: " + row): null

2022-05-11 19:44:09 - [TEST_STEP][PASSED] - today = new java.util.Date(): null

2022-05-11 19:44:09 - [TEST_STEP][PASSED] - println(today): null

2022-05-11 19:44:09 - [TEST_STEP][PASSED] - datText = today: null

2022-05-11 19:44:09 - [TEST_STEP][PASSED] - adminSuiteBootstrap.loginFunctionality.login_AdminSuite(): adminSuiteBootstrap.loginFunctionality.login_AdminSuite is PASSED

2022-05-11 19:44:09 - [MESSAGE][INFO] - Starting 'Chrome' driver

2022-05-11 19:44:09 - [MESSAGE][INFO] - User set preference: ['acceptInsecureCerts', 'true']

2022-05-11 19:44:09 - [MESSAGE][INFO] - Action delay is set to 0 milliseconds

2022-05-11 19:44:12 - [MESSAGE][PASSED] - Browser is opened with url: 'https://qa.velocitypayment.com/admin/imtiaz'

2022-05-11 19:44:12 - [MESSAGE][PASSED] - Current window maximized

2022-05-11 19:44:12 - [MESSAGE][PASSED] - Object 'Object Repository/Login_Page/Login_Username' is present

2022-05-11 19:44:13 - [MESSAGE][PASSED] - Text 'iahmed' is set on object 'Object Repository/Login_Page/Login_Username'

2022-05-11 19:44:14 - [MESSAGE][PASSED] - Text 'hello2222' is set on object 'Object Repository/Login_Page/Login_Password'

2022-05-11 19:44:17 - [MESSAGE][PASSED] - Object: 'Object Repository/Login_Page/Login_Submit' is clicked on

2022-05-11 19:44:17 - [MESSAGE][PASSED] - adminSuiteBootstrap.loginFunctionality.login_AdminSuite is PASSED

2022-05-11 19:44:17 - [TEST_STEP][PASSED] - click(findTestObject(path_Dashboard + appName)): Object: 'Object Repository/AdminSuiteBootstrap_Pages/Dashboard_Bootstrap/a_Access AutoNoCFtp' is clicked on

2022-05-11 19:44:18 - [MESSAGE][PASSED] - Object: 'Object Repository/AdminSuiteBootstrap_Pages/Dashboard_Bootstrap/a_Access AutoNoCFtp' is clicked on

2022-05-11 19:44:18 - [TEST_STEP][PASSED] - click(findTestObject(path_VT + "a_Find Profile")): Object: 'Object Repository/AdminSuiteBootstrap_Pages/VT_Bootstrap/IssueTransactions/a_Find Profile' is clicked on

2022-05-11 19:44:18 - [MESSAGE][PASSED] - Object: 'Object Repository/AdminSuiteBootstrap_Pages/VT_Bootstrap/IssueTransactions/a_Find Profile' is clicked on

2022-05-11 19:44:18 - [TEST_STEP][PASSED] - criteria = <not implemented yet for class: org.codehaus.groovy.ast.expr.EmptyExpression>: null

2022-05-11 19:44:18 - [TEST_STEP][PASSED] - searchBy = <not implemented yet for class: org.codehaus.groovy.ast.expr.EmptyExpression>: null

2022-05-11 19:44:18 - [TEST_STEP][PASSED] - criteria = findTestData(dataFile).getValue("ProfileName", row): null

2022-05-11 19:44:18 - [TEST_STEP][PASSED] - path_SearchProfile = "Object Repository/AdminSuiteBootstrap_Pages/VSP_Bootstrap/SearchProfile/": null

2022-05-11 19:44:18 - [TEST_STEP][PASSED] - setText(findTestObject(path_SearchProfile + "input_Criteria"), criteria): Text 'PaymentsVisa' is set on object 'Object Repository/AdminSuiteBootstrap_Pages/VSP_Bootstrap/SearchProfile/input_Criteria'

2022-05-11 19:44:19 - [MESSAGE][PASSED] - Text 'PaymentsVisa' is set on object 'Object Repository/AdminSuiteBootstrap_Pages/VSP_Bootstrap/SearchProfile/input_Criteria'

2022-05-11 19:44:19 - [TEST_STEP][PASSED] - click(findTestObject(path_SearchProfile + "button_Search")): Object: 'Object Repository/AdminSuiteBootstrap_Pages/VSP_Bootstrap/SearchProfile/button_Search' is clicked on

2022-05-11 19:44:20 - [MESSAGE][PASSED] - Object: 'Object Repository/AdminSuiteBootstrap_Pages/VSP_Bootstrap/SearchProfile/button_Search' is clicked on

2022-05-11 19:44:20 - [TEST_STEP][PASSED] - profNameLink = findTestData(dataFile).getValue("ProfileNameLink", row): null

2022-05-11 19:44:20 - [TEST_STEP][PASSED] - click(findTestObject(path_ViewProfile + profNameLink)): Object: 'Object Repository/AdminSuiteBootstrap_Pages/VSP_Bootstrap/View Profile/a_PaymentsVisa' is clicked on

2022-05-11 19:44:21 - [MESSAGE][PASSED] - Object: 'Object Repository/AdminSuiteBootstrap_Pages/VSP_Bootstrap/View Profile/a_PaymentsVisa' is clicked on

2022-05-11 19:44:21 - [TEST_STEP][PASSED] - click(findTestObject(path_ViewProfile + "a_Auth")): Object: 'Object Repository/AdminSuiteBootstrap_Pages/VSP_Bootstrap/View Profile/a_Auth' is clicked on

2022-05-11 19:44:23 - [MESSAGE][PASSED] - Object: 'Object Repository/AdminSuiteBootstrap_Pages/VSP_Bootstrap/View Profile/a_Auth' is clicked on

2022-05-11 19:44:23 - [TEST_STEP][PASSED] - verifyTextPresent("Credit Card Authorization", true): Text 'Credit Card Authorization' is present on page  using regular expression

2022-05-11 19:44:23 - [MESSAGE][PASSED] - Text 'Credit Card Authorization' is present on page  using regular expression

2022-05-11 19:44:23 - [TEST_STEP][PASSED] - verifyTextPresent("Required fields are highlighted with an asterisk", true): Text 'Required fields are highlighted with an asterisk' is present on page  using regular expression

2022-05-11 19:44:24 - [MESSAGE][PASSED] - Text 'Required fields are highlighted with an asterisk' is present on page  using regular expression

2022-05-11 19:44:24 - [TEST_STEP][PASSED] - verifyTextPresent("Remittance ID", true): Text 'Remittance ID' is present on page  using regular expression

2022-05-11 19:44:24 - [MESSAGE][PASSED] - Text 'Remittance ID' is present on page  using regular expression

2022-05-11 19:44:24 - [TEST_STEP][PASSED] - vspBootstrap.SalePage.setDataSaleAndAuth(row, dataFile): vspBootstrap.SalePage.setDataSaleAndAuth is PASSED

2022-05-11 19:44:26 - [MESSAGE][PASSED] - All options with value 'MOTO' are selected in object 'Object Repository/AdminSuiteBootstrap_Pages/VSP_Bootstrap/VSP_Authcap/select_TransactionCategory'  using regular expression

2022-05-11 19:44:26 - [MESSAGE][PASSED] - Text '123' is set on object 'Object Repository/AdminSuiteBootstrap_Pages/VSP_Bootstrap/VSP_Authcap/input_cvv'

2022-05-11 19:44:27 - [MESSAGE][PASSED] - Text '' is set on object 'Object Repository/AdminSuiteBootstrap_Pages/VSP_Bootstrap/VSP_Authcap/input_smsNumber'

2022-05-11 19:44:28 - [MESSAGE][PASSED] - Text '2.50' is set on object 'Object Repository/AdminSuiteBootstrap_Pages/VSP_Bootstrap/VSP_Authcap/input_amount'

2022-05-11 19:44:28 - [MESSAGE][PASSED] - Text 'Delhi' is set on object 'Object Repository/AdminSuiteBootstrap_Pages/VSP_Bootstrap/VSP_Authcap/input_userDefined1'

2022-05-11 19:44:29 - [MESSAGE][PASSED] - Text 'Chennai' is set on object 'Object Repository/AdminSuiteBootstrap_Pages/VSP_Bootstrap/VSP_Authcap/input_userDefined2'

2022-05-11 19:44:30 - [MESSAGE][PASSED] - Text 'Mumbai' is set on object 'Object Repository/AdminSuiteBootstrap_Pages/VSP_Bootstrap/VSP_Authcap/input_userDefined3'

2022-05-11 19:44:30 - [MESSAGE][PASSED] - Text 'Kanpur' is set on object 'Object Repository/AdminSuiteBootstrap_Pages/VSP_Bootstrap/VSP_Authcap/input_userDefined4'

2022-05-11 19:44:31 - [MESSAGE][PASSED] - All options with label 'Orange' are selected in object 'Object Repository/AdminSuiteBootstrap_Pages/VSP_Bootstrap/VSP_Authcap/select_UDF5'  using regular expression

2022-05-11 19:44:32 - [MESSAGE][PASSED] - All options with label 'Yellow' are selected in object 'Object Repository/AdminSuiteBootstrap_Pages/VSP_Bootstrap/VSP_Authcap/select_UDF6'  using regular expression

2022-05-11 19:44:33 - [MESSAGE][PASSED] - Text 'Kolkata' is set on object 'Object Repository/AdminSuiteBootstrap_Pages/VSP_Bootstrap/VSP_Authcap/input_userDefined7'

2022-05-11 19:44:34 - [MESSAGE][PASSED] - Text 'Pune' is set on object 'Object Repository/AdminSuiteBootstrap_Pages/VSP_Bootstrap/VSP_Authcap/input_userDefined8'

2022-05-11 19:44:34 - [MESSAGE][PASSED] - Text 'Bhavnagar' is set on object 'Object Repository/AdminSuiteBootstrap_Pages/VSP_Bootstrap/VSP_Authcap/input_userDefined9'

2022-05-11 19:44:35 - [MESSAGE][PASSED] - Text 'Noida' is set on object 'Object Repository/AdminSuiteBootstrap_Pages/VSP_Bootstrap/VSP_Authcap/input_userDefined10'

2022-05-11 19:44:38 - [MESSAGE][PASSED] - Object: 'Object Repository/AdminSuiteBootstrap_Pages/VSP_Bootstrap/VSP_Authcap/button_Submit' is clicked on

2022-05-11 19:44:38 - [MESSAGE][PASSED] - vspBootstrap.SalePage.setDataSaleAndAuth is PASSED

2022-05-11 19:44:38 - [TEST_STEP][PASSED] - verifyTextPresent("Transaction Successful", true): Text 'Transaction Successful' is present on page  using regular expression

2022-05-11 19:44:39 - [MESSAGE][PASSED] - Text 'Transaction Successful' is present on page  using regular expression

2022-05-11 19:44:39 - [TEST_STEP][PASSED] - verifyElementVisible(findTestObject("Object Repository/AdminSuiteBootstrap_Pages/VT_Bootstrap/Receipt/button_Continue")): Object 'Object Repository/AdminSuiteBootstrap_Pages/VT_Bootstrap/Receipt/button_Continue' is visible

2022-05-11 19:44:39 - [MESSAGE][PASSED] - Object 'Object Repository/AdminSuiteBootstrap_Pages/VT_Bootstrap/Receipt/button_Continue' is visible

2022-05-11 19:44:39 - [TEST_STEP][PASSED] - verifyElementPresent(findTestObject("Object Repository/AdminSuiteBootstrap_Pages/VT_Bootstrap/Receipt/button_Continue"), 20): Object 'Object Repository/AdminSuiteBootstrap_Pages/VT_Bootstrap/Receipt/button_Continue' is present

2022-05-11 19:44:39 - [MESSAGE][PASSED] - Object 'Object Repository/AdminSuiteBootstrap_Pages/VT_Bootstrap/Receipt/button_Continue' is present

2022-05-11 19:44:39 - [TEST_STEP][PASSED] - verifyElementVisible(findTestObject("Object Repository/AdminSuiteBootstrap_Pages/VT_Bootstrap/Receipt/button_Print")): Object 'Object Repository/AdminSuiteBootstrap_Pages/VT_Bootstrap/Receipt/button_Print' is visible

2022-05-11 19:44:40 - [MESSAGE][PASSED] - Object 'Object Repository/AdminSuiteBootstrap_Pages/VT_Bootstrap/Receipt/button_Print' is visible

2022-05-11 19:44:40 - [TEST_STEP][PASSED] - verifyElementPresent(findTestObject("Object Repository/AdminSuiteBootstrap_Pages/VT_Bootstrap/Receipt/button_Print"), 20): Object 'Object Repository/AdminSuiteBootstrap_Pages/VT_Bootstrap/Receipt/button_Print' is present

2022-05-11 19:44:40 - [MESSAGE][PASSED] - Object 'Object Repository/AdminSuiteBootstrap_Pages/VT_Bootstrap/Receipt/button_Print' is present

2022-05-11 19:44:40 - [TEST_STEP][PASSED] - verifyTextPresent("Remittance ID", true): Text 'Remittance ID' is present on page  using regular expression

2022-05-11 19:44:40 - [MESSAGE][PASSED] - Text 'Remittance ID' is present on page  using regular expression

2022-05-11 19:44:40 - [TEST_STEP][PASSED] - verifyTextPresent("Received", true): Text 'Received' is present on page  using regular expression

2022-05-11 19:44:41 - [MESSAGE][PASSED] - Text 'Received' is present on page  using regular expression

2022-05-11 19:44:41 - [TEST_STEP][PASSED] - verifyTextPresent("UDF1", true): Text 'UDF1' is present on page  using regular expression

2022-05-11 19:44:41 - [MESSAGE][PASSED] - Text 'UDF1' is present on page  using regular expression

2022-05-11 19:44:41 - [TEST_STEP][PASSED] - verifyTextPresent("UDF2", true): Text 'UDF2' is present on page  using regular expression

2022-05-11 19:44:41 - [MESSAGE][PASSED] - Text 'UDF2' is present on page  using regular expression

2022-05-11 19:44:41 - [TEST_STEP][PASSED] - verifyTextPresent("UDF3", true): Text 'UDF3' is present on page  using regular expression

2022-05-11 19:44:42 - [MESSAGE][PASSED] - Text 'UDF3' is present on page  using regular expression

2022-05-11 19:44:42 - [TEST_STEP][PASSED] - verifyTextPresent("UDF4", true): Text 'UDF4' is present on page  using regular expression

2022-05-11 19:44:42 - [MESSAGE][PASSED] - Text 'UDF4' is present on page  using regular expression

2022-05-11 19:44:42 - [TEST_STEP][PASSED] - verifyTextPresent("UDF5", true): Text 'UDF5' is present on page  using regular expression

2022-05-11 19:44:42 - [MESSAGE][PASSED] - Text 'UDF5' is present on page  using regular expression

2022-05-11 19:44:42 - [TEST_STEP][PASSED] - verifyTextPresent("UDF6", true): Text 'UDF6' is present on page  using regular expression

2022-05-11 19:44:43 - [MESSAGE][PASSED] - Text 'UDF6' is present on page  using regular expression

2022-05-11 19:44:43 - [TEST_STEP][PASSED] - verifyTextPresent("UDF7", true): Text 'UDF7' is present on page  using regular expression

2022-05-11 19:44:43 - [MESSAGE][PASSED] - Text 'UDF7' is present on page  using regular expression

2022-05-11 19:44:43 - [TEST_STEP][PASSED] - verifyTextPresent("UDF8", true): Text 'UDF8' is present on page  using regular expression

2022-05-11 19:44:43 - [MESSAGE][PASSED] - Text 'UDF8' is present on page  using regular expression

2022-05-11 19:44:43 - [TEST_STEP][PASSED] - verifyTextPresent("UDF9", true): Text 'UDF9' is present on page  using regular expression

2022-05-11 19:44:44 - [MESSAGE][PASSED] - Text 'UDF9' is present on page  using regular expression

2022-05-11 19:44:44 - [TEST_STEP][PASSED] - verifyTextPresent("UDF 10", true): Text 'UDF 10' is present on page  using regular expression

2022-05-11 19:44:44 - [MESSAGE][PASSED] - Text 'UDF 10' is present on page  using regular expression

2022-05-11 19:44:44 - [TEST_STEP][PASSED] - verifyTextPresent("Delhi", true): Text 'Delhi' is present on page  using regular expression

2022-05-11 19:44:44 - [MESSAGE][PASSED] - Text 'Delhi' is present on page  using regular expression

2022-05-11 19:44:44 - [TEST_STEP][PASSED] - verifyTextPresent("Chennai", true): Text 'Chennai' is present on page  using regular expression

2022-05-11 19:44:45 - [MESSAGE][PASSED] - Text 'Chennai' is present on page  using regular expression

2022-05-11 19:44:45 - [TEST_STEP][PASSED] - verifyTextPresent("Mumbai", true): Text 'Mumbai' is present on page  using regular expression

2022-05-11 19:44:45 - [MESSAGE][PASSED] - Text 'Mumbai' is present on page  using regular expression

2022-05-11 19:44:45 - [TEST_STEP][PASSED] - verifyTextPresent("Kanpur", true): Text 'Kanpur' is present on page  using regular expression

2022-05-11 19:44:45 - [MESSAGE][PASSED] - Text 'Kanpur' is present on page  using regular expression

2022-05-11 19:44:45 - [TEST_STEP][PASSED] - verifyTextPresent("Orange Recorded", true): Text 'Orange Recorded' is present on page  using regular expression

2022-05-11 19:44:46 - [MESSAGE][PASSED] - Text 'Orange Recorded' is present on page  using regular expression

2022-05-11 19:44:46 - [TEST_STEP][PASSED] - verifyTextPresent("Yellow Recorded", true): Text 'Yellow Recorded' is present on page  using regular expression

2022-05-11 19:44:46 - [MESSAGE][PASSED] - Text 'Yellow Recorded' is present on page  using regular expression

2022-05-11 19:44:46 - [TEST_STEP][PASSED] - verifyTextPresent("Kolkata", true): Text 'Kolkata' is present on page  using regular expression

2022-05-11 19:44:46 - [MESSAGE][PASSED] - Text 'Kolkata' is present on page  using regular expression

2022-05-11 19:44:46 - [TEST_STEP][PASSED] - verifyTextPresent("Pune", true): Text 'Pune' is present on page  using regular expression

2022-05-11 19:44:46 - [MESSAGE][PASSED] - Text 'Pune' is present on page  using regular expression

2022-05-11 19:44:46 - [TEST_STEP][PASSED] - verifyTextPresent("Bhavnagar", true): Text 'Bhavnagar' is present on page  using regular expression

2022-05-11 19:44:47 - [MESSAGE][PASSED] - Text 'Bhavnagar' is present on page  using regular expression

2022-05-11 19:44:47 - [TEST_STEP][PASSED] - verifyTextPresent("Noida", true): Text 'Noida' is present on page  using regular expression

2022-05-11 19:44:47 - [MESSAGE][PASSED] - Text 'Noida' is present on page  using regular expression

2022-05-11 19:44:47 - [TEST_STEP][PASSED] - verifyTextPresent("Amount", true): Text 'Amount' is present on page  using regular expression

2022-05-11 19:44:47 - [MESSAGE][PASSED] - Text 'Amount' is present on page  using regular expression

2022-05-11 19:44:47 - [TEST_STEP][PASSED] - verifyTextPresent("2.50", true): Text '2.50' is present on page  using regular expression

2022-05-11 19:44:48 - [MESSAGE][PASSED] - Text '2.50' is present on page  using regular expression

2022-05-11 19:44:48 - [TEST_STEP][PASSED] - verifyTextPresent("Authorization", true): Text 'Authorization' is present on page  using regular expression

2022-05-11 19:44:48 - [MESSAGE][PASSED] - Text 'Authorization' is present on page  using regular expression

2022-05-11 19:44:48 - [TEST_STEP][PASSED] - verifyTextPresent("Card Information", true): Text 'Card Information' is present on page  using regular expression

2022-05-11 19:44:48 - [MESSAGE][PASSED] - Text 'Card Information' is present on page  using regular expression

2022-05-11 19:44:48 - [TEST_STEP][PASSED] - verifyTextPresent("TANDON RAVENA", true): Text 'TANDON RAVENA' is present on page  using regular expression

2022-05-11 19:44:49 - [MESSAGE][PASSED] - Text 'TANDON RAVENA' is present on page  using regular expression

2022-05-11 19:44:49 - [TEST_STEP][PASSED] - verifyTextPresent("Address Line 1", true): Text 'Address Line 1' is present on page  using regular expression

2022-05-11 19:44:49 - [MESSAGE][PASSED] - Text 'Address Line 1' is present on page  using regular expression

2022-05-11 19:44:49 - [TEST_STEP][PASSED] - verifyTextPresent("Address Line 2", true): Text 'Address Line 2' is present on page  using regular expression

2022-05-11 19:44:49 - [MESSAGE][PASSED] - Text 'Address Line 2' is present on page  using regular expression

2022-05-11 19:44:49 - [TEST_STEP][PASSED] - verifyTextPresent("Country", true): Text 'Country' is present on page  using regular expression

2022-05-11 19:44:50 - [MESSAGE][PASSED] - Text 'Country' is present on page  using regular expression

2022-05-11 19:44:50 - [TEST_STEP][PASSED] - verifyTextPresent("City", true): Text 'City' is present on page  using regular expression

2022-05-11 19:44:50 - [MESSAGE][PASSED] - Text 'City' is present on page  using regular expression

2022-05-11 19:44:50 - [TEST_STEP][PASSED] - verifyTextPresent("State", true): Text 'State' is present on page  using regular expression

2022-05-11 19:44:50 - [MESSAGE][PASSED] - Text 'State' is present on page  using regular expression

2022-05-11 19:44:50 - [TEST_STEP][PASSED] - verifyTextPresent("ZIP Code", true): Text 'ZIP Code' is present on page  using regular expression

2022-05-11 19:44:51 - [MESSAGE][PASSED] - Text 'ZIP Code' is present on page  using regular expression

2022-05-11 19:44:51 - [TEST_STEP][PASSED] - verifyTextPresent("248 PhoolKaante road", true): Text '248 PhoolKaante road' is present on page  using regular expression

2022-05-11 19:44:51 - [MESSAGE][PASSED] - Text '248 PhoolKaante road' is present on page  using regular expression

2022-05-11 19:44:51 - [TEST_STEP][PASSED] - verifyTextPresent("Suite 678", true): Text 'Suite 678' is present on page  using regular expression

2022-05-11 19:44:51 - [MESSAGE][PASSED] - Text 'Suite 678' is present on page  using regular expression

2022-05-11 19:44:51 - [TEST_STEP][PASSED] - verifyTextPresent("United States", true): Text 'United States' is present on page  using regular expression

2022-05-11 19:44:52 - [MESSAGE][PASSED] - Text 'United States' is present on page  using regular expression

2022-05-11 19:44:52 - [TEST_STEP][PASSED] - verifyTextPresent("ARLINGTON", true): Text 'ARLINGTON' is present on page  using regular expression

2022-05-11 19:44:52 - [MESSAGE][PASSED] - Text 'ARLINGTON' is present on page  using regular expression

2022-05-11 19:44:52 - [TEST_STEP][PASSED] - verifyTextPresent("VA", true): Text 'VA' is present on page  using regular expression

2022-05-11 19:44:52 - [MESSAGE][PASSED] - Text 'VA' is present on page  using regular expression

2022-05-11 19:44:52 - [TEST_STEP][PASSED] - verifyTextPresent("22201", true): Text '22201' is present on page  using regular expression

2022-05-11 19:44:53 - [MESSAGE][PASSED] - Text '22201' is present on page  using regular expression

2022-05-11 19:44:53 - [TEST_STEP][PASSED] - cardTypeV = findTestData(dataFile).getValue("CardType", row): null

2022-05-11 19:44:53 - [TEST_STEP][PASSED] - last4V = findTestData(dataFile).getValue("Last4", row): null

2022-05-11 19:44:53 - [TEST_STEP][PASSED] - verifyTextPresent(cardTypeV, true): Text 'Visa' is present on page  using regular expression

2022-05-11 19:44:53 - [MESSAGE][PASSED] - Text 'Visa' is present on page  using regular expression

2022-05-11 19:44:53 - [TEST_STEP][PASSED] - verifyTextPresent(last4V, true): Text '5439' is present on page  using regular expression

2022-05-11 19:44:53 - [MESSAGE][PASSED] - Text '5439' is present on page  using regular expression

2022-05-11 19:44:53 - [TEST_STEP][PASSED] - switch (appName): null

2022-05-11 19:44:53 - [TEST_STEP][PASSED] - closeBrowser(): Browser is closed

2022-05-11 19:44:54 - [MESSAGE][PASSED] - Browser is closed

2022-05-11 19:44:54 - [TEST_STEP][PASSED] - ExecuteTC = findTestData(dataFile).getValue("Execute", row): null

2022-05-11 19:44:54 - [TEST_STEP][PASSED] - out.println("Value of Execute is : " + ExecuteTC): null

2022-05-11 19:44:54 - [TEST_STEP][PASSED] - switch (executionProfile): null

2022-05-11 19:44:54 - [TEST_STEP][PASSED] - case "QAProfile":: null

2022-05-11 19:44:54 - [TEST_STEP][PASSED] - appName = findTestData(dataFile).getValue("AppNameQA", row): null

2022-05-11 19:44:54 - [TEST_STEP][PASSED] - appID = findTestData(dataFile).getValue("AppIDQA", row): null

2022-05-11 19:44:54 - [TEST_STEP][PASSED] - break: null

2022-05-11 19:44:54 - [TEST_STEP][PASSED] - if (ExecuteTC.equalsIgnoreCase("Y")): null

2022-05-11 19:44:54 - [TEST_STEP][PASSED] - closeBrowser(): Browser is closed

2022-05-11 19:44:54 - [MESSAGE][PASSED] - Browser is closed

2022-05-11 19:44:54 - [TEST_STEP][PASSED] - ExecuteTC = findTestData(dataFile).getValue("Execute", row): null

2022-05-11 19:44:54 - [TEST_STEP][PASSED] - out.println("Value of Execute is : " + ExecuteTC): null

2022-05-11 19:44:54 - [TEST_STEP][PASSED] - switch (executionProfile): null

2022-05-11 19:44:54 - [TEST_STEP][PASSED] - case "QAProfile":: null

2022-05-11 19:44:54 - [TEST_STEP][PASSED] - appName = findTestData(dataFile).getValue("AppNameQA", row): null

2022-05-11 19:44:54 - [TEST_STEP][PASSED] - appID = findTestData(dataFile).getValue("AppIDQA", row): null

2022-05-11 19:44:54 - [TEST_STEP][PASSED] - break: null

2022-05-11 19:44:54 - [TEST_STEP][PASSED] - if (ExecuteTC.equalsIgnoreCase("Y")): null

2022-05-11 19:44:54 - [TEST_STEP][PASSED] - closeBrowser(): Browser is closed

2022-05-11 19:44:54 - [MESSAGE][PASSED] - Browser is closed

2022-05-11 19:44:54 - [TEST_STEP][PASSED] - ExecuteTC = findTestData(dataFile).getValue("Execute", row): null

2022-05-11 19:44:54 - [TEST_STEP][PASSED] - out.println("Value of Execute is : " + ExecuteTC): null

2022-05-11 19:44:54 - [TEST_STEP][PASSED] - switch (executionProfile): null

2022-05-11 19:44:54 - [TEST_STEP][PASSED] - case "QAProfile":: null

2022-05-11 19:44:54 - [TEST_STEP][PASSED] - appName = findTestData(dataFile).getValue("AppNameQA", row): null

2022-05-11 19:44:54 - [TEST_STEP][PASSED] - appID = findTestData(dataFile).getValue("AppIDQA", row): null

2022-05-11 19:44:54 - [TEST_STEP][PASSED] - break: null

2022-05-11 19:44:54 - [TEST_STEP][PASSED] - if (ExecuteTC.equalsIgnoreCase("Y")): null

2022-05-11 19:44:54 - [TEST_STEP][PASSED] - closeBrowser(): Browser is closed

2022-05-11 19:44:54 - [MESSAGE][PASSED] - Browser is closed

2022-05-11 19:44:54 - [TEST_STEP][PASSED] - ExecuteTC = findTestData(dataFile).getValue("Execute", row): null

2022-05-11 19:44:55 - [TEST_STEP][PASSED] - out.println("Value of Execute is : " + ExecuteTC): null

2022-05-11 19:44:55 - [TEST_STEP][PASSED] - switch (executionProfile): null

2022-05-11 19:44:55 - [TEST_STEP][PASSED] - case "QAProfile":: null

2022-05-11 19:44:55 - [TEST_STEP][PASSED] - appName = findTestData(dataFile).getValue("AppNameQA", row): null

2022-05-11 19:44:55 - [TEST_STEP][PASSED] - appID = findTestData(dataFile).getValue("AppIDQA", row): null

2022-05-11 19:44:55 - [TEST_STEP][PASSED] - break: null

2022-05-11 19:44:55 - [TEST_STEP][PASSED] - if (ExecuteTC.equalsIgnoreCase("Y")): null

2022-05-11 19:44:55 - [TEST_STEP][PASSED] - closeBrowser(): Browser is closed

2022-05-11 19:44:55 - [MESSAGE][PASSED] - Browser is closed

2022-05-11 19:44:55 - [TEST_STEP][PASSED] - ExecuteTC = findTestData(dataFile).getValue("Execute", row): null

2022-05-11 19:44:55 - [TEST_STEP][PASSED] - out.println("Value of Execute is : " + ExecuteTC): null

2022-05-11 19:44:55 - [TEST_STEP][PASSED] - switch (executionProfile): null

2022-05-11 19:44:55 - [TEST_STEP][PASSED] - case "QAProfile":: null

2022-05-11 19:44:55 - [TEST_STEP][PASSED] - appName = findTestData(dataFile).getValue("AppNameQA", row): null

2022-05-11 19:44:55 - [TEST_STEP][PASSED] - appID = findTestData(dataFile).getValue("AppIDQA", row): null

2022-05-11 19:44:55 - [TEST_STEP][PASSED] - break: null

2022-05-11 19:44:55 - [TEST_STEP][PASSED] - if (ExecuteTC.equalsIgnoreCase("Y")): null

2022-05-11 19:44:55 - [TEST_STEP][PASSED] - closeBrowser(): Browser is closed

2022-05-11 19:44:55 - [MESSAGE][PASSED] - Browser is closed

2022-05-11 19:44:55 - [TEST_STEP][PASSED] - ExecuteTC = findTestData(dataFile).getValue("Execute", row): null

2022-05-11 19:44:55 - [TEST_STEP][PASSED] - out.println("Value of Execute is : " + ExecuteTC): null

2022-05-11 19:44:55 - [TEST_STEP][PASSED] - switch (executionProfile): null

2022-05-11 19:44:55 - [TEST_STEP][PASSED] - case "QAProfile":: null

2022-05-11 19:44:55 - [TEST_STEP][PASSED] - appName = findTestData(dataFile).getValue("AppNameQA", row): null

2022-05-11 19:44:55 - [TEST_STEP][PASSED] - appID = findTestData(dataFile).getValue("AppIDQA", row): null

2022-05-11 19:44:55 - [TEST_STEP][PASSED] - break: null

2022-05-11 19:44:55 - [TEST_STEP][PASSED] - if (ExecuteTC.equalsIgnoreCase("Y")): null

2022-05-11 19:44:55 - [TEST_STEP][PASSED] - closeBrowser(): Browser is closed

2022-05-11 19:44:55 - [MESSAGE][PASSED] - Browser is closed

2022-05-11 19:44:55 - [TEST_STEP][PASSED] - ExecuteTC = findTestData(dataFile).getValue("Execute", row): null

2022-05-11 19:44:55 - [TEST_STEP][PASSED] - out.println("Value of Execute is : " + ExecuteTC): null

2022-05-11 19:44:55 - [TEST_STEP][PASSED] - switch (executionProfile): null

2022-05-11 19:44:55 - [TEST_STEP][PASSED] - case "QAProfile":: null

2022-05-11 19:44:55 - [TEST_STEP][PASSED] - appName = findTestData(dataFile).getValue("AppNameQA", row): null

2022-05-11 19:44:55 - [TEST_STEP][PASSED] - appID = findTestData(dataFile).getValue("AppIDQA", row): null

2022-05-11 19:44:55 - [TEST_STEP][PASSED] - break: null

2022-05-11 19:44:55 - [TEST_STEP][PASSED] - if (ExecuteTC.equalsIgnoreCase("Y")): null

2022-05-11 19:44:55 - [TEST_STEP][PASSED] - closeBrowser(): Browser is closed

2022-05-11 19:44:55 - [MESSAGE][PASSED] - Browser is closed

2022-05-11 19:44:55 - [TEST_STEP][PASSED] - ExecuteTC = findTestData(dataFile).getValue("Execute", row): null

2022-05-11 19:44:55 - [TEST_STEP][PASSED] - out.println("Value of Execute is : " + ExecuteTC): null

2022-05-11 19:44:55 - [TEST_STEP][PASSED] - switch (executionProfile): null

2022-05-11 19:44:55 - [TEST_STEP][PASSED] - case "QAProfile":: null

2022-05-11 19:44:55 - [TEST_STEP][PASSED] - appName = findTestData(dataFile).getValue("AppNameQA", row): null

2022-05-11 19:44:55 - [TEST_STEP][PASSED] - appID = findTestData(dataFile).getValue("AppIDQA", row): null

2022-05-11 19:44:55 - [TEST_STEP][PASSED] - break: null

2022-05-11 19:44:55 - [TEST_STEP][PASSED] - if (ExecuteTC.equalsIgnoreCase("Y")): null

2022-05-11 19:44:55 - [TEST_STEP][PASSED] - out.println("Begin Record Number: " + row): null

2022-05-11 19:44:55 - [TEST_STEP][PASSED] - today = new java.util.Date(): null

2022-05-11 19:44:55 - [TEST_STEP][PASSED] - println(today): null

2022-05-11 19:44:55 - [TEST_STEP][PASSED] - datText = today: null

2022-05-11 19:44:55 - [TEST_STEP][PASSED] - adminSuiteBootstrap.loginFunctionality.login_AdminSuite(): adminSuiteBootstrap.loginFunctionality.login_AdminSuite is PASSED

2022-05-11 19:44:55 - [MESSAGE][INFO] - Starting 'Chrome' driver

2022-05-11 19:44:55 - [MESSAGE][INFO] - User set preference: ['acceptInsecureCerts', 'true']

2022-05-11 19:44:55 - [MESSAGE][INFO] - Action delay is set to 0 milliseconds

2022-05-11 19:44:58 - [MESSAGE][PASSED] - Browser is opened with url: 'https://qa.velocitypayment.com/admin/imtiaz'

2022-05-11 19:44:58 - [MESSAGE][PASSED] - Current window maximized

2022-05-11 19:44:58 - [MESSAGE][PASSED] - Object 'Object Repository/Login_Page/Login_Username' is present

2022-05-11 19:44:59 - [MESSAGE][PASSED] - Text 'iahmed' is set on object 'Object Repository/Login_Page/Login_Username'

2022-05-11 19:45:00 - [MESSAGE][PASSED] - Text 'hello2222' is set on object 'Object Repository/Login_Page/Login_Password'

2022-05-11 19:45:03 - [MESSAGE][PASSED] - Object: 'Object Repository/Login_Page/Login_Submit' is clicked on

2022-05-11 19:45:03 - [MESSAGE][PASSED] - adminSuiteBootstrap.loginFunctionality.login_AdminSuite is PASSED

2022-05-11 19:45:03 - [TEST_STEP][PASSED] - click(findTestObject(path_Dashboard + appName)): Object: 'Object Repository/AdminSuiteBootstrap_Pages/Dashboard_Bootstrap/a_Access AutoSingleCFtpQA' is clicked on

2022-05-11 19:45:04 - [MESSAGE][PASSED] - Object: 'Object Repository/AdminSuiteBootstrap_Pages/Dashboard_Bootstrap/a_Access AutoSingleCFtpQA' is clicked on

2022-05-11 19:45:04 - [TEST_STEP][PASSED] - click(findTestObject(path_VT + "a_Find Profile")): Object: 'Object Repository/AdminSuiteBootstrap_Pages/VT_Bootstrap/IssueTransactions/a_Find Profile' is clicked on

2022-05-11 19:45:04 - [MESSAGE][PASSED] - Object: 'Object Repository/AdminSuiteBootstrap_Pages/VT_Bootstrap/IssueTransactions/a_Find Profile' is clicked on

2022-05-11 19:45:04 - [TEST_STEP][PASSED] - criteria = <not implemented yet for class: org.codehaus.groovy.ast.expr.EmptyExpression>: null

2022-05-11 19:45:04 - [TEST_STEP][PASSED] - searchBy = <not implemented yet for class: org.codehaus.groovy.ast.expr.EmptyExpression>: null

2022-05-11 19:45:04 - [TEST_STEP][PASSED] - criteria = findTestData(dataFile).getValue("ProfileName", row): null

2022-05-11 19:45:04 - [TEST_STEP][PASSED] - path_SearchProfile = "Object Repository/AdminSuiteBootstrap_Pages/VSP_Bootstrap/SearchProfile/": null

2022-05-11 19:45:04 - [TEST_STEP][PASSED] - setText(findTestObject(path_SearchProfile + "input_Criteria"), criteria): Text 'PaymentsVisa' is set on object 'Object Repository/AdminSuiteBootstrap_Pages/VSP_Bootstrap/SearchProfile/input_Criteria'

2022-05-11 19:45:05 - [MESSAGE][PASSED] - Text 'PaymentsVisa' is set on object 'Object Repository/AdminSuiteBootstrap_Pages/VSP_Bootstrap/SearchProfile/input_Criteria'

2022-05-11 19:45:05 - [TEST_STEP][PASSED] - click(findTestObject(path_SearchProfile + "button_Search")): Object: 'Object Repository/AdminSuiteBootstrap_Pages/VSP_Bootstrap/SearchProfile/button_Search' is clicked on

2022-05-11 19:45:06 - [MESSAGE][PASSED] - Object: 'Object Repository/AdminSuiteBootstrap_Pages/VSP_Bootstrap/SearchProfile/button_Search' is clicked on

2022-05-11 19:45:06 - [TEST_STEP][PASSED] - profNameLink = findTestData(dataFile).getValue("ProfileNameLink", row): null

2022-05-11 19:45:06 - [TEST_STEP][PASSED] - click(findTestObject(path_ViewProfile + profNameLink)): Object: 'Object Repository/AdminSuiteBootstrap_Pages/VSP_Bootstrap/View Profile/a_PaymentsVisa' is clicked on

2022-05-11 19:45:07 - [MESSAGE][PASSED] - Object: 'Object Repository/AdminSuiteBootstrap_Pages/VSP_Bootstrap/View Profile/a_PaymentsVisa' is clicked on

2022-05-11 19:45:07 - [TEST_STEP][PASSED] - click(findTestObject(path_ViewProfile + "a_Auth")): Object: 'Object Repository/AdminSuiteBootstrap_Pages/VSP_Bootstrap/View Profile/a_Auth' is clicked on

2022-05-11 19:45:09 - [MESSAGE][PASSED] - Object: 'Object Repository/AdminSuiteBootstrap_Pages/VSP_Bootstrap/View Profile/a_Auth' is clicked on

2022-05-11 19:45:09 - [TEST_STEP][PASSED] - verifyTextPresent("Credit Card Authorization", true): Text 'Credit Card Authorization' is present on page  using regular expression

2022-05-11 19:45:09 - [MESSAGE][PASSED] - Text 'Credit Card Authorization' is present on page  using regular expression

2022-05-11 19:45:09 - [TEST_STEP][PASSED] - verifyTextPresent("Required fields are highlighted with an asterisk", true): Text 'Required fields are highlighted with an asterisk' is present on page  using regular expression

2022-05-11 19:45:10 - [MESSAGE][PASSED] - Text 'Required fields are highlighted with an asterisk' is present on page  using regular expression

2022-05-11 19:45:10 - [TEST_STEP][PASSED] - verifyTextPresent("Remittance ID", true): Text 'Remittance ID' is present on page  using regular expression

2022-05-11 19:45:10 - [MESSAGE][PASSED] - Text 'Remittance ID' is present on page  using regular expression

2022-05-11 19:45:10 - [TEST_STEP][PASSED] - vspBootstrap.SalePage.setDataSaleAndAuth(row, dataFile): vspBootstrap.SalePage.setDataSaleAndAuth is PASSED

2022-05-11 19:45:11 - [MESSAGE][PASSED] - All options with value 'MOTO' are selected in object 'Object Repository/AdminSuiteBootstrap_Pages/VSP_Bootstrap/VSP_Authcap/select_TransactionCategory'  using regular expression

2022-05-11 19:45:12 - [MESSAGE][PASSED] - Text '123' is set on object 'Object Repository/AdminSuiteBootstrap_Pages/VSP_Bootstrap/VSP_Authcap/input_cvv'

2022-05-11 19:45:13 - [MESSAGE][PASSED] - Text '' is set on object 'Object Repository/AdminSuiteBootstrap_Pages/VSP_Bootstrap/VSP_Authcap/input_smsNumber'

2022-05-11 19:45:14 - [MESSAGE][PASSED] - Text '2.50' is set on object 'Object Repository/AdminSuiteBootstrap_Pages/VSP_Bootstrap/VSP_Authcap/input_amount'

2022-05-11 19:45:15 - [MESSAGE][PASSED] - Text 'Delhi' is set on object 'Object Repository/AdminSuiteBootstrap_Pages/VSP_Bootstrap/VSP_Authcap/input_userDefined1'

2022-05-11 19:45:16 - [MESSAGE][PASSED] - Text 'Chennai' is set on object 'Object Repository/AdminSuiteBootstrap_Pages/VSP_Bootstrap/VSP_Authcap/input_userDefined2'

2022-05-11 19:45:16 - [MESSAGE][PASSED] - Text 'Mumbai' is set on object 'Object Repository/AdminSuiteBootstrap_Pages/VSP_Bootstrap/VSP_Authcap/input_userDefined3'

2022-05-11 19:45:17 - [MESSAGE][PASSED] - Text 'Kanpur' is set on object 'Object Repository/AdminSuiteBootstrap_Pages/VSP_Bootstrap/VSP_Authcap/input_userDefined4'

2022-05-11 19:45:18 - [MESSAGE][PASSED] - All options with label 'Orange' are selected in object 'Object Repository/AdminSuiteBootstrap_Pages/VSP_Bootstrap/VSP_Authcap/select_UDF5'  using regular expression

2022-05-11 19:45:19 - [MESSAGE][PASSED] - All options with label 'Yellow' are selected in object 'Object Repository/AdminSuiteBootstrap_Pages/VSP_Bootstrap/VSP_Authcap/select_UDF6'  using regular expression

2022-05-11 19:45:19 - [MESSAGE][PASSED] - Text 'Kolkata' is set on object 'Object Repository/AdminSuiteBootstrap_Pages/VSP_Bootstrap/VSP_Authcap/input_userDefined7'

2022-05-11 19:45:20 - [MESSAGE][PASSED] - Text 'Pune' is set on object 'Object Repository/AdminSuiteBootstrap_Pages/VSP_Bootstrap/VSP_Authcap/input_userDefined8'

2022-05-11 19:45:21 - [MESSAGE][PASSED] - Text 'Bhavnagar' is set on object 'Object Repository/AdminSuiteBootstrap_Pages/VSP_Bootstrap/VSP_Authcap/input_userDefined9'

2022-05-11 19:45:22 - [MESSAGE][PASSED] - Text 'Noida' is set on object 'Object Repository/AdminSuiteBootstrap_Pages/VSP_Bootstrap/VSP_Authcap/input_userDefined10'

2022-05-11 19:45:24 - [MESSAGE][PASSED] - Object: 'Object Repository/AdminSuiteBootstrap_Pages/VSP_Bootstrap/VSP_Authcap/button_Submit' is clicked on

2022-05-11 19:45:24 - [MESSAGE][PASSED] - vspBootstrap.SalePage.setDataSaleAndAuth is PASSED

2022-05-11 19:45:24 - [TEST_STEP][PASSED] - verifyTextPresent("Transaction Successful", true): Text 'Transaction Successful' is present on page  using regular expression

2022-05-11 19:45:25 - [MESSAGE][PASSED] - Text 'Transaction Successful' is present on page  using regular expression

2022-05-11 19:45:25 - [TEST_STEP][PASSED] - verifyElementVisible(findTestObject("Object Repository/AdminSuiteBootstrap_Pages/VT_Bootstrap/Receipt/button_Continue")): Object 'Object Repository/AdminSuiteBootstrap_Pages/VT_Bootstrap/Receipt/button_Continue' is visible

2022-05-11 19:45:25 - [MESSAGE][PASSED] - Object 'Object Repository/AdminSuiteBootstrap_Pages/VT_Bootstrap/Receipt/button_Continue' is visible

2022-05-11 19:45:25 - [TEST_STEP][PASSED] - verifyElementPresent(findTestObject("Object Repository/AdminSuiteBootstrap_Pages/VT_Bootstrap/Receipt/button_Continue"), 20): Object 'Object Repository/AdminSuiteBootstrap_Pages/VT_Bootstrap/Receipt/button_Continue' is present

2022-05-11 19:45:25 - [MESSAGE][PASSED] - Object 'Object Repository/AdminSuiteBootstrap_Pages/VT_Bootstrap/Receipt/button_Continue' is present

2022-05-11 19:45:25 - [TEST_STEP][PASSED] - verifyElementVisible(findTestObject("Object Repository/AdminSuiteBootstrap_Pages/VT_Bootstrap/Receipt/button_Print")): Object 'Object Repository/AdminSuiteBootstrap_Pages/VT_Bootstrap/Receipt/button_Print' is visible

2022-05-11 19:45:26 - [MESSAGE][PASSED] - Object 'Object Repository/AdminSuiteBootstrap_Pages/VT_Bootstrap/Receipt/button_Print' is visible

2022-05-11 19:45:26 - [TEST_STEP][PASSED] - verifyElementPresent(findTestObject("Object Repository/AdminSuiteBootstrap_Pages/VT_Bootstrap/Receipt/button_Print"), 20): Object 'Object Repository/AdminSuiteBootstrap_Pages/VT_Bootstrap/Receipt/button_Print' is present

2022-05-11 19:45:26 - [MESSAGE][PASSED] - Object 'Object Repository/AdminSuiteBootstrap_Pages/VT_Bootstrap/Receipt/button_Print' is present

2022-05-11 19:45:26 - [TEST_STEP][PASSED] - verifyTextPresent("Remittance ID", true): Text 'Remittance ID' is present on page  using regular expression

2022-05-11 19:45:26 - [MESSAGE][PASSED] - Text 'Remittance ID' is present on page  using regular expression

2022-05-11 19:45:26 - [TEST_STEP][PASSED] - verifyTextPresent("Received", true): Text 'Received' is present on page  using regular expression

2022-05-11 19:45:27 - [MESSAGE][PASSED] - Text 'Received' is present on page  using regular expression

2022-05-11 19:45:27 - [TEST_STEP][PASSED] - verifyTextPresent("UDF1", true): Text 'UDF1' is present on page  using regular expression

2022-05-11 19:45:27 - [MESSAGE][PASSED] - Text 'UDF1' is present on page  using regular expression

2022-05-11 19:45:27 - [TEST_STEP][PASSED] - verifyTextPresent("UDF2", true): Text 'UDF2' is present on page  using regular expression

2022-05-11 19:45:27 - [MESSAGE][PASSED] - Text 'UDF2' is present on page  using regular expression

2022-05-11 19:45:27 - [TEST_STEP][PASSED] - verifyTextPresent("UDF3", true): Text 'UDF3' is present on page  using regular expression

2022-05-11 19:45:28 - [MESSAGE][PASSED] - Text 'UDF3' is present on page  using regular expression

2022-05-11 19:45:28 - [TEST_STEP][PASSED] - verifyTextPresent("UDF4", true): Text 'UDF4' is present on page  using regular expression

2022-05-11 19:45:28 - [MESSAGE][PASSED] - Text 'UDF4' is present on page  using regular expression

2022-05-11 19:45:28 - [TEST_STEP][PASSED] - verifyTextPresent("UDF5", true): Text 'UDF5' is present on page  using regular expression

2022-05-11 19:45:28 - [MESSAGE][PASSED] - Text 'UDF5' is present on page  using regular expression

2022-05-11 19:45:28 - [TEST_STEP][PASSED] - verifyTextPresent("UDF6", true): Text 'UDF6' is present on page  using regular expression

2022-05-11 19:45:29 - [MESSAGE][PASSED] - Text 'UDF6' is present on page  using regular expression

2022-05-11 19:45:29 - [TEST_STEP][PASSED] - verifyTextPresent("UDF7", true): Text 'UDF7' is present on page  using regular expression

2022-05-11 19:45:29 - [MESSAGE][PASSED] - Text 'UDF7' is present on page  using regular expression

2022-05-11 19:45:29 - [TEST_STEP][PASSED] - verifyTextPresent("UDF8", true): Text 'UDF8' is present on page  using regular expression

2022-05-11 19:45:29 - [MESSAGE][PASSED] - Text 'UDF8' is present on page  using regular expression

2022-05-11 19:45:29 - [TEST_STEP][PASSED] - verifyTextPresent("UDF9", true): Text 'UDF9' is present on page  using regular expression

2022-05-11 19:45:30 - [MESSAGE][PASSED] - Text 'UDF9' is present on page  using regular expression

2022-05-11 19:45:30 - [TEST_STEP][PASSED] - verifyTextPresent("UDF 10", true): Text 'UDF 10' is present on page  using regular expression

2022-05-11 19:45:30 - [MESSAGE][PASSED] - Text 'UDF 10' is present on page  using regular expression

2022-05-11 19:45:30 - [TEST_STEP][PASSED] - verifyTextPresent("Delhi", true): Text 'Delhi' is present on page  using regular expression

2022-05-11 19:45:30 - [MESSAGE][PASSED] - Text 'Delhi' is present on page  using regular expression

2022-05-11 19:45:30 - [TEST_STEP][PASSED] - verifyTextPresent("Chennai", true): Text 'Chennai' is present on page  using regular expression

2022-05-11 19:45:31 - [MESSAGE][PASSED] - Text 'Chennai' is present on page  using regular expression

2022-05-11 19:45:31 - [TEST_STEP][PASSED] - verifyTextPresent("Mumbai", true): Text 'Mumbai' is present on page  using regular expression

2022-05-11 19:45:31 - [MESSAGE][PASSED] - Text 'Mumbai' is present on page  using regular expression

2022-05-11 19:45:31 - [TEST_STEP][PASSED] - verifyTextPresent("Kanpur", true): Text 'Kanpur' is present on page  using regular expression

2022-05-11 19:45:31 - [MESSAGE][PASSED] - Text 'Kanpur' is present on page  using regular expression

2022-05-11 19:45:31 - [TEST_STEP][PASSED] - verifyTextPresent("Orange Recorded", true): Text 'Orange Recorded' is present on page  using regular expression

2022-05-11 19:45:32 - [MESSAGE][PASSED] - Text 'Orange Recorded' is present on page  using regular expression

2022-05-11 19:45:32 - [TEST_STEP][PASSED] - verifyTextPresent("Yellow Recorded", true): Text 'Yellow Recorded' is present on page  using regular expression

2022-05-11 19:45:32 - [MESSAGE][PASSED] - Text 'Yellow Recorded' is present on page  using regular expression

2022-05-11 19:45:32 - [TEST_STEP][PASSED] - verifyTextPresent("Kolkata", true): Text 'Kolkata' is present on page  using regular expression

2022-05-11 19:45:32 - [MESSAGE][PASSED] - Text 'Kolkata' is present on page  using regular expression

2022-05-11 19:45:32 - [TEST_STEP][PASSED] - verifyTextPresent("Pune", true): Text 'Pune' is present on page  using regular expression

2022-05-11 19:45:32 - [MESSAGE][PASSED] - Text 'Pune' is present on page  using regular expression

2022-05-11 19:45:32 - [TEST_STEP][PASSED] - verifyTextPresent("Bhavnagar", true): Text 'Bhavnagar' is present on page  using regular expression

2022-05-11 19:45:33 - [MESSAGE][PASSED] - Text 'Bhavnagar' is present on page  using regular expression

2022-05-11 19:45:33 - [TEST_STEP][PASSED] - verifyTextPresent("Noida", true): Text 'Noida' is present on page  using regular expression

2022-05-11 19:45:33 - [MESSAGE][PASSED] - Text 'Noida' is present on page  using regular expression

2022-05-11 19:45:33 - [TEST_STEP][PASSED] - verifyTextPresent("Amount", true): Text 'Amount' is present on page  using regular expression

2022-05-11 19:45:33 - [MESSAGE][PASSED] - Text 'Amount' is present on page  using regular expression

2022-05-11 19:45:33 - [TEST_STEP][PASSED] - verifyTextPresent("2.50", true): Text '2.50' is present on page  using regular expression

2022-05-11 19:45:34 - [MESSAGE][PASSED] - Text '2.50' is present on page  using regular expression

2022-05-11 19:45:34 - [TEST_STEP][PASSED] - verifyTextPresent("Authorization", true): Text 'Authorization' is present on page  using regular expression

2022-05-11 19:45:34 - [MESSAGE][PASSED] - Text 'Authorization' is present on page  using regular expression

2022-05-11 19:45:34 - [TEST_STEP][PASSED] - verifyTextPresent("Card Information", true): Text 'Card Information' is present on page  using regular expression

2022-05-11 19:45:34 - [MESSAGE][PASSED] - Text 'Card Information' is present on page  using regular expression

2022-05-11 19:45:34 - [TEST_STEP][PASSED] - verifyTextPresent("TANDON RAVENA", true): Text 'TANDON RAVENA' is present on page  using regular expression

2022-05-11 19:45:35 - [MESSAGE][PASSED] - Text 'TANDON RAVENA' is present on page  using regular expression

2022-05-11 19:45:35 - [TEST_STEP][PASSED] - verifyTextPresent("Address Line 1", true): Text 'Address Line 1' is present on page  using regular expression

2022-05-11 19:45:35 - [MESSAGE][PASSED] - Text 'Address Line 1' is present on page  using regular expression

2022-05-11 19:45:35 - [TEST_STEP][PASSED] - verifyTextPresent("Address Line 2", true): Text 'Address Line 2' is present on page  using regular expression

2022-05-11 19:45:35 - [MESSAGE][PASSED] - Text 'Address Line 2' is present on page  using regular expression

2022-05-11 19:45:35 - [TEST_STEP][PASSED] - verifyTextPresent("Country", true): Text 'Country' is present on page  using regular expression

2022-05-11 19:45:36 - [MESSAGE][PASSED] - Text 'Country' is present on page  using regular expression

2022-05-11 19:45:36 - [TEST_STEP][PASSED] - verifyTextPresent("City", true): Text 'City' is present on page  using regular expression

2022-05-11 19:45:36 - [MESSAGE][PASSED] - Text 'City' is present on page  using regular expression

2022-05-11 19:45:36 - [TEST_STEP][PASSED] - verifyTextPresent("State", true): Text 'State' is present on page  using regular expression

2022-05-11 19:45:36 - [MESSAGE][PASSED] - Text 'State' is present on page  using regular expression

2022-05-11 19:45:36 - [TEST_STEP][PASSED] - verifyTextPresent("ZIP Code", true): Text 'ZIP Code' is present on page  using regular expression

2022-05-11 19:45:37 - [MESSAGE][PASSED] - Text 'ZIP Code' is present on page  using regular expression

2022-05-11 19:45:37 - [TEST_STEP][PASSED] - verifyTextPresent("248 PhoolKaante road", true): Text '248 PhoolKaante road' is present on page  using regular expression

2022-05-11 19:45:37 - [MESSAGE][PASSED] - Text '248 PhoolKaante road' is present on page  using regular expression

2022-05-11 19:45:37 - [TEST_STEP][PASSED] - verifyTextPresent("Suite 678", true): Text 'Suite 678' is present on page  using regular expression

2022-05-11 19:45:37 - [MESSAGE][PASSED] - Text 'Suite 678' is present on page  using regular expression

2022-05-11 19:45:37 - [TEST_STEP][PASSED] - verifyTextPresent("United States", true): Text 'United States' is present on page  using regular expression

2022-05-11 19:45:38 - [MESSAGE][PASSED] - Text 'United States' is present on page  using regular expression

2022-05-11 19:45:38 - [TEST_STEP][PASSED] - verifyTextPresent("ARLINGTON", true): Text 'ARLINGTON' is present on page  using regular expression

2022-05-11 19:45:38 - [MESSAGE][PASSED] - Text 'ARLINGTON' is present on page  using regular expression

2022-05-11 19:45:38 - [TEST_STEP][PASSED] - verifyTextPresent("VA", true): Text 'VA' is present on page  using regular expression

2022-05-11 19:45:38 - [MESSAGE][PASSED] - Text 'VA' is present on page  using regular expression

2022-05-11 19:45:38 - [TEST_STEP][PASSED] - verifyTextPresent("22201", true): Text '22201' is present on page  using regular expression

2022-05-11 19:45:39 - [MESSAGE][PASSED] - Text '22201' is present on page  using regular expression

2022-05-11 19:45:39 - [TEST_STEP][PASSED] - cardTypeV = findTestData(dataFile).getValue("CardType", row): null

2022-05-11 19:45:39 - [TEST_STEP][PASSED] - last4V = findTestData(dataFile).getValue("Last4", row): null

2022-05-11 19:45:39 - [TEST_STEP][PASSED] - verifyTextPresent(cardTypeV, true): Text 'Visa' is present on page  using regular expression

2022-05-11 19:45:39 - [MESSAGE][PASSED] - Text 'Visa' is present on page  using regular expression

2022-05-11 19:45:39 - [TEST_STEP][PASSED] - verifyTextPresent(last4V, true): Text '5439' is present on page  using regular expression

2022-05-11 19:45:39 - [MESSAGE][PASSED] - Text '5439' is present on page  using regular expression

2022-05-11 19:45:39 - [TEST_STEP][PASSED] - switch (appName): null

2022-05-11 19:45:39 - [TEST_STEP][PASSED] - case "a_Access AutoSingleCFtpQA":: null

2022-05-11 19:45:39 - [TEST_STEP][PASSED] - verifyTextPresent("5.00", true): Text '5.00' is present on page  using regular expression

2022-05-11 19:45:40 - [MESSAGE][PASSED] - Text '5.00' is present on page  using regular expression

2022-05-11 19:45:40 - [TEST_STEP][PASSED] - verifyTextPresent("Single Transaction", true): Text 'Single Transaction' is present on page  using regular expression

2022-05-11 19:45:40 - [MESSAGE][PASSED] - Text 'Single Transaction' is present on page  using regular expression

2022-05-11 19:45:40 - [TEST_STEP][PASSED] - verifyTextPresent("7.50", true): Text '7.50' is present on page  using regular expression

2022-05-11 19:45:40 - [MESSAGE][PASSED] - Text '7.50' is present on page  using regular expression

2022-05-11 19:45:40 - [TEST_STEP][PASSED] - verifyTextPresent("Total Amount", true): Text 'Total Amount' is present on page  using regular expression

2022-05-11 19:45:41 - [MESSAGE][PASSED] - Text 'Total Amount' is present on page  using regular expression

2022-05-11 19:45:41 - [TEST_STEP][PASSED] - verifyTextPresent("Transaction Type", true): Text 'Transaction Type' is present on page  using regular expression

2022-05-11 19:45:41 - [MESSAGE][PASSED] - Text 'Transaction Type' is present on page  using regular expression

2022-05-11 19:45:41 - [TEST_STEP][PASSED] - break: null

2022-05-11 19:45:41 - [TEST_STEP][PASSED] - closeBrowser(): Browser is closed

2022-05-11 19:45:42 - [MESSAGE][PASSED] - Browser is closed

2022-05-11 19:45:42 - [TEST_STEP][PASSED] - ExecuteTC = findTestData(dataFile).getValue("Execute", row): null

2022-05-11 19:45:42 - [TEST_STEP][PASSED] - out.println("Value of Execute is : " + ExecuteTC): null

2022-05-11 19:45:42 - [TEST_STEP][PASSED] - switch (executionProfile): null

2022-05-11 19:45:42 - [TEST_STEP][PASSED] - case "QAProfile":: null

2022-05-11 19:45:42 - [TEST_STEP][PASSED] - appName = findTestData(dataFile).getValue("AppNameQA", row): null

2022-05-11 19:45:42 - [TEST_STEP][PASSED] - appID = findTestData(dataFile).getValue("AppIDQA", row): null

2022-05-11 19:45:42 - [TEST_STEP][PASSED] - break: null

2022-05-11 19:45:42 - [TEST_STEP][PASSED] - if (ExecuteTC.equalsIgnoreCase("Y")): null

2022-05-11 19:45:42 - [TEST_STEP][PASSED] - closeBrowser(): Browser is closed

2022-05-11 19:45:42 - [MESSAGE][PASSED] - Browser is closed

2022-05-11 19:45:42 - [TEST_STEP][PASSED] - ExecuteTC = findTestData(dataFile).getValue("Execute", row): null

2022-05-11 19:45:42 - [TEST_STEP][PASSED] - out.println("Value of Execute is : " + ExecuteTC): null

2022-05-11 19:45:42 - [TEST_STEP][PASSED] - switch (executionProfile): null

2022-05-11 19:45:42 - [TEST_STEP][PASSED] - case "QAProfile":: null

2022-05-11 19:45:42 - [TEST_STEP][PASSED] - appName = findTestData(dataFile).getValue("AppNameQA", row): null

2022-05-11 19:45:42 - [TEST_STEP][PASSED] - appID = findTestData(dataFile).getValue("AppIDQA", row): null

2022-05-11 19:45:42 - [TEST_STEP][PASSED] - break: null

2022-05-11 19:45:42 - [TEST_STEP][PASSED] - if (ExecuteTC.equalsIgnoreCase("Y")): null

2022-05-11 19:45:42 - [TEST_STEP][PASSED] - closeBrowser(): Browser is closed

2022-05-11 19:45:42 - [MESSAGE][PASSED] - Browser is closed

2022-05-11 19:45:42 - [TEST_STEP][PASSED] - ExecuteTC = findTestData(dataFile).getValue("Execute", row): null

2022-05-11 19:45:42 - [TEST_STEP][PASSED] - out.println("Value of Execute is : " + ExecuteTC): null

2022-05-11 19:45:42 - [TEST_STEP][PASSED] - switch (executionProfile): null

2022-05-11 19:45:42 - [TEST_STEP][PASSED] - case "QAProfile":: null

2022-05-11 19:45:42 - [TEST_STEP][PASSED] - appName = findTestData(dataFile).getValue("AppNameQA", row): null

2022-05-11 19:45:42 - [TEST_STEP][PASSED] - appID = findTestData(dataFile).getValue("AppIDQA", row): null

2022-05-11 19:45:42 - [TEST_STEP][PASSED] - break: null

2022-05-11 19:45:42 - [TEST_STEP][PASSED] - if (ExecuteTC.equalsIgnoreCase("Y")): null

2022-05-11 19:45:42 - [TEST_STEP][PASSED] - closeBrowser(): Browser is closed

2022-05-11 19:45:42 - [MESSAGE][PASSED] - Browser is closed

2022-05-11 19:45:42 - [TEST_STEP][PASSED] - ExecuteTC = findTestData(dataFile).getValue("Execute", row): null

2022-05-11 19:45:42 - [TEST_STEP][PASSED] - out.println("Value of Execute is : " + ExecuteTC): null

2022-05-11 19:45:42 - [TEST_STEP][PASSED] - switch (executionProfile): null

2022-05-11 19:45:42 - [TEST_STEP][PASSED] - case "QAProfile":: null

2022-05-11 19:45:42 - [TEST_STEP][PASSED] - appName = findTestData(dataFile).getValue("AppNameQA", row): null

2022-05-11 19:45:42 - [TEST_STEP][PASSED] - appID = findTestData(dataFile).getValue("AppIDQA", row): null

2022-05-11 19:45:42 - [TEST_STEP][PASSED] - break: null

2022-05-11 19:45:42 - [TEST_STEP][PASSED] - if (ExecuteTC.equalsIgnoreCase("Y")): null

2022-05-11 19:45:42 - [TEST_STEP][PASSED] - closeBrowser(): Browser is closed

2022-05-11 19:45:42 - [MESSAGE][PASSED] - Browser is closed

2022-05-11 19:45:42 - [TEST_STEP][PASSED] - ExecuteTC = findTestData(dataFile).getValue("Execute", row): null

2022-05-11 19:45:42 - [TEST_STEP][PASSED] - out.println("Value of Execute is : " + ExecuteTC): null

2022-05-11 19:45:42 - [TEST_STEP][PASSED] - switch (executionProfile): null

2022-05-11 19:45:42 - [TEST_STEP][PASSED] - case "QAProfile":: null

2022-05-11 19:45:42 - [TEST_STEP][PASSED] - appName = findTestData(dataFile).getValue("AppNameQA", row): null

2022-05-11 19:45:42 - [TEST_STEP][PASSED] - appID = findTestData(dataFile).getValue("AppIDQA", row): null

2022-05-11 19:45:43 - [TEST_STEP][PASSED] - break: null

2022-05-11 19:45:43 - [TEST_STEP][PASSED] - if (ExecuteTC.equalsIgnoreCase("Y")): null

2022-05-11 19:45:43 - [TEST_STEP][PASSED] - closeBrowser(): Browser is closed

2022-05-11 19:45:43 - [MESSAGE][PASSED] - Browser is closed

2022-05-11 19:45:43 - [TEST_STEP][PASSED] - ExecuteTC = findTestData(dataFile).getValue("Execute", row): null

2022-05-11 19:45:43 - [TEST_STEP][PASSED] - out.println("Value of Execute is : " + ExecuteTC): null

2022-05-11 19:45:43 - [TEST_STEP][PASSED] - switch (executionProfile): null

2022-05-11 19:45:43 - [TEST_STEP][PASSED] - case "QAProfile":: null

2022-05-11 19:45:43 - [TEST_STEP][PASSED] - appName = findTestData(dataFile).getValue("AppNameQA", row): null

2022-05-11 19:45:43 - [TEST_STEP][PASSED] - appID = findTestData(dataFile).getValue("AppIDQA", row): null

2022-05-11 19:45:43 - [TEST_STEP][PASSED] - break: null

2022-05-11 19:45:43 - [TEST_STEP][PASSED] - if (ExecuteTC.equalsIgnoreCase("Y")): null

2022-05-11 19:45:43 - [TEST_STEP][PASSED] - closeBrowser(): Browser is closed

2022-05-11 19:45:43 - [MESSAGE][PASSED] - Browser is closed

2022-05-11 19:45:43 - [TEST_STEP][PASSED] - ExecuteTC = findTestData(dataFile).getValue("Execute", row): null

2022-05-11 19:45:43 - [TEST_STEP][PASSED] - out.println("Value of Execute is : " + ExecuteTC): null

2022-05-11 19:45:43 - [TEST_STEP][PASSED] - switch (executionProfile): null

2022-05-11 19:45:43 - [TEST_STEP][PASSED] - case "QAProfile":: null

2022-05-11 19:45:43 - [TEST_STEP][PASSED] - appName = findTestData(dataFile).getValue("AppNameQA", row): null

2022-05-11 19:45:43 - [TEST_STEP][PASSED] - appID = findTestData(dataFile).getValue("AppIDQA", row): null

2022-05-11 19:45:43 - [TEST_STEP][PASSED] - break: null

2022-05-11 19:45:43 - [TEST_STEP][PASSED] - if (ExecuteTC.equalsIgnoreCase("Y")): null

2022-05-11 19:45:43 - [TEST_STEP][PASSED] - closeBrowser(): Browser is closed

2022-05-11 19:45:43 - [MESSAGE][PASSED] - Browser is closed

2022-05-11 19:45:43 - [TEST_STEP][PASSED] - ExecuteTC = findTestData(dataFile).getValue("Execute", row): null

2022-05-11 19:45:43 - [TEST_STEP][PASSED] - out.println("Value of Execute is : " + ExecuteTC): null

2022-05-11 19:45:43 - [TEST_STEP][PASSED] - switch (executionProfile): null

2022-05-11 19:45:43 - [TEST_STEP][PASSED] - case "QAProfile":: null

2022-05-11 19:45:43 - [TEST_STEP][PASSED] - appName = findTestData(dataFile).getValue("AppNameQA", row): null

2022-05-11 19:45:43 - [TEST_STEP][PASSED] - appID = findTestData(dataFile).getValue("AppIDQA", row): null

2022-05-11 19:45:43 - [TEST_STEP][PASSED] - break: null

2022-05-11 19:45:43 - [TEST_STEP][PASSED] - if (ExecuteTC.equalsIgnoreCase("Y")): null

2022-05-11 19:45:43 - [TEST_STEP][PASSED] - out.println("Begin Record Number: " + row): null

2022-05-11 19:45:43 - [TEST_STEP][PASSED] - today = new java.util.Date(): null

2022-05-11 19:45:43 - [TEST_STEP][PASSED] - println(today): null

2022-05-11 19:45:43 - [TEST_STEP][PASSED] - datText = today: null

2022-05-11 19:45:43 - [TEST_STEP][PASSED] - adminSuiteBootstrap.loginFunctionality.login_AdminSuite(): adminSuiteBootstrap.loginFunctionality.login_AdminSuite is PASSED

2022-05-11 19:45:43 - [MESSAGE][INFO] - Starting 'Chrome' driver

2022-05-11 19:45:43 - [MESSAGE][INFO] - User set preference: ['acceptInsecureCerts', 'true']

2022-05-11 19:45:43 - [MESSAGE][INFO] - Action delay is set to 0 milliseconds

2022-05-11 19:45:46 - [MESSAGE][PASSED] - Browser is opened with url: 'https://qa.velocitypayment.com/admin/imtiaz'

2022-05-11 19:45:46 - [MESSAGE][PASSED] - Current window maximized

2022-05-11 19:45:47 - [MESSAGE][PASSED] - Object 'Object Repository/Login_Page/Login_Username' is present

2022-05-11 19:45:47 - [MESSAGE][PASSED] - Text 'iahmed' is set on object 'Object Repository/Login_Page/Login_Username'

2022-05-11 19:45:48 - [MESSAGE][PASSED] - Text 'hello2222' is set on object 'Object Repository/Login_Page/Login_Password'

2022-05-11 19:45:53 - [MESSAGE][PASSED] - Object: 'Object Repository/Login_Page/Login_Submit' is clicked on

2022-05-11 19:45:53 - [MESSAGE][PASSED] - adminSuiteBootstrap.loginFunctionality.login_AdminSuite is PASSED

2022-05-11 19:45:53 - [TEST_STEP][PASSED] - click(findTestObject(path_Dashboard + appName)): Object: 'Object Repository/AdminSuiteBootstrap_Pages/Dashboard_Bootstrap/a_Access AutoDualCFtpQA' is clicked on

2022-05-11 19:45:54 - [MESSAGE][PASSED] - Object: 'Object Repository/AdminSuiteBootstrap_Pages/Dashboard_Bootstrap/a_Access AutoDualCFtpQA' is clicked on

2022-05-11 19:45:54 - [TEST_STEP][PASSED] - click(findTestObject(path_VT + "a_Find Profile")): Object: 'Object Repository/AdminSuiteBootstrap_Pages/VT_Bootstrap/IssueTransactions/a_Find Profile' is clicked on

2022-05-11 19:45:54 - [MESSAGE][PASSED] - Object: 'Object Repository/AdminSuiteBootstrap_Pages/VT_Bootstrap/IssueTransactions/a_Find Profile' is clicked on

2022-05-11 19:45:54 - [TEST_STEP][PASSED] - criteria = <not implemented yet for class: org.codehaus.groovy.ast.expr.EmptyExpression>: null

2022-05-11 19:45:54 - [TEST_STEP][PASSED] - searchBy = <not implemented yet for class: org.codehaus.groovy.ast.expr.EmptyExpression>: null

2022-05-11 19:45:54 - [TEST_STEP][PASSED] - criteria = findTestData(dataFile).getValue("ProfileName", row): null

2022-05-11 19:45:54 - [TEST_STEP][PASSED] - path_SearchProfile = "Object Repository/AdminSuiteBootstrap_Pages/VSP_Bootstrap/SearchProfile/": null

2022-05-11 19:45:54 - [TEST_STEP][PASSED] - setText(findTestObject(path_SearchProfile + "input_Criteria"), criteria): Text 'PaymentsVisa' is set on object 'Object Repository/AdminSuiteBootstrap_Pages/VSP_Bootstrap/SearchProfile/input_Criteria'

2022-05-11 19:45:55 - [MESSAGE][PASSED] - Text 'PaymentsVisa' is set on object 'Object Repository/AdminSuiteBootstrap_Pages/VSP_Bootstrap/SearchProfile/input_Criteria'

2022-05-11 19:45:55 - [TEST_STEP][PASSED] - click(findTestObject(path_SearchProfile + "button_Search")): Object: 'Object Repository/AdminSuiteBootstrap_Pages/VSP_Bootstrap/SearchProfile/button_Search' is clicked on

2022-05-11 19:45:56 - [MESSAGE][PASSED] - Object: 'Object Repository/AdminSuiteBootstrap_Pages/VSP_Bootstrap/SearchProfile/button_Search' is clicked on

2022-05-11 19:45:56 - [TEST_STEP][PASSED] - profNameLink = findTestData(dataFile).getValue("ProfileNameLink", row): null

2022-05-11 19:45:56 - [TEST_STEP][PASSED] - click(findTestObject(path_ViewProfile + profNameLink)): Object: 'Object Repository/AdminSuiteBootstrap_Pages/VSP_Bootstrap/View Profile/a_PaymentsVisa' is clicked on

2022-05-11 19:45:58 - [MESSAGE][PASSED] - Object: 'Object Repository/AdminSuiteBootstrap_Pages/VSP_Bootstrap/View Profile/a_PaymentsVisa' is clicked on

2022-05-11 19:45:58 - [TEST_STEP][PASSED] - click(findTestObject(path_ViewProfile + "a_Auth")): Object: 'Object Repository/AdminSuiteBootstrap_Pages/VSP_Bootstrap/View Profile/a_Auth' is clicked on

2022-05-11 19:45:59 - [MESSAGE][PASSED] - Object: 'Object Repository/AdminSuiteBootstrap_Pages/VSP_Bootstrap/View Profile/a_Auth' is clicked on

2022-05-11 19:45:59 - [TEST_STEP][PASSED] - verifyTextPresent("Credit Card Authorization", true): Text 'Credit Card Authorization' is present on page  using regular expression

2022-05-11 19:46:00 - [MESSAGE][PASSED] - Text 'Credit Card Authorization' is present on page  using regular expression

2022-05-11 19:46:00 - [TEST_STEP][PASSED] - verifyTextPresent("Required fields are highlighted with an asterisk", true): Text 'Required fields are highlighted with an asterisk' is present on page  using regular expression

2022-05-11 19:46:00 - [MESSAGE][PASSED] - Text 'Required fields are highlighted with an asterisk' is present on page  using regular expression

2022-05-11 19:46:00 - [TEST_STEP][PASSED] - verifyTextPresent("Remittance ID", true): Text 'Remittance ID' is present on page  using regular expression

2022-05-11 19:46:01 - [MESSAGE][PASSED] - Text 'Remittance ID' is present on page  using regular expression

2022-05-11 19:46:01 - [TEST_STEP][PASSED] - vspBootstrap.SalePage.setDataSaleAndAuth(row, dataFile): vspBootstrap.SalePage.setDataSaleAndAuth is PASSED

2022-05-11 19:46:02 - [MESSAGE][PASSED] - All options with value 'MOTO' are selected in object 'Object Repository/AdminSuiteBootstrap_Pages/VSP_Bootstrap/VSP_Authcap/select_TransactionCategory'  using regular expression

2022-05-11 19:46:03 - [MESSAGE][PASSED] - Text '123' is set on object 'Object Repository/AdminSuiteBootstrap_Pages/VSP_Bootstrap/VSP_Authcap/input_cvv'

2022-05-11 19:46:03 - [MESSAGE][PASSED] - Text '' is set on object 'Object Repository/AdminSuiteBootstrap_Pages/VSP_Bootstrap/VSP_Authcap/input_smsNumber'

2022-05-11 19:46:04 - [MESSAGE][PASSED] - Text '2.50' is set on object 'Object Repository/AdminSuiteBootstrap_Pages/VSP_Bootstrap/VSP_Authcap/input_amount'

2022-05-11 19:46:05 - [MESSAGE][PASSED] - Text 'Delhi' is set on object 'Object Repository/AdminSuiteBootstrap_Pages/VSP_Bootstrap/VSP_Authcap/input_userDefined1'

2022-05-11 19:46:06 - [MESSAGE][PASSED] - Text 'Chennai' is set on object 'Object Repository/AdminSuiteBootstrap_Pages/VSP_Bootstrap/VSP_Authcap/input_userDefined2'

2022-05-11 19:46:07 - [MESSAGE][PASSED] - Text 'Mumbai' is set on object 'Object Repository/AdminSuiteBootstrap_Pages/VSP_Bootstrap/VSP_Authcap/input_userDefined3'

2022-05-11 19:46:07 - [MESSAGE][PASSED] - Text 'Kanpur' is set on object 'Object Repository/AdminSuiteBootstrap_Pages/VSP_Bootstrap/VSP_Authcap/input_userDefined4'

2022-05-11 19:46:08 - [MESSAGE][PASSED] - All options with label 'Orange' are selected in object 'Object Repository/AdminSuiteBootstrap_Pages/VSP_Bootstrap/VSP_Authcap/select_UDF5'  using regular expression

2022-05-11 19:46:09 - [MESSAGE][PASSED] - All options with label 'Yellow' are selected in object 'Object Repository/AdminSuiteBootstrap_Pages/VSP_Bootstrap/VSP_Authcap/select_UDF6'  using regular expression

2022-05-11 19:46:10 - [MESSAGE][PASSED] - Text 'Kolkata' is set on object 'Object Repository/AdminSuiteBootstrap_Pages/VSP_Bootstrap/VSP_Authcap/input_userDefined7'

2022-05-11 19:46:11 - [MESSAGE][PASSED] - Text 'Pune' is set on object 'Object Repository/AdminSuiteBootstrap_Pages/VSP_Bootstrap/VSP_Authcap/input_userDefined8'

2022-05-11 19:46:12 - [MESSAGE][PASSED] - Text 'Bhavnagar' is set on object 'Object Repository/AdminSuiteBootstrap_Pages/VSP_Bootstrap/VSP_Authcap/input_userDefined9'

2022-05-11 19:46:12 - [MESSAGE][PASSED] - Text 'Noida' is set on object 'Object Repository/AdminSuiteBootstrap_Pages/VSP_Bootstrap/VSP_Authcap/input_userDefined10'

2022-05-11 19:46:16 - [MESSAGE][PASSED] - Object: 'Object Repository/AdminSuiteBootstrap_Pages/VSP_Bootstrap/VSP_Authcap/button_Submit' is clicked on

2022-05-11 19:46:16 - [MESSAGE][PASSED] - vspBootstrap.SalePage.setDataSaleAndAuth is PASSED

2022-05-11 19:46:16 - [TEST_STEP][PASSED] - verifyTextPresent("Transaction Successful", true): Text 'Transaction Successful' is present on page  using regular expression

2022-05-11 19:46:16 - [MESSAGE][PASSED] - Text 'Transaction Successful' is present on page  using regular expression

2022-05-11 19:46:16 - [TEST_STEP][PASSED] - verifyElementVisible(findTestObject("Object Repository/AdminSuiteBootstrap_Pages/VT_Bootstrap/Receipt/button_Continue")): Object 'Object Repository/AdminSuiteBootstrap_Pages/VT_Bootstrap/Receipt/button_Continue' is visible

2022-05-11 19:46:17 - [MESSAGE][PASSED] - Object 'Object Repository/AdminSuiteBootstrap_Pages/VT_Bootstrap/Receipt/button_Continue' is visible

2022-05-11 19:46:17 - [TEST_STEP][PASSED] - verifyElementPresent(findTestObject("Object Repository/AdminSuiteBootstrap_Pages/VT_Bootstrap/Receipt/button_Continue"), 20): Object 'Object Repository/AdminSuiteBootstrap_Pages/VT_Bootstrap/Receipt/button_Continue' is present

2022-05-11 19:46:17 - [MESSAGE][PASSED] - Object 'Object Repository/AdminSuiteBootstrap_Pages/VT_Bootstrap/Receipt/button_Continue' is present

2022-05-11 19:46:17 - [TEST_STEP][PASSED] - verifyElementVisible(findTestObject("Object Repository/AdminSuiteBootstrap_Pages/VT_Bootstrap/Receipt/button_Print")): Object 'Object Repository/AdminSuiteBootstrap_Pages/VT_Bootstrap/Receipt/button_Print' is visible

2022-05-11 19:46:17 - [MESSAGE][PASSED] - Object 'Object Repository/AdminSuiteBootstrap_Pages/VT_Bootstrap/Receipt/button_Print' is visible

2022-05-11 19:46:17 - [TEST_STEP][PASSED] - verifyElementPresent(findTestObject("Object Repository/AdminSuiteBootstrap_Pages/VT_Bootstrap/Receipt/button_Print"), 20): Object 'Object Repository/AdminSuiteBootstrap_Pages/VT_Bootstrap/Receipt/button_Print' is present

2022-05-11 19:46:18 - [MESSAGE][PASSED] - Object 'Object Repository/AdminSuiteBootstrap_Pages/VT_Bootstrap/Receipt/button_Print' is present

2022-05-11 19:46:18 - [TEST_STEP][PASSED] - verifyTextPresent("Remittance ID", true): Text 'Remittance ID' is present on page  using regular expression

2022-05-11 19:46:18 - [MESSAGE][PASSED] - Text 'Remittance ID' is present on page  using regular expression

2022-05-11 19:46:18 - [TEST_STEP][PASSED] - verifyTextPresent("Received", true): Text 'Received' is present on page  using regular expression

2022-05-11 19:46:18 - [MESSAGE][PASSED] - Text 'Received' is present on page  using regular expression

2022-05-11 19:46:18 - [TEST_STEP][PASSED] - verifyTextPresent("UDF1", true): Text 'UDF1' is present on page  using regular expression

2022-05-11 19:46:19 - [MESSAGE][PASSED] - Text 'UDF1' is present on page  using regular expression

2022-05-11 19:46:19 - [TEST_STEP][PASSED] - verifyTextPresent("UDF2", true): Text 'UDF2' is present on page  using regular expression

2022-05-11 19:46:19 - [MESSAGE][PASSED] - Text 'UDF2' is present on page  using regular expression

2022-05-11 19:46:19 - [TEST_STEP][PASSED] - verifyTextPresent("UDF3", true): Text 'UDF3' is present on page  using regular expression

2022-05-11 19:46:19 - [MESSAGE][PASSED] - Text 'UDF3' is present on page  using regular expression

2022-05-11 19:46:19 - [TEST_STEP][PASSED] - verifyTextPresent("UDF4", true): Text 'UDF4' is present on page  using regular expression

2022-05-11 19:46:20 - [MESSAGE][PASSED] - Text 'UDF4' is present on page  using regular expression

2022-05-11 19:46:20 - [TEST_STEP][PASSED] - verifyTextPresent("UDF5", true): Text 'UDF5' is present on page  using regular expression

2022-05-11 19:46:20 - [MESSAGE][PASSED] - Text 'UDF5' is present on page  using regular expression

2022-05-11 19:46:20 - [TEST_STEP][PASSED] - verifyTextPresent("UDF6", true): Text 'UDF6' is present on page  using regular expression

2022-05-11 19:46:20 - [MESSAGE][PASSED] - Text 'UDF6' is present on page  using regular expression

2022-05-11 19:46:20 - [TEST_STEP][PASSED] - verifyTextPresent("UDF7", true): Text 'UDF7' is present on page  using regular expression

2022-05-11 19:46:21 - [MESSAGE][PASSED] - Text 'UDF7' is present on page  using regular expression

2022-05-11 19:46:21 - [TEST_STEP][PASSED] - verifyTextPresent("UDF8", true): Text 'UDF8' is present on page  using regular expression

2022-05-11 19:46:21 - [MESSAGE][PASSED] - Text 'UDF8' is present on page  using regular expression

2022-05-11 19:46:21 - [TEST_STEP][PASSED] - verifyTextPresent("UDF9", true): Text 'UDF9' is present on page  using regular expression

2022-05-11 19:46:21 - [MESSAGE][PASSED] - Text 'UDF9' is present on page  using regular expression

2022-05-11 19:46:21 - [TEST_STEP][PASSED] - verifyTextPresent("UDF 10", true): Text 'UDF 10' is present on page  using regular expression

2022-05-11 19:46:22 - [MESSAGE][PASSED] - Text 'UDF 10' is present on page  using regular expression

2022-05-11 19:46:22 - [TEST_STEP][PASSED] - verifyTextPresent("Delhi", true): Text 'Delhi' is present on page  using regular expression

2022-05-11 19:46:22 - [MESSAGE][PASSED] - Text 'Delhi' is present on page  using regular expression

2022-05-11 19:46:22 - [TEST_STEP][PASSED] - verifyTextPresent("Chennai", true): Text 'Chennai' is present on page  using regular expression

2022-05-11 19:46:22 - [MESSAGE][PASSED] - Text 'Chennai' is present on page  using regular expression

2022-05-11 19:46:22 - [TEST_STEP][PASSED] - verifyTextPresent("Mumbai", true): Text 'Mumbai' is present on page  using regular expression

2022-05-11 19:46:23 - [MESSAGE][PASSED] - Text 'Mumbai' is present on page  using regular expression

2022-05-11 19:46:23 - [TEST_STEP][PASSED] - verifyTextPresent("Kanpur", true): Text 'Kanpur' is present on page  using regular expression

2022-05-11 19:46:23 - [MESSAGE][PASSED] - Text 'Kanpur' is present on page  using regular expression

2022-05-11 19:46:23 - [TEST_STEP][PASSED] - verifyTextPresent("Orange Recorded", true): Text 'Orange Recorded' is present on page  using regular expression

2022-05-11 19:46:23 - [MESSAGE][PASSED] - Text 'Orange Recorded' is present on page  using regular expression

2022-05-11 19:46:23 - [TEST_STEP][PASSED] - verifyTextPresent("Yellow Recorded", true): Text 'Yellow Recorded' is present on page  using regular expression

2022-05-11 19:46:24 - [MESSAGE][PASSED] - Text 'Yellow Recorded' is present on page  using regular expression

2022-05-11 19:46:24 - [TEST_STEP][PASSED] - verifyTextPresent("Kolkata", true): Text 'Kolkata' is present on page  using regular expression

2022-05-11 19:46:24 - [MESSAGE][PASSED] - Text 'Kolkata' is present on page  using regular expression

2022-05-11 19:46:24 - [TEST_STEP][PASSED] - verifyTextPresent("Pune", true): Text 'Pune' is present on page  using regular expression

2022-05-11 19:46:24 - [MESSAGE][PASSED] - Text 'Pune' is present on page  using regular expression

2022-05-11 19:46:24 - [TEST_STEP][PASSED] - verifyTextPresent("Bhavnagar", true): Text 'Bhavnagar' is present on page  using regular expression

2022-05-11 19:46:25 - [MESSAGE][PASSED] - Text 'Bhavnagar' is present on page  using regular expression

2022-05-11 19:46:25 - [TEST_STEP][PASSED] - verifyTextPresent("Noida", true): Text 'Noida' is present on page  using regular expression

2022-05-11 19:46:25 - [MESSAGE][PASSED] - Text 'Noida' is present on page  using regular expression

2022-05-11 19:46:25 - [TEST_STEP][PASSED] - verifyTextPresent("Amount", true): Text 'Amount' is present on page  using regular expression

2022-05-11 19:46:25 - [MESSAGE][PASSED] - Text 'Amount' is present on page  using regular expression

2022-05-11 19:46:25 - [TEST_STEP][PASSED] - verifyTextPresent("2.50", true): Text '2.50' is present on page  using regular expression

2022-05-11 19:46:26 - [MESSAGE][PASSED] - Text '2.50' is present on page  using regular expression

2022-05-11 19:46:26 - [TEST_STEP][PASSED] - verifyTextPresent("Authorization", true): Text 'Authorization' is present on page  using regular expression

2022-05-11 19:46:26 - [MESSAGE][PASSED] - Text 'Authorization' is present on page  using regular expression

2022-05-11 19:46:26 - [TEST_STEP][PASSED] - verifyTextPresent("Card Information", true): Text 'Card Information' is present on page  using regular expression

2022-05-11 19:46:26 - [MESSAGE][PASSED] - Text 'Card Information' is present on page  using regular expression

2022-05-11 19:46:26 - [TEST_STEP][PASSED] - verifyTextPresent("TANDON RAVENA", true): Text 'TANDON RAVENA' is present on page  using regular expression

2022-05-11 19:46:27 - [MESSAGE][PASSED] - Text 'TANDON RAVENA' is present on page  using regular expression

2022-05-11 19:46:27 - [TEST_STEP][PASSED] - verifyTextPresent("Address Line 1", true): Text 'Address Line 1' is present on page  using regular expression

2022-05-11 19:46:27 - [MESSAGE][PASSED] - Text 'Address Line 1' is present on page  using regular expression

2022-05-11 19:46:27 - [TEST_STEP][PASSED] - verifyTextPresent("Address Line 2", true): Text 'Address Line 2' is present on page  using regular expression

2022-05-11 19:46:27 - [MESSAGE][PASSED] - Text 'Address Line 2' is present on page  using regular expression

2022-05-11 19:46:27 - [TEST_STEP][PASSED] - verifyTextPresent("Country", true): Text 'Country' is present on page  using regular expression

2022-05-11 19:46:28 - [MESSAGE][PASSED] - Text 'Country' is present on page  using regular expression

2022-05-11 19:46:28 - [TEST_STEP][PASSED] - verifyTextPresent("City", true): Text 'City' is present on page  using regular expression

2022-05-11 19:46:28 - [MESSAGE][PASSED] - Text 'City' is present on page  using regular expression

2022-05-11 19:46:28 - [TEST_STEP][PASSED] - verifyTextPresent("State", true): Text 'State' is present on page  using regular expression

2022-05-11 19:46:28 - [MESSAGE][PASSED] - Text 'State' is present on page  using regular expression

2022-05-11 19:46:28 - [TEST_STEP][PASSED] - verifyTextPresent("ZIP Code", true): Text 'ZIP Code' is present on page  using regular expression

2022-05-11 19:46:29 - [MESSAGE][PASSED] - Text 'ZIP Code' is present on page  using regular expression

2022-05-11 19:46:29 - [TEST_STEP][PASSED] - verifyTextPresent("248 PhoolKaante road", true): Text '248 PhoolKaante road' is present on page  using regular expression

2022-05-11 19:46:29 - [MESSAGE][PASSED] - Text '248 PhoolKaante road' is present on page  using regular expression

2022-05-11 19:46:29 - [TEST_STEP][PASSED] - verifyTextPresent("Suite 678", true): Text 'Suite 678' is present on page  using regular expression

2022-05-11 19:46:29 - [MESSAGE][PASSED] - Text 'Suite 678' is present on page  using regular expression

2022-05-11 19:46:29 - [TEST_STEP][PASSED] - verifyTextPresent("United States", true): Text 'United States' is present on page  using regular expression

2022-05-11 19:46:30 - [MESSAGE][PASSED] - Text 'United States' is present on page  using regular expression

2022-05-11 19:46:30 - [TEST_STEP][PASSED] - verifyTextPresent("ARLINGTON", true): Text 'ARLINGTON' is present on page  using regular expression

2022-05-11 19:46:30 - [MESSAGE][PASSED] - Text 'ARLINGTON' is present on page  using regular expression

2022-05-11 19:46:30 - [TEST_STEP][PASSED] - verifyTextPresent("VA", true): Text 'VA' is present on page  using regular expression

2022-05-11 19:46:30 - [MESSAGE][PASSED] - Text 'VA' is present on page  using regular expression

2022-05-11 19:46:30 - [TEST_STEP][PASSED] - verifyTextPresent("22201", true): Text '22201' is present on page  using regular expression

2022-05-11 19:46:31 - [MESSAGE][PASSED] - Text '22201' is present on page  using regular expression

2022-05-11 19:46:31 - [TEST_STEP][PASSED] - cardTypeV = findTestData(dataFile).getValue("CardType", row): null

2022-05-11 19:46:31 - [TEST_STEP][PASSED] - last4V = findTestData(dataFile).getValue("Last4", row): null

2022-05-11 19:46:31 - [TEST_STEP][PASSED] - verifyTextPresent(cardTypeV, true): Text 'Visa' is present on page  using regular expression

2022-05-11 19:46:31 - [MESSAGE][PASSED] - Text 'Visa' is present on page  using regular expression

2022-05-11 19:46:31 - [TEST_STEP][PASSED] - verifyTextPresent(last4V, true): Text '5439' is present on page  using regular expression

2022-05-11 19:46:31 - [MESSAGE][PASSED] - Text '5439' is present on page  using regular expression

2022-05-11 19:46:31 - [TEST_STEP][PASSED] - switch (appName): null

2022-05-11 19:46:31 - [TEST_STEP][PASSED] - case "a_Access AutoDualCFtpQA":: null

2022-05-11 19:46:31 - [TEST_STEP][PASSED] - verifyTextPresent("5.00", true): Text '5.00' is present on page  using regular expression

2022-05-11 19:46:32 - [MESSAGE][PASSED] - Text '5.00' is present on page  using regular expression

2022-05-11 19:46:32 - [TEST_STEP][PASSED] - verifyTextPresent("Dual Transaction", true): Text 'Dual Transaction' is present on page  using regular expression

2022-05-11 19:46:32 - [MESSAGE][PASSED] - Text 'Dual Transaction' is present on page  using regular expression

2022-05-11 19:46:32 - [TEST_STEP][PASSED] - verifyTextPresent("7.50", true): Text '7.50' is present on page  using regular expression

2022-05-11 19:46:32 - [MESSAGE][PASSED] - Text '7.50' is present on page  using regular expression

2022-05-11 19:46:32 - [TEST_STEP][PASSED] - verifyTextPresent("Total Amount", true): Text 'Total Amount' is present on page  using regular expression

2022-05-11 19:46:33 - [MESSAGE][PASSED] - Text 'Total Amount' is present on page  using regular expression

2022-05-11 19:46:33 - [TEST_STEP][PASSED] - verifyTextPresent("Transaction Type", true): Text 'Transaction Type' is present on page  using regular expression

2022-05-11 19:46:33 - [MESSAGE][PASSED] - Text 'Transaction Type' is present on page  using regular expression

2022-05-11 19:46:33 - [TEST_STEP][PASSED] - break: null

2022-05-11 19:46:33 - [TEST_STEP][PASSED] - closeBrowser(): Browser is closed

2022-05-11 19:46:34 - [MESSAGE][PASSED] - Browser is closed

2022-05-11 19:46:34 - [TEST_STEP][PASSED] - ExecuteTC = findTestData(dataFile).getValue("Execute", row): null

2022-05-11 19:46:34 - [TEST_STEP][PASSED] - out.println("Value of Execute is : " + ExecuteTC): null

2022-05-11 19:46:34 - [TEST_STEP][PASSED] - switch (executionProfile): null

2022-05-11 19:46:34 - [TEST_STEP][PASSED] - case "QAProfile":: null

2022-05-11 19:46:34 - [TEST_STEP][PASSED] - appName = findTestData(dataFile).getValue("AppNameQA", row): null

2022-05-11 19:46:34 - [TEST_STEP][PASSED] - appID = findTestData(dataFile).getValue("AppIDQA", row): null

2022-05-11 19:46:34 - [TEST_STEP][PASSED] - break: null

2022-05-11 19:46:34 - [TEST_STEP][PASSED] - if (ExecuteTC.equalsIgnoreCase("Y")): null

2022-05-11 19:46:34 - [TEST_STEP][PASSED] - closeBrowser(): Browser is closed

2022-05-11 19:46:34 - [MESSAGE][PASSED] - Browser is closed

2022-05-11 19:46:34 - [TEST_STEP][PASSED] - ExecuteTC = findTestData(dataFile).getValue("Execute", row): null

2022-05-11 19:46:34 - [TEST_STEP][PASSED] - out.println("Value of Execute is : " + ExecuteTC): null

2022-05-11 19:46:34 - [TEST_STEP][PASSED] - switch (executionProfile): null

2022-05-11 19:46:34 - [TEST_STEP][PASSED] - case "QAProfile":: null

2022-05-11 19:46:34 - [TEST_STEP][PASSED] - appName = findTestData(dataFile).getValue("AppNameQA", row): null

2022-05-11 19:46:34 - [TEST_STEP][PASSED] - appID = findTestData(dataFile).getValue("AppIDQA", row): null

2022-05-11 19:46:34 - [TEST_STEP][PASSED] - break: null

2022-05-11 19:46:34 - [TEST_STEP][PASSED] - if (ExecuteTC.equalsIgnoreCase("Y")): null

2022-05-11 19:46:34 - [TEST_STEP][PASSED] - closeBrowser(): Browser is closed

2022-05-11 19:46:34 - [MESSAGE][PASSED] - Browser is closed

2022-05-11 19:46:34 - [TEST_STEP][PASSED] - ExecuteTC = findTestData(dataFile).getValue("Execute", row): null

2022-05-11 19:46:34 - [TEST_STEP][PASSED] - out.println("Value of Execute is : " + ExecuteTC): null

2022-05-11 19:46:34 - [TEST_STEP][PASSED] - switch (executionProfile): null

2022-05-11 19:46:34 - [TEST_STEP][PASSED] - case "QAProfile":: null

2022-05-11 19:46:34 - [TEST_STEP][PASSED] - appName = findTestData(dataFile).getValue("AppNameQA", row): null

2022-05-11 19:46:34 - [TEST_STEP][PASSED] - appID = findTestData(dataFile).getValue("AppIDQA", row): null

2022-05-11 19:46:34 - [TEST_STEP][PASSED] - break: null

2022-05-11 19:46:34 - [TEST_STEP][PASSED] - if (ExecuteTC.equalsIgnoreCase("Y")): null

2022-05-11 19:46:34 - [TEST_STEP][PASSED] - closeBrowser(): Browser is closed

2022-05-11 19:46:34 - [MESSAGE][PASSED] - Browser is closed

2022-05-11 19:46:34 - [TEST_STEP][PASSED] - ExecuteTC = findTestData(dataFile).getValue("Execute", row): null

2022-05-11 19:46:34 - [TEST_STEP][PASSED] - out.println("Value of Execute is : " + ExecuteTC): null

2022-05-11 19:46:34 - [TEST_STEP][PASSED] - switch (executionProfile): null

2022-05-11 19:46:34 - [TEST_STEP][PASSED] - case "QAProfile":: null

2022-05-11 19:46:34 - [TEST_STEP][PASSED] - appName = findTestData(dataFile).getValue("AppNameQA", row): null

2022-05-11 19:46:34 - [TEST_STEP][PASSED] - appID = findTestData(dataFile).getValue("AppIDQA", row): null

2022-05-11 19:46:34 - [TEST_STEP][PASSED] - break: null

2022-05-11 19:46:34 - [TEST_STEP][PASSED] - if (ExecuteTC.equalsIgnoreCase("Y")): null

2022-05-11 19:46:34 - [TEST_STEP][PASSED] - closeBrowser(): Browser is closed

2022-05-11 19:46:34 - [MESSAGE][PASSED] - Browser is closed

2022-05-11 19:46:34 - [TEST_STEP][PASSED] - ExecuteTC = findTestData(dataFile).getValue("Execute", row): null

2022-05-11 19:46:34 - [TEST_STEP][PASSED] - out.println("Value of Execute is : " + ExecuteTC): null

2022-05-11 19:46:34 - [TEST_STEP][PASSED] - switch (executionProfile): null

2022-05-11 19:46:34 - [TEST_STEP][PASSED] - case "QAProfile":: null

2022-05-11 19:46:34 - [TEST_STEP][PASSED] - appName = findTestData(dataFile).getValue("AppNameQA", row): null

2022-05-11 19:46:34 - [TEST_STEP][PASSED] - appID = findTestData(dataFile).getValue("AppIDQA", row): null

2022-05-11 19:46:34 - [TEST_STEP][PASSED] - break: null

2022-05-11 19:46:34 - [TEST_STEP][PASSED] - if (ExecuteTC.equalsIgnoreCase("Y")): null

2022-05-11 19:46:34 - [TEST_STEP][PASSED] - closeBrowser(): Browser is closed

2022-05-11 19:46:34 - [MESSAGE][PASSED] - Browser is closed

2022-05-11 19:46:34 - [TEST_STEP][PASSED] - ExecuteTC = findTestData(dataFile).getValue("Execute", row): null

2022-05-11 19:46:34 - [TEST_STEP][PASSED] - out.println("Value of Execute is : " + ExecuteTC): null

2022-05-11 19:46:34 - [TEST_STEP][PASSED] - switch (executionProfile): null

2022-05-11 19:46:34 - [TEST_STEP][PASSED] - case "QAProfile":: null

2022-05-11 19:46:34 - [TEST_STEP][PASSED] - appName = findTestData(dataFile).getValue("AppNameQA", row): null

2022-05-11 19:46:34 - [TEST_STEP][PASSED] - appID = findTestData(dataFile).getValue("AppIDQA", row): null

2022-05-11 19:46:35 - [TEST_STEP][PASSED] - break: null

2022-05-11 19:46:35 - [TEST_STEP][PASSED] - if (ExecuteTC.equalsIgnoreCase("Y")): null

2022-05-11 19:46:35 - [TEST_STEP][PASSED] - closeBrowser(): Browser is closed

2022-05-11 19:46:35 - [MESSAGE][PASSED] - Browser is closed

2022-05-11 19:46:35 - [TEST_STEP][PASSED] - ExecuteTC = findTestData(dataFile).getValue("Execute", row): null

2022-05-11 19:46:35 - [TEST_STEP][PASSED] - out.println("Value of Execute is : " + ExecuteTC): null

2022-05-11 19:46:35 - [TEST_STEP][PASSED] - switch (executionProfile): null

2022-05-11 19:46:35 - [TEST_STEP][PASSED] - case "QAProfile":: null

2022-05-11 19:46:35 - [TEST_STEP][PASSED] - appName = findTestData(dataFile).getValue("AppNameQA", row): null

2022-05-11 19:46:35 - [TEST_STEP][PASSED] - appID = findTestData(dataFile).getValue("AppIDQA", row): null

2022-05-11 19:46:35 - [TEST_STEP][PASSED] - break: null

2022-05-11 19:46:35 - [TEST_STEP][PASSED] - if (ExecuteTC.equalsIgnoreCase("Y")): null

2022-05-11 19:46:35 - [TEST_STEP][PASSED] - closeBrowser(): Browser is closed

2022-05-11 19:46:35 - [MESSAGE][PASSED] - Browser is closed]]></system-out>
         <system-err><![CDATA[]]></system-err>
      </testcase>
      <system-out><![CDATA[2022-05-11 19:25:19 - [TEST_SUITE][PASSED] - VPS-Payments-TestSuite: Test Cases/Admin Suite Bootstrap/VSP_Payments_TestCases/AuthOnly_TP_AllCF_Generic_Payment_TC]]></system-out>
      <system-err><![CDATA[]]></system-err>
   </testsuite>
</testsuites>
